<?xml version="1.0" encoding="UTF-8"?>
<testsuite xmlns:xsi="http://www.w3.org/2001/XMLSchema-instance" xsi:noNamespaceSchemaLocation="https://maven.apache.org/surefire/maven-surefire-plugin/xsd/surefire-test-report-3.0.xsd" version="3.0" name="org.apache.hadoop.hdds.scm.container.balancer.TestContainerBalancerTask" time="7.451" tests="24" errors="1" skipped="0" failures="0">
  <properties>
    <property name="awt.toolkit" value="sun.awt.X11.XToolkit"/>
    <property name="file.encoding.pkg" value="sun.io"/>
    <property name="java.specification.version" value="1.8"/>
    <property name="sun.cpu.isalist" value=""/>
    <property name="sun.jnu.encoding" value="UTF-8"/>
    <property name="java.class.path" value="/home/runner/work/ozone/ozone/hadoop-hdds/server-scm/target/test-classes:/home/runner/work/ozone/ozone/hadoop-hdds/server-scm/target/classes:/home/runner/work/ozone/ozone/hadoop-hdds/test-utils/target/classes:/home/runner/.m2/repository/com/google/guava/guava/32.0.0-jre/guava-32.0.0-jre.jar:/home/runner/.m2/repository/com/google/guava/failureaccess/1.0.1/failureaccess-1.0.1.jar:/home/runner/.m2/repository/com/google/guava/listenablefuture/9999.0-empty-to-avoid-conflict-with-guava/listenablefuture-9999.0-empty-to-avoid-conflict-with-guava.jar:/home/runner/.m2/repository/org/checkerframework/checker-qual/3.33.0/checker-qual-3.33.0.jar:/home/runner/.m2/repository/com/google/errorprone/error_prone_annotations/2.2.0/error_prone_annotations-2.2.0.jar:/home/runner/.m2/repository/com/google/j2objc/j2objc-annotations/2.8/j2objc-annotations-2.8.jar:/home/runner/.m2/repository/commons-io/commons-io/2.11.0/commons-io-2.11.0.jar:/home/runner/.m2/repository/commons-logging/commons-logging/1.2/commons-logging-1.2.jar:/home/runner/.m2/repository/ch/qos/reload4j/reload4j/1.2.22/reload4j-1.2.22.jar:/home/runner/.m2/repository/org/apache/commons/commons-lang3/3.7/commons-lang3-3.7.jar:/home/runner/.m2/repository/org/slf4j/slf4j-api/1.7.36/slf4j-api-1.7.36.jar:/home/runner/work/ozone/ozone/hadoop-hdds/common/target/classes:/home/runner/work/ozone/ozone/hadoop-hdds/hadoop-dependency-client/target/classes:/home/runner/.m2/repository/info/picocli/picocli/4.6.1/picocli-4.6.1.jar:/home/runner/.m2/repository/com/fasterxml/jackson/core/jackson-annotations/2.13.4/jackson-annotations-2.13.4.jar:/home/runner/.m2/repository/com/fasterxml/jackson/datatype/jackson-datatype-jsr310/2.13.4/jackson-datatype-jsr310-2.13.4.jar:/home/runner/.m2/repository/com/fasterxml/jackson/core/jackson-core/2.13.4/jackson-core-2.13.4.jar:/home/runner/work/ozone/ozone/hadoop-hdds/annotations/target/classes:/home/runner/work/ozone/ozone/hadoop-hdds/config/target/classes:/home/runner/.m2/repository/javax/annotation/javax.annotation-api/1.2/javax.annotation-api-1.2.jar:/home/runner/.m2/repository/org/apache/ratis/ratis-server/2.5.1/ratis-server-2.5.1.jar:/home/runner/.m2/repository/org/apache/ratis/ratis-thirdparty-misc/1.0.4/ratis-thirdparty-misc-1.0.4.jar:/home/runner/.m2/repository/org/apache/ratis/ratis-proto/2.5.1/ratis-proto-2.5.1.jar:/home/runner/.m2/repository/org/apache/ratis/ratis-common/2.5.1/ratis-common-2.5.1.jar:/home/runner/.m2/repository/org/apache/ratis/ratis-client/2.5.1/ratis-client-2.5.1.jar:/home/runner/.m2/repository/org/apache/ratis/ratis-server-api/2.5.1/ratis-server-api-2.5.1.jar:/home/runner/.m2/repository/org/apache/ratis/ratis-metrics/2.5.1/ratis-metrics-2.5.1.jar:/home/runner/.m2/repository/org/apache/ratis/ratis-netty/2.5.1/ratis-netty-2.5.1.jar:/home/runner/.m2/repository/org/apache/ratis/ratis-grpc/2.5.1/ratis-grpc-2.5.1.jar:/home/runner/.m2/repository/org/apache/logging/log4j/log4j-api/2.17.1/log4j-api-2.17.1.jar:/home/runner/.m2/repository/org/apache/commons/commons-pool2/2.6.0/commons-pool2-2.6.0.jar:/home/runner/.m2/repository/org/bouncycastle/bcpkix-jdk15on/1.67/bcpkix-jdk15on-1.67.jar:/home/runner/.m2/repository/commons-validator/commons-validator/1.6/commons-validator-1.6.jar:/home/runner/.m2/repository/commons-beanutils/commons-beanutils/1.9.4/commons-beanutils-1.9.4.jar:/home/runner/.m2/repository/commons-digester/commons-digester/1.8.1/commons-digester-1.8.1.jar:/home/runner/.m2/repository/commons-collections/commons-collections/3.2.2/commons-collections-3.2.2.jar:/home/runner/.m2/repository/io/jaegertracing/jaeger-client/1.6.0/jaeger-client-1.6.0.jar:/home/runner/.m2/repository/io/jaegertracing/jaeger-thrift/1.6.0/jaeger-thrift-1.6.0.jar:/home/runner/.m2/repository/org/apache/thrift/libthrift/0.14.1/libthrift-0.14.1.jar:/home/runner/.m2/repository/io/jaegertracing/jaeger-core/1.6.0/jaeger-core-1.6.0.jar:/home/runner/.m2/repository/io/jaegertracing/jaeger-tracerresolver/1.6.0/jaeger-tracerresolver-1.6.0.jar:/home/runner/.m2/repository/io/opentracing/contrib/opentracing-tracerresolver/0.1.8/opentracing-tracerresolver-0.1.8.jar:/home/runner/.m2/repository/org/jetbrains/kotlin/kotlin-stdlib/1.6.21/kotlin-stdlib-1.6.21.jar:/home/runner/.m2/repository/org/jetbrains/annotations/13.0/annotations-13.0.jar:/home/runner/.m2/repository/io/opentracing/opentracing-util/0.33.0/opentracing-util-0.33.0.jar:/home/runner/.m2/repository/io/opentracing/opentracing-api/0.33.0/opentracing-api-0.33.0.jar:/home/runner/.m2/repository/io/opentracing/opentracing-noop/0.33.0/opentracing-noop-0.33.0.jar:/home/runner/.m2/repository/org/yaml/snakeyaml/2.0/snakeyaml-2.0.jar:/home/runner/.m2/repository/org/reflections/reflections/0.9.11/reflections-0.9.11.jar:/home/runner/.m2/repository/org/javassist/javassist/3.21.0-GA/javassist-3.21.0-GA.jar:/home/runner/work/ozone/ozone/hadoop-hdds/interface-client/target/classes:/home/runner/.m2/repository/org/apache/hadoop/thirdparty/hadoop-shaded-protobuf_3_7/1.1.1/hadoop-shaded-protobuf_3_7-1.1.1.jar:/home/runner/work/ozone/ozone/hadoop-hdds/interface-admin/target/classes:/home/runner/.m2/repository/io/grpc/grpc-api/1.51.1/grpc-api-1.51.1.jar:/home/runner/.m2/repository/io/grpc/grpc-context/1.51.1/grpc-context-1.51.1.jar:/home/runner/work/ozone/ozone/hadoop-hdds/container-service/target/classes:/home/runner/.m2/repository/org/apache/commons/commons-compress/1.21/commons-compress-1.21.jar:/home/runner/.m2/repository/com/github/luben/zstd-jni/1.5.2-5/zstd-jni-1.5.2-5.jar:/home/runner/.m2/repository/commons-codec/commons-codec/1.15/commons-codec-1.15.jar:/home/runner/.m2/repository/javax/xml/bind/jaxb-api/2.3.0/jaxb-api-2.3.0.jar:/home/runner/.m2/repository/org/glassfish/jaxb/jaxb-runtime/2.3.0.1/jaxb-runtime-2.3.0.1.jar:/home/runner/.m2/repository/org/glassfish/jaxb/jaxb-core/2.3.0.1/jaxb-core-2.3.0.1.jar:/home/runner/.m2/repository/org/glassfish/jaxb/txw2/2.3.0.1/txw2-2.3.0.1.jar:/home/runner/.m2/repository/com/sun/istack/istack-commons-runtime/3.0.5/istack-commons-runtime-3.0.5.jar:/home/runner/.m2/repository/org/jvnet/staxex/stax-ex/1.7.8/stax-ex-1.7.8.jar:/home/runner/.m2/repository/com/sun/xml/fastinfoset/FastInfoset/1.2.13/FastInfoset-1.2.13.jar:/home/runner/.m2/repository/io/netty/netty-transport/4.1.86.Final/netty-transport-4.1.86.Final.jar:/home/runner/.m2/repository/io/netty/netty-common/4.1.86.Final/netty-common-4.1.86.Final.jar:/home/runner/.m2/repository/io/netty/netty-buffer/4.1.86.Final/netty-buffer-4.1.86.Final.jar:/home/runner/.m2/repository/io/netty/netty-resolver/4.1.86.Final/netty-resolver-4.1.86.Final.jar:/home/runner/.m2/repository/io/netty/netty-codec/4.1.86.Final/netty-codec-4.1.86.Final.jar:/home/runner/.m2/repository/io/netty/netty-handler/4.1.86.Final/netty-handler-4.1.86.Final.jar:/home/runner/.m2/repository/io/netty/netty-transport-native-unix-common/4.1.86.Final/netty-transport-native-unix-common-4.1.86.Final.jar:/home/runner/work/ozone/ozone/hadoop-hdds/client/target/classes:/home/runner/work/ozone/ozone/hadoop-hdds/erasurecode/target/classes:/home/runner/work/ozone/ozone/hadoop-hdds/hadoop-dependency-server/target/classes:/home/runner/.m2/repository/org/apache/hadoop/hadoop-annotations/3.3.5/hadoop-annotations-3.3.5.jar:/usr/lib/jvm/temurin-8-jdk-amd64/jre/../lib/tools.jar:/home/runner/.m2/repository/org/apache/hadoop/hadoop-common/3.3.5/hadoop-common-3.3.5.jar:/home/runner/.m2/repository/org/apache/hadoop/thirdparty/hadoop-shaded-guava/1.1.1/hadoop-shaded-guava-1.1.1.jar:/home/runner/.m2/repository/org/apache/httpcomponents/httpclient/4.5.13/httpclient-4.5.13.jar:/home/runner/.m2/repository/org/apache/httpcomponents/httpcore/4.4.13/httpcore-4.4.13.jar:/home/runner/.m2/repository/commons-net/commons-net/3.9.0/commons-net-3.9.0.jar:/home/runner/.m2/repository/javax/servlet/javax.servlet-api/3.1.0/javax.servlet-api-3.1.0.jar:/home/runner/.m2/repository/jakarta/activation/jakarta.activation-api/1.2.2/jakarta.activation-api-1.2.2.jar:/home/runner/.m2/repository/javax/servlet/jsp/jsp-api/2.1/jsp-api-2.1.jar:/home/runner/.m2/repository/com/sun/jersey/jersey-core/1.19/jersey-core-1.19.jar:/home/runner/.m2/repository/javax/ws/rs/jsr311-api/1.1.1/jsr311-api-1.1.1.jar:/home/runner/.m2/repository/com/sun/jersey/jersey-servlet/1.19/jersey-servlet-1.19.jar:/home/runner/.m2/repository/com/sun/jersey/jersey-server/1.19/jersey-server-1.19.jar:/home/runner/.m2/repository/com/google/re2j/re2j/1.1/re2j-1.1.jar:/home/runner/.m2/repository/com/google/code/gson/gson/2.9.0/gson-2.9.0.jar:/home/runner/.m2/repository/org/apache/hadoop/hadoop-auth/3.3.5/hadoop-auth-3.3.5.jar:/home/runner/.m2/repository/com/nimbusds/nimbus-jose-jwt/9.8.1/nimbus-jose-jwt-9.8.1.jar:/home/runner/.m2/repository/com/github/stephenc/jcip/jcip-annotations/1.0-1/jcip-annotations-1.0-1.jar:/home/runner/.m2/repository/net/minidev/json-smart/2.4.7/json-smart-2.4.7.jar:/home/runner/.m2/repository/net/minidev/accessors-smart/2.4.7/accessors-smart-2.4.7.jar:/home/runner/.m2/repository/org/ow2/asm/asm/5.0.4/asm-5.0.4.jar:/home/runner/.m2/repository/com/jcraft/jsch/0.1.54/jsch-0.1.54.jar:/home/runner/.m2/repository/org/apache/kerby/kerb-core/1.0.1/kerb-core-1.0.1.jar:/home/runner/.m2/repository/org/apache/kerby/kerby-pkix/1.0.1/kerby-pkix-1.0.1.jar:/home/runner/.m2/repository/org/apache/kerby/kerby-asn1/1.0.1/kerby-asn1-1.0.1.jar:/home/runner/.m2/repository/org/apache/kerby/kerby-util/1.0.1/kerby-util-1.0.1.jar:/home/runner/.m2/repository/org/codehaus/woodstox/stax2-api/4.2.1/stax2-api-4.2.1.jar:/home/runner/.m2/repository/com/fasterxml/woodstox/woodstox-core/5.4.0/woodstox-core-5.4.0.jar:/home/runner/.m2/repository/dnsjava/dnsjava/2.1.7/dnsjava-2.1.7.jar:/home/runner/.m2/repository/org/xerial/snappy/snappy-java/1.1.8.2/snappy-java-1.1.8.2.jar:/home/runner/.m2/repository/commons-cli/commons-cli/1.2/commons-cli-1.2.jar:/home/runner/.m2/repository/org/apache/hadoop/hadoop-hdfs/3.3.5/hadoop-hdfs-3.3.5.jar:/home/runner/.m2/repository/org/eclipse/jetty/jetty-util-ajax/9.4.51.v20230217/jetty-util-ajax-9.4.51.v20230217.jar:/home/runner/.m2/repository/commons-daemon/commons-daemon/1.0.13/commons-daemon-1.0.13.jar:/home/runner/work/ozone/ozone/hadoop-hdds/framework/target/classes:/home/runner/work/ozone/ozone/hadoop-hdds/interface-server/target/classes:/home/runner/work/ozone/ozone/hadoop-hdds/managed-rocksdb/target/classes:/home/runner/.m2/repository/org/rocksdb/rocksdbjni/7.7.3/rocksdbjni-7.7.3.jar:/home/runner/.m2/repository/org/slf4j/slf4j-reload4j/1.7.36/slf4j-reload4j-1.7.36.jar:/home/runner/.m2/repository/org/apache/commons/commons-configuration2/2.1.1/commons-configuration2-2.1.1.jar:/home/runner/.m2/repository/commons-fileupload/commons-fileupload/1.5/commons-fileupload-1.5.jar:/home/runner/.m2/repository/org/apache/logging/log4j/log4j-core/2.17.1/log4j-core-2.17.1.jar:/home/runner/.m2/repository/com/lmax/disruptor/3.4.2/disruptor-3.4.2.jar:/home/runner/.m2/repository/org/eclipse/jetty/jetty-util/9.4.51.v20230217/jetty-util-9.4.51.v20230217.jar:/home/runner/.m2/repository/org/eclipse/jetty/jetty-server/9.4.51.v20230217/jetty-server-9.4.51.v20230217.jar:/home/runner/.m2/repository/org/eclipse/jetty/jetty-http/9.4.51.v20230217/jetty-http-9.4.51.v20230217.jar:/home/runner/.m2/repository/org/eclipse/jetty/jetty-io/9.4.51.v20230217/jetty-io-9.4.51.v20230217.jar:/home/runner/.m2/repository/org/eclipse/jetty/jetty-servlet/9.4.51.v20230217/jetty-servlet-9.4.51.v20230217.jar:/home/runner/.m2/repository/org/eclipse/jetty/jetty-security/9.4.51.v20230217/jetty-security-9.4.51.v20230217.jar:/home/runner/.m2/repository/org/eclipse/jetty/jetty-webapp/9.4.51.v20230217/jetty-webapp-9.4.51.v20230217.jar:/home/runner/.m2/repository/org/eclipse/jetty/jetty-xml/9.4.51.v20230217/jetty-xml-9.4.51.v20230217.jar:/home/runner/.m2/repository/io/prometheus/simpleclient_dropwizard/0.7.0/simpleclient_dropwizard-0.7.0.jar:/home/runner/.m2/repository/io/prometheus/simpleclient/0.7.0/simpleclient-0.7.0.jar:/home/runner/.m2/repository/io/prometheus/simpleclient_common/0.7.0/simpleclient_common-0.7.0.jar:/home/runner/work/ozone/ozone/hadoop-hdds/rocksdb-checkpoint-differ/target/classes:/home/runner/work/ozone/ozone/hadoop-hdds/rocks-native/target/classes:/home/runner/.m2/repository/org/awaitility/awaitility/4.2.0/awaitility-4.2.0.jar:/home/runner/.m2/repository/org/hamcrest/hamcrest/2.1/hamcrest-2.1.jar:/home/runner/work/ozone/ozone/hadoop-hdds/docs/target/classes:/home/runner/.m2/repository/io/dropwizard/metrics/metrics-core/3.2.4/metrics-core-3.2.4.jar:/home/runner/.m2/repository/com/github/spotbugs/spotbugs-annotations/3.1.12/spotbugs-annotations-3.1.12.jar:/home/runner/.m2/repository/com/google/code/findbugs/jsr305/3.0.0/jsr305-3.0.0.jar:/home/runner/.m2/repository/org/apache/commons/commons-math3/3.1.1/commons-math3-3.1.1.jar:/home/runner/.m2/repository/org/apache/commons/commons-text/1.10.0/commons-text-1.10.0.jar:/home/runner/.m2/repository/org/apache/hadoop/hadoop-hdfs-client/3.3.5/hadoop-hdfs-client-3.3.5.jar:/home/runner/.m2/repository/com/squareup/okhttp3/okhttp/4.9.3/okhttp-4.9.3.jar:/home/runner/.m2/repository/com/squareup/okio/okio/2.8.0/okio-2.8.0.jar:/home/runner/.m2/repository/org/jetbrains/kotlin/kotlin-stdlib-common/1.6.21/kotlin-stdlib-common-1.6.21.jar:/home/runner/.m2/repository/com/fasterxml/jackson/core/jackson-databind/2.13.4.2/jackson-databind-2.13.4.2.jar:/home/runner/work/ozone/ozone/hadoop-hdds/container-service/target/test-classes:/home/runner/work/ozone/ozone/hadoop-hdds/common/target/test-classes:/home/runner/.m2/repository/org/hamcrest/hamcrest-core/1.3/hamcrest-core-1.3.jar:/home/runner/.m2/repository/org/assertj/assertj-core/3.12.2/assertj-core-3.12.2.jar:/home/runner/.m2/repository/org/mockito/mockito-core/3.5.9/mockito-core-3.5.9.jar:/home/runner/.m2/repository/net/bytebuddy/byte-buddy/1.10.13/byte-buddy-1.10.13.jar:/home/runner/.m2/repository/net/bytebuddy/byte-buddy-agent/1.10.13/byte-buddy-agent-1.10.13.jar:/home/runner/.m2/repository/org/objenesis/objenesis/1.0/objenesis-1.0.jar:/home/runner/.m2/repository/org/hamcrest/hamcrest-all/1.3/hamcrest-all-1.3.jar:/home/runner/.m2/repository/org/bouncycastle/bcprov-jdk15on/1.67/bcprov-jdk15on-1.67.jar:/home/runner/work/ozone/ozone/hadoop-hdds/hadoop-dependency-test/target/classes:/home/runner/.m2/repository/org/apache/hadoop/hadoop-common/3.3.5/hadoop-common-3.3.5-tests.jar:/home/runner/.m2/repository/org/apache/hadoop/hadoop-hdfs/3.3.5/hadoop-hdfs-3.3.5-tests.jar:/home/runner/.m2/repository/com/google/protobuf/protobuf-java/2.5.0/protobuf-java-2.5.0.jar:/home/runner/.m2/repository/org/junit/jupiter/junit-jupiter-api/5.8.2/junit-jupiter-api-5.8.2.jar:/home/runner/.m2/repository/org/opentest4j/opentest4j/1.2.0/opentest4j-1.2.0.jar:/home/runner/.m2/repository/org/junit/platform/junit-platform-commons/1.8.2/junit-platform-commons-1.8.2.jar:/home/runner/.m2/repository/org/apiguardian/apiguardian-api/1.1.2/apiguardian-api-1.1.2.jar:/home/runner/.m2/repository/org/junit/jupiter/junit-jupiter-engine/5.8.2/junit-jupiter-engine-5.8.2.jar:/home/runner/.m2/repository/org/junit/platform/junit-platform-engine/1.8.2/junit-platform-engine-1.8.2.jar:/home/runner/.m2/repository/org/junit/vintage/junit-vintage-engine/5.8.2/junit-vintage-engine-5.8.2.jar:/home/runner/.m2/repository/org/junit/platform/junit-platform-launcher/1.8.2/junit-platform-launcher-1.8.2.jar:/home/runner/.m2/repository/org/junit/jupiter/junit-jupiter-params/5.8.2/junit-jupiter-params-5.8.2.jar:/home/runner/.m2/repository/junit/junit/4.13.1/junit-4.13.1.jar:"/>
    <property name="java.vm.vendor" value="Temurin"/>
    <property name="sun.arch.data.model" value="64"/>
    <property name="test.build.dir" value="/home/runner/work/ozone/ozone/hadoop-hdds/server-scm/target/test-dir"/>
    <property name="test.cache.data" value=""/>
    <property name="java.vendor.url" value="https://adoptium.net/"/>
    <property name="user.timezone" value="Etc/UTC"/>
    <property name="java.vm.specification.version" value="1.8"/>
    <property name="os.name" value="Linux"/>
    <property name="test.build.data" value="/home/runner/work/ozone/ozone/hadoop-hdds/server-scm/target/test-dir"/>
    <property name="sun.java.launcher" value="SUN_STANDARD"/>
    <property name="sun.boot.library.path" value="/usr/lib/jvm/temurin-8-jdk-amd64/jre/lib/amd64"/>
    <property name="sun.java.command" value="/home/runner/work/ozone/ozone/hadoop-hdds/server-scm/target/surefire/surefirebooter8387362503766769864.jar /home/runner/work/ozone/ozone/hadoop-hdds/server-scm/target/surefire 2023-06-21T17-08-28_677-jvmRun1 surefire3666556534550831242tmp surefire_2623501872529500820911tmp"/>
    <property name="native.lib.tmp.dir" value="/tmp"/>
    <property name="surefire.test.class.path" value="/home/runner/work/ozone/ozone/hadoop-hdds/server-scm/target/test-classes:/home/runner/work/ozone/ozone/hadoop-hdds/server-scm/target/classes:/home/runner/work/ozone/ozone/hadoop-hdds/test-utils/target/classes:/home/runner/.m2/repository/com/google/guava/guava/32.0.0-jre/guava-32.0.0-jre.jar:/home/runner/.m2/repository/com/google/guava/failureaccess/1.0.1/failureaccess-1.0.1.jar:/home/runner/.m2/repository/com/google/guava/listenablefuture/9999.0-empty-to-avoid-conflict-with-guava/listenablefuture-9999.0-empty-to-avoid-conflict-with-guava.jar:/home/runner/.m2/repository/org/checkerframework/checker-qual/3.33.0/checker-qual-3.33.0.jar:/home/runner/.m2/repository/com/google/errorprone/error_prone_annotations/2.2.0/error_prone_annotations-2.2.0.jar:/home/runner/.m2/repository/com/google/j2objc/j2objc-annotations/2.8/j2objc-annotations-2.8.jar:/home/runner/.m2/repository/commons-io/commons-io/2.11.0/commons-io-2.11.0.jar:/home/runner/.m2/repository/commons-logging/commons-logging/1.2/commons-logging-1.2.jar:/home/runner/.m2/repository/ch/qos/reload4j/reload4j/1.2.22/reload4j-1.2.22.jar:/home/runner/.m2/repository/org/apache/commons/commons-lang3/3.7/commons-lang3-3.7.jar:/home/runner/.m2/repository/org/slf4j/slf4j-api/1.7.36/slf4j-api-1.7.36.jar:/home/runner/work/ozone/ozone/hadoop-hdds/common/target/classes:/home/runner/work/ozone/ozone/hadoop-hdds/hadoop-dependency-client/target/classes:/home/runner/.m2/repository/info/picocli/picocli/4.6.1/picocli-4.6.1.jar:/home/runner/.m2/repository/com/fasterxml/jackson/core/jackson-annotations/2.13.4/jackson-annotations-2.13.4.jar:/home/runner/.m2/repository/com/fasterxml/jackson/datatype/jackson-datatype-jsr310/2.13.4/jackson-datatype-jsr310-2.13.4.jar:/home/runner/.m2/repository/com/fasterxml/jackson/core/jackson-core/2.13.4/jackson-core-2.13.4.jar:/home/runner/work/ozone/ozone/hadoop-hdds/annotations/target/classes:/home/runner/work/ozone/ozone/hadoop-hdds/config/target/classes:/home/runner/.m2/repository/javax/annotation/javax.annotation-api/1.2/javax.annotation-api-1.2.jar:/home/runner/.m2/repository/org/apache/ratis/ratis-server/2.5.1/ratis-server-2.5.1.jar:/home/runner/.m2/repository/org/apache/ratis/ratis-thirdparty-misc/1.0.4/ratis-thirdparty-misc-1.0.4.jar:/home/runner/.m2/repository/org/apache/ratis/ratis-proto/2.5.1/ratis-proto-2.5.1.jar:/home/runner/.m2/repository/org/apache/ratis/ratis-common/2.5.1/ratis-common-2.5.1.jar:/home/runner/.m2/repository/org/apache/ratis/ratis-client/2.5.1/ratis-client-2.5.1.jar:/home/runner/.m2/repository/org/apache/ratis/ratis-server-api/2.5.1/ratis-server-api-2.5.1.jar:/home/runner/.m2/repository/org/apache/ratis/ratis-metrics/2.5.1/ratis-metrics-2.5.1.jar:/home/runner/.m2/repository/org/apache/ratis/ratis-netty/2.5.1/ratis-netty-2.5.1.jar:/home/runner/.m2/repository/org/apache/ratis/ratis-grpc/2.5.1/ratis-grpc-2.5.1.jar:/home/runner/.m2/repository/org/apache/logging/log4j/log4j-api/2.17.1/log4j-api-2.17.1.jar:/home/runner/.m2/repository/org/apache/commons/commons-pool2/2.6.0/commons-pool2-2.6.0.jar:/home/runner/.m2/repository/org/bouncycastle/bcpkix-jdk15on/1.67/bcpkix-jdk15on-1.67.jar:/home/runner/.m2/repository/commons-validator/commons-validator/1.6/commons-validator-1.6.jar:/home/runner/.m2/repository/commons-beanutils/commons-beanutils/1.9.4/commons-beanutils-1.9.4.jar:/home/runner/.m2/repository/commons-digester/commons-digester/1.8.1/commons-digester-1.8.1.jar:/home/runner/.m2/repository/commons-collections/commons-collections/3.2.2/commons-collections-3.2.2.jar:/home/runner/.m2/repository/io/jaegertracing/jaeger-client/1.6.0/jaeger-client-1.6.0.jar:/home/runner/.m2/repository/io/jaegertracing/jaeger-thrift/1.6.0/jaeger-thrift-1.6.0.jar:/home/runner/.m2/repository/org/apache/thrift/libthrift/0.14.1/libthrift-0.14.1.jar:/home/runner/.m2/repository/io/jaegertracing/jaeger-core/1.6.0/jaeger-core-1.6.0.jar:/home/runner/.m2/repository/io/jaegertracing/jaeger-tracerresolver/1.6.0/jaeger-tracerresolver-1.6.0.jar:/home/runner/.m2/repository/io/opentracing/contrib/opentracing-tracerresolver/0.1.8/opentracing-tracerresolver-0.1.8.jar:/home/runner/.m2/repository/org/jetbrains/kotlin/kotlin-stdlib/1.6.21/kotlin-stdlib-1.6.21.jar:/home/runner/.m2/repository/org/jetbrains/annotations/13.0/annotations-13.0.jar:/home/runner/.m2/repository/io/opentracing/opentracing-util/0.33.0/opentracing-util-0.33.0.jar:/home/runner/.m2/repository/io/opentracing/opentracing-api/0.33.0/opentracing-api-0.33.0.jar:/home/runner/.m2/repository/io/opentracing/opentracing-noop/0.33.0/opentracing-noop-0.33.0.jar:/home/runner/.m2/repository/org/yaml/snakeyaml/2.0/snakeyaml-2.0.jar:/home/runner/.m2/repository/org/reflections/reflections/0.9.11/reflections-0.9.11.jar:/home/runner/.m2/repository/org/javassist/javassist/3.21.0-GA/javassist-3.21.0-GA.jar:/home/runner/work/ozone/ozone/hadoop-hdds/interface-client/target/classes:/home/runner/.m2/repository/org/apache/hadoop/thirdparty/hadoop-shaded-protobuf_3_7/1.1.1/hadoop-shaded-protobuf_3_7-1.1.1.jar:/home/runner/work/ozone/ozone/hadoop-hdds/interface-admin/target/classes:/home/runner/.m2/repository/io/grpc/grpc-api/1.51.1/grpc-api-1.51.1.jar:/home/runner/.m2/repository/io/grpc/grpc-context/1.51.1/grpc-context-1.51.1.jar:/home/runner/work/ozone/ozone/hadoop-hdds/container-service/target/classes:/home/runner/.m2/repository/org/apache/commons/commons-compress/1.21/commons-compress-1.21.jar:/home/runner/.m2/repository/com/github/luben/zstd-jni/1.5.2-5/zstd-jni-1.5.2-5.jar:/home/runner/.m2/repository/commons-codec/commons-codec/1.15/commons-codec-1.15.jar:/home/runner/.m2/repository/javax/xml/bind/jaxb-api/2.3.0/jaxb-api-2.3.0.jar:/home/runner/.m2/repository/org/glassfish/jaxb/jaxb-runtime/2.3.0.1/jaxb-runtime-2.3.0.1.jar:/home/runner/.m2/repository/org/glassfish/jaxb/jaxb-core/2.3.0.1/jaxb-core-2.3.0.1.jar:/home/runner/.m2/repository/org/glassfish/jaxb/txw2/2.3.0.1/txw2-2.3.0.1.jar:/home/runner/.m2/repository/com/sun/istack/istack-commons-runtime/3.0.5/istack-commons-runtime-3.0.5.jar:/home/runner/.m2/repository/org/jvnet/staxex/stax-ex/1.7.8/stax-ex-1.7.8.jar:/home/runner/.m2/repository/com/sun/xml/fastinfoset/FastInfoset/1.2.13/FastInfoset-1.2.13.jar:/home/runner/.m2/repository/io/netty/netty-transport/4.1.86.Final/netty-transport-4.1.86.Final.jar:/home/runner/.m2/repository/io/netty/netty-common/4.1.86.Final/netty-common-4.1.86.Final.jar:/home/runner/.m2/repository/io/netty/netty-buffer/4.1.86.Final/netty-buffer-4.1.86.Final.jar:/home/runner/.m2/repository/io/netty/netty-resolver/4.1.86.Final/netty-resolver-4.1.86.Final.jar:/home/runner/.m2/repository/io/netty/netty-codec/4.1.86.Final/netty-codec-4.1.86.Final.jar:/home/runner/.m2/repository/io/netty/netty-handler/4.1.86.Final/netty-handler-4.1.86.Final.jar:/home/runner/.m2/repository/io/netty/netty-transport-native-unix-common/4.1.86.Final/netty-transport-native-unix-common-4.1.86.Final.jar:/home/runner/work/ozone/ozone/hadoop-hdds/client/target/classes:/home/runner/work/ozone/ozone/hadoop-hdds/erasurecode/target/classes:/home/runner/work/ozone/ozone/hadoop-hdds/hadoop-dependency-server/target/classes:/home/runner/.m2/repository/org/apache/hadoop/hadoop-annotations/3.3.5/hadoop-annotations-3.3.5.jar:/usr/lib/jvm/temurin-8-jdk-amd64/jre/../lib/tools.jar:/home/runner/.m2/repository/org/apache/hadoop/hadoop-common/3.3.5/hadoop-common-3.3.5.jar:/home/runner/.m2/repository/org/apache/hadoop/thirdparty/hadoop-shaded-guava/1.1.1/hadoop-shaded-guava-1.1.1.jar:/home/runner/.m2/repository/org/apache/httpcomponents/httpclient/4.5.13/httpclient-4.5.13.jar:/home/runner/.m2/repository/org/apache/httpcomponents/httpcore/4.4.13/httpcore-4.4.13.jar:/home/runner/.m2/repository/commons-net/commons-net/3.9.0/commons-net-3.9.0.jar:/home/runner/.m2/repository/javax/servlet/javax.servlet-api/3.1.0/javax.servlet-api-3.1.0.jar:/home/runner/.m2/repository/jakarta/activation/jakarta.activation-api/1.2.2/jakarta.activation-api-1.2.2.jar:/home/runner/.m2/repository/javax/servlet/jsp/jsp-api/2.1/jsp-api-2.1.jar:/home/runner/.m2/repository/com/sun/jersey/jersey-core/1.19/jersey-core-1.19.jar:/home/runner/.m2/repository/javax/ws/rs/jsr311-api/1.1.1/jsr311-api-1.1.1.jar:/home/runner/.m2/repository/com/sun/jersey/jersey-servlet/1.19/jersey-servlet-1.19.jar:/home/runner/.m2/repository/com/sun/jersey/jersey-server/1.19/jersey-server-1.19.jar:/home/runner/.m2/repository/com/google/re2j/re2j/1.1/re2j-1.1.jar:/home/runner/.m2/repository/com/google/code/gson/gson/2.9.0/gson-2.9.0.jar:/home/runner/.m2/repository/org/apache/hadoop/hadoop-auth/3.3.5/hadoop-auth-3.3.5.jar:/home/runner/.m2/repository/com/nimbusds/nimbus-jose-jwt/9.8.1/nimbus-jose-jwt-9.8.1.jar:/home/runner/.m2/repository/com/github/stephenc/jcip/jcip-annotations/1.0-1/jcip-annotations-1.0-1.jar:/home/runner/.m2/repository/net/minidev/json-smart/2.4.7/json-smart-2.4.7.jar:/home/runner/.m2/repository/net/minidev/accessors-smart/2.4.7/accessors-smart-2.4.7.jar:/home/runner/.m2/repository/org/ow2/asm/asm/5.0.4/asm-5.0.4.jar:/home/runner/.m2/repository/com/jcraft/jsch/0.1.54/jsch-0.1.54.jar:/home/runner/.m2/repository/org/apache/kerby/kerb-core/1.0.1/kerb-core-1.0.1.jar:/home/runner/.m2/repository/org/apache/kerby/kerby-pkix/1.0.1/kerby-pkix-1.0.1.jar:/home/runner/.m2/repository/org/apache/kerby/kerby-asn1/1.0.1/kerby-asn1-1.0.1.jar:/home/runner/.m2/repository/org/apache/kerby/kerby-util/1.0.1/kerby-util-1.0.1.jar:/home/runner/.m2/repository/org/codehaus/woodstox/stax2-api/4.2.1/stax2-api-4.2.1.jar:/home/runner/.m2/repository/com/fasterxml/woodstox/woodstox-core/5.4.0/woodstox-core-5.4.0.jar:/home/runner/.m2/repository/dnsjava/dnsjava/2.1.7/dnsjava-2.1.7.jar:/home/runner/.m2/repository/org/xerial/snappy/snappy-java/1.1.8.2/snappy-java-1.1.8.2.jar:/home/runner/.m2/repository/commons-cli/commons-cli/1.2/commons-cli-1.2.jar:/home/runner/.m2/repository/org/apache/hadoop/hadoop-hdfs/3.3.5/hadoop-hdfs-3.3.5.jar:/home/runner/.m2/repository/org/eclipse/jetty/jetty-util-ajax/9.4.51.v20230217/jetty-util-ajax-9.4.51.v20230217.jar:/home/runner/.m2/repository/commons-daemon/commons-daemon/1.0.13/commons-daemon-1.0.13.jar:/home/runner/work/ozone/ozone/hadoop-hdds/framework/target/classes:/home/runner/work/ozone/ozone/hadoop-hdds/interface-server/target/classes:/home/runner/work/ozone/ozone/hadoop-hdds/managed-rocksdb/target/classes:/home/runner/.m2/repository/org/rocksdb/rocksdbjni/7.7.3/rocksdbjni-7.7.3.jar:/home/runner/.m2/repository/org/slf4j/slf4j-reload4j/1.7.36/slf4j-reload4j-1.7.36.jar:/home/runner/.m2/repository/org/apache/commons/commons-configuration2/2.1.1/commons-configuration2-2.1.1.jar:/home/runner/.m2/repository/commons-fileupload/commons-fileupload/1.5/commons-fileupload-1.5.jar:/home/runner/.m2/repository/org/apache/logging/log4j/log4j-core/2.17.1/log4j-core-2.17.1.jar:/home/runner/.m2/repository/com/lmax/disruptor/3.4.2/disruptor-3.4.2.jar:/home/runner/.m2/repository/org/eclipse/jetty/jetty-util/9.4.51.v20230217/jetty-util-9.4.51.v20230217.jar:/home/runner/.m2/repository/org/eclipse/jetty/jetty-server/9.4.51.v20230217/jetty-server-9.4.51.v20230217.jar:/home/runner/.m2/repository/org/eclipse/jetty/jetty-http/9.4.51.v20230217/jetty-http-9.4.51.v20230217.jar:/home/runner/.m2/repository/org/eclipse/jetty/jetty-io/9.4.51.v20230217/jetty-io-9.4.51.v20230217.jar:/home/runner/.m2/repository/org/eclipse/jetty/jetty-servlet/9.4.51.v20230217/jetty-servlet-9.4.51.v20230217.jar:/home/runner/.m2/repository/org/eclipse/jetty/jetty-security/9.4.51.v20230217/jetty-security-9.4.51.v20230217.jar:/home/runner/.m2/repository/org/eclipse/jetty/jetty-webapp/9.4.51.v20230217/jetty-webapp-9.4.51.v20230217.jar:/home/runner/.m2/repository/org/eclipse/jetty/jetty-xml/9.4.51.v20230217/jetty-xml-9.4.51.v20230217.jar:/home/runner/.m2/repository/io/prometheus/simpleclient_dropwizard/0.7.0/simpleclient_dropwizard-0.7.0.jar:/home/runner/.m2/repository/io/prometheus/simpleclient/0.7.0/simpleclient-0.7.0.jar:/home/runner/.m2/repository/io/prometheus/simpleclient_common/0.7.0/simpleclient_common-0.7.0.jar:/home/runner/work/ozone/ozone/hadoop-hdds/rocksdb-checkpoint-differ/target/classes:/home/runner/work/ozone/ozone/hadoop-hdds/rocks-native/target/classes:/home/runner/.m2/repository/org/awaitility/awaitility/4.2.0/awaitility-4.2.0.jar:/home/runner/.m2/repository/org/hamcrest/hamcrest/2.1/hamcrest-2.1.jar:/home/runner/work/ozone/ozone/hadoop-hdds/docs/target/classes:/home/runner/.m2/repository/io/dropwizard/metrics/metrics-core/3.2.4/metrics-core-3.2.4.jar:/home/runner/.m2/repository/com/github/spotbugs/spotbugs-annotations/3.1.12/spotbugs-annotations-3.1.12.jar:/home/runner/.m2/repository/com/google/code/findbugs/jsr305/3.0.0/jsr305-3.0.0.jar:/home/runner/.m2/repository/org/apache/commons/commons-math3/3.1.1/commons-math3-3.1.1.jar:/home/runner/.m2/repository/org/apache/commons/commons-text/1.10.0/commons-text-1.10.0.jar:/home/runner/.m2/repository/org/apache/hadoop/hadoop-hdfs-client/3.3.5/hadoop-hdfs-client-3.3.5.jar:/home/runner/.m2/repository/com/squareup/okhttp3/okhttp/4.9.3/okhttp-4.9.3.jar:/home/runner/.m2/repository/com/squareup/okio/okio/2.8.0/okio-2.8.0.jar:/home/runner/.m2/repository/org/jetbrains/kotlin/kotlin-stdlib-common/1.6.21/kotlin-stdlib-common-1.6.21.jar:/home/runner/.m2/repository/com/fasterxml/jackson/core/jackson-databind/2.13.4.2/jackson-databind-2.13.4.2.jar:/home/runner/work/ozone/ozone/hadoop-hdds/container-service/target/test-classes:/home/runner/work/ozone/ozone/hadoop-hdds/common/target/test-classes:/home/runner/.m2/repository/org/hamcrest/hamcrest-core/1.3/hamcrest-core-1.3.jar:/home/runner/.m2/repository/org/assertj/assertj-core/3.12.2/assertj-core-3.12.2.jar:/home/runner/.m2/repository/org/mockito/mockito-core/3.5.9/mockito-core-3.5.9.jar:/home/runner/.m2/repository/net/bytebuddy/byte-buddy/1.10.13/byte-buddy-1.10.13.jar:/home/runner/.m2/repository/net/bytebuddy/byte-buddy-agent/1.10.13/byte-buddy-agent-1.10.13.jar:/home/runner/.m2/repository/org/objenesis/objenesis/1.0/objenesis-1.0.jar:/home/runner/.m2/repository/org/hamcrest/hamcrest-all/1.3/hamcrest-all-1.3.jar:/home/runner/.m2/repository/org/bouncycastle/bcprov-jdk15on/1.67/bcprov-jdk15on-1.67.jar:/home/runner/work/ozone/ozone/hadoop-hdds/hadoop-dependency-test/target/classes:/home/runner/.m2/repository/org/apache/hadoop/hadoop-common/3.3.5/hadoop-common-3.3.5-tests.jar:/home/runner/.m2/repository/org/apache/hadoop/hadoop-hdfs/3.3.5/hadoop-hdfs-3.3.5-tests.jar:/home/runner/.m2/repository/com/google/protobuf/protobuf-java/2.5.0/protobuf-java-2.5.0.jar:/home/runner/.m2/repository/org/junit/jupiter/junit-jupiter-api/5.8.2/junit-jupiter-api-5.8.2.jar:/home/runner/.m2/repository/org/opentest4j/opentest4j/1.2.0/opentest4j-1.2.0.jar:/home/runner/.m2/repository/org/junit/platform/junit-platform-commons/1.8.2/junit-platform-commons-1.8.2.jar:/home/runner/.m2/repository/org/apiguardian/apiguardian-api/1.1.2/apiguardian-api-1.1.2.jar:/home/runner/.m2/repository/org/junit/jupiter/junit-jupiter-engine/5.8.2/junit-jupiter-engine-5.8.2.jar:/home/runner/.m2/repository/org/junit/platform/junit-platform-engine/1.8.2/junit-platform-engine-1.8.2.jar:/home/runner/.m2/repository/org/junit/vintage/junit-vintage-engine/5.8.2/junit-vintage-engine-5.8.2.jar:/home/runner/.m2/repository/org/junit/platform/junit-platform-launcher/1.8.2/junit-platform-launcher-1.8.2.jar:/home/runner/.m2/repository/org/junit/jupiter/junit-jupiter-params/5.8.2/junit-jupiter-params-5.8.2.jar:/home/runner/.m2/repository/junit/junit/4.13.1/junit-4.13.1.jar:"/>
    <property name="sun.cpu.endian" value="little"/>
    <property name="user.home" value="/home/runner"/>
    <property name="user.language" value="en"/>
    <property name="java.specification.vendor" value="Oracle Corporation"/>
    <property name="java.home" value="/usr/lib/jvm/temurin-8-jdk-amd64/jre"/>
    <property name="java.security.krb5.conf" value="/home/runner/work/ozone/ozone/hadoop-hdds/server-scm/target/test-classes/krb5.conf"/>
    <property name="basedir" value="/home/runner/work/ozone/ozone/hadoop-hdds/server-scm"/>
    <property name="file.separator" value="/"/>
    <property name="line.separator" value="&#10;"/>
    <property name="java.vm.specification.vendor" value="Oracle Corporation"/>
    <property name="java.specification.name" value="Java Platform API Specification"/>
    <property name="java.awt.graphicsenv" value="sun.awt.X11GraphicsEnvironment"/>
    <property name="skip.installnpx" value="true"/>
    <property name="surefire.real.class.path" value="/home/runner/work/ozone/ozone/hadoop-hdds/server-scm/target/surefire/surefirebooter8387362503766769864.jar:/home/runner/.m2/repository/org/jacoco/org.jacoco.agent/0.8.5/org.jacoco.agent-0.8.5-runtime.jar"/>
    <property name="hadoop.log.dir" value="/home/runner/work/ozone/ozone/hadoop-hdds/server-scm/target/log"/>
    <property name="sun.boot.class.path" value="/usr/lib/jvm/temurin-8-jdk-amd64/jre/lib/resources.jar:/usr/lib/jvm/temurin-8-jdk-amd64/jre/lib/rt.jar:/usr/lib/jvm/temurin-8-jdk-amd64/jre/lib/sunrsasign.jar:/usr/lib/jvm/temurin-8-jdk-amd64/jre/lib/jsse.jar:/usr/lib/jvm/temurin-8-jdk-amd64/jre/lib/jce.jar:/usr/lib/jvm/temurin-8-jdk-amd64/jre/lib/charsets.jar:/usr/lib/jvm/temurin-8-jdk-amd64/jre/lib/jfr.jar:/usr/lib/jvm/temurin-8-jdk-amd64/jre/classes"/>
    <property name="sun.management.compiler" value="HotSpot 64-Bit Tiered Compilers"/>
    <property name="skip.npx" value="true"/>
    <property name="java.runtime.version" value="1.8.0_372-b07"/>
    <property name="java.net.preferIPv4Stack" value="true"/>
    <property name="user.name" value="runner"/>
    <property name="path.separator" value=":"/>
    <property name="java.security.egd" value="file:///dev/urandom"/>
    <property name="os.version" value="5.15.0-1039-azure"/>
    <property name="java.endorsed.dirs" value="/usr/lib/jvm/temurin-8-jdk-amd64/jre/lib/endorsed"/>
    <property name="java.runtime.name" value="OpenJDK Runtime Environment"/>
    <property name="file.encoding" value="UTF-8"/>
    <property name="java.vm.name" value="OpenJDK 64-Bit Server VM"/>
    <property name="test.build.webapps" value=""/>
    <property name="localRepository" value="/home/runner/.m2/repository"/>
    <property name="java.vendor.url.bug" value="https://github.com/adoptium/adoptium-support/issues"/>
    <property name="java.io.tmpdir" value="/tmp"/>
    <property name="require.test.libhadoop" value=""/>
    <property name="java.version" value="1.8.0_372"/>
    <property name="user.dir" value="/home/runner/work/ozone/ozone/hadoop-hdds/server-scm"/>
    <property name="os.arch" value="amd64"/>
    <property name="java.vm.specification.name" value="Java Virtual Machine Specification"/>
    <property name="test.build.classes" value="/home/runner/work/ozone/ozone/hadoop-hdds/server-scm/target/test-classes"/>
    <property name="java.awt.printerjob" value="sun.print.PSPrinterJob"/>
    <property name="sun.os.patch.level" value="unknown"/>
    <property name="excludedGroups" value="native"/>
    <property name="hadoop.tmp.dir" value="/home/runner/work/ozone/ozone/hadoop-hdds/server-scm/target/tmp"/>
    <property name="java.library.path" value="/usr/java/packages/lib/amd64:/usr/lib64:/lib64:/lib:/usr/lib"/>
    <property name="java.vm.info" value="mixed mode"/>
    <property name="java.vendor" value="Temurin"/>
    <property name="java.vm.version" value="25.372-b07"/>
    <property name="java.specification.maintenance.version" value="4"/>
    <property name="java.ext.dirs" value="/usr/lib/jvm/temurin-8-jdk-amd64/jre/lib/ext:/usr/java/packages/lib/ext"/>
    <property name="sun.io.unicode.encoding" value="UnicodeLittle"/>
    <property name="java.class.version" value="52.0"/>
  </properties>
  <testcase name="containerBalancerShouldObeyMaxSizeToMoveLimit" classname="org.apache.hadoop.hdds.scm.container.balancer.TestContainerBalancerTask" time="2.887">
    <system-out><![CDATA[2023-06-21 17:31:29,584 [main] INFO  net.NodeSchemaLoader (NodeSchemaLoader.java:loadSchemaFromFile(129)) - Loading schema from [file:/home/runner/work/ozone/ozone/hadoop-hdds/common/target/classes/network-topology-default.xml]
2023-06-21 17:31:29,589 [main] INFO  net.NodeSchemaLoader (NodeSchemaLoader.java:loadSchema(176)) - Loading network topology layer schema file
2023-06-21 17:31:29,819 [main] INFO  reflections.Reflections (Reflections.java:scan(232)) - Reflections took 155 ms to scan 6 urls, producing 156 keys and 362 values 
2023-06-21 17:31:29,882 [main] INFO  net.NetworkTopologyImpl (NetworkTopologyImpl.java:add(112)) - Added a new node: /default-rack/cb518a57-9b1c-497f-ae02-38a293b38207
2023-06-21 17:31:29,885 [main] INFO  net.NetworkTopologyImpl (NetworkTopologyImpl.java:add(112)) - Added a new node: /default-rack/050aa02f-8815-4627-9530-a9d76b7fdd1e
2023-06-21 17:31:29,886 [main] INFO  net.NetworkTopologyImpl (NetworkTopologyImpl.java:add(112)) - Added a new node: /default-rack/929cec60-5ac6-456d-a63e-8dc3f262b07a
2023-06-21 17:31:29,886 [main] INFO  net.NetworkTopologyImpl (NetworkTopologyImpl.java:add(112)) - Added a new node: /default-rack/02586384-594b-4c47-8559-10f2ea904249
2023-06-21 17:31:29,886 [main] INFO  net.NetworkTopologyImpl (NetworkTopologyImpl.java:add(112)) - Added a new node: /default-rack/cd64f917-3f07-451c-b78e-24a05acca669
2023-06-21 17:31:29,886 [main] INFO  net.NetworkTopologyImpl (NetworkTopologyImpl.java:add(112)) - Added a new node: /default-rack/8b914522-b5af-4abe-80de-75abf3961c22
2023-06-21 17:31:29,887 [main] INFO  net.NetworkTopologyImpl (NetworkTopologyImpl.java:add(112)) - Added a new node: /default-rack/5f376270-ea7d-4488-b756-3a454aaede89
2023-06-21 17:31:29,887 [main] INFO  net.NetworkTopologyImpl (NetworkTopologyImpl.java:add(112)) - Added a new node: /default-rack/b7155eaa-1b37-4d53-970e-5ab0ff8098f2
2023-06-21 17:31:29,888 [main] INFO  net.NetworkTopologyImpl (NetworkTopologyImpl.java:add(112)) - Added a new node: /default-rack/5fca717f-dbaa-41d1-88dd-060db0670152
2023-06-21 17:31:29,888 [main] INFO  net.NetworkTopologyImpl (NetworkTopologyImpl.java:add(112)) - Added a new node: /default-rack/ddd60691-2c97-4522-bb4a-20469e7b324b
2023-06-21 17:31:29,901 [main] INFO  algorithms.ContainerPlacementPolicyFactory (ContainerPlacementPolicyFactory.java:getPolicyInternal(86)) - Create container placement policy of type org.apache.hadoop.hdds.scm.container.placement.algorithms.SCMContainerPlacementRackAware
2023-06-21 17:31:29,938 [main] INFO  algorithms.ContainerPlacementPolicyFactory (ContainerPlacementPolicyFactory.java:getPolicyInternal(86)) - Create container placement policy of type org.apache.hadoop.hdds.scm.container.placement.algorithms.SCMContainerPlacementRackScatter
2023-06-21 17:31:30,108 [main] DEBUG balancer.ContainerBalancerTask (ContainerBalancerTask.java:initializeIteration(374)) - Average utilization of the cluster is 0.3579943768967343
2023-06-21 17:31:30,108 [main] DEBUG balancer.ContainerBalancerTask (ContainerBalancerTask.java:initializeIteration(386)) - Lower limit for utilization is 0.3479943768967343 and Upper limit for utilization is 0.3679943768967343
2023-06-21 17:31:30,109 [main] DEBUG balancer.ContainerBalancerTask (ContainerBalancerTask.java:initializeIteration(398)) - Utilization for node 5fca717f-dbaa-41d1-88dd-060db0670152 with capacity 65617555911B, used 59055800320B, and remaining 6561755591B is 0.900000000001524
2023-06-21 17:31:30,109 [main] DEBUG balancer.ContainerBalancerTask (ContainerBalancerTask.java:initializeIteration(398)) - Utilization for node ddd60691-2c97-4522-bb4a-20469e7b324b with capacity 53687091200B, used 42949672960B, and remaining 10737418240B is 0.8
2023-06-21 17:31:30,109 [main] DEBUG balancer.ContainerBalancerTask (ContainerBalancerTask.java:initializeIteration(398)) - Utilization for node 5f376270-ea7d-4488-b756-3a454aaede89 with capacity 62890592548B, used 44023414784B, and remaining 18867177764B is 0.7000000000063602
2023-06-21 17:31:30,109 [main] DEBUG balancer.ContainerBalancerTask (ContainerBalancerTask.java:initializeIteration(398)) - Utilization for node 02586384-594b-4c47-8559-10f2ea904249 with capacity 102005473280B, used 61203283968B, and remaining 40802189312B is 0.6
2023-06-21 17:31:30,110 [main] DEBUG balancer.ContainerBalancerTask (ContainerBalancerTask.java:initializeIteration(398)) - Utilization for node 8b914522-b5af-4abe-80de-75abf3961c22 with capacity 109521666048B, used 54760833024B, and remaining 54760833024B is 0.5
2023-06-21 17:31:30,110 [main] DEBUG balancer.ContainerBalancerTask (ContainerBalancerTask.java:initializeIteration(398)) - Utilization for node 050aa02f-8815-4627-9530-a9d76b7fdd1e with capacity 83214991360B, used 33285996544B, and remaining 49928994816B is 0.4
2023-06-21 17:31:30,110 [main] DEBUG balancer.ContainerBalancerTask (ContainerBalancerTask.java:initializeIteration(398)) - Utilization for node cd64f917-3f07-451c-b78e-24a05acca669 with capacity 168219552426B, used 50465865728B, and remaining 117753686698B is 0.3000000000011889
2023-06-21 17:31:30,110 [main] DEBUG balancer.ContainerBalancerTask (ContainerBalancerTask.java:initializeIteration(398)) - Utilization for node b7155eaa-1b37-4d53-970e-5ab0ff8098f2 with capacity 177167400960B, used 35433480192B, and remaining 141733920768B is 0.2
2023-06-21 17:31:30,110 [main] DEBUG balancer.ContainerBalancerTask (ContainerBalancerTask.java:initializeIteration(398)) - Utilization for node 929cec60-5ac6-456d-a63e-8dc3f262b07a with capacity 300647710720B, used 30064771072B, and remaining 270582939648B is 0.1
2023-06-21 17:31:30,111 [main] DEBUG balancer.ContainerBalancerTask (ContainerBalancerTask.java:initializeIteration(398)) - Utilization for node cb518a57-9b1c-497f-ae02-38a293b38207 with capacity 25769803776B, used 0B, and remaining 25769803776B is 0.0
2023-06-21 17:31:30,111 [main] INFO  balancer.ContainerBalancerTask (ContainerBalancerTask.java:initializeIteration(447)) - Container Balancer has identified 6 Over-Utilized and 4 Under-Utilized Datanodes that need to be balanced.
2023-06-21 17:31:30,116 [main] DEBUG balancer.ContainerBalancerTask (ContainerBalancerTask.java:lambda$initializeIteration$1(453)) - Datanode localhost-79.210.228.254 5fca717f-dbaa-41d1-88dd-060db0670152 is Over-Utilized.
2023-06-21 17:31:30,116 [main] DEBUG balancer.ContainerBalancerTask (ContainerBalancerTask.java:lambda$initializeIteration$1(453)) - Datanode localhost-34.167.252.218 ddd60691-2c97-4522-bb4a-20469e7b324b is Over-Utilized.
2023-06-21 17:31:30,116 [main] DEBUG balancer.ContainerBalancerTask (ContainerBalancerTask.java:lambda$initializeIteration$1(453)) - Datanode localhost-247.63.42.123 5f376270-ea7d-4488-b756-3a454aaede89 is Over-Utilized.
2023-06-21 17:31:30,116 [main] DEBUG balancer.ContainerBalancerTask (ContainerBalancerTask.java:lambda$initializeIteration$1(453)) - Datanode localhost-122.197.156.55 02586384-594b-4c47-8559-10f2ea904249 is Over-Utilized.
2023-06-21 17:31:30,117 [main] DEBUG balancer.ContainerBalancerTask (ContainerBalancerTask.java:lambda$initializeIteration$1(453)) - Datanode localhost-130.77.87.203 8b914522-b5af-4abe-80de-75abf3961c22 is Over-Utilized.
2023-06-21 17:31:30,117 [main] DEBUG balancer.ContainerBalancerTask (ContainerBalancerTask.java:lambda$initializeIteration$1(453)) - Datanode localhost-182.221.160.244 050aa02f-8815-4627-9530-a9d76b7fdd1e is Over-Utilized.
2023-06-21 17:31:30,117 [main] DEBUG balancer.ContainerBalancerTask (ContainerBalancerTask.java:lambda$initializeIteration$2(459)) - Datanode localhost-157.38.95.125 cb518a57-9b1c-497f-ae02-38a293b38207 is Under-Utilized.
2023-06-21 17:31:30,117 [main] DEBUG balancer.ContainerBalancerTask (ContainerBalancerTask.java:lambda$initializeIteration$2(459)) - Datanode localhost-172.77.81.64 929cec60-5ac6-456d-a63e-8dc3f262b07a is Under-Utilized.
2023-06-21 17:31:30,118 [main] DEBUG balancer.ContainerBalancerTask (ContainerBalancerTask.java:lambda$initializeIteration$2(459)) - Datanode localhost-169.39.192.196 b7155eaa-1b37-4d53-970e-5ab0ff8098f2 is Under-Utilized.
2023-06-21 17:31:30,118 [main] DEBUG balancer.ContainerBalancerTask (ContainerBalancerTask.java:lambda$initializeIteration$2(459)) - Datanode localhost-180.132.154.43 cd64f917-3f07-451c-b78e-24a05acca669 is Under-Utilized.
2023-06-21 17:31:30,150 [main] DEBUG balancer.ContainerBalancerTask (ContainerBalancerTask.java:matchSourceWithTarget(706)) - ContainerBalancer is finding suitable target for source datanode 5fca717f-dbaa-41d1-88dd-060db0670152
2023-06-21 17:31:30,157 [main] INFO  balancer.ContainerBalancerTask (ContainerBalancerTask.java:matchSourceWithTarget(720)) - ContainerBalancer matched source datanode 5fca717f-dbaa-41d1-88dd-060db0670152 with target datanode cb518a57-9b1c-497f-ae02-38a293b38207 for container move.
2023-06-21 17:31:30,157 [main] INFO  balancer.ContainerBalancerTask (ContainerBalancerTask.java:processMoveSelection(569)) - ContainerBalancer is trying to move container #85 with size 5368709120B from source datanode 5fca717f-dbaa-41d1-88dd-060db0670152 to target datanode cb518a57-9b1c-497f-ae02-38a293b38207
2023-06-21 17:31:30,162 [main] DEBUG balancer.ContainerBalancerTask (ContainerBalancerTask.java:lambda$moveContainer$3(834)) - Container move completed for container #85 from source 5fca717f-dbaa-41d1-88dd-060db0670152 to target cb518a57-9b1c-497f-ae02-38a293b38207
2023-06-21 17:31:30,171 [main] DEBUG balancer.ContainerBalancerTask (ContainerBalancerTask.java:matchSourceWithTarget(706)) - ContainerBalancer is finding suitable target for source datanode 5fca717f-dbaa-41d1-88dd-060db0670152
2023-06-21 17:31:30,175 [main] INFO  balancer.ContainerBalancerTask (ContainerBalancerTask.java:matchSourceWithTarget(720)) - ContainerBalancer matched source datanode 5fca717f-dbaa-41d1-88dd-060db0670152 with target datanode 929cec60-5ac6-456d-a63e-8dc3f262b07a for container move.
2023-06-21 17:31:30,176 [main] INFO  balancer.ContainerBalancerTask (ContainerBalancerTask.java:processMoveSelection(569)) - ContainerBalancer is trying to move container #84 with size 4294967296B from source datanode 5fca717f-dbaa-41d1-88dd-060db0670152 to target datanode 929cec60-5ac6-456d-a63e-8dc3f262b07a
2023-06-21 17:31:30,180 [main] DEBUG balancer.ContainerBalancerTask (ContainerBalancerTask.java:lambda$moveContainer$3(834)) - Container move completed for container #84 from source 5fca717f-dbaa-41d1-88dd-060db0670152 to target 929cec60-5ac6-456d-a63e-8dc3f262b07a
2023-06-21 17:31:30,185 [main] DEBUG balancer.ContainerBalancerTask (ContainerBalancerTask.java:matchSourceWithTarget(706)) - ContainerBalancer is finding suitable target for source datanode ddd60691-2c97-4522-bb4a-20469e7b324b
2023-06-21 17:31:30,185 [main] INFO  balancer.ContainerBalancerTask (ContainerBalancerTask.java:matchSourceWithTarget(720)) - ContainerBalancer matched source datanode ddd60691-2c97-4522-bb4a-20469e7b324b with target datanode 929cec60-5ac6-456d-a63e-8dc3f262b07a for container move.
2023-06-21 17:31:30,185 [main] INFO  balancer.ContainerBalancerTask (ContainerBalancerTask.java:processMoveSelection(569)) - ContainerBalancer is trying to move container #4 with size 1073741824B from source datanode ddd60691-2c97-4522-bb4a-20469e7b324b to target datanode 929cec60-5ac6-456d-a63e-8dc3f262b07a
2023-06-21 17:31:30,186 [main] DEBUG balancer.ContainerBalancerTask (ContainerBalancerTask.java:lambda$moveContainer$3(834)) - Container move completed for container #4 from source ddd60691-2c97-4522-bb4a-20469e7b324b to target 929cec60-5ac6-456d-a63e-8dc3f262b07a
2023-06-21 17:31:30,186 [main] WARN  balancer.ContainerBalancerTask (ContainerBalancerTask.java:reachedMaxSizeToMovePerIteration(731)) - Reached max size to move limit. 10737418240 bytes have already been scheduled for balancing and the limit is 10737418240 bytes.
2023-06-21 17:31:30,190 [main] INFO  balancer.ContainerBalancerTask (ContainerBalancerTask.java:checkIterationMoveResults(640)) - Iteration Summary. Number of Datanodes involved: 4. Size moved: 10 GB (10737418240 Bytes). Number of Container moves completed: 3.
2023-06-21 17:31:30,190 [main] INFO  balancer.ContainerBalancerTask (ContainerBalancerTask.java:balance(259)) - Result of this iteration of Container Balancer: ITERATION_COMPLETED
2023-06-21 17:31:30,199 [main] INFO  balancer.ContainerBalancerTask (ContainerBalancerTask.java:tryStopWithSaveConfiguration(308)) - Save Configuration for stopping. Reason: Completed all iterations.
]]></system-out>
  </testcase>
  <testcase name="balancerShouldFollowExcludeAndIncludeDatanodesConfigurations" classname="org.apache.hadoop.hdds.scm.container.balancer.TestContainerBalancerTask" time="0.129">
    <system-out><![CDATA[2023-06-21 17:31:30,296 [main] INFO  net.NodeSchemaLoader (NodeSchemaLoader.java:loadSchemaFromFile(129)) - Loading schema from [file:/home/runner/work/ozone/ozone/hadoop-hdds/common/target/classes/network-topology-default.xml]
2023-06-21 17:31:30,296 [main] INFO  net.NodeSchemaLoader (NodeSchemaLoader.java:loadSchema(176)) - Loading network topology layer schema file
2023-06-21 17:31:30,300 [main] INFO  net.NetworkTopologyImpl (NetworkTopologyImpl.java:add(112)) - Added a new node: /default-rack/29d6e5be-68dd-4a36-bc9b-9698e4dbde2b
2023-06-21 17:31:30,301 [main] INFO  net.NetworkTopologyImpl (NetworkTopologyImpl.java:add(112)) - Added a new node: /default-rack/3fea6ed2-4cdb-4d73-8ef6-b09c3a533709
2023-06-21 17:31:30,302 [main] INFO  net.NetworkTopologyImpl (NetworkTopologyImpl.java:add(112)) - Added a new node: /default-rack/47f8373c-ad50-4d52-a78d-d332c01824e3
2023-06-21 17:31:30,302 [main] INFO  net.NetworkTopologyImpl (NetworkTopologyImpl.java:add(112)) - Added a new node: /default-rack/ac947229-ae47-43e8-84a1-6d11d1ef7f09
2023-06-21 17:31:30,302 [main] INFO  net.NetworkTopologyImpl (NetworkTopologyImpl.java:add(112)) - Added a new node: /default-rack/655af40f-b13f-4daa-ae2a-708acf38152d
2023-06-21 17:31:30,302 [main] INFO  net.NetworkTopologyImpl (NetworkTopologyImpl.java:add(112)) - Added a new node: /default-rack/5b201bc4-af85-4260-85de-169a7343638e
2023-06-21 17:31:30,303 [main] INFO  net.NetworkTopologyImpl (NetworkTopologyImpl.java:add(112)) - Added a new node: /default-rack/cde12ece-85fb-4c43-ac12-b855f83e1394
2023-06-21 17:31:30,303 [main] INFO  net.NetworkTopologyImpl (NetworkTopologyImpl.java:add(112)) - Added a new node: /default-rack/90c19063-e154-4f79-85cb-ecd2352cd1b4
2023-06-21 17:31:30,304 [main] INFO  net.NetworkTopologyImpl (NetworkTopologyImpl.java:add(112)) - Added a new node: /default-rack/8b69b9f2-948a-4b09-b951-3431c209f57f
2023-06-21 17:31:30,304 [main] INFO  net.NetworkTopologyImpl (NetworkTopologyImpl.java:add(112)) - Added a new node: /default-rack/de3b16ab-8250-41a7-883b-eec9a4115ffa
2023-06-21 17:31:30,304 [main] INFO  algorithms.ContainerPlacementPolicyFactory (ContainerPlacementPolicyFactory.java:getPolicyInternal(86)) - Create container placement policy of type org.apache.hadoop.hdds.scm.container.placement.algorithms.SCMContainerPlacementRackAware
2023-06-21 17:31:30,305 [main] INFO  algorithms.ContainerPlacementPolicyFactory (ContainerPlacementPolicyFactory.java:getPolicyInternal(86)) - Create container placement policy of type org.apache.hadoop.hdds.scm.container.placement.algorithms.SCMContainerPlacementRackScatter
2023-06-21 17:31:30,316 [main] DEBUG balancer.ContainerBalancerTask (ContainerBalancerTask.java:initializeIteration(374)) - Average utilization of the cluster is 0.23346303501945526
2023-06-21 17:31:30,317 [main] DEBUG balancer.ContainerBalancerTask (ContainerBalancerTask.java:initializeIteration(386)) - Lower limit for utilization is 0.13346303501945525 and Upper limit for utilization is 0.3334630350194553
2023-06-21 17:31:30,317 [main] DEBUG balancer.ContainerBalancerTask (ContainerBalancerTask.java:initializeIteration(398)) - Utilization for node de3b16ab-8250-41a7-883b-eec9a4115ffa with capacity 65766686720B, used 52613349376B, and remaining 13153337344B is 0.8
2023-06-21 17:31:30,317 [main] DEBUG balancer.ContainerBalancerTask (ContainerBalancerTask.java:initializeIteration(398)) - Utilization for node 90c19063-e154-4f79-85cb-ecd2352cd1b4 with capacity 279172874240B, used 27917287424B, and remaining 251255586816B is 0.1
2023-06-21 17:31:30,317 [main] INFO  balancer.ContainerBalancerTask (ContainerBalancerTask.java:initializeIteration(447)) - Container Balancer has identified 1 Over-Utilized and 1 Under-Utilized Datanodes that need to be balanced.
2023-06-21 17:31:30,320 [main] DEBUG balancer.ContainerBalancerTask (ContainerBalancerTask.java:lambda$initializeIteration$1(453)) - Datanode localhost-13.83.241.172 de3b16ab-8250-41a7-883b-eec9a4115ffa is Over-Utilized.
2023-06-21 17:31:30,320 [main] DEBUG balancer.ContainerBalancerTask (ContainerBalancerTask.java:lambda$initializeIteration$2(459)) - Datanode localhost-14.247.218.200 90c19063-e154-4f79-85cb-ecd2352cd1b4 is Under-Utilized.
2023-06-21 17:31:30,328 [main] DEBUG balancer.ContainerBalancerTask (ContainerBalancerTask.java:matchSourceWithTarget(706)) - ContainerBalancer is finding suitable target for source datanode de3b16ab-8250-41a7-883b-eec9a4115ffa
2023-06-21 17:31:30,329 [main] INFO  balancer.ContainerBalancerTask (ContainerBalancerTask.java:matchSourceWithTarget(720)) - ContainerBalancer matched source datanode de3b16ab-8250-41a7-883b-eec9a4115ffa with target datanode 90c19063-e154-4f79-85cb-ecd2352cd1b4 for container move.
2023-06-21 17:31:30,329 [main] INFO  balancer.ContainerBalancerTask (ContainerBalancerTask.java:processMoveSelection(569)) - ContainerBalancer is trying to move container #68 with size 5368709120B from source datanode de3b16ab-8250-41a7-883b-eec9a4115ffa to target datanode 90c19063-e154-4f79-85cb-ecd2352cd1b4
2023-06-21 17:31:30,329 [main] DEBUG balancer.ContainerBalancerTask (ContainerBalancerTask.java:lambda$moveContainer$3(834)) - Container move completed for container #68 from source de3b16ab-8250-41a7-883b-eec9a4115ffa to target 90c19063-e154-4f79-85cb-ecd2352cd1b4
2023-06-21 17:31:30,330 [main] DEBUG balancer.ContainerBalancerTask (ContainerBalancerTask.java:adaptOnReachingIterationLimits(780)) - Reached max datanodes to involve limit. 2 datanodes have already been selected for balancing and the limit is 2. Only already selected sources and targets can be involved in balancing now.
2023-06-21 17:31:30,339 [main] DEBUG balancer.ContainerBalancerTask (ContainerBalancerTask.java:matchSourceWithTarget(706)) - ContainerBalancer is finding suitable target for source datanode de3b16ab-8250-41a7-883b-eec9a4115ffa
2023-06-21 17:31:30,339 [main] INFO  balancer.ContainerBalancerTask (ContainerBalancerTask.java:matchSourceWithTarget(720)) - ContainerBalancer matched source datanode de3b16ab-8250-41a7-883b-eec9a4115ffa with target datanode 90c19063-e154-4f79-85cb-ecd2352cd1b4 for container move.
2023-06-21 17:31:30,340 [main] INFO  balancer.ContainerBalancerTask (ContainerBalancerTask.java:processMoveSelection(569)) - ContainerBalancer is trying to move container #52 with size 4294967296B from source datanode de3b16ab-8250-41a7-883b-eec9a4115ffa to target datanode 90c19063-e154-4f79-85cb-ecd2352cd1b4
2023-06-21 17:31:30,340 [main] DEBUG balancer.ContainerBalancerTask (ContainerBalancerTask.java:lambda$moveContainer$3(834)) - Container move completed for container #52 from source de3b16ab-8250-41a7-883b-eec9a4115ffa to target 90c19063-e154-4f79-85cb-ecd2352cd1b4
2023-06-21 17:31:30,348 [main] DEBUG balancer.ContainerBalancerTask (ContainerBalancerTask.java:matchSourceWithTarget(706)) - ContainerBalancer is finding suitable target for source datanode de3b16ab-8250-41a7-883b-eec9a4115ffa
2023-06-21 17:31:30,349 [main] INFO  balancer.ContainerBalancerTask (ContainerBalancerTask.java:matchSourceWithTarget(720)) - ContainerBalancer matched source datanode de3b16ab-8250-41a7-883b-eec9a4115ffa with target datanode 90c19063-e154-4f79-85cb-ecd2352cd1b4 for container move.
2023-06-21 17:31:30,350 [main] INFO  balancer.ContainerBalancerTask (ContainerBalancerTask.java:processMoveSelection(569)) - ContainerBalancer is trying to move container #86 with size 1073741824B from source datanode de3b16ab-8250-41a7-883b-eec9a4115ffa to target datanode 90c19063-e154-4f79-85cb-ecd2352cd1b4
2023-06-21 17:31:30,351 [main] DEBUG balancer.ContainerBalancerTask (ContainerBalancerTask.java:lambda$moveContainer$3(834)) - Container move completed for container #86 from source de3b16ab-8250-41a7-883b-eec9a4115ffa to target 90c19063-e154-4f79-85cb-ecd2352cd1b4
2023-06-21 17:31:30,356 [main] DEBUG balancer.ContainerBalancerTask (ContainerBalancerTask.java:matchSourceWithTarget(706)) - ContainerBalancer is finding suitable target for source datanode de3b16ab-8250-41a7-883b-eec9a4115ffa
2023-06-21 17:31:30,356 [main] INFO  balancer.FindTargetGreedyByUsageInfo (AbstractFindTargetGreedy.java:findTargetForContainerMove(133)) - Container Balancer could not find a target for source datanode de3b16ab-8250-41a7-883b-eec9a4115ffa
2023-06-21 17:31:30,356 [main] DEBUG balancer.ContainerBalancerTask (ContainerBalancerTask.java:matchSourceWithTarget(715)) - ContainerBalancer could not find a suitable target for source node de3b16ab-8250-41a7-883b-eec9a4115ffa.
2023-06-21 17:31:30,357 [main] INFO  balancer.FindSourceGreedy (FindSourceGreedy.java:getNextCandidateSourceDataNode(126)) - no more candidate source data node
2023-06-21 17:31:30,358 [main] INFO  balancer.ContainerBalancerTask (ContainerBalancerTask.java:checkIterationMoveResults(640)) - Iteration Summary. Number of Datanodes involved: 2. Size moved: 10 GB (10737418240 Bytes). Number of Container moves completed: 3.
2023-06-21 17:31:30,358 [main] INFO  balancer.ContainerBalancerTask (ContainerBalancerTask.java:balance(259)) - Result of this iteration of Container Balancer: ITERATION_COMPLETED
2023-06-21 17:31:30,358 [main] INFO  balancer.ContainerBalancerTask (ContainerBalancerTask.java:tryStopWithSaveConfiguration(308)) - Save Configuration for stopping. Reason: Completed all iterations.
]]></system-out>
  </testcase>
  <testcase name="unBalancedNodesListShouldBeEmptyWhenClusterIsBalanced" classname="org.apache.hadoop.hdds.scm.container.balancer.TestContainerBalancerTask" time="0.085">
    <system-out><![CDATA[2023-06-21 17:31:30,422 [main] INFO  net.NodeSchemaLoader (NodeSchemaLoader.java:loadSchemaFromFile(129)) - Loading schema from [file:/home/runner/work/ozone/ozone/hadoop-hdds/common/target/classes/network-topology-default.xml]
2023-06-21 17:31:30,422 [main] INFO  net.NodeSchemaLoader (NodeSchemaLoader.java:loadSchema(176)) - Loading network topology layer schema file
2023-06-21 17:31:30,431 [main] INFO  net.NetworkTopologyImpl (NetworkTopologyImpl.java:add(112)) - Added a new node: /default-rack/1d4b26bf-8f77-4afc-9f50-d10ec5792b79
2023-06-21 17:31:30,432 [main] INFO  net.NetworkTopologyImpl (NetworkTopologyImpl.java:add(112)) - Added a new node: /default-rack/88f18f79-0e26-4520-9b5a-26126000c621
2023-06-21 17:31:30,432 [main] INFO  net.NetworkTopologyImpl (NetworkTopologyImpl.java:add(112)) - Added a new node: /default-rack/3c7940e5-7867-479f-afe7-9433947d720a
2023-06-21 17:31:30,432 [main] INFO  net.NetworkTopologyImpl (NetworkTopologyImpl.java:add(112)) - Added a new node: /default-rack/53c7c508-87e5-4828-b312-b7471e573c1a
2023-06-21 17:31:30,432 [main] INFO  net.NetworkTopologyImpl (NetworkTopologyImpl.java:add(112)) - Added a new node: /default-rack/dc6b2e63-3209-4e7f-8a86-88adbb528b9c
2023-06-21 17:31:30,433 [main] INFO  net.NetworkTopologyImpl (NetworkTopologyImpl.java:add(112)) - Added a new node: /default-rack/02dc8864-5fdd-4455-8fcb-a6f5b8debe1b
2023-06-21 17:31:30,433 [main] INFO  net.NetworkTopologyImpl (NetworkTopologyImpl.java:add(112)) - Added a new node: /default-rack/b0285869-58d5-47fe-b859-ccf22258a8c5
2023-06-21 17:31:30,433 [main] INFO  net.NetworkTopologyImpl (NetworkTopologyImpl.java:add(112)) - Added a new node: /default-rack/002cc756-e9dd-41a2-a6a8-9ebe7725584b
2023-06-21 17:31:30,434 [main] INFO  net.NetworkTopologyImpl (NetworkTopologyImpl.java:add(112)) - Added a new node: /default-rack/bdbfdc5f-b91a-4cf1-97d8-b8531c49f807
2023-06-21 17:31:30,434 [main] INFO  net.NetworkTopologyImpl (NetworkTopologyImpl.java:add(112)) - Added a new node: /default-rack/07008753-2600-4d0e-92ea-854d52fa690e
2023-06-21 17:31:30,435 [main] INFO  algorithms.ContainerPlacementPolicyFactory (ContainerPlacementPolicyFactory.java:getPolicyInternal(86)) - Create container placement policy of type org.apache.hadoop.hdds.scm.container.placement.algorithms.SCMContainerPlacementRackAware
2023-06-21 17:31:30,435 [main] INFO  algorithms.ContainerPlacementPolicyFactory (ContainerPlacementPolicyFactory.java:getPolicyInternal(86)) - Create container placement policy of type org.apache.hadoop.hdds.scm.container.placement.algorithms.SCMContainerPlacementRackScatter
2023-06-21 17:31:30,444 [main] DEBUG balancer.ContainerBalancerTask (ContainerBalancerTask.java:initializeIteration(374)) - Average utilization of the cluster is 0.3501882732655911
2023-06-21 17:31:30,444 [main] DEBUG balancer.ContainerBalancerTask (ContainerBalancerTask.java:initializeIteration(386)) - Lower limit for utilization is -0.6497117267344088 and Upper limit for utilization is 1.350088273265591
2023-06-21 17:31:30,444 [main] DEBUG balancer.ContainerBalancerTask (ContainerBalancerTask.java:initializeIteration(398)) - Utilization for node b0285869-58d5-47fe-b859-ccf22258a8c5 with capacity 57266230613B, used 51539607552B, and remaining 5726623061B is 0.9000000000052387
2023-06-21 17:31:30,445 [main] DEBUG balancer.ContainerBalancerTask (ContainerBalancerTask.java:initializeIteration(398)) - Utilization for node 002cc756-e9dd-41a2-a6a8-9ebe7725584b with capacity 61740154880B, used 49392123904B, and remaining 12348030976B is 0.8
2023-06-21 17:31:30,445 [main] DEBUG balancer.ContainerBalancerTask (ContainerBalancerTask.java:initializeIteration(398)) - Utilization for node 02dc8864-5fdd-4455-8fcb-a6f5b8debe1b with capacity 69026260114B, used 48318382080B, and remaining 20707878034B is 0.7000000000028974
2023-06-21 17:31:30,445 [main] DEBUG balancer.ContainerBalancerTask (ContainerBalancerTask.java:initializeIteration(398)) - Utilization for node 07008753-2600-4d0e-92ea-854d52fa690e with capacity 105584612693B, used 63350767616B, and remaining 42233845077B is 0.6000000000018942
2023-06-21 17:31:30,446 [main] DEBUG balancer.ContainerBalancerTask (ContainerBalancerTask.java:initializeIteration(398)) - Utilization for node 3c7940e5-7867-479f-afe7-9433947d720a with capacity 98784247808B, used 49392123904B, and remaining 49392123904B is 0.5
2023-06-21 17:31:30,446 [main] DEBUG balancer.ContainerBalancerTask (ContainerBalancerTask.java:initializeIteration(398)) - Utilization for node 88f18f79-0e26-4520-9b5a-26126000c621 with capacity 104689827840B, used 41875931136B, and remaining 62813896704B is 0.4
2023-06-21 17:31:30,447 [main] DEBUG balancer.ContainerBalancerTask (ContainerBalancerTask.java:initializeIteration(398)) - Utilization for node bdbfdc5f-b91a-4cf1-97d8-b8531c49f807 with capacity 89478485333B, used 26843545600B, and remaining 62634939733B is 0.3000000000011176
2023-06-21 17:31:30,447 [main] DEBUG balancer.ContainerBalancerTask (ContainerBalancerTask.java:initializeIteration(398)) - Utilization for node dc6b2e63-3209-4e7f-8a86-88adbb528b9c with capacity 155692564480B, used 31138512896B, and remaining 124554051584B is 0.2
2023-06-21 17:31:30,448 [main] DEBUG balancer.ContainerBalancerTask (ContainerBalancerTask.java:initializeIteration(398)) - Utilization for node 53c7c508-87e5-4828-b312-b7471e573c1a with capacity 375809638400B, used 37580963840B, and remaining 338228674560B is 0.1
2023-06-21 17:31:30,448 [main] DEBUG balancer.ContainerBalancerTask (ContainerBalancerTask.java:initializeIteration(398)) - Utilization for node 1d4b26bf-8f77-4afc-9f50-d10ec5792b79 with capacity 22548578304B, used 0B, and remaining 22548578304B is 0.0
2023-06-21 17:31:30,448 [main] INFO  balancer.ContainerBalancerTask (ContainerBalancerTask.java:initializeIteration(443)) - Did not find any unbalanced Datanodes.
2023-06-21 17:31:30,448 [main] INFO  balancer.ContainerBalancerTask (ContainerBalancerTask.java:tryStopWithSaveConfiguration(308)) - Save Configuration for stopping. Reason: Could not initialize ContainerBalancer's iteration number 0
]]></system-out>
  </testcase>
  <testcase name="containerMoveSelectionShouldFollowPlacementPolicy" classname="org.apache.hadoop.hdds.scm.container.balancer.TestContainerBalancerTask" time="0.127">
    <system-out><![CDATA[2023-06-21 17:31:30,501 [main] INFO  net.NodeSchemaLoader (NodeSchemaLoader.java:loadSchemaFromFile(129)) - Loading schema from [file:/home/runner/work/ozone/ozone/hadoop-hdds/common/target/classes/network-topology-default.xml]
2023-06-21 17:31:30,501 [main] INFO  net.NodeSchemaLoader (NodeSchemaLoader.java:loadSchema(176)) - Loading network topology layer schema file
2023-06-21 17:31:30,505 [main] INFO  net.NetworkTopologyImpl (NetworkTopologyImpl.java:add(112)) - Added a new node: /default-rack/35160a49-a3d5-4b93-9bc4-caba4fc38094
2023-06-21 17:31:30,506 [main] INFO  net.NetworkTopologyImpl (NetworkTopologyImpl.java:add(112)) - Added a new node: /default-rack/cdbec416-6343-4625-97c4-8430c7cc5976
2023-06-21 17:31:30,506 [main] INFO  net.NetworkTopologyImpl (NetworkTopologyImpl.java:add(112)) - Added a new node: /default-rack/e874cddf-0cdf-45d4-8c5a-b1d77b61861f
2023-06-21 17:31:30,507 [main] INFO  net.NetworkTopologyImpl (NetworkTopologyImpl.java:add(112)) - Added a new node: /default-rack/121ccce8-4f75-4455-ba0a-8719f495f714
2023-06-21 17:31:30,507 [main] INFO  net.NetworkTopologyImpl (NetworkTopologyImpl.java:add(112)) - Added a new node: /default-rack/578de6ec-57cc-4ad1-a824-09e465b518bf
2023-06-21 17:31:30,507 [main] INFO  net.NetworkTopologyImpl (NetworkTopologyImpl.java:add(112)) - Added a new node: /default-rack/9e3055ee-160e-48c3-ab00-7e50abebd211
2023-06-21 17:31:30,507 [main] INFO  net.NetworkTopologyImpl (NetworkTopologyImpl.java:add(112)) - Added a new node: /default-rack/b4b2a998-7562-492c-bf57-aebb83d75233
2023-06-21 17:31:30,508 [main] INFO  net.NetworkTopologyImpl (NetworkTopologyImpl.java:add(112)) - Added a new node: /default-rack/20d8ddad-de4c-40dd-b7fd-720812f9de56
2023-06-21 17:31:30,508 [main] INFO  net.NetworkTopologyImpl (NetworkTopologyImpl.java:add(112)) - Added a new node: /default-rack/597ba265-c7d2-4987-a28c-6e660e991cc6
2023-06-21 17:31:30,508 [main] INFO  net.NetworkTopologyImpl (NetworkTopologyImpl.java:add(112)) - Added a new node: /default-rack/7989d9c2-4c92-4cc5-886a-fbfed130c4c6
2023-06-21 17:31:30,508 [main] INFO  algorithms.ContainerPlacementPolicyFactory (ContainerPlacementPolicyFactory.java:getPolicyInternal(86)) - Create container placement policy of type org.apache.hadoop.hdds.scm.container.placement.algorithms.SCMContainerPlacementRackAware
2023-06-21 17:31:30,510 [main] INFO  algorithms.ContainerPlacementPolicyFactory (ContainerPlacementPolicyFactory.java:getPolicyInternal(86)) - Create container placement policy of type org.apache.hadoop.hdds.scm.container.placement.algorithms.SCMContainerPlacementRackScatter
2023-06-21 17:31:30,515 [main] DEBUG balancer.ContainerBalancerTask (ContainerBalancerTask.java:initializeIteration(374)) - Average utilization of the cluster is 0.3563814418886296
2023-06-21 17:31:30,515 [main] DEBUG balancer.ContainerBalancerTask (ContainerBalancerTask.java:initializeIteration(386)) - Lower limit for utilization is 0.25638144188862955 and Upper limit for utilization is 0.4563814418886296
2023-06-21 17:31:30,515 [main] DEBUG balancer.ContainerBalancerTask (ContainerBalancerTask.java:initializeIteration(398)) - Utilization for node cdbec416-6343-4625-97c4-8430c7cc5976 with capacity 58459277084B, used 52613349376B, and remaining 5845927708B is 0.9000000000068423
2023-06-21 17:31:30,515 [main] DEBUG balancer.ContainerBalancerTask (ContainerBalancerTask.java:initializeIteration(398)) - Utilization for node 35160a49-a3d5-4b93-9bc4-caba4fc38094 with capacity 45634027520B, used 36507222016B, and remaining 9126805504B is 0.8
2023-06-21 17:31:30,515 [main] DEBUG balancer.ContainerBalancerTask (ContainerBalancerTask.java:initializeIteration(398)) - Utilization for node 7989d9c2-4c92-4cc5-886a-fbfed130c4c6 with capacity 92035013485B, used 64424509440B, and remaining 27610504045B is 0.7000000000054327
2023-06-21 17:31:30,515 [main] DEBUG balancer.ContainerBalancerTask (ContainerBalancerTask.java:initializeIteration(398)) - Utilization for node 578de6ec-57cc-4ad1-a824-09e465b518bf with capacity 89478485333B, used 53687091200B, and remaining 35791394133B is 0.6000000000022352
2023-06-21 17:31:30,515 [main] DEBUG balancer.ContainerBalancerTask (ContainerBalancerTask.java:initializeIteration(398)) - Utilization for node 597ba265-c7d2-4987-a28c-6e660e991cc6 with capacity 88046829568B, used 44023414784B, and remaining 44023414784B is 0.5
2023-06-21 17:31:30,516 [main] DEBUG balancer.ContainerBalancerTask (ContainerBalancerTask.java:initializeIteration(398)) - Utilization for node 9e3055ee-160e-48c3-ab00-7e50abebd211 with capacity 115427246080B, used 46170898432B, and remaining 69256347648B is 0.4
2023-06-21 17:31:30,516 [main] DEBUG balancer.ContainerBalancerTask (ContainerBalancerTask.java:initializeIteration(398)) - Utilization for node e874cddf-0cdf-45d4-8c5a-b1d77b61861f with capacity 132428158293B, used 39728447488B, and remaining 92699710805B is 0.3000000000007551
2023-06-21 17:31:30,516 [main] DEBUG balancer.ContainerBalancerTask (ContainerBalancerTask.java:initializeIteration(398)) - Utilization for node 20d8ddad-de4c-40dd-b7fd-720812f9de56 with capacity 155692564480B, used 31138512896B, and remaining 124554051584B is 0.2
2023-06-21 17:31:30,516 [main] DEBUG balancer.ContainerBalancerTask (ContainerBalancerTask.java:initializeIteration(398)) - Utilization for node b4b2a998-7562-492c-bf57-aebb83d75233 with capacity 311385128960B, used 31138512896B, and remaining 280246616064B is 0.1
2023-06-21 17:31:30,516 [main] DEBUG balancer.ContainerBalancerTask (ContainerBalancerTask.java:initializeIteration(398)) - Utilization for node 121ccce8-4f75-4455-ba0a-8719f495f714 with capacity 32212254720B, used 0B, and remaining 32212254720B is 0.0
2023-06-21 17:31:30,516 [main] INFO  balancer.ContainerBalancerTask (ContainerBalancerTask.java:initializeIteration(447)) - Container Balancer has identified 5 Over-Utilized and 3 Under-Utilized Datanodes that need to be balanced.
2023-06-21 17:31:30,516 [main] DEBUG balancer.ContainerBalancerTask (ContainerBalancerTask.java:lambda$initializeIteration$1(453)) - Datanode localhost-31.104.214.171 cdbec416-6343-4625-97c4-8430c7cc5976 is Over-Utilized.
2023-06-21 17:31:30,516 [main] DEBUG balancer.ContainerBalancerTask (ContainerBalancerTask.java:lambda$initializeIteration$1(453)) - Datanode localhost-207.28.226.103 35160a49-a3d5-4b93-9bc4-caba4fc38094 is Over-Utilized.
2023-06-21 17:31:30,517 [main] DEBUG balancer.ContainerBalancerTask (ContainerBalancerTask.java:lambda$initializeIteration$1(453)) - Datanode localhost-36.52.152.30 7989d9c2-4c92-4cc5-886a-fbfed130c4c6 is Over-Utilized.
2023-06-21 17:31:30,517 [main] DEBUG balancer.ContainerBalancerTask (ContainerBalancerTask.java:lambda$initializeIteration$1(453)) - Datanode localhost-7.110.40.81 578de6ec-57cc-4ad1-a824-09e465b518bf is Over-Utilized.
2023-06-21 17:31:30,517 [main] DEBUG balancer.ContainerBalancerTask (ContainerBalancerTask.java:lambda$initializeIteration$1(453)) - Datanode localhost-174.216.46.76 597ba265-c7d2-4987-a28c-6e660e991cc6 is Over-Utilized.
2023-06-21 17:31:30,517 [main] DEBUG balancer.ContainerBalancerTask (ContainerBalancerTask.java:lambda$initializeIteration$2(459)) - Datanode localhost-196.174.141.81 121ccce8-4f75-4455-ba0a-8719f495f714 is Under-Utilized.
2023-06-21 17:31:30,518 [main] DEBUG balancer.ContainerBalancerTask (ContainerBalancerTask.java:lambda$initializeIteration$2(459)) - Datanode localhost-254.182.65.198 b4b2a998-7562-492c-bf57-aebb83d75233 is Under-Utilized.
2023-06-21 17:31:30,518 [main] DEBUG balancer.ContainerBalancerTask (ContainerBalancerTask.java:lambda$initializeIteration$2(459)) - Datanode localhost-8.195.125.254 20d8ddad-de4c-40dd-b7fd-720812f9de56 is Under-Utilized.
2023-06-21 17:31:30,522 [main] DEBUG balancer.ContainerBalancerTask (ContainerBalancerTask.java:matchSourceWithTarget(706)) - ContainerBalancer is finding suitable target for source datanode cdbec416-6343-4625-97c4-8430c7cc5976
2023-06-21 17:31:30,522 [main] INFO  balancer.ContainerBalancerTask (ContainerBalancerTask.java:matchSourceWithTarget(720)) - ContainerBalancer matched source datanode cdbec416-6343-4625-97c4-8430c7cc5976 with target datanode 121ccce8-4f75-4455-ba0a-8719f495f714 for container move.
2023-06-21 17:31:30,522 [main] INFO  balancer.ContainerBalancerTask (ContainerBalancerTask.java:processMoveSelection(569)) - ContainerBalancer is trying to move container #85 with size 5368709120B from source datanode cdbec416-6343-4625-97c4-8430c7cc5976 to target datanode 121ccce8-4f75-4455-ba0a-8719f495f714
2023-06-21 17:31:30,523 [main] DEBUG balancer.ContainerBalancerTask (ContainerBalancerTask.java:lambda$moveContainer$3(834)) - Container move completed for container #85 from source cdbec416-6343-4625-97c4-8430c7cc5976 to target 121ccce8-4f75-4455-ba0a-8719f495f714
2023-06-21 17:31:30,526 [main] DEBUG balancer.ContainerBalancerTask (ContainerBalancerTask.java:matchSourceWithTarget(706)) - ContainerBalancer is finding suitable target for source datanode cdbec416-6343-4625-97c4-8430c7cc5976
2023-06-21 17:31:30,526 [main] INFO  balancer.ContainerBalancerTask (ContainerBalancerTask.java:matchSourceWithTarget(720)) - ContainerBalancer matched source datanode cdbec416-6343-4625-97c4-8430c7cc5976 with target datanode b4b2a998-7562-492c-bf57-aebb83d75233 for container move.
2023-06-21 17:31:30,526 [main] INFO  balancer.ContainerBalancerTask (ContainerBalancerTask.java:processMoveSelection(569)) - ContainerBalancer is trying to move container #29 with size 5368709120B from source datanode cdbec416-6343-4625-97c4-8430c7cc5976 to target datanode b4b2a998-7562-492c-bf57-aebb83d75233
2023-06-21 17:31:30,527 [main] DEBUG balancer.ContainerBalancerTask (ContainerBalancerTask.java:lambda$moveContainer$3(834)) - Container move completed for container #29 from source cdbec416-6343-4625-97c4-8430c7cc5976 to target b4b2a998-7562-492c-bf57-aebb83d75233
2023-06-21 17:31:30,530 [main] DEBUG balancer.ContainerBalancerTask (ContainerBalancerTask.java:matchSourceWithTarget(706)) - ContainerBalancer is finding suitable target for source datanode 35160a49-a3d5-4b93-9bc4-caba4fc38094
2023-06-21 17:31:30,531 [main] INFO  balancer.ContainerBalancerTask (ContainerBalancerTask.java:matchSourceWithTarget(720)) - ContainerBalancer matched source datanode 35160a49-a3d5-4b93-9bc4-caba4fc38094 with target datanode b4b2a998-7562-492c-bf57-aebb83d75233 for container move.
2023-06-21 17:31:30,531 [main] INFO  balancer.ContainerBalancerTask (ContainerBalancerTask.java:processMoveSelection(569)) - ContainerBalancer is trying to move container #68 with size 5368709120B from source datanode 35160a49-a3d5-4b93-9bc4-caba4fc38094 to target datanode b4b2a998-7562-492c-bf57-aebb83d75233
2023-06-21 17:31:30,531 [main] DEBUG balancer.ContainerBalancerTask (ContainerBalancerTask.java:lambda$moveContainer$3(834)) - Container move completed for container #68 from source 35160a49-a3d5-4b93-9bc4-caba4fc38094 to target b4b2a998-7562-492c-bf57-aebb83d75233
2023-06-21 17:31:30,536 [main] DEBUG balancer.ContainerBalancerTask (ContainerBalancerTask.java:matchSourceWithTarget(706)) - ContainerBalancer is finding suitable target for source datanode cdbec416-6343-4625-97c4-8430c7cc5976
2023-06-21 17:31:30,537 [main] INFO  balancer.ContainerBalancerTask (ContainerBalancerTask.java:matchSourceWithTarget(720)) - ContainerBalancer matched source datanode cdbec416-6343-4625-97c4-8430c7cc5976 with target datanode b4b2a998-7562-492c-bf57-aebb83d75233 for container move.
2023-06-21 17:31:30,537 [main] INFO  balancer.ContainerBalancerTask (ContainerBalancerTask.java:processMoveSelection(569)) - ContainerBalancer is trying to move container #89 with size 4294967296B from source datanode cdbec416-6343-4625-97c4-8430c7cc5976 to target datanode b4b2a998-7562-492c-bf57-aebb83d75233
2023-06-21 17:31:30,537 [main] DEBUG balancer.ContainerBalancerTask (ContainerBalancerTask.java:lambda$moveContainer$3(834)) - Container move completed for container #89 from source cdbec416-6343-4625-97c4-8430c7cc5976 to target b4b2a998-7562-492c-bf57-aebb83d75233
2023-06-21 17:31:30,541 [main] DEBUG balancer.ContainerBalancerTask (ContainerBalancerTask.java:matchSourceWithTarget(706)) - ContainerBalancer is finding suitable target for source datanode 7989d9c2-4c92-4cc5-886a-fbfed130c4c6
2023-06-21 17:31:30,541 [main] INFO  balancer.ContainerBalancerTask (ContainerBalancerTask.java:matchSourceWithTarget(720)) - ContainerBalancer matched source datanode 7989d9c2-4c92-4cc5-886a-fbfed130c4c6 with target datanode b4b2a998-7562-492c-bf57-aebb83d75233 for container move.
2023-06-21 17:31:30,543 [main] INFO  balancer.ContainerBalancerTask (ContainerBalancerTask.java:processMoveSelection(569)) - ContainerBalancer is trying to move container #53 with size 5368709120B from source datanode 7989d9c2-4c92-4cc5-886a-fbfed130c4c6 to target datanode b4b2a998-7562-492c-bf57-aebb83d75233
2023-06-21 17:31:30,543 [main] DEBUG balancer.ContainerBalancerTask (ContainerBalancerTask.java:lambda$moveContainer$3(834)) - Container move completed for container #53 from source 7989d9c2-4c92-4cc5-886a-fbfed130c4c6 to target b4b2a998-7562-492c-bf57-aebb83d75233
2023-06-21 17:31:30,547 [main] DEBUG balancer.ContainerBalancerTask (ContainerBalancerTask.java:matchSourceWithTarget(706)) - ContainerBalancer is finding suitable target for source datanode 35160a49-a3d5-4b93-9bc4-caba4fc38094
2023-06-21 17:31:30,548 [main] INFO  balancer.ContainerBalancerTask (ContainerBalancerTask.java:matchSourceWithTarget(720)) - ContainerBalancer matched source datanode 35160a49-a3d5-4b93-9bc4-caba4fc38094 with target datanode b4b2a998-7562-492c-bf57-aebb83d75233 for container move.
2023-06-21 17:31:30,548 [main] INFO  balancer.ContainerBalancerTask (ContainerBalancerTask.java:processMoveSelection(569)) - ContainerBalancer is trying to move container #67 with size 4294967296B from source datanode 35160a49-a3d5-4b93-9bc4-caba4fc38094 to target datanode b4b2a998-7562-492c-bf57-aebb83d75233
2023-06-21 17:31:30,549 [main] DEBUG balancer.ContainerBalancerTask (ContainerBalancerTask.java:lambda$moveContainer$3(834)) - Container move completed for container #67 from source 35160a49-a3d5-4b93-9bc4-caba4fc38094 to target b4b2a998-7562-492c-bf57-aebb83d75233
2023-06-21 17:31:30,553 [main] DEBUG balancer.ContainerBalancerTask (ContainerBalancerTask.java:matchSourceWithTarget(706)) - ContainerBalancer is finding suitable target for source datanode cdbec416-6343-4625-97c4-8430c7cc5976
2023-06-21 17:31:30,553 [main] INFO  balancer.ContainerBalancerTask (ContainerBalancerTask.java:matchSourceWithTarget(720)) - ContainerBalancer matched source datanode cdbec416-6343-4625-97c4-8430c7cc5976 with target datanode 121ccce8-4f75-4455-ba0a-8719f495f714 for container move.
2023-06-21 17:31:30,553 [main] INFO  balancer.ContainerBalancerTask (ContainerBalancerTask.java:processMoveSelection(569)) - ContainerBalancer is trying to move container #84 with size 4294967296B from source datanode cdbec416-6343-4625-97c4-8430c7cc5976 to target datanode 121ccce8-4f75-4455-ba0a-8719f495f714
2023-06-21 17:31:30,554 [main] DEBUG balancer.ContainerBalancerTask (ContainerBalancerTask.java:lambda$moveContainer$3(834)) - Container move completed for container #84 from source cdbec416-6343-4625-97c4-8430c7cc5976 to target 121ccce8-4f75-4455-ba0a-8719f495f714
2023-06-21 17:31:30,561 [main] DEBUG balancer.ContainerBalancerTask (ContainerBalancerTask.java:matchSourceWithTarget(706)) - ContainerBalancer is finding suitable target for source datanode 7989d9c2-4c92-4cc5-886a-fbfed130c4c6
2023-06-21 17:31:30,562 [main] INFO  balancer.ContainerBalancerTask (ContainerBalancerTask.java:matchSourceWithTarget(720)) - ContainerBalancer matched source datanode 7989d9c2-4c92-4cc5-886a-fbfed130c4c6 with target datanode b4b2a998-7562-492c-bf57-aebb83d75233 for container move.
2023-06-21 17:31:30,562 [main] INFO  balancer.ContainerBalancerTask (ContainerBalancerTask.java:processMoveSelection(569)) - ContainerBalancer is trying to move container #52 with size 4294967296B from source datanode 7989d9c2-4c92-4cc5-886a-fbfed130c4c6 to target datanode b4b2a998-7562-492c-bf57-aebb83d75233
2023-06-21 17:31:30,562 [main] DEBUG balancer.ContainerBalancerTask (ContainerBalancerTask.java:lambda$moveContainer$3(834)) - Container move completed for container #52 from source 7989d9c2-4c92-4cc5-886a-fbfed130c4c6 to target b4b2a998-7562-492c-bf57-aebb83d75233
2023-06-21 17:31:30,566 [main] DEBUG balancer.ContainerBalancerTask (ContainerBalancerTask.java:matchSourceWithTarget(706)) - ContainerBalancer is finding suitable target for source datanode 578de6ec-57cc-4ad1-a824-09e465b518bf
2023-06-21 17:31:30,567 [main] INFO  balancer.ContainerBalancerTask (ContainerBalancerTask.java:matchSourceWithTarget(720)) - ContainerBalancer matched source datanode 578de6ec-57cc-4ad1-a824-09e465b518bf with target datanode b4b2a998-7562-492c-bf57-aebb83d75233 for container move.
2023-06-21 17:31:30,567 [main] INFO  balancer.ContainerBalancerTask (ContainerBalancerTask.java:processMoveSelection(569)) - ContainerBalancer is trying to move container #40 with size 5368709120B from source datanode 578de6ec-57cc-4ad1-a824-09e465b518bf to target datanode b4b2a998-7562-492c-bf57-aebb83d75233
2023-06-21 17:31:30,567 [main] DEBUG balancer.ContainerBalancerTask (ContainerBalancerTask.java:lambda$moveContainer$3(834)) - Container move completed for container #40 from source 578de6ec-57cc-4ad1-a824-09e465b518bf to target b4b2a998-7562-492c-bf57-aebb83d75233
2023-06-21 17:31:30,571 [main] DEBUG balancer.ContainerBalancerTask (ContainerBalancerTask.java:matchSourceWithTarget(706)) - ContainerBalancer is finding suitable target for source datanode 7989d9c2-4c92-4cc5-886a-fbfed130c4c6
2023-06-21 17:31:30,572 [main] INFO  balancer.ContainerBalancerTask (ContainerBalancerTask.java:matchSourceWithTarget(720)) - ContainerBalancer matched source datanode 7989d9c2-4c92-4cc5-886a-fbfed130c4c6 with target datanode 20d8ddad-de4c-40dd-b7fd-720812f9de56 for container move.
2023-06-21 17:31:30,572 [main] INFO  balancer.ContainerBalancerTask (ContainerBalancerTask.java:processMoveSelection(569)) - ContainerBalancer is trying to move container #19 with size 4294967296B from source datanode 7989d9c2-4c92-4cc5-886a-fbfed130c4c6 to target datanode 20d8ddad-de4c-40dd-b7fd-720812f9de56
2023-06-21 17:31:30,572 [main] DEBUG balancer.ContainerBalancerTask (ContainerBalancerTask.java:lambda$moveContainer$3(834)) - Container move completed for container #19 from source 7989d9c2-4c92-4cc5-886a-fbfed130c4c6 to target 20d8ddad-de4c-40dd-b7fd-720812f9de56
2023-06-21 17:31:30,575 [main] DEBUG balancer.ContainerBalancerTask (ContainerBalancerTask.java:matchSourceWithTarget(706)) - ContainerBalancer is finding suitable target for source datanode 35160a49-a3d5-4b93-9bc4-caba4fc38094
2023-06-21 17:31:30,575 [main] INFO  balancer.ContainerBalancerTask (ContainerBalancerTask.java:matchSourceWithTarget(720)) - ContainerBalancer matched source datanode 35160a49-a3d5-4b93-9bc4-caba4fc38094 with target datanode b4b2a998-7562-492c-bf57-aebb83d75233 for container move.
2023-06-21 17:31:30,575 [main] INFO  balancer.ContainerBalancerTask (ContainerBalancerTask.java:processMoveSelection(569)) - ContainerBalancer is trying to move container #66 with size 3221225472B from source datanode 35160a49-a3d5-4b93-9bc4-caba4fc38094 to target datanode b4b2a998-7562-492c-bf57-aebb83d75233
2023-06-21 17:31:30,575 [main] DEBUG balancer.ContainerBalancerTask (ContainerBalancerTask.java:lambda$moveContainer$3(834)) - Container move completed for container #66 from source 35160a49-a3d5-4b93-9bc4-caba4fc38094 to target b4b2a998-7562-492c-bf57-aebb83d75233
2023-06-21 17:31:30,579 [main] DEBUG balancer.ContainerBalancerTask (ContainerBalancerTask.java:matchSourceWithTarget(706)) - ContainerBalancer is finding suitable target for source datanode cdbec416-6343-4625-97c4-8430c7cc5976
2023-06-21 17:31:30,579 [main] INFO  balancer.ContainerBalancerTask (ContainerBalancerTask.java:matchSourceWithTarget(720)) - ContainerBalancer matched source datanode cdbec416-6343-4625-97c4-8430c7cc5976 with target datanode b4b2a998-7562-492c-bf57-aebb83d75233 for container move.
2023-06-21 17:31:30,579 [main] INFO  balancer.ContainerBalancerTask (ContainerBalancerTask.java:processMoveSelection(569)) - ContainerBalancer is trying to move container #87 with size 2147483648B from source datanode cdbec416-6343-4625-97c4-8430c7cc5976 to target datanode b4b2a998-7562-492c-bf57-aebb83d75233
2023-06-21 17:31:30,579 [main] DEBUG balancer.ContainerBalancerTask (ContainerBalancerTask.java:lambda$moveContainer$3(834)) - Container move completed for container #87 from source cdbec416-6343-4625-97c4-8430c7cc5976 to target b4b2a998-7562-492c-bf57-aebb83d75233
2023-06-21 17:31:30,580 [main] WARN  balancer.ContainerBalancerTask (ContainerBalancerTask.java:reachedMaxSizeToMovePerIteration(731)) - Reached max size to move limit. 53687091200 bytes have already been scheduled for balancing and the limit is 53687091200 bytes.
2023-06-21 17:31:30,580 [main] INFO  balancer.ContainerBalancerTask (ContainerBalancerTask.java:checkIterationMoveResults(640)) - Iteration Summary. Number of Datanodes involved: 7. Size moved: 50 GB (53687091200 Bytes). Number of Container moves completed: 12.
2023-06-21 17:31:30,580 [main] INFO  balancer.ContainerBalancerTask (ContainerBalancerTask.java:balance(259)) - Result of this iteration of Container Balancer: ITERATION_COMPLETED
2023-06-21 17:31:30,581 [main] INFO  balancer.ContainerBalancerTask (ContainerBalancerTask.java:tryStopWithSaveConfiguration(308)) - Save Configuration for stopping. Reason: Completed all iterations.
]]></system-out>
  </testcase>
  <testcase name="testContainerBalancerConfiguration" classname="org.apache.hadoop.hdds.scm.container.balancer.TestContainerBalancerTask" time="0.07">
    <system-out><![CDATA[2023-06-21 17:31:30,621 [main] INFO  net.NodeSchemaLoader (NodeSchemaLoader.java:loadSchemaFromFile(129)) - Loading schema from [file:/home/runner/work/ozone/ozone/hadoop-hdds/common/target/classes/network-topology-default.xml]
2023-06-21 17:31:30,622 [main] INFO  net.NodeSchemaLoader (NodeSchemaLoader.java:loadSchema(176)) - Loading network topology layer schema file
2023-06-21 17:31:30,628 [main] INFO  net.NetworkTopologyImpl (NetworkTopologyImpl.java:add(112)) - Added a new node: /default-rack/b483d33f-4c13-4d00-8b52-de8b102fff99
2023-06-21 17:31:30,630 [main] INFO  net.NetworkTopologyImpl (NetworkTopologyImpl.java:add(112)) - Added a new node: /default-rack/3fc43122-1af6-4900-9f1a-009465e8b024
2023-06-21 17:31:30,630 [main] INFO  net.NetworkTopologyImpl (NetworkTopologyImpl.java:add(112)) - Added a new node: /default-rack/1741eab7-02aa-441f-8757-e7020f96a764
2023-06-21 17:31:30,630 [main] INFO  net.NetworkTopologyImpl (NetworkTopologyImpl.java:add(112)) - Added a new node: /default-rack/4be3ca86-ff92-43f2-84a1-57c698cedc59
2023-06-21 17:31:30,631 [main] INFO  net.NetworkTopologyImpl (NetworkTopologyImpl.java:add(112)) - Added a new node: /default-rack/623d5d9f-8807-404e-b782-a1a75dffce97
2023-06-21 17:31:30,631 [main] INFO  net.NetworkTopologyImpl (NetworkTopologyImpl.java:add(112)) - Added a new node: /default-rack/230b45e5-7bd8-4826-a7b6-442db0a3cd60
2023-06-21 17:31:30,631 [main] INFO  net.NetworkTopologyImpl (NetworkTopologyImpl.java:add(112)) - Added a new node: /default-rack/61ff1eb2-3709-4454-9239-e53ed26211cd
2023-06-21 17:31:30,631 [main] INFO  net.NetworkTopologyImpl (NetworkTopologyImpl.java:add(112)) - Added a new node: /default-rack/37892387-d81f-4e1f-8def-83e99a5657b5
2023-06-21 17:31:30,631 [main] INFO  net.NetworkTopologyImpl (NetworkTopologyImpl.java:add(112)) - Added a new node: /default-rack/626db939-ca46-43c6-a899-72065b11da61
2023-06-21 17:31:30,632 [main] INFO  net.NetworkTopologyImpl (NetworkTopologyImpl.java:add(112)) - Added a new node: /default-rack/edef16bb-c1e7-4437-b57d-d43eeb6fa376
2023-06-21 17:31:30,632 [main] INFO  algorithms.ContainerPlacementPolicyFactory (ContainerPlacementPolicyFactory.java:getPolicyInternal(86)) - Create container placement policy of type org.apache.hadoop.hdds.scm.container.placement.algorithms.SCMContainerPlacementRackAware
2023-06-21 17:31:30,632 [main] INFO  algorithms.ContainerPlacementPolicyFactory (ContainerPlacementPolicyFactory.java:getPolicyInternal(86)) - Create container placement policy of type org.apache.hadoop.hdds.scm.container.placement.algorithms.SCMContainerPlacementRackScatter
]]></system-out>
  </testcase>
  <testcase name="checkIterationResultTimeoutFromReplicationManager" classname="org.apache.hadoop.hdds.scm.container.balancer.TestContainerBalancerTask" time="0.113">
    <system-out><![CDATA[2023-06-21 17:31:30,694 [main] INFO  net.NodeSchemaLoader (NodeSchemaLoader.java:loadSchemaFromFile(129)) - Loading schema from [file:/home/runner/work/ozone/ozone/hadoop-hdds/common/target/classes/network-topology-default.xml]
2023-06-21 17:31:30,694 [main] INFO  net.NodeSchemaLoader (NodeSchemaLoader.java:loadSchema(176)) - Loading network topology layer schema file
2023-06-21 17:31:30,698 [main] INFO  net.NetworkTopologyImpl (NetworkTopologyImpl.java:add(112)) - Added a new node: /default-rack/e5e216d1-c403-4543-902c-9cc9ace7ceb3
2023-06-21 17:31:30,699 [main] INFO  net.NetworkTopologyImpl (NetworkTopologyImpl.java:add(112)) - Added a new node: /default-rack/5b311c8d-5761-497e-b39a-37f82321a772
2023-06-21 17:31:30,699 [main] INFO  net.NetworkTopologyImpl (NetworkTopologyImpl.java:add(112)) - Added a new node: /default-rack/ab06d982-2ac3-42d0-bfa1-00fb35a271eb
2023-06-21 17:31:30,700 [main] INFO  net.NetworkTopologyImpl (NetworkTopologyImpl.java:add(112)) - Added a new node: /default-rack/df6a0bef-2f3b-4ff2-8252-9fea51759d24
2023-06-21 17:31:30,700 [main] INFO  net.NetworkTopologyImpl (NetworkTopologyImpl.java:add(112)) - Added a new node: /default-rack/8ff97e2d-f521-4310-b40c-062debfde31f
2023-06-21 17:31:30,700 [main] INFO  net.NetworkTopologyImpl (NetworkTopologyImpl.java:add(112)) - Added a new node: /default-rack/e35b7993-737e-4de3-a774-574fd992faea
2023-06-21 17:31:30,701 [main] INFO  net.NetworkTopologyImpl (NetworkTopologyImpl.java:add(112)) - Added a new node: /default-rack/e089d27f-e4e2-4301-827e-efc01a0c52e0
2023-06-21 17:31:30,702 [main] INFO  net.NetworkTopologyImpl (NetworkTopologyImpl.java:add(112)) - Added a new node: /default-rack/47ca837d-dcdb-4bd5-af7c-d372ba391ce6
2023-06-21 17:31:30,702 [main] INFO  net.NetworkTopologyImpl (NetworkTopologyImpl.java:add(112)) - Added a new node: /default-rack/11b4c2aa-e132-4bac-816f-7b6576c2b8a2
2023-06-21 17:31:30,702 [main] INFO  net.NetworkTopologyImpl (NetworkTopologyImpl.java:add(112)) - Added a new node: /default-rack/886ca9ea-2258-4954-9e66-2886bc9dc6ba
2023-06-21 17:31:30,702 [main] INFO  algorithms.ContainerPlacementPolicyFactory (ContainerPlacementPolicyFactory.java:getPolicyInternal(86)) - Create container placement policy of type org.apache.hadoop.hdds.scm.container.placement.algorithms.SCMContainerPlacementRackAware
2023-06-21 17:31:30,703 [main] INFO  algorithms.ContainerPlacementPolicyFactory (ContainerPlacementPolicyFactory.java:getPolicyInternal(86)) - Create container placement policy of type org.apache.hadoop.hdds.scm.container.placement.algorithms.SCMContainerPlacementRackScatter
2023-06-21 17:31:30,711 [main] DEBUG balancer.ContainerBalancerTask (ContainerBalancerTask.java:initializeIteration(374)) - Average utilization of the cluster is 0.37319865575618
2023-06-21 17:31:30,711 [main] DEBUG balancer.ContainerBalancerTask (ContainerBalancerTask.java:initializeIteration(386)) - Lower limit for utilization is 0.27319865575617996 and Upper limit for utilization is 0.47319865575618003
2023-06-21 17:31:30,711 [main] DEBUG balancer.ContainerBalancerTask (ContainerBalancerTask.java:initializeIteration(398)) - Utilization for node e089d27f-e4e2-4301-827e-efc01a0c52e0 with capacity 59652323555B, used 53687091200B, and remaining 5965232355B is 0.9000000000083819
2023-06-21 17:31:30,711 [main] DEBUG balancer.ContainerBalancerTask (ContainerBalancerTask.java:initializeIteration(398)) - Utilization for node e35b7993-737e-4de3-a774-574fd992faea with capacity 92610232320B, used 74088185856B, and remaining 18522046464B is 0.8
2023-06-21 17:31:30,711 [main] DEBUG balancer.ContainerBalancerTask (ContainerBalancerTask.java:initializeIteration(398)) - Utilization for node 5b311c8d-5761-497e-b39a-37f82321a772 with capacity 70560177005B, used 49392123904B, and remaining 21168053101B is 0.7000000000070862
2023-06-21 17:31:30,711 [main] DEBUG balancer.ContainerBalancerTask (ContainerBalancerTask.java:initializeIteration(398)) - Utilization for node df6a0bef-2f3b-4ff2-8252-9fea51759d24 with capacity 53687091200B, used 32212254720B, and remaining 21474836480B is 0.6
2023-06-21 17:31:30,711 [main] DEBUG balancer.ContainerBalancerTask (ContainerBalancerTask.java:initializeIteration(398)) - Utilization for node e5e216d1-c403-4543-902c-9cc9ace7ceb3 with capacity 107374182400B, used 53687091200B, and remaining 53687091200B is 0.5
2023-06-21 17:31:30,712 [main] DEBUG balancer.ContainerBalancerTask (ContainerBalancerTask.java:initializeIteration(398)) - Utilization for node 8ff97e2d-f521-4310-b40c-062debfde31f with capacity 110058536960B, used 44023414784B, and remaining 66035122176B is 0.4
2023-06-21 17:31:30,712 [main] DEBUG balancer.ContainerBalancerTask (ContainerBalancerTask.java:initializeIteration(398)) - Utilization for node ab06d982-2ac3-42d0-bfa1-00fb35a271eb with capacity 150323855360B, used 45097156608B, and remaining 105226698752B is 0.3
2023-06-21 17:31:30,712 [main] DEBUG balancer.ContainerBalancerTask (ContainerBalancerTask.java:initializeIteration(398)) - Utilization for node 886ca9ea-2258-4954-9e66-2886bc9dc6ba with capacity 209379655680B, used 41875931136B, and remaining 167503724544B is 0.2
2023-06-21 17:31:30,712 [main] DEBUG balancer.ContainerBalancerTask (ContainerBalancerTask.java:initializeIteration(398)) - Utilization for node 47ca837d-dcdb-4bd5-af7c-d372ba391ce6 with capacity 246960619520B, used 24696061952B, and remaining 222264557568B is 0.1
2023-06-21 17:31:30,712 [main] DEBUG balancer.ContainerBalancerTask (ContainerBalancerTask.java:initializeIteration(398)) - Utilization for node 11b4c2aa-e132-4bac-816f-7b6576c2b8a2 with capacity 21474836480B, used 0B, and remaining 21474836480B is 0.0
2023-06-21 17:31:30,712 [main] INFO  balancer.ContainerBalancerTask (ContainerBalancerTask.java:initializeIteration(447)) - Container Balancer has identified 5 Over-Utilized and 3 Under-Utilized Datanodes that need to be balanced.
2023-06-21 17:31:30,712 [main] DEBUG balancer.ContainerBalancerTask (ContainerBalancerTask.java:lambda$initializeIteration$1(453)) - Datanode localhost-174.248.8.35 e089d27f-e4e2-4301-827e-efc01a0c52e0 is Over-Utilized.
2023-06-21 17:31:30,712 [main] DEBUG balancer.ContainerBalancerTask (ContainerBalancerTask.java:lambda$initializeIteration$1(453)) - Datanode localhost-190.217.41.211 e35b7993-737e-4de3-a774-574fd992faea is Over-Utilized.
2023-06-21 17:31:30,712 [main] DEBUG balancer.ContainerBalancerTask (ContainerBalancerTask.java:lambda$initializeIteration$1(453)) - Datanode localhost-133.210.74.66 5b311c8d-5761-497e-b39a-37f82321a772 is Over-Utilized.
2023-06-21 17:31:30,713 [main] DEBUG balancer.ContainerBalancerTask (ContainerBalancerTask.java:lambda$initializeIteration$1(453)) - Datanode localhost-160.223.230.165 df6a0bef-2f3b-4ff2-8252-9fea51759d24 is Over-Utilized.
2023-06-21 17:31:30,713 [main] DEBUG balancer.ContainerBalancerTask (ContainerBalancerTask.java:lambda$initializeIteration$1(453)) - Datanode localhost-58.57.132.99 e5e216d1-c403-4543-902c-9cc9ace7ceb3 is Over-Utilized.
2023-06-21 17:31:30,713 [main] DEBUG balancer.ContainerBalancerTask (ContainerBalancerTask.java:lambda$initializeIteration$2(459)) - Datanode localhost-247.88.3.80 11b4c2aa-e132-4bac-816f-7b6576c2b8a2 is Under-Utilized.
2023-06-21 17:31:30,713 [main] DEBUG balancer.ContainerBalancerTask (ContainerBalancerTask.java:lambda$initializeIteration$2(459)) - Datanode localhost-89.191.79.41 47ca837d-dcdb-4bd5-af7c-d372ba391ce6 is Under-Utilized.
2023-06-21 17:31:30,713 [main] DEBUG balancer.ContainerBalancerTask (ContainerBalancerTask.java:lambda$initializeIteration$2(459)) - Datanode localhost-91.178.195.221 886ca9ea-2258-4954-9e66-2886bc9dc6ba is Under-Utilized.
2023-06-21 17:31:30,727 [main] DEBUG balancer.ContainerBalancerTask (ContainerBalancerTask.java:matchSourceWithTarget(706)) - ContainerBalancer is finding suitable target for source datanode e089d27f-e4e2-4301-827e-efc01a0c52e0
2023-06-21 17:31:30,728 [main] INFO  balancer.ContainerBalancerTask (ContainerBalancerTask.java:matchSourceWithTarget(720)) - ContainerBalancer matched source datanode e089d27f-e4e2-4301-827e-efc01a0c52e0 with target datanode 11b4c2aa-e132-4bac-816f-7b6576c2b8a2 for container move.
2023-06-21 17:31:30,728 [main] INFO  balancer.ContainerBalancerTask (ContainerBalancerTask.java:processMoveSelection(569)) - ContainerBalancer is trying to move container #84 with size 4294967296B from source datanode e089d27f-e4e2-4301-827e-efc01a0c52e0 to target datanode 11b4c2aa-e132-4bac-816f-7b6576c2b8a2
2023-06-21 17:31:30,728 [main] WARN  balancer.ContainerBalancerTask (ContainerBalancerTask.java:lambda$moveContainer$3(839)) - Container move for container #84 from source e089d27f-e4e2-4301-827e-efc01a0c52e0 to target 11b4c2aa-e132-4bac-816f-7b6576c2b8a2 failed: REPLICATION_FAIL_TIME_OUT
2023-06-21 17:31:30,732 [main] DEBUG balancer.ContainerBalancerTask (ContainerBalancerTask.java:matchSourceWithTarget(706)) - ContainerBalancer is finding suitable target for source datanode e35b7993-737e-4de3-a774-574fd992faea
2023-06-21 17:31:30,733 [main] INFO  balancer.ContainerBalancerTask (ContainerBalancerTask.java:matchSourceWithTarget(720)) - ContainerBalancer matched source datanode e35b7993-737e-4de3-a774-574fd992faea with target datanode 11b4c2aa-e132-4bac-816f-7b6576c2b8a2 for container move.
2023-06-21 17:31:30,733 [main] INFO  balancer.ContainerBalancerTask (ContainerBalancerTask.java:processMoveSelection(569)) - ContainerBalancer is trying to move container #68 with size 5368709120B from source datanode e35b7993-737e-4de3-a774-574fd992faea to target datanode 11b4c2aa-e132-4bac-816f-7b6576c2b8a2
2023-06-21 17:31:30,733 [main] WARN  balancer.ContainerBalancerTask (ContainerBalancerTask.java:lambda$moveContainer$3(839)) - Container move for container #68 from source e35b7993-737e-4de3-a774-574fd992faea to target 11b4c2aa-e132-4bac-816f-7b6576c2b8a2 failed: DELETION_FAIL_TIME_OUT
2023-06-21 17:31:30,736 [main] DEBUG balancer.ContainerBalancerTask (ContainerBalancerTask.java:matchSourceWithTarget(706)) - ContainerBalancer is finding suitable target for source datanode 5b311c8d-5761-497e-b39a-37f82321a772
2023-06-21 17:31:30,736 [main] INFO  balancer.ContainerBalancerTask (ContainerBalancerTask.java:matchSourceWithTarget(720)) - ContainerBalancer matched source datanode 5b311c8d-5761-497e-b39a-37f82321a772 with target datanode 11b4c2aa-e132-4bac-816f-7b6576c2b8a2 for container move.
2023-06-21 17:31:30,736 [main] INFO  balancer.ContainerBalancerTask (ContainerBalancerTask.java:processMoveSelection(569)) - ContainerBalancer is trying to move container #84 with size 4294967296B from source datanode 5b311c8d-5761-497e-b39a-37f82321a772 to target datanode 11b4c2aa-e132-4bac-816f-7b6576c2b8a2
2023-06-21 17:31:30,736 [main] WARN  balancer.ContainerBalancerTask (ContainerBalancerTask.java:lambda$moveContainer$3(839)) - Container move for container #84 from source 5b311c8d-5761-497e-b39a-37f82321a772 to target 11b4c2aa-e132-4bac-816f-7b6576c2b8a2 failed: DELETION_FAIL_TIME_OUT
2023-06-21 17:31:30,739 [main] DEBUG balancer.ContainerBalancerTask (ContainerBalancerTask.java:matchSourceWithTarget(706)) - ContainerBalancer is finding suitable target for source datanode df6a0bef-2f3b-4ff2-8252-9fea51759d24
2023-06-21 17:31:30,739 [main] INFO  balancer.ContainerBalancerTask (ContainerBalancerTask.java:matchSourceWithTarget(720)) - ContainerBalancer matched source datanode df6a0bef-2f3b-4ff2-8252-9fea51759d24 with target datanode 11b4c2aa-e132-4bac-816f-7b6576c2b8a2 for container move.
2023-06-21 17:31:30,739 [main] INFO  balancer.ContainerBalancerTask (ContainerBalancerTask.java:processMoveSelection(569)) - ContainerBalancer is trying to move container #40 with size 5368709120B from source datanode df6a0bef-2f3b-4ff2-8252-9fea51759d24 to target datanode 11b4c2aa-e132-4bac-816f-7b6576c2b8a2
2023-06-21 17:31:30,739 [main] WARN  balancer.ContainerBalancerTask (ContainerBalancerTask.java:lambda$moveContainer$3(839)) - Container move for container #40 from source df6a0bef-2f3b-4ff2-8252-9fea51759d24 to target 11b4c2aa-e132-4bac-816f-7b6576c2b8a2 failed: DELETION_FAIL_TIME_OUT
2023-06-21 17:31:30,742 [main] DEBUG balancer.ContainerBalancerTask (ContainerBalancerTask.java:matchSourceWithTarget(706)) - ContainerBalancer is finding suitable target for source datanode e5e216d1-c403-4543-902c-9cc9ace7ceb3
2023-06-21 17:31:30,742 [main] INFO  balancer.ContainerBalancerTask (ContainerBalancerTask.java:matchSourceWithTarget(720)) - ContainerBalancer matched source datanode e5e216d1-c403-4543-902c-9cc9ace7ceb3 with target datanode 11b4c2aa-e132-4bac-816f-7b6576c2b8a2 for container move.
2023-06-21 17:31:30,742 [main] INFO  balancer.ContainerBalancerTask (ContainerBalancerTask.java:processMoveSelection(569)) - ContainerBalancer is trying to move container #40 with size 5368709120B from source datanode e5e216d1-c403-4543-902c-9cc9ace7ceb3 to target datanode 11b4c2aa-e132-4bac-816f-7b6576c2b8a2
2023-06-21 17:31:30,743 [main] WARN  balancer.ContainerBalancerTask (ContainerBalancerTask.java:lambda$moveContainer$3(839)) - Container move for container #40 from source e5e216d1-c403-4543-902c-9cc9ace7ceb3 to target 11b4c2aa-e132-4bac-816f-7b6576c2b8a2 failed: DELETION_FAIL_TIME_OUT
2023-06-21 17:31:30,743 [main] INFO  balancer.FindSourceGreedy (FindSourceGreedy.java:getNextCandidateSourceDataNode(126)) - no more candidate source data node
2023-06-21 17:31:30,743 [main] INFO  balancer.ContainerBalancerTask (ContainerBalancerTask.java:checkIterationMoveResults(640)) - Iteration Summary. Number of Datanodes involved: 0. Size moved: 0 B (0 Bytes). Number of Container moves completed: 0.
2023-06-21 17:31:30,743 [main] INFO  balancer.ContainerBalancerTask (ContainerBalancerTask.java:balance(259)) - Result of this iteration of Container Balancer: ITERATION_COMPLETED
2023-06-21 17:31:30,743 [main] INFO  balancer.ContainerBalancerTask (ContainerBalancerTask.java:tryStopWithSaveConfiguration(308)) - Save Configuration for stopping. Reason: Completed all iterations.
2023-06-21 17:31:30,745 [main] DEBUG balancer.ContainerBalancerTask (ContainerBalancerTask.java:initializeIteration(374)) - Average utilization of the cluster is 0.37319865575618
2023-06-21 17:31:30,745 [main] DEBUG balancer.ContainerBalancerTask (ContainerBalancerTask.java:initializeIteration(386)) - Lower limit for utilization is 0.27319865575617996 and Upper limit for utilization is 0.47319865575618003
2023-06-21 17:31:30,745 [main] DEBUG balancer.ContainerBalancerTask (ContainerBalancerTask.java:initializeIteration(398)) - Utilization for node e089d27f-e4e2-4301-827e-efc01a0c52e0 with capacity 59652323555B, used 53687091200B, and remaining 5965232355B is 0.9000000000083819
2023-06-21 17:31:30,745 [main] DEBUG balancer.ContainerBalancerTask (ContainerBalancerTask.java:initializeIteration(398)) - Utilization for node e35b7993-737e-4de3-a774-574fd992faea with capacity 92610232320B, used 74088185856B, and remaining 18522046464B is 0.8
2023-06-21 17:31:30,745 [main] DEBUG balancer.ContainerBalancerTask (ContainerBalancerTask.java:initializeIteration(398)) - Utilization for node 5b311c8d-5761-497e-b39a-37f82321a772 with capacity 70560177005B, used 49392123904B, and remaining 21168053101B is 0.7000000000070862
2023-06-21 17:31:30,745 [main] DEBUG balancer.ContainerBalancerTask (ContainerBalancerTask.java:initializeIteration(398)) - Utilization for node df6a0bef-2f3b-4ff2-8252-9fea51759d24 with capacity 53687091200B, used 32212254720B, and remaining 21474836480B is 0.6
2023-06-21 17:31:30,745 [main] DEBUG balancer.ContainerBalancerTask (ContainerBalancerTask.java:initializeIteration(398)) - Utilization for node e5e216d1-c403-4543-902c-9cc9ace7ceb3 with capacity 107374182400B, used 53687091200B, and remaining 53687091200B is 0.5
2023-06-21 17:31:30,746 [main] DEBUG balancer.ContainerBalancerTask (ContainerBalancerTask.java:initializeIteration(398)) - Utilization for node 8ff97e2d-f521-4310-b40c-062debfde31f with capacity 110058536960B, used 44023414784B, and remaining 66035122176B is 0.4
2023-06-21 17:31:30,746 [main] DEBUG balancer.ContainerBalancerTask (ContainerBalancerTask.java:initializeIteration(398)) - Utilization for node ab06d982-2ac3-42d0-bfa1-00fb35a271eb with capacity 150323855360B, used 45097156608B, and remaining 105226698752B is 0.3
2023-06-21 17:31:30,746 [main] DEBUG balancer.ContainerBalancerTask (ContainerBalancerTask.java:initializeIteration(398)) - Utilization for node 886ca9ea-2258-4954-9e66-2886bc9dc6ba with capacity 209379655680B, used 41875931136B, and remaining 167503724544B is 0.2
2023-06-21 17:31:30,746 [main] DEBUG balancer.ContainerBalancerTask (ContainerBalancerTask.java:initializeIteration(398)) - Utilization for node 47ca837d-dcdb-4bd5-af7c-d372ba391ce6 with capacity 246960619520B, used 24696061952B, and remaining 222264557568B is 0.1
2023-06-21 17:31:30,746 [main] DEBUG balancer.ContainerBalancerTask (ContainerBalancerTask.java:initializeIteration(398)) - Utilization for node 11b4c2aa-e132-4bac-816f-7b6576c2b8a2 with capacity 21474836480B, used 0B, and remaining 21474836480B is 0.0
2023-06-21 17:31:30,746 [main] INFO  balancer.ContainerBalancerTask (ContainerBalancerTask.java:initializeIteration(447)) - Container Balancer has identified 5 Over-Utilized and 3 Under-Utilized Datanodes that need to be balanced.
2023-06-21 17:31:30,746 [main] DEBUG balancer.ContainerBalancerTask (ContainerBalancerTask.java:lambda$initializeIteration$1(453)) - Datanode localhost-174.248.8.35 e089d27f-e4e2-4301-827e-efc01a0c52e0 is Over-Utilized.
2023-06-21 17:31:30,746 [main] DEBUG balancer.ContainerBalancerTask (ContainerBalancerTask.java:lambda$initializeIteration$1(453)) - Datanode localhost-190.217.41.211 e35b7993-737e-4de3-a774-574fd992faea is Over-Utilized.
2023-06-21 17:31:30,747 [main] DEBUG balancer.ContainerBalancerTask (ContainerBalancerTask.java:lambda$initializeIteration$1(453)) - Datanode localhost-133.210.74.66 5b311c8d-5761-497e-b39a-37f82321a772 is Over-Utilized.
2023-06-21 17:31:30,747 [main] DEBUG balancer.ContainerBalancerTask (ContainerBalancerTask.java:lambda$initializeIteration$1(453)) - Datanode localhost-160.223.230.165 df6a0bef-2f3b-4ff2-8252-9fea51759d24 is Over-Utilized.
2023-06-21 17:31:30,747 [main] DEBUG balancer.ContainerBalancerTask (ContainerBalancerTask.java:lambda$initializeIteration$1(453)) - Datanode localhost-58.57.132.99 e5e216d1-c403-4543-902c-9cc9ace7ceb3 is Over-Utilized.
2023-06-21 17:31:30,747 [main] DEBUG balancer.ContainerBalancerTask (ContainerBalancerTask.java:lambda$initializeIteration$2(459)) - Datanode localhost-247.88.3.80 11b4c2aa-e132-4bac-816f-7b6576c2b8a2 is Under-Utilized.
2023-06-21 17:31:30,747 [main] DEBUG balancer.ContainerBalancerTask (ContainerBalancerTask.java:lambda$initializeIteration$2(459)) - Datanode localhost-89.191.79.41 47ca837d-dcdb-4bd5-af7c-d372ba391ce6 is Under-Utilized.
2023-06-21 17:31:30,747 [main] DEBUG balancer.ContainerBalancerTask (ContainerBalancerTask.java:lambda$initializeIteration$2(459)) - Datanode localhost-91.178.195.221 886ca9ea-2258-4954-9e66-2886bc9dc6ba is Under-Utilized.
2023-06-21 17:31:30,750 [main] DEBUG balancer.ContainerBalancerTask (ContainerBalancerTask.java:matchSourceWithTarget(706)) - ContainerBalancer is finding suitable target for source datanode e089d27f-e4e2-4301-827e-efc01a0c52e0
2023-06-21 17:31:30,751 [main] INFO  balancer.ContainerBalancerTask (ContainerBalancerTask.java:matchSourceWithTarget(720)) - ContainerBalancer matched source datanode e089d27f-e4e2-4301-827e-efc01a0c52e0 with target datanode 11b4c2aa-e132-4bac-816f-7b6576c2b8a2 for container move.
2023-06-21 17:31:30,751 [main] INFO  balancer.ContainerBalancerTask (ContainerBalancerTask.java:processMoveSelection(569)) - ContainerBalancer is trying to move container #85 with size 5368709120B from source datanode e089d27f-e4e2-4301-827e-efc01a0c52e0 to target datanode 11b4c2aa-e132-4bac-816f-7b6576c2b8a2
2023-06-21 17:31:30,751 [main] WARN  balancer.ContainerBalancerTask (ContainerBalancerTask.java:lambda$moveContainer$3(839)) - Container move for container #85 from source e089d27f-e4e2-4301-827e-efc01a0c52e0 to target 11b4c2aa-e132-4bac-816f-7b6576c2b8a2 failed: REPLICATION_FAIL_TIME_OUT
2023-06-21 17:31:30,755 [main] DEBUG balancer.ContainerBalancerTask (ContainerBalancerTask.java:matchSourceWithTarget(706)) - ContainerBalancer is finding suitable target for source datanode e35b7993-737e-4de3-a774-574fd992faea
2023-06-21 17:31:30,755 [main] INFO  balancer.ContainerBalancerTask (ContainerBalancerTask.java:matchSourceWithTarget(720)) - ContainerBalancer matched source datanode e35b7993-737e-4de3-a774-574fd992faea with target datanode 11b4c2aa-e132-4bac-816f-7b6576c2b8a2 for container move.
2023-06-21 17:31:30,756 [main] INFO  balancer.ContainerBalancerTask (ContainerBalancerTask.java:processMoveSelection(569)) - ContainerBalancer is trying to move container #85 with size 5368709120B from source datanode e35b7993-737e-4de3-a774-574fd992faea to target datanode 11b4c2aa-e132-4bac-816f-7b6576c2b8a2
2023-06-21 17:31:30,756 [main] WARN  balancer.ContainerBalancerTask (ContainerBalancerTask.java:lambda$moveContainer$3(839)) - Container move for container #85 from source e35b7993-737e-4de3-a774-574fd992faea to target 11b4c2aa-e132-4bac-816f-7b6576c2b8a2 failed: DELETION_FAIL_TIME_OUT
2023-06-21 17:31:30,759 [main] DEBUG balancer.ContainerBalancerTask (ContainerBalancerTask.java:matchSourceWithTarget(706)) - ContainerBalancer is finding suitable target for source datanode 5b311c8d-5761-497e-b39a-37f82321a772
2023-06-21 17:31:30,759 [main] INFO  balancer.ContainerBalancerTask (ContainerBalancerTask.java:matchSourceWithTarget(720)) - ContainerBalancer matched source datanode 5b311c8d-5761-497e-b39a-37f82321a772 with target datanode 11b4c2aa-e132-4bac-816f-7b6576c2b8a2 for container move.
2023-06-21 17:31:30,759 [main] INFO  balancer.ContainerBalancerTask (ContainerBalancerTask.java:processMoveSelection(569)) - ContainerBalancer is trying to move container #53 with size 5368709120B from source datanode 5b311c8d-5761-497e-b39a-37f82321a772 to target datanode 11b4c2aa-e132-4bac-816f-7b6576c2b8a2
2023-06-21 17:31:30,759 [main] WARN  balancer.ContainerBalancerTask (ContainerBalancerTask.java:lambda$moveContainer$3(839)) - Container move for container #53 from source 5b311c8d-5761-497e-b39a-37f82321a772 to target 11b4c2aa-e132-4bac-816f-7b6576c2b8a2 failed: DELETION_FAIL_TIME_OUT
2023-06-21 17:31:30,765 [main] DEBUG balancer.ContainerBalancerTask (ContainerBalancerTask.java:matchSourceWithTarget(706)) - ContainerBalancer is finding suitable target for source datanode df6a0bef-2f3b-4ff2-8252-9fea51759d24
2023-06-21 17:31:30,766 [main] INFO  balancer.ContainerBalancerTask (ContainerBalancerTask.java:matchSourceWithTarget(720)) - ContainerBalancer matched source datanode df6a0bef-2f3b-4ff2-8252-9fea51759d24 with target datanode 11b4c2aa-e132-4bac-816f-7b6576c2b8a2 for container move.
2023-06-21 17:31:30,766 [main] INFO  balancer.ContainerBalancerTask (ContainerBalancerTask.java:processMoveSelection(569)) - ContainerBalancer is trying to move container #40 with size 5368709120B from source datanode df6a0bef-2f3b-4ff2-8252-9fea51759d24 to target datanode 11b4c2aa-e132-4bac-816f-7b6576c2b8a2
2023-06-21 17:31:30,766 [main] WARN  balancer.ContainerBalancerTask (ContainerBalancerTask.java:lambda$moveContainer$3(839)) - Container move for container #40 from source df6a0bef-2f3b-4ff2-8252-9fea51759d24 to target 11b4c2aa-e132-4bac-816f-7b6576c2b8a2 failed: DELETION_FAIL_TIME_OUT
2023-06-21 17:31:30,769 [main] DEBUG balancer.ContainerBalancerTask (ContainerBalancerTask.java:matchSourceWithTarget(706)) - ContainerBalancer is finding suitable target for source datanode e5e216d1-c403-4543-902c-9cc9ace7ceb3
2023-06-21 17:31:30,769 [main] INFO  balancer.ContainerBalancerTask (ContainerBalancerTask.java:matchSourceWithTarget(720)) - ContainerBalancer matched source datanode e5e216d1-c403-4543-902c-9cc9ace7ceb3 with target datanode 11b4c2aa-e132-4bac-816f-7b6576c2b8a2 for container move.
2023-06-21 17:31:30,769 [main] INFO  balancer.ContainerBalancerTask (ContainerBalancerTask.java:processMoveSelection(569)) - ContainerBalancer is trying to move container #40 with size 5368709120B from source datanode e5e216d1-c403-4543-902c-9cc9ace7ceb3 to target datanode 11b4c2aa-e132-4bac-816f-7b6576c2b8a2
2023-06-21 17:31:30,770 [main] WARN  balancer.ContainerBalancerTask (ContainerBalancerTask.java:lambda$moveContainer$3(839)) - Container move for container #40 from source e5e216d1-c403-4543-902c-9cc9ace7ceb3 to target 11b4c2aa-e132-4bac-816f-7b6576c2b8a2 failed: DELETION_FAIL_TIME_OUT
2023-06-21 17:31:30,770 [main] INFO  balancer.FindSourceGreedy (FindSourceGreedy.java:getNextCandidateSourceDataNode(126)) - no more candidate source data node
2023-06-21 17:31:30,770 [main] INFO  balancer.ContainerBalancerTask (ContainerBalancerTask.java:checkIterationMoveResults(640)) - Iteration Summary. Number of Datanodes involved: 0. Size moved: 0 B (0 Bytes). Number of Container moves completed: 0.
2023-06-21 17:31:30,770 [main] INFO  balancer.ContainerBalancerTask (ContainerBalancerTask.java:balance(259)) - Result of this iteration of Container Balancer: ITERATION_COMPLETED
2023-06-21 17:31:30,770 [main] INFO  balancer.ContainerBalancerTask (ContainerBalancerTask.java:tryStopWithSaveConfiguration(308)) - Save Configuration for stopping. Reason: Completed all iterations.
]]></system-out>
  </testcase>
  <testcase name="checkIterationResultTimeout" classname="org.apache.hadoop.hdds.scm.container.balancer.TestContainerBalancerTask" time="1.168">
    <system-out><![CDATA[2023-06-21 17:31:30,797 [main] INFO  net.NodeSchemaLoader (NodeSchemaLoader.java:loadSchemaFromFile(129)) - Loading schema from [file:/home/runner/work/ozone/ozone/hadoop-hdds/common/target/classes/network-topology-default.xml]
2023-06-21 17:31:30,797 [main] INFO  net.NodeSchemaLoader (NodeSchemaLoader.java:loadSchema(176)) - Loading network topology layer schema file
2023-06-21 17:31:30,799 [main] INFO  net.NetworkTopologyImpl (NetworkTopologyImpl.java:add(112)) - Added a new node: /default-rack/2067beb2-c5bc-44a7-91a7-5cb92e9d079c
2023-06-21 17:31:30,799 [main] INFO  net.NetworkTopologyImpl (NetworkTopologyImpl.java:add(112)) - Added a new node: /default-rack/15a3fb94-9b86-407e-b664-09bff428283d
2023-06-21 17:31:30,799 [main] INFO  net.NetworkTopologyImpl (NetworkTopologyImpl.java:add(112)) - Added a new node: /default-rack/29a64503-07d2-4ca0-835e-9a449a4350ec
2023-06-21 17:31:30,799 [main] INFO  net.NetworkTopologyImpl (NetworkTopologyImpl.java:add(112)) - Added a new node: /default-rack/62ec7cb2-4137-4008-8c44-3b3531d53cf6
2023-06-21 17:31:30,799 [main] INFO  net.NetworkTopologyImpl (NetworkTopologyImpl.java:add(112)) - Added a new node: /default-rack/95c96a48-cde6-4300-90ac-f190fbcbe546
2023-06-21 17:31:30,800 [main] INFO  net.NetworkTopologyImpl (NetworkTopologyImpl.java:add(112)) - Added a new node: /default-rack/6fc05471-1dfa-40f0-a603-129abebb3a95
2023-06-21 17:31:30,800 [main] INFO  net.NetworkTopologyImpl (NetworkTopologyImpl.java:add(112)) - Added a new node: /default-rack/402c236d-f575-436b-8044-427cf12f3e74
2023-06-21 17:31:30,800 [main] INFO  net.NetworkTopologyImpl (NetworkTopologyImpl.java:add(112)) - Added a new node: /default-rack/4354ed94-4fbc-4f40-a165-0bc3e4588b6c
2023-06-21 17:31:30,800 [main] INFO  net.NetworkTopologyImpl (NetworkTopologyImpl.java:add(112)) - Added a new node: /default-rack/15093c5e-b886-4583-acbb-10131c43aa87
2023-06-21 17:31:30,800 [main] INFO  net.NetworkTopologyImpl (NetworkTopologyImpl.java:add(112)) - Added a new node: /default-rack/68577c4a-3b0b-41dd-bfc5-48eea84c4f23
2023-06-21 17:31:30,800 [main] INFO  algorithms.ContainerPlacementPolicyFactory (ContainerPlacementPolicyFactory.java:getPolicyInternal(86)) - Create container placement policy of type org.apache.hadoop.hdds.scm.container.placement.algorithms.SCMContainerPlacementRackAware
2023-06-21 17:31:30,800 [main] INFO  algorithms.ContainerPlacementPolicyFactory (ContainerPlacementPolicyFactory.java:getPolicyInternal(86)) - Create container placement policy of type org.apache.hadoop.hdds.scm.container.placement.algorithms.SCMContainerPlacementRackScatter
2023-06-21 17:31:30,805 [main] DEBUG balancer.ContainerBalancerTask (ContainerBalancerTask.java:initializeIteration(374)) - Average utilization of the cluster is 0.34032837524805015
2023-06-21 17:31:30,805 [main] DEBUG balancer.ContainerBalancerTask (ContainerBalancerTask.java:initializeIteration(386)) - Lower limit for utilization is 0.24032837524805015 and Upper limit for utilization is 0.44032837524805013
2023-06-21 17:31:30,805 [main] DEBUG balancer.ContainerBalancerTask (ContainerBalancerTask.java:initializeIteration(398)) - Utilization for node 402c236d-f575-436b-8044-427cf12f3e74 with capacity 60845370026B, used 54760833024B, and remaining 6084537002B is 0.900000000009861
2023-06-21 17:31:30,805 [main] DEBUG balancer.ContainerBalancerTask (ContainerBalancerTask.java:initializeIteration(398)) - Utilization for node 15a3fb94-9b86-407e-b664-09bff428283d with capacity 57713623040B, used 46170898432B, and remaining 11542724608B is 0.8
2023-06-21 17:31:30,805 [main] DEBUG balancer.ContainerBalancerTask (ContainerBalancerTask.java:initializeIteration(398)) - Utilization for node 2067beb2-c5bc-44a7-91a7-5cb92e9d079c with capacity 65958426331B, used 46170898432B, and remaining 19787527899B is 0.7000000000045483
2023-06-21 17:31:30,805 [main] DEBUG balancer.ContainerBalancerTask (ContainerBalancerTask.java:initializeIteration(398)) - Utilization for node 15093c5e-b886-4583-acbb-10131c43aa87 with capacity 94847194453B, used 56908316672B, and remaining 37938877781B is 0.6000000000021086
2023-06-21 17:31:30,805 [main] DEBUG balancer.ContainerBalancerTask (ContainerBalancerTask.java:initializeIteration(398)) - Utilization for node 4354ed94-4fbc-4f40-a165-0bc3e4588b6c with capacity 62277025792B, used 31138512896B, and remaining 31138512896B is 0.5
2023-06-21 17:31:30,805 [main] DEBUG balancer.ContainerBalancerTask (ContainerBalancerTask.java:initializeIteration(398)) - Utilization for node 29a64503-07d2-4ca0-835e-9a449a4350ec with capacity 88583700480B, used 35433480192B, and remaining 53150220288B is 0.4
2023-06-21 17:31:30,806 [main] DEBUG balancer.ContainerBalancerTask (ContainerBalancerTask.java:initializeIteration(398)) - Utilization for node 6fc05471-1dfa-40f0-a603-129abebb3a95 with capacity 161061273600B, used 48318382080B, and remaining 112742891520B is 0.3
2023-06-21 17:31:30,806 [main] DEBUG balancer.ContainerBalancerTask (ContainerBalancerTask.java:initializeIteration(398)) - Utilization for node 68577c4a-3b0b-41dd-bfc5-48eea84c4f23 with capacity 182536110080B, used 36507222016B, and remaining 146028888064B is 0.2
2023-06-21 17:31:30,806 [main] DEBUG balancer.ContainerBalancerTask (ContainerBalancerTask.java:initializeIteration(398)) - Utilization for node 95c96a48-cde6-4300-90ac-f190fbcbe546 with capacity 332859965440B, used 33285996544B, and remaining 299573968896B is 0.1
2023-06-21 17:31:30,806 [main] DEBUG balancer.ContainerBalancerTask (ContainerBalancerTask.java:initializeIteration(398)) - Utilization for node 62ec7cb2-4137-4008-8c44-3b3531d53cf6 with capacity 35433480192B, used 0B, and remaining 35433480192B is 0.0
2023-06-21 17:31:30,806 [main] INFO  balancer.ContainerBalancerTask (ContainerBalancerTask.java:initializeIteration(447)) - Container Balancer has identified 5 Over-Utilized and 3 Under-Utilized Datanodes that need to be balanced.
2023-06-21 17:31:30,806 [main] DEBUG balancer.ContainerBalancerTask (ContainerBalancerTask.java:lambda$initializeIteration$1(453)) - Datanode localhost-206.194.92.103 402c236d-f575-436b-8044-427cf12f3e74 is Over-Utilized.
2023-06-21 17:31:30,806 [main] DEBUG balancer.ContainerBalancerTask (ContainerBalancerTask.java:lambda$initializeIteration$1(453)) - Datanode localhost-195.203.227.139 15a3fb94-9b86-407e-b664-09bff428283d is Over-Utilized.
2023-06-21 17:31:30,806 [main] DEBUG balancer.ContainerBalancerTask (ContainerBalancerTask.java:lambda$initializeIteration$1(453)) - Datanode localhost-17.169.201.182 2067beb2-c5bc-44a7-91a7-5cb92e9d079c is Over-Utilized.
2023-06-21 17:31:30,806 [main] DEBUG balancer.ContainerBalancerTask (ContainerBalancerTask.java:lambda$initializeIteration$1(453)) - Datanode localhost-109.35.50.210 15093c5e-b886-4583-acbb-10131c43aa87 is Over-Utilized.
2023-06-21 17:31:30,807 [main] DEBUG balancer.ContainerBalancerTask (ContainerBalancerTask.java:lambda$initializeIteration$1(453)) - Datanode localhost-139.110.80.33 4354ed94-4fbc-4f40-a165-0bc3e4588b6c is Over-Utilized.
2023-06-21 17:31:30,807 [main] DEBUG balancer.ContainerBalancerTask (ContainerBalancerTask.java:lambda$initializeIteration$2(459)) - Datanode localhost-2.163.210.230 62ec7cb2-4137-4008-8c44-3b3531d53cf6 is Under-Utilized.
2023-06-21 17:31:30,807 [main] DEBUG balancer.ContainerBalancerTask (ContainerBalancerTask.java:lambda$initializeIteration$2(459)) - Datanode localhost-81.73.0.98 95c96a48-cde6-4300-90ac-f190fbcbe546 is Under-Utilized.
2023-06-21 17:31:30,807 [main] DEBUG balancer.ContainerBalancerTask (ContainerBalancerTask.java:lambda$initializeIteration$2(459)) - Datanode localhost-121.224.185.59 68577c4a-3b0b-41dd-bfc5-48eea84c4f23 is Under-Utilized.
2023-06-21 17:31:30,810 [main] DEBUG balancer.ContainerBalancerTask (ContainerBalancerTask.java:matchSourceWithTarget(706)) - ContainerBalancer is finding suitable target for source datanode 402c236d-f575-436b-8044-427cf12f3e74
2023-06-21 17:31:30,811 [main] INFO  balancer.ContainerBalancerTask (ContainerBalancerTask.java:matchSourceWithTarget(720)) - ContainerBalancer matched source datanode 402c236d-f575-436b-8044-427cf12f3e74 with target datanode 62ec7cb2-4137-4008-8c44-3b3531d53cf6 for container move.
2023-06-21 17:31:30,811 [main] INFO  balancer.ContainerBalancerTask (ContainerBalancerTask.java:processMoveSelection(569)) - ContainerBalancer is trying to move container #84 with size 4294967296B from source datanode 402c236d-f575-436b-8044-427cf12f3e74 to target datanode 62ec7cb2-4137-4008-8c44-3b3531d53cf6
2023-06-21 17:31:30,811 [main] DEBUG balancer.ContainerBalancerTask (ContainerBalancerTask.java:lambda$moveContainer$3(834)) - Container move completed for container #84 from source 402c236d-f575-436b-8044-427cf12f3e74 to target 62ec7cb2-4137-4008-8c44-3b3531d53cf6
2023-06-21 17:31:30,814 [main] DEBUG balancer.ContainerBalancerTask (ContainerBalancerTask.java:matchSourceWithTarget(706)) - ContainerBalancer is finding suitable target for source datanode 402c236d-f575-436b-8044-427cf12f3e74
2023-06-21 17:31:30,814 [main] INFO  balancer.ContainerBalancerTask (ContainerBalancerTask.java:matchSourceWithTarget(720)) - ContainerBalancer matched source datanode 402c236d-f575-436b-8044-427cf12f3e74 with target datanode 95c96a48-cde6-4300-90ac-f190fbcbe546 for container move.
2023-06-21 17:31:30,815 [main] INFO  balancer.ContainerBalancerTask (ContainerBalancerTask.java:processMoveSelection(569)) - ContainerBalancer is trying to move container #88 with size 3221225472B from source datanode 402c236d-f575-436b-8044-427cf12f3e74 to target datanode 95c96a48-cde6-4300-90ac-f190fbcbe546
2023-06-21 17:31:30,818 [main] DEBUG balancer.ContainerBalancerTask (ContainerBalancerTask.java:matchSourceWithTarget(706)) - ContainerBalancer is finding suitable target for source datanode 15a3fb94-9b86-407e-b664-09bff428283d
2023-06-21 17:31:30,819 [main] INFO  balancer.ContainerBalancerTask (ContainerBalancerTask.java:matchSourceWithTarget(720)) - ContainerBalancer matched source datanode 15a3fb94-9b86-407e-b664-09bff428283d with target datanode 95c96a48-cde6-4300-90ac-f190fbcbe546 for container move.
2023-06-21 17:31:30,819 [main] INFO  balancer.ContainerBalancerTask (ContainerBalancerTask.java:processMoveSelection(569)) - ContainerBalancer is trying to move container #68 with size 5368709120B from source datanode 15a3fb94-9b86-407e-b664-09bff428283d to target datanode 95c96a48-cde6-4300-90ac-f190fbcbe546
2023-06-21 17:31:30,822 [main] DEBUG balancer.ContainerBalancerTask (ContainerBalancerTask.java:matchSourceWithTarget(706)) - ContainerBalancer is finding suitable target for source datanode 402c236d-f575-436b-8044-427cf12f3e74
2023-06-21 17:31:30,823 [main] INFO  balancer.ContainerBalancerTask (ContainerBalancerTask.java:matchSourceWithTarget(720)) - ContainerBalancer matched source datanode 402c236d-f575-436b-8044-427cf12f3e74 with target datanode 62ec7cb2-4137-4008-8c44-3b3531d53cf6 for container move.
2023-06-21 17:31:30,823 [main] INFO  balancer.ContainerBalancerTask (ContainerBalancerTask.java:processMoveSelection(569)) - ContainerBalancer is trying to move container #82 with size 2147483648B from source datanode 402c236d-f575-436b-8044-427cf12f3e74 to target datanode 62ec7cb2-4137-4008-8c44-3b3531d53cf6
2023-06-21 17:31:30,826 [main] DEBUG balancer.ContainerBalancerTask (ContainerBalancerTask.java:matchSourceWithTarget(706)) - ContainerBalancer is finding suitable target for source datanode 402c236d-f575-436b-8044-427cf12f3e74
2023-06-21 17:31:30,827 [main] INFO  balancer.ContainerBalancerTask (ContainerBalancerTask.java:matchSourceWithTarget(720)) - ContainerBalancer matched source datanode 402c236d-f575-436b-8044-427cf12f3e74 with target datanode 95c96a48-cde6-4300-90ac-f190fbcbe546 for container move.
2023-06-21 17:31:30,827 [main] INFO  balancer.ContainerBalancerTask (ContainerBalancerTask.java:processMoveSelection(569)) - ContainerBalancer is trying to move container #10 with size 2147483648B from source datanode 402c236d-f575-436b-8044-427cf12f3e74 to target datanode 95c96a48-cde6-4300-90ac-f190fbcbe546
2023-06-21 17:31:30,830 [main] DEBUG balancer.ContainerBalancerTask (ContainerBalancerTask.java:matchSourceWithTarget(706)) - ContainerBalancer is finding suitable target for source datanode 15a3fb94-9b86-407e-b664-09bff428283d
2023-06-21 17:31:30,830 [main] INFO  balancer.ContainerBalancerTask (ContainerBalancerTask.java:matchSourceWithTarget(720)) - ContainerBalancer matched source datanode 15a3fb94-9b86-407e-b664-09bff428283d with target datanode 62ec7cb2-4137-4008-8c44-3b3531d53cf6 for container move.
2023-06-21 17:31:30,830 [main] INFO  balancer.ContainerBalancerTask (ContainerBalancerTask.java:processMoveSelection(569)) - ContainerBalancer is trying to move container #52 with size 4294967296B from source datanode 15a3fb94-9b86-407e-b664-09bff428283d to target datanode 62ec7cb2-4137-4008-8c44-3b3531d53cf6
2023-06-21 17:31:30,835 [main] DEBUG balancer.ContainerBalancerTask (ContainerBalancerTask.java:matchSourceWithTarget(706)) - ContainerBalancer is finding suitable target for source datanode 402c236d-f575-436b-8044-427cf12f3e74
2023-06-21 17:31:30,836 [main] INFO  balancer.ContainerBalancerTask (ContainerBalancerTask.java:matchSourceWithTarget(720)) - ContainerBalancer matched source datanode 402c236d-f575-436b-8044-427cf12f3e74 with target datanode 68577c4a-3b0b-41dd-bfc5-48eea84c4f23 for container move.
2023-06-21 17:31:30,841 [main] INFO  balancer.ContainerBalancerTask (ContainerBalancerTask.java:processMoveSelection(569)) - ContainerBalancer is trying to move container #86 with size 1073741824B from source datanode 402c236d-f575-436b-8044-427cf12f3e74 to target datanode 68577c4a-3b0b-41dd-bfc5-48eea84c4f23
2023-06-21 17:31:30,846 [main] DEBUG balancer.ContainerBalancerTask (ContainerBalancerTask.java:matchSourceWithTarget(706)) - ContainerBalancer is finding suitable target for source datanode 2067beb2-c5bc-44a7-91a7-5cb92e9d079c
2023-06-21 17:31:30,847 [main] INFO  balancer.ContainerBalancerTask (ContainerBalancerTask.java:matchSourceWithTarget(720)) - ContainerBalancer matched source datanode 2067beb2-c5bc-44a7-91a7-5cb92e9d079c with target datanode 68577c4a-3b0b-41dd-bfc5-48eea84c4f23 for container move.
2023-06-21 17:31:30,847 [main] INFO  balancer.ContainerBalancerTask (ContainerBalancerTask.java:processMoveSelection(569)) - ContainerBalancer is trying to move container #18 with size 3221225472B from source datanode 2067beb2-c5bc-44a7-91a7-5cb92e9d079c to target datanode 68577c4a-3b0b-41dd-bfc5-48eea84c4f23
2023-06-21 17:31:30,851 [main] DEBUG balancer.ContainerBalancerTask (ContainerBalancerTask.java:matchSourceWithTarget(699)) - ContainerBalancer could not find any candidate containers for datanode 402c236d-f575-436b-8044-427cf12f3e74
2023-06-21 17:31:30,854 [main] DEBUG balancer.ContainerBalancerTask (ContainerBalancerTask.java:matchSourceWithTarget(706)) - ContainerBalancer is finding suitable target for source datanode 2067beb2-c5bc-44a7-91a7-5cb92e9d079c
2023-06-21 17:31:30,854 [main] INFO  balancer.ContainerBalancerTask (ContainerBalancerTask.java:matchSourceWithTarget(720)) - ContainerBalancer matched source datanode 2067beb2-c5bc-44a7-91a7-5cb92e9d079c with target datanode 68577c4a-3b0b-41dd-bfc5-48eea84c4f23 for container move.
2023-06-21 17:31:30,855 [main] INFO  balancer.ContainerBalancerTask (ContainerBalancerTask.java:processMoveSelection(569)) - ContainerBalancer is trying to move container #50 with size 2147483648B from source datanode 2067beb2-c5bc-44a7-91a7-5cb92e9d079c to target datanode 68577c4a-3b0b-41dd-bfc5-48eea84c4f23
2023-06-21 17:31:30,862 [main] DEBUG balancer.ContainerBalancerTask (ContainerBalancerTask.java:matchSourceWithTarget(706)) - ContainerBalancer is finding suitable target for source datanode 15a3fb94-9b86-407e-b664-09bff428283d
2023-06-21 17:31:30,863 [main] INFO  balancer.ContainerBalancerTask (ContainerBalancerTask.java:matchSourceWithTarget(720)) - ContainerBalancer matched source datanode 15a3fb94-9b86-407e-b664-09bff428283d with target datanode 68577c4a-3b0b-41dd-bfc5-48eea84c4f23 for container move.
2023-06-21 17:31:30,863 [main] INFO  balancer.ContainerBalancerTask (ContainerBalancerTask.java:processMoveSelection(569)) - ContainerBalancer is trying to move container #38 with size 3221225472B from source datanode 15a3fb94-9b86-407e-b664-09bff428283d to target datanode 68577c4a-3b0b-41dd-bfc5-48eea84c4f23
2023-06-21 17:31:30,867 [main] DEBUG balancer.ContainerBalancerTask (ContainerBalancerTask.java:matchSourceWithTarget(706)) - ContainerBalancer is finding suitable target for source datanode 2067beb2-c5bc-44a7-91a7-5cb92e9d079c
2023-06-21 17:31:30,867 [main] INFO  balancer.ContainerBalancerTask (ContainerBalancerTask.java:matchSourceWithTarget(720)) - ContainerBalancer matched source datanode 2067beb2-c5bc-44a7-91a7-5cb92e9d079c with target datanode 68577c4a-3b0b-41dd-bfc5-48eea84c4f23 for container move.
2023-06-21 17:31:30,867 [main] INFO  balancer.ContainerBalancerTask (ContainerBalancerTask.java:processMoveSelection(569)) - ContainerBalancer is trying to move container #54 with size 1073741824B from source datanode 2067beb2-c5bc-44a7-91a7-5cb92e9d079c to target datanode 68577c4a-3b0b-41dd-bfc5-48eea84c4f23
2023-06-21 17:31:30,872 [main] DEBUG balancer.ContainerBalancerTask (ContainerBalancerTask.java:matchSourceWithTarget(706)) - ContainerBalancer is finding suitable target for source datanode 2067beb2-c5bc-44a7-91a7-5cb92e9d079c
2023-06-21 17:31:30,872 [main] INFO  balancer.FindTargetGreedyByUsageInfo (AbstractFindTargetGreedy.java:findTargetForContainerMove(133)) - Container Balancer could not find a target for source datanode 2067beb2-c5bc-44a7-91a7-5cb92e9d079c
2023-06-21 17:31:30,872 [main] DEBUG balancer.ContainerBalancerTask (ContainerBalancerTask.java:matchSourceWithTarget(715)) - ContainerBalancer could not find a suitable target for source node 2067beb2-c5bc-44a7-91a7-5cb92e9d079c.
2023-06-21 17:31:30,876 [main] DEBUG balancer.ContainerBalancerTask (ContainerBalancerTask.java:matchSourceWithTarget(706)) - ContainerBalancer is finding suitable target for source datanode 15093c5e-b886-4583-acbb-10131c43aa87
2023-06-21 17:31:30,876 [main] INFO  balancer.FindTargetGreedyByUsageInfo (AbstractFindTargetGreedy.java:findTargetForContainerMove(133)) - Container Balancer could not find a target for source datanode 15093c5e-b886-4583-acbb-10131c43aa87
2023-06-21 17:31:30,876 [main] DEBUG balancer.ContainerBalancerTask (ContainerBalancerTask.java:matchSourceWithTarget(715)) - ContainerBalancer could not find a suitable target for source node 15093c5e-b886-4583-acbb-10131c43aa87.
2023-06-21 17:31:30,879 [main] DEBUG balancer.ContainerBalancerTask (ContainerBalancerTask.java:matchSourceWithTarget(706)) - ContainerBalancer is finding suitable target for source datanode 15a3fb94-9b86-407e-b664-09bff428283d
2023-06-21 17:31:30,879 [main] INFO  balancer.FindTargetGreedyByUsageInfo (AbstractFindTargetGreedy.java:findTargetForContainerMove(133)) - Container Balancer could not find a target for source datanode 15a3fb94-9b86-407e-b664-09bff428283d
2023-06-21 17:31:30,879 [main] DEBUG balancer.ContainerBalancerTask (ContainerBalancerTask.java:matchSourceWithTarget(715)) - ContainerBalancer could not find a suitable target for source node 15a3fb94-9b86-407e-b664-09bff428283d.
2023-06-21 17:31:30,882 [main] DEBUG balancer.ContainerBalancerTask (ContainerBalancerTask.java:matchSourceWithTarget(706)) - ContainerBalancer is finding suitable target for source datanode 4354ed94-4fbc-4f40-a165-0bc3e4588b6c
2023-06-21 17:31:30,883 [main] INFO  balancer.FindTargetGreedyByUsageInfo (AbstractFindTargetGreedy.java:findTargetForContainerMove(133)) - Container Balancer could not find a target for source datanode 4354ed94-4fbc-4f40-a165-0bc3e4588b6c
2023-06-21 17:31:30,883 [main] DEBUG balancer.ContainerBalancerTask (ContainerBalancerTask.java:matchSourceWithTarget(715)) - ContainerBalancer could not find a suitable target for source node 4354ed94-4fbc-4f40-a165-0bc3e4588b6c.
2023-06-21 17:31:30,883 [main] INFO  balancer.FindSourceGreedy (FindSourceGreedy.java:getNextCandidateSourceDataNode(126)) - no more candidate source data node
2023-06-21 17:31:31,383 [main] WARN  balancer.ContainerBalancerTask (ContainerBalancerTask.java:cancelMovesThatExceedTimeoutDuration(672)) - Container move timed out for container #68 from source 15a3fb94-9b86-407e-b664-09bff428283d to target 95c96a48-cde6-4300-90ac-f190fbcbe546.
2023-06-21 17:31:31,384 [main] WARN  balancer.ContainerBalancerTask (ContainerBalancerTask.java:cancelMovesThatExceedTimeoutDuration(672)) - Container move timed out for container #88 from source 402c236d-f575-436b-8044-427cf12f3e74 to target 95c96a48-cde6-4300-90ac-f190fbcbe546.
2023-06-21 17:31:31,384 [main] WARN  balancer.ContainerBalancerTask (ContainerBalancerTask.java:cancelMovesThatExceedTimeoutDuration(672)) - Container move timed out for container #38 from source 15a3fb94-9b86-407e-b664-09bff428283d to target 68577c4a-3b0b-41dd-bfc5-48eea84c4f23.
2023-06-21 17:31:31,384 [main] WARN  balancer.ContainerBalancerTask (ContainerBalancerTask.java:cancelMovesThatExceedTimeoutDuration(672)) - Container move timed out for container #50 from source 2067beb2-c5bc-44a7-91a7-5cb92e9d079c to target 68577c4a-3b0b-41dd-bfc5-48eea84c4f23.
2023-06-21 17:31:31,384 [main] WARN  balancer.ContainerBalancerTask (ContainerBalancerTask.java:cancelMovesThatExceedTimeoutDuration(672)) - Container move timed out for container #52 from source 15a3fb94-9b86-407e-b664-09bff428283d to target 62ec7cb2-4137-4008-8c44-3b3531d53cf6.
2023-06-21 17:31:31,384 [main] WARN  balancer.ContainerBalancerTask (ContainerBalancerTask.java:cancelMovesThatExceedTimeoutDuration(672)) - Container move timed out for container #54 from source 2067beb2-c5bc-44a7-91a7-5cb92e9d079c to target 68577c4a-3b0b-41dd-bfc5-48eea84c4f23.
2023-06-21 17:31:31,385 [main] WARN  balancer.ContainerBalancerTask (ContainerBalancerTask.java:cancelMovesThatExceedTimeoutDuration(672)) - Container move timed out for container #10 from source 402c236d-f575-436b-8044-427cf12f3e74 to target 95c96a48-cde6-4300-90ac-f190fbcbe546.
2023-06-21 17:31:31,385 [main] WARN  balancer.ContainerBalancerTask (ContainerBalancerTask.java:cancelMovesThatExceedTimeoutDuration(672)) - Container move timed out for container #86 from source 402c236d-f575-436b-8044-427cf12f3e74 to target 68577c4a-3b0b-41dd-bfc5-48eea84c4f23.
2023-06-21 17:31:31,385 [main] WARN  balancer.ContainerBalancerTask (ContainerBalancerTask.java:cancelMovesThatExceedTimeoutDuration(672)) - Container move timed out for container #18 from source 2067beb2-c5bc-44a7-91a7-5cb92e9d079c to target 68577c4a-3b0b-41dd-bfc5-48eea84c4f23.
2023-06-21 17:31:31,385 [main] WARN  balancer.ContainerBalancerTask (ContainerBalancerTask.java:cancelMovesThatExceedTimeoutDuration(672)) - Container move timed out for container #82 from source 402c236d-f575-436b-8044-427cf12f3e74 to target 62ec7cb2-4137-4008-8c44-3b3531d53cf6.
2023-06-21 17:31:31,385 [main] WARN  balancer.ContainerBalancerTask (ContainerBalancerTask.java:checkIterationMoveResults(620)) - 10 Container moves are canceled.
2023-06-21 17:31:31,385 [main] INFO  balancer.ContainerBalancerTask (ContainerBalancerTask.java:checkIterationMoveResults(640)) - Iteration Summary. Number of Datanodes involved: 6. Size moved: 4 GB (4294967296 Bytes). Number of Container moves completed: 1.
2023-06-21 17:31:31,385 [main] INFO  balancer.ContainerBalancerTask (ContainerBalancerTask.java:balance(259)) - Result of this iteration of Container Balancer: ITERATION_COMPLETED
2023-06-21 17:31:31,386 [main] INFO  balancer.ContainerBalancerTask (ContainerBalancerTask.java:tryStopWithSaveConfiguration(308)) - Save Configuration for stopping. Reason: Completed all iterations.
2023-06-21 17:31:31,387 [main] DEBUG balancer.ContainerBalancerTask (ContainerBalancerTask.java:initializeIteration(374)) - Average utilization of the cluster is 0.34032837524805015
2023-06-21 17:31:31,387 [main] DEBUG balancer.ContainerBalancerTask (ContainerBalancerTask.java:initializeIteration(386)) - Lower limit for utilization is 0.24032837524805015 and Upper limit for utilization is 0.44032837524805013
2023-06-21 17:31:31,387 [main] DEBUG balancer.ContainerBalancerTask (ContainerBalancerTask.java:initializeIteration(398)) - Utilization for node 402c236d-f575-436b-8044-427cf12f3e74 with capacity 60845370026B, used 54760833024B, and remaining 6084537002B is 0.900000000009861
2023-06-21 17:31:31,387 [main] DEBUG balancer.ContainerBalancerTask (ContainerBalancerTask.java:initializeIteration(398)) - Utilization for node 15a3fb94-9b86-407e-b664-09bff428283d with capacity 57713623040B, used 46170898432B, and remaining 11542724608B is 0.8
2023-06-21 17:31:31,388 [main] DEBUG balancer.ContainerBalancerTask (ContainerBalancerTask.java:initializeIteration(398)) - Utilization for node 2067beb2-c5bc-44a7-91a7-5cb92e9d079c with capacity 65958426331B, used 46170898432B, and remaining 19787527899B is 0.7000000000045483
2023-06-21 17:31:31,388 [main] DEBUG balancer.ContainerBalancerTask (ContainerBalancerTask.java:initializeIteration(398)) - Utilization for node 15093c5e-b886-4583-acbb-10131c43aa87 with capacity 94847194453B, used 56908316672B, and remaining 37938877781B is 0.6000000000021086
2023-06-21 17:31:31,388 [main] DEBUG balancer.ContainerBalancerTask (ContainerBalancerTask.java:initializeIteration(398)) - Utilization for node 4354ed94-4fbc-4f40-a165-0bc3e4588b6c with capacity 62277025792B, used 31138512896B, and remaining 31138512896B is 0.5
2023-06-21 17:31:31,388 [main] DEBUG balancer.ContainerBalancerTask (ContainerBalancerTask.java:initializeIteration(398)) - Utilization for node 29a64503-07d2-4ca0-835e-9a449a4350ec with capacity 88583700480B, used 35433480192B, and remaining 53150220288B is 0.4
2023-06-21 17:31:31,388 [main] DEBUG balancer.ContainerBalancerTask (ContainerBalancerTask.java:initializeIteration(398)) - Utilization for node 6fc05471-1dfa-40f0-a603-129abebb3a95 with capacity 161061273600B, used 48318382080B, and remaining 112742891520B is 0.3
2023-06-21 17:31:31,388 [main] DEBUG balancer.ContainerBalancerTask (ContainerBalancerTask.java:initializeIteration(398)) - Utilization for node 68577c4a-3b0b-41dd-bfc5-48eea84c4f23 with capacity 182536110080B, used 36507222016B, and remaining 146028888064B is 0.2
2023-06-21 17:31:31,388 [main] DEBUG balancer.ContainerBalancerTask (ContainerBalancerTask.java:initializeIteration(398)) - Utilization for node 95c96a48-cde6-4300-90ac-f190fbcbe546 with capacity 332859965440B, used 33285996544B, and remaining 299573968896B is 0.1
2023-06-21 17:31:31,388 [main] DEBUG balancer.ContainerBalancerTask (ContainerBalancerTask.java:initializeIteration(398)) - Utilization for node 62ec7cb2-4137-4008-8c44-3b3531d53cf6 with capacity 35433480192B, used 0B, and remaining 35433480192B is 0.0
2023-06-21 17:31:31,388 [main] INFO  balancer.ContainerBalancerTask (ContainerBalancerTask.java:initializeIteration(447)) - Container Balancer has identified 5 Over-Utilized and 3 Under-Utilized Datanodes that need to be balanced.
2023-06-21 17:31:31,388 [main] DEBUG balancer.ContainerBalancerTask (ContainerBalancerTask.java:lambda$initializeIteration$1(453)) - Datanode localhost-206.194.92.103 402c236d-f575-436b-8044-427cf12f3e74 is Over-Utilized.
2023-06-21 17:31:31,389 [main] DEBUG balancer.ContainerBalancerTask (ContainerBalancerTask.java:lambda$initializeIteration$1(453)) - Datanode localhost-195.203.227.139 15a3fb94-9b86-407e-b664-09bff428283d is Over-Utilized.
2023-06-21 17:31:31,389 [main] DEBUG balancer.ContainerBalancerTask (ContainerBalancerTask.java:lambda$initializeIteration$1(453)) - Datanode localhost-17.169.201.182 2067beb2-c5bc-44a7-91a7-5cb92e9d079c is Over-Utilized.
2023-06-21 17:31:31,389 [main] DEBUG balancer.ContainerBalancerTask (ContainerBalancerTask.java:lambda$initializeIteration$1(453)) - Datanode localhost-109.35.50.210 15093c5e-b886-4583-acbb-10131c43aa87 is Over-Utilized.
2023-06-21 17:31:31,389 [main] DEBUG balancer.ContainerBalancerTask (ContainerBalancerTask.java:lambda$initializeIteration$1(453)) - Datanode localhost-139.110.80.33 4354ed94-4fbc-4f40-a165-0bc3e4588b6c is Over-Utilized.
2023-06-21 17:31:31,389 [main] DEBUG balancer.ContainerBalancerTask (ContainerBalancerTask.java:lambda$initializeIteration$2(459)) - Datanode localhost-2.163.210.230 62ec7cb2-4137-4008-8c44-3b3531d53cf6 is Under-Utilized.
2023-06-21 17:31:31,389 [main] DEBUG balancer.ContainerBalancerTask (ContainerBalancerTask.java:lambda$initializeIteration$2(459)) - Datanode localhost-81.73.0.98 95c96a48-cde6-4300-90ac-f190fbcbe546 is Under-Utilized.
2023-06-21 17:31:31,389 [main] DEBUG balancer.ContainerBalancerTask (ContainerBalancerTask.java:lambda$initializeIteration$2(459)) - Datanode localhost-121.224.185.59 68577c4a-3b0b-41dd-bfc5-48eea84c4f23 is Under-Utilized.
2023-06-21 17:31:31,393 [main] DEBUG balancer.ContainerBalancerTask (ContainerBalancerTask.java:matchSourceWithTarget(706)) - ContainerBalancer is finding suitable target for source datanode 402c236d-f575-436b-8044-427cf12f3e74
2023-06-21 17:31:31,393 [main] INFO  balancer.ContainerBalancerTask (ContainerBalancerTask.java:matchSourceWithTarget(720)) - ContainerBalancer matched source datanode 402c236d-f575-436b-8044-427cf12f3e74 with target datanode 62ec7cb2-4137-4008-8c44-3b3531d53cf6 for container move.
2023-06-21 17:31:31,393 [main] INFO  balancer.ContainerBalancerTask (ContainerBalancerTask.java:processMoveSelection(569)) - ContainerBalancer is trying to move container #85 with size 5368709120B from source datanode 402c236d-f575-436b-8044-427cf12f3e74 to target datanode 62ec7cb2-4137-4008-8c44-3b3531d53cf6
2023-06-21 17:31:31,393 [main] DEBUG balancer.ContainerBalancerTask (ContainerBalancerTask.java:lambda$moveContainer$3(834)) - Container move completed for container #85 from source 402c236d-f575-436b-8044-427cf12f3e74 to target 62ec7cb2-4137-4008-8c44-3b3531d53cf6
2023-06-21 17:31:31,396 [main] DEBUG balancer.ContainerBalancerTask (ContainerBalancerTask.java:matchSourceWithTarget(706)) - ContainerBalancer is finding suitable target for source datanode 402c236d-f575-436b-8044-427cf12f3e74
2023-06-21 17:31:31,397 [main] INFO  balancer.ContainerBalancerTask (ContainerBalancerTask.java:matchSourceWithTarget(720)) - ContainerBalancer matched source datanode 402c236d-f575-436b-8044-427cf12f3e74 with target datanode 95c96a48-cde6-4300-90ac-f190fbcbe546 for container move.
2023-06-21 17:31:31,397 [main] INFO  balancer.ContainerBalancerTask (ContainerBalancerTask.java:processMoveSelection(569)) - ContainerBalancer is trying to move container #89 with size 4294967296B from source datanode 402c236d-f575-436b-8044-427cf12f3e74 to target datanode 95c96a48-cde6-4300-90ac-f190fbcbe546
2023-06-21 17:31:31,399 [main] DEBUG balancer.ContainerBalancerTask (ContainerBalancerTask.java:matchSourceWithTarget(706)) - ContainerBalancer is finding suitable target for source datanode 15a3fb94-9b86-407e-b664-09bff428283d
2023-06-21 17:31:31,400 [main] INFO  balancer.ContainerBalancerTask (ContainerBalancerTask.java:matchSourceWithTarget(720)) - ContainerBalancer matched source datanode 15a3fb94-9b86-407e-b664-09bff428283d with target datanode 95c96a48-cde6-4300-90ac-f190fbcbe546 for container move.
2023-06-21 17:31:31,400 [main] INFO  balancer.ContainerBalancerTask (ContainerBalancerTask.java:processMoveSelection(569)) - ContainerBalancer is trying to move container #68 with size 5368709120B from source datanode 15a3fb94-9b86-407e-b664-09bff428283d to target datanode 95c96a48-cde6-4300-90ac-f190fbcbe546
2023-06-21 17:31:31,403 [main] DEBUG balancer.ContainerBalancerTask (ContainerBalancerTask.java:matchSourceWithTarget(706)) - ContainerBalancer is finding suitable target for source datanode 402c236d-f575-436b-8044-427cf12f3e74
2023-06-21 17:31:31,404 [main] INFO  balancer.ContainerBalancerTask (ContainerBalancerTask.java:matchSourceWithTarget(720)) - ContainerBalancer matched source datanode 402c236d-f575-436b-8044-427cf12f3e74 with target datanode 95c96a48-cde6-4300-90ac-f190fbcbe546 for container move.
2023-06-21 17:31:31,404 [main] INFO  balancer.ContainerBalancerTask (ContainerBalancerTask.java:processMoveSelection(569)) - ContainerBalancer is trying to move container #86 with size 1073741824B from source datanode 402c236d-f575-436b-8044-427cf12f3e74 to target datanode 95c96a48-cde6-4300-90ac-f190fbcbe546
2023-06-21 17:31:31,408 [main] DEBUG balancer.ContainerBalancerTask (ContainerBalancerTask.java:matchSourceWithTarget(706)) - ContainerBalancer is finding suitable target for source datanode 402c236d-f575-436b-8044-427cf12f3e74
2023-06-21 17:31:31,408 [main] INFO  balancer.ContainerBalancerTask (ContainerBalancerTask.java:matchSourceWithTarget(720)) - ContainerBalancer matched source datanode 402c236d-f575-436b-8044-427cf12f3e74 with target datanode 62ec7cb2-4137-4008-8c44-3b3531d53cf6 for container move.
2023-06-21 17:31:31,408 [main] INFO  balancer.ContainerBalancerTask (ContainerBalancerTask.java:processMoveSelection(569)) - ContainerBalancer is trying to move container #53 with size 5368709120B from source datanode 402c236d-f575-436b-8044-427cf12f3e74 to target datanode 62ec7cb2-4137-4008-8c44-3b3531d53cf6
2023-06-21 17:31:31,411 [main] DEBUG balancer.ContainerBalancerTask (ContainerBalancerTask.java:matchSourceWithTarget(706)) - ContainerBalancer is finding suitable target for source datanode 15a3fb94-9b86-407e-b664-09bff428283d
2023-06-21 17:31:31,411 [main] INFO  balancer.ContainerBalancerTask (ContainerBalancerTask.java:matchSourceWithTarget(720)) - ContainerBalancer matched source datanode 15a3fb94-9b86-407e-b664-09bff428283d with target datanode 68577c4a-3b0b-41dd-bfc5-48eea84c4f23 for container move.
2023-06-21 17:31:31,411 [main] INFO  balancer.ContainerBalancerTask (ContainerBalancerTask.java:processMoveSelection(569)) - ContainerBalancer is trying to move container #40 with size 5368709120B from source datanode 15a3fb94-9b86-407e-b664-09bff428283d to target datanode 68577c4a-3b0b-41dd-bfc5-48eea84c4f23
2023-06-21 17:31:31,414 [main] DEBUG balancer.ContainerBalancerTask (ContainerBalancerTask.java:matchSourceWithTarget(706)) - ContainerBalancer is finding suitable target for source datanode 2067beb2-c5bc-44a7-91a7-5cb92e9d079c
2023-06-21 17:31:31,415 [main] INFO  balancer.ContainerBalancerTask (ContainerBalancerTask.java:matchSourceWithTarget(720)) - ContainerBalancer matched source datanode 2067beb2-c5bc-44a7-91a7-5cb92e9d079c with target datanode 68577c4a-3b0b-41dd-bfc5-48eea84c4f23 for container move.
2023-06-21 17:31:31,415 [main] INFO  balancer.ContainerBalancerTask (ContainerBalancerTask.java:processMoveSelection(569)) - ContainerBalancer is trying to move container #67 with size 4294967296B from source datanode 2067beb2-c5bc-44a7-91a7-5cb92e9d079c to target datanode 68577c4a-3b0b-41dd-bfc5-48eea84c4f23
2023-06-21 17:31:31,418 [main] DEBUG balancer.ContainerBalancerTask (ContainerBalancerTask.java:matchSourceWithTarget(706)) - ContainerBalancer is finding suitable target for source datanode 402c236d-f575-436b-8044-427cf12f3e74
2023-06-21 17:31:31,419 [main] INFO  balancer.ContainerBalancerTask (ContainerBalancerTask.java:matchSourceWithTarget(720)) - ContainerBalancer matched source datanode 402c236d-f575-436b-8044-427cf12f3e74 with target datanode 68577c4a-3b0b-41dd-bfc5-48eea84c4f23 for container move.
2023-06-21 17:31:31,419 [main] INFO  balancer.ContainerBalancerTask (ContainerBalancerTask.java:processMoveSelection(569)) - ContainerBalancer is trying to move container #81 with size 1073741824B from source datanode 402c236d-f575-436b-8044-427cf12f3e74 to target datanode 68577c4a-3b0b-41dd-bfc5-48eea84c4f23
2023-06-21 17:31:31,423 [main] DEBUG balancer.ContainerBalancerTask (ContainerBalancerTask.java:matchSourceWithTarget(706)) - ContainerBalancer is finding suitable target for source datanode 2067beb2-c5bc-44a7-91a7-5cb92e9d079c
2023-06-21 17:31:31,423 [main] INFO  balancer.FindTargetGreedyByUsageInfo (AbstractFindTargetGreedy.java:findTargetForContainerMove(133)) - Container Balancer could not find a target for source datanode 2067beb2-c5bc-44a7-91a7-5cb92e9d079c
2023-06-21 17:31:31,423 [main] DEBUG balancer.ContainerBalancerTask (ContainerBalancerTask.java:matchSourceWithTarget(715)) - ContainerBalancer could not find a suitable target for source node 2067beb2-c5bc-44a7-91a7-5cb92e9d079c.
2023-06-21 17:31:31,426 [main] DEBUG balancer.ContainerBalancerTask (ContainerBalancerTask.java:matchSourceWithTarget(706)) - ContainerBalancer is finding suitable target for source datanode 402c236d-f575-436b-8044-427cf12f3e74
2023-06-21 17:31:31,426 [main] INFO  balancer.FindTargetGreedyByUsageInfo (AbstractFindTargetGreedy.java:findTargetForContainerMove(133)) - Container Balancer could not find a target for source datanode 402c236d-f575-436b-8044-427cf12f3e74
2023-06-21 17:31:31,426 [main] DEBUG balancer.ContainerBalancerTask (ContainerBalancerTask.java:matchSourceWithTarget(715)) - ContainerBalancer could not find a suitable target for source node 402c236d-f575-436b-8044-427cf12f3e74.
2023-06-21 17:31:31,429 [main] DEBUG balancer.ContainerBalancerTask (ContainerBalancerTask.java:matchSourceWithTarget(706)) - ContainerBalancer is finding suitable target for source datanode 15a3fb94-9b86-407e-b664-09bff428283d
2023-06-21 17:31:31,429 [main] INFO  balancer.FindTargetGreedyByUsageInfo (AbstractFindTargetGreedy.java:findTargetForContainerMove(133)) - Container Balancer could not find a target for source datanode 15a3fb94-9b86-407e-b664-09bff428283d
2023-06-21 17:31:31,429 [main] DEBUG balancer.ContainerBalancerTask (ContainerBalancerTask.java:matchSourceWithTarget(715)) - ContainerBalancer could not find a suitable target for source node 15a3fb94-9b86-407e-b664-09bff428283d.
2023-06-21 17:31:31,433 [main] DEBUG balancer.ContainerBalancerTask (ContainerBalancerTask.java:matchSourceWithTarget(706)) - ContainerBalancer is finding suitable target for source datanode 15093c5e-b886-4583-acbb-10131c43aa87
2023-06-21 17:31:31,433 [main] INFO  balancer.FindTargetGreedyByUsageInfo (AbstractFindTargetGreedy.java:findTargetForContainerMove(133)) - Container Balancer could not find a target for source datanode 15093c5e-b886-4583-acbb-10131c43aa87
2023-06-21 17:31:31,433 [main] DEBUG balancer.ContainerBalancerTask (ContainerBalancerTask.java:matchSourceWithTarget(715)) - ContainerBalancer could not find a suitable target for source node 15093c5e-b886-4583-acbb-10131c43aa87.
2023-06-21 17:31:31,435 [main] DEBUG balancer.ContainerBalancerTask (ContainerBalancerTask.java:matchSourceWithTarget(706)) - ContainerBalancer is finding suitable target for source datanode 4354ed94-4fbc-4f40-a165-0bc3e4588b6c
2023-06-21 17:31:31,435 [main] INFO  balancer.FindTargetGreedyByUsageInfo (AbstractFindTargetGreedy.java:findTargetForContainerMove(133)) - Container Balancer could not find a target for source datanode 4354ed94-4fbc-4f40-a165-0bc3e4588b6c
2023-06-21 17:31:31,435 [main] DEBUG balancer.ContainerBalancerTask (ContainerBalancerTask.java:matchSourceWithTarget(715)) - ContainerBalancer could not find a suitable target for source node 4354ed94-4fbc-4f40-a165-0bc3e4588b6c.
2023-06-21 17:31:31,436 [main] INFO  balancer.FindSourceGreedy (FindSourceGreedy.java:getNextCandidateSourceDataNode(126)) - no more candidate source data node
2023-06-21 17:31:31,936 [main] WARN  balancer.ContainerBalancerTask (ContainerBalancerTask.java:cancelMovesThatExceedTimeoutDuration(672)) - Container move timed out for container #89 from source 402c236d-f575-436b-8044-427cf12f3e74 to target 95c96a48-cde6-4300-90ac-f190fbcbe546.
2023-06-21 17:31:31,936 [main] WARN  balancer.ContainerBalancerTask (ContainerBalancerTask.java:cancelMovesThatExceedTimeoutDuration(672)) - Container move timed out for container #67 from source 2067beb2-c5bc-44a7-91a7-5cb92e9d079c to target 68577c4a-3b0b-41dd-bfc5-48eea84c4f23.
2023-06-21 17:31:31,936 [main] WARN  balancer.ContainerBalancerTask (ContainerBalancerTask.java:cancelMovesThatExceedTimeoutDuration(672)) - Container move timed out for container #68 from source 15a3fb94-9b86-407e-b664-09bff428283d to target 95c96a48-cde6-4300-90ac-f190fbcbe546.
2023-06-21 17:31:31,936 [main] WARN  balancer.ContainerBalancerTask (ContainerBalancerTask.java:cancelMovesThatExceedTimeoutDuration(672)) - Container move timed out for container #40 from source 15a3fb94-9b86-407e-b664-09bff428283d to target 68577c4a-3b0b-41dd-bfc5-48eea84c4f23.
2023-06-21 17:31:31,937 [main] WARN  balancer.ContainerBalancerTask (ContainerBalancerTask.java:cancelMovesThatExceedTimeoutDuration(672)) - Container move timed out for container #53 from source 402c236d-f575-436b-8044-427cf12f3e74 to target 62ec7cb2-4137-4008-8c44-3b3531d53cf6.
2023-06-21 17:31:31,937 [main] WARN  balancer.ContainerBalancerTask (ContainerBalancerTask.java:cancelMovesThatExceedTimeoutDuration(672)) - Container move timed out for container #86 from source 402c236d-f575-436b-8044-427cf12f3e74 to target 95c96a48-cde6-4300-90ac-f190fbcbe546.
2023-06-21 17:31:31,937 [main] WARN  balancer.ContainerBalancerTask (ContainerBalancerTask.java:cancelMovesThatExceedTimeoutDuration(672)) - Container move timed out for container #81 from source 402c236d-f575-436b-8044-427cf12f3e74 to target 68577c4a-3b0b-41dd-bfc5-48eea84c4f23.
2023-06-21 17:31:31,937 [main] WARN  balancer.ContainerBalancerTask (ContainerBalancerTask.java:checkIterationMoveResults(620)) - 7 Container moves are canceled.
2023-06-21 17:31:31,937 [main] INFO  balancer.ContainerBalancerTask (ContainerBalancerTask.java:checkIterationMoveResults(640)) - Iteration Summary. Number of Datanodes involved: 6. Size moved: 5 GB (5368709120 Bytes). Number of Container moves completed: 1.
2023-06-21 17:31:31,937 [main] INFO  balancer.ContainerBalancerTask (ContainerBalancerTask.java:balance(259)) - Result of this iteration of Container Balancer: ITERATION_COMPLETED
2023-06-21 17:31:31,938 [main] INFO  balancer.ContainerBalancerTask (ContainerBalancerTask.java:tryStopWithSaveConfiguration(308)) - Save Configuration for stopping. Reason: Completed all iterations.
]]></system-out>
  </testcase>
  <testcase name="targetDatanodeShouldNotAlreadyContainSelectedContainer" classname="org.apache.hadoop.hdds.scm.container.balancer.TestContainerBalancerTask" time="0.171">
    <system-out><![CDATA[2023-06-21 17:31:31,979 [main] INFO  net.NodeSchemaLoader (NodeSchemaLoader.java:loadSchemaFromFile(129)) - Loading schema from [file:/home/runner/work/ozone/ozone/hadoop-hdds/common/target/classes/network-topology-default.xml]
2023-06-21 17:31:31,980 [main] INFO  net.NodeSchemaLoader (NodeSchemaLoader.java:loadSchema(176)) - Loading network topology layer schema file
2023-06-21 17:31:31,981 [main] INFO  net.NetworkTopologyImpl (NetworkTopologyImpl.java:add(112)) - Added a new node: /default-rack/ff4f21b4-af6a-42eb-93b5-9aade81fc23d
2023-06-21 17:31:31,982 [main] INFO  net.NetworkTopologyImpl (NetworkTopologyImpl.java:add(112)) - Added a new node: /default-rack/489abf9e-5a22-43d7-8c41-18348a2fe8cb
2023-06-21 17:31:31,982 [main] INFO  net.NetworkTopologyImpl (NetworkTopologyImpl.java:add(112)) - Added a new node: /default-rack/98861b4b-cd7c-454b-b697-11eb6e00e644
2023-06-21 17:31:31,982 [main] INFO  net.NetworkTopologyImpl (NetworkTopologyImpl.java:add(112)) - Added a new node: /default-rack/e052cf04-6180-43cf-9912-34d46940573d
2023-06-21 17:31:31,982 [main] INFO  net.NetworkTopologyImpl (NetworkTopologyImpl.java:add(112)) - Added a new node: /default-rack/2e8dcebe-f1f8-432b-8a04-be1366c0e2a3
2023-06-21 17:31:31,982 [main] INFO  net.NetworkTopologyImpl (NetworkTopologyImpl.java:add(112)) - Added a new node: /default-rack/3218d94b-cd62-4fb0-9804-c33129939da3
2023-06-21 17:31:31,982 [main] INFO  net.NetworkTopologyImpl (NetworkTopologyImpl.java:add(112)) - Added a new node: /default-rack/5cbe9966-3849-4e43-85a7-be68b1baf9f2
2023-06-21 17:31:31,982 [main] INFO  net.NetworkTopologyImpl (NetworkTopologyImpl.java:add(112)) - Added a new node: /default-rack/a983137e-4bdf-4349-b3aa-6f057f554258
2023-06-21 17:31:31,983 [main] INFO  net.NetworkTopologyImpl (NetworkTopologyImpl.java:add(112)) - Added a new node: /default-rack/dfb8f661-d418-46ef-a162-9fe567baeff9
2023-06-21 17:31:31,983 [main] INFO  net.NetworkTopologyImpl (NetworkTopologyImpl.java:add(112)) - Added a new node: /default-rack/becdc990-eda0-491f-96a2-2ec101b003ee
2023-06-21 17:31:31,983 [main] INFO  algorithms.ContainerPlacementPolicyFactory (ContainerPlacementPolicyFactory.java:getPolicyInternal(86)) - Create container placement policy of type org.apache.hadoop.hdds.scm.container.placement.algorithms.SCMContainerPlacementRackAware
2023-06-21 17:31:31,983 [main] INFO  algorithms.ContainerPlacementPolicyFactory (ContainerPlacementPolicyFactory.java:getPolicyInternal(86)) - Create container placement policy of type org.apache.hadoop.hdds.scm.container.placement.algorithms.SCMContainerPlacementRackScatter
2023-06-21 17:31:31,986 [main] DEBUG balancer.ContainerBalancerTask (ContainerBalancerTask.java:initializeIteration(374)) - Average utilization of the cluster is 0.3279950200899479
2023-06-21 17:31:31,986 [main] DEBUG balancer.ContainerBalancerTask (ContainerBalancerTask.java:initializeIteration(386)) - Lower limit for utilization is 0.2279950200899479 and Upper limit for utilization is 0.42799502008994794
2023-06-21 17:31:31,987 [main] DEBUG balancer.ContainerBalancerTask (ContainerBalancerTask.java:initializeIteration(398)) - Utilization for node 489abf9e-5a22-43d7-8c41-18348a2fe8cb with capacity 58459277084B, used 52613349376B, and remaining 5845927708B is 0.9000000000068423
2023-06-21 17:31:31,987 [main] DEBUG balancer.ContainerBalancerTask (ContainerBalancerTask.java:initializeIteration(398)) - Utilization for node ff4f21b4-af6a-42eb-93b5-9aade81fc23d with capacity 80530636800B, used 64424509440B, and remaining 16106127360B is 0.8
2023-06-21 17:31:31,987 [main] DEBUG balancer.ContainerBalancerTask (ContainerBalancerTask.java:initializeIteration(398)) - Utilization for node e052cf04-6180-43cf-9912-34d46940573d with capacity 56754924982B, used 39728447488B, and remaining 17026477494B is 0.7000000000105717
2023-06-21 17:31:31,987 [main] DEBUG balancer.ContainerBalancerTask (ContainerBalancerTask.java:initializeIteration(398)) - Utilization for node 98861b4b-cd7c-454b-b697-11eb6e00e644 with capacity 87688915626B, used 52613349376B, and remaining 35075566250B is 0.6000000000045616
2023-06-21 17:31:31,987 [main] DEBUG balancer.ContainerBalancerTask (ContainerBalancerTask.java:initializeIteration(398)) - Utilization for node a983137e-4bdf-4349-b3aa-6f057f554258 with capacity 85899345920B, used 42949672960B, and remaining 42949672960B is 0.5
2023-06-21 17:31:31,987 [main] DEBUG balancer.ContainerBalancerTask (ContainerBalancerTask.java:initializeIteration(398)) - Utilization for node 5cbe9966-3849-4e43-85a7-be68b1baf9f2 with capacity 91268055040B, used 36507222016B, and remaining 54760833024B is 0.4
2023-06-21 17:31:31,987 [main] DEBUG balancer.ContainerBalancerTask (ContainerBalancerTask.java:initializeIteration(398)) - Utilization for node 3218d94b-cd62-4fb0-9804-c33129939da3 with capacity 96636764160B, used 28991029248B, and remaining 67645734912B is 0.3
2023-06-21 17:31:31,987 [main] DEBUG balancer.ContainerBalancerTask (ContainerBalancerTask.java:initializeIteration(398)) - Utilization for node 2e8dcebe-f1f8-432b-8a04-be1366c0e2a3 with capacity 139586437120B, used 27917287424B, and remaining 111669149696B is 0.2
2023-06-21 17:31:31,987 [main] DEBUG balancer.ContainerBalancerTask (ContainerBalancerTask.java:initializeIteration(398)) - Utilization for node dfb8f661-d418-46ef-a162-9fe567baeff9 with capacity 493921239040B, used 49392123904B, and remaining 444529115136B is 0.1
2023-06-21 17:31:31,987 [main] DEBUG balancer.ContainerBalancerTask (ContainerBalancerTask.java:initializeIteration(398)) - Utilization for node becdc990-eda0-491f-96a2-2ec101b003ee with capacity 13958643712B, used 0B, and remaining 13958643712B is 0.0
2023-06-21 17:31:31,987 [main] INFO  balancer.ContainerBalancerTask (ContainerBalancerTask.java:initializeIteration(447)) - Container Balancer has identified 5 Over-Utilized and 3 Under-Utilized Datanodes that need to be balanced.
2023-06-21 17:31:31,988 [main] DEBUG balancer.ContainerBalancerTask (ContainerBalancerTask.java:lambda$initializeIteration$1(453)) - Datanode localhost-51.113.16.155 489abf9e-5a22-43d7-8c41-18348a2fe8cb is Over-Utilized.
2023-06-21 17:31:31,988 [main] DEBUG balancer.ContainerBalancerTask (ContainerBalancerTask.java:lambda$initializeIteration$1(453)) - Datanode localhost-173.184.212.219 ff4f21b4-af6a-42eb-93b5-9aade81fc23d is Over-Utilized.
2023-06-21 17:31:31,988 [main] DEBUG balancer.ContainerBalancerTask (ContainerBalancerTask.java:lambda$initializeIteration$1(453)) - Datanode localhost-23.92.194.70 e052cf04-6180-43cf-9912-34d46940573d is Over-Utilized.
2023-06-21 17:31:31,988 [main] DEBUG balancer.ContainerBalancerTask (ContainerBalancerTask.java:lambda$initializeIteration$1(453)) - Datanode localhost-0.251.84.90 98861b4b-cd7c-454b-b697-11eb6e00e644 is Over-Utilized.
2023-06-21 17:31:31,988 [main] DEBUG balancer.ContainerBalancerTask (ContainerBalancerTask.java:lambda$initializeIteration$1(453)) - Datanode localhost-183.139.108.128 a983137e-4bdf-4349-b3aa-6f057f554258 is Over-Utilized.
2023-06-21 17:31:31,988 [main] DEBUG balancer.ContainerBalancerTask (ContainerBalancerTask.java:lambda$initializeIteration$2(459)) - Datanode localhost-18.81.124.191 becdc990-eda0-491f-96a2-2ec101b003ee is Under-Utilized.
2023-06-21 17:31:31,988 [main] DEBUG balancer.ContainerBalancerTask (ContainerBalancerTask.java:lambda$initializeIteration$2(459)) - Datanode localhost-146.130.6.189 dfb8f661-d418-46ef-a162-9fe567baeff9 is Under-Utilized.
2023-06-21 17:31:31,988 [main] DEBUG balancer.ContainerBalancerTask (ContainerBalancerTask.java:lambda$initializeIteration$2(459)) - Datanode localhost-117.101.83.135 2e8dcebe-f1f8-432b-8a04-be1366c0e2a3 is Under-Utilized.
2023-06-21 17:31:31,991 [main] DEBUG balancer.ContainerBalancerTask (ContainerBalancerTask.java:matchSourceWithTarget(706)) - ContainerBalancer is finding suitable target for source datanode 489abf9e-5a22-43d7-8c41-18348a2fe8cb
2023-06-21 17:31:31,991 [main] INFO  balancer.ContainerBalancerTask (ContainerBalancerTask.java:matchSourceWithTarget(720)) - ContainerBalancer matched source datanode 489abf9e-5a22-43d7-8c41-18348a2fe8cb with target datanode becdc990-eda0-491f-96a2-2ec101b003ee for container move.
2023-06-21 17:31:31,991 [main] INFO  balancer.ContainerBalancerTask (ContainerBalancerTask.java:processMoveSelection(569)) - ContainerBalancer is trying to move container #85 with size 5368709120B from source datanode 489abf9e-5a22-43d7-8c41-18348a2fe8cb to target datanode becdc990-eda0-491f-96a2-2ec101b003ee
2023-06-21 17:31:31,992 [main] DEBUG balancer.ContainerBalancerTask (ContainerBalancerTask.java:lambda$moveContainer$3(834)) - Container move completed for container #85 from source 489abf9e-5a22-43d7-8c41-18348a2fe8cb to target becdc990-eda0-491f-96a2-2ec101b003ee
2023-06-21 17:31:31,994 [main] DEBUG balancer.ContainerBalancerTask (ContainerBalancerTask.java:matchSourceWithTarget(706)) - ContainerBalancer is finding suitable target for source datanode 489abf9e-5a22-43d7-8c41-18348a2fe8cb
2023-06-21 17:31:31,994 [main] INFO  balancer.ContainerBalancerTask (ContainerBalancerTask.java:matchSourceWithTarget(720)) - ContainerBalancer matched source datanode 489abf9e-5a22-43d7-8c41-18348a2fe8cb with target datanode dfb8f661-d418-46ef-a162-9fe567baeff9 for container move.
2023-06-21 17:31:31,995 [main] INFO  balancer.ContainerBalancerTask (ContainerBalancerTask.java:processMoveSelection(569)) - ContainerBalancer is trying to move container #53 with size 5368709120B from source datanode 489abf9e-5a22-43d7-8c41-18348a2fe8cb to target datanode dfb8f661-d418-46ef-a162-9fe567baeff9
2023-06-21 17:31:31,995 [main] DEBUG balancer.ContainerBalancerTask (ContainerBalancerTask.java:lambda$moveContainer$3(834)) - Container move completed for container #53 from source 489abf9e-5a22-43d7-8c41-18348a2fe8cb to target dfb8f661-d418-46ef-a162-9fe567baeff9
2023-06-21 17:31:31,998 [main] DEBUG balancer.ContainerBalancerTask (ContainerBalancerTask.java:matchSourceWithTarget(706)) - ContainerBalancer is finding suitable target for source datanode ff4f21b4-af6a-42eb-93b5-9aade81fc23d
2023-06-21 17:31:31,999 [main] INFO  balancer.ContainerBalancerTask (ContainerBalancerTask.java:matchSourceWithTarget(720)) - ContainerBalancer matched source datanode ff4f21b4-af6a-42eb-93b5-9aade81fc23d with target datanode dfb8f661-d418-46ef-a162-9fe567baeff9 for container move.
2023-06-21 17:31:31,999 [main] INFO  balancer.ContainerBalancerTask (ContainerBalancerTask.java:processMoveSelection(569)) - ContainerBalancer is trying to move container #68 with size 5368709120B from source datanode ff4f21b4-af6a-42eb-93b5-9aade81fc23d to target datanode dfb8f661-d418-46ef-a162-9fe567baeff9
2023-06-21 17:31:31,999 [main] DEBUG balancer.ContainerBalancerTask (ContainerBalancerTask.java:lambda$moveContainer$3(834)) - Container move completed for container #68 from source ff4f21b4-af6a-42eb-93b5-9aade81fc23d to target dfb8f661-d418-46ef-a162-9fe567baeff9
2023-06-21 17:31:32,003 [main] DEBUG balancer.ContainerBalancerTask (ContainerBalancerTask.java:matchSourceWithTarget(706)) - ContainerBalancer is finding suitable target for source datanode ff4f21b4-af6a-42eb-93b5-9aade81fc23d
2023-06-21 17:31:32,003 [main] INFO  balancer.ContainerBalancerTask (ContainerBalancerTask.java:matchSourceWithTarget(720)) - ContainerBalancer matched source datanode ff4f21b4-af6a-42eb-93b5-9aade81fc23d with target datanode dfb8f661-d418-46ef-a162-9fe567baeff9 for container move.
2023-06-21 17:31:32,003 [main] INFO  balancer.ContainerBalancerTask (ContainerBalancerTask.java:processMoveSelection(569)) - ContainerBalancer is trying to move container #52 with size 4294967296B from source datanode ff4f21b4-af6a-42eb-93b5-9aade81fc23d to target datanode dfb8f661-d418-46ef-a162-9fe567baeff9
2023-06-21 17:31:32,003 [main] DEBUG balancer.ContainerBalancerTask (ContainerBalancerTask.java:lambda$moveContainer$3(834)) - Container move completed for container #52 from source ff4f21b4-af6a-42eb-93b5-9aade81fc23d to target dfb8f661-d418-46ef-a162-9fe567baeff9
2023-06-21 17:31:32,006 [main] DEBUG balancer.ContainerBalancerTask (ContainerBalancerTask.java:matchSourceWithTarget(706)) - ContainerBalancer is finding suitable target for source datanode 489abf9e-5a22-43d7-8c41-18348a2fe8cb
2023-06-21 17:31:32,007 [main] INFO  balancer.ContainerBalancerTask (ContainerBalancerTask.java:matchSourceWithTarget(720)) - ContainerBalancer matched source datanode 489abf9e-5a22-43d7-8c41-18348a2fe8cb with target datanode dfb8f661-d418-46ef-a162-9fe567baeff9 for container move.
2023-06-21 17:31:32,007 [main] INFO  balancer.ContainerBalancerTask (ContainerBalancerTask.java:processMoveSelection(569)) - ContainerBalancer is trying to move container #88 with size 3221225472B from source datanode 489abf9e-5a22-43d7-8c41-18348a2fe8cb to target datanode dfb8f661-d418-46ef-a162-9fe567baeff9
2023-06-21 17:31:32,007 [main] DEBUG balancer.ContainerBalancerTask (ContainerBalancerTask.java:lambda$moveContainer$3(834)) - Container move completed for container #88 from source 489abf9e-5a22-43d7-8c41-18348a2fe8cb to target dfb8f661-d418-46ef-a162-9fe567baeff9
2023-06-21 17:31:32,010 [main] DEBUG balancer.ContainerBalancerTask (ContainerBalancerTask.java:matchSourceWithTarget(706)) - ContainerBalancer is finding suitable target for source datanode e052cf04-6180-43cf-9912-34d46940573d
2023-06-21 17:31:32,010 [main] INFO  balancer.ContainerBalancerTask (ContainerBalancerTask.java:matchSourceWithTarget(720)) - ContainerBalancer matched source datanode e052cf04-6180-43cf-9912-34d46940573d with target datanode dfb8f661-d418-46ef-a162-9fe567baeff9 for container move.
2023-06-21 17:31:32,010 [main] INFO  balancer.ContainerBalancerTask (ContainerBalancerTask.java:processMoveSelection(569)) - ContainerBalancer is trying to move container #65 with size 2147483648B from source datanode e052cf04-6180-43cf-9912-34d46940573d to target datanode dfb8f661-d418-46ef-a162-9fe567baeff9
2023-06-21 17:31:32,010 [main] DEBUG balancer.ContainerBalancerTask (ContainerBalancerTask.java:lambda$moveContainer$3(834)) - Container move completed for container #65 from source e052cf04-6180-43cf-9912-34d46940573d to target dfb8f661-d418-46ef-a162-9fe567baeff9
2023-06-21 17:31:32,014 [main] DEBUG balancer.ContainerBalancerTask (ContainerBalancerTask.java:matchSourceWithTarget(706)) - ContainerBalancer is finding suitable target for source datanode ff4f21b4-af6a-42eb-93b5-9aade81fc23d
2023-06-21 17:31:32,015 [main] INFO  balancer.ContainerBalancerTask (ContainerBalancerTask.java:matchSourceWithTarget(720)) - ContainerBalancer matched source datanode ff4f21b4-af6a-42eb-93b5-9aade81fc23d with target datanode dfb8f661-d418-46ef-a162-9fe567baeff9 for container move.
2023-06-21 17:31:32,015 [main] INFO  balancer.ContainerBalancerTask (ContainerBalancerTask.java:processMoveSelection(569)) - ContainerBalancer is trying to move container #11 with size 3221225472B from source datanode ff4f21b4-af6a-42eb-93b5-9aade81fc23d to target datanode dfb8f661-d418-46ef-a162-9fe567baeff9
2023-06-21 17:31:32,015 [main] DEBUG balancer.ContainerBalancerTask (ContainerBalancerTask.java:lambda$moveContainer$3(834)) - Container move completed for container #11 from source ff4f21b4-af6a-42eb-93b5-9aade81fc23d to target dfb8f661-d418-46ef-a162-9fe567baeff9
2023-06-21 17:31:32,018 [main] DEBUG balancer.ContainerBalancerTask (ContainerBalancerTask.java:matchSourceWithTarget(706)) - ContainerBalancer is finding suitable target for source datanode e052cf04-6180-43cf-9912-34d46940573d
2023-06-21 17:31:32,018 [main] INFO  balancer.ContainerBalancerTask (ContainerBalancerTask.java:matchSourceWithTarget(720)) - ContainerBalancer matched source datanode e052cf04-6180-43cf-9912-34d46940573d with target datanode dfb8f661-d418-46ef-a162-9fe567baeff9 for container move.
2023-06-21 17:31:32,018 [main] INFO  balancer.ContainerBalancerTask (ContainerBalancerTask.java:processMoveSelection(569)) - ContainerBalancer is trying to move container #55 with size 2147483648B from source datanode e052cf04-6180-43cf-9912-34d46940573d to target datanode dfb8f661-d418-46ef-a162-9fe567baeff9
2023-06-21 17:31:32,018 [main] DEBUG balancer.ContainerBalancerTask (ContainerBalancerTask.java:lambda$moveContainer$3(834)) - Container move completed for container #55 from source e052cf04-6180-43cf-9912-34d46940573d to target dfb8f661-d418-46ef-a162-9fe567baeff9
2023-06-21 17:31:32,021 [main] DEBUG balancer.ContainerBalancerTask (ContainerBalancerTask.java:matchSourceWithTarget(706)) - ContainerBalancer is finding suitable target for source datanode 489abf9e-5a22-43d7-8c41-18348a2fe8cb
2023-06-21 17:31:32,021 [main] INFO  balancer.ContainerBalancerTask (ContainerBalancerTask.java:matchSourceWithTarget(720)) - ContainerBalancer matched source datanode 489abf9e-5a22-43d7-8c41-18348a2fe8cb with target datanode dfb8f661-d418-46ef-a162-9fe567baeff9 for container move.
2023-06-21 17:31:32,022 [main] INFO  balancer.ContainerBalancerTask (ContainerBalancerTask.java:processMoveSelection(569)) - ContainerBalancer is trying to move container #87 with size 2147483648B from source datanode 489abf9e-5a22-43d7-8c41-18348a2fe8cb to target datanode dfb8f661-d418-46ef-a162-9fe567baeff9
2023-06-21 17:31:32,022 [main] DEBUG balancer.ContainerBalancerTask (ContainerBalancerTask.java:lambda$moveContainer$3(834)) - Container move completed for container #87 from source 489abf9e-5a22-43d7-8c41-18348a2fe8cb to target dfb8f661-d418-46ef-a162-9fe567baeff9
2023-06-21 17:31:32,026 [main] DEBUG balancer.ContainerBalancerTask (ContainerBalancerTask.java:matchSourceWithTarget(706)) - ContainerBalancer is finding suitable target for source datanode ff4f21b4-af6a-42eb-93b5-9aade81fc23d
2023-06-21 17:31:32,026 [main] INFO  balancer.ContainerBalancerTask (ContainerBalancerTask.java:matchSourceWithTarget(720)) - ContainerBalancer matched source datanode ff4f21b4-af6a-42eb-93b5-9aade81fc23d with target datanode dfb8f661-d418-46ef-a162-9fe567baeff9 for container move.
2023-06-21 17:31:32,026 [main] INFO  balancer.ContainerBalancerTask (ContainerBalancerTask.java:processMoveSelection(569)) - ContainerBalancer is trying to move container #82 with size 2147483648B from source datanode ff4f21b4-af6a-42eb-93b5-9aade81fc23d to target datanode dfb8f661-d418-46ef-a162-9fe567baeff9
2023-06-21 17:31:32,027 [main] DEBUG balancer.ContainerBalancerTask (ContainerBalancerTask.java:lambda$moveContainer$3(834)) - Container move completed for container #82 from source ff4f21b4-af6a-42eb-93b5-9aade81fc23d to target dfb8f661-d418-46ef-a162-9fe567baeff9
2023-06-21 17:31:32,030 [main] DEBUG balancer.ContainerBalancerTask (ContainerBalancerTask.java:matchSourceWithTarget(706)) - ContainerBalancer is finding suitable target for source datanode 489abf9e-5a22-43d7-8c41-18348a2fe8cb
2023-06-21 17:31:32,030 [main] INFO  balancer.ContainerBalancerTask (ContainerBalancerTask.java:matchSourceWithTarget(720)) - ContainerBalancer matched source datanode 489abf9e-5a22-43d7-8c41-18348a2fe8cb with target datanode dfb8f661-d418-46ef-a162-9fe567baeff9 for container move.
2023-06-21 17:31:32,030 [main] INFO  balancer.ContainerBalancerTask (ContainerBalancerTask.java:processMoveSelection(569)) - ContainerBalancer is trying to move container #17 with size 2147483648B from source datanode 489abf9e-5a22-43d7-8c41-18348a2fe8cb to target datanode dfb8f661-d418-46ef-a162-9fe567baeff9
2023-06-21 17:31:32,030 [main] DEBUG balancer.ContainerBalancerTask (ContainerBalancerTask.java:lambda$moveContainer$3(834)) - Container move completed for container #17 from source 489abf9e-5a22-43d7-8c41-18348a2fe8cb to target dfb8f661-d418-46ef-a162-9fe567baeff9
2023-06-21 17:31:32,033 [main] DEBUG balancer.ContainerBalancerTask (ContainerBalancerTask.java:matchSourceWithTarget(706)) - ContainerBalancer is finding suitable target for source datanode e052cf04-6180-43cf-9912-34d46940573d
2023-06-21 17:31:32,033 [main] INFO  balancer.ContainerBalancerTask (ContainerBalancerTask.java:matchSourceWithTarget(720)) - ContainerBalancer matched source datanode e052cf04-6180-43cf-9912-34d46940573d with target datanode dfb8f661-d418-46ef-a162-9fe567baeff9 for container move.
2023-06-21 17:31:32,034 [main] INFO  balancer.ContainerBalancerTask (ContainerBalancerTask.java:processMoveSelection(569)) - ContainerBalancer is trying to move container #50 with size 2147483648B from source datanode e052cf04-6180-43cf-9912-34d46940573d to target datanode dfb8f661-d418-46ef-a162-9fe567baeff9
2023-06-21 17:31:32,034 [main] DEBUG balancer.ContainerBalancerTask (ContainerBalancerTask.java:lambda$moveContainer$3(834)) - Container move completed for container #50 from source e052cf04-6180-43cf-9912-34d46940573d to target dfb8f661-d418-46ef-a162-9fe567baeff9
2023-06-21 17:31:32,038 [main] DEBUG balancer.ContainerBalancerTask (ContainerBalancerTask.java:matchSourceWithTarget(706)) - ContainerBalancer is finding suitable target for source datanode ff4f21b4-af6a-42eb-93b5-9aade81fc23d
2023-06-21 17:31:32,038 [main] INFO  balancer.ContainerBalancerTask (ContainerBalancerTask.java:matchSourceWithTarget(720)) - ContainerBalancer matched source datanode ff4f21b4-af6a-42eb-93b5-9aade81fc23d with target datanode dfb8f661-d418-46ef-a162-9fe567baeff9 for container move.
2023-06-21 17:31:32,039 [main] INFO  balancer.ContainerBalancerTask (ContainerBalancerTask.java:processMoveSelection(569)) - ContainerBalancer is trying to move container #70 with size 2147483648B from source datanode ff4f21b4-af6a-42eb-93b5-9aade81fc23d to target datanode dfb8f661-d418-46ef-a162-9fe567baeff9
2023-06-21 17:31:32,039 [main] DEBUG balancer.ContainerBalancerTask (ContainerBalancerTask.java:lambda$moveContainer$3(834)) - Container move completed for container #70 from source ff4f21b4-af6a-42eb-93b5-9aade81fc23d to target dfb8f661-d418-46ef-a162-9fe567baeff9
2023-06-21 17:31:32,042 [main] DEBUG balancer.ContainerBalancerTask (ContainerBalancerTask.java:matchSourceWithTarget(706)) - ContainerBalancer is finding suitable target for source datanode 98861b4b-cd7c-454b-b697-11eb6e00e644
2023-06-21 17:31:32,043 [main] INFO  balancer.ContainerBalancerTask (ContainerBalancerTask.java:matchSourceWithTarget(720)) - ContainerBalancer matched source datanode 98861b4b-cd7c-454b-b697-11eb6e00e644 with target datanode dfb8f661-d418-46ef-a162-9fe567baeff9 for container move.
2023-06-21 17:31:32,043 [main] INFO  balancer.ContainerBalancerTask (ContainerBalancerTask.java:processMoveSelection(569)) - ContainerBalancer is trying to move container #40 with size 5368709120B from source datanode 98861b4b-cd7c-454b-b697-11eb6e00e644 to target datanode dfb8f661-d418-46ef-a162-9fe567baeff9
2023-06-21 17:31:32,043 [main] DEBUG balancer.ContainerBalancerTask (ContainerBalancerTask.java:lambda$moveContainer$3(834)) - Container move completed for container #40 from source 98861b4b-cd7c-454b-b697-11eb6e00e644 to target dfb8f661-d418-46ef-a162-9fe567baeff9
2023-06-21 17:31:32,046 [main] DEBUG balancer.ContainerBalancerTask (ContainerBalancerTask.java:matchSourceWithTarget(706)) - ContainerBalancer is finding suitable target for source datanode 489abf9e-5a22-43d7-8c41-18348a2fe8cb
2023-06-21 17:31:32,046 [main] INFO  balancer.ContainerBalancerTask (ContainerBalancerTask.java:matchSourceWithTarget(720)) - ContainerBalancer matched source datanode 489abf9e-5a22-43d7-8c41-18348a2fe8cb with target datanode dfb8f661-d418-46ef-a162-9fe567baeff9 for container move.
2023-06-21 17:31:32,046 [main] INFO  balancer.ContainerBalancerTask (ContainerBalancerTask.java:processMoveSelection(569)) - ContainerBalancer is trying to move container #86 with size 1073741824B from source datanode 489abf9e-5a22-43d7-8c41-18348a2fe8cb to target datanode dfb8f661-d418-46ef-a162-9fe567baeff9
2023-06-21 17:31:32,047 [main] DEBUG balancer.ContainerBalancerTask (ContainerBalancerTask.java:lambda$moveContainer$3(834)) - Container move completed for container #86 from source 489abf9e-5a22-43d7-8c41-18348a2fe8cb to target dfb8f661-d418-46ef-a162-9fe567baeff9
2023-06-21 17:31:32,051 [main] DEBUG balancer.ContainerBalancerTask (ContainerBalancerTask.java:matchSourceWithTarget(706)) - ContainerBalancer is finding suitable target for source datanode ff4f21b4-af6a-42eb-93b5-9aade81fc23d
2023-06-21 17:31:32,051 [main] INFO  balancer.ContainerBalancerTask (ContainerBalancerTask.java:matchSourceWithTarget(720)) - ContainerBalancer matched source datanode ff4f21b4-af6a-42eb-93b5-9aade81fc23d with target datanode dfb8f661-d418-46ef-a162-9fe567baeff9 for container move.
2023-06-21 17:31:32,052 [main] INFO  balancer.ContainerBalancerTask (ContainerBalancerTask.java:processMoveSelection(569)) - ContainerBalancer is trying to move container #37 with size 2147483648B from source datanode ff4f21b4-af6a-42eb-93b5-9aade81fc23d to target datanode dfb8f661-d418-46ef-a162-9fe567baeff9
2023-06-21 17:31:32,052 [main] DEBUG balancer.ContainerBalancerTask (ContainerBalancerTask.java:lambda$moveContainer$3(834)) - Container move completed for container #37 from source ff4f21b4-af6a-42eb-93b5-9aade81fc23d to target dfb8f661-d418-46ef-a162-9fe567baeff9
2023-06-21 17:31:32,053 [main] DEBUG balancer.ContainerBalancerTask (ContainerBalancerTask.java:matchSourceWithTarget(706)) - ContainerBalancer is finding suitable target for source datanode e052cf04-6180-43cf-9912-34d46940573d
2023-06-21 17:31:32,054 [main] INFO  balancer.ContainerBalancerTask (ContainerBalancerTask.java:matchSourceWithTarget(720)) - ContainerBalancer matched source datanode e052cf04-6180-43cf-9912-34d46940573d with target datanode dfb8f661-d418-46ef-a162-9fe567baeff9 for container move.
2023-06-21 17:31:32,054 [main] INFO  balancer.ContainerBalancerTask (ContainerBalancerTask.java:processMoveSelection(569)) - ContainerBalancer is trying to move container #81 with size 1073741824B from source datanode e052cf04-6180-43cf-9912-34d46940573d to target datanode dfb8f661-d418-46ef-a162-9fe567baeff9
2023-06-21 17:31:32,054 [main] DEBUG balancer.ContainerBalancerTask (ContainerBalancerTask.java:lambda$moveContainer$3(834)) - Container move completed for container #81 from source e052cf04-6180-43cf-9912-34d46940573d to target dfb8f661-d418-46ef-a162-9fe567baeff9
2023-06-21 17:31:32,057 [main] DEBUG balancer.ContainerBalancerTask (ContainerBalancerTask.java:matchSourceWithTarget(706)) - ContainerBalancer is finding suitable target for source datanode 489abf9e-5a22-43d7-8c41-18348a2fe8cb
2023-06-21 17:31:32,057 [main] INFO  balancer.ContainerBalancerTask (ContainerBalancerTask.java:matchSourceWithTarget(720)) - ContainerBalancer matched source datanode 489abf9e-5a22-43d7-8c41-18348a2fe8cb with target datanode dfb8f661-d418-46ef-a162-9fe567baeff9 for container move.
2023-06-21 17:31:32,058 [main] INFO  balancer.ContainerBalancerTask (ContainerBalancerTask.java:processMoveSelection(569)) - ContainerBalancer is trying to move container #69 with size 1073741824B from source datanode 489abf9e-5a22-43d7-8c41-18348a2fe8cb to target datanode dfb8f661-d418-46ef-a162-9fe567baeff9
2023-06-21 17:31:32,058 [main] DEBUG balancer.ContainerBalancerTask (ContainerBalancerTask.java:lambda$moveContainer$3(834)) - Container move completed for container #69 from source 489abf9e-5a22-43d7-8c41-18348a2fe8cb to target dfb8f661-d418-46ef-a162-9fe567baeff9
2023-06-21 17:31:32,059 [main] DEBUG balancer.ContainerBalancerTask (ContainerBalancerTask.java:matchSourceWithTarget(706)) - ContainerBalancer is finding suitable target for source datanode e052cf04-6180-43cf-9912-34d46940573d
2023-06-21 17:31:32,060 [main] INFO  balancer.ContainerBalancerTask (ContainerBalancerTask.java:matchSourceWithTarget(720)) - ContainerBalancer matched source datanode e052cf04-6180-43cf-9912-34d46940573d with target datanode dfb8f661-d418-46ef-a162-9fe567baeff9 for container move.
2023-06-21 17:31:32,060 [main] INFO  balancer.ContainerBalancerTask (ContainerBalancerTask.java:processMoveSelection(569)) - ContainerBalancer is trying to move container #54 with size 1073741824B from source datanode e052cf04-6180-43cf-9912-34d46940573d to target datanode dfb8f661-d418-46ef-a162-9fe567baeff9
2023-06-21 17:31:32,060 [main] DEBUG balancer.ContainerBalancerTask (ContainerBalancerTask.java:lambda$moveContainer$3(834)) - Container move completed for container #54 from source e052cf04-6180-43cf-9912-34d46940573d to target dfb8f661-d418-46ef-a162-9fe567baeff9
2023-06-21 17:31:32,064 [main] DEBUG balancer.ContainerBalancerTask (ContainerBalancerTask.java:matchSourceWithTarget(706)) - ContainerBalancer is finding suitable target for source datanode ff4f21b4-af6a-42eb-93b5-9aade81fc23d
2023-06-21 17:31:32,065 [main] INFO  balancer.ContainerBalancerTask (ContainerBalancerTask.java:matchSourceWithTarget(720)) - ContainerBalancer matched source datanode ff4f21b4-af6a-42eb-93b5-9aade81fc23d with target datanode dfb8f661-d418-46ef-a162-9fe567baeff9 for container move.
2023-06-21 17:31:32,065 [main] INFO  balancer.ContainerBalancerTask (ContainerBalancerTask.java:processMoveSelection(569)) - ContainerBalancer is trying to move container #10 with size 2147483648B from source datanode ff4f21b4-af6a-42eb-93b5-9aade81fc23d to target datanode dfb8f661-d418-46ef-a162-9fe567baeff9
2023-06-21 17:31:32,065 [main] DEBUG balancer.ContainerBalancerTask (ContainerBalancerTask.java:lambda$moveContainer$3(834)) - Container move completed for container #10 from source ff4f21b4-af6a-42eb-93b5-9aade81fc23d to target dfb8f661-d418-46ef-a162-9fe567baeff9
2023-06-21 17:31:32,067 [main] DEBUG balancer.ContainerBalancerTask (ContainerBalancerTask.java:matchSourceWithTarget(706)) - ContainerBalancer is finding suitable target for source datanode 489abf9e-5a22-43d7-8c41-18348a2fe8cb
2023-06-21 17:31:32,067 [main] INFO  balancer.ContainerBalancerTask (ContainerBalancerTask.java:matchSourceWithTarget(720)) - ContainerBalancer matched source datanode 489abf9e-5a22-43d7-8c41-18348a2fe8cb with target datanode 2e8dcebe-f1f8-432b-8a04-be1366c0e2a3 for container move.
2023-06-21 17:31:32,067 [main] INFO  balancer.ContainerBalancerTask (ContainerBalancerTask.java:processMoveSelection(569)) - ContainerBalancer is trying to move container #89 with size 4294967296B from source datanode 489abf9e-5a22-43d7-8c41-18348a2fe8cb to target datanode 2e8dcebe-f1f8-432b-8a04-be1366c0e2a3
2023-06-21 17:31:32,067 [main] DEBUG balancer.ContainerBalancerTask (ContainerBalancerTask.java:lambda$moveContainer$3(834)) - Container move completed for container #89 from source 489abf9e-5a22-43d7-8c41-18348a2fe8cb to target 2e8dcebe-f1f8-432b-8a04-be1366c0e2a3
2023-06-21 17:31:32,069 [main] DEBUG balancer.ContainerBalancerTask (ContainerBalancerTask.java:matchSourceWithTarget(706)) - ContainerBalancer is finding suitable target for source datanode e052cf04-6180-43cf-9912-34d46940573d
2023-06-21 17:31:32,069 [main] INFO  balancer.ContainerBalancerTask (ContainerBalancerTask.java:matchSourceWithTarget(720)) - ContainerBalancer matched source datanode e052cf04-6180-43cf-9912-34d46940573d with target datanode dfb8f661-d418-46ef-a162-9fe567baeff9 for container move.
2023-06-21 17:31:32,070 [main] INFO  balancer.ContainerBalancerTask (ContainerBalancerTask.java:processMoveSelection(569)) - ContainerBalancer is trying to move container #41 with size 1073741824B from source datanode e052cf04-6180-43cf-9912-34d46940573d to target datanode dfb8f661-d418-46ef-a162-9fe567baeff9
2023-06-21 17:31:32,070 [main] DEBUG balancer.ContainerBalancerTask (ContainerBalancerTask.java:lambda$moveContainer$3(834)) - Container move completed for container #41 from source e052cf04-6180-43cf-9912-34d46940573d to target dfb8f661-d418-46ef-a162-9fe567baeff9
2023-06-21 17:31:32,072 [main] DEBUG balancer.ContainerBalancerTask (ContainerBalancerTask.java:matchSourceWithTarget(706)) - ContainerBalancer is finding suitable target for source datanode 98861b4b-cd7c-454b-b697-11eb6e00e644
2023-06-21 17:31:32,072 [main] INFO  balancer.ContainerBalancerTask (ContainerBalancerTask.java:matchSourceWithTarget(720)) - ContainerBalancer matched source datanode 98861b4b-cd7c-454b-b697-11eb6e00e644 with target datanode dfb8f661-d418-46ef-a162-9fe567baeff9 for container move.
2023-06-21 17:31:32,072 [main] INFO  balancer.ContainerBalancerTask (ContainerBalancerTask.java:processMoveSelection(569)) - ContainerBalancer is trying to move container #36 with size 1073741824B from source datanode 98861b4b-cd7c-454b-b697-11eb6e00e644 to target datanode dfb8f661-d418-46ef-a162-9fe567baeff9
2023-06-21 17:31:32,072 [main] DEBUG balancer.ContainerBalancerTask (ContainerBalancerTask.java:lambda$moveContainer$3(834)) - Container move completed for container #36 from source 98861b4b-cd7c-454b-b697-11eb6e00e644 to target dfb8f661-d418-46ef-a162-9fe567baeff9
2023-06-21 17:31:32,077 [main] DEBUG balancer.ContainerBalancerTask (ContainerBalancerTask.java:matchSourceWithTarget(706)) - ContainerBalancer is finding suitable target for source datanode ff4f21b4-af6a-42eb-93b5-9aade81fc23d
2023-06-21 17:31:32,078 [main] INFO  balancer.ContainerBalancerTask (ContainerBalancerTask.java:matchSourceWithTarget(720)) - ContainerBalancer matched source datanode ff4f21b4-af6a-42eb-93b5-9aade81fc23d with target datanode dfb8f661-d418-46ef-a162-9fe567baeff9 for container move.
2023-06-21 17:31:32,078 [main] INFO  balancer.ContainerBalancerTask (ContainerBalancerTask.java:processMoveSelection(569)) - ContainerBalancer is trying to move container #64 with size 1073741824B from source datanode ff4f21b4-af6a-42eb-93b5-9aade81fc23d to target datanode dfb8f661-d418-46ef-a162-9fe567baeff9
2023-06-21 17:31:32,078 [main] DEBUG balancer.ContainerBalancerTask (ContainerBalancerTask.java:lambda$moveContainer$3(834)) - Container move completed for container #64 from source ff4f21b4-af6a-42eb-93b5-9aade81fc23d to target dfb8f661-d418-46ef-a162-9fe567baeff9
2023-06-21 17:31:32,080 [main] DEBUG balancer.ContainerBalancerTask (ContainerBalancerTask.java:matchSourceWithTarget(706)) - ContainerBalancer is finding suitable target for source datanode e052cf04-6180-43cf-9912-34d46940573d
2023-06-21 17:31:32,080 [main] INFO  balancer.ContainerBalancerTask (ContainerBalancerTask.java:matchSourceWithTarget(720)) - ContainerBalancer matched source datanode e052cf04-6180-43cf-9912-34d46940573d with target datanode 2e8dcebe-f1f8-432b-8a04-be1366c0e2a3 for container move.
2023-06-21 17:31:32,080 [main] INFO  balancer.ContainerBalancerTask (ContainerBalancerTask.java:processMoveSelection(569)) - ContainerBalancer is trying to move container #39 with size 4294967296B from source datanode e052cf04-6180-43cf-9912-34d46940573d to target datanode 2e8dcebe-f1f8-432b-8a04-be1366c0e2a3
2023-06-21 17:31:32,080 [main] DEBUG balancer.ContainerBalancerTask (ContainerBalancerTask.java:lambda$moveContainer$3(834)) - Container move completed for container #39 from source e052cf04-6180-43cf-9912-34d46940573d to target 2e8dcebe-f1f8-432b-8a04-be1366c0e2a3
2023-06-21 17:31:32,082 [main] DEBUG balancer.ContainerBalancerTask (ContainerBalancerTask.java:matchSourceWithTarget(706)) - ContainerBalancer is finding suitable target for source datanode 98861b4b-cd7c-454b-b697-11eb6e00e644
2023-06-21 17:31:32,082 [main] INFO  balancer.ContainerBalancerTask (ContainerBalancerTask.java:matchSourceWithTarget(720)) - ContainerBalancer matched source datanode 98861b4b-cd7c-454b-b697-11eb6e00e644 with target datanode 2e8dcebe-f1f8-432b-8a04-be1366c0e2a3 for container move.
2023-06-21 17:31:32,082 [main] INFO  balancer.ContainerBalancerTask (ContainerBalancerTask.java:processMoveSelection(569)) - ContainerBalancer is trying to move container #29 with size 5368709120B from source datanode 98861b4b-cd7c-454b-b697-11eb6e00e644 to target datanode 2e8dcebe-f1f8-432b-8a04-be1366c0e2a3
2023-06-21 17:31:32,083 [main] DEBUG balancer.ContainerBalancerTask (ContainerBalancerTask.java:lambda$moveContainer$3(834)) - Container move completed for container #29 from source 98861b4b-cd7c-454b-b697-11eb6e00e644 to target 2e8dcebe-f1f8-432b-8a04-be1366c0e2a3
2023-06-21 17:31:32,085 [main] DEBUG balancer.ContainerBalancerTask (ContainerBalancerTask.java:matchSourceWithTarget(706)) - ContainerBalancer is finding suitable target for source datanode ff4f21b4-af6a-42eb-93b5-9aade81fc23d
2023-06-21 17:31:32,085 [main] INFO  balancer.ContainerBalancerTask (ContainerBalancerTask.java:matchSourceWithTarget(720)) - ContainerBalancer matched source datanode ff4f21b4-af6a-42eb-93b5-9aade81fc23d with target datanode 2e8dcebe-f1f8-432b-8a04-be1366c0e2a3 for container move.
2023-06-21 17:31:32,085 [main] INFO  balancer.ContainerBalancerTask (ContainerBalancerTask.java:processMoveSelection(569)) - ContainerBalancer is trying to move container #67 with size 4294967296B from source datanode ff4f21b4-af6a-42eb-93b5-9aade81fc23d to target datanode 2e8dcebe-f1f8-432b-8a04-be1366c0e2a3
2023-06-21 17:31:32,086 [main] DEBUG balancer.ContainerBalancerTask (ContainerBalancerTask.java:lambda$moveContainer$3(834)) - Container move completed for container #67 from source ff4f21b4-af6a-42eb-93b5-9aade81fc23d to target 2e8dcebe-f1f8-432b-8a04-be1366c0e2a3
2023-06-21 17:31:32,087 [main] DEBUG balancer.ContainerBalancerTask (ContainerBalancerTask.java:matchSourceWithTarget(706)) - ContainerBalancer is finding suitable target for source datanode a983137e-4bdf-4349-b3aa-6f057f554258
2023-06-21 17:31:32,087 [main] INFO  balancer.ContainerBalancerTask (ContainerBalancerTask.java:matchSourceWithTarget(720)) - ContainerBalancer matched source datanode a983137e-4bdf-4349-b3aa-6f057f554258 with target datanode 2e8dcebe-f1f8-432b-8a04-be1366c0e2a3 for container move.
2023-06-21 17:31:32,087 [main] INFO  balancer.ContainerBalancerTask (ContainerBalancerTask.java:processMoveSelection(569)) - ContainerBalancer is trying to move container #28 with size 4294967296B from source datanode a983137e-4bdf-4349-b3aa-6f057f554258 to target datanode 2e8dcebe-f1f8-432b-8a04-be1366c0e2a3
2023-06-21 17:31:32,088 [main] DEBUG balancer.ContainerBalancerTask (ContainerBalancerTask.java:lambda$moveContainer$3(834)) - Container move completed for container #28 from source a983137e-4bdf-4349-b3aa-6f057f554258 to target 2e8dcebe-f1f8-432b-8a04-be1366c0e2a3
2023-06-21 17:31:32,089 [main] DEBUG balancer.ContainerBalancerTask (ContainerBalancerTask.java:matchSourceWithTarget(706)) - ContainerBalancer is finding suitable target for source datanode 489abf9e-5a22-43d7-8c41-18348a2fe8cb
2023-06-21 17:31:32,090 [main] INFO  balancer.ContainerBalancerTask (ContainerBalancerTask.java:matchSourceWithTarget(720)) - ContainerBalancer matched source datanode 489abf9e-5a22-43d7-8c41-18348a2fe8cb with target datanode 2e8dcebe-f1f8-432b-8a04-be1366c0e2a3 for container move.
2023-06-21 17:31:32,090 [main] INFO  balancer.ContainerBalancerTask (ContainerBalancerTask.java:processMoveSelection(569)) - ContainerBalancer is trying to move container #83 with size 3221225472B from source datanode 489abf9e-5a22-43d7-8c41-18348a2fe8cb to target datanode 2e8dcebe-f1f8-432b-8a04-be1366c0e2a3
2023-06-21 17:31:32,090 [main] DEBUG balancer.ContainerBalancerTask (ContainerBalancerTask.java:lambda$moveContainer$3(834)) - Container move completed for container #83 from source 489abf9e-5a22-43d7-8c41-18348a2fe8cb to target 2e8dcebe-f1f8-432b-8a04-be1366c0e2a3
2023-06-21 17:31:32,092 [main] DEBUG balancer.ContainerBalancerTask (ContainerBalancerTask.java:matchSourceWithTarget(706)) - ContainerBalancer is finding suitable target for source datanode ff4f21b4-af6a-42eb-93b5-9aade81fc23d
2023-06-21 17:31:32,093 [main] INFO  balancer.ContainerBalancerTask (ContainerBalancerTask.java:matchSourceWithTarget(720)) - ContainerBalancer matched source datanode ff4f21b4-af6a-42eb-93b5-9aade81fc23d with target datanode 2e8dcebe-f1f8-432b-8a04-be1366c0e2a3 for container move.
2023-06-21 17:31:32,093 [main] INFO  balancer.ContainerBalancerTask (ContainerBalancerTask.java:processMoveSelection(569)) - ContainerBalancer is trying to move container #16 with size 1073741824B from source datanode ff4f21b4-af6a-42eb-93b5-9aade81fc23d to target datanode 2e8dcebe-f1f8-432b-8a04-be1366c0e2a3
2023-06-21 17:31:32,093 [main] DEBUG balancer.ContainerBalancerTask (ContainerBalancerTask.java:lambda$moveContainer$3(834)) - Container move completed for container #16 from source ff4f21b4-af6a-42eb-93b5-9aade81fc23d to target 2e8dcebe-f1f8-432b-8a04-be1366c0e2a3
2023-06-21 17:31:32,095 [main] DEBUG balancer.ContainerBalancerTask (ContainerBalancerTask.java:matchSourceWithTarget(706)) - ContainerBalancer is finding suitable target for source datanode 98861b4b-cd7c-454b-b697-11eb6e00e644
2023-06-21 17:31:32,096 [main] INFO  balancer.ContainerBalancerTask (ContainerBalancerTask.java:matchSourceWithTarget(720)) - ContainerBalancer matched source datanode 98861b4b-cd7c-454b-b697-11eb6e00e644 with target datanode 2e8dcebe-f1f8-432b-8a04-be1366c0e2a3 for container move.
2023-06-21 17:31:32,096 [main] INFO  balancer.ContainerBalancerTask (ContainerBalancerTask.java:processMoveSelection(569)) - ContainerBalancer is trying to move container #38 with size 3221225472B from source datanode 98861b4b-cd7c-454b-b697-11eb6e00e644 to target datanode 2e8dcebe-f1f8-432b-8a04-be1366c0e2a3
2023-06-21 17:31:32,096 [main] DEBUG balancer.ContainerBalancerTask (ContainerBalancerTask.java:lambda$moveContainer$3(834)) - Container move completed for container #38 from source 98861b4b-cd7c-454b-b697-11eb6e00e644 to target 2e8dcebe-f1f8-432b-8a04-be1366c0e2a3
2023-06-21 17:31:32,098 [main] DEBUG balancer.ContainerBalancerTask (ContainerBalancerTask.java:matchSourceWithTarget(706)) - ContainerBalancer is finding suitable target for source datanode e052cf04-6180-43cf-9912-34d46940573d
2023-06-21 17:31:32,098 [main] INFO  balancer.ContainerBalancerTask (ContainerBalancerTask.java:matchSourceWithTarget(720)) - ContainerBalancer matched source datanode e052cf04-6180-43cf-9912-34d46940573d with target datanode 2e8dcebe-f1f8-432b-8a04-be1366c0e2a3 for container move.
2023-06-21 17:31:32,098 [main] INFO  balancer.ContainerBalancerTask (ContainerBalancerTask.java:processMoveSelection(569)) - ContainerBalancer is trying to move container #49 with size 1073741824B from source datanode e052cf04-6180-43cf-9912-34d46940573d to target datanode 2e8dcebe-f1f8-432b-8a04-be1366c0e2a3
2023-06-21 17:31:32,098 [main] DEBUG balancer.ContainerBalancerTask (ContainerBalancerTask.java:lambda$moveContainer$3(834)) - Container move completed for container #49 from source e052cf04-6180-43cf-9912-34d46940573d to target 2e8dcebe-f1f8-432b-8a04-be1366c0e2a3
2023-06-21 17:31:32,101 [main] DEBUG balancer.ContainerBalancerTask (ContainerBalancerTask.java:matchSourceWithTarget(699)) - ContainerBalancer could not find any candidate containers for datanode ff4f21b4-af6a-42eb-93b5-9aade81fc23d
2023-06-21 17:31:32,102 [main] DEBUG balancer.ContainerBalancerTask (ContainerBalancerTask.java:matchSourceWithTarget(706)) - ContainerBalancer is finding suitable target for source datanode a983137e-4bdf-4349-b3aa-6f057f554258
2023-06-21 17:31:32,103 [main] INFO  balancer.FindTargetGreedyByUsageInfo (AbstractFindTargetGreedy.java:findTargetForContainerMove(133)) - Container Balancer could not find a target for source datanode a983137e-4bdf-4349-b3aa-6f057f554258
2023-06-21 17:31:32,103 [main] DEBUG balancer.ContainerBalancerTask (ContainerBalancerTask.java:matchSourceWithTarget(715)) - ContainerBalancer could not find a suitable target for source node a983137e-4bdf-4349-b3aa-6f057f554258.
2023-06-21 17:31:32,105 [main] DEBUG balancer.ContainerBalancerTask (ContainerBalancerTask.java:matchSourceWithTarget(706)) - ContainerBalancer is finding suitable target for source datanode e052cf04-6180-43cf-9912-34d46940573d
2023-06-21 17:31:32,105 [main] INFO  balancer.FindTargetGreedyByUsageInfo (AbstractFindTargetGreedy.java:findTargetForContainerMove(133)) - Container Balancer could not find a target for source datanode e052cf04-6180-43cf-9912-34d46940573d
2023-06-21 17:31:32,105 [main] DEBUG balancer.ContainerBalancerTask (ContainerBalancerTask.java:matchSourceWithTarget(715)) - ContainerBalancer could not find a suitable target for source node e052cf04-6180-43cf-9912-34d46940573d.
2023-06-21 17:31:32,107 [main] DEBUG balancer.ContainerBalancerTask (ContainerBalancerTask.java:matchSourceWithTarget(706)) - ContainerBalancer is finding suitable target for source datanode 98861b4b-cd7c-454b-b697-11eb6e00e644
2023-06-21 17:31:32,108 [main] INFO  balancer.FindTargetGreedyByUsageInfo (AbstractFindTargetGreedy.java:findTargetForContainerMove(133)) - Container Balancer could not find a target for source datanode 98861b4b-cd7c-454b-b697-11eb6e00e644
2023-06-21 17:31:32,108 [main] DEBUG balancer.ContainerBalancerTask (ContainerBalancerTask.java:matchSourceWithTarget(715)) - ContainerBalancer could not find a suitable target for source node 98861b4b-cd7c-454b-b697-11eb6e00e644.
2023-06-21 17:31:32,109 [main] DEBUG balancer.ContainerBalancerTask (ContainerBalancerTask.java:matchSourceWithTarget(699)) - ContainerBalancer could not find any candidate containers for datanode 489abf9e-5a22-43d7-8c41-18348a2fe8cb
2023-06-21 17:31:32,109 [main] INFO  balancer.FindSourceGreedy (FindSourceGreedy.java:getNextCandidateSourceDataNode(126)) - no more candidate source data node
2023-06-21 17:31:32,110 [main] INFO  balancer.ContainerBalancerTask (ContainerBalancerTask.java:checkIterationMoveResults(640)) - Iteration Summary. Number of Datanodes involved: 8. Size moved: 84 GB (90194313216 Bytes). Number of Container moves completed: 32.
2023-06-21 17:31:32,110 [main] INFO  balancer.ContainerBalancerTask (ContainerBalancerTask.java:balance(259)) - Result of this iteration of Container Balancer: ITERATION_COMPLETED
2023-06-21 17:31:32,110 [main] INFO  balancer.ContainerBalancerTask (ContainerBalancerTask.java:tryStopWithSaveConfiguration(308)) - Save Configuration for stopping. Reason: Completed all iterations.
]]></system-out>
  </testcase>
  <testcase name="balancerShouldNotSelectNonClosedContainerReplicas" classname="org.apache.hadoop.hdds.scm.container.balancer.TestContainerBalancerTask" time="0.055">
    <system-out><![CDATA[2023-06-21 17:31:32,146 [main] INFO  net.NodeSchemaLoader (NodeSchemaLoader.java:loadSchemaFromFile(129)) - Loading schema from [file:/home/runner/work/ozone/ozone/hadoop-hdds/common/target/classes/network-topology-default.xml]
2023-06-21 17:31:32,146 [main] INFO  net.NodeSchemaLoader (NodeSchemaLoader.java:loadSchema(176)) - Loading network topology layer schema file
2023-06-21 17:31:32,148 [main] INFO  net.NetworkTopologyImpl (NetworkTopologyImpl.java:add(112)) - Added a new node: /default-rack/3c03e2ce-293c-417f-9588-fa5d97a5916d
2023-06-21 17:31:32,149 [main] INFO  net.NetworkTopologyImpl (NetworkTopologyImpl.java:add(112)) - Added a new node: /default-rack/934b795c-9637-46a2-9d41-fdeb69c408eb
2023-06-21 17:31:32,149 [main] INFO  net.NetworkTopologyImpl (NetworkTopologyImpl.java:add(112)) - Added a new node: /default-rack/b79538df-0268-4228-bfbe-3e608af10cad
2023-06-21 17:31:32,149 [main] INFO  net.NetworkTopologyImpl (NetworkTopologyImpl.java:add(112)) - Added a new node: /default-rack/0a5bf428-1524-4c7e-a040-808f5d796626
2023-06-21 17:31:32,149 [main] INFO  net.NetworkTopologyImpl (NetworkTopologyImpl.java:add(112)) - Added a new node: /default-rack/a2242a0d-5e7b-4af8-9bc9-dcd4efa3396d
2023-06-21 17:31:32,149 [main] INFO  net.NetworkTopologyImpl (NetworkTopologyImpl.java:add(112)) - Added a new node: /default-rack/db317c14-733e-49bf-b592-7721e537f44c
2023-06-21 17:31:32,149 [main] INFO  net.NetworkTopologyImpl (NetworkTopologyImpl.java:add(112)) - Added a new node: /default-rack/5a365a60-a4ab-48e2-abc6-cda37c05ddc2
2023-06-21 17:31:32,149 [main] INFO  net.NetworkTopologyImpl (NetworkTopologyImpl.java:add(112)) - Added a new node: /default-rack/3ce273e9-3999-423c-a3e2-1af098ae61ef
2023-06-21 17:31:32,149 [main] INFO  net.NetworkTopologyImpl (NetworkTopologyImpl.java:add(112)) - Added a new node: /default-rack/81d819f9-7fb4-4a0b-a905-50db303189cc
2023-06-21 17:31:32,150 [main] INFO  net.NetworkTopologyImpl (NetworkTopologyImpl.java:add(112)) - Added a new node: /default-rack/120c207e-0467-4544-a7d2-2fd46bfc85c4
2023-06-21 17:31:32,150 [main] INFO  algorithms.ContainerPlacementPolicyFactory (ContainerPlacementPolicyFactory.java:getPolicyInternal(86)) - Create container placement policy of type org.apache.hadoop.hdds.scm.container.placement.algorithms.SCMContainerPlacementRackAware
2023-06-21 17:31:32,150 [main] INFO  algorithms.ContainerPlacementPolicyFactory (ContainerPlacementPolicyFactory.java:getPolicyInternal(86)) - Create container placement policy of type org.apache.hadoop.hdds.scm.container.placement.algorithms.SCMContainerPlacementRackScatter
2023-06-21 17:31:32,156 [main] DEBUG balancer.ContainerBalancerTask (ContainerBalancerTask.java:initializeIteration(374)) - Average utilization of the cluster is 0.3173435402898482
2023-06-21 17:31:32,156 [main] DEBUG balancer.ContainerBalancerTask (ContainerBalancerTask.java:initializeIteration(386)) - Lower limit for utilization is 0.21734354028984817 and Upper limit for utilization is 0.4173435402898482
2023-06-21 17:31:32,156 [main] DEBUG balancer.ContainerBalancerTask (ContainerBalancerTask.java:initializeIteration(398)) - Utilization for node 81d819f9-7fb4-4a0b-a905-50db303189cc with capacity 60845370026B, used 54760833024B, and remaining 6084537002B is 0.900000000009861
2023-06-21 17:31:32,156 [main] DEBUG balancer.ContainerBalancerTask (ContainerBalancerTask.java:initializeIteration(398)) - Utilization for node b79538df-0268-4228-bfbe-3e608af10cad with capacity 63082332160B, used 50465865728B, and remaining 12616466432B is 0.8
2023-06-21 17:31:32,156 [main] DEBUG balancer.ContainerBalancerTask (ContainerBalancerTask.java:initializeIteration(398)) - Utilization for node a2242a0d-5e7b-4af8-9bc9-dcd4efa3396d with capacity 78229761462B, used 54760833024B, and remaining 23468928438B is 0.7000000000076697
2023-06-21 17:31:32,156 [main] DEBUG balancer.ContainerBalancerTask (ContainerBalancerTask.java:initializeIteration(398)) - Utilization for node 3ce273e9-3999-423c-a3e2-1af098ae61ef with capacity 66214079146B, used 39728447488B, and remaining 26485631658B is 0.600000000006041
2023-06-21 17:31:32,156 [main] DEBUG balancer.ContainerBalancerTask (ContainerBalancerTask.java:initializeIteration(398)) - Utilization for node 3c03e2ce-293c-417f-9588-fa5d97a5916d with capacity 62277025792B, used 31138512896B, and remaining 31138512896B is 0.5
2023-06-21 17:31:32,157 [main] DEBUG balancer.ContainerBalancerTask (ContainerBalancerTask.java:initializeIteration(398)) - Utilization for node 934b795c-9637-46a2-9d41-fdeb69c408eb with capacity 72477573120B, used 28991029248B, and remaining 43486543872B is 0.4
2023-06-21 17:31:32,157 [main] DEBUG balancer.ContainerBalancerTask (ContainerBalancerTask.java:initializeIteration(398)) - Utilization for node db317c14-733e-49bf-b592-7721e537f44c with capacity 214748364800B, used 64424509440B, and remaining 150323855360B is 0.3
2023-06-21 17:31:32,157 [main] DEBUG balancer.ContainerBalancerTask (ContainerBalancerTask.java:initializeIteration(398)) - Utilization for node 120c207e-0467-4544-a7d2-2fd46bfc85c4 with capacity 214748364800B, used 42949672960B, and remaining 171798691840B is 0.2
2023-06-21 17:31:32,157 [main] DEBUG balancer.ContainerBalancerTask (ContainerBalancerTask.java:initializeIteration(398)) - Utilization for node 0a5bf428-1524-4c7e-a040-808f5d796626 with capacity 408021893120B, used 40802189312B, and remaining 367219703808B is 0.1
2023-06-21 17:31:32,157 [main] DEBUG balancer.ContainerBalancerTask (ContainerBalancerTask.java:initializeIteration(398)) - Utilization for node 5a365a60-a4ab-48e2-abc6-cda37c05ddc2 with capacity 45097156608B, used 0B, and remaining 45097156608B is 0.0
2023-06-21 17:31:32,157 [main] INFO  balancer.ContainerBalancerTask (ContainerBalancerTask.java:initializeIteration(447)) - Container Balancer has identified 5 Over-Utilized and 3 Under-Utilized Datanodes that need to be balanced.
2023-06-21 17:31:32,157 [main] DEBUG balancer.ContainerBalancerTask (ContainerBalancerTask.java:lambda$initializeIteration$1(453)) - Datanode localhost-37.193.13.85 81d819f9-7fb4-4a0b-a905-50db303189cc is Over-Utilized.
2023-06-21 17:31:32,157 [main] DEBUG balancer.ContainerBalancerTask (ContainerBalancerTask.java:lambda$initializeIteration$1(453)) - Datanode localhost-43.9.116.148 b79538df-0268-4228-bfbe-3e608af10cad is Over-Utilized.
2023-06-21 17:31:32,157 [main] DEBUG balancer.ContainerBalancerTask (ContainerBalancerTask.java:lambda$initializeIteration$1(453)) - Datanode localhost-46.36.189.77 a2242a0d-5e7b-4af8-9bc9-dcd4efa3396d is Over-Utilized.
2023-06-21 17:31:32,157 [main] DEBUG balancer.ContainerBalancerTask (ContainerBalancerTask.java:lambda$initializeIteration$1(453)) - Datanode localhost-240.6.226.175 3ce273e9-3999-423c-a3e2-1af098ae61ef is Over-Utilized.
2023-06-21 17:31:32,157 [main] DEBUG balancer.ContainerBalancerTask (ContainerBalancerTask.java:lambda$initializeIteration$1(453)) - Datanode localhost-33.3.148.119 3c03e2ce-293c-417f-9588-fa5d97a5916d is Over-Utilized.
2023-06-21 17:31:32,157 [main] DEBUG balancer.ContainerBalancerTask (ContainerBalancerTask.java:lambda$initializeIteration$2(459)) - Datanode localhost-194.148.48.4 5a365a60-a4ab-48e2-abc6-cda37c05ddc2 is Under-Utilized.
2023-06-21 17:31:32,158 [main] DEBUG balancer.ContainerBalancerTask (ContainerBalancerTask.java:lambda$initializeIteration$2(459)) - Datanode localhost-122.17.90.10 0a5bf428-1524-4c7e-a040-808f5d796626 is Under-Utilized.
2023-06-21 17:31:32,158 [main] DEBUG balancer.ContainerBalancerTask (ContainerBalancerTask.java:lambda$initializeIteration$2(459)) - Datanode localhost-18.177.95.140 120c207e-0467-4544-a7d2-2fd46bfc85c4 is Under-Utilized.
2023-06-21 17:31:32,160 [main] DEBUG balancer.ContainerBalancerTask (ContainerBalancerTask.java:matchSourceWithTarget(699)) - ContainerBalancer could not find any candidate containers for datanode 81d819f9-7fb4-4a0b-a905-50db303189cc
2023-06-21 17:31:32,162 [main] DEBUG balancer.ContainerBalancerTask (ContainerBalancerTask.java:matchSourceWithTarget(699)) - ContainerBalancer could not find any candidate containers for datanode b79538df-0268-4228-bfbe-3e608af10cad
2023-06-21 17:31:32,164 [main] DEBUG balancer.ContainerBalancerTask (ContainerBalancerTask.java:matchSourceWithTarget(699)) - ContainerBalancer could not find any candidate containers for datanode a2242a0d-5e7b-4af8-9bc9-dcd4efa3396d
2023-06-21 17:31:32,165 [main] DEBUG balancer.ContainerBalancerTask (ContainerBalancerTask.java:matchSourceWithTarget(699)) - ContainerBalancer could not find any candidate containers for datanode 3ce273e9-3999-423c-a3e2-1af098ae61ef
2023-06-21 17:31:32,167 [main] DEBUG balancer.ContainerBalancerTask (ContainerBalancerTask.java:matchSourceWithTarget(699)) - ContainerBalancer could not find any candidate containers for datanode 3c03e2ce-293c-417f-9588-fa5d97a5916d
2023-06-21 17:31:32,167 [main] INFO  balancer.FindSourceGreedy (FindSourceGreedy.java:getNextCandidateSourceDataNode(126)) - no more candidate source data node
2023-06-21 17:31:32,167 [main] INFO  balancer.ContainerBalancerTask (ContainerBalancerTask.java:balance(259)) - Result of this iteration of Container Balancer: CAN_NOT_BALANCE_ANY_MORE
2023-06-21 17:31:32,167 [main] INFO  balancer.ContainerBalancerTask (ContainerBalancerTask.java:tryStopWithSaveConfiguration(308)) - Save Configuration for stopping. Reason: CAN_NOT_BALANCE_ANY_MORE
]]></system-out>
  </testcase>
  <testcase name="testDelayedStart" classname="org.apache.hadoop.hdds.scm.container.balancer.TestContainerBalancerTask" time="0.067">
    <error type="java.util.concurrent.TimeoutException"><![CDATA[java.util.concurrent.TimeoutException: 
Timed out waiting for condition. Thread diagnostics:
Timestamp: 2023-06-21 05:31:32,228

"Thread-21"  prio=5 tid=32 timed_waiting
java.lang.Thread.State: TIMED_WAITING
        at java.lang.Thread.sleep(Native Method)
        at org.apache.hadoop.hdds.scm.container.balancer.TestContainerBalancerTask.lambda$genCompletableFuture$15(TestContainerBalancerTask.java:1315)
        at org.apache.hadoop.hdds.scm.container.balancer.TestContainerBalancerTask$$Lambda$434/490796439.get(Unknown Source)
        at java.util.concurrent.CompletableFuture$AsyncSupply.run(CompletableFuture.java:1604)
        at java.lang.Thread.run(Thread.java:750)
"Thread-10"  prio=5 tid=21 timed_waiting
java.lang.Thread.State: TIMED_WAITING
        at java.lang.Thread.sleep(Native Method)
        at org.apache.hadoop.hdds.scm.container.balancer.TestContainerBalancerTask.lambda$genCompletableFuture$15(TestContainerBalancerTask.java:1315)
        at org.apache.hadoop.hdds.scm.container.balancer.TestContainerBalancerTask$$Lambda$434/490796439.get(Unknown Source)
        at java.util.concurrent.CompletableFuture$AsyncSupply.run(CompletableFuture.java:1604)
        at java.lang.Thread.run(Thread.java:750)
"Thread-22"  prio=5 tid=33 timed_waiting
java.lang.Thread.State: TIMED_WAITING
        at java.lang.Thread.sleep(Native Method)
        at org.apache.hadoop.hdds.scm.container.balancer.TestContainerBalancerTask.lambda$genCompletableFuture$15(TestContainerBalancerTask.java:1315)
        at org.apache.hadoop.hdds.scm.container.balancer.TestContainerBalancerTask$$Lambda$434/490796439.get(Unknown Source)
        at java.util.concurrent.CompletableFuture$AsyncSupply.run(CompletableFuture.java:1604)
        at java.lang.Thread.run(Thread.java:750)
"Thread-14"  prio=5 tid=25 timed_waiting
java.lang.Thread.State: TIMED_WAITING
        at java.lang.Thread.sleep(Native Method)
        at org.apache.hadoop.hdds.scm.container.balancer.TestContainerBalancerTask.lambda$genCompletableFuture$15(TestContainerBalancerTask.java:1315)
        at org.apache.hadoop.hdds.scm.container.balancer.TestContainerBalancerTask$$Lambda$434/490796439.get(Unknown Source)
        at java.util.concurrent.CompletableFuture$AsyncSupply.run(CompletableFuture.java:1604)
        at java.lang.Thread.run(Thread.java:750)
"Thread-19"  prio=5 tid=30 timed_waiting
java.lang.Thread.State: TIMED_WAITING
        at java.lang.Thread.sleep(Native Method)
        at org.apache.hadoop.hdds.scm.container.balancer.TestContainerBalancerTask.lambda$genCompletableFuture$15(TestContainerBalancerTask.java:1315)
        at org.apache.hadoop.hdds.scm.container.balancer.TestContainerBalancerTask$$Lambda$434/490796439.get(Unknown Source)
        at java.util.concurrent.CompletableFuture$AsyncSupply.run(CompletableFuture.java:1604)
        at java.lang.Thread.run(Thread.java:750)
"Thread-16"  prio=5 tid=27 timed_waiting
java.lang.Thread.State: TIMED_WAITING
        at java.lang.Thread.sleep(Native Method)
        at org.apache.hadoop.hdds.scm.container.balancer.TestContainerBalancerTask.lambda$genCompletableFuture$15(TestContainerBalancerTask.java:1315)
        at org.apache.hadoop.hdds.scm.container.balancer.TestContainerBalancerTask$$Lambda$434/490796439.get(Unknown Source)
        at java.util.concurrent.CompletableFuture$AsyncSupply.run(CompletableFuture.java:1604)
        at java.lang.Thread.run(Thread.java:750)
"Thread-12"  prio=5 tid=23 timed_waiting
java.lang.Thread.State: TIMED_WAITING
        at java.lang.Thread.sleep(Native Method)
        at org.apache.hadoop.hdds.scm.container.balancer.TestContainerBalancerTask.lambda$genCompletableFuture$15(TestContainerBalancerTask.java:1315)
        at org.apache.hadoop.hdds.scm.container.balancer.TestContainerBalancerTask$$Lambda$434/490796439.get(Unknown Source)
        at java.util.concurrent.CompletableFuture$AsyncSupply.run(CompletableFuture.java:1604)
        at java.lang.Thread.run(Thread.java:750)
"Attach Listener" daemon prio=9 tid=12 runnable
java.lang.Thread.State: RUNNABLE
"main"  prio=5 tid=1 runnable
java.lang.Thread.State: RUNNABLE
        at java.lang.Thread.dumpThreads(Native Method)
        at java.lang.Thread.getAllStackTraces(Thread.java:1615)
        at org.apache.ozone.test.TimedOutTestsListener.buildThreadDump(TimedOutTestsListener.java:93)
        at org.apache.ozone.test.TimedOutTestsListener.buildThreadDiagnosticString(TimedOutTestsListener.java:79)
        at org.apache.ozone.test.GenericTestUtils.waitFor(GenericTestUtils.java:232)
        at org.apache.hadoop.hdds.scm.container.balancer.TestContainerBalancerTask.testDelayedStart(TestContainerBalancerTask.java:1069)
        at sun.reflect.NativeMethodAccessorImpl.invoke0(Native Method)
        at sun.reflect.NativeMethodAccessorImpl.invoke(NativeMethodAccessorImpl.java:62)
        at sun.reflect.DelegatingMethodAccessorImpl.invoke(DelegatingMethodAccessorImpl.java:43)
        at java.lang.reflect.Method.invoke(Method.java:498)
        at org.junit.platform.commons.util.ReflectionUtils.invokeMethod(ReflectionUtils.java:725)
        at org.junit.jupiter.engine.execution.MethodInvocation.proceed(MethodInvocation.java:60)
        at org.junit.jupiter.engine.execution.InvocationInterceptorChain$ValidatingInvocation.proceed(InvocationInterceptorChain.java:131)
        at org.junit.jupiter.engine.extension.TimeoutExtension.intercept(TimeoutExtension.java:149)
        at org.junit.jupiter.engine.extension.TimeoutExtension.interceptTestableMethod(TimeoutExtension.java:140)
        at org.junit.jupiter.engine.extension.TimeoutExtension.interceptTestMethod(TimeoutExtension.java:84)
        at org.junit.jupiter.engine.descriptor.TestMethodTestDescriptor$$Lambda$158/225344427.apply(Unknown Source)
        at org.junit.jupiter.engine.execution.ExecutableInvoker$ReflectiveInterceptorCall.lambda$ofVoidMethod$0(ExecutableInvoker.java:115)
        at org.junit.jupiter.engine.execution.ExecutableInvoker$ReflectiveInterceptorCall$$Lambda$159/1785397234.apply(Unknown Source)
        at org.junit.jupiter.engine.execution.ExecutableInvoker.lambda$invoke$0(ExecutableInvoker.java:105)
        at org.junit.jupiter.engine.execution.ExecutableInvoker$$Lambda$317/852026681.apply(Unknown Source)
        at org.junit.jupiter.engine.execution.InvocationInterceptorChain$InterceptedInvocation.proceed(InvocationInterceptorChain.java:106)
        at org.junit.jupiter.engine.execution.InvocationInterceptorChain.proceed(InvocationInterceptorChain.java:64)
        at org.junit.jupiter.engine.execution.InvocationInterceptorChain.chainAndInvoke(InvocationInterceptorChain.java:45)
        at org.junit.jupiter.engine.execution.InvocationInterceptorChain.invoke(InvocationInterceptorChain.java:37)
        at org.junit.jupiter.engine.execution.ExecutableInvoker.invoke(ExecutableInvoker.java:104)
        at org.junit.jupiter.engine.execution.ExecutableInvoker.invoke(ExecutableInvoker.java:98)
        at org.junit.jupiter.engine.descriptor.TestMethodTestDescriptor.lambda$invokeTestMethod$7(TestMethodTestDescriptor.java:214)
        at org.junit.jupiter.engine.descriptor.TestMethodTestDescriptor$$Lambda$379/2116006444.execute(Unknown Source)
        at org.junit.platform.engine.support.hierarchical.ThrowableCollector.execute(ThrowableCollector.java:73)
        at org.junit.jupiter.engine.descriptor.TestMethodTestDescriptor.invokeTestMethod(TestMethodTestDescriptor.java:210)
        at org.junit.jupiter.engine.descriptor.TestMethodTestDescriptor.execute(TestMethodTestDescriptor.java:135)
        at org.junit.jupiter.engine.descriptor.TestMethodTestDescriptor.execute(TestMethodTestDescriptor.java:66)
        at org.junit.platform.engine.support.hierarchical.NodeTestTask.lambda$executeRecursively$6(NodeTestTask.java:151)
        at org.junit.platform.engine.support.hierarchical.NodeTestTask$$Lambda$258/980697799.execute(Unknown Source)
        at org.junit.platform.engine.support.hierarchical.ThrowableCollector.execute(ThrowableCollector.java:73)
        at org.junit.platform.engine.support.hierarchical.NodeTestTask.lambda$executeRecursively$8(NodeTestTask.java:141)
        at org.junit.platform.engine.support.hierarchical.NodeTestTask$$Lambda$257/1807648168.invoke(Unknown Source)
        at org.junit.platform.engine.support.hierarchical.Node.around(Node.java:137)
        at org.junit.platform.engine.support.hierarchical.NodeTestTask.lambda$executeRecursively$9(NodeTestTask.java:139)
        at org.junit.platform.engine.support.hierarchical.NodeTestTask$$Lambda$256/1715248762.execute(Unknown Source)
        at org.junit.platform.engine.support.hierarchical.ThrowableCollector.execute(ThrowableCollector.java:73)
        at org.junit.platform.engine.support.hierarchical.NodeTestTask.executeRecursively(NodeTestTask.java:138)
        at org.junit.platform.engine.support.hierarchical.NodeTestTask.execute(NodeTestTask.java:95)
        at org.junit.platform.engine.support.hierarchical.SameThreadHierarchicalTestExecutorService$$Lambda$262/1898325501.accept(Unknown Source)
        at java.util.ArrayList.forEach(ArrayList.java:1259)
        at org.junit.platform.engine.support.hierarchical.SameThreadHierarchicalTestExecutorService.invokeAll(SameThreadHierarchicalTestExecutorService.java:41)
        at org.junit.platform.engine.support.hierarchical.NodeTestTask.lambda$executeRecursively$6(NodeTestTask.java:155)
        at org.junit.platform.engine.support.hierarchical.NodeTestTask$$Lambda$258/980697799.execute(Unknown Source)
        at org.junit.platform.engine.support.hierarchical.ThrowableCollector.execute(ThrowableCollector.java:73)
        at org.junit.platform.engine.support.hierarchical.NodeTestTask.lambda$executeRecursively$8(NodeTestTask.java:141)
        at org.junit.platform.engine.support.hierarchical.NodeTestTask$$Lambda$257/1807648168.invoke(Unknown Source)
        at org.junit.platform.engine.support.hierarchical.Node.around(Node.java:137)
        at org.junit.platform.engine.support.hierarchical.NodeTestTask.lambda$executeRecursively$9(NodeTestTask.java:139)
        at org.junit.platform.engine.support.hierarchical.NodeTestTask$$Lambda$256/1715248762.execute(Unknown Source)
        at org.junit.platform.engine.support.hierarchical.ThrowableCollector.execute(ThrowableCollector.java:73)
        at org.junit.platform.engine.support.hierarchical.NodeTestTask.executeRecursively(NodeTestTask.java:138)
        at org.junit.platform.engine.support.hierarchical.NodeTestTask.execute(NodeTestTask.java:95)
        at org.junit.platform.engine.support.hierarchical.SameThreadHierarchicalTestExecutorService$$Lambda$262/1898325501.accept(Unknown Source)
        at java.util.ArrayList.forEach(ArrayList.java:1259)
        at org.junit.platform.engine.support.hierarchical.SameThreadHierarchicalTestExecutorService.invokeAll(SameThreadHierarchicalTestExecutorService.java:41)
        at org.junit.platform.engine.support.hierarchical.NodeTestTask.lambda$executeRecursively$6(NodeTestTask.java:155)
        at org.junit.platform.engine.support.hierarchical.NodeTestTask$$Lambda$258/980697799.execute(Unknown Source)
        at org.junit.platform.engine.support.hierarchical.ThrowableCollector.execute(ThrowableCollector.java:73)
        at org.junit.platform.engine.support.hierarchical.NodeTestTask.lambda$executeRecursively$8(NodeTestTask.java:141)
        at org.junit.platform.engine.support.hierarchical.NodeTestTask$$Lambda$257/1807648168.invoke(Unknown Source)
        at org.junit.platform.engine.support.hierarchical.Node.around(Node.java:137)
        at org.junit.platform.engine.support.hierarchical.NodeTestTask.lambda$executeRecursively$9(NodeTestTask.java:139)
        at org.junit.platform.engine.support.hierarchical.NodeTestTask$$Lambda$256/1715248762.execute(Unknown Source)
        at org.junit.platform.engine.support.hierarchical.ThrowableCollector.execute(ThrowableCollector.java:73)
        at org.junit.platform.engine.support.hierarchical.NodeTestTask.executeRecursively(NodeTestTask.java:138)
        at org.junit.platform.engine.support.hierarchical.NodeTestTask.execute(NodeTestTask.java:95)
        at org.junit.platform.engine.support.hierarchical.SameThreadHierarchicalTestExecutorService.submit(SameThreadHierarchicalTestExecutorService.java:35)
        at org.junit.platform.engine.support.hierarchical.HierarchicalTestExecutor.execute(HierarchicalTestExecutor.java:57)
        at org.junit.platform.engine.support.hierarchical.HierarchicalTestEngine.execute(HierarchicalTestEngine.java:54)
        at org.junit.platform.launcher.core.EngineExecutionOrchestrator.execute(EngineExecutionOrchestrator.java:107)
        at org.junit.platform.launcher.core.EngineExecutionOrchestrator.execute(EngineExecutionOrchestrator.java:88)
        at org.junit.platform.launcher.core.EngineExecutionOrchestrator.lambda$execute$0(EngineExecutionOrchestrator.java:54)
        at org.junit.platform.launcher.core.EngineExecutionOrchestrator$$Lambda$214/1473205473.accept(Unknown Source)
        at org.junit.platform.launcher.core.EngineExecutionOrchestrator.withInterceptedStreams(EngineExecutionOrchestrator.java:67)
        at org.junit.platform.launcher.core.EngineExecutionOrchestrator.execute(EngineExecutionOrchestrator.java:52)
        at org.junit.platform.launcher.core.DefaultLauncher.execute(DefaultLauncher.java:114)
        at org.junit.platform.launcher.core.DefaultLauncher.execute(DefaultLauncher.java:86)
        at org.junit.platform.launcher.core.DefaultLauncherSession$DelegatingLauncher.execute(DefaultLauncherSession.java:86)
        at org.junit.platform.launcher.core.SessionPerRequestLauncher.execute(SessionPerRequestLauncher.java:53)
        at org.apache.maven.surefire.junitplatform.JUnitPlatformProvider.execute(JUnitPlatformProvider.java:188)
        at org.apache.maven.surefire.junitplatform.JUnitPlatformProvider.invokeAllTests(JUnitPlatformProvider.java:154)
        at org.apache.maven.surefire.junitplatform.JUnitPlatformProvider.invoke(JUnitPlatformProvider.java:124)
        at org.apache.maven.surefire.booter.ForkedBooter.runSuitesInProcess(ForkedBooter.java:428)
        at org.apache.maven.surefire.booter.ForkedBooter.execute(ForkedBooter.java:162)
        at org.apache.maven.surefire.booter.ForkedBooter.run(ForkedBooter.java:562)
        at org.apache.maven.surefire.booter.ForkedBooter.main(ForkedBooter.java:548)
"process reaper" daemon prio=10 tid=13 timed_waiting
java.lang.Thread.State: TIMED_WAITING
        at sun.misc.Unsafe.park(Native Method)
        at java.util.concurrent.locks.LockSupport.parkNanos(LockSupport.java:215)
        at java.util.concurrent.SynchronousQueue$TransferStack.awaitFulfill(SynchronousQueue.java:460)
        at java.util.concurrent.SynchronousQueue$TransferStack.transfer(SynchronousQueue.java:362)
        at java.util.concurrent.SynchronousQueue.poll(SynchronousQueue.java:941)
        at java.util.concurrent.ThreadPoolExecutor.getTask(ThreadPoolExecutor.java:1073)
        at java.util.concurrent.ThreadPoolExecutor.runWorker(ThreadPoolExecutor.java:1134)
        at java.util.concurrent.ThreadPoolExecutor$Worker.run(ThreadPoolExecutor.java:624)
        at java.lang.Thread.run(Thread.java:750)
"Thread-7"  prio=5 tid=18 timed_waiting
java.lang.Thread.State: TIMED_WAITING
        at java.lang.Thread.sleep(Native Method)
        at org.apache.hadoop.hdds.scm.container.balancer.TestContainerBalancerTask.lambda$genCompletableFuture$15(TestContainerBalancerTask.java:1315)
        at org.apache.hadoop.hdds.scm.container.balancer.TestContainerBalancerTask$$Lambda$434/490796439.get(Unknown Source)
        at java.util.concurrent.CompletableFuture$AsyncSupply.run(CompletableFuture.java:1604)
        at java.lang.Thread.run(Thread.java:750)
"Reference Handler" daemon prio=10 tid=2 in Object.wait()
java.lang.Thread.State: WAITING (on object monitor)
        at java.lang.Object.wait(Native Method)
        at java.lang.Object.wait(Object.java:502)
        at java.lang.ref.Reference.tryHandlePending(Reference.java:191)
        at java.lang.ref.Reference$ReferenceHandler.run(Reference.java:153)
"Thread-13"  prio=5 tid=24 timed_waiting
java.lang.Thread.State: TIMED_WAITING
        at java.lang.Thread.sleep(Native Method)
        at org.apache.hadoop.hdds.scm.container.balancer.TestContainerBalancerTask.lambda$genCompletableFuture$15(TestContainerBalancerTask.java:1315)
        at org.apache.hadoop.hdds.scm.container.balancer.TestContainerBalancerTask$$Lambda$434/490796439.get(Unknown Source)
        at java.util.concurrent.CompletableFuture$AsyncSupply.run(CompletableFuture.java:1604)
        at java.lang.Thread.run(Thread.java:750)
"Thread-8"  prio=5 tid=19 timed_waiting
java.lang.Thread.State: TIMED_WAITING
        at java.lang.Thread.sleep(Native Method)
        at org.apache.hadoop.hdds.scm.container.balancer.TestContainerBalancerTask.lambda$genCompletableFuture$15(TestContainerBalancerTask.java:1315)
        at org.apache.hadoop.hdds.scm.container.balancer.TestContainerBalancerTask$$Lambda$434/490796439.get(Unknown Source)
        at java.util.concurrent.CompletableFuture$AsyncSupply.run(CompletableFuture.java:1604)
        at java.lang.Thread.run(Thread.java:750)
"surefire-forkedjvm-command-thread" daemon prio=5 tid=10 runnable
java.lang.Thread.State: RUNNABLE
        at java.io.FileInputStream.readBytes(Native Method)
        at java.io.FileInputStream.read(FileInputStream.java:255)
        at java.io.BufferedInputStream.read1(BufferedInputStream.java:284)
        at java.io.BufferedInputStream.read(BufferedInputStream.java:345)
        at java.io.BufferedInputStream.fill(BufferedInputStream.java:246)
        at java.io.BufferedInputStream.read1(BufferedInputStream.java:286)
        at java.io.BufferedInputStream.read(BufferedInputStream.java:345)
        at org.apache.maven.surefire.api.util.internal.Channels$3.readImpl(Channels.java:214)
        at org.apache.maven.surefire.api.util.internal.AbstractNoninterruptibleReadableChannel.read(AbstractNoninterruptibleReadableChannel.java:54)
        at org.apache.maven.surefire.booter.spi.LegacyMasterProcessChannelDecoder.decode(LegacyMasterProcessChannelDecoder.java:80)
        at org.apache.maven.surefire.booter.CommandReader$CommandRunnable.run(CommandReader.java:343)
        at java.lang.Thread.run(Thread.java:750)
"Finalizer" daemon prio=8 tid=3 in Object.wait()
java.lang.Thread.State: WAITING (on object monitor)
        at java.lang.Object.wait(Native Method)
        at java.lang.ref.ReferenceQueue.remove(ReferenceQueue.java:144)
        at java.lang.ref.ReferenceQueue.remove(ReferenceQueue.java:165)
        at java.lang.ref.Finalizer$FinalizerThread.run(Finalizer.java:188)
"Thread-17"  prio=5 tid=28 timed_waiting
java.lang.Thread.State: TIMED_WAITING
        at java.lang.Thread.sleep(Native Method)
        at org.apache.hadoop.hdds.scm.container.balancer.TestContainerBalancerTask.lambda$genCompletableFuture$15(TestContainerBalancerTask.java:1315)
        at org.apache.hadoop.hdds.scm.container.balancer.TestContainerBalancerTask$$Lambda$434/490796439.get(Unknown Source)
        at java.util.concurrent.CompletableFuture$AsyncSupply.run(CompletableFuture.java:1604)
        at java.lang.Thread.run(Thread.java:750)
"Thread-20"  prio=5 tid=31 timed_waiting
java.lang.Thread.State: TIMED_WAITING
        at java.lang.Thread.sleep(Native Method)
        at org.apache.hadoop.hdds.scm.container.balancer.TestContainerBalancerTask.lambda$genCompletableFuture$15(TestContainerBalancerTask.java:1315)
        at org.apache.hadoop.hdds.scm.container.balancer.TestContainerBalancerTask$$Lambda$434/490796439.get(Unknown Source)
        at java.util.concurrent.CompletableFuture$AsyncSupply.run(CompletableFuture.java:1604)
        at java.lang.Thread.run(Thread.java:750)
"Thread-9"  prio=5 tid=20 timed_waiting
java.lang.Thread.State: TIMED_WAITING
        at java.lang.Thread.sleep(Native Method)
        at org.apache.hadoop.hdds.scm.container.balancer.TestContainerBalancerTask.lambda$genCompletableFuture$15(TestContainerBalancerTask.java:1315)
        at org.apache.hadoop.hdds.scm.container.balancer.TestContainerBalancerTask$$Lambda$434/490796439.get(Unknown Source)
        at java.util.concurrent.CompletableFuture$AsyncSupply.run(CompletableFuture.java:1604)
        at java.lang.Thread.run(Thread.java:750)
"Thread-15"  prio=5 tid=26 timed_waiting
java.lang.Thread.State: TIMED_WAITING
        at java.lang.Thread.sleep(Native Method)
        at org.apache.hadoop.hdds.scm.container.balancer.TestContainerBalancerTask.lambda$genCompletableFuture$15(TestContainerBalancerTask.java:1315)
        at org.apache.hadoop.hdds.scm.container.balancer.TestContainerBalancerTask$$Lambda$434/490796439.get(Unknown Source)
        at java.util.concurrent.CompletableFuture$AsyncSupply.run(CompletableFuture.java:1604)
        at java.lang.Thread.run(Thread.java:750)
"Thread-11"  prio=5 tid=22 timed_waiting
java.lang.Thread.State: TIMED_WAITING
        at java.lang.Thread.sleep(Native Method)
        at org.apache.hadoop.hdds.scm.container.balancer.TestContainerBalancerTask.lambda$genCompletableFuture$15(TestContainerBalancerTask.java:1315)
        at org.apache.hadoop.hdds.scm.container.balancer.TestContainerBalancerTask$$Lambda$434/490796439.get(Unknown Source)
        at java.util.concurrent.CompletableFuture$AsyncSupply.run(CompletableFuture.java:1604)
        at java.lang.Thread.run(Thread.java:750)
"Thread-6"  prio=5 tid=17 timed_waiting
java.lang.Thread.State: TIMED_WAITING
        at java.lang.Thread.sleep(Native Method)
        at org.apache.hadoop.hdds.scm.container.balancer.TestContainerBalancerTask.lambda$genCompletableFuture$15(TestContainerBalancerTask.java:1315)
        at org.apache.hadoop.hdds.scm.container.balancer.TestContainerBalancerTask$$Lambda$434/490796439.get(Unknown Source)
        at java.util.concurrent.CompletableFuture$AsyncSupply.run(CompletableFuture.java:1604)
        at java.lang.Thread.run(Thread.java:750)
"Signal Dispatcher" daemon prio=9 tid=4 runnable
java.lang.Thread.State: RUNNABLE
"Thread-18"  prio=5 tid=29 timed_waiting
java.lang.Thread.State: TIMED_WAITING
        at java.lang.Thread.sleep(Native Method)
        at org.apache.hadoop.hdds.scm.container.balancer.TestContainerBalancerTask.lambda$genCompletableFuture$15(TestContainerBalancerTask.java:1315)
        at org.apache.hadoop.hdds.scm.container.balancer.TestContainerBalancerTask$$Lambda$434/490796439.get(Unknown Source)
        at java.util.concurrent.CompletableFuture$AsyncSupply.run(CompletableFuture.java:1604)
        at java.lang.Thread.run(Thread.java:750)


	at org.apache.ozone.test.GenericTestUtils.waitFor(GenericTestUtils.java:232)
	at org.apache.hadoop.hdds.scm.container.balancer.TestContainerBalancerTask.testDelayedStart(TestContainerBalancerTask.java:1069)
	at sun.reflect.NativeMethodAccessorImpl.invoke0(Native Method)
	at sun.reflect.NativeMethodAccessorImpl.invoke(NativeMethodAccessorImpl.java:62)
	at sun.reflect.DelegatingMethodAccessorImpl.invoke(DelegatingMethodAccessorImpl.java:43)
	at java.lang.reflect.Method.invoke(Method.java:498)
	at org.junit.platform.commons.util.ReflectionUtils.invokeMethod(ReflectionUtils.java:725)
	at org.junit.jupiter.engine.execution.MethodInvocation.proceed(MethodInvocation.java:60)
	at org.junit.jupiter.engine.execution.InvocationInterceptorChain$ValidatingInvocation.proceed(InvocationInterceptorChain.java:131)
	at org.junit.jupiter.engine.extension.TimeoutExtension.intercept(TimeoutExtension.java:149)
	at org.junit.jupiter.engine.extension.TimeoutExtension.interceptTestableMethod(TimeoutExtension.java:140)
	at org.junit.jupiter.engine.extension.TimeoutExtension.interceptTestMethod(TimeoutExtension.java:84)
	at org.junit.jupiter.engine.execution.ExecutableInvoker$ReflectiveInterceptorCall.lambda$ofVoidMethod$0(ExecutableInvoker.java:115)
	at org.junit.jupiter.engine.execution.ExecutableInvoker.lambda$invoke$0(ExecutableInvoker.java:105)
	at org.junit.jupiter.engine.execution.InvocationInterceptorChain$InterceptedInvocation.proceed(InvocationInterceptorChain.java:106)
	at org.junit.jupiter.engine.execution.InvocationInterceptorChain.proceed(InvocationInterceptorChain.java:64)
	at org.junit.jupiter.engine.execution.InvocationInterceptorChain.chainAndInvoke(InvocationInterceptorChain.java:45)
	at org.junit.jupiter.engine.execution.InvocationInterceptorChain.invoke(InvocationInterceptorChain.java:37)
	at org.junit.jupiter.engine.execution.ExecutableInvoker.invoke(ExecutableInvoker.java:104)
	at org.junit.jupiter.engine.execution.ExecutableInvoker.invoke(ExecutableInvoker.java:98)
	at org.junit.jupiter.engine.descriptor.TestMethodTestDescriptor.lambda$invokeTestMethod$7(TestMethodTestDescriptor.java:214)
	at org.junit.platform.engine.support.hierarchical.ThrowableCollector.execute(ThrowableCollector.java:73)
	at org.junit.jupiter.engine.descriptor.TestMethodTestDescriptor.invokeTestMethod(TestMethodTestDescriptor.java:210)
	at org.junit.jupiter.engine.descriptor.TestMethodTestDescriptor.execute(TestMethodTestDescriptor.java:135)
	at org.junit.jupiter.engine.descriptor.TestMethodTestDescriptor.execute(TestMethodTestDescriptor.java:66)
	at org.junit.platform.engine.support.hierarchical.NodeTestTask.lambda$executeRecursively$6(NodeTestTask.java:151)
	at org.junit.platform.engine.support.hierarchical.ThrowableCollector.execute(ThrowableCollector.java:73)
	at org.junit.platform.engine.support.hierarchical.NodeTestTask.lambda$executeRecursively$8(NodeTestTask.java:141)
	at org.junit.platform.engine.support.hierarchical.Node.around(Node.java:137)
	at org.junit.platform.engine.support.hierarchical.NodeTestTask.lambda$executeRecursively$9(NodeTestTask.java:139)
	at org.junit.platform.engine.support.hierarchical.ThrowableCollector.execute(ThrowableCollector.java:73)
	at org.junit.platform.engine.support.hierarchical.NodeTestTask.executeRecursively(NodeTestTask.java:138)
	at org.junit.platform.engine.support.hierarchical.NodeTestTask.execute(NodeTestTask.java:95)
	at java.util.ArrayList.forEach(ArrayList.java:1259)
	at org.junit.platform.engine.support.hierarchical.SameThreadHierarchicalTestExecutorService.invokeAll(SameThreadHierarchicalTestExecutorService.java:41)
	at org.junit.platform.engine.support.hierarchical.NodeTestTask.lambda$executeRecursively$6(NodeTestTask.java:155)
	at org.junit.platform.engine.support.hierarchical.ThrowableCollector.execute(ThrowableCollector.java:73)
	at org.junit.platform.engine.support.hierarchical.NodeTestTask.lambda$executeRecursively$8(NodeTestTask.java:141)
	at org.junit.platform.engine.support.hierarchical.Node.around(Node.java:137)
	at org.junit.platform.engine.support.hierarchical.NodeTestTask.lambda$executeRecursively$9(NodeTestTask.java:139)
	at org.junit.platform.engine.support.hierarchical.ThrowableCollector.execute(ThrowableCollector.java:73)
	at org.junit.platform.engine.support.hierarchical.NodeTestTask.executeRecursively(NodeTestTask.java:138)
	at org.junit.platform.engine.support.hierarchical.NodeTestTask.execute(NodeTestTask.java:95)
	at java.util.ArrayList.forEach(ArrayList.java:1259)
	at org.junit.platform.engine.support.hierarchical.SameThreadHierarchicalTestExecutorService.invokeAll(SameThreadHierarchicalTestExecutorService.java:41)
	at org.junit.platform.engine.support.hierarchical.NodeTestTask.lambda$executeRecursively$6(NodeTestTask.java:155)
	at org.junit.platform.engine.support.hierarchical.ThrowableCollector.execute(ThrowableCollector.java:73)
	at org.junit.platform.engine.support.hierarchical.NodeTestTask.lambda$executeRecursively$8(NodeTestTask.java:141)
	at org.junit.platform.engine.support.hierarchical.Node.around(Node.java:137)
	at org.junit.platform.engine.support.hierarchical.NodeTestTask.lambda$executeRecursively$9(NodeTestTask.java:139)
	at org.junit.platform.engine.support.hierarchical.ThrowableCollector.execute(ThrowableCollector.java:73)
	at org.junit.platform.engine.support.hierarchical.NodeTestTask.executeRecursively(NodeTestTask.java:138)
	at org.junit.platform.engine.support.hierarchical.NodeTestTask.execute(NodeTestTask.java:95)
	at org.junit.platform.engine.support.hierarchical.SameThreadHierarchicalTestExecutorService.submit(SameThreadHierarchicalTestExecutorService.java:35)
	at org.junit.platform.engine.support.hierarchical.HierarchicalTestExecutor.execute(HierarchicalTestExecutor.java:57)
	at org.junit.platform.engine.support.hierarchical.HierarchicalTestEngine.execute(HierarchicalTestEngine.java:54)
	at org.junit.platform.launcher.core.EngineExecutionOrchestrator.execute(EngineExecutionOrchestrator.java:107)
	at org.junit.platform.launcher.core.EngineExecutionOrchestrator.execute(EngineExecutionOrchestrator.java:88)
	at org.junit.platform.launcher.core.EngineExecutionOrchestrator.lambda$execute$0(EngineExecutionOrchestrator.java:54)
	at org.junit.platform.launcher.core.EngineExecutionOrchestrator.withInterceptedStreams(EngineExecutionOrchestrator.java:67)
	at org.junit.platform.launcher.core.EngineExecutionOrchestrator.execute(EngineExecutionOrchestrator.java:52)
	at org.junit.platform.launcher.core.DefaultLauncher.execute(DefaultLauncher.java:114)
	at org.junit.platform.launcher.core.DefaultLauncher.execute(DefaultLauncher.java:86)
	at org.junit.platform.launcher.core.DefaultLauncherSession$DelegatingLauncher.execute(DefaultLauncherSession.java:86)
	at org.junit.platform.launcher.core.SessionPerRequestLauncher.execute(SessionPerRequestLauncher.java:53)
	at org.apache.maven.surefire.junitplatform.JUnitPlatformProvider.execute(JUnitPlatformProvider.java:188)
	at org.apache.maven.surefire.junitplatform.JUnitPlatformProvider.invokeAllTests(JUnitPlatformProvider.java:154)
	at org.apache.maven.surefire.junitplatform.JUnitPlatformProvider.invoke(JUnitPlatformProvider.java:124)
	at org.apache.maven.surefire.booter.ForkedBooter.runSuitesInProcess(ForkedBooter.java:428)
	at org.apache.maven.surefire.booter.ForkedBooter.execute(ForkedBooter.java:162)
	at org.apache.maven.surefire.booter.ForkedBooter.run(ForkedBooter.java:562)
	at org.apache.maven.surefire.booter.ForkedBooter.main(ForkedBooter.java:548)
]]></error>
    <system-out><![CDATA[2023-06-21 17:31:32,193 [main] INFO  net.NodeSchemaLoader (NodeSchemaLoader.java:loadSchemaFromFile(129)) - Loading schema from [file:/home/runner/work/ozone/ozone/hadoop-hdds/common/target/classes/network-topology-default.xml]
2023-06-21 17:31:32,193 [main] INFO  net.NodeSchemaLoader (NodeSchemaLoader.java:loadSchema(176)) - Loading network topology layer schema file
2023-06-21 17:31:32,195 [main] INFO  net.NetworkTopologyImpl (NetworkTopologyImpl.java:add(112)) - Added a new node: /default-rack/f4eea8a1-b0d5-4fa4-9fb0-c371c28f4561
2023-06-21 17:31:32,195 [main] INFO  net.NetworkTopologyImpl (NetworkTopologyImpl.java:add(112)) - Added a new node: /default-rack/1aa4b456-151f-4d52-acd1-aad30af0a34f
2023-06-21 17:31:32,195 [main] INFO  net.NetworkTopologyImpl (NetworkTopologyImpl.java:add(112)) - Added a new node: /default-rack/11ddf2ae-5397-48cb-8749-2dedff1c65d3
2023-06-21 17:31:32,195 [main] INFO  net.NetworkTopologyImpl (NetworkTopologyImpl.java:add(112)) - Added a new node: /default-rack/53bb2685-91a1-424f-83fe-90c70684363b
2023-06-21 17:31:32,195 [main] INFO  net.NetworkTopologyImpl (NetworkTopologyImpl.java:add(112)) - Added a new node: /default-rack/0eafdb7d-125e-4555-95ce-2d5329700ccc
2023-06-21 17:31:32,195 [main] INFO  net.NetworkTopologyImpl (NetworkTopologyImpl.java:add(112)) - Added a new node: /default-rack/8f84360d-981c-4745-aead-ff9ae06392ff
2023-06-21 17:31:32,195 [main] INFO  net.NetworkTopologyImpl (NetworkTopologyImpl.java:add(112)) - Added a new node: /default-rack/1d492a78-c579-4e23-b06e-cc73cee0deca
2023-06-21 17:31:32,195 [main] INFO  net.NetworkTopologyImpl (NetworkTopologyImpl.java:add(112)) - Added a new node: /default-rack/2a2187d7-9406-4000-ad9b-814487069334
2023-06-21 17:31:32,196 [main] INFO  net.NetworkTopologyImpl (NetworkTopologyImpl.java:add(112)) - Added a new node: /default-rack/3a70151a-a02a-41ee-b180-de6b2b3545fe
2023-06-21 17:31:32,196 [main] INFO  net.NetworkTopologyImpl (NetworkTopologyImpl.java:add(112)) - Added a new node: /default-rack/12a455e0-0d0f-428e-a58e-0b8ee2d83992
2023-06-21 17:31:32,196 [main] INFO  algorithms.ContainerPlacementPolicyFactory (ContainerPlacementPolicyFactory.java:getPolicyInternal(86)) - Create container placement policy of type org.apache.hadoop.hdds.scm.container.placement.algorithms.SCMContainerPlacementRackAware
2023-06-21 17:31:32,196 [main] INFO  algorithms.ContainerPlacementPolicyFactory (ContainerPlacementPolicyFactory.java:getPolicyInternal(86)) - Create container placement policy of type org.apache.hadoop.hdds.scm.container.placement.algorithms.SCMContainerPlacementRackScatter
2023-06-21 17:31:32,200 [Thread-23] INFO  balancer.ContainerBalancerTask (ContainerBalancerTask.java:run(175)) - ContainerBalancer will sleep for 10 seconds before starting balancing.
2023-06-21 17:31:32,201 [Thread-23] ERROR balancer.ContainerBalancerTask (ContainerBalancerTask.java:run(181)) - Container Balancer is stopped abnormally, 
java.lang.InterruptedException: sleep interrupted
	at java.lang.Thread.sleep(Native Method)
	at org.apache.hadoop.hdds.scm.container.balancer.ContainerBalancerTask.run(ContainerBalancerTask.java:177)
	at java.lang.Thread.run(Thread.java:750)
]]></system-out>
  </testcase>
  <testcase name="checkIterationResultException" classname="org.apache.hadoop.hdds.scm.container.balancer.TestContainerBalancerTask" time="0.083">
    <system-out><![CDATA[2023-06-21 17:31:32,265 [main] INFO  net.NodeSchemaLoader (NodeSchemaLoader.java:loadSchemaFromFile(129)) - Loading schema from [file:/home/runner/work/ozone/ozone/hadoop-hdds/common/target/classes/network-topology-default.xml]
2023-06-21 17:31:32,265 [main] INFO  net.NodeSchemaLoader (NodeSchemaLoader.java:loadSchema(176)) - Loading network topology layer schema file
2023-06-21 17:31:32,267 [main] INFO  net.NetworkTopologyImpl (NetworkTopologyImpl.java:add(112)) - Added a new node: /default-rack/be83ea67-9dcc-41da-9dbb-7bb3439d6036
2023-06-21 17:31:32,267 [main] INFO  net.NetworkTopologyImpl (NetworkTopologyImpl.java:add(112)) - Added a new node: /default-rack/365d02ac-7c94-48d0-ab91-651c2048e851
2023-06-21 17:31:32,267 [main] INFO  net.NetworkTopologyImpl (NetworkTopologyImpl.java:add(112)) - Added a new node: /default-rack/9e3d9b6d-5f8e-40c2-8edc-968a2a327dfa
2023-06-21 17:31:32,267 [main] INFO  net.NetworkTopologyImpl (NetworkTopologyImpl.java:add(112)) - Added a new node: /default-rack/bdab65be-e7fc-470f-ae1f-4b796f5e1cab
2023-06-21 17:31:32,267 [main] INFO  net.NetworkTopologyImpl (NetworkTopologyImpl.java:add(112)) - Added a new node: /default-rack/652e2a6c-0fd4-4774-97c3-c4d98aad4112
2023-06-21 17:31:32,267 [main] INFO  net.NetworkTopologyImpl (NetworkTopologyImpl.java:add(112)) - Added a new node: /default-rack/6d4f214b-def1-4492-9fa1-d27f71ad99fc
2023-06-21 17:31:32,267 [main] INFO  net.NetworkTopologyImpl (NetworkTopologyImpl.java:add(112)) - Added a new node: /default-rack/6203eece-6ef0-4bc3-818c-5633b1ce82b6
2023-06-21 17:31:32,267 [main] INFO  net.NetworkTopologyImpl (NetworkTopologyImpl.java:add(112)) - Added a new node: /default-rack/a5715e12-c3ba-4785-aaf4-1480af4cf468
2023-06-21 17:31:32,268 [main] INFO  net.NetworkTopologyImpl (NetworkTopologyImpl.java:add(112)) - Added a new node: /default-rack/25be23a3-0eb0-46da-ad24-a1507fd2e7bd
2023-06-21 17:31:32,268 [main] INFO  net.NetworkTopologyImpl (NetworkTopologyImpl.java:add(112)) - Added a new node: /default-rack/a6813fd8-b650-4236-9042-85f62da49a80
2023-06-21 17:31:32,268 [main] INFO  algorithms.ContainerPlacementPolicyFactory (ContainerPlacementPolicyFactory.java:getPolicyInternal(86)) - Create container placement policy of type org.apache.hadoop.hdds.scm.container.placement.algorithms.SCMContainerPlacementRackAware
2023-06-21 17:31:32,268 [main] INFO  algorithms.ContainerPlacementPolicyFactory (ContainerPlacementPolicyFactory.java:getPolicyInternal(86)) - Create container placement policy of type org.apache.hadoop.hdds.scm.container.placement.algorithms.SCMContainerPlacementRackScatter
2023-06-21 17:31:32,274 [main] DEBUG balancer.ContainerBalancerTask (ContainerBalancerTask.java:initializeIteration(374)) - Average utilization of the cluster is 0.35165906171116923
2023-06-21 17:31:32,274 [main] DEBUG balancer.ContainerBalancerTask (ContainerBalancerTask.java:initializeIteration(386)) - Lower limit for utilization is 0.25165906171116925 and Upper limit for utilization is 0.4516590617111692
2023-06-21 17:31:32,274 [main] DEBUG balancer.ContainerBalancerTask (ContainerBalancerTask.java:initializeIteration(398)) - Utilization for node 6203eece-6ef0-4bc3-818c-5633b1ce82b6 with capacity 64424509440B, used 57982058496B, and remaining 6442450944B is 0.9
2023-06-21 17:31:32,274 [main] DEBUG balancer.ContainerBalancerTask (ContainerBalancerTask.java:initializeIteration(398)) - Utilization for node a6813fd8-b650-4236-9042-85f62da49a80 with capacity 64424509440B, used 51539607552B, and remaining 12884901888B is 0.8
2023-06-21 17:31:32,274 [main] DEBUG balancer.ContainerBalancerTask (ContainerBalancerTask.java:initializeIteration(398)) - Utilization for node 25be23a3-0eb0-46da-ad24-a1507fd2e7bd with capacity 73628010788B, used 51539607552B, and remaining 22088403236B is 0.7000000000054327
2023-06-21 17:31:32,274 [main] DEBUG balancer.ContainerBalancerTask (ContainerBalancerTask.java:initializeIteration(398)) - Utilization for node bdab65be-e7fc-470f-ae1f-4b796f5e1cab with capacity 96636764160B, used 57982058496B, and remaining 38654705664B is 0.6
2023-06-21 17:31:32,274 [main] DEBUG balancer.ContainerBalancerTask (ContainerBalancerTask.java:initializeIteration(398)) - Utilization for node 6d4f214b-def1-4492-9fa1-d27f71ad99fc with capacity 92341796864B, used 46170898432B, and remaining 46170898432B is 0.5
2023-06-21 17:31:32,275 [main] DEBUG balancer.ContainerBalancerTask (ContainerBalancerTask.java:initializeIteration(398)) - Utilization for node 652e2a6c-0fd4-4774-97c3-c4d98aad4112 with capacity 64424509440B, used 25769803776B, and remaining 38654705664B is 0.4
2023-06-21 17:31:32,275 [main] DEBUG balancer.ContainerBalancerTask (ContainerBalancerTask.java:initializeIteration(398)) - Utilization for node 365d02ac-7c94-48d0-ab91-651c2048e851 with capacity 143165576533B, used 42949672960B, and remaining 100215903573B is 0.3000000000006985
2023-06-21 17:31:32,275 [main] DEBUG balancer.ContainerBalancerTask (ContainerBalancerTask.java:initializeIteration(398)) - Utilization for node be83ea67-9dcc-41da-9dbb-7bb3439d6036 with capacity 214748364800B, used 42949672960B, and remaining 171798691840B is 0.2
2023-06-21 17:31:32,275 [main] DEBUG balancer.ContainerBalancerTask (ContainerBalancerTask.java:initializeIteration(398)) - Utilization for node a5715e12-c3ba-4785-aaf4-1480af4cf468 with capacity 289910292480B, used 28991029248B, and remaining 260919263232B is 0.1
2023-06-21 17:31:32,275 [main] DEBUG balancer.ContainerBalancerTask (ContainerBalancerTask.java:initializeIteration(398)) - Utilization for node 9e3d9b6d-5f8e-40c2-8edc-968a2a327dfa with capacity 50465865728B, used 0B, and remaining 50465865728B is 0.0
2023-06-21 17:31:32,275 [main] INFO  balancer.ContainerBalancerTask (ContainerBalancerTask.java:initializeIteration(447)) - Container Balancer has identified 5 Over-Utilized and 3 Under-Utilized Datanodes that need to be balanced.
2023-06-21 17:31:32,275 [main] DEBUG balancer.ContainerBalancerTask (ContainerBalancerTask.java:lambda$initializeIteration$1(453)) - Datanode localhost-100.108.96.225 6203eece-6ef0-4bc3-818c-5633b1ce82b6 is Over-Utilized.
2023-06-21 17:31:32,275 [main] DEBUG balancer.ContainerBalancerTask (ContainerBalancerTask.java:lambda$initializeIteration$1(453)) - Datanode localhost-115.139.168.25 a6813fd8-b650-4236-9042-85f62da49a80 is Over-Utilized.
2023-06-21 17:31:32,275 [main] DEBUG balancer.ContainerBalancerTask (ContainerBalancerTask.java:lambda$initializeIteration$1(453)) - Datanode localhost-101.62.146.233 25be23a3-0eb0-46da-ad24-a1507fd2e7bd is Over-Utilized.
2023-06-21 17:31:32,275 [main] DEBUG balancer.ContainerBalancerTask (ContainerBalancerTask.java:lambda$initializeIteration$1(453)) - Datanode localhost-198.55.197.58 bdab65be-e7fc-470f-ae1f-4b796f5e1cab is Over-Utilized.
2023-06-21 17:31:32,275 [main] DEBUG balancer.ContainerBalancerTask (ContainerBalancerTask.java:lambda$initializeIteration$1(453)) - Datanode localhost-100.19.109.178 6d4f214b-def1-4492-9fa1-d27f71ad99fc is Over-Utilized.
2023-06-21 17:31:32,276 [main] DEBUG balancer.ContainerBalancerTask (ContainerBalancerTask.java:lambda$initializeIteration$2(459)) - Datanode localhost-232.44.126.13 9e3d9b6d-5f8e-40c2-8edc-968a2a327dfa is Under-Utilized.
2023-06-21 17:31:32,276 [main] DEBUG balancer.ContainerBalancerTask (ContainerBalancerTask.java:lambda$initializeIteration$2(459)) - Datanode localhost-105.26.169.23 a5715e12-c3ba-4785-aaf4-1480af4cf468 is Under-Utilized.
2023-06-21 17:31:32,276 [main] DEBUG balancer.ContainerBalancerTask (ContainerBalancerTask.java:lambda$initializeIteration$2(459)) - Datanode localhost-13.47.211.100 be83ea67-9dcc-41da-9dbb-7bb3439d6036 is Under-Utilized.
2023-06-21 17:31:32,278 [main] DEBUG balancer.ContainerBalancerTask (ContainerBalancerTask.java:matchSourceWithTarget(706)) - ContainerBalancer is finding suitable target for source datanode 6203eece-6ef0-4bc3-818c-5633b1ce82b6
2023-06-21 17:31:32,278 [main] INFO  balancer.ContainerBalancerTask (ContainerBalancerTask.java:matchSourceWithTarget(720)) - ContainerBalancer matched source datanode 6203eece-6ef0-4bc3-818c-5633b1ce82b6 with target datanode 9e3d9b6d-5f8e-40c2-8edc-968a2a327dfa for container move.
2023-06-21 17:31:32,278 [main] INFO  balancer.ContainerBalancerTask (ContainerBalancerTask.java:processMoveSelection(569)) - ContainerBalancer is trying to move container #84 with size 4294967296B from source datanode 6203eece-6ef0-4bc3-818c-5633b1ce82b6 to target datanode 9e3d9b6d-5f8e-40c2-8edc-968a2a327dfa
2023-06-21 17:31:32,281 [main] DEBUG balancer.ContainerBalancerTask (ContainerBalancerTask.java:matchSourceWithTarget(706)) - ContainerBalancer is finding suitable target for source datanode 6203eece-6ef0-4bc3-818c-5633b1ce82b6
2023-06-21 17:31:32,281 [main] INFO  balancer.ContainerBalancerTask (ContainerBalancerTask.java:matchSourceWithTarget(720)) - ContainerBalancer matched source datanode 6203eece-6ef0-4bc3-818c-5633b1ce82b6 with target datanode 9e3d9b6d-5f8e-40c2-8edc-968a2a327dfa for container move.
2023-06-21 17:31:32,281 [main] INFO  balancer.ContainerBalancerTask (ContainerBalancerTask.java:processMoveSelection(569)) - ContainerBalancer is trying to move container #52 with size 4294967296B from source datanode 6203eece-6ef0-4bc3-818c-5633b1ce82b6 to target datanode 9e3d9b6d-5f8e-40c2-8edc-968a2a327dfa
2023-06-21 17:31:32,282 [main] WARN  balancer.ContainerBalancerTask (ContainerBalancerTask.java:moveContainer(848)) - Could not find Container #52 for container move
org.apache.hadoop.hdds.scm.container.ContainerNotFoundException: Test Container not found
	at org.apache.hadoop.hdds.scm.container.replication.ReplicationManager.move(ReplicationManager.java:1422)
	at org.apache.hadoop.hdds.scm.container.balancer.ContainerBalancerTask.moveContainer(ContainerBalancerTask.java:815)
	at org.apache.hadoop.hdds.scm.container.balancer.ContainerBalancerTask.processMoveSelection(ContainerBalancerTask.java:576)
	at org.apache.hadoop.hdds.scm.container.balancer.ContainerBalancerTask.doIteration(ContainerBalancerTask.java:534)
	at org.apache.hadoop.hdds.scm.container.balancer.ContainerBalancerTask.balance(ContainerBalancerTask.java:257)
	at org.apache.hadoop.hdds.scm.container.balancer.ContainerBalancerTask.run(ContainerBalancerTask.java:179)
	at org.apache.hadoop.hdds.scm.container.balancer.TestContainerBalancerTask.startBalancer(TestContainerBalancerTask.java:1304)
	at org.apache.hadoop.hdds.scm.container.balancer.TestContainerBalancerTask.checkIterationResultException(TestContainerBalancerTask.java:1007)
	at sun.reflect.NativeMethodAccessorImpl.invoke0(Native Method)
	at sun.reflect.NativeMethodAccessorImpl.invoke(NativeMethodAccessorImpl.java:62)
	at sun.reflect.DelegatingMethodAccessorImpl.invoke(DelegatingMethodAccessorImpl.java:43)
	at java.lang.reflect.Method.invoke(Method.java:498)
	at org.junit.platform.commons.util.ReflectionUtils.invokeMethod(ReflectionUtils.java:725)
	at org.junit.jupiter.engine.execution.MethodInvocation.proceed(MethodInvocation.java:60)
	at org.junit.jupiter.engine.execution.InvocationInterceptorChain$ValidatingInvocation.proceed(InvocationInterceptorChain.java:131)
	at org.junit.jupiter.engine.extension.TimeoutExtension.intercept(TimeoutExtension.java:149)
	at org.junit.jupiter.engine.extension.TimeoutExtension.interceptTestableMethod(TimeoutExtension.java:140)
	at org.junit.jupiter.engine.extension.TimeoutExtension.interceptTestMethod(TimeoutExtension.java:84)
	at org.junit.jupiter.engine.execution.ExecutableInvoker$ReflectiveInterceptorCall.lambda$ofVoidMethod$0(ExecutableInvoker.java:115)
	at org.junit.jupiter.engine.execution.ExecutableInvoker.lambda$invoke$0(ExecutableInvoker.java:105)
	at org.junit.jupiter.engine.execution.InvocationInterceptorChain$InterceptedInvocation.proceed(InvocationInterceptorChain.java:106)
	at org.junit.jupiter.engine.execution.InvocationInterceptorChain.proceed(InvocationInterceptorChain.java:64)
	at org.junit.jupiter.engine.execution.InvocationInterceptorChain.chainAndInvoke(InvocationInterceptorChain.java:45)
	at org.junit.jupiter.engine.execution.InvocationInterceptorChain.invoke(InvocationInterceptorChain.java:37)
	at org.junit.jupiter.engine.execution.ExecutableInvoker.invoke(ExecutableInvoker.java:104)
	at org.junit.jupiter.engine.execution.ExecutableInvoker.invoke(ExecutableInvoker.java:98)
	at org.junit.jupiter.engine.descriptor.TestMethodTestDescriptor.lambda$invokeTestMethod$7(TestMethodTestDescriptor.java:214)
	at org.junit.platform.engine.support.hierarchical.ThrowableCollector.execute(ThrowableCollector.java:73)
	at org.junit.jupiter.engine.descriptor.TestMethodTestDescriptor.invokeTestMethod(TestMethodTestDescriptor.java:210)
	at org.junit.jupiter.engine.descriptor.TestMethodTestDescriptor.execute(TestMethodTestDescriptor.java:135)
	at org.junit.jupiter.engine.descriptor.TestMethodTestDescriptor.execute(TestMethodTestDescriptor.java:66)
	at org.junit.platform.engine.support.hierarchical.NodeTestTask.lambda$executeRecursively$6(NodeTestTask.java:151)
	at org.junit.platform.engine.support.hierarchical.ThrowableCollector.execute(ThrowableCollector.java:73)
	at org.junit.platform.engine.support.hierarchical.NodeTestTask.lambda$executeRecursively$8(NodeTestTask.java:141)
	at org.junit.platform.engine.support.hierarchical.Node.around(Node.java:137)
	at org.junit.platform.engine.support.hierarchical.NodeTestTask.lambda$executeRecursively$9(NodeTestTask.java:139)
	at org.junit.platform.engine.support.hierarchical.ThrowableCollector.execute(ThrowableCollector.java:73)
	at org.junit.platform.engine.support.hierarchical.NodeTestTask.executeRecursively(NodeTestTask.java:138)
	at org.junit.platform.engine.support.hierarchical.NodeTestTask.execute(NodeTestTask.java:95)
	at java.util.ArrayList.forEach(ArrayList.java:1259)
	at org.junit.platform.engine.support.hierarchical.SameThreadHierarchicalTestExecutorService.invokeAll(SameThreadHierarchicalTestExecutorService.java:41)
	at org.junit.platform.engine.support.hierarchical.NodeTestTask.lambda$executeRecursively$6(NodeTestTask.java:155)
	at org.junit.platform.engine.support.hierarchical.ThrowableCollector.execute(ThrowableCollector.java:73)
	at org.junit.platform.engine.support.hierarchical.NodeTestTask.lambda$executeRecursively$8(NodeTestTask.java:141)
	at org.junit.platform.engine.support.hierarchical.Node.around(Node.java:137)
	at org.junit.platform.engine.support.hierarchical.NodeTestTask.lambda$executeRecursively$9(NodeTestTask.java:139)
	at org.junit.platform.engine.support.hierarchical.ThrowableCollector.execute(ThrowableCollector.java:73)
	at org.junit.platform.engine.support.hierarchical.NodeTestTask.executeRecursively(NodeTestTask.java:138)
	at org.junit.platform.engine.support.hierarchical.NodeTestTask.execute(NodeTestTask.java:95)
	at java.util.ArrayList.forEach(ArrayList.java:1259)
	at org.junit.platform.engine.support.hierarchical.SameThreadHierarchicalTestExecutorService.invokeAll(SameThreadHierarchicalTestExecutorService.java:41)
	at org.junit.platform.engine.support.hierarchical.NodeTestTask.lambda$executeRecursively$6(NodeTestTask.java:155)
	at org.junit.platform.engine.support.hierarchical.ThrowableCollector.execute(ThrowableCollector.java:73)
	at org.junit.platform.engine.support.hierarchical.NodeTestTask.lambda$executeRecursively$8(NodeTestTask.java:141)
	at org.junit.platform.engine.support.hierarchical.Node.around(Node.java:137)
	at org.junit.platform.engine.support.hierarchical.NodeTestTask.lambda$executeRecursively$9(NodeTestTask.java:139)
	at org.junit.platform.engine.support.hierarchical.ThrowableCollector.execute(ThrowableCollector.java:73)
	at org.junit.platform.engine.support.hierarchical.NodeTestTask.executeRecursively(NodeTestTask.java:138)
	at org.junit.platform.engine.support.hierarchical.NodeTestTask.execute(NodeTestTask.java:95)
	at org.junit.platform.engine.support.hierarchical.SameThreadHierarchicalTestExecutorService.submit(SameThreadHierarchicalTestExecutorService.java:35)
	at org.junit.platform.engine.support.hierarchical.HierarchicalTestExecutor.execute(HierarchicalTestExecutor.java:57)
	at org.junit.platform.engine.support.hierarchical.HierarchicalTestEngine.execute(HierarchicalTestEngine.java:54)
	at org.junit.platform.launcher.core.EngineExecutionOrchestrator.execute(EngineExecutionOrchestrator.java:107)
	at org.junit.platform.launcher.core.EngineExecutionOrchestrator.execute(EngineExecutionOrchestrator.java:88)
	at org.junit.platform.launcher.core.EngineExecutionOrchestrator.lambda$execute$0(EngineExecutionOrchestrator.java:54)
	at org.junit.platform.launcher.core.EngineExecutionOrchestrator.withInterceptedStreams(EngineExecutionOrchestrator.java:67)
	at org.junit.platform.launcher.core.EngineExecutionOrchestrator.execute(EngineExecutionOrchestrator.java:52)
	at org.junit.platform.launcher.core.DefaultLauncher.execute(DefaultLauncher.java:114)
	at org.junit.platform.launcher.core.DefaultLauncher.execute(DefaultLauncher.java:86)
	at org.junit.platform.launcher.core.DefaultLauncherSession$DelegatingLauncher.execute(DefaultLauncherSession.java:86)
	at org.junit.platform.launcher.core.SessionPerRequestLauncher.execute(SessionPerRequestLauncher.java:53)
	at org.apache.maven.surefire.junitplatform.JUnitPlatformProvider.execute(JUnitPlatformProvider.java:188)
	at org.apache.maven.surefire.junitplatform.JUnitPlatformProvider.invokeAllTests(JUnitPlatformProvider.java:154)
	at org.apache.maven.surefire.junitplatform.JUnitPlatformProvider.invoke(JUnitPlatformProvider.java:124)
	at org.apache.maven.surefire.booter.ForkedBooter.runSuitesInProcess(ForkedBooter.java:428)
	at org.apache.maven.surefire.booter.ForkedBooter.execute(ForkedBooter.java:162)
	at org.apache.maven.surefire.booter.ForkedBooter.run(ForkedBooter.java:562)
	at org.apache.maven.surefire.booter.ForkedBooter.main(ForkedBooter.java:548)
2023-06-21 17:31:32,283 [Thread-24] INFO  balancer.ContainerBalancerTask (ContainerBalancerTask.java:lambda$moveContainer$3(824)) - Container move for container #84 from source 6203eece-6ef0-4bc3-818c-5633b1ce82b6 to target 9e3d9b6d-5f8e-40c2-8edc-968a2a327dfa failed with exceptions.
java.util.concurrent.CompletionException: java.lang.RuntimeException: Runtime Exception after doing work
	at java.util.concurrent.CompletableFuture.encodeThrowable(CompletableFuture.java:273)
	at java.util.concurrent.CompletableFuture.completeThrowable(CompletableFuture.java:280)
	at java.util.concurrent.CompletableFuture$AsyncSupply.run(CompletableFuture.java:1606)
	at java.lang.Thread.run(Thread.java:750)
Caused by: java.lang.RuntimeException: Runtime Exception after doing work
	at org.apache.hadoop.hdds.scm.container.balancer.TestContainerBalancerTask.lambda$checkIterationResultException$10(TestContainerBalancerTask.java:994)
	at java.util.concurrent.CompletableFuture$AsyncSupply.run(CompletableFuture.java:1604)
	... 1 more
2023-06-21 17:31:32,285 [main] DEBUG balancer.ContainerBalancerTask (ContainerBalancerTask.java:matchSourceWithTarget(706)) - ContainerBalancer is finding suitable target for source datanode a6813fd8-b650-4236-9042-85f62da49a80
2023-06-21 17:31:32,285 [main] INFO  balancer.ContainerBalancerTask (ContainerBalancerTask.java:matchSourceWithTarget(720)) - ContainerBalancer matched source datanode a6813fd8-b650-4236-9042-85f62da49a80 with target datanode 9e3d9b6d-5f8e-40c2-8edc-968a2a327dfa for container move.
2023-06-21 17:31:32,286 [main] INFO  balancer.ContainerBalancerTask (ContainerBalancerTask.java:processMoveSelection(569)) - ContainerBalancer is trying to move container #68 with size 5368709120B from source datanode a6813fd8-b650-4236-9042-85f62da49a80 to target datanode 9e3d9b6d-5f8e-40c2-8edc-968a2a327dfa
2023-06-21 17:31:32,286 [main] INFO  balancer.ContainerBalancerTask (ContainerBalancerTask.java:lambda$moveContainer$3(824)) - Container move for container #68 from source a6813fd8-b650-4236-9042-85f62da49a80 to target 9e3d9b6d-5f8e-40c2-8edc-968a2a327dfa failed with exceptions.
java.lang.RuntimeException: Runtime Exception
	at org.apache.hadoop.hdds.scm.container.balancer.TestContainerBalancerTask.checkIterationResultException(TestContainerBalancerTask.java:985)
	at sun.reflect.NativeMethodAccessorImpl.invoke0(Native Method)
	at sun.reflect.NativeMethodAccessorImpl.invoke(NativeMethodAccessorImpl.java:62)
	at sun.reflect.DelegatingMethodAccessorImpl.invoke(DelegatingMethodAccessorImpl.java:43)
	at java.lang.reflect.Method.invoke(Method.java:498)
	at org.junit.platform.commons.util.ReflectionUtils.invokeMethod(ReflectionUtils.java:725)
	at org.junit.jupiter.engine.execution.MethodInvocation.proceed(MethodInvocation.java:60)
	at org.junit.jupiter.engine.execution.InvocationInterceptorChain$ValidatingInvocation.proceed(InvocationInterceptorChain.java:131)
	at org.junit.jupiter.engine.extension.TimeoutExtension.intercept(TimeoutExtension.java:149)
	at org.junit.jupiter.engine.extension.TimeoutExtension.interceptTestableMethod(TimeoutExtension.java:140)
	at org.junit.jupiter.engine.extension.TimeoutExtension.interceptTestMethod(TimeoutExtension.java:84)
	at org.junit.jupiter.engine.execution.ExecutableInvoker$ReflectiveInterceptorCall.lambda$ofVoidMethod$0(ExecutableInvoker.java:115)
	at org.junit.jupiter.engine.execution.ExecutableInvoker.lambda$invoke$0(ExecutableInvoker.java:105)
	at org.junit.jupiter.engine.execution.InvocationInterceptorChain$InterceptedInvocation.proceed(InvocationInterceptorChain.java:106)
	at org.junit.jupiter.engine.execution.InvocationInterceptorChain.proceed(InvocationInterceptorChain.java:64)
	at org.junit.jupiter.engine.execution.InvocationInterceptorChain.chainAndInvoke(InvocationInterceptorChain.java:45)
	at org.junit.jupiter.engine.execution.InvocationInterceptorChain.invoke(InvocationInterceptorChain.java:37)
	at org.junit.jupiter.engine.execution.ExecutableInvoker.invoke(ExecutableInvoker.java:104)
	at org.junit.jupiter.engine.execution.ExecutableInvoker.invoke(ExecutableInvoker.java:98)
	at org.junit.jupiter.engine.descriptor.TestMethodTestDescriptor.lambda$invokeTestMethod$7(TestMethodTestDescriptor.java:214)
	at org.junit.platform.engine.support.hierarchical.ThrowableCollector.execute(ThrowableCollector.java:73)
	at org.junit.jupiter.engine.descriptor.TestMethodTestDescriptor.invokeTestMethod(TestMethodTestDescriptor.java:210)
	at org.junit.jupiter.engine.descriptor.TestMethodTestDescriptor.execute(TestMethodTestDescriptor.java:135)
	at org.junit.jupiter.engine.descriptor.TestMethodTestDescriptor.execute(TestMethodTestDescriptor.java:66)
	at org.junit.platform.engine.support.hierarchical.NodeTestTask.lambda$executeRecursively$6(NodeTestTask.java:151)
	at org.junit.platform.engine.support.hierarchical.ThrowableCollector.execute(ThrowableCollector.java:73)
	at org.junit.platform.engine.support.hierarchical.NodeTestTask.lambda$executeRecursively$8(NodeTestTask.java:141)
	at org.junit.platform.engine.support.hierarchical.Node.around(Node.java:137)
	at org.junit.platform.engine.support.hierarchical.NodeTestTask.lambda$executeRecursively$9(NodeTestTask.java:139)
	at org.junit.platform.engine.support.hierarchical.ThrowableCollector.execute(ThrowableCollector.java:73)
	at org.junit.platform.engine.support.hierarchical.NodeTestTask.executeRecursively(NodeTestTask.java:138)
	at org.junit.platform.engine.support.hierarchical.NodeTestTask.execute(NodeTestTask.java:95)
	at java.util.ArrayList.forEach(ArrayList.java:1259)
	at org.junit.platform.engine.support.hierarchical.SameThreadHierarchicalTestExecutorService.invokeAll(SameThreadHierarchicalTestExecutorService.java:41)
	at org.junit.platform.engine.support.hierarchical.NodeTestTask.lambda$executeRecursively$6(NodeTestTask.java:155)
	at org.junit.platform.engine.support.hierarchical.ThrowableCollector.execute(ThrowableCollector.java:73)
	at org.junit.platform.engine.support.hierarchical.NodeTestTask.lambda$executeRecursively$8(NodeTestTask.java:141)
	at org.junit.platform.engine.support.hierarchical.Node.around(Node.java:137)
	at org.junit.platform.engine.support.hierarchical.NodeTestTask.lambda$executeRecursively$9(NodeTestTask.java:139)
	at org.junit.platform.engine.support.hierarchical.ThrowableCollector.execute(ThrowableCollector.java:73)
	at org.junit.platform.engine.support.hierarchical.NodeTestTask.executeRecursively(NodeTestTask.java:138)
	at org.junit.platform.engine.support.hierarchical.NodeTestTask.execute(NodeTestTask.java:95)
	at java.util.ArrayList.forEach(ArrayList.java:1259)
	at org.junit.platform.engine.support.hierarchical.SameThreadHierarchicalTestExecutorService.invokeAll(SameThreadHierarchicalTestExecutorService.java:41)
	at org.junit.platform.engine.support.hierarchical.NodeTestTask.lambda$executeRecursively$6(NodeTestTask.java:155)
	at org.junit.platform.engine.support.hierarchical.ThrowableCollector.execute(ThrowableCollector.java:73)
	at org.junit.platform.engine.support.hierarchical.NodeTestTask.lambda$executeRecursively$8(NodeTestTask.java:141)
	at org.junit.platform.engine.support.hierarchical.Node.around(Node.java:137)
	at org.junit.platform.engine.support.hierarchical.NodeTestTask.lambda$executeRecursively$9(NodeTestTask.java:139)
	at org.junit.platform.engine.support.hierarchical.ThrowableCollector.execute(ThrowableCollector.java:73)
	at org.junit.platform.engine.support.hierarchical.NodeTestTask.executeRecursively(NodeTestTask.java:138)
	at org.junit.platform.engine.support.hierarchical.NodeTestTask.execute(NodeTestTask.java:95)
	at org.junit.platform.engine.support.hierarchical.SameThreadHierarchicalTestExecutorService.submit(SameThreadHierarchicalTestExecutorService.java:35)
	at org.junit.platform.engine.support.hierarchical.HierarchicalTestExecutor.execute(HierarchicalTestExecutor.java:57)
	at org.junit.platform.engine.support.hierarchical.HierarchicalTestEngine.execute(HierarchicalTestEngine.java:54)
	at org.junit.platform.launcher.core.EngineExecutionOrchestrator.execute(EngineExecutionOrchestrator.java:107)
	at org.junit.platform.launcher.core.EngineExecutionOrchestrator.execute(EngineExecutionOrchestrator.java:88)
	at org.junit.platform.launcher.core.EngineExecutionOrchestrator.lambda$execute$0(EngineExecutionOrchestrator.java:54)
	at org.junit.platform.launcher.core.EngineExecutionOrchestrator.withInterceptedStreams(EngineExecutionOrchestrator.java:67)
	at org.junit.platform.launcher.core.EngineExecutionOrchestrator.execute(EngineExecutionOrchestrator.java:52)
	at org.junit.platform.launcher.core.DefaultLauncher.execute(DefaultLauncher.java:114)
	at org.junit.platform.launcher.core.DefaultLauncher.execute(DefaultLauncher.java:86)
	at org.junit.platform.launcher.core.DefaultLauncherSession$DelegatingLauncher.execute(DefaultLauncherSession.java:86)
	at org.junit.platform.launcher.core.SessionPerRequestLauncher.execute(SessionPerRequestLauncher.java:53)
	at org.apache.maven.surefire.junitplatform.JUnitPlatformProvider.execute(JUnitPlatformProvider.java:188)
	at org.apache.maven.surefire.junitplatform.JUnitPlatformProvider.invokeAllTests(JUnitPlatformProvider.java:154)
	at org.apache.maven.surefire.junitplatform.JUnitPlatformProvider.invoke(JUnitPlatformProvider.java:124)
	at org.apache.maven.surefire.booter.ForkedBooter.runSuitesInProcess(ForkedBooter.java:428)
	at org.apache.maven.surefire.booter.ForkedBooter.execute(ForkedBooter.java:162)
	at org.apache.maven.surefire.booter.ForkedBooter.run(ForkedBooter.java:562)
	at org.apache.maven.surefire.booter.ForkedBooter.main(ForkedBooter.java:548)
2023-06-21 17:31:32,289 [main] DEBUG balancer.ContainerBalancerTask (ContainerBalancerTask.java:matchSourceWithTarget(706)) - ContainerBalancer is finding suitable target for source datanode 25be23a3-0eb0-46da-ad24-a1507fd2e7bd
2023-06-21 17:31:32,289 [main] INFO  balancer.ContainerBalancerTask (ContainerBalancerTask.java:matchSourceWithTarget(720)) - ContainerBalancer matched source datanode 25be23a3-0eb0-46da-ad24-a1507fd2e7bd with target datanode 9e3d9b6d-5f8e-40c2-8edc-968a2a327dfa for container move.
2023-06-21 17:31:32,289 [main] INFO  balancer.ContainerBalancerTask (ContainerBalancerTask.java:processMoveSelection(569)) - ContainerBalancer is trying to move container #52 with size 4294967296B from source datanode 25be23a3-0eb0-46da-ad24-a1507fd2e7bd to target datanode 9e3d9b6d-5f8e-40c2-8edc-968a2a327dfa
2023-06-21 17:31:32,289 [main] INFO  balancer.ContainerBalancerTask (ContainerBalancerTask.java:lambda$moveContainer$3(824)) - Container move for container #52 from source 25be23a3-0eb0-46da-ad24-a1507fd2e7bd to target 9e3d9b6d-5f8e-40c2-8edc-968a2a327dfa failed with exceptions.
java.lang.RuntimeException: Runtime Exception
	at org.apache.hadoop.hdds.scm.container.balancer.TestContainerBalancerTask.checkIterationResultException(TestContainerBalancerTask.java:985)
	at sun.reflect.NativeMethodAccessorImpl.invoke0(Native Method)
	at sun.reflect.NativeMethodAccessorImpl.invoke(NativeMethodAccessorImpl.java:62)
	at sun.reflect.DelegatingMethodAccessorImpl.invoke(DelegatingMethodAccessorImpl.java:43)
	at java.lang.reflect.Method.invoke(Method.java:498)
	at org.junit.platform.commons.util.ReflectionUtils.invokeMethod(ReflectionUtils.java:725)
	at org.junit.jupiter.engine.execution.MethodInvocation.proceed(MethodInvocation.java:60)
	at org.junit.jupiter.engine.execution.InvocationInterceptorChain$ValidatingInvocation.proceed(InvocationInterceptorChain.java:131)
	at org.junit.jupiter.engine.extension.TimeoutExtension.intercept(TimeoutExtension.java:149)
	at org.junit.jupiter.engine.extension.TimeoutExtension.interceptTestableMethod(TimeoutExtension.java:140)
	at org.junit.jupiter.engine.extension.TimeoutExtension.interceptTestMethod(TimeoutExtension.java:84)
	at org.junit.jupiter.engine.execution.ExecutableInvoker$ReflectiveInterceptorCall.lambda$ofVoidMethod$0(ExecutableInvoker.java:115)
	at org.junit.jupiter.engine.execution.ExecutableInvoker.lambda$invoke$0(ExecutableInvoker.java:105)
	at org.junit.jupiter.engine.execution.InvocationInterceptorChain$InterceptedInvocation.proceed(InvocationInterceptorChain.java:106)
	at org.junit.jupiter.engine.execution.InvocationInterceptorChain.proceed(InvocationInterceptorChain.java:64)
	at org.junit.jupiter.engine.execution.InvocationInterceptorChain.chainAndInvoke(InvocationInterceptorChain.java:45)
	at org.junit.jupiter.engine.execution.InvocationInterceptorChain.invoke(InvocationInterceptorChain.java:37)
	at org.junit.jupiter.engine.execution.ExecutableInvoker.invoke(ExecutableInvoker.java:104)
	at org.junit.jupiter.engine.execution.ExecutableInvoker.invoke(ExecutableInvoker.java:98)
	at org.junit.jupiter.engine.descriptor.TestMethodTestDescriptor.lambda$invokeTestMethod$7(TestMethodTestDescriptor.java:214)
	at org.junit.platform.engine.support.hierarchical.ThrowableCollector.execute(ThrowableCollector.java:73)
	at org.junit.jupiter.engine.descriptor.TestMethodTestDescriptor.invokeTestMethod(TestMethodTestDescriptor.java:210)
	at org.junit.jupiter.engine.descriptor.TestMethodTestDescriptor.execute(TestMethodTestDescriptor.java:135)
	at org.junit.jupiter.engine.descriptor.TestMethodTestDescriptor.execute(TestMethodTestDescriptor.java:66)
	at org.junit.platform.engine.support.hierarchical.NodeTestTask.lambda$executeRecursively$6(NodeTestTask.java:151)
	at org.junit.platform.engine.support.hierarchical.ThrowableCollector.execute(ThrowableCollector.java:73)
	at org.junit.platform.engine.support.hierarchical.NodeTestTask.lambda$executeRecursively$8(NodeTestTask.java:141)
	at org.junit.platform.engine.support.hierarchical.Node.around(Node.java:137)
	at org.junit.platform.engine.support.hierarchical.NodeTestTask.lambda$executeRecursively$9(NodeTestTask.java:139)
	at org.junit.platform.engine.support.hierarchical.ThrowableCollector.execute(ThrowableCollector.java:73)
	at org.junit.platform.engine.support.hierarchical.NodeTestTask.executeRecursively(NodeTestTask.java:138)
	at org.junit.platform.engine.support.hierarchical.NodeTestTask.execute(NodeTestTask.java:95)
	at java.util.ArrayList.forEach(ArrayList.java:1259)
	at org.junit.platform.engine.support.hierarchical.SameThreadHierarchicalTestExecutorService.invokeAll(SameThreadHierarchicalTestExecutorService.java:41)
	at org.junit.platform.engine.support.hierarchical.NodeTestTask.lambda$executeRecursively$6(NodeTestTask.java:155)
	at org.junit.platform.engine.support.hierarchical.ThrowableCollector.execute(ThrowableCollector.java:73)
	at org.junit.platform.engine.support.hierarchical.NodeTestTask.lambda$executeRecursively$8(NodeTestTask.java:141)
	at org.junit.platform.engine.support.hierarchical.Node.around(Node.java:137)
	at org.junit.platform.engine.support.hierarchical.NodeTestTask.lambda$executeRecursively$9(NodeTestTask.java:139)
	at org.junit.platform.engine.support.hierarchical.ThrowableCollector.execute(ThrowableCollector.java:73)
	at org.junit.platform.engine.support.hierarchical.NodeTestTask.executeRecursively(NodeTestTask.java:138)
	at org.junit.platform.engine.support.hierarchical.NodeTestTask.execute(NodeTestTask.java:95)
	at java.util.ArrayList.forEach(ArrayList.java:1259)
	at org.junit.platform.engine.support.hierarchical.SameThreadHierarchicalTestExecutorService.invokeAll(SameThreadHierarchicalTestExecutorService.java:41)
	at org.junit.platform.engine.support.hierarchical.NodeTestTask.lambda$executeRecursively$6(NodeTestTask.java:155)
	at org.junit.platform.engine.support.hierarchical.ThrowableCollector.execute(ThrowableCollector.java:73)
	at org.junit.platform.engine.support.hierarchical.NodeTestTask.lambda$executeRecursively$8(NodeTestTask.java:141)
	at org.junit.platform.engine.support.hierarchical.Node.around(Node.java:137)
	at org.junit.platform.engine.support.hierarchical.NodeTestTask.lambda$executeRecursively$9(NodeTestTask.java:139)
	at org.junit.platform.engine.support.hierarchical.ThrowableCollector.execute(ThrowableCollector.java:73)
	at org.junit.platform.engine.support.hierarchical.NodeTestTask.executeRecursively(NodeTestTask.java:138)
	at org.junit.platform.engine.support.hierarchical.NodeTestTask.execute(NodeTestTask.java:95)
	at org.junit.platform.engine.support.hierarchical.SameThreadHierarchicalTestExecutorService.submit(SameThreadHierarchicalTestExecutorService.java:35)
	at org.junit.platform.engine.support.hierarchical.HierarchicalTestExecutor.execute(HierarchicalTestExecutor.java:57)
	at org.junit.platform.engine.support.hierarchical.HierarchicalTestEngine.execute(HierarchicalTestEngine.java:54)
	at org.junit.platform.launcher.core.EngineExecutionOrchestrator.execute(EngineExecutionOrchestrator.java:107)
	at org.junit.platform.launcher.core.EngineExecutionOrchestrator.execute(EngineExecutionOrchestrator.java:88)
	at org.junit.platform.launcher.core.EngineExecutionOrchestrator.lambda$execute$0(EngineExecutionOrchestrator.java:54)
	at org.junit.platform.launcher.core.EngineExecutionOrchestrator.withInterceptedStreams(EngineExecutionOrchestrator.java:67)
	at org.junit.platform.launcher.core.EngineExecutionOrchestrator.execute(EngineExecutionOrchestrator.java:52)
	at org.junit.platform.launcher.core.DefaultLauncher.execute(DefaultLauncher.java:114)
	at org.junit.platform.launcher.core.DefaultLauncher.execute(DefaultLauncher.java:86)
	at org.junit.platform.launcher.core.DefaultLauncherSession$DelegatingLauncher.execute(DefaultLauncherSession.java:86)
	at org.junit.platform.launcher.core.SessionPerRequestLauncher.execute(SessionPerRequestLauncher.java:53)
	at org.apache.maven.surefire.junitplatform.JUnitPlatformProvider.execute(JUnitPlatformProvider.java:188)
	at org.apache.maven.surefire.junitplatform.JUnitPlatformProvider.invokeAllTests(JUnitPlatformProvider.java:154)
	at org.apache.maven.surefire.junitplatform.JUnitPlatformProvider.invoke(JUnitPlatformProvider.java:124)
	at org.apache.maven.surefire.booter.ForkedBooter.runSuitesInProcess(ForkedBooter.java:428)
	at org.apache.maven.surefire.booter.ForkedBooter.execute(ForkedBooter.java:162)
	at org.apache.maven.surefire.booter.ForkedBooter.run(ForkedBooter.java:562)
	at org.apache.maven.surefire.booter.ForkedBooter.main(ForkedBooter.java:548)
2023-06-21 17:31:32,292 [main] DEBUG balancer.ContainerBalancerTask (ContainerBalancerTask.java:matchSourceWithTarget(706)) - ContainerBalancer is finding suitable target for source datanode bdab65be-e7fc-470f-ae1f-4b796f5e1cab
2023-06-21 17:31:32,292 [main] INFO  balancer.ContainerBalancerTask (ContainerBalancerTask.java:matchSourceWithTarget(720)) - ContainerBalancer matched source datanode bdab65be-e7fc-470f-ae1f-4b796f5e1cab with target datanode 9e3d9b6d-5f8e-40c2-8edc-968a2a327dfa for container move.
2023-06-21 17:31:32,293 [main] INFO  balancer.ContainerBalancerTask (ContainerBalancerTask.java:processMoveSelection(569)) - ContainerBalancer is trying to move container #40 with size 5368709120B from source datanode bdab65be-e7fc-470f-ae1f-4b796f5e1cab to target datanode 9e3d9b6d-5f8e-40c2-8edc-968a2a327dfa
2023-06-21 17:31:32,293 [main] INFO  balancer.ContainerBalancerTask (ContainerBalancerTask.java:lambda$moveContainer$3(824)) - Container move for container #40 from source bdab65be-e7fc-470f-ae1f-4b796f5e1cab to target 9e3d9b6d-5f8e-40c2-8edc-968a2a327dfa failed with exceptions.
java.lang.RuntimeException: Runtime Exception
	at org.apache.hadoop.hdds.scm.container.balancer.TestContainerBalancerTask.checkIterationResultException(TestContainerBalancerTask.java:985)
	at sun.reflect.NativeMethodAccessorImpl.invoke0(Native Method)
	at sun.reflect.NativeMethodAccessorImpl.invoke(NativeMethodAccessorImpl.java:62)
	at sun.reflect.DelegatingMethodAccessorImpl.invoke(DelegatingMethodAccessorImpl.java:43)
	at java.lang.reflect.Method.invoke(Method.java:498)
	at org.junit.platform.commons.util.ReflectionUtils.invokeMethod(ReflectionUtils.java:725)
	at org.junit.jupiter.engine.execution.MethodInvocation.proceed(MethodInvocation.java:60)
	at org.junit.jupiter.engine.execution.InvocationInterceptorChain$ValidatingInvocation.proceed(InvocationInterceptorChain.java:131)
	at org.junit.jupiter.engine.extension.TimeoutExtension.intercept(TimeoutExtension.java:149)
	at org.junit.jupiter.engine.extension.TimeoutExtension.interceptTestableMethod(TimeoutExtension.java:140)
	at org.junit.jupiter.engine.extension.TimeoutExtension.interceptTestMethod(TimeoutExtension.java:84)
	at org.junit.jupiter.engine.execution.ExecutableInvoker$ReflectiveInterceptorCall.lambda$ofVoidMethod$0(ExecutableInvoker.java:115)
	at org.junit.jupiter.engine.execution.ExecutableInvoker.lambda$invoke$0(ExecutableInvoker.java:105)
	at org.junit.jupiter.engine.execution.InvocationInterceptorChain$InterceptedInvocation.proceed(InvocationInterceptorChain.java:106)
	at org.junit.jupiter.engine.execution.InvocationInterceptorChain.proceed(InvocationInterceptorChain.java:64)
	at org.junit.jupiter.engine.execution.InvocationInterceptorChain.chainAndInvoke(InvocationInterceptorChain.java:45)
	at org.junit.jupiter.engine.execution.InvocationInterceptorChain.invoke(InvocationInterceptorChain.java:37)
	at org.junit.jupiter.engine.execution.ExecutableInvoker.invoke(ExecutableInvoker.java:104)
	at org.junit.jupiter.engine.execution.ExecutableInvoker.invoke(ExecutableInvoker.java:98)
	at org.junit.jupiter.engine.descriptor.TestMethodTestDescriptor.lambda$invokeTestMethod$7(TestMethodTestDescriptor.java:214)
	at org.junit.platform.engine.support.hierarchical.ThrowableCollector.execute(ThrowableCollector.java:73)
	at org.junit.jupiter.engine.descriptor.TestMethodTestDescriptor.invokeTestMethod(TestMethodTestDescriptor.java:210)
	at org.junit.jupiter.engine.descriptor.TestMethodTestDescriptor.execute(TestMethodTestDescriptor.java:135)
	at org.junit.jupiter.engine.descriptor.TestMethodTestDescriptor.execute(TestMethodTestDescriptor.java:66)
	at org.junit.platform.engine.support.hierarchical.NodeTestTask.lambda$executeRecursively$6(NodeTestTask.java:151)
	at org.junit.platform.engine.support.hierarchical.ThrowableCollector.execute(ThrowableCollector.java:73)
	at org.junit.platform.engine.support.hierarchical.NodeTestTask.lambda$executeRecursively$8(NodeTestTask.java:141)
	at org.junit.platform.engine.support.hierarchical.Node.around(Node.java:137)
	at org.junit.platform.engine.support.hierarchical.NodeTestTask.lambda$executeRecursively$9(NodeTestTask.java:139)
	at org.junit.platform.engine.support.hierarchical.ThrowableCollector.execute(ThrowableCollector.java:73)
	at org.junit.platform.engine.support.hierarchical.NodeTestTask.executeRecursively(NodeTestTask.java:138)
	at org.junit.platform.engine.support.hierarchical.NodeTestTask.execute(NodeTestTask.java:95)
	at java.util.ArrayList.forEach(ArrayList.java:1259)
	at org.junit.platform.engine.support.hierarchical.SameThreadHierarchicalTestExecutorService.invokeAll(SameThreadHierarchicalTestExecutorService.java:41)
	at org.junit.platform.engine.support.hierarchical.NodeTestTask.lambda$executeRecursively$6(NodeTestTask.java:155)
	at org.junit.platform.engine.support.hierarchical.ThrowableCollector.execute(ThrowableCollector.java:73)
	at org.junit.platform.engine.support.hierarchical.NodeTestTask.lambda$executeRecursively$8(NodeTestTask.java:141)
	at org.junit.platform.engine.support.hierarchical.Node.around(Node.java:137)
	at org.junit.platform.engine.support.hierarchical.NodeTestTask.lambda$executeRecursively$9(NodeTestTask.java:139)
	at org.junit.platform.engine.support.hierarchical.ThrowableCollector.execute(ThrowableCollector.java:73)
	at org.junit.platform.engine.support.hierarchical.NodeTestTask.executeRecursively(NodeTestTask.java:138)
	at org.junit.platform.engine.support.hierarchical.NodeTestTask.execute(NodeTestTask.java:95)
	at java.util.ArrayList.forEach(ArrayList.java:1259)
	at org.junit.platform.engine.support.hierarchical.SameThreadHierarchicalTestExecutorService.invokeAll(SameThreadHierarchicalTestExecutorService.java:41)
	at org.junit.platform.engine.support.hierarchical.NodeTestTask.lambda$executeRecursively$6(NodeTestTask.java:155)
	at org.junit.platform.engine.support.hierarchical.ThrowableCollector.execute(ThrowableCollector.java:73)
	at org.junit.platform.engine.support.hierarchical.NodeTestTask.lambda$executeRecursively$8(NodeTestTask.java:141)
	at org.junit.platform.engine.support.hierarchical.Node.around(Node.java:137)
	at org.junit.platform.engine.support.hierarchical.NodeTestTask.lambda$executeRecursively$9(NodeTestTask.java:139)
	at org.junit.platform.engine.support.hierarchical.ThrowableCollector.execute(ThrowableCollector.java:73)
	at org.junit.platform.engine.support.hierarchical.NodeTestTask.executeRecursively(NodeTestTask.java:138)
	at org.junit.platform.engine.support.hierarchical.NodeTestTask.execute(NodeTestTask.java:95)
	at org.junit.platform.engine.support.hierarchical.SameThreadHierarchicalTestExecutorService.submit(SameThreadHierarchicalTestExecutorService.java:35)
	at org.junit.platform.engine.support.hierarchical.HierarchicalTestExecutor.execute(HierarchicalTestExecutor.java:57)
	at org.junit.platform.engine.support.hierarchical.HierarchicalTestEngine.execute(HierarchicalTestEngine.java:54)
	at org.junit.platform.launcher.core.EngineExecutionOrchestrator.execute(EngineExecutionOrchestrator.java:107)
	at org.junit.platform.launcher.core.EngineExecutionOrchestrator.execute(EngineExecutionOrchestrator.java:88)
	at org.junit.platform.launcher.core.EngineExecutionOrchestrator.lambda$execute$0(EngineExecutionOrchestrator.java:54)
	at org.junit.platform.launcher.core.EngineExecutionOrchestrator.withInterceptedStreams(EngineExecutionOrchestrator.java:67)
	at org.junit.platform.launcher.core.EngineExecutionOrchestrator.execute(EngineExecutionOrchestrator.java:52)
	at org.junit.platform.launcher.core.DefaultLauncher.execute(DefaultLauncher.java:114)
	at org.junit.platform.launcher.core.DefaultLauncher.execute(DefaultLauncher.java:86)
	at org.junit.platform.launcher.core.DefaultLauncherSession$DelegatingLauncher.execute(DefaultLauncherSession.java:86)
	at org.junit.platform.launcher.core.SessionPerRequestLauncher.execute(SessionPerRequestLauncher.java:53)
	at org.apache.maven.surefire.junitplatform.JUnitPlatformProvider.execute(JUnitPlatformProvider.java:188)
	at org.apache.maven.surefire.junitplatform.JUnitPlatformProvider.invokeAllTests(JUnitPlatformProvider.java:154)
	at org.apache.maven.surefire.junitplatform.JUnitPlatformProvider.invoke(JUnitPlatformProvider.java:124)
	at org.apache.maven.surefire.booter.ForkedBooter.runSuitesInProcess(ForkedBooter.java:428)
	at org.apache.maven.surefire.booter.ForkedBooter.execute(ForkedBooter.java:162)
	at org.apache.maven.surefire.booter.ForkedBooter.run(ForkedBooter.java:562)
	at org.apache.maven.surefire.booter.ForkedBooter.main(ForkedBooter.java:548)
2023-06-21 17:31:32,295 [main] DEBUG balancer.ContainerBalancerTask (ContainerBalancerTask.java:matchSourceWithTarget(706)) - ContainerBalancer is finding suitable target for source datanode 6d4f214b-def1-4492-9fa1-d27f71ad99fc
2023-06-21 17:31:32,295 [main] INFO  balancer.ContainerBalancerTask (ContainerBalancerTask.java:matchSourceWithTarget(720)) - ContainerBalancer matched source datanode 6d4f214b-def1-4492-9fa1-d27f71ad99fc with target datanode 9e3d9b6d-5f8e-40c2-8edc-968a2a327dfa for container move.
2023-06-21 17:31:32,295 [main] INFO  balancer.ContainerBalancerTask (ContainerBalancerTask.java:processMoveSelection(569)) - ContainerBalancer is trying to move container #28 with size 4294967296B from source datanode 6d4f214b-def1-4492-9fa1-d27f71ad99fc to target datanode 9e3d9b6d-5f8e-40c2-8edc-968a2a327dfa
2023-06-21 17:31:32,295 [main] INFO  balancer.ContainerBalancerTask (ContainerBalancerTask.java:lambda$moveContainer$3(824)) - Container move for container #28 from source 6d4f214b-def1-4492-9fa1-d27f71ad99fc to target 9e3d9b6d-5f8e-40c2-8edc-968a2a327dfa failed with exceptions.
java.lang.RuntimeException: Runtime Exception
	at org.apache.hadoop.hdds.scm.container.balancer.TestContainerBalancerTask.checkIterationResultException(TestContainerBalancerTask.java:985)
	at sun.reflect.NativeMethodAccessorImpl.invoke0(Native Method)
	at sun.reflect.NativeMethodAccessorImpl.invoke(NativeMethodAccessorImpl.java:62)
	at sun.reflect.DelegatingMethodAccessorImpl.invoke(DelegatingMethodAccessorImpl.java:43)
	at java.lang.reflect.Method.invoke(Method.java:498)
	at org.junit.platform.commons.util.ReflectionUtils.invokeMethod(ReflectionUtils.java:725)
	at org.junit.jupiter.engine.execution.MethodInvocation.proceed(MethodInvocation.java:60)
	at org.junit.jupiter.engine.execution.InvocationInterceptorChain$ValidatingInvocation.proceed(InvocationInterceptorChain.java:131)
	at org.junit.jupiter.engine.extension.TimeoutExtension.intercept(TimeoutExtension.java:149)
	at org.junit.jupiter.engine.extension.TimeoutExtension.interceptTestableMethod(TimeoutExtension.java:140)
	at org.junit.jupiter.engine.extension.TimeoutExtension.interceptTestMethod(TimeoutExtension.java:84)
	at org.junit.jupiter.engine.execution.ExecutableInvoker$ReflectiveInterceptorCall.lambda$ofVoidMethod$0(ExecutableInvoker.java:115)
	at org.junit.jupiter.engine.execution.ExecutableInvoker.lambda$invoke$0(ExecutableInvoker.java:105)
	at org.junit.jupiter.engine.execution.InvocationInterceptorChain$InterceptedInvocation.proceed(InvocationInterceptorChain.java:106)
	at org.junit.jupiter.engine.execution.InvocationInterceptorChain.proceed(InvocationInterceptorChain.java:64)
	at org.junit.jupiter.engine.execution.InvocationInterceptorChain.chainAndInvoke(InvocationInterceptorChain.java:45)
	at org.junit.jupiter.engine.execution.InvocationInterceptorChain.invoke(InvocationInterceptorChain.java:37)
	at org.junit.jupiter.engine.execution.ExecutableInvoker.invoke(ExecutableInvoker.java:104)
	at org.junit.jupiter.engine.execution.ExecutableInvoker.invoke(ExecutableInvoker.java:98)
	at org.junit.jupiter.engine.descriptor.TestMethodTestDescriptor.lambda$invokeTestMethod$7(TestMethodTestDescriptor.java:214)
	at org.junit.platform.engine.support.hierarchical.ThrowableCollector.execute(ThrowableCollector.java:73)
	at org.junit.jupiter.engine.descriptor.TestMethodTestDescriptor.invokeTestMethod(TestMethodTestDescriptor.java:210)
	at org.junit.jupiter.engine.descriptor.TestMethodTestDescriptor.execute(TestMethodTestDescriptor.java:135)
	at org.junit.jupiter.engine.descriptor.TestMethodTestDescriptor.execute(TestMethodTestDescriptor.java:66)
	at org.junit.platform.engine.support.hierarchical.NodeTestTask.lambda$executeRecursively$6(NodeTestTask.java:151)
	at org.junit.platform.engine.support.hierarchical.ThrowableCollector.execute(ThrowableCollector.java:73)
	at org.junit.platform.engine.support.hierarchical.NodeTestTask.lambda$executeRecursively$8(NodeTestTask.java:141)
	at org.junit.platform.engine.support.hierarchical.Node.around(Node.java:137)
	at org.junit.platform.engine.support.hierarchical.NodeTestTask.lambda$executeRecursively$9(NodeTestTask.java:139)
	at org.junit.platform.engine.support.hierarchical.ThrowableCollector.execute(ThrowableCollector.java:73)
	at org.junit.platform.engine.support.hierarchical.NodeTestTask.executeRecursively(NodeTestTask.java:138)
	at org.junit.platform.engine.support.hierarchical.NodeTestTask.execute(NodeTestTask.java:95)
	at java.util.ArrayList.forEach(ArrayList.java:1259)
	at org.junit.platform.engine.support.hierarchical.SameThreadHierarchicalTestExecutorService.invokeAll(SameThreadHierarchicalTestExecutorService.java:41)
	at org.junit.platform.engine.support.hierarchical.NodeTestTask.lambda$executeRecursively$6(NodeTestTask.java:155)
	at org.junit.platform.engine.support.hierarchical.ThrowableCollector.execute(ThrowableCollector.java:73)
	at org.junit.platform.engine.support.hierarchical.NodeTestTask.lambda$executeRecursively$8(NodeTestTask.java:141)
	at org.junit.platform.engine.support.hierarchical.Node.around(Node.java:137)
	at org.junit.platform.engine.support.hierarchical.NodeTestTask.lambda$executeRecursively$9(NodeTestTask.java:139)
	at org.junit.platform.engine.support.hierarchical.ThrowableCollector.execute(ThrowableCollector.java:73)
	at org.junit.platform.engine.support.hierarchical.NodeTestTask.executeRecursively(NodeTestTask.java:138)
	at org.junit.platform.engine.support.hierarchical.NodeTestTask.execute(NodeTestTask.java:95)
	at java.util.ArrayList.forEach(ArrayList.java:1259)
	at org.junit.platform.engine.support.hierarchical.SameThreadHierarchicalTestExecutorService.invokeAll(SameThreadHierarchicalTestExecutorService.java:41)
	at org.junit.platform.engine.support.hierarchical.NodeTestTask.lambda$executeRecursively$6(NodeTestTask.java:155)
	at org.junit.platform.engine.support.hierarchical.ThrowableCollector.execute(ThrowableCollector.java:73)
	at org.junit.platform.engine.support.hierarchical.NodeTestTask.lambda$executeRecursively$8(NodeTestTask.java:141)
	at org.junit.platform.engine.support.hierarchical.Node.around(Node.java:137)
	at org.junit.platform.engine.support.hierarchical.NodeTestTask.lambda$executeRecursively$9(NodeTestTask.java:139)
	at org.junit.platform.engine.support.hierarchical.ThrowableCollector.execute(ThrowableCollector.java:73)
	at org.junit.platform.engine.support.hierarchical.NodeTestTask.executeRecursively(NodeTestTask.java:138)
	at org.junit.platform.engine.support.hierarchical.NodeTestTask.execute(NodeTestTask.java:95)
	at org.junit.platform.engine.support.hierarchical.SameThreadHierarchicalTestExecutorService.submit(SameThreadHierarchicalTestExecutorService.java:35)
	at org.junit.platform.engine.support.hierarchical.HierarchicalTestExecutor.execute(HierarchicalTestExecutor.java:57)
	at org.junit.platform.engine.support.hierarchical.HierarchicalTestEngine.execute(HierarchicalTestEngine.java:54)
	at org.junit.platform.launcher.core.EngineExecutionOrchestrator.execute(EngineExecutionOrchestrator.java:107)
	at org.junit.platform.launcher.core.EngineExecutionOrchestrator.execute(EngineExecutionOrchestrator.java:88)
	at org.junit.platform.launcher.core.EngineExecutionOrchestrator.lambda$execute$0(EngineExecutionOrchestrator.java:54)
	at org.junit.platform.launcher.core.EngineExecutionOrchestrator.withInterceptedStreams(EngineExecutionOrchestrator.java:67)
	at org.junit.platform.launcher.core.EngineExecutionOrchestrator.execute(EngineExecutionOrchestrator.java:52)
	at org.junit.platform.launcher.core.DefaultLauncher.execute(DefaultLauncher.java:114)
	at org.junit.platform.launcher.core.DefaultLauncher.execute(DefaultLauncher.java:86)
	at org.junit.platform.launcher.core.DefaultLauncherSession$DelegatingLauncher.execute(DefaultLauncherSession.java:86)
	at org.junit.platform.launcher.core.SessionPerRequestLauncher.execute(SessionPerRequestLauncher.java:53)
	at org.apache.maven.surefire.junitplatform.JUnitPlatformProvider.execute(JUnitPlatformProvider.java:188)
	at org.apache.maven.surefire.junitplatform.JUnitPlatformProvider.invokeAllTests(JUnitPlatformProvider.java:154)
	at org.apache.maven.surefire.junitplatform.JUnitPlatformProvider.invoke(JUnitPlatformProvider.java:124)
	at org.apache.maven.surefire.booter.ForkedBooter.runSuitesInProcess(ForkedBooter.java:428)
	at org.apache.maven.surefire.booter.ForkedBooter.execute(ForkedBooter.java:162)
	at org.apache.maven.surefire.booter.ForkedBooter.run(ForkedBooter.java:562)
	at org.apache.maven.surefire.booter.ForkedBooter.main(ForkedBooter.java:548)
2023-06-21 17:31:32,298 [main] INFO  balancer.FindSourceGreedy (FindSourceGreedy.java:getNextCandidateSourceDataNode(126)) - no more candidate source data node
2023-06-21 17:31:32,298 [main] ERROR balancer.ContainerBalancerTask (ContainerBalancerTask.java:checkIterationMoveResults(623)) - Got exception while checkIterationMoveResults
java.util.concurrent.ExecutionException: java.lang.RuntimeException: Runtime Exception after doing work
	at java.util.concurrent.CompletableFuture.reportGet(CompletableFuture.java:357)
	at java.util.concurrent.CompletableFuture.get(CompletableFuture.java:1928)
	at org.apache.hadoop.hdds.scm.container.balancer.ContainerBalancerTask.checkIterationMoveResults(ContainerBalancerTask.java:613)
	at org.apache.hadoop.hdds.scm.container.balancer.ContainerBalancerTask.checkIterationResults(ContainerBalancerTask.java:600)
	at org.apache.hadoop.hdds.scm.container.balancer.ContainerBalancerTask.doIteration(ContainerBalancerTask.java:543)
	at org.apache.hadoop.hdds.scm.container.balancer.ContainerBalancerTask.balance(ContainerBalancerTask.java:257)
	at org.apache.hadoop.hdds.scm.container.balancer.ContainerBalancerTask.run(ContainerBalancerTask.java:179)
	at org.apache.hadoop.hdds.scm.container.balancer.TestContainerBalancerTask.startBalancer(TestContainerBalancerTask.java:1304)
	at org.apache.hadoop.hdds.scm.container.balancer.TestContainerBalancerTask.checkIterationResultException(TestContainerBalancerTask.java:1007)
	at sun.reflect.NativeMethodAccessorImpl.invoke0(Native Method)
	at sun.reflect.NativeMethodAccessorImpl.invoke(NativeMethodAccessorImpl.java:62)
	at sun.reflect.DelegatingMethodAccessorImpl.invoke(DelegatingMethodAccessorImpl.java:43)
	at java.lang.reflect.Method.invoke(Method.java:498)
	at org.junit.platform.commons.util.ReflectionUtils.invokeMethod(ReflectionUtils.java:725)
	at org.junit.jupiter.engine.execution.MethodInvocation.proceed(MethodInvocation.java:60)
	at org.junit.jupiter.engine.execution.InvocationInterceptorChain$ValidatingInvocation.proceed(InvocationInterceptorChain.java:131)
	at org.junit.jupiter.engine.extension.TimeoutExtension.intercept(TimeoutExtension.java:149)
	at org.junit.jupiter.engine.extension.TimeoutExtension.interceptTestableMethod(TimeoutExtension.java:140)
	at org.junit.jupiter.engine.extension.TimeoutExtension.interceptTestMethod(TimeoutExtension.java:84)
	at org.junit.jupiter.engine.execution.ExecutableInvoker$ReflectiveInterceptorCall.lambda$ofVoidMethod$0(ExecutableInvoker.java:115)
	at org.junit.jupiter.engine.execution.ExecutableInvoker.lambda$invoke$0(ExecutableInvoker.java:105)
	at org.junit.jupiter.engine.execution.InvocationInterceptorChain$InterceptedInvocation.proceed(InvocationInterceptorChain.java:106)
	at org.junit.jupiter.engine.execution.InvocationInterceptorChain.proceed(InvocationInterceptorChain.java:64)
	at org.junit.jupiter.engine.execution.InvocationInterceptorChain.chainAndInvoke(InvocationInterceptorChain.java:45)
	at org.junit.jupiter.engine.execution.InvocationInterceptorChain.invoke(InvocationInterceptorChain.java:37)
	at org.junit.jupiter.engine.execution.ExecutableInvoker.invoke(ExecutableInvoker.java:104)
	at org.junit.jupiter.engine.execution.ExecutableInvoker.invoke(ExecutableInvoker.java:98)
	at org.junit.jupiter.engine.descriptor.TestMethodTestDescriptor.lambda$invokeTestMethod$7(TestMethodTestDescriptor.java:214)
	at org.junit.platform.engine.support.hierarchical.ThrowableCollector.execute(ThrowableCollector.java:73)
	at org.junit.jupiter.engine.descriptor.TestMethodTestDescriptor.invokeTestMethod(TestMethodTestDescriptor.java:210)
	at org.junit.jupiter.engine.descriptor.TestMethodTestDescriptor.execute(TestMethodTestDescriptor.java:135)
	at org.junit.jupiter.engine.descriptor.TestMethodTestDescriptor.execute(TestMethodTestDescriptor.java:66)
	at org.junit.platform.engine.support.hierarchical.NodeTestTask.lambda$executeRecursively$6(NodeTestTask.java:151)
	at org.junit.platform.engine.support.hierarchical.ThrowableCollector.execute(ThrowableCollector.java:73)
	at org.junit.platform.engine.support.hierarchical.NodeTestTask.lambda$executeRecursively$8(NodeTestTask.java:141)
	at org.junit.platform.engine.support.hierarchical.Node.around(Node.java:137)
	at org.junit.platform.engine.support.hierarchical.NodeTestTask.lambda$executeRecursively$9(NodeTestTask.java:139)
	at org.junit.platform.engine.support.hierarchical.ThrowableCollector.execute(ThrowableCollector.java:73)
	at org.junit.platform.engine.support.hierarchical.NodeTestTask.executeRecursively(NodeTestTask.java:138)
	at org.junit.platform.engine.support.hierarchical.NodeTestTask.execute(NodeTestTask.java:95)
	at java.util.ArrayList.forEach(ArrayList.java:1259)
	at org.junit.platform.engine.support.hierarchical.SameThreadHierarchicalTestExecutorService.invokeAll(SameThreadHierarchicalTestExecutorService.java:41)
	at org.junit.platform.engine.support.hierarchical.NodeTestTask.lambda$executeRecursively$6(NodeTestTask.java:155)
	at org.junit.platform.engine.support.hierarchical.ThrowableCollector.execute(ThrowableCollector.java:73)
	at org.junit.platform.engine.support.hierarchical.NodeTestTask.lambda$executeRecursively$8(NodeTestTask.java:141)
	at org.junit.platform.engine.support.hierarchical.Node.around(Node.java:137)
	at org.junit.platform.engine.support.hierarchical.NodeTestTask.lambda$executeRecursively$9(NodeTestTask.java:139)
	at org.junit.platform.engine.support.hierarchical.ThrowableCollector.execute(ThrowableCollector.java:73)
	at org.junit.platform.engine.support.hierarchical.NodeTestTask.executeRecursively(NodeTestTask.java:138)
	at org.junit.platform.engine.support.hierarchical.NodeTestTask.execute(NodeTestTask.java:95)
	at java.util.ArrayList.forEach(ArrayList.java:1259)
	at org.junit.platform.engine.support.hierarchical.SameThreadHierarchicalTestExecutorService.invokeAll(SameThreadHierarchicalTestExecutorService.java:41)
	at org.junit.platform.engine.support.hierarchical.NodeTestTask.lambda$executeRecursively$6(NodeTestTask.java:155)
	at org.junit.platform.engine.support.hierarchical.ThrowableCollector.execute(ThrowableCollector.java:73)
	at org.junit.platform.engine.support.hierarchical.NodeTestTask.lambda$executeRecursively$8(NodeTestTask.java:141)
	at org.junit.platform.engine.support.hierarchical.Node.around(Node.java:137)
	at org.junit.platform.engine.support.hierarchical.NodeTestTask.lambda$executeRecursively$9(NodeTestTask.java:139)
	at org.junit.platform.engine.support.hierarchical.ThrowableCollector.execute(ThrowableCollector.java:73)
	at org.junit.platform.engine.support.hierarchical.NodeTestTask.executeRecursively(NodeTestTask.java:138)
	at org.junit.platform.engine.support.hierarchical.NodeTestTask.execute(NodeTestTask.java:95)
	at org.junit.platform.engine.support.hierarchical.SameThreadHierarchicalTestExecutorService.submit(SameThreadHierarchicalTestExecutorService.java:35)
	at org.junit.platform.engine.support.hierarchical.HierarchicalTestExecutor.execute(HierarchicalTestExecutor.java:57)
	at org.junit.platform.engine.support.hierarchical.HierarchicalTestEngine.execute(HierarchicalTestEngine.java:54)
	at org.junit.platform.launcher.core.EngineExecutionOrchestrator.execute(EngineExecutionOrchestrator.java:107)
	at org.junit.platform.launcher.core.EngineExecutionOrchestrator.execute(EngineExecutionOrchestrator.java:88)
	at org.junit.platform.launcher.core.EngineExecutionOrchestrator.lambda$execute$0(EngineExecutionOrchestrator.java:54)
	at org.junit.platform.launcher.core.EngineExecutionOrchestrator.withInterceptedStreams(EngineExecutionOrchestrator.java:67)
	at org.junit.platform.launcher.core.EngineExecutionOrchestrator.execute(EngineExecutionOrchestrator.java:52)
	at org.junit.platform.launcher.core.DefaultLauncher.execute(DefaultLauncher.java:114)
	at org.junit.platform.launcher.core.DefaultLauncher.execute(DefaultLauncher.java:86)
	at org.junit.platform.launcher.core.DefaultLauncherSession$DelegatingLauncher.execute(DefaultLauncherSession.java:86)
	at org.junit.platform.launcher.core.SessionPerRequestLauncher.execute(SessionPerRequestLauncher.java:53)
	at org.apache.maven.surefire.junitplatform.JUnitPlatformProvider.execute(JUnitPlatformProvider.java:188)
	at org.apache.maven.surefire.junitplatform.JUnitPlatformProvider.invokeAllTests(JUnitPlatformProvider.java:154)
	at org.apache.maven.surefire.junitplatform.JUnitPlatformProvider.invoke(JUnitPlatformProvider.java:124)
	at org.apache.maven.surefire.booter.ForkedBooter.runSuitesInProcess(ForkedBooter.java:428)
	at org.apache.maven.surefire.booter.ForkedBooter.execute(ForkedBooter.java:162)
	at org.apache.maven.surefire.booter.ForkedBooter.run(ForkedBooter.java:562)
	at org.apache.maven.surefire.booter.ForkedBooter.main(ForkedBooter.java:548)
Caused by: java.lang.RuntimeException: Runtime Exception after doing work
	at org.apache.hadoop.hdds.scm.container.balancer.TestContainerBalancerTask.lambda$checkIterationResultException$10(TestContainerBalancerTask.java:994)
	at java.util.concurrent.CompletableFuture$AsyncSupply.run(CompletableFuture.java:1604)
	at java.lang.Thread.run(Thread.java:750)
2023-06-21 17:31:32,299 [main] INFO  balancer.ContainerBalancerTask (ContainerBalancerTask.java:checkIterationMoveResults(640)) - Iteration Summary. Number of Datanodes involved: 2. Size moved: 0 B (0 Bytes). Number of Container moves completed: 0.
2023-06-21 17:31:32,299 [main] INFO  balancer.ContainerBalancerTask (ContainerBalancerTask.java:balance(259)) - Result of this iteration of Container Balancer: ITERATION_COMPLETED
2023-06-21 17:31:32,299 [main] INFO  balancer.ContainerBalancerTask (ContainerBalancerTask.java:tryStopWithSaveConfiguration(308)) - Save Configuration for stopping. Reason: Completed all iterations.
2023-06-21 17:31:32,301 [main] DEBUG balancer.ContainerBalancerTask (ContainerBalancerTask.java:initializeIteration(374)) - Average utilization of the cluster is 0.35165906171116923
2023-06-21 17:31:32,301 [main] DEBUG balancer.ContainerBalancerTask (ContainerBalancerTask.java:initializeIteration(386)) - Lower limit for utilization is 0.25165906171116925 and Upper limit for utilization is 0.4516590617111692
2023-06-21 17:31:32,301 [main] DEBUG balancer.ContainerBalancerTask (ContainerBalancerTask.java:initializeIteration(398)) - Utilization for node 6203eece-6ef0-4bc3-818c-5633b1ce82b6 with capacity 64424509440B, used 57982058496B, and remaining 6442450944B is 0.9
2023-06-21 17:31:32,301 [main] DEBUG balancer.ContainerBalancerTask (ContainerBalancerTask.java:initializeIteration(398)) - Utilization for node a6813fd8-b650-4236-9042-85f62da49a80 with capacity 64424509440B, used 51539607552B, and remaining 12884901888B is 0.8
2023-06-21 17:31:32,301 [main] DEBUG balancer.ContainerBalancerTask (ContainerBalancerTask.java:initializeIteration(398)) - Utilization for node 25be23a3-0eb0-46da-ad24-a1507fd2e7bd with capacity 73628010788B, used 51539607552B, and remaining 22088403236B is 0.7000000000054327
2023-06-21 17:31:32,301 [main] DEBUG balancer.ContainerBalancerTask (ContainerBalancerTask.java:initializeIteration(398)) - Utilization for node bdab65be-e7fc-470f-ae1f-4b796f5e1cab with capacity 96636764160B, used 57982058496B, and remaining 38654705664B is 0.6
2023-06-21 17:31:32,301 [main] DEBUG balancer.ContainerBalancerTask (ContainerBalancerTask.java:initializeIteration(398)) - Utilization for node 6d4f214b-def1-4492-9fa1-d27f71ad99fc with capacity 92341796864B, used 46170898432B, and remaining 46170898432B is 0.5
2023-06-21 17:31:32,301 [main] DEBUG balancer.ContainerBalancerTask (ContainerBalancerTask.java:initializeIteration(398)) - Utilization for node 652e2a6c-0fd4-4774-97c3-c4d98aad4112 with capacity 64424509440B, used 25769803776B, and remaining 38654705664B is 0.4
2023-06-21 17:31:32,301 [main] DEBUG balancer.ContainerBalancerTask (ContainerBalancerTask.java:initializeIteration(398)) - Utilization for node 365d02ac-7c94-48d0-ab91-651c2048e851 with capacity 143165576533B, used 42949672960B, and remaining 100215903573B is 0.3000000000006985
2023-06-21 17:31:32,301 [main] DEBUG balancer.ContainerBalancerTask (ContainerBalancerTask.java:initializeIteration(398)) - Utilization for node be83ea67-9dcc-41da-9dbb-7bb3439d6036 with capacity 214748364800B, used 42949672960B, and remaining 171798691840B is 0.2
2023-06-21 17:31:32,302 [main] DEBUG balancer.ContainerBalancerTask (ContainerBalancerTask.java:initializeIteration(398)) - Utilization for node a5715e12-c3ba-4785-aaf4-1480af4cf468 with capacity 289910292480B, used 28991029248B, and remaining 260919263232B is 0.1
2023-06-21 17:31:32,302 [main] DEBUG balancer.ContainerBalancerTask (ContainerBalancerTask.java:initializeIteration(398)) - Utilization for node 9e3d9b6d-5f8e-40c2-8edc-968a2a327dfa with capacity 50465865728B, used 0B, and remaining 50465865728B is 0.0
2023-06-21 17:31:32,302 [main] INFO  balancer.ContainerBalancerTask (ContainerBalancerTask.java:initializeIteration(447)) - Container Balancer has identified 5 Over-Utilized and 3 Under-Utilized Datanodes that need to be balanced.
2023-06-21 17:31:32,302 [main] DEBUG balancer.ContainerBalancerTask (ContainerBalancerTask.java:lambda$initializeIteration$1(453)) - Datanode localhost-100.108.96.225 6203eece-6ef0-4bc3-818c-5633b1ce82b6 is Over-Utilized.
2023-06-21 17:31:32,302 [main] DEBUG balancer.ContainerBalancerTask (ContainerBalancerTask.java:lambda$initializeIteration$1(453)) - Datanode localhost-115.139.168.25 a6813fd8-b650-4236-9042-85f62da49a80 is Over-Utilized.
2023-06-21 17:31:32,302 [main] DEBUG balancer.ContainerBalancerTask (ContainerBalancerTask.java:lambda$initializeIteration$1(453)) - Datanode localhost-101.62.146.233 25be23a3-0eb0-46da-ad24-a1507fd2e7bd is Over-Utilized.
2023-06-21 17:31:32,302 [main] DEBUG balancer.ContainerBalancerTask (ContainerBalancerTask.java:lambda$initializeIteration$1(453)) - Datanode localhost-198.55.197.58 bdab65be-e7fc-470f-ae1f-4b796f5e1cab is Over-Utilized.
2023-06-21 17:31:32,302 [main] DEBUG balancer.ContainerBalancerTask (ContainerBalancerTask.java:lambda$initializeIteration$1(453)) - Datanode localhost-100.19.109.178 6d4f214b-def1-4492-9fa1-d27f71ad99fc is Over-Utilized.
2023-06-21 17:31:32,302 [main] DEBUG balancer.ContainerBalancerTask (ContainerBalancerTask.java:lambda$initializeIteration$2(459)) - Datanode localhost-232.44.126.13 9e3d9b6d-5f8e-40c2-8edc-968a2a327dfa is Under-Utilized.
2023-06-21 17:31:32,302 [main] DEBUG balancer.ContainerBalancerTask (ContainerBalancerTask.java:lambda$initializeIteration$2(459)) - Datanode localhost-105.26.169.23 a5715e12-c3ba-4785-aaf4-1480af4cf468 is Under-Utilized.
2023-06-21 17:31:32,302 [main] DEBUG balancer.ContainerBalancerTask (ContainerBalancerTask.java:lambda$initializeIteration$2(459)) - Datanode localhost-13.47.211.100 be83ea67-9dcc-41da-9dbb-7bb3439d6036 is Under-Utilized.
2023-06-21 17:31:32,305 [main] DEBUG balancer.ContainerBalancerTask (ContainerBalancerTask.java:matchSourceWithTarget(706)) - ContainerBalancer is finding suitable target for source datanode 6203eece-6ef0-4bc3-818c-5633b1ce82b6
2023-06-21 17:31:32,305 [main] INFO  balancer.ContainerBalancerTask (ContainerBalancerTask.java:matchSourceWithTarget(720)) - ContainerBalancer matched source datanode 6203eece-6ef0-4bc3-818c-5633b1ce82b6 with target datanode 9e3d9b6d-5f8e-40c2-8edc-968a2a327dfa for container move.
2023-06-21 17:31:32,305 [main] INFO  balancer.ContainerBalancerTask (ContainerBalancerTask.java:processMoveSelection(569)) - ContainerBalancer is trying to move container #85 with size 5368709120B from source datanode 6203eece-6ef0-4bc3-818c-5633b1ce82b6 to target datanode 9e3d9b6d-5f8e-40c2-8edc-968a2a327dfa
2023-06-21 17:31:32,308 [main] DEBUG balancer.ContainerBalancerTask (ContainerBalancerTask.java:matchSourceWithTarget(706)) - ContainerBalancer is finding suitable target for source datanode 6203eece-6ef0-4bc3-818c-5633b1ce82b6
2023-06-21 17:31:32,308 [main] INFO  balancer.ContainerBalancerTask (ContainerBalancerTask.java:matchSourceWithTarget(720)) - ContainerBalancer matched source datanode 6203eece-6ef0-4bc3-818c-5633b1ce82b6 with target datanode a5715e12-c3ba-4785-aaf4-1480af4cf468 for container move.
2023-06-21 17:31:32,308 [main] INFO  balancer.ContainerBalancerTask (ContainerBalancerTask.java:processMoveSelection(569)) - ContainerBalancer is trying to move container #29 with size 5368709120B from source datanode 6203eece-6ef0-4bc3-818c-5633b1ce82b6 to target datanode a5715e12-c3ba-4785-aaf4-1480af4cf468
2023-06-21 17:31:32,308 [Thread-25] INFO  balancer.ContainerBalancerTask (ContainerBalancerTask.java:lambda$moveContainer$3(824)) - Container move for container #85 from source 6203eece-6ef0-4bc3-818c-5633b1ce82b6 to target 9e3d9b6d-5f8e-40c2-8edc-968a2a327dfa failed with exceptions.
java.util.concurrent.CompletionException: java.lang.RuntimeException: Runtime Exception after doing work
	at java.util.concurrent.CompletableFuture.encodeThrowable(CompletableFuture.java:273)
	at java.util.concurrent.CompletableFuture.completeThrowable(CompletableFuture.java:280)
	at java.util.concurrent.CompletableFuture$AsyncSupply.run(CompletableFuture.java:1606)
	at java.lang.Thread.run(Thread.java:750)
Caused by: java.lang.RuntimeException: Runtime Exception after doing work
	at org.apache.hadoop.hdds.scm.container.balancer.TestContainerBalancerTask.lambda$checkIterationResultException$11(TestContainerBalancerTask.java:1028)
	at java.util.concurrent.CompletableFuture$AsyncSupply.run(CompletableFuture.java:1604)
	... 1 more
2023-06-21 17:31:32,309 [main] WARN  balancer.ContainerBalancerTask (ContainerBalancerTask.java:moveContainer(848)) - Could not find Container #29 for container move
org.apache.hadoop.hdds.scm.container.ContainerNotFoundException: Test Container not found
	at org.apache.hadoop.hdds.scm.container.balancer.MoveManager.move(MoveManager.java:212)
	at org.apache.hadoop.hdds.scm.container.balancer.ContainerBalancerTask.moveContainer(ContainerBalancerTask.java:817)
	at org.apache.hadoop.hdds.scm.container.balancer.ContainerBalancerTask.processMoveSelection(ContainerBalancerTask.java:576)
	at org.apache.hadoop.hdds.scm.container.balancer.ContainerBalancerTask.doIteration(ContainerBalancerTask.java:534)
	at org.apache.hadoop.hdds.scm.container.balancer.ContainerBalancerTask.balance(ContainerBalancerTask.java:257)
	at org.apache.hadoop.hdds.scm.container.balancer.ContainerBalancerTask.run(ContainerBalancerTask.java:179)
	at org.apache.hadoop.hdds.scm.container.balancer.TestContainerBalancerTask.startBalancer(TestContainerBalancerTask.java:1304)
	at org.apache.hadoop.hdds.scm.container.balancer.TestContainerBalancerTask.checkIterationResultException(TestContainerBalancerTask.java:1034)
	at sun.reflect.NativeMethodAccessorImpl.invoke0(Native Method)
	at sun.reflect.NativeMethodAccessorImpl.invoke(NativeMethodAccessorImpl.java:62)
	at sun.reflect.DelegatingMethodAccessorImpl.invoke(DelegatingMethodAccessorImpl.java:43)
	at java.lang.reflect.Method.invoke(Method.java:498)
	at org.junit.platform.commons.util.ReflectionUtils.invokeMethod(ReflectionUtils.java:725)
	at org.junit.jupiter.engine.execution.MethodInvocation.proceed(MethodInvocation.java:60)
	at org.junit.jupiter.engine.execution.InvocationInterceptorChain$ValidatingInvocation.proceed(InvocationInterceptorChain.java:131)
	at org.junit.jupiter.engine.extension.TimeoutExtension.intercept(TimeoutExtension.java:149)
	at org.junit.jupiter.engine.extension.TimeoutExtension.interceptTestableMethod(TimeoutExtension.java:140)
	at org.junit.jupiter.engine.extension.TimeoutExtension.interceptTestMethod(TimeoutExtension.java:84)
	at org.junit.jupiter.engine.execution.ExecutableInvoker$ReflectiveInterceptorCall.lambda$ofVoidMethod$0(ExecutableInvoker.java:115)
	at org.junit.jupiter.engine.execution.ExecutableInvoker.lambda$invoke$0(ExecutableInvoker.java:105)
	at org.junit.jupiter.engine.execution.InvocationInterceptorChain$InterceptedInvocation.proceed(InvocationInterceptorChain.java:106)
	at org.junit.jupiter.engine.execution.InvocationInterceptorChain.proceed(InvocationInterceptorChain.java:64)
	at org.junit.jupiter.engine.execution.InvocationInterceptorChain.chainAndInvoke(InvocationInterceptorChain.java:45)
	at org.junit.jupiter.engine.execution.InvocationInterceptorChain.invoke(InvocationInterceptorChain.java:37)
	at org.junit.jupiter.engine.execution.ExecutableInvoker.invoke(ExecutableInvoker.java:104)
	at org.junit.jupiter.engine.execution.ExecutableInvoker.invoke(ExecutableInvoker.java:98)
	at org.junit.jupiter.engine.descriptor.TestMethodTestDescriptor.lambda$invokeTestMethod$7(TestMethodTestDescriptor.java:214)
	at org.junit.platform.engine.support.hierarchical.ThrowableCollector.execute(ThrowableCollector.java:73)
	at org.junit.jupiter.engine.descriptor.TestMethodTestDescriptor.invokeTestMethod(TestMethodTestDescriptor.java:210)
	at org.junit.jupiter.engine.descriptor.TestMethodTestDescriptor.execute(TestMethodTestDescriptor.java:135)
	at org.junit.jupiter.engine.descriptor.TestMethodTestDescriptor.execute(TestMethodTestDescriptor.java:66)
	at org.junit.platform.engine.support.hierarchical.NodeTestTask.lambda$executeRecursively$6(NodeTestTask.java:151)
	at org.junit.platform.engine.support.hierarchical.ThrowableCollector.execute(ThrowableCollector.java:73)
	at org.junit.platform.engine.support.hierarchical.NodeTestTask.lambda$executeRecursively$8(NodeTestTask.java:141)
	at org.junit.platform.engine.support.hierarchical.Node.around(Node.java:137)
	at org.junit.platform.engine.support.hierarchical.NodeTestTask.lambda$executeRecursively$9(NodeTestTask.java:139)
	at org.junit.platform.engine.support.hierarchical.ThrowableCollector.execute(ThrowableCollector.java:73)
	at org.junit.platform.engine.support.hierarchical.NodeTestTask.executeRecursively(NodeTestTask.java:138)
	at org.junit.platform.engine.support.hierarchical.NodeTestTask.execute(NodeTestTask.java:95)
	at java.util.ArrayList.forEach(ArrayList.java:1259)
	at org.junit.platform.engine.support.hierarchical.SameThreadHierarchicalTestExecutorService.invokeAll(SameThreadHierarchicalTestExecutorService.java:41)
	at org.junit.platform.engine.support.hierarchical.NodeTestTask.lambda$executeRecursively$6(NodeTestTask.java:155)
	at org.junit.platform.engine.support.hierarchical.ThrowableCollector.execute(ThrowableCollector.java:73)
	at org.junit.platform.engine.support.hierarchical.NodeTestTask.lambda$executeRecursively$8(NodeTestTask.java:141)
	at org.junit.platform.engine.support.hierarchical.Node.around(Node.java:137)
	at org.junit.platform.engine.support.hierarchical.NodeTestTask.lambda$executeRecursively$9(NodeTestTask.java:139)
	at org.junit.platform.engine.support.hierarchical.ThrowableCollector.execute(ThrowableCollector.java:73)
	at org.junit.platform.engine.support.hierarchical.NodeTestTask.executeRecursively(NodeTestTask.java:138)
	at org.junit.platform.engine.support.hierarchical.NodeTestTask.execute(NodeTestTask.java:95)
	at java.util.ArrayList.forEach(ArrayList.java:1259)
	at org.junit.platform.engine.support.hierarchical.SameThreadHierarchicalTestExecutorService.invokeAll(SameThreadHierarchicalTestExecutorService.java:41)
	at org.junit.platform.engine.support.hierarchical.NodeTestTask.lambda$executeRecursively$6(NodeTestTask.java:155)
	at org.junit.platform.engine.support.hierarchical.ThrowableCollector.execute(ThrowableCollector.java:73)
	at org.junit.platform.engine.support.hierarchical.NodeTestTask.lambda$executeRecursively$8(NodeTestTask.java:141)
	at org.junit.platform.engine.support.hierarchical.Node.around(Node.java:137)
	at org.junit.platform.engine.support.hierarchical.NodeTestTask.lambda$executeRecursively$9(NodeTestTask.java:139)
	at org.junit.platform.engine.support.hierarchical.ThrowableCollector.execute(ThrowableCollector.java:73)
	at org.junit.platform.engine.support.hierarchical.NodeTestTask.executeRecursively(NodeTestTask.java:138)
	at org.junit.platform.engine.support.hierarchical.NodeTestTask.execute(NodeTestTask.java:95)
	at org.junit.platform.engine.support.hierarchical.SameThreadHierarchicalTestExecutorService.submit(SameThreadHierarchicalTestExecutorService.java:35)
	at org.junit.platform.engine.support.hierarchical.HierarchicalTestExecutor.execute(HierarchicalTestExecutor.java:57)
	at org.junit.platform.engine.support.hierarchical.HierarchicalTestEngine.execute(HierarchicalTestEngine.java:54)
	at org.junit.platform.launcher.core.EngineExecutionOrchestrator.execute(EngineExecutionOrchestrator.java:107)
	at org.junit.platform.launcher.core.EngineExecutionOrchestrator.execute(EngineExecutionOrchestrator.java:88)
	at org.junit.platform.launcher.core.EngineExecutionOrchestrator.lambda$execute$0(EngineExecutionOrchestrator.java:54)
	at org.junit.platform.launcher.core.EngineExecutionOrchestrator.withInterceptedStreams(EngineExecutionOrchestrator.java:67)
	at org.junit.platform.launcher.core.EngineExecutionOrchestrator.execute(EngineExecutionOrchestrator.java:52)
	at org.junit.platform.launcher.core.DefaultLauncher.execute(DefaultLauncher.java:114)
	at org.junit.platform.launcher.core.DefaultLauncher.execute(DefaultLauncher.java:86)
	at org.junit.platform.launcher.core.DefaultLauncherSession$DelegatingLauncher.execute(DefaultLauncherSession.java:86)
	at org.junit.platform.launcher.core.SessionPerRequestLauncher.execute(SessionPerRequestLauncher.java:53)
	at org.apache.maven.surefire.junitplatform.JUnitPlatformProvider.execute(JUnitPlatformProvider.java:188)
	at org.apache.maven.surefire.junitplatform.JUnitPlatformProvider.invokeAllTests(JUnitPlatformProvider.java:154)
	at org.apache.maven.surefire.junitplatform.JUnitPlatformProvider.invoke(JUnitPlatformProvider.java:124)
	at org.apache.maven.surefire.booter.ForkedBooter.runSuitesInProcess(ForkedBooter.java:428)
	at org.apache.maven.surefire.booter.ForkedBooter.execute(ForkedBooter.java:162)
	at org.apache.maven.surefire.booter.ForkedBooter.run(ForkedBooter.java:562)
	at org.apache.maven.surefire.booter.ForkedBooter.main(ForkedBooter.java:548)
2023-06-21 17:31:32,312 [main] DEBUG balancer.ContainerBalancerTask (ContainerBalancerTask.java:matchSourceWithTarget(706)) - ContainerBalancer is finding suitable target for source datanode a6813fd8-b650-4236-9042-85f62da49a80
2023-06-21 17:31:32,312 [main] INFO  balancer.ContainerBalancerTask (ContainerBalancerTask.java:matchSourceWithTarget(720)) - ContainerBalancer matched source datanode a6813fd8-b650-4236-9042-85f62da49a80 with target datanode a5715e12-c3ba-4785-aaf4-1480af4cf468 for container move.
2023-06-21 17:31:32,312 [main] INFO  balancer.ContainerBalancerTask (ContainerBalancerTask.java:processMoveSelection(569)) - ContainerBalancer is trying to move container #68 with size 5368709120B from source datanode a6813fd8-b650-4236-9042-85f62da49a80 to target datanode a5715e12-c3ba-4785-aaf4-1480af4cf468
2023-06-21 17:31:32,312 [main] INFO  balancer.ContainerBalancerTask (ContainerBalancerTask.java:lambda$moveContainer$3(824)) - Container move for container #68 from source a6813fd8-b650-4236-9042-85f62da49a80 to target a5715e12-c3ba-4785-aaf4-1480af4cf468 failed with exceptions.
java.lang.RuntimeException: Runtime Exception
	at org.apache.hadoop.hdds.scm.container.balancer.TestContainerBalancerTask.checkIterationResultException(TestContainerBalancerTask.java:985)
	at sun.reflect.NativeMethodAccessorImpl.invoke0(Native Method)
	at sun.reflect.NativeMethodAccessorImpl.invoke(NativeMethodAccessorImpl.java:62)
	at sun.reflect.DelegatingMethodAccessorImpl.invoke(DelegatingMethodAccessorImpl.java:43)
	at java.lang.reflect.Method.invoke(Method.java:498)
	at org.junit.platform.commons.util.ReflectionUtils.invokeMethod(ReflectionUtils.java:725)
	at org.junit.jupiter.engine.execution.MethodInvocation.proceed(MethodInvocation.java:60)
	at org.junit.jupiter.engine.execution.InvocationInterceptorChain$ValidatingInvocation.proceed(InvocationInterceptorChain.java:131)
	at org.junit.jupiter.engine.extension.TimeoutExtension.intercept(TimeoutExtension.java:149)
	at org.junit.jupiter.engine.extension.TimeoutExtension.interceptTestableMethod(TimeoutExtension.java:140)
	at org.junit.jupiter.engine.extension.TimeoutExtension.interceptTestMethod(TimeoutExtension.java:84)
	at org.junit.jupiter.engine.execution.ExecutableInvoker$ReflectiveInterceptorCall.lambda$ofVoidMethod$0(ExecutableInvoker.java:115)
	at org.junit.jupiter.engine.execution.ExecutableInvoker.lambda$invoke$0(ExecutableInvoker.java:105)
	at org.junit.jupiter.engine.execution.InvocationInterceptorChain$InterceptedInvocation.proceed(InvocationInterceptorChain.java:106)
	at org.junit.jupiter.engine.execution.InvocationInterceptorChain.proceed(InvocationInterceptorChain.java:64)
	at org.junit.jupiter.engine.execution.InvocationInterceptorChain.chainAndInvoke(InvocationInterceptorChain.java:45)
	at org.junit.jupiter.engine.execution.InvocationInterceptorChain.invoke(InvocationInterceptorChain.java:37)
	at org.junit.jupiter.engine.execution.ExecutableInvoker.invoke(ExecutableInvoker.java:104)
	at org.junit.jupiter.engine.execution.ExecutableInvoker.invoke(ExecutableInvoker.java:98)
	at org.junit.jupiter.engine.descriptor.TestMethodTestDescriptor.lambda$invokeTestMethod$7(TestMethodTestDescriptor.java:214)
	at org.junit.platform.engine.support.hierarchical.ThrowableCollector.execute(ThrowableCollector.java:73)
	at org.junit.jupiter.engine.descriptor.TestMethodTestDescriptor.invokeTestMethod(TestMethodTestDescriptor.java:210)
	at org.junit.jupiter.engine.descriptor.TestMethodTestDescriptor.execute(TestMethodTestDescriptor.java:135)
	at org.junit.jupiter.engine.descriptor.TestMethodTestDescriptor.execute(TestMethodTestDescriptor.java:66)
	at org.junit.platform.engine.support.hierarchical.NodeTestTask.lambda$executeRecursively$6(NodeTestTask.java:151)
	at org.junit.platform.engine.support.hierarchical.ThrowableCollector.execute(ThrowableCollector.java:73)
	at org.junit.platform.engine.support.hierarchical.NodeTestTask.lambda$executeRecursively$8(NodeTestTask.java:141)
	at org.junit.platform.engine.support.hierarchical.Node.around(Node.java:137)
	at org.junit.platform.engine.support.hierarchical.NodeTestTask.lambda$executeRecursively$9(NodeTestTask.java:139)
	at org.junit.platform.engine.support.hierarchical.ThrowableCollector.execute(ThrowableCollector.java:73)
	at org.junit.platform.engine.support.hierarchical.NodeTestTask.executeRecursively(NodeTestTask.java:138)
	at org.junit.platform.engine.support.hierarchical.NodeTestTask.execute(NodeTestTask.java:95)
	at java.util.ArrayList.forEach(ArrayList.java:1259)
	at org.junit.platform.engine.support.hierarchical.SameThreadHierarchicalTestExecutorService.invokeAll(SameThreadHierarchicalTestExecutorService.java:41)
	at org.junit.platform.engine.support.hierarchical.NodeTestTask.lambda$executeRecursively$6(NodeTestTask.java:155)
	at org.junit.platform.engine.support.hierarchical.ThrowableCollector.execute(ThrowableCollector.java:73)
	at org.junit.platform.engine.support.hierarchical.NodeTestTask.lambda$executeRecursively$8(NodeTestTask.java:141)
	at org.junit.platform.engine.support.hierarchical.Node.around(Node.java:137)
	at org.junit.platform.engine.support.hierarchical.NodeTestTask.lambda$executeRecursively$9(NodeTestTask.java:139)
	at org.junit.platform.engine.support.hierarchical.ThrowableCollector.execute(ThrowableCollector.java:73)
	at org.junit.platform.engine.support.hierarchical.NodeTestTask.executeRecursively(NodeTestTask.java:138)
	at org.junit.platform.engine.support.hierarchical.NodeTestTask.execute(NodeTestTask.java:95)
	at java.util.ArrayList.forEach(ArrayList.java:1259)
	at org.junit.platform.engine.support.hierarchical.SameThreadHierarchicalTestExecutorService.invokeAll(SameThreadHierarchicalTestExecutorService.java:41)
	at org.junit.platform.engine.support.hierarchical.NodeTestTask.lambda$executeRecursively$6(NodeTestTask.java:155)
	at org.junit.platform.engine.support.hierarchical.ThrowableCollector.execute(ThrowableCollector.java:73)
	at org.junit.platform.engine.support.hierarchical.NodeTestTask.lambda$executeRecursively$8(NodeTestTask.java:141)
	at org.junit.platform.engine.support.hierarchical.Node.around(Node.java:137)
	at org.junit.platform.engine.support.hierarchical.NodeTestTask.lambda$executeRecursively$9(NodeTestTask.java:139)
	at org.junit.platform.engine.support.hierarchical.ThrowableCollector.execute(ThrowableCollector.java:73)
	at org.junit.platform.engine.support.hierarchical.NodeTestTask.executeRecursively(NodeTestTask.java:138)
	at org.junit.platform.engine.support.hierarchical.NodeTestTask.execute(NodeTestTask.java:95)
	at org.junit.platform.engine.support.hierarchical.SameThreadHierarchicalTestExecutorService.submit(SameThreadHierarchicalTestExecutorService.java:35)
	at org.junit.platform.engine.support.hierarchical.HierarchicalTestExecutor.execute(HierarchicalTestExecutor.java:57)
	at org.junit.platform.engine.support.hierarchical.HierarchicalTestEngine.execute(HierarchicalTestEngine.java:54)
	at org.junit.platform.launcher.core.EngineExecutionOrchestrator.execute(EngineExecutionOrchestrator.java:107)
	at org.junit.platform.launcher.core.EngineExecutionOrchestrator.execute(EngineExecutionOrchestrator.java:88)
	at org.junit.platform.launcher.core.EngineExecutionOrchestrator.lambda$execute$0(EngineExecutionOrchestrator.java:54)
	at org.junit.platform.launcher.core.EngineExecutionOrchestrator.withInterceptedStreams(EngineExecutionOrchestrator.java:67)
	at org.junit.platform.launcher.core.EngineExecutionOrchestrator.execute(EngineExecutionOrchestrator.java:52)
	at org.junit.platform.launcher.core.DefaultLauncher.execute(DefaultLauncher.java:114)
	at org.junit.platform.launcher.core.DefaultLauncher.execute(DefaultLauncher.java:86)
	at org.junit.platform.launcher.core.DefaultLauncherSession$DelegatingLauncher.execute(DefaultLauncherSession.java:86)
	at org.junit.platform.launcher.core.SessionPerRequestLauncher.execute(SessionPerRequestLauncher.java:53)
	at org.apache.maven.surefire.junitplatform.JUnitPlatformProvider.execute(JUnitPlatformProvider.java:188)
	at org.apache.maven.surefire.junitplatform.JUnitPlatformProvider.invokeAllTests(JUnitPlatformProvider.java:154)
	at org.apache.maven.surefire.junitplatform.JUnitPlatformProvider.invoke(JUnitPlatformProvider.java:124)
	at org.apache.maven.surefire.booter.ForkedBooter.runSuitesInProcess(ForkedBooter.java:428)
	at org.apache.maven.surefire.booter.ForkedBooter.execute(ForkedBooter.java:162)
	at org.apache.maven.surefire.booter.ForkedBooter.run(ForkedBooter.java:562)
	at org.apache.maven.surefire.booter.ForkedBooter.main(ForkedBooter.java:548)
2023-06-21 17:31:32,315 [main] DEBUG balancer.ContainerBalancerTask (ContainerBalancerTask.java:matchSourceWithTarget(706)) - ContainerBalancer is finding suitable target for source datanode 25be23a3-0eb0-46da-ad24-a1507fd2e7bd
2023-06-21 17:31:32,315 [main] INFO  balancer.ContainerBalancerTask (ContainerBalancerTask.java:matchSourceWithTarget(720)) - ContainerBalancer matched source datanode 25be23a3-0eb0-46da-ad24-a1507fd2e7bd with target datanode a5715e12-c3ba-4785-aaf4-1480af4cf468 for container move.
2023-06-21 17:31:32,315 [main] INFO  balancer.ContainerBalancerTask (ContainerBalancerTask.java:processMoveSelection(569)) - ContainerBalancer is trying to move container #53 with size 5368709120B from source datanode 25be23a3-0eb0-46da-ad24-a1507fd2e7bd to target datanode a5715e12-c3ba-4785-aaf4-1480af4cf468
2023-06-21 17:31:32,315 [main] INFO  balancer.ContainerBalancerTask (ContainerBalancerTask.java:lambda$moveContainer$3(824)) - Container move for container #53 from source 25be23a3-0eb0-46da-ad24-a1507fd2e7bd to target a5715e12-c3ba-4785-aaf4-1480af4cf468 failed with exceptions.
java.lang.RuntimeException: Runtime Exception
	at org.apache.hadoop.hdds.scm.container.balancer.TestContainerBalancerTask.checkIterationResultException(TestContainerBalancerTask.java:985)
	at sun.reflect.NativeMethodAccessorImpl.invoke0(Native Method)
	at sun.reflect.NativeMethodAccessorImpl.invoke(NativeMethodAccessorImpl.java:62)
	at sun.reflect.DelegatingMethodAccessorImpl.invoke(DelegatingMethodAccessorImpl.java:43)
	at java.lang.reflect.Method.invoke(Method.java:498)
	at org.junit.platform.commons.util.ReflectionUtils.invokeMethod(ReflectionUtils.java:725)
	at org.junit.jupiter.engine.execution.MethodInvocation.proceed(MethodInvocation.java:60)
	at org.junit.jupiter.engine.execution.InvocationInterceptorChain$ValidatingInvocation.proceed(InvocationInterceptorChain.java:131)
	at org.junit.jupiter.engine.extension.TimeoutExtension.intercept(TimeoutExtension.java:149)
	at org.junit.jupiter.engine.extension.TimeoutExtension.interceptTestableMethod(TimeoutExtension.java:140)
	at org.junit.jupiter.engine.extension.TimeoutExtension.interceptTestMethod(TimeoutExtension.java:84)
	at org.junit.jupiter.engine.execution.ExecutableInvoker$ReflectiveInterceptorCall.lambda$ofVoidMethod$0(ExecutableInvoker.java:115)
	at org.junit.jupiter.engine.execution.ExecutableInvoker.lambda$invoke$0(ExecutableInvoker.java:105)
	at org.junit.jupiter.engine.execution.InvocationInterceptorChain$InterceptedInvocation.proceed(InvocationInterceptorChain.java:106)
	at org.junit.jupiter.engine.execution.InvocationInterceptorChain.proceed(InvocationInterceptorChain.java:64)
	at org.junit.jupiter.engine.execution.InvocationInterceptorChain.chainAndInvoke(InvocationInterceptorChain.java:45)
	at org.junit.jupiter.engine.execution.InvocationInterceptorChain.invoke(InvocationInterceptorChain.java:37)
	at org.junit.jupiter.engine.execution.ExecutableInvoker.invoke(ExecutableInvoker.java:104)
	at org.junit.jupiter.engine.execution.ExecutableInvoker.invoke(ExecutableInvoker.java:98)
	at org.junit.jupiter.engine.descriptor.TestMethodTestDescriptor.lambda$invokeTestMethod$7(TestMethodTestDescriptor.java:214)
	at org.junit.platform.engine.support.hierarchical.ThrowableCollector.execute(ThrowableCollector.java:73)
	at org.junit.jupiter.engine.descriptor.TestMethodTestDescriptor.invokeTestMethod(TestMethodTestDescriptor.java:210)
	at org.junit.jupiter.engine.descriptor.TestMethodTestDescriptor.execute(TestMethodTestDescriptor.java:135)
	at org.junit.jupiter.engine.descriptor.TestMethodTestDescriptor.execute(TestMethodTestDescriptor.java:66)
	at org.junit.platform.engine.support.hierarchical.NodeTestTask.lambda$executeRecursively$6(NodeTestTask.java:151)
	at org.junit.platform.engine.support.hierarchical.ThrowableCollector.execute(ThrowableCollector.java:73)
	at org.junit.platform.engine.support.hierarchical.NodeTestTask.lambda$executeRecursively$8(NodeTestTask.java:141)
	at org.junit.platform.engine.support.hierarchical.Node.around(Node.java:137)
	at org.junit.platform.engine.support.hierarchical.NodeTestTask.lambda$executeRecursively$9(NodeTestTask.java:139)
	at org.junit.platform.engine.support.hierarchical.ThrowableCollector.execute(ThrowableCollector.java:73)
	at org.junit.platform.engine.support.hierarchical.NodeTestTask.executeRecursively(NodeTestTask.java:138)
	at org.junit.platform.engine.support.hierarchical.NodeTestTask.execute(NodeTestTask.java:95)
	at java.util.ArrayList.forEach(ArrayList.java:1259)
	at org.junit.platform.engine.support.hierarchical.SameThreadHierarchicalTestExecutorService.invokeAll(SameThreadHierarchicalTestExecutorService.java:41)
	at org.junit.platform.engine.support.hierarchical.NodeTestTask.lambda$executeRecursively$6(NodeTestTask.java:155)
	at org.junit.platform.engine.support.hierarchical.ThrowableCollector.execute(ThrowableCollector.java:73)
	at org.junit.platform.engine.support.hierarchical.NodeTestTask.lambda$executeRecursively$8(NodeTestTask.java:141)
	at org.junit.platform.engine.support.hierarchical.Node.around(Node.java:137)
	at org.junit.platform.engine.support.hierarchical.NodeTestTask.lambda$executeRecursively$9(NodeTestTask.java:139)
	at org.junit.platform.engine.support.hierarchical.ThrowableCollector.execute(ThrowableCollector.java:73)
	at org.junit.platform.engine.support.hierarchical.NodeTestTask.executeRecursively(NodeTestTask.java:138)
	at org.junit.platform.engine.support.hierarchical.NodeTestTask.execute(NodeTestTask.java:95)
	at java.util.ArrayList.forEach(ArrayList.java:1259)
	at org.junit.platform.engine.support.hierarchical.SameThreadHierarchicalTestExecutorService.invokeAll(SameThreadHierarchicalTestExecutorService.java:41)
	at org.junit.platform.engine.support.hierarchical.NodeTestTask.lambda$executeRecursively$6(NodeTestTask.java:155)
	at org.junit.platform.engine.support.hierarchical.ThrowableCollector.execute(ThrowableCollector.java:73)
	at org.junit.platform.engine.support.hierarchical.NodeTestTask.lambda$executeRecursively$8(NodeTestTask.java:141)
	at org.junit.platform.engine.support.hierarchical.Node.around(Node.java:137)
	at org.junit.platform.engine.support.hierarchical.NodeTestTask.lambda$executeRecursively$9(NodeTestTask.java:139)
	at org.junit.platform.engine.support.hierarchical.ThrowableCollector.execute(ThrowableCollector.java:73)
	at org.junit.platform.engine.support.hierarchical.NodeTestTask.executeRecursively(NodeTestTask.java:138)
	at org.junit.platform.engine.support.hierarchical.NodeTestTask.execute(NodeTestTask.java:95)
	at org.junit.platform.engine.support.hierarchical.SameThreadHierarchicalTestExecutorService.submit(SameThreadHierarchicalTestExecutorService.java:35)
	at org.junit.platform.engine.support.hierarchical.HierarchicalTestExecutor.execute(HierarchicalTestExecutor.java:57)
	at org.junit.platform.engine.support.hierarchical.HierarchicalTestEngine.execute(HierarchicalTestEngine.java:54)
	at org.junit.platform.launcher.core.EngineExecutionOrchestrator.execute(EngineExecutionOrchestrator.java:107)
	at org.junit.platform.launcher.core.EngineExecutionOrchestrator.execute(EngineExecutionOrchestrator.java:88)
	at org.junit.platform.launcher.core.EngineExecutionOrchestrator.lambda$execute$0(EngineExecutionOrchestrator.java:54)
	at org.junit.platform.launcher.core.EngineExecutionOrchestrator.withInterceptedStreams(EngineExecutionOrchestrator.java:67)
	at org.junit.platform.launcher.core.EngineExecutionOrchestrator.execute(EngineExecutionOrchestrator.java:52)
	at org.junit.platform.launcher.core.DefaultLauncher.execute(DefaultLauncher.java:114)
	at org.junit.platform.launcher.core.DefaultLauncher.execute(DefaultLauncher.java:86)
	at org.junit.platform.launcher.core.DefaultLauncherSession$DelegatingLauncher.execute(DefaultLauncherSession.java:86)
	at org.junit.platform.launcher.core.SessionPerRequestLauncher.execute(SessionPerRequestLauncher.java:53)
	at org.apache.maven.surefire.junitplatform.JUnitPlatformProvider.execute(JUnitPlatformProvider.java:188)
	at org.apache.maven.surefire.junitplatform.JUnitPlatformProvider.invokeAllTests(JUnitPlatformProvider.java:154)
	at org.apache.maven.surefire.junitplatform.JUnitPlatformProvider.invoke(JUnitPlatformProvider.java:124)
	at org.apache.maven.surefire.booter.ForkedBooter.runSuitesInProcess(ForkedBooter.java:428)
	at org.apache.maven.surefire.booter.ForkedBooter.execute(ForkedBooter.java:162)
	at org.apache.maven.surefire.booter.ForkedBooter.run(ForkedBooter.java:562)
	at org.apache.maven.surefire.booter.ForkedBooter.main(ForkedBooter.java:548)
2023-06-21 17:31:32,318 [main] DEBUG balancer.ContainerBalancerTask (ContainerBalancerTask.java:matchSourceWithTarget(706)) - ContainerBalancer is finding suitable target for source datanode bdab65be-e7fc-470f-ae1f-4b796f5e1cab
2023-06-21 17:31:32,319 [main] INFO  balancer.ContainerBalancerTask (ContainerBalancerTask.java:matchSourceWithTarget(720)) - ContainerBalancer matched source datanode bdab65be-e7fc-470f-ae1f-4b796f5e1cab with target datanode a5715e12-c3ba-4785-aaf4-1480af4cf468 for container move.
2023-06-21 17:31:32,319 [main] INFO  balancer.ContainerBalancerTask (ContainerBalancerTask.java:processMoveSelection(569)) - ContainerBalancer is trying to move container #53 with size 5368709120B from source datanode bdab65be-e7fc-470f-ae1f-4b796f5e1cab to target datanode a5715e12-c3ba-4785-aaf4-1480af4cf468
2023-06-21 17:31:32,319 [main] INFO  balancer.ContainerBalancerTask (ContainerBalancerTask.java:lambda$moveContainer$3(824)) - Container move for container #53 from source bdab65be-e7fc-470f-ae1f-4b796f5e1cab to target a5715e12-c3ba-4785-aaf4-1480af4cf468 failed with exceptions.
java.lang.RuntimeException: Runtime Exception
	at org.apache.hadoop.hdds.scm.container.balancer.TestContainerBalancerTask.checkIterationResultException(TestContainerBalancerTask.java:985)
	at sun.reflect.NativeMethodAccessorImpl.invoke0(Native Method)
	at sun.reflect.NativeMethodAccessorImpl.invoke(NativeMethodAccessorImpl.java:62)
	at sun.reflect.DelegatingMethodAccessorImpl.invoke(DelegatingMethodAccessorImpl.java:43)
	at java.lang.reflect.Method.invoke(Method.java:498)
	at org.junit.platform.commons.util.ReflectionUtils.invokeMethod(ReflectionUtils.java:725)
	at org.junit.jupiter.engine.execution.MethodInvocation.proceed(MethodInvocation.java:60)
	at org.junit.jupiter.engine.execution.InvocationInterceptorChain$ValidatingInvocation.proceed(InvocationInterceptorChain.java:131)
	at org.junit.jupiter.engine.extension.TimeoutExtension.intercept(TimeoutExtension.java:149)
	at org.junit.jupiter.engine.extension.TimeoutExtension.interceptTestableMethod(TimeoutExtension.java:140)
	at org.junit.jupiter.engine.extension.TimeoutExtension.interceptTestMethod(TimeoutExtension.java:84)
	at org.junit.jupiter.engine.execution.ExecutableInvoker$ReflectiveInterceptorCall.lambda$ofVoidMethod$0(ExecutableInvoker.java:115)
	at org.junit.jupiter.engine.execution.ExecutableInvoker.lambda$invoke$0(ExecutableInvoker.java:105)
	at org.junit.jupiter.engine.execution.InvocationInterceptorChain$InterceptedInvocation.proceed(InvocationInterceptorChain.java:106)
	at org.junit.jupiter.engine.execution.InvocationInterceptorChain.proceed(InvocationInterceptorChain.java:64)
	at org.junit.jupiter.engine.execution.InvocationInterceptorChain.chainAndInvoke(InvocationInterceptorChain.java:45)
	at org.junit.jupiter.engine.execution.InvocationInterceptorChain.invoke(InvocationInterceptorChain.java:37)
	at org.junit.jupiter.engine.execution.ExecutableInvoker.invoke(ExecutableInvoker.java:104)
	at org.junit.jupiter.engine.execution.ExecutableInvoker.invoke(ExecutableInvoker.java:98)
	at org.junit.jupiter.engine.descriptor.TestMethodTestDescriptor.lambda$invokeTestMethod$7(TestMethodTestDescriptor.java:214)
	at org.junit.platform.engine.support.hierarchical.ThrowableCollector.execute(ThrowableCollector.java:73)
	at org.junit.jupiter.engine.descriptor.TestMethodTestDescriptor.invokeTestMethod(TestMethodTestDescriptor.java:210)
	at org.junit.jupiter.engine.descriptor.TestMethodTestDescriptor.execute(TestMethodTestDescriptor.java:135)
	at org.junit.jupiter.engine.descriptor.TestMethodTestDescriptor.execute(TestMethodTestDescriptor.java:66)
	at org.junit.platform.engine.support.hierarchical.NodeTestTask.lambda$executeRecursively$6(NodeTestTask.java:151)
	at org.junit.platform.engine.support.hierarchical.ThrowableCollector.execute(ThrowableCollector.java:73)
	at org.junit.platform.engine.support.hierarchical.NodeTestTask.lambda$executeRecursively$8(NodeTestTask.java:141)
	at org.junit.platform.engine.support.hierarchical.Node.around(Node.java:137)
	at org.junit.platform.engine.support.hierarchical.NodeTestTask.lambda$executeRecursively$9(NodeTestTask.java:139)
	at org.junit.platform.engine.support.hierarchical.ThrowableCollector.execute(ThrowableCollector.java:73)
	at org.junit.platform.engine.support.hierarchical.NodeTestTask.executeRecursively(NodeTestTask.java:138)
	at org.junit.platform.engine.support.hierarchical.NodeTestTask.execute(NodeTestTask.java:95)
	at java.util.ArrayList.forEach(ArrayList.java:1259)
	at org.junit.platform.engine.support.hierarchical.SameThreadHierarchicalTestExecutorService.invokeAll(SameThreadHierarchicalTestExecutorService.java:41)
	at org.junit.platform.engine.support.hierarchical.NodeTestTask.lambda$executeRecursively$6(NodeTestTask.java:155)
	at org.junit.platform.engine.support.hierarchical.ThrowableCollector.execute(ThrowableCollector.java:73)
	at org.junit.platform.engine.support.hierarchical.NodeTestTask.lambda$executeRecursively$8(NodeTestTask.java:141)
	at org.junit.platform.engine.support.hierarchical.Node.around(Node.java:137)
	at org.junit.platform.engine.support.hierarchical.NodeTestTask.lambda$executeRecursively$9(NodeTestTask.java:139)
	at org.junit.platform.engine.support.hierarchical.ThrowableCollector.execute(ThrowableCollector.java:73)
	at org.junit.platform.engine.support.hierarchical.NodeTestTask.executeRecursively(NodeTestTask.java:138)
	at org.junit.platform.engine.support.hierarchical.NodeTestTask.execute(NodeTestTask.java:95)
	at java.util.ArrayList.forEach(ArrayList.java:1259)
	at org.junit.platform.engine.support.hierarchical.SameThreadHierarchicalTestExecutorService.invokeAll(SameThreadHierarchicalTestExecutorService.java:41)
	at org.junit.platform.engine.support.hierarchical.NodeTestTask.lambda$executeRecursively$6(NodeTestTask.java:155)
	at org.junit.platform.engine.support.hierarchical.ThrowableCollector.execute(ThrowableCollector.java:73)
	at org.junit.platform.engine.support.hierarchical.NodeTestTask.lambda$executeRecursively$8(NodeTestTask.java:141)
	at org.junit.platform.engine.support.hierarchical.Node.around(Node.java:137)
	at org.junit.platform.engine.support.hierarchical.NodeTestTask.lambda$executeRecursively$9(NodeTestTask.java:139)
	at org.junit.platform.engine.support.hierarchical.ThrowableCollector.execute(ThrowableCollector.java:73)
	at org.junit.platform.engine.support.hierarchical.NodeTestTask.executeRecursively(NodeTestTask.java:138)
	at org.junit.platform.engine.support.hierarchical.NodeTestTask.execute(NodeTestTask.java:95)
	at org.junit.platform.engine.support.hierarchical.SameThreadHierarchicalTestExecutorService.submit(SameThreadHierarchicalTestExecutorService.java:35)
	at org.junit.platform.engine.support.hierarchical.HierarchicalTestExecutor.execute(HierarchicalTestExecutor.java:57)
	at org.junit.platform.engine.support.hierarchical.HierarchicalTestEngine.execute(HierarchicalTestEngine.java:54)
	at org.junit.platform.launcher.core.EngineExecutionOrchestrator.execute(EngineExecutionOrchestrator.java:107)
	at org.junit.platform.launcher.core.EngineExecutionOrchestrator.execute(EngineExecutionOrchestrator.java:88)
	at org.junit.platform.launcher.core.EngineExecutionOrchestrator.lambda$execute$0(EngineExecutionOrchestrator.java:54)
	at org.junit.platform.launcher.core.EngineExecutionOrchestrator.withInterceptedStreams(EngineExecutionOrchestrator.java:67)
	at org.junit.platform.launcher.core.EngineExecutionOrchestrator.execute(EngineExecutionOrchestrator.java:52)
	at org.junit.platform.launcher.core.DefaultLauncher.execute(DefaultLauncher.java:114)
	at org.junit.platform.launcher.core.DefaultLauncher.execute(DefaultLauncher.java:86)
	at org.junit.platform.launcher.core.DefaultLauncherSession$DelegatingLauncher.execute(DefaultLauncherSession.java:86)
	at org.junit.platform.launcher.core.SessionPerRequestLauncher.execute(SessionPerRequestLauncher.java:53)
	at org.apache.maven.surefire.junitplatform.JUnitPlatformProvider.execute(JUnitPlatformProvider.java:188)
	at org.apache.maven.surefire.junitplatform.JUnitPlatformProvider.invokeAllTests(JUnitPlatformProvider.java:154)
	at org.apache.maven.surefire.junitplatform.JUnitPlatformProvider.invoke(JUnitPlatformProvider.java:124)
	at org.apache.maven.surefire.booter.ForkedBooter.runSuitesInProcess(ForkedBooter.java:428)
	at org.apache.maven.surefire.booter.ForkedBooter.execute(ForkedBooter.java:162)
	at org.apache.maven.surefire.booter.ForkedBooter.run(ForkedBooter.java:562)
	at org.apache.maven.surefire.booter.ForkedBooter.main(ForkedBooter.java:548)
2023-06-21 17:31:32,321 [main] DEBUG balancer.ContainerBalancerTask (ContainerBalancerTask.java:matchSourceWithTarget(706)) - ContainerBalancer is finding suitable target for source datanode 6d4f214b-def1-4492-9fa1-d27f71ad99fc
2023-06-21 17:31:32,321 [main] INFO  balancer.ContainerBalancerTask (ContainerBalancerTask.java:matchSourceWithTarget(720)) - ContainerBalancer matched source datanode 6d4f214b-def1-4492-9fa1-d27f71ad99fc with target datanode a5715e12-c3ba-4785-aaf4-1480af4cf468 for container move.
2023-06-21 17:31:32,321 [main] INFO  balancer.ContainerBalancerTask (ContainerBalancerTask.java:processMoveSelection(569)) - ContainerBalancer is trying to move container #53 with size 5368709120B from source datanode 6d4f214b-def1-4492-9fa1-d27f71ad99fc to target datanode a5715e12-c3ba-4785-aaf4-1480af4cf468
2023-06-21 17:31:32,322 [main] INFO  balancer.ContainerBalancerTask (ContainerBalancerTask.java:lambda$moveContainer$3(824)) - Container move for container #53 from source 6d4f214b-def1-4492-9fa1-d27f71ad99fc to target a5715e12-c3ba-4785-aaf4-1480af4cf468 failed with exceptions.
java.lang.RuntimeException: Runtime Exception
	at org.apache.hadoop.hdds.scm.container.balancer.TestContainerBalancerTask.checkIterationResultException(TestContainerBalancerTask.java:985)
	at sun.reflect.NativeMethodAccessorImpl.invoke0(Native Method)
	at sun.reflect.NativeMethodAccessorImpl.invoke(NativeMethodAccessorImpl.java:62)
	at sun.reflect.DelegatingMethodAccessorImpl.invoke(DelegatingMethodAccessorImpl.java:43)
	at java.lang.reflect.Method.invoke(Method.java:498)
	at org.junit.platform.commons.util.ReflectionUtils.invokeMethod(ReflectionUtils.java:725)
	at org.junit.jupiter.engine.execution.MethodInvocation.proceed(MethodInvocation.java:60)
	at org.junit.jupiter.engine.execution.InvocationInterceptorChain$ValidatingInvocation.proceed(InvocationInterceptorChain.java:131)
	at org.junit.jupiter.engine.extension.TimeoutExtension.intercept(TimeoutExtension.java:149)
	at org.junit.jupiter.engine.extension.TimeoutExtension.interceptTestableMethod(TimeoutExtension.java:140)
	at org.junit.jupiter.engine.extension.TimeoutExtension.interceptTestMethod(TimeoutExtension.java:84)
	at org.junit.jupiter.engine.execution.ExecutableInvoker$ReflectiveInterceptorCall.lambda$ofVoidMethod$0(ExecutableInvoker.java:115)
	at org.junit.jupiter.engine.execution.ExecutableInvoker.lambda$invoke$0(ExecutableInvoker.java:105)
	at org.junit.jupiter.engine.execution.InvocationInterceptorChain$InterceptedInvocation.proceed(InvocationInterceptorChain.java:106)
	at org.junit.jupiter.engine.execution.InvocationInterceptorChain.proceed(InvocationInterceptorChain.java:64)
	at org.junit.jupiter.engine.execution.InvocationInterceptorChain.chainAndInvoke(InvocationInterceptorChain.java:45)
	at org.junit.jupiter.engine.execution.InvocationInterceptorChain.invoke(InvocationInterceptorChain.java:37)
	at org.junit.jupiter.engine.execution.ExecutableInvoker.invoke(ExecutableInvoker.java:104)
	at org.junit.jupiter.engine.execution.ExecutableInvoker.invoke(ExecutableInvoker.java:98)
	at org.junit.jupiter.engine.descriptor.TestMethodTestDescriptor.lambda$invokeTestMethod$7(TestMethodTestDescriptor.java:214)
	at org.junit.platform.engine.support.hierarchical.ThrowableCollector.execute(ThrowableCollector.java:73)
	at org.junit.jupiter.engine.descriptor.TestMethodTestDescriptor.invokeTestMethod(TestMethodTestDescriptor.java:210)
	at org.junit.jupiter.engine.descriptor.TestMethodTestDescriptor.execute(TestMethodTestDescriptor.java:135)
	at org.junit.jupiter.engine.descriptor.TestMethodTestDescriptor.execute(TestMethodTestDescriptor.java:66)
	at org.junit.platform.engine.support.hierarchical.NodeTestTask.lambda$executeRecursively$6(NodeTestTask.java:151)
	at org.junit.platform.engine.support.hierarchical.ThrowableCollector.execute(ThrowableCollector.java:73)
	at org.junit.platform.engine.support.hierarchical.NodeTestTask.lambda$executeRecursively$8(NodeTestTask.java:141)
	at org.junit.platform.engine.support.hierarchical.Node.around(Node.java:137)
	at org.junit.platform.engine.support.hierarchical.NodeTestTask.lambda$executeRecursively$9(NodeTestTask.java:139)
	at org.junit.platform.engine.support.hierarchical.ThrowableCollector.execute(ThrowableCollector.java:73)
	at org.junit.platform.engine.support.hierarchical.NodeTestTask.executeRecursively(NodeTestTask.java:138)
	at org.junit.platform.engine.support.hierarchical.NodeTestTask.execute(NodeTestTask.java:95)
	at java.util.ArrayList.forEach(ArrayList.java:1259)
	at org.junit.platform.engine.support.hierarchical.SameThreadHierarchicalTestExecutorService.invokeAll(SameThreadHierarchicalTestExecutorService.java:41)
	at org.junit.platform.engine.support.hierarchical.NodeTestTask.lambda$executeRecursively$6(NodeTestTask.java:155)
	at org.junit.platform.engine.support.hierarchical.ThrowableCollector.execute(ThrowableCollector.java:73)
	at org.junit.platform.engine.support.hierarchical.NodeTestTask.lambda$executeRecursively$8(NodeTestTask.java:141)
	at org.junit.platform.engine.support.hierarchical.Node.around(Node.java:137)
	at org.junit.platform.engine.support.hierarchical.NodeTestTask.lambda$executeRecursively$9(NodeTestTask.java:139)
	at org.junit.platform.engine.support.hierarchical.ThrowableCollector.execute(ThrowableCollector.java:73)
	at org.junit.platform.engine.support.hierarchical.NodeTestTask.executeRecursively(NodeTestTask.java:138)
	at org.junit.platform.engine.support.hierarchical.NodeTestTask.execute(NodeTestTask.java:95)
	at java.util.ArrayList.forEach(ArrayList.java:1259)
	at org.junit.platform.engine.support.hierarchical.SameThreadHierarchicalTestExecutorService.invokeAll(SameThreadHierarchicalTestExecutorService.java:41)
	at org.junit.platform.engine.support.hierarchical.NodeTestTask.lambda$executeRecursively$6(NodeTestTask.java:155)
	at org.junit.platform.engine.support.hierarchical.ThrowableCollector.execute(ThrowableCollector.java:73)
	at org.junit.platform.engine.support.hierarchical.NodeTestTask.lambda$executeRecursively$8(NodeTestTask.java:141)
	at org.junit.platform.engine.support.hierarchical.Node.around(Node.java:137)
	at org.junit.platform.engine.support.hierarchical.NodeTestTask.lambda$executeRecursively$9(NodeTestTask.java:139)
	at org.junit.platform.engine.support.hierarchical.ThrowableCollector.execute(ThrowableCollector.java:73)
	at org.junit.platform.engine.support.hierarchical.NodeTestTask.executeRecursively(NodeTestTask.java:138)
	at org.junit.platform.engine.support.hierarchical.NodeTestTask.execute(NodeTestTask.java:95)
	at org.junit.platform.engine.support.hierarchical.SameThreadHierarchicalTestExecutorService.submit(SameThreadHierarchicalTestExecutorService.java:35)
	at org.junit.platform.engine.support.hierarchical.HierarchicalTestExecutor.execute(HierarchicalTestExecutor.java:57)
	at org.junit.platform.engine.support.hierarchical.HierarchicalTestEngine.execute(HierarchicalTestEngine.java:54)
	at org.junit.platform.launcher.core.EngineExecutionOrchestrator.execute(EngineExecutionOrchestrator.java:107)
	at org.junit.platform.launcher.core.EngineExecutionOrchestrator.execute(EngineExecutionOrchestrator.java:88)
	at org.junit.platform.launcher.core.EngineExecutionOrchestrator.lambda$execute$0(EngineExecutionOrchestrator.java:54)
	at org.junit.platform.launcher.core.EngineExecutionOrchestrator.withInterceptedStreams(EngineExecutionOrchestrator.java:67)
	at org.junit.platform.launcher.core.EngineExecutionOrchestrator.execute(EngineExecutionOrchestrator.java:52)
	at org.junit.platform.launcher.core.DefaultLauncher.execute(DefaultLauncher.java:114)
	at org.junit.platform.launcher.core.DefaultLauncher.execute(DefaultLauncher.java:86)
	at org.junit.platform.launcher.core.DefaultLauncherSession$DelegatingLauncher.execute(DefaultLauncherSession.java:86)
	at org.junit.platform.launcher.core.SessionPerRequestLauncher.execute(SessionPerRequestLauncher.java:53)
	at org.apache.maven.surefire.junitplatform.JUnitPlatformProvider.execute(JUnitPlatformProvider.java:188)
	at org.apache.maven.surefire.junitplatform.JUnitPlatformProvider.invokeAllTests(JUnitPlatformProvider.java:154)
	at org.apache.maven.surefire.junitplatform.JUnitPlatformProvider.invoke(JUnitPlatformProvider.java:124)
	at org.apache.maven.surefire.booter.ForkedBooter.runSuitesInProcess(ForkedBooter.java:428)
	at org.apache.maven.surefire.booter.ForkedBooter.execute(ForkedBooter.java:162)
	at org.apache.maven.surefire.booter.ForkedBooter.run(ForkedBooter.java:562)
	at org.apache.maven.surefire.booter.ForkedBooter.main(ForkedBooter.java:548)
2023-06-21 17:31:32,322 [main] INFO  balancer.FindSourceGreedy (FindSourceGreedy.java:getNextCandidateSourceDataNode(126)) - no more candidate source data node
2023-06-21 17:31:32,322 [main] ERROR balancer.ContainerBalancerTask (ContainerBalancerTask.java:checkIterationMoveResults(623)) - Got exception while checkIterationMoveResults
java.util.concurrent.ExecutionException: java.lang.RuntimeException: Runtime Exception after doing work
	at java.util.concurrent.CompletableFuture.reportGet(CompletableFuture.java:357)
	at java.util.concurrent.CompletableFuture.get(CompletableFuture.java:1928)
	at org.apache.hadoop.hdds.scm.container.balancer.ContainerBalancerTask.checkIterationMoveResults(ContainerBalancerTask.java:613)
	at org.apache.hadoop.hdds.scm.container.balancer.ContainerBalancerTask.checkIterationResults(ContainerBalancerTask.java:600)
	at org.apache.hadoop.hdds.scm.container.balancer.ContainerBalancerTask.doIteration(ContainerBalancerTask.java:543)
	at org.apache.hadoop.hdds.scm.container.balancer.ContainerBalancerTask.balance(ContainerBalancerTask.java:257)
	at org.apache.hadoop.hdds.scm.container.balancer.ContainerBalancerTask.run(ContainerBalancerTask.java:179)
	at org.apache.hadoop.hdds.scm.container.balancer.TestContainerBalancerTask.startBalancer(TestContainerBalancerTask.java:1304)
	at org.apache.hadoop.hdds.scm.container.balancer.TestContainerBalancerTask.checkIterationResultException(TestContainerBalancerTask.java:1034)
	at sun.reflect.NativeMethodAccessorImpl.invoke0(Native Method)
	at sun.reflect.NativeMethodAccessorImpl.invoke(NativeMethodAccessorImpl.java:62)
	at sun.reflect.DelegatingMethodAccessorImpl.invoke(DelegatingMethodAccessorImpl.java:43)
	at java.lang.reflect.Method.invoke(Method.java:498)
	at org.junit.platform.commons.util.ReflectionUtils.invokeMethod(ReflectionUtils.java:725)
	at org.junit.jupiter.engine.execution.MethodInvocation.proceed(MethodInvocation.java:60)
	at org.junit.jupiter.engine.execution.InvocationInterceptorChain$ValidatingInvocation.proceed(InvocationInterceptorChain.java:131)
	at org.junit.jupiter.engine.extension.TimeoutExtension.intercept(TimeoutExtension.java:149)
	at org.junit.jupiter.engine.extension.TimeoutExtension.interceptTestableMethod(TimeoutExtension.java:140)
	at org.junit.jupiter.engine.extension.TimeoutExtension.interceptTestMethod(TimeoutExtension.java:84)
	at org.junit.jupiter.engine.execution.ExecutableInvoker$ReflectiveInterceptorCall.lambda$ofVoidMethod$0(ExecutableInvoker.java:115)
	at org.junit.jupiter.engine.execution.ExecutableInvoker.lambda$invoke$0(ExecutableInvoker.java:105)
	at org.junit.jupiter.engine.execution.InvocationInterceptorChain$InterceptedInvocation.proceed(InvocationInterceptorChain.java:106)
	at org.junit.jupiter.engine.execution.InvocationInterceptorChain.proceed(InvocationInterceptorChain.java:64)
	at org.junit.jupiter.engine.execution.InvocationInterceptorChain.chainAndInvoke(InvocationInterceptorChain.java:45)
	at org.junit.jupiter.engine.execution.InvocationInterceptorChain.invoke(InvocationInterceptorChain.java:37)
	at org.junit.jupiter.engine.execution.ExecutableInvoker.invoke(ExecutableInvoker.java:104)
	at org.junit.jupiter.engine.execution.ExecutableInvoker.invoke(ExecutableInvoker.java:98)
	at org.junit.jupiter.engine.descriptor.TestMethodTestDescriptor.lambda$invokeTestMethod$7(TestMethodTestDescriptor.java:214)
	at org.junit.platform.engine.support.hierarchical.ThrowableCollector.execute(ThrowableCollector.java:73)
	at org.junit.jupiter.engine.descriptor.TestMethodTestDescriptor.invokeTestMethod(TestMethodTestDescriptor.java:210)
	at org.junit.jupiter.engine.descriptor.TestMethodTestDescriptor.execute(TestMethodTestDescriptor.java:135)
	at org.junit.jupiter.engine.descriptor.TestMethodTestDescriptor.execute(TestMethodTestDescriptor.java:66)
	at org.junit.platform.engine.support.hierarchical.NodeTestTask.lambda$executeRecursively$6(NodeTestTask.java:151)
	at org.junit.platform.engine.support.hierarchical.ThrowableCollector.execute(ThrowableCollector.java:73)
	at org.junit.platform.engine.support.hierarchical.NodeTestTask.lambda$executeRecursively$8(NodeTestTask.java:141)
	at org.junit.platform.engine.support.hierarchical.Node.around(Node.java:137)
	at org.junit.platform.engine.support.hierarchical.NodeTestTask.lambda$executeRecursively$9(NodeTestTask.java:139)
	at org.junit.platform.engine.support.hierarchical.ThrowableCollector.execute(ThrowableCollector.java:73)
	at org.junit.platform.engine.support.hierarchical.NodeTestTask.executeRecursively(NodeTestTask.java:138)
	at org.junit.platform.engine.support.hierarchical.NodeTestTask.execute(NodeTestTask.java:95)
	at java.util.ArrayList.forEach(ArrayList.java:1259)
	at org.junit.platform.engine.support.hierarchical.SameThreadHierarchicalTestExecutorService.invokeAll(SameThreadHierarchicalTestExecutorService.java:41)
	at org.junit.platform.engine.support.hierarchical.NodeTestTask.lambda$executeRecursively$6(NodeTestTask.java:155)
	at org.junit.platform.engine.support.hierarchical.ThrowableCollector.execute(ThrowableCollector.java:73)
	at org.junit.platform.engine.support.hierarchical.NodeTestTask.lambda$executeRecursively$8(NodeTestTask.java:141)
	at org.junit.platform.engine.support.hierarchical.Node.around(Node.java:137)
	at org.junit.platform.engine.support.hierarchical.NodeTestTask.lambda$executeRecursively$9(NodeTestTask.java:139)
	at org.junit.platform.engine.support.hierarchical.ThrowableCollector.execute(ThrowableCollector.java:73)
	at org.junit.platform.engine.support.hierarchical.NodeTestTask.executeRecursively(NodeTestTask.java:138)
	at org.junit.platform.engine.support.hierarchical.NodeTestTask.execute(NodeTestTask.java:95)
	at java.util.ArrayList.forEach(ArrayList.java:1259)
	at org.junit.platform.engine.support.hierarchical.SameThreadHierarchicalTestExecutorService.invokeAll(SameThreadHierarchicalTestExecutorService.java:41)
	at org.junit.platform.engine.support.hierarchical.NodeTestTask.lambda$executeRecursively$6(NodeTestTask.java:155)
	at org.junit.platform.engine.support.hierarchical.ThrowableCollector.execute(ThrowableCollector.java:73)
	at org.junit.platform.engine.support.hierarchical.NodeTestTask.lambda$executeRecursively$8(NodeTestTask.java:141)
	at org.junit.platform.engine.support.hierarchical.Node.around(Node.java:137)
	at org.junit.platform.engine.support.hierarchical.NodeTestTask.lambda$executeRecursively$9(NodeTestTask.java:139)
	at org.junit.platform.engine.support.hierarchical.ThrowableCollector.execute(ThrowableCollector.java:73)
	at org.junit.platform.engine.support.hierarchical.NodeTestTask.executeRecursively(NodeTestTask.java:138)
	at org.junit.platform.engine.support.hierarchical.NodeTestTask.execute(NodeTestTask.java:95)
	at org.junit.platform.engine.support.hierarchical.SameThreadHierarchicalTestExecutorService.submit(SameThreadHierarchicalTestExecutorService.java:35)
	at org.junit.platform.engine.support.hierarchical.HierarchicalTestExecutor.execute(HierarchicalTestExecutor.java:57)
	at org.junit.platform.engine.support.hierarchical.HierarchicalTestEngine.execute(HierarchicalTestEngine.java:54)
	at org.junit.platform.launcher.core.EngineExecutionOrchestrator.execute(EngineExecutionOrchestrator.java:107)
	at org.junit.platform.launcher.core.EngineExecutionOrchestrator.execute(EngineExecutionOrchestrator.java:88)
	at org.junit.platform.launcher.core.EngineExecutionOrchestrator.lambda$execute$0(EngineExecutionOrchestrator.java:54)
	at org.junit.platform.launcher.core.EngineExecutionOrchestrator.withInterceptedStreams(EngineExecutionOrchestrator.java:67)
	at org.junit.platform.launcher.core.EngineExecutionOrchestrator.execute(EngineExecutionOrchestrator.java:52)
	at org.junit.platform.launcher.core.DefaultLauncher.execute(DefaultLauncher.java:114)
	at org.junit.platform.launcher.core.DefaultLauncher.execute(DefaultLauncher.java:86)
	at org.junit.platform.launcher.core.DefaultLauncherSession$DelegatingLauncher.execute(DefaultLauncherSession.java:86)
	at org.junit.platform.launcher.core.SessionPerRequestLauncher.execute(SessionPerRequestLauncher.java:53)
	at org.apache.maven.surefire.junitplatform.JUnitPlatformProvider.execute(JUnitPlatformProvider.java:188)
	at org.apache.maven.surefire.junitplatform.JUnitPlatformProvider.invokeAllTests(JUnitPlatformProvider.java:154)
	at org.apache.maven.surefire.junitplatform.JUnitPlatformProvider.invoke(JUnitPlatformProvider.java:124)
	at org.apache.maven.surefire.booter.ForkedBooter.runSuitesInProcess(ForkedBooter.java:428)
	at org.apache.maven.surefire.booter.ForkedBooter.execute(ForkedBooter.java:162)
	at org.apache.maven.surefire.booter.ForkedBooter.run(ForkedBooter.java:562)
	at org.apache.maven.surefire.booter.ForkedBooter.main(ForkedBooter.java:548)
Caused by: java.lang.RuntimeException: Runtime Exception after doing work
	at org.apache.hadoop.hdds.scm.container.balancer.TestContainerBalancerTask.lambda$checkIterationResultException$11(TestContainerBalancerTask.java:1028)
	at java.util.concurrent.CompletableFuture$AsyncSupply.run(CompletableFuture.java:1604)
	at java.lang.Thread.run(Thread.java:750)
2023-06-21 17:31:32,323 [main] INFO  balancer.ContainerBalancerTask (ContainerBalancerTask.java:checkIterationMoveResults(640)) - Iteration Summary. Number of Datanodes involved: 2. Size moved: 0 B (0 Bytes). Number of Container moves completed: 0.
2023-06-21 17:31:32,323 [main] INFO  balancer.ContainerBalancerTask (ContainerBalancerTask.java:balance(259)) - Result of this iteration of Container Balancer: ITERATION_COMPLETED
2023-06-21 17:31:32,323 [main] INFO  balancer.ContainerBalancerTask (ContainerBalancerTask.java:tryStopWithSaveConfiguration(308)) - Save Configuration for stopping. Reason: Completed all iterations.
]]></system-out>
  </testcase>
  <testcase name="balancerShouldObeyMaxSizeLeavingSourceLimit" classname="org.apache.hadoop.hdds.scm.container.balancer.TestContainerBalancerTask" time="0.152">
    <system-out><![CDATA[2023-06-21 17:31:32,349 [main] INFO  net.NodeSchemaLoader (NodeSchemaLoader.java:loadSchemaFromFile(129)) - Loading schema from [file:/home/runner/work/ozone/ozone/hadoop-hdds/common/target/classes/network-topology-default.xml]
2023-06-21 17:31:32,349 [main] INFO  net.NodeSchemaLoader (NodeSchemaLoader.java:loadSchema(176)) - Loading network topology layer schema file
2023-06-21 17:31:32,350 [main] INFO  net.NetworkTopologyImpl (NetworkTopologyImpl.java:add(112)) - Added a new node: /default-rack/c9a711af-54e9-4ed3-9245-0e93b53cefd9
2023-06-21 17:31:32,351 [main] INFO  net.NetworkTopologyImpl (NetworkTopologyImpl.java:add(112)) - Added a new node: /default-rack/f37e0b2d-eed1-4505-ab45-5a0d3e51fb0f
2023-06-21 17:31:32,351 [main] INFO  net.NetworkTopologyImpl (NetworkTopologyImpl.java:add(112)) - Added a new node: /default-rack/03adf71e-358f-422e-906d-65d8221686f2
2023-06-21 17:31:32,351 [main] INFO  net.NetworkTopologyImpl (NetworkTopologyImpl.java:add(112)) - Added a new node: /default-rack/0cfe3b58-2983-495a-b8da-705405dc8348
2023-06-21 17:31:32,351 [main] INFO  net.NetworkTopologyImpl (NetworkTopologyImpl.java:add(112)) - Added a new node: /default-rack/9c5eebd1-855e-42e1-85c8-1f2756c427f3
2023-06-21 17:31:32,351 [main] INFO  net.NetworkTopologyImpl (NetworkTopologyImpl.java:add(112)) - Added a new node: /default-rack/72a674cf-0941-4d00-996e-f8a285c3179d
2023-06-21 17:31:32,351 [main] INFO  net.NetworkTopologyImpl (NetworkTopologyImpl.java:add(112)) - Added a new node: /default-rack/2c027a12-df31-4c51-8372-a23edbedaaab
2023-06-21 17:31:32,351 [main] INFO  net.NetworkTopologyImpl (NetworkTopologyImpl.java:add(112)) - Added a new node: /default-rack/251d68a1-00cb-4792-832e-50af96f290ad
2023-06-21 17:31:32,351 [main] INFO  net.NetworkTopologyImpl (NetworkTopologyImpl.java:add(112)) - Added a new node: /default-rack/e2efdb82-69fd-4fae-aece-07c23fad3533
2023-06-21 17:31:32,352 [main] INFO  net.NetworkTopologyImpl (NetworkTopologyImpl.java:add(112)) - Added a new node: /default-rack/f6906d45-ceae-47d4-a6d0-a54cff93a66f
2023-06-21 17:31:32,352 [main] INFO  algorithms.ContainerPlacementPolicyFactory (ContainerPlacementPolicyFactory.java:getPolicyInternal(86)) - Create container placement policy of type org.apache.hadoop.hdds.scm.container.placement.algorithms.SCMContainerPlacementRackAware
2023-06-21 17:31:32,352 [main] INFO  algorithms.ContainerPlacementPolicyFactory (ContainerPlacementPolicyFactory.java:getPolicyInternal(86)) - Create container placement policy of type org.apache.hadoop.hdds.scm.container.placement.algorithms.SCMContainerPlacementRackScatter
2023-06-21 17:31:32,355 [main] DEBUG balancer.ContainerBalancerTask (ContainerBalancerTask.java:initializeIteration(374)) - Average utilization of the cluster is 0.33494314623358507
2023-06-21 17:31:32,355 [main] DEBUG balancer.ContainerBalancerTask (ContainerBalancerTask.java:initializeIteration(386)) - Lower limit for utilization is 0.23494314623358506 and Upper limit for utilization is 0.4349431462335851
2023-06-21 17:31:32,355 [main] DEBUG balancer.ContainerBalancerTask (ContainerBalancerTask.java:initializeIteration(398)) - Utilization for node 0cfe3b58-2983-495a-b8da-705405dc8348 with capacity 51300998257B, used 46170898432B, and remaining 5130099825B is 0.900000000013645
2023-06-21 17:31:32,355 [main] DEBUG balancer.ContainerBalancerTask (ContainerBalancerTask.java:initializeIteration(398)) - Utilization for node 2c027a12-df31-4c51-8372-a23edbedaaab with capacity 61740154880B, used 49392123904B, and remaining 12348030976B is 0.8
2023-06-21 17:31:32,355 [main] DEBUG balancer.ContainerBalancerTask (ContainerBalancerTask.java:initializeIteration(398)) - Utilization for node 72a674cf-0941-4d00-996e-f8a285c3179d with capacity 81297595245B, used 56908316672B, and remaining 24389278573B is 0.7000000000061503
2023-06-21 17:31:32,355 [main] DEBUG balancer.ContainerBalancerTask (ContainerBalancerTask.java:initializeIteration(398)) - Utilization for node e2efdb82-69fd-4fae-aece-07c23fad3533 with capacity 80530636800B, used 48318382080B, and remaining 32212254720B is 0.6
2023-06-21 17:31:32,355 [main] DEBUG balancer.ContainerBalancerTask (ContainerBalancerTask.java:initializeIteration(398)) - Utilization for node 9c5eebd1-855e-42e1-85c8-1f2756c427f3 with capacity 103079215104B, used 51539607552B, and remaining 51539607552B is 0.5
2023-06-21 17:31:32,355 [main] DEBUG balancer.ContainerBalancerTask (ContainerBalancerTask.java:initializeIteration(398)) - Utilization for node f6906d45-ceae-47d4-a6d0-a54cff93a66f with capacity 99321118720B, used 39728447488B, and remaining 59592671232B is 0.4
2023-06-21 17:31:32,356 [main] DEBUG balancer.ContainerBalancerTask (ContainerBalancerTask.java:initializeIteration(398)) - Utilization for node f37e0b2d-eed1-4505-ab45-5a0d3e51fb0f with capacity 150323855360B, used 45097156608B, and remaining 105226698752B is 0.3
2023-06-21 17:31:32,356 [main] DEBUG balancer.ContainerBalancerTask (ContainerBalancerTask.java:initializeIteration(398)) - Utilization for node c9a711af-54e9-4ed3-9245-0e93b53cefd9 with capacity 144955146240B, used 28991029248B, and remaining 115964116992B is 0.2
2023-06-21 17:31:32,356 [main] DEBUG balancer.ContainerBalancerTask (ContainerBalancerTask.java:initializeIteration(398)) - Utilization for node 03adf71e-358f-422e-906d-65d8221686f2 with capacity 440234147840B, used 44023414784B, and remaining 396210733056B is 0.1
2023-06-21 17:31:32,356 [main] DEBUG balancer.ContainerBalancerTask (ContainerBalancerTask.java:initializeIteration(398)) - Utilization for node 251d68a1-00cb-4792-832e-50af96f290ad with capacity 11811160064B, used 0B, and remaining 11811160064B is 0.0
2023-06-21 17:31:32,356 [main] INFO  balancer.ContainerBalancerTask (ContainerBalancerTask.java:initializeIteration(447)) - Container Balancer has identified 5 Over-Utilized and 3 Under-Utilized Datanodes that need to be balanced.
2023-06-21 17:31:32,356 [main] DEBUG balancer.ContainerBalancerTask (ContainerBalancerTask.java:lambda$initializeIteration$1(453)) - Datanode localhost-154.48.243.63 0cfe3b58-2983-495a-b8da-705405dc8348 is Over-Utilized.
2023-06-21 17:31:32,356 [main] DEBUG balancer.ContainerBalancerTask (ContainerBalancerTask.java:lambda$initializeIteration$1(453)) - Datanode localhost-201.220.248.60 2c027a12-df31-4c51-8372-a23edbedaaab is Over-Utilized.
2023-06-21 17:31:32,356 [main] DEBUG balancer.ContainerBalancerTask (ContainerBalancerTask.java:lambda$initializeIteration$1(453)) - Datanode localhost-196.17.7.103 72a674cf-0941-4d00-996e-f8a285c3179d is Over-Utilized.
2023-06-21 17:31:32,356 [main] DEBUG balancer.ContainerBalancerTask (ContainerBalancerTask.java:lambda$initializeIteration$1(453)) - Datanode localhost-176.98.143.69 e2efdb82-69fd-4fae-aece-07c23fad3533 is Over-Utilized.
2023-06-21 17:31:32,356 [main] DEBUG balancer.ContainerBalancerTask (ContainerBalancerTask.java:lambda$initializeIteration$1(453)) - Datanode localhost-231.211.248.229 9c5eebd1-855e-42e1-85c8-1f2756c427f3 is Over-Utilized.
2023-06-21 17:31:32,356 [main] DEBUG balancer.ContainerBalancerTask (ContainerBalancerTask.java:lambda$initializeIteration$2(459)) - Datanode localhost-196.244.119.173 251d68a1-00cb-4792-832e-50af96f290ad is Under-Utilized.
2023-06-21 17:31:32,357 [main] DEBUG balancer.ContainerBalancerTask (ContainerBalancerTask.java:lambda$initializeIteration$2(459)) - Datanode localhost-245.150.249.145 03adf71e-358f-422e-906d-65d8221686f2 is Under-Utilized.
2023-06-21 17:31:32,357 [main] DEBUG balancer.ContainerBalancerTask (ContainerBalancerTask.java:lambda$initializeIteration$2(459)) - Datanode localhost-68.14.206.227 c9a711af-54e9-4ed3-9245-0e93b53cefd9 is Under-Utilized.
2023-06-21 17:31:32,358 [main] DEBUG balancer.ContainerBalancerTask (ContainerBalancerTask.java:matchSourceWithTarget(699)) - ContainerBalancer could not find any candidate containers for datanode 0cfe3b58-2983-495a-b8da-705405dc8348
2023-06-21 17:31:32,360 [main] DEBUG balancer.ContainerBalancerTask (ContainerBalancerTask.java:matchSourceWithTarget(699)) - ContainerBalancer could not find any candidate containers for datanode 2c027a12-df31-4c51-8372-a23edbedaaab
2023-06-21 17:31:32,363 [main] DEBUG balancer.ContainerBalancerTask (ContainerBalancerTask.java:matchSourceWithTarget(699)) - ContainerBalancer could not find any candidate containers for datanode 72a674cf-0941-4d00-996e-f8a285c3179d
2023-06-21 17:31:32,365 [main] DEBUG balancer.ContainerBalancerTask (ContainerBalancerTask.java:matchSourceWithTarget(699)) - ContainerBalancer could not find any candidate containers for datanode e2efdb82-69fd-4fae-aece-07c23fad3533
2023-06-21 17:31:32,367 [main] DEBUG balancer.ContainerBalancerTask (ContainerBalancerTask.java:matchSourceWithTarget(699)) - ContainerBalancer could not find any candidate containers for datanode 9c5eebd1-855e-42e1-85c8-1f2756c427f3
2023-06-21 17:31:32,368 [main] INFO  balancer.FindSourceGreedy (FindSourceGreedy.java:getNextCandidateSourceDataNode(126)) - no more candidate source data node
2023-06-21 17:31:32,368 [main] INFO  balancer.ContainerBalancerTask (ContainerBalancerTask.java:balance(259)) - Result of this iteration of Container Balancer: CAN_NOT_BALANCE_ANY_MORE
2023-06-21 17:31:32,368 [main] INFO  balancer.ContainerBalancerTask (ContainerBalancerTask.java:tryStopWithSaveConfiguration(308)) - Save Configuration for stopping. Reason: CAN_NOT_BALANCE_ANY_MORE
2023-06-21 17:31:32,380 [main] DEBUG balancer.ContainerBalancerTask (ContainerBalancerTask.java:initializeIteration(374)) - Average utilization of the cluster is 0.33494314623358507
2023-06-21 17:31:32,380 [main] DEBUG balancer.ContainerBalancerTask (ContainerBalancerTask.java:initializeIteration(386)) - Lower limit for utilization is 0.23494314623358506 and Upper limit for utilization is 0.4349431462335851
2023-06-21 17:31:32,380 [main] DEBUG balancer.ContainerBalancerTask (ContainerBalancerTask.java:initializeIteration(398)) - Utilization for node 0cfe3b58-2983-495a-b8da-705405dc8348 with capacity 51300998257B, used 46170898432B, and remaining 5130099825B is 0.900000000013645
2023-06-21 17:31:32,380 [main] DEBUG balancer.ContainerBalancerTask (ContainerBalancerTask.java:initializeIteration(398)) - Utilization for node 2c027a12-df31-4c51-8372-a23edbedaaab with capacity 61740154880B, used 49392123904B, and remaining 12348030976B is 0.8
2023-06-21 17:31:32,380 [main] DEBUG balancer.ContainerBalancerTask (ContainerBalancerTask.java:initializeIteration(398)) - Utilization for node 72a674cf-0941-4d00-996e-f8a285c3179d with capacity 81297595245B, used 56908316672B, and remaining 24389278573B is 0.7000000000061503
2023-06-21 17:31:32,380 [main] DEBUG balancer.ContainerBalancerTask (ContainerBalancerTask.java:initializeIteration(398)) - Utilization for node e2efdb82-69fd-4fae-aece-07c23fad3533 with capacity 80530636800B, used 48318382080B, and remaining 32212254720B is 0.6
2023-06-21 17:31:32,380 [main] DEBUG balancer.ContainerBalancerTask (ContainerBalancerTask.java:initializeIteration(398)) - Utilization for node 9c5eebd1-855e-42e1-85c8-1f2756c427f3 with capacity 103079215104B, used 51539607552B, and remaining 51539607552B is 0.5
2023-06-21 17:31:32,380 [main] DEBUG balancer.ContainerBalancerTask (ContainerBalancerTask.java:initializeIteration(398)) - Utilization for node f6906d45-ceae-47d4-a6d0-a54cff93a66f with capacity 99321118720B, used 39728447488B, and remaining 59592671232B is 0.4
2023-06-21 17:31:32,381 [main] DEBUG balancer.ContainerBalancerTask (ContainerBalancerTask.java:initializeIteration(398)) - Utilization for node f37e0b2d-eed1-4505-ab45-5a0d3e51fb0f with capacity 150323855360B, used 45097156608B, and remaining 105226698752B is 0.3
2023-06-21 17:31:32,381 [main] DEBUG balancer.ContainerBalancerTask (ContainerBalancerTask.java:initializeIteration(398)) - Utilization for node c9a711af-54e9-4ed3-9245-0e93b53cefd9 with capacity 144955146240B, used 28991029248B, and remaining 115964116992B is 0.2
2023-06-21 17:31:32,381 [main] DEBUG balancer.ContainerBalancerTask (ContainerBalancerTask.java:initializeIteration(398)) - Utilization for node 03adf71e-358f-422e-906d-65d8221686f2 with capacity 440234147840B, used 44023414784B, and remaining 396210733056B is 0.1
2023-06-21 17:31:32,381 [main] DEBUG balancer.ContainerBalancerTask (ContainerBalancerTask.java:initializeIteration(398)) - Utilization for node 251d68a1-00cb-4792-832e-50af96f290ad with capacity 11811160064B, used 0B, and remaining 11811160064B is 0.0
2023-06-21 17:31:32,381 [main] INFO  balancer.ContainerBalancerTask (ContainerBalancerTask.java:initializeIteration(447)) - Container Balancer has identified 5 Over-Utilized and 3 Under-Utilized Datanodes that need to be balanced.
2023-06-21 17:31:32,381 [main] DEBUG balancer.ContainerBalancerTask (ContainerBalancerTask.java:lambda$initializeIteration$1(453)) - Datanode localhost-154.48.243.63 0cfe3b58-2983-495a-b8da-705405dc8348 is Over-Utilized.
2023-06-21 17:31:32,381 [main] DEBUG balancer.ContainerBalancerTask (ContainerBalancerTask.java:lambda$initializeIteration$1(453)) - Datanode localhost-201.220.248.60 2c027a12-df31-4c51-8372-a23edbedaaab is Over-Utilized.
2023-06-21 17:31:32,381 [main] DEBUG balancer.ContainerBalancerTask (ContainerBalancerTask.java:lambda$initializeIteration$1(453)) - Datanode localhost-196.17.7.103 72a674cf-0941-4d00-996e-f8a285c3179d is Over-Utilized.
2023-06-21 17:31:32,381 [main] DEBUG balancer.ContainerBalancerTask (ContainerBalancerTask.java:lambda$initializeIteration$1(453)) - Datanode localhost-176.98.143.69 e2efdb82-69fd-4fae-aece-07c23fad3533 is Over-Utilized.
2023-06-21 17:31:32,381 [main] DEBUG balancer.ContainerBalancerTask (ContainerBalancerTask.java:lambda$initializeIteration$1(453)) - Datanode localhost-231.211.248.229 9c5eebd1-855e-42e1-85c8-1f2756c427f3 is Over-Utilized.
2023-06-21 17:31:32,381 [main] DEBUG balancer.ContainerBalancerTask (ContainerBalancerTask.java:lambda$initializeIteration$2(459)) - Datanode localhost-196.244.119.173 251d68a1-00cb-4792-832e-50af96f290ad is Under-Utilized.
2023-06-21 17:31:32,381 [main] DEBUG balancer.ContainerBalancerTask (ContainerBalancerTask.java:lambda$initializeIteration$2(459)) - Datanode localhost-245.150.249.145 03adf71e-358f-422e-906d-65d8221686f2 is Under-Utilized.
2023-06-21 17:31:32,382 [main] DEBUG balancer.ContainerBalancerTask (ContainerBalancerTask.java:lambda$initializeIteration$2(459)) - Datanode localhost-68.14.206.227 c9a711af-54e9-4ed3-9245-0e93b53cefd9 is Under-Utilized.
2023-06-21 17:31:32,383 [main] DEBUG balancer.ContainerBalancerTask (ContainerBalancerTask.java:matchSourceWithTarget(706)) - ContainerBalancer is finding suitable target for source datanode 0cfe3b58-2983-495a-b8da-705405dc8348
2023-06-21 17:31:32,384 [main] INFO  balancer.ContainerBalancerTask (ContainerBalancerTask.java:matchSourceWithTarget(720)) - ContainerBalancer matched source datanode 0cfe3b58-2983-495a-b8da-705405dc8348 with target datanode 251d68a1-00cb-4792-832e-50af96f290ad for container move.
2023-06-21 17:31:32,384 [main] INFO  balancer.ContainerBalancerTask (ContainerBalancerTask.java:processMoveSelection(569)) - ContainerBalancer is trying to move container #89 with size 4294967296B from source datanode 0cfe3b58-2983-495a-b8da-705405dc8348 to target datanode 251d68a1-00cb-4792-832e-50af96f290ad
2023-06-21 17:31:32,384 [main] DEBUG balancer.ContainerBalancerTask (ContainerBalancerTask.java:lambda$moveContainer$3(834)) - Container move completed for container #89 from source 0cfe3b58-2983-495a-b8da-705405dc8348 to target 251d68a1-00cb-4792-832e-50af96f290ad
2023-06-21 17:31:32,384 [main] DEBUG balancer.ContainerBalancerTask (ContainerBalancerTask.java:adaptOnReachingIterationLimits(780)) - Reached max datanodes to involve limit. 2 datanodes have already been selected for balancing and the limit is 2. Only already selected sources and targets can be involved in balancing now.
2023-06-21 17:31:32,386 [main] DEBUG balancer.ContainerBalancerTask (ContainerBalancerTask.java:matchSourceWithTarget(706)) - ContainerBalancer is finding suitable target for source datanode 0cfe3b58-2983-495a-b8da-705405dc8348
2023-06-21 17:31:32,387 [main] INFO  balancer.FindTargetGreedyByUsageInfo (AbstractFindTargetGreedy.java:findTargetForContainerMove(133)) - Container Balancer could not find a target for source datanode 0cfe3b58-2983-495a-b8da-705405dc8348
2023-06-21 17:31:32,387 [main] DEBUG balancer.ContainerBalancerTask (ContainerBalancerTask.java:matchSourceWithTarget(715)) - ContainerBalancer could not find a suitable target for source node 0cfe3b58-2983-495a-b8da-705405dc8348.
2023-06-21 17:31:32,387 [main] INFO  balancer.FindSourceGreedy (FindSourceGreedy.java:getNextCandidateSourceDataNode(126)) - no more candidate source data node
2023-06-21 17:31:32,387 [main] INFO  balancer.ContainerBalancerTask (ContainerBalancerTask.java:checkIterationMoveResults(640)) - Iteration Summary. Number of Datanodes involved: 2. Size moved: 4 GB (4294967296 Bytes). Number of Container moves completed: 1.
2023-06-21 17:31:32,387 [main] INFO  balancer.ContainerBalancerTask (ContainerBalancerTask.java:balance(259)) - Result of this iteration of Container Balancer: ITERATION_COMPLETED
2023-06-21 17:31:32,389 [main] DEBUG balancer.ContainerBalancerTask (ContainerBalancerTask.java:initializeIteration(374)) - Average utilization of the cluster is 0.33494314623358507
2023-06-21 17:31:32,389 [main] DEBUG balancer.ContainerBalancerTask (ContainerBalancerTask.java:initializeIteration(386)) - Lower limit for utilization is 0.23494314623358506 and Upper limit for utilization is 0.4349431462335851
2023-06-21 17:31:32,389 [main] DEBUG balancer.ContainerBalancerTask (ContainerBalancerTask.java:initializeIteration(398)) - Utilization for node 0cfe3b58-2983-495a-b8da-705405dc8348 with capacity 51300998257B, used 46170898432B, and remaining 5130099825B is 0.900000000013645
2023-06-21 17:31:32,389 [main] DEBUG balancer.ContainerBalancerTask (ContainerBalancerTask.java:initializeIteration(398)) - Utilization for node 2c027a12-df31-4c51-8372-a23edbedaaab with capacity 61740154880B, used 49392123904B, and remaining 12348030976B is 0.8
2023-06-21 17:31:32,389 [main] DEBUG balancer.ContainerBalancerTask (ContainerBalancerTask.java:initializeIteration(398)) - Utilization for node 72a674cf-0941-4d00-996e-f8a285c3179d with capacity 81297595245B, used 56908316672B, and remaining 24389278573B is 0.7000000000061503
2023-06-21 17:31:32,389 [main] DEBUG balancer.ContainerBalancerTask (ContainerBalancerTask.java:initializeIteration(398)) - Utilization for node e2efdb82-69fd-4fae-aece-07c23fad3533 with capacity 80530636800B, used 48318382080B, and remaining 32212254720B is 0.6
2023-06-21 17:31:32,389 [main] DEBUG balancer.ContainerBalancerTask (ContainerBalancerTask.java:initializeIteration(398)) - Utilization for node 9c5eebd1-855e-42e1-85c8-1f2756c427f3 with capacity 103079215104B, used 51539607552B, and remaining 51539607552B is 0.5
2023-06-21 17:31:32,390 [main] DEBUG balancer.ContainerBalancerTask (ContainerBalancerTask.java:initializeIteration(398)) - Utilization for node f6906d45-ceae-47d4-a6d0-a54cff93a66f with capacity 99321118720B, used 39728447488B, and remaining 59592671232B is 0.4
2023-06-21 17:31:32,390 [main] DEBUG balancer.ContainerBalancerTask (ContainerBalancerTask.java:initializeIteration(398)) - Utilization for node f37e0b2d-eed1-4505-ab45-5a0d3e51fb0f with capacity 150323855360B, used 45097156608B, and remaining 105226698752B is 0.3
2023-06-21 17:31:32,390 [main] DEBUG balancer.ContainerBalancerTask (ContainerBalancerTask.java:initializeIteration(398)) - Utilization for node c9a711af-54e9-4ed3-9245-0e93b53cefd9 with capacity 144955146240B, used 28991029248B, and remaining 115964116992B is 0.2
2023-06-21 17:31:32,390 [main] DEBUG balancer.ContainerBalancerTask (ContainerBalancerTask.java:initializeIteration(398)) - Utilization for node 03adf71e-358f-422e-906d-65d8221686f2 with capacity 440234147840B, used 44023414784B, and remaining 396210733056B is 0.1
2023-06-21 17:31:32,390 [main] DEBUG balancer.ContainerBalancerTask (ContainerBalancerTask.java:initializeIteration(398)) - Utilization for node 251d68a1-00cb-4792-832e-50af96f290ad with capacity 11811160064B, used 0B, and remaining 11811160064B is 0.0
2023-06-21 17:31:32,390 [main] INFO  balancer.ContainerBalancerTask (ContainerBalancerTask.java:initializeIteration(447)) - Container Balancer has identified 5 Over-Utilized and 3 Under-Utilized Datanodes that need to be balanced.
2023-06-21 17:31:32,390 [main] DEBUG balancer.ContainerBalancerTask (ContainerBalancerTask.java:lambda$initializeIteration$1(453)) - Datanode localhost-154.48.243.63 0cfe3b58-2983-495a-b8da-705405dc8348 is Over-Utilized.
2023-06-21 17:31:32,390 [main] DEBUG balancer.ContainerBalancerTask (ContainerBalancerTask.java:lambda$initializeIteration$1(453)) - Datanode localhost-201.220.248.60 2c027a12-df31-4c51-8372-a23edbedaaab is Over-Utilized.
2023-06-21 17:31:32,390 [main] DEBUG balancer.ContainerBalancerTask (ContainerBalancerTask.java:lambda$initializeIteration$1(453)) - Datanode localhost-196.17.7.103 72a674cf-0941-4d00-996e-f8a285c3179d is Over-Utilized.
2023-06-21 17:31:32,390 [main] DEBUG balancer.ContainerBalancerTask (ContainerBalancerTask.java:lambda$initializeIteration$1(453)) - Datanode localhost-176.98.143.69 e2efdb82-69fd-4fae-aece-07c23fad3533 is Over-Utilized.
2023-06-21 17:31:32,390 [main] DEBUG balancer.ContainerBalancerTask (ContainerBalancerTask.java:lambda$initializeIteration$1(453)) - Datanode localhost-231.211.248.229 9c5eebd1-855e-42e1-85c8-1f2756c427f3 is Over-Utilized.
2023-06-21 17:31:32,390 [main] DEBUG balancer.ContainerBalancerTask (ContainerBalancerTask.java:lambda$initializeIteration$2(459)) - Datanode localhost-196.244.119.173 251d68a1-00cb-4792-832e-50af96f290ad is Under-Utilized.
2023-06-21 17:31:32,391 [main] DEBUG balancer.ContainerBalancerTask (ContainerBalancerTask.java:lambda$initializeIteration$2(459)) - Datanode localhost-245.150.249.145 03adf71e-358f-422e-906d-65d8221686f2 is Under-Utilized.
2023-06-21 17:31:32,391 [main] DEBUG balancer.ContainerBalancerTask (ContainerBalancerTask.java:lambda$initializeIteration$2(459)) - Datanode localhost-68.14.206.227 c9a711af-54e9-4ed3-9245-0e93b53cefd9 is Under-Utilized.
2023-06-21 17:31:32,392 [main] DEBUG balancer.ContainerBalancerTask (ContainerBalancerTask.java:matchSourceWithTarget(706)) - ContainerBalancer is finding suitable target for source datanode 0cfe3b58-2983-495a-b8da-705405dc8348
2023-06-21 17:31:32,393 [main] INFO  balancer.ContainerBalancerTask (ContainerBalancerTask.java:matchSourceWithTarget(720)) - ContainerBalancer matched source datanode 0cfe3b58-2983-495a-b8da-705405dc8348 with target datanode 251d68a1-00cb-4792-832e-50af96f290ad for container move.
2023-06-21 17:31:32,393 [main] INFO  balancer.ContainerBalancerTask (ContainerBalancerTask.java:processMoveSelection(569)) - ContainerBalancer is trying to move container #89 with size 4294967296B from source datanode 0cfe3b58-2983-495a-b8da-705405dc8348 to target datanode 251d68a1-00cb-4792-832e-50af96f290ad
2023-06-21 17:31:32,393 [main] DEBUG balancer.ContainerBalancerTask (ContainerBalancerTask.java:lambda$moveContainer$3(834)) - Container move completed for container #89 from source 0cfe3b58-2983-495a-b8da-705405dc8348 to target 251d68a1-00cb-4792-832e-50af96f290ad
2023-06-21 17:31:32,393 [main] DEBUG balancer.ContainerBalancerTask (ContainerBalancerTask.java:adaptOnReachingIterationLimits(780)) - Reached max datanodes to involve limit. 2 datanodes have already been selected for balancing and the limit is 2. Only already selected sources and targets can be involved in balancing now.
2023-06-21 17:31:32,395 [main] DEBUG balancer.ContainerBalancerTask (ContainerBalancerTask.java:matchSourceWithTarget(706)) - ContainerBalancer is finding suitable target for source datanode 0cfe3b58-2983-495a-b8da-705405dc8348
2023-06-21 17:31:32,396 [main] INFO  balancer.FindTargetGreedyByUsageInfo (AbstractFindTargetGreedy.java:findTargetForContainerMove(133)) - Container Balancer could not find a target for source datanode 0cfe3b58-2983-495a-b8da-705405dc8348
2023-06-21 17:31:32,396 [main] DEBUG balancer.ContainerBalancerTask (ContainerBalancerTask.java:matchSourceWithTarget(715)) - ContainerBalancer could not find a suitable target for source node 0cfe3b58-2983-495a-b8da-705405dc8348.
2023-06-21 17:31:32,396 [main] INFO  balancer.FindSourceGreedy (FindSourceGreedy.java:getNextCandidateSourceDataNode(126)) - no more candidate source data node
2023-06-21 17:31:32,396 [main] INFO  balancer.ContainerBalancerTask (ContainerBalancerTask.java:checkIterationMoveResults(640)) - Iteration Summary. Number of Datanodes involved: 2. Size moved: 4 GB (4294967296 Bytes). Number of Container moves completed: 1.
2023-06-21 17:31:32,396 [main] INFO  balancer.ContainerBalancerTask (ContainerBalancerTask.java:balance(259)) - Result of this iteration of Container Balancer: ITERATION_COMPLETED
2023-06-21 17:31:32,398 [main] DEBUG balancer.ContainerBalancerTask (ContainerBalancerTask.java:initializeIteration(374)) - Average utilization of the cluster is 0.33494314623358507
2023-06-21 17:31:32,398 [main] DEBUG balancer.ContainerBalancerTask (ContainerBalancerTask.java:initializeIteration(386)) - Lower limit for utilization is 0.23494314623358506 and Upper limit for utilization is 0.4349431462335851
2023-06-21 17:31:32,398 [main] DEBUG balancer.ContainerBalancerTask (ContainerBalancerTask.java:initializeIteration(398)) - Utilization for node 0cfe3b58-2983-495a-b8da-705405dc8348 with capacity 51300998257B, used 46170898432B, and remaining 5130099825B is 0.900000000013645
2023-06-21 17:31:32,398 [main] DEBUG balancer.ContainerBalancerTask (ContainerBalancerTask.java:initializeIteration(398)) - Utilization for node 2c027a12-df31-4c51-8372-a23edbedaaab with capacity 61740154880B, used 49392123904B, and remaining 12348030976B is 0.8
2023-06-21 17:31:32,398 [main] DEBUG balancer.ContainerBalancerTask (ContainerBalancerTask.java:initializeIteration(398)) - Utilization for node 72a674cf-0941-4d00-996e-f8a285c3179d with capacity 81297595245B, used 56908316672B, and remaining 24389278573B is 0.7000000000061503
2023-06-21 17:31:32,398 [main] DEBUG balancer.ContainerBalancerTask (ContainerBalancerTask.java:initializeIteration(398)) - Utilization for node e2efdb82-69fd-4fae-aece-07c23fad3533 with capacity 80530636800B, used 48318382080B, and remaining 32212254720B is 0.6
2023-06-21 17:31:32,398 [main] DEBUG balancer.ContainerBalancerTask (ContainerBalancerTask.java:initializeIteration(398)) - Utilization for node 9c5eebd1-855e-42e1-85c8-1f2756c427f3 with capacity 103079215104B, used 51539607552B, and remaining 51539607552B is 0.5
2023-06-21 17:31:32,398 [main] DEBUG balancer.ContainerBalancerTask (ContainerBalancerTask.java:initializeIteration(398)) - Utilization for node f6906d45-ceae-47d4-a6d0-a54cff93a66f with capacity 99321118720B, used 39728447488B, and remaining 59592671232B is 0.4
2023-06-21 17:31:32,399 [main] DEBUG balancer.ContainerBalancerTask (ContainerBalancerTask.java:initializeIteration(398)) - Utilization for node f37e0b2d-eed1-4505-ab45-5a0d3e51fb0f with capacity 150323855360B, used 45097156608B, and remaining 105226698752B is 0.3
2023-06-21 17:31:32,399 [main] DEBUG balancer.ContainerBalancerTask (ContainerBalancerTask.java:initializeIteration(398)) - Utilization for node c9a711af-54e9-4ed3-9245-0e93b53cefd9 with capacity 144955146240B, used 28991029248B, and remaining 115964116992B is 0.2
2023-06-21 17:31:32,399 [main] DEBUG balancer.ContainerBalancerTask (ContainerBalancerTask.java:initializeIteration(398)) - Utilization for node 03adf71e-358f-422e-906d-65d8221686f2 with capacity 440234147840B, used 44023414784B, and remaining 396210733056B is 0.1
2023-06-21 17:31:32,399 [main] DEBUG balancer.ContainerBalancerTask (ContainerBalancerTask.java:initializeIteration(398)) - Utilization for node 251d68a1-00cb-4792-832e-50af96f290ad with capacity 11811160064B, used 0B, and remaining 11811160064B is 0.0
2023-06-21 17:31:32,399 [main] INFO  balancer.ContainerBalancerTask (ContainerBalancerTask.java:initializeIteration(447)) - Container Balancer has identified 5 Over-Utilized and 3 Under-Utilized Datanodes that need to be balanced.
2023-06-21 17:31:32,399 [main] DEBUG balancer.ContainerBalancerTask (ContainerBalancerTask.java:lambda$initializeIteration$1(453)) - Datanode localhost-154.48.243.63 0cfe3b58-2983-495a-b8da-705405dc8348 is Over-Utilized.
2023-06-21 17:31:32,399 [main] DEBUG balancer.ContainerBalancerTask (ContainerBalancerTask.java:lambda$initializeIteration$1(453)) - Datanode localhost-201.220.248.60 2c027a12-df31-4c51-8372-a23edbedaaab is Over-Utilized.
2023-06-21 17:31:32,399 [main] DEBUG balancer.ContainerBalancerTask (ContainerBalancerTask.java:lambda$initializeIteration$1(453)) - Datanode localhost-196.17.7.103 72a674cf-0941-4d00-996e-f8a285c3179d is Over-Utilized.
2023-06-21 17:31:32,399 [main] DEBUG balancer.ContainerBalancerTask (ContainerBalancerTask.java:lambda$initializeIteration$1(453)) - Datanode localhost-176.98.143.69 e2efdb82-69fd-4fae-aece-07c23fad3533 is Over-Utilized.
2023-06-21 17:31:32,399 [main] DEBUG balancer.ContainerBalancerTask (ContainerBalancerTask.java:lambda$initializeIteration$1(453)) - Datanode localhost-231.211.248.229 9c5eebd1-855e-42e1-85c8-1f2756c427f3 is Over-Utilized.
2023-06-21 17:31:32,399 [main] DEBUG balancer.ContainerBalancerTask (ContainerBalancerTask.java:lambda$initializeIteration$2(459)) - Datanode localhost-196.244.119.173 251d68a1-00cb-4792-832e-50af96f290ad is Under-Utilized.
2023-06-21 17:31:32,399 [main] DEBUG balancer.ContainerBalancerTask (ContainerBalancerTask.java:lambda$initializeIteration$2(459)) - Datanode localhost-245.150.249.145 03adf71e-358f-422e-906d-65d8221686f2 is Under-Utilized.
2023-06-21 17:31:32,400 [main] DEBUG balancer.ContainerBalancerTask (ContainerBalancerTask.java:lambda$initializeIteration$2(459)) - Datanode localhost-68.14.206.227 c9a711af-54e9-4ed3-9245-0e93b53cefd9 is Under-Utilized.
2023-06-21 17:31:32,401 [main] DEBUG balancer.ContainerBalancerTask (ContainerBalancerTask.java:matchSourceWithTarget(706)) - ContainerBalancer is finding suitable target for source datanode 0cfe3b58-2983-495a-b8da-705405dc8348
2023-06-21 17:31:32,402 [main] INFO  balancer.ContainerBalancerTask (ContainerBalancerTask.java:matchSourceWithTarget(720)) - ContainerBalancer matched source datanode 0cfe3b58-2983-495a-b8da-705405dc8348 with target datanode 251d68a1-00cb-4792-832e-50af96f290ad for container move.
2023-06-21 17:31:32,402 [main] INFO  balancer.ContainerBalancerTask (ContainerBalancerTask.java:processMoveSelection(569)) - ContainerBalancer is trying to move container #89 with size 4294967296B from source datanode 0cfe3b58-2983-495a-b8da-705405dc8348 to target datanode 251d68a1-00cb-4792-832e-50af96f290ad
2023-06-21 17:31:32,402 [main] DEBUG balancer.ContainerBalancerTask (ContainerBalancerTask.java:lambda$moveContainer$3(834)) - Container move completed for container #89 from source 0cfe3b58-2983-495a-b8da-705405dc8348 to target 251d68a1-00cb-4792-832e-50af96f290ad
2023-06-21 17:31:32,402 [main] DEBUG balancer.ContainerBalancerTask (ContainerBalancerTask.java:adaptOnReachingIterationLimits(780)) - Reached max datanodes to involve limit. 2 datanodes have already been selected for balancing and the limit is 2. Only already selected sources and targets can be involved in balancing now.
2023-06-21 17:31:32,404 [main] DEBUG balancer.ContainerBalancerTask (ContainerBalancerTask.java:matchSourceWithTarget(706)) - ContainerBalancer is finding suitable target for source datanode 0cfe3b58-2983-495a-b8da-705405dc8348
2023-06-21 17:31:32,404 [main] INFO  balancer.FindTargetGreedyByUsageInfo (AbstractFindTargetGreedy.java:findTargetForContainerMove(133)) - Container Balancer could not find a target for source datanode 0cfe3b58-2983-495a-b8da-705405dc8348
2023-06-21 17:31:32,405 [main] DEBUG balancer.ContainerBalancerTask (ContainerBalancerTask.java:matchSourceWithTarget(715)) - ContainerBalancer could not find a suitable target for source node 0cfe3b58-2983-495a-b8da-705405dc8348.
2023-06-21 17:31:32,405 [main] INFO  balancer.FindSourceGreedy (FindSourceGreedy.java:getNextCandidateSourceDataNode(126)) - no more candidate source data node
2023-06-21 17:31:32,405 [main] INFO  balancer.ContainerBalancerTask (ContainerBalancerTask.java:checkIterationMoveResults(640)) - Iteration Summary. Number of Datanodes involved: 2. Size moved: 4 GB (4294967296 Bytes). Number of Container moves completed: 1.
2023-06-21 17:31:32,405 [main] INFO  balancer.ContainerBalancerTask (ContainerBalancerTask.java:balance(259)) - Result of this iteration of Container Balancer: ITERATION_COMPLETED
2023-06-21 17:31:32,407 [main] DEBUG balancer.ContainerBalancerTask (ContainerBalancerTask.java:initializeIteration(374)) - Average utilization of the cluster is 0.33494314623358507
2023-06-21 17:31:32,407 [main] DEBUG balancer.ContainerBalancerTask (ContainerBalancerTask.java:initializeIteration(386)) - Lower limit for utilization is 0.23494314623358506 and Upper limit for utilization is 0.4349431462335851
2023-06-21 17:31:32,407 [main] DEBUG balancer.ContainerBalancerTask (ContainerBalancerTask.java:initializeIteration(398)) - Utilization for node 0cfe3b58-2983-495a-b8da-705405dc8348 with capacity 51300998257B, used 46170898432B, and remaining 5130099825B is 0.900000000013645
2023-06-21 17:31:32,407 [main] DEBUG balancer.ContainerBalancerTask (ContainerBalancerTask.java:initializeIteration(398)) - Utilization for node 2c027a12-df31-4c51-8372-a23edbedaaab with capacity 61740154880B, used 49392123904B, and remaining 12348030976B is 0.8
2023-06-21 17:31:32,407 [main] DEBUG balancer.ContainerBalancerTask (ContainerBalancerTask.java:initializeIteration(398)) - Utilization for node 72a674cf-0941-4d00-996e-f8a285c3179d with capacity 81297595245B, used 56908316672B, and remaining 24389278573B is 0.7000000000061503
2023-06-21 17:31:32,407 [main] DEBUG balancer.ContainerBalancerTask (ContainerBalancerTask.java:initializeIteration(398)) - Utilization for node e2efdb82-69fd-4fae-aece-07c23fad3533 with capacity 80530636800B, used 48318382080B, and remaining 32212254720B is 0.6
2023-06-21 17:31:32,407 [main] DEBUG balancer.ContainerBalancerTask (ContainerBalancerTask.java:initializeIteration(398)) - Utilization for node 9c5eebd1-855e-42e1-85c8-1f2756c427f3 with capacity 103079215104B, used 51539607552B, and remaining 51539607552B is 0.5
2023-06-21 17:31:32,407 [main] DEBUG balancer.ContainerBalancerTask (ContainerBalancerTask.java:initializeIteration(398)) - Utilization for node f6906d45-ceae-47d4-a6d0-a54cff93a66f with capacity 99321118720B, used 39728447488B, and remaining 59592671232B is 0.4
2023-06-21 17:31:32,407 [main] DEBUG balancer.ContainerBalancerTask (ContainerBalancerTask.java:initializeIteration(398)) - Utilization for node f37e0b2d-eed1-4505-ab45-5a0d3e51fb0f with capacity 150323855360B, used 45097156608B, and remaining 105226698752B is 0.3
2023-06-21 17:31:32,407 [main] DEBUG balancer.ContainerBalancerTask (ContainerBalancerTask.java:initializeIteration(398)) - Utilization for node c9a711af-54e9-4ed3-9245-0e93b53cefd9 with capacity 144955146240B, used 28991029248B, and remaining 115964116992B is 0.2
2023-06-21 17:31:32,407 [main] DEBUG balancer.ContainerBalancerTask (ContainerBalancerTask.java:initializeIteration(398)) - Utilization for node 03adf71e-358f-422e-906d-65d8221686f2 with capacity 440234147840B, used 44023414784B, and remaining 396210733056B is 0.1
2023-06-21 17:31:32,408 [main] DEBUG balancer.ContainerBalancerTask (ContainerBalancerTask.java:initializeIteration(398)) - Utilization for node 251d68a1-00cb-4792-832e-50af96f290ad with capacity 11811160064B, used 0B, and remaining 11811160064B is 0.0
2023-06-21 17:31:32,408 [main] INFO  balancer.ContainerBalancerTask (ContainerBalancerTask.java:initializeIteration(447)) - Container Balancer has identified 5 Over-Utilized and 3 Under-Utilized Datanodes that need to be balanced.
2023-06-21 17:31:32,408 [main] DEBUG balancer.ContainerBalancerTask (ContainerBalancerTask.java:lambda$initializeIteration$1(453)) - Datanode localhost-154.48.243.63 0cfe3b58-2983-495a-b8da-705405dc8348 is Over-Utilized.
2023-06-21 17:31:32,408 [main] DEBUG balancer.ContainerBalancerTask (ContainerBalancerTask.java:lambda$initializeIteration$1(453)) - Datanode localhost-201.220.248.60 2c027a12-df31-4c51-8372-a23edbedaaab is Over-Utilized.
2023-06-21 17:31:32,408 [main] DEBUG balancer.ContainerBalancerTask (ContainerBalancerTask.java:lambda$initializeIteration$1(453)) - Datanode localhost-196.17.7.103 72a674cf-0941-4d00-996e-f8a285c3179d is Over-Utilized.
2023-06-21 17:31:32,408 [main] DEBUG balancer.ContainerBalancerTask (ContainerBalancerTask.java:lambda$initializeIteration$1(453)) - Datanode localhost-176.98.143.69 e2efdb82-69fd-4fae-aece-07c23fad3533 is Over-Utilized.
2023-06-21 17:31:32,408 [main] DEBUG balancer.ContainerBalancerTask (ContainerBalancerTask.java:lambda$initializeIteration$1(453)) - Datanode localhost-231.211.248.229 9c5eebd1-855e-42e1-85c8-1f2756c427f3 is Over-Utilized.
2023-06-21 17:31:32,408 [main] DEBUG balancer.ContainerBalancerTask (ContainerBalancerTask.java:lambda$initializeIteration$2(459)) - Datanode localhost-196.244.119.173 251d68a1-00cb-4792-832e-50af96f290ad is Under-Utilized.
2023-06-21 17:31:32,408 [main] DEBUG balancer.ContainerBalancerTask (ContainerBalancerTask.java:lambda$initializeIteration$2(459)) - Datanode localhost-245.150.249.145 03adf71e-358f-422e-906d-65d8221686f2 is Under-Utilized.
2023-06-21 17:31:32,408 [main] DEBUG balancer.ContainerBalancerTask (ContainerBalancerTask.java:lambda$initializeIteration$2(459)) - Datanode localhost-68.14.206.227 c9a711af-54e9-4ed3-9245-0e93b53cefd9 is Under-Utilized.
2023-06-21 17:31:32,410 [main] DEBUG balancer.ContainerBalancerTask (ContainerBalancerTask.java:matchSourceWithTarget(706)) - ContainerBalancer is finding suitable target for source datanode 0cfe3b58-2983-495a-b8da-705405dc8348
2023-06-21 17:31:32,410 [main] INFO  balancer.ContainerBalancerTask (ContainerBalancerTask.java:matchSourceWithTarget(720)) - ContainerBalancer matched source datanode 0cfe3b58-2983-495a-b8da-705405dc8348 with target datanode 251d68a1-00cb-4792-832e-50af96f290ad for container move.
2023-06-21 17:31:32,410 [main] INFO  balancer.ContainerBalancerTask (ContainerBalancerTask.java:processMoveSelection(569)) - ContainerBalancer is trying to move container #89 with size 4294967296B from source datanode 0cfe3b58-2983-495a-b8da-705405dc8348 to target datanode 251d68a1-00cb-4792-832e-50af96f290ad
2023-06-21 17:31:32,411 [main] DEBUG balancer.ContainerBalancerTask (ContainerBalancerTask.java:lambda$moveContainer$3(834)) - Container move completed for container #89 from source 0cfe3b58-2983-495a-b8da-705405dc8348 to target 251d68a1-00cb-4792-832e-50af96f290ad
2023-06-21 17:31:32,411 [main] DEBUG balancer.ContainerBalancerTask (ContainerBalancerTask.java:adaptOnReachingIterationLimits(780)) - Reached max datanodes to involve limit. 2 datanodes have already been selected for balancing and the limit is 2. Only already selected sources and targets can be involved in balancing now.
2023-06-21 17:31:32,412 [main] DEBUG balancer.ContainerBalancerTask (ContainerBalancerTask.java:matchSourceWithTarget(706)) - ContainerBalancer is finding suitable target for source datanode 0cfe3b58-2983-495a-b8da-705405dc8348
2023-06-21 17:31:32,413 [main] INFO  balancer.FindTargetGreedyByUsageInfo (AbstractFindTargetGreedy.java:findTargetForContainerMove(133)) - Container Balancer could not find a target for source datanode 0cfe3b58-2983-495a-b8da-705405dc8348
2023-06-21 17:31:32,413 [main] DEBUG balancer.ContainerBalancerTask (ContainerBalancerTask.java:matchSourceWithTarget(715)) - ContainerBalancer could not find a suitable target for source node 0cfe3b58-2983-495a-b8da-705405dc8348.
2023-06-21 17:31:32,413 [main] INFO  balancer.FindSourceGreedy (FindSourceGreedy.java:getNextCandidateSourceDataNode(126)) - no more candidate source data node
2023-06-21 17:31:32,413 [main] INFO  balancer.ContainerBalancerTask (ContainerBalancerTask.java:checkIterationMoveResults(640)) - Iteration Summary. Number of Datanodes involved: 2. Size moved: 4 GB (4294967296 Bytes). Number of Container moves completed: 1.
2023-06-21 17:31:32,414 [main] INFO  balancer.ContainerBalancerTask (ContainerBalancerTask.java:balance(259)) - Result of this iteration of Container Balancer: ITERATION_COMPLETED
2023-06-21 17:31:32,415 [main] DEBUG balancer.ContainerBalancerTask (ContainerBalancerTask.java:initializeIteration(374)) - Average utilization of the cluster is 0.33494314623358507
2023-06-21 17:31:32,416 [main] DEBUG balancer.ContainerBalancerTask (ContainerBalancerTask.java:initializeIteration(386)) - Lower limit for utilization is 0.23494314623358506 and Upper limit for utilization is 0.4349431462335851
2023-06-21 17:31:32,416 [main] DEBUG balancer.ContainerBalancerTask (ContainerBalancerTask.java:initializeIteration(398)) - Utilization for node 0cfe3b58-2983-495a-b8da-705405dc8348 with capacity 51300998257B, used 46170898432B, and remaining 5130099825B is 0.900000000013645
2023-06-21 17:31:32,416 [main] DEBUG balancer.ContainerBalancerTask (ContainerBalancerTask.java:initializeIteration(398)) - Utilization for node 2c027a12-df31-4c51-8372-a23edbedaaab with capacity 61740154880B, used 49392123904B, and remaining 12348030976B is 0.8
2023-06-21 17:31:32,416 [main] DEBUG balancer.ContainerBalancerTask (ContainerBalancerTask.java:initializeIteration(398)) - Utilization for node 72a674cf-0941-4d00-996e-f8a285c3179d with capacity 81297595245B, used 56908316672B, and remaining 24389278573B is 0.7000000000061503
2023-06-21 17:31:32,416 [main] DEBUG balancer.ContainerBalancerTask (ContainerBalancerTask.java:initializeIteration(398)) - Utilization for node e2efdb82-69fd-4fae-aece-07c23fad3533 with capacity 80530636800B, used 48318382080B, and remaining 32212254720B is 0.6
2023-06-21 17:31:32,416 [main] DEBUG balancer.ContainerBalancerTask (ContainerBalancerTask.java:initializeIteration(398)) - Utilization for node 9c5eebd1-855e-42e1-85c8-1f2756c427f3 with capacity 103079215104B, used 51539607552B, and remaining 51539607552B is 0.5
2023-06-21 17:31:32,416 [main] DEBUG balancer.ContainerBalancerTask (ContainerBalancerTask.java:initializeIteration(398)) - Utilization for node f6906d45-ceae-47d4-a6d0-a54cff93a66f with capacity 99321118720B, used 39728447488B, and remaining 59592671232B is 0.4
2023-06-21 17:31:32,416 [main] DEBUG balancer.ContainerBalancerTask (ContainerBalancerTask.java:initializeIteration(398)) - Utilization for node f37e0b2d-eed1-4505-ab45-5a0d3e51fb0f with capacity 150323855360B, used 45097156608B, and remaining 105226698752B is 0.3
2023-06-21 17:31:32,416 [main] DEBUG balancer.ContainerBalancerTask (ContainerBalancerTask.java:initializeIteration(398)) - Utilization for node c9a711af-54e9-4ed3-9245-0e93b53cefd9 with capacity 144955146240B, used 28991029248B, and remaining 115964116992B is 0.2
2023-06-21 17:31:32,416 [main] DEBUG balancer.ContainerBalancerTask (ContainerBalancerTask.java:initializeIteration(398)) - Utilization for node 03adf71e-358f-422e-906d-65d8221686f2 with capacity 440234147840B, used 44023414784B, and remaining 396210733056B is 0.1
2023-06-21 17:31:32,417 [main] DEBUG balancer.ContainerBalancerTask (ContainerBalancerTask.java:initializeIteration(398)) - Utilization for node 251d68a1-00cb-4792-832e-50af96f290ad with capacity 11811160064B, used 0B, and remaining 11811160064B is 0.0
2023-06-21 17:31:32,417 [main] INFO  balancer.ContainerBalancerTask (ContainerBalancerTask.java:initializeIteration(447)) - Container Balancer has identified 5 Over-Utilized and 3 Under-Utilized Datanodes that need to be balanced.
2023-06-21 17:31:32,417 [main] DEBUG balancer.ContainerBalancerTask (ContainerBalancerTask.java:lambda$initializeIteration$1(453)) - Datanode localhost-154.48.243.63 0cfe3b58-2983-495a-b8da-705405dc8348 is Over-Utilized.
2023-06-21 17:31:32,417 [main] DEBUG balancer.ContainerBalancerTask (ContainerBalancerTask.java:lambda$initializeIteration$1(453)) - Datanode localhost-201.220.248.60 2c027a12-df31-4c51-8372-a23edbedaaab is Over-Utilized.
2023-06-21 17:31:32,417 [main] DEBUG balancer.ContainerBalancerTask (ContainerBalancerTask.java:lambda$initializeIteration$1(453)) - Datanode localhost-196.17.7.103 72a674cf-0941-4d00-996e-f8a285c3179d is Over-Utilized.
2023-06-21 17:31:32,417 [main] DEBUG balancer.ContainerBalancerTask (ContainerBalancerTask.java:lambda$initializeIteration$1(453)) - Datanode localhost-176.98.143.69 e2efdb82-69fd-4fae-aece-07c23fad3533 is Over-Utilized.
2023-06-21 17:31:32,417 [main] DEBUG balancer.ContainerBalancerTask (ContainerBalancerTask.java:lambda$initializeIteration$1(453)) - Datanode localhost-231.211.248.229 9c5eebd1-855e-42e1-85c8-1f2756c427f3 is Over-Utilized.
2023-06-21 17:31:32,417 [main] DEBUG balancer.ContainerBalancerTask (ContainerBalancerTask.java:lambda$initializeIteration$2(459)) - Datanode localhost-196.244.119.173 251d68a1-00cb-4792-832e-50af96f290ad is Under-Utilized.
2023-06-21 17:31:32,417 [main] DEBUG balancer.ContainerBalancerTask (ContainerBalancerTask.java:lambda$initializeIteration$2(459)) - Datanode localhost-245.150.249.145 03adf71e-358f-422e-906d-65d8221686f2 is Under-Utilized.
2023-06-21 17:31:32,417 [main] DEBUG balancer.ContainerBalancerTask (ContainerBalancerTask.java:lambda$initializeIteration$2(459)) - Datanode localhost-68.14.206.227 c9a711af-54e9-4ed3-9245-0e93b53cefd9 is Under-Utilized.
2023-06-21 17:31:32,419 [main] DEBUG balancer.ContainerBalancerTask (ContainerBalancerTask.java:matchSourceWithTarget(706)) - ContainerBalancer is finding suitable target for source datanode 0cfe3b58-2983-495a-b8da-705405dc8348
2023-06-21 17:31:32,419 [main] INFO  balancer.ContainerBalancerTask (ContainerBalancerTask.java:matchSourceWithTarget(720)) - ContainerBalancer matched source datanode 0cfe3b58-2983-495a-b8da-705405dc8348 with target datanode 251d68a1-00cb-4792-832e-50af96f290ad for container move.
2023-06-21 17:31:32,419 [main] INFO  balancer.ContainerBalancerTask (ContainerBalancerTask.java:processMoveSelection(569)) - ContainerBalancer is trying to move container #89 with size 4294967296B from source datanode 0cfe3b58-2983-495a-b8da-705405dc8348 to target datanode 251d68a1-00cb-4792-832e-50af96f290ad
2023-06-21 17:31:32,420 [main] DEBUG balancer.ContainerBalancerTask (ContainerBalancerTask.java:lambda$moveContainer$3(834)) - Container move completed for container #89 from source 0cfe3b58-2983-495a-b8da-705405dc8348 to target 251d68a1-00cb-4792-832e-50af96f290ad
2023-06-21 17:31:32,420 [main] DEBUG balancer.ContainerBalancerTask (ContainerBalancerTask.java:adaptOnReachingIterationLimits(780)) - Reached max datanodes to involve limit. 2 datanodes have already been selected for balancing and the limit is 2. Only already selected sources and targets can be involved in balancing now.
2023-06-21 17:31:32,421 [main] DEBUG balancer.ContainerBalancerTask (ContainerBalancerTask.java:matchSourceWithTarget(706)) - ContainerBalancer is finding suitable target for source datanode 0cfe3b58-2983-495a-b8da-705405dc8348
2023-06-21 17:31:32,422 [main] INFO  balancer.FindTargetGreedyByUsageInfo (AbstractFindTargetGreedy.java:findTargetForContainerMove(133)) - Container Balancer could not find a target for source datanode 0cfe3b58-2983-495a-b8da-705405dc8348
2023-06-21 17:31:32,422 [main] DEBUG balancer.ContainerBalancerTask (ContainerBalancerTask.java:matchSourceWithTarget(715)) - ContainerBalancer could not find a suitable target for source node 0cfe3b58-2983-495a-b8da-705405dc8348.
2023-06-21 17:31:32,422 [main] INFO  balancer.FindSourceGreedy (FindSourceGreedy.java:getNextCandidateSourceDataNode(126)) - no more candidate source data node
2023-06-21 17:31:32,423 [main] INFO  balancer.ContainerBalancerTask (ContainerBalancerTask.java:checkIterationMoveResults(640)) - Iteration Summary. Number of Datanodes involved: 2. Size moved: 4 GB (4294967296 Bytes). Number of Container moves completed: 1.
2023-06-21 17:31:32,423 [main] INFO  balancer.ContainerBalancerTask (ContainerBalancerTask.java:balance(259)) - Result of this iteration of Container Balancer: ITERATION_COMPLETED
2023-06-21 17:31:32,424 [main] DEBUG balancer.ContainerBalancerTask (ContainerBalancerTask.java:initializeIteration(374)) - Average utilization of the cluster is 0.33494314623358507
2023-06-21 17:31:32,424 [main] DEBUG balancer.ContainerBalancerTask (ContainerBalancerTask.java:initializeIteration(386)) - Lower limit for utilization is 0.23494314623358506 and Upper limit for utilization is 0.4349431462335851
2023-06-21 17:31:32,424 [main] DEBUG balancer.ContainerBalancerTask (ContainerBalancerTask.java:initializeIteration(398)) - Utilization for node 0cfe3b58-2983-495a-b8da-705405dc8348 with capacity 51300998257B, used 46170898432B, and remaining 5130099825B is 0.900000000013645
2023-06-21 17:31:32,425 [main] DEBUG balancer.ContainerBalancerTask (ContainerBalancerTask.java:initializeIteration(398)) - Utilization for node 2c027a12-df31-4c51-8372-a23edbedaaab with capacity 61740154880B, used 49392123904B, and remaining 12348030976B is 0.8
2023-06-21 17:31:32,425 [main] DEBUG balancer.ContainerBalancerTask (ContainerBalancerTask.java:initializeIteration(398)) - Utilization for node 72a674cf-0941-4d00-996e-f8a285c3179d with capacity 81297595245B, used 56908316672B, and remaining 24389278573B is 0.7000000000061503
2023-06-21 17:31:32,425 [main] DEBUG balancer.ContainerBalancerTask (ContainerBalancerTask.java:initializeIteration(398)) - Utilization for node e2efdb82-69fd-4fae-aece-07c23fad3533 with capacity 80530636800B, used 48318382080B, and remaining 32212254720B is 0.6
2023-06-21 17:31:32,425 [main] DEBUG balancer.ContainerBalancerTask (ContainerBalancerTask.java:initializeIteration(398)) - Utilization for node 9c5eebd1-855e-42e1-85c8-1f2756c427f3 with capacity 103079215104B, used 51539607552B, and remaining 51539607552B is 0.5
2023-06-21 17:31:32,425 [main] DEBUG balancer.ContainerBalancerTask (ContainerBalancerTask.java:initializeIteration(398)) - Utilization for node f6906d45-ceae-47d4-a6d0-a54cff93a66f with capacity 99321118720B, used 39728447488B, and remaining 59592671232B is 0.4
2023-06-21 17:31:32,425 [main] DEBUG balancer.ContainerBalancerTask (ContainerBalancerTask.java:initializeIteration(398)) - Utilization for node f37e0b2d-eed1-4505-ab45-5a0d3e51fb0f with capacity 150323855360B, used 45097156608B, and remaining 105226698752B is 0.3
2023-06-21 17:31:32,425 [main] DEBUG balancer.ContainerBalancerTask (ContainerBalancerTask.java:initializeIteration(398)) - Utilization for node c9a711af-54e9-4ed3-9245-0e93b53cefd9 with capacity 144955146240B, used 28991029248B, and remaining 115964116992B is 0.2
2023-06-21 17:31:32,425 [main] DEBUG balancer.ContainerBalancerTask (ContainerBalancerTask.java:initializeIteration(398)) - Utilization for node 03adf71e-358f-422e-906d-65d8221686f2 with capacity 440234147840B, used 44023414784B, and remaining 396210733056B is 0.1
2023-06-21 17:31:32,425 [main] DEBUG balancer.ContainerBalancerTask (ContainerBalancerTask.java:initializeIteration(398)) - Utilization for node 251d68a1-00cb-4792-832e-50af96f290ad with capacity 11811160064B, used 0B, and remaining 11811160064B is 0.0
2023-06-21 17:31:32,425 [main] INFO  balancer.ContainerBalancerTask (ContainerBalancerTask.java:initializeIteration(447)) - Container Balancer has identified 5 Over-Utilized and 3 Under-Utilized Datanodes that need to be balanced.
2023-06-21 17:31:32,425 [main] DEBUG balancer.ContainerBalancerTask (ContainerBalancerTask.java:lambda$initializeIteration$1(453)) - Datanode localhost-154.48.243.63 0cfe3b58-2983-495a-b8da-705405dc8348 is Over-Utilized.
2023-06-21 17:31:32,425 [main] DEBUG balancer.ContainerBalancerTask (ContainerBalancerTask.java:lambda$initializeIteration$1(453)) - Datanode localhost-201.220.248.60 2c027a12-df31-4c51-8372-a23edbedaaab is Over-Utilized.
2023-06-21 17:31:32,426 [main] DEBUG balancer.ContainerBalancerTask (ContainerBalancerTask.java:lambda$initializeIteration$1(453)) - Datanode localhost-196.17.7.103 72a674cf-0941-4d00-996e-f8a285c3179d is Over-Utilized.
2023-06-21 17:31:32,426 [main] DEBUG balancer.ContainerBalancerTask (ContainerBalancerTask.java:lambda$initializeIteration$1(453)) - Datanode localhost-176.98.143.69 e2efdb82-69fd-4fae-aece-07c23fad3533 is Over-Utilized.
2023-06-21 17:31:32,426 [main] DEBUG balancer.ContainerBalancerTask (ContainerBalancerTask.java:lambda$initializeIteration$1(453)) - Datanode localhost-231.211.248.229 9c5eebd1-855e-42e1-85c8-1f2756c427f3 is Over-Utilized.
2023-06-21 17:31:32,426 [main] DEBUG balancer.ContainerBalancerTask (ContainerBalancerTask.java:lambda$initializeIteration$2(459)) - Datanode localhost-196.244.119.173 251d68a1-00cb-4792-832e-50af96f290ad is Under-Utilized.
2023-06-21 17:31:32,426 [main] DEBUG balancer.ContainerBalancerTask (ContainerBalancerTask.java:lambda$initializeIteration$2(459)) - Datanode localhost-245.150.249.145 03adf71e-358f-422e-906d-65d8221686f2 is Under-Utilized.
2023-06-21 17:31:32,426 [main] DEBUG balancer.ContainerBalancerTask (ContainerBalancerTask.java:lambda$initializeIteration$2(459)) - Datanode localhost-68.14.206.227 c9a711af-54e9-4ed3-9245-0e93b53cefd9 is Under-Utilized.
2023-06-21 17:31:32,428 [main] DEBUG balancer.ContainerBalancerTask (ContainerBalancerTask.java:matchSourceWithTarget(706)) - ContainerBalancer is finding suitable target for source datanode 0cfe3b58-2983-495a-b8da-705405dc8348
2023-06-21 17:31:32,428 [main] INFO  balancer.ContainerBalancerTask (ContainerBalancerTask.java:matchSourceWithTarget(720)) - ContainerBalancer matched source datanode 0cfe3b58-2983-495a-b8da-705405dc8348 with target datanode 251d68a1-00cb-4792-832e-50af96f290ad for container move.
2023-06-21 17:31:32,429 [main] INFO  balancer.ContainerBalancerTask (ContainerBalancerTask.java:processMoveSelection(569)) - ContainerBalancer is trying to move container #89 with size 4294967296B from source datanode 0cfe3b58-2983-495a-b8da-705405dc8348 to target datanode 251d68a1-00cb-4792-832e-50af96f290ad
2023-06-21 17:31:32,429 [main] DEBUG balancer.ContainerBalancerTask (ContainerBalancerTask.java:lambda$moveContainer$3(834)) - Container move completed for container #89 from source 0cfe3b58-2983-495a-b8da-705405dc8348 to target 251d68a1-00cb-4792-832e-50af96f290ad
2023-06-21 17:31:32,429 [main] DEBUG balancer.ContainerBalancerTask (ContainerBalancerTask.java:adaptOnReachingIterationLimits(780)) - Reached max datanodes to involve limit. 2 datanodes have already been selected for balancing and the limit is 2. Only already selected sources and targets can be involved in balancing now.
2023-06-21 17:31:32,431 [main] DEBUG balancer.ContainerBalancerTask (ContainerBalancerTask.java:matchSourceWithTarget(706)) - ContainerBalancer is finding suitable target for source datanode 0cfe3b58-2983-495a-b8da-705405dc8348
2023-06-21 17:31:32,432 [main] INFO  balancer.FindTargetGreedyByUsageInfo (AbstractFindTargetGreedy.java:findTargetForContainerMove(133)) - Container Balancer could not find a target for source datanode 0cfe3b58-2983-495a-b8da-705405dc8348
2023-06-21 17:31:32,432 [main] DEBUG balancer.ContainerBalancerTask (ContainerBalancerTask.java:matchSourceWithTarget(715)) - ContainerBalancer could not find a suitable target for source node 0cfe3b58-2983-495a-b8da-705405dc8348.
2023-06-21 17:31:32,432 [main] INFO  balancer.FindSourceGreedy (FindSourceGreedy.java:getNextCandidateSourceDataNode(126)) - no more candidate source data node
2023-06-21 17:31:32,432 [main] INFO  balancer.ContainerBalancerTask (ContainerBalancerTask.java:checkIterationMoveResults(640)) - Iteration Summary. Number of Datanodes involved: 2. Size moved: 4 GB (4294967296 Bytes). Number of Container moves completed: 1.
2023-06-21 17:31:32,432 [main] INFO  balancer.ContainerBalancerTask (ContainerBalancerTask.java:balance(259)) - Result of this iteration of Container Balancer: ITERATION_COMPLETED
2023-06-21 17:31:32,435 [main] DEBUG balancer.ContainerBalancerTask (ContainerBalancerTask.java:initializeIteration(374)) - Average utilization of the cluster is 0.33494314623358507
2023-06-21 17:31:32,435 [main] DEBUG balancer.ContainerBalancerTask (ContainerBalancerTask.java:initializeIteration(386)) - Lower limit for utilization is 0.23494314623358506 and Upper limit for utilization is 0.4349431462335851
2023-06-21 17:31:32,435 [main] DEBUG balancer.ContainerBalancerTask (ContainerBalancerTask.java:initializeIteration(398)) - Utilization for node 0cfe3b58-2983-495a-b8da-705405dc8348 with capacity 51300998257B, used 46170898432B, and remaining 5130099825B is 0.900000000013645
2023-06-21 17:31:32,435 [main] DEBUG balancer.ContainerBalancerTask (ContainerBalancerTask.java:initializeIteration(398)) - Utilization for node 2c027a12-df31-4c51-8372-a23edbedaaab with capacity 61740154880B, used 49392123904B, and remaining 12348030976B is 0.8
2023-06-21 17:31:32,435 [main] DEBUG balancer.ContainerBalancerTask (ContainerBalancerTask.java:initializeIteration(398)) - Utilization for node 72a674cf-0941-4d00-996e-f8a285c3179d with capacity 81297595245B, used 56908316672B, and remaining 24389278573B is 0.7000000000061503
2023-06-21 17:31:32,436 [main] DEBUG balancer.ContainerBalancerTask (ContainerBalancerTask.java:initializeIteration(398)) - Utilization for node e2efdb82-69fd-4fae-aece-07c23fad3533 with capacity 80530636800B, used 48318382080B, and remaining 32212254720B is 0.6
2023-06-21 17:31:32,436 [main] DEBUG balancer.ContainerBalancerTask (ContainerBalancerTask.java:initializeIteration(398)) - Utilization for node 9c5eebd1-855e-42e1-85c8-1f2756c427f3 with capacity 103079215104B, used 51539607552B, and remaining 51539607552B is 0.5
2023-06-21 17:31:32,436 [main] DEBUG balancer.ContainerBalancerTask (ContainerBalancerTask.java:initializeIteration(398)) - Utilization for node f6906d45-ceae-47d4-a6d0-a54cff93a66f with capacity 99321118720B, used 39728447488B, and remaining 59592671232B is 0.4
2023-06-21 17:31:32,436 [main] DEBUG balancer.ContainerBalancerTask (ContainerBalancerTask.java:initializeIteration(398)) - Utilization for node f37e0b2d-eed1-4505-ab45-5a0d3e51fb0f with capacity 150323855360B, used 45097156608B, and remaining 105226698752B is 0.3
2023-06-21 17:31:32,436 [main] DEBUG balancer.ContainerBalancerTask (ContainerBalancerTask.java:initializeIteration(398)) - Utilization for node c9a711af-54e9-4ed3-9245-0e93b53cefd9 with capacity 144955146240B, used 28991029248B, and remaining 115964116992B is 0.2
2023-06-21 17:31:32,436 [main] DEBUG balancer.ContainerBalancerTask (ContainerBalancerTask.java:initializeIteration(398)) - Utilization for node 03adf71e-358f-422e-906d-65d8221686f2 with capacity 440234147840B, used 44023414784B, and remaining 396210733056B is 0.1
2023-06-21 17:31:32,436 [main] DEBUG balancer.ContainerBalancerTask (ContainerBalancerTask.java:initializeIteration(398)) - Utilization for node 251d68a1-00cb-4792-832e-50af96f290ad with capacity 11811160064B, used 0B, and remaining 11811160064B is 0.0
2023-06-21 17:31:32,436 [main] INFO  balancer.ContainerBalancerTask (ContainerBalancerTask.java:initializeIteration(447)) - Container Balancer has identified 5 Over-Utilized and 3 Under-Utilized Datanodes that need to be balanced.
2023-06-21 17:31:32,436 [main] DEBUG balancer.ContainerBalancerTask (ContainerBalancerTask.java:lambda$initializeIteration$1(453)) - Datanode localhost-154.48.243.63 0cfe3b58-2983-495a-b8da-705405dc8348 is Over-Utilized.
2023-06-21 17:31:32,436 [main] DEBUG balancer.ContainerBalancerTask (ContainerBalancerTask.java:lambda$initializeIteration$1(453)) - Datanode localhost-201.220.248.60 2c027a12-df31-4c51-8372-a23edbedaaab is Over-Utilized.
2023-06-21 17:31:32,436 [main] DEBUG balancer.ContainerBalancerTask (ContainerBalancerTask.java:lambda$initializeIteration$1(453)) - Datanode localhost-196.17.7.103 72a674cf-0941-4d00-996e-f8a285c3179d is Over-Utilized.
2023-06-21 17:31:32,436 [main] DEBUG balancer.ContainerBalancerTask (ContainerBalancerTask.java:lambda$initializeIteration$1(453)) - Datanode localhost-176.98.143.69 e2efdb82-69fd-4fae-aece-07c23fad3533 is Over-Utilized.
2023-06-21 17:31:32,437 [main] DEBUG balancer.ContainerBalancerTask (ContainerBalancerTask.java:lambda$initializeIteration$1(453)) - Datanode localhost-231.211.248.229 9c5eebd1-855e-42e1-85c8-1f2756c427f3 is Over-Utilized.
2023-06-21 17:31:32,437 [main] DEBUG balancer.ContainerBalancerTask (ContainerBalancerTask.java:lambda$initializeIteration$2(459)) - Datanode localhost-196.244.119.173 251d68a1-00cb-4792-832e-50af96f290ad is Under-Utilized.
2023-06-21 17:31:32,437 [main] DEBUG balancer.ContainerBalancerTask (ContainerBalancerTask.java:lambda$initializeIteration$2(459)) - Datanode localhost-245.150.249.145 03adf71e-358f-422e-906d-65d8221686f2 is Under-Utilized.
2023-06-21 17:31:32,437 [main] DEBUG balancer.ContainerBalancerTask (ContainerBalancerTask.java:lambda$initializeIteration$2(459)) - Datanode localhost-68.14.206.227 c9a711af-54e9-4ed3-9245-0e93b53cefd9 is Under-Utilized.
2023-06-21 17:31:32,439 [main] DEBUG balancer.ContainerBalancerTask (ContainerBalancerTask.java:matchSourceWithTarget(706)) - ContainerBalancer is finding suitable target for source datanode 0cfe3b58-2983-495a-b8da-705405dc8348
2023-06-21 17:31:32,439 [main] INFO  balancer.ContainerBalancerTask (ContainerBalancerTask.java:matchSourceWithTarget(720)) - ContainerBalancer matched source datanode 0cfe3b58-2983-495a-b8da-705405dc8348 with target datanode 251d68a1-00cb-4792-832e-50af96f290ad for container move.
2023-06-21 17:31:32,439 [main] INFO  balancer.ContainerBalancerTask (ContainerBalancerTask.java:processMoveSelection(569)) - ContainerBalancer is trying to move container #89 with size 4294967296B from source datanode 0cfe3b58-2983-495a-b8da-705405dc8348 to target datanode 251d68a1-00cb-4792-832e-50af96f290ad
2023-06-21 17:31:32,440 [main] DEBUG balancer.ContainerBalancerTask (ContainerBalancerTask.java:lambda$moveContainer$3(834)) - Container move completed for container #89 from source 0cfe3b58-2983-495a-b8da-705405dc8348 to target 251d68a1-00cb-4792-832e-50af96f290ad
2023-06-21 17:31:32,441 [main] DEBUG balancer.ContainerBalancerTask (ContainerBalancerTask.java:adaptOnReachingIterationLimits(780)) - Reached max datanodes to involve limit. 2 datanodes have already been selected for balancing and the limit is 2. Only already selected sources and targets can be involved in balancing now.
2023-06-21 17:31:32,442 [main] DEBUG balancer.ContainerBalancerTask (ContainerBalancerTask.java:matchSourceWithTarget(706)) - ContainerBalancer is finding suitable target for source datanode 0cfe3b58-2983-495a-b8da-705405dc8348
2023-06-21 17:31:32,443 [main] INFO  balancer.FindTargetGreedyByUsageInfo (AbstractFindTargetGreedy.java:findTargetForContainerMove(133)) - Container Balancer could not find a target for source datanode 0cfe3b58-2983-495a-b8da-705405dc8348
2023-06-21 17:31:32,443 [main] DEBUG balancer.ContainerBalancerTask (ContainerBalancerTask.java:matchSourceWithTarget(715)) - ContainerBalancer could not find a suitable target for source node 0cfe3b58-2983-495a-b8da-705405dc8348.
2023-06-21 17:31:32,443 [main] INFO  balancer.FindSourceGreedy (FindSourceGreedy.java:getNextCandidateSourceDataNode(126)) - no more candidate source data node
2023-06-21 17:31:32,443 [main] INFO  balancer.ContainerBalancerTask (ContainerBalancerTask.java:checkIterationMoveResults(640)) - Iteration Summary. Number of Datanodes involved: 2. Size moved: 4 GB (4294967296 Bytes). Number of Container moves completed: 1.
2023-06-21 17:31:32,444 [main] INFO  balancer.ContainerBalancerTask (ContainerBalancerTask.java:balance(259)) - Result of this iteration of Container Balancer: ITERATION_COMPLETED
2023-06-21 17:31:32,446 [main] DEBUG balancer.ContainerBalancerTask (ContainerBalancerTask.java:initializeIteration(374)) - Average utilization of the cluster is 0.33494314623358507
2023-06-21 17:31:32,446 [main] DEBUG balancer.ContainerBalancerTask (ContainerBalancerTask.java:initializeIteration(386)) - Lower limit for utilization is 0.23494314623358506 and Upper limit for utilization is 0.4349431462335851
2023-06-21 17:31:32,446 [main] DEBUG balancer.ContainerBalancerTask (ContainerBalancerTask.java:initializeIteration(398)) - Utilization for node 0cfe3b58-2983-495a-b8da-705405dc8348 with capacity 51300998257B, used 46170898432B, and remaining 5130099825B is 0.900000000013645
2023-06-21 17:31:32,446 [main] DEBUG balancer.ContainerBalancerTask (ContainerBalancerTask.java:initializeIteration(398)) - Utilization for node 2c027a12-df31-4c51-8372-a23edbedaaab with capacity 61740154880B, used 49392123904B, and remaining 12348030976B is 0.8
2023-06-21 17:31:32,446 [main] DEBUG balancer.ContainerBalancerTask (ContainerBalancerTask.java:initializeIteration(398)) - Utilization for node 72a674cf-0941-4d00-996e-f8a285c3179d with capacity 81297595245B, used 56908316672B, and remaining 24389278573B is 0.7000000000061503
2023-06-21 17:31:32,447 [main] DEBUG balancer.ContainerBalancerTask (ContainerBalancerTask.java:initializeIteration(398)) - Utilization for node e2efdb82-69fd-4fae-aece-07c23fad3533 with capacity 80530636800B, used 48318382080B, and remaining 32212254720B is 0.6
2023-06-21 17:31:32,447 [main] DEBUG balancer.ContainerBalancerTask (ContainerBalancerTask.java:initializeIteration(398)) - Utilization for node 9c5eebd1-855e-42e1-85c8-1f2756c427f3 with capacity 103079215104B, used 51539607552B, and remaining 51539607552B is 0.5
2023-06-21 17:31:32,447 [main] DEBUG balancer.ContainerBalancerTask (ContainerBalancerTask.java:initializeIteration(398)) - Utilization for node f6906d45-ceae-47d4-a6d0-a54cff93a66f with capacity 99321118720B, used 39728447488B, and remaining 59592671232B is 0.4
2023-06-21 17:31:32,447 [main] DEBUG balancer.ContainerBalancerTask (ContainerBalancerTask.java:initializeIteration(398)) - Utilization for node f37e0b2d-eed1-4505-ab45-5a0d3e51fb0f with capacity 150323855360B, used 45097156608B, and remaining 105226698752B is 0.3
2023-06-21 17:31:32,447 [main] DEBUG balancer.ContainerBalancerTask (ContainerBalancerTask.java:initializeIteration(398)) - Utilization for node c9a711af-54e9-4ed3-9245-0e93b53cefd9 with capacity 144955146240B, used 28991029248B, and remaining 115964116992B is 0.2
2023-06-21 17:31:32,447 [main] DEBUG balancer.ContainerBalancerTask (ContainerBalancerTask.java:initializeIteration(398)) - Utilization for node 03adf71e-358f-422e-906d-65d8221686f2 with capacity 440234147840B, used 44023414784B, and remaining 396210733056B is 0.1
2023-06-21 17:31:32,447 [main] DEBUG balancer.ContainerBalancerTask (ContainerBalancerTask.java:initializeIteration(398)) - Utilization for node 251d68a1-00cb-4792-832e-50af96f290ad with capacity 11811160064B, used 0B, and remaining 11811160064B is 0.0
2023-06-21 17:31:32,447 [main] INFO  balancer.ContainerBalancerTask (ContainerBalancerTask.java:initializeIteration(447)) - Container Balancer has identified 5 Over-Utilized and 3 Under-Utilized Datanodes that need to be balanced.
2023-06-21 17:31:32,447 [main] DEBUG balancer.ContainerBalancerTask (ContainerBalancerTask.java:lambda$initializeIteration$1(453)) - Datanode localhost-154.48.243.63 0cfe3b58-2983-495a-b8da-705405dc8348 is Over-Utilized.
2023-06-21 17:31:32,447 [main] DEBUG balancer.ContainerBalancerTask (ContainerBalancerTask.java:lambda$initializeIteration$1(453)) - Datanode localhost-201.220.248.60 2c027a12-df31-4c51-8372-a23edbedaaab is Over-Utilized.
2023-06-21 17:31:32,447 [main] DEBUG balancer.ContainerBalancerTask (ContainerBalancerTask.java:lambda$initializeIteration$1(453)) - Datanode localhost-196.17.7.103 72a674cf-0941-4d00-996e-f8a285c3179d is Over-Utilized.
2023-06-21 17:31:32,448 [main] DEBUG balancer.ContainerBalancerTask (ContainerBalancerTask.java:lambda$initializeIteration$1(453)) - Datanode localhost-176.98.143.69 e2efdb82-69fd-4fae-aece-07c23fad3533 is Over-Utilized.
2023-06-21 17:31:32,448 [main] DEBUG balancer.ContainerBalancerTask (ContainerBalancerTask.java:lambda$initializeIteration$1(453)) - Datanode localhost-231.211.248.229 9c5eebd1-855e-42e1-85c8-1f2756c427f3 is Over-Utilized.
2023-06-21 17:31:32,448 [main] DEBUG balancer.ContainerBalancerTask (ContainerBalancerTask.java:lambda$initializeIteration$2(459)) - Datanode localhost-196.244.119.173 251d68a1-00cb-4792-832e-50af96f290ad is Under-Utilized.
2023-06-21 17:31:32,448 [main] DEBUG balancer.ContainerBalancerTask (ContainerBalancerTask.java:lambda$initializeIteration$2(459)) - Datanode localhost-245.150.249.145 03adf71e-358f-422e-906d-65d8221686f2 is Under-Utilized.
2023-06-21 17:31:32,448 [main] DEBUG balancer.ContainerBalancerTask (ContainerBalancerTask.java:lambda$initializeIteration$2(459)) - Datanode localhost-68.14.206.227 c9a711af-54e9-4ed3-9245-0e93b53cefd9 is Under-Utilized.
2023-06-21 17:31:32,450 [main] DEBUG balancer.ContainerBalancerTask (ContainerBalancerTask.java:matchSourceWithTarget(706)) - ContainerBalancer is finding suitable target for source datanode 0cfe3b58-2983-495a-b8da-705405dc8348
2023-06-21 17:31:32,450 [main] INFO  balancer.ContainerBalancerTask (ContainerBalancerTask.java:matchSourceWithTarget(720)) - ContainerBalancer matched source datanode 0cfe3b58-2983-495a-b8da-705405dc8348 with target datanode 251d68a1-00cb-4792-832e-50af96f290ad for container move.
2023-06-21 17:31:32,451 [main] INFO  balancer.ContainerBalancerTask (ContainerBalancerTask.java:processMoveSelection(569)) - ContainerBalancer is trying to move container #89 with size 4294967296B from source datanode 0cfe3b58-2983-495a-b8da-705405dc8348 to target datanode 251d68a1-00cb-4792-832e-50af96f290ad
2023-06-21 17:31:32,451 [main] DEBUG balancer.ContainerBalancerTask (ContainerBalancerTask.java:lambda$moveContainer$3(834)) - Container move completed for container #89 from source 0cfe3b58-2983-495a-b8da-705405dc8348 to target 251d68a1-00cb-4792-832e-50af96f290ad
2023-06-21 17:31:32,451 [main] DEBUG balancer.ContainerBalancerTask (ContainerBalancerTask.java:adaptOnReachingIterationLimits(780)) - Reached max datanodes to involve limit. 2 datanodes have already been selected for balancing and the limit is 2. Only already selected sources and targets can be involved in balancing now.
2023-06-21 17:31:32,453 [main] DEBUG balancer.ContainerBalancerTask (ContainerBalancerTask.java:matchSourceWithTarget(706)) - ContainerBalancer is finding suitable target for source datanode 0cfe3b58-2983-495a-b8da-705405dc8348
2023-06-21 17:31:32,453 [main] INFO  balancer.FindTargetGreedyByUsageInfo (AbstractFindTargetGreedy.java:findTargetForContainerMove(133)) - Container Balancer could not find a target for source datanode 0cfe3b58-2983-495a-b8da-705405dc8348
2023-06-21 17:31:32,453 [main] DEBUG balancer.ContainerBalancerTask (ContainerBalancerTask.java:matchSourceWithTarget(715)) - ContainerBalancer could not find a suitable target for source node 0cfe3b58-2983-495a-b8da-705405dc8348.
2023-06-21 17:31:32,453 [main] INFO  balancer.FindSourceGreedy (FindSourceGreedy.java:getNextCandidateSourceDataNode(126)) - no more candidate source data node
2023-06-21 17:31:32,454 [main] INFO  balancer.ContainerBalancerTask (ContainerBalancerTask.java:checkIterationMoveResults(640)) - Iteration Summary. Number of Datanodes involved: 2. Size moved: 4 GB (4294967296 Bytes). Number of Container moves completed: 1.
2023-06-21 17:31:32,454 [main] INFO  balancer.ContainerBalancerTask (ContainerBalancerTask.java:balance(259)) - Result of this iteration of Container Balancer: ITERATION_COMPLETED
2023-06-21 17:31:32,456 [main] DEBUG balancer.ContainerBalancerTask (ContainerBalancerTask.java:initializeIteration(374)) - Average utilization of the cluster is 0.33494314623358507
2023-06-21 17:31:32,456 [main] DEBUG balancer.ContainerBalancerTask (ContainerBalancerTask.java:initializeIteration(386)) - Lower limit for utilization is 0.23494314623358506 and Upper limit for utilization is 0.4349431462335851
2023-06-21 17:31:32,456 [main] DEBUG balancer.ContainerBalancerTask (ContainerBalancerTask.java:initializeIteration(398)) - Utilization for node 0cfe3b58-2983-495a-b8da-705405dc8348 with capacity 51300998257B, used 46170898432B, and remaining 5130099825B is 0.900000000013645
2023-06-21 17:31:32,456 [main] DEBUG balancer.ContainerBalancerTask (ContainerBalancerTask.java:initializeIteration(398)) - Utilization for node 2c027a12-df31-4c51-8372-a23edbedaaab with capacity 61740154880B, used 49392123904B, and remaining 12348030976B is 0.8
2023-06-21 17:31:32,456 [main] DEBUG balancer.ContainerBalancerTask (ContainerBalancerTask.java:initializeIteration(398)) - Utilization for node 72a674cf-0941-4d00-996e-f8a285c3179d with capacity 81297595245B, used 56908316672B, and remaining 24389278573B is 0.7000000000061503
2023-06-21 17:31:32,456 [main] DEBUG balancer.ContainerBalancerTask (ContainerBalancerTask.java:initializeIteration(398)) - Utilization for node e2efdb82-69fd-4fae-aece-07c23fad3533 with capacity 80530636800B, used 48318382080B, and remaining 32212254720B is 0.6
2023-06-21 17:31:32,457 [main] DEBUG balancer.ContainerBalancerTask (ContainerBalancerTask.java:initializeIteration(398)) - Utilization for node 9c5eebd1-855e-42e1-85c8-1f2756c427f3 with capacity 103079215104B, used 51539607552B, and remaining 51539607552B is 0.5
2023-06-21 17:31:32,457 [main] DEBUG balancer.ContainerBalancerTask (ContainerBalancerTask.java:initializeIteration(398)) - Utilization for node f6906d45-ceae-47d4-a6d0-a54cff93a66f with capacity 99321118720B, used 39728447488B, and remaining 59592671232B is 0.4
2023-06-21 17:31:32,457 [main] DEBUG balancer.ContainerBalancerTask (ContainerBalancerTask.java:initializeIteration(398)) - Utilization for node f37e0b2d-eed1-4505-ab45-5a0d3e51fb0f with capacity 150323855360B, used 45097156608B, and remaining 105226698752B is 0.3
2023-06-21 17:31:32,457 [main] DEBUG balancer.ContainerBalancerTask (ContainerBalancerTask.java:initializeIteration(398)) - Utilization for node c9a711af-54e9-4ed3-9245-0e93b53cefd9 with capacity 144955146240B, used 28991029248B, and remaining 115964116992B is 0.2
2023-06-21 17:31:32,457 [main] DEBUG balancer.ContainerBalancerTask (ContainerBalancerTask.java:initializeIteration(398)) - Utilization for node 03adf71e-358f-422e-906d-65d8221686f2 with capacity 440234147840B, used 44023414784B, and remaining 396210733056B is 0.1
2023-06-21 17:31:32,457 [main] DEBUG balancer.ContainerBalancerTask (ContainerBalancerTask.java:initializeIteration(398)) - Utilization for node 251d68a1-00cb-4792-832e-50af96f290ad with capacity 11811160064B, used 0B, and remaining 11811160064B is 0.0
2023-06-21 17:31:32,457 [main] INFO  balancer.ContainerBalancerTask (ContainerBalancerTask.java:initializeIteration(447)) - Container Balancer has identified 5 Over-Utilized and 3 Under-Utilized Datanodes that need to be balanced.
2023-06-21 17:31:32,458 [main] DEBUG balancer.ContainerBalancerTask (ContainerBalancerTask.java:lambda$initializeIteration$1(453)) - Datanode localhost-154.48.243.63 0cfe3b58-2983-495a-b8da-705405dc8348 is Over-Utilized.
2023-06-21 17:31:32,458 [main] DEBUG balancer.ContainerBalancerTask (ContainerBalancerTask.java:lambda$initializeIteration$1(453)) - Datanode localhost-201.220.248.60 2c027a12-df31-4c51-8372-a23edbedaaab is Over-Utilized.
2023-06-21 17:31:32,458 [main] DEBUG balancer.ContainerBalancerTask (ContainerBalancerTask.java:lambda$initializeIteration$1(453)) - Datanode localhost-196.17.7.103 72a674cf-0941-4d00-996e-f8a285c3179d is Over-Utilized.
2023-06-21 17:31:32,458 [main] DEBUG balancer.ContainerBalancerTask (ContainerBalancerTask.java:lambda$initializeIteration$1(453)) - Datanode localhost-176.98.143.69 e2efdb82-69fd-4fae-aece-07c23fad3533 is Over-Utilized.
2023-06-21 17:31:32,458 [main] DEBUG balancer.ContainerBalancerTask (ContainerBalancerTask.java:lambda$initializeIteration$1(453)) - Datanode localhost-231.211.248.229 9c5eebd1-855e-42e1-85c8-1f2756c427f3 is Over-Utilized.
2023-06-21 17:31:32,458 [main] DEBUG balancer.ContainerBalancerTask (ContainerBalancerTask.java:lambda$initializeIteration$2(459)) - Datanode localhost-196.244.119.173 251d68a1-00cb-4792-832e-50af96f290ad is Under-Utilized.
2023-06-21 17:31:32,458 [main] DEBUG balancer.ContainerBalancerTask (ContainerBalancerTask.java:lambda$initializeIteration$2(459)) - Datanode localhost-245.150.249.145 03adf71e-358f-422e-906d-65d8221686f2 is Under-Utilized.
2023-06-21 17:31:32,458 [main] DEBUG balancer.ContainerBalancerTask (ContainerBalancerTask.java:lambda$initializeIteration$2(459)) - Datanode localhost-68.14.206.227 c9a711af-54e9-4ed3-9245-0e93b53cefd9 is Under-Utilized.
2023-06-21 17:31:32,460 [main] DEBUG balancer.ContainerBalancerTask (ContainerBalancerTask.java:matchSourceWithTarget(706)) - ContainerBalancer is finding suitable target for source datanode 0cfe3b58-2983-495a-b8da-705405dc8348
2023-06-21 17:31:32,461 [main] INFO  balancer.ContainerBalancerTask (ContainerBalancerTask.java:matchSourceWithTarget(720)) - ContainerBalancer matched source datanode 0cfe3b58-2983-495a-b8da-705405dc8348 with target datanode 251d68a1-00cb-4792-832e-50af96f290ad for container move.
2023-06-21 17:31:32,461 [main] INFO  balancer.ContainerBalancerTask (ContainerBalancerTask.java:processMoveSelection(569)) - ContainerBalancer is trying to move container #89 with size 4294967296B from source datanode 0cfe3b58-2983-495a-b8da-705405dc8348 to target datanode 251d68a1-00cb-4792-832e-50af96f290ad
2023-06-21 17:31:32,461 [main] DEBUG balancer.ContainerBalancerTask (ContainerBalancerTask.java:lambda$moveContainer$3(834)) - Container move completed for container #89 from source 0cfe3b58-2983-495a-b8da-705405dc8348 to target 251d68a1-00cb-4792-832e-50af96f290ad
2023-06-21 17:31:32,461 [main] DEBUG balancer.ContainerBalancerTask (ContainerBalancerTask.java:adaptOnReachingIterationLimits(780)) - Reached max datanodes to involve limit. 2 datanodes have already been selected for balancing and the limit is 2. Only already selected sources and targets can be involved in balancing now.
2023-06-21 17:31:32,463 [main] DEBUG balancer.ContainerBalancerTask (ContainerBalancerTask.java:matchSourceWithTarget(706)) - ContainerBalancer is finding suitable target for source datanode 0cfe3b58-2983-495a-b8da-705405dc8348
2023-06-21 17:31:32,464 [main] INFO  balancer.FindTargetGreedyByUsageInfo (AbstractFindTargetGreedy.java:findTargetForContainerMove(133)) - Container Balancer could not find a target for source datanode 0cfe3b58-2983-495a-b8da-705405dc8348
2023-06-21 17:31:32,464 [main] DEBUG balancer.ContainerBalancerTask (ContainerBalancerTask.java:matchSourceWithTarget(715)) - ContainerBalancer could not find a suitable target for source node 0cfe3b58-2983-495a-b8da-705405dc8348.
2023-06-21 17:31:32,464 [main] INFO  balancer.FindSourceGreedy (FindSourceGreedy.java:getNextCandidateSourceDataNode(126)) - no more candidate source data node
2023-06-21 17:31:32,464 [main] INFO  balancer.ContainerBalancerTask (ContainerBalancerTask.java:checkIterationMoveResults(640)) - Iteration Summary. Number of Datanodes involved: 2. Size moved: 4 GB (4294967296 Bytes). Number of Container moves completed: 1.
2023-06-21 17:31:32,464 [main] INFO  balancer.ContainerBalancerTask (ContainerBalancerTask.java:balance(259)) - Result of this iteration of Container Balancer: ITERATION_COMPLETED
2023-06-21 17:31:32,467 [main] DEBUG balancer.ContainerBalancerTask (ContainerBalancerTask.java:initializeIteration(374)) - Average utilization of the cluster is 0.33494314623358507
2023-06-21 17:31:32,467 [main] DEBUG balancer.ContainerBalancerTask (ContainerBalancerTask.java:initializeIteration(386)) - Lower limit for utilization is 0.23494314623358506 and Upper limit for utilization is 0.4349431462335851
2023-06-21 17:31:32,467 [main] DEBUG balancer.ContainerBalancerTask (ContainerBalancerTask.java:initializeIteration(398)) - Utilization for node 0cfe3b58-2983-495a-b8da-705405dc8348 with capacity 51300998257B, used 46170898432B, and remaining 5130099825B is 0.900000000013645
2023-06-21 17:31:32,467 [main] DEBUG balancer.ContainerBalancerTask (ContainerBalancerTask.java:initializeIteration(398)) - Utilization for node 2c027a12-df31-4c51-8372-a23edbedaaab with capacity 61740154880B, used 49392123904B, and remaining 12348030976B is 0.8
2023-06-21 17:31:32,467 [main] DEBUG balancer.ContainerBalancerTask (ContainerBalancerTask.java:initializeIteration(398)) - Utilization for node 72a674cf-0941-4d00-996e-f8a285c3179d with capacity 81297595245B, used 56908316672B, and remaining 24389278573B is 0.7000000000061503
2023-06-21 17:31:32,467 [main] DEBUG balancer.ContainerBalancerTask (ContainerBalancerTask.java:initializeIteration(398)) - Utilization for node e2efdb82-69fd-4fae-aece-07c23fad3533 with capacity 80530636800B, used 48318382080B, and remaining 32212254720B is 0.6
2023-06-21 17:31:32,467 [main] DEBUG balancer.ContainerBalancerTask (ContainerBalancerTask.java:initializeIteration(398)) - Utilization for node 9c5eebd1-855e-42e1-85c8-1f2756c427f3 with capacity 103079215104B, used 51539607552B, and remaining 51539607552B is 0.5
2023-06-21 17:31:32,467 [main] DEBUG balancer.ContainerBalancerTask (ContainerBalancerTask.java:initializeIteration(398)) - Utilization for node f6906d45-ceae-47d4-a6d0-a54cff93a66f with capacity 99321118720B, used 39728447488B, and remaining 59592671232B is 0.4
2023-06-21 17:31:32,467 [main] DEBUG balancer.ContainerBalancerTask (ContainerBalancerTask.java:initializeIteration(398)) - Utilization for node f37e0b2d-eed1-4505-ab45-5a0d3e51fb0f with capacity 150323855360B, used 45097156608B, and remaining 105226698752B is 0.3
2023-06-21 17:31:32,467 [main] DEBUG balancer.ContainerBalancerTask (ContainerBalancerTask.java:initializeIteration(398)) - Utilization for node c9a711af-54e9-4ed3-9245-0e93b53cefd9 with capacity 144955146240B, used 28991029248B, and remaining 115964116992B is 0.2
2023-06-21 17:31:32,467 [main] DEBUG balancer.ContainerBalancerTask (ContainerBalancerTask.java:initializeIteration(398)) - Utilization for node 03adf71e-358f-422e-906d-65d8221686f2 with capacity 440234147840B, used 44023414784B, and remaining 396210733056B is 0.1
2023-06-21 17:31:32,468 [main] DEBUG balancer.ContainerBalancerTask (ContainerBalancerTask.java:initializeIteration(398)) - Utilization for node 251d68a1-00cb-4792-832e-50af96f290ad with capacity 11811160064B, used 0B, and remaining 11811160064B is 0.0
2023-06-21 17:31:32,468 [main] INFO  balancer.ContainerBalancerTask (ContainerBalancerTask.java:initializeIteration(447)) - Container Balancer has identified 5 Over-Utilized and 3 Under-Utilized Datanodes that need to be balanced.
2023-06-21 17:31:32,468 [main] DEBUG balancer.ContainerBalancerTask (ContainerBalancerTask.java:lambda$initializeIteration$1(453)) - Datanode localhost-154.48.243.63 0cfe3b58-2983-495a-b8da-705405dc8348 is Over-Utilized.
2023-06-21 17:31:32,468 [main] DEBUG balancer.ContainerBalancerTask (ContainerBalancerTask.java:lambda$initializeIteration$1(453)) - Datanode localhost-201.220.248.60 2c027a12-df31-4c51-8372-a23edbedaaab is Over-Utilized.
2023-06-21 17:31:32,468 [main] DEBUG balancer.ContainerBalancerTask (ContainerBalancerTask.java:lambda$initializeIteration$1(453)) - Datanode localhost-196.17.7.103 72a674cf-0941-4d00-996e-f8a285c3179d is Over-Utilized.
2023-06-21 17:31:32,469 [main] DEBUG balancer.ContainerBalancerTask (ContainerBalancerTask.java:lambda$initializeIteration$1(453)) - Datanode localhost-176.98.143.69 e2efdb82-69fd-4fae-aece-07c23fad3533 is Over-Utilized.
2023-06-21 17:31:32,469 [main] DEBUG balancer.ContainerBalancerTask (ContainerBalancerTask.java:lambda$initializeIteration$1(453)) - Datanode localhost-231.211.248.229 9c5eebd1-855e-42e1-85c8-1f2756c427f3 is Over-Utilized.
2023-06-21 17:31:32,470 [main] DEBUG balancer.ContainerBalancerTask (ContainerBalancerTask.java:lambda$initializeIteration$2(459)) - Datanode localhost-196.244.119.173 251d68a1-00cb-4792-832e-50af96f290ad is Under-Utilized.
2023-06-21 17:31:32,470 [main] DEBUG balancer.ContainerBalancerTask (ContainerBalancerTask.java:lambda$initializeIteration$2(459)) - Datanode localhost-245.150.249.145 03adf71e-358f-422e-906d-65d8221686f2 is Under-Utilized.
2023-06-21 17:31:32,470 [main] DEBUG balancer.ContainerBalancerTask (ContainerBalancerTask.java:lambda$initializeIteration$2(459)) - Datanode localhost-68.14.206.227 c9a711af-54e9-4ed3-9245-0e93b53cefd9 is Under-Utilized.
2023-06-21 17:31:32,471 [main] DEBUG balancer.ContainerBalancerTask (ContainerBalancerTask.java:matchSourceWithTarget(706)) - ContainerBalancer is finding suitable target for source datanode 0cfe3b58-2983-495a-b8da-705405dc8348
2023-06-21 17:31:32,472 [main] INFO  balancer.ContainerBalancerTask (ContainerBalancerTask.java:matchSourceWithTarget(720)) - ContainerBalancer matched source datanode 0cfe3b58-2983-495a-b8da-705405dc8348 with target datanode 251d68a1-00cb-4792-832e-50af96f290ad for container move.
2023-06-21 17:31:32,472 [main] INFO  balancer.ContainerBalancerTask (ContainerBalancerTask.java:processMoveSelection(569)) - ContainerBalancer is trying to move container #89 with size 4294967296B from source datanode 0cfe3b58-2983-495a-b8da-705405dc8348 to target datanode 251d68a1-00cb-4792-832e-50af96f290ad
2023-06-21 17:31:32,472 [main] DEBUG balancer.ContainerBalancerTask (ContainerBalancerTask.java:lambda$moveContainer$3(834)) - Container move completed for container #89 from source 0cfe3b58-2983-495a-b8da-705405dc8348 to target 251d68a1-00cb-4792-832e-50af96f290ad
2023-06-21 17:31:32,472 [main] DEBUG balancer.ContainerBalancerTask (ContainerBalancerTask.java:adaptOnReachingIterationLimits(780)) - Reached max datanodes to involve limit. 2 datanodes have already been selected for balancing and the limit is 2. Only already selected sources and targets can be involved in balancing now.
2023-06-21 17:31:32,474 [main] DEBUG balancer.ContainerBalancerTask (ContainerBalancerTask.java:matchSourceWithTarget(706)) - ContainerBalancer is finding suitable target for source datanode 0cfe3b58-2983-495a-b8da-705405dc8348
2023-06-21 17:31:32,475 [main] INFO  balancer.FindTargetGreedyByUsageInfo (AbstractFindTargetGreedy.java:findTargetForContainerMove(133)) - Container Balancer could not find a target for source datanode 0cfe3b58-2983-495a-b8da-705405dc8348
2023-06-21 17:31:32,475 [main] DEBUG balancer.ContainerBalancerTask (ContainerBalancerTask.java:matchSourceWithTarget(715)) - ContainerBalancer could not find a suitable target for source node 0cfe3b58-2983-495a-b8da-705405dc8348.
2023-06-21 17:31:32,475 [main] INFO  balancer.FindSourceGreedy (FindSourceGreedy.java:getNextCandidateSourceDataNode(126)) - no more candidate source data node
2023-06-21 17:31:32,475 [main] INFO  balancer.ContainerBalancerTask (ContainerBalancerTask.java:checkIterationMoveResults(640)) - Iteration Summary. Number of Datanodes involved: 2. Size moved: 4 GB (4294967296 Bytes). Number of Container moves completed: 1.
2023-06-21 17:31:32,475 [main] INFO  balancer.ContainerBalancerTask (ContainerBalancerTask.java:balance(259)) - Result of this iteration of Container Balancer: ITERATION_COMPLETED
2023-06-21 17:31:32,475 [main] INFO  balancer.ContainerBalancerTask (ContainerBalancerTask.java:tryStopWithSaveConfiguration(308)) - Save Configuration for stopping. Reason: Completed all iterations.
]]></system-out>
  </testcase>
  <testcase name="checkIterationResult" classname="org.apache.hadoop.hdds.scm.container.balancer.TestContainerBalancerTask" time="0.124">
    <system-out><![CDATA[2023-06-21 17:31:32,506 [main] INFO  net.NodeSchemaLoader (NodeSchemaLoader.java:loadSchemaFromFile(129)) - Loading schema from [file:/home/runner/work/ozone/ozone/hadoop-hdds/common/target/classes/network-topology-default.xml]
2023-06-21 17:31:32,506 [main] INFO  net.NodeSchemaLoader (NodeSchemaLoader.java:loadSchema(176)) - Loading network topology layer schema file
2023-06-21 17:31:32,511 [main] INFO  net.NetworkTopologyImpl (NetworkTopologyImpl.java:add(112)) - Added a new node: /default-rack/088244e3-26ae-4e43-a875-1ac45befb762
2023-06-21 17:31:32,511 [main] INFO  net.NetworkTopologyImpl (NetworkTopologyImpl.java:add(112)) - Added a new node: /default-rack/4cdcf5f9-dc1d-42a4-9364-f1fe4de1fe46
2023-06-21 17:31:32,511 [main] INFO  net.NetworkTopologyImpl (NetworkTopologyImpl.java:add(112)) - Added a new node: /default-rack/6785b003-56c8-4ca1-b00e-4621322154b3
2023-06-21 17:31:32,511 [main] INFO  net.NetworkTopologyImpl (NetworkTopologyImpl.java:add(112)) - Added a new node: /default-rack/1b163021-d3d1-4eae-8438-882d509bb205
2023-06-21 17:31:32,512 [main] INFO  net.NetworkTopologyImpl (NetworkTopologyImpl.java:add(112)) - Added a new node: /default-rack/0616eaa2-5fca-4e67-b845-0fcf5e4ec7ba
2023-06-21 17:31:32,512 [main] INFO  net.NetworkTopologyImpl (NetworkTopologyImpl.java:add(112)) - Added a new node: /default-rack/0f3196c4-c6ba-4e08-8b35-b128b572a3f1
2023-06-21 17:31:32,512 [main] INFO  net.NetworkTopologyImpl (NetworkTopologyImpl.java:add(112)) - Added a new node: /default-rack/04d56e69-485a-4130-b1b7-f73792652728
2023-06-21 17:31:32,514 [main] INFO  net.NetworkTopologyImpl (NetworkTopologyImpl.java:add(112)) - Added a new node: /default-rack/210e68f2-5545-4237-b6d3-f8c183e97a69
2023-06-21 17:31:32,514 [main] INFO  net.NetworkTopologyImpl (NetworkTopologyImpl.java:add(112)) - Added a new node: /default-rack/cb291251-781d-442f-a213-d6d811f95775
2023-06-21 17:31:32,514 [main] INFO  net.NetworkTopologyImpl (NetworkTopologyImpl.java:add(112)) - Added a new node: /default-rack/6cb45968-a977-4106-9fa1-33a4812d365b
2023-06-21 17:31:32,514 [main] INFO  algorithms.ContainerPlacementPolicyFactory (ContainerPlacementPolicyFactory.java:getPolicyInternal(86)) - Create container placement policy of type org.apache.hadoop.hdds.scm.container.placement.algorithms.SCMContainerPlacementRackAware
2023-06-21 17:31:32,514 [main] INFO  algorithms.ContainerPlacementPolicyFactory (ContainerPlacementPolicyFactory.java:getPolicyInternal(86)) - Create container placement policy of type org.apache.hadoop.hdds.scm.container.placement.algorithms.SCMContainerPlacementRackScatter
2023-06-21 17:31:32,522 [main] DEBUG balancer.ContainerBalancerTask (ContainerBalancerTask.java:initializeIteration(374)) - Average utilization of the cluster is 0.3656832120250116
2023-06-21 17:31:32,522 [main] DEBUG balancer.ContainerBalancerTask (ContainerBalancerTask.java:initializeIteration(386)) - Lower limit for utilization is 0.26568321202501155 and Upper limit for utilization is 0.4656832120250116
2023-06-21 17:31:32,522 [main] DEBUG balancer.ContainerBalancerTask (ContainerBalancerTask.java:initializeIteration(398)) - Utilization for node cb291251-781d-442f-a213-d6d811f95775 with capacity 59652323555B, used 53687091200B, and remaining 5965232355B is 0.9000000000083819
2023-06-21 17:31:32,522 [main] DEBUG balancer.ContainerBalancerTask (ContainerBalancerTask.java:initializeIteration(398)) - Utilization for node 6785b003-56c8-4ca1-b00e-4621322154b3 with capacity 69793218560B, used 55834574848B, and remaining 13958643712B is 0.8
2023-06-21 17:31:32,522 [main] DEBUG balancer.ContainerBalancerTask (ContainerBalancerTask.java:initializeIteration(398)) - Utilization for node 0616eaa2-5fca-4e67-b845-0fcf5e4ec7ba with capacity 65958426331B, used 46170898432B, and remaining 19787527899B is 0.7000000000045483
2023-06-21 17:31:32,522 [main] DEBUG balancer.ContainerBalancerTask (ContainerBalancerTask.java:initializeIteration(398)) - Utilization for node 1b163021-d3d1-4eae-8438-882d509bb205 with capacity 89478485333B, used 53687091200B, and remaining 35791394133B is 0.6000000000022352
2023-06-21 17:31:32,522 [main] DEBUG balancer.ContainerBalancerTask (ContainerBalancerTask.java:initializeIteration(398)) - Utilization for node 6cb45968-a977-4106-9fa1-33a4812d365b with capacity 109521666048B, used 54760833024B, and remaining 54760833024B is 0.5
2023-06-21 17:31:32,522 [main] DEBUG balancer.ContainerBalancerTask (ContainerBalancerTask.java:initializeIteration(398)) - Utilization for node 210e68f2-5545-4237-b6d3-f8c183e97a69 with capacity 88583700480B, used 35433480192B, and remaining 53150220288B is 0.4
2023-06-21 17:31:32,523 [main] DEBUG balancer.ContainerBalancerTask (ContainerBalancerTask.java:initializeIteration(398)) - Utilization for node 088244e3-26ae-4e43-a875-1ac45befb762 with capacity 121690740053B, used 36507222016B, and remaining 85183518037B is 0.3000000000008218
2023-06-21 17:31:32,523 [main] DEBUG balancer.ContainerBalancerTask (ContainerBalancerTask.java:initializeIteration(398)) - Utilization for node 4cdcf5f9-dc1d-42a4-9364-f1fe4de1fe46 with capacity 225485783040B, used 45097156608B, and remaining 180388626432B is 0.2
2023-06-21 17:31:32,523 [main] DEBUG balancer.ContainerBalancerTask (ContainerBalancerTask.java:initializeIteration(398)) - Utilization for node 0f3196c4-c6ba-4e08-8b35-b128b572a3f1 with capacity 268435456000B, used 26843545600B, and remaining 241591910400B is 0.1
2023-06-21 17:31:32,523 [main] DEBUG balancer.ContainerBalancerTask (ContainerBalancerTask.java:initializeIteration(398)) - Utilization for node 04d56e69-485a-4130-b1b7-f73792652728 with capacity 17179869184B, used 0B, and remaining 17179869184B is 0.0
2023-06-21 17:31:32,523 [main] INFO  balancer.ContainerBalancerTask (ContainerBalancerTask.java:initializeIteration(447)) - Container Balancer has identified 5 Over-Utilized and 3 Under-Utilized Datanodes that need to be balanced.
2023-06-21 17:31:32,523 [main] DEBUG balancer.ContainerBalancerTask (ContainerBalancerTask.java:lambda$initializeIteration$1(453)) - Datanode localhost-64.111.87.119 cb291251-781d-442f-a213-d6d811f95775 is Over-Utilized.
2023-06-21 17:31:32,523 [main] DEBUG balancer.ContainerBalancerTask (ContainerBalancerTask.java:lambda$initializeIteration$1(453)) - Datanode localhost-107.69.95.225 6785b003-56c8-4ca1-b00e-4621322154b3 is Over-Utilized.
2023-06-21 17:31:32,523 [main] DEBUG balancer.ContainerBalancerTask (ContainerBalancerTask.java:lambda$initializeIteration$1(453)) - Datanode localhost-188.53.209.200 0616eaa2-5fca-4e67-b845-0fcf5e4ec7ba is Over-Utilized.
2023-06-21 17:31:32,523 [main] DEBUG balancer.ContainerBalancerTask (ContainerBalancerTask.java:lambda$initializeIteration$1(453)) - Datanode localhost-243.149.53.45 1b163021-d3d1-4eae-8438-882d509bb205 is Over-Utilized.
2023-06-21 17:31:32,523 [main] DEBUG balancer.ContainerBalancerTask (ContainerBalancerTask.java:lambda$initializeIteration$1(453)) - Datanode localhost-42.47.227.198 6cb45968-a977-4106-9fa1-33a4812d365b is Over-Utilized.
2023-06-21 17:31:32,523 [main] DEBUG balancer.ContainerBalancerTask (ContainerBalancerTask.java:lambda$initializeIteration$2(459)) - Datanode localhost-118.145.222.197 04d56e69-485a-4130-b1b7-f73792652728 is Under-Utilized.
2023-06-21 17:31:32,523 [main] DEBUG balancer.ContainerBalancerTask (ContainerBalancerTask.java:lambda$initializeIteration$2(459)) - Datanode localhost-211.19.109.41 0f3196c4-c6ba-4e08-8b35-b128b572a3f1 is Under-Utilized.
2023-06-21 17:31:32,524 [main] DEBUG balancer.ContainerBalancerTask (ContainerBalancerTask.java:lambda$initializeIteration$2(459)) - Datanode localhost-238.79.31.154 4cdcf5f9-dc1d-42a4-9364-f1fe4de1fe46 is Under-Utilized.
2023-06-21 17:31:32,526 [main] DEBUG balancer.ContainerBalancerTask (ContainerBalancerTask.java:matchSourceWithTarget(706)) - ContainerBalancer is finding suitable target for source datanode cb291251-781d-442f-a213-d6d811f95775
2023-06-21 17:31:32,526 [main] INFO  balancer.ContainerBalancerTask (ContainerBalancerTask.java:matchSourceWithTarget(720)) - ContainerBalancer matched source datanode cb291251-781d-442f-a213-d6d811f95775 with target datanode 04d56e69-485a-4130-b1b7-f73792652728 for container move.
2023-06-21 17:31:32,526 [main] INFO  balancer.ContainerBalancerTask (ContainerBalancerTask.java:processMoveSelection(569)) - ContainerBalancer is trying to move container #84 with size 4294967296B from source datanode cb291251-781d-442f-a213-d6d811f95775 to target datanode 04d56e69-485a-4130-b1b7-f73792652728
2023-06-21 17:31:32,526 [main] DEBUG balancer.ContainerBalancerTask (ContainerBalancerTask.java:lambda$moveContainer$3(834)) - Container move completed for container #84 from source cb291251-781d-442f-a213-d6d811f95775 to target 04d56e69-485a-4130-b1b7-f73792652728
2023-06-21 17:31:32,529 [main] DEBUG balancer.ContainerBalancerTask (ContainerBalancerTask.java:matchSourceWithTarget(706)) - ContainerBalancer is finding suitable target for source datanode cb291251-781d-442f-a213-d6d811f95775
2023-06-21 17:31:32,529 [main] INFO  balancer.ContainerBalancerTask (ContainerBalancerTask.java:matchSourceWithTarget(720)) - ContainerBalancer matched source datanode cb291251-781d-442f-a213-d6d811f95775 with target datanode 0f3196c4-c6ba-4e08-8b35-b128b572a3f1 for container move.
2023-06-21 17:31:32,529 [main] INFO  balancer.ContainerBalancerTask (ContainerBalancerTask.java:processMoveSelection(569)) - ContainerBalancer is trying to move container #28 with size 4294967296B from source datanode cb291251-781d-442f-a213-d6d811f95775 to target datanode 0f3196c4-c6ba-4e08-8b35-b128b572a3f1
2023-06-21 17:31:32,529 [main] DEBUG balancer.ContainerBalancerTask (ContainerBalancerTask.java:lambda$moveContainer$3(834)) - Container move completed for container #28 from source cb291251-781d-442f-a213-d6d811f95775 to target 0f3196c4-c6ba-4e08-8b35-b128b572a3f1
2023-06-21 17:31:32,532 [main] DEBUG balancer.ContainerBalancerTask (ContainerBalancerTask.java:matchSourceWithTarget(706)) - ContainerBalancer is finding suitable target for source datanode 6785b003-56c8-4ca1-b00e-4621322154b3
2023-06-21 17:31:32,532 [main] INFO  balancer.ContainerBalancerTask (ContainerBalancerTask.java:matchSourceWithTarget(720)) - ContainerBalancer matched source datanode 6785b003-56c8-4ca1-b00e-4621322154b3 with target datanode 0f3196c4-c6ba-4e08-8b35-b128b572a3f1 for container move.
2023-06-21 17:31:32,532 [main] INFO  balancer.ContainerBalancerTask (ContainerBalancerTask.java:processMoveSelection(569)) - ContainerBalancer is trying to move container #68 with size 5368709120B from source datanode 6785b003-56c8-4ca1-b00e-4621322154b3 to target datanode 0f3196c4-c6ba-4e08-8b35-b128b572a3f1
2023-06-21 17:31:32,532 [main] DEBUG balancer.ContainerBalancerTask (ContainerBalancerTask.java:lambda$moveContainer$3(834)) - Container move completed for container #68 from source 6785b003-56c8-4ca1-b00e-4621322154b3 to target 0f3196c4-c6ba-4e08-8b35-b128b572a3f1
2023-06-21 17:31:32,534 [main] DEBUG balancer.ContainerBalancerTask (ContainerBalancerTask.java:matchSourceWithTarget(706)) - ContainerBalancer is finding suitable target for source datanode cb291251-781d-442f-a213-d6d811f95775
2023-06-21 17:31:32,535 [main] INFO  balancer.ContainerBalancerTask (ContainerBalancerTask.java:matchSourceWithTarget(720)) - ContainerBalancer matched source datanode cb291251-781d-442f-a213-d6d811f95775 with target datanode 0f3196c4-c6ba-4e08-8b35-b128b572a3f1 for container move.
2023-06-21 17:31:32,535 [main] INFO  balancer.ContainerBalancerTask (ContainerBalancerTask.java:processMoveSelection(569)) - ContainerBalancer is trying to move container #86 with size 1073741824B from source datanode cb291251-781d-442f-a213-d6d811f95775 to target datanode 0f3196c4-c6ba-4e08-8b35-b128b572a3f1
2023-06-21 17:31:32,535 [main] DEBUG balancer.ContainerBalancerTask (ContainerBalancerTask.java:lambda$moveContainer$3(834)) - Container move completed for container #86 from source cb291251-781d-442f-a213-d6d811f95775 to target 0f3196c4-c6ba-4e08-8b35-b128b572a3f1
2023-06-21 17:31:32,537 [main] DEBUG balancer.ContainerBalancerTask (ContainerBalancerTask.java:matchSourceWithTarget(706)) - ContainerBalancer is finding suitable target for source datanode cb291251-781d-442f-a213-d6d811f95775
2023-06-21 17:31:32,537 [main] INFO  balancer.ContainerBalancerTask (ContainerBalancerTask.java:matchSourceWithTarget(720)) - ContainerBalancer matched source datanode cb291251-781d-442f-a213-d6d811f95775 with target datanode 4cdcf5f9-dc1d-42a4-9364-f1fe4de1fe46 for container move.
2023-06-21 17:31:32,537 [main] INFO  balancer.ContainerBalancerTask (ContainerBalancerTask.java:processMoveSelection(569)) - ContainerBalancer is trying to move container #38 with size 3221225472B from source datanode cb291251-781d-442f-a213-d6d811f95775 to target datanode 4cdcf5f9-dc1d-42a4-9364-f1fe4de1fe46
2023-06-21 17:31:32,537 [main] DEBUG balancer.ContainerBalancerTask (ContainerBalancerTask.java:lambda$moveContainer$3(834)) - Container move completed for container #38 from source cb291251-781d-442f-a213-d6d811f95775 to target 4cdcf5f9-dc1d-42a4-9364-f1fe4de1fe46
2023-06-21 17:31:32,540 [main] DEBUG balancer.ContainerBalancerTask (ContainerBalancerTask.java:matchSourceWithTarget(706)) - ContainerBalancer is finding suitable target for source datanode 6785b003-56c8-4ca1-b00e-4621322154b3
2023-06-21 17:31:32,540 [main] INFO  balancer.ContainerBalancerTask (ContainerBalancerTask.java:matchSourceWithTarget(720)) - ContainerBalancer matched source datanode 6785b003-56c8-4ca1-b00e-4621322154b3 with target datanode 4cdcf5f9-dc1d-42a4-9364-f1fe4de1fe46 for container move.
2023-06-21 17:31:32,540 [main] INFO  balancer.ContainerBalancerTask (ContainerBalancerTask.java:processMoveSelection(569)) - ContainerBalancer is trying to move container #52 with size 4294967296B from source datanode 6785b003-56c8-4ca1-b00e-4621322154b3 to target datanode 4cdcf5f9-dc1d-42a4-9364-f1fe4de1fe46
2023-06-21 17:31:32,540 [main] DEBUG balancer.ContainerBalancerTask (ContainerBalancerTask.java:lambda$moveContainer$3(834)) - Container move completed for container #52 from source 6785b003-56c8-4ca1-b00e-4621322154b3 to target 4cdcf5f9-dc1d-42a4-9364-f1fe4de1fe46
2023-06-21 17:31:32,543 [main] DEBUG balancer.ContainerBalancerTask (ContainerBalancerTask.java:matchSourceWithTarget(706)) - ContainerBalancer is finding suitable target for source datanode 0616eaa2-5fca-4e67-b845-0fcf5e4ec7ba
2023-06-21 17:31:32,543 [main] INFO  balancer.ContainerBalancerTask (ContainerBalancerTask.java:matchSourceWithTarget(720)) - ContainerBalancer matched source datanode 0616eaa2-5fca-4e67-b845-0fcf5e4ec7ba with target datanode 4cdcf5f9-dc1d-42a4-9364-f1fe4de1fe46 for container move.
2023-06-21 17:31:32,543 [main] INFO  balancer.ContainerBalancerTask (ContainerBalancerTask.java:processMoveSelection(569)) - ContainerBalancer is trying to move container #50 with size 2147483648B from source datanode 0616eaa2-5fca-4e67-b845-0fcf5e4ec7ba to target datanode 4cdcf5f9-dc1d-42a4-9364-f1fe4de1fe46
2023-06-21 17:31:32,543 [main] DEBUG balancer.ContainerBalancerTask (ContainerBalancerTask.java:lambda$moveContainer$3(834)) - Container move completed for container #50 from source 0616eaa2-5fca-4e67-b845-0fcf5e4ec7ba to target 4cdcf5f9-dc1d-42a4-9364-f1fe4de1fe46
2023-06-21 17:31:32,545 [main] DEBUG balancer.ContainerBalancerTask (ContainerBalancerTask.java:matchSourceWithTarget(706)) - ContainerBalancer is finding suitable target for source datanode cb291251-781d-442f-a213-d6d811f95775
2023-06-21 17:31:32,546 [main] INFO  balancer.ContainerBalancerTask (ContainerBalancerTask.java:matchSourceWithTarget(720)) - ContainerBalancer matched source datanode cb291251-781d-442f-a213-d6d811f95775 with target datanode 4cdcf5f9-dc1d-42a4-9364-f1fe4de1fe46 for container move.
2023-06-21 17:31:32,546 [main] INFO  balancer.ContainerBalancerTask (ContainerBalancerTask.java:processMoveSelection(569)) - ContainerBalancer is trying to move container #16 with size 1073741824B from source datanode cb291251-781d-442f-a213-d6d811f95775 to target datanode 4cdcf5f9-dc1d-42a4-9364-f1fe4de1fe46
2023-06-21 17:31:32,546 [main] DEBUG balancer.ContainerBalancerTask (ContainerBalancerTask.java:lambda$moveContainer$3(834)) - Container move completed for container #16 from source cb291251-781d-442f-a213-d6d811f95775 to target 4cdcf5f9-dc1d-42a4-9364-f1fe4de1fe46
2023-06-21 17:31:32,548 [main] DEBUG balancer.ContainerBalancerTask (ContainerBalancerTask.java:matchSourceWithTarget(706)) - ContainerBalancer is finding suitable target for source datanode 0616eaa2-5fca-4e67-b845-0fcf5e4ec7ba
2023-06-21 17:31:32,548 [main] INFO  balancer.ContainerBalancerTask (ContainerBalancerTask.java:matchSourceWithTarget(720)) - ContainerBalancer matched source datanode 0616eaa2-5fca-4e67-b845-0fcf5e4ec7ba with target datanode 04d56e69-485a-4130-b1b7-f73792652728 for container move.
2023-06-21 17:31:32,548 [main] INFO  balancer.ContainerBalancerTask (ContainerBalancerTask.java:processMoveSelection(569)) - ContainerBalancer is trying to move container #26 with size 2147483648B from source datanode 0616eaa2-5fca-4e67-b845-0fcf5e4ec7ba to target datanode 04d56e69-485a-4130-b1b7-f73792652728
2023-06-21 17:31:32,548 [main] DEBUG balancer.ContainerBalancerTask (ContainerBalancerTask.java:lambda$moveContainer$3(834)) - Container move completed for container #26 from source 0616eaa2-5fca-4e67-b845-0fcf5e4ec7ba to target 04d56e69-485a-4130-b1b7-f73792652728
2023-06-21 17:31:32,551 [main] DEBUG balancer.ContainerBalancerTask (ContainerBalancerTask.java:matchSourceWithTarget(706)) - ContainerBalancer is finding suitable target for source datanode cb291251-781d-442f-a213-d6d811f95775
2023-06-21 17:31:32,551 [main] INFO  balancer.ContainerBalancerTask (ContainerBalancerTask.java:matchSourceWithTarget(720)) - ContainerBalancer matched source datanode cb291251-781d-442f-a213-d6d811f95775 with target datanode 04d56e69-485a-4130-b1b7-f73792652728 for container move.
2023-06-21 17:31:32,551 [main] INFO  balancer.ContainerBalancerTask (ContainerBalancerTask.java:processMoveSelection(569)) - ContainerBalancer is trying to move container #4 with size 1073741824B from source datanode cb291251-781d-442f-a213-d6d811f95775 to target datanode 04d56e69-485a-4130-b1b7-f73792652728
2023-06-21 17:31:32,551 [main] DEBUG balancer.ContainerBalancerTask (ContainerBalancerTask.java:lambda$moveContainer$3(834)) - Container move completed for container #4 from source cb291251-781d-442f-a213-d6d811f95775 to target 04d56e69-485a-4130-b1b7-f73792652728
2023-06-21 17:31:32,554 [main] DEBUG balancer.ContainerBalancerTask (ContainerBalancerTask.java:matchSourceWithTarget(706)) - ContainerBalancer is finding suitable target for source datanode 6785b003-56c8-4ca1-b00e-4621322154b3
2023-06-21 17:31:32,555 [main] INFO  balancer.FindTargetGreedyByUsageInfo (AbstractFindTargetGreedy.java:findTargetForContainerMove(133)) - Container Balancer could not find a target for source datanode 6785b003-56c8-4ca1-b00e-4621322154b3
2023-06-21 17:31:32,555 [main] DEBUG balancer.ContainerBalancerTask (ContainerBalancerTask.java:matchSourceWithTarget(715)) - ContainerBalancer could not find a suitable target for source node 6785b003-56c8-4ca1-b00e-4621322154b3.
2023-06-21 17:31:32,558 [main] DEBUG balancer.ContainerBalancerTask (ContainerBalancerTask.java:matchSourceWithTarget(706)) - ContainerBalancer is finding suitable target for source datanode cb291251-781d-442f-a213-d6d811f95775
2023-06-21 17:31:32,558 [main] INFO  balancer.FindTargetGreedyByUsageInfo (AbstractFindTargetGreedy.java:findTargetForContainerMove(133)) - Container Balancer could not find a target for source datanode cb291251-781d-442f-a213-d6d811f95775
2023-06-21 17:31:32,558 [main] DEBUG balancer.ContainerBalancerTask (ContainerBalancerTask.java:matchSourceWithTarget(715)) - ContainerBalancer could not find a suitable target for source node cb291251-781d-442f-a213-d6d811f95775.
2023-06-21 17:31:32,560 [main] DEBUG balancer.ContainerBalancerTask (ContainerBalancerTask.java:matchSourceWithTarget(706)) - ContainerBalancer is finding suitable target for source datanode 0616eaa2-5fca-4e67-b845-0fcf5e4ec7ba
2023-06-21 17:31:32,560 [main] INFO  balancer.FindTargetGreedyByUsageInfo (AbstractFindTargetGreedy.java:findTargetForContainerMove(133)) - Container Balancer could not find a target for source datanode 0616eaa2-5fca-4e67-b845-0fcf5e4ec7ba
2023-06-21 17:31:32,560 [main] DEBUG balancer.ContainerBalancerTask (ContainerBalancerTask.java:matchSourceWithTarget(715)) - ContainerBalancer could not find a suitable target for source node 0616eaa2-5fca-4e67-b845-0fcf5e4ec7ba.
2023-06-21 17:31:32,563 [main] DEBUG balancer.ContainerBalancerTask (ContainerBalancerTask.java:matchSourceWithTarget(706)) - ContainerBalancer is finding suitable target for source datanode 1b163021-d3d1-4eae-8438-882d509bb205
2023-06-21 17:31:32,563 [main] INFO  balancer.FindTargetGreedyByUsageInfo (AbstractFindTargetGreedy.java:findTargetForContainerMove(133)) - Container Balancer could not find a target for source datanode 1b163021-d3d1-4eae-8438-882d509bb205
2023-06-21 17:31:32,563 [main] DEBUG balancer.ContainerBalancerTask (ContainerBalancerTask.java:matchSourceWithTarget(715)) - ContainerBalancer could not find a suitable target for source node 1b163021-d3d1-4eae-8438-882d509bb205.
2023-06-21 17:31:32,566 [main] DEBUG balancer.ContainerBalancerTask (ContainerBalancerTask.java:matchSourceWithTarget(706)) - ContainerBalancer is finding suitable target for source datanode 6cb45968-a977-4106-9fa1-33a4812d365b
2023-06-21 17:31:32,567 [main] INFO  balancer.FindTargetGreedyByUsageInfo (AbstractFindTargetGreedy.java:findTargetForContainerMove(133)) - Container Balancer could not find a target for source datanode 6cb45968-a977-4106-9fa1-33a4812d365b
2023-06-21 17:31:32,567 [main] DEBUG balancer.ContainerBalancerTask (ContainerBalancerTask.java:matchSourceWithTarget(715)) - ContainerBalancer could not find a suitable target for source node 6cb45968-a977-4106-9fa1-33a4812d365b.
2023-06-21 17:31:32,567 [main] INFO  balancer.FindSourceGreedy (FindSourceGreedy.java:getNextCandidateSourceDataNode(126)) - no more candidate source data node
2023-06-21 17:31:32,567 [main] INFO  balancer.ContainerBalancerTask (ContainerBalancerTask.java:checkIterationMoveResults(640)) - Iteration Summary. Number of Datanodes involved: 6. Size moved: 27 GB (28991029248 Bytes). Number of Container moves completed: 10.
2023-06-21 17:31:32,567 [main] INFO  balancer.ContainerBalancerTask (ContainerBalancerTask.java:balance(259)) - Result of this iteration of Container Balancer: ITERATION_COMPLETED
2023-06-21 17:31:32,567 [main] INFO  balancer.ContainerBalancerTask (ContainerBalancerTask.java:tryStopWithSaveConfiguration(308)) - Save Configuration for stopping. Reason: Completed all iterations.
2023-06-21 17:31:32,569 [main] DEBUG balancer.ContainerBalancerTask (ContainerBalancerTask.java:initializeIteration(374)) - Average utilization of the cluster is 0.3656832120250116
2023-06-21 17:31:32,569 [main] DEBUG balancer.ContainerBalancerTask (ContainerBalancerTask.java:initializeIteration(386)) - Lower limit for utilization is 0.26568321202501155 and Upper limit for utilization is 0.4656832120250116
2023-06-21 17:31:32,569 [main] DEBUG balancer.ContainerBalancerTask (ContainerBalancerTask.java:initializeIteration(398)) - Utilization for node cb291251-781d-442f-a213-d6d811f95775 with capacity 59652323555B, used 53687091200B, and remaining 5965232355B is 0.9000000000083819
2023-06-21 17:31:32,569 [main] DEBUG balancer.ContainerBalancerTask (ContainerBalancerTask.java:initializeIteration(398)) - Utilization for node 6785b003-56c8-4ca1-b00e-4621322154b3 with capacity 69793218560B, used 55834574848B, and remaining 13958643712B is 0.8
2023-06-21 17:31:32,569 [main] DEBUG balancer.ContainerBalancerTask (ContainerBalancerTask.java:initializeIteration(398)) - Utilization for node 0616eaa2-5fca-4e67-b845-0fcf5e4ec7ba with capacity 65958426331B, used 46170898432B, and remaining 19787527899B is 0.7000000000045483
2023-06-21 17:31:32,569 [main] DEBUG balancer.ContainerBalancerTask (ContainerBalancerTask.java:initializeIteration(398)) - Utilization for node 1b163021-d3d1-4eae-8438-882d509bb205 with capacity 89478485333B, used 53687091200B, and remaining 35791394133B is 0.6000000000022352
2023-06-21 17:31:32,569 [main] DEBUG balancer.ContainerBalancerTask (ContainerBalancerTask.java:initializeIteration(398)) - Utilization for node 6cb45968-a977-4106-9fa1-33a4812d365b with capacity 109521666048B, used 54760833024B, and remaining 54760833024B is 0.5
2023-06-21 17:31:32,569 [main] DEBUG balancer.ContainerBalancerTask (ContainerBalancerTask.java:initializeIteration(398)) - Utilization for node 210e68f2-5545-4237-b6d3-f8c183e97a69 with capacity 88583700480B, used 35433480192B, and remaining 53150220288B is 0.4
2023-06-21 17:31:32,569 [main] DEBUG balancer.ContainerBalancerTask (ContainerBalancerTask.java:initializeIteration(398)) - Utilization for node 088244e3-26ae-4e43-a875-1ac45befb762 with capacity 121690740053B, used 36507222016B, and remaining 85183518037B is 0.3000000000008218
2023-06-21 17:31:32,569 [main] DEBUG balancer.ContainerBalancerTask (ContainerBalancerTask.java:initializeIteration(398)) - Utilization for node 4cdcf5f9-dc1d-42a4-9364-f1fe4de1fe46 with capacity 225485783040B, used 45097156608B, and remaining 180388626432B is 0.2
2023-06-21 17:31:32,569 [main] DEBUG balancer.ContainerBalancerTask (ContainerBalancerTask.java:initializeIteration(398)) - Utilization for node 0f3196c4-c6ba-4e08-8b35-b128b572a3f1 with capacity 268435456000B, used 26843545600B, and remaining 241591910400B is 0.1
2023-06-21 17:31:32,569 [main] DEBUG balancer.ContainerBalancerTask (ContainerBalancerTask.java:initializeIteration(398)) - Utilization for node 04d56e69-485a-4130-b1b7-f73792652728 with capacity 17179869184B, used 0B, and remaining 17179869184B is 0.0
2023-06-21 17:31:32,570 [main] INFO  balancer.ContainerBalancerTask (ContainerBalancerTask.java:initializeIteration(447)) - Container Balancer has identified 5 Over-Utilized and 3 Under-Utilized Datanodes that need to be balanced.
2023-06-21 17:31:32,570 [main] DEBUG balancer.ContainerBalancerTask (ContainerBalancerTask.java:lambda$initializeIteration$1(453)) - Datanode localhost-64.111.87.119 cb291251-781d-442f-a213-d6d811f95775 is Over-Utilized.
2023-06-21 17:31:32,570 [main] DEBUG balancer.ContainerBalancerTask (ContainerBalancerTask.java:lambda$initializeIteration$1(453)) - Datanode localhost-107.69.95.225 6785b003-56c8-4ca1-b00e-4621322154b3 is Over-Utilized.
2023-06-21 17:31:32,570 [main] DEBUG balancer.ContainerBalancerTask (ContainerBalancerTask.java:lambda$initializeIteration$1(453)) - Datanode localhost-188.53.209.200 0616eaa2-5fca-4e67-b845-0fcf5e4ec7ba is Over-Utilized.
2023-06-21 17:31:32,570 [main] DEBUG balancer.ContainerBalancerTask (ContainerBalancerTask.java:lambda$initializeIteration$1(453)) - Datanode localhost-243.149.53.45 1b163021-d3d1-4eae-8438-882d509bb205 is Over-Utilized.
2023-06-21 17:31:32,570 [main] DEBUG balancer.ContainerBalancerTask (ContainerBalancerTask.java:lambda$initializeIteration$1(453)) - Datanode localhost-42.47.227.198 6cb45968-a977-4106-9fa1-33a4812d365b is Over-Utilized.
2023-06-21 17:31:32,570 [main] DEBUG balancer.ContainerBalancerTask (ContainerBalancerTask.java:lambda$initializeIteration$2(459)) - Datanode localhost-118.145.222.197 04d56e69-485a-4130-b1b7-f73792652728 is Under-Utilized.
2023-06-21 17:31:32,570 [main] DEBUG balancer.ContainerBalancerTask (ContainerBalancerTask.java:lambda$initializeIteration$2(459)) - Datanode localhost-211.19.109.41 0f3196c4-c6ba-4e08-8b35-b128b572a3f1 is Under-Utilized.
2023-06-21 17:31:32,570 [main] DEBUG balancer.ContainerBalancerTask (ContainerBalancerTask.java:lambda$initializeIteration$2(459)) - Datanode localhost-238.79.31.154 4cdcf5f9-dc1d-42a4-9364-f1fe4de1fe46 is Under-Utilized.
2023-06-21 17:31:32,572 [main] DEBUG balancer.ContainerBalancerTask (ContainerBalancerTask.java:matchSourceWithTarget(706)) - ContainerBalancer is finding suitable target for source datanode cb291251-781d-442f-a213-d6d811f95775
2023-06-21 17:31:32,572 [main] INFO  balancer.ContainerBalancerTask (ContainerBalancerTask.java:matchSourceWithTarget(720)) - ContainerBalancer matched source datanode cb291251-781d-442f-a213-d6d811f95775 with target datanode 04d56e69-485a-4130-b1b7-f73792652728 for container move.
2023-06-21 17:31:32,573 [main] INFO  balancer.ContainerBalancerTask (ContainerBalancerTask.java:processMoveSelection(569)) - ContainerBalancer is trying to move container #84 with size 4294967296B from source datanode cb291251-781d-442f-a213-d6d811f95775 to target datanode 04d56e69-485a-4130-b1b7-f73792652728
2023-06-21 17:31:32,573 [main] WARN  balancer.ContainerBalancerTask (ContainerBalancerTask.java:lambda$moveContainer$3(839)) - Container move for container #84 from source cb291251-781d-442f-a213-d6d811f95775 to target 04d56e69-485a-4130-b1b7-f73792652728 failed: REPLICATION_FAIL_NODE_UNHEALTHY
2023-06-21 17:31:32,575 [main] DEBUG balancer.ContainerBalancerTask (ContainerBalancerTask.java:matchSourceWithTarget(706)) - ContainerBalancer is finding suitable target for source datanode 6785b003-56c8-4ca1-b00e-4621322154b3
2023-06-21 17:31:32,575 [main] INFO  balancer.ContainerBalancerTask (ContainerBalancerTask.java:matchSourceWithTarget(720)) - ContainerBalancer matched source datanode 6785b003-56c8-4ca1-b00e-4621322154b3 with target datanode 04d56e69-485a-4130-b1b7-f73792652728 for container move.
2023-06-21 17:31:32,575 [main] INFO  balancer.ContainerBalancerTask (ContainerBalancerTask.java:processMoveSelection(569)) - ContainerBalancer is trying to move container #68 with size 5368709120B from source datanode 6785b003-56c8-4ca1-b00e-4621322154b3 to target datanode 04d56e69-485a-4130-b1b7-f73792652728
2023-06-21 17:31:32,575 [main] WARN  balancer.ContainerBalancerTask (ContainerBalancerTask.java:lambda$moveContainer$3(839)) - Container move for container #68 from source 6785b003-56c8-4ca1-b00e-4621322154b3 to target 04d56e69-485a-4130-b1b7-f73792652728 failed: REPLICATION_FAIL_NODE_UNHEALTHY
2023-06-21 17:31:32,577 [main] DEBUG balancer.ContainerBalancerTask (ContainerBalancerTask.java:matchSourceWithTarget(706)) - ContainerBalancer is finding suitable target for source datanode 0616eaa2-5fca-4e67-b845-0fcf5e4ec7ba
2023-06-21 17:31:32,577 [main] INFO  balancer.ContainerBalancerTask (ContainerBalancerTask.java:matchSourceWithTarget(720)) - ContainerBalancer matched source datanode 0616eaa2-5fca-4e67-b845-0fcf5e4ec7ba with target datanode 04d56e69-485a-4130-b1b7-f73792652728 for container move.
2023-06-21 17:31:32,577 [main] INFO  balancer.ContainerBalancerTask (ContainerBalancerTask.java:processMoveSelection(569)) - ContainerBalancer is trying to move container #68 with size 5368709120B from source datanode 0616eaa2-5fca-4e67-b845-0fcf5e4ec7ba to target datanode 04d56e69-485a-4130-b1b7-f73792652728
2023-06-21 17:31:32,577 [main] WARN  balancer.ContainerBalancerTask (ContainerBalancerTask.java:lambda$moveContainer$3(839)) - Container move for container #68 from source 0616eaa2-5fca-4e67-b845-0fcf5e4ec7ba to target 04d56e69-485a-4130-b1b7-f73792652728 failed: REPLICATION_FAIL_NODE_UNHEALTHY
2023-06-21 17:31:32,579 [main] DEBUG balancer.ContainerBalancerTask (ContainerBalancerTask.java:matchSourceWithTarget(706)) - ContainerBalancer is finding suitable target for source datanode 1b163021-d3d1-4eae-8438-882d509bb205
2023-06-21 17:31:32,580 [main] INFO  balancer.ContainerBalancerTask (ContainerBalancerTask.java:matchSourceWithTarget(720)) - ContainerBalancer matched source datanode 1b163021-d3d1-4eae-8438-882d509bb205 with target datanode 04d56e69-485a-4130-b1b7-f73792652728 for container move.
2023-06-21 17:31:32,580 [main] INFO  balancer.ContainerBalancerTask (ContainerBalancerTask.java:processMoveSelection(569)) - ContainerBalancer is trying to move container #68 with size 5368709120B from source datanode 1b163021-d3d1-4eae-8438-882d509bb205 to target datanode 04d56e69-485a-4130-b1b7-f73792652728
2023-06-21 17:31:32,580 [main] WARN  balancer.ContainerBalancerTask (ContainerBalancerTask.java:lambda$moveContainer$3(839)) - Container move for container #68 from source 1b163021-d3d1-4eae-8438-882d509bb205 to target 04d56e69-485a-4130-b1b7-f73792652728 failed: REPLICATION_FAIL_NODE_UNHEALTHY
2023-06-21 17:31:32,582 [main] DEBUG balancer.ContainerBalancerTask (ContainerBalancerTask.java:matchSourceWithTarget(706)) - ContainerBalancer is finding suitable target for source datanode 6cb45968-a977-4106-9fa1-33a4812d365b
2023-06-21 17:31:32,582 [main] INFO  balancer.ContainerBalancerTask (ContainerBalancerTask.java:matchSourceWithTarget(720)) - ContainerBalancer matched source datanode 6cb45968-a977-4106-9fa1-33a4812d365b with target datanode 04d56e69-485a-4130-b1b7-f73792652728 for container move.
2023-06-21 17:31:32,583 [main] INFO  balancer.ContainerBalancerTask (ContainerBalancerTask.java:processMoveSelection(569)) - ContainerBalancer is trying to move container #28 with size 4294967296B from source datanode 6cb45968-a977-4106-9fa1-33a4812d365b to target datanode 04d56e69-485a-4130-b1b7-f73792652728
2023-06-21 17:31:32,583 [main] WARN  balancer.ContainerBalancerTask (ContainerBalancerTask.java:lambda$moveContainer$3(839)) - Container move for container #28 from source 6cb45968-a977-4106-9fa1-33a4812d365b to target 04d56e69-485a-4130-b1b7-f73792652728 failed: REPLICATION_FAIL_NODE_UNHEALTHY
2023-06-21 17:31:32,583 [main] INFO  balancer.FindSourceGreedy (FindSourceGreedy.java:getNextCandidateSourceDataNode(126)) - no more candidate source data node
2023-06-21 17:31:32,583 [main] INFO  balancer.ContainerBalancerTask (ContainerBalancerTask.java:checkIterationMoveResults(640)) - Iteration Summary. Number of Datanodes involved: 0. Size moved: 0 B (0 Bytes). Number of Container moves completed: 0.
2023-06-21 17:31:32,583 [main] INFO  balancer.ContainerBalancerTask (ContainerBalancerTask.java:balance(259)) - Result of this iteration of Container Balancer: ITERATION_COMPLETED
2023-06-21 17:31:32,583 [main] INFO  balancer.ContainerBalancerTask (ContainerBalancerTask.java:tryStopWithSaveConfiguration(308)) - Save Configuration for stopping. Reason: Completed all iterations.
2023-06-21 17:31:32,589 [main] DEBUG balancer.ContainerBalancerTask (ContainerBalancerTask.java:initializeIteration(374)) - Average utilization of the cluster is 0.3656832120250116
2023-06-21 17:31:32,589 [main] DEBUG balancer.ContainerBalancerTask (ContainerBalancerTask.java:initializeIteration(386)) - Lower limit for utilization is 0.26568321202501155 and Upper limit for utilization is 0.4656832120250116
2023-06-21 17:31:32,589 [main] DEBUG balancer.ContainerBalancerTask (ContainerBalancerTask.java:initializeIteration(398)) - Utilization for node cb291251-781d-442f-a213-d6d811f95775 with capacity 59652323555B, used 53687091200B, and remaining 5965232355B is 0.9000000000083819
2023-06-21 17:31:32,589 [main] DEBUG balancer.ContainerBalancerTask (ContainerBalancerTask.java:initializeIteration(398)) - Utilization for node 6785b003-56c8-4ca1-b00e-4621322154b3 with capacity 69793218560B, used 55834574848B, and remaining 13958643712B is 0.8
2023-06-21 17:31:32,589 [main] DEBUG balancer.ContainerBalancerTask (ContainerBalancerTask.java:initializeIteration(398)) - Utilization for node 0616eaa2-5fca-4e67-b845-0fcf5e4ec7ba with capacity 65958426331B, used 46170898432B, and remaining 19787527899B is 0.7000000000045483
2023-06-21 17:31:32,589 [main] DEBUG balancer.ContainerBalancerTask (ContainerBalancerTask.java:initializeIteration(398)) - Utilization for node 1b163021-d3d1-4eae-8438-882d509bb205 with capacity 89478485333B, used 53687091200B, and remaining 35791394133B is 0.6000000000022352
2023-06-21 17:31:32,589 [main] DEBUG balancer.ContainerBalancerTask (ContainerBalancerTask.java:initializeIteration(398)) - Utilization for node 6cb45968-a977-4106-9fa1-33a4812d365b with capacity 109521666048B, used 54760833024B, and remaining 54760833024B is 0.5
2023-06-21 17:31:32,589 [main] DEBUG balancer.ContainerBalancerTask (ContainerBalancerTask.java:initializeIteration(398)) - Utilization for node 210e68f2-5545-4237-b6d3-f8c183e97a69 with capacity 88583700480B, used 35433480192B, and remaining 53150220288B is 0.4
2023-06-21 17:31:32,589 [main] DEBUG balancer.ContainerBalancerTask (ContainerBalancerTask.java:initializeIteration(398)) - Utilization for node 088244e3-26ae-4e43-a875-1ac45befb762 with capacity 121690740053B, used 36507222016B, and remaining 85183518037B is 0.3000000000008218
2023-06-21 17:31:32,590 [main] DEBUG balancer.ContainerBalancerTask (ContainerBalancerTask.java:initializeIteration(398)) - Utilization for node 4cdcf5f9-dc1d-42a4-9364-f1fe4de1fe46 with capacity 225485783040B, used 45097156608B, and remaining 180388626432B is 0.2
2023-06-21 17:31:32,590 [main] DEBUG balancer.ContainerBalancerTask (ContainerBalancerTask.java:initializeIteration(398)) - Utilization for node 0f3196c4-c6ba-4e08-8b35-b128b572a3f1 with capacity 268435456000B, used 26843545600B, and remaining 241591910400B is 0.1
2023-06-21 17:31:32,590 [main] DEBUG balancer.ContainerBalancerTask (ContainerBalancerTask.java:initializeIteration(398)) - Utilization for node 04d56e69-485a-4130-b1b7-f73792652728 with capacity 17179869184B, used 0B, and remaining 17179869184B is 0.0
2023-06-21 17:31:32,590 [main] INFO  balancer.ContainerBalancerTask (ContainerBalancerTask.java:initializeIteration(447)) - Container Balancer has identified 5 Over-Utilized and 3 Under-Utilized Datanodes that need to be balanced.
2023-06-21 17:31:32,590 [main] DEBUG balancer.ContainerBalancerTask (ContainerBalancerTask.java:lambda$initializeIteration$1(453)) - Datanode localhost-64.111.87.119 cb291251-781d-442f-a213-d6d811f95775 is Over-Utilized.
2023-06-21 17:31:32,590 [main] DEBUG balancer.ContainerBalancerTask (ContainerBalancerTask.java:lambda$initializeIteration$1(453)) - Datanode localhost-107.69.95.225 6785b003-56c8-4ca1-b00e-4621322154b3 is Over-Utilized.
2023-06-21 17:31:32,590 [main] DEBUG balancer.ContainerBalancerTask (ContainerBalancerTask.java:lambda$initializeIteration$1(453)) - Datanode localhost-188.53.209.200 0616eaa2-5fca-4e67-b845-0fcf5e4ec7ba is Over-Utilized.
2023-06-21 17:31:32,590 [main] DEBUG balancer.ContainerBalancerTask (ContainerBalancerTask.java:lambda$initializeIteration$1(453)) - Datanode localhost-243.149.53.45 1b163021-d3d1-4eae-8438-882d509bb205 is Over-Utilized.
2023-06-21 17:31:32,590 [main] DEBUG balancer.ContainerBalancerTask (ContainerBalancerTask.java:lambda$initializeIteration$1(453)) - Datanode localhost-42.47.227.198 6cb45968-a977-4106-9fa1-33a4812d365b is Over-Utilized.
2023-06-21 17:31:32,590 [main] DEBUG balancer.ContainerBalancerTask (ContainerBalancerTask.java:lambda$initializeIteration$2(459)) - Datanode localhost-118.145.222.197 04d56e69-485a-4130-b1b7-f73792652728 is Under-Utilized.
2023-06-21 17:31:32,590 [main] DEBUG balancer.ContainerBalancerTask (ContainerBalancerTask.java:lambda$initializeIteration$2(459)) - Datanode localhost-211.19.109.41 0f3196c4-c6ba-4e08-8b35-b128b572a3f1 is Under-Utilized.
2023-06-21 17:31:32,590 [main] DEBUG balancer.ContainerBalancerTask (ContainerBalancerTask.java:lambda$initializeIteration$2(459)) - Datanode localhost-238.79.31.154 4cdcf5f9-dc1d-42a4-9364-f1fe4de1fe46 is Under-Utilized.
2023-06-21 17:31:32,593 [main] DEBUG balancer.ContainerBalancerTask (ContainerBalancerTask.java:matchSourceWithTarget(706)) - ContainerBalancer is finding suitable target for source datanode cb291251-781d-442f-a213-d6d811f95775
2023-06-21 17:31:32,593 [main] INFO  balancer.ContainerBalancerTask (ContainerBalancerTask.java:matchSourceWithTarget(720)) - ContainerBalancer matched source datanode cb291251-781d-442f-a213-d6d811f95775 with target datanode 04d56e69-485a-4130-b1b7-f73792652728 for container move.
2023-06-21 17:31:32,593 [main] INFO  balancer.ContainerBalancerTask (ContainerBalancerTask.java:processMoveSelection(569)) - ContainerBalancer is trying to move container #85 with size 5368709120B from source datanode cb291251-781d-442f-a213-d6d811f95775 to target datanode 04d56e69-485a-4130-b1b7-f73792652728
2023-06-21 17:31:32,593 [main] DEBUG balancer.ContainerBalancerTask (ContainerBalancerTask.java:lambda$moveContainer$3(834)) - Container move completed for container #85 from source cb291251-781d-442f-a213-d6d811f95775 to target 04d56e69-485a-4130-b1b7-f73792652728
2023-06-21 17:31:32,595 [main] DEBUG balancer.ContainerBalancerTask (ContainerBalancerTask.java:matchSourceWithTarget(706)) - ContainerBalancer is finding suitable target for source datanode cb291251-781d-442f-a213-d6d811f95775
2023-06-21 17:31:32,595 [main] INFO  balancer.ContainerBalancerTask (ContainerBalancerTask.java:matchSourceWithTarget(720)) - ContainerBalancer matched source datanode cb291251-781d-442f-a213-d6d811f95775 with target datanode 0f3196c4-c6ba-4e08-8b35-b128b572a3f1 for container move.
2023-06-21 17:31:32,596 [main] INFO  balancer.ContainerBalancerTask (ContainerBalancerTask.java:processMoveSelection(569)) - ContainerBalancer is trying to move container #89 with size 4294967296B from source datanode cb291251-781d-442f-a213-d6d811f95775 to target datanode 0f3196c4-c6ba-4e08-8b35-b128b572a3f1
2023-06-21 17:31:32,596 [main] DEBUG balancer.ContainerBalancerTask (ContainerBalancerTask.java:lambda$moveContainer$3(834)) - Container move completed for container #89 from source cb291251-781d-442f-a213-d6d811f95775 to target 0f3196c4-c6ba-4e08-8b35-b128b572a3f1
2023-06-21 17:31:32,598 [main] DEBUG balancer.ContainerBalancerTask (ContainerBalancerTask.java:matchSourceWithTarget(706)) - ContainerBalancer is finding suitable target for source datanode 6785b003-56c8-4ca1-b00e-4621322154b3
2023-06-21 17:31:32,598 [main] INFO  balancer.ContainerBalancerTask (ContainerBalancerTask.java:matchSourceWithTarget(720)) - ContainerBalancer matched source datanode 6785b003-56c8-4ca1-b00e-4621322154b3 with target datanode 0f3196c4-c6ba-4e08-8b35-b128b572a3f1 for container move.
2023-06-21 17:31:32,600 [main] INFO  balancer.ContainerBalancerTask (ContainerBalancerTask.java:processMoveSelection(569)) - ContainerBalancer is trying to move container #86 with size 1073741824B from source datanode 6785b003-56c8-4ca1-b00e-4621322154b3 to target datanode 0f3196c4-c6ba-4e08-8b35-b128b572a3f1
2023-06-21 17:31:32,600 [main] DEBUG balancer.ContainerBalancerTask (ContainerBalancerTask.java:lambda$moveContainer$3(834)) - Container move completed for container #86 from source 6785b003-56c8-4ca1-b00e-4621322154b3 to target 0f3196c4-c6ba-4e08-8b35-b128b572a3f1
2023-06-21 17:31:32,601 [main] WARN  balancer.ContainerBalancerTask (ContainerBalancerTask.java:reachedMaxSizeToMovePerIteration(731)) - Reached max size to move limit. 10737418240 bytes have already been scheduled for balancing and the limit is 10737418240 bytes.
2023-06-21 17:31:32,601 [main] INFO  balancer.ContainerBalancerTask (ContainerBalancerTask.java:checkIterationMoveResults(640)) - Iteration Summary. Number of Datanodes involved: 4. Size moved: 10 GB (10737418240 Bytes). Number of Container moves completed: 3.
2023-06-21 17:31:32,601 [main] INFO  balancer.ContainerBalancerTask (ContainerBalancerTask.java:balance(259)) - Result of this iteration of Container Balancer: ITERATION_COMPLETED
2023-06-21 17:31:32,601 [main] INFO  balancer.ContainerBalancerTask (ContainerBalancerTask.java:tryStopWithSaveConfiguration(308)) - Save Configuration for stopping. Reason: Completed all iterations.
]]></system-out>
  </testcase>
  <testcase name="targetDatanodeShouldBeInServiceHealthy" classname="org.apache.hadoop.hdds.scm.container.balancer.TestContainerBalancerTask" time="0.084">
    <system-out><![CDATA[2023-06-21 17:31:32,631 [main] INFO  net.NodeSchemaLoader (NodeSchemaLoader.java:loadSchemaFromFile(129)) - Loading schema from [file:/home/runner/work/ozone/ozone/hadoop-hdds/common/target/classes/network-topology-default.xml]
2023-06-21 17:31:32,632 [main] INFO  net.NodeSchemaLoader (NodeSchemaLoader.java:loadSchema(176)) - Loading network topology layer schema file
2023-06-21 17:31:32,639 [main] INFO  net.NetworkTopologyImpl (NetworkTopologyImpl.java:add(112)) - Added a new node: /default-rack/45b6fbe5-eb83-432d-bd0f-33b6742fa94a
2023-06-21 17:31:32,640 [main] INFO  net.NetworkTopologyImpl (NetworkTopologyImpl.java:add(112)) - Added a new node: /default-rack/4343291c-9ef9-415a-a19b-29369ded9a9d
2023-06-21 17:31:32,640 [main] INFO  net.NetworkTopologyImpl (NetworkTopologyImpl.java:add(112)) - Added a new node: /default-rack/93c56d4a-2b40-4f13-b1ca-d0aea51b50b1
2023-06-21 17:31:32,640 [main] INFO  net.NetworkTopologyImpl (NetworkTopologyImpl.java:add(112)) - Added a new node: /default-rack/32ecad6e-f17a-4679-ae23-acbb5b3806b2
2023-06-21 17:31:32,640 [main] INFO  net.NetworkTopologyImpl (NetworkTopologyImpl.java:add(112)) - Added a new node: /default-rack/804420af-6121-4430-9f5d-df568298576f
2023-06-21 17:31:32,640 [main] INFO  net.NetworkTopologyImpl (NetworkTopologyImpl.java:add(112)) - Added a new node: /default-rack/6a92f63a-cb0f-41f8-83bf-a503b69b751f
2023-06-21 17:31:32,640 [main] INFO  net.NetworkTopologyImpl (NetworkTopologyImpl.java:add(112)) - Added a new node: /default-rack/2c907a04-d7d6-4fd0-963f-1a7a65249dfb
2023-06-21 17:31:32,640 [main] INFO  net.NetworkTopologyImpl (NetworkTopologyImpl.java:add(112)) - Added a new node: /default-rack/dae23e81-fba8-4e0b-9f06-0259b56bd3ac
2023-06-21 17:31:32,640 [main] INFO  net.NetworkTopologyImpl (NetworkTopologyImpl.java:add(112)) - Added a new node: /default-rack/aca6f5f3-f8c4-4307-8e1d-30c055b2de00
2023-06-21 17:31:32,640 [main] INFO  net.NetworkTopologyImpl (NetworkTopologyImpl.java:add(112)) - Added a new node: /default-rack/004ccb32-68e4-4991-a22f-8e452f8fbd62
2023-06-21 17:31:32,640 [main] INFO  algorithms.ContainerPlacementPolicyFactory (ContainerPlacementPolicyFactory.java:getPolicyInternal(86)) - Create container placement policy of type org.apache.hadoop.hdds.scm.container.placement.algorithms.SCMContainerPlacementRackAware
2023-06-21 17:31:32,641 [main] INFO  algorithms.ContainerPlacementPolicyFactory (ContainerPlacementPolicyFactory.java:getPolicyInternal(86)) - Create container placement policy of type org.apache.hadoop.hdds.scm.container.placement.algorithms.SCMContainerPlacementRackScatter
2023-06-21 17:31:32,646 [main] DEBUG balancer.ContainerBalancerTask (ContainerBalancerTask.java:initializeIteration(374)) - Average utilization of the cluster is 0.35459424688985974
2023-06-21 17:31:32,646 [main] DEBUG balancer.ContainerBalancerTask (ContainerBalancerTask.java:initializeIteration(386)) - Lower limit for utilization is 0.25459424688985977 and Upper limit for utilization is 0.4545942468898597
2023-06-21 17:31:32,646 [main] DEBUG balancer.ContainerBalancerTask (ContainerBalancerTask.java:initializeIteration(398)) - Utilization for node 6a92f63a-cb0f-41f8-83bf-a503b69b751f with capacity 59652323555B, used 53687091200B, and remaining 5965232355B is 0.9000000000083819
2023-06-21 17:31:32,646 [main] DEBUG balancer.ContainerBalancerTask (ContainerBalancerTask.java:initializeIteration(398)) - Utilization for node dae23e81-fba8-4e0b-9f06-0259b56bd3ac with capacity 46976204800B, used 37580963840B, and remaining 9395240960B is 0.8
2023-06-21 17:31:32,646 [main] DEBUG balancer.ContainerBalancerTask (ContainerBalancerTask.java:initializeIteration(398)) - Utilization for node 004ccb32-68e4-4991-a22f-8e452f8fbd62 with capacity 52153174308B, used 36507222016B, and remaining 15645952292B is 0.7000000000076697
2023-06-21 17:31:32,646 [main] DEBUG balancer.ContainerBalancerTask (ContainerBalancerTask.java:initializeIteration(398)) - Utilization for node 32ecad6e-f17a-4679-ae23-acbb5b3806b2 with capacity 109163752106B, used 65498251264B, and remaining 43665500842B is 0.6000000000036643
2023-06-21 17:31:32,646 [main] DEBUG balancer.ContainerBalancerTask (ContainerBalancerTask.java:initializeIteration(398)) - Utilization for node 93c56d4a-2b40-4f13-b1ca-d0aea51b50b1 with capacity 81604378624B, used 40802189312B, and remaining 40802189312B is 0.5
2023-06-21 17:31:32,646 [main] DEBUG balancer.ContainerBalancerTask (ContainerBalancerTask.java:initializeIteration(398)) - Utilization for node aca6f5f3-f8c4-4307-8e1d-30c055b2de00 with capacity 104689827840B, used 41875931136B, and remaining 62813896704B is 0.4
2023-06-21 17:31:32,646 [main] DEBUG balancer.ContainerBalancerTask (ContainerBalancerTask.java:initializeIteration(398)) - Utilization for node 2c907a04-d7d6-4fd0-963f-1a7a65249dfb with capacity 139586437120B, used 41875931136B, and remaining 97710505984B is 0.3
2023-06-21 17:31:32,647 [main] DEBUG balancer.ContainerBalancerTask (ContainerBalancerTask.java:initializeIteration(398)) - Utilization for node 4343291c-9ef9-415a-a19b-29369ded9a9d with capacity 134217728000B, used 26843545600B, and remaining 107374182400B is 0.2
2023-06-21 17:31:32,647 [main] DEBUG balancer.ContainerBalancerTask (ContainerBalancerTask.java:initializeIteration(398)) - Utilization for node 45b6fbe5-eb83-432d-bd0f-33b6742fa94a with capacity 311385128960B, used 31138512896B, and remaining 280246616064B is 0.1
2023-06-21 17:31:32,647 [main] DEBUG balancer.ContainerBalancerTask (ContainerBalancerTask.java:initializeIteration(398)) - Utilization for node 804420af-6121-4430-9f5d-df568298576f with capacity 20401094656B, used 0B, and remaining 20401094656B is 0.0
2023-06-21 17:31:32,647 [main] INFO  balancer.ContainerBalancerTask (ContainerBalancerTask.java:initializeIteration(447)) - Container Balancer has identified 5 Over-Utilized and 3 Under-Utilized Datanodes that need to be balanced.
2023-06-21 17:31:32,647 [main] DEBUG balancer.ContainerBalancerTask (ContainerBalancerTask.java:lambda$initializeIteration$1(453)) - Datanode localhost-252.169.142.112 6a92f63a-cb0f-41f8-83bf-a503b69b751f is Over-Utilized.
2023-06-21 17:31:32,647 [main] DEBUG balancer.ContainerBalancerTask (ContainerBalancerTask.java:lambda$initializeIteration$1(453)) - Datanode localhost-32.43.75.23 dae23e81-fba8-4e0b-9f06-0259b56bd3ac is Over-Utilized.
2023-06-21 17:31:32,647 [main] DEBUG balancer.ContainerBalancerTask (ContainerBalancerTask.java:lambda$initializeIteration$1(453)) - Datanode localhost-113.3.156.99 004ccb32-68e4-4991-a22f-8e452f8fbd62 is Over-Utilized.
2023-06-21 17:31:32,647 [main] DEBUG balancer.ContainerBalancerTask (ContainerBalancerTask.java:lambda$initializeIteration$1(453)) - Datanode localhost-82.150.16.132 32ecad6e-f17a-4679-ae23-acbb5b3806b2 is Over-Utilized.
2023-06-21 17:31:32,647 [main] DEBUG balancer.ContainerBalancerTask (ContainerBalancerTask.java:lambda$initializeIteration$1(453)) - Datanode localhost-220.241.135.250 93c56d4a-2b40-4f13-b1ca-d0aea51b50b1 is Over-Utilized.
2023-06-21 17:31:32,647 [main] DEBUG balancer.ContainerBalancerTask (ContainerBalancerTask.java:lambda$initializeIteration$2(459)) - Datanode localhost-73.220.240.247 804420af-6121-4430-9f5d-df568298576f is Under-Utilized.
2023-06-21 17:31:32,647 [main] DEBUG balancer.ContainerBalancerTask (ContainerBalancerTask.java:lambda$initializeIteration$2(459)) - Datanode localhost-19.20.150.1 45b6fbe5-eb83-432d-bd0f-33b6742fa94a is Under-Utilized.
2023-06-21 17:31:32,647 [main] DEBUG balancer.ContainerBalancerTask (ContainerBalancerTask.java:lambda$initializeIteration$2(459)) - Datanode localhost-233.174.193.193 4343291c-9ef9-415a-a19b-29369ded9a9d is Under-Utilized.
2023-06-21 17:31:32,650 [main] DEBUG balancer.ContainerBalancerTask (ContainerBalancerTask.java:matchSourceWithTarget(706)) - ContainerBalancer is finding suitable target for source datanode 6a92f63a-cb0f-41f8-83bf-a503b69b751f
2023-06-21 17:31:32,650 [main] INFO  balancer.ContainerBalancerTask (ContainerBalancerTask.java:matchSourceWithTarget(720)) - ContainerBalancer matched source datanode 6a92f63a-cb0f-41f8-83bf-a503b69b751f with target datanode 804420af-6121-4430-9f5d-df568298576f for container move.
2023-06-21 17:31:32,650 [main] INFO  balancer.ContainerBalancerTask (ContainerBalancerTask.java:processMoveSelection(569)) - ContainerBalancer is trying to move container #85 with size 5368709120B from source datanode 6a92f63a-cb0f-41f8-83bf-a503b69b751f to target datanode 804420af-6121-4430-9f5d-df568298576f
2023-06-21 17:31:32,651 [main] DEBUG balancer.ContainerBalancerTask (ContainerBalancerTask.java:lambda$moveContainer$3(834)) - Container move completed for container #85 from source 6a92f63a-cb0f-41f8-83bf-a503b69b751f to target 804420af-6121-4430-9f5d-df568298576f
2023-06-21 17:31:32,653 [main] DEBUG balancer.ContainerBalancerTask (ContainerBalancerTask.java:matchSourceWithTarget(706)) - ContainerBalancer is finding suitable target for source datanode 6a92f63a-cb0f-41f8-83bf-a503b69b751f
2023-06-21 17:31:32,653 [main] INFO  balancer.ContainerBalancerTask (ContainerBalancerTask.java:matchSourceWithTarget(720)) - ContainerBalancer matched source datanode 6a92f63a-cb0f-41f8-83bf-a503b69b751f with target datanode 45b6fbe5-eb83-432d-bd0f-33b6742fa94a for container move.
2023-06-21 17:31:32,653 [main] INFO  balancer.ContainerBalancerTask (ContainerBalancerTask.java:processMoveSelection(569)) - ContainerBalancer is trying to move container #53 with size 5368709120B from source datanode 6a92f63a-cb0f-41f8-83bf-a503b69b751f to target datanode 45b6fbe5-eb83-432d-bd0f-33b6742fa94a
2023-06-21 17:31:32,654 [main] DEBUG balancer.ContainerBalancerTask (ContainerBalancerTask.java:lambda$moveContainer$3(834)) - Container move completed for container #53 from source 6a92f63a-cb0f-41f8-83bf-a503b69b751f to target 45b6fbe5-eb83-432d-bd0f-33b6742fa94a
2023-06-21 17:31:32,655 [main] DEBUG balancer.ContainerBalancerTask (ContainerBalancerTask.java:matchSourceWithTarget(706)) - ContainerBalancer is finding suitable target for source datanode dae23e81-fba8-4e0b-9f06-0259b56bd3ac
2023-06-21 17:31:32,656 [main] INFO  balancer.ContainerBalancerTask (ContainerBalancerTask.java:matchSourceWithTarget(720)) - ContainerBalancer matched source datanode dae23e81-fba8-4e0b-9f06-0259b56bd3ac with target datanode 45b6fbe5-eb83-432d-bd0f-33b6742fa94a for container move.
2023-06-21 17:31:32,656 [main] INFO  balancer.ContainerBalancerTask (ContainerBalancerTask.java:processMoveSelection(569)) - ContainerBalancer is trying to move container #68 with size 5368709120B from source datanode dae23e81-fba8-4e0b-9f06-0259b56bd3ac to target datanode 45b6fbe5-eb83-432d-bd0f-33b6742fa94a
2023-06-21 17:31:32,656 [main] DEBUG balancer.ContainerBalancerTask (ContainerBalancerTask.java:lambda$moveContainer$3(834)) - Container move completed for container #68 from source dae23e81-fba8-4e0b-9f06-0259b56bd3ac to target 45b6fbe5-eb83-432d-bd0f-33b6742fa94a
2023-06-21 17:31:32,658 [main] DEBUG balancer.ContainerBalancerTask (ContainerBalancerTask.java:matchSourceWithTarget(706)) - ContainerBalancer is finding suitable target for source datanode 6a92f63a-cb0f-41f8-83bf-a503b69b751f
2023-06-21 17:31:32,658 [main] INFO  balancer.ContainerBalancerTask (ContainerBalancerTask.java:matchSourceWithTarget(720)) - ContainerBalancer matched source datanode 6a92f63a-cb0f-41f8-83bf-a503b69b751f with target datanode 45b6fbe5-eb83-432d-bd0f-33b6742fa94a for container move.
2023-06-21 17:31:32,659 [main] INFO  balancer.ContainerBalancerTask (ContainerBalancerTask.java:processMoveSelection(569)) - ContainerBalancer is trying to move container #89 with size 4294967296B from source datanode 6a92f63a-cb0f-41f8-83bf-a503b69b751f to target datanode 45b6fbe5-eb83-432d-bd0f-33b6742fa94a
2023-06-21 17:31:32,659 [main] DEBUG balancer.ContainerBalancerTask (ContainerBalancerTask.java:lambda$moveContainer$3(834)) - Container move completed for container #89 from source 6a92f63a-cb0f-41f8-83bf-a503b69b751f to target 45b6fbe5-eb83-432d-bd0f-33b6742fa94a
2023-06-21 17:31:32,660 [main] DEBUG balancer.ContainerBalancerTask (ContainerBalancerTask.java:matchSourceWithTarget(706)) - ContainerBalancer is finding suitable target for source datanode 004ccb32-68e4-4991-a22f-8e452f8fbd62
2023-06-21 17:31:32,661 [main] INFO  balancer.ContainerBalancerTask (ContainerBalancerTask.java:matchSourceWithTarget(720)) - ContainerBalancer matched source datanode 004ccb32-68e4-4991-a22f-8e452f8fbd62 with target datanode 45b6fbe5-eb83-432d-bd0f-33b6742fa94a for container move.
2023-06-21 17:31:32,661 [main] INFO  balancer.ContainerBalancerTask (ContainerBalancerTask.java:processMoveSelection(569)) - ContainerBalancer is trying to move container #52 with size 4294967296B from source datanode 004ccb32-68e4-4991-a22f-8e452f8fbd62 to target datanode 45b6fbe5-eb83-432d-bd0f-33b6742fa94a
2023-06-21 17:31:32,661 [main] DEBUG balancer.ContainerBalancerTask (ContainerBalancerTask.java:lambda$moveContainer$3(834)) - Container move completed for container #52 from source 004ccb32-68e4-4991-a22f-8e452f8fbd62 to target 45b6fbe5-eb83-432d-bd0f-33b6742fa94a
2023-06-21 17:31:32,663 [main] DEBUG balancer.ContainerBalancerTask (ContainerBalancerTask.java:matchSourceWithTarget(706)) - ContainerBalancer is finding suitable target for source datanode dae23e81-fba8-4e0b-9f06-0259b56bd3ac
2023-06-21 17:31:32,663 [main] INFO  balancer.ContainerBalancerTask (ContainerBalancerTask.java:matchSourceWithTarget(720)) - ContainerBalancer matched source datanode dae23e81-fba8-4e0b-9f06-0259b56bd3ac with target datanode 45b6fbe5-eb83-432d-bd0f-33b6742fa94a for container move.
2023-06-21 17:31:32,663 [main] INFO  balancer.ContainerBalancerTask (ContainerBalancerTask.java:processMoveSelection(569)) - ContainerBalancer is trying to move container #67 with size 4294967296B from source datanode dae23e81-fba8-4e0b-9f06-0259b56bd3ac to target datanode 45b6fbe5-eb83-432d-bd0f-33b6742fa94a
2023-06-21 17:31:32,663 [main] DEBUG balancer.ContainerBalancerTask (ContainerBalancerTask.java:lambda$moveContainer$3(834)) - Container move completed for container #67 from source dae23e81-fba8-4e0b-9f06-0259b56bd3ac to target 45b6fbe5-eb83-432d-bd0f-33b6742fa94a
2023-06-21 17:31:32,666 [main] DEBUG balancer.ContainerBalancerTask (ContainerBalancerTask.java:matchSourceWithTarget(706)) - ContainerBalancer is finding suitable target for source datanode 6a92f63a-cb0f-41f8-83bf-a503b69b751f
2023-06-21 17:31:32,666 [main] INFO  balancer.ContainerBalancerTask (ContainerBalancerTask.java:matchSourceWithTarget(720)) - ContainerBalancer matched source datanode 6a92f63a-cb0f-41f8-83bf-a503b69b751f with target datanode 45b6fbe5-eb83-432d-bd0f-33b6742fa94a for container move.
2023-06-21 17:31:32,666 [main] INFO  balancer.ContainerBalancerTask (ContainerBalancerTask.java:processMoveSelection(569)) - ContainerBalancer is trying to move container #84 with size 4294967296B from source datanode 6a92f63a-cb0f-41f8-83bf-a503b69b751f to target datanode 45b6fbe5-eb83-432d-bd0f-33b6742fa94a
2023-06-21 17:31:32,666 [main] DEBUG balancer.ContainerBalancerTask (ContainerBalancerTask.java:lambda$moveContainer$3(834)) - Container move completed for container #84 from source 6a92f63a-cb0f-41f8-83bf-a503b69b751f to target 45b6fbe5-eb83-432d-bd0f-33b6742fa94a
2023-06-21 17:31:32,668 [main] DEBUG balancer.ContainerBalancerTask (ContainerBalancerTask.java:matchSourceWithTarget(706)) - ContainerBalancer is finding suitable target for source datanode 004ccb32-68e4-4991-a22f-8e452f8fbd62
2023-06-21 17:31:32,668 [main] INFO  balancer.ContainerBalancerTask (ContainerBalancerTask.java:matchSourceWithTarget(720)) - ContainerBalancer matched source datanode 004ccb32-68e4-4991-a22f-8e452f8fbd62 with target datanode 45b6fbe5-eb83-432d-bd0f-33b6742fa94a for container move.
2023-06-21 17:31:32,668 [main] INFO  balancer.ContainerBalancerTask (ContainerBalancerTask.java:processMoveSelection(569)) - ContainerBalancer is trying to move container #19 with size 4294967296B from source datanode 004ccb32-68e4-4991-a22f-8e452f8fbd62 to target datanode 45b6fbe5-eb83-432d-bd0f-33b6742fa94a
2023-06-21 17:31:32,669 [main] DEBUG balancer.ContainerBalancerTask (ContainerBalancerTask.java:lambda$moveContainer$3(834)) - Container move completed for container #19 from source 004ccb32-68e4-4991-a22f-8e452f8fbd62 to target 45b6fbe5-eb83-432d-bd0f-33b6742fa94a
2023-06-21 17:31:32,672 [main] DEBUG balancer.ContainerBalancerTask (ContainerBalancerTask.java:matchSourceWithTarget(706)) - ContainerBalancer is finding suitable target for source datanode 32ecad6e-f17a-4679-ae23-acbb5b3806b2
2023-06-21 17:31:32,672 [main] INFO  balancer.ContainerBalancerTask (ContainerBalancerTask.java:matchSourceWithTarget(720)) - ContainerBalancer matched source datanode 32ecad6e-f17a-4679-ae23-acbb5b3806b2 with target datanode 4343291c-9ef9-415a-a19b-29369ded9a9d for container move.
2023-06-21 17:31:32,672 [main] INFO  balancer.ContainerBalancerTask (ContainerBalancerTask.java:processMoveSelection(569)) - ContainerBalancer is trying to move container #40 with size 5368709120B from source datanode 32ecad6e-f17a-4679-ae23-acbb5b3806b2 to target datanode 4343291c-9ef9-415a-a19b-29369ded9a9d
2023-06-21 17:31:32,672 [main] DEBUG balancer.ContainerBalancerTask (ContainerBalancerTask.java:lambda$moveContainer$3(834)) - Container move completed for container #40 from source 32ecad6e-f17a-4679-ae23-acbb5b3806b2 to target 4343291c-9ef9-415a-a19b-29369ded9a9d
2023-06-21 17:31:32,674 [main] DEBUG balancer.ContainerBalancerTask (ContainerBalancerTask.java:matchSourceWithTarget(706)) - ContainerBalancer is finding suitable target for source datanode dae23e81-fba8-4e0b-9f06-0259b56bd3ac
2023-06-21 17:31:32,675 [main] INFO  balancer.ContainerBalancerTask (ContainerBalancerTask.java:matchSourceWithTarget(720)) - ContainerBalancer matched source datanode dae23e81-fba8-4e0b-9f06-0259b56bd3ac with target datanode 45b6fbe5-eb83-432d-bd0f-33b6742fa94a for container move.
2023-06-21 17:31:32,675 [main] INFO  balancer.ContainerBalancerTask (ContainerBalancerTask.java:processMoveSelection(569)) - ContainerBalancer is trying to move container #71 with size 3221225472B from source datanode dae23e81-fba8-4e0b-9f06-0259b56bd3ac to target datanode 45b6fbe5-eb83-432d-bd0f-33b6742fa94a
2023-06-21 17:31:32,675 [main] DEBUG balancer.ContainerBalancerTask (ContainerBalancerTask.java:lambda$moveContainer$3(834)) - Container move completed for container #71 from source dae23e81-fba8-4e0b-9f06-0259b56bd3ac to target 45b6fbe5-eb83-432d-bd0f-33b6742fa94a
2023-06-21 17:31:32,678 [main] DEBUG balancer.ContainerBalancerTask (ContainerBalancerTask.java:matchSourceWithTarget(706)) - ContainerBalancer is finding suitable target for source datanode 6a92f63a-cb0f-41f8-83bf-a503b69b751f
2023-06-21 17:31:32,678 [main] INFO  balancer.ContainerBalancerTask (ContainerBalancerTask.java:matchSourceWithTarget(720)) - ContainerBalancer matched source datanode 6a92f63a-cb0f-41f8-83bf-a503b69b751f with target datanode 45b6fbe5-eb83-432d-bd0f-33b6742fa94a for container move.
2023-06-21 17:31:32,678 [main] INFO  balancer.ContainerBalancerTask (ContainerBalancerTask.java:processMoveSelection(569)) - ContainerBalancer is trying to move container #88 with size 3221225472B from source datanode 6a92f63a-cb0f-41f8-83bf-a503b69b751f to target datanode 45b6fbe5-eb83-432d-bd0f-33b6742fa94a
2023-06-21 17:31:32,679 [main] DEBUG balancer.ContainerBalancerTask (ContainerBalancerTask.java:lambda$moveContainer$3(834)) - Container move completed for container #88 from source 6a92f63a-cb0f-41f8-83bf-a503b69b751f to target 45b6fbe5-eb83-432d-bd0f-33b6742fa94a
2023-06-21 17:31:32,682 [main] DEBUG balancer.ContainerBalancerTask (ContainerBalancerTask.java:matchSourceWithTarget(706)) - ContainerBalancer is finding suitable target for source datanode 32ecad6e-f17a-4679-ae23-acbb5b3806b2
2023-06-21 17:31:32,682 [main] INFO  balancer.ContainerBalancerTask (ContainerBalancerTask.java:matchSourceWithTarget(720)) - ContainerBalancer matched source datanode 32ecad6e-f17a-4679-ae23-acbb5b3806b2 with target datanode 45b6fbe5-eb83-432d-bd0f-33b6742fa94a for container move.
2023-06-21 17:31:32,682 [main] INFO  balancer.ContainerBalancerTask (ContainerBalancerTask.java:processMoveSelection(569)) - ContainerBalancer is trying to move container #27 with size 3221225472B from source datanode 32ecad6e-f17a-4679-ae23-acbb5b3806b2 to target datanode 45b6fbe5-eb83-432d-bd0f-33b6742fa94a
2023-06-21 17:31:32,683 [main] DEBUG balancer.ContainerBalancerTask (ContainerBalancerTask.java:lambda$moveContainer$3(834)) - Container move completed for container #27 from source 32ecad6e-f17a-4679-ae23-acbb5b3806b2 to target 45b6fbe5-eb83-432d-bd0f-33b6742fa94a
2023-06-21 17:31:32,685 [main] DEBUG balancer.ContainerBalancerTask (ContainerBalancerTask.java:matchSourceWithTarget(706)) - ContainerBalancer is finding suitable target for source datanode 004ccb32-68e4-4991-a22f-8e452f8fbd62
2023-06-21 17:31:32,685 [main] INFO  balancer.ContainerBalancerTask (ContainerBalancerTask.java:matchSourceWithTarget(720)) - ContainerBalancer matched source datanode 004ccb32-68e4-4991-a22f-8e452f8fbd62 with target datanode 45b6fbe5-eb83-432d-bd0f-33b6742fa94a for container move.
2023-06-21 17:31:32,685 [main] INFO  balancer.ContainerBalancerTask (ContainerBalancerTask.java:processMoveSelection(569)) - ContainerBalancer is trying to move container #54 with size 1073741824B from source datanode 004ccb32-68e4-4991-a22f-8e452f8fbd62 to target datanode 45b6fbe5-eb83-432d-bd0f-33b6742fa94a
2023-06-21 17:31:32,685 [main] DEBUG balancer.ContainerBalancerTask (ContainerBalancerTask.java:lambda$moveContainer$3(834)) - Container move completed for container #54 from source 004ccb32-68e4-4991-a22f-8e452f8fbd62 to target 45b6fbe5-eb83-432d-bd0f-33b6742fa94a
2023-06-21 17:31:32,685 [main] WARN  balancer.ContainerBalancerTask (ContainerBalancerTask.java:reachedMaxSizeToMovePerIteration(731)) - Reached max size to move limit. 53687091200 bytes have already been scheduled for balancing and the limit is 53687091200 bytes.
2023-06-21 17:31:32,685 [main] INFO  balancer.ContainerBalancerTask (ContainerBalancerTask.java:checkIterationMoveResults(640)) - Iteration Summary. Number of Datanodes involved: 7. Size moved: 50 GB (53687091200 Bytes). Number of Container moves completed: 13.
2023-06-21 17:31:32,685 [main] INFO  balancer.ContainerBalancerTask (ContainerBalancerTask.java:balance(259)) - Result of this iteration of Container Balancer: ITERATION_COMPLETED
2023-06-21 17:31:32,685 [main] INFO  balancer.ContainerBalancerTask (ContainerBalancerTask.java:tryStopWithSaveConfiguration(308)) - Save Configuration for stopping. Reason: Completed all iterations.
]]></system-out>
  </testcase>
  <testcase name="containerBalancerShouldObeyMaxDatanodesToInvolveLimit" classname="org.apache.hadoop.hdds.scm.container.balancer.TestContainerBalancerTask" time="0.066">
    <system-out><![CDATA[2023-06-21 17:31:32,709 [main] INFO  net.NodeSchemaLoader (NodeSchemaLoader.java:loadSchemaFromFile(129)) - Loading schema from [file:/home/runner/work/ozone/ozone/hadoop-hdds/common/target/classes/network-topology-default.xml]
2023-06-21 17:31:32,709 [main] INFO  net.NodeSchemaLoader (NodeSchemaLoader.java:loadSchema(176)) - Loading network topology layer schema file
2023-06-21 17:31:32,711 [main] INFO  net.NetworkTopologyImpl (NetworkTopologyImpl.java:add(112)) - Added a new node: /default-rack/b870ac19-d42b-4904-aa76-6e341a4a499c
2023-06-21 17:31:32,711 [main] INFO  net.NetworkTopologyImpl (NetworkTopologyImpl.java:add(112)) - Added a new node: /default-rack/74265c40-e8cf-4a49-a36c-02f876f2d164
2023-06-21 17:31:32,711 [main] INFO  net.NetworkTopologyImpl (NetworkTopologyImpl.java:add(112)) - Added a new node: /default-rack/a9de8102-c059-4c20-a751-019f43487541
2023-06-21 17:31:32,711 [main] INFO  net.NetworkTopologyImpl (NetworkTopologyImpl.java:add(112)) - Added a new node: /default-rack/a81ffc88-8955-4dcc-964b-4a49f75b8fd3
2023-06-21 17:31:32,711 [main] INFO  net.NetworkTopologyImpl (NetworkTopologyImpl.java:add(112)) - Added a new node: /default-rack/7bd3c640-e682-4fea-ad6c-b04d073ca7ee
2023-06-21 17:31:32,711 [main] INFO  net.NetworkTopologyImpl (NetworkTopologyImpl.java:add(112)) - Added a new node: /default-rack/8b789f82-61db-4bf4-b15b-cbe413feb54d
2023-06-21 17:31:32,711 [main] INFO  net.NetworkTopologyImpl (NetworkTopologyImpl.java:add(112)) - Added a new node: /default-rack/eb752f93-177a-45ba-a0f1-8a9c09ed8a2c
2023-06-21 17:31:32,711 [main] INFO  net.NetworkTopologyImpl (NetworkTopologyImpl.java:add(112)) - Added a new node: /default-rack/7cad1924-f352-4410-87f4-b1ee68247408
2023-06-21 17:31:32,712 [main] INFO  net.NetworkTopologyImpl (NetworkTopologyImpl.java:add(112)) - Added a new node: /default-rack/64250e19-bbce-4a8f-b8f3-10ec128c1a23
2023-06-21 17:31:32,712 [main] INFO  net.NetworkTopologyImpl (NetworkTopologyImpl.java:add(112)) - Added a new node: /default-rack/60117219-7800-4b06-a925-427d85017018
2023-06-21 17:31:32,712 [main] INFO  algorithms.ContainerPlacementPolicyFactory (ContainerPlacementPolicyFactory.java:getPolicyInternal(86)) - Create container placement policy of type org.apache.hadoop.hdds.scm.container.placement.algorithms.SCMContainerPlacementRackAware
2023-06-21 17:31:32,712 [main] INFO  algorithms.ContainerPlacementPolicyFactory (ContainerPlacementPolicyFactory.java:getPolicyInternal(86)) - Create container placement policy of type org.apache.hadoop.hdds.scm.container.placement.algorithms.SCMContainerPlacementRackScatter
2023-06-21 17:31:32,714 [main] DEBUG balancer.ContainerBalancerTask (ContainerBalancerTask.java:initializeIteration(374)) - Average utilization of the cluster is 0.32960245029307844
2023-06-21 17:31:32,714 [main] DEBUG balancer.ContainerBalancerTask (ContainerBalancerTask.java:initializeIteration(386)) - Lower limit for utilization is 0.31960245029307843 and Upper limit for utilization is 0.33960245029307845
2023-06-21 17:31:32,714 [main] DEBUG balancer.ContainerBalancerTask (ContainerBalancerTask.java:initializeIteration(398)) - Utilization for node a9de8102-c059-4c20-a751-019f43487541 with capacity 40563580017B, used 36507222016B, and remaining 4056358001B is 0.9000000000172569
2023-06-21 17:31:32,715 [main] DEBUG balancer.ContainerBalancerTask (ContainerBalancerTask.java:initializeIteration(398)) - Utilization for node 7bd3c640-e682-4fea-ad6c-b04d073ca7ee with capacity 49660559360B, used 39728447488B, and remaining 9932111872B is 0.8
2023-06-21 17:31:32,715 [main] DEBUG balancer.ContainerBalancerTask (ContainerBalancerTask.java:initializeIteration(398)) - Utilization for node 74265c40-e8cf-4a49-a36c-02f876f2d164 with capacity 76695844571B, used 53687091200B, and remaining 23008753371B is 0.7000000000039116
2023-06-21 17:31:32,715 [main] DEBUG balancer.ContainerBalancerTask (ContainerBalancerTask.java:initializeIteration(398)) - Utilization for node 60117219-7800-4b06-a925-427d85017018 with capacity 68003648853B, used 40802189312B, and remaining 27201459541B is 0.6000000000029411
2023-06-21 17:31:32,715 [main] DEBUG balancer.ContainerBalancerTask (ContainerBalancerTask.java:initializeIteration(398)) - Utilization for node b870ac19-d42b-4904-aa76-6e341a4a499c with capacity 77309411328B, used 38654705664B, and remaining 38654705664B is 0.5
2023-06-21 17:31:32,715 [main] DEBUG balancer.ContainerBalancerTask (ContainerBalancerTask.java:initializeIteration(398)) - Utilization for node 64250e19-bbce-4a8f-b8f3-10ec128c1a23 with capacity 112742891520B, used 45097156608B, and remaining 67645734912B is 0.4
2023-06-21 17:31:32,715 [main] DEBUG balancer.ContainerBalancerTask (ContainerBalancerTask.java:initializeIteration(398)) - Utilization for node 8b789f82-61db-4bf4-b15b-cbe413feb54d with capacity 186115249493B, used 55834574848B, and remaining 130280674645B is 0.3000000000005373
2023-06-21 17:31:32,715 [main] DEBUG balancer.ContainerBalancerTask (ContainerBalancerTask.java:initializeIteration(398)) - Utilization for node a81ffc88-8955-4dcc-964b-4a49f75b8fd3 with capacity 204010946560B, used 40802189312B, and remaining 163208757248B is 0.2
2023-06-21 17:31:32,715 [main] DEBUG balancer.ContainerBalancerTask (ContainerBalancerTask.java:initializeIteration(398)) - Utilization for node 7cad1924-f352-4410-87f4-b1ee68247408 with capacity 322122547200B, used 32212254720B, and remaining 289910292480B is 0.1
2023-06-21 17:31:32,715 [main] DEBUG balancer.ContainerBalancerTask (ContainerBalancerTask.java:initializeIteration(398)) - Utilization for node eb752f93-177a-45ba-a0f1-8a9c09ed8a2c with capacity 25769803776B, used 0B, and remaining 25769803776B is 0.0
2023-06-21 17:31:32,715 [main] INFO  balancer.ContainerBalancerTask (ContainerBalancerTask.java:initializeIteration(447)) - Container Balancer has identified 6 Over-Utilized and 4 Under-Utilized Datanodes that need to be balanced.
2023-06-21 17:31:32,715 [main] DEBUG balancer.ContainerBalancerTask (ContainerBalancerTask.java:lambda$initializeIteration$1(453)) - Datanode localhost-82.213.83.47 a9de8102-c059-4c20-a751-019f43487541 is Over-Utilized.
2023-06-21 17:31:32,716 [main] DEBUG balancer.ContainerBalancerTask (ContainerBalancerTask.java:lambda$initializeIteration$1(453)) - Datanode localhost-227.235.186.151 7bd3c640-e682-4fea-ad6c-b04d073ca7ee is Over-Utilized.
2023-06-21 17:31:32,716 [main] DEBUG balancer.ContainerBalancerTask (ContainerBalancerTask.java:lambda$initializeIteration$1(453)) - Datanode localhost-43.165.208.223 74265c40-e8cf-4a49-a36c-02f876f2d164 is Over-Utilized.
2023-06-21 17:31:32,716 [main] DEBUG balancer.ContainerBalancerTask (ContainerBalancerTask.java:lambda$initializeIteration$1(453)) - Datanode localhost-117.24.144.193 60117219-7800-4b06-a925-427d85017018 is Over-Utilized.
2023-06-21 17:31:32,716 [main] DEBUG balancer.ContainerBalancerTask (ContainerBalancerTask.java:lambda$initializeIteration$1(453)) - Datanode localhost-18.59.110.12 b870ac19-d42b-4904-aa76-6e341a4a499c is Over-Utilized.
2023-06-21 17:31:32,716 [main] DEBUG balancer.ContainerBalancerTask (ContainerBalancerTask.java:lambda$initializeIteration$1(453)) - Datanode localhost-11.77.195.226 64250e19-bbce-4a8f-b8f3-10ec128c1a23 is Over-Utilized.
2023-06-21 17:31:32,716 [main] DEBUG balancer.ContainerBalancerTask (ContainerBalancerTask.java:lambda$initializeIteration$2(459)) - Datanode localhost-81.83.184.121 eb752f93-177a-45ba-a0f1-8a9c09ed8a2c is Under-Utilized.
2023-06-21 17:31:32,716 [main] DEBUG balancer.ContainerBalancerTask (ContainerBalancerTask.java:lambda$initializeIteration$2(459)) - Datanode localhost-107.136.181.49 7cad1924-f352-4410-87f4-b1ee68247408 is Under-Utilized.
2023-06-21 17:31:32,716 [main] DEBUG balancer.ContainerBalancerTask (ContainerBalancerTask.java:lambda$initializeIteration$2(459)) - Datanode localhost-251.215.95.206 a81ffc88-8955-4dcc-964b-4a49f75b8fd3 is Under-Utilized.
2023-06-21 17:31:32,716 [main] DEBUG balancer.ContainerBalancerTask (ContainerBalancerTask.java:lambda$initializeIteration$2(459)) - Datanode localhost-11.167.124.165 8b789f82-61db-4bf4-b15b-cbe413feb54d is Under-Utilized.
2023-06-21 17:31:32,718 [main] DEBUG balancer.ContainerBalancerTask (ContainerBalancerTask.java:matchSourceWithTarget(706)) - ContainerBalancer is finding suitable target for source datanode a9de8102-c059-4c20-a751-019f43487541
2023-06-21 17:31:32,718 [main] INFO  balancer.ContainerBalancerTask (ContainerBalancerTask.java:matchSourceWithTarget(720)) - ContainerBalancer matched source datanode a9de8102-c059-4c20-a751-019f43487541 with target datanode eb752f93-177a-45ba-a0f1-8a9c09ed8a2c for container move.
2023-06-21 17:31:32,718 [main] INFO  balancer.ContainerBalancerTask (ContainerBalancerTask.java:processMoveSelection(569)) - ContainerBalancer is trying to move container #85 with size 5368709120B from source datanode a9de8102-c059-4c20-a751-019f43487541 to target datanode eb752f93-177a-45ba-a0f1-8a9c09ed8a2c
2023-06-21 17:31:32,718 [main] DEBUG balancer.ContainerBalancerTask (ContainerBalancerTask.java:lambda$moveContainer$3(834)) - Container move completed for container #85 from source a9de8102-c059-4c20-a751-019f43487541 to target eb752f93-177a-45ba-a0f1-8a9c09ed8a2c
2023-06-21 17:31:32,720 [main] DEBUG balancer.ContainerBalancerTask (ContainerBalancerTask.java:matchSourceWithTarget(706)) - ContainerBalancer is finding suitable target for source datanode 7bd3c640-e682-4fea-ad6c-b04d073ca7ee
2023-06-21 17:31:32,720 [main] INFO  balancer.ContainerBalancerTask (ContainerBalancerTask.java:matchSourceWithTarget(720)) - ContainerBalancer matched source datanode 7bd3c640-e682-4fea-ad6c-b04d073ca7ee with target datanode 7cad1924-f352-4410-87f4-b1ee68247408 for container move.
2023-06-21 17:31:32,720 [main] INFO  balancer.ContainerBalancerTask (ContainerBalancerTask.java:processMoveSelection(569)) - ContainerBalancer is trying to move container #29 with size 5368709120B from source datanode 7bd3c640-e682-4fea-ad6c-b04d073ca7ee to target datanode 7cad1924-f352-4410-87f4-b1ee68247408
2023-06-21 17:31:32,720 [main] DEBUG balancer.ContainerBalancerTask (ContainerBalancerTask.java:lambda$moveContainer$3(834)) - Container move completed for container #29 from source 7bd3c640-e682-4fea-ad6c-b04d073ca7ee to target 7cad1924-f352-4410-87f4-b1ee68247408
2023-06-21 17:31:32,721 [main] DEBUG balancer.ContainerBalancerTask (ContainerBalancerTask.java:adaptOnReachingIterationLimits(780)) - Reached max datanodes to involve limit. 4 datanodes have already been selected for balancing and the limit is 4. Only already selected sources and targets can be involved in balancing now.
2023-06-21 17:31:32,722 [main] DEBUG balancer.ContainerBalancerTask (ContainerBalancerTask.java:matchSourceWithTarget(706)) - ContainerBalancer is finding suitable target for source datanode a9de8102-c059-4c20-a751-019f43487541
2023-06-21 17:31:32,722 [main] INFO  balancer.ContainerBalancerTask (ContainerBalancerTask.java:matchSourceWithTarget(720)) - ContainerBalancer matched source datanode a9de8102-c059-4c20-a751-019f43487541 with target datanode 7cad1924-f352-4410-87f4-b1ee68247408 for container move.
2023-06-21 17:31:32,723 [main] INFO  balancer.ContainerBalancerTask (ContainerBalancerTask.java:processMoveSelection(569)) - ContainerBalancer is trying to move container #89 with size 4294967296B from source datanode a9de8102-c059-4c20-a751-019f43487541 to target datanode 7cad1924-f352-4410-87f4-b1ee68247408
2023-06-21 17:31:32,723 [main] DEBUG balancer.ContainerBalancerTask (ContainerBalancerTask.java:lambda$moveContainer$3(834)) - Container move completed for container #89 from source a9de8102-c059-4c20-a751-019f43487541 to target 7cad1924-f352-4410-87f4-b1ee68247408
2023-06-21 17:31:32,724 [main] DEBUG balancer.ContainerBalancerTask (ContainerBalancerTask.java:matchSourceWithTarget(706)) - ContainerBalancer is finding suitable target for source datanode 7bd3c640-e682-4fea-ad6c-b04d073ca7ee
2023-06-21 17:31:32,725 [main] INFO  balancer.ContainerBalancerTask (ContainerBalancerTask.java:matchSourceWithTarget(720)) - ContainerBalancer matched source datanode 7bd3c640-e682-4fea-ad6c-b04d073ca7ee with target datanode 7cad1924-f352-4410-87f4-b1ee68247408 for container move.
2023-06-21 17:31:32,725 [main] INFO  balancer.ContainerBalancerTask (ContainerBalancerTask.java:processMoveSelection(569)) - ContainerBalancer is trying to move container #71 with size 3221225472B from source datanode 7bd3c640-e682-4fea-ad6c-b04d073ca7ee to target datanode 7cad1924-f352-4410-87f4-b1ee68247408
2023-06-21 17:31:32,725 [main] DEBUG balancer.ContainerBalancerTask (ContainerBalancerTask.java:lambda$moveContainer$3(834)) - Container move completed for container #71 from source 7bd3c640-e682-4fea-ad6c-b04d073ca7ee to target 7cad1924-f352-4410-87f4-b1ee68247408
2023-06-21 17:31:32,727 [main] DEBUG balancer.ContainerBalancerTask (ContainerBalancerTask.java:matchSourceWithTarget(706)) - ContainerBalancer is finding suitable target for source datanode a9de8102-c059-4c20-a751-019f43487541
2023-06-21 17:31:32,727 [main] INFO  balancer.ContainerBalancerTask (ContainerBalancerTask.java:matchSourceWithTarget(720)) - ContainerBalancer matched source datanode a9de8102-c059-4c20-a751-019f43487541 with target datanode 7cad1924-f352-4410-87f4-b1ee68247408 for container move.
2023-06-21 17:31:32,727 [main] INFO  balancer.ContainerBalancerTask (ContainerBalancerTask.java:processMoveSelection(569)) - ContainerBalancer is trying to move container #88 with size 3221225472B from source datanode a9de8102-c059-4c20-a751-019f43487541 to target datanode 7cad1924-f352-4410-87f4-b1ee68247408
2023-06-21 17:31:32,727 [main] DEBUG balancer.ContainerBalancerTask (ContainerBalancerTask.java:lambda$moveContainer$3(834)) - Container move completed for container #88 from source a9de8102-c059-4c20-a751-019f43487541 to target 7cad1924-f352-4410-87f4-b1ee68247408
2023-06-21 17:31:32,729 [main] DEBUG balancer.ContainerBalancerTask (ContainerBalancerTask.java:matchSourceWithTarget(706)) - ContainerBalancer is finding suitable target for source datanode 7bd3c640-e682-4fea-ad6c-b04d073ca7ee
2023-06-21 17:31:32,729 [main] INFO  balancer.ContainerBalancerTask (ContainerBalancerTask.java:matchSourceWithTarget(720)) - ContainerBalancer matched source datanode 7bd3c640-e682-4fea-ad6c-b04d073ca7ee with target datanode 7cad1924-f352-4410-87f4-b1ee68247408 for container move.
2023-06-21 17:31:32,729 [main] INFO  balancer.ContainerBalancerTask (ContainerBalancerTask.java:processMoveSelection(569)) - ContainerBalancer is trying to move container #66 with size 3221225472B from source datanode 7bd3c640-e682-4fea-ad6c-b04d073ca7ee to target datanode 7cad1924-f352-4410-87f4-b1ee68247408
2023-06-21 17:31:32,729 [main] DEBUG balancer.ContainerBalancerTask (ContainerBalancerTask.java:lambda$moveContainer$3(834)) - Container move completed for container #66 from source 7bd3c640-e682-4fea-ad6c-b04d073ca7ee to target 7cad1924-f352-4410-87f4-b1ee68247408
2023-06-21 17:31:32,731 [main] DEBUG balancer.ContainerBalancerTask (ContainerBalancerTask.java:matchSourceWithTarget(706)) - ContainerBalancer is finding suitable target for source datanode a9de8102-c059-4c20-a751-019f43487541
2023-06-21 17:31:32,731 [main] INFO  balancer.ContainerBalancerTask (ContainerBalancerTask.java:matchSourceWithTarget(720)) - ContainerBalancer matched source datanode a9de8102-c059-4c20-a751-019f43487541 with target datanode 7cad1924-f352-4410-87f4-b1ee68247408 for container move.
2023-06-21 17:31:32,731 [main] INFO  balancer.ContainerBalancerTask (ContainerBalancerTask.java:processMoveSelection(569)) - ContainerBalancer is trying to move container #83 with size 3221225472B from source datanode a9de8102-c059-4c20-a751-019f43487541 to target datanode 7cad1924-f352-4410-87f4-b1ee68247408
2023-06-21 17:31:32,732 [main] DEBUG balancer.ContainerBalancerTask (ContainerBalancerTask.java:lambda$moveContainer$3(834)) - Container move completed for container #83 from source a9de8102-c059-4c20-a751-019f43487541 to target 7cad1924-f352-4410-87f4-b1ee68247408
2023-06-21 17:31:32,733 [main] DEBUG balancer.ContainerBalancerTask (ContainerBalancerTask.java:matchSourceWithTarget(706)) - ContainerBalancer is finding suitable target for source datanode 7bd3c640-e682-4fea-ad6c-b04d073ca7ee
2023-06-21 17:31:32,734 [main] INFO  balancer.ContainerBalancerTask (ContainerBalancerTask.java:matchSourceWithTarget(720)) - ContainerBalancer matched source datanode 7bd3c640-e682-4fea-ad6c-b04d073ca7ee with target datanode 7cad1924-f352-4410-87f4-b1ee68247408 for container move.
2023-06-21 17:31:32,734 [main] INFO  balancer.ContainerBalancerTask (ContainerBalancerTask.java:processMoveSelection(569)) - ContainerBalancer is trying to move container #51 with size 3221225472B from source datanode 7bd3c640-e682-4fea-ad6c-b04d073ca7ee to target datanode 7cad1924-f352-4410-87f4-b1ee68247408
2023-06-21 17:31:32,734 [main] DEBUG balancer.ContainerBalancerTask (ContainerBalancerTask.java:lambda$moveContainer$3(834)) - Container move completed for container #51 from source 7bd3c640-e682-4fea-ad6c-b04d073ca7ee to target 7cad1924-f352-4410-87f4-b1ee68247408
2023-06-21 17:31:32,736 [main] DEBUG balancer.ContainerBalancerTask (ContainerBalancerTask.java:matchSourceWithTarget(706)) - ContainerBalancer is finding suitable target for source datanode a9de8102-c059-4c20-a751-019f43487541
2023-06-21 17:31:32,736 [main] INFO  balancer.ContainerBalancerTask (ContainerBalancerTask.java:matchSourceWithTarget(720)) - ContainerBalancer matched source datanode a9de8102-c059-4c20-a751-019f43487541 with target datanode 7cad1924-f352-4410-87f4-b1ee68247408 for container move.
2023-06-21 17:31:32,736 [main] INFO  balancer.ContainerBalancerTask (ContainerBalancerTask.java:processMoveSelection(569)) - ContainerBalancer is trying to move container #87 with size 2147483648B from source datanode a9de8102-c059-4c20-a751-019f43487541 to target datanode 7cad1924-f352-4410-87f4-b1ee68247408
2023-06-21 17:31:32,736 [main] DEBUG balancer.ContainerBalancerTask (ContainerBalancerTask.java:lambda$moveContainer$3(834)) - Container move completed for container #87 from source a9de8102-c059-4c20-a751-019f43487541 to target 7cad1924-f352-4410-87f4-b1ee68247408
2023-06-21 17:31:32,738 [main] DEBUG balancer.ContainerBalancerTask (ContainerBalancerTask.java:matchSourceWithTarget(706)) - ContainerBalancer is finding suitable target for source datanode 7bd3c640-e682-4fea-ad6c-b04d073ca7ee
2023-06-21 17:31:32,738 [main] INFO  balancer.ContainerBalancerTask (ContainerBalancerTask.java:matchSourceWithTarget(720)) - ContainerBalancer matched source datanode 7bd3c640-e682-4fea-ad6c-b04d073ca7ee with target datanode 7cad1924-f352-4410-87f4-b1ee68247408 for container move.
2023-06-21 17:31:32,739 [main] INFO  balancer.ContainerBalancerTask (ContainerBalancerTask.java:processMoveSelection(569)) - ContainerBalancer is trying to move container #27 with size 3221225472B from source datanode 7bd3c640-e682-4fea-ad6c-b04d073ca7ee to target datanode 7cad1924-f352-4410-87f4-b1ee68247408
2023-06-21 17:31:32,739 [main] DEBUG balancer.ContainerBalancerTask (ContainerBalancerTask.java:lambda$moveContainer$3(834)) - Container move completed for container #27 from source 7bd3c640-e682-4fea-ad6c-b04d073ca7ee to target 7cad1924-f352-4410-87f4-b1ee68247408
2023-06-21 17:31:32,741 [main] DEBUG balancer.ContainerBalancerTask (ContainerBalancerTask.java:matchSourceWithTarget(706)) - ContainerBalancer is finding suitable target for source datanode a9de8102-c059-4c20-a751-019f43487541
2023-06-21 17:31:32,741 [main] INFO  balancer.ContainerBalancerTask (ContainerBalancerTask.java:matchSourceWithTarget(720)) - ContainerBalancer matched source datanode a9de8102-c059-4c20-a751-019f43487541 with target datanode 7cad1924-f352-4410-87f4-b1ee68247408 for container move.
2023-06-21 17:31:32,741 [main] INFO  balancer.ContainerBalancerTask (ContainerBalancerTask.java:processMoveSelection(569)) - ContainerBalancer is trying to move container #82 with size 2147483648B from source datanode a9de8102-c059-4c20-a751-019f43487541 to target datanode 7cad1924-f352-4410-87f4-b1ee68247408
2023-06-21 17:31:32,741 [main] DEBUG balancer.ContainerBalancerTask (ContainerBalancerTask.java:lambda$moveContainer$3(834)) - Container move completed for container #82 from source a9de8102-c059-4c20-a751-019f43487541 to target 7cad1924-f352-4410-87f4-b1ee68247408
2023-06-21 17:31:32,743 [main] DEBUG balancer.ContainerBalancerTask (ContainerBalancerTask.java:matchSourceWithTarget(706)) - ContainerBalancer is finding suitable target for source datanode 7bd3c640-e682-4fea-ad6c-b04d073ca7ee
2023-06-21 17:31:32,744 [main] INFO  balancer.ContainerBalancerTask (ContainerBalancerTask.java:matchSourceWithTarget(720)) - ContainerBalancer matched source datanode 7bd3c640-e682-4fea-ad6c-b04d073ca7ee with target datanode 7cad1924-f352-4410-87f4-b1ee68247408 for container move.
2023-06-21 17:31:32,744 [main] INFO  balancer.ContainerBalancerTask (ContainerBalancerTask.java:processMoveSelection(569)) - ContainerBalancer is trying to move container #18 with size 3221225472B from source datanode 7bd3c640-e682-4fea-ad6c-b04d073ca7ee to target datanode 7cad1924-f352-4410-87f4-b1ee68247408
2023-06-21 17:31:32,744 [main] DEBUG balancer.ContainerBalancerTask (ContainerBalancerTask.java:lambda$moveContainer$3(834)) - Container move completed for container #18 from source 7bd3c640-e682-4fea-ad6c-b04d073ca7ee to target 7cad1924-f352-4410-87f4-b1ee68247408
2023-06-21 17:31:32,746 [main] DEBUG balancer.ContainerBalancerTask (ContainerBalancerTask.java:matchSourceWithTarget(706)) - ContainerBalancer is finding suitable target for source datanode a9de8102-c059-4c20-a751-019f43487541
2023-06-21 17:31:32,746 [main] INFO  balancer.ContainerBalancerTask (ContainerBalancerTask.java:matchSourceWithTarget(720)) - ContainerBalancer matched source datanode a9de8102-c059-4c20-a751-019f43487541 with target datanode eb752f93-177a-45ba-a0f1-8a9c09ed8a2c for container move.
2023-06-21 17:31:32,746 [main] INFO  balancer.ContainerBalancerTask (ContainerBalancerTask.java:processMoveSelection(569)) - ContainerBalancer is trying to move container #10 with size 2147483648B from source datanode a9de8102-c059-4c20-a751-019f43487541 to target datanode eb752f93-177a-45ba-a0f1-8a9c09ed8a2c
2023-06-21 17:31:32,746 [main] DEBUG balancer.ContainerBalancerTask (ContainerBalancerTask.java:lambda$moveContainer$3(834)) - Container move completed for container #10 from source a9de8102-c059-4c20-a751-019f43487541 to target eb752f93-177a-45ba-a0f1-8a9c09ed8a2c
2023-06-21 17:31:32,748 [main] DEBUG balancer.ContainerBalancerTask (ContainerBalancerTask.java:matchSourceWithTarget(706)) - ContainerBalancer is finding suitable target for source datanode 7bd3c640-e682-4fea-ad6c-b04d073ca7ee
2023-06-21 17:31:32,748 [main] INFO  balancer.ContainerBalancerTask (ContainerBalancerTask.java:matchSourceWithTarget(720)) - ContainerBalancer matched source datanode 7bd3c640-e682-4fea-ad6c-b04d073ca7ee with target datanode 7cad1924-f352-4410-87f4-b1ee68247408 for container move.
2023-06-21 17:31:32,749 [main] INFO  balancer.ContainerBalancerTask (ContainerBalancerTask.java:processMoveSelection(569)) - ContainerBalancer is trying to move container #70 with size 2147483648B from source datanode 7bd3c640-e682-4fea-ad6c-b04d073ca7ee to target datanode 7cad1924-f352-4410-87f4-b1ee68247408
2023-06-21 17:31:32,749 [main] DEBUG balancer.ContainerBalancerTask (ContainerBalancerTask.java:lambda$moveContainer$3(834)) - Container move completed for container #70 from source 7bd3c640-e682-4fea-ad6c-b04d073ca7ee to target 7cad1924-f352-4410-87f4-b1ee68247408
2023-06-21 17:31:32,751 [main] DEBUG balancer.ContainerBalancerTask (ContainerBalancerTask.java:matchSourceWithTarget(699)) - ContainerBalancer could not find any candidate containers for datanode a9de8102-c059-4c20-a751-019f43487541
2023-06-21 17:31:32,752 [main] DEBUG balancer.ContainerBalancerTask (ContainerBalancerTask.java:matchSourceWithTarget(699)) - ContainerBalancer could not find any candidate containers for datanode 7bd3c640-e682-4fea-ad6c-b04d073ca7ee
2023-06-21 17:31:32,752 [main] INFO  balancer.FindSourceGreedy (FindSourceGreedy.java:getNextCandidateSourceDataNode(126)) - no more candidate source data node
2023-06-21 17:31:32,752 [main] INFO  balancer.ContainerBalancerTask (ContainerBalancerTask.java:checkIterationMoveResults(640)) - Iteration Summary. Number of Datanodes involved: 4. Size moved: 43 GB (46170898432 Bytes). Number of Container moves completed: 14.
2023-06-21 17:31:32,752 [main] INFO  balancer.ContainerBalancerTask (ContainerBalancerTask.java:balance(259)) - Result of this iteration of Container Balancer: ITERATION_COMPLETED
2023-06-21 17:31:32,753 [main] INFO  balancer.ContainerBalancerTask (ContainerBalancerTask.java:tryStopWithSaveConfiguration(308)) - Save Configuration for stopping. Reason: Completed all iterations.
]]></system-out>
  </testcase>
  <testcase name="testBalancerWithMoveManager" classname="org.apache.hadoop.hdds.scm.container.balancer.TestContainerBalancerTask" time="0.101">
    <system-out><![CDATA[2023-06-21 17:31:32,784 [main] INFO  net.NodeSchemaLoader (NodeSchemaLoader.java:loadSchemaFromFile(129)) - Loading schema from [file:/home/runner/work/ozone/ozone/hadoop-hdds/common/target/classes/network-topology-default.xml]
2023-06-21 17:31:32,784 [main] INFO  net.NodeSchemaLoader (NodeSchemaLoader.java:loadSchema(176)) - Loading network topology layer schema file
2023-06-21 17:31:32,787 [main] INFO  net.NetworkTopologyImpl (NetworkTopologyImpl.java:add(112)) - Added a new node: /default-rack/52d9275a-5c0f-46bf-a698-29bb770fe4de
2023-06-21 17:31:32,787 [main] INFO  net.NetworkTopologyImpl (NetworkTopologyImpl.java:add(112)) - Added a new node: /default-rack/2ef14cf4-2a0a-42b6-bf94-ca06b2d9e197
2023-06-21 17:31:32,787 [main] INFO  net.NetworkTopologyImpl (NetworkTopologyImpl.java:add(112)) - Added a new node: /default-rack/c8e52ef1-3011-44f7-aaab-997c7f445407
2023-06-21 17:31:32,787 [main] INFO  net.NetworkTopologyImpl (NetworkTopologyImpl.java:add(112)) - Added a new node: /default-rack/0b6b1377-237f-4d27-a9ec-fad65b3a9813
2023-06-21 17:31:32,787 [main] INFO  net.NetworkTopologyImpl (NetworkTopologyImpl.java:add(112)) - Added a new node: /default-rack/29331470-d157-473c-a58b-835a13771b77
2023-06-21 17:31:32,787 [main] INFO  net.NetworkTopologyImpl (NetworkTopologyImpl.java:add(112)) - Added a new node: /default-rack/0cfd321b-b241-4f65-ac97-88b28311c38c
2023-06-21 17:31:32,787 [main] INFO  net.NetworkTopologyImpl (NetworkTopologyImpl.java:add(112)) - Added a new node: /default-rack/ebca1d16-9ce4-4c37-b1a7-7c5791e1f273
2023-06-21 17:31:32,788 [main] INFO  net.NetworkTopologyImpl (NetworkTopologyImpl.java:add(112)) - Added a new node: /default-rack/ea0f4140-ecc9-4aea-b110-77de6f21154d
2023-06-21 17:31:32,788 [main] INFO  net.NetworkTopologyImpl (NetworkTopologyImpl.java:add(112)) - Added a new node: /default-rack/79f473ce-5dee-4a5e-968f-ded9307f26ad
2023-06-21 17:31:32,788 [main] INFO  net.NetworkTopologyImpl (NetworkTopologyImpl.java:add(112)) - Added a new node: /default-rack/0e19d260-0864-4410-916c-9c7328854348
2023-06-21 17:31:32,788 [main] INFO  algorithms.ContainerPlacementPolicyFactory (ContainerPlacementPolicyFactory.java:getPolicyInternal(86)) - Create container placement policy of type org.apache.hadoop.hdds.scm.container.placement.algorithms.SCMContainerPlacementRackAware
2023-06-21 17:31:32,789 [main] INFO  algorithms.ContainerPlacementPolicyFactory (ContainerPlacementPolicyFactory.java:getPolicyInternal(86)) - Create container placement policy of type org.apache.hadoop.hdds.scm.container.placement.algorithms.SCMContainerPlacementRackScatter
2023-06-21 17:31:32,793 [main] DEBUG balancer.ContainerBalancerTask (ContainerBalancerTask.java:initializeIteration(374)) - Average utilization of the cluster is 0.31564114607833516
2023-06-21 17:31:32,793 [main] DEBUG balancer.ContainerBalancerTask (ContainerBalancerTask.java:initializeIteration(386)) - Lower limit for utilization is 0.21564114607833515 and Upper limit for utilization is 0.41564114607833513
2023-06-21 17:31:32,793 [main] DEBUG balancer.ContainerBalancerTask (ContainerBalancerTask.java:initializeIteration(398)) - Utilization for node ebca1d16-9ce4-4c37-b1a7-7c5791e1f273 with capacity 60845370026B, used 54760833024B, and remaining 6084537002B is 0.900000000009861
2023-06-21 17:31:32,793 [main] DEBUG balancer.ContainerBalancerTask (ContainerBalancerTask.java:initializeIteration(398)) - Utilization for node 0cfd321b-b241-4f65-ac97-88b28311c38c with capacity 46976204800B, used 37580963840B, and remaining 9395240960B is 0.8
2023-06-21 17:31:32,793 [main] DEBUG balancer.ContainerBalancerTask (ContainerBalancerTask.java:initializeIteration(398)) - Utilization for node 29331470-d157-473c-a58b-835a13771b77 with capacity 72094093897B, used 50465865728B, and remaining 21628228169B is 0.7000000000013871
2023-06-21 17:31:32,793 [main] DEBUG balancer.ContainerBalancerTask (ContainerBalancerTask.java:initializeIteration(398)) - Utilization for node c8e52ef1-3011-44f7-aaab-997c7f445407 with capacity 80530636800B, used 48318382080B, and remaining 32212254720B is 0.6
2023-06-21 17:31:32,793 [main] DEBUG balancer.ContainerBalancerTask (ContainerBalancerTask.java:initializeIteration(398)) - Utilization for node 52d9275a-5c0f-46bf-a698-29bb770fe4de with capacity 83751862272B, used 41875931136B, and remaining 41875931136B is 0.5
2023-06-21 17:31:32,793 [main] DEBUG balancer.ContainerBalancerTask (ContainerBalancerTask.java:initializeIteration(398)) - Utilization for node 0e19d260-0864-4410-916c-9c7328854348 with capacity 123480309760B, used 49392123904B, and remaining 74088185856B is 0.4
2023-06-21 17:31:32,794 [main] DEBUG balancer.ContainerBalancerTask (ContainerBalancerTask.java:initializeIteration(398)) - Utilization for node 2ef14cf4-2a0a-42b6-bf94-ca06b2d9e197 with capacity 103795042986B, used 31138512896B, and remaining 72656530090B is 0.3000000000019269
2023-06-21 17:31:32,794 [main] DEBUG balancer.ContainerBalancerTask (ContainerBalancerTask.java:initializeIteration(398)) - Utilization for node 0b6b1377-237f-4d27-a9ec-fad65b3a9813 with capacity 220117073920B, used 44023414784B, and remaining 176093659136B is 0.2
2023-06-21 17:31:32,794 [main] DEBUG balancer.ContainerBalancerTask (ContainerBalancerTask.java:initializeIteration(398)) - Utilization for node 79f473ce-5dee-4a5e-968f-ded9307f26ad with capacity 461708984320B, used 46170898432B, and remaining 415538085888B is 0.1
2023-06-21 17:31:32,794 [main] DEBUG balancer.ContainerBalancerTask (ContainerBalancerTask.java:initializeIteration(398)) - Utilization for node ea0f4140-ecc9-4aea-b110-77de6f21154d with capacity 25769803776B, used 0B, and remaining 25769803776B is 0.0
2023-06-21 17:31:32,794 [main] INFO  balancer.ContainerBalancerTask (ContainerBalancerTask.java:initializeIteration(447)) - Container Balancer has identified 5 Over-Utilized and 3 Under-Utilized Datanodes that need to be balanced.
2023-06-21 17:31:32,794 [main] DEBUG balancer.ContainerBalancerTask (ContainerBalancerTask.java:lambda$initializeIteration$1(453)) - Datanode localhost-151.214.12.186 ebca1d16-9ce4-4c37-b1a7-7c5791e1f273 is Over-Utilized.
2023-06-21 17:31:32,794 [main] DEBUG balancer.ContainerBalancerTask (ContainerBalancerTask.java:lambda$initializeIteration$1(453)) - Datanode localhost-240.198.243.19 0cfd321b-b241-4f65-ac97-88b28311c38c is Over-Utilized.
2023-06-21 17:31:32,794 [main] DEBUG balancer.ContainerBalancerTask (ContainerBalancerTask.java:lambda$initializeIteration$1(453)) - Datanode localhost-56.180.162.173 29331470-d157-473c-a58b-835a13771b77 is Over-Utilized.
2023-06-21 17:31:32,794 [main] DEBUG balancer.ContainerBalancerTask (ContainerBalancerTask.java:lambda$initializeIteration$1(453)) - Datanode localhost-254.168.204.66 c8e52ef1-3011-44f7-aaab-997c7f445407 is Over-Utilized.
2023-06-21 17:31:32,794 [main] DEBUG balancer.ContainerBalancerTask (ContainerBalancerTask.java:lambda$initializeIteration$1(453)) - Datanode localhost-175.19.227.140 52d9275a-5c0f-46bf-a698-29bb770fe4de is Over-Utilized.
2023-06-21 17:31:32,794 [main] DEBUG balancer.ContainerBalancerTask (ContainerBalancerTask.java:lambda$initializeIteration$2(459)) - Datanode localhost-15.207.201.55 ea0f4140-ecc9-4aea-b110-77de6f21154d is Under-Utilized.
2023-06-21 17:31:32,794 [main] DEBUG balancer.ContainerBalancerTask (ContainerBalancerTask.java:lambda$initializeIteration$2(459)) - Datanode localhost-70.8.220.213 79f473ce-5dee-4a5e-968f-ded9307f26ad is Under-Utilized.
2023-06-21 17:31:32,794 [main] DEBUG balancer.ContainerBalancerTask (ContainerBalancerTask.java:lambda$initializeIteration$2(459)) - Datanode localhost-98.84.138.144 0b6b1377-237f-4d27-a9ec-fad65b3a9813 is Under-Utilized.
2023-06-21 17:31:32,797 [main] DEBUG balancer.ContainerBalancerTask (ContainerBalancerTask.java:matchSourceWithTarget(706)) - ContainerBalancer is finding suitable target for source datanode ebca1d16-9ce4-4c37-b1a7-7c5791e1f273
2023-06-21 17:31:32,798 [main] INFO  balancer.ContainerBalancerTask (ContainerBalancerTask.java:matchSourceWithTarget(720)) - ContainerBalancer matched source datanode ebca1d16-9ce4-4c37-b1a7-7c5791e1f273 with target datanode ea0f4140-ecc9-4aea-b110-77de6f21154d for container move.
2023-06-21 17:31:32,798 [main] INFO  balancer.ContainerBalancerTask (ContainerBalancerTask.java:processMoveSelection(569)) - ContainerBalancer is trying to move container #85 with size 5368709120B from source datanode ebca1d16-9ce4-4c37-b1a7-7c5791e1f273 to target datanode ea0f4140-ecc9-4aea-b110-77de6f21154d
2023-06-21 17:31:32,798 [main] DEBUG balancer.ContainerBalancerTask (ContainerBalancerTask.java:lambda$moveContainer$3(834)) - Container move completed for container #85 from source ebca1d16-9ce4-4c37-b1a7-7c5791e1f273 to target ea0f4140-ecc9-4aea-b110-77de6f21154d
2023-06-21 17:31:32,800 [main] DEBUG balancer.ContainerBalancerTask (ContainerBalancerTask.java:matchSourceWithTarget(706)) - ContainerBalancer is finding suitable target for source datanode ebca1d16-9ce4-4c37-b1a7-7c5791e1f273
2023-06-21 17:31:32,801 [main] INFO  balancer.ContainerBalancerTask (ContainerBalancerTask.java:matchSourceWithTarget(720)) - ContainerBalancer matched source datanode ebca1d16-9ce4-4c37-b1a7-7c5791e1f273 with target datanode 79f473ce-5dee-4a5e-968f-ded9307f26ad for container move.
2023-06-21 17:31:32,801 [main] INFO  balancer.ContainerBalancerTask (ContainerBalancerTask.java:processMoveSelection(569)) - ContainerBalancer is trying to move container #29 with size 5368709120B from source datanode ebca1d16-9ce4-4c37-b1a7-7c5791e1f273 to target datanode 79f473ce-5dee-4a5e-968f-ded9307f26ad
2023-06-21 17:31:32,801 [main] DEBUG balancer.ContainerBalancerTask (ContainerBalancerTask.java:lambda$moveContainer$3(834)) - Container move completed for container #29 from source ebca1d16-9ce4-4c37-b1a7-7c5791e1f273 to target 79f473ce-5dee-4a5e-968f-ded9307f26ad
2023-06-21 17:31:32,803 [main] DEBUG balancer.ContainerBalancerTask (ContainerBalancerTask.java:matchSourceWithTarget(706)) - ContainerBalancer is finding suitable target for source datanode 0cfd321b-b241-4f65-ac97-88b28311c38c
2023-06-21 17:31:32,803 [main] INFO  balancer.ContainerBalancerTask (ContainerBalancerTask.java:matchSourceWithTarget(720)) - ContainerBalancer matched source datanode 0cfd321b-b241-4f65-ac97-88b28311c38c with target datanode 79f473ce-5dee-4a5e-968f-ded9307f26ad for container move.
2023-06-21 17:31:32,803 [main] INFO  balancer.ContainerBalancerTask (ContainerBalancerTask.java:processMoveSelection(569)) - ContainerBalancer is trying to move container #68 with size 5368709120B from source datanode 0cfd321b-b241-4f65-ac97-88b28311c38c to target datanode 79f473ce-5dee-4a5e-968f-ded9307f26ad
2023-06-21 17:31:32,803 [main] DEBUG balancer.ContainerBalancerTask (ContainerBalancerTask.java:lambda$moveContainer$3(834)) - Container move completed for container #68 from source 0cfd321b-b241-4f65-ac97-88b28311c38c to target 79f473ce-5dee-4a5e-968f-ded9307f26ad
2023-06-21 17:31:32,806 [main] DEBUG balancer.ContainerBalancerTask (ContainerBalancerTask.java:matchSourceWithTarget(706)) - ContainerBalancer is finding suitable target for source datanode ebca1d16-9ce4-4c37-b1a7-7c5791e1f273
2023-06-21 17:31:32,806 [main] INFO  balancer.ContainerBalancerTask (ContainerBalancerTask.java:matchSourceWithTarget(720)) - ContainerBalancer matched source datanode ebca1d16-9ce4-4c37-b1a7-7c5791e1f273 with target datanode 79f473ce-5dee-4a5e-968f-ded9307f26ad for container move.
2023-06-21 17:31:32,806 [main] INFO  balancer.ContainerBalancerTask (ContainerBalancerTask.java:processMoveSelection(569)) - ContainerBalancer is trying to move container #89 with size 4294967296B from source datanode ebca1d16-9ce4-4c37-b1a7-7c5791e1f273 to target datanode 79f473ce-5dee-4a5e-968f-ded9307f26ad
2023-06-21 17:31:32,806 [main] DEBUG balancer.ContainerBalancerTask (ContainerBalancerTask.java:lambda$moveContainer$3(834)) - Container move completed for container #89 from source ebca1d16-9ce4-4c37-b1a7-7c5791e1f273 to target 79f473ce-5dee-4a5e-968f-ded9307f26ad
2023-06-21 17:31:32,809 [main] DEBUG balancer.ContainerBalancerTask (ContainerBalancerTask.java:matchSourceWithTarget(706)) - ContainerBalancer is finding suitable target for source datanode 29331470-d157-473c-a58b-835a13771b77
2023-06-21 17:31:32,809 [main] INFO  balancer.ContainerBalancerTask (ContainerBalancerTask.java:matchSourceWithTarget(720)) - ContainerBalancer matched source datanode 29331470-d157-473c-a58b-835a13771b77 with target datanode 79f473ce-5dee-4a5e-968f-ded9307f26ad for container move.
2023-06-21 17:31:32,809 [main] INFO  balancer.ContainerBalancerTask (ContainerBalancerTask.java:processMoveSelection(569)) - ContainerBalancer is trying to move container #83 with size 3221225472B from source datanode 29331470-d157-473c-a58b-835a13771b77 to target datanode 79f473ce-5dee-4a5e-968f-ded9307f26ad
2023-06-21 17:31:32,809 [main] DEBUG balancer.ContainerBalancerTask (ContainerBalancerTask.java:lambda$moveContainer$3(834)) - Container move completed for container #83 from source 29331470-d157-473c-a58b-835a13771b77 to target 79f473ce-5dee-4a5e-968f-ded9307f26ad
2023-06-21 17:31:32,812 [main] DEBUG balancer.ContainerBalancerTask (ContainerBalancerTask.java:matchSourceWithTarget(706)) - ContainerBalancer is finding suitable target for source datanode 0cfd321b-b241-4f65-ac97-88b28311c38c
2023-06-21 17:31:32,812 [main] INFO  balancer.ContainerBalancerTask (ContainerBalancerTask.java:matchSourceWithTarget(720)) - ContainerBalancer matched source datanode 0cfd321b-b241-4f65-ac97-88b28311c38c with target datanode 79f473ce-5dee-4a5e-968f-ded9307f26ad for container move.
2023-06-21 17:31:32,812 [main] INFO  balancer.ContainerBalancerTask (ContainerBalancerTask.java:processMoveSelection(569)) - ContainerBalancer is trying to move container #19 with size 4294967296B from source datanode 0cfd321b-b241-4f65-ac97-88b28311c38c to target datanode 79f473ce-5dee-4a5e-968f-ded9307f26ad
2023-06-21 17:31:32,812 [main] DEBUG balancer.ContainerBalancerTask (ContainerBalancerTask.java:lambda$moveContainer$3(834)) - Container move completed for container #19 from source 0cfd321b-b241-4f65-ac97-88b28311c38c to target 79f473ce-5dee-4a5e-968f-ded9307f26ad
2023-06-21 17:31:32,815 [main] DEBUG balancer.ContainerBalancerTask (ContainerBalancerTask.java:matchSourceWithTarget(706)) - ContainerBalancer is finding suitable target for source datanode 29331470-d157-473c-a58b-835a13771b77
2023-06-21 17:31:32,815 [main] INFO  balancer.ContainerBalancerTask (ContainerBalancerTask.java:matchSourceWithTarget(720)) - ContainerBalancer matched source datanode 29331470-d157-473c-a58b-835a13771b77 with target datanode 79f473ce-5dee-4a5e-968f-ded9307f26ad for container move.
2023-06-21 17:31:32,815 [main] INFO  balancer.ContainerBalancerTask (ContainerBalancerTask.java:processMoveSelection(569)) - ContainerBalancer is trying to move container #71 with size 3221225472B from source datanode 29331470-d157-473c-a58b-835a13771b77 to target datanode 79f473ce-5dee-4a5e-968f-ded9307f26ad
2023-06-21 17:31:32,815 [main] DEBUG balancer.ContainerBalancerTask (ContainerBalancerTask.java:lambda$moveContainer$3(834)) - Container move completed for container #71 from source 29331470-d157-473c-a58b-835a13771b77 to target 79f473ce-5dee-4a5e-968f-ded9307f26ad
2023-06-21 17:31:32,819 [main] DEBUG balancer.ContainerBalancerTask (ContainerBalancerTask.java:matchSourceWithTarget(706)) - ContainerBalancer is finding suitable target for source datanode ebca1d16-9ce4-4c37-b1a7-7c5791e1f273
2023-06-21 17:31:32,819 [main] INFO  balancer.ContainerBalancerTask (ContainerBalancerTask.java:matchSourceWithTarget(720)) - ContainerBalancer matched source datanode ebca1d16-9ce4-4c37-b1a7-7c5791e1f273 with target datanode 79f473ce-5dee-4a5e-968f-ded9307f26ad for container move.
2023-06-21 17:31:32,819 [main] INFO  balancer.ContainerBalancerTask (ContainerBalancerTask.java:processMoveSelection(569)) - ContainerBalancer is trying to move container #84 with size 4294967296B from source datanode ebca1d16-9ce4-4c37-b1a7-7c5791e1f273 to target datanode 79f473ce-5dee-4a5e-968f-ded9307f26ad
2023-06-21 17:31:32,819 [main] DEBUG balancer.ContainerBalancerTask (ContainerBalancerTask.java:lambda$moveContainer$3(834)) - Container move completed for container #84 from source ebca1d16-9ce4-4c37-b1a7-7c5791e1f273 to target 79f473ce-5dee-4a5e-968f-ded9307f26ad
2023-06-21 17:31:32,822 [main] DEBUG balancer.ContainerBalancerTask (ContainerBalancerTask.java:matchSourceWithTarget(706)) - ContainerBalancer is finding suitable target for source datanode 29331470-d157-473c-a58b-835a13771b77
2023-06-21 17:31:32,822 [main] INFO  balancer.ContainerBalancerTask (ContainerBalancerTask.java:matchSourceWithTarget(720)) - ContainerBalancer matched source datanode 29331470-d157-473c-a58b-835a13771b77 with target datanode 79f473ce-5dee-4a5e-968f-ded9307f26ad for container move.
2023-06-21 17:31:32,822 [main] INFO  balancer.ContainerBalancerTask (ContainerBalancerTask.java:processMoveSelection(569)) - ContainerBalancer is trying to move container #51 with size 3221225472B from source datanode 29331470-d157-473c-a58b-835a13771b77 to target datanode 79f473ce-5dee-4a5e-968f-ded9307f26ad
2023-06-21 17:31:32,822 [main] DEBUG balancer.ContainerBalancerTask (ContainerBalancerTask.java:lambda$moveContainer$3(834)) - Container move completed for container #51 from source 29331470-d157-473c-a58b-835a13771b77 to target 79f473ce-5dee-4a5e-968f-ded9307f26ad
2023-06-21 17:31:32,826 [main] DEBUG balancer.ContainerBalancerTask (ContainerBalancerTask.java:matchSourceWithTarget(706)) - ContainerBalancer is finding suitable target for source datanode c8e52ef1-3011-44f7-aaab-997c7f445407
2023-06-21 17:31:32,826 [main] INFO  balancer.ContainerBalancerTask (ContainerBalancerTask.java:matchSourceWithTarget(720)) - ContainerBalancer matched source datanode c8e52ef1-3011-44f7-aaab-997c7f445407 with target datanode 79f473ce-5dee-4a5e-968f-ded9307f26ad for container move.
2023-06-21 17:31:32,826 [main] INFO  balancer.ContainerBalancerTask (ContainerBalancerTask.java:processMoveSelection(569)) - ContainerBalancer is trying to move container #38 with size 3221225472B from source datanode c8e52ef1-3011-44f7-aaab-997c7f445407 to target datanode 79f473ce-5dee-4a5e-968f-ded9307f26ad
2023-06-21 17:31:32,826 [main] DEBUG balancer.ContainerBalancerTask (ContainerBalancerTask.java:lambda$moveContainer$3(834)) - Container move completed for container #38 from source c8e52ef1-3011-44f7-aaab-997c7f445407 to target 79f473ce-5dee-4a5e-968f-ded9307f26ad
2023-06-21 17:31:32,829 [main] DEBUG balancer.ContainerBalancerTask (ContainerBalancerTask.java:matchSourceWithTarget(706)) - ContainerBalancer is finding suitable target for source datanode 0cfd321b-b241-4f65-ac97-88b28311c38c
2023-06-21 17:31:32,829 [main] INFO  balancer.ContainerBalancerTask (ContainerBalancerTask.java:matchSourceWithTarget(720)) - ContainerBalancer matched source datanode 0cfd321b-b241-4f65-ac97-88b28311c38c with target datanode 79f473ce-5dee-4a5e-968f-ded9307f26ad for container move.
2023-06-21 17:31:32,829 [main] INFO  balancer.ContainerBalancerTask (ContainerBalancerTask.java:processMoveSelection(569)) - ContainerBalancer is trying to move container #66 with size 3221225472B from source datanode 0cfd321b-b241-4f65-ac97-88b28311c38c to target datanode 79f473ce-5dee-4a5e-968f-ded9307f26ad
2023-06-21 17:31:32,829 [main] DEBUG balancer.ContainerBalancerTask (ContainerBalancerTask.java:lambda$moveContainer$3(834)) - Container move completed for container #66 from source 0cfd321b-b241-4f65-ac97-88b28311c38c to target 79f473ce-5dee-4a5e-968f-ded9307f26ad
2023-06-21 17:31:32,832 [main] DEBUG balancer.ContainerBalancerTask (ContainerBalancerTask.java:matchSourceWithTarget(706)) - ContainerBalancer is finding suitable target for source datanode ebca1d16-9ce4-4c37-b1a7-7c5791e1f273
2023-06-21 17:31:32,832 [main] INFO  balancer.ContainerBalancerTask (ContainerBalancerTask.java:matchSourceWithTarget(720)) - ContainerBalancer matched source datanode ebca1d16-9ce4-4c37-b1a7-7c5791e1f273 with target datanode 79f473ce-5dee-4a5e-968f-ded9307f26ad for container move.
2023-06-21 17:31:32,833 [main] INFO  balancer.ContainerBalancerTask (ContainerBalancerTask.java:processMoveSelection(569)) - ContainerBalancer is trying to move container #27 with size 3221225472B from source datanode ebca1d16-9ce4-4c37-b1a7-7c5791e1f273 to target datanode 79f473ce-5dee-4a5e-968f-ded9307f26ad
2023-06-21 17:31:32,833 [main] DEBUG balancer.ContainerBalancerTask (ContainerBalancerTask.java:lambda$moveContainer$3(834)) - Container move completed for container #27 from source ebca1d16-9ce4-4c37-b1a7-7c5791e1f273 to target 79f473ce-5dee-4a5e-968f-ded9307f26ad
2023-06-21 17:31:32,836 [main] DEBUG balancer.ContainerBalancerTask (ContainerBalancerTask.java:matchSourceWithTarget(706)) - ContainerBalancer is finding suitable target for source datanode 29331470-d157-473c-a58b-835a13771b77
2023-06-21 17:31:32,836 [main] INFO  balancer.ContainerBalancerTask (ContainerBalancerTask.java:matchSourceWithTarget(720)) - ContainerBalancer matched source datanode 29331470-d157-473c-a58b-835a13771b77 with target datanode 79f473ce-5dee-4a5e-968f-ded9307f26ad for container move.
2023-06-21 17:31:32,837 [main] INFO  balancer.ContainerBalancerTask (ContainerBalancerTask.java:processMoveSelection(569)) - ContainerBalancer is trying to move container #65 with size 2147483648B from source datanode 29331470-d157-473c-a58b-835a13771b77 to target datanode 79f473ce-5dee-4a5e-968f-ded9307f26ad
2023-06-21 17:31:32,837 [main] DEBUG balancer.ContainerBalancerTask (ContainerBalancerTask.java:lambda$moveContainer$3(834)) - Container move completed for container #65 from source 29331470-d157-473c-a58b-835a13771b77 to target 79f473ce-5dee-4a5e-968f-ded9307f26ad
2023-06-21 17:31:32,840 [main] DEBUG balancer.ContainerBalancerTask (ContainerBalancerTask.java:matchSourceWithTarget(706)) - ContainerBalancer is finding suitable target for source datanode c8e52ef1-3011-44f7-aaab-997c7f445407
2023-06-21 17:31:32,840 [main] INFO  balancer.ContainerBalancerTask (ContainerBalancerTask.java:matchSourceWithTarget(720)) - ContainerBalancer matched source datanode c8e52ef1-3011-44f7-aaab-997c7f445407 with target datanode 79f473ce-5dee-4a5e-968f-ded9307f26ad for container move.
2023-06-21 17:31:32,840 [main] INFO  balancer.ContainerBalancerTask (ContainerBalancerTask.java:processMoveSelection(569)) - ContainerBalancer is trying to move container #70 with size 2147483648B from source datanode c8e52ef1-3011-44f7-aaab-997c7f445407 to target datanode 79f473ce-5dee-4a5e-968f-ded9307f26ad
2023-06-21 17:31:32,841 [main] DEBUG balancer.ContainerBalancerTask (ContainerBalancerTask.java:lambda$moveContainer$3(834)) - Container move completed for container #70 from source c8e52ef1-3011-44f7-aaab-997c7f445407 to target 79f473ce-5dee-4a5e-968f-ded9307f26ad
2023-06-21 17:31:32,844 [main] DEBUG balancer.ContainerBalancerTask (ContainerBalancerTask.java:matchSourceWithTarget(706)) - ContainerBalancer is finding suitable target for source datanode 29331470-d157-473c-a58b-835a13771b77
2023-06-21 17:31:32,844 [main] INFO  balancer.ContainerBalancerTask (ContainerBalancerTask.java:matchSourceWithTarget(720)) - ContainerBalancer matched source datanode 29331470-d157-473c-a58b-835a13771b77 with target datanode 0b6b1377-237f-4d27-a9ec-fad65b3a9813 for container move.
2023-06-21 17:31:32,844 [main] INFO  balancer.ContainerBalancerTask (ContainerBalancerTask.java:processMoveSelection(569)) - ContainerBalancer is trying to move container #64 with size 1073741824B from source datanode 29331470-d157-473c-a58b-835a13771b77 to target datanode 0b6b1377-237f-4d27-a9ec-fad65b3a9813
2023-06-21 17:31:32,844 [main] DEBUG balancer.ContainerBalancerTask (ContainerBalancerTask.java:lambda$moveContainer$3(834)) - Container move completed for container #64 from source 29331470-d157-473c-a58b-835a13771b77 to target 0b6b1377-237f-4d27-a9ec-fad65b3a9813
2023-06-21 17:31:32,844 [main] WARN  balancer.ContainerBalancerTask (ContainerBalancerTask.java:reachedMaxSizeToMovePerIteration(731)) - Reached max size to move limit. 53687091200 bytes have already been scheduled for balancing and the limit is 53687091200 bytes.
2023-06-21 17:31:32,845 [main] INFO  balancer.ContainerBalancerTask (ContainerBalancerTask.java:checkIterationMoveResults(640)) - Iteration Summary. Number of Datanodes involved: 7. Size moved: 50 GB (53687091200 Bytes). Number of Container moves completed: 15.
2023-06-21 17:31:32,845 [main] INFO  balancer.ContainerBalancerTask (ContainerBalancerTask.java:balance(259)) - Result of this iteration of Container Balancer: ITERATION_COMPLETED
2023-06-21 17:31:32,845 [main] INFO  balancer.ContainerBalancerTask (ContainerBalancerTask.java:tryStopWithSaveConfiguration(308)) - Save Configuration for stopping. Reason: Completed all iterations.
]]></system-out>
  </testcase>
  <testcase name="balancerShouldExcludeECContainersWhenLegacyRmIsEnabled" classname="org.apache.hadoop.hdds.scm.container.balancer.TestContainerBalancerTask" time="0.072">
    <system-out><![CDATA[2023-06-21 17:31:32,877 [main] INFO  net.NodeSchemaLoader (NodeSchemaLoader.java:loadSchemaFromFile(129)) - Loading schema from [file:/home/runner/work/ozone/ozone/hadoop-hdds/common/target/classes/network-topology-default.xml]
2023-06-21 17:31:32,877 [main] INFO  net.NodeSchemaLoader (NodeSchemaLoader.java:loadSchema(176)) - Loading network topology layer schema file
2023-06-21 17:31:32,878 [main] INFO  net.NetworkTopologyImpl (NetworkTopologyImpl.java:add(112)) - Added a new node: /default-rack/b4d4181d-39b4-4460-aaba-ec49419d66d1
2023-06-21 17:31:32,878 [main] INFO  net.NetworkTopologyImpl (NetworkTopologyImpl.java:add(112)) - Added a new node: /default-rack/e394b931-a9dd-4af2-9a12-65c4e16209ad
2023-06-21 17:31:32,878 [main] INFO  net.NetworkTopologyImpl (NetworkTopologyImpl.java:add(112)) - Added a new node: /default-rack/7c642f08-9f55-4a31-8305-1fad670e1fca
2023-06-21 17:31:32,879 [main] INFO  net.NetworkTopologyImpl (NetworkTopologyImpl.java:add(112)) - Added a new node: /default-rack/ee5d1d36-6b30-4f4a-830c-39773cf1758c
2023-06-21 17:31:32,879 [main] INFO  net.NetworkTopologyImpl (NetworkTopologyImpl.java:add(112)) - Added a new node: /default-rack/012c7b20-00dc-455c-b189-083ffc6d4ad0
2023-06-21 17:31:32,879 [main] INFO  net.NetworkTopologyImpl (NetworkTopologyImpl.java:add(112)) - Added a new node: /default-rack/a17a9009-8b30-4f1d-bc71-49902212b334
2023-06-21 17:31:32,879 [main] INFO  net.NetworkTopologyImpl (NetworkTopologyImpl.java:add(112)) - Added a new node: /default-rack/155777cb-558e-4764-8c92-77ddb307c8f7
2023-06-21 17:31:32,879 [main] INFO  net.NetworkTopologyImpl (NetworkTopologyImpl.java:add(112)) - Added a new node: /default-rack/9cfcc688-33d6-4939-8976-2e8852ecad13
2023-06-21 17:31:32,879 [main] INFO  net.NetworkTopologyImpl (NetworkTopologyImpl.java:add(112)) - Added a new node: /default-rack/354d0505-52b8-4697-afbd-6edc6d81135c
2023-06-21 17:31:32,879 [main] INFO  net.NetworkTopologyImpl (NetworkTopologyImpl.java:add(112)) - Added a new node: /default-rack/de987529-e0a2-4efa-9bfe-83ae8d46db13
2023-06-21 17:31:32,879 [main] INFO  algorithms.ContainerPlacementPolicyFactory (ContainerPlacementPolicyFactory.java:getPolicyInternal(86)) - Create container placement policy of type org.apache.hadoop.hdds.scm.container.placement.algorithms.SCMContainerPlacementRackAware
2023-06-21 17:31:32,879 [main] INFO  algorithms.ContainerPlacementPolicyFactory (ContainerPlacementPolicyFactory.java:getPolicyInternal(86)) - Create container placement policy of type org.apache.hadoop.hdds.scm.container.placement.algorithms.SCMContainerPlacementRackScatter
2023-06-21 17:31:32,882 [main] DEBUG balancer.ContainerBalancerTask (ContainerBalancerTask.java:initializeIteration(374)) - Average utilization of the cluster is 0.3185678802166782
2023-06-21 17:31:32,882 [main] DEBUG balancer.ContainerBalancerTask (ContainerBalancerTask.java:initializeIteration(386)) - Lower limit for utilization is 0.2185678802166782 and Upper limit for utilization is 0.41856788021667823
2023-06-21 17:31:32,882 [main] DEBUG balancer.ContainerBalancerTask (ContainerBalancerTask.java:initializeIteration(398)) - Utilization for node 155777cb-558e-4764-8c92-77ddb307c8f7 with capacity 48914905315B, used 44023414784B, and remaining 4891490531B is 0.9000000000102218
2023-06-21 17:31:32,882 [main] DEBUG balancer.ContainerBalancerTask (ContainerBalancerTask.java:initializeIteration(398)) - Utilization for node b4d4181d-39b4-4460-aaba-ec49419d66d1 with capacity 64424509440B, used 51539607552B, and remaining 12884901888B is 0.8
2023-06-21 17:31:32,883 [main] DEBUG balancer.ContainerBalancerTask (ContainerBalancerTask.java:initializeIteration(398)) - Utilization for node 354d0505-52b8-4697-afbd-6edc6d81135c with capacity 90501096594B, used 63350767616B, and remaining 27150328978B is 0.70000000000221
2023-06-21 17:31:32,883 [main] DEBUG balancer.ContainerBalancerTask (ContainerBalancerTask.java:initializeIteration(398)) - Utilization for node 012c7b20-00dc-455c-b189-083ffc6d4ad0 with capacity 62634939733B, used 37580963840B, and remaining 25053975893B is 0.6000000000031931
2023-06-21 17:31:32,883 [main] DEBUG balancer.ContainerBalancerTask (ContainerBalancerTask.java:initializeIteration(398)) - Utilization for node a17a9009-8b30-4f1d-bc71-49902212b334 with capacity 66571993088B, used 33285996544B, and remaining 33285996544B is 0.5
2023-06-21 17:31:32,883 [main] DEBUG balancer.ContainerBalancerTask (ContainerBalancerTask.java:initializeIteration(398)) - Utilization for node ee5d1d36-6b30-4f4a-830c-39773cf1758c with capacity 163745628160B, used 65498251264B, and remaining 98247376896B is 0.4
2023-06-21 17:31:32,883 [main] DEBUG balancer.ContainerBalancerTask (ContainerBalancerTask.java:initializeIteration(398)) - Utilization for node 7c642f08-9f55-4a31-8305-1fad670e1fca with capacity 189694388906B, used 56908316672B, and remaining 132786072234B is 0.3000000000010543
2023-06-21 17:31:32,883 [main] DEBUG balancer.ContainerBalancerTask (ContainerBalancerTask.java:initializeIteration(398)) - Utilization for node e394b931-a9dd-4af2-9a12-65c4e16209ad with capacity 155692564480B, used 31138512896B, and remaining 124554051584B is 0.2
2023-06-21 17:31:32,883 [main] DEBUG balancer.ContainerBalancerTask (ContainerBalancerTask.java:initializeIteration(398)) - Utilization for node de987529-e0a2-4efa-9bfe-83ae8d46db13 with capacity 440234147840B, used 44023414784B, and remaining 396210733056B is 0.1
2023-06-21 17:31:32,883 [main] DEBUG balancer.ContainerBalancerTask (ContainerBalancerTask.java:initializeIteration(398)) - Utilization for node 9cfcc688-33d6-4939-8976-2e8852ecad13 with capacity 59055800320B, used 0B, and remaining 59055800320B is 0.0
2023-06-21 17:31:32,883 [main] INFO  balancer.ContainerBalancerTask (ContainerBalancerTask.java:initializeIteration(447)) - Container Balancer has identified 5 Over-Utilized and 3 Under-Utilized Datanodes that need to be balanced.
2023-06-21 17:31:32,883 [main] DEBUG balancer.ContainerBalancerTask (ContainerBalancerTask.java:lambda$initializeIteration$1(453)) - Datanode localhost-158.135.219.112 155777cb-558e-4764-8c92-77ddb307c8f7 is Over-Utilized.
2023-06-21 17:31:32,883 [main] DEBUG balancer.ContainerBalancerTask (ContainerBalancerTask.java:lambda$initializeIteration$1(453)) - Datanode localhost-186.254.173.0 b4d4181d-39b4-4460-aaba-ec49419d66d1 is Over-Utilized.
2023-06-21 17:31:32,883 [main] DEBUG balancer.ContainerBalancerTask (ContainerBalancerTask.java:lambda$initializeIteration$1(453)) - Datanode localhost-229.104.216.33 354d0505-52b8-4697-afbd-6edc6d81135c is Over-Utilized.
2023-06-21 17:31:32,884 [main] DEBUG balancer.ContainerBalancerTask (ContainerBalancerTask.java:lambda$initializeIteration$1(453)) - Datanode localhost-223.15.254.54 012c7b20-00dc-455c-b189-083ffc6d4ad0 is Over-Utilized.
2023-06-21 17:31:32,884 [main] DEBUG balancer.ContainerBalancerTask (ContainerBalancerTask.java:lambda$initializeIteration$1(453)) - Datanode localhost-129.115.118.24 a17a9009-8b30-4f1d-bc71-49902212b334 is Over-Utilized.
2023-06-21 17:31:32,884 [main] DEBUG balancer.ContainerBalancerTask (ContainerBalancerTask.java:lambda$initializeIteration$2(459)) - Datanode localhost-232.170.91.137 9cfcc688-33d6-4939-8976-2e8852ecad13 is Under-Utilized.
2023-06-21 17:31:32,884 [main] DEBUG balancer.ContainerBalancerTask (ContainerBalancerTask.java:lambda$initializeIteration$2(459)) - Datanode localhost-151.177.70.125 de987529-e0a2-4efa-9bfe-83ae8d46db13 is Under-Utilized.
2023-06-21 17:31:32,884 [main] DEBUG balancer.ContainerBalancerTask (ContainerBalancerTask.java:lambda$initializeIteration$2(459)) - Datanode localhost-197.32.242.66 e394b931-a9dd-4af2-9a12-65c4e16209ad is Under-Utilized.
2023-06-21 17:31:32,886 [main] DEBUG balancer.ContainerBalancerTask (ContainerBalancerTask.java:matchSourceWithTarget(706)) - ContainerBalancer is finding suitable target for source datanode 155777cb-558e-4764-8c92-77ddb307c8f7
2023-06-21 17:31:32,886 [main] INFO  balancer.ContainerBalancerTask (ContainerBalancerTask.java:matchSourceWithTarget(720)) - ContainerBalancer matched source datanode 155777cb-558e-4764-8c92-77ddb307c8f7 with target datanode 9cfcc688-33d6-4939-8976-2e8852ecad13 for container move.
2023-06-21 17:31:32,886 [main] INFO  balancer.ContainerBalancerTask (ContainerBalancerTask.java:processMoveSelection(569)) - ContainerBalancer is trying to move container #84 with size 4294967296B from source datanode 155777cb-558e-4764-8c92-77ddb307c8f7 to target datanode 9cfcc688-33d6-4939-8976-2e8852ecad13
2023-06-21 17:31:32,886 [main] DEBUG balancer.ContainerBalancerTask (ContainerBalancerTask.java:lambda$moveContainer$3(834)) - Container move completed for container #84 from source 155777cb-558e-4764-8c92-77ddb307c8f7 to target 9cfcc688-33d6-4939-8976-2e8852ecad13
2023-06-21 17:31:32,888 [main] DEBUG balancer.ContainerBalancerTask (ContainerBalancerTask.java:matchSourceWithTarget(706)) - ContainerBalancer is finding suitable target for source datanode 155777cb-558e-4764-8c92-77ddb307c8f7
2023-06-21 17:31:32,888 [main] INFO  balancer.ContainerBalancerTask (ContainerBalancerTask.java:matchSourceWithTarget(720)) - ContainerBalancer matched source datanode 155777cb-558e-4764-8c92-77ddb307c8f7 with target datanode 9cfcc688-33d6-4939-8976-2e8852ecad13 for container move.
2023-06-21 17:31:32,889 [main] INFO  balancer.ContainerBalancerTask (ContainerBalancerTask.java:processMoveSelection(569)) - ContainerBalancer is trying to move container #88 with size 3221225472B from source datanode 155777cb-558e-4764-8c92-77ddb307c8f7 to target datanode 9cfcc688-33d6-4939-8976-2e8852ecad13
2023-06-21 17:31:32,889 [main] DEBUG balancer.ContainerBalancerTask (ContainerBalancerTask.java:lambda$moveContainer$3(834)) - Container move completed for container #88 from source 155777cb-558e-4764-8c92-77ddb307c8f7 to target 9cfcc688-33d6-4939-8976-2e8852ecad13
2023-06-21 17:31:32,891 [main] DEBUG balancer.ContainerBalancerTask (ContainerBalancerTask.java:matchSourceWithTarget(706)) - ContainerBalancer is finding suitable target for source datanode b4d4181d-39b4-4460-aaba-ec49419d66d1
2023-06-21 17:31:32,891 [main] INFO  balancer.ContainerBalancerTask (ContainerBalancerTask.java:matchSourceWithTarget(720)) - ContainerBalancer matched source datanode b4d4181d-39b4-4460-aaba-ec49419d66d1 with target datanode de987529-e0a2-4efa-9bfe-83ae8d46db13 for container move.
2023-06-21 17:31:32,892 [main] INFO  balancer.ContainerBalancerTask (ContainerBalancerTask.java:processMoveSelection(569)) - ContainerBalancer is trying to move container #66 with size 3221225472B from source datanode b4d4181d-39b4-4460-aaba-ec49419d66d1 to target datanode de987529-e0a2-4efa-9bfe-83ae8d46db13
2023-06-21 17:31:32,892 [main] DEBUG balancer.ContainerBalancerTask (ContainerBalancerTask.java:lambda$moveContainer$3(834)) - Container move completed for container #66 from source b4d4181d-39b4-4460-aaba-ec49419d66d1 to target de987529-e0a2-4efa-9bfe-83ae8d46db13
2023-06-21 17:31:32,894 [main] DEBUG balancer.ContainerBalancerTask (ContainerBalancerTask.java:matchSourceWithTarget(706)) - ContainerBalancer is finding suitable target for source datanode b4d4181d-39b4-4460-aaba-ec49419d66d1
2023-06-21 17:31:32,894 [main] INFO  balancer.ContainerBalancerTask (ContainerBalancerTask.java:matchSourceWithTarget(720)) - ContainerBalancer matched source datanode b4d4181d-39b4-4460-aaba-ec49419d66d1 with target datanode de987529-e0a2-4efa-9bfe-83ae8d46db13 for container move.
2023-06-21 17:31:32,895 [main] INFO  balancer.ContainerBalancerTask (ContainerBalancerTask.java:processMoveSelection(569)) - ContainerBalancer is trying to move container #18 with size 3221225472B from source datanode b4d4181d-39b4-4460-aaba-ec49419d66d1 to target datanode de987529-e0a2-4efa-9bfe-83ae8d46db13
2023-06-21 17:31:32,895 [main] DEBUG balancer.ContainerBalancerTask (ContainerBalancerTask.java:lambda$moveContainer$3(834)) - Container move completed for container #18 from source b4d4181d-39b4-4460-aaba-ec49419d66d1 to target de987529-e0a2-4efa-9bfe-83ae8d46db13
2023-06-21 17:31:32,897 [main] DEBUG balancer.ContainerBalancerTask (ContainerBalancerTask.java:matchSourceWithTarget(706)) - ContainerBalancer is finding suitable target for source datanode 155777cb-558e-4764-8c92-77ddb307c8f7
2023-06-21 17:31:32,897 [main] INFO  balancer.ContainerBalancerTask (ContainerBalancerTask.java:matchSourceWithTarget(720)) - ContainerBalancer matched source datanode 155777cb-558e-4764-8c92-77ddb307c8f7 with target datanode de987529-e0a2-4efa-9bfe-83ae8d46db13 for container move.
2023-06-21 17:31:32,897 [main] INFO  balancer.ContainerBalancerTask (ContainerBalancerTask.java:processMoveSelection(569)) - ContainerBalancer is trying to move container #82 with size 2147483648B from source datanode 155777cb-558e-4764-8c92-77ddb307c8f7 to target datanode de987529-e0a2-4efa-9bfe-83ae8d46db13
2023-06-21 17:31:32,897 [main] DEBUG balancer.ContainerBalancerTask (ContainerBalancerTask.java:lambda$moveContainer$3(834)) - Container move completed for container #82 from source 155777cb-558e-4764-8c92-77ddb307c8f7 to target de987529-e0a2-4efa-9bfe-83ae8d46db13
2023-06-21 17:31:32,899 [main] DEBUG balancer.ContainerBalancerTask (ContainerBalancerTask.java:matchSourceWithTarget(706)) - ContainerBalancer is finding suitable target for source datanode 155777cb-558e-4764-8c92-77ddb307c8f7
2023-06-21 17:31:32,899 [main] INFO  balancer.ContainerBalancerTask (ContainerBalancerTask.java:matchSourceWithTarget(720)) - ContainerBalancer matched source datanode 155777cb-558e-4764-8c92-77ddb307c8f7 with target datanode de987529-e0a2-4efa-9bfe-83ae8d46db13 for container move.
2023-06-21 17:31:32,899 [main] INFO  balancer.ContainerBalancerTask (ContainerBalancerTask.java:processMoveSelection(569)) - ContainerBalancer is trying to move container #70 with size 2147483648B from source datanode 155777cb-558e-4764-8c92-77ddb307c8f7 to target datanode de987529-e0a2-4efa-9bfe-83ae8d46db13
2023-06-21 17:31:32,899 [main] DEBUG balancer.ContainerBalancerTask (ContainerBalancerTask.java:lambda$moveContainer$3(834)) - Container move completed for container #70 from source 155777cb-558e-4764-8c92-77ddb307c8f7 to target de987529-e0a2-4efa-9bfe-83ae8d46db13
2023-06-21 17:31:32,903 [main] DEBUG balancer.ContainerBalancerTask (ContainerBalancerTask.java:matchSourceWithTarget(706)) - ContainerBalancer is finding suitable target for source datanode 354d0505-52b8-4697-afbd-6edc6d81135c
2023-06-21 17:31:32,903 [main] INFO  balancer.ContainerBalancerTask (ContainerBalancerTask.java:matchSourceWithTarget(720)) - ContainerBalancer matched source datanode 354d0505-52b8-4697-afbd-6edc6d81135c with target datanode 9cfcc688-33d6-4939-8976-2e8852ecad13 for container move.
2023-06-21 17:31:32,903 [main] INFO  balancer.ContainerBalancerTask (ContainerBalancerTask.java:processMoveSelection(569)) - ContainerBalancer is trying to move container #50 with size 2147483648B from source datanode 354d0505-52b8-4697-afbd-6edc6d81135c to target datanode 9cfcc688-33d6-4939-8976-2e8852ecad13
2023-06-21 17:31:32,903 [main] DEBUG balancer.ContainerBalancerTask (ContainerBalancerTask.java:lambda$moveContainer$3(834)) - Container move completed for container #50 from source 354d0505-52b8-4697-afbd-6edc6d81135c to target 9cfcc688-33d6-4939-8976-2e8852ecad13
2023-06-21 17:31:32,906 [main] DEBUG balancer.ContainerBalancerTask (ContainerBalancerTask.java:matchSourceWithTarget(706)) - ContainerBalancer is finding suitable target for source datanode b4d4181d-39b4-4460-aaba-ec49419d66d1
2023-06-21 17:31:32,906 [main] INFO  balancer.ContainerBalancerTask (ContainerBalancerTask.java:matchSourceWithTarget(720)) - ContainerBalancer matched source datanode b4d4181d-39b4-4460-aaba-ec49419d66d1 with target datanode 9cfcc688-33d6-4939-8976-2e8852ecad13 for container move.
2023-06-21 17:31:32,906 [main] INFO  balancer.ContainerBalancerTask (ContainerBalancerTask.java:processMoveSelection(569)) - ContainerBalancer is trying to move container #86 with size 1073741824B from source datanode b4d4181d-39b4-4460-aaba-ec49419d66d1 to target datanode 9cfcc688-33d6-4939-8976-2e8852ecad13
2023-06-21 17:31:32,906 [main] DEBUG balancer.ContainerBalancerTask (ContainerBalancerTask.java:lambda$moveContainer$3(834)) - Container move completed for container #86 from source b4d4181d-39b4-4460-aaba-ec49419d66d1 to target 9cfcc688-33d6-4939-8976-2e8852ecad13
2023-06-21 17:31:32,909 [main] DEBUG balancer.ContainerBalancerTask (ContainerBalancerTask.java:matchSourceWithTarget(706)) - ContainerBalancer is finding suitable target for source datanode b4d4181d-39b4-4460-aaba-ec49419d66d1
2023-06-21 17:31:32,909 [main] INFO  balancer.ContainerBalancerTask (ContainerBalancerTask.java:matchSourceWithTarget(720)) - ContainerBalancer matched source datanode b4d4181d-39b4-4460-aaba-ec49419d66d1 with target datanode e394b931-a9dd-4af2-9a12-65c4e16209ad for container move.
2023-06-21 17:31:32,909 [main] INFO  balancer.ContainerBalancerTask (ContainerBalancerTask.java:processMoveSelection(569)) - ContainerBalancer is trying to move container #68 with size 5368709120B from source datanode b4d4181d-39b4-4460-aaba-ec49419d66d1 to target datanode e394b931-a9dd-4af2-9a12-65c4e16209ad
2023-06-21 17:31:32,909 [main] DEBUG balancer.ContainerBalancerTask (ContainerBalancerTask.java:lambda$moveContainer$3(834)) - Container move completed for container #68 from source b4d4181d-39b4-4460-aaba-ec49419d66d1 to target e394b931-a9dd-4af2-9a12-65c4e16209ad
2023-06-21 17:31:32,913 [main] DEBUG balancer.ContainerBalancerTask (ContainerBalancerTask.java:matchSourceWithTarget(706)) - ContainerBalancer is finding suitable target for source datanode 354d0505-52b8-4697-afbd-6edc6d81135c
2023-06-21 17:31:32,913 [main] INFO  balancer.ContainerBalancerTask (ContainerBalancerTask.java:matchSourceWithTarget(720)) - ContainerBalancer matched source datanode 354d0505-52b8-4697-afbd-6edc6d81135c with target datanode e394b931-a9dd-4af2-9a12-65c4e16209ad for container move.
2023-06-21 17:31:32,913 [main] INFO  balancer.ContainerBalancerTask (ContainerBalancerTask.java:processMoveSelection(569)) - ContainerBalancer is trying to move container #40 with size 5368709120B from source datanode 354d0505-52b8-4697-afbd-6edc6d81135c to target datanode e394b931-a9dd-4af2-9a12-65c4e16209ad
2023-06-21 17:31:32,913 [main] DEBUG balancer.ContainerBalancerTask (ContainerBalancerTask.java:lambda$moveContainer$3(834)) - Container move completed for container #40 from source 354d0505-52b8-4697-afbd-6edc6d81135c to target e394b931-a9dd-4af2-9a12-65c4e16209ad
2023-06-21 17:31:32,915 [main] DEBUG balancer.ContainerBalancerTask (ContainerBalancerTask.java:matchSourceWithTarget(699)) - ContainerBalancer could not find any candidate containers for datanode 155777cb-558e-4764-8c92-77ddb307c8f7
2023-06-21 17:31:32,919 [main] DEBUG balancer.ContainerBalancerTask (ContainerBalancerTask.java:matchSourceWithTarget(706)) - ContainerBalancer is finding suitable target for source datanode 354d0505-52b8-4697-afbd-6edc6d81135c
2023-06-21 17:31:32,919 [main] INFO  balancer.FindTargetGreedyByUsageInfo (AbstractFindTargetGreedy.java:findTargetForContainerMove(133)) - Container Balancer could not find a target for source datanode 354d0505-52b8-4697-afbd-6edc6d81135c
2023-06-21 17:31:32,919 [main] DEBUG balancer.ContainerBalancerTask (ContainerBalancerTask.java:matchSourceWithTarget(715)) - ContainerBalancer could not find a suitable target for source node 354d0505-52b8-4697-afbd-6edc6d81135c.
2023-06-21 17:31:32,921 [main] DEBUG balancer.ContainerBalancerTask (ContainerBalancerTask.java:matchSourceWithTarget(706)) - ContainerBalancer is finding suitable target for source datanode 012c7b20-00dc-455c-b189-083ffc6d4ad0
2023-06-21 17:31:32,921 [main] INFO  balancer.FindTargetGreedyByUsageInfo (AbstractFindTargetGreedy.java:findTargetForContainerMove(133)) - Container Balancer could not find a target for source datanode 012c7b20-00dc-455c-b189-083ffc6d4ad0
2023-06-21 17:31:32,921 [main] DEBUG balancer.ContainerBalancerTask (ContainerBalancerTask.java:matchSourceWithTarget(715)) - ContainerBalancer could not find a suitable target for source node 012c7b20-00dc-455c-b189-083ffc6d4ad0.
2023-06-21 17:31:32,924 [main] DEBUG balancer.ContainerBalancerTask (ContainerBalancerTask.java:matchSourceWithTarget(706)) - ContainerBalancer is finding suitable target for source datanode b4d4181d-39b4-4460-aaba-ec49419d66d1
2023-06-21 17:31:32,924 [main] INFO  balancer.FindTargetGreedyByUsageInfo (AbstractFindTargetGreedy.java:findTargetForContainerMove(133)) - Container Balancer could not find a target for source datanode b4d4181d-39b4-4460-aaba-ec49419d66d1
2023-06-21 17:31:32,924 [main] DEBUG balancer.ContainerBalancerTask (ContainerBalancerTask.java:matchSourceWithTarget(715)) - ContainerBalancer could not find a suitable target for source node b4d4181d-39b4-4460-aaba-ec49419d66d1.
2023-06-21 17:31:32,926 [main] DEBUG balancer.ContainerBalancerTask (ContainerBalancerTask.java:matchSourceWithTarget(706)) - ContainerBalancer is finding suitable target for source datanode a17a9009-8b30-4f1d-bc71-49902212b334
2023-06-21 17:31:32,926 [main] INFO  balancer.FindTargetGreedyByUsageInfo (AbstractFindTargetGreedy.java:findTargetForContainerMove(133)) - Container Balancer could not find a target for source datanode a17a9009-8b30-4f1d-bc71-49902212b334
2023-06-21 17:31:32,926 [main] DEBUG balancer.ContainerBalancerTask (ContainerBalancerTask.java:matchSourceWithTarget(715)) - ContainerBalancer could not find a suitable target for source node a17a9009-8b30-4f1d-bc71-49902212b334.
2023-06-21 17:31:32,926 [main] INFO  balancer.FindSourceGreedy (FindSourceGreedy.java:getNextCandidateSourceDataNode(126)) - no more candidate source data node
2023-06-21 17:31:32,927 [main] INFO  balancer.ContainerBalancerTask (ContainerBalancerTask.java:checkIterationMoveResults(640)) - Iteration Summary. Number of Datanodes involved: 6. Size moved: 30 GB (32212254720 Bytes). Number of Container moves completed: 10.
2023-06-21 17:31:32,927 [main] INFO  balancer.ContainerBalancerTask (ContainerBalancerTask.java:balance(259)) - Result of this iteration of Container Balancer: ITERATION_COMPLETED
2023-06-21 17:31:32,927 [main] INFO  balancer.ContainerBalancerTask (ContainerBalancerTask.java:tryStopWithSaveConfiguration(308)) - Save Configuration for stopping. Reason: Completed all iterations.
]]></system-out>
  </testcase>
  <testcase name="testMetrics" classname="org.apache.hadoop.hdds.scm.container.balancer.TestContainerBalancerTask" time="0.036">
    <system-out><![CDATA[2023-06-21 17:31:32,949 [main] INFO  net.NodeSchemaLoader (NodeSchemaLoader.java:loadSchemaFromFile(129)) - Loading schema from [file:/home/runner/work/ozone/ozone/hadoop-hdds/common/target/classes/network-topology-default.xml]
2023-06-21 17:31:32,950 [main] INFO  net.NodeSchemaLoader (NodeSchemaLoader.java:loadSchema(176)) - Loading network topology layer schema file
2023-06-21 17:31:32,951 [main] INFO  net.NetworkTopologyImpl (NetworkTopologyImpl.java:add(112)) - Added a new node: /default-rack/8ad6e7c9-e7b6-4a3a-97fc-86d94257ea50
2023-06-21 17:31:32,951 [main] INFO  net.NetworkTopologyImpl (NetworkTopologyImpl.java:add(112)) - Added a new node: /default-rack/2bf0f466-8867-4172-8eab-54525fbb5b64
2023-06-21 17:31:32,951 [main] INFO  net.NetworkTopologyImpl (NetworkTopologyImpl.java:add(112)) - Added a new node: /default-rack/981c3262-31cf-47c1-8db3-685846e63f98
2023-06-21 17:31:32,951 [main] INFO  net.NetworkTopologyImpl (NetworkTopologyImpl.java:add(112)) - Added a new node: /default-rack/8709c2de-6c7d-42a2-acbd-39d290218cc0
2023-06-21 17:31:32,952 [main] INFO  net.NetworkTopologyImpl (NetworkTopologyImpl.java:add(112)) - Added a new node: /default-rack/2b1e7101-37b2-40c4-b5f2-81b0264c2dc0
2023-06-21 17:31:32,952 [main] INFO  net.NetworkTopologyImpl (NetworkTopologyImpl.java:add(112)) - Added a new node: /default-rack/a17dd31e-2752-4004-bfdd-ccea7e9684dc
2023-06-21 17:31:32,952 [main] INFO  net.NetworkTopologyImpl (NetworkTopologyImpl.java:add(112)) - Added a new node: /default-rack/3101d54a-c4fd-4ca0-8324-84fa5eb4a506
2023-06-21 17:31:32,952 [main] INFO  net.NetworkTopologyImpl (NetworkTopologyImpl.java:add(112)) - Added a new node: /default-rack/9f701152-0cd4-4233-9e4f-66fc43546e5e
2023-06-21 17:31:32,952 [main] INFO  net.NetworkTopologyImpl (NetworkTopologyImpl.java:add(112)) - Added a new node: /default-rack/0e28aefb-db60-4ca0-8e0f-2402b79bf108
2023-06-21 17:31:32,952 [main] INFO  net.NetworkTopologyImpl (NetworkTopologyImpl.java:add(112)) - Added a new node: /default-rack/f2cad63b-270c-4534-9a7b-b3c31f8b4764
2023-06-21 17:31:32,952 [main] INFO  algorithms.ContainerPlacementPolicyFactory (ContainerPlacementPolicyFactory.java:getPolicyInternal(86)) - Create container placement policy of type org.apache.hadoop.hdds.scm.container.placement.algorithms.SCMContainerPlacementRackAware
2023-06-21 17:31:32,952 [main] INFO  algorithms.ContainerPlacementPolicyFactory (ContainerPlacementPolicyFactory.java:getPolicyInternal(86)) - Create container placement policy of type org.apache.hadoop.hdds.scm.container.placement.algorithms.SCMContainerPlacementRackScatter
2023-06-21 17:31:32,955 [main] DEBUG balancer.ContainerBalancerTask (ContainerBalancerTask.java:initializeIteration(374)) - Average utilization of the cluster is 0.3195390992766642
2023-06-21 17:31:32,955 [main] DEBUG balancer.ContainerBalancerTask (ContainerBalancerTask.java:initializeIteration(386)) - Lower limit for utilization is 0.21953909927666418 and Upper limit for utilization is 0.4195390992766642
2023-06-21 17:31:32,955 [main] DEBUG balancer.ContainerBalancerTask (ContainerBalancerTask.java:initializeIteration(398)) - Utilization for node f2cad63b-270c-4534-9a7b-b3c31f8b4764 with capacity 60845370026B, used 54760833024B, and remaining 6084537002B is 0.900000000009861
2023-06-21 17:31:32,955 [main] DEBUG balancer.ContainerBalancerTask (ContainerBalancerTask.java:initializeIteration(398)) - Utilization for node 8ad6e7c9-e7b6-4a3a-97fc-86d94257ea50 with capacity 55029268480B, used 44023414784B, and remaining 11005853696B is 0.8
2023-06-21 17:31:32,955 [main] DEBUG balancer.ContainerBalancerTask (ContainerBalancerTask.java:initializeIteration(398)) - Utilization for node 981c3262-31cf-47c1-8db3-685846e63f98 with capacity 75161927680B, used 52613349376B, and remaining 22548578304B is 0.7
2023-06-21 17:31:32,955 [main] DEBUG balancer.ContainerBalancerTask (ContainerBalancerTask.java:initializeIteration(398)) - Utilization for node 2bf0f466-8867-4172-8eab-54525fbb5b64 with capacity 51897521493B, used 31138512896B, and remaining 20759008597B is 0.6000000000038538
2023-06-21 17:31:32,955 [main] DEBUG balancer.ContainerBalancerTask (ContainerBalancerTask.java:initializeIteration(398)) - Utilization for node 2b1e7101-37b2-40c4-b5f2-81b0264c2dc0 with capacity 85899345920B, used 42949672960B, and remaining 42949672960B is 0.5
2023-06-21 17:31:32,955 [main] DEBUG balancer.ContainerBalancerTask (ContainerBalancerTask.java:initializeIteration(398)) - Utilization for node 8709c2de-6c7d-42a2-acbd-39d290218cc0 with capacity 104689827840B, used 41875931136B, and remaining 62813896704B is 0.4
2023-06-21 17:31:32,955 [main] DEBUG balancer.ContainerBalancerTask (ContainerBalancerTask.java:initializeIteration(398)) - Utilization for node 3101d54a-c4fd-4ca0-8324-84fa5eb4a506 with capacity 164640413013B, used 49392123904B, and remaining 115248289109B is 0.3000000000006074
2023-06-21 17:31:32,955 [main] DEBUG balancer.ContainerBalancerTask (ContainerBalancerTask.java:initializeIteration(398)) - Utilization for node 9f701152-0cd4-4233-9e4f-66fc43546e5e with capacity 263066746880B, used 52613349376B, and remaining 210453397504B is 0.2
2023-06-21 17:31:32,956 [main] DEBUG balancer.ContainerBalancerTask (ContainerBalancerTask.java:initializeIteration(398)) - Utilization for node 0e28aefb-db60-4ca0-8e0f-2402b79bf108 with capacity 375809638400B, used 37580963840B, and remaining 338228674560B is 0.1
2023-06-21 17:31:32,956 [main] DEBUG balancer.ContainerBalancerTask (ContainerBalancerTask.java:initializeIteration(398)) - Utilization for node a17dd31e-2752-4004-bfdd-ccea7e9684dc with capacity 36507222016B, used 0B, and remaining 36507222016B is 0.0
2023-06-21 17:31:32,956 [main] INFO  balancer.ContainerBalancerTask (ContainerBalancerTask.java:initializeIteration(447)) - Container Balancer has identified 5 Over-Utilized and 3 Under-Utilized Datanodes that need to be balanced.
2023-06-21 17:31:32,956 [main] DEBUG balancer.ContainerBalancerTask (ContainerBalancerTask.java:lambda$initializeIteration$1(453)) - Datanode localhost-115.247.229.196 f2cad63b-270c-4534-9a7b-b3c31f8b4764 is Over-Utilized.
2023-06-21 17:31:32,956 [main] DEBUG balancer.ContainerBalancerTask (ContainerBalancerTask.java:lambda$initializeIteration$1(453)) - Datanode localhost-55.168.129.247 8ad6e7c9-e7b6-4a3a-97fc-86d94257ea50 is Over-Utilized.
2023-06-21 17:31:32,956 [main] DEBUG balancer.ContainerBalancerTask (ContainerBalancerTask.java:lambda$initializeIteration$1(453)) - Datanode localhost-174.170.27.49 981c3262-31cf-47c1-8db3-685846e63f98 is Over-Utilized.
2023-06-21 17:31:32,956 [main] DEBUG balancer.ContainerBalancerTask (ContainerBalancerTask.java:lambda$initializeIteration$1(453)) - Datanode localhost-169.69.170.126 2bf0f466-8867-4172-8eab-54525fbb5b64 is Over-Utilized.
2023-06-21 17:31:32,956 [main] DEBUG balancer.ContainerBalancerTask (ContainerBalancerTask.java:lambda$initializeIteration$1(453)) - Datanode localhost-253.29.144.125 2b1e7101-37b2-40c4-b5f2-81b0264c2dc0 is Over-Utilized.
2023-06-21 17:31:32,956 [main] DEBUG balancer.ContainerBalancerTask (ContainerBalancerTask.java:lambda$initializeIteration$2(459)) - Datanode localhost-72.106.178.198 a17dd31e-2752-4004-bfdd-ccea7e9684dc is Under-Utilized.
2023-06-21 17:31:32,956 [main] DEBUG balancer.ContainerBalancerTask (ContainerBalancerTask.java:lambda$initializeIteration$2(459)) - Datanode localhost-20.248.0.156 0e28aefb-db60-4ca0-8e0f-2402b79bf108 is Under-Utilized.
2023-06-21 17:31:32,956 [main] DEBUG balancer.ContainerBalancerTask (ContainerBalancerTask.java:lambda$initializeIteration$2(459)) - Datanode localhost-224.104.187.80 9f701152-0cd4-4233-9e4f-66fc43546e5e is Under-Utilized.
2023-06-21 17:31:32,959 [main] DEBUG balancer.ContainerBalancerTask (ContainerBalancerTask.java:matchSourceWithTarget(706)) - ContainerBalancer is finding suitable target for source datanode f2cad63b-270c-4534-9a7b-b3c31f8b4764
2023-06-21 17:31:32,959 [main] INFO  balancer.ContainerBalancerTask (ContainerBalancerTask.java:matchSourceWithTarget(720)) - ContainerBalancer matched source datanode f2cad63b-270c-4534-9a7b-b3c31f8b4764 with target datanode a17dd31e-2752-4004-bfdd-ccea7e9684dc for container move.
2023-06-21 17:31:32,959 [main] INFO  balancer.ContainerBalancerTask (ContainerBalancerTask.java:processMoveSelection(569)) - ContainerBalancer is trying to move container #85 with size 5368709120B from source datanode f2cad63b-270c-4534-9a7b-b3c31f8b4764 to target datanode a17dd31e-2752-4004-bfdd-ccea7e9684dc
2023-06-21 17:31:32,960 [main] DEBUG balancer.ContainerBalancerTask (ContainerBalancerTask.java:lambda$moveContainer$3(834)) - Container move completed for container #85 from source f2cad63b-270c-4534-9a7b-b3c31f8b4764 to target a17dd31e-2752-4004-bfdd-ccea7e9684dc
2023-06-21 17:31:32,962 [main] DEBUG balancer.ContainerBalancerTask (ContainerBalancerTask.java:matchSourceWithTarget(706)) - ContainerBalancer is finding suitable target for source datanode f2cad63b-270c-4534-9a7b-b3c31f8b4764
2023-06-21 17:31:32,963 [main] INFO  balancer.ContainerBalancerTask (ContainerBalancerTask.java:matchSourceWithTarget(720)) - ContainerBalancer matched source datanode f2cad63b-270c-4534-9a7b-b3c31f8b4764 with target datanode 0e28aefb-db60-4ca0-8e0f-2402b79bf108 for container move.
2023-06-21 17:31:32,963 [main] INFO  balancer.ContainerBalancerTask (ContainerBalancerTask.java:processMoveSelection(569)) - ContainerBalancer is trying to move container #86 with size 1073741824B from source datanode f2cad63b-270c-4534-9a7b-b3c31f8b4764 to target datanode 0e28aefb-db60-4ca0-8e0f-2402b79bf108
2023-06-21 17:31:32,963 [main] DEBUG balancer.ContainerBalancerTask (ContainerBalancerTask.java:lambda$moveContainer$3(834)) - Container move completed for container #86 from source f2cad63b-270c-4534-9a7b-b3c31f8b4764 to target 0e28aefb-db60-4ca0-8e0f-2402b79bf108
2023-06-21 17:31:32,963 [main] WARN  balancer.ContainerBalancerTask (ContainerBalancerTask.java:reachedMaxSizeToMovePerIteration(731)) - Reached max size to move limit. 6442450944 bytes have already been scheduled for balancing and the limit is 6442450944 bytes.
2023-06-21 17:31:32,963 [main] INFO  balancer.ContainerBalancerTask (ContainerBalancerTask.java:checkIterationMoveResults(640)) - Iteration Summary. Number of Datanodes involved: 3. Size moved: 6 GB (6442450944 Bytes). Number of Container moves completed: 2.
2023-06-21 17:31:32,963 [main] INFO  balancer.ContainerBalancerTask (ContainerBalancerTask.java:balance(259)) - Result of this iteration of Container Balancer: ITERATION_COMPLETED
2023-06-21 17:31:32,963 [main] INFO  balancer.ContainerBalancerTask (ContainerBalancerTask.java:tryStopWithSaveConfiguration(308)) - Save Configuration for stopping. Reason: Completed all iterations.
]]></system-out>
  </testcase>
  <testcase name="balancerShouldNotSelectConfiguredExcludeContainers" classname="org.apache.hadoop.hdds.scm.container.balancer.TestContainerBalancerTask" time="0.07">
    <system-out><![CDATA[2023-06-21 17:31:32,986 [main] INFO  net.NodeSchemaLoader (NodeSchemaLoader.java:loadSchemaFromFile(129)) - Loading schema from [file:/home/runner/work/ozone/ozone/hadoop-hdds/common/target/classes/network-topology-default.xml]
2023-06-21 17:31:32,986 [main] INFO  net.NodeSchemaLoader (NodeSchemaLoader.java:loadSchema(176)) - Loading network topology layer schema file
2023-06-21 17:31:32,987 [main] INFO  net.NetworkTopologyImpl (NetworkTopologyImpl.java:add(112)) - Added a new node: /default-rack/5bcec7f7-280e-4a9e-9c65-1e21b9e98e94
2023-06-21 17:31:32,988 [main] INFO  net.NetworkTopologyImpl (NetworkTopologyImpl.java:add(112)) - Added a new node: /default-rack/9b552295-555e-46fd-aa0c-e58c460311b2
2023-06-21 17:31:32,988 [main] INFO  net.NetworkTopologyImpl (NetworkTopologyImpl.java:add(112)) - Added a new node: /default-rack/6c61ced7-8e39-4f23-8665-29c27a4ec2f7
2023-06-21 17:31:32,988 [main] INFO  net.NetworkTopologyImpl (NetworkTopologyImpl.java:add(112)) - Added a new node: /default-rack/5f5f6ca8-bb57-402a-939b-d48eff467bba
2023-06-21 17:31:32,988 [main] INFO  net.NetworkTopologyImpl (NetworkTopologyImpl.java:add(112)) - Added a new node: /default-rack/79b91009-263a-4e08-88e2-39a9685b8c06
2023-06-21 17:31:32,988 [main] INFO  net.NetworkTopologyImpl (NetworkTopologyImpl.java:add(112)) - Added a new node: /default-rack/4bc2d76c-5055-4196-acd5-2eb032740ce8
2023-06-21 17:31:32,988 [main] INFO  net.NetworkTopologyImpl (NetworkTopologyImpl.java:add(112)) - Added a new node: /default-rack/60f270a2-4d6d-4813-9b3e-2b5778bc3e5d
2023-06-21 17:31:32,988 [main] INFO  net.NetworkTopologyImpl (NetworkTopologyImpl.java:add(112)) - Added a new node: /default-rack/23aa7fa3-643f-4787-badc-c380d41c7586
2023-06-21 17:31:32,988 [main] INFO  net.NetworkTopologyImpl (NetworkTopologyImpl.java:add(112)) - Added a new node: /default-rack/bbcb425f-8189-4c00-8552-a2101b9129c4
2023-06-21 17:31:32,988 [main] INFO  net.NetworkTopologyImpl (NetworkTopologyImpl.java:add(112)) - Added a new node: /default-rack/e9088cfa-2ea7-474d-91f9-43efa80ae9af
2023-06-21 17:31:32,988 [main] INFO  algorithms.ContainerPlacementPolicyFactory (ContainerPlacementPolicyFactory.java:getPolicyInternal(86)) - Create container placement policy of type org.apache.hadoop.hdds.scm.container.placement.algorithms.SCMContainerPlacementRackAware
2023-06-21 17:31:32,989 [main] INFO  algorithms.ContainerPlacementPolicyFactory (ContainerPlacementPolicyFactory.java:getPolicyInternal(86)) - Create container placement policy of type org.apache.hadoop.hdds.scm.container.placement.algorithms.SCMContainerPlacementRackScatter
2023-06-21 17:31:32,991 [main] DEBUG balancer.ContainerBalancerTask (ContainerBalancerTask.java:initializeIteration(374)) - Average utilization of the cluster is 0.31998311506655397
2023-06-21 17:31:32,991 [main] DEBUG balancer.ContainerBalancerTask (ContainerBalancerTask.java:initializeIteration(386)) - Lower limit for utilization is 0.21998311506655396 and Upper limit for utilization is 0.41998311506655395
2023-06-21 17:31:32,991 [main] DEBUG balancer.ContainerBalancerTask (ContainerBalancerTask.java:initializeIteration(398)) - Utilization for node 4bc2d76c-5055-4196-acd5-2eb032740ce8 with capacity 52494044728B, used 47244640256B, and remaining 5249404472B is 0.9000000000152398
2023-06-21 17:31:32,991 [main] DEBUG balancer.ContainerBalancerTask (ContainerBalancerTask.java:initializeIteration(398)) - Utilization for node 79b91009-263a-4e08-88e2-39a9685b8c06 with capacity 46976204800B, used 37580963840B, and remaining 9395240960B is 0.8
2023-06-21 17:31:32,991 [main] DEBUG balancer.ContainerBalancerTask (ContainerBalancerTask.java:initializeIteration(398)) - Utilization for node 60f270a2-4d6d-4813-9b3e-2b5778bc3e5d with capacity 70560177005B, used 49392123904B, and remaining 21168053101B is 0.7000000000070862
2023-06-21 17:31:32,991 [main] DEBUG balancer.ContainerBalancerTask (ContainerBalancerTask.java:initializeIteration(398)) - Utilization for node 5bcec7f7-280e-4a9e-9c65-1e21b9e98e94 with capacity 110953321813B, used 66571993088B, and remaining 44381328725B is 0.6000000000018025
2023-06-21 17:31:32,991 [main] DEBUG balancer.ContainerBalancerTask (ContainerBalancerTask.java:initializeIteration(398)) - Utilization for node 6c61ced7-8e39-4f23-8665-29c27a4ec2f7 with capacity 75161927680B, used 37580963840B, and remaining 37580963840B is 0.5
2023-06-21 17:31:32,992 [main] DEBUG balancer.ContainerBalancerTask (ContainerBalancerTask.java:initializeIteration(398)) - Utilization for node 23aa7fa3-643f-4787-badc-c380d41c7586 with capacity 102005473280B, used 40802189312B, and remaining 61203283968B is 0.4
2023-06-21 17:31:32,992 [main] DEBUG balancer.ContainerBalancerTask (ContainerBalancerTask.java:initializeIteration(398)) - Utilization for node 5f5f6ca8-bb57-402a-939b-d48eff467bba with capacity 139586437120B, used 41875931136B, and remaining 97710505984B is 0.3
2023-06-21 17:31:32,992 [main] DEBUG balancer.ContainerBalancerTask (ContainerBalancerTask.java:initializeIteration(398)) - Utilization for node 9b552295-555e-46fd-aa0c-e58c460311b2 with capacity 204010946560B, used 40802189312B, and remaining 163208757248B is 0.2
2023-06-21 17:31:32,992 [main] DEBUG balancer.ContainerBalancerTask (ContainerBalancerTask.java:initializeIteration(398)) - Utilization for node e9088cfa-2ea7-474d-91f9-43efa80ae9af with capacity 386547056640B, used 38654705664B, and remaining 347892350976B is 0.1
2023-06-21 17:31:32,992 [main] DEBUG balancer.ContainerBalancerTask (ContainerBalancerTask.java:initializeIteration(398)) - Utilization for node bbcb425f-8189-4c00-8552-a2101b9129c4 with capacity 63350767616B, used 0B, and remaining 63350767616B is 0.0
2023-06-21 17:31:32,992 [main] INFO  balancer.ContainerBalancerTask (ContainerBalancerTask.java:initializeIteration(447)) - Container Balancer has identified 5 Over-Utilized and 3 Under-Utilized Datanodes that need to be balanced.
2023-06-21 17:31:32,992 [main] DEBUG balancer.ContainerBalancerTask (ContainerBalancerTask.java:lambda$initializeIteration$1(453)) - Datanode localhost-234.13.16.130 4bc2d76c-5055-4196-acd5-2eb032740ce8 is Over-Utilized.
2023-06-21 17:31:32,992 [main] DEBUG balancer.ContainerBalancerTask (ContainerBalancerTask.java:lambda$initializeIteration$1(453)) - Datanode localhost-111.50.39.159 79b91009-263a-4e08-88e2-39a9685b8c06 is Over-Utilized.
2023-06-21 17:31:32,992 [main] DEBUG balancer.ContainerBalancerTask (ContainerBalancerTask.java:lambda$initializeIteration$1(453)) - Datanode localhost-94.17.63.207 60f270a2-4d6d-4813-9b3e-2b5778bc3e5d is Over-Utilized.
2023-06-21 17:31:32,992 [main] DEBUG balancer.ContainerBalancerTask (ContainerBalancerTask.java:lambda$initializeIteration$1(453)) - Datanode localhost-135.34.239.19 5bcec7f7-280e-4a9e-9c65-1e21b9e98e94 is Over-Utilized.
2023-06-21 17:31:32,992 [main] DEBUG balancer.ContainerBalancerTask (ContainerBalancerTask.java:lambda$initializeIteration$1(453)) - Datanode localhost-234.150.233.194 6c61ced7-8e39-4f23-8665-29c27a4ec2f7 is Over-Utilized.
2023-06-21 17:31:32,992 [main] DEBUG balancer.ContainerBalancerTask (ContainerBalancerTask.java:lambda$initializeIteration$2(459)) - Datanode localhost-96.98.214.71 bbcb425f-8189-4c00-8552-a2101b9129c4 is Under-Utilized.
2023-06-21 17:31:32,992 [main] DEBUG balancer.ContainerBalancerTask (ContainerBalancerTask.java:lambda$initializeIteration$2(459)) - Datanode localhost-171.223.134.87 e9088cfa-2ea7-474d-91f9-43efa80ae9af is Under-Utilized.
2023-06-21 17:31:32,993 [main] DEBUG balancer.ContainerBalancerTask (ContainerBalancerTask.java:lambda$initializeIteration$2(459)) - Datanode localhost-42.225.76.38 9b552295-555e-46fd-aa0c-e58c460311b2 is Under-Utilized.
2023-06-21 17:31:32,996 [main] DEBUG balancer.ContainerBalancerTask (ContainerBalancerTask.java:matchSourceWithTarget(706)) - ContainerBalancer is finding suitable target for source datanode 4bc2d76c-5055-4196-acd5-2eb032740ce8
2023-06-21 17:31:32,996 [main] INFO  balancer.ContainerBalancerTask (ContainerBalancerTask.java:matchSourceWithTarget(720)) - ContainerBalancer matched source datanode 4bc2d76c-5055-4196-acd5-2eb032740ce8 with target datanode bbcb425f-8189-4c00-8552-a2101b9129c4 for container move.
2023-06-21 17:31:32,996 [main] INFO  balancer.ContainerBalancerTask (ContainerBalancerTask.java:processMoveSelection(569)) - ContainerBalancer is trying to move container #85 with size 5368709120B from source datanode 4bc2d76c-5055-4196-acd5-2eb032740ce8 to target datanode bbcb425f-8189-4c00-8552-a2101b9129c4
2023-06-21 17:31:32,996 [main] DEBUG balancer.ContainerBalancerTask (ContainerBalancerTask.java:lambda$moveContainer$3(834)) - Container move completed for container #85 from source 4bc2d76c-5055-4196-acd5-2eb032740ce8 to target bbcb425f-8189-4c00-8552-a2101b9129c4
2023-06-21 17:31:32,998 [main] DEBUG balancer.ContainerBalancerTask (ContainerBalancerTask.java:matchSourceWithTarget(706)) - ContainerBalancer is finding suitable target for source datanode 79b91009-263a-4e08-88e2-39a9685b8c06
2023-06-21 17:31:32,998 [main] INFO  balancer.ContainerBalancerTask (ContainerBalancerTask.java:matchSourceWithTarget(720)) - ContainerBalancer matched source datanode 79b91009-263a-4e08-88e2-39a9685b8c06 with target datanode bbcb425f-8189-4c00-8552-a2101b9129c4 for container move.
2023-06-21 17:31:32,999 [main] INFO  balancer.ContainerBalancerTask (ContainerBalancerTask.java:processMoveSelection(569)) - ContainerBalancer is trying to move container #68 with size 5368709120B from source datanode 79b91009-263a-4e08-88e2-39a9685b8c06 to target datanode bbcb425f-8189-4c00-8552-a2101b9129c4
2023-06-21 17:31:32,999 [main] DEBUG balancer.ContainerBalancerTask (ContainerBalancerTask.java:lambda$moveContainer$3(834)) - Container move completed for container #68 from source 79b91009-263a-4e08-88e2-39a9685b8c06 to target bbcb425f-8189-4c00-8552-a2101b9129c4
2023-06-21 17:31:33,001 [main] DEBUG balancer.ContainerBalancerTask (ContainerBalancerTask.java:matchSourceWithTarget(706)) - ContainerBalancer is finding suitable target for source datanode 4bc2d76c-5055-4196-acd5-2eb032740ce8
2023-06-21 17:31:33,002 [main] INFO  balancer.ContainerBalancerTask (ContainerBalancerTask.java:matchSourceWithTarget(720)) - ContainerBalancer matched source datanode 4bc2d76c-5055-4196-acd5-2eb032740ce8 with target datanode e9088cfa-2ea7-474d-91f9-43efa80ae9af for container move.
2023-06-21 17:31:33,002 [main] INFO  balancer.ContainerBalancerTask (ContainerBalancerTask.java:processMoveSelection(569)) - ContainerBalancer is trying to move container #89 with size 4294967296B from source datanode 4bc2d76c-5055-4196-acd5-2eb032740ce8 to target datanode e9088cfa-2ea7-474d-91f9-43efa80ae9af
2023-06-21 17:31:33,002 [main] DEBUG balancer.ContainerBalancerTask (ContainerBalancerTask.java:lambda$moveContainer$3(834)) - Container move completed for container #89 from source 4bc2d76c-5055-4196-acd5-2eb032740ce8 to target e9088cfa-2ea7-474d-91f9-43efa80ae9af
2023-06-21 17:31:33,004 [main] DEBUG balancer.ContainerBalancerTask (ContainerBalancerTask.java:matchSourceWithTarget(706)) - ContainerBalancer is finding suitable target for source datanode 4bc2d76c-5055-4196-acd5-2eb032740ce8
2023-06-21 17:31:33,004 [main] INFO  balancer.ContainerBalancerTask (ContainerBalancerTask.java:matchSourceWithTarget(720)) - ContainerBalancer matched source datanode 4bc2d76c-5055-4196-acd5-2eb032740ce8 with target datanode e9088cfa-2ea7-474d-91f9-43efa80ae9af for container move.
2023-06-21 17:31:33,004 [main] INFO  balancer.ContainerBalancerTask (ContainerBalancerTask.java:processMoveSelection(569)) - ContainerBalancer is trying to move container #84 with size 4294967296B from source datanode 4bc2d76c-5055-4196-acd5-2eb032740ce8 to target datanode e9088cfa-2ea7-474d-91f9-43efa80ae9af
2023-06-21 17:31:33,004 [main] DEBUG balancer.ContainerBalancerTask (ContainerBalancerTask.java:lambda$moveContainer$3(834)) - Container move completed for container #84 from source 4bc2d76c-5055-4196-acd5-2eb032740ce8 to target e9088cfa-2ea7-474d-91f9-43efa80ae9af
2023-06-21 17:31:33,007 [main] DEBUG balancer.ContainerBalancerTask (ContainerBalancerTask.java:matchSourceWithTarget(706)) - ContainerBalancer is finding suitable target for source datanode 60f270a2-4d6d-4813-9b3e-2b5778bc3e5d
2023-06-21 17:31:33,008 [main] INFO  balancer.ContainerBalancerTask (ContainerBalancerTask.java:matchSourceWithTarget(720)) - ContainerBalancer matched source datanode 60f270a2-4d6d-4813-9b3e-2b5778bc3e5d with target datanode e9088cfa-2ea7-474d-91f9-43efa80ae9af for container move.
2023-06-21 17:31:33,008 [main] INFO  balancer.ContainerBalancerTask (ContainerBalancerTask.java:processMoveSelection(569)) - ContainerBalancer is trying to move container #52 with size 4294967296B from source datanode 60f270a2-4d6d-4813-9b3e-2b5778bc3e5d to target datanode e9088cfa-2ea7-474d-91f9-43efa80ae9af
2023-06-21 17:31:33,008 [main] DEBUG balancer.ContainerBalancerTask (ContainerBalancerTask.java:lambda$moveContainer$3(834)) - Container move completed for container #52 from source 60f270a2-4d6d-4813-9b3e-2b5778bc3e5d to target e9088cfa-2ea7-474d-91f9-43efa80ae9af
2023-06-21 17:31:33,010 [main] DEBUG balancer.ContainerBalancerTask (ContainerBalancerTask.java:matchSourceWithTarget(706)) - ContainerBalancer is finding suitable target for source datanode 79b91009-263a-4e08-88e2-39a9685b8c06
2023-06-21 17:31:33,011 [main] INFO  balancer.ContainerBalancerTask (ContainerBalancerTask.java:matchSourceWithTarget(720)) - ContainerBalancer matched source datanode 79b91009-263a-4e08-88e2-39a9685b8c06 with target datanode e9088cfa-2ea7-474d-91f9-43efa80ae9af for container move.
2023-06-21 17:31:33,011 [main] INFO  balancer.ContainerBalancerTask (ContainerBalancerTask.java:processMoveSelection(569)) - ContainerBalancer is trying to move container #28 with size 4294967296B from source datanode 79b91009-263a-4e08-88e2-39a9685b8c06 to target datanode e9088cfa-2ea7-474d-91f9-43efa80ae9af
2023-06-21 17:31:33,011 [main] DEBUG balancer.ContainerBalancerTask (ContainerBalancerTask.java:lambda$moveContainer$3(834)) - Container move completed for container #28 from source 79b91009-263a-4e08-88e2-39a9685b8c06 to target e9088cfa-2ea7-474d-91f9-43efa80ae9af
2023-06-21 17:31:33,013 [main] DEBUG balancer.ContainerBalancerTask (ContainerBalancerTask.java:matchSourceWithTarget(706)) - ContainerBalancer is finding suitable target for source datanode 60f270a2-4d6d-4813-9b3e-2b5778bc3e5d
2023-06-21 17:31:33,014 [main] INFO  balancer.ContainerBalancerTask (ContainerBalancerTask.java:matchSourceWithTarget(720)) - ContainerBalancer matched source datanode 60f270a2-4d6d-4813-9b3e-2b5778bc3e5d with target datanode e9088cfa-2ea7-474d-91f9-43efa80ae9af for container move.
2023-06-21 17:31:33,014 [main] INFO  balancer.ContainerBalancerTask (ContainerBalancerTask.java:processMoveSelection(569)) - ContainerBalancer is trying to move container #39 with size 4294967296B from source datanode 60f270a2-4d6d-4813-9b3e-2b5778bc3e5d to target datanode e9088cfa-2ea7-474d-91f9-43efa80ae9af
2023-06-21 17:31:33,014 [main] DEBUG balancer.ContainerBalancerTask (ContainerBalancerTask.java:lambda$moveContainer$3(834)) - Container move completed for container #39 from source 60f270a2-4d6d-4813-9b3e-2b5778bc3e5d to target e9088cfa-2ea7-474d-91f9-43efa80ae9af
2023-06-21 17:31:33,017 [main] DEBUG balancer.ContainerBalancerTask (ContainerBalancerTask.java:matchSourceWithTarget(706)) - ContainerBalancer is finding suitable target for source datanode 4bc2d76c-5055-4196-acd5-2eb032740ce8
2023-06-21 17:31:33,017 [main] INFO  balancer.ContainerBalancerTask (ContainerBalancerTask.java:matchSourceWithTarget(720)) - ContainerBalancer matched source datanode 4bc2d76c-5055-4196-acd5-2eb032740ce8 with target datanode e9088cfa-2ea7-474d-91f9-43efa80ae9af for container move.
2023-06-21 17:31:33,017 [main] INFO  balancer.ContainerBalancerTask (ContainerBalancerTask.java:processMoveSelection(569)) - ContainerBalancer is trying to move container #83 with size 3221225472B from source datanode 4bc2d76c-5055-4196-acd5-2eb032740ce8 to target datanode e9088cfa-2ea7-474d-91f9-43efa80ae9af
2023-06-21 17:31:33,017 [main] DEBUG balancer.ContainerBalancerTask (ContainerBalancerTask.java:lambda$moveContainer$3(834)) - Container move completed for container #83 from source 4bc2d76c-5055-4196-acd5-2eb032740ce8 to target e9088cfa-2ea7-474d-91f9-43efa80ae9af
2023-06-21 17:31:33,020 [main] DEBUG balancer.ContainerBalancerTask (ContainerBalancerTask.java:matchSourceWithTarget(706)) - ContainerBalancer is finding suitable target for source datanode 5bcec7f7-280e-4a9e-9c65-1e21b9e98e94
2023-06-21 17:31:33,020 [main] INFO  balancer.ContainerBalancerTask (ContainerBalancerTask.java:matchSourceWithTarget(720)) - ContainerBalancer matched source datanode 5bcec7f7-280e-4a9e-9c65-1e21b9e98e94 with target datanode e9088cfa-2ea7-474d-91f9-43efa80ae9af for container move.
2023-06-21 17:31:33,020 [main] INFO  balancer.ContainerBalancerTask (ContainerBalancerTask.java:processMoveSelection(569)) - ContainerBalancer is trying to move container #40 with size 5368709120B from source datanode 5bcec7f7-280e-4a9e-9c65-1e21b9e98e94 to target datanode e9088cfa-2ea7-474d-91f9-43efa80ae9af
2023-06-21 17:31:33,020 [main] DEBUG balancer.ContainerBalancerTask (ContainerBalancerTask.java:lambda$moveContainer$3(834)) - Container move completed for container #40 from source 5bcec7f7-280e-4a9e-9c65-1e21b9e98e94 to target e9088cfa-2ea7-474d-91f9-43efa80ae9af
2023-06-21 17:31:33,023 [main] DEBUG balancer.ContainerBalancerTask (ContainerBalancerTask.java:matchSourceWithTarget(706)) - ContainerBalancer is finding suitable target for source datanode 79b91009-263a-4e08-88e2-39a9685b8c06
2023-06-21 17:31:33,023 [main] INFO  balancer.ContainerBalancerTask (ContainerBalancerTask.java:matchSourceWithTarget(720)) - ContainerBalancer matched source datanode 79b91009-263a-4e08-88e2-39a9685b8c06 with target datanode bbcb425f-8189-4c00-8552-a2101b9129c4 for container move.
2023-06-21 17:31:33,023 [main] INFO  balancer.ContainerBalancerTask (ContainerBalancerTask.java:processMoveSelection(569)) - ContainerBalancer is trying to move container #67 with size 4294967296B from source datanode 79b91009-263a-4e08-88e2-39a9685b8c06 to target datanode bbcb425f-8189-4c00-8552-a2101b9129c4
2023-06-21 17:31:33,024 [main] DEBUG balancer.ContainerBalancerTask (ContainerBalancerTask.java:lambda$moveContainer$3(834)) - Container move completed for container #67 from source 79b91009-263a-4e08-88e2-39a9685b8c06 to target bbcb425f-8189-4c00-8552-a2101b9129c4
2023-06-21 17:31:33,027 [main] DEBUG balancer.ContainerBalancerTask (ContainerBalancerTask.java:matchSourceWithTarget(706)) - ContainerBalancer is finding suitable target for source datanode 60f270a2-4d6d-4813-9b3e-2b5778bc3e5d
2023-06-21 17:31:33,027 [main] INFO  balancer.ContainerBalancerTask (ContainerBalancerTask.java:matchSourceWithTarget(720)) - ContainerBalancer matched source datanode 60f270a2-4d6d-4813-9b3e-2b5778bc3e5d with target datanode e9088cfa-2ea7-474d-91f9-43efa80ae9af for container move.
2023-06-21 17:31:33,027 [main] INFO  balancer.ContainerBalancerTask (ContainerBalancerTask.java:processMoveSelection(569)) - ContainerBalancer is trying to move container #51 with size 3221225472B from source datanode 60f270a2-4d6d-4813-9b3e-2b5778bc3e5d to target datanode e9088cfa-2ea7-474d-91f9-43efa80ae9af
2023-06-21 17:31:33,027 [main] DEBUG balancer.ContainerBalancerTask (ContainerBalancerTask.java:lambda$moveContainer$3(834)) - Container move completed for container #51 from source 60f270a2-4d6d-4813-9b3e-2b5778bc3e5d to target e9088cfa-2ea7-474d-91f9-43efa80ae9af
2023-06-21 17:31:33,029 [main] DEBUG balancer.ContainerBalancerTask (ContainerBalancerTask.java:matchSourceWithTarget(706)) - ContainerBalancer is finding suitable target for source datanode 4bc2d76c-5055-4196-acd5-2eb032740ce8
2023-06-21 17:31:33,030 [main] INFO  balancer.ContainerBalancerTask (ContainerBalancerTask.java:matchSourceWithTarget(720)) - ContainerBalancer matched source datanode 4bc2d76c-5055-4196-acd5-2eb032740ce8 with target datanode e9088cfa-2ea7-474d-91f9-43efa80ae9af for container move.
2023-06-21 17:31:33,030 [main] INFO  balancer.ContainerBalancerTask (ContainerBalancerTask.java:processMoveSelection(569)) - ContainerBalancer is trying to move container #27 with size 3221225472B from source datanode 4bc2d76c-5055-4196-acd5-2eb032740ce8 to target datanode e9088cfa-2ea7-474d-91f9-43efa80ae9af
2023-06-21 17:31:33,030 [main] DEBUG balancer.ContainerBalancerTask (ContainerBalancerTask.java:lambda$moveContainer$3(834)) - Container move completed for container #27 from source 4bc2d76c-5055-4196-acd5-2eb032740ce8 to target e9088cfa-2ea7-474d-91f9-43efa80ae9af
2023-06-21 17:31:33,033 [main] DEBUG balancer.ContainerBalancerTask (ContainerBalancerTask.java:matchSourceWithTarget(706)) - ContainerBalancer is finding suitable target for source datanode 5bcec7f7-280e-4a9e-9c65-1e21b9e98e94
2023-06-21 17:31:33,033 [main] INFO  balancer.ContainerBalancerTask (ContainerBalancerTask.java:matchSourceWithTarget(720)) - ContainerBalancer matched source datanode 5bcec7f7-280e-4a9e-9c65-1e21b9e98e94 with target datanode e9088cfa-2ea7-474d-91f9-43efa80ae9af for container move.
2023-06-21 17:31:33,033 [main] INFO  balancer.ContainerBalancerTask (ContainerBalancerTask.java:processMoveSelection(569)) - ContainerBalancer is trying to move container #70 with size 2147483648B from source datanode 5bcec7f7-280e-4a9e-9c65-1e21b9e98e94 to target datanode e9088cfa-2ea7-474d-91f9-43efa80ae9af
2023-06-21 17:31:33,034 [main] DEBUG balancer.ContainerBalancerTask (ContainerBalancerTask.java:lambda$moveContainer$3(834)) - Container move completed for container #70 from source 5bcec7f7-280e-4a9e-9c65-1e21b9e98e94 to target e9088cfa-2ea7-474d-91f9-43efa80ae9af
2023-06-21 17:31:33,034 [main] WARN  balancer.ContainerBalancerTask (ContainerBalancerTask.java:reachedMaxSizeToMovePerIteration(731)) - Reached max size to move limit. 53687091200 bytes have already been scheduled for balancing and the limit is 53687091200 bytes.
2023-06-21 17:31:33,034 [main] INFO  balancer.ContainerBalancerTask (ContainerBalancerTask.java:checkIterationMoveResults(640)) - Iteration Summary. Number of Datanodes involved: 6. Size moved: 50 GB (53687091200 Bytes). Number of Container moves completed: 13.
2023-06-21 17:31:33,034 [main] INFO  balancer.ContainerBalancerTask (ContainerBalancerTask.java:balance(259)) - Result of this iteration of Container Balancer: ITERATION_COMPLETED
2023-06-21 17:31:33,034 [main] INFO  balancer.ContainerBalancerTask (ContainerBalancerTask.java:tryStopWithSaveConfiguration(308)) - Save Configuration for stopping. Reason: Completed all iterations.
]]></system-out>
  </testcase>
  <testcase name="testCalculationOfUtilization" classname="org.apache.hadoop.hdds.scm.container.balancer.TestContainerBalancerTask" time="0.027">
    <system-out><![CDATA[2023-06-21 17:31:33,057 [main] INFO  net.NodeSchemaLoader (NodeSchemaLoader.java:loadSchemaFromFile(129)) - Loading schema from [file:/home/runner/work/ozone/ozone/hadoop-hdds/common/target/classes/network-topology-default.xml]
2023-06-21 17:31:33,057 [main] INFO  net.NodeSchemaLoader (NodeSchemaLoader.java:loadSchema(176)) - Loading network topology layer schema file
2023-06-21 17:31:33,058 [main] INFO  net.NetworkTopologyImpl (NetworkTopologyImpl.java:add(112)) - Added a new node: /default-rack/940643fa-2a57-461a-9e0c-6c4d26b05400
2023-06-21 17:31:33,059 [main] INFO  net.NetworkTopologyImpl (NetworkTopologyImpl.java:add(112)) - Added a new node: /default-rack/24323c3b-36b6-41e2-8f8f-b7b296234a92
2023-06-21 17:31:33,059 [main] INFO  net.NetworkTopologyImpl (NetworkTopologyImpl.java:add(112)) - Added a new node: /default-rack/4848c186-506a-413c-9e02-2a1b7f2e7bab
2023-06-21 17:31:33,059 [main] INFO  net.NetworkTopologyImpl (NetworkTopologyImpl.java:add(112)) - Added a new node: /default-rack/6065bec4-acab-47f3-894a-5fbba47fac90
2023-06-21 17:31:33,059 [main] INFO  net.NetworkTopologyImpl (NetworkTopologyImpl.java:add(112)) - Added a new node: /default-rack/c02535d4-3737-40ef-84ff-455b7677c910
2023-06-21 17:31:33,059 [main] INFO  net.NetworkTopologyImpl (NetworkTopologyImpl.java:add(112)) - Added a new node: /default-rack/ee0f5dfc-5a7d-4646-aad9-e01c06e788a7
2023-06-21 17:31:33,059 [main] INFO  net.NetworkTopologyImpl (NetworkTopologyImpl.java:add(112)) - Added a new node: /default-rack/aff91480-2587-4f1f-bcd2-78e7c99ca5e5
2023-06-21 17:31:33,059 [main] INFO  net.NetworkTopologyImpl (NetworkTopologyImpl.java:add(112)) - Added a new node: /default-rack/f7b78d03-bb15-46d5-a038-1225b07cef7a
2023-06-21 17:31:33,059 [main] INFO  net.NetworkTopologyImpl (NetworkTopologyImpl.java:add(112)) - Added a new node: /default-rack/fce1cafe-43ec-4c5d-a6aa-bdee01a59790
2023-06-21 17:31:33,059 [main] INFO  net.NetworkTopologyImpl (NetworkTopologyImpl.java:add(112)) - Added a new node: /default-rack/bcd85599-a9d6-4d15-a857-b6a169fb78a0
2023-06-21 17:31:33,059 [main] INFO  algorithms.ContainerPlacementPolicyFactory (ContainerPlacementPolicyFactory.java:getPolicyInternal(86)) - Create container placement policy of type org.apache.hadoop.hdds.scm.container.placement.algorithms.SCMContainerPlacementRackAware
2023-06-21 17:31:33,060 [main] INFO  algorithms.ContainerPlacementPolicyFactory (ContainerPlacementPolicyFactory.java:getPolicyInternal(86)) - Create container placement policy of type org.apache.hadoop.hdds.scm.container.placement.algorithms.SCMContainerPlacementRackScatter
]]></system-out>
  </testcase>
  <testcase name="initializeIterationShouldUpdateUnBalancedNodesWhenThresholdChanges" classname="org.apache.hadoop.hdds.scm.container.balancer.TestContainerBalancerTask" time="1.215">
    <system-out><![CDATA[2023-06-21 17:31:33,084 [main] INFO  net.NodeSchemaLoader (NodeSchemaLoader.java:loadSchemaFromFile(129)) - Loading schema from [file:/home/runner/work/ozone/ozone/hadoop-hdds/common/target/classes/network-topology-default.xml]
2023-06-21 17:31:33,084 [main] INFO  net.NodeSchemaLoader (NodeSchemaLoader.java:loadSchema(176)) - Loading network topology layer schema file
2023-06-21 17:31:33,086 [main] INFO  net.NetworkTopologyImpl (NetworkTopologyImpl.java:add(112)) - Added a new node: /default-rack/fd4dd60a-8bfd-4264-b2bb-fbfc3c54b0cc
2023-06-21 17:31:33,086 [main] INFO  net.NetworkTopologyImpl (NetworkTopologyImpl.java:add(112)) - Added a new node: /default-rack/9246defe-2693-4dab-945d-efd9dd561743
2023-06-21 17:31:33,086 [main] INFO  net.NetworkTopologyImpl (NetworkTopologyImpl.java:add(112)) - Added a new node: /default-rack/085849ae-9e8f-4d0b-940b-e1fb286c907c
2023-06-21 17:31:33,086 [main] INFO  net.NetworkTopologyImpl (NetworkTopologyImpl.java:add(112)) - Added a new node: /default-rack/36d3431a-12b9-444e-b99f-4b34fd89578e
2023-06-21 17:31:33,086 [main] INFO  net.NetworkTopologyImpl (NetworkTopologyImpl.java:add(112)) - Added a new node: /default-rack/c49af212-2b4e-4bd4-b503-6cc4f4e13722
2023-06-21 17:31:33,086 [main] INFO  net.NetworkTopologyImpl (NetworkTopologyImpl.java:add(112)) - Added a new node: /default-rack/321c84d4-14b7-4af7-906c-e1c1bbae619c
2023-06-21 17:31:33,086 [main] INFO  net.NetworkTopologyImpl (NetworkTopologyImpl.java:add(112)) - Added a new node: /default-rack/ca4df368-9957-4e8c-8166-de1bf6393313
2023-06-21 17:31:33,086 [main] INFO  net.NetworkTopologyImpl (NetworkTopologyImpl.java:add(112)) - Added a new node: /default-rack/27804612-680c-46c1-ac34-1564025500b6
2023-06-21 17:31:33,086 [main] INFO  net.NetworkTopologyImpl (NetworkTopologyImpl.java:add(112)) - Added a new node: /default-rack/40942551-d097-4969-9a85-9af0ec1541f4
2023-06-21 17:31:33,086 [main] INFO  net.NetworkTopologyImpl (NetworkTopologyImpl.java:add(112)) - Added a new node: /default-rack/01efa234-f908-4c2b-ab0c-194903419a33
2023-06-21 17:31:33,087 [main] INFO  algorithms.ContainerPlacementPolicyFactory (ContainerPlacementPolicyFactory.java:getPolicyInternal(86)) - Create container placement policy of type org.apache.hadoop.hdds.scm.container.placement.algorithms.SCMContainerPlacementRackAware
2023-06-21 17:31:33,087 [main] INFO  algorithms.ContainerPlacementPolicyFactory (ContainerPlacementPolicyFactory.java:getPolicyInternal(86)) - Create container placement policy of type org.apache.hadoop.hdds.scm.container.placement.algorithms.SCMContainerPlacementRackScatter
2023-06-21 17:31:33,089 [main] DEBUG balancer.ContainerBalancerTask (ContainerBalancerTask.java:initializeIteration(374)) - Average utilization of the cluster is 0.35306711941381913
2023-06-21 17:31:33,089 [main] DEBUG balancer.ContainerBalancerTask (ContainerBalancerTask.java:initializeIteration(386)) - Lower limit for utilization is -0.5602434346777161 and Upper limit for utilization is 1.2663776735053542
2023-06-21 17:31:33,090 [main] DEBUG balancer.ContainerBalancerTask (ContainerBalancerTask.java:initializeIteration(398)) - Utilization for node 01efa234-f908-4c2b-ab0c-194903419a33 with capacity 72775834737B, used 65498251264B, and remaining 7277583473B is 0.9000000000096186
2023-06-21 17:31:33,090 [main] DEBUG balancer.ContainerBalancerTask (ContainerBalancerTask.java:initializeIteration(398)) - Utilization for node 321c84d4-14b7-4af7-906c-e1c1bbae619c with capacity 84557168640B, used 67645734912B, and remaining 16911433728B is 0.8
2023-06-21 17:31:33,090 [main] DEBUG balancer.ContainerBalancerTask (ContainerBalancerTask.java:initializeIteration(398)) - Utilization for node 9246defe-2693-4dab-945d-efd9dd561743 with capacity 87433262811B, used 61203283968B, and remaining 26229978843B is 0.7000000000034312
2023-06-21 17:31:33,090 [main] DEBUG balancer.ContainerBalancerTask (ContainerBalancerTask.java:initializeIteration(398)) - Utilization for node ca4df368-9957-4e8c-8166-de1bf6393313 with capacity 71582788266B, used 42949672960B, and remaining 28633115306B is 0.600000000005588
2023-06-21 17:31:33,090 [main] DEBUG balancer.ContainerBalancerTask (ContainerBalancerTask.java:initializeIteration(398)) - Utilization for node 40942551-d097-4969-9a85-9af0ec1541f4 with capacity 53687091200B, used 26843545600B, and remaining 26843545600B is 0.5
2023-06-21 17:31:33,090 [main] DEBUG balancer.ContainerBalancerTask (ContainerBalancerTask.java:initializeIteration(398)) - Utilization for node fd4dd60a-8bfd-4264-b2bb-fbfc3c54b0cc with capacity 88583700480B, used 35433480192B, and remaining 53150220288B is 0.4
2023-06-21 17:31:33,090 [main] DEBUG balancer.ContainerBalancerTask (ContainerBalancerTask.java:initializeIteration(398)) - Utilization for node 36d3431a-12b9-444e-b99f-4b34fd89578e with capacity 110953321813B, used 33285996544B, and remaining 77667325269B is 0.30000000000090127
2023-06-21 17:31:33,090 [main] DEBUG balancer.ContainerBalancerTask (ContainerBalancerTask.java:initializeIteration(398)) - Utilization for node 27804612-680c-46c1-ac34-1564025500b6 with capacity 150323855360B, used 30064771072B, and remaining 120259084288B is 0.2
2023-06-21 17:31:33,090 [main] DEBUG balancer.ContainerBalancerTask (ContainerBalancerTask.java:initializeIteration(398)) - Utilization for node 085849ae-9e8f-4d0b-940b-e1fb286c907c with capacity 375809638400B, used 37580963840B, and remaining 338228674560B is 0.1
2023-06-21 17:31:33,090 [main] DEBUG balancer.ContainerBalancerTask (ContainerBalancerTask.java:initializeIteration(398)) - Utilization for node c49af212-2b4e-4bd4-b503-6cc4f4e13722 with capacity 38654705664B, used 0B, and remaining 38654705664B is 0.0
2023-06-21 17:31:33,090 [main] INFO  balancer.ContainerBalancerTask (ContainerBalancerTask.java:initializeIteration(443)) - Did not find any unbalanced Datanodes.
2023-06-21 17:31:33,090 [main] INFO  balancer.ContainerBalancerTask (ContainerBalancerTask.java:tryStopWithSaveConfiguration(308)) - Save Configuration for stopping. Reason: Could not initialize ContainerBalancer's iteration number 0
2023-06-21 17:31:33,091 [main] DEBUG balancer.ContainerBalancerTask (ContainerBalancerTask.java:initializeIteration(374)) - Average utilization of the cluster is 0.35306711941381913
2023-06-21 17:31:33,091 [main] DEBUG balancer.ContainerBalancerTask (ContainerBalancerTask.java:initializeIteration(386)) - Lower limit for utilization is 0.20930362194959057 and Upper limit for utilization is 0.4968306168780477
2023-06-21 17:31:33,091 [main] DEBUG balancer.ContainerBalancerTask (ContainerBalancerTask.java:initializeIteration(398)) - Utilization for node 01efa234-f908-4c2b-ab0c-194903419a33 with capacity 72775834737B, used 65498251264B, and remaining 7277583473B is 0.9000000000096186
2023-06-21 17:31:33,091 [main] DEBUG balancer.ContainerBalancerTask (ContainerBalancerTask.java:initializeIteration(398)) - Utilization for node 321c84d4-14b7-4af7-906c-e1c1bbae619c with capacity 84557168640B, used 67645734912B, and remaining 16911433728B is 0.8
2023-06-21 17:31:33,091 [main] DEBUG balancer.ContainerBalancerTask (ContainerBalancerTask.java:initializeIteration(398)) - Utilization for node 9246defe-2693-4dab-945d-efd9dd561743 with capacity 87433262811B, used 61203283968B, and remaining 26229978843B is 0.7000000000034312
2023-06-21 17:31:33,092 [main] DEBUG balancer.ContainerBalancerTask (ContainerBalancerTask.java:initializeIteration(398)) - Utilization for node ca4df368-9957-4e8c-8166-de1bf6393313 with capacity 71582788266B, used 42949672960B, and remaining 28633115306B is 0.600000000005588
2023-06-21 17:31:33,092 [main] DEBUG balancer.ContainerBalancerTask (ContainerBalancerTask.java:initializeIteration(398)) - Utilization for node 40942551-d097-4969-9a85-9af0ec1541f4 with capacity 53687091200B, used 26843545600B, and remaining 26843545600B is 0.5
2023-06-21 17:31:33,092 [main] DEBUG balancer.ContainerBalancerTask (ContainerBalancerTask.java:initializeIteration(398)) - Utilization for node fd4dd60a-8bfd-4264-b2bb-fbfc3c54b0cc with capacity 88583700480B, used 35433480192B, and remaining 53150220288B is 0.4
2023-06-21 17:31:33,092 [main] DEBUG balancer.ContainerBalancerTask (ContainerBalancerTask.java:initializeIteration(398)) - Utilization for node 36d3431a-12b9-444e-b99f-4b34fd89578e with capacity 110953321813B, used 33285996544B, and remaining 77667325269B is 0.30000000000090127
2023-06-21 17:31:33,092 [main] DEBUG balancer.ContainerBalancerTask (ContainerBalancerTask.java:initializeIteration(398)) - Utilization for node 27804612-680c-46c1-ac34-1564025500b6 with capacity 150323855360B, used 30064771072B, and remaining 120259084288B is 0.2
2023-06-21 17:31:33,092 [main] DEBUG balancer.ContainerBalancerTask (ContainerBalancerTask.java:initializeIteration(398)) - Utilization for node 085849ae-9e8f-4d0b-940b-e1fb286c907c with capacity 375809638400B, used 37580963840B, and remaining 338228674560B is 0.1
2023-06-21 17:31:33,092 [main] DEBUG balancer.ContainerBalancerTask (ContainerBalancerTask.java:initializeIteration(398)) - Utilization for node c49af212-2b4e-4bd4-b503-6cc4f4e13722 with capacity 38654705664B, used 0B, and remaining 38654705664B is 0.0
2023-06-21 17:31:33,092 [main] INFO  balancer.ContainerBalancerTask (ContainerBalancerTask.java:initializeIteration(447)) - Container Balancer has identified 5 Over-Utilized and 3 Under-Utilized Datanodes that need to be balanced.
2023-06-21 17:31:33,092 [main] DEBUG balancer.ContainerBalancerTask (ContainerBalancerTask.java:lambda$initializeIteration$1(453)) - Datanode localhost-100.204.26.254 01efa234-f908-4c2b-ab0c-194903419a33 is Over-Utilized.
2023-06-21 17:31:33,093 [main] DEBUG balancer.ContainerBalancerTask (ContainerBalancerTask.java:lambda$initializeIteration$1(453)) - Datanode localhost-226.119.138.44 321c84d4-14b7-4af7-906c-e1c1bbae619c is Over-Utilized.
2023-06-21 17:31:33,093 [main] DEBUG balancer.ContainerBalancerTask (ContainerBalancerTask.java:lambda$initializeIteration$1(453)) - Datanode localhost-64.79.142.244 9246defe-2693-4dab-945d-efd9dd561743 is Over-Utilized.
2023-06-21 17:31:33,093 [main] DEBUG balancer.ContainerBalancerTask (ContainerBalancerTask.java:lambda$initializeIteration$1(453)) - Datanode localhost-106.240.243.44 ca4df368-9957-4e8c-8166-de1bf6393313 is Over-Utilized.
2023-06-21 17:31:33,093 [main] DEBUG balancer.ContainerBalancerTask (ContainerBalancerTask.java:lambda$initializeIteration$1(453)) - Datanode localhost-238.211.130.222 40942551-d097-4969-9a85-9af0ec1541f4 is Over-Utilized.
2023-06-21 17:31:33,093 [main] DEBUG balancer.ContainerBalancerTask (ContainerBalancerTask.java:lambda$initializeIteration$2(459)) - Datanode localhost-188.82.244.62 c49af212-2b4e-4bd4-b503-6cc4f4e13722 is Under-Utilized.
2023-06-21 17:31:33,093 [main] DEBUG balancer.ContainerBalancerTask (ContainerBalancerTask.java:lambda$initializeIteration$2(459)) - Datanode localhost-118.77.193.207 085849ae-9e8f-4d0b-940b-e1fb286c907c is Under-Utilized.
2023-06-21 17:31:33,093 [main] DEBUG balancer.ContainerBalancerTask (ContainerBalancerTask.java:lambda$initializeIteration$2(459)) - Datanode localhost-121.86.50.47 27804612-680c-46c1-ac34-1564025500b6 is Under-Utilized.
2023-06-21 17:31:33,096 [main] DEBUG balancer.ContainerBalancerTask (ContainerBalancerTask.java:matchSourceWithTarget(706)) - ContainerBalancer is finding suitable target for source datanode 01efa234-f908-4c2b-ab0c-194903419a33
2023-06-21 17:31:33,096 [main] INFO  balancer.ContainerBalancerTask (ContainerBalancerTask.java:matchSourceWithTarget(720)) - ContainerBalancer matched source datanode 01efa234-f908-4c2b-ab0c-194903419a33 with target datanode c49af212-2b4e-4bd4-b503-6cc4f4e13722 for container move.
2023-06-21 17:31:33,096 [main] INFO  balancer.ContainerBalancerTask (ContainerBalancerTask.java:processMoveSelection(569)) - ContainerBalancer is trying to move container #85 with size 5368709120B from source datanode 01efa234-f908-4c2b-ab0c-194903419a33 to target datanode c49af212-2b4e-4bd4-b503-6cc4f4e13722
2023-06-21 17:31:33,096 [main] DEBUG balancer.ContainerBalancerTask (ContainerBalancerTask.java:lambda$moveContainer$3(834)) - Container move completed for container #85 from source 01efa234-f908-4c2b-ab0c-194903419a33 to target c49af212-2b4e-4bd4-b503-6cc4f4e13722
2023-06-21 17:31:33,099 [main] DEBUG balancer.ContainerBalancerTask (ContainerBalancerTask.java:matchSourceWithTarget(706)) - ContainerBalancer is finding suitable target for source datanode 01efa234-f908-4c2b-ab0c-194903419a33
2023-06-21 17:31:33,099 [main] INFO  balancer.ContainerBalancerTask (ContainerBalancerTask.java:matchSourceWithTarget(720)) - ContainerBalancer matched source datanode 01efa234-f908-4c2b-ab0c-194903419a33 with target datanode 085849ae-9e8f-4d0b-940b-e1fb286c907c for container move.
2023-06-21 17:31:33,100 [main] INFO  balancer.ContainerBalancerTask (ContainerBalancerTask.java:processMoveSelection(569)) - ContainerBalancer is trying to move container #68 with size 5368709120B from source datanode 01efa234-f908-4c2b-ab0c-194903419a33 to target datanode 085849ae-9e8f-4d0b-940b-e1fb286c907c
2023-06-21 17:31:33,100 [main] DEBUG balancer.ContainerBalancerTask (ContainerBalancerTask.java:lambda$moveContainer$3(834)) - Container move completed for container #68 from source 01efa234-f908-4c2b-ab0c-194903419a33 to target 085849ae-9e8f-4d0b-940b-e1fb286c907c
2023-06-21 17:31:33,102 [main] DEBUG balancer.ContainerBalancerTask (ContainerBalancerTask.java:matchSourceWithTarget(706)) - ContainerBalancer is finding suitable target for source datanode 321c84d4-14b7-4af7-906c-e1c1bbae619c
2023-06-21 17:31:33,103 [main] INFO  balancer.ContainerBalancerTask (ContainerBalancerTask.java:matchSourceWithTarget(720)) - ContainerBalancer matched source datanode 321c84d4-14b7-4af7-906c-e1c1bbae619c with target datanode 085849ae-9e8f-4d0b-940b-e1fb286c907c for container move.
2023-06-21 17:31:33,103 [main] INFO  balancer.ContainerBalancerTask (ContainerBalancerTask.java:processMoveSelection(569)) - ContainerBalancer is trying to move container #53 with size 5368709120B from source datanode 321c84d4-14b7-4af7-906c-e1c1bbae619c to target datanode 085849ae-9e8f-4d0b-940b-e1fb286c907c
2023-06-21 17:31:33,103 [main] DEBUG balancer.ContainerBalancerTask (ContainerBalancerTask.java:lambda$moveContainer$3(834)) - Container move completed for container #53 from source 321c84d4-14b7-4af7-906c-e1c1bbae619c to target 085849ae-9e8f-4d0b-940b-e1fb286c907c
2023-06-21 17:31:33,106 [main] DEBUG balancer.ContainerBalancerTask (ContainerBalancerTask.java:matchSourceWithTarget(706)) - ContainerBalancer is finding suitable target for source datanode 01efa234-f908-4c2b-ab0c-194903419a33
2023-06-21 17:31:33,106 [main] INFO  balancer.ContainerBalancerTask (ContainerBalancerTask.java:matchSourceWithTarget(720)) - ContainerBalancer matched source datanode 01efa234-f908-4c2b-ab0c-194903419a33 with target datanode 085849ae-9e8f-4d0b-940b-e1fb286c907c for container move.
2023-06-21 17:31:33,106 [main] INFO  balancer.ContainerBalancerTask (ContainerBalancerTask.java:processMoveSelection(569)) - ContainerBalancer is trying to move container #40 with size 5368709120B from source datanode 01efa234-f908-4c2b-ab0c-194903419a33 to target datanode 085849ae-9e8f-4d0b-940b-e1fb286c907c
2023-06-21 17:31:33,106 [main] DEBUG balancer.ContainerBalancerTask (ContainerBalancerTask.java:lambda$moveContainer$3(834)) - Container move completed for container #40 from source 01efa234-f908-4c2b-ab0c-194903419a33 to target 085849ae-9e8f-4d0b-940b-e1fb286c907c
2023-06-21 17:31:33,109 [main] DEBUG balancer.ContainerBalancerTask (ContainerBalancerTask.java:matchSourceWithTarget(706)) - ContainerBalancer is finding suitable target for source datanode 321c84d4-14b7-4af7-906c-e1c1bbae619c
2023-06-21 17:31:33,110 [main] INFO  balancer.ContainerBalancerTask (ContainerBalancerTask.java:matchSourceWithTarget(720)) - ContainerBalancer matched source datanode 321c84d4-14b7-4af7-906c-e1c1bbae619c with target datanode c49af212-2b4e-4bd4-b503-6cc4f4e13722 for container move.
2023-06-21 17:31:33,110 [main] INFO  balancer.ContainerBalancerTask (ContainerBalancerTask.java:processMoveSelection(569)) - ContainerBalancer is trying to move container #89 with size 4294967296B from source datanode 321c84d4-14b7-4af7-906c-e1c1bbae619c to target datanode c49af212-2b4e-4bd4-b503-6cc4f4e13722
2023-06-21 17:31:33,110 [main] DEBUG balancer.ContainerBalancerTask (ContainerBalancerTask.java:lambda$moveContainer$3(834)) - Container move completed for container #89 from source 321c84d4-14b7-4af7-906c-e1c1bbae619c to target c49af212-2b4e-4bd4-b503-6cc4f4e13722
2023-06-21 17:31:33,113 [main] DEBUG balancer.ContainerBalancerTask (ContainerBalancerTask.java:matchSourceWithTarget(706)) - ContainerBalancer is finding suitable target for source datanode 9246defe-2693-4dab-945d-efd9dd561743
2023-06-21 17:31:33,113 [main] INFO  balancer.ContainerBalancerTask (ContainerBalancerTask.java:matchSourceWithTarget(720)) - ContainerBalancer matched source datanode 9246defe-2693-4dab-945d-efd9dd561743 with target datanode 085849ae-9e8f-4d0b-940b-e1fb286c907c for container move.
2023-06-21 17:31:33,113 [main] INFO  balancer.ContainerBalancerTask (ContainerBalancerTask.java:processMoveSelection(569)) - ContainerBalancer is trying to move container #52 with size 4294967296B from source datanode 9246defe-2693-4dab-945d-efd9dd561743 to target datanode 085849ae-9e8f-4d0b-940b-e1fb286c907c
2023-06-21 17:31:33,113 [main] DEBUG balancer.ContainerBalancerTask (ContainerBalancerTask.java:lambda$moveContainer$3(834)) - Container move completed for container #52 from source 9246defe-2693-4dab-945d-efd9dd561743 to target 085849ae-9e8f-4d0b-940b-e1fb286c907c
2023-06-21 17:31:33,116 [main] DEBUG balancer.ContainerBalancerTask (ContainerBalancerTask.java:matchSourceWithTarget(706)) - ContainerBalancer is finding suitable target for source datanode 321c84d4-14b7-4af7-906c-e1c1bbae619c
2023-06-21 17:31:33,116 [main] INFO  balancer.ContainerBalancerTask (ContainerBalancerTask.java:matchSourceWithTarget(720)) - ContainerBalancer matched source datanode 321c84d4-14b7-4af7-906c-e1c1bbae619c with target datanode 085849ae-9e8f-4d0b-940b-e1fb286c907c for container move.
2023-06-21 17:31:33,116 [main] INFO  balancer.ContainerBalancerTask (ContainerBalancerTask.java:processMoveSelection(569)) - ContainerBalancer is trying to move container #39 with size 4294967296B from source datanode 321c84d4-14b7-4af7-906c-e1c1bbae619c to target datanode 085849ae-9e8f-4d0b-940b-e1fb286c907c
2023-06-21 17:31:33,117 [main] DEBUG balancer.ContainerBalancerTask (ContainerBalancerTask.java:lambda$moveContainer$3(834)) - Container move completed for container #39 from source 321c84d4-14b7-4af7-906c-e1c1bbae619c to target 085849ae-9e8f-4d0b-940b-e1fb286c907c
2023-06-21 17:31:33,120 [main] DEBUG balancer.ContainerBalancerTask (ContainerBalancerTask.java:matchSourceWithTarget(706)) - ContainerBalancer is finding suitable target for source datanode 01efa234-f908-4c2b-ab0c-194903419a33
2023-06-21 17:31:33,120 [main] INFO  balancer.ContainerBalancerTask (ContainerBalancerTask.java:matchSourceWithTarget(720)) - ContainerBalancer matched source datanode 01efa234-f908-4c2b-ab0c-194903419a33 with target datanode 085849ae-9e8f-4d0b-940b-e1fb286c907c for container move.
2023-06-21 17:31:33,120 [main] INFO  balancer.ContainerBalancerTask (ContainerBalancerTask.java:processMoveSelection(569)) - ContainerBalancer is trying to move container #84 with size 4294967296B from source datanode 01efa234-f908-4c2b-ab0c-194903419a33 to target datanode 085849ae-9e8f-4d0b-940b-e1fb286c907c
2023-06-21 17:31:33,120 [main] DEBUG balancer.ContainerBalancerTask (ContainerBalancerTask.java:lambda$moveContainer$3(834)) - Container move completed for container #84 from source 01efa234-f908-4c2b-ab0c-194903419a33 to target 085849ae-9e8f-4d0b-940b-e1fb286c907c
2023-06-21 17:31:33,123 [main] DEBUG balancer.ContainerBalancerTask (ContainerBalancerTask.java:matchSourceWithTarget(706)) - ContainerBalancer is finding suitable target for source datanode 9246defe-2693-4dab-945d-efd9dd561743
2023-06-21 17:31:33,124 [main] INFO  balancer.ContainerBalancerTask (ContainerBalancerTask.java:matchSourceWithTarget(720)) - ContainerBalancer matched source datanode 9246defe-2693-4dab-945d-efd9dd561743 with target datanode 085849ae-9e8f-4d0b-940b-e1fb286c907c for container move.
2023-06-21 17:31:33,124 [main] INFO  balancer.ContainerBalancerTask (ContainerBalancerTask.java:processMoveSelection(569)) - ContainerBalancer is trying to move container #88 with size 3221225472B from source datanode 9246defe-2693-4dab-945d-efd9dd561743 to target datanode 085849ae-9e8f-4d0b-940b-e1fb286c907c
2023-06-21 17:31:33,124 [main] DEBUG balancer.ContainerBalancerTask (ContainerBalancerTask.java:lambda$moveContainer$3(834)) - Container move completed for container #88 from source 9246defe-2693-4dab-945d-efd9dd561743 to target 085849ae-9e8f-4d0b-940b-e1fb286c907c
2023-06-21 17:31:33,127 [main] DEBUG balancer.ContainerBalancerTask (ContainerBalancerTask.java:matchSourceWithTarget(706)) - ContainerBalancer is finding suitable target for source datanode 321c84d4-14b7-4af7-906c-e1c1bbae619c
2023-06-21 17:31:33,127 [main] INFO  balancer.ContainerBalancerTask (ContainerBalancerTask.java:matchSourceWithTarget(720)) - ContainerBalancer matched source datanode 321c84d4-14b7-4af7-906c-e1c1bbae619c with target datanode 085849ae-9e8f-4d0b-940b-e1fb286c907c for container move.
2023-06-21 17:31:33,128 [main] INFO  balancer.ContainerBalancerTask (ContainerBalancerTask.java:processMoveSelection(569)) - ContainerBalancer is trying to move container #71 with size 3221225472B from source datanode 321c84d4-14b7-4af7-906c-e1c1bbae619c to target datanode 085849ae-9e8f-4d0b-940b-e1fb286c907c
2023-06-21 17:31:33,128 [main] DEBUG balancer.ContainerBalancerTask (ContainerBalancerTask.java:lambda$moveContainer$3(834)) - Container move completed for container #71 from source 321c84d4-14b7-4af7-906c-e1c1bbae619c to target 085849ae-9e8f-4d0b-940b-e1fb286c907c
2023-06-21 17:31:33,131 [main] DEBUG balancer.ContainerBalancerTask (ContainerBalancerTask.java:matchSourceWithTarget(706)) - ContainerBalancer is finding suitable target for source datanode 01efa234-f908-4c2b-ab0c-194903419a33
2023-06-21 17:31:33,131 [main] INFO  balancer.ContainerBalancerTask (ContainerBalancerTask.java:matchSourceWithTarget(720)) - ContainerBalancer matched source datanode 01efa234-f908-4c2b-ab0c-194903419a33 with target datanode 085849ae-9e8f-4d0b-940b-e1fb286c907c for container move.
2023-06-21 17:31:33,131 [main] INFO  balancer.ContainerBalancerTask (ContainerBalancerTask.java:processMoveSelection(569)) - ContainerBalancer is trying to move container #19 with size 4294967296B from source datanode 01efa234-f908-4c2b-ab0c-194903419a33 to target datanode 085849ae-9e8f-4d0b-940b-e1fb286c907c
2023-06-21 17:31:33,131 [main] DEBUG balancer.ContainerBalancerTask (ContainerBalancerTask.java:lambda$moveContainer$3(834)) - Container move completed for container #19 from source 01efa234-f908-4c2b-ab0c-194903419a33 to target 085849ae-9e8f-4d0b-940b-e1fb286c907c
2023-06-21 17:31:33,135 [main] DEBUG balancer.ContainerBalancerTask (ContainerBalancerTask.java:matchSourceWithTarget(706)) - ContainerBalancer is finding suitable target for source datanode 9246defe-2693-4dab-945d-efd9dd561743
2023-06-21 17:31:33,135 [main] INFO  balancer.ContainerBalancerTask (ContainerBalancerTask.java:matchSourceWithTarget(720)) - ContainerBalancer matched source datanode 9246defe-2693-4dab-945d-efd9dd561743 with target datanode 27804612-680c-46c1-ac34-1564025500b6 for container move.
2023-06-21 17:31:33,135 [main] INFO  balancer.ContainerBalancerTask (ContainerBalancerTask.java:processMoveSelection(569)) - ContainerBalancer is trying to move container #51 with size 3221225472B from source datanode 9246defe-2693-4dab-945d-efd9dd561743 to target datanode 27804612-680c-46c1-ac34-1564025500b6
2023-06-21 17:31:33,135 [main] DEBUG balancer.ContainerBalancerTask (ContainerBalancerTask.java:lambda$moveContainer$3(834)) - Container move completed for container #51 from source 9246defe-2693-4dab-945d-efd9dd561743 to target 27804612-680c-46c1-ac34-1564025500b6
2023-06-21 17:31:33,137 [main] DEBUG balancer.ContainerBalancerTask (ContainerBalancerTask.java:matchSourceWithTarget(706)) - ContainerBalancer is finding suitable target for source datanode ca4df368-9957-4e8c-8166-de1bf6393313
2023-06-21 17:31:33,137 [main] INFO  balancer.ContainerBalancerTask (ContainerBalancerTask.java:matchSourceWithTarget(720)) - ContainerBalancer matched source datanode ca4df368-9957-4e8c-8166-de1bf6393313 with target datanode 085849ae-9e8f-4d0b-940b-e1fb286c907c for container move.
2023-06-21 17:31:33,137 [main] INFO  balancer.ContainerBalancerTask (ContainerBalancerTask.java:processMoveSelection(569)) - ContainerBalancer is trying to move container #36 with size 1073741824B from source datanode ca4df368-9957-4e8c-8166-de1bf6393313 to target datanode 085849ae-9e8f-4d0b-940b-e1fb286c907c
2023-06-21 17:31:33,138 [main] DEBUG balancer.ContainerBalancerTask (ContainerBalancerTask.java:lambda$moveContainer$3(834)) - Container move completed for container #36 from source ca4df368-9957-4e8c-8166-de1bf6393313 to target 085849ae-9e8f-4d0b-940b-e1fb286c907c
2023-06-21 17:31:33,138 [main] WARN  balancer.ContainerBalancerTask (ContainerBalancerTask.java:reachedMaxSizeToMovePerIteration(731)) - Reached max size to move limit. 53687091200 bytes have already been scheduled for balancing and the limit is 53687091200 bytes.
2023-06-21 17:31:33,138 [main] INFO  balancer.ContainerBalancerTask (ContainerBalancerTask.java:checkIterationMoveResults(640)) - Iteration Summary. Number of Datanodes involved: 7. Size moved: 50 GB (53687091200 Bytes). Number of Container moves completed: 13.
2023-06-21 17:31:33,170 [main] INFO  balancer.ContainerBalancerTask (ContainerBalancerTask.java:balance(259)) - Result of this iteration of Container Balancer: ITERATION_COMPLETED
2023-06-21 17:31:33,171 [main] INFO  balancer.ContainerBalancerTask (ContainerBalancerTask.java:tryStopWithSaveConfiguration(308)) - Save Configuration for stopping. Reason: Completed all iterations.
2023-06-21 17:31:33,171 [main] DEBUG balancer.ContainerBalancerTask (ContainerBalancerTask.java:initializeIteration(374)) - Average utilization of the cluster is 0.35306711941381913
2023-06-21 17:31:33,171 [main] DEBUG balancer.ContainerBalancerTask (ContainerBalancerTask.java:initializeIteration(386)) - Lower limit for utilization is -0.4013691991454798 and Upper limit for utilization is 1.1075034379731181
2023-06-21 17:31:33,172 [main] DEBUG balancer.ContainerBalancerTask (ContainerBalancerTask.java:initializeIteration(398)) - Utilization for node 01efa234-f908-4c2b-ab0c-194903419a33 with capacity 72775834737B, used 65498251264B, and remaining 7277583473B is 0.9000000000096186
2023-06-21 17:31:33,172 [main] DEBUG balancer.ContainerBalancerTask (ContainerBalancerTask.java:initializeIteration(398)) - Utilization for node 321c84d4-14b7-4af7-906c-e1c1bbae619c with capacity 84557168640B, used 67645734912B, and remaining 16911433728B is 0.8
2023-06-21 17:31:33,172 [main] DEBUG balancer.ContainerBalancerTask (ContainerBalancerTask.java:initializeIteration(398)) - Utilization for node 9246defe-2693-4dab-945d-efd9dd561743 with capacity 87433262811B, used 61203283968B, and remaining 26229978843B is 0.7000000000034312
2023-06-21 17:31:33,172 [main] DEBUG balancer.ContainerBalancerTask (ContainerBalancerTask.java:initializeIteration(398)) - Utilization for node ca4df368-9957-4e8c-8166-de1bf6393313 with capacity 71582788266B, used 42949672960B, and remaining 28633115306B is 0.600000000005588
2023-06-21 17:31:33,172 [main] DEBUG balancer.ContainerBalancerTask (ContainerBalancerTask.java:initializeIteration(398)) - Utilization for node 40942551-d097-4969-9a85-9af0ec1541f4 with capacity 53687091200B, used 26843545600B, and remaining 26843545600B is 0.5
2023-06-21 17:31:33,172 [main] DEBUG balancer.ContainerBalancerTask (ContainerBalancerTask.java:initializeIteration(398)) - Utilization for node fd4dd60a-8bfd-4264-b2bb-fbfc3c54b0cc with capacity 88583700480B, used 35433480192B, and remaining 53150220288B is 0.4
2023-06-21 17:31:33,172 [main] DEBUG balancer.ContainerBalancerTask (ContainerBalancerTask.java:initializeIteration(398)) - Utilization for node 36d3431a-12b9-444e-b99f-4b34fd89578e with capacity 110953321813B, used 33285996544B, and remaining 77667325269B is 0.30000000000090127
2023-06-21 17:31:33,172 [main] DEBUG balancer.ContainerBalancerTask (ContainerBalancerTask.java:initializeIteration(398)) - Utilization for node 27804612-680c-46c1-ac34-1564025500b6 with capacity 150323855360B, used 30064771072B, and remaining 120259084288B is 0.2
2023-06-21 17:31:33,172 [main] DEBUG balancer.ContainerBalancerTask (ContainerBalancerTask.java:initializeIteration(398)) - Utilization for node 085849ae-9e8f-4d0b-940b-e1fb286c907c with capacity 375809638400B, used 37580963840B, and remaining 338228674560B is 0.1
2023-06-21 17:31:33,172 [main] DEBUG balancer.ContainerBalancerTask (ContainerBalancerTask.java:initializeIteration(398)) - Utilization for node c49af212-2b4e-4bd4-b503-6cc4f4e13722 with capacity 38654705664B, used 0B, and remaining 38654705664B is 0.0
2023-06-21 17:31:33,172 [main] INFO  balancer.ContainerBalancerTask (ContainerBalancerTask.java:initializeIteration(443)) - Did not find any unbalanced Datanodes.
2023-06-21 17:31:33,172 [main] INFO  balancer.ContainerBalancerTask (ContainerBalancerTask.java:tryStopWithSaveConfiguration(308)) - Save Configuration for stopping. Reason: Could not initialize ContainerBalancer's iteration number 0
2023-06-21 17:31:33,173 [main] DEBUG balancer.ContainerBalancerTask (ContainerBalancerTask.java:initializeIteration(374)) - Average utilization of the cluster is 0.35306711941381913
2023-06-21 17:31:33,173 [main] DEBUG balancer.ContainerBalancerTask (ContainerBalancerTask.java:initializeIteration(386)) - Lower limit for utilization is -0.025810524617848163 and Upper limit for utilization is 0.7319447634454864
2023-06-21 17:31:33,173 [main] DEBUG balancer.ContainerBalancerTask (ContainerBalancerTask.java:initializeIteration(398)) - Utilization for node 01efa234-f908-4c2b-ab0c-194903419a33 with capacity 72775834737B, used 65498251264B, and remaining 7277583473B is 0.9000000000096186
2023-06-21 17:31:33,173 [main] DEBUG balancer.ContainerBalancerTask (ContainerBalancerTask.java:initializeIteration(398)) - Utilization for node 321c84d4-14b7-4af7-906c-e1c1bbae619c with capacity 84557168640B, used 67645734912B, and remaining 16911433728B is 0.8
2023-06-21 17:31:33,173 [main] DEBUG balancer.ContainerBalancerTask (ContainerBalancerTask.java:initializeIteration(398)) - Utilization for node 9246defe-2693-4dab-945d-efd9dd561743 with capacity 87433262811B, used 61203283968B, and remaining 26229978843B is 0.7000000000034312
2023-06-21 17:31:33,174 [main] DEBUG balancer.ContainerBalancerTask (ContainerBalancerTask.java:initializeIteration(398)) - Utilization for node ca4df368-9957-4e8c-8166-de1bf6393313 with capacity 71582788266B, used 42949672960B, and remaining 28633115306B is 0.600000000005588
2023-06-21 17:31:33,174 [main] DEBUG balancer.ContainerBalancerTask (ContainerBalancerTask.java:initializeIteration(398)) - Utilization for node 40942551-d097-4969-9a85-9af0ec1541f4 with capacity 53687091200B, used 26843545600B, and remaining 26843545600B is 0.5
2023-06-21 17:31:33,174 [main] DEBUG balancer.ContainerBalancerTask (ContainerBalancerTask.java:initializeIteration(398)) - Utilization for node fd4dd60a-8bfd-4264-b2bb-fbfc3c54b0cc with capacity 88583700480B, used 35433480192B, and remaining 53150220288B is 0.4
2023-06-21 17:31:33,174 [main] DEBUG balancer.ContainerBalancerTask (ContainerBalancerTask.java:initializeIteration(398)) - Utilization for node 36d3431a-12b9-444e-b99f-4b34fd89578e with capacity 110953321813B, used 33285996544B, and remaining 77667325269B is 0.30000000000090127
2023-06-21 17:31:33,174 [main] DEBUG balancer.ContainerBalancerTask (ContainerBalancerTask.java:initializeIteration(398)) - Utilization for node 27804612-680c-46c1-ac34-1564025500b6 with capacity 150323855360B, used 30064771072B, and remaining 120259084288B is 0.2
2023-06-21 17:31:33,174 [main] DEBUG balancer.ContainerBalancerTask (ContainerBalancerTask.java:initializeIteration(398)) - Utilization for node 085849ae-9e8f-4d0b-940b-e1fb286c907c with capacity 375809638400B, used 37580963840B, and remaining 338228674560B is 0.1
2023-06-21 17:31:33,174 [main] DEBUG balancer.ContainerBalancerTask (ContainerBalancerTask.java:initializeIteration(398)) - Utilization for node c49af212-2b4e-4bd4-b503-6cc4f4e13722 with capacity 38654705664B, used 0B, and remaining 38654705664B is 0.0
2023-06-21 17:31:33,174 [main] INFO  balancer.ContainerBalancerTask (ContainerBalancerTask.java:initializeIteration(447)) - Container Balancer has identified 2 Over-Utilized and 0 Under-Utilized Datanodes that need to be balanced.
2023-06-21 17:31:33,174 [main] DEBUG balancer.ContainerBalancerTask (ContainerBalancerTask.java:lambda$initializeIteration$1(453)) - Datanode localhost-100.204.26.254 01efa234-f908-4c2b-ab0c-194903419a33 is Over-Utilized.
2023-06-21 17:31:33,174 [main] DEBUG balancer.ContainerBalancerTask (ContainerBalancerTask.java:lambda$initializeIteration$1(453)) - Datanode localhost-226.119.138.44 321c84d4-14b7-4af7-906c-e1c1bbae619c is Over-Utilized.
2023-06-21 17:31:33,177 [main] DEBUG balancer.ContainerBalancerTask (ContainerBalancerTask.java:matchSourceWithTarget(706)) - ContainerBalancer is finding suitable target for source datanode 01efa234-f908-4c2b-ab0c-194903419a33
2023-06-21 17:31:33,178 [main] INFO  balancer.FindTargetGreedyByUsageInfo (AbstractFindTargetGreedy.java:findTargetForContainerMove(133)) - Container Balancer could not find a target for source datanode 01efa234-f908-4c2b-ab0c-194903419a33
2023-06-21 17:31:33,178 [main] DEBUG balancer.ContainerBalancerTask (ContainerBalancerTask.java:matchSourceWithTarget(715)) - ContainerBalancer could not find a suitable target for source node 01efa234-f908-4c2b-ab0c-194903419a33.
2023-06-21 17:31:33,180 [main] DEBUG balancer.ContainerBalancerTask (ContainerBalancerTask.java:matchSourceWithTarget(706)) - ContainerBalancer is finding suitable target for source datanode 321c84d4-14b7-4af7-906c-e1c1bbae619c
2023-06-21 17:31:33,180 [main] INFO  balancer.FindTargetGreedyByUsageInfo (AbstractFindTargetGreedy.java:findTargetForContainerMove(133)) - Container Balancer could not find a target for source datanode 321c84d4-14b7-4af7-906c-e1c1bbae619c
2023-06-21 17:31:33,180 [main] DEBUG balancer.ContainerBalancerTask (ContainerBalancerTask.java:matchSourceWithTarget(715)) - ContainerBalancer could not find a suitable target for source node 321c84d4-14b7-4af7-906c-e1c1bbae619c.
2023-06-21 17:31:33,180 [main] INFO  balancer.FindSourceGreedy (FindSourceGreedy.java:getNextCandidateSourceDataNode(126)) - no more candidate source data node
2023-06-21 17:31:33,181 [main] INFO  balancer.ContainerBalancerTask (ContainerBalancerTask.java:balance(259)) - Result of this iteration of Container Balancer: CAN_NOT_BALANCE_ANY_MORE
2023-06-21 17:31:33,181 [main] INFO  balancer.ContainerBalancerTask (ContainerBalancerTask.java:tryStopWithSaveConfiguration(308)) - Save Configuration for stopping. Reason: CAN_NOT_BALANCE_ANY_MORE
2023-06-21 17:31:33,181 [main] DEBUG balancer.ContainerBalancerTask (ContainerBalancerTask.java:initializeIteration(374)) - Average utilization of the cluster is 0.35306711941381913
2023-06-21 17:31:33,181 [main] DEBUG balancer.ContainerBalancerTask (ContainerBalancerTask.java:initializeIteration(386)) - Lower limit for utilization is -0.41657954079277265 and Upper limit for utilization is 1.122713779620411
2023-06-21 17:31:33,181 [main] DEBUG balancer.ContainerBalancerTask (ContainerBalancerTask.java:initializeIteration(398)) - Utilization for node 01efa234-f908-4c2b-ab0c-194903419a33 with capacity 72775834737B, used 65498251264B, and remaining 7277583473B is 0.9000000000096186
2023-06-21 17:31:33,182 [main] DEBUG balancer.ContainerBalancerTask (ContainerBalancerTask.java:initializeIteration(398)) - Utilization for node 321c84d4-14b7-4af7-906c-e1c1bbae619c with capacity 84557168640B, used 67645734912B, and remaining 16911433728B is 0.8
2023-06-21 17:31:33,182 [main] DEBUG balancer.ContainerBalancerTask (ContainerBalancerTask.java:initializeIteration(398)) - Utilization for node 9246defe-2693-4dab-945d-efd9dd561743 with capacity 87433262811B, used 61203283968B, and remaining 26229978843B is 0.7000000000034312
2023-06-21 17:31:33,182 [main] DEBUG balancer.ContainerBalancerTask (ContainerBalancerTask.java:initializeIteration(398)) - Utilization for node ca4df368-9957-4e8c-8166-de1bf6393313 with capacity 71582788266B, used 42949672960B, and remaining 28633115306B is 0.600000000005588
2023-06-21 17:31:33,182 [main] DEBUG balancer.ContainerBalancerTask (ContainerBalancerTask.java:initializeIteration(398)) - Utilization for node 40942551-d097-4969-9a85-9af0ec1541f4 with capacity 53687091200B, used 26843545600B, and remaining 26843545600B is 0.5
2023-06-21 17:31:33,182 [main] DEBUG balancer.ContainerBalancerTask (ContainerBalancerTask.java:initializeIteration(398)) - Utilization for node fd4dd60a-8bfd-4264-b2bb-fbfc3c54b0cc with capacity 88583700480B, used 35433480192B, and remaining 53150220288B is 0.4
2023-06-21 17:31:33,182 [main] DEBUG balancer.ContainerBalancerTask (ContainerBalancerTask.java:initializeIteration(398)) - Utilization for node 36d3431a-12b9-444e-b99f-4b34fd89578e with capacity 110953321813B, used 33285996544B, and remaining 77667325269B is 0.30000000000090127
2023-06-21 17:31:33,182 [main] DEBUG balancer.ContainerBalancerTask (ContainerBalancerTask.java:initializeIteration(398)) - Utilization for node 27804612-680c-46c1-ac34-1564025500b6 with capacity 150323855360B, used 30064771072B, and remaining 120259084288B is 0.2
2023-06-21 17:31:33,182 [main] DEBUG balancer.ContainerBalancerTask (ContainerBalancerTask.java:initializeIteration(398)) - Utilization for node 085849ae-9e8f-4d0b-940b-e1fb286c907c with capacity 375809638400B, used 37580963840B, and remaining 338228674560B is 0.1
2023-06-21 17:31:33,182 [main] DEBUG balancer.ContainerBalancerTask (ContainerBalancerTask.java:initializeIteration(398)) - Utilization for node c49af212-2b4e-4bd4-b503-6cc4f4e13722 with capacity 38654705664B, used 0B, and remaining 38654705664B is 0.0
2023-06-21 17:31:33,182 [main] INFO  balancer.ContainerBalancerTask (ContainerBalancerTask.java:initializeIteration(443)) - Did not find any unbalanced Datanodes.
2023-06-21 17:31:33,182 [main] INFO  balancer.ContainerBalancerTask (ContainerBalancerTask.java:tryStopWithSaveConfiguration(308)) - Save Configuration for stopping. Reason: Could not initialize ContainerBalancer's iteration number 0
2023-06-21 17:31:33,183 [main] DEBUG balancer.ContainerBalancerTask (ContainerBalancerTask.java:initializeIteration(374)) - Average utilization of the cluster is 0.35306711941381913
2023-06-21 17:31:33,183 [main] DEBUG balancer.ContainerBalancerTask (ContainerBalancerTask.java:initializeIteration(386)) - Lower limit for utilization is -0.554995467100329 and Upper limit for utilization is 1.2611297059279674
2023-06-21 17:31:33,183 [main] DEBUG balancer.ContainerBalancerTask (ContainerBalancerTask.java:initializeIteration(398)) - Utilization for node 01efa234-f908-4c2b-ab0c-194903419a33 with capacity 72775834737B, used 65498251264B, and remaining 7277583473B is 0.9000000000096186
2023-06-21 17:31:33,183 [main] DEBUG balancer.ContainerBalancerTask (ContainerBalancerTask.java:initializeIteration(398)) - Utilization for node 321c84d4-14b7-4af7-906c-e1c1bbae619c with capacity 84557168640B, used 67645734912B, and remaining 16911433728B is 0.8
2023-06-21 17:31:33,183 [main] DEBUG balancer.ContainerBalancerTask (ContainerBalancerTask.java:initializeIteration(398)) - Utilization for node 9246defe-2693-4dab-945d-efd9dd561743 with capacity 87433262811B, used 61203283968B, and remaining 26229978843B is 0.7000000000034312
2023-06-21 17:31:33,183 [main] DEBUG balancer.ContainerBalancerTask (ContainerBalancerTask.java:initializeIteration(398)) - Utilization for node ca4df368-9957-4e8c-8166-de1bf6393313 with capacity 71582788266B, used 42949672960B, and remaining 28633115306B is 0.600000000005588
2023-06-21 17:31:33,183 [main] DEBUG balancer.ContainerBalancerTask (ContainerBalancerTask.java:initializeIteration(398)) - Utilization for node 40942551-d097-4969-9a85-9af0ec1541f4 with capacity 53687091200B, used 26843545600B, and remaining 26843545600B is 0.5
2023-06-21 17:31:33,184 [main] DEBUG balancer.ContainerBalancerTask (ContainerBalancerTask.java:initializeIteration(398)) - Utilization for node fd4dd60a-8bfd-4264-b2bb-fbfc3c54b0cc with capacity 88583700480B, used 35433480192B, and remaining 53150220288B is 0.4
2023-06-21 17:31:33,184 [main] DEBUG balancer.ContainerBalancerTask (ContainerBalancerTask.java:initializeIteration(398)) - Utilization for node 36d3431a-12b9-444e-b99f-4b34fd89578e with capacity 110953321813B, used 33285996544B, and remaining 77667325269B is 0.30000000000090127
2023-06-21 17:31:33,184 [main] DEBUG balancer.ContainerBalancerTask (ContainerBalancerTask.java:initializeIteration(398)) - Utilization for node 27804612-680c-46c1-ac34-1564025500b6 with capacity 150323855360B, used 30064771072B, and remaining 120259084288B is 0.2
2023-06-21 17:31:33,184 [main] DEBUG balancer.ContainerBalancerTask (ContainerBalancerTask.java:initializeIteration(398)) - Utilization for node 085849ae-9e8f-4d0b-940b-e1fb286c907c with capacity 375809638400B, used 37580963840B, and remaining 338228674560B is 0.1
2023-06-21 17:31:33,184 [main] DEBUG balancer.ContainerBalancerTask (ContainerBalancerTask.java:initializeIteration(398)) - Utilization for node c49af212-2b4e-4bd4-b503-6cc4f4e13722 with capacity 38654705664B, used 0B, and remaining 38654705664B is 0.0
2023-06-21 17:31:33,184 [main] INFO  balancer.ContainerBalancerTask (ContainerBalancerTask.java:initializeIteration(443)) - Did not find any unbalanced Datanodes.
2023-06-21 17:31:33,184 [main] INFO  balancer.ContainerBalancerTask (ContainerBalancerTask.java:tryStopWithSaveConfiguration(308)) - Save Configuration for stopping. Reason: Could not initialize ContainerBalancer's iteration number 0
2023-06-21 17:31:33,185 [main] DEBUG balancer.ContainerBalancerTask (ContainerBalancerTask.java:initializeIteration(374)) - Average utilization of the cluster is 0.35306711941381913
2023-06-21 17:31:33,185 [main] DEBUG balancer.ContainerBalancerTask (ContainerBalancerTask.java:initializeIteration(386)) - Lower limit for utilization is -0.44128192299131835 and Upper limit for utilization is 1.1474161618189567
2023-06-21 17:31:33,185 [main] DEBUG balancer.ContainerBalancerTask (ContainerBalancerTask.java:initializeIteration(398)) - Utilization for node 01efa234-f908-4c2b-ab0c-194903419a33 with capacity 72775834737B, used 65498251264B, and remaining 7277583473B is 0.9000000000096186
2023-06-21 17:31:33,185 [main] DEBUG balancer.ContainerBalancerTask (ContainerBalancerTask.java:initializeIteration(398)) - Utilization for node 321c84d4-14b7-4af7-906c-e1c1bbae619c with capacity 84557168640B, used 67645734912B, and remaining 16911433728B is 0.8
2023-06-21 17:31:33,185 [main] DEBUG balancer.ContainerBalancerTask (ContainerBalancerTask.java:initializeIteration(398)) - Utilization for node 9246defe-2693-4dab-945d-efd9dd561743 with capacity 87433262811B, used 61203283968B, and remaining 26229978843B is 0.7000000000034312
2023-06-21 17:31:33,185 [main] DEBUG balancer.ContainerBalancerTask (ContainerBalancerTask.java:initializeIteration(398)) - Utilization for node ca4df368-9957-4e8c-8166-de1bf6393313 with capacity 71582788266B, used 42949672960B, and remaining 28633115306B is 0.600000000005588
2023-06-21 17:31:33,185 [main] DEBUG balancer.ContainerBalancerTask (ContainerBalancerTask.java:initializeIteration(398)) - Utilization for node 40942551-d097-4969-9a85-9af0ec1541f4 with capacity 53687091200B, used 26843545600B, and remaining 26843545600B is 0.5
2023-06-21 17:31:33,185 [main] DEBUG balancer.ContainerBalancerTask (ContainerBalancerTask.java:initializeIteration(398)) - Utilization for node fd4dd60a-8bfd-4264-b2bb-fbfc3c54b0cc with capacity 88583700480B, used 35433480192B, and remaining 53150220288B is 0.4
2023-06-21 17:31:33,185 [main] DEBUG balancer.ContainerBalancerTask (ContainerBalancerTask.java:initializeIteration(398)) - Utilization for node 36d3431a-12b9-444e-b99f-4b34fd89578e with capacity 110953321813B, used 33285996544B, and remaining 77667325269B is 0.30000000000090127
2023-06-21 17:31:33,185 [main] DEBUG balancer.ContainerBalancerTask (ContainerBalancerTask.java:initializeIteration(398)) - Utilization for node 27804612-680c-46c1-ac34-1564025500b6 with capacity 150323855360B, used 30064771072B, and remaining 120259084288B is 0.2
2023-06-21 17:31:33,185 [main] DEBUG balancer.ContainerBalancerTask (ContainerBalancerTask.java:initializeIteration(398)) - Utilization for node 085849ae-9e8f-4d0b-940b-e1fb286c907c with capacity 375809638400B, used 37580963840B, and remaining 338228674560B is 0.1
2023-06-21 17:31:33,185 [main] DEBUG balancer.ContainerBalancerTask (ContainerBalancerTask.java:initializeIteration(398)) - Utilization for node c49af212-2b4e-4bd4-b503-6cc4f4e13722 with capacity 38654705664B, used 0B, and remaining 38654705664B is 0.0
2023-06-21 17:31:33,186 [main] INFO  balancer.ContainerBalancerTask (ContainerBalancerTask.java:initializeIteration(443)) - Did not find any unbalanced Datanodes.
2023-06-21 17:31:33,186 [main] INFO  balancer.ContainerBalancerTask (ContainerBalancerTask.java:tryStopWithSaveConfiguration(308)) - Save Configuration for stopping. Reason: Could not initialize ContainerBalancer's iteration number 0
2023-06-21 17:31:33,186 [main] DEBUG balancer.ContainerBalancerTask (ContainerBalancerTask.java:initializeIteration(374)) - Average utilization of the cluster is 0.35306711941381913
2023-06-21 17:31:33,186 [main] DEBUG balancer.ContainerBalancerTask (ContainerBalancerTask.java:initializeIteration(386)) - Lower limit for utilization is -0.3145251351037855 and Upper limit for utilization is 1.0206593739314238
2023-06-21 17:31:33,186 [main] DEBUG balancer.ContainerBalancerTask (ContainerBalancerTask.java:initializeIteration(398)) - Utilization for node 01efa234-f908-4c2b-ab0c-194903419a33 with capacity 72775834737B, used 65498251264B, and remaining 7277583473B is 0.9000000000096186
2023-06-21 17:31:33,186 [main] DEBUG balancer.ContainerBalancerTask (ContainerBalancerTask.java:initializeIteration(398)) - Utilization for node 321c84d4-14b7-4af7-906c-e1c1bbae619c with capacity 84557168640B, used 67645734912B, and remaining 16911433728B is 0.8
2023-06-21 17:31:33,187 [main] DEBUG balancer.ContainerBalancerTask (ContainerBalancerTask.java:initializeIteration(398)) - Utilization for node 9246defe-2693-4dab-945d-efd9dd561743 with capacity 87433262811B, used 61203283968B, and remaining 26229978843B is 0.7000000000034312
2023-06-21 17:31:33,187 [main] DEBUG balancer.ContainerBalancerTask (ContainerBalancerTask.java:initializeIteration(398)) - Utilization for node ca4df368-9957-4e8c-8166-de1bf6393313 with capacity 71582788266B, used 42949672960B, and remaining 28633115306B is 0.600000000005588
2023-06-21 17:31:33,187 [main] DEBUG balancer.ContainerBalancerTask (ContainerBalancerTask.java:initializeIteration(398)) - Utilization for node 40942551-d097-4969-9a85-9af0ec1541f4 with capacity 53687091200B, used 26843545600B, and remaining 26843545600B is 0.5
2023-06-21 17:31:33,187 [main] DEBUG balancer.ContainerBalancerTask (ContainerBalancerTask.java:initializeIteration(398)) - Utilization for node fd4dd60a-8bfd-4264-b2bb-fbfc3c54b0cc with capacity 88583700480B, used 35433480192B, and remaining 53150220288B is 0.4
2023-06-21 17:31:33,187 [main] DEBUG balancer.ContainerBalancerTask (ContainerBalancerTask.java:initializeIteration(398)) - Utilization for node 36d3431a-12b9-444e-b99f-4b34fd89578e with capacity 110953321813B, used 33285996544B, and remaining 77667325269B is 0.30000000000090127
2023-06-21 17:31:33,187 [main] DEBUG balancer.ContainerBalancerTask (ContainerBalancerTask.java:initializeIteration(398)) - Utilization for node 27804612-680c-46c1-ac34-1564025500b6 with capacity 150323855360B, used 30064771072B, and remaining 120259084288B is 0.2
2023-06-21 17:31:33,187 [main] DEBUG balancer.ContainerBalancerTask (ContainerBalancerTask.java:initializeIteration(398)) - Utilization for node 085849ae-9e8f-4d0b-940b-e1fb286c907c with capacity 375809638400B, used 37580963840B, and remaining 338228674560B is 0.1
2023-06-21 17:31:33,187 [main] DEBUG balancer.ContainerBalancerTask (ContainerBalancerTask.java:initializeIteration(398)) - Utilization for node c49af212-2b4e-4bd4-b503-6cc4f4e13722 with capacity 38654705664B, used 0B, and remaining 38654705664B is 0.0
2023-06-21 17:31:33,187 [main] INFO  balancer.ContainerBalancerTask (ContainerBalancerTask.java:initializeIteration(443)) - Did not find any unbalanced Datanodes.
2023-06-21 17:31:33,187 [main] INFO  balancer.ContainerBalancerTask (ContainerBalancerTask.java:tryStopWithSaveConfiguration(308)) - Save Configuration for stopping. Reason: Could not initialize ContainerBalancer's iteration number 0
2023-06-21 17:31:33,188 [main] DEBUG balancer.ContainerBalancerTask (ContainerBalancerTask.java:initializeIteration(374)) - Average utilization of the cluster is 0.35306711941381913
2023-06-21 17:31:33,188 [main] DEBUG balancer.ContainerBalancerTask (ContainerBalancerTask.java:initializeIteration(386)) - Lower limit for utilization is 0.12758832244065915 and Upper limit for utilization is 0.578545916386979
2023-06-21 17:31:33,188 [main] DEBUG balancer.ContainerBalancerTask (ContainerBalancerTask.java:initializeIteration(398)) - Utilization for node 01efa234-f908-4c2b-ab0c-194903419a33 with capacity 72775834737B, used 65498251264B, and remaining 7277583473B is 0.9000000000096186
2023-06-21 17:31:33,188 [main] DEBUG balancer.ContainerBalancerTask (ContainerBalancerTask.java:initializeIteration(398)) - Utilization for node 321c84d4-14b7-4af7-906c-e1c1bbae619c with capacity 84557168640B, used 67645734912B, and remaining 16911433728B is 0.8
2023-06-21 17:31:33,188 [main] DEBUG balancer.ContainerBalancerTask (ContainerBalancerTask.java:initializeIteration(398)) - Utilization for node 9246defe-2693-4dab-945d-efd9dd561743 with capacity 87433262811B, used 61203283968B, and remaining 26229978843B is 0.7000000000034312
2023-06-21 17:31:33,188 [main] DEBUG balancer.ContainerBalancerTask (ContainerBalancerTask.java:initializeIteration(398)) - Utilization for node ca4df368-9957-4e8c-8166-de1bf6393313 with capacity 71582788266B, used 42949672960B, and remaining 28633115306B is 0.600000000005588
2023-06-21 17:31:33,188 [main] DEBUG balancer.ContainerBalancerTask (ContainerBalancerTask.java:initializeIteration(398)) - Utilization for node 40942551-d097-4969-9a85-9af0ec1541f4 with capacity 53687091200B, used 26843545600B, and remaining 26843545600B is 0.5
2023-06-21 17:31:33,188 [main] DEBUG balancer.ContainerBalancerTask (ContainerBalancerTask.java:initializeIteration(398)) - Utilization for node fd4dd60a-8bfd-4264-b2bb-fbfc3c54b0cc with capacity 88583700480B, used 35433480192B, and remaining 53150220288B is 0.4
2023-06-21 17:31:33,188 [main] DEBUG balancer.ContainerBalancerTask (ContainerBalancerTask.java:initializeIteration(398)) - Utilization for node 36d3431a-12b9-444e-b99f-4b34fd89578e with capacity 110953321813B, used 33285996544B, and remaining 77667325269B is 0.30000000000090127
2023-06-21 17:31:33,189 [main] DEBUG balancer.ContainerBalancerTask (ContainerBalancerTask.java:initializeIteration(398)) - Utilization for node 27804612-680c-46c1-ac34-1564025500b6 with capacity 150323855360B, used 30064771072B, and remaining 120259084288B is 0.2
2023-06-21 17:31:33,189 [main] DEBUG balancer.ContainerBalancerTask (ContainerBalancerTask.java:initializeIteration(398)) - Utilization for node 085849ae-9e8f-4d0b-940b-e1fb286c907c with capacity 375809638400B, used 37580963840B, and remaining 338228674560B is 0.1
2023-06-21 17:31:33,189 [main] DEBUG balancer.ContainerBalancerTask (ContainerBalancerTask.java:initializeIteration(398)) - Utilization for node c49af212-2b4e-4bd4-b503-6cc4f4e13722 with capacity 38654705664B, used 0B, and remaining 38654705664B is 0.0
2023-06-21 17:31:33,189 [main] INFO  balancer.ContainerBalancerTask (ContainerBalancerTask.java:initializeIteration(447)) - Container Balancer has identified 4 Over-Utilized and 2 Under-Utilized Datanodes that need to be balanced.
2023-06-21 17:31:33,189 [main] DEBUG balancer.ContainerBalancerTask (ContainerBalancerTask.java:lambda$initializeIteration$1(453)) - Datanode localhost-100.204.26.254 01efa234-f908-4c2b-ab0c-194903419a33 is Over-Utilized.
2023-06-21 17:31:33,189 [main] DEBUG balancer.ContainerBalancerTask (ContainerBalancerTask.java:lambda$initializeIteration$1(453)) - Datanode localhost-226.119.138.44 321c84d4-14b7-4af7-906c-e1c1bbae619c is Over-Utilized.
2023-06-21 17:31:33,189 [main] DEBUG balancer.ContainerBalancerTask (ContainerBalancerTask.java:lambda$initializeIteration$1(453)) - Datanode localhost-64.79.142.244 9246defe-2693-4dab-945d-efd9dd561743 is Over-Utilized.
2023-06-21 17:31:33,189 [main] DEBUG balancer.ContainerBalancerTask (ContainerBalancerTask.java:lambda$initializeIteration$1(453)) - Datanode localhost-106.240.243.44 ca4df368-9957-4e8c-8166-de1bf6393313 is Over-Utilized.
2023-06-21 17:31:33,189 [main] DEBUG balancer.ContainerBalancerTask (ContainerBalancerTask.java:lambda$initializeIteration$2(459)) - Datanode localhost-188.82.244.62 c49af212-2b4e-4bd4-b503-6cc4f4e13722 is Under-Utilized.
2023-06-21 17:31:33,189 [main] DEBUG balancer.ContainerBalancerTask (ContainerBalancerTask.java:lambda$initializeIteration$2(459)) - Datanode localhost-118.77.193.207 085849ae-9e8f-4d0b-940b-e1fb286c907c is Under-Utilized.
2023-06-21 17:31:33,192 [main] DEBUG balancer.ContainerBalancerTask (ContainerBalancerTask.java:matchSourceWithTarget(706)) - ContainerBalancer is finding suitable target for source datanode 01efa234-f908-4c2b-ab0c-194903419a33
2023-06-21 17:31:33,192 [main] INFO  balancer.ContainerBalancerTask (ContainerBalancerTask.java:matchSourceWithTarget(720)) - ContainerBalancer matched source datanode 01efa234-f908-4c2b-ab0c-194903419a33 with target datanode c49af212-2b4e-4bd4-b503-6cc4f4e13722 for container move.
2023-06-21 17:31:33,192 [main] INFO  balancer.ContainerBalancerTask (ContainerBalancerTask.java:processMoveSelection(569)) - ContainerBalancer is trying to move container #85 with size 5368709120B from source datanode 01efa234-f908-4c2b-ab0c-194903419a33 to target datanode c49af212-2b4e-4bd4-b503-6cc4f4e13722
2023-06-21 17:31:33,192 [main] DEBUG balancer.ContainerBalancerTask (ContainerBalancerTask.java:lambda$moveContainer$3(834)) - Container move completed for container #85 from source 01efa234-f908-4c2b-ab0c-194903419a33 to target c49af212-2b4e-4bd4-b503-6cc4f4e13722
2023-06-21 17:31:33,195 [main] DEBUG balancer.ContainerBalancerTask (ContainerBalancerTask.java:matchSourceWithTarget(706)) - ContainerBalancer is finding suitable target for source datanode 01efa234-f908-4c2b-ab0c-194903419a33
2023-06-21 17:31:33,195 [main] INFO  balancer.ContainerBalancerTask (ContainerBalancerTask.java:matchSourceWithTarget(720)) - ContainerBalancer matched source datanode 01efa234-f908-4c2b-ab0c-194903419a33 with target datanode 085849ae-9e8f-4d0b-940b-e1fb286c907c for container move.
2023-06-21 17:31:33,195 [main] INFO  balancer.ContainerBalancerTask (ContainerBalancerTask.java:processMoveSelection(569)) - ContainerBalancer is trying to move container #68 with size 5368709120B from source datanode 01efa234-f908-4c2b-ab0c-194903419a33 to target datanode 085849ae-9e8f-4d0b-940b-e1fb286c907c
2023-06-21 17:31:33,196 [main] DEBUG balancer.ContainerBalancerTask (ContainerBalancerTask.java:lambda$moveContainer$3(834)) - Container move completed for container #68 from source 01efa234-f908-4c2b-ab0c-194903419a33 to target 085849ae-9e8f-4d0b-940b-e1fb286c907c
2023-06-21 17:31:33,198 [main] DEBUG balancer.ContainerBalancerTask (ContainerBalancerTask.java:matchSourceWithTarget(706)) - ContainerBalancer is finding suitable target for source datanode 321c84d4-14b7-4af7-906c-e1c1bbae619c
2023-06-21 17:31:33,198 [main] INFO  balancer.ContainerBalancerTask (ContainerBalancerTask.java:matchSourceWithTarget(720)) - ContainerBalancer matched source datanode 321c84d4-14b7-4af7-906c-e1c1bbae619c with target datanode 085849ae-9e8f-4d0b-940b-e1fb286c907c for container move.
2023-06-21 17:31:33,199 [main] INFO  balancer.ContainerBalancerTask (ContainerBalancerTask.java:processMoveSelection(569)) - ContainerBalancer is trying to move container #53 with size 5368709120B from source datanode 321c84d4-14b7-4af7-906c-e1c1bbae619c to target datanode 085849ae-9e8f-4d0b-940b-e1fb286c907c
2023-06-21 17:31:33,199 [main] DEBUG balancer.ContainerBalancerTask (ContainerBalancerTask.java:lambda$moveContainer$3(834)) - Container move completed for container #53 from source 321c84d4-14b7-4af7-906c-e1c1bbae619c to target 085849ae-9e8f-4d0b-940b-e1fb286c907c
2023-06-21 17:31:33,201 [main] DEBUG balancer.ContainerBalancerTask (ContainerBalancerTask.java:matchSourceWithTarget(706)) - ContainerBalancer is finding suitable target for source datanode 01efa234-f908-4c2b-ab0c-194903419a33
2023-06-21 17:31:33,202 [main] INFO  balancer.ContainerBalancerTask (ContainerBalancerTask.java:matchSourceWithTarget(720)) - ContainerBalancer matched source datanode 01efa234-f908-4c2b-ab0c-194903419a33 with target datanode 085849ae-9e8f-4d0b-940b-e1fb286c907c for container move.
2023-06-21 17:31:33,202 [main] INFO  balancer.ContainerBalancerTask (ContainerBalancerTask.java:processMoveSelection(569)) - ContainerBalancer is trying to move container #40 with size 5368709120B from source datanode 01efa234-f908-4c2b-ab0c-194903419a33 to target datanode 085849ae-9e8f-4d0b-940b-e1fb286c907c
2023-06-21 17:31:33,202 [main] DEBUG balancer.ContainerBalancerTask (ContainerBalancerTask.java:lambda$moveContainer$3(834)) - Container move completed for container #40 from source 01efa234-f908-4c2b-ab0c-194903419a33 to target 085849ae-9e8f-4d0b-940b-e1fb286c907c
2023-06-21 17:31:33,205 [main] DEBUG balancer.ContainerBalancerTask (ContainerBalancerTask.java:matchSourceWithTarget(706)) - ContainerBalancer is finding suitable target for source datanode 321c84d4-14b7-4af7-906c-e1c1bbae619c
2023-06-21 17:31:33,205 [main] INFO  balancer.ContainerBalancerTask (ContainerBalancerTask.java:matchSourceWithTarget(720)) - ContainerBalancer matched source datanode 321c84d4-14b7-4af7-906c-e1c1bbae619c with target datanode c49af212-2b4e-4bd4-b503-6cc4f4e13722 for container move.
2023-06-21 17:31:33,205 [main] INFO  balancer.ContainerBalancerTask (ContainerBalancerTask.java:processMoveSelection(569)) - ContainerBalancer is trying to move container #89 with size 4294967296B from source datanode 321c84d4-14b7-4af7-906c-e1c1bbae619c to target datanode c49af212-2b4e-4bd4-b503-6cc4f4e13722
2023-06-21 17:31:33,205 [main] DEBUG balancer.ContainerBalancerTask (ContainerBalancerTask.java:lambda$moveContainer$3(834)) - Container move completed for container #89 from source 321c84d4-14b7-4af7-906c-e1c1bbae619c to target c49af212-2b4e-4bd4-b503-6cc4f4e13722
2023-06-21 17:31:33,208 [main] DEBUG balancer.ContainerBalancerTask (ContainerBalancerTask.java:matchSourceWithTarget(706)) - ContainerBalancer is finding suitable target for source datanode 9246defe-2693-4dab-945d-efd9dd561743
2023-06-21 17:31:33,208 [main] INFO  balancer.ContainerBalancerTask (ContainerBalancerTask.java:matchSourceWithTarget(720)) - ContainerBalancer matched source datanode 9246defe-2693-4dab-945d-efd9dd561743 with target datanode 085849ae-9e8f-4d0b-940b-e1fb286c907c for container move.
2023-06-21 17:31:33,208 [main] INFO  balancer.ContainerBalancerTask (ContainerBalancerTask.java:processMoveSelection(569)) - ContainerBalancer is trying to move container #52 with size 4294967296B from source datanode 9246defe-2693-4dab-945d-efd9dd561743 to target datanode 085849ae-9e8f-4d0b-940b-e1fb286c907c
2023-06-21 17:31:33,208 [main] DEBUG balancer.ContainerBalancerTask (ContainerBalancerTask.java:lambda$moveContainer$3(834)) - Container move completed for container #52 from source 9246defe-2693-4dab-945d-efd9dd561743 to target 085849ae-9e8f-4d0b-940b-e1fb286c907c
2023-06-21 17:31:33,211 [main] DEBUG balancer.ContainerBalancerTask (ContainerBalancerTask.java:matchSourceWithTarget(706)) - ContainerBalancer is finding suitable target for source datanode 321c84d4-14b7-4af7-906c-e1c1bbae619c
2023-06-21 17:31:33,211 [main] INFO  balancer.ContainerBalancerTask (ContainerBalancerTask.java:matchSourceWithTarget(720)) - ContainerBalancer matched source datanode 321c84d4-14b7-4af7-906c-e1c1bbae619c with target datanode 085849ae-9e8f-4d0b-940b-e1fb286c907c for container move.
2023-06-21 17:31:33,211 [main] INFO  balancer.ContainerBalancerTask (ContainerBalancerTask.java:processMoveSelection(569)) - ContainerBalancer is trying to move container #39 with size 4294967296B from source datanode 321c84d4-14b7-4af7-906c-e1c1bbae619c to target datanode 085849ae-9e8f-4d0b-940b-e1fb286c907c
2023-06-21 17:31:33,212 [main] DEBUG balancer.ContainerBalancerTask (ContainerBalancerTask.java:lambda$moveContainer$3(834)) - Container move completed for container #39 from source 321c84d4-14b7-4af7-906c-e1c1bbae619c to target 085849ae-9e8f-4d0b-940b-e1fb286c907c
2023-06-21 17:31:33,214 [main] DEBUG balancer.ContainerBalancerTask (ContainerBalancerTask.java:matchSourceWithTarget(706)) - ContainerBalancer is finding suitable target for source datanode 01efa234-f908-4c2b-ab0c-194903419a33
2023-06-21 17:31:33,215 [main] INFO  balancer.ContainerBalancerTask (ContainerBalancerTask.java:matchSourceWithTarget(720)) - ContainerBalancer matched source datanode 01efa234-f908-4c2b-ab0c-194903419a33 with target datanode 085849ae-9e8f-4d0b-940b-e1fb286c907c for container move.
2023-06-21 17:31:33,215 [main] INFO  balancer.ContainerBalancerTask (ContainerBalancerTask.java:processMoveSelection(569)) - ContainerBalancer is trying to move container #84 with size 4294967296B from source datanode 01efa234-f908-4c2b-ab0c-194903419a33 to target datanode 085849ae-9e8f-4d0b-940b-e1fb286c907c
2023-06-21 17:31:33,215 [main] DEBUG balancer.ContainerBalancerTask (ContainerBalancerTask.java:lambda$moveContainer$3(834)) - Container move completed for container #84 from source 01efa234-f908-4c2b-ab0c-194903419a33 to target 085849ae-9e8f-4d0b-940b-e1fb286c907c
2023-06-21 17:31:33,218 [main] DEBUG balancer.ContainerBalancerTask (ContainerBalancerTask.java:matchSourceWithTarget(706)) - ContainerBalancer is finding suitable target for source datanode 9246defe-2693-4dab-945d-efd9dd561743
2023-06-21 17:31:33,218 [main] INFO  balancer.ContainerBalancerTask (ContainerBalancerTask.java:matchSourceWithTarget(720)) - ContainerBalancer matched source datanode 9246defe-2693-4dab-945d-efd9dd561743 with target datanode 085849ae-9e8f-4d0b-940b-e1fb286c907c for container move.
2023-06-21 17:31:33,218 [main] INFO  balancer.ContainerBalancerTask (ContainerBalancerTask.java:processMoveSelection(569)) - ContainerBalancer is trying to move container #88 with size 3221225472B from source datanode 9246defe-2693-4dab-945d-efd9dd561743 to target datanode 085849ae-9e8f-4d0b-940b-e1fb286c907c
2023-06-21 17:31:33,218 [main] DEBUG balancer.ContainerBalancerTask (ContainerBalancerTask.java:lambda$moveContainer$3(834)) - Container move completed for container #88 from source 9246defe-2693-4dab-945d-efd9dd561743 to target 085849ae-9e8f-4d0b-940b-e1fb286c907c
2023-06-21 17:31:33,221 [main] DEBUG balancer.ContainerBalancerTask (ContainerBalancerTask.java:matchSourceWithTarget(706)) - ContainerBalancer is finding suitable target for source datanode 321c84d4-14b7-4af7-906c-e1c1bbae619c
2023-06-21 17:31:33,221 [main] INFO  balancer.ContainerBalancerTask (ContainerBalancerTask.java:matchSourceWithTarget(720)) - ContainerBalancer matched source datanode 321c84d4-14b7-4af7-906c-e1c1bbae619c with target datanode 085849ae-9e8f-4d0b-940b-e1fb286c907c for container move.
2023-06-21 17:31:33,222 [main] INFO  balancer.ContainerBalancerTask (ContainerBalancerTask.java:processMoveSelection(569)) - ContainerBalancer is trying to move container #71 with size 3221225472B from source datanode 321c84d4-14b7-4af7-906c-e1c1bbae619c to target datanode 085849ae-9e8f-4d0b-940b-e1fb286c907c
2023-06-21 17:31:33,222 [main] DEBUG balancer.ContainerBalancerTask (ContainerBalancerTask.java:lambda$moveContainer$3(834)) - Container move completed for container #71 from source 321c84d4-14b7-4af7-906c-e1c1bbae619c to target 085849ae-9e8f-4d0b-940b-e1fb286c907c
2023-06-21 17:31:33,225 [main] DEBUG balancer.ContainerBalancerTask (ContainerBalancerTask.java:matchSourceWithTarget(706)) - ContainerBalancer is finding suitable target for source datanode 01efa234-f908-4c2b-ab0c-194903419a33
2023-06-21 17:31:33,225 [main] INFO  balancer.ContainerBalancerTask (ContainerBalancerTask.java:matchSourceWithTarget(720)) - ContainerBalancer matched source datanode 01efa234-f908-4c2b-ab0c-194903419a33 with target datanode 085849ae-9e8f-4d0b-940b-e1fb286c907c for container move.
2023-06-21 17:31:33,225 [main] INFO  balancer.ContainerBalancerTask (ContainerBalancerTask.java:processMoveSelection(569)) - ContainerBalancer is trying to move container #19 with size 4294967296B from source datanode 01efa234-f908-4c2b-ab0c-194903419a33 to target datanode 085849ae-9e8f-4d0b-940b-e1fb286c907c
2023-06-21 17:31:33,225 [main] DEBUG balancer.ContainerBalancerTask (ContainerBalancerTask.java:lambda$moveContainer$3(834)) - Container move completed for container #19 from source 01efa234-f908-4c2b-ab0c-194903419a33 to target 085849ae-9e8f-4d0b-940b-e1fb286c907c
2023-06-21 17:31:33,228 [main] DEBUG balancer.ContainerBalancerTask (ContainerBalancerTask.java:matchSourceWithTarget(706)) - ContainerBalancer is finding suitable target for source datanode 9246defe-2693-4dab-945d-efd9dd561743
2023-06-21 17:31:33,228 [main] INFO  balancer.ContainerBalancerTask (ContainerBalancerTask.java:matchSourceWithTarget(720)) - ContainerBalancer matched source datanode 9246defe-2693-4dab-945d-efd9dd561743 with target datanode 085849ae-9e8f-4d0b-940b-e1fb286c907c for container move.
2023-06-21 17:31:33,228 [main] INFO  balancer.ContainerBalancerTask (ContainerBalancerTask.java:processMoveSelection(569)) - ContainerBalancer is trying to move container #66 with size 3221225472B from source datanode 9246defe-2693-4dab-945d-efd9dd561743 to target datanode 085849ae-9e8f-4d0b-940b-e1fb286c907c
2023-06-21 17:31:33,229 [main] DEBUG balancer.ContainerBalancerTask (ContainerBalancerTask.java:lambda$moveContainer$3(834)) - Container move completed for container #66 from source 9246defe-2693-4dab-945d-efd9dd561743 to target 085849ae-9e8f-4d0b-940b-e1fb286c907c
2023-06-21 17:31:33,231 [main] DEBUG balancer.ContainerBalancerTask (ContainerBalancerTask.java:matchSourceWithTarget(706)) - ContainerBalancer is finding suitable target for source datanode ca4df368-9957-4e8c-8166-de1bf6393313
2023-06-21 17:31:33,231 [main] INFO  balancer.ContainerBalancerTask (ContainerBalancerTask.java:matchSourceWithTarget(720)) - ContainerBalancer matched source datanode ca4df368-9957-4e8c-8166-de1bf6393313 with target datanode 085849ae-9e8f-4d0b-940b-e1fb286c907c for container move.
2023-06-21 17:31:33,231 [main] INFO  balancer.ContainerBalancerTask (ContainerBalancerTask.java:processMoveSelection(569)) - ContainerBalancer is trying to move container #36 with size 1073741824B from source datanode ca4df368-9957-4e8c-8166-de1bf6393313 to target datanode 085849ae-9e8f-4d0b-940b-e1fb286c907c
2023-06-21 17:31:33,231 [main] DEBUG balancer.ContainerBalancerTask (ContainerBalancerTask.java:lambda$moveContainer$3(834)) - Container move completed for container #36 from source ca4df368-9957-4e8c-8166-de1bf6393313 to target 085849ae-9e8f-4d0b-940b-e1fb286c907c
2023-06-21 17:31:33,231 [main] WARN  balancer.ContainerBalancerTask (ContainerBalancerTask.java:reachedMaxSizeToMovePerIteration(731)) - Reached max size to move limit. 53687091200 bytes have already been scheduled for balancing and the limit is 53687091200 bytes.
2023-06-21 17:31:33,231 [main] INFO  balancer.ContainerBalancerTask (ContainerBalancerTask.java:checkIterationMoveResults(640)) - Iteration Summary. Number of Datanodes involved: 6. Size moved: 50 GB (53687091200 Bytes). Number of Container moves completed: 13.
2023-06-21 17:31:33,231 [main] INFO  balancer.ContainerBalancerTask (ContainerBalancerTask.java:balance(259)) - Result of this iteration of Container Balancer: ITERATION_COMPLETED
2023-06-21 17:31:33,231 [main] INFO  balancer.ContainerBalancerTask (ContainerBalancerTask.java:tryStopWithSaveConfiguration(308)) - Save Configuration for stopping. Reason: Completed all iterations.
2023-06-21 17:31:33,232 [main] DEBUG balancer.ContainerBalancerTask (ContainerBalancerTask.java:initializeIteration(374)) - Average utilization of the cluster is 0.35306711941381913
2023-06-21 17:31:33,232 [main] DEBUG balancer.ContainerBalancerTask (ContainerBalancerTask.java:initializeIteration(386)) - Lower limit for utilization is 0.1708282981272044 and Upper limit for utilization is 0.5353059407004339
2023-06-21 17:31:33,232 [main] DEBUG balancer.ContainerBalancerTask (ContainerBalancerTask.java:initializeIteration(398)) - Utilization for node 01efa234-f908-4c2b-ab0c-194903419a33 with capacity 72775834737B, used 65498251264B, and remaining 7277583473B is 0.9000000000096186
2023-06-21 17:31:33,232 [main] DEBUG balancer.ContainerBalancerTask (ContainerBalancerTask.java:initializeIteration(398)) - Utilization for node 321c84d4-14b7-4af7-906c-e1c1bbae619c with capacity 84557168640B, used 67645734912B, and remaining 16911433728B is 0.8
2023-06-21 17:31:33,233 [main] DEBUG balancer.ContainerBalancerTask (ContainerBalancerTask.java:initializeIteration(398)) - Utilization for node 9246defe-2693-4dab-945d-efd9dd561743 with capacity 87433262811B, used 61203283968B, and remaining 26229978843B is 0.7000000000034312
2023-06-21 17:31:33,233 [main] DEBUG balancer.ContainerBalancerTask (ContainerBalancerTask.java:initializeIteration(398)) - Utilization for node ca4df368-9957-4e8c-8166-de1bf6393313 with capacity 71582788266B, used 42949672960B, and remaining 28633115306B is 0.600000000005588
2023-06-21 17:31:33,233 [main] DEBUG balancer.ContainerBalancerTask (ContainerBalancerTask.java:initializeIteration(398)) - Utilization for node 40942551-d097-4969-9a85-9af0ec1541f4 with capacity 53687091200B, used 26843545600B, and remaining 26843545600B is 0.5
2023-06-21 17:31:33,233 [main] DEBUG balancer.ContainerBalancerTask (ContainerBalancerTask.java:initializeIteration(398)) - Utilization for node fd4dd60a-8bfd-4264-b2bb-fbfc3c54b0cc with capacity 88583700480B, used 35433480192B, and remaining 53150220288B is 0.4
2023-06-21 17:31:33,233 [main] DEBUG balancer.ContainerBalancerTask (ContainerBalancerTask.java:initializeIteration(398)) - Utilization for node 36d3431a-12b9-444e-b99f-4b34fd89578e with capacity 110953321813B, used 33285996544B, and remaining 77667325269B is 0.30000000000090127
2023-06-21 17:31:33,233 [main] DEBUG balancer.ContainerBalancerTask (ContainerBalancerTask.java:initializeIteration(398)) - Utilization for node 27804612-680c-46c1-ac34-1564025500b6 with capacity 150323855360B, used 30064771072B, and remaining 120259084288B is 0.2
2023-06-21 17:31:33,233 [main] DEBUG balancer.ContainerBalancerTask (ContainerBalancerTask.java:initializeIteration(398)) - Utilization for node 085849ae-9e8f-4d0b-940b-e1fb286c907c with capacity 375809638400B, used 37580963840B, and remaining 338228674560B is 0.1
2023-06-21 17:31:33,233 [main] DEBUG balancer.ContainerBalancerTask (ContainerBalancerTask.java:initializeIteration(398)) - Utilization for node c49af212-2b4e-4bd4-b503-6cc4f4e13722 with capacity 38654705664B, used 0B, and remaining 38654705664B is 0.0
2023-06-21 17:31:33,233 [main] INFO  balancer.ContainerBalancerTask (ContainerBalancerTask.java:initializeIteration(447)) - Container Balancer has identified 4 Over-Utilized and 2 Under-Utilized Datanodes that need to be balanced.
2023-06-21 17:31:33,233 [main] DEBUG balancer.ContainerBalancerTask (ContainerBalancerTask.java:lambda$initializeIteration$1(453)) - Datanode localhost-100.204.26.254 01efa234-f908-4c2b-ab0c-194903419a33 is Over-Utilized.
2023-06-21 17:31:33,233 [main] DEBUG balancer.ContainerBalancerTask (ContainerBalancerTask.java:lambda$initializeIteration$1(453)) - Datanode localhost-226.119.138.44 321c84d4-14b7-4af7-906c-e1c1bbae619c is Over-Utilized.
2023-06-21 17:31:33,233 [main] DEBUG balancer.ContainerBalancerTask (ContainerBalancerTask.java:lambda$initializeIteration$1(453)) - Datanode localhost-64.79.142.244 9246defe-2693-4dab-945d-efd9dd561743 is Over-Utilized.
2023-06-21 17:31:33,233 [main] DEBUG balancer.ContainerBalancerTask (ContainerBalancerTask.java:lambda$initializeIteration$1(453)) - Datanode localhost-106.240.243.44 ca4df368-9957-4e8c-8166-de1bf6393313 is Over-Utilized.
2023-06-21 17:31:33,234 [main] DEBUG balancer.ContainerBalancerTask (ContainerBalancerTask.java:lambda$initializeIteration$2(459)) - Datanode localhost-188.82.244.62 c49af212-2b4e-4bd4-b503-6cc4f4e13722 is Under-Utilized.
2023-06-21 17:31:33,234 [main] DEBUG balancer.ContainerBalancerTask (ContainerBalancerTask.java:lambda$initializeIteration$2(459)) - Datanode localhost-118.77.193.207 085849ae-9e8f-4d0b-940b-e1fb286c907c is Under-Utilized.
2023-06-21 17:31:33,236 [main] DEBUG balancer.ContainerBalancerTask (ContainerBalancerTask.java:matchSourceWithTarget(706)) - ContainerBalancer is finding suitable target for source datanode 01efa234-f908-4c2b-ab0c-194903419a33
2023-06-21 17:31:33,236 [main] INFO  balancer.ContainerBalancerTask (ContainerBalancerTask.java:matchSourceWithTarget(720)) - ContainerBalancer matched source datanode 01efa234-f908-4c2b-ab0c-194903419a33 with target datanode c49af212-2b4e-4bd4-b503-6cc4f4e13722 for container move.
2023-06-21 17:31:33,237 [main] INFO  balancer.ContainerBalancerTask (ContainerBalancerTask.java:processMoveSelection(569)) - ContainerBalancer is trying to move container #85 with size 5368709120B from source datanode 01efa234-f908-4c2b-ab0c-194903419a33 to target datanode c49af212-2b4e-4bd4-b503-6cc4f4e13722
2023-06-21 17:31:33,237 [main] DEBUG balancer.ContainerBalancerTask (ContainerBalancerTask.java:lambda$moveContainer$3(834)) - Container move completed for container #85 from source 01efa234-f908-4c2b-ab0c-194903419a33 to target c49af212-2b4e-4bd4-b503-6cc4f4e13722
2023-06-21 17:31:33,239 [main] DEBUG balancer.ContainerBalancerTask (ContainerBalancerTask.java:matchSourceWithTarget(706)) - ContainerBalancer is finding suitable target for source datanode 01efa234-f908-4c2b-ab0c-194903419a33
2023-06-21 17:31:33,240 [main] INFO  balancer.ContainerBalancerTask (ContainerBalancerTask.java:matchSourceWithTarget(720)) - ContainerBalancer matched source datanode 01efa234-f908-4c2b-ab0c-194903419a33 with target datanode 085849ae-9e8f-4d0b-940b-e1fb286c907c for container move.
2023-06-21 17:31:33,240 [main] INFO  balancer.ContainerBalancerTask (ContainerBalancerTask.java:processMoveSelection(569)) - ContainerBalancer is trying to move container #68 with size 5368709120B from source datanode 01efa234-f908-4c2b-ab0c-194903419a33 to target datanode 085849ae-9e8f-4d0b-940b-e1fb286c907c
2023-06-21 17:31:33,240 [main] DEBUG balancer.ContainerBalancerTask (ContainerBalancerTask.java:lambda$moveContainer$3(834)) - Container move completed for container #68 from source 01efa234-f908-4c2b-ab0c-194903419a33 to target 085849ae-9e8f-4d0b-940b-e1fb286c907c
2023-06-21 17:31:33,243 [main] DEBUG balancer.ContainerBalancerTask (ContainerBalancerTask.java:matchSourceWithTarget(706)) - ContainerBalancer is finding suitable target for source datanode 321c84d4-14b7-4af7-906c-e1c1bbae619c
2023-06-21 17:31:33,243 [main] INFO  balancer.ContainerBalancerTask (ContainerBalancerTask.java:matchSourceWithTarget(720)) - ContainerBalancer matched source datanode 321c84d4-14b7-4af7-906c-e1c1bbae619c with target datanode 085849ae-9e8f-4d0b-940b-e1fb286c907c for container move.
2023-06-21 17:31:33,243 [main] INFO  balancer.ContainerBalancerTask (ContainerBalancerTask.java:processMoveSelection(569)) - ContainerBalancer is trying to move container #53 with size 5368709120B from source datanode 321c84d4-14b7-4af7-906c-e1c1bbae619c to target datanode 085849ae-9e8f-4d0b-940b-e1fb286c907c
2023-06-21 17:31:33,243 [main] DEBUG balancer.ContainerBalancerTask (ContainerBalancerTask.java:lambda$moveContainer$3(834)) - Container move completed for container #53 from source 321c84d4-14b7-4af7-906c-e1c1bbae619c to target 085849ae-9e8f-4d0b-940b-e1fb286c907c
2023-06-21 17:31:33,246 [main] DEBUG balancer.ContainerBalancerTask (ContainerBalancerTask.java:matchSourceWithTarget(706)) - ContainerBalancer is finding suitable target for source datanode 01efa234-f908-4c2b-ab0c-194903419a33
2023-06-21 17:31:33,246 [main] INFO  balancer.ContainerBalancerTask (ContainerBalancerTask.java:matchSourceWithTarget(720)) - ContainerBalancer matched source datanode 01efa234-f908-4c2b-ab0c-194903419a33 with target datanode 085849ae-9e8f-4d0b-940b-e1fb286c907c for container move.
2023-06-21 17:31:33,246 [main] INFO  balancer.ContainerBalancerTask (ContainerBalancerTask.java:processMoveSelection(569)) - ContainerBalancer is trying to move container #40 with size 5368709120B from source datanode 01efa234-f908-4c2b-ab0c-194903419a33 to target datanode 085849ae-9e8f-4d0b-940b-e1fb286c907c
2023-06-21 17:31:33,246 [main] DEBUG balancer.ContainerBalancerTask (ContainerBalancerTask.java:lambda$moveContainer$3(834)) - Container move completed for container #40 from source 01efa234-f908-4c2b-ab0c-194903419a33 to target 085849ae-9e8f-4d0b-940b-e1fb286c907c
2023-06-21 17:31:33,249 [main] DEBUG balancer.ContainerBalancerTask (ContainerBalancerTask.java:matchSourceWithTarget(706)) - ContainerBalancer is finding suitable target for source datanode 321c84d4-14b7-4af7-906c-e1c1bbae619c
2023-06-21 17:31:33,249 [main] INFO  balancer.ContainerBalancerTask (ContainerBalancerTask.java:matchSourceWithTarget(720)) - ContainerBalancer matched source datanode 321c84d4-14b7-4af7-906c-e1c1bbae619c with target datanode c49af212-2b4e-4bd4-b503-6cc4f4e13722 for container move.
2023-06-21 17:31:33,249 [main] INFO  balancer.ContainerBalancerTask (ContainerBalancerTask.java:processMoveSelection(569)) - ContainerBalancer is trying to move container #89 with size 4294967296B from source datanode 321c84d4-14b7-4af7-906c-e1c1bbae619c to target datanode c49af212-2b4e-4bd4-b503-6cc4f4e13722
2023-06-21 17:31:33,249 [main] DEBUG balancer.ContainerBalancerTask (ContainerBalancerTask.java:lambda$moveContainer$3(834)) - Container move completed for container #89 from source 321c84d4-14b7-4af7-906c-e1c1bbae619c to target c49af212-2b4e-4bd4-b503-6cc4f4e13722
2023-06-21 17:31:33,252 [main] DEBUG balancer.ContainerBalancerTask (ContainerBalancerTask.java:matchSourceWithTarget(706)) - ContainerBalancer is finding suitable target for source datanode 9246defe-2693-4dab-945d-efd9dd561743
2023-06-21 17:31:33,252 [main] INFO  balancer.ContainerBalancerTask (ContainerBalancerTask.java:matchSourceWithTarget(720)) - ContainerBalancer matched source datanode 9246defe-2693-4dab-945d-efd9dd561743 with target datanode 085849ae-9e8f-4d0b-940b-e1fb286c907c for container move.
2023-06-21 17:31:33,252 [main] INFO  balancer.ContainerBalancerTask (ContainerBalancerTask.java:processMoveSelection(569)) - ContainerBalancer is trying to move container #52 with size 4294967296B from source datanode 9246defe-2693-4dab-945d-efd9dd561743 to target datanode 085849ae-9e8f-4d0b-940b-e1fb286c907c
2023-06-21 17:31:33,253 [main] DEBUG balancer.ContainerBalancerTask (ContainerBalancerTask.java:lambda$moveContainer$3(834)) - Container move completed for container #52 from source 9246defe-2693-4dab-945d-efd9dd561743 to target 085849ae-9e8f-4d0b-940b-e1fb286c907c
2023-06-21 17:31:33,255 [main] DEBUG balancer.ContainerBalancerTask (ContainerBalancerTask.java:matchSourceWithTarget(706)) - ContainerBalancer is finding suitable target for source datanode 321c84d4-14b7-4af7-906c-e1c1bbae619c
2023-06-21 17:31:33,256 [main] INFO  balancer.ContainerBalancerTask (ContainerBalancerTask.java:matchSourceWithTarget(720)) - ContainerBalancer matched source datanode 321c84d4-14b7-4af7-906c-e1c1bbae619c with target datanode 085849ae-9e8f-4d0b-940b-e1fb286c907c for container move.
2023-06-21 17:31:33,256 [main] INFO  balancer.ContainerBalancerTask (ContainerBalancerTask.java:processMoveSelection(569)) - ContainerBalancer is trying to move container #39 with size 4294967296B from source datanode 321c84d4-14b7-4af7-906c-e1c1bbae619c to target datanode 085849ae-9e8f-4d0b-940b-e1fb286c907c
2023-06-21 17:31:33,256 [main] DEBUG balancer.ContainerBalancerTask (ContainerBalancerTask.java:lambda$moveContainer$3(834)) - Container move completed for container #39 from source 321c84d4-14b7-4af7-906c-e1c1bbae619c to target 085849ae-9e8f-4d0b-940b-e1fb286c907c
2023-06-21 17:31:33,259 [main] DEBUG balancer.ContainerBalancerTask (ContainerBalancerTask.java:matchSourceWithTarget(706)) - ContainerBalancer is finding suitable target for source datanode 01efa234-f908-4c2b-ab0c-194903419a33
2023-06-21 17:31:33,259 [main] INFO  balancer.ContainerBalancerTask (ContainerBalancerTask.java:matchSourceWithTarget(720)) - ContainerBalancer matched source datanode 01efa234-f908-4c2b-ab0c-194903419a33 with target datanode 085849ae-9e8f-4d0b-940b-e1fb286c907c for container move.
2023-06-21 17:31:33,259 [main] INFO  balancer.ContainerBalancerTask (ContainerBalancerTask.java:processMoveSelection(569)) - ContainerBalancer is trying to move container #84 with size 4294967296B from source datanode 01efa234-f908-4c2b-ab0c-194903419a33 to target datanode 085849ae-9e8f-4d0b-940b-e1fb286c907c
2023-06-21 17:31:33,259 [main] DEBUG balancer.ContainerBalancerTask (ContainerBalancerTask.java:lambda$moveContainer$3(834)) - Container move completed for container #84 from source 01efa234-f908-4c2b-ab0c-194903419a33 to target 085849ae-9e8f-4d0b-940b-e1fb286c907c
2023-06-21 17:31:33,262 [main] DEBUG balancer.ContainerBalancerTask (ContainerBalancerTask.java:matchSourceWithTarget(706)) - ContainerBalancer is finding suitable target for source datanode 9246defe-2693-4dab-945d-efd9dd561743
2023-06-21 17:31:33,262 [main] INFO  balancer.ContainerBalancerTask (ContainerBalancerTask.java:matchSourceWithTarget(720)) - ContainerBalancer matched source datanode 9246defe-2693-4dab-945d-efd9dd561743 with target datanode 085849ae-9e8f-4d0b-940b-e1fb286c907c for container move.
2023-06-21 17:31:33,262 [main] INFO  balancer.ContainerBalancerTask (ContainerBalancerTask.java:processMoveSelection(569)) - ContainerBalancer is trying to move container #88 with size 3221225472B from source datanode 9246defe-2693-4dab-945d-efd9dd561743 to target datanode 085849ae-9e8f-4d0b-940b-e1fb286c907c
2023-06-21 17:31:33,262 [main] DEBUG balancer.ContainerBalancerTask (ContainerBalancerTask.java:lambda$moveContainer$3(834)) - Container move completed for container #88 from source 9246defe-2693-4dab-945d-efd9dd561743 to target 085849ae-9e8f-4d0b-940b-e1fb286c907c
2023-06-21 17:31:33,265 [main] DEBUG balancer.ContainerBalancerTask (ContainerBalancerTask.java:matchSourceWithTarget(706)) - ContainerBalancer is finding suitable target for source datanode 321c84d4-14b7-4af7-906c-e1c1bbae619c
2023-06-21 17:31:33,266 [main] INFO  balancer.ContainerBalancerTask (ContainerBalancerTask.java:matchSourceWithTarget(720)) - ContainerBalancer matched source datanode 321c84d4-14b7-4af7-906c-e1c1bbae619c with target datanode 085849ae-9e8f-4d0b-940b-e1fb286c907c for container move.
2023-06-21 17:31:33,266 [main] INFO  balancer.ContainerBalancerTask (ContainerBalancerTask.java:processMoveSelection(569)) - ContainerBalancer is trying to move container #71 with size 3221225472B from source datanode 321c84d4-14b7-4af7-906c-e1c1bbae619c to target datanode 085849ae-9e8f-4d0b-940b-e1fb286c907c
2023-06-21 17:31:33,266 [main] DEBUG balancer.ContainerBalancerTask (ContainerBalancerTask.java:lambda$moveContainer$3(834)) - Container move completed for container #71 from source 321c84d4-14b7-4af7-906c-e1c1bbae619c to target 085849ae-9e8f-4d0b-940b-e1fb286c907c
2023-06-21 17:31:33,269 [main] DEBUG balancer.ContainerBalancerTask (ContainerBalancerTask.java:matchSourceWithTarget(706)) - ContainerBalancer is finding suitable target for source datanode 01efa234-f908-4c2b-ab0c-194903419a33
2023-06-21 17:31:33,270 [main] INFO  balancer.ContainerBalancerTask (ContainerBalancerTask.java:matchSourceWithTarget(720)) - ContainerBalancer matched source datanode 01efa234-f908-4c2b-ab0c-194903419a33 with target datanode 085849ae-9e8f-4d0b-940b-e1fb286c907c for container move.
2023-06-21 17:31:33,270 [main] INFO  balancer.ContainerBalancerTask (ContainerBalancerTask.java:processMoveSelection(569)) - ContainerBalancer is trying to move container #19 with size 4294967296B from source datanode 01efa234-f908-4c2b-ab0c-194903419a33 to target datanode 085849ae-9e8f-4d0b-940b-e1fb286c907c
2023-06-21 17:31:33,270 [main] DEBUG balancer.ContainerBalancerTask (ContainerBalancerTask.java:lambda$moveContainer$3(834)) - Container move completed for container #19 from source 01efa234-f908-4c2b-ab0c-194903419a33 to target 085849ae-9e8f-4d0b-940b-e1fb286c907c
2023-06-21 17:31:33,273 [main] DEBUG balancer.ContainerBalancerTask (ContainerBalancerTask.java:matchSourceWithTarget(706)) - ContainerBalancer is finding suitable target for source datanode 9246defe-2693-4dab-945d-efd9dd561743
2023-06-21 17:31:33,273 [main] INFO  balancer.ContainerBalancerTask (ContainerBalancerTask.java:matchSourceWithTarget(720)) - ContainerBalancer matched source datanode 9246defe-2693-4dab-945d-efd9dd561743 with target datanode 085849ae-9e8f-4d0b-940b-e1fb286c907c for container move.
2023-06-21 17:31:33,273 [main] INFO  balancer.ContainerBalancerTask (ContainerBalancerTask.java:processMoveSelection(569)) - ContainerBalancer is trying to move container #66 with size 3221225472B from source datanode 9246defe-2693-4dab-945d-efd9dd561743 to target datanode 085849ae-9e8f-4d0b-940b-e1fb286c907c
2023-06-21 17:31:33,273 [main] DEBUG balancer.ContainerBalancerTask (ContainerBalancerTask.java:lambda$moveContainer$3(834)) - Container move completed for container #66 from source 9246defe-2693-4dab-945d-efd9dd561743 to target 085849ae-9e8f-4d0b-940b-e1fb286c907c
2023-06-21 17:31:33,275 [main] DEBUG balancer.ContainerBalancerTask (ContainerBalancerTask.java:matchSourceWithTarget(706)) - ContainerBalancer is finding suitable target for source datanode ca4df368-9957-4e8c-8166-de1bf6393313
2023-06-21 17:31:33,275 [main] INFO  balancer.ContainerBalancerTask (ContainerBalancerTask.java:matchSourceWithTarget(720)) - ContainerBalancer matched source datanode ca4df368-9957-4e8c-8166-de1bf6393313 with target datanode 085849ae-9e8f-4d0b-940b-e1fb286c907c for container move.
2023-06-21 17:31:33,275 [main] INFO  balancer.ContainerBalancerTask (ContainerBalancerTask.java:processMoveSelection(569)) - ContainerBalancer is trying to move container #36 with size 1073741824B from source datanode ca4df368-9957-4e8c-8166-de1bf6393313 to target datanode 085849ae-9e8f-4d0b-940b-e1fb286c907c
2023-06-21 17:31:33,276 [main] DEBUG balancer.ContainerBalancerTask (ContainerBalancerTask.java:lambda$moveContainer$3(834)) - Container move completed for container #36 from source ca4df368-9957-4e8c-8166-de1bf6393313 to target 085849ae-9e8f-4d0b-940b-e1fb286c907c
2023-06-21 17:31:33,276 [main] WARN  balancer.ContainerBalancerTask (ContainerBalancerTask.java:reachedMaxSizeToMovePerIteration(731)) - Reached max size to move limit. 53687091200 bytes have already been scheduled for balancing and the limit is 53687091200 bytes.
2023-06-21 17:31:33,276 [main] INFO  balancer.ContainerBalancerTask (ContainerBalancerTask.java:checkIterationMoveResults(640)) - Iteration Summary. Number of Datanodes involved: 6. Size moved: 50 GB (53687091200 Bytes). Number of Container moves completed: 13.
2023-06-21 17:31:33,276 [main] INFO  balancer.ContainerBalancerTask (ContainerBalancerTask.java:balance(259)) - Result of this iteration of Container Balancer: ITERATION_COMPLETED
2023-06-21 17:31:33,276 [main] INFO  balancer.ContainerBalancerTask (ContainerBalancerTask.java:tryStopWithSaveConfiguration(308)) - Save Configuration for stopping. Reason: Completed all iterations.
2023-06-21 17:31:33,277 [main] DEBUG balancer.ContainerBalancerTask (ContainerBalancerTask.java:initializeIteration(374)) - Average utilization of the cluster is 0.35306711941381913
2023-06-21 17:31:33,277 [main] DEBUG balancer.ContainerBalancerTask (ContainerBalancerTask.java:initializeIteration(386)) - Lower limit for utilization is 0.1808328913479375 and Upper limit for utilization is 0.5253013474797008
2023-06-21 17:31:33,277 [main] DEBUG balancer.ContainerBalancerTask (ContainerBalancerTask.java:initializeIteration(398)) - Utilization for node 01efa234-f908-4c2b-ab0c-194903419a33 with capacity 72775834737B, used 65498251264B, and remaining 7277583473B is 0.9000000000096186
2023-06-21 17:31:33,277 [main] DEBUG balancer.ContainerBalancerTask (ContainerBalancerTask.java:initializeIteration(398)) - Utilization for node 321c84d4-14b7-4af7-906c-e1c1bbae619c with capacity 84557168640B, used 67645734912B, and remaining 16911433728B is 0.8
2023-06-21 17:31:33,277 [main] DEBUG balancer.ContainerBalancerTask (ContainerBalancerTask.java:initializeIteration(398)) - Utilization for node 9246defe-2693-4dab-945d-efd9dd561743 with capacity 87433262811B, used 61203283968B, and remaining 26229978843B is 0.7000000000034312
2023-06-21 17:31:33,277 [main] DEBUG balancer.ContainerBalancerTask (ContainerBalancerTask.java:initializeIteration(398)) - Utilization for node ca4df368-9957-4e8c-8166-de1bf6393313 with capacity 71582788266B, used 42949672960B, and remaining 28633115306B is 0.600000000005588
2023-06-21 17:31:33,277 [main] DEBUG balancer.ContainerBalancerTask (ContainerBalancerTask.java:initializeIteration(398)) - Utilization for node 40942551-d097-4969-9a85-9af0ec1541f4 with capacity 53687091200B, used 26843545600B, and remaining 26843545600B is 0.5
2023-06-21 17:31:33,277 [main] DEBUG balancer.ContainerBalancerTask (ContainerBalancerTask.java:initializeIteration(398)) - Utilization for node fd4dd60a-8bfd-4264-b2bb-fbfc3c54b0cc with capacity 88583700480B, used 35433480192B, and remaining 53150220288B is 0.4
2023-06-21 17:31:33,277 [main] DEBUG balancer.ContainerBalancerTask (ContainerBalancerTask.java:initializeIteration(398)) - Utilization for node 36d3431a-12b9-444e-b99f-4b34fd89578e with capacity 110953321813B, used 33285996544B, and remaining 77667325269B is 0.30000000000090127
2023-06-21 17:31:33,277 [main] DEBUG balancer.ContainerBalancerTask (ContainerBalancerTask.java:initializeIteration(398)) - Utilization for node 27804612-680c-46c1-ac34-1564025500b6 with capacity 150323855360B, used 30064771072B, and remaining 120259084288B is 0.2
2023-06-21 17:31:33,278 [main] DEBUG balancer.ContainerBalancerTask (ContainerBalancerTask.java:initializeIteration(398)) - Utilization for node 085849ae-9e8f-4d0b-940b-e1fb286c907c with capacity 375809638400B, used 37580963840B, and remaining 338228674560B is 0.1
2023-06-21 17:31:33,278 [main] DEBUG balancer.ContainerBalancerTask (ContainerBalancerTask.java:initializeIteration(398)) - Utilization for node c49af212-2b4e-4bd4-b503-6cc4f4e13722 with capacity 38654705664B, used 0B, and remaining 38654705664B is 0.0
2023-06-21 17:31:33,278 [main] INFO  balancer.ContainerBalancerTask (ContainerBalancerTask.java:initializeIteration(447)) - Container Balancer has identified 4 Over-Utilized and 2 Under-Utilized Datanodes that need to be balanced.
2023-06-21 17:31:33,278 [main] DEBUG balancer.ContainerBalancerTask (ContainerBalancerTask.java:lambda$initializeIteration$1(453)) - Datanode localhost-100.204.26.254 01efa234-f908-4c2b-ab0c-194903419a33 is Over-Utilized.
2023-06-21 17:31:33,278 [main] DEBUG balancer.ContainerBalancerTask (ContainerBalancerTask.java:lambda$initializeIteration$1(453)) - Datanode localhost-226.119.138.44 321c84d4-14b7-4af7-906c-e1c1bbae619c is Over-Utilized.
2023-06-21 17:31:33,278 [main] DEBUG balancer.ContainerBalancerTask (ContainerBalancerTask.java:lambda$initializeIteration$1(453)) - Datanode localhost-64.79.142.244 9246defe-2693-4dab-945d-efd9dd561743 is Over-Utilized.
2023-06-21 17:31:33,278 [main] DEBUG balancer.ContainerBalancerTask (ContainerBalancerTask.java:lambda$initializeIteration$1(453)) - Datanode localhost-106.240.243.44 ca4df368-9957-4e8c-8166-de1bf6393313 is Over-Utilized.
2023-06-21 17:31:33,278 [main] DEBUG balancer.ContainerBalancerTask (ContainerBalancerTask.java:lambda$initializeIteration$2(459)) - Datanode localhost-188.82.244.62 c49af212-2b4e-4bd4-b503-6cc4f4e13722 is Under-Utilized.
2023-06-21 17:31:33,278 [main] DEBUG balancer.ContainerBalancerTask (ContainerBalancerTask.java:lambda$initializeIteration$2(459)) - Datanode localhost-118.77.193.207 085849ae-9e8f-4d0b-940b-e1fb286c907c is Under-Utilized.
2023-06-21 17:31:33,281 [main] DEBUG balancer.ContainerBalancerTask (ContainerBalancerTask.java:matchSourceWithTarget(706)) - ContainerBalancer is finding suitable target for source datanode 01efa234-f908-4c2b-ab0c-194903419a33
2023-06-21 17:31:33,281 [main] INFO  balancer.ContainerBalancerTask (ContainerBalancerTask.java:matchSourceWithTarget(720)) - ContainerBalancer matched source datanode 01efa234-f908-4c2b-ab0c-194903419a33 with target datanode c49af212-2b4e-4bd4-b503-6cc4f4e13722 for container move.
2023-06-21 17:31:33,281 [main] INFO  balancer.ContainerBalancerTask (ContainerBalancerTask.java:processMoveSelection(569)) - ContainerBalancer is trying to move container #85 with size 5368709120B from source datanode 01efa234-f908-4c2b-ab0c-194903419a33 to target datanode c49af212-2b4e-4bd4-b503-6cc4f4e13722
2023-06-21 17:31:33,281 [main] DEBUG balancer.ContainerBalancerTask (ContainerBalancerTask.java:lambda$moveContainer$3(834)) - Container move completed for container #85 from source 01efa234-f908-4c2b-ab0c-194903419a33 to target c49af212-2b4e-4bd4-b503-6cc4f4e13722
2023-06-21 17:31:33,284 [main] DEBUG balancer.ContainerBalancerTask (ContainerBalancerTask.java:matchSourceWithTarget(706)) - ContainerBalancer is finding suitable target for source datanode 01efa234-f908-4c2b-ab0c-194903419a33
2023-06-21 17:31:33,284 [main] INFO  balancer.ContainerBalancerTask (ContainerBalancerTask.java:matchSourceWithTarget(720)) - ContainerBalancer matched source datanode 01efa234-f908-4c2b-ab0c-194903419a33 with target datanode 085849ae-9e8f-4d0b-940b-e1fb286c907c for container move.
2023-06-21 17:31:33,284 [main] INFO  balancer.ContainerBalancerTask (ContainerBalancerTask.java:processMoveSelection(569)) - ContainerBalancer is trying to move container #68 with size 5368709120B from source datanode 01efa234-f908-4c2b-ab0c-194903419a33 to target datanode 085849ae-9e8f-4d0b-940b-e1fb286c907c
2023-06-21 17:31:33,284 [main] DEBUG balancer.ContainerBalancerTask (ContainerBalancerTask.java:lambda$moveContainer$3(834)) - Container move completed for container #68 from source 01efa234-f908-4c2b-ab0c-194903419a33 to target 085849ae-9e8f-4d0b-940b-e1fb286c907c
2023-06-21 17:31:33,287 [main] DEBUG balancer.ContainerBalancerTask (ContainerBalancerTask.java:matchSourceWithTarget(706)) - ContainerBalancer is finding suitable target for source datanode 321c84d4-14b7-4af7-906c-e1c1bbae619c
2023-06-21 17:31:33,287 [main] INFO  balancer.ContainerBalancerTask (ContainerBalancerTask.java:matchSourceWithTarget(720)) - ContainerBalancer matched source datanode 321c84d4-14b7-4af7-906c-e1c1bbae619c with target datanode 085849ae-9e8f-4d0b-940b-e1fb286c907c for container move.
2023-06-21 17:31:33,287 [main] INFO  balancer.ContainerBalancerTask (ContainerBalancerTask.java:processMoveSelection(569)) - ContainerBalancer is trying to move container #53 with size 5368709120B from source datanode 321c84d4-14b7-4af7-906c-e1c1bbae619c to target datanode 085849ae-9e8f-4d0b-940b-e1fb286c907c
2023-06-21 17:31:33,287 [main] DEBUG balancer.ContainerBalancerTask (ContainerBalancerTask.java:lambda$moveContainer$3(834)) - Container move completed for container #53 from source 321c84d4-14b7-4af7-906c-e1c1bbae619c to target 085849ae-9e8f-4d0b-940b-e1fb286c907c
2023-06-21 17:31:33,290 [main] DEBUG balancer.ContainerBalancerTask (ContainerBalancerTask.java:matchSourceWithTarget(706)) - ContainerBalancer is finding suitable target for source datanode 01efa234-f908-4c2b-ab0c-194903419a33
2023-06-21 17:31:33,290 [main] INFO  balancer.ContainerBalancerTask (ContainerBalancerTask.java:matchSourceWithTarget(720)) - ContainerBalancer matched source datanode 01efa234-f908-4c2b-ab0c-194903419a33 with target datanode 085849ae-9e8f-4d0b-940b-e1fb286c907c for container move.
2023-06-21 17:31:33,291 [main] INFO  balancer.ContainerBalancerTask (ContainerBalancerTask.java:processMoveSelection(569)) - ContainerBalancer is trying to move container #40 with size 5368709120B from source datanode 01efa234-f908-4c2b-ab0c-194903419a33 to target datanode 085849ae-9e8f-4d0b-940b-e1fb286c907c
2023-06-21 17:31:33,291 [main] DEBUG balancer.ContainerBalancerTask (ContainerBalancerTask.java:lambda$moveContainer$3(834)) - Container move completed for container #40 from source 01efa234-f908-4c2b-ab0c-194903419a33 to target 085849ae-9e8f-4d0b-940b-e1fb286c907c
2023-06-21 17:31:33,294 [main] DEBUG balancer.ContainerBalancerTask (ContainerBalancerTask.java:matchSourceWithTarget(706)) - ContainerBalancer is finding suitable target for source datanode 321c84d4-14b7-4af7-906c-e1c1bbae619c
2023-06-21 17:31:33,294 [main] INFO  balancer.ContainerBalancerTask (ContainerBalancerTask.java:matchSourceWithTarget(720)) - ContainerBalancer matched source datanode 321c84d4-14b7-4af7-906c-e1c1bbae619c with target datanode c49af212-2b4e-4bd4-b503-6cc4f4e13722 for container move.
2023-06-21 17:31:33,294 [main] INFO  balancer.ContainerBalancerTask (ContainerBalancerTask.java:processMoveSelection(569)) - ContainerBalancer is trying to move container #89 with size 4294967296B from source datanode 321c84d4-14b7-4af7-906c-e1c1bbae619c to target datanode c49af212-2b4e-4bd4-b503-6cc4f4e13722
2023-06-21 17:31:33,294 [main] DEBUG balancer.ContainerBalancerTask (ContainerBalancerTask.java:lambda$moveContainer$3(834)) - Container move completed for container #89 from source 321c84d4-14b7-4af7-906c-e1c1bbae619c to target c49af212-2b4e-4bd4-b503-6cc4f4e13722
2023-06-21 17:31:33,297 [main] DEBUG balancer.ContainerBalancerTask (ContainerBalancerTask.java:matchSourceWithTarget(706)) - ContainerBalancer is finding suitable target for source datanode 9246defe-2693-4dab-945d-efd9dd561743
2023-06-21 17:31:33,297 [main] INFO  balancer.ContainerBalancerTask (ContainerBalancerTask.java:matchSourceWithTarget(720)) - ContainerBalancer matched source datanode 9246defe-2693-4dab-945d-efd9dd561743 with target datanode 085849ae-9e8f-4d0b-940b-e1fb286c907c for container move.
2023-06-21 17:31:33,297 [main] INFO  balancer.ContainerBalancerTask (ContainerBalancerTask.java:processMoveSelection(569)) - ContainerBalancer is trying to move container #52 with size 4294967296B from source datanode 9246defe-2693-4dab-945d-efd9dd561743 to target datanode 085849ae-9e8f-4d0b-940b-e1fb286c907c
2023-06-21 17:31:33,297 [main] DEBUG balancer.ContainerBalancerTask (ContainerBalancerTask.java:lambda$moveContainer$3(834)) - Container move completed for container #52 from source 9246defe-2693-4dab-945d-efd9dd561743 to target 085849ae-9e8f-4d0b-940b-e1fb286c907c
2023-06-21 17:31:33,300 [main] DEBUG balancer.ContainerBalancerTask (ContainerBalancerTask.java:matchSourceWithTarget(706)) - ContainerBalancer is finding suitable target for source datanode 321c84d4-14b7-4af7-906c-e1c1bbae619c
2023-06-21 17:31:33,300 [main] INFO  balancer.ContainerBalancerTask (ContainerBalancerTask.java:matchSourceWithTarget(720)) - ContainerBalancer matched source datanode 321c84d4-14b7-4af7-906c-e1c1bbae619c with target datanode 085849ae-9e8f-4d0b-940b-e1fb286c907c for container move.
2023-06-21 17:31:33,300 [main] INFO  balancer.ContainerBalancerTask (ContainerBalancerTask.java:processMoveSelection(569)) - ContainerBalancer is trying to move container #39 with size 4294967296B from source datanode 321c84d4-14b7-4af7-906c-e1c1bbae619c to target datanode 085849ae-9e8f-4d0b-940b-e1fb286c907c
2023-06-21 17:31:33,300 [main] DEBUG balancer.ContainerBalancerTask (ContainerBalancerTask.java:lambda$moveContainer$3(834)) - Container move completed for container #39 from source 321c84d4-14b7-4af7-906c-e1c1bbae619c to target 085849ae-9e8f-4d0b-940b-e1fb286c907c
2023-06-21 17:31:33,303 [main] DEBUG balancer.ContainerBalancerTask (ContainerBalancerTask.java:matchSourceWithTarget(706)) - ContainerBalancer is finding suitable target for source datanode 01efa234-f908-4c2b-ab0c-194903419a33
2023-06-21 17:31:33,303 [main] INFO  balancer.ContainerBalancerTask (ContainerBalancerTask.java:matchSourceWithTarget(720)) - ContainerBalancer matched source datanode 01efa234-f908-4c2b-ab0c-194903419a33 with target datanode 085849ae-9e8f-4d0b-940b-e1fb286c907c for container move.
2023-06-21 17:31:33,304 [main] INFO  balancer.ContainerBalancerTask (ContainerBalancerTask.java:processMoveSelection(569)) - ContainerBalancer is trying to move container #84 with size 4294967296B from source datanode 01efa234-f908-4c2b-ab0c-194903419a33 to target datanode 085849ae-9e8f-4d0b-940b-e1fb286c907c
2023-06-21 17:31:33,304 [main] DEBUG balancer.ContainerBalancerTask (ContainerBalancerTask.java:lambda$moveContainer$3(834)) - Container move completed for container #84 from source 01efa234-f908-4c2b-ab0c-194903419a33 to target 085849ae-9e8f-4d0b-940b-e1fb286c907c
2023-06-21 17:31:33,307 [main] DEBUG balancer.ContainerBalancerTask (ContainerBalancerTask.java:matchSourceWithTarget(706)) - ContainerBalancer is finding suitable target for source datanode 9246defe-2693-4dab-945d-efd9dd561743
2023-06-21 17:31:33,307 [main] INFO  balancer.ContainerBalancerTask (ContainerBalancerTask.java:matchSourceWithTarget(720)) - ContainerBalancer matched source datanode 9246defe-2693-4dab-945d-efd9dd561743 with target datanode 085849ae-9e8f-4d0b-940b-e1fb286c907c for container move.
2023-06-21 17:31:33,307 [main] INFO  balancer.ContainerBalancerTask (ContainerBalancerTask.java:processMoveSelection(569)) - ContainerBalancer is trying to move container #88 with size 3221225472B from source datanode 9246defe-2693-4dab-945d-efd9dd561743 to target datanode 085849ae-9e8f-4d0b-940b-e1fb286c907c
2023-06-21 17:31:33,307 [main] DEBUG balancer.ContainerBalancerTask (ContainerBalancerTask.java:lambda$moveContainer$3(834)) - Container move completed for container #88 from source 9246defe-2693-4dab-945d-efd9dd561743 to target 085849ae-9e8f-4d0b-940b-e1fb286c907c
2023-06-21 17:31:33,310 [main] DEBUG balancer.ContainerBalancerTask (ContainerBalancerTask.java:matchSourceWithTarget(706)) - ContainerBalancer is finding suitable target for source datanode 321c84d4-14b7-4af7-906c-e1c1bbae619c
2023-06-21 17:31:33,310 [main] INFO  balancer.ContainerBalancerTask (ContainerBalancerTask.java:matchSourceWithTarget(720)) - ContainerBalancer matched source datanode 321c84d4-14b7-4af7-906c-e1c1bbae619c with target datanode 085849ae-9e8f-4d0b-940b-e1fb286c907c for container move.
2023-06-21 17:31:33,310 [main] INFO  balancer.ContainerBalancerTask (ContainerBalancerTask.java:processMoveSelection(569)) - ContainerBalancer is trying to move container #71 with size 3221225472B from source datanode 321c84d4-14b7-4af7-906c-e1c1bbae619c to target datanode 085849ae-9e8f-4d0b-940b-e1fb286c907c
2023-06-21 17:31:33,310 [main] DEBUG balancer.ContainerBalancerTask (ContainerBalancerTask.java:lambda$moveContainer$3(834)) - Container move completed for container #71 from source 321c84d4-14b7-4af7-906c-e1c1bbae619c to target 085849ae-9e8f-4d0b-940b-e1fb286c907c
2023-06-21 17:31:33,313 [main] DEBUG balancer.ContainerBalancerTask (ContainerBalancerTask.java:matchSourceWithTarget(706)) - ContainerBalancer is finding suitable target for source datanode 01efa234-f908-4c2b-ab0c-194903419a33
2023-06-21 17:31:33,314 [main] INFO  balancer.ContainerBalancerTask (ContainerBalancerTask.java:matchSourceWithTarget(720)) - ContainerBalancer matched source datanode 01efa234-f908-4c2b-ab0c-194903419a33 with target datanode 085849ae-9e8f-4d0b-940b-e1fb286c907c for container move.
2023-06-21 17:31:33,314 [main] INFO  balancer.ContainerBalancerTask (ContainerBalancerTask.java:processMoveSelection(569)) - ContainerBalancer is trying to move container #19 with size 4294967296B from source datanode 01efa234-f908-4c2b-ab0c-194903419a33 to target datanode 085849ae-9e8f-4d0b-940b-e1fb286c907c
2023-06-21 17:31:33,314 [main] DEBUG balancer.ContainerBalancerTask (ContainerBalancerTask.java:lambda$moveContainer$3(834)) - Container move completed for container #19 from source 01efa234-f908-4c2b-ab0c-194903419a33 to target 085849ae-9e8f-4d0b-940b-e1fb286c907c
2023-06-21 17:31:33,317 [main] DEBUG balancer.ContainerBalancerTask (ContainerBalancerTask.java:matchSourceWithTarget(706)) - ContainerBalancer is finding suitable target for source datanode 9246defe-2693-4dab-945d-efd9dd561743
2023-06-21 17:31:33,317 [main] INFO  balancer.ContainerBalancerTask (ContainerBalancerTask.java:matchSourceWithTarget(720)) - ContainerBalancer matched source datanode 9246defe-2693-4dab-945d-efd9dd561743 with target datanode 085849ae-9e8f-4d0b-940b-e1fb286c907c for container move.
2023-06-21 17:31:33,317 [main] INFO  balancer.ContainerBalancerTask (ContainerBalancerTask.java:processMoveSelection(569)) - ContainerBalancer is trying to move container #66 with size 3221225472B from source datanode 9246defe-2693-4dab-945d-efd9dd561743 to target datanode 085849ae-9e8f-4d0b-940b-e1fb286c907c
2023-06-21 17:31:33,317 [main] DEBUG balancer.ContainerBalancerTask (ContainerBalancerTask.java:lambda$moveContainer$3(834)) - Container move completed for container #66 from source 9246defe-2693-4dab-945d-efd9dd561743 to target 085849ae-9e8f-4d0b-940b-e1fb286c907c
2023-06-21 17:31:33,319 [main] DEBUG balancer.ContainerBalancerTask (ContainerBalancerTask.java:matchSourceWithTarget(706)) - ContainerBalancer is finding suitable target for source datanode ca4df368-9957-4e8c-8166-de1bf6393313
2023-06-21 17:31:33,319 [main] INFO  balancer.ContainerBalancerTask (ContainerBalancerTask.java:matchSourceWithTarget(720)) - ContainerBalancer matched source datanode ca4df368-9957-4e8c-8166-de1bf6393313 with target datanode 085849ae-9e8f-4d0b-940b-e1fb286c907c for container move.
2023-06-21 17:31:33,319 [main] INFO  balancer.ContainerBalancerTask (ContainerBalancerTask.java:processMoveSelection(569)) - ContainerBalancer is trying to move container #36 with size 1073741824B from source datanode ca4df368-9957-4e8c-8166-de1bf6393313 to target datanode 085849ae-9e8f-4d0b-940b-e1fb286c907c
2023-06-21 17:31:33,320 [main] DEBUG balancer.ContainerBalancerTask (ContainerBalancerTask.java:lambda$moveContainer$3(834)) - Container move completed for container #36 from source ca4df368-9957-4e8c-8166-de1bf6393313 to target 085849ae-9e8f-4d0b-940b-e1fb286c907c
2023-06-21 17:31:33,320 [main] WARN  balancer.ContainerBalancerTask (ContainerBalancerTask.java:reachedMaxSizeToMovePerIteration(731)) - Reached max size to move limit. 53687091200 bytes have already been scheduled for balancing and the limit is 53687091200 bytes.
2023-06-21 17:31:33,320 [main] INFO  balancer.ContainerBalancerTask (ContainerBalancerTask.java:checkIterationMoveResults(640)) - Iteration Summary. Number of Datanodes involved: 6. Size moved: 50 GB (53687091200 Bytes). Number of Container moves completed: 13.
2023-06-21 17:31:33,320 [main] INFO  balancer.ContainerBalancerTask (ContainerBalancerTask.java:balance(259)) - Result of this iteration of Container Balancer: ITERATION_COMPLETED
2023-06-21 17:31:33,320 [main] INFO  balancer.ContainerBalancerTask (ContainerBalancerTask.java:tryStopWithSaveConfiguration(308)) - Save Configuration for stopping. Reason: Completed all iterations.
2023-06-21 17:31:33,321 [main] DEBUG balancer.ContainerBalancerTask (ContainerBalancerTask.java:initializeIteration(374)) - Average utilization of the cluster is 0.35306711941381913
2023-06-21 17:31:33,321 [main] DEBUG balancer.ContainerBalancerTask (ContainerBalancerTask.java:initializeIteration(386)) - Lower limit for utilization is -0.2653067938684773 and Upper limit for utilization is 0.9714410326961156
2023-06-21 17:31:33,321 [main] DEBUG balancer.ContainerBalancerTask (ContainerBalancerTask.java:initializeIteration(398)) - Utilization for node 01efa234-f908-4c2b-ab0c-194903419a33 with capacity 72775834737B, used 65498251264B, and remaining 7277583473B is 0.9000000000096186
2023-06-21 17:31:33,321 [main] DEBUG balancer.ContainerBalancerTask (ContainerBalancerTask.java:initializeIteration(398)) - Utilization for node 321c84d4-14b7-4af7-906c-e1c1bbae619c with capacity 84557168640B, used 67645734912B, and remaining 16911433728B is 0.8
2023-06-21 17:31:33,321 [main] DEBUG balancer.ContainerBalancerTask (ContainerBalancerTask.java:initializeIteration(398)) - Utilization for node 9246defe-2693-4dab-945d-efd9dd561743 with capacity 87433262811B, used 61203283968B, and remaining 26229978843B is 0.7000000000034312
2023-06-21 17:31:33,321 [main] DEBUG balancer.ContainerBalancerTask (ContainerBalancerTask.java:initializeIteration(398)) - Utilization for node ca4df368-9957-4e8c-8166-de1bf6393313 with capacity 71582788266B, used 42949672960B, and remaining 28633115306B is 0.600000000005588
2023-06-21 17:31:33,321 [main] DEBUG balancer.ContainerBalancerTask (ContainerBalancerTask.java:initializeIteration(398)) - Utilization for node 40942551-d097-4969-9a85-9af0ec1541f4 with capacity 53687091200B, used 26843545600B, and remaining 26843545600B is 0.5
2023-06-21 17:31:33,321 [main] DEBUG balancer.ContainerBalancerTask (ContainerBalancerTask.java:initializeIteration(398)) - Utilization for node fd4dd60a-8bfd-4264-b2bb-fbfc3c54b0cc with capacity 88583700480B, used 35433480192B, and remaining 53150220288B is 0.4
2023-06-21 17:31:33,321 [main] DEBUG balancer.ContainerBalancerTask (ContainerBalancerTask.java:initializeIteration(398)) - Utilization for node 36d3431a-12b9-444e-b99f-4b34fd89578e with capacity 110953321813B, used 33285996544B, and remaining 77667325269B is 0.30000000000090127
2023-06-21 17:31:33,321 [main] DEBUG balancer.ContainerBalancerTask (ContainerBalancerTask.java:initializeIteration(398)) - Utilization for node 27804612-680c-46c1-ac34-1564025500b6 with capacity 150323855360B, used 30064771072B, and remaining 120259084288B is 0.2
2023-06-21 17:31:33,322 [main] DEBUG balancer.ContainerBalancerTask (ContainerBalancerTask.java:initializeIteration(398)) - Utilization for node 085849ae-9e8f-4d0b-940b-e1fb286c907c with capacity 375809638400B, used 37580963840B, and remaining 338228674560B is 0.1
2023-06-21 17:31:33,322 [main] DEBUG balancer.ContainerBalancerTask (ContainerBalancerTask.java:initializeIteration(398)) - Utilization for node c49af212-2b4e-4bd4-b503-6cc4f4e13722 with capacity 38654705664B, used 0B, and remaining 38654705664B is 0.0
2023-06-21 17:31:33,322 [main] INFO  balancer.ContainerBalancerTask (ContainerBalancerTask.java:initializeIteration(443)) - Did not find any unbalanced Datanodes.
2023-06-21 17:31:33,322 [main] INFO  balancer.ContainerBalancerTask (ContainerBalancerTask.java:tryStopWithSaveConfiguration(308)) - Save Configuration for stopping. Reason: Could not initialize ContainerBalancer's iteration number 0
2023-06-21 17:31:33,322 [main] DEBUG balancer.ContainerBalancerTask (ContainerBalancerTask.java:initializeIteration(374)) - Average utilization of the cluster is 0.35306711941381913
2023-06-21 17:31:33,322 [main] DEBUG balancer.ContainerBalancerTask (ContainerBalancerTask.java:initializeIteration(386)) - Lower limit for utilization is -0.503913256003953 and Upper limit for utilization is 1.2100474948315911
2023-06-21 17:31:33,322 [main] DEBUG balancer.ContainerBalancerTask (ContainerBalancerTask.java:initializeIteration(398)) - Utilization for node 01efa234-f908-4c2b-ab0c-194903419a33 with capacity 72775834737B, used 65498251264B, and remaining 7277583473B is 0.9000000000096186
2023-06-21 17:31:33,323 [main] DEBUG balancer.ContainerBalancerTask (ContainerBalancerTask.java:initializeIteration(398)) - Utilization for node 321c84d4-14b7-4af7-906c-e1c1bbae619c with capacity 84557168640B, used 67645734912B, and remaining 16911433728B is 0.8
2023-06-21 17:31:33,323 [main] DEBUG balancer.ContainerBalancerTask (ContainerBalancerTask.java:initializeIteration(398)) - Utilization for node 9246defe-2693-4dab-945d-efd9dd561743 with capacity 87433262811B, used 61203283968B, and remaining 26229978843B is 0.7000000000034312
2023-06-21 17:31:33,323 [main] DEBUG balancer.ContainerBalancerTask (ContainerBalancerTask.java:initializeIteration(398)) - Utilization for node ca4df368-9957-4e8c-8166-de1bf6393313 with capacity 71582788266B, used 42949672960B, and remaining 28633115306B is 0.600000000005588
2023-06-21 17:31:33,323 [main] DEBUG balancer.ContainerBalancerTask (ContainerBalancerTask.java:initializeIteration(398)) - Utilization for node 40942551-d097-4969-9a85-9af0ec1541f4 with capacity 53687091200B, used 26843545600B, and remaining 26843545600B is 0.5
2023-06-21 17:31:33,323 [main] DEBUG balancer.ContainerBalancerTask (ContainerBalancerTask.java:initializeIteration(398)) - Utilization for node fd4dd60a-8bfd-4264-b2bb-fbfc3c54b0cc with capacity 88583700480B, used 35433480192B, and remaining 53150220288B is 0.4
2023-06-21 17:31:33,323 [main] DEBUG balancer.ContainerBalancerTask (ContainerBalancerTask.java:initializeIteration(398)) - Utilization for node 36d3431a-12b9-444e-b99f-4b34fd89578e with capacity 110953321813B, used 33285996544B, and remaining 77667325269B is 0.30000000000090127
2023-06-21 17:31:33,323 [main] DEBUG balancer.ContainerBalancerTask (ContainerBalancerTask.java:initializeIteration(398)) - Utilization for node 27804612-680c-46c1-ac34-1564025500b6 with capacity 150323855360B, used 30064771072B, and remaining 120259084288B is 0.2
2023-06-21 17:31:33,323 [main] DEBUG balancer.ContainerBalancerTask (ContainerBalancerTask.java:initializeIteration(398)) - Utilization for node 085849ae-9e8f-4d0b-940b-e1fb286c907c with capacity 375809638400B, used 37580963840B, and remaining 338228674560B is 0.1
2023-06-21 17:31:33,323 [main] DEBUG balancer.ContainerBalancerTask (ContainerBalancerTask.java:initializeIteration(398)) - Utilization for node c49af212-2b4e-4bd4-b503-6cc4f4e13722 with capacity 38654705664B, used 0B, and remaining 38654705664B is 0.0
2023-06-21 17:31:33,323 [main] INFO  balancer.ContainerBalancerTask (ContainerBalancerTask.java:initializeIteration(443)) - Did not find any unbalanced Datanodes.
2023-06-21 17:31:33,323 [main] INFO  balancer.ContainerBalancerTask (ContainerBalancerTask.java:tryStopWithSaveConfiguration(308)) - Save Configuration for stopping. Reason: Could not initialize ContainerBalancer's iteration number 0
2023-06-21 17:31:33,324 [main] DEBUG balancer.ContainerBalancerTask (ContainerBalancerTask.java:initializeIteration(374)) - Average utilization of the cluster is 0.35306711941381913
2023-06-21 17:31:33,324 [main] DEBUG balancer.ContainerBalancerTask (ContainerBalancerTask.java:initializeIteration(386)) - Lower limit for utilization is 0.07907573101909943 and Upper limit for utilization is 0.6270585078085389
2023-06-21 17:31:33,324 [main] DEBUG balancer.ContainerBalancerTask (ContainerBalancerTask.java:initializeIteration(398)) - Utilization for node 01efa234-f908-4c2b-ab0c-194903419a33 with capacity 72775834737B, used 65498251264B, and remaining 7277583473B is 0.9000000000096186
2023-06-21 17:31:33,324 [main] DEBUG balancer.ContainerBalancerTask (ContainerBalancerTask.java:initializeIteration(398)) - Utilization for node 321c84d4-14b7-4af7-906c-e1c1bbae619c with capacity 84557168640B, used 67645734912B, and remaining 16911433728B is 0.8
2023-06-21 17:31:33,324 [main] DEBUG balancer.ContainerBalancerTask (ContainerBalancerTask.java:initializeIteration(398)) - Utilization for node 9246defe-2693-4dab-945d-efd9dd561743 with capacity 87433262811B, used 61203283968B, and remaining 26229978843B is 0.7000000000034312
2023-06-21 17:31:33,324 [main] DEBUG balancer.ContainerBalancerTask (ContainerBalancerTask.java:initializeIteration(398)) - Utilization for node ca4df368-9957-4e8c-8166-de1bf6393313 with capacity 71582788266B, used 42949672960B, and remaining 28633115306B is 0.600000000005588
2023-06-21 17:31:33,324 [main] DEBUG balancer.ContainerBalancerTask (ContainerBalancerTask.java:initializeIteration(398)) - Utilization for node 40942551-d097-4969-9a85-9af0ec1541f4 with capacity 53687091200B, used 26843545600B, and remaining 26843545600B is 0.5
2023-06-21 17:31:33,324 [main] DEBUG balancer.ContainerBalancerTask (ContainerBalancerTask.java:initializeIteration(398)) - Utilization for node fd4dd60a-8bfd-4264-b2bb-fbfc3c54b0cc with capacity 88583700480B, used 35433480192B, and remaining 53150220288B is 0.4
2023-06-21 17:31:33,325 [main] DEBUG balancer.ContainerBalancerTask (ContainerBalancerTask.java:initializeIteration(398)) - Utilization for node 36d3431a-12b9-444e-b99f-4b34fd89578e with capacity 110953321813B, used 33285996544B, and remaining 77667325269B is 0.30000000000090127
2023-06-21 17:31:33,325 [main] DEBUG balancer.ContainerBalancerTask (ContainerBalancerTask.java:initializeIteration(398)) - Utilization for node 27804612-680c-46c1-ac34-1564025500b6 with capacity 150323855360B, used 30064771072B, and remaining 120259084288B is 0.2
2023-06-21 17:31:33,325 [main] DEBUG balancer.ContainerBalancerTask (ContainerBalancerTask.java:initializeIteration(398)) - Utilization for node 085849ae-9e8f-4d0b-940b-e1fb286c907c with capacity 375809638400B, used 37580963840B, and remaining 338228674560B is 0.1
2023-06-21 17:31:33,325 [main] DEBUG balancer.ContainerBalancerTask (ContainerBalancerTask.java:initializeIteration(398)) - Utilization for node c49af212-2b4e-4bd4-b503-6cc4f4e13722 with capacity 38654705664B, used 0B, and remaining 38654705664B is 0.0
2023-06-21 17:31:33,325 [main] INFO  balancer.ContainerBalancerTask (ContainerBalancerTask.java:initializeIteration(447)) - Container Balancer has identified 3 Over-Utilized and 1 Under-Utilized Datanodes that need to be balanced.
2023-06-21 17:31:33,325 [main] DEBUG balancer.ContainerBalancerTask (ContainerBalancerTask.java:lambda$initializeIteration$1(453)) - Datanode localhost-100.204.26.254 01efa234-f908-4c2b-ab0c-194903419a33 is Over-Utilized.
2023-06-21 17:31:33,325 [main] DEBUG balancer.ContainerBalancerTask (ContainerBalancerTask.java:lambda$initializeIteration$1(453)) - Datanode localhost-226.119.138.44 321c84d4-14b7-4af7-906c-e1c1bbae619c is Over-Utilized.
2023-06-21 17:31:33,325 [main] DEBUG balancer.ContainerBalancerTask (ContainerBalancerTask.java:lambda$initializeIteration$1(453)) - Datanode localhost-64.79.142.244 9246defe-2693-4dab-945d-efd9dd561743 is Over-Utilized.
2023-06-21 17:31:33,325 [main] DEBUG balancer.ContainerBalancerTask (ContainerBalancerTask.java:lambda$initializeIteration$2(459)) - Datanode localhost-188.82.244.62 c49af212-2b4e-4bd4-b503-6cc4f4e13722 is Under-Utilized.
2023-06-21 17:31:33,328 [main] DEBUG balancer.ContainerBalancerTask (ContainerBalancerTask.java:matchSourceWithTarget(706)) - ContainerBalancer is finding suitable target for source datanode 01efa234-f908-4c2b-ab0c-194903419a33
2023-06-21 17:31:33,328 [main] INFO  balancer.ContainerBalancerTask (ContainerBalancerTask.java:matchSourceWithTarget(720)) - ContainerBalancer matched source datanode 01efa234-f908-4c2b-ab0c-194903419a33 with target datanode c49af212-2b4e-4bd4-b503-6cc4f4e13722 for container move.
2023-06-21 17:31:33,328 [main] INFO  balancer.ContainerBalancerTask (ContainerBalancerTask.java:processMoveSelection(569)) - ContainerBalancer is trying to move container #85 with size 5368709120B from source datanode 01efa234-f908-4c2b-ab0c-194903419a33 to target datanode c49af212-2b4e-4bd4-b503-6cc4f4e13722
2023-06-21 17:31:33,328 [main] DEBUG balancer.ContainerBalancerTask (ContainerBalancerTask.java:lambda$moveContainer$3(834)) - Container move completed for container #85 from source 01efa234-f908-4c2b-ab0c-194903419a33 to target c49af212-2b4e-4bd4-b503-6cc4f4e13722
2023-06-21 17:31:33,331 [main] DEBUG balancer.ContainerBalancerTask (ContainerBalancerTask.java:matchSourceWithTarget(706)) - ContainerBalancer is finding suitable target for source datanode 01efa234-f908-4c2b-ab0c-194903419a33
2023-06-21 17:31:33,331 [main] INFO  balancer.ContainerBalancerTask (ContainerBalancerTask.java:matchSourceWithTarget(720)) - ContainerBalancer matched source datanode 01efa234-f908-4c2b-ab0c-194903419a33 with target datanode c49af212-2b4e-4bd4-b503-6cc4f4e13722 for container move.
2023-06-21 17:31:33,331 [main] INFO  balancer.ContainerBalancerTask (ContainerBalancerTask.java:processMoveSelection(569)) - ContainerBalancer is trying to move container #68 with size 5368709120B from source datanode 01efa234-f908-4c2b-ab0c-194903419a33 to target datanode c49af212-2b4e-4bd4-b503-6cc4f4e13722
2023-06-21 17:31:33,331 [main] DEBUG balancer.ContainerBalancerTask (ContainerBalancerTask.java:lambda$moveContainer$3(834)) - Container move completed for container #68 from source 01efa234-f908-4c2b-ab0c-194903419a33 to target c49af212-2b4e-4bd4-b503-6cc4f4e13722
2023-06-21 17:31:33,334 [main] DEBUG balancer.ContainerBalancerTask (ContainerBalancerTask.java:matchSourceWithTarget(706)) - ContainerBalancer is finding suitable target for source datanode 321c84d4-14b7-4af7-906c-e1c1bbae619c
2023-06-21 17:31:33,334 [main] INFO  balancer.ContainerBalancerTask (ContainerBalancerTask.java:matchSourceWithTarget(720)) - ContainerBalancer matched source datanode 321c84d4-14b7-4af7-906c-e1c1bbae619c with target datanode c49af212-2b4e-4bd4-b503-6cc4f4e13722 for container move.
2023-06-21 17:31:33,334 [main] INFO  balancer.ContainerBalancerTask (ContainerBalancerTask.java:processMoveSelection(569)) - ContainerBalancer is trying to move container #53 with size 5368709120B from source datanode 321c84d4-14b7-4af7-906c-e1c1bbae619c to target datanode c49af212-2b4e-4bd4-b503-6cc4f4e13722
2023-06-21 17:31:33,334 [main] DEBUG balancer.ContainerBalancerTask (ContainerBalancerTask.java:lambda$moveContainer$3(834)) - Container move completed for container #53 from source 321c84d4-14b7-4af7-906c-e1c1bbae619c to target c49af212-2b4e-4bd4-b503-6cc4f4e13722
2023-06-21 17:31:33,337 [main] DEBUG balancer.ContainerBalancerTask (ContainerBalancerTask.java:matchSourceWithTarget(706)) - ContainerBalancer is finding suitable target for source datanode 01efa234-f908-4c2b-ab0c-194903419a33
2023-06-21 17:31:33,337 [main] INFO  balancer.ContainerBalancerTask (ContainerBalancerTask.java:matchSourceWithTarget(720)) - ContainerBalancer matched source datanode 01efa234-f908-4c2b-ab0c-194903419a33 with target datanode c49af212-2b4e-4bd4-b503-6cc4f4e13722 for container move.
2023-06-21 17:31:33,337 [main] INFO  balancer.ContainerBalancerTask (ContainerBalancerTask.java:processMoveSelection(569)) - ContainerBalancer is trying to move container #40 with size 5368709120B from source datanode 01efa234-f908-4c2b-ab0c-194903419a33 to target datanode c49af212-2b4e-4bd4-b503-6cc4f4e13722
2023-06-21 17:31:33,337 [main] DEBUG balancer.ContainerBalancerTask (ContainerBalancerTask.java:lambda$moveContainer$3(834)) - Container move completed for container #40 from source 01efa234-f908-4c2b-ab0c-194903419a33 to target c49af212-2b4e-4bd4-b503-6cc4f4e13722
2023-06-21 17:31:33,340 [main] DEBUG balancer.ContainerBalancerTask (ContainerBalancerTask.java:matchSourceWithTarget(706)) - ContainerBalancer is finding suitable target for source datanode 321c84d4-14b7-4af7-906c-e1c1bbae619c
2023-06-21 17:31:33,341 [main] INFO  balancer.ContainerBalancerTask (ContainerBalancerTask.java:matchSourceWithTarget(720)) - ContainerBalancer matched source datanode 321c84d4-14b7-4af7-906c-e1c1bbae619c with target datanode c49af212-2b4e-4bd4-b503-6cc4f4e13722 for container move.
2023-06-21 17:31:33,341 [main] INFO  balancer.ContainerBalancerTask (ContainerBalancerTask.java:processMoveSelection(569)) - ContainerBalancer is trying to move container #87 with size 2147483648B from source datanode 321c84d4-14b7-4af7-906c-e1c1bbae619c to target datanode c49af212-2b4e-4bd4-b503-6cc4f4e13722
2023-06-21 17:31:33,341 [main] DEBUG balancer.ContainerBalancerTask (ContainerBalancerTask.java:lambda$moveContainer$3(834)) - Container move completed for container #87 from source 321c84d4-14b7-4af7-906c-e1c1bbae619c to target c49af212-2b4e-4bd4-b503-6cc4f4e13722
2023-06-21 17:31:33,344 [main] DEBUG balancer.ContainerBalancerTask (ContainerBalancerTask.java:matchSourceWithTarget(706)) - ContainerBalancer is finding suitable target for source datanode 321c84d4-14b7-4af7-906c-e1c1bbae619c
2023-06-21 17:31:33,345 [main] INFO  balancer.FindTargetGreedyByUsageInfo (AbstractFindTargetGreedy.java:findTargetForContainerMove(133)) - Container Balancer could not find a target for source datanode 321c84d4-14b7-4af7-906c-e1c1bbae619c
2023-06-21 17:31:33,345 [main] DEBUG balancer.ContainerBalancerTask (ContainerBalancerTask.java:matchSourceWithTarget(715)) - ContainerBalancer could not find a suitable target for source node 321c84d4-14b7-4af7-906c-e1c1bbae619c.
2023-06-21 17:31:33,347 [main] DEBUG balancer.ContainerBalancerTask (ContainerBalancerTask.java:matchSourceWithTarget(706)) - ContainerBalancer is finding suitable target for source datanode 9246defe-2693-4dab-945d-efd9dd561743
2023-06-21 17:31:33,348 [main] INFO  balancer.FindTargetGreedyByUsageInfo (AbstractFindTargetGreedy.java:findTargetForContainerMove(133)) - Container Balancer could not find a target for source datanode 9246defe-2693-4dab-945d-efd9dd561743
2023-06-21 17:31:33,348 [main] DEBUG balancer.ContainerBalancerTask (ContainerBalancerTask.java:matchSourceWithTarget(715)) - ContainerBalancer could not find a suitable target for source node 9246defe-2693-4dab-945d-efd9dd561743.
2023-06-21 17:31:33,351 [main] DEBUG balancer.ContainerBalancerTask (ContainerBalancerTask.java:matchSourceWithTarget(706)) - ContainerBalancer is finding suitable target for source datanode 01efa234-f908-4c2b-ab0c-194903419a33
2023-06-21 17:31:33,352 [main] INFO  balancer.FindTargetGreedyByUsageInfo (AbstractFindTargetGreedy.java:findTargetForContainerMove(133)) - Container Balancer could not find a target for source datanode 01efa234-f908-4c2b-ab0c-194903419a33
2023-06-21 17:31:33,352 [main] DEBUG balancer.ContainerBalancerTask (ContainerBalancerTask.java:matchSourceWithTarget(715)) - ContainerBalancer could not find a suitable target for source node 01efa234-f908-4c2b-ab0c-194903419a33.
2023-06-21 17:31:33,352 [main] INFO  balancer.FindSourceGreedy (FindSourceGreedy.java:getNextCandidateSourceDataNode(126)) - no more candidate source data node
2023-06-21 17:31:33,352 [main] INFO  balancer.ContainerBalancerTask (ContainerBalancerTask.java:checkIterationMoveResults(640)) - Iteration Summary. Number of Datanodes involved: 3. Size moved: 22 GB (23622320128 Bytes). Number of Container moves completed: 5.
2023-06-21 17:31:33,352 [main] INFO  balancer.ContainerBalancerTask (ContainerBalancerTask.java:balance(259)) - Result of this iteration of Container Balancer: ITERATION_COMPLETED
2023-06-21 17:31:33,352 [main] INFO  balancer.ContainerBalancerTask (ContainerBalancerTask.java:tryStopWithSaveConfiguration(308)) - Save Configuration for stopping. Reason: Completed all iterations.
2023-06-21 17:31:33,353 [main] DEBUG balancer.ContainerBalancerTask (ContainerBalancerTask.java:initializeIteration(374)) - Average utilization of the cluster is 0.35306711941381913
2023-06-21 17:31:33,353 [main] DEBUG balancer.ContainerBalancerTask (ContainerBalancerTask.java:initializeIteration(386)) - Lower limit for utilization is -0.5201877422219885 and Upper limit for utilization is 1.2263219810496269
2023-06-21 17:31:33,353 [main] DEBUG balancer.ContainerBalancerTask (ContainerBalancerTask.java:initializeIteration(398)) - Utilization for node 01efa234-f908-4c2b-ab0c-194903419a33 with capacity 72775834737B, used 65498251264B, and remaining 7277583473B is 0.9000000000096186
2023-06-21 17:31:33,353 [main] DEBUG balancer.ContainerBalancerTask (ContainerBalancerTask.java:initializeIteration(398)) - Utilization for node 321c84d4-14b7-4af7-906c-e1c1bbae619c with capacity 84557168640B, used 67645734912B, and remaining 16911433728B is 0.8
2023-06-21 17:31:33,353 [main] DEBUG balancer.ContainerBalancerTask (ContainerBalancerTask.java:initializeIteration(398)) - Utilization for node 9246defe-2693-4dab-945d-efd9dd561743 with capacity 87433262811B, used 61203283968B, and remaining 26229978843B is 0.7000000000034312
2023-06-21 17:31:33,353 [main] DEBUG balancer.ContainerBalancerTask (ContainerBalancerTask.java:initializeIteration(398)) - Utilization for node ca4df368-9957-4e8c-8166-de1bf6393313 with capacity 71582788266B, used 42949672960B, and remaining 28633115306B is 0.600000000005588
2023-06-21 17:31:33,353 [main] DEBUG balancer.ContainerBalancerTask (ContainerBalancerTask.java:initializeIteration(398)) - Utilization for node 40942551-d097-4969-9a85-9af0ec1541f4 with capacity 53687091200B, used 26843545600B, and remaining 26843545600B is 0.5
2023-06-21 17:31:33,354 [main] DEBUG balancer.ContainerBalancerTask (ContainerBalancerTask.java:initializeIteration(398)) - Utilization for node fd4dd60a-8bfd-4264-b2bb-fbfc3c54b0cc with capacity 88583700480B, used 35433480192B, and remaining 53150220288B is 0.4
2023-06-21 17:31:33,354 [main] DEBUG balancer.ContainerBalancerTask (ContainerBalancerTask.java:initializeIteration(398)) - Utilization for node 36d3431a-12b9-444e-b99f-4b34fd89578e with capacity 110953321813B, used 33285996544B, and remaining 77667325269B is 0.30000000000090127
2023-06-21 17:31:33,354 [main] DEBUG balancer.ContainerBalancerTask (ContainerBalancerTask.java:initializeIteration(398)) - Utilization for node 27804612-680c-46c1-ac34-1564025500b6 with capacity 150323855360B, used 30064771072B, and remaining 120259084288B is 0.2
2023-06-21 17:31:33,354 [main] DEBUG balancer.ContainerBalancerTask (ContainerBalancerTask.java:initializeIteration(398)) - Utilization for node 085849ae-9e8f-4d0b-940b-e1fb286c907c with capacity 375809638400B, used 37580963840B, and remaining 338228674560B is 0.1
2023-06-21 17:31:33,354 [main] DEBUG balancer.ContainerBalancerTask (ContainerBalancerTask.java:initializeIteration(398)) - Utilization for node c49af212-2b4e-4bd4-b503-6cc4f4e13722 with capacity 38654705664B, used 0B, and remaining 38654705664B is 0.0
2023-06-21 17:31:33,354 [main] INFO  balancer.ContainerBalancerTask (ContainerBalancerTask.java:initializeIteration(443)) - Did not find any unbalanced Datanodes.
2023-06-21 17:31:33,354 [main] INFO  balancer.ContainerBalancerTask (ContainerBalancerTask.java:tryStopWithSaveConfiguration(308)) - Save Configuration for stopping. Reason: Could not initialize ContainerBalancer's iteration number 0
2023-06-21 17:31:33,355 [main] DEBUG balancer.ContainerBalancerTask (ContainerBalancerTask.java:initializeIteration(374)) - Average utilization of the cluster is 0.35306711941381913
2023-06-21 17:31:33,355 [main] DEBUG balancer.ContainerBalancerTask (ContainerBalancerTask.java:initializeIteration(386)) - Lower limit for utilization is 0.097878262987308 and Upper limit for utilization is 0.6082559758403303
2023-06-21 17:31:33,355 [main] DEBUG balancer.ContainerBalancerTask (ContainerBalancerTask.java:initializeIteration(398)) - Utilization for node 01efa234-f908-4c2b-ab0c-194903419a33 with capacity 72775834737B, used 65498251264B, and remaining 7277583473B is 0.9000000000096186
2023-06-21 17:31:33,355 [main] DEBUG balancer.ContainerBalancerTask (ContainerBalancerTask.java:initializeIteration(398)) - Utilization for node 321c84d4-14b7-4af7-906c-e1c1bbae619c with capacity 84557168640B, used 67645734912B, and remaining 16911433728B is 0.8
2023-06-21 17:31:33,355 [main] DEBUG balancer.ContainerBalancerTask (ContainerBalancerTask.java:initializeIteration(398)) - Utilization for node 9246defe-2693-4dab-945d-efd9dd561743 with capacity 87433262811B, used 61203283968B, and remaining 26229978843B is 0.7000000000034312
2023-06-21 17:31:33,355 [main] DEBUG balancer.ContainerBalancerTask (ContainerBalancerTask.java:initializeIteration(398)) - Utilization for node ca4df368-9957-4e8c-8166-de1bf6393313 with capacity 71582788266B, used 42949672960B, and remaining 28633115306B is 0.600000000005588
2023-06-21 17:31:33,355 [main] DEBUG balancer.ContainerBalancerTask (ContainerBalancerTask.java:initializeIteration(398)) - Utilization for node 40942551-d097-4969-9a85-9af0ec1541f4 with capacity 53687091200B, used 26843545600B, and remaining 26843545600B is 0.5
2023-06-21 17:31:33,355 [main] DEBUG balancer.ContainerBalancerTask (ContainerBalancerTask.java:initializeIteration(398)) - Utilization for node fd4dd60a-8bfd-4264-b2bb-fbfc3c54b0cc with capacity 88583700480B, used 35433480192B, and remaining 53150220288B is 0.4
2023-06-21 17:31:33,355 [main] DEBUG balancer.ContainerBalancerTask (ContainerBalancerTask.java:initializeIteration(398)) - Utilization for node 36d3431a-12b9-444e-b99f-4b34fd89578e with capacity 110953321813B, used 33285996544B, and remaining 77667325269B is 0.30000000000090127
2023-06-21 17:31:33,355 [main] DEBUG balancer.ContainerBalancerTask (ContainerBalancerTask.java:initializeIteration(398)) - Utilization for node 27804612-680c-46c1-ac34-1564025500b6 with capacity 150323855360B, used 30064771072B, and remaining 120259084288B is 0.2
2023-06-21 17:31:33,355 [main] DEBUG balancer.ContainerBalancerTask (ContainerBalancerTask.java:initializeIteration(398)) - Utilization for node 085849ae-9e8f-4d0b-940b-e1fb286c907c with capacity 375809638400B, used 37580963840B, and remaining 338228674560B is 0.1
2023-06-21 17:31:33,355 [main] DEBUG balancer.ContainerBalancerTask (ContainerBalancerTask.java:initializeIteration(398)) - Utilization for node c49af212-2b4e-4bd4-b503-6cc4f4e13722 with capacity 38654705664B, used 0B, and remaining 38654705664B is 0.0
2023-06-21 17:31:33,356 [main] INFO  balancer.ContainerBalancerTask (ContainerBalancerTask.java:initializeIteration(447)) - Container Balancer has identified 3 Over-Utilized and 1 Under-Utilized Datanodes that need to be balanced.
2023-06-21 17:31:33,356 [main] DEBUG balancer.ContainerBalancerTask (ContainerBalancerTask.java:lambda$initializeIteration$1(453)) - Datanode localhost-100.204.26.254 01efa234-f908-4c2b-ab0c-194903419a33 is Over-Utilized.
2023-06-21 17:31:33,356 [main] DEBUG balancer.ContainerBalancerTask (ContainerBalancerTask.java:lambda$initializeIteration$1(453)) - Datanode localhost-226.119.138.44 321c84d4-14b7-4af7-906c-e1c1bbae619c is Over-Utilized.
2023-06-21 17:31:33,356 [main] DEBUG balancer.ContainerBalancerTask (ContainerBalancerTask.java:lambda$initializeIteration$1(453)) - Datanode localhost-64.79.142.244 9246defe-2693-4dab-945d-efd9dd561743 is Over-Utilized.
2023-06-21 17:31:33,356 [main] DEBUG balancer.ContainerBalancerTask (ContainerBalancerTask.java:lambda$initializeIteration$2(459)) - Datanode localhost-188.82.244.62 c49af212-2b4e-4bd4-b503-6cc4f4e13722 is Under-Utilized.
2023-06-21 17:31:33,358 [main] DEBUG balancer.ContainerBalancerTask (ContainerBalancerTask.java:matchSourceWithTarget(706)) - ContainerBalancer is finding suitable target for source datanode 01efa234-f908-4c2b-ab0c-194903419a33
2023-06-21 17:31:33,359 [main] INFO  balancer.ContainerBalancerTask (ContainerBalancerTask.java:matchSourceWithTarget(720)) - ContainerBalancer matched source datanode 01efa234-f908-4c2b-ab0c-194903419a33 with target datanode c49af212-2b4e-4bd4-b503-6cc4f4e13722 for container move.
2023-06-21 17:31:33,359 [main] INFO  balancer.ContainerBalancerTask (ContainerBalancerTask.java:processMoveSelection(569)) - ContainerBalancer is trying to move container #85 with size 5368709120B from source datanode 01efa234-f908-4c2b-ab0c-194903419a33 to target datanode c49af212-2b4e-4bd4-b503-6cc4f4e13722
2023-06-21 17:31:33,359 [main] DEBUG balancer.ContainerBalancerTask (ContainerBalancerTask.java:lambda$moveContainer$3(834)) - Container move completed for container #85 from source 01efa234-f908-4c2b-ab0c-194903419a33 to target c49af212-2b4e-4bd4-b503-6cc4f4e13722
2023-06-21 17:31:33,362 [main] DEBUG balancer.ContainerBalancerTask (ContainerBalancerTask.java:matchSourceWithTarget(706)) - ContainerBalancer is finding suitable target for source datanode 01efa234-f908-4c2b-ab0c-194903419a33
2023-06-21 17:31:33,362 [main] INFO  balancer.ContainerBalancerTask (ContainerBalancerTask.java:matchSourceWithTarget(720)) - ContainerBalancer matched source datanode 01efa234-f908-4c2b-ab0c-194903419a33 with target datanode c49af212-2b4e-4bd4-b503-6cc4f4e13722 for container move.
2023-06-21 17:31:33,362 [main] INFO  balancer.ContainerBalancerTask (ContainerBalancerTask.java:processMoveSelection(569)) - ContainerBalancer is trying to move container #68 with size 5368709120B from source datanode 01efa234-f908-4c2b-ab0c-194903419a33 to target datanode c49af212-2b4e-4bd4-b503-6cc4f4e13722
2023-06-21 17:31:33,362 [main] DEBUG balancer.ContainerBalancerTask (ContainerBalancerTask.java:lambda$moveContainer$3(834)) - Container move completed for container #68 from source 01efa234-f908-4c2b-ab0c-194903419a33 to target c49af212-2b4e-4bd4-b503-6cc4f4e13722
2023-06-21 17:31:33,365 [main] DEBUG balancer.ContainerBalancerTask (ContainerBalancerTask.java:matchSourceWithTarget(706)) - ContainerBalancer is finding suitable target for source datanode 321c84d4-14b7-4af7-906c-e1c1bbae619c
2023-06-21 17:31:33,365 [main] INFO  balancer.ContainerBalancerTask (ContainerBalancerTask.java:matchSourceWithTarget(720)) - ContainerBalancer matched source datanode 321c84d4-14b7-4af7-906c-e1c1bbae619c with target datanode c49af212-2b4e-4bd4-b503-6cc4f4e13722 for container move.
2023-06-21 17:31:33,365 [main] INFO  balancer.ContainerBalancerTask (ContainerBalancerTask.java:processMoveSelection(569)) - ContainerBalancer is trying to move container #53 with size 5368709120B from source datanode 321c84d4-14b7-4af7-906c-e1c1bbae619c to target datanode c49af212-2b4e-4bd4-b503-6cc4f4e13722
2023-06-21 17:31:33,365 [main] DEBUG balancer.ContainerBalancerTask (ContainerBalancerTask.java:lambda$moveContainer$3(834)) - Container move completed for container #53 from source 321c84d4-14b7-4af7-906c-e1c1bbae619c to target c49af212-2b4e-4bd4-b503-6cc4f4e13722
2023-06-21 17:31:33,368 [main] DEBUG balancer.ContainerBalancerTask (ContainerBalancerTask.java:matchSourceWithTarget(706)) - ContainerBalancer is finding suitable target for source datanode 01efa234-f908-4c2b-ab0c-194903419a33
2023-06-21 17:31:33,368 [main] INFO  balancer.ContainerBalancerTask (ContainerBalancerTask.java:matchSourceWithTarget(720)) - ContainerBalancer matched source datanode 01efa234-f908-4c2b-ab0c-194903419a33 with target datanode c49af212-2b4e-4bd4-b503-6cc4f4e13722 for container move.
2023-06-21 17:31:33,368 [main] INFO  balancer.ContainerBalancerTask (ContainerBalancerTask.java:processMoveSelection(569)) - ContainerBalancer is trying to move container #40 with size 5368709120B from source datanode 01efa234-f908-4c2b-ab0c-194903419a33 to target datanode c49af212-2b4e-4bd4-b503-6cc4f4e13722
2023-06-21 17:31:33,368 [main] DEBUG balancer.ContainerBalancerTask (ContainerBalancerTask.java:lambda$moveContainer$3(834)) - Container move completed for container #40 from source 01efa234-f908-4c2b-ab0c-194903419a33 to target c49af212-2b4e-4bd4-b503-6cc4f4e13722
2023-06-21 17:31:33,371 [main] DEBUG balancer.ContainerBalancerTask (ContainerBalancerTask.java:matchSourceWithTarget(706)) - ContainerBalancer is finding suitable target for source datanode 321c84d4-14b7-4af7-906c-e1c1bbae619c
2023-06-21 17:31:33,372 [main] INFO  balancer.ContainerBalancerTask (ContainerBalancerTask.java:matchSourceWithTarget(720)) - ContainerBalancer matched source datanode 321c84d4-14b7-4af7-906c-e1c1bbae619c with target datanode c49af212-2b4e-4bd4-b503-6cc4f4e13722 for container move.
2023-06-21 17:31:33,372 [main] INFO  balancer.ContainerBalancerTask (ContainerBalancerTask.java:processMoveSelection(569)) - ContainerBalancer is trying to move container #69 with size 1073741824B from source datanode 321c84d4-14b7-4af7-906c-e1c1bbae619c to target datanode c49af212-2b4e-4bd4-b503-6cc4f4e13722
2023-06-21 17:31:33,372 [main] DEBUG balancer.ContainerBalancerTask (ContainerBalancerTask.java:lambda$moveContainer$3(834)) - Container move completed for container #69 from source 321c84d4-14b7-4af7-906c-e1c1bbae619c to target c49af212-2b4e-4bd4-b503-6cc4f4e13722
2023-06-21 17:31:33,375 [main] DEBUG balancer.ContainerBalancerTask (ContainerBalancerTask.java:matchSourceWithTarget(706)) - ContainerBalancer is finding suitable target for source datanode 321c84d4-14b7-4af7-906c-e1c1bbae619c
2023-06-21 17:31:33,375 [main] INFO  balancer.FindTargetGreedyByUsageInfo (AbstractFindTargetGreedy.java:findTargetForContainerMove(133)) - Container Balancer could not find a target for source datanode 321c84d4-14b7-4af7-906c-e1c1bbae619c
2023-06-21 17:31:33,376 [main] DEBUG balancer.ContainerBalancerTask (ContainerBalancerTask.java:matchSourceWithTarget(715)) - ContainerBalancer could not find a suitable target for source node 321c84d4-14b7-4af7-906c-e1c1bbae619c.
2023-06-21 17:31:33,378 [main] DEBUG balancer.ContainerBalancerTask (ContainerBalancerTask.java:matchSourceWithTarget(706)) - ContainerBalancer is finding suitable target for source datanode 9246defe-2693-4dab-945d-efd9dd561743
2023-06-21 17:31:33,379 [main] INFO  balancer.FindTargetGreedyByUsageInfo (AbstractFindTargetGreedy.java:findTargetForContainerMove(133)) - Container Balancer could not find a target for source datanode 9246defe-2693-4dab-945d-efd9dd561743
2023-06-21 17:31:33,379 [main] DEBUG balancer.ContainerBalancerTask (ContainerBalancerTask.java:matchSourceWithTarget(715)) - ContainerBalancer could not find a suitable target for source node 9246defe-2693-4dab-945d-efd9dd561743.
2023-06-21 17:31:33,382 [main] DEBUG balancer.ContainerBalancerTask (ContainerBalancerTask.java:matchSourceWithTarget(706)) - ContainerBalancer is finding suitable target for source datanode 01efa234-f908-4c2b-ab0c-194903419a33
2023-06-21 17:31:33,383 [main] INFO  balancer.FindTargetGreedyByUsageInfo (AbstractFindTargetGreedy.java:findTargetForContainerMove(133)) - Container Balancer could not find a target for source datanode 01efa234-f908-4c2b-ab0c-194903419a33
2023-06-21 17:31:33,383 [main] DEBUG balancer.ContainerBalancerTask (ContainerBalancerTask.java:matchSourceWithTarget(715)) - ContainerBalancer could not find a suitable target for source node 01efa234-f908-4c2b-ab0c-194903419a33.
2023-06-21 17:31:33,383 [main] INFO  balancer.FindSourceGreedy (FindSourceGreedy.java:getNextCandidateSourceDataNode(126)) - no more candidate source data node
2023-06-21 17:31:33,383 [main] INFO  balancer.ContainerBalancerTask (ContainerBalancerTask.java:checkIterationMoveResults(640)) - Iteration Summary. Number of Datanodes involved: 3. Size moved: 21 GB (22548578304 Bytes). Number of Container moves completed: 5.
2023-06-21 17:31:33,383 [main] INFO  balancer.ContainerBalancerTask (ContainerBalancerTask.java:balance(259)) - Result of this iteration of Container Balancer: ITERATION_COMPLETED
2023-06-21 17:31:33,383 [main] INFO  balancer.ContainerBalancerTask (ContainerBalancerTask.java:tryStopWithSaveConfiguration(308)) - Save Configuration for stopping. Reason: Completed all iterations.
2023-06-21 17:31:33,384 [main] DEBUG balancer.ContainerBalancerTask (ContainerBalancerTask.java:initializeIteration(374)) - Average utilization of the cluster is 0.35306711941381913
2023-06-21 17:31:33,384 [main] DEBUG balancer.ContainerBalancerTask (ContainerBalancerTask.java:initializeIteration(386)) - Lower limit for utilization is 0.28176339259509203 and Upper limit for utilization is 0.42437084623254623
2023-06-21 17:31:33,384 [main] DEBUG balancer.ContainerBalancerTask (ContainerBalancerTask.java:initializeIteration(398)) - Utilization for node 01efa234-f908-4c2b-ab0c-194903419a33 with capacity 72775834737B, used 65498251264B, and remaining 7277583473B is 0.9000000000096186
2023-06-21 17:31:33,384 [main] DEBUG balancer.ContainerBalancerTask (ContainerBalancerTask.java:initializeIteration(398)) - Utilization for node 321c84d4-14b7-4af7-906c-e1c1bbae619c with capacity 84557168640B, used 67645734912B, and remaining 16911433728B is 0.8
2023-06-21 17:31:33,384 [main] DEBUG balancer.ContainerBalancerTask (ContainerBalancerTask.java:initializeIteration(398)) - Utilization for node 9246defe-2693-4dab-945d-efd9dd561743 with capacity 87433262811B, used 61203283968B, and remaining 26229978843B is 0.7000000000034312
2023-06-21 17:31:33,384 [main] DEBUG balancer.ContainerBalancerTask (ContainerBalancerTask.java:initializeIteration(398)) - Utilization for node ca4df368-9957-4e8c-8166-de1bf6393313 with capacity 71582788266B, used 42949672960B, and remaining 28633115306B is 0.600000000005588
2023-06-21 17:31:33,384 [main] DEBUG balancer.ContainerBalancerTask (ContainerBalancerTask.java:initializeIteration(398)) - Utilization for node 40942551-d097-4969-9a85-9af0ec1541f4 with capacity 53687091200B, used 26843545600B, and remaining 26843545600B is 0.5
2023-06-21 17:31:33,384 [main] DEBUG balancer.ContainerBalancerTask (ContainerBalancerTask.java:initializeIteration(398)) - Utilization for node fd4dd60a-8bfd-4264-b2bb-fbfc3c54b0cc with capacity 88583700480B, used 35433480192B, and remaining 53150220288B is 0.4
2023-06-21 17:31:33,384 [main] DEBUG balancer.ContainerBalancerTask (ContainerBalancerTask.java:initializeIteration(398)) - Utilization for node 36d3431a-12b9-444e-b99f-4b34fd89578e with capacity 110953321813B, used 33285996544B, and remaining 77667325269B is 0.30000000000090127
2023-06-21 17:31:33,385 [main] DEBUG balancer.ContainerBalancerTask (ContainerBalancerTask.java:initializeIteration(398)) - Utilization for node 27804612-680c-46c1-ac34-1564025500b6 with capacity 150323855360B, used 30064771072B, and remaining 120259084288B is 0.2
2023-06-21 17:31:33,385 [main] DEBUG balancer.ContainerBalancerTask (ContainerBalancerTask.java:initializeIteration(398)) - Utilization for node 085849ae-9e8f-4d0b-940b-e1fb286c907c with capacity 375809638400B, used 37580963840B, and remaining 338228674560B is 0.1
2023-06-21 17:31:33,385 [main] DEBUG balancer.ContainerBalancerTask (ContainerBalancerTask.java:initializeIteration(398)) - Utilization for node c49af212-2b4e-4bd4-b503-6cc4f4e13722 with capacity 38654705664B, used 0B, and remaining 38654705664B is 0.0
2023-06-21 17:31:33,385 [main] INFO  balancer.ContainerBalancerTask (ContainerBalancerTask.java:initializeIteration(447)) - Container Balancer has identified 5 Over-Utilized and 3 Under-Utilized Datanodes that need to be balanced.
2023-06-21 17:31:33,385 [main] DEBUG balancer.ContainerBalancerTask (ContainerBalancerTask.java:lambda$initializeIteration$1(453)) - Datanode localhost-100.204.26.254 01efa234-f908-4c2b-ab0c-194903419a33 is Over-Utilized.
2023-06-21 17:31:33,385 [main] DEBUG balancer.ContainerBalancerTask (ContainerBalancerTask.java:lambda$initializeIteration$1(453)) - Datanode localhost-226.119.138.44 321c84d4-14b7-4af7-906c-e1c1bbae619c is Over-Utilized.
2023-06-21 17:31:33,385 [main] DEBUG balancer.ContainerBalancerTask (ContainerBalancerTask.java:lambda$initializeIteration$1(453)) - Datanode localhost-64.79.142.244 9246defe-2693-4dab-945d-efd9dd561743 is Over-Utilized.
2023-06-21 17:31:33,385 [main] DEBUG balancer.ContainerBalancerTask (ContainerBalancerTask.java:lambda$initializeIteration$1(453)) - Datanode localhost-106.240.243.44 ca4df368-9957-4e8c-8166-de1bf6393313 is Over-Utilized.
2023-06-21 17:31:33,385 [main] DEBUG balancer.ContainerBalancerTask (ContainerBalancerTask.java:lambda$initializeIteration$1(453)) - Datanode localhost-238.211.130.222 40942551-d097-4969-9a85-9af0ec1541f4 is Over-Utilized.
2023-06-21 17:31:33,385 [main] DEBUG balancer.ContainerBalancerTask (ContainerBalancerTask.java:lambda$initializeIteration$2(459)) - Datanode localhost-188.82.244.62 c49af212-2b4e-4bd4-b503-6cc4f4e13722 is Under-Utilized.
2023-06-21 17:31:33,385 [main] DEBUG balancer.ContainerBalancerTask (ContainerBalancerTask.java:lambda$initializeIteration$2(459)) - Datanode localhost-118.77.193.207 085849ae-9e8f-4d0b-940b-e1fb286c907c is Under-Utilized.
2023-06-21 17:31:33,385 [main] DEBUG balancer.ContainerBalancerTask (ContainerBalancerTask.java:lambda$initializeIteration$2(459)) - Datanode localhost-121.86.50.47 27804612-680c-46c1-ac34-1564025500b6 is Under-Utilized.
2023-06-21 17:31:33,388 [main] DEBUG balancer.ContainerBalancerTask (ContainerBalancerTask.java:matchSourceWithTarget(706)) - ContainerBalancer is finding suitable target for source datanode 01efa234-f908-4c2b-ab0c-194903419a33
2023-06-21 17:31:33,388 [main] INFO  balancer.ContainerBalancerTask (ContainerBalancerTask.java:matchSourceWithTarget(720)) - ContainerBalancer matched source datanode 01efa234-f908-4c2b-ab0c-194903419a33 with target datanode c49af212-2b4e-4bd4-b503-6cc4f4e13722 for container move.
2023-06-21 17:31:33,388 [main] INFO  balancer.ContainerBalancerTask (ContainerBalancerTask.java:processMoveSelection(569)) - ContainerBalancer is trying to move container #85 with size 5368709120B from source datanode 01efa234-f908-4c2b-ab0c-194903419a33 to target datanode c49af212-2b4e-4bd4-b503-6cc4f4e13722
2023-06-21 17:31:33,389 [main] DEBUG balancer.ContainerBalancerTask (ContainerBalancerTask.java:lambda$moveContainer$3(834)) - Container move completed for container #85 from source 01efa234-f908-4c2b-ab0c-194903419a33 to target c49af212-2b4e-4bd4-b503-6cc4f4e13722
2023-06-21 17:31:33,391 [main] DEBUG balancer.ContainerBalancerTask (ContainerBalancerTask.java:matchSourceWithTarget(706)) - ContainerBalancer is finding suitable target for source datanode 01efa234-f908-4c2b-ab0c-194903419a33
2023-06-21 17:31:33,391 [main] INFO  balancer.ContainerBalancerTask (ContainerBalancerTask.java:matchSourceWithTarget(720)) - ContainerBalancer matched source datanode 01efa234-f908-4c2b-ab0c-194903419a33 with target datanode 085849ae-9e8f-4d0b-940b-e1fb286c907c for container move.
2023-06-21 17:31:33,391 [main] INFO  balancer.ContainerBalancerTask (ContainerBalancerTask.java:processMoveSelection(569)) - ContainerBalancer is trying to move container #68 with size 5368709120B from source datanode 01efa234-f908-4c2b-ab0c-194903419a33 to target datanode 085849ae-9e8f-4d0b-940b-e1fb286c907c
2023-06-21 17:31:33,392 [main] DEBUG balancer.ContainerBalancerTask (ContainerBalancerTask.java:lambda$moveContainer$3(834)) - Container move completed for container #68 from source 01efa234-f908-4c2b-ab0c-194903419a33 to target 085849ae-9e8f-4d0b-940b-e1fb286c907c
2023-06-21 17:31:33,394 [main] DEBUG balancer.ContainerBalancerTask (ContainerBalancerTask.java:matchSourceWithTarget(706)) - ContainerBalancer is finding suitable target for source datanode 321c84d4-14b7-4af7-906c-e1c1bbae619c
2023-06-21 17:31:33,395 [main] INFO  balancer.ContainerBalancerTask (ContainerBalancerTask.java:matchSourceWithTarget(720)) - ContainerBalancer matched source datanode 321c84d4-14b7-4af7-906c-e1c1bbae619c with target datanode 085849ae-9e8f-4d0b-940b-e1fb286c907c for container move.
2023-06-21 17:31:33,395 [main] INFO  balancer.ContainerBalancerTask (ContainerBalancerTask.java:processMoveSelection(569)) - ContainerBalancer is trying to move container #53 with size 5368709120B from source datanode 321c84d4-14b7-4af7-906c-e1c1bbae619c to target datanode 085849ae-9e8f-4d0b-940b-e1fb286c907c
2023-06-21 17:31:33,395 [main] DEBUG balancer.ContainerBalancerTask (ContainerBalancerTask.java:lambda$moveContainer$3(834)) - Container move completed for container #53 from source 321c84d4-14b7-4af7-906c-e1c1bbae619c to target 085849ae-9e8f-4d0b-940b-e1fb286c907c
2023-06-21 17:31:33,397 [main] DEBUG balancer.ContainerBalancerTask (ContainerBalancerTask.java:matchSourceWithTarget(706)) - ContainerBalancer is finding suitable target for source datanode 01efa234-f908-4c2b-ab0c-194903419a33
2023-06-21 17:31:33,398 [main] INFO  balancer.ContainerBalancerTask (ContainerBalancerTask.java:matchSourceWithTarget(720)) - ContainerBalancer matched source datanode 01efa234-f908-4c2b-ab0c-194903419a33 with target datanode 085849ae-9e8f-4d0b-940b-e1fb286c907c for container move.
2023-06-21 17:31:33,398 [main] INFO  balancer.ContainerBalancerTask (ContainerBalancerTask.java:processMoveSelection(569)) - ContainerBalancer is trying to move container #40 with size 5368709120B from source datanode 01efa234-f908-4c2b-ab0c-194903419a33 to target datanode 085849ae-9e8f-4d0b-940b-e1fb286c907c
2023-06-21 17:31:33,398 [main] DEBUG balancer.ContainerBalancerTask (ContainerBalancerTask.java:lambda$moveContainer$3(834)) - Container move completed for container #40 from source 01efa234-f908-4c2b-ab0c-194903419a33 to target 085849ae-9e8f-4d0b-940b-e1fb286c907c
2023-06-21 17:31:33,401 [main] DEBUG balancer.ContainerBalancerTask (ContainerBalancerTask.java:matchSourceWithTarget(706)) - ContainerBalancer is finding suitable target for source datanode 321c84d4-14b7-4af7-906c-e1c1bbae619c
2023-06-21 17:31:33,401 [main] INFO  balancer.ContainerBalancerTask (ContainerBalancerTask.java:matchSourceWithTarget(720)) - ContainerBalancer matched source datanode 321c84d4-14b7-4af7-906c-e1c1bbae619c with target datanode c49af212-2b4e-4bd4-b503-6cc4f4e13722 for container move.
2023-06-21 17:31:33,401 [main] INFO  balancer.ContainerBalancerTask (ContainerBalancerTask.java:processMoveSelection(569)) - ContainerBalancer is trying to move container #89 with size 4294967296B from source datanode 321c84d4-14b7-4af7-906c-e1c1bbae619c to target datanode c49af212-2b4e-4bd4-b503-6cc4f4e13722
2023-06-21 17:31:33,401 [main] DEBUG balancer.ContainerBalancerTask (ContainerBalancerTask.java:lambda$moveContainer$3(834)) - Container move completed for container #89 from source 321c84d4-14b7-4af7-906c-e1c1bbae619c to target c49af212-2b4e-4bd4-b503-6cc4f4e13722
2023-06-21 17:31:33,404 [main] DEBUG balancer.ContainerBalancerTask (ContainerBalancerTask.java:matchSourceWithTarget(706)) - ContainerBalancer is finding suitable target for source datanode 9246defe-2693-4dab-945d-efd9dd561743
2023-06-21 17:31:33,404 [main] INFO  balancer.ContainerBalancerTask (ContainerBalancerTask.java:matchSourceWithTarget(720)) - ContainerBalancer matched source datanode 9246defe-2693-4dab-945d-efd9dd561743 with target datanode 085849ae-9e8f-4d0b-940b-e1fb286c907c for container move.
2023-06-21 17:31:33,404 [main] INFO  balancer.ContainerBalancerTask (ContainerBalancerTask.java:processMoveSelection(569)) - ContainerBalancer is trying to move container #52 with size 4294967296B from source datanode 9246defe-2693-4dab-945d-efd9dd561743 to target datanode 085849ae-9e8f-4d0b-940b-e1fb286c907c
2023-06-21 17:31:33,404 [main] DEBUG balancer.ContainerBalancerTask (ContainerBalancerTask.java:lambda$moveContainer$3(834)) - Container move completed for container #52 from source 9246defe-2693-4dab-945d-efd9dd561743 to target 085849ae-9e8f-4d0b-940b-e1fb286c907c
2023-06-21 17:31:33,407 [main] DEBUG balancer.ContainerBalancerTask (ContainerBalancerTask.java:matchSourceWithTarget(706)) - ContainerBalancer is finding suitable target for source datanode 321c84d4-14b7-4af7-906c-e1c1bbae619c
2023-06-21 17:31:33,408 [main] INFO  balancer.ContainerBalancerTask (ContainerBalancerTask.java:matchSourceWithTarget(720)) - ContainerBalancer matched source datanode 321c84d4-14b7-4af7-906c-e1c1bbae619c with target datanode 085849ae-9e8f-4d0b-940b-e1fb286c907c for container move.
2023-06-21 17:31:33,408 [main] INFO  balancer.ContainerBalancerTask (ContainerBalancerTask.java:processMoveSelection(569)) - ContainerBalancer is trying to move container #39 with size 4294967296B from source datanode 321c84d4-14b7-4af7-906c-e1c1bbae619c to target datanode 085849ae-9e8f-4d0b-940b-e1fb286c907c
2023-06-21 17:31:33,408 [main] DEBUG balancer.ContainerBalancerTask (ContainerBalancerTask.java:lambda$moveContainer$3(834)) - Container move completed for container #39 from source 321c84d4-14b7-4af7-906c-e1c1bbae619c to target 085849ae-9e8f-4d0b-940b-e1fb286c907c
2023-06-21 17:31:33,411 [main] DEBUG balancer.ContainerBalancerTask (ContainerBalancerTask.java:matchSourceWithTarget(706)) - ContainerBalancer is finding suitable target for source datanode 01efa234-f908-4c2b-ab0c-194903419a33
2023-06-21 17:31:33,411 [main] INFO  balancer.ContainerBalancerTask (ContainerBalancerTask.java:matchSourceWithTarget(720)) - ContainerBalancer matched source datanode 01efa234-f908-4c2b-ab0c-194903419a33 with target datanode 085849ae-9e8f-4d0b-940b-e1fb286c907c for container move.
2023-06-21 17:31:33,411 [main] INFO  balancer.ContainerBalancerTask (ContainerBalancerTask.java:processMoveSelection(569)) - ContainerBalancer is trying to move container #84 with size 4294967296B from source datanode 01efa234-f908-4c2b-ab0c-194903419a33 to target datanode 085849ae-9e8f-4d0b-940b-e1fb286c907c
2023-06-21 17:31:33,411 [main] DEBUG balancer.ContainerBalancerTask (ContainerBalancerTask.java:lambda$moveContainer$3(834)) - Container move completed for container #84 from source 01efa234-f908-4c2b-ab0c-194903419a33 to target 085849ae-9e8f-4d0b-940b-e1fb286c907c
2023-06-21 17:31:33,414 [main] DEBUG balancer.ContainerBalancerTask (ContainerBalancerTask.java:matchSourceWithTarget(706)) - ContainerBalancer is finding suitable target for source datanode 9246defe-2693-4dab-945d-efd9dd561743
2023-06-21 17:31:33,414 [main] INFO  balancer.ContainerBalancerTask (ContainerBalancerTask.java:matchSourceWithTarget(720)) - ContainerBalancer matched source datanode 9246defe-2693-4dab-945d-efd9dd561743 with target datanode 085849ae-9e8f-4d0b-940b-e1fb286c907c for container move.
2023-06-21 17:31:33,415 [main] INFO  balancer.ContainerBalancerTask (ContainerBalancerTask.java:processMoveSelection(569)) - ContainerBalancer is trying to move container #88 with size 3221225472B from source datanode 9246defe-2693-4dab-945d-efd9dd561743 to target datanode 085849ae-9e8f-4d0b-940b-e1fb286c907c
2023-06-21 17:31:33,415 [main] DEBUG balancer.ContainerBalancerTask (ContainerBalancerTask.java:lambda$moveContainer$3(834)) - Container move completed for container #88 from source 9246defe-2693-4dab-945d-efd9dd561743 to target 085849ae-9e8f-4d0b-940b-e1fb286c907c
2023-06-21 17:31:33,418 [main] DEBUG balancer.ContainerBalancerTask (ContainerBalancerTask.java:matchSourceWithTarget(706)) - ContainerBalancer is finding suitable target for source datanode 321c84d4-14b7-4af7-906c-e1c1bbae619c
2023-06-21 17:31:33,418 [main] INFO  balancer.ContainerBalancerTask (ContainerBalancerTask.java:matchSourceWithTarget(720)) - ContainerBalancer matched source datanode 321c84d4-14b7-4af7-906c-e1c1bbae619c with target datanode 085849ae-9e8f-4d0b-940b-e1fb286c907c for container move.
2023-06-21 17:31:33,418 [main] INFO  balancer.ContainerBalancerTask (ContainerBalancerTask.java:processMoveSelection(569)) - ContainerBalancer is trying to move container #71 with size 3221225472B from source datanode 321c84d4-14b7-4af7-906c-e1c1bbae619c to target datanode 085849ae-9e8f-4d0b-940b-e1fb286c907c
2023-06-21 17:31:33,418 [main] DEBUG balancer.ContainerBalancerTask (ContainerBalancerTask.java:lambda$moveContainer$3(834)) - Container move completed for container #71 from source 321c84d4-14b7-4af7-906c-e1c1bbae619c to target 085849ae-9e8f-4d0b-940b-e1fb286c907c
2023-06-21 17:31:33,421 [main] DEBUG balancer.ContainerBalancerTask (ContainerBalancerTask.java:matchSourceWithTarget(706)) - ContainerBalancer is finding suitable target for source datanode 01efa234-f908-4c2b-ab0c-194903419a33
2023-06-21 17:31:33,422 [main] INFO  balancer.ContainerBalancerTask (ContainerBalancerTask.java:matchSourceWithTarget(720)) - ContainerBalancer matched source datanode 01efa234-f908-4c2b-ab0c-194903419a33 with target datanode 085849ae-9e8f-4d0b-940b-e1fb286c907c for container move.
2023-06-21 17:31:33,422 [main] INFO  balancer.ContainerBalancerTask (ContainerBalancerTask.java:processMoveSelection(569)) - ContainerBalancer is trying to move container #19 with size 4294967296B from source datanode 01efa234-f908-4c2b-ab0c-194903419a33 to target datanode 085849ae-9e8f-4d0b-940b-e1fb286c907c
2023-06-21 17:31:33,422 [main] DEBUG balancer.ContainerBalancerTask (ContainerBalancerTask.java:lambda$moveContainer$3(834)) - Container move completed for container #19 from source 01efa234-f908-4c2b-ab0c-194903419a33 to target 085849ae-9e8f-4d0b-940b-e1fb286c907c
2023-06-21 17:31:33,425 [main] DEBUG balancer.ContainerBalancerTask (ContainerBalancerTask.java:matchSourceWithTarget(706)) - ContainerBalancer is finding suitable target for source datanode 9246defe-2693-4dab-945d-efd9dd561743
2023-06-21 17:31:33,425 [main] INFO  balancer.ContainerBalancerTask (ContainerBalancerTask.java:matchSourceWithTarget(720)) - ContainerBalancer matched source datanode 9246defe-2693-4dab-945d-efd9dd561743 with target datanode 27804612-680c-46c1-ac34-1564025500b6 for container move.
2023-06-21 17:31:33,425 [main] INFO  balancer.ContainerBalancerTask (ContainerBalancerTask.java:processMoveSelection(569)) - ContainerBalancer is trying to move container #51 with size 3221225472B from source datanode 9246defe-2693-4dab-945d-efd9dd561743 to target datanode 27804612-680c-46c1-ac34-1564025500b6
2023-06-21 17:31:33,425 [main] DEBUG balancer.ContainerBalancerTask (ContainerBalancerTask.java:lambda$moveContainer$3(834)) - Container move completed for container #51 from source 9246defe-2693-4dab-945d-efd9dd561743 to target 27804612-680c-46c1-ac34-1564025500b6
2023-06-21 17:31:33,427 [main] DEBUG balancer.ContainerBalancerTask (ContainerBalancerTask.java:matchSourceWithTarget(706)) - ContainerBalancer is finding suitable target for source datanode ca4df368-9957-4e8c-8166-de1bf6393313
2023-06-21 17:31:33,427 [main] INFO  balancer.ContainerBalancerTask (ContainerBalancerTask.java:matchSourceWithTarget(720)) - ContainerBalancer matched source datanode ca4df368-9957-4e8c-8166-de1bf6393313 with target datanode 085849ae-9e8f-4d0b-940b-e1fb286c907c for container move.
2023-06-21 17:31:33,428 [main] INFO  balancer.ContainerBalancerTask (ContainerBalancerTask.java:processMoveSelection(569)) - ContainerBalancer is trying to move container #36 with size 1073741824B from source datanode ca4df368-9957-4e8c-8166-de1bf6393313 to target datanode 085849ae-9e8f-4d0b-940b-e1fb286c907c
2023-06-21 17:31:33,428 [main] DEBUG balancer.ContainerBalancerTask (ContainerBalancerTask.java:lambda$moveContainer$3(834)) - Container move completed for container #36 from source ca4df368-9957-4e8c-8166-de1bf6393313 to target 085849ae-9e8f-4d0b-940b-e1fb286c907c
2023-06-21 17:31:33,428 [main] WARN  balancer.ContainerBalancerTask (ContainerBalancerTask.java:reachedMaxSizeToMovePerIteration(731)) - Reached max size to move limit. 53687091200 bytes have already been scheduled for balancing and the limit is 53687091200 bytes.
2023-06-21 17:31:33,428 [main] INFO  balancer.ContainerBalancerTask (ContainerBalancerTask.java:checkIterationMoveResults(640)) - Iteration Summary. Number of Datanodes involved: 7. Size moved: 50 GB (53687091200 Bytes). Number of Container moves completed: 13.
2023-06-21 17:31:33,428 [main] INFO  balancer.ContainerBalancerTask (ContainerBalancerTask.java:balance(259)) - Result of this iteration of Container Balancer: ITERATION_COMPLETED
2023-06-21 17:31:33,428 [main] INFO  balancer.ContainerBalancerTask (ContainerBalancerTask.java:tryStopWithSaveConfiguration(308)) - Save Configuration for stopping. Reason: Completed all iterations.
2023-06-21 17:31:33,429 [main] DEBUG balancer.ContainerBalancerTask (ContainerBalancerTask.java:initializeIteration(374)) - Average utilization of the cluster is 0.35306711941381913
2023-06-21 17:31:33,429 [main] DEBUG balancer.ContainerBalancerTask (ContainerBalancerTask.java:initializeIteration(386)) - Lower limit for utilization is -0.4828165755467185 and Upper limit for utilization is 1.1889508143743568
2023-06-21 17:31:33,429 [main] DEBUG balancer.ContainerBalancerTask (ContainerBalancerTask.java:initializeIteration(398)) - Utilization for node 01efa234-f908-4c2b-ab0c-194903419a33 with capacity 72775834737B, used 65498251264B, and remaining 7277583473B is 0.9000000000096186
2023-06-21 17:31:33,429 [main] DEBUG balancer.ContainerBalancerTask (ContainerBalancerTask.java:initializeIteration(398)) - Utilization for node 321c84d4-14b7-4af7-906c-e1c1bbae619c with capacity 84557168640B, used 67645734912B, and remaining 16911433728B is 0.8
2023-06-21 17:31:33,429 [main] DEBUG balancer.ContainerBalancerTask (ContainerBalancerTask.java:initializeIteration(398)) - Utilization for node 9246defe-2693-4dab-945d-efd9dd561743 with capacity 87433262811B, used 61203283968B, and remaining 26229978843B is 0.7000000000034312
2023-06-21 17:31:33,429 [main] DEBUG balancer.ContainerBalancerTask (ContainerBalancerTask.java:initializeIteration(398)) - Utilization for node ca4df368-9957-4e8c-8166-de1bf6393313 with capacity 71582788266B, used 42949672960B, and remaining 28633115306B is 0.600000000005588
2023-06-21 17:31:33,429 [main] DEBUG balancer.ContainerBalancerTask (ContainerBalancerTask.java:initializeIteration(398)) - Utilization for node 40942551-d097-4969-9a85-9af0ec1541f4 with capacity 53687091200B, used 26843545600B, and remaining 26843545600B is 0.5
2023-06-21 17:31:33,429 [main] DEBUG balancer.ContainerBalancerTask (ContainerBalancerTask.java:initializeIteration(398)) - Utilization for node fd4dd60a-8bfd-4264-b2bb-fbfc3c54b0cc with capacity 88583700480B, used 35433480192B, and remaining 53150220288B is 0.4
2023-06-21 17:31:33,429 [main] DEBUG balancer.ContainerBalancerTask (ContainerBalancerTask.java:initializeIteration(398)) - Utilization for node 36d3431a-12b9-444e-b99f-4b34fd89578e with capacity 110953321813B, used 33285996544B, and remaining 77667325269B is 0.30000000000090127
2023-06-21 17:31:33,430 [main] DEBUG balancer.ContainerBalancerTask (ContainerBalancerTask.java:initializeIteration(398)) - Utilization for node 27804612-680c-46c1-ac34-1564025500b6 with capacity 150323855360B, used 30064771072B, and remaining 120259084288B is 0.2
2023-06-21 17:31:33,430 [main] DEBUG balancer.ContainerBalancerTask (ContainerBalancerTask.java:initializeIteration(398)) - Utilization for node 085849ae-9e8f-4d0b-940b-e1fb286c907c with capacity 375809638400B, used 37580963840B, and remaining 338228674560B is 0.1
2023-06-21 17:31:33,430 [main] DEBUG balancer.ContainerBalancerTask (ContainerBalancerTask.java:initializeIteration(398)) - Utilization for node c49af212-2b4e-4bd4-b503-6cc4f4e13722 with capacity 38654705664B, used 0B, and remaining 38654705664B is 0.0
2023-06-21 17:31:33,430 [main] INFO  balancer.ContainerBalancerTask (ContainerBalancerTask.java:initializeIteration(443)) - Did not find any unbalanced Datanodes.
2023-06-21 17:31:33,430 [main] INFO  balancer.ContainerBalancerTask (ContainerBalancerTask.java:tryStopWithSaveConfiguration(308)) - Save Configuration for stopping. Reason: Could not initialize ContainerBalancer's iteration number 0
2023-06-21 17:31:33,431 [main] DEBUG balancer.ContainerBalancerTask (ContainerBalancerTask.java:initializeIteration(374)) - Average utilization of the cluster is 0.35306711941381913
2023-06-21 17:31:33,431 [main] DEBUG balancer.ContainerBalancerTask (ContainerBalancerTask.java:initializeIteration(386)) - Lower limit for utilization is -0.4587575651017966 and Upper limit for utilization is 1.164891803929435
2023-06-21 17:31:33,431 [main] DEBUG balancer.ContainerBalancerTask (ContainerBalancerTask.java:initializeIteration(398)) - Utilization for node 01efa234-f908-4c2b-ab0c-194903419a33 with capacity 72775834737B, used 65498251264B, and remaining 7277583473B is 0.9000000000096186
2023-06-21 17:31:33,431 [main] DEBUG balancer.ContainerBalancerTask (ContainerBalancerTask.java:initializeIteration(398)) - Utilization for node 321c84d4-14b7-4af7-906c-e1c1bbae619c with capacity 84557168640B, used 67645734912B, and remaining 16911433728B is 0.8
2023-06-21 17:31:33,431 [main] DEBUG balancer.ContainerBalancerTask (ContainerBalancerTask.java:initializeIteration(398)) - Utilization for node 9246defe-2693-4dab-945d-efd9dd561743 with capacity 87433262811B, used 61203283968B, and remaining 26229978843B is 0.7000000000034312
2023-06-21 17:31:33,431 [main] DEBUG balancer.ContainerBalancerTask (ContainerBalancerTask.java:initializeIteration(398)) - Utilization for node ca4df368-9957-4e8c-8166-de1bf6393313 with capacity 71582788266B, used 42949672960B, and remaining 28633115306B is 0.600000000005588
2023-06-21 17:31:33,431 [main] DEBUG balancer.ContainerBalancerTask (ContainerBalancerTask.java:initializeIteration(398)) - Utilization for node 40942551-d097-4969-9a85-9af0ec1541f4 with capacity 53687091200B, used 26843545600B, and remaining 26843545600B is 0.5
2023-06-21 17:31:33,431 [main] DEBUG balancer.ContainerBalancerTask (ContainerBalancerTask.java:initializeIteration(398)) - Utilization for node fd4dd60a-8bfd-4264-b2bb-fbfc3c54b0cc with capacity 88583700480B, used 35433480192B, and remaining 53150220288B is 0.4
2023-06-21 17:31:33,431 [main] DEBUG balancer.ContainerBalancerTask (ContainerBalancerTask.java:initializeIteration(398)) - Utilization for node 36d3431a-12b9-444e-b99f-4b34fd89578e with capacity 110953321813B, used 33285996544B, and remaining 77667325269B is 0.30000000000090127
2023-06-21 17:31:33,431 [main] DEBUG balancer.ContainerBalancerTask (ContainerBalancerTask.java:initializeIteration(398)) - Utilization for node 27804612-680c-46c1-ac34-1564025500b6 with capacity 150323855360B, used 30064771072B, and remaining 120259084288B is 0.2
2023-06-21 17:31:33,431 [main] DEBUG balancer.ContainerBalancerTask (ContainerBalancerTask.java:initializeIteration(398)) - Utilization for node 085849ae-9e8f-4d0b-940b-e1fb286c907c with capacity 375809638400B, used 37580963840B, and remaining 338228674560B is 0.1
2023-06-21 17:31:33,431 [main] DEBUG balancer.ContainerBalancerTask (ContainerBalancerTask.java:initializeIteration(398)) - Utilization for node c49af212-2b4e-4bd4-b503-6cc4f4e13722 with capacity 38654705664B, used 0B, and remaining 38654705664B is 0.0
2023-06-21 17:31:33,432 [main] INFO  balancer.ContainerBalancerTask (ContainerBalancerTask.java:initializeIteration(443)) - Did not find any unbalanced Datanodes.
2023-06-21 17:31:33,432 [main] INFO  balancer.ContainerBalancerTask (ContainerBalancerTask.java:tryStopWithSaveConfiguration(308)) - Save Configuration for stopping. Reason: Could not initialize ContainerBalancer's iteration number 0
2023-06-21 17:31:33,432 [main] DEBUG balancer.ContainerBalancerTask (ContainerBalancerTask.java:initializeIteration(374)) - Average utilization of the cluster is 0.35306711941381913
2023-06-21 17:31:33,432 [main] DEBUG balancer.ContainerBalancerTask (ContainerBalancerTask.java:initializeIteration(386)) - Lower limit for utilization is -0.11426183100535292 and Upper limit for utilization is 0.8203960698329912
2023-06-21 17:31:33,432 [main] DEBUG balancer.ContainerBalancerTask (ContainerBalancerTask.java:initializeIteration(398)) - Utilization for node 01efa234-f908-4c2b-ab0c-194903419a33 with capacity 72775834737B, used 65498251264B, and remaining 7277583473B is 0.9000000000096186
2023-06-21 17:31:33,433 [main] DEBUG balancer.ContainerBalancerTask (ContainerBalancerTask.java:initializeIteration(398)) - Utilization for node 321c84d4-14b7-4af7-906c-e1c1bbae619c with capacity 84557168640B, used 67645734912B, and remaining 16911433728B is 0.8
2023-06-21 17:31:33,433 [main] DEBUG balancer.ContainerBalancerTask (ContainerBalancerTask.java:initializeIteration(398)) - Utilization for node 9246defe-2693-4dab-945d-efd9dd561743 with capacity 87433262811B, used 61203283968B, and remaining 26229978843B is 0.7000000000034312
2023-06-21 17:31:33,433 [main] DEBUG balancer.ContainerBalancerTask (ContainerBalancerTask.java:initializeIteration(398)) - Utilization for node ca4df368-9957-4e8c-8166-de1bf6393313 with capacity 71582788266B, used 42949672960B, and remaining 28633115306B is 0.600000000005588
2023-06-21 17:31:33,433 [main] DEBUG balancer.ContainerBalancerTask (ContainerBalancerTask.java:initializeIteration(398)) - Utilization for node 40942551-d097-4969-9a85-9af0ec1541f4 with capacity 53687091200B, used 26843545600B, and remaining 26843545600B is 0.5
2023-06-21 17:31:33,433 [main] DEBUG balancer.ContainerBalancerTask (ContainerBalancerTask.java:initializeIteration(398)) - Utilization for node fd4dd60a-8bfd-4264-b2bb-fbfc3c54b0cc with capacity 88583700480B, used 35433480192B, and remaining 53150220288B is 0.4
2023-06-21 17:31:33,433 [main] DEBUG balancer.ContainerBalancerTask (ContainerBalancerTask.java:initializeIteration(398)) - Utilization for node 36d3431a-12b9-444e-b99f-4b34fd89578e with capacity 110953321813B, used 33285996544B, and remaining 77667325269B is 0.30000000000090127
2023-06-21 17:31:33,433 [main] DEBUG balancer.ContainerBalancerTask (ContainerBalancerTask.java:initializeIteration(398)) - Utilization for node 27804612-680c-46c1-ac34-1564025500b6 with capacity 150323855360B, used 30064771072B, and remaining 120259084288B is 0.2
2023-06-21 17:31:33,433 [main] DEBUG balancer.ContainerBalancerTask (ContainerBalancerTask.java:initializeIteration(398)) - Utilization for node 085849ae-9e8f-4d0b-940b-e1fb286c907c with capacity 375809638400B, used 37580963840B, and remaining 338228674560B is 0.1
2023-06-21 17:31:33,433 [main] DEBUG balancer.ContainerBalancerTask (ContainerBalancerTask.java:initializeIteration(398)) - Utilization for node c49af212-2b4e-4bd4-b503-6cc4f4e13722 with capacity 38654705664B, used 0B, and remaining 38654705664B is 0.0
2023-06-21 17:31:33,433 [main] INFO  balancer.ContainerBalancerTask (ContainerBalancerTask.java:initializeIteration(447)) - Container Balancer has identified 1 Over-Utilized and 0 Under-Utilized Datanodes that need to be balanced.
2023-06-21 17:31:33,433 [main] DEBUG balancer.ContainerBalancerTask (ContainerBalancerTask.java:lambda$initializeIteration$1(453)) - Datanode localhost-100.204.26.254 01efa234-f908-4c2b-ab0c-194903419a33 is Over-Utilized.
2023-06-21 17:31:33,436 [main] DEBUG balancer.ContainerBalancerTask (ContainerBalancerTask.java:matchSourceWithTarget(706)) - ContainerBalancer is finding suitable target for source datanode 01efa234-f908-4c2b-ab0c-194903419a33
2023-06-21 17:31:33,436 [main] INFO  balancer.FindTargetGreedyByUsageInfo (AbstractFindTargetGreedy.java:findTargetForContainerMove(133)) - Container Balancer could not find a target for source datanode 01efa234-f908-4c2b-ab0c-194903419a33
2023-06-21 17:31:33,436 [main] DEBUG balancer.ContainerBalancerTask (ContainerBalancerTask.java:matchSourceWithTarget(715)) - ContainerBalancer could not find a suitable target for source node 01efa234-f908-4c2b-ab0c-194903419a33.
2023-06-21 17:31:33,436 [main] INFO  balancer.FindSourceGreedy (FindSourceGreedy.java:getNextCandidateSourceDataNode(126)) - no more candidate source data node
2023-06-21 17:31:33,436 [main] INFO  balancer.ContainerBalancerTask (ContainerBalancerTask.java:balance(259)) - Result of this iteration of Container Balancer: CAN_NOT_BALANCE_ANY_MORE
2023-06-21 17:31:33,436 [main] INFO  balancer.ContainerBalancerTask (ContainerBalancerTask.java:tryStopWithSaveConfiguration(308)) - Save Configuration for stopping. Reason: CAN_NOT_BALANCE_ANY_MORE
2023-06-21 17:31:33,437 [main] DEBUG balancer.ContainerBalancerTask (ContainerBalancerTask.java:initializeIteration(374)) - Average utilization of the cluster is 0.35306711941381913
2023-06-21 17:31:33,437 [main] DEBUG balancer.ContainerBalancerTask (ContainerBalancerTask.java:initializeIteration(386)) - Lower limit for utilization is -0.5593620217564128 and Upper limit for utilization is 1.265496260584051
2023-06-21 17:31:33,437 [main] DEBUG balancer.ContainerBalancerTask (ContainerBalancerTask.java:initializeIteration(398)) - Utilization for node 01efa234-f908-4c2b-ab0c-194903419a33 with capacity 72775834737B, used 65498251264B, and remaining 7277583473B is 0.9000000000096186
2023-06-21 17:31:33,437 [main] DEBUG balancer.ContainerBalancerTask (ContainerBalancerTask.java:initializeIteration(398)) - Utilization for node 321c84d4-14b7-4af7-906c-e1c1bbae619c with capacity 84557168640B, used 67645734912B, and remaining 16911433728B is 0.8
2023-06-21 17:31:33,437 [main] DEBUG balancer.ContainerBalancerTask (ContainerBalancerTask.java:initializeIteration(398)) - Utilization for node 9246defe-2693-4dab-945d-efd9dd561743 with capacity 87433262811B, used 61203283968B, and remaining 26229978843B is 0.7000000000034312
2023-06-21 17:31:33,437 [main] DEBUG balancer.ContainerBalancerTask (ContainerBalancerTask.java:initializeIteration(398)) - Utilization for node ca4df368-9957-4e8c-8166-de1bf6393313 with capacity 71582788266B, used 42949672960B, and remaining 28633115306B is 0.600000000005588
2023-06-21 17:31:33,437 [main] DEBUG balancer.ContainerBalancerTask (ContainerBalancerTask.java:initializeIteration(398)) - Utilization for node 40942551-d097-4969-9a85-9af0ec1541f4 with capacity 53687091200B, used 26843545600B, and remaining 26843545600B is 0.5
2023-06-21 17:31:33,438 [main] DEBUG balancer.ContainerBalancerTask (ContainerBalancerTask.java:initializeIteration(398)) - Utilization for node fd4dd60a-8bfd-4264-b2bb-fbfc3c54b0cc with capacity 88583700480B, used 35433480192B, and remaining 53150220288B is 0.4
2023-06-21 17:31:33,438 [main] DEBUG balancer.ContainerBalancerTask (ContainerBalancerTask.java:initializeIteration(398)) - Utilization for node 36d3431a-12b9-444e-b99f-4b34fd89578e with capacity 110953321813B, used 33285996544B, and remaining 77667325269B is 0.30000000000090127
2023-06-21 17:31:33,438 [main] DEBUG balancer.ContainerBalancerTask (ContainerBalancerTask.java:initializeIteration(398)) - Utilization for node 27804612-680c-46c1-ac34-1564025500b6 with capacity 150323855360B, used 30064771072B, and remaining 120259084288B is 0.2
2023-06-21 17:31:33,438 [main] DEBUG balancer.ContainerBalancerTask (ContainerBalancerTask.java:initializeIteration(398)) - Utilization for node 085849ae-9e8f-4d0b-940b-e1fb286c907c with capacity 375809638400B, used 37580963840B, and remaining 338228674560B is 0.1
2023-06-21 17:31:33,438 [main] DEBUG balancer.ContainerBalancerTask (ContainerBalancerTask.java:initializeIteration(398)) - Utilization for node c49af212-2b4e-4bd4-b503-6cc4f4e13722 with capacity 38654705664B, used 0B, and remaining 38654705664B is 0.0
2023-06-21 17:31:33,438 [main] INFO  balancer.ContainerBalancerTask (ContainerBalancerTask.java:initializeIteration(443)) - Did not find any unbalanced Datanodes.
2023-06-21 17:31:33,438 [main] INFO  balancer.ContainerBalancerTask (ContainerBalancerTask.java:tryStopWithSaveConfiguration(308)) - Save Configuration for stopping. Reason: Could not initialize ContainerBalancer's iteration number 0
2023-06-21 17:31:33,439 [main] DEBUG balancer.ContainerBalancerTask (ContainerBalancerTask.java:initializeIteration(374)) - Average utilization of the cluster is 0.35306711941381913
2023-06-21 17:31:33,439 [main] DEBUG balancer.ContainerBalancerTask (ContainerBalancerTask.java:initializeIteration(386)) - Lower limit for utilization is -0.5277804676970079 and Upper limit for utilization is 1.2339147065246463
2023-06-21 17:31:33,439 [main] DEBUG balancer.ContainerBalancerTask (ContainerBalancerTask.java:initializeIteration(398)) - Utilization for node 01efa234-f908-4c2b-ab0c-194903419a33 with capacity 72775834737B, used 65498251264B, and remaining 7277583473B is 0.9000000000096186
2023-06-21 17:31:33,439 [main] DEBUG balancer.ContainerBalancerTask (ContainerBalancerTask.java:initializeIteration(398)) - Utilization for node 321c84d4-14b7-4af7-906c-e1c1bbae619c with capacity 84557168640B, used 67645734912B, and remaining 16911433728B is 0.8
2023-06-21 17:31:33,439 [main] DEBUG balancer.ContainerBalancerTask (ContainerBalancerTask.java:initializeIteration(398)) - Utilization for node 9246defe-2693-4dab-945d-efd9dd561743 with capacity 87433262811B, used 61203283968B, and remaining 26229978843B is 0.7000000000034312
2023-06-21 17:31:33,439 [main] DEBUG balancer.ContainerBalancerTask (ContainerBalancerTask.java:initializeIteration(398)) - Utilization for node ca4df368-9957-4e8c-8166-de1bf6393313 with capacity 71582788266B, used 42949672960B, and remaining 28633115306B is 0.600000000005588
2023-06-21 17:31:33,439 [main] DEBUG balancer.ContainerBalancerTask (ContainerBalancerTask.java:initializeIteration(398)) - Utilization for node 40942551-d097-4969-9a85-9af0ec1541f4 with capacity 53687091200B, used 26843545600B, and remaining 26843545600B is 0.5
2023-06-21 17:31:33,439 [main] DEBUG balancer.ContainerBalancerTask (ContainerBalancerTask.java:initializeIteration(398)) - Utilization for node fd4dd60a-8bfd-4264-b2bb-fbfc3c54b0cc with capacity 88583700480B, used 35433480192B, and remaining 53150220288B is 0.4
2023-06-21 17:31:33,439 [main] DEBUG balancer.ContainerBalancerTask (ContainerBalancerTask.java:initializeIteration(398)) - Utilization for node 36d3431a-12b9-444e-b99f-4b34fd89578e with capacity 110953321813B, used 33285996544B, and remaining 77667325269B is 0.30000000000090127
2023-06-21 17:31:33,439 [main] DEBUG balancer.ContainerBalancerTask (ContainerBalancerTask.java:initializeIteration(398)) - Utilization for node 27804612-680c-46c1-ac34-1564025500b6 with capacity 150323855360B, used 30064771072B, and remaining 120259084288B is 0.2
2023-06-21 17:31:33,439 [main] DEBUG balancer.ContainerBalancerTask (ContainerBalancerTask.java:initializeIteration(398)) - Utilization for node 085849ae-9e8f-4d0b-940b-e1fb286c907c with capacity 375809638400B, used 37580963840B, and remaining 338228674560B is 0.1
2023-06-21 17:31:33,439 [main] DEBUG balancer.ContainerBalancerTask (ContainerBalancerTask.java:initializeIteration(398)) - Utilization for node c49af212-2b4e-4bd4-b503-6cc4f4e13722 with capacity 38654705664B, used 0B, and remaining 38654705664B is 0.0
2023-06-21 17:31:33,440 [main] INFO  balancer.ContainerBalancerTask (ContainerBalancerTask.java:initializeIteration(443)) - Did not find any unbalanced Datanodes.
2023-06-21 17:31:33,440 [main] INFO  balancer.ContainerBalancerTask (ContainerBalancerTask.java:tryStopWithSaveConfiguration(308)) - Save Configuration for stopping. Reason: Could not initialize ContainerBalancer's iteration number 0
2023-06-21 17:31:33,440 [main] DEBUG balancer.ContainerBalancerTask (ContainerBalancerTask.java:initializeIteration(374)) - Average utilization of the cluster is 0.35306711941381913
2023-06-21 17:31:33,440 [main] DEBUG balancer.ContainerBalancerTask (ContainerBalancerTask.java:initializeIteration(386)) - Lower limit for utilization is -0.37544849280879383 and Upper limit for utilization is 1.0815827316364321
2023-06-21 17:31:33,440 [main] DEBUG balancer.ContainerBalancerTask (ContainerBalancerTask.java:initializeIteration(398)) - Utilization for node 01efa234-f908-4c2b-ab0c-194903419a33 with capacity 72775834737B, used 65498251264B, and remaining 7277583473B is 0.9000000000096186
2023-06-21 17:31:33,440 [main] DEBUG balancer.ContainerBalancerTask (ContainerBalancerTask.java:initializeIteration(398)) - Utilization for node 321c84d4-14b7-4af7-906c-e1c1bbae619c with capacity 84557168640B, used 67645734912B, and remaining 16911433728B is 0.8
2023-06-21 17:31:33,440 [main] DEBUG balancer.ContainerBalancerTask (ContainerBalancerTask.java:initializeIteration(398)) - Utilization for node 9246defe-2693-4dab-945d-efd9dd561743 with capacity 87433262811B, used 61203283968B, and remaining 26229978843B is 0.7000000000034312
2023-06-21 17:31:33,441 [main] DEBUG balancer.ContainerBalancerTask (ContainerBalancerTask.java:initializeIteration(398)) - Utilization for node ca4df368-9957-4e8c-8166-de1bf6393313 with capacity 71582788266B, used 42949672960B, and remaining 28633115306B is 0.600000000005588
2023-06-21 17:31:33,441 [main] DEBUG balancer.ContainerBalancerTask (ContainerBalancerTask.java:initializeIteration(398)) - Utilization for node 40942551-d097-4969-9a85-9af0ec1541f4 with capacity 53687091200B, used 26843545600B, and remaining 26843545600B is 0.5
2023-06-21 17:31:33,441 [main] DEBUG balancer.ContainerBalancerTask (ContainerBalancerTask.java:initializeIteration(398)) - Utilization for node fd4dd60a-8bfd-4264-b2bb-fbfc3c54b0cc with capacity 88583700480B, used 35433480192B, and remaining 53150220288B is 0.4
2023-06-21 17:31:33,441 [main] DEBUG balancer.ContainerBalancerTask (ContainerBalancerTask.java:initializeIteration(398)) - Utilization for node 36d3431a-12b9-444e-b99f-4b34fd89578e with capacity 110953321813B, used 33285996544B, and remaining 77667325269B is 0.30000000000090127
2023-06-21 17:31:33,441 [main] DEBUG balancer.ContainerBalancerTask (ContainerBalancerTask.java:initializeIteration(398)) - Utilization for node 27804612-680c-46c1-ac34-1564025500b6 with capacity 150323855360B, used 30064771072B, and remaining 120259084288B is 0.2
2023-06-21 17:31:33,441 [main] DEBUG balancer.ContainerBalancerTask (ContainerBalancerTask.java:initializeIteration(398)) - Utilization for node 085849ae-9e8f-4d0b-940b-e1fb286c907c with capacity 375809638400B, used 37580963840B, and remaining 338228674560B is 0.1
2023-06-21 17:31:33,441 [main] DEBUG balancer.ContainerBalancerTask (ContainerBalancerTask.java:initializeIteration(398)) - Utilization for node c49af212-2b4e-4bd4-b503-6cc4f4e13722 with capacity 38654705664B, used 0B, and remaining 38654705664B is 0.0
2023-06-21 17:31:33,441 [main] INFO  balancer.ContainerBalancerTask (ContainerBalancerTask.java:initializeIteration(443)) - Did not find any unbalanced Datanodes.
2023-06-21 17:31:33,441 [main] INFO  balancer.ContainerBalancerTask (ContainerBalancerTask.java:tryStopWithSaveConfiguration(308)) - Save Configuration for stopping. Reason: Could not initialize ContainerBalancer's iteration number 0
2023-06-21 17:31:33,442 [main] DEBUG balancer.ContainerBalancerTask (ContainerBalancerTask.java:initializeIteration(374)) - Average utilization of the cluster is 0.35306711941381913
2023-06-21 17:31:33,442 [main] DEBUG balancer.ContainerBalancerTask (ContainerBalancerTask.java:initializeIteration(386)) - Lower limit for utilization is 0.1342490750710032 and Upper limit for utilization is 0.5718851637566351
2023-06-21 17:31:33,442 [main] DEBUG balancer.ContainerBalancerTask (ContainerBalancerTask.java:initializeIteration(398)) - Utilization for node 01efa234-f908-4c2b-ab0c-194903419a33 with capacity 72775834737B, used 65498251264B, and remaining 7277583473B is 0.9000000000096186
2023-06-21 17:31:33,442 [main] DEBUG balancer.ContainerBalancerTask (ContainerBalancerTask.java:initializeIteration(398)) - Utilization for node 321c84d4-14b7-4af7-906c-e1c1bbae619c with capacity 84557168640B, used 67645734912B, and remaining 16911433728B is 0.8
2023-06-21 17:31:33,442 [main] DEBUG balancer.ContainerBalancerTask (ContainerBalancerTask.java:initializeIteration(398)) - Utilization for node 9246defe-2693-4dab-945d-efd9dd561743 with capacity 87433262811B, used 61203283968B, and remaining 26229978843B is 0.7000000000034312
2023-06-21 17:31:33,442 [main] DEBUG balancer.ContainerBalancerTask (ContainerBalancerTask.java:initializeIteration(398)) - Utilization for node ca4df368-9957-4e8c-8166-de1bf6393313 with capacity 71582788266B, used 42949672960B, and remaining 28633115306B is 0.600000000005588
2023-06-21 17:31:33,442 [main] DEBUG balancer.ContainerBalancerTask (ContainerBalancerTask.java:initializeIteration(398)) - Utilization for node 40942551-d097-4969-9a85-9af0ec1541f4 with capacity 53687091200B, used 26843545600B, and remaining 26843545600B is 0.5
2023-06-21 17:31:33,442 [main] DEBUG balancer.ContainerBalancerTask (ContainerBalancerTask.java:initializeIteration(398)) - Utilization for node fd4dd60a-8bfd-4264-b2bb-fbfc3c54b0cc with capacity 88583700480B, used 35433480192B, and remaining 53150220288B is 0.4
2023-06-21 17:31:33,442 [main] DEBUG balancer.ContainerBalancerTask (ContainerBalancerTask.java:initializeIteration(398)) - Utilization for node 36d3431a-12b9-444e-b99f-4b34fd89578e with capacity 110953321813B, used 33285996544B, and remaining 77667325269B is 0.30000000000090127
2023-06-21 17:31:33,442 [main] DEBUG balancer.ContainerBalancerTask (ContainerBalancerTask.java:initializeIteration(398)) - Utilization for node 27804612-680c-46c1-ac34-1564025500b6 with capacity 150323855360B, used 30064771072B, and remaining 120259084288B is 0.2
2023-06-21 17:31:33,442 [main] DEBUG balancer.ContainerBalancerTask (ContainerBalancerTask.java:initializeIteration(398)) - Utilization for node 085849ae-9e8f-4d0b-940b-e1fb286c907c with capacity 375809638400B, used 37580963840B, and remaining 338228674560B is 0.1
2023-06-21 17:31:33,443 [main] DEBUG balancer.ContainerBalancerTask (ContainerBalancerTask.java:initializeIteration(398)) - Utilization for node c49af212-2b4e-4bd4-b503-6cc4f4e13722 with capacity 38654705664B, used 0B, and remaining 38654705664B is 0.0
2023-06-21 17:31:33,443 [main] INFO  balancer.ContainerBalancerTask (ContainerBalancerTask.java:initializeIteration(447)) - Container Balancer has identified 4 Over-Utilized and 2 Under-Utilized Datanodes that need to be balanced.
2023-06-21 17:31:33,443 [main] DEBUG balancer.ContainerBalancerTask (ContainerBalancerTask.java:lambda$initializeIteration$1(453)) - Datanode localhost-100.204.26.254 01efa234-f908-4c2b-ab0c-194903419a33 is Over-Utilized.
2023-06-21 17:31:33,443 [main] DEBUG balancer.ContainerBalancerTask (ContainerBalancerTask.java:lambda$initializeIteration$1(453)) - Datanode localhost-226.119.138.44 321c84d4-14b7-4af7-906c-e1c1bbae619c is Over-Utilized.
2023-06-21 17:31:33,443 [main] DEBUG balancer.ContainerBalancerTask (ContainerBalancerTask.java:lambda$initializeIteration$1(453)) - Datanode localhost-64.79.142.244 9246defe-2693-4dab-945d-efd9dd561743 is Over-Utilized.
2023-06-21 17:31:33,443 [main] DEBUG balancer.ContainerBalancerTask (ContainerBalancerTask.java:lambda$initializeIteration$1(453)) - Datanode localhost-106.240.243.44 ca4df368-9957-4e8c-8166-de1bf6393313 is Over-Utilized.
2023-06-21 17:31:33,443 [main] DEBUG balancer.ContainerBalancerTask (ContainerBalancerTask.java:lambda$initializeIteration$2(459)) - Datanode localhost-188.82.244.62 c49af212-2b4e-4bd4-b503-6cc4f4e13722 is Under-Utilized.
2023-06-21 17:31:33,443 [main] DEBUG balancer.ContainerBalancerTask (ContainerBalancerTask.java:lambda$initializeIteration$2(459)) - Datanode localhost-118.77.193.207 085849ae-9e8f-4d0b-940b-e1fb286c907c is Under-Utilized.
2023-06-21 17:31:33,446 [main] DEBUG balancer.ContainerBalancerTask (ContainerBalancerTask.java:matchSourceWithTarget(706)) - ContainerBalancer is finding suitable target for source datanode 01efa234-f908-4c2b-ab0c-194903419a33
2023-06-21 17:31:33,446 [main] INFO  balancer.ContainerBalancerTask (ContainerBalancerTask.java:matchSourceWithTarget(720)) - ContainerBalancer matched source datanode 01efa234-f908-4c2b-ab0c-194903419a33 with target datanode c49af212-2b4e-4bd4-b503-6cc4f4e13722 for container move.
2023-06-21 17:31:33,446 [main] INFO  balancer.ContainerBalancerTask (ContainerBalancerTask.java:processMoveSelection(569)) - ContainerBalancer is trying to move container #85 with size 5368709120B from source datanode 01efa234-f908-4c2b-ab0c-194903419a33 to target datanode c49af212-2b4e-4bd4-b503-6cc4f4e13722
2023-06-21 17:31:33,446 [main] DEBUG balancer.ContainerBalancerTask (ContainerBalancerTask.java:lambda$moveContainer$3(834)) - Container move completed for container #85 from source 01efa234-f908-4c2b-ab0c-194903419a33 to target c49af212-2b4e-4bd4-b503-6cc4f4e13722
2023-06-21 17:31:33,449 [main] DEBUG balancer.ContainerBalancerTask (ContainerBalancerTask.java:matchSourceWithTarget(706)) - ContainerBalancer is finding suitable target for source datanode 01efa234-f908-4c2b-ab0c-194903419a33
2023-06-21 17:31:33,449 [main] INFO  balancer.ContainerBalancerTask (ContainerBalancerTask.java:matchSourceWithTarget(720)) - ContainerBalancer matched source datanode 01efa234-f908-4c2b-ab0c-194903419a33 with target datanode 085849ae-9e8f-4d0b-940b-e1fb286c907c for container move.
2023-06-21 17:31:33,449 [main] INFO  balancer.ContainerBalancerTask (ContainerBalancerTask.java:processMoveSelection(569)) - ContainerBalancer is trying to move container #68 with size 5368709120B from source datanode 01efa234-f908-4c2b-ab0c-194903419a33 to target datanode 085849ae-9e8f-4d0b-940b-e1fb286c907c
2023-06-21 17:31:33,449 [main] DEBUG balancer.ContainerBalancerTask (ContainerBalancerTask.java:lambda$moveContainer$3(834)) - Container move completed for container #68 from source 01efa234-f908-4c2b-ab0c-194903419a33 to target 085849ae-9e8f-4d0b-940b-e1fb286c907c
2023-06-21 17:31:33,452 [main] DEBUG balancer.ContainerBalancerTask (ContainerBalancerTask.java:matchSourceWithTarget(706)) - ContainerBalancer is finding suitable target for source datanode 321c84d4-14b7-4af7-906c-e1c1bbae619c
2023-06-21 17:31:33,452 [main] INFO  balancer.ContainerBalancerTask (ContainerBalancerTask.java:matchSourceWithTarget(720)) - ContainerBalancer matched source datanode 321c84d4-14b7-4af7-906c-e1c1bbae619c with target datanode 085849ae-9e8f-4d0b-940b-e1fb286c907c for container move.
2023-06-21 17:31:33,452 [main] INFO  balancer.ContainerBalancerTask (ContainerBalancerTask.java:processMoveSelection(569)) - ContainerBalancer is trying to move container #53 with size 5368709120B from source datanode 321c84d4-14b7-4af7-906c-e1c1bbae619c to target datanode 085849ae-9e8f-4d0b-940b-e1fb286c907c
2023-06-21 17:31:33,452 [main] DEBUG balancer.ContainerBalancerTask (ContainerBalancerTask.java:lambda$moveContainer$3(834)) - Container move completed for container #53 from source 321c84d4-14b7-4af7-906c-e1c1bbae619c to target 085849ae-9e8f-4d0b-940b-e1fb286c907c
2023-06-21 17:31:33,455 [main] DEBUG balancer.ContainerBalancerTask (ContainerBalancerTask.java:matchSourceWithTarget(706)) - ContainerBalancer is finding suitable target for source datanode 01efa234-f908-4c2b-ab0c-194903419a33
2023-06-21 17:31:33,455 [main] INFO  balancer.ContainerBalancerTask (ContainerBalancerTask.java:matchSourceWithTarget(720)) - ContainerBalancer matched source datanode 01efa234-f908-4c2b-ab0c-194903419a33 with target datanode 085849ae-9e8f-4d0b-940b-e1fb286c907c for container move.
2023-06-21 17:31:33,455 [main] INFO  balancer.ContainerBalancerTask (ContainerBalancerTask.java:processMoveSelection(569)) - ContainerBalancer is trying to move container #40 with size 5368709120B from source datanode 01efa234-f908-4c2b-ab0c-194903419a33 to target datanode 085849ae-9e8f-4d0b-940b-e1fb286c907c
2023-06-21 17:31:33,455 [main] DEBUG balancer.ContainerBalancerTask (ContainerBalancerTask.java:lambda$moveContainer$3(834)) - Container move completed for container #40 from source 01efa234-f908-4c2b-ab0c-194903419a33 to target 085849ae-9e8f-4d0b-940b-e1fb286c907c
2023-06-21 17:31:33,458 [main] DEBUG balancer.ContainerBalancerTask (ContainerBalancerTask.java:matchSourceWithTarget(706)) - ContainerBalancer is finding suitable target for source datanode 321c84d4-14b7-4af7-906c-e1c1bbae619c
2023-06-21 17:31:33,458 [main] INFO  balancer.ContainerBalancerTask (ContainerBalancerTask.java:matchSourceWithTarget(720)) - ContainerBalancer matched source datanode 321c84d4-14b7-4af7-906c-e1c1bbae619c with target datanode c49af212-2b4e-4bd4-b503-6cc4f4e13722 for container move.
2023-06-21 17:31:33,458 [main] INFO  balancer.ContainerBalancerTask (ContainerBalancerTask.java:processMoveSelection(569)) - ContainerBalancer is trying to move container #89 with size 4294967296B from source datanode 321c84d4-14b7-4af7-906c-e1c1bbae619c to target datanode c49af212-2b4e-4bd4-b503-6cc4f4e13722
2023-06-21 17:31:33,458 [main] DEBUG balancer.ContainerBalancerTask (ContainerBalancerTask.java:lambda$moveContainer$3(834)) - Container move completed for container #89 from source 321c84d4-14b7-4af7-906c-e1c1bbae619c to target c49af212-2b4e-4bd4-b503-6cc4f4e13722
2023-06-21 17:31:33,461 [main] DEBUG balancer.ContainerBalancerTask (ContainerBalancerTask.java:matchSourceWithTarget(706)) - ContainerBalancer is finding suitable target for source datanode 9246defe-2693-4dab-945d-efd9dd561743
2023-06-21 17:31:33,461 [main] INFO  balancer.ContainerBalancerTask (ContainerBalancerTask.java:matchSourceWithTarget(720)) - ContainerBalancer matched source datanode 9246defe-2693-4dab-945d-efd9dd561743 with target datanode 085849ae-9e8f-4d0b-940b-e1fb286c907c for container move.
2023-06-21 17:31:33,461 [main] INFO  balancer.ContainerBalancerTask (ContainerBalancerTask.java:processMoveSelection(569)) - ContainerBalancer is trying to move container #52 with size 4294967296B from source datanode 9246defe-2693-4dab-945d-efd9dd561743 to target datanode 085849ae-9e8f-4d0b-940b-e1fb286c907c
2023-06-21 17:31:33,462 [main] DEBUG balancer.ContainerBalancerTask (ContainerBalancerTask.java:lambda$moveContainer$3(834)) - Container move completed for container #52 from source 9246defe-2693-4dab-945d-efd9dd561743 to target 085849ae-9e8f-4d0b-940b-e1fb286c907c
2023-06-21 17:31:33,465 [main] DEBUG balancer.ContainerBalancerTask (ContainerBalancerTask.java:matchSourceWithTarget(706)) - ContainerBalancer is finding suitable target for source datanode 321c84d4-14b7-4af7-906c-e1c1bbae619c
2023-06-21 17:31:33,465 [main] INFO  balancer.ContainerBalancerTask (ContainerBalancerTask.java:matchSourceWithTarget(720)) - ContainerBalancer matched source datanode 321c84d4-14b7-4af7-906c-e1c1bbae619c with target datanode 085849ae-9e8f-4d0b-940b-e1fb286c907c for container move.
2023-06-21 17:31:33,465 [main] INFO  balancer.ContainerBalancerTask (ContainerBalancerTask.java:processMoveSelection(569)) - ContainerBalancer is trying to move container #39 with size 4294967296B from source datanode 321c84d4-14b7-4af7-906c-e1c1bbae619c to target datanode 085849ae-9e8f-4d0b-940b-e1fb286c907c
2023-06-21 17:31:33,465 [main] DEBUG balancer.ContainerBalancerTask (ContainerBalancerTask.java:lambda$moveContainer$3(834)) - Container move completed for container #39 from source 321c84d4-14b7-4af7-906c-e1c1bbae619c to target 085849ae-9e8f-4d0b-940b-e1fb286c907c
2023-06-21 17:31:33,468 [main] DEBUG balancer.ContainerBalancerTask (ContainerBalancerTask.java:matchSourceWithTarget(706)) - ContainerBalancer is finding suitable target for source datanode 01efa234-f908-4c2b-ab0c-194903419a33
2023-06-21 17:31:33,468 [main] INFO  balancer.ContainerBalancerTask (ContainerBalancerTask.java:matchSourceWithTarget(720)) - ContainerBalancer matched source datanode 01efa234-f908-4c2b-ab0c-194903419a33 with target datanode 085849ae-9e8f-4d0b-940b-e1fb286c907c for container move.
2023-06-21 17:31:33,468 [main] INFO  balancer.ContainerBalancerTask (ContainerBalancerTask.java:processMoveSelection(569)) - ContainerBalancer is trying to move container #84 with size 4294967296B from source datanode 01efa234-f908-4c2b-ab0c-194903419a33 to target datanode 085849ae-9e8f-4d0b-940b-e1fb286c907c
2023-06-21 17:31:33,468 [main] DEBUG balancer.ContainerBalancerTask (ContainerBalancerTask.java:lambda$moveContainer$3(834)) - Container move completed for container #84 from source 01efa234-f908-4c2b-ab0c-194903419a33 to target 085849ae-9e8f-4d0b-940b-e1fb286c907c
2023-06-21 17:31:33,471 [main] DEBUG balancer.ContainerBalancerTask (ContainerBalancerTask.java:matchSourceWithTarget(706)) - ContainerBalancer is finding suitable target for source datanode 9246defe-2693-4dab-945d-efd9dd561743
2023-06-21 17:31:33,471 [main] INFO  balancer.ContainerBalancerTask (ContainerBalancerTask.java:matchSourceWithTarget(720)) - ContainerBalancer matched source datanode 9246defe-2693-4dab-945d-efd9dd561743 with target datanode 085849ae-9e8f-4d0b-940b-e1fb286c907c for container move.
2023-06-21 17:31:33,471 [main] INFO  balancer.ContainerBalancerTask (ContainerBalancerTask.java:processMoveSelection(569)) - ContainerBalancer is trying to move container #88 with size 3221225472B from source datanode 9246defe-2693-4dab-945d-efd9dd561743 to target datanode 085849ae-9e8f-4d0b-940b-e1fb286c907c
2023-06-21 17:31:33,472 [main] DEBUG balancer.ContainerBalancerTask (ContainerBalancerTask.java:lambda$moveContainer$3(834)) - Container move completed for container #88 from source 9246defe-2693-4dab-945d-efd9dd561743 to target 085849ae-9e8f-4d0b-940b-e1fb286c907c
2023-06-21 17:31:33,475 [main] DEBUG balancer.ContainerBalancerTask (ContainerBalancerTask.java:matchSourceWithTarget(706)) - ContainerBalancer is finding suitable target for source datanode 321c84d4-14b7-4af7-906c-e1c1bbae619c
2023-06-21 17:31:33,475 [main] INFO  balancer.ContainerBalancerTask (ContainerBalancerTask.java:matchSourceWithTarget(720)) - ContainerBalancer matched source datanode 321c84d4-14b7-4af7-906c-e1c1bbae619c with target datanode 085849ae-9e8f-4d0b-940b-e1fb286c907c for container move.
2023-06-21 17:31:33,475 [main] INFO  balancer.ContainerBalancerTask (ContainerBalancerTask.java:processMoveSelection(569)) - ContainerBalancer is trying to move container #71 with size 3221225472B from source datanode 321c84d4-14b7-4af7-906c-e1c1bbae619c to target datanode 085849ae-9e8f-4d0b-940b-e1fb286c907c
2023-06-21 17:31:33,475 [main] DEBUG balancer.ContainerBalancerTask (ContainerBalancerTask.java:lambda$moveContainer$3(834)) - Container move completed for container #71 from source 321c84d4-14b7-4af7-906c-e1c1bbae619c to target 085849ae-9e8f-4d0b-940b-e1fb286c907c
2023-06-21 17:31:33,478 [main] DEBUG balancer.ContainerBalancerTask (ContainerBalancerTask.java:matchSourceWithTarget(706)) - ContainerBalancer is finding suitable target for source datanode 01efa234-f908-4c2b-ab0c-194903419a33
2023-06-21 17:31:33,478 [main] INFO  balancer.ContainerBalancerTask (ContainerBalancerTask.java:matchSourceWithTarget(720)) - ContainerBalancer matched source datanode 01efa234-f908-4c2b-ab0c-194903419a33 with target datanode 085849ae-9e8f-4d0b-940b-e1fb286c907c for container move.
2023-06-21 17:31:33,478 [main] INFO  balancer.ContainerBalancerTask (ContainerBalancerTask.java:processMoveSelection(569)) - ContainerBalancer is trying to move container #19 with size 4294967296B from source datanode 01efa234-f908-4c2b-ab0c-194903419a33 to target datanode 085849ae-9e8f-4d0b-940b-e1fb286c907c
2023-06-21 17:31:33,478 [main] DEBUG balancer.ContainerBalancerTask (ContainerBalancerTask.java:lambda$moveContainer$3(834)) - Container move completed for container #19 from source 01efa234-f908-4c2b-ab0c-194903419a33 to target 085849ae-9e8f-4d0b-940b-e1fb286c907c
2023-06-21 17:31:33,481 [main] DEBUG balancer.ContainerBalancerTask (ContainerBalancerTask.java:matchSourceWithTarget(706)) - ContainerBalancer is finding suitable target for source datanode 9246defe-2693-4dab-945d-efd9dd561743
2023-06-21 17:31:33,482 [main] INFO  balancer.ContainerBalancerTask (ContainerBalancerTask.java:matchSourceWithTarget(720)) - ContainerBalancer matched source datanode 9246defe-2693-4dab-945d-efd9dd561743 with target datanode 085849ae-9e8f-4d0b-940b-e1fb286c907c for container move.
2023-06-21 17:31:33,482 [main] INFO  balancer.ContainerBalancerTask (ContainerBalancerTask.java:processMoveSelection(569)) - ContainerBalancer is trying to move container #66 with size 3221225472B from source datanode 9246defe-2693-4dab-945d-efd9dd561743 to target datanode 085849ae-9e8f-4d0b-940b-e1fb286c907c
2023-06-21 17:31:33,482 [main] DEBUG balancer.ContainerBalancerTask (ContainerBalancerTask.java:lambda$moveContainer$3(834)) - Container move completed for container #66 from source 9246defe-2693-4dab-945d-efd9dd561743 to target 085849ae-9e8f-4d0b-940b-e1fb286c907c
2023-06-21 17:31:33,484 [main] DEBUG balancer.ContainerBalancerTask (ContainerBalancerTask.java:matchSourceWithTarget(706)) - ContainerBalancer is finding suitable target for source datanode ca4df368-9957-4e8c-8166-de1bf6393313
2023-06-21 17:31:33,484 [main] INFO  balancer.ContainerBalancerTask (ContainerBalancerTask.java:matchSourceWithTarget(720)) - ContainerBalancer matched source datanode ca4df368-9957-4e8c-8166-de1bf6393313 with target datanode 085849ae-9e8f-4d0b-940b-e1fb286c907c for container move.
2023-06-21 17:31:33,484 [main] INFO  balancer.ContainerBalancerTask (ContainerBalancerTask.java:processMoveSelection(569)) - ContainerBalancer is trying to move container #36 with size 1073741824B from source datanode ca4df368-9957-4e8c-8166-de1bf6393313 to target datanode 085849ae-9e8f-4d0b-940b-e1fb286c907c
2023-06-21 17:31:33,484 [main] DEBUG balancer.ContainerBalancerTask (ContainerBalancerTask.java:lambda$moveContainer$3(834)) - Container move completed for container #36 from source ca4df368-9957-4e8c-8166-de1bf6393313 to target 085849ae-9e8f-4d0b-940b-e1fb286c907c
2023-06-21 17:31:33,484 [main] WARN  balancer.ContainerBalancerTask (ContainerBalancerTask.java:reachedMaxSizeToMovePerIteration(731)) - Reached max size to move limit. 53687091200 bytes have already been scheduled for balancing and the limit is 53687091200 bytes.
2023-06-21 17:31:33,484 [main] INFO  balancer.ContainerBalancerTask (ContainerBalancerTask.java:checkIterationMoveResults(640)) - Iteration Summary. Number of Datanodes involved: 6. Size moved: 50 GB (53687091200 Bytes). Number of Container moves completed: 13.
2023-06-21 17:31:33,484 [main] INFO  balancer.ContainerBalancerTask (ContainerBalancerTask.java:balance(259)) - Result of this iteration of Container Balancer: ITERATION_COMPLETED
2023-06-21 17:31:33,485 [main] INFO  balancer.ContainerBalancerTask (ContainerBalancerTask.java:tryStopWithSaveConfiguration(308)) - Save Configuration for stopping. Reason: Completed all iterations.
2023-06-21 17:31:33,485 [main] DEBUG balancer.ContainerBalancerTask (ContainerBalancerTask.java:initializeIteration(374)) - Average utilization of the cluster is 0.35306711941381913
2023-06-21 17:31:33,485 [main] DEBUG balancer.ContainerBalancerTask (ContainerBalancerTask.java:initializeIteration(386)) - Lower limit for utilization is -0.038925285718041824 and Upper limit for utilization is 0.7450595245456801
2023-06-21 17:31:33,485 [main] DEBUG balancer.ContainerBalancerTask (ContainerBalancerTask.java:initializeIteration(398)) - Utilization for node 01efa234-f908-4c2b-ab0c-194903419a33 with capacity 72775834737B, used 65498251264B, and remaining 7277583473B is 0.9000000000096186
2023-06-21 17:31:33,485 [main] DEBUG balancer.ContainerBalancerTask (ContainerBalancerTask.java:initializeIteration(398)) - Utilization for node 321c84d4-14b7-4af7-906c-e1c1bbae619c with capacity 84557168640B, used 67645734912B, and remaining 16911433728B is 0.8
2023-06-21 17:31:33,485 [main] DEBUG balancer.ContainerBalancerTask (ContainerBalancerTask.java:initializeIteration(398)) - Utilization for node 9246defe-2693-4dab-945d-efd9dd561743 with capacity 87433262811B, used 61203283968B, and remaining 26229978843B is 0.7000000000034312
2023-06-21 17:31:33,486 [main] DEBUG balancer.ContainerBalancerTask (ContainerBalancerTask.java:initializeIteration(398)) - Utilization for node ca4df368-9957-4e8c-8166-de1bf6393313 with capacity 71582788266B, used 42949672960B, and remaining 28633115306B is 0.600000000005588
2023-06-21 17:31:33,486 [main] DEBUG balancer.ContainerBalancerTask (ContainerBalancerTask.java:initializeIteration(398)) - Utilization for node 40942551-d097-4969-9a85-9af0ec1541f4 with capacity 53687091200B, used 26843545600B, and remaining 26843545600B is 0.5
2023-06-21 17:31:33,486 [main] DEBUG balancer.ContainerBalancerTask (ContainerBalancerTask.java:initializeIteration(398)) - Utilization for node fd4dd60a-8bfd-4264-b2bb-fbfc3c54b0cc with capacity 88583700480B, used 35433480192B, and remaining 53150220288B is 0.4
2023-06-21 17:31:33,486 [main] DEBUG balancer.ContainerBalancerTask (ContainerBalancerTask.java:initializeIteration(398)) - Utilization for node 36d3431a-12b9-444e-b99f-4b34fd89578e with capacity 110953321813B, used 33285996544B, and remaining 77667325269B is 0.30000000000090127
2023-06-21 17:31:33,486 [main] DEBUG balancer.ContainerBalancerTask (ContainerBalancerTask.java:initializeIteration(398)) - Utilization for node 27804612-680c-46c1-ac34-1564025500b6 with capacity 150323855360B, used 30064771072B, and remaining 120259084288B is 0.2
2023-06-21 17:31:33,486 [main] DEBUG balancer.ContainerBalancerTask (ContainerBalancerTask.java:initializeIteration(398)) - Utilization for node 085849ae-9e8f-4d0b-940b-e1fb286c907c with capacity 375809638400B, used 37580963840B, and remaining 338228674560B is 0.1
2023-06-21 17:31:33,486 [main] DEBUG balancer.ContainerBalancerTask (ContainerBalancerTask.java:initializeIteration(398)) - Utilization for node c49af212-2b4e-4bd4-b503-6cc4f4e13722 with capacity 38654705664B, used 0B, and remaining 38654705664B is 0.0
2023-06-21 17:31:33,486 [main] INFO  balancer.ContainerBalancerTask (ContainerBalancerTask.java:initializeIteration(447)) - Container Balancer has identified 2 Over-Utilized and 0 Under-Utilized Datanodes that need to be balanced.
2023-06-21 17:31:33,486 [main] DEBUG balancer.ContainerBalancerTask (ContainerBalancerTask.java:lambda$initializeIteration$1(453)) - Datanode localhost-100.204.26.254 01efa234-f908-4c2b-ab0c-194903419a33 is Over-Utilized.
2023-06-21 17:31:33,486 [main] DEBUG balancer.ContainerBalancerTask (ContainerBalancerTask.java:lambda$initializeIteration$1(453)) - Datanode localhost-226.119.138.44 321c84d4-14b7-4af7-906c-e1c1bbae619c is Over-Utilized.
2023-06-21 17:31:33,489 [main] DEBUG balancer.ContainerBalancerTask (ContainerBalancerTask.java:matchSourceWithTarget(706)) - ContainerBalancer is finding suitable target for source datanode 01efa234-f908-4c2b-ab0c-194903419a33
2023-06-21 17:31:33,489 [main] INFO  balancer.FindTargetGreedyByUsageInfo (AbstractFindTargetGreedy.java:findTargetForContainerMove(133)) - Container Balancer could not find a target for source datanode 01efa234-f908-4c2b-ab0c-194903419a33
2023-06-21 17:31:33,489 [main] DEBUG balancer.ContainerBalancerTask (ContainerBalancerTask.java:matchSourceWithTarget(715)) - ContainerBalancer could not find a suitable target for source node 01efa234-f908-4c2b-ab0c-194903419a33.
2023-06-21 17:31:33,492 [main] DEBUG balancer.ContainerBalancerTask (ContainerBalancerTask.java:matchSourceWithTarget(706)) - ContainerBalancer is finding suitable target for source datanode 321c84d4-14b7-4af7-906c-e1c1bbae619c
2023-06-21 17:31:33,492 [main] INFO  balancer.FindTargetGreedyByUsageInfo (AbstractFindTargetGreedy.java:findTargetForContainerMove(133)) - Container Balancer could not find a target for source datanode 321c84d4-14b7-4af7-906c-e1c1bbae619c
2023-06-21 17:31:33,492 [main] DEBUG balancer.ContainerBalancerTask (ContainerBalancerTask.java:matchSourceWithTarget(715)) - ContainerBalancer could not find a suitable target for source node 321c84d4-14b7-4af7-906c-e1c1bbae619c.
2023-06-21 17:31:33,492 [main] INFO  balancer.FindSourceGreedy (FindSourceGreedy.java:getNextCandidateSourceDataNode(126)) - no more candidate source data node
2023-06-21 17:31:33,492 [main] INFO  balancer.ContainerBalancerTask (ContainerBalancerTask.java:balance(259)) - Result of this iteration of Container Balancer: CAN_NOT_BALANCE_ANY_MORE
2023-06-21 17:31:33,492 [main] INFO  balancer.ContainerBalancerTask (ContainerBalancerTask.java:tryStopWithSaveConfiguration(308)) - Save Configuration for stopping. Reason: CAN_NOT_BALANCE_ANY_MORE
2023-06-21 17:31:33,493 [main] DEBUG balancer.ContainerBalancerTask (ContainerBalancerTask.java:initializeIteration(374)) - Average utilization of the cluster is 0.35306711941381913
2023-06-21 17:31:33,493 [main] DEBUG balancer.ContainerBalancerTask (ContainerBalancerTask.java:initializeIteration(386)) - Lower limit for utilization is 0.24806399469288593 and Upper limit for utilization is 0.45807024413475234
2023-06-21 17:31:33,493 [main] DEBUG balancer.ContainerBalancerTask (ContainerBalancerTask.java:initializeIteration(398)) - Utilization for node 01efa234-f908-4c2b-ab0c-194903419a33 with capacity 72775834737B, used 65498251264B, and remaining 7277583473B is 0.9000000000096186
2023-06-21 17:31:33,493 [main] DEBUG balancer.ContainerBalancerTask (ContainerBalancerTask.java:initializeIteration(398)) - Utilization for node 321c84d4-14b7-4af7-906c-e1c1bbae619c with capacity 84557168640B, used 67645734912B, and remaining 16911433728B is 0.8
2023-06-21 17:31:33,493 [main] DEBUG balancer.ContainerBalancerTask (ContainerBalancerTask.java:initializeIteration(398)) - Utilization for node 9246defe-2693-4dab-945d-efd9dd561743 with capacity 87433262811B, used 61203283968B, and remaining 26229978843B is 0.7000000000034312
2023-06-21 17:31:33,493 [main] DEBUG balancer.ContainerBalancerTask (ContainerBalancerTask.java:initializeIteration(398)) - Utilization for node ca4df368-9957-4e8c-8166-de1bf6393313 with capacity 71582788266B, used 42949672960B, and remaining 28633115306B is 0.600000000005588
2023-06-21 17:31:33,493 [main] DEBUG balancer.ContainerBalancerTask (ContainerBalancerTask.java:initializeIteration(398)) - Utilization for node 40942551-d097-4969-9a85-9af0ec1541f4 with capacity 53687091200B, used 26843545600B, and remaining 26843545600B is 0.5
2023-06-21 17:31:33,493 [main] DEBUG balancer.ContainerBalancerTask (ContainerBalancerTask.java:initializeIteration(398)) - Utilization for node fd4dd60a-8bfd-4264-b2bb-fbfc3c54b0cc with capacity 88583700480B, used 35433480192B, and remaining 53150220288B is 0.4
2023-06-21 17:31:33,493 [main] DEBUG balancer.ContainerBalancerTask (ContainerBalancerTask.java:initializeIteration(398)) - Utilization for node 36d3431a-12b9-444e-b99f-4b34fd89578e with capacity 110953321813B, used 33285996544B, and remaining 77667325269B is 0.30000000000090127
2023-06-21 17:31:33,493 [main] DEBUG balancer.ContainerBalancerTask (ContainerBalancerTask.java:initializeIteration(398)) - Utilization for node 27804612-680c-46c1-ac34-1564025500b6 with capacity 150323855360B, used 30064771072B, and remaining 120259084288B is 0.2
2023-06-21 17:31:33,493 [main] DEBUG balancer.ContainerBalancerTask (ContainerBalancerTask.java:initializeIteration(398)) - Utilization for node 085849ae-9e8f-4d0b-940b-e1fb286c907c with capacity 375809638400B, used 37580963840B, and remaining 338228674560B is 0.1
2023-06-21 17:31:33,493 [main] DEBUG balancer.ContainerBalancerTask (ContainerBalancerTask.java:initializeIteration(398)) - Utilization for node c49af212-2b4e-4bd4-b503-6cc4f4e13722 with capacity 38654705664B, used 0B, and remaining 38654705664B is 0.0
2023-06-21 17:31:33,494 [main] INFO  balancer.ContainerBalancerTask (ContainerBalancerTask.java:initializeIteration(447)) - Container Balancer has identified 5 Over-Utilized and 3 Under-Utilized Datanodes that need to be balanced.
2023-06-21 17:31:33,494 [main] DEBUG balancer.ContainerBalancerTask (ContainerBalancerTask.java:lambda$initializeIteration$1(453)) - Datanode localhost-100.204.26.254 01efa234-f908-4c2b-ab0c-194903419a33 is Over-Utilized.
2023-06-21 17:31:33,494 [main] DEBUG balancer.ContainerBalancerTask (ContainerBalancerTask.java:lambda$initializeIteration$1(453)) - Datanode localhost-226.119.138.44 321c84d4-14b7-4af7-906c-e1c1bbae619c is Over-Utilized.
2023-06-21 17:31:33,494 [main] DEBUG balancer.ContainerBalancerTask (ContainerBalancerTask.java:lambda$initializeIteration$1(453)) - Datanode localhost-64.79.142.244 9246defe-2693-4dab-945d-efd9dd561743 is Over-Utilized.
2023-06-21 17:31:33,494 [main] DEBUG balancer.ContainerBalancerTask (ContainerBalancerTask.java:lambda$initializeIteration$1(453)) - Datanode localhost-106.240.243.44 ca4df368-9957-4e8c-8166-de1bf6393313 is Over-Utilized.
2023-06-21 17:31:33,494 [main] DEBUG balancer.ContainerBalancerTask (ContainerBalancerTask.java:lambda$initializeIteration$1(453)) - Datanode localhost-238.211.130.222 40942551-d097-4969-9a85-9af0ec1541f4 is Over-Utilized.
2023-06-21 17:31:33,494 [main] DEBUG balancer.ContainerBalancerTask (ContainerBalancerTask.java:lambda$initializeIteration$2(459)) - Datanode localhost-188.82.244.62 c49af212-2b4e-4bd4-b503-6cc4f4e13722 is Under-Utilized.
2023-06-21 17:31:33,494 [main] DEBUG balancer.ContainerBalancerTask (ContainerBalancerTask.java:lambda$initializeIteration$2(459)) - Datanode localhost-118.77.193.207 085849ae-9e8f-4d0b-940b-e1fb286c907c is Under-Utilized.
2023-06-21 17:31:33,494 [main] DEBUG balancer.ContainerBalancerTask (ContainerBalancerTask.java:lambda$initializeIteration$2(459)) - Datanode localhost-121.86.50.47 27804612-680c-46c1-ac34-1564025500b6 is Under-Utilized.
2023-06-21 17:31:33,497 [main] DEBUG balancer.ContainerBalancerTask (ContainerBalancerTask.java:matchSourceWithTarget(706)) - ContainerBalancer is finding suitable target for source datanode 01efa234-f908-4c2b-ab0c-194903419a33
2023-06-21 17:31:33,497 [main] INFO  balancer.ContainerBalancerTask (ContainerBalancerTask.java:matchSourceWithTarget(720)) - ContainerBalancer matched source datanode 01efa234-f908-4c2b-ab0c-194903419a33 with target datanode c49af212-2b4e-4bd4-b503-6cc4f4e13722 for container move.
2023-06-21 17:31:33,497 [main] INFO  balancer.ContainerBalancerTask (ContainerBalancerTask.java:processMoveSelection(569)) - ContainerBalancer is trying to move container #85 with size 5368709120B from source datanode 01efa234-f908-4c2b-ab0c-194903419a33 to target datanode c49af212-2b4e-4bd4-b503-6cc4f4e13722
2023-06-21 17:31:33,497 [main] DEBUG balancer.ContainerBalancerTask (ContainerBalancerTask.java:lambda$moveContainer$3(834)) - Container move completed for container #85 from source 01efa234-f908-4c2b-ab0c-194903419a33 to target c49af212-2b4e-4bd4-b503-6cc4f4e13722
2023-06-21 17:31:33,500 [main] DEBUG balancer.ContainerBalancerTask (ContainerBalancerTask.java:matchSourceWithTarget(706)) - ContainerBalancer is finding suitable target for source datanode 01efa234-f908-4c2b-ab0c-194903419a33
2023-06-21 17:31:33,500 [main] INFO  balancer.ContainerBalancerTask (ContainerBalancerTask.java:matchSourceWithTarget(720)) - ContainerBalancer matched source datanode 01efa234-f908-4c2b-ab0c-194903419a33 with target datanode 085849ae-9e8f-4d0b-940b-e1fb286c907c for container move.
2023-06-21 17:31:33,500 [main] INFO  balancer.ContainerBalancerTask (ContainerBalancerTask.java:processMoveSelection(569)) - ContainerBalancer is trying to move container #68 with size 5368709120B from source datanode 01efa234-f908-4c2b-ab0c-194903419a33 to target datanode 085849ae-9e8f-4d0b-940b-e1fb286c907c
2023-06-21 17:31:33,500 [main] DEBUG balancer.ContainerBalancerTask (ContainerBalancerTask.java:lambda$moveContainer$3(834)) - Container move completed for container #68 from source 01efa234-f908-4c2b-ab0c-194903419a33 to target 085849ae-9e8f-4d0b-940b-e1fb286c907c
2023-06-21 17:31:33,503 [main] DEBUG balancer.ContainerBalancerTask (ContainerBalancerTask.java:matchSourceWithTarget(706)) - ContainerBalancer is finding suitable target for source datanode 321c84d4-14b7-4af7-906c-e1c1bbae619c
2023-06-21 17:31:33,503 [main] INFO  balancer.ContainerBalancerTask (ContainerBalancerTask.java:matchSourceWithTarget(720)) - ContainerBalancer matched source datanode 321c84d4-14b7-4af7-906c-e1c1bbae619c with target datanode 085849ae-9e8f-4d0b-940b-e1fb286c907c for container move.
2023-06-21 17:31:33,503 [main] INFO  balancer.ContainerBalancerTask (ContainerBalancerTask.java:processMoveSelection(569)) - ContainerBalancer is trying to move container #53 with size 5368709120B from source datanode 321c84d4-14b7-4af7-906c-e1c1bbae619c to target datanode 085849ae-9e8f-4d0b-940b-e1fb286c907c
2023-06-21 17:31:33,503 [main] DEBUG balancer.ContainerBalancerTask (ContainerBalancerTask.java:lambda$moveContainer$3(834)) - Container move completed for container #53 from source 321c84d4-14b7-4af7-906c-e1c1bbae619c to target 085849ae-9e8f-4d0b-940b-e1fb286c907c
2023-06-21 17:31:33,506 [main] DEBUG balancer.ContainerBalancerTask (ContainerBalancerTask.java:matchSourceWithTarget(706)) - ContainerBalancer is finding suitable target for source datanode 01efa234-f908-4c2b-ab0c-194903419a33
2023-06-21 17:31:33,506 [main] INFO  balancer.ContainerBalancerTask (ContainerBalancerTask.java:matchSourceWithTarget(720)) - ContainerBalancer matched source datanode 01efa234-f908-4c2b-ab0c-194903419a33 with target datanode 085849ae-9e8f-4d0b-940b-e1fb286c907c for container move.
2023-06-21 17:31:33,506 [main] INFO  balancer.ContainerBalancerTask (ContainerBalancerTask.java:processMoveSelection(569)) - ContainerBalancer is trying to move container #40 with size 5368709120B from source datanode 01efa234-f908-4c2b-ab0c-194903419a33 to target datanode 085849ae-9e8f-4d0b-940b-e1fb286c907c
2023-06-21 17:31:33,507 [main] DEBUG balancer.ContainerBalancerTask (ContainerBalancerTask.java:lambda$moveContainer$3(834)) - Container move completed for container #40 from source 01efa234-f908-4c2b-ab0c-194903419a33 to target 085849ae-9e8f-4d0b-940b-e1fb286c907c
2023-06-21 17:31:33,509 [main] DEBUG balancer.ContainerBalancerTask (ContainerBalancerTask.java:matchSourceWithTarget(706)) - ContainerBalancer is finding suitable target for source datanode 321c84d4-14b7-4af7-906c-e1c1bbae619c
2023-06-21 17:31:33,509 [main] INFO  balancer.ContainerBalancerTask (ContainerBalancerTask.java:matchSourceWithTarget(720)) - ContainerBalancer matched source datanode 321c84d4-14b7-4af7-906c-e1c1bbae619c with target datanode c49af212-2b4e-4bd4-b503-6cc4f4e13722 for container move.
2023-06-21 17:31:33,510 [main] INFO  balancer.ContainerBalancerTask (ContainerBalancerTask.java:processMoveSelection(569)) - ContainerBalancer is trying to move container #89 with size 4294967296B from source datanode 321c84d4-14b7-4af7-906c-e1c1bbae619c to target datanode c49af212-2b4e-4bd4-b503-6cc4f4e13722
2023-06-21 17:31:33,510 [main] DEBUG balancer.ContainerBalancerTask (ContainerBalancerTask.java:lambda$moveContainer$3(834)) - Container move completed for container #89 from source 321c84d4-14b7-4af7-906c-e1c1bbae619c to target c49af212-2b4e-4bd4-b503-6cc4f4e13722
2023-06-21 17:31:33,512 [main] DEBUG balancer.ContainerBalancerTask (ContainerBalancerTask.java:matchSourceWithTarget(706)) - ContainerBalancer is finding suitable target for source datanode 9246defe-2693-4dab-945d-efd9dd561743
2023-06-21 17:31:33,513 [main] INFO  balancer.ContainerBalancerTask (ContainerBalancerTask.java:matchSourceWithTarget(720)) - ContainerBalancer matched source datanode 9246defe-2693-4dab-945d-efd9dd561743 with target datanode 085849ae-9e8f-4d0b-940b-e1fb286c907c for container move.
2023-06-21 17:31:33,513 [main] INFO  balancer.ContainerBalancerTask (ContainerBalancerTask.java:processMoveSelection(569)) - ContainerBalancer is trying to move container #52 with size 4294967296B from source datanode 9246defe-2693-4dab-945d-efd9dd561743 to target datanode 085849ae-9e8f-4d0b-940b-e1fb286c907c
2023-06-21 17:31:33,513 [main] DEBUG balancer.ContainerBalancerTask (ContainerBalancerTask.java:lambda$moveContainer$3(834)) - Container move completed for container #52 from source 9246defe-2693-4dab-945d-efd9dd561743 to target 085849ae-9e8f-4d0b-940b-e1fb286c907c
2023-06-21 17:31:33,516 [main] DEBUG balancer.ContainerBalancerTask (ContainerBalancerTask.java:matchSourceWithTarget(706)) - ContainerBalancer is finding suitable target for source datanode 321c84d4-14b7-4af7-906c-e1c1bbae619c
2023-06-21 17:31:33,516 [main] INFO  balancer.ContainerBalancerTask (ContainerBalancerTask.java:matchSourceWithTarget(720)) - ContainerBalancer matched source datanode 321c84d4-14b7-4af7-906c-e1c1bbae619c with target datanode 085849ae-9e8f-4d0b-940b-e1fb286c907c for container move.
2023-06-21 17:31:33,516 [main] INFO  balancer.ContainerBalancerTask (ContainerBalancerTask.java:processMoveSelection(569)) - ContainerBalancer is trying to move container #39 with size 4294967296B from source datanode 321c84d4-14b7-4af7-906c-e1c1bbae619c to target datanode 085849ae-9e8f-4d0b-940b-e1fb286c907c
2023-06-21 17:31:33,516 [main] DEBUG balancer.ContainerBalancerTask (ContainerBalancerTask.java:lambda$moveContainer$3(834)) - Container move completed for container #39 from source 321c84d4-14b7-4af7-906c-e1c1bbae619c to target 085849ae-9e8f-4d0b-940b-e1fb286c907c
2023-06-21 17:31:33,519 [main] DEBUG balancer.ContainerBalancerTask (ContainerBalancerTask.java:matchSourceWithTarget(706)) - ContainerBalancer is finding suitable target for source datanode 01efa234-f908-4c2b-ab0c-194903419a33
2023-06-21 17:31:33,519 [main] INFO  balancer.ContainerBalancerTask (ContainerBalancerTask.java:matchSourceWithTarget(720)) - ContainerBalancer matched source datanode 01efa234-f908-4c2b-ab0c-194903419a33 with target datanode 085849ae-9e8f-4d0b-940b-e1fb286c907c for container move.
2023-06-21 17:31:33,519 [main] INFO  balancer.ContainerBalancerTask (ContainerBalancerTask.java:processMoveSelection(569)) - ContainerBalancer is trying to move container #84 with size 4294967296B from source datanode 01efa234-f908-4c2b-ab0c-194903419a33 to target datanode 085849ae-9e8f-4d0b-940b-e1fb286c907c
2023-06-21 17:31:33,519 [main] DEBUG balancer.ContainerBalancerTask (ContainerBalancerTask.java:lambda$moveContainer$3(834)) - Container move completed for container #84 from source 01efa234-f908-4c2b-ab0c-194903419a33 to target 085849ae-9e8f-4d0b-940b-e1fb286c907c
2023-06-21 17:31:33,522 [main] DEBUG balancer.ContainerBalancerTask (ContainerBalancerTask.java:matchSourceWithTarget(706)) - ContainerBalancer is finding suitable target for source datanode 9246defe-2693-4dab-945d-efd9dd561743
2023-06-21 17:31:33,522 [main] INFO  balancer.ContainerBalancerTask (ContainerBalancerTask.java:matchSourceWithTarget(720)) - ContainerBalancer matched source datanode 9246defe-2693-4dab-945d-efd9dd561743 with target datanode 085849ae-9e8f-4d0b-940b-e1fb286c907c for container move.
2023-06-21 17:31:33,522 [main] INFO  balancer.ContainerBalancerTask (ContainerBalancerTask.java:processMoveSelection(569)) - ContainerBalancer is trying to move container #88 with size 3221225472B from source datanode 9246defe-2693-4dab-945d-efd9dd561743 to target datanode 085849ae-9e8f-4d0b-940b-e1fb286c907c
2023-06-21 17:31:33,523 [main] DEBUG balancer.ContainerBalancerTask (ContainerBalancerTask.java:lambda$moveContainer$3(834)) - Container move completed for container #88 from source 9246defe-2693-4dab-945d-efd9dd561743 to target 085849ae-9e8f-4d0b-940b-e1fb286c907c
2023-06-21 17:31:33,526 [main] DEBUG balancer.ContainerBalancerTask (ContainerBalancerTask.java:matchSourceWithTarget(706)) - ContainerBalancer is finding suitable target for source datanode 321c84d4-14b7-4af7-906c-e1c1bbae619c
2023-06-21 17:31:33,526 [main] INFO  balancer.ContainerBalancerTask (ContainerBalancerTask.java:matchSourceWithTarget(720)) - ContainerBalancer matched source datanode 321c84d4-14b7-4af7-906c-e1c1bbae619c with target datanode 085849ae-9e8f-4d0b-940b-e1fb286c907c for container move.
2023-06-21 17:31:33,526 [main] INFO  balancer.ContainerBalancerTask (ContainerBalancerTask.java:processMoveSelection(569)) - ContainerBalancer is trying to move container #71 with size 3221225472B from source datanode 321c84d4-14b7-4af7-906c-e1c1bbae619c to target datanode 085849ae-9e8f-4d0b-940b-e1fb286c907c
2023-06-21 17:31:33,526 [main] DEBUG balancer.ContainerBalancerTask (ContainerBalancerTask.java:lambda$moveContainer$3(834)) - Container move completed for container #71 from source 321c84d4-14b7-4af7-906c-e1c1bbae619c to target 085849ae-9e8f-4d0b-940b-e1fb286c907c
2023-06-21 17:31:33,529 [main] DEBUG balancer.ContainerBalancerTask (ContainerBalancerTask.java:matchSourceWithTarget(706)) - ContainerBalancer is finding suitable target for source datanode 01efa234-f908-4c2b-ab0c-194903419a33
2023-06-21 17:31:33,529 [main] INFO  balancer.ContainerBalancerTask (ContainerBalancerTask.java:matchSourceWithTarget(720)) - ContainerBalancer matched source datanode 01efa234-f908-4c2b-ab0c-194903419a33 with target datanode 085849ae-9e8f-4d0b-940b-e1fb286c907c for container move.
2023-06-21 17:31:33,529 [main] INFO  balancer.ContainerBalancerTask (ContainerBalancerTask.java:processMoveSelection(569)) - ContainerBalancer is trying to move container #19 with size 4294967296B from source datanode 01efa234-f908-4c2b-ab0c-194903419a33 to target datanode 085849ae-9e8f-4d0b-940b-e1fb286c907c
2023-06-21 17:31:33,529 [main] DEBUG balancer.ContainerBalancerTask (ContainerBalancerTask.java:lambda$moveContainer$3(834)) - Container move completed for container #19 from source 01efa234-f908-4c2b-ab0c-194903419a33 to target 085849ae-9e8f-4d0b-940b-e1fb286c907c
2023-06-21 17:31:33,532 [main] DEBUG balancer.ContainerBalancerTask (ContainerBalancerTask.java:matchSourceWithTarget(706)) - ContainerBalancer is finding suitable target for source datanode 9246defe-2693-4dab-945d-efd9dd561743
2023-06-21 17:31:33,532 [main] INFO  balancer.ContainerBalancerTask (ContainerBalancerTask.java:matchSourceWithTarget(720)) - ContainerBalancer matched source datanode 9246defe-2693-4dab-945d-efd9dd561743 with target datanode 27804612-680c-46c1-ac34-1564025500b6 for container move.
2023-06-21 17:31:33,533 [main] INFO  balancer.ContainerBalancerTask (ContainerBalancerTask.java:processMoveSelection(569)) - ContainerBalancer is trying to move container #51 with size 3221225472B from source datanode 9246defe-2693-4dab-945d-efd9dd561743 to target datanode 27804612-680c-46c1-ac34-1564025500b6
2023-06-21 17:31:33,533 [main] DEBUG balancer.ContainerBalancerTask (ContainerBalancerTask.java:lambda$moveContainer$3(834)) - Container move completed for container #51 from source 9246defe-2693-4dab-945d-efd9dd561743 to target 27804612-680c-46c1-ac34-1564025500b6
2023-06-21 17:31:33,535 [main] DEBUG balancer.ContainerBalancerTask (ContainerBalancerTask.java:matchSourceWithTarget(706)) - ContainerBalancer is finding suitable target for source datanode ca4df368-9957-4e8c-8166-de1bf6393313
2023-06-21 17:31:33,535 [main] INFO  balancer.ContainerBalancerTask (ContainerBalancerTask.java:matchSourceWithTarget(720)) - ContainerBalancer matched source datanode ca4df368-9957-4e8c-8166-de1bf6393313 with target datanode 085849ae-9e8f-4d0b-940b-e1fb286c907c for container move.
2023-06-21 17:31:33,535 [main] INFO  balancer.ContainerBalancerTask (ContainerBalancerTask.java:processMoveSelection(569)) - ContainerBalancer is trying to move container #36 with size 1073741824B from source datanode ca4df368-9957-4e8c-8166-de1bf6393313 to target datanode 085849ae-9e8f-4d0b-940b-e1fb286c907c
2023-06-21 17:31:33,535 [main] DEBUG balancer.ContainerBalancerTask (ContainerBalancerTask.java:lambda$moveContainer$3(834)) - Container move completed for container #36 from source ca4df368-9957-4e8c-8166-de1bf6393313 to target 085849ae-9e8f-4d0b-940b-e1fb286c907c
2023-06-21 17:31:33,535 [main] WARN  balancer.ContainerBalancerTask (ContainerBalancerTask.java:reachedMaxSizeToMovePerIteration(731)) - Reached max size to move limit. 53687091200 bytes have already been scheduled for balancing and the limit is 53687091200 bytes.
2023-06-21 17:31:33,535 [main] INFO  balancer.ContainerBalancerTask (ContainerBalancerTask.java:checkIterationMoveResults(640)) - Iteration Summary. Number of Datanodes involved: 7. Size moved: 50 GB (53687091200 Bytes). Number of Container moves completed: 13.
2023-06-21 17:31:33,535 [main] INFO  balancer.ContainerBalancerTask (ContainerBalancerTask.java:balance(259)) - Result of this iteration of Container Balancer: ITERATION_COMPLETED
2023-06-21 17:31:33,536 [main] INFO  balancer.ContainerBalancerTask (ContainerBalancerTask.java:tryStopWithSaveConfiguration(308)) - Save Configuration for stopping. Reason: Completed all iterations.
2023-06-21 17:31:33,536 [main] DEBUG balancer.ContainerBalancerTask (ContainerBalancerTask.java:initializeIteration(374)) - Average utilization of the cluster is 0.35306711941381913
2023-06-21 17:31:33,536 [main] DEBUG balancer.ContainerBalancerTask (ContainerBalancerTask.java:initializeIteration(386)) - Lower limit for utilization is 0.3514706648868194 and Upper limit for utilization is 0.3546635739408189
2023-06-21 17:31:33,536 [main] DEBUG balancer.ContainerBalancerTask (ContainerBalancerTask.java:initializeIteration(398)) - Utilization for node 01efa234-f908-4c2b-ab0c-194903419a33 with capacity 72775834737B, used 65498251264B, and remaining 7277583473B is 0.9000000000096186
2023-06-21 17:31:33,536 [main] DEBUG balancer.ContainerBalancerTask (ContainerBalancerTask.java:initializeIteration(398)) - Utilization for node 321c84d4-14b7-4af7-906c-e1c1bbae619c with capacity 84557168640B, used 67645734912B, and remaining 16911433728B is 0.8
2023-06-21 17:31:33,536 [main] DEBUG balancer.ContainerBalancerTask (ContainerBalancerTask.java:initializeIteration(398)) - Utilization for node 9246defe-2693-4dab-945d-efd9dd561743 with capacity 87433262811B, used 61203283968B, and remaining 26229978843B is 0.7000000000034312
2023-06-21 17:31:33,536 [main] DEBUG balancer.ContainerBalancerTask (ContainerBalancerTask.java:initializeIteration(398)) - Utilization for node ca4df368-9957-4e8c-8166-de1bf6393313 with capacity 71582788266B, used 42949672960B, and remaining 28633115306B is 0.600000000005588
2023-06-21 17:31:33,537 [main] DEBUG balancer.ContainerBalancerTask (ContainerBalancerTask.java:initializeIteration(398)) - Utilization for node 40942551-d097-4969-9a85-9af0ec1541f4 with capacity 53687091200B, used 26843545600B, and remaining 26843545600B is 0.5
2023-06-21 17:31:33,537 [main] DEBUG balancer.ContainerBalancerTask (ContainerBalancerTask.java:initializeIteration(398)) - Utilization for node fd4dd60a-8bfd-4264-b2bb-fbfc3c54b0cc with capacity 88583700480B, used 35433480192B, and remaining 53150220288B is 0.4
2023-06-21 17:31:33,537 [main] DEBUG balancer.ContainerBalancerTask (ContainerBalancerTask.java:initializeIteration(398)) - Utilization for node 36d3431a-12b9-444e-b99f-4b34fd89578e with capacity 110953321813B, used 33285996544B, and remaining 77667325269B is 0.30000000000090127
2023-06-21 17:31:33,537 [main] DEBUG balancer.ContainerBalancerTask (ContainerBalancerTask.java:initializeIteration(398)) - Utilization for node 27804612-680c-46c1-ac34-1564025500b6 with capacity 150323855360B, used 30064771072B, and remaining 120259084288B is 0.2
2023-06-21 17:31:33,537 [main] DEBUG balancer.ContainerBalancerTask (ContainerBalancerTask.java:initializeIteration(398)) - Utilization for node 085849ae-9e8f-4d0b-940b-e1fb286c907c with capacity 375809638400B, used 37580963840B, and remaining 338228674560B is 0.1
2023-06-21 17:31:33,537 [main] DEBUG balancer.ContainerBalancerTask (ContainerBalancerTask.java:initializeIteration(398)) - Utilization for node c49af212-2b4e-4bd4-b503-6cc4f4e13722 with capacity 38654705664B, used 0B, and remaining 38654705664B is 0.0
2023-06-21 17:31:33,537 [main] INFO  balancer.ContainerBalancerTask (ContainerBalancerTask.java:initializeIteration(447)) - Container Balancer has identified 6 Over-Utilized and 4 Under-Utilized Datanodes that need to be balanced.
2023-06-21 17:31:33,537 [main] DEBUG balancer.ContainerBalancerTask (ContainerBalancerTask.java:lambda$initializeIteration$1(453)) - Datanode localhost-100.204.26.254 01efa234-f908-4c2b-ab0c-194903419a33 is Over-Utilized.
2023-06-21 17:31:33,537 [main] DEBUG balancer.ContainerBalancerTask (ContainerBalancerTask.java:lambda$initializeIteration$1(453)) - Datanode localhost-226.119.138.44 321c84d4-14b7-4af7-906c-e1c1bbae619c is Over-Utilized.
2023-06-21 17:31:33,537 [main] DEBUG balancer.ContainerBalancerTask (ContainerBalancerTask.java:lambda$initializeIteration$1(453)) - Datanode localhost-64.79.142.244 9246defe-2693-4dab-945d-efd9dd561743 is Over-Utilized.
2023-06-21 17:31:33,537 [main] DEBUG balancer.ContainerBalancerTask (ContainerBalancerTask.java:lambda$initializeIteration$1(453)) - Datanode localhost-106.240.243.44 ca4df368-9957-4e8c-8166-de1bf6393313 is Over-Utilized.
2023-06-21 17:31:33,537 [main] DEBUG balancer.ContainerBalancerTask (ContainerBalancerTask.java:lambda$initializeIteration$1(453)) - Datanode localhost-238.211.130.222 40942551-d097-4969-9a85-9af0ec1541f4 is Over-Utilized.
2023-06-21 17:31:33,537 [main] DEBUG balancer.ContainerBalancerTask (ContainerBalancerTask.java:lambda$initializeIteration$1(453)) - Datanode localhost-139.4.25.6 fd4dd60a-8bfd-4264-b2bb-fbfc3c54b0cc is Over-Utilized.
2023-06-21 17:31:33,538 [main] DEBUG balancer.ContainerBalancerTask (ContainerBalancerTask.java:lambda$initializeIteration$2(459)) - Datanode localhost-188.82.244.62 c49af212-2b4e-4bd4-b503-6cc4f4e13722 is Under-Utilized.
2023-06-21 17:31:33,538 [main] DEBUG balancer.ContainerBalancerTask (ContainerBalancerTask.java:lambda$initializeIteration$2(459)) - Datanode localhost-118.77.193.207 085849ae-9e8f-4d0b-940b-e1fb286c907c is Under-Utilized.
2023-06-21 17:31:33,538 [main] DEBUG balancer.ContainerBalancerTask (ContainerBalancerTask.java:lambda$initializeIteration$2(459)) - Datanode localhost-121.86.50.47 27804612-680c-46c1-ac34-1564025500b6 is Under-Utilized.
2023-06-21 17:31:33,538 [main] DEBUG balancer.ContainerBalancerTask (ContainerBalancerTask.java:lambda$initializeIteration$2(459)) - Datanode localhost-175.178.122.94 36d3431a-12b9-444e-b99f-4b34fd89578e is Under-Utilized.
2023-06-21 17:31:33,540 [main] DEBUG balancer.ContainerBalancerTask (ContainerBalancerTask.java:matchSourceWithTarget(706)) - ContainerBalancer is finding suitable target for source datanode 01efa234-f908-4c2b-ab0c-194903419a33
2023-06-21 17:31:33,541 [main] INFO  balancer.ContainerBalancerTask (ContainerBalancerTask.java:matchSourceWithTarget(720)) - ContainerBalancer matched source datanode 01efa234-f908-4c2b-ab0c-194903419a33 with target datanode c49af212-2b4e-4bd4-b503-6cc4f4e13722 for container move.
2023-06-21 17:31:33,541 [main] INFO  balancer.ContainerBalancerTask (ContainerBalancerTask.java:processMoveSelection(569)) - ContainerBalancer is trying to move container #85 with size 5368709120B from source datanode 01efa234-f908-4c2b-ab0c-194903419a33 to target datanode c49af212-2b4e-4bd4-b503-6cc4f4e13722
2023-06-21 17:31:33,541 [main] DEBUG balancer.ContainerBalancerTask (ContainerBalancerTask.java:lambda$moveContainer$3(834)) - Container move completed for container #85 from source 01efa234-f908-4c2b-ab0c-194903419a33 to target c49af212-2b4e-4bd4-b503-6cc4f4e13722
2023-06-21 17:31:33,543 [main] DEBUG balancer.ContainerBalancerTask (ContainerBalancerTask.java:matchSourceWithTarget(706)) - ContainerBalancer is finding suitable target for source datanode 01efa234-f908-4c2b-ab0c-194903419a33
2023-06-21 17:31:33,544 [main] INFO  balancer.ContainerBalancerTask (ContainerBalancerTask.java:matchSourceWithTarget(720)) - ContainerBalancer matched source datanode 01efa234-f908-4c2b-ab0c-194903419a33 with target datanode 085849ae-9e8f-4d0b-940b-e1fb286c907c for container move.
2023-06-21 17:31:33,544 [main] INFO  balancer.ContainerBalancerTask (ContainerBalancerTask.java:processMoveSelection(569)) - ContainerBalancer is trying to move container #68 with size 5368709120B from source datanode 01efa234-f908-4c2b-ab0c-194903419a33 to target datanode 085849ae-9e8f-4d0b-940b-e1fb286c907c
2023-06-21 17:31:33,544 [main] DEBUG balancer.ContainerBalancerTask (ContainerBalancerTask.java:lambda$moveContainer$3(834)) - Container move completed for container #68 from source 01efa234-f908-4c2b-ab0c-194903419a33 to target 085849ae-9e8f-4d0b-940b-e1fb286c907c
2023-06-21 17:31:33,547 [main] DEBUG balancer.ContainerBalancerTask (ContainerBalancerTask.java:matchSourceWithTarget(706)) - ContainerBalancer is finding suitable target for source datanode 321c84d4-14b7-4af7-906c-e1c1bbae619c
2023-06-21 17:31:33,547 [main] INFO  balancer.ContainerBalancerTask (ContainerBalancerTask.java:matchSourceWithTarget(720)) - ContainerBalancer matched source datanode 321c84d4-14b7-4af7-906c-e1c1bbae619c with target datanode 085849ae-9e8f-4d0b-940b-e1fb286c907c for container move.
2023-06-21 17:31:33,547 [main] INFO  balancer.ContainerBalancerTask (ContainerBalancerTask.java:processMoveSelection(569)) - ContainerBalancer is trying to move container #53 with size 5368709120B from source datanode 321c84d4-14b7-4af7-906c-e1c1bbae619c to target datanode 085849ae-9e8f-4d0b-940b-e1fb286c907c
2023-06-21 17:31:33,547 [main] DEBUG balancer.ContainerBalancerTask (ContainerBalancerTask.java:lambda$moveContainer$3(834)) - Container move completed for container #53 from source 321c84d4-14b7-4af7-906c-e1c1bbae619c to target 085849ae-9e8f-4d0b-940b-e1fb286c907c
2023-06-21 17:31:33,550 [main] DEBUG balancer.ContainerBalancerTask (ContainerBalancerTask.java:matchSourceWithTarget(706)) - ContainerBalancer is finding suitable target for source datanode 01efa234-f908-4c2b-ab0c-194903419a33
2023-06-21 17:31:33,550 [main] INFO  balancer.ContainerBalancerTask (ContainerBalancerTask.java:matchSourceWithTarget(720)) - ContainerBalancer matched source datanode 01efa234-f908-4c2b-ab0c-194903419a33 with target datanode 085849ae-9e8f-4d0b-940b-e1fb286c907c for container move.
2023-06-21 17:31:33,550 [main] INFO  balancer.ContainerBalancerTask (ContainerBalancerTask.java:processMoveSelection(569)) - ContainerBalancer is trying to move container #40 with size 5368709120B from source datanode 01efa234-f908-4c2b-ab0c-194903419a33 to target datanode 085849ae-9e8f-4d0b-940b-e1fb286c907c
2023-06-21 17:31:33,550 [main] DEBUG balancer.ContainerBalancerTask (ContainerBalancerTask.java:lambda$moveContainer$3(834)) - Container move completed for container #40 from source 01efa234-f908-4c2b-ab0c-194903419a33 to target 085849ae-9e8f-4d0b-940b-e1fb286c907c
2023-06-21 17:31:33,553 [main] DEBUG balancer.ContainerBalancerTask (ContainerBalancerTask.java:matchSourceWithTarget(706)) - ContainerBalancer is finding suitable target for source datanode 321c84d4-14b7-4af7-906c-e1c1bbae619c
2023-06-21 17:31:33,553 [main] INFO  balancer.ContainerBalancerTask (ContainerBalancerTask.java:matchSourceWithTarget(720)) - ContainerBalancer matched source datanode 321c84d4-14b7-4af7-906c-e1c1bbae619c with target datanode c49af212-2b4e-4bd4-b503-6cc4f4e13722 for container move.
2023-06-21 17:31:33,553 [main] INFO  balancer.ContainerBalancerTask (ContainerBalancerTask.java:processMoveSelection(569)) - ContainerBalancer is trying to move container #89 with size 4294967296B from source datanode 321c84d4-14b7-4af7-906c-e1c1bbae619c to target datanode c49af212-2b4e-4bd4-b503-6cc4f4e13722
2023-06-21 17:31:33,553 [main] DEBUG balancer.ContainerBalancerTask (ContainerBalancerTask.java:lambda$moveContainer$3(834)) - Container move completed for container #89 from source 321c84d4-14b7-4af7-906c-e1c1bbae619c to target c49af212-2b4e-4bd4-b503-6cc4f4e13722
2023-06-21 17:31:33,556 [main] DEBUG balancer.ContainerBalancerTask (ContainerBalancerTask.java:matchSourceWithTarget(706)) - ContainerBalancer is finding suitable target for source datanode 9246defe-2693-4dab-945d-efd9dd561743
2023-06-21 17:31:33,556 [main] INFO  balancer.ContainerBalancerTask (ContainerBalancerTask.java:matchSourceWithTarget(720)) - ContainerBalancer matched source datanode 9246defe-2693-4dab-945d-efd9dd561743 with target datanode 085849ae-9e8f-4d0b-940b-e1fb286c907c for container move.
2023-06-21 17:31:33,556 [main] INFO  balancer.ContainerBalancerTask (ContainerBalancerTask.java:processMoveSelection(569)) - ContainerBalancer is trying to move container #52 with size 4294967296B from source datanode 9246defe-2693-4dab-945d-efd9dd561743 to target datanode 085849ae-9e8f-4d0b-940b-e1fb286c907c
2023-06-21 17:31:33,556 [main] DEBUG balancer.ContainerBalancerTask (ContainerBalancerTask.java:lambda$moveContainer$3(834)) - Container move completed for container #52 from source 9246defe-2693-4dab-945d-efd9dd561743 to target 085849ae-9e8f-4d0b-940b-e1fb286c907c
2023-06-21 17:31:33,559 [main] DEBUG balancer.ContainerBalancerTask (ContainerBalancerTask.java:matchSourceWithTarget(706)) - ContainerBalancer is finding suitable target for source datanode 321c84d4-14b7-4af7-906c-e1c1bbae619c
2023-06-21 17:31:33,559 [main] INFO  balancer.ContainerBalancerTask (ContainerBalancerTask.java:matchSourceWithTarget(720)) - ContainerBalancer matched source datanode 321c84d4-14b7-4af7-906c-e1c1bbae619c with target datanode 085849ae-9e8f-4d0b-940b-e1fb286c907c for container move.
2023-06-21 17:31:33,560 [main] INFO  balancer.ContainerBalancerTask (ContainerBalancerTask.java:processMoveSelection(569)) - ContainerBalancer is trying to move container #39 with size 4294967296B from source datanode 321c84d4-14b7-4af7-906c-e1c1bbae619c to target datanode 085849ae-9e8f-4d0b-940b-e1fb286c907c
2023-06-21 17:31:33,560 [main] DEBUG balancer.ContainerBalancerTask (ContainerBalancerTask.java:lambda$moveContainer$3(834)) - Container move completed for container #39 from source 321c84d4-14b7-4af7-906c-e1c1bbae619c to target 085849ae-9e8f-4d0b-940b-e1fb286c907c
2023-06-21 17:31:33,562 [main] DEBUG balancer.ContainerBalancerTask (ContainerBalancerTask.java:matchSourceWithTarget(706)) - ContainerBalancer is finding suitable target for source datanode 01efa234-f908-4c2b-ab0c-194903419a33
2023-06-21 17:31:33,563 [main] INFO  balancer.ContainerBalancerTask (ContainerBalancerTask.java:matchSourceWithTarget(720)) - ContainerBalancer matched source datanode 01efa234-f908-4c2b-ab0c-194903419a33 with target datanode 085849ae-9e8f-4d0b-940b-e1fb286c907c for container move.
2023-06-21 17:31:33,563 [main] INFO  balancer.ContainerBalancerTask (ContainerBalancerTask.java:processMoveSelection(569)) - ContainerBalancer is trying to move container #84 with size 4294967296B from source datanode 01efa234-f908-4c2b-ab0c-194903419a33 to target datanode 085849ae-9e8f-4d0b-940b-e1fb286c907c
2023-06-21 17:31:33,563 [main] DEBUG balancer.ContainerBalancerTask (ContainerBalancerTask.java:lambda$moveContainer$3(834)) - Container move completed for container #84 from source 01efa234-f908-4c2b-ab0c-194903419a33 to target 085849ae-9e8f-4d0b-940b-e1fb286c907c
2023-06-21 17:31:33,566 [main] DEBUG balancer.ContainerBalancerTask (ContainerBalancerTask.java:matchSourceWithTarget(706)) - ContainerBalancer is finding suitable target for source datanode 9246defe-2693-4dab-945d-efd9dd561743
2023-06-21 17:31:33,566 [main] INFO  balancer.ContainerBalancerTask (ContainerBalancerTask.java:matchSourceWithTarget(720)) - ContainerBalancer matched source datanode 9246defe-2693-4dab-945d-efd9dd561743 with target datanode 085849ae-9e8f-4d0b-940b-e1fb286c907c for container move.
2023-06-21 17:31:33,566 [main] INFO  balancer.ContainerBalancerTask (ContainerBalancerTask.java:processMoveSelection(569)) - ContainerBalancer is trying to move container #88 with size 3221225472B from source datanode 9246defe-2693-4dab-945d-efd9dd561743 to target datanode 085849ae-9e8f-4d0b-940b-e1fb286c907c
2023-06-21 17:31:33,566 [main] DEBUG balancer.ContainerBalancerTask (ContainerBalancerTask.java:lambda$moveContainer$3(834)) - Container move completed for container #88 from source 9246defe-2693-4dab-945d-efd9dd561743 to target 085849ae-9e8f-4d0b-940b-e1fb286c907c
2023-06-21 17:31:33,569 [main] DEBUG balancer.ContainerBalancerTask (ContainerBalancerTask.java:matchSourceWithTarget(706)) - ContainerBalancer is finding suitable target for source datanode 321c84d4-14b7-4af7-906c-e1c1bbae619c
2023-06-21 17:31:33,569 [main] INFO  balancer.ContainerBalancerTask (ContainerBalancerTask.java:matchSourceWithTarget(720)) - ContainerBalancer matched source datanode 321c84d4-14b7-4af7-906c-e1c1bbae619c with target datanode 085849ae-9e8f-4d0b-940b-e1fb286c907c for container move.
2023-06-21 17:31:33,569 [main] INFO  balancer.ContainerBalancerTask (ContainerBalancerTask.java:processMoveSelection(569)) - ContainerBalancer is trying to move container #71 with size 3221225472B from source datanode 321c84d4-14b7-4af7-906c-e1c1bbae619c to target datanode 085849ae-9e8f-4d0b-940b-e1fb286c907c
2023-06-21 17:31:33,570 [main] DEBUG balancer.ContainerBalancerTask (ContainerBalancerTask.java:lambda$moveContainer$3(834)) - Container move completed for container #71 from source 321c84d4-14b7-4af7-906c-e1c1bbae619c to target 085849ae-9e8f-4d0b-940b-e1fb286c907c
2023-06-21 17:31:33,573 [main] DEBUG balancer.ContainerBalancerTask (ContainerBalancerTask.java:matchSourceWithTarget(706)) - ContainerBalancer is finding suitable target for source datanode 01efa234-f908-4c2b-ab0c-194903419a33
2023-06-21 17:31:33,573 [main] INFO  balancer.ContainerBalancerTask (ContainerBalancerTask.java:matchSourceWithTarget(720)) - ContainerBalancer matched source datanode 01efa234-f908-4c2b-ab0c-194903419a33 with target datanode 085849ae-9e8f-4d0b-940b-e1fb286c907c for container move.
2023-06-21 17:31:33,573 [main] INFO  balancer.ContainerBalancerTask (ContainerBalancerTask.java:processMoveSelection(569)) - ContainerBalancer is trying to move container #19 with size 4294967296B from source datanode 01efa234-f908-4c2b-ab0c-194903419a33 to target datanode 085849ae-9e8f-4d0b-940b-e1fb286c907c
2023-06-21 17:31:33,573 [main] DEBUG balancer.ContainerBalancerTask (ContainerBalancerTask.java:lambda$moveContainer$3(834)) - Container move completed for container #19 from source 01efa234-f908-4c2b-ab0c-194903419a33 to target 085849ae-9e8f-4d0b-940b-e1fb286c907c
2023-06-21 17:31:33,576 [main] DEBUG balancer.ContainerBalancerTask (ContainerBalancerTask.java:matchSourceWithTarget(706)) - ContainerBalancer is finding suitable target for source datanode 9246defe-2693-4dab-945d-efd9dd561743
2023-06-21 17:31:33,576 [main] INFO  balancer.ContainerBalancerTask (ContainerBalancerTask.java:matchSourceWithTarget(720)) - ContainerBalancer matched source datanode 9246defe-2693-4dab-945d-efd9dd561743 with target datanode 27804612-680c-46c1-ac34-1564025500b6 for container move.
2023-06-21 17:31:33,576 [main] INFO  balancer.ContainerBalancerTask (ContainerBalancerTask.java:processMoveSelection(569)) - ContainerBalancer is trying to move container #51 with size 3221225472B from source datanode 9246defe-2693-4dab-945d-efd9dd561743 to target datanode 27804612-680c-46c1-ac34-1564025500b6
2023-06-21 17:31:33,576 [main] DEBUG balancer.ContainerBalancerTask (ContainerBalancerTask.java:lambda$moveContainer$3(834)) - Container move completed for container #51 from source 9246defe-2693-4dab-945d-efd9dd561743 to target 27804612-680c-46c1-ac34-1564025500b6
2023-06-21 17:31:33,578 [main] DEBUG balancer.ContainerBalancerTask (ContainerBalancerTask.java:matchSourceWithTarget(706)) - ContainerBalancer is finding suitable target for source datanode ca4df368-9957-4e8c-8166-de1bf6393313
2023-06-21 17:31:33,578 [main] INFO  balancer.ContainerBalancerTask (ContainerBalancerTask.java:matchSourceWithTarget(720)) - ContainerBalancer matched source datanode ca4df368-9957-4e8c-8166-de1bf6393313 with target datanode 085849ae-9e8f-4d0b-940b-e1fb286c907c for container move.
2023-06-21 17:31:33,578 [main] INFO  balancer.ContainerBalancerTask (ContainerBalancerTask.java:processMoveSelection(569)) - ContainerBalancer is trying to move container #36 with size 1073741824B from source datanode ca4df368-9957-4e8c-8166-de1bf6393313 to target datanode 085849ae-9e8f-4d0b-940b-e1fb286c907c
2023-06-21 17:31:33,579 [main] DEBUG balancer.ContainerBalancerTask (ContainerBalancerTask.java:lambda$moveContainer$3(834)) - Container move completed for container #36 from source ca4df368-9957-4e8c-8166-de1bf6393313 to target 085849ae-9e8f-4d0b-940b-e1fb286c907c
2023-06-21 17:31:33,579 [main] WARN  balancer.ContainerBalancerTask (ContainerBalancerTask.java:reachedMaxSizeToMovePerIteration(731)) - Reached max size to move limit. 53687091200 bytes have already been scheduled for balancing and the limit is 53687091200 bytes.
2023-06-21 17:31:33,579 [main] INFO  balancer.ContainerBalancerTask (ContainerBalancerTask.java:checkIterationMoveResults(640)) - Iteration Summary. Number of Datanodes involved: 7. Size moved: 50 GB (53687091200 Bytes). Number of Container moves completed: 13.
2023-06-21 17:31:33,579 [main] INFO  balancer.ContainerBalancerTask (ContainerBalancerTask.java:balance(259)) - Result of this iteration of Container Balancer: ITERATION_COMPLETED
2023-06-21 17:31:33,579 [main] INFO  balancer.ContainerBalancerTask (ContainerBalancerTask.java:tryStopWithSaveConfiguration(308)) - Save Configuration for stopping. Reason: Completed all iterations.
2023-06-21 17:31:33,580 [main] DEBUG balancer.ContainerBalancerTask (ContainerBalancerTask.java:initializeIteration(374)) - Average utilization of the cluster is 0.35306711941381913
2023-06-21 17:31:33,580 [main] DEBUG balancer.ContainerBalancerTask (ContainerBalancerTask.java:initializeIteration(386)) - Lower limit for utilization is -0.0495752349069663 and Upper limit for utilization is 0.7557094737346046
2023-06-21 17:31:33,580 [main] DEBUG balancer.ContainerBalancerTask (ContainerBalancerTask.java:initializeIteration(398)) - Utilization for node 01efa234-f908-4c2b-ab0c-194903419a33 with capacity 72775834737B, used 65498251264B, and remaining 7277583473B is 0.9000000000096186
2023-06-21 17:31:33,580 [main] DEBUG balancer.ContainerBalancerTask (ContainerBalancerTask.java:initializeIteration(398)) - Utilization for node 321c84d4-14b7-4af7-906c-e1c1bbae619c with capacity 84557168640B, used 67645734912B, and remaining 16911433728B is 0.8
2023-06-21 17:31:33,580 [main] DEBUG balancer.ContainerBalancerTask (ContainerBalancerTask.java:initializeIteration(398)) - Utilization for node 9246defe-2693-4dab-945d-efd9dd561743 with capacity 87433262811B, used 61203283968B, and remaining 26229978843B is 0.7000000000034312
2023-06-21 17:31:33,580 [main] DEBUG balancer.ContainerBalancerTask (ContainerBalancerTask.java:initializeIteration(398)) - Utilization for node ca4df368-9957-4e8c-8166-de1bf6393313 with capacity 71582788266B, used 42949672960B, and remaining 28633115306B is 0.600000000005588
2023-06-21 17:31:33,580 [main] DEBUG balancer.ContainerBalancerTask (ContainerBalancerTask.java:initializeIteration(398)) - Utilization for node 40942551-d097-4969-9a85-9af0ec1541f4 with capacity 53687091200B, used 26843545600B, and remaining 26843545600B is 0.5
2023-06-21 17:31:33,580 [main] DEBUG balancer.ContainerBalancerTask (ContainerBalancerTask.java:initializeIteration(398)) - Utilization for node fd4dd60a-8bfd-4264-b2bb-fbfc3c54b0cc with capacity 88583700480B, used 35433480192B, and remaining 53150220288B is 0.4
2023-06-21 17:31:33,581 [main] DEBUG balancer.ContainerBalancerTask (ContainerBalancerTask.java:initializeIteration(398)) - Utilization for node 36d3431a-12b9-444e-b99f-4b34fd89578e with capacity 110953321813B, used 33285996544B, and remaining 77667325269B is 0.30000000000090127
2023-06-21 17:31:33,581 [main] DEBUG balancer.ContainerBalancerTask (ContainerBalancerTask.java:initializeIteration(398)) - Utilization for node 27804612-680c-46c1-ac34-1564025500b6 with capacity 150323855360B, used 30064771072B, and remaining 120259084288B is 0.2
2023-06-21 17:31:33,581 [main] DEBUG balancer.ContainerBalancerTask (ContainerBalancerTask.java:initializeIteration(398)) - Utilization for node 085849ae-9e8f-4d0b-940b-e1fb286c907c with capacity 375809638400B, used 37580963840B, and remaining 338228674560B is 0.1
2023-06-21 17:31:33,581 [main] DEBUG balancer.ContainerBalancerTask (ContainerBalancerTask.java:initializeIteration(398)) - Utilization for node c49af212-2b4e-4bd4-b503-6cc4f4e13722 with capacity 38654705664B, used 0B, and remaining 38654705664B is 0.0
2023-06-21 17:31:33,581 [main] INFO  balancer.ContainerBalancerTask (ContainerBalancerTask.java:initializeIteration(447)) - Container Balancer has identified 2 Over-Utilized and 0 Under-Utilized Datanodes that need to be balanced.
2023-06-21 17:31:33,581 [main] DEBUG balancer.ContainerBalancerTask (ContainerBalancerTask.java:lambda$initializeIteration$1(453)) - Datanode localhost-100.204.26.254 01efa234-f908-4c2b-ab0c-194903419a33 is Over-Utilized.
2023-06-21 17:31:33,581 [main] DEBUG balancer.ContainerBalancerTask (ContainerBalancerTask.java:lambda$initializeIteration$1(453)) - Datanode localhost-226.119.138.44 321c84d4-14b7-4af7-906c-e1c1bbae619c is Over-Utilized.
2023-06-21 17:31:33,584 [main] DEBUG balancer.ContainerBalancerTask (ContainerBalancerTask.java:matchSourceWithTarget(706)) - ContainerBalancer is finding suitable target for source datanode 01efa234-f908-4c2b-ab0c-194903419a33
2023-06-21 17:31:33,584 [main] INFO  balancer.FindTargetGreedyByUsageInfo (AbstractFindTargetGreedy.java:findTargetForContainerMove(133)) - Container Balancer could not find a target for source datanode 01efa234-f908-4c2b-ab0c-194903419a33
2023-06-21 17:31:33,584 [main] DEBUG balancer.ContainerBalancerTask (ContainerBalancerTask.java:matchSourceWithTarget(715)) - ContainerBalancer could not find a suitable target for source node 01efa234-f908-4c2b-ab0c-194903419a33.
2023-06-21 17:31:33,586 [main] DEBUG balancer.ContainerBalancerTask (ContainerBalancerTask.java:matchSourceWithTarget(706)) - ContainerBalancer is finding suitable target for source datanode 321c84d4-14b7-4af7-906c-e1c1bbae619c
2023-06-21 17:31:33,586 [main] INFO  balancer.FindTargetGreedyByUsageInfo (AbstractFindTargetGreedy.java:findTargetForContainerMove(133)) - Container Balancer could not find a target for source datanode 321c84d4-14b7-4af7-906c-e1c1bbae619c
2023-06-21 17:31:33,587 [main] DEBUG balancer.ContainerBalancerTask (ContainerBalancerTask.java:matchSourceWithTarget(715)) - ContainerBalancer could not find a suitable target for source node 321c84d4-14b7-4af7-906c-e1c1bbae619c.
2023-06-21 17:31:33,587 [main] INFO  balancer.FindSourceGreedy (FindSourceGreedy.java:getNextCandidateSourceDataNode(126)) - no more candidate source data node
2023-06-21 17:31:33,587 [main] INFO  balancer.ContainerBalancerTask (ContainerBalancerTask.java:balance(259)) - Result of this iteration of Container Balancer: CAN_NOT_BALANCE_ANY_MORE
2023-06-21 17:31:33,587 [main] INFO  balancer.ContainerBalancerTask (ContainerBalancerTask.java:tryStopWithSaveConfiguration(308)) - Save Configuration for stopping. Reason: CAN_NOT_BALANCE_ANY_MORE
2023-06-21 17:31:33,587 [main] DEBUG balancer.ContainerBalancerTask (ContainerBalancerTask.java:initializeIteration(374)) - Average utilization of the cluster is 0.35306711941381913
2023-06-21 17:31:33,588 [main] DEBUG balancer.ContainerBalancerTask (ContainerBalancerTask.java:initializeIteration(386)) - Lower limit for utilization is -0.20480211771082651 and Upper limit for utilization is 0.9109363565384647
2023-06-21 17:31:33,588 [main] DEBUG balancer.ContainerBalancerTask (ContainerBalancerTask.java:initializeIteration(398)) - Utilization for node 01efa234-f908-4c2b-ab0c-194903419a33 with capacity 72775834737B, used 65498251264B, and remaining 7277583473B is 0.9000000000096186
2023-06-21 17:31:33,588 [main] DEBUG balancer.ContainerBalancerTask (ContainerBalancerTask.java:initializeIteration(398)) - Utilization for node 321c84d4-14b7-4af7-906c-e1c1bbae619c with capacity 84557168640B, used 67645734912B, and remaining 16911433728B is 0.8
2023-06-21 17:31:33,588 [main] DEBUG balancer.ContainerBalancerTask (ContainerBalancerTask.java:initializeIteration(398)) - Utilization for node 9246defe-2693-4dab-945d-efd9dd561743 with capacity 87433262811B, used 61203283968B, and remaining 26229978843B is 0.7000000000034312
2023-06-21 17:31:33,588 [main] DEBUG balancer.ContainerBalancerTask (ContainerBalancerTask.java:initializeIteration(398)) - Utilization for node ca4df368-9957-4e8c-8166-de1bf6393313 with capacity 71582788266B, used 42949672960B, and remaining 28633115306B is 0.600000000005588
2023-06-21 17:31:33,588 [main] DEBUG balancer.ContainerBalancerTask (ContainerBalancerTask.java:initializeIteration(398)) - Utilization for node 40942551-d097-4969-9a85-9af0ec1541f4 with capacity 53687091200B, used 26843545600B, and remaining 26843545600B is 0.5
2023-06-21 17:31:33,588 [main] DEBUG balancer.ContainerBalancerTask (ContainerBalancerTask.java:initializeIteration(398)) - Utilization for node fd4dd60a-8bfd-4264-b2bb-fbfc3c54b0cc with capacity 88583700480B, used 35433480192B, and remaining 53150220288B is 0.4
2023-06-21 17:31:33,588 [main] DEBUG balancer.ContainerBalancerTask (ContainerBalancerTask.java:initializeIteration(398)) - Utilization for node 36d3431a-12b9-444e-b99f-4b34fd89578e with capacity 110953321813B, used 33285996544B, and remaining 77667325269B is 0.30000000000090127
2023-06-21 17:31:33,588 [main] DEBUG balancer.ContainerBalancerTask (ContainerBalancerTask.java:initializeIteration(398)) - Utilization for node 27804612-680c-46c1-ac34-1564025500b6 with capacity 150323855360B, used 30064771072B, and remaining 120259084288B is 0.2
2023-06-21 17:31:33,588 [main] DEBUG balancer.ContainerBalancerTask (ContainerBalancerTask.java:initializeIteration(398)) - Utilization for node 085849ae-9e8f-4d0b-940b-e1fb286c907c with capacity 375809638400B, used 37580963840B, and remaining 338228674560B is 0.1
2023-06-21 17:31:33,588 [main] DEBUG balancer.ContainerBalancerTask (ContainerBalancerTask.java:initializeIteration(398)) - Utilization for node c49af212-2b4e-4bd4-b503-6cc4f4e13722 with capacity 38654705664B, used 0B, and remaining 38654705664B is 0.0
2023-06-21 17:31:33,588 [main] INFO  balancer.ContainerBalancerTask (ContainerBalancerTask.java:initializeIteration(443)) - Did not find any unbalanced Datanodes.
2023-06-21 17:31:33,588 [main] INFO  balancer.ContainerBalancerTask (ContainerBalancerTask.java:tryStopWithSaveConfiguration(308)) - Save Configuration for stopping. Reason: Could not initialize ContainerBalancer's iteration number 0
2023-06-21 17:31:33,589 [main] DEBUG balancer.ContainerBalancerTask (ContainerBalancerTask.java:initializeIteration(374)) - Average utilization of the cluster is 0.35306711941381913
2023-06-21 17:31:33,589 [main] DEBUG balancer.ContainerBalancerTask (ContainerBalancerTask.java:initializeIteration(386)) - Lower limit for utilization is -0.04398262336616304 and Upper limit for utilization is 0.7501168621938012
2023-06-21 17:31:33,589 [main] DEBUG balancer.ContainerBalancerTask (ContainerBalancerTask.java:initializeIteration(398)) - Utilization for node 01efa234-f908-4c2b-ab0c-194903419a33 with capacity 72775834737B, used 65498251264B, and remaining 7277583473B is 0.9000000000096186
2023-06-21 17:31:33,589 [main] DEBUG balancer.ContainerBalancerTask (ContainerBalancerTask.java:initializeIteration(398)) - Utilization for node 321c84d4-14b7-4af7-906c-e1c1bbae619c with capacity 84557168640B, used 67645734912B, and remaining 16911433728B is 0.8
2023-06-21 17:31:33,589 [main] DEBUG balancer.ContainerBalancerTask (ContainerBalancerTask.java:initializeIteration(398)) - Utilization for node 9246defe-2693-4dab-945d-efd9dd561743 with capacity 87433262811B, used 61203283968B, and remaining 26229978843B is 0.7000000000034312
2023-06-21 17:31:33,589 [main] DEBUG balancer.ContainerBalancerTask (ContainerBalancerTask.java:initializeIteration(398)) - Utilization for node ca4df368-9957-4e8c-8166-de1bf6393313 with capacity 71582788266B, used 42949672960B, and remaining 28633115306B is 0.600000000005588
2023-06-21 17:31:33,590 [main] DEBUG balancer.ContainerBalancerTask (ContainerBalancerTask.java:initializeIteration(398)) - Utilization for node 40942551-d097-4969-9a85-9af0ec1541f4 with capacity 53687091200B, used 26843545600B, and remaining 26843545600B is 0.5
2023-06-21 17:31:33,590 [main] DEBUG balancer.ContainerBalancerTask (ContainerBalancerTask.java:initializeIteration(398)) - Utilization for node fd4dd60a-8bfd-4264-b2bb-fbfc3c54b0cc with capacity 88583700480B, used 35433480192B, and remaining 53150220288B is 0.4
2023-06-21 17:31:33,590 [main] DEBUG balancer.ContainerBalancerTask (ContainerBalancerTask.java:initializeIteration(398)) - Utilization for node 36d3431a-12b9-444e-b99f-4b34fd89578e with capacity 110953321813B, used 33285996544B, and remaining 77667325269B is 0.30000000000090127
2023-06-21 17:31:33,590 [main] DEBUG balancer.ContainerBalancerTask (ContainerBalancerTask.java:initializeIteration(398)) - Utilization for node 27804612-680c-46c1-ac34-1564025500b6 with capacity 150323855360B, used 30064771072B, and remaining 120259084288B is 0.2
2023-06-21 17:31:33,590 [main] DEBUG balancer.ContainerBalancerTask (ContainerBalancerTask.java:initializeIteration(398)) - Utilization for node 085849ae-9e8f-4d0b-940b-e1fb286c907c with capacity 375809638400B, used 37580963840B, and remaining 338228674560B is 0.1
2023-06-21 17:31:33,590 [main] DEBUG balancer.ContainerBalancerTask (ContainerBalancerTask.java:initializeIteration(398)) - Utilization for node c49af212-2b4e-4bd4-b503-6cc4f4e13722 with capacity 38654705664B, used 0B, and remaining 38654705664B is 0.0
2023-06-21 17:31:33,590 [main] INFO  balancer.ContainerBalancerTask (ContainerBalancerTask.java:initializeIteration(447)) - Container Balancer has identified 2 Over-Utilized and 0 Under-Utilized Datanodes that need to be balanced.
2023-06-21 17:31:33,590 [main] DEBUG balancer.ContainerBalancerTask (ContainerBalancerTask.java:lambda$initializeIteration$1(453)) - Datanode localhost-100.204.26.254 01efa234-f908-4c2b-ab0c-194903419a33 is Over-Utilized.
2023-06-21 17:31:33,590 [main] DEBUG balancer.ContainerBalancerTask (ContainerBalancerTask.java:lambda$initializeIteration$1(453)) - Datanode localhost-226.119.138.44 321c84d4-14b7-4af7-906c-e1c1bbae619c is Over-Utilized.
2023-06-21 17:31:33,593 [main] DEBUG balancer.ContainerBalancerTask (ContainerBalancerTask.java:matchSourceWithTarget(706)) - ContainerBalancer is finding suitable target for source datanode 01efa234-f908-4c2b-ab0c-194903419a33
2023-06-21 17:31:33,593 [main] INFO  balancer.FindTargetGreedyByUsageInfo (AbstractFindTargetGreedy.java:findTargetForContainerMove(133)) - Container Balancer could not find a target for source datanode 01efa234-f908-4c2b-ab0c-194903419a33
2023-06-21 17:31:33,593 [main] DEBUG balancer.ContainerBalancerTask (ContainerBalancerTask.java:matchSourceWithTarget(715)) - ContainerBalancer could not find a suitable target for source node 01efa234-f908-4c2b-ab0c-194903419a33.
2023-06-21 17:31:33,596 [main] DEBUG balancer.ContainerBalancerTask (ContainerBalancerTask.java:matchSourceWithTarget(706)) - ContainerBalancer is finding suitable target for source datanode 321c84d4-14b7-4af7-906c-e1c1bbae619c
2023-06-21 17:31:33,596 [main] INFO  balancer.FindTargetGreedyByUsageInfo (AbstractFindTargetGreedy.java:findTargetForContainerMove(133)) - Container Balancer could not find a target for source datanode 321c84d4-14b7-4af7-906c-e1c1bbae619c
2023-06-21 17:31:33,596 [main] DEBUG balancer.ContainerBalancerTask (ContainerBalancerTask.java:matchSourceWithTarget(715)) - ContainerBalancer could not find a suitable target for source node 321c84d4-14b7-4af7-906c-e1c1bbae619c.
2023-06-21 17:31:33,596 [main] INFO  balancer.FindSourceGreedy (FindSourceGreedy.java:getNextCandidateSourceDataNode(126)) - no more candidate source data node
2023-06-21 17:31:33,596 [main] INFO  balancer.ContainerBalancerTask (ContainerBalancerTask.java:balance(259)) - Result of this iteration of Container Balancer: CAN_NOT_BALANCE_ANY_MORE
2023-06-21 17:31:33,596 [main] INFO  balancer.ContainerBalancerTask (ContainerBalancerTask.java:tryStopWithSaveConfiguration(308)) - Save Configuration for stopping. Reason: CAN_NOT_BALANCE_ANY_MORE
2023-06-21 17:31:33,597 [main] DEBUG balancer.ContainerBalancerTask (ContainerBalancerTask.java:initializeIteration(374)) - Average utilization of the cluster is 0.35306711941381913
2023-06-21 17:31:33,597 [main] DEBUG balancer.ContainerBalancerTask (ContainerBalancerTask.java:initializeIteration(386)) - Lower limit for utilization is -0.21565808357783195 and Upper limit for utilization is 0.9217923224054703
2023-06-21 17:31:33,597 [main] DEBUG balancer.ContainerBalancerTask (ContainerBalancerTask.java:initializeIteration(398)) - Utilization for node 01efa234-f908-4c2b-ab0c-194903419a33 with capacity 72775834737B, used 65498251264B, and remaining 7277583473B is 0.9000000000096186
2023-06-21 17:31:33,597 [main] DEBUG balancer.ContainerBalancerTask (ContainerBalancerTask.java:initializeIteration(398)) - Utilization for node 321c84d4-14b7-4af7-906c-e1c1bbae619c with capacity 84557168640B, used 67645734912B, and remaining 16911433728B is 0.8
2023-06-21 17:31:33,597 [main] DEBUG balancer.ContainerBalancerTask (ContainerBalancerTask.java:initializeIteration(398)) - Utilization for node 9246defe-2693-4dab-945d-efd9dd561743 with capacity 87433262811B, used 61203283968B, and remaining 26229978843B is 0.7000000000034312
2023-06-21 17:31:33,597 [main] DEBUG balancer.ContainerBalancerTask (ContainerBalancerTask.java:initializeIteration(398)) - Utilization for node ca4df368-9957-4e8c-8166-de1bf6393313 with capacity 71582788266B, used 42949672960B, and remaining 28633115306B is 0.600000000005588
2023-06-21 17:31:33,597 [main] DEBUG balancer.ContainerBalancerTask (ContainerBalancerTask.java:initializeIteration(398)) - Utilization for node 40942551-d097-4969-9a85-9af0ec1541f4 with capacity 53687091200B, used 26843545600B, and remaining 26843545600B is 0.5
2023-06-21 17:31:33,597 [main] DEBUG balancer.ContainerBalancerTask (ContainerBalancerTask.java:initializeIteration(398)) - Utilization for node fd4dd60a-8bfd-4264-b2bb-fbfc3c54b0cc with capacity 88583700480B, used 35433480192B, and remaining 53150220288B is 0.4
2023-06-21 17:31:33,597 [main] DEBUG balancer.ContainerBalancerTask (ContainerBalancerTask.java:initializeIteration(398)) - Utilization for node 36d3431a-12b9-444e-b99f-4b34fd89578e with capacity 110953321813B, used 33285996544B, and remaining 77667325269B is 0.30000000000090127
2023-06-21 17:31:33,597 [main] DEBUG balancer.ContainerBalancerTask (ContainerBalancerTask.java:initializeIteration(398)) - Utilization for node 27804612-680c-46c1-ac34-1564025500b6 with capacity 150323855360B, used 30064771072B, and remaining 120259084288B is 0.2
2023-06-21 17:31:33,597 [main] DEBUG balancer.ContainerBalancerTask (ContainerBalancerTask.java:initializeIteration(398)) - Utilization for node 085849ae-9e8f-4d0b-940b-e1fb286c907c with capacity 375809638400B, used 37580963840B, and remaining 338228674560B is 0.1
2023-06-21 17:31:33,597 [main] DEBUG balancer.ContainerBalancerTask (ContainerBalancerTask.java:initializeIteration(398)) - Utilization for node c49af212-2b4e-4bd4-b503-6cc4f4e13722 with capacity 38654705664B, used 0B, and remaining 38654705664B is 0.0
2023-06-21 17:31:33,597 [main] INFO  balancer.ContainerBalancerTask (ContainerBalancerTask.java:initializeIteration(443)) - Did not find any unbalanced Datanodes.
2023-06-21 17:31:33,598 [main] INFO  balancer.ContainerBalancerTask (ContainerBalancerTask.java:tryStopWithSaveConfiguration(308)) - Save Configuration for stopping. Reason: Could not initialize ContainerBalancer's iteration number 0
2023-06-21 17:31:33,598 [main] DEBUG balancer.ContainerBalancerTask (ContainerBalancerTask.java:initializeIteration(374)) - Average utilization of the cluster is 0.35306711941381913
2023-06-21 17:31:33,598 [main] DEBUG balancer.ContainerBalancerTask (ContainerBalancerTask.java:initializeIteration(386)) - Lower limit for utilization is -0.44056148135529855 and Upper limit for utilization is 1.1466957201829369
2023-06-21 17:31:33,598 [main] DEBUG balancer.ContainerBalancerTask (ContainerBalancerTask.java:initializeIteration(398)) - Utilization for node 01efa234-f908-4c2b-ab0c-194903419a33 with capacity 72775834737B, used 65498251264B, and remaining 7277583473B is 0.9000000000096186
2023-06-21 17:31:33,598 [main] DEBUG balancer.ContainerBalancerTask (ContainerBalancerTask.java:initializeIteration(398)) - Utilization for node 321c84d4-14b7-4af7-906c-e1c1bbae619c with capacity 84557168640B, used 67645734912B, and remaining 16911433728B is 0.8
2023-06-21 17:31:33,598 [main] DEBUG balancer.ContainerBalancerTask (ContainerBalancerTask.java:initializeIteration(398)) - Utilization for node 9246defe-2693-4dab-945d-efd9dd561743 with capacity 87433262811B, used 61203283968B, and remaining 26229978843B is 0.7000000000034312
2023-06-21 17:31:33,599 [main] DEBUG balancer.ContainerBalancerTask (ContainerBalancerTask.java:initializeIteration(398)) - Utilization for node ca4df368-9957-4e8c-8166-de1bf6393313 with capacity 71582788266B, used 42949672960B, and remaining 28633115306B is 0.600000000005588
2023-06-21 17:31:33,599 [main] DEBUG balancer.ContainerBalancerTask (ContainerBalancerTask.java:initializeIteration(398)) - Utilization for node 40942551-d097-4969-9a85-9af0ec1541f4 with capacity 53687091200B, used 26843545600B, and remaining 26843545600B is 0.5
2023-06-21 17:31:33,599 [main] DEBUG balancer.ContainerBalancerTask (ContainerBalancerTask.java:initializeIteration(398)) - Utilization for node fd4dd60a-8bfd-4264-b2bb-fbfc3c54b0cc with capacity 88583700480B, used 35433480192B, and remaining 53150220288B is 0.4
2023-06-21 17:31:33,599 [main] DEBUG balancer.ContainerBalancerTask (ContainerBalancerTask.java:initializeIteration(398)) - Utilization for node 36d3431a-12b9-444e-b99f-4b34fd89578e with capacity 110953321813B, used 33285996544B, and remaining 77667325269B is 0.30000000000090127
2023-06-21 17:31:33,599 [main] DEBUG balancer.ContainerBalancerTask (ContainerBalancerTask.java:initializeIteration(398)) - Utilization for node 27804612-680c-46c1-ac34-1564025500b6 with capacity 150323855360B, used 30064771072B, and remaining 120259084288B is 0.2
2023-06-21 17:31:33,599 [main] DEBUG balancer.ContainerBalancerTask (ContainerBalancerTask.java:initializeIteration(398)) - Utilization for node 085849ae-9e8f-4d0b-940b-e1fb286c907c with capacity 375809638400B, used 37580963840B, and remaining 338228674560B is 0.1
2023-06-21 17:31:33,599 [main] DEBUG balancer.ContainerBalancerTask (ContainerBalancerTask.java:initializeIteration(398)) - Utilization for node c49af212-2b4e-4bd4-b503-6cc4f4e13722 with capacity 38654705664B, used 0B, and remaining 38654705664B is 0.0
2023-06-21 17:31:33,599 [main] INFO  balancer.ContainerBalancerTask (ContainerBalancerTask.java:initializeIteration(443)) - Did not find any unbalanced Datanodes.
2023-06-21 17:31:33,599 [main] INFO  balancer.ContainerBalancerTask (ContainerBalancerTask.java:tryStopWithSaveConfiguration(308)) - Save Configuration for stopping. Reason: Could not initialize ContainerBalancer's iteration number 0
2023-06-21 17:31:33,600 [main] DEBUG balancer.ContainerBalancerTask (ContainerBalancerTask.java:initializeIteration(374)) - Average utilization of the cluster is 0.35306711941381913
2023-06-21 17:31:33,600 [main] DEBUG balancer.ContainerBalancerTask (ContainerBalancerTask.java:initializeIteration(386)) - Lower limit for utilization is -0.599573614492491 and Upper limit for utilization is 1.3057078533201294
2023-06-21 17:31:33,600 [main] DEBUG balancer.ContainerBalancerTask (ContainerBalancerTask.java:initializeIteration(398)) - Utilization for node 01efa234-f908-4c2b-ab0c-194903419a33 with capacity 72775834737B, used 65498251264B, and remaining 7277583473B is 0.9000000000096186
2023-06-21 17:31:33,600 [main] DEBUG balancer.ContainerBalancerTask (ContainerBalancerTask.java:initializeIteration(398)) - Utilization for node 321c84d4-14b7-4af7-906c-e1c1bbae619c with capacity 84557168640B, used 67645734912B, and remaining 16911433728B is 0.8
2023-06-21 17:31:33,600 [main] DEBUG balancer.ContainerBalancerTask (ContainerBalancerTask.java:initializeIteration(398)) - Utilization for node 9246defe-2693-4dab-945d-efd9dd561743 with capacity 87433262811B, used 61203283968B, and remaining 26229978843B is 0.7000000000034312
2023-06-21 17:31:33,600 [main] DEBUG balancer.ContainerBalancerTask (ContainerBalancerTask.java:initializeIteration(398)) - Utilization for node ca4df368-9957-4e8c-8166-de1bf6393313 with capacity 71582788266B, used 42949672960B, and remaining 28633115306B is 0.600000000005588
2023-06-21 17:31:33,600 [main] DEBUG balancer.ContainerBalancerTask (ContainerBalancerTask.java:initializeIteration(398)) - Utilization for node 40942551-d097-4969-9a85-9af0ec1541f4 with capacity 53687091200B, used 26843545600B, and remaining 26843545600B is 0.5
2023-06-21 17:31:33,600 [main] DEBUG balancer.ContainerBalancerTask (ContainerBalancerTask.java:initializeIteration(398)) - Utilization for node fd4dd60a-8bfd-4264-b2bb-fbfc3c54b0cc with capacity 88583700480B, used 35433480192B, and remaining 53150220288B is 0.4
2023-06-21 17:31:33,600 [main] DEBUG balancer.ContainerBalancerTask (ContainerBalancerTask.java:initializeIteration(398)) - Utilization for node 36d3431a-12b9-444e-b99f-4b34fd89578e with capacity 110953321813B, used 33285996544B, and remaining 77667325269B is 0.30000000000090127
2023-06-21 17:31:33,600 [main] DEBUG balancer.ContainerBalancerTask (ContainerBalancerTask.java:initializeIteration(398)) - Utilization for node 27804612-680c-46c1-ac34-1564025500b6 with capacity 150323855360B, used 30064771072B, and remaining 120259084288B is 0.2
2023-06-21 17:31:33,600 [main] DEBUG balancer.ContainerBalancerTask (ContainerBalancerTask.java:initializeIteration(398)) - Utilization for node 085849ae-9e8f-4d0b-940b-e1fb286c907c with capacity 375809638400B, used 37580963840B, and remaining 338228674560B is 0.1
2023-06-21 17:31:33,601 [main] DEBUG balancer.ContainerBalancerTask (ContainerBalancerTask.java:initializeIteration(398)) - Utilization for node c49af212-2b4e-4bd4-b503-6cc4f4e13722 with capacity 38654705664B, used 0B, and remaining 38654705664B is 0.0
2023-06-21 17:31:33,601 [main] INFO  balancer.ContainerBalancerTask (ContainerBalancerTask.java:initializeIteration(443)) - Did not find any unbalanced Datanodes.
2023-06-21 17:31:33,601 [main] INFO  balancer.ContainerBalancerTask (ContainerBalancerTask.java:tryStopWithSaveConfiguration(308)) - Save Configuration for stopping. Reason: Could not initialize ContainerBalancer's iteration number 0
2023-06-21 17:31:33,601 [main] DEBUG balancer.ContainerBalancerTask (ContainerBalancerTask.java:initializeIteration(374)) - Average utilization of the cluster is 0.35306711941381913
2023-06-21 17:31:33,601 [main] DEBUG balancer.ContainerBalancerTask (ContainerBalancerTask.java:initializeIteration(386)) - Lower limit for utilization is -0.19724568687458527 and Upper limit for utilization is 0.9033799257022235
2023-06-21 17:31:33,601 [main] DEBUG balancer.ContainerBalancerTask (ContainerBalancerTask.java:initializeIteration(398)) - Utilization for node 01efa234-f908-4c2b-ab0c-194903419a33 with capacity 72775834737B, used 65498251264B, and remaining 7277583473B is 0.9000000000096186
2023-06-21 17:31:33,601 [main] DEBUG balancer.ContainerBalancerTask (ContainerBalancerTask.java:initializeIteration(398)) - Utilization for node 321c84d4-14b7-4af7-906c-e1c1bbae619c with capacity 84557168640B, used 67645734912B, and remaining 16911433728B is 0.8
2023-06-21 17:31:33,602 [main] DEBUG balancer.ContainerBalancerTask (ContainerBalancerTask.java:initializeIteration(398)) - Utilization for node 9246defe-2693-4dab-945d-efd9dd561743 with capacity 87433262811B, used 61203283968B, and remaining 26229978843B is 0.7000000000034312
2023-06-21 17:31:33,602 [main] DEBUG balancer.ContainerBalancerTask (ContainerBalancerTask.java:initializeIteration(398)) - Utilization for node ca4df368-9957-4e8c-8166-de1bf6393313 with capacity 71582788266B, used 42949672960B, and remaining 28633115306B is 0.600000000005588
2023-06-21 17:31:33,602 [main] DEBUG balancer.ContainerBalancerTask (ContainerBalancerTask.java:initializeIteration(398)) - Utilization for node 40942551-d097-4969-9a85-9af0ec1541f4 with capacity 53687091200B, used 26843545600B, and remaining 26843545600B is 0.5
2023-06-21 17:31:33,602 [main] DEBUG balancer.ContainerBalancerTask (ContainerBalancerTask.java:initializeIteration(398)) - Utilization for node fd4dd60a-8bfd-4264-b2bb-fbfc3c54b0cc with capacity 88583700480B, used 35433480192B, and remaining 53150220288B is 0.4
2023-06-21 17:31:33,602 [main] DEBUG balancer.ContainerBalancerTask (ContainerBalancerTask.java:initializeIteration(398)) - Utilization for node 36d3431a-12b9-444e-b99f-4b34fd89578e with capacity 110953321813B, used 33285996544B, and remaining 77667325269B is 0.30000000000090127
2023-06-21 17:31:33,602 [main] DEBUG balancer.ContainerBalancerTask (ContainerBalancerTask.java:initializeIteration(398)) - Utilization for node 27804612-680c-46c1-ac34-1564025500b6 with capacity 150323855360B, used 30064771072B, and remaining 120259084288B is 0.2
2023-06-21 17:31:33,602 [main] DEBUG balancer.ContainerBalancerTask (ContainerBalancerTask.java:initializeIteration(398)) - Utilization for node 085849ae-9e8f-4d0b-940b-e1fb286c907c with capacity 375809638400B, used 37580963840B, and remaining 338228674560B is 0.1
2023-06-21 17:31:33,602 [main] DEBUG balancer.ContainerBalancerTask (ContainerBalancerTask.java:initializeIteration(398)) - Utilization for node c49af212-2b4e-4bd4-b503-6cc4f4e13722 with capacity 38654705664B, used 0B, and remaining 38654705664B is 0.0
2023-06-21 17:31:33,602 [main] INFO  balancer.ContainerBalancerTask (ContainerBalancerTask.java:initializeIteration(443)) - Did not find any unbalanced Datanodes.
2023-06-21 17:31:33,602 [main] INFO  balancer.ContainerBalancerTask (ContainerBalancerTask.java:tryStopWithSaveConfiguration(308)) - Save Configuration for stopping. Reason: Could not initialize ContainerBalancer's iteration number 0
2023-06-21 17:31:33,603 [main] DEBUG balancer.ContainerBalancerTask (ContainerBalancerTask.java:initializeIteration(374)) - Average utilization of the cluster is 0.35306711941381913
2023-06-21 17:31:33,603 [main] DEBUG balancer.ContainerBalancerTask (ContainerBalancerTask.java:initializeIteration(386)) - Lower limit for utilization is 0.32617928054186857 and Upper limit for utilization is 0.3799549582857697
2023-06-21 17:31:33,603 [main] DEBUG balancer.ContainerBalancerTask (ContainerBalancerTask.java:initializeIteration(398)) - Utilization for node 01efa234-f908-4c2b-ab0c-194903419a33 with capacity 72775834737B, used 65498251264B, and remaining 7277583473B is 0.9000000000096186
2023-06-21 17:31:33,603 [main] DEBUG balancer.ContainerBalancerTask (ContainerBalancerTask.java:initializeIteration(398)) - Utilization for node 321c84d4-14b7-4af7-906c-e1c1bbae619c with capacity 84557168640B, used 67645734912B, and remaining 16911433728B is 0.8
2023-06-21 17:31:33,603 [main] DEBUG balancer.ContainerBalancerTask (ContainerBalancerTask.java:initializeIteration(398)) - Utilization for node 9246defe-2693-4dab-945d-efd9dd561743 with capacity 87433262811B, used 61203283968B, and remaining 26229978843B is 0.7000000000034312
2023-06-21 17:31:33,603 [main] DEBUG balancer.ContainerBalancerTask (ContainerBalancerTask.java:initializeIteration(398)) - Utilization for node ca4df368-9957-4e8c-8166-de1bf6393313 with capacity 71582788266B, used 42949672960B, and remaining 28633115306B is 0.600000000005588
2023-06-21 17:31:33,603 [main] DEBUG balancer.ContainerBalancerTask (ContainerBalancerTask.java:initializeIteration(398)) - Utilization for node 40942551-d097-4969-9a85-9af0ec1541f4 with capacity 53687091200B, used 26843545600B, and remaining 26843545600B is 0.5
2023-06-21 17:31:33,603 [main] DEBUG balancer.ContainerBalancerTask (ContainerBalancerTask.java:initializeIteration(398)) - Utilization for node fd4dd60a-8bfd-4264-b2bb-fbfc3c54b0cc with capacity 88583700480B, used 35433480192B, and remaining 53150220288B is 0.4
2023-06-21 17:31:33,603 [main] DEBUG balancer.ContainerBalancerTask (ContainerBalancerTask.java:initializeIteration(398)) - Utilization for node 36d3431a-12b9-444e-b99f-4b34fd89578e with capacity 110953321813B, used 33285996544B, and remaining 77667325269B is 0.30000000000090127
2023-06-21 17:31:33,604 [main] DEBUG balancer.ContainerBalancerTask (ContainerBalancerTask.java:initializeIteration(398)) - Utilization for node 27804612-680c-46c1-ac34-1564025500b6 with capacity 150323855360B, used 30064771072B, and remaining 120259084288B is 0.2
2023-06-21 17:31:33,604 [main] DEBUG balancer.ContainerBalancerTask (ContainerBalancerTask.java:initializeIteration(398)) - Utilization for node 085849ae-9e8f-4d0b-940b-e1fb286c907c with capacity 375809638400B, used 37580963840B, and remaining 338228674560B is 0.1
2023-06-21 17:31:33,604 [main] DEBUG balancer.ContainerBalancerTask (ContainerBalancerTask.java:initializeIteration(398)) - Utilization for node c49af212-2b4e-4bd4-b503-6cc4f4e13722 with capacity 38654705664B, used 0B, and remaining 38654705664B is 0.0
2023-06-21 17:31:33,604 [main] INFO  balancer.ContainerBalancerTask (ContainerBalancerTask.java:initializeIteration(447)) - Container Balancer has identified 6 Over-Utilized and 4 Under-Utilized Datanodes that need to be balanced.
2023-06-21 17:31:33,604 [main] DEBUG balancer.ContainerBalancerTask (ContainerBalancerTask.java:lambda$initializeIteration$1(453)) - Datanode localhost-100.204.26.254 01efa234-f908-4c2b-ab0c-194903419a33 is Over-Utilized.
2023-06-21 17:31:33,604 [main] DEBUG balancer.ContainerBalancerTask (ContainerBalancerTask.java:lambda$initializeIteration$1(453)) - Datanode localhost-226.119.138.44 321c84d4-14b7-4af7-906c-e1c1bbae619c is Over-Utilized.
2023-06-21 17:31:33,604 [main] DEBUG balancer.ContainerBalancerTask (ContainerBalancerTask.java:lambda$initializeIteration$1(453)) - Datanode localhost-64.79.142.244 9246defe-2693-4dab-945d-efd9dd561743 is Over-Utilized.
2023-06-21 17:31:33,604 [main] DEBUG balancer.ContainerBalancerTask (ContainerBalancerTask.java:lambda$initializeIteration$1(453)) - Datanode localhost-106.240.243.44 ca4df368-9957-4e8c-8166-de1bf6393313 is Over-Utilized.
2023-06-21 17:31:33,604 [main] DEBUG balancer.ContainerBalancerTask (ContainerBalancerTask.java:lambda$initializeIteration$1(453)) - Datanode localhost-238.211.130.222 40942551-d097-4969-9a85-9af0ec1541f4 is Over-Utilized.
2023-06-21 17:31:33,604 [main] DEBUG balancer.ContainerBalancerTask (ContainerBalancerTask.java:lambda$initializeIteration$1(453)) - Datanode localhost-139.4.25.6 fd4dd60a-8bfd-4264-b2bb-fbfc3c54b0cc is Over-Utilized.
2023-06-21 17:31:33,604 [main] DEBUG balancer.ContainerBalancerTask (ContainerBalancerTask.java:lambda$initializeIteration$2(459)) - Datanode localhost-188.82.244.62 c49af212-2b4e-4bd4-b503-6cc4f4e13722 is Under-Utilized.
2023-06-21 17:31:33,604 [main] DEBUG balancer.ContainerBalancerTask (ContainerBalancerTask.java:lambda$initializeIteration$2(459)) - Datanode localhost-118.77.193.207 085849ae-9e8f-4d0b-940b-e1fb286c907c is Under-Utilized.
2023-06-21 17:31:33,604 [main] DEBUG balancer.ContainerBalancerTask (ContainerBalancerTask.java:lambda$initializeIteration$2(459)) - Datanode localhost-121.86.50.47 27804612-680c-46c1-ac34-1564025500b6 is Under-Utilized.
2023-06-21 17:31:33,605 [main] DEBUG balancer.ContainerBalancerTask (ContainerBalancerTask.java:lambda$initializeIteration$2(459)) - Datanode localhost-175.178.122.94 36d3431a-12b9-444e-b99f-4b34fd89578e is Under-Utilized.
2023-06-21 17:31:33,607 [main] DEBUG balancer.ContainerBalancerTask (ContainerBalancerTask.java:matchSourceWithTarget(706)) - ContainerBalancer is finding suitable target for source datanode 01efa234-f908-4c2b-ab0c-194903419a33
2023-06-21 17:31:33,607 [main] INFO  balancer.ContainerBalancerTask (ContainerBalancerTask.java:matchSourceWithTarget(720)) - ContainerBalancer matched source datanode 01efa234-f908-4c2b-ab0c-194903419a33 with target datanode c49af212-2b4e-4bd4-b503-6cc4f4e13722 for container move.
2023-06-21 17:31:33,607 [main] INFO  balancer.ContainerBalancerTask (ContainerBalancerTask.java:processMoveSelection(569)) - ContainerBalancer is trying to move container #85 with size 5368709120B from source datanode 01efa234-f908-4c2b-ab0c-194903419a33 to target datanode c49af212-2b4e-4bd4-b503-6cc4f4e13722
2023-06-21 17:31:33,608 [main] DEBUG balancer.ContainerBalancerTask (ContainerBalancerTask.java:lambda$moveContainer$3(834)) - Container move completed for container #85 from source 01efa234-f908-4c2b-ab0c-194903419a33 to target c49af212-2b4e-4bd4-b503-6cc4f4e13722
2023-06-21 17:31:33,610 [main] DEBUG balancer.ContainerBalancerTask (ContainerBalancerTask.java:matchSourceWithTarget(706)) - ContainerBalancer is finding suitable target for source datanode 01efa234-f908-4c2b-ab0c-194903419a33
2023-06-21 17:31:33,610 [main] INFO  balancer.ContainerBalancerTask (ContainerBalancerTask.java:matchSourceWithTarget(720)) - ContainerBalancer matched source datanode 01efa234-f908-4c2b-ab0c-194903419a33 with target datanode 085849ae-9e8f-4d0b-940b-e1fb286c907c for container move.
2023-06-21 17:31:33,610 [main] INFO  balancer.ContainerBalancerTask (ContainerBalancerTask.java:processMoveSelection(569)) - ContainerBalancer is trying to move container #68 with size 5368709120B from source datanode 01efa234-f908-4c2b-ab0c-194903419a33 to target datanode 085849ae-9e8f-4d0b-940b-e1fb286c907c
2023-06-21 17:31:33,611 [main] DEBUG balancer.ContainerBalancerTask (ContainerBalancerTask.java:lambda$moveContainer$3(834)) - Container move completed for container #68 from source 01efa234-f908-4c2b-ab0c-194903419a33 to target 085849ae-9e8f-4d0b-940b-e1fb286c907c
2023-06-21 17:31:33,613 [main] DEBUG balancer.ContainerBalancerTask (ContainerBalancerTask.java:matchSourceWithTarget(706)) - ContainerBalancer is finding suitable target for source datanode 321c84d4-14b7-4af7-906c-e1c1bbae619c
2023-06-21 17:31:33,613 [main] INFO  balancer.ContainerBalancerTask (ContainerBalancerTask.java:matchSourceWithTarget(720)) - ContainerBalancer matched source datanode 321c84d4-14b7-4af7-906c-e1c1bbae619c with target datanode 085849ae-9e8f-4d0b-940b-e1fb286c907c for container move.
2023-06-21 17:31:33,614 [main] INFO  balancer.ContainerBalancerTask (ContainerBalancerTask.java:processMoveSelection(569)) - ContainerBalancer is trying to move container #53 with size 5368709120B from source datanode 321c84d4-14b7-4af7-906c-e1c1bbae619c to target datanode 085849ae-9e8f-4d0b-940b-e1fb286c907c
2023-06-21 17:31:33,614 [main] DEBUG balancer.ContainerBalancerTask (ContainerBalancerTask.java:lambda$moveContainer$3(834)) - Container move completed for container #53 from source 321c84d4-14b7-4af7-906c-e1c1bbae619c to target 085849ae-9e8f-4d0b-940b-e1fb286c907c
2023-06-21 17:31:33,616 [main] DEBUG balancer.ContainerBalancerTask (ContainerBalancerTask.java:matchSourceWithTarget(706)) - ContainerBalancer is finding suitable target for source datanode 01efa234-f908-4c2b-ab0c-194903419a33
2023-06-21 17:31:33,617 [main] INFO  balancer.ContainerBalancerTask (ContainerBalancerTask.java:matchSourceWithTarget(720)) - ContainerBalancer matched source datanode 01efa234-f908-4c2b-ab0c-194903419a33 with target datanode 085849ae-9e8f-4d0b-940b-e1fb286c907c for container move.
2023-06-21 17:31:33,617 [main] INFO  balancer.ContainerBalancerTask (ContainerBalancerTask.java:processMoveSelection(569)) - ContainerBalancer is trying to move container #40 with size 5368709120B from source datanode 01efa234-f908-4c2b-ab0c-194903419a33 to target datanode 085849ae-9e8f-4d0b-940b-e1fb286c907c
2023-06-21 17:31:33,617 [main] DEBUG balancer.ContainerBalancerTask (ContainerBalancerTask.java:lambda$moveContainer$3(834)) - Container move completed for container #40 from source 01efa234-f908-4c2b-ab0c-194903419a33 to target 085849ae-9e8f-4d0b-940b-e1fb286c907c
2023-06-21 17:31:33,620 [main] DEBUG balancer.ContainerBalancerTask (ContainerBalancerTask.java:matchSourceWithTarget(706)) - ContainerBalancer is finding suitable target for source datanode 321c84d4-14b7-4af7-906c-e1c1bbae619c
2023-06-21 17:31:33,620 [main] INFO  balancer.ContainerBalancerTask (ContainerBalancerTask.java:matchSourceWithTarget(720)) - ContainerBalancer matched source datanode 321c84d4-14b7-4af7-906c-e1c1bbae619c with target datanode c49af212-2b4e-4bd4-b503-6cc4f4e13722 for container move.
2023-06-21 17:31:33,620 [main] INFO  balancer.ContainerBalancerTask (ContainerBalancerTask.java:processMoveSelection(569)) - ContainerBalancer is trying to move container #89 with size 4294967296B from source datanode 321c84d4-14b7-4af7-906c-e1c1bbae619c to target datanode c49af212-2b4e-4bd4-b503-6cc4f4e13722
2023-06-21 17:31:33,620 [main] DEBUG balancer.ContainerBalancerTask (ContainerBalancerTask.java:lambda$moveContainer$3(834)) - Container move completed for container #89 from source 321c84d4-14b7-4af7-906c-e1c1bbae619c to target c49af212-2b4e-4bd4-b503-6cc4f4e13722
2023-06-21 17:31:33,623 [main] DEBUG balancer.ContainerBalancerTask (ContainerBalancerTask.java:matchSourceWithTarget(706)) - ContainerBalancer is finding suitable target for source datanode 9246defe-2693-4dab-945d-efd9dd561743
2023-06-21 17:31:33,623 [main] INFO  balancer.ContainerBalancerTask (ContainerBalancerTask.java:matchSourceWithTarget(720)) - ContainerBalancer matched source datanode 9246defe-2693-4dab-945d-efd9dd561743 with target datanode 085849ae-9e8f-4d0b-940b-e1fb286c907c for container move.
2023-06-21 17:31:33,623 [main] INFO  balancer.ContainerBalancerTask (ContainerBalancerTask.java:processMoveSelection(569)) - ContainerBalancer is trying to move container #52 with size 4294967296B from source datanode 9246defe-2693-4dab-945d-efd9dd561743 to target datanode 085849ae-9e8f-4d0b-940b-e1fb286c907c
2023-06-21 17:31:33,623 [main] DEBUG balancer.ContainerBalancerTask (ContainerBalancerTask.java:lambda$moveContainer$3(834)) - Container move completed for container #52 from source 9246defe-2693-4dab-945d-efd9dd561743 to target 085849ae-9e8f-4d0b-940b-e1fb286c907c
2023-06-21 17:31:33,626 [main] DEBUG balancer.ContainerBalancerTask (ContainerBalancerTask.java:matchSourceWithTarget(706)) - ContainerBalancer is finding suitable target for source datanode 321c84d4-14b7-4af7-906c-e1c1bbae619c
2023-06-21 17:31:33,627 [main] INFO  balancer.ContainerBalancerTask (ContainerBalancerTask.java:matchSourceWithTarget(720)) - ContainerBalancer matched source datanode 321c84d4-14b7-4af7-906c-e1c1bbae619c with target datanode 085849ae-9e8f-4d0b-940b-e1fb286c907c for container move.
2023-06-21 17:31:33,627 [main] INFO  balancer.ContainerBalancerTask (ContainerBalancerTask.java:processMoveSelection(569)) - ContainerBalancer is trying to move container #39 with size 4294967296B from source datanode 321c84d4-14b7-4af7-906c-e1c1bbae619c to target datanode 085849ae-9e8f-4d0b-940b-e1fb286c907c
2023-06-21 17:31:33,627 [main] DEBUG balancer.ContainerBalancerTask (ContainerBalancerTask.java:lambda$moveContainer$3(834)) - Container move completed for container #39 from source 321c84d4-14b7-4af7-906c-e1c1bbae619c to target 085849ae-9e8f-4d0b-940b-e1fb286c907c
2023-06-21 17:31:33,630 [main] DEBUG balancer.ContainerBalancerTask (ContainerBalancerTask.java:matchSourceWithTarget(706)) - ContainerBalancer is finding suitable target for source datanode 01efa234-f908-4c2b-ab0c-194903419a33
2023-06-21 17:31:33,630 [main] INFO  balancer.ContainerBalancerTask (ContainerBalancerTask.java:matchSourceWithTarget(720)) - ContainerBalancer matched source datanode 01efa234-f908-4c2b-ab0c-194903419a33 with target datanode 085849ae-9e8f-4d0b-940b-e1fb286c907c for container move.
2023-06-21 17:31:33,630 [main] INFO  balancer.ContainerBalancerTask (ContainerBalancerTask.java:processMoveSelection(569)) - ContainerBalancer is trying to move container #84 with size 4294967296B from source datanode 01efa234-f908-4c2b-ab0c-194903419a33 to target datanode 085849ae-9e8f-4d0b-940b-e1fb286c907c
2023-06-21 17:31:33,630 [main] DEBUG balancer.ContainerBalancerTask (ContainerBalancerTask.java:lambda$moveContainer$3(834)) - Container move completed for container #84 from source 01efa234-f908-4c2b-ab0c-194903419a33 to target 085849ae-9e8f-4d0b-940b-e1fb286c907c
2023-06-21 17:31:33,633 [main] DEBUG balancer.ContainerBalancerTask (ContainerBalancerTask.java:matchSourceWithTarget(706)) - ContainerBalancer is finding suitable target for source datanode 9246defe-2693-4dab-945d-efd9dd561743
2023-06-21 17:31:33,633 [main] INFO  balancer.ContainerBalancerTask (ContainerBalancerTask.java:matchSourceWithTarget(720)) - ContainerBalancer matched source datanode 9246defe-2693-4dab-945d-efd9dd561743 with target datanode 085849ae-9e8f-4d0b-940b-e1fb286c907c for container move.
2023-06-21 17:31:33,633 [main] INFO  balancer.ContainerBalancerTask (ContainerBalancerTask.java:processMoveSelection(569)) - ContainerBalancer is trying to move container #88 with size 3221225472B from source datanode 9246defe-2693-4dab-945d-efd9dd561743 to target datanode 085849ae-9e8f-4d0b-940b-e1fb286c907c
2023-06-21 17:31:33,633 [main] DEBUG balancer.ContainerBalancerTask (ContainerBalancerTask.java:lambda$moveContainer$3(834)) - Container move completed for container #88 from source 9246defe-2693-4dab-945d-efd9dd561743 to target 085849ae-9e8f-4d0b-940b-e1fb286c907c
2023-06-21 17:31:33,637 [main] DEBUG balancer.ContainerBalancerTask (ContainerBalancerTask.java:matchSourceWithTarget(706)) - ContainerBalancer is finding suitable target for source datanode 321c84d4-14b7-4af7-906c-e1c1bbae619c
2023-06-21 17:31:33,637 [main] INFO  balancer.ContainerBalancerTask (ContainerBalancerTask.java:matchSourceWithTarget(720)) - ContainerBalancer matched source datanode 321c84d4-14b7-4af7-906c-e1c1bbae619c with target datanode 085849ae-9e8f-4d0b-940b-e1fb286c907c for container move.
2023-06-21 17:31:33,637 [main] INFO  balancer.ContainerBalancerTask (ContainerBalancerTask.java:processMoveSelection(569)) - ContainerBalancer is trying to move container #71 with size 3221225472B from source datanode 321c84d4-14b7-4af7-906c-e1c1bbae619c to target datanode 085849ae-9e8f-4d0b-940b-e1fb286c907c
2023-06-21 17:31:33,637 [main] DEBUG balancer.ContainerBalancerTask (ContainerBalancerTask.java:lambda$moveContainer$3(834)) - Container move completed for container #71 from source 321c84d4-14b7-4af7-906c-e1c1bbae619c to target 085849ae-9e8f-4d0b-940b-e1fb286c907c
2023-06-21 17:31:33,640 [main] DEBUG balancer.ContainerBalancerTask (ContainerBalancerTask.java:matchSourceWithTarget(706)) - ContainerBalancer is finding suitable target for source datanode 01efa234-f908-4c2b-ab0c-194903419a33
2023-06-21 17:31:33,640 [main] INFO  balancer.ContainerBalancerTask (ContainerBalancerTask.java:matchSourceWithTarget(720)) - ContainerBalancer matched source datanode 01efa234-f908-4c2b-ab0c-194903419a33 with target datanode 085849ae-9e8f-4d0b-940b-e1fb286c907c for container move.
2023-06-21 17:31:33,640 [main] INFO  balancer.ContainerBalancerTask (ContainerBalancerTask.java:processMoveSelection(569)) - ContainerBalancer is trying to move container #19 with size 4294967296B from source datanode 01efa234-f908-4c2b-ab0c-194903419a33 to target datanode 085849ae-9e8f-4d0b-940b-e1fb286c907c
2023-06-21 17:31:33,640 [main] DEBUG balancer.ContainerBalancerTask (ContainerBalancerTask.java:lambda$moveContainer$3(834)) - Container move completed for container #19 from source 01efa234-f908-4c2b-ab0c-194903419a33 to target 085849ae-9e8f-4d0b-940b-e1fb286c907c
2023-06-21 17:31:33,643 [main] DEBUG balancer.ContainerBalancerTask (ContainerBalancerTask.java:matchSourceWithTarget(706)) - ContainerBalancer is finding suitable target for source datanode 9246defe-2693-4dab-945d-efd9dd561743
2023-06-21 17:31:33,643 [main] INFO  balancer.ContainerBalancerTask (ContainerBalancerTask.java:matchSourceWithTarget(720)) - ContainerBalancer matched source datanode 9246defe-2693-4dab-945d-efd9dd561743 with target datanode 27804612-680c-46c1-ac34-1564025500b6 for container move.
2023-06-21 17:31:33,643 [main] INFO  balancer.ContainerBalancerTask (ContainerBalancerTask.java:processMoveSelection(569)) - ContainerBalancer is trying to move container #51 with size 3221225472B from source datanode 9246defe-2693-4dab-945d-efd9dd561743 to target datanode 27804612-680c-46c1-ac34-1564025500b6
2023-06-21 17:31:33,644 [main] DEBUG balancer.ContainerBalancerTask (ContainerBalancerTask.java:lambda$moveContainer$3(834)) - Container move completed for container #51 from source 9246defe-2693-4dab-945d-efd9dd561743 to target 27804612-680c-46c1-ac34-1564025500b6
2023-06-21 17:31:33,646 [main] DEBUG balancer.ContainerBalancerTask (ContainerBalancerTask.java:matchSourceWithTarget(706)) - ContainerBalancer is finding suitable target for source datanode ca4df368-9957-4e8c-8166-de1bf6393313
2023-06-21 17:31:33,646 [main] INFO  balancer.ContainerBalancerTask (ContainerBalancerTask.java:matchSourceWithTarget(720)) - ContainerBalancer matched source datanode ca4df368-9957-4e8c-8166-de1bf6393313 with target datanode 085849ae-9e8f-4d0b-940b-e1fb286c907c for container move.
2023-06-21 17:31:33,646 [main] INFO  balancer.ContainerBalancerTask (ContainerBalancerTask.java:processMoveSelection(569)) - ContainerBalancer is trying to move container #36 with size 1073741824B from source datanode ca4df368-9957-4e8c-8166-de1bf6393313 to target datanode 085849ae-9e8f-4d0b-940b-e1fb286c907c
2023-06-21 17:31:33,646 [main] DEBUG balancer.ContainerBalancerTask (ContainerBalancerTask.java:lambda$moveContainer$3(834)) - Container move completed for container #36 from source ca4df368-9957-4e8c-8166-de1bf6393313 to target 085849ae-9e8f-4d0b-940b-e1fb286c907c
2023-06-21 17:31:33,646 [main] WARN  balancer.ContainerBalancerTask (ContainerBalancerTask.java:reachedMaxSizeToMovePerIteration(731)) - Reached max size to move limit. 53687091200 bytes have already been scheduled for balancing and the limit is 53687091200 bytes.
2023-06-21 17:31:33,646 [main] INFO  balancer.ContainerBalancerTask (ContainerBalancerTask.java:checkIterationMoveResults(640)) - Iteration Summary. Number of Datanodes involved: 7. Size moved: 50 GB (53687091200 Bytes). Number of Container moves completed: 13.
2023-06-21 17:31:33,646 [main] INFO  balancer.ContainerBalancerTask (ContainerBalancerTask.java:balance(259)) - Result of this iteration of Container Balancer: ITERATION_COMPLETED
2023-06-21 17:31:33,646 [main] INFO  balancer.ContainerBalancerTask (ContainerBalancerTask.java:tryStopWithSaveConfiguration(308)) - Save Configuration for stopping. Reason: Completed all iterations.
2023-06-21 17:31:33,647 [main] DEBUG balancer.ContainerBalancerTask (ContainerBalancerTask.java:initializeIteration(374)) - Average utilization of the cluster is 0.35306711941381913
2023-06-21 17:31:33,647 [main] DEBUG balancer.ContainerBalancerTask (ContainerBalancerTask.java:initializeIteration(386)) - Lower limit for utilization is 0.03852545242727751 and Upper limit for utilization is 0.6676087864003608
2023-06-21 17:31:33,647 [main] DEBUG balancer.ContainerBalancerTask (ContainerBalancerTask.java:initializeIteration(398)) - Utilization for node 01efa234-f908-4c2b-ab0c-194903419a33 with capacity 72775834737B, used 65498251264B, and remaining 7277583473B is 0.9000000000096186
2023-06-21 17:31:33,647 [main] DEBUG balancer.ContainerBalancerTask (ContainerBalancerTask.java:initializeIteration(398)) - Utilization for node 321c84d4-14b7-4af7-906c-e1c1bbae619c with capacity 84557168640B, used 67645734912B, and remaining 16911433728B is 0.8
2023-06-21 17:31:33,647 [main] DEBUG balancer.ContainerBalancerTask (ContainerBalancerTask.java:initializeIteration(398)) - Utilization for node 9246defe-2693-4dab-945d-efd9dd561743 with capacity 87433262811B, used 61203283968B, and remaining 26229978843B is 0.7000000000034312
2023-06-21 17:31:33,647 [main] DEBUG balancer.ContainerBalancerTask (ContainerBalancerTask.java:initializeIteration(398)) - Utilization for node ca4df368-9957-4e8c-8166-de1bf6393313 with capacity 71582788266B, used 42949672960B, and remaining 28633115306B is 0.600000000005588
2023-06-21 17:31:33,648 [main] DEBUG balancer.ContainerBalancerTask (ContainerBalancerTask.java:initializeIteration(398)) - Utilization for node 40942551-d097-4969-9a85-9af0ec1541f4 with capacity 53687091200B, used 26843545600B, and remaining 26843545600B is 0.5
2023-06-21 17:31:33,648 [main] DEBUG balancer.ContainerBalancerTask (ContainerBalancerTask.java:initializeIteration(398)) - Utilization for node fd4dd60a-8bfd-4264-b2bb-fbfc3c54b0cc with capacity 88583700480B, used 35433480192B, and remaining 53150220288B is 0.4
2023-06-21 17:31:33,648 [main] DEBUG balancer.ContainerBalancerTask (ContainerBalancerTask.java:initializeIteration(398)) - Utilization for node 36d3431a-12b9-444e-b99f-4b34fd89578e with capacity 110953321813B, used 33285996544B, and remaining 77667325269B is 0.30000000000090127
2023-06-21 17:31:33,648 [main] DEBUG balancer.ContainerBalancerTask (ContainerBalancerTask.java:initializeIteration(398)) - Utilization for node 27804612-680c-46c1-ac34-1564025500b6 with capacity 150323855360B, used 30064771072B, and remaining 120259084288B is 0.2
2023-06-21 17:31:33,648 [main] DEBUG balancer.ContainerBalancerTask (ContainerBalancerTask.java:initializeIteration(398)) - Utilization for node 085849ae-9e8f-4d0b-940b-e1fb286c907c with capacity 375809638400B, used 37580963840B, and remaining 338228674560B is 0.1
2023-06-21 17:31:33,648 [main] DEBUG balancer.ContainerBalancerTask (ContainerBalancerTask.java:initializeIteration(398)) - Utilization for node c49af212-2b4e-4bd4-b503-6cc4f4e13722 with capacity 38654705664B, used 0B, and remaining 38654705664B is 0.0
2023-06-21 17:31:33,648 [main] INFO  balancer.ContainerBalancerTask (ContainerBalancerTask.java:initializeIteration(447)) - Container Balancer has identified 3 Over-Utilized and 1 Under-Utilized Datanodes that need to be balanced.
2023-06-21 17:31:33,648 [main] DEBUG balancer.ContainerBalancerTask (ContainerBalancerTask.java:lambda$initializeIteration$1(453)) - Datanode localhost-100.204.26.254 01efa234-f908-4c2b-ab0c-194903419a33 is Over-Utilized.
2023-06-21 17:31:33,648 [main] DEBUG balancer.ContainerBalancerTask (ContainerBalancerTask.java:lambda$initializeIteration$1(453)) - Datanode localhost-226.119.138.44 321c84d4-14b7-4af7-906c-e1c1bbae619c is Over-Utilized.
2023-06-21 17:31:33,648 [main] DEBUG balancer.ContainerBalancerTask (ContainerBalancerTask.java:lambda$initializeIteration$1(453)) - Datanode localhost-64.79.142.244 9246defe-2693-4dab-945d-efd9dd561743 is Over-Utilized.
2023-06-21 17:31:33,648 [main] DEBUG balancer.ContainerBalancerTask (ContainerBalancerTask.java:lambda$initializeIteration$2(459)) - Datanode localhost-188.82.244.62 c49af212-2b4e-4bd4-b503-6cc4f4e13722 is Under-Utilized.
2023-06-21 17:31:33,651 [main] DEBUG balancer.ContainerBalancerTask (ContainerBalancerTask.java:matchSourceWithTarget(706)) - ContainerBalancer is finding suitable target for source datanode 01efa234-f908-4c2b-ab0c-194903419a33
2023-06-21 17:31:33,651 [main] INFO  balancer.ContainerBalancerTask (ContainerBalancerTask.java:matchSourceWithTarget(720)) - ContainerBalancer matched source datanode 01efa234-f908-4c2b-ab0c-194903419a33 with target datanode c49af212-2b4e-4bd4-b503-6cc4f4e13722 for container move.
2023-06-21 17:31:33,651 [main] INFO  balancer.ContainerBalancerTask (ContainerBalancerTask.java:processMoveSelection(569)) - ContainerBalancer is trying to move container #85 with size 5368709120B from source datanode 01efa234-f908-4c2b-ab0c-194903419a33 to target datanode c49af212-2b4e-4bd4-b503-6cc4f4e13722
2023-06-21 17:31:33,651 [main] DEBUG balancer.ContainerBalancerTask (ContainerBalancerTask.java:lambda$moveContainer$3(834)) - Container move completed for container #85 from source 01efa234-f908-4c2b-ab0c-194903419a33 to target c49af212-2b4e-4bd4-b503-6cc4f4e13722
2023-06-21 17:31:33,654 [main] DEBUG balancer.ContainerBalancerTask (ContainerBalancerTask.java:matchSourceWithTarget(706)) - ContainerBalancer is finding suitable target for source datanode 01efa234-f908-4c2b-ab0c-194903419a33
2023-06-21 17:31:33,654 [main] INFO  balancer.ContainerBalancerTask (ContainerBalancerTask.java:matchSourceWithTarget(720)) - ContainerBalancer matched source datanode 01efa234-f908-4c2b-ab0c-194903419a33 with target datanode c49af212-2b4e-4bd4-b503-6cc4f4e13722 for container move.
2023-06-21 17:31:33,654 [main] INFO  balancer.ContainerBalancerTask (ContainerBalancerTask.java:processMoveSelection(569)) - ContainerBalancer is trying to move container #68 with size 5368709120B from source datanode 01efa234-f908-4c2b-ab0c-194903419a33 to target datanode c49af212-2b4e-4bd4-b503-6cc4f4e13722
2023-06-21 17:31:33,654 [main] DEBUG balancer.ContainerBalancerTask (ContainerBalancerTask.java:lambda$moveContainer$3(834)) - Container move completed for container #68 from source 01efa234-f908-4c2b-ab0c-194903419a33 to target c49af212-2b4e-4bd4-b503-6cc4f4e13722
2023-06-21 17:31:33,657 [main] DEBUG balancer.ContainerBalancerTask (ContainerBalancerTask.java:matchSourceWithTarget(706)) - ContainerBalancer is finding suitable target for source datanode 321c84d4-14b7-4af7-906c-e1c1bbae619c
2023-06-21 17:31:33,657 [main] INFO  balancer.ContainerBalancerTask (ContainerBalancerTask.java:matchSourceWithTarget(720)) - ContainerBalancer matched source datanode 321c84d4-14b7-4af7-906c-e1c1bbae619c with target datanode c49af212-2b4e-4bd4-b503-6cc4f4e13722 for container move.
2023-06-21 17:31:33,657 [main] INFO  balancer.ContainerBalancerTask (ContainerBalancerTask.java:processMoveSelection(569)) - ContainerBalancer is trying to move container #53 with size 5368709120B from source datanode 321c84d4-14b7-4af7-906c-e1c1bbae619c to target datanode c49af212-2b4e-4bd4-b503-6cc4f4e13722
2023-06-21 17:31:33,657 [main] DEBUG balancer.ContainerBalancerTask (ContainerBalancerTask.java:lambda$moveContainer$3(834)) - Container move completed for container #53 from source 321c84d4-14b7-4af7-906c-e1c1bbae619c to target c49af212-2b4e-4bd4-b503-6cc4f4e13722
2023-06-21 17:31:33,660 [main] DEBUG balancer.ContainerBalancerTask (ContainerBalancerTask.java:matchSourceWithTarget(706)) - ContainerBalancer is finding suitable target for source datanode 01efa234-f908-4c2b-ab0c-194903419a33
2023-06-21 17:31:33,660 [main] INFO  balancer.ContainerBalancerTask (ContainerBalancerTask.java:matchSourceWithTarget(720)) - ContainerBalancer matched source datanode 01efa234-f908-4c2b-ab0c-194903419a33 with target datanode c49af212-2b4e-4bd4-b503-6cc4f4e13722 for container move.
2023-06-21 17:31:33,660 [main] INFO  balancer.ContainerBalancerTask (ContainerBalancerTask.java:processMoveSelection(569)) - ContainerBalancer is trying to move container #40 with size 5368709120B from source datanode 01efa234-f908-4c2b-ab0c-194903419a33 to target datanode c49af212-2b4e-4bd4-b503-6cc4f4e13722
2023-06-21 17:31:33,660 [main] DEBUG balancer.ContainerBalancerTask (ContainerBalancerTask.java:lambda$moveContainer$3(834)) - Container move completed for container #40 from source 01efa234-f908-4c2b-ab0c-194903419a33 to target c49af212-2b4e-4bd4-b503-6cc4f4e13722
2023-06-21 17:31:33,663 [main] DEBUG balancer.ContainerBalancerTask (ContainerBalancerTask.java:matchSourceWithTarget(706)) - ContainerBalancer is finding suitable target for source datanode 321c84d4-14b7-4af7-906c-e1c1bbae619c
2023-06-21 17:31:33,663 [main] INFO  balancer.ContainerBalancerTask (ContainerBalancerTask.java:matchSourceWithTarget(720)) - ContainerBalancer matched source datanode 321c84d4-14b7-4af7-906c-e1c1bbae619c with target datanode c49af212-2b4e-4bd4-b503-6cc4f4e13722 for container move.
2023-06-21 17:31:33,663 [main] INFO  balancer.ContainerBalancerTask (ContainerBalancerTask.java:processMoveSelection(569)) - ContainerBalancer is trying to move container #89 with size 4294967296B from source datanode 321c84d4-14b7-4af7-906c-e1c1bbae619c to target datanode c49af212-2b4e-4bd4-b503-6cc4f4e13722
2023-06-21 17:31:33,663 [main] DEBUG balancer.ContainerBalancerTask (ContainerBalancerTask.java:lambda$moveContainer$3(834)) - Container move completed for container #89 from source 321c84d4-14b7-4af7-906c-e1c1bbae619c to target c49af212-2b4e-4bd4-b503-6cc4f4e13722
2023-06-21 17:31:33,666 [main] DEBUG balancer.ContainerBalancerTask (ContainerBalancerTask.java:matchSourceWithTarget(706)) - ContainerBalancer is finding suitable target for source datanode 9246defe-2693-4dab-945d-efd9dd561743
2023-06-21 17:31:33,667 [main] INFO  balancer.FindTargetGreedyByUsageInfo (AbstractFindTargetGreedy.java:findTargetForContainerMove(133)) - Container Balancer could not find a target for source datanode 9246defe-2693-4dab-945d-efd9dd561743
2023-06-21 17:31:33,667 [main] DEBUG balancer.ContainerBalancerTask (ContainerBalancerTask.java:matchSourceWithTarget(715)) - ContainerBalancer could not find a suitable target for source node 9246defe-2693-4dab-945d-efd9dd561743.
2023-06-21 17:31:33,670 [main] DEBUG balancer.ContainerBalancerTask (ContainerBalancerTask.java:matchSourceWithTarget(706)) - ContainerBalancer is finding suitable target for source datanode 321c84d4-14b7-4af7-906c-e1c1bbae619c
2023-06-21 17:31:33,671 [main] INFO  balancer.FindTargetGreedyByUsageInfo (AbstractFindTargetGreedy.java:findTargetForContainerMove(133)) - Container Balancer could not find a target for source datanode 321c84d4-14b7-4af7-906c-e1c1bbae619c
2023-06-21 17:31:33,671 [main] DEBUG balancer.ContainerBalancerTask (ContainerBalancerTask.java:matchSourceWithTarget(715)) - ContainerBalancer could not find a suitable target for source node 321c84d4-14b7-4af7-906c-e1c1bbae619c.
2023-06-21 17:31:33,673 [main] DEBUG balancer.ContainerBalancerTask (ContainerBalancerTask.java:matchSourceWithTarget(706)) - ContainerBalancer is finding suitable target for source datanode 01efa234-f908-4c2b-ab0c-194903419a33
2023-06-21 17:31:33,674 [main] INFO  balancer.FindTargetGreedyByUsageInfo (AbstractFindTargetGreedy.java:findTargetForContainerMove(133)) - Container Balancer could not find a target for source datanode 01efa234-f908-4c2b-ab0c-194903419a33
2023-06-21 17:31:33,674 [main] DEBUG balancer.ContainerBalancerTask (ContainerBalancerTask.java:matchSourceWithTarget(715)) - ContainerBalancer could not find a suitable target for source node 01efa234-f908-4c2b-ab0c-194903419a33.
2023-06-21 17:31:33,674 [main] INFO  balancer.FindSourceGreedy (FindSourceGreedy.java:getNextCandidateSourceDataNode(126)) - no more candidate source data node
2023-06-21 17:31:33,674 [main] INFO  balancer.ContainerBalancerTask (ContainerBalancerTask.java:checkIterationMoveResults(640)) - Iteration Summary. Number of Datanodes involved: 3. Size moved: 24 GB (25769803776 Bytes). Number of Container moves completed: 5.
2023-06-21 17:31:33,674 [main] INFO  balancer.ContainerBalancerTask (ContainerBalancerTask.java:balance(259)) - Result of this iteration of Container Balancer: ITERATION_COMPLETED
2023-06-21 17:31:33,675 [main] INFO  balancer.ContainerBalancerTask (ContainerBalancerTask.java:tryStopWithSaveConfiguration(308)) - Save Configuration for stopping. Reason: Completed all iterations.
2023-06-21 17:31:33,675 [main] DEBUG balancer.ContainerBalancerTask (ContainerBalancerTask.java:initializeIteration(374)) - Average utilization of the cluster is 0.35306711941381913
2023-06-21 17:31:33,675 [main] DEBUG balancer.ContainerBalancerTask (ContainerBalancerTask.java:initializeIteration(386)) - Lower limit for utilization is 0.187653284691028 and Upper limit for utilization is 0.5184809541366102
2023-06-21 17:31:33,675 [main] DEBUG balancer.ContainerBalancerTask (ContainerBalancerTask.java:initializeIteration(398)) - Utilization for node 01efa234-f908-4c2b-ab0c-194903419a33 with capacity 72775834737B, used 65498251264B, and remaining 7277583473B is 0.9000000000096186
2023-06-21 17:31:33,675 [main] DEBUG balancer.ContainerBalancerTask (ContainerBalancerTask.java:initializeIteration(398)) - Utilization for node 321c84d4-14b7-4af7-906c-e1c1bbae619c with capacity 84557168640B, used 67645734912B, and remaining 16911433728B is 0.8
2023-06-21 17:31:33,676 [main] DEBUG balancer.ContainerBalancerTask (ContainerBalancerTask.java:initializeIteration(398)) - Utilization for node 9246defe-2693-4dab-945d-efd9dd561743 with capacity 87433262811B, used 61203283968B, and remaining 26229978843B is 0.7000000000034312
2023-06-21 17:31:33,676 [main] DEBUG balancer.ContainerBalancerTask (ContainerBalancerTask.java:initializeIteration(398)) - Utilization for node ca4df368-9957-4e8c-8166-de1bf6393313 with capacity 71582788266B, used 42949672960B, and remaining 28633115306B is 0.600000000005588
2023-06-21 17:31:33,676 [main] DEBUG balancer.ContainerBalancerTask (ContainerBalancerTask.java:initializeIteration(398)) - Utilization for node 40942551-d097-4969-9a85-9af0ec1541f4 with capacity 53687091200B, used 26843545600B, and remaining 26843545600B is 0.5
2023-06-21 17:31:33,676 [main] DEBUG balancer.ContainerBalancerTask (ContainerBalancerTask.java:initializeIteration(398)) - Utilization for node fd4dd60a-8bfd-4264-b2bb-fbfc3c54b0cc with capacity 88583700480B, used 35433480192B, and remaining 53150220288B is 0.4
2023-06-21 17:31:33,676 [main] DEBUG balancer.ContainerBalancerTask (ContainerBalancerTask.java:initializeIteration(398)) - Utilization for node 36d3431a-12b9-444e-b99f-4b34fd89578e with capacity 110953321813B, used 33285996544B, and remaining 77667325269B is 0.30000000000090127
2023-06-21 17:31:33,676 [main] DEBUG balancer.ContainerBalancerTask (ContainerBalancerTask.java:initializeIteration(398)) - Utilization for node 27804612-680c-46c1-ac34-1564025500b6 with capacity 150323855360B, used 30064771072B, and remaining 120259084288B is 0.2
2023-06-21 17:31:33,676 [main] DEBUG balancer.ContainerBalancerTask (ContainerBalancerTask.java:initializeIteration(398)) - Utilization for node 085849ae-9e8f-4d0b-940b-e1fb286c907c with capacity 375809638400B, used 37580963840B, and remaining 338228674560B is 0.1
2023-06-21 17:31:33,676 [main] DEBUG balancer.ContainerBalancerTask (ContainerBalancerTask.java:initializeIteration(398)) - Utilization for node c49af212-2b4e-4bd4-b503-6cc4f4e13722 with capacity 38654705664B, used 0B, and remaining 38654705664B is 0.0
2023-06-21 17:31:33,676 [main] INFO  balancer.ContainerBalancerTask (ContainerBalancerTask.java:initializeIteration(447)) - Container Balancer has identified 4 Over-Utilized and 2 Under-Utilized Datanodes that need to be balanced.
2023-06-21 17:31:33,677 [main] DEBUG balancer.ContainerBalancerTask (ContainerBalancerTask.java:lambda$initializeIteration$1(453)) - Datanode localhost-100.204.26.254 01efa234-f908-4c2b-ab0c-194903419a33 is Over-Utilized.
2023-06-21 17:31:33,677 [main] DEBUG balancer.ContainerBalancerTask (ContainerBalancerTask.java:lambda$initializeIteration$1(453)) - Datanode localhost-226.119.138.44 321c84d4-14b7-4af7-906c-e1c1bbae619c is Over-Utilized.
2023-06-21 17:31:33,677 [main] DEBUG balancer.ContainerBalancerTask (ContainerBalancerTask.java:lambda$initializeIteration$1(453)) - Datanode localhost-64.79.142.244 9246defe-2693-4dab-945d-efd9dd561743 is Over-Utilized.
2023-06-21 17:31:33,677 [main] DEBUG balancer.ContainerBalancerTask (ContainerBalancerTask.java:lambda$initializeIteration$1(453)) - Datanode localhost-106.240.243.44 ca4df368-9957-4e8c-8166-de1bf6393313 is Over-Utilized.
2023-06-21 17:31:33,677 [main] DEBUG balancer.ContainerBalancerTask (ContainerBalancerTask.java:lambda$initializeIteration$2(459)) - Datanode localhost-188.82.244.62 c49af212-2b4e-4bd4-b503-6cc4f4e13722 is Under-Utilized.
2023-06-21 17:31:33,677 [main] DEBUG balancer.ContainerBalancerTask (ContainerBalancerTask.java:lambda$initializeIteration$2(459)) - Datanode localhost-118.77.193.207 085849ae-9e8f-4d0b-940b-e1fb286c907c is Under-Utilized.
2023-06-21 17:31:33,680 [main] DEBUG balancer.ContainerBalancerTask (ContainerBalancerTask.java:matchSourceWithTarget(706)) - ContainerBalancer is finding suitable target for source datanode 01efa234-f908-4c2b-ab0c-194903419a33
2023-06-21 17:31:33,680 [main] INFO  balancer.ContainerBalancerTask (ContainerBalancerTask.java:matchSourceWithTarget(720)) - ContainerBalancer matched source datanode 01efa234-f908-4c2b-ab0c-194903419a33 with target datanode c49af212-2b4e-4bd4-b503-6cc4f4e13722 for container move.
2023-06-21 17:31:33,680 [main] INFO  balancer.ContainerBalancerTask (ContainerBalancerTask.java:processMoveSelection(569)) - ContainerBalancer is trying to move container #85 with size 5368709120B from source datanode 01efa234-f908-4c2b-ab0c-194903419a33 to target datanode c49af212-2b4e-4bd4-b503-6cc4f4e13722
2023-06-21 17:31:33,680 [main] DEBUG balancer.ContainerBalancerTask (ContainerBalancerTask.java:lambda$moveContainer$3(834)) - Container move completed for container #85 from source 01efa234-f908-4c2b-ab0c-194903419a33 to target c49af212-2b4e-4bd4-b503-6cc4f4e13722
2023-06-21 17:31:33,683 [main] DEBUG balancer.ContainerBalancerTask (ContainerBalancerTask.java:matchSourceWithTarget(706)) - ContainerBalancer is finding suitable target for source datanode 01efa234-f908-4c2b-ab0c-194903419a33
2023-06-21 17:31:33,683 [main] INFO  balancer.ContainerBalancerTask (ContainerBalancerTask.java:matchSourceWithTarget(720)) - ContainerBalancer matched source datanode 01efa234-f908-4c2b-ab0c-194903419a33 with target datanode 085849ae-9e8f-4d0b-940b-e1fb286c907c for container move.
2023-06-21 17:31:33,683 [main] INFO  balancer.ContainerBalancerTask (ContainerBalancerTask.java:processMoveSelection(569)) - ContainerBalancer is trying to move container #68 with size 5368709120B from source datanode 01efa234-f908-4c2b-ab0c-194903419a33 to target datanode 085849ae-9e8f-4d0b-940b-e1fb286c907c
2023-06-21 17:31:33,683 [main] DEBUG balancer.ContainerBalancerTask (ContainerBalancerTask.java:lambda$moveContainer$3(834)) - Container move completed for container #68 from source 01efa234-f908-4c2b-ab0c-194903419a33 to target 085849ae-9e8f-4d0b-940b-e1fb286c907c
2023-06-21 17:31:33,686 [main] DEBUG balancer.ContainerBalancerTask (ContainerBalancerTask.java:matchSourceWithTarget(706)) - ContainerBalancer is finding suitable target for source datanode 321c84d4-14b7-4af7-906c-e1c1bbae619c
2023-06-21 17:31:33,686 [main] INFO  balancer.ContainerBalancerTask (ContainerBalancerTask.java:matchSourceWithTarget(720)) - ContainerBalancer matched source datanode 321c84d4-14b7-4af7-906c-e1c1bbae619c with target datanode 085849ae-9e8f-4d0b-940b-e1fb286c907c for container move.
2023-06-21 17:31:33,686 [main] INFO  balancer.ContainerBalancerTask (ContainerBalancerTask.java:processMoveSelection(569)) - ContainerBalancer is trying to move container #53 with size 5368709120B from source datanode 321c84d4-14b7-4af7-906c-e1c1bbae619c to target datanode 085849ae-9e8f-4d0b-940b-e1fb286c907c
2023-06-21 17:31:33,686 [main] DEBUG balancer.ContainerBalancerTask (ContainerBalancerTask.java:lambda$moveContainer$3(834)) - Container move completed for container #53 from source 321c84d4-14b7-4af7-906c-e1c1bbae619c to target 085849ae-9e8f-4d0b-940b-e1fb286c907c
2023-06-21 17:31:33,689 [main] DEBUG balancer.ContainerBalancerTask (ContainerBalancerTask.java:matchSourceWithTarget(706)) - ContainerBalancer is finding suitable target for source datanode 01efa234-f908-4c2b-ab0c-194903419a33
2023-06-21 17:31:33,689 [main] INFO  balancer.ContainerBalancerTask (ContainerBalancerTask.java:matchSourceWithTarget(720)) - ContainerBalancer matched source datanode 01efa234-f908-4c2b-ab0c-194903419a33 with target datanode 085849ae-9e8f-4d0b-940b-e1fb286c907c for container move.
2023-06-21 17:31:33,689 [main] INFO  balancer.ContainerBalancerTask (ContainerBalancerTask.java:processMoveSelection(569)) - ContainerBalancer is trying to move container #40 with size 5368709120B from source datanode 01efa234-f908-4c2b-ab0c-194903419a33 to target datanode 085849ae-9e8f-4d0b-940b-e1fb286c907c
2023-06-21 17:31:33,689 [main] DEBUG balancer.ContainerBalancerTask (ContainerBalancerTask.java:lambda$moveContainer$3(834)) - Container move completed for container #40 from source 01efa234-f908-4c2b-ab0c-194903419a33 to target 085849ae-9e8f-4d0b-940b-e1fb286c907c
2023-06-21 17:31:33,692 [main] DEBUG balancer.ContainerBalancerTask (ContainerBalancerTask.java:matchSourceWithTarget(706)) - ContainerBalancer is finding suitable target for source datanode 321c84d4-14b7-4af7-906c-e1c1bbae619c
2023-06-21 17:31:33,692 [main] INFO  balancer.ContainerBalancerTask (ContainerBalancerTask.java:matchSourceWithTarget(720)) - ContainerBalancer matched source datanode 321c84d4-14b7-4af7-906c-e1c1bbae619c with target datanode c49af212-2b4e-4bd4-b503-6cc4f4e13722 for container move.
2023-06-21 17:31:33,692 [main] INFO  balancer.ContainerBalancerTask (ContainerBalancerTask.java:processMoveSelection(569)) - ContainerBalancer is trying to move container #89 with size 4294967296B from source datanode 321c84d4-14b7-4af7-906c-e1c1bbae619c to target datanode c49af212-2b4e-4bd4-b503-6cc4f4e13722
2023-06-21 17:31:33,692 [main] DEBUG balancer.ContainerBalancerTask (ContainerBalancerTask.java:lambda$moveContainer$3(834)) - Container move completed for container #89 from source 321c84d4-14b7-4af7-906c-e1c1bbae619c to target c49af212-2b4e-4bd4-b503-6cc4f4e13722
2023-06-21 17:31:33,695 [main] DEBUG balancer.ContainerBalancerTask (ContainerBalancerTask.java:matchSourceWithTarget(706)) - ContainerBalancer is finding suitable target for source datanode 9246defe-2693-4dab-945d-efd9dd561743
2023-06-21 17:31:33,695 [main] INFO  balancer.ContainerBalancerTask (ContainerBalancerTask.java:matchSourceWithTarget(720)) - ContainerBalancer matched source datanode 9246defe-2693-4dab-945d-efd9dd561743 with target datanode 085849ae-9e8f-4d0b-940b-e1fb286c907c for container move.
2023-06-21 17:31:33,695 [main] INFO  balancer.ContainerBalancerTask (ContainerBalancerTask.java:processMoveSelection(569)) - ContainerBalancer is trying to move container #52 with size 4294967296B from source datanode 9246defe-2693-4dab-945d-efd9dd561743 to target datanode 085849ae-9e8f-4d0b-940b-e1fb286c907c
2023-06-21 17:31:33,695 [main] DEBUG balancer.ContainerBalancerTask (ContainerBalancerTask.java:lambda$moveContainer$3(834)) - Container move completed for container #52 from source 9246defe-2693-4dab-945d-efd9dd561743 to target 085849ae-9e8f-4d0b-940b-e1fb286c907c
2023-06-21 17:31:33,698 [main] DEBUG balancer.ContainerBalancerTask (ContainerBalancerTask.java:matchSourceWithTarget(706)) - ContainerBalancer is finding suitable target for source datanode 321c84d4-14b7-4af7-906c-e1c1bbae619c
2023-06-21 17:31:33,698 [main] INFO  balancer.ContainerBalancerTask (ContainerBalancerTask.java:matchSourceWithTarget(720)) - ContainerBalancer matched source datanode 321c84d4-14b7-4af7-906c-e1c1bbae619c with target datanode 085849ae-9e8f-4d0b-940b-e1fb286c907c for container move.
2023-06-21 17:31:33,698 [main] INFO  balancer.ContainerBalancerTask (ContainerBalancerTask.java:processMoveSelection(569)) - ContainerBalancer is trying to move container #39 with size 4294967296B from source datanode 321c84d4-14b7-4af7-906c-e1c1bbae619c to target datanode 085849ae-9e8f-4d0b-940b-e1fb286c907c
2023-06-21 17:31:33,699 [main] DEBUG balancer.ContainerBalancerTask (ContainerBalancerTask.java:lambda$moveContainer$3(834)) - Container move completed for container #39 from source 321c84d4-14b7-4af7-906c-e1c1bbae619c to target 085849ae-9e8f-4d0b-940b-e1fb286c907c
2023-06-21 17:31:33,701 [main] DEBUG balancer.ContainerBalancerTask (ContainerBalancerTask.java:matchSourceWithTarget(706)) - ContainerBalancer is finding suitable target for source datanode 01efa234-f908-4c2b-ab0c-194903419a33
2023-06-21 17:31:33,702 [main] INFO  balancer.ContainerBalancerTask (ContainerBalancerTask.java:matchSourceWithTarget(720)) - ContainerBalancer matched source datanode 01efa234-f908-4c2b-ab0c-194903419a33 with target datanode 085849ae-9e8f-4d0b-940b-e1fb286c907c for container move.
2023-06-21 17:31:33,702 [main] INFO  balancer.ContainerBalancerTask (ContainerBalancerTask.java:processMoveSelection(569)) - ContainerBalancer is trying to move container #84 with size 4294967296B from source datanode 01efa234-f908-4c2b-ab0c-194903419a33 to target datanode 085849ae-9e8f-4d0b-940b-e1fb286c907c
2023-06-21 17:31:33,702 [main] DEBUG balancer.ContainerBalancerTask (ContainerBalancerTask.java:lambda$moveContainer$3(834)) - Container move completed for container #84 from source 01efa234-f908-4c2b-ab0c-194903419a33 to target 085849ae-9e8f-4d0b-940b-e1fb286c907c
2023-06-21 17:31:33,705 [main] DEBUG balancer.ContainerBalancerTask (ContainerBalancerTask.java:matchSourceWithTarget(706)) - ContainerBalancer is finding suitable target for source datanode 9246defe-2693-4dab-945d-efd9dd561743
2023-06-21 17:31:33,705 [main] INFO  balancer.ContainerBalancerTask (ContainerBalancerTask.java:matchSourceWithTarget(720)) - ContainerBalancer matched source datanode 9246defe-2693-4dab-945d-efd9dd561743 with target datanode 085849ae-9e8f-4d0b-940b-e1fb286c907c for container move.
2023-06-21 17:31:33,705 [main] INFO  balancer.ContainerBalancerTask (ContainerBalancerTask.java:processMoveSelection(569)) - ContainerBalancer is trying to move container #88 with size 3221225472B from source datanode 9246defe-2693-4dab-945d-efd9dd561743 to target datanode 085849ae-9e8f-4d0b-940b-e1fb286c907c
2023-06-21 17:31:33,705 [main] DEBUG balancer.ContainerBalancerTask (ContainerBalancerTask.java:lambda$moveContainer$3(834)) - Container move completed for container #88 from source 9246defe-2693-4dab-945d-efd9dd561743 to target 085849ae-9e8f-4d0b-940b-e1fb286c907c
2023-06-21 17:31:33,708 [main] DEBUG balancer.ContainerBalancerTask (ContainerBalancerTask.java:matchSourceWithTarget(706)) - ContainerBalancer is finding suitable target for source datanode 321c84d4-14b7-4af7-906c-e1c1bbae619c
2023-06-21 17:31:33,708 [main] INFO  balancer.ContainerBalancerTask (ContainerBalancerTask.java:matchSourceWithTarget(720)) - ContainerBalancer matched source datanode 321c84d4-14b7-4af7-906c-e1c1bbae619c with target datanode 085849ae-9e8f-4d0b-940b-e1fb286c907c for container move.
2023-06-21 17:31:33,708 [main] INFO  balancer.ContainerBalancerTask (ContainerBalancerTask.java:processMoveSelection(569)) - ContainerBalancer is trying to move container #71 with size 3221225472B from source datanode 321c84d4-14b7-4af7-906c-e1c1bbae619c to target datanode 085849ae-9e8f-4d0b-940b-e1fb286c907c
2023-06-21 17:31:33,708 [main] DEBUG balancer.ContainerBalancerTask (ContainerBalancerTask.java:lambda$moveContainer$3(834)) - Container move completed for container #71 from source 321c84d4-14b7-4af7-906c-e1c1bbae619c to target 085849ae-9e8f-4d0b-940b-e1fb286c907c
2023-06-21 17:31:33,711 [main] DEBUG balancer.ContainerBalancerTask (ContainerBalancerTask.java:matchSourceWithTarget(706)) - ContainerBalancer is finding suitable target for source datanode 01efa234-f908-4c2b-ab0c-194903419a33
2023-06-21 17:31:33,712 [main] INFO  balancer.ContainerBalancerTask (ContainerBalancerTask.java:matchSourceWithTarget(720)) - ContainerBalancer matched source datanode 01efa234-f908-4c2b-ab0c-194903419a33 with target datanode 085849ae-9e8f-4d0b-940b-e1fb286c907c for container move.
2023-06-21 17:31:33,712 [main] INFO  balancer.ContainerBalancerTask (ContainerBalancerTask.java:processMoveSelection(569)) - ContainerBalancer is trying to move container #19 with size 4294967296B from source datanode 01efa234-f908-4c2b-ab0c-194903419a33 to target datanode 085849ae-9e8f-4d0b-940b-e1fb286c907c
2023-06-21 17:31:33,712 [main] DEBUG balancer.ContainerBalancerTask (ContainerBalancerTask.java:lambda$moveContainer$3(834)) - Container move completed for container #19 from source 01efa234-f908-4c2b-ab0c-194903419a33 to target 085849ae-9e8f-4d0b-940b-e1fb286c907c
2023-06-21 17:31:33,715 [main] DEBUG balancer.ContainerBalancerTask (ContainerBalancerTask.java:matchSourceWithTarget(706)) - ContainerBalancer is finding suitable target for source datanode 9246defe-2693-4dab-945d-efd9dd561743
2023-06-21 17:31:33,715 [main] INFO  balancer.ContainerBalancerTask (ContainerBalancerTask.java:matchSourceWithTarget(720)) - ContainerBalancer matched source datanode 9246defe-2693-4dab-945d-efd9dd561743 with target datanode 085849ae-9e8f-4d0b-940b-e1fb286c907c for container move.
2023-06-21 17:31:33,715 [main] INFO  balancer.ContainerBalancerTask (ContainerBalancerTask.java:processMoveSelection(569)) - ContainerBalancer is trying to move container #66 with size 3221225472B from source datanode 9246defe-2693-4dab-945d-efd9dd561743 to target datanode 085849ae-9e8f-4d0b-940b-e1fb286c907c
2023-06-21 17:31:33,715 [main] DEBUG balancer.ContainerBalancerTask (ContainerBalancerTask.java:lambda$moveContainer$3(834)) - Container move completed for container #66 from source 9246defe-2693-4dab-945d-efd9dd561743 to target 085849ae-9e8f-4d0b-940b-e1fb286c907c
2023-06-21 17:31:33,717 [main] DEBUG balancer.ContainerBalancerTask (ContainerBalancerTask.java:matchSourceWithTarget(706)) - ContainerBalancer is finding suitable target for source datanode ca4df368-9957-4e8c-8166-de1bf6393313
2023-06-21 17:31:33,717 [main] INFO  balancer.ContainerBalancerTask (ContainerBalancerTask.java:matchSourceWithTarget(720)) - ContainerBalancer matched source datanode ca4df368-9957-4e8c-8166-de1bf6393313 with target datanode 085849ae-9e8f-4d0b-940b-e1fb286c907c for container move.
2023-06-21 17:31:33,717 [main] INFO  balancer.ContainerBalancerTask (ContainerBalancerTask.java:processMoveSelection(569)) - ContainerBalancer is trying to move container #36 with size 1073741824B from source datanode ca4df368-9957-4e8c-8166-de1bf6393313 to target datanode 085849ae-9e8f-4d0b-940b-e1fb286c907c
2023-06-21 17:31:33,717 [main] DEBUG balancer.ContainerBalancerTask (ContainerBalancerTask.java:lambda$moveContainer$3(834)) - Container move completed for container #36 from source ca4df368-9957-4e8c-8166-de1bf6393313 to target 085849ae-9e8f-4d0b-940b-e1fb286c907c
2023-06-21 17:31:33,718 [main] WARN  balancer.ContainerBalancerTask (ContainerBalancerTask.java:reachedMaxSizeToMovePerIteration(731)) - Reached max size to move limit. 53687091200 bytes have already been scheduled for balancing and the limit is 53687091200 bytes.
2023-06-21 17:31:33,718 [main] INFO  balancer.ContainerBalancerTask (ContainerBalancerTask.java:checkIterationMoveResults(640)) - Iteration Summary. Number of Datanodes involved: 6. Size moved: 50 GB (53687091200 Bytes). Number of Container moves completed: 13.
2023-06-21 17:31:33,718 [main] INFO  balancer.ContainerBalancerTask (ContainerBalancerTask.java:balance(259)) - Result of this iteration of Container Balancer: ITERATION_COMPLETED
2023-06-21 17:31:33,718 [main] INFO  balancer.ContainerBalancerTask (ContainerBalancerTask.java:tryStopWithSaveConfiguration(308)) - Save Configuration for stopping. Reason: Completed all iterations.
2023-06-21 17:31:33,718 [main] DEBUG balancer.ContainerBalancerTask (ContainerBalancerTask.java:initializeIteration(374)) - Average utilization of the cluster is 0.35306711941381913
2023-06-21 17:31:33,719 [main] DEBUG balancer.ContainerBalancerTask (ContainerBalancerTask.java:initializeIteration(386)) - Lower limit for utilization is -0.41345033772972745 and Upper limit for utilization is 1.1195845765573658
2023-06-21 17:31:33,719 [main] DEBUG balancer.ContainerBalancerTask (ContainerBalancerTask.java:initializeIteration(398)) - Utilization for node 01efa234-f908-4c2b-ab0c-194903419a33 with capacity 72775834737B, used 65498251264B, and remaining 7277583473B is 0.9000000000096186
2023-06-21 17:31:33,719 [main] DEBUG balancer.ContainerBalancerTask (ContainerBalancerTask.java:initializeIteration(398)) - Utilization for node 321c84d4-14b7-4af7-906c-e1c1bbae619c with capacity 84557168640B, used 67645734912B, and remaining 16911433728B is 0.8
2023-06-21 17:31:33,719 [main] DEBUG balancer.ContainerBalancerTask (ContainerBalancerTask.java:initializeIteration(398)) - Utilization for node 9246defe-2693-4dab-945d-efd9dd561743 with capacity 87433262811B, used 61203283968B, and remaining 26229978843B is 0.7000000000034312
2023-06-21 17:31:33,719 [main] DEBUG balancer.ContainerBalancerTask (ContainerBalancerTask.java:initializeIteration(398)) - Utilization for node ca4df368-9957-4e8c-8166-de1bf6393313 with capacity 71582788266B, used 42949672960B, and remaining 28633115306B is 0.600000000005588
2023-06-21 17:31:33,719 [main] DEBUG balancer.ContainerBalancerTask (ContainerBalancerTask.java:initializeIteration(398)) - Utilization for node 40942551-d097-4969-9a85-9af0ec1541f4 with capacity 53687091200B, used 26843545600B, and remaining 26843545600B is 0.5
2023-06-21 17:31:33,719 [main] DEBUG balancer.ContainerBalancerTask (ContainerBalancerTask.java:initializeIteration(398)) - Utilization for node fd4dd60a-8bfd-4264-b2bb-fbfc3c54b0cc with capacity 88583700480B, used 35433480192B, and remaining 53150220288B is 0.4
2023-06-21 17:31:33,719 [main] DEBUG balancer.ContainerBalancerTask (ContainerBalancerTask.java:initializeIteration(398)) - Utilization for node 36d3431a-12b9-444e-b99f-4b34fd89578e with capacity 110953321813B, used 33285996544B, and remaining 77667325269B is 0.30000000000090127
2023-06-21 17:31:33,719 [main] DEBUG balancer.ContainerBalancerTask (ContainerBalancerTask.java:initializeIteration(398)) - Utilization for node 27804612-680c-46c1-ac34-1564025500b6 with capacity 150323855360B, used 30064771072B, and remaining 120259084288B is 0.2
2023-06-21 17:31:33,719 [main] DEBUG balancer.ContainerBalancerTask (ContainerBalancerTask.java:initializeIteration(398)) - Utilization for node 085849ae-9e8f-4d0b-940b-e1fb286c907c with capacity 375809638400B, used 37580963840B, and remaining 338228674560B is 0.1
2023-06-21 17:31:33,719 [main] DEBUG balancer.ContainerBalancerTask (ContainerBalancerTask.java:initializeIteration(398)) - Utilization for node c49af212-2b4e-4bd4-b503-6cc4f4e13722 with capacity 38654705664B, used 0B, and remaining 38654705664B is 0.0
2023-06-21 17:31:33,720 [main] INFO  balancer.ContainerBalancerTask (ContainerBalancerTask.java:initializeIteration(443)) - Did not find any unbalanced Datanodes.
2023-06-21 17:31:33,720 [main] INFO  balancer.ContainerBalancerTask (ContainerBalancerTask.java:tryStopWithSaveConfiguration(308)) - Save Configuration for stopping. Reason: Could not initialize ContainerBalancer's iteration number 0
2023-06-21 17:31:33,720 [main] DEBUG balancer.ContainerBalancerTask (ContainerBalancerTask.java:initializeIteration(374)) - Average utilization of the cluster is 0.35306711941381913
2023-06-21 17:31:33,720 [main] DEBUG balancer.ContainerBalancerTask (ContainerBalancerTask.java:initializeIteration(386)) - Lower limit for utilization is -0.5907793130555345 and Upper limit for utilization is 1.296913551883173
2023-06-21 17:31:33,720 [main] DEBUG balancer.ContainerBalancerTask (ContainerBalancerTask.java:initializeIteration(398)) - Utilization for node 01efa234-f908-4c2b-ab0c-194903419a33 with capacity 72775834737B, used 65498251264B, and remaining 7277583473B is 0.9000000000096186
2023-06-21 17:31:33,720 [main] DEBUG balancer.ContainerBalancerTask (ContainerBalancerTask.java:initializeIteration(398)) - Utilization for node 321c84d4-14b7-4af7-906c-e1c1bbae619c with capacity 84557168640B, used 67645734912B, and remaining 16911433728B is 0.8
2023-06-21 17:31:33,720 [main] DEBUG balancer.ContainerBalancerTask (ContainerBalancerTask.java:initializeIteration(398)) - Utilization for node 9246defe-2693-4dab-945d-efd9dd561743 with capacity 87433262811B, used 61203283968B, and remaining 26229978843B is 0.7000000000034312
2023-06-21 17:31:33,721 [main] DEBUG balancer.ContainerBalancerTask (ContainerBalancerTask.java:initializeIteration(398)) - Utilization for node ca4df368-9957-4e8c-8166-de1bf6393313 with capacity 71582788266B, used 42949672960B, and remaining 28633115306B is 0.600000000005588
2023-06-21 17:31:33,721 [main] DEBUG balancer.ContainerBalancerTask (ContainerBalancerTask.java:initializeIteration(398)) - Utilization for node 40942551-d097-4969-9a85-9af0ec1541f4 with capacity 53687091200B, used 26843545600B, and remaining 26843545600B is 0.5
2023-06-21 17:31:33,721 [main] DEBUG balancer.ContainerBalancerTask (ContainerBalancerTask.java:initializeIteration(398)) - Utilization for node fd4dd60a-8bfd-4264-b2bb-fbfc3c54b0cc with capacity 88583700480B, used 35433480192B, and remaining 53150220288B is 0.4
2023-06-21 17:31:33,721 [main] DEBUG balancer.ContainerBalancerTask (ContainerBalancerTask.java:initializeIteration(398)) - Utilization for node 36d3431a-12b9-444e-b99f-4b34fd89578e with capacity 110953321813B, used 33285996544B, and remaining 77667325269B is 0.30000000000090127
2023-06-21 17:31:33,721 [main] DEBUG balancer.ContainerBalancerTask (ContainerBalancerTask.java:initializeIteration(398)) - Utilization for node 27804612-680c-46c1-ac34-1564025500b6 with capacity 150323855360B, used 30064771072B, and remaining 120259084288B is 0.2
2023-06-21 17:31:33,721 [main] DEBUG balancer.ContainerBalancerTask (ContainerBalancerTask.java:initializeIteration(398)) - Utilization for node 085849ae-9e8f-4d0b-940b-e1fb286c907c with capacity 375809638400B, used 37580963840B, and remaining 338228674560B is 0.1
2023-06-21 17:31:33,721 [main] DEBUG balancer.ContainerBalancerTask (ContainerBalancerTask.java:initializeIteration(398)) - Utilization for node c49af212-2b4e-4bd4-b503-6cc4f4e13722 with capacity 38654705664B, used 0B, and remaining 38654705664B is 0.0
2023-06-21 17:31:33,721 [main] INFO  balancer.ContainerBalancerTask (ContainerBalancerTask.java:initializeIteration(443)) - Did not find any unbalanced Datanodes.
2023-06-21 17:31:33,721 [main] INFO  balancer.ContainerBalancerTask (ContainerBalancerTask.java:tryStopWithSaveConfiguration(308)) - Save Configuration for stopping. Reason: Could not initialize ContainerBalancer's iteration number 0
2023-06-21 17:31:33,722 [main] DEBUG balancer.ContainerBalancerTask (ContainerBalancerTask.java:initializeIteration(374)) - Average utilization of the cluster is 0.35306711941381913
2023-06-21 17:31:33,722 [main] DEBUG balancer.ContainerBalancerTask (ContainerBalancerTask.java:initializeIteration(386)) - Lower limit for utilization is -0.4728208990072937 and Upper limit for utilization is 1.1789551378349319
2023-06-21 17:31:33,722 [main] DEBUG balancer.ContainerBalancerTask (ContainerBalancerTask.java:initializeIteration(398)) - Utilization for node 01efa234-f908-4c2b-ab0c-194903419a33 with capacity 72775834737B, used 65498251264B, and remaining 7277583473B is 0.9000000000096186
2023-06-21 17:31:33,722 [main] DEBUG balancer.ContainerBalancerTask (ContainerBalancerTask.java:initializeIteration(398)) - Utilization for node 321c84d4-14b7-4af7-906c-e1c1bbae619c with capacity 84557168640B, used 67645734912B, and remaining 16911433728B is 0.8
2023-06-21 17:31:33,722 [main] DEBUG balancer.ContainerBalancerTask (ContainerBalancerTask.java:initializeIteration(398)) - Utilization for node 9246defe-2693-4dab-945d-efd9dd561743 with capacity 87433262811B, used 61203283968B, and remaining 26229978843B is 0.7000000000034312
2023-06-21 17:31:33,722 [main] DEBUG balancer.ContainerBalancerTask (ContainerBalancerTask.java:initializeIteration(398)) - Utilization for node ca4df368-9957-4e8c-8166-de1bf6393313 with capacity 71582788266B, used 42949672960B, and remaining 28633115306B is 0.600000000005588
2023-06-21 17:31:33,722 [main] DEBUG balancer.ContainerBalancerTask (ContainerBalancerTask.java:initializeIteration(398)) - Utilization for node 40942551-d097-4969-9a85-9af0ec1541f4 with capacity 53687091200B, used 26843545600B, and remaining 26843545600B is 0.5
2023-06-21 17:31:33,722 [main] DEBUG balancer.ContainerBalancerTask (ContainerBalancerTask.java:initializeIteration(398)) - Utilization for node fd4dd60a-8bfd-4264-b2bb-fbfc3c54b0cc with capacity 88583700480B, used 35433480192B, and remaining 53150220288B is 0.4
2023-06-21 17:31:33,722 [main] DEBUG balancer.ContainerBalancerTask (ContainerBalancerTask.java:initializeIteration(398)) - Utilization for node 36d3431a-12b9-444e-b99f-4b34fd89578e with capacity 110953321813B, used 33285996544B, and remaining 77667325269B is 0.30000000000090127
2023-06-21 17:31:33,722 [main] DEBUG balancer.ContainerBalancerTask (ContainerBalancerTask.java:initializeIteration(398)) - Utilization for node 27804612-680c-46c1-ac34-1564025500b6 with capacity 150323855360B, used 30064771072B, and remaining 120259084288B is 0.2
2023-06-21 17:31:33,722 [main] DEBUG balancer.ContainerBalancerTask (ContainerBalancerTask.java:initializeIteration(398)) - Utilization for node 085849ae-9e8f-4d0b-940b-e1fb286c907c with capacity 375809638400B, used 37580963840B, and remaining 338228674560B is 0.1
2023-06-21 17:31:33,723 [main] DEBUG balancer.ContainerBalancerTask (ContainerBalancerTask.java:initializeIteration(398)) - Utilization for node c49af212-2b4e-4bd4-b503-6cc4f4e13722 with capacity 38654705664B, used 0B, and remaining 38654705664B is 0.0
2023-06-21 17:31:33,723 [main] INFO  balancer.ContainerBalancerTask (ContainerBalancerTask.java:initializeIteration(443)) - Did not find any unbalanced Datanodes.
2023-06-21 17:31:33,723 [main] INFO  balancer.ContainerBalancerTask (ContainerBalancerTask.java:tryStopWithSaveConfiguration(308)) - Save Configuration for stopping. Reason: Could not initialize ContainerBalancer's iteration number 0
2023-06-21 17:31:33,723 [main] DEBUG balancer.ContainerBalancerTask (ContainerBalancerTask.java:initializeIteration(374)) - Average utilization of the cluster is 0.35306711941381913
2023-06-21 17:31:33,723 [main] DEBUG balancer.ContainerBalancerTask (ContainerBalancerTask.java:initializeIteration(386)) - Lower limit for utilization is -0.3500868160309602 and Upper limit for utilization is 1.0562210548585984
2023-06-21 17:31:33,723 [main] DEBUG balancer.ContainerBalancerTask (ContainerBalancerTask.java:initializeIteration(398)) - Utilization for node 01efa234-f908-4c2b-ab0c-194903419a33 with capacity 72775834737B, used 65498251264B, and remaining 7277583473B is 0.9000000000096186
2023-06-21 17:31:33,723 [main] DEBUG balancer.ContainerBalancerTask (ContainerBalancerTask.java:initializeIteration(398)) - Utilization for node 321c84d4-14b7-4af7-906c-e1c1bbae619c with capacity 84557168640B, used 67645734912B, and remaining 16911433728B is 0.8
2023-06-21 17:31:33,723 [main] DEBUG balancer.ContainerBalancerTask (ContainerBalancerTask.java:initializeIteration(398)) - Utilization for node 9246defe-2693-4dab-945d-efd9dd561743 with capacity 87433262811B, used 61203283968B, and remaining 26229978843B is 0.7000000000034312
2023-06-21 17:31:33,724 [main] DEBUG balancer.ContainerBalancerTask (ContainerBalancerTask.java:initializeIteration(398)) - Utilization for node ca4df368-9957-4e8c-8166-de1bf6393313 with capacity 71582788266B, used 42949672960B, and remaining 28633115306B is 0.600000000005588
2023-06-21 17:31:33,724 [main] DEBUG balancer.ContainerBalancerTask (ContainerBalancerTask.java:initializeIteration(398)) - Utilization for node 40942551-d097-4969-9a85-9af0ec1541f4 with capacity 53687091200B, used 26843545600B, and remaining 26843545600B is 0.5
2023-06-21 17:31:33,724 [main] DEBUG balancer.ContainerBalancerTask (ContainerBalancerTask.java:initializeIteration(398)) - Utilization for node fd4dd60a-8bfd-4264-b2bb-fbfc3c54b0cc with capacity 88583700480B, used 35433480192B, and remaining 53150220288B is 0.4
2023-06-21 17:31:33,724 [main] DEBUG balancer.ContainerBalancerTask (ContainerBalancerTask.java:initializeIteration(398)) - Utilization for node 36d3431a-12b9-444e-b99f-4b34fd89578e with capacity 110953321813B, used 33285996544B, and remaining 77667325269B is 0.30000000000090127
2023-06-21 17:31:33,724 [main] DEBUG balancer.ContainerBalancerTask (ContainerBalancerTask.java:initializeIteration(398)) - Utilization for node 27804612-680c-46c1-ac34-1564025500b6 with capacity 150323855360B, used 30064771072B, and remaining 120259084288B is 0.2
2023-06-21 17:31:33,724 [main] DEBUG balancer.ContainerBalancerTask (ContainerBalancerTask.java:initializeIteration(398)) - Utilization for node 085849ae-9e8f-4d0b-940b-e1fb286c907c with capacity 375809638400B, used 37580963840B, and remaining 338228674560B is 0.1
2023-06-21 17:31:33,724 [main] DEBUG balancer.ContainerBalancerTask (ContainerBalancerTask.java:initializeIteration(398)) - Utilization for node c49af212-2b4e-4bd4-b503-6cc4f4e13722 with capacity 38654705664B, used 0B, and remaining 38654705664B is 0.0
2023-06-21 17:31:33,724 [main] INFO  balancer.ContainerBalancerTask (ContainerBalancerTask.java:initializeIteration(443)) - Did not find any unbalanced Datanodes.
2023-06-21 17:31:33,724 [main] INFO  balancer.ContainerBalancerTask (ContainerBalancerTask.java:tryStopWithSaveConfiguration(308)) - Save Configuration for stopping. Reason: Could not initialize ContainerBalancer's iteration number 0
2023-06-21 17:31:33,725 [main] DEBUG balancer.ContainerBalancerTask (ContainerBalancerTask.java:initializeIteration(374)) - Average utilization of the cluster is 0.35306711941381913
2023-06-21 17:31:33,725 [main] DEBUG balancer.ContainerBalancerTask (ContainerBalancerTask.java:initializeIteration(386)) - Lower limit for utilization is -0.1125296092169466 and Upper limit for utilization is 0.8186638480445849
2023-06-21 17:31:33,725 [main] DEBUG balancer.ContainerBalancerTask (ContainerBalancerTask.java:initializeIteration(398)) - Utilization for node 01efa234-f908-4c2b-ab0c-194903419a33 with capacity 72775834737B, used 65498251264B, and remaining 7277583473B is 0.9000000000096186
2023-06-21 17:31:33,725 [main] DEBUG balancer.ContainerBalancerTask (ContainerBalancerTask.java:initializeIteration(398)) - Utilization for node 321c84d4-14b7-4af7-906c-e1c1bbae619c with capacity 84557168640B, used 67645734912B, and remaining 16911433728B is 0.8
2023-06-21 17:31:33,725 [main] DEBUG balancer.ContainerBalancerTask (ContainerBalancerTask.java:initializeIteration(398)) - Utilization for node 9246defe-2693-4dab-945d-efd9dd561743 with capacity 87433262811B, used 61203283968B, and remaining 26229978843B is 0.7000000000034312
2023-06-21 17:31:33,725 [main] DEBUG balancer.ContainerBalancerTask (ContainerBalancerTask.java:initializeIteration(398)) - Utilization for node ca4df368-9957-4e8c-8166-de1bf6393313 with capacity 71582788266B, used 42949672960B, and remaining 28633115306B is 0.600000000005588
2023-06-21 17:31:33,725 [main] DEBUG balancer.ContainerBalancerTask (ContainerBalancerTask.java:initializeIteration(398)) - Utilization for node 40942551-d097-4969-9a85-9af0ec1541f4 with capacity 53687091200B, used 26843545600B, and remaining 26843545600B is 0.5
2023-06-21 17:31:33,725 [main] DEBUG balancer.ContainerBalancerTask (ContainerBalancerTask.java:initializeIteration(398)) - Utilization for node fd4dd60a-8bfd-4264-b2bb-fbfc3c54b0cc with capacity 88583700480B, used 35433480192B, and remaining 53150220288B is 0.4
2023-06-21 17:31:33,725 [main] DEBUG balancer.ContainerBalancerTask (ContainerBalancerTask.java:initializeIteration(398)) - Utilization for node 36d3431a-12b9-444e-b99f-4b34fd89578e with capacity 110953321813B, used 33285996544B, and remaining 77667325269B is 0.30000000000090127
2023-06-21 17:31:33,725 [main] DEBUG balancer.ContainerBalancerTask (ContainerBalancerTask.java:initializeIteration(398)) - Utilization for node 27804612-680c-46c1-ac34-1564025500b6 with capacity 150323855360B, used 30064771072B, and remaining 120259084288B is 0.2
2023-06-21 17:31:33,725 [main] DEBUG balancer.ContainerBalancerTask (ContainerBalancerTask.java:initializeIteration(398)) - Utilization for node 085849ae-9e8f-4d0b-940b-e1fb286c907c with capacity 375809638400B, used 37580963840B, and remaining 338228674560B is 0.1
2023-06-21 17:31:33,725 [main] DEBUG balancer.ContainerBalancerTask (ContainerBalancerTask.java:initializeIteration(398)) - Utilization for node c49af212-2b4e-4bd4-b503-6cc4f4e13722 with capacity 38654705664B, used 0B, and remaining 38654705664B is 0.0
2023-06-21 17:31:33,726 [main] INFO  balancer.ContainerBalancerTask (ContainerBalancerTask.java:initializeIteration(447)) - Container Balancer has identified 1 Over-Utilized and 0 Under-Utilized Datanodes that need to be balanced.
2023-06-21 17:31:33,726 [main] DEBUG balancer.ContainerBalancerTask (ContainerBalancerTask.java:lambda$initializeIteration$1(453)) - Datanode localhost-100.204.26.254 01efa234-f908-4c2b-ab0c-194903419a33 is Over-Utilized.
2023-06-21 17:31:33,728 [main] DEBUG balancer.ContainerBalancerTask (ContainerBalancerTask.java:matchSourceWithTarget(706)) - ContainerBalancer is finding suitable target for source datanode 01efa234-f908-4c2b-ab0c-194903419a33
2023-06-21 17:31:33,728 [main] INFO  balancer.FindTargetGreedyByUsageInfo (AbstractFindTargetGreedy.java:findTargetForContainerMove(133)) - Container Balancer could not find a target for source datanode 01efa234-f908-4c2b-ab0c-194903419a33
2023-06-21 17:31:33,728 [main] DEBUG balancer.ContainerBalancerTask (ContainerBalancerTask.java:matchSourceWithTarget(715)) - ContainerBalancer could not find a suitable target for source node 01efa234-f908-4c2b-ab0c-194903419a33.
2023-06-21 17:31:33,729 [main] INFO  balancer.FindSourceGreedy (FindSourceGreedy.java:getNextCandidateSourceDataNode(126)) - no more candidate source data node
2023-06-21 17:31:33,729 [main] INFO  balancer.ContainerBalancerTask (ContainerBalancerTask.java:balance(259)) - Result of this iteration of Container Balancer: CAN_NOT_BALANCE_ANY_MORE
2023-06-21 17:31:33,729 [main] INFO  balancer.ContainerBalancerTask (ContainerBalancerTask.java:tryStopWithSaveConfiguration(308)) - Save Configuration for stopping. Reason: CAN_NOT_BALANCE_ANY_MORE
2023-06-21 17:31:33,729 [main] DEBUG balancer.ContainerBalancerTask (ContainerBalancerTask.java:initializeIteration(374)) - Average utilization of the cluster is 0.35306711941381913
2023-06-21 17:31:33,729 [main] DEBUG balancer.ContainerBalancerTask (ContainerBalancerTask.java:initializeIteration(386)) - Lower limit for utilization is 0.22778074187582903 and Upper limit for utilization is 0.47835349695180923
2023-06-21 17:31:33,729 [main] DEBUG balancer.ContainerBalancerTask (ContainerBalancerTask.java:initializeIteration(398)) - Utilization for node 01efa234-f908-4c2b-ab0c-194903419a33 with capacity 72775834737B, used 65498251264B, and remaining 7277583473B is 0.9000000000096186
2023-06-21 17:31:33,729 [main] DEBUG balancer.ContainerBalancerTask (ContainerBalancerTask.java:initializeIteration(398)) - Utilization for node 321c84d4-14b7-4af7-906c-e1c1bbae619c with capacity 84557168640B, used 67645734912B, and remaining 16911433728B is 0.8
2023-06-21 17:31:33,730 [main] DEBUG balancer.ContainerBalancerTask (ContainerBalancerTask.java:initializeIteration(398)) - Utilization for node 9246defe-2693-4dab-945d-efd9dd561743 with capacity 87433262811B, used 61203283968B, and remaining 26229978843B is 0.7000000000034312
2023-06-21 17:31:33,730 [main] DEBUG balancer.ContainerBalancerTask (ContainerBalancerTask.java:initializeIteration(398)) - Utilization for node ca4df368-9957-4e8c-8166-de1bf6393313 with capacity 71582788266B, used 42949672960B, and remaining 28633115306B is 0.600000000005588
2023-06-21 17:31:33,730 [main] DEBUG balancer.ContainerBalancerTask (ContainerBalancerTask.java:initializeIteration(398)) - Utilization for node 40942551-d097-4969-9a85-9af0ec1541f4 with capacity 53687091200B, used 26843545600B, and remaining 26843545600B is 0.5
2023-06-21 17:31:33,730 [main] DEBUG balancer.ContainerBalancerTask (ContainerBalancerTask.java:initializeIteration(398)) - Utilization for node fd4dd60a-8bfd-4264-b2bb-fbfc3c54b0cc with capacity 88583700480B, used 35433480192B, and remaining 53150220288B is 0.4
2023-06-21 17:31:33,730 [main] DEBUG balancer.ContainerBalancerTask (ContainerBalancerTask.java:initializeIteration(398)) - Utilization for node 36d3431a-12b9-444e-b99f-4b34fd89578e with capacity 110953321813B, used 33285996544B, and remaining 77667325269B is 0.30000000000090127
2023-06-21 17:31:33,730 [main] DEBUG balancer.ContainerBalancerTask (ContainerBalancerTask.java:initializeIteration(398)) - Utilization for node 27804612-680c-46c1-ac34-1564025500b6 with capacity 150323855360B, used 30064771072B, and remaining 120259084288B is 0.2
2023-06-21 17:31:33,730 [main] DEBUG balancer.ContainerBalancerTask (ContainerBalancerTask.java:initializeIteration(398)) - Utilization for node 085849ae-9e8f-4d0b-940b-e1fb286c907c with capacity 375809638400B, used 37580963840B, and remaining 338228674560B is 0.1
2023-06-21 17:31:33,730 [main] DEBUG balancer.ContainerBalancerTask (ContainerBalancerTask.java:initializeIteration(398)) - Utilization for node c49af212-2b4e-4bd4-b503-6cc4f4e13722 with capacity 38654705664B, used 0B, and remaining 38654705664B is 0.0
2023-06-21 17:31:33,730 [main] INFO  balancer.ContainerBalancerTask (ContainerBalancerTask.java:initializeIteration(447)) - Container Balancer has identified 5 Over-Utilized and 3 Under-Utilized Datanodes that need to be balanced.
2023-06-21 17:31:33,730 [main] DEBUG balancer.ContainerBalancerTask (ContainerBalancerTask.java:lambda$initializeIteration$1(453)) - Datanode localhost-100.204.26.254 01efa234-f908-4c2b-ab0c-194903419a33 is Over-Utilized.
2023-06-21 17:31:33,730 [main] DEBUG balancer.ContainerBalancerTask (ContainerBalancerTask.java:lambda$initializeIteration$1(453)) - Datanode localhost-226.119.138.44 321c84d4-14b7-4af7-906c-e1c1bbae619c is Over-Utilized.
2023-06-21 17:31:33,730 [main] DEBUG balancer.ContainerBalancerTask (ContainerBalancerTask.java:lambda$initializeIteration$1(453)) - Datanode localhost-64.79.142.244 9246defe-2693-4dab-945d-efd9dd561743 is Over-Utilized.
2023-06-21 17:31:33,730 [main] DEBUG balancer.ContainerBalancerTask (ContainerBalancerTask.java:lambda$initializeIteration$1(453)) - Datanode localhost-106.240.243.44 ca4df368-9957-4e8c-8166-de1bf6393313 is Over-Utilized.
2023-06-21 17:31:33,731 [main] DEBUG balancer.ContainerBalancerTask (ContainerBalancerTask.java:lambda$initializeIteration$1(453)) - Datanode localhost-238.211.130.222 40942551-d097-4969-9a85-9af0ec1541f4 is Over-Utilized.
2023-06-21 17:31:33,731 [main] DEBUG balancer.ContainerBalancerTask (ContainerBalancerTask.java:lambda$initializeIteration$2(459)) - Datanode localhost-188.82.244.62 c49af212-2b4e-4bd4-b503-6cc4f4e13722 is Under-Utilized.
2023-06-21 17:31:33,731 [main] DEBUG balancer.ContainerBalancerTask (ContainerBalancerTask.java:lambda$initializeIteration$2(459)) - Datanode localhost-118.77.193.207 085849ae-9e8f-4d0b-940b-e1fb286c907c is Under-Utilized.
2023-06-21 17:31:33,731 [main] DEBUG balancer.ContainerBalancerTask (ContainerBalancerTask.java:lambda$initializeIteration$2(459)) - Datanode localhost-121.86.50.47 27804612-680c-46c1-ac34-1564025500b6 is Under-Utilized.
2023-06-21 17:31:33,733 [main] DEBUG balancer.ContainerBalancerTask (ContainerBalancerTask.java:matchSourceWithTarget(706)) - ContainerBalancer is finding suitable target for source datanode 01efa234-f908-4c2b-ab0c-194903419a33
2023-06-21 17:31:33,734 [main] INFO  balancer.ContainerBalancerTask (ContainerBalancerTask.java:matchSourceWithTarget(720)) - ContainerBalancer matched source datanode 01efa234-f908-4c2b-ab0c-194903419a33 with target datanode c49af212-2b4e-4bd4-b503-6cc4f4e13722 for container move.
2023-06-21 17:31:33,734 [main] INFO  balancer.ContainerBalancerTask (ContainerBalancerTask.java:processMoveSelection(569)) - ContainerBalancer is trying to move container #85 with size 5368709120B from source datanode 01efa234-f908-4c2b-ab0c-194903419a33 to target datanode c49af212-2b4e-4bd4-b503-6cc4f4e13722
2023-06-21 17:31:33,734 [main] DEBUG balancer.ContainerBalancerTask (ContainerBalancerTask.java:lambda$moveContainer$3(834)) - Container move completed for container #85 from source 01efa234-f908-4c2b-ab0c-194903419a33 to target c49af212-2b4e-4bd4-b503-6cc4f4e13722
2023-06-21 17:31:33,736 [main] DEBUG balancer.ContainerBalancerTask (ContainerBalancerTask.java:matchSourceWithTarget(706)) - ContainerBalancer is finding suitable target for source datanode 01efa234-f908-4c2b-ab0c-194903419a33
2023-06-21 17:31:33,737 [main] INFO  balancer.ContainerBalancerTask (ContainerBalancerTask.java:matchSourceWithTarget(720)) - ContainerBalancer matched source datanode 01efa234-f908-4c2b-ab0c-194903419a33 with target datanode 085849ae-9e8f-4d0b-940b-e1fb286c907c for container move.
2023-06-21 17:31:33,737 [main] INFO  balancer.ContainerBalancerTask (ContainerBalancerTask.java:processMoveSelection(569)) - ContainerBalancer is trying to move container #68 with size 5368709120B from source datanode 01efa234-f908-4c2b-ab0c-194903419a33 to target datanode 085849ae-9e8f-4d0b-940b-e1fb286c907c
2023-06-21 17:31:33,737 [main] DEBUG balancer.ContainerBalancerTask (ContainerBalancerTask.java:lambda$moveContainer$3(834)) - Container move completed for container #68 from source 01efa234-f908-4c2b-ab0c-194903419a33 to target 085849ae-9e8f-4d0b-940b-e1fb286c907c
2023-06-21 17:31:33,739 [main] DEBUG balancer.ContainerBalancerTask (ContainerBalancerTask.java:matchSourceWithTarget(706)) - ContainerBalancer is finding suitable target for source datanode 321c84d4-14b7-4af7-906c-e1c1bbae619c
2023-06-21 17:31:33,740 [main] INFO  balancer.ContainerBalancerTask (ContainerBalancerTask.java:matchSourceWithTarget(720)) - ContainerBalancer matched source datanode 321c84d4-14b7-4af7-906c-e1c1bbae619c with target datanode 085849ae-9e8f-4d0b-940b-e1fb286c907c for container move.
2023-06-21 17:31:33,740 [main] INFO  balancer.ContainerBalancerTask (ContainerBalancerTask.java:processMoveSelection(569)) - ContainerBalancer is trying to move container #53 with size 5368709120B from source datanode 321c84d4-14b7-4af7-906c-e1c1bbae619c to target datanode 085849ae-9e8f-4d0b-940b-e1fb286c907c
2023-06-21 17:31:33,740 [main] DEBUG balancer.ContainerBalancerTask (ContainerBalancerTask.java:lambda$moveContainer$3(834)) - Container move completed for container #53 from source 321c84d4-14b7-4af7-906c-e1c1bbae619c to target 085849ae-9e8f-4d0b-940b-e1fb286c907c
2023-06-21 17:31:33,742 [main] DEBUG balancer.ContainerBalancerTask (ContainerBalancerTask.java:matchSourceWithTarget(706)) - ContainerBalancer is finding suitable target for source datanode 01efa234-f908-4c2b-ab0c-194903419a33
2023-06-21 17:31:33,743 [main] INFO  balancer.ContainerBalancerTask (ContainerBalancerTask.java:matchSourceWithTarget(720)) - ContainerBalancer matched source datanode 01efa234-f908-4c2b-ab0c-194903419a33 with target datanode 085849ae-9e8f-4d0b-940b-e1fb286c907c for container move.
2023-06-21 17:31:33,743 [main] INFO  balancer.ContainerBalancerTask (ContainerBalancerTask.java:processMoveSelection(569)) - ContainerBalancer is trying to move container #40 with size 5368709120B from source datanode 01efa234-f908-4c2b-ab0c-194903419a33 to target datanode 085849ae-9e8f-4d0b-940b-e1fb286c907c
2023-06-21 17:31:33,743 [main] DEBUG balancer.ContainerBalancerTask (ContainerBalancerTask.java:lambda$moveContainer$3(834)) - Container move completed for container #40 from source 01efa234-f908-4c2b-ab0c-194903419a33 to target 085849ae-9e8f-4d0b-940b-e1fb286c907c
2023-06-21 17:31:33,746 [main] DEBUG balancer.ContainerBalancerTask (ContainerBalancerTask.java:matchSourceWithTarget(706)) - ContainerBalancer is finding suitable target for source datanode 321c84d4-14b7-4af7-906c-e1c1bbae619c
2023-06-21 17:31:33,746 [main] INFO  balancer.ContainerBalancerTask (ContainerBalancerTask.java:matchSourceWithTarget(720)) - ContainerBalancer matched source datanode 321c84d4-14b7-4af7-906c-e1c1bbae619c with target datanode c49af212-2b4e-4bd4-b503-6cc4f4e13722 for container move.
2023-06-21 17:31:33,746 [main] INFO  balancer.ContainerBalancerTask (ContainerBalancerTask.java:processMoveSelection(569)) - ContainerBalancer is trying to move container #89 with size 4294967296B from source datanode 321c84d4-14b7-4af7-906c-e1c1bbae619c to target datanode c49af212-2b4e-4bd4-b503-6cc4f4e13722
2023-06-21 17:31:33,746 [main] DEBUG balancer.ContainerBalancerTask (ContainerBalancerTask.java:lambda$moveContainer$3(834)) - Container move completed for container #89 from source 321c84d4-14b7-4af7-906c-e1c1bbae619c to target c49af212-2b4e-4bd4-b503-6cc4f4e13722
2023-06-21 17:31:33,749 [main] DEBUG balancer.ContainerBalancerTask (ContainerBalancerTask.java:matchSourceWithTarget(706)) - ContainerBalancer is finding suitable target for source datanode 9246defe-2693-4dab-945d-efd9dd561743
2023-06-21 17:31:33,749 [main] INFO  balancer.ContainerBalancerTask (ContainerBalancerTask.java:matchSourceWithTarget(720)) - ContainerBalancer matched source datanode 9246defe-2693-4dab-945d-efd9dd561743 with target datanode 085849ae-9e8f-4d0b-940b-e1fb286c907c for container move.
2023-06-21 17:31:33,749 [main] INFO  balancer.ContainerBalancerTask (ContainerBalancerTask.java:processMoveSelection(569)) - ContainerBalancer is trying to move container #52 with size 4294967296B from source datanode 9246defe-2693-4dab-945d-efd9dd561743 to target datanode 085849ae-9e8f-4d0b-940b-e1fb286c907c
2023-06-21 17:31:33,749 [main] DEBUG balancer.ContainerBalancerTask (ContainerBalancerTask.java:lambda$moveContainer$3(834)) - Container move completed for container #52 from source 9246defe-2693-4dab-945d-efd9dd561743 to target 085849ae-9e8f-4d0b-940b-e1fb286c907c
2023-06-21 17:31:33,752 [main] DEBUG balancer.ContainerBalancerTask (ContainerBalancerTask.java:matchSourceWithTarget(706)) - ContainerBalancer is finding suitable target for source datanode 321c84d4-14b7-4af7-906c-e1c1bbae619c
2023-06-21 17:31:33,752 [main] INFO  balancer.ContainerBalancerTask (ContainerBalancerTask.java:matchSourceWithTarget(720)) - ContainerBalancer matched source datanode 321c84d4-14b7-4af7-906c-e1c1bbae619c with target datanode 085849ae-9e8f-4d0b-940b-e1fb286c907c for container move.
2023-06-21 17:31:33,752 [main] INFO  balancer.ContainerBalancerTask (ContainerBalancerTask.java:processMoveSelection(569)) - ContainerBalancer is trying to move container #39 with size 4294967296B from source datanode 321c84d4-14b7-4af7-906c-e1c1bbae619c to target datanode 085849ae-9e8f-4d0b-940b-e1fb286c907c
2023-06-21 17:31:33,752 [main] DEBUG balancer.ContainerBalancerTask (ContainerBalancerTask.java:lambda$moveContainer$3(834)) - Container move completed for container #39 from source 321c84d4-14b7-4af7-906c-e1c1bbae619c to target 085849ae-9e8f-4d0b-940b-e1fb286c907c
2023-06-21 17:31:33,755 [main] DEBUG balancer.ContainerBalancerTask (ContainerBalancerTask.java:matchSourceWithTarget(706)) - ContainerBalancer is finding suitable target for source datanode 01efa234-f908-4c2b-ab0c-194903419a33
2023-06-21 17:31:33,755 [main] INFO  balancer.ContainerBalancerTask (ContainerBalancerTask.java:matchSourceWithTarget(720)) - ContainerBalancer matched source datanode 01efa234-f908-4c2b-ab0c-194903419a33 with target datanode 085849ae-9e8f-4d0b-940b-e1fb286c907c for container move.
2023-06-21 17:31:33,755 [main] INFO  balancer.ContainerBalancerTask (ContainerBalancerTask.java:processMoveSelection(569)) - ContainerBalancer is trying to move container #84 with size 4294967296B from source datanode 01efa234-f908-4c2b-ab0c-194903419a33 to target datanode 085849ae-9e8f-4d0b-940b-e1fb286c907c
2023-06-21 17:31:33,755 [main] DEBUG balancer.ContainerBalancerTask (ContainerBalancerTask.java:lambda$moveContainer$3(834)) - Container move completed for container #84 from source 01efa234-f908-4c2b-ab0c-194903419a33 to target 085849ae-9e8f-4d0b-940b-e1fb286c907c
2023-06-21 17:31:33,758 [main] DEBUG balancer.ContainerBalancerTask (ContainerBalancerTask.java:matchSourceWithTarget(706)) - ContainerBalancer is finding suitable target for source datanode 9246defe-2693-4dab-945d-efd9dd561743
2023-06-21 17:31:33,758 [main] INFO  balancer.ContainerBalancerTask (ContainerBalancerTask.java:matchSourceWithTarget(720)) - ContainerBalancer matched source datanode 9246defe-2693-4dab-945d-efd9dd561743 with target datanode 085849ae-9e8f-4d0b-940b-e1fb286c907c for container move.
2023-06-21 17:31:33,758 [main] INFO  balancer.ContainerBalancerTask (ContainerBalancerTask.java:processMoveSelection(569)) - ContainerBalancer is trying to move container #88 with size 3221225472B from source datanode 9246defe-2693-4dab-945d-efd9dd561743 to target datanode 085849ae-9e8f-4d0b-940b-e1fb286c907c
2023-06-21 17:31:33,759 [main] DEBUG balancer.ContainerBalancerTask (ContainerBalancerTask.java:lambda$moveContainer$3(834)) - Container move completed for container #88 from source 9246defe-2693-4dab-945d-efd9dd561743 to target 085849ae-9e8f-4d0b-940b-e1fb286c907c
2023-06-21 17:31:33,762 [main] DEBUG balancer.ContainerBalancerTask (ContainerBalancerTask.java:matchSourceWithTarget(706)) - ContainerBalancer is finding suitable target for source datanode 321c84d4-14b7-4af7-906c-e1c1bbae619c
2023-06-21 17:31:33,762 [main] INFO  balancer.ContainerBalancerTask (ContainerBalancerTask.java:matchSourceWithTarget(720)) - ContainerBalancer matched source datanode 321c84d4-14b7-4af7-906c-e1c1bbae619c with target datanode 085849ae-9e8f-4d0b-940b-e1fb286c907c for container move.
2023-06-21 17:31:33,762 [main] INFO  balancer.ContainerBalancerTask (ContainerBalancerTask.java:processMoveSelection(569)) - ContainerBalancer is trying to move container #71 with size 3221225472B from source datanode 321c84d4-14b7-4af7-906c-e1c1bbae619c to target datanode 085849ae-9e8f-4d0b-940b-e1fb286c907c
2023-06-21 17:31:33,762 [main] DEBUG balancer.ContainerBalancerTask (ContainerBalancerTask.java:lambda$moveContainer$3(834)) - Container move completed for container #71 from source 321c84d4-14b7-4af7-906c-e1c1bbae619c to target 085849ae-9e8f-4d0b-940b-e1fb286c907c
2023-06-21 17:31:33,765 [main] DEBUG balancer.ContainerBalancerTask (ContainerBalancerTask.java:matchSourceWithTarget(706)) - ContainerBalancer is finding suitable target for source datanode 01efa234-f908-4c2b-ab0c-194903419a33
2023-06-21 17:31:33,765 [main] INFO  balancer.ContainerBalancerTask (ContainerBalancerTask.java:matchSourceWithTarget(720)) - ContainerBalancer matched source datanode 01efa234-f908-4c2b-ab0c-194903419a33 with target datanode 085849ae-9e8f-4d0b-940b-e1fb286c907c for container move.
2023-06-21 17:31:33,765 [main] INFO  balancer.ContainerBalancerTask (ContainerBalancerTask.java:processMoveSelection(569)) - ContainerBalancer is trying to move container #19 with size 4294967296B from source datanode 01efa234-f908-4c2b-ab0c-194903419a33 to target datanode 085849ae-9e8f-4d0b-940b-e1fb286c907c
2023-06-21 17:31:33,765 [main] DEBUG balancer.ContainerBalancerTask (ContainerBalancerTask.java:lambda$moveContainer$3(834)) - Container move completed for container #19 from source 01efa234-f908-4c2b-ab0c-194903419a33 to target 085849ae-9e8f-4d0b-940b-e1fb286c907c
2023-06-21 17:31:33,768 [main] DEBUG balancer.ContainerBalancerTask (ContainerBalancerTask.java:matchSourceWithTarget(706)) - ContainerBalancer is finding suitable target for source datanode 9246defe-2693-4dab-945d-efd9dd561743
2023-06-21 17:31:33,768 [main] INFO  balancer.ContainerBalancerTask (ContainerBalancerTask.java:matchSourceWithTarget(720)) - ContainerBalancer matched source datanode 9246defe-2693-4dab-945d-efd9dd561743 with target datanode 27804612-680c-46c1-ac34-1564025500b6 for container move.
2023-06-21 17:31:33,769 [main] INFO  balancer.ContainerBalancerTask (ContainerBalancerTask.java:processMoveSelection(569)) - ContainerBalancer is trying to move container #51 with size 3221225472B from source datanode 9246defe-2693-4dab-945d-efd9dd561743 to target datanode 27804612-680c-46c1-ac34-1564025500b6
2023-06-21 17:31:33,769 [main] DEBUG balancer.ContainerBalancerTask (ContainerBalancerTask.java:lambda$moveContainer$3(834)) - Container move completed for container #51 from source 9246defe-2693-4dab-945d-efd9dd561743 to target 27804612-680c-46c1-ac34-1564025500b6
2023-06-21 17:31:33,771 [main] DEBUG balancer.ContainerBalancerTask (ContainerBalancerTask.java:matchSourceWithTarget(706)) - ContainerBalancer is finding suitable target for source datanode ca4df368-9957-4e8c-8166-de1bf6393313
2023-06-21 17:31:33,771 [main] INFO  balancer.ContainerBalancerTask (ContainerBalancerTask.java:matchSourceWithTarget(720)) - ContainerBalancer matched source datanode ca4df368-9957-4e8c-8166-de1bf6393313 with target datanode 085849ae-9e8f-4d0b-940b-e1fb286c907c for container move.
2023-06-21 17:31:33,771 [main] INFO  balancer.ContainerBalancerTask (ContainerBalancerTask.java:processMoveSelection(569)) - ContainerBalancer is trying to move container #36 with size 1073741824B from source datanode ca4df368-9957-4e8c-8166-de1bf6393313 to target datanode 085849ae-9e8f-4d0b-940b-e1fb286c907c
2023-06-21 17:31:33,771 [main] DEBUG balancer.ContainerBalancerTask (ContainerBalancerTask.java:lambda$moveContainer$3(834)) - Container move completed for container #36 from source ca4df368-9957-4e8c-8166-de1bf6393313 to target 085849ae-9e8f-4d0b-940b-e1fb286c907c
2023-06-21 17:31:33,771 [main] WARN  balancer.ContainerBalancerTask (ContainerBalancerTask.java:reachedMaxSizeToMovePerIteration(731)) - Reached max size to move limit. 53687091200 bytes have already been scheduled for balancing and the limit is 53687091200 bytes.
2023-06-21 17:31:33,771 [main] INFO  balancer.ContainerBalancerTask (ContainerBalancerTask.java:checkIterationMoveResults(640)) - Iteration Summary. Number of Datanodes involved: 7. Size moved: 50 GB (53687091200 Bytes). Number of Container moves completed: 13.
2023-06-21 17:31:33,771 [main] INFO  balancer.ContainerBalancerTask (ContainerBalancerTask.java:balance(259)) - Result of this iteration of Container Balancer: ITERATION_COMPLETED
2023-06-21 17:31:33,771 [main] INFO  balancer.ContainerBalancerTask (ContainerBalancerTask.java:tryStopWithSaveConfiguration(308)) - Save Configuration for stopping. Reason: Completed all iterations.
2023-06-21 17:31:33,772 [main] DEBUG balancer.ContainerBalancerTask (ContainerBalancerTask.java:initializeIteration(374)) - Average utilization of the cluster is 0.35306711941381913
2023-06-21 17:31:33,772 [main] DEBUG balancer.ContainerBalancerTask (ContainerBalancerTask.java:initializeIteration(386)) - Lower limit for utilization is -0.03013709343269899 and Upper limit for utilization is 0.7362713322603373
2023-06-21 17:31:33,772 [main] DEBUG balancer.ContainerBalancerTask (ContainerBalancerTask.java:initializeIteration(398)) - Utilization for node 01efa234-f908-4c2b-ab0c-194903419a33 with capacity 72775834737B, used 65498251264B, and remaining 7277583473B is 0.9000000000096186
2023-06-21 17:31:33,772 [main] DEBUG balancer.ContainerBalancerTask (ContainerBalancerTask.java:initializeIteration(398)) - Utilization for node 321c84d4-14b7-4af7-906c-e1c1bbae619c with capacity 84557168640B, used 67645734912B, and remaining 16911433728B is 0.8
2023-06-21 17:31:33,772 [main] DEBUG balancer.ContainerBalancerTask (ContainerBalancerTask.java:initializeIteration(398)) - Utilization for node 9246defe-2693-4dab-945d-efd9dd561743 with capacity 87433262811B, used 61203283968B, and remaining 26229978843B is 0.7000000000034312
2023-06-21 17:31:33,772 [main] DEBUG balancer.ContainerBalancerTask (ContainerBalancerTask.java:initializeIteration(398)) - Utilization for node ca4df368-9957-4e8c-8166-de1bf6393313 with capacity 71582788266B, used 42949672960B, and remaining 28633115306B is 0.600000000005588
2023-06-21 17:31:33,773 [main] DEBUG balancer.ContainerBalancerTask (ContainerBalancerTask.java:initializeIteration(398)) - Utilization for node 40942551-d097-4969-9a85-9af0ec1541f4 with capacity 53687091200B, used 26843545600B, and remaining 26843545600B is 0.5
2023-06-21 17:31:33,773 [main] DEBUG balancer.ContainerBalancerTask (ContainerBalancerTask.java:initializeIteration(398)) - Utilization for node fd4dd60a-8bfd-4264-b2bb-fbfc3c54b0cc with capacity 88583700480B, used 35433480192B, and remaining 53150220288B is 0.4
2023-06-21 17:31:33,773 [main] DEBUG balancer.ContainerBalancerTask (ContainerBalancerTask.java:initializeIteration(398)) - Utilization for node 36d3431a-12b9-444e-b99f-4b34fd89578e with capacity 110953321813B, used 33285996544B, and remaining 77667325269B is 0.30000000000090127
2023-06-21 17:31:33,773 [main] DEBUG balancer.ContainerBalancerTask (ContainerBalancerTask.java:initializeIteration(398)) - Utilization for node 27804612-680c-46c1-ac34-1564025500b6 with capacity 150323855360B, used 30064771072B, and remaining 120259084288B is 0.2
2023-06-21 17:31:33,773 [main] DEBUG balancer.ContainerBalancerTask (ContainerBalancerTask.java:initializeIteration(398)) - Utilization for node 085849ae-9e8f-4d0b-940b-e1fb286c907c with capacity 375809638400B, used 37580963840B, and remaining 338228674560B is 0.1
2023-06-21 17:31:33,773 [main] DEBUG balancer.ContainerBalancerTask (ContainerBalancerTask.java:initializeIteration(398)) - Utilization for node c49af212-2b4e-4bd4-b503-6cc4f4e13722 with capacity 38654705664B, used 0B, and remaining 38654705664B is 0.0
2023-06-21 17:31:33,773 [main] INFO  balancer.ContainerBalancerTask (ContainerBalancerTask.java:initializeIteration(447)) - Container Balancer has identified 2 Over-Utilized and 0 Under-Utilized Datanodes that need to be balanced.
2023-06-21 17:31:33,773 [main] DEBUG balancer.ContainerBalancerTask (ContainerBalancerTask.java:lambda$initializeIteration$1(453)) - Datanode localhost-100.204.26.254 01efa234-f908-4c2b-ab0c-194903419a33 is Over-Utilized.
2023-06-21 17:31:33,773 [main] DEBUG balancer.ContainerBalancerTask (ContainerBalancerTask.java:lambda$initializeIteration$1(453)) - Datanode localhost-226.119.138.44 321c84d4-14b7-4af7-906c-e1c1bbae619c is Over-Utilized.
2023-06-21 17:31:33,776 [main] DEBUG balancer.ContainerBalancerTask (ContainerBalancerTask.java:matchSourceWithTarget(706)) - ContainerBalancer is finding suitable target for source datanode 01efa234-f908-4c2b-ab0c-194903419a33
2023-06-21 17:31:33,776 [main] INFO  balancer.FindTargetGreedyByUsageInfo (AbstractFindTargetGreedy.java:findTargetForContainerMove(133)) - Container Balancer could not find a target for source datanode 01efa234-f908-4c2b-ab0c-194903419a33
2023-06-21 17:31:33,776 [main] DEBUG balancer.ContainerBalancerTask (ContainerBalancerTask.java:matchSourceWithTarget(715)) - ContainerBalancer could not find a suitable target for source node 01efa234-f908-4c2b-ab0c-194903419a33.
2023-06-21 17:31:33,778 [main] DEBUG balancer.ContainerBalancerTask (ContainerBalancerTask.java:matchSourceWithTarget(706)) - ContainerBalancer is finding suitable target for source datanode 321c84d4-14b7-4af7-906c-e1c1bbae619c
2023-06-21 17:31:33,779 [main] INFO  balancer.FindTargetGreedyByUsageInfo (AbstractFindTargetGreedy.java:findTargetForContainerMove(133)) - Container Balancer could not find a target for source datanode 321c84d4-14b7-4af7-906c-e1c1bbae619c
2023-06-21 17:31:33,779 [main] DEBUG balancer.ContainerBalancerTask (ContainerBalancerTask.java:matchSourceWithTarget(715)) - ContainerBalancer could not find a suitable target for source node 321c84d4-14b7-4af7-906c-e1c1bbae619c.
2023-06-21 17:31:33,779 [main] INFO  balancer.FindSourceGreedy (FindSourceGreedy.java:getNextCandidateSourceDataNode(126)) - no more candidate source data node
2023-06-21 17:31:33,779 [main] INFO  balancer.ContainerBalancerTask (ContainerBalancerTask.java:balance(259)) - Result of this iteration of Container Balancer: CAN_NOT_BALANCE_ANY_MORE
2023-06-21 17:31:33,779 [main] INFO  balancer.ContainerBalancerTask (ContainerBalancerTask.java:tryStopWithSaveConfiguration(308)) - Save Configuration for stopping. Reason: CAN_NOT_BALANCE_ANY_MORE
2023-06-21 17:31:33,779 [main] DEBUG balancer.ContainerBalancerTask (ContainerBalancerTask.java:initializeIteration(374)) - Average utilization of the cluster is 0.35306711941381913
2023-06-21 17:31:33,780 [main] DEBUG balancer.ContainerBalancerTask (ContainerBalancerTask.java:initializeIteration(386)) - Lower limit for utilization is -0.5165779155203833 and Upper limit for utilization is 1.2227121543480215
2023-06-21 17:31:33,780 [main] DEBUG balancer.ContainerBalancerTask (ContainerBalancerTask.java:initializeIteration(398)) - Utilization for node 01efa234-f908-4c2b-ab0c-194903419a33 with capacity 72775834737B, used 65498251264B, and remaining 7277583473B is 0.9000000000096186
2023-06-21 17:31:33,780 [main] DEBUG balancer.ContainerBalancerTask (ContainerBalancerTask.java:initializeIteration(398)) - Utilization for node 321c84d4-14b7-4af7-906c-e1c1bbae619c with capacity 84557168640B, used 67645734912B, and remaining 16911433728B is 0.8
2023-06-21 17:31:33,780 [main] DEBUG balancer.ContainerBalancerTask (ContainerBalancerTask.java:initializeIteration(398)) - Utilization for node 9246defe-2693-4dab-945d-efd9dd561743 with capacity 87433262811B, used 61203283968B, and remaining 26229978843B is 0.7000000000034312
2023-06-21 17:31:33,780 [main] DEBUG balancer.ContainerBalancerTask (ContainerBalancerTask.java:initializeIteration(398)) - Utilization for node ca4df368-9957-4e8c-8166-de1bf6393313 with capacity 71582788266B, used 42949672960B, and remaining 28633115306B is 0.600000000005588
2023-06-21 17:31:33,780 [main] DEBUG balancer.ContainerBalancerTask (ContainerBalancerTask.java:initializeIteration(398)) - Utilization for node 40942551-d097-4969-9a85-9af0ec1541f4 with capacity 53687091200B, used 26843545600B, and remaining 26843545600B is 0.5
2023-06-21 17:31:33,780 [main] DEBUG balancer.ContainerBalancerTask (ContainerBalancerTask.java:initializeIteration(398)) - Utilization for node fd4dd60a-8bfd-4264-b2bb-fbfc3c54b0cc with capacity 88583700480B, used 35433480192B, and remaining 53150220288B is 0.4
2023-06-21 17:31:33,780 [main] DEBUG balancer.ContainerBalancerTask (ContainerBalancerTask.java:initializeIteration(398)) - Utilization for node 36d3431a-12b9-444e-b99f-4b34fd89578e with capacity 110953321813B, used 33285996544B, and remaining 77667325269B is 0.30000000000090127
2023-06-21 17:31:33,780 [main] DEBUG balancer.ContainerBalancerTask (ContainerBalancerTask.java:initializeIteration(398)) - Utilization for node 27804612-680c-46c1-ac34-1564025500b6 with capacity 150323855360B, used 30064771072B, and remaining 120259084288B is 0.2
2023-06-21 17:31:33,780 [main] DEBUG balancer.ContainerBalancerTask (ContainerBalancerTask.java:initializeIteration(398)) - Utilization for node 085849ae-9e8f-4d0b-940b-e1fb286c907c with capacity 375809638400B, used 37580963840B, and remaining 338228674560B is 0.1
2023-06-21 17:31:33,780 [main] DEBUG balancer.ContainerBalancerTask (ContainerBalancerTask.java:initializeIteration(398)) - Utilization for node c49af212-2b4e-4bd4-b503-6cc4f4e13722 with capacity 38654705664B, used 0B, and remaining 38654705664B is 0.0
2023-06-21 17:31:33,780 [main] INFO  balancer.ContainerBalancerTask (ContainerBalancerTask.java:initializeIteration(443)) - Did not find any unbalanced Datanodes.
2023-06-21 17:31:33,781 [main] INFO  balancer.ContainerBalancerTask (ContainerBalancerTask.java:tryStopWithSaveConfiguration(308)) - Save Configuration for stopping. Reason: Could not initialize ContainerBalancer's iteration number 0
2023-06-21 17:31:33,781 [main] DEBUG balancer.ContainerBalancerTask (ContainerBalancerTask.java:initializeIteration(374)) - Average utilization of the cluster is 0.35306711941381913
2023-06-21 17:31:33,781 [main] DEBUG balancer.ContainerBalancerTask (ContainerBalancerTask.java:initializeIteration(386)) - Lower limit for utilization is 0.028747088567812773 and Upper limit for utilization is 0.6773871502598254
2023-06-21 17:31:33,781 [main] DEBUG balancer.ContainerBalancerTask (ContainerBalancerTask.java:initializeIteration(398)) - Utilization for node 01efa234-f908-4c2b-ab0c-194903419a33 with capacity 72775834737B, used 65498251264B, and remaining 7277583473B is 0.9000000000096186
2023-06-21 17:31:33,781 [main] DEBUG balancer.ContainerBalancerTask (ContainerBalancerTask.java:initializeIteration(398)) - Utilization for node 321c84d4-14b7-4af7-906c-e1c1bbae619c with capacity 84557168640B, used 67645734912B, and remaining 16911433728B is 0.8
2023-06-21 17:31:33,781 [main] DEBUG balancer.ContainerBalancerTask (ContainerBalancerTask.java:initializeIteration(398)) - Utilization for node 9246defe-2693-4dab-945d-efd9dd561743 with capacity 87433262811B, used 61203283968B, and remaining 26229978843B is 0.7000000000034312
2023-06-21 17:31:33,781 [main] DEBUG balancer.ContainerBalancerTask (ContainerBalancerTask.java:initializeIteration(398)) - Utilization for node ca4df368-9957-4e8c-8166-de1bf6393313 with capacity 71582788266B, used 42949672960B, and remaining 28633115306B is 0.600000000005588
2023-06-21 17:31:33,782 [main] DEBUG balancer.ContainerBalancerTask (ContainerBalancerTask.java:initializeIteration(398)) - Utilization for node 40942551-d097-4969-9a85-9af0ec1541f4 with capacity 53687091200B, used 26843545600B, and remaining 26843545600B is 0.5
2023-06-21 17:31:33,782 [main] DEBUG balancer.ContainerBalancerTask (ContainerBalancerTask.java:initializeIteration(398)) - Utilization for node fd4dd60a-8bfd-4264-b2bb-fbfc3c54b0cc with capacity 88583700480B, used 35433480192B, and remaining 53150220288B is 0.4
2023-06-21 17:31:33,782 [main] DEBUG balancer.ContainerBalancerTask (ContainerBalancerTask.java:initializeIteration(398)) - Utilization for node 36d3431a-12b9-444e-b99f-4b34fd89578e with capacity 110953321813B, used 33285996544B, and remaining 77667325269B is 0.30000000000090127
2023-06-21 17:31:33,782 [main] DEBUG balancer.ContainerBalancerTask (ContainerBalancerTask.java:initializeIteration(398)) - Utilization for node 27804612-680c-46c1-ac34-1564025500b6 with capacity 150323855360B, used 30064771072B, and remaining 120259084288B is 0.2
2023-06-21 17:31:33,782 [main] DEBUG balancer.ContainerBalancerTask (ContainerBalancerTask.java:initializeIteration(398)) - Utilization for node 085849ae-9e8f-4d0b-940b-e1fb286c907c with capacity 375809638400B, used 37580963840B, and remaining 338228674560B is 0.1
2023-06-21 17:31:33,782 [main] DEBUG balancer.ContainerBalancerTask (ContainerBalancerTask.java:initializeIteration(398)) - Utilization for node c49af212-2b4e-4bd4-b503-6cc4f4e13722 with capacity 38654705664B, used 0B, and remaining 38654705664B is 0.0
2023-06-21 17:31:33,782 [main] INFO  balancer.ContainerBalancerTask (ContainerBalancerTask.java:initializeIteration(447)) - Container Balancer has identified 3 Over-Utilized and 1 Under-Utilized Datanodes that need to be balanced.
2023-06-21 17:31:33,782 [main] DEBUG balancer.ContainerBalancerTask (ContainerBalancerTask.java:lambda$initializeIteration$1(453)) - Datanode localhost-100.204.26.254 01efa234-f908-4c2b-ab0c-194903419a33 is Over-Utilized.
2023-06-21 17:31:33,782 [main] DEBUG balancer.ContainerBalancerTask (ContainerBalancerTask.java:lambda$initializeIteration$1(453)) - Datanode localhost-226.119.138.44 321c84d4-14b7-4af7-906c-e1c1bbae619c is Over-Utilized.
2023-06-21 17:31:33,782 [main] DEBUG balancer.ContainerBalancerTask (ContainerBalancerTask.java:lambda$initializeIteration$1(453)) - Datanode localhost-64.79.142.244 9246defe-2693-4dab-945d-efd9dd561743 is Over-Utilized.
2023-06-21 17:31:33,782 [main] DEBUG balancer.ContainerBalancerTask (ContainerBalancerTask.java:lambda$initializeIteration$2(459)) - Datanode localhost-188.82.244.62 c49af212-2b4e-4bd4-b503-6cc4f4e13722 is Under-Utilized.
2023-06-21 17:31:33,785 [main] DEBUG balancer.ContainerBalancerTask (ContainerBalancerTask.java:matchSourceWithTarget(706)) - ContainerBalancer is finding suitable target for source datanode 01efa234-f908-4c2b-ab0c-194903419a33
2023-06-21 17:31:33,785 [main] INFO  balancer.ContainerBalancerTask (ContainerBalancerTask.java:matchSourceWithTarget(720)) - ContainerBalancer matched source datanode 01efa234-f908-4c2b-ab0c-194903419a33 with target datanode c49af212-2b4e-4bd4-b503-6cc4f4e13722 for container move.
2023-06-21 17:31:33,785 [main] INFO  balancer.ContainerBalancerTask (ContainerBalancerTask.java:processMoveSelection(569)) - ContainerBalancer is trying to move container #85 with size 5368709120B from source datanode 01efa234-f908-4c2b-ab0c-194903419a33 to target datanode c49af212-2b4e-4bd4-b503-6cc4f4e13722
2023-06-21 17:31:33,785 [main] DEBUG balancer.ContainerBalancerTask (ContainerBalancerTask.java:lambda$moveContainer$3(834)) - Container move completed for container #85 from source 01efa234-f908-4c2b-ab0c-194903419a33 to target c49af212-2b4e-4bd4-b503-6cc4f4e13722
2023-06-21 17:31:33,788 [main] DEBUG balancer.ContainerBalancerTask (ContainerBalancerTask.java:matchSourceWithTarget(706)) - ContainerBalancer is finding suitable target for source datanode 01efa234-f908-4c2b-ab0c-194903419a33
2023-06-21 17:31:33,788 [main] INFO  balancer.ContainerBalancerTask (ContainerBalancerTask.java:matchSourceWithTarget(720)) - ContainerBalancer matched source datanode 01efa234-f908-4c2b-ab0c-194903419a33 with target datanode c49af212-2b4e-4bd4-b503-6cc4f4e13722 for container move.
2023-06-21 17:31:33,788 [main] INFO  balancer.ContainerBalancerTask (ContainerBalancerTask.java:processMoveSelection(569)) - ContainerBalancer is trying to move container #68 with size 5368709120B from source datanode 01efa234-f908-4c2b-ab0c-194903419a33 to target datanode c49af212-2b4e-4bd4-b503-6cc4f4e13722
2023-06-21 17:31:33,788 [main] DEBUG balancer.ContainerBalancerTask (ContainerBalancerTask.java:lambda$moveContainer$3(834)) - Container move completed for container #68 from source 01efa234-f908-4c2b-ab0c-194903419a33 to target c49af212-2b4e-4bd4-b503-6cc4f4e13722
2023-06-21 17:31:33,791 [main] DEBUG balancer.ContainerBalancerTask (ContainerBalancerTask.java:matchSourceWithTarget(706)) - ContainerBalancer is finding suitable target for source datanode 321c84d4-14b7-4af7-906c-e1c1bbae619c
2023-06-21 17:31:33,791 [main] INFO  balancer.ContainerBalancerTask (ContainerBalancerTask.java:matchSourceWithTarget(720)) - ContainerBalancer matched source datanode 321c84d4-14b7-4af7-906c-e1c1bbae619c with target datanode c49af212-2b4e-4bd4-b503-6cc4f4e13722 for container move.
2023-06-21 17:31:33,791 [main] INFO  balancer.ContainerBalancerTask (ContainerBalancerTask.java:processMoveSelection(569)) - ContainerBalancer is trying to move container #53 with size 5368709120B from source datanode 321c84d4-14b7-4af7-906c-e1c1bbae619c to target datanode c49af212-2b4e-4bd4-b503-6cc4f4e13722
2023-06-21 17:31:33,791 [main] DEBUG balancer.ContainerBalancerTask (ContainerBalancerTask.java:lambda$moveContainer$3(834)) - Container move completed for container #53 from source 321c84d4-14b7-4af7-906c-e1c1bbae619c to target c49af212-2b4e-4bd4-b503-6cc4f4e13722
2023-06-21 17:31:33,794 [main] DEBUG balancer.ContainerBalancerTask (ContainerBalancerTask.java:matchSourceWithTarget(706)) - ContainerBalancer is finding suitable target for source datanode 01efa234-f908-4c2b-ab0c-194903419a33
2023-06-21 17:31:33,794 [main] INFO  balancer.ContainerBalancerTask (ContainerBalancerTask.java:matchSourceWithTarget(720)) - ContainerBalancer matched source datanode 01efa234-f908-4c2b-ab0c-194903419a33 with target datanode c49af212-2b4e-4bd4-b503-6cc4f4e13722 for container move.
2023-06-21 17:31:33,794 [main] INFO  balancer.ContainerBalancerTask (ContainerBalancerTask.java:processMoveSelection(569)) - ContainerBalancer is trying to move container #40 with size 5368709120B from source datanode 01efa234-f908-4c2b-ab0c-194903419a33 to target datanode c49af212-2b4e-4bd4-b503-6cc4f4e13722
2023-06-21 17:31:33,795 [main] DEBUG balancer.ContainerBalancerTask (ContainerBalancerTask.java:lambda$moveContainer$3(834)) - Container move completed for container #40 from source 01efa234-f908-4c2b-ab0c-194903419a33 to target c49af212-2b4e-4bd4-b503-6cc4f4e13722
2023-06-21 17:31:33,797 [main] DEBUG balancer.ContainerBalancerTask (ContainerBalancerTask.java:matchSourceWithTarget(706)) - ContainerBalancer is finding suitable target for source datanode 321c84d4-14b7-4af7-906c-e1c1bbae619c
2023-06-21 17:31:33,797 [main] INFO  balancer.ContainerBalancerTask (ContainerBalancerTask.java:matchSourceWithTarget(720)) - ContainerBalancer matched source datanode 321c84d4-14b7-4af7-906c-e1c1bbae619c with target datanode c49af212-2b4e-4bd4-b503-6cc4f4e13722 for container move.
2023-06-21 17:31:33,797 [main] INFO  balancer.ContainerBalancerTask (ContainerBalancerTask.java:processMoveSelection(569)) - ContainerBalancer is trying to move container #89 with size 4294967296B from source datanode 321c84d4-14b7-4af7-906c-e1c1bbae619c to target datanode c49af212-2b4e-4bd4-b503-6cc4f4e13722
2023-06-21 17:31:33,798 [main] DEBUG balancer.ContainerBalancerTask (ContainerBalancerTask.java:lambda$moveContainer$3(834)) - Container move completed for container #89 from source 321c84d4-14b7-4af7-906c-e1c1bbae619c to target c49af212-2b4e-4bd4-b503-6cc4f4e13722
2023-06-21 17:31:33,801 [main] DEBUG balancer.ContainerBalancerTask (ContainerBalancerTask.java:matchSourceWithTarget(706)) - ContainerBalancer is finding suitable target for source datanode 9246defe-2693-4dab-945d-efd9dd561743
2023-06-21 17:31:33,801 [main] INFO  balancer.FindTargetGreedyByUsageInfo (AbstractFindTargetGreedy.java:findTargetForContainerMove(133)) - Container Balancer could not find a target for source datanode 9246defe-2693-4dab-945d-efd9dd561743
2023-06-21 17:31:33,802 [main] DEBUG balancer.ContainerBalancerTask (ContainerBalancerTask.java:matchSourceWithTarget(715)) - ContainerBalancer could not find a suitable target for source node 9246defe-2693-4dab-945d-efd9dd561743.
2023-06-21 17:31:33,804 [main] DEBUG balancer.ContainerBalancerTask (ContainerBalancerTask.java:matchSourceWithTarget(706)) - ContainerBalancer is finding suitable target for source datanode 321c84d4-14b7-4af7-906c-e1c1bbae619c
2023-06-21 17:31:33,805 [main] INFO  balancer.FindTargetGreedyByUsageInfo (AbstractFindTargetGreedy.java:findTargetForContainerMove(133)) - Container Balancer could not find a target for source datanode 321c84d4-14b7-4af7-906c-e1c1bbae619c
2023-06-21 17:31:33,805 [main] DEBUG balancer.ContainerBalancerTask (ContainerBalancerTask.java:matchSourceWithTarget(715)) - ContainerBalancer could not find a suitable target for source node 321c84d4-14b7-4af7-906c-e1c1bbae619c.
2023-06-21 17:31:33,808 [main] DEBUG balancer.ContainerBalancerTask (ContainerBalancerTask.java:matchSourceWithTarget(706)) - ContainerBalancer is finding suitable target for source datanode 01efa234-f908-4c2b-ab0c-194903419a33
2023-06-21 17:31:33,808 [main] INFO  balancer.FindTargetGreedyByUsageInfo (AbstractFindTargetGreedy.java:findTargetForContainerMove(133)) - Container Balancer could not find a target for source datanode 01efa234-f908-4c2b-ab0c-194903419a33
2023-06-21 17:31:33,809 [main] DEBUG balancer.ContainerBalancerTask (ContainerBalancerTask.java:matchSourceWithTarget(715)) - ContainerBalancer could not find a suitable target for source node 01efa234-f908-4c2b-ab0c-194903419a33.
2023-06-21 17:31:33,809 [main] INFO  balancer.FindSourceGreedy (FindSourceGreedy.java:getNextCandidateSourceDataNode(126)) - no more candidate source data node
2023-06-21 17:31:33,809 [main] INFO  balancer.ContainerBalancerTask (ContainerBalancerTask.java:checkIterationMoveResults(640)) - Iteration Summary. Number of Datanodes involved: 3. Size moved: 24 GB (25769803776 Bytes). Number of Container moves completed: 5.
2023-06-21 17:31:33,809 [main] INFO  balancer.ContainerBalancerTask (ContainerBalancerTask.java:balance(259)) - Result of this iteration of Container Balancer: ITERATION_COMPLETED
2023-06-21 17:31:33,809 [main] INFO  balancer.ContainerBalancerTask (ContainerBalancerTask.java:tryStopWithSaveConfiguration(308)) - Save Configuration for stopping. Reason: Completed all iterations.
2023-06-21 17:31:33,810 [main] DEBUG balancer.ContainerBalancerTask (ContainerBalancerTask.java:initializeIteration(374)) - Average utilization of the cluster is 0.35306711941381913
2023-06-21 17:31:33,810 [main] DEBUG balancer.ContainerBalancerTask (ContainerBalancerTask.java:initializeIteration(386)) - Lower limit for utilization is 0.19398629077257817 and Upper limit for utilization is 0.5121479480550601
2023-06-21 17:31:33,810 [main] DEBUG balancer.ContainerBalancerTask (ContainerBalancerTask.java:initializeIteration(398)) - Utilization for node 01efa234-f908-4c2b-ab0c-194903419a33 with capacity 72775834737B, used 65498251264B, and remaining 7277583473B is 0.9000000000096186
2023-06-21 17:31:33,810 [main] DEBUG balancer.ContainerBalancerTask (ContainerBalancerTask.java:initializeIteration(398)) - Utilization for node 321c84d4-14b7-4af7-906c-e1c1bbae619c with capacity 84557168640B, used 67645734912B, and remaining 16911433728B is 0.8
2023-06-21 17:31:33,810 [main] DEBUG balancer.ContainerBalancerTask (ContainerBalancerTask.java:initializeIteration(398)) - Utilization for node 9246defe-2693-4dab-945d-efd9dd561743 with capacity 87433262811B, used 61203283968B, and remaining 26229978843B is 0.7000000000034312
2023-06-21 17:31:33,810 [main] DEBUG balancer.ContainerBalancerTask (ContainerBalancerTask.java:initializeIteration(398)) - Utilization for node ca4df368-9957-4e8c-8166-de1bf6393313 with capacity 71582788266B, used 42949672960B, and remaining 28633115306B is 0.600000000005588
2023-06-21 17:31:33,810 [main] DEBUG balancer.ContainerBalancerTask (ContainerBalancerTask.java:initializeIteration(398)) - Utilization for node 40942551-d097-4969-9a85-9af0ec1541f4 with capacity 53687091200B, used 26843545600B, and remaining 26843545600B is 0.5
2023-06-21 17:31:33,810 [main] DEBUG balancer.ContainerBalancerTask (ContainerBalancerTask.java:initializeIteration(398)) - Utilization for node fd4dd60a-8bfd-4264-b2bb-fbfc3c54b0cc with capacity 88583700480B, used 35433480192B, and remaining 53150220288B is 0.4
2023-06-21 17:31:33,810 [main] DEBUG balancer.ContainerBalancerTask (ContainerBalancerTask.java:initializeIteration(398)) - Utilization for node 36d3431a-12b9-444e-b99f-4b34fd89578e with capacity 110953321813B, used 33285996544B, and remaining 77667325269B is 0.30000000000090127
2023-06-21 17:31:33,810 [main] DEBUG balancer.ContainerBalancerTask (ContainerBalancerTask.java:initializeIteration(398)) - Utilization for node 27804612-680c-46c1-ac34-1564025500b6 with capacity 150323855360B, used 30064771072B, and remaining 120259084288B is 0.2
2023-06-21 17:31:33,810 [main] DEBUG balancer.ContainerBalancerTask (ContainerBalancerTask.java:initializeIteration(398)) - Utilization for node 085849ae-9e8f-4d0b-940b-e1fb286c907c with capacity 375809638400B, used 37580963840B, and remaining 338228674560B is 0.1
2023-06-21 17:31:33,810 [main] DEBUG balancer.ContainerBalancerTask (ContainerBalancerTask.java:initializeIteration(398)) - Utilization for node c49af212-2b4e-4bd4-b503-6cc4f4e13722 with capacity 38654705664B, used 0B, and remaining 38654705664B is 0.0
2023-06-21 17:31:33,811 [main] INFO  balancer.ContainerBalancerTask (ContainerBalancerTask.java:initializeIteration(447)) - Container Balancer has identified 4 Over-Utilized and 2 Under-Utilized Datanodes that need to be balanced.
2023-06-21 17:31:33,811 [main] DEBUG balancer.ContainerBalancerTask (ContainerBalancerTask.java:lambda$initializeIteration$1(453)) - Datanode localhost-100.204.26.254 01efa234-f908-4c2b-ab0c-194903419a33 is Over-Utilized.
2023-06-21 17:31:33,811 [main] DEBUG balancer.ContainerBalancerTask (ContainerBalancerTask.java:lambda$initializeIteration$1(453)) - Datanode localhost-226.119.138.44 321c84d4-14b7-4af7-906c-e1c1bbae619c is Over-Utilized.
2023-06-21 17:31:33,811 [main] DEBUG balancer.ContainerBalancerTask (ContainerBalancerTask.java:lambda$initializeIteration$1(453)) - Datanode localhost-64.79.142.244 9246defe-2693-4dab-945d-efd9dd561743 is Over-Utilized.
2023-06-21 17:31:33,811 [main] DEBUG balancer.ContainerBalancerTask (ContainerBalancerTask.java:lambda$initializeIteration$1(453)) - Datanode localhost-106.240.243.44 ca4df368-9957-4e8c-8166-de1bf6393313 is Over-Utilized.
2023-06-21 17:31:33,811 [main] DEBUG balancer.ContainerBalancerTask (ContainerBalancerTask.java:lambda$initializeIteration$2(459)) - Datanode localhost-188.82.244.62 c49af212-2b4e-4bd4-b503-6cc4f4e13722 is Under-Utilized.
2023-06-21 17:31:33,811 [main] DEBUG balancer.ContainerBalancerTask (ContainerBalancerTask.java:lambda$initializeIteration$2(459)) - Datanode localhost-118.77.193.207 085849ae-9e8f-4d0b-940b-e1fb286c907c is Under-Utilized.
2023-06-21 17:31:33,814 [main] DEBUG balancer.ContainerBalancerTask (ContainerBalancerTask.java:matchSourceWithTarget(706)) - ContainerBalancer is finding suitable target for source datanode 01efa234-f908-4c2b-ab0c-194903419a33
2023-06-21 17:31:33,814 [main] INFO  balancer.ContainerBalancerTask (ContainerBalancerTask.java:matchSourceWithTarget(720)) - ContainerBalancer matched source datanode 01efa234-f908-4c2b-ab0c-194903419a33 with target datanode c49af212-2b4e-4bd4-b503-6cc4f4e13722 for container move.
2023-06-21 17:31:33,814 [main] INFO  balancer.ContainerBalancerTask (ContainerBalancerTask.java:processMoveSelection(569)) - ContainerBalancer is trying to move container #85 with size 5368709120B from source datanode 01efa234-f908-4c2b-ab0c-194903419a33 to target datanode c49af212-2b4e-4bd4-b503-6cc4f4e13722
2023-06-21 17:31:33,814 [main] DEBUG balancer.ContainerBalancerTask (ContainerBalancerTask.java:lambda$moveContainer$3(834)) - Container move completed for container #85 from source 01efa234-f908-4c2b-ab0c-194903419a33 to target c49af212-2b4e-4bd4-b503-6cc4f4e13722
2023-06-21 17:31:33,817 [main] DEBUG balancer.ContainerBalancerTask (ContainerBalancerTask.java:matchSourceWithTarget(706)) - ContainerBalancer is finding suitable target for source datanode 01efa234-f908-4c2b-ab0c-194903419a33
2023-06-21 17:31:33,817 [main] INFO  balancer.ContainerBalancerTask (ContainerBalancerTask.java:matchSourceWithTarget(720)) - ContainerBalancer matched source datanode 01efa234-f908-4c2b-ab0c-194903419a33 with target datanode 085849ae-9e8f-4d0b-940b-e1fb286c907c for container move.
2023-06-21 17:31:33,817 [main] INFO  balancer.ContainerBalancerTask (ContainerBalancerTask.java:processMoveSelection(569)) - ContainerBalancer is trying to move container #68 with size 5368709120B from source datanode 01efa234-f908-4c2b-ab0c-194903419a33 to target datanode 085849ae-9e8f-4d0b-940b-e1fb286c907c
2023-06-21 17:31:33,817 [main] DEBUG balancer.ContainerBalancerTask (ContainerBalancerTask.java:lambda$moveContainer$3(834)) - Container move completed for container #68 from source 01efa234-f908-4c2b-ab0c-194903419a33 to target 085849ae-9e8f-4d0b-940b-e1fb286c907c
2023-06-21 17:31:33,820 [main] DEBUG balancer.ContainerBalancerTask (ContainerBalancerTask.java:matchSourceWithTarget(706)) - ContainerBalancer is finding suitable target for source datanode 321c84d4-14b7-4af7-906c-e1c1bbae619c
2023-06-21 17:31:33,820 [main] INFO  balancer.ContainerBalancerTask (ContainerBalancerTask.java:matchSourceWithTarget(720)) - ContainerBalancer matched source datanode 321c84d4-14b7-4af7-906c-e1c1bbae619c with target datanode 085849ae-9e8f-4d0b-940b-e1fb286c907c for container move.
2023-06-21 17:31:33,820 [main] INFO  balancer.ContainerBalancerTask (ContainerBalancerTask.java:processMoveSelection(569)) - ContainerBalancer is trying to move container #53 with size 5368709120B from source datanode 321c84d4-14b7-4af7-906c-e1c1bbae619c to target datanode 085849ae-9e8f-4d0b-940b-e1fb286c907c
2023-06-21 17:31:33,820 [main] DEBUG balancer.ContainerBalancerTask (ContainerBalancerTask.java:lambda$moveContainer$3(834)) - Container move completed for container #53 from source 321c84d4-14b7-4af7-906c-e1c1bbae619c to target 085849ae-9e8f-4d0b-940b-e1fb286c907c
2023-06-21 17:31:33,823 [main] DEBUG balancer.ContainerBalancerTask (ContainerBalancerTask.java:matchSourceWithTarget(706)) - ContainerBalancer is finding suitable target for source datanode 01efa234-f908-4c2b-ab0c-194903419a33
2023-06-21 17:31:33,823 [main] INFO  balancer.ContainerBalancerTask (ContainerBalancerTask.java:matchSourceWithTarget(720)) - ContainerBalancer matched source datanode 01efa234-f908-4c2b-ab0c-194903419a33 with target datanode 085849ae-9e8f-4d0b-940b-e1fb286c907c for container move.
2023-06-21 17:31:33,823 [main] INFO  balancer.ContainerBalancerTask (ContainerBalancerTask.java:processMoveSelection(569)) - ContainerBalancer is trying to move container #40 with size 5368709120B from source datanode 01efa234-f908-4c2b-ab0c-194903419a33 to target datanode 085849ae-9e8f-4d0b-940b-e1fb286c907c
2023-06-21 17:31:33,823 [main] DEBUG balancer.ContainerBalancerTask (ContainerBalancerTask.java:lambda$moveContainer$3(834)) - Container move completed for container #40 from source 01efa234-f908-4c2b-ab0c-194903419a33 to target 085849ae-9e8f-4d0b-940b-e1fb286c907c
2023-06-21 17:31:33,826 [main] DEBUG balancer.ContainerBalancerTask (ContainerBalancerTask.java:matchSourceWithTarget(706)) - ContainerBalancer is finding suitable target for source datanode 321c84d4-14b7-4af7-906c-e1c1bbae619c
2023-06-21 17:31:33,826 [main] INFO  balancer.ContainerBalancerTask (ContainerBalancerTask.java:matchSourceWithTarget(720)) - ContainerBalancer matched source datanode 321c84d4-14b7-4af7-906c-e1c1bbae619c with target datanode c49af212-2b4e-4bd4-b503-6cc4f4e13722 for container move.
2023-06-21 17:31:33,826 [main] INFO  balancer.ContainerBalancerTask (ContainerBalancerTask.java:processMoveSelection(569)) - ContainerBalancer is trying to move container #89 with size 4294967296B from source datanode 321c84d4-14b7-4af7-906c-e1c1bbae619c to target datanode c49af212-2b4e-4bd4-b503-6cc4f4e13722
2023-06-21 17:31:33,826 [main] DEBUG balancer.ContainerBalancerTask (ContainerBalancerTask.java:lambda$moveContainer$3(834)) - Container move completed for container #89 from source 321c84d4-14b7-4af7-906c-e1c1bbae619c to target c49af212-2b4e-4bd4-b503-6cc4f4e13722
2023-06-21 17:31:33,829 [main] DEBUG balancer.ContainerBalancerTask (ContainerBalancerTask.java:matchSourceWithTarget(706)) - ContainerBalancer is finding suitable target for source datanode 9246defe-2693-4dab-945d-efd9dd561743
2023-06-21 17:31:33,829 [main] INFO  balancer.ContainerBalancerTask (ContainerBalancerTask.java:matchSourceWithTarget(720)) - ContainerBalancer matched source datanode 9246defe-2693-4dab-945d-efd9dd561743 with target datanode 085849ae-9e8f-4d0b-940b-e1fb286c907c for container move.
2023-06-21 17:31:33,829 [main] INFO  balancer.ContainerBalancerTask (ContainerBalancerTask.java:processMoveSelection(569)) - ContainerBalancer is trying to move container #52 with size 4294967296B from source datanode 9246defe-2693-4dab-945d-efd9dd561743 to target datanode 085849ae-9e8f-4d0b-940b-e1fb286c907c
2023-06-21 17:31:33,829 [main] DEBUG balancer.ContainerBalancerTask (ContainerBalancerTask.java:lambda$moveContainer$3(834)) - Container move completed for container #52 from source 9246defe-2693-4dab-945d-efd9dd561743 to target 085849ae-9e8f-4d0b-940b-e1fb286c907c
2023-06-21 17:31:33,832 [main] DEBUG balancer.ContainerBalancerTask (ContainerBalancerTask.java:matchSourceWithTarget(706)) - ContainerBalancer is finding suitable target for source datanode 321c84d4-14b7-4af7-906c-e1c1bbae619c
2023-06-21 17:31:33,832 [main] INFO  balancer.ContainerBalancerTask (ContainerBalancerTask.java:matchSourceWithTarget(720)) - ContainerBalancer matched source datanode 321c84d4-14b7-4af7-906c-e1c1bbae619c with target datanode 085849ae-9e8f-4d0b-940b-e1fb286c907c for container move.
2023-06-21 17:31:33,832 [main] INFO  balancer.ContainerBalancerTask (ContainerBalancerTask.java:processMoveSelection(569)) - ContainerBalancer is trying to move container #39 with size 4294967296B from source datanode 321c84d4-14b7-4af7-906c-e1c1bbae619c to target datanode 085849ae-9e8f-4d0b-940b-e1fb286c907c
2023-06-21 17:31:33,832 [main] DEBUG balancer.ContainerBalancerTask (ContainerBalancerTask.java:lambda$moveContainer$3(834)) - Container move completed for container #39 from source 321c84d4-14b7-4af7-906c-e1c1bbae619c to target 085849ae-9e8f-4d0b-940b-e1fb286c907c
2023-06-21 17:31:33,835 [main] DEBUG balancer.ContainerBalancerTask (ContainerBalancerTask.java:matchSourceWithTarget(706)) - ContainerBalancer is finding suitable target for source datanode 01efa234-f908-4c2b-ab0c-194903419a33
2023-06-21 17:31:33,835 [main] INFO  balancer.ContainerBalancerTask (ContainerBalancerTask.java:matchSourceWithTarget(720)) - ContainerBalancer matched source datanode 01efa234-f908-4c2b-ab0c-194903419a33 with target datanode 085849ae-9e8f-4d0b-940b-e1fb286c907c for container move.
2023-06-21 17:31:33,835 [main] INFO  balancer.ContainerBalancerTask (ContainerBalancerTask.java:processMoveSelection(569)) - ContainerBalancer is trying to move container #84 with size 4294967296B from source datanode 01efa234-f908-4c2b-ab0c-194903419a33 to target datanode 085849ae-9e8f-4d0b-940b-e1fb286c907c
2023-06-21 17:31:33,836 [main] DEBUG balancer.ContainerBalancerTask (ContainerBalancerTask.java:lambda$moveContainer$3(834)) - Container move completed for container #84 from source 01efa234-f908-4c2b-ab0c-194903419a33 to target 085849ae-9e8f-4d0b-940b-e1fb286c907c
2023-06-21 17:31:33,838 [main] DEBUG balancer.ContainerBalancerTask (ContainerBalancerTask.java:matchSourceWithTarget(706)) - ContainerBalancer is finding suitable target for source datanode 9246defe-2693-4dab-945d-efd9dd561743
2023-06-21 17:31:33,839 [main] INFO  balancer.ContainerBalancerTask (ContainerBalancerTask.java:matchSourceWithTarget(720)) - ContainerBalancer matched source datanode 9246defe-2693-4dab-945d-efd9dd561743 with target datanode 085849ae-9e8f-4d0b-940b-e1fb286c907c for container move.
2023-06-21 17:31:33,839 [main] INFO  balancer.ContainerBalancerTask (ContainerBalancerTask.java:processMoveSelection(569)) - ContainerBalancer is trying to move container #88 with size 3221225472B from source datanode 9246defe-2693-4dab-945d-efd9dd561743 to target datanode 085849ae-9e8f-4d0b-940b-e1fb286c907c
2023-06-21 17:31:33,839 [main] DEBUG balancer.ContainerBalancerTask (ContainerBalancerTask.java:lambda$moveContainer$3(834)) - Container move completed for container #88 from source 9246defe-2693-4dab-945d-efd9dd561743 to target 085849ae-9e8f-4d0b-940b-e1fb286c907c
2023-06-21 17:31:33,842 [main] DEBUG balancer.ContainerBalancerTask (ContainerBalancerTask.java:matchSourceWithTarget(706)) - ContainerBalancer is finding suitable target for source datanode 321c84d4-14b7-4af7-906c-e1c1bbae619c
2023-06-21 17:31:33,842 [main] INFO  balancer.ContainerBalancerTask (ContainerBalancerTask.java:matchSourceWithTarget(720)) - ContainerBalancer matched source datanode 321c84d4-14b7-4af7-906c-e1c1bbae619c with target datanode 085849ae-9e8f-4d0b-940b-e1fb286c907c for container move.
2023-06-21 17:31:33,842 [main] INFO  balancer.ContainerBalancerTask (ContainerBalancerTask.java:processMoveSelection(569)) - ContainerBalancer is trying to move container #71 with size 3221225472B from source datanode 321c84d4-14b7-4af7-906c-e1c1bbae619c to target datanode 085849ae-9e8f-4d0b-940b-e1fb286c907c
2023-06-21 17:31:33,842 [main] DEBUG balancer.ContainerBalancerTask (ContainerBalancerTask.java:lambda$moveContainer$3(834)) - Container move completed for container #71 from source 321c84d4-14b7-4af7-906c-e1c1bbae619c to target 085849ae-9e8f-4d0b-940b-e1fb286c907c
2023-06-21 17:31:33,845 [main] DEBUG balancer.ContainerBalancerTask (ContainerBalancerTask.java:matchSourceWithTarget(706)) - ContainerBalancer is finding suitable target for source datanode 01efa234-f908-4c2b-ab0c-194903419a33
2023-06-21 17:31:33,845 [main] INFO  balancer.ContainerBalancerTask (ContainerBalancerTask.java:matchSourceWithTarget(720)) - ContainerBalancer matched source datanode 01efa234-f908-4c2b-ab0c-194903419a33 with target datanode 085849ae-9e8f-4d0b-940b-e1fb286c907c for container move.
2023-06-21 17:31:33,845 [main] INFO  balancer.ContainerBalancerTask (ContainerBalancerTask.java:processMoveSelection(569)) - ContainerBalancer is trying to move container #19 with size 4294967296B from source datanode 01efa234-f908-4c2b-ab0c-194903419a33 to target datanode 085849ae-9e8f-4d0b-940b-e1fb286c907c
2023-06-21 17:31:33,846 [main] DEBUG balancer.ContainerBalancerTask (ContainerBalancerTask.java:lambda$moveContainer$3(834)) - Container move completed for container #19 from source 01efa234-f908-4c2b-ab0c-194903419a33 to target 085849ae-9e8f-4d0b-940b-e1fb286c907c
2023-06-21 17:31:33,849 [main] DEBUG balancer.ContainerBalancerTask (ContainerBalancerTask.java:matchSourceWithTarget(706)) - ContainerBalancer is finding suitable target for source datanode 9246defe-2693-4dab-945d-efd9dd561743
2023-06-21 17:31:33,849 [main] INFO  balancer.ContainerBalancerTask (ContainerBalancerTask.java:matchSourceWithTarget(720)) - ContainerBalancer matched source datanode 9246defe-2693-4dab-945d-efd9dd561743 with target datanode 085849ae-9e8f-4d0b-940b-e1fb286c907c for container move.
2023-06-21 17:31:33,849 [main] INFO  balancer.ContainerBalancerTask (ContainerBalancerTask.java:processMoveSelection(569)) - ContainerBalancer is trying to move container #66 with size 3221225472B from source datanode 9246defe-2693-4dab-945d-efd9dd561743 to target datanode 085849ae-9e8f-4d0b-940b-e1fb286c907c
2023-06-21 17:31:33,849 [main] DEBUG balancer.ContainerBalancerTask (ContainerBalancerTask.java:lambda$moveContainer$3(834)) - Container move completed for container #66 from source 9246defe-2693-4dab-945d-efd9dd561743 to target 085849ae-9e8f-4d0b-940b-e1fb286c907c
2023-06-21 17:31:33,851 [main] DEBUG balancer.ContainerBalancerTask (ContainerBalancerTask.java:matchSourceWithTarget(706)) - ContainerBalancer is finding suitable target for source datanode ca4df368-9957-4e8c-8166-de1bf6393313
2023-06-21 17:31:33,851 [main] INFO  balancer.ContainerBalancerTask (ContainerBalancerTask.java:matchSourceWithTarget(720)) - ContainerBalancer matched source datanode ca4df368-9957-4e8c-8166-de1bf6393313 with target datanode 085849ae-9e8f-4d0b-940b-e1fb286c907c for container move.
2023-06-21 17:31:33,851 [main] INFO  balancer.ContainerBalancerTask (ContainerBalancerTask.java:processMoveSelection(569)) - ContainerBalancer is trying to move container #36 with size 1073741824B from source datanode ca4df368-9957-4e8c-8166-de1bf6393313 to target datanode 085849ae-9e8f-4d0b-940b-e1fb286c907c
2023-06-21 17:31:33,851 [main] DEBUG balancer.ContainerBalancerTask (ContainerBalancerTask.java:lambda$moveContainer$3(834)) - Container move completed for container #36 from source ca4df368-9957-4e8c-8166-de1bf6393313 to target 085849ae-9e8f-4d0b-940b-e1fb286c907c
2023-06-21 17:31:33,851 [main] WARN  balancer.ContainerBalancerTask (ContainerBalancerTask.java:reachedMaxSizeToMovePerIteration(731)) - Reached max size to move limit. 53687091200 bytes have already been scheduled for balancing and the limit is 53687091200 bytes.
2023-06-21 17:31:33,852 [main] INFO  balancer.ContainerBalancerTask (ContainerBalancerTask.java:checkIterationMoveResults(640)) - Iteration Summary. Number of Datanodes involved: 6. Size moved: 50 GB (53687091200 Bytes). Number of Container moves completed: 13.
2023-06-21 17:31:33,852 [main] INFO  balancer.ContainerBalancerTask (ContainerBalancerTask.java:balance(259)) - Result of this iteration of Container Balancer: ITERATION_COMPLETED
2023-06-21 17:31:33,852 [main] INFO  balancer.ContainerBalancerTask (ContainerBalancerTask.java:tryStopWithSaveConfiguration(308)) - Save Configuration for stopping. Reason: Completed all iterations.
2023-06-21 17:31:33,852 [main] DEBUG balancer.ContainerBalancerTask (ContainerBalancerTask.java:initializeIteration(374)) - Average utilization of the cluster is 0.35306711941381913
2023-06-21 17:31:33,852 [main] DEBUG balancer.ContainerBalancerTask (ContainerBalancerTask.java:initializeIteration(386)) - Lower limit for utilization is -0.46204022193490685 and Upper limit for utilization is 1.168174460762545
2023-06-21 17:31:33,852 [main] DEBUG balancer.ContainerBalancerTask (ContainerBalancerTask.java:initializeIteration(398)) - Utilization for node 01efa234-f908-4c2b-ab0c-194903419a33 with capacity 72775834737B, used 65498251264B, and remaining 7277583473B is 0.9000000000096186
2023-06-21 17:31:33,853 [main] DEBUG balancer.ContainerBalancerTask (ContainerBalancerTask.java:initializeIteration(398)) - Utilization for node 321c84d4-14b7-4af7-906c-e1c1bbae619c with capacity 84557168640B, used 67645734912B, and remaining 16911433728B is 0.8
2023-06-21 17:31:33,853 [main] DEBUG balancer.ContainerBalancerTask (ContainerBalancerTask.java:initializeIteration(398)) - Utilization for node 9246defe-2693-4dab-945d-efd9dd561743 with capacity 87433262811B, used 61203283968B, and remaining 26229978843B is 0.7000000000034312
2023-06-21 17:31:33,853 [main] DEBUG balancer.ContainerBalancerTask (ContainerBalancerTask.java:initializeIteration(398)) - Utilization for node ca4df368-9957-4e8c-8166-de1bf6393313 with capacity 71582788266B, used 42949672960B, and remaining 28633115306B is 0.600000000005588
2023-06-21 17:31:33,853 [main] DEBUG balancer.ContainerBalancerTask (ContainerBalancerTask.java:initializeIteration(398)) - Utilization for node 40942551-d097-4969-9a85-9af0ec1541f4 with capacity 53687091200B, used 26843545600B, and remaining 26843545600B is 0.5
2023-06-21 17:31:33,853 [main] DEBUG balancer.ContainerBalancerTask (ContainerBalancerTask.java:initializeIteration(398)) - Utilization for node fd4dd60a-8bfd-4264-b2bb-fbfc3c54b0cc with capacity 88583700480B, used 35433480192B, and remaining 53150220288B is 0.4
2023-06-21 17:31:33,853 [main] DEBUG balancer.ContainerBalancerTask (ContainerBalancerTask.java:initializeIteration(398)) - Utilization for node 36d3431a-12b9-444e-b99f-4b34fd89578e with capacity 110953321813B, used 33285996544B, and remaining 77667325269B is 0.30000000000090127
2023-06-21 17:31:33,853 [main] DEBUG balancer.ContainerBalancerTask (ContainerBalancerTask.java:initializeIteration(398)) - Utilization for node 27804612-680c-46c1-ac34-1564025500b6 with capacity 150323855360B, used 30064771072B, and remaining 120259084288B is 0.2
2023-06-21 17:31:33,853 [main] DEBUG balancer.ContainerBalancerTask (ContainerBalancerTask.java:initializeIteration(398)) - Utilization for node 085849ae-9e8f-4d0b-940b-e1fb286c907c with capacity 375809638400B, used 37580963840B, and remaining 338228674560B is 0.1
2023-06-21 17:31:33,853 [main] DEBUG balancer.ContainerBalancerTask (ContainerBalancerTask.java:initializeIteration(398)) - Utilization for node c49af212-2b4e-4bd4-b503-6cc4f4e13722 with capacity 38654705664B, used 0B, and remaining 38654705664B is 0.0
2023-06-21 17:31:33,853 [main] INFO  balancer.ContainerBalancerTask (ContainerBalancerTask.java:initializeIteration(443)) - Did not find any unbalanced Datanodes.
2023-06-21 17:31:33,853 [main] INFO  balancer.ContainerBalancerTask (ContainerBalancerTask.java:tryStopWithSaveConfiguration(308)) - Save Configuration for stopping. Reason: Could not initialize ContainerBalancer's iteration number 0
2023-06-21 17:31:33,854 [main] DEBUG balancer.ContainerBalancerTask (ContainerBalancerTask.java:initializeIteration(374)) - Average utilization of the cluster is 0.35306711941381913
2023-06-21 17:31:33,854 [main] DEBUG balancer.ContainerBalancerTask (ContainerBalancerTask.java:initializeIteration(386)) - Lower limit for utilization is 0.2732625636450073 and Upper limit for utilization is 0.432871675182631
2023-06-21 17:31:33,854 [main] DEBUG balancer.ContainerBalancerTask (ContainerBalancerTask.java:initializeIteration(398)) - Utilization for node 01efa234-f908-4c2b-ab0c-194903419a33 with capacity 72775834737B, used 65498251264B, and remaining 7277583473B is 0.9000000000096186
2023-06-21 17:31:33,854 [main] DEBUG balancer.ContainerBalancerTask (ContainerBalancerTask.java:initializeIteration(398)) - Utilization for node 321c84d4-14b7-4af7-906c-e1c1bbae619c with capacity 84557168640B, used 67645734912B, and remaining 16911433728B is 0.8
2023-06-21 17:31:33,854 [main] DEBUG balancer.ContainerBalancerTask (ContainerBalancerTask.java:initializeIteration(398)) - Utilization for node 9246defe-2693-4dab-945d-efd9dd561743 with capacity 87433262811B, used 61203283968B, and remaining 26229978843B is 0.7000000000034312
2023-06-21 17:31:33,854 [main] DEBUG balancer.ContainerBalancerTask (ContainerBalancerTask.java:initializeIteration(398)) - Utilization for node ca4df368-9957-4e8c-8166-de1bf6393313 with capacity 71582788266B, used 42949672960B, and remaining 28633115306B is 0.600000000005588
2023-06-21 17:31:33,854 [main] DEBUG balancer.ContainerBalancerTask (ContainerBalancerTask.java:initializeIteration(398)) - Utilization for node 40942551-d097-4969-9a85-9af0ec1541f4 with capacity 53687091200B, used 26843545600B, and remaining 26843545600B is 0.5
2023-06-21 17:31:33,854 [main] DEBUG balancer.ContainerBalancerTask (ContainerBalancerTask.java:initializeIteration(398)) - Utilization for node fd4dd60a-8bfd-4264-b2bb-fbfc3c54b0cc with capacity 88583700480B, used 35433480192B, and remaining 53150220288B is 0.4
2023-06-21 17:31:33,855 [main] DEBUG balancer.ContainerBalancerTask (ContainerBalancerTask.java:initializeIteration(398)) - Utilization for node 36d3431a-12b9-444e-b99f-4b34fd89578e with capacity 110953321813B, used 33285996544B, and remaining 77667325269B is 0.30000000000090127
2023-06-21 17:31:33,855 [main] DEBUG balancer.ContainerBalancerTask (ContainerBalancerTask.java:initializeIteration(398)) - Utilization for node 27804612-680c-46c1-ac34-1564025500b6 with capacity 150323855360B, used 30064771072B, and remaining 120259084288B is 0.2
2023-06-21 17:31:33,855 [main] DEBUG balancer.ContainerBalancerTask (ContainerBalancerTask.java:initializeIteration(398)) - Utilization for node 085849ae-9e8f-4d0b-940b-e1fb286c907c with capacity 375809638400B, used 37580963840B, and remaining 338228674560B is 0.1
2023-06-21 17:31:33,855 [main] DEBUG balancer.ContainerBalancerTask (ContainerBalancerTask.java:initializeIteration(398)) - Utilization for node c49af212-2b4e-4bd4-b503-6cc4f4e13722 with capacity 38654705664B, used 0B, and remaining 38654705664B is 0.0
2023-06-21 17:31:33,855 [main] INFO  balancer.ContainerBalancerTask (ContainerBalancerTask.java:initializeIteration(447)) - Container Balancer has identified 5 Over-Utilized and 3 Under-Utilized Datanodes that need to be balanced.
2023-06-21 17:31:33,855 [main] DEBUG balancer.ContainerBalancerTask (ContainerBalancerTask.java:lambda$initializeIteration$1(453)) - Datanode localhost-100.204.26.254 01efa234-f908-4c2b-ab0c-194903419a33 is Over-Utilized.
2023-06-21 17:31:33,855 [main] DEBUG balancer.ContainerBalancerTask (ContainerBalancerTask.java:lambda$initializeIteration$1(453)) - Datanode localhost-226.119.138.44 321c84d4-14b7-4af7-906c-e1c1bbae619c is Over-Utilized.
2023-06-21 17:31:33,855 [main] DEBUG balancer.ContainerBalancerTask (ContainerBalancerTask.java:lambda$initializeIteration$1(453)) - Datanode localhost-64.79.142.244 9246defe-2693-4dab-945d-efd9dd561743 is Over-Utilized.
2023-06-21 17:31:33,855 [main] DEBUG balancer.ContainerBalancerTask (ContainerBalancerTask.java:lambda$initializeIteration$1(453)) - Datanode localhost-106.240.243.44 ca4df368-9957-4e8c-8166-de1bf6393313 is Over-Utilized.
2023-06-21 17:31:33,855 [main] DEBUG balancer.ContainerBalancerTask (ContainerBalancerTask.java:lambda$initializeIteration$1(453)) - Datanode localhost-238.211.130.222 40942551-d097-4969-9a85-9af0ec1541f4 is Over-Utilized.
2023-06-21 17:31:33,855 [main] DEBUG balancer.ContainerBalancerTask (ContainerBalancerTask.java:lambda$initializeIteration$2(459)) - Datanode localhost-188.82.244.62 c49af212-2b4e-4bd4-b503-6cc4f4e13722 is Under-Utilized.
2023-06-21 17:31:33,855 [main] DEBUG balancer.ContainerBalancerTask (ContainerBalancerTask.java:lambda$initializeIteration$2(459)) - Datanode localhost-118.77.193.207 085849ae-9e8f-4d0b-940b-e1fb286c907c is Under-Utilized.
2023-06-21 17:31:33,855 [main] DEBUG balancer.ContainerBalancerTask (ContainerBalancerTask.java:lambda$initializeIteration$2(459)) - Datanode localhost-121.86.50.47 27804612-680c-46c1-ac34-1564025500b6 is Under-Utilized.
2023-06-21 17:31:33,858 [main] DEBUG balancer.ContainerBalancerTask (ContainerBalancerTask.java:matchSourceWithTarget(706)) - ContainerBalancer is finding suitable target for source datanode 01efa234-f908-4c2b-ab0c-194903419a33
2023-06-21 17:31:33,858 [main] INFO  balancer.ContainerBalancerTask (ContainerBalancerTask.java:matchSourceWithTarget(720)) - ContainerBalancer matched source datanode 01efa234-f908-4c2b-ab0c-194903419a33 with target datanode c49af212-2b4e-4bd4-b503-6cc4f4e13722 for container move.
2023-06-21 17:31:33,858 [main] INFO  balancer.ContainerBalancerTask (ContainerBalancerTask.java:processMoveSelection(569)) - ContainerBalancer is trying to move container #85 with size 5368709120B from source datanode 01efa234-f908-4c2b-ab0c-194903419a33 to target datanode c49af212-2b4e-4bd4-b503-6cc4f4e13722
2023-06-21 17:31:33,859 [main] DEBUG balancer.ContainerBalancerTask (ContainerBalancerTask.java:lambda$moveContainer$3(834)) - Container move completed for container #85 from source 01efa234-f908-4c2b-ab0c-194903419a33 to target c49af212-2b4e-4bd4-b503-6cc4f4e13722
2023-06-21 17:31:33,861 [main] DEBUG balancer.ContainerBalancerTask (ContainerBalancerTask.java:matchSourceWithTarget(706)) - ContainerBalancer is finding suitable target for source datanode 01efa234-f908-4c2b-ab0c-194903419a33
2023-06-21 17:31:33,861 [main] INFO  balancer.ContainerBalancerTask (ContainerBalancerTask.java:matchSourceWithTarget(720)) - ContainerBalancer matched source datanode 01efa234-f908-4c2b-ab0c-194903419a33 with target datanode 085849ae-9e8f-4d0b-940b-e1fb286c907c for container move.
2023-06-21 17:31:33,861 [main] INFO  balancer.ContainerBalancerTask (ContainerBalancerTask.java:processMoveSelection(569)) - ContainerBalancer is trying to move container #68 with size 5368709120B from source datanode 01efa234-f908-4c2b-ab0c-194903419a33 to target datanode 085849ae-9e8f-4d0b-940b-e1fb286c907c
2023-06-21 17:31:33,862 [main] DEBUG balancer.ContainerBalancerTask (ContainerBalancerTask.java:lambda$moveContainer$3(834)) - Container move completed for container #68 from source 01efa234-f908-4c2b-ab0c-194903419a33 to target 085849ae-9e8f-4d0b-940b-e1fb286c907c
2023-06-21 17:31:33,864 [main] DEBUG balancer.ContainerBalancerTask (ContainerBalancerTask.java:matchSourceWithTarget(706)) - ContainerBalancer is finding suitable target for source datanode 321c84d4-14b7-4af7-906c-e1c1bbae619c
2023-06-21 17:31:33,864 [main] INFO  balancer.ContainerBalancerTask (ContainerBalancerTask.java:matchSourceWithTarget(720)) - ContainerBalancer matched source datanode 321c84d4-14b7-4af7-906c-e1c1bbae619c with target datanode 085849ae-9e8f-4d0b-940b-e1fb286c907c for container move.
2023-06-21 17:31:33,864 [main] INFO  balancer.ContainerBalancerTask (ContainerBalancerTask.java:processMoveSelection(569)) - ContainerBalancer is trying to move container #53 with size 5368709120B from source datanode 321c84d4-14b7-4af7-906c-e1c1bbae619c to target datanode 085849ae-9e8f-4d0b-940b-e1fb286c907c
2023-06-21 17:31:33,865 [main] DEBUG balancer.ContainerBalancerTask (ContainerBalancerTask.java:lambda$moveContainer$3(834)) - Container move completed for container #53 from source 321c84d4-14b7-4af7-906c-e1c1bbae619c to target 085849ae-9e8f-4d0b-940b-e1fb286c907c
2023-06-21 17:31:33,867 [main] DEBUG balancer.ContainerBalancerTask (ContainerBalancerTask.java:matchSourceWithTarget(706)) - ContainerBalancer is finding suitable target for source datanode 01efa234-f908-4c2b-ab0c-194903419a33
2023-06-21 17:31:33,867 [main] INFO  balancer.ContainerBalancerTask (ContainerBalancerTask.java:matchSourceWithTarget(720)) - ContainerBalancer matched source datanode 01efa234-f908-4c2b-ab0c-194903419a33 with target datanode 085849ae-9e8f-4d0b-940b-e1fb286c907c for container move.
2023-06-21 17:31:33,868 [main] INFO  balancer.ContainerBalancerTask (ContainerBalancerTask.java:processMoveSelection(569)) - ContainerBalancer is trying to move container #40 with size 5368709120B from source datanode 01efa234-f908-4c2b-ab0c-194903419a33 to target datanode 085849ae-9e8f-4d0b-940b-e1fb286c907c
2023-06-21 17:31:33,868 [main] DEBUG balancer.ContainerBalancerTask (ContainerBalancerTask.java:lambda$moveContainer$3(834)) - Container move completed for container #40 from source 01efa234-f908-4c2b-ab0c-194903419a33 to target 085849ae-9e8f-4d0b-940b-e1fb286c907c
2023-06-21 17:31:34,227 [main] DEBUG balancer.ContainerBalancerTask (ContainerBalancerTask.java:matchSourceWithTarget(706)) - ContainerBalancer is finding suitable target for source datanode 321c84d4-14b7-4af7-906c-e1c1bbae619c
2023-06-21 17:31:34,227 [main] INFO  balancer.ContainerBalancerTask (ContainerBalancerTask.java:matchSourceWithTarget(720)) - ContainerBalancer matched source datanode 321c84d4-14b7-4af7-906c-e1c1bbae619c with target datanode c49af212-2b4e-4bd4-b503-6cc4f4e13722 for container move.
2023-06-21 17:31:34,227 [main] INFO  balancer.ContainerBalancerTask (ContainerBalancerTask.java:processMoveSelection(569)) - ContainerBalancer is trying to move container #89 with size 4294967296B from source datanode 321c84d4-14b7-4af7-906c-e1c1bbae619c to target datanode c49af212-2b4e-4bd4-b503-6cc4f4e13722
2023-06-21 17:31:34,227 [main] DEBUG balancer.ContainerBalancerTask (ContainerBalancerTask.java:lambda$moveContainer$3(834)) - Container move completed for container #89 from source 321c84d4-14b7-4af7-906c-e1c1bbae619c to target c49af212-2b4e-4bd4-b503-6cc4f4e13722
2023-06-21 17:31:34,230 [main] DEBUG balancer.ContainerBalancerTask (ContainerBalancerTask.java:matchSourceWithTarget(706)) - ContainerBalancer is finding suitable target for source datanode 9246defe-2693-4dab-945d-efd9dd561743
2023-06-21 17:31:34,230 [main] INFO  balancer.ContainerBalancerTask (ContainerBalancerTask.java:matchSourceWithTarget(720)) - ContainerBalancer matched source datanode 9246defe-2693-4dab-945d-efd9dd561743 with target datanode 085849ae-9e8f-4d0b-940b-e1fb286c907c for container move.
2023-06-21 17:31:34,231 [main] INFO  balancer.ContainerBalancerTask (ContainerBalancerTask.java:processMoveSelection(569)) - ContainerBalancer is trying to move container #52 with size 4294967296B from source datanode 9246defe-2693-4dab-945d-efd9dd561743 to target datanode 085849ae-9e8f-4d0b-940b-e1fb286c907c
2023-06-21 17:31:34,231 [main] DEBUG balancer.ContainerBalancerTask (ContainerBalancerTask.java:lambda$moveContainer$3(834)) - Container move completed for container #52 from source 9246defe-2693-4dab-945d-efd9dd561743 to target 085849ae-9e8f-4d0b-940b-e1fb286c907c
2023-06-21 17:31:34,234 [main] DEBUG balancer.ContainerBalancerTask (ContainerBalancerTask.java:matchSourceWithTarget(706)) - ContainerBalancer is finding suitable target for source datanode 321c84d4-14b7-4af7-906c-e1c1bbae619c
2023-06-21 17:31:34,234 [main] INFO  balancer.ContainerBalancerTask (ContainerBalancerTask.java:matchSourceWithTarget(720)) - ContainerBalancer matched source datanode 321c84d4-14b7-4af7-906c-e1c1bbae619c with target datanode 085849ae-9e8f-4d0b-940b-e1fb286c907c for container move.
2023-06-21 17:31:34,234 [main] INFO  balancer.ContainerBalancerTask (ContainerBalancerTask.java:processMoveSelection(569)) - ContainerBalancer is trying to move container #39 with size 4294967296B from source datanode 321c84d4-14b7-4af7-906c-e1c1bbae619c to target datanode 085849ae-9e8f-4d0b-940b-e1fb286c907c
2023-06-21 17:31:34,234 [main] DEBUG balancer.ContainerBalancerTask (ContainerBalancerTask.java:lambda$moveContainer$3(834)) - Container move completed for container #39 from source 321c84d4-14b7-4af7-906c-e1c1bbae619c to target 085849ae-9e8f-4d0b-940b-e1fb286c907c
2023-06-21 17:31:34,241 [main] DEBUG balancer.ContainerBalancerTask (ContainerBalancerTask.java:matchSourceWithTarget(706)) - ContainerBalancer is finding suitable target for source datanode 01efa234-f908-4c2b-ab0c-194903419a33
2023-06-21 17:31:34,241 [main] INFO  balancer.ContainerBalancerTask (ContainerBalancerTask.java:matchSourceWithTarget(720)) - ContainerBalancer matched source datanode 01efa234-f908-4c2b-ab0c-194903419a33 with target datanode 085849ae-9e8f-4d0b-940b-e1fb286c907c for container move.
2023-06-21 17:31:34,242 [main] INFO  balancer.ContainerBalancerTask (ContainerBalancerTask.java:processMoveSelection(569)) - ContainerBalancer is trying to move container #84 with size 4294967296B from source datanode 01efa234-f908-4c2b-ab0c-194903419a33 to target datanode 085849ae-9e8f-4d0b-940b-e1fb286c907c
2023-06-21 17:31:34,242 [main] DEBUG balancer.ContainerBalancerTask (ContainerBalancerTask.java:lambda$moveContainer$3(834)) - Container move completed for container #84 from source 01efa234-f908-4c2b-ab0c-194903419a33 to target 085849ae-9e8f-4d0b-940b-e1fb286c907c
2023-06-21 17:31:34,244 [main] DEBUG balancer.ContainerBalancerTask (ContainerBalancerTask.java:matchSourceWithTarget(706)) - ContainerBalancer is finding suitable target for source datanode 9246defe-2693-4dab-945d-efd9dd561743
2023-06-21 17:31:34,245 [main] INFO  balancer.ContainerBalancerTask (ContainerBalancerTask.java:matchSourceWithTarget(720)) - ContainerBalancer matched source datanode 9246defe-2693-4dab-945d-efd9dd561743 with target datanode 085849ae-9e8f-4d0b-940b-e1fb286c907c for container move.
2023-06-21 17:31:34,245 [main] INFO  balancer.ContainerBalancerTask (ContainerBalancerTask.java:processMoveSelection(569)) - ContainerBalancer is trying to move container #88 with size 3221225472B from source datanode 9246defe-2693-4dab-945d-efd9dd561743 to target datanode 085849ae-9e8f-4d0b-940b-e1fb286c907c
2023-06-21 17:31:34,245 [main] DEBUG balancer.ContainerBalancerTask (ContainerBalancerTask.java:lambda$moveContainer$3(834)) - Container move completed for container #88 from source 9246defe-2693-4dab-945d-efd9dd561743 to target 085849ae-9e8f-4d0b-940b-e1fb286c907c
2023-06-21 17:31:34,252 [main] DEBUG balancer.ContainerBalancerTask (ContainerBalancerTask.java:matchSourceWithTarget(706)) - ContainerBalancer is finding suitable target for source datanode 321c84d4-14b7-4af7-906c-e1c1bbae619c
2023-06-21 17:31:34,253 [main] INFO  balancer.ContainerBalancerTask (ContainerBalancerTask.java:matchSourceWithTarget(720)) - ContainerBalancer matched source datanode 321c84d4-14b7-4af7-906c-e1c1bbae619c with target datanode 085849ae-9e8f-4d0b-940b-e1fb286c907c for container move.
2023-06-21 17:31:34,253 [main] INFO  balancer.ContainerBalancerTask (ContainerBalancerTask.java:processMoveSelection(569)) - ContainerBalancer is trying to move container #71 with size 3221225472B from source datanode 321c84d4-14b7-4af7-906c-e1c1bbae619c to target datanode 085849ae-9e8f-4d0b-940b-e1fb286c907c
2023-06-21 17:31:34,254 [main] DEBUG balancer.ContainerBalancerTask (ContainerBalancerTask.java:lambda$moveContainer$3(834)) - Container move completed for container #71 from source 321c84d4-14b7-4af7-906c-e1c1bbae619c to target 085849ae-9e8f-4d0b-940b-e1fb286c907c
2023-06-21 17:31:34,259 [main] DEBUG balancer.ContainerBalancerTask (ContainerBalancerTask.java:matchSourceWithTarget(706)) - ContainerBalancer is finding suitable target for source datanode 01efa234-f908-4c2b-ab0c-194903419a33
2023-06-21 17:31:34,260 [main] INFO  balancer.ContainerBalancerTask (ContainerBalancerTask.java:matchSourceWithTarget(720)) - ContainerBalancer matched source datanode 01efa234-f908-4c2b-ab0c-194903419a33 with target datanode 085849ae-9e8f-4d0b-940b-e1fb286c907c for container move.
2023-06-21 17:31:34,260 [main] INFO  balancer.ContainerBalancerTask (ContainerBalancerTask.java:processMoveSelection(569)) - ContainerBalancer is trying to move container #19 with size 4294967296B from source datanode 01efa234-f908-4c2b-ab0c-194903419a33 to target datanode 085849ae-9e8f-4d0b-940b-e1fb286c907c
2023-06-21 17:31:34,260 [main] DEBUG balancer.ContainerBalancerTask (ContainerBalancerTask.java:lambda$moveContainer$3(834)) - Container move completed for container #19 from source 01efa234-f908-4c2b-ab0c-194903419a33 to target 085849ae-9e8f-4d0b-940b-e1fb286c907c
2023-06-21 17:31:34,263 [main] DEBUG balancer.ContainerBalancerTask (ContainerBalancerTask.java:matchSourceWithTarget(706)) - ContainerBalancer is finding suitable target for source datanode 9246defe-2693-4dab-945d-efd9dd561743
2023-06-21 17:31:34,263 [main] INFO  balancer.ContainerBalancerTask (ContainerBalancerTask.java:matchSourceWithTarget(720)) - ContainerBalancer matched source datanode 9246defe-2693-4dab-945d-efd9dd561743 with target datanode 27804612-680c-46c1-ac34-1564025500b6 for container move.
2023-06-21 17:31:34,263 [main] INFO  balancer.ContainerBalancerTask (ContainerBalancerTask.java:processMoveSelection(569)) - ContainerBalancer is trying to move container #51 with size 3221225472B from source datanode 9246defe-2693-4dab-945d-efd9dd561743 to target datanode 27804612-680c-46c1-ac34-1564025500b6
2023-06-21 17:31:34,267 [main] DEBUG balancer.ContainerBalancerTask (ContainerBalancerTask.java:lambda$moveContainer$3(834)) - Container move completed for container #51 from source 9246defe-2693-4dab-945d-efd9dd561743 to target 27804612-680c-46c1-ac34-1564025500b6
2023-06-21 17:31:34,269 [main] DEBUG balancer.ContainerBalancerTask (ContainerBalancerTask.java:matchSourceWithTarget(706)) - ContainerBalancer is finding suitable target for source datanode ca4df368-9957-4e8c-8166-de1bf6393313
2023-06-21 17:31:34,270 [main] INFO  balancer.ContainerBalancerTask (ContainerBalancerTask.java:matchSourceWithTarget(720)) - ContainerBalancer matched source datanode ca4df368-9957-4e8c-8166-de1bf6393313 with target datanode 085849ae-9e8f-4d0b-940b-e1fb286c907c for container move.
2023-06-21 17:31:34,270 [main] INFO  balancer.ContainerBalancerTask (ContainerBalancerTask.java:processMoveSelection(569)) - ContainerBalancer is trying to move container #36 with size 1073741824B from source datanode ca4df368-9957-4e8c-8166-de1bf6393313 to target datanode 085849ae-9e8f-4d0b-940b-e1fb286c907c
2023-06-21 17:31:34,270 [main] DEBUG balancer.ContainerBalancerTask (ContainerBalancerTask.java:lambda$moveContainer$3(834)) - Container move completed for container #36 from source ca4df368-9957-4e8c-8166-de1bf6393313 to target 085849ae-9e8f-4d0b-940b-e1fb286c907c
2023-06-21 17:31:34,270 [main] WARN  balancer.ContainerBalancerTask (ContainerBalancerTask.java:reachedMaxSizeToMovePerIteration(731)) - Reached max size to move limit. 53687091200 bytes have already been scheduled for balancing and the limit is 53687091200 bytes.
2023-06-21 17:31:34,270 [main] INFO  balancer.ContainerBalancerTask (ContainerBalancerTask.java:checkIterationMoveResults(640)) - Iteration Summary. Number of Datanodes involved: 7. Size moved: 50 GB (53687091200 Bytes). Number of Container moves completed: 13.
2023-06-21 17:31:34,270 [main] INFO  balancer.ContainerBalancerTask (ContainerBalancerTask.java:balance(259)) - Result of this iteration of Container Balancer: ITERATION_COMPLETED
2023-06-21 17:31:34,270 [main] INFO  balancer.ContainerBalancerTask (ContainerBalancerTask.java:tryStopWithSaveConfiguration(308)) - Save Configuration for stopping. Reason: Completed all iterations.
2023-06-21 17:31:34,271 [main] DEBUG balancer.ContainerBalancerTask (ContainerBalancerTask.java:initializeIteration(374)) - Average utilization of the cluster is 0.35306711941381913
2023-06-21 17:31:34,271 [main] DEBUG balancer.ContainerBalancerTask (ContainerBalancerTask.java:initializeIteration(386)) - Lower limit for utilization is -0.534487883929982 and Upper limit for utilization is 1.2406221227576202
2023-06-21 17:31:34,271 [main] DEBUG balancer.ContainerBalancerTask (ContainerBalancerTask.java:initializeIteration(398)) - Utilization for node 01efa234-f908-4c2b-ab0c-194903419a33 with capacity 72775834737B, used 65498251264B, and remaining 7277583473B is 0.9000000000096186
2023-06-21 17:31:34,271 [main] DEBUG balancer.ContainerBalancerTask (ContainerBalancerTask.java:initializeIteration(398)) - Utilization for node 321c84d4-14b7-4af7-906c-e1c1bbae619c with capacity 84557168640B, used 67645734912B, and remaining 16911433728B is 0.8
2023-06-21 17:31:34,271 [main] DEBUG balancer.ContainerBalancerTask (ContainerBalancerTask.java:initializeIteration(398)) - Utilization for node 9246defe-2693-4dab-945d-efd9dd561743 with capacity 87433262811B, used 61203283968B, and remaining 26229978843B is 0.7000000000034312
2023-06-21 17:31:34,271 [main] DEBUG balancer.ContainerBalancerTask (ContainerBalancerTask.java:initializeIteration(398)) - Utilization for node ca4df368-9957-4e8c-8166-de1bf6393313 with capacity 71582788266B, used 42949672960B, and remaining 28633115306B is 0.600000000005588
2023-06-21 17:31:34,271 [main] DEBUG balancer.ContainerBalancerTask (ContainerBalancerTask.java:initializeIteration(398)) - Utilization for node 40942551-d097-4969-9a85-9af0ec1541f4 with capacity 53687091200B, used 26843545600B, and remaining 26843545600B is 0.5
2023-06-21 17:31:34,271 [main] DEBUG balancer.ContainerBalancerTask (ContainerBalancerTask.java:initializeIteration(398)) - Utilization for node fd4dd60a-8bfd-4264-b2bb-fbfc3c54b0cc with capacity 88583700480B, used 35433480192B, and remaining 53150220288B is 0.4
2023-06-21 17:31:34,271 [main] DEBUG balancer.ContainerBalancerTask (ContainerBalancerTask.java:initializeIteration(398)) - Utilization for node 36d3431a-12b9-444e-b99f-4b34fd89578e with capacity 110953321813B, used 33285996544B, and remaining 77667325269B is 0.30000000000090127
2023-06-21 17:31:34,272 [main] DEBUG balancer.ContainerBalancerTask (ContainerBalancerTask.java:initializeIteration(398)) - Utilization for node 27804612-680c-46c1-ac34-1564025500b6 with capacity 150323855360B, used 30064771072B, and remaining 120259084288B is 0.2
2023-06-21 17:31:34,272 [main] DEBUG balancer.ContainerBalancerTask (ContainerBalancerTask.java:initializeIteration(398)) - Utilization for node 085849ae-9e8f-4d0b-940b-e1fb286c907c with capacity 375809638400B, used 37580963840B, and remaining 338228674560B is 0.1
2023-06-21 17:31:34,272 [main] DEBUG balancer.ContainerBalancerTask (ContainerBalancerTask.java:initializeIteration(398)) - Utilization for node c49af212-2b4e-4bd4-b503-6cc4f4e13722 with capacity 38654705664B, used 0B, and remaining 38654705664B is 0.0
2023-06-21 17:31:34,272 [main] INFO  balancer.ContainerBalancerTask (ContainerBalancerTask.java:initializeIteration(443)) - Did not find any unbalanced Datanodes.
2023-06-21 17:31:34,272 [main] INFO  balancer.ContainerBalancerTask (ContainerBalancerTask.java:tryStopWithSaveConfiguration(308)) - Save Configuration for stopping. Reason: Could not initialize ContainerBalancer's iteration number 0
]]></system-out>
  </testcase>
  <testcase name="balancerShouldObeyMaxSizeEnteringTargetLimit" classname="org.apache.hadoop.hdds.scm.container.balancer.TestContainerBalancerTask" time="0.242">
    <system-out><![CDATA[2023-06-21 17:31:34,311 [main] INFO  net.NodeSchemaLoader (NodeSchemaLoader.java:loadSchemaFromFile(129)) - Loading schema from [file:/home/runner/work/ozone/ozone/hadoop-hdds/common/target/classes/network-topology-default.xml]
2023-06-21 17:31:34,312 [main] INFO  net.NodeSchemaLoader (NodeSchemaLoader.java:loadSchema(176)) - Loading network topology layer schema file
2023-06-21 17:31:34,318 [main] INFO  net.NetworkTopologyImpl (NetworkTopologyImpl.java:add(112)) - Added a new node: /default-rack/18aedf09-b378-45a6-82ad-b7b32f4ba85c
2023-06-21 17:31:34,318 [main] INFO  net.NetworkTopologyImpl (NetworkTopologyImpl.java:add(112)) - Added a new node: /default-rack/4f23af5c-6af6-495c-a891-459195669a42
2023-06-21 17:31:34,318 [main] INFO  net.NetworkTopologyImpl (NetworkTopologyImpl.java:add(112)) - Added a new node: /default-rack/86e151ef-5367-428c-ba78-bc948d39e3e3
2023-06-21 17:31:34,318 [main] INFO  net.NetworkTopologyImpl (NetworkTopologyImpl.java:add(112)) - Added a new node: /default-rack/671c13ec-4a3f-4d48-b5cc-efe57fc01ead
2023-06-21 17:31:34,319 [main] INFO  net.NetworkTopologyImpl (NetworkTopologyImpl.java:add(112)) - Added a new node: /default-rack/cc72f910-497e-40a6-b9e7-b36dcd88abbb
2023-06-21 17:31:34,319 [main] INFO  net.NetworkTopologyImpl (NetworkTopologyImpl.java:add(112)) - Added a new node: /default-rack/95a517a5-7958-4363-895b-2de3c05b493b
2023-06-21 17:31:34,319 [main] INFO  net.NetworkTopologyImpl (NetworkTopologyImpl.java:add(112)) - Added a new node: /default-rack/4239f605-fcff-4e5c-a29c-86b8d0d38bbf
2023-06-21 17:31:34,319 [main] INFO  net.NetworkTopologyImpl (NetworkTopologyImpl.java:add(112)) - Added a new node: /default-rack/56bcef96-2a65-48b2-b037-1991ea8ce9bd
2023-06-21 17:31:34,319 [main] INFO  net.NetworkTopologyImpl (NetworkTopologyImpl.java:add(112)) - Added a new node: /default-rack/ab5e52bd-e036-4a9a-91a6-b9bbe4b2349b
2023-06-21 17:31:34,319 [main] INFO  net.NetworkTopologyImpl (NetworkTopologyImpl.java:add(112)) - Added a new node: /default-rack/cf71e6fa-610e-4876-8a56-3f064c60ebec
2023-06-21 17:31:34,319 [main] INFO  algorithms.ContainerPlacementPolicyFactory (ContainerPlacementPolicyFactory.java:getPolicyInternal(86)) - Create container placement policy of type org.apache.hadoop.hdds.scm.container.placement.algorithms.SCMContainerPlacementRackAware
2023-06-21 17:31:34,319 [main] INFO  algorithms.ContainerPlacementPolicyFactory (ContainerPlacementPolicyFactory.java:getPolicyInternal(86)) - Create container placement policy of type org.apache.hadoop.hdds.scm.container.placement.algorithms.SCMContainerPlacementRackScatter
2023-06-21 17:31:34,324 [main] DEBUG balancer.ContainerBalancerTask (ContainerBalancerTask.java:initializeIteration(374)) - Average utilization of the cluster is 0.3589910345151526
2023-06-21 17:31:34,324 [main] DEBUG balancer.ContainerBalancerTask (ContainerBalancerTask.java:initializeIteration(386)) - Lower limit for utilization is 0.2589910345151526 and Upper limit for utilization is 0.45899103451515255
2023-06-21 17:31:34,324 [main] DEBUG balancer.ContainerBalancerTask (ContainerBalancerTask.java:initializeIteration(398)) - Utilization for node 95a517a5-7958-4363-895b-2de3c05b493b with capacity 60845370026B, used 54760833024B, and remaining 6084537002B is 0.900000000009861
2023-06-21 17:31:34,324 [main] DEBUG balancer.ContainerBalancerTask (ContainerBalancerTask.java:initializeIteration(398)) - Utilization for node 4239f605-fcff-4e5c-a29c-86b8d0d38bbf with capacity 64424509440B, used 51539607552B, and remaining 12884901888B is 0.8
2023-06-21 17:31:34,324 [main] DEBUG balancer.ContainerBalancerTask (ContainerBalancerTask.java:initializeIteration(398)) - Utilization for node ab5e52bd-e036-4a9a-91a6-b9bbe4b2349b with capacity 87433262811B, used 61203283968B, and remaining 26229978843B is 0.7000000000034312
2023-06-21 17:31:34,324 [main] DEBUG balancer.ContainerBalancerTask (ContainerBalancerTask.java:initializeIteration(398)) - Utilization for node cc72f910-497e-40a6-b9e7-b36dcd88abbb with capacity 59055800320B, used 35433480192B, and remaining 23622320128B is 0.6
2023-06-21 17:31:34,324 [main] DEBUG balancer.ContainerBalancerTask (ContainerBalancerTask.java:initializeIteration(398)) - Utilization for node 671c13ec-4a3f-4d48-b5cc-efe57fc01ead with capacity 77309411328B, used 38654705664B, and remaining 38654705664B is 0.5
2023-06-21 17:31:34,324 [main] DEBUG balancer.ContainerBalancerTask (ContainerBalancerTask.java:initializeIteration(398)) - Utilization for node 4f23af5c-6af6-495c-a891-459195669a42 with capacity 112742891520B, used 45097156608B, and remaining 67645734912B is 0.4
2023-06-21 17:31:34,325 [main] DEBUG balancer.ContainerBalancerTask (ContainerBalancerTask.java:initializeIteration(398)) - Utilization for node cf71e6fa-610e-4876-8a56-3f064c60ebec with capacity 139586437120B, used 41875931136B, and remaining 97710505984B is 0.3
2023-06-21 17:31:34,325 [main] DEBUG balancer.ContainerBalancerTask (ContainerBalancerTask.java:initializeIteration(398)) - Utilization for node 56bcef96-2a65-48b2-b037-1991ea8ce9bd with capacity 209379655680B, used 41875931136B, and remaining 167503724544B is 0.2
2023-06-21 17:31:34,325 [main] DEBUG balancer.ContainerBalancerTask (ContainerBalancerTask.java:initializeIteration(398)) - Utilization for node 86e151ef-5367-428c-ba78-bc948d39e3e3 with capacity 246960619520B, used 24696061952B, and remaining 222264557568B is 0.1
2023-06-21 17:31:34,325 [main] DEBUG balancer.ContainerBalancerTask (ContainerBalancerTask.java:initializeIteration(398)) - Utilization for node 18aedf09-b378-45a6-82ad-b7b32f4ba85c with capacity 42949672960B, used 0B, and remaining 42949672960B is 0.0
2023-06-21 17:31:34,325 [main] INFO  balancer.ContainerBalancerTask (ContainerBalancerTask.java:initializeIteration(447)) - Container Balancer has identified 5 Over-Utilized and 3 Under-Utilized Datanodes that need to be balanced.
2023-06-21 17:31:34,325 [main] DEBUG balancer.ContainerBalancerTask (ContainerBalancerTask.java:lambda$initializeIteration$1(453)) - Datanode localhost-234.41.20.171 95a517a5-7958-4363-895b-2de3c05b493b is Over-Utilized.
2023-06-21 17:31:34,325 [main] DEBUG balancer.ContainerBalancerTask (ContainerBalancerTask.java:lambda$initializeIteration$1(453)) - Datanode localhost-199.158.55.175 4239f605-fcff-4e5c-a29c-86b8d0d38bbf is Over-Utilized.
2023-06-21 17:31:34,325 [main] DEBUG balancer.ContainerBalancerTask (ContainerBalancerTask.java:lambda$initializeIteration$1(453)) - Datanode localhost-103.22.150.123 ab5e52bd-e036-4a9a-91a6-b9bbe4b2349b is Over-Utilized.
2023-06-21 17:31:34,325 [main] DEBUG balancer.ContainerBalancerTask (ContainerBalancerTask.java:lambda$initializeIteration$1(453)) - Datanode localhost-127.169.30.6 cc72f910-497e-40a6-b9e7-b36dcd88abbb is Over-Utilized.
2023-06-21 17:31:34,325 [main] DEBUG balancer.ContainerBalancerTask (ContainerBalancerTask.java:lambda$initializeIteration$1(453)) - Datanode localhost-140.140.4.18 671c13ec-4a3f-4d48-b5cc-efe57fc01ead is Over-Utilized.
2023-06-21 17:31:34,325 [main] DEBUG balancer.ContainerBalancerTask (ContainerBalancerTask.java:lambda$initializeIteration$2(459)) - Datanode localhost-67.11.35.83 18aedf09-b378-45a6-82ad-b7b32f4ba85c is Under-Utilized.
2023-06-21 17:31:34,325 [main] DEBUG balancer.ContainerBalancerTask (ContainerBalancerTask.java:lambda$initializeIteration$2(459)) - Datanode localhost-152.227.51.204 86e151ef-5367-428c-ba78-bc948d39e3e3 is Under-Utilized.
2023-06-21 17:31:34,325 [main] DEBUG balancer.ContainerBalancerTask (ContainerBalancerTask.java:lambda$initializeIteration$2(459)) - Datanode localhost-102.167.100.204 56bcef96-2a65-48b2-b037-1991ea8ce9bd is Under-Utilized.
2023-06-21 17:31:34,328 [main] DEBUG balancer.ContainerBalancerTask (ContainerBalancerTask.java:matchSourceWithTarget(706)) - ContainerBalancer is finding suitable target for source datanode 95a517a5-7958-4363-895b-2de3c05b493b
2023-06-21 17:31:34,330 [main] INFO  balancer.FindTargetGreedyByUsageInfo (AbstractFindTargetGreedy.java:findTargetForContainerMove(133)) - Container Balancer could not find a target for source datanode 95a517a5-7958-4363-895b-2de3c05b493b
2023-06-21 17:31:34,330 [main] DEBUG balancer.ContainerBalancerTask (ContainerBalancerTask.java:matchSourceWithTarget(715)) - ContainerBalancer could not find a suitable target for source node 95a517a5-7958-4363-895b-2de3c05b493b.
2023-06-21 17:31:34,332 [main] DEBUG balancer.ContainerBalancerTask (ContainerBalancerTask.java:matchSourceWithTarget(706)) - ContainerBalancer is finding suitable target for source datanode 4239f605-fcff-4e5c-a29c-86b8d0d38bbf
2023-06-21 17:31:34,334 [main] INFO  balancer.FindTargetGreedyByUsageInfo (AbstractFindTargetGreedy.java:findTargetForContainerMove(133)) - Container Balancer could not find a target for source datanode 4239f605-fcff-4e5c-a29c-86b8d0d38bbf
2023-06-21 17:31:34,334 [main] DEBUG balancer.ContainerBalancerTask (ContainerBalancerTask.java:matchSourceWithTarget(715)) - ContainerBalancer could not find a suitable target for source node 4239f605-fcff-4e5c-a29c-86b8d0d38bbf.
2023-06-21 17:31:34,336 [main] DEBUG balancer.ContainerBalancerTask (ContainerBalancerTask.java:matchSourceWithTarget(706)) - ContainerBalancer is finding suitable target for source datanode ab5e52bd-e036-4a9a-91a6-b9bbe4b2349b
2023-06-21 17:31:34,339 [main] INFO  balancer.FindTargetGreedyByUsageInfo (AbstractFindTargetGreedy.java:findTargetForContainerMove(133)) - Container Balancer could not find a target for source datanode ab5e52bd-e036-4a9a-91a6-b9bbe4b2349b
2023-06-21 17:31:34,339 [main] DEBUG balancer.ContainerBalancerTask (ContainerBalancerTask.java:matchSourceWithTarget(715)) - ContainerBalancer could not find a suitable target for source node ab5e52bd-e036-4a9a-91a6-b9bbe4b2349b.
2023-06-21 17:31:34,340 [main] DEBUG balancer.ContainerBalancerTask (ContainerBalancerTask.java:matchSourceWithTarget(706)) - ContainerBalancer is finding suitable target for source datanode cc72f910-497e-40a6-b9e7-b36dcd88abbb
2023-06-21 17:31:34,341 [main] INFO  balancer.FindTargetGreedyByUsageInfo (AbstractFindTargetGreedy.java:findTargetForContainerMove(133)) - Container Balancer could not find a target for source datanode cc72f910-497e-40a6-b9e7-b36dcd88abbb
2023-06-21 17:31:34,342 [main] DEBUG balancer.ContainerBalancerTask (ContainerBalancerTask.java:matchSourceWithTarget(715)) - ContainerBalancer could not find a suitable target for source node cc72f910-497e-40a6-b9e7-b36dcd88abbb.
2023-06-21 17:31:34,343 [main] DEBUG balancer.ContainerBalancerTask (ContainerBalancerTask.java:matchSourceWithTarget(706)) - ContainerBalancer is finding suitable target for source datanode 671c13ec-4a3f-4d48-b5cc-efe57fc01ead
2023-06-21 17:31:34,345 [main] INFO  balancer.FindTargetGreedyByUsageInfo (AbstractFindTargetGreedy.java:findTargetForContainerMove(133)) - Container Balancer could not find a target for source datanode 671c13ec-4a3f-4d48-b5cc-efe57fc01ead
2023-06-21 17:31:34,345 [main] DEBUG balancer.ContainerBalancerTask (ContainerBalancerTask.java:matchSourceWithTarget(715)) - ContainerBalancer could not find a suitable target for source node 671c13ec-4a3f-4d48-b5cc-efe57fc01ead.
2023-06-21 17:31:34,345 [main] INFO  balancer.FindSourceGreedy (FindSourceGreedy.java:getNextCandidateSourceDataNode(126)) - no more candidate source data node
2023-06-21 17:31:34,345 [main] INFO  balancer.ContainerBalancerTask (ContainerBalancerTask.java:balance(259)) - Result of this iteration of Container Balancer: CAN_NOT_BALANCE_ANY_MORE
2023-06-21 17:31:34,346 [main] INFO  balancer.ContainerBalancerTask (ContainerBalancerTask.java:tryStopWithSaveConfiguration(308)) - Save Configuration for stopping. Reason: CAN_NOT_BALANCE_ANY_MORE
2023-06-21 17:31:34,356 [main] DEBUG balancer.ContainerBalancerTask (ContainerBalancerTask.java:initializeIteration(374)) - Average utilization of the cluster is 0.3589910345151526
2023-06-21 17:31:34,356 [main] DEBUG balancer.ContainerBalancerTask (ContainerBalancerTask.java:initializeIteration(386)) - Lower limit for utilization is 0.2589910345151526 and Upper limit for utilization is 0.45899103451515255
2023-06-21 17:31:34,357 [main] DEBUG balancer.ContainerBalancerTask (ContainerBalancerTask.java:initializeIteration(398)) - Utilization for node 95a517a5-7958-4363-895b-2de3c05b493b with capacity 60845370026B, used 54760833024B, and remaining 6084537002B is 0.900000000009861
2023-06-21 17:31:34,357 [main] DEBUG balancer.ContainerBalancerTask (ContainerBalancerTask.java:initializeIteration(398)) - Utilization for node 4239f605-fcff-4e5c-a29c-86b8d0d38bbf with capacity 64424509440B, used 51539607552B, and remaining 12884901888B is 0.8
2023-06-21 17:31:34,357 [main] DEBUG balancer.ContainerBalancerTask (ContainerBalancerTask.java:initializeIteration(398)) - Utilization for node ab5e52bd-e036-4a9a-91a6-b9bbe4b2349b with capacity 87433262811B, used 61203283968B, and remaining 26229978843B is 0.7000000000034312
2023-06-21 17:31:34,357 [main] DEBUG balancer.ContainerBalancerTask (ContainerBalancerTask.java:initializeIteration(398)) - Utilization for node cc72f910-497e-40a6-b9e7-b36dcd88abbb with capacity 59055800320B, used 35433480192B, and remaining 23622320128B is 0.6
2023-06-21 17:31:34,357 [main] DEBUG balancer.ContainerBalancerTask (ContainerBalancerTask.java:initializeIteration(398)) - Utilization for node 671c13ec-4a3f-4d48-b5cc-efe57fc01ead with capacity 77309411328B, used 38654705664B, and remaining 38654705664B is 0.5
2023-06-21 17:31:34,357 [main] DEBUG balancer.ContainerBalancerTask (ContainerBalancerTask.java:initializeIteration(398)) - Utilization for node 4f23af5c-6af6-495c-a891-459195669a42 with capacity 112742891520B, used 45097156608B, and remaining 67645734912B is 0.4
2023-06-21 17:31:34,357 [main] DEBUG balancer.ContainerBalancerTask (ContainerBalancerTask.java:initializeIteration(398)) - Utilization for node cf71e6fa-610e-4876-8a56-3f064c60ebec with capacity 139586437120B, used 41875931136B, and remaining 97710505984B is 0.3
2023-06-21 17:31:34,357 [main] DEBUG balancer.ContainerBalancerTask (ContainerBalancerTask.java:initializeIteration(398)) - Utilization for node 56bcef96-2a65-48b2-b037-1991ea8ce9bd with capacity 209379655680B, used 41875931136B, and remaining 167503724544B is 0.2
2023-06-21 17:31:34,357 [main] DEBUG balancer.ContainerBalancerTask (ContainerBalancerTask.java:initializeIteration(398)) - Utilization for node 86e151ef-5367-428c-ba78-bc948d39e3e3 with capacity 246960619520B, used 24696061952B, and remaining 222264557568B is 0.1
2023-06-21 17:31:34,358 [main] DEBUG balancer.ContainerBalancerTask (ContainerBalancerTask.java:initializeIteration(398)) - Utilization for node 18aedf09-b378-45a6-82ad-b7b32f4ba85c with capacity 42949672960B, used 0B, and remaining 42949672960B is 0.0
2023-06-21 17:31:34,358 [main] INFO  balancer.ContainerBalancerTask (ContainerBalancerTask.java:initializeIteration(447)) - Container Balancer has identified 5 Over-Utilized and 3 Under-Utilized Datanodes that need to be balanced.
2023-06-21 17:31:34,358 [main] DEBUG balancer.ContainerBalancerTask (ContainerBalancerTask.java:lambda$initializeIteration$1(453)) - Datanode localhost-234.41.20.171 95a517a5-7958-4363-895b-2de3c05b493b is Over-Utilized.
2023-06-21 17:31:34,358 [main] DEBUG balancer.ContainerBalancerTask (ContainerBalancerTask.java:lambda$initializeIteration$1(453)) - Datanode localhost-199.158.55.175 4239f605-fcff-4e5c-a29c-86b8d0d38bbf is Over-Utilized.
2023-06-21 17:31:34,358 [main] DEBUG balancer.ContainerBalancerTask (ContainerBalancerTask.java:lambda$initializeIteration$1(453)) - Datanode localhost-103.22.150.123 ab5e52bd-e036-4a9a-91a6-b9bbe4b2349b is Over-Utilized.
2023-06-21 17:31:34,358 [main] DEBUG balancer.ContainerBalancerTask (ContainerBalancerTask.java:lambda$initializeIteration$1(453)) - Datanode localhost-127.169.30.6 cc72f910-497e-40a6-b9e7-b36dcd88abbb is Over-Utilized.
2023-06-21 17:31:34,358 [main] DEBUG balancer.ContainerBalancerTask (ContainerBalancerTask.java:lambda$initializeIteration$1(453)) - Datanode localhost-140.140.4.18 671c13ec-4a3f-4d48-b5cc-efe57fc01ead is Over-Utilized.
2023-06-21 17:31:34,358 [main] DEBUG balancer.ContainerBalancerTask (ContainerBalancerTask.java:lambda$initializeIteration$2(459)) - Datanode localhost-67.11.35.83 18aedf09-b378-45a6-82ad-b7b32f4ba85c is Under-Utilized.
2023-06-21 17:31:34,358 [main] DEBUG balancer.ContainerBalancerTask (ContainerBalancerTask.java:lambda$initializeIteration$2(459)) - Datanode localhost-152.227.51.204 86e151ef-5367-428c-ba78-bc948d39e3e3 is Under-Utilized.
2023-06-21 17:31:34,358 [main] DEBUG balancer.ContainerBalancerTask (ContainerBalancerTask.java:lambda$initializeIteration$2(459)) - Datanode localhost-102.167.100.204 56bcef96-2a65-48b2-b037-1991ea8ce9bd is Under-Utilized.
2023-06-21 17:31:34,360 [main] DEBUG balancer.ContainerBalancerTask (ContainerBalancerTask.java:matchSourceWithTarget(706)) - ContainerBalancer is finding suitable target for source datanode 95a517a5-7958-4363-895b-2de3c05b493b
2023-06-21 17:31:34,360 [main] INFO  balancer.ContainerBalancerTask (ContainerBalancerTask.java:matchSourceWithTarget(720)) - ContainerBalancer matched source datanode 95a517a5-7958-4363-895b-2de3c05b493b with target datanode 18aedf09-b378-45a6-82ad-b7b32f4ba85c for container move.
2023-06-21 17:31:34,361 [main] INFO  balancer.ContainerBalancerTask (ContainerBalancerTask.java:processMoveSelection(569)) - ContainerBalancer is trying to move container #85 with size 5368709120B from source datanode 95a517a5-7958-4363-895b-2de3c05b493b to target datanode 18aedf09-b378-45a6-82ad-b7b32f4ba85c
2023-06-21 17:31:34,361 [main] DEBUG balancer.ContainerBalancerTask (ContainerBalancerTask.java:lambda$moveContainer$3(834)) - Container move completed for container #85 from source 95a517a5-7958-4363-895b-2de3c05b493b to target 18aedf09-b378-45a6-82ad-b7b32f4ba85c
2023-06-21 17:31:34,361 [main] DEBUG balancer.ContainerBalancerTask (ContainerBalancerTask.java:adaptOnReachingIterationLimits(780)) - Reached max datanodes to involve limit. 2 datanodes have already been selected for balancing and the limit is 2. Only already selected sources and targets can be involved in balancing now.
2023-06-21 17:31:34,363 [main] DEBUG balancer.ContainerBalancerTask (ContainerBalancerTask.java:matchSourceWithTarget(706)) - ContainerBalancer is finding suitable target for source datanode 95a517a5-7958-4363-895b-2de3c05b493b
2023-06-21 17:31:34,363 [main] INFO  balancer.ContainerBalancerTask (ContainerBalancerTask.java:matchSourceWithTarget(720)) - ContainerBalancer matched source datanode 95a517a5-7958-4363-895b-2de3c05b493b with target datanode 18aedf09-b378-45a6-82ad-b7b32f4ba85c for container move.
2023-06-21 17:31:34,363 [main] INFO  balancer.ContainerBalancerTask (ContainerBalancerTask.java:processMoveSelection(569)) - ContainerBalancer is trying to move container #53 with size 5368709120B from source datanode 95a517a5-7958-4363-895b-2de3c05b493b to target datanode 18aedf09-b378-45a6-82ad-b7b32f4ba85c
2023-06-21 17:31:34,363 [main] DEBUG balancer.ContainerBalancerTask (ContainerBalancerTask.java:lambda$moveContainer$3(834)) - Container move completed for container #53 from source 95a517a5-7958-4363-895b-2de3c05b493b to target 18aedf09-b378-45a6-82ad-b7b32f4ba85c
2023-06-21 17:31:34,365 [main] DEBUG balancer.ContainerBalancerTask (ContainerBalancerTask.java:matchSourceWithTarget(706)) - ContainerBalancer is finding suitable target for source datanode 95a517a5-7958-4363-895b-2de3c05b493b
2023-06-21 17:31:34,365 [main] INFO  balancer.ContainerBalancerTask (ContainerBalancerTask.java:matchSourceWithTarget(720)) - ContainerBalancer matched source datanode 95a517a5-7958-4363-895b-2de3c05b493b with target datanode 18aedf09-b378-45a6-82ad-b7b32f4ba85c for container move.
2023-06-21 17:31:34,365 [main] INFO  balancer.ContainerBalancerTask (ContainerBalancerTask.java:processMoveSelection(569)) - ContainerBalancer is trying to move container #29 with size 5368709120B from source datanode 95a517a5-7958-4363-895b-2de3c05b493b to target datanode 18aedf09-b378-45a6-82ad-b7b32f4ba85c
2023-06-21 17:31:34,366 [main] DEBUG balancer.ContainerBalancerTask (ContainerBalancerTask.java:lambda$moveContainer$3(834)) - Container move completed for container #29 from source 95a517a5-7958-4363-895b-2de3c05b493b to target 18aedf09-b378-45a6-82ad-b7b32f4ba85c
2023-06-21 17:31:34,368 [main] DEBUG balancer.ContainerBalancerTask (ContainerBalancerTask.java:matchSourceWithTarget(706)) - ContainerBalancer is finding suitable target for source datanode 95a517a5-7958-4363-895b-2de3c05b493b
2023-06-21 17:31:34,368 [main] INFO  balancer.ContainerBalancerTask (ContainerBalancerTask.java:matchSourceWithTarget(720)) - ContainerBalancer matched source datanode 95a517a5-7958-4363-895b-2de3c05b493b with target datanode 18aedf09-b378-45a6-82ad-b7b32f4ba85c for container move.
2023-06-21 17:31:34,368 [main] INFO  balancer.ContainerBalancerTask (ContainerBalancerTask.java:processMoveSelection(569)) - ContainerBalancer is trying to move container #88 with size 3221225472B from source datanode 95a517a5-7958-4363-895b-2de3c05b493b to target datanode 18aedf09-b378-45a6-82ad-b7b32f4ba85c
2023-06-21 17:31:34,368 [main] DEBUG balancer.ContainerBalancerTask (ContainerBalancerTask.java:lambda$moveContainer$3(834)) - Container move completed for container #88 from source 95a517a5-7958-4363-895b-2de3c05b493b to target 18aedf09-b378-45a6-82ad-b7b32f4ba85c
2023-06-21 17:31:34,370 [main] DEBUG balancer.ContainerBalancerTask (ContainerBalancerTask.java:matchSourceWithTarget(706)) - ContainerBalancer is finding suitable target for source datanode 95a517a5-7958-4363-895b-2de3c05b493b
2023-06-21 17:31:34,371 [main] INFO  balancer.FindTargetGreedyByUsageInfo (AbstractFindTargetGreedy.java:findTargetForContainerMove(133)) - Container Balancer could not find a target for source datanode 95a517a5-7958-4363-895b-2de3c05b493b
2023-06-21 17:31:34,371 [main] DEBUG balancer.ContainerBalancerTask (ContainerBalancerTask.java:matchSourceWithTarget(715)) - ContainerBalancer could not find a suitable target for source node 95a517a5-7958-4363-895b-2de3c05b493b.
2023-06-21 17:31:34,371 [main] INFO  balancer.FindSourceGreedy (FindSourceGreedy.java:getNextCandidateSourceDataNode(126)) - no more candidate source data node
2023-06-21 17:31:34,371 [main] INFO  balancer.ContainerBalancerTask (ContainerBalancerTask.java:checkIterationMoveResults(640)) - Iteration Summary. Number of Datanodes involved: 2. Size moved: 18 GB (19327352832 Bytes). Number of Container moves completed: 4.
2023-06-21 17:31:34,371 [main] INFO  balancer.ContainerBalancerTask (ContainerBalancerTask.java:balance(259)) - Result of this iteration of Container Balancer: ITERATION_COMPLETED
2023-06-21 17:31:34,373 [main] DEBUG balancer.ContainerBalancerTask (ContainerBalancerTask.java:initializeIteration(374)) - Average utilization of the cluster is 0.3589910345151526
2023-06-21 17:31:34,373 [main] DEBUG balancer.ContainerBalancerTask (ContainerBalancerTask.java:initializeIteration(386)) - Lower limit for utilization is 0.2589910345151526 and Upper limit for utilization is 0.45899103451515255
2023-06-21 17:31:34,373 [main] DEBUG balancer.ContainerBalancerTask (ContainerBalancerTask.java:initializeIteration(398)) - Utilization for node 95a517a5-7958-4363-895b-2de3c05b493b with capacity 60845370026B, used 54760833024B, and remaining 6084537002B is 0.900000000009861
2023-06-21 17:31:34,373 [main] DEBUG balancer.ContainerBalancerTask (ContainerBalancerTask.java:initializeIteration(398)) - Utilization for node 4239f605-fcff-4e5c-a29c-86b8d0d38bbf with capacity 64424509440B, used 51539607552B, and remaining 12884901888B is 0.8
2023-06-21 17:31:34,373 [main] DEBUG balancer.ContainerBalancerTask (ContainerBalancerTask.java:initializeIteration(398)) - Utilization for node ab5e52bd-e036-4a9a-91a6-b9bbe4b2349b with capacity 87433262811B, used 61203283968B, and remaining 26229978843B is 0.7000000000034312
2023-06-21 17:31:34,373 [main] DEBUG balancer.ContainerBalancerTask (ContainerBalancerTask.java:initializeIteration(398)) - Utilization for node cc72f910-497e-40a6-b9e7-b36dcd88abbb with capacity 59055800320B, used 35433480192B, and remaining 23622320128B is 0.6
2023-06-21 17:31:34,374 [main] DEBUG balancer.ContainerBalancerTask (ContainerBalancerTask.java:initializeIteration(398)) - Utilization for node 671c13ec-4a3f-4d48-b5cc-efe57fc01ead with capacity 77309411328B, used 38654705664B, and remaining 38654705664B is 0.5
2023-06-21 17:31:34,374 [main] DEBUG balancer.ContainerBalancerTask (ContainerBalancerTask.java:initializeIteration(398)) - Utilization for node 4f23af5c-6af6-495c-a891-459195669a42 with capacity 112742891520B, used 45097156608B, and remaining 67645734912B is 0.4
2023-06-21 17:31:34,374 [main] DEBUG balancer.ContainerBalancerTask (ContainerBalancerTask.java:initializeIteration(398)) - Utilization for node cf71e6fa-610e-4876-8a56-3f064c60ebec with capacity 139586437120B, used 41875931136B, and remaining 97710505984B is 0.3
2023-06-21 17:31:34,374 [main] DEBUG balancer.ContainerBalancerTask (ContainerBalancerTask.java:initializeIteration(398)) - Utilization for node 56bcef96-2a65-48b2-b037-1991ea8ce9bd with capacity 209379655680B, used 41875931136B, and remaining 167503724544B is 0.2
2023-06-21 17:31:34,374 [main] DEBUG balancer.ContainerBalancerTask (ContainerBalancerTask.java:initializeIteration(398)) - Utilization for node 86e151ef-5367-428c-ba78-bc948d39e3e3 with capacity 246960619520B, used 24696061952B, and remaining 222264557568B is 0.1
2023-06-21 17:31:34,374 [main] DEBUG balancer.ContainerBalancerTask (ContainerBalancerTask.java:initializeIteration(398)) - Utilization for node 18aedf09-b378-45a6-82ad-b7b32f4ba85c with capacity 42949672960B, used 0B, and remaining 42949672960B is 0.0
2023-06-21 17:31:34,374 [main] INFO  balancer.ContainerBalancerTask (ContainerBalancerTask.java:initializeIteration(447)) - Container Balancer has identified 5 Over-Utilized and 3 Under-Utilized Datanodes that need to be balanced.
2023-06-21 17:31:34,374 [main] DEBUG balancer.ContainerBalancerTask (ContainerBalancerTask.java:lambda$initializeIteration$1(453)) - Datanode localhost-234.41.20.171 95a517a5-7958-4363-895b-2de3c05b493b is Over-Utilized.
2023-06-21 17:31:34,374 [main] DEBUG balancer.ContainerBalancerTask (ContainerBalancerTask.java:lambda$initializeIteration$1(453)) - Datanode localhost-199.158.55.175 4239f605-fcff-4e5c-a29c-86b8d0d38bbf is Over-Utilized.
2023-06-21 17:31:34,374 [main] DEBUG balancer.ContainerBalancerTask (ContainerBalancerTask.java:lambda$initializeIteration$1(453)) - Datanode localhost-103.22.150.123 ab5e52bd-e036-4a9a-91a6-b9bbe4b2349b is Over-Utilized.
2023-06-21 17:31:34,374 [main] DEBUG balancer.ContainerBalancerTask (ContainerBalancerTask.java:lambda$initializeIteration$1(453)) - Datanode localhost-127.169.30.6 cc72f910-497e-40a6-b9e7-b36dcd88abbb is Over-Utilized.
2023-06-21 17:31:34,374 [main] DEBUG balancer.ContainerBalancerTask (ContainerBalancerTask.java:lambda$initializeIteration$1(453)) - Datanode localhost-140.140.4.18 671c13ec-4a3f-4d48-b5cc-efe57fc01ead is Over-Utilized.
2023-06-21 17:31:34,374 [main] DEBUG balancer.ContainerBalancerTask (ContainerBalancerTask.java:lambda$initializeIteration$2(459)) - Datanode localhost-67.11.35.83 18aedf09-b378-45a6-82ad-b7b32f4ba85c is Under-Utilized.
2023-06-21 17:31:34,375 [main] DEBUG balancer.ContainerBalancerTask (ContainerBalancerTask.java:lambda$initializeIteration$2(459)) - Datanode localhost-152.227.51.204 86e151ef-5367-428c-ba78-bc948d39e3e3 is Under-Utilized.
2023-06-21 17:31:34,375 [main] DEBUG balancer.ContainerBalancerTask (ContainerBalancerTask.java:lambda$initializeIteration$2(459)) - Datanode localhost-102.167.100.204 56bcef96-2a65-48b2-b037-1991ea8ce9bd is Under-Utilized.
2023-06-21 17:31:34,377 [main] DEBUG balancer.ContainerBalancerTask (ContainerBalancerTask.java:matchSourceWithTarget(706)) - ContainerBalancer is finding suitable target for source datanode 95a517a5-7958-4363-895b-2de3c05b493b
2023-06-21 17:31:34,377 [main] INFO  balancer.ContainerBalancerTask (ContainerBalancerTask.java:matchSourceWithTarget(720)) - ContainerBalancer matched source datanode 95a517a5-7958-4363-895b-2de3c05b493b with target datanode 18aedf09-b378-45a6-82ad-b7b32f4ba85c for container move.
2023-06-21 17:31:34,377 [main] INFO  balancer.ContainerBalancerTask (ContainerBalancerTask.java:processMoveSelection(569)) - ContainerBalancer is trying to move container #85 with size 5368709120B from source datanode 95a517a5-7958-4363-895b-2de3c05b493b to target datanode 18aedf09-b378-45a6-82ad-b7b32f4ba85c
2023-06-21 17:31:34,377 [main] DEBUG balancer.ContainerBalancerTask (ContainerBalancerTask.java:lambda$moveContainer$3(834)) - Container move completed for container #85 from source 95a517a5-7958-4363-895b-2de3c05b493b to target 18aedf09-b378-45a6-82ad-b7b32f4ba85c
2023-06-21 17:31:34,377 [main] DEBUG balancer.ContainerBalancerTask (ContainerBalancerTask.java:adaptOnReachingIterationLimits(780)) - Reached max datanodes to involve limit. 2 datanodes have already been selected for balancing and the limit is 2. Only already selected sources and targets can be involved in balancing now.
2023-06-21 17:31:34,379 [main] DEBUG balancer.ContainerBalancerTask (ContainerBalancerTask.java:matchSourceWithTarget(706)) - ContainerBalancer is finding suitable target for source datanode 95a517a5-7958-4363-895b-2de3c05b493b
2023-06-21 17:31:34,379 [main] INFO  balancer.ContainerBalancerTask (ContainerBalancerTask.java:matchSourceWithTarget(720)) - ContainerBalancer matched source datanode 95a517a5-7958-4363-895b-2de3c05b493b with target datanode 18aedf09-b378-45a6-82ad-b7b32f4ba85c for container move.
2023-06-21 17:31:34,379 [main] INFO  balancer.ContainerBalancerTask (ContainerBalancerTask.java:processMoveSelection(569)) - ContainerBalancer is trying to move container #53 with size 5368709120B from source datanode 95a517a5-7958-4363-895b-2de3c05b493b to target datanode 18aedf09-b378-45a6-82ad-b7b32f4ba85c
2023-06-21 17:31:34,380 [main] DEBUG balancer.ContainerBalancerTask (ContainerBalancerTask.java:lambda$moveContainer$3(834)) - Container move completed for container #53 from source 95a517a5-7958-4363-895b-2de3c05b493b to target 18aedf09-b378-45a6-82ad-b7b32f4ba85c
2023-06-21 17:31:34,382 [main] DEBUG balancer.ContainerBalancerTask (ContainerBalancerTask.java:matchSourceWithTarget(706)) - ContainerBalancer is finding suitable target for source datanode 95a517a5-7958-4363-895b-2de3c05b493b
2023-06-21 17:31:34,382 [main] INFO  balancer.ContainerBalancerTask (ContainerBalancerTask.java:matchSourceWithTarget(720)) - ContainerBalancer matched source datanode 95a517a5-7958-4363-895b-2de3c05b493b with target datanode 18aedf09-b378-45a6-82ad-b7b32f4ba85c for container move.
2023-06-21 17:31:34,382 [main] INFO  balancer.ContainerBalancerTask (ContainerBalancerTask.java:processMoveSelection(569)) - ContainerBalancer is trying to move container #29 with size 5368709120B from source datanode 95a517a5-7958-4363-895b-2de3c05b493b to target datanode 18aedf09-b378-45a6-82ad-b7b32f4ba85c
2023-06-21 17:31:34,382 [main] DEBUG balancer.ContainerBalancerTask (ContainerBalancerTask.java:lambda$moveContainer$3(834)) - Container move completed for container #29 from source 95a517a5-7958-4363-895b-2de3c05b493b to target 18aedf09-b378-45a6-82ad-b7b32f4ba85c
2023-06-21 17:31:34,384 [main] DEBUG balancer.ContainerBalancerTask (ContainerBalancerTask.java:matchSourceWithTarget(706)) - ContainerBalancer is finding suitable target for source datanode 95a517a5-7958-4363-895b-2de3c05b493b
2023-06-21 17:31:34,384 [main] INFO  balancer.ContainerBalancerTask (ContainerBalancerTask.java:matchSourceWithTarget(720)) - ContainerBalancer matched source datanode 95a517a5-7958-4363-895b-2de3c05b493b with target datanode 18aedf09-b378-45a6-82ad-b7b32f4ba85c for container move.
2023-06-21 17:31:34,384 [main] INFO  balancer.ContainerBalancerTask (ContainerBalancerTask.java:processMoveSelection(569)) - ContainerBalancer is trying to move container #88 with size 3221225472B from source datanode 95a517a5-7958-4363-895b-2de3c05b493b to target datanode 18aedf09-b378-45a6-82ad-b7b32f4ba85c
2023-06-21 17:31:34,384 [main] DEBUG balancer.ContainerBalancerTask (ContainerBalancerTask.java:lambda$moveContainer$3(834)) - Container move completed for container #88 from source 95a517a5-7958-4363-895b-2de3c05b493b to target 18aedf09-b378-45a6-82ad-b7b32f4ba85c
2023-06-21 17:31:34,386 [main] DEBUG balancer.ContainerBalancerTask (ContainerBalancerTask.java:matchSourceWithTarget(706)) - ContainerBalancer is finding suitable target for source datanode 95a517a5-7958-4363-895b-2de3c05b493b
2023-06-21 17:31:34,387 [main] INFO  balancer.FindTargetGreedyByUsageInfo (AbstractFindTargetGreedy.java:findTargetForContainerMove(133)) - Container Balancer could not find a target for source datanode 95a517a5-7958-4363-895b-2de3c05b493b
2023-06-21 17:31:34,387 [main] DEBUG balancer.ContainerBalancerTask (ContainerBalancerTask.java:matchSourceWithTarget(715)) - ContainerBalancer could not find a suitable target for source node 95a517a5-7958-4363-895b-2de3c05b493b.
2023-06-21 17:31:34,387 [main] INFO  balancer.FindSourceGreedy (FindSourceGreedy.java:getNextCandidateSourceDataNode(126)) - no more candidate source data node
2023-06-21 17:31:34,387 [main] INFO  balancer.ContainerBalancerTask (ContainerBalancerTask.java:checkIterationMoveResults(640)) - Iteration Summary. Number of Datanodes involved: 2. Size moved: 18 GB (19327352832 Bytes). Number of Container moves completed: 4.
2023-06-21 17:31:34,387 [main] INFO  balancer.ContainerBalancerTask (ContainerBalancerTask.java:balance(259)) - Result of this iteration of Container Balancer: ITERATION_COMPLETED
2023-06-21 17:31:34,389 [main] DEBUG balancer.ContainerBalancerTask (ContainerBalancerTask.java:initializeIteration(374)) - Average utilization of the cluster is 0.3589910345151526
2023-06-21 17:31:34,389 [main] DEBUG balancer.ContainerBalancerTask (ContainerBalancerTask.java:initializeIteration(386)) - Lower limit for utilization is 0.2589910345151526 and Upper limit for utilization is 0.45899103451515255
2023-06-21 17:31:34,389 [main] DEBUG balancer.ContainerBalancerTask (ContainerBalancerTask.java:initializeIteration(398)) - Utilization for node 95a517a5-7958-4363-895b-2de3c05b493b with capacity 60845370026B, used 54760833024B, and remaining 6084537002B is 0.900000000009861
2023-06-21 17:31:34,389 [main] DEBUG balancer.ContainerBalancerTask (ContainerBalancerTask.java:initializeIteration(398)) - Utilization for node 4239f605-fcff-4e5c-a29c-86b8d0d38bbf with capacity 64424509440B, used 51539607552B, and remaining 12884901888B is 0.8
2023-06-21 17:31:34,389 [main] DEBUG balancer.ContainerBalancerTask (ContainerBalancerTask.java:initializeIteration(398)) - Utilization for node ab5e52bd-e036-4a9a-91a6-b9bbe4b2349b with capacity 87433262811B, used 61203283968B, and remaining 26229978843B is 0.7000000000034312
2023-06-21 17:31:34,389 [main] DEBUG balancer.ContainerBalancerTask (ContainerBalancerTask.java:initializeIteration(398)) - Utilization for node cc72f910-497e-40a6-b9e7-b36dcd88abbb with capacity 59055800320B, used 35433480192B, and remaining 23622320128B is 0.6
2023-06-21 17:31:34,389 [main] DEBUG balancer.ContainerBalancerTask (ContainerBalancerTask.java:initializeIteration(398)) - Utilization for node 671c13ec-4a3f-4d48-b5cc-efe57fc01ead with capacity 77309411328B, used 38654705664B, and remaining 38654705664B is 0.5
2023-06-21 17:31:34,389 [main] DEBUG balancer.ContainerBalancerTask (ContainerBalancerTask.java:initializeIteration(398)) - Utilization for node 4f23af5c-6af6-495c-a891-459195669a42 with capacity 112742891520B, used 45097156608B, and remaining 67645734912B is 0.4
2023-06-21 17:31:34,390 [main] DEBUG balancer.ContainerBalancerTask (ContainerBalancerTask.java:initializeIteration(398)) - Utilization for node cf71e6fa-610e-4876-8a56-3f064c60ebec with capacity 139586437120B, used 41875931136B, and remaining 97710505984B is 0.3
2023-06-21 17:31:34,390 [main] DEBUG balancer.ContainerBalancerTask (ContainerBalancerTask.java:initializeIteration(398)) - Utilization for node 56bcef96-2a65-48b2-b037-1991ea8ce9bd with capacity 209379655680B, used 41875931136B, and remaining 167503724544B is 0.2
2023-06-21 17:31:34,390 [main] DEBUG balancer.ContainerBalancerTask (ContainerBalancerTask.java:initializeIteration(398)) - Utilization for node 86e151ef-5367-428c-ba78-bc948d39e3e3 with capacity 246960619520B, used 24696061952B, and remaining 222264557568B is 0.1
2023-06-21 17:31:34,390 [main] DEBUG balancer.ContainerBalancerTask (ContainerBalancerTask.java:initializeIteration(398)) - Utilization for node 18aedf09-b378-45a6-82ad-b7b32f4ba85c with capacity 42949672960B, used 0B, and remaining 42949672960B is 0.0
2023-06-21 17:31:34,390 [main] INFO  balancer.ContainerBalancerTask (ContainerBalancerTask.java:initializeIteration(447)) - Container Balancer has identified 5 Over-Utilized and 3 Under-Utilized Datanodes that need to be balanced.
2023-06-21 17:31:34,390 [main] DEBUG balancer.ContainerBalancerTask (ContainerBalancerTask.java:lambda$initializeIteration$1(453)) - Datanode localhost-234.41.20.171 95a517a5-7958-4363-895b-2de3c05b493b is Over-Utilized.
2023-06-21 17:31:34,390 [main] DEBUG balancer.ContainerBalancerTask (ContainerBalancerTask.java:lambda$initializeIteration$1(453)) - Datanode localhost-199.158.55.175 4239f605-fcff-4e5c-a29c-86b8d0d38bbf is Over-Utilized.
2023-06-21 17:31:34,390 [main] DEBUG balancer.ContainerBalancerTask (ContainerBalancerTask.java:lambda$initializeIteration$1(453)) - Datanode localhost-103.22.150.123 ab5e52bd-e036-4a9a-91a6-b9bbe4b2349b is Over-Utilized.
2023-06-21 17:31:34,390 [main] DEBUG balancer.ContainerBalancerTask (ContainerBalancerTask.java:lambda$initializeIteration$1(453)) - Datanode localhost-127.169.30.6 cc72f910-497e-40a6-b9e7-b36dcd88abbb is Over-Utilized.
2023-06-21 17:31:34,391 [main] DEBUG balancer.ContainerBalancerTask (ContainerBalancerTask.java:lambda$initializeIteration$1(453)) - Datanode localhost-140.140.4.18 671c13ec-4a3f-4d48-b5cc-efe57fc01ead is Over-Utilized.
2023-06-21 17:31:34,391 [main] DEBUG balancer.ContainerBalancerTask (ContainerBalancerTask.java:lambda$initializeIteration$2(459)) - Datanode localhost-67.11.35.83 18aedf09-b378-45a6-82ad-b7b32f4ba85c is Under-Utilized.
2023-06-21 17:31:34,391 [main] DEBUG balancer.ContainerBalancerTask (ContainerBalancerTask.java:lambda$initializeIteration$2(459)) - Datanode localhost-152.227.51.204 86e151ef-5367-428c-ba78-bc948d39e3e3 is Under-Utilized.
2023-06-21 17:31:34,391 [main] DEBUG balancer.ContainerBalancerTask (ContainerBalancerTask.java:lambda$initializeIteration$2(459)) - Datanode localhost-102.167.100.204 56bcef96-2a65-48b2-b037-1991ea8ce9bd is Under-Utilized.
2023-06-21 17:31:34,393 [main] DEBUG balancer.ContainerBalancerTask (ContainerBalancerTask.java:matchSourceWithTarget(706)) - ContainerBalancer is finding suitable target for source datanode 95a517a5-7958-4363-895b-2de3c05b493b
2023-06-21 17:31:34,393 [main] INFO  balancer.ContainerBalancerTask (ContainerBalancerTask.java:matchSourceWithTarget(720)) - ContainerBalancer matched source datanode 95a517a5-7958-4363-895b-2de3c05b493b with target datanode 18aedf09-b378-45a6-82ad-b7b32f4ba85c for container move.
2023-06-21 17:31:34,394 [main] INFO  balancer.ContainerBalancerTask (ContainerBalancerTask.java:processMoveSelection(569)) - ContainerBalancer is trying to move container #85 with size 5368709120B from source datanode 95a517a5-7958-4363-895b-2de3c05b493b to target datanode 18aedf09-b378-45a6-82ad-b7b32f4ba85c
2023-06-21 17:31:34,394 [main] DEBUG balancer.ContainerBalancerTask (ContainerBalancerTask.java:lambda$moveContainer$3(834)) - Container move completed for container #85 from source 95a517a5-7958-4363-895b-2de3c05b493b to target 18aedf09-b378-45a6-82ad-b7b32f4ba85c
2023-06-21 17:31:34,395 [main] DEBUG balancer.ContainerBalancerTask (ContainerBalancerTask.java:adaptOnReachingIterationLimits(780)) - Reached max datanodes to involve limit. 2 datanodes have already been selected for balancing and the limit is 2. Only already selected sources and targets can be involved in balancing now.
2023-06-21 17:31:34,397 [main] DEBUG balancer.ContainerBalancerTask (ContainerBalancerTask.java:matchSourceWithTarget(706)) - ContainerBalancer is finding suitable target for source datanode 95a517a5-7958-4363-895b-2de3c05b493b
2023-06-21 17:31:34,397 [main] INFO  balancer.ContainerBalancerTask (ContainerBalancerTask.java:matchSourceWithTarget(720)) - ContainerBalancer matched source datanode 95a517a5-7958-4363-895b-2de3c05b493b with target datanode 18aedf09-b378-45a6-82ad-b7b32f4ba85c for container move.
2023-06-21 17:31:34,397 [main] INFO  balancer.ContainerBalancerTask (ContainerBalancerTask.java:processMoveSelection(569)) - ContainerBalancer is trying to move container #53 with size 5368709120B from source datanode 95a517a5-7958-4363-895b-2de3c05b493b to target datanode 18aedf09-b378-45a6-82ad-b7b32f4ba85c
2023-06-21 17:31:34,397 [main] DEBUG balancer.ContainerBalancerTask (ContainerBalancerTask.java:lambda$moveContainer$3(834)) - Container move completed for container #53 from source 95a517a5-7958-4363-895b-2de3c05b493b to target 18aedf09-b378-45a6-82ad-b7b32f4ba85c
2023-06-21 17:31:34,399 [main] DEBUG balancer.ContainerBalancerTask (ContainerBalancerTask.java:matchSourceWithTarget(706)) - ContainerBalancer is finding suitable target for source datanode 95a517a5-7958-4363-895b-2de3c05b493b
2023-06-21 17:31:34,399 [main] INFO  balancer.ContainerBalancerTask (ContainerBalancerTask.java:matchSourceWithTarget(720)) - ContainerBalancer matched source datanode 95a517a5-7958-4363-895b-2de3c05b493b with target datanode 18aedf09-b378-45a6-82ad-b7b32f4ba85c for container move.
2023-06-21 17:31:34,401 [main] INFO  balancer.ContainerBalancerTask (ContainerBalancerTask.java:processMoveSelection(569)) - ContainerBalancer is trying to move container #29 with size 5368709120B from source datanode 95a517a5-7958-4363-895b-2de3c05b493b to target datanode 18aedf09-b378-45a6-82ad-b7b32f4ba85c
2023-06-21 17:31:34,401 [main] DEBUG balancer.ContainerBalancerTask (ContainerBalancerTask.java:lambda$moveContainer$3(834)) - Container move completed for container #29 from source 95a517a5-7958-4363-895b-2de3c05b493b to target 18aedf09-b378-45a6-82ad-b7b32f4ba85c
2023-06-21 17:31:34,403 [main] DEBUG balancer.ContainerBalancerTask (ContainerBalancerTask.java:matchSourceWithTarget(706)) - ContainerBalancer is finding suitable target for source datanode 95a517a5-7958-4363-895b-2de3c05b493b
2023-06-21 17:31:34,404 [main] INFO  balancer.ContainerBalancerTask (ContainerBalancerTask.java:matchSourceWithTarget(720)) - ContainerBalancer matched source datanode 95a517a5-7958-4363-895b-2de3c05b493b with target datanode 18aedf09-b378-45a6-82ad-b7b32f4ba85c for container move.
2023-06-21 17:31:34,404 [main] INFO  balancer.ContainerBalancerTask (ContainerBalancerTask.java:processMoveSelection(569)) - ContainerBalancer is trying to move container #88 with size 3221225472B from source datanode 95a517a5-7958-4363-895b-2de3c05b493b to target datanode 18aedf09-b378-45a6-82ad-b7b32f4ba85c
2023-06-21 17:31:34,404 [main] DEBUG balancer.ContainerBalancerTask (ContainerBalancerTask.java:lambda$moveContainer$3(834)) - Container move completed for container #88 from source 95a517a5-7958-4363-895b-2de3c05b493b to target 18aedf09-b378-45a6-82ad-b7b32f4ba85c
2023-06-21 17:31:34,406 [main] DEBUG balancer.ContainerBalancerTask (ContainerBalancerTask.java:matchSourceWithTarget(706)) - ContainerBalancer is finding suitable target for source datanode 95a517a5-7958-4363-895b-2de3c05b493b
2023-06-21 17:31:34,406 [main] INFO  balancer.FindTargetGreedyByUsageInfo (AbstractFindTargetGreedy.java:findTargetForContainerMove(133)) - Container Balancer could not find a target for source datanode 95a517a5-7958-4363-895b-2de3c05b493b
2023-06-21 17:31:34,407 [main] DEBUG balancer.ContainerBalancerTask (ContainerBalancerTask.java:matchSourceWithTarget(715)) - ContainerBalancer could not find a suitable target for source node 95a517a5-7958-4363-895b-2de3c05b493b.
2023-06-21 17:31:34,407 [main] INFO  balancer.FindSourceGreedy (FindSourceGreedy.java:getNextCandidateSourceDataNode(126)) - no more candidate source data node
2023-06-21 17:31:34,407 [main] INFO  balancer.ContainerBalancerTask (ContainerBalancerTask.java:checkIterationMoveResults(640)) - Iteration Summary. Number of Datanodes involved: 2. Size moved: 18 GB (19327352832 Bytes). Number of Container moves completed: 4.
2023-06-21 17:31:34,407 [main] INFO  balancer.ContainerBalancerTask (ContainerBalancerTask.java:balance(259)) - Result of this iteration of Container Balancer: ITERATION_COMPLETED
2023-06-21 17:31:34,408 [main] DEBUG balancer.ContainerBalancerTask (ContainerBalancerTask.java:initializeIteration(374)) - Average utilization of the cluster is 0.3589910345151526
2023-06-21 17:31:34,408 [main] DEBUG balancer.ContainerBalancerTask (ContainerBalancerTask.java:initializeIteration(386)) - Lower limit for utilization is 0.2589910345151526 and Upper limit for utilization is 0.45899103451515255
2023-06-21 17:31:34,408 [main] DEBUG balancer.ContainerBalancerTask (ContainerBalancerTask.java:initializeIteration(398)) - Utilization for node 95a517a5-7958-4363-895b-2de3c05b493b with capacity 60845370026B, used 54760833024B, and remaining 6084537002B is 0.900000000009861
2023-06-21 17:31:34,409 [main] DEBUG balancer.ContainerBalancerTask (ContainerBalancerTask.java:initializeIteration(398)) - Utilization for node 4239f605-fcff-4e5c-a29c-86b8d0d38bbf with capacity 64424509440B, used 51539607552B, and remaining 12884901888B is 0.8
2023-06-21 17:31:34,409 [main] DEBUG balancer.ContainerBalancerTask (ContainerBalancerTask.java:initializeIteration(398)) - Utilization for node ab5e52bd-e036-4a9a-91a6-b9bbe4b2349b with capacity 87433262811B, used 61203283968B, and remaining 26229978843B is 0.7000000000034312
2023-06-21 17:31:34,409 [main] DEBUG balancer.ContainerBalancerTask (ContainerBalancerTask.java:initializeIteration(398)) - Utilization for node cc72f910-497e-40a6-b9e7-b36dcd88abbb with capacity 59055800320B, used 35433480192B, and remaining 23622320128B is 0.6
2023-06-21 17:31:34,409 [main] DEBUG balancer.ContainerBalancerTask (ContainerBalancerTask.java:initializeIteration(398)) - Utilization for node 671c13ec-4a3f-4d48-b5cc-efe57fc01ead with capacity 77309411328B, used 38654705664B, and remaining 38654705664B is 0.5
2023-06-21 17:31:34,409 [main] DEBUG balancer.ContainerBalancerTask (ContainerBalancerTask.java:initializeIteration(398)) - Utilization for node 4f23af5c-6af6-495c-a891-459195669a42 with capacity 112742891520B, used 45097156608B, and remaining 67645734912B is 0.4
2023-06-21 17:31:34,409 [main] DEBUG balancer.ContainerBalancerTask (ContainerBalancerTask.java:initializeIteration(398)) - Utilization for node cf71e6fa-610e-4876-8a56-3f064c60ebec with capacity 139586437120B, used 41875931136B, and remaining 97710505984B is 0.3
2023-06-21 17:31:34,409 [main] DEBUG balancer.ContainerBalancerTask (ContainerBalancerTask.java:initializeIteration(398)) - Utilization for node 56bcef96-2a65-48b2-b037-1991ea8ce9bd with capacity 209379655680B, used 41875931136B, and remaining 167503724544B is 0.2
2023-06-21 17:31:34,409 [main] DEBUG balancer.ContainerBalancerTask (ContainerBalancerTask.java:initializeIteration(398)) - Utilization for node 86e151ef-5367-428c-ba78-bc948d39e3e3 with capacity 246960619520B, used 24696061952B, and remaining 222264557568B is 0.1
2023-06-21 17:31:34,409 [main] DEBUG balancer.ContainerBalancerTask (ContainerBalancerTask.java:initializeIteration(398)) - Utilization for node 18aedf09-b378-45a6-82ad-b7b32f4ba85c with capacity 42949672960B, used 0B, and remaining 42949672960B is 0.0
2023-06-21 17:31:34,409 [main] INFO  balancer.ContainerBalancerTask (ContainerBalancerTask.java:initializeIteration(447)) - Container Balancer has identified 5 Over-Utilized and 3 Under-Utilized Datanodes that need to be balanced.
2023-06-21 17:31:34,409 [main] DEBUG balancer.ContainerBalancerTask (ContainerBalancerTask.java:lambda$initializeIteration$1(453)) - Datanode localhost-234.41.20.171 95a517a5-7958-4363-895b-2de3c05b493b is Over-Utilized.
2023-06-21 17:31:34,409 [main] DEBUG balancer.ContainerBalancerTask (ContainerBalancerTask.java:lambda$initializeIteration$1(453)) - Datanode localhost-199.158.55.175 4239f605-fcff-4e5c-a29c-86b8d0d38bbf is Over-Utilized.
2023-06-21 17:31:34,410 [main] DEBUG balancer.ContainerBalancerTask (ContainerBalancerTask.java:lambda$initializeIteration$1(453)) - Datanode localhost-103.22.150.123 ab5e52bd-e036-4a9a-91a6-b9bbe4b2349b is Over-Utilized.
2023-06-21 17:31:34,410 [main] DEBUG balancer.ContainerBalancerTask (ContainerBalancerTask.java:lambda$initializeIteration$1(453)) - Datanode localhost-127.169.30.6 cc72f910-497e-40a6-b9e7-b36dcd88abbb is Over-Utilized.
2023-06-21 17:31:34,410 [main] DEBUG balancer.ContainerBalancerTask (ContainerBalancerTask.java:lambda$initializeIteration$1(453)) - Datanode localhost-140.140.4.18 671c13ec-4a3f-4d48-b5cc-efe57fc01ead is Over-Utilized.
2023-06-21 17:31:34,410 [main] DEBUG balancer.ContainerBalancerTask (ContainerBalancerTask.java:lambda$initializeIteration$2(459)) - Datanode localhost-67.11.35.83 18aedf09-b378-45a6-82ad-b7b32f4ba85c is Under-Utilized.
2023-06-21 17:31:34,410 [main] DEBUG balancer.ContainerBalancerTask (ContainerBalancerTask.java:lambda$initializeIteration$2(459)) - Datanode localhost-152.227.51.204 86e151ef-5367-428c-ba78-bc948d39e3e3 is Under-Utilized.
2023-06-21 17:31:34,410 [main] DEBUG balancer.ContainerBalancerTask (ContainerBalancerTask.java:lambda$initializeIteration$2(459)) - Datanode localhost-102.167.100.204 56bcef96-2a65-48b2-b037-1991ea8ce9bd is Under-Utilized.
2023-06-21 17:31:34,412 [main] DEBUG balancer.ContainerBalancerTask (ContainerBalancerTask.java:matchSourceWithTarget(706)) - ContainerBalancer is finding suitable target for source datanode 95a517a5-7958-4363-895b-2de3c05b493b
2023-06-21 17:31:34,412 [main] INFO  balancer.ContainerBalancerTask (ContainerBalancerTask.java:matchSourceWithTarget(720)) - ContainerBalancer matched source datanode 95a517a5-7958-4363-895b-2de3c05b493b with target datanode 18aedf09-b378-45a6-82ad-b7b32f4ba85c for container move.
2023-06-21 17:31:34,412 [main] INFO  balancer.ContainerBalancerTask (ContainerBalancerTask.java:processMoveSelection(569)) - ContainerBalancer is trying to move container #85 with size 5368709120B from source datanode 95a517a5-7958-4363-895b-2de3c05b493b to target datanode 18aedf09-b378-45a6-82ad-b7b32f4ba85c
2023-06-21 17:31:34,412 [main] DEBUG balancer.ContainerBalancerTask (ContainerBalancerTask.java:lambda$moveContainer$3(834)) - Container move completed for container #85 from source 95a517a5-7958-4363-895b-2de3c05b493b to target 18aedf09-b378-45a6-82ad-b7b32f4ba85c
2023-06-21 17:31:34,412 [main] DEBUG balancer.ContainerBalancerTask (ContainerBalancerTask.java:adaptOnReachingIterationLimits(780)) - Reached max datanodes to involve limit. 2 datanodes have already been selected for balancing and the limit is 2. Only already selected sources and targets can be involved in balancing now.
2023-06-21 17:31:34,414 [main] DEBUG balancer.ContainerBalancerTask (ContainerBalancerTask.java:matchSourceWithTarget(706)) - ContainerBalancer is finding suitable target for source datanode 95a517a5-7958-4363-895b-2de3c05b493b
2023-06-21 17:31:34,415 [main] INFO  balancer.ContainerBalancerTask (ContainerBalancerTask.java:matchSourceWithTarget(720)) - ContainerBalancer matched source datanode 95a517a5-7958-4363-895b-2de3c05b493b with target datanode 18aedf09-b378-45a6-82ad-b7b32f4ba85c for container move.
2023-06-21 17:31:34,415 [main] INFO  balancer.ContainerBalancerTask (ContainerBalancerTask.java:processMoveSelection(569)) - ContainerBalancer is trying to move container #53 with size 5368709120B from source datanode 95a517a5-7958-4363-895b-2de3c05b493b to target datanode 18aedf09-b378-45a6-82ad-b7b32f4ba85c
2023-06-21 17:31:34,415 [main] DEBUG balancer.ContainerBalancerTask (ContainerBalancerTask.java:lambda$moveContainer$3(834)) - Container move completed for container #53 from source 95a517a5-7958-4363-895b-2de3c05b493b to target 18aedf09-b378-45a6-82ad-b7b32f4ba85c
2023-06-21 17:31:34,417 [main] DEBUG balancer.ContainerBalancerTask (ContainerBalancerTask.java:matchSourceWithTarget(706)) - ContainerBalancer is finding suitable target for source datanode 95a517a5-7958-4363-895b-2de3c05b493b
2023-06-21 17:31:34,417 [main] INFO  balancer.ContainerBalancerTask (ContainerBalancerTask.java:matchSourceWithTarget(720)) - ContainerBalancer matched source datanode 95a517a5-7958-4363-895b-2de3c05b493b with target datanode 18aedf09-b378-45a6-82ad-b7b32f4ba85c for container move.
2023-06-21 17:31:34,417 [main] INFO  balancer.ContainerBalancerTask (ContainerBalancerTask.java:processMoveSelection(569)) - ContainerBalancer is trying to move container #29 with size 5368709120B from source datanode 95a517a5-7958-4363-895b-2de3c05b493b to target datanode 18aedf09-b378-45a6-82ad-b7b32f4ba85c
2023-06-21 17:31:34,417 [main] DEBUG balancer.ContainerBalancerTask (ContainerBalancerTask.java:lambda$moveContainer$3(834)) - Container move completed for container #29 from source 95a517a5-7958-4363-895b-2de3c05b493b to target 18aedf09-b378-45a6-82ad-b7b32f4ba85c
2023-06-21 17:31:34,419 [main] DEBUG balancer.ContainerBalancerTask (ContainerBalancerTask.java:matchSourceWithTarget(706)) - ContainerBalancer is finding suitable target for source datanode 95a517a5-7958-4363-895b-2de3c05b493b
2023-06-21 17:31:34,420 [main] INFO  balancer.ContainerBalancerTask (ContainerBalancerTask.java:matchSourceWithTarget(720)) - ContainerBalancer matched source datanode 95a517a5-7958-4363-895b-2de3c05b493b with target datanode 18aedf09-b378-45a6-82ad-b7b32f4ba85c for container move.
2023-06-21 17:31:34,420 [main] INFO  balancer.ContainerBalancerTask (ContainerBalancerTask.java:processMoveSelection(569)) - ContainerBalancer is trying to move container #88 with size 3221225472B from source datanode 95a517a5-7958-4363-895b-2de3c05b493b to target datanode 18aedf09-b378-45a6-82ad-b7b32f4ba85c
2023-06-21 17:31:34,420 [main] DEBUG balancer.ContainerBalancerTask (ContainerBalancerTask.java:lambda$moveContainer$3(834)) - Container move completed for container #88 from source 95a517a5-7958-4363-895b-2de3c05b493b to target 18aedf09-b378-45a6-82ad-b7b32f4ba85c
2023-06-21 17:31:34,422 [main] DEBUG balancer.ContainerBalancerTask (ContainerBalancerTask.java:matchSourceWithTarget(706)) - ContainerBalancer is finding suitable target for source datanode 95a517a5-7958-4363-895b-2de3c05b493b
2023-06-21 17:31:34,422 [main] INFO  balancer.FindTargetGreedyByUsageInfo (AbstractFindTargetGreedy.java:findTargetForContainerMove(133)) - Container Balancer could not find a target for source datanode 95a517a5-7958-4363-895b-2de3c05b493b
2023-06-21 17:31:34,422 [main] DEBUG balancer.ContainerBalancerTask (ContainerBalancerTask.java:matchSourceWithTarget(715)) - ContainerBalancer could not find a suitable target for source node 95a517a5-7958-4363-895b-2de3c05b493b.
2023-06-21 17:31:34,422 [main] INFO  balancer.FindSourceGreedy (FindSourceGreedy.java:getNextCandidateSourceDataNode(126)) - no more candidate source data node
2023-06-21 17:31:34,423 [main] INFO  balancer.ContainerBalancerTask (ContainerBalancerTask.java:checkIterationMoveResults(640)) - Iteration Summary. Number of Datanodes involved: 2. Size moved: 18 GB (19327352832 Bytes). Number of Container moves completed: 4.
2023-06-21 17:31:34,423 [main] INFO  balancer.ContainerBalancerTask (ContainerBalancerTask.java:balance(259)) - Result of this iteration of Container Balancer: ITERATION_COMPLETED
2023-06-21 17:31:34,424 [main] DEBUG balancer.ContainerBalancerTask (ContainerBalancerTask.java:initializeIteration(374)) - Average utilization of the cluster is 0.3589910345151526
2023-06-21 17:31:34,424 [main] DEBUG balancer.ContainerBalancerTask (ContainerBalancerTask.java:initializeIteration(386)) - Lower limit for utilization is 0.2589910345151526 and Upper limit for utilization is 0.45899103451515255
2023-06-21 17:31:34,424 [main] DEBUG balancer.ContainerBalancerTask (ContainerBalancerTask.java:initializeIteration(398)) - Utilization for node 95a517a5-7958-4363-895b-2de3c05b493b with capacity 60845370026B, used 54760833024B, and remaining 6084537002B is 0.900000000009861
2023-06-21 17:31:34,424 [main] DEBUG balancer.ContainerBalancerTask (ContainerBalancerTask.java:initializeIteration(398)) - Utilization for node 4239f605-fcff-4e5c-a29c-86b8d0d38bbf with capacity 64424509440B, used 51539607552B, and remaining 12884901888B is 0.8
2023-06-21 17:31:34,424 [main] DEBUG balancer.ContainerBalancerTask (ContainerBalancerTask.java:initializeIteration(398)) - Utilization for node ab5e52bd-e036-4a9a-91a6-b9bbe4b2349b with capacity 87433262811B, used 61203283968B, and remaining 26229978843B is 0.7000000000034312
2023-06-21 17:31:34,425 [main] DEBUG balancer.ContainerBalancerTask (ContainerBalancerTask.java:initializeIteration(398)) - Utilization for node cc72f910-497e-40a6-b9e7-b36dcd88abbb with capacity 59055800320B, used 35433480192B, and remaining 23622320128B is 0.6
2023-06-21 17:31:34,425 [main] DEBUG balancer.ContainerBalancerTask (ContainerBalancerTask.java:initializeIteration(398)) - Utilization for node 671c13ec-4a3f-4d48-b5cc-efe57fc01ead with capacity 77309411328B, used 38654705664B, and remaining 38654705664B is 0.5
2023-06-21 17:31:34,425 [main] DEBUG balancer.ContainerBalancerTask (ContainerBalancerTask.java:initializeIteration(398)) - Utilization for node 4f23af5c-6af6-495c-a891-459195669a42 with capacity 112742891520B, used 45097156608B, and remaining 67645734912B is 0.4
2023-06-21 17:31:34,425 [main] DEBUG balancer.ContainerBalancerTask (ContainerBalancerTask.java:initializeIteration(398)) - Utilization for node cf71e6fa-610e-4876-8a56-3f064c60ebec with capacity 139586437120B, used 41875931136B, and remaining 97710505984B is 0.3
2023-06-21 17:31:34,425 [main] DEBUG balancer.ContainerBalancerTask (ContainerBalancerTask.java:initializeIteration(398)) - Utilization for node 56bcef96-2a65-48b2-b037-1991ea8ce9bd with capacity 209379655680B, used 41875931136B, and remaining 167503724544B is 0.2
2023-06-21 17:31:34,425 [main] DEBUG balancer.ContainerBalancerTask (ContainerBalancerTask.java:initializeIteration(398)) - Utilization for node 86e151ef-5367-428c-ba78-bc948d39e3e3 with capacity 246960619520B, used 24696061952B, and remaining 222264557568B is 0.1
2023-06-21 17:31:34,425 [main] DEBUG balancer.ContainerBalancerTask (ContainerBalancerTask.java:initializeIteration(398)) - Utilization for node 18aedf09-b378-45a6-82ad-b7b32f4ba85c with capacity 42949672960B, used 0B, and remaining 42949672960B is 0.0
2023-06-21 17:31:34,425 [main] INFO  balancer.ContainerBalancerTask (ContainerBalancerTask.java:initializeIteration(447)) - Container Balancer has identified 5 Over-Utilized and 3 Under-Utilized Datanodes that need to be balanced.
2023-06-21 17:31:34,425 [main] DEBUG balancer.ContainerBalancerTask (ContainerBalancerTask.java:lambda$initializeIteration$1(453)) - Datanode localhost-234.41.20.171 95a517a5-7958-4363-895b-2de3c05b493b is Over-Utilized.
2023-06-21 17:31:34,425 [main] DEBUG balancer.ContainerBalancerTask (ContainerBalancerTask.java:lambda$initializeIteration$1(453)) - Datanode localhost-199.158.55.175 4239f605-fcff-4e5c-a29c-86b8d0d38bbf is Over-Utilized.
2023-06-21 17:31:34,425 [main] DEBUG balancer.ContainerBalancerTask (ContainerBalancerTask.java:lambda$initializeIteration$1(453)) - Datanode localhost-103.22.150.123 ab5e52bd-e036-4a9a-91a6-b9bbe4b2349b is Over-Utilized.
2023-06-21 17:31:34,425 [main] DEBUG balancer.ContainerBalancerTask (ContainerBalancerTask.java:lambda$initializeIteration$1(453)) - Datanode localhost-127.169.30.6 cc72f910-497e-40a6-b9e7-b36dcd88abbb is Over-Utilized.
2023-06-21 17:31:34,425 [main] DEBUG balancer.ContainerBalancerTask (ContainerBalancerTask.java:lambda$initializeIteration$1(453)) - Datanode localhost-140.140.4.18 671c13ec-4a3f-4d48-b5cc-efe57fc01ead is Over-Utilized.
2023-06-21 17:31:34,426 [main] DEBUG balancer.ContainerBalancerTask (ContainerBalancerTask.java:lambda$initializeIteration$2(459)) - Datanode localhost-67.11.35.83 18aedf09-b378-45a6-82ad-b7b32f4ba85c is Under-Utilized.
2023-06-21 17:31:34,426 [main] DEBUG balancer.ContainerBalancerTask (ContainerBalancerTask.java:lambda$initializeIteration$2(459)) - Datanode localhost-152.227.51.204 86e151ef-5367-428c-ba78-bc948d39e3e3 is Under-Utilized.
2023-06-21 17:31:34,426 [main] DEBUG balancer.ContainerBalancerTask (ContainerBalancerTask.java:lambda$initializeIteration$2(459)) - Datanode localhost-102.167.100.204 56bcef96-2a65-48b2-b037-1991ea8ce9bd is Under-Utilized.
2023-06-21 17:31:34,428 [main] DEBUG balancer.ContainerBalancerTask (ContainerBalancerTask.java:matchSourceWithTarget(706)) - ContainerBalancer is finding suitable target for source datanode 95a517a5-7958-4363-895b-2de3c05b493b
2023-06-21 17:31:34,428 [main] INFO  balancer.ContainerBalancerTask (ContainerBalancerTask.java:matchSourceWithTarget(720)) - ContainerBalancer matched source datanode 95a517a5-7958-4363-895b-2de3c05b493b with target datanode 18aedf09-b378-45a6-82ad-b7b32f4ba85c for container move.
2023-06-21 17:31:34,428 [main] INFO  balancer.ContainerBalancerTask (ContainerBalancerTask.java:processMoveSelection(569)) - ContainerBalancer is trying to move container #85 with size 5368709120B from source datanode 95a517a5-7958-4363-895b-2de3c05b493b to target datanode 18aedf09-b378-45a6-82ad-b7b32f4ba85c
2023-06-21 17:31:34,428 [main] DEBUG balancer.ContainerBalancerTask (ContainerBalancerTask.java:lambda$moveContainer$3(834)) - Container move completed for container #85 from source 95a517a5-7958-4363-895b-2de3c05b493b to target 18aedf09-b378-45a6-82ad-b7b32f4ba85c
2023-06-21 17:31:34,428 [main] DEBUG balancer.ContainerBalancerTask (ContainerBalancerTask.java:adaptOnReachingIterationLimits(780)) - Reached max datanodes to involve limit. 2 datanodes have already been selected for balancing and the limit is 2. Only already selected sources and targets can be involved in balancing now.
2023-06-21 17:31:34,430 [main] DEBUG balancer.ContainerBalancerTask (ContainerBalancerTask.java:matchSourceWithTarget(706)) - ContainerBalancer is finding suitable target for source datanode 95a517a5-7958-4363-895b-2de3c05b493b
2023-06-21 17:31:34,430 [main] INFO  balancer.ContainerBalancerTask (ContainerBalancerTask.java:matchSourceWithTarget(720)) - ContainerBalancer matched source datanode 95a517a5-7958-4363-895b-2de3c05b493b with target datanode 18aedf09-b378-45a6-82ad-b7b32f4ba85c for container move.
2023-06-21 17:31:34,431 [main] INFO  balancer.ContainerBalancerTask (ContainerBalancerTask.java:processMoveSelection(569)) - ContainerBalancer is trying to move container #53 with size 5368709120B from source datanode 95a517a5-7958-4363-895b-2de3c05b493b to target datanode 18aedf09-b378-45a6-82ad-b7b32f4ba85c
2023-06-21 17:31:34,431 [main] DEBUG balancer.ContainerBalancerTask (ContainerBalancerTask.java:lambda$moveContainer$3(834)) - Container move completed for container #53 from source 95a517a5-7958-4363-895b-2de3c05b493b to target 18aedf09-b378-45a6-82ad-b7b32f4ba85c
2023-06-21 17:31:34,433 [main] DEBUG balancer.ContainerBalancerTask (ContainerBalancerTask.java:matchSourceWithTarget(706)) - ContainerBalancer is finding suitable target for source datanode 95a517a5-7958-4363-895b-2de3c05b493b
2023-06-21 17:31:34,433 [main] INFO  balancer.ContainerBalancerTask (ContainerBalancerTask.java:matchSourceWithTarget(720)) - ContainerBalancer matched source datanode 95a517a5-7958-4363-895b-2de3c05b493b with target datanode 18aedf09-b378-45a6-82ad-b7b32f4ba85c for container move.
2023-06-21 17:31:34,433 [main] INFO  balancer.ContainerBalancerTask (ContainerBalancerTask.java:processMoveSelection(569)) - ContainerBalancer is trying to move container #29 with size 5368709120B from source datanode 95a517a5-7958-4363-895b-2de3c05b493b to target datanode 18aedf09-b378-45a6-82ad-b7b32f4ba85c
2023-06-21 17:31:34,433 [main] DEBUG balancer.ContainerBalancerTask (ContainerBalancerTask.java:lambda$moveContainer$3(834)) - Container move completed for container #29 from source 95a517a5-7958-4363-895b-2de3c05b493b to target 18aedf09-b378-45a6-82ad-b7b32f4ba85c
2023-06-21 17:31:34,435 [main] DEBUG balancer.ContainerBalancerTask (ContainerBalancerTask.java:matchSourceWithTarget(706)) - ContainerBalancer is finding suitable target for source datanode 95a517a5-7958-4363-895b-2de3c05b493b
2023-06-21 17:31:34,435 [main] INFO  balancer.ContainerBalancerTask (ContainerBalancerTask.java:matchSourceWithTarget(720)) - ContainerBalancer matched source datanode 95a517a5-7958-4363-895b-2de3c05b493b with target datanode 18aedf09-b378-45a6-82ad-b7b32f4ba85c for container move.
2023-06-21 17:31:34,435 [main] INFO  balancer.ContainerBalancerTask (ContainerBalancerTask.java:processMoveSelection(569)) - ContainerBalancer is trying to move container #88 with size 3221225472B from source datanode 95a517a5-7958-4363-895b-2de3c05b493b to target datanode 18aedf09-b378-45a6-82ad-b7b32f4ba85c
2023-06-21 17:31:34,436 [main] DEBUG balancer.ContainerBalancerTask (ContainerBalancerTask.java:lambda$moveContainer$3(834)) - Container move completed for container #88 from source 95a517a5-7958-4363-895b-2de3c05b493b to target 18aedf09-b378-45a6-82ad-b7b32f4ba85c
2023-06-21 17:31:34,438 [main] DEBUG balancer.ContainerBalancerTask (ContainerBalancerTask.java:matchSourceWithTarget(706)) - ContainerBalancer is finding suitable target for source datanode 95a517a5-7958-4363-895b-2de3c05b493b
2023-06-21 17:31:34,438 [main] INFO  balancer.FindTargetGreedyByUsageInfo (AbstractFindTargetGreedy.java:findTargetForContainerMove(133)) - Container Balancer could not find a target for source datanode 95a517a5-7958-4363-895b-2de3c05b493b
2023-06-21 17:31:34,438 [main] DEBUG balancer.ContainerBalancerTask (ContainerBalancerTask.java:matchSourceWithTarget(715)) - ContainerBalancer could not find a suitable target for source node 95a517a5-7958-4363-895b-2de3c05b493b.
2023-06-21 17:31:34,438 [main] INFO  balancer.FindSourceGreedy (FindSourceGreedy.java:getNextCandidateSourceDataNode(126)) - no more candidate source data node
2023-06-21 17:31:34,438 [main] INFO  balancer.ContainerBalancerTask (ContainerBalancerTask.java:checkIterationMoveResults(640)) - Iteration Summary. Number of Datanodes involved: 2. Size moved: 18 GB (19327352832 Bytes). Number of Container moves completed: 4.
2023-06-21 17:31:34,439 [main] INFO  balancer.ContainerBalancerTask (ContainerBalancerTask.java:balance(259)) - Result of this iteration of Container Balancer: ITERATION_COMPLETED
2023-06-21 17:31:34,440 [main] DEBUG balancer.ContainerBalancerTask (ContainerBalancerTask.java:initializeIteration(374)) - Average utilization of the cluster is 0.3589910345151526
2023-06-21 17:31:34,440 [main] DEBUG balancer.ContainerBalancerTask (ContainerBalancerTask.java:initializeIteration(386)) - Lower limit for utilization is 0.2589910345151526 and Upper limit for utilization is 0.45899103451515255
2023-06-21 17:31:34,440 [main] DEBUG balancer.ContainerBalancerTask (ContainerBalancerTask.java:initializeIteration(398)) - Utilization for node 95a517a5-7958-4363-895b-2de3c05b493b with capacity 60845370026B, used 54760833024B, and remaining 6084537002B is 0.900000000009861
2023-06-21 17:31:34,440 [main] DEBUG balancer.ContainerBalancerTask (ContainerBalancerTask.java:initializeIteration(398)) - Utilization for node 4239f605-fcff-4e5c-a29c-86b8d0d38bbf with capacity 64424509440B, used 51539607552B, and remaining 12884901888B is 0.8
2023-06-21 17:31:34,440 [main] DEBUG balancer.ContainerBalancerTask (ContainerBalancerTask.java:initializeIteration(398)) - Utilization for node ab5e52bd-e036-4a9a-91a6-b9bbe4b2349b with capacity 87433262811B, used 61203283968B, and remaining 26229978843B is 0.7000000000034312
2023-06-21 17:31:34,440 [main] DEBUG balancer.ContainerBalancerTask (ContainerBalancerTask.java:initializeIteration(398)) - Utilization for node cc72f910-497e-40a6-b9e7-b36dcd88abbb with capacity 59055800320B, used 35433480192B, and remaining 23622320128B is 0.6
2023-06-21 17:31:34,440 [main] DEBUG balancer.ContainerBalancerTask (ContainerBalancerTask.java:initializeIteration(398)) - Utilization for node 671c13ec-4a3f-4d48-b5cc-efe57fc01ead with capacity 77309411328B, used 38654705664B, and remaining 38654705664B is 0.5
2023-06-21 17:31:34,441 [main] DEBUG balancer.ContainerBalancerTask (ContainerBalancerTask.java:initializeIteration(398)) - Utilization for node 4f23af5c-6af6-495c-a891-459195669a42 with capacity 112742891520B, used 45097156608B, and remaining 67645734912B is 0.4
2023-06-21 17:31:34,441 [main] DEBUG balancer.ContainerBalancerTask (ContainerBalancerTask.java:initializeIteration(398)) - Utilization for node cf71e6fa-610e-4876-8a56-3f064c60ebec with capacity 139586437120B, used 41875931136B, and remaining 97710505984B is 0.3
2023-06-21 17:31:34,441 [main] DEBUG balancer.ContainerBalancerTask (ContainerBalancerTask.java:initializeIteration(398)) - Utilization for node 56bcef96-2a65-48b2-b037-1991ea8ce9bd with capacity 209379655680B, used 41875931136B, and remaining 167503724544B is 0.2
2023-06-21 17:31:34,441 [main] DEBUG balancer.ContainerBalancerTask (ContainerBalancerTask.java:initializeIteration(398)) - Utilization for node 86e151ef-5367-428c-ba78-bc948d39e3e3 with capacity 246960619520B, used 24696061952B, and remaining 222264557568B is 0.1
2023-06-21 17:31:34,441 [main] DEBUG balancer.ContainerBalancerTask (ContainerBalancerTask.java:initializeIteration(398)) - Utilization for node 18aedf09-b378-45a6-82ad-b7b32f4ba85c with capacity 42949672960B, used 0B, and remaining 42949672960B is 0.0
2023-06-21 17:31:34,441 [main] INFO  balancer.ContainerBalancerTask (ContainerBalancerTask.java:initializeIteration(447)) - Container Balancer has identified 5 Over-Utilized and 3 Under-Utilized Datanodes that need to be balanced.
2023-06-21 17:31:34,441 [main] DEBUG balancer.ContainerBalancerTask (ContainerBalancerTask.java:lambda$initializeIteration$1(453)) - Datanode localhost-234.41.20.171 95a517a5-7958-4363-895b-2de3c05b493b is Over-Utilized.
2023-06-21 17:31:34,441 [main] DEBUG balancer.ContainerBalancerTask (ContainerBalancerTask.java:lambda$initializeIteration$1(453)) - Datanode localhost-199.158.55.175 4239f605-fcff-4e5c-a29c-86b8d0d38bbf is Over-Utilized.
2023-06-21 17:31:34,441 [main] DEBUG balancer.ContainerBalancerTask (ContainerBalancerTask.java:lambda$initializeIteration$1(453)) - Datanode localhost-103.22.150.123 ab5e52bd-e036-4a9a-91a6-b9bbe4b2349b is Over-Utilized.
2023-06-21 17:31:34,441 [main] DEBUG balancer.ContainerBalancerTask (ContainerBalancerTask.java:lambda$initializeIteration$1(453)) - Datanode localhost-127.169.30.6 cc72f910-497e-40a6-b9e7-b36dcd88abbb is Over-Utilized.
2023-06-21 17:31:34,441 [main] DEBUG balancer.ContainerBalancerTask (ContainerBalancerTask.java:lambda$initializeIteration$1(453)) - Datanode localhost-140.140.4.18 671c13ec-4a3f-4d48-b5cc-efe57fc01ead is Over-Utilized.
2023-06-21 17:31:34,441 [main] DEBUG balancer.ContainerBalancerTask (ContainerBalancerTask.java:lambda$initializeIteration$2(459)) - Datanode localhost-67.11.35.83 18aedf09-b378-45a6-82ad-b7b32f4ba85c is Under-Utilized.
2023-06-21 17:31:34,441 [main] DEBUG balancer.ContainerBalancerTask (ContainerBalancerTask.java:lambda$initializeIteration$2(459)) - Datanode localhost-152.227.51.204 86e151ef-5367-428c-ba78-bc948d39e3e3 is Under-Utilized.
2023-06-21 17:31:34,442 [main] DEBUG balancer.ContainerBalancerTask (ContainerBalancerTask.java:lambda$initializeIteration$2(459)) - Datanode localhost-102.167.100.204 56bcef96-2a65-48b2-b037-1991ea8ce9bd is Under-Utilized.
2023-06-21 17:31:34,444 [main] DEBUG balancer.ContainerBalancerTask (ContainerBalancerTask.java:matchSourceWithTarget(706)) - ContainerBalancer is finding suitable target for source datanode 95a517a5-7958-4363-895b-2de3c05b493b
2023-06-21 17:31:34,444 [main] INFO  balancer.ContainerBalancerTask (ContainerBalancerTask.java:matchSourceWithTarget(720)) - ContainerBalancer matched source datanode 95a517a5-7958-4363-895b-2de3c05b493b with target datanode 18aedf09-b378-45a6-82ad-b7b32f4ba85c for container move.
2023-06-21 17:31:34,444 [main] INFO  balancer.ContainerBalancerTask (ContainerBalancerTask.java:processMoveSelection(569)) - ContainerBalancer is trying to move container #85 with size 5368709120B from source datanode 95a517a5-7958-4363-895b-2de3c05b493b to target datanode 18aedf09-b378-45a6-82ad-b7b32f4ba85c
2023-06-21 17:31:34,444 [main] DEBUG balancer.ContainerBalancerTask (ContainerBalancerTask.java:lambda$moveContainer$3(834)) - Container move completed for container #85 from source 95a517a5-7958-4363-895b-2de3c05b493b to target 18aedf09-b378-45a6-82ad-b7b32f4ba85c
2023-06-21 17:31:34,444 [main] DEBUG balancer.ContainerBalancerTask (ContainerBalancerTask.java:adaptOnReachingIterationLimits(780)) - Reached max datanodes to involve limit. 2 datanodes have already been selected for balancing and the limit is 2. Only already selected sources and targets can be involved in balancing now.
2023-06-21 17:31:34,446 [main] DEBUG balancer.ContainerBalancerTask (ContainerBalancerTask.java:matchSourceWithTarget(706)) - ContainerBalancer is finding suitable target for source datanode 95a517a5-7958-4363-895b-2de3c05b493b
2023-06-21 17:31:34,446 [main] INFO  balancer.ContainerBalancerTask (ContainerBalancerTask.java:matchSourceWithTarget(720)) - ContainerBalancer matched source datanode 95a517a5-7958-4363-895b-2de3c05b493b with target datanode 18aedf09-b378-45a6-82ad-b7b32f4ba85c for container move.
2023-06-21 17:31:34,446 [main] INFO  balancer.ContainerBalancerTask (ContainerBalancerTask.java:processMoveSelection(569)) - ContainerBalancer is trying to move container #53 with size 5368709120B from source datanode 95a517a5-7958-4363-895b-2de3c05b493b to target datanode 18aedf09-b378-45a6-82ad-b7b32f4ba85c
2023-06-21 17:31:34,446 [main] DEBUG balancer.ContainerBalancerTask (ContainerBalancerTask.java:lambda$moveContainer$3(834)) - Container move completed for container #53 from source 95a517a5-7958-4363-895b-2de3c05b493b to target 18aedf09-b378-45a6-82ad-b7b32f4ba85c
2023-06-21 17:31:34,448 [main] DEBUG balancer.ContainerBalancerTask (ContainerBalancerTask.java:matchSourceWithTarget(706)) - ContainerBalancer is finding suitable target for source datanode 95a517a5-7958-4363-895b-2de3c05b493b
2023-06-21 17:31:34,449 [main] INFO  balancer.ContainerBalancerTask (ContainerBalancerTask.java:matchSourceWithTarget(720)) - ContainerBalancer matched source datanode 95a517a5-7958-4363-895b-2de3c05b493b with target datanode 18aedf09-b378-45a6-82ad-b7b32f4ba85c for container move.
2023-06-21 17:31:34,449 [main] INFO  balancer.ContainerBalancerTask (ContainerBalancerTask.java:processMoveSelection(569)) - ContainerBalancer is trying to move container #29 with size 5368709120B from source datanode 95a517a5-7958-4363-895b-2de3c05b493b to target datanode 18aedf09-b378-45a6-82ad-b7b32f4ba85c
2023-06-21 17:31:34,449 [main] DEBUG balancer.ContainerBalancerTask (ContainerBalancerTask.java:lambda$moveContainer$3(834)) - Container move completed for container #29 from source 95a517a5-7958-4363-895b-2de3c05b493b to target 18aedf09-b378-45a6-82ad-b7b32f4ba85c
2023-06-21 17:31:34,451 [main] DEBUG balancer.ContainerBalancerTask (ContainerBalancerTask.java:matchSourceWithTarget(706)) - ContainerBalancer is finding suitable target for source datanode 95a517a5-7958-4363-895b-2de3c05b493b
2023-06-21 17:31:34,451 [main] INFO  balancer.ContainerBalancerTask (ContainerBalancerTask.java:matchSourceWithTarget(720)) - ContainerBalancer matched source datanode 95a517a5-7958-4363-895b-2de3c05b493b with target datanode 18aedf09-b378-45a6-82ad-b7b32f4ba85c for container move.
2023-06-21 17:31:34,451 [main] INFO  balancer.ContainerBalancerTask (ContainerBalancerTask.java:processMoveSelection(569)) - ContainerBalancer is trying to move container #88 with size 3221225472B from source datanode 95a517a5-7958-4363-895b-2de3c05b493b to target datanode 18aedf09-b378-45a6-82ad-b7b32f4ba85c
2023-06-21 17:31:34,451 [main] DEBUG balancer.ContainerBalancerTask (ContainerBalancerTask.java:lambda$moveContainer$3(834)) - Container move completed for container #88 from source 95a517a5-7958-4363-895b-2de3c05b493b to target 18aedf09-b378-45a6-82ad-b7b32f4ba85c
2023-06-21 17:31:34,453 [main] DEBUG balancer.ContainerBalancerTask (ContainerBalancerTask.java:matchSourceWithTarget(706)) - ContainerBalancer is finding suitable target for source datanode 95a517a5-7958-4363-895b-2de3c05b493b
2023-06-21 17:31:34,454 [main] INFO  balancer.FindTargetGreedyByUsageInfo (AbstractFindTargetGreedy.java:findTargetForContainerMove(133)) - Container Balancer could not find a target for source datanode 95a517a5-7958-4363-895b-2de3c05b493b
2023-06-21 17:31:34,454 [main] DEBUG balancer.ContainerBalancerTask (ContainerBalancerTask.java:matchSourceWithTarget(715)) - ContainerBalancer could not find a suitable target for source node 95a517a5-7958-4363-895b-2de3c05b493b.
2023-06-21 17:31:34,454 [main] INFO  balancer.FindSourceGreedy (FindSourceGreedy.java:getNextCandidateSourceDataNode(126)) - no more candidate source data node
2023-06-21 17:31:34,454 [main] INFO  balancer.ContainerBalancerTask (ContainerBalancerTask.java:checkIterationMoveResults(640)) - Iteration Summary. Number of Datanodes involved: 2. Size moved: 18 GB (19327352832 Bytes). Number of Container moves completed: 4.
2023-06-21 17:31:34,454 [main] INFO  balancer.ContainerBalancerTask (ContainerBalancerTask.java:balance(259)) - Result of this iteration of Container Balancer: ITERATION_COMPLETED
2023-06-21 17:31:34,458 [main] DEBUG balancer.ContainerBalancerTask (ContainerBalancerTask.java:initializeIteration(374)) - Average utilization of the cluster is 0.3589910345151526
2023-06-21 17:31:34,458 [main] DEBUG balancer.ContainerBalancerTask (ContainerBalancerTask.java:initializeIteration(386)) - Lower limit for utilization is 0.2589910345151526 and Upper limit for utilization is 0.45899103451515255
2023-06-21 17:31:34,458 [main] DEBUG balancer.ContainerBalancerTask (ContainerBalancerTask.java:initializeIteration(398)) - Utilization for node 95a517a5-7958-4363-895b-2de3c05b493b with capacity 60845370026B, used 54760833024B, and remaining 6084537002B is 0.900000000009861
2023-06-21 17:31:34,459 [main] DEBUG balancer.ContainerBalancerTask (ContainerBalancerTask.java:initializeIteration(398)) - Utilization for node 4239f605-fcff-4e5c-a29c-86b8d0d38bbf with capacity 64424509440B, used 51539607552B, and remaining 12884901888B is 0.8
2023-06-21 17:31:34,459 [main] DEBUG balancer.ContainerBalancerTask (ContainerBalancerTask.java:initializeIteration(398)) - Utilization for node ab5e52bd-e036-4a9a-91a6-b9bbe4b2349b with capacity 87433262811B, used 61203283968B, and remaining 26229978843B is 0.7000000000034312
2023-06-21 17:31:34,459 [main] DEBUG balancer.ContainerBalancerTask (ContainerBalancerTask.java:initializeIteration(398)) - Utilization for node cc72f910-497e-40a6-b9e7-b36dcd88abbb with capacity 59055800320B, used 35433480192B, and remaining 23622320128B is 0.6
2023-06-21 17:31:34,459 [main] DEBUG balancer.ContainerBalancerTask (ContainerBalancerTask.java:initializeIteration(398)) - Utilization for node 671c13ec-4a3f-4d48-b5cc-efe57fc01ead with capacity 77309411328B, used 38654705664B, and remaining 38654705664B is 0.5
2023-06-21 17:31:34,459 [main] DEBUG balancer.ContainerBalancerTask (ContainerBalancerTask.java:initializeIteration(398)) - Utilization for node 4f23af5c-6af6-495c-a891-459195669a42 with capacity 112742891520B, used 45097156608B, and remaining 67645734912B is 0.4
2023-06-21 17:31:34,459 [main] DEBUG balancer.ContainerBalancerTask (ContainerBalancerTask.java:initializeIteration(398)) - Utilization for node cf71e6fa-610e-4876-8a56-3f064c60ebec with capacity 139586437120B, used 41875931136B, and remaining 97710505984B is 0.3
2023-06-21 17:31:34,459 [main] DEBUG balancer.ContainerBalancerTask (ContainerBalancerTask.java:initializeIteration(398)) - Utilization for node 56bcef96-2a65-48b2-b037-1991ea8ce9bd with capacity 209379655680B, used 41875931136B, and remaining 167503724544B is 0.2
2023-06-21 17:31:34,459 [main] DEBUG balancer.ContainerBalancerTask (ContainerBalancerTask.java:initializeIteration(398)) - Utilization for node 86e151ef-5367-428c-ba78-bc948d39e3e3 with capacity 246960619520B, used 24696061952B, and remaining 222264557568B is 0.1
2023-06-21 17:31:34,459 [main] DEBUG balancer.ContainerBalancerTask (ContainerBalancerTask.java:initializeIteration(398)) - Utilization for node 18aedf09-b378-45a6-82ad-b7b32f4ba85c with capacity 42949672960B, used 0B, and remaining 42949672960B is 0.0
2023-06-21 17:31:34,459 [main] INFO  balancer.ContainerBalancerTask (ContainerBalancerTask.java:initializeIteration(447)) - Container Balancer has identified 5 Over-Utilized and 3 Under-Utilized Datanodes that need to be balanced.
2023-06-21 17:31:34,459 [main] DEBUG balancer.ContainerBalancerTask (ContainerBalancerTask.java:lambda$initializeIteration$1(453)) - Datanode localhost-234.41.20.171 95a517a5-7958-4363-895b-2de3c05b493b is Over-Utilized.
2023-06-21 17:31:34,459 [main] DEBUG balancer.ContainerBalancerTask (ContainerBalancerTask.java:lambda$initializeIteration$1(453)) - Datanode localhost-199.158.55.175 4239f605-fcff-4e5c-a29c-86b8d0d38bbf is Over-Utilized.
2023-06-21 17:31:34,460 [main] DEBUG balancer.ContainerBalancerTask (ContainerBalancerTask.java:lambda$initializeIteration$1(453)) - Datanode localhost-103.22.150.123 ab5e52bd-e036-4a9a-91a6-b9bbe4b2349b is Over-Utilized.
2023-06-21 17:31:34,460 [main] DEBUG balancer.ContainerBalancerTask (ContainerBalancerTask.java:lambda$initializeIteration$1(453)) - Datanode localhost-127.169.30.6 cc72f910-497e-40a6-b9e7-b36dcd88abbb is Over-Utilized.
2023-06-21 17:31:34,460 [main] DEBUG balancer.ContainerBalancerTask (ContainerBalancerTask.java:lambda$initializeIteration$1(453)) - Datanode localhost-140.140.4.18 671c13ec-4a3f-4d48-b5cc-efe57fc01ead is Over-Utilized.
2023-06-21 17:31:34,460 [main] DEBUG balancer.ContainerBalancerTask (ContainerBalancerTask.java:lambda$initializeIteration$2(459)) - Datanode localhost-67.11.35.83 18aedf09-b378-45a6-82ad-b7b32f4ba85c is Under-Utilized.
2023-06-21 17:31:34,460 [main] DEBUG balancer.ContainerBalancerTask (ContainerBalancerTask.java:lambda$initializeIteration$2(459)) - Datanode localhost-152.227.51.204 86e151ef-5367-428c-ba78-bc948d39e3e3 is Under-Utilized.
2023-06-21 17:31:34,460 [main] DEBUG balancer.ContainerBalancerTask (ContainerBalancerTask.java:lambda$initializeIteration$2(459)) - Datanode localhost-102.167.100.204 56bcef96-2a65-48b2-b037-1991ea8ce9bd is Under-Utilized.
2023-06-21 17:31:34,462 [main] DEBUG balancer.ContainerBalancerTask (ContainerBalancerTask.java:matchSourceWithTarget(706)) - ContainerBalancer is finding suitable target for source datanode 95a517a5-7958-4363-895b-2de3c05b493b
2023-06-21 17:31:34,462 [main] INFO  balancer.ContainerBalancerTask (ContainerBalancerTask.java:matchSourceWithTarget(720)) - ContainerBalancer matched source datanode 95a517a5-7958-4363-895b-2de3c05b493b with target datanode 18aedf09-b378-45a6-82ad-b7b32f4ba85c for container move.
2023-06-21 17:31:34,464 [main] INFO  balancer.ContainerBalancerTask (ContainerBalancerTask.java:processMoveSelection(569)) - ContainerBalancer is trying to move container #85 with size 5368709120B from source datanode 95a517a5-7958-4363-895b-2de3c05b493b to target datanode 18aedf09-b378-45a6-82ad-b7b32f4ba85c
2023-06-21 17:31:34,464 [main] DEBUG balancer.ContainerBalancerTask (ContainerBalancerTask.java:lambda$moveContainer$3(834)) - Container move completed for container #85 from source 95a517a5-7958-4363-895b-2de3c05b493b to target 18aedf09-b378-45a6-82ad-b7b32f4ba85c
2023-06-21 17:31:34,464 [main] DEBUG balancer.ContainerBalancerTask (ContainerBalancerTask.java:adaptOnReachingIterationLimits(780)) - Reached max datanodes to involve limit. 2 datanodes have already been selected for balancing and the limit is 2. Only already selected sources and targets can be involved in balancing now.
2023-06-21 17:31:34,466 [main] DEBUG balancer.ContainerBalancerTask (ContainerBalancerTask.java:matchSourceWithTarget(706)) - ContainerBalancer is finding suitable target for source datanode 95a517a5-7958-4363-895b-2de3c05b493b
2023-06-21 17:31:34,466 [main] INFO  balancer.ContainerBalancerTask (ContainerBalancerTask.java:matchSourceWithTarget(720)) - ContainerBalancer matched source datanode 95a517a5-7958-4363-895b-2de3c05b493b with target datanode 18aedf09-b378-45a6-82ad-b7b32f4ba85c for container move.
2023-06-21 17:31:34,466 [main] INFO  balancer.ContainerBalancerTask (ContainerBalancerTask.java:processMoveSelection(569)) - ContainerBalancer is trying to move container #53 with size 5368709120B from source datanode 95a517a5-7958-4363-895b-2de3c05b493b to target datanode 18aedf09-b378-45a6-82ad-b7b32f4ba85c
2023-06-21 17:31:34,466 [main] DEBUG balancer.ContainerBalancerTask (ContainerBalancerTask.java:lambda$moveContainer$3(834)) - Container move completed for container #53 from source 95a517a5-7958-4363-895b-2de3c05b493b to target 18aedf09-b378-45a6-82ad-b7b32f4ba85c
2023-06-21 17:31:34,468 [main] DEBUG balancer.ContainerBalancerTask (ContainerBalancerTask.java:matchSourceWithTarget(706)) - ContainerBalancer is finding suitable target for source datanode 95a517a5-7958-4363-895b-2de3c05b493b
2023-06-21 17:31:34,468 [main] INFO  balancer.ContainerBalancerTask (ContainerBalancerTask.java:matchSourceWithTarget(720)) - ContainerBalancer matched source datanode 95a517a5-7958-4363-895b-2de3c05b493b with target datanode 18aedf09-b378-45a6-82ad-b7b32f4ba85c for container move.
2023-06-21 17:31:34,469 [main] INFO  balancer.ContainerBalancerTask (ContainerBalancerTask.java:processMoveSelection(569)) - ContainerBalancer is trying to move container #29 with size 5368709120B from source datanode 95a517a5-7958-4363-895b-2de3c05b493b to target datanode 18aedf09-b378-45a6-82ad-b7b32f4ba85c
2023-06-21 17:31:34,469 [main] DEBUG balancer.ContainerBalancerTask (ContainerBalancerTask.java:lambda$moveContainer$3(834)) - Container move completed for container #29 from source 95a517a5-7958-4363-895b-2de3c05b493b to target 18aedf09-b378-45a6-82ad-b7b32f4ba85c
2023-06-21 17:31:34,471 [main] DEBUG balancer.ContainerBalancerTask (ContainerBalancerTask.java:matchSourceWithTarget(706)) - ContainerBalancer is finding suitable target for source datanode 95a517a5-7958-4363-895b-2de3c05b493b
2023-06-21 17:31:34,471 [main] INFO  balancer.ContainerBalancerTask (ContainerBalancerTask.java:matchSourceWithTarget(720)) - ContainerBalancer matched source datanode 95a517a5-7958-4363-895b-2de3c05b493b with target datanode 18aedf09-b378-45a6-82ad-b7b32f4ba85c for container move.
2023-06-21 17:31:34,471 [main] INFO  balancer.ContainerBalancerTask (ContainerBalancerTask.java:processMoveSelection(569)) - ContainerBalancer is trying to move container #88 with size 3221225472B from source datanode 95a517a5-7958-4363-895b-2de3c05b493b to target datanode 18aedf09-b378-45a6-82ad-b7b32f4ba85c
2023-06-21 17:31:34,472 [main] DEBUG balancer.ContainerBalancerTask (ContainerBalancerTask.java:lambda$moveContainer$3(834)) - Container move completed for container #88 from source 95a517a5-7958-4363-895b-2de3c05b493b to target 18aedf09-b378-45a6-82ad-b7b32f4ba85c
2023-06-21 17:31:34,474 [main] DEBUG balancer.ContainerBalancerTask (ContainerBalancerTask.java:matchSourceWithTarget(706)) - ContainerBalancer is finding suitable target for source datanode 95a517a5-7958-4363-895b-2de3c05b493b
2023-06-21 17:31:34,474 [main] INFO  balancer.FindTargetGreedyByUsageInfo (AbstractFindTargetGreedy.java:findTargetForContainerMove(133)) - Container Balancer could not find a target for source datanode 95a517a5-7958-4363-895b-2de3c05b493b
2023-06-21 17:31:34,474 [main] DEBUG balancer.ContainerBalancerTask (ContainerBalancerTask.java:matchSourceWithTarget(715)) - ContainerBalancer could not find a suitable target for source node 95a517a5-7958-4363-895b-2de3c05b493b.
2023-06-21 17:31:34,474 [main] INFO  balancer.FindSourceGreedy (FindSourceGreedy.java:getNextCandidateSourceDataNode(126)) - no more candidate source data node
2023-06-21 17:31:34,475 [main] INFO  balancer.ContainerBalancerTask (ContainerBalancerTask.java:checkIterationMoveResults(640)) - Iteration Summary. Number of Datanodes involved: 2. Size moved: 18 GB (19327352832 Bytes). Number of Container moves completed: 4.
2023-06-21 17:31:34,475 [main] INFO  balancer.ContainerBalancerTask (ContainerBalancerTask.java:balance(259)) - Result of this iteration of Container Balancer: ITERATION_COMPLETED
2023-06-21 17:31:34,476 [main] DEBUG balancer.ContainerBalancerTask (ContainerBalancerTask.java:initializeIteration(374)) - Average utilization of the cluster is 0.3589910345151526
2023-06-21 17:31:34,476 [main] DEBUG balancer.ContainerBalancerTask (ContainerBalancerTask.java:initializeIteration(386)) - Lower limit for utilization is 0.2589910345151526 and Upper limit for utilization is 0.45899103451515255
2023-06-21 17:31:34,476 [main] DEBUG balancer.ContainerBalancerTask (ContainerBalancerTask.java:initializeIteration(398)) - Utilization for node 95a517a5-7958-4363-895b-2de3c05b493b with capacity 60845370026B, used 54760833024B, and remaining 6084537002B is 0.900000000009861
2023-06-21 17:31:34,476 [main] DEBUG balancer.ContainerBalancerTask (ContainerBalancerTask.java:initializeIteration(398)) - Utilization for node 4239f605-fcff-4e5c-a29c-86b8d0d38bbf with capacity 64424509440B, used 51539607552B, and remaining 12884901888B is 0.8
2023-06-21 17:31:34,476 [main] DEBUG balancer.ContainerBalancerTask (ContainerBalancerTask.java:initializeIteration(398)) - Utilization for node ab5e52bd-e036-4a9a-91a6-b9bbe4b2349b with capacity 87433262811B, used 61203283968B, and remaining 26229978843B is 0.7000000000034312
2023-06-21 17:31:34,477 [main] DEBUG balancer.ContainerBalancerTask (ContainerBalancerTask.java:initializeIteration(398)) - Utilization for node cc72f910-497e-40a6-b9e7-b36dcd88abbb with capacity 59055800320B, used 35433480192B, and remaining 23622320128B is 0.6
2023-06-21 17:31:34,477 [main] DEBUG balancer.ContainerBalancerTask (ContainerBalancerTask.java:initializeIteration(398)) - Utilization for node 671c13ec-4a3f-4d48-b5cc-efe57fc01ead with capacity 77309411328B, used 38654705664B, and remaining 38654705664B is 0.5
2023-06-21 17:31:34,477 [main] DEBUG balancer.ContainerBalancerTask (ContainerBalancerTask.java:initializeIteration(398)) - Utilization for node 4f23af5c-6af6-495c-a891-459195669a42 with capacity 112742891520B, used 45097156608B, and remaining 67645734912B is 0.4
2023-06-21 17:31:34,477 [main] DEBUG balancer.ContainerBalancerTask (ContainerBalancerTask.java:initializeIteration(398)) - Utilization for node cf71e6fa-610e-4876-8a56-3f064c60ebec with capacity 139586437120B, used 41875931136B, and remaining 97710505984B is 0.3
2023-06-21 17:31:34,477 [main] DEBUG balancer.ContainerBalancerTask (ContainerBalancerTask.java:initializeIteration(398)) - Utilization for node 56bcef96-2a65-48b2-b037-1991ea8ce9bd with capacity 209379655680B, used 41875931136B, and remaining 167503724544B is 0.2
2023-06-21 17:31:34,477 [main] DEBUG balancer.ContainerBalancerTask (ContainerBalancerTask.java:initializeIteration(398)) - Utilization for node 86e151ef-5367-428c-ba78-bc948d39e3e3 with capacity 246960619520B, used 24696061952B, and remaining 222264557568B is 0.1
2023-06-21 17:31:34,477 [main] DEBUG balancer.ContainerBalancerTask (ContainerBalancerTask.java:initializeIteration(398)) - Utilization for node 18aedf09-b378-45a6-82ad-b7b32f4ba85c with capacity 42949672960B, used 0B, and remaining 42949672960B is 0.0
2023-06-21 17:31:34,477 [main] INFO  balancer.ContainerBalancerTask (ContainerBalancerTask.java:initializeIteration(447)) - Container Balancer has identified 5 Over-Utilized and 3 Under-Utilized Datanodes that need to be balanced.
2023-06-21 17:31:34,477 [main] DEBUG balancer.ContainerBalancerTask (ContainerBalancerTask.java:lambda$initializeIteration$1(453)) - Datanode localhost-234.41.20.171 95a517a5-7958-4363-895b-2de3c05b493b is Over-Utilized.
2023-06-21 17:31:34,477 [main] DEBUG balancer.ContainerBalancerTask (ContainerBalancerTask.java:lambda$initializeIteration$1(453)) - Datanode localhost-199.158.55.175 4239f605-fcff-4e5c-a29c-86b8d0d38bbf is Over-Utilized.
2023-06-21 17:31:34,477 [main] DEBUG balancer.ContainerBalancerTask (ContainerBalancerTask.java:lambda$initializeIteration$1(453)) - Datanode localhost-103.22.150.123 ab5e52bd-e036-4a9a-91a6-b9bbe4b2349b is Over-Utilized.
2023-06-21 17:31:34,477 [main] DEBUG balancer.ContainerBalancerTask (ContainerBalancerTask.java:lambda$initializeIteration$1(453)) - Datanode localhost-127.169.30.6 cc72f910-497e-40a6-b9e7-b36dcd88abbb is Over-Utilized.
2023-06-21 17:31:34,477 [main] DEBUG balancer.ContainerBalancerTask (ContainerBalancerTask.java:lambda$initializeIteration$1(453)) - Datanode localhost-140.140.4.18 671c13ec-4a3f-4d48-b5cc-efe57fc01ead is Over-Utilized.
2023-06-21 17:31:34,478 [main] DEBUG balancer.ContainerBalancerTask (ContainerBalancerTask.java:lambda$initializeIteration$2(459)) - Datanode localhost-67.11.35.83 18aedf09-b378-45a6-82ad-b7b32f4ba85c is Under-Utilized.
2023-06-21 17:31:34,478 [main] DEBUG balancer.ContainerBalancerTask (ContainerBalancerTask.java:lambda$initializeIteration$2(459)) - Datanode localhost-152.227.51.204 86e151ef-5367-428c-ba78-bc948d39e3e3 is Under-Utilized.
2023-06-21 17:31:34,478 [main] DEBUG balancer.ContainerBalancerTask (ContainerBalancerTask.java:lambda$initializeIteration$2(459)) - Datanode localhost-102.167.100.204 56bcef96-2a65-48b2-b037-1991ea8ce9bd is Under-Utilized.
2023-06-21 17:31:34,480 [main] DEBUG balancer.ContainerBalancerTask (ContainerBalancerTask.java:matchSourceWithTarget(706)) - ContainerBalancer is finding suitable target for source datanode 95a517a5-7958-4363-895b-2de3c05b493b
2023-06-21 17:31:34,480 [main] INFO  balancer.ContainerBalancerTask (ContainerBalancerTask.java:matchSourceWithTarget(720)) - ContainerBalancer matched source datanode 95a517a5-7958-4363-895b-2de3c05b493b with target datanode 18aedf09-b378-45a6-82ad-b7b32f4ba85c for container move.
2023-06-21 17:31:34,480 [main] INFO  balancer.ContainerBalancerTask (ContainerBalancerTask.java:processMoveSelection(569)) - ContainerBalancer is trying to move container #85 with size 5368709120B from source datanode 95a517a5-7958-4363-895b-2de3c05b493b to target datanode 18aedf09-b378-45a6-82ad-b7b32f4ba85c
2023-06-21 17:31:34,480 [main] DEBUG balancer.ContainerBalancerTask (ContainerBalancerTask.java:lambda$moveContainer$3(834)) - Container move completed for container #85 from source 95a517a5-7958-4363-895b-2de3c05b493b to target 18aedf09-b378-45a6-82ad-b7b32f4ba85c
2023-06-21 17:31:34,480 [main] DEBUG balancer.ContainerBalancerTask (ContainerBalancerTask.java:adaptOnReachingIterationLimits(780)) - Reached max datanodes to involve limit. 2 datanodes have already been selected for balancing and the limit is 2. Only already selected sources and targets can be involved in balancing now.
2023-06-21 17:31:34,482 [main] DEBUG balancer.ContainerBalancerTask (ContainerBalancerTask.java:matchSourceWithTarget(706)) - ContainerBalancer is finding suitable target for source datanode 95a517a5-7958-4363-895b-2de3c05b493b
2023-06-21 17:31:34,482 [main] INFO  balancer.ContainerBalancerTask (ContainerBalancerTask.java:matchSourceWithTarget(720)) - ContainerBalancer matched source datanode 95a517a5-7958-4363-895b-2de3c05b493b with target datanode 18aedf09-b378-45a6-82ad-b7b32f4ba85c for container move.
2023-06-21 17:31:34,483 [main] INFO  balancer.ContainerBalancerTask (ContainerBalancerTask.java:processMoveSelection(569)) - ContainerBalancer is trying to move container #53 with size 5368709120B from source datanode 95a517a5-7958-4363-895b-2de3c05b493b to target datanode 18aedf09-b378-45a6-82ad-b7b32f4ba85c
2023-06-21 17:31:34,483 [main] DEBUG balancer.ContainerBalancerTask (ContainerBalancerTask.java:lambda$moveContainer$3(834)) - Container move completed for container #53 from source 95a517a5-7958-4363-895b-2de3c05b493b to target 18aedf09-b378-45a6-82ad-b7b32f4ba85c
2023-06-21 17:31:34,485 [main] DEBUG balancer.ContainerBalancerTask (ContainerBalancerTask.java:matchSourceWithTarget(706)) - ContainerBalancer is finding suitable target for source datanode 95a517a5-7958-4363-895b-2de3c05b493b
2023-06-21 17:31:34,485 [main] INFO  balancer.ContainerBalancerTask (ContainerBalancerTask.java:matchSourceWithTarget(720)) - ContainerBalancer matched source datanode 95a517a5-7958-4363-895b-2de3c05b493b with target datanode 18aedf09-b378-45a6-82ad-b7b32f4ba85c for container move.
2023-06-21 17:31:34,485 [main] INFO  balancer.ContainerBalancerTask (ContainerBalancerTask.java:processMoveSelection(569)) - ContainerBalancer is trying to move container #29 with size 5368709120B from source datanode 95a517a5-7958-4363-895b-2de3c05b493b to target datanode 18aedf09-b378-45a6-82ad-b7b32f4ba85c
2023-06-21 17:31:34,485 [main] DEBUG balancer.ContainerBalancerTask (ContainerBalancerTask.java:lambda$moveContainer$3(834)) - Container move completed for container #29 from source 95a517a5-7958-4363-895b-2de3c05b493b to target 18aedf09-b378-45a6-82ad-b7b32f4ba85c
2023-06-21 17:31:34,487 [main] DEBUG balancer.ContainerBalancerTask (ContainerBalancerTask.java:matchSourceWithTarget(706)) - ContainerBalancer is finding suitable target for source datanode 95a517a5-7958-4363-895b-2de3c05b493b
2023-06-21 17:31:34,487 [main] INFO  balancer.ContainerBalancerTask (ContainerBalancerTask.java:matchSourceWithTarget(720)) - ContainerBalancer matched source datanode 95a517a5-7958-4363-895b-2de3c05b493b with target datanode 18aedf09-b378-45a6-82ad-b7b32f4ba85c for container move.
2023-06-21 17:31:34,487 [main] INFO  balancer.ContainerBalancerTask (ContainerBalancerTask.java:processMoveSelection(569)) - ContainerBalancer is trying to move container #88 with size 3221225472B from source datanode 95a517a5-7958-4363-895b-2de3c05b493b to target datanode 18aedf09-b378-45a6-82ad-b7b32f4ba85c
2023-06-21 17:31:34,488 [main] DEBUG balancer.ContainerBalancerTask (ContainerBalancerTask.java:lambda$moveContainer$3(834)) - Container move completed for container #88 from source 95a517a5-7958-4363-895b-2de3c05b493b to target 18aedf09-b378-45a6-82ad-b7b32f4ba85c
2023-06-21 17:31:34,490 [main] DEBUG balancer.ContainerBalancerTask (ContainerBalancerTask.java:matchSourceWithTarget(706)) - ContainerBalancer is finding suitable target for source datanode 95a517a5-7958-4363-895b-2de3c05b493b
2023-06-21 17:31:34,490 [main] INFO  balancer.FindTargetGreedyByUsageInfo (AbstractFindTargetGreedy.java:findTargetForContainerMove(133)) - Container Balancer could not find a target for source datanode 95a517a5-7958-4363-895b-2de3c05b493b
2023-06-21 17:31:34,490 [main] DEBUG balancer.ContainerBalancerTask (ContainerBalancerTask.java:matchSourceWithTarget(715)) - ContainerBalancer could not find a suitable target for source node 95a517a5-7958-4363-895b-2de3c05b493b.
2023-06-21 17:31:34,490 [main] INFO  balancer.FindSourceGreedy (FindSourceGreedy.java:getNextCandidateSourceDataNode(126)) - no more candidate source data node
2023-06-21 17:31:34,490 [main] INFO  balancer.ContainerBalancerTask (ContainerBalancerTask.java:checkIterationMoveResults(640)) - Iteration Summary. Number of Datanodes involved: 2. Size moved: 18 GB (19327352832 Bytes). Number of Container moves completed: 4.
2023-06-21 17:31:34,491 [main] INFO  balancer.ContainerBalancerTask (ContainerBalancerTask.java:balance(259)) - Result of this iteration of Container Balancer: ITERATION_COMPLETED
2023-06-21 17:31:34,494 [main] DEBUG balancer.ContainerBalancerTask (ContainerBalancerTask.java:initializeIteration(374)) - Average utilization of the cluster is 0.3589910345151526
2023-06-21 17:31:34,494 [main] DEBUG balancer.ContainerBalancerTask (ContainerBalancerTask.java:initializeIteration(386)) - Lower limit for utilization is 0.2589910345151526 and Upper limit for utilization is 0.45899103451515255
2023-06-21 17:31:34,494 [main] DEBUG balancer.ContainerBalancerTask (ContainerBalancerTask.java:initializeIteration(398)) - Utilization for node 95a517a5-7958-4363-895b-2de3c05b493b with capacity 60845370026B, used 54760833024B, and remaining 6084537002B is 0.900000000009861
2023-06-21 17:31:34,495 [main] DEBUG balancer.ContainerBalancerTask (ContainerBalancerTask.java:initializeIteration(398)) - Utilization for node 4239f605-fcff-4e5c-a29c-86b8d0d38bbf with capacity 64424509440B, used 51539607552B, and remaining 12884901888B is 0.8
2023-06-21 17:31:34,495 [main] DEBUG balancer.ContainerBalancerTask (ContainerBalancerTask.java:initializeIteration(398)) - Utilization for node ab5e52bd-e036-4a9a-91a6-b9bbe4b2349b with capacity 87433262811B, used 61203283968B, and remaining 26229978843B is 0.7000000000034312
2023-06-21 17:31:34,495 [main] DEBUG balancer.ContainerBalancerTask (ContainerBalancerTask.java:initializeIteration(398)) - Utilization for node cc72f910-497e-40a6-b9e7-b36dcd88abbb with capacity 59055800320B, used 35433480192B, and remaining 23622320128B is 0.6
2023-06-21 17:31:34,495 [main] DEBUG balancer.ContainerBalancerTask (ContainerBalancerTask.java:initializeIteration(398)) - Utilization for node 671c13ec-4a3f-4d48-b5cc-efe57fc01ead with capacity 77309411328B, used 38654705664B, and remaining 38654705664B is 0.5
2023-06-21 17:31:34,495 [main] DEBUG balancer.ContainerBalancerTask (ContainerBalancerTask.java:initializeIteration(398)) - Utilization for node 4f23af5c-6af6-495c-a891-459195669a42 with capacity 112742891520B, used 45097156608B, and remaining 67645734912B is 0.4
2023-06-21 17:31:34,495 [main] DEBUG balancer.ContainerBalancerTask (ContainerBalancerTask.java:initializeIteration(398)) - Utilization for node cf71e6fa-610e-4876-8a56-3f064c60ebec with capacity 139586437120B, used 41875931136B, and remaining 97710505984B is 0.3
2023-06-21 17:31:34,495 [main] DEBUG balancer.ContainerBalancerTask (ContainerBalancerTask.java:initializeIteration(398)) - Utilization for node 56bcef96-2a65-48b2-b037-1991ea8ce9bd with capacity 209379655680B, used 41875931136B, and remaining 167503724544B is 0.2
2023-06-21 17:31:34,495 [main] DEBUG balancer.ContainerBalancerTask (ContainerBalancerTask.java:initializeIteration(398)) - Utilization for node 86e151ef-5367-428c-ba78-bc948d39e3e3 with capacity 246960619520B, used 24696061952B, and remaining 222264557568B is 0.1
2023-06-21 17:31:34,495 [main] DEBUG balancer.ContainerBalancerTask (ContainerBalancerTask.java:initializeIteration(398)) - Utilization for node 18aedf09-b378-45a6-82ad-b7b32f4ba85c with capacity 42949672960B, used 0B, and remaining 42949672960B is 0.0
2023-06-21 17:31:34,495 [main] INFO  balancer.ContainerBalancerTask (ContainerBalancerTask.java:initializeIteration(447)) - Container Balancer has identified 5 Over-Utilized and 3 Under-Utilized Datanodes that need to be balanced.
2023-06-21 17:31:34,495 [main] DEBUG balancer.ContainerBalancerTask (ContainerBalancerTask.java:lambda$initializeIteration$1(453)) - Datanode localhost-234.41.20.171 95a517a5-7958-4363-895b-2de3c05b493b is Over-Utilized.
2023-06-21 17:31:34,495 [main] DEBUG balancer.ContainerBalancerTask (ContainerBalancerTask.java:lambda$initializeIteration$1(453)) - Datanode localhost-199.158.55.175 4239f605-fcff-4e5c-a29c-86b8d0d38bbf is Over-Utilized.
2023-06-21 17:31:34,495 [main] DEBUG balancer.ContainerBalancerTask (ContainerBalancerTask.java:lambda$initializeIteration$1(453)) - Datanode localhost-103.22.150.123 ab5e52bd-e036-4a9a-91a6-b9bbe4b2349b is Over-Utilized.
2023-06-21 17:31:34,496 [main] DEBUG balancer.ContainerBalancerTask (ContainerBalancerTask.java:lambda$initializeIteration$1(453)) - Datanode localhost-127.169.30.6 cc72f910-497e-40a6-b9e7-b36dcd88abbb is Over-Utilized.
2023-06-21 17:31:34,496 [main] DEBUG balancer.ContainerBalancerTask (ContainerBalancerTask.java:lambda$initializeIteration$1(453)) - Datanode localhost-140.140.4.18 671c13ec-4a3f-4d48-b5cc-efe57fc01ead is Over-Utilized.
2023-06-21 17:31:34,496 [main] DEBUG balancer.ContainerBalancerTask (ContainerBalancerTask.java:lambda$initializeIteration$2(459)) - Datanode localhost-67.11.35.83 18aedf09-b378-45a6-82ad-b7b32f4ba85c is Under-Utilized.
2023-06-21 17:31:34,496 [main] DEBUG balancer.ContainerBalancerTask (ContainerBalancerTask.java:lambda$initializeIteration$2(459)) - Datanode localhost-152.227.51.204 86e151ef-5367-428c-ba78-bc948d39e3e3 is Under-Utilized.
2023-06-21 17:31:34,496 [main] DEBUG balancer.ContainerBalancerTask (ContainerBalancerTask.java:lambda$initializeIteration$2(459)) - Datanode localhost-102.167.100.204 56bcef96-2a65-48b2-b037-1991ea8ce9bd is Under-Utilized.
2023-06-21 17:31:34,498 [main] DEBUG balancer.ContainerBalancerTask (ContainerBalancerTask.java:matchSourceWithTarget(706)) - ContainerBalancer is finding suitable target for source datanode 95a517a5-7958-4363-895b-2de3c05b493b
2023-06-21 17:31:34,498 [main] INFO  balancer.ContainerBalancerTask (ContainerBalancerTask.java:matchSourceWithTarget(720)) - ContainerBalancer matched source datanode 95a517a5-7958-4363-895b-2de3c05b493b with target datanode 18aedf09-b378-45a6-82ad-b7b32f4ba85c for container move.
2023-06-21 17:31:34,498 [main] INFO  balancer.ContainerBalancerTask (ContainerBalancerTask.java:processMoveSelection(569)) - ContainerBalancer is trying to move container #85 with size 5368709120B from source datanode 95a517a5-7958-4363-895b-2de3c05b493b to target datanode 18aedf09-b378-45a6-82ad-b7b32f4ba85c
2023-06-21 17:31:34,498 [main] DEBUG balancer.ContainerBalancerTask (ContainerBalancerTask.java:lambda$moveContainer$3(834)) - Container move completed for container #85 from source 95a517a5-7958-4363-895b-2de3c05b493b to target 18aedf09-b378-45a6-82ad-b7b32f4ba85c
2023-06-21 17:31:34,498 [main] DEBUG balancer.ContainerBalancerTask (ContainerBalancerTask.java:adaptOnReachingIterationLimits(780)) - Reached max datanodes to involve limit. 2 datanodes have already been selected for balancing and the limit is 2. Only already selected sources and targets can be involved in balancing now.
2023-06-21 17:31:34,500 [main] DEBUG balancer.ContainerBalancerTask (ContainerBalancerTask.java:matchSourceWithTarget(706)) - ContainerBalancer is finding suitable target for source datanode 95a517a5-7958-4363-895b-2de3c05b493b
2023-06-21 17:31:34,500 [main] INFO  balancer.ContainerBalancerTask (ContainerBalancerTask.java:matchSourceWithTarget(720)) - ContainerBalancer matched source datanode 95a517a5-7958-4363-895b-2de3c05b493b with target datanode 18aedf09-b378-45a6-82ad-b7b32f4ba85c for container move.
2023-06-21 17:31:34,501 [main] INFO  balancer.ContainerBalancerTask (ContainerBalancerTask.java:processMoveSelection(569)) - ContainerBalancer is trying to move container #53 with size 5368709120B from source datanode 95a517a5-7958-4363-895b-2de3c05b493b to target datanode 18aedf09-b378-45a6-82ad-b7b32f4ba85c
2023-06-21 17:31:34,501 [main] DEBUG balancer.ContainerBalancerTask (ContainerBalancerTask.java:lambda$moveContainer$3(834)) - Container move completed for container #53 from source 95a517a5-7958-4363-895b-2de3c05b493b to target 18aedf09-b378-45a6-82ad-b7b32f4ba85c
2023-06-21 17:31:34,504 [main] DEBUG balancer.ContainerBalancerTask (ContainerBalancerTask.java:matchSourceWithTarget(706)) - ContainerBalancer is finding suitable target for source datanode 95a517a5-7958-4363-895b-2de3c05b493b
2023-06-21 17:31:34,504 [main] INFO  balancer.ContainerBalancerTask (ContainerBalancerTask.java:matchSourceWithTarget(720)) - ContainerBalancer matched source datanode 95a517a5-7958-4363-895b-2de3c05b493b with target datanode 18aedf09-b378-45a6-82ad-b7b32f4ba85c for container move.
2023-06-21 17:31:34,504 [main] INFO  balancer.ContainerBalancerTask (ContainerBalancerTask.java:processMoveSelection(569)) - ContainerBalancer is trying to move container #29 with size 5368709120B from source datanode 95a517a5-7958-4363-895b-2de3c05b493b to target datanode 18aedf09-b378-45a6-82ad-b7b32f4ba85c
2023-06-21 17:31:34,504 [main] DEBUG balancer.ContainerBalancerTask (ContainerBalancerTask.java:lambda$moveContainer$3(834)) - Container move completed for container #29 from source 95a517a5-7958-4363-895b-2de3c05b493b to target 18aedf09-b378-45a6-82ad-b7b32f4ba85c
2023-06-21 17:31:34,506 [main] DEBUG balancer.ContainerBalancerTask (ContainerBalancerTask.java:matchSourceWithTarget(706)) - ContainerBalancer is finding suitable target for source datanode 95a517a5-7958-4363-895b-2de3c05b493b
2023-06-21 17:31:34,506 [main] INFO  balancer.ContainerBalancerTask (ContainerBalancerTask.java:matchSourceWithTarget(720)) - ContainerBalancer matched source datanode 95a517a5-7958-4363-895b-2de3c05b493b with target datanode 18aedf09-b378-45a6-82ad-b7b32f4ba85c for container move.
2023-06-21 17:31:34,506 [main] INFO  balancer.ContainerBalancerTask (ContainerBalancerTask.java:processMoveSelection(569)) - ContainerBalancer is trying to move container #88 with size 3221225472B from source datanode 95a517a5-7958-4363-895b-2de3c05b493b to target datanode 18aedf09-b378-45a6-82ad-b7b32f4ba85c
2023-06-21 17:31:34,507 [main] DEBUG balancer.ContainerBalancerTask (ContainerBalancerTask.java:lambda$moveContainer$3(834)) - Container move completed for container #88 from source 95a517a5-7958-4363-895b-2de3c05b493b to target 18aedf09-b378-45a6-82ad-b7b32f4ba85c
2023-06-21 17:31:34,509 [main] DEBUG balancer.ContainerBalancerTask (ContainerBalancerTask.java:matchSourceWithTarget(706)) - ContainerBalancer is finding suitable target for source datanode 95a517a5-7958-4363-895b-2de3c05b493b
2023-06-21 17:31:34,509 [main] INFO  balancer.FindTargetGreedyByUsageInfo (AbstractFindTargetGreedy.java:findTargetForContainerMove(133)) - Container Balancer could not find a target for source datanode 95a517a5-7958-4363-895b-2de3c05b493b
2023-06-21 17:31:34,509 [main] DEBUG balancer.ContainerBalancerTask (ContainerBalancerTask.java:matchSourceWithTarget(715)) - ContainerBalancer could not find a suitable target for source node 95a517a5-7958-4363-895b-2de3c05b493b.
2023-06-21 17:31:34,509 [main] INFO  balancer.FindSourceGreedy (FindSourceGreedy.java:getNextCandidateSourceDataNode(126)) - no more candidate source data node
2023-06-21 17:31:34,509 [main] INFO  balancer.ContainerBalancerTask (ContainerBalancerTask.java:checkIterationMoveResults(640)) - Iteration Summary. Number of Datanodes involved: 2. Size moved: 18 GB (19327352832 Bytes). Number of Container moves completed: 4.
2023-06-21 17:31:34,510 [main] INFO  balancer.ContainerBalancerTask (ContainerBalancerTask.java:balance(259)) - Result of this iteration of Container Balancer: ITERATION_COMPLETED
2023-06-21 17:31:34,511 [main] DEBUG balancer.ContainerBalancerTask (ContainerBalancerTask.java:initializeIteration(374)) - Average utilization of the cluster is 0.3589910345151526
2023-06-21 17:31:34,511 [main] DEBUG balancer.ContainerBalancerTask (ContainerBalancerTask.java:initializeIteration(386)) - Lower limit for utilization is 0.2589910345151526 and Upper limit for utilization is 0.45899103451515255
2023-06-21 17:31:34,511 [main] DEBUG balancer.ContainerBalancerTask (ContainerBalancerTask.java:initializeIteration(398)) - Utilization for node 95a517a5-7958-4363-895b-2de3c05b493b with capacity 60845370026B, used 54760833024B, and remaining 6084537002B is 0.900000000009861
2023-06-21 17:31:34,511 [main] DEBUG balancer.ContainerBalancerTask (ContainerBalancerTask.java:initializeIteration(398)) - Utilization for node 4239f605-fcff-4e5c-a29c-86b8d0d38bbf with capacity 64424509440B, used 51539607552B, and remaining 12884901888B is 0.8
2023-06-21 17:31:34,511 [main] DEBUG balancer.ContainerBalancerTask (ContainerBalancerTask.java:initializeIteration(398)) - Utilization for node ab5e52bd-e036-4a9a-91a6-b9bbe4b2349b with capacity 87433262811B, used 61203283968B, and remaining 26229978843B is 0.7000000000034312
2023-06-21 17:31:34,512 [main] DEBUG balancer.ContainerBalancerTask (ContainerBalancerTask.java:initializeIteration(398)) - Utilization for node cc72f910-497e-40a6-b9e7-b36dcd88abbb with capacity 59055800320B, used 35433480192B, and remaining 23622320128B is 0.6
2023-06-21 17:31:34,512 [main] DEBUG balancer.ContainerBalancerTask (ContainerBalancerTask.java:initializeIteration(398)) - Utilization for node 671c13ec-4a3f-4d48-b5cc-efe57fc01ead with capacity 77309411328B, used 38654705664B, and remaining 38654705664B is 0.5
2023-06-21 17:31:34,512 [main] DEBUG balancer.ContainerBalancerTask (ContainerBalancerTask.java:initializeIteration(398)) - Utilization for node 4f23af5c-6af6-495c-a891-459195669a42 with capacity 112742891520B, used 45097156608B, and remaining 67645734912B is 0.4
2023-06-21 17:31:34,512 [main] DEBUG balancer.ContainerBalancerTask (ContainerBalancerTask.java:initializeIteration(398)) - Utilization for node cf71e6fa-610e-4876-8a56-3f064c60ebec with capacity 139586437120B, used 41875931136B, and remaining 97710505984B is 0.3
2023-06-21 17:31:34,512 [main] DEBUG balancer.ContainerBalancerTask (ContainerBalancerTask.java:initializeIteration(398)) - Utilization for node 56bcef96-2a65-48b2-b037-1991ea8ce9bd with capacity 209379655680B, used 41875931136B, and remaining 167503724544B is 0.2
2023-06-21 17:31:34,512 [main] DEBUG balancer.ContainerBalancerTask (ContainerBalancerTask.java:initializeIteration(398)) - Utilization for node 86e151ef-5367-428c-ba78-bc948d39e3e3 with capacity 246960619520B, used 24696061952B, and remaining 222264557568B is 0.1
2023-06-21 17:31:34,512 [main] DEBUG balancer.ContainerBalancerTask (ContainerBalancerTask.java:initializeIteration(398)) - Utilization for node 18aedf09-b378-45a6-82ad-b7b32f4ba85c with capacity 42949672960B, used 0B, and remaining 42949672960B is 0.0
2023-06-21 17:31:34,512 [main] INFO  balancer.ContainerBalancerTask (ContainerBalancerTask.java:initializeIteration(447)) - Container Balancer has identified 5 Over-Utilized and 3 Under-Utilized Datanodes that need to be balanced.
2023-06-21 17:31:34,512 [main] DEBUG balancer.ContainerBalancerTask (ContainerBalancerTask.java:lambda$initializeIteration$1(453)) - Datanode localhost-234.41.20.171 95a517a5-7958-4363-895b-2de3c05b493b is Over-Utilized.
2023-06-21 17:31:34,512 [main] DEBUG balancer.ContainerBalancerTask (ContainerBalancerTask.java:lambda$initializeIteration$1(453)) - Datanode localhost-199.158.55.175 4239f605-fcff-4e5c-a29c-86b8d0d38bbf is Over-Utilized.
2023-06-21 17:31:34,512 [main] DEBUG balancer.ContainerBalancerTask (ContainerBalancerTask.java:lambda$initializeIteration$1(453)) - Datanode localhost-103.22.150.123 ab5e52bd-e036-4a9a-91a6-b9bbe4b2349b is Over-Utilized.
2023-06-21 17:31:34,512 [main] DEBUG balancer.ContainerBalancerTask (ContainerBalancerTask.java:lambda$initializeIteration$1(453)) - Datanode localhost-127.169.30.6 cc72f910-497e-40a6-b9e7-b36dcd88abbb is Over-Utilized.
2023-06-21 17:31:34,512 [main] DEBUG balancer.ContainerBalancerTask (ContainerBalancerTask.java:lambda$initializeIteration$1(453)) - Datanode localhost-140.140.4.18 671c13ec-4a3f-4d48-b5cc-efe57fc01ead is Over-Utilized.
2023-06-21 17:31:34,513 [main] DEBUG balancer.ContainerBalancerTask (ContainerBalancerTask.java:lambda$initializeIteration$2(459)) - Datanode localhost-67.11.35.83 18aedf09-b378-45a6-82ad-b7b32f4ba85c is Under-Utilized.
2023-06-21 17:31:34,513 [main] DEBUG balancer.ContainerBalancerTask (ContainerBalancerTask.java:lambda$initializeIteration$2(459)) - Datanode localhost-152.227.51.204 86e151ef-5367-428c-ba78-bc948d39e3e3 is Under-Utilized.
2023-06-21 17:31:34,513 [main] DEBUG balancer.ContainerBalancerTask (ContainerBalancerTask.java:lambda$initializeIteration$2(459)) - Datanode localhost-102.167.100.204 56bcef96-2a65-48b2-b037-1991ea8ce9bd is Under-Utilized.
2023-06-21 17:31:34,515 [main] DEBUG balancer.ContainerBalancerTask (ContainerBalancerTask.java:matchSourceWithTarget(706)) - ContainerBalancer is finding suitable target for source datanode 95a517a5-7958-4363-895b-2de3c05b493b
2023-06-21 17:31:34,515 [main] INFO  balancer.ContainerBalancerTask (ContainerBalancerTask.java:matchSourceWithTarget(720)) - ContainerBalancer matched source datanode 95a517a5-7958-4363-895b-2de3c05b493b with target datanode 18aedf09-b378-45a6-82ad-b7b32f4ba85c for container move.
2023-06-21 17:31:34,515 [main] INFO  balancer.ContainerBalancerTask (ContainerBalancerTask.java:processMoveSelection(569)) - ContainerBalancer is trying to move container #85 with size 5368709120B from source datanode 95a517a5-7958-4363-895b-2de3c05b493b to target datanode 18aedf09-b378-45a6-82ad-b7b32f4ba85c
2023-06-21 17:31:34,515 [main] DEBUG balancer.ContainerBalancerTask (ContainerBalancerTask.java:lambda$moveContainer$3(834)) - Container move completed for container #85 from source 95a517a5-7958-4363-895b-2de3c05b493b to target 18aedf09-b378-45a6-82ad-b7b32f4ba85c
2023-06-21 17:31:34,515 [main] DEBUG balancer.ContainerBalancerTask (ContainerBalancerTask.java:adaptOnReachingIterationLimits(780)) - Reached max datanodes to involve limit. 2 datanodes have already been selected for balancing and the limit is 2. Only already selected sources and targets can be involved in balancing now.
2023-06-21 17:31:34,517 [main] DEBUG balancer.ContainerBalancerTask (ContainerBalancerTask.java:matchSourceWithTarget(706)) - ContainerBalancer is finding suitable target for source datanode 95a517a5-7958-4363-895b-2de3c05b493b
2023-06-21 17:31:34,517 [main] INFO  balancer.ContainerBalancerTask (ContainerBalancerTask.java:matchSourceWithTarget(720)) - ContainerBalancer matched source datanode 95a517a5-7958-4363-895b-2de3c05b493b with target datanode 18aedf09-b378-45a6-82ad-b7b32f4ba85c for container move.
2023-06-21 17:31:34,517 [main] INFO  balancer.ContainerBalancerTask (ContainerBalancerTask.java:processMoveSelection(569)) - ContainerBalancer is trying to move container #53 with size 5368709120B from source datanode 95a517a5-7958-4363-895b-2de3c05b493b to target datanode 18aedf09-b378-45a6-82ad-b7b32f4ba85c
2023-06-21 17:31:34,517 [main] DEBUG balancer.ContainerBalancerTask (ContainerBalancerTask.java:lambda$moveContainer$3(834)) - Container move completed for container #53 from source 95a517a5-7958-4363-895b-2de3c05b493b to target 18aedf09-b378-45a6-82ad-b7b32f4ba85c
2023-06-21 17:31:34,520 [main] DEBUG balancer.ContainerBalancerTask (ContainerBalancerTask.java:matchSourceWithTarget(706)) - ContainerBalancer is finding suitable target for source datanode 95a517a5-7958-4363-895b-2de3c05b493b
2023-06-21 17:31:34,520 [main] INFO  balancer.ContainerBalancerTask (ContainerBalancerTask.java:matchSourceWithTarget(720)) - ContainerBalancer matched source datanode 95a517a5-7958-4363-895b-2de3c05b493b with target datanode 18aedf09-b378-45a6-82ad-b7b32f4ba85c for container move.
2023-06-21 17:31:34,520 [main] INFO  balancer.ContainerBalancerTask (ContainerBalancerTask.java:processMoveSelection(569)) - ContainerBalancer is trying to move container #29 with size 5368709120B from source datanode 95a517a5-7958-4363-895b-2de3c05b493b to target datanode 18aedf09-b378-45a6-82ad-b7b32f4ba85c
2023-06-21 17:31:34,520 [main] DEBUG balancer.ContainerBalancerTask (ContainerBalancerTask.java:lambda$moveContainer$3(834)) - Container move completed for container #29 from source 95a517a5-7958-4363-895b-2de3c05b493b to target 18aedf09-b378-45a6-82ad-b7b32f4ba85c
2023-06-21 17:31:34,522 [main] DEBUG balancer.ContainerBalancerTask (ContainerBalancerTask.java:matchSourceWithTarget(706)) - ContainerBalancer is finding suitable target for source datanode 95a517a5-7958-4363-895b-2de3c05b493b
2023-06-21 17:31:34,522 [main] INFO  balancer.ContainerBalancerTask (ContainerBalancerTask.java:matchSourceWithTarget(720)) - ContainerBalancer matched source datanode 95a517a5-7958-4363-895b-2de3c05b493b with target datanode 18aedf09-b378-45a6-82ad-b7b32f4ba85c for container move.
2023-06-21 17:31:34,522 [main] INFO  balancer.ContainerBalancerTask (ContainerBalancerTask.java:processMoveSelection(569)) - ContainerBalancer is trying to move container #88 with size 3221225472B from source datanode 95a517a5-7958-4363-895b-2de3c05b493b to target datanode 18aedf09-b378-45a6-82ad-b7b32f4ba85c
2023-06-21 17:31:34,522 [main] DEBUG balancer.ContainerBalancerTask (ContainerBalancerTask.java:lambda$moveContainer$3(834)) - Container move completed for container #88 from source 95a517a5-7958-4363-895b-2de3c05b493b to target 18aedf09-b378-45a6-82ad-b7b32f4ba85c
2023-06-21 17:31:34,524 [main] DEBUG balancer.ContainerBalancerTask (ContainerBalancerTask.java:matchSourceWithTarget(706)) - ContainerBalancer is finding suitable target for source datanode 95a517a5-7958-4363-895b-2de3c05b493b
2023-06-21 17:31:34,525 [main] INFO  balancer.FindTargetGreedyByUsageInfo (AbstractFindTargetGreedy.java:findTargetForContainerMove(133)) - Container Balancer could not find a target for source datanode 95a517a5-7958-4363-895b-2de3c05b493b
2023-06-21 17:31:34,525 [main] DEBUG balancer.ContainerBalancerTask (ContainerBalancerTask.java:matchSourceWithTarget(715)) - ContainerBalancer could not find a suitable target for source node 95a517a5-7958-4363-895b-2de3c05b493b.
2023-06-21 17:31:34,525 [main] INFO  balancer.FindSourceGreedy (FindSourceGreedy.java:getNextCandidateSourceDataNode(126)) - no more candidate source data node
2023-06-21 17:31:34,525 [main] INFO  balancer.ContainerBalancerTask (ContainerBalancerTask.java:checkIterationMoveResults(640)) - Iteration Summary. Number of Datanodes involved: 2. Size moved: 18 GB (19327352832 Bytes). Number of Container moves completed: 4.
2023-06-21 17:31:34,525 [main] INFO  balancer.ContainerBalancerTask (ContainerBalancerTask.java:balance(259)) - Result of this iteration of Container Balancer: ITERATION_COMPLETED
2023-06-21 17:31:34,526 [main] INFO  balancer.ContainerBalancerTask (ContainerBalancerTask.java:tryStopWithSaveConfiguration(308)) - Save Configuration for stopping. Reason: Completed all iterations.
]]></system-out>
  </testcase>
  <testcase name="selectedContainerShouldNotAlreadyHaveBeenSelected" classname="org.apache.hadoop.hdds.scm.container.balancer.TestContainerBalancerTask" time="0.13">
    <system-out><![CDATA[2023-06-21 17:31:34,549 [main] INFO  net.NodeSchemaLoader (NodeSchemaLoader.java:loadSchemaFromFile(129)) - Loading schema from [file:/home/runner/work/ozone/ozone/hadoop-hdds/common/target/classes/network-topology-default.xml]
2023-06-21 17:31:34,550 [main] INFO  net.NodeSchemaLoader (NodeSchemaLoader.java:loadSchema(176)) - Loading network topology layer schema file
2023-06-21 17:31:34,551 [main] INFO  net.NetworkTopologyImpl (NetworkTopologyImpl.java:add(112)) - Added a new node: /default-rack/26244b79-3632-441a-8d2f-3f6fbf27b926
2023-06-21 17:31:34,551 [main] INFO  net.NetworkTopologyImpl (NetworkTopologyImpl.java:add(112)) - Added a new node: /default-rack/a7f7270f-eb79-4f57-a5ef-07e8e2a783e3
2023-06-21 17:31:34,551 [main] INFO  net.NetworkTopologyImpl (NetworkTopologyImpl.java:add(112)) - Added a new node: /default-rack/8ee5cca5-6bf4-44b1-9d0e-fda7c3810158
2023-06-21 17:31:34,551 [main] INFO  net.NetworkTopologyImpl (NetworkTopologyImpl.java:add(112)) - Added a new node: /default-rack/a2a003b8-d3ee-46c7-b7b5-d3818d991b7a
2023-06-21 17:31:34,551 [main] INFO  net.NetworkTopologyImpl (NetworkTopologyImpl.java:add(112)) - Added a new node: /default-rack/30ce8e51-beee-44d1-b5dd-1ae83964f286
2023-06-21 17:31:34,551 [main] INFO  net.NetworkTopologyImpl (NetworkTopologyImpl.java:add(112)) - Added a new node: /default-rack/77e2e8f1-c8d1-4794-8a08-48241323e930
2023-06-21 17:31:34,552 [main] INFO  net.NetworkTopologyImpl (NetworkTopologyImpl.java:add(112)) - Added a new node: /default-rack/ec0d63d1-d12a-442b-877d-cd9566658da9
2023-06-21 17:31:34,552 [main] INFO  net.NetworkTopologyImpl (NetworkTopologyImpl.java:add(112)) - Added a new node: /default-rack/769c9f70-f02c-4474-be95-a0651f50a88f
2023-06-21 17:31:34,552 [main] INFO  net.NetworkTopologyImpl (NetworkTopologyImpl.java:add(112)) - Added a new node: /default-rack/e0a4b6eb-b28c-4ffd-bbe6-00a9e196ed1a
2023-06-21 17:31:34,552 [main] INFO  net.NetworkTopologyImpl (NetworkTopologyImpl.java:add(112)) - Added a new node: /default-rack/7aab880b-e3be-447a-b8f4-d5867c4f62d7
2023-06-21 17:31:34,552 [main] INFO  algorithms.ContainerPlacementPolicyFactory (ContainerPlacementPolicyFactory.java:getPolicyInternal(86)) - Create container placement policy of type org.apache.hadoop.hdds.scm.container.placement.algorithms.SCMContainerPlacementRackAware
2023-06-21 17:31:34,552 [main] INFO  algorithms.ContainerPlacementPolicyFactory (ContainerPlacementPolicyFactory.java:getPolicyInternal(86)) - Create container placement policy of type org.apache.hadoop.hdds.scm.container.placement.algorithms.SCMContainerPlacementRackScatter
2023-06-21 17:31:34,555 [main] DEBUG balancer.ContainerBalancerTask (ContainerBalancerTask.java:initializeIteration(374)) - Average utilization of the cluster is 0.3387803993544212
2023-06-21 17:31:34,555 [main] DEBUG balancer.ContainerBalancerTask (ContainerBalancerTask.java:initializeIteration(386)) - Lower limit for utilization is 0.23878039935442122 and Upper limit for utilization is 0.43878039935442126
2023-06-21 17:31:34,555 [main] DEBUG balancer.ContainerBalancerTask (ContainerBalancerTask.java:initializeIteration(398)) - Utilization for node ec0d63d1-d12a-442b-877d-cd9566658da9 with capacity 60845370026B, used 54760833024B, and remaining 6084537002B is 0.900000000009861
2023-06-21 17:31:34,556 [main] DEBUG balancer.ContainerBalancerTask (ContainerBalancerTask.java:initializeIteration(398)) - Utilization for node 7aab880b-e3be-447a-b8f4-d5867c4f62d7 with capacity 63082332160B, used 50465865728B, and remaining 12616466432B is 0.8
2023-06-21 17:31:34,556 [main] DEBUG balancer.ContainerBalancerTask (ContainerBalancerTask.java:initializeIteration(398)) - Utilization for node 77e2e8f1-c8d1-4794-8a08-48241323e930 with capacity 70560177005B, used 49392123904B, and remaining 21168053101B is 0.7000000000070862
2023-06-21 17:31:34,556 [main] DEBUG balancer.ContainerBalancerTask (ContainerBalancerTask.java:initializeIteration(398)) - Utilization for node 26244b79-3632-441a-8d2f-3f6fbf27b926 with capacity 62634939733B, used 37580963840B, and remaining 25053975893B is 0.6000000000031931
2023-06-21 17:31:34,556 [main] DEBUG balancer.ContainerBalancerTask (ContainerBalancerTask.java:initializeIteration(398)) - Utilization for node 30ce8e51-beee-44d1-b5dd-1ae83964f286 with capacity 77309411328B, used 38654705664B, and remaining 38654705664B is 0.5
2023-06-21 17:31:34,556 [main] DEBUG balancer.ContainerBalancerTask (ContainerBalancerTask.java:initializeIteration(398)) - Utilization for node 8ee5cca5-6bf4-44b1-9d0e-fda7c3810158 with capacity 104689827840B, used 41875931136B, and remaining 62813896704B is 0.4
2023-06-21 17:31:34,556 [main] DEBUG balancer.ContainerBalancerTask (ContainerBalancerTask.java:initializeIteration(398)) - Utilization for node 769c9f70-f02c-4474-be95-a0651f50a88f with capacity 143165576533B, used 42949672960B, and remaining 100215903573B is 0.3000000000006985
2023-06-21 17:31:34,556 [main] DEBUG balancer.ContainerBalancerTask (ContainerBalancerTask.java:initializeIteration(398)) - Utilization for node a7f7270f-eb79-4f57-a5ef-07e8e2a783e3 with capacity 236223201280B, used 47244640256B, and remaining 188978561024B is 0.2
2023-06-21 17:31:34,556 [main] DEBUG balancer.ContainerBalancerTask (ContainerBalancerTask.java:initializeIteration(398)) - Utilization for node e0a4b6eb-b28c-4ffd-bbe6-00a9e196ed1a with capacity 311385128960B, used 31138512896B, and remaining 280246616064B is 0.1
2023-06-21 17:31:34,556 [main] DEBUG balancer.ContainerBalancerTask (ContainerBalancerTask.java:initializeIteration(398)) - Utilization for node a2a003b8-d3ee-46c7-b7b5-d3818d991b7a with capacity 33285996544B, used 0B, and remaining 33285996544B is 0.0
2023-06-21 17:31:34,556 [main] INFO  balancer.ContainerBalancerTask (ContainerBalancerTask.java:initializeIteration(447)) - Container Balancer has identified 5 Over-Utilized and 3 Under-Utilized Datanodes that need to be balanced.
2023-06-21 17:31:34,557 [main] DEBUG balancer.ContainerBalancerTask (ContainerBalancerTask.java:lambda$initializeIteration$1(453)) - Datanode localhost-196.226.191.39 ec0d63d1-d12a-442b-877d-cd9566658da9 is Over-Utilized.
2023-06-21 17:31:34,557 [main] DEBUG balancer.ContainerBalancerTask (ContainerBalancerTask.java:lambda$initializeIteration$1(453)) - Datanode localhost-35.164.218.168 7aab880b-e3be-447a-b8f4-d5867c4f62d7 is Over-Utilized.
2023-06-21 17:31:34,557 [main] DEBUG balancer.ContainerBalancerTask (ContainerBalancerTask.java:lambda$initializeIteration$1(453)) - Datanode localhost-82.247.92.65 77e2e8f1-c8d1-4794-8a08-48241323e930 is Over-Utilized.
2023-06-21 17:31:34,557 [main] DEBUG balancer.ContainerBalancerTask (ContainerBalancerTask.java:lambda$initializeIteration$1(453)) - Datanode localhost-191.246.70.127 26244b79-3632-441a-8d2f-3f6fbf27b926 is Over-Utilized.
2023-06-21 17:31:34,557 [main] DEBUG balancer.ContainerBalancerTask (ContainerBalancerTask.java:lambda$initializeIteration$1(453)) - Datanode localhost-85.225.41.53 30ce8e51-beee-44d1-b5dd-1ae83964f286 is Over-Utilized.
2023-06-21 17:31:34,557 [main] DEBUG balancer.ContainerBalancerTask (ContainerBalancerTask.java:lambda$initializeIteration$2(459)) - Datanode localhost-190.232.202.199 a2a003b8-d3ee-46c7-b7b5-d3818d991b7a is Under-Utilized.
2023-06-21 17:31:34,557 [main] DEBUG balancer.ContainerBalancerTask (ContainerBalancerTask.java:lambda$initializeIteration$2(459)) - Datanode localhost-128.100.205.194 e0a4b6eb-b28c-4ffd-bbe6-00a9e196ed1a is Under-Utilized.
2023-06-21 17:31:34,557 [main] DEBUG balancer.ContainerBalancerTask (ContainerBalancerTask.java:lambda$initializeIteration$2(459)) - Datanode localhost-113.85.66.190 a7f7270f-eb79-4f57-a5ef-07e8e2a783e3 is Under-Utilized.
2023-06-21 17:31:34,559 [main] DEBUG balancer.ContainerBalancerTask (ContainerBalancerTask.java:matchSourceWithTarget(706)) - ContainerBalancer is finding suitable target for source datanode ec0d63d1-d12a-442b-877d-cd9566658da9
2023-06-21 17:31:34,559 [main] INFO  balancer.ContainerBalancerTask (ContainerBalancerTask.java:matchSourceWithTarget(720)) - ContainerBalancer matched source datanode ec0d63d1-d12a-442b-877d-cd9566658da9 with target datanode a2a003b8-d3ee-46c7-b7b5-d3818d991b7a for container move.
2023-06-21 17:31:34,560 [main] INFO  balancer.ContainerBalancerTask (ContainerBalancerTask.java:processMoveSelection(569)) - ContainerBalancer is trying to move container #84 with size 4294967296B from source datanode ec0d63d1-d12a-442b-877d-cd9566658da9 to target datanode a2a003b8-d3ee-46c7-b7b5-d3818d991b7a
2023-06-21 17:31:34,560 [main] DEBUG balancer.ContainerBalancerTask (ContainerBalancerTask.java:lambda$moveContainer$3(834)) - Container move completed for container #84 from source ec0d63d1-d12a-442b-877d-cd9566658da9 to target a2a003b8-d3ee-46c7-b7b5-d3818d991b7a
2023-06-21 17:31:34,562 [main] DEBUG balancer.ContainerBalancerTask (ContainerBalancerTask.java:matchSourceWithTarget(706)) - ContainerBalancer is finding suitable target for source datanode ec0d63d1-d12a-442b-877d-cd9566658da9
2023-06-21 17:31:34,562 [main] INFO  balancer.ContainerBalancerTask (ContainerBalancerTask.java:matchSourceWithTarget(720)) - ContainerBalancer matched source datanode ec0d63d1-d12a-442b-877d-cd9566658da9 with target datanode e0a4b6eb-b28c-4ffd-bbe6-00a9e196ed1a for container move.
2023-06-21 17:31:34,562 [main] INFO  balancer.ContainerBalancerTask (ContainerBalancerTask.java:processMoveSelection(569)) - ContainerBalancer is trying to move container #52 with size 4294967296B from source datanode ec0d63d1-d12a-442b-877d-cd9566658da9 to target datanode e0a4b6eb-b28c-4ffd-bbe6-00a9e196ed1a
2023-06-21 17:31:34,562 [main] DEBUG balancer.ContainerBalancerTask (ContainerBalancerTask.java:lambda$moveContainer$3(834)) - Container move completed for container #52 from source ec0d63d1-d12a-442b-877d-cd9566658da9 to target e0a4b6eb-b28c-4ffd-bbe6-00a9e196ed1a
2023-06-21 17:31:34,565 [main] DEBUG balancer.ContainerBalancerTask (ContainerBalancerTask.java:matchSourceWithTarget(706)) - ContainerBalancer is finding suitable target for source datanode 7aab880b-e3be-447a-b8f4-d5867c4f62d7
2023-06-21 17:31:34,565 [main] INFO  balancer.ContainerBalancerTask (ContainerBalancerTask.java:matchSourceWithTarget(720)) - ContainerBalancer matched source datanode 7aab880b-e3be-447a-b8f4-d5867c4f62d7 with target datanode e0a4b6eb-b28c-4ffd-bbe6-00a9e196ed1a for container move.
2023-06-21 17:31:34,565 [main] INFO  balancer.ContainerBalancerTask (ContainerBalancerTask.java:processMoveSelection(569)) - ContainerBalancer is trying to move container #68 with size 5368709120B from source datanode 7aab880b-e3be-447a-b8f4-d5867c4f62d7 to target datanode e0a4b6eb-b28c-4ffd-bbe6-00a9e196ed1a
2023-06-21 17:31:34,565 [main] DEBUG balancer.ContainerBalancerTask (ContainerBalancerTask.java:lambda$moveContainer$3(834)) - Container move completed for container #68 from source 7aab880b-e3be-447a-b8f4-d5867c4f62d7 to target e0a4b6eb-b28c-4ffd-bbe6-00a9e196ed1a
2023-06-21 17:31:34,567 [main] DEBUG balancer.ContainerBalancerTask (ContainerBalancerTask.java:matchSourceWithTarget(706)) - ContainerBalancer is finding suitable target for source datanode ec0d63d1-d12a-442b-877d-cd9566658da9
2023-06-21 17:31:34,567 [main] INFO  balancer.ContainerBalancerTask (ContainerBalancerTask.java:matchSourceWithTarget(720)) - ContainerBalancer matched source datanode ec0d63d1-d12a-442b-877d-cd9566658da9 with target datanode a2a003b8-d3ee-46c7-b7b5-d3818d991b7a for container move.
2023-06-21 17:31:34,567 [main] INFO  balancer.ContainerBalancerTask (ContainerBalancerTask.java:processMoveSelection(569)) - ContainerBalancer is trying to move container #88 with size 3221225472B from source datanode ec0d63d1-d12a-442b-877d-cd9566658da9 to target datanode a2a003b8-d3ee-46c7-b7b5-d3818d991b7a
2023-06-21 17:31:34,568 [main] DEBUG balancer.ContainerBalancerTask (ContainerBalancerTask.java:lambda$moveContainer$3(834)) - Container move completed for container #88 from source ec0d63d1-d12a-442b-877d-cd9566658da9 to target a2a003b8-d3ee-46c7-b7b5-d3818d991b7a
2023-06-21 17:31:34,570 [main] DEBUG balancer.ContainerBalancerTask (ContainerBalancerTask.java:matchSourceWithTarget(706)) - ContainerBalancer is finding suitable target for source datanode 7aab880b-e3be-447a-b8f4-d5867c4f62d7
2023-06-21 17:31:34,570 [main] INFO  balancer.ContainerBalancerTask (ContainerBalancerTask.java:matchSourceWithTarget(720)) - ContainerBalancer matched source datanode 7aab880b-e3be-447a-b8f4-d5867c4f62d7 with target datanode e0a4b6eb-b28c-4ffd-bbe6-00a9e196ed1a for container move.
2023-06-21 17:31:34,570 [main] INFO  balancer.ContainerBalancerTask (ContainerBalancerTask.java:processMoveSelection(569)) - ContainerBalancer is trying to move container #40 with size 5368709120B from source datanode 7aab880b-e3be-447a-b8f4-d5867c4f62d7 to target datanode e0a4b6eb-b28c-4ffd-bbe6-00a9e196ed1a
2023-06-21 17:31:34,570 [main] DEBUG balancer.ContainerBalancerTask (ContainerBalancerTask.java:lambda$moveContainer$3(834)) - Container move completed for container #40 from source 7aab880b-e3be-447a-b8f4-d5867c4f62d7 to target e0a4b6eb-b28c-4ffd-bbe6-00a9e196ed1a
2023-06-21 17:31:34,573 [main] DEBUG balancer.ContainerBalancerTask (ContainerBalancerTask.java:matchSourceWithTarget(706)) - ContainerBalancer is finding suitable target for source datanode ec0d63d1-d12a-442b-877d-cd9566658da9
2023-06-21 17:31:34,573 [main] INFO  balancer.ContainerBalancerTask (ContainerBalancerTask.java:matchSourceWithTarget(720)) - ContainerBalancer matched source datanode ec0d63d1-d12a-442b-877d-cd9566658da9 with target datanode e0a4b6eb-b28c-4ffd-bbe6-00a9e196ed1a for container move.
2023-06-21 17:31:34,573 [main] INFO  balancer.ContainerBalancerTask (ContainerBalancerTask.java:processMoveSelection(569)) - ContainerBalancer is trying to move container #82 with size 2147483648B from source datanode ec0d63d1-d12a-442b-877d-cd9566658da9 to target datanode e0a4b6eb-b28c-4ffd-bbe6-00a9e196ed1a
2023-06-21 17:31:34,573 [main] DEBUG balancer.ContainerBalancerTask (ContainerBalancerTask.java:lambda$moveContainer$3(834)) - Container move completed for container #82 from source ec0d63d1-d12a-442b-877d-cd9566658da9 to target e0a4b6eb-b28c-4ffd-bbe6-00a9e196ed1a
2023-06-21 17:31:34,575 [main] DEBUG balancer.ContainerBalancerTask (ContainerBalancerTask.java:matchSourceWithTarget(706)) - ContainerBalancer is finding suitable target for source datanode 77e2e8f1-c8d1-4794-8a08-48241323e930
2023-06-21 17:31:34,575 [main] INFO  balancer.ContainerBalancerTask (ContainerBalancerTask.java:matchSourceWithTarget(720)) - ContainerBalancer matched source datanode 77e2e8f1-c8d1-4794-8a08-48241323e930 with target datanode e0a4b6eb-b28c-4ffd-bbe6-00a9e196ed1a for container move.
2023-06-21 17:31:34,576 [main] INFO  balancer.ContainerBalancerTask (ContainerBalancerTask.java:processMoveSelection(569)) - ContainerBalancer is trying to move container #50 with size 2147483648B from source datanode 77e2e8f1-c8d1-4794-8a08-48241323e930 to target datanode e0a4b6eb-b28c-4ffd-bbe6-00a9e196ed1a
2023-06-21 17:31:34,576 [main] DEBUG balancer.ContainerBalancerTask (ContainerBalancerTask.java:lambda$moveContainer$3(834)) - Container move completed for container #50 from source 77e2e8f1-c8d1-4794-8a08-48241323e930 to target e0a4b6eb-b28c-4ffd-bbe6-00a9e196ed1a
2023-06-21 17:31:34,578 [main] DEBUG balancer.ContainerBalancerTask (ContainerBalancerTask.java:matchSourceWithTarget(706)) - ContainerBalancer is finding suitable target for source datanode ec0d63d1-d12a-442b-877d-cd9566658da9
2023-06-21 17:31:34,578 [main] INFO  balancer.ContainerBalancerTask (ContainerBalancerTask.java:matchSourceWithTarget(720)) - ContainerBalancer matched source datanode ec0d63d1-d12a-442b-877d-cd9566658da9 with target datanode e0a4b6eb-b28c-4ffd-bbe6-00a9e196ed1a for container move.
2023-06-21 17:31:34,578 [main] INFO  balancer.ContainerBalancerTask (ContainerBalancerTask.java:processMoveSelection(569)) - ContainerBalancer is trying to move container #10 with size 2147483648B from source datanode ec0d63d1-d12a-442b-877d-cd9566658da9 to target datanode e0a4b6eb-b28c-4ffd-bbe6-00a9e196ed1a
2023-06-21 17:31:34,578 [main] DEBUG balancer.ContainerBalancerTask (ContainerBalancerTask.java:lambda$moveContainer$3(834)) - Container move completed for container #10 from source ec0d63d1-d12a-442b-877d-cd9566658da9 to target e0a4b6eb-b28c-4ffd-bbe6-00a9e196ed1a
2023-06-21 17:31:34,581 [main] DEBUG balancer.ContainerBalancerTask (ContainerBalancerTask.java:matchSourceWithTarget(706)) - ContainerBalancer is finding suitable target for source datanode 77e2e8f1-c8d1-4794-8a08-48241323e930
2023-06-21 17:31:34,581 [main] INFO  balancer.ContainerBalancerTask (ContainerBalancerTask.java:matchSourceWithTarget(720)) - ContainerBalancer matched source datanode 77e2e8f1-c8d1-4794-8a08-48241323e930 with target datanode e0a4b6eb-b28c-4ffd-bbe6-00a9e196ed1a for container move.
2023-06-21 17:31:34,581 [main] INFO  balancer.ContainerBalancerTask (ContainerBalancerTask.java:processMoveSelection(569)) - ContainerBalancer is trying to move container #16 with size 1073741824B from source datanode 77e2e8f1-c8d1-4794-8a08-48241323e930 to target datanode e0a4b6eb-b28c-4ffd-bbe6-00a9e196ed1a
2023-06-21 17:31:34,581 [main] DEBUG balancer.ContainerBalancerTask (ContainerBalancerTask.java:lambda$moveContainer$3(834)) - Container move completed for container #16 from source 77e2e8f1-c8d1-4794-8a08-48241323e930 to target e0a4b6eb-b28c-4ffd-bbe6-00a9e196ed1a
2023-06-21 17:31:34,584 [main] DEBUG balancer.ContainerBalancerTask (ContainerBalancerTask.java:matchSourceWithTarget(706)) - ContainerBalancer is finding suitable target for source datanode 77e2e8f1-c8d1-4794-8a08-48241323e930
2023-06-21 17:31:34,584 [main] INFO  balancer.ContainerBalancerTask (ContainerBalancerTask.java:matchSourceWithTarget(720)) - ContainerBalancer matched source datanode 77e2e8f1-c8d1-4794-8a08-48241323e930 with target datanode a2a003b8-d3ee-46c7-b7b5-d3818d991b7a for container move.
2023-06-21 17:31:34,584 [main] INFO  balancer.ContainerBalancerTask (ContainerBalancerTask.java:processMoveSelection(569)) - ContainerBalancer is trying to move container #54 with size 1073741824B from source datanode 77e2e8f1-c8d1-4794-8a08-48241323e930 to target datanode a2a003b8-d3ee-46c7-b7b5-d3818d991b7a
2023-06-21 17:31:34,584 [main] DEBUG balancer.ContainerBalancerTask (ContainerBalancerTask.java:lambda$moveContainer$3(834)) - Container move completed for container #54 from source 77e2e8f1-c8d1-4794-8a08-48241323e930 to target a2a003b8-d3ee-46c7-b7b5-d3818d991b7a
2023-06-21 17:31:34,586 [main] DEBUG balancer.ContainerBalancerTask (ContainerBalancerTask.java:matchSourceWithTarget(699)) - ContainerBalancer could not find any candidate containers for datanode 77e2e8f1-c8d1-4794-8a08-48241323e930
2023-06-21 17:31:34,589 [main] DEBUG balancer.ContainerBalancerTask (ContainerBalancerTask.java:matchSourceWithTarget(706)) - ContainerBalancer is finding suitable target for source datanode ec0d63d1-d12a-442b-877d-cd9566658da9
2023-06-21 17:31:34,589 [main] INFO  balancer.ContainerBalancerTask (ContainerBalancerTask.java:matchSourceWithTarget(720)) - ContainerBalancer matched source datanode ec0d63d1-d12a-442b-877d-cd9566658da9 with target datanode e0a4b6eb-b28c-4ffd-bbe6-00a9e196ed1a for container move.
2023-06-21 17:31:34,589 [main] INFO  balancer.ContainerBalancerTask (ContainerBalancerTask.java:processMoveSelection(569)) - ContainerBalancer is trying to move container #86 with size 1073741824B from source datanode ec0d63d1-d12a-442b-877d-cd9566658da9 to target datanode e0a4b6eb-b28c-4ffd-bbe6-00a9e196ed1a
2023-06-21 17:31:34,590 [main] DEBUG balancer.ContainerBalancerTask (ContainerBalancerTask.java:lambda$moveContainer$3(834)) - Container move completed for container #86 from source ec0d63d1-d12a-442b-877d-cd9566658da9 to target e0a4b6eb-b28c-4ffd-bbe6-00a9e196ed1a
2023-06-21 17:31:34,592 [main] DEBUG balancer.ContainerBalancerTask (ContainerBalancerTask.java:matchSourceWithTarget(706)) - ContainerBalancer is finding suitable target for source datanode 7aab880b-e3be-447a-b8f4-d5867c4f62d7
2023-06-21 17:31:34,593 [main] INFO  balancer.ContainerBalancerTask (ContainerBalancerTask.java:matchSourceWithTarget(720)) - ContainerBalancer matched source datanode 7aab880b-e3be-447a-b8f4-d5867c4f62d7 with target datanode e0a4b6eb-b28c-4ffd-bbe6-00a9e196ed1a for container move.
2023-06-21 17:31:34,593 [main] INFO  balancer.ContainerBalancerTask (ContainerBalancerTask.java:processMoveSelection(569)) - ContainerBalancer is trying to move container #66 with size 3221225472B from source datanode 7aab880b-e3be-447a-b8f4-d5867c4f62d7 to target datanode e0a4b6eb-b28c-4ffd-bbe6-00a9e196ed1a
2023-06-21 17:31:34,593 [main] DEBUG balancer.ContainerBalancerTask (ContainerBalancerTask.java:lambda$moveContainer$3(834)) - Container move completed for container #66 from source 7aab880b-e3be-447a-b8f4-d5867c4f62d7 to target e0a4b6eb-b28c-4ffd-bbe6-00a9e196ed1a
2023-06-21 17:31:34,596 [main] DEBUG balancer.ContainerBalancerTask (ContainerBalancerTask.java:matchSourceWithTarget(706)) - ContainerBalancer is finding suitable target for source datanode ec0d63d1-d12a-442b-877d-cd9566658da9
2023-06-21 17:31:34,596 [main] INFO  balancer.ContainerBalancerTask (ContainerBalancerTask.java:matchSourceWithTarget(720)) - ContainerBalancer matched source datanode ec0d63d1-d12a-442b-877d-cd9566658da9 with target datanode e0a4b6eb-b28c-4ffd-bbe6-00a9e196ed1a for container move.
2023-06-21 17:31:34,596 [main] INFO  balancer.ContainerBalancerTask (ContainerBalancerTask.java:processMoveSelection(569)) - ContainerBalancer is trying to move container #4 with size 1073741824B from source datanode ec0d63d1-d12a-442b-877d-cd9566658da9 to target datanode e0a4b6eb-b28c-4ffd-bbe6-00a9e196ed1a
2023-06-21 17:31:34,596 [main] DEBUG balancer.ContainerBalancerTask (ContainerBalancerTask.java:lambda$moveContainer$3(834)) - Container move completed for container #4 from source ec0d63d1-d12a-442b-877d-cd9566658da9 to target e0a4b6eb-b28c-4ffd-bbe6-00a9e196ed1a
2023-06-21 17:31:34,599 [main] DEBUG balancer.ContainerBalancerTask (ContainerBalancerTask.java:matchSourceWithTarget(699)) - ContainerBalancer could not find any candidate containers for datanode ec0d63d1-d12a-442b-877d-cd9566658da9
2023-06-21 17:31:34,600 [main] DEBUG balancer.ContainerBalancerTask (ContainerBalancerTask.java:matchSourceWithTarget(706)) - ContainerBalancer is finding suitable target for source datanode 26244b79-3632-441a-8d2f-3f6fbf27b926
2023-06-21 17:31:34,600 [main] INFO  balancer.ContainerBalancerTask (ContainerBalancerTask.java:matchSourceWithTarget(720)) - ContainerBalancer matched source datanode 26244b79-3632-441a-8d2f-3f6fbf27b926 with target datanode e0a4b6eb-b28c-4ffd-bbe6-00a9e196ed1a for container move.
2023-06-21 17:31:34,600 [main] INFO  balancer.ContainerBalancerTask (ContainerBalancerTask.java:processMoveSelection(569)) - ContainerBalancer is trying to move container #38 with size 3221225472B from source datanode 26244b79-3632-441a-8d2f-3f6fbf27b926 to target datanode e0a4b6eb-b28c-4ffd-bbe6-00a9e196ed1a
2023-06-21 17:31:34,600 [main] DEBUG balancer.ContainerBalancerTask (ContainerBalancerTask.java:lambda$moveContainer$3(834)) - Container move completed for container #38 from source 26244b79-3632-441a-8d2f-3f6fbf27b926 to target e0a4b6eb-b28c-4ffd-bbe6-00a9e196ed1a
2023-06-21 17:31:34,603 [main] DEBUG balancer.ContainerBalancerTask (ContainerBalancerTask.java:matchSourceWithTarget(706)) - ContainerBalancer is finding suitable target for source datanode 7aab880b-e3be-447a-b8f4-d5867c4f62d7
2023-06-21 17:31:34,603 [main] INFO  balancer.ContainerBalancerTask (ContainerBalancerTask.java:matchSourceWithTarget(720)) - ContainerBalancer matched source datanode 7aab880b-e3be-447a-b8f4-d5867c4f62d7 with target datanode a7f7270f-eb79-4f57-a5ef-07e8e2a783e3 for container move.
2023-06-21 17:31:34,604 [main] INFO  balancer.ContainerBalancerTask (ContainerBalancerTask.java:processMoveSelection(569)) - ContainerBalancer is trying to move container #64 with size 1073741824B from source datanode 7aab880b-e3be-447a-b8f4-d5867c4f62d7 to target datanode a7f7270f-eb79-4f57-a5ef-07e8e2a783e3
2023-06-21 17:31:34,604 [main] DEBUG balancer.ContainerBalancerTask (ContainerBalancerTask.java:lambda$moveContainer$3(834)) - Container move completed for container #64 from source 7aab880b-e3be-447a-b8f4-d5867c4f62d7 to target a7f7270f-eb79-4f57-a5ef-07e8e2a783e3
2023-06-21 17:31:34,607 [main] DEBUG balancer.ContainerBalancerTask (ContainerBalancerTask.java:matchSourceWithTarget(706)) - ContainerBalancer is finding suitable target for source datanode 7aab880b-e3be-447a-b8f4-d5867c4f62d7
2023-06-21 17:31:34,607 [main] INFO  balancer.ContainerBalancerTask (ContainerBalancerTask.java:matchSourceWithTarget(720)) - ContainerBalancer matched source datanode 7aab880b-e3be-447a-b8f4-d5867c4f62d7 with target datanode e0a4b6eb-b28c-4ffd-bbe6-00a9e196ed1a for container move.
2023-06-21 17:31:34,607 [main] INFO  balancer.ContainerBalancerTask (ContainerBalancerTask.java:processMoveSelection(569)) - ContainerBalancer is trying to move container #70 with size 2147483648B from source datanode 7aab880b-e3be-447a-b8f4-d5867c4f62d7 to target datanode e0a4b6eb-b28c-4ffd-bbe6-00a9e196ed1a
2023-06-21 17:31:34,607 [main] DEBUG balancer.ContainerBalancerTask (ContainerBalancerTask.java:lambda$moveContainer$3(834)) - Container move completed for container #70 from source 7aab880b-e3be-447a-b8f4-d5867c4f62d7 to target e0a4b6eb-b28c-4ffd-bbe6-00a9e196ed1a
2023-06-21 17:31:34,608 [main] DEBUG balancer.ContainerBalancerTask (ContainerBalancerTask.java:matchSourceWithTarget(706)) - ContainerBalancer is finding suitable target for source datanode 26244b79-3632-441a-8d2f-3f6fbf27b926
2023-06-21 17:31:34,608 [main] INFO  balancer.ContainerBalancerTask (ContainerBalancerTask.java:matchSourceWithTarget(720)) - ContainerBalancer matched source datanode 26244b79-3632-441a-8d2f-3f6fbf27b926 with target datanode e0a4b6eb-b28c-4ffd-bbe6-00a9e196ed1a for container move.
2023-06-21 17:31:34,609 [main] INFO  balancer.ContainerBalancerTask (ContainerBalancerTask.java:processMoveSelection(569)) - ContainerBalancer is trying to move container #36 with size 1073741824B from source datanode 26244b79-3632-441a-8d2f-3f6fbf27b926 to target datanode e0a4b6eb-b28c-4ffd-bbe6-00a9e196ed1a
2023-06-21 17:31:34,609 [main] DEBUG balancer.ContainerBalancerTask (ContainerBalancerTask.java:lambda$moveContainer$3(834)) - Container move completed for container #36 from source 26244b79-3632-441a-8d2f-3f6fbf27b926 to target e0a4b6eb-b28c-4ffd-bbe6-00a9e196ed1a
2023-06-21 17:31:34,610 [main] DEBUG balancer.ContainerBalancerTask (ContainerBalancerTask.java:matchSourceWithTarget(699)) - ContainerBalancer could not find any candidate containers for datanode 26244b79-3632-441a-8d2f-3f6fbf27b926
2023-06-21 17:31:34,613 [main] DEBUG balancer.ContainerBalancerTask (ContainerBalancerTask.java:matchSourceWithTarget(699)) - ContainerBalancer could not find any candidate containers for datanode 7aab880b-e3be-447a-b8f4-d5867c4f62d7
2023-06-21 17:31:34,614 [main] DEBUG balancer.ContainerBalancerTask (ContainerBalancerTask.java:matchSourceWithTarget(706)) - ContainerBalancer is finding suitable target for source datanode 30ce8e51-beee-44d1-b5dd-1ae83964f286
2023-06-21 17:31:34,615 [main] INFO  balancer.ContainerBalancerTask (ContainerBalancerTask.java:matchSourceWithTarget(720)) - ContainerBalancer matched source datanode 30ce8e51-beee-44d1-b5dd-1ae83964f286 with target datanode a7f7270f-eb79-4f57-a5ef-07e8e2a783e3 for container move.
2023-06-21 17:31:34,615 [main] INFO  balancer.ContainerBalancerTask (ContainerBalancerTask.java:processMoveSelection(569)) - ContainerBalancer is trying to move container #28 with size 4294967296B from source datanode 30ce8e51-beee-44d1-b5dd-1ae83964f286 to target datanode a7f7270f-eb79-4f57-a5ef-07e8e2a783e3
2023-06-21 17:31:34,615 [main] DEBUG balancer.ContainerBalancerTask (ContainerBalancerTask.java:lambda$moveContainer$3(834)) - Container move completed for container #28 from source 30ce8e51-beee-44d1-b5dd-1ae83964f286 to target a7f7270f-eb79-4f57-a5ef-07e8e2a783e3
2023-06-21 17:31:34,616 [main] DEBUG balancer.ContainerBalancerTask (ContainerBalancerTask.java:matchSourceWithTarget(706)) - ContainerBalancer is finding suitable target for source datanode 30ce8e51-beee-44d1-b5dd-1ae83964f286
2023-06-21 17:31:34,616 [main] INFO  balancer.ContainerBalancerTask (ContainerBalancerTask.java:matchSourceWithTarget(720)) - ContainerBalancer matched source datanode 30ce8e51-beee-44d1-b5dd-1ae83964f286 with target datanode e0a4b6eb-b28c-4ffd-bbe6-00a9e196ed1a for container move.
2023-06-21 17:31:34,616 [main] INFO  balancer.ContainerBalancerTask (ContainerBalancerTask.java:processMoveSelection(569)) - ContainerBalancer is trying to move container #26 with size 2147483648B from source datanode 30ce8e51-beee-44d1-b5dd-1ae83964f286 to target datanode e0a4b6eb-b28c-4ffd-bbe6-00a9e196ed1a
2023-06-21 17:31:34,617 [main] DEBUG balancer.ContainerBalancerTask (ContainerBalancerTask.java:lambda$moveContainer$3(834)) - Container move completed for container #26 from source 30ce8e51-beee-44d1-b5dd-1ae83964f286 to target e0a4b6eb-b28c-4ffd-bbe6-00a9e196ed1a
2023-06-21 17:31:34,618 [main] DEBUG balancer.ContainerBalancerTask (ContainerBalancerTask.java:matchSourceWithTarget(699)) - ContainerBalancer could not find any candidate containers for datanode 30ce8e51-beee-44d1-b5dd-1ae83964f286
2023-06-21 17:31:34,618 [main] INFO  balancer.FindSourceGreedy (FindSourceGreedy.java:getNextCandidateSourceDataNode(126)) - no more candidate source data node
2023-06-21 17:31:34,618 [main] INFO  balancer.ContainerBalancerTask (ContainerBalancerTask.java:checkIterationMoveResults(640)) - Iteration Summary. Number of Datanodes involved: 8. Size moved: 47 GB (50465865728 Bytes). Number of Container moves completed: 19.
2023-06-21 17:31:34,618 [main] INFO  balancer.ContainerBalancerTask (ContainerBalancerTask.java:balance(259)) - Result of this iteration of Container Balancer: ITERATION_COMPLETED
2023-06-21 17:31:34,618 [main] INFO  balancer.ContainerBalancerTask (ContainerBalancerTask.java:tryStopWithSaveConfiguration(308)) - Save Configuration for stopping. Reason: Completed all iterations.
2023-06-21 17:31:34,619 [main] DEBUG balancer.ContainerBalancerTask (ContainerBalancerTask.java:initializeIteration(374)) - Average utilization of the cluster is 0.3387803993544212
2023-06-21 17:31:34,619 [main] DEBUG balancer.ContainerBalancerTask (ContainerBalancerTask.java:initializeIteration(386)) - Lower limit for utilization is 0.23878039935442122 and Upper limit for utilization is 0.43878039935442126
2023-06-21 17:31:34,619 [main] DEBUG balancer.ContainerBalancerTask (ContainerBalancerTask.java:initializeIteration(398)) - Utilization for node ec0d63d1-d12a-442b-877d-cd9566658da9 with capacity 60845370026B, used 54760833024B, and remaining 6084537002B is 0.900000000009861
2023-06-21 17:31:34,620 [main] DEBUG balancer.ContainerBalancerTask (ContainerBalancerTask.java:initializeIteration(398)) - Utilization for node 7aab880b-e3be-447a-b8f4-d5867c4f62d7 with capacity 63082332160B, used 50465865728B, and remaining 12616466432B is 0.8
2023-06-21 17:31:34,620 [main] DEBUG balancer.ContainerBalancerTask (ContainerBalancerTask.java:initializeIteration(398)) - Utilization for node 77e2e8f1-c8d1-4794-8a08-48241323e930 with capacity 70560177005B, used 49392123904B, and remaining 21168053101B is 0.7000000000070862
2023-06-21 17:31:34,620 [main] DEBUG balancer.ContainerBalancerTask (ContainerBalancerTask.java:initializeIteration(398)) - Utilization for node 26244b79-3632-441a-8d2f-3f6fbf27b926 with capacity 62634939733B, used 37580963840B, and remaining 25053975893B is 0.6000000000031931
2023-06-21 17:31:34,620 [main] DEBUG balancer.ContainerBalancerTask (ContainerBalancerTask.java:initializeIteration(398)) - Utilization for node 30ce8e51-beee-44d1-b5dd-1ae83964f286 with capacity 77309411328B, used 38654705664B, and remaining 38654705664B is 0.5
2023-06-21 17:31:34,620 [main] DEBUG balancer.ContainerBalancerTask (ContainerBalancerTask.java:initializeIteration(398)) - Utilization for node 8ee5cca5-6bf4-44b1-9d0e-fda7c3810158 with capacity 104689827840B, used 41875931136B, and remaining 62813896704B is 0.4
2023-06-21 17:31:34,620 [main] DEBUG balancer.ContainerBalancerTask (ContainerBalancerTask.java:initializeIteration(398)) - Utilization for node 769c9f70-f02c-4474-be95-a0651f50a88f with capacity 143165576533B, used 42949672960B, and remaining 100215903573B is 0.3000000000006985
2023-06-21 17:31:34,620 [main] DEBUG balancer.ContainerBalancerTask (ContainerBalancerTask.java:initializeIteration(398)) - Utilization for node a7f7270f-eb79-4f57-a5ef-07e8e2a783e3 with capacity 236223201280B, used 47244640256B, and remaining 188978561024B is 0.2
2023-06-21 17:31:34,620 [main] DEBUG balancer.ContainerBalancerTask (ContainerBalancerTask.java:initializeIteration(398)) - Utilization for node e0a4b6eb-b28c-4ffd-bbe6-00a9e196ed1a with capacity 311385128960B, used 31138512896B, and remaining 280246616064B is 0.1
2023-06-21 17:31:34,620 [main] DEBUG balancer.ContainerBalancerTask (ContainerBalancerTask.java:initializeIteration(398)) - Utilization for node a2a003b8-d3ee-46c7-b7b5-d3818d991b7a with capacity 33285996544B, used 0B, and remaining 33285996544B is 0.0
2023-06-21 17:31:34,620 [main] INFO  balancer.ContainerBalancerTask (ContainerBalancerTask.java:initializeIteration(447)) - Container Balancer has identified 5 Over-Utilized and 3 Under-Utilized Datanodes that need to be balanced.
2023-06-21 17:31:34,620 [main] DEBUG balancer.ContainerBalancerTask (ContainerBalancerTask.java:lambda$initializeIteration$1(453)) - Datanode localhost-196.226.191.39 ec0d63d1-d12a-442b-877d-cd9566658da9 is Over-Utilized.
2023-06-21 17:31:34,620 [main] DEBUG balancer.ContainerBalancerTask (ContainerBalancerTask.java:lambda$initializeIteration$1(453)) - Datanode localhost-35.164.218.168 7aab880b-e3be-447a-b8f4-d5867c4f62d7 is Over-Utilized.
2023-06-21 17:31:34,621 [main] DEBUG balancer.ContainerBalancerTask (ContainerBalancerTask.java:lambda$initializeIteration$1(453)) - Datanode localhost-82.247.92.65 77e2e8f1-c8d1-4794-8a08-48241323e930 is Over-Utilized.
2023-06-21 17:31:34,621 [main] DEBUG balancer.ContainerBalancerTask (ContainerBalancerTask.java:lambda$initializeIteration$1(453)) - Datanode localhost-191.246.70.127 26244b79-3632-441a-8d2f-3f6fbf27b926 is Over-Utilized.
2023-06-21 17:31:34,621 [main] DEBUG balancer.ContainerBalancerTask (ContainerBalancerTask.java:lambda$initializeIteration$1(453)) - Datanode localhost-85.225.41.53 30ce8e51-beee-44d1-b5dd-1ae83964f286 is Over-Utilized.
2023-06-21 17:31:34,621 [main] DEBUG balancer.ContainerBalancerTask (ContainerBalancerTask.java:lambda$initializeIteration$2(459)) - Datanode localhost-190.232.202.199 a2a003b8-d3ee-46c7-b7b5-d3818d991b7a is Under-Utilized.
2023-06-21 17:31:34,621 [main] DEBUG balancer.ContainerBalancerTask (ContainerBalancerTask.java:lambda$initializeIteration$2(459)) - Datanode localhost-128.100.205.194 e0a4b6eb-b28c-4ffd-bbe6-00a9e196ed1a is Under-Utilized.
2023-06-21 17:31:34,621 [main] DEBUG balancer.ContainerBalancerTask (ContainerBalancerTask.java:lambda$initializeIteration$2(459)) - Datanode localhost-113.85.66.190 a7f7270f-eb79-4f57-a5ef-07e8e2a783e3 is Under-Utilized.
2023-06-21 17:31:34,623 [main] DEBUG balancer.ContainerBalancerTask (ContainerBalancerTask.java:matchSourceWithTarget(706)) - ContainerBalancer is finding suitable target for source datanode ec0d63d1-d12a-442b-877d-cd9566658da9
2023-06-21 17:31:34,623 [main] INFO  balancer.ContainerBalancerTask (ContainerBalancerTask.java:matchSourceWithTarget(720)) - ContainerBalancer matched source datanode ec0d63d1-d12a-442b-877d-cd9566658da9 with target datanode a2a003b8-d3ee-46c7-b7b5-d3818d991b7a for container move.
2023-06-21 17:31:34,623 [main] INFO  balancer.ContainerBalancerTask (ContainerBalancerTask.java:processMoveSelection(569)) - ContainerBalancer is trying to move container #85 with size 5368709120B from source datanode ec0d63d1-d12a-442b-877d-cd9566658da9 to target datanode a2a003b8-d3ee-46c7-b7b5-d3818d991b7a
2023-06-21 17:31:34,624 [main] DEBUG balancer.ContainerBalancerTask (ContainerBalancerTask.java:lambda$moveContainer$3(834)) - Container move completed for container #85 from source ec0d63d1-d12a-442b-877d-cd9566658da9 to target a2a003b8-d3ee-46c7-b7b5-d3818d991b7a
2023-06-21 17:31:34,626 [main] DEBUG balancer.ContainerBalancerTask (ContainerBalancerTask.java:matchSourceWithTarget(706)) - ContainerBalancer is finding suitable target for source datanode ec0d63d1-d12a-442b-877d-cd9566658da9
2023-06-21 17:31:34,626 [main] INFO  balancer.ContainerBalancerTask (ContainerBalancerTask.java:matchSourceWithTarget(720)) - ContainerBalancer matched source datanode ec0d63d1-d12a-442b-877d-cd9566658da9 with target datanode e0a4b6eb-b28c-4ffd-bbe6-00a9e196ed1a for container move.
2023-06-21 17:31:34,626 [main] INFO  balancer.ContainerBalancerTask (ContainerBalancerTask.java:processMoveSelection(569)) - ContainerBalancer is trying to move container #29 with size 5368709120B from source datanode ec0d63d1-d12a-442b-877d-cd9566658da9 to target datanode e0a4b6eb-b28c-4ffd-bbe6-00a9e196ed1a
2023-06-21 17:31:34,626 [main] DEBUG balancer.ContainerBalancerTask (ContainerBalancerTask.java:lambda$moveContainer$3(834)) - Container move completed for container #29 from source ec0d63d1-d12a-442b-877d-cd9566658da9 to target e0a4b6eb-b28c-4ffd-bbe6-00a9e196ed1a
2023-06-21 17:31:34,629 [main] DEBUG balancer.ContainerBalancerTask (ContainerBalancerTask.java:matchSourceWithTarget(706)) - ContainerBalancer is finding suitable target for source datanode 7aab880b-e3be-447a-b8f4-d5867c4f62d7
2023-06-21 17:31:34,629 [main] INFO  balancer.ContainerBalancerTask (ContainerBalancerTask.java:matchSourceWithTarget(720)) - ContainerBalancer matched source datanode 7aab880b-e3be-447a-b8f4-d5867c4f62d7 with target datanode e0a4b6eb-b28c-4ffd-bbe6-00a9e196ed1a for container move.
2023-06-21 17:31:34,629 [main] INFO  balancer.ContainerBalancerTask (ContainerBalancerTask.java:processMoveSelection(569)) - ContainerBalancer is trying to move container #68 with size 5368709120B from source datanode 7aab880b-e3be-447a-b8f4-d5867c4f62d7 to target datanode e0a4b6eb-b28c-4ffd-bbe6-00a9e196ed1a
2023-06-21 17:31:34,629 [main] DEBUG balancer.ContainerBalancerTask (ContainerBalancerTask.java:lambda$moveContainer$3(834)) - Container move completed for container #68 from source 7aab880b-e3be-447a-b8f4-d5867c4f62d7 to target e0a4b6eb-b28c-4ffd-bbe6-00a9e196ed1a
2023-06-21 17:31:34,631 [main] DEBUG balancer.ContainerBalancerTask (ContainerBalancerTask.java:matchSourceWithTarget(706)) - ContainerBalancer is finding suitable target for source datanode ec0d63d1-d12a-442b-877d-cd9566658da9
2023-06-21 17:31:34,632 [main] INFO  balancer.ContainerBalancerTask (ContainerBalancerTask.java:matchSourceWithTarget(720)) - ContainerBalancer matched source datanode ec0d63d1-d12a-442b-877d-cd9566658da9 with target datanode e0a4b6eb-b28c-4ffd-bbe6-00a9e196ed1a for container move.
2023-06-21 17:31:34,632 [main] INFO  balancer.ContainerBalancerTask (ContainerBalancerTask.java:processMoveSelection(569)) - ContainerBalancer is trying to move container #89 with size 4294967296B from source datanode ec0d63d1-d12a-442b-877d-cd9566658da9 to target datanode e0a4b6eb-b28c-4ffd-bbe6-00a9e196ed1a
2023-06-21 17:31:34,632 [main] DEBUG balancer.ContainerBalancerTask (ContainerBalancerTask.java:lambda$moveContainer$3(834)) - Container move completed for container #89 from source ec0d63d1-d12a-442b-877d-cd9566658da9 to target e0a4b6eb-b28c-4ffd-bbe6-00a9e196ed1a
2023-06-21 17:31:34,635 [main] DEBUG balancer.ContainerBalancerTask (ContainerBalancerTask.java:matchSourceWithTarget(706)) - ContainerBalancer is finding suitable target for source datanode 7aab880b-e3be-447a-b8f4-d5867c4f62d7
2023-06-21 17:31:34,635 [main] INFO  balancer.ContainerBalancerTask (ContainerBalancerTask.java:matchSourceWithTarget(720)) - ContainerBalancer matched source datanode 7aab880b-e3be-447a-b8f4-d5867c4f62d7 with target datanode e0a4b6eb-b28c-4ffd-bbe6-00a9e196ed1a for container move.
2023-06-21 17:31:34,635 [main] INFO  balancer.ContainerBalancerTask (ContainerBalancerTask.java:processMoveSelection(569)) - ContainerBalancer is trying to move container #40 with size 5368709120B from source datanode 7aab880b-e3be-447a-b8f4-d5867c4f62d7 to target datanode e0a4b6eb-b28c-4ffd-bbe6-00a9e196ed1a
2023-06-21 17:31:34,635 [main] DEBUG balancer.ContainerBalancerTask (ContainerBalancerTask.java:lambda$moveContainer$3(834)) - Container move completed for container #40 from source 7aab880b-e3be-447a-b8f4-d5867c4f62d7 to target e0a4b6eb-b28c-4ffd-bbe6-00a9e196ed1a
2023-06-21 17:31:34,637 [main] DEBUG balancer.ContainerBalancerTask (ContainerBalancerTask.java:matchSourceWithTarget(706)) - ContainerBalancer is finding suitable target for source datanode 77e2e8f1-c8d1-4794-8a08-48241323e930
2023-06-21 17:31:34,637 [main] INFO  balancer.ContainerBalancerTask (ContainerBalancerTask.java:matchSourceWithTarget(720)) - ContainerBalancer matched source datanode 77e2e8f1-c8d1-4794-8a08-48241323e930 with target datanode a2a003b8-d3ee-46c7-b7b5-d3818d991b7a for container move.
2023-06-21 17:31:34,638 [main] INFO  balancer.ContainerBalancerTask (ContainerBalancerTask.java:processMoveSelection(569)) - ContainerBalancer is trying to move container #53 with size 5368709120B from source datanode 77e2e8f1-c8d1-4794-8a08-48241323e930 to target datanode a2a003b8-d3ee-46c7-b7b5-d3818d991b7a
2023-06-21 17:31:34,638 [main] DEBUG balancer.ContainerBalancerTask (ContainerBalancerTask.java:lambda$moveContainer$3(834)) - Container move completed for container #53 from source 77e2e8f1-c8d1-4794-8a08-48241323e930 to target a2a003b8-d3ee-46c7-b7b5-d3818d991b7a
2023-06-21 17:31:34,640 [main] DEBUG balancer.ContainerBalancerTask (ContainerBalancerTask.java:matchSourceWithTarget(706)) - ContainerBalancer is finding suitable target for source datanode ec0d63d1-d12a-442b-877d-cd9566658da9
2023-06-21 17:31:34,642 [main] INFO  balancer.ContainerBalancerTask (ContainerBalancerTask.java:matchSourceWithTarget(720)) - ContainerBalancer matched source datanode ec0d63d1-d12a-442b-877d-cd9566658da9 with target datanode e0a4b6eb-b28c-4ffd-bbe6-00a9e196ed1a for container move.
2023-06-21 17:31:34,642 [main] INFO  balancer.ContainerBalancerTask (ContainerBalancerTask.java:processMoveSelection(569)) - ContainerBalancer is trying to move container #84 with size 4294967296B from source datanode ec0d63d1-d12a-442b-877d-cd9566658da9 to target datanode e0a4b6eb-b28c-4ffd-bbe6-00a9e196ed1a
2023-06-21 17:31:34,642 [main] DEBUG balancer.ContainerBalancerTask (ContainerBalancerTask.java:lambda$moveContainer$3(834)) - Container move completed for container #84 from source ec0d63d1-d12a-442b-877d-cd9566658da9 to target e0a4b6eb-b28c-4ffd-bbe6-00a9e196ed1a
2023-06-21 17:31:34,645 [main] DEBUG balancer.ContainerBalancerTask (ContainerBalancerTask.java:matchSourceWithTarget(706)) - ContainerBalancer is finding suitable target for source datanode 7aab880b-e3be-447a-b8f4-d5867c4f62d7
2023-06-21 17:31:34,645 [main] INFO  balancer.ContainerBalancerTask (ContainerBalancerTask.java:matchSourceWithTarget(720)) - ContainerBalancer matched source datanode 7aab880b-e3be-447a-b8f4-d5867c4f62d7 with target datanode e0a4b6eb-b28c-4ffd-bbe6-00a9e196ed1a for container move.
2023-06-21 17:31:34,645 [main] INFO  balancer.ContainerBalancerTask (ContainerBalancerTask.java:processMoveSelection(569)) - ContainerBalancer is trying to move container #66 with size 3221225472B from source datanode 7aab880b-e3be-447a-b8f4-d5867c4f62d7 to target datanode e0a4b6eb-b28c-4ffd-bbe6-00a9e196ed1a
2023-06-21 17:31:34,645 [main] DEBUG balancer.ContainerBalancerTask (ContainerBalancerTask.java:lambda$moveContainer$3(834)) - Container move completed for container #66 from source 7aab880b-e3be-447a-b8f4-d5867c4f62d7 to target e0a4b6eb-b28c-4ffd-bbe6-00a9e196ed1a
2023-06-21 17:31:34,647 [main] DEBUG balancer.ContainerBalancerTask (ContainerBalancerTask.java:matchSourceWithTarget(706)) - ContainerBalancer is finding suitable target for source datanode 77e2e8f1-c8d1-4794-8a08-48241323e930
2023-06-21 17:31:34,647 [main] INFO  balancer.ContainerBalancerTask (ContainerBalancerTask.java:matchSourceWithTarget(720)) - ContainerBalancer matched source datanode 77e2e8f1-c8d1-4794-8a08-48241323e930 with target datanode e0a4b6eb-b28c-4ffd-bbe6-00a9e196ed1a for container move.
2023-06-21 17:31:34,648 [main] INFO  balancer.ContainerBalancerTask (ContainerBalancerTask.java:processMoveSelection(569)) - ContainerBalancer is trying to move container #52 with size 4294967296B from source datanode 77e2e8f1-c8d1-4794-8a08-48241323e930 to target datanode e0a4b6eb-b28c-4ffd-bbe6-00a9e196ed1a
2023-06-21 17:31:34,648 [main] DEBUG balancer.ContainerBalancerTask (ContainerBalancerTask.java:lambda$moveContainer$3(834)) - Container move completed for container #52 from source 77e2e8f1-c8d1-4794-8a08-48241323e930 to target e0a4b6eb-b28c-4ffd-bbe6-00a9e196ed1a
2023-06-21 17:31:34,650 [main] DEBUG balancer.ContainerBalancerTask (ContainerBalancerTask.java:matchSourceWithTarget(706)) - ContainerBalancer is finding suitable target for source datanode 26244b79-3632-441a-8d2f-3f6fbf27b926
2023-06-21 17:31:34,650 [main] INFO  balancer.ContainerBalancerTask (ContainerBalancerTask.java:matchSourceWithTarget(720)) - ContainerBalancer matched source datanode 26244b79-3632-441a-8d2f-3f6fbf27b926 with target datanode a7f7270f-eb79-4f57-a5ef-07e8e2a783e3 for container move.
2023-06-21 17:31:34,650 [main] INFO  balancer.ContainerBalancerTask (ContainerBalancerTask.java:processMoveSelection(569)) - ContainerBalancer is trying to move container #38 with size 3221225472B from source datanode 26244b79-3632-441a-8d2f-3f6fbf27b926 to target datanode a7f7270f-eb79-4f57-a5ef-07e8e2a783e3
2023-06-21 17:31:34,650 [main] DEBUG balancer.ContainerBalancerTask (ContainerBalancerTask.java:lambda$moveContainer$3(834)) - Container move completed for container #38 from source 26244b79-3632-441a-8d2f-3f6fbf27b926 to target a7f7270f-eb79-4f57-a5ef-07e8e2a783e3
2023-06-21 17:31:34,653 [main] DEBUG balancer.ContainerBalancerTask (ContainerBalancerTask.java:matchSourceWithTarget(706)) - ContainerBalancer is finding suitable target for source datanode ec0d63d1-d12a-442b-877d-cd9566658da9
2023-06-21 17:31:34,653 [main] INFO  balancer.ContainerBalancerTask (ContainerBalancerTask.java:matchSourceWithTarget(720)) - ContainerBalancer matched source datanode ec0d63d1-d12a-442b-877d-cd9566658da9 with target datanode e0a4b6eb-b28c-4ffd-bbe6-00a9e196ed1a for container move.
2023-06-21 17:31:34,653 [main] INFO  balancer.ContainerBalancerTask (ContainerBalancerTask.java:processMoveSelection(569)) - ContainerBalancer is trying to move container #19 with size 4294967296B from source datanode ec0d63d1-d12a-442b-877d-cd9566658da9 to target datanode e0a4b6eb-b28c-4ffd-bbe6-00a9e196ed1a
2023-06-21 17:31:34,653 [main] DEBUG balancer.ContainerBalancerTask (ContainerBalancerTask.java:lambda$moveContainer$3(834)) - Container move completed for container #19 from source ec0d63d1-d12a-442b-877d-cd9566658da9 to target e0a4b6eb-b28c-4ffd-bbe6-00a9e196ed1a
2023-06-21 17:31:34,656 [main] DEBUG balancer.ContainerBalancerTask (ContainerBalancerTask.java:matchSourceWithTarget(706)) - ContainerBalancer is finding suitable target for source datanode 7aab880b-e3be-447a-b8f4-d5867c4f62d7
2023-06-21 17:31:34,656 [main] INFO  balancer.ContainerBalancerTask (ContainerBalancerTask.java:matchSourceWithTarget(720)) - ContainerBalancer matched source datanode 7aab880b-e3be-447a-b8f4-d5867c4f62d7 with target datanode a7f7270f-eb79-4f57-a5ef-07e8e2a783e3 for container move.
2023-06-21 17:31:34,656 [main] INFO  balancer.ContainerBalancerTask (ContainerBalancerTask.java:processMoveSelection(569)) - ContainerBalancer is trying to move container #11 with size 3221225472B from source datanode 7aab880b-e3be-447a-b8f4-d5867c4f62d7 to target datanode a7f7270f-eb79-4f57-a5ef-07e8e2a783e3
2023-06-21 17:31:34,656 [main] DEBUG balancer.ContainerBalancerTask (ContainerBalancerTask.java:lambda$moveContainer$3(834)) - Container move completed for container #11 from source 7aab880b-e3be-447a-b8f4-d5867c4f62d7 to target a7f7270f-eb79-4f57-a5ef-07e8e2a783e3
2023-06-21 17:31:34,657 [main] WARN  balancer.ContainerBalancerTask (ContainerBalancerTask.java:reachedMaxSizeToMovePerIteration(731)) - Reached max size to move limit. 53687091200 bytes have already been scheduled for balancing and the limit is 53687091200 bytes.
2023-06-21 17:31:34,657 [main] INFO  balancer.ContainerBalancerTask (ContainerBalancerTask.java:checkIterationMoveResults(640)) - Iteration Summary. Number of Datanodes involved: 7. Size moved: 50 GB (53687091200 Bytes). Number of Container moves completed: 12.
2023-06-21 17:31:34,657 [main] INFO  balancer.ContainerBalancerTask (ContainerBalancerTask.java:balance(259)) - Result of this iteration of Container Balancer: ITERATION_COMPLETED
2023-06-21 17:31:34,657 [main] INFO  balancer.ContainerBalancerTask (ContainerBalancerTask.java:tryStopWithSaveConfiguration(308)) - Save Configuration for stopping. Reason: Completed all iterations.
]]></system-out>
  </testcase>
  <testcase name="containerBalancerShouldSelectOnlyClosedContainers" classname="org.apache.hadoop.hdds.scm.container.balancer.TestContainerBalancerTask" time="0.075">
    <system-out><![CDATA[2023-06-21 17:31:34,679 [main] INFO  net.NodeSchemaLoader (NodeSchemaLoader.java:loadSchemaFromFile(129)) - Loading schema from [file:/home/runner/work/ozone/ozone/hadoop-hdds/common/target/classes/network-topology-default.xml]
2023-06-21 17:31:34,679 [main] INFO  net.NodeSchemaLoader (NodeSchemaLoader.java:loadSchema(176)) - Loading network topology layer schema file
2023-06-21 17:31:34,680 [main] INFO  net.NetworkTopologyImpl (NetworkTopologyImpl.java:add(112)) - Added a new node: /default-rack/2e9d6379-ac36-4edc-bc2e-3800b71dd71c
2023-06-21 17:31:34,680 [main] INFO  net.NetworkTopologyImpl (NetworkTopologyImpl.java:add(112)) - Added a new node: /default-rack/96c17fd4-cd4e-4761-b68b-e688f9a106bb
2023-06-21 17:31:34,681 [main] INFO  net.NetworkTopologyImpl (NetworkTopologyImpl.java:add(112)) - Added a new node: /default-rack/308bb646-d4a1-4a95-addc-b09833997fe0
2023-06-21 17:31:34,681 [main] INFO  net.NetworkTopologyImpl (NetworkTopologyImpl.java:add(112)) - Added a new node: /default-rack/eb43c77b-223e-4f18-8ca2-7380b806d76c
2023-06-21 17:31:34,681 [main] INFO  net.NetworkTopologyImpl (NetworkTopologyImpl.java:add(112)) - Added a new node: /default-rack/9f3d4432-83b5-4536-8e45-e23a86ac84e8
2023-06-21 17:31:34,681 [main] INFO  net.NetworkTopologyImpl (NetworkTopologyImpl.java:add(112)) - Added a new node: /default-rack/0a58ac72-e444-40d2-8c6e-0e1cad150262
2023-06-21 17:31:34,681 [main] INFO  net.NetworkTopologyImpl (NetworkTopologyImpl.java:add(112)) - Added a new node: /default-rack/44899d6d-586e-4bf1-adf9-392bdefff0ac
2023-06-21 17:31:34,681 [main] INFO  net.NetworkTopologyImpl (NetworkTopologyImpl.java:add(112)) - Added a new node: /default-rack/ce0da043-e68a-44ae-b8d2-1199c5c94c52
2023-06-21 17:31:34,681 [main] INFO  net.NetworkTopologyImpl (NetworkTopologyImpl.java:add(112)) - Added a new node: /default-rack/946f2f22-546d-4b5a-8abf-2f4fb9824cd3
2023-06-21 17:31:34,681 [main] INFO  net.NetworkTopologyImpl (NetworkTopologyImpl.java:add(112)) - Added a new node: /default-rack/a00862f6-d974-4f42-8f2d-2d7dce1cee49
2023-06-21 17:31:34,681 [main] INFO  algorithms.ContainerPlacementPolicyFactory (ContainerPlacementPolicyFactory.java:getPolicyInternal(86)) - Create container placement policy of type org.apache.hadoop.hdds.scm.container.placement.algorithms.SCMContainerPlacementRackAware
2023-06-21 17:31:34,681 [main] INFO  algorithms.ContainerPlacementPolicyFactory (ContainerPlacementPolicyFactory.java:getPolicyInternal(86)) - Create container placement policy of type org.apache.hadoop.hdds.scm.container.placement.algorithms.SCMContainerPlacementRackScatter
2023-06-21 17:31:34,683 [main] DEBUG balancer.ContainerBalancerTask (ContainerBalancerTask.java:initializeIteration(374)) - Average utilization of the cluster is 0.3310469586192231
2023-06-21 17:31:34,683 [main] DEBUG balancer.ContainerBalancerTask (ContainerBalancerTask.java:initializeIteration(386)) - Lower limit for utilization is 0.23104695861922311 and Upper limit for utilization is 0.43104695861922315
2023-06-21 17:31:34,684 [main] DEBUG balancer.ContainerBalancerTask (ContainerBalancerTask.java:initializeIteration(398)) - Utilization for node 946f2f22-546d-4b5a-8abf-2f4fb9824cd3 with capacity 64424509440B, used 57982058496B, and remaining 6442450944B is 0.9
2023-06-21 17:31:34,684 [main] DEBUG balancer.ContainerBalancerTask (ContainerBalancerTask.java:initializeIteration(398)) - Utilization for node eb43c77b-223e-4f18-8ca2-7380b806d76c with capacity 38923141120B, used 31138512896B, and remaining 7784628224B is 0.8
2023-06-21 17:31:34,684 [main] DEBUG balancer.ContainerBalancerTask (ContainerBalancerTask.java:initializeIteration(398)) - Utilization for node a00862f6-d974-4f42-8f2d-2d7dce1cee49 with capacity 75161927680B, used 52613349376B, and remaining 22548578304B is 0.7
2023-06-21 17:31:34,684 [main] DEBUG balancer.ContainerBalancerTask (ContainerBalancerTask.java:initializeIteration(398)) - Utilization for node 9f3d4432-83b5-4536-8e45-e23a86ac84e8 with capacity 80530636800B, used 48318382080B, and remaining 32212254720B is 0.6
2023-06-21 17:31:34,684 [main] DEBUG balancer.ContainerBalancerTask (ContainerBalancerTask.java:initializeIteration(398)) - Utilization for node 0a58ac72-e444-40d2-8c6e-0e1cad150262 with capacity 90194313216B, used 45097156608B, and remaining 45097156608B is 0.5
2023-06-21 17:31:34,684 [main] DEBUG balancer.ContainerBalancerTask (ContainerBalancerTask.java:initializeIteration(398)) - Utilization for node ce0da043-e68a-44ae-b8d2-1199c5c94c52 with capacity 139586437120B, used 55834574848B, and remaining 83751862272B is 0.4
2023-06-21 17:31:34,684 [main] DEBUG balancer.ContainerBalancerTask (ContainerBalancerTask.java:initializeIteration(398)) - Utilization for node 308bb646-d4a1-4a95-addc-b09833997fe0 with capacity 100215903573B, used 30064771072B, and remaining 70151132501B is 0.30000000000099786
2023-06-21 17:31:34,684 [main] DEBUG balancer.ContainerBalancerTask (ContainerBalancerTask.java:initializeIteration(398)) - Utilization for node 44899d6d-586e-4bf1-adf9-392bdefff0ac with capacity 134217728000B, used 26843545600B, and remaining 107374182400B is 0.2
2023-06-21 17:31:34,684 [main] DEBUG balancer.ContainerBalancerTask (ContainerBalancerTask.java:initializeIteration(398)) - Utilization for node 96c17fd4-cd4e-4761-b68b-e688f9a106bb with capacity 450971566080B, used 45097156608B, and remaining 405874409472B is 0.1
2023-06-21 17:31:34,684 [main] DEBUG balancer.ContainerBalancerTask (ContainerBalancerTask.java:initializeIteration(398)) - Utilization for node 2e9d6379-ac36-4edc-bc2e-3800b71dd71c with capacity 12884901888B, used 0B, and remaining 12884901888B is 0.0
2023-06-21 17:31:34,684 [main] INFO  balancer.ContainerBalancerTask (ContainerBalancerTask.java:initializeIteration(447)) - Container Balancer has identified 5 Over-Utilized and 3 Under-Utilized Datanodes that need to be balanced.
2023-06-21 17:31:34,684 [main] DEBUG balancer.ContainerBalancerTask (ContainerBalancerTask.java:lambda$initializeIteration$1(453)) - Datanode localhost-8.110.126.4 946f2f22-546d-4b5a-8abf-2f4fb9824cd3 is Over-Utilized.
2023-06-21 17:31:34,685 [main] DEBUG balancer.ContainerBalancerTask (ContainerBalancerTask.java:lambda$initializeIteration$1(453)) - Datanode localhost-24.245.142.237 eb43c77b-223e-4f18-8ca2-7380b806d76c is Over-Utilized.
2023-06-21 17:31:34,685 [main] DEBUG balancer.ContainerBalancerTask (ContainerBalancerTask.java:lambda$initializeIteration$1(453)) - Datanode localhost-58.164.236.166 a00862f6-d974-4f42-8f2d-2d7dce1cee49 is Over-Utilized.
2023-06-21 17:31:34,685 [main] DEBUG balancer.ContainerBalancerTask (ContainerBalancerTask.java:lambda$initializeIteration$1(453)) - Datanode localhost-8.108.254.168 9f3d4432-83b5-4536-8e45-e23a86ac84e8 is Over-Utilized.
2023-06-21 17:31:34,685 [main] DEBUG balancer.ContainerBalancerTask (ContainerBalancerTask.java:lambda$initializeIteration$1(453)) - Datanode localhost-192.77.39.181 0a58ac72-e444-40d2-8c6e-0e1cad150262 is Over-Utilized.
2023-06-21 17:31:34,685 [main] DEBUG balancer.ContainerBalancerTask (ContainerBalancerTask.java:lambda$initializeIteration$2(459)) - Datanode localhost-229.116.157.13 2e9d6379-ac36-4edc-bc2e-3800b71dd71c is Under-Utilized.
2023-06-21 17:31:34,685 [main] DEBUG balancer.ContainerBalancerTask (ContainerBalancerTask.java:lambda$initializeIteration$2(459)) - Datanode localhost-74.114.4.229 96c17fd4-cd4e-4761-b68b-e688f9a106bb is Under-Utilized.
2023-06-21 17:31:34,685 [main] DEBUG balancer.ContainerBalancerTask (ContainerBalancerTask.java:lambda$initializeIteration$2(459)) - Datanode localhost-5.40.123.123 44899d6d-586e-4bf1-adf9-392bdefff0ac is Under-Utilized.
2023-06-21 17:31:34,687 [main] DEBUG balancer.ContainerBalancerTask (ContainerBalancerTask.java:matchSourceWithTarget(699)) - ContainerBalancer could not find any candidate containers for datanode 946f2f22-546d-4b5a-8abf-2f4fb9824cd3
2023-06-21 17:31:34,688 [main] DEBUG balancer.ContainerBalancerTask (ContainerBalancerTask.java:matchSourceWithTarget(699)) - ContainerBalancer could not find any candidate containers for datanode eb43c77b-223e-4f18-8ca2-7380b806d76c
2023-06-21 17:31:34,689 [main] DEBUG balancer.ContainerBalancerTask (ContainerBalancerTask.java:matchSourceWithTarget(699)) - ContainerBalancer could not find any candidate containers for datanode a00862f6-d974-4f42-8f2d-2d7dce1cee49
2023-06-21 17:31:34,691 [main] DEBUG balancer.ContainerBalancerTask (ContainerBalancerTask.java:matchSourceWithTarget(699)) - ContainerBalancer could not find any candidate containers for datanode 9f3d4432-83b5-4536-8e45-e23a86ac84e8
2023-06-21 17:31:34,692 [main] DEBUG balancer.ContainerBalancerTask (ContainerBalancerTask.java:matchSourceWithTarget(699)) - ContainerBalancer could not find any candidate containers for datanode 0a58ac72-e444-40d2-8c6e-0e1cad150262
2023-06-21 17:31:34,692 [main] INFO  balancer.FindSourceGreedy (FindSourceGreedy.java:getNextCandidateSourceDataNode(126)) - no more candidate source data node
2023-06-21 17:31:34,692 [main] INFO  balancer.ContainerBalancerTask (ContainerBalancerTask.java:balance(259)) - Result of this iteration of Container Balancer: CAN_NOT_BALANCE_ANY_MORE
2023-06-21 17:31:34,693 [main] INFO  balancer.ContainerBalancerTask (ContainerBalancerTask.java:tryStopWithSaveConfiguration(308)) - Save Configuration for stopping. Reason: CAN_NOT_BALANCE_ANY_MORE
2023-06-21 17:31:34,693 [main] DEBUG balancer.ContainerBalancerTask (ContainerBalancerTask.java:initializeIteration(374)) - Average utilization of the cluster is 0.3310469586192231
2023-06-21 17:31:34,693 [main] DEBUG balancer.ContainerBalancerTask (ContainerBalancerTask.java:initializeIteration(386)) - Lower limit for utilization is 0.23104695861922311 and Upper limit for utilization is 0.43104695861922315
2023-06-21 17:31:34,693 [main] DEBUG balancer.ContainerBalancerTask (ContainerBalancerTask.java:initializeIteration(398)) - Utilization for node 946f2f22-546d-4b5a-8abf-2f4fb9824cd3 with capacity 64424509440B, used 57982058496B, and remaining 6442450944B is 0.9
2023-06-21 17:31:34,693 [main] DEBUG balancer.ContainerBalancerTask (ContainerBalancerTask.java:initializeIteration(398)) - Utilization for node eb43c77b-223e-4f18-8ca2-7380b806d76c with capacity 38923141120B, used 31138512896B, and remaining 7784628224B is 0.8
2023-06-21 17:31:34,693 [main] DEBUG balancer.ContainerBalancerTask (ContainerBalancerTask.java:initializeIteration(398)) - Utilization for node a00862f6-d974-4f42-8f2d-2d7dce1cee49 with capacity 75161927680B, used 52613349376B, and remaining 22548578304B is 0.7
2023-06-21 17:31:34,693 [main] DEBUG balancer.ContainerBalancerTask (ContainerBalancerTask.java:initializeIteration(398)) - Utilization for node 9f3d4432-83b5-4536-8e45-e23a86ac84e8 with capacity 80530636800B, used 48318382080B, and remaining 32212254720B is 0.6
2023-06-21 17:31:34,693 [main] DEBUG balancer.ContainerBalancerTask (ContainerBalancerTask.java:initializeIteration(398)) - Utilization for node 0a58ac72-e444-40d2-8c6e-0e1cad150262 with capacity 90194313216B, used 45097156608B, and remaining 45097156608B is 0.5
2023-06-21 17:31:34,694 [main] DEBUG balancer.ContainerBalancerTask (ContainerBalancerTask.java:initializeIteration(398)) - Utilization for node ce0da043-e68a-44ae-b8d2-1199c5c94c52 with capacity 139586437120B, used 55834574848B, and remaining 83751862272B is 0.4
2023-06-21 17:31:34,694 [main] DEBUG balancer.ContainerBalancerTask (ContainerBalancerTask.java:initializeIteration(398)) - Utilization for node 308bb646-d4a1-4a95-addc-b09833997fe0 with capacity 100215903573B, used 30064771072B, and remaining 70151132501B is 0.30000000000099786
2023-06-21 17:31:34,694 [main] DEBUG balancer.ContainerBalancerTask (ContainerBalancerTask.java:initializeIteration(398)) - Utilization for node 44899d6d-586e-4bf1-adf9-392bdefff0ac with capacity 134217728000B, used 26843545600B, and remaining 107374182400B is 0.2
2023-06-21 17:31:34,694 [main] DEBUG balancer.ContainerBalancerTask (ContainerBalancerTask.java:initializeIteration(398)) - Utilization for node 96c17fd4-cd4e-4761-b68b-e688f9a106bb with capacity 450971566080B, used 45097156608B, and remaining 405874409472B is 0.1
2023-06-21 17:31:34,694 [main] DEBUG balancer.ContainerBalancerTask (ContainerBalancerTask.java:initializeIteration(398)) - Utilization for node 2e9d6379-ac36-4edc-bc2e-3800b71dd71c with capacity 12884901888B, used 0B, and remaining 12884901888B is 0.0
2023-06-21 17:31:34,694 [main] INFO  balancer.ContainerBalancerTask (ContainerBalancerTask.java:initializeIteration(447)) - Container Balancer has identified 5 Over-Utilized and 3 Under-Utilized Datanodes that need to be balanced.
2023-06-21 17:31:34,694 [main] DEBUG balancer.ContainerBalancerTask (ContainerBalancerTask.java:lambda$initializeIteration$1(453)) - Datanode localhost-8.110.126.4 946f2f22-546d-4b5a-8abf-2f4fb9824cd3 is Over-Utilized.
2023-06-21 17:31:34,694 [main] DEBUG balancer.ContainerBalancerTask (ContainerBalancerTask.java:lambda$initializeIteration$1(453)) - Datanode localhost-24.245.142.237 eb43c77b-223e-4f18-8ca2-7380b806d76c is Over-Utilized.
2023-06-21 17:31:34,694 [main] DEBUG balancer.ContainerBalancerTask (ContainerBalancerTask.java:lambda$initializeIteration$1(453)) - Datanode localhost-58.164.236.166 a00862f6-d974-4f42-8f2d-2d7dce1cee49 is Over-Utilized.
2023-06-21 17:31:34,694 [main] DEBUG balancer.ContainerBalancerTask (ContainerBalancerTask.java:lambda$initializeIteration$1(453)) - Datanode localhost-8.108.254.168 9f3d4432-83b5-4536-8e45-e23a86ac84e8 is Over-Utilized.
2023-06-21 17:31:34,694 [main] DEBUG balancer.ContainerBalancerTask (ContainerBalancerTask.java:lambda$initializeIteration$1(453)) - Datanode localhost-192.77.39.181 0a58ac72-e444-40d2-8c6e-0e1cad150262 is Over-Utilized.
2023-06-21 17:31:34,694 [main] DEBUG balancer.ContainerBalancerTask (ContainerBalancerTask.java:lambda$initializeIteration$2(459)) - Datanode localhost-229.116.157.13 2e9d6379-ac36-4edc-bc2e-3800b71dd71c is Under-Utilized.
2023-06-21 17:31:34,694 [main] DEBUG balancer.ContainerBalancerTask (ContainerBalancerTask.java:lambda$initializeIteration$2(459)) - Datanode localhost-74.114.4.229 96c17fd4-cd4e-4761-b68b-e688f9a106bb is Under-Utilized.
2023-06-21 17:31:34,695 [main] DEBUG balancer.ContainerBalancerTask (ContainerBalancerTask.java:lambda$initializeIteration$2(459)) - Datanode localhost-5.40.123.123 44899d6d-586e-4bf1-adf9-392bdefff0ac is Under-Utilized.
2023-06-21 17:31:34,697 [main] DEBUG balancer.ContainerBalancerTask (ContainerBalancerTask.java:matchSourceWithTarget(706)) - ContainerBalancer is finding suitable target for source datanode 946f2f22-546d-4b5a-8abf-2f4fb9824cd3
2023-06-21 17:31:34,697 [main] INFO  balancer.ContainerBalancerTask (ContainerBalancerTask.java:matchSourceWithTarget(720)) - ContainerBalancer matched source datanode 946f2f22-546d-4b5a-8abf-2f4fb9824cd3 with target datanode 2e9d6379-ac36-4edc-bc2e-3800b71dd71c for container move.
2023-06-21 17:31:34,697 [main] INFO  balancer.ContainerBalancerTask (ContainerBalancerTask.java:processMoveSelection(569)) - ContainerBalancer is trying to move container #85 with size 5368709120B from source datanode 946f2f22-546d-4b5a-8abf-2f4fb9824cd3 to target datanode 2e9d6379-ac36-4edc-bc2e-3800b71dd71c
2023-06-21 17:31:34,697 [main] DEBUG balancer.ContainerBalancerTask (ContainerBalancerTask.java:lambda$moveContainer$3(834)) - Container move completed for container #85 from source 946f2f22-546d-4b5a-8abf-2f4fb9824cd3 to target 2e9d6379-ac36-4edc-bc2e-3800b71dd71c
2023-06-21 17:31:34,700 [main] DEBUG balancer.ContainerBalancerTask (ContainerBalancerTask.java:matchSourceWithTarget(706)) - ContainerBalancer is finding suitable target for source datanode 946f2f22-546d-4b5a-8abf-2f4fb9824cd3
2023-06-21 17:31:34,700 [main] INFO  balancer.ContainerBalancerTask (ContainerBalancerTask.java:matchSourceWithTarget(720)) - ContainerBalancer matched source datanode 946f2f22-546d-4b5a-8abf-2f4fb9824cd3 with target datanode 96c17fd4-cd4e-4761-b68b-e688f9a106bb for container move.
2023-06-21 17:31:34,700 [main] INFO  balancer.ContainerBalancerTask (ContainerBalancerTask.java:processMoveSelection(569)) - ContainerBalancer is trying to move container #89 with size 4294967296B from source datanode 946f2f22-546d-4b5a-8abf-2f4fb9824cd3 to target datanode 96c17fd4-cd4e-4761-b68b-e688f9a106bb
2023-06-21 17:31:34,700 [main] DEBUG balancer.ContainerBalancerTask (ContainerBalancerTask.java:lambda$moveContainer$3(834)) - Container move completed for container #89 from source 946f2f22-546d-4b5a-8abf-2f4fb9824cd3 to target 96c17fd4-cd4e-4761-b68b-e688f9a106bb
2023-06-21 17:31:34,702 [main] DEBUG balancer.ContainerBalancerTask (ContainerBalancerTask.java:matchSourceWithTarget(706)) - ContainerBalancer is finding suitable target for source datanode eb43c77b-223e-4f18-8ca2-7380b806d76c
2023-06-21 17:31:34,702 [main] INFO  balancer.ContainerBalancerTask (ContainerBalancerTask.java:matchSourceWithTarget(720)) - ContainerBalancer matched source datanode eb43c77b-223e-4f18-8ca2-7380b806d76c with target datanode 96c17fd4-cd4e-4761-b68b-e688f9a106bb for container move.
2023-06-21 17:31:34,702 [main] INFO  balancer.ContainerBalancerTask (ContainerBalancerTask.java:processMoveSelection(569)) - ContainerBalancer is trying to move container #68 with size 5368709120B from source datanode eb43c77b-223e-4f18-8ca2-7380b806d76c to target datanode 96c17fd4-cd4e-4761-b68b-e688f9a106bb
2023-06-21 17:31:34,702 [main] DEBUG balancer.ContainerBalancerTask (ContainerBalancerTask.java:lambda$moveContainer$3(834)) - Container move completed for container #68 from source eb43c77b-223e-4f18-8ca2-7380b806d76c to target 96c17fd4-cd4e-4761-b68b-e688f9a106bb
2023-06-21 17:31:34,705 [main] DEBUG balancer.ContainerBalancerTask (ContainerBalancerTask.java:matchSourceWithTarget(706)) - ContainerBalancer is finding suitable target for source datanode 946f2f22-546d-4b5a-8abf-2f4fb9824cd3
2023-06-21 17:31:34,705 [main] INFO  balancer.ContainerBalancerTask (ContainerBalancerTask.java:matchSourceWithTarget(720)) - ContainerBalancer matched source datanode 946f2f22-546d-4b5a-8abf-2f4fb9824cd3 with target datanode 96c17fd4-cd4e-4761-b68b-e688f9a106bb for container move.
2023-06-21 17:31:34,705 [main] INFO  balancer.ContainerBalancerTask (ContainerBalancerTask.java:processMoveSelection(569)) - ContainerBalancer is trying to move container #67 with size 4294967296B from source datanode 946f2f22-546d-4b5a-8abf-2f4fb9824cd3 to target datanode 96c17fd4-cd4e-4761-b68b-e688f9a106bb
2023-06-21 17:31:34,705 [main] DEBUG balancer.ContainerBalancerTask (ContainerBalancerTask.java:lambda$moveContainer$3(834)) - Container move completed for container #67 from source 946f2f22-546d-4b5a-8abf-2f4fb9824cd3 to target 96c17fd4-cd4e-4761-b68b-e688f9a106bb
2023-06-21 17:31:34,707 [main] DEBUG balancer.ContainerBalancerTask (ContainerBalancerTask.java:matchSourceWithTarget(706)) - ContainerBalancer is finding suitable target for source datanode a00862f6-d974-4f42-8f2d-2d7dce1cee49
2023-06-21 17:31:34,708 [main] INFO  balancer.ContainerBalancerTask (ContainerBalancerTask.java:matchSourceWithTarget(720)) - ContainerBalancer matched source datanode a00862f6-d974-4f42-8f2d-2d7dce1cee49 with target datanode 96c17fd4-cd4e-4761-b68b-e688f9a106bb for container move.
2023-06-21 17:31:34,708 [main] INFO  balancer.ContainerBalancerTask (ContainerBalancerTask.java:processMoveSelection(569)) - ContainerBalancer is trying to move container #52 with size 4294967296B from source datanode a00862f6-d974-4f42-8f2d-2d7dce1cee49 to target datanode 96c17fd4-cd4e-4761-b68b-e688f9a106bb
2023-06-21 17:31:34,708 [main] DEBUG balancer.ContainerBalancerTask (ContainerBalancerTask.java:lambda$moveContainer$3(834)) - Container move completed for container #52 from source a00862f6-d974-4f42-8f2d-2d7dce1cee49 to target 96c17fd4-cd4e-4761-b68b-e688f9a106bb
2023-06-21 17:31:34,710 [main] DEBUG balancer.ContainerBalancerTask (ContainerBalancerTask.java:matchSourceWithTarget(706)) - ContainerBalancer is finding suitable target for source datanode 946f2f22-546d-4b5a-8abf-2f4fb9824cd3
2023-06-21 17:31:34,710 [main] INFO  balancer.ContainerBalancerTask (ContainerBalancerTask.java:matchSourceWithTarget(720)) - ContainerBalancer matched source datanode 946f2f22-546d-4b5a-8abf-2f4fb9824cd3 with target datanode 96c17fd4-cd4e-4761-b68b-e688f9a106bb for container move.
2023-06-21 17:31:34,711 [main] INFO  balancer.ContainerBalancerTask (ContainerBalancerTask.java:processMoveSelection(569)) - ContainerBalancer is trying to move container #39 with size 4294967296B from source datanode 946f2f22-546d-4b5a-8abf-2f4fb9824cd3 to target datanode 96c17fd4-cd4e-4761-b68b-e688f9a106bb
2023-06-21 17:31:34,711 [main] DEBUG balancer.ContainerBalancerTask (ContainerBalancerTask.java:lambda$moveContainer$3(834)) - Container move completed for container #39 from source 946f2f22-546d-4b5a-8abf-2f4fb9824cd3 to target 96c17fd4-cd4e-4761-b68b-e688f9a106bb
2023-06-21 17:31:34,712 [main] DEBUG balancer.ContainerBalancerTask (ContainerBalancerTask.java:matchSourceWithTarget(706)) - ContainerBalancer is finding suitable target for source datanode eb43c77b-223e-4f18-8ca2-7380b806d76c
2023-06-21 17:31:34,712 [main] INFO  balancer.ContainerBalancerTask (ContainerBalancerTask.java:matchSourceWithTarget(720)) - ContainerBalancer matched source datanode eb43c77b-223e-4f18-8ca2-7380b806d76c with target datanode 96c17fd4-cd4e-4761-b68b-e688f9a106bb for container move.
2023-06-21 17:31:34,713 [main] INFO  balancer.ContainerBalancerTask (ContainerBalancerTask.java:processMoveSelection(569)) - ContainerBalancer is trying to move container #83 with size 3221225472B from source datanode eb43c77b-223e-4f18-8ca2-7380b806d76c to target datanode 96c17fd4-cd4e-4761-b68b-e688f9a106bb
2023-06-21 17:31:34,713 [main] DEBUG balancer.ContainerBalancerTask (ContainerBalancerTask.java:lambda$moveContainer$3(834)) - Container move completed for container #83 from source eb43c77b-223e-4f18-8ca2-7380b806d76c to target 96c17fd4-cd4e-4761-b68b-e688f9a106bb
2023-06-21 17:31:34,715 [main] DEBUG balancer.ContainerBalancerTask (ContainerBalancerTask.java:matchSourceWithTarget(706)) - ContainerBalancer is finding suitable target for source datanode a00862f6-d974-4f42-8f2d-2d7dce1cee49
2023-06-21 17:31:34,715 [main] INFO  balancer.ContainerBalancerTask (ContainerBalancerTask.java:matchSourceWithTarget(720)) - ContainerBalancer matched source datanode a00862f6-d974-4f42-8f2d-2d7dce1cee49 with target datanode 96c17fd4-cd4e-4761-b68b-e688f9a106bb for container move.
2023-06-21 17:31:34,715 [main] INFO  balancer.ContainerBalancerTask (ContainerBalancerTask.java:processMoveSelection(569)) - ContainerBalancer is trying to move container #28 with size 4294967296B from source datanode a00862f6-d974-4f42-8f2d-2d7dce1cee49 to target datanode 96c17fd4-cd4e-4761-b68b-e688f9a106bb
2023-06-21 17:31:34,716 [main] DEBUG balancer.ContainerBalancerTask (ContainerBalancerTask.java:lambda$moveContainer$3(834)) - Container move completed for container #28 from source a00862f6-d974-4f42-8f2d-2d7dce1cee49 to target 96c17fd4-cd4e-4761-b68b-e688f9a106bb
2023-06-21 17:31:34,718 [main] DEBUG balancer.ContainerBalancerTask (ContainerBalancerTask.java:matchSourceWithTarget(706)) - ContainerBalancer is finding suitable target for source datanode 946f2f22-546d-4b5a-8abf-2f4fb9824cd3
2023-06-21 17:31:34,718 [main] INFO  balancer.ContainerBalancerTask (ContainerBalancerTask.java:matchSourceWithTarget(720)) - ContainerBalancer matched source datanode 946f2f22-546d-4b5a-8abf-2f4fb9824cd3 with target datanode 96c17fd4-cd4e-4761-b68b-e688f9a106bb for container move.
2023-06-21 17:31:34,718 [main] INFO  balancer.ContainerBalancerTask (ContainerBalancerTask.java:processMoveSelection(569)) - ContainerBalancer is trying to move container #88 with size 3221225472B from source datanode 946f2f22-546d-4b5a-8abf-2f4fb9824cd3 to target datanode 96c17fd4-cd4e-4761-b68b-e688f9a106bb
2023-06-21 17:31:34,719 [main] DEBUG balancer.ContainerBalancerTask (ContainerBalancerTask.java:lambda$moveContainer$3(834)) - Container move completed for container #88 from source 946f2f22-546d-4b5a-8abf-2f4fb9824cd3 to target 96c17fd4-cd4e-4761-b68b-e688f9a106bb
2023-06-21 17:31:34,722 [main] DEBUG balancer.ContainerBalancerTask (ContainerBalancerTask.java:matchSourceWithTarget(706)) - ContainerBalancer is finding suitable target for source datanode 9f3d4432-83b5-4536-8e45-e23a86ac84e8
2023-06-21 17:31:34,722 [main] INFO  balancer.ContainerBalancerTask (ContainerBalancerTask.java:matchSourceWithTarget(720)) - ContainerBalancer matched source datanode 9f3d4432-83b5-4536-8e45-e23a86ac84e8 with target datanode 96c17fd4-cd4e-4761-b68b-e688f9a106bb for container move.
2023-06-21 17:31:34,722 [main] INFO  balancer.ContainerBalancerTask (ContainerBalancerTask.java:processMoveSelection(569)) - ContainerBalancer is trying to move container #40 with size 5368709120B from source datanode 9f3d4432-83b5-4536-8e45-e23a86ac84e8 to target datanode 96c17fd4-cd4e-4761-b68b-e688f9a106bb
2023-06-21 17:31:34,722 [main] DEBUG balancer.ContainerBalancerTask (ContainerBalancerTask.java:lambda$moveContainer$3(834)) - Container move completed for container #40 from source 9f3d4432-83b5-4536-8e45-e23a86ac84e8 to target 96c17fd4-cd4e-4761-b68b-e688f9a106bb
2023-06-21 17:31:34,725 [main] DEBUG balancer.ContainerBalancerTask (ContainerBalancerTask.java:matchSourceWithTarget(706)) - ContainerBalancer is finding suitable target for source datanode a00862f6-d974-4f42-8f2d-2d7dce1cee49
2023-06-21 17:31:34,725 [main] INFO  balancer.ContainerBalancerTask (ContainerBalancerTask.java:matchSourceWithTarget(720)) - ContainerBalancer matched source datanode a00862f6-d974-4f42-8f2d-2d7dce1cee49 with target datanode 96c17fd4-cd4e-4761-b68b-e688f9a106bb for container move.
2023-06-21 17:31:34,725 [main] INFO  balancer.ContainerBalancerTask (ContainerBalancerTask.java:processMoveSelection(569)) - ContainerBalancer is trying to move container #51 with size 3221225472B from source datanode a00862f6-d974-4f42-8f2d-2d7dce1cee49 to target datanode 96c17fd4-cd4e-4761-b68b-e688f9a106bb
2023-06-21 17:31:34,725 [main] DEBUG balancer.ContainerBalancerTask (ContainerBalancerTask.java:lambda$moveContainer$3(834)) - Container move completed for container #51 from source a00862f6-d974-4f42-8f2d-2d7dce1cee49 to target 96c17fd4-cd4e-4761-b68b-e688f9a106bb
2023-06-21 17:31:34,726 [main] DEBUG balancer.ContainerBalancerTask (ContainerBalancerTask.java:matchSourceWithTarget(706)) - ContainerBalancer is finding suitable target for source datanode eb43c77b-223e-4f18-8ca2-7380b806d76c
2023-06-21 17:31:34,726 [main] INFO  balancer.ContainerBalancerTask (ContainerBalancerTask.java:matchSourceWithTarget(720)) - ContainerBalancer matched source datanode eb43c77b-223e-4f18-8ca2-7380b806d76c with target datanode 96c17fd4-cd4e-4761-b68b-e688f9a106bb for container move.
2023-06-21 17:31:34,726 [main] INFO  balancer.ContainerBalancerTask (ContainerBalancerTask.java:processMoveSelection(569)) - ContainerBalancer is trying to move container #66 with size 3221225472B from source datanode eb43c77b-223e-4f18-8ca2-7380b806d76c to target datanode 96c17fd4-cd4e-4761-b68b-e688f9a106bb
2023-06-21 17:31:34,727 [main] DEBUG balancer.ContainerBalancerTask (ContainerBalancerTask.java:lambda$moveContainer$3(834)) - Container move completed for container #66 from source eb43c77b-223e-4f18-8ca2-7380b806d76c to target 96c17fd4-cd4e-4761-b68b-e688f9a106bb
2023-06-21 17:31:34,729 [main] DEBUG balancer.ContainerBalancerTask (ContainerBalancerTask.java:matchSourceWithTarget(706)) - ContainerBalancer is finding suitable target for source datanode 946f2f22-546d-4b5a-8abf-2f4fb9824cd3
2023-06-21 17:31:34,729 [main] INFO  balancer.ContainerBalancerTask (ContainerBalancerTask.java:matchSourceWithTarget(720)) - ContainerBalancer matched source datanode 946f2f22-546d-4b5a-8abf-2f4fb9824cd3 with target datanode 96c17fd4-cd4e-4761-b68b-e688f9a106bb for container move.
2023-06-21 17:31:34,729 [main] INFO  balancer.ContainerBalancerTask (ContainerBalancerTask.java:processMoveSelection(569)) - ContainerBalancer is trying to move container #82 with size 2147483648B from source datanode 946f2f22-546d-4b5a-8abf-2f4fb9824cd3 to target datanode 96c17fd4-cd4e-4761-b68b-e688f9a106bb
2023-06-21 17:31:34,730 [main] DEBUG balancer.ContainerBalancerTask (ContainerBalancerTask.java:lambda$moveContainer$3(834)) - Container move completed for container #82 from source 946f2f22-546d-4b5a-8abf-2f4fb9824cd3 to target 96c17fd4-cd4e-4761-b68b-e688f9a106bb
2023-06-21 17:31:34,732 [main] DEBUG balancer.ContainerBalancerTask (ContainerBalancerTask.java:matchSourceWithTarget(706)) - ContainerBalancer is finding suitable target for source datanode a00862f6-d974-4f42-8f2d-2d7dce1cee49
2023-06-21 17:31:34,733 [main] INFO  balancer.ContainerBalancerTask (ContainerBalancerTask.java:matchSourceWithTarget(720)) - ContainerBalancer matched source datanode a00862f6-d974-4f42-8f2d-2d7dce1cee49 with target datanode 44899d6d-586e-4bf1-adf9-392bdefff0ac for container move.
2023-06-21 17:31:34,733 [main] INFO  balancer.ContainerBalancerTask (ContainerBalancerTask.java:processMoveSelection(569)) - ContainerBalancer is trying to move container #64 with size 1073741824B from source datanode a00862f6-d974-4f42-8f2d-2d7dce1cee49 to target datanode 44899d6d-586e-4bf1-adf9-392bdefff0ac
2023-06-21 17:31:34,733 [main] DEBUG balancer.ContainerBalancerTask (ContainerBalancerTask.java:lambda$moveContainer$3(834)) - Container move completed for container #64 from source a00862f6-d974-4f42-8f2d-2d7dce1cee49 to target 44899d6d-586e-4bf1-adf9-392bdefff0ac
2023-06-21 17:31:34,733 [main] WARN  balancer.ContainerBalancerTask (ContainerBalancerTask.java:reachedMaxSizeToMovePerIteration(731)) - Reached max size to move limit. 53687091200 bytes have already been scheduled for balancing and the limit is 53687091200 bytes.
2023-06-21 17:31:34,733 [main] INFO  balancer.ContainerBalancerTask (ContainerBalancerTask.java:checkIterationMoveResults(640)) - Iteration Summary. Number of Datanodes involved: 7. Size moved: 50 GB (53687091200 Bytes). Number of Container moves completed: 14.
2023-06-21 17:31:34,733 [main] INFO  balancer.ContainerBalancerTask (ContainerBalancerTask.java:balance(259)) - Result of this iteration of Container Balancer: ITERATION_COMPLETED
2023-06-21 17:31:34,733 [main] INFO  balancer.ContainerBalancerTask (ContainerBalancerTask.java:tryStopWithSaveConfiguration(308)) - Save Configuration for stopping. Reason: Completed all iterations.
]]></system-out>
  </testcase>
</testsuite>