<?xml version="1.0" encoding="UTF-8"?>
<testsuite xmlns:xsi="http://www.w3.org/2001/XMLSchema-instance" xsi:noNamespaceSchemaLocation="https://maven.apache.org/surefire/maven-surefire-plugin/xsd/surefire-test-report.xsd" name="org.apache.hadoop.ozone.client.rpc.TestBlockOutputStreamWithFailures" time="564.505" tests="8" errors="1" skipped="0" failures="0">
  <properties>
    <property name="awt.toolkit" value="sun.awt.X11.XToolkit"/>
    <property name="file.encoding.pkg" value="sun.io"/>
    <property name="java.specification.version" value="1.8"/>
    <property name="sun.cpu.isalist" value=""/>
    <property name="sun.jnu.encoding" value="UTF-8"/>
    <property name="java.class.path" value="/home/runner/work/ozone/ozone/hadoop-ozone/integration-test/target/test-classes:/home/runner/work/ozone/ozone/hadoop-ozone/integration-test/target/classes:/home/runner/.m2/repository/org/apache/ozone/ozone-common/1.2.0-SNAPSHOT/ozone-common-1.2.0-SNAPSHOT.jar:/home/runner/.m2/repository/org/apache/commons/commons-compress/1.20/commons-compress-1.20.jar:/home/runner/.m2/repository/org/apache/ozone/hdds-common/1.2.0-SNAPSHOT/hdds-common-1.2.0-SNAPSHOT.jar:/home/runner/.m2/repository/org/apache/ozone/hdds-client/1.2.0-SNAPSHOT/hdds-client-1.2.0-SNAPSHOT.jar:/home/runner/.m2/repository/org/apache/ozone/ozone-interface-client/1.2.0-SNAPSHOT/ozone-interface-client-1.2.0-SNAPSHOT.jar:/home/runner/.m2/repository/org/apache/ozone/hdds-server-framework/1.2.0-SNAPSHOT/hdds-server-framework-1.2.0-SNAPSHOT.jar:/home/runner/.m2/repository/org/apache/ozone/hdds-interface-server/1.2.0-SNAPSHOT/hdds-interface-server-1.2.0-SNAPSHOT.jar:/home/runner/.m2/repository/org/eclipse/jetty/jetty-servlet/9.4.43.v20210629/jetty-servlet-9.4.43.v20210629.jar:/home/runner/.m2/repository/org/eclipse/jetty/jetty-security/9.4.43.v20210629/jetty-security-9.4.43.v20210629.jar:/home/runner/.m2/repository/org/rocksdb/rocksdbjni/6.20.3/rocksdbjni-6.20.3.jar:/home/runner/.m2/repository/io/prometheus/simpleclient_dropwizard/0.7.0/simpleclient_dropwizard-0.7.0.jar:/home/runner/.m2/repository/io/prometheus/simpleclient/0.7.0/simpleclient-0.7.0.jar:/home/runner/.m2/repository/io/prometheus/simpleclient_common/0.7.0/simpleclient_common-0.7.0.jar:/home/runner/.m2/repository/com/fasterxml/jackson/datatype/jackson-datatype-jsr310/2.12.1/jackson-datatype-jsr310-2.12.1.jar:/home/runner/.m2/repository/org/apache/ozone/hdds-test-utils/1.2.0-SNAPSHOT/hdds-test-utils-1.2.0-SNAPSHOT.jar:/home/runner/.m2/repository/com/google/guava/guava/30.1.1-jre/guava-30.1.1-jre.jar:/home/runner/.m2/repository/com/google/guava/failureaccess/1.0.1/failureaccess-1.0.1.jar:/home/runner/.m2/repository/com/google/guava/listenablefuture/9999.0-empty-to-avoid-conflict-with-guava/listenablefuture-9999.0-empty-to-avoid-conflict-with-guava.jar:/home/runner/.m2/repository/com/google/code/findbugs/jsr305/3.0.0/jsr305-3.0.0.jar:/home/runner/.m2/repository/org/checkerframework/checker-qual/3.8.0/checker-qual-3.8.0.jar:/home/runner/.m2/repository/com/google/errorprone/error_prone_annotations/2.2.0/error_prone_annotations-2.2.0.jar:/home/runner/.m2/repository/com/google/j2objc/j2objc-annotations/1.3/j2objc-annotations-1.3.jar:/home/runner/.m2/repository/commons-io/commons-io/2.8.0/commons-io-2.8.0.jar:/home/runner/.m2/repository/commons-logging/commons-logging/1.2/commons-logging-1.2.jar:/home/runner/.m2/repository/log4j/log4j/1.2.17/log4j-1.2.17.jar:/home/runner/.m2/repository/org/slf4j/slf4j-api/1.7.30/slf4j-api-1.7.30.jar:/home/runner/.m2/repository/org/apache/ozone/hdds-server-scm/1.2.0-SNAPSHOT/hdds-server-scm-1.2.0-SNAPSHOT.jar:/home/runner/.m2/repository/org/apache/ozone/hdds-container-service/1.2.0-SNAPSHOT/hdds-container-service-1.2.0-SNAPSHOT.jar:/home/runner/.m2/repository/org/apache/ozone/hdds-hadoop-dependency-server/1.2.0-SNAPSHOT/hdds-hadoop-dependency-server-1.2.0-SNAPSHOT.jar:/home/runner/.m2/repository/org/apache/hadoop/hadoop-hdfs/3.3.1/hadoop-hdfs-3.3.1.jar:/home/runner/.m2/repository/io/dropwizard/metrics/metrics-core/3.2.4/metrics-core-3.2.4.jar:/home/runner/.m2/repository/org/apache/hadoop/hadoop-hdfs-client/3.3.1/hadoop-hdfs-client-3.3.1.jar:/home/runner/.m2/repository/org/bouncycastle/bcprov-jdk15on/1.67/bcprov-jdk15on-1.67.jar:/home/runner/.m2/repository/com/google/protobuf/protobuf-java/2.5.0/protobuf-java-2.5.0.jar:/home/runner/.m2/repository/org/apache/ozone/ozone-manager/1.2.0-SNAPSHOT/ozone-manager-1.2.0-SNAPSHOT.jar:/home/runner/.m2/repository/org/aspectj/aspectjrt/1.8.9/aspectjrt-1.8.9.jar:/home/runner/.m2/repository/org/aspectj/aspectjweaver/1.8.9/aspectjweaver-1.8.9.jar:/home/runner/.m2/repository/org/apache/ozone/hdds-interface-client/1.2.0-SNAPSHOT/hdds-interface-client-1.2.0-SNAPSHOT.jar:/home/runner/.m2/repository/org/apache/hadoop/thirdparty/hadoop-shaded-protobuf_3_7/1.1.1/hadoop-shaded-protobuf_3_7-1.1.1.jar:/home/runner/.m2/repository/org/apache/ozone/ozone-interface-storage/1.2.0-SNAPSHOT/ozone-interface-storage-1.2.0-SNAPSHOT.jar:/home/runner/.m2/repository/org/reflections/reflections/0.9.11/reflections-0.9.11.jar:/home/runner/.m2/repository/org/apache/hadoop/hadoop-minikdc/3.3.1/hadoop-minikdc-3.3.1.jar:/home/runner/.m2/repository/org/apache/kerby/kerb-simplekdc/1.0.1/kerb-simplekdc-1.0.1.jar:/home/runner/.m2/repository/org/apache/kerby/kerb-client/1.0.1/kerb-client-1.0.1.jar:/home/runner/.m2/repository/org/apache/kerby/kerby-config/1.0.1/kerby-config-1.0.1.jar:/home/runner/.m2/repository/org/apache/kerby/kerb-common/1.0.1/kerb-common-1.0.1.jar:/home/runner/.m2/repository/org/apache/kerby/kerb-crypto/1.0.1/kerb-crypto-1.0.1.jar:/home/runner/.m2/repository/org/apache/kerby/kerb-util/1.0.1/kerb-util-1.0.1.jar:/home/runner/.m2/repository/org/apache/kerby/token-provider/1.0.1/token-provider-1.0.1.jar:/home/runner/.m2/repository/org/apache/kerby/kerb-admin/1.0.1/kerb-admin-1.0.1.jar:/home/runner/.m2/repository/org/apache/kerby/kerb-server/1.0.1/kerb-server-1.0.1.jar:/home/runner/.m2/repository/org/apache/kerby/kerb-identity/1.0.1/kerb-identity-1.0.1.jar:/home/runner/.m2/repository/org/apache/kerby/kerby-xdr/1.0.1/kerby-xdr-1.0.1.jar:/home/runner/.m2/repository/org/slf4j/slf4j-log4j12/1.7.30/slf4j-log4j12-1.7.30.jar:/home/runner/.m2/repository/org/apache/ozone/ozone-s3gateway/1.2.0-SNAPSHOT/ozone-s3gateway-1.2.0-SNAPSHOT.jar:/home/runner/.m2/repository/org/javassist/javassist/3.21.0-GA/javassist-3.21.0-GA.jar:/home/runner/.m2/repository/org/jboss/weld/servlet/weld-servlet/2.4.7.Final/weld-servlet-2.4.7.Final.jar:/home/runner/.m2/repository/org/glassfish/jersey/containers/jersey-container-servlet-core/2.33/jersey-container-servlet-core-2.33.jar:/home/runner/.m2/repository/org/glassfish/hk2/external/jakarta.inject/2.6.1/jakarta.inject-2.6.1.jar:/home/runner/.m2/repository/org/glassfish/jersey/core/jersey-common/2.33/jersey-common-2.33.jar:/home/runner/.m2/repository/jakarta/ws/rs/jakarta.ws.rs-api/2.1.6/jakarta.ws.rs-api-2.1.6.jar:/home/runner/.m2/repository/org/glassfish/jersey/ext/cdi/jersey-cdi1x/2.33/jersey-cdi1x-2.33.jar:/home/runner/.m2/repository/org/glassfish/jersey/inject/jersey-hk2/2.33/jersey-hk2-2.33.jar:/home/runner/.m2/repository/org/glassfish/hk2/hk2-locator/2.6.1/hk2-locator-2.6.1.jar:/home/runner/.m2/repository/org/glassfish/jersey/media/jersey-media-jaxb/2.33/jersey-media-jaxb-2.33.jar:/home/runner/.m2/repository/org/glassfish/hk2/osgi-resource-locator/1.0.3/osgi-resource-locator-1.0.3.jar:/home/runner/.m2/repository/org/glassfish/hk2/hk2-api/2.5.0/hk2-api-2.5.0.jar:/home/runner/.m2/repository/org/glassfish/hk2/hk2-utils/2.5.0/hk2-utils-2.5.0.jar:/home/runner/.m2/repository/org/glassfish/hk2/external/aopalliance-repackaged/2.5.0/aopalliance-repackaged-2.5.0.jar:/home/runner/.m2/repository/com/fasterxml/jackson/dataformat/jackson-dataformat-xml/2.12.1/jackson-dataformat-xml-2.12.1.jar:/home/runner/.m2/repository/com/fasterxml/jackson/core/jackson-core/2.12.1/jackson-core-2.12.1.jar:/home/runner/.m2/repository/com/fasterxml/jackson/module/jackson-module-jaxb-annotations/2.12.1/jackson-module-jaxb-annotations-2.12.1.jar:/home/runner/.m2/repository/jakarta/xml/bind/jakarta.xml.bind-api/2.3.2/jakarta.xml.bind-api-2.3.2.jar:/home/runner/.m2/repository/org/codehaus/woodstox/stax2-api/3.1.4/stax2-api-3.1.4.jar:/home/runner/.m2/repository/com/fasterxml/woodstox/woodstox-core/5.0.3/woodstox-core-5.0.3.jar:/home/runner/.m2/repository/javax/enterprise/cdi-api/1.2/cdi-api-1.2.jar:/home/runner/.m2/repository/javax/el/javax.el-api/3.0.0/javax.el-api-3.0.0.jar:/home/runner/.m2/repository/javax/interceptor/javax.interceptor-api/1.2/javax.interceptor-api-1.2.jar:/home/runner/.m2/repository/javax/inject/javax.inject/1/javax.inject-1.jar:/home/runner/.m2/repository/javax/xml/bind/jaxb-api/2.3.0/jaxb-api-2.3.0.jar:/home/runner/.m2/repository/org/glassfish/jaxb/jaxb-runtime/2.3.0.1/jaxb-runtime-2.3.0.1.jar:/home/runner/.m2/repository/org/glassfish/jaxb/jaxb-core/2.3.0.1/jaxb-core-2.3.0.1.jar:/home/runner/.m2/repository/org/glassfish/jaxb/txw2/2.3.0.1/txw2-2.3.0.1.jar:/home/runner/.m2/repository/com/sun/istack/istack-commons-runtime/3.0.5/istack-commons-runtime-3.0.5.jar:/home/runner/.m2/repository/org/jvnet/staxex/stax-ex/1.7.8/stax-ex-1.7.8.jar:/home/runner/.m2/repository/com/sun/xml/fastinfoset/FastInfoset/1.2.13/FastInfoset-1.2.13.jar:/home/runner/.m2/repository/javax/activation/activation/1.1.1/activation-1.1.1.jar:/home/runner/.m2/repository/org/apache/ozone/ozone-csi/1.2.0-SNAPSHOT/ozone-csi-1.2.0-SNAPSHOT.jar:/home/runner/.m2/repository/com/google/protobuf/protobuf-java-util/3.12.0/protobuf-java-util-3.12.0.jar:/home/runner/.m2/repository/com/google/code/gson/gson/2.2.4/gson-2.2.4.jar:/home/runner/.m2/repository/org/apache/ozone/hdds-config/1.2.0-SNAPSHOT/hdds-config-1.2.0-SNAPSHOT.jar:/home/runner/.m2/repository/io/grpc/grpc-netty/1.33.0/grpc-netty-1.33.0.jar:/home/runner/.m2/repository/io/grpc/grpc-core/1.33.0/grpc-core-1.33.0.jar:/home/runner/.m2/repository/com/google/android/annotations/4.1.1.4/annotations-4.1.1.4.jar:/home/runner/.m2/repository/io/netty/netty-codec-http2/4.1.63.Final/netty-codec-http2-4.1.63.Final.jar:/home/runner/.m2/repository/io/netty/netty-codec-http/4.1.63.Final/netty-codec-http-4.1.63.Final.jar:/home/runner/.m2/repository/io/netty/netty-handler-proxy/4.1.63.Final/netty-handler-proxy-4.1.63.Final.jar:/home/runner/.m2/repository/io/netty/netty-codec-socks/4.1.63.Final/netty-codec-socks-4.1.63.Final.jar:/home/runner/.m2/repository/io/perfmark/perfmark-api/0.19.0/perfmark-api-0.19.0.jar:/home/runner/.m2/repository/org/codehaus/mojo/animal-sniffer-annotations/1.18/animal-sniffer-annotations-1.18.jar:/home/runner/.m2/repository/io/netty/netty-transport-native-epoll/4.1.63.Final/netty-transport-native-epoll-4.1.63.Final.jar:/home/runner/.m2/repository/io/netty/netty-common/4.1.63.Final/netty-common-4.1.63.Final.jar:/home/runner/.m2/repository/io/netty/netty-buffer/4.1.63.Final/netty-buffer-4.1.63.Final.jar:/home/runner/.m2/repository/io/netty/netty-transport-native-unix-common/4.1.63.Final/netty-transport-native-unix-common-4.1.63.Final.jar:/home/runner/.m2/repository/io/grpc/grpc-protobuf/1.33.0/grpc-protobuf-1.33.0.jar:/home/runner/.m2/repository/io/grpc/grpc-api/1.33.0/grpc-api-1.33.0.jar:/home/runner/.m2/repository/io/grpc/grpc-context/1.33.0/grpc-context-1.33.0.jar:/home/runner/.m2/repository/com/google/api/grpc/proto-google-common-protos/1.17.0/proto-google-common-protos-1.17.0.jar:/home/runner/.m2/repository/io/grpc/grpc-protobuf-lite/1.33.0/grpc-protobuf-lite-1.33.0.jar:/home/runner/.m2/repository/io/grpc/grpc-stub/1.33.0/grpc-stub-1.33.0.jar:/home/runner/.m2/repository/org/apache/ozone/ozone-recon/1.2.0-SNAPSHOT/ozone-recon-1.2.0-SNAPSHOT.jar:/home/runner/.m2/repository/org/apache/ozone/ozone-reconcodegen/1.2.0-SNAPSHOT/ozone-reconcodegen-1.2.0-SNAPSHOT.jar:/home/runner/.m2/repository/com/google/inject/extensions/guice-multibindings/4.0/guice-multibindings-4.0.jar:/home/runner/.m2/repository/com/google/inject/guice/4.0/guice-4.0.jar:/home/runner/.m2/repository/aopalliance/aopalliance/1.0/aopalliance-1.0.jar:/home/runner/.m2/repository/com/google/inject/extensions/guice-assistedinject/4.0/guice-assistedinject-4.0.jar:/home/runner/.m2/repository/com/google/inject/extensions/guice-servlet/4.0/guice-servlet-4.0.jar:/home/runner/.m2/repository/org/glassfish/jersey/containers/jersey-container-servlet/2.33/jersey-container-servlet-2.33.jar:/home/runner/.m2/repository/org/glassfish/hk2/guice-bridge/2.5.0/guice-bridge-2.5.0.jar:/home/runner/.m2/repository/org/glassfish/jersey/core/jersey-server/2.33/jersey-server-2.33.jar:/home/runner/.m2/repository/org/glassfish/jersey/core/jersey-client/2.33/jersey-client-2.33.jar:/home/runner/.m2/repository/jakarta/annotation/jakarta.annotation-api/1.3.5/jakarta.annotation-api-1.3.5.jar:/home/runner/.m2/repository/jakarta/validation/jakarta.validation-api/2.0.2/jakarta.validation-api-2.0.2.jar:/home/runner/.m2/repository/org/glassfish/jersey/media/jersey-media-json-jackson/2.33/jersey-media-json-jackson-2.33.jar:/home/runner/.m2/repository/org/glassfish/jersey/ext/jersey-entity-filtering/2.33/jersey-entity-filtering-2.33.jar:/home/runner/.m2/repository/org/jooq/jooq/3.11.10/jooq-3.11.10.jar:/home/runner/.m2/repository/org/jooq/jooq-meta/3.11.10/jooq-meta-3.11.10.jar:/home/runner/.m2/repository/org/jooq/jooq-codegen/3.11.10/jooq-codegen-3.11.10.jar:/home/runner/.m2/repository/com/jolbox/bonecp/0.8.0.RELEASE/bonecp-0.8.0.RELEASE.jar:/home/runner/.m2/repository/org/apache/derby/derby/10.14.2.0/derby-10.14.2.0.jar:/home/runner/.m2/repository/org/xerial/sqlite-jdbc/3.25.2/sqlite-jdbc-3.25.2.jar:/home/runner/.m2/repository/org/springframework/spring-jdbc/5.2.11.RELEASE/spring-jdbc-5.2.11.RELEASE.jar:/home/runner/.m2/repository/org/springframework/spring-beans/5.2.11.RELEASE/spring-beans-5.2.11.RELEASE.jar:/home/runner/.m2/repository/org/springframework/spring-core/5.2.11.RELEASE/spring-core-5.2.11.RELEASE.jar:/home/runner/.m2/repository/org/springframework/spring-jcl/5.2.11.RELEASE/spring-jcl-5.2.11.RELEASE.jar:/home/runner/.m2/repository/org/springframework/spring-tx/5.2.11.RELEASE/spring-tx-5.2.11.RELEASE.jar:/home/runner/.m2/repository/org/apache/ozone/ozone-client/1.2.0-SNAPSHOT/ozone-client-1.2.0-SNAPSHOT.jar:/home/runner/.m2/repository/org/apache/ozone/ozone-filesystem/1.2.0-SNAPSHOT/ozone-filesystem-1.2.0-SNAPSHOT.jar:/home/runner/.m2/repository/org/apache/ozone/ozone-filesystem-common/1.2.0-SNAPSHOT/ozone-filesystem-common-1.2.0-SNAPSHOT.jar:/home/runner/.m2/repository/org/apache/ozone/ozone-tools/1.2.0-SNAPSHOT/ozone-tools-1.2.0-SNAPSHOT.jar:/home/runner/.m2/repository/org/apache/ratis/ratis-tools/2.1.0-03f3b68-SNAPSHOT/ratis-tools-2.1.0-03f3b68-SNAPSHOT.jar:/home/runner/.m2/repository/com/amazonaws/aws-java-sdk-core/1.11.901/aws-java-sdk-core-1.11.901.jar:/home/runner/.m2/repository/org/apache/httpcomponents/httpclient/4.5.13/httpclient-4.5.13.jar:/home/runner/.m2/repository/org/apache/httpcomponents/httpcore/4.4.13/httpcore-4.4.13.jar:/home/runner/.m2/repository/software/amazon/ion/ion-java/1.0.2/ion-java-1.0.2.jar:/home/runner/.m2/repository/com/fasterxml/jackson/dataformat/jackson-dataformat-cbor/2.12.1/jackson-dataformat-cbor-2.12.1.jar:/home/runner/.m2/repository/joda-time/joda-time/2.8.1/joda-time-2.8.1.jar:/home/runner/.m2/repository/com/amazonaws/aws-java-sdk-s3/1.11.901/aws-java-sdk-s3-1.11.901.jar:/home/runner/.m2/repository/com/amazonaws/aws-java-sdk-kms/1.11.901/aws-java-sdk-kms-1.11.901.jar:/home/runner/.m2/repository/com/amazonaws/jmespath-java/1.11.901/jmespath-java-1.11.901.jar:/home/runner/.m2/repository/org/kohsuke/metainf-services/metainf-services/1.8/metainf-services-1.8.jar:/home/runner/.m2/repository/org/apache/ozone/hdds-tools/1.2.0-SNAPSHOT/hdds-tools-1.2.0-SNAPSHOT.jar:/home/runner/.m2/repository/commons-cli/commons-cli/1.2/commons-cli-1.2.jar:/home/runner/.m2/repository/org/apache/commons/commons-lang3/3.7/commons-lang3-3.7.jar:/home/runner/.m2/repository/org/apache/ozone/ozone-manager/1.2.0-SNAPSHOT/ozone-manager-1.2.0-SNAPSHOT-tests.jar:/home/runner/.m2/repository/org/apache/ozone/hdds-common/1.2.0-SNAPSHOT/hdds-common-1.2.0-SNAPSHOT-tests.jar:/home/runner/.m2/repository/org/apache/ozone/hdds-hadoop-dependency-client/1.2.0-SNAPSHOT/hdds-hadoop-dependency-client-1.2.0-SNAPSHOT.jar:/home/runner/.m2/repository/info/picocli/picocli/4.6.1/picocli-4.6.1.jar:/home/runner/.m2/repository/com/fasterxml/jackson/core/jackson-annotations/2.12.1/jackson-annotations-2.12.1.jar:/home/runner/.m2/repository/javax/annotation/javax.annotation-api/1.2/javax.annotation-api-1.2.jar:/home/runner/.m2/repository/org/apache/ratis/ratis-server/2.1.0-03f3b68-SNAPSHOT/ratis-server-2.1.0-03f3b68-SNAPSHOT.jar:/home/runner/.m2/repository/org/apache/ratis/ratis-client/2.1.0-03f3b68-SNAPSHOT/ratis-client-2.1.0-03f3b68-SNAPSHOT.jar:/home/runner/.m2/repository/org/apache/ratis/ratis-server-api/2.1.0-03f3b68-SNAPSHOT/ratis-server-api-2.1.0-03f3b68-SNAPSHOT.jar:/home/runner/.m2/repository/org/apache/ratis/ratis-metrics/2.1.0-03f3b68-SNAPSHOT/ratis-metrics-2.1.0-03f3b68-SNAPSHOT.jar:/home/runner/.m2/repository/org/apache/ratis/ratis-netty/2.1.0-03f3b68-SNAPSHOT/ratis-netty-2.1.0-03f3b68-SNAPSHOT.jar:/home/runner/.m2/repository/org/apache/ratis/ratis-grpc/2.1.0-03f3b68-SNAPSHOT/ratis-grpc-2.1.0-03f3b68-SNAPSHOT.jar:/home/runner/.m2/repository/org/apache/logging/log4j/log4j-api/2.13.3/log4j-api-2.13.3.jar:/home/runner/.m2/repository/org/apache/logging/log4j/log4j-core/2.13.3/log4j-core-2.13.3.jar:/home/runner/.m2/repository/com/lmax/disruptor/3.4.2/disruptor-3.4.2.jar:/home/runner/.m2/repository/org/apache/commons/commons-pool2/2.6.0/commons-pool2-2.6.0.jar:/home/runner/.m2/repository/org/bouncycastle/bcpkix-jdk15on/1.67/bcpkix-jdk15on-1.67.jar:/home/runner/.m2/repository/commons-validator/commons-validator/1.6/commons-validator-1.6.jar:/home/runner/.m2/repository/commons-beanutils/commons-beanutils/1.9.4/commons-beanutils-1.9.4.jar:/home/runner/.m2/repository/commons-digester/commons-digester/1.8.1/commons-digester-1.8.1.jar:/home/runner/.m2/repository/commons-collections/commons-collections/3.2.2/commons-collections-3.2.2.jar:/home/runner/.m2/repository/io/jaegertracing/jaeger-client/1.6.0/jaeger-client-1.6.0.jar:/home/runner/.m2/repository/io/jaegertracing/jaeger-thrift/1.6.0/jaeger-thrift-1.6.0.jar:/home/runner/.m2/repository/org/apache/thrift/libthrift/0.14.1/libthrift-0.14.1.jar:/home/runner/.m2/repository/com/squareup/okhttp3/okhttp/4.9.0/okhttp-4.9.0.jar:/home/runner/.m2/repository/com/squareup/okio/okio/2.8.0/okio-2.8.0.jar:/home/runner/.m2/repository/io/jaegertracing/jaeger-core/1.6.0/jaeger-core-1.6.0.jar:/home/runner/.m2/repository/io/jaegertracing/jaeger-tracerresolver/1.6.0/jaeger-tracerresolver-1.6.0.jar:/home/runner/.m2/repository/io/opentracing/contrib/opentracing-tracerresolver/0.1.8/opentracing-tracerresolver-0.1.8.jar:/home/runner/.m2/repository/org/jetbrains/kotlin/kotlin-stdlib/1.4.31/kotlin-stdlib-1.4.31.jar:/home/runner/.m2/repository/org/jetbrains/kotlin/kotlin-stdlib-common/1.4.31/kotlin-stdlib-common-1.4.31.jar:/home/runner/.m2/repository/org/jetbrains/annotations/13.0/annotations-13.0.jar:/home/runner/.m2/repository/io/opentracing/opentracing-util/0.33.0/opentracing-util-0.33.0.jar:/home/runner/.m2/repository/io/opentracing/opentracing-api/0.33.0/opentracing-api-0.33.0.jar:/home/runner/.m2/repository/io/opentracing/opentracing-noop/0.33.0/opentracing-noop-0.33.0.jar:/home/runner/.m2/repository/org/yaml/snakeyaml/1.26/snakeyaml-1.26.jar:/home/runner/.m2/repository/org/apache/ozone/hdds-interface-admin/1.2.0-SNAPSHOT/hdds-interface-admin-1.2.0-SNAPSHOT.jar:/home/runner/.m2/repository/junit/junit/4.13.1/junit-4.13.1.jar:/home/runner/.m2/repository/org/hamcrest/hamcrest-core/1.3/hamcrest-core-1.3.jar:/home/runner/.m2/repository/org/junit/jupiter/junit-jupiter-api/5.7.0/junit-jupiter-api-5.7.0.jar:/home/runner/.m2/repository/org/apiguardian/apiguardian-api/1.1.0/apiguardian-api-1.1.0.jar:/home/runner/.m2/repository/org/opentest4j/opentest4j/1.2.0/opentest4j-1.2.0.jar:/home/runner/.m2/repository/org/junit/platform/junit-platform-commons/1.7.0/junit-platform-commons-1.7.0.jar:/home/runner/.m2/repository/org/junit/jupiter/junit-jupiter-engine/5.7.0/junit-jupiter-engine-5.7.0.jar:/home/runner/.m2/repository/org/junit/platform/junit-platform-engine/1.7.0/junit-platform-engine-1.7.0.jar:/home/runner/.m2/repository/org/junit/vintage/junit-vintage-engine/5.7.0/junit-vintage-engine-5.7.0.jar:/home/runner/.m2/repository/org/junit/platform/junit-platform-launcher/1.7.0/junit-platform-launcher-1.7.0.jar:/home/runner/.m2/repository/org/openjdk/jmh/jmh-core/1.19/jmh-core-1.19.jar:/home/runner/.m2/repository/net/sf/jopt-simple/jopt-simple/4.6/jopt-simple-4.6.jar:/home/runner/.m2/repository/org/apache/commons/commons-math3/3.1.1/commons-math3-3.1.1.jar:/home/runner/.m2/repository/org/openjdk/jmh/jmh-generator-annprocess/1.19/jmh-generator-annprocess-1.19.jar:/home/runner/.m2/repository/org/mockito/mockito-core/2.28.2/mockito-core-2.28.2.jar:/home/runner/.m2/repository/net/bytebuddy/byte-buddy/1.9.10/byte-buddy-1.9.10.jar:/home/runner/.m2/repository/net/bytebuddy/byte-buddy-agent/1.9.10/byte-buddy-agent-1.9.10.jar:/home/runner/.m2/repository/org/objenesis/objenesis/1.0/objenesis-1.0.jar:/home/runner/.m2/repository/org/apache/hadoop/hadoop-kms/3.3.1/hadoop-kms-3.3.1.jar:/home/runner/.m2/repository/org/apache/hadoop/hadoop-auth/3.3.1/hadoop-auth-3.3.1.jar:/home/runner/.m2/repository/com/nimbusds/nimbus-jose-jwt/7.9/nimbus-jose-jwt-7.9.jar:/home/runner/.m2/repository/com/github/stephenc/jcip/jcip-annotations/1.0-1/jcip-annotations-1.0-1.jar:/home/runner/.m2/repository/net/minidev/json-smart/2.3/json-smart-2.3.jar:/home/runner/.m2/repository/net/minidev/accessors-smart/1.2/accessors-smart-1.2.jar:/home/runner/.m2/repository/org/ow2/asm/asm/5.0.4/asm-5.0.4.jar:/home/runner/.m2/repository/org/apache/zookeeper/zookeeper/3.5.6/zookeeper-3.5.6.jar:/home/runner/.m2/repository/org/apache/zookeeper/zookeeper-jute/3.5.6/zookeeper-jute-3.5.6.jar:/home/runner/.m2/repository/org/apache/yetus/audience-annotations/0.5.0/audience-annotations-0.5.0.jar:/home/runner/.m2/repository/org/apache/curator/curator-framework/4.2.0/curator-framework-4.2.0.jar:/home/runner/.m2/repository/org/apache/hadoop/thirdparty/hadoop-shaded-guava/1.1.1/hadoop-shaded-guava-1.1.1.jar:/home/runner/.m2/repository/com/sun/jersey/jersey-core/1.19/jersey-core-1.19.jar:/home/runner/.m2/repository/javax/ws/rs/jsr311-api/1.1.1/jsr311-api-1.1.1.jar:/home/runner/.m2/repository/com/sun/jersey/jersey-server/1.19/jersey-server-1.19.jar:/home/runner/.m2/repository/javax/servlet/javax.servlet-api/3.1.0/javax.servlet-api-3.1.0.jar:/home/runner/.m2/repository/org/eclipse/jetty/jetty-server/9.4.43.v20210629/jetty-server-9.4.43.v20210629.jar:/home/runner/.m2/repository/org/eclipse/jetty/jetty-http/9.4.43.v20210629/jetty-http-9.4.43.v20210629.jar:/home/runner/.m2/repository/org/eclipse/jetty/jetty-io/9.4.43.v20210629/jetty-io-9.4.43.v20210629.jar:/home/runner/.m2/repository/org/eclipse/jetty/jetty-webapp/9.4.43.v20210629/jetty-webapp-9.4.43.v20210629.jar:/home/runner/.m2/repository/org/eclipse/jetty/jetty-xml/9.4.43.v20210629/jetty-xml-9.4.43.v20210629.jar:/home/runner/.m2/repository/org/apache/hadoop/hadoop-common/3.3.1/hadoop-common-3.3.1.jar:/home/runner/.m2/repository/commons-net/commons-net/3.6/commons-net-3.6.jar:/home/runner/.m2/repository/jakarta/activation/jakarta.activation-api/1.2.1/jakarta.activation-api-1.2.1.jar:/home/runner/.m2/repository/com/sun/jersey/jersey-servlet/1.19/jersey-servlet-1.19.jar:/home/runner/.m2/repository/com/sun/jersey/jersey-json/1.19/jersey-json-1.19.jar:/home/runner/.m2/repository/org/codehaus/jettison/jettison/1.1/jettison-1.1.jar:/home/runner/.m2/repository/com/sun/xml/bind/jaxb-impl/2.2.3-1/jaxb-impl-2.2.3-1.jar:/home/runner/.m2/repository/org/codehaus/jackson/jackson-jaxrs/1.9.2/jackson-jaxrs-1.9.2.jar:/home/runner/.m2/repository/org/codehaus/jackson/jackson-xc/1.9.2/jackson-xc-1.9.2.jar:/home/runner/.m2/repository/org/apache/commons/commons-configuration2/2.1.1/commons-configuration2-2.1.1.jar:/home/runner/.m2/repository/org/apache/commons/commons-text/1.4/commons-text-1.4.jar:/home/runner/.m2/repository/com/google/re2j/re2j/1.1/re2j-1.1.jar:/home/runner/.m2/repository/com/jcraft/jsch/0.1.54/jsch-0.1.54.jar:/home/runner/.m2/repository/org/apache/curator/curator-client/4.2.0/curator-client-4.2.0.jar:/home/runner/.m2/repository/org/apache/curator/curator-recipes/4.2.0/curator-recipes-4.2.0.jar:/home/runner/.m2/repository/org/apache/kerby/kerb-core/1.0.1/kerb-core-1.0.1.jar:/home/runner/.m2/repository/org/apache/kerby/kerby-pkix/1.0.1/kerby-pkix-1.0.1.jar:/home/runner/.m2/repository/org/apache/kerby/kerby-asn1/1.0.1/kerby-asn1-1.0.1.jar:/home/runner/.m2/repository/org/apache/kerby/kerby-util/1.0.1/kerby-util-1.0.1.jar:/home/runner/.m2/repository/dnsjava/dnsjava/2.1.7/dnsjava-2.1.7.jar:/home/runner/.m2/repository/org/xerial/snappy/snappy-java/1.1.8.2/snappy-java-1.1.8.2.jar:/home/runner/.m2/repository/org/slf4j/jul-to-slf4j/1.7.30/jul-to-slf4j-1.7.30.jar:/home/runner/.m2/repository/org/eclipse/jetty/jetty-util/9.4.43.v20210629/jetty-util-9.4.43.v20210629.jar:/home/runner/.m2/repository/com/fasterxml/jackson/core/jackson-databind/2.12.1/jackson-databind-2.12.1.jar:/home/runner/.m2/repository/org/apache/hadoop/hadoop-kms/3.3.1/hadoop-kms-3.3.1-tests.jar:/home/runner/.m2/repository/org/apache/ozone/hdds-server-scm/1.2.0-SNAPSHOT/hdds-server-scm-1.2.0-SNAPSHOT-tests.jar:/home/runner/.m2/repository/org/apache/ozone/hdds-container-service/1.2.0-SNAPSHOT/hdds-container-service-1.2.0-SNAPSHOT-tests.jar:/home/runner/.m2/repository/commons-codec/commons-codec/1.11/commons-codec-1.11.jar:/home/runner/.m2/repository/io/netty/netty-transport/4.1.63.Final/netty-transport-4.1.63.Final.jar:/home/runner/.m2/repository/io/netty/netty-resolver/4.1.63.Final/netty-resolver-4.1.63.Final.jar:/home/runner/.m2/repository/io/netty/netty-codec/4.1.63.Final/netty-codec-4.1.63.Final.jar:/home/runner/.m2/repository/io/netty/netty-handler/4.1.63.Final/netty-handler-4.1.63.Final.jar:/home/runner/.m2/repository/org/apache/ozone/hdds-hadoop-dependency-test/1.2.0-SNAPSHOT/hdds-hadoop-dependency-test-1.2.0-SNAPSHOT.jar:/home/runner/.m2/repository/org/apache/hadoop/hadoop-common/3.3.1/hadoop-common-3.3.1-tests.jar:/home/runner/.m2/repository/org/assertj/assertj-core/3.12.2/assertj-core-3.12.2.jar:/home/runner/.m2/repository/org/apache/hadoop/hadoop-hdfs/3.3.1/hadoop-hdfs-3.3.1-tests.jar:/home/runner/.m2/repository/org/eclipse/jetty/jetty-util-ajax/9.4.43.v20210629/jetty-util-ajax-9.4.43.v20210629.jar:/home/runner/.m2/repository/commons-daemon/commons-daemon/1.0.13/commons-daemon-1.0.13.jar:/home/runner/.m2/repository/io/netty/netty/3.10.6.Final/netty-3.10.6.Final.jar:/home/runner/.m2/repository/io/netty/netty-all/4.1.63.Final/netty-all-4.1.63.Final.jar:/home/runner/.m2/repository/org/apache/htrace/htrace-core4/4.1.0-incubating/htrace-core4-4.1.0-incubating.jar:/home/runner/.m2/repository/org/fusesource/leveldbjni/leveldbjni-all/1.8/leveldbjni-all-1.8.jar:/home/runner/.m2/repository/org/apache/hadoop/hadoop-distcp/3.3.1/hadoop-distcp-3.3.1.jar:/home/runner/.m2/repository/org/apache/hadoop/hadoop-mapreduce-client-jobclient/3.3.1/hadoop-mapreduce-client-jobclient-3.3.1.jar:/home/runner/.m2/repository/org/apache/hadoop/hadoop-mapreduce-client-common/3.3.1/hadoop-mapreduce-client-common-3.3.1.jar:/home/runner/.m2/repository/org/apache/hadoop/hadoop-yarn-common/3.3.1/hadoop-yarn-common-3.3.1.jar:/home/runner/.m2/repository/org/apache/hadoop/hadoop-yarn-api/3.3.1/hadoop-yarn-api-3.3.1.jar:/home/runner/.m2/repository/com/sun/jersey/jersey-client/1.19/jersey-client-1.19.jar:/home/runner/.m2/repository/com/sun/jersey/contribs/jersey-guice/1.19/jersey-guice-1.19.jar:/home/runner/.m2/repository/com/fasterxml/jackson/jaxrs/jackson-jaxrs-json-provider/2.12.1/jackson-jaxrs-json-provider-2.12.1.jar:/home/runner/.m2/repository/com/fasterxml/jackson/jaxrs/jackson-jaxrs-base/2.12.1/jackson-jaxrs-base-2.12.1.jar:/home/runner/.m2/repository/org/apache/hadoop/hadoop-yarn-client/3.3.1/hadoop-yarn-client-3.3.1.jar:/home/runner/.m2/repository/org/eclipse/jetty/websocket/websocket-client/9.4.40.v20210413/websocket-client-9.4.40.v20210413.jar:/home/runner/.m2/repository/org/eclipse/jetty/jetty-client/9.4.40.v20210413/jetty-client-9.4.40.v20210413.jar:/home/runner/.m2/repository/org/eclipse/jetty/websocket/websocket-common/9.4.40.v20210413/websocket-common-9.4.40.v20210413.jar:/home/runner/.m2/repository/org/eclipse/jetty/websocket/websocket-api/9.4.40.v20210413/websocket-api-9.4.40.v20210413.jar:/home/runner/.m2/repository/org/jline/jline/3.9.0/jline-3.9.0.jar:/home/runner/.m2/repository/org/apache/hadoop/hadoop-mapreduce-client-core/3.3.1/hadoop-mapreduce-client-core-3.3.1.jar:/home/runner/.m2/repository/org/apache/avro/avro/1.7.7/avro-1.7.7.jar:/home/runner/.m2/repository/org/codehaus/jackson/jackson-core-asl/1.9.13/jackson-core-asl-1.9.13.jar:/home/runner/.m2/repository/org/codehaus/jackson/jackson-mapper-asl/1.9.13/jackson-mapper-asl-1.9.13.jar:/home/runner/.m2/repository/com/thoughtworks/paranamer/paranamer/2.3/paranamer-2.3.jar:/home/runner/.m2/repository/org/apache/hadoop/hadoop-annotations/3.3.1/hadoop-annotations-3.3.1.jar:/usr/lib/jvm/adoptopenjdk-8-hotspot-amd64/jre/../lib/tools.jar:/home/runner/.m2/repository/org/apache/hadoop/hadoop-distcp/3.3.1/hadoop-distcp-3.3.1-tests.jar:/home/runner/.m2/repository/org/apache/ratis/ratis-common/2.1.0-03f3b68-SNAPSHOT/ratis-common-2.1.0-03f3b68-SNAPSHOT.jar:/home/runner/.m2/repository/org/apache/ratis/ratis-thirdparty-misc/0.7.0/ratis-thirdparty-misc-0.7.0.jar:/home/runner/.m2/repository/org/apache/ratis/ratis-proto/2.1.0-03f3b68-SNAPSHOT/ratis-proto-2.1.0-03f3b68-SNAPSHOT.jar:"/>
    <property name="java.vm.vendor" value="AdoptOpenJDK"/>
    <property name="sun.arch.data.model" value="64"/>
    <property name="test.build.dir" value="/home/runner/work/ozone/ozone/hadoop-ozone/integration-test/target/test-dir"/>
    <property name="test.cache.data" value=""/>
    <property name="java.vendor.url" value="https://adoptopenjdk.net/"/>
    <property name="user.timezone" value=""/>
    <property name="java.vm.specification.version" value="1.8"/>
    <property name="os.name" value="Linux"/>
    <property name="test.build.data" value="/home/runner/work/ozone/ozone/hadoop-ozone/integration-test/target/test-dir"/>
    <property name="sun.java.launcher" value="SUN_STANDARD"/>
    <property name="sun.boot.library.path" value="/usr/lib/jvm/adoptopenjdk-8-hotspot-amd64/jre/lib/amd64"/>
    <property name="sun.java.command" value="/home/runner/work/ozone/ozone/hadoop-ozone/integration-test/target/surefire/surefirebooter5075134556078096390.jar /home/runner/work/ozone/ozone/hadoop-ozone/integration-test/target/surefire 2021-09-21T18-11-30_183-jvmRun1 surefire8418916025416758357tmp surefire_54476105437987417104tmp"/>
    <property name="surefire.test.class.path" value="/home/runner/work/ozone/ozone/hadoop-ozone/integration-test/target/test-classes:/home/runner/work/ozone/ozone/hadoop-ozone/integration-test/target/classes:/home/runner/.m2/repository/org/apache/ozone/ozone-common/1.2.0-SNAPSHOT/ozone-common-1.2.0-SNAPSHOT.jar:/home/runner/.m2/repository/org/apache/commons/commons-compress/1.20/commons-compress-1.20.jar:/home/runner/.m2/repository/org/apache/ozone/hdds-common/1.2.0-SNAPSHOT/hdds-common-1.2.0-SNAPSHOT.jar:/home/runner/.m2/repository/org/apache/ozone/hdds-client/1.2.0-SNAPSHOT/hdds-client-1.2.0-SNAPSHOT.jar:/home/runner/.m2/repository/org/apache/ozone/ozone-interface-client/1.2.0-SNAPSHOT/ozone-interface-client-1.2.0-SNAPSHOT.jar:/home/runner/.m2/repository/org/apache/ozone/hdds-server-framework/1.2.0-SNAPSHOT/hdds-server-framework-1.2.0-SNAPSHOT.jar:/home/runner/.m2/repository/org/apache/ozone/hdds-interface-server/1.2.0-SNAPSHOT/hdds-interface-server-1.2.0-SNAPSHOT.jar:/home/runner/.m2/repository/org/eclipse/jetty/jetty-servlet/9.4.43.v20210629/jetty-servlet-9.4.43.v20210629.jar:/home/runner/.m2/repository/org/eclipse/jetty/jetty-security/9.4.43.v20210629/jetty-security-9.4.43.v20210629.jar:/home/runner/.m2/repository/org/rocksdb/rocksdbjni/6.20.3/rocksdbjni-6.20.3.jar:/home/runner/.m2/repository/io/prometheus/simpleclient_dropwizard/0.7.0/simpleclient_dropwizard-0.7.0.jar:/home/runner/.m2/repository/io/prometheus/simpleclient/0.7.0/simpleclient-0.7.0.jar:/home/runner/.m2/repository/io/prometheus/simpleclient_common/0.7.0/simpleclient_common-0.7.0.jar:/home/runner/.m2/repository/com/fasterxml/jackson/datatype/jackson-datatype-jsr310/2.12.1/jackson-datatype-jsr310-2.12.1.jar:/home/runner/.m2/repository/org/apache/ozone/hdds-test-utils/1.2.0-SNAPSHOT/hdds-test-utils-1.2.0-SNAPSHOT.jar:/home/runner/.m2/repository/com/google/guava/guava/30.1.1-jre/guava-30.1.1-jre.jar:/home/runner/.m2/repository/com/google/guava/failureaccess/1.0.1/failureaccess-1.0.1.jar:/home/runner/.m2/repository/com/google/guava/listenablefuture/9999.0-empty-to-avoid-conflict-with-guava/listenablefuture-9999.0-empty-to-avoid-conflict-with-guava.jar:/home/runner/.m2/repository/com/google/code/findbugs/jsr305/3.0.0/jsr305-3.0.0.jar:/home/runner/.m2/repository/org/checkerframework/checker-qual/3.8.0/checker-qual-3.8.0.jar:/home/runner/.m2/repository/com/google/errorprone/error_prone_annotations/2.2.0/error_prone_annotations-2.2.0.jar:/home/runner/.m2/repository/com/google/j2objc/j2objc-annotations/1.3/j2objc-annotations-1.3.jar:/home/runner/.m2/repository/commons-io/commons-io/2.8.0/commons-io-2.8.0.jar:/home/runner/.m2/repository/commons-logging/commons-logging/1.2/commons-logging-1.2.jar:/home/runner/.m2/repository/log4j/log4j/1.2.17/log4j-1.2.17.jar:/home/runner/.m2/repository/org/slf4j/slf4j-api/1.7.30/slf4j-api-1.7.30.jar:/home/runner/.m2/repository/org/apache/ozone/hdds-server-scm/1.2.0-SNAPSHOT/hdds-server-scm-1.2.0-SNAPSHOT.jar:/home/runner/.m2/repository/org/apache/ozone/hdds-container-service/1.2.0-SNAPSHOT/hdds-container-service-1.2.0-SNAPSHOT.jar:/home/runner/.m2/repository/org/apache/ozone/hdds-hadoop-dependency-server/1.2.0-SNAPSHOT/hdds-hadoop-dependency-server-1.2.0-SNAPSHOT.jar:/home/runner/.m2/repository/org/apache/hadoop/hadoop-hdfs/3.3.1/hadoop-hdfs-3.3.1.jar:/home/runner/.m2/repository/io/dropwizard/metrics/metrics-core/3.2.4/metrics-core-3.2.4.jar:/home/runner/.m2/repository/org/apache/hadoop/hadoop-hdfs-client/3.3.1/hadoop-hdfs-client-3.3.1.jar:/home/runner/.m2/repository/org/bouncycastle/bcprov-jdk15on/1.67/bcprov-jdk15on-1.67.jar:/home/runner/.m2/repository/com/google/protobuf/protobuf-java/2.5.0/protobuf-java-2.5.0.jar:/home/runner/.m2/repository/org/apache/ozone/ozone-manager/1.2.0-SNAPSHOT/ozone-manager-1.2.0-SNAPSHOT.jar:/home/runner/.m2/repository/org/aspectj/aspectjrt/1.8.9/aspectjrt-1.8.9.jar:/home/runner/.m2/repository/org/aspectj/aspectjweaver/1.8.9/aspectjweaver-1.8.9.jar:/home/runner/.m2/repository/org/apache/ozone/hdds-interface-client/1.2.0-SNAPSHOT/hdds-interface-client-1.2.0-SNAPSHOT.jar:/home/runner/.m2/repository/org/apache/hadoop/thirdparty/hadoop-shaded-protobuf_3_7/1.1.1/hadoop-shaded-protobuf_3_7-1.1.1.jar:/home/runner/.m2/repository/org/apache/ozone/ozone-interface-storage/1.2.0-SNAPSHOT/ozone-interface-storage-1.2.0-SNAPSHOT.jar:/home/runner/.m2/repository/org/reflections/reflections/0.9.11/reflections-0.9.11.jar:/home/runner/.m2/repository/org/apache/hadoop/hadoop-minikdc/3.3.1/hadoop-minikdc-3.3.1.jar:/home/runner/.m2/repository/org/apache/kerby/kerb-simplekdc/1.0.1/kerb-simplekdc-1.0.1.jar:/home/runner/.m2/repository/org/apache/kerby/kerb-client/1.0.1/kerb-client-1.0.1.jar:/home/runner/.m2/repository/org/apache/kerby/kerby-config/1.0.1/kerby-config-1.0.1.jar:/home/runner/.m2/repository/org/apache/kerby/kerb-common/1.0.1/kerb-common-1.0.1.jar:/home/runner/.m2/repository/org/apache/kerby/kerb-crypto/1.0.1/kerb-crypto-1.0.1.jar:/home/runner/.m2/repository/org/apache/kerby/kerb-util/1.0.1/kerb-util-1.0.1.jar:/home/runner/.m2/repository/org/apache/kerby/token-provider/1.0.1/token-provider-1.0.1.jar:/home/runner/.m2/repository/org/apache/kerby/kerb-admin/1.0.1/kerb-admin-1.0.1.jar:/home/runner/.m2/repository/org/apache/kerby/kerb-server/1.0.1/kerb-server-1.0.1.jar:/home/runner/.m2/repository/org/apache/kerby/kerb-identity/1.0.1/kerb-identity-1.0.1.jar:/home/runner/.m2/repository/org/apache/kerby/kerby-xdr/1.0.1/kerby-xdr-1.0.1.jar:/home/runner/.m2/repository/org/slf4j/slf4j-log4j12/1.7.30/slf4j-log4j12-1.7.30.jar:/home/runner/.m2/repository/org/apache/ozone/ozone-s3gateway/1.2.0-SNAPSHOT/ozone-s3gateway-1.2.0-SNAPSHOT.jar:/home/runner/.m2/repository/org/javassist/javassist/3.21.0-GA/javassist-3.21.0-GA.jar:/home/runner/.m2/repository/org/jboss/weld/servlet/weld-servlet/2.4.7.Final/weld-servlet-2.4.7.Final.jar:/home/runner/.m2/repository/org/glassfish/jersey/containers/jersey-container-servlet-core/2.33/jersey-container-servlet-core-2.33.jar:/home/runner/.m2/repository/org/glassfish/hk2/external/jakarta.inject/2.6.1/jakarta.inject-2.6.1.jar:/home/runner/.m2/repository/org/glassfish/jersey/core/jersey-common/2.33/jersey-common-2.33.jar:/home/runner/.m2/repository/jakarta/ws/rs/jakarta.ws.rs-api/2.1.6/jakarta.ws.rs-api-2.1.6.jar:/home/runner/.m2/repository/org/glassfish/jersey/ext/cdi/jersey-cdi1x/2.33/jersey-cdi1x-2.33.jar:/home/runner/.m2/repository/org/glassfish/jersey/inject/jersey-hk2/2.33/jersey-hk2-2.33.jar:/home/runner/.m2/repository/org/glassfish/hk2/hk2-locator/2.6.1/hk2-locator-2.6.1.jar:/home/runner/.m2/repository/org/glassfish/jersey/media/jersey-media-jaxb/2.33/jersey-media-jaxb-2.33.jar:/home/runner/.m2/repository/org/glassfish/hk2/osgi-resource-locator/1.0.3/osgi-resource-locator-1.0.3.jar:/home/runner/.m2/repository/org/glassfish/hk2/hk2-api/2.5.0/hk2-api-2.5.0.jar:/home/runner/.m2/repository/org/glassfish/hk2/hk2-utils/2.5.0/hk2-utils-2.5.0.jar:/home/runner/.m2/repository/org/glassfish/hk2/external/aopalliance-repackaged/2.5.0/aopalliance-repackaged-2.5.0.jar:/home/runner/.m2/repository/com/fasterxml/jackson/dataformat/jackson-dataformat-xml/2.12.1/jackson-dataformat-xml-2.12.1.jar:/home/runner/.m2/repository/com/fasterxml/jackson/core/jackson-core/2.12.1/jackson-core-2.12.1.jar:/home/runner/.m2/repository/com/fasterxml/jackson/module/jackson-module-jaxb-annotations/2.12.1/jackson-module-jaxb-annotations-2.12.1.jar:/home/runner/.m2/repository/jakarta/xml/bind/jakarta.xml.bind-api/2.3.2/jakarta.xml.bind-api-2.3.2.jar:/home/runner/.m2/repository/org/codehaus/woodstox/stax2-api/3.1.4/stax2-api-3.1.4.jar:/home/runner/.m2/repository/com/fasterxml/woodstox/woodstox-core/5.0.3/woodstox-core-5.0.3.jar:/home/runner/.m2/repository/javax/enterprise/cdi-api/1.2/cdi-api-1.2.jar:/home/runner/.m2/repository/javax/el/javax.el-api/3.0.0/javax.el-api-3.0.0.jar:/home/runner/.m2/repository/javax/interceptor/javax.interceptor-api/1.2/javax.interceptor-api-1.2.jar:/home/runner/.m2/repository/javax/inject/javax.inject/1/javax.inject-1.jar:/home/runner/.m2/repository/javax/xml/bind/jaxb-api/2.3.0/jaxb-api-2.3.0.jar:/home/runner/.m2/repository/org/glassfish/jaxb/jaxb-runtime/2.3.0.1/jaxb-runtime-2.3.0.1.jar:/home/runner/.m2/repository/org/glassfish/jaxb/jaxb-core/2.3.0.1/jaxb-core-2.3.0.1.jar:/home/runner/.m2/repository/org/glassfish/jaxb/txw2/2.3.0.1/txw2-2.3.0.1.jar:/home/runner/.m2/repository/com/sun/istack/istack-commons-runtime/3.0.5/istack-commons-runtime-3.0.5.jar:/home/runner/.m2/repository/org/jvnet/staxex/stax-ex/1.7.8/stax-ex-1.7.8.jar:/home/runner/.m2/repository/com/sun/xml/fastinfoset/FastInfoset/1.2.13/FastInfoset-1.2.13.jar:/home/runner/.m2/repository/javax/activation/activation/1.1.1/activation-1.1.1.jar:/home/runner/.m2/repository/org/apache/ozone/ozone-csi/1.2.0-SNAPSHOT/ozone-csi-1.2.0-SNAPSHOT.jar:/home/runner/.m2/repository/com/google/protobuf/protobuf-java-util/3.12.0/protobuf-java-util-3.12.0.jar:/home/runner/.m2/repository/com/google/code/gson/gson/2.2.4/gson-2.2.4.jar:/home/runner/.m2/repository/org/apache/ozone/hdds-config/1.2.0-SNAPSHOT/hdds-config-1.2.0-SNAPSHOT.jar:/home/runner/.m2/repository/io/grpc/grpc-netty/1.33.0/grpc-netty-1.33.0.jar:/home/runner/.m2/repository/io/grpc/grpc-core/1.33.0/grpc-core-1.33.0.jar:/home/runner/.m2/repository/com/google/android/annotations/4.1.1.4/annotations-4.1.1.4.jar:/home/runner/.m2/repository/io/netty/netty-codec-http2/4.1.63.Final/netty-codec-http2-4.1.63.Final.jar:/home/runner/.m2/repository/io/netty/netty-codec-http/4.1.63.Final/netty-codec-http-4.1.63.Final.jar:/home/runner/.m2/repository/io/netty/netty-handler-proxy/4.1.63.Final/netty-handler-proxy-4.1.63.Final.jar:/home/runner/.m2/repository/io/netty/netty-codec-socks/4.1.63.Final/netty-codec-socks-4.1.63.Final.jar:/home/runner/.m2/repository/io/perfmark/perfmark-api/0.19.0/perfmark-api-0.19.0.jar:/home/runner/.m2/repository/org/codehaus/mojo/animal-sniffer-annotations/1.18/animal-sniffer-annotations-1.18.jar:/home/runner/.m2/repository/io/netty/netty-transport-native-epoll/4.1.63.Final/netty-transport-native-epoll-4.1.63.Final.jar:/home/runner/.m2/repository/io/netty/netty-common/4.1.63.Final/netty-common-4.1.63.Final.jar:/home/runner/.m2/repository/io/netty/netty-buffer/4.1.63.Final/netty-buffer-4.1.63.Final.jar:/home/runner/.m2/repository/io/netty/netty-transport-native-unix-common/4.1.63.Final/netty-transport-native-unix-common-4.1.63.Final.jar:/home/runner/.m2/repository/io/grpc/grpc-protobuf/1.33.0/grpc-protobuf-1.33.0.jar:/home/runner/.m2/repository/io/grpc/grpc-api/1.33.0/grpc-api-1.33.0.jar:/home/runner/.m2/repository/io/grpc/grpc-context/1.33.0/grpc-context-1.33.0.jar:/home/runner/.m2/repository/com/google/api/grpc/proto-google-common-protos/1.17.0/proto-google-common-protos-1.17.0.jar:/home/runner/.m2/repository/io/grpc/grpc-protobuf-lite/1.33.0/grpc-protobuf-lite-1.33.0.jar:/home/runner/.m2/repository/io/grpc/grpc-stub/1.33.0/grpc-stub-1.33.0.jar:/home/runner/.m2/repository/org/apache/ozone/ozone-recon/1.2.0-SNAPSHOT/ozone-recon-1.2.0-SNAPSHOT.jar:/home/runner/.m2/repository/org/apache/ozone/ozone-reconcodegen/1.2.0-SNAPSHOT/ozone-reconcodegen-1.2.0-SNAPSHOT.jar:/home/runner/.m2/repository/com/google/inject/extensions/guice-multibindings/4.0/guice-multibindings-4.0.jar:/home/runner/.m2/repository/com/google/inject/guice/4.0/guice-4.0.jar:/home/runner/.m2/repository/aopalliance/aopalliance/1.0/aopalliance-1.0.jar:/home/runner/.m2/repository/com/google/inject/extensions/guice-assistedinject/4.0/guice-assistedinject-4.0.jar:/home/runner/.m2/repository/com/google/inject/extensions/guice-servlet/4.0/guice-servlet-4.0.jar:/home/runner/.m2/repository/org/glassfish/jersey/containers/jersey-container-servlet/2.33/jersey-container-servlet-2.33.jar:/home/runner/.m2/repository/org/glassfish/hk2/guice-bridge/2.5.0/guice-bridge-2.5.0.jar:/home/runner/.m2/repository/org/glassfish/jersey/core/jersey-server/2.33/jersey-server-2.33.jar:/home/runner/.m2/repository/org/glassfish/jersey/core/jersey-client/2.33/jersey-client-2.33.jar:/home/runner/.m2/repository/jakarta/annotation/jakarta.annotation-api/1.3.5/jakarta.annotation-api-1.3.5.jar:/home/runner/.m2/repository/jakarta/validation/jakarta.validation-api/2.0.2/jakarta.validation-api-2.0.2.jar:/home/runner/.m2/repository/org/glassfish/jersey/media/jersey-media-json-jackson/2.33/jersey-media-json-jackson-2.33.jar:/home/runner/.m2/repository/org/glassfish/jersey/ext/jersey-entity-filtering/2.33/jersey-entity-filtering-2.33.jar:/home/runner/.m2/repository/org/jooq/jooq/3.11.10/jooq-3.11.10.jar:/home/runner/.m2/repository/org/jooq/jooq-meta/3.11.10/jooq-meta-3.11.10.jar:/home/runner/.m2/repository/org/jooq/jooq-codegen/3.11.10/jooq-codegen-3.11.10.jar:/home/runner/.m2/repository/com/jolbox/bonecp/0.8.0.RELEASE/bonecp-0.8.0.RELEASE.jar:/home/runner/.m2/repository/org/apache/derby/derby/10.14.2.0/derby-10.14.2.0.jar:/home/runner/.m2/repository/org/xerial/sqlite-jdbc/3.25.2/sqlite-jdbc-3.25.2.jar:/home/runner/.m2/repository/org/springframework/spring-jdbc/5.2.11.RELEASE/spring-jdbc-5.2.11.RELEASE.jar:/home/runner/.m2/repository/org/springframework/spring-beans/5.2.11.RELEASE/spring-beans-5.2.11.RELEASE.jar:/home/runner/.m2/repository/org/springframework/spring-core/5.2.11.RELEASE/spring-core-5.2.11.RELEASE.jar:/home/runner/.m2/repository/org/springframework/spring-jcl/5.2.11.RELEASE/spring-jcl-5.2.11.RELEASE.jar:/home/runner/.m2/repository/org/springframework/spring-tx/5.2.11.RELEASE/spring-tx-5.2.11.RELEASE.jar:/home/runner/.m2/repository/org/apache/ozone/ozone-client/1.2.0-SNAPSHOT/ozone-client-1.2.0-SNAPSHOT.jar:/home/runner/.m2/repository/org/apache/ozone/ozone-filesystem/1.2.0-SNAPSHOT/ozone-filesystem-1.2.0-SNAPSHOT.jar:/home/runner/.m2/repository/org/apache/ozone/ozone-filesystem-common/1.2.0-SNAPSHOT/ozone-filesystem-common-1.2.0-SNAPSHOT.jar:/home/runner/.m2/repository/org/apache/ozone/ozone-tools/1.2.0-SNAPSHOT/ozone-tools-1.2.0-SNAPSHOT.jar:/home/runner/.m2/repository/org/apache/ratis/ratis-tools/2.1.0-03f3b68-SNAPSHOT/ratis-tools-2.1.0-03f3b68-SNAPSHOT.jar:/home/runner/.m2/repository/com/amazonaws/aws-java-sdk-core/1.11.901/aws-java-sdk-core-1.11.901.jar:/home/runner/.m2/repository/org/apache/httpcomponents/httpclient/4.5.13/httpclient-4.5.13.jar:/home/runner/.m2/repository/org/apache/httpcomponents/httpcore/4.4.13/httpcore-4.4.13.jar:/home/runner/.m2/repository/software/amazon/ion/ion-java/1.0.2/ion-java-1.0.2.jar:/home/runner/.m2/repository/com/fasterxml/jackson/dataformat/jackson-dataformat-cbor/2.12.1/jackson-dataformat-cbor-2.12.1.jar:/home/runner/.m2/repository/joda-time/joda-time/2.8.1/joda-time-2.8.1.jar:/home/runner/.m2/repository/com/amazonaws/aws-java-sdk-s3/1.11.901/aws-java-sdk-s3-1.11.901.jar:/home/runner/.m2/repository/com/amazonaws/aws-java-sdk-kms/1.11.901/aws-java-sdk-kms-1.11.901.jar:/home/runner/.m2/repository/com/amazonaws/jmespath-java/1.11.901/jmespath-java-1.11.901.jar:/home/runner/.m2/repository/org/kohsuke/metainf-services/metainf-services/1.8/metainf-services-1.8.jar:/home/runner/.m2/repository/org/apache/ozone/hdds-tools/1.2.0-SNAPSHOT/hdds-tools-1.2.0-SNAPSHOT.jar:/home/runner/.m2/repository/commons-cli/commons-cli/1.2/commons-cli-1.2.jar:/home/runner/.m2/repository/org/apache/commons/commons-lang3/3.7/commons-lang3-3.7.jar:/home/runner/.m2/repository/org/apache/ozone/ozone-manager/1.2.0-SNAPSHOT/ozone-manager-1.2.0-SNAPSHOT-tests.jar:/home/runner/.m2/repository/org/apache/ozone/hdds-common/1.2.0-SNAPSHOT/hdds-common-1.2.0-SNAPSHOT-tests.jar:/home/runner/.m2/repository/org/apache/ozone/hdds-hadoop-dependency-client/1.2.0-SNAPSHOT/hdds-hadoop-dependency-client-1.2.0-SNAPSHOT.jar:/home/runner/.m2/repository/info/picocli/picocli/4.6.1/picocli-4.6.1.jar:/home/runner/.m2/repository/com/fasterxml/jackson/core/jackson-annotations/2.12.1/jackson-annotations-2.12.1.jar:/home/runner/.m2/repository/javax/annotation/javax.annotation-api/1.2/javax.annotation-api-1.2.jar:/home/runner/.m2/repository/org/apache/ratis/ratis-server/2.1.0-03f3b68-SNAPSHOT/ratis-server-2.1.0-03f3b68-SNAPSHOT.jar:/home/runner/.m2/repository/org/apache/ratis/ratis-client/2.1.0-03f3b68-SNAPSHOT/ratis-client-2.1.0-03f3b68-SNAPSHOT.jar:/home/runner/.m2/repository/org/apache/ratis/ratis-server-api/2.1.0-03f3b68-SNAPSHOT/ratis-server-api-2.1.0-03f3b68-SNAPSHOT.jar:/home/runner/.m2/repository/org/apache/ratis/ratis-metrics/2.1.0-03f3b68-SNAPSHOT/ratis-metrics-2.1.0-03f3b68-SNAPSHOT.jar:/home/runner/.m2/repository/org/apache/ratis/ratis-netty/2.1.0-03f3b68-SNAPSHOT/ratis-netty-2.1.0-03f3b68-SNAPSHOT.jar:/home/runner/.m2/repository/org/apache/ratis/ratis-grpc/2.1.0-03f3b68-SNAPSHOT/ratis-grpc-2.1.0-03f3b68-SNAPSHOT.jar:/home/runner/.m2/repository/org/apache/logging/log4j/log4j-api/2.13.3/log4j-api-2.13.3.jar:/home/runner/.m2/repository/org/apache/logging/log4j/log4j-core/2.13.3/log4j-core-2.13.3.jar:/home/runner/.m2/repository/com/lmax/disruptor/3.4.2/disruptor-3.4.2.jar:/home/runner/.m2/repository/org/apache/commons/commons-pool2/2.6.0/commons-pool2-2.6.0.jar:/home/runner/.m2/repository/org/bouncycastle/bcpkix-jdk15on/1.67/bcpkix-jdk15on-1.67.jar:/home/runner/.m2/repository/commons-validator/commons-validator/1.6/commons-validator-1.6.jar:/home/runner/.m2/repository/commons-beanutils/commons-beanutils/1.9.4/commons-beanutils-1.9.4.jar:/home/runner/.m2/repository/commons-digester/commons-digester/1.8.1/commons-digester-1.8.1.jar:/home/runner/.m2/repository/commons-collections/commons-collections/3.2.2/commons-collections-3.2.2.jar:/home/runner/.m2/repository/io/jaegertracing/jaeger-client/1.6.0/jaeger-client-1.6.0.jar:/home/runner/.m2/repository/io/jaegertracing/jaeger-thrift/1.6.0/jaeger-thrift-1.6.0.jar:/home/runner/.m2/repository/org/apache/thrift/libthrift/0.14.1/libthrift-0.14.1.jar:/home/runner/.m2/repository/com/squareup/okhttp3/okhttp/4.9.0/okhttp-4.9.0.jar:/home/runner/.m2/repository/com/squareup/okio/okio/2.8.0/okio-2.8.0.jar:/home/runner/.m2/repository/io/jaegertracing/jaeger-core/1.6.0/jaeger-core-1.6.0.jar:/home/runner/.m2/repository/io/jaegertracing/jaeger-tracerresolver/1.6.0/jaeger-tracerresolver-1.6.0.jar:/home/runner/.m2/repository/io/opentracing/contrib/opentracing-tracerresolver/0.1.8/opentracing-tracerresolver-0.1.8.jar:/home/runner/.m2/repository/org/jetbrains/kotlin/kotlin-stdlib/1.4.31/kotlin-stdlib-1.4.31.jar:/home/runner/.m2/repository/org/jetbrains/kotlin/kotlin-stdlib-common/1.4.31/kotlin-stdlib-common-1.4.31.jar:/home/runner/.m2/repository/org/jetbrains/annotations/13.0/annotations-13.0.jar:/home/runner/.m2/repository/io/opentracing/opentracing-util/0.33.0/opentracing-util-0.33.0.jar:/home/runner/.m2/repository/io/opentracing/opentracing-api/0.33.0/opentracing-api-0.33.0.jar:/home/runner/.m2/repository/io/opentracing/opentracing-noop/0.33.0/opentracing-noop-0.33.0.jar:/home/runner/.m2/repository/org/yaml/snakeyaml/1.26/snakeyaml-1.26.jar:/home/runner/.m2/repository/org/apache/ozone/hdds-interface-admin/1.2.0-SNAPSHOT/hdds-interface-admin-1.2.0-SNAPSHOT.jar:/home/runner/.m2/repository/junit/junit/4.13.1/junit-4.13.1.jar:/home/runner/.m2/repository/org/hamcrest/hamcrest-core/1.3/hamcrest-core-1.3.jar:/home/runner/.m2/repository/org/junit/jupiter/junit-jupiter-api/5.7.0/junit-jupiter-api-5.7.0.jar:/home/runner/.m2/repository/org/apiguardian/apiguardian-api/1.1.0/apiguardian-api-1.1.0.jar:/home/runner/.m2/repository/org/opentest4j/opentest4j/1.2.0/opentest4j-1.2.0.jar:/home/runner/.m2/repository/org/junit/platform/junit-platform-commons/1.7.0/junit-platform-commons-1.7.0.jar:/home/runner/.m2/repository/org/junit/jupiter/junit-jupiter-engine/5.7.0/junit-jupiter-engine-5.7.0.jar:/home/runner/.m2/repository/org/junit/platform/junit-platform-engine/1.7.0/junit-platform-engine-1.7.0.jar:/home/runner/.m2/repository/org/junit/vintage/junit-vintage-engine/5.7.0/junit-vintage-engine-5.7.0.jar:/home/runner/.m2/repository/org/junit/platform/junit-platform-launcher/1.7.0/junit-platform-launcher-1.7.0.jar:/home/runner/.m2/repository/org/openjdk/jmh/jmh-core/1.19/jmh-core-1.19.jar:/home/runner/.m2/repository/net/sf/jopt-simple/jopt-simple/4.6/jopt-simple-4.6.jar:/home/runner/.m2/repository/org/apache/commons/commons-math3/3.1.1/commons-math3-3.1.1.jar:/home/runner/.m2/repository/org/openjdk/jmh/jmh-generator-annprocess/1.19/jmh-generator-annprocess-1.19.jar:/home/runner/.m2/repository/org/mockito/mockito-core/2.28.2/mockito-core-2.28.2.jar:/home/runner/.m2/repository/net/bytebuddy/byte-buddy/1.9.10/byte-buddy-1.9.10.jar:/home/runner/.m2/repository/net/bytebuddy/byte-buddy-agent/1.9.10/byte-buddy-agent-1.9.10.jar:/home/runner/.m2/repository/org/objenesis/objenesis/1.0/objenesis-1.0.jar:/home/runner/.m2/repository/org/apache/hadoop/hadoop-kms/3.3.1/hadoop-kms-3.3.1.jar:/home/runner/.m2/repository/org/apache/hadoop/hadoop-auth/3.3.1/hadoop-auth-3.3.1.jar:/home/runner/.m2/repository/com/nimbusds/nimbus-jose-jwt/7.9/nimbus-jose-jwt-7.9.jar:/home/runner/.m2/repository/com/github/stephenc/jcip/jcip-annotations/1.0-1/jcip-annotations-1.0-1.jar:/home/runner/.m2/repository/net/minidev/json-smart/2.3/json-smart-2.3.jar:/home/runner/.m2/repository/net/minidev/accessors-smart/1.2/accessors-smart-1.2.jar:/home/runner/.m2/repository/org/ow2/asm/asm/5.0.4/asm-5.0.4.jar:/home/runner/.m2/repository/org/apache/zookeeper/zookeeper/3.5.6/zookeeper-3.5.6.jar:/home/runner/.m2/repository/org/apache/zookeeper/zookeeper-jute/3.5.6/zookeeper-jute-3.5.6.jar:/home/runner/.m2/repository/org/apache/yetus/audience-annotations/0.5.0/audience-annotations-0.5.0.jar:/home/runner/.m2/repository/org/apache/curator/curator-framework/4.2.0/curator-framework-4.2.0.jar:/home/runner/.m2/repository/org/apache/hadoop/thirdparty/hadoop-shaded-guava/1.1.1/hadoop-shaded-guava-1.1.1.jar:/home/runner/.m2/repository/com/sun/jersey/jersey-core/1.19/jersey-core-1.19.jar:/home/runner/.m2/repository/javax/ws/rs/jsr311-api/1.1.1/jsr311-api-1.1.1.jar:/home/runner/.m2/repository/com/sun/jersey/jersey-server/1.19/jersey-server-1.19.jar:/home/runner/.m2/repository/javax/servlet/javax.servlet-api/3.1.0/javax.servlet-api-3.1.0.jar:/home/runner/.m2/repository/org/eclipse/jetty/jetty-server/9.4.43.v20210629/jetty-server-9.4.43.v20210629.jar:/home/runner/.m2/repository/org/eclipse/jetty/jetty-http/9.4.43.v20210629/jetty-http-9.4.43.v20210629.jar:/home/runner/.m2/repository/org/eclipse/jetty/jetty-io/9.4.43.v20210629/jetty-io-9.4.43.v20210629.jar:/home/runner/.m2/repository/org/eclipse/jetty/jetty-webapp/9.4.43.v20210629/jetty-webapp-9.4.43.v20210629.jar:/home/runner/.m2/repository/org/eclipse/jetty/jetty-xml/9.4.43.v20210629/jetty-xml-9.4.43.v20210629.jar:/home/runner/.m2/repository/org/apache/hadoop/hadoop-common/3.3.1/hadoop-common-3.3.1.jar:/home/runner/.m2/repository/commons-net/commons-net/3.6/commons-net-3.6.jar:/home/runner/.m2/repository/jakarta/activation/jakarta.activation-api/1.2.1/jakarta.activation-api-1.2.1.jar:/home/runner/.m2/repository/com/sun/jersey/jersey-servlet/1.19/jersey-servlet-1.19.jar:/home/runner/.m2/repository/com/sun/jersey/jersey-json/1.19/jersey-json-1.19.jar:/home/runner/.m2/repository/org/codehaus/jettison/jettison/1.1/jettison-1.1.jar:/home/runner/.m2/repository/com/sun/xml/bind/jaxb-impl/2.2.3-1/jaxb-impl-2.2.3-1.jar:/home/runner/.m2/repository/org/codehaus/jackson/jackson-jaxrs/1.9.2/jackson-jaxrs-1.9.2.jar:/home/runner/.m2/repository/org/codehaus/jackson/jackson-xc/1.9.2/jackson-xc-1.9.2.jar:/home/runner/.m2/repository/org/apache/commons/commons-configuration2/2.1.1/commons-configuration2-2.1.1.jar:/home/runner/.m2/repository/org/apache/commons/commons-text/1.4/commons-text-1.4.jar:/home/runner/.m2/repository/com/google/re2j/re2j/1.1/re2j-1.1.jar:/home/runner/.m2/repository/com/jcraft/jsch/0.1.54/jsch-0.1.54.jar:/home/runner/.m2/repository/org/apache/curator/curator-client/4.2.0/curator-client-4.2.0.jar:/home/runner/.m2/repository/org/apache/curator/curator-recipes/4.2.0/curator-recipes-4.2.0.jar:/home/runner/.m2/repository/org/apache/kerby/kerb-core/1.0.1/kerb-core-1.0.1.jar:/home/runner/.m2/repository/org/apache/kerby/kerby-pkix/1.0.1/kerby-pkix-1.0.1.jar:/home/runner/.m2/repository/org/apache/kerby/kerby-asn1/1.0.1/kerby-asn1-1.0.1.jar:/home/runner/.m2/repository/org/apache/kerby/kerby-util/1.0.1/kerby-util-1.0.1.jar:/home/runner/.m2/repository/dnsjava/dnsjava/2.1.7/dnsjava-2.1.7.jar:/home/runner/.m2/repository/org/xerial/snappy/snappy-java/1.1.8.2/snappy-java-1.1.8.2.jar:/home/runner/.m2/repository/org/slf4j/jul-to-slf4j/1.7.30/jul-to-slf4j-1.7.30.jar:/home/runner/.m2/repository/org/eclipse/jetty/jetty-util/9.4.43.v20210629/jetty-util-9.4.43.v20210629.jar:/home/runner/.m2/repository/com/fasterxml/jackson/core/jackson-databind/2.12.1/jackson-databind-2.12.1.jar:/home/runner/.m2/repository/org/apache/hadoop/hadoop-kms/3.3.1/hadoop-kms-3.3.1-tests.jar:/home/runner/.m2/repository/org/apache/ozone/hdds-server-scm/1.2.0-SNAPSHOT/hdds-server-scm-1.2.0-SNAPSHOT-tests.jar:/home/runner/.m2/repository/org/apache/ozone/hdds-container-service/1.2.0-SNAPSHOT/hdds-container-service-1.2.0-SNAPSHOT-tests.jar:/home/runner/.m2/repository/commons-codec/commons-codec/1.11/commons-codec-1.11.jar:/home/runner/.m2/repository/io/netty/netty-transport/4.1.63.Final/netty-transport-4.1.63.Final.jar:/home/runner/.m2/repository/io/netty/netty-resolver/4.1.63.Final/netty-resolver-4.1.63.Final.jar:/home/runner/.m2/repository/io/netty/netty-codec/4.1.63.Final/netty-codec-4.1.63.Final.jar:/home/runner/.m2/repository/io/netty/netty-handler/4.1.63.Final/netty-handler-4.1.63.Final.jar:/home/runner/.m2/repository/org/apache/ozone/hdds-hadoop-dependency-test/1.2.0-SNAPSHOT/hdds-hadoop-dependency-test-1.2.0-SNAPSHOT.jar:/home/runner/.m2/repository/org/apache/hadoop/hadoop-common/3.3.1/hadoop-common-3.3.1-tests.jar:/home/runner/.m2/repository/org/assertj/assertj-core/3.12.2/assertj-core-3.12.2.jar:/home/runner/.m2/repository/org/apache/hadoop/hadoop-hdfs/3.3.1/hadoop-hdfs-3.3.1-tests.jar:/home/runner/.m2/repository/org/eclipse/jetty/jetty-util-ajax/9.4.43.v20210629/jetty-util-ajax-9.4.43.v20210629.jar:/home/runner/.m2/repository/commons-daemon/commons-daemon/1.0.13/commons-daemon-1.0.13.jar:/home/runner/.m2/repository/io/netty/netty/3.10.6.Final/netty-3.10.6.Final.jar:/home/runner/.m2/repository/io/netty/netty-all/4.1.63.Final/netty-all-4.1.63.Final.jar:/home/runner/.m2/repository/org/apache/htrace/htrace-core4/4.1.0-incubating/htrace-core4-4.1.0-incubating.jar:/home/runner/.m2/repository/org/fusesource/leveldbjni/leveldbjni-all/1.8/leveldbjni-all-1.8.jar:/home/runner/.m2/repository/org/apache/hadoop/hadoop-distcp/3.3.1/hadoop-distcp-3.3.1.jar:/home/runner/.m2/repository/org/apache/hadoop/hadoop-mapreduce-client-jobclient/3.3.1/hadoop-mapreduce-client-jobclient-3.3.1.jar:/home/runner/.m2/repository/org/apache/hadoop/hadoop-mapreduce-client-common/3.3.1/hadoop-mapreduce-client-common-3.3.1.jar:/home/runner/.m2/repository/org/apache/hadoop/hadoop-yarn-common/3.3.1/hadoop-yarn-common-3.3.1.jar:/home/runner/.m2/repository/org/apache/hadoop/hadoop-yarn-api/3.3.1/hadoop-yarn-api-3.3.1.jar:/home/runner/.m2/repository/com/sun/jersey/jersey-client/1.19/jersey-client-1.19.jar:/home/runner/.m2/repository/com/sun/jersey/contribs/jersey-guice/1.19/jersey-guice-1.19.jar:/home/runner/.m2/repository/com/fasterxml/jackson/jaxrs/jackson-jaxrs-json-provider/2.12.1/jackson-jaxrs-json-provider-2.12.1.jar:/home/runner/.m2/repository/com/fasterxml/jackson/jaxrs/jackson-jaxrs-base/2.12.1/jackson-jaxrs-base-2.12.1.jar:/home/runner/.m2/repository/org/apache/hadoop/hadoop-yarn-client/3.3.1/hadoop-yarn-client-3.3.1.jar:/home/runner/.m2/repository/org/eclipse/jetty/websocket/websocket-client/9.4.40.v20210413/websocket-client-9.4.40.v20210413.jar:/home/runner/.m2/repository/org/eclipse/jetty/jetty-client/9.4.40.v20210413/jetty-client-9.4.40.v20210413.jar:/home/runner/.m2/repository/org/eclipse/jetty/websocket/websocket-common/9.4.40.v20210413/websocket-common-9.4.40.v20210413.jar:/home/runner/.m2/repository/org/eclipse/jetty/websocket/websocket-api/9.4.40.v20210413/websocket-api-9.4.40.v20210413.jar:/home/runner/.m2/repository/org/jline/jline/3.9.0/jline-3.9.0.jar:/home/runner/.m2/repository/org/apache/hadoop/hadoop-mapreduce-client-core/3.3.1/hadoop-mapreduce-client-core-3.3.1.jar:/home/runner/.m2/repository/org/apache/avro/avro/1.7.7/avro-1.7.7.jar:/home/runner/.m2/repository/org/codehaus/jackson/jackson-core-asl/1.9.13/jackson-core-asl-1.9.13.jar:/home/runner/.m2/repository/org/codehaus/jackson/jackson-mapper-asl/1.9.13/jackson-mapper-asl-1.9.13.jar:/home/runner/.m2/repository/com/thoughtworks/paranamer/paranamer/2.3/paranamer-2.3.jar:/home/runner/.m2/repository/org/apache/hadoop/hadoop-annotations/3.3.1/hadoop-annotations-3.3.1.jar:/usr/lib/jvm/adoptopenjdk-8-hotspot-amd64/jre/../lib/tools.jar:/home/runner/.m2/repository/org/apache/hadoop/hadoop-distcp/3.3.1/hadoop-distcp-3.3.1-tests.jar:/home/runner/.m2/repository/org/apache/ratis/ratis-common/2.1.0-03f3b68-SNAPSHOT/ratis-common-2.1.0-03f3b68-SNAPSHOT.jar:/home/runner/.m2/repository/org/apache/ratis/ratis-thirdparty-misc/0.7.0/ratis-thirdparty-misc-0.7.0.jar:/home/runner/.m2/repository/org/apache/ratis/ratis-proto/2.1.0-03f3b68-SNAPSHOT/ratis-proto-2.1.0-03f3b68-SNAPSHOT.jar:"/>
    <property name="sun.cpu.endian" value="little"/>
    <property name="user.home" value="/home/runner"/>
    <property name="user.language" value="en"/>
    <property name="java.specification.vendor" value="Oracle Corporation"/>
    <property name="java.home" value="/usr/lib/jvm/adoptopenjdk-8-hotspot-amd64/jre"/>
    <property name="java.security.krb5.conf" value="/home/runner/work/ozone/ozone/hadoop-ozone/integration-test/target/test-classes/krb5.conf"/>
    <property name="basedir" value="/home/runner/work/ozone/ozone/hadoop-ozone/integration-test"/>
    <property name="file.separator" value="/"/>
    <property name="line.separator" value="&#10;"/>
    <property name="java.vm.specification.vendor" value="Oracle Corporation"/>
    <property name="java.specification.name" value="Java Platform API Specification"/>
    <property name="java.awt.graphicsenv" value="sun.awt.X11GraphicsEnvironment"/>
    <property name="skip.installnpx" value="true"/>
    <property name="surefire.real.class.path" value="/home/runner/work/ozone/ozone/hadoop-ozone/integration-test/target/surefire/surefirebooter5075134556078096390.jar:/home/runner/.m2/repository/org/jacoco/org.jacoco.agent/0.8.5/org.jacoco.agent-0.8.5-runtime.jar"/>
    <property name="hadoop.log.dir" value="/home/runner/work/ozone/ozone/hadoop-ozone/integration-test/target/log"/>
    <property name="sun.boot.class.path" value="/usr/lib/jvm/adoptopenjdk-8-hotspot-amd64/jre/lib/resources.jar:/usr/lib/jvm/adoptopenjdk-8-hotspot-amd64/jre/lib/rt.jar:/usr/lib/jvm/adoptopenjdk-8-hotspot-amd64/jre/lib/sunrsasign.jar:/usr/lib/jvm/adoptopenjdk-8-hotspot-amd64/jre/lib/jsse.jar:/usr/lib/jvm/adoptopenjdk-8-hotspot-amd64/jre/lib/jce.jar:/usr/lib/jvm/adoptopenjdk-8-hotspot-amd64/jre/lib/charsets.jar:/usr/lib/jvm/adoptopenjdk-8-hotspot-amd64/jre/lib/jfr.jar:/usr/lib/jvm/adoptopenjdk-8-hotspot-amd64/jre/classes"/>
    <property name="sun.management.compiler" value="HotSpot 64-Bit Tiered Compilers"/>
    <property name="skip.npx" value="true"/>
    <property name="java.runtime.version" value="1.8.0_292-b10"/>
    <property name="java.net.preferIPv4Stack" value="true"/>
    <property name="user.name" value="runner"/>
    <property name="path.separator" value=":"/>
    <property name="java.security.egd" value="file:///dev/urandom"/>
    <property name="os.version" value="5.4.0-1058-azure"/>
    <property name="java.endorsed.dirs" value="/usr/lib/jvm/adoptopenjdk-8-hotspot-amd64/jre/lib/endorsed"/>
    <property name="java.runtime.name" value="OpenJDK Runtime Environment"/>
    <property name="file.encoding" value="UTF-8"/>
    <property name="java.vm.name" value="OpenJDK 64-Bit Server VM"/>
    <property name="test.build.webapps" value=""/>
    <property name="localRepository" value="/home/runner/.m2/repository"/>
    <property name="java.vendor.url.bug" value="https://github.com/AdoptOpenJDK/openjdk-support/issues"/>
    <property name="java.io.tmpdir" value="/tmp"/>
    <property name="require.test.libhadoop" value=""/>
    <property name="java.version" value="1.8.0_292"/>
    <property name="user.dir" value="/home/runner/work/ozone/ozone/hadoop-ozone/integration-test"/>
    <property name="os.arch" value="amd64"/>
    <property name="java.vm.specification.name" value="Java Virtual Machine Specification"/>
    <property name="test.build.classes" value="/home/runner/work/ozone/ozone/hadoop-ozone/integration-test/target/test-classes"/>
    <property name="java.awt.printerjob" value="sun.print.PSPrinterJob"/>
    <property name="sun.os.patch.level" value="unknown"/>
    <property name="hadoop.tmp.dir" value="/home/runner/work/ozone/ozone/hadoop-ozone/integration-test/target/tmp"/>
    <property name="java.library.path" value="/usr/java/packages/lib/amd64:/usr/lib64:/lib64:/lib:/usr/lib"/>
    <property name="java.vm.info" value="mixed mode"/>
    <property name="java.vendor" value="AdoptOpenJDK"/>
    <property name="java.vm.version" value="25.292-b10"/>
    <property name="java.ext.dirs" value="/usr/lib/jvm/adoptopenjdk-8-hotspot-amd64/jre/lib/ext:/usr/java/packages/lib/ext"/>
    <property name="sun.io.unicode.encoding" value="UnicodeLittle"/>
    <property name="java.class.version" value="52.0"/>
  </properties>
  <testcase name="test2DatanodesFailure" classname="org.apache.hadoop.ozone.client.rpc.TestBlockOutputStreamWithFailures" time="68.932">
    <error message="java.io.IOException: INTERNAL_ERROR org.apache.hadoop.ozone.om.exceptions.OMException: Allocated 0 blocks. Requested 1 blocks" type="java.io.IOException">java.io.IOException: java.io.IOException: INTERNAL_ERROR org.apache.hadoop.ozone.om.exceptions.OMException: Allocated 0 blocks. Requested 1 blocks
	at org.apache.hadoop.ozone.client.io.KeyOutputStream.handleWrite(KeyOutputStream.java:250)
	at org.apache.hadoop.ozone.client.io.KeyOutputStream.write(KeyOutputStream.java:220)
	at org.apache.hadoop.ozone.client.io.OzoneOutputStream.write(OzoneOutputStream.java:50)
	at java.io.OutputStream.write(OutputStream.java:75)
	at org.apache.hadoop.ozone.client.rpc.TestBlockOutputStreamWithFailures.test2DatanodesFailure(TestBlockOutputStreamWithFailures.java:407)
	at sun.reflect.NativeMethodAccessorImpl.invoke0(Native Method)
	at sun.reflect.NativeMethodAccessorImpl.invoke(NativeMethodAccessorImpl.java:62)
	at sun.reflect.DelegatingMethodAccessorImpl.invoke(DelegatingMethodAccessorImpl.java:43)
	at java.lang.reflect.Method.invoke(Method.java:498)
	at org.junit.runners.model.FrameworkMethod$1.runReflectiveCall(FrameworkMethod.java:59)
	at org.junit.internal.runners.model.ReflectiveCallable.run(ReflectiveCallable.java:12)
	at org.junit.runners.model.FrameworkMethod.invokeExplosively(FrameworkMethod.java:56)
	at org.junit.internal.runners.statements.InvokeMethod.evaluate(InvokeMethod.java:17)
	at org.junit.internal.runners.statements.RunBefores.evaluate(RunBefores.java:26)
	at org.junit.internal.runners.statements.RunAfters.evaluate(RunAfters.java:27)
	at org.junit.internal.runners.statements.FailOnTimeout$CallableStatement.call(FailOnTimeout.java:288)
	at org.junit.internal.runners.statements.FailOnTimeout$CallableStatement.call(FailOnTimeout.java:282)
	at java.util.concurrent.FutureTask.run(FutureTask.java:266)
	at java.lang.Thread.run(Thread.java:748)
Caused by: java.io.IOException: INTERNAL_ERROR org.apache.hadoop.ozone.om.exceptions.OMException: Allocated 0 blocks. Requested 1 blocks
	at org.apache.hadoop.ozone.client.io.KeyOutputStream.handleWrite(KeyOutputStream.java:250)
	at org.apache.hadoop.ozone.client.io.KeyOutputStream.handleRetry(KeyOutputStream.java:423)
	at org.apache.hadoop.ozone.client.io.KeyOutputStream.handleException(KeyOutputStream.java:368)
	at org.apache.hadoop.ozone.client.io.KeyOutputStream.handleFlushOrClose(KeyOutputStream.java:479)
	at org.apache.hadoop.ozone.client.io.KeyOutputStream.handleWrite(KeyOutputStream.java:244)
	... 18 more
Caused by: INTERNAL_ERROR org.apache.hadoop.ozone.om.exceptions.OMException: Allocated 0 blocks. Requested 1 blocks
	at org.apache.hadoop.ozone.om.protocolPB.OzoneManagerProtocolClientSideTranslatorPB.handleError(OzoneManagerProtocolClientSideTranslatorPB.java:613)
	at org.apache.hadoop.ozone.om.protocolPB.OzoneManagerProtocolClientSideTranslatorPB.allocateBlock(OzoneManagerProtocolClientSideTranslatorPB.java:643)
	at org.apache.hadoop.ozone.client.io.BlockOutputStreamEntryPool.allocateNewBlock(BlockOutputStreamEntryPool.java:243)
	at org.apache.hadoop.ozone.client.io.BlockOutputStreamEntryPool.allocateBlockIfNeeded(BlockOutputStreamEntryPool.java:289)
	at org.apache.hadoop.ozone.client.io.KeyOutputStream.handleWrite(KeyOutputStream.java:229)
	... 22 more
</error>
    <system-out><![CDATA[2021-09-21 18:25:29,841 [Time-limited test] WARN  server.ServerUtils (ServerUtils.java:getScmDbDir(148)) - ozone.scm.db.dirs is not configured. We recommend adding this setting. Falling back to ozone.metadata.dirs instead.
2021-09-21 18:25:29,937 [Time-limited test] INFO  ha.SCMHANodeDetails (SCMHANodeDetails.java:loadSCMHAConfig(157)) - ServiceID for StorageContainerManager is null
2021-09-21 18:25:29,937 [Time-limited test] INFO  ha.SCMHANodeDetails (SCMHANodeDetails.java:loadSCMHAConfig(162)) - ozone.scm.default.service.id is not defined, falling back to ozone.scm.service.ids to find serviceID for StorageContainerManager if it is HA enabled cluster
2021-09-21 18:25:30,070 [Time-limited test] WARN  server.ServerUtils (ServerUtils.java:getScmDbDir(148)) - ozone.scm.db.dirs is not configured. We recommend adding this setting. Falling back to ozone.metadata.dirs instead.
2021-09-21 18:25:30,073 [Time-limited test] INFO  upgrade.AbstractLayoutVersionManager (AbstractLayoutVersionManager.java:init(79)) - Initializing Layout version manager with metadata layout = SCM_HA (version = 2), software layout = SCM_HA (version = 2)
2021-09-21 18:25:30,372 [Time-limited test] INFO  reflections.Reflections (Reflections.java:scan(232)) - Reflections took 183 ms to scan 7 urls, producing 119 keys and 275 values 
2021-09-21 18:25:31,028 [Time-limited test] WARN  utils.HAUtils (HAUtils.java:getMetaDir(342)) - ozone.scm.db.dirs is not configured. We recommend adding this setting. Falling back to ozone.metadata.dirs instead.
2021-09-21 18:25:31,169 [Time-limited test] WARN  db.DBStoreBuilder (DBStoreBuilder.java:applyDBDefinition(145)) - ozone.scm.db.dirs is not configured. We recommend adding this setting. Falling back to ozone.metadata.dirs instead.
2021-09-21 18:25:31,359 [Time-limited test] INFO  net.NodeSchemaLoader (NodeSchemaLoader.java:loadSchemaFromFile(129)) - Loading schema from [jar:file:/home/runner/.m2/repository/org/apache/ozone/hdds-common/1.2.0-SNAPSHOT/hdds-common-1.2.0-SNAPSHOT.jar!/network-topology-default.xml]
2021-09-21 18:25:31,361 [Time-limited test] INFO  net.NodeSchemaLoader (NodeSchemaLoader.java:loadSchema(176)) - Loading network topology layer schema file
2021-09-21 18:25:31,409 [Time-limited test] INFO  metrics.MetricRegistries (MetricRegistriesLoader.java:load(64)) - Loaded MetricRegistries class org.apache.ratis.metrics.impl.MetricRegistriesImpl
2021-09-21 18:25:31,426 [Time-limited test] INFO  ha.SequenceIdGenerator (SequenceIdGenerator.java:upgradeToSequenceId(327)) - upgrade localId to 107544261427200000
2021-09-21 18:25:31,426 [Time-limited test] INFO  ha.SequenceIdGenerator (SequenceIdGenerator.java:upgradeToSequenceId(337)) - upgrade delTxnId to 0
2021-09-21 18:25:31,430 [Time-limited test] INFO  ha.SequenceIdGenerator (SequenceIdGenerator.java:upgradeToSequenceId(351)) - upgrade containerId to 0
2021-09-21 18:25:31,432 [Time-limited test] INFO  ha.SequenceIdGenerator (SequenceIdGenerator.java:<init>(217)) - Init the HA SequenceIdGenerator.
2021-09-21 18:25:31,475 [Time-limited test] WARN  server.ServerUtils (ServerUtils.java:sanitizeUserArgs(67)) - ozone.scm.dead.node.interval value = 10000 is smaller than min = 20000 based on the key value of ozone.scm.stale.node.interval, reset to the min value 20000.
2021-09-21 18:25:31,483 [Time-limited test] INFO  node.SCMNodeManager (SCMNodeManager.java:<init>(144)) - Entering startup safe mode.
2021-09-21 18:25:31,545 [Time-limited test] INFO  algorithms.ContainerPlacementPolicyFactory (ContainerPlacementPolicyFactory.java:getPolicy(60)) - Create container placement policy of type org.apache.hadoop.hdds.scm.container.placement.algorithms.SCMContainerPlacementRandom
2021-09-21 18:25:31,558 [Time-limited test] INFO  pipeline.PipelineStateManager (PipelineStateManagerV2Impl.java:initialize(78)) - No pipeline exists in current db
2021-09-21 18:25:31,600 [Time-limited test] INFO  algorithms.LeaderChoosePolicyFactory (LeaderChoosePolicyFactory.java:getPolicy(57)) - Create leader choose policy of type org.apache.hadoop.hdds.scm.pipeline.leader.choose.algorithms.MinLeaderCountChoosePolicy
2021-09-21 18:25:31,608 [Time-limited test] INFO  ha.SCMServiceManager (SCMServiceManager.java:register(43)) - Registering service BackgroundPipelineCreator.
2021-09-21 18:25:31,608 [Time-limited test] INFO  pipeline.BackgroundPipelineCreator (BackgroundPipelineCreatorV2.java:start(130)) - Starting RatisPipelineUtilsThread.
2021-09-21 18:25:31,643 [Time-limited test] INFO  algorithms.PipelineChoosePolicyFactory (PipelineChoosePolicyFactory.java:createPipelineChoosePolicyFromClass(73)) - Create pipeline choose policy of type org.apache.hadoop.hdds.scm.pipeline.choose.algorithms.RandomPipelineChoosePolicy
2021-09-21 18:25:31,664 [Time-limited test] INFO  ha.SCMServiceManager (SCMServiceManager.java:register(43)) - Registering service SCMBlockDeletingService.
2021-09-21 18:25:31,692 [Time-limited test] INFO  ha.SCMServiceManager (SCMServiceManager.java:register(43)) - Registering service ReplicationManager.
2021-09-21 18:25:31,694 [Time-limited test] INFO  container.ReplicationManager (ReplicationManager.java:start(319)) - Starting Replication Monitor Thread.
2021-09-21 18:25:31,705 [ReplicationMonitor] INFO  container.ReplicationManager (ReplicationManager.java:processAll(371)) - Replication Monitor Thread took 1 milliseconds for processing 0 containers.
2021-09-21 18:25:31,707 [Time-limited test] INFO  safemode.ContainerSafeModeRule (ContainerSafeModeRule.java:<init>(89)) - containers with one replica threshold count 0
2021-09-21 18:25:31,710 [Time-limited test] INFO  safemode.HealthyPipelineSafeModeRule (HealthyPipelineSafeModeRule.java:initializeRule(156)) - Total pipeline count is 0, healthy pipeline threshold count is 1
2021-09-21 18:25:31,713 [Time-limited test] INFO  safemode.OneReplicaPipelineSafeModeRule (OneReplicaPipelineSafeModeRule.java:initializeRule(180)) - Total pipeline count is 0, pipeline's with at least one datanode reported threshold count is 0
2021-09-21 18:25:32,186 [Time-limited test] INFO  ipc.CallQueueManager (CallQueueManager.java:<init>(90)) - Using callQueue: class java.util.concurrent.LinkedBlockingQueue, queueCapacity: 2000, scheduler: class org.apache.hadoop.ipc.DefaultRpcScheduler, ipcBackoff: false.
2021-09-21 18:25:32,237 [Socket Reader #1 for port 0] INFO  ipc.Server (Server.java:run(1265)) - Starting Socket Reader #1 for port 0
2021-09-21 18:25:32,292 [Listener at 0.0.0.0/39573] INFO  ipc.CallQueueManager (CallQueueManager.java:<init>(90)) - Using callQueue: class java.util.concurrent.LinkedBlockingQueue, queueCapacity: 2000, scheduler: class org.apache.hadoop.ipc.DefaultRpcScheduler, ipcBackoff: false.
2021-09-21 18:25:32,294 [Socket Reader #1 for port 0] INFO  ipc.Server (Server.java:run(1265)) - Starting Socket Reader #1 for port 0
2021-09-21 18:25:32,313 [Listener at 0.0.0.0/40715] INFO  ipc.CallQueueManager (CallQueueManager.java:<init>(90)) - Using callQueue: class java.util.concurrent.LinkedBlockingQueue, queueCapacity: 2000, scheduler: class org.apache.hadoop.ipc.DefaultRpcScheduler, ipcBackoff: false.
2021-09-21 18:25:32,315 [Socket Reader #1 for port 0] INFO  ipc.Server (Server.java:run(1265)) - Starting Socket Reader #1 for port 0
2021-09-21 18:25:32,380 [Listener at 0.0.0.0/44927] INFO  algorithms.ContainerPlacementPolicyFactory (ContainerPlacementPolicyFactory.java:getPolicy(60)) - Create container placement policy of type org.apache.hadoop.hdds.scm.container.placement.algorithms.SCMContainerPlacementRandom
2021-09-21 18:25:32,387 [Listener at 0.0.0.0/44927] INFO  server.StorageContainerManager (StorageContainerManager.java:<init>(387)) - 
Container Balancer status:
Key                            Value
Running                        false
Container Balancer Configuration values:
Key                                                Value
Threshold                                          0.1
Max Datanodes to Involve per Iteration(ratio)      0.5
Max Size to Move per Iteration                     10737418240B

2021-09-21 18:25:32,387 [Listener at 0.0.0.0/44927] WARN  events.EventQueue (EventQueue.java:fireEvent(194)) - No event handler registered for event TypedEvent{payloadType=SafeModeStatus, name='Safe mode status'}
2021-09-21 18:25:32,387 [Listener at 0.0.0.0/44927] INFO  ha.SCMContext (SCMContext.java:updateSafeModeStatus(205)) - Update SafeModeStatus from SafeModeStatus{safeModeStatus=true, preCheckPassed=false} to SafeModeStatus{safeModeStatus=true, preCheckPassed=false}.
2021-09-21 18:25:32,390 [Listener at 0.0.0.0/44927] INFO  server.StorageContainerManager (StorageContainerManager.java:start(1279)) - StorageContainerLocationProtocol RPC server is listening at /0.0.0.0:44927
2021-09-21 18:25:32,477 [Listener at 0.0.0.0/44927] WARN  impl.MetricsConfig (MetricsConfig.java:loadFirst(136)) - Cannot locate configuration: tried hadoop-metrics2-storagecontainermanager.properties,hadoop-metrics2.properties
2021-09-21 18:25:32,493 [Listener at 0.0.0.0/44927] INFO  impl.MetricsSystemImpl (MetricsSystemImpl.java:startTimer(378)) - Scheduled Metric snapshot period at 10 second(s).
2021-09-21 18:25:32,496 [Listener at 0.0.0.0/44927] INFO  impl.MetricsSystemImpl (MetricsSystemImpl.java:start(191)) - StorageContainerManager metrics system started
2021-09-21 18:25:32,881 [Listener at 0.0.0.0/44927] INFO  server.SCMClientProtocolServer (SCMClientProtocolServer.java:start(164)) - RPC server for Client  is listening at /0.0.0.0:44927
2021-09-21 18:25:32,882 [IPC Server Responder] INFO  ipc.Server (Server.java:run(1507)) - IPC Server Responder: starting
2021-09-21 18:25:32,884 [IPC Server listener on 0] INFO  ipc.Server (Server.java:run(1344)) - IPC Server listener on 0: starting
2021-09-21 18:25:32,892 [Listener at 0.0.0.0/44927] INFO  server.StorageContainerManager (StorageContainerManager.java:start(1294)) - ScmBlockLocationProtocol RPC server is listening at /0.0.0.0:40715
2021-09-21 18:25:32,893 [Listener at 0.0.0.0/44927] INFO  server.SCMBlockProtocolServer (SCMBlockProtocolServer.java:start(151)) - RPC server for Block Protocol is listening at /0.0.0.0:40715
2021-09-21 18:25:32,893 [IPC Server Responder] INFO  ipc.Server (Server.java:run(1507)) - IPC Server Responder: starting
2021-09-21 18:25:32,894 [IPC Server listener on 0] INFO  ipc.Server (Server.java:run(1344)) - IPC Server listener on 0: starting
2021-09-21 18:25:32,901 [Listener at 0.0.0.0/44927] INFO  server.StorageContainerManager (StorageContainerManager.java:start(1300)) - ScmDatanodeProtocl RPC server is listening at /0.0.0.0:39573
2021-09-21 18:25:32,901 [Listener at 0.0.0.0/44927] INFO  server.SCMDatanodeProtocolServer (SCMDatanodeProtocolServer.java:start(181)) - RPC server for DataNodes is listening at /0.0.0.0:39573
2021-09-21 18:25:32,902 [IPC Server Responder] INFO  ipc.Server (Server.java:run(1507)) - IPC Server Responder: starting
2021-09-21 18:25:32,902 [IPC Server listener on 0] INFO  ipc.Server (Server.java:run(1344)) - IPC Server listener on 0: starting
2021-09-21 18:25:32,928 [org.apache.hadoop.util.JvmPauseMonitor$Monitor@239ce867] INFO  util.JvmPauseMonitor (JvmPauseMonitor.java:run(188)) - Starting JVM pause monitor
2021-09-21 18:25:32,937 [Listener at 0.0.0.0/44927] INFO  http.BaseHttpServer (BaseHttpServer.java:newHttpServer2BuilderForOzone(209)) - Starting Web-server for scm at: http://0.0.0.0:0
2021-09-21 18:25:32,937 [Listener at 0.0.0.0/44927] INFO  http.BaseHttpServer (BaseHttpServer.java:<init>(107)) - Hadoop Security Enabled: false Ozone Security Enabled: false Ozone HTTP Security Enabled: false 
2021-09-21 18:25:32,968 [Listener at 0.0.0.0/44927] INFO  util.log (Log.java:initialized(170)) - Logging initialized @4788ms to org.eclipse.jetty.util.log.Slf4jLog
2021-09-21 18:25:33,100 [Listener at 0.0.0.0/44927] INFO  server.AuthenticationFilter (AuthenticationFilter.java:constructSecretProvider(240)) - Unable to initialize FileSignerSecretProvider, falling back to use random secrets.
2021-09-21 18:25:33,106 [Listener at 0.0.0.0/44927] WARN  http.HttpRequestLog (HttpRequestLog.java:getRequestLog(103)) - Jetty request log can only be enabled using Log4j
2021-09-21 18:25:33,113 [Listener at 0.0.0.0/44927] INFO  http.HttpServer2 (HttpServer2.java:addGlobalFilter(1030)) - Added global filter 'safety' (class=org.apache.hadoop.hdds.server.http.HttpServer2$QuotingInputFilter)
2021-09-21 18:25:33,115 [Listener at 0.0.0.0/44927] INFO  http.HttpServer2 (HttpServer2.java:addFilter(1006)) - Added filter static_user_filter (class=org.apache.hadoop.http.lib.StaticUserWebFilter$StaticUserFilter) to context scm
2021-09-21 18:25:33,116 [Listener at 0.0.0.0/44927] INFO  http.HttpServer2 (HttpServer2.java:addFilter(1014)) - Added filter static_user_filter (class=org.apache.hadoop.http.lib.StaticUserWebFilter$StaticUserFilter) to context static
2021-09-21 18:25:33,116 [Listener at 0.0.0.0/44927] INFO  http.HttpServer2 (HttpServer2.java:addFilter(1014)) - Added filter static_user_filter (class=org.apache.hadoop.http.lib.StaticUserWebFilter$StaticUserFilter) to context logs
2021-09-21 18:25:33,163 [Listener at 0.0.0.0/44927] INFO  http.HttpServer2 (HttpServer2.java:bindListener(1249)) - Jetty bound to port 43023
2021-09-21 18:25:33,165 [Listener at 0.0.0.0/44927] INFO  server.Server (Server.java:doStart(375)) - jetty-9.4.43.v20210629; built: 2021-06-30T11:07:22.254Z; git: 526006ecfa3af7f1a27ef3a288e2bef7ea9dd7e8; jvm 1.8.0_292-b10
2021-09-21 18:25:33,208 [Listener at 0.0.0.0/44927] INFO  server.session (DefaultSessionIdManager.java:doStart(334)) - DefaultSessionIdManager workerName=node0
2021-09-21 18:25:33,209 [Listener at 0.0.0.0/44927] INFO  server.session (DefaultSessionIdManager.java:doStart(339)) - No SessionScavenger set, using defaults
2021-09-21 18:25:33,212 [Listener at 0.0.0.0/44927] INFO  server.session (HouseKeeper.java:startScavenging(132)) - node0 Scavenging every 660000ms
2021-09-21 18:25:33,227 [Listener at 0.0.0.0/44927] INFO  handler.ContextHandler (ContextHandler.java:doStart(915)) - Started o.e.j.s.ServletContextHandler@15188a15{logs,/logs,file:///home/runner/work/ozone/ozone/hadoop-ozone/integration-test/target/log,AVAILABLE}
2021-09-21 18:25:33,228 [Listener at 0.0.0.0/44927] INFO  handler.ContextHandler (ContextHandler.java:doStart(915)) - Started o.e.j.s.ServletContextHandler@65f222e0{static,/static,file:///home/runner/work/ozone/ozone/hadoop-ozone/integration-test/target/test-classes/webapps/static,AVAILABLE}
2021-09-21 18:25:33,288 [Listener at 0.0.0.0/44927] INFO  handler.ContextHandler (ContextHandler.java:doStart(915)) - Started o.e.j.w.WebAppContext@cfacaf6{scm,/,file:///home/runner/work/ozone/ozone/hadoop-ozone/integration-test/target/test-classes/webapps/scm/,AVAILABLE}{file:/home/runner/work/ozone/ozone/hadoop-ozone/integration-test/target/test-classes/webapps/scm}
2021-09-21 18:25:33,301 [Listener at 0.0.0.0/44927] INFO  server.AbstractConnector (AbstractConnector.java:doStart(331)) - Started ServerConnector@6d01cb17{HTTP/1.1, (http/1.1)}{0.0.0.0:43023}
2021-09-21 18:25:33,301 [Listener at 0.0.0.0/44927] INFO  server.Server (Server.java:doStart(415)) - Started @5121ms
2021-09-21 18:25:33,313 [Listener at 0.0.0.0/44927] INFO  impl.MetricsSinkAdapter (MetricsSinkAdapter.java:start(204)) - Sink prometheus started
2021-09-21 18:25:33,313 [Listener at 0.0.0.0/44927] INFO  impl.MetricsSystemImpl (MetricsSystemImpl.java:registerSink(305)) - Registered sink prometheus
2021-09-21 18:25:33,319 [Listener at 0.0.0.0/44927] INFO  http.BaseHttpServer (BaseHttpServer.java:updateConnectorAddress(329)) - HTTP server of scm listening at http://0.0.0.0:43023
2021-09-21 18:25:33,321 [Listener at 0.0.0.0/44927] WARN  server.ServerUtils (ServerUtils.java:getDBPath(225)) - ozone.om.db.dirs is not configured. We recommend adding this setting. Falling back to ozone.metadata.dirs instead.
2021-09-21 18:25:33,449 [Listener at 0.0.0.0/44927] INFO  ha.OMHANodeDetails (OMHANodeDetails.java:loadOMHAConfig(112)) - ozone.om.internal.service.id is not defined, falling back to ozone.om.service.ids to find serviceID for OzoneManager if it is HA enabled cluster
2021-09-21 18:25:33,452 [Listener at 0.0.0.0/44927] INFO  ha.OMHANodeDetails (OMHANodeDetails.java:loadOMHAConfig(219)) - Configuration does not have ozone.om.address set. Falling back to the default OM address /127.0.0.1:0
2021-09-21 18:25:33,452 [Listener at 0.0.0.0/44927] INFO  ha.OMHANodeDetails (OMHANodeDetails.java:getOMNodeDetails(247)) - OM Service ID is not set. Setting it to the default ID: omServiceIdDefault
2021-09-21 18:25:33,453 [Listener at 0.0.0.0/44927] INFO  ha.OMHANodeDetails (OMHANodeDetails.java:getOMNodeDetails(254)) - OM Node ID is not set. Setting it to the default ID: om1
2021-09-21 18:25:33,457 [Listener at 0.0.0.0/44927] WARN  server.ServerUtils (ServerUtils.java:getDBPath(225)) - ozone.om.db.dirs is not configured. We recommend adding this setting. Falling back to ozone.metadata.dirs instead.
2021-09-21 18:25:33,459 [Listener at 0.0.0.0/44927] INFO  upgrade.AbstractLayoutVersionManager (AbstractLayoutVersionManager.java:init(79)) - Initializing Layout version manager with metadata layout = INITIAL_VERSION (version = 0), software layout = INITIAL_VERSION (version = 0)
2021-09-21 18:25:33,526 [Listener at 0.0.0.0/44927] INFO  reflections.Reflections (Reflections.java:scan(232)) - Reflections took 62 ms to scan 2 urls, producing 131 keys and 342 values [using 2 cores]
2021-09-21 18:25:33,537 [Listener at 0.0.0.0/44927] INFO  upgrade.OMLayoutVersionManager (OMLayoutVersionManager.java:lambda$0(115)) - Skipping Upgrade Action MockOmUpgradeAction since it has been finalized.
2021-09-21 18:25:33,538 [Listener at 0.0.0.0/44927] WARN  server.ServerUtils (ServerUtils.java:getDBPath(225)) - ozone.om.db.dirs is not configured. We recommend adding this setting. Falling back to ozone.metadata.dirs instead.
2021-09-21 18:25:34,003 [Listener at 0.0.0.0/44927] WARN  server.ServerUtils (ServerUtils.java:getDBPath(225)) - ozone.om.db.dirs is not configured. We recommend adding this setting. Falling back to ozone.metadata.dirs instead.
2021-09-21 18:25:34,011 [Listener at 0.0.0.0/44927] INFO  codec.OmKeyInfoCodec (OmKeyInfoCodec.java:<init>(51)) - OmKeyInfoCodec ignorePipeline = true
2021-09-21 18:25:34,012 [Listener at 0.0.0.0/44927] INFO  codec.RepeatedOmKeyInfoCodec (RepeatedOmKeyInfoCodec.java:<init>(42)) - RepeatedOmKeyInfoCodec ignorePipeline = true
2021-09-21 18:25:34,261 [Listener at 0.0.0.0/44927] INFO  om.OzoneManager (OzoneManager.java:addS3GVolumeToDB(4127)) - Created Volume s3v With Owner runner required for S3Gateway operations.
2021-09-21 18:25:34,341 [Listener at 0.0.0.0/44927] WARN  server.ServerUtils (ServerUtils.java:getDefaultRatisDirectory(237)) - Storage directory for Ratis is not configured. It is a good idea to map this to an SSD disk. Falling back to ozone.metadata.dirs
2021-09-21 18:25:34,342 [Listener at 0.0.0.0/44927] WARN  utils.OzoneManagerRatisUtils (OzoneManagerRatisUtils.java:getOMRatisSnapshotDirectory(391)) - ozone.om.ratis.snapshot.dir is not configured. Falling back to ozone.metadata.dirs config
2021-09-21 18:25:34,379 [Listener at 0.0.0.0/44927] WARN  server.ServerUtils (ServerUtils.java:getDefaultRatisDirectory(237)) - Storage directory for Ratis is not configured. It is a good idea to map this to an SSD disk. Falling back to ozone.metadata.dirs
2021-09-21 18:25:34,415 [Listener at 0.0.0.0/44927] INFO  ratis.OzoneManagerRatisServer (OzoneManagerRatisServer.java:<init>(158)) - Instantiating OM Ratis server with groupID: omServiceIdDefault and peers: localhost:9872
2021-09-21 18:25:34,426 [Listener at 0.0.0.0/44927] INFO  ratis.OzoneManagerStateMachine (OzoneManagerStateMachine.java:loadSnapshotInfoFromDB(605)) - LastAppliedIndex is set from TransactionInfo from OM DB as (t:0, i:~)
2021-09-21 18:25:34,465 [Listener at 0.0.0.0/44927] INFO  server.RaftServer (ConfUtils.java:logGet(44)) - raft.rpc.type = GRPC (default)
2021-09-21 18:25:34,562 [Listener at 0.0.0.0/44927] INFO  grpc.GrpcFactory (GrpcFactory.java:checkPooledByteBufAllocatorUseCacheForAllThreads(48)) - PERFORMANCE WARNING: useCacheForAllThreads is true that may cause Netty to create a lot garbage objects and, as a result, trigger GC.
	It is recommended to disable useCacheForAllThreads by setting -Dorg.apache.ratis.thirdparty.io.netty.allocator.useCacheForAllThreads=false in command line.
2021-09-21 18:25:34,568 [Listener at 0.0.0.0/44927] INFO  grpc.GrpcConfigKeys (ConfUtils.java:logGet(44)) - raft.grpc.admin.port = -1 (default)
2021-09-21 18:25:34,568 [Listener at 0.0.0.0/44927] INFO  grpc.GrpcConfigKeys (ConfUtils.java:logGet(44)) - raft.grpc.server.port = 9872 (custom)
2021-09-21 18:25:34,569 [Listener at 0.0.0.0/44927] INFO  grpc.GrpcConfigKeys (ConfUtils.java:logGet(44)) - raft.grpc.client.port = -1 (default)
2021-09-21 18:25:34,569 [Listener at 0.0.0.0/44927] INFO  grpc.GrpcConfigKeys (ConfUtils.java:logGet(44)) - raft.grpc.server.port = 9872 (custom)
2021-09-21 18:25:34,569 [Listener at 0.0.0.0/44927] INFO  grpc.GrpcConfigKeys (ConfUtils.java:logGet(44)) - raft.grpc.server.port = 9872 (custom)
2021-09-21 18:25:34,570 [Listener at 0.0.0.0/44927] INFO  server.GrpcService (ConfUtils.java:logGet(44)) - raft.grpc.message.size.max = 33554432 (custom)
2021-09-21 18:25:34,572 [Listener at 0.0.0.0/44927] INFO  server.RaftServerConfigKeys (ConfUtils.java:logGet(44)) - raft.server.log.appender.buffer.byte-limit = 33554432 (custom)
2021-09-21 18:25:34,573 [Listener at 0.0.0.0/44927] INFO  server.GrpcService (ConfUtils.java:logGet(44)) - raft.grpc.flow.control.window = 1MB (=1048576) (default)
2021-09-21 18:25:34,573 [Listener at 0.0.0.0/44927] INFO  server.RaftServerConfigKeys (ConfUtils.java:logGet(44)) - raft.server.rpc.request.timeout = 3000ms (default)
2021-09-21 18:25:34,926 [Listener at 0.0.0.0/44927] INFO  impl.DataStreamServerImpl (ConfUtils.java:logGet(44)) - raft.datastream.type = DISABLED (default)
2021-09-21 18:25:34,929 [Listener at 0.0.0.0/44927] INFO  server.RaftServerConfigKeys (ConfUtils.java:logGet(44)) - raft.server.rpc.slowness.timeout = 120s (custom)
2021-09-21 18:25:34,930 [Listener at 0.0.0.0/44927] INFO  server.RaftServerConfigKeys (ConfUtils.java:logGet(44)) - raft.server.leaderelection.leader.step-down.wait-time = 10s (default)
2021-09-21 18:25:34,949 [Listener at 0.0.0.0/44927] INFO  server.RaftServerConfigKeys (ConfUtils.java:logGet(44)) - raft.server.storage.dir = [/home/runner/work/ozone/ozone/hadoop-ozone/integration-test/target/test-dir/MiniOzoneClusterImpl-8dff45f7-6a4c-4a77-aa6d-4bab94871626/ozone-meta/ratis] (custom)
2021-09-21 18:25:34,959 [Listener at 0.0.0.0/44927] INFO  server.RaftServer (RaftServerProxy.java:addNew(95)) - om1: addNew group-C5BA1605619E:[om1|rpc:localhost:9872|priority:0] returns group-C5BA1605619E:java.util.concurrent.CompletableFuture@6db48890[Not completed]
2021-09-21 18:25:34,959 [Listener at 0.0.0.0/44927] INFO  om.OzoneManager (OzoneManager.java:initializeRatisServer(1585)) - OzoneManager Ratis server initialized at port 9872
2021-09-21 18:25:35,004 [pool-39-thread-1] INFO  server.RaftServer$Division (RaftServerImpl.java:<init>(181)) - om1: new RaftServerImpl for group-C5BA1605619E:[om1|rpc:localhost:9872|priority:0] with OzoneManagerStateMachine:uninitialized
2021-09-21 18:25:35,009 [Listener at 0.0.0.0/44927] INFO  ipc.CallQueueManager (CallQueueManager.java:<init>(90)) - Using callQueue: class java.util.concurrent.LinkedBlockingQueue, queueCapacity: 2000, scheduler: class org.apache.hadoop.ipc.DefaultRpcScheduler, ipcBackoff: false.
2021-09-21 18:25:35,012 [pool-39-thread-1] INFO  server.RaftServerConfigKeys (ConfUtils.java:logGet(44)) - raft.server.rpc.timeout.min = 1s (custom)
2021-09-21 18:25:35,013 [pool-39-thread-1] INFO  server.RaftServerConfigKeys (ConfUtils.java:logGet(44)) - raft.server.rpc.timeout.max = 1200ms (custom)
2021-09-21 18:25:35,013 [pool-39-thread-1] INFO  server.RaftServerConfigKeys (ConfUtils.java:logGet(44)) - raft.server.rpc.sleep.time = 25ms (default)
2021-09-21 18:25:35,013 [pool-39-thread-1] INFO  server.RaftServerConfigKeys (ConfUtils.java:logGet(44)) - raft.server.rpc.slowness.timeout = 120s (custom)
2021-09-21 18:25:35,013 [pool-39-thread-1] INFO  server.RaftServerConfigKeys (ConfUtils.java:logGet(44)) - raft.server.leaderelection.leader.step-down.wait-time = 10s (default)
2021-09-21 18:25:35,015 [pool-39-thread-1] INFO  server.RaftServerConfigKeys (ConfUtils.java:logGet(44)) - raft.server.sleep.deviation.threshold = 300ms (default)
2021-09-21 18:25:35,015 [pool-39-thread-1] INFO  server.RaftServerConfigKeys (ConfUtils.java:logGet(44)) - raft.server.log.appender.install.snapshot.enabled = false (custom)
2021-09-21 18:25:35,023 [pool-39-thread-1] INFO  server.RaftServer$Division (ServerState.java:<init>(105)) - om1@group-C5BA1605619E: ConfigurationManager, init=-1: [om1|rpc:localhost:9872|priority:0], old=null, confs=<EMPTY_MAP>
2021-09-21 18:25:35,023 [pool-39-thread-1] INFO  server.RaftServerConfigKeys (ConfUtils.java:logGet(44)) - raft.server.storage.dir = [/home/runner/work/ozone/ozone/hadoop-ozone/integration-test/target/test-dir/MiniOzoneClusterImpl-8dff45f7-6a4c-4a77-aa6d-4bab94871626/ozone-meta/ratis] (custom)
2021-09-21 18:25:35,027 [Socket Reader #1 for port 0] INFO  ipc.Server (Server.java:run(1265)) - Starting Socket Reader #1 for port 0
2021-09-21 18:25:35,040 [pool-39-thread-1] INFO  server.RaftServerConfigKeys (ConfUtils.java:logGet(44)) - raft.server.log.corruption.policy = EXCEPTION (default)
2021-09-21 18:25:35,045 [pool-39-thread-1] INFO  server.RaftServerConfigKeys (ConfUtils.java:logGet(44)) - raft.server.storage.free-space.min = 0MB (=0) (default)
2021-09-21 18:25:35,055 [pool-39-thread-1] INFO  storage.RaftStorageDirectory (RaftStorageDirectoryImpl.java:analyzeStorage(135)) - The storage directory /home/runner/work/ozone/ozone/hadoop-ozone/integration-test/target/test-dir/MiniOzoneClusterImpl-8dff45f7-6a4c-4a77-aa6d-4bab94871626/ozone-meta/ratis/bf265839-605b-3f16-9796-c5ba1605619e does not exist. Creating ...
2021-09-21 18:25:35,064 [pool-39-thread-1] INFO  storage.RaftStorageDirectory (RaftStorageDirectoryImpl.java:tryLock(230)) - Lock on /home/runner/work/ozone/ozone/hadoop-ozone/integration-test/target/test-dir/MiniOzoneClusterImpl-8dff45f7-6a4c-4a77-aa6d-4bab94871626/ozone-meta/ratis/bf265839-605b-3f16-9796-c5ba1605619e/in_use.lock acquired by nodename 22499@fv-az122-453
2021-09-21 18:25:35,083 [pool-39-thread-1] INFO  storage.RaftStorage (RaftStorageImpl.java:format(89)) - Storage directory /home/runner/work/ozone/ozone/hadoop-ozone/integration-test/target/test-dir/MiniOzoneClusterImpl-8dff45f7-6a4c-4a77-aa6d-4bab94871626/ozone-meta/ratis/bf265839-605b-3f16-9796-c5ba1605619e has been successfully formatted.
2021-09-21 18:25:35,087 [pool-39-thread-1] INFO  server.RaftServerConfigKeys (ConfUtils.java:logGet(44)) - raft.server.notification.no-leader.timeout = 120s (custom)
2021-09-21 18:25:35,095 [pool-39-thread-1] INFO  server.RaftServerConfigKeys (ConfUtils.java:logGet(44)) - raft.server.log.use.memory = false (default)
2021-09-21 18:25:35,098 [Listener at 127.0.0.1/38417] INFO  om.OzoneManager (OzoneManager.java:initFSOLayout(4333)) - Configured ozone.om.metadata.layout=SIMPLE and disabled optimized OM FS operations
2021-09-21 18:25:35,116 [Listener at 127.0.0.1/38417] INFO  impl.MetricsSystemImpl (MetricsSystemImpl.java:init(158)) - OzoneManager metrics system started (again)
2021-09-21 18:25:35,124 [pool-39-thread-1] INFO  server.RaftServerConfigKeys (ConfUtils.java:logGet(44)) - raft.server.log.purge.gap = 1000000 (custom)
2021-09-21 18:25:35,131 [pool-39-thread-1] INFO  server.RaftServerConfigKeys (ConfUtils.java:logGet(44)) - raft.server.log.appender.buffer.byte-limit = 33554432 (custom)
2021-09-21 18:25:35,148 [Listener at 127.0.0.1/38417] INFO  om.OzoneManager (OzoneManager.java:start(1281)) - OzoneManager RPC server is listening at localhost/127.0.0.1:38417
2021-09-21 18:25:35,148 [Listener at 127.0.0.1/38417] INFO  ratis.OzoneManagerRatisServer (OzoneManagerRatisServer.java:start(516)) - Starting OzoneManagerRatisServer om1 at port 9872
2021-09-21 18:25:35,153 [pool-39-thread-1] INFO  server.RaftServerConfigKeys (ConfUtils.java:logGet(44)) - raft.server.log.segment.size.max = 4194304 (custom)
2021-09-21 18:25:35,162 [pool-39-thread-1] INFO  server.RaftServerConfigKeys (ConfUtils.java:logGet(44)) - raft.server.log.segment.cache.num.max = 2 (custom)
2021-09-21 18:25:35,162 [pool-39-thread-1] INFO  server.RaftServerConfigKeys (ConfUtils.java:logGet(44)) - raft.server.log.segment.cache.size.max = 200MB (=209715200) (default)
2021-09-21 18:25:35,170 [pool-39-thread-1] INFO  segmented.SegmentedRaftLogWorker (SegmentedRaftLogWorker.java:<init>(182)) - new om1@group-C5BA1605619E-SegmentedRaftLogWorker for RaftStorageImpl:Storage Directory /home/runner/work/ozone/ozone/hadoop-ozone/integration-test/target/test-dir/MiniOzoneClusterImpl-8dff45f7-6a4c-4a77-aa6d-4bab94871626/ozone-meta/ratis/bf265839-605b-3f16-9796-c5ba1605619e
2021-09-21 18:25:35,170 [pool-39-thread-1] INFO  server.RaftServerConfigKeys (ConfUtils.java:logGet(44)) - raft.server.log.queue.byte-limit = 64MB (=67108864) (default)
2021-09-21 18:25:35,171 [pool-39-thread-1] INFO  server.RaftServerConfigKeys (ConfUtils.java:logGet(44)) - raft.server.log.queue.element-limit = 4096 (default)
2021-09-21 18:25:35,172 [pool-39-thread-1] INFO  server.RaftServerConfigKeys (ConfUtils.java:logGet(44)) - raft.server.log.segment.size.max = 4194304 (custom)
2021-09-21 18:25:35,172 [pool-39-thread-1] INFO  server.RaftServerConfigKeys (ConfUtils.java:logGet(44)) - raft.server.log.preallocated.size = 4194304 (custom)
2021-09-21 18:25:35,173 [pool-39-thread-1] INFO  server.RaftServerConfigKeys (ConfUtils.java:logGet(44)) - raft.server.log.force.sync.num = 128 (default)
2021-09-21 18:25:35,175 [pool-39-thread-1] INFO  server.RaftServerConfigKeys (ConfUtils.java:logGet(44)) - raft.server.log.statemachine.data.sync = true (default)
2021-09-21 18:25:35,175 [pool-39-thread-1] INFO  server.RaftServerConfigKeys (ConfUtils.java:logGet(44)) - raft.server.log.statemachine.data.sync.timeout = 10s (default)
2021-09-21 18:25:35,175 [pool-39-thread-1] INFO  server.RaftServerConfigKeys (ConfUtils.java:logGet(44)) - raft.server.log.statemachine.data.sync.timeout.retry = -1 (default)
2021-09-21 18:25:35,187 [pool-39-thread-1] INFO  server.RaftServerConfigKeys (ConfUtils.java:logGet(44)) - raft.server.log.write.buffer.size = 64KB (=65536) (default)
2021-09-21 18:25:35,187 [pool-39-thread-1] INFO  server.RaftServerConfigKeys (ConfUtils.java:logGet(44)) - raft.server.log.statemachine.data.caching.enabled = false (default)
2021-09-21 18:25:35,195 [pool-39-thread-1] INFO  segmented.SegmentedRaftLogWorker (SegmentedRaftLogWorker.java:lambda$new$0(133)) - om1@group-C5BA1605619E-SegmentedRaftLogWorker: flushIndex: setUnconditionally 0 -> -1
2021-09-21 18:25:35,195 [pool-39-thread-1] INFO  segmented.SegmentedRaftLogWorker (SegmentedRaftLogWorker.java:lambda$new$0(133)) - om1@group-C5BA1605619E-SegmentedRaftLogWorker: safeCacheEvictIndex: setUnconditionally 0 -> -1
2021-09-21 18:25:35,201 [pool-39-thread-1] INFO  server.RaftServerConfigKeys (ConfUtils.java:logGet(44)) - raft.server.snapshot.auto.trigger.enabled = true (custom)
2021-09-21 18:25:35,202 [pool-39-thread-1] INFO  server.RaftServerConfigKeys (ConfUtils.java:logGet(44)) - raft.server.snapshot.auto.trigger.threshold = 400000 (default)
2021-09-21 18:25:35,202 [pool-39-thread-1] INFO  server.RaftServerConfigKeys (ConfUtils.java:logGet(44)) - raft.server.snapshot.retention.file.num = -1 (default)
2021-09-21 18:25:35,203 [pool-39-thread-1] INFO  server.RaftServerConfigKeys (ConfUtils.java:logGet(44)) - raft.server.log.purge.upto.snapshot.index = true (custom)
2021-09-21 18:25:35,205 [pool-39-thread-1] INFO  server.RaftServerConfigKeys (ConfUtils.java:logGet(44)) - raft.server.retrycache.expirytime = 300s (custom)
2021-09-21 18:25:35,205 [pool-39-thread-1] INFO  server.RaftServerConfigKeys (ConfUtils.java:logGet(44)) - raft.server.retrycache.statistics.expirytime = 100μs (default)
2021-09-21 18:25:35,253 [Listener at 127.0.0.1/38417] INFO  server.RaftServer$Division (RaftServerImpl.java:start(296)) - om1@group-C5BA1605619E: start as a follower, conf=-1: [om1|rpc:localhost:9872|priority:0], old=null
2021-09-21 18:25:35,255 [Listener at 127.0.0.1/38417] INFO  server.RaftServer$Division (RaftServerImpl.java:setRole(285)) - om1@group-C5BA1605619E: changes role from      null to FOLLOWER at term 0 for startAsFollower
2021-09-21 18:25:35,257 [Listener at 127.0.0.1/38417] INFO  impl.RoleInfo (RoleInfo.java:updateAndGet(130)) - om1: start om1@group-C5BA1605619E-FollowerState
2021-09-21 18:25:35,260 [Listener at 127.0.0.1/38417] INFO  util.JmxRegister (JmxRegister.java:tryRegister(44)) - Successfully registered JMX Bean with object name Ratis:service=RaftServer,group=group-C5BA1605619E,id=om1
2021-09-21 18:25:35,265 [Listener at 127.0.0.1/38417] INFO  server.RaftServer (RaftServerProxy.java:lambda$start$5(374)) - om1: start RPC server
2021-09-21 18:25:35,343 [Listener at 127.0.0.1/38417] INFO  server.GrpcService (GrpcService.java:startImpl(253)) - om1: GrpcService started, listening on 9872
2021-09-21 18:25:35,348 [Listener at 127.0.0.1/38417] INFO  om.OzoneManager (OzoneManager.java:start(1299)) - Version File has different layout version (0) than OM DB (null). That is expected if this OM has never been finalized to a newer layout version.
2021-09-21 18:25:35,350 [org.apache.ratis.util.JvmPauseMonitor$$Lambda$531/911890161@9ae6bd9] INFO  util.JvmPauseMonitor (JvmPauseMonitor.java:run(103)) - JvmPauseMonitor-om1: Started
2021-09-21 18:25:35,356 [Listener at 127.0.0.1/38417] INFO  http.BaseHttpServer (BaseHttpServer.java:newHttpServer2BuilderForOzone(209)) - Starting Web-server for ozoneManager at: http://0.0.0.0:0
2021-09-21 18:25:35,356 [Listener at 127.0.0.1/38417] INFO  http.BaseHttpServer (BaseHttpServer.java:<init>(107)) - Hadoop Security Enabled: false Ozone Security Enabled: false Ozone HTTP Security Enabled: false 
2021-09-21 18:25:35,362 [Listener at 127.0.0.1/38417] INFO  server.AuthenticationFilter (AuthenticationFilter.java:constructSecretProvider(240)) - Unable to initialize FileSignerSecretProvider, falling back to use random secrets.
2021-09-21 18:25:35,371 [Listener at 127.0.0.1/38417] WARN  http.HttpRequestLog (HttpRequestLog.java:getRequestLog(103)) - Jetty request log can only be enabled using Log4j
2021-09-21 18:25:35,372 [Listener at 127.0.0.1/38417] INFO  http.HttpServer2 (HttpServer2.java:addGlobalFilter(1030)) - Added global filter 'safety' (class=org.apache.hadoop.hdds.server.http.HttpServer2$QuotingInputFilter)
2021-09-21 18:25:35,374 [Listener at 127.0.0.1/38417] INFO  http.HttpServer2 (HttpServer2.java:addFilter(1006)) - Added filter static_user_filter (class=org.apache.hadoop.http.lib.StaticUserWebFilter$StaticUserFilter) to context ozoneManager
2021-09-21 18:25:35,375 [Listener at 127.0.0.1/38417] INFO  http.HttpServer2 (HttpServer2.java:addFilter(1014)) - Added filter static_user_filter (class=org.apache.hadoop.http.lib.StaticUserWebFilter$StaticUserFilter) to context logs
2021-09-21 18:25:35,375 [Listener at 127.0.0.1/38417] INFO  http.HttpServer2 (HttpServer2.java:addFilter(1014)) - Added filter static_user_filter (class=org.apache.hadoop.http.lib.StaticUserWebFilter$StaticUserFilter) to context static
2021-09-21 18:25:35,379 [Listener at 127.0.0.1/38417] INFO  http.HttpServer2 (HttpServer2.java:bindListener(1249)) - Jetty bound to port 35661
2021-09-21 18:25:35,379 [Listener at 127.0.0.1/38417] INFO  server.Server (Server.java:doStart(375)) - jetty-9.4.43.v20210629; built: 2021-06-30T11:07:22.254Z; git: 526006ecfa3af7f1a27ef3a288e2bef7ea9dd7e8; jvm 1.8.0_292-b10
2021-09-21 18:25:35,383 [Listener at 127.0.0.1/38417] INFO  server.session (DefaultSessionIdManager.java:doStart(334)) - DefaultSessionIdManager workerName=node0
2021-09-21 18:25:35,383 [Listener at 127.0.0.1/38417] INFO  server.session (DefaultSessionIdManager.java:doStart(339)) - No SessionScavenger set, using defaults
2021-09-21 18:25:35,383 [Listener at 127.0.0.1/38417] INFO  server.session (HouseKeeper.java:startScavenging(132)) - node0 Scavenging every 600000ms
2021-09-21 18:25:35,384 [Listener at 127.0.0.1/38417] INFO  handler.ContextHandler (ContextHandler.java:doStart(915)) - Started o.e.j.s.ServletContextHandler@448766d6{logs,/logs,file:///home/runner/work/ozone/ozone/hadoop-ozone/integration-test/target/log,AVAILABLE}
2021-09-21 18:25:35,385 [Listener at 127.0.0.1/38417] INFO  handler.ContextHandler (ContextHandler.java:doStart(915)) - Started o.e.j.s.ServletContextHandler@6899d058{static,/static,file:///home/runner/work/ozone/ozone/hadoop-ozone/integration-test/target/test-classes/webapps/static,AVAILABLE}
2021-09-21 18:25:35,390 [Listener at 127.0.0.1/38417] INFO  handler.ContextHandler (ContextHandler.java:doStart(915)) - Started o.e.j.w.WebAppContext@13f8adb9{ozoneManager,/,file:///home/runner/work/ozone/ozone/hadoop-ozone/integration-test/target/test-classes/webapps/ozoneManager/,AVAILABLE}{file:/home/runner/work/ozone/ozone/hadoop-ozone/integration-test/target/test-classes/webapps/ozoneManager}
2021-09-21 18:25:35,393 [Listener at 127.0.0.1/38417] INFO  server.AbstractConnector (AbstractConnector.java:doStart(331)) - Started ServerConnector@16a05f46{HTTP/1.1, (http/1.1)}{0.0.0.0:35661}
2021-09-21 18:25:35,393 [Listener at 127.0.0.1/38417] INFO  server.Server (Server.java:doStart(415)) - Started @7213ms
2021-09-21 18:25:35,394 [Listener at 127.0.0.1/38417] WARN  impl.MetricsSystemImpl (MetricsSystemImpl.java:register(279)) - Sink prometheus already exists!
2021-09-21 18:25:35,395 [Listener at 127.0.0.1/38417] INFO  http.BaseHttpServer (BaseHttpServer.java:updateConnectorAddress(329)) - HTTP server of ozoneManager listening at http://0.0.0.0:35661
2021-09-21 18:25:35,396 [IPC Server Responder] INFO  ipc.Server (Server.java:run(1507)) - IPC Server Responder: starting
2021-09-21 18:25:35,396 [IPC Server listener on 0] INFO  ipc.Server (Server.java:run(1344)) - IPC Server listener on 0: starting
2021-09-21 18:25:35,403 [Listener at 127.0.0.1/38417] INFO  om.OzoneManager (OzoneManager.java:startTrashEmptier(1543)) - Trash Interval set to 0. Files deleted will not move to trash
2021-09-21 18:25:35,423 [org.apache.hadoop.util.JvmPauseMonitor$Monitor@169341ed] INFO  util.JvmPauseMonitor (JvmPauseMonitor.java:run(188)) - Starting JVM pause monitor
2021-09-21 18:25:35,609 [Listener at 127.0.0.1/38417] WARN  impl.MetricRegistriesImpl (MetricRegistriesImpl.java:addReporterRegistration(111)) - New reporters are added after registries were created. Some metrics will be missing from the reporter. Please add reporter before adding any new registry.
2021-09-21 18:25:35,609 [Listener at 127.0.0.1/38417] WARN  impl.MetricRegistriesImpl (MetricRegistriesImpl.java:addReporterRegistration(111)) - New reporters are added after registries were created. Some metrics will be missing from the reporter. Please add reporter before adding any new registry.
2021-09-21 18:25:35,609 [Listener at 127.0.0.1/38417] INFO  impl.MetricsSystemImpl (MetricsSystemImpl.java:init(158)) - HddsDatanode metrics system started (again)
2021-09-21 18:25:35,629 [Listener at 127.0.0.1/38417] INFO  ozone.HddsDatanodeService (HddsDatanodeService.java:start(234)) - HddsDatanodeService host:fv-az122-453.zf1tlrj3kn4expqppa1j4mpycf.xx.internal.cloudapp.net ip:10.1.0.27
2021-09-21 18:25:35,664 [Listener at 127.0.0.1/38417] INFO  upgrade.AbstractLayoutVersionManager (AbstractLayoutVersionManager.java:init(79)) - Initializing Layout version manager with metadata layout = SCM_HA (version = 2), software layout = SCM_HA (version = 2)
2021-09-21 18:25:35,721 [Listener at 127.0.0.1/38417] INFO  reflections.Reflections (Reflections.java:scan(232)) - Reflections took 54 ms to scan 7 urls, producing 119 keys and 275 values 
2021-09-21 18:25:35,785 [Listener at 127.0.0.1/38417] INFO  volume.HddsVolume (HddsVolume.java:<init>(120)) - Creating HddsVolume: /home/runner/work/ozone/ozone/hadoop-ozone/integration-test/target/test-dir/MiniOzoneClusterImpl-8dff45f7-6a4c-4a77-aa6d-4bab94871626/datanode-0/data-0/containers/hdds of storage type : DISK capacity : 9223372036854775807
2021-09-21 18:25:35,788 [Listener at 127.0.0.1/38417] INFO  volume.MutableVolumeSet (MutableVolumeSet.java:initializeVolumeSet(168)) - Added Volume : /home/runner/work/ozone/ozone/hadoop-ozone/integration-test/target/test-dir/MiniOzoneClusterImpl-8dff45f7-6a4c-4a77-aa6d-4bab94871626/datanode-0/data-0/containers/hdds to VolumeSet
2021-09-21 18:25:35,789 [Listener at 127.0.0.1/38417] INFO  volume.ThrottledAsyncChecker (ThrottledAsyncChecker.java:schedule(141)) - Scheduling a check for /home/runner/work/ozone/ozone/hadoop-ozone/integration-test/target/test-dir/MiniOzoneClusterImpl-8dff45f7-6a4c-4a77-aa6d-4bab94871626/datanode-0/data-0/containers/hdds
2021-09-21 18:25:35,813 [Listener at 127.0.0.1/38417] INFO  volume.StorageVolumeChecker (StorageVolumeChecker.java:checkAllVolumes(202)) - Scheduled health check for volume /home/runner/work/ozone/ozone/hadoop-ozone/integration-test/target/test-dir/MiniOzoneClusterImpl-8dff45f7-6a4c-4a77-aa6d-4bab94871626/datanode-0/data-0/containers/hdds
2021-09-21 18:25:35,836 [Listener at 127.0.0.1/38417] INFO  volume.MutableVolumeSet (MutableVolumeSet.java:initializeVolumeSet(168)) - Added Volume : /home/runner/work/ozone/ozone/hadoop-ozone/integration-test/target/test-dir/MiniOzoneClusterImpl-8dff45f7-6a4c-4a77-aa6d-4bab94871626/datanode-0/data/ratis to VolumeSet
2021-09-21 18:25:35,836 [Listener at 127.0.0.1/38417] INFO  volume.ThrottledAsyncChecker (ThrottledAsyncChecker.java:schedule(141)) - Scheduling a check for /home/runner/work/ozone/ozone/hadoop-ozone/integration-test/target/test-dir/MiniOzoneClusterImpl-8dff45f7-6a4c-4a77-aa6d-4bab94871626/datanode-0/data/ratis
2021-09-21 18:25:35,836 [Listener at 127.0.0.1/38417] INFO  volume.StorageVolumeChecker (StorageVolumeChecker.java:checkAllVolumes(202)) - Scheduled health check for volume /home/runner/work/ozone/ozone/hadoop-ozone/integration-test/target/test-dir/MiniOzoneClusterImpl-8dff45f7-6a4c-4a77-aa6d-4bab94871626/datanode-0/data/ratis
2021-09-21 18:25:35,860 [Thread-128] INFO  ozoneimpl.ContainerReader (ContainerReader.java:readVolume(172)) - Finish verifying containers on volume /home/runner/work/ozone/ozone/hadoop-ozone/integration-test/target/test-dir/MiniOzoneClusterImpl-8dff45f7-6a4c-4a77-aa6d-4bab94871626/datanode-0/data-0/containers/hdds
2021-09-21 18:25:35,860 [Listener at 127.0.0.1/38417] INFO  ozoneimpl.OzoneContainer (OzoneContainer.java:buildContainerSet(236)) - Build ContainerSet costs 0s
2021-09-21 18:25:35,951 [Listener at 127.0.0.1/38417] INFO  server.RaftServer (ConfUtils.java:logGet(44)) - raft.rpc.type = GRPC (default)
2021-09-21 18:25:35,951 [Listener at 127.0.0.1/38417] INFO  grpc.GrpcFactory (GrpcFactory.java:checkPooledByteBufAllocatorUseCacheForAllThreads(48)) - PERFORMANCE WARNING: useCacheForAllThreads is true that may cause Netty to create a lot garbage objects and, as a result, trigger GC.
	It is recommended to disable useCacheForAllThreads by setting -Dorg.apache.ratis.thirdparty.io.netty.allocator.useCacheForAllThreads=false in command line.
2021-09-21 18:25:35,951 [Listener at 127.0.0.1/38417] INFO  grpc.GrpcConfigKeys (ConfUtils.java:logGet(44)) - raft.grpc.admin.port = 0 (custom)
2021-09-21 18:25:35,952 [Listener at 127.0.0.1/38417] INFO  grpc.GrpcConfigKeys (ConfUtils.java:logGet(44)) - raft.grpc.client.port = 0 (custom)
2021-09-21 18:25:35,952 [Listener at 127.0.0.1/38417] INFO  grpc.GrpcConfigKeys (ConfUtils.java:logGet(44)) - raft.grpc.server.port = 0 (default)
2021-09-21 18:25:35,952 [Listener at 127.0.0.1/38417] INFO  server.GrpcService (ConfUtils.java:logGet(44)) - raft.grpc.message.size.max = 32MB (=33554432) (custom)
2021-09-21 18:25:35,952 [Listener at 127.0.0.1/38417] INFO  server.RaftServerConfigKeys (ConfUtils.java:logGet(44)) - raft.server.log.appender.buffer.byte-limit = 33554432 (custom)
2021-09-21 18:25:35,953 [Listener at 127.0.0.1/38417] INFO  server.GrpcService (ConfUtils.java:logGet(44)) - raft.grpc.flow.control.window = 5MB (=5242880) (custom)
2021-09-21 18:25:35,953 [Listener at 127.0.0.1/38417] INFO  server.RaftServerConfigKeys (ConfUtils.java:logGet(44)) - raft.server.rpc.request.timeout = 3000ms (default)
2021-09-21 18:25:35,954 [Listener at 127.0.0.1/38417] INFO  impl.DataStreamServerImpl (ConfUtils.java:logGet(44)) - raft.datastream.type = DISABLED (default)
2021-09-21 18:25:35,954 [Listener at 127.0.0.1/38417] INFO  server.RaftServerConfigKeys (ConfUtils.java:logGet(44)) - raft.server.rpc.slowness.timeout = 300000ms (custom)
2021-09-21 18:25:35,955 [Listener at 127.0.0.1/38417] INFO  server.RaftServerConfigKeys (ConfUtils.java:logGet(44)) - raft.server.leaderelection.leader.step-down.wait-time = 10s (default)
2021-09-21 18:25:35,955 [Listener at 127.0.0.1/38417] INFO  server.RaftServerConfigKeys (ConfUtils.java:logGet(44)) - raft.server.storage.dir = [/home/runner/work/ozone/ozone/hadoop-ozone/integration-test/target/test-dir/MiniOzoneClusterImpl-8dff45f7-6a4c-4a77-aa6d-4bab94871626/datanode-0/data/ratis] (custom)
2021-09-21 18:25:36,063 [Listener at 127.0.0.1/38417] INFO  http.BaseHttpServer (BaseHttpServer.java:newHttpServer2BuilderForOzone(209)) - Starting Web-server for hddsDatanode at: http://0.0.0.0:0
2021-09-21 18:25:36,063 [Listener at 127.0.0.1/38417] INFO  http.BaseHttpServer (BaseHttpServer.java:<init>(107)) - Hadoop Security Enabled: false Ozone Security Enabled: false Ozone HTTP Security Enabled: false 
2021-09-21 18:25:36,065 [Listener at 127.0.0.1/38417] INFO  server.AuthenticationFilter (AuthenticationFilter.java:constructSecretProvider(240)) - Unable to initialize FileSignerSecretProvider, falling back to use random secrets.
2021-09-21 18:25:36,065 [Listener at 127.0.0.1/38417] WARN  http.HttpRequestLog (HttpRequestLog.java:getRequestLog(103)) - Jetty request log can only be enabled using Log4j
2021-09-21 18:25:36,074 [Listener at 127.0.0.1/38417] INFO  http.HttpServer2 (HttpServer2.java:addGlobalFilter(1030)) - Added global filter 'safety' (class=org.apache.hadoop.hdds.server.http.HttpServer2$QuotingInputFilter)
2021-09-21 18:25:36,075 [Listener at 127.0.0.1/38417] INFO  http.HttpServer2 (HttpServer2.java:addFilter(1006)) - Added filter static_user_filter (class=org.apache.hadoop.http.lib.StaticUserWebFilter$StaticUserFilter) to context hddsDatanode
2021-09-21 18:25:36,075 [Listener at 127.0.0.1/38417] INFO  http.HttpServer2 (HttpServer2.java:addFilter(1014)) - Added filter static_user_filter (class=org.apache.hadoop.http.lib.StaticUserWebFilter$StaticUserFilter) to context static
2021-09-21 18:25:36,076 [Listener at 127.0.0.1/38417] INFO  http.HttpServer2 (HttpServer2.java:addFilter(1014)) - Added filter static_user_filter (class=org.apache.hadoop.http.lib.StaticUserWebFilter$StaticUserFilter) to context logs
2021-09-21 18:25:36,077 [Listener at 127.0.0.1/38417] INFO  http.HttpServer2 (HttpServer2.java:bindListener(1249)) - Jetty bound to port 46671
2021-09-21 18:25:36,077 [Listener at 127.0.0.1/38417] INFO  server.Server (Server.java:doStart(375)) - jetty-9.4.43.v20210629; built: 2021-06-30T11:07:22.254Z; git: 526006ecfa3af7f1a27ef3a288e2bef7ea9dd7e8; jvm 1.8.0_292-b10
2021-09-21 18:25:36,082 [Listener at 127.0.0.1/38417] INFO  server.session (DefaultSessionIdManager.java:doStart(334)) - DefaultSessionIdManager workerName=node0
2021-09-21 18:25:36,082 [Listener at 127.0.0.1/38417] INFO  server.session (DefaultSessionIdManager.java:doStart(339)) - No SessionScavenger set, using defaults
2021-09-21 18:25:36,083 [Listener at 127.0.0.1/38417] INFO  server.session (HouseKeeper.java:startScavenging(132)) - node0 Scavenging every 600000ms
2021-09-21 18:25:36,084 [Listener at 127.0.0.1/38417] INFO  handler.ContextHandler (ContextHandler.java:doStart(915)) - Started o.e.j.s.ServletContextHandler@3af12b1e{logs,/logs,file:///home/runner/work/ozone/ozone/hadoop-ozone/integration-test/target/log,AVAILABLE}
2021-09-21 18:25:36,084 [Listener at 127.0.0.1/38417] INFO  handler.ContextHandler (ContextHandler.java:doStart(915)) - Started o.e.j.s.ServletContextHandler@a1360f4{static,/static,jar:file:/home/runner/.m2/repository/org/apache/ozone/hdds-container-service/1.2.0-SNAPSHOT/hdds-container-service-1.2.0-SNAPSHOT.jar!/webapps/static,AVAILABLE}
2021-09-21 18:25:36,174 [Listener at 127.0.0.1/38417] INFO  handler.ContextHandler (ContextHandler.java:doStart(915)) - Started o.e.j.w.WebAppContext@4192c5c5{hddsDatanode,/,file:///tmp/jetty-0_0_0_0-46671-hdds-container-service-1_2_0-SNAPSHOT_jar-_-any-5672618190489541025/webapp/,AVAILABLE}{jar:file:/home/runner/.m2/repository/org/apache/ozone/hdds-container-service/1.2.0-SNAPSHOT/hdds-container-service-1.2.0-SNAPSHOT.jar!/webapps/hddsDatanode}
2021-09-21 18:25:36,178 [Listener at 127.0.0.1/38417] INFO  server.AbstractConnector (AbstractConnector.java:doStart(331)) - Started ServerConnector@3da9f1bf{HTTP/1.1, (http/1.1)}{0.0.0.0:46671}
2021-09-21 18:25:36,179 [Listener at 127.0.0.1/38417] INFO  server.Server (Server.java:doStart(415)) - Started @7998ms
2021-09-21 18:25:36,179 [Listener at 127.0.0.1/38417] WARN  impl.MetricsSystemImpl (MetricsSystemImpl.java:register(279)) - Sink prometheus already exists!
2021-09-21 18:25:36,180 [Listener at 127.0.0.1/38417] INFO  http.BaseHttpServer (BaseHttpServer.java:updateConnectorAddress(329)) - HTTP server of hddsDatanode listening at http://0.0.0.0:46671
2021-09-21 18:25:36,184 [Listener at 127.0.0.1/38417] WARN  impl.MetricRegistriesImpl (MetricRegistriesImpl.java:addReporterRegistration(111)) - New reporters are added after registries were created. Some metrics will be missing from the reporter. Please add reporter before adding any new registry.
2021-09-21 18:25:36,184 [Listener at 127.0.0.1/38417] WARN  impl.MetricRegistriesImpl (MetricRegistriesImpl.java:addReporterRegistration(111)) - New reporters are added after registries were created. Some metrics will be missing from the reporter. Please add reporter before adding any new registry.
2021-09-21 18:25:36,184 [Listener at 127.0.0.1/38417] INFO  impl.MetricsSystemImpl (MetricsSystemImpl.java:init(158)) - HddsDatanode metrics system started (again)
2021-09-21 18:25:36,191 [Datanode State Machine Thread - 0] INFO  statemachine.DatanodeStateMachine (DatanodeStateMachine.java:lambda$startDaemon$0(456)) - Ozone container server started.
2021-09-21 18:25:36,212 [Listener at 127.0.0.1/38417] INFO  ozone.HddsDatanodeService (HddsDatanodeService.java:start(234)) - HddsDatanodeService host:fv-az122-453.zf1tlrj3kn4expqppa1j4mpycf.xx.internal.cloudapp.net ip:10.1.0.27
2021-09-21 18:25:36,243 [org.apache.hadoop.util.JvmPauseMonitor$Monitor@6d3e40c1] INFO  util.JvmPauseMonitor (JvmPauseMonitor.java:run(188)) - Starting JVM pause monitor
2021-09-21 18:25:36,250 [Listener at 127.0.0.1/38417] INFO  upgrade.AbstractLayoutVersionManager (AbstractLayoutVersionManager.java:init(79)) - Initializing Layout version manager with metadata layout = SCM_HA (version = 2), software layout = SCM_HA (version = 2)
2021-09-21 18:25:36,325 [Listener at 127.0.0.1/38417] INFO  reflections.Reflections (Reflections.java:scan(232)) - Reflections took 73 ms to scan 7 urls, producing 119 keys and 275 values 
2021-09-21 18:25:36,328 [Listener at 127.0.0.1/38417] INFO  volume.HddsVolume (HddsVolume.java:<init>(120)) - Creating HddsVolume: /home/runner/work/ozone/ozone/hadoop-ozone/integration-test/target/test-dir/MiniOzoneClusterImpl-8dff45f7-6a4c-4a77-aa6d-4bab94871626/datanode-1/data-0/containers/hdds of storage type : DISK capacity : 9223372036854775807
2021-09-21 18:25:36,329 [Listener at 127.0.0.1/38417] INFO  volume.MutableVolumeSet (MutableVolumeSet.java:initializeVolumeSet(168)) - Added Volume : /home/runner/work/ozone/ozone/hadoop-ozone/integration-test/target/test-dir/MiniOzoneClusterImpl-8dff45f7-6a4c-4a77-aa6d-4bab94871626/datanode-1/data-0/containers/hdds to VolumeSet
2021-09-21 18:25:36,329 [Listener at 127.0.0.1/38417] INFO  volume.ThrottledAsyncChecker (ThrottledAsyncChecker.java:schedule(141)) - Scheduling a check for /home/runner/work/ozone/ozone/hadoop-ozone/integration-test/target/test-dir/MiniOzoneClusterImpl-8dff45f7-6a4c-4a77-aa6d-4bab94871626/datanode-1/data-0/containers/hdds
2021-09-21 18:25:36,329 [Listener at 127.0.0.1/38417] INFO  volume.StorageVolumeChecker (StorageVolumeChecker.java:checkAllVolumes(202)) - Scheduled health check for volume /home/runner/work/ozone/ozone/hadoop-ozone/integration-test/target/test-dir/MiniOzoneClusterImpl-8dff45f7-6a4c-4a77-aa6d-4bab94871626/datanode-1/data-0/containers/hdds
2021-09-21 18:25:36,336 [om1@group-C5BA1605619E-FollowerState] INFO  impl.FollowerState (FollowerState.java:run(134)) - om1@group-C5BA1605619E-FollowerState: change to CANDIDATE, lastRpcElapsedTime:1079536874ns, electionTimeout:1072ms
2021-09-21 18:25:36,337 [om1@group-C5BA1605619E-FollowerState] INFO  impl.RoleInfo (RoleInfo.java:shutdownFollowerState(108)) - om1: shutdown om1@group-C5BA1605619E-FollowerState
2021-09-21 18:25:36,338 [om1@group-C5BA1605619E-FollowerState] INFO  server.RaftServer$Division (RaftServerImpl.java:setRole(285)) - om1@group-C5BA1605619E: changes role from  FOLLOWER to CANDIDATE at term 0 for changeToCandidate
2021-09-21 18:25:36,345 [om1@group-C5BA1605619E-FollowerState] INFO  server.RaftServerConfigKeys (ConfUtils.java:logGet(44)) - raft.server.leaderelection.pre-vote = false (custom)
2021-09-21 18:25:36,345 [om1@group-C5BA1605619E-FollowerState] INFO  impl.RoleInfo (RoleInfo.java:updateAndGet(130)) - om1: start om1@group-C5BA1605619E-LeaderElection1
2021-09-21 18:25:36,351 [Listener at 127.0.0.1/38417] INFO  volume.MutableVolumeSet (MutableVolumeSet.java:initializeVolumeSet(168)) - Added Volume : /home/runner/work/ozone/ozone/hadoop-ozone/integration-test/target/test-dir/MiniOzoneClusterImpl-8dff45f7-6a4c-4a77-aa6d-4bab94871626/datanode-1/data/ratis to VolumeSet
2021-09-21 18:25:36,351 [Listener at 127.0.0.1/38417] INFO  volume.ThrottledAsyncChecker (ThrottledAsyncChecker.java:schedule(141)) - Scheduling a check for /home/runner/work/ozone/ozone/hadoop-ozone/integration-test/target/test-dir/MiniOzoneClusterImpl-8dff45f7-6a4c-4a77-aa6d-4bab94871626/datanode-1/data/ratis
2021-09-21 18:25:36,359 [Listener at 127.0.0.1/38417] INFO  volume.StorageVolumeChecker (StorageVolumeChecker.java:checkAllVolumes(202)) - Scheduled health check for volume /home/runner/work/ozone/ozone/hadoop-ozone/integration-test/target/test-dir/MiniOzoneClusterImpl-8dff45f7-6a4c-4a77-aa6d-4bab94871626/datanode-1/data/ratis
2021-09-21 18:25:36,379 [om1@group-C5BA1605619E-LeaderElection1] INFO  impl.LeaderElection (LeaderElection.java:askForVotes(306)) - om1@group-C5BA1605619E-LeaderElection1 ELECTION round 0: submit vote requests at term 1 for -1: [om1|rpc:localhost:9872|priority:0], old=null
2021-09-21 18:25:36,380 [om1@group-C5BA1605619E-LeaderElection1] INFO  impl.LeaderElection (LeaderElection.java:askForVotes(308)) - om1@group-C5BA1605619E-LeaderElection1 ELECTION round 0: result PASSED (term=1)
2021-09-21 18:25:36,381 [om1@group-C5BA1605619E-LeaderElection1] INFO  impl.RoleInfo (RoleInfo.java:shutdownLeaderElection(121)) - om1: shutdown om1@group-C5BA1605619E-LeaderElection1
2021-09-21 18:25:36,381 [om1@group-C5BA1605619E-LeaderElection1] INFO  server.RaftServer$Division (RaftServerImpl.java:setRole(285)) - om1@group-C5BA1605619E: changes role from CANDIDATE to LEADER at term 1 for changeToLeader
2021-09-21 18:25:36,381 [om1@group-C5BA1605619E-LeaderElection1] INFO  server.RaftServer$Division (ServerState.java:setLeader(285)) - om1@group-C5BA1605619E: change Leader from null to om1 at term 1 for becomeLeader, leader elected after 1294ms
2021-09-21 18:25:36,388 [om1@group-C5BA1605619E-LeaderElection1] INFO  server.RaftServerConfigKeys (ConfUtils.java:logGet(44)) - raft.server.staging.catchup.gap = 1000 (default)
2021-09-21 18:25:36,393 [om1@group-C5BA1605619E-LeaderElection1] INFO  server.RaftServerConfigKeys (ConfUtils.java:logGet(44)) - raft.server.write.element-limit = 4096 (default)
2021-09-21 18:25:36,393 [om1@group-C5BA1605619E-LeaderElection1] INFO  server.RaftServerConfigKeys (ConfUtils.java:logGet(44)) - raft.server.write.byte-limit = 64MB (=67108864) (default)
2021-09-21 18:25:36,400 [om1@group-C5BA1605619E-LeaderElection1] INFO  server.RaftServerConfigKeys (ConfUtils.java:logGet(44)) - raft.server.watch.timeout = 10s (default)
2021-09-21 18:25:36,401 [om1@group-C5BA1605619E-LeaderElection1] INFO  server.RaftServerConfigKeys (ConfUtils.java:logGet(44)) - raft.server.watch.timeout.denomination = 1s (default)
2021-09-21 18:25:36,401 [om1@group-C5BA1605619E-LeaderElection1] INFO  server.RaftServerConfigKeys (ConfUtils.java:logGet(44)) - raft.server.watch.element-limit = 65536 (default)
2021-09-21 18:25:36,400 [Thread-141] INFO  ozoneimpl.ContainerReader (ContainerReader.java:readVolume(172)) - Finish verifying containers on volume /home/runner/work/ozone/ozone/hadoop-ozone/integration-test/target/test-dir/MiniOzoneClusterImpl-8dff45f7-6a4c-4a77-aa6d-4bab94871626/datanode-1/data-0/containers/hdds
2021-09-21 18:25:36,403 [Listener at 127.0.0.1/38417] INFO  ozoneimpl.OzoneContainer (OzoneContainer.java:buildContainerSet(236)) - Build ContainerSet costs 0s
2021-09-21 18:25:36,406 [Listener at 127.0.0.1/38417] INFO  server.RaftServer (ConfUtils.java:logGet(44)) - raft.rpc.type = GRPC (default)
2021-09-21 18:25:36,407 [Listener at 127.0.0.1/38417] INFO  grpc.GrpcFactory (GrpcFactory.java:checkPooledByteBufAllocatorUseCacheForAllThreads(48)) - PERFORMANCE WARNING: useCacheForAllThreads is true that may cause Netty to create a lot garbage objects and, as a result, trigger GC.
	It is recommended to disable useCacheForAllThreads by setting -Dorg.apache.ratis.thirdparty.io.netty.allocator.useCacheForAllThreads=false in command line.
2021-09-21 18:25:36,407 [Listener at 127.0.0.1/38417] INFO  grpc.GrpcConfigKeys (ConfUtils.java:logGet(44)) - raft.grpc.admin.port = 0 (custom)
2021-09-21 18:25:36,407 [Listener at 127.0.0.1/38417] INFO  grpc.GrpcConfigKeys (ConfUtils.java:logGet(44)) - raft.grpc.client.port = 0 (custom)
2021-09-21 18:25:36,407 [Listener at 127.0.0.1/38417] INFO  grpc.GrpcConfigKeys (ConfUtils.java:logGet(44)) - raft.grpc.server.port = 0 (default)
2021-09-21 18:25:36,407 [Listener at 127.0.0.1/38417] INFO  server.GrpcService (ConfUtils.java:logGet(44)) - raft.grpc.message.size.max = 32MB (=33554432) (custom)
2021-09-21 18:25:36,408 [Listener at 127.0.0.1/38417] INFO  server.RaftServerConfigKeys (ConfUtils.java:logGet(44)) - raft.server.log.appender.buffer.byte-limit = 33554432 (custom)
2021-09-21 18:25:36,408 [Listener at 127.0.0.1/38417] INFO  server.GrpcService (ConfUtils.java:logGet(44)) - raft.grpc.flow.control.window = 5MB (=5242880) (custom)
2021-09-21 18:25:36,408 [Listener at 127.0.0.1/38417] INFO  server.RaftServerConfigKeys (ConfUtils.java:logGet(44)) - raft.server.rpc.request.timeout = 3000ms (default)
2021-09-21 18:25:36,411 [Listener at 127.0.0.1/38417] INFO  impl.DataStreamServerImpl (ConfUtils.java:logGet(44)) - raft.datastream.type = DISABLED (default)
2021-09-21 18:25:36,586 [Listener at 127.0.0.1/38417] INFO  server.RaftServerConfigKeys (ConfUtils.java:logGet(44)) - raft.server.rpc.slowness.timeout = 300000ms (custom)
2021-09-21 18:25:36,586 [Listener at 127.0.0.1/38417] INFO  server.RaftServerConfigKeys (ConfUtils.java:logGet(44)) - raft.server.leaderelection.leader.step-down.wait-time = 10s (default)
2021-09-21 18:25:36,586 [Listener at 127.0.0.1/38417] INFO  server.RaftServerConfigKeys (ConfUtils.java:logGet(44)) - raft.server.storage.dir = [/home/runner/work/ozone/ozone/hadoop-ozone/integration-test/target/test-dir/MiniOzoneClusterImpl-8dff45f7-6a4c-4a77-aa6d-4bab94871626/datanode-1/data/ratis] (custom)
2021-09-21 18:25:36,609 [Datanode State Machine Task Thread - 0] INFO  datanode.InitDatanodeState (InitDatanodeState.java:persistContainerDatanodeDetails(145)) - DatanodeDetails is persisted to /home/runner/work/ozone/ozone/hadoop-ozone/integration-test/target/test-dir/MiniOzoneClusterImpl-8dff45f7-6a4c-4a77-aa6d-4bab94871626/datanode-0/meta/datanode.id
2021-09-21 18:25:36,612 [om1@group-C5BA1605619E-LeaderElection1] INFO  impl.RoleInfo (RoleInfo.java:updateAndGet(130)) - om1: start om1@group-C5BA1605619E-LeaderStateImpl
2021-09-21 18:25:36,620 [Listener at 127.0.0.1/38417] INFO  http.BaseHttpServer (BaseHttpServer.java:newHttpServer2BuilderForOzone(209)) - Starting Web-server for hddsDatanode at: http://0.0.0.0:0
2021-09-21 18:25:36,620 [Listener at 127.0.0.1/38417] INFO  http.BaseHttpServer (BaseHttpServer.java:<init>(107)) - Hadoop Security Enabled: false Ozone Security Enabled: false Ozone HTTP Security Enabled: false 
2021-09-21 18:25:36,622 [Listener at 127.0.0.1/38417] INFO  server.AuthenticationFilter (AuthenticationFilter.java:constructSecretProvider(240)) - Unable to initialize FileSignerSecretProvider, falling back to use random secrets.
2021-09-21 18:25:36,631 [Listener at 127.0.0.1/38417] WARN  http.HttpRequestLog (HttpRequestLog.java:getRequestLog(103)) - Jetty request log can only be enabled using Log4j
2021-09-21 18:25:36,632 [Listener at 127.0.0.1/38417] INFO  http.HttpServer2 (HttpServer2.java:addGlobalFilter(1030)) - Added global filter 'safety' (class=org.apache.hadoop.hdds.server.http.HttpServer2$QuotingInputFilter)
2021-09-21 18:25:36,633 [Listener at 127.0.0.1/38417] INFO  http.HttpServer2 (HttpServer2.java:addFilter(1006)) - Added filter static_user_filter (class=org.apache.hadoop.http.lib.StaticUserWebFilter$StaticUserFilter) to context hddsDatanode
2021-09-21 18:25:36,633 [Listener at 127.0.0.1/38417] INFO  http.HttpServer2 (HttpServer2.java:addFilter(1014)) - Added filter static_user_filter (class=org.apache.hadoop.http.lib.StaticUserWebFilter$StaticUserFilter) to context static
2021-09-21 18:25:36,633 [Listener at 127.0.0.1/38417] INFO  http.HttpServer2 (HttpServer2.java:addFilter(1014)) - Added filter static_user_filter (class=org.apache.hadoop.http.lib.StaticUserWebFilter$StaticUserFilter) to context logs
2021-09-21 18:25:36,634 [Listener at 127.0.0.1/38417] INFO  http.HttpServer2 (HttpServer2.java:bindListener(1249)) - Jetty bound to port 39873
2021-09-21 18:25:36,634 [Listener at 127.0.0.1/38417] INFO  server.Server (Server.java:doStart(375)) - jetty-9.4.43.v20210629; built: 2021-06-30T11:07:22.254Z; git: 526006ecfa3af7f1a27ef3a288e2bef7ea9dd7e8; jvm 1.8.0_292-b10
2021-09-21 18:25:36,658 [Listener at 127.0.0.1/38417] INFO  server.session (DefaultSessionIdManager.java:doStart(334)) - DefaultSessionIdManager workerName=node0
2021-09-21 18:25:36,658 [Listener at 127.0.0.1/38417] INFO  server.session (DefaultSessionIdManager.java:doStart(339)) - No SessionScavenger set, using defaults
2021-09-21 18:25:36,658 [Listener at 127.0.0.1/38417] INFO  server.session (HouseKeeper.java:startScavenging(132)) - node0 Scavenging every 660000ms
2021-09-21 18:25:36,659 [Listener at 127.0.0.1/38417] INFO  handler.ContextHandler (ContextHandler.java:doStart(915)) - Started o.e.j.s.ServletContextHandler@5785c5a8{logs,/logs,file:///home/runner/work/ozone/ozone/hadoop-ozone/integration-test/target/log,AVAILABLE}
2021-09-21 18:25:36,660 [Listener at 127.0.0.1/38417] INFO  handler.ContextHandler (ContextHandler.java:doStart(915)) - Started o.e.j.s.ServletContextHandler@505d2de7{static,/static,jar:file:/home/runner/.m2/repository/org/apache/ozone/hdds-container-service/1.2.0-SNAPSHOT/hdds-container-service-1.2.0-SNAPSHOT.jar!/webapps/static,AVAILABLE}
2021-09-21 18:25:36,655 [om1@group-C5BA1605619E-LeaderElection1] INFO  segmented.SegmentedRaftLogWorker (SegmentedRaftLogWorker.java:startLogSegment(394)) - om1@group-C5BA1605619E-SegmentedRaftLogWorker: Starting segment from index:0
2021-09-21 18:25:36,712 [om1@group-C5BA1605619E-LeaderElection1] INFO  server.RaftServer$Division (ServerState.java:setRaftConf(387)) - om1@group-C5BA1605619E: set configuration 0: [om1|rpc:localhost:9872|admin:|client:|dataStream:|priority:0], old=null
2021-09-21 18:25:36,766 [Listener at 127.0.0.1/38417] INFO  handler.ContextHandler (ContextHandler.java:doStart(915)) - Started o.e.j.w.WebAppContext@ad34a14{hddsDatanode,/,file:///tmp/jetty-0_0_0_0-39873-hdds-container-service-1_2_0-SNAPSHOT_jar-_-any-184537190577844554/webapp/,AVAILABLE}{jar:file:/home/runner/.m2/repository/org/apache/ozone/hdds-container-service/1.2.0-SNAPSHOT/hdds-container-service-1.2.0-SNAPSHOT.jar!/webapps/hddsDatanode}
2021-09-21 18:25:36,780 [Listener at 127.0.0.1/38417] INFO  server.AbstractConnector (AbstractConnector.java:doStart(331)) - Started ServerConnector@4473ad2a{HTTP/1.1, (http/1.1)}{0.0.0.0:39873}
2021-09-21 18:25:36,780 [Listener at 127.0.0.1/38417] INFO  server.Server (Server.java:doStart(415)) - Started @8600ms
2021-09-21 18:25:36,780 [Listener at 127.0.0.1/38417] WARN  impl.MetricsSystemImpl (MetricsSystemImpl.java:register(279)) - Sink prometheus already exists!
2021-09-21 18:25:36,781 [Listener at 127.0.0.1/38417] INFO  http.BaseHttpServer (BaseHttpServer.java:updateConnectorAddress(329)) - HTTP server of hddsDatanode listening at http://0.0.0.0:39873
2021-09-21 18:25:36,782 [Listener at 127.0.0.1/38417] WARN  impl.MetricRegistriesImpl (MetricRegistriesImpl.java:addReporterRegistration(111)) - New reporters are added after registries were created. Some metrics will be missing from the reporter. Please add reporter before adding any new registry.
2021-09-21 18:25:36,782 [Listener at 127.0.0.1/38417] WARN  impl.MetricRegistriesImpl (MetricRegistriesImpl.java:addReporterRegistration(111)) - New reporters are added after registries were created. Some metrics will be missing from the reporter. Please add reporter before adding any new registry.
2021-09-21 18:25:36,782 [Listener at 127.0.0.1/38417] INFO  impl.MetricsSystemImpl (MetricsSystemImpl.java:init(158)) - HddsDatanode metrics system started (again)
2021-09-21 18:25:36,790 [Datanode State Machine Thread - 0] INFO  statemachine.DatanodeStateMachine (DatanodeStateMachine.java:lambda$startDaemon$0(456)) - Ozone container server started.
2021-09-21 18:25:36,815 [Listener at 127.0.0.1/38417] INFO  ozone.HddsDatanodeService (HddsDatanodeService.java:start(234)) - HddsDatanodeService host:fv-az122-453.zf1tlrj3kn4expqppa1j4mpycf.xx.internal.cloudapp.net ip:10.1.0.27
2021-09-21 18:25:36,844 [om1@group-C5BA1605619E-SegmentedRaftLogWorker] INFO  segmented.SegmentedRaftLogWorker (SegmentedRaftLogWorker.java:execute(601)) - om1@group-C5BA1605619E-SegmentedRaftLogWorker: created new log segment /home/runner/work/ozone/ozone/hadoop-ozone/integration-test/target/test-dir/MiniOzoneClusterImpl-8dff45f7-6a4c-4a77-aa6d-4bab94871626/ozone-meta/ratis/bf265839-605b-3f16-9796-c5ba1605619e/current/log_inprogress_0
2021-09-21 18:25:36,847 [org.apache.hadoop.util.JvmPauseMonitor$Monitor@55b796e8] INFO  util.JvmPauseMonitor (JvmPauseMonitor.java:run(188)) - Starting JVM pause monitor
2021-09-21 18:25:36,870 [Listener at 127.0.0.1/38417] INFO  upgrade.AbstractLayoutVersionManager (AbstractLayoutVersionManager.java:init(79)) - Initializing Layout version manager with metadata layout = SCM_HA (version = 2), software layout = SCM_HA (version = 2)
2021-09-21 18:25:36,873 [Datanode State Machine Task Thread - 0] INFO  datanode.InitDatanodeState (InitDatanodeState.java:persistContainerDatanodeDetails(145)) - DatanodeDetails is persisted to /home/runner/work/ozone/ozone/hadoop-ozone/integration-test/target/test-dir/MiniOzoneClusterImpl-8dff45f7-6a4c-4a77-aa6d-4bab94871626/datanode-1/meta/datanode.id
2021-09-21 18:25:36,919 [Listener at 127.0.0.1/38417] INFO  reflections.Reflections (Reflections.java:scan(232)) - Reflections took 48 ms to scan 7 urls, producing 119 keys and 275 values 
2021-09-21 18:25:36,924 [Listener at 127.0.0.1/38417] INFO  volume.HddsVolume (HddsVolume.java:<init>(120)) - Creating HddsVolume: /home/runner/work/ozone/ozone/hadoop-ozone/integration-test/target/test-dir/MiniOzoneClusterImpl-8dff45f7-6a4c-4a77-aa6d-4bab94871626/datanode-2/data-0/containers/hdds of storage type : DISK capacity : 9223372036854775807
2021-09-21 18:25:36,924 [Listener at 127.0.0.1/38417] INFO  volume.MutableVolumeSet (MutableVolumeSet.java:initializeVolumeSet(168)) - Added Volume : /home/runner/work/ozone/ozone/hadoop-ozone/integration-test/target/test-dir/MiniOzoneClusterImpl-8dff45f7-6a4c-4a77-aa6d-4bab94871626/datanode-2/data-0/containers/hdds to VolumeSet
2021-09-21 18:25:36,924 [Listener at 127.0.0.1/38417] INFO  volume.ThrottledAsyncChecker (ThrottledAsyncChecker.java:schedule(141)) - Scheduling a check for /home/runner/work/ozone/ozone/hadoop-ozone/integration-test/target/test-dir/MiniOzoneClusterImpl-8dff45f7-6a4c-4a77-aa6d-4bab94871626/datanode-2/data-0/containers/hdds
2021-09-21 18:25:36,931 [Listener at 127.0.0.1/38417] INFO  volume.StorageVolumeChecker (StorageVolumeChecker.java:checkAllVolumes(202)) - Scheduled health check for volume /home/runner/work/ozone/ozone/hadoop-ozone/integration-test/target/test-dir/MiniOzoneClusterImpl-8dff45f7-6a4c-4a77-aa6d-4bab94871626/datanode-2/data-0/containers/hdds
2021-09-21 18:25:36,973 [Listener at 127.0.0.1/38417] INFO  volume.MutableVolumeSet (MutableVolumeSet.java:initializeVolumeSet(168)) - Added Volume : /home/runner/work/ozone/ozone/hadoop-ozone/integration-test/target/test-dir/MiniOzoneClusterImpl-8dff45f7-6a4c-4a77-aa6d-4bab94871626/datanode-2/data/ratis to VolumeSet
2021-09-21 18:25:36,973 [Listener at 127.0.0.1/38417] INFO  volume.ThrottledAsyncChecker (ThrottledAsyncChecker.java:schedule(141)) - Scheduling a check for /home/runner/work/ozone/ozone/hadoop-ozone/integration-test/target/test-dir/MiniOzoneClusterImpl-8dff45f7-6a4c-4a77-aa6d-4bab94871626/datanode-2/data/ratis
2021-09-21 18:25:36,975 [Listener at 127.0.0.1/38417] INFO  volume.StorageVolumeChecker (StorageVolumeChecker.java:checkAllVolumes(202)) - Scheduled health check for volume /home/runner/work/ozone/ozone/hadoop-ozone/integration-test/target/test-dir/MiniOzoneClusterImpl-8dff45f7-6a4c-4a77-aa6d-4bab94871626/datanode-2/data/ratis
2021-09-21 18:25:36,992 [Thread-154] INFO  ozoneimpl.ContainerReader (ContainerReader.java:readVolume(172)) - Finish verifying containers on volume /home/runner/work/ozone/ozone/hadoop-ozone/integration-test/target/test-dir/MiniOzoneClusterImpl-8dff45f7-6a4c-4a77-aa6d-4bab94871626/datanode-2/data-0/containers/hdds
2021-09-21 18:25:36,992 [Listener at 127.0.0.1/38417] INFO  ozoneimpl.OzoneContainer (OzoneContainer.java:buildContainerSet(236)) - Build ContainerSet costs 0s
2021-09-21 18:25:36,997 [Listener at 127.0.0.1/38417] INFO  server.RaftServer (ConfUtils.java:logGet(44)) - raft.rpc.type = GRPC (default)
2021-09-21 18:25:36,998 [Listener at 127.0.0.1/38417] INFO  grpc.GrpcFactory (GrpcFactory.java:checkPooledByteBufAllocatorUseCacheForAllThreads(48)) - PERFORMANCE WARNING: useCacheForAllThreads is true that may cause Netty to create a lot garbage objects and, as a result, trigger GC.
	It is recommended to disable useCacheForAllThreads by setting -Dorg.apache.ratis.thirdparty.io.netty.allocator.useCacheForAllThreads=false in command line.
2021-09-21 18:25:36,998 [Listener at 127.0.0.1/38417] INFO  grpc.GrpcConfigKeys (ConfUtils.java:logGet(44)) - raft.grpc.admin.port = 0 (custom)
2021-09-21 18:25:36,998 [Listener at 127.0.0.1/38417] INFO  grpc.GrpcConfigKeys (ConfUtils.java:logGet(44)) - raft.grpc.client.port = 0 (custom)
2021-09-21 18:25:36,998 [Listener at 127.0.0.1/38417] INFO  grpc.GrpcConfigKeys (ConfUtils.java:logGet(44)) - raft.grpc.server.port = 0 (default)
2021-09-21 18:25:36,999 [Listener at 127.0.0.1/38417] INFO  server.GrpcService (ConfUtils.java:logGet(44)) - raft.grpc.message.size.max = 32MB (=33554432) (custom)
2021-09-21 18:25:36,999 [Listener at 127.0.0.1/38417] INFO  server.RaftServerConfigKeys (ConfUtils.java:logGet(44)) - raft.server.log.appender.buffer.byte-limit = 33554432 (custom)
2021-09-21 18:25:36,999 [Listener at 127.0.0.1/38417] INFO  server.GrpcService (ConfUtils.java:logGet(44)) - raft.grpc.flow.control.window = 5MB (=5242880) (custom)
2021-09-21 18:25:36,999 [Listener at 127.0.0.1/38417] INFO  server.RaftServerConfigKeys (ConfUtils.java:logGet(44)) - raft.server.rpc.request.timeout = 3000ms (default)
2021-09-21 18:25:37,008 [Listener at 127.0.0.1/38417] INFO  impl.DataStreamServerImpl (ConfUtils.java:logGet(44)) - raft.datastream.type = DISABLED (default)
2021-09-21 18:25:37,008 [Listener at 127.0.0.1/38417] INFO  server.RaftServerConfigKeys (ConfUtils.java:logGet(44)) - raft.server.rpc.slowness.timeout = 300000ms (custom)
2021-09-21 18:25:37,008 [Listener at 127.0.0.1/38417] INFO  server.RaftServerConfigKeys (ConfUtils.java:logGet(44)) - raft.server.leaderelection.leader.step-down.wait-time = 10s (default)
2021-09-21 18:25:37,008 [Listener at 127.0.0.1/38417] INFO  server.RaftServerConfigKeys (ConfUtils.java:logGet(44)) - raft.server.storage.dir = [/home/runner/work/ozone/ozone/hadoop-ozone/integration-test/target/test-dir/MiniOzoneClusterImpl-8dff45f7-6a4c-4a77-aa6d-4bab94871626/datanode-2/data/ratis] (custom)
2021-09-21 18:25:37,024 [Listener at 127.0.0.1/38417] INFO  http.BaseHttpServer (BaseHttpServer.java:newHttpServer2BuilderForOzone(209)) - Starting Web-server for hddsDatanode at: http://0.0.0.0:0
2021-09-21 18:25:37,024 [Listener at 127.0.0.1/38417] INFO  http.BaseHttpServer (BaseHttpServer.java:<init>(107)) - Hadoop Security Enabled: false Ozone Security Enabled: false Ozone HTTP Security Enabled: false 
2021-09-21 18:25:37,026 [Listener at 127.0.0.1/38417] INFO  server.AuthenticationFilter (AuthenticationFilter.java:constructSecretProvider(240)) - Unable to initialize FileSignerSecretProvider, falling back to use random secrets.
2021-09-21 18:25:37,026 [Listener at 127.0.0.1/38417] WARN  http.HttpRequestLog (HttpRequestLog.java:getRequestLog(103)) - Jetty request log can only be enabled using Log4j
2021-09-21 18:25:37,027 [Listener at 127.0.0.1/38417] INFO  http.HttpServer2 (HttpServer2.java:addGlobalFilter(1030)) - Added global filter 'safety' (class=org.apache.hadoop.hdds.server.http.HttpServer2$QuotingInputFilter)
2021-09-21 18:25:37,028 [Listener at 127.0.0.1/38417] INFO  http.HttpServer2 (HttpServer2.java:addFilter(1006)) - Added filter static_user_filter (class=org.apache.hadoop.http.lib.StaticUserWebFilter$StaticUserFilter) to context hddsDatanode
2021-09-21 18:25:37,028 [Listener at 127.0.0.1/38417] INFO  http.HttpServer2 (HttpServer2.java:addFilter(1014)) - Added filter static_user_filter (class=org.apache.hadoop.http.lib.StaticUserWebFilter$StaticUserFilter) to context logs
2021-09-21 18:25:37,028 [Listener at 127.0.0.1/38417] INFO  http.HttpServer2 (HttpServer2.java:addFilter(1014)) - Added filter static_user_filter (class=org.apache.hadoop.http.lib.StaticUserWebFilter$StaticUserFilter) to context static
2021-09-21 18:25:37,029 [Listener at 127.0.0.1/38417] INFO  http.HttpServer2 (HttpServer2.java:bindListener(1249)) - Jetty bound to port 46709
2021-09-21 18:25:37,029 [Listener at 127.0.0.1/38417] INFO  server.Server (Server.java:doStart(375)) - jetty-9.4.43.v20210629; built: 2021-06-30T11:07:22.254Z; git: 526006ecfa3af7f1a27ef3a288e2bef7ea9dd7e8; jvm 1.8.0_292-b10
2021-09-21 18:25:37,035 [Listener at 127.0.0.1/38417] INFO  server.session (DefaultSessionIdManager.java:doStart(334)) - DefaultSessionIdManager workerName=node0
2021-09-21 18:25:37,035 [Listener at 127.0.0.1/38417] INFO  server.session (DefaultSessionIdManager.java:doStart(339)) - No SessionScavenger set, using defaults
2021-09-21 18:25:37,036 [Listener at 127.0.0.1/38417] INFO  server.session (HouseKeeper.java:startScavenging(132)) - node0 Scavenging every 660000ms
2021-09-21 18:25:37,037 [Listener at 127.0.0.1/38417] INFO  handler.ContextHandler (ContextHandler.java:doStart(915)) - Started o.e.j.s.ServletContextHandler@7e94a791{logs,/logs,file:///home/runner/work/ozone/ozone/hadoop-ozone/integration-test/target/log,AVAILABLE}
2021-09-21 18:25:37,038 [Listener at 127.0.0.1/38417] INFO  handler.ContextHandler (ContextHandler.java:doStart(915)) - Started o.e.j.s.ServletContextHandler@1a65964d{static,/static,jar:file:/home/runner/.m2/repository/org/apache/ozone/hdds-container-service/1.2.0-SNAPSHOT/hdds-container-service-1.2.0-SNAPSHOT.jar!/webapps/static,AVAILABLE}
2021-09-21 18:25:37,084 [Listener at 127.0.0.1/38417] INFO  handler.ContextHandler (ContextHandler.java:doStart(915)) - Started o.e.j.w.WebAppContext@6fa6e9d9{hddsDatanode,/,file:///tmp/jetty-0_0_0_0-46709-hdds-container-service-1_2_0-SNAPSHOT_jar-_-any-3125867793916382663/webapp/,AVAILABLE}{jar:file:/home/runner/.m2/repository/org/apache/ozone/hdds-container-service/1.2.0-SNAPSHOT/hdds-container-service-1.2.0-SNAPSHOT.jar!/webapps/hddsDatanode}
2021-09-21 18:25:37,088 [Listener at 127.0.0.1/38417] INFO  server.AbstractConnector (AbstractConnector.java:doStart(331)) - Started ServerConnector@5086707b{HTTP/1.1, (http/1.1)}{0.0.0.0:46709}
2021-09-21 18:25:37,088 [Listener at 127.0.0.1/38417] INFO  server.Server (Server.java:doStart(415)) - Started @8908ms
2021-09-21 18:25:37,089 [Listener at 127.0.0.1/38417] WARN  impl.MetricsSystemImpl (MetricsSystemImpl.java:register(279)) - Sink prometheus already exists!
2021-09-21 18:25:37,090 [Listener at 127.0.0.1/38417] INFO  http.BaseHttpServer (BaseHttpServer.java:updateConnectorAddress(329)) - HTTP server of hddsDatanode listening at http://0.0.0.0:46709
2021-09-21 18:25:37,091 [Listener at 127.0.0.1/38417] WARN  impl.MetricRegistriesImpl (MetricRegistriesImpl.java:addReporterRegistration(111)) - New reporters are added after registries were created. Some metrics will be missing from the reporter. Please add reporter before adding any new registry.
2021-09-21 18:25:37,092 [Listener at 127.0.0.1/38417] WARN  impl.MetricRegistriesImpl (MetricRegistriesImpl.java:addReporterRegistration(111)) - New reporters are added after registries were created. Some metrics will be missing from the reporter. Please add reporter before adding any new registry.
2021-09-21 18:25:37,092 [Listener at 127.0.0.1/38417] INFO  impl.MetricsSystemImpl (MetricsSystemImpl.java:init(158)) - HddsDatanode metrics system started (again)
2021-09-21 18:25:37,093 [om1@group-C5BA1605619E-StateMachineUpdater] INFO  ratis.OzoneManagerStateMachine (OzoneManagerStateMachine.java:notifyConfigurationChanged(188)) - Received Configuration change notification from Ratis. New Peer list:
[id: "om1"
address: "localhost:9872"
]
2021-09-21 18:25:37,103 [Datanode State Machine Thread - 0] INFO  statemachine.DatanodeStateMachine (DatanodeStateMachine.java:lambda$startDaemon$0(456)) - Ozone container server started.
2021-09-21 18:25:37,122 [org.apache.hadoop.util.JvmPauseMonitor$Monitor@5f6da65c] INFO  util.JvmPauseMonitor (JvmPauseMonitor.java:run(188)) - Starting JVM pause monitor
2021-09-21 18:25:37,130 [Listener at 127.0.0.1/38417] INFO  ozone.HddsDatanodeService (HddsDatanodeService.java:start(234)) - HddsDatanodeService host:fv-az122-453.zf1tlrj3kn4expqppa1j4mpycf.xx.internal.cloudapp.net ip:10.1.0.27
2021-09-21 18:25:37,134 [Datanode State Machine Task Thread - 0] INFO  datanode.InitDatanodeState (InitDatanodeState.java:persistContainerDatanodeDetails(145)) - DatanodeDetails is persisted to /home/runner/work/ozone/ozone/hadoop-ozone/integration-test/target/test-dir/MiniOzoneClusterImpl-8dff45f7-6a4c-4a77-aa6d-4bab94871626/datanode-2/meta/datanode.id
2021-09-21 18:25:37,157 [Listener at 127.0.0.1/38417] INFO  upgrade.AbstractLayoutVersionManager (AbstractLayoutVersionManager.java:init(79)) - Initializing Layout version manager with metadata layout = SCM_HA (version = 2), software layout = SCM_HA (version = 2)
2021-09-21 18:25:37,213 [Listener at 127.0.0.1/38417] INFO  reflections.Reflections (Reflections.java:scan(232)) - Reflections took 54 ms to scan 7 urls, producing 119 keys and 275 values 
2021-09-21 18:25:37,217 [Listener at 127.0.0.1/38417] INFO  volume.HddsVolume (HddsVolume.java:<init>(120)) - Creating HddsVolume: /home/runner/work/ozone/ozone/hadoop-ozone/integration-test/target/test-dir/MiniOzoneClusterImpl-8dff45f7-6a4c-4a77-aa6d-4bab94871626/datanode-3/data-0/containers/hdds of storage type : DISK capacity : 9223372036854775807
2021-09-21 18:25:37,217 [Listener at 127.0.0.1/38417] INFO  volume.MutableVolumeSet (MutableVolumeSet.java:initializeVolumeSet(168)) - Added Volume : /home/runner/work/ozone/ozone/hadoop-ozone/integration-test/target/test-dir/MiniOzoneClusterImpl-8dff45f7-6a4c-4a77-aa6d-4bab94871626/datanode-3/data-0/containers/hdds to VolumeSet
2021-09-21 18:25:37,217 [Listener at 127.0.0.1/38417] INFO  volume.ThrottledAsyncChecker (ThrottledAsyncChecker.java:schedule(141)) - Scheduling a check for /home/runner/work/ozone/ozone/hadoop-ozone/integration-test/target/test-dir/MiniOzoneClusterImpl-8dff45f7-6a4c-4a77-aa6d-4bab94871626/datanode-3/data-0/containers/hdds
2021-09-21 18:25:37,218 [Listener at 127.0.0.1/38417] INFO  volume.StorageVolumeChecker (StorageVolumeChecker.java:checkAllVolumes(202)) - Scheduled health check for volume /home/runner/work/ozone/ozone/hadoop-ozone/integration-test/target/test-dir/MiniOzoneClusterImpl-8dff45f7-6a4c-4a77-aa6d-4bab94871626/datanode-3/data-0/containers/hdds
2021-09-21 18:25:37,233 [Listener at 127.0.0.1/38417] INFO  volume.MutableVolumeSet (MutableVolumeSet.java:initializeVolumeSet(168)) - Added Volume : /home/runner/work/ozone/ozone/hadoop-ozone/integration-test/target/test-dir/MiniOzoneClusterImpl-8dff45f7-6a4c-4a77-aa6d-4bab94871626/datanode-3/data/ratis to VolumeSet
2021-09-21 18:25:37,233 [Listener at 127.0.0.1/38417] INFO  volume.ThrottledAsyncChecker (ThrottledAsyncChecker.java:schedule(141)) - Scheduling a check for /home/runner/work/ozone/ozone/hadoop-ozone/integration-test/target/test-dir/MiniOzoneClusterImpl-8dff45f7-6a4c-4a77-aa6d-4bab94871626/datanode-3/data/ratis
2021-09-21 18:25:37,234 [Listener at 127.0.0.1/38417] INFO  volume.StorageVolumeChecker (StorageVolumeChecker.java:checkAllVolumes(202)) - Scheduled health check for volume /home/runner/work/ozone/ozone/hadoop-ozone/integration-test/target/test-dir/MiniOzoneClusterImpl-8dff45f7-6a4c-4a77-aa6d-4bab94871626/datanode-3/data/ratis
2021-09-21 18:25:37,251 [Thread-166] INFO  ozoneimpl.ContainerReader (ContainerReader.java:readVolume(172)) - Finish verifying containers on volume /home/runner/work/ozone/ozone/hadoop-ozone/integration-test/target/test-dir/MiniOzoneClusterImpl-8dff45f7-6a4c-4a77-aa6d-4bab94871626/datanode-3/data-0/containers/hdds
2021-09-21 18:25:37,251 [Listener at 127.0.0.1/38417] INFO  ozoneimpl.OzoneContainer (OzoneContainer.java:buildContainerSet(236)) - Build ContainerSet costs 0s
2021-09-21 18:25:37,254 [Listener at 127.0.0.1/38417] INFO  server.RaftServer (ConfUtils.java:logGet(44)) - raft.rpc.type = GRPC (default)
2021-09-21 18:25:37,255 [Listener at 127.0.0.1/38417] INFO  grpc.GrpcFactory (GrpcFactory.java:checkPooledByteBufAllocatorUseCacheForAllThreads(48)) - PERFORMANCE WARNING: useCacheForAllThreads is true that may cause Netty to create a lot garbage objects and, as a result, trigger GC.
	It is recommended to disable useCacheForAllThreads by setting -Dorg.apache.ratis.thirdparty.io.netty.allocator.useCacheForAllThreads=false in command line.
2021-09-21 18:25:37,255 [Listener at 127.0.0.1/38417] INFO  grpc.GrpcConfigKeys (ConfUtils.java:logGet(44)) - raft.grpc.admin.port = 0 (custom)
2021-09-21 18:25:37,255 [Listener at 127.0.0.1/38417] INFO  grpc.GrpcConfigKeys (ConfUtils.java:logGet(44)) - raft.grpc.client.port = 0 (custom)
2021-09-21 18:25:37,256 [Listener at 127.0.0.1/38417] INFO  grpc.GrpcConfigKeys (ConfUtils.java:logGet(44)) - raft.grpc.server.port = 0 (default)
2021-09-21 18:25:37,256 [Listener at 127.0.0.1/38417] INFO  server.GrpcService (ConfUtils.java:logGet(44)) - raft.grpc.message.size.max = 32MB (=33554432) (custom)
2021-09-21 18:25:37,256 [Listener at 127.0.0.1/38417] INFO  server.RaftServerConfigKeys (ConfUtils.java:logGet(44)) - raft.server.log.appender.buffer.byte-limit = 33554432 (custom)
2021-09-21 18:25:37,256 [Listener at 127.0.0.1/38417] INFO  server.GrpcService (ConfUtils.java:logGet(44)) - raft.grpc.flow.control.window = 5MB (=5242880) (custom)
2021-09-21 18:25:37,256 [Listener at 127.0.0.1/38417] INFO  server.RaftServerConfigKeys (ConfUtils.java:logGet(44)) - raft.server.rpc.request.timeout = 3000ms (default)
2021-09-21 18:25:37,258 [Listener at 127.0.0.1/38417] INFO  impl.DataStreamServerImpl (ConfUtils.java:logGet(44)) - raft.datastream.type = DISABLED (default)
2021-09-21 18:25:37,258 [Listener at 127.0.0.1/38417] INFO  server.RaftServerConfigKeys (ConfUtils.java:logGet(44)) - raft.server.rpc.slowness.timeout = 300000ms (custom)
2021-09-21 18:25:37,258 [Listener at 127.0.0.1/38417] INFO  server.RaftServerConfigKeys (ConfUtils.java:logGet(44)) - raft.server.leaderelection.leader.step-down.wait-time = 10s (default)
2021-09-21 18:25:37,258 [Listener at 127.0.0.1/38417] INFO  server.RaftServerConfigKeys (ConfUtils.java:logGet(44)) - raft.server.storage.dir = [/home/runner/work/ozone/ozone/hadoop-ozone/integration-test/target/test-dir/MiniOzoneClusterImpl-8dff45f7-6a4c-4a77-aa6d-4bab94871626/datanode-3/data/ratis] (custom)
2021-09-21 18:25:37,269 [Listener at 127.0.0.1/38417] INFO  http.BaseHttpServer (BaseHttpServer.java:newHttpServer2BuilderForOzone(209)) - Starting Web-server for hddsDatanode at: http://0.0.0.0:0
2021-09-21 18:25:37,269 [Listener at 127.0.0.1/38417] INFO  http.BaseHttpServer (BaseHttpServer.java:<init>(107)) - Hadoop Security Enabled: false Ozone Security Enabled: false Ozone HTTP Security Enabled: false 
2021-09-21 18:25:37,271 [Listener at 127.0.0.1/38417] INFO  server.AuthenticationFilter (AuthenticationFilter.java:constructSecretProvider(240)) - Unable to initialize FileSignerSecretProvider, falling back to use random secrets.
2021-09-21 18:25:37,273 [Listener at 127.0.0.1/38417] WARN  http.HttpRequestLog (HttpRequestLog.java:getRequestLog(103)) - Jetty request log can only be enabled using Log4j
2021-09-21 18:25:37,274 [Listener at 127.0.0.1/38417] INFO  http.HttpServer2 (HttpServer2.java:addGlobalFilter(1030)) - Added global filter 'safety' (class=org.apache.hadoop.hdds.server.http.HttpServer2$QuotingInputFilter)
2021-09-21 18:25:37,277 [Listener at 127.0.0.1/38417] INFO  http.HttpServer2 (HttpServer2.java:addFilter(1006)) - Added filter static_user_filter (class=org.apache.hadoop.http.lib.StaticUserWebFilter$StaticUserFilter) to context hddsDatanode
2021-09-21 18:25:37,277 [Listener at 127.0.0.1/38417] INFO  http.HttpServer2 (HttpServer2.java:addFilter(1014)) - Added filter static_user_filter (class=org.apache.hadoop.http.lib.StaticUserWebFilter$StaticUserFilter) to context logs
2021-09-21 18:25:37,278 [Listener at 127.0.0.1/38417] INFO  http.HttpServer2 (HttpServer2.java:addFilter(1014)) - Added filter static_user_filter (class=org.apache.hadoop.http.lib.StaticUserWebFilter$StaticUserFilter) to context static
2021-09-21 18:25:37,279 [Listener at 127.0.0.1/38417] INFO  http.HttpServer2 (HttpServer2.java:bindListener(1249)) - Jetty bound to port 40681
2021-09-21 18:25:37,279 [Listener at 127.0.0.1/38417] INFO  server.Server (Server.java:doStart(375)) - jetty-9.4.43.v20210629; built: 2021-06-30T11:07:22.254Z; git: 526006ecfa3af7f1a27ef3a288e2bef7ea9dd7e8; jvm 1.8.0_292-b10
2021-09-21 18:25:37,288 [Listener at 127.0.0.1/38417] INFO  server.session (DefaultSessionIdManager.java:doStart(334)) - DefaultSessionIdManager workerName=node0
2021-09-21 18:25:37,288 [Listener at 127.0.0.1/38417] INFO  server.session (DefaultSessionIdManager.java:doStart(339)) - No SessionScavenger set, using defaults
2021-09-21 18:25:37,288 [Listener at 127.0.0.1/38417] INFO  server.session (HouseKeeper.java:startScavenging(132)) - node0 Scavenging every 660000ms
2021-09-21 18:25:37,289 [Listener at 127.0.0.1/38417] INFO  handler.ContextHandler (ContextHandler.java:doStart(915)) - Started o.e.j.s.ServletContextHandler@271688d6{logs,/logs,file:///home/runner/work/ozone/ozone/hadoop-ozone/integration-test/target/log,AVAILABLE}
2021-09-21 18:25:37,290 [Listener at 127.0.0.1/38417] INFO  handler.ContextHandler (ContextHandler.java:doStart(915)) - Started o.e.j.s.ServletContextHandler@4c4e7470{static,/static,jar:file:/home/runner/.m2/repository/org/apache/ozone/hdds-container-service/1.2.0-SNAPSHOT/hdds-container-service-1.2.0-SNAPSHOT.jar!/webapps/static,AVAILABLE}
2021-09-21 18:25:37,339 [Listener at 127.0.0.1/38417] INFO  handler.ContextHandler (ContextHandler.java:doStart(915)) - Started o.e.j.w.WebAppContext@3c4bbd95{hddsDatanode,/,file:///tmp/jetty-0_0_0_0-40681-hdds-container-service-1_2_0-SNAPSHOT_jar-_-any-9004397719739224384/webapp/,AVAILABLE}{jar:file:/home/runner/.m2/repository/org/apache/ozone/hdds-container-service/1.2.0-SNAPSHOT/hdds-container-service-1.2.0-SNAPSHOT.jar!/webapps/hddsDatanode}
2021-09-21 18:25:37,341 [Listener at 127.0.0.1/38417] INFO  server.AbstractConnector (AbstractConnector.java:doStart(331)) - Started ServerConnector@7d3a892f{HTTP/1.1, (http/1.1)}{0.0.0.0:40681}
2021-09-21 18:25:37,342 [Listener at 127.0.0.1/38417] INFO  server.Server (Server.java:doStart(415)) - Started @9161ms
2021-09-21 18:25:37,342 [Listener at 127.0.0.1/38417] WARN  impl.MetricsSystemImpl (MetricsSystemImpl.java:register(279)) - Sink prometheus already exists!
2021-09-21 18:25:37,343 [Listener at 127.0.0.1/38417] INFO  http.BaseHttpServer (BaseHttpServer.java:updateConnectorAddress(329)) - HTTP server of hddsDatanode listening at http://0.0.0.0:40681
2021-09-21 18:25:37,344 [Listener at 127.0.0.1/38417] WARN  impl.MetricRegistriesImpl (MetricRegistriesImpl.java:addReporterRegistration(111)) - New reporters are added after registries were created. Some metrics will be missing from the reporter. Please add reporter before adding any new registry.
2021-09-21 18:25:37,344 [Listener at 127.0.0.1/38417] WARN  impl.MetricRegistriesImpl (MetricRegistriesImpl.java:addReporterRegistration(111)) - New reporters are added after registries were created. Some metrics will be missing from the reporter. Please add reporter before adding any new registry.
2021-09-21 18:25:37,344 [Listener at 127.0.0.1/38417] INFO  impl.MetricsSystemImpl (MetricsSystemImpl.java:init(158)) - HddsDatanode metrics system started (again)
2021-09-21 18:25:37,349 [Datanode State Machine Thread - 0] INFO  statemachine.DatanodeStateMachine (DatanodeStateMachine.java:lambda$startDaemon$0(456)) - Ozone container server started.
2021-09-21 18:25:37,363 [org.apache.hadoop.util.JvmPauseMonitor$Monitor@625bab6c] INFO  util.JvmPauseMonitor (JvmPauseMonitor.java:run(188)) - Starting JVM pause monitor
2021-09-21 18:25:37,364 [Listener at 127.0.0.1/38417] INFO  ozone.HddsDatanodeService (HddsDatanodeService.java:start(234)) - HddsDatanodeService host:fv-az122-453.zf1tlrj3kn4expqppa1j4mpycf.xx.internal.cloudapp.net ip:10.1.0.27
2021-09-21 18:25:37,366 [Datanode State Machine Task Thread - 0] INFO  datanode.InitDatanodeState (InitDatanodeState.java:persistContainerDatanodeDetails(145)) - DatanodeDetails is persisted to /home/runner/work/ozone/ozone/hadoop-ozone/integration-test/target/test-dir/MiniOzoneClusterImpl-8dff45f7-6a4c-4a77-aa6d-4bab94871626/datanode-3/meta/datanode.id
2021-09-21 18:25:37,393 [Listener at 127.0.0.1/38417] INFO  upgrade.AbstractLayoutVersionManager (AbstractLayoutVersionManager.java:init(79)) - Initializing Layout version manager with metadata layout = SCM_HA (version = 2), software layout = SCM_HA (version = 2)
2021-09-21 18:25:37,441 [Listener at 127.0.0.1/38417] INFO  reflections.Reflections (Reflections.java:scan(232)) - Reflections took 46 ms to scan 7 urls, producing 119 keys and 275 values 
2021-09-21 18:25:37,445 [Listener at 127.0.0.1/38417] INFO  volume.HddsVolume (HddsVolume.java:<init>(120)) - Creating HddsVolume: /home/runner/work/ozone/ozone/hadoop-ozone/integration-test/target/test-dir/MiniOzoneClusterImpl-8dff45f7-6a4c-4a77-aa6d-4bab94871626/datanode-4/data-0/containers/hdds of storage type : DISK capacity : 9223372036854775807
2021-09-21 18:25:37,446 [Listener at 127.0.0.1/38417] INFO  volume.MutableVolumeSet (MutableVolumeSet.java:initializeVolumeSet(168)) - Added Volume : /home/runner/work/ozone/ozone/hadoop-ozone/integration-test/target/test-dir/MiniOzoneClusterImpl-8dff45f7-6a4c-4a77-aa6d-4bab94871626/datanode-4/data-0/containers/hdds to VolumeSet
2021-09-21 18:25:37,446 [Listener at 127.0.0.1/38417] INFO  volume.ThrottledAsyncChecker (ThrottledAsyncChecker.java:schedule(141)) - Scheduling a check for /home/runner/work/ozone/ozone/hadoop-ozone/integration-test/target/test-dir/MiniOzoneClusterImpl-8dff45f7-6a4c-4a77-aa6d-4bab94871626/datanode-4/data-0/containers/hdds
2021-09-21 18:25:37,447 [Listener at 127.0.0.1/38417] INFO  volume.StorageVolumeChecker (StorageVolumeChecker.java:checkAllVolumes(202)) - Scheduled health check for volume /home/runner/work/ozone/ozone/hadoop-ozone/integration-test/target/test-dir/MiniOzoneClusterImpl-8dff45f7-6a4c-4a77-aa6d-4bab94871626/datanode-4/data-0/containers/hdds
2021-09-21 18:25:37,465 [Listener at 127.0.0.1/38417] INFO  volume.MutableVolumeSet (MutableVolumeSet.java:initializeVolumeSet(168)) - Added Volume : /home/runner/work/ozone/ozone/hadoop-ozone/integration-test/target/test-dir/MiniOzoneClusterImpl-8dff45f7-6a4c-4a77-aa6d-4bab94871626/datanode-4/data/ratis to VolumeSet
2021-09-21 18:25:37,466 [Listener at 127.0.0.1/38417] INFO  volume.ThrottledAsyncChecker (ThrottledAsyncChecker.java:schedule(141)) - Scheduling a check for /home/runner/work/ozone/ozone/hadoop-ozone/integration-test/target/test-dir/MiniOzoneClusterImpl-8dff45f7-6a4c-4a77-aa6d-4bab94871626/datanode-4/data/ratis
2021-09-21 18:25:37,466 [Listener at 127.0.0.1/38417] INFO  volume.StorageVolumeChecker (StorageVolumeChecker.java:checkAllVolumes(202)) - Scheduled health check for volume /home/runner/work/ozone/ozone/hadoop-ozone/integration-test/target/test-dir/MiniOzoneClusterImpl-8dff45f7-6a4c-4a77-aa6d-4bab94871626/datanode-4/data/ratis
2021-09-21 18:25:37,482 [Thread-178] INFO  ozoneimpl.ContainerReader (ContainerReader.java:readVolume(172)) - Finish verifying containers on volume /home/runner/work/ozone/ozone/hadoop-ozone/integration-test/target/test-dir/MiniOzoneClusterImpl-8dff45f7-6a4c-4a77-aa6d-4bab94871626/datanode-4/data-0/containers/hdds
2021-09-21 18:25:37,482 [Listener at 127.0.0.1/38417] INFO  ozoneimpl.OzoneContainer (OzoneContainer.java:buildContainerSet(236)) - Build ContainerSet costs 0s
2021-09-21 18:25:37,485 [Listener at 127.0.0.1/38417] INFO  server.RaftServer (ConfUtils.java:logGet(44)) - raft.rpc.type = GRPC (default)
2021-09-21 18:25:37,485 [Listener at 127.0.0.1/38417] INFO  grpc.GrpcFactory (GrpcFactory.java:checkPooledByteBufAllocatorUseCacheForAllThreads(48)) - PERFORMANCE WARNING: useCacheForAllThreads is true that may cause Netty to create a lot garbage objects and, as a result, trigger GC.
	It is recommended to disable useCacheForAllThreads by setting -Dorg.apache.ratis.thirdparty.io.netty.allocator.useCacheForAllThreads=false in command line.
2021-09-21 18:25:37,486 [Listener at 127.0.0.1/38417] INFO  grpc.GrpcConfigKeys (ConfUtils.java:logGet(44)) - raft.grpc.admin.port = 0 (custom)
2021-09-21 18:25:37,486 [Listener at 127.0.0.1/38417] INFO  grpc.GrpcConfigKeys (ConfUtils.java:logGet(44)) - raft.grpc.client.port = 0 (custom)
2021-09-21 18:25:37,486 [Listener at 127.0.0.1/38417] INFO  grpc.GrpcConfigKeys (ConfUtils.java:logGet(44)) - raft.grpc.server.port = 0 (default)
2021-09-21 18:25:37,486 [Listener at 127.0.0.1/38417] INFO  server.GrpcService (ConfUtils.java:logGet(44)) - raft.grpc.message.size.max = 32MB (=33554432) (custom)
2021-09-21 18:25:37,486 [Listener at 127.0.0.1/38417] INFO  server.RaftServerConfigKeys (ConfUtils.java:logGet(44)) - raft.server.log.appender.buffer.byte-limit = 33554432 (custom)
2021-09-21 18:25:37,486 [Listener at 127.0.0.1/38417] INFO  server.GrpcService (ConfUtils.java:logGet(44)) - raft.grpc.flow.control.window = 5MB (=5242880) (custom)
2021-09-21 18:25:37,486 [Listener at 127.0.0.1/38417] INFO  server.RaftServerConfigKeys (ConfUtils.java:logGet(44)) - raft.server.rpc.request.timeout = 3000ms (default)
2021-09-21 18:25:37,488 [Listener at 127.0.0.1/38417] INFO  impl.DataStreamServerImpl (ConfUtils.java:logGet(44)) - raft.datastream.type = DISABLED (default)
2021-09-21 18:25:37,488 [Listener at 127.0.0.1/38417] INFO  server.RaftServerConfigKeys (ConfUtils.java:logGet(44)) - raft.server.rpc.slowness.timeout = 300000ms (custom)
2021-09-21 18:25:37,488 [Listener at 127.0.0.1/38417] INFO  server.RaftServerConfigKeys (ConfUtils.java:logGet(44)) - raft.server.leaderelection.leader.step-down.wait-time = 10s (default)
2021-09-21 18:25:37,488 [Listener at 127.0.0.1/38417] INFO  server.RaftServerConfigKeys (ConfUtils.java:logGet(44)) - raft.server.storage.dir = [/home/runner/work/ozone/ozone/hadoop-ozone/integration-test/target/test-dir/MiniOzoneClusterImpl-8dff45f7-6a4c-4a77-aa6d-4bab94871626/datanode-4/data/ratis] (custom)
2021-09-21 18:25:37,495 [Listener at 127.0.0.1/38417] INFO  http.BaseHttpServer (BaseHttpServer.java:newHttpServer2BuilderForOzone(209)) - Starting Web-server for hddsDatanode at: http://0.0.0.0:0
2021-09-21 18:25:37,495 [Listener at 127.0.0.1/38417] INFO  http.BaseHttpServer (BaseHttpServer.java:<init>(107)) - Hadoop Security Enabled: false Ozone Security Enabled: false Ozone HTTP Security Enabled: false 
2021-09-21 18:25:37,497 [Listener at 127.0.0.1/38417] INFO  server.AuthenticationFilter (AuthenticationFilter.java:constructSecretProvider(240)) - Unable to initialize FileSignerSecretProvider, falling back to use random secrets.
2021-09-21 18:25:37,499 [Listener at 127.0.0.1/38417] WARN  http.HttpRequestLog (HttpRequestLog.java:getRequestLog(103)) - Jetty request log can only be enabled using Log4j
2021-09-21 18:25:37,500 [Listener at 127.0.0.1/38417] INFO  http.HttpServer2 (HttpServer2.java:addGlobalFilter(1030)) - Added global filter 'safety' (class=org.apache.hadoop.hdds.server.http.HttpServer2$QuotingInputFilter)
2021-09-21 18:25:37,501 [Listener at 127.0.0.1/38417] INFO  http.HttpServer2 (HttpServer2.java:addFilter(1006)) - Added filter static_user_filter (class=org.apache.hadoop.http.lib.StaticUserWebFilter$StaticUserFilter) to context hddsDatanode
2021-09-21 18:25:37,501 [Listener at 127.0.0.1/38417] INFO  http.HttpServer2 (HttpServer2.java:addFilter(1014)) - Added filter static_user_filter (class=org.apache.hadoop.http.lib.StaticUserWebFilter$StaticUserFilter) to context logs
2021-09-21 18:25:37,501 [Listener at 127.0.0.1/38417] INFO  http.HttpServer2 (HttpServer2.java:addFilter(1014)) - Added filter static_user_filter (class=org.apache.hadoop.http.lib.StaticUserWebFilter$StaticUserFilter) to context static
2021-09-21 18:25:37,502 [Listener at 127.0.0.1/38417] INFO  http.HttpServer2 (HttpServer2.java:bindListener(1249)) - Jetty bound to port 34337
2021-09-21 18:25:37,502 [Listener at 127.0.0.1/38417] INFO  server.Server (Server.java:doStart(375)) - jetty-9.4.43.v20210629; built: 2021-06-30T11:07:22.254Z; git: 526006ecfa3af7f1a27ef3a288e2bef7ea9dd7e8; jvm 1.8.0_292-b10
2021-09-21 18:25:37,509 [Listener at 127.0.0.1/38417] INFO  server.session (DefaultSessionIdManager.java:doStart(334)) - DefaultSessionIdManager workerName=node0
2021-09-21 18:25:37,510 [Listener at 127.0.0.1/38417] INFO  server.session (DefaultSessionIdManager.java:doStart(339)) - No SessionScavenger set, using defaults
2021-09-21 18:25:37,510 [Listener at 127.0.0.1/38417] INFO  server.session (HouseKeeper.java:startScavenging(132)) - node0 Scavenging every 660000ms
2021-09-21 18:25:37,511 [Listener at 127.0.0.1/38417] INFO  handler.ContextHandler (ContextHandler.java:doStart(915)) - Started o.e.j.s.ServletContextHandler@15b65aa2{logs,/logs,file:///home/runner/work/ozone/ozone/hadoop-ozone/integration-test/target/log,AVAILABLE}
2021-09-21 18:25:37,511 [Listener at 127.0.0.1/38417] INFO  handler.ContextHandler (ContextHandler.java:doStart(915)) - Started o.e.j.s.ServletContextHandler@5220b8bb{static,/static,jar:file:/home/runner/.m2/repository/org/apache/ozone/hdds-container-service/1.2.0-SNAPSHOT/hdds-container-service-1.2.0-SNAPSHOT.jar!/webapps/static,AVAILABLE}
2021-09-21 18:25:37,558 [Listener at 127.0.0.1/38417] INFO  handler.ContextHandler (ContextHandler.java:doStart(915)) - Started o.e.j.w.WebAppContext@6241a3d3{hddsDatanode,/,file:///tmp/jetty-0_0_0_0-34337-hdds-container-service-1_2_0-SNAPSHOT_jar-_-any-3421915386877328192/webapp/,AVAILABLE}{jar:file:/home/runner/.m2/repository/org/apache/ozone/hdds-container-service/1.2.0-SNAPSHOT/hdds-container-service-1.2.0-SNAPSHOT.jar!/webapps/hddsDatanode}
2021-09-21 18:25:37,560 [Listener at 127.0.0.1/38417] INFO  server.AbstractConnector (AbstractConnector.java:doStart(331)) - Started ServerConnector@61b92c39{HTTP/1.1, (http/1.1)}{0.0.0.0:34337}
2021-09-21 18:25:37,560 [Listener at 127.0.0.1/38417] INFO  server.Server (Server.java:doStart(415)) - Started @9380ms
2021-09-21 18:25:37,560 [Listener at 127.0.0.1/38417] WARN  impl.MetricsSystemImpl (MetricsSystemImpl.java:register(279)) - Sink prometheus already exists!
2021-09-21 18:25:37,561 [Listener at 127.0.0.1/38417] INFO  http.BaseHttpServer (BaseHttpServer.java:updateConnectorAddress(329)) - HTTP server of hddsDatanode listening at http://0.0.0.0:34337
2021-09-21 18:25:37,561 [Listener at 127.0.0.1/38417] WARN  impl.MetricRegistriesImpl (MetricRegistriesImpl.java:addReporterRegistration(111)) - New reporters are added after registries were created. Some metrics will be missing from the reporter. Please add reporter before adding any new registry.
2021-09-21 18:25:37,562 [Listener at 127.0.0.1/38417] WARN  impl.MetricRegistriesImpl (MetricRegistriesImpl.java:addReporterRegistration(111)) - New reporters are added after registries were created. Some metrics will be missing from the reporter. Please add reporter before adding any new registry.
2021-09-21 18:25:37,562 [Listener at 127.0.0.1/38417] INFO  impl.MetricsSystemImpl (MetricsSystemImpl.java:init(158)) - HddsDatanode metrics system started (again)
2021-09-21 18:25:37,564 [Datanode State Machine Thread - 0] INFO  statemachine.DatanodeStateMachine (DatanodeStateMachine.java:lambda$startDaemon$0(456)) - Ozone container server started.
2021-09-21 18:25:37,579 [org.apache.hadoop.util.JvmPauseMonitor$Monitor@173458c4] INFO  util.JvmPauseMonitor (JvmPauseMonitor.java:run(188)) - Starting JVM pause monitor
2021-09-21 18:25:37,586 [Datanode State Machine Task Thread - 0] INFO  datanode.InitDatanodeState (InitDatanodeState.java:persistContainerDatanodeDetails(145)) - DatanodeDetails is persisted to /home/runner/work/ozone/ozone/hadoop-ozone/integration-test/target/test-dir/MiniOzoneClusterImpl-8dff45f7-6a4c-4a77-aa6d-4bab94871626/datanode-4/meta/datanode.id
2021-09-21 18:25:37,591 [Listener at 127.0.0.1/38417] INFO  ozone.HddsDatanodeService (HddsDatanodeService.java:start(234)) - HddsDatanodeService host:fv-az122-453.zf1tlrj3kn4expqppa1j4mpycf.xx.internal.cloudapp.net ip:10.1.0.27
2021-09-21 18:25:37,621 [Listener at 127.0.0.1/38417] INFO  upgrade.AbstractLayoutVersionManager (AbstractLayoutVersionManager.java:init(79)) - Initializing Layout version manager with metadata layout = SCM_HA (version = 2), software layout = SCM_HA (version = 2)
2021-09-21 18:25:37,684 [Listener at 127.0.0.1/38417] INFO  reflections.Reflections (Reflections.java:scan(232)) - Reflections took 61 ms to scan 7 urls, producing 119 keys and 275 values 
2021-09-21 18:25:37,692 [Listener at 127.0.0.1/38417] INFO  volume.HddsVolume (HddsVolume.java:<init>(120)) - Creating HddsVolume: /home/runner/work/ozone/ozone/hadoop-ozone/integration-test/target/test-dir/MiniOzoneClusterImpl-8dff45f7-6a4c-4a77-aa6d-4bab94871626/datanode-5/data-0/containers/hdds of storage type : DISK capacity : 9223372036854775807
2021-09-21 18:25:37,692 [Listener at 127.0.0.1/38417] INFO  volume.MutableVolumeSet (MutableVolumeSet.java:initializeVolumeSet(168)) - Added Volume : /home/runner/work/ozone/ozone/hadoop-ozone/integration-test/target/test-dir/MiniOzoneClusterImpl-8dff45f7-6a4c-4a77-aa6d-4bab94871626/datanode-5/data-0/containers/hdds to VolumeSet
2021-09-21 18:25:37,693 [Listener at 127.0.0.1/38417] INFO  volume.ThrottledAsyncChecker (ThrottledAsyncChecker.java:schedule(141)) - Scheduling a check for /home/runner/work/ozone/ozone/hadoop-ozone/integration-test/target/test-dir/MiniOzoneClusterImpl-8dff45f7-6a4c-4a77-aa6d-4bab94871626/datanode-5/data-0/containers/hdds
2021-09-21 18:25:37,694 [Listener at 127.0.0.1/38417] INFO  volume.StorageVolumeChecker (StorageVolumeChecker.java:checkAllVolumes(202)) - Scheduled health check for volume /home/runner/work/ozone/ozone/hadoop-ozone/integration-test/target/test-dir/MiniOzoneClusterImpl-8dff45f7-6a4c-4a77-aa6d-4bab94871626/datanode-5/data-0/containers/hdds
2021-09-21 18:25:37,712 [Listener at 127.0.0.1/38417] INFO  volume.MutableVolumeSet (MutableVolumeSet.java:initializeVolumeSet(168)) - Added Volume : /home/runner/work/ozone/ozone/hadoop-ozone/integration-test/target/test-dir/MiniOzoneClusterImpl-8dff45f7-6a4c-4a77-aa6d-4bab94871626/datanode-5/data/ratis to VolumeSet
2021-09-21 18:25:37,712 [Listener at 127.0.0.1/38417] INFO  volume.ThrottledAsyncChecker (ThrottledAsyncChecker.java:schedule(141)) - Scheduling a check for /home/runner/work/ozone/ozone/hadoop-ozone/integration-test/target/test-dir/MiniOzoneClusterImpl-8dff45f7-6a4c-4a77-aa6d-4bab94871626/datanode-5/data/ratis
2021-09-21 18:25:37,713 [Listener at 127.0.0.1/38417] INFO  volume.StorageVolumeChecker (StorageVolumeChecker.java:checkAllVolumes(202)) - Scheduled health check for volume /home/runner/work/ozone/ozone/hadoop-ozone/integration-test/target/test-dir/MiniOzoneClusterImpl-8dff45f7-6a4c-4a77-aa6d-4bab94871626/datanode-5/data/ratis
2021-09-21 18:25:37,729 [Thread-190] INFO  ozoneimpl.ContainerReader (ContainerReader.java:readVolume(172)) - Finish verifying containers on volume /home/runner/work/ozone/ozone/hadoop-ozone/integration-test/target/test-dir/MiniOzoneClusterImpl-8dff45f7-6a4c-4a77-aa6d-4bab94871626/datanode-5/data-0/containers/hdds
2021-09-21 18:25:37,729 [Listener at 127.0.0.1/38417] INFO  ozoneimpl.OzoneContainer (OzoneContainer.java:buildContainerSet(236)) - Build ContainerSet costs 0s
2021-09-21 18:25:37,733 [Listener at 127.0.0.1/38417] INFO  server.RaftServer (ConfUtils.java:logGet(44)) - raft.rpc.type = GRPC (default)
2021-09-21 18:25:37,733 [Listener at 127.0.0.1/38417] INFO  grpc.GrpcFactory (GrpcFactory.java:checkPooledByteBufAllocatorUseCacheForAllThreads(48)) - PERFORMANCE WARNING: useCacheForAllThreads is true that may cause Netty to create a lot garbage objects and, as a result, trigger GC.
	It is recommended to disable useCacheForAllThreads by setting -Dorg.apache.ratis.thirdparty.io.netty.allocator.useCacheForAllThreads=false in command line.
2021-09-21 18:25:37,733 [Listener at 127.0.0.1/38417] INFO  grpc.GrpcConfigKeys (ConfUtils.java:logGet(44)) - raft.grpc.admin.port = 0 (custom)
2021-09-21 18:25:37,734 [Listener at 127.0.0.1/38417] INFO  grpc.GrpcConfigKeys (ConfUtils.java:logGet(44)) - raft.grpc.client.port = 0 (custom)
2021-09-21 18:25:37,734 [Listener at 127.0.0.1/38417] INFO  grpc.GrpcConfigKeys (ConfUtils.java:logGet(44)) - raft.grpc.server.port = 0 (default)
2021-09-21 18:25:37,734 [Listener at 127.0.0.1/38417] INFO  server.GrpcService (ConfUtils.java:logGet(44)) - raft.grpc.message.size.max = 32MB (=33554432) (custom)
2021-09-21 18:25:37,734 [Listener at 127.0.0.1/38417] INFO  server.RaftServerConfigKeys (ConfUtils.java:logGet(44)) - raft.server.log.appender.buffer.byte-limit = 33554432 (custom)
2021-09-21 18:25:37,734 [Listener at 127.0.0.1/38417] INFO  server.GrpcService (ConfUtils.java:logGet(44)) - raft.grpc.flow.control.window = 5MB (=5242880) (custom)
2021-09-21 18:25:37,734 [Listener at 127.0.0.1/38417] INFO  server.RaftServerConfigKeys (ConfUtils.java:logGet(44)) - raft.server.rpc.request.timeout = 3000ms (default)
2021-09-21 18:25:37,736 [Listener at 127.0.0.1/38417] INFO  impl.DataStreamServerImpl (ConfUtils.java:logGet(44)) - raft.datastream.type = DISABLED (default)
2021-09-21 18:25:37,736 [Listener at 127.0.0.1/38417] INFO  server.RaftServerConfigKeys (ConfUtils.java:logGet(44)) - raft.server.rpc.slowness.timeout = 300000ms (custom)
2021-09-21 18:25:37,736 [Listener at 127.0.0.1/38417] INFO  server.RaftServerConfigKeys (ConfUtils.java:logGet(44)) - raft.server.leaderelection.leader.step-down.wait-time = 10s (default)
2021-09-21 18:25:37,736 [Listener at 127.0.0.1/38417] INFO  server.RaftServerConfigKeys (ConfUtils.java:logGet(44)) - raft.server.storage.dir = [/home/runner/work/ozone/ozone/hadoop-ozone/integration-test/target/test-dir/MiniOzoneClusterImpl-8dff45f7-6a4c-4a77-aa6d-4bab94871626/datanode-5/data/ratis] (custom)
2021-09-21 18:25:37,740 [Listener at 127.0.0.1/38417] INFO  http.BaseHttpServer (BaseHttpServer.java:newHttpServer2BuilderForOzone(209)) - Starting Web-server for hddsDatanode at: http://0.0.0.0:0
2021-09-21 18:25:37,740 [Listener at 127.0.0.1/38417] INFO  http.BaseHttpServer (BaseHttpServer.java:<init>(107)) - Hadoop Security Enabled: false Ozone Security Enabled: false Ozone HTTP Security Enabled: false 
2021-09-21 18:25:37,742 [Listener at 127.0.0.1/38417] INFO  server.AuthenticationFilter (AuthenticationFilter.java:constructSecretProvider(240)) - Unable to initialize FileSignerSecretProvider, falling back to use random secrets.
2021-09-21 18:25:37,744 [Listener at 127.0.0.1/38417] WARN  http.HttpRequestLog (HttpRequestLog.java:getRequestLog(103)) - Jetty request log can only be enabled using Log4j
2021-09-21 18:25:37,745 [Listener at 127.0.0.1/38417] INFO  http.HttpServer2 (HttpServer2.java:addGlobalFilter(1030)) - Added global filter 'safety' (class=org.apache.hadoop.hdds.server.http.HttpServer2$QuotingInputFilter)
2021-09-21 18:25:37,746 [Listener at 127.0.0.1/38417] INFO  http.HttpServer2 (HttpServer2.java:addFilter(1006)) - Added filter static_user_filter (class=org.apache.hadoop.http.lib.StaticUserWebFilter$StaticUserFilter) to context hddsDatanode
2021-09-21 18:25:37,746 [Listener at 127.0.0.1/38417] INFO  http.HttpServer2 (HttpServer2.java:addFilter(1014)) - Added filter static_user_filter (class=org.apache.hadoop.http.lib.StaticUserWebFilter$StaticUserFilter) to context logs
2021-09-21 18:25:37,746 [Listener at 127.0.0.1/38417] INFO  http.HttpServer2 (HttpServer2.java:addFilter(1014)) - Added filter static_user_filter (class=org.apache.hadoop.http.lib.StaticUserWebFilter$StaticUserFilter) to context static
2021-09-21 18:25:37,747 [Listener at 127.0.0.1/38417] INFO  http.HttpServer2 (HttpServer2.java:bindListener(1249)) - Jetty bound to port 34059
2021-09-21 18:25:37,747 [Listener at 127.0.0.1/38417] INFO  server.Server (Server.java:doStart(375)) - jetty-9.4.43.v20210629; built: 2021-06-30T11:07:22.254Z; git: 526006ecfa3af7f1a27ef3a288e2bef7ea9dd7e8; jvm 1.8.0_292-b10
2021-09-21 18:25:37,749 [Listener at 127.0.0.1/38417] INFO  server.session (DefaultSessionIdManager.java:doStart(334)) - DefaultSessionIdManager workerName=node0
2021-09-21 18:25:37,750 [Listener at 127.0.0.1/38417] INFO  server.session (DefaultSessionIdManager.java:doStart(339)) - No SessionScavenger set, using defaults
2021-09-21 18:25:37,750 [Listener at 127.0.0.1/38417] INFO  server.session (HouseKeeper.java:startScavenging(132)) - node0 Scavenging every 660000ms
2021-09-21 18:25:37,751 [Listener at 127.0.0.1/38417] INFO  handler.ContextHandler (ContextHandler.java:doStart(915)) - Started o.e.j.s.ServletContextHandler@368ccbad{logs,/logs,file:///home/runner/work/ozone/ozone/hadoop-ozone/integration-test/target/log,AVAILABLE}
2021-09-21 18:25:37,751 [Listener at 127.0.0.1/38417] INFO  handler.ContextHandler (ContextHandler.java:doStart(915)) - Started o.e.j.s.ServletContextHandler@30c0ce54{static,/static,jar:file:/home/runner/.m2/repository/org/apache/ozone/hdds-container-service/1.2.0-SNAPSHOT/hdds-container-service-1.2.0-SNAPSHOT.jar!/webapps/static,AVAILABLE}
2021-09-21 18:25:37,799 [Listener at 127.0.0.1/38417] INFO  handler.ContextHandler (ContextHandler.java:doStart(915)) - Started o.e.j.w.WebAppContext@1bf814c9{hddsDatanode,/,file:///tmp/jetty-0_0_0_0-34059-hdds-container-service-1_2_0-SNAPSHOT_jar-_-any-2232389331269786101/webapp/,AVAILABLE}{jar:file:/home/runner/.m2/repository/org/apache/ozone/hdds-container-service/1.2.0-SNAPSHOT/hdds-container-service-1.2.0-SNAPSHOT.jar!/webapps/hddsDatanode}
2021-09-21 18:25:37,801 [Listener at 127.0.0.1/38417] INFO  server.AbstractConnector (AbstractConnector.java:doStart(331)) - Started ServerConnector@10d05ff9{HTTP/1.1, (http/1.1)}{0.0.0.0:34059}
2021-09-21 18:25:37,801 [Listener at 127.0.0.1/38417] INFO  server.Server (Server.java:doStart(415)) - Started @9621ms
2021-09-21 18:25:37,801 [Listener at 127.0.0.1/38417] WARN  impl.MetricsSystemImpl (MetricsSystemImpl.java:register(279)) - Sink prometheus already exists!
2021-09-21 18:25:37,802 [Listener at 127.0.0.1/38417] INFO  http.BaseHttpServer (BaseHttpServer.java:updateConnectorAddress(329)) - HTTP server of hddsDatanode listening at http://0.0.0.0:34059
2021-09-21 18:25:37,804 [Datanode State Machine Thread - 0] INFO  statemachine.DatanodeStateMachine (DatanodeStateMachine.java:lambda$startDaemon$0(456)) - Ozone container server started.
2021-09-21 18:25:37,804 [Listener at 127.0.0.1/38417] WARN  impl.MetricRegistriesImpl (MetricRegistriesImpl.java:addReporterRegistration(111)) - New reporters are added after registries were created. Some metrics will be missing from the reporter. Please add reporter before adding any new registry.
2021-09-21 18:25:37,806 [Listener at 127.0.0.1/38417] WARN  impl.MetricRegistriesImpl (MetricRegistriesImpl.java:addReporterRegistration(111)) - New reporters are added after registries were created. Some metrics will be missing from the reporter. Please add reporter before adding any new registry.
2021-09-21 18:25:37,806 [Listener at 127.0.0.1/38417] INFO  impl.MetricsSystemImpl (MetricsSystemImpl.java:init(158)) - HddsDatanode metrics system started (again)
2021-09-21 18:25:37,821 [Listener at 127.0.0.1/38417] INFO  ozone.HddsDatanodeService (HddsDatanodeService.java:start(234)) - HddsDatanodeService host:fv-az122-453.zf1tlrj3kn4expqppa1j4mpycf.xx.internal.cloudapp.net ip:10.1.0.27
2021-09-21 18:25:37,823 [org.apache.hadoop.util.JvmPauseMonitor$Monitor@76fe9bfa] INFO  util.JvmPauseMonitor (JvmPauseMonitor.java:run(188)) - Starting JVM pause monitor
2021-09-21 18:25:37,831 [Datanode State Machine Task Thread - 0] INFO  datanode.InitDatanodeState (InitDatanodeState.java:persistContainerDatanodeDetails(145)) - DatanodeDetails is persisted to /home/runner/work/ozone/ozone/hadoop-ozone/integration-test/target/test-dir/MiniOzoneClusterImpl-8dff45f7-6a4c-4a77-aa6d-4bab94871626/datanode-5/meta/datanode.id
2021-09-21 18:25:37,874 [Listener at 127.0.0.1/38417] INFO  upgrade.AbstractLayoutVersionManager (AbstractLayoutVersionManager.java:init(79)) - Initializing Layout version manager with metadata layout = SCM_HA (version = 2), software layout = SCM_HA (version = 2)
2021-09-21 18:25:37,923 [Listener at 127.0.0.1/38417] INFO  reflections.Reflections (Reflections.java:scan(232)) - Reflections took 47 ms to scan 7 urls, producing 119 keys and 275 values 
2021-09-21 18:25:37,928 [Listener at 127.0.0.1/38417] INFO  volume.HddsVolume (HddsVolume.java:<init>(120)) - Creating HddsVolume: /home/runner/work/ozone/ozone/hadoop-ozone/integration-test/target/test-dir/MiniOzoneClusterImpl-8dff45f7-6a4c-4a77-aa6d-4bab94871626/datanode-6/data-0/containers/hdds of storage type : DISK capacity : 9223372036854775807
2021-09-21 18:25:37,928 [Listener at 127.0.0.1/38417] INFO  volume.MutableVolumeSet (MutableVolumeSet.java:initializeVolumeSet(168)) - Added Volume : /home/runner/work/ozone/ozone/hadoop-ozone/integration-test/target/test-dir/MiniOzoneClusterImpl-8dff45f7-6a4c-4a77-aa6d-4bab94871626/datanode-6/data-0/containers/hdds to VolumeSet
2021-09-21 18:25:37,928 [Listener at 127.0.0.1/38417] INFO  volume.ThrottledAsyncChecker (ThrottledAsyncChecker.java:schedule(141)) - Scheduling a check for /home/runner/work/ozone/ozone/hadoop-ozone/integration-test/target/test-dir/MiniOzoneClusterImpl-8dff45f7-6a4c-4a77-aa6d-4bab94871626/datanode-6/data-0/containers/hdds
2021-09-21 18:25:37,931 [Listener at 127.0.0.1/38417] INFO  volume.StorageVolumeChecker (StorageVolumeChecker.java:checkAllVolumes(202)) - Scheduled health check for volume /home/runner/work/ozone/ozone/hadoop-ozone/integration-test/target/test-dir/MiniOzoneClusterImpl-8dff45f7-6a4c-4a77-aa6d-4bab94871626/datanode-6/data-0/containers/hdds
2021-09-21 18:25:37,947 [Listener at 127.0.0.1/38417] INFO  volume.MutableVolumeSet (MutableVolumeSet.java:initializeVolumeSet(168)) - Added Volume : /home/runner/work/ozone/ozone/hadoop-ozone/integration-test/target/test-dir/MiniOzoneClusterImpl-8dff45f7-6a4c-4a77-aa6d-4bab94871626/datanode-6/data/ratis to VolumeSet
2021-09-21 18:25:37,947 [Listener at 127.0.0.1/38417] INFO  volume.ThrottledAsyncChecker (ThrottledAsyncChecker.java:schedule(141)) - Scheduling a check for /home/runner/work/ozone/ozone/hadoop-ozone/integration-test/target/test-dir/MiniOzoneClusterImpl-8dff45f7-6a4c-4a77-aa6d-4bab94871626/datanode-6/data/ratis
2021-09-21 18:25:37,948 [Listener at 127.0.0.1/38417] INFO  volume.StorageVolumeChecker (StorageVolumeChecker.java:checkAllVolumes(202)) - Scheduled health check for volume /home/runner/work/ozone/ozone/hadoop-ozone/integration-test/target/test-dir/MiniOzoneClusterImpl-8dff45f7-6a4c-4a77-aa6d-4bab94871626/datanode-6/data/ratis
2021-09-21 18:25:37,963 [Thread-202] INFO  ozoneimpl.ContainerReader (ContainerReader.java:readVolume(172)) - Finish verifying containers on volume /home/runner/work/ozone/ozone/hadoop-ozone/integration-test/target/test-dir/MiniOzoneClusterImpl-8dff45f7-6a4c-4a77-aa6d-4bab94871626/datanode-6/data-0/containers/hdds
2021-09-21 18:25:37,963 [Listener at 127.0.0.1/38417] INFO  ozoneimpl.OzoneContainer (OzoneContainer.java:buildContainerSet(236)) - Build ContainerSet costs 0s
2021-09-21 18:25:37,967 [Listener at 127.0.0.1/38417] INFO  server.RaftServer (ConfUtils.java:logGet(44)) - raft.rpc.type = GRPC (default)
2021-09-21 18:25:37,968 [Listener at 127.0.0.1/38417] INFO  grpc.GrpcFactory (GrpcFactory.java:checkPooledByteBufAllocatorUseCacheForAllThreads(48)) - PERFORMANCE WARNING: useCacheForAllThreads is true that may cause Netty to create a lot garbage objects and, as a result, trigger GC.
	It is recommended to disable useCacheForAllThreads by setting -Dorg.apache.ratis.thirdparty.io.netty.allocator.useCacheForAllThreads=false in command line.
2021-09-21 18:25:37,968 [Listener at 127.0.0.1/38417] INFO  grpc.GrpcConfigKeys (ConfUtils.java:logGet(44)) - raft.grpc.admin.port = 0 (custom)
2021-09-21 18:25:37,968 [Listener at 127.0.0.1/38417] INFO  grpc.GrpcConfigKeys (ConfUtils.java:logGet(44)) - raft.grpc.client.port = 0 (custom)
2021-09-21 18:25:37,968 [Listener at 127.0.0.1/38417] INFO  grpc.GrpcConfigKeys (ConfUtils.java:logGet(44)) - raft.grpc.server.port = 0 (default)
2021-09-21 18:25:37,968 [Listener at 127.0.0.1/38417] INFO  server.GrpcService (ConfUtils.java:logGet(44)) - raft.grpc.message.size.max = 32MB (=33554432) (custom)
2021-09-21 18:25:37,968 [Listener at 127.0.0.1/38417] INFO  server.RaftServerConfigKeys (ConfUtils.java:logGet(44)) - raft.server.log.appender.buffer.byte-limit = 33554432 (custom)
2021-09-21 18:25:37,969 [Listener at 127.0.0.1/38417] INFO  server.GrpcService (ConfUtils.java:logGet(44)) - raft.grpc.flow.control.window = 5MB (=5242880) (custom)
2021-09-21 18:25:37,969 [Listener at 127.0.0.1/38417] INFO  server.RaftServerConfigKeys (ConfUtils.java:logGet(44)) - raft.server.rpc.request.timeout = 3000ms (default)
2021-09-21 18:25:37,970 [Listener at 127.0.0.1/38417] INFO  impl.DataStreamServerImpl (ConfUtils.java:logGet(44)) - raft.datastream.type = DISABLED (default)
2021-09-21 18:25:37,970 [Listener at 127.0.0.1/38417] INFO  server.RaftServerConfigKeys (ConfUtils.java:logGet(44)) - raft.server.rpc.slowness.timeout = 300000ms (custom)
2021-09-21 18:25:37,970 [Listener at 127.0.0.1/38417] INFO  server.RaftServerConfigKeys (ConfUtils.java:logGet(44)) - raft.server.leaderelection.leader.step-down.wait-time = 10s (default)
2021-09-21 18:25:37,971 [Listener at 127.0.0.1/38417] INFO  server.RaftServerConfigKeys (ConfUtils.java:logGet(44)) - raft.server.storage.dir = [/home/runner/work/ozone/ozone/hadoop-ozone/integration-test/target/test-dir/MiniOzoneClusterImpl-8dff45f7-6a4c-4a77-aa6d-4bab94871626/datanode-6/data/ratis] (custom)
2021-09-21 18:25:37,982 [Listener at 127.0.0.1/38417] INFO  http.BaseHttpServer (BaseHttpServer.java:newHttpServer2BuilderForOzone(209)) - Starting Web-server for hddsDatanode at: http://0.0.0.0:0
2021-09-21 18:25:37,982 [Listener at 127.0.0.1/38417] INFO  http.BaseHttpServer (BaseHttpServer.java:<init>(107)) - Hadoop Security Enabled: false Ozone Security Enabled: false Ozone HTTP Security Enabled: false 
2021-09-21 18:25:37,984 [Listener at 127.0.0.1/38417] INFO  server.AuthenticationFilter (AuthenticationFilter.java:constructSecretProvider(240)) - Unable to initialize FileSignerSecretProvider, falling back to use random secrets.
2021-09-21 18:25:37,984 [Listener at 127.0.0.1/38417] WARN  http.HttpRequestLog (HttpRequestLog.java:getRequestLog(103)) - Jetty request log can only be enabled using Log4j
2021-09-21 18:25:37,985 [Listener at 127.0.0.1/38417] INFO  http.HttpServer2 (HttpServer2.java:addGlobalFilter(1030)) - Added global filter 'safety' (class=org.apache.hadoop.hdds.server.http.HttpServer2$QuotingInputFilter)
2021-09-21 18:25:37,986 [Listener at 127.0.0.1/38417] INFO  http.HttpServer2 (HttpServer2.java:addFilter(1006)) - Added filter static_user_filter (class=org.apache.hadoop.http.lib.StaticUserWebFilter$StaticUserFilter) to context hddsDatanode
2021-09-21 18:25:37,986 [Listener at 127.0.0.1/38417] INFO  http.HttpServer2 (HttpServer2.java:addFilter(1014)) - Added filter static_user_filter (class=org.apache.hadoop.http.lib.StaticUserWebFilter$StaticUserFilter) to context logs
2021-09-21 18:25:37,986 [Listener at 127.0.0.1/38417] INFO  http.HttpServer2 (HttpServer2.java:addFilter(1014)) - Added filter static_user_filter (class=org.apache.hadoop.http.lib.StaticUserWebFilter$StaticUserFilter) to context static
2021-09-21 18:25:37,987 [Listener at 127.0.0.1/38417] INFO  http.HttpServer2 (HttpServer2.java:bindListener(1249)) - Jetty bound to port 38139
2021-09-21 18:25:37,987 [Listener at 127.0.0.1/38417] INFO  server.Server (Server.java:doStart(375)) - jetty-9.4.43.v20210629; built: 2021-06-30T11:07:22.254Z; git: 526006ecfa3af7f1a27ef3a288e2bef7ea9dd7e8; jvm 1.8.0_292-b10
2021-09-21 18:25:37,999 [Listener at 127.0.0.1/38417] INFO  server.session (DefaultSessionIdManager.java:doStart(334)) - DefaultSessionIdManager workerName=node0
2021-09-21 18:25:37,999 [Listener at 127.0.0.1/38417] INFO  server.session (DefaultSessionIdManager.java:doStart(339)) - No SessionScavenger set, using defaults
2021-09-21 18:25:38,000 [Listener at 127.0.0.1/38417] INFO  server.session (HouseKeeper.java:startScavenging(132)) - node0 Scavenging every 600000ms
2021-09-21 18:25:38,000 [Listener at 127.0.0.1/38417] INFO  handler.ContextHandler (ContextHandler.java:doStart(915)) - Started o.e.j.s.ServletContextHandler@65978923{logs,/logs,file:///home/runner/work/ozone/ozone/hadoop-ozone/integration-test/target/log,AVAILABLE}
2021-09-21 18:25:38,001 [Listener at 127.0.0.1/38417] INFO  handler.ContextHandler (ContextHandler.java:doStart(915)) - Started o.e.j.s.ServletContextHandler@b822a25{static,/static,jar:file:/home/runner/.m2/repository/org/apache/ozone/hdds-container-service/1.2.0-SNAPSHOT/hdds-container-service-1.2.0-SNAPSHOT.jar!/webapps/static,AVAILABLE}
2021-09-21 18:25:38,055 [Listener at 127.0.0.1/38417] INFO  handler.ContextHandler (ContextHandler.java:doStart(915)) - Started o.e.j.w.WebAppContext@3eca05e5{hddsDatanode,/,file:///tmp/jetty-0_0_0_0-38139-hdds-container-service-1_2_0-SNAPSHOT_jar-_-any-8779808257239147626/webapp/,AVAILABLE}{jar:file:/home/runner/.m2/repository/org/apache/ozone/hdds-container-service/1.2.0-SNAPSHOT/hdds-container-service-1.2.0-SNAPSHOT.jar!/webapps/hddsDatanode}
2021-09-21 18:25:38,056 [Listener at 127.0.0.1/38417] INFO  server.AbstractConnector (AbstractConnector.java:doStart(331)) - Started ServerConnector@229eb55e{HTTP/1.1, (http/1.1)}{0.0.0.0:38139}
2021-09-21 18:25:38,056 [Listener at 127.0.0.1/38417] INFO  server.Server (Server.java:doStart(415)) - Started @9876ms
2021-09-21 18:25:38,057 [Listener at 127.0.0.1/38417] WARN  impl.MetricsSystemImpl (MetricsSystemImpl.java:register(279)) - Sink prometheus already exists!
2021-09-21 18:25:38,057 [Listener at 127.0.0.1/38417] INFO  http.BaseHttpServer (BaseHttpServer.java:updateConnectorAddress(329)) - HTTP server of hddsDatanode listening at http://0.0.0.0:38139
2021-09-21 18:25:38,059 [Listener at 127.0.0.1/38417] INFO  ozone.MiniOzoneClusterImpl (MiniOzoneClusterImpl.java:lambda$waitForClusterToBeReady$0(235)) - Waiting for nodes to be ready. Got 0 of 7 DN Heartbeats.
2021-09-21 18:25:38,059 [Listener at 127.0.0.1/38417] INFO  ozone.MiniOzoneClusterImpl (MiniOzoneClusterImpl.java:lambda$waitForClusterToBeReady$0(238)) - Waiting for cluster to exit safe mode
2021-09-21 18:25:38,060 [Listener at 127.0.0.1/38417] INFO  ozone.MiniOzoneClusterImpl (MiniOzoneClusterImpl.java:lambda$waitForClusterToBeReady$0(240)) - SCM became leader
2021-09-21 18:25:38,060 [Datanode State Machine Thread - 0] INFO  statemachine.DatanodeStateMachine (DatanodeStateMachine.java:lambda$startDaemon$0(456)) - Ozone container server started.
2021-09-21 18:25:38,075 [org.apache.hadoop.util.JvmPauseMonitor$Monitor@3e669496] INFO  util.JvmPauseMonitor (JvmPauseMonitor.java:run(188)) - Starting JVM pause monitor
2021-09-21 18:25:38,085 [Datanode State Machine Task Thread - 0] INFO  datanode.InitDatanodeState (InitDatanodeState.java:persistContainerDatanodeDetails(145)) - DatanodeDetails is persisted to /home/runner/work/ozone/ozone/hadoop-ozone/integration-test/target/test-dir/MiniOzoneClusterImpl-8dff45f7-6a4c-4a77-aa6d-4bab94871626/datanode-6/meta/datanode.id
2021-09-21 18:25:38,298 [EndpointStateMachine task thread for /0.0.0.0:39573 - 0 ] INFO  ozoneimpl.OzoneContainer (OzoneContainer.java:start(304)) - Attempting to start container services.
2021-09-21 18:25:38,301 [EndpointStateMachine task thread for /0.0.0.0:39573 - 0 ] INFO  ozoneimpl.OzoneContainer (OzoneContainer.java:startContainerScrub(249)) - Background container scanner has been disabled.
2021-09-21 18:25:38,303 [EndpointStateMachine task thread for /0.0.0.0:39573 - 0 ] INFO  replication.ReplicationServer (ReplicationServer.java:start(107)) - ReplicationServer is started using port 44027
2021-09-21 18:25:38,308 [EndpointStateMachine task thread for /0.0.0.0:39573 - 0 ] INFO  ratis.XceiverServerRatis (XceiverServerRatis.java:start(481)) - Starting XceiverServerRatis d36baf84-b85f-4b26-8f7e-d1f6b1b07563
2021-09-21 18:25:38,311 [EndpointStateMachine task thread for /0.0.0.0:39573 - 0 ] INFO  server.RaftServer (RaftServerProxy.java:lambda$start$5(374)) - d36baf84-b85f-4b26-8f7e-d1f6b1b07563: start RPC server
2021-09-21 18:25:38,316 [EndpointStateMachine task thread for /0.0.0.0:39573 - 0 ] INFO  server.GrpcService (GrpcService.java:startImpl(253)) - d36baf84-b85f-4b26-8f7e-d1f6b1b07563: GrpcService started, listening on 39631
2021-09-21 18:25:38,319 [EndpointStateMachine task thread for /0.0.0.0:39573 - 0 ] INFO  ratis.XceiverServerRatis (XceiverServerRatis.java:getRealPort(502)) - XceiverServerRatis d36baf84-b85f-4b26-8f7e-d1f6b1b07563 is started using port 39631 for RATIS
2021-09-21 18:25:38,319 [EndpointStateMachine task thread for /0.0.0.0:39573 - 0 ] INFO  ratis.XceiverServerRatis (XceiverServerRatis.java:getRealPort(502)) - XceiverServerRatis d36baf84-b85f-4b26-8f7e-d1f6b1b07563 is started using port 39631 for RATIS_ADMIN
2021-09-21 18:25:38,319 [EndpointStateMachine task thread for /0.0.0.0:39573 - 0 ] INFO  ratis.XceiverServerRatis (XceiverServerRatis.java:getRealPort(502)) - XceiverServerRatis d36baf84-b85f-4b26-8f7e-d1f6b1b07563 is started using port 39631 for RATIS_SERVER
2021-09-21 18:25:38,319 [org.apache.ratis.util.JvmPauseMonitor$$Lambda$531/911890161@2b9664bf] INFO  util.JvmPauseMonitor (JvmPauseMonitor.java:run(103)) - JvmPauseMonitor-d36baf84-b85f-4b26-8f7e-d1f6b1b07563: Started
2021-09-21 18:25:38,326 [EndpointStateMachine task thread for /0.0.0.0:39573 - 0 ] INFO  server.XceiverServerGrpc (XceiverServerGrpc.java:start(135)) - XceiverServerGrpc d36baf84-b85f-4b26-8f7e-d1f6b1b07563 is started using port 43601
2021-09-21 18:25:38,853 [EndpointStateMachine task thread for /0.0.0.0:39573 - 0 ] INFO  ozoneimpl.OzoneContainer (OzoneContainer.java:start(304)) - Attempting to start container services.
2021-09-21 18:25:38,853 [EndpointStateMachine task thread for /0.0.0.0:39573 - 0 ] INFO  ozoneimpl.OzoneContainer (OzoneContainer.java:startContainerScrub(249)) - Background container scanner has been disabled.
2021-09-21 18:25:38,854 [EndpointStateMachine task thread for /0.0.0.0:39573 - 0 ] INFO  replication.ReplicationServer (ReplicationServer.java:start(107)) - ReplicationServer is started using port 42733
2021-09-21 18:25:38,856 [EndpointStateMachine task thread for /0.0.0.0:39573 - 0 ] INFO  ratis.XceiverServerRatis (XceiverServerRatis.java:start(481)) - Starting XceiverServerRatis ac1d7df1-8838-4266-a424-22c9922d1104
2021-09-21 18:25:38,857 [EndpointStateMachine task thread for /0.0.0.0:39573 - 0 ] INFO  server.RaftServer (RaftServerProxy.java:lambda$start$5(374)) - ac1d7df1-8838-4266-a424-22c9922d1104: start RPC server
2021-09-21 18:25:38,858 [EndpointStateMachine task thread for /0.0.0.0:39573 - 0 ] INFO  server.GrpcService (GrpcService.java:startImpl(253)) - ac1d7df1-8838-4266-a424-22c9922d1104: GrpcService started, listening on 41255
2021-09-21 18:25:38,859 [EndpointStateMachine task thread for /0.0.0.0:39573 - 0 ] INFO  ratis.XceiverServerRatis (XceiverServerRatis.java:getRealPort(502)) - XceiverServerRatis ac1d7df1-8838-4266-a424-22c9922d1104 is started using port 41255 for RATIS
2021-09-21 18:25:38,859 [EndpointStateMachine task thread for /0.0.0.0:39573 - 0 ] INFO  ratis.XceiverServerRatis (XceiverServerRatis.java:getRealPort(502)) - XceiverServerRatis ac1d7df1-8838-4266-a424-22c9922d1104 is started using port 41255 for RATIS_ADMIN
2021-09-21 18:25:38,859 [EndpointStateMachine task thread for /0.0.0.0:39573 - 0 ] INFO  ratis.XceiverServerRatis (XceiverServerRatis.java:getRealPort(502)) - XceiverServerRatis ac1d7df1-8838-4266-a424-22c9922d1104 is started using port 41255 for RATIS_SERVER
2021-09-21 18:25:38,859 [org.apache.ratis.util.JvmPauseMonitor$$Lambda$531/911890161@7b491a0e] INFO  util.JvmPauseMonitor (JvmPauseMonitor.java:run(103)) - JvmPauseMonitor-ac1d7df1-8838-4266-a424-22c9922d1104: Started
2021-09-21 18:25:38,861 [EndpointStateMachine task thread for /0.0.0.0:39573 - 0 ] INFO  server.XceiverServerGrpc (XceiverServerGrpc.java:start(135)) - XceiverServerGrpc ac1d7df1-8838-4266-a424-22c9922d1104 is started using port 36793
2021-09-21 18:25:39,060 [Listener at 127.0.0.1/38417] INFO  ozone.MiniOzoneClusterImpl (MiniOzoneClusterImpl.java:lambda$waitForClusterToBeReady$0(235)) - Waiting for nodes to be ready. Got 0 of 7 DN Heartbeats.
2021-09-21 18:25:39,060 [Listener at 127.0.0.1/38417] INFO  ozone.MiniOzoneClusterImpl (MiniOzoneClusterImpl.java:lambda$waitForClusterToBeReady$0(238)) - Waiting for cluster to exit safe mode
2021-09-21 18:25:39,060 [Listener at 127.0.0.1/38417] INFO  ozone.MiniOzoneClusterImpl (MiniOzoneClusterImpl.java:lambda$waitForClusterToBeReady$0(240)) - SCM became leader
2021-09-21 18:25:39,128 [EndpointStateMachine task thread for /0.0.0.0:39573 - 0 ] INFO  ozoneimpl.OzoneContainer (OzoneContainer.java:start(304)) - Attempting to start container services.
2021-09-21 18:25:39,128 [EndpointStateMachine task thread for /0.0.0.0:39573 - 0 ] INFO  ozoneimpl.OzoneContainer (OzoneContainer.java:startContainerScrub(249)) - Background container scanner has been disabled.
2021-09-21 18:25:39,132 [EndpointStateMachine task thread for /0.0.0.0:39573 - 0 ] INFO  replication.ReplicationServer (ReplicationServer.java:start(107)) - ReplicationServer is started using port 42403
2021-09-21 18:25:39,132 [EndpointStateMachine task thread for /0.0.0.0:39573 - 0 ] INFO  ratis.XceiverServerRatis (XceiverServerRatis.java:start(481)) - Starting XceiverServerRatis 7ebb7728-56c4-46fe-8faf-bd5e72c54eae
2021-09-21 18:25:39,133 [EndpointStateMachine task thread for /0.0.0.0:39573 - 0 ] INFO  server.RaftServer (RaftServerProxy.java:lambda$start$5(374)) - 7ebb7728-56c4-46fe-8faf-bd5e72c54eae: start RPC server
2021-09-21 18:25:39,136 [EndpointStateMachine task thread for /0.0.0.0:39573 - 0 ] INFO  server.GrpcService (GrpcService.java:startImpl(253)) - 7ebb7728-56c4-46fe-8faf-bd5e72c54eae: GrpcService started, listening on 40201
2021-09-21 18:25:39,137 [EndpointStateMachine task thread for /0.0.0.0:39573 - 0 ] INFO  ratis.XceiverServerRatis (XceiverServerRatis.java:getRealPort(502)) - XceiverServerRatis 7ebb7728-56c4-46fe-8faf-bd5e72c54eae is started using port 40201 for RATIS
2021-09-21 18:25:39,137 [EndpointStateMachine task thread for /0.0.0.0:39573 - 0 ] INFO  ratis.XceiverServerRatis (XceiverServerRatis.java:getRealPort(502)) - XceiverServerRatis 7ebb7728-56c4-46fe-8faf-bd5e72c54eae is started using port 40201 for RATIS_ADMIN
2021-09-21 18:25:39,137 [EndpointStateMachine task thread for /0.0.0.0:39573 - 0 ] INFO  ratis.XceiverServerRatis (XceiverServerRatis.java:getRealPort(502)) - XceiverServerRatis 7ebb7728-56c4-46fe-8faf-bd5e72c54eae is started using port 40201 for RATIS_SERVER
2021-09-21 18:25:39,137 [org.apache.ratis.util.JvmPauseMonitor$$Lambda$531/911890161@5677d4ed] INFO  util.JvmPauseMonitor (JvmPauseMonitor.java:run(103)) - JvmPauseMonitor-7ebb7728-56c4-46fe-8faf-bd5e72c54eae: Started
2021-09-21 18:25:39,142 [EndpointStateMachine task thread for /0.0.0.0:39573 - 0 ] INFO  server.XceiverServerGrpc (XceiverServerGrpc.java:start(135)) - XceiverServerGrpc 7ebb7728-56c4-46fe-8faf-bd5e72c54eae is started using port 39069
2021-09-21 18:25:39,364 [EndpointStateMachine task thread for /0.0.0.0:39573 - 0 ] INFO  ozoneimpl.OzoneContainer (OzoneContainer.java:start(304)) - Attempting to start container services.
2021-09-21 18:25:39,364 [EndpointStateMachine task thread for /0.0.0.0:39573 - 0 ] INFO  ozoneimpl.OzoneContainer (OzoneContainer.java:startContainerScrub(249)) - Background container scanner has been disabled.
2021-09-21 18:25:39,367 [EndpointStateMachine task thread for /0.0.0.0:39573 - 0 ] INFO  replication.ReplicationServer (ReplicationServer.java:start(107)) - ReplicationServer is started using port 38231
2021-09-21 18:25:39,368 [EndpointStateMachine task thread for /0.0.0.0:39573 - 0 ] INFO  ratis.XceiverServerRatis (XceiverServerRatis.java:start(481)) - Starting XceiverServerRatis 000602bb-62cb-4174-b1e5-e32eb992284f
2021-09-21 18:25:39,369 [EndpointStateMachine task thread for /0.0.0.0:39573 - 0 ] INFO  server.RaftServer (RaftServerProxy.java:lambda$start$5(374)) - 000602bb-62cb-4174-b1e5-e32eb992284f: start RPC server
2021-09-21 18:25:39,371 [EndpointStateMachine task thread for /0.0.0.0:39573 - 0 ] INFO  server.GrpcService (GrpcService.java:startImpl(253)) - 000602bb-62cb-4174-b1e5-e32eb992284f: GrpcService started, listening on 39235
2021-09-21 18:25:39,371 [EndpointStateMachine task thread for /0.0.0.0:39573 - 0 ] INFO  ratis.XceiverServerRatis (XceiverServerRatis.java:getRealPort(502)) - XceiverServerRatis 000602bb-62cb-4174-b1e5-e32eb992284f is started using port 39235 for RATIS
2021-09-21 18:25:39,372 [org.apache.ratis.util.JvmPauseMonitor$$Lambda$531/911890161@14fb8f55] INFO  util.JvmPauseMonitor (JvmPauseMonitor.java:run(103)) - JvmPauseMonitor-000602bb-62cb-4174-b1e5-e32eb992284f: Started
2021-09-21 18:25:39,372 [EndpointStateMachine task thread for /0.0.0.0:39573 - 0 ] INFO  ratis.XceiverServerRatis (XceiverServerRatis.java:getRealPort(502)) - XceiverServerRatis 000602bb-62cb-4174-b1e5-e32eb992284f is started using port 39235 for RATIS_ADMIN
2021-09-21 18:25:39,372 [EndpointStateMachine task thread for /0.0.0.0:39573 - 0 ] INFO  ratis.XceiverServerRatis (XceiverServerRatis.java:getRealPort(502)) - XceiverServerRatis 000602bb-62cb-4174-b1e5-e32eb992284f is started using port 39235 for RATIS_SERVER
2021-09-21 18:25:39,375 [EndpointStateMachine task thread for /0.0.0.0:39573 - 0 ] INFO  server.XceiverServerGrpc (XceiverServerGrpc.java:start(135)) - XceiverServerGrpc 000602bb-62cb-4174-b1e5-e32eb992284f is started using port 33401
2021-09-21 18:25:39,584 [EndpointStateMachine task thread for /0.0.0.0:39573 - 0 ] INFO  ozoneimpl.OzoneContainer (OzoneContainer.java:start(304)) - Attempting to start container services.
2021-09-21 18:25:39,585 [EndpointStateMachine task thread for /0.0.0.0:39573 - 0 ] INFO  ozoneimpl.OzoneContainer (OzoneContainer.java:startContainerScrub(249)) - Background container scanner has been disabled.
2021-09-21 18:25:39,586 [EndpointStateMachine task thread for /0.0.0.0:39573 - 0 ] INFO  replication.ReplicationServer (ReplicationServer.java:start(107)) - ReplicationServer is started using port 39077
2021-09-21 18:25:39,587 [EndpointStateMachine task thread for /0.0.0.0:39573 - 0 ] INFO  ratis.XceiverServerRatis (XceiverServerRatis.java:start(481)) - Starting XceiverServerRatis 6174554c-eda6-4ca8-a498-7acedbc2905d
2021-09-21 18:25:39,588 [EndpointStateMachine task thread for /0.0.0.0:39573 - 0 ] INFO  server.RaftServer (RaftServerProxy.java:lambda$start$5(374)) - 6174554c-eda6-4ca8-a498-7acedbc2905d: start RPC server
2021-09-21 18:25:39,590 [EndpointStateMachine task thread for /0.0.0.0:39573 - 0 ] INFO  server.GrpcService (GrpcService.java:startImpl(253)) - 6174554c-eda6-4ca8-a498-7acedbc2905d: GrpcService started, listening on 43953
2021-09-21 18:25:39,590 [EndpointStateMachine task thread for /0.0.0.0:39573 - 0 ] INFO  ratis.XceiverServerRatis (XceiverServerRatis.java:getRealPort(502)) - XceiverServerRatis 6174554c-eda6-4ca8-a498-7acedbc2905d is started using port 43953 for RATIS
2021-09-21 18:25:39,590 [org.apache.ratis.util.JvmPauseMonitor$$Lambda$531/911890161@56c6f636] INFO  util.JvmPauseMonitor (JvmPauseMonitor.java:run(103)) - JvmPauseMonitor-6174554c-eda6-4ca8-a498-7acedbc2905d: Started
2021-09-21 18:25:39,590 [EndpointStateMachine task thread for /0.0.0.0:39573 - 0 ] INFO  ratis.XceiverServerRatis (XceiverServerRatis.java:getRealPort(502)) - XceiverServerRatis 6174554c-eda6-4ca8-a498-7acedbc2905d is started using port 43953 for RATIS_ADMIN
2021-09-21 18:25:39,591 [EndpointStateMachine task thread for /0.0.0.0:39573 - 0 ] INFO  ratis.XceiverServerRatis (XceiverServerRatis.java:getRealPort(502)) - XceiverServerRatis 6174554c-eda6-4ca8-a498-7acedbc2905d is started using port 43953 for RATIS_SERVER
2021-09-21 18:25:39,592 [EndpointStateMachine task thread for /0.0.0.0:39573 - 0 ] INFO  server.XceiverServerGrpc (XceiverServerGrpc.java:start(135)) - XceiverServerGrpc 6174554c-eda6-4ca8-a498-7acedbc2905d is started using port 38229
2021-09-21 18:25:39,828 [EndpointStateMachine task thread for /0.0.0.0:39573 - 0 ] INFO  ozoneimpl.OzoneContainer (OzoneContainer.java:start(304)) - Attempting to start container services.
2021-09-21 18:25:39,829 [EndpointStateMachine task thread for /0.0.0.0:39573 - 0 ] INFO  ozoneimpl.OzoneContainer (OzoneContainer.java:startContainerScrub(249)) - Background container scanner has been disabled.
2021-09-21 18:25:39,830 [EndpointStateMachine task thread for /0.0.0.0:39573 - 0 ] INFO  replication.ReplicationServer (ReplicationServer.java:start(107)) - ReplicationServer is started using port 44591
2021-09-21 18:25:39,831 [EndpointStateMachine task thread for /0.0.0.0:39573 - 0 ] INFO  ratis.XceiverServerRatis (XceiverServerRatis.java:start(481)) - Starting XceiverServerRatis 453ecb08-f079-4424-abb7-b5b860d98fa7
2021-09-21 18:25:39,832 [EndpointStateMachine task thread for /0.0.0.0:39573 - 0 ] INFO  server.RaftServer (RaftServerProxy.java:lambda$start$5(374)) - 453ecb08-f079-4424-abb7-b5b860d98fa7: start RPC server
2021-09-21 18:25:39,836 [EndpointStateMachine task thread for /0.0.0.0:39573 - 0 ] INFO  server.GrpcService (GrpcService.java:startImpl(253)) - 453ecb08-f079-4424-abb7-b5b860d98fa7: GrpcService started, listening on 45375
2021-09-21 18:25:39,836 [EndpointStateMachine task thread for /0.0.0.0:39573 - 0 ] INFO  ratis.XceiverServerRatis (XceiverServerRatis.java:getRealPort(502)) - XceiverServerRatis 453ecb08-f079-4424-abb7-b5b860d98fa7 is started using port 45375 for RATIS
2021-09-21 18:25:39,836 [EndpointStateMachine task thread for /0.0.0.0:39573 - 0 ] INFO  ratis.XceiverServerRatis (XceiverServerRatis.java:getRealPort(502)) - XceiverServerRatis 453ecb08-f079-4424-abb7-b5b860d98fa7 is started using port 45375 for RATIS_ADMIN
2021-09-21 18:25:39,836 [EndpointStateMachine task thread for /0.0.0.0:39573 - 0 ] INFO  ratis.XceiverServerRatis (XceiverServerRatis.java:getRealPort(502)) - XceiverServerRatis 453ecb08-f079-4424-abb7-b5b860d98fa7 is started using port 45375 for RATIS_SERVER
2021-09-21 18:25:39,836 [org.apache.ratis.util.JvmPauseMonitor$$Lambda$531/911890161@28b35c7b] INFO  util.JvmPauseMonitor (JvmPauseMonitor.java:run(103)) - JvmPauseMonitor-453ecb08-f079-4424-abb7-b5b860d98fa7: Started
2021-09-21 18:25:39,839 [EndpointStateMachine task thread for /0.0.0.0:39573 - 0 ] INFO  server.XceiverServerGrpc (XceiverServerGrpc.java:start(135)) - XceiverServerGrpc 453ecb08-f079-4424-abb7-b5b860d98fa7 is started using port 33283
2021-09-21 18:25:40,061 [Listener at 127.0.0.1/38417] INFO  ozone.MiniOzoneClusterImpl (MiniOzoneClusterImpl.java:lambda$waitForClusterToBeReady$0(235)) - Waiting for nodes to be ready. Got 0 of 7 DN Heartbeats.
2021-09-21 18:25:40,061 [Listener at 127.0.0.1/38417] INFO  ozone.MiniOzoneClusterImpl (MiniOzoneClusterImpl.java:lambda$waitForClusterToBeReady$0(238)) - Waiting for cluster to exit safe mode
2021-09-21 18:25:40,061 [Listener at 127.0.0.1/38417] INFO  ozone.MiniOzoneClusterImpl (MiniOzoneClusterImpl.java:lambda$waitForClusterToBeReady$0(240)) - SCM became leader
2021-09-21 18:25:40,080 [EndpointStateMachine task thread for /0.0.0.0:39573 - 0 ] INFO  ozoneimpl.OzoneContainer (OzoneContainer.java:start(304)) - Attempting to start container services.
2021-09-21 18:25:40,081 [EndpointStateMachine task thread for /0.0.0.0:39573 - 0 ] INFO  ozoneimpl.OzoneContainer (OzoneContainer.java:startContainerScrub(249)) - Background container scanner has been disabled.
2021-09-21 18:25:40,084 [EndpointStateMachine task thread for /0.0.0.0:39573 - 0 ] INFO  replication.ReplicationServer (ReplicationServer.java:start(107)) - ReplicationServer is started using port 37073
2021-09-21 18:25:40,085 [EndpointStateMachine task thread for /0.0.0.0:39573 - 0 ] INFO  ratis.XceiverServerRatis (XceiverServerRatis.java:start(481)) - Starting XceiverServerRatis 476460e9-b3a1-45f5-ac75-d031942c3748
2021-09-21 18:25:40,091 [EndpointStateMachine task thread for /0.0.0.0:39573 - 0 ] INFO  server.RaftServer (RaftServerProxy.java:lambda$start$5(374)) - 476460e9-b3a1-45f5-ac75-d031942c3748: start RPC server
2021-09-21 18:25:40,094 [EndpointStateMachine task thread for /0.0.0.0:39573 - 0 ] INFO  server.GrpcService (GrpcService.java:startImpl(253)) - 476460e9-b3a1-45f5-ac75-d031942c3748: GrpcService started, listening on 35049
2021-09-21 18:25:40,094 [EndpointStateMachine task thread for /0.0.0.0:39573 - 0 ] INFO  ratis.XceiverServerRatis (XceiverServerRatis.java:getRealPort(502)) - XceiverServerRatis 476460e9-b3a1-45f5-ac75-d031942c3748 is started using port 35049 for RATIS
2021-09-21 18:25:40,095 [org.apache.ratis.util.JvmPauseMonitor$$Lambda$531/911890161@6d9558ba] INFO  util.JvmPauseMonitor (JvmPauseMonitor.java:run(103)) - JvmPauseMonitor-476460e9-b3a1-45f5-ac75-d031942c3748: Started
2021-09-21 18:25:40,095 [EndpointStateMachine task thread for /0.0.0.0:39573 - 0 ] INFO  ratis.XceiverServerRatis (XceiverServerRatis.java:getRealPort(502)) - XceiverServerRatis 476460e9-b3a1-45f5-ac75-d031942c3748 is started using port 35049 for RATIS_ADMIN
2021-09-21 18:25:40,095 [EndpointStateMachine task thread for /0.0.0.0:39573 - 0 ] INFO  ratis.XceiverServerRatis (XceiverServerRatis.java:getRealPort(502)) - XceiverServerRatis 476460e9-b3a1-45f5-ac75-d031942c3748 is started using port 35049 for RATIS_SERVER
2021-09-21 18:25:40,096 [EndpointStateMachine task thread for /0.0.0.0:39573 - 0 ] INFO  server.XceiverServerGrpc (XceiverServerGrpc.java:start(135)) - XceiverServerGrpc 476460e9-b3a1-45f5-ac75-d031942c3748 is started using port 46777
2021-09-21 18:25:40,273 [IPC Server handler 1 on default port 39573] INFO  net.NetworkTopologyImpl (NetworkTopologyImpl.java:add(112)) - Added a new node: /default-rack/d36baf84-b85f-4b26-8f7e-d1f6b1b07563
2021-09-21 18:25:40,275 [IPC Server handler 1 on default port 39573] INFO  node.SCMNodeManager (SCMNodeManager.java:register(389)) - Registered Data node : d36baf84-b85f-4b26-8f7e-d1f6b1b07563{ip: 10.1.0.27, host: fv-az122-453.zf1tlrj3kn4expqppa1j4mpycf.xx.internal.cloudapp.net, ports: [REPLICATION=44027, RATIS=39631, RATIS_ADMIN=39631, RATIS_SERVER=39631, STANDALONE=43601], networkLocation: /default-rack, certSerialId: null, persistedOpState: null, persistedOpStateExpiryEpochSec: 0}
2021-09-21 18:25:40,279 [EventQueue-NewNodeForNewNodeHandler] INFO  pipeline.BackgroundPipelineCreator (BackgroundPipelineCreatorV2.java:notifyEventTriggered(285)) - trigger a one-shot run on RatisPipelineUtilsThread.
2021-09-21 18:25:40,292 [EventQueue-NodeRegistrationContainerReportForDataNodeSafeModeRule] INFO  safemode.SCMSafeModeManager (DataNodeSafeModeRule.java:process(71)) - SCM in safe mode. 1 DataNodes registered, 3 required.
2021-09-21 18:25:40,292 [EventQueue-NodeRegistrationContainerReportForContainerSafeModeRule] INFO  safemode.SCMSafeModeManager (SCMSafeModeManager.java:validateSafeModeExitRules(204)) - ContainerSafeModeRule rule is successfully validated
2021-09-21 18:25:40,295 [RatisPipelineUtilsThread - 0] INFO  pipeline.RatisPipelineProvider (RatisPipelineProvider.java:lambda$create$0(183)) - Sending CreatePipelineCommand for pipeline:PipelineID=5a0cf6dc-e192-4e77-91ef-650644e59b70 to datanode:d36baf84-b85f-4b26-8f7e-d1f6b1b07563
2021-09-21 18:25:40,300 [EventQueue-PipelineReportForOneReplicaPipelineSafeModeRule] INFO  safemode.SCMSafeModeManager (SCMSafeModeManager.java:validateSafeModeExitRules(204)) - AtleastOneDatanodeReportedRule rule is successfully validated
2021-09-21 18:25:40,308 [RatisPipelineUtilsThread - 0] INFO  pipeline.PipelineStateManager (PipelineStateManagerV2Impl.java:addPipeline(101)) - Created pipeline Pipeline[ Id: 5a0cf6dc-e192-4e77-91ef-650644e59b70, Nodes: d36baf84-b85f-4b26-8f7e-d1f6b1b07563{ip: 10.1.0.27, host: fv-az122-453.zf1tlrj3kn4expqppa1j4mpycf.xx.internal.cloudapp.net, ports: [REPLICATION=44027, RATIS=39631, RATIS_ADMIN=39631, RATIS_SERVER=39631, STANDALONE=43601], networkLocation: /default-rack, certSerialId: null, persistedOpState: IN_SERVICE, persistedOpStateExpiryEpochSec: 0}, ReplicationConfig: RATIS/ONE, State:ALLOCATED, leaderId:, CreationTimestamp2021-09-21T18:25:40.291Z[Etc/UTC]].
2021-09-21 18:25:40,850 [IPC Server handler 2 on default port 39573] INFO  net.NetworkTopologyImpl (NetworkTopologyImpl.java:add(112)) - Added a new node: /default-rack/ac1d7df1-8838-4266-a424-22c9922d1104
2021-09-21 18:25:40,851 [IPC Server handler 2 on default port 39573] INFO  node.SCMNodeManager (SCMNodeManager.java:register(389)) - Registered Data node : ac1d7df1-8838-4266-a424-22c9922d1104{ip: 10.1.0.27, host: fv-az122-453.zf1tlrj3kn4expqppa1j4mpycf.xx.internal.cloudapp.net, ports: [REPLICATION=42733, RATIS=41255, RATIS_ADMIN=41255, RATIS_SERVER=41255, STANDALONE=36793], networkLocation: /default-rack, certSerialId: null, persistedOpState: null, persistedOpStateExpiryEpochSec: 0}
2021-09-21 18:25:40,851 [EventQueue-NewNodeForNewNodeHandler] INFO  pipeline.BackgroundPipelineCreator (BackgroundPipelineCreatorV2.java:notifyEventTriggered(285)) - trigger a one-shot run on RatisPipelineUtilsThread.
2021-09-21 18:25:40,852 [EventQueue-NodeRegistrationContainerReportForDataNodeSafeModeRule] INFO  safemode.SCMSafeModeManager (DataNodeSafeModeRule.java:process(71)) - SCM in safe mode. 2 DataNodes registered, 3 required.
2021-09-21 18:25:40,854 [RatisPipelineUtilsThread - 0] INFO  pipeline.RatisPipelineProvider (RatisPipelineProvider.java:lambda$create$0(183)) - Sending CreatePipelineCommand for pipeline:PipelineID=4144741f-4194-40b2-bb71-2ac51b9beec5 to datanode:ac1d7df1-8838-4266-a424-22c9922d1104
2021-09-21 18:25:40,856 [RatisPipelineUtilsThread - 0] INFO  pipeline.PipelineStateManager (PipelineStateManagerV2Impl.java:addPipeline(101)) - Created pipeline Pipeline[ Id: 4144741f-4194-40b2-bb71-2ac51b9beec5, Nodes: ac1d7df1-8838-4266-a424-22c9922d1104{ip: 10.1.0.27, host: fv-az122-453.zf1tlrj3kn4expqppa1j4mpycf.xx.internal.cloudapp.net, ports: [REPLICATION=42733, RATIS=41255, RATIS_ADMIN=41255, RATIS_SERVER=41255, STANDALONE=36793], networkLocation: /default-rack, certSerialId: null, persistedOpState: IN_SERVICE, persistedOpStateExpiryEpochSec: 0}, ReplicationConfig: RATIS/ONE, State:ALLOCATED, leaderId:, CreationTimestamp2021-09-21T18:25:40.854Z[Etc/UTC]].
2021-09-21 18:25:41,061 [Listener at 127.0.0.1/38417] INFO  ozone.MiniOzoneClusterImpl (MiniOzoneClusterImpl.java:lambda$waitForClusterToBeReady$0(235)) - Waiting for nodes to be ready. Got 2 of 7 DN Heartbeats.
2021-09-21 18:25:41,062 [Listener at 127.0.0.1/38417] INFO  ozone.MiniOzoneClusterImpl (MiniOzoneClusterImpl.java:lambda$waitForClusterToBeReady$0(238)) - Waiting for cluster to exit safe mode
2021-09-21 18:25:41,063 [Listener at 127.0.0.1/38417] INFO  ozone.MiniOzoneClusterImpl (MiniOzoneClusterImpl.java:lambda$waitForClusterToBeReady$0(240)) - SCM became leader
2021-09-21 18:25:41,126 [IPC Server handler 1 on default port 39573] INFO  net.NetworkTopologyImpl (NetworkTopologyImpl.java:add(112)) - Added a new node: /default-rack/7ebb7728-56c4-46fe-8faf-bd5e72c54eae
2021-09-21 18:25:41,127 [IPC Server handler 1 on default port 39573] INFO  node.SCMNodeManager (SCMNodeManager.java:register(389)) - Registered Data node : 7ebb7728-56c4-46fe-8faf-bd5e72c54eae{ip: 10.1.0.27, host: fv-az122-453.zf1tlrj3kn4expqppa1j4mpycf.xx.internal.cloudapp.net, ports: [REPLICATION=42403, RATIS=40201, RATIS_ADMIN=40201, RATIS_SERVER=40201, STANDALONE=39069], networkLocation: /default-rack, certSerialId: null, persistedOpState: null, persistedOpStateExpiryEpochSec: 0}
2021-09-21 18:25:41,127 [EventQueue-NewNodeForNewNodeHandler] INFO  pipeline.BackgroundPipelineCreator (BackgroundPipelineCreatorV2.java:notifyEventTriggered(285)) - trigger a one-shot run on RatisPipelineUtilsThread.
2021-09-21 18:25:41,128 [EventQueue-NodeRegistrationContainerReportForDataNodeSafeModeRule] INFO  safemode.SCMSafeModeManager (DataNodeSafeModeRule.java:process(71)) - SCM in safe mode. 3 DataNodes registered, 3 required.
2021-09-21 18:25:41,128 [EventQueue-NodeRegistrationContainerReportForDataNodeSafeModeRule] INFO  safemode.SCMSafeModeManager (SCMSafeModeManager.java:validateSafeModeExitRules(204)) - DataNodeSafeModeRule rule is successfully validated
2021-09-21 18:25:41,128 [EventQueue-NodeRegistrationContainerReportForDataNodeSafeModeRule] INFO  safemode.SCMSafeModeManager (SCMSafeModeManager.java:completePreCheck(233)) - All SCM safe mode pre check rules have passed
2021-09-21 18:25:41,128 [EventQueue-NodeRegistrationContainerReportForDataNodeSafeModeRule] WARN  events.EventQueue (EventQueue.java:fireEvent(194)) - No event handler registered for event TypedEvent{payloadType=SafeModeStatus, name='Safe mode status'}
2021-09-21 18:25:41,128 [EventQueue-NodeRegistrationContainerReportForDataNodeSafeModeRule] INFO  ha.SCMContext (SCMContext.java:updateSafeModeStatus(205)) - Update SafeModeStatus from SafeModeStatus{safeModeStatus=true, preCheckPassed=false} to SafeModeStatus{safeModeStatus=true, preCheckPassed=true}.
2021-09-21 18:25:41,128 [EventQueue-NodeRegistrationContainerReportForDataNodeSafeModeRule] INFO  pipeline.BackgroundPipelineCreator (BackgroundPipelineCreatorV2.java:notifyEventTriggered(285)) - trigger a one-shot run on RatisPipelineUtilsThread.
2021-09-21 18:25:41,129 [RatisPipelineUtilsThread - 0] INFO  pipeline.RatisPipelineProvider (RatisPipelineProvider.java:lambda$create$0(183)) - Sending CreatePipelineCommand for pipeline:PipelineID=62ad671f-4bdc-4335-9560-567b8a5d2618 to datanode:7ebb7728-56c4-46fe-8faf-bd5e72c54eae
2021-09-21 18:25:41,130 [RatisPipelineUtilsThread - 0] INFO  pipeline.PipelineStateManager (PipelineStateManagerV2Impl.java:addPipeline(101)) - Created pipeline Pipeline[ Id: 62ad671f-4bdc-4335-9560-567b8a5d2618, Nodes: 7ebb7728-56c4-46fe-8faf-bd5e72c54eae{ip: 10.1.0.27, host: fv-az122-453.zf1tlrj3kn4expqppa1j4mpycf.xx.internal.cloudapp.net, ports: [REPLICATION=42403, RATIS=40201, RATIS_ADMIN=40201, RATIS_SERVER=40201, STANDALONE=39069], networkLocation: /default-rack, certSerialId: null, persistedOpState: IN_SERVICE, persistedOpStateExpiryEpochSec: 0}, ReplicationConfig: RATIS/ONE, State:ALLOCATED, leaderId:, CreationTimestamp2021-09-21T18:25:41.129Z[Etc/UTC]].
2021-09-21 18:25:41,134 [RatisPipelineUtilsThread - 0] INFO  pipeline.RatisPipelineProvider (RatisPipelineProvider.java:lambda$create$0(183)) - Sending CreatePipelineCommand for pipeline:PipelineID=e1e6257e-975c-4cff-961e-5490e1c9b297 to datanode:d36baf84-b85f-4b26-8f7e-d1f6b1b07563
2021-09-21 18:25:41,134 [RatisPipelineUtilsThread - 0] INFO  pipeline.RatisPipelineProvider (RatisPipelineProvider.java:lambda$create$0(183)) - Sending CreatePipelineCommand for pipeline:PipelineID=e1e6257e-975c-4cff-961e-5490e1c9b297 to datanode:7ebb7728-56c4-46fe-8faf-bd5e72c54eae
2021-09-21 18:25:41,134 [RatisPipelineUtilsThread - 0] INFO  pipeline.RatisPipelineProvider (RatisPipelineProvider.java:lambda$create$0(183)) - Sending CreatePipelineCommand for pipeline:PipelineID=e1e6257e-975c-4cff-961e-5490e1c9b297 to datanode:ac1d7df1-8838-4266-a424-22c9922d1104
2021-09-21 18:25:41,135 [RatisPipelineUtilsThread - 0] INFO  pipeline.PipelineStateManager (PipelineStateManagerV2Impl.java:addPipeline(101)) - Created pipeline Pipeline[ Id: e1e6257e-975c-4cff-961e-5490e1c9b297, Nodes: d36baf84-b85f-4b26-8f7e-d1f6b1b07563{ip: 10.1.0.27, host: fv-az122-453.zf1tlrj3kn4expqppa1j4mpycf.xx.internal.cloudapp.net, ports: [REPLICATION=44027, RATIS=39631, RATIS_ADMIN=39631, RATIS_SERVER=39631, STANDALONE=43601], networkLocation: /default-rack, certSerialId: null, persistedOpState: IN_SERVICE, persistedOpStateExpiryEpochSec: 0}7ebb7728-56c4-46fe-8faf-bd5e72c54eae{ip: 10.1.0.27, host: fv-az122-453.zf1tlrj3kn4expqppa1j4mpycf.xx.internal.cloudapp.net, ports: [REPLICATION=42403, RATIS=40201, RATIS_ADMIN=40201, RATIS_SERVER=40201, STANDALONE=39069], networkLocation: /default-rack, certSerialId: null, persistedOpState: IN_SERVICE, persistedOpStateExpiryEpochSec: 0}ac1d7df1-8838-4266-a424-22c9922d1104{ip: 10.1.0.27, host: fv-az122-453.zf1tlrj3kn4expqppa1j4mpycf.xx.internal.cloudapp.net, ports: [REPLICATION=42733, RATIS=41255, RATIS_ADMIN=41255, RATIS_SERVER=41255, STANDALONE=36793], networkLocation: /default-rack, certSerialId: null, persistedOpState: IN_SERVICE, persistedOpStateExpiryEpochSec: 0}, ReplicationConfig: RATIS/THREE, State:ALLOCATED, leaderId:, CreationTimestamp2021-09-21T18:25:41.134Z[Etc/UTC]].
2021-09-21 18:25:41,136 [RatisPipelineUtilsThread - 0] INFO  pipeline.RatisPipelineProvider (RatisPipelineProvider.java:lambda$create$0(183)) - Sending CreatePipelineCommand for pipeline:PipelineID=1029a568-8727-427f-b6e2-6cb704dd8418 to datanode:7ebb7728-56c4-46fe-8faf-bd5e72c54eae
2021-09-21 18:25:41,137 [RatisPipelineUtilsThread - 0] INFO  pipeline.RatisPipelineProvider (RatisPipelineProvider.java:lambda$create$0(183)) - Sending CreatePipelineCommand for pipeline:PipelineID=1029a568-8727-427f-b6e2-6cb704dd8418 to datanode:d36baf84-b85f-4b26-8f7e-d1f6b1b07563
2021-09-21 18:25:41,137 [RatisPipelineUtilsThread - 0] INFO  pipeline.RatisPipelineProvider (RatisPipelineProvider.java:lambda$create$0(183)) - Sending CreatePipelineCommand for pipeline:PipelineID=1029a568-8727-427f-b6e2-6cb704dd8418 to datanode:ac1d7df1-8838-4266-a424-22c9922d1104
2021-09-21 18:25:41,138 [RatisPipelineUtilsThread - 0] INFO  pipeline.PipelineStateManager (PipelineStateManagerV2Impl.java:addPipeline(101)) - Created pipeline Pipeline[ Id: 1029a568-8727-427f-b6e2-6cb704dd8418, Nodes: 7ebb7728-56c4-46fe-8faf-bd5e72c54eae{ip: 10.1.0.27, host: fv-az122-453.zf1tlrj3kn4expqppa1j4mpycf.xx.internal.cloudapp.net, ports: [REPLICATION=42403, RATIS=40201, RATIS_ADMIN=40201, RATIS_SERVER=40201, STANDALONE=39069], networkLocation: /default-rack, certSerialId: null, persistedOpState: IN_SERVICE, persistedOpStateExpiryEpochSec: 0}d36baf84-b85f-4b26-8f7e-d1f6b1b07563{ip: 10.1.0.27, host: fv-az122-453.zf1tlrj3kn4expqppa1j4mpycf.xx.internal.cloudapp.net, ports: [REPLICATION=44027, RATIS=39631, RATIS_ADMIN=39631, RATIS_SERVER=39631, STANDALONE=43601], networkLocation: /default-rack, certSerialId: null, persistedOpState: IN_SERVICE, persistedOpStateExpiryEpochSec: 0}ac1d7df1-8838-4266-a424-22c9922d1104{ip: 10.1.0.27, host: fv-az122-453.zf1tlrj3kn4expqppa1j4mpycf.xx.internal.cloudapp.net, ports: [REPLICATION=42733, RATIS=41255, RATIS_ADMIN=41255, RATIS_SERVER=41255, STANDALONE=36793], networkLocation: /default-rack, certSerialId: null, persistedOpState: IN_SERVICE, persistedOpStateExpiryEpochSec: 0}, ReplicationConfig: RATIS/THREE, State:ALLOCATED, leaderId:, CreationTimestamp2021-09-21T18:25:41.136Z[Etc/UTC]].
2021-09-21 18:25:41,138 [RatisPipelineUtilsThread - 0] INFO  pipeline.PipelineManagerImpl (PipelineManagerImpl.java:recordMetricsForPipeline(613)) - Pipeline: PipelineID=1029a568-8727-427f-b6e2-6cb704dd8418 contains same datanodes as previous pipelines: PipelineID=e1e6257e-975c-4cff-961e-5490e1c9b297 nodeIds: 7ebb7728-56c4-46fe-8faf-bd5e72c54eae, d36baf84-b85f-4b26-8f7e-d1f6b1b07563, ac1d7df1-8838-4266-a424-22c9922d1104
2021-09-21 18:25:41,360 [IPC Server handler 3 on default port 39573] INFO  net.NetworkTopologyImpl (NetworkTopologyImpl.java:add(112)) - Added a new node: /default-rack/000602bb-62cb-4174-b1e5-e32eb992284f
2021-09-21 18:25:41,360 [IPC Server handler 3 on default port 39573] INFO  node.SCMNodeManager (SCMNodeManager.java:register(389)) - Registered Data node : 000602bb-62cb-4174-b1e5-e32eb992284f{ip: 10.1.0.27, host: fv-az122-453.zf1tlrj3kn4expqppa1j4mpycf.xx.internal.cloudapp.net, ports: [REPLICATION=38231, RATIS=39235, RATIS_ADMIN=39235, RATIS_SERVER=39235, STANDALONE=33401], networkLocation: /default-rack, certSerialId: null, persistedOpState: null, persistedOpStateExpiryEpochSec: 0}
2021-09-21 18:25:41,361 [EventQueue-NewNodeForNewNodeHandler] INFO  pipeline.BackgroundPipelineCreator (BackgroundPipelineCreatorV2.java:notifyEventTriggered(285)) - trigger a one-shot run on RatisPipelineUtilsThread.
2021-09-21 18:25:41,361 [RatisPipelineUtilsThread - 0] INFO  pipeline.RatisPipelineProvider (RatisPipelineProvider.java:lambda$create$0(183)) - Sending CreatePipelineCommand for pipeline:PipelineID=1c34d39f-0136-47b1-86a3-66bcf67e946b to datanode:000602bb-62cb-4174-b1e5-e32eb992284f
2021-09-21 18:25:41,362 [RatisPipelineUtilsThread - 0] INFO  pipeline.PipelineStateManager (PipelineStateManagerV2Impl.java:addPipeline(101)) - Created pipeline Pipeline[ Id: 1c34d39f-0136-47b1-86a3-66bcf67e946b, Nodes: 000602bb-62cb-4174-b1e5-e32eb992284f{ip: 10.1.0.27, host: fv-az122-453.zf1tlrj3kn4expqppa1j4mpycf.xx.internal.cloudapp.net, ports: [REPLICATION=38231, RATIS=39235, RATIS_ADMIN=39235, RATIS_SERVER=39235, STANDALONE=33401], networkLocation: /default-rack, certSerialId: null, persistedOpState: IN_SERVICE, persistedOpStateExpiryEpochSec: 0}, ReplicationConfig: RATIS/ONE, State:ALLOCATED, leaderId:, CreationTimestamp2021-09-21T18:25:41.361Z[Etc/UTC]].
2021-09-21 18:25:41,582 [IPC Server handler 4 on default port 39573] INFO  net.NetworkTopologyImpl (NetworkTopologyImpl.java:add(112)) - Added a new node: /default-rack/6174554c-eda6-4ca8-a498-7acedbc2905d
2021-09-21 18:25:41,582 [IPC Server handler 4 on default port 39573] INFO  node.SCMNodeManager (SCMNodeManager.java:register(389)) - Registered Data node : 6174554c-eda6-4ca8-a498-7acedbc2905d{ip: 10.1.0.27, host: fv-az122-453.zf1tlrj3kn4expqppa1j4mpycf.xx.internal.cloudapp.net, ports: [REPLICATION=39077, RATIS=43953, RATIS_ADMIN=43953, RATIS_SERVER=43953, STANDALONE=38229], networkLocation: /default-rack, certSerialId: null, persistedOpState: null, persistedOpStateExpiryEpochSec: 0}
2021-09-21 18:25:41,582 [EventQueue-NewNodeForNewNodeHandler] INFO  pipeline.BackgroundPipelineCreator (BackgroundPipelineCreatorV2.java:notifyEventTriggered(285)) - trigger a one-shot run on RatisPipelineUtilsThread.
2021-09-21 18:25:41,583 [RatisPipelineUtilsThread - 0] INFO  pipeline.RatisPipelineProvider (RatisPipelineProvider.java:lambda$create$0(183)) - Sending CreatePipelineCommand for pipeline:PipelineID=3495a40f-b9dc-4f24-95a2-741c39338e1f to datanode:6174554c-eda6-4ca8-a498-7acedbc2905d
2021-09-21 18:25:41,584 [RatisPipelineUtilsThread - 0] INFO  pipeline.PipelineStateManager (PipelineStateManagerV2Impl.java:addPipeline(101)) - Created pipeline Pipeline[ Id: 3495a40f-b9dc-4f24-95a2-741c39338e1f, Nodes: 6174554c-eda6-4ca8-a498-7acedbc2905d{ip: 10.1.0.27, host: fv-az122-453.zf1tlrj3kn4expqppa1j4mpycf.xx.internal.cloudapp.net, ports: [REPLICATION=39077, RATIS=43953, RATIS_ADMIN=43953, RATIS_SERVER=43953, STANDALONE=38229], networkLocation: /default-rack, certSerialId: null, persistedOpState: IN_SERVICE, persistedOpStateExpiryEpochSec: 0}, ReplicationConfig: RATIS/ONE, State:ALLOCATED, leaderId:, CreationTimestamp2021-09-21T18:25:41.583Z[Etc/UTC]].
2021-09-21 18:25:41,826 [IPC Server handler 2 on default port 39573] INFO  net.NetworkTopologyImpl (NetworkTopologyImpl.java:add(112)) - Added a new node: /default-rack/453ecb08-f079-4424-abb7-b5b860d98fa7
2021-09-21 18:25:41,827 [IPC Server handler 2 on default port 39573] INFO  node.SCMNodeManager (SCMNodeManager.java:register(389)) - Registered Data node : 453ecb08-f079-4424-abb7-b5b860d98fa7{ip: 10.1.0.27, host: fv-az122-453.zf1tlrj3kn4expqppa1j4mpycf.xx.internal.cloudapp.net, ports: [REPLICATION=44591, RATIS=45375, RATIS_ADMIN=45375, RATIS_SERVER=45375, STANDALONE=33283], networkLocation: /default-rack, certSerialId: null, persistedOpState: null, persistedOpStateExpiryEpochSec: 0}
2021-09-21 18:25:41,827 [EventQueue-NewNodeForNewNodeHandler] INFO  pipeline.BackgroundPipelineCreator (BackgroundPipelineCreatorV2.java:notifyEventTriggered(285)) - trigger a one-shot run on RatisPipelineUtilsThread.
2021-09-21 18:25:41,829 [RatisPipelineUtilsThread - 0] INFO  pipeline.RatisPipelineProvider (RatisPipelineProvider.java:lambda$create$0(183)) - Sending CreatePipelineCommand for pipeline:PipelineID=d3129733-9166-4230-b49b-0fbdd5f58ac2 to datanode:453ecb08-f079-4424-abb7-b5b860d98fa7
2021-09-21 18:25:41,830 [RatisPipelineUtilsThread - 0] INFO  pipeline.PipelineStateManager (PipelineStateManagerV2Impl.java:addPipeline(101)) - Created pipeline Pipeline[ Id: d3129733-9166-4230-b49b-0fbdd5f58ac2, Nodes: 453ecb08-f079-4424-abb7-b5b860d98fa7{ip: 10.1.0.27, host: fv-az122-453.zf1tlrj3kn4expqppa1j4mpycf.xx.internal.cloudapp.net, ports: [REPLICATION=44591, RATIS=45375, RATIS_ADMIN=45375, RATIS_SERVER=45375, STANDALONE=33283], networkLocation: /default-rack, certSerialId: null, persistedOpState: IN_SERVICE, persistedOpStateExpiryEpochSec: 0}, ReplicationConfig: RATIS/ONE, State:ALLOCATED, leaderId:, CreationTimestamp2021-09-21T18:25:41.829Z[Etc/UTC]].
2021-09-21 18:25:41,832 [RatisPipelineUtilsThread - 0] INFO  pipeline.RatisPipelineProvider (RatisPipelineProvider.java:lambda$create$0(183)) - Sending CreatePipelineCommand for pipeline:PipelineID=3a97cb87-08b0-4d45-b12e-df9194bc50da to datanode:000602bb-62cb-4174-b1e5-e32eb992284f
2021-09-21 18:25:41,832 [RatisPipelineUtilsThread - 0] INFO  pipeline.RatisPipelineProvider (RatisPipelineProvider.java:lambda$create$0(183)) - Sending CreatePipelineCommand for pipeline:PipelineID=3a97cb87-08b0-4d45-b12e-df9194bc50da to datanode:6174554c-eda6-4ca8-a498-7acedbc2905d
2021-09-21 18:25:41,832 [RatisPipelineUtilsThread - 0] INFO  pipeline.RatisPipelineProvider (RatisPipelineProvider.java:lambda$create$0(183)) - Sending CreatePipelineCommand for pipeline:PipelineID=3a97cb87-08b0-4d45-b12e-df9194bc50da to datanode:453ecb08-f079-4424-abb7-b5b860d98fa7
2021-09-21 18:25:41,833 [RatisPipelineUtilsThread - 0] INFO  pipeline.PipelineStateManager (PipelineStateManagerV2Impl.java:addPipeline(101)) - Created pipeline Pipeline[ Id: 3a97cb87-08b0-4d45-b12e-df9194bc50da, Nodes: 000602bb-62cb-4174-b1e5-e32eb992284f{ip: 10.1.0.27, host: fv-az122-453.zf1tlrj3kn4expqppa1j4mpycf.xx.internal.cloudapp.net, ports: [REPLICATION=38231, RATIS=39235, RATIS_ADMIN=39235, RATIS_SERVER=39235, STANDALONE=33401], networkLocation: /default-rack, certSerialId: null, persistedOpState: IN_SERVICE, persistedOpStateExpiryEpochSec: 0}6174554c-eda6-4ca8-a498-7acedbc2905d{ip: 10.1.0.27, host: fv-az122-453.zf1tlrj3kn4expqppa1j4mpycf.xx.internal.cloudapp.net, ports: [REPLICATION=39077, RATIS=43953, RATIS_ADMIN=43953, RATIS_SERVER=43953, STANDALONE=38229], networkLocation: /default-rack, certSerialId: null, persistedOpState: IN_SERVICE, persistedOpStateExpiryEpochSec: 0}453ecb08-f079-4424-abb7-b5b860d98fa7{ip: 10.1.0.27, host: fv-az122-453.zf1tlrj3kn4expqppa1j4mpycf.xx.internal.cloudapp.net, ports: [REPLICATION=44591, RATIS=45375, RATIS_ADMIN=45375, RATIS_SERVER=45375, STANDALONE=33283], networkLocation: /default-rack, certSerialId: null, persistedOpState: IN_SERVICE, persistedOpStateExpiryEpochSec: 0}, ReplicationConfig: RATIS/THREE, State:ALLOCATED, leaderId:, CreationTimestamp2021-09-21T18:25:41.832Z[Etc/UTC]].
2021-09-21 18:25:41,834 [RatisPipelineUtilsThread - 0] INFO  pipeline.RatisPipelineProvider (RatisPipelineProvider.java:lambda$create$0(183)) - Sending CreatePipelineCommand for pipeline:PipelineID=2d503cb4-199a-4431-97fc-2fe6c912f1a7 to datanode:453ecb08-f079-4424-abb7-b5b860d98fa7
2021-09-21 18:25:41,834 [RatisPipelineUtilsThread - 0] INFO  pipeline.RatisPipelineProvider (RatisPipelineProvider.java:lambda$create$0(183)) - Sending CreatePipelineCommand for pipeline:PipelineID=2d503cb4-199a-4431-97fc-2fe6c912f1a7 to datanode:6174554c-eda6-4ca8-a498-7acedbc2905d
2021-09-21 18:25:41,834 [RatisPipelineUtilsThread - 0] INFO  pipeline.RatisPipelineProvider (RatisPipelineProvider.java:lambda$create$0(183)) - Sending CreatePipelineCommand for pipeline:PipelineID=2d503cb4-199a-4431-97fc-2fe6c912f1a7 to datanode:000602bb-62cb-4174-b1e5-e32eb992284f
2021-09-21 18:25:41,835 [RatisPipelineUtilsThread - 0] INFO  pipeline.PipelineStateManager (PipelineStateManagerV2Impl.java:addPipeline(101)) - Created pipeline Pipeline[ Id: 2d503cb4-199a-4431-97fc-2fe6c912f1a7, Nodes: 453ecb08-f079-4424-abb7-b5b860d98fa7{ip: 10.1.0.27, host: fv-az122-453.zf1tlrj3kn4expqppa1j4mpycf.xx.internal.cloudapp.net, ports: [REPLICATION=44591, RATIS=45375, RATIS_ADMIN=45375, RATIS_SERVER=45375, STANDALONE=33283], networkLocation: /default-rack, certSerialId: null, persistedOpState: IN_SERVICE, persistedOpStateExpiryEpochSec: 0}6174554c-eda6-4ca8-a498-7acedbc2905d{ip: 10.1.0.27, host: fv-az122-453.zf1tlrj3kn4expqppa1j4mpycf.xx.internal.cloudapp.net, ports: [REPLICATION=39077, RATIS=43953, RATIS_ADMIN=43953, RATIS_SERVER=43953, STANDALONE=38229], networkLocation: /default-rack, certSerialId: null, persistedOpState: IN_SERVICE, persistedOpStateExpiryEpochSec: 0}000602bb-62cb-4174-b1e5-e32eb992284f{ip: 10.1.0.27, host: fv-az122-453.zf1tlrj3kn4expqppa1j4mpycf.xx.internal.cloudapp.net, ports: [REPLICATION=38231, RATIS=39235, RATIS_ADMIN=39235, RATIS_SERVER=39235, STANDALONE=33401], networkLocation: /default-rack, certSerialId: null, persistedOpState: IN_SERVICE, persistedOpStateExpiryEpochSec: 0}, ReplicationConfig: RATIS/THREE, State:ALLOCATED, leaderId:, CreationTimestamp2021-09-21T18:25:41.834Z[Etc/UTC]].
2021-09-21 18:25:41,835 [RatisPipelineUtilsThread - 0] INFO  pipeline.PipelineManagerImpl (PipelineManagerImpl.java:recordMetricsForPipeline(613)) - Pipeline: PipelineID=2d503cb4-199a-4431-97fc-2fe6c912f1a7 contains same datanodes as previous pipelines: PipelineID=3a97cb87-08b0-4d45-b12e-df9194bc50da nodeIds: 453ecb08-f079-4424-abb7-b5b860d98fa7, 6174554c-eda6-4ca8-a498-7acedbc2905d, 000602bb-62cb-4174-b1e5-e32eb992284f
2021-09-21 18:25:42,063 [Listener at 127.0.0.1/38417] INFO  ozone.MiniOzoneClusterImpl (MiniOzoneClusterImpl.java:lambda$waitForClusterToBeReady$0(235)) - Waiting for nodes to be ready. Got 6 of 7 DN Heartbeats.
2021-09-21 18:25:42,065 [Listener at 127.0.0.1/38417] INFO  ozone.MiniOzoneClusterImpl (MiniOzoneClusterImpl.java:lambda$waitForClusterToBeReady$0(238)) - Waiting for cluster to exit safe mode
2021-09-21 18:25:42,065 [Listener at 127.0.0.1/38417] INFO  ozone.MiniOzoneClusterImpl (MiniOzoneClusterImpl.java:lambda$waitForClusterToBeReady$0(240)) - SCM became leader
2021-09-21 18:25:42,079 [IPC Server handler 0 on default port 39573] INFO  net.NetworkTopologyImpl (NetworkTopologyImpl.java:add(112)) - Added a new node: /default-rack/476460e9-b3a1-45f5-ac75-d031942c3748
2021-09-21 18:25:42,080 [IPC Server handler 0 on default port 39573] INFO  node.SCMNodeManager (SCMNodeManager.java:register(389)) - Registered Data node : 476460e9-b3a1-45f5-ac75-d031942c3748{ip: 10.1.0.27, host: fv-az122-453.zf1tlrj3kn4expqppa1j4mpycf.xx.internal.cloudapp.net, ports: [REPLICATION=37073, RATIS=35049, RATIS_ADMIN=35049, RATIS_SERVER=35049, STANDALONE=46777], networkLocation: /default-rack, certSerialId: null, persistedOpState: null, persistedOpStateExpiryEpochSec: 0}
2021-09-21 18:25:42,080 [EventQueue-NewNodeForNewNodeHandler] INFO  pipeline.BackgroundPipelineCreator (BackgroundPipelineCreatorV2.java:notifyEventTriggered(285)) - trigger a one-shot run on RatisPipelineUtilsThread.
2021-09-21 18:25:42,081 [RatisPipelineUtilsThread - 0] INFO  pipeline.RatisPipelineProvider (RatisPipelineProvider.java:lambda$create$0(183)) - Sending CreatePipelineCommand for pipeline:PipelineID=646a220a-cf0f-4d1d-92ef-888a40b500a1 to datanode:476460e9-b3a1-45f5-ac75-d031942c3748
2021-09-21 18:25:42,081 [RatisPipelineUtilsThread - 0] INFO  pipeline.PipelineStateManager (PipelineStateManagerV2Impl.java:addPipeline(101)) - Created pipeline Pipeline[ Id: 646a220a-cf0f-4d1d-92ef-888a40b500a1, Nodes: 476460e9-b3a1-45f5-ac75-d031942c3748{ip: 10.1.0.27, host: fv-az122-453.zf1tlrj3kn4expqppa1j4mpycf.xx.internal.cloudapp.net, ports: [REPLICATION=37073, RATIS=35049, RATIS_ADMIN=35049, RATIS_SERVER=35049, STANDALONE=46777], networkLocation: /default-rack, certSerialId: null, persistedOpState: IN_SERVICE, persistedOpStateExpiryEpochSec: 0}, ReplicationConfig: RATIS/ONE, State:ALLOCATED, leaderId:, CreationTimestamp2021-09-21T18:25:42.081Z[Etc/UTC]].
2021-09-21 18:25:43,065 [Listener at 127.0.0.1/38417] INFO  ozone.MiniOzoneClusterImpl (MiniOzoneClusterImpl.java:lambda$waitForClusterToBeReady$0(235)) - Nodes are ready. Got 7 of 7 DN Heartbeats.
2021-09-21 18:25:43,065 [Listener at 127.0.0.1/38417] INFO  ozone.MiniOzoneClusterImpl (MiniOzoneClusterImpl.java:lambda$waitForClusterToBeReady$0(238)) - Waiting for cluster to exit safe mode
2021-09-21 18:25:43,065 [Listener at 127.0.0.1/38417] INFO  ozone.MiniOzoneClusterImpl (MiniOzoneClusterImpl.java:lambda$waitForClusterToBeReady$0(240)) - SCM became leader
2021-09-21 18:25:43,257 [Command processor thread] INFO  server.RaftServer (RaftServerProxy.java:addNew(95)) - d36baf84-b85f-4b26-8f7e-d1f6b1b07563: addNew group-650644E59B70:[d36baf84-b85f-4b26-8f7e-d1f6b1b07563|rpc:10.1.0.27:39631|priority:1] returns group-650644E59B70:java.util.concurrent.CompletableFuture@15cfcd63[Not completed]
2021-09-21 18:25:43,268 [pool-55-thread-1] INFO  server.RaftServer$Division (RaftServerImpl.java:<init>(181)) - d36baf84-b85f-4b26-8f7e-d1f6b1b07563: new RaftServerImpl for group-650644E59B70:[d36baf84-b85f-4b26-8f7e-d1f6b1b07563|rpc:10.1.0.27:39631|priority:1] with ContainerStateMachine:uninitialized
2021-09-21 18:25:43,269 [pool-55-thread-1] INFO  server.RaftServerConfigKeys (ConfUtils.java:logGet(44)) - raft.server.rpc.timeout.min = 5s (custom)
2021-09-21 18:25:43,269 [pool-55-thread-1] INFO  server.RaftServerConfigKeys (ConfUtils.java:logGet(44)) - raft.server.rpc.timeout.max = 5200ms (custom)
2021-09-21 18:25:43,269 [pool-55-thread-1] INFO  server.RaftServerConfigKeys (ConfUtils.java:logGet(44)) - raft.server.rpc.sleep.time = 25ms (default)
2021-09-21 18:25:43,269 [pool-55-thread-1] INFO  server.RaftServerConfigKeys (ConfUtils.java:logGet(44)) - raft.server.rpc.slowness.timeout = 300000ms (custom)
2021-09-21 18:25:43,270 [pool-55-thread-1] INFO  server.RaftServerConfigKeys (ConfUtils.java:logGet(44)) - raft.server.leaderelection.leader.step-down.wait-time = 10s (default)
2021-09-21 18:25:43,270 [pool-55-thread-1] INFO  server.RaftServerConfigKeys (ConfUtils.java:logGet(44)) - raft.server.sleep.deviation.threshold = 300ms (default)
2021-09-21 18:25:43,270 [pool-55-thread-1] INFO  server.RaftServerConfigKeys (ConfUtils.java:logGet(44)) - raft.server.log.appender.install.snapshot.enabled = false (custom)
2021-09-21 18:25:43,270 [pool-55-thread-1] INFO  server.RaftServer$Division (ServerState.java:<init>(105)) - d36baf84-b85f-4b26-8f7e-d1f6b1b07563@group-650644E59B70: ConfigurationManager, init=-1: [d36baf84-b85f-4b26-8f7e-d1f6b1b07563|rpc:10.1.0.27:39631|priority:1], old=null, confs=<EMPTY_MAP>
2021-09-21 18:25:43,270 [pool-55-thread-1] INFO  server.RaftServerConfigKeys (ConfUtils.java:logGet(44)) - raft.server.storage.dir = [/home/runner/work/ozone/ozone/hadoop-ozone/integration-test/target/test-dir/MiniOzoneClusterImpl-8dff45f7-6a4c-4a77-aa6d-4bab94871626/datanode-0/data/ratis] (custom)
2021-09-21 18:25:43,270 [pool-55-thread-1] INFO  server.RaftServerConfigKeys (ConfUtils.java:logGet(44)) - raft.server.log.corruption.policy = EXCEPTION (default)
2021-09-21 18:25:43,270 [pool-55-thread-1] INFO  server.RaftServerConfigKeys (ConfUtils.java:logGet(44)) - raft.server.storage.free-space.min = 0MB (=0) (default)
2021-09-21 18:25:43,270 [pool-55-thread-1] INFO  storage.RaftStorageDirectory (RaftStorageDirectoryImpl.java:analyzeStorage(135)) - The storage directory /home/runner/work/ozone/ozone/hadoop-ozone/integration-test/target/test-dir/MiniOzoneClusterImpl-8dff45f7-6a4c-4a77-aa6d-4bab94871626/datanode-0/data/ratis/5a0cf6dc-e192-4e77-91ef-650644e59b70 does not exist. Creating ...
2021-09-21 18:25:43,273 [pool-55-thread-1] INFO  storage.RaftStorageDirectory (RaftStorageDirectoryImpl.java:tryLock(230)) - Lock on /home/runner/work/ozone/ozone/hadoop-ozone/integration-test/target/test-dir/MiniOzoneClusterImpl-8dff45f7-6a4c-4a77-aa6d-4bab94871626/datanode-0/data/ratis/5a0cf6dc-e192-4e77-91ef-650644e59b70/in_use.lock acquired by nodename 22499@fv-az122-453
2021-09-21 18:25:43,274 [pool-55-thread-1] INFO  storage.RaftStorage (RaftStorageImpl.java:format(89)) - Storage directory /home/runner/work/ozone/ozone/hadoop-ozone/integration-test/target/test-dir/MiniOzoneClusterImpl-8dff45f7-6a4c-4a77-aa6d-4bab94871626/datanode-0/data/ratis/5a0cf6dc-e192-4e77-91ef-650644e59b70 has been successfully formatted.
2021-09-21 18:25:43,280 [pool-55-thread-1] INFO  ratis.ContainerStateMachine (ContainerStateMachine.java:loadSnapshot(224)) - group-650644E59B70: The snapshot info is null. Setting the last applied indexto:(t:0, i:~)
2021-09-21 18:25:43,281 [pool-55-thread-1] INFO  server.RaftServerConfigKeys (ConfUtils.java:logGet(44)) - raft.server.notification.no-leader.timeout = 300000ms (custom)
2021-09-21 18:25:43,281 [Datanode State Machine Thread - 0] WARN  statemachine.StateContext (StateContext.java:execute(621)) - No available thread in pool for past 1 seconds.
2021-09-21 18:25:43,281 [pool-55-thread-1] INFO  server.RaftServerConfigKeys (ConfUtils.java:logGet(44)) - raft.server.log.use.memory = false (default)
2021-09-21 18:25:43,281 [pool-55-thread-1] INFO  server.RaftServerConfigKeys (ConfUtils.java:logGet(44)) - raft.server.log.purge.gap = 1000000 (custom)
2021-09-21 18:25:43,281 [pool-55-thread-1] INFO  server.RaftServerConfigKeys (ConfUtils.java:logGet(44)) - raft.server.log.appender.buffer.byte-limit = 33554432 (custom)
2021-09-21 18:25:43,282 [pool-55-thread-1] INFO  server.RaftServerConfigKeys (ConfUtils.java:logGet(44)) - raft.server.log.segment.size.max = 1048576 (custom)
2021-09-21 18:25:43,283 [pool-55-thread-1] INFO  server.RaftServerConfigKeys (ConfUtils.java:logGet(44)) - raft.server.log.segment.cache.num.max = 2 (custom)
2021-09-21 18:25:43,283 [pool-55-thread-1] INFO  server.RaftServerConfigKeys (ConfUtils.java:logGet(44)) - raft.server.log.segment.cache.size.max = 200MB (=209715200) (default)
2021-09-21 18:25:43,283 [pool-55-thread-1] INFO  segmented.SegmentedRaftLogWorker (SegmentedRaftLogWorker.java:<init>(182)) - new d36baf84-b85f-4b26-8f7e-d1f6b1b07563@group-650644E59B70-SegmentedRaftLogWorker for RaftStorageImpl:Storage Directory /home/runner/work/ozone/ozone/hadoop-ozone/integration-test/target/test-dir/MiniOzoneClusterImpl-8dff45f7-6a4c-4a77-aa6d-4bab94871626/datanode-0/data/ratis/5a0cf6dc-e192-4e77-91ef-650644e59b70
2021-09-21 18:25:43,283 [pool-55-thread-1] INFO  server.RaftServerConfigKeys (ConfUtils.java:logGet(44)) - raft.server.log.queue.byte-limit = 2147483647 (custom)
2021-09-21 18:25:43,283 [pool-55-thread-1] INFO  server.RaftServerConfigKeys (ConfUtils.java:logGet(44)) - raft.server.log.queue.element-limit = 1024 (custom)
2021-09-21 18:25:43,283 [pool-55-thread-1] INFO  server.RaftServerConfigKeys (ConfUtils.java:logGet(44)) - raft.server.log.segment.size.max = 1048576 (custom)
2021-09-21 18:25:43,283 [pool-55-thread-1] INFO  server.RaftServerConfigKeys (ConfUtils.java:logGet(44)) - raft.server.log.preallocated.size = 16384 (custom)
2021-09-21 18:25:43,283 [pool-55-thread-1] INFO  server.RaftServerConfigKeys (ConfUtils.java:logGet(44)) - raft.server.log.force.sync.num = 128 (default)
2021-09-21 18:25:43,284 [pool-55-thread-1] INFO  server.RaftServerConfigKeys (ConfUtils.java:logGet(44)) - raft.server.log.statemachine.data.sync = true (default)
2021-09-21 18:25:43,284 [pool-55-thread-1] INFO  server.RaftServerConfigKeys (ConfUtils.java:logGet(44)) - raft.server.log.statemachine.data.sync.timeout = 10s (default)
2021-09-21 18:25:43,284 [pool-55-thread-1] INFO  server.RaftServerConfigKeys (ConfUtils.java:logGet(44)) - raft.server.log.statemachine.data.sync.timeout.retry = -1 (default)
2021-09-21 18:25:43,287 [pool-55-thread-1] INFO  server.RaftServerConfigKeys (ConfUtils.java:logGet(44)) - raft.server.log.write.buffer.size = 1048576 (custom)
2021-09-21 18:25:43,287 [pool-55-thread-1] INFO  server.RaftServerConfigKeys (ConfUtils.java:logGet(44)) - raft.server.log.statemachine.data.caching.enabled = true (custom)
2021-09-21 18:25:43,288 [pool-55-thread-1] INFO  segmented.SegmentedRaftLogWorker (SegmentedRaftLogWorker.java:lambda$new$0(133)) - d36baf84-b85f-4b26-8f7e-d1f6b1b07563@group-650644E59B70-SegmentedRaftLogWorker: flushIndex: setUnconditionally 0 -> -1
2021-09-21 18:25:43,288 [pool-55-thread-1] INFO  segmented.SegmentedRaftLogWorker (SegmentedRaftLogWorker.java:lambda$new$0(133)) - d36baf84-b85f-4b26-8f7e-d1f6b1b07563@group-650644E59B70-SegmentedRaftLogWorker: safeCacheEvictIndex: setUnconditionally 0 -> -1
2021-09-21 18:25:43,288 [pool-55-thread-1] INFO  server.RaftServerConfigKeys (ConfUtils.java:logGet(44)) - raft.server.snapshot.auto.trigger.enabled = true (custom)
2021-09-21 18:25:43,288 [pool-55-thread-1] INFO  server.RaftServerConfigKeys (ConfUtils.java:logGet(44)) - raft.server.snapshot.auto.trigger.threshold = 10000 (custom)
2021-09-21 18:25:43,288 [pool-55-thread-1] INFO  server.RaftServerConfigKeys (ConfUtils.java:logGet(44)) - raft.server.snapshot.retention.file.num = 5 (custom)
2021-09-21 18:25:43,288 [pool-55-thread-1] INFO  server.RaftServerConfigKeys (ConfUtils.java:logGet(44)) - raft.server.log.purge.upto.snapshot.index = false (default)
2021-09-21 18:25:43,288 [pool-55-thread-1] INFO  server.RaftServerConfigKeys (ConfUtils.java:logGet(44)) - raft.server.retrycache.expirytime = 600000ms (custom)
2021-09-21 18:25:43,288 [pool-55-thread-1] INFO  server.RaftServerConfigKeys (ConfUtils.java:logGet(44)) - raft.server.retrycache.statistics.expirytime = 100μs (default)
2021-09-21 18:25:43,292 [pool-55-thread-1] INFO  server.RaftServer$Division (RaftServerImpl.java:start(296)) - d36baf84-b85f-4b26-8f7e-d1f6b1b07563@group-650644E59B70: start as a follower, conf=-1: [d36baf84-b85f-4b26-8f7e-d1f6b1b07563|rpc:10.1.0.27:39631|priority:1], old=null
2021-09-21 18:25:43,292 [pool-55-thread-1] INFO  server.RaftServer$Division (RaftServerImpl.java:setRole(285)) - d36baf84-b85f-4b26-8f7e-d1f6b1b07563@group-650644E59B70: changes role from      null to FOLLOWER at term 0 for startAsFollower
2021-09-21 18:25:43,293 [pool-55-thread-1] INFO  impl.RoleInfo (RoleInfo.java:updateAndGet(130)) - d36baf84-b85f-4b26-8f7e-d1f6b1b07563: start d36baf84-b85f-4b26-8f7e-d1f6b1b07563@group-650644E59B70-FollowerState
2021-09-21 18:25:43,293 [pool-55-thread-1] INFO  util.JmxRegister (JmxRegister.java:tryRegister(44)) - Successfully registered JMX Bean with object name Ratis:service=RaftServer,group=group-650644E59B70,id=d36baf84-b85f-4b26-8f7e-d1f6b1b07563
2021-09-21 18:25:43,305 [Command processor thread] INFO  ratis.XceiverServerRatis (XceiverServerRatis.java:addGroup(762)) - Created group PipelineID=5a0cf6dc-e192-4e77-91ef-650644e59b70
2021-09-21 18:25:43,306 [Command processor thread] INFO  commandhandler.CreatePipelineCommandHandler (CreatePipelineCommandHandler.java:handle(106)) - Created Pipeline RATIS ONE PipelineID=5a0cf6dc-e192-4e77-91ef-650644e59b70.
2021-09-21 18:25:43,306 [Command processor thread] INFO  server.RaftServer (RaftServerProxy.java:addNew(95)) - d36baf84-b85f-4b26-8f7e-d1f6b1b07563: addNew group-5490E1C9B297:[d36baf84-b85f-4b26-8f7e-d1f6b1b07563|rpc:10.1.0.27:39631|priority:0, ac1d7df1-8838-4266-a424-22c9922d1104|rpc:10.1.0.27:41255|priority:0, 7ebb7728-56c4-46fe-8faf-bd5e72c54eae|rpc:10.1.0.27:40201|priority:1] returns group-5490E1C9B297:java.util.concurrent.CompletableFuture@2a7dc7a3[Not completed]
2021-09-21 18:25:43,307 [pool-55-thread-1] INFO  server.RaftServer$Division (RaftServerImpl.java:<init>(181)) - d36baf84-b85f-4b26-8f7e-d1f6b1b07563: new RaftServerImpl for group-5490E1C9B297:[d36baf84-b85f-4b26-8f7e-d1f6b1b07563|rpc:10.1.0.27:39631|priority:0, ac1d7df1-8838-4266-a424-22c9922d1104|rpc:10.1.0.27:41255|priority:0, 7ebb7728-56c4-46fe-8faf-bd5e72c54eae|rpc:10.1.0.27:40201|priority:1] with ContainerStateMachine:uninitialized
2021-09-21 18:25:43,308 [pool-55-thread-1] INFO  server.RaftServerConfigKeys (ConfUtils.java:logGet(44)) - raft.server.rpc.timeout.min = 5s (custom)
2021-09-21 18:25:43,308 [pool-55-thread-1] INFO  server.RaftServerConfigKeys (ConfUtils.java:logGet(44)) - raft.server.rpc.timeout.max = 5200ms (custom)
2021-09-21 18:25:43,308 [pool-55-thread-1] INFO  server.RaftServerConfigKeys (ConfUtils.java:logGet(44)) - raft.server.rpc.sleep.time = 25ms (default)
2021-09-21 18:25:43,308 [pool-55-thread-1] INFO  server.RaftServerConfigKeys (ConfUtils.java:logGet(44)) - raft.server.rpc.slowness.timeout = 300000ms (custom)
2021-09-21 18:25:43,308 [pool-55-thread-1] INFO  server.RaftServerConfigKeys (ConfUtils.java:logGet(44)) - raft.server.leaderelection.leader.step-down.wait-time = 10s (default)
2021-09-21 18:25:43,308 [pool-55-thread-1] INFO  server.RaftServerConfigKeys (ConfUtils.java:logGet(44)) - raft.server.sleep.deviation.threshold = 300ms (default)
2021-09-21 18:25:43,308 [pool-55-thread-1] INFO  server.RaftServerConfigKeys (ConfUtils.java:logGet(44)) - raft.server.log.appender.install.snapshot.enabled = false (custom)
2021-09-21 18:25:43,309 [pool-55-thread-1] INFO  server.RaftServer$Division (ServerState.java:<init>(105)) - d36baf84-b85f-4b26-8f7e-d1f6b1b07563@group-5490E1C9B297: ConfigurationManager, init=-1: [d36baf84-b85f-4b26-8f7e-d1f6b1b07563|rpc:10.1.0.27:39631|priority:0, ac1d7df1-8838-4266-a424-22c9922d1104|rpc:10.1.0.27:41255|priority:0, 7ebb7728-56c4-46fe-8faf-bd5e72c54eae|rpc:10.1.0.27:40201|priority:1], old=null, confs=<EMPTY_MAP>
2021-09-21 18:25:43,309 [pool-55-thread-1] INFO  server.RaftServerConfigKeys (ConfUtils.java:logGet(44)) - raft.server.storage.dir = [/home/runner/work/ozone/ozone/hadoop-ozone/integration-test/target/test-dir/MiniOzoneClusterImpl-8dff45f7-6a4c-4a77-aa6d-4bab94871626/datanode-0/data/ratis] (custom)
2021-09-21 18:25:43,309 [pool-55-thread-1] INFO  server.RaftServerConfigKeys (ConfUtils.java:logGet(44)) - raft.server.log.corruption.policy = EXCEPTION (default)
2021-09-21 18:25:43,309 [pool-55-thread-1] INFO  server.RaftServerConfigKeys (ConfUtils.java:logGet(44)) - raft.server.storage.free-space.min = 0MB (=0) (default)
2021-09-21 18:25:43,310 [pool-55-thread-1] INFO  storage.RaftStorageDirectory (RaftStorageDirectoryImpl.java:analyzeStorage(135)) - The storage directory /home/runner/work/ozone/ozone/hadoop-ozone/integration-test/target/test-dir/MiniOzoneClusterImpl-8dff45f7-6a4c-4a77-aa6d-4bab94871626/datanode-0/data/ratis/e1e6257e-975c-4cff-961e-5490e1c9b297 does not exist. Creating ...
2021-09-21 18:25:43,311 [pool-55-thread-1] INFO  storage.RaftStorageDirectory (RaftStorageDirectoryImpl.java:tryLock(230)) - Lock on /home/runner/work/ozone/ozone/hadoop-ozone/integration-test/target/test-dir/MiniOzoneClusterImpl-8dff45f7-6a4c-4a77-aa6d-4bab94871626/datanode-0/data/ratis/e1e6257e-975c-4cff-961e-5490e1c9b297/in_use.lock acquired by nodename 22499@fv-az122-453
2021-09-21 18:25:43,312 [pool-55-thread-1] INFO  storage.RaftStorage (RaftStorageImpl.java:format(89)) - Storage directory /home/runner/work/ozone/ozone/hadoop-ozone/integration-test/target/test-dir/MiniOzoneClusterImpl-8dff45f7-6a4c-4a77-aa6d-4bab94871626/datanode-0/data/ratis/e1e6257e-975c-4cff-961e-5490e1c9b297 has been successfully formatted.
2021-09-21 18:25:43,325 [Datanode State Machine Thread - 0] WARN  statemachine.StateContext (StateContext.java:execute(621)) - No available thread in pool for past 1 seconds.
2021-09-21 18:25:43,325 [pool-55-thread-1] INFO  ratis.ContainerStateMachine (ContainerStateMachine.java:loadSnapshot(224)) - group-5490E1C9B297: The snapshot info is null. Setting the last applied indexto:(t:0, i:~)
2021-09-21 18:25:43,326 [pool-55-thread-1] INFO  server.RaftServerConfigKeys (ConfUtils.java:logGet(44)) - raft.server.notification.no-leader.timeout = 300000ms (custom)
2021-09-21 18:25:43,326 [pool-55-thread-1] INFO  server.RaftServerConfigKeys (ConfUtils.java:logGet(44)) - raft.server.log.use.memory = false (default)
2021-09-21 18:25:43,326 [pool-55-thread-1] INFO  server.RaftServerConfigKeys (ConfUtils.java:logGet(44)) - raft.server.log.purge.gap = 1000000 (custom)
2021-09-21 18:25:43,326 [pool-55-thread-1] INFO  server.RaftServerConfigKeys (ConfUtils.java:logGet(44)) - raft.server.log.appender.buffer.byte-limit = 33554432 (custom)
2021-09-21 18:25:43,326 [EventQueue-PipelineReportForPipelineReportHandler] INFO  pipeline.PipelineManagerImpl (PipelineManagerImpl.java:openPipeline(282)) - Pipeline Pipeline[ Id: 5a0cf6dc-e192-4e77-91ef-650644e59b70, Nodes: d36baf84-b85f-4b26-8f7e-d1f6b1b07563{ip: 10.1.0.27, host: fv-az122-453.zf1tlrj3kn4expqppa1j4mpycf.xx.internal.cloudapp.net, ports: [REPLICATION=44027, RATIS=39631, RATIS_ADMIN=39631, RATIS_SERVER=39631, STANDALONE=43601], networkLocation: /default-rack, certSerialId: null, persistedOpState: IN_SERVICE, persistedOpStateExpiryEpochSec: 0}, ReplicationConfig: RATIS/ONE, State:ALLOCATED, leaderId:d36baf84-b85f-4b26-8f7e-d1f6b1b07563, CreationTimestamp2021-09-21T18:25:40.291Z[Etc/UTC]] moved to OPEN state
2021-09-21 18:25:43,326 [pool-55-thread-1] INFO  server.RaftServerConfigKeys (ConfUtils.java:logGet(44)) - raft.server.log.segment.size.max = 1048576 (custom)
2021-09-21 18:25:43,329 [pool-55-thread-1] INFO  server.RaftServerConfigKeys (ConfUtils.java:logGet(44)) - raft.server.log.segment.cache.num.max = 2 (custom)
2021-09-21 18:25:43,330 [pool-55-thread-1] INFO  server.RaftServerConfigKeys (ConfUtils.java:logGet(44)) - raft.server.log.segment.cache.size.max = 200MB (=209715200) (default)
2021-09-21 18:25:43,330 [pool-55-thread-1] INFO  segmented.SegmentedRaftLogWorker (SegmentedRaftLogWorker.java:<init>(182)) - new d36baf84-b85f-4b26-8f7e-d1f6b1b07563@group-5490E1C9B297-SegmentedRaftLogWorker for RaftStorageImpl:Storage Directory /home/runner/work/ozone/ozone/hadoop-ozone/integration-test/target/test-dir/MiniOzoneClusterImpl-8dff45f7-6a4c-4a77-aa6d-4bab94871626/datanode-0/data/ratis/e1e6257e-975c-4cff-961e-5490e1c9b297
2021-09-21 18:25:43,330 [pool-55-thread-1] INFO  server.RaftServerConfigKeys (ConfUtils.java:logGet(44)) - raft.server.log.queue.byte-limit = 2147483647 (custom)
2021-09-21 18:25:43,330 [pool-55-thread-1] INFO  server.RaftServerConfigKeys (ConfUtils.java:logGet(44)) - raft.server.log.queue.element-limit = 1024 (custom)
2021-09-21 18:25:43,330 [pool-55-thread-1] INFO  server.RaftServerConfigKeys (ConfUtils.java:logGet(44)) - raft.server.log.segment.size.max = 1048576 (custom)
2021-09-21 18:25:43,330 [pool-55-thread-1] INFO  server.RaftServerConfigKeys (ConfUtils.java:logGet(44)) - raft.server.log.preallocated.size = 16384 (custom)
2021-09-21 18:25:43,330 [pool-55-thread-1] INFO  server.RaftServerConfigKeys (ConfUtils.java:logGet(44)) - raft.server.log.force.sync.num = 128 (default)
2021-09-21 18:25:43,330 [pool-55-thread-1] INFO  server.RaftServerConfigKeys (ConfUtils.java:logGet(44)) - raft.server.log.statemachine.data.sync = true (default)
2021-09-21 18:25:43,331 [pool-55-thread-1] INFO  server.RaftServerConfigKeys (ConfUtils.java:logGet(44)) - raft.server.log.statemachine.data.sync.timeout = 10s (default)
2021-09-21 18:25:43,331 [pool-55-thread-1] INFO  server.RaftServerConfigKeys (ConfUtils.java:logGet(44)) - raft.server.log.statemachine.data.sync.timeout.retry = -1 (default)
2021-09-21 18:25:43,337 [pool-55-thread-1] INFO  server.RaftServerConfigKeys (ConfUtils.java:logGet(44)) - raft.server.log.write.buffer.size = 1048576 (custom)
2021-09-21 18:25:43,342 [EventQueue-OpenPipelineForHealthyPipelineSafeModeRule] INFO  safemode.SCMSafeModeManager (HealthyPipelineSafeModeRule.java:process(124)) - SCM in safe mode. Healthy pipelines reported count is 0, required healthy pipeline reported count is 1
2021-09-21 18:25:43,343 [pool-55-thread-1] INFO  server.RaftServerConfigKeys (ConfUtils.java:logGet(44)) - raft.server.log.statemachine.data.caching.enabled = true (custom)
2021-09-21 18:25:43,348 [EventQueue-OpenPipelineForHealthyPipelineSafeModeRule] INFO  safemode.SCMSafeModeManager (HealthyPipelineSafeModeRule.java:process(124)) - SCM in safe mode. Healthy pipelines reported count is 0, required healthy pipeline reported count is 1
2021-09-21 18:25:43,348 [pool-55-thread-1] INFO  segmented.SegmentedRaftLogWorker (SegmentedRaftLogWorker.java:lambda$new$0(133)) - d36baf84-b85f-4b26-8f7e-d1f6b1b07563@group-5490E1C9B297-SegmentedRaftLogWorker: flushIndex: setUnconditionally 0 -> -1
2021-09-21 18:25:43,348 [pool-55-thread-1] INFO  segmented.SegmentedRaftLogWorker (SegmentedRaftLogWorker.java:lambda$new$0(133)) - d36baf84-b85f-4b26-8f7e-d1f6b1b07563@group-5490E1C9B297-SegmentedRaftLogWorker: safeCacheEvictIndex: setUnconditionally 0 -> -1
2021-09-21 18:25:43,349 [pool-55-thread-1] INFO  server.RaftServerConfigKeys (ConfUtils.java:logGet(44)) - raft.server.snapshot.auto.trigger.enabled = true (custom)
2021-09-21 18:25:43,349 [pool-55-thread-1] INFO  server.RaftServerConfigKeys (ConfUtils.java:logGet(44)) - raft.server.snapshot.auto.trigger.threshold = 10000 (custom)
2021-09-21 18:25:43,349 [pool-55-thread-1] INFO  server.RaftServerConfigKeys (ConfUtils.java:logGet(44)) - raft.server.snapshot.retention.file.num = 5 (custom)
2021-09-21 18:25:43,349 [pool-55-thread-1] INFO  server.RaftServerConfigKeys (ConfUtils.java:logGet(44)) - raft.server.log.purge.upto.snapshot.index = false (default)
2021-09-21 18:25:43,349 [pool-55-thread-1] INFO  server.RaftServerConfigKeys (ConfUtils.java:logGet(44)) - raft.server.retrycache.expirytime = 600000ms (custom)
2021-09-21 18:25:43,349 [pool-55-thread-1] INFO  server.RaftServerConfigKeys (ConfUtils.java:logGet(44)) - raft.server.retrycache.statistics.expirytime = 100μs (default)
2021-09-21 18:25:43,356 [pool-55-thread-1] INFO  server.RaftServer$Division (RaftServerImpl.java:start(296)) - d36baf84-b85f-4b26-8f7e-d1f6b1b07563@group-5490E1C9B297: start as a follower, conf=-1: [d36baf84-b85f-4b26-8f7e-d1f6b1b07563|rpc:10.1.0.27:39631|priority:0, ac1d7df1-8838-4266-a424-22c9922d1104|rpc:10.1.0.27:41255|priority:0, 7ebb7728-56c4-46fe-8faf-bd5e72c54eae|rpc:10.1.0.27:40201|priority:1], old=null
2021-09-21 18:25:43,356 [pool-55-thread-1] INFO  server.RaftServer$Division (RaftServerImpl.java:setRole(285)) - d36baf84-b85f-4b26-8f7e-d1f6b1b07563@group-5490E1C9B297: changes role from      null to FOLLOWER at term 0 for startAsFollower
2021-09-21 18:25:43,356 [pool-55-thread-1] INFO  impl.RoleInfo (RoleInfo.java:updateAndGet(130)) - d36baf84-b85f-4b26-8f7e-d1f6b1b07563: start d36baf84-b85f-4b26-8f7e-d1f6b1b07563@group-5490E1C9B297-FollowerState
2021-09-21 18:25:43,364 [pool-55-thread-1] INFO  util.JmxRegister (JmxRegister.java:tryRegister(44)) - Successfully registered JMX Bean with object name Ratis:service=RaftServer,group=group-5490E1C9B297,id=d36baf84-b85f-4b26-8f7e-d1f6b1b07563
2021-09-21 18:25:43,369 [Command processor thread] INFO  ratis.XceiverServerRatis (XceiverServerRatis.java:addGroup(762)) - Created group PipelineID=e1e6257e-975c-4cff-961e-5490e1c9b297
2021-09-21 18:25:43,854 [Command processor thread] INFO  server.RaftServer (RaftServerProxy.java:addNew(95)) - ac1d7df1-8838-4266-a424-22c9922d1104: addNew group-2AC51B9BEEC5:[ac1d7df1-8838-4266-a424-22c9922d1104|rpc:10.1.0.27:41255|priority:1] returns group-2AC51B9BEEC5:java.util.concurrent.CompletableFuture@6de8f90c[Not completed]
2021-09-21 18:25:43,860 [pool-74-thread-1] INFO  server.RaftServer$Division (RaftServerImpl.java:<init>(181)) - ac1d7df1-8838-4266-a424-22c9922d1104: new RaftServerImpl for group-2AC51B9BEEC5:[ac1d7df1-8838-4266-a424-22c9922d1104|rpc:10.1.0.27:41255|priority:1] with ContainerStateMachine:uninitialized
2021-09-21 18:25:43,860 [pool-74-thread-1] INFO  server.RaftServerConfigKeys (ConfUtils.java:logGet(44)) - raft.server.rpc.timeout.min = 5s (custom)
2021-09-21 18:25:43,863 [pool-74-thread-1] INFO  server.RaftServerConfigKeys (ConfUtils.java:logGet(44)) - raft.server.rpc.timeout.max = 5200ms (custom)
2021-09-21 18:25:43,863 [pool-74-thread-1] INFO  server.RaftServerConfigKeys (ConfUtils.java:logGet(44)) - raft.server.rpc.sleep.time = 25ms (default)
2021-09-21 18:25:43,863 [pool-74-thread-1] INFO  server.RaftServerConfigKeys (ConfUtils.java:logGet(44)) - raft.server.rpc.slowness.timeout = 300000ms (custom)
2021-09-21 18:25:43,865 [pool-74-thread-1] INFO  server.RaftServerConfigKeys (ConfUtils.java:logGet(44)) - raft.server.leaderelection.leader.step-down.wait-time = 10s (default)
2021-09-21 18:25:43,865 [pool-74-thread-1] INFO  server.RaftServerConfigKeys (ConfUtils.java:logGet(44)) - raft.server.sleep.deviation.threshold = 300ms (default)
2021-09-21 18:25:43,865 [pool-74-thread-1] INFO  server.RaftServerConfigKeys (ConfUtils.java:logGet(44)) - raft.server.log.appender.install.snapshot.enabled = false (custom)
2021-09-21 18:25:43,865 [pool-74-thread-1] INFO  server.RaftServer$Division (ServerState.java:<init>(105)) - ac1d7df1-8838-4266-a424-22c9922d1104@group-2AC51B9BEEC5: ConfigurationManager, init=-1: [ac1d7df1-8838-4266-a424-22c9922d1104|rpc:10.1.0.27:41255|priority:1], old=null, confs=<EMPTY_MAP>
2021-09-21 18:25:43,865 [pool-74-thread-1] INFO  server.RaftServerConfigKeys (ConfUtils.java:logGet(44)) - raft.server.storage.dir = [/home/runner/work/ozone/ozone/hadoop-ozone/integration-test/target/test-dir/MiniOzoneClusterImpl-8dff45f7-6a4c-4a77-aa6d-4bab94871626/datanode-1/data/ratis] (custom)
2021-09-21 18:25:43,865 [pool-74-thread-1] INFO  server.RaftServerConfigKeys (ConfUtils.java:logGet(44)) - raft.server.log.corruption.policy = EXCEPTION (default)
2021-09-21 18:25:43,866 [pool-74-thread-1] INFO  server.RaftServerConfigKeys (ConfUtils.java:logGet(44)) - raft.server.storage.free-space.min = 0MB (=0) (default)
2021-09-21 18:25:43,866 [pool-74-thread-1] INFO  storage.RaftStorageDirectory (RaftStorageDirectoryImpl.java:analyzeStorage(135)) - The storage directory /home/runner/work/ozone/ozone/hadoop-ozone/integration-test/target/test-dir/MiniOzoneClusterImpl-8dff45f7-6a4c-4a77-aa6d-4bab94871626/datanode-1/data/ratis/4144741f-4194-40b2-bb71-2ac51b9beec5 does not exist. Creating ...
2021-09-21 18:25:43,868 [pool-74-thread-1] INFO  storage.RaftStorageDirectory (RaftStorageDirectoryImpl.java:tryLock(230)) - Lock on /home/runner/work/ozone/ozone/hadoop-ozone/integration-test/target/test-dir/MiniOzoneClusterImpl-8dff45f7-6a4c-4a77-aa6d-4bab94871626/datanode-1/data/ratis/4144741f-4194-40b2-bb71-2ac51b9beec5/in_use.lock acquired by nodename 22499@fv-az122-453
2021-09-21 18:25:43,871 [pool-74-thread-1] INFO  storage.RaftStorage (RaftStorageImpl.java:format(89)) - Storage directory /home/runner/work/ozone/ozone/hadoop-ozone/integration-test/target/test-dir/MiniOzoneClusterImpl-8dff45f7-6a4c-4a77-aa6d-4bab94871626/datanode-1/data/ratis/4144741f-4194-40b2-bb71-2ac51b9beec5 has been successfully formatted.
2021-09-21 18:25:43,876 [pool-74-thread-1] INFO  ratis.ContainerStateMachine (ContainerStateMachine.java:loadSnapshot(224)) - group-2AC51B9BEEC5: The snapshot info is null. Setting the last applied indexto:(t:0, i:~)
2021-09-21 18:25:43,881 [EventQueue-PipelineReportForPipelineReportHandler] INFO  pipeline.PipelineManagerImpl (PipelineManagerImpl.java:openPipeline(282)) - Pipeline Pipeline[ Id: 4144741f-4194-40b2-bb71-2ac51b9beec5, Nodes: ac1d7df1-8838-4266-a424-22c9922d1104{ip: 10.1.0.27, host: fv-az122-453.zf1tlrj3kn4expqppa1j4mpycf.xx.internal.cloudapp.net, ports: [REPLICATION=42733, RATIS=41255, RATIS_ADMIN=41255, RATIS_SERVER=41255, STANDALONE=36793], networkLocation: /default-rack, certSerialId: null, persistedOpState: IN_SERVICE, persistedOpStateExpiryEpochSec: 0}, ReplicationConfig: RATIS/ONE, State:ALLOCATED, leaderId:ac1d7df1-8838-4266-a424-22c9922d1104, CreationTimestamp2021-09-21T18:25:40.854Z[Etc/UTC]] moved to OPEN state
2021-09-21 18:25:43,882 [EventQueue-OpenPipelineForHealthyPipelineSafeModeRule] INFO  safemode.SCMSafeModeManager (HealthyPipelineSafeModeRule.java:process(124)) - SCM in safe mode. Healthy pipelines reported count is 0, required healthy pipeline reported count is 1
2021-09-21 18:25:43,885 [pool-74-thread-1] INFO  server.RaftServerConfigKeys (ConfUtils.java:logGet(44)) - raft.server.notification.no-leader.timeout = 300000ms (custom)
2021-09-21 18:25:43,888 [pool-74-thread-1] INFO  server.RaftServerConfigKeys (ConfUtils.java:logGet(44)) - raft.server.log.use.memory = false (default)
2021-09-21 18:25:43,888 [pool-74-thread-1] INFO  server.RaftServerConfigKeys (ConfUtils.java:logGet(44)) - raft.server.log.purge.gap = 1000000 (custom)
2021-09-21 18:25:43,888 [pool-74-thread-1] INFO  server.RaftServerConfigKeys (ConfUtils.java:logGet(44)) - raft.server.log.appender.buffer.byte-limit = 33554432 (custom)
2021-09-21 18:25:43,889 [pool-74-thread-1] INFO  server.RaftServerConfigKeys (ConfUtils.java:logGet(44)) - raft.server.log.segment.size.max = 1048576 (custom)
2021-09-21 18:25:43,893 [pool-74-thread-1] INFO  server.RaftServerConfigKeys (ConfUtils.java:logGet(44)) - raft.server.log.segment.cache.num.max = 2 (custom)
2021-09-21 18:25:43,893 [pool-74-thread-1] INFO  server.RaftServerConfigKeys (ConfUtils.java:logGet(44)) - raft.server.log.segment.cache.size.max = 200MB (=209715200) (default)
2021-09-21 18:25:43,893 [pool-74-thread-1] INFO  segmented.SegmentedRaftLogWorker (SegmentedRaftLogWorker.java:<init>(182)) - new ac1d7df1-8838-4266-a424-22c9922d1104@group-2AC51B9BEEC5-SegmentedRaftLogWorker for RaftStorageImpl:Storage Directory /home/runner/work/ozone/ozone/hadoop-ozone/integration-test/target/test-dir/MiniOzoneClusterImpl-8dff45f7-6a4c-4a77-aa6d-4bab94871626/datanode-1/data/ratis/4144741f-4194-40b2-bb71-2ac51b9beec5
2021-09-21 18:25:43,893 [pool-74-thread-1] INFO  server.RaftServerConfigKeys (ConfUtils.java:logGet(44)) - raft.server.log.queue.byte-limit = 2147483647 (custom)
2021-09-21 18:25:43,894 [pool-74-thread-1] INFO  server.RaftServerConfigKeys (ConfUtils.java:logGet(44)) - raft.server.log.queue.element-limit = 1024 (custom)
2021-09-21 18:25:43,894 [pool-74-thread-1] INFO  server.RaftServerConfigKeys (ConfUtils.java:logGet(44)) - raft.server.log.segment.size.max = 1048576 (custom)
2021-09-21 18:25:43,895 [pool-74-thread-1] INFO  server.RaftServerConfigKeys (ConfUtils.java:logGet(44)) - raft.server.log.preallocated.size = 16384 (custom)
2021-09-21 18:25:43,895 [pool-74-thread-1] INFO  server.RaftServerConfigKeys (ConfUtils.java:logGet(44)) - raft.server.log.force.sync.num = 128 (default)
2021-09-21 18:25:43,899 [pool-74-thread-1] INFO  server.RaftServerConfigKeys (ConfUtils.java:logGet(44)) - raft.server.log.statemachine.data.sync = true (default)
2021-09-21 18:25:43,899 [pool-74-thread-1] INFO  server.RaftServerConfigKeys (ConfUtils.java:logGet(44)) - raft.server.log.statemachine.data.sync.timeout = 10s (default)
2021-09-21 18:25:43,899 [pool-74-thread-1] INFO  server.RaftServerConfigKeys (ConfUtils.java:logGet(44)) - raft.server.log.statemachine.data.sync.timeout.retry = -1 (default)
2021-09-21 18:25:43,904 [pool-74-thread-1] INFO  server.RaftServerConfigKeys (ConfUtils.java:logGet(44)) - raft.server.log.write.buffer.size = 1048576 (custom)
2021-09-21 18:25:43,907 [pool-74-thread-1] INFO  server.RaftServerConfigKeys (ConfUtils.java:logGet(44)) - raft.server.log.statemachine.data.caching.enabled = true (custom)
2021-09-21 18:25:43,907 [pool-74-thread-1] INFO  segmented.SegmentedRaftLogWorker (SegmentedRaftLogWorker.java:lambda$new$0(133)) - ac1d7df1-8838-4266-a424-22c9922d1104@group-2AC51B9BEEC5-SegmentedRaftLogWorker: flushIndex: setUnconditionally 0 -> -1
2021-09-21 18:25:43,907 [pool-74-thread-1] INFO  segmented.SegmentedRaftLogWorker (SegmentedRaftLogWorker.java:lambda$new$0(133)) - ac1d7df1-8838-4266-a424-22c9922d1104@group-2AC51B9BEEC5-SegmentedRaftLogWorker: safeCacheEvictIndex: setUnconditionally 0 -> -1
2021-09-21 18:25:43,923 [pool-74-thread-1] INFO  server.RaftServerConfigKeys (ConfUtils.java:logGet(44)) - raft.server.snapshot.auto.trigger.enabled = true (custom)
2021-09-21 18:25:43,923 [pool-74-thread-1] INFO  server.RaftServerConfigKeys (ConfUtils.java:logGet(44)) - raft.server.snapshot.auto.trigger.threshold = 10000 (custom)
2021-09-21 18:25:43,923 [pool-74-thread-1] INFO  server.RaftServerConfigKeys (ConfUtils.java:logGet(44)) - raft.server.snapshot.retention.file.num = 5 (custom)
2021-09-21 18:25:43,923 [pool-74-thread-1] INFO  server.RaftServerConfigKeys (ConfUtils.java:logGet(44)) - raft.server.log.purge.upto.snapshot.index = false (default)
2021-09-21 18:25:43,923 [pool-74-thread-1] INFO  server.RaftServerConfigKeys (ConfUtils.java:logGet(44)) - raft.server.retrycache.expirytime = 600000ms (custom)
2021-09-21 18:25:43,923 [pool-74-thread-1] INFO  server.RaftServerConfigKeys (ConfUtils.java:logGet(44)) - raft.server.retrycache.statistics.expirytime = 100μs (default)
2021-09-21 18:25:43,926 [pool-74-thread-1] INFO  server.RaftServer$Division (RaftServerImpl.java:start(296)) - ac1d7df1-8838-4266-a424-22c9922d1104@group-2AC51B9BEEC5: start as a follower, conf=-1: [ac1d7df1-8838-4266-a424-22c9922d1104|rpc:10.1.0.27:41255|priority:1], old=null
2021-09-21 18:25:43,926 [pool-74-thread-1] INFO  server.RaftServer$Division (RaftServerImpl.java:setRole(285)) - ac1d7df1-8838-4266-a424-22c9922d1104@group-2AC51B9BEEC5: changes role from      null to FOLLOWER at term 0 for startAsFollower
2021-09-21 18:25:43,926 [pool-74-thread-1] INFO  impl.RoleInfo (RoleInfo.java:updateAndGet(130)) - ac1d7df1-8838-4266-a424-22c9922d1104: start ac1d7df1-8838-4266-a424-22c9922d1104@group-2AC51B9BEEC5-FollowerState
2021-09-21 18:25:43,931 [pool-74-thread-1] INFO  util.JmxRegister (JmxRegister.java:tryRegister(44)) - Successfully registered JMX Bean with object name Ratis:service=RaftServer,group=group-2AC51B9BEEC5,id=ac1d7df1-8838-4266-a424-22c9922d1104
2021-09-21 18:25:43,939 [Command processor thread] INFO  ratis.XceiverServerRatis (XceiverServerRatis.java:addGroup(762)) - Created group PipelineID=4144741f-4194-40b2-bb71-2ac51b9beec5
2021-09-21 18:25:43,939 [Command processor thread] INFO  commandhandler.CreatePipelineCommandHandler (CreatePipelineCommandHandler.java:handle(106)) - Created Pipeline RATIS ONE PipelineID=4144741f-4194-40b2-bb71-2ac51b9beec5.
2021-09-21 18:25:43,939 [Command processor thread] INFO  server.RaftServer (RaftServerProxy.java:addNew(95)) - ac1d7df1-8838-4266-a424-22c9922d1104: addNew group-5490E1C9B297:[d36baf84-b85f-4b26-8f7e-d1f6b1b07563|rpc:10.1.0.27:39631|priority:0, ac1d7df1-8838-4266-a424-22c9922d1104|rpc:10.1.0.27:41255|priority:0, 7ebb7728-56c4-46fe-8faf-bd5e72c54eae|rpc:10.1.0.27:40201|priority:1] returns group-5490E1C9B297:java.util.concurrent.CompletableFuture@69d76069[Not completed]
2021-09-21 18:25:43,941 [pool-74-thread-1] INFO  server.RaftServer$Division (RaftServerImpl.java:<init>(181)) - ac1d7df1-8838-4266-a424-22c9922d1104: new RaftServerImpl for group-5490E1C9B297:[d36baf84-b85f-4b26-8f7e-d1f6b1b07563|rpc:10.1.0.27:39631|priority:0, ac1d7df1-8838-4266-a424-22c9922d1104|rpc:10.1.0.27:41255|priority:0, 7ebb7728-56c4-46fe-8faf-bd5e72c54eae|rpc:10.1.0.27:40201|priority:1] with ContainerStateMachine:uninitialized
2021-09-21 18:25:43,941 [pool-74-thread-1] INFO  server.RaftServerConfigKeys (ConfUtils.java:logGet(44)) - raft.server.rpc.timeout.min = 5s (custom)
2021-09-21 18:25:43,941 [pool-74-thread-1] INFO  server.RaftServerConfigKeys (ConfUtils.java:logGet(44)) - raft.server.rpc.timeout.max = 5200ms (custom)
2021-09-21 18:25:43,941 [pool-74-thread-1] INFO  server.RaftServerConfigKeys (ConfUtils.java:logGet(44)) - raft.server.rpc.sleep.time = 25ms (default)
2021-09-21 18:25:43,941 [pool-74-thread-1] INFO  server.RaftServerConfigKeys (ConfUtils.java:logGet(44)) - raft.server.rpc.slowness.timeout = 300000ms (custom)
2021-09-21 18:25:43,941 [pool-74-thread-1] INFO  server.RaftServerConfigKeys (ConfUtils.java:logGet(44)) - raft.server.leaderelection.leader.step-down.wait-time = 10s (default)
2021-09-21 18:25:43,941 [pool-74-thread-1] INFO  server.RaftServerConfigKeys (ConfUtils.java:logGet(44)) - raft.server.sleep.deviation.threshold = 300ms (default)
2021-09-21 18:25:43,941 [pool-74-thread-1] INFO  server.RaftServerConfigKeys (ConfUtils.java:logGet(44)) - raft.server.log.appender.install.snapshot.enabled = false (custom)
2021-09-21 18:25:43,941 [pool-74-thread-1] INFO  server.RaftServer$Division (ServerState.java:<init>(105)) - ac1d7df1-8838-4266-a424-22c9922d1104@group-5490E1C9B297: ConfigurationManager, init=-1: [d36baf84-b85f-4b26-8f7e-d1f6b1b07563|rpc:10.1.0.27:39631|priority:0, ac1d7df1-8838-4266-a424-22c9922d1104|rpc:10.1.0.27:41255|priority:0, 7ebb7728-56c4-46fe-8faf-bd5e72c54eae|rpc:10.1.0.27:40201|priority:1], old=null, confs=<EMPTY_MAP>
2021-09-21 18:25:43,942 [pool-74-thread-1] INFO  server.RaftServerConfigKeys (ConfUtils.java:logGet(44)) - raft.server.storage.dir = [/home/runner/work/ozone/ozone/hadoop-ozone/integration-test/target/test-dir/MiniOzoneClusterImpl-8dff45f7-6a4c-4a77-aa6d-4bab94871626/datanode-1/data/ratis] (custom)
2021-09-21 18:25:43,942 [pool-74-thread-1] INFO  server.RaftServerConfigKeys (ConfUtils.java:logGet(44)) - raft.server.log.corruption.policy = EXCEPTION (default)
2021-09-21 18:25:43,942 [pool-74-thread-1] INFO  server.RaftServerConfigKeys (ConfUtils.java:logGet(44)) - raft.server.storage.free-space.min = 0MB (=0) (default)
2021-09-21 18:25:43,942 [pool-74-thread-1] INFO  storage.RaftStorageDirectory (RaftStorageDirectoryImpl.java:analyzeStorage(135)) - The storage directory /home/runner/work/ozone/ozone/hadoop-ozone/integration-test/target/test-dir/MiniOzoneClusterImpl-8dff45f7-6a4c-4a77-aa6d-4bab94871626/datanode-1/data/ratis/e1e6257e-975c-4cff-961e-5490e1c9b297 does not exist. Creating ...
2021-09-21 18:25:43,948 [pool-74-thread-1] INFO  storage.RaftStorageDirectory (RaftStorageDirectoryImpl.java:tryLock(230)) - Lock on /home/runner/work/ozone/ozone/hadoop-ozone/integration-test/target/test-dir/MiniOzoneClusterImpl-8dff45f7-6a4c-4a77-aa6d-4bab94871626/datanode-1/data/ratis/e1e6257e-975c-4cff-961e-5490e1c9b297/in_use.lock acquired by nodename 22499@fv-az122-453
2021-09-21 18:25:43,949 [pool-74-thread-1] INFO  storage.RaftStorage (RaftStorageImpl.java:format(89)) - Storage directory /home/runner/work/ozone/ozone/hadoop-ozone/integration-test/target/test-dir/MiniOzoneClusterImpl-8dff45f7-6a4c-4a77-aa6d-4bab94871626/datanode-1/data/ratis/e1e6257e-975c-4cff-961e-5490e1c9b297 has been successfully formatted.
2021-09-21 18:25:43,950 [pool-74-thread-1] INFO  ratis.ContainerStateMachine (ContainerStateMachine.java:loadSnapshot(224)) - group-5490E1C9B297: The snapshot info is null. Setting the last applied indexto:(t:0, i:~)
2021-09-21 18:25:43,950 [pool-74-thread-1] INFO  server.RaftServerConfigKeys (ConfUtils.java:logGet(44)) - raft.server.notification.no-leader.timeout = 300000ms (custom)
2021-09-21 18:25:43,950 [pool-74-thread-1] INFO  server.RaftServerConfigKeys (ConfUtils.java:logGet(44)) - raft.server.log.use.memory = false (default)
2021-09-21 18:25:43,950 [pool-74-thread-1] INFO  server.RaftServerConfigKeys (ConfUtils.java:logGet(44)) - raft.server.log.purge.gap = 1000000 (custom)
2021-09-21 18:25:43,950 [pool-74-thread-1] INFO  server.RaftServerConfigKeys (ConfUtils.java:logGet(44)) - raft.server.log.appender.buffer.byte-limit = 33554432 (custom)
2021-09-21 18:25:43,950 [pool-74-thread-1] INFO  server.RaftServerConfigKeys (ConfUtils.java:logGet(44)) - raft.server.log.segment.size.max = 1048576 (custom)
2021-09-21 18:25:43,963 [EventQueue-OpenPipelineForHealthyPipelineSafeModeRule] INFO  safemode.SCMSafeModeManager (HealthyPipelineSafeModeRule.java:process(124)) - SCM in safe mode. Healthy pipelines reported count is 0, required healthy pipeline reported count is 1
2021-09-21 18:25:43,963 [pool-74-thread-1] INFO  server.RaftServerConfigKeys (ConfUtils.java:logGet(44)) - raft.server.log.segment.cache.num.max = 2 (custom)
2021-09-21 18:25:43,963 [pool-74-thread-1] INFO  server.RaftServerConfigKeys (ConfUtils.java:logGet(44)) - raft.server.log.segment.cache.size.max = 200MB (=209715200) (default)
2021-09-21 18:25:43,963 [pool-74-thread-1] INFO  segmented.SegmentedRaftLogWorker (SegmentedRaftLogWorker.java:<init>(182)) - new ac1d7df1-8838-4266-a424-22c9922d1104@group-5490E1C9B297-SegmentedRaftLogWorker for RaftStorageImpl:Storage Directory /home/runner/work/ozone/ozone/hadoop-ozone/integration-test/target/test-dir/MiniOzoneClusterImpl-8dff45f7-6a4c-4a77-aa6d-4bab94871626/datanode-1/data/ratis/e1e6257e-975c-4cff-961e-5490e1c9b297
2021-09-21 18:25:43,963 [pool-74-thread-1] INFO  server.RaftServerConfigKeys (ConfUtils.java:logGet(44)) - raft.server.log.queue.byte-limit = 2147483647 (custom)
2021-09-21 18:25:43,963 [pool-74-thread-1] INFO  server.RaftServerConfigKeys (ConfUtils.java:logGet(44)) - raft.server.log.queue.element-limit = 1024 (custom)
2021-09-21 18:25:43,964 [pool-74-thread-1] INFO  server.RaftServerConfigKeys (ConfUtils.java:logGet(44)) - raft.server.log.segment.size.max = 1048576 (custom)
2021-09-21 18:25:43,964 [pool-74-thread-1] INFO  server.RaftServerConfigKeys (ConfUtils.java:logGet(44)) - raft.server.log.preallocated.size = 16384 (custom)
2021-09-21 18:25:43,964 [pool-74-thread-1] INFO  server.RaftServerConfigKeys (ConfUtils.java:logGet(44)) - raft.server.log.force.sync.num = 128 (default)
2021-09-21 18:25:43,964 [pool-74-thread-1] INFO  server.RaftServerConfigKeys (ConfUtils.java:logGet(44)) - raft.server.log.statemachine.data.sync = true (default)
2021-09-21 18:25:43,964 [pool-74-thread-1] INFO  server.RaftServerConfigKeys (ConfUtils.java:logGet(44)) - raft.server.log.statemachine.data.sync.timeout = 10s (default)
2021-09-21 18:25:43,964 [pool-74-thread-1] INFO  server.RaftServerConfigKeys (ConfUtils.java:logGet(44)) - raft.server.log.statemachine.data.sync.timeout.retry = -1 (default)
2021-09-21 18:25:43,965 [pool-74-thread-1] INFO  server.RaftServerConfigKeys (ConfUtils.java:logGet(44)) - raft.server.log.write.buffer.size = 1048576 (custom)
2021-09-21 18:25:43,966 [pool-74-thread-1] INFO  server.RaftServerConfigKeys (ConfUtils.java:logGet(44)) - raft.server.log.statemachine.data.caching.enabled = true (custom)
2021-09-21 18:25:43,966 [pool-74-thread-1] INFO  segmented.SegmentedRaftLogWorker (SegmentedRaftLogWorker.java:lambda$new$0(133)) - ac1d7df1-8838-4266-a424-22c9922d1104@group-5490E1C9B297-SegmentedRaftLogWorker: flushIndex: setUnconditionally 0 -> -1
2021-09-21 18:25:43,966 [pool-74-thread-1] INFO  segmented.SegmentedRaftLogWorker (SegmentedRaftLogWorker.java:lambda$new$0(133)) - ac1d7df1-8838-4266-a424-22c9922d1104@group-5490E1C9B297-SegmentedRaftLogWorker: safeCacheEvictIndex: setUnconditionally 0 -> -1
2021-09-21 18:25:43,971 [pool-74-thread-1] INFO  server.RaftServerConfigKeys (ConfUtils.java:logGet(44)) - raft.server.snapshot.auto.trigger.enabled = true (custom)
2021-09-21 18:25:43,975 [pool-74-thread-1] INFO  server.RaftServerConfigKeys (ConfUtils.java:logGet(44)) - raft.server.snapshot.auto.trigger.threshold = 10000 (custom)
2021-09-21 18:25:43,975 [pool-74-thread-1] INFO  server.RaftServerConfigKeys (ConfUtils.java:logGet(44)) - raft.server.snapshot.retention.file.num = 5 (custom)
2021-09-21 18:25:43,975 [pool-74-thread-1] INFO  server.RaftServerConfigKeys (ConfUtils.java:logGet(44)) - raft.server.log.purge.upto.snapshot.index = false (default)
2021-09-21 18:25:43,975 [pool-74-thread-1] INFO  server.RaftServerConfigKeys (ConfUtils.java:logGet(44)) - raft.server.retrycache.expirytime = 600000ms (custom)
2021-09-21 18:25:43,975 [pool-74-thread-1] INFO  server.RaftServerConfigKeys (ConfUtils.java:logGet(44)) - raft.server.retrycache.statistics.expirytime = 100μs (default)
2021-09-21 18:25:43,978 [pool-74-thread-1] INFO  server.RaftServer$Division (RaftServerImpl.java:start(296)) - ac1d7df1-8838-4266-a424-22c9922d1104@group-5490E1C9B297: start as a follower, conf=-1: [d36baf84-b85f-4b26-8f7e-d1f6b1b07563|rpc:10.1.0.27:39631|priority:0, ac1d7df1-8838-4266-a424-22c9922d1104|rpc:10.1.0.27:41255|priority:0, 7ebb7728-56c4-46fe-8faf-bd5e72c54eae|rpc:10.1.0.27:40201|priority:1], old=null
2021-09-21 18:25:43,983 [pool-74-thread-1] INFO  server.RaftServer$Division (RaftServerImpl.java:setRole(285)) - ac1d7df1-8838-4266-a424-22c9922d1104@group-5490E1C9B297: changes role from      null to FOLLOWER at term 0 for startAsFollower
2021-09-21 18:25:43,985 [pool-74-thread-1] INFO  impl.RoleInfo (RoleInfo.java:updateAndGet(130)) - ac1d7df1-8838-4266-a424-22c9922d1104: start ac1d7df1-8838-4266-a424-22c9922d1104@group-5490E1C9B297-FollowerState
2021-09-21 18:25:43,995 [pool-74-thread-1] INFO  util.JmxRegister (JmxRegister.java:tryRegister(44)) - Successfully registered JMX Bean with object name Ratis:service=RaftServer,group=group-5490E1C9B297,id=ac1d7df1-8838-4266-a424-22c9922d1104
2021-09-21 18:25:44,002 [Command processor thread] INFO  ratis.XceiverServerRatis (XceiverServerRatis.java:addGroup(762)) - Created group PipelineID=e1e6257e-975c-4cff-961e-5490e1c9b297
2021-09-21 18:25:44,066 [Listener at 127.0.0.1/38417] INFO  ozone.MiniOzoneClusterImpl (MiniOzoneClusterImpl.java:lambda$waitForClusterToBeReady$0(235)) - Nodes are ready. Got 7 of 7 DN Heartbeats.
2021-09-21 18:25:44,066 [Listener at 127.0.0.1/38417] INFO  ozone.MiniOzoneClusterImpl (MiniOzoneClusterImpl.java:lambda$waitForClusterToBeReady$0(238)) - Waiting for cluster to exit safe mode
2021-09-21 18:25:44,066 [Listener at 127.0.0.1/38417] INFO  ozone.MiniOzoneClusterImpl (MiniOzoneClusterImpl.java:lambda$waitForClusterToBeReady$0(240)) - SCM became leader
2021-09-21 18:25:44,083 [grpc-default-executor-0] INFO  server.RaftServer (RaftServerProxy.java:addNew(95)) - 7ebb7728-56c4-46fe-8faf-bd5e72c54eae: addNew group-5490E1C9B297:[d36baf84-b85f-4b26-8f7e-d1f6b1b07563|rpc:10.1.0.27:39631|dataStream:|priority:0, ac1d7df1-8838-4266-a424-22c9922d1104|rpc:10.1.0.27:41255|dataStream:|priority:0, 7ebb7728-56c4-46fe-8faf-bd5e72c54eae|rpc:10.1.0.27:40201|dataStream:|priority:1] returns group-5490E1C9B297:java.util.concurrent.CompletableFuture@369b34ab[Not completed]
2021-09-21 18:25:44,103 [pool-93-thread-1] INFO  server.RaftServer$Division (RaftServerImpl.java:<init>(181)) - 7ebb7728-56c4-46fe-8faf-bd5e72c54eae: new RaftServerImpl for group-5490E1C9B297:[d36baf84-b85f-4b26-8f7e-d1f6b1b07563|rpc:10.1.0.27:39631|dataStream:|priority:0, ac1d7df1-8838-4266-a424-22c9922d1104|rpc:10.1.0.27:41255|dataStream:|priority:0, 7ebb7728-56c4-46fe-8faf-bd5e72c54eae|rpc:10.1.0.27:40201|dataStream:|priority:1] with ContainerStateMachine:uninitialized
2021-09-21 18:25:44,112 [pool-93-thread-1] INFO  server.RaftServerConfigKeys (ConfUtils.java:logGet(44)) - raft.server.rpc.timeout.min = 5s (custom)
2021-09-21 18:25:44,112 [pool-93-thread-1] INFO  server.RaftServerConfigKeys (ConfUtils.java:logGet(44)) - raft.server.rpc.timeout.max = 5200ms (custom)
2021-09-21 18:25:44,112 [pool-93-thread-1] INFO  server.RaftServerConfigKeys (ConfUtils.java:logGet(44)) - raft.server.rpc.sleep.time = 25ms (default)
2021-09-21 18:25:44,112 [pool-93-thread-1] INFO  server.RaftServerConfigKeys (ConfUtils.java:logGet(44)) - raft.server.rpc.slowness.timeout = 300000ms (custom)
2021-09-21 18:25:44,112 [pool-93-thread-1] INFO  server.RaftServerConfigKeys (ConfUtils.java:logGet(44)) - raft.server.leaderelection.leader.step-down.wait-time = 10s (default)
2021-09-21 18:25:44,112 [pool-93-thread-1] INFO  server.RaftServerConfigKeys (ConfUtils.java:logGet(44)) - raft.server.sleep.deviation.threshold = 300ms (default)
2021-09-21 18:25:44,113 [pool-93-thread-1] INFO  server.RaftServerConfigKeys (ConfUtils.java:logGet(44)) - raft.server.log.appender.install.snapshot.enabled = false (custom)
2021-09-21 18:25:44,113 [pool-93-thread-1] INFO  server.RaftServer$Division (ServerState.java:<init>(105)) - 7ebb7728-56c4-46fe-8faf-bd5e72c54eae@group-5490E1C9B297: ConfigurationManager, init=-1: [d36baf84-b85f-4b26-8f7e-d1f6b1b07563|rpc:10.1.0.27:39631|dataStream:|priority:0, ac1d7df1-8838-4266-a424-22c9922d1104|rpc:10.1.0.27:41255|dataStream:|priority:0, 7ebb7728-56c4-46fe-8faf-bd5e72c54eae|rpc:10.1.0.27:40201|dataStream:|priority:1], old=null, confs=<EMPTY_MAP>
2021-09-21 18:25:44,113 [pool-93-thread-1] INFO  server.RaftServerConfigKeys (ConfUtils.java:logGet(44)) - raft.server.storage.dir = [/home/runner/work/ozone/ozone/hadoop-ozone/integration-test/target/test-dir/MiniOzoneClusterImpl-8dff45f7-6a4c-4a77-aa6d-4bab94871626/datanode-2/data/ratis] (custom)
2021-09-21 18:25:44,113 [pool-93-thread-1] INFO  server.RaftServerConfigKeys (ConfUtils.java:logGet(44)) - raft.server.log.corruption.policy = EXCEPTION (default)
2021-09-21 18:25:44,113 [pool-93-thread-1] INFO  server.RaftServerConfigKeys (ConfUtils.java:logGet(44)) - raft.server.storage.free-space.min = 0MB (=0) (default)
2021-09-21 18:25:44,113 [pool-93-thread-1] INFO  storage.RaftStorageDirectory (RaftStorageDirectoryImpl.java:analyzeStorage(135)) - The storage directory /home/runner/work/ozone/ozone/hadoop-ozone/integration-test/target/test-dir/MiniOzoneClusterImpl-8dff45f7-6a4c-4a77-aa6d-4bab94871626/datanode-2/data/ratis/e1e6257e-975c-4cff-961e-5490e1c9b297 does not exist. Creating ...
2021-09-21 18:25:44,117 [pool-93-thread-1] INFO  storage.RaftStorageDirectory (RaftStorageDirectoryImpl.java:tryLock(230)) - Lock on /home/runner/work/ozone/ozone/hadoop-ozone/integration-test/target/test-dir/MiniOzoneClusterImpl-8dff45f7-6a4c-4a77-aa6d-4bab94871626/datanode-2/data/ratis/e1e6257e-975c-4cff-961e-5490e1c9b297/in_use.lock acquired by nodename 22499@fv-az122-453
2021-09-21 18:25:44,119 [pool-93-thread-1] INFO  storage.RaftStorage (RaftStorageImpl.java:format(89)) - Storage directory /home/runner/work/ozone/ozone/hadoop-ozone/integration-test/target/test-dir/MiniOzoneClusterImpl-8dff45f7-6a4c-4a77-aa6d-4bab94871626/datanode-2/data/ratis/e1e6257e-975c-4cff-961e-5490e1c9b297 has been successfully formatted.
2021-09-21 18:25:44,124 [Command processor thread] INFO  server.RaftServer (RaftServerProxy.java:addNew(95)) - 7ebb7728-56c4-46fe-8faf-bd5e72c54eae: addNew group-567B8A5D2618:[7ebb7728-56c4-46fe-8faf-bd5e72c54eae|rpc:10.1.0.27:40201|priority:1] returns group-567B8A5D2618:java.util.concurrent.CompletableFuture@2cceace1[Not completed]
2021-09-21 18:25:44,123 [pool-93-thread-1] INFO  ratis.ContainerStateMachine (ContainerStateMachine.java:loadSnapshot(224)) - group-5490E1C9B297: The snapshot info is null. Setting the last applied indexto:(t:0, i:~)
2021-09-21 18:25:44,127 [pool-93-thread-1] INFO  server.RaftServerConfigKeys (ConfUtils.java:logGet(44)) - raft.server.notification.no-leader.timeout = 300000ms (custom)
2021-09-21 18:25:44,127 [pool-93-thread-1] INFO  server.RaftServerConfigKeys (ConfUtils.java:logGet(44)) - raft.server.log.use.memory = false (default)
2021-09-21 18:25:44,127 [pool-93-thread-1] INFO  server.RaftServerConfigKeys (ConfUtils.java:logGet(44)) - raft.server.log.purge.gap = 1000000 (custom)
2021-09-21 18:25:44,127 [pool-93-thread-1] INFO  server.RaftServerConfigKeys (ConfUtils.java:logGet(44)) - raft.server.log.appender.buffer.byte-limit = 33554432 (custom)
2021-09-21 18:25:44,128 [pool-93-thread-1] INFO  server.RaftServerConfigKeys (ConfUtils.java:logGet(44)) - raft.server.log.segment.size.max = 1048576 (custom)
2021-09-21 18:25:44,128 [pool-93-thread-1] INFO  server.RaftServerConfigKeys (ConfUtils.java:logGet(44)) - raft.server.log.segment.cache.num.max = 2 (custom)
2021-09-21 18:25:44,128 [pool-93-thread-1] INFO  server.RaftServerConfigKeys (ConfUtils.java:logGet(44)) - raft.server.log.segment.cache.size.max = 200MB (=209715200) (default)
2021-09-21 18:25:44,129 [pool-93-thread-1] INFO  segmented.SegmentedRaftLogWorker (SegmentedRaftLogWorker.java:<init>(182)) - new 7ebb7728-56c4-46fe-8faf-bd5e72c54eae@group-5490E1C9B297-SegmentedRaftLogWorker for RaftStorageImpl:Storage Directory /home/runner/work/ozone/ozone/hadoop-ozone/integration-test/target/test-dir/MiniOzoneClusterImpl-8dff45f7-6a4c-4a77-aa6d-4bab94871626/datanode-2/data/ratis/e1e6257e-975c-4cff-961e-5490e1c9b297
2021-09-21 18:25:44,129 [pool-93-thread-1] INFO  server.RaftServerConfigKeys (ConfUtils.java:logGet(44)) - raft.server.log.queue.byte-limit = 2147483647 (custom)
2021-09-21 18:25:44,129 [pool-93-thread-1] INFO  server.RaftServerConfigKeys (ConfUtils.java:logGet(44)) - raft.server.log.queue.element-limit = 1024 (custom)
2021-09-21 18:25:44,129 [pool-93-thread-1] INFO  server.RaftServerConfigKeys (ConfUtils.java:logGet(44)) - raft.server.log.segment.size.max = 1048576 (custom)
2021-09-21 18:25:44,129 [pool-93-thread-1] INFO  server.RaftServerConfigKeys (ConfUtils.java:logGet(44)) - raft.server.log.preallocated.size = 16384 (custom)
2021-09-21 18:25:44,129 [pool-93-thread-1] INFO  server.RaftServerConfigKeys (ConfUtils.java:logGet(44)) - raft.server.log.force.sync.num = 128 (default)
2021-09-21 18:25:44,129 [pool-93-thread-1] INFO  server.RaftServerConfigKeys (ConfUtils.java:logGet(44)) - raft.server.log.statemachine.data.sync = true (default)
2021-09-21 18:25:44,129 [pool-93-thread-1] INFO  server.RaftServerConfigKeys (ConfUtils.java:logGet(44)) - raft.server.log.statemachine.data.sync.timeout = 10s (default)
2021-09-21 18:25:44,129 [pool-93-thread-1] INFO  server.RaftServerConfigKeys (ConfUtils.java:logGet(44)) - raft.server.log.statemachine.data.sync.timeout.retry = -1 (default)
2021-09-21 18:25:44,132 [pool-93-thread-1] INFO  server.RaftServerConfigKeys (ConfUtils.java:logGet(44)) - raft.server.log.write.buffer.size = 1048576 (custom)
2021-09-21 18:25:44,140 [pool-93-thread-1] INFO  server.RaftServerConfigKeys (ConfUtils.java:logGet(44)) - raft.server.log.statemachine.data.caching.enabled = true (custom)
2021-09-21 18:25:44,140 [pool-93-thread-1] INFO  segmented.SegmentedRaftLogWorker (SegmentedRaftLogWorker.java:lambda$new$0(133)) - 7ebb7728-56c4-46fe-8faf-bd5e72c54eae@group-5490E1C9B297-SegmentedRaftLogWorker: flushIndex: setUnconditionally 0 -> -1
2021-09-21 18:25:44,140 [pool-93-thread-1] INFO  segmented.SegmentedRaftLogWorker (SegmentedRaftLogWorker.java:lambda$new$0(133)) - 7ebb7728-56c4-46fe-8faf-bd5e72c54eae@group-5490E1C9B297-SegmentedRaftLogWorker: safeCacheEvictIndex: setUnconditionally 0 -> -1
2021-09-21 18:25:44,141 [pool-93-thread-1] INFO  server.RaftServerConfigKeys (ConfUtils.java:logGet(44)) - raft.server.snapshot.auto.trigger.enabled = true (custom)
2021-09-21 18:25:44,141 [pool-93-thread-1] INFO  server.RaftServerConfigKeys (ConfUtils.java:logGet(44)) - raft.server.snapshot.auto.trigger.threshold = 10000 (custom)
2021-09-21 18:25:44,141 [pool-93-thread-1] INFO  server.RaftServerConfigKeys (ConfUtils.java:logGet(44)) - raft.server.snapshot.retention.file.num = 5 (custom)
2021-09-21 18:25:44,141 [pool-93-thread-1] INFO  server.RaftServerConfigKeys (ConfUtils.java:logGet(44)) - raft.server.log.purge.upto.snapshot.index = false (default)
2021-09-21 18:25:44,141 [pool-93-thread-1] INFO  server.RaftServerConfigKeys (ConfUtils.java:logGet(44)) - raft.server.retrycache.expirytime = 600000ms (custom)
2021-09-21 18:25:44,141 [pool-93-thread-1] INFO  server.RaftServerConfigKeys (ConfUtils.java:logGet(44)) - raft.server.retrycache.statistics.expirytime = 100μs (default)
2021-09-21 18:25:44,145 [pool-93-thread-1] INFO  server.RaftServer$Division (RaftServerImpl.java:<init>(181)) - 7ebb7728-56c4-46fe-8faf-bd5e72c54eae: new RaftServerImpl for group-567B8A5D2618:[7ebb7728-56c4-46fe-8faf-bd5e72c54eae|rpc:10.1.0.27:40201|priority:1] with ContainerStateMachine:uninitialized
2021-09-21 18:25:44,145 [pool-93-thread-1] INFO  server.RaftServerConfigKeys (ConfUtils.java:logGet(44)) - raft.server.rpc.timeout.min = 5s (custom)
2021-09-21 18:25:44,145 [pool-93-thread-1] INFO  server.RaftServerConfigKeys (ConfUtils.java:logGet(44)) - raft.server.rpc.timeout.max = 5200ms (custom)
2021-09-21 18:25:44,145 [pool-93-thread-1] INFO  server.RaftServerConfigKeys (ConfUtils.java:logGet(44)) - raft.server.rpc.sleep.time = 25ms (default)
2021-09-21 18:25:44,145 [pool-93-thread-1] INFO  server.RaftServerConfigKeys (ConfUtils.java:logGet(44)) - raft.server.rpc.slowness.timeout = 300000ms (custom)
2021-09-21 18:25:44,145 [pool-93-thread-1] INFO  server.RaftServerConfigKeys (ConfUtils.java:logGet(44)) - raft.server.leaderelection.leader.step-down.wait-time = 10s (default)
2021-09-21 18:25:44,145 [pool-93-thread-1] INFO  server.RaftServerConfigKeys (ConfUtils.java:logGet(44)) - raft.server.sleep.deviation.threshold = 300ms (default)
2021-09-21 18:25:44,145 [pool-93-thread-1] INFO  server.RaftServerConfigKeys (ConfUtils.java:logGet(44)) - raft.server.log.appender.install.snapshot.enabled = false (custom)
2021-09-21 18:25:44,146 [pool-93-thread-1] INFO  server.RaftServer$Division (ServerState.java:<init>(105)) - 7ebb7728-56c4-46fe-8faf-bd5e72c54eae@group-567B8A5D2618: ConfigurationManager, init=-1: [7ebb7728-56c4-46fe-8faf-bd5e72c54eae|rpc:10.1.0.27:40201|priority:1], old=null, confs=<EMPTY_MAP>
2021-09-21 18:25:44,146 [pool-93-thread-1] INFO  server.RaftServerConfigKeys (ConfUtils.java:logGet(44)) - raft.server.storage.dir = [/home/runner/work/ozone/ozone/hadoop-ozone/integration-test/target/test-dir/MiniOzoneClusterImpl-8dff45f7-6a4c-4a77-aa6d-4bab94871626/datanode-2/data/ratis] (custom)
2021-09-21 18:25:44,146 [pool-93-thread-1] INFO  server.RaftServerConfigKeys (ConfUtils.java:logGet(44)) - raft.server.log.corruption.policy = EXCEPTION (default)
2021-09-21 18:25:44,146 [pool-93-thread-1] INFO  server.RaftServerConfigKeys (ConfUtils.java:logGet(44)) - raft.server.storage.free-space.min = 0MB (=0) (default)
2021-09-21 18:25:44,146 [pool-93-thread-1] INFO  storage.RaftStorageDirectory (RaftStorageDirectoryImpl.java:analyzeStorage(135)) - The storage directory /home/runner/work/ozone/ozone/hadoop-ozone/integration-test/target/test-dir/MiniOzoneClusterImpl-8dff45f7-6a4c-4a77-aa6d-4bab94871626/datanode-2/data/ratis/62ad671f-4bdc-4335-9560-567b8a5d2618 does not exist. Creating ...
2021-09-21 18:25:44,156 [pool-93-thread-1] INFO  storage.RaftStorageDirectory (RaftStorageDirectoryImpl.java:tryLock(230)) - Lock on /home/runner/work/ozone/ozone/hadoop-ozone/integration-test/target/test-dir/MiniOzoneClusterImpl-8dff45f7-6a4c-4a77-aa6d-4bab94871626/datanode-2/data/ratis/62ad671f-4bdc-4335-9560-567b8a5d2618/in_use.lock acquired by nodename 22499@fv-az122-453
2021-09-21 18:25:44,158 [pool-93-thread-1] INFO  storage.RaftStorage (RaftStorageImpl.java:format(89)) - Storage directory /home/runner/work/ozone/ozone/hadoop-ozone/integration-test/target/test-dir/MiniOzoneClusterImpl-8dff45f7-6a4c-4a77-aa6d-4bab94871626/datanode-2/data/ratis/62ad671f-4bdc-4335-9560-567b8a5d2618 has been successfully formatted.
2021-09-21 18:25:44,158 [Datanode State Machine Thread - 0] WARN  statemachine.StateContext (StateContext.java:execute(621)) - No available thread in pool for past 1 seconds.
2021-09-21 18:25:44,167 [pool-93-thread-1] INFO  ratis.ContainerStateMachine (ContainerStateMachine.java:loadSnapshot(224)) - group-567B8A5D2618: The snapshot info is null. Setting the last applied indexto:(t:0, i:~)
2021-09-21 18:25:44,168 [pool-93-thread-1] INFO  server.RaftServerConfigKeys (ConfUtils.java:logGet(44)) - raft.server.notification.no-leader.timeout = 300000ms (custom)
2021-09-21 18:25:44,168 [pool-93-thread-1] INFO  server.RaftServerConfigKeys (ConfUtils.java:logGet(44)) - raft.server.log.use.memory = false (default)
2021-09-21 18:25:44,168 [pool-93-thread-1] INFO  server.RaftServerConfigKeys (ConfUtils.java:logGet(44)) - raft.server.log.purge.gap = 1000000 (custom)
2021-09-21 18:25:44,168 [pool-93-thread-1] INFO  server.RaftServerConfigKeys (ConfUtils.java:logGet(44)) - raft.server.log.appender.buffer.byte-limit = 33554432 (custom)
2021-09-21 18:25:44,169 [pool-93-thread-1] INFO  server.RaftServerConfigKeys (ConfUtils.java:logGet(44)) - raft.server.log.segment.size.max = 1048576 (custom)
2021-09-21 18:25:44,169 [pool-93-thread-1] INFO  server.RaftServerConfigKeys (ConfUtils.java:logGet(44)) - raft.server.log.segment.cache.num.max = 2 (custom)
2021-09-21 18:25:44,169 [pool-93-thread-1] INFO  server.RaftServerConfigKeys (ConfUtils.java:logGet(44)) - raft.server.log.segment.cache.size.max = 200MB (=209715200) (default)
2021-09-21 18:25:44,169 [pool-93-thread-1] INFO  segmented.SegmentedRaftLogWorker (SegmentedRaftLogWorker.java:<init>(182)) - new 7ebb7728-56c4-46fe-8faf-bd5e72c54eae@group-567B8A5D2618-SegmentedRaftLogWorker for RaftStorageImpl:Storage Directory /home/runner/work/ozone/ozone/hadoop-ozone/integration-test/target/test-dir/MiniOzoneClusterImpl-8dff45f7-6a4c-4a77-aa6d-4bab94871626/datanode-2/data/ratis/62ad671f-4bdc-4335-9560-567b8a5d2618
2021-09-21 18:25:44,169 [pool-93-thread-1] INFO  server.RaftServerConfigKeys (ConfUtils.java:logGet(44)) - raft.server.log.queue.byte-limit = 2147483647 (custom)
2021-09-21 18:25:44,170 [pool-93-thread-1] INFO  server.RaftServerConfigKeys (ConfUtils.java:logGet(44)) - raft.server.log.queue.element-limit = 1024 (custom)
2021-09-21 18:25:44,170 [pool-93-thread-1] INFO  server.RaftServerConfigKeys (ConfUtils.java:logGet(44)) - raft.server.log.segment.size.max = 1048576 (custom)
2021-09-21 18:25:44,170 [pool-93-thread-1] INFO  server.RaftServerConfigKeys (ConfUtils.java:logGet(44)) - raft.server.log.preallocated.size = 16384 (custom)
2021-09-21 18:25:44,170 [pool-93-thread-1] INFO  server.RaftServerConfigKeys (ConfUtils.java:logGet(44)) - raft.server.log.force.sync.num = 128 (default)
2021-09-21 18:25:44,170 [pool-93-thread-1] INFO  server.RaftServerConfigKeys (ConfUtils.java:logGet(44)) - raft.server.log.statemachine.data.sync = true (default)
2021-09-21 18:25:44,170 [pool-93-thread-1] INFO  server.RaftServerConfigKeys (ConfUtils.java:logGet(44)) - raft.server.log.statemachine.data.sync.timeout = 10s (default)
2021-09-21 18:25:44,170 [pool-93-thread-1] INFO  server.RaftServerConfigKeys (ConfUtils.java:logGet(44)) - raft.server.log.statemachine.data.sync.timeout.retry = -1 (default)
2021-09-21 18:25:44,172 [EventQueue-PipelineReportForPipelineReportHandler] INFO  pipeline.PipelineManagerImpl (PipelineManagerImpl.java:openPipeline(282)) - Pipeline Pipeline[ Id: 62ad671f-4bdc-4335-9560-567b8a5d2618, Nodes: 7ebb7728-56c4-46fe-8faf-bd5e72c54eae{ip: 10.1.0.27, host: fv-az122-453.zf1tlrj3kn4expqppa1j4mpycf.xx.internal.cloudapp.net, ports: [REPLICATION=42403, RATIS=40201, RATIS_ADMIN=40201, RATIS_SERVER=40201, STANDALONE=39069], networkLocation: /default-rack, certSerialId: null, persistedOpState: IN_SERVICE, persistedOpStateExpiryEpochSec: 0}, ReplicationConfig: RATIS/ONE, State:ALLOCATED, leaderId:7ebb7728-56c4-46fe-8faf-bd5e72c54eae, CreationTimestamp2021-09-21T18:25:41.129Z[Etc/UTC]] moved to OPEN state
2021-09-21 18:25:44,172 [EventQueue-OpenPipelineForHealthyPipelineSafeModeRule] INFO  safemode.SCMSafeModeManager (HealthyPipelineSafeModeRule.java:process(124)) - SCM in safe mode. Healthy pipelines reported count is 0, required healthy pipeline reported count is 1
2021-09-21 18:25:44,174 [pool-93-thread-1] INFO  server.RaftServerConfigKeys (ConfUtils.java:logGet(44)) - raft.server.log.write.buffer.size = 1048576 (custom)
2021-09-21 18:25:44,179 [pool-93-thread-1] INFO  server.RaftServerConfigKeys (ConfUtils.java:logGet(44)) - raft.server.log.statemachine.data.caching.enabled = true (custom)
2021-09-21 18:25:44,180 [pool-93-thread-1] INFO  segmented.SegmentedRaftLogWorker (SegmentedRaftLogWorker.java:lambda$new$0(133)) - 7ebb7728-56c4-46fe-8faf-bd5e72c54eae@group-567B8A5D2618-SegmentedRaftLogWorker: flushIndex: setUnconditionally 0 -> -1
2021-09-21 18:25:44,180 [pool-93-thread-1] INFO  segmented.SegmentedRaftLogWorker (SegmentedRaftLogWorker.java:lambda$new$0(133)) - 7ebb7728-56c4-46fe-8faf-bd5e72c54eae@group-567B8A5D2618-SegmentedRaftLogWorker: safeCacheEvictIndex: setUnconditionally 0 -> -1
2021-09-21 18:25:44,181 [pool-93-thread-1] INFO  server.RaftServerConfigKeys (ConfUtils.java:logGet(44)) - raft.server.snapshot.auto.trigger.enabled = true (custom)
2021-09-21 18:25:44,181 [pool-93-thread-1] INFO  server.RaftServerConfigKeys (ConfUtils.java:logGet(44)) - raft.server.snapshot.auto.trigger.threshold = 10000 (custom)
2021-09-21 18:25:44,181 [pool-93-thread-1] INFO  server.RaftServerConfigKeys (ConfUtils.java:logGet(44)) - raft.server.snapshot.retention.file.num = 5 (custom)
2021-09-21 18:25:44,181 [pool-93-thread-1] INFO  server.RaftServerConfigKeys (ConfUtils.java:logGet(44)) - raft.server.log.purge.upto.snapshot.index = false (default)
2021-09-21 18:25:44,181 [pool-93-thread-1] INFO  server.RaftServerConfigKeys (ConfUtils.java:logGet(44)) - raft.server.retrycache.expirytime = 600000ms (custom)
2021-09-21 18:25:44,181 [pool-93-thread-1] INFO  server.RaftServerConfigKeys (ConfUtils.java:logGet(44)) - raft.server.retrycache.statistics.expirytime = 100μs (default)
2021-09-21 18:25:44,188 [pool-93-thread-1] INFO  server.RaftServer$Division (RaftServerImpl.java:start(296)) - 7ebb7728-56c4-46fe-8faf-bd5e72c54eae@group-5490E1C9B297: start as a follower, conf=-1: [d36baf84-b85f-4b26-8f7e-d1f6b1b07563|rpc:10.1.0.27:39631|dataStream:|priority:0, ac1d7df1-8838-4266-a424-22c9922d1104|rpc:10.1.0.27:41255|dataStream:|priority:0, 7ebb7728-56c4-46fe-8faf-bd5e72c54eae|rpc:10.1.0.27:40201|dataStream:|priority:1], old=null
2021-09-21 18:25:44,191 [pool-93-thread-1] INFO  server.RaftServer$Division (RaftServerImpl.java:setRole(285)) - 7ebb7728-56c4-46fe-8faf-bd5e72c54eae@group-5490E1C9B297: changes role from      null to FOLLOWER at term 0 for startAsFollower
2021-09-21 18:25:44,191 [pool-93-thread-1] INFO  impl.RoleInfo (RoleInfo.java:updateAndGet(130)) - 7ebb7728-56c4-46fe-8faf-bd5e72c54eae: start 7ebb7728-56c4-46fe-8faf-bd5e72c54eae@group-5490E1C9B297-FollowerState
2021-09-21 18:25:44,198 [pool-93-thread-1] INFO  util.JmxRegister (JmxRegister.java:tryRegister(44)) - Successfully registered JMX Bean with object name Ratis:service=RaftServer,group=group-5490E1C9B297,id=7ebb7728-56c4-46fe-8faf-bd5e72c54eae
2021-09-21 18:25:44,210 [pool-93-thread-1] INFO  server.RaftServer$Division (RaftServerImpl.java:start(296)) - 7ebb7728-56c4-46fe-8faf-bd5e72c54eae@group-567B8A5D2618: start as a follower, conf=-1: [7ebb7728-56c4-46fe-8faf-bd5e72c54eae|rpc:10.1.0.27:40201|priority:1], old=null
2021-09-21 18:25:44,210 [pool-93-thread-1] INFO  server.RaftServer$Division (RaftServerImpl.java:setRole(285)) - 7ebb7728-56c4-46fe-8faf-bd5e72c54eae@group-567B8A5D2618: changes role from      null to FOLLOWER at term 0 for startAsFollower
2021-09-21 18:25:44,210 [pool-93-thread-1] INFO  impl.RoleInfo (RoleInfo.java:updateAndGet(130)) - 7ebb7728-56c4-46fe-8faf-bd5e72c54eae: start 7ebb7728-56c4-46fe-8faf-bd5e72c54eae@group-567B8A5D2618-FollowerState
2021-09-21 18:25:44,216 [pool-93-thread-1] INFO  util.JmxRegister (JmxRegister.java:tryRegister(44)) - Successfully registered JMX Bean with object name Ratis:service=RaftServer,group=group-567B8A5D2618,id=7ebb7728-56c4-46fe-8faf-bd5e72c54eae
2021-09-21 18:25:44,224 [Command processor thread] INFO  ratis.XceiverServerRatis (XceiverServerRatis.java:addGroup(762)) - Created group PipelineID=62ad671f-4bdc-4335-9560-567b8a5d2618
2021-09-21 18:25:44,225 [Command processor thread] INFO  commandhandler.CreatePipelineCommandHandler (CreatePipelineCommandHandler.java:handle(106)) - Created Pipeline RATIS ONE PipelineID=62ad671f-4bdc-4335-9560-567b8a5d2618.
2021-09-21 18:25:44,229 [Command processor thread] INFO  server.RaftServer (RaftServerProxy.java:addNew(95)) - 7ebb7728-56c4-46fe-8faf-bd5e72c54eae: addNew group-6CB704DD8418:[d36baf84-b85f-4b26-8f7e-d1f6b1b07563|rpc:10.1.0.27:39631|priority:0, ac1d7df1-8838-4266-a424-22c9922d1104|rpc:10.1.0.27:41255|priority:1, 7ebb7728-56c4-46fe-8faf-bd5e72c54eae|rpc:10.1.0.27:40201|priority:0] returns group-6CB704DD8418:java.util.concurrent.CompletableFuture@22095708[Not completed]
2021-09-21 18:25:44,231 [pool-93-thread-1] INFO  server.RaftServer$Division (RaftServerImpl.java:<init>(181)) - 7ebb7728-56c4-46fe-8faf-bd5e72c54eae: new RaftServerImpl for group-6CB704DD8418:[d36baf84-b85f-4b26-8f7e-d1f6b1b07563|rpc:10.1.0.27:39631|priority:0, ac1d7df1-8838-4266-a424-22c9922d1104|rpc:10.1.0.27:41255|priority:1, 7ebb7728-56c4-46fe-8faf-bd5e72c54eae|rpc:10.1.0.27:40201|priority:0] with ContainerStateMachine:uninitialized
2021-09-21 18:25:44,231 [pool-93-thread-1] INFO  server.RaftServerConfigKeys (ConfUtils.java:logGet(44)) - raft.server.rpc.timeout.min = 5s (custom)
2021-09-21 18:25:44,231 [pool-93-thread-1] INFO  server.RaftServerConfigKeys (ConfUtils.java:logGet(44)) - raft.server.rpc.timeout.max = 5200ms (custom)
2021-09-21 18:25:44,231 [pool-93-thread-1] INFO  server.RaftServerConfigKeys (ConfUtils.java:logGet(44)) - raft.server.rpc.sleep.time = 25ms (default)
2021-09-21 18:25:44,231 [pool-93-thread-1] INFO  server.RaftServerConfigKeys (ConfUtils.java:logGet(44)) - raft.server.rpc.slowness.timeout = 300000ms (custom)
2021-09-21 18:25:44,231 [pool-93-thread-1] INFO  server.RaftServerConfigKeys (ConfUtils.java:logGet(44)) - raft.server.leaderelection.leader.step-down.wait-time = 10s (default)
2021-09-21 18:25:44,231 [pool-93-thread-1] INFO  server.RaftServerConfigKeys (ConfUtils.java:logGet(44)) - raft.server.sleep.deviation.threshold = 300ms (default)
2021-09-21 18:25:44,231 [pool-93-thread-1] INFO  server.RaftServerConfigKeys (ConfUtils.java:logGet(44)) - raft.server.log.appender.install.snapshot.enabled = false (custom)
2021-09-21 18:25:44,232 [pool-93-thread-1] INFO  server.RaftServer$Division (ServerState.java:<init>(105)) - 7ebb7728-56c4-46fe-8faf-bd5e72c54eae@group-6CB704DD8418: ConfigurationManager, init=-1: [d36baf84-b85f-4b26-8f7e-d1f6b1b07563|rpc:10.1.0.27:39631|priority:0, ac1d7df1-8838-4266-a424-22c9922d1104|rpc:10.1.0.27:41255|priority:1, 7ebb7728-56c4-46fe-8faf-bd5e72c54eae|rpc:10.1.0.27:40201|priority:0], old=null, confs=<EMPTY_MAP>
2021-09-21 18:25:44,232 [pool-93-thread-1] INFO  server.RaftServerConfigKeys (ConfUtils.java:logGet(44)) - raft.server.storage.dir = [/home/runner/work/ozone/ozone/hadoop-ozone/integration-test/target/test-dir/MiniOzoneClusterImpl-8dff45f7-6a4c-4a77-aa6d-4bab94871626/datanode-2/data/ratis] (custom)
2021-09-21 18:25:44,232 [pool-93-thread-1] INFO  server.RaftServerConfigKeys (ConfUtils.java:logGet(44)) - raft.server.log.corruption.policy = EXCEPTION (default)
2021-09-21 18:25:44,232 [pool-93-thread-1] INFO  server.RaftServerConfigKeys (ConfUtils.java:logGet(44)) - raft.server.storage.free-space.min = 0MB (=0) (default)
2021-09-21 18:25:44,232 [pool-93-thread-1] INFO  storage.RaftStorageDirectory (RaftStorageDirectoryImpl.java:analyzeStorage(135)) - The storage directory /home/runner/work/ozone/ozone/hadoop-ozone/integration-test/target/test-dir/MiniOzoneClusterImpl-8dff45f7-6a4c-4a77-aa6d-4bab94871626/datanode-2/data/ratis/1029a568-8727-427f-b6e2-6cb704dd8418 does not exist. Creating ...
2021-09-21 18:25:44,237 [pool-93-thread-1] INFO  storage.RaftStorageDirectory (RaftStorageDirectoryImpl.java:tryLock(230)) - Lock on /home/runner/work/ozone/ozone/hadoop-ozone/integration-test/target/test-dir/MiniOzoneClusterImpl-8dff45f7-6a4c-4a77-aa6d-4bab94871626/datanode-2/data/ratis/1029a568-8727-427f-b6e2-6cb704dd8418/in_use.lock acquired by nodename 22499@fv-az122-453
2021-09-21 18:25:44,240 [pool-93-thread-1] INFO  storage.RaftStorage (RaftStorageImpl.java:format(89)) - Storage directory /home/runner/work/ozone/ozone/hadoop-ozone/integration-test/target/test-dir/MiniOzoneClusterImpl-8dff45f7-6a4c-4a77-aa6d-4bab94871626/datanode-2/data/ratis/1029a568-8727-427f-b6e2-6cb704dd8418 has been successfully formatted.
2021-09-21 18:25:44,244 [pool-93-thread-1] INFO  ratis.ContainerStateMachine (ContainerStateMachine.java:loadSnapshot(224)) - group-6CB704DD8418: The snapshot info is null. Setting the last applied indexto:(t:0, i:~)
2021-09-21 18:25:44,244 [pool-93-thread-1] INFO  server.RaftServerConfigKeys (ConfUtils.java:logGet(44)) - raft.server.notification.no-leader.timeout = 300000ms (custom)
2021-09-21 18:25:44,244 [pool-93-thread-1] INFO  server.RaftServerConfigKeys (ConfUtils.java:logGet(44)) - raft.server.log.use.memory = false (default)
2021-09-21 18:25:44,245 [pool-93-thread-1] INFO  server.RaftServerConfigKeys (ConfUtils.java:logGet(44)) - raft.server.log.purge.gap = 1000000 (custom)
2021-09-21 18:25:44,245 [pool-93-thread-1] INFO  server.RaftServerConfigKeys (ConfUtils.java:logGet(44)) - raft.server.log.appender.buffer.byte-limit = 33554432 (custom)
2021-09-21 18:25:44,245 [pool-93-thread-1] INFO  server.RaftServerConfigKeys (ConfUtils.java:logGet(44)) - raft.server.log.segment.size.max = 1048576 (custom)
2021-09-21 18:25:44,246 [pool-93-thread-1] INFO  server.RaftServerConfigKeys (ConfUtils.java:logGet(44)) - raft.server.log.segment.cache.num.max = 2 (custom)
2021-09-21 18:25:44,246 [pool-93-thread-1] INFO  server.RaftServerConfigKeys (ConfUtils.java:logGet(44)) - raft.server.log.segment.cache.size.max = 200MB (=209715200) (default)
2021-09-21 18:25:44,246 [pool-93-thread-1] INFO  segmented.SegmentedRaftLogWorker (SegmentedRaftLogWorker.java:<init>(182)) - new 7ebb7728-56c4-46fe-8faf-bd5e72c54eae@group-6CB704DD8418-SegmentedRaftLogWorker for RaftStorageImpl:Storage Directory /home/runner/work/ozone/ozone/hadoop-ozone/integration-test/target/test-dir/MiniOzoneClusterImpl-8dff45f7-6a4c-4a77-aa6d-4bab94871626/datanode-2/data/ratis/1029a568-8727-427f-b6e2-6cb704dd8418
2021-09-21 18:25:44,246 [pool-93-thread-1] INFO  server.RaftServerConfigKeys (ConfUtils.java:logGet(44)) - raft.server.log.queue.byte-limit = 2147483647 (custom)
2021-09-21 18:25:44,246 [pool-93-thread-1] INFO  server.RaftServerConfigKeys (ConfUtils.java:logGet(44)) - raft.server.log.queue.element-limit = 1024 (custom)
2021-09-21 18:25:44,254 [EventQueue-OpenPipelineForHealthyPipelineSafeModeRule] INFO  safemode.SCMSafeModeManager (HealthyPipelineSafeModeRule.java:process(124)) - SCM in safe mode. Healthy pipelines reported count is 0, required healthy pipeline reported count is 1
2021-09-21 18:25:44,252 [Datanode State Machine Thread - 0] WARN  statemachine.StateContext (StateContext.java:execute(621)) - No available thread in pool for past 1 seconds.
2021-09-21 18:25:44,255 [pool-93-thread-1] INFO  server.RaftServerConfigKeys (ConfUtils.java:logGet(44)) - raft.server.log.segment.size.max = 1048576 (custom)
2021-09-21 18:25:44,255 [pool-93-thread-1] INFO  server.RaftServerConfigKeys (ConfUtils.java:logGet(44)) - raft.server.log.preallocated.size = 16384 (custom)
2021-09-21 18:25:44,255 [pool-93-thread-1] INFO  server.RaftServerConfigKeys (ConfUtils.java:logGet(44)) - raft.server.log.force.sync.num = 128 (default)
2021-09-21 18:25:44,255 [pool-93-thread-1] INFO  server.RaftServerConfigKeys (ConfUtils.java:logGet(44)) - raft.server.log.statemachine.data.sync = true (default)
2021-09-21 18:25:44,255 [pool-93-thread-1] INFO  server.RaftServerConfigKeys (ConfUtils.java:logGet(44)) - raft.server.log.statemachine.data.sync.timeout = 10s (default)
2021-09-21 18:25:44,256 [pool-93-thread-1] INFO  server.RaftServerConfigKeys (ConfUtils.java:logGet(44)) - raft.server.log.statemachine.data.sync.timeout.retry = -1 (default)
2021-09-21 18:25:44,257 [pool-93-thread-1] INFO  server.RaftServerConfigKeys (ConfUtils.java:logGet(44)) - raft.server.log.write.buffer.size = 1048576 (custom)
2021-09-21 18:25:44,257 [pool-93-thread-1] INFO  server.RaftServerConfigKeys (ConfUtils.java:logGet(44)) - raft.server.log.statemachine.data.caching.enabled = true (custom)
2021-09-21 18:25:44,258 [pool-93-thread-1] INFO  segmented.SegmentedRaftLogWorker (SegmentedRaftLogWorker.java:lambda$new$0(133)) - 7ebb7728-56c4-46fe-8faf-bd5e72c54eae@group-6CB704DD8418-SegmentedRaftLogWorker: flushIndex: setUnconditionally 0 -> -1
2021-09-21 18:25:44,258 [pool-93-thread-1] INFO  segmented.SegmentedRaftLogWorker (SegmentedRaftLogWorker.java:lambda$new$0(133)) - 7ebb7728-56c4-46fe-8faf-bd5e72c54eae@group-6CB704DD8418-SegmentedRaftLogWorker: safeCacheEvictIndex: setUnconditionally 0 -> -1
2021-09-21 18:25:44,258 [pool-93-thread-1] INFO  server.RaftServerConfigKeys (ConfUtils.java:logGet(44)) - raft.server.snapshot.auto.trigger.enabled = true (custom)
2021-09-21 18:25:44,258 [pool-93-thread-1] INFO  server.RaftServerConfigKeys (ConfUtils.java:logGet(44)) - raft.server.snapshot.auto.trigger.threshold = 10000 (custom)
2021-09-21 18:25:44,258 [pool-93-thread-1] INFO  server.RaftServerConfigKeys (ConfUtils.java:logGet(44)) - raft.server.snapshot.retention.file.num = 5 (custom)
2021-09-21 18:25:44,259 [pool-93-thread-1] INFO  server.RaftServerConfigKeys (ConfUtils.java:logGet(44)) - raft.server.log.purge.upto.snapshot.index = false (default)
2021-09-21 18:25:44,259 [pool-93-thread-1] INFO  server.RaftServerConfigKeys (ConfUtils.java:logGet(44)) - raft.server.retrycache.expirytime = 600000ms (custom)
2021-09-21 18:25:44,259 [pool-93-thread-1] INFO  server.RaftServerConfigKeys (ConfUtils.java:logGet(44)) - raft.server.retrycache.statistics.expirytime = 100μs (default)
2021-09-21 18:25:44,260 [pool-93-thread-1] INFO  server.RaftServer$Division (RaftServerImpl.java:start(296)) - 7ebb7728-56c4-46fe-8faf-bd5e72c54eae@group-6CB704DD8418: start as a follower, conf=-1: [d36baf84-b85f-4b26-8f7e-d1f6b1b07563|rpc:10.1.0.27:39631|priority:0, ac1d7df1-8838-4266-a424-22c9922d1104|rpc:10.1.0.27:41255|priority:1, 7ebb7728-56c4-46fe-8faf-bd5e72c54eae|rpc:10.1.0.27:40201|priority:0], old=null
2021-09-21 18:25:44,260 [pool-93-thread-1] INFO  server.RaftServer$Division (RaftServerImpl.java:setRole(285)) - 7ebb7728-56c4-46fe-8faf-bd5e72c54eae@group-6CB704DD8418: changes role from      null to FOLLOWER at term 0 for startAsFollower
2021-09-21 18:25:44,260 [pool-93-thread-1] INFO  impl.RoleInfo (RoleInfo.java:updateAndGet(130)) - 7ebb7728-56c4-46fe-8faf-bd5e72c54eae: start 7ebb7728-56c4-46fe-8faf-bd5e72c54eae@group-6CB704DD8418-FollowerState
2021-09-21 18:25:44,261 [pool-93-thread-1] INFO  util.JmxRegister (JmxRegister.java:tryRegister(44)) - Successfully registered JMX Bean with object name Ratis:service=RaftServer,group=group-6CB704DD8418,id=7ebb7728-56c4-46fe-8faf-bd5e72c54eae
2021-09-21 18:25:44,262 [Command processor thread] INFO  ratis.XceiverServerRatis (XceiverServerRatis.java:addGroup(762)) - Created group PipelineID=1029a568-8727-427f-b6e2-6cb704dd8418
2021-09-21 18:25:44,342 [grpc-default-executor-1] INFO  server.RaftServer (RaftServerProxy.java:addNew(95)) - d36baf84-b85f-4b26-8f7e-d1f6b1b07563: addNew group-6CB704DD8418:[d36baf84-b85f-4b26-8f7e-d1f6b1b07563|rpc:10.1.0.27:39631|dataStream:|priority:0, ac1d7df1-8838-4266-a424-22c9922d1104|rpc:10.1.0.27:41255|dataStream:|priority:1, 7ebb7728-56c4-46fe-8faf-bd5e72c54eae|rpc:10.1.0.27:40201|dataStream:|priority:0] returns group-6CB704DD8418:java.util.concurrent.CompletableFuture@60d18d12[Not completed]
2021-09-21 18:25:44,343 [pool-55-thread-1] INFO  server.RaftServer$Division (RaftServerImpl.java:<init>(181)) - d36baf84-b85f-4b26-8f7e-d1f6b1b07563: new RaftServerImpl for group-6CB704DD8418:[d36baf84-b85f-4b26-8f7e-d1f6b1b07563|rpc:10.1.0.27:39631|dataStream:|priority:0, ac1d7df1-8838-4266-a424-22c9922d1104|rpc:10.1.0.27:41255|dataStream:|priority:1, 7ebb7728-56c4-46fe-8faf-bd5e72c54eae|rpc:10.1.0.27:40201|dataStream:|priority:0] with ContainerStateMachine:uninitialized
2021-09-21 18:25:44,343 [pool-55-thread-1] INFO  server.RaftServerConfigKeys (ConfUtils.java:logGet(44)) - raft.server.rpc.timeout.min = 5s (custom)
2021-09-21 18:25:44,343 [pool-55-thread-1] INFO  server.RaftServerConfigKeys (ConfUtils.java:logGet(44)) - raft.server.rpc.timeout.max = 5200ms (custom)
2021-09-21 18:25:44,343 [pool-55-thread-1] INFO  server.RaftServerConfigKeys (ConfUtils.java:logGet(44)) - raft.server.rpc.sleep.time = 25ms (default)
2021-09-21 18:25:44,343 [pool-55-thread-1] INFO  server.RaftServerConfigKeys (ConfUtils.java:logGet(44)) - raft.server.rpc.slowness.timeout = 300000ms (custom)
2021-09-21 18:25:44,343 [pool-55-thread-1] INFO  server.RaftServerConfigKeys (ConfUtils.java:logGet(44)) - raft.server.leaderelection.leader.step-down.wait-time = 10s (default)
2021-09-21 18:25:44,344 [pool-55-thread-1] INFO  server.RaftServerConfigKeys (ConfUtils.java:logGet(44)) - raft.server.sleep.deviation.threshold = 300ms (default)
2021-09-21 18:25:44,344 [pool-55-thread-1] INFO  server.RaftServerConfigKeys (ConfUtils.java:logGet(44)) - raft.server.log.appender.install.snapshot.enabled = false (custom)
2021-09-21 18:25:44,344 [pool-55-thread-1] INFO  server.RaftServer$Division (ServerState.java:<init>(105)) - d36baf84-b85f-4b26-8f7e-d1f6b1b07563@group-6CB704DD8418: ConfigurationManager, init=-1: [d36baf84-b85f-4b26-8f7e-d1f6b1b07563|rpc:10.1.0.27:39631|dataStream:|priority:0, ac1d7df1-8838-4266-a424-22c9922d1104|rpc:10.1.0.27:41255|dataStream:|priority:1, 7ebb7728-56c4-46fe-8faf-bd5e72c54eae|rpc:10.1.0.27:40201|dataStream:|priority:0], old=null, confs=<EMPTY_MAP>
2021-09-21 18:25:44,344 [pool-55-thread-1] INFO  server.RaftServerConfigKeys (ConfUtils.java:logGet(44)) - raft.server.storage.dir = [/home/runner/work/ozone/ozone/hadoop-ozone/integration-test/target/test-dir/MiniOzoneClusterImpl-8dff45f7-6a4c-4a77-aa6d-4bab94871626/datanode-0/data/ratis] (custom)
2021-09-21 18:25:44,344 [pool-55-thread-1] INFO  server.RaftServerConfigKeys (ConfUtils.java:logGet(44)) - raft.server.log.corruption.policy = EXCEPTION (default)
2021-09-21 18:25:44,344 [pool-55-thread-1] INFO  server.RaftServerConfigKeys (ConfUtils.java:logGet(44)) - raft.server.storage.free-space.min = 0MB (=0) (default)
2021-09-21 18:25:44,344 [pool-55-thread-1] INFO  storage.RaftStorageDirectory (RaftStorageDirectoryImpl.java:analyzeStorage(135)) - The storage directory /home/runner/work/ozone/ozone/hadoop-ozone/integration-test/target/test-dir/MiniOzoneClusterImpl-8dff45f7-6a4c-4a77-aa6d-4bab94871626/datanode-0/data/ratis/1029a568-8727-427f-b6e2-6cb704dd8418 does not exist. Creating ...
2021-09-21 18:25:44,345 [pool-55-thread-1] INFO  storage.RaftStorageDirectory (RaftStorageDirectoryImpl.java:tryLock(230)) - Lock on /home/runner/work/ozone/ozone/hadoop-ozone/integration-test/target/test-dir/MiniOzoneClusterImpl-8dff45f7-6a4c-4a77-aa6d-4bab94871626/datanode-0/data/ratis/1029a568-8727-427f-b6e2-6cb704dd8418/in_use.lock acquired by nodename 22499@fv-az122-453
2021-09-21 18:25:44,347 [pool-55-thread-1] INFO  storage.RaftStorage (RaftStorageImpl.java:format(89)) - Storage directory /home/runner/work/ozone/ozone/hadoop-ozone/integration-test/target/test-dir/MiniOzoneClusterImpl-8dff45f7-6a4c-4a77-aa6d-4bab94871626/datanode-0/data/ratis/1029a568-8727-427f-b6e2-6cb704dd8418 has been successfully formatted.
2021-09-21 18:25:44,349 [EventQueue-OpenPipelineForHealthyPipelineSafeModeRule] INFO  safemode.SCMSafeModeManager (HealthyPipelineSafeModeRule.java:process(124)) - SCM in safe mode. Healthy pipelines reported count is 0, required healthy pipeline reported count is 1
2021-09-21 18:25:44,350 [pool-55-thread-1] INFO  ratis.ContainerStateMachine (ContainerStateMachine.java:loadSnapshot(224)) - group-6CB704DD8418: The snapshot info is null. Setting the last applied indexto:(t:0, i:~)
2021-09-21 18:25:44,351 [pool-55-thread-1] INFO  server.RaftServerConfigKeys (ConfUtils.java:logGet(44)) - raft.server.notification.no-leader.timeout = 300000ms (custom)
2021-09-21 18:25:44,351 [pool-55-thread-1] INFO  server.RaftServerConfigKeys (ConfUtils.java:logGet(44)) - raft.server.log.use.memory = false (default)
2021-09-21 18:25:44,351 [pool-55-thread-1] INFO  server.RaftServerConfigKeys (ConfUtils.java:logGet(44)) - raft.server.log.purge.gap = 1000000 (custom)
2021-09-21 18:25:44,351 [pool-55-thread-1] INFO  server.RaftServerConfigKeys (ConfUtils.java:logGet(44)) - raft.server.log.appender.buffer.byte-limit = 33554432 (custom)
2021-09-21 18:25:44,352 [pool-55-thread-1] INFO  server.RaftServerConfigKeys (ConfUtils.java:logGet(44)) - raft.server.log.segment.size.max = 1048576 (custom)
2021-09-21 18:25:44,352 [pool-55-thread-1] INFO  server.RaftServerConfigKeys (ConfUtils.java:logGet(44)) - raft.server.log.segment.cache.num.max = 2 (custom)
2021-09-21 18:25:44,352 [pool-55-thread-1] INFO  server.RaftServerConfigKeys (ConfUtils.java:logGet(44)) - raft.server.log.segment.cache.size.max = 200MB (=209715200) (default)
2021-09-21 18:25:44,353 [pool-55-thread-1] INFO  segmented.SegmentedRaftLogWorker (SegmentedRaftLogWorker.java:<init>(182)) - new d36baf84-b85f-4b26-8f7e-d1f6b1b07563@group-6CB704DD8418-SegmentedRaftLogWorker for RaftStorageImpl:Storage Directory /home/runner/work/ozone/ozone/hadoop-ozone/integration-test/target/test-dir/MiniOzoneClusterImpl-8dff45f7-6a4c-4a77-aa6d-4bab94871626/datanode-0/data/ratis/1029a568-8727-427f-b6e2-6cb704dd8418
2021-09-21 18:25:44,353 [pool-55-thread-1] INFO  server.RaftServerConfigKeys (ConfUtils.java:logGet(44)) - raft.server.log.queue.byte-limit = 2147483647 (custom)
2021-09-21 18:25:44,356 [pool-55-thread-1] INFO  server.RaftServerConfigKeys (ConfUtils.java:logGet(44)) - raft.server.log.queue.element-limit = 1024 (custom)
2021-09-21 18:25:44,356 [pool-55-thread-1] INFO  server.RaftServerConfigKeys (ConfUtils.java:logGet(44)) - raft.server.log.segment.size.max = 1048576 (custom)
2021-09-21 18:25:44,356 [pool-55-thread-1] INFO  server.RaftServerConfigKeys (ConfUtils.java:logGet(44)) - raft.server.log.preallocated.size = 16384 (custom)
2021-09-21 18:25:44,356 [pool-55-thread-1] INFO  server.RaftServerConfigKeys (ConfUtils.java:logGet(44)) - raft.server.log.force.sync.num = 128 (default)
2021-09-21 18:25:44,356 [pool-55-thread-1] INFO  server.RaftServerConfigKeys (ConfUtils.java:logGet(44)) - raft.server.log.statemachine.data.sync = true (default)
2021-09-21 18:25:44,356 [pool-55-thread-1] INFO  server.RaftServerConfigKeys (ConfUtils.java:logGet(44)) - raft.server.log.statemachine.data.sync.timeout = 10s (default)
2021-09-21 18:25:44,356 [pool-55-thread-1] INFO  server.RaftServerConfigKeys (ConfUtils.java:logGet(44)) - raft.server.log.statemachine.data.sync.timeout.retry = -1 (default)
2021-09-21 18:25:44,358 [pool-55-thread-1] INFO  server.RaftServerConfigKeys (ConfUtils.java:logGet(44)) - raft.server.log.write.buffer.size = 1048576 (custom)
2021-09-21 18:25:44,358 [pool-55-thread-1] INFO  server.RaftServerConfigKeys (ConfUtils.java:logGet(44)) - raft.server.log.statemachine.data.caching.enabled = true (custom)
2021-09-21 18:25:44,367 [pool-55-thread-1] INFO  segmented.SegmentedRaftLogWorker (SegmentedRaftLogWorker.java:lambda$new$0(133)) - d36baf84-b85f-4b26-8f7e-d1f6b1b07563@group-6CB704DD8418-SegmentedRaftLogWorker: flushIndex: setUnconditionally 0 -> -1
2021-09-21 18:25:44,368 [pool-55-thread-1] INFO  segmented.SegmentedRaftLogWorker (SegmentedRaftLogWorker.java:lambda$new$0(133)) - d36baf84-b85f-4b26-8f7e-d1f6b1b07563@group-6CB704DD8418-SegmentedRaftLogWorker: safeCacheEvictIndex: setUnconditionally 0 -> -1
2021-09-21 18:25:44,368 [pool-55-thread-1] INFO  server.RaftServerConfigKeys (ConfUtils.java:logGet(44)) - raft.server.snapshot.auto.trigger.enabled = true (custom)
2021-09-21 18:25:44,368 [pool-55-thread-1] INFO  server.RaftServerConfigKeys (ConfUtils.java:logGet(44)) - raft.server.snapshot.auto.trigger.threshold = 10000 (custom)
2021-09-21 18:25:44,369 [pool-55-thread-1] INFO  server.RaftServerConfigKeys (ConfUtils.java:logGet(44)) - raft.server.snapshot.retention.file.num = 5 (custom)
2021-09-21 18:25:44,369 [pool-55-thread-1] INFO  server.RaftServerConfigKeys (ConfUtils.java:logGet(44)) - raft.server.log.purge.upto.snapshot.index = false (default)
2021-09-21 18:25:44,369 [pool-55-thread-1] INFO  server.RaftServerConfigKeys (ConfUtils.java:logGet(44)) - raft.server.retrycache.expirytime = 600000ms (custom)
2021-09-21 18:25:44,369 [pool-55-thread-1] INFO  server.RaftServerConfigKeys (ConfUtils.java:logGet(44)) - raft.server.retrycache.statistics.expirytime = 100μs (default)
2021-09-21 18:25:44,371 [Command processor thread] INFO  commandhandler.CreatePipelineCommandHandler (CreatePipelineCommandHandler.java:handle(106)) - Created Pipeline RATIS THREE PipelineID=e1e6257e-975c-4cff-961e-5490e1c9b297.
2021-09-21 18:25:44,375 [pool-55-thread-1] INFO  server.RaftServer$Division (RaftServerImpl.java:start(296)) - d36baf84-b85f-4b26-8f7e-d1f6b1b07563@group-6CB704DD8418: start as a follower, conf=-1: [d36baf84-b85f-4b26-8f7e-d1f6b1b07563|rpc:10.1.0.27:39631|dataStream:|priority:0, ac1d7df1-8838-4266-a424-22c9922d1104|rpc:10.1.0.27:41255|dataStream:|priority:1, 7ebb7728-56c4-46fe-8faf-bd5e72c54eae|rpc:10.1.0.27:40201|dataStream:|priority:0], old=null
2021-09-21 18:25:44,375 [pool-55-thread-1] INFO  server.RaftServer$Division (RaftServerImpl.java:setRole(285)) - d36baf84-b85f-4b26-8f7e-d1f6b1b07563@group-6CB704DD8418: changes role from      null to FOLLOWER at term 0 for startAsFollower
2021-09-21 18:25:44,375 [Command processor thread] INFO  server.RaftServer (RaftServerProxy.java:addNew(95)) - 000602bb-62cb-4174-b1e5-e32eb992284f: addNew group-66BCF67E946B:[000602bb-62cb-4174-b1e5-e32eb992284f|rpc:10.1.0.27:39235|priority:1] returns group-66BCF67E946B:java.util.concurrent.CompletableFuture@480054f[Not completed]
2021-09-21 18:25:44,376 [pool-55-thread-1] INFO  impl.RoleInfo (RoleInfo.java:updateAndGet(130)) - d36baf84-b85f-4b26-8f7e-d1f6b1b07563: start d36baf84-b85f-4b26-8f7e-d1f6b1b07563@group-6CB704DD8418-FollowerState
2021-09-21 18:25:44,377 [pool-112-thread-1] INFO  server.RaftServer$Division (RaftServerImpl.java:<init>(181)) - 000602bb-62cb-4174-b1e5-e32eb992284f: new RaftServerImpl for group-66BCF67E946B:[000602bb-62cb-4174-b1e5-e32eb992284f|rpc:10.1.0.27:39235|priority:1] with ContainerStateMachine:uninitialized
2021-09-21 18:25:44,377 [pool-55-thread-1] INFO  util.JmxRegister (JmxRegister.java:tryRegister(44)) - Successfully registered JMX Bean with object name Ratis:service=RaftServer,group=group-6CB704DD8418,id=d36baf84-b85f-4b26-8f7e-d1f6b1b07563
2021-09-21 18:25:44,385 [pool-112-thread-1] INFO  server.RaftServerConfigKeys (ConfUtils.java:logGet(44)) - raft.server.rpc.timeout.min = 5s (custom)
2021-09-21 18:25:44,385 [pool-112-thread-1] INFO  server.RaftServerConfigKeys (ConfUtils.java:logGet(44)) - raft.server.rpc.timeout.max = 5200ms (custom)
2021-09-21 18:25:44,386 [pool-112-thread-1] INFO  server.RaftServerConfigKeys (ConfUtils.java:logGet(44)) - raft.server.rpc.sleep.time = 25ms (default)
2021-09-21 18:25:44,386 [pool-112-thread-1] INFO  server.RaftServerConfigKeys (ConfUtils.java:logGet(44)) - raft.server.rpc.slowness.timeout = 300000ms (custom)
2021-09-21 18:25:44,386 [pool-112-thread-1] INFO  server.RaftServerConfigKeys (ConfUtils.java:logGet(44)) - raft.server.leaderelection.leader.step-down.wait-time = 10s (default)
2021-09-21 18:25:44,386 [pool-112-thread-1] INFO  server.RaftServerConfigKeys (ConfUtils.java:logGet(44)) - raft.server.sleep.deviation.threshold = 300ms (default)
2021-09-21 18:25:44,386 [pool-112-thread-1] INFO  server.RaftServerConfigKeys (ConfUtils.java:logGet(44)) - raft.server.log.appender.install.snapshot.enabled = false (custom)
2021-09-21 18:25:44,386 [pool-112-thread-1] INFO  server.RaftServer$Division (ServerState.java:<init>(105)) - 000602bb-62cb-4174-b1e5-e32eb992284f@group-66BCF67E946B: ConfigurationManager, init=-1: [000602bb-62cb-4174-b1e5-e32eb992284f|rpc:10.1.0.27:39235|priority:1], old=null, confs=<EMPTY_MAP>
2021-09-21 18:25:44,386 [pool-112-thread-1] INFO  server.RaftServerConfigKeys (ConfUtils.java:logGet(44)) - raft.server.storage.dir = [/home/runner/work/ozone/ozone/hadoop-ozone/integration-test/target/test-dir/MiniOzoneClusterImpl-8dff45f7-6a4c-4a77-aa6d-4bab94871626/datanode-3/data/ratis] (custom)
2021-09-21 18:25:44,386 [pool-112-thread-1] INFO  server.RaftServerConfigKeys (ConfUtils.java:logGet(44)) - raft.server.log.corruption.policy = EXCEPTION (default)
2021-09-21 18:25:44,386 [pool-112-thread-1] INFO  server.RaftServerConfigKeys (ConfUtils.java:logGet(44)) - raft.server.storage.free-space.min = 0MB (=0) (default)
2021-09-21 18:25:44,386 [pool-112-thread-1] INFO  storage.RaftStorageDirectory (RaftStorageDirectoryImpl.java:analyzeStorage(135)) - The storage directory /home/runner/work/ozone/ozone/hadoop-ozone/integration-test/target/test-dir/MiniOzoneClusterImpl-8dff45f7-6a4c-4a77-aa6d-4bab94871626/datanode-3/data/ratis/1c34d39f-0136-47b1-86a3-66bcf67e946b does not exist. Creating ...
2021-09-21 18:25:44,389 [pool-112-thread-1] INFO  storage.RaftStorageDirectory (RaftStorageDirectoryImpl.java:tryLock(230)) - Lock on /home/runner/work/ozone/ozone/hadoop-ozone/integration-test/target/test-dir/MiniOzoneClusterImpl-8dff45f7-6a4c-4a77-aa6d-4bab94871626/datanode-3/data/ratis/1c34d39f-0136-47b1-86a3-66bcf67e946b/in_use.lock acquired by nodename 22499@fv-az122-453
2021-09-21 18:25:44,392 [pool-112-thread-1] INFO  storage.RaftStorage (RaftStorageImpl.java:format(89)) - Storage directory /home/runner/work/ozone/ozone/hadoop-ozone/integration-test/target/test-dir/MiniOzoneClusterImpl-8dff45f7-6a4c-4a77-aa6d-4bab94871626/datanode-3/data/ratis/1c34d39f-0136-47b1-86a3-66bcf67e946b has been successfully formatted.
2021-09-21 18:25:44,402 [pool-112-thread-1] INFO  ratis.ContainerStateMachine (ContainerStateMachine.java:loadSnapshot(224)) - group-66BCF67E946B: The snapshot info is null. Setting the last applied indexto:(t:0, i:~)
2021-09-21 18:25:44,402 [pool-112-thread-1] INFO  server.RaftServerConfigKeys (ConfUtils.java:logGet(44)) - raft.server.notification.no-leader.timeout = 300000ms (custom)
2021-09-21 18:25:44,402 [pool-112-thread-1] INFO  server.RaftServerConfigKeys (ConfUtils.java:logGet(44)) - raft.server.log.use.memory = false (default)
2021-09-21 18:25:44,403 [pool-112-thread-1] INFO  server.RaftServerConfigKeys (ConfUtils.java:logGet(44)) - raft.server.log.purge.gap = 1000000 (custom)
2021-09-21 18:25:44,404 [pool-112-thread-1] INFO  server.RaftServerConfigKeys (ConfUtils.java:logGet(44)) - raft.server.log.appender.buffer.byte-limit = 33554432 (custom)
2021-09-21 18:25:44,404 [pool-112-thread-1] INFO  server.RaftServerConfigKeys (ConfUtils.java:logGet(44)) - raft.server.log.segment.size.max = 1048576 (custom)
2021-09-21 18:25:44,405 [pool-112-thread-1] INFO  server.RaftServerConfigKeys (ConfUtils.java:logGet(44)) - raft.server.log.segment.cache.num.max = 2 (custom)
2021-09-21 18:25:44,405 [pool-112-thread-1] INFO  server.RaftServerConfigKeys (ConfUtils.java:logGet(44)) - raft.server.log.segment.cache.size.max = 200MB (=209715200) (default)
2021-09-21 18:25:44,405 [pool-112-thread-1] INFO  segmented.SegmentedRaftLogWorker (SegmentedRaftLogWorker.java:<init>(182)) - new 000602bb-62cb-4174-b1e5-e32eb992284f@group-66BCF67E946B-SegmentedRaftLogWorker for RaftStorageImpl:Storage Directory /home/runner/work/ozone/ozone/hadoop-ozone/integration-test/target/test-dir/MiniOzoneClusterImpl-8dff45f7-6a4c-4a77-aa6d-4bab94871626/datanode-3/data/ratis/1c34d39f-0136-47b1-86a3-66bcf67e946b
2021-09-21 18:25:44,405 [pool-112-thread-1] INFO  server.RaftServerConfigKeys (ConfUtils.java:logGet(44)) - raft.server.log.queue.byte-limit = 2147483647 (custom)
2021-09-21 18:25:44,405 [pool-112-thread-1] INFO  server.RaftServerConfigKeys (ConfUtils.java:logGet(44)) - raft.server.log.queue.element-limit = 1024 (custom)
2021-09-21 18:25:44,405 [pool-112-thread-1] INFO  server.RaftServerConfigKeys (ConfUtils.java:logGet(44)) - raft.server.log.segment.size.max = 1048576 (custom)
2021-09-21 18:25:44,405 [pool-112-thread-1] INFO  server.RaftServerConfigKeys (ConfUtils.java:logGet(44)) - raft.server.log.preallocated.size = 16384 (custom)
2021-09-21 18:25:44,405 [pool-112-thread-1] INFO  server.RaftServerConfigKeys (ConfUtils.java:logGet(44)) - raft.server.log.force.sync.num = 128 (default)
2021-09-21 18:25:44,405 [pool-112-thread-1] INFO  server.RaftServerConfigKeys (ConfUtils.java:logGet(44)) - raft.server.log.statemachine.data.sync = true (default)
2021-09-21 18:25:44,405 [pool-112-thread-1] INFO  server.RaftServerConfigKeys (ConfUtils.java:logGet(44)) - raft.server.log.statemachine.data.sync.timeout = 10s (default)
2021-09-21 18:25:44,406 [pool-112-thread-1] INFO  server.RaftServerConfigKeys (ConfUtils.java:logGet(44)) - raft.server.log.statemachine.data.sync.timeout.retry = -1 (default)
2021-09-21 18:25:44,407 [pool-112-thread-1] INFO  server.RaftServerConfigKeys (ConfUtils.java:logGet(44)) - raft.server.log.write.buffer.size = 1048576 (custom)
2021-09-21 18:25:44,408 [pool-112-thread-1] INFO  server.RaftServerConfigKeys (ConfUtils.java:logGet(44)) - raft.server.log.statemachine.data.caching.enabled = true (custom)
2021-09-21 18:25:44,412 [pool-112-thread-1] INFO  segmented.SegmentedRaftLogWorker (SegmentedRaftLogWorker.java:lambda$new$0(133)) - 000602bb-62cb-4174-b1e5-e32eb992284f@group-66BCF67E946B-SegmentedRaftLogWorker: flushIndex: setUnconditionally 0 -> -1
2021-09-21 18:25:44,413 [pool-112-thread-1] INFO  segmented.SegmentedRaftLogWorker (SegmentedRaftLogWorker.java:lambda$new$0(133)) - 000602bb-62cb-4174-b1e5-e32eb992284f@group-66BCF67E946B-SegmentedRaftLogWorker: safeCacheEvictIndex: setUnconditionally 0 -> -1
2021-09-21 18:25:44,415 [EventQueue-PipelineReportForPipelineReportHandler] INFO  pipeline.PipelineManagerImpl (PipelineManagerImpl.java:openPipeline(282)) - Pipeline Pipeline[ Id: 1c34d39f-0136-47b1-86a3-66bcf67e946b, Nodes: 000602bb-62cb-4174-b1e5-e32eb992284f{ip: 10.1.0.27, host: fv-az122-453.zf1tlrj3kn4expqppa1j4mpycf.xx.internal.cloudapp.net, ports: [REPLICATION=38231, RATIS=39235, RATIS_ADMIN=39235, RATIS_SERVER=39235, STANDALONE=33401], networkLocation: /default-rack, certSerialId: null, persistedOpState: IN_SERVICE, persistedOpStateExpiryEpochSec: 0}, ReplicationConfig: RATIS/ONE, State:ALLOCATED, leaderId:000602bb-62cb-4174-b1e5-e32eb992284f, CreationTimestamp2021-09-21T18:25:41.361Z[Etc/UTC]] moved to OPEN state
2021-09-21 18:25:44,416 [EventQueue-OpenPipelineForHealthyPipelineSafeModeRule] INFO  safemode.SCMSafeModeManager (HealthyPipelineSafeModeRule.java:process(124)) - SCM in safe mode. Healthy pipelines reported count is 0, required healthy pipeline reported count is 1
2021-09-21 18:25:44,417 [pool-112-thread-1] INFO  server.RaftServerConfigKeys (ConfUtils.java:logGet(44)) - raft.server.snapshot.auto.trigger.enabled = true (custom)
2021-09-21 18:25:44,422 [pool-112-thread-1] INFO  server.RaftServerConfigKeys (ConfUtils.java:logGet(44)) - raft.server.snapshot.auto.trigger.threshold = 10000 (custom)
2021-09-21 18:25:44,422 [pool-112-thread-1] INFO  server.RaftServerConfigKeys (ConfUtils.java:logGet(44)) - raft.server.snapshot.retention.file.num = 5 (custom)
2021-09-21 18:25:44,422 [pool-112-thread-1] INFO  server.RaftServerConfigKeys (ConfUtils.java:logGet(44)) - raft.server.log.purge.upto.snapshot.index = false (default)
2021-09-21 18:25:44,422 [pool-112-thread-1] INFO  server.RaftServerConfigKeys (ConfUtils.java:logGet(44)) - raft.server.retrycache.expirytime = 600000ms (custom)
2021-09-21 18:25:44,423 [pool-112-thread-1] INFO  server.RaftServerConfigKeys (ConfUtils.java:logGet(44)) - raft.server.retrycache.statistics.expirytime = 100μs (default)
2021-09-21 18:25:44,425 [pool-112-thread-1] INFO  server.RaftServer$Division (RaftServerImpl.java:start(296)) - 000602bb-62cb-4174-b1e5-e32eb992284f@group-66BCF67E946B: start as a follower, conf=-1: [000602bb-62cb-4174-b1e5-e32eb992284f|rpc:10.1.0.27:39235|priority:1], old=null
2021-09-21 18:25:44,426 [pool-112-thread-1] INFO  server.RaftServer$Division (RaftServerImpl.java:setRole(285)) - 000602bb-62cb-4174-b1e5-e32eb992284f@group-66BCF67E946B: changes role from      null to FOLLOWER at term 0 for startAsFollower
2021-09-21 18:25:44,426 [pool-112-thread-1] INFO  impl.RoleInfo (RoleInfo.java:updateAndGet(130)) - 000602bb-62cb-4174-b1e5-e32eb992284f: start 000602bb-62cb-4174-b1e5-e32eb992284f@group-66BCF67E946B-FollowerState
2021-09-21 18:25:44,426 [pool-112-thread-1] INFO  util.JmxRegister (JmxRegister.java:tryRegister(44)) - Successfully registered JMX Bean with object name Ratis:service=RaftServer,group=group-66BCF67E946B,id=000602bb-62cb-4174-b1e5-e32eb992284f
2021-09-21 18:25:44,438 [Command processor thread] INFO  ratis.XceiverServerRatis (XceiverServerRatis.java:addGroup(762)) - Created group PipelineID=1c34d39f-0136-47b1-86a3-66bcf67e946b
2021-09-21 18:25:44,438 [Command processor thread] INFO  commandhandler.CreatePipelineCommandHandler (CreatePipelineCommandHandler.java:handle(106)) - Created Pipeline RATIS ONE PipelineID=1c34d39f-0136-47b1-86a3-66bcf67e946b.
2021-09-21 18:25:44,438 [Command processor thread] INFO  server.RaftServer (RaftServerProxy.java:addNew(95)) - 000602bb-62cb-4174-b1e5-e32eb992284f: addNew group-DF9194BC50DA:[6174554c-eda6-4ca8-a498-7acedbc2905d|rpc:10.1.0.27:43953|priority:0, 000602bb-62cb-4174-b1e5-e32eb992284f|rpc:10.1.0.27:39235|priority:1, 453ecb08-f079-4424-abb7-b5b860d98fa7|rpc:10.1.0.27:45375|priority:0] returns group-DF9194BC50DA:java.util.concurrent.CompletableFuture@bf9107[Not completed]
2021-09-21 18:25:44,440 [pool-112-thread-1] INFO  server.RaftServer$Division (RaftServerImpl.java:<init>(181)) - 000602bb-62cb-4174-b1e5-e32eb992284f: new RaftServerImpl for group-DF9194BC50DA:[6174554c-eda6-4ca8-a498-7acedbc2905d|rpc:10.1.0.27:43953|priority:0, 000602bb-62cb-4174-b1e5-e32eb992284f|rpc:10.1.0.27:39235|priority:1, 453ecb08-f079-4424-abb7-b5b860d98fa7|rpc:10.1.0.27:45375|priority:0] with ContainerStateMachine:uninitialized
2021-09-21 18:25:44,440 [pool-112-thread-1] INFO  server.RaftServerConfigKeys (ConfUtils.java:logGet(44)) - raft.server.rpc.timeout.min = 5s (custom)
2021-09-21 18:25:44,440 [pool-112-thread-1] INFO  server.RaftServerConfigKeys (ConfUtils.java:logGet(44)) - raft.server.rpc.timeout.max = 5200ms (custom)
2021-09-21 18:25:44,440 [pool-112-thread-1] INFO  server.RaftServerConfigKeys (ConfUtils.java:logGet(44)) - raft.server.rpc.sleep.time = 25ms (default)
2021-09-21 18:25:44,441 [pool-112-thread-1] INFO  server.RaftServerConfigKeys (ConfUtils.java:logGet(44)) - raft.server.rpc.slowness.timeout = 300000ms (custom)
2021-09-21 18:25:44,441 [pool-112-thread-1] INFO  server.RaftServerConfigKeys (ConfUtils.java:logGet(44)) - raft.server.leaderelection.leader.step-down.wait-time = 10s (default)
2021-09-21 18:25:44,441 [pool-112-thread-1] INFO  server.RaftServerConfigKeys (ConfUtils.java:logGet(44)) - raft.server.sleep.deviation.threshold = 300ms (default)
2021-09-21 18:25:44,441 [pool-112-thread-1] INFO  server.RaftServerConfigKeys (ConfUtils.java:logGet(44)) - raft.server.log.appender.install.snapshot.enabled = false (custom)
2021-09-21 18:25:44,441 [pool-112-thread-1] INFO  server.RaftServer$Division (ServerState.java:<init>(105)) - 000602bb-62cb-4174-b1e5-e32eb992284f@group-DF9194BC50DA: ConfigurationManager, init=-1: [6174554c-eda6-4ca8-a498-7acedbc2905d|rpc:10.1.0.27:43953|priority:0, 000602bb-62cb-4174-b1e5-e32eb992284f|rpc:10.1.0.27:39235|priority:1, 453ecb08-f079-4424-abb7-b5b860d98fa7|rpc:10.1.0.27:45375|priority:0], old=null, confs=<EMPTY_MAP>
2021-09-21 18:25:44,441 [pool-112-thread-1] INFO  server.RaftServerConfigKeys (ConfUtils.java:logGet(44)) - raft.server.storage.dir = [/home/runner/work/ozone/ozone/hadoop-ozone/integration-test/target/test-dir/MiniOzoneClusterImpl-8dff45f7-6a4c-4a77-aa6d-4bab94871626/datanode-3/data/ratis] (custom)
2021-09-21 18:25:44,441 [pool-112-thread-1] INFO  server.RaftServerConfigKeys (ConfUtils.java:logGet(44)) - raft.server.log.corruption.policy = EXCEPTION (default)
2021-09-21 18:25:44,441 [pool-112-thread-1] INFO  server.RaftServerConfigKeys (ConfUtils.java:logGet(44)) - raft.server.storage.free-space.min = 0MB (=0) (default)
2021-09-21 18:25:44,441 [pool-112-thread-1] INFO  storage.RaftStorageDirectory (RaftStorageDirectoryImpl.java:analyzeStorage(135)) - The storage directory /home/runner/work/ozone/ozone/hadoop-ozone/integration-test/target/test-dir/MiniOzoneClusterImpl-8dff45f7-6a4c-4a77-aa6d-4bab94871626/datanode-3/data/ratis/3a97cb87-08b0-4d45-b12e-df9194bc50da does not exist. Creating ...
2021-09-21 18:25:44,445 [pool-112-thread-1] INFO  storage.RaftStorageDirectory (RaftStorageDirectoryImpl.java:tryLock(230)) - Lock on /home/runner/work/ozone/ozone/hadoop-ozone/integration-test/target/test-dir/MiniOzoneClusterImpl-8dff45f7-6a4c-4a77-aa6d-4bab94871626/datanode-3/data/ratis/3a97cb87-08b0-4d45-b12e-df9194bc50da/in_use.lock acquired by nodename 22499@fv-az122-453
2021-09-21 18:25:44,446 [Command processor thread] INFO  commandhandler.CreatePipelineCommandHandler (CreatePipelineCommandHandler.java:handle(106)) - Created Pipeline RATIS THREE PipelineID=e1e6257e-975c-4cff-961e-5490e1c9b297.
2021-09-21 18:25:44,446 [Command processor thread] INFO  server.RaftServer (RaftServerProxy.java:addNew(95)) - ac1d7df1-8838-4266-a424-22c9922d1104: addNew group-6CB704DD8418:[d36baf84-b85f-4b26-8f7e-d1f6b1b07563|rpc:10.1.0.27:39631|priority:0, ac1d7df1-8838-4266-a424-22c9922d1104|rpc:10.1.0.27:41255|priority:1, 7ebb7728-56c4-46fe-8faf-bd5e72c54eae|rpc:10.1.0.27:40201|priority:0] returns group-6CB704DD8418:java.util.concurrent.CompletableFuture@104f4385[Not completed]
2021-09-21 18:25:44,447 [pool-74-thread-1] INFO  server.RaftServer$Division (RaftServerImpl.java:<init>(181)) - ac1d7df1-8838-4266-a424-22c9922d1104: new RaftServerImpl for group-6CB704DD8418:[d36baf84-b85f-4b26-8f7e-d1f6b1b07563|rpc:10.1.0.27:39631|priority:0, ac1d7df1-8838-4266-a424-22c9922d1104|rpc:10.1.0.27:41255|priority:1, 7ebb7728-56c4-46fe-8faf-bd5e72c54eae|rpc:10.1.0.27:40201|priority:0] with ContainerStateMachine:uninitialized
2021-09-21 18:25:44,448 [pool-74-thread-1] INFO  server.RaftServerConfigKeys (ConfUtils.java:logGet(44)) - raft.server.rpc.timeout.min = 5s (custom)
2021-09-21 18:25:44,448 [pool-74-thread-1] INFO  server.RaftServerConfigKeys (ConfUtils.java:logGet(44)) - raft.server.rpc.timeout.max = 5200ms (custom)
2021-09-21 18:25:44,448 [pool-74-thread-1] INFO  server.RaftServerConfigKeys (ConfUtils.java:logGet(44)) - raft.server.rpc.sleep.time = 25ms (default)
2021-09-21 18:25:44,448 [pool-74-thread-1] INFO  server.RaftServerConfigKeys (ConfUtils.java:logGet(44)) - raft.server.rpc.slowness.timeout = 300000ms (custom)
2021-09-21 18:25:44,448 [pool-74-thread-1] INFO  server.RaftServerConfigKeys (ConfUtils.java:logGet(44)) - raft.server.leaderelection.leader.step-down.wait-time = 10s (default)
2021-09-21 18:25:44,448 [pool-74-thread-1] INFO  server.RaftServerConfigKeys (ConfUtils.java:logGet(44)) - raft.server.sleep.deviation.threshold = 300ms (default)
2021-09-21 18:25:44,448 [pool-74-thread-1] INFO  server.RaftServerConfigKeys (ConfUtils.java:logGet(44)) - raft.server.log.appender.install.snapshot.enabled = false (custom)
2021-09-21 18:25:44,448 [pool-74-thread-1] INFO  server.RaftServer$Division (ServerState.java:<init>(105)) - ac1d7df1-8838-4266-a424-22c9922d1104@group-6CB704DD8418: ConfigurationManager, init=-1: [d36baf84-b85f-4b26-8f7e-d1f6b1b07563|rpc:10.1.0.27:39631|priority:0, ac1d7df1-8838-4266-a424-22c9922d1104|rpc:10.1.0.27:41255|priority:1, 7ebb7728-56c4-46fe-8faf-bd5e72c54eae|rpc:10.1.0.27:40201|priority:0], old=null, confs=<EMPTY_MAP>
2021-09-21 18:25:44,448 [pool-74-thread-1] INFO  server.RaftServerConfigKeys (ConfUtils.java:logGet(44)) - raft.server.storage.dir = [/home/runner/work/ozone/ozone/hadoop-ozone/integration-test/target/test-dir/MiniOzoneClusterImpl-8dff45f7-6a4c-4a77-aa6d-4bab94871626/datanode-1/data/ratis] (custom)
2021-09-21 18:25:44,449 [pool-74-thread-1] INFO  server.RaftServerConfigKeys (ConfUtils.java:logGet(44)) - raft.server.log.corruption.policy = EXCEPTION (default)
2021-09-21 18:25:44,449 [pool-74-thread-1] INFO  server.RaftServerConfigKeys (ConfUtils.java:logGet(44)) - raft.server.storage.free-space.min = 0MB (=0) (default)
2021-09-21 18:25:44,449 [pool-74-thread-1] INFO  storage.RaftStorageDirectory (RaftStorageDirectoryImpl.java:analyzeStorage(135)) - The storage directory /home/runner/work/ozone/ozone/hadoop-ozone/integration-test/target/test-dir/MiniOzoneClusterImpl-8dff45f7-6a4c-4a77-aa6d-4bab94871626/datanode-1/data/ratis/1029a568-8727-427f-b6e2-6cb704dd8418 does not exist. Creating ...
2021-09-21 18:25:44,450 [pool-74-thread-1] INFO  storage.RaftStorageDirectory (RaftStorageDirectoryImpl.java:tryLock(230)) - Lock on /home/runner/work/ozone/ozone/hadoop-ozone/integration-test/target/test-dir/MiniOzoneClusterImpl-8dff45f7-6a4c-4a77-aa6d-4bab94871626/datanode-1/data/ratis/1029a568-8727-427f-b6e2-6cb704dd8418/in_use.lock acquired by nodename 22499@fv-az122-453
2021-09-21 18:25:44,450 [pool-112-thread-1] INFO  storage.RaftStorage (RaftStorageImpl.java:format(89)) - Storage directory /home/runner/work/ozone/ozone/hadoop-ozone/integration-test/target/test-dir/MiniOzoneClusterImpl-8dff45f7-6a4c-4a77-aa6d-4bab94871626/datanode-3/data/ratis/3a97cb87-08b0-4d45-b12e-df9194bc50da has been successfully formatted.
2021-09-21 18:25:44,450 [pool-112-thread-1] INFO  ratis.ContainerStateMachine (ContainerStateMachine.java:loadSnapshot(224)) - group-DF9194BC50DA: The snapshot info is null. Setting the last applied indexto:(t:0, i:~)
2021-09-21 18:25:44,450 [pool-112-thread-1] INFO  server.RaftServerConfigKeys (ConfUtils.java:logGet(44)) - raft.server.notification.no-leader.timeout = 300000ms (custom)
2021-09-21 18:25:44,450 [pool-112-thread-1] INFO  server.RaftServerConfigKeys (ConfUtils.java:logGet(44)) - raft.server.log.use.memory = false (default)
2021-09-21 18:25:44,451 [pool-112-thread-1] INFO  server.RaftServerConfigKeys (ConfUtils.java:logGet(44)) - raft.server.log.purge.gap = 1000000 (custom)
2021-09-21 18:25:44,451 [pool-112-thread-1] INFO  server.RaftServerConfigKeys (ConfUtils.java:logGet(44)) - raft.server.log.appender.buffer.byte-limit = 33554432 (custom)
2021-09-21 18:25:44,451 [pool-112-thread-1] INFO  server.RaftServerConfigKeys (ConfUtils.java:logGet(44)) - raft.server.log.segment.size.max = 1048576 (custom)
2021-09-21 18:25:44,452 [EventQueue-OpenPipelineForHealthyPipelineSafeModeRule] INFO  safemode.SCMSafeModeManager (HealthyPipelineSafeModeRule.java:process(124)) - SCM in safe mode. Healthy pipelines reported count is 0, required healthy pipeline reported count is 1
2021-09-21 18:25:44,453 [pool-74-thread-1] INFO  storage.RaftStorage (RaftStorageImpl.java:format(89)) - Storage directory /home/runner/work/ozone/ozone/hadoop-ozone/integration-test/target/test-dir/MiniOzoneClusterImpl-8dff45f7-6a4c-4a77-aa6d-4bab94871626/datanode-1/data/ratis/1029a568-8727-427f-b6e2-6cb704dd8418 has been successfully formatted.
2021-09-21 18:25:44,455 [pool-74-thread-1] INFO  ratis.ContainerStateMachine (ContainerStateMachine.java:loadSnapshot(224)) - group-6CB704DD8418: The snapshot info is null. Setting the last applied indexto:(t:0, i:~)
2021-09-21 18:25:44,455 [pool-74-thread-1] INFO  server.RaftServerConfigKeys (ConfUtils.java:logGet(44)) - raft.server.notification.no-leader.timeout = 300000ms (custom)
2021-09-21 18:25:44,455 [pool-74-thread-1] INFO  server.RaftServerConfigKeys (ConfUtils.java:logGet(44)) - raft.server.log.use.memory = false (default)
2021-09-21 18:25:44,455 [pool-74-thread-1] INFO  server.RaftServerConfigKeys (ConfUtils.java:logGet(44)) - raft.server.log.purge.gap = 1000000 (custom)
2021-09-21 18:25:44,455 [pool-74-thread-1] INFO  server.RaftServerConfigKeys (ConfUtils.java:logGet(44)) - raft.server.log.appender.buffer.byte-limit = 33554432 (custom)
2021-09-21 18:25:44,456 [EventQueue-OpenPipelineForHealthyPipelineSafeModeRule] INFO  safemode.SCMSafeModeManager (HealthyPipelineSafeModeRule.java:process(124)) - SCM in safe mode. Healthy pipelines reported count is 0, required healthy pipeline reported count is 1
2021-09-21 18:25:44,456 [pool-112-thread-1] INFO  server.RaftServerConfigKeys (ConfUtils.java:logGet(44)) - raft.server.log.segment.cache.num.max = 2 (custom)
2021-09-21 18:25:44,456 [pool-112-thread-1] INFO  server.RaftServerConfigKeys (ConfUtils.java:logGet(44)) - raft.server.log.segment.cache.size.max = 200MB (=209715200) (default)
2021-09-21 18:25:44,456 [pool-112-thread-1] INFO  segmented.SegmentedRaftLogWorker (SegmentedRaftLogWorker.java:<init>(182)) - new 000602bb-62cb-4174-b1e5-e32eb992284f@group-DF9194BC50DA-SegmentedRaftLogWorker for RaftStorageImpl:Storage Directory /home/runner/work/ozone/ozone/hadoop-ozone/integration-test/target/test-dir/MiniOzoneClusterImpl-8dff45f7-6a4c-4a77-aa6d-4bab94871626/datanode-3/data/ratis/3a97cb87-08b0-4d45-b12e-df9194bc50da
2021-09-21 18:25:44,456 [pool-112-thread-1] INFO  server.RaftServerConfigKeys (ConfUtils.java:logGet(44)) - raft.server.log.queue.byte-limit = 2147483647 (custom)
2021-09-21 18:25:44,456 [pool-112-thread-1] INFO  server.RaftServerConfigKeys (ConfUtils.java:logGet(44)) - raft.server.log.queue.element-limit = 1024 (custom)
2021-09-21 18:25:44,456 [pool-112-thread-1] INFO  server.RaftServerConfigKeys (ConfUtils.java:logGet(44)) - raft.server.log.segment.size.max = 1048576 (custom)
2021-09-21 18:25:44,456 [pool-112-thread-1] INFO  server.RaftServerConfigKeys (ConfUtils.java:logGet(44)) - raft.server.log.preallocated.size = 16384 (custom)
2021-09-21 18:25:44,457 [pool-112-thread-1] INFO  server.RaftServerConfigKeys (ConfUtils.java:logGet(44)) - raft.server.log.force.sync.num = 128 (default)
2021-09-21 18:25:44,457 [pool-112-thread-1] INFO  server.RaftServerConfigKeys (ConfUtils.java:logGet(44)) - raft.server.log.statemachine.data.sync = true (default)
2021-09-21 18:25:44,457 [pool-74-thread-1] INFO  server.RaftServerConfigKeys (ConfUtils.java:logGet(44)) - raft.server.log.segment.size.max = 1048576 (custom)
2021-09-21 18:25:44,450 [Datanode State Machine Thread - 0] WARN  statemachine.StateContext (StateContext.java:execute(621)) - No available thread in pool for past 1 seconds.
2021-09-21 18:25:44,458 [pool-112-thread-1] INFO  server.RaftServerConfigKeys (ConfUtils.java:logGet(44)) - raft.server.log.statemachine.data.sync.timeout = 10s (default)
2021-09-21 18:25:44,459 [pool-112-thread-1] INFO  server.RaftServerConfigKeys (ConfUtils.java:logGet(44)) - raft.server.log.statemachine.data.sync.timeout.retry = -1 (default)
2021-09-21 18:25:44,459 [pool-74-thread-1] INFO  server.RaftServerConfigKeys (ConfUtils.java:logGet(44)) - raft.server.log.segment.cache.num.max = 2 (custom)
2021-09-21 18:25:44,460 [pool-74-thread-1] INFO  server.RaftServerConfigKeys (ConfUtils.java:logGet(44)) - raft.server.log.segment.cache.size.max = 200MB (=209715200) (default)
2021-09-21 18:25:44,460 [pool-74-thread-1] INFO  segmented.SegmentedRaftLogWorker (SegmentedRaftLogWorker.java:<init>(182)) - new ac1d7df1-8838-4266-a424-22c9922d1104@group-6CB704DD8418-SegmentedRaftLogWorker for RaftStorageImpl:Storage Directory /home/runner/work/ozone/ozone/hadoop-ozone/integration-test/target/test-dir/MiniOzoneClusterImpl-8dff45f7-6a4c-4a77-aa6d-4bab94871626/datanode-1/data/ratis/1029a568-8727-427f-b6e2-6cb704dd8418
2021-09-21 18:25:44,460 [pool-74-thread-1] INFO  server.RaftServerConfigKeys (ConfUtils.java:logGet(44)) - raft.server.log.queue.byte-limit = 2147483647 (custom)
2021-09-21 18:25:44,460 [pool-74-thread-1] INFO  server.RaftServerConfigKeys (ConfUtils.java:logGet(44)) - raft.server.log.queue.element-limit = 1024 (custom)
2021-09-21 18:25:44,460 [pool-74-thread-1] INFO  server.RaftServerConfigKeys (ConfUtils.java:logGet(44)) - raft.server.log.segment.size.max = 1048576 (custom)
2021-09-21 18:25:44,460 [pool-74-thread-1] INFO  server.RaftServerConfigKeys (ConfUtils.java:logGet(44)) - raft.server.log.preallocated.size = 16384 (custom)
2021-09-21 18:25:44,460 [pool-74-thread-1] INFO  server.RaftServerConfigKeys (ConfUtils.java:logGet(44)) - raft.server.log.force.sync.num = 128 (default)
2021-09-21 18:25:44,460 [pool-74-thread-1] INFO  server.RaftServerConfigKeys (ConfUtils.java:logGet(44)) - raft.server.log.statemachine.data.sync = true (default)
2021-09-21 18:25:44,461 [pool-74-thread-1] INFO  server.RaftServerConfigKeys (ConfUtils.java:logGet(44)) - raft.server.log.statemachine.data.sync.timeout = 10s (default)
2021-09-21 18:25:44,461 [pool-74-thread-1] INFO  server.RaftServerConfigKeys (ConfUtils.java:logGet(44)) - raft.server.log.statemachine.data.sync.timeout.retry = -1 (default)
2021-09-21 18:25:44,472 [pool-112-thread-1] INFO  server.RaftServerConfigKeys (ConfUtils.java:logGet(44)) - raft.server.log.write.buffer.size = 1048576 (custom)
2021-09-21 18:25:44,475 [pool-74-thread-1] INFO  server.RaftServerConfigKeys (ConfUtils.java:logGet(44)) - raft.server.log.write.buffer.size = 1048576 (custom)
2021-09-21 18:25:44,478 [pool-112-thread-1] INFO  server.RaftServerConfigKeys (ConfUtils.java:logGet(44)) - raft.server.log.statemachine.data.caching.enabled = true (custom)
2021-09-21 18:25:44,477 [Command processor thread] INFO  commandhandler.CreatePipelineCommandHandler (CreatePipelineCommandHandler.java:handle(106)) - Created Pipeline RATIS THREE PipelineID=1029a568-8727-427f-b6e2-6cb704dd8418.
2021-09-21 18:25:44,479 [pool-112-thread-1] INFO  segmented.SegmentedRaftLogWorker (SegmentedRaftLogWorker.java:lambda$new$0(133)) - 000602bb-62cb-4174-b1e5-e32eb992284f@group-DF9194BC50DA-SegmentedRaftLogWorker: flushIndex: setUnconditionally 0 -> -1
2021-09-21 18:25:44,479 [pool-112-thread-1] INFO  segmented.SegmentedRaftLogWorker (SegmentedRaftLogWorker.java:lambda$new$0(133)) - 000602bb-62cb-4174-b1e5-e32eb992284f@group-DF9194BC50DA-SegmentedRaftLogWorker: safeCacheEvictIndex: setUnconditionally 0 -> -1
2021-09-21 18:25:44,479 [pool-74-thread-1] INFO  server.RaftServerConfigKeys (ConfUtils.java:logGet(44)) - raft.server.log.statemachine.data.caching.enabled = true (custom)
2021-09-21 18:25:44,480 [pool-74-thread-1] INFO  segmented.SegmentedRaftLogWorker (SegmentedRaftLogWorker.java:lambda$new$0(133)) - ac1d7df1-8838-4266-a424-22c9922d1104@group-6CB704DD8418-SegmentedRaftLogWorker: flushIndex: setUnconditionally 0 -> -1
2021-09-21 18:25:44,480 [pool-74-thread-1] INFO  segmented.SegmentedRaftLogWorker (SegmentedRaftLogWorker.java:lambda$new$0(133)) - ac1d7df1-8838-4266-a424-22c9922d1104@group-6CB704DD8418-SegmentedRaftLogWorker: safeCacheEvictIndex: setUnconditionally 0 -> -1
2021-09-21 18:25:44,487 [pool-112-thread-1] INFO  server.RaftServerConfigKeys (ConfUtils.java:logGet(44)) - raft.server.snapshot.auto.trigger.enabled = true (custom)
2021-09-21 18:25:44,487 [pool-112-thread-1] INFO  server.RaftServerConfigKeys (ConfUtils.java:logGet(44)) - raft.server.snapshot.auto.trigger.threshold = 10000 (custom)
2021-09-21 18:25:44,487 [pool-74-thread-1] INFO  server.RaftServerConfigKeys (ConfUtils.java:logGet(44)) - raft.server.snapshot.auto.trigger.enabled = true (custom)
2021-09-21 18:25:44,487 [pool-112-thread-1] INFO  server.RaftServerConfigKeys (ConfUtils.java:logGet(44)) - raft.server.snapshot.retention.file.num = 5 (custom)
2021-09-21 18:25:44,487 [pool-74-thread-1] INFO  server.RaftServerConfigKeys (ConfUtils.java:logGet(44)) - raft.server.snapshot.auto.trigger.threshold = 10000 (custom)
2021-09-21 18:25:44,487 [pool-112-thread-1] INFO  server.RaftServerConfigKeys (ConfUtils.java:logGet(44)) - raft.server.log.purge.upto.snapshot.index = false (default)
2021-09-21 18:25:44,487 [pool-112-thread-1] INFO  server.RaftServerConfigKeys (ConfUtils.java:logGet(44)) - raft.server.retrycache.expirytime = 600000ms (custom)
2021-09-21 18:25:44,488 [pool-112-thread-1] INFO  server.RaftServerConfigKeys (ConfUtils.java:logGet(44)) - raft.server.retrycache.statistics.expirytime = 100μs (default)
2021-09-21 18:25:44,487 [pool-74-thread-1] INFO  server.RaftServerConfigKeys (ConfUtils.java:logGet(44)) - raft.server.snapshot.retention.file.num = 5 (custom)
2021-09-21 18:25:44,488 [pool-74-thread-1] INFO  server.RaftServerConfigKeys (ConfUtils.java:logGet(44)) - raft.server.log.purge.upto.snapshot.index = false (default)
2021-09-21 18:25:44,489 [pool-74-thread-1] INFO  server.RaftServerConfigKeys (ConfUtils.java:logGet(44)) - raft.server.retrycache.expirytime = 600000ms (custom)
2021-09-21 18:25:44,489 [pool-74-thread-1] INFO  server.RaftServerConfigKeys (ConfUtils.java:logGet(44)) - raft.server.retrycache.statistics.expirytime = 100μs (default)
2021-09-21 18:25:44,489 [pool-112-thread-1] INFO  server.RaftServer$Division (RaftServerImpl.java:start(296)) - 000602bb-62cb-4174-b1e5-e32eb992284f@group-DF9194BC50DA: start as a follower, conf=-1: [6174554c-eda6-4ca8-a498-7acedbc2905d|rpc:10.1.0.27:43953|priority:0, 000602bb-62cb-4174-b1e5-e32eb992284f|rpc:10.1.0.27:39235|priority:1, 453ecb08-f079-4424-abb7-b5b860d98fa7|rpc:10.1.0.27:45375|priority:0], old=null
2021-09-21 18:25:44,489 [pool-112-thread-1] INFO  server.RaftServer$Division (RaftServerImpl.java:setRole(285)) - 000602bb-62cb-4174-b1e5-e32eb992284f@group-DF9194BC50DA: changes role from      null to FOLLOWER at term 0 for startAsFollower
2021-09-21 18:25:44,490 [pool-112-thread-1] INFO  impl.RoleInfo (RoleInfo.java:updateAndGet(130)) - 000602bb-62cb-4174-b1e5-e32eb992284f: start 000602bb-62cb-4174-b1e5-e32eb992284f@group-DF9194BC50DA-FollowerState
2021-09-21 18:25:44,490 [pool-112-thread-1] INFO  util.JmxRegister (JmxRegister.java:tryRegister(44)) - Successfully registered JMX Bean with object name Ratis:service=RaftServer,group=group-DF9194BC50DA,id=000602bb-62cb-4174-b1e5-e32eb992284f
2021-09-21 18:25:44,491 [pool-74-thread-1] INFO  server.RaftServer$Division (RaftServerImpl.java:start(296)) - ac1d7df1-8838-4266-a424-22c9922d1104@group-6CB704DD8418: start as a follower, conf=-1: [d36baf84-b85f-4b26-8f7e-d1f6b1b07563|rpc:10.1.0.27:39631|priority:0, ac1d7df1-8838-4266-a424-22c9922d1104|rpc:10.1.0.27:41255|priority:1, 7ebb7728-56c4-46fe-8faf-bd5e72c54eae|rpc:10.1.0.27:40201|priority:0], old=null
2021-09-21 18:25:44,491 [pool-74-thread-1] INFO  server.RaftServer$Division (RaftServerImpl.java:setRole(285)) - ac1d7df1-8838-4266-a424-22c9922d1104@group-6CB704DD8418: changes role from      null to FOLLOWER at term 0 for startAsFollower
2021-09-21 18:25:44,492 [pool-74-thread-1] INFO  impl.RoleInfo (RoleInfo.java:updateAndGet(130)) - ac1d7df1-8838-4266-a424-22c9922d1104: start ac1d7df1-8838-4266-a424-22c9922d1104@group-6CB704DD8418-FollowerState
2021-09-21 18:25:44,492 [Command processor thread] INFO  ratis.XceiverServerRatis (XceiverServerRatis.java:addGroup(762)) - Created group PipelineID=3a97cb87-08b0-4d45-b12e-df9194bc50da
2021-09-21 18:25:44,499 [pool-74-thread-1] INFO  util.JmxRegister (JmxRegister.java:tryRegister(44)) - Successfully registered JMX Bean with object name Ratis:service=RaftServer,group=group-6CB704DD8418,id=ac1d7df1-8838-4266-a424-22c9922d1104
2021-09-21 18:25:44,505 [Command processor thread] INFO  ratis.XceiverServerRatis (XceiverServerRatis.java:addGroup(762)) - Created group PipelineID=1029a568-8727-427f-b6e2-6cb704dd8418
2021-09-21 18:25:44,532 [grpc-default-executor-0] INFO  server.RaftServer (RaftServerProxy.java:addNew(95)) - 6174554c-eda6-4ca8-a498-7acedbc2905d: addNew group-DF9194BC50DA:[6174554c-eda6-4ca8-a498-7acedbc2905d|rpc:10.1.0.27:43953|dataStream:|priority:0, 000602bb-62cb-4174-b1e5-e32eb992284f|rpc:10.1.0.27:39235|dataStream:|priority:1, 453ecb08-f079-4424-abb7-b5b860d98fa7|rpc:10.1.0.27:45375|dataStream:|priority:0] returns group-DF9194BC50DA:java.util.concurrent.CompletableFuture@27a60b32[Not completed]
2021-09-21 18:25:44,535 [pool-131-thread-1] INFO  server.RaftServer$Division (RaftServerImpl.java:<init>(181)) - 6174554c-eda6-4ca8-a498-7acedbc2905d: new RaftServerImpl for group-DF9194BC50DA:[6174554c-eda6-4ca8-a498-7acedbc2905d|rpc:10.1.0.27:43953|dataStream:|priority:0, 000602bb-62cb-4174-b1e5-e32eb992284f|rpc:10.1.0.27:39235|dataStream:|priority:1, 453ecb08-f079-4424-abb7-b5b860d98fa7|rpc:10.1.0.27:45375|dataStream:|priority:0] with ContainerStateMachine:uninitialized
2021-09-21 18:25:44,541 [pool-131-thread-1] INFO  server.RaftServerConfigKeys (ConfUtils.java:logGet(44)) - raft.server.rpc.timeout.min = 5s (custom)
2021-09-21 18:25:44,541 [pool-131-thread-1] INFO  server.RaftServerConfigKeys (ConfUtils.java:logGet(44)) - raft.server.rpc.timeout.max = 5200ms (custom)
2021-09-21 18:25:44,542 [pool-131-thread-1] INFO  server.RaftServerConfigKeys (ConfUtils.java:logGet(44)) - raft.server.rpc.sleep.time = 25ms (default)
2021-09-21 18:25:44,542 [pool-131-thread-1] INFO  server.RaftServerConfigKeys (ConfUtils.java:logGet(44)) - raft.server.rpc.slowness.timeout = 300000ms (custom)
2021-09-21 18:25:44,542 [pool-131-thread-1] INFO  server.RaftServerConfigKeys (ConfUtils.java:logGet(44)) - raft.server.leaderelection.leader.step-down.wait-time = 10s (default)
2021-09-21 18:25:44,542 [pool-131-thread-1] INFO  server.RaftServerConfigKeys (ConfUtils.java:logGet(44)) - raft.server.sleep.deviation.threshold = 300ms (default)
2021-09-21 18:25:44,542 [pool-131-thread-1] INFO  server.RaftServerConfigKeys (ConfUtils.java:logGet(44)) - raft.server.log.appender.install.snapshot.enabled = false (custom)
2021-09-21 18:25:44,542 [pool-131-thread-1] INFO  server.RaftServer$Division (ServerState.java:<init>(105)) - 6174554c-eda6-4ca8-a498-7acedbc2905d@group-DF9194BC50DA: ConfigurationManager, init=-1: [6174554c-eda6-4ca8-a498-7acedbc2905d|rpc:10.1.0.27:43953|dataStream:|priority:0, 000602bb-62cb-4174-b1e5-e32eb992284f|rpc:10.1.0.27:39235|dataStream:|priority:1, 453ecb08-f079-4424-abb7-b5b860d98fa7|rpc:10.1.0.27:45375|dataStream:|priority:0], old=null, confs=<EMPTY_MAP>
2021-09-21 18:25:44,542 [pool-131-thread-1] INFO  server.RaftServerConfigKeys (ConfUtils.java:logGet(44)) - raft.server.storage.dir = [/home/runner/work/ozone/ozone/hadoop-ozone/integration-test/target/test-dir/MiniOzoneClusterImpl-8dff45f7-6a4c-4a77-aa6d-4bab94871626/datanode-4/data/ratis] (custom)
2021-09-21 18:25:44,543 [pool-131-thread-1] INFO  server.RaftServerConfigKeys (ConfUtils.java:logGet(44)) - raft.server.log.corruption.policy = EXCEPTION (default)
2021-09-21 18:25:44,543 [pool-131-thread-1] INFO  server.RaftServerConfigKeys (ConfUtils.java:logGet(44)) - raft.server.storage.free-space.min = 0MB (=0) (default)
2021-09-21 18:25:44,543 [pool-131-thread-1] INFO  storage.RaftStorageDirectory (RaftStorageDirectoryImpl.java:analyzeStorage(135)) - The storage directory /home/runner/work/ozone/ozone/hadoop-ozone/integration-test/target/test-dir/MiniOzoneClusterImpl-8dff45f7-6a4c-4a77-aa6d-4bab94871626/datanode-4/data/ratis/3a97cb87-08b0-4d45-b12e-df9194bc50da does not exist. Creating ...
2021-09-21 18:25:44,545 [pool-131-thread-1] INFO  storage.RaftStorageDirectory (RaftStorageDirectoryImpl.java:tryLock(230)) - Lock on /home/runner/work/ozone/ozone/hadoop-ozone/integration-test/target/test-dir/MiniOzoneClusterImpl-8dff45f7-6a4c-4a77-aa6d-4bab94871626/datanode-4/data/ratis/3a97cb87-08b0-4d45-b12e-df9194bc50da/in_use.lock acquired by nodename 22499@fv-az122-453
2021-09-21 18:25:44,547 [pool-131-thread-1] INFO  storage.RaftStorage (RaftStorageImpl.java:format(89)) - Storage directory /home/runner/work/ozone/ozone/hadoop-ozone/integration-test/target/test-dir/MiniOzoneClusterImpl-8dff45f7-6a4c-4a77-aa6d-4bab94871626/datanode-4/data/ratis/3a97cb87-08b0-4d45-b12e-df9194bc50da has been successfully formatted.
2021-09-21 18:25:44,549 [pool-131-thread-1] INFO  ratis.ContainerStateMachine (ContainerStateMachine.java:loadSnapshot(224)) - group-DF9194BC50DA: The snapshot info is null. Setting the last applied indexto:(t:0, i:~)
2021-09-21 18:25:44,549 [pool-131-thread-1] INFO  server.RaftServerConfigKeys (ConfUtils.java:logGet(44)) - raft.server.notification.no-leader.timeout = 300000ms (custom)
2021-09-21 18:25:44,549 [pool-131-thread-1] INFO  server.RaftServerConfigKeys (ConfUtils.java:logGet(44)) - raft.server.log.use.memory = false (default)
2021-09-21 18:25:44,550 [pool-131-thread-1] INFO  server.RaftServerConfigKeys (ConfUtils.java:logGet(44)) - raft.server.log.purge.gap = 1000000 (custom)
2021-09-21 18:25:44,550 [pool-131-thread-1] INFO  server.RaftServerConfigKeys (ConfUtils.java:logGet(44)) - raft.server.log.appender.buffer.byte-limit = 33554432 (custom)
2021-09-21 18:25:44,549 [Datanode State Machine Thread - 0] WARN  statemachine.StateContext (StateContext.java:execute(621)) - No available thread in pool for past 1 seconds.
2021-09-21 18:25:44,551 [pool-131-thread-1] INFO  server.RaftServerConfigKeys (ConfUtils.java:logGet(44)) - raft.server.log.segment.size.max = 1048576 (custom)
2021-09-21 18:25:44,552 [pool-131-thread-1] INFO  server.RaftServerConfigKeys (ConfUtils.java:logGet(44)) - raft.server.log.segment.cache.num.max = 2 (custom)
2021-09-21 18:25:44,552 [pool-131-thread-1] INFO  server.RaftServerConfigKeys (ConfUtils.java:logGet(44)) - raft.server.log.segment.cache.size.max = 200MB (=209715200) (default)
2021-09-21 18:25:44,552 [pool-131-thread-1] INFO  segmented.SegmentedRaftLogWorker (SegmentedRaftLogWorker.java:<init>(182)) - new 6174554c-eda6-4ca8-a498-7acedbc2905d@group-DF9194BC50DA-SegmentedRaftLogWorker for RaftStorageImpl:Storage Directory /home/runner/work/ozone/ozone/hadoop-ozone/integration-test/target/test-dir/MiniOzoneClusterImpl-8dff45f7-6a4c-4a77-aa6d-4bab94871626/datanode-4/data/ratis/3a97cb87-08b0-4d45-b12e-df9194bc50da
2021-09-21 18:25:44,553 [pool-131-thread-1] INFO  server.RaftServerConfigKeys (ConfUtils.java:logGet(44)) - raft.server.log.queue.byte-limit = 2147483647 (custom)
2021-09-21 18:25:44,553 [pool-131-thread-1] INFO  server.RaftServerConfigKeys (ConfUtils.java:logGet(44)) - raft.server.log.queue.element-limit = 1024 (custom)
2021-09-21 18:25:44,553 [pool-131-thread-1] INFO  server.RaftServerConfigKeys (ConfUtils.java:logGet(44)) - raft.server.log.segment.size.max = 1048576 (custom)
2021-09-21 18:25:44,553 [pool-131-thread-1] INFO  server.RaftServerConfigKeys (ConfUtils.java:logGet(44)) - raft.server.log.preallocated.size = 16384 (custom)
2021-09-21 18:25:44,553 [pool-131-thread-1] INFO  server.RaftServerConfigKeys (ConfUtils.java:logGet(44)) - raft.server.log.force.sync.num = 128 (default)
2021-09-21 18:25:44,553 [pool-131-thread-1] INFO  server.RaftServerConfigKeys (ConfUtils.java:logGet(44)) - raft.server.log.statemachine.data.sync = true (default)
2021-09-21 18:25:44,553 [pool-131-thread-1] INFO  server.RaftServerConfigKeys (ConfUtils.java:logGet(44)) - raft.server.log.statemachine.data.sync.timeout = 10s (default)
2021-09-21 18:25:44,553 [pool-131-thread-1] INFO  server.RaftServerConfigKeys (ConfUtils.java:logGet(44)) - raft.server.log.statemachine.data.sync.timeout.retry = -1 (default)
2021-09-21 18:25:44,560 [pool-131-thread-1] INFO  server.RaftServerConfigKeys (ConfUtils.java:logGet(44)) - raft.server.log.write.buffer.size = 1048576 (custom)
2021-09-21 18:25:44,563 [pool-131-thread-1] INFO  server.RaftServerConfigKeys (ConfUtils.java:logGet(44)) - raft.server.log.statemachine.data.caching.enabled = true (custom)
2021-09-21 18:25:44,563 [pool-131-thread-1] INFO  segmented.SegmentedRaftLogWorker (SegmentedRaftLogWorker.java:lambda$new$0(133)) - 6174554c-eda6-4ca8-a498-7acedbc2905d@group-DF9194BC50DA-SegmentedRaftLogWorker: flushIndex: setUnconditionally 0 -> -1
2021-09-21 18:25:44,563 [pool-131-thread-1] INFO  segmented.SegmentedRaftLogWorker (SegmentedRaftLogWorker.java:lambda$new$0(133)) - 6174554c-eda6-4ca8-a498-7acedbc2905d@group-DF9194BC50DA-SegmentedRaftLogWorker: safeCacheEvictIndex: setUnconditionally 0 -> -1
2021-09-21 18:25:44,564 [pool-131-thread-1] INFO  server.RaftServerConfigKeys (ConfUtils.java:logGet(44)) - raft.server.snapshot.auto.trigger.enabled = true (custom)
2021-09-21 18:25:44,564 [pool-131-thread-1] INFO  server.RaftServerConfigKeys (ConfUtils.java:logGet(44)) - raft.server.snapshot.auto.trigger.threshold = 10000 (custom)
2021-09-21 18:25:44,564 [pool-131-thread-1] INFO  server.RaftServerConfigKeys (ConfUtils.java:logGet(44)) - raft.server.snapshot.retention.file.num = 5 (custom)
2021-09-21 18:25:44,564 [pool-131-thread-1] INFO  server.RaftServerConfigKeys (ConfUtils.java:logGet(44)) - raft.server.log.purge.upto.snapshot.index = false (default)
2021-09-21 18:25:44,564 [pool-131-thread-1] INFO  server.RaftServerConfigKeys (ConfUtils.java:logGet(44)) - raft.server.retrycache.expirytime = 600000ms (custom)
2021-09-21 18:25:44,564 [pool-131-thread-1] INFO  server.RaftServerConfigKeys (ConfUtils.java:logGet(44)) - raft.server.retrycache.statistics.expirytime = 100μs (default)
2021-09-21 18:25:44,566 [pool-131-thread-1] INFO  server.RaftServer$Division (RaftServerImpl.java:start(296)) - 6174554c-eda6-4ca8-a498-7acedbc2905d@group-DF9194BC50DA: start as a follower, conf=-1: [6174554c-eda6-4ca8-a498-7acedbc2905d|rpc:10.1.0.27:43953|dataStream:|priority:0, 000602bb-62cb-4174-b1e5-e32eb992284f|rpc:10.1.0.27:39235|dataStream:|priority:1, 453ecb08-f079-4424-abb7-b5b860d98fa7|rpc:10.1.0.27:45375|dataStream:|priority:0], old=null
2021-09-21 18:25:44,566 [pool-131-thread-1] INFO  server.RaftServer$Division (RaftServerImpl.java:setRole(285)) - 6174554c-eda6-4ca8-a498-7acedbc2905d@group-DF9194BC50DA: changes role from      null to FOLLOWER at term 0 for startAsFollower
2021-09-21 18:25:44,566 [pool-131-thread-1] INFO  impl.RoleInfo (RoleInfo.java:updateAndGet(130)) - 6174554c-eda6-4ca8-a498-7acedbc2905d: start 6174554c-eda6-4ca8-a498-7acedbc2905d@group-DF9194BC50DA-FollowerState
2021-09-21 18:25:44,572 [pool-131-thread-1] INFO  util.JmxRegister (JmxRegister.java:tryRegister(44)) - Successfully registered JMX Bean with object name Ratis:service=RaftServer,group=group-DF9194BC50DA,id=6174554c-eda6-4ca8-a498-7acedbc2905d
2021-09-21 18:25:44,600 [Command processor thread] INFO  server.RaftServer (RaftServerProxy.java:addNew(95)) - 6174554c-eda6-4ca8-a498-7acedbc2905d: addNew group-741C39338E1F:[6174554c-eda6-4ca8-a498-7acedbc2905d|rpc:10.1.0.27:43953|priority:1] returns group-741C39338E1F:java.util.concurrent.CompletableFuture@77f122c[Not completed]
2021-09-21 18:25:44,601 [pool-131-thread-1] INFO  server.RaftServer$Division (RaftServerImpl.java:<init>(181)) - 6174554c-eda6-4ca8-a498-7acedbc2905d: new RaftServerImpl for group-741C39338E1F:[6174554c-eda6-4ca8-a498-7acedbc2905d|rpc:10.1.0.27:43953|priority:1] with ContainerStateMachine:uninitialized
2021-09-21 18:25:44,601 [pool-131-thread-1] INFO  server.RaftServerConfigKeys (ConfUtils.java:logGet(44)) - raft.server.rpc.timeout.min = 5s (custom)
2021-09-21 18:25:44,601 [pool-131-thread-1] INFO  server.RaftServerConfigKeys (ConfUtils.java:logGet(44)) - raft.server.rpc.timeout.max = 5200ms (custom)
2021-09-21 18:25:44,601 [pool-131-thread-1] INFO  server.RaftServerConfigKeys (ConfUtils.java:logGet(44)) - raft.server.rpc.sleep.time = 25ms (default)
2021-09-21 18:25:44,601 [pool-131-thread-1] INFO  server.RaftServerConfigKeys (ConfUtils.java:logGet(44)) - raft.server.rpc.slowness.timeout = 300000ms (custom)
2021-09-21 18:25:44,601 [pool-131-thread-1] INFO  server.RaftServerConfigKeys (ConfUtils.java:logGet(44)) - raft.server.leaderelection.leader.step-down.wait-time = 10s (default)
2021-09-21 18:25:44,601 [pool-131-thread-1] INFO  server.RaftServerConfigKeys (ConfUtils.java:logGet(44)) - raft.server.sleep.deviation.threshold = 300ms (default)
2021-09-21 18:25:44,601 [pool-131-thread-1] INFO  server.RaftServerConfigKeys (ConfUtils.java:logGet(44)) - raft.server.log.appender.install.snapshot.enabled = false (custom)
2021-09-21 18:25:44,602 [pool-131-thread-1] INFO  server.RaftServer$Division (ServerState.java:<init>(105)) - 6174554c-eda6-4ca8-a498-7acedbc2905d@group-741C39338E1F: ConfigurationManager, init=-1: [6174554c-eda6-4ca8-a498-7acedbc2905d|rpc:10.1.0.27:43953|priority:1], old=null, confs=<EMPTY_MAP>
2021-09-21 18:25:44,602 [pool-131-thread-1] INFO  server.RaftServerConfigKeys (ConfUtils.java:logGet(44)) - raft.server.storage.dir = [/home/runner/work/ozone/ozone/hadoop-ozone/integration-test/target/test-dir/MiniOzoneClusterImpl-8dff45f7-6a4c-4a77-aa6d-4bab94871626/datanode-4/data/ratis] (custom)
2021-09-21 18:25:44,602 [pool-131-thread-1] INFO  server.RaftServerConfigKeys (ConfUtils.java:logGet(44)) - raft.server.log.corruption.policy = EXCEPTION (default)
2021-09-21 18:25:44,602 [pool-131-thread-1] INFO  server.RaftServerConfigKeys (ConfUtils.java:logGet(44)) - raft.server.storage.free-space.min = 0MB (=0) (default)
2021-09-21 18:25:44,602 [pool-131-thread-1] INFO  storage.RaftStorageDirectory (RaftStorageDirectoryImpl.java:analyzeStorage(135)) - The storage directory /home/runner/work/ozone/ozone/hadoop-ozone/integration-test/target/test-dir/MiniOzoneClusterImpl-8dff45f7-6a4c-4a77-aa6d-4bab94871626/datanode-4/data/ratis/3495a40f-b9dc-4f24-95a2-741c39338e1f does not exist. Creating ...
2021-09-21 18:25:44,604 [pool-131-thread-1] INFO  storage.RaftStorageDirectory (RaftStorageDirectoryImpl.java:tryLock(230)) - Lock on /home/runner/work/ozone/ozone/hadoop-ozone/integration-test/target/test-dir/MiniOzoneClusterImpl-8dff45f7-6a4c-4a77-aa6d-4bab94871626/datanode-4/data/ratis/3495a40f-b9dc-4f24-95a2-741c39338e1f/in_use.lock acquired by nodename 22499@fv-az122-453
2021-09-21 18:25:44,606 [pool-131-thread-1] INFO  storage.RaftStorage (RaftStorageImpl.java:format(89)) - Storage directory /home/runner/work/ozone/ozone/hadoop-ozone/integration-test/target/test-dir/MiniOzoneClusterImpl-8dff45f7-6a4c-4a77-aa6d-4bab94871626/datanode-4/data/ratis/3495a40f-b9dc-4f24-95a2-741c39338e1f has been successfully formatted.
2021-09-21 18:25:44,606 [pool-131-thread-1] INFO  ratis.ContainerStateMachine (ContainerStateMachine.java:loadSnapshot(224)) - group-741C39338E1F: The snapshot info is null. Setting the last applied indexto:(t:0, i:~)
2021-09-21 18:25:44,606 [pool-131-thread-1] INFO  server.RaftServerConfigKeys (ConfUtils.java:logGet(44)) - raft.server.notification.no-leader.timeout = 300000ms (custom)
2021-09-21 18:25:44,606 [Datanode State Machine Thread - 0] WARN  statemachine.StateContext (StateContext.java:execute(621)) - No available thread in pool for past 1 seconds.
2021-09-21 18:25:44,606 [pool-131-thread-1] INFO  server.RaftServerConfigKeys (ConfUtils.java:logGet(44)) - raft.server.log.use.memory = false (default)
2021-09-21 18:25:44,607 [pool-131-thread-1] INFO  server.RaftServerConfigKeys (ConfUtils.java:logGet(44)) - raft.server.log.purge.gap = 1000000 (custom)
2021-09-21 18:25:44,607 [pool-131-thread-1] INFO  server.RaftServerConfigKeys (ConfUtils.java:logGet(44)) - raft.server.log.appender.buffer.byte-limit = 33554432 (custom)
2021-09-21 18:25:44,607 [pool-131-thread-1] INFO  server.RaftServerConfigKeys (ConfUtils.java:logGet(44)) - raft.server.log.segment.size.max = 1048576 (custom)
2021-09-21 18:25:44,609 [pool-131-thread-1] INFO  server.RaftServerConfigKeys (ConfUtils.java:logGet(44)) - raft.server.log.segment.cache.num.max = 2 (custom)
2021-09-21 18:25:44,608 [EventQueue-PipelineReportForPipelineReportHandler] INFO  pipeline.PipelineManagerImpl (PipelineManagerImpl.java:openPipeline(282)) - Pipeline Pipeline[ Id: 3495a40f-b9dc-4f24-95a2-741c39338e1f, Nodes: 6174554c-eda6-4ca8-a498-7acedbc2905d{ip: 10.1.0.27, host: fv-az122-453.zf1tlrj3kn4expqppa1j4mpycf.xx.internal.cloudapp.net, ports: [REPLICATION=39077, RATIS=43953, RATIS_ADMIN=43953, RATIS_SERVER=43953, STANDALONE=38229], networkLocation: /default-rack, certSerialId: null, persistedOpState: IN_SERVICE, persistedOpStateExpiryEpochSec: 0}, ReplicationConfig: RATIS/ONE, State:ALLOCATED, leaderId:6174554c-eda6-4ca8-a498-7acedbc2905d, CreationTimestamp2021-09-21T18:25:41.583Z[Etc/UTC]] moved to OPEN state
2021-09-21 18:25:44,610 [EventQueue-OpenPipelineForHealthyPipelineSafeModeRule] INFO  safemode.SCMSafeModeManager (HealthyPipelineSafeModeRule.java:process(124)) - SCM in safe mode. Healthy pipelines reported count is 0, required healthy pipeline reported count is 1
2021-09-21 18:25:44,610 [pool-131-thread-1] INFO  server.RaftServerConfigKeys (ConfUtils.java:logGet(44)) - raft.server.log.segment.cache.size.max = 200MB (=209715200) (default)
2021-09-21 18:25:44,614 [pool-131-thread-1] INFO  segmented.SegmentedRaftLogWorker (SegmentedRaftLogWorker.java:<init>(182)) - new 6174554c-eda6-4ca8-a498-7acedbc2905d@group-741C39338E1F-SegmentedRaftLogWorker for RaftStorageImpl:Storage Directory /home/runner/work/ozone/ozone/hadoop-ozone/integration-test/target/test-dir/MiniOzoneClusterImpl-8dff45f7-6a4c-4a77-aa6d-4bab94871626/datanode-4/data/ratis/3495a40f-b9dc-4f24-95a2-741c39338e1f
2021-09-21 18:25:44,614 [pool-131-thread-1] INFO  server.RaftServerConfigKeys (ConfUtils.java:logGet(44)) - raft.server.log.queue.byte-limit = 2147483647 (custom)
2021-09-21 18:25:44,614 [pool-131-thread-1] INFO  server.RaftServerConfigKeys (ConfUtils.java:logGet(44)) - raft.server.log.queue.element-limit = 1024 (custom)
2021-09-21 18:25:44,614 [pool-131-thread-1] INFO  server.RaftServerConfigKeys (ConfUtils.java:logGet(44)) - raft.server.log.segment.size.max = 1048576 (custom)
2021-09-21 18:25:44,614 [pool-131-thread-1] INFO  server.RaftServerConfigKeys (ConfUtils.java:logGet(44)) - raft.server.log.preallocated.size = 16384 (custom)
2021-09-21 18:25:44,614 [pool-131-thread-1] INFO  server.RaftServerConfigKeys (ConfUtils.java:logGet(44)) - raft.server.log.force.sync.num = 128 (default)
2021-09-21 18:25:44,615 [pool-131-thread-1] INFO  server.RaftServerConfigKeys (ConfUtils.java:logGet(44)) - raft.server.log.statemachine.data.sync = true (default)
2021-09-21 18:25:44,615 [pool-131-thread-1] INFO  server.RaftServerConfigKeys (ConfUtils.java:logGet(44)) - raft.server.log.statemachine.data.sync.timeout = 10s (default)
2021-09-21 18:25:44,615 [pool-131-thread-1] INFO  server.RaftServerConfigKeys (ConfUtils.java:logGet(44)) - raft.server.log.statemachine.data.sync.timeout.retry = -1 (default)
2021-09-21 18:25:44,617 [pool-131-thread-1] INFO  server.RaftServerConfigKeys (ConfUtils.java:logGet(44)) - raft.server.log.write.buffer.size = 1048576 (custom)
2021-09-21 18:25:44,617 [pool-131-thread-1] INFO  server.RaftServerConfigKeys (ConfUtils.java:logGet(44)) - raft.server.log.statemachine.data.caching.enabled = true (custom)
2021-09-21 18:25:44,617 [pool-131-thread-1] INFO  segmented.SegmentedRaftLogWorker (SegmentedRaftLogWorker.java:lambda$new$0(133)) - 6174554c-eda6-4ca8-a498-7acedbc2905d@group-741C39338E1F-SegmentedRaftLogWorker: flushIndex: setUnconditionally 0 -> -1
2021-09-21 18:25:44,618 [pool-131-thread-1] INFO  segmented.SegmentedRaftLogWorker (SegmentedRaftLogWorker.java:lambda$new$0(133)) - 6174554c-eda6-4ca8-a498-7acedbc2905d@group-741C39338E1F-SegmentedRaftLogWorker: safeCacheEvictIndex: setUnconditionally 0 -> -1
2021-09-21 18:25:44,631 [pool-131-thread-1] INFO  server.RaftServerConfigKeys (ConfUtils.java:logGet(44)) - raft.server.snapshot.auto.trigger.enabled = true (custom)
2021-09-21 18:25:44,631 [pool-131-thread-1] INFO  server.RaftServerConfigKeys (ConfUtils.java:logGet(44)) - raft.server.snapshot.auto.trigger.threshold = 10000 (custom)
2021-09-21 18:25:44,631 [pool-131-thread-1] INFO  server.RaftServerConfigKeys (ConfUtils.java:logGet(44)) - raft.server.snapshot.retention.file.num = 5 (custom)
2021-09-21 18:25:44,631 [pool-131-thread-1] INFO  server.RaftServerConfigKeys (ConfUtils.java:logGet(44)) - raft.server.log.purge.upto.snapshot.index = false (default)
2021-09-21 18:25:44,632 [pool-131-thread-1] INFO  server.RaftServerConfigKeys (ConfUtils.java:logGet(44)) - raft.server.retrycache.expirytime = 600000ms (custom)
2021-09-21 18:25:44,632 [pool-131-thread-1] INFO  server.RaftServerConfigKeys (ConfUtils.java:logGet(44)) - raft.server.retrycache.statistics.expirytime = 100μs (default)
2021-09-21 18:25:44,632 [Command processor thread] INFO  commandhandler.CreatePipelineCommandHandler (CreatePipelineCommandHandler.java:handle(106)) - Created Pipeline RATIS THREE PipelineID=1029a568-8727-427f-b6e2-6cb704dd8418.
2021-09-21 18:25:44,634 [pool-131-thread-1] INFO  server.RaftServer$Division (RaftServerImpl.java:start(296)) - 6174554c-eda6-4ca8-a498-7acedbc2905d@group-741C39338E1F: start as a follower, conf=-1: [6174554c-eda6-4ca8-a498-7acedbc2905d|rpc:10.1.0.27:43953|priority:1], old=null
2021-09-21 18:25:44,635 [pool-131-thread-1] INFO  server.RaftServer$Division (RaftServerImpl.java:setRole(285)) - 6174554c-eda6-4ca8-a498-7acedbc2905d@group-741C39338E1F: changes role from      null to FOLLOWER at term 0 for startAsFollower
2021-09-21 18:25:44,635 [pool-131-thread-1] INFO  impl.RoleInfo (RoleInfo.java:updateAndGet(130)) - 6174554c-eda6-4ca8-a498-7acedbc2905d: start 6174554c-eda6-4ca8-a498-7acedbc2905d@group-741C39338E1F-FollowerState
2021-09-21 18:25:44,638 [pool-131-thread-1] INFO  util.JmxRegister (JmxRegister.java:tryRegister(44)) - Successfully registered JMX Bean with object name Ratis:service=RaftServer,group=group-741C39338E1F,id=6174554c-eda6-4ca8-a498-7acedbc2905d
2021-09-21 18:25:44,647 [Command processor thread] INFO  ratis.XceiverServerRatis (XceiverServerRatis.java:addGroup(762)) - Created group PipelineID=3495a40f-b9dc-4f24-95a2-741c39338e1f
2021-09-21 18:25:44,647 [Command processor thread] INFO  commandhandler.CreatePipelineCommandHandler (CreatePipelineCommandHandler.java:handle(106)) - Created Pipeline RATIS ONE PipelineID=3495a40f-b9dc-4f24-95a2-741c39338e1f.
2021-09-21 18:25:44,648 [Command processor thread] INFO  server.RaftServer (RaftServerProxy.java:addNew(95)) - 6174554c-eda6-4ca8-a498-7acedbc2905d: addNew group-2FE6C912F1A7:[6174554c-eda6-4ca8-a498-7acedbc2905d|rpc:10.1.0.27:43953|priority:0, 453ecb08-f079-4424-abb7-b5b860d98fa7|rpc:10.1.0.27:45375|priority:1, 000602bb-62cb-4174-b1e5-e32eb992284f|rpc:10.1.0.27:39235|priority:0] returns group-2FE6C912F1A7:java.util.concurrent.CompletableFuture@9b8fcb3[Not completed]
2021-09-21 18:25:44,650 [pool-131-thread-1] INFO  server.RaftServer$Division (RaftServerImpl.java:<init>(181)) - 6174554c-eda6-4ca8-a498-7acedbc2905d: new RaftServerImpl for group-2FE6C912F1A7:[6174554c-eda6-4ca8-a498-7acedbc2905d|rpc:10.1.0.27:43953|priority:0, 453ecb08-f079-4424-abb7-b5b860d98fa7|rpc:10.1.0.27:45375|priority:1, 000602bb-62cb-4174-b1e5-e32eb992284f|rpc:10.1.0.27:39235|priority:0] with ContainerStateMachine:uninitialized
2021-09-21 18:25:44,650 [pool-131-thread-1] INFO  server.RaftServerConfigKeys (ConfUtils.java:logGet(44)) - raft.server.rpc.timeout.min = 5s (custom)
2021-09-21 18:25:44,650 [pool-131-thread-1] INFO  server.RaftServerConfigKeys (ConfUtils.java:logGet(44)) - raft.server.rpc.timeout.max = 5200ms (custom)
2021-09-21 18:25:44,650 [pool-131-thread-1] INFO  server.RaftServerConfigKeys (ConfUtils.java:logGet(44)) - raft.server.rpc.sleep.time = 25ms (default)
2021-09-21 18:25:44,650 [pool-131-thread-1] INFO  server.RaftServerConfigKeys (ConfUtils.java:logGet(44)) - raft.server.rpc.slowness.timeout = 300000ms (custom)
2021-09-21 18:25:44,650 [pool-131-thread-1] INFO  server.RaftServerConfigKeys (ConfUtils.java:logGet(44)) - raft.server.leaderelection.leader.step-down.wait-time = 10s (default)
2021-09-21 18:25:44,651 [pool-131-thread-1] INFO  server.RaftServerConfigKeys (ConfUtils.java:logGet(44)) - raft.server.sleep.deviation.threshold = 300ms (default)
2021-09-21 18:25:44,651 [pool-131-thread-1] INFO  server.RaftServerConfigKeys (ConfUtils.java:logGet(44)) - raft.server.log.appender.install.snapshot.enabled = false (custom)
2021-09-21 18:25:44,651 [pool-131-thread-1] INFO  server.RaftServer$Division (ServerState.java:<init>(105)) - 6174554c-eda6-4ca8-a498-7acedbc2905d@group-2FE6C912F1A7: ConfigurationManager, init=-1: [6174554c-eda6-4ca8-a498-7acedbc2905d|rpc:10.1.0.27:43953|priority:0, 453ecb08-f079-4424-abb7-b5b860d98fa7|rpc:10.1.0.27:45375|priority:1, 000602bb-62cb-4174-b1e5-e32eb992284f|rpc:10.1.0.27:39235|priority:0], old=null, confs=<EMPTY_MAP>
2021-09-21 18:25:44,651 [pool-131-thread-1] INFO  server.RaftServerConfigKeys (ConfUtils.java:logGet(44)) - raft.server.storage.dir = [/home/runner/work/ozone/ozone/hadoop-ozone/integration-test/target/test-dir/MiniOzoneClusterImpl-8dff45f7-6a4c-4a77-aa6d-4bab94871626/datanode-4/data/ratis] (custom)
2021-09-21 18:25:44,651 [pool-131-thread-1] INFO  server.RaftServerConfigKeys (ConfUtils.java:logGet(44)) - raft.server.log.corruption.policy = EXCEPTION (default)
2021-09-21 18:25:44,651 [pool-131-thread-1] INFO  server.RaftServerConfigKeys (ConfUtils.java:logGet(44)) - raft.server.storage.free-space.min = 0MB (=0) (default)
2021-09-21 18:25:44,652 [pool-131-thread-1] INFO  storage.RaftStorageDirectory (RaftStorageDirectoryImpl.java:analyzeStorage(135)) - The storage directory /home/runner/work/ozone/ozone/hadoop-ozone/integration-test/target/test-dir/MiniOzoneClusterImpl-8dff45f7-6a4c-4a77-aa6d-4bab94871626/datanode-4/data/ratis/2d503cb4-199a-4431-97fc-2fe6c912f1a7 does not exist. Creating ...
2021-09-21 18:25:44,653 [pool-131-thread-1] INFO  storage.RaftStorageDirectory (RaftStorageDirectoryImpl.java:tryLock(230)) - Lock on /home/runner/work/ozone/ozone/hadoop-ozone/integration-test/target/test-dir/MiniOzoneClusterImpl-8dff45f7-6a4c-4a77-aa6d-4bab94871626/datanode-4/data/ratis/2d503cb4-199a-4431-97fc-2fe6c912f1a7/in_use.lock acquired by nodename 22499@fv-az122-453
2021-09-21 18:25:44,656 [pool-131-thread-1] INFO  storage.RaftStorage (RaftStorageImpl.java:format(89)) - Storage directory /home/runner/work/ozone/ozone/hadoop-ozone/integration-test/target/test-dir/MiniOzoneClusterImpl-8dff45f7-6a4c-4a77-aa6d-4bab94871626/datanode-4/data/ratis/2d503cb4-199a-4431-97fc-2fe6c912f1a7 has been successfully formatted.
2021-09-21 18:25:44,657 [pool-131-thread-1] INFO  ratis.ContainerStateMachine (ContainerStateMachine.java:loadSnapshot(224)) - group-2FE6C912F1A7: The snapshot info is null. Setting the last applied indexto:(t:0, i:~)
2021-09-21 18:25:44,657 [pool-131-thread-1] INFO  server.RaftServerConfigKeys (ConfUtils.java:logGet(44)) - raft.server.notification.no-leader.timeout = 300000ms (custom)
2021-09-21 18:25:44,657 [pool-131-thread-1] INFO  server.RaftServerConfigKeys (ConfUtils.java:logGet(44)) - raft.server.log.use.memory = false (default)
2021-09-21 18:25:44,657 [pool-131-thread-1] INFO  server.RaftServerConfigKeys (ConfUtils.java:logGet(44)) - raft.server.log.purge.gap = 1000000 (custom)
2021-09-21 18:25:44,657 [pool-131-thread-1] INFO  server.RaftServerConfigKeys (ConfUtils.java:logGet(44)) - raft.server.log.appender.buffer.byte-limit = 33554432 (custom)
2021-09-21 18:25:44,658 [pool-131-thread-1] INFO  server.RaftServerConfigKeys (ConfUtils.java:logGet(44)) - raft.server.log.segment.size.max = 1048576 (custom)
2021-09-21 18:25:44,659 [EventQueue-OpenPipelineForHealthyPipelineSafeModeRule] INFO  safemode.SCMSafeModeManager (HealthyPipelineSafeModeRule.java:process(124)) - SCM in safe mode. Healthy pipelines reported count is 0, required healthy pipeline reported count is 1
2021-09-21 18:25:44,657 [Datanode State Machine Thread - 0] WARN  statemachine.StateContext (StateContext.java:execute(621)) - No available thread in pool for past 1 seconds.
2021-09-21 18:25:44,659 [pool-131-thread-1] INFO  server.RaftServerConfigKeys (ConfUtils.java:logGet(44)) - raft.server.log.segment.cache.num.max = 2 (custom)
2021-09-21 18:25:44,659 [pool-131-thread-1] INFO  server.RaftServerConfigKeys (ConfUtils.java:logGet(44)) - raft.server.log.segment.cache.size.max = 200MB (=209715200) (default)
2021-09-21 18:25:44,659 [pool-131-thread-1] INFO  segmented.SegmentedRaftLogWorker (SegmentedRaftLogWorker.java:<init>(182)) - new 6174554c-eda6-4ca8-a498-7acedbc2905d@group-2FE6C912F1A7-SegmentedRaftLogWorker for RaftStorageImpl:Storage Directory /home/runner/work/ozone/ozone/hadoop-ozone/integration-test/target/test-dir/MiniOzoneClusterImpl-8dff45f7-6a4c-4a77-aa6d-4bab94871626/datanode-4/data/ratis/2d503cb4-199a-4431-97fc-2fe6c912f1a7
2021-09-21 18:25:44,659 [pool-131-thread-1] INFO  server.RaftServerConfigKeys (ConfUtils.java:logGet(44)) - raft.server.log.queue.byte-limit = 2147483647 (custom)
2021-09-21 18:25:44,659 [pool-131-thread-1] INFO  server.RaftServerConfigKeys (ConfUtils.java:logGet(44)) - raft.server.log.queue.element-limit = 1024 (custom)
2021-09-21 18:25:44,660 [pool-131-thread-1] INFO  server.RaftServerConfigKeys (ConfUtils.java:logGet(44)) - raft.server.log.segment.size.max = 1048576 (custom)
2021-09-21 18:25:44,660 [pool-131-thread-1] INFO  server.RaftServerConfigKeys (ConfUtils.java:logGet(44)) - raft.server.log.preallocated.size = 16384 (custom)
2021-09-21 18:25:44,660 [pool-131-thread-1] INFO  server.RaftServerConfigKeys (ConfUtils.java:logGet(44)) - raft.server.log.force.sync.num = 128 (default)
2021-09-21 18:25:44,660 [pool-131-thread-1] INFO  server.RaftServerConfigKeys (ConfUtils.java:logGet(44)) - raft.server.log.statemachine.data.sync = true (default)
2021-09-21 18:25:44,660 [pool-131-thread-1] INFO  server.RaftServerConfigKeys (ConfUtils.java:logGet(44)) - raft.server.log.statemachine.data.sync.timeout = 10s (default)
2021-09-21 18:25:44,660 [pool-131-thread-1] INFO  server.RaftServerConfigKeys (ConfUtils.java:logGet(44)) - raft.server.log.statemachine.data.sync.timeout.retry = -1 (default)
2021-09-21 18:25:44,661 [pool-131-thread-1] INFO  server.RaftServerConfigKeys (ConfUtils.java:logGet(44)) - raft.server.log.write.buffer.size = 1048576 (custom)
2021-09-21 18:25:44,663 [pool-131-thread-1] INFO  server.RaftServerConfigKeys (ConfUtils.java:logGet(44)) - raft.server.log.statemachine.data.caching.enabled = true (custom)
2021-09-21 18:25:44,672 [pool-131-thread-1] INFO  segmented.SegmentedRaftLogWorker (SegmentedRaftLogWorker.java:lambda$new$0(133)) - 6174554c-eda6-4ca8-a498-7acedbc2905d@group-2FE6C912F1A7-SegmentedRaftLogWorker: flushIndex: setUnconditionally 0 -> -1
2021-09-21 18:25:44,672 [pool-131-thread-1] INFO  segmented.SegmentedRaftLogWorker (SegmentedRaftLogWorker.java:lambda$new$0(133)) - 6174554c-eda6-4ca8-a498-7acedbc2905d@group-2FE6C912F1A7-SegmentedRaftLogWorker: safeCacheEvictIndex: setUnconditionally 0 -> -1
2021-09-21 18:25:44,673 [grpc-default-executor-0] INFO  server.RaftServer (RaftServerProxy.java:addNew(95)) - 453ecb08-f079-4424-abb7-b5b860d98fa7: addNew group-DF9194BC50DA:[6174554c-eda6-4ca8-a498-7acedbc2905d|rpc:10.1.0.27:43953|dataStream:|priority:0, 000602bb-62cb-4174-b1e5-e32eb992284f|rpc:10.1.0.27:39235|dataStream:|priority:1, 453ecb08-f079-4424-abb7-b5b860d98fa7|rpc:10.1.0.27:45375|dataStream:|priority:0] returns group-DF9194BC50DA:java.util.concurrent.CompletableFuture@2ff3ca71[Not completed]
2021-09-21 18:25:44,675 [pool-150-thread-1] INFO  server.RaftServer$Division (RaftServerImpl.java:<init>(181)) - 453ecb08-f079-4424-abb7-b5b860d98fa7: new RaftServerImpl for group-DF9194BC50DA:[6174554c-eda6-4ca8-a498-7acedbc2905d|rpc:10.1.0.27:43953|dataStream:|priority:0, 000602bb-62cb-4174-b1e5-e32eb992284f|rpc:10.1.0.27:39235|dataStream:|priority:1, 453ecb08-f079-4424-abb7-b5b860d98fa7|rpc:10.1.0.27:45375|dataStream:|priority:0] with ContainerStateMachine:uninitialized
2021-09-21 18:25:44,675 [pool-150-thread-1] INFO  server.RaftServerConfigKeys (ConfUtils.java:logGet(44)) - raft.server.rpc.timeout.min = 5s (custom)
2021-09-21 18:25:44,675 [pool-150-thread-1] INFO  server.RaftServerConfigKeys (ConfUtils.java:logGet(44)) - raft.server.rpc.timeout.max = 5200ms (custom)
2021-09-21 18:25:44,676 [pool-150-thread-1] INFO  server.RaftServerConfigKeys (ConfUtils.java:logGet(44)) - raft.server.rpc.sleep.time = 25ms (default)
2021-09-21 18:25:44,676 [pool-150-thread-1] INFO  server.RaftServerConfigKeys (ConfUtils.java:logGet(44)) - raft.server.rpc.slowness.timeout = 300000ms (custom)
2021-09-21 18:25:44,676 [pool-150-thread-1] INFO  server.RaftServerConfigKeys (ConfUtils.java:logGet(44)) - raft.server.leaderelection.leader.step-down.wait-time = 10s (default)
2021-09-21 18:25:44,676 [pool-150-thread-1] INFO  server.RaftServerConfigKeys (ConfUtils.java:logGet(44)) - raft.server.sleep.deviation.threshold = 300ms (default)
2021-09-21 18:25:44,676 [pool-150-thread-1] INFO  server.RaftServerConfigKeys (ConfUtils.java:logGet(44)) - raft.server.log.appender.install.snapshot.enabled = false (custom)
2021-09-21 18:25:44,676 [pool-150-thread-1] INFO  server.RaftServer$Division (ServerState.java:<init>(105)) - 453ecb08-f079-4424-abb7-b5b860d98fa7@group-DF9194BC50DA: ConfigurationManager, init=-1: [6174554c-eda6-4ca8-a498-7acedbc2905d|rpc:10.1.0.27:43953|dataStream:|priority:0, 000602bb-62cb-4174-b1e5-e32eb992284f|rpc:10.1.0.27:39235|dataStream:|priority:1, 453ecb08-f079-4424-abb7-b5b860d98fa7|rpc:10.1.0.27:45375|dataStream:|priority:0], old=null, confs=<EMPTY_MAP>
2021-09-21 18:25:44,676 [pool-150-thread-1] INFO  server.RaftServerConfigKeys (ConfUtils.java:logGet(44)) - raft.server.storage.dir = [/home/runner/work/ozone/ozone/hadoop-ozone/integration-test/target/test-dir/MiniOzoneClusterImpl-8dff45f7-6a4c-4a77-aa6d-4bab94871626/datanode-5/data/ratis] (custom)
2021-09-21 18:25:44,677 [pool-150-thread-1] INFO  server.RaftServerConfigKeys (ConfUtils.java:logGet(44)) - raft.server.log.corruption.policy = EXCEPTION (default)
2021-09-21 18:25:44,677 [pool-150-thread-1] INFO  server.RaftServerConfigKeys (ConfUtils.java:logGet(44)) - raft.server.storage.free-space.min = 0MB (=0) (default)
2021-09-21 18:25:44,677 [pool-150-thread-1] INFO  storage.RaftStorageDirectory (RaftStorageDirectoryImpl.java:analyzeStorage(135)) - The storage directory /home/runner/work/ozone/ozone/hadoop-ozone/integration-test/target/test-dir/MiniOzoneClusterImpl-8dff45f7-6a4c-4a77-aa6d-4bab94871626/datanode-5/data/ratis/3a97cb87-08b0-4d45-b12e-df9194bc50da does not exist. Creating ...
2021-09-21 18:25:44,678 [pool-131-thread-1] INFO  server.RaftServerConfigKeys (ConfUtils.java:logGet(44)) - raft.server.snapshot.auto.trigger.enabled = true (custom)
2021-09-21 18:25:44,678 [pool-131-thread-1] INFO  server.RaftServerConfigKeys (ConfUtils.java:logGet(44)) - raft.server.snapshot.auto.trigger.threshold = 10000 (custom)
2021-09-21 18:25:44,678 [pool-131-thread-1] INFO  server.RaftServerConfigKeys (ConfUtils.java:logGet(44)) - raft.server.snapshot.retention.file.num = 5 (custom)
2021-09-21 18:25:44,678 [pool-131-thread-1] INFO  server.RaftServerConfigKeys (ConfUtils.java:logGet(44)) - raft.server.log.purge.upto.snapshot.index = false (default)
2021-09-21 18:25:44,678 [pool-131-thread-1] INFO  server.RaftServerConfigKeys (ConfUtils.java:logGet(44)) - raft.server.retrycache.expirytime = 600000ms (custom)
2021-09-21 18:25:44,678 [pool-131-thread-1] INFO  server.RaftServerConfigKeys (ConfUtils.java:logGet(44)) - raft.server.retrycache.statistics.expirytime = 100μs (default)
2021-09-21 18:25:44,679 [pool-150-thread-1] INFO  storage.RaftStorageDirectory (RaftStorageDirectoryImpl.java:tryLock(230)) - Lock on /home/runner/work/ozone/ozone/hadoop-ozone/integration-test/target/test-dir/MiniOzoneClusterImpl-8dff45f7-6a4c-4a77-aa6d-4bab94871626/datanode-5/data/ratis/3a97cb87-08b0-4d45-b12e-df9194bc50da/in_use.lock acquired by nodename 22499@fv-az122-453
2021-09-21 18:25:44,680 [pool-131-thread-1] INFO  server.RaftServer$Division (RaftServerImpl.java:start(296)) - 6174554c-eda6-4ca8-a498-7acedbc2905d@group-2FE6C912F1A7: start as a follower, conf=-1: [6174554c-eda6-4ca8-a498-7acedbc2905d|rpc:10.1.0.27:43953|priority:0, 453ecb08-f079-4424-abb7-b5b860d98fa7|rpc:10.1.0.27:45375|priority:1, 000602bb-62cb-4174-b1e5-e32eb992284f|rpc:10.1.0.27:39235|priority:0], old=null
2021-09-21 18:25:44,680 [pool-131-thread-1] INFO  server.RaftServer$Division (RaftServerImpl.java:setRole(285)) - 6174554c-eda6-4ca8-a498-7acedbc2905d@group-2FE6C912F1A7: changes role from      null to FOLLOWER at term 0 for startAsFollower
2021-09-21 18:25:44,683 [pool-131-thread-1] INFO  impl.RoleInfo (RoleInfo.java:updateAndGet(130)) - 6174554c-eda6-4ca8-a498-7acedbc2905d: start 6174554c-eda6-4ca8-a498-7acedbc2905d@group-2FE6C912F1A7-FollowerState
2021-09-21 18:25:44,683 [pool-150-thread-1] INFO  storage.RaftStorage (RaftStorageImpl.java:format(89)) - Storage directory /home/runner/work/ozone/ozone/hadoop-ozone/integration-test/target/test-dir/MiniOzoneClusterImpl-8dff45f7-6a4c-4a77-aa6d-4bab94871626/datanode-5/data/ratis/3a97cb87-08b0-4d45-b12e-df9194bc50da has been successfully formatted.
2021-09-21 18:25:44,684 [pool-131-thread-1] INFO  util.JmxRegister (JmxRegister.java:tryRegister(44)) - Successfully registered JMX Bean with object name Ratis:service=RaftServer,group=group-2FE6C912F1A7,id=6174554c-eda6-4ca8-a498-7acedbc2905d
2021-09-21 18:25:44,699 [Command processor thread] INFO  ratis.XceiverServerRatis (XceiverServerRatis.java:addGroup(762)) - Created group PipelineID=2d503cb4-199a-4431-97fc-2fe6c912f1a7
2021-09-21 18:25:44,713 [pool-150-thread-1] INFO  ratis.ContainerStateMachine (ContainerStateMachine.java:loadSnapshot(224)) - group-DF9194BC50DA: The snapshot info is null. Setting the last applied indexto:(t:0, i:~)
2021-09-21 18:25:44,713 [pool-150-thread-1] INFO  server.RaftServerConfigKeys (ConfUtils.java:logGet(44)) - raft.server.notification.no-leader.timeout = 300000ms (custom)
2021-09-21 18:25:44,713 [grpc-default-executor-0] INFO  server.RaftServer (RaftServerProxy.java:addNew(95)) - 453ecb08-f079-4424-abb7-b5b860d98fa7: addNew group-2FE6C912F1A7:[6174554c-eda6-4ca8-a498-7acedbc2905d|rpc:10.1.0.27:43953|dataStream:|priority:0, 453ecb08-f079-4424-abb7-b5b860d98fa7|rpc:10.1.0.27:45375|dataStream:|priority:1, 000602bb-62cb-4174-b1e5-e32eb992284f|rpc:10.1.0.27:39235|dataStream:|priority:0] returns group-2FE6C912F1A7:java.util.concurrent.CompletableFuture@4146513a[Not completed]
2021-09-21 18:25:44,713 [Datanode State Machine Thread - 0] WARN  statemachine.StateContext (StateContext.java:execute(621)) - No available thread in pool for past 1 seconds.
2021-09-21 18:25:44,713 [pool-150-thread-1] INFO  server.RaftServerConfigKeys (ConfUtils.java:logGet(44)) - raft.server.log.use.memory = false (default)
2021-09-21 18:25:44,714 [pool-150-thread-1] INFO  server.RaftServerConfigKeys (ConfUtils.java:logGet(44)) - raft.server.log.purge.gap = 1000000 (custom)
2021-09-21 18:25:44,714 [pool-150-thread-1] INFO  server.RaftServerConfigKeys (ConfUtils.java:logGet(44)) - raft.server.log.appender.buffer.byte-limit = 33554432 (custom)
2021-09-21 18:25:44,714 [pool-150-thread-1] INFO  server.RaftServerConfigKeys (ConfUtils.java:logGet(44)) - raft.server.log.segment.size.max = 1048576 (custom)
2021-09-21 18:25:44,715 [pool-150-thread-1] INFO  server.RaftServerConfigKeys (ConfUtils.java:logGet(44)) - raft.server.log.segment.cache.num.max = 2 (custom)
2021-09-21 18:25:44,715 [pool-150-thread-1] INFO  server.RaftServerConfigKeys (ConfUtils.java:logGet(44)) - raft.server.log.segment.cache.size.max = 200MB (=209715200) (default)
2021-09-21 18:25:44,715 [pool-150-thread-1] INFO  segmented.SegmentedRaftLogWorker (SegmentedRaftLogWorker.java:<init>(182)) - new 453ecb08-f079-4424-abb7-b5b860d98fa7@group-DF9194BC50DA-SegmentedRaftLogWorker for RaftStorageImpl:Storage Directory /home/runner/work/ozone/ozone/hadoop-ozone/integration-test/target/test-dir/MiniOzoneClusterImpl-8dff45f7-6a4c-4a77-aa6d-4bab94871626/datanode-5/data/ratis/3a97cb87-08b0-4d45-b12e-df9194bc50da
2021-09-21 18:25:44,716 [pool-150-thread-1] INFO  server.RaftServerConfigKeys (ConfUtils.java:logGet(44)) - raft.server.log.queue.byte-limit = 2147483647 (custom)
2021-09-21 18:25:44,716 [pool-150-thread-1] INFO  server.RaftServerConfigKeys (ConfUtils.java:logGet(44)) - raft.server.log.queue.element-limit = 1024 (custom)
2021-09-21 18:25:44,716 [pool-150-thread-1] INFO  server.RaftServerConfigKeys (ConfUtils.java:logGet(44)) - raft.server.log.segment.size.max = 1048576 (custom)
2021-09-21 18:25:44,716 [pool-150-thread-1] INFO  server.RaftServerConfigKeys (ConfUtils.java:logGet(44)) - raft.server.log.preallocated.size = 16384 (custom)
2021-09-21 18:25:44,716 [pool-150-thread-1] INFO  server.RaftServerConfigKeys (ConfUtils.java:logGet(44)) - raft.server.log.force.sync.num = 128 (default)
2021-09-21 18:25:44,716 [pool-150-thread-1] INFO  server.RaftServerConfigKeys (ConfUtils.java:logGet(44)) - raft.server.log.statemachine.data.sync = true (default)
2021-09-21 18:25:44,716 [pool-150-thread-1] INFO  server.RaftServerConfigKeys (ConfUtils.java:logGet(44)) - raft.server.log.statemachine.data.sync.timeout = 10s (default)
2021-09-21 18:25:44,716 [pool-150-thread-1] INFO  server.RaftServerConfigKeys (ConfUtils.java:logGet(44)) - raft.server.log.statemachine.data.sync.timeout.retry = -1 (default)
2021-09-21 18:25:44,717 [pool-150-thread-1] INFO  server.RaftServerConfigKeys (ConfUtils.java:logGet(44)) - raft.server.log.write.buffer.size = 1048576 (custom)
2021-09-21 18:25:44,718 [pool-150-thread-1] INFO  server.RaftServerConfigKeys (ConfUtils.java:logGet(44)) - raft.server.log.statemachine.data.caching.enabled = true (custom)
2021-09-21 18:25:44,718 [pool-150-thread-1] INFO  segmented.SegmentedRaftLogWorker (SegmentedRaftLogWorker.java:lambda$new$0(133)) - 453ecb08-f079-4424-abb7-b5b860d98fa7@group-DF9194BC50DA-SegmentedRaftLogWorker: flushIndex: setUnconditionally 0 -> -1
2021-09-21 18:25:44,718 [pool-150-thread-1] INFO  segmented.SegmentedRaftLogWorker (SegmentedRaftLogWorker.java:lambda$new$0(133)) - 453ecb08-f079-4424-abb7-b5b860d98fa7@group-DF9194BC50DA-SegmentedRaftLogWorker: safeCacheEvictIndex: setUnconditionally 0 -> -1
2021-09-21 18:25:44,720 [pool-150-thread-1] INFO  server.RaftServerConfigKeys (ConfUtils.java:logGet(44)) - raft.server.snapshot.auto.trigger.enabled = true (custom)
2021-09-21 18:25:44,720 [pool-150-thread-1] INFO  server.RaftServerConfigKeys (ConfUtils.java:logGet(44)) - raft.server.snapshot.auto.trigger.threshold = 10000 (custom)
2021-09-21 18:25:44,721 [pool-150-thread-1] INFO  server.RaftServerConfigKeys (ConfUtils.java:logGet(44)) - raft.server.snapshot.retention.file.num = 5 (custom)
2021-09-21 18:25:44,721 [pool-150-thread-1] INFO  server.RaftServerConfigKeys (ConfUtils.java:logGet(44)) - raft.server.log.purge.upto.snapshot.index = false (default)
2021-09-21 18:25:44,721 [pool-150-thread-1] INFO  server.RaftServerConfigKeys (ConfUtils.java:logGet(44)) - raft.server.retrycache.expirytime = 600000ms (custom)
2021-09-21 18:25:44,721 [pool-150-thread-1] INFO  server.RaftServerConfigKeys (ConfUtils.java:logGet(44)) - raft.server.retrycache.statistics.expirytime = 100μs (default)
2021-09-21 18:25:44,724 [pool-150-thread-1] INFO  server.RaftServer$Division (RaftServerImpl.java:<init>(181)) - 453ecb08-f079-4424-abb7-b5b860d98fa7: new RaftServerImpl for group-2FE6C912F1A7:[6174554c-eda6-4ca8-a498-7acedbc2905d|rpc:10.1.0.27:43953|dataStream:|priority:0, 453ecb08-f079-4424-abb7-b5b860d98fa7|rpc:10.1.0.27:45375|dataStream:|priority:1, 000602bb-62cb-4174-b1e5-e32eb992284f|rpc:10.1.0.27:39235|dataStream:|priority:0] with ContainerStateMachine:uninitialized
2021-09-21 18:25:44,724 [pool-150-thread-1] INFO  server.RaftServerConfigKeys (ConfUtils.java:logGet(44)) - raft.server.rpc.timeout.min = 5s (custom)
2021-09-21 18:25:44,724 [pool-150-thread-1] INFO  server.RaftServerConfigKeys (ConfUtils.java:logGet(44)) - raft.server.rpc.timeout.max = 5200ms (custom)
2021-09-21 18:25:44,724 [pool-150-thread-1] INFO  server.RaftServerConfigKeys (ConfUtils.java:logGet(44)) - raft.server.rpc.sleep.time = 25ms (default)
2021-09-21 18:25:44,725 [pool-150-thread-1] INFO  server.RaftServerConfigKeys (ConfUtils.java:logGet(44)) - raft.server.rpc.slowness.timeout = 300000ms (custom)
2021-09-21 18:25:44,725 [pool-150-thread-1] INFO  server.RaftServerConfigKeys (ConfUtils.java:logGet(44)) - raft.server.leaderelection.leader.step-down.wait-time = 10s (default)
2021-09-21 18:25:44,725 [pool-150-thread-1] INFO  server.RaftServerConfigKeys (ConfUtils.java:logGet(44)) - raft.server.sleep.deviation.threshold = 300ms (default)
2021-09-21 18:25:44,725 [pool-150-thread-1] INFO  server.RaftServerConfigKeys (ConfUtils.java:logGet(44)) - raft.server.log.appender.install.snapshot.enabled = false (custom)
2021-09-21 18:25:44,725 [pool-150-thread-1] INFO  server.RaftServer$Division (ServerState.java:<init>(105)) - 453ecb08-f079-4424-abb7-b5b860d98fa7@group-2FE6C912F1A7: ConfigurationManager, init=-1: [6174554c-eda6-4ca8-a498-7acedbc2905d|rpc:10.1.0.27:43953|dataStream:|priority:0, 453ecb08-f079-4424-abb7-b5b860d98fa7|rpc:10.1.0.27:45375|dataStream:|priority:1, 000602bb-62cb-4174-b1e5-e32eb992284f|rpc:10.1.0.27:39235|dataStream:|priority:0], old=null, confs=<EMPTY_MAP>
2021-09-21 18:25:44,725 [pool-150-thread-1] INFO  server.RaftServerConfigKeys (ConfUtils.java:logGet(44)) - raft.server.storage.dir = [/home/runner/work/ozone/ozone/hadoop-ozone/integration-test/target/test-dir/MiniOzoneClusterImpl-8dff45f7-6a4c-4a77-aa6d-4bab94871626/datanode-5/data/ratis] (custom)
2021-09-21 18:25:44,725 [pool-150-thread-1] INFO  server.RaftServerConfigKeys (ConfUtils.java:logGet(44)) - raft.server.log.corruption.policy = EXCEPTION (default)
2021-09-21 18:25:44,725 [pool-150-thread-1] INFO  server.RaftServerConfigKeys (ConfUtils.java:logGet(44)) - raft.server.storage.free-space.min = 0MB (=0) (default)
2021-09-21 18:25:44,726 [pool-150-thread-1] INFO  storage.RaftStorageDirectory (RaftStorageDirectoryImpl.java:analyzeStorage(135)) - The storage directory /home/runner/work/ozone/ozone/hadoop-ozone/integration-test/target/test-dir/MiniOzoneClusterImpl-8dff45f7-6a4c-4a77-aa6d-4bab94871626/datanode-5/data/ratis/2d503cb4-199a-4431-97fc-2fe6c912f1a7 does not exist. Creating ...
2021-09-21 18:25:44,727 [pool-150-thread-1] INFO  storage.RaftStorageDirectory (RaftStorageDirectoryImpl.java:tryLock(230)) - Lock on /home/runner/work/ozone/ozone/hadoop-ozone/integration-test/target/test-dir/MiniOzoneClusterImpl-8dff45f7-6a4c-4a77-aa6d-4bab94871626/datanode-5/data/ratis/2d503cb4-199a-4431-97fc-2fe6c912f1a7/in_use.lock acquired by nodename 22499@fv-az122-453
2021-09-21 18:25:44,728 [pool-150-thread-1] INFO  storage.RaftStorage (RaftStorageImpl.java:format(89)) - Storage directory /home/runner/work/ozone/ozone/hadoop-ozone/integration-test/target/test-dir/MiniOzoneClusterImpl-8dff45f7-6a4c-4a77-aa6d-4bab94871626/datanode-5/data/ratis/2d503cb4-199a-4431-97fc-2fe6c912f1a7 has been successfully formatted.
2021-09-21 18:25:44,729 [Datanode State Machine Thread - 0] WARN  statemachine.StateContext (StateContext.java:execute(621)) - No available thread in pool for past 1 seconds.
2021-09-21 18:25:44,732 [pool-150-thread-1] INFO  ratis.ContainerStateMachine (ContainerStateMachine.java:loadSnapshot(224)) - group-2FE6C912F1A7: The snapshot info is null. Setting the last applied indexto:(t:0, i:~)
2021-09-21 18:25:44,732 [pool-150-thread-1] INFO  server.RaftServerConfigKeys (ConfUtils.java:logGet(44)) - raft.server.notification.no-leader.timeout = 300000ms (custom)
2021-09-21 18:25:44,732 [pool-150-thread-1] INFO  server.RaftServerConfigKeys (ConfUtils.java:logGet(44)) - raft.server.log.use.memory = false (default)
2021-09-21 18:25:44,732 [pool-150-thread-1] INFO  server.RaftServerConfigKeys (ConfUtils.java:logGet(44)) - raft.server.log.purge.gap = 1000000 (custom)
2021-09-21 18:25:44,732 [pool-150-thread-1] INFO  server.RaftServerConfigKeys (ConfUtils.java:logGet(44)) - raft.server.log.appender.buffer.byte-limit = 33554432 (custom)
2021-09-21 18:25:44,733 [pool-150-thread-1] INFO  server.RaftServerConfigKeys (ConfUtils.java:logGet(44)) - raft.server.log.segment.size.max = 1048576 (custom)
2021-09-21 18:25:44,733 [pool-150-thread-1] INFO  server.RaftServerConfigKeys (ConfUtils.java:logGet(44)) - raft.server.log.segment.cache.num.max = 2 (custom)
2021-09-21 18:25:44,733 [pool-150-thread-1] INFO  server.RaftServerConfigKeys (ConfUtils.java:logGet(44)) - raft.server.log.segment.cache.size.max = 200MB (=209715200) (default)
2021-09-21 18:25:44,733 [pool-150-thread-1] INFO  segmented.SegmentedRaftLogWorker (SegmentedRaftLogWorker.java:<init>(182)) - new 453ecb08-f079-4424-abb7-b5b860d98fa7@group-2FE6C912F1A7-SegmentedRaftLogWorker for RaftStorageImpl:Storage Directory /home/runner/work/ozone/ozone/hadoop-ozone/integration-test/target/test-dir/MiniOzoneClusterImpl-8dff45f7-6a4c-4a77-aa6d-4bab94871626/datanode-5/data/ratis/2d503cb4-199a-4431-97fc-2fe6c912f1a7
2021-09-21 18:25:44,734 [pool-150-thread-1] INFO  server.RaftServerConfigKeys (ConfUtils.java:logGet(44)) - raft.server.log.queue.byte-limit = 2147483647 (custom)
2021-09-21 18:25:44,734 [pool-150-thread-1] INFO  server.RaftServerConfigKeys (ConfUtils.java:logGet(44)) - raft.server.log.queue.element-limit = 1024 (custom)
2021-09-21 18:25:44,734 [pool-150-thread-1] INFO  server.RaftServerConfigKeys (ConfUtils.java:logGet(44)) - raft.server.log.segment.size.max = 1048576 (custom)
2021-09-21 18:25:44,734 [pool-150-thread-1] INFO  server.RaftServerConfigKeys (ConfUtils.java:logGet(44)) - raft.server.log.preallocated.size = 16384 (custom)
2021-09-21 18:25:44,734 [pool-150-thread-1] INFO  server.RaftServerConfigKeys (ConfUtils.java:logGet(44)) - raft.server.log.force.sync.num = 128 (default)
2021-09-21 18:25:44,734 [pool-150-thread-1] INFO  server.RaftServerConfigKeys (ConfUtils.java:logGet(44)) - raft.server.log.statemachine.data.sync = true (default)
2021-09-21 18:25:44,734 [pool-150-thread-1] INFO  server.RaftServerConfigKeys (ConfUtils.java:logGet(44)) - raft.server.log.statemachine.data.sync.timeout = 10s (default)
2021-09-21 18:25:44,734 [pool-150-thread-1] INFO  server.RaftServerConfigKeys (ConfUtils.java:logGet(44)) - raft.server.log.statemachine.data.sync.timeout.retry = -1 (default)
2021-09-21 18:25:44,736 [pool-150-thread-1] INFO  server.RaftServerConfigKeys (ConfUtils.java:logGet(44)) - raft.server.log.write.buffer.size = 1048576 (custom)
2021-09-21 18:25:44,737 [pool-150-thread-1] INFO  server.RaftServerConfigKeys (ConfUtils.java:logGet(44)) - raft.server.log.statemachine.data.caching.enabled = true (custom)
2021-09-21 18:25:44,738 [pool-150-thread-1] INFO  segmented.SegmentedRaftLogWorker (SegmentedRaftLogWorker.java:lambda$new$0(133)) - 453ecb08-f079-4424-abb7-b5b860d98fa7@group-2FE6C912F1A7-SegmentedRaftLogWorker: flushIndex: setUnconditionally 0 -> -1
2021-09-21 18:25:44,738 [pool-150-thread-1] INFO  segmented.SegmentedRaftLogWorker (SegmentedRaftLogWorker.java:lambda$new$0(133)) - 453ecb08-f079-4424-abb7-b5b860d98fa7@group-2FE6C912F1A7-SegmentedRaftLogWorker: safeCacheEvictIndex: setUnconditionally 0 -> -1
2021-09-21 18:25:44,738 [pool-150-thread-1] INFO  server.RaftServerConfigKeys (ConfUtils.java:logGet(44)) - raft.server.snapshot.auto.trigger.enabled = true (custom)
2021-09-21 18:25:44,738 [pool-150-thread-1] INFO  server.RaftServerConfigKeys (ConfUtils.java:logGet(44)) - raft.server.snapshot.auto.trigger.threshold = 10000 (custom)
2021-09-21 18:25:44,738 [pool-150-thread-1] INFO  server.RaftServerConfigKeys (ConfUtils.java:logGet(44)) - raft.server.snapshot.retention.file.num = 5 (custom)
2021-09-21 18:25:44,738 [pool-150-thread-1] INFO  server.RaftServerConfigKeys (ConfUtils.java:logGet(44)) - raft.server.log.purge.upto.snapshot.index = false (default)
2021-09-21 18:25:44,738 [pool-150-thread-1] INFO  server.RaftServerConfigKeys (ConfUtils.java:logGet(44)) - raft.server.retrycache.expirytime = 600000ms (custom)
2021-09-21 18:25:44,738 [pool-150-thread-1] INFO  server.RaftServerConfigKeys (ConfUtils.java:logGet(44)) - raft.server.retrycache.statistics.expirytime = 100μs (default)
2021-09-21 18:25:44,740 [pool-150-thread-1] INFO  server.RaftServer$Division (RaftServerImpl.java:start(296)) - 453ecb08-f079-4424-abb7-b5b860d98fa7@group-DF9194BC50DA: start as a follower, conf=-1: [6174554c-eda6-4ca8-a498-7acedbc2905d|rpc:10.1.0.27:43953|dataStream:|priority:0, 000602bb-62cb-4174-b1e5-e32eb992284f|rpc:10.1.0.27:39235|dataStream:|priority:1, 453ecb08-f079-4424-abb7-b5b860d98fa7|rpc:10.1.0.27:45375|dataStream:|priority:0], old=null
2021-09-21 18:25:44,740 [pool-150-thread-1] INFO  server.RaftServer$Division (RaftServerImpl.java:setRole(285)) - 453ecb08-f079-4424-abb7-b5b860d98fa7@group-DF9194BC50DA: changes role from      null to FOLLOWER at term 0 for startAsFollower
2021-09-21 18:25:44,740 [pool-150-thread-1] INFO  impl.RoleInfo (RoleInfo.java:updateAndGet(130)) - 453ecb08-f079-4424-abb7-b5b860d98fa7: start 453ecb08-f079-4424-abb7-b5b860d98fa7@group-DF9194BC50DA-FollowerState
2021-09-21 18:25:44,740 [pool-150-thread-1] INFO  util.JmxRegister (JmxRegister.java:tryRegister(44)) - Successfully registered JMX Bean with object name Ratis:service=RaftServer,group=group-DF9194BC50DA,id=453ecb08-f079-4424-abb7-b5b860d98fa7
2021-09-21 18:25:44,742 [pool-150-thread-1] INFO  server.RaftServer$Division (RaftServerImpl.java:start(296)) - 453ecb08-f079-4424-abb7-b5b860d98fa7@group-2FE6C912F1A7: start as a follower, conf=-1: [6174554c-eda6-4ca8-a498-7acedbc2905d|rpc:10.1.0.27:43953|dataStream:|priority:0, 453ecb08-f079-4424-abb7-b5b860d98fa7|rpc:10.1.0.27:45375|dataStream:|priority:1, 000602bb-62cb-4174-b1e5-e32eb992284f|rpc:10.1.0.27:39235|dataStream:|priority:0], old=null
2021-09-21 18:25:44,742 [pool-150-thread-1] INFO  server.RaftServer$Division (RaftServerImpl.java:setRole(285)) - 453ecb08-f079-4424-abb7-b5b860d98fa7@group-2FE6C912F1A7: changes role from      null to FOLLOWER at term 0 for startAsFollower
2021-09-21 18:25:44,742 [pool-150-thread-1] INFO  impl.RoleInfo (RoleInfo.java:updateAndGet(130)) - 453ecb08-f079-4424-abb7-b5b860d98fa7: start 453ecb08-f079-4424-abb7-b5b860d98fa7@group-2FE6C912F1A7-FollowerState
2021-09-21 18:25:44,749 [pool-150-thread-1] INFO  util.JmxRegister (JmxRegister.java:tryRegister(44)) - Successfully registered JMX Bean with object name Ratis:service=RaftServer,group=group-2FE6C912F1A7,id=453ecb08-f079-4424-abb7-b5b860d98fa7
2021-09-21 18:25:44,749 [Command processor thread] INFO  commandhandler.CreatePipelineCommandHandler (CreatePipelineCommandHandler.java:handle(106)) - Created Pipeline RATIS THREE PipelineID=3a97cb87-08b0-4d45-b12e-df9194bc50da.
2021-09-21 18:25:44,750 [Command processor thread] INFO  server.RaftServer (RaftServerProxy.java:addNew(95)) - 000602bb-62cb-4174-b1e5-e32eb992284f: addNew group-2FE6C912F1A7:[6174554c-eda6-4ca8-a498-7acedbc2905d|rpc:10.1.0.27:43953|priority:0, 453ecb08-f079-4424-abb7-b5b860d98fa7|rpc:10.1.0.27:45375|priority:1, 000602bb-62cb-4174-b1e5-e32eb992284f|rpc:10.1.0.27:39235|priority:0] returns group-2FE6C912F1A7:java.util.concurrent.CompletableFuture@52eb1b90[Not completed]
2021-09-21 18:25:44,751 [pool-112-thread-1] INFO  server.RaftServer$Division (RaftServerImpl.java:<init>(181)) - 000602bb-62cb-4174-b1e5-e32eb992284f: new RaftServerImpl for group-2FE6C912F1A7:[6174554c-eda6-4ca8-a498-7acedbc2905d|rpc:10.1.0.27:43953|priority:0, 453ecb08-f079-4424-abb7-b5b860d98fa7|rpc:10.1.0.27:45375|priority:1, 000602bb-62cb-4174-b1e5-e32eb992284f|rpc:10.1.0.27:39235|priority:0] with ContainerStateMachine:uninitialized
2021-09-21 18:25:44,751 [pool-112-thread-1] INFO  server.RaftServerConfigKeys (ConfUtils.java:logGet(44)) - raft.server.rpc.timeout.min = 5s (custom)
2021-09-21 18:25:44,751 [pool-112-thread-1] INFO  server.RaftServerConfigKeys (ConfUtils.java:logGet(44)) - raft.server.rpc.timeout.max = 5200ms (custom)
2021-09-21 18:25:44,751 [pool-112-thread-1] INFO  server.RaftServerConfigKeys (ConfUtils.java:logGet(44)) - raft.server.rpc.sleep.time = 25ms (default)
2021-09-21 18:25:44,751 [pool-112-thread-1] INFO  server.RaftServerConfigKeys (ConfUtils.java:logGet(44)) - raft.server.rpc.slowness.timeout = 300000ms (custom)
2021-09-21 18:25:44,751 [pool-112-thread-1] INFO  server.RaftServerConfigKeys (ConfUtils.java:logGet(44)) - raft.server.leaderelection.leader.step-down.wait-time = 10s (default)
2021-09-21 18:25:44,751 [pool-112-thread-1] INFO  server.RaftServerConfigKeys (ConfUtils.java:logGet(44)) - raft.server.sleep.deviation.threshold = 300ms (default)
2021-09-21 18:25:44,751 [pool-112-thread-1] INFO  server.RaftServerConfigKeys (ConfUtils.java:logGet(44)) - raft.server.log.appender.install.snapshot.enabled = false (custom)
2021-09-21 18:25:44,751 [pool-112-thread-1] INFO  server.RaftServer$Division (ServerState.java:<init>(105)) - 000602bb-62cb-4174-b1e5-e32eb992284f@group-2FE6C912F1A7: ConfigurationManager, init=-1: [6174554c-eda6-4ca8-a498-7acedbc2905d|rpc:10.1.0.27:43953|priority:0, 453ecb08-f079-4424-abb7-b5b860d98fa7|rpc:10.1.0.27:45375|priority:1, 000602bb-62cb-4174-b1e5-e32eb992284f|rpc:10.1.0.27:39235|priority:0], old=null, confs=<EMPTY_MAP>
2021-09-21 18:25:44,752 [pool-112-thread-1] INFO  server.RaftServerConfigKeys (ConfUtils.java:logGet(44)) - raft.server.storage.dir = [/home/runner/work/ozone/ozone/hadoop-ozone/integration-test/target/test-dir/MiniOzoneClusterImpl-8dff45f7-6a4c-4a77-aa6d-4bab94871626/datanode-3/data/ratis] (custom)
2021-09-21 18:25:44,752 [pool-112-thread-1] INFO  server.RaftServerConfigKeys (ConfUtils.java:logGet(44)) - raft.server.log.corruption.policy = EXCEPTION (default)
2021-09-21 18:25:44,752 [pool-112-thread-1] INFO  server.RaftServerConfigKeys (ConfUtils.java:logGet(44)) - raft.server.storage.free-space.min = 0MB (=0) (default)
2021-09-21 18:25:44,752 [pool-112-thread-1] INFO  storage.RaftStorageDirectory (RaftStorageDirectoryImpl.java:analyzeStorage(135)) - The storage directory /home/runner/work/ozone/ozone/hadoop-ozone/integration-test/target/test-dir/MiniOzoneClusterImpl-8dff45f7-6a4c-4a77-aa6d-4bab94871626/datanode-3/data/ratis/2d503cb4-199a-4431-97fc-2fe6c912f1a7 does not exist. Creating ...
2021-09-21 18:25:44,753 [pool-112-thread-1] INFO  storage.RaftStorageDirectory (RaftStorageDirectoryImpl.java:tryLock(230)) - Lock on /home/runner/work/ozone/ozone/hadoop-ozone/integration-test/target/test-dir/MiniOzoneClusterImpl-8dff45f7-6a4c-4a77-aa6d-4bab94871626/datanode-3/data/ratis/2d503cb4-199a-4431-97fc-2fe6c912f1a7/in_use.lock acquired by nodename 22499@fv-az122-453
2021-09-21 18:25:44,754 [pool-112-thread-1] INFO  storage.RaftStorage (RaftStorageImpl.java:format(89)) - Storage directory /home/runner/work/ozone/ozone/hadoop-ozone/integration-test/target/test-dir/MiniOzoneClusterImpl-8dff45f7-6a4c-4a77-aa6d-4bab94871626/datanode-3/data/ratis/2d503cb4-199a-4431-97fc-2fe6c912f1a7 has been successfully formatted.
2021-09-21 18:25:44,758 [pool-112-thread-1] INFO  ratis.ContainerStateMachine (ContainerStateMachine.java:loadSnapshot(224)) - group-2FE6C912F1A7: The snapshot info is null. Setting the last applied indexto:(t:0, i:~)
2021-09-21 18:25:44,758 [pool-112-thread-1] INFO  server.RaftServerConfigKeys (ConfUtils.java:logGet(44)) - raft.server.notification.no-leader.timeout = 300000ms (custom)
2021-09-21 18:25:44,758 [Datanode State Machine Thread - 0] WARN  statemachine.StateContext (StateContext.java:execute(621)) - No available thread in pool for past 1 seconds.
2021-09-21 18:25:44,758 [pool-112-thread-1] INFO  server.RaftServerConfigKeys (ConfUtils.java:logGet(44)) - raft.server.log.use.memory = false (default)
2021-09-21 18:25:44,759 [pool-112-thread-1] INFO  server.RaftServerConfigKeys (ConfUtils.java:logGet(44)) - raft.server.log.purge.gap = 1000000 (custom)
2021-09-21 18:25:44,759 [pool-112-thread-1] INFO  server.RaftServerConfigKeys (ConfUtils.java:logGet(44)) - raft.server.log.appender.buffer.byte-limit = 33554432 (custom)
2021-09-21 18:25:44,759 [pool-112-thread-1] INFO  server.RaftServerConfigKeys (ConfUtils.java:logGet(44)) - raft.server.log.segment.size.max = 1048576 (custom)
2021-09-21 18:25:44,759 [pool-112-thread-1] INFO  server.RaftServerConfigKeys (ConfUtils.java:logGet(44)) - raft.server.log.segment.cache.num.max = 2 (custom)
2021-09-21 18:25:44,759 [pool-112-thread-1] INFO  server.RaftServerConfigKeys (ConfUtils.java:logGet(44)) - raft.server.log.segment.cache.size.max = 200MB (=209715200) (default)
2021-09-21 18:25:44,760 [pool-112-thread-1] INFO  segmented.SegmentedRaftLogWorker (SegmentedRaftLogWorker.java:<init>(182)) - new 000602bb-62cb-4174-b1e5-e32eb992284f@group-2FE6C912F1A7-SegmentedRaftLogWorker for RaftStorageImpl:Storage Directory /home/runner/work/ozone/ozone/hadoop-ozone/integration-test/target/test-dir/MiniOzoneClusterImpl-8dff45f7-6a4c-4a77-aa6d-4bab94871626/datanode-3/data/ratis/2d503cb4-199a-4431-97fc-2fe6c912f1a7
2021-09-21 18:25:44,760 [pool-112-thread-1] INFO  server.RaftServerConfigKeys (ConfUtils.java:logGet(44)) - raft.server.log.queue.byte-limit = 2147483647 (custom)
2021-09-21 18:25:44,760 [pool-112-thread-1] INFO  server.RaftServerConfigKeys (ConfUtils.java:logGet(44)) - raft.server.log.queue.element-limit = 1024 (custom)
2021-09-21 18:25:44,760 [pool-112-thread-1] INFO  server.RaftServerConfigKeys (ConfUtils.java:logGet(44)) - raft.server.log.segment.size.max = 1048576 (custom)
2021-09-21 18:25:44,760 [pool-112-thread-1] INFO  server.RaftServerConfigKeys (ConfUtils.java:logGet(44)) - raft.server.log.preallocated.size = 16384 (custom)
2021-09-21 18:25:44,760 [pool-112-thread-1] INFO  server.RaftServerConfigKeys (ConfUtils.java:logGet(44)) - raft.server.log.force.sync.num = 128 (default)
2021-09-21 18:25:44,760 [pool-112-thread-1] INFO  server.RaftServerConfigKeys (ConfUtils.java:logGet(44)) - raft.server.log.statemachine.data.sync = true (default)
2021-09-21 18:25:44,760 [pool-112-thread-1] INFO  server.RaftServerConfigKeys (ConfUtils.java:logGet(44)) - raft.server.log.statemachine.data.sync.timeout = 10s (default)
2021-09-21 18:25:44,760 [pool-112-thread-1] INFO  server.RaftServerConfigKeys (ConfUtils.java:logGet(44)) - raft.server.log.statemachine.data.sync.timeout.retry = -1 (default)
2021-09-21 18:25:44,761 [pool-112-thread-1] INFO  server.RaftServerConfigKeys (ConfUtils.java:logGet(44)) - raft.server.log.write.buffer.size = 1048576 (custom)
2021-09-21 18:25:44,762 [pool-112-thread-1] INFO  server.RaftServerConfigKeys (ConfUtils.java:logGet(44)) - raft.server.log.statemachine.data.caching.enabled = true (custom)
2021-09-21 18:25:44,762 [pool-112-thread-1] INFO  segmented.SegmentedRaftLogWorker (SegmentedRaftLogWorker.java:lambda$new$0(133)) - 000602bb-62cb-4174-b1e5-e32eb992284f@group-2FE6C912F1A7-SegmentedRaftLogWorker: flushIndex: setUnconditionally 0 -> -1
2021-09-21 18:25:44,762 [pool-112-thread-1] INFO  segmented.SegmentedRaftLogWorker (SegmentedRaftLogWorker.java:lambda$new$0(133)) - 000602bb-62cb-4174-b1e5-e32eb992284f@group-2FE6C912F1A7-SegmentedRaftLogWorker: safeCacheEvictIndex: setUnconditionally 0 -> -1
2021-09-21 18:25:44,763 [EventQueue-OpenPipelineForHealthyPipelineSafeModeRule] INFO  safemode.SCMSafeModeManager (HealthyPipelineSafeModeRule.java:process(124)) - SCM in safe mode. Healthy pipelines reported count is 0, required healthy pipeline reported count is 1
2021-09-21 18:25:44,766 [pool-112-thread-1] INFO  server.RaftServerConfigKeys (ConfUtils.java:logGet(44)) - raft.server.snapshot.auto.trigger.enabled = true (custom)
2021-09-21 18:25:44,766 [pool-112-thread-1] INFO  server.RaftServerConfigKeys (ConfUtils.java:logGet(44)) - raft.server.snapshot.auto.trigger.threshold = 10000 (custom)
2021-09-21 18:25:44,767 [pool-112-thread-1] INFO  server.RaftServerConfigKeys (ConfUtils.java:logGet(44)) - raft.server.snapshot.retention.file.num = 5 (custom)
2021-09-21 18:25:44,767 [pool-112-thread-1] INFO  server.RaftServerConfigKeys (ConfUtils.java:logGet(44)) - raft.server.log.purge.upto.snapshot.index = false (default)
2021-09-21 18:25:44,767 [pool-112-thread-1] INFO  server.RaftServerConfigKeys (ConfUtils.java:logGet(44)) - raft.server.retrycache.expirytime = 600000ms (custom)
2021-09-21 18:25:44,767 [pool-112-thread-1] INFO  server.RaftServerConfigKeys (ConfUtils.java:logGet(44)) - raft.server.retrycache.statistics.expirytime = 100μs (default)
2021-09-21 18:25:44,769 [pool-112-thread-1] INFO  server.RaftServer$Division (RaftServerImpl.java:start(296)) - 000602bb-62cb-4174-b1e5-e32eb992284f@group-2FE6C912F1A7: start as a follower, conf=-1: [6174554c-eda6-4ca8-a498-7acedbc2905d|rpc:10.1.0.27:43953|priority:0, 453ecb08-f079-4424-abb7-b5b860d98fa7|rpc:10.1.0.27:45375|priority:1, 000602bb-62cb-4174-b1e5-e32eb992284f|rpc:10.1.0.27:39235|priority:0], old=null
2021-09-21 18:25:44,783 [pool-112-thread-1] INFO  server.RaftServer$Division (RaftServerImpl.java:setRole(285)) - 000602bb-62cb-4174-b1e5-e32eb992284f@group-2FE6C912F1A7: changes role from      null to FOLLOWER at term 0 for startAsFollower
2021-09-21 18:25:44,784 [pool-112-thread-1] INFO  impl.RoleInfo (RoleInfo.java:updateAndGet(130)) - 000602bb-62cb-4174-b1e5-e32eb992284f: start 000602bb-62cb-4174-b1e5-e32eb992284f@group-2FE6C912F1A7-FollowerState
2021-09-21 18:25:44,784 [pool-112-thread-1] INFO  util.JmxRegister (JmxRegister.java:tryRegister(44)) - Successfully registered JMX Bean with object name Ratis:service=RaftServer,group=group-2FE6C912F1A7,id=000602bb-62cb-4174-b1e5-e32eb992284f
2021-09-21 18:25:44,785 [Command processor thread] INFO  ratis.XceiverServerRatis (XceiverServerRatis.java:addGroup(762)) - Created group PipelineID=2d503cb4-199a-4431-97fc-2fe6c912f1a7
2021-09-21 18:25:44,823 [Command processor thread] INFO  server.RaftServer (RaftServerProxy.java:addNew(95)) - 453ecb08-f079-4424-abb7-b5b860d98fa7: addNew group-0FBDD5F58AC2:[453ecb08-f079-4424-abb7-b5b860d98fa7|rpc:10.1.0.27:45375|priority:1] returns group-0FBDD5F58AC2:java.util.concurrent.CompletableFuture@3ea9ee1c[Not completed]
2021-09-21 18:25:44,824 [pool-150-thread-1] INFO  server.RaftServer$Division (RaftServerImpl.java:<init>(181)) - 453ecb08-f079-4424-abb7-b5b860d98fa7: new RaftServerImpl for group-0FBDD5F58AC2:[453ecb08-f079-4424-abb7-b5b860d98fa7|rpc:10.1.0.27:45375|priority:1] with ContainerStateMachine:uninitialized
2021-09-21 18:25:44,824 [pool-150-thread-1] INFO  server.RaftServerConfigKeys (ConfUtils.java:logGet(44)) - raft.server.rpc.timeout.min = 5s (custom)
2021-09-21 18:25:44,824 [pool-150-thread-1] INFO  server.RaftServerConfigKeys (ConfUtils.java:logGet(44)) - raft.server.rpc.timeout.max = 5200ms (custom)
2021-09-21 18:25:44,824 [pool-150-thread-1] INFO  server.RaftServerConfigKeys (ConfUtils.java:logGet(44)) - raft.server.rpc.sleep.time = 25ms (default)
2021-09-21 18:25:44,824 [pool-150-thread-1] INFO  server.RaftServerConfigKeys (ConfUtils.java:logGet(44)) - raft.server.rpc.slowness.timeout = 300000ms (custom)
2021-09-21 18:25:44,824 [pool-150-thread-1] INFO  server.RaftServerConfigKeys (ConfUtils.java:logGet(44)) - raft.server.leaderelection.leader.step-down.wait-time = 10s (default)
2021-09-21 18:25:44,824 [pool-150-thread-1] INFO  server.RaftServerConfigKeys (ConfUtils.java:logGet(44)) - raft.server.sleep.deviation.threshold = 300ms (default)
2021-09-21 18:25:44,824 [pool-150-thread-1] INFO  server.RaftServerConfigKeys (ConfUtils.java:logGet(44)) - raft.server.log.appender.install.snapshot.enabled = false (custom)
2021-09-21 18:25:44,824 [pool-150-thread-1] INFO  server.RaftServer$Division (ServerState.java:<init>(105)) - 453ecb08-f079-4424-abb7-b5b860d98fa7@group-0FBDD5F58AC2: ConfigurationManager, init=-1: [453ecb08-f079-4424-abb7-b5b860d98fa7|rpc:10.1.0.27:45375|priority:1], old=null, confs=<EMPTY_MAP>
2021-09-21 18:25:44,824 [pool-150-thread-1] INFO  server.RaftServerConfigKeys (ConfUtils.java:logGet(44)) - raft.server.storage.dir = [/home/runner/work/ozone/ozone/hadoop-ozone/integration-test/target/test-dir/MiniOzoneClusterImpl-8dff45f7-6a4c-4a77-aa6d-4bab94871626/datanode-5/data/ratis] (custom)
2021-09-21 18:25:44,825 [pool-150-thread-1] INFO  server.RaftServerConfigKeys (ConfUtils.java:logGet(44)) - raft.server.log.corruption.policy = EXCEPTION (default)
2021-09-21 18:25:44,825 [pool-150-thread-1] INFO  server.RaftServerConfigKeys (ConfUtils.java:logGet(44)) - raft.server.storage.free-space.min = 0MB (=0) (default)
2021-09-21 18:25:44,825 [pool-150-thread-1] INFO  storage.RaftStorageDirectory (RaftStorageDirectoryImpl.java:analyzeStorage(135)) - The storage directory /home/runner/work/ozone/ozone/hadoop-ozone/integration-test/target/test-dir/MiniOzoneClusterImpl-8dff45f7-6a4c-4a77-aa6d-4bab94871626/datanode-5/data/ratis/d3129733-9166-4230-b49b-0fbdd5f58ac2 does not exist. Creating ...
2021-09-21 18:25:44,827 [pool-150-thread-1] INFO  storage.RaftStorageDirectory (RaftStorageDirectoryImpl.java:tryLock(230)) - Lock on /home/runner/work/ozone/ozone/hadoop-ozone/integration-test/target/test-dir/MiniOzoneClusterImpl-8dff45f7-6a4c-4a77-aa6d-4bab94871626/datanode-5/data/ratis/d3129733-9166-4230-b49b-0fbdd5f58ac2/in_use.lock acquired by nodename 22499@fv-az122-453
2021-09-21 18:25:44,828 [pool-150-thread-1] INFO  storage.RaftStorage (RaftStorageImpl.java:format(89)) - Storage directory /home/runner/work/ozone/ozone/hadoop-ozone/integration-test/target/test-dir/MiniOzoneClusterImpl-8dff45f7-6a4c-4a77-aa6d-4bab94871626/datanode-5/data/ratis/d3129733-9166-4230-b49b-0fbdd5f58ac2 has been successfully formatted.
2021-09-21 18:25:44,828 [pool-150-thread-1] INFO  ratis.ContainerStateMachine (ContainerStateMachine.java:loadSnapshot(224)) - group-0FBDD5F58AC2: The snapshot info is null. Setting the last applied indexto:(t:0, i:~)
2021-09-21 18:25:44,829 [pool-150-thread-1] INFO  server.RaftServerConfigKeys (ConfUtils.java:logGet(44)) - raft.server.notification.no-leader.timeout = 300000ms (custom)
2021-09-21 18:25:44,829 [pool-150-thread-1] INFO  server.RaftServerConfigKeys (ConfUtils.java:logGet(44)) - raft.server.log.use.memory = false (default)
2021-09-21 18:25:44,829 [Datanode State Machine Thread - 0] WARN  statemachine.StateContext (StateContext.java:execute(621)) - No available thread in pool for past 1 seconds.
2021-09-21 18:25:44,829 [pool-150-thread-1] INFO  server.RaftServerConfigKeys (ConfUtils.java:logGet(44)) - raft.server.log.purge.gap = 1000000 (custom)
2021-09-21 18:25:44,829 [pool-150-thread-1] INFO  server.RaftServerConfigKeys (ConfUtils.java:logGet(44)) - raft.server.log.appender.buffer.byte-limit = 33554432 (custom)
2021-09-21 18:25:44,829 [pool-150-thread-1] INFO  server.RaftServerConfigKeys (ConfUtils.java:logGet(44)) - raft.server.log.segment.size.max = 1048576 (custom)
2021-09-21 18:25:44,830 [pool-150-thread-1] INFO  server.RaftServerConfigKeys (ConfUtils.java:logGet(44)) - raft.server.log.segment.cache.num.max = 2 (custom)
2021-09-21 18:25:44,830 [pool-150-thread-1] INFO  server.RaftServerConfigKeys (ConfUtils.java:logGet(44)) - raft.server.log.segment.cache.size.max = 200MB (=209715200) (default)
2021-09-21 18:25:44,830 [pool-150-thread-1] INFO  segmented.SegmentedRaftLogWorker (SegmentedRaftLogWorker.java:<init>(182)) - new 453ecb08-f079-4424-abb7-b5b860d98fa7@group-0FBDD5F58AC2-SegmentedRaftLogWorker for RaftStorageImpl:Storage Directory /home/runner/work/ozone/ozone/hadoop-ozone/integration-test/target/test-dir/MiniOzoneClusterImpl-8dff45f7-6a4c-4a77-aa6d-4bab94871626/datanode-5/data/ratis/d3129733-9166-4230-b49b-0fbdd5f58ac2
2021-09-21 18:25:44,830 [pool-150-thread-1] INFO  server.RaftServerConfigKeys (ConfUtils.java:logGet(44)) - raft.server.log.queue.byte-limit = 2147483647 (custom)
2021-09-21 18:25:44,830 [pool-150-thread-1] INFO  server.RaftServerConfigKeys (ConfUtils.java:logGet(44)) - raft.server.log.queue.element-limit = 1024 (custom)
2021-09-21 18:25:44,830 [pool-150-thread-1] INFO  server.RaftServerConfigKeys (ConfUtils.java:logGet(44)) - raft.server.log.segment.size.max = 1048576 (custom)
2021-09-21 18:25:44,830 [pool-150-thread-1] INFO  server.RaftServerConfigKeys (ConfUtils.java:logGet(44)) - raft.server.log.preallocated.size = 16384 (custom)
2021-09-21 18:25:44,830 [pool-150-thread-1] INFO  server.RaftServerConfigKeys (ConfUtils.java:logGet(44)) - raft.server.log.force.sync.num = 128 (default)
2021-09-21 18:25:44,830 [pool-150-thread-1] INFO  server.RaftServerConfigKeys (ConfUtils.java:logGet(44)) - raft.server.log.statemachine.data.sync = true (default)
2021-09-21 18:25:44,830 [pool-150-thread-1] INFO  server.RaftServerConfigKeys (ConfUtils.java:logGet(44)) - raft.server.log.statemachine.data.sync.timeout = 10s (default)
2021-09-21 18:25:44,830 [pool-150-thread-1] INFO  server.RaftServerConfigKeys (ConfUtils.java:logGet(44)) - raft.server.log.statemachine.data.sync.timeout.retry = -1 (default)
2021-09-21 18:25:44,831 [EventQueue-PipelineReportForPipelineReportHandler] INFO  pipeline.PipelineManagerImpl (PipelineManagerImpl.java:openPipeline(282)) - Pipeline Pipeline[ Id: d3129733-9166-4230-b49b-0fbdd5f58ac2, Nodes: 453ecb08-f079-4424-abb7-b5b860d98fa7{ip: 10.1.0.27, host: fv-az122-453.zf1tlrj3kn4expqppa1j4mpycf.xx.internal.cloudapp.net, ports: [REPLICATION=44591, RATIS=45375, RATIS_ADMIN=45375, RATIS_SERVER=45375, STANDALONE=33283], networkLocation: /default-rack, certSerialId: null, persistedOpState: IN_SERVICE, persistedOpStateExpiryEpochSec: 0}, ReplicationConfig: RATIS/ONE, State:ALLOCATED, leaderId:453ecb08-f079-4424-abb7-b5b860d98fa7, CreationTimestamp2021-09-21T18:25:41.829Z[Etc/UTC]] moved to OPEN state
2021-09-21 18:25:44,831 [EventQueue-OpenPipelineForHealthyPipelineSafeModeRule] INFO  safemode.SCMSafeModeManager (HealthyPipelineSafeModeRule.java:process(124)) - SCM in safe mode. Healthy pipelines reported count is 0, required healthy pipeline reported count is 1
2021-09-21 18:25:44,832 [pool-150-thread-1] INFO  server.RaftServerConfigKeys (ConfUtils.java:logGet(44)) - raft.server.log.write.buffer.size = 1048576 (custom)
2021-09-21 18:25:44,838 [pool-150-thread-1] INFO  server.RaftServerConfigKeys (ConfUtils.java:logGet(44)) - raft.server.log.statemachine.data.caching.enabled = true (custom)
2021-09-21 18:25:44,838 [pool-150-thread-1] INFO  segmented.SegmentedRaftLogWorker (SegmentedRaftLogWorker.java:lambda$new$0(133)) - 453ecb08-f079-4424-abb7-b5b860d98fa7@group-0FBDD5F58AC2-SegmentedRaftLogWorker: flushIndex: setUnconditionally 0 -> -1
2021-09-21 18:25:44,838 [pool-150-thread-1] INFO  segmented.SegmentedRaftLogWorker (SegmentedRaftLogWorker.java:lambda$new$0(133)) - 453ecb08-f079-4424-abb7-b5b860d98fa7@group-0FBDD5F58AC2-SegmentedRaftLogWorker: safeCacheEvictIndex: setUnconditionally 0 -> -1
2021-09-21 18:25:44,855 [pool-150-thread-1] INFO  server.RaftServerConfigKeys (ConfUtils.java:logGet(44)) - raft.server.snapshot.auto.trigger.enabled = true (custom)
2021-09-21 18:25:44,855 [pool-150-thread-1] INFO  server.RaftServerConfigKeys (ConfUtils.java:logGet(44)) - raft.server.snapshot.auto.trigger.threshold = 10000 (custom)
2021-09-21 18:25:44,855 [pool-150-thread-1] INFO  server.RaftServerConfigKeys (ConfUtils.java:logGet(44)) - raft.server.snapshot.retention.file.num = 5 (custom)
2021-09-21 18:25:44,855 [pool-150-thread-1] INFO  server.RaftServerConfigKeys (ConfUtils.java:logGet(44)) - raft.server.log.purge.upto.snapshot.index = false (default)
2021-09-21 18:25:44,855 [pool-150-thread-1] INFO  server.RaftServerConfigKeys (ConfUtils.java:logGet(44)) - raft.server.retrycache.expirytime = 600000ms (custom)
2021-09-21 18:25:44,855 [pool-150-thread-1] INFO  server.RaftServerConfigKeys (ConfUtils.java:logGet(44)) - raft.server.retrycache.statistics.expirytime = 100μs (default)
2021-09-21 18:25:44,857 [pool-150-thread-1] INFO  server.RaftServer$Division (RaftServerImpl.java:start(296)) - 453ecb08-f079-4424-abb7-b5b860d98fa7@group-0FBDD5F58AC2: start as a follower, conf=-1: [453ecb08-f079-4424-abb7-b5b860d98fa7|rpc:10.1.0.27:45375|priority:1], old=null
2021-09-21 18:25:44,857 [pool-150-thread-1] INFO  server.RaftServer$Division (RaftServerImpl.java:setRole(285)) - 453ecb08-f079-4424-abb7-b5b860d98fa7@group-0FBDD5F58AC2: changes role from      null to FOLLOWER at term 0 for startAsFollower
2021-09-21 18:25:44,857 [pool-150-thread-1] INFO  impl.RoleInfo (RoleInfo.java:updateAndGet(130)) - 453ecb08-f079-4424-abb7-b5b860d98fa7: start 453ecb08-f079-4424-abb7-b5b860d98fa7@group-0FBDD5F58AC2-FollowerState
2021-09-21 18:25:44,867 [pool-150-thread-1] INFO  util.JmxRegister (JmxRegister.java:tryRegister(44)) - Successfully registered JMX Bean with object name Ratis:service=RaftServer,group=group-0FBDD5F58AC2,id=453ecb08-f079-4424-abb7-b5b860d98fa7
2021-09-21 18:25:44,871 [Command processor thread] INFO  commandhandler.CreatePipelineCommandHandler (CreatePipelineCommandHandler.java:handle(106)) - Created Pipeline RATIS THREE PipelineID=2d503cb4-199a-4431-97fc-2fe6c912f1a7.
2021-09-21 18:25:44,872 [Command processor thread] INFO  ratis.XceiverServerRatis (XceiverServerRatis.java:addGroup(762)) - Created group PipelineID=d3129733-9166-4230-b49b-0fbdd5f58ac2
2021-09-21 18:25:44,872 [Command processor thread] INFO  commandhandler.CreatePipelineCommandHandler (CreatePipelineCommandHandler.java:handle(106)) - Created Pipeline RATIS ONE PipelineID=d3129733-9166-4230-b49b-0fbdd5f58ac2.
2021-09-21 18:25:44,896 [Command processor thread] INFO  commandhandler.CreatePipelineCommandHandler (CreatePipelineCommandHandler.java:handle(106)) - Created Pipeline RATIS THREE PipelineID=2d503cb4-199a-4431-97fc-2fe6c912f1a7.
2021-09-21 18:25:45,066 [Listener at 127.0.0.1/38417] INFO  ozone.MiniOzoneClusterImpl (MiniOzoneClusterImpl.java:lambda$waitForClusterToBeReady$0(235)) - Nodes are ready. Got 7 of 7 DN Heartbeats.
2021-09-21 18:25:45,066 [Listener at 127.0.0.1/38417] INFO  ozone.MiniOzoneClusterImpl (MiniOzoneClusterImpl.java:lambda$waitForClusterToBeReady$0(238)) - Waiting for cluster to exit safe mode
2021-09-21 18:25:45,067 [Listener at 127.0.0.1/38417] INFO  ozone.MiniOzoneClusterImpl (MiniOzoneClusterImpl.java:lambda$waitForClusterToBeReady$0(240)) - SCM became leader
2021-09-21 18:25:45,080 [Command processor thread] INFO  server.RaftServer (RaftServerProxy.java:addNew(95)) - 476460e9-b3a1-45f5-ac75-d031942c3748: addNew group-888A40B500A1:[476460e9-b3a1-45f5-ac75-d031942c3748|rpc:10.1.0.27:35049|priority:1] returns group-888A40B500A1:java.util.concurrent.CompletableFuture@9672431[Not completed]
2021-09-21 18:25:45,084 [pool-169-thread-1] INFO  server.RaftServer$Division (RaftServerImpl.java:<init>(181)) - 476460e9-b3a1-45f5-ac75-d031942c3748: new RaftServerImpl for group-888A40B500A1:[476460e9-b3a1-45f5-ac75-d031942c3748|rpc:10.1.0.27:35049|priority:1] with ContainerStateMachine:uninitialized
2021-09-21 18:25:45,084 [pool-169-thread-1] INFO  server.RaftServerConfigKeys (ConfUtils.java:logGet(44)) - raft.server.rpc.timeout.min = 5s (custom)
2021-09-21 18:25:45,084 [pool-169-thread-1] INFO  server.RaftServerConfigKeys (ConfUtils.java:logGet(44)) - raft.server.rpc.timeout.max = 5200ms (custom)
2021-09-21 18:25:45,084 [pool-169-thread-1] INFO  server.RaftServerConfigKeys (ConfUtils.java:logGet(44)) - raft.server.rpc.sleep.time = 25ms (default)
2021-09-21 18:25:45,084 [pool-169-thread-1] INFO  server.RaftServerConfigKeys (ConfUtils.java:logGet(44)) - raft.server.rpc.slowness.timeout = 300000ms (custom)
2021-09-21 18:25:45,085 [pool-169-thread-1] INFO  server.RaftServerConfigKeys (ConfUtils.java:logGet(44)) - raft.server.leaderelection.leader.step-down.wait-time = 10s (default)
2021-09-21 18:25:45,085 [pool-169-thread-1] INFO  server.RaftServerConfigKeys (ConfUtils.java:logGet(44)) - raft.server.sleep.deviation.threshold = 300ms (default)
2021-09-21 18:25:45,085 [pool-169-thread-1] INFO  server.RaftServerConfigKeys (ConfUtils.java:logGet(44)) - raft.server.log.appender.install.snapshot.enabled = false (custom)
2021-09-21 18:25:45,086 [pool-169-thread-1] INFO  server.RaftServer$Division (ServerState.java:<init>(105)) - 476460e9-b3a1-45f5-ac75-d031942c3748@group-888A40B500A1: ConfigurationManager, init=-1: [476460e9-b3a1-45f5-ac75-d031942c3748|rpc:10.1.0.27:35049|priority:1], old=null, confs=<EMPTY_MAP>
2021-09-21 18:25:45,086 [pool-169-thread-1] INFO  server.RaftServerConfigKeys (ConfUtils.java:logGet(44)) - raft.server.storage.dir = [/home/runner/work/ozone/ozone/hadoop-ozone/integration-test/target/test-dir/MiniOzoneClusterImpl-8dff45f7-6a4c-4a77-aa6d-4bab94871626/datanode-6/data/ratis] (custom)
2021-09-21 18:25:45,087 [pool-169-thread-1] INFO  server.RaftServerConfigKeys (ConfUtils.java:logGet(44)) - raft.server.log.corruption.policy = EXCEPTION (default)
2021-09-21 18:25:45,087 [pool-169-thread-1] INFO  server.RaftServerConfigKeys (ConfUtils.java:logGet(44)) - raft.server.storage.free-space.min = 0MB (=0) (default)
2021-09-21 18:25:45,087 [pool-169-thread-1] INFO  storage.RaftStorageDirectory (RaftStorageDirectoryImpl.java:analyzeStorage(135)) - The storage directory /home/runner/work/ozone/ozone/hadoop-ozone/integration-test/target/test-dir/MiniOzoneClusterImpl-8dff45f7-6a4c-4a77-aa6d-4bab94871626/datanode-6/data/ratis/646a220a-cf0f-4d1d-92ef-888a40b500a1 does not exist. Creating ...
2021-09-21 18:25:45,088 [pool-169-thread-1] INFO  storage.RaftStorageDirectory (RaftStorageDirectoryImpl.java:tryLock(230)) - Lock on /home/runner/work/ozone/ozone/hadoop-ozone/integration-test/target/test-dir/MiniOzoneClusterImpl-8dff45f7-6a4c-4a77-aa6d-4bab94871626/datanode-6/data/ratis/646a220a-cf0f-4d1d-92ef-888a40b500a1/in_use.lock acquired by nodename 22499@fv-az122-453
2021-09-21 18:25:45,090 [pool-169-thread-1] INFO  storage.RaftStorage (RaftStorageImpl.java:format(89)) - Storage directory /home/runner/work/ozone/ozone/hadoop-ozone/integration-test/target/test-dir/MiniOzoneClusterImpl-8dff45f7-6a4c-4a77-aa6d-4bab94871626/datanode-6/data/ratis/646a220a-cf0f-4d1d-92ef-888a40b500a1 has been successfully formatted.
2021-09-21 18:25:45,091 [Datanode State Machine Thread - 0] WARN  statemachine.StateContext (StateContext.java:execute(621)) - No available thread in pool for past 1 seconds.
2021-09-21 18:25:45,093 [EventQueue-PipelineReportForPipelineReportHandler] INFO  pipeline.PipelineManagerImpl (PipelineManagerImpl.java:openPipeline(282)) - Pipeline Pipeline[ Id: 646a220a-cf0f-4d1d-92ef-888a40b500a1, Nodes: 476460e9-b3a1-45f5-ac75-d031942c3748{ip: 10.1.0.27, host: fv-az122-453.zf1tlrj3kn4expqppa1j4mpycf.xx.internal.cloudapp.net, ports: [REPLICATION=37073, RATIS=35049, RATIS_ADMIN=35049, RATIS_SERVER=35049, STANDALONE=46777], networkLocation: /default-rack, certSerialId: null, persistedOpState: IN_SERVICE, persistedOpStateExpiryEpochSec: 0}, ReplicationConfig: RATIS/ONE, State:ALLOCATED, leaderId:476460e9-b3a1-45f5-ac75-d031942c3748, CreationTimestamp2021-09-21T18:25:42.081Z[Etc/UTC]] moved to OPEN state
2021-09-21 18:25:45,093 [pool-169-thread-1] INFO  ratis.ContainerStateMachine (ContainerStateMachine.java:loadSnapshot(224)) - group-888A40B500A1: The snapshot info is null. Setting the last applied indexto:(t:0, i:~)
2021-09-21 18:25:45,094 [EventQueue-OpenPipelineForHealthyPipelineSafeModeRule] INFO  safemode.SCMSafeModeManager (HealthyPipelineSafeModeRule.java:process(124)) - SCM in safe mode. Healthy pipelines reported count is 0, required healthy pipeline reported count is 1
2021-09-21 18:25:45,100 [pool-169-thread-1] INFO  server.RaftServerConfigKeys (ConfUtils.java:logGet(44)) - raft.server.notification.no-leader.timeout = 300000ms (custom)
2021-09-21 18:25:45,100 [pool-169-thread-1] INFO  server.RaftServerConfigKeys (ConfUtils.java:logGet(44)) - raft.server.log.use.memory = false (default)
2021-09-21 18:25:45,100 [pool-169-thread-1] INFO  server.RaftServerConfigKeys (ConfUtils.java:logGet(44)) - raft.server.log.purge.gap = 1000000 (custom)
2021-09-21 18:25:45,100 [pool-169-thread-1] INFO  server.RaftServerConfigKeys (ConfUtils.java:logGet(44)) - raft.server.log.appender.buffer.byte-limit = 33554432 (custom)
2021-09-21 18:25:45,101 [pool-169-thread-1] INFO  server.RaftServerConfigKeys (ConfUtils.java:logGet(44)) - raft.server.log.segment.size.max = 1048576 (custom)
2021-09-21 18:25:45,101 [pool-169-thread-1] INFO  server.RaftServerConfigKeys (ConfUtils.java:logGet(44)) - raft.server.log.segment.cache.num.max = 2 (custom)
2021-09-21 18:25:45,101 [pool-169-thread-1] INFO  server.RaftServerConfigKeys (ConfUtils.java:logGet(44)) - raft.server.log.segment.cache.size.max = 200MB (=209715200) (default)
2021-09-21 18:25:45,101 [pool-169-thread-1] INFO  segmented.SegmentedRaftLogWorker (SegmentedRaftLogWorker.java:<init>(182)) - new 476460e9-b3a1-45f5-ac75-d031942c3748@group-888A40B500A1-SegmentedRaftLogWorker for RaftStorageImpl:Storage Directory /home/runner/work/ozone/ozone/hadoop-ozone/integration-test/target/test-dir/MiniOzoneClusterImpl-8dff45f7-6a4c-4a77-aa6d-4bab94871626/datanode-6/data/ratis/646a220a-cf0f-4d1d-92ef-888a40b500a1
2021-09-21 18:25:45,101 [pool-169-thread-1] INFO  server.RaftServerConfigKeys (ConfUtils.java:logGet(44)) - raft.server.log.queue.byte-limit = 2147483647 (custom)
2021-09-21 18:25:45,102 [pool-169-thread-1] INFO  server.RaftServerConfigKeys (ConfUtils.java:logGet(44)) - raft.server.log.queue.element-limit = 1024 (custom)
2021-09-21 18:25:45,102 [pool-169-thread-1] INFO  server.RaftServerConfigKeys (ConfUtils.java:logGet(44)) - raft.server.log.segment.size.max = 1048576 (custom)
2021-09-21 18:25:45,102 [pool-169-thread-1] INFO  server.RaftServerConfigKeys (ConfUtils.java:logGet(44)) - raft.server.log.preallocated.size = 16384 (custom)
2021-09-21 18:25:45,102 [pool-169-thread-1] INFO  server.RaftServerConfigKeys (ConfUtils.java:logGet(44)) - raft.server.log.force.sync.num = 128 (default)
2021-09-21 18:25:45,102 [pool-169-thread-1] INFO  server.RaftServerConfigKeys (ConfUtils.java:logGet(44)) - raft.server.log.statemachine.data.sync = true (default)
2021-09-21 18:25:45,102 [pool-169-thread-1] INFO  server.RaftServerConfigKeys (ConfUtils.java:logGet(44)) - raft.server.log.statemachine.data.sync.timeout = 10s (default)
2021-09-21 18:25:45,102 [pool-169-thread-1] INFO  server.RaftServerConfigKeys (ConfUtils.java:logGet(44)) - raft.server.log.statemachine.data.sync.timeout.retry = -1 (default)
2021-09-21 18:25:45,107 [pool-169-thread-1] INFO  server.RaftServerConfigKeys (ConfUtils.java:logGet(44)) - raft.server.log.write.buffer.size = 1048576 (custom)
2021-09-21 18:25:45,107 [pool-169-thread-1] INFO  server.RaftServerConfigKeys (ConfUtils.java:logGet(44)) - raft.server.log.statemachine.data.caching.enabled = true (custom)
2021-09-21 18:25:45,107 [pool-169-thread-1] INFO  segmented.SegmentedRaftLogWorker (SegmentedRaftLogWorker.java:lambda$new$0(133)) - 476460e9-b3a1-45f5-ac75-d031942c3748@group-888A40B500A1-SegmentedRaftLogWorker: flushIndex: setUnconditionally 0 -> -1
2021-09-21 18:25:45,107 [pool-169-thread-1] INFO  segmented.SegmentedRaftLogWorker (SegmentedRaftLogWorker.java:lambda$new$0(133)) - 476460e9-b3a1-45f5-ac75-d031942c3748@group-888A40B500A1-SegmentedRaftLogWorker: safeCacheEvictIndex: setUnconditionally 0 -> -1
2021-09-21 18:25:45,108 [pool-169-thread-1] INFO  server.RaftServerConfigKeys (ConfUtils.java:logGet(44)) - raft.server.snapshot.auto.trigger.enabled = true (custom)
2021-09-21 18:25:45,108 [pool-169-thread-1] INFO  server.RaftServerConfigKeys (ConfUtils.java:logGet(44)) - raft.server.snapshot.auto.trigger.threshold = 10000 (custom)
2021-09-21 18:25:45,108 [pool-169-thread-1] INFO  server.RaftServerConfigKeys (ConfUtils.java:logGet(44)) - raft.server.snapshot.retention.file.num = 5 (custom)
2021-09-21 18:25:45,108 [pool-169-thread-1] INFO  server.RaftServerConfigKeys (ConfUtils.java:logGet(44)) - raft.server.log.purge.upto.snapshot.index = false (default)
2021-09-21 18:25:45,108 [pool-169-thread-1] INFO  server.RaftServerConfigKeys (ConfUtils.java:logGet(44)) - raft.server.retrycache.expirytime = 600000ms (custom)
2021-09-21 18:25:45,108 [pool-169-thread-1] INFO  server.RaftServerConfigKeys (ConfUtils.java:logGet(44)) - raft.server.retrycache.statistics.expirytime = 100μs (default)
2021-09-21 18:25:45,110 [pool-169-thread-1] INFO  server.RaftServer$Division (RaftServerImpl.java:start(296)) - 476460e9-b3a1-45f5-ac75-d031942c3748@group-888A40B500A1: start as a follower, conf=-1: [476460e9-b3a1-45f5-ac75-d031942c3748|rpc:10.1.0.27:35049|priority:1], old=null
2021-09-21 18:25:45,110 [pool-169-thread-1] INFO  server.RaftServer$Division (RaftServerImpl.java:setRole(285)) - 476460e9-b3a1-45f5-ac75-d031942c3748@group-888A40B500A1: changes role from      null to FOLLOWER at term 0 for startAsFollower
2021-09-21 18:25:45,110 [pool-169-thread-1] INFO  impl.RoleInfo (RoleInfo.java:updateAndGet(130)) - 476460e9-b3a1-45f5-ac75-d031942c3748: start 476460e9-b3a1-45f5-ac75-d031942c3748@group-888A40B500A1-FollowerState
2021-09-21 18:25:45,116 [pool-169-thread-1] INFO  util.JmxRegister (JmxRegister.java:tryRegister(44)) - Successfully registered JMX Bean with object name Ratis:service=RaftServer,group=group-888A40B500A1,id=476460e9-b3a1-45f5-ac75-d031942c3748
2021-09-21 18:25:45,117 [Command processor thread] INFO  ratis.XceiverServerRatis (XceiverServerRatis.java:addGroup(762)) - Created group PipelineID=646a220a-cf0f-4d1d-92ef-888a40b500a1
2021-09-21 18:25:45,117 [Command processor thread] INFO  commandhandler.CreatePipelineCommandHandler (CreatePipelineCommandHandler.java:handle(106)) - Created Pipeline RATIS ONE PipelineID=646a220a-cf0f-4d1d-92ef-888a40b500a1.
2021-09-21 18:25:46,067 [Listener at 127.0.0.1/38417] INFO  ozone.MiniOzoneClusterImpl (MiniOzoneClusterImpl.java:lambda$waitForClusterToBeReady$0(235)) - Nodes are ready. Got 7 of 7 DN Heartbeats.
2021-09-21 18:25:46,067 [Listener at 127.0.0.1/38417] INFO  ozone.MiniOzoneClusterImpl (MiniOzoneClusterImpl.java:lambda$waitForClusterToBeReady$0(238)) - Waiting for cluster to exit safe mode
2021-09-21 18:25:46,067 [Listener at 127.0.0.1/38417] INFO  ozone.MiniOzoneClusterImpl (MiniOzoneClusterImpl.java:lambda$waitForClusterToBeReady$0(240)) - SCM became leader
2021-09-21 18:25:47,067 [Listener at 127.0.0.1/38417] INFO  ozone.MiniOzoneClusterImpl (MiniOzoneClusterImpl.java:lambda$waitForClusterToBeReady$0(235)) - Nodes are ready. Got 7 of 7 DN Heartbeats.
2021-09-21 18:25:47,068 [Listener at 127.0.0.1/38417] INFO  ozone.MiniOzoneClusterImpl (MiniOzoneClusterImpl.java:lambda$waitForClusterToBeReady$0(238)) - Waiting for cluster to exit safe mode
2021-09-21 18:25:47,068 [Listener at 127.0.0.1/38417] INFO  ozone.MiniOzoneClusterImpl (MiniOzoneClusterImpl.java:lambda$waitForClusterToBeReady$0(240)) - SCM became leader
2021-09-21 18:25:48,068 [Listener at 127.0.0.1/38417] INFO  ozone.MiniOzoneClusterImpl (MiniOzoneClusterImpl.java:lambda$waitForClusterToBeReady$0(235)) - Nodes are ready. Got 7 of 7 DN Heartbeats.
2021-09-21 18:25:48,068 [Listener at 127.0.0.1/38417] INFO  ozone.MiniOzoneClusterImpl (MiniOzoneClusterImpl.java:lambda$waitForClusterToBeReady$0(238)) - Waiting for cluster to exit safe mode
2021-09-21 18:25:48,068 [Listener at 127.0.0.1/38417] INFO  ozone.MiniOzoneClusterImpl (MiniOzoneClusterImpl.java:lambda$waitForClusterToBeReady$0(240)) - SCM became leader
2021-09-21 18:25:48,354 [d36baf84-b85f-4b26-8f7e-d1f6b1b07563@group-650644E59B70-FollowerState] INFO  impl.FollowerState (FollowerState.java:run(134)) - d36baf84-b85f-4b26-8f7e-d1f6b1b07563@group-650644E59B70-FollowerState: change to CANDIDATE, lastRpcElapsedTime:5061466312ns, electionTimeout:5055ms
2021-09-21 18:25:48,354 [d36baf84-b85f-4b26-8f7e-d1f6b1b07563@group-650644E59B70-FollowerState] INFO  impl.RoleInfo (RoleInfo.java:shutdownFollowerState(108)) - d36baf84-b85f-4b26-8f7e-d1f6b1b07563: shutdown d36baf84-b85f-4b26-8f7e-d1f6b1b07563@group-650644E59B70-FollowerState
2021-09-21 18:25:48,355 [d36baf84-b85f-4b26-8f7e-d1f6b1b07563@group-650644E59B70-FollowerState] INFO  server.RaftServer$Division (RaftServerImpl.java:setRole(285)) - d36baf84-b85f-4b26-8f7e-d1f6b1b07563@group-650644E59B70: changes role from  FOLLOWER to CANDIDATE at term 0 for changeToCandidate
2021-09-21 18:25:48,355 [d36baf84-b85f-4b26-8f7e-d1f6b1b07563@group-650644E59B70-FollowerState] INFO  server.RaftServerConfigKeys (ConfUtils.java:logGet(44)) - raft.server.leaderelection.pre-vote = false (custom)
2021-09-21 18:25:48,355 [d36baf84-b85f-4b26-8f7e-d1f6b1b07563@group-650644E59B70-FollowerState] INFO  impl.RoleInfo (RoleInfo.java:updateAndGet(130)) - d36baf84-b85f-4b26-8f7e-d1f6b1b07563: start d36baf84-b85f-4b26-8f7e-d1f6b1b07563@group-650644E59B70-LeaderElection2
2021-09-21 18:25:48,361 [d36baf84-b85f-4b26-8f7e-d1f6b1b07563@group-650644E59B70-LeaderElection2] INFO  impl.LeaderElection (LeaderElection.java:askForVotes(306)) - d36baf84-b85f-4b26-8f7e-d1f6b1b07563@group-650644E59B70-LeaderElection2 ELECTION round 0: submit vote requests at term 1 for -1: [d36baf84-b85f-4b26-8f7e-d1f6b1b07563|rpc:10.1.0.27:39631|priority:1], old=null
2021-09-21 18:25:48,362 [d36baf84-b85f-4b26-8f7e-d1f6b1b07563@group-650644E59B70-LeaderElection2] INFO  impl.LeaderElection (LeaderElection.java:askForVotes(308)) - d36baf84-b85f-4b26-8f7e-d1f6b1b07563@group-650644E59B70-LeaderElection2 ELECTION round 0: result PASSED (term=1)
2021-09-21 18:25:48,362 [d36baf84-b85f-4b26-8f7e-d1f6b1b07563@group-650644E59B70-LeaderElection2] INFO  impl.RoleInfo (RoleInfo.java:shutdownLeaderElection(121)) - d36baf84-b85f-4b26-8f7e-d1f6b1b07563: shutdown d36baf84-b85f-4b26-8f7e-d1f6b1b07563@group-650644E59B70-LeaderElection2
2021-09-21 18:25:48,362 [d36baf84-b85f-4b26-8f7e-d1f6b1b07563@group-650644E59B70-LeaderElection2] INFO  server.RaftServer$Division (RaftServerImpl.java:setRole(285)) - d36baf84-b85f-4b26-8f7e-d1f6b1b07563@group-650644E59B70: changes role from CANDIDATE to LEADER at term 1 for changeToLeader
2021-09-21 18:25:48,362 [d36baf84-b85f-4b26-8f7e-d1f6b1b07563@group-650644E59B70-LeaderElection2] INFO  ratis.XceiverServerRatis (XceiverServerRatis.java:handleLeaderChangedNotification(860)) - Leader change notification received for group: group-650644E59B70 with new leaderId: d36baf84-b85f-4b26-8f7e-d1f6b1b07563
2021-09-21 18:25:48,362 [d36baf84-b85f-4b26-8f7e-d1f6b1b07563@group-650644E59B70-LeaderElection2] INFO  server.RaftServer$Division (ServerState.java:setLeader(285)) - d36baf84-b85f-4b26-8f7e-d1f6b1b07563@group-650644E59B70: change Leader from null to d36baf84-b85f-4b26-8f7e-d1f6b1b07563 at term 1 for becomeLeader, leader elected after 5081ms
2021-09-21 18:25:48,362 [d36baf84-b85f-4b26-8f7e-d1f6b1b07563@group-650644E59B70-LeaderElection2] INFO  server.RaftServerConfigKeys (ConfUtils.java:logGet(44)) - raft.server.staging.catchup.gap = 1000 (default)
2021-09-21 18:25:48,363 [d36baf84-b85f-4b26-8f7e-d1f6b1b07563@group-650644E59B70-LeaderElection2] INFO  server.RaftServerConfigKeys (ConfUtils.java:logGet(44)) - raft.server.write.element-limit = 1024 (custom)
2021-09-21 18:25:48,363 [d36baf84-b85f-4b26-8f7e-d1f6b1b07563@group-650644E59B70-LeaderElection2] INFO  server.RaftServerConfigKeys (ConfUtils.java:logGet(44)) - raft.server.write.byte-limit = 1024 M (=1073741824) (custom)
2021-09-21 18:25:48,364 [d36baf84-b85f-4b26-8f7e-d1f6b1b07563@group-650644E59B70-LeaderElection2] INFO  server.RaftServerConfigKeys (ConfUtils.java:logGet(44)) - raft.server.watch.timeout = 3000ms (custom)
2021-09-21 18:25:48,364 [d36baf84-b85f-4b26-8f7e-d1f6b1b07563@group-650644E59B70-LeaderElection2] INFO  server.RaftServerConfigKeys (ConfUtils.java:logGet(44)) - raft.server.watch.timeout.denomination = 1s (default)
2021-09-21 18:25:48,364 [d36baf84-b85f-4b26-8f7e-d1f6b1b07563@group-650644E59B70-LeaderElection2] INFO  server.RaftServerConfigKeys (ConfUtils.java:logGet(44)) - raft.server.watch.element-limit = 65536 (default)
2021-09-21 18:25:48,364 [EventQueue-OpenPipelineForHealthyPipelineSafeModeRule] INFO  safemode.SCMSafeModeManager (HealthyPipelineSafeModeRule.java:process(124)) - SCM in safe mode. Healthy pipelines reported count is 0, required healthy pipeline reported count is 1
2021-09-21 18:25:48,364 [d36baf84-b85f-4b26-8f7e-d1f6b1b07563@group-650644E59B70-LeaderElection2] INFO  impl.RoleInfo (RoleInfo.java:updateAndGet(130)) - d36baf84-b85f-4b26-8f7e-d1f6b1b07563: start d36baf84-b85f-4b26-8f7e-d1f6b1b07563@group-650644E59B70-LeaderStateImpl
2021-09-21 18:25:48,365 [d36baf84-b85f-4b26-8f7e-d1f6b1b07563@group-650644E59B70-LeaderElection2] INFO  segmented.SegmentedRaftLogWorker (SegmentedRaftLogWorker.java:startLogSegment(394)) - d36baf84-b85f-4b26-8f7e-d1f6b1b07563@group-650644E59B70-SegmentedRaftLogWorker: Starting segment from index:0
2021-09-21 18:25:48,370 [d36baf84-b85f-4b26-8f7e-d1f6b1b07563@group-650644E59B70-LeaderElection2] INFO  server.RaftServer$Division (ServerState.java:setRaftConf(387)) - d36baf84-b85f-4b26-8f7e-d1f6b1b07563@group-650644E59B70: set configuration 0: [d36baf84-b85f-4b26-8f7e-d1f6b1b07563|rpc:10.1.0.27:39631|dataStream:|priority:1], old=null
2021-09-21 18:25:48,370 [d36baf84-b85f-4b26-8f7e-d1f6b1b07563@group-650644E59B70-SegmentedRaftLogWorker] INFO  segmented.SegmentedRaftLogWorker (SegmentedRaftLogWorker.java:execute(601)) - d36baf84-b85f-4b26-8f7e-d1f6b1b07563@group-650644E59B70-SegmentedRaftLogWorker: created new log segment /home/runner/work/ozone/ozone/hadoop-ozone/integration-test/target/test-dir/MiniOzoneClusterImpl-8dff45f7-6a4c-4a77-aa6d-4bab94871626/datanode-0/data/ratis/5a0cf6dc-e192-4e77-91ef-650644e59b70/current/log_inprogress_0
2021-09-21 18:25:48,395 [d36baf84-b85f-4b26-8f7e-d1f6b1b07563@group-5490E1C9B297-FollowerState] INFO  impl.FollowerState (FollowerState.java:run(134)) - d36baf84-b85f-4b26-8f7e-d1f6b1b07563@group-5490E1C9B297-FollowerState: change to CANDIDATE, lastRpcElapsedTime:5039251790ns, electionTimeout:5025ms
2021-09-21 18:25:48,396 [d36baf84-b85f-4b26-8f7e-d1f6b1b07563@group-5490E1C9B297-FollowerState] INFO  impl.RoleInfo (RoleInfo.java:shutdownFollowerState(108)) - d36baf84-b85f-4b26-8f7e-d1f6b1b07563: shutdown d36baf84-b85f-4b26-8f7e-d1f6b1b07563@group-5490E1C9B297-FollowerState
2021-09-21 18:25:48,396 [d36baf84-b85f-4b26-8f7e-d1f6b1b07563@group-5490E1C9B297-FollowerState] INFO  server.RaftServer$Division (RaftServerImpl.java:setRole(285)) - d36baf84-b85f-4b26-8f7e-d1f6b1b07563@group-5490E1C9B297: changes role from  FOLLOWER to CANDIDATE at term 0 for changeToCandidate
2021-09-21 18:25:48,396 [d36baf84-b85f-4b26-8f7e-d1f6b1b07563@group-5490E1C9B297-FollowerState] INFO  server.RaftServerConfigKeys (ConfUtils.java:logGet(44)) - raft.server.leaderelection.pre-vote = false (custom)
2021-09-21 18:25:48,396 [d36baf84-b85f-4b26-8f7e-d1f6b1b07563@group-5490E1C9B297-FollowerState] INFO  impl.RoleInfo (RoleInfo.java:updateAndGet(130)) - d36baf84-b85f-4b26-8f7e-d1f6b1b07563: start d36baf84-b85f-4b26-8f7e-d1f6b1b07563@group-5490E1C9B297-LeaderElection3
2021-09-21 18:25:48,402 [d36baf84-b85f-4b26-8f7e-d1f6b1b07563@group-5490E1C9B297-LeaderElection3] INFO  impl.LeaderElection (LeaderElection.java:askForVotes(306)) - d36baf84-b85f-4b26-8f7e-d1f6b1b07563@group-5490E1C9B297-LeaderElection3 ELECTION round 0: submit vote requests at term 1 for -1: [d36baf84-b85f-4b26-8f7e-d1f6b1b07563|rpc:10.1.0.27:39631|priority:0, ac1d7df1-8838-4266-a424-22c9922d1104|rpc:10.1.0.27:41255|priority:0, 7ebb7728-56c4-46fe-8faf-bd5e72c54eae|rpc:10.1.0.27:40201|priority:1], old=null
2021-09-21 18:25:48,425 [grpc-default-executor-1] INFO  server.RaftServer$Division (RaftServerImpl.java:requestVote(1043)) - ac1d7df1-8838-4266-a424-22c9922d1104@group-5490E1C9B297: receive requestVote(ELECTION, d36baf84-b85f-4b26-8f7e-d1f6b1b07563, group-5490E1C9B297, 1, (t:0, i:0))
2021-09-21 18:25:48,428 [grpc-default-executor-1] INFO  impl.VoteContext (VoteContext.java:log(48)) - ac1d7df1-8838-4266-a424-22c9922d1104@group-5490E1C9B297-FOLLOWER: accept ELECTION from d36baf84-b85f-4b26-8f7e-d1f6b1b07563: our priority 0 <= candidate's priority 0
2021-09-21 18:25:48,428 [grpc-default-executor-1] INFO  server.RaftServer$Division (RaftServerImpl.java:setRole(285)) - ac1d7df1-8838-4266-a424-22c9922d1104@group-5490E1C9B297: changes role from  FOLLOWER to FOLLOWER at term 1 for candidate:d36baf84-b85f-4b26-8f7e-d1f6b1b07563
2021-09-21 18:25:48,428 [grpc-default-executor-1] INFO  impl.RoleInfo (RoleInfo.java:shutdownFollowerState(108)) - ac1d7df1-8838-4266-a424-22c9922d1104: shutdown ac1d7df1-8838-4266-a424-22c9922d1104@group-5490E1C9B297-FollowerState
2021-09-21 18:25:48,429 [grpc-default-executor-1] INFO  impl.RoleInfo (RoleInfo.java:updateAndGet(130)) - ac1d7df1-8838-4266-a424-22c9922d1104: start ac1d7df1-8838-4266-a424-22c9922d1104@group-5490E1C9B297-FollowerState
2021-09-21 18:25:48,429 [ac1d7df1-8838-4266-a424-22c9922d1104@group-5490E1C9B297-FollowerState] INFO  impl.FollowerState (FollowerState.java:run(143)) - ac1d7df1-8838-4266-a424-22c9922d1104@group-5490E1C9B297-FollowerState was interrupted: {}
java.lang.InterruptedException: sleep interrupted
	at java.lang.Thread.sleep(Native Method)
	at java.lang.Thread.sleep(Thread.java:340)
	at java.util.concurrent.TimeUnit.sleep(TimeUnit.java:386)
	at org.apache.ratis.util.TimeDuration.sleep(TimeDuration.java:324)
	at org.apache.ratis.util.TimeDuration.sleep(TimeDuration.java:309)
	at org.apache.ratis.server.impl.FollowerState.run(FollowerState.java:118)
2021-09-21 18:25:48,432 [grpc-default-executor-0] INFO  server.RaftServer$Division (RaftServerImpl.java:requestVote(1043)) - 7ebb7728-56c4-46fe-8faf-bd5e72c54eae@group-5490E1C9B297: receive requestVote(ELECTION, d36baf84-b85f-4b26-8f7e-d1f6b1b07563, group-5490E1C9B297, 1, (t:0, i:0))
2021-09-21 18:25:48,432 [grpc-default-executor-0] INFO  impl.VoteContext (VoteContext.java:log(48)) - 7ebb7728-56c4-46fe-8faf-bd5e72c54eae@group-5490E1C9B297-FOLLOWER: reject ELECTION from d36baf84-b85f-4b26-8f7e-d1f6b1b07563: our priority 1 > candidate's priority 0
2021-09-21 18:25:48,434 [grpc-default-executor-0] INFO  server.RaftServer$Division (RaftServerImpl.java:setRole(285)) - 7ebb7728-56c4-46fe-8faf-bd5e72c54eae@group-5490E1C9B297: changes role from  FOLLOWER to FOLLOWER at term 1 for candidate:d36baf84-b85f-4b26-8f7e-d1f6b1b07563
2021-09-21 18:25:48,434 [grpc-default-executor-0] INFO  impl.RoleInfo (RoleInfo.java:shutdownFollowerState(108)) - 7ebb7728-56c4-46fe-8faf-bd5e72c54eae: shutdown 7ebb7728-56c4-46fe-8faf-bd5e72c54eae@group-5490E1C9B297-FollowerState
2021-09-21 18:25:48,434 [grpc-default-executor-0] INFO  impl.RoleInfo (RoleInfo.java:updateAndGet(130)) - 7ebb7728-56c4-46fe-8faf-bd5e72c54eae: start 7ebb7728-56c4-46fe-8faf-bd5e72c54eae@group-5490E1C9B297-FollowerState
2021-09-21 18:25:48,434 [7ebb7728-56c4-46fe-8faf-bd5e72c54eae@group-5490E1C9B297-FollowerState] INFO  impl.FollowerState (FollowerState.java:run(143)) - 7ebb7728-56c4-46fe-8faf-bd5e72c54eae@group-5490E1C9B297-FollowerState was interrupted: {}
java.lang.InterruptedException: sleep interrupted
	at java.lang.Thread.sleep(Native Method)
	at java.lang.Thread.sleep(Thread.java:340)
	at java.util.concurrent.TimeUnit.sleep(TimeUnit.java:386)
	at org.apache.ratis.util.TimeDuration.sleep(TimeDuration.java:324)
	at org.apache.ratis.util.TimeDuration.sleep(TimeDuration.java:309)
	at org.apache.ratis.server.impl.FollowerState.run(FollowerState.java:118)
2021-09-21 18:25:48,438 [grpc-default-executor-0] INFO  server.RaftServer$Division (RaftServerImpl.java:requestVote(1075)) - 7ebb7728-56c4-46fe-8faf-bd5e72c54eae@group-5490E1C9B297 replies to ELECTION vote request: d36baf84-b85f-4b26-8f7e-d1f6b1b07563<-7ebb7728-56c4-46fe-8faf-bd5e72c54eae#0:FAIL-t1. Peer's state: 7ebb7728-56c4-46fe-8faf-bd5e72c54eae@group-5490E1C9B297:t1, leader=null, voted=null, raftlog=7ebb7728-56c4-46fe-8faf-bd5e72c54eae@group-5490E1C9B297-SegmentedRaftLog:OPENED:c-1,f-1,i0, conf=-1: [d36baf84-b85f-4b26-8f7e-d1f6b1b07563|rpc:10.1.0.27:39631|dataStream:|priority:0, ac1d7df1-8838-4266-a424-22c9922d1104|rpc:10.1.0.27:41255|dataStream:|priority:0, 7ebb7728-56c4-46fe-8faf-bd5e72c54eae|rpc:10.1.0.27:40201|dataStream:|priority:1], old=null
2021-09-21 18:25:48,442 [d36baf84-b85f-4b26-8f7e-d1f6b1b07563@group-5490E1C9B297-LeaderElection3] INFO  impl.LeaderElection (LeaderElection.java:logAndReturn(89)) - d36baf84-b85f-4b26-8f7e-d1f6b1b07563@group-5490E1C9B297-LeaderElection3: ELECTION REJECTED received 1 response(s) and 0 exception(s):
2021-09-21 18:25:48,442 [d36baf84-b85f-4b26-8f7e-d1f6b1b07563@group-5490E1C9B297-LeaderElection3] INFO  impl.LeaderElection (LeaderElection.java:logAndReturn(93)) -   Response 0: d36baf84-b85f-4b26-8f7e-d1f6b1b07563<-7ebb7728-56c4-46fe-8faf-bd5e72c54eae#0:FAIL-t1
2021-09-21 18:25:48,442 [d36baf84-b85f-4b26-8f7e-d1f6b1b07563@group-5490E1C9B297-LeaderElection3] INFO  impl.LeaderElection (LeaderElection.java:askForVotes(308)) - d36baf84-b85f-4b26-8f7e-d1f6b1b07563@group-5490E1C9B297-LeaderElection3 ELECTION round 0: result REJECTED
2021-09-21 18:25:48,442 [d36baf84-b85f-4b26-8f7e-d1f6b1b07563@group-5490E1C9B297-LeaderElection3] INFO  server.RaftServer$Division (RaftServerImpl.java:setRole(285)) - d36baf84-b85f-4b26-8f7e-d1f6b1b07563@group-5490E1C9B297: changes role from CANDIDATE to FOLLOWER at term 1 for REJECTED
2021-09-21 18:25:48,442 [d36baf84-b85f-4b26-8f7e-d1f6b1b07563@group-5490E1C9B297-LeaderElection3] INFO  impl.RoleInfo (RoleInfo.java:shutdownLeaderElection(121)) - d36baf84-b85f-4b26-8f7e-d1f6b1b07563: shutdown d36baf84-b85f-4b26-8f7e-d1f6b1b07563@group-5490E1C9B297-LeaderElection3
2021-09-21 18:25:48,443 [d36baf84-b85f-4b26-8f7e-d1f6b1b07563@group-5490E1C9B297-LeaderElection3] INFO  impl.RoleInfo (RoleInfo.java:updateAndGet(130)) - d36baf84-b85f-4b26-8f7e-d1f6b1b07563: start d36baf84-b85f-4b26-8f7e-d1f6b1b07563@group-5490E1C9B297-FollowerState
2021-09-21 18:25:48,454 [grpc-default-executor-1] INFO  server.RaftServer$Division (RaftServerImpl.java:requestVote(1075)) - ac1d7df1-8838-4266-a424-22c9922d1104@group-5490E1C9B297 replies to ELECTION vote request: d36baf84-b85f-4b26-8f7e-d1f6b1b07563<-ac1d7df1-8838-4266-a424-22c9922d1104#0:OK-t1. Peer's state: ac1d7df1-8838-4266-a424-22c9922d1104@group-5490E1C9B297:t1, leader=null, voted=d36baf84-b85f-4b26-8f7e-d1f6b1b07563, raftlog=ac1d7df1-8838-4266-a424-22c9922d1104@group-5490E1C9B297-SegmentedRaftLog:OPENED:c-1,f-1,i0, conf=-1: [d36baf84-b85f-4b26-8f7e-d1f6b1b07563|rpc:10.1.0.27:39631|priority:0, ac1d7df1-8838-4266-a424-22c9922d1104|rpc:10.1.0.27:41255|priority:0, 7ebb7728-56c4-46fe-8faf-bd5e72c54eae|rpc:10.1.0.27:40201|priority:1], old=null
2021-09-21 18:25:48,986 [ac1d7df1-8838-4266-a424-22c9922d1104@group-2AC51B9BEEC5-FollowerState] INFO  impl.FollowerState (FollowerState.java:run(134)) - ac1d7df1-8838-4266-a424-22c9922d1104@group-2AC51B9BEEC5-FollowerState: change to CANDIDATE, lastRpcElapsedTime:5059826030ns, electionTimeout:5055ms
2021-09-21 18:25:48,986 [ac1d7df1-8838-4266-a424-22c9922d1104@group-2AC51B9BEEC5-FollowerState] INFO  impl.RoleInfo (RoleInfo.java:shutdownFollowerState(108)) - ac1d7df1-8838-4266-a424-22c9922d1104: shutdown ac1d7df1-8838-4266-a424-22c9922d1104@group-2AC51B9BEEC5-FollowerState
2021-09-21 18:25:48,987 [ac1d7df1-8838-4266-a424-22c9922d1104@group-2AC51B9BEEC5-FollowerState] INFO  server.RaftServer$Division (RaftServerImpl.java:setRole(285)) - ac1d7df1-8838-4266-a424-22c9922d1104@group-2AC51B9BEEC5: changes role from  FOLLOWER to CANDIDATE at term 0 for changeToCandidate
2021-09-21 18:25:48,987 [ac1d7df1-8838-4266-a424-22c9922d1104@group-2AC51B9BEEC5-FollowerState] INFO  server.RaftServerConfigKeys (ConfUtils.java:logGet(44)) - raft.server.leaderelection.pre-vote = false (custom)
2021-09-21 18:25:48,987 [ac1d7df1-8838-4266-a424-22c9922d1104@group-2AC51B9BEEC5-FollowerState] INFO  impl.RoleInfo (RoleInfo.java:updateAndGet(130)) - ac1d7df1-8838-4266-a424-22c9922d1104: start ac1d7df1-8838-4266-a424-22c9922d1104@group-2AC51B9BEEC5-LeaderElection4
2021-09-21 18:25:48,992 [ac1d7df1-8838-4266-a424-22c9922d1104@group-2AC51B9BEEC5-LeaderElection4] INFO  impl.LeaderElection (LeaderElection.java:askForVotes(306)) - ac1d7df1-8838-4266-a424-22c9922d1104@group-2AC51B9BEEC5-LeaderElection4 ELECTION round 0: submit vote requests at term 1 for -1: [ac1d7df1-8838-4266-a424-22c9922d1104|rpc:10.1.0.27:41255|priority:1], old=null
2021-09-21 18:25:48,993 [ac1d7df1-8838-4266-a424-22c9922d1104@group-2AC51B9BEEC5-LeaderElection4] INFO  impl.LeaderElection (LeaderElection.java:askForVotes(308)) - ac1d7df1-8838-4266-a424-22c9922d1104@group-2AC51B9BEEC5-LeaderElection4 ELECTION round 0: result PASSED (term=1)
2021-09-21 18:25:48,993 [ac1d7df1-8838-4266-a424-22c9922d1104@group-2AC51B9BEEC5-LeaderElection4] INFO  impl.RoleInfo (RoleInfo.java:shutdownLeaderElection(121)) - ac1d7df1-8838-4266-a424-22c9922d1104: shutdown ac1d7df1-8838-4266-a424-22c9922d1104@group-2AC51B9BEEC5-LeaderElection4
2021-09-21 18:25:48,993 [ac1d7df1-8838-4266-a424-22c9922d1104@group-2AC51B9BEEC5-LeaderElection4] INFO  server.RaftServer$Division (RaftServerImpl.java:setRole(285)) - ac1d7df1-8838-4266-a424-22c9922d1104@group-2AC51B9BEEC5: changes role from CANDIDATE to LEADER at term 1 for changeToLeader
2021-09-21 18:25:48,993 [ac1d7df1-8838-4266-a424-22c9922d1104@group-2AC51B9BEEC5-LeaderElection4] INFO  ratis.XceiverServerRatis (XceiverServerRatis.java:handleLeaderChangedNotification(860)) - Leader change notification received for group: group-2AC51B9BEEC5 with new leaderId: ac1d7df1-8838-4266-a424-22c9922d1104
2021-09-21 18:25:48,993 [ac1d7df1-8838-4266-a424-22c9922d1104@group-2AC51B9BEEC5-LeaderElection4] INFO  server.RaftServer$Division (ServerState.java:setLeader(285)) - ac1d7df1-8838-4266-a424-22c9922d1104@group-2AC51B9BEEC5: change Leader from null to ac1d7df1-8838-4266-a424-22c9922d1104 at term 1 for becomeLeader, leader elected after 5107ms
2021-09-21 18:25:48,993 [ac1d7df1-8838-4266-a424-22c9922d1104@group-2AC51B9BEEC5-LeaderElection4] INFO  server.RaftServerConfigKeys (ConfUtils.java:logGet(44)) - raft.server.staging.catchup.gap = 1000 (default)
2021-09-21 18:25:48,994 [ac1d7df1-8838-4266-a424-22c9922d1104@group-2AC51B9BEEC5-LeaderElection4] INFO  server.RaftServerConfigKeys (ConfUtils.java:logGet(44)) - raft.server.write.element-limit = 1024 (custom)
2021-09-21 18:25:48,994 [ac1d7df1-8838-4266-a424-22c9922d1104@group-2AC51B9BEEC5-LeaderElection4] INFO  server.RaftServerConfigKeys (ConfUtils.java:logGet(44)) - raft.server.write.byte-limit = 1024 M (=1073741824) (custom)
2021-09-21 18:25:48,994 [ac1d7df1-8838-4266-a424-22c9922d1104@group-2AC51B9BEEC5-LeaderElection4] INFO  server.RaftServerConfigKeys (ConfUtils.java:logGet(44)) - raft.server.watch.timeout = 3000ms (custom)
2021-09-21 18:25:48,994 [ac1d7df1-8838-4266-a424-22c9922d1104@group-2AC51B9BEEC5-LeaderElection4] INFO  server.RaftServerConfigKeys (ConfUtils.java:logGet(44)) - raft.server.watch.timeout.denomination = 1s (default)
2021-09-21 18:25:48,994 [ac1d7df1-8838-4266-a424-22c9922d1104@group-2AC51B9BEEC5-LeaderElection4] INFO  server.RaftServerConfigKeys (ConfUtils.java:logGet(44)) - raft.server.watch.element-limit = 65536 (default)
2021-09-21 18:25:48,995 [ac1d7df1-8838-4266-a424-22c9922d1104@group-2AC51B9BEEC5-LeaderElection4] INFO  impl.RoleInfo (RoleInfo.java:updateAndGet(130)) - ac1d7df1-8838-4266-a424-22c9922d1104: start ac1d7df1-8838-4266-a424-22c9922d1104@group-2AC51B9BEEC5-LeaderStateImpl
2021-09-21 18:25:48,995 [ac1d7df1-8838-4266-a424-22c9922d1104@group-2AC51B9BEEC5-LeaderElection4] INFO  segmented.SegmentedRaftLogWorker (SegmentedRaftLogWorker.java:startLogSegment(394)) - ac1d7df1-8838-4266-a424-22c9922d1104@group-2AC51B9BEEC5-SegmentedRaftLogWorker: Starting segment from index:0
2021-09-21 18:25:48,999 [EventQueue-OpenPipelineForHealthyPipelineSafeModeRule] INFO  safemode.SCMSafeModeManager (HealthyPipelineSafeModeRule.java:process(124)) - SCM in safe mode. Healthy pipelines reported count is 0, required healthy pipeline reported count is 1
2021-09-21 18:25:48,999 [ac1d7df1-8838-4266-a424-22c9922d1104@group-2AC51B9BEEC5-SegmentedRaftLogWorker] INFO  segmented.SegmentedRaftLogWorker (SegmentedRaftLogWorker.java:execute(601)) - ac1d7df1-8838-4266-a424-22c9922d1104@group-2AC51B9BEEC5-SegmentedRaftLogWorker: created new log segment /home/runner/work/ozone/ozone/hadoop-ozone/integration-test/target/test-dir/MiniOzoneClusterImpl-8dff45f7-6a4c-4a77-aa6d-4bab94871626/datanode-1/data/ratis/4144741f-4194-40b2-bb71-2ac51b9beec5/current/log_inprogress_0
2021-09-21 18:25:49,002 [ac1d7df1-8838-4266-a424-22c9922d1104@group-2AC51B9BEEC5-LeaderElection4] INFO  server.RaftServer$Division (ServerState.java:setRaftConf(387)) - ac1d7df1-8838-4266-a424-22c9922d1104@group-2AC51B9BEEC5: set configuration 0: [ac1d7df1-8838-4266-a424-22c9922d1104|rpc:10.1.0.27:41255|dataStream:|priority:1], old=null
2021-09-21 18:25:49,069 [Listener at 127.0.0.1/38417] INFO  ozone.MiniOzoneClusterImpl (MiniOzoneClusterImpl.java:lambda$waitForClusterToBeReady$0(235)) - Nodes are ready. Got 7 of 7 DN Heartbeats.
2021-09-21 18:25:49,069 [Listener at 127.0.0.1/38417] INFO  ozone.MiniOzoneClusterImpl (MiniOzoneClusterImpl.java:lambda$waitForClusterToBeReady$0(238)) - Waiting for cluster to exit safe mode
2021-09-21 18:25:49,069 [Listener at 127.0.0.1/38417] INFO  ozone.MiniOzoneClusterImpl (MiniOzoneClusterImpl.java:lambda$waitForClusterToBeReady$0(240)) - SCM became leader
2021-09-21 18:25:49,276 [7ebb7728-56c4-46fe-8faf-bd5e72c54eae@group-567B8A5D2618-FollowerState] INFO  impl.FollowerState (FollowerState.java:run(134)) - 7ebb7728-56c4-46fe-8faf-bd5e72c54eae@group-567B8A5D2618-FollowerState: change to CANDIDATE, lastRpcElapsedTime:5065690315ns, electionTimeout:5059ms
2021-09-21 18:25:49,276 [7ebb7728-56c4-46fe-8faf-bd5e72c54eae@group-567B8A5D2618-FollowerState] INFO  impl.RoleInfo (RoleInfo.java:shutdownFollowerState(108)) - 7ebb7728-56c4-46fe-8faf-bd5e72c54eae: shutdown 7ebb7728-56c4-46fe-8faf-bd5e72c54eae@group-567B8A5D2618-FollowerState
2021-09-21 18:25:49,277 [7ebb7728-56c4-46fe-8faf-bd5e72c54eae@group-567B8A5D2618-FollowerState] INFO  server.RaftServer$Division (RaftServerImpl.java:setRole(285)) - 7ebb7728-56c4-46fe-8faf-bd5e72c54eae@group-567B8A5D2618: changes role from  FOLLOWER to CANDIDATE at term 0 for changeToCandidate
2021-09-21 18:25:49,277 [7ebb7728-56c4-46fe-8faf-bd5e72c54eae@group-567B8A5D2618-FollowerState] INFO  server.RaftServerConfigKeys (ConfUtils.java:logGet(44)) - raft.server.leaderelection.pre-vote = false (custom)
2021-09-21 18:25:49,277 [7ebb7728-56c4-46fe-8faf-bd5e72c54eae@group-567B8A5D2618-FollowerState] INFO  impl.RoleInfo (RoleInfo.java:updateAndGet(130)) - 7ebb7728-56c4-46fe-8faf-bd5e72c54eae: start 7ebb7728-56c4-46fe-8faf-bd5e72c54eae@group-567B8A5D2618-LeaderElection5
2021-09-21 18:25:49,281 [7ebb7728-56c4-46fe-8faf-bd5e72c54eae@group-567B8A5D2618-LeaderElection5] INFO  impl.LeaderElection (LeaderElection.java:askForVotes(306)) - 7ebb7728-56c4-46fe-8faf-bd5e72c54eae@group-567B8A5D2618-LeaderElection5 ELECTION round 0: submit vote requests at term 1 for -1: [7ebb7728-56c4-46fe-8faf-bd5e72c54eae|rpc:10.1.0.27:40201|priority:1], old=null
2021-09-21 18:25:49,281 [7ebb7728-56c4-46fe-8faf-bd5e72c54eae@group-567B8A5D2618-LeaderElection5] INFO  impl.LeaderElection (LeaderElection.java:askForVotes(308)) - 7ebb7728-56c4-46fe-8faf-bd5e72c54eae@group-567B8A5D2618-LeaderElection5 ELECTION round 0: result PASSED (term=1)
2021-09-21 18:25:49,281 [7ebb7728-56c4-46fe-8faf-bd5e72c54eae@group-567B8A5D2618-LeaderElection5] INFO  impl.RoleInfo (RoleInfo.java:shutdownLeaderElection(121)) - 7ebb7728-56c4-46fe-8faf-bd5e72c54eae: shutdown 7ebb7728-56c4-46fe-8faf-bd5e72c54eae@group-567B8A5D2618-LeaderElection5
2021-09-21 18:25:49,281 [7ebb7728-56c4-46fe-8faf-bd5e72c54eae@group-567B8A5D2618-LeaderElection5] INFO  server.RaftServer$Division (RaftServerImpl.java:setRole(285)) - 7ebb7728-56c4-46fe-8faf-bd5e72c54eae@group-567B8A5D2618: changes role from CANDIDATE to LEADER at term 1 for changeToLeader
2021-09-21 18:25:49,281 [7ebb7728-56c4-46fe-8faf-bd5e72c54eae@group-567B8A5D2618-LeaderElection5] INFO  ratis.XceiverServerRatis (XceiverServerRatis.java:handleLeaderChangedNotification(860)) - Leader change notification received for group: group-567B8A5D2618 with new leaderId: 7ebb7728-56c4-46fe-8faf-bd5e72c54eae
2021-09-21 18:25:49,282 [7ebb7728-56c4-46fe-8faf-bd5e72c54eae@group-567B8A5D2618-LeaderElection5] INFO  server.RaftServer$Division (ServerState.java:setLeader(285)) - 7ebb7728-56c4-46fe-8faf-bd5e72c54eae@group-567B8A5D2618: change Leader from null to 7ebb7728-56c4-46fe-8faf-bd5e72c54eae at term 1 for becomeLeader, leader elected after 5113ms
2021-09-21 18:25:49,282 [7ebb7728-56c4-46fe-8faf-bd5e72c54eae@group-567B8A5D2618-LeaderElection5] INFO  server.RaftServerConfigKeys (ConfUtils.java:logGet(44)) - raft.server.staging.catchup.gap = 1000 (default)
2021-09-21 18:25:49,283 [7ebb7728-56c4-46fe-8faf-bd5e72c54eae@group-567B8A5D2618-LeaderElection5] INFO  server.RaftServerConfigKeys (ConfUtils.java:logGet(44)) - raft.server.write.element-limit = 1024 (custom)
2021-09-21 18:25:49,283 [7ebb7728-56c4-46fe-8faf-bd5e72c54eae@group-567B8A5D2618-LeaderElection5] INFO  server.RaftServerConfigKeys (ConfUtils.java:logGet(44)) - raft.server.write.byte-limit = 1024 M (=1073741824) (custom)
2021-09-21 18:25:49,283 [7ebb7728-56c4-46fe-8faf-bd5e72c54eae@group-567B8A5D2618-LeaderElection5] INFO  server.RaftServerConfigKeys (ConfUtils.java:logGet(44)) - raft.server.watch.timeout = 3000ms (custom)
2021-09-21 18:25:49,283 [7ebb7728-56c4-46fe-8faf-bd5e72c54eae@group-567B8A5D2618-LeaderElection5] INFO  server.RaftServerConfigKeys (ConfUtils.java:logGet(44)) - raft.server.watch.timeout.denomination = 1s (default)
2021-09-21 18:25:49,283 [7ebb7728-56c4-46fe-8faf-bd5e72c54eae@group-567B8A5D2618-LeaderElection5] INFO  server.RaftServerConfigKeys (ConfUtils.java:logGet(44)) - raft.server.watch.element-limit = 65536 (default)
2021-09-21 18:25:49,284 [7ebb7728-56c4-46fe-8faf-bd5e72c54eae@group-567B8A5D2618-LeaderElection5] INFO  impl.RoleInfo (RoleInfo.java:updateAndGet(130)) - 7ebb7728-56c4-46fe-8faf-bd5e72c54eae: start 7ebb7728-56c4-46fe-8faf-bd5e72c54eae@group-567B8A5D2618-LeaderStateImpl
2021-09-21 18:25:49,284 [7ebb7728-56c4-46fe-8faf-bd5e72c54eae@group-567B8A5D2618-LeaderElection5] INFO  segmented.SegmentedRaftLogWorker (SegmentedRaftLogWorker.java:startLogSegment(394)) - 7ebb7728-56c4-46fe-8faf-bd5e72c54eae@group-567B8A5D2618-SegmentedRaftLogWorker: Starting segment from index:0
2021-09-21 18:25:49,285 [EventQueue-OpenPipelineForHealthyPipelineSafeModeRule] INFO  safemode.SCMSafeModeManager (HealthyPipelineSafeModeRule.java:process(124)) - SCM in safe mode. Healthy pipelines reported count is 0, required healthy pipeline reported count is 1
2021-09-21 18:25:49,286 [7ebb7728-56c4-46fe-8faf-bd5e72c54eae@group-567B8A5D2618-SegmentedRaftLogWorker] INFO  segmented.SegmentedRaftLogWorker (SegmentedRaftLogWorker.java:execute(601)) - 7ebb7728-56c4-46fe-8faf-bd5e72c54eae@group-567B8A5D2618-SegmentedRaftLogWorker: created new log segment /home/runner/work/ozone/ozone/hadoop-ozone/integration-test/target/test-dir/MiniOzoneClusterImpl-8dff45f7-6a4c-4a77-aa6d-4bab94871626/datanode-2/data/ratis/62ad671f-4bdc-4335-9560-567b8a5d2618/current/log_inprogress_0
2021-09-21 18:25:49,304 [7ebb7728-56c4-46fe-8faf-bd5e72c54eae@group-567B8A5D2618-LeaderElection5] INFO  server.RaftServer$Division (ServerState.java:setRaftConf(387)) - 7ebb7728-56c4-46fe-8faf-bd5e72c54eae@group-567B8A5D2618: set configuration 0: [7ebb7728-56c4-46fe-8faf-bd5e72c54eae|rpc:10.1.0.27:40201|dataStream:|priority:1], old=null
2021-09-21 18:25:49,354 [7ebb7728-56c4-46fe-8faf-bd5e72c54eae@group-6CB704DD8418-FollowerState] INFO  impl.FollowerState (FollowerState.java:run(134)) - 7ebb7728-56c4-46fe-8faf-bd5e72c54eae@group-6CB704DD8418-FollowerState: change to CANDIDATE, lastRpcElapsedTime:5093287421ns, electionTimeout:5092ms
2021-09-21 18:25:49,354 [7ebb7728-56c4-46fe-8faf-bd5e72c54eae@group-6CB704DD8418-FollowerState] INFO  impl.RoleInfo (RoleInfo.java:shutdownFollowerState(108)) - 7ebb7728-56c4-46fe-8faf-bd5e72c54eae: shutdown 7ebb7728-56c4-46fe-8faf-bd5e72c54eae@group-6CB704DD8418-FollowerState
2021-09-21 18:25:49,354 [7ebb7728-56c4-46fe-8faf-bd5e72c54eae@group-6CB704DD8418-FollowerState] INFO  server.RaftServer$Division (RaftServerImpl.java:setRole(285)) - 7ebb7728-56c4-46fe-8faf-bd5e72c54eae@group-6CB704DD8418: changes role from  FOLLOWER to CANDIDATE at term 0 for changeToCandidate
2021-09-21 18:25:49,354 [7ebb7728-56c4-46fe-8faf-bd5e72c54eae@group-6CB704DD8418-FollowerState] INFO  server.RaftServerConfigKeys (ConfUtils.java:logGet(44)) - raft.server.leaderelection.pre-vote = false (custom)
2021-09-21 18:25:49,355 [7ebb7728-56c4-46fe-8faf-bd5e72c54eae@group-6CB704DD8418-FollowerState] INFO  impl.RoleInfo (RoleInfo.java:updateAndGet(130)) - 7ebb7728-56c4-46fe-8faf-bd5e72c54eae: start 7ebb7728-56c4-46fe-8faf-bd5e72c54eae@group-6CB704DD8418-LeaderElection6
2021-09-21 18:25:49,358 [7ebb7728-56c4-46fe-8faf-bd5e72c54eae@group-6CB704DD8418-LeaderElection6] INFO  impl.LeaderElection (LeaderElection.java:askForVotes(306)) - 7ebb7728-56c4-46fe-8faf-bd5e72c54eae@group-6CB704DD8418-LeaderElection6 ELECTION round 0: submit vote requests at term 1 for -1: [d36baf84-b85f-4b26-8f7e-d1f6b1b07563|rpc:10.1.0.27:39631|priority:0, ac1d7df1-8838-4266-a424-22c9922d1104|rpc:10.1.0.27:41255|priority:1, 7ebb7728-56c4-46fe-8faf-bd5e72c54eae|rpc:10.1.0.27:40201|priority:0], old=null
2021-09-21 18:25:49,374 [grpc-default-executor-0] INFO  server.RaftServer$Division (RaftServerImpl.java:requestVote(1043)) - d36baf84-b85f-4b26-8f7e-d1f6b1b07563@group-6CB704DD8418: receive requestVote(ELECTION, 7ebb7728-56c4-46fe-8faf-bd5e72c54eae, group-6CB704DD8418, 1, (t:0, i:0))
2021-09-21 18:25:49,374 [grpc-default-executor-0] INFO  impl.VoteContext (VoteContext.java:log(48)) - d36baf84-b85f-4b26-8f7e-d1f6b1b07563@group-6CB704DD8418-FOLLOWER: accept ELECTION from 7ebb7728-56c4-46fe-8faf-bd5e72c54eae: our priority 0 <= candidate's priority 0
2021-09-21 18:25:49,374 [grpc-default-executor-0] INFO  server.RaftServer$Division (RaftServerImpl.java:setRole(285)) - d36baf84-b85f-4b26-8f7e-d1f6b1b07563@group-6CB704DD8418: changes role from  FOLLOWER to FOLLOWER at term 1 for candidate:7ebb7728-56c4-46fe-8faf-bd5e72c54eae
2021-09-21 18:25:49,374 [grpc-default-executor-0] INFO  impl.RoleInfo (RoleInfo.java:shutdownFollowerState(108)) - d36baf84-b85f-4b26-8f7e-d1f6b1b07563: shutdown d36baf84-b85f-4b26-8f7e-d1f6b1b07563@group-6CB704DD8418-FollowerState
2021-09-21 18:25:49,374 [grpc-default-executor-0] INFO  impl.RoleInfo (RoleInfo.java:updateAndGet(130)) - d36baf84-b85f-4b26-8f7e-d1f6b1b07563: start d36baf84-b85f-4b26-8f7e-d1f6b1b07563@group-6CB704DD8418-FollowerState
2021-09-21 18:25:49,374 [d36baf84-b85f-4b26-8f7e-d1f6b1b07563@group-6CB704DD8418-FollowerState] INFO  impl.FollowerState (FollowerState.java:run(143)) - d36baf84-b85f-4b26-8f7e-d1f6b1b07563@group-6CB704DD8418-FollowerState was interrupted: {}
java.lang.InterruptedException: sleep interrupted
	at java.lang.Thread.sleep(Native Method)
	at java.lang.Thread.sleep(Thread.java:340)
	at java.util.concurrent.TimeUnit.sleep(TimeUnit.java:386)
	at org.apache.ratis.util.TimeDuration.sleep(TimeDuration.java:324)
	at org.apache.ratis.util.TimeDuration.sleep(TimeDuration.java:309)
	at org.apache.ratis.server.impl.FollowerState.run(FollowerState.java:118)
2021-09-21 18:25:49,382 [grpc-default-executor-1] INFO  server.RaftServer$Division (RaftServerImpl.java:requestVote(1043)) - ac1d7df1-8838-4266-a424-22c9922d1104@group-6CB704DD8418: receive requestVote(ELECTION, 7ebb7728-56c4-46fe-8faf-bd5e72c54eae, group-6CB704DD8418, 1, (t:0, i:0))
2021-09-21 18:25:49,382 [grpc-default-executor-1] INFO  impl.VoteContext (VoteContext.java:log(48)) - ac1d7df1-8838-4266-a424-22c9922d1104@group-6CB704DD8418-FOLLOWER: reject ELECTION from 7ebb7728-56c4-46fe-8faf-bd5e72c54eae: our priority 1 > candidate's priority 0
2021-09-21 18:25:49,382 [grpc-default-executor-1] INFO  server.RaftServer$Division (RaftServerImpl.java:setRole(285)) - ac1d7df1-8838-4266-a424-22c9922d1104@group-6CB704DD8418: changes role from  FOLLOWER to FOLLOWER at term 1 for candidate:7ebb7728-56c4-46fe-8faf-bd5e72c54eae
2021-09-21 18:25:49,382 [grpc-default-executor-1] INFO  impl.RoleInfo (RoleInfo.java:shutdownFollowerState(108)) - ac1d7df1-8838-4266-a424-22c9922d1104: shutdown ac1d7df1-8838-4266-a424-22c9922d1104@group-6CB704DD8418-FollowerState
2021-09-21 18:25:49,382 [grpc-default-executor-1] INFO  impl.RoleInfo (RoleInfo.java:updateAndGet(130)) - ac1d7df1-8838-4266-a424-22c9922d1104: start ac1d7df1-8838-4266-a424-22c9922d1104@group-6CB704DD8418-FollowerState
2021-09-21 18:25:49,382 [ac1d7df1-8838-4266-a424-22c9922d1104@group-6CB704DD8418-FollowerState] INFO  impl.FollowerState (FollowerState.java:run(143)) - ac1d7df1-8838-4266-a424-22c9922d1104@group-6CB704DD8418-FollowerState was interrupted: {}
java.lang.InterruptedException: sleep interrupted
	at java.lang.Thread.sleep(Native Method)
	at java.lang.Thread.sleep(Thread.java:340)
	at java.util.concurrent.TimeUnit.sleep(TimeUnit.java:386)
	at org.apache.ratis.util.TimeDuration.sleep(TimeDuration.java:324)
	at org.apache.ratis.util.TimeDuration.sleep(TimeDuration.java:309)
	at org.apache.ratis.server.impl.FollowerState.run(FollowerState.java:118)
2021-09-21 18:25:49,388 [grpc-default-executor-1] INFO  server.RaftServer$Division (RaftServerImpl.java:requestVote(1075)) - ac1d7df1-8838-4266-a424-22c9922d1104@group-6CB704DD8418 replies to ELECTION vote request: 7ebb7728-56c4-46fe-8faf-bd5e72c54eae<-ac1d7df1-8838-4266-a424-22c9922d1104#0:FAIL-t1. Peer's state: ac1d7df1-8838-4266-a424-22c9922d1104@group-6CB704DD8418:t1, leader=null, voted=null, raftlog=ac1d7df1-8838-4266-a424-22c9922d1104@group-6CB704DD8418-SegmentedRaftLog:OPENED:c-1,f-1,i0, conf=-1: [d36baf84-b85f-4b26-8f7e-d1f6b1b07563|rpc:10.1.0.27:39631|priority:0, ac1d7df1-8838-4266-a424-22c9922d1104|rpc:10.1.0.27:41255|priority:1, 7ebb7728-56c4-46fe-8faf-bd5e72c54eae|rpc:10.1.0.27:40201|priority:0], old=null
2021-09-21 18:25:49,388 [grpc-default-executor-0] INFO  server.RaftServer$Division (RaftServerImpl.java:requestVote(1075)) - d36baf84-b85f-4b26-8f7e-d1f6b1b07563@group-6CB704DD8418 replies to ELECTION vote request: 7ebb7728-56c4-46fe-8faf-bd5e72c54eae<-d36baf84-b85f-4b26-8f7e-d1f6b1b07563#0:OK-t1. Peer's state: d36baf84-b85f-4b26-8f7e-d1f6b1b07563@group-6CB704DD8418:t1, leader=null, voted=7ebb7728-56c4-46fe-8faf-bd5e72c54eae, raftlog=d36baf84-b85f-4b26-8f7e-d1f6b1b07563@group-6CB704DD8418-SegmentedRaftLog:OPENED:c-1,f-1,i0, conf=-1: [d36baf84-b85f-4b26-8f7e-d1f6b1b07563|rpc:10.1.0.27:39631|dataStream:|priority:0, ac1d7df1-8838-4266-a424-22c9922d1104|rpc:10.1.0.27:41255|dataStream:|priority:1, 7ebb7728-56c4-46fe-8faf-bd5e72c54eae|rpc:10.1.0.27:40201|dataStream:|priority:0], old=null
2021-09-21 18:25:49,398 [7ebb7728-56c4-46fe-8faf-bd5e72c54eae@group-6CB704DD8418-LeaderElection6] INFO  impl.LeaderElection (LeaderElection.java:logAndReturn(89)) - 7ebb7728-56c4-46fe-8faf-bd5e72c54eae@group-6CB704DD8418-LeaderElection6: ELECTION REJECTED received 2 response(s) and 0 exception(s):
2021-09-21 18:25:49,398 [7ebb7728-56c4-46fe-8faf-bd5e72c54eae@group-6CB704DD8418-LeaderElection6] INFO  impl.LeaderElection (LeaderElection.java:logAndReturn(93)) -   Response 0: 7ebb7728-56c4-46fe-8faf-bd5e72c54eae<-d36baf84-b85f-4b26-8f7e-d1f6b1b07563#0:OK-t1
2021-09-21 18:25:49,398 [7ebb7728-56c4-46fe-8faf-bd5e72c54eae@group-6CB704DD8418-LeaderElection6] INFO  impl.LeaderElection (LeaderElection.java:logAndReturn(93)) -   Response 1: 7ebb7728-56c4-46fe-8faf-bd5e72c54eae<-ac1d7df1-8838-4266-a424-22c9922d1104#0:FAIL-t1
2021-09-21 18:25:49,398 [7ebb7728-56c4-46fe-8faf-bd5e72c54eae@group-6CB704DD8418-LeaderElection6] INFO  impl.LeaderElection (LeaderElection.java:askForVotes(308)) - 7ebb7728-56c4-46fe-8faf-bd5e72c54eae@group-6CB704DD8418-LeaderElection6 ELECTION round 0: result REJECTED
2021-09-21 18:25:49,398 [7ebb7728-56c4-46fe-8faf-bd5e72c54eae@group-6CB704DD8418-LeaderElection6] INFO  server.RaftServer$Division (RaftServerImpl.java:setRole(285)) - 7ebb7728-56c4-46fe-8faf-bd5e72c54eae@group-6CB704DD8418: changes role from CANDIDATE to FOLLOWER at term 1 for REJECTED
2021-09-21 18:25:49,399 [7ebb7728-56c4-46fe-8faf-bd5e72c54eae@group-6CB704DD8418-LeaderElection6] INFO  impl.RoleInfo (RoleInfo.java:shutdownLeaderElection(121)) - 7ebb7728-56c4-46fe-8faf-bd5e72c54eae: shutdown 7ebb7728-56c4-46fe-8faf-bd5e72c54eae@group-6CB704DD8418-LeaderElection6
2021-09-21 18:25:49,399 [7ebb7728-56c4-46fe-8faf-bd5e72c54eae@group-6CB704DD8418-LeaderElection6] INFO  impl.RoleInfo (RoleInfo.java:updateAndGet(130)) - 7ebb7728-56c4-46fe-8faf-bd5e72c54eae: start 7ebb7728-56c4-46fe-8faf-bd5e72c54eae@group-6CB704DD8418-FollowerState
2021-09-21 18:25:49,510 [000602bb-62cb-4174-b1e5-e32eb992284f@group-66BCF67E946B-FollowerState] INFO  impl.FollowerState (FollowerState.java:run(134)) - 000602bb-62cb-4174-b1e5-e32eb992284f@group-66BCF67E946B-FollowerState: change to CANDIDATE, lastRpcElapsedTime:5084284854ns, electionTimeout:5083ms
2021-09-21 18:25:49,512 [000602bb-62cb-4174-b1e5-e32eb992284f@group-66BCF67E946B-FollowerState] INFO  impl.RoleInfo (RoleInfo.java:shutdownFollowerState(108)) - 000602bb-62cb-4174-b1e5-e32eb992284f: shutdown 000602bb-62cb-4174-b1e5-e32eb992284f@group-66BCF67E946B-FollowerState
2021-09-21 18:25:49,512 [000602bb-62cb-4174-b1e5-e32eb992284f@group-66BCF67E946B-FollowerState] INFO  server.RaftServer$Division (RaftServerImpl.java:setRole(285)) - 000602bb-62cb-4174-b1e5-e32eb992284f@group-66BCF67E946B: changes role from  FOLLOWER to CANDIDATE at term 0 for changeToCandidate
2021-09-21 18:25:49,512 [000602bb-62cb-4174-b1e5-e32eb992284f@group-66BCF67E946B-FollowerState] INFO  server.RaftServerConfigKeys (ConfUtils.java:logGet(44)) - raft.server.leaderelection.pre-vote = false (custom)
2021-09-21 18:25:49,512 [000602bb-62cb-4174-b1e5-e32eb992284f@group-66BCF67E946B-FollowerState] INFO  impl.RoleInfo (RoleInfo.java:updateAndGet(130)) - 000602bb-62cb-4174-b1e5-e32eb992284f: start 000602bb-62cb-4174-b1e5-e32eb992284f@group-66BCF67E946B-LeaderElection7
2021-09-21 18:25:49,515 [000602bb-62cb-4174-b1e5-e32eb992284f@group-66BCF67E946B-LeaderElection7] INFO  impl.LeaderElection (LeaderElection.java:askForVotes(306)) - 000602bb-62cb-4174-b1e5-e32eb992284f@group-66BCF67E946B-LeaderElection7 ELECTION round 0: submit vote requests at term 1 for -1: [000602bb-62cb-4174-b1e5-e32eb992284f|rpc:10.1.0.27:39235|priority:1], old=null
2021-09-21 18:25:49,515 [000602bb-62cb-4174-b1e5-e32eb992284f@group-66BCF67E946B-LeaderElection7] INFO  impl.LeaderElection (LeaderElection.java:askForVotes(308)) - 000602bb-62cb-4174-b1e5-e32eb992284f@group-66BCF67E946B-LeaderElection7 ELECTION round 0: result PASSED (term=1)
2021-09-21 18:25:49,515 [000602bb-62cb-4174-b1e5-e32eb992284f@group-66BCF67E946B-LeaderElection7] INFO  impl.RoleInfo (RoleInfo.java:shutdownLeaderElection(121)) - 000602bb-62cb-4174-b1e5-e32eb992284f: shutdown 000602bb-62cb-4174-b1e5-e32eb992284f@group-66BCF67E946B-LeaderElection7
2021-09-21 18:25:49,515 [000602bb-62cb-4174-b1e5-e32eb992284f@group-66BCF67E946B-LeaderElection7] INFO  server.RaftServer$Division (RaftServerImpl.java:setRole(285)) - 000602bb-62cb-4174-b1e5-e32eb992284f@group-66BCF67E946B: changes role from CANDIDATE to LEADER at term 1 for changeToLeader
2021-09-21 18:25:49,516 [000602bb-62cb-4174-b1e5-e32eb992284f@group-66BCF67E946B-LeaderElection7] INFO  ratis.XceiverServerRatis (XceiverServerRatis.java:handleLeaderChangedNotification(860)) - Leader change notification received for group: group-66BCF67E946B with new leaderId: 000602bb-62cb-4174-b1e5-e32eb992284f
2021-09-21 18:25:49,516 [000602bb-62cb-4174-b1e5-e32eb992284f@group-66BCF67E946B-LeaderElection7] INFO  server.RaftServer$Division (ServerState.java:setLeader(285)) - 000602bb-62cb-4174-b1e5-e32eb992284f@group-66BCF67E946B: change Leader from null to 000602bb-62cb-4174-b1e5-e32eb992284f at term 1 for becomeLeader, leader elected after 5113ms
2021-09-21 18:25:49,516 [000602bb-62cb-4174-b1e5-e32eb992284f@group-66BCF67E946B-LeaderElection7] INFO  server.RaftServerConfigKeys (ConfUtils.java:logGet(44)) - raft.server.staging.catchup.gap = 1000 (default)
2021-09-21 18:25:49,516 [Datanode State Machine Thread - 0] WARN  statemachine.StateContext (StateContext.java:execute(621)) - No available thread in pool for past 1 seconds.
2021-09-21 18:25:49,516 [000602bb-62cb-4174-b1e5-e32eb992284f@group-66BCF67E946B-LeaderElection7] INFO  server.RaftServerConfigKeys (ConfUtils.java:logGet(44)) - raft.server.write.element-limit = 1024 (custom)
2021-09-21 18:25:49,516 [000602bb-62cb-4174-b1e5-e32eb992284f@group-66BCF67E946B-LeaderElection7] INFO  server.RaftServerConfigKeys (ConfUtils.java:logGet(44)) - raft.server.write.byte-limit = 1024 M (=1073741824) (custom)
2021-09-21 18:25:49,517 [000602bb-62cb-4174-b1e5-e32eb992284f@group-66BCF67E946B-LeaderElection7] INFO  server.RaftServerConfigKeys (ConfUtils.java:logGet(44)) - raft.server.watch.timeout = 3000ms (custom)
2021-09-21 18:25:49,517 [000602bb-62cb-4174-b1e5-e32eb992284f@group-66BCF67E946B-LeaderElection7] INFO  server.RaftServerConfigKeys (ConfUtils.java:logGet(44)) - raft.server.watch.timeout.denomination = 1s (default)
2021-09-21 18:25:49,517 [000602bb-62cb-4174-b1e5-e32eb992284f@group-66BCF67E946B-LeaderElection7] INFO  server.RaftServerConfigKeys (ConfUtils.java:logGet(44)) - raft.server.watch.element-limit = 65536 (default)
2021-09-21 18:25:49,517 [000602bb-62cb-4174-b1e5-e32eb992284f@group-66BCF67E946B-LeaderElection7] INFO  impl.RoleInfo (RoleInfo.java:updateAndGet(130)) - 000602bb-62cb-4174-b1e5-e32eb992284f: start 000602bb-62cb-4174-b1e5-e32eb992284f@group-66BCF67E946B-LeaderStateImpl
2021-09-21 18:25:49,517 [000602bb-62cb-4174-b1e5-e32eb992284f@group-66BCF67E946B-LeaderElection7] INFO  segmented.SegmentedRaftLogWorker (SegmentedRaftLogWorker.java:startLogSegment(394)) - 000602bb-62cb-4174-b1e5-e32eb992284f@group-66BCF67E946B-SegmentedRaftLogWorker: Starting segment from index:0
2021-09-21 18:25:49,518 [EventQueue-OpenPipelineForHealthyPipelineSafeModeRule] INFO  safemode.SCMSafeModeManager (HealthyPipelineSafeModeRule.java:process(124)) - SCM in safe mode. Healthy pipelines reported count is 0, required healthy pipeline reported count is 1
2021-09-21 18:25:49,519 [000602bb-62cb-4174-b1e5-e32eb992284f@group-66BCF67E946B-SegmentedRaftLogWorker] INFO  segmented.SegmentedRaftLogWorker (SegmentedRaftLogWorker.java:execute(601)) - 000602bb-62cb-4174-b1e5-e32eb992284f@group-66BCF67E946B-SegmentedRaftLogWorker: created new log segment /home/runner/work/ozone/ozone/hadoop-ozone/integration-test/target/test-dir/MiniOzoneClusterImpl-8dff45f7-6a4c-4a77-aa6d-4bab94871626/datanode-3/data/ratis/1c34d39f-0136-47b1-86a3-66bcf67e946b/current/log_inprogress_0
2021-09-21 18:25:49,521 [000602bb-62cb-4174-b1e5-e32eb992284f@group-66BCF67E946B-LeaderElection7] INFO  server.RaftServer$Division (ServerState.java:setRaftConf(387)) - 000602bb-62cb-4174-b1e5-e32eb992284f@group-66BCF67E946B: set configuration 0: [000602bb-62cb-4174-b1e5-e32eb992284f|rpc:10.1.0.27:39235|dataStream:|priority:1], old=null
2021-09-21 18:25:49,582 [000602bb-62cb-4174-b1e5-e32eb992284f@group-DF9194BC50DA-FollowerState] INFO  impl.FollowerState (FollowerState.java:run(134)) - 000602bb-62cb-4174-b1e5-e32eb992284f@group-DF9194BC50DA-FollowerState: change to CANDIDATE, lastRpcElapsedTime:5092788928ns, electionTimeout:5091ms
2021-09-21 18:25:49,583 [000602bb-62cb-4174-b1e5-e32eb992284f@group-DF9194BC50DA-FollowerState] INFO  impl.RoleInfo (RoleInfo.java:shutdownFollowerState(108)) - 000602bb-62cb-4174-b1e5-e32eb992284f: shutdown 000602bb-62cb-4174-b1e5-e32eb992284f@group-DF9194BC50DA-FollowerState
2021-09-21 18:25:49,583 [000602bb-62cb-4174-b1e5-e32eb992284f@group-DF9194BC50DA-FollowerState] INFO  server.RaftServer$Division (RaftServerImpl.java:setRole(285)) - 000602bb-62cb-4174-b1e5-e32eb992284f@group-DF9194BC50DA: changes role from  FOLLOWER to CANDIDATE at term 0 for changeToCandidate
2021-09-21 18:25:49,583 [000602bb-62cb-4174-b1e5-e32eb992284f@group-DF9194BC50DA-FollowerState] INFO  server.RaftServerConfigKeys (ConfUtils.java:logGet(44)) - raft.server.leaderelection.pre-vote = false (custom)
2021-09-21 18:25:49,583 [000602bb-62cb-4174-b1e5-e32eb992284f@group-DF9194BC50DA-FollowerState] INFO  impl.RoleInfo (RoleInfo.java:updateAndGet(130)) - 000602bb-62cb-4174-b1e5-e32eb992284f: start 000602bb-62cb-4174-b1e5-e32eb992284f@group-DF9194BC50DA-LeaderElection8
2021-09-21 18:25:49,586 [000602bb-62cb-4174-b1e5-e32eb992284f@group-DF9194BC50DA-LeaderElection8] INFO  impl.LeaderElection (LeaderElection.java:askForVotes(306)) - 000602bb-62cb-4174-b1e5-e32eb992284f@group-DF9194BC50DA-LeaderElection8 ELECTION round 0: submit vote requests at term 1 for -1: [6174554c-eda6-4ca8-a498-7acedbc2905d|rpc:10.1.0.27:43953|priority:0, 000602bb-62cb-4174-b1e5-e32eb992284f|rpc:10.1.0.27:39235|priority:1, 453ecb08-f079-4424-abb7-b5b860d98fa7|rpc:10.1.0.27:45375|priority:0], old=null
2021-09-21 18:25:49,606 [grpc-default-executor-0] INFO  server.RaftServer$Division (RaftServerImpl.java:requestVote(1043)) - 453ecb08-f079-4424-abb7-b5b860d98fa7@group-DF9194BC50DA: receive requestVote(ELECTION, 000602bb-62cb-4174-b1e5-e32eb992284f, group-DF9194BC50DA, 1, (t:0, i:0))
2021-09-21 18:25:49,606 [grpc-default-executor-0] INFO  impl.VoteContext (VoteContext.java:log(48)) - 453ecb08-f079-4424-abb7-b5b860d98fa7@group-DF9194BC50DA-FOLLOWER: accept ELECTION from 000602bb-62cb-4174-b1e5-e32eb992284f: our priority 0 <= candidate's priority 1
2021-09-21 18:25:49,606 [grpc-default-executor-0] INFO  server.RaftServer$Division (RaftServerImpl.java:setRole(285)) - 453ecb08-f079-4424-abb7-b5b860d98fa7@group-DF9194BC50DA: changes role from  FOLLOWER to FOLLOWER at term 1 for candidate:000602bb-62cb-4174-b1e5-e32eb992284f
2021-09-21 18:25:49,606 [grpc-default-executor-0] INFO  impl.RoleInfo (RoleInfo.java:shutdownFollowerState(108)) - 453ecb08-f079-4424-abb7-b5b860d98fa7: shutdown 453ecb08-f079-4424-abb7-b5b860d98fa7@group-DF9194BC50DA-FollowerState
2021-09-21 18:25:49,606 [grpc-default-executor-0] INFO  impl.RoleInfo (RoleInfo.java:updateAndGet(130)) - 453ecb08-f079-4424-abb7-b5b860d98fa7: start 453ecb08-f079-4424-abb7-b5b860d98fa7@group-DF9194BC50DA-FollowerState
2021-09-21 18:25:49,606 [453ecb08-f079-4424-abb7-b5b860d98fa7@group-DF9194BC50DA-FollowerState] INFO  impl.FollowerState (FollowerState.java:run(143)) - 453ecb08-f079-4424-abb7-b5b860d98fa7@group-DF9194BC50DA-FollowerState was interrupted: {}
java.lang.InterruptedException: sleep interrupted
	at java.lang.Thread.sleep(Native Method)
	at java.lang.Thread.sleep(Thread.java:340)
	at java.util.concurrent.TimeUnit.sleep(TimeUnit.java:386)
	at org.apache.ratis.util.TimeDuration.sleep(TimeDuration.java:324)
	at org.apache.ratis.util.TimeDuration.sleep(TimeDuration.java:309)
	at org.apache.ratis.server.impl.FollowerState.run(FollowerState.java:118)
2021-09-21 18:25:49,607 [grpc-default-executor-1] INFO  server.RaftServer$Division (RaftServerImpl.java:requestVote(1043)) - 6174554c-eda6-4ca8-a498-7acedbc2905d@group-DF9194BC50DA: receive requestVote(ELECTION, 000602bb-62cb-4174-b1e5-e32eb992284f, group-DF9194BC50DA, 1, (t:0, i:0))
2021-09-21 18:25:49,607 [grpc-default-executor-1] INFO  impl.VoteContext (VoteContext.java:log(48)) - 6174554c-eda6-4ca8-a498-7acedbc2905d@group-DF9194BC50DA-FOLLOWER: accept ELECTION from 000602bb-62cb-4174-b1e5-e32eb992284f: our priority 0 <= candidate's priority 1
2021-09-21 18:25:49,607 [grpc-default-executor-1] INFO  server.RaftServer$Division (RaftServerImpl.java:setRole(285)) - 6174554c-eda6-4ca8-a498-7acedbc2905d@group-DF9194BC50DA: changes role from  FOLLOWER to FOLLOWER at term 1 for candidate:000602bb-62cb-4174-b1e5-e32eb992284f
2021-09-21 18:25:49,607 [grpc-default-executor-1] INFO  impl.RoleInfo (RoleInfo.java:shutdownFollowerState(108)) - 6174554c-eda6-4ca8-a498-7acedbc2905d: shutdown 6174554c-eda6-4ca8-a498-7acedbc2905d@group-DF9194BC50DA-FollowerState
2021-09-21 18:25:49,608 [grpc-default-executor-1] INFO  impl.RoleInfo (RoleInfo.java:updateAndGet(130)) - 6174554c-eda6-4ca8-a498-7acedbc2905d: start 6174554c-eda6-4ca8-a498-7acedbc2905d@group-DF9194BC50DA-FollowerState
2021-09-21 18:25:49,608 [6174554c-eda6-4ca8-a498-7acedbc2905d@group-DF9194BC50DA-FollowerState] INFO  impl.FollowerState (FollowerState.java:run(143)) - 6174554c-eda6-4ca8-a498-7acedbc2905d@group-DF9194BC50DA-FollowerState was interrupted: {}
java.lang.InterruptedException: sleep interrupted
	at java.lang.Thread.sleep(Native Method)
	at java.lang.Thread.sleep(Thread.java:340)
	at java.util.concurrent.TimeUnit.sleep(TimeUnit.java:386)
	at org.apache.ratis.util.TimeDuration.sleep(TimeDuration.java:324)
	at org.apache.ratis.util.TimeDuration.sleep(TimeDuration.java:309)
	at org.apache.ratis.server.impl.FollowerState.run(FollowerState.java:118)
2021-09-21 18:25:49,614 [grpc-default-executor-0] INFO  server.RaftServer$Division (RaftServerImpl.java:requestVote(1075)) - 453ecb08-f079-4424-abb7-b5b860d98fa7@group-DF9194BC50DA replies to ELECTION vote request: 000602bb-62cb-4174-b1e5-e32eb992284f<-453ecb08-f079-4424-abb7-b5b860d98fa7#0:OK-t1. Peer's state: 453ecb08-f079-4424-abb7-b5b860d98fa7@group-DF9194BC50DA:t1, leader=null, voted=000602bb-62cb-4174-b1e5-e32eb992284f, raftlog=453ecb08-f079-4424-abb7-b5b860d98fa7@group-DF9194BC50DA-SegmentedRaftLog:OPENED:c-1,f-1,i0, conf=-1: [6174554c-eda6-4ca8-a498-7acedbc2905d|rpc:10.1.0.27:43953|dataStream:|priority:0, 000602bb-62cb-4174-b1e5-e32eb992284f|rpc:10.1.0.27:39235|dataStream:|priority:1, 453ecb08-f079-4424-abb7-b5b860d98fa7|rpc:10.1.0.27:45375|dataStream:|priority:0], old=null
2021-09-21 18:25:49,616 [grpc-default-executor-1] INFO  server.RaftServer$Division (RaftServerImpl.java:requestVote(1075)) - 6174554c-eda6-4ca8-a498-7acedbc2905d@group-DF9194BC50DA replies to ELECTION vote request: 000602bb-62cb-4174-b1e5-e32eb992284f<-6174554c-eda6-4ca8-a498-7acedbc2905d#0:OK-t1. Peer's state: 6174554c-eda6-4ca8-a498-7acedbc2905d@group-DF9194BC50DA:t1, leader=null, voted=000602bb-62cb-4174-b1e5-e32eb992284f, raftlog=6174554c-eda6-4ca8-a498-7acedbc2905d@group-DF9194BC50DA-SegmentedRaftLog:OPENED:c-1,f-1,i0, conf=-1: [6174554c-eda6-4ca8-a498-7acedbc2905d|rpc:10.1.0.27:43953|dataStream:|priority:0, 000602bb-62cb-4174-b1e5-e32eb992284f|rpc:10.1.0.27:39235|dataStream:|priority:1, 453ecb08-f079-4424-abb7-b5b860d98fa7|rpc:10.1.0.27:45375|dataStream:|priority:0], old=null
2021-09-21 18:25:49,617 [000602bb-62cb-4174-b1e5-e32eb992284f@group-DF9194BC50DA-LeaderElection8] INFO  impl.LeaderElection (LeaderElection.java:logAndReturn(89)) - 000602bb-62cb-4174-b1e5-e32eb992284f@group-DF9194BC50DA-LeaderElection8: ELECTION PASSED received 1 response(s) and 0 exception(s):
2021-09-21 18:25:49,617 [000602bb-62cb-4174-b1e5-e32eb992284f@group-DF9194BC50DA-LeaderElection8] INFO  impl.LeaderElection (LeaderElection.java:logAndReturn(93)) -   Response 0: 000602bb-62cb-4174-b1e5-e32eb992284f<-453ecb08-f079-4424-abb7-b5b860d98fa7#0:OK-t1
2021-09-21 18:25:49,617 [000602bb-62cb-4174-b1e5-e32eb992284f@group-DF9194BC50DA-LeaderElection8] INFO  impl.LeaderElection (LeaderElection.java:askForVotes(308)) - 000602bb-62cb-4174-b1e5-e32eb992284f@group-DF9194BC50DA-LeaderElection8 ELECTION round 0: result PASSED
2021-09-21 18:25:49,618 [000602bb-62cb-4174-b1e5-e32eb992284f@group-DF9194BC50DA-LeaderElection8] INFO  impl.RoleInfo (RoleInfo.java:shutdownLeaderElection(121)) - 000602bb-62cb-4174-b1e5-e32eb992284f: shutdown 000602bb-62cb-4174-b1e5-e32eb992284f@group-DF9194BC50DA-LeaderElection8
2021-09-21 18:25:49,621 [000602bb-62cb-4174-b1e5-e32eb992284f@group-DF9194BC50DA-LeaderElection8] INFO  server.RaftServer$Division (RaftServerImpl.java:setRole(285)) - 000602bb-62cb-4174-b1e5-e32eb992284f@group-DF9194BC50DA: changes role from CANDIDATE to LEADER at term 1 for changeToLeader
2021-09-21 18:25:49,622 [000602bb-62cb-4174-b1e5-e32eb992284f@group-DF9194BC50DA-LeaderElection8] INFO  ratis.XceiverServerRatis (XceiverServerRatis.java:handleLeaderChangedNotification(860)) - Leader change notification received for group: group-DF9194BC50DA with new leaderId: 000602bb-62cb-4174-b1e5-e32eb992284f
2021-09-21 18:25:49,622 [000602bb-62cb-4174-b1e5-e32eb992284f@group-DF9194BC50DA-LeaderElection8] INFO  server.RaftServer$Division (ServerState.java:setLeader(285)) - 000602bb-62cb-4174-b1e5-e32eb992284f@group-DF9194BC50DA: change Leader from null to 000602bb-62cb-4174-b1e5-e32eb992284f at term 1 for becomeLeader, leader elected after 5171ms
2021-09-21 18:25:49,622 [000602bb-62cb-4174-b1e5-e32eb992284f@group-DF9194BC50DA-LeaderElection8] INFO  server.RaftServerConfigKeys (ConfUtils.java:logGet(44)) - raft.server.staging.catchup.gap = 1000 (default)
2021-09-21 18:25:49,623 [000602bb-62cb-4174-b1e5-e32eb992284f@group-DF9194BC50DA-LeaderElection8] INFO  server.RaftServerConfigKeys (ConfUtils.java:logGet(44)) - raft.server.write.element-limit = 1024 (custom)
2021-09-21 18:25:49,623 [000602bb-62cb-4174-b1e5-e32eb992284f@group-DF9194BC50DA-LeaderElection8] INFO  server.RaftServerConfigKeys (ConfUtils.java:logGet(44)) - raft.server.write.byte-limit = 1024 M (=1073741824) (custom)
2021-09-21 18:25:49,623 [000602bb-62cb-4174-b1e5-e32eb992284f@group-DF9194BC50DA-LeaderElection8] INFO  server.RaftServerConfigKeys (ConfUtils.java:logGet(44)) - raft.server.watch.timeout = 3000ms (custom)
2021-09-21 18:25:49,623 [000602bb-62cb-4174-b1e5-e32eb992284f@group-DF9194BC50DA-LeaderElection8] INFO  server.RaftServerConfigKeys (ConfUtils.java:logGet(44)) - raft.server.watch.timeout.denomination = 1s (default)
2021-09-21 18:25:49,623 [000602bb-62cb-4174-b1e5-e32eb992284f@group-DF9194BC50DA-LeaderElection8] INFO  server.RaftServerConfigKeys (ConfUtils.java:logGet(44)) - raft.server.watch.element-limit = 65536 (default)
2021-09-21 18:25:49,627 [Datanode State Machine Thread - 0] WARN  statemachine.StateContext (StateContext.java:execute(621)) - No available thread in pool for past 1 seconds.
2021-09-21 18:25:49,633 [EventQueue-PipelineReportForPipelineReportHandler] INFO  pipeline.PipelineManagerImpl (PipelineManagerImpl.java:openPipeline(282)) - Pipeline Pipeline[ Id: 3a97cb87-08b0-4d45-b12e-df9194bc50da, Nodes: 000602bb-62cb-4174-b1e5-e32eb992284f{ip: 10.1.0.27, host: fv-az122-453.zf1tlrj3kn4expqppa1j4mpycf.xx.internal.cloudapp.net, ports: [REPLICATION=38231, RATIS=39235, RATIS_ADMIN=39235, RATIS_SERVER=39235, STANDALONE=33401], networkLocation: /default-rack, certSerialId: null, persistedOpState: IN_SERVICE, persistedOpStateExpiryEpochSec: 0}6174554c-eda6-4ca8-a498-7acedbc2905d{ip: 10.1.0.27, host: fv-az122-453.zf1tlrj3kn4expqppa1j4mpycf.xx.internal.cloudapp.net, ports: [REPLICATION=39077, RATIS=43953, RATIS_ADMIN=43953, RATIS_SERVER=43953, STANDALONE=38229], networkLocation: /default-rack, certSerialId: null, persistedOpState: IN_SERVICE, persistedOpStateExpiryEpochSec: 0}453ecb08-f079-4424-abb7-b5b860d98fa7{ip: 10.1.0.27, host: fv-az122-453.zf1tlrj3kn4expqppa1j4mpycf.xx.internal.cloudapp.net, ports: [REPLICATION=44591, RATIS=45375, RATIS_ADMIN=45375, RATIS_SERVER=45375, STANDALONE=33283], networkLocation: /default-rack, certSerialId: null, persistedOpState: IN_SERVICE, persistedOpStateExpiryEpochSec: 0}, ReplicationConfig: RATIS/THREE, State:ALLOCATED, leaderId:000602bb-62cb-4174-b1e5-e32eb992284f, CreationTimestamp2021-09-21T18:25:41.832Z[Etc/UTC]] moved to OPEN state
2021-09-21 18:25:49,633 [EventQueue-OpenPipelineForHealthyPipelineSafeModeRule] INFO  safemode.SCMSafeModeManager (HealthyPipelineSafeModeRule.java:process(124)) - SCM in safe mode. Healthy pipelines reported count is 0, required healthy pipeline reported count is 1
2021-09-21 18:25:49,636 [EventQueue-OpenPipelineForHealthyPipelineSafeModeRule] INFO  safemode.SCMSafeModeManager (HealthyPipelineSafeModeRule.java:process(124)) - SCM in safe mode. Healthy pipelines reported count is 1, required healthy pipeline reported count is 1
2021-09-21 18:25:49,636 [EventQueue-OpenPipelineForHealthyPipelineSafeModeRule] INFO  safemode.SCMSafeModeManager (SCMSafeModeManager.java:validateSafeModeExitRules(204)) - HealthyPipelineSafeModeRule rule is successfully validated
2021-09-21 18:25:49,636 [EventQueue-OpenPipelineForHealthyPipelineSafeModeRule] INFO  safemode.SCMSafeModeManager (SCMSafeModeManager.java:validateSafeModeExitRules(219)) - ScmSafeModeManager, all rules are successfully validated
2021-09-21 18:25:49,636 [EventQueue-OpenPipelineForHealthyPipelineSafeModeRule] INFO  safemode.SCMSafeModeManager (SCMSafeModeManager.java:exitSafeMode(248)) - SCM exiting safe mode.
2021-09-21 18:25:49,637 [EventQueue-OpenPipelineForHealthyPipelineSafeModeRule] WARN  events.EventQueue (EventQueue.java:fireEvent(194)) - No event handler registered for event TypedEvent{payloadType=SafeModeStatus, name='Safe mode status'}
2021-09-21 18:25:49,637 [EventQueue-OpenPipelineForHealthyPipelineSafeModeRule] INFO  ha.SCMContext (SCMContext.java:updateSafeModeStatus(205)) - Update SafeModeStatus from SafeModeStatus{safeModeStatus=true, preCheckPassed=true} to SafeModeStatus{safeModeStatus=false, preCheckPassed=true}.
2021-09-21 18:25:49,637 [EventQueue-OpenPipelineForHealthyPipelineSafeModeRule] INFO  pipeline.BackgroundPipelineCreator (BackgroundPipelineCreatorV2.java:notifyStatusChanged(264)) - Service BackgroundPipelineCreator transitions to RUNNING.
2021-09-21 18:25:49,637 [EventQueue-OpenPipelineForHealthyPipelineSafeModeRule] INFO  container.ReplicationManager (ReplicationManager.java:notifyStatusChanged(1743)) - Service ReplicationManager transitions to RUNNING.
2021-09-21 18:25:49,639 [000602bb-62cb-4174-b1e5-e32eb992284f@group-DF9194BC50DA-LeaderElection8] INFO  server.RaftServerConfigKeys (ConfUtils.java:logGet(44)) - raft.server.log.appender.snapshot.chunk.size.max = 16MB (=16777216) (default)
2021-09-21 18:25:49,639 [000602bb-62cb-4174-b1e5-e32eb992284f@group-DF9194BC50DA-LeaderElection8] INFO  server.RaftServerConfigKeys (ConfUtils.java:logGet(44)) - raft.server.log.appender.buffer.byte-limit = 33554432 (custom)
2021-09-21 18:25:49,640 [000602bb-62cb-4174-b1e5-e32eb992284f@group-DF9194BC50DA-LeaderElection8] INFO  server.RaftServerConfigKeys (ConfUtils.java:logGet(44)) - raft.server.log.appender.buffer.element-limit = 1 (custom)
2021-09-21 18:25:49,643 [000602bb-62cb-4174-b1e5-e32eb992284f@group-DF9194BC50DA-LeaderElection8] INFO  grpc.GrpcConfigKeys (ConfUtils.java:logGet(44)) - raft.grpc.server.leader.outstanding.appends.max = 128 (default)
2021-09-21 18:25:49,643 [000602bb-62cb-4174-b1e5-e32eb992284f@group-DF9194BC50DA-LeaderElection8] INFO  server.RaftServerConfigKeys (ConfUtils.java:logGet(44)) - raft.server.rpc.request.timeout = 3000ms (default)
2021-09-21 18:25:49,643 [000602bb-62cb-4174-b1e5-e32eb992284f@group-DF9194BC50DA-LeaderElection8] INFO  server.RaftServerConfigKeys (ConfUtils.java:logGet(44)) - raft.server.log.appender.install.snapshot.enabled = false (custom)
2021-09-21 18:25:49,648 [000602bb-62cb-4174-b1e5-e32eb992284f@group-DF9194BC50DA-LeaderElection8] INFO  server.RaftServerConfigKeys (ConfUtils.java:logGet(44)) - raft.server.log.appender.snapshot.chunk.size.max = 16MB (=16777216) (default)
2021-09-21 18:25:49,648 [000602bb-62cb-4174-b1e5-e32eb992284f@group-DF9194BC50DA-LeaderElection8] INFO  server.RaftServerConfigKeys (ConfUtils.java:logGet(44)) - raft.server.log.appender.buffer.byte-limit = 33554432 (custom)
2021-09-21 18:25:49,648 [000602bb-62cb-4174-b1e5-e32eb992284f@group-DF9194BC50DA-LeaderElection8] INFO  server.RaftServerConfigKeys (ConfUtils.java:logGet(44)) - raft.server.log.appender.buffer.element-limit = 1 (custom)
2021-09-21 18:25:49,648 [000602bb-62cb-4174-b1e5-e32eb992284f@group-DF9194BC50DA-LeaderElection8] INFO  grpc.GrpcConfigKeys (ConfUtils.java:logGet(44)) - raft.grpc.server.leader.outstanding.appends.max = 128 (default)
2021-09-21 18:25:49,648 [000602bb-62cb-4174-b1e5-e32eb992284f@group-DF9194BC50DA-LeaderElection8] INFO  server.RaftServerConfigKeys (ConfUtils.java:logGet(44)) - raft.server.rpc.request.timeout = 3000ms (default)
2021-09-21 18:25:49,648 [000602bb-62cb-4174-b1e5-e32eb992284f@group-DF9194BC50DA-LeaderElection8] INFO  server.RaftServerConfigKeys (ConfUtils.java:logGet(44)) - raft.server.log.appender.install.snapshot.enabled = false (custom)
2021-09-21 18:25:49,650 [000602bb-62cb-4174-b1e5-e32eb992284f@group-DF9194BC50DA-LeaderElection8] INFO  impl.RoleInfo (RoleInfo.java:updateAndGet(130)) - 000602bb-62cb-4174-b1e5-e32eb992284f: start 000602bb-62cb-4174-b1e5-e32eb992284f@group-DF9194BC50DA-LeaderStateImpl
2021-09-21 18:25:49,650 [000602bb-62cb-4174-b1e5-e32eb992284f@group-DF9194BC50DA-LeaderElection8] INFO  segmented.SegmentedRaftLogWorker (SegmentedRaftLogWorker.java:startLogSegment(394)) - 000602bb-62cb-4174-b1e5-e32eb992284f@group-DF9194BC50DA-SegmentedRaftLogWorker: Starting segment from index:0
2021-09-21 18:25:49,652 [000602bb-62cb-4174-b1e5-e32eb992284f@group-DF9194BC50DA-SegmentedRaftLogWorker] INFO  segmented.SegmentedRaftLogWorker (SegmentedRaftLogWorker.java:execute(601)) - 000602bb-62cb-4174-b1e5-e32eb992284f@group-DF9194BC50DA-SegmentedRaftLogWorker: created new log segment /home/runner/work/ozone/ozone/hadoop-ozone/integration-test/target/test-dir/MiniOzoneClusterImpl-8dff45f7-6a4c-4a77-aa6d-4bab94871626/datanode-3/data/ratis/3a97cb87-08b0-4d45-b12e-df9194bc50da/current/log_inprogress_0
2021-09-21 18:25:49,657 [000602bb-62cb-4174-b1e5-e32eb992284f@group-DF9194BC50DA-LeaderElection8] INFO  server.RaftServer$Division (ServerState.java:setRaftConf(387)) - 000602bb-62cb-4174-b1e5-e32eb992284f@group-DF9194BC50DA: set configuration 0: [6174554c-eda6-4ca8-a498-7acedbc2905d|rpc:10.1.0.27:43953|dataStream:|priority:0, 000602bb-62cb-4174-b1e5-e32eb992284f|rpc:10.1.0.27:39235|dataStream:|priority:1, 453ecb08-f079-4424-abb7-b5b860d98fa7|rpc:10.1.0.27:45375|dataStream:|priority:0], old=null
2021-09-21 18:25:49,686 [grpc-default-executor-0] INFO  ratis.XceiverServerRatis (XceiverServerRatis.java:handleLeaderChangedNotification(860)) - Leader change notification received for group: group-DF9194BC50DA with new leaderId: 000602bb-62cb-4174-b1e5-e32eb992284f
2021-09-21 18:25:49,686 [grpc-default-executor-0] INFO  server.RaftServer$Division (ServerState.java:setLeader(285)) - 453ecb08-f079-4424-abb7-b5b860d98fa7@group-DF9194BC50DA: change Leader from null to 000602bb-62cb-4174-b1e5-e32eb992284f at term 1 for appendEntries, leader elected after 4973ms
2021-09-21 18:25:49,692 [grpc-default-executor-2] INFO  ratis.XceiverServerRatis (XceiverServerRatis.java:handleLeaderChangedNotification(860)) - Leader change notification received for group: group-DF9194BC50DA with new leaderId: 000602bb-62cb-4174-b1e5-e32eb992284f
2021-09-21 18:25:49,693 [grpc-default-executor-2] INFO  server.RaftServer$Division (ServerState.java:setLeader(285)) - 6174554c-eda6-4ca8-a498-7acedbc2905d@group-DF9194BC50DA: change Leader from null to 000602bb-62cb-4174-b1e5-e32eb992284f at term 1 for appendEntries, leader elected after 5143ms
2021-09-21 18:25:49,705 [grpc-default-executor-2] INFO  server.RaftServer$Division (ServerState.java:setRaftConf(387)) - 6174554c-eda6-4ca8-a498-7acedbc2905d@group-DF9194BC50DA: set configuration 0: [6174554c-eda6-4ca8-a498-7acedbc2905d|rpc:10.1.0.27:43953|dataStream:|priority:0, 000602bb-62cb-4174-b1e5-e32eb992284f|rpc:10.1.0.27:39235|dataStream:|priority:1, 453ecb08-f079-4424-abb7-b5b860d98fa7|rpc:10.1.0.27:45375|dataStream:|priority:0], old=null
2021-09-21 18:25:49,712 [grpc-default-executor-2] INFO  segmented.SegmentedRaftLogWorker (SegmentedRaftLogWorker.java:startLogSegment(394)) - 6174554c-eda6-4ca8-a498-7acedbc2905d@group-DF9194BC50DA-SegmentedRaftLogWorker: Starting segment from index:0
2021-09-21 18:25:49,714 [6174554c-eda6-4ca8-a498-7acedbc2905d@group-DF9194BC50DA-SegmentedRaftLogWorker] INFO  segmented.SegmentedRaftLogWorker (SegmentedRaftLogWorker.java:execute(601)) - 6174554c-eda6-4ca8-a498-7acedbc2905d@group-DF9194BC50DA-SegmentedRaftLogWorker: created new log segment /home/runner/work/ozone/ozone/hadoop-ozone/integration-test/target/test-dir/MiniOzoneClusterImpl-8dff45f7-6a4c-4a77-aa6d-4bab94871626/datanode-4/data/ratis/3a97cb87-08b0-4d45-b12e-df9194bc50da/current/log_inprogress_0
2021-09-21 18:25:49,717 [grpc-default-executor-0] INFO  server.RaftServer$Division (ServerState.java:setRaftConf(387)) - 453ecb08-f079-4424-abb7-b5b860d98fa7@group-DF9194BC50DA: set configuration 0: [6174554c-eda6-4ca8-a498-7acedbc2905d|rpc:10.1.0.27:43953|dataStream:|priority:0, 000602bb-62cb-4174-b1e5-e32eb992284f|rpc:10.1.0.27:39235|dataStream:|priority:1, 453ecb08-f079-4424-abb7-b5b860d98fa7|rpc:10.1.0.27:45375|dataStream:|priority:0], old=null
2021-09-21 18:25:49,718 [grpc-default-executor-0] INFO  segmented.SegmentedRaftLogWorker (SegmentedRaftLogWorker.java:startLogSegment(394)) - 453ecb08-f079-4424-abb7-b5b860d98fa7@group-DF9194BC50DA-SegmentedRaftLogWorker: Starting segment from index:0
2021-09-21 18:25:49,719 [453ecb08-f079-4424-abb7-b5b860d98fa7@group-DF9194BC50DA-SegmentedRaftLogWorker] INFO  segmented.SegmentedRaftLogWorker (SegmentedRaftLogWorker.java:execute(601)) - 453ecb08-f079-4424-abb7-b5b860d98fa7@group-DF9194BC50DA-SegmentedRaftLogWorker: created new log segment /home/runner/work/ozone/ozone/hadoop-ozone/integration-test/target/test-dir/MiniOzoneClusterImpl-8dff45f7-6a4c-4a77-aa6d-4bab94871626/datanode-5/data/ratis/3a97cb87-08b0-4d45-b12e-df9194bc50da/current/log_inprogress_0
2021-09-21 18:25:49,720 [6174554c-eda6-4ca8-a498-7acedbc2905d@group-741C39338E1F-FollowerState] INFO  impl.FollowerState (FollowerState.java:run(134)) - 6174554c-eda6-4ca8-a498-7acedbc2905d@group-741C39338E1F-FollowerState: change to CANDIDATE, lastRpcElapsedTime:5084820856ns, electionTimeout:5081ms
2021-09-21 18:25:49,720 [6174554c-eda6-4ca8-a498-7acedbc2905d@group-741C39338E1F-FollowerState] INFO  impl.RoleInfo (RoleInfo.java:shutdownFollowerState(108)) - 6174554c-eda6-4ca8-a498-7acedbc2905d: shutdown 6174554c-eda6-4ca8-a498-7acedbc2905d@group-741C39338E1F-FollowerState
2021-09-21 18:25:49,720 [6174554c-eda6-4ca8-a498-7acedbc2905d@group-741C39338E1F-FollowerState] INFO  server.RaftServer$Division (RaftServerImpl.java:setRole(285)) - 6174554c-eda6-4ca8-a498-7acedbc2905d@group-741C39338E1F: changes role from  FOLLOWER to CANDIDATE at term 0 for changeToCandidate
2021-09-21 18:25:49,721 [6174554c-eda6-4ca8-a498-7acedbc2905d@group-741C39338E1F-FollowerState] INFO  server.RaftServerConfigKeys (ConfUtils.java:logGet(44)) - raft.server.leaderelection.pre-vote = false (custom)
2021-09-21 18:25:49,721 [6174554c-eda6-4ca8-a498-7acedbc2905d@group-741C39338E1F-FollowerState] INFO  impl.RoleInfo (RoleInfo.java:updateAndGet(130)) - 6174554c-eda6-4ca8-a498-7acedbc2905d: start 6174554c-eda6-4ca8-a498-7acedbc2905d@group-741C39338E1F-LeaderElection9
2021-09-21 18:25:49,730 [6174554c-eda6-4ca8-a498-7acedbc2905d@group-2FE6C912F1A7-FollowerState] INFO  impl.FollowerState (FollowerState.java:run(134)) - 6174554c-eda6-4ca8-a498-7acedbc2905d@group-2FE6C912F1A7-FollowerState: change to CANDIDATE, lastRpcElapsedTime:5046266989ns, electionTimeout:5040ms
2021-09-21 18:25:49,730 [6174554c-eda6-4ca8-a498-7acedbc2905d@group-2FE6C912F1A7-FollowerState] INFO  impl.RoleInfo (RoleInfo.java:shutdownFollowerState(108)) - 6174554c-eda6-4ca8-a498-7acedbc2905d: shutdown 6174554c-eda6-4ca8-a498-7acedbc2905d@group-2FE6C912F1A7-FollowerState
2021-09-21 18:25:49,730 [6174554c-eda6-4ca8-a498-7acedbc2905d@group-2FE6C912F1A7-FollowerState] INFO  server.RaftServer$Division (RaftServerImpl.java:setRole(285)) - 6174554c-eda6-4ca8-a498-7acedbc2905d@group-2FE6C912F1A7: changes role from  FOLLOWER to CANDIDATE at term 0 for changeToCandidate
2021-09-21 18:25:49,730 [6174554c-eda6-4ca8-a498-7acedbc2905d@group-2FE6C912F1A7-FollowerState] INFO  server.RaftServerConfigKeys (ConfUtils.java:logGet(44)) - raft.server.leaderelection.pre-vote = false (custom)
2021-09-21 18:25:49,730 [6174554c-eda6-4ca8-a498-7acedbc2905d@group-2FE6C912F1A7-FollowerState] INFO  impl.RoleInfo (RoleInfo.java:updateAndGet(130)) - 6174554c-eda6-4ca8-a498-7acedbc2905d: start 6174554c-eda6-4ca8-a498-7acedbc2905d@group-2FE6C912F1A7-LeaderElection10
2021-09-21 18:25:49,737 [6174554c-eda6-4ca8-a498-7acedbc2905d@group-741C39338E1F-LeaderElection9] INFO  impl.LeaderElection (LeaderElection.java:askForVotes(306)) - 6174554c-eda6-4ca8-a498-7acedbc2905d@group-741C39338E1F-LeaderElection9 ELECTION round 0: submit vote requests at term 1 for -1: [6174554c-eda6-4ca8-a498-7acedbc2905d|rpc:10.1.0.27:43953|priority:1], old=null
2021-09-21 18:25:49,737 [6174554c-eda6-4ca8-a498-7acedbc2905d@group-741C39338E1F-LeaderElection9] INFO  impl.LeaderElection (LeaderElection.java:askForVotes(308)) - 6174554c-eda6-4ca8-a498-7acedbc2905d@group-741C39338E1F-LeaderElection9 ELECTION round 0: result PASSED (term=1)
2021-09-21 18:25:49,737 [6174554c-eda6-4ca8-a498-7acedbc2905d@group-741C39338E1F-LeaderElection9] INFO  impl.RoleInfo (RoleInfo.java:shutdownLeaderElection(121)) - 6174554c-eda6-4ca8-a498-7acedbc2905d: shutdown 6174554c-eda6-4ca8-a498-7acedbc2905d@group-741C39338E1F-LeaderElection9
2021-09-21 18:25:49,737 [6174554c-eda6-4ca8-a498-7acedbc2905d@group-741C39338E1F-LeaderElection9] INFO  server.RaftServer$Division (RaftServerImpl.java:setRole(285)) - 6174554c-eda6-4ca8-a498-7acedbc2905d@group-741C39338E1F: changes role from CANDIDATE to LEADER at term 1 for changeToLeader
2021-09-21 18:25:49,737 [6174554c-eda6-4ca8-a498-7acedbc2905d@group-741C39338E1F-LeaderElection9] INFO  ratis.XceiverServerRatis (XceiverServerRatis.java:handleLeaderChangedNotification(860)) - Leader change notification received for group: group-741C39338E1F with new leaderId: 6174554c-eda6-4ca8-a498-7acedbc2905d
2021-09-21 18:25:49,737 [6174554c-eda6-4ca8-a498-7acedbc2905d@group-741C39338E1F-LeaderElection9] INFO  server.RaftServer$Division (ServerState.java:setLeader(285)) - 6174554c-eda6-4ca8-a498-7acedbc2905d@group-741C39338E1F: change Leader from null to 6174554c-eda6-4ca8-a498-7acedbc2905d at term 1 for becomeLeader, leader elected after 5130ms
2021-09-21 18:25:49,737 [6174554c-eda6-4ca8-a498-7acedbc2905d@group-741C39338E1F-LeaderElection9] INFO  server.RaftServerConfigKeys (ConfUtils.java:logGet(44)) - raft.server.staging.catchup.gap = 1000 (default)
2021-09-21 18:25:49,738 [Datanode State Machine Thread - 0] WARN  statemachine.StateContext (StateContext.java:execute(621)) - No available thread in pool for past 1 seconds.
2021-09-21 18:25:49,738 [6174554c-eda6-4ca8-a498-7acedbc2905d@group-741C39338E1F-LeaderElection9] INFO  server.RaftServerConfigKeys (ConfUtils.java:logGet(44)) - raft.server.write.element-limit = 1024 (custom)
2021-09-21 18:25:49,738 [6174554c-eda6-4ca8-a498-7acedbc2905d@group-741C39338E1F-LeaderElection9] INFO  server.RaftServerConfigKeys (ConfUtils.java:logGet(44)) - raft.server.write.byte-limit = 1024 M (=1073741824) (custom)
2021-09-21 18:25:49,738 [6174554c-eda6-4ca8-a498-7acedbc2905d@group-741C39338E1F-LeaderElection9] INFO  server.RaftServerConfigKeys (ConfUtils.java:logGet(44)) - raft.server.watch.timeout = 3000ms (custom)
2021-09-21 18:25:49,738 [6174554c-eda6-4ca8-a498-7acedbc2905d@group-741C39338E1F-LeaderElection9] INFO  server.RaftServerConfigKeys (ConfUtils.java:logGet(44)) - raft.server.watch.timeout.denomination = 1s (default)
2021-09-21 18:25:49,739 [6174554c-eda6-4ca8-a498-7acedbc2905d@group-741C39338E1F-LeaderElection9] INFO  server.RaftServerConfigKeys (ConfUtils.java:logGet(44)) - raft.server.watch.element-limit = 65536 (default)
2021-09-21 18:25:49,739 [6174554c-eda6-4ca8-a498-7acedbc2905d@group-741C39338E1F-LeaderElection9] INFO  impl.RoleInfo (RoleInfo.java:updateAndGet(130)) - 6174554c-eda6-4ca8-a498-7acedbc2905d: start 6174554c-eda6-4ca8-a498-7acedbc2905d@group-741C39338E1F-LeaderStateImpl
2021-09-21 18:25:49,740 [6174554c-eda6-4ca8-a498-7acedbc2905d@group-741C39338E1F-LeaderElection9] INFO  segmented.SegmentedRaftLogWorker (SegmentedRaftLogWorker.java:startLogSegment(394)) - 6174554c-eda6-4ca8-a498-7acedbc2905d@group-741C39338E1F-SegmentedRaftLogWorker: Starting segment from index:0
2021-09-21 18:25:49,740 [6174554c-eda6-4ca8-a498-7acedbc2905d@group-2FE6C912F1A7-LeaderElection10] INFO  impl.LeaderElection (LeaderElection.java:askForVotes(306)) - 6174554c-eda6-4ca8-a498-7acedbc2905d@group-2FE6C912F1A7-LeaderElection10 ELECTION round 0: submit vote requests at term 1 for -1: [6174554c-eda6-4ca8-a498-7acedbc2905d|rpc:10.1.0.27:43953|priority:0, 453ecb08-f079-4424-abb7-b5b860d98fa7|rpc:10.1.0.27:45375|priority:1, 000602bb-62cb-4174-b1e5-e32eb992284f|rpc:10.1.0.27:39235|priority:0], old=null
2021-09-21 18:25:49,742 [6174554c-eda6-4ca8-a498-7acedbc2905d@group-741C39338E1F-SegmentedRaftLogWorker] INFO  segmented.SegmentedRaftLogWorker (SegmentedRaftLogWorker.java:execute(601)) - 6174554c-eda6-4ca8-a498-7acedbc2905d@group-741C39338E1F-SegmentedRaftLogWorker: created new log segment /home/runner/work/ozone/ozone/hadoop-ozone/integration-test/target/test-dir/MiniOzoneClusterImpl-8dff45f7-6a4c-4a77-aa6d-4bab94871626/datanode-4/data/ratis/3495a40f-b9dc-4f24-95a2-741c39338e1f/current/log_inprogress_0
2021-09-21 18:25:49,759 [6174554c-eda6-4ca8-a498-7acedbc2905d@group-741C39338E1F-LeaderElection9] INFO  server.RaftServer$Division (ServerState.java:setRaftConf(387)) - 6174554c-eda6-4ca8-a498-7acedbc2905d@group-741C39338E1F: set configuration 0: [6174554c-eda6-4ca8-a498-7acedbc2905d|rpc:10.1.0.27:43953|dataStream:|priority:1], old=null
2021-09-21 18:25:49,759 [grpc-default-executor-0] INFO  server.RaftServer$Division (RaftServerImpl.java:requestVote(1043)) - 453ecb08-f079-4424-abb7-b5b860d98fa7@group-2FE6C912F1A7: receive requestVote(ELECTION, 6174554c-eda6-4ca8-a498-7acedbc2905d, group-2FE6C912F1A7, 1, (t:0, i:0))
2021-09-21 18:25:49,760 [grpc-default-executor-0] INFO  impl.VoteContext (VoteContext.java:log(48)) - 453ecb08-f079-4424-abb7-b5b860d98fa7@group-2FE6C912F1A7-FOLLOWER: reject ELECTION from 6174554c-eda6-4ca8-a498-7acedbc2905d: our priority 1 > candidate's priority 0
2021-09-21 18:25:49,760 [grpc-default-executor-0] INFO  server.RaftServer$Division (RaftServerImpl.java:setRole(285)) - 453ecb08-f079-4424-abb7-b5b860d98fa7@group-2FE6C912F1A7: changes role from  FOLLOWER to FOLLOWER at term 1 for candidate:6174554c-eda6-4ca8-a498-7acedbc2905d
2021-09-21 18:25:49,760 [grpc-default-executor-0] INFO  impl.RoleInfo (RoleInfo.java:shutdownFollowerState(108)) - 453ecb08-f079-4424-abb7-b5b860d98fa7: shutdown 453ecb08-f079-4424-abb7-b5b860d98fa7@group-2FE6C912F1A7-FollowerState
2021-09-21 18:25:49,760 [grpc-default-executor-0] INFO  impl.RoleInfo (RoleInfo.java:updateAndGet(130)) - 453ecb08-f079-4424-abb7-b5b860d98fa7: start 453ecb08-f079-4424-abb7-b5b860d98fa7@group-2FE6C912F1A7-FollowerState
2021-09-21 18:25:49,760 [453ecb08-f079-4424-abb7-b5b860d98fa7@group-2FE6C912F1A7-FollowerState] INFO  impl.FollowerState (FollowerState.java:run(143)) - 453ecb08-f079-4424-abb7-b5b860d98fa7@group-2FE6C912F1A7-FollowerState was interrupted: {}
java.lang.InterruptedException: sleep interrupted
	at java.lang.Thread.sleep(Native Method)
	at java.lang.Thread.sleep(Thread.java:340)
	at java.util.concurrent.TimeUnit.sleep(TimeUnit.java:386)
	at org.apache.ratis.util.TimeDuration.sleep(TimeDuration.java:324)
	at org.apache.ratis.util.TimeDuration.sleep(TimeDuration.java:309)
	at org.apache.ratis.server.impl.FollowerState.run(FollowerState.java:118)
2021-09-21 18:25:49,762 [grpc-default-executor-0] INFO  server.RaftServer$Division (RaftServerImpl.java:requestVote(1075)) - 453ecb08-f079-4424-abb7-b5b860d98fa7@group-2FE6C912F1A7 replies to ELECTION vote request: 6174554c-eda6-4ca8-a498-7acedbc2905d<-453ecb08-f079-4424-abb7-b5b860d98fa7#0:FAIL-t1. Peer's state: 453ecb08-f079-4424-abb7-b5b860d98fa7@group-2FE6C912F1A7:t1, leader=null, voted=null, raftlog=453ecb08-f079-4424-abb7-b5b860d98fa7@group-2FE6C912F1A7-SegmentedRaftLog:OPENED:c-1,f-1,i0, conf=-1: [6174554c-eda6-4ca8-a498-7acedbc2905d|rpc:10.1.0.27:43953|dataStream:|priority:0, 453ecb08-f079-4424-abb7-b5b860d98fa7|rpc:10.1.0.27:45375|dataStream:|priority:1, 000602bb-62cb-4174-b1e5-e32eb992284f|rpc:10.1.0.27:39235|dataStream:|priority:0], old=null
2021-09-21 18:25:49,764 [6174554c-eda6-4ca8-a498-7acedbc2905d@group-2FE6C912F1A7-LeaderElection10] INFO  impl.LeaderElection (LeaderElection.java:logAndReturn(89)) - 6174554c-eda6-4ca8-a498-7acedbc2905d@group-2FE6C912F1A7-LeaderElection10: ELECTION REJECTED received 1 response(s) and 0 exception(s):
2021-09-21 18:25:49,765 [6174554c-eda6-4ca8-a498-7acedbc2905d@group-2FE6C912F1A7-LeaderElection10] INFO  impl.LeaderElection (LeaderElection.java:logAndReturn(93)) -   Response 0: 6174554c-eda6-4ca8-a498-7acedbc2905d<-453ecb08-f079-4424-abb7-b5b860d98fa7#0:FAIL-t1
2021-09-21 18:25:49,765 [6174554c-eda6-4ca8-a498-7acedbc2905d@group-2FE6C912F1A7-LeaderElection10] INFO  impl.LeaderElection (LeaderElection.java:askForVotes(308)) - 6174554c-eda6-4ca8-a498-7acedbc2905d@group-2FE6C912F1A7-LeaderElection10 ELECTION round 0: result REJECTED
2021-09-21 18:25:49,765 [6174554c-eda6-4ca8-a498-7acedbc2905d@group-2FE6C912F1A7-LeaderElection10] INFO  server.RaftServer$Division (RaftServerImpl.java:setRole(285)) - 6174554c-eda6-4ca8-a498-7acedbc2905d@group-2FE6C912F1A7: changes role from CANDIDATE to FOLLOWER at term 1 for REJECTED
2021-09-21 18:25:49,765 [6174554c-eda6-4ca8-a498-7acedbc2905d@group-2FE6C912F1A7-LeaderElection10] INFO  impl.RoleInfo (RoleInfo.java:shutdownLeaderElection(121)) - 6174554c-eda6-4ca8-a498-7acedbc2905d: shutdown 6174554c-eda6-4ca8-a498-7acedbc2905d@group-2FE6C912F1A7-LeaderElection10
2021-09-21 18:25:49,765 [6174554c-eda6-4ca8-a498-7acedbc2905d@group-2FE6C912F1A7-LeaderElection10] INFO  impl.RoleInfo (RoleInfo.java:updateAndGet(130)) - 6174554c-eda6-4ca8-a498-7acedbc2905d: start 6174554c-eda6-4ca8-a498-7acedbc2905d@group-2FE6C912F1A7-FollowerState
2021-09-21 18:25:49,771 [grpc-default-executor-3] INFO  server.RaftServer$Division (RaftServerImpl.java:requestVote(1043)) - 000602bb-62cb-4174-b1e5-e32eb992284f@group-2FE6C912F1A7: receive requestVote(ELECTION, 6174554c-eda6-4ca8-a498-7acedbc2905d, group-2FE6C912F1A7, 1, (t:0, i:0))
2021-09-21 18:25:49,771 [grpc-default-executor-3] INFO  impl.VoteContext (VoteContext.java:log(48)) - 000602bb-62cb-4174-b1e5-e32eb992284f@group-2FE6C912F1A7-FOLLOWER: accept ELECTION from 6174554c-eda6-4ca8-a498-7acedbc2905d: our priority 0 <= candidate's priority 0
2021-09-21 18:25:49,771 [grpc-default-executor-3] INFO  server.RaftServer$Division (RaftServerImpl.java:setRole(285)) - 000602bb-62cb-4174-b1e5-e32eb992284f@group-2FE6C912F1A7: changes role from  FOLLOWER to FOLLOWER at term 1 for candidate:6174554c-eda6-4ca8-a498-7acedbc2905d
2021-09-21 18:25:49,772 [grpc-default-executor-3] INFO  impl.RoleInfo (RoleInfo.java:shutdownFollowerState(108)) - 000602bb-62cb-4174-b1e5-e32eb992284f: shutdown 000602bb-62cb-4174-b1e5-e32eb992284f@group-2FE6C912F1A7-FollowerState
2021-09-21 18:25:49,772 [grpc-default-executor-3] INFO  impl.RoleInfo (RoleInfo.java:updateAndGet(130)) - 000602bb-62cb-4174-b1e5-e32eb992284f: start 000602bb-62cb-4174-b1e5-e32eb992284f@group-2FE6C912F1A7-FollowerState
2021-09-21 18:25:49,772 [000602bb-62cb-4174-b1e5-e32eb992284f@group-2FE6C912F1A7-FollowerState] INFO  impl.FollowerState (FollowerState.java:run(143)) - 000602bb-62cb-4174-b1e5-e32eb992284f@group-2FE6C912F1A7-FollowerState was interrupted: {}
java.lang.InterruptedException: sleep interrupted
	at java.lang.Thread.sleep(Native Method)
	at java.lang.Thread.sleep(Thread.java:340)
	at java.util.concurrent.TimeUnit.sleep(TimeUnit.java:386)
	at org.apache.ratis.util.TimeDuration.sleep(TimeDuration.java:324)
	at org.apache.ratis.util.TimeDuration.sleep(TimeDuration.java:309)
	at org.apache.ratis.server.impl.FollowerState.run(FollowerState.java:118)
2021-09-21 18:25:49,778 [grpc-default-executor-3] INFO  server.RaftServer$Division (RaftServerImpl.java:requestVote(1075)) - 000602bb-62cb-4174-b1e5-e32eb992284f@group-2FE6C912F1A7 replies to ELECTION vote request: 6174554c-eda6-4ca8-a498-7acedbc2905d<-000602bb-62cb-4174-b1e5-e32eb992284f#0:OK-t1. Peer's state: 000602bb-62cb-4174-b1e5-e32eb992284f@group-2FE6C912F1A7:t1, leader=null, voted=6174554c-eda6-4ca8-a498-7acedbc2905d, raftlog=000602bb-62cb-4174-b1e5-e32eb992284f@group-2FE6C912F1A7-SegmentedRaftLog:OPENED:c-1,f-1,i0, conf=-1: [6174554c-eda6-4ca8-a498-7acedbc2905d|rpc:10.1.0.27:43953|priority:0, 453ecb08-f079-4424-abb7-b5b860d98fa7|rpc:10.1.0.27:45375|priority:1, 000602bb-62cb-4174-b1e5-e32eb992284f|rpc:10.1.0.27:39235|priority:0], old=null
2021-09-21 18:25:49,979 [453ecb08-f079-4424-abb7-b5b860d98fa7@group-0FBDD5F58AC2-FollowerState] INFO  impl.FollowerState (FollowerState.java:run(134)) - 453ecb08-f079-4424-abb7-b5b860d98fa7@group-0FBDD5F58AC2-FollowerState: change to CANDIDATE, lastRpcElapsedTime:5122212333ns, electionTimeout:5112ms
2021-09-21 18:25:49,980 [453ecb08-f079-4424-abb7-b5b860d98fa7@group-0FBDD5F58AC2-FollowerState] INFO  impl.RoleInfo (RoleInfo.java:shutdownFollowerState(108)) - 453ecb08-f079-4424-abb7-b5b860d98fa7: shutdown 453ecb08-f079-4424-abb7-b5b860d98fa7@group-0FBDD5F58AC2-FollowerState
2021-09-21 18:25:49,980 [453ecb08-f079-4424-abb7-b5b860d98fa7@group-0FBDD5F58AC2-FollowerState] INFO  server.RaftServer$Division (RaftServerImpl.java:setRole(285)) - 453ecb08-f079-4424-abb7-b5b860d98fa7@group-0FBDD5F58AC2: changes role from  FOLLOWER to CANDIDATE at term 0 for changeToCandidate
2021-09-21 18:25:49,981 [453ecb08-f079-4424-abb7-b5b860d98fa7@group-0FBDD5F58AC2-FollowerState] INFO  server.RaftServerConfigKeys (ConfUtils.java:logGet(44)) - raft.server.leaderelection.pre-vote = false (custom)
2021-09-21 18:25:49,981 [453ecb08-f079-4424-abb7-b5b860d98fa7@group-0FBDD5F58AC2-FollowerState] INFO  impl.RoleInfo (RoleInfo.java:updateAndGet(130)) - 453ecb08-f079-4424-abb7-b5b860d98fa7: start 453ecb08-f079-4424-abb7-b5b860d98fa7@group-0FBDD5F58AC2-LeaderElection11
2021-09-21 18:25:49,985 [453ecb08-f079-4424-abb7-b5b860d98fa7@group-0FBDD5F58AC2-LeaderElection11] INFO  impl.LeaderElection (LeaderElection.java:askForVotes(306)) - 453ecb08-f079-4424-abb7-b5b860d98fa7@group-0FBDD5F58AC2-LeaderElection11 ELECTION round 0: submit vote requests at term 1 for -1: [453ecb08-f079-4424-abb7-b5b860d98fa7|rpc:10.1.0.27:45375|priority:1], old=null
2021-09-21 18:25:49,986 [453ecb08-f079-4424-abb7-b5b860d98fa7@group-0FBDD5F58AC2-LeaderElection11] INFO  impl.LeaderElection (LeaderElection.java:askForVotes(308)) - 453ecb08-f079-4424-abb7-b5b860d98fa7@group-0FBDD5F58AC2-LeaderElection11 ELECTION round 0: result PASSED (term=1)
2021-09-21 18:25:49,986 [453ecb08-f079-4424-abb7-b5b860d98fa7@group-0FBDD5F58AC2-LeaderElection11] INFO  impl.RoleInfo (RoleInfo.java:shutdownLeaderElection(121)) - 453ecb08-f079-4424-abb7-b5b860d98fa7: shutdown 453ecb08-f079-4424-abb7-b5b860d98fa7@group-0FBDD5F58AC2-LeaderElection11
2021-09-21 18:25:49,986 [453ecb08-f079-4424-abb7-b5b860d98fa7@group-0FBDD5F58AC2-LeaderElection11] INFO  server.RaftServer$Division (RaftServerImpl.java:setRole(285)) - 453ecb08-f079-4424-abb7-b5b860d98fa7@group-0FBDD5F58AC2: changes role from CANDIDATE to LEADER at term 1 for changeToLeader
2021-09-21 18:25:49,986 [453ecb08-f079-4424-abb7-b5b860d98fa7@group-0FBDD5F58AC2-LeaderElection11] INFO  ratis.XceiverServerRatis (XceiverServerRatis.java:handleLeaderChangedNotification(860)) - Leader change notification received for group: group-0FBDD5F58AC2 with new leaderId: 453ecb08-f079-4424-abb7-b5b860d98fa7
2021-09-21 18:25:49,987 [453ecb08-f079-4424-abb7-b5b860d98fa7@group-0FBDD5F58AC2-LeaderElection11] INFO  server.RaftServer$Division (ServerState.java:setLeader(285)) - 453ecb08-f079-4424-abb7-b5b860d98fa7@group-0FBDD5F58AC2: change Leader from null to 453ecb08-f079-4424-abb7-b5b860d98fa7 at term 1 for becomeLeader, leader elected after 5157ms
2021-09-21 18:25:49,987 [453ecb08-f079-4424-abb7-b5b860d98fa7@group-0FBDD5F58AC2-LeaderElection11] INFO  server.RaftServerConfigKeys (ConfUtils.java:logGet(44)) - raft.server.staging.catchup.gap = 1000 (default)
2021-09-21 18:25:49,987 [453ecb08-f079-4424-abb7-b5b860d98fa7@group-0FBDD5F58AC2-LeaderElection11] INFO  server.RaftServerConfigKeys (ConfUtils.java:logGet(44)) - raft.server.write.element-limit = 1024 (custom)
2021-09-21 18:25:49,987 [453ecb08-f079-4424-abb7-b5b860d98fa7@group-0FBDD5F58AC2-LeaderElection11] INFO  server.RaftServerConfigKeys (ConfUtils.java:logGet(44)) - raft.server.write.byte-limit = 1024 M (=1073741824) (custom)
2021-09-21 18:25:49,987 [Datanode State Machine Thread - 0] WARN  statemachine.StateContext (StateContext.java:execute(621)) - No available thread in pool for past 1 seconds.
2021-09-21 18:25:49,987 [453ecb08-f079-4424-abb7-b5b860d98fa7@group-0FBDD5F58AC2-LeaderElection11] INFO  server.RaftServerConfigKeys (ConfUtils.java:logGet(44)) - raft.server.watch.timeout = 3000ms (custom)
2021-09-21 18:25:49,988 [453ecb08-f079-4424-abb7-b5b860d98fa7@group-0FBDD5F58AC2-LeaderElection11] INFO  server.RaftServerConfigKeys (ConfUtils.java:logGet(44)) - raft.server.watch.timeout.denomination = 1s (default)
2021-09-21 18:25:49,988 [453ecb08-f079-4424-abb7-b5b860d98fa7@group-0FBDD5F58AC2-LeaderElection11] INFO  server.RaftServerConfigKeys (ConfUtils.java:logGet(44)) - raft.server.watch.element-limit = 65536 (default)
2021-09-21 18:25:49,988 [453ecb08-f079-4424-abb7-b5b860d98fa7@group-0FBDD5F58AC2-LeaderElection11] INFO  impl.RoleInfo (RoleInfo.java:updateAndGet(130)) - 453ecb08-f079-4424-abb7-b5b860d98fa7: start 453ecb08-f079-4424-abb7-b5b860d98fa7@group-0FBDD5F58AC2-LeaderStateImpl
2021-09-21 18:25:49,988 [453ecb08-f079-4424-abb7-b5b860d98fa7@group-0FBDD5F58AC2-LeaderElection11] INFO  segmented.SegmentedRaftLogWorker (SegmentedRaftLogWorker.java:startLogSegment(394)) - 453ecb08-f079-4424-abb7-b5b860d98fa7@group-0FBDD5F58AC2-SegmentedRaftLogWorker: Starting segment from index:0
2021-09-21 18:25:49,992 [453ecb08-f079-4424-abb7-b5b860d98fa7@group-0FBDD5F58AC2-SegmentedRaftLogWorker] INFO  segmented.SegmentedRaftLogWorker (SegmentedRaftLogWorker.java:execute(601)) - 453ecb08-f079-4424-abb7-b5b860d98fa7@group-0FBDD5F58AC2-SegmentedRaftLogWorker: created new log segment /home/runner/work/ozone/ozone/hadoop-ozone/integration-test/target/test-dir/MiniOzoneClusterImpl-8dff45f7-6a4c-4a77-aa6d-4bab94871626/datanode-5/data/ratis/d3129733-9166-4230-b49b-0fbdd5f58ac2/current/log_inprogress_0
2021-09-21 18:25:49,992 [453ecb08-f079-4424-abb7-b5b860d98fa7@group-0FBDD5F58AC2-LeaderElection11] INFO  server.RaftServer$Division (ServerState.java:setRaftConf(387)) - 453ecb08-f079-4424-abb7-b5b860d98fa7@group-0FBDD5F58AC2: set configuration 0: [453ecb08-f079-4424-abb7-b5b860d98fa7|rpc:10.1.0.27:45375|dataStream:|priority:1], old=null
2021-09-21 18:25:50,069 [Listener at 127.0.0.1/38417] INFO  ozone.MiniOzoneClusterImpl (MiniOzoneClusterImpl.java:lambda$waitForClusterToBeReady$0(235)) - Nodes are ready. Got 7 of 7 DN Heartbeats.
2021-09-21 18:25:50,069 [Listener at 127.0.0.1/38417] INFO  ozone.MiniOzoneClusterImpl (MiniOzoneClusterImpl.java:lambda$waitForClusterToBeReady$0(238)) - Cluster exits safe mode
2021-09-21 18:25:50,070 [Listener at 127.0.0.1/38417] INFO  ozone.MiniOzoneClusterImpl (MiniOzoneClusterImpl.java:lambda$waitForClusterToBeReady$0(240)) - SCM became leader
2021-09-21 18:25:50,252 [476460e9-b3a1-45f5-ac75-d031942c3748@group-888A40B500A1-FollowerState] INFO  impl.FollowerState (FollowerState.java:run(134)) - 476460e9-b3a1-45f5-ac75-d031942c3748@group-888A40B500A1-FollowerState: change to CANDIDATE, lastRpcElapsedTime:5141916371ns, electionTimeout:5135ms
2021-09-21 18:25:50,252 [476460e9-b3a1-45f5-ac75-d031942c3748@group-888A40B500A1-FollowerState] INFO  impl.RoleInfo (RoleInfo.java:shutdownFollowerState(108)) - 476460e9-b3a1-45f5-ac75-d031942c3748: shutdown 476460e9-b3a1-45f5-ac75-d031942c3748@group-888A40B500A1-FollowerState
2021-09-21 18:25:50,252 [476460e9-b3a1-45f5-ac75-d031942c3748@group-888A40B500A1-FollowerState] INFO  server.RaftServer$Division (RaftServerImpl.java:setRole(285)) - 476460e9-b3a1-45f5-ac75-d031942c3748@group-888A40B500A1: changes role from  FOLLOWER to CANDIDATE at term 0 for changeToCandidate
2021-09-21 18:25:50,253 [476460e9-b3a1-45f5-ac75-d031942c3748@group-888A40B500A1-FollowerState] INFO  server.RaftServerConfigKeys (ConfUtils.java:logGet(44)) - raft.server.leaderelection.pre-vote = false (custom)
2021-09-21 18:25:50,253 [476460e9-b3a1-45f5-ac75-d031942c3748@group-888A40B500A1-FollowerState] INFO  impl.RoleInfo (RoleInfo.java:updateAndGet(130)) - 476460e9-b3a1-45f5-ac75-d031942c3748: start 476460e9-b3a1-45f5-ac75-d031942c3748@group-888A40B500A1-LeaderElection12
2021-09-21 18:25:50,263 [476460e9-b3a1-45f5-ac75-d031942c3748@group-888A40B500A1-LeaderElection12] INFO  impl.LeaderElection (LeaderElection.java:askForVotes(306)) - 476460e9-b3a1-45f5-ac75-d031942c3748@group-888A40B500A1-LeaderElection12 ELECTION round 0: submit vote requests at term 1 for -1: [476460e9-b3a1-45f5-ac75-d031942c3748|rpc:10.1.0.27:35049|priority:1], old=null
2021-09-21 18:25:50,263 [476460e9-b3a1-45f5-ac75-d031942c3748@group-888A40B500A1-LeaderElection12] INFO  impl.LeaderElection (LeaderElection.java:askForVotes(308)) - 476460e9-b3a1-45f5-ac75-d031942c3748@group-888A40B500A1-LeaderElection12 ELECTION round 0: result PASSED (term=1)
2021-09-21 18:25:50,263 [476460e9-b3a1-45f5-ac75-d031942c3748@group-888A40B500A1-LeaderElection12] INFO  impl.RoleInfo (RoleInfo.java:shutdownLeaderElection(121)) - 476460e9-b3a1-45f5-ac75-d031942c3748: shutdown 476460e9-b3a1-45f5-ac75-d031942c3748@group-888A40B500A1-LeaderElection12
2021-09-21 18:25:50,263 [476460e9-b3a1-45f5-ac75-d031942c3748@group-888A40B500A1-LeaderElection12] INFO  server.RaftServer$Division (RaftServerImpl.java:setRole(285)) - 476460e9-b3a1-45f5-ac75-d031942c3748@group-888A40B500A1: changes role from CANDIDATE to LEADER at term 1 for changeToLeader
2021-09-21 18:25:50,263 [476460e9-b3a1-45f5-ac75-d031942c3748@group-888A40B500A1-LeaderElection12] INFO  ratis.XceiverServerRatis (XceiverServerRatis.java:handleLeaderChangedNotification(860)) - Leader change notification received for group: group-888A40B500A1 with new leaderId: 476460e9-b3a1-45f5-ac75-d031942c3748
2021-09-21 18:25:50,264 [Datanode State Machine Thread - 0] WARN  statemachine.StateContext (StateContext.java:execute(621)) - No available thread in pool for past 1 seconds.
2021-09-21 18:25:50,267 [476460e9-b3a1-45f5-ac75-d031942c3748@group-888A40B500A1-LeaderElection12] INFO  server.RaftServer$Division (ServerState.java:setLeader(285)) - 476460e9-b3a1-45f5-ac75-d031942c3748@group-888A40B500A1: change Leader from null to 476460e9-b3a1-45f5-ac75-d031942c3748 at term 1 for becomeLeader, leader elected after 5163ms
2021-09-21 18:25:50,268 [476460e9-b3a1-45f5-ac75-d031942c3748@group-888A40B500A1-LeaderElection12] INFO  server.RaftServerConfigKeys (ConfUtils.java:logGet(44)) - raft.server.staging.catchup.gap = 1000 (default)
2021-09-21 18:25:50,268 [476460e9-b3a1-45f5-ac75-d031942c3748@group-888A40B500A1-LeaderElection12] INFO  server.RaftServerConfigKeys (ConfUtils.java:logGet(44)) - raft.server.write.element-limit = 1024 (custom)
2021-09-21 18:25:50,268 [476460e9-b3a1-45f5-ac75-d031942c3748@group-888A40B500A1-LeaderElection12] INFO  server.RaftServerConfigKeys (ConfUtils.java:logGet(44)) - raft.server.write.byte-limit = 1024 M (=1073741824) (custom)
2021-09-21 18:25:50,268 [476460e9-b3a1-45f5-ac75-d031942c3748@group-888A40B500A1-LeaderElection12] INFO  server.RaftServerConfigKeys (ConfUtils.java:logGet(44)) - raft.server.watch.timeout = 3000ms (custom)
2021-09-21 18:25:50,269 [476460e9-b3a1-45f5-ac75-d031942c3748@group-888A40B500A1-LeaderElection12] INFO  server.RaftServerConfigKeys (ConfUtils.java:logGet(44)) - raft.server.watch.timeout.denomination = 1s (default)
2021-09-21 18:25:50,269 [476460e9-b3a1-45f5-ac75-d031942c3748@group-888A40B500A1-LeaderElection12] INFO  server.RaftServerConfigKeys (ConfUtils.java:logGet(44)) - raft.server.watch.element-limit = 65536 (default)
2021-09-21 18:25:50,269 [476460e9-b3a1-45f5-ac75-d031942c3748@group-888A40B500A1-LeaderElection12] INFO  impl.RoleInfo (RoleInfo.java:updateAndGet(130)) - 476460e9-b3a1-45f5-ac75-d031942c3748: start 476460e9-b3a1-45f5-ac75-d031942c3748@group-888A40B500A1-LeaderStateImpl
2021-09-21 18:25:50,269 [476460e9-b3a1-45f5-ac75-d031942c3748@group-888A40B500A1-LeaderElection12] INFO  segmented.SegmentedRaftLogWorker (SegmentedRaftLogWorker.java:startLogSegment(394)) - 476460e9-b3a1-45f5-ac75-d031942c3748@group-888A40B500A1-SegmentedRaftLogWorker: Starting segment from index:0
2021-09-21 18:25:50,279 [476460e9-b3a1-45f5-ac75-d031942c3748@group-888A40B500A1-SegmentedRaftLogWorker] INFO  segmented.SegmentedRaftLogWorker (SegmentedRaftLogWorker.java:execute(601)) - 476460e9-b3a1-45f5-ac75-d031942c3748@group-888A40B500A1-SegmentedRaftLogWorker: created new log segment /home/runner/work/ozone/ozone/hadoop-ozone/integration-test/target/test-dir/MiniOzoneClusterImpl-8dff45f7-6a4c-4a77-aa6d-4bab94871626/datanode-6/data/ratis/646a220a-cf0f-4d1d-92ef-888a40b500a1/current/log_inprogress_0
2021-09-21 18:25:50,280 [476460e9-b3a1-45f5-ac75-d031942c3748@group-888A40B500A1-LeaderElection12] INFO  server.RaftServer$Division (ServerState.java:setRaftConf(387)) - 476460e9-b3a1-45f5-ac75-d031942c3748@group-888A40B500A1: set configuration 0: [476460e9-b3a1-45f5-ac75-d031942c3748|rpc:10.1.0.27:35049|dataStream:|priority:1], old=null
2021-09-21 18:25:50,596 [Listener at 127.0.0.1/38417] INFO  rpc.RpcClient (RpcClient.java:createVolume(342)) - Creating Volume: testblockoutputstream, with runner as owner and space quota set to -1 bytes, counts quota set to -1
2021-09-21 18:25:50,677 [OM StateMachine ApplyTransaction Thread - 0] INFO  volume.OMVolumeCreateRequest (OMVolumeCreateRequest.java:validateAndUpdateCache(195)) - created volume:testblockoutputstream for user:runner
2021-09-21 18:25:50,704 [Listener at 127.0.0.1/38417] INFO  rpc.RpcClient (RpcClient.java:createBucket(502)) - Creating Bucket: testblockoutputstream/testblockoutputstream, with Versioning false and Storage Type set to DISK and Encryption set to false 
2021-09-21 18:25:50,769 [IPC Server handler 3 on default port 40715] INFO  ha.SequenceIdGenerator (SequenceIdGenerator.java:getNextId(127)) - Allocate a batch for containerId, change lastId from 0 to 1000.
2021-09-21 18:25:50,781 [IPC Server handler 3 on default port 40715] WARN  ha.SequenceIdGenerator (SequenceIdGenerator.java:allocateBatch(234)) - Failed to allocate a batch for localId, expected lastId is 0, actual lastId is 107544261427200000.
2021-09-21 18:25:50,781 [IPC Server handler 3 on default port 40715] INFO  ha.SequenceIdGenerator (SequenceIdGenerator.java:getNextId(127)) - Allocate a batch for localId, change lastId from 107544261427200000 to 107544261427201000.
2021-09-21 18:25:50,903 [Listener at 127.0.0.1/38417] INFO  impl.MetricsSystemImpl (MetricsSystemImpl.java:init(158)) - XceiverClientMetrics metrics system started (again)
2021-09-21 18:25:51,219 [Datanode State Machine Thread - 0] WARN  statemachine.StateContext (StateContext.java:execute(621)) - No available thread in pool for past 1 seconds.
2021-09-21 18:25:51,219 [Datanode State Machine Thread - 0] WARN  statemachine.StateContext (StateContext.java:execute(621)) - No available thread in pool for past 1 seconds.
2021-09-21 18:25:51,224 [Datanode State Machine Thread - 0] WARN  statemachine.StateContext (StateContext.java:execute(621)) - No available thread in pool for past 1 seconds.
2021-09-21 18:25:53,508 [d36baf84-b85f-4b26-8f7e-d1f6b1b07563@group-5490E1C9B297-FollowerState] INFO  impl.FollowerState (FollowerState.java:run(134)) - d36baf84-b85f-4b26-8f7e-d1f6b1b07563@group-5490E1C9B297-FollowerState: change to CANDIDATE, lastRpcElapsedTime:5065813188ns, electionTimeout:5057ms
2021-09-21 18:25:53,509 [d36baf84-b85f-4b26-8f7e-d1f6b1b07563@group-5490E1C9B297-FollowerState] INFO  impl.RoleInfo (RoleInfo.java:shutdownFollowerState(108)) - d36baf84-b85f-4b26-8f7e-d1f6b1b07563: shutdown d36baf84-b85f-4b26-8f7e-d1f6b1b07563@group-5490E1C9B297-FollowerState
2021-09-21 18:25:53,509 [d36baf84-b85f-4b26-8f7e-d1f6b1b07563@group-5490E1C9B297-FollowerState] INFO  server.RaftServer$Division (RaftServerImpl.java:setRole(285)) - d36baf84-b85f-4b26-8f7e-d1f6b1b07563@group-5490E1C9B297: changes role from  FOLLOWER to CANDIDATE at term 1 for changeToCandidate
2021-09-21 18:25:53,509 [d36baf84-b85f-4b26-8f7e-d1f6b1b07563@group-5490E1C9B297-FollowerState] INFO  server.RaftServerConfigKeys (ConfUtils.java:logGet(44)) - raft.server.leaderelection.pre-vote = false (custom)
2021-09-21 18:25:53,509 [d36baf84-b85f-4b26-8f7e-d1f6b1b07563@group-5490E1C9B297-FollowerState] INFO  impl.RoleInfo (RoleInfo.java:updateAndGet(130)) - d36baf84-b85f-4b26-8f7e-d1f6b1b07563: start d36baf84-b85f-4b26-8f7e-d1f6b1b07563@group-5490E1C9B297-LeaderElection13
2021-09-21 18:25:53,512 [7ebb7728-56c4-46fe-8faf-bd5e72c54eae@group-5490E1C9B297-FollowerState] INFO  impl.FollowerState (FollowerState.java:run(134)) - 7ebb7728-56c4-46fe-8faf-bd5e72c54eae@group-5490E1C9B297-FollowerState: change to CANDIDATE, lastRpcElapsedTime:5077851147ns, electionTimeout:5076ms
2021-09-21 18:25:53,512 [7ebb7728-56c4-46fe-8faf-bd5e72c54eae@group-5490E1C9B297-FollowerState] INFO  impl.RoleInfo (RoleInfo.java:shutdownFollowerState(108)) - 7ebb7728-56c4-46fe-8faf-bd5e72c54eae: shutdown 7ebb7728-56c4-46fe-8faf-bd5e72c54eae@group-5490E1C9B297-FollowerState
2021-09-21 18:25:53,512 [7ebb7728-56c4-46fe-8faf-bd5e72c54eae@group-5490E1C9B297-FollowerState] INFO  server.RaftServer$Division (RaftServerImpl.java:setRole(285)) - 7ebb7728-56c4-46fe-8faf-bd5e72c54eae@group-5490E1C9B297: changes role from  FOLLOWER to CANDIDATE at term 1 for changeToCandidate
2021-09-21 18:25:53,512 [7ebb7728-56c4-46fe-8faf-bd5e72c54eae@group-5490E1C9B297-FollowerState] INFO  server.RaftServerConfigKeys (ConfUtils.java:logGet(44)) - raft.server.leaderelection.pre-vote = false (custom)
2021-09-21 18:25:53,512 [7ebb7728-56c4-46fe-8faf-bd5e72c54eae@group-5490E1C9B297-FollowerState] INFO  impl.RoleInfo (RoleInfo.java:updateAndGet(130)) - 7ebb7728-56c4-46fe-8faf-bd5e72c54eae: start 7ebb7728-56c4-46fe-8faf-bd5e72c54eae@group-5490E1C9B297-LeaderElection14
2021-09-21 18:25:53,514 [d36baf84-b85f-4b26-8f7e-d1f6b1b07563@group-5490E1C9B297-LeaderElection13] INFO  impl.LeaderElection (LeaderElection.java:askForVotes(306)) - d36baf84-b85f-4b26-8f7e-d1f6b1b07563@group-5490E1C9B297-LeaderElection13 ELECTION round 0: submit vote requests at term 2 for -1: [d36baf84-b85f-4b26-8f7e-d1f6b1b07563|rpc:10.1.0.27:39631|priority:0, ac1d7df1-8838-4266-a424-22c9922d1104|rpc:10.1.0.27:41255|priority:0, 7ebb7728-56c4-46fe-8faf-bd5e72c54eae|rpc:10.1.0.27:40201|priority:1], old=null
2021-09-21 18:25:53,514 [7ebb7728-56c4-46fe-8faf-bd5e72c54eae@group-5490E1C9B297-LeaderElection14] INFO  impl.LeaderElection (LeaderElection.java:askForVotes(306)) - 7ebb7728-56c4-46fe-8faf-bd5e72c54eae@group-5490E1C9B297-LeaderElection14 ELECTION round 0: submit vote requests at term 2 for -1: [d36baf84-b85f-4b26-8f7e-d1f6b1b07563|rpc:10.1.0.27:39631|dataStream:|priority:0, ac1d7df1-8838-4266-a424-22c9922d1104|rpc:10.1.0.27:41255|dataStream:|priority:0, 7ebb7728-56c4-46fe-8faf-bd5e72c54eae|rpc:10.1.0.27:40201|dataStream:|priority:1], old=null
2021-09-21 18:25:53,524 [grpc-default-executor-3] INFO  server.RaftServer$Division (RaftServerImpl.java:requestVote(1043)) - d36baf84-b85f-4b26-8f7e-d1f6b1b07563@group-5490E1C9B297: receive requestVote(ELECTION, 7ebb7728-56c4-46fe-8faf-bd5e72c54eae, group-5490E1C9B297, 2, (t:0, i:0))
2021-09-21 18:25:53,524 [grpc-default-executor-3] INFO  impl.VoteContext (VoteContext.java:log(48)) - d36baf84-b85f-4b26-8f7e-d1f6b1b07563@group-5490E1C9B297-CANDIDATE: reject ELECTION from 7ebb7728-56c4-46fe-8faf-bd5e72c54eae: already has voted for d36baf84-b85f-4b26-8f7e-d1f6b1b07563 at current term 2
2021-09-21 18:25:53,524 [grpc-default-executor-3] INFO  server.RaftServer$Division (RaftServerImpl.java:requestVote(1075)) - d36baf84-b85f-4b26-8f7e-d1f6b1b07563@group-5490E1C9B297 replies to ELECTION vote request: 7ebb7728-56c4-46fe-8faf-bd5e72c54eae<-d36baf84-b85f-4b26-8f7e-d1f6b1b07563#0:FAIL-t2. Peer's state: d36baf84-b85f-4b26-8f7e-d1f6b1b07563@group-5490E1C9B297:t2, leader=null, voted=d36baf84-b85f-4b26-8f7e-d1f6b1b07563, raftlog=d36baf84-b85f-4b26-8f7e-d1f6b1b07563@group-5490E1C9B297-SegmentedRaftLog:OPENED:c-1,f-1,i0, conf=-1: [d36baf84-b85f-4b26-8f7e-d1f6b1b07563|rpc:10.1.0.27:39631|priority:0, ac1d7df1-8838-4266-a424-22c9922d1104|rpc:10.1.0.27:41255|priority:0, 7ebb7728-56c4-46fe-8faf-bd5e72c54eae|rpc:10.1.0.27:40201|priority:1], old=null
2021-09-21 18:25:53,524 [grpc-default-executor-0] INFO  server.RaftServer$Division (RaftServerImpl.java:requestVote(1043)) - ac1d7df1-8838-4266-a424-22c9922d1104@group-5490E1C9B297: receive requestVote(ELECTION, d36baf84-b85f-4b26-8f7e-d1f6b1b07563, group-5490E1C9B297, 2, (t:0, i:0))
2021-09-21 18:25:53,526 [grpc-default-executor-0] INFO  impl.VoteContext (VoteContext.java:log(48)) - ac1d7df1-8838-4266-a424-22c9922d1104@group-5490E1C9B297-FOLLOWER: accept ELECTION from d36baf84-b85f-4b26-8f7e-d1f6b1b07563: our priority 0 <= candidate's priority 0
2021-09-21 18:25:53,526 [grpc-default-executor-0] INFO  server.RaftServer$Division (RaftServerImpl.java:setRole(285)) - ac1d7df1-8838-4266-a424-22c9922d1104@group-5490E1C9B297: changes role from  FOLLOWER to FOLLOWER at term 2 for candidate:d36baf84-b85f-4b26-8f7e-d1f6b1b07563
2021-09-21 18:25:53,526 [grpc-default-executor-0] INFO  impl.RoleInfo (RoleInfo.java:shutdownFollowerState(108)) - ac1d7df1-8838-4266-a424-22c9922d1104: shutdown ac1d7df1-8838-4266-a424-22c9922d1104@group-5490E1C9B297-FollowerState
2021-09-21 18:25:53,526 [grpc-default-executor-0] INFO  impl.RoleInfo (RoleInfo.java:updateAndGet(130)) - ac1d7df1-8838-4266-a424-22c9922d1104: start ac1d7df1-8838-4266-a424-22c9922d1104@group-5490E1C9B297-FollowerState
2021-09-21 18:25:53,525 [grpc-default-executor-2] INFO  server.RaftServer$Division (RaftServerImpl.java:requestVote(1043)) - 7ebb7728-56c4-46fe-8faf-bd5e72c54eae@group-5490E1C9B297: receive requestVote(ELECTION, d36baf84-b85f-4b26-8f7e-d1f6b1b07563, group-5490E1C9B297, 2, (t:0, i:0))
2021-09-21 18:25:53,526 [ac1d7df1-8838-4266-a424-22c9922d1104@group-5490E1C9B297-FollowerState] INFO  impl.FollowerState (FollowerState.java:run(143)) - ac1d7df1-8838-4266-a424-22c9922d1104@group-5490E1C9B297-FollowerState was interrupted: {}
java.lang.InterruptedException: sleep interrupted
	at java.lang.Thread.sleep(Native Method)
	at java.lang.Thread.sleep(Thread.java:340)
	at java.util.concurrent.TimeUnit.sleep(TimeUnit.java:386)
	at org.apache.ratis.util.TimeDuration.sleep(TimeDuration.java:324)
	at org.apache.ratis.util.TimeDuration.sleep(TimeDuration.java:309)
	at org.apache.ratis.server.impl.FollowerState.run(FollowerState.java:118)
2021-09-21 18:25:53,530 [grpc-default-executor-2] INFO  impl.VoteContext (VoteContext.java:log(48)) - 7ebb7728-56c4-46fe-8faf-bd5e72c54eae@group-5490E1C9B297-CANDIDATE: reject ELECTION from d36baf84-b85f-4b26-8f7e-d1f6b1b07563: already has voted for 7ebb7728-56c4-46fe-8faf-bd5e72c54eae at current term 2
2021-09-21 18:25:53,530 [grpc-default-executor-2] INFO  server.RaftServer$Division (RaftServerImpl.java:requestVote(1075)) - 7ebb7728-56c4-46fe-8faf-bd5e72c54eae@group-5490E1C9B297 replies to ELECTION vote request: d36baf84-b85f-4b26-8f7e-d1f6b1b07563<-7ebb7728-56c4-46fe-8faf-bd5e72c54eae#0:FAIL-t2. Peer's state: 7ebb7728-56c4-46fe-8faf-bd5e72c54eae@group-5490E1C9B297:t2, leader=null, voted=7ebb7728-56c4-46fe-8faf-bd5e72c54eae, raftlog=7ebb7728-56c4-46fe-8faf-bd5e72c54eae@group-5490E1C9B297-SegmentedRaftLog:OPENED:c-1,f-1,i0, conf=-1: [d36baf84-b85f-4b26-8f7e-d1f6b1b07563|rpc:10.1.0.27:39631|dataStream:|priority:0, ac1d7df1-8838-4266-a424-22c9922d1104|rpc:10.1.0.27:41255|dataStream:|priority:0, 7ebb7728-56c4-46fe-8faf-bd5e72c54eae|rpc:10.1.0.27:40201|dataStream:|priority:1], old=null
2021-09-21 18:25:53,534 [d36baf84-b85f-4b26-8f7e-d1f6b1b07563@group-5490E1C9B297-LeaderElection13] INFO  impl.LeaderElection (LeaderElection.java:logAndReturn(89)) - d36baf84-b85f-4b26-8f7e-d1f6b1b07563@group-5490E1C9B297-LeaderElection13: ELECTION REJECTED received 1 response(s) and 0 exception(s):
2021-09-21 18:25:53,534 [d36baf84-b85f-4b26-8f7e-d1f6b1b07563@group-5490E1C9B297-LeaderElection13] INFO  impl.LeaderElection (LeaderElection.java:logAndReturn(93)) -   Response 0: d36baf84-b85f-4b26-8f7e-d1f6b1b07563<-7ebb7728-56c4-46fe-8faf-bd5e72c54eae#0:FAIL-t2
2021-09-21 18:25:53,534 [d36baf84-b85f-4b26-8f7e-d1f6b1b07563@group-5490E1C9B297-LeaderElection13] INFO  impl.LeaderElection (LeaderElection.java:askForVotes(308)) - d36baf84-b85f-4b26-8f7e-d1f6b1b07563@group-5490E1C9B297-LeaderElection13 ELECTION round 0: result REJECTED
2021-09-21 18:25:53,534 [d36baf84-b85f-4b26-8f7e-d1f6b1b07563@group-5490E1C9B297-LeaderElection13] INFO  server.RaftServer$Division (RaftServerImpl.java:setRole(285)) - d36baf84-b85f-4b26-8f7e-d1f6b1b07563@group-5490E1C9B297: changes role from CANDIDATE to FOLLOWER at term 2 for REJECTED
2021-09-21 18:25:53,534 [d36baf84-b85f-4b26-8f7e-d1f6b1b07563@group-5490E1C9B297-LeaderElection13] INFO  impl.RoleInfo (RoleInfo.java:shutdownLeaderElection(121)) - d36baf84-b85f-4b26-8f7e-d1f6b1b07563: shutdown d36baf84-b85f-4b26-8f7e-d1f6b1b07563@group-5490E1C9B297-LeaderElection13
2021-09-21 18:25:53,534 [d36baf84-b85f-4b26-8f7e-d1f6b1b07563@group-5490E1C9B297-LeaderElection13] INFO  impl.RoleInfo (RoleInfo.java:updateAndGet(130)) - d36baf84-b85f-4b26-8f7e-d1f6b1b07563: start d36baf84-b85f-4b26-8f7e-d1f6b1b07563@group-5490E1C9B297-FollowerState
2021-09-21 18:25:53,534 [grpc-default-executor-0] INFO  server.RaftServer$Division (RaftServerImpl.java:requestVote(1075)) - ac1d7df1-8838-4266-a424-22c9922d1104@group-5490E1C9B297 replies to ELECTION vote request: d36baf84-b85f-4b26-8f7e-d1f6b1b07563<-ac1d7df1-8838-4266-a424-22c9922d1104#0:OK-t2. Peer's state: ac1d7df1-8838-4266-a424-22c9922d1104@group-5490E1C9B297:t2, leader=null, voted=d36baf84-b85f-4b26-8f7e-d1f6b1b07563, raftlog=ac1d7df1-8838-4266-a424-22c9922d1104@group-5490E1C9B297-SegmentedRaftLog:OPENED:c-1,f-1,i0, conf=-1: [d36baf84-b85f-4b26-8f7e-d1f6b1b07563|rpc:10.1.0.27:39631|priority:0, ac1d7df1-8838-4266-a424-22c9922d1104|rpc:10.1.0.27:41255|priority:0, 7ebb7728-56c4-46fe-8faf-bd5e72c54eae|rpc:10.1.0.27:40201|priority:1], old=null
2021-09-21 18:25:53,534 [grpc-default-executor-2] INFO  server.RaftServer$Division (RaftServerImpl.java:requestVote(1043)) - ac1d7df1-8838-4266-a424-22c9922d1104@group-5490E1C9B297: receive requestVote(ELECTION, 7ebb7728-56c4-46fe-8faf-bd5e72c54eae, group-5490E1C9B297, 2, (t:0, i:0))
2021-09-21 18:25:53,540 [grpc-default-executor-2] INFO  impl.VoteContext (VoteContext.java:log(48)) - ac1d7df1-8838-4266-a424-22c9922d1104@group-5490E1C9B297-FOLLOWER: reject ELECTION from 7ebb7728-56c4-46fe-8faf-bd5e72c54eae: already has voted for d36baf84-b85f-4b26-8f7e-d1f6b1b07563 at current term 2
2021-09-21 18:25:53,540 [grpc-default-executor-2] INFO  server.RaftServer$Division (RaftServerImpl.java:requestVote(1075)) - ac1d7df1-8838-4266-a424-22c9922d1104@group-5490E1C9B297 replies to ELECTION vote request: 7ebb7728-56c4-46fe-8faf-bd5e72c54eae<-ac1d7df1-8838-4266-a424-22c9922d1104#0:FAIL-t2. Peer's state: ac1d7df1-8838-4266-a424-22c9922d1104@group-5490E1C9B297:t2, leader=null, voted=d36baf84-b85f-4b26-8f7e-d1f6b1b07563, raftlog=ac1d7df1-8838-4266-a424-22c9922d1104@group-5490E1C9B297-SegmentedRaftLog:OPENED:c-1,f-1,i0, conf=-1: [d36baf84-b85f-4b26-8f7e-d1f6b1b07563|rpc:10.1.0.27:39631|priority:0, ac1d7df1-8838-4266-a424-22c9922d1104|rpc:10.1.0.27:41255|priority:0, 7ebb7728-56c4-46fe-8faf-bd5e72c54eae|rpc:10.1.0.27:40201|priority:1], old=null
2021-09-21 18:25:53,543 [7ebb7728-56c4-46fe-8faf-bd5e72c54eae@group-5490E1C9B297-LeaderElection14] INFO  impl.LeaderElection (LeaderElection.java:logAndReturn(89)) - 7ebb7728-56c4-46fe-8faf-bd5e72c54eae@group-5490E1C9B297-LeaderElection14: ELECTION REJECTED received 2 response(s) and 0 exception(s):
2021-09-21 18:25:53,544 [7ebb7728-56c4-46fe-8faf-bd5e72c54eae@group-5490E1C9B297-LeaderElection14] INFO  impl.LeaderElection (LeaderElection.java:logAndReturn(93)) -   Response 0: 7ebb7728-56c4-46fe-8faf-bd5e72c54eae<-d36baf84-b85f-4b26-8f7e-d1f6b1b07563#0:FAIL-t2
2021-09-21 18:25:53,544 [7ebb7728-56c4-46fe-8faf-bd5e72c54eae@group-5490E1C9B297-LeaderElection14] INFO  impl.LeaderElection (LeaderElection.java:logAndReturn(93)) -   Response 1: 7ebb7728-56c4-46fe-8faf-bd5e72c54eae<-ac1d7df1-8838-4266-a424-22c9922d1104#0:FAIL-t2
2021-09-21 18:25:53,544 [7ebb7728-56c4-46fe-8faf-bd5e72c54eae@group-5490E1C9B297-LeaderElection14] INFO  impl.LeaderElection (LeaderElection.java:askForVotes(308)) - 7ebb7728-56c4-46fe-8faf-bd5e72c54eae@group-5490E1C9B297-LeaderElection14 ELECTION round 0: result REJECTED
2021-09-21 18:25:53,545 [7ebb7728-56c4-46fe-8faf-bd5e72c54eae@group-5490E1C9B297-LeaderElection14] INFO  server.RaftServer$Division (RaftServerImpl.java:setRole(285)) - 7ebb7728-56c4-46fe-8faf-bd5e72c54eae@group-5490E1C9B297: changes role from CANDIDATE to FOLLOWER at term 2 for REJECTED
2021-09-21 18:25:53,546 [7ebb7728-56c4-46fe-8faf-bd5e72c54eae@group-5490E1C9B297-LeaderElection14] INFO  impl.RoleInfo (RoleInfo.java:shutdownLeaderElection(121)) - 7ebb7728-56c4-46fe-8faf-bd5e72c54eae: shutdown 7ebb7728-56c4-46fe-8faf-bd5e72c54eae@group-5490E1C9B297-LeaderElection14
2021-09-21 18:25:53,546 [7ebb7728-56c4-46fe-8faf-bd5e72c54eae@group-5490E1C9B297-LeaderElection14] INFO  impl.RoleInfo (RoleInfo.java:updateAndGet(130)) - 7ebb7728-56c4-46fe-8faf-bd5e72c54eae: start 7ebb7728-56c4-46fe-8faf-bd5e72c54eae@group-5490E1C9B297-FollowerState
2021-09-21 18:25:54,454 [7ebb7728-56c4-46fe-8faf-bd5e72c54eae@group-6CB704DD8418-FollowerState] INFO  impl.FollowerState (FollowerState.java:run(134)) - 7ebb7728-56c4-46fe-8faf-bd5e72c54eae@group-6CB704DD8418-FollowerState: change to CANDIDATE, lastRpcElapsedTime:5055123341ns, electionTimeout:5049ms
2021-09-21 18:25:54,455 [7ebb7728-56c4-46fe-8faf-bd5e72c54eae@group-6CB704DD8418-FollowerState] INFO  impl.RoleInfo (RoleInfo.java:shutdownFollowerState(108)) - 7ebb7728-56c4-46fe-8faf-bd5e72c54eae: shutdown 7ebb7728-56c4-46fe-8faf-bd5e72c54eae@group-6CB704DD8418-FollowerState
2021-09-21 18:25:54,455 [7ebb7728-56c4-46fe-8faf-bd5e72c54eae@group-6CB704DD8418-FollowerState] INFO  server.RaftServer$Division (RaftServerImpl.java:setRole(285)) - 7ebb7728-56c4-46fe-8faf-bd5e72c54eae@group-6CB704DD8418: changes role from  FOLLOWER to CANDIDATE at term 1 for changeToCandidate
2021-09-21 18:25:54,455 [7ebb7728-56c4-46fe-8faf-bd5e72c54eae@group-6CB704DD8418-FollowerState] INFO  server.RaftServerConfigKeys (ConfUtils.java:logGet(44)) - raft.server.leaderelection.pre-vote = false (custom)
2021-09-21 18:25:54,456 [7ebb7728-56c4-46fe-8faf-bd5e72c54eae@group-6CB704DD8418-FollowerState] INFO  impl.RoleInfo (RoleInfo.java:updateAndGet(130)) - 7ebb7728-56c4-46fe-8faf-bd5e72c54eae: start 7ebb7728-56c4-46fe-8faf-bd5e72c54eae@group-6CB704DD8418-LeaderElection15
2021-09-21 18:25:54,457 [7ebb7728-56c4-46fe-8faf-bd5e72c54eae@group-6CB704DD8418-LeaderElection15] INFO  impl.LeaderElection (LeaderElection.java:askForVotes(306)) - 7ebb7728-56c4-46fe-8faf-bd5e72c54eae@group-6CB704DD8418-LeaderElection15 ELECTION round 0: submit vote requests at term 2 for -1: [d36baf84-b85f-4b26-8f7e-d1f6b1b07563|rpc:10.1.0.27:39631|priority:0, ac1d7df1-8838-4266-a424-22c9922d1104|rpc:10.1.0.27:41255|priority:1, 7ebb7728-56c4-46fe-8faf-bd5e72c54eae|rpc:10.1.0.27:40201|priority:0], old=null
2021-09-21 18:25:54,462 [grpc-default-executor-2] INFO  server.RaftServer$Division (RaftServerImpl.java:requestVote(1043)) - d36baf84-b85f-4b26-8f7e-d1f6b1b07563@group-6CB704DD8418: receive requestVote(ELECTION, 7ebb7728-56c4-46fe-8faf-bd5e72c54eae, group-6CB704DD8418, 2, (t:0, i:0))
2021-09-21 18:25:54,463 [grpc-default-executor-2] INFO  impl.VoteContext (VoteContext.java:log(48)) - d36baf84-b85f-4b26-8f7e-d1f6b1b07563@group-6CB704DD8418-FOLLOWER: accept ELECTION from 7ebb7728-56c4-46fe-8faf-bd5e72c54eae: our priority 0 <= candidate's priority 0
2021-09-21 18:25:54,463 [grpc-default-executor-2] INFO  server.RaftServer$Division (RaftServerImpl.java:setRole(285)) - d36baf84-b85f-4b26-8f7e-d1f6b1b07563@group-6CB704DD8418: changes role from  FOLLOWER to FOLLOWER at term 2 for candidate:7ebb7728-56c4-46fe-8faf-bd5e72c54eae
2021-09-21 18:25:54,463 [grpc-default-executor-2] INFO  impl.RoleInfo (RoleInfo.java:shutdownFollowerState(108)) - d36baf84-b85f-4b26-8f7e-d1f6b1b07563: shutdown d36baf84-b85f-4b26-8f7e-d1f6b1b07563@group-6CB704DD8418-FollowerState
2021-09-21 18:25:54,463 [grpc-default-executor-2] INFO  impl.RoleInfo (RoleInfo.java:updateAndGet(130)) - d36baf84-b85f-4b26-8f7e-d1f6b1b07563: start d36baf84-b85f-4b26-8f7e-d1f6b1b07563@group-6CB704DD8418-FollowerState
2021-09-21 18:25:54,463 [d36baf84-b85f-4b26-8f7e-d1f6b1b07563@group-6CB704DD8418-FollowerState] INFO  impl.FollowerState (FollowerState.java:run(143)) - d36baf84-b85f-4b26-8f7e-d1f6b1b07563@group-6CB704DD8418-FollowerState was interrupted: {}
java.lang.InterruptedException: sleep interrupted
	at java.lang.Thread.sleep(Native Method)
	at java.lang.Thread.sleep(Thread.java:340)
	at java.util.concurrent.TimeUnit.sleep(TimeUnit.java:386)
	at org.apache.ratis.util.TimeDuration.sleep(TimeDuration.java:324)
	at org.apache.ratis.util.TimeDuration.sleep(TimeDuration.java:309)
	at org.apache.ratis.server.impl.FollowerState.run(FollowerState.java:118)
2021-09-21 18:25:54,463 [grpc-default-executor-0] INFO  server.RaftServer$Division (RaftServerImpl.java:requestVote(1043)) - ac1d7df1-8838-4266-a424-22c9922d1104@group-6CB704DD8418: receive requestVote(ELECTION, 7ebb7728-56c4-46fe-8faf-bd5e72c54eae, group-6CB704DD8418, 2, (t:0, i:0))
2021-09-21 18:25:54,467 [grpc-default-executor-0] INFO  impl.VoteContext (VoteContext.java:log(48)) - ac1d7df1-8838-4266-a424-22c9922d1104@group-6CB704DD8418-FOLLOWER: reject ELECTION from 7ebb7728-56c4-46fe-8faf-bd5e72c54eae: our priority 1 > candidate's priority 0
2021-09-21 18:25:54,467 [grpc-default-executor-0] INFO  server.RaftServer$Division (RaftServerImpl.java:setRole(285)) - ac1d7df1-8838-4266-a424-22c9922d1104@group-6CB704DD8418: changes role from  FOLLOWER to FOLLOWER at term 2 for candidate:7ebb7728-56c4-46fe-8faf-bd5e72c54eae
2021-09-21 18:25:54,467 [grpc-default-executor-0] INFO  impl.RoleInfo (RoleInfo.java:shutdownFollowerState(108)) - ac1d7df1-8838-4266-a424-22c9922d1104: shutdown ac1d7df1-8838-4266-a424-22c9922d1104@group-6CB704DD8418-FollowerState
2021-09-21 18:25:54,468 [grpc-default-executor-0] INFO  impl.RoleInfo (RoleInfo.java:updateAndGet(130)) - ac1d7df1-8838-4266-a424-22c9922d1104: start ac1d7df1-8838-4266-a424-22c9922d1104@group-6CB704DD8418-FollowerState
2021-09-21 18:25:54,468 [ac1d7df1-8838-4266-a424-22c9922d1104@group-6CB704DD8418-FollowerState] INFO  impl.FollowerState (FollowerState.java:run(143)) - ac1d7df1-8838-4266-a424-22c9922d1104@group-6CB704DD8418-FollowerState was interrupted: {}
java.lang.InterruptedException: sleep interrupted
	at java.lang.Thread.sleep(Native Method)
	at java.lang.Thread.sleep(Thread.java:340)
	at java.util.concurrent.TimeUnit.sleep(TimeUnit.java:386)
	at org.apache.ratis.util.TimeDuration.sleep(TimeDuration.java:324)
	at org.apache.ratis.util.TimeDuration.sleep(TimeDuration.java:309)
	at org.apache.ratis.server.impl.FollowerState.run(FollowerState.java:118)
2021-09-21 18:25:54,469 [grpc-default-executor-0] INFO  server.RaftServer$Division (RaftServerImpl.java:requestVote(1075)) - ac1d7df1-8838-4266-a424-22c9922d1104@group-6CB704DD8418 replies to ELECTION vote request: 7ebb7728-56c4-46fe-8faf-bd5e72c54eae<-ac1d7df1-8838-4266-a424-22c9922d1104#0:FAIL-t2. Peer's state: ac1d7df1-8838-4266-a424-22c9922d1104@group-6CB704DD8418:t2, leader=null, voted=null, raftlog=ac1d7df1-8838-4266-a424-22c9922d1104@group-6CB704DD8418-SegmentedRaftLog:OPENED:c-1,f-1,i0, conf=-1: [d36baf84-b85f-4b26-8f7e-d1f6b1b07563|rpc:10.1.0.27:39631|priority:0, ac1d7df1-8838-4266-a424-22c9922d1104|rpc:10.1.0.27:41255|priority:1, 7ebb7728-56c4-46fe-8faf-bd5e72c54eae|rpc:10.1.0.27:40201|priority:0], old=null
2021-09-21 18:25:54,472 [7ebb7728-56c4-46fe-8faf-bd5e72c54eae@group-6CB704DD8418-LeaderElection15] INFO  impl.LeaderElection (LeaderElection.java:logAndReturn(89)) - 7ebb7728-56c4-46fe-8faf-bd5e72c54eae@group-6CB704DD8418-LeaderElection15: ELECTION REJECTED received 1 response(s) and 0 exception(s):
2021-09-21 18:25:54,472 [7ebb7728-56c4-46fe-8faf-bd5e72c54eae@group-6CB704DD8418-LeaderElection15] INFO  impl.LeaderElection (LeaderElection.java:logAndReturn(93)) -   Response 0: 7ebb7728-56c4-46fe-8faf-bd5e72c54eae<-ac1d7df1-8838-4266-a424-22c9922d1104#0:FAIL-t2
2021-09-21 18:25:54,472 [7ebb7728-56c4-46fe-8faf-bd5e72c54eae@group-6CB704DD8418-LeaderElection15] INFO  impl.LeaderElection (LeaderElection.java:askForVotes(308)) - 7ebb7728-56c4-46fe-8faf-bd5e72c54eae@group-6CB704DD8418-LeaderElection15 ELECTION round 0: result REJECTED
2021-09-21 18:25:54,472 [7ebb7728-56c4-46fe-8faf-bd5e72c54eae@group-6CB704DD8418-LeaderElection15] INFO  server.RaftServer$Division (RaftServerImpl.java:setRole(285)) - 7ebb7728-56c4-46fe-8faf-bd5e72c54eae@group-6CB704DD8418: changes role from CANDIDATE to FOLLOWER at term 2 for REJECTED
2021-09-21 18:25:54,473 [grpc-default-executor-2] INFO  server.RaftServer$Division (RaftServerImpl.java:requestVote(1075)) - d36baf84-b85f-4b26-8f7e-d1f6b1b07563@group-6CB704DD8418 replies to ELECTION vote request: 7ebb7728-56c4-46fe-8faf-bd5e72c54eae<-d36baf84-b85f-4b26-8f7e-d1f6b1b07563#0:OK-t2. Peer's state: d36baf84-b85f-4b26-8f7e-d1f6b1b07563@group-6CB704DD8418:t2, leader=null, voted=7ebb7728-56c4-46fe-8faf-bd5e72c54eae, raftlog=d36baf84-b85f-4b26-8f7e-d1f6b1b07563@group-6CB704DD8418-SegmentedRaftLog:OPENED:c-1,f-1,i0, conf=-1: [d36baf84-b85f-4b26-8f7e-d1f6b1b07563|rpc:10.1.0.27:39631|dataStream:|priority:0, ac1d7df1-8838-4266-a424-22c9922d1104|rpc:10.1.0.27:41255|dataStream:|priority:1, 7ebb7728-56c4-46fe-8faf-bd5e72c54eae|rpc:10.1.0.27:40201|dataStream:|priority:0], old=null
2021-09-21 18:25:54,473 [7ebb7728-56c4-46fe-8faf-bd5e72c54eae@group-6CB704DD8418-LeaderElection15] INFO  impl.RoleInfo (RoleInfo.java:shutdownLeaderElection(121)) - 7ebb7728-56c4-46fe-8faf-bd5e72c54eae: shutdown 7ebb7728-56c4-46fe-8faf-bd5e72c54eae@group-6CB704DD8418-LeaderElection15
2021-09-21 18:25:54,480 [7ebb7728-56c4-46fe-8faf-bd5e72c54eae@group-6CB704DD8418-LeaderElection15] INFO  impl.RoleInfo (RoleInfo.java:updateAndGet(130)) - 7ebb7728-56c4-46fe-8faf-bd5e72c54eae: start 7ebb7728-56c4-46fe-8faf-bd5e72c54eae@group-6CB704DD8418-FollowerState
2021-09-21 18:25:54,922 [453ecb08-f079-4424-abb7-b5b860d98fa7@group-2FE6C912F1A7-FollowerState] INFO  impl.FollowerState (FollowerState.java:run(134)) - 453ecb08-f079-4424-abb7-b5b860d98fa7@group-2FE6C912F1A7-FollowerState: change to CANDIDATE, lastRpcElapsedTime:5162142185ns, electionTimeout:5156ms
2021-09-21 18:25:54,924 [453ecb08-f079-4424-abb7-b5b860d98fa7@group-2FE6C912F1A7-FollowerState] INFO  impl.RoleInfo (RoleInfo.java:shutdownFollowerState(108)) - 453ecb08-f079-4424-abb7-b5b860d98fa7: shutdown 453ecb08-f079-4424-abb7-b5b860d98fa7@group-2FE6C912F1A7-FollowerState
2021-09-21 18:25:54,924 [453ecb08-f079-4424-abb7-b5b860d98fa7@group-2FE6C912F1A7-FollowerState] INFO  server.RaftServer$Division (RaftServerImpl.java:setRole(285)) - 453ecb08-f079-4424-abb7-b5b860d98fa7@group-2FE6C912F1A7: changes role from  FOLLOWER to CANDIDATE at term 1 for changeToCandidate
2021-09-21 18:25:54,924 [453ecb08-f079-4424-abb7-b5b860d98fa7@group-2FE6C912F1A7-FollowerState] INFO  server.RaftServerConfigKeys (ConfUtils.java:logGet(44)) - raft.server.leaderelection.pre-vote = false (custom)
2021-09-21 18:25:54,924 [453ecb08-f079-4424-abb7-b5b860d98fa7@group-2FE6C912F1A7-FollowerState] INFO  impl.RoleInfo (RoleInfo.java:updateAndGet(130)) - 453ecb08-f079-4424-abb7-b5b860d98fa7: start 453ecb08-f079-4424-abb7-b5b860d98fa7@group-2FE6C912F1A7-LeaderElection16
2021-09-21 18:25:54,929 [453ecb08-f079-4424-abb7-b5b860d98fa7@group-2FE6C912F1A7-LeaderElection16] INFO  impl.LeaderElection (LeaderElection.java:askForVotes(306)) - 453ecb08-f079-4424-abb7-b5b860d98fa7@group-2FE6C912F1A7-LeaderElection16 ELECTION round 0: submit vote requests at term 2 for -1: [6174554c-eda6-4ca8-a498-7acedbc2905d|rpc:10.1.0.27:43953|dataStream:|priority:0, 453ecb08-f079-4424-abb7-b5b860d98fa7|rpc:10.1.0.27:45375|dataStream:|priority:1, 000602bb-62cb-4174-b1e5-e32eb992284f|rpc:10.1.0.27:39235|dataStream:|priority:0], old=null
2021-09-21 18:25:54,943 [grpc-default-executor-2] INFO  server.RaftServer$Division (RaftServerImpl.java:requestVote(1043)) - 6174554c-eda6-4ca8-a498-7acedbc2905d@group-2FE6C912F1A7: receive requestVote(ELECTION, 453ecb08-f079-4424-abb7-b5b860d98fa7, group-2FE6C912F1A7, 2, (t:0, i:0))
2021-09-21 18:25:54,944 [grpc-default-executor-2] INFO  impl.VoteContext (VoteContext.java:log(48)) - 6174554c-eda6-4ca8-a498-7acedbc2905d@group-2FE6C912F1A7-FOLLOWER: accept ELECTION from 453ecb08-f079-4424-abb7-b5b860d98fa7: our priority 0 <= candidate's priority 1
2021-09-21 18:25:54,944 [grpc-default-executor-2] INFO  server.RaftServer$Division (RaftServerImpl.java:setRole(285)) - 6174554c-eda6-4ca8-a498-7acedbc2905d@group-2FE6C912F1A7: changes role from  FOLLOWER to FOLLOWER at term 2 for candidate:453ecb08-f079-4424-abb7-b5b860d98fa7
2021-09-21 18:25:54,944 [grpc-default-executor-2] INFO  impl.RoleInfo (RoleInfo.java:shutdownFollowerState(108)) - 6174554c-eda6-4ca8-a498-7acedbc2905d: shutdown 6174554c-eda6-4ca8-a498-7acedbc2905d@group-2FE6C912F1A7-FollowerState
2021-09-21 18:25:54,944 [grpc-default-executor-2] INFO  impl.RoleInfo (RoleInfo.java:updateAndGet(130)) - 6174554c-eda6-4ca8-a498-7acedbc2905d: start 6174554c-eda6-4ca8-a498-7acedbc2905d@group-2FE6C912F1A7-FollowerState
2021-09-21 18:25:54,944 [6174554c-eda6-4ca8-a498-7acedbc2905d@group-2FE6C912F1A7-FollowerState] INFO  impl.FollowerState (FollowerState.java:run(143)) - 6174554c-eda6-4ca8-a498-7acedbc2905d@group-2FE6C912F1A7-FollowerState was interrupted: {}
java.lang.InterruptedException: sleep interrupted
	at java.lang.Thread.sleep(Native Method)
	at java.lang.Thread.sleep(Thread.java:340)
	at java.util.concurrent.TimeUnit.sleep(TimeUnit.java:386)
	at org.apache.ratis.util.TimeDuration.sleep(TimeDuration.java:324)
	at org.apache.ratis.util.TimeDuration.sleep(TimeDuration.java:309)
	at org.apache.ratis.server.impl.FollowerState.run(FollowerState.java:118)
2021-09-21 18:25:54,947 [grpc-default-executor-2] INFO  server.RaftServer$Division (RaftServerImpl.java:requestVote(1075)) - 6174554c-eda6-4ca8-a498-7acedbc2905d@group-2FE6C912F1A7 replies to ELECTION vote request: 453ecb08-f079-4424-abb7-b5b860d98fa7<-6174554c-eda6-4ca8-a498-7acedbc2905d#0:OK-t2. Peer's state: 6174554c-eda6-4ca8-a498-7acedbc2905d@group-2FE6C912F1A7:t2, leader=null, voted=453ecb08-f079-4424-abb7-b5b860d98fa7, raftlog=6174554c-eda6-4ca8-a498-7acedbc2905d@group-2FE6C912F1A7-SegmentedRaftLog:OPENED:c-1,f-1,i0, conf=-1: [6174554c-eda6-4ca8-a498-7acedbc2905d|rpc:10.1.0.27:43953|priority:0, 453ecb08-f079-4424-abb7-b5b860d98fa7|rpc:10.1.0.27:45375|priority:1, 000602bb-62cb-4174-b1e5-e32eb992284f|rpc:10.1.0.27:39235|priority:0], old=null
2021-09-21 18:25:54,950 [453ecb08-f079-4424-abb7-b5b860d98fa7@group-2FE6C912F1A7-LeaderElection16] INFO  impl.LeaderElection (LeaderElection.java:logAndReturn(89)) - 453ecb08-f079-4424-abb7-b5b860d98fa7@group-2FE6C912F1A7-LeaderElection16: ELECTION PASSED received 1 response(s) and 0 exception(s):
2021-09-21 18:25:54,951 [453ecb08-f079-4424-abb7-b5b860d98fa7@group-2FE6C912F1A7-LeaderElection16] INFO  impl.LeaderElection (LeaderElection.java:logAndReturn(93)) -   Response 0: 453ecb08-f079-4424-abb7-b5b860d98fa7<-6174554c-eda6-4ca8-a498-7acedbc2905d#0:OK-t2
2021-09-21 18:25:54,951 [453ecb08-f079-4424-abb7-b5b860d98fa7@group-2FE6C912F1A7-LeaderElection16] INFO  impl.LeaderElection (LeaderElection.java:askForVotes(308)) - 453ecb08-f079-4424-abb7-b5b860d98fa7@group-2FE6C912F1A7-LeaderElection16 ELECTION round 0: result PASSED
2021-09-21 18:25:54,951 [453ecb08-f079-4424-abb7-b5b860d98fa7@group-2FE6C912F1A7-LeaderElection16] INFO  impl.RoleInfo (RoleInfo.java:shutdownLeaderElection(121)) - 453ecb08-f079-4424-abb7-b5b860d98fa7: shutdown 453ecb08-f079-4424-abb7-b5b860d98fa7@group-2FE6C912F1A7-LeaderElection16
2021-09-21 18:25:54,952 [453ecb08-f079-4424-abb7-b5b860d98fa7@group-2FE6C912F1A7-LeaderElection16] INFO  server.RaftServer$Division (RaftServerImpl.java:setRole(285)) - 453ecb08-f079-4424-abb7-b5b860d98fa7@group-2FE6C912F1A7: changes role from CANDIDATE to LEADER at term 2 for changeToLeader
2021-09-21 18:25:54,952 [453ecb08-f079-4424-abb7-b5b860d98fa7@group-2FE6C912F1A7-LeaderElection16] INFO  ratis.XceiverServerRatis (XceiverServerRatis.java:handleLeaderChangedNotification(860)) - Leader change notification received for group: group-2FE6C912F1A7 with new leaderId: 453ecb08-f079-4424-abb7-b5b860d98fa7
2021-09-21 18:25:54,953 [453ecb08-f079-4424-abb7-b5b860d98fa7@group-2FE6C912F1A7-LeaderElection16] INFO  server.RaftServer$Division (ServerState.java:setLeader(285)) - 453ecb08-f079-4424-abb7-b5b860d98fa7@group-2FE6C912F1A7: change Leader from null to 453ecb08-f079-4424-abb7-b5b860d98fa7 at term 2 for becomeLeader, leader elected after 10220ms
2021-09-21 18:25:54,953 [453ecb08-f079-4424-abb7-b5b860d98fa7@group-2FE6C912F1A7-LeaderElection16] INFO  server.RaftServerConfigKeys (ConfUtils.java:logGet(44)) - raft.server.staging.catchup.gap = 1000 (default)
2021-09-21 18:25:54,953 [Datanode State Machine Thread - 0] WARN  statemachine.StateContext (StateContext.java:execute(621)) - No available thread in pool for past 1 seconds.
2021-09-21 18:25:54,955 [EventQueue-PipelineReportForPipelineReportHandler] INFO  pipeline.PipelineManagerImpl (PipelineManagerImpl.java:openPipeline(282)) - Pipeline Pipeline[ Id: 2d503cb4-199a-4431-97fc-2fe6c912f1a7, Nodes: 453ecb08-f079-4424-abb7-b5b860d98fa7{ip: 10.1.0.27, host: fv-az122-453.zf1tlrj3kn4expqppa1j4mpycf.xx.internal.cloudapp.net, ports: [REPLICATION=44591, RATIS=45375, RATIS_ADMIN=45375, RATIS_SERVER=45375, STANDALONE=33283], networkLocation: /default-rack, certSerialId: null, persistedOpState: IN_SERVICE, persistedOpStateExpiryEpochSec: 0}6174554c-eda6-4ca8-a498-7acedbc2905d{ip: 10.1.0.27, host: fv-az122-453.zf1tlrj3kn4expqppa1j4mpycf.xx.internal.cloudapp.net, ports: [REPLICATION=39077, RATIS=43953, RATIS_ADMIN=43953, RATIS_SERVER=43953, STANDALONE=38229], networkLocation: /default-rack, certSerialId: null, persistedOpState: IN_SERVICE, persistedOpStateExpiryEpochSec: 0}000602bb-62cb-4174-b1e5-e32eb992284f{ip: 10.1.0.27, host: fv-az122-453.zf1tlrj3kn4expqppa1j4mpycf.xx.internal.cloudapp.net, ports: [REPLICATION=38231, RATIS=39235, RATIS_ADMIN=39235, RATIS_SERVER=39235, STANDALONE=33401], networkLocation: /default-rack, certSerialId: null, persistedOpState: IN_SERVICE, persistedOpStateExpiryEpochSec: 0}, ReplicationConfig: RATIS/THREE, State:ALLOCATED, leaderId:453ecb08-f079-4424-abb7-b5b860d98fa7, CreationTimestamp2021-09-21T18:25:41.834Z[Etc/UTC]] moved to OPEN state
2021-09-21 18:25:54,953 [453ecb08-f079-4424-abb7-b5b860d98fa7@group-2FE6C912F1A7-LeaderElection16] INFO  server.RaftServerConfigKeys (ConfUtils.java:logGet(44)) - raft.server.write.element-limit = 1024 (custom)
2021-09-21 18:25:54,957 [grpc-default-executor-2] INFO  server.RaftServer$Division (RaftServerImpl.java:requestVote(1043)) - 000602bb-62cb-4174-b1e5-e32eb992284f@group-2FE6C912F1A7: receive requestVote(ELECTION, 453ecb08-f079-4424-abb7-b5b860d98fa7, group-2FE6C912F1A7, 2, (t:0, i:0))
2021-09-21 18:25:54,960 [000602bb-62cb-4174-b1e5-e32eb992284f@group-2FE6C912F1A7-FollowerState] INFO  impl.FollowerState (FollowerState.java:run(134)) - 000602bb-62cb-4174-b1e5-e32eb992284f@group-2FE6C912F1A7-FollowerState: change to CANDIDATE, lastRpcElapsedTime:5181817018ns, electionTimeout:5175ms
2021-09-21 18:25:54,961 [000602bb-62cb-4174-b1e5-e32eb992284f@group-2FE6C912F1A7-FollowerState] INFO  impl.RoleInfo (RoleInfo.java:shutdownFollowerState(108)) - 000602bb-62cb-4174-b1e5-e32eb992284f: shutdown 000602bb-62cb-4174-b1e5-e32eb992284f@group-2FE6C912F1A7-FollowerState
2021-09-21 18:25:54,961 [000602bb-62cb-4174-b1e5-e32eb992284f@group-2FE6C912F1A7-FollowerState] INFO  server.RaftServer$Division (RaftServerImpl.java:setRole(285)) - 000602bb-62cb-4174-b1e5-e32eb992284f@group-2FE6C912F1A7: changes role from  FOLLOWER to CANDIDATE at term 1 for changeToCandidate
2021-09-21 18:25:54,961 [000602bb-62cb-4174-b1e5-e32eb992284f@group-2FE6C912F1A7-FollowerState] INFO  server.RaftServerConfigKeys (ConfUtils.java:logGet(44)) - raft.server.leaderelection.pre-vote = false (custom)
2021-09-21 18:25:54,961 [000602bb-62cb-4174-b1e5-e32eb992284f@group-2FE6C912F1A7-FollowerState] INFO  impl.RoleInfo (RoleInfo.java:updateAndGet(130)) - 000602bb-62cb-4174-b1e5-e32eb992284f: start 000602bb-62cb-4174-b1e5-e32eb992284f@group-2FE6C912F1A7-LeaderElection17
2021-09-21 18:25:54,960 [453ecb08-f079-4424-abb7-b5b860d98fa7@group-2FE6C912F1A7-LeaderElection16] INFO  server.RaftServerConfigKeys (ConfUtils.java:logGet(44)) - raft.server.write.byte-limit = 1024 M (=1073741824) (custom)
2021-09-21 18:25:54,962 [453ecb08-f079-4424-abb7-b5b860d98fa7@group-2FE6C912F1A7-LeaderElection16] INFO  server.RaftServerConfigKeys (ConfUtils.java:logGet(44)) - raft.server.watch.timeout = 3000ms (custom)
2021-09-21 18:25:54,962 [453ecb08-f079-4424-abb7-b5b860d98fa7@group-2FE6C912F1A7-LeaderElection16] INFO  server.RaftServerConfigKeys (ConfUtils.java:logGet(44)) - raft.server.watch.timeout.denomination = 1s (default)
2021-09-21 18:25:54,962 [453ecb08-f079-4424-abb7-b5b860d98fa7@group-2FE6C912F1A7-LeaderElection16] INFO  server.RaftServerConfigKeys (ConfUtils.java:logGet(44)) - raft.server.watch.element-limit = 65536 (default)
2021-09-21 18:25:54,962 [453ecb08-f079-4424-abb7-b5b860d98fa7@group-2FE6C912F1A7-LeaderElection16] INFO  server.RaftServerConfigKeys (ConfUtils.java:logGet(44)) - raft.server.log.appender.snapshot.chunk.size.max = 16MB (=16777216) (default)
2021-09-21 18:25:54,962 [453ecb08-f079-4424-abb7-b5b860d98fa7@group-2FE6C912F1A7-LeaderElection16] INFO  server.RaftServerConfigKeys (ConfUtils.java:logGet(44)) - raft.server.log.appender.buffer.byte-limit = 33554432 (custom)
2021-09-21 18:25:54,962 [453ecb08-f079-4424-abb7-b5b860d98fa7@group-2FE6C912F1A7-LeaderElection16] INFO  server.RaftServerConfigKeys (ConfUtils.java:logGet(44)) - raft.server.log.appender.buffer.element-limit = 1 (custom)
2021-09-21 18:25:54,967 [grpc-default-executor-2] INFO  impl.VoteContext (VoteContext.java:log(48)) - 000602bb-62cb-4174-b1e5-e32eb992284f@group-2FE6C912F1A7-CANDIDATE: accept ELECTION from 453ecb08-f079-4424-abb7-b5b860d98fa7: our priority 0 <= candidate's priority 1
2021-09-21 18:25:54,967 [grpc-default-executor-2] INFO  server.RaftServer$Division (RaftServerImpl.java:setRole(285)) - 000602bb-62cb-4174-b1e5-e32eb992284f@group-2FE6C912F1A7: changes role from CANDIDATE to FOLLOWER at term 2 for candidate:453ecb08-f079-4424-abb7-b5b860d98fa7
2021-09-21 18:25:54,968 [grpc-default-executor-2] INFO  impl.RoleInfo (RoleInfo.java:shutdownLeaderElection(121)) - 000602bb-62cb-4174-b1e5-e32eb992284f: shutdown 000602bb-62cb-4174-b1e5-e32eb992284f@group-2FE6C912F1A7-LeaderElection17
2021-09-21 18:25:54,968 [grpc-default-executor-2] INFO  impl.RoleInfo (RoleInfo.java:updateAndGet(130)) - 000602bb-62cb-4174-b1e5-e32eb992284f: start 000602bb-62cb-4174-b1e5-e32eb992284f@group-2FE6C912F1A7-FollowerState
2021-09-21 18:25:54,967 [453ecb08-f079-4424-abb7-b5b860d98fa7@group-2FE6C912F1A7-LeaderElection16] INFO  grpc.GrpcConfigKeys (ConfUtils.java:logGet(44)) - raft.grpc.server.leader.outstanding.appends.max = 128 (default)
2021-09-21 18:25:54,968 [453ecb08-f079-4424-abb7-b5b860d98fa7@group-2FE6C912F1A7-LeaderElection16] INFO  server.RaftServerConfigKeys (ConfUtils.java:logGet(44)) - raft.server.rpc.request.timeout = 3000ms (default)
2021-09-21 18:25:54,968 [453ecb08-f079-4424-abb7-b5b860d98fa7@group-2FE6C912F1A7-LeaderElection16] INFO  server.RaftServerConfigKeys (ConfUtils.java:logGet(44)) - raft.server.log.appender.install.snapshot.enabled = false (custom)
2021-09-21 18:25:54,969 [453ecb08-f079-4424-abb7-b5b860d98fa7@group-2FE6C912F1A7-LeaderElection16] INFO  server.RaftServerConfigKeys (ConfUtils.java:logGet(44)) - raft.server.log.appender.snapshot.chunk.size.max = 16MB (=16777216) (default)
2021-09-21 18:25:54,969 [453ecb08-f079-4424-abb7-b5b860d98fa7@group-2FE6C912F1A7-LeaderElection16] INFO  server.RaftServerConfigKeys (ConfUtils.java:logGet(44)) - raft.server.log.appender.buffer.byte-limit = 33554432 (custom)
2021-09-21 18:25:54,969 [453ecb08-f079-4424-abb7-b5b860d98fa7@group-2FE6C912F1A7-LeaderElection16] INFO  server.RaftServerConfigKeys (ConfUtils.java:logGet(44)) - raft.server.log.appender.buffer.element-limit = 1 (custom)
2021-09-21 18:25:54,970 [453ecb08-f079-4424-abb7-b5b860d98fa7@group-2FE6C912F1A7-LeaderElection16] INFO  grpc.GrpcConfigKeys (ConfUtils.java:logGet(44)) - raft.grpc.server.leader.outstanding.appends.max = 128 (default)
2021-09-21 18:25:54,970 [453ecb08-f079-4424-abb7-b5b860d98fa7@group-2FE6C912F1A7-LeaderElection16] INFO  server.RaftServerConfigKeys (ConfUtils.java:logGet(44)) - raft.server.rpc.request.timeout = 3000ms (default)
2021-09-21 18:25:54,971 [grpc-default-executor-2] INFO  server.RaftServer$Division (RaftServerImpl.java:requestVote(1075)) - 000602bb-62cb-4174-b1e5-e32eb992284f@group-2FE6C912F1A7 replies to ELECTION vote request: 453ecb08-f079-4424-abb7-b5b860d98fa7<-000602bb-62cb-4174-b1e5-e32eb992284f#0:OK-t2. Peer's state: 000602bb-62cb-4174-b1e5-e32eb992284f@group-2FE6C912F1A7:t2, leader=null, voted=453ecb08-f079-4424-abb7-b5b860d98fa7, raftlog=000602bb-62cb-4174-b1e5-e32eb992284f@group-2FE6C912F1A7-SegmentedRaftLog:OPENED:c-1,f-1,i0, conf=-1: [6174554c-eda6-4ca8-a498-7acedbc2905d|rpc:10.1.0.27:43953|priority:0, 453ecb08-f079-4424-abb7-b5b860d98fa7|rpc:10.1.0.27:45375|priority:1, 000602bb-62cb-4174-b1e5-e32eb992284f|rpc:10.1.0.27:39235|priority:0], old=null
2021-09-21 18:25:54,973 [453ecb08-f079-4424-abb7-b5b860d98fa7@group-2FE6C912F1A7-LeaderElection16] INFO  server.RaftServerConfigKeys (ConfUtils.java:logGet(44)) - raft.server.log.appender.install.snapshot.enabled = false (custom)
2021-09-21 18:25:54,974 [453ecb08-f079-4424-abb7-b5b860d98fa7@group-2FE6C912F1A7-LeaderElection16] INFO  impl.RoleInfo (RoleInfo.java:updateAndGet(130)) - 453ecb08-f079-4424-abb7-b5b860d98fa7: start 453ecb08-f079-4424-abb7-b5b860d98fa7@group-2FE6C912F1A7-LeaderStateImpl
2021-09-21 18:25:54,975 [453ecb08-f079-4424-abb7-b5b860d98fa7@group-2FE6C912F1A7-LeaderElection16] INFO  segmented.SegmentedRaftLogWorker (SegmentedRaftLogWorker.java:startLogSegment(394)) - 453ecb08-f079-4424-abb7-b5b860d98fa7@group-2FE6C912F1A7-SegmentedRaftLogWorker: Starting segment from index:0
2021-09-21 18:25:54,976 [453ecb08-f079-4424-abb7-b5b860d98fa7@group-2FE6C912F1A7-SegmentedRaftLogWorker] INFO  segmented.SegmentedRaftLogWorker (SegmentedRaftLogWorker.java:execute(601)) - 453ecb08-f079-4424-abb7-b5b860d98fa7@group-2FE6C912F1A7-SegmentedRaftLogWorker: created new log segment /home/runner/work/ozone/ozone/hadoop-ozone/integration-test/target/test-dir/MiniOzoneClusterImpl-8dff45f7-6a4c-4a77-aa6d-4bab94871626/datanode-5/data/ratis/2d503cb4-199a-4431-97fc-2fe6c912f1a7/current/log_inprogress_0
2021-09-21 18:25:54,996 [453ecb08-f079-4424-abb7-b5b860d98fa7@group-2FE6C912F1A7-LeaderElection16] INFO  server.RaftServer$Division (ServerState.java:setRaftConf(387)) - 453ecb08-f079-4424-abb7-b5b860d98fa7@group-2FE6C912F1A7: set configuration 0: [6174554c-eda6-4ca8-a498-7acedbc2905d|rpc:10.1.0.27:43953|dataStream:|priority:0, 453ecb08-f079-4424-abb7-b5b860d98fa7|rpc:10.1.0.27:45375|dataStream:|priority:1, 000602bb-62cb-4174-b1e5-e32eb992284f|rpc:10.1.0.27:39235|dataStream:|priority:0], old=null
2021-09-21 18:25:54,986 [grpc-default-executor-2] INFO  ratis.XceiverServerRatis (XceiverServerRatis.java:handleLeaderChangedNotification(860)) - Leader change notification received for group: group-2FE6C912F1A7 with new leaderId: 453ecb08-f079-4424-abb7-b5b860d98fa7
2021-09-21 18:25:54,996 [grpc-default-executor-2] INFO  server.RaftServer$Division (ServerState.java:setLeader(285)) - 6174554c-eda6-4ca8-a498-7acedbc2905d@group-2FE6C912F1A7: change Leader from null to 453ecb08-f079-4424-abb7-b5b860d98fa7 at term 2 for appendEntries, leader elected after 10328ms
2021-09-21 18:25:55,000 [grpc-default-executor-3] INFO  ratis.XceiverServerRatis (XceiverServerRatis.java:handleLeaderChangedNotification(860)) - Leader change notification received for group: group-2FE6C912F1A7 with new leaderId: 453ecb08-f079-4424-abb7-b5b860d98fa7
2021-09-21 18:25:55,000 [grpc-default-executor-3] INFO  server.RaftServer$Division (ServerState.java:setLeader(285)) - 000602bb-62cb-4174-b1e5-e32eb992284f@group-2FE6C912F1A7: change Leader from null to 453ecb08-f079-4424-abb7-b5b860d98fa7 at term 2 for appendEntries, leader elected after 10241ms
2021-09-21 18:25:55,004 [grpc-default-executor-2] INFO  server.RaftServer$Division (ServerState.java:setRaftConf(387)) - 6174554c-eda6-4ca8-a498-7acedbc2905d@group-2FE6C912F1A7: set configuration 0: [6174554c-eda6-4ca8-a498-7acedbc2905d|rpc:10.1.0.27:43953|dataStream:|priority:0, 453ecb08-f079-4424-abb7-b5b860d98fa7|rpc:10.1.0.27:45375|dataStream:|priority:1, 000602bb-62cb-4174-b1e5-e32eb992284f|rpc:10.1.0.27:39235|dataStream:|priority:0], old=null
2021-09-21 18:25:55,005 [grpc-default-executor-2] INFO  segmented.SegmentedRaftLogWorker (SegmentedRaftLogWorker.java:startLogSegment(394)) - 6174554c-eda6-4ca8-a498-7acedbc2905d@group-2FE6C912F1A7-SegmentedRaftLogWorker: Starting segment from index:0
2021-09-21 18:25:55,007 [6174554c-eda6-4ca8-a498-7acedbc2905d@group-2FE6C912F1A7-SegmentedRaftLogWorker] INFO  segmented.SegmentedRaftLogWorker (SegmentedRaftLogWorker.java:execute(601)) - 6174554c-eda6-4ca8-a498-7acedbc2905d@group-2FE6C912F1A7-SegmentedRaftLogWorker: created new log segment /home/runner/work/ozone/ozone/hadoop-ozone/integration-test/target/test-dir/MiniOzoneClusterImpl-8dff45f7-6a4c-4a77-aa6d-4bab94871626/datanode-4/data/ratis/2d503cb4-199a-4431-97fc-2fe6c912f1a7/current/log_inprogress_0
2021-09-21 18:25:55,016 [grpc-default-executor-3] INFO  server.RaftServer$Division (ServerState.java:setRaftConf(387)) - 000602bb-62cb-4174-b1e5-e32eb992284f@group-2FE6C912F1A7: set configuration 0: [6174554c-eda6-4ca8-a498-7acedbc2905d|rpc:10.1.0.27:43953|dataStream:|priority:0, 453ecb08-f079-4424-abb7-b5b860d98fa7|rpc:10.1.0.27:45375|dataStream:|priority:1, 000602bb-62cb-4174-b1e5-e32eb992284f|rpc:10.1.0.27:39235|dataStream:|priority:0], old=null
2021-09-21 18:25:55,017 [grpc-default-executor-3] INFO  segmented.SegmentedRaftLogWorker (SegmentedRaftLogWorker.java:startLogSegment(394)) - 000602bb-62cb-4174-b1e5-e32eb992284f@group-2FE6C912F1A7-SegmentedRaftLogWorker: Starting segment from index:0
2021-09-21 18:25:55,019 [000602bb-62cb-4174-b1e5-e32eb992284f@group-2FE6C912F1A7-SegmentedRaftLogWorker] INFO  segmented.SegmentedRaftLogWorker (SegmentedRaftLogWorker.java:execute(601)) - 000602bb-62cb-4174-b1e5-e32eb992284f@group-2FE6C912F1A7-SegmentedRaftLogWorker: created new log segment /home/runner/work/ozone/ozone/hadoop-ozone/integration-test/target/test-dir/MiniOzoneClusterImpl-8dff45f7-6a4c-4a77-aa6d-4bab94871626/datanode-3/data/ratis/2d503cb4-199a-4431-97fc-2fe6c912f1a7/current/log_inprogress_0
2021-09-21 18:25:56,593 [Listener at 127.0.0.1/38417] INFO  ozoneimpl.OzoneContainer (OzoneContainer.java:stop(325)) - Attempting to stop container services.
2021-09-21 18:25:56,596 [Listener at 127.0.0.1/38417] INFO  server.RaftServer (RaftServerProxy.java:lambda$close$6(391)) - 000602bb-62cb-4174-b1e5-e32eb992284f: close
2021-09-21 18:25:56,597 [ForkJoinPool.commonPool-worker-0] INFO  server.RaftServer$Division (RaftServerImpl.java:lambda$close$4(407)) - 000602bb-62cb-4174-b1e5-e32eb992284f@group-DF9194BC50DA: shutdown
2021-09-21 18:25:56,597 [Listener at 127.0.0.1/38417] INFO  server.RaftServer$Division (RaftServerImpl.java:lambda$close$4(407)) - 000602bb-62cb-4174-b1e5-e32eb992284f@group-2FE6C912F1A7: shutdown
2021-09-21 18:25:56,597 [ForkJoinPool.commonPool-worker-0] INFO  util.JmxRegister (JmxRegister.java:unregister(73)) - Successfully un-registered JMX Bean with object name Ratis:service=RaftServer,group=group-DF9194BC50DA,id=000602bb-62cb-4174-b1e5-e32eb992284f
2021-09-21 18:25:56,597 [ForkJoinPool.commonPool-worker-0] INFO  impl.RoleInfo (RoleInfo.java:shutdownLeaderState(91)) - 000602bb-62cb-4174-b1e5-e32eb992284f: shutdown 000602bb-62cb-4174-b1e5-e32eb992284f@group-DF9194BC50DA-LeaderStateImpl
2021-09-21 18:25:56,597 [Listener at 127.0.0.1/38417] INFO  util.JmxRegister (JmxRegister.java:unregister(73)) - Successfully un-registered JMX Bean with object name Ratis:service=RaftServer,group=group-2FE6C912F1A7,id=000602bb-62cb-4174-b1e5-e32eb992284f
2021-09-21 18:25:56,597 [Listener at 127.0.0.1/38417] INFO  impl.RoleInfo (RoleInfo.java:shutdownFollowerState(108)) - 000602bb-62cb-4174-b1e5-e32eb992284f: shutdown 000602bb-62cb-4174-b1e5-e32eb992284f@group-2FE6C912F1A7-FollowerState
2021-09-21 18:25:56,598 [Listener at 127.0.0.1/38417] INFO  impl.StateMachineUpdater (StateMachineUpdater.java:stopAndJoin(149)) - 000602bb-62cb-4174-b1e5-e32eb992284f@group-2FE6C912F1A7-StateMachineUpdater: set stopIndex = 0
2021-09-21 18:25:56,598 [000602bb-62cb-4174-b1e5-e32eb992284f@group-DF9194BC50DA->453ecb08-f079-4424-abb7-b5b860d98fa7-GrpcLogAppender-LogAppenderDaemon] WARN  server.GrpcLogAppender (GrpcLogAppender.java:mayWait(175)) - 000602bb-62cb-4174-b1e5-e32eb992284f@group-DF9194BC50DA->453ecb08-f079-4424-abb7-b5b860d98fa7-GrpcLogAppender: Wait interrupted by java.lang.InterruptedException
2021-09-21 18:25:56,598 [000602bb-62cb-4174-b1e5-e32eb992284f@group-2FE6C912F1A7-FollowerState] INFO  impl.FollowerState (FollowerState.java:run(143)) - 000602bb-62cb-4174-b1e5-e32eb992284f@group-2FE6C912F1A7-FollowerState was interrupted: {}
java.lang.InterruptedException: sleep interrupted
	at java.lang.Thread.sleep(Native Method)
	at java.lang.Thread.sleep(Thread.java:340)
	at java.util.concurrent.TimeUnit.sleep(TimeUnit.java:386)
	at org.apache.ratis.util.TimeDuration.sleep(TimeDuration.java:324)
	at org.apache.ratis.util.TimeDuration.sleep(TimeDuration.java:309)
	at org.apache.ratis.server.impl.FollowerState.run(FollowerState.java:118)
2021-09-21 18:25:56,598 [000602bb-62cb-4174-b1e5-e32eb992284f@group-2FE6C912F1A7-StateMachineUpdater] INFO  ratis.ContainerStateMachine (ContainerStateMachine.java:takeSnapshot(292)) - group-2FE6C912F1A7: Taking a snapshot at:(t:2, i:0) file /home/runner/work/ozone/ozone/hadoop-ozone/integration-test/target/test-dir/MiniOzoneClusterImpl-8dff45f7-6a4c-4a77-aa6d-4bab94871626/datanode-3/data/ratis/2d503cb4-199a-4431-97fc-2fe6c912f1a7/sm/snapshot.2_0
2021-09-21 18:25:56,599 [ForkJoinPool.commonPool-worker-0] INFO  impl.PendingRequests (PendingRequests.java:sendNotLeaderResponses(282)) - 000602bb-62cb-4174-b1e5-e32eb992284f@group-DF9194BC50DA-PendingRequests: sendNotLeaderResponses
2021-09-21 18:25:56,606 [grpc-default-executor-3] INFO  server.GrpcServerProtocolService (GrpcServerProtocolService.java:onCompleted(140)) - 453ecb08-f079-4424-abb7-b5b860d98fa7: Completed APPEND_ENTRIES, lastRequest: 000602bb-62cb-4174-b1e5-e32eb992284f->453ecb08-f079-4424-abb7-b5b860d98fa7#51-t1,previous=(t:1, i:15),leaderCommit=14,initializing? true,entries: size=1, first=(t:1, i:16), METADATAENTRY(c:14)
2021-09-21 18:25:56,607 [grpc-default-executor-2] INFO  server.GrpcLogAppender (GrpcLogAppender.java:onCompleted(344)) - 000602bb-62cb-4174-b1e5-e32eb992284f@group-DF9194BC50DA->453ecb08-f079-4424-abb7-b5b860d98fa7-AppendLogResponseHandler: follower responses appendEntries COMPLETED
2021-09-21 18:25:56,614 [grpc-default-executor-2] INFO  leader.FollowerInfo (FollowerInfoImpl.java:lambda$new$0(46)) - 000602bb-62cb-4174-b1e5-e32eb992284f@group-DF9194BC50DA->453ecb08-f079-4424-abb7-b5b860d98fa7: nextIndex: updateUnconditionally 17 -> 16
2021-09-21 18:25:56,605 [000602bb-62cb-4174-b1e5-e32eb992284f@group-DF9194BC50DA->6174554c-eda6-4ca8-a498-7acedbc2905d-GrpcLogAppender-LogAppenderDaemon] WARN  server.GrpcLogAppender (GrpcLogAppender.java:mayWait(175)) - 000602bb-62cb-4174-b1e5-e32eb992284f@group-DF9194BC50DA->6174554c-eda6-4ca8-a498-7acedbc2905d-GrpcLogAppender: Wait interrupted by java.lang.InterruptedException
2021-09-21 18:25:56,615 [grpc-default-executor-2] INFO  server.GrpcServerProtocolService (GrpcServerProtocolService.java:onCompleted(140)) - 6174554c-eda6-4ca8-a498-7acedbc2905d: Completed APPEND_ENTRIES, lastRequest: 000602bb-62cb-4174-b1e5-e32eb992284f->6174554c-eda6-4ca8-a498-7acedbc2905d#51-t1,previous=(t:1, i:15),leaderCommit=14,initializing? true,entries: size=1, first=(t:1, i:16), METADATAENTRY(c:14)
2021-09-21 18:25:56,619 [ForkJoinPool.commonPool-worker-0] INFO  impl.StateMachineUpdater (StateMachineUpdater.java:stopAndJoin(149)) - 000602bb-62cb-4174-b1e5-e32eb992284f@group-DF9194BC50DA-StateMachineUpdater: set stopIndex = 16
2021-09-21 18:25:56,620 [000602bb-62cb-4174-b1e5-e32eb992284f@group-DF9194BC50DA-StateMachineUpdater] INFO  ratis.ContainerStateMachine (ContainerStateMachine.java:takeSnapshot(292)) - group-DF9194BC50DA: Taking a snapshot at:(t:1, i:16) file /home/runner/work/ozone/ozone/hadoop-ozone/integration-test/target/test-dir/MiniOzoneClusterImpl-8dff45f7-6a4c-4a77-aa6d-4bab94871626/datanode-3/data/ratis/3a97cb87-08b0-4d45-b12e-df9194bc50da/sm/snapshot.1_16
2021-09-21 18:25:56,623 [grpc-default-executor-3] INFO  server.GrpcLogAppender (GrpcLogAppender.java:onCompleted(344)) - 000602bb-62cb-4174-b1e5-e32eb992284f@group-DF9194BC50DA->6174554c-eda6-4ca8-a498-7acedbc2905d-AppendLogResponseHandler: follower responses appendEntries COMPLETED
2021-09-21 18:25:56,623 [grpc-default-executor-3] INFO  leader.FollowerInfo (FollowerInfoImpl.java:lambda$new$0(46)) - 000602bb-62cb-4174-b1e5-e32eb992284f@group-DF9194BC50DA->6174554c-eda6-4ca8-a498-7acedbc2905d: nextIndex: updateUnconditionally 17 -> 16
2021-09-21 18:25:56,650 [000602bb-62cb-4174-b1e5-e32eb992284f@group-2FE6C912F1A7-StateMachineUpdater] INFO  ratis.ContainerStateMachine (ContainerStateMachine.java:takeSnapshot(303)) - group-2FE6C912F1A7: Finished taking a snapshot at:(t:2, i:0) file:/home/runner/work/ozone/ozone/hadoop-ozone/integration-test/target/test-dir/MiniOzoneClusterImpl-8dff45f7-6a4c-4a77-aa6d-4bab94871626/datanode-3/data/ratis/2d503cb4-199a-4431-97fc-2fe6c912f1a7/sm/snapshot.2_0 took: 52 ms
2021-09-21 18:25:56,652 [000602bb-62cb-4174-b1e5-e32eb992284f@group-2FE6C912F1A7-StateMachineUpdater] INFO  impl.StateMachineUpdater (StateMachineUpdater.java:takeSnapshot(281)) - 000602bb-62cb-4174-b1e5-e32eb992284f@group-2FE6C912F1A7-StateMachineUpdater: Took a snapshot at index 0
2021-09-21 18:25:56,652 [000602bb-62cb-4174-b1e5-e32eb992284f@group-2FE6C912F1A7-StateMachineUpdater] INFO  impl.StateMachineUpdater (StateMachineUpdater.java:lambda$new$0(89)) - 000602bb-62cb-4174-b1e5-e32eb992284f@group-2FE6C912F1A7-StateMachineUpdater: snapshotIndex: updateIncreasingly -1 -> 0
2021-09-21 18:25:56,655 [000602bb-62cb-4174-b1e5-e32eb992284f@group-DF9194BC50DA-StateMachineUpdater] INFO  ratis.ContainerStateMachine (ContainerStateMachine.java:takeSnapshot(303)) - group-DF9194BC50DA: Finished taking a snapshot at:(t:1, i:16) file:/home/runner/work/ozone/ozone/hadoop-ozone/integration-test/target/test-dir/MiniOzoneClusterImpl-8dff45f7-6a4c-4a77-aa6d-4bab94871626/datanode-3/data/ratis/3a97cb87-08b0-4d45-b12e-df9194bc50da/sm/snapshot.1_16 took: 35 ms
2021-09-21 18:25:56,655 [000602bb-62cb-4174-b1e5-e32eb992284f@group-DF9194BC50DA-StateMachineUpdater] INFO  impl.StateMachineUpdater (StateMachineUpdater.java:takeSnapshot(281)) - 000602bb-62cb-4174-b1e5-e32eb992284f@group-DF9194BC50DA-StateMachineUpdater: Took a snapshot at index 16
2021-09-21 18:25:56,655 [000602bb-62cb-4174-b1e5-e32eb992284f@group-DF9194BC50DA-StateMachineUpdater] INFO  impl.StateMachineUpdater (StateMachineUpdater.java:lambda$new$0(89)) - 000602bb-62cb-4174-b1e5-e32eb992284f@group-DF9194BC50DA-StateMachineUpdater: snapshotIndex: updateIncreasingly -1 -> 16
2021-09-21 18:25:56,657 [Listener at 127.0.0.1/38417] INFO  server.RaftServer$Division (ServerState.java:close(419)) - 000602bb-62cb-4174-b1e5-e32eb992284f@group-2FE6C912F1A7: closes. applyIndex: 0
2021-09-21 18:25:56,659 [000602bb-62cb-4174-b1e5-e32eb992284f@group-2FE6C912F1A7-SegmentedRaftLogWorker] INFO  segmented.SegmentedRaftLogWorker (SegmentedRaftLogWorker.java:run(327)) - 000602bb-62cb-4174-b1e5-e32eb992284f@group-2FE6C912F1A7-SegmentedRaftLogWorker was interrupted, exiting. There are 0 tasks remaining in the queue.
2021-09-21 18:25:56,660 [Listener at 127.0.0.1/38417] INFO  segmented.SegmentedRaftLogWorker (SegmentedRaftLogWorker.java:close(237)) - 000602bb-62cb-4174-b1e5-e32eb992284f@group-2FE6C912F1A7-SegmentedRaftLogWorker close()
2021-09-21 18:25:56,668 [Listener at 127.0.0.1/38417] INFO  server.RaftServer$Division (RaftServerImpl.java:lambda$close$4(407)) - 000602bb-62cb-4174-b1e5-e32eb992284f@group-66BCF67E946B: shutdown
2021-09-21 18:25:56,668 [Listener at 127.0.0.1/38417] INFO  util.JmxRegister (JmxRegister.java:unregister(73)) - Successfully un-registered JMX Bean with object name Ratis:service=RaftServer,group=group-66BCF67E946B,id=000602bb-62cb-4174-b1e5-e32eb992284f
2021-09-21 18:25:56,668 [Listener at 127.0.0.1/38417] INFO  impl.RoleInfo (RoleInfo.java:shutdownLeaderState(91)) - 000602bb-62cb-4174-b1e5-e32eb992284f: shutdown 000602bb-62cb-4174-b1e5-e32eb992284f@group-66BCF67E946B-LeaderStateImpl
2021-09-21 18:25:56,668 [Listener at 127.0.0.1/38417] INFO  impl.PendingRequests (PendingRequests.java:sendNotLeaderResponses(282)) - 000602bb-62cb-4174-b1e5-e32eb992284f@group-66BCF67E946B-PendingRequests: sendNotLeaderResponses
2021-09-21 18:25:56,670 [Listener at 127.0.0.1/38417] INFO  impl.StateMachineUpdater (StateMachineUpdater.java:stopAndJoin(149)) - 000602bb-62cb-4174-b1e5-e32eb992284f@group-66BCF67E946B-StateMachineUpdater: set stopIndex = 0
2021-09-21 18:25:56,670 [000602bb-62cb-4174-b1e5-e32eb992284f@group-66BCF67E946B-StateMachineUpdater] INFO  ratis.ContainerStateMachine (ContainerStateMachine.java:takeSnapshot(292)) - group-66BCF67E946B: Taking a snapshot at:(t:1, i:0) file /home/runner/work/ozone/ozone/hadoop-ozone/integration-test/target/test-dir/MiniOzoneClusterImpl-8dff45f7-6a4c-4a77-aa6d-4bab94871626/datanode-3/data/ratis/1c34d39f-0136-47b1-86a3-66bcf67e946b/sm/snapshot.1_0
2021-09-21 18:25:56,671 [000602bb-62cb-4174-b1e5-e32eb992284f@group-66BCF67E946B-StateMachineUpdater] INFO  ratis.ContainerStateMachine (ContainerStateMachine.java:takeSnapshot(303)) - group-66BCF67E946B: Finished taking a snapshot at:(t:1, i:0) file:/home/runner/work/ozone/ozone/hadoop-ozone/integration-test/target/test-dir/MiniOzoneClusterImpl-8dff45f7-6a4c-4a77-aa6d-4bab94871626/datanode-3/data/ratis/1c34d39f-0136-47b1-86a3-66bcf67e946b/sm/snapshot.1_0 took: 1 ms
2021-09-21 18:25:56,671 [000602bb-62cb-4174-b1e5-e32eb992284f@group-66BCF67E946B-StateMachineUpdater] INFO  impl.StateMachineUpdater (StateMachineUpdater.java:takeSnapshot(281)) - 000602bb-62cb-4174-b1e5-e32eb992284f@group-66BCF67E946B-StateMachineUpdater: Took a snapshot at index 0
2021-09-21 18:25:56,671 [000602bb-62cb-4174-b1e5-e32eb992284f@group-66BCF67E946B-StateMachineUpdater] INFO  impl.StateMachineUpdater (StateMachineUpdater.java:lambda$new$0(89)) - 000602bb-62cb-4174-b1e5-e32eb992284f@group-66BCF67E946B-StateMachineUpdater: snapshotIndex: updateIncreasingly -1 -> 0
2021-09-21 18:25:56,672 [Listener at 127.0.0.1/38417] INFO  server.RaftServer$Division (ServerState.java:close(419)) - 000602bb-62cb-4174-b1e5-e32eb992284f@group-66BCF67E946B: closes. applyIndex: 0
2021-09-21 18:25:56,672 [ForkJoinPool.commonPool-worker-0] INFO  server.RaftServer$Division (ServerState.java:close(419)) - 000602bb-62cb-4174-b1e5-e32eb992284f@group-DF9194BC50DA: closes. applyIndex: 16
2021-09-21 18:25:56,672 [000602bb-62cb-4174-b1e5-e32eb992284f@group-DF9194BC50DA-SegmentedRaftLogWorker] INFO  segmented.SegmentedRaftLogWorker (SegmentedRaftLogWorker.java:run(327)) - 000602bb-62cb-4174-b1e5-e32eb992284f@group-DF9194BC50DA-SegmentedRaftLogWorker was interrupted, exiting. There are 0 tasks remaining in the queue.
2021-09-21 18:25:56,672 [000602bb-62cb-4174-b1e5-e32eb992284f@group-66BCF67E946B-SegmentedRaftLogWorker] INFO  segmented.SegmentedRaftLogWorker (SegmentedRaftLogWorker.java:run(327)) - 000602bb-62cb-4174-b1e5-e32eb992284f@group-66BCF67E946B-SegmentedRaftLogWorker was interrupted, exiting. There are 0 tasks remaining in the queue.
2021-09-21 18:25:56,673 [ForkJoinPool.commonPool-worker-0] INFO  segmented.SegmentedRaftLogWorker (SegmentedRaftLogWorker.java:close(237)) - 000602bb-62cb-4174-b1e5-e32eb992284f@group-DF9194BC50DA-SegmentedRaftLogWorker close()
2021-09-21 18:25:56,673 [Listener at 127.0.0.1/38417] INFO  segmented.SegmentedRaftLogWorker (SegmentedRaftLogWorker.java:close(237)) - 000602bb-62cb-4174-b1e5-e32eb992284f@group-66BCF67E946B-SegmentedRaftLogWorker close()
2021-09-21 18:25:56,676 [Listener at 127.0.0.1/38417] INFO  server.GrpcService (GrpcService.java:closeImpl(262)) - 000602bb-62cb-4174-b1e5-e32eb992284f: shutdown server with port 39235 now
2021-09-21 18:25:56,681 [grpc-default-executor-3] WARN  client.GrpcClientProtocolService (LogUtils.java:warn(122)) - 1-UnorderedRequestStreamObserver1: onError: org.apache.ratis.thirdparty.io.grpc.StatusRuntimeException: CANCELLED: client cancelled
2021-09-21 18:25:56,688 [grpc-default-executor-3] WARN  server.GrpcServerProtocolService (LogUtils.java:warn(122)) - 000602bb-62cb-4174-b1e5-e32eb992284f: installSnapshot onError, lastRequest: 453ecb08-f079-4424-abb7-b5b860d98fa7->000602bb-62cb-4174-b1e5-e32eb992284f#1-t2,previous=(t:0, i:0),leaderCommit=-1,initializing? true,entries: size=1, first=(t:2, i:0), CONFIGURATIONENTRY: org.apache.ratis.thirdparty.io.grpc.StatusRuntimeException: CANCELLED: client cancelled
2021-09-21 18:25:56,691 [Listener at 127.0.0.1/38417] INFO  server.GrpcService (GrpcService.java:closeImpl(271)) - 000602bb-62cb-4174-b1e5-e32eb992284f: shutdown server with port 39235 successfully
2021-09-21 18:25:56,691 [org.apache.ratis.util.JvmPauseMonitor$$Lambda$531/911890161@14fb8f55] INFO  util.JvmPauseMonitor (JvmPauseMonitor.java:run(109)) - JvmPauseMonitor-000602bb-62cb-4174-b1e5-e32eb992284f: Stopped
2021-09-21 18:25:56,695 [grpc-default-executor-2] WARN  server.GrpcLogAppender (LogUtils.java:warn(122)) - 453ecb08-f079-4424-abb7-b5b860d98fa7@group-2FE6C912F1A7->000602bb-62cb-4174-b1e5-e32eb992284f-AppendLogResponseHandler: Failed appendEntries: org.apache.ratis.thirdparty.io.grpc.StatusRuntimeException: CANCELLED: HTTP/2 error code: CANCEL
Received Rst Stream
2021-09-21 18:25:56,695 [Listener at 127.0.0.1/38417] INFO  utils.BackgroundService (BackgroundService.java:shutdown(132)) - Shutting down service BlockDeletingService
2021-09-21 18:25:56,695 [grpc-default-executor-2] WARN  server.GrpcLogAppender (GrpcLogAppender.java:resetClient(111)) - 453ecb08-f079-4424-abb7-b5b860d98fa7@group-2FE6C912F1A7->000602bb-62cb-4174-b1e5-e32eb992284f-GrpcLogAppender: Leader has not got in touch with Follower 453ecb08-f079-4424-abb7-b5b860d98fa7@group-2FE6C912F1A7->000602bb-62cb-4174-b1e5-e32eb992284f(c0,m0,n1, attendVote=true, lastRpcSendTime=1674, lastRpcResponseTime=1656) yet, just keep nextIndex unchanged and retry.
2021-09-21 18:25:57,551 [grpc-default-executor-2] WARN  server.GrpcLogAppender (LogUtils.java:warn(122)) - 453ecb08-f079-4424-abb7-b5b860d98fa7@group-2FE6C912F1A7->000602bb-62cb-4174-b1e5-e32eb992284f-AppendLogResponseHandler: Failed appendEntries: org.apache.ratis.thirdparty.io.grpc.StatusRuntimeException: UNAVAILABLE: io exception
2021-09-21 18:25:57,551 [grpc-default-executor-2] WARN  server.GrpcLogAppender (GrpcLogAppender.java:resetClient(111)) - 453ecb08-f079-4424-abb7-b5b860d98fa7@group-2FE6C912F1A7->000602bb-62cb-4174-b1e5-e32eb992284f-GrpcLogAppender: Leader has not got in touch with Follower 453ecb08-f079-4424-abb7-b5b860d98fa7@group-2FE6C912F1A7->000602bb-62cb-4174-b1e5-e32eb992284f(c0,m0,n1, attendVote=true, lastRpcSendTime=8, lastRpcResponseTime=2513) yet, just keep nextIndex unchanged and retry.
2021-09-21 18:25:58,661 [d36baf84-b85f-4b26-8f7e-d1f6b1b07563@group-5490E1C9B297-FollowerState] INFO  impl.FollowerState (FollowerState.java:run(134)) - d36baf84-b85f-4b26-8f7e-d1f6b1b07563@group-5490E1C9B297-FollowerState: change to CANDIDATE, lastRpcElapsedTime:5127286868ns, electionTimeout:5121ms
2021-09-21 18:25:58,662 [d36baf84-b85f-4b26-8f7e-d1f6b1b07563@group-5490E1C9B297-FollowerState] INFO  impl.RoleInfo (RoleInfo.java:shutdownFollowerState(108)) - d36baf84-b85f-4b26-8f7e-d1f6b1b07563: shutdown d36baf84-b85f-4b26-8f7e-d1f6b1b07563@group-5490E1C9B297-FollowerState
2021-09-21 18:25:58,662 [d36baf84-b85f-4b26-8f7e-d1f6b1b07563@group-5490E1C9B297-FollowerState] INFO  server.RaftServer$Division (RaftServerImpl.java:setRole(285)) - d36baf84-b85f-4b26-8f7e-d1f6b1b07563@group-5490E1C9B297: changes role from  FOLLOWER to CANDIDATE at term 2 for changeToCandidate
2021-09-21 18:25:58,662 [d36baf84-b85f-4b26-8f7e-d1f6b1b07563@group-5490E1C9B297-FollowerState] INFO  server.RaftServerConfigKeys (ConfUtils.java:logGet(44)) - raft.server.leaderelection.pre-vote = false (custom)
2021-09-21 18:25:58,662 [d36baf84-b85f-4b26-8f7e-d1f6b1b07563@group-5490E1C9B297-FollowerState] INFO  impl.RoleInfo (RoleInfo.java:updateAndGet(130)) - d36baf84-b85f-4b26-8f7e-d1f6b1b07563: start d36baf84-b85f-4b26-8f7e-d1f6b1b07563@group-5490E1C9B297-LeaderElection18
2021-09-21 18:25:58,673 [d36baf84-b85f-4b26-8f7e-d1f6b1b07563@group-5490E1C9B297-LeaderElection18] INFO  impl.LeaderElection (LeaderElection.java:askForVotes(306)) - d36baf84-b85f-4b26-8f7e-d1f6b1b07563@group-5490E1C9B297-LeaderElection18 ELECTION round 0: submit vote requests at term 3 for -1: [d36baf84-b85f-4b26-8f7e-d1f6b1b07563|rpc:10.1.0.27:39631|priority:0, ac1d7df1-8838-4266-a424-22c9922d1104|rpc:10.1.0.27:41255|priority:0, 7ebb7728-56c4-46fe-8faf-bd5e72c54eae|rpc:10.1.0.27:40201|priority:1], old=null
2021-09-21 18:25:58,679 [7ebb7728-56c4-46fe-8faf-bd5e72c54eae@group-5490E1C9B297-FollowerState] INFO  impl.FollowerState (FollowerState.java:run(134)) - 7ebb7728-56c4-46fe-8faf-bd5e72c54eae@group-5490E1C9B297-FollowerState: change to CANDIDATE, lastRpcElapsedTime:5133307849ns, electionTimeout:5133ms
2021-09-21 18:25:58,679 [7ebb7728-56c4-46fe-8faf-bd5e72c54eae@group-5490E1C9B297-FollowerState] INFO  impl.RoleInfo (RoleInfo.java:shutdownFollowerState(108)) - 7ebb7728-56c4-46fe-8faf-bd5e72c54eae: shutdown 7ebb7728-56c4-46fe-8faf-bd5e72c54eae@group-5490E1C9B297-FollowerState
2021-09-21 18:25:58,679 [7ebb7728-56c4-46fe-8faf-bd5e72c54eae@group-5490E1C9B297-FollowerState] INFO  server.RaftServer$Division (RaftServerImpl.java:setRole(285)) - 7ebb7728-56c4-46fe-8faf-bd5e72c54eae@group-5490E1C9B297: changes role from  FOLLOWER to CANDIDATE at term 2 for changeToCandidate
2021-09-21 18:25:58,690 [7ebb7728-56c4-46fe-8faf-bd5e72c54eae@group-5490E1C9B297-FollowerState] INFO  server.RaftServerConfigKeys (ConfUtils.java:logGet(44)) - raft.server.leaderelection.pre-vote = false (custom)
2021-09-21 18:25:58,691 [7ebb7728-56c4-46fe-8faf-bd5e72c54eae@group-5490E1C9B297-FollowerState] INFO  impl.RoleInfo (RoleInfo.java:updateAndGet(130)) - 7ebb7728-56c4-46fe-8faf-bd5e72c54eae: start 7ebb7728-56c4-46fe-8faf-bd5e72c54eae@group-5490E1C9B297-LeaderElection19
2021-09-21 18:25:58,691 [grpc-default-executor-2] INFO  server.RaftServer$Division (RaftServerImpl.java:requestVote(1043)) - ac1d7df1-8838-4266-a424-22c9922d1104@group-5490E1C9B297: receive requestVote(ELECTION, d36baf84-b85f-4b26-8f7e-d1f6b1b07563, group-5490E1C9B297, 3, (t:0, i:0))
2021-09-21 18:25:58,691 [grpc-default-executor-2] INFO  impl.VoteContext (VoteContext.java:log(48)) - ac1d7df1-8838-4266-a424-22c9922d1104@group-5490E1C9B297-FOLLOWER: accept ELECTION from d36baf84-b85f-4b26-8f7e-d1f6b1b07563: our priority 0 <= candidate's priority 0
2021-09-21 18:25:58,691 [grpc-default-executor-2] INFO  server.RaftServer$Division (RaftServerImpl.java:setRole(285)) - ac1d7df1-8838-4266-a424-22c9922d1104@group-5490E1C9B297: changes role from  FOLLOWER to FOLLOWER at term 3 for candidate:d36baf84-b85f-4b26-8f7e-d1f6b1b07563
2021-09-21 18:25:58,691 [grpc-default-executor-2] INFO  impl.RoleInfo (RoleInfo.java:shutdownFollowerState(108)) - ac1d7df1-8838-4266-a424-22c9922d1104: shutdown ac1d7df1-8838-4266-a424-22c9922d1104@group-5490E1C9B297-FollowerState
2021-09-21 18:25:58,697 [ac1d7df1-8838-4266-a424-22c9922d1104@group-5490E1C9B297-FollowerState] INFO  impl.FollowerState (FollowerState.java:run(127)) - ac1d7df1-8838-4266-a424-22c9922d1104@group-5490E1C9B297-FollowerState: Stopping now (isRunning? false, isFollower? true)
2021-09-21 18:25:58,698 [grpc-default-executor-2] INFO  impl.RoleInfo (RoleInfo.java:updateAndGet(130)) - ac1d7df1-8838-4266-a424-22c9922d1104: start ac1d7df1-8838-4266-a424-22c9922d1104@group-5490E1C9B297-FollowerState
2021-09-21 18:25:58,701 [7ebb7728-56c4-46fe-8faf-bd5e72c54eae@group-5490E1C9B297-LeaderElection19] INFO  impl.LeaderElection (LeaderElection.java:askForVotes(306)) - 7ebb7728-56c4-46fe-8faf-bd5e72c54eae@group-5490E1C9B297-LeaderElection19 ELECTION round 0: submit vote requests at term 3 for -1: [d36baf84-b85f-4b26-8f7e-d1f6b1b07563|rpc:10.1.0.27:39631|dataStream:|priority:0, ac1d7df1-8838-4266-a424-22c9922d1104|rpc:10.1.0.27:41255|dataStream:|priority:0, 7ebb7728-56c4-46fe-8faf-bd5e72c54eae|rpc:10.1.0.27:40201|dataStream:|priority:1], old=null
2021-09-21 18:25:58,714 [grpc-default-executor-2] INFO  server.RaftServer$Division (RaftServerImpl.java:requestVote(1075)) - ac1d7df1-8838-4266-a424-22c9922d1104@group-5490E1C9B297 replies to ELECTION vote request: d36baf84-b85f-4b26-8f7e-d1f6b1b07563<-ac1d7df1-8838-4266-a424-22c9922d1104#0:OK-t3. Peer's state: ac1d7df1-8838-4266-a424-22c9922d1104@group-5490E1C9B297:t3, leader=null, voted=d36baf84-b85f-4b26-8f7e-d1f6b1b07563, raftlog=ac1d7df1-8838-4266-a424-22c9922d1104@group-5490E1C9B297-SegmentedRaftLog:OPENED:c-1,f-1,i0, conf=-1: [d36baf84-b85f-4b26-8f7e-d1f6b1b07563|rpc:10.1.0.27:39631|priority:0, ac1d7df1-8838-4266-a424-22c9922d1104|rpc:10.1.0.27:41255|priority:0, 7ebb7728-56c4-46fe-8faf-bd5e72c54eae|rpc:10.1.0.27:40201|priority:1], old=null
2021-09-21 18:25:58,712 [grpc-default-executor-3] INFO  server.RaftServer$Division (RaftServerImpl.java:requestVote(1043)) - 7ebb7728-56c4-46fe-8faf-bd5e72c54eae@group-5490E1C9B297: receive requestVote(ELECTION, d36baf84-b85f-4b26-8f7e-d1f6b1b07563, group-5490E1C9B297, 3, (t:0, i:0))
2021-09-21 18:25:58,724 [grpc-default-executor-3] INFO  impl.VoteContext (VoteContext.java:log(48)) - 7ebb7728-56c4-46fe-8faf-bd5e72c54eae@group-5490E1C9B297-CANDIDATE: reject ELECTION from d36baf84-b85f-4b26-8f7e-d1f6b1b07563: already has voted for 7ebb7728-56c4-46fe-8faf-bd5e72c54eae at current term 3
2021-09-21 18:25:58,724 [grpc-default-executor-3] INFO  server.RaftServer$Division (RaftServerImpl.java:requestVote(1075)) - 7ebb7728-56c4-46fe-8faf-bd5e72c54eae@group-5490E1C9B297 replies to ELECTION vote request: d36baf84-b85f-4b26-8f7e-d1f6b1b07563<-7ebb7728-56c4-46fe-8faf-bd5e72c54eae#0:FAIL-t3. Peer's state: 7ebb7728-56c4-46fe-8faf-bd5e72c54eae@group-5490E1C9B297:t3, leader=null, voted=7ebb7728-56c4-46fe-8faf-bd5e72c54eae, raftlog=7ebb7728-56c4-46fe-8faf-bd5e72c54eae@group-5490E1C9B297-SegmentedRaftLog:OPENED:c-1,f-1,i0, conf=-1: [d36baf84-b85f-4b26-8f7e-d1f6b1b07563|rpc:10.1.0.27:39631|dataStream:|priority:0, ac1d7df1-8838-4266-a424-22c9922d1104|rpc:10.1.0.27:41255|dataStream:|priority:0, 7ebb7728-56c4-46fe-8faf-bd5e72c54eae|rpc:10.1.0.27:40201|dataStream:|priority:1], old=null
2021-09-21 18:25:58,727 [d36baf84-b85f-4b26-8f7e-d1f6b1b07563@group-5490E1C9B297-LeaderElection18] INFO  impl.LeaderElection (LeaderElection.java:logAndReturn(89)) - d36baf84-b85f-4b26-8f7e-d1f6b1b07563@group-5490E1C9B297-LeaderElection18: ELECTION REJECTED received 2 response(s) and 0 exception(s):
2021-09-21 18:25:58,739 [d36baf84-b85f-4b26-8f7e-d1f6b1b07563@group-5490E1C9B297-LeaderElection18] INFO  impl.LeaderElection (LeaderElection.java:logAndReturn(93)) -   Response 0: d36baf84-b85f-4b26-8f7e-d1f6b1b07563<-ac1d7df1-8838-4266-a424-22c9922d1104#0:OK-t3
2021-09-21 18:25:58,739 [d36baf84-b85f-4b26-8f7e-d1f6b1b07563@group-5490E1C9B297-LeaderElection18] INFO  impl.LeaderElection (LeaderElection.java:logAndReturn(93)) -   Response 1: d36baf84-b85f-4b26-8f7e-d1f6b1b07563<-7ebb7728-56c4-46fe-8faf-bd5e72c54eae#0:FAIL-t3
2021-09-21 18:25:58,739 [d36baf84-b85f-4b26-8f7e-d1f6b1b07563@group-5490E1C9B297-LeaderElection18] INFO  impl.LeaderElection (LeaderElection.java:askForVotes(308)) - d36baf84-b85f-4b26-8f7e-d1f6b1b07563@group-5490E1C9B297-LeaderElection18 ELECTION round 0: result REJECTED
2021-09-21 18:25:58,742 [d36baf84-b85f-4b26-8f7e-d1f6b1b07563@group-5490E1C9B297-LeaderElection18] INFO  server.RaftServer$Division (RaftServerImpl.java:setRole(285)) - d36baf84-b85f-4b26-8f7e-d1f6b1b07563@group-5490E1C9B297: changes role from CANDIDATE to FOLLOWER at term 3 for REJECTED
2021-09-21 18:25:58,742 [d36baf84-b85f-4b26-8f7e-d1f6b1b07563@group-5490E1C9B297-LeaderElection18] INFO  impl.RoleInfo (RoleInfo.java:shutdownLeaderElection(121)) - d36baf84-b85f-4b26-8f7e-d1f6b1b07563: shutdown d36baf84-b85f-4b26-8f7e-d1f6b1b07563@group-5490E1C9B297-LeaderElection18
2021-09-21 18:25:58,742 [d36baf84-b85f-4b26-8f7e-d1f6b1b07563@group-5490E1C9B297-LeaderElection18] INFO  impl.RoleInfo (RoleInfo.java:updateAndGet(130)) - d36baf84-b85f-4b26-8f7e-d1f6b1b07563: start d36baf84-b85f-4b26-8f7e-d1f6b1b07563@group-5490E1C9B297-FollowerState
2021-09-21 18:25:58,742 [grpc-default-executor-3] INFO  server.RaftServer$Division (RaftServerImpl.java:requestVote(1043)) - d36baf84-b85f-4b26-8f7e-d1f6b1b07563@group-5490E1C9B297: receive requestVote(ELECTION, 7ebb7728-56c4-46fe-8faf-bd5e72c54eae, group-5490E1C9B297, 3, (t:0, i:0))
2021-09-21 18:25:58,752 [grpc-default-executor-3] INFO  impl.VoteContext (VoteContext.java:log(48)) - d36baf84-b85f-4b26-8f7e-d1f6b1b07563@group-5490E1C9B297-FOLLOWER: reject ELECTION from 7ebb7728-56c4-46fe-8faf-bd5e72c54eae: already has voted for d36baf84-b85f-4b26-8f7e-d1f6b1b07563 at current term 3
2021-09-21 18:25:58,743 [grpc-default-executor-2] INFO  server.RaftServer$Division (RaftServerImpl.java:requestVote(1043)) - ac1d7df1-8838-4266-a424-22c9922d1104@group-5490E1C9B297: receive requestVote(ELECTION, 7ebb7728-56c4-46fe-8faf-bd5e72c54eae, group-5490E1C9B297, 3, (t:0, i:0))
2021-09-21 18:25:58,752 [grpc-default-executor-3] INFO  server.RaftServer$Division (RaftServerImpl.java:requestVote(1075)) - d36baf84-b85f-4b26-8f7e-d1f6b1b07563@group-5490E1C9B297 replies to ELECTION vote request: 7ebb7728-56c4-46fe-8faf-bd5e72c54eae<-d36baf84-b85f-4b26-8f7e-d1f6b1b07563#0:FAIL-t3. Peer's state: d36baf84-b85f-4b26-8f7e-d1f6b1b07563@group-5490E1C9B297:t3, leader=null, voted=d36baf84-b85f-4b26-8f7e-d1f6b1b07563, raftlog=d36baf84-b85f-4b26-8f7e-d1f6b1b07563@group-5490E1C9B297-SegmentedRaftLog:OPENED:c-1,f-1,i0, conf=-1: [d36baf84-b85f-4b26-8f7e-d1f6b1b07563|rpc:10.1.0.27:39631|priority:0, ac1d7df1-8838-4266-a424-22c9922d1104|rpc:10.1.0.27:41255|priority:0, 7ebb7728-56c4-46fe-8faf-bd5e72c54eae|rpc:10.1.0.27:40201|priority:1], old=null
2021-09-21 18:25:58,752 [grpc-default-executor-2] INFO  impl.VoteContext (VoteContext.java:log(48)) - ac1d7df1-8838-4266-a424-22c9922d1104@group-5490E1C9B297-FOLLOWER: reject ELECTION from 7ebb7728-56c4-46fe-8faf-bd5e72c54eae: already has voted for d36baf84-b85f-4b26-8f7e-d1f6b1b07563 at current term 3
2021-09-21 18:25:58,753 [grpc-default-executor-2] INFO  server.RaftServer$Division (RaftServerImpl.java:requestVote(1075)) - ac1d7df1-8838-4266-a424-22c9922d1104@group-5490E1C9B297 replies to ELECTION vote request: 7ebb7728-56c4-46fe-8faf-bd5e72c54eae<-ac1d7df1-8838-4266-a424-22c9922d1104#0:FAIL-t3. Peer's state: ac1d7df1-8838-4266-a424-22c9922d1104@group-5490E1C9B297:t3, leader=null, voted=d36baf84-b85f-4b26-8f7e-d1f6b1b07563, raftlog=ac1d7df1-8838-4266-a424-22c9922d1104@group-5490E1C9B297-SegmentedRaftLog:OPENED:c-1,f-1,i0, conf=-1: [d36baf84-b85f-4b26-8f7e-d1f6b1b07563|rpc:10.1.0.27:39631|priority:0, ac1d7df1-8838-4266-a424-22c9922d1104|rpc:10.1.0.27:41255|priority:0, 7ebb7728-56c4-46fe-8faf-bd5e72c54eae|rpc:10.1.0.27:40201|priority:1], old=null
2021-09-21 18:25:58,758 [7ebb7728-56c4-46fe-8faf-bd5e72c54eae@group-5490E1C9B297-LeaderElection19] INFO  impl.LeaderElection (LeaderElection.java:logAndReturn(89)) - 7ebb7728-56c4-46fe-8faf-bd5e72c54eae@group-5490E1C9B297-LeaderElection19: ELECTION REJECTED received 2 response(s) and 0 exception(s):
2021-09-21 18:25:58,760 [7ebb7728-56c4-46fe-8faf-bd5e72c54eae@group-5490E1C9B297-LeaderElection19] INFO  impl.LeaderElection (LeaderElection.java:logAndReturn(93)) -   Response 0: 7ebb7728-56c4-46fe-8faf-bd5e72c54eae<-d36baf84-b85f-4b26-8f7e-d1f6b1b07563#0:FAIL-t3
2021-09-21 18:25:58,760 [7ebb7728-56c4-46fe-8faf-bd5e72c54eae@group-5490E1C9B297-LeaderElection19] INFO  impl.LeaderElection (LeaderElection.java:logAndReturn(93)) -   Response 1: 7ebb7728-56c4-46fe-8faf-bd5e72c54eae<-ac1d7df1-8838-4266-a424-22c9922d1104#0:FAIL-t3
2021-09-21 18:25:58,760 [7ebb7728-56c4-46fe-8faf-bd5e72c54eae@group-5490E1C9B297-LeaderElection19] INFO  impl.LeaderElection (LeaderElection.java:askForVotes(308)) - 7ebb7728-56c4-46fe-8faf-bd5e72c54eae@group-5490E1C9B297-LeaderElection19 ELECTION round 0: result REJECTED
2021-09-21 18:25:58,760 [7ebb7728-56c4-46fe-8faf-bd5e72c54eae@group-5490E1C9B297-LeaderElection19] INFO  server.RaftServer$Division (RaftServerImpl.java:setRole(285)) - 7ebb7728-56c4-46fe-8faf-bd5e72c54eae@group-5490E1C9B297: changes role from CANDIDATE to FOLLOWER at term 3 for REJECTED
2021-09-21 18:25:58,760 [7ebb7728-56c4-46fe-8faf-bd5e72c54eae@group-5490E1C9B297-LeaderElection19] INFO  impl.RoleInfo (RoleInfo.java:shutdownLeaderElection(121)) - 7ebb7728-56c4-46fe-8faf-bd5e72c54eae: shutdown 7ebb7728-56c4-46fe-8faf-bd5e72c54eae@group-5490E1C9B297-LeaderElection19
2021-09-21 18:25:58,760 [7ebb7728-56c4-46fe-8faf-bd5e72c54eae@group-5490E1C9B297-LeaderElection19] INFO  impl.RoleInfo (RoleInfo.java:updateAndGet(130)) - 7ebb7728-56c4-46fe-8faf-bd5e72c54eae: start 7ebb7728-56c4-46fe-8faf-bd5e72c54eae@group-5490E1C9B297-FollowerState
2021-09-21 18:25:59,540 [d36baf84-b85f-4b26-8f7e-d1f6b1b07563@group-6CB704DD8418-FollowerState] INFO  impl.FollowerState (FollowerState.java:run(134)) - d36baf84-b85f-4b26-8f7e-d1f6b1b07563@group-6CB704DD8418-FollowerState: change to CANDIDATE, lastRpcElapsedTime:5066665089ns, electionTimeout:5057ms
2021-09-21 18:25:59,550 [d36baf84-b85f-4b26-8f7e-d1f6b1b07563@group-6CB704DD8418-FollowerState] INFO  impl.RoleInfo (RoleInfo.java:shutdownFollowerState(108)) - d36baf84-b85f-4b26-8f7e-d1f6b1b07563: shutdown d36baf84-b85f-4b26-8f7e-d1f6b1b07563@group-6CB704DD8418-FollowerState
2021-09-21 18:25:59,550 [d36baf84-b85f-4b26-8f7e-d1f6b1b07563@group-6CB704DD8418-FollowerState] INFO  server.RaftServer$Division (RaftServerImpl.java:setRole(285)) - d36baf84-b85f-4b26-8f7e-d1f6b1b07563@group-6CB704DD8418: changes role from  FOLLOWER to CANDIDATE at term 2 for changeToCandidate
2021-09-21 18:25:59,550 [d36baf84-b85f-4b26-8f7e-d1f6b1b07563@group-6CB704DD8418-FollowerState] INFO  server.RaftServerConfigKeys (ConfUtils.java:logGet(44)) - raft.server.leaderelection.pre-vote = false (custom)
2021-09-21 18:25:59,550 [d36baf84-b85f-4b26-8f7e-d1f6b1b07563@group-6CB704DD8418-FollowerState] INFO  impl.RoleInfo (RoleInfo.java:updateAndGet(130)) - d36baf84-b85f-4b26-8f7e-d1f6b1b07563: start d36baf84-b85f-4b26-8f7e-d1f6b1b07563@group-6CB704DD8418-LeaderElection20
2021-09-21 18:25:59,565 [ac1d7df1-8838-4266-a424-22c9922d1104@group-6CB704DD8418-FollowerState] INFO  impl.FollowerState (FollowerState.java:run(134)) - ac1d7df1-8838-4266-a424-22c9922d1104@group-6CB704DD8418-FollowerState: change to CANDIDATE, lastRpcElapsedTime:5097208386ns, electionTimeout:5084ms
2021-09-21 18:25:59,565 [ac1d7df1-8838-4266-a424-22c9922d1104@group-6CB704DD8418-FollowerState] INFO  impl.RoleInfo (RoleInfo.java:shutdownFollowerState(108)) - ac1d7df1-8838-4266-a424-22c9922d1104: shutdown ac1d7df1-8838-4266-a424-22c9922d1104@group-6CB704DD8418-FollowerState
2021-09-21 18:25:59,565 [ac1d7df1-8838-4266-a424-22c9922d1104@group-6CB704DD8418-FollowerState] INFO  server.RaftServer$Division (RaftServerImpl.java:setRole(285)) - ac1d7df1-8838-4266-a424-22c9922d1104@group-6CB704DD8418: changes role from  FOLLOWER to CANDIDATE at term 2 for changeToCandidate
2021-09-21 18:25:59,565 [ac1d7df1-8838-4266-a424-22c9922d1104@group-6CB704DD8418-FollowerState] INFO  server.RaftServerConfigKeys (ConfUtils.java:logGet(44)) - raft.server.leaderelection.pre-vote = false (custom)
2021-09-21 18:25:59,565 [ac1d7df1-8838-4266-a424-22c9922d1104@group-6CB704DD8418-FollowerState] INFO  impl.RoleInfo (RoleInfo.java:updateAndGet(130)) - ac1d7df1-8838-4266-a424-22c9922d1104: start ac1d7df1-8838-4266-a424-22c9922d1104@group-6CB704DD8418-LeaderElection21
2021-09-21 18:25:59,579 [d36baf84-b85f-4b26-8f7e-d1f6b1b07563@group-6CB704DD8418-LeaderElection20] INFO  impl.LeaderElection (LeaderElection.java:askForVotes(306)) - d36baf84-b85f-4b26-8f7e-d1f6b1b07563@group-6CB704DD8418-LeaderElection20 ELECTION round 0: submit vote requests at term 3 for -1: [d36baf84-b85f-4b26-8f7e-d1f6b1b07563|rpc:10.1.0.27:39631|dataStream:|priority:0, ac1d7df1-8838-4266-a424-22c9922d1104|rpc:10.1.0.27:41255|dataStream:|priority:1, 7ebb7728-56c4-46fe-8faf-bd5e72c54eae|rpc:10.1.0.27:40201|dataStream:|priority:0], old=null
2021-09-21 18:25:59,580 [ac1d7df1-8838-4266-a424-22c9922d1104@group-6CB704DD8418-LeaderElection21] INFO  impl.LeaderElection (LeaderElection.java:askForVotes(306)) - ac1d7df1-8838-4266-a424-22c9922d1104@group-6CB704DD8418-LeaderElection21 ELECTION round 0: submit vote requests at term 3 for -1: [d36baf84-b85f-4b26-8f7e-d1f6b1b07563|rpc:10.1.0.27:39631|priority:0, ac1d7df1-8838-4266-a424-22c9922d1104|rpc:10.1.0.27:41255|priority:1, 7ebb7728-56c4-46fe-8faf-bd5e72c54eae|rpc:10.1.0.27:40201|priority:0], old=null
2021-09-21 18:25:59,592 [grpc-default-executor-3] INFO  server.RaftServer$Division (RaftServerImpl.java:requestVote(1043)) - ac1d7df1-8838-4266-a424-22c9922d1104@group-6CB704DD8418: receive requestVote(ELECTION, d36baf84-b85f-4b26-8f7e-d1f6b1b07563, group-6CB704DD8418, 3, (t:0, i:0))
2021-09-21 18:25:59,593 [grpc-default-executor-3] INFO  impl.VoteContext (VoteContext.java:log(48)) - ac1d7df1-8838-4266-a424-22c9922d1104@group-6CB704DD8418-CANDIDATE: reject ELECTION from d36baf84-b85f-4b26-8f7e-d1f6b1b07563: already has voted for ac1d7df1-8838-4266-a424-22c9922d1104 at current term 3
2021-09-21 18:25:59,593 [grpc-default-executor-3] INFO  server.RaftServer$Division (RaftServerImpl.java:requestVote(1075)) - ac1d7df1-8838-4266-a424-22c9922d1104@group-6CB704DD8418 replies to ELECTION vote request: d36baf84-b85f-4b26-8f7e-d1f6b1b07563<-ac1d7df1-8838-4266-a424-22c9922d1104#0:FAIL-t3. Peer's state: ac1d7df1-8838-4266-a424-22c9922d1104@group-6CB704DD8418:t3, leader=null, voted=ac1d7df1-8838-4266-a424-22c9922d1104, raftlog=ac1d7df1-8838-4266-a424-22c9922d1104@group-6CB704DD8418-SegmentedRaftLog:OPENED:c-1,f-1,i0, conf=-1: [d36baf84-b85f-4b26-8f7e-d1f6b1b07563|rpc:10.1.0.27:39631|priority:0, ac1d7df1-8838-4266-a424-22c9922d1104|rpc:10.1.0.27:41255|priority:1, 7ebb7728-56c4-46fe-8faf-bd5e72c54eae|rpc:10.1.0.27:40201|priority:0], old=null
2021-09-21 18:25:59,601 [d36baf84-b85f-4b26-8f7e-d1f6b1b07563@group-6CB704DD8418-LeaderElection20] INFO  impl.LeaderElection (LeaderElection.java:logAndReturn(89)) - d36baf84-b85f-4b26-8f7e-d1f6b1b07563@group-6CB704DD8418-LeaderElection20: ELECTION REJECTED received 1 response(s) and 0 exception(s):
2021-09-21 18:25:59,601 [d36baf84-b85f-4b26-8f7e-d1f6b1b07563@group-6CB704DD8418-LeaderElection20] INFO  impl.LeaderElection (LeaderElection.java:logAndReturn(93)) -   Response 0: d36baf84-b85f-4b26-8f7e-d1f6b1b07563<-ac1d7df1-8838-4266-a424-22c9922d1104#0:FAIL-t3
2021-09-21 18:25:59,604 [d36baf84-b85f-4b26-8f7e-d1f6b1b07563@group-6CB704DD8418-LeaderElection20] INFO  impl.LeaderElection (LeaderElection.java:askForVotes(308)) - d36baf84-b85f-4b26-8f7e-d1f6b1b07563@group-6CB704DD8418-LeaderElection20 ELECTION round 0: result REJECTED
2021-09-21 18:25:59,604 [d36baf84-b85f-4b26-8f7e-d1f6b1b07563@group-6CB704DD8418-LeaderElection20] INFO  server.RaftServer$Division (RaftServerImpl.java:setRole(285)) - d36baf84-b85f-4b26-8f7e-d1f6b1b07563@group-6CB704DD8418: changes role from CANDIDATE to FOLLOWER at term 3 for REJECTED
2021-09-21 18:25:59,604 [d36baf84-b85f-4b26-8f7e-d1f6b1b07563@group-6CB704DD8418-LeaderElection20] INFO  impl.RoleInfo (RoleInfo.java:shutdownLeaderElection(121)) - d36baf84-b85f-4b26-8f7e-d1f6b1b07563: shutdown d36baf84-b85f-4b26-8f7e-d1f6b1b07563@group-6CB704DD8418-LeaderElection20
2021-09-21 18:25:59,604 [d36baf84-b85f-4b26-8f7e-d1f6b1b07563@group-6CB704DD8418-LeaderElection20] INFO  impl.RoleInfo (RoleInfo.java:updateAndGet(130)) - d36baf84-b85f-4b26-8f7e-d1f6b1b07563: start d36baf84-b85f-4b26-8f7e-d1f6b1b07563@group-6CB704DD8418-FollowerState
2021-09-21 18:25:59,607 [grpc-default-executor-3] INFO  server.RaftServer$Division (RaftServerImpl.java:requestVote(1043)) - 7ebb7728-56c4-46fe-8faf-bd5e72c54eae@group-6CB704DD8418: receive requestVote(ELECTION, d36baf84-b85f-4b26-8f7e-d1f6b1b07563, group-6CB704DD8418, 3, (t:0, i:0))
2021-09-21 18:25:59,607 [grpc-default-executor-3] INFO  impl.VoteContext (VoteContext.java:log(48)) - 7ebb7728-56c4-46fe-8faf-bd5e72c54eae@group-6CB704DD8418-FOLLOWER: accept ELECTION from d36baf84-b85f-4b26-8f7e-d1f6b1b07563: our priority 0 <= candidate's priority 0
2021-09-21 18:25:59,607 [grpc-default-executor-3] INFO  server.RaftServer$Division (RaftServerImpl.java:setRole(285)) - 7ebb7728-56c4-46fe-8faf-bd5e72c54eae@group-6CB704DD8418: changes role from  FOLLOWER to FOLLOWER at term 3 for candidate:d36baf84-b85f-4b26-8f7e-d1f6b1b07563
2021-09-21 18:25:59,607 [grpc-default-executor-3] INFO  impl.RoleInfo (RoleInfo.java:shutdownFollowerState(108)) - 7ebb7728-56c4-46fe-8faf-bd5e72c54eae: shutdown 7ebb7728-56c4-46fe-8faf-bd5e72c54eae@group-6CB704DD8418-FollowerState
2021-09-21 18:25:59,607 [grpc-default-executor-3] INFO  impl.RoleInfo (RoleInfo.java:updateAndGet(130)) - 7ebb7728-56c4-46fe-8faf-bd5e72c54eae: start 7ebb7728-56c4-46fe-8faf-bd5e72c54eae@group-6CB704DD8418-FollowerState
2021-09-21 18:25:59,608 [7ebb7728-56c4-46fe-8faf-bd5e72c54eae@group-6CB704DD8418-FollowerState] INFO  impl.FollowerState (FollowerState.java:run(143)) - 7ebb7728-56c4-46fe-8faf-bd5e72c54eae@group-6CB704DD8418-FollowerState was interrupted: {}
java.lang.InterruptedException: sleep interrupted
	at java.lang.Thread.sleep(Native Method)
	at java.lang.Thread.sleep(Thread.java:340)
	at java.util.concurrent.TimeUnit.sleep(TimeUnit.java:386)
	at org.apache.ratis.util.TimeDuration.sleep(TimeDuration.java:324)
	at org.apache.ratis.util.TimeDuration.sleep(TimeDuration.java:309)
	at org.apache.ratis.server.impl.FollowerState.run(FollowerState.java:118)
2021-09-21 18:25:59,616 [grpc-default-executor-3] INFO  server.RaftServer$Division (RaftServerImpl.java:requestVote(1075)) - 7ebb7728-56c4-46fe-8faf-bd5e72c54eae@group-6CB704DD8418 replies to ELECTION vote request: d36baf84-b85f-4b26-8f7e-d1f6b1b07563<-7ebb7728-56c4-46fe-8faf-bd5e72c54eae#0:OK-t3. Peer's state: 7ebb7728-56c4-46fe-8faf-bd5e72c54eae@group-6CB704DD8418:t3, leader=null, voted=d36baf84-b85f-4b26-8f7e-d1f6b1b07563, raftlog=7ebb7728-56c4-46fe-8faf-bd5e72c54eae@group-6CB704DD8418-SegmentedRaftLog:OPENED:c-1,f-1,i0, conf=-1: [d36baf84-b85f-4b26-8f7e-d1f6b1b07563|rpc:10.1.0.27:39631|priority:0, ac1d7df1-8838-4266-a424-22c9922d1104|rpc:10.1.0.27:41255|priority:1, 7ebb7728-56c4-46fe-8faf-bd5e72c54eae|rpc:10.1.0.27:40201|priority:0], old=null
2021-09-21 18:25:59,628 [grpc-default-executor-2] INFO  server.RaftServer$Division (RaftServerImpl.java:requestVote(1043)) - 7ebb7728-56c4-46fe-8faf-bd5e72c54eae@group-6CB704DD8418: receive requestVote(ELECTION, ac1d7df1-8838-4266-a424-22c9922d1104, group-6CB704DD8418, 3, (t:0, i:0))
2021-09-21 18:25:59,628 [grpc-default-executor-2] INFO  impl.VoteContext (VoteContext.java:log(48)) - 7ebb7728-56c4-46fe-8faf-bd5e72c54eae@group-6CB704DD8418-FOLLOWER: reject ELECTION from ac1d7df1-8838-4266-a424-22c9922d1104: already has voted for d36baf84-b85f-4b26-8f7e-d1f6b1b07563 at current term 3
2021-09-21 18:25:59,628 [grpc-default-executor-2] INFO  server.RaftServer$Division (RaftServerImpl.java:requestVote(1075)) - 7ebb7728-56c4-46fe-8faf-bd5e72c54eae@group-6CB704DD8418 replies to ELECTION vote request: ac1d7df1-8838-4266-a424-22c9922d1104<-7ebb7728-56c4-46fe-8faf-bd5e72c54eae#0:FAIL-t3. Peer's state: 7ebb7728-56c4-46fe-8faf-bd5e72c54eae@group-6CB704DD8418:t3, leader=null, voted=d36baf84-b85f-4b26-8f7e-d1f6b1b07563, raftlog=7ebb7728-56c4-46fe-8faf-bd5e72c54eae@group-6CB704DD8418-SegmentedRaftLog:OPENED:c-1,f-1,i0, conf=-1: [d36baf84-b85f-4b26-8f7e-d1f6b1b07563|rpc:10.1.0.27:39631|priority:0, ac1d7df1-8838-4266-a424-22c9922d1104|rpc:10.1.0.27:41255|priority:1, 7ebb7728-56c4-46fe-8faf-bd5e72c54eae|rpc:10.1.0.27:40201|priority:0], old=null
2021-09-21 18:25:59,629 [grpc-default-executor-3] INFO  server.RaftServer$Division (RaftServerImpl.java:requestVote(1043)) - d36baf84-b85f-4b26-8f7e-d1f6b1b07563@group-6CB704DD8418: receive requestVote(ELECTION, ac1d7df1-8838-4266-a424-22c9922d1104, group-6CB704DD8418, 3, (t:0, i:0))
2021-09-21 18:25:59,629 [grpc-default-executor-3] INFO  impl.VoteContext (VoteContext.java:log(48)) - d36baf84-b85f-4b26-8f7e-d1f6b1b07563@group-6CB704DD8418-FOLLOWER: reject ELECTION from ac1d7df1-8838-4266-a424-22c9922d1104: already has voted for d36baf84-b85f-4b26-8f7e-d1f6b1b07563 at current term 3
2021-09-21 18:25:59,629 [grpc-default-executor-3] INFO  server.RaftServer$Division (RaftServerImpl.java:requestVote(1075)) - d36baf84-b85f-4b26-8f7e-d1f6b1b07563@group-6CB704DD8418 replies to ELECTION vote request: ac1d7df1-8838-4266-a424-22c9922d1104<-d36baf84-b85f-4b26-8f7e-d1f6b1b07563#0:FAIL-t3. Peer's state: d36baf84-b85f-4b26-8f7e-d1f6b1b07563@group-6CB704DD8418:t3, leader=null, voted=d36baf84-b85f-4b26-8f7e-d1f6b1b07563, raftlog=d36baf84-b85f-4b26-8f7e-d1f6b1b07563@group-6CB704DD8418-SegmentedRaftLog:OPENED:c-1,f-1,i0, conf=-1: [d36baf84-b85f-4b26-8f7e-d1f6b1b07563|rpc:10.1.0.27:39631|dataStream:|priority:0, ac1d7df1-8838-4266-a424-22c9922d1104|rpc:10.1.0.27:41255|dataStream:|priority:1, 7ebb7728-56c4-46fe-8faf-bd5e72c54eae|rpc:10.1.0.27:40201|dataStream:|priority:0], old=null
2021-09-21 18:25:59,640 [ac1d7df1-8838-4266-a424-22c9922d1104@group-6CB704DD8418-LeaderElection21] INFO  impl.LeaderElection (LeaderElection.java:logAndReturn(89)) - ac1d7df1-8838-4266-a424-22c9922d1104@group-6CB704DD8418-LeaderElection21: ELECTION REJECTED received 2 response(s) and 0 exception(s):
2021-09-21 18:25:59,640 [ac1d7df1-8838-4266-a424-22c9922d1104@group-6CB704DD8418-LeaderElection21] INFO  impl.LeaderElection (LeaderElection.java:logAndReturn(93)) -   Response 0: ac1d7df1-8838-4266-a424-22c9922d1104<-d36baf84-b85f-4b26-8f7e-d1f6b1b07563#0:FAIL-t3
2021-09-21 18:25:59,640 [ac1d7df1-8838-4266-a424-22c9922d1104@group-6CB704DD8418-LeaderElection21] INFO  impl.LeaderElection (LeaderElection.java:logAndReturn(93)) -   Response 1: ac1d7df1-8838-4266-a424-22c9922d1104<-7ebb7728-56c4-46fe-8faf-bd5e72c54eae#0:FAIL-t3
2021-09-21 18:25:59,640 [ac1d7df1-8838-4266-a424-22c9922d1104@group-6CB704DD8418-LeaderElection21] INFO  impl.LeaderElection (LeaderElection.java:askForVotes(308)) - ac1d7df1-8838-4266-a424-22c9922d1104@group-6CB704DD8418-LeaderElection21 ELECTION round 0: result REJECTED
2021-09-21 18:25:59,640 [ac1d7df1-8838-4266-a424-22c9922d1104@group-6CB704DD8418-LeaderElection21] INFO  server.RaftServer$Division (RaftServerImpl.java:setRole(285)) - ac1d7df1-8838-4266-a424-22c9922d1104@group-6CB704DD8418: changes role from CANDIDATE to FOLLOWER at term 3 for REJECTED
2021-09-21 18:25:59,640 [ac1d7df1-8838-4266-a424-22c9922d1104@group-6CB704DD8418-LeaderElection21] INFO  impl.RoleInfo (RoleInfo.java:shutdownLeaderElection(121)) - ac1d7df1-8838-4266-a424-22c9922d1104: shutdown ac1d7df1-8838-4266-a424-22c9922d1104@group-6CB704DD8418-LeaderElection21
2021-09-21 18:25:59,640 [ac1d7df1-8838-4266-a424-22c9922d1104@group-6CB704DD8418-LeaderElection21] INFO  impl.RoleInfo (RoleInfo.java:updateAndGet(130)) - ac1d7df1-8838-4266-a424-22c9922d1104: start ac1d7df1-8838-4266-a424-22c9922d1104@group-6CB704DD8418-FollowerState
2021-09-21 18:25:59,699 [Listener at 127.0.0.1/38417] INFO  statemachine.DatanodeStateMachine (DatanodeStateMachine.java:stopDaemon(515)) - Ozone container server stopped.
2021-09-21 18:25:59,702 [Listener at 127.0.0.1/38417] INFO  handler.ContextHandler (ContextHandler.java:doStop(1153)) - Stopped o.e.j.w.WebAppContext@3c4bbd95{hddsDatanode,/,null,STOPPED}{jar:file:/home/runner/.m2/repository/org/apache/ozone/hdds-container-service/1.2.0-SNAPSHOT/hdds-container-service-1.2.0-SNAPSHOT.jar!/webapps/hddsDatanode}
2021-09-21 18:25:59,710 [Listener at 127.0.0.1/38417] INFO  server.AbstractConnector (AbstractConnector.java:doStop(381)) - Stopped ServerConnector@7d3a892f{HTTP/1.1, (http/1.1)}{0.0.0.0:0}
2021-09-21 18:25:59,710 [Listener at 127.0.0.1/38417] INFO  server.session (HouseKeeper.java:stopScavenging(149)) - node0 Stopped scavenging
2021-09-21 18:25:59,710 [Listener at 127.0.0.1/38417] INFO  handler.ContextHandler (ContextHandler.java:doStop(1153)) - Stopped o.e.j.s.ServletContextHandler@4c4e7470{static,/static,jar:file:/home/runner/.m2/repository/org/apache/ozone/hdds-container-service/1.2.0-SNAPSHOT/hdds-container-service-1.2.0-SNAPSHOT.jar!/webapps/static,STOPPED}
2021-09-21 18:25:59,710 [Listener at 127.0.0.1/38417] INFO  handler.ContextHandler (ContextHandler.java:doStop(1153)) - Stopped o.e.j.s.ServletContextHandler@271688d6{logs,/logs,file:///home/runner/work/ozone/ozone/hadoop-ozone/integration-test/target/log,STOPPED}
2021-09-21 18:26:00,043 [grpc-default-executor-2] WARN  server.GrpcLogAppender (LogUtils.java:warn(122)) - 453ecb08-f079-4424-abb7-b5b860d98fa7@group-2FE6C912F1A7->000602bb-62cb-4174-b1e5-e32eb992284f-AppendLogResponseHandler: Failed appendEntries: org.apache.ratis.thirdparty.io.grpc.StatusRuntimeException: UNAVAILABLE: io exception
2021-09-21 18:26:00,063 [grpc-default-executor-2] WARN  server.GrpcLogAppender (GrpcLogAppender.java:resetClient(111)) - 453ecb08-f079-4424-abb7-b5b860d98fa7@group-2FE6C912F1A7->000602bb-62cb-4174-b1e5-e32eb992284f-GrpcLogAppender: Leader has not got in touch with Follower 453ecb08-f079-4424-abb7-b5b860d98fa7@group-2FE6C912F1A7->000602bb-62cb-4174-b1e5-e32eb992284f(c0,m0,n1, attendVote=true, lastRpcSendTime=0, lastRpcResponseTime=5025) yet, just keep nextIndex unchanged and retry.
2021-09-21 18:26:01,263 [EventQueue-StaleNodeForStaleNodeHandler] INFO  node.StaleNodeHandler (StaleNodeHandler.java:onMessage(58)) - Datanode 000602bb-62cb-4174-b1e5-e32eb992284f{ip: 10.1.0.27, host: fv-az122-453.zf1tlrj3kn4expqppa1j4mpycf.xx.internal.cloudapp.net, ports: [REPLICATION=38231, RATIS=39235, RATIS_ADMIN=39235, RATIS_SERVER=39235, STANDALONE=33401], networkLocation: /default-rack, certSerialId: null, persistedOpState: IN_SERVICE, persistedOpStateExpiryEpochSec: 0} moved to stale state. Finalizing its pipelines [PipelineID=2d503cb4-199a-4431-97fc-2fe6c912f1a7, PipelineID=1c34d39f-0136-47b1-86a3-66bcf67e946b, PipelineID=3a97cb87-08b0-4d45-b12e-df9194bc50da]
2021-09-21 18:26:01,264 [EventQueue-StaleNodeForStaleNodeHandler] INFO  pipeline.PipelineManagerImpl (PipelineManagerImpl.java:closePipeline(342)) - Pipeline Pipeline[ Id: 2d503cb4-199a-4431-97fc-2fe6c912f1a7, Nodes: 453ecb08-f079-4424-abb7-b5b860d98fa7{ip: 10.1.0.27, host: fv-az122-453.zf1tlrj3kn4expqppa1j4mpycf.xx.internal.cloudapp.net, ports: [REPLICATION=44591, RATIS=45375, RATIS_ADMIN=45375, RATIS_SERVER=45375, STANDALONE=33283], networkLocation: /default-rack, certSerialId: null, persistedOpState: IN_SERVICE, persistedOpStateExpiryEpochSec: 0}6174554c-eda6-4ca8-a498-7acedbc2905d{ip: 10.1.0.27, host: fv-az122-453.zf1tlrj3kn4expqppa1j4mpycf.xx.internal.cloudapp.net, ports: [REPLICATION=39077, RATIS=43953, RATIS_ADMIN=43953, RATIS_SERVER=43953, STANDALONE=38229], networkLocation: /default-rack, certSerialId: null, persistedOpState: IN_SERVICE, persistedOpStateExpiryEpochSec: 0}000602bb-62cb-4174-b1e5-e32eb992284f{ip: 10.1.0.27, host: fv-az122-453.zf1tlrj3kn4expqppa1j4mpycf.xx.internal.cloudapp.net, ports: [REPLICATION=38231, RATIS=39235, RATIS_ADMIN=39235, RATIS_SERVER=39235, STANDALONE=33401], networkLocation: /default-rack, certSerialId: null, persistedOpState: IN_SERVICE, persistedOpStateExpiryEpochSec: 0}, ReplicationConfig: RATIS/THREE, State:OPEN, leaderId:453ecb08-f079-4424-abb7-b5b860d98fa7, CreationTimestamp2021-09-21T18:25:41.834Z[Etc/UTC]] moved to CLOSED state
2021-09-21 18:26:01,264 [EventQueue-StaleNodeForStaleNodeHandler] INFO  pipeline.PipelineManagerImpl (PipelineManagerImpl.java:closePipeline(342)) - Pipeline Pipeline[ Id: 1c34d39f-0136-47b1-86a3-66bcf67e946b, Nodes: 000602bb-62cb-4174-b1e5-e32eb992284f{ip: 10.1.0.27, host: fv-az122-453.zf1tlrj3kn4expqppa1j4mpycf.xx.internal.cloudapp.net, ports: [REPLICATION=38231, RATIS=39235, RATIS_ADMIN=39235, RATIS_SERVER=39235, STANDALONE=33401], networkLocation: /default-rack, certSerialId: null, persistedOpState: IN_SERVICE, persistedOpStateExpiryEpochSec: 0}, ReplicationConfig: RATIS/ONE, State:OPEN, leaderId:000602bb-62cb-4174-b1e5-e32eb992284f, CreationTimestamp2021-09-21T18:25:41.361Z[Etc/UTC]] moved to CLOSED state
2021-09-21 18:26:01,265 [EventQueue-StaleNodeForStaleNodeHandler] INFO  pipeline.PipelineManagerImpl (PipelineManagerImpl.java:closePipeline(342)) - Pipeline Pipeline[ Id: 3a97cb87-08b0-4d45-b12e-df9194bc50da, Nodes: 000602bb-62cb-4174-b1e5-e32eb992284f{ip: 10.1.0.27, host: fv-az122-453.zf1tlrj3kn4expqppa1j4mpycf.xx.internal.cloudapp.net, ports: [REPLICATION=38231, RATIS=39235, RATIS_ADMIN=39235, RATIS_SERVER=39235, STANDALONE=33401], networkLocation: /default-rack, certSerialId: null, persistedOpState: IN_SERVICE, persistedOpStateExpiryEpochSec: 0}6174554c-eda6-4ca8-a498-7acedbc2905d{ip: 10.1.0.27, host: fv-az122-453.zf1tlrj3kn4expqppa1j4mpycf.xx.internal.cloudapp.net, ports: [REPLICATION=39077, RATIS=43953, RATIS_ADMIN=43953, RATIS_SERVER=43953, STANDALONE=38229], networkLocation: /default-rack, certSerialId: null, persistedOpState: IN_SERVICE, persistedOpStateExpiryEpochSec: 0}453ecb08-f079-4424-abb7-b5b860d98fa7{ip: 10.1.0.27, host: fv-az122-453.zf1tlrj3kn4expqppa1j4mpycf.xx.internal.cloudapp.net, ports: [REPLICATION=44591, RATIS=45375, RATIS_ADMIN=45375, RATIS_SERVER=45375, STANDALONE=33283], networkLocation: /default-rack, certSerialId: null, persistedOpState: IN_SERVICE, persistedOpStateExpiryEpochSec: 0}, ReplicationConfig: RATIS/THREE, State:OPEN, leaderId:000602bb-62cb-4174-b1e5-e32eb992284f, CreationTimestamp2021-09-21T18:25:41.832Z[Etc/UTC]] moved to CLOSED state
2021-09-21 18:26:01,265 [EventQueue-CloseContainerForCloseContainerEventHandler] INFO  container.CloseContainerEventHandler (CloseContainerEventHandler.java:onMessage(69)) - Close container Event triggered for container : #1
2021-09-21 18:26:02,564 [grpc-default-executor-3] WARN  server.GrpcLogAppender (LogUtils.java:warn(122)) - 453ecb08-f079-4424-abb7-b5b860d98fa7@group-2FE6C912F1A7->000602bb-62cb-4174-b1e5-e32eb992284f-AppendLogResponseHandler: Failed appendEntries: org.apache.ratis.thirdparty.io.grpc.StatusRuntimeException: UNAVAILABLE: io exception
2021-09-21 18:26:02,565 [grpc-default-executor-3] WARN  server.GrpcLogAppender (GrpcLogAppender.java:resetClient(111)) - 453ecb08-f079-4424-abb7-b5b860d98fa7@group-2FE6C912F1A7->000602bb-62cb-4174-b1e5-e32eb992284f-GrpcLogAppender: Leader has not got in touch with Follower 453ecb08-f079-4424-abb7-b5b860d98fa7@group-2FE6C912F1A7->000602bb-62cb-4174-b1e5-e32eb992284f(c0,m0,n1, attendVote=true, lastRpcSendTime=1, lastRpcResponseTime=7526) yet, just keep nextIndex unchanged and retry.
2021-09-21 18:26:03,779 [d36baf84-b85f-4b26-8f7e-d1f6b1b07563@group-5490E1C9B297-FollowerState] INFO  impl.FollowerState (FollowerState.java:run(134)) - d36baf84-b85f-4b26-8f7e-d1f6b1b07563@group-5490E1C9B297-FollowerState: change to CANDIDATE, lastRpcElapsedTime:5037591459ns, electionTimeout:5027ms
2021-09-21 18:26:03,780 [d36baf84-b85f-4b26-8f7e-d1f6b1b07563@group-5490E1C9B297-FollowerState] INFO  impl.RoleInfo (RoleInfo.java:shutdownFollowerState(108)) - d36baf84-b85f-4b26-8f7e-d1f6b1b07563: shutdown d36baf84-b85f-4b26-8f7e-d1f6b1b07563@group-5490E1C9B297-FollowerState
2021-09-21 18:26:03,780 [d36baf84-b85f-4b26-8f7e-d1f6b1b07563@group-5490E1C9B297-FollowerState] INFO  server.RaftServer$Division (RaftServerImpl.java:setRole(285)) - d36baf84-b85f-4b26-8f7e-d1f6b1b07563@group-5490E1C9B297: changes role from  FOLLOWER to CANDIDATE at term 3 for changeToCandidate
2021-09-21 18:26:03,780 [d36baf84-b85f-4b26-8f7e-d1f6b1b07563@group-5490E1C9B297-FollowerState] INFO  server.RaftServerConfigKeys (ConfUtils.java:logGet(44)) - raft.server.leaderelection.pre-vote = false (custom)
2021-09-21 18:26:03,780 [d36baf84-b85f-4b26-8f7e-d1f6b1b07563@group-5490E1C9B297-FollowerState] INFO  impl.RoleInfo (RoleInfo.java:updateAndGet(130)) - d36baf84-b85f-4b26-8f7e-d1f6b1b07563: start d36baf84-b85f-4b26-8f7e-d1f6b1b07563@group-5490E1C9B297-LeaderElection22
2021-09-21 18:26:03,801 [d36baf84-b85f-4b26-8f7e-d1f6b1b07563@group-5490E1C9B297-LeaderElection22] INFO  impl.LeaderElection (LeaderElection.java:askForVotes(306)) - d36baf84-b85f-4b26-8f7e-d1f6b1b07563@group-5490E1C9B297-LeaderElection22 ELECTION round 0: submit vote requests at term 4 for -1: [d36baf84-b85f-4b26-8f7e-d1f6b1b07563|rpc:10.1.0.27:39631|priority:0, ac1d7df1-8838-4266-a424-22c9922d1104|rpc:10.1.0.27:41255|priority:0, 7ebb7728-56c4-46fe-8faf-bd5e72c54eae|rpc:10.1.0.27:40201|priority:1], old=null
2021-09-21 18:26:03,814 [grpc-default-executor-2] INFO  server.RaftServer$Division (RaftServerImpl.java:requestVote(1043)) - ac1d7df1-8838-4266-a424-22c9922d1104@group-5490E1C9B297: receive requestVote(ELECTION, d36baf84-b85f-4b26-8f7e-d1f6b1b07563, group-5490E1C9B297, 4, (t:0, i:0))
2021-09-21 18:26:03,814 [grpc-default-executor-2] INFO  impl.VoteContext (VoteContext.java:log(48)) - ac1d7df1-8838-4266-a424-22c9922d1104@group-5490E1C9B297-FOLLOWER: accept ELECTION from d36baf84-b85f-4b26-8f7e-d1f6b1b07563: our priority 0 <= candidate's priority 0
2021-09-21 18:26:03,814 [grpc-default-executor-2] INFO  server.RaftServer$Division (RaftServerImpl.java:setRole(285)) - ac1d7df1-8838-4266-a424-22c9922d1104@group-5490E1C9B297: changes role from  FOLLOWER to FOLLOWER at term 4 for candidate:d36baf84-b85f-4b26-8f7e-d1f6b1b07563
2021-09-21 18:26:03,814 [grpc-default-executor-2] INFO  impl.RoleInfo (RoleInfo.java:shutdownFollowerState(108)) - ac1d7df1-8838-4266-a424-22c9922d1104: shutdown ac1d7df1-8838-4266-a424-22c9922d1104@group-5490E1C9B297-FollowerState
2021-09-21 18:26:03,823 [grpc-default-executor-2] INFO  impl.RoleInfo (RoleInfo.java:updateAndGet(130)) - ac1d7df1-8838-4266-a424-22c9922d1104: start ac1d7df1-8838-4266-a424-22c9922d1104@group-5490E1C9B297-FollowerState
2021-09-21 18:26:03,823 [ac1d7df1-8838-4266-a424-22c9922d1104@group-5490E1C9B297-FollowerState] INFO  impl.FollowerState (FollowerState.java:run(143)) - ac1d7df1-8838-4266-a424-22c9922d1104@group-5490E1C9B297-FollowerState was interrupted: {}
java.lang.InterruptedException: sleep interrupted
	at java.lang.Thread.sleep(Native Method)
	at java.lang.Thread.sleep(Thread.java:340)
	at java.util.concurrent.TimeUnit.sleep(TimeUnit.java:386)
	at org.apache.ratis.util.TimeDuration.sleep(TimeDuration.java:324)
	at org.apache.ratis.util.TimeDuration.sleep(TimeDuration.java:309)
	at org.apache.ratis.server.impl.FollowerState.run(FollowerState.java:118)
2021-09-21 18:26:03,825 [grpc-default-executor-3] INFO  server.RaftServer$Division (RaftServerImpl.java:requestVote(1043)) - 7ebb7728-56c4-46fe-8faf-bd5e72c54eae@group-5490E1C9B297: receive requestVote(ELECTION, d36baf84-b85f-4b26-8f7e-d1f6b1b07563, group-5490E1C9B297, 4, (t:0, i:0))
2021-09-21 18:26:03,825 [grpc-default-executor-3] INFO  impl.VoteContext (VoteContext.java:log(48)) - 7ebb7728-56c4-46fe-8faf-bd5e72c54eae@group-5490E1C9B297-FOLLOWER: reject ELECTION from d36baf84-b85f-4b26-8f7e-d1f6b1b07563: our priority 1 > candidate's priority 0
2021-09-21 18:26:03,825 [grpc-default-executor-3] INFO  server.RaftServer$Division (RaftServerImpl.java:setRole(285)) - 7ebb7728-56c4-46fe-8faf-bd5e72c54eae@group-5490E1C9B297: changes role from  FOLLOWER to FOLLOWER at term 4 for candidate:d36baf84-b85f-4b26-8f7e-d1f6b1b07563
2021-09-21 18:26:03,825 [grpc-default-executor-3] INFO  impl.RoleInfo (RoleInfo.java:shutdownFollowerState(108)) - 7ebb7728-56c4-46fe-8faf-bd5e72c54eae: shutdown 7ebb7728-56c4-46fe-8faf-bd5e72c54eae@group-5490E1C9B297-FollowerState
2021-09-21 18:26:03,834 [grpc-default-executor-3] INFO  impl.RoleInfo (RoleInfo.java:updateAndGet(130)) - 7ebb7728-56c4-46fe-8faf-bd5e72c54eae: start 7ebb7728-56c4-46fe-8faf-bd5e72c54eae@group-5490E1C9B297-FollowerState
2021-09-21 18:26:03,834 [7ebb7728-56c4-46fe-8faf-bd5e72c54eae@group-5490E1C9B297-FollowerState] INFO  impl.FollowerState (FollowerState.java:run(143)) - 7ebb7728-56c4-46fe-8faf-bd5e72c54eae@group-5490E1C9B297-FollowerState was interrupted: {}
java.lang.InterruptedException: sleep interrupted
	at java.lang.Thread.sleep(Native Method)
	at java.lang.Thread.sleep(Thread.java:340)
	at java.util.concurrent.TimeUnit.sleep(TimeUnit.java:386)
	at org.apache.ratis.util.TimeDuration.sleep(TimeDuration.java:324)
	at org.apache.ratis.util.TimeDuration.sleep(TimeDuration.java:309)
	at org.apache.ratis.server.impl.FollowerState.run(FollowerState.java:118)
2021-09-21 18:26:03,835 [grpc-default-executor-2] INFO  server.RaftServer$Division (RaftServerImpl.java:requestVote(1075)) - ac1d7df1-8838-4266-a424-22c9922d1104@group-5490E1C9B297 replies to ELECTION vote request: d36baf84-b85f-4b26-8f7e-d1f6b1b07563<-ac1d7df1-8838-4266-a424-22c9922d1104#0:OK-t4. Peer's state: ac1d7df1-8838-4266-a424-22c9922d1104@group-5490E1C9B297:t4, leader=null, voted=d36baf84-b85f-4b26-8f7e-d1f6b1b07563, raftlog=ac1d7df1-8838-4266-a424-22c9922d1104@group-5490E1C9B297-SegmentedRaftLog:OPENED:c-1,f-1,i0, conf=-1: [d36baf84-b85f-4b26-8f7e-d1f6b1b07563|rpc:10.1.0.27:39631|priority:0, ac1d7df1-8838-4266-a424-22c9922d1104|rpc:10.1.0.27:41255|priority:0, 7ebb7728-56c4-46fe-8faf-bd5e72c54eae|rpc:10.1.0.27:40201|priority:1], old=null
2021-09-21 18:26:03,844 [grpc-default-executor-3] INFO  server.RaftServer$Division (RaftServerImpl.java:requestVote(1075)) - 7ebb7728-56c4-46fe-8faf-bd5e72c54eae@group-5490E1C9B297 replies to ELECTION vote request: d36baf84-b85f-4b26-8f7e-d1f6b1b07563<-7ebb7728-56c4-46fe-8faf-bd5e72c54eae#0:FAIL-t4. Peer's state: 7ebb7728-56c4-46fe-8faf-bd5e72c54eae@group-5490E1C9B297:t4, leader=null, voted=null, raftlog=7ebb7728-56c4-46fe-8faf-bd5e72c54eae@group-5490E1C9B297-SegmentedRaftLog:OPENED:c-1,f-1,i0, conf=-1: [d36baf84-b85f-4b26-8f7e-d1f6b1b07563|rpc:10.1.0.27:39631|dataStream:|priority:0, ac1d7df1-8838-4266-a424-22c9922d1104|rpc:10.1.0.27:41255|dataStream:|priority:0, 7ebb7728-56c4-46fe-8faf-bd5e72c54eae|rpc:10.1.0.27:40201|dataStream:|priority:1], old=null
2021-09-21 18:26:03,848 [d36baf84-b85f-4b26-8f7e-d1f6b1b07563@group-5490E1C9B297-LeaderElection22] INFO  impl.LeaderElection (LeaderElection.java:logAndReturn(89)) - d36baf84-b85f-4b26-8f7e-d1f6b1b07563@group-5490E1C9B297-LeaderElection22: ELECTION REJECTED received 2 response(s) and 0 exception(s):
2021-09-21 18:26:03,848 [d36baf84-b85f-4b26-8f7e-d1f6b1b07563@group-5490E1C9B297-LeaderElection22] INFO  impl.LeaderElection (LeaderElection.java:logAndReturn(93)) -   Response 0: d36baf84-b85f-4b26-8f7e-d1f6b1b07563<-ac1d7df1-8838-4266-a424-22c9922d1104#0:OK-t4
2021-09-21 18:26:03,849 [d36baf84-b85f-4b26-8f7e-d1f6b1b07563@group-5490E1C9B297-LeaderElection22] INFO  impl.LeaderElection (LeaderElection.java:logAndReturn(93)) -   Response 1: d36baf84-b85f-4b26-8f7e-d1f6b1b07563<-7ebb7728-56c4-46fe-8faf-bd5e72c54eae#0:FAIL-t4
2021-09-21 18:26:03,849 [d36baf84-b85f-4b26-8f7e-d1f6b1b07563@group-5490E1C9B297-LeaderElection22] INFO  impl.LeaderElection (LeaderElection.java:askForVotes(308)) - d36baf84-b85f-4b26-8f7e-d1f6b1b07563@group-5490E1C9B297-LeaderElection22 ELECTION round 0: result REJECTED
2021-09-21 18:26:03,849 [d36baf84-b85f-4b26-8f7e-d1f6b1b07563@group-5490E1C9B297-LeaderElection22] INFO  server.RaftServer$Division (RaftServerImpl.java:setRole(285)) - d36baf84-b85f-4b26-8f7e-d1f6b1b07563@group-5490E1C9B297: changes role from CANDIDATE to FOLLOWER at term 4 for REJECTED
2021-09-21 18:26:03,849 [d36baf84-b85f-4b26-8f7e-d1f6b1b07563@group-5490E1C9B297-LeaderElection22] INFO  impl.RoleInfo (RoleInfo.java:shutdownLeaderElection(121)) - d36baf84-b85f-4b26-8f7e-d1f6b1b07563: shutdown d36baf84-b85f-4b26-8f7e-d1f6b1b07563@group-5490E1C9B297-LeaderElection22
2021-09-21 18:26:03,849 [d36baf84-b85f-4b26-8f7e-d1f6b1b07563@group-5490E1C9B297-LeaderElection22] INFO  impl.RoleInfo (RoleInfo.java:updateAndGet(130)) - d36baf84-b85f-4b26-8f7e-d1f6b1b07563: start d36baf84-b85f-4b26-8f7e-d1f6b1b07563@group-5490E1C9B297-FollowerState
2021-09-21 18:26:04,654 [7ebb7728-56c4-46fe-8faf-bd5e72c54eae@group-6CB704DD8418-FollowerState] INFO  impl.FollowerState (FollowerState.java:run(134)) - 7ebb7728-56c4-46fe-8faf-bd5e72c54eae@group-6CB704DD8418-FollowerState: change to CANDIDATE, lastRpcElapsedTime:5038203172ns, electionTimeout:5034ms
2021-09-21 18:26:04,654 [7ebb7728-56c4-46fe-8faf-bd5e72c54eae@group-6CB704DD8418-FollowerState] INFO  impl.RoleInfo (RoleInfo.java:shutdownFollowerState(108)) - 7ebb7728-56c4-46fe-8faf-bd5e72c54eae: shutdown 7ebb7728-56c4-46fe-8faf-bd5e72c54eae@group-6CB704DD8418-FollowerState
2021-09-21 18:26:04,655 [7ebb7728-56c4-46fe-8faf-bd5e72c54eae@group-6CB704DD8418-FollowerState] INFO  server.RaftServer$Division (RaftServerImpl.java:setRole(285)) - 7ebb7728-56c4-46fe-8faf-bd5e72c54eae@group-6CB704DD8418: changes role from  FOLLOWER to CANDIDATE at term 3 for changeToCandidate
2021-09-21 18:26:04,655 [7ebb7728-56c4-46fe-8faf-bd5e72c54eae@group-6CB704DD8418-FollowerState] INFO  server.RaftServerConfigKeys (ConfUtils.java:logGet(44)) - raft.server.leaderelection.pre-vote = false (custom)
2021-09-21 18:26:04,655 [7ebb7728-56c4-46fe-8faf-bd5e72c54eae@group-6CB704DD8418-FollowerState] INFO  impl.RoleInfo (RoleInfo.java:updateAndGet(130)) - 7ebb7728-56c4-46fe-8faf-bd5e72c54eae: start 7ebb7728-56c4-46fe-8faf-bd5e72c54eae@group-6CB704DD8418-LeaderElection23
2021-09-21 18:26:04,669 [7ebb7728-56c4-46fe-8faf-bd5e72c54eae@group-6CB704DD8418-LeaderElection23] INFO  impl.LeaderElection (LeaderElection.java:askForVotes(306)) - 7ebb7728-56c4-46fe-8faf-bd5e72c54eae@group-6CB704DD8418-LeaderElection23 ELECTION round 0: submit vote requests at term 4 for -1: [d36baf84-b85f-4b26-8f7e-d1f6b1b07563|rpc:10.1.0.27:39631|priority:0, ac1d7df1-8838-4266-a424-22c9922d1104|rpc:10.1.0.27:41255|priority:1, 7ebb7728-56c4-46fe-8faf-bd5e72c54eae|rpc:10.1.0.27:40201|priority:0], old=null
2021-09-21 18:26:04,671 [d36baf84-b85f-4b26-8f7e-d1f6b1b07563@group-6CB704DD8418-FollowerState] INFO  impl.FollowerState (FollowerState.java:run(134)) - d36baf84-b85f-4b26-8f7e-d1f6b1b07563@group-6CB704DD8418-FollowerState: change to CANDIDATE, lastRpcElapsedTime:5066714276ns, electionTimeout:5066ms
2021-09-21 18:26:04,671 [d36baf84-b85f-4b26-8f7e-d1f6b1b07563@group-6CB704DD8418-FollowerState] INFO  impl.RoleInfo (RoleInfo.java:shutdownFollowerState(108)) - d36baf84-b85f-4b26-8f7e-d1f6b1b07563: shutdown d36baf84-b85f-4b26-8f7e-d1f6b1b07563@group-6CB704DD8418-FollowerState
2021-09-21 18:26:04,671 [d36baf84-b85f-4b26-8f7e-d1f6b1b07563@group-6CB704DD8418-FollowerState] INFO  server.RaftServer$Division (RaftServerImpl.java:setRole(285)) - d36baf84-b85f-4b26-8f7e-d1f6b1b07563@group-6CB704DD8418: changes role from  FOLLOWER to CANDIDATE at term 3 for changeToCandidate
2021-09-21 18:26:04,679 [grpc-default-executor-3] INFO  server.RaftServer$Division (RaftServerImpl.java:requestVote(1043)) - d36baf84-b85f-4b26-8f7e-d1f6b1b07563@group-6CB704DD8418: receive requestVote(ELECTION, 7ebb7728-56c4-46fe-8faf-bd5e72c54eae, group-6CB704DD8418, 4, (t:0, i:0))
2021-09-21 18:26:04,682 [d36baf84-b85f-4b26-8f7e-d1f6b1b07563@group-6CB704DD8418-FollowerState] INFO  server.RaftServerConfigKeys (ConfUtils.java:logGet(44)) - raft.server.leaderelection.pre-vote = false (custom)
2021-09-21 18:26:04,683 [d36baf84-b85f-4b26-8f7e-d1f6b1b07563@group-6CB704DD8418-FollowerState] INFO  impl.RoleInfo (RoleInfo.java:updateAndGet(130)) - d36baf84-b85f-4b26-8f7e-d1f6b1b07563: start d36baf84-b85f-4b26-8f7e-d1f6b1b07563@group-6CB704DD8418-LeaderElection24
2021-09-21 18:26:04,689 [grpc-default-executor-2] INFO  server.RaftServer$Division (RaftServerImpl.java:requestVote(1043)) - ac1d7df1-8838-4266-a424-22c9922d1104@group-6CB704DD8418: receive requestVote(ELECTION, 7ebb7728-56c4-46fe-8faf-bd5e72c54eae, group-6CB704DD8418, 4, (t:0, i:0))
2021-09-21 18:26:04,689 [grpc-default-executor-2] INFO  impl.VoteContext (VoteContext.java:log(48)) - ac1d7df1-8838-4266-a424-22c9922d1104@group-6CB704DD8418-FOLLOWER: reject ELECTION from 7ebb7728-56c4-46fe-8faf-bd5e72c54eae: our priority 1 > candidate's priority 0
2021-09-21 18:26:04,689 [grpc-default-executor-2] INFO  server.RaftServer$Division (RaftServerImpl.java:setRole(285)) - ac1d7df1-8838-4266-a424-22c9922d1104@group-6CB704DD8418: changes role from  FOLLOWER to FOLLOWER at term 4 for candidate:7ebb7728-56c4-46fe-8faf-bd5e72c54eae
2021-09-21 18:26:04,689 [grpc-default-executor-2] INFO  impl.RoleInfo (RoleInfo.java:shutdownFollowerState(108)) - ac1d7df1-8838-4266-a424-22c9922d1104: shutdown ac1d7df1-8838-4266-a424-22c9922d1104@group-6CB704DD8418-FollowerState
2021-09-21 18:26:04,690 [grpc-default-executor-3] INFO  impl.VoteContext (VoteContext.java:log(48)) - d36baf84-b85f-4b26-8f7e-d1f6b1b07563@group-6CB704DD8418-CANDIDATE: accept ELECTION from 7ebb7728-56c4-46fe-8faf-bd5e72c54eae: our priority 0 <= candidate's priority 0
2021-09-21 18:26:04,692 [grpc-default-executor-3] INFO  server.RaftServer$Division (RaftServerImpl.java:setRole(285)) - d36baf84-b85f-4b26-8f7e-d1f6b1b07563@group-6CB704DD8418: changes role from CANDIDATE to FOLLOWER at term 4 for candidate:7ebb7728-56c4-46fe-8faf-bd5e72c54eae
2021-09-21 18:26:04,692 [grpc-default-executor-3] INFO  impl.RoleInfo (RoleInfo.java:shutdownLeaderElection(121)) - d36baf84-b85f-4b26-8f7e-d1f6b1b07563: shutdown d36baf84-b85f-4b26-8f7e-d1f6b1b07563@group-6CB704DD8418-LeaderElection24
2021-09-21 18:26:04,692 [grpc-default-executor-3] INFO  impl.RoleInfo (RoleInfo.java:updateAndGet(130)) - d36baf84-b85f-4b26-8f7e-d1f6b1b07563: start d36baf84-b85f-4b26-8f7e-d1f6b1b07563@group-6CB704DD8418-FollowerState
2021-09-21 18:26:04,690 [grpc-default-executor-2] INFO  impl.RoleInfo (RoleInfo.java:updateAndGet(130)) - ac1d7df1-8838-4266-a424-22c9922d1104: start ac1d7df1-8838-4266-a424-22c9922d1104@group-6CB704DD8418-FollowerState
2021-09-21 18:26:04,695 [ac1d7df1-8838-4266-a424-22c9922d1104@group-6CB704DD8418-FollowerState] INFO  impl.FollowerState (FollowerState.java:run(143)) - ac1d7df1-8838-4266-a424-22c9922d1104@group-6CB704DD8418-FollowerState was interrupted: {}
java.lang.InterruptedException: sleep interrupted
	at java.lang.Thread.sleep(Native Method)
	at java.lang.Thread.sleep(Thread.java:340)
	at java.util.concurrent.TimeUnit.sleep(TimeUnit.java:386)
	at org.apache.ratis.util.TimeDuration.sleep(TimeDuration.java:324)
	at org.apache.ratis.util.TimeDuration.sleep(TimeDuration.java:309)
	at org.apache.ratis.server.impl.FollowerState.run(FollowerState.java:118)
2021-09-21 18:26:04,697 [grpc-default-executor-3] INFO  server.RaftServer$Division (RaftServerImpl.java:requestVote(1075)) - d36baf84-b85f-4b26-8f7e-d1f6b1b07563@group-6CB704DD8418 replies to ELECTION vote request: 7ebb7728-56c4-46fe-8faf-bd5e72c54eae<-d36baf84-b85f-4b26-8f7e-d1f6b1b07563#0:OK-t4. Peer's state: d36baf84-b85f-4b26-8f7e-d1f6b1b07563@group-6CB704DD8418:t4, leader=null, voted=7ebb7728-56c4-46fe-8faf-bd5e72c54eae, raftlog=d36baf84-b85f-4b26-8f7e-d1f6b1b07563@group-6CB704DD8418-SegmentedRaftLog:OPENED:c-1,f-1,i0, conf=-1: [d36baf84-b85f-4b26-8f7e-d1f6b1b07563|rpc:10.1.0.27:39631|dataStream:|priority:0, ac1d7df1-8838-4266-a424-22c9922d1104|rpc:10.1.0.27:41255|dataStream:|priority:1, 7ebb7728-56c4-46fe-8faf-bd5e72c54eae|rpc:10.1.0.27:40201|dataStream:|priority:0], old=null
2021-09-21 18:26:04,697 [d36baf84-b85f-4b26-8f7e-d1f6b1b07563@group-6CB704DD8418-LeaderElection24] INFO  impl.LeaderElection (LeaderElection.java:run(230)) - d36baf84-b85f-4b26-8f7e-d1f6b1b07563@group-6CB704DD8418-LeaderElection24: skip running since this is already CLOSING
2021-09-21 18:26:04,703 [grpc-default-executor-2] INFO  server.RaftServer$Division (RaftServerImpl.java:requestVote(1075)) - ac1d7df1-8838-4266-a424-22c9922d1104@group-6CB704DD8418 replies to ELECTION vote request: 7ebb7728-56c4-46fe-8faf-bd5e72c54eae<-ac1d7df1-8838-4266-a424-22c9922d1104#0:FAIL-t4. Peer's state: ac1d7df1-8838-4266-a424-22c9922d1104@group-6CB704DD8418:t4, leader=null, voted=null, raftlog=ac1d7df1-8838-4266-a424-22c9922d1104@group-6CB704DD8418-SegmentedRaftLog:OPENED:c-1,f-1,i0, conf=-1: [d36baf84-b85f-4b26-8f7e-d1f6b1b07563|rpc:10.1.0.27:39631|priority:0, ac1d7df1-8838-4266-a424-22c9922d1104|rpc:10.1.0.27:41255|priority:1, 7ebb7728-56c4-46fe-8faf-bd5e72c54eae|rpc:10.1.0.27:40201|priority:0], old=null
2021-09-21 18:26:04,706 [7ebb7728-56c4-46fe-8faf-bd5e72c54eae@group-6CB704DD8418-LeaderElection23] INFO  impl.LeaderElection (LeaderElection.java:logAndReturn(89)) - 7ebb7728-56c4-46fe-8faf-bd5e72c54eae@group-6CB704DD8418-LeaderElection23: ELECTION REJECTED received 2 response(s) and 0 exception(s):
2021-09-21 18:26:04,706 [7ebb7728-56c4-46fe-8faf-bd5e72c54eae@group-6CB704DD8418-LeaderElection23] INFO  impl.LeaderElection (LeaderElection.java:logAndReturn(93)) -   Response 0: 7ebb7728-56c4-46fe-8faf-bd5e72c54eae<-d36baf84-b85f-4b26-8f7e-d1f6b1b07563#0:OK-t4
2021-09-21 18:26:04,706 [7ebb7728-56c4-46fe-8faf-bd5e72c54eae@group-6CB704DD8418-LeaderElection23] INFO  impl.LeaderElection (LeaderElection.java:logAndReturn(93)) -   Response 1: 7ebb7728-56c4-46fe-8faf-bd5e72c54eae<-ac1d7df1-8838-4266-a424-22c9922d1104#0:FAIL-t4
2021-09-21 18:26:04,706 [7ebb7728-56c4-46fe-8faf-bd5e72c54eae@group-6CB704DD8418-LeaderElection23] INFO  impl.LeaderElection (LeaderElection.java:askForVotes(308)) - 7ebb7728-56c4-46fe-8faf-bd5e72c54eae@group-6CB704DD8418-LeaderElection23 ELECTION round 0: result REJECTED
2021-09-21 18:26:04,706 [7ebb7728-56c4-46fe-8faf-bd5e72c54eae@group-6CB704DD8418-LeaderElection23] INFO  server.RaftServer$Division (RaftServerImpl.java:setRole(285)) - 7ebb7728-56c4-46fe-8faf-bd5e72c54eae@group-6CB704DD8418: changes role from CANDIDATE to FOLLOWER at term 4 for REJECTED
2021-09-21 18:26:04,706 [7ebb7728-56c4-46fe-8faf-bd5e72c54eae@group-6CB704DD8418-LeaderElection23] INFO  impl.RoleInfo (RoleInfo.java:shutdownLeaderElection(121)) - 7ebb7728-56c4-46fe-8faf-bd5e72c54eae: shutdown 7ebb7728-56c4-46fe-8faf-bd5e72c54eae@group-6CB704DD8418-LeaderElection23
2021-09-21 18:26:04,706 [7ebb7728-56c4-46fe-8faf-bd5e72c54eae@group-6CB704DD8418-LeaderElection23] INFO  impl.RoleInfo (RoleInfo.java:updateAndGet(130)) - 7ebb7728-56c4-46fe-8faf-bd5e72c54eae: start 7ebb7728-56c4-46fe-8faf-bd5e72c54eae@group-6CB704DD8418-FollowerState
2021-09-21 18:26:04,720 [Listener at 127.0.0.1/38417] INFO  ozoneimpl.OzoneContainer (OzoneContainer.java:stop(325)) - Attempting to stop container services.
2021-09-21 18:26:04,721 [Listener at 127.0.0.1/38417] INFO  server.RaftServer (RaftServerProxy.java:lambda$close$6(391)) - 6174554c-eda6-4ca8-a498-7acedbc2905d: close
2021-09-21 18:26:04,728 [Listener at 127.0.0.1/38417] INFO  server.RaftServer$Division (RaftServerImpl.java:lambda$close$4(407)) - 6174554c-eda6-4ca8-a498-7acedbc2905d@group-741C39338E1F: shutdown
2021-09-21 18:26:04,728 [Listener at 127.0.0.1/38417] INFO  util.JmxRegister (JmxRegister.java:unregister(73)) - Successfully un-registered JMX Bean with object name Ratis:service=RaftServer,group=group-741C39338E1F,id=6174554c-eda6-4ca8-a498-7acedbc2905d
2021-09-21 18:26:04,728 [Listener at 127.0.0.1/38417] INFO  impl.RoleInfo (RoleInfo.java:shutdownLeaderState(91)) - 6174554c-eda6-4ca8-a498-7acedbc2905d: shutdown 6174554c-eda6-4ca8-a498-7acedbc2905d@group-741C39338E1F-LeaderStateImpl
2021-09-21 18:26:04,728 [Listener at 127.0.0.1/38417] INFO  impl.PendingRequests (PendingRequests.java:sendNotLeaderResponses(282)) - 6174554c-eda6-4ca8-a498-7acedbc2905d@group-741C39338E1F-PendingRequests: sendNotLeaderResponses
2021-09-21 18:26:04,728 [Listener at 127.0.0.1/38417] INFO  impl.StateMachineUpdater (StateMachineUpdater.java:stopAndJoin(149)) - 6174554c-eda6-4ca8-a498-7acedbc2905d@group-741C39338E1F-StateMachineUpdater: set stopIndex = 0
2021-09-21 18:26:04,729 [6174554c-eda6-4ca8-a498-7acedbc2905d@group-741C39338E1F-StateMachineUpdater] INFO  ratis.ContainerStateMachine (ContainerStateMachine.java:takeSnapshot(292)) - group-741C39338E1F: Taking a snapshot at:(t:1, i:0) file /home/runner/work/ozone/ozone/hadoop-ozone/integration-test/target/test-dir/MiniOzoneClusterImpl-8dff45f7-6a4c-4a77-aa6d-4bab94871626/datanode-4/data/ratis/3495a40f-b9dc-4f24-95a2-741c39338e1f/sm/snapshot.1_0
2021-09-21 18:26:04,730 [ForkJoinPool.commonPool-worker-1] INFO  server.RaftServer$Division (RaftServerImpl.java:lambda$close$4(407)) - 6174554c-eda6-4ca8-a498-7acedbc2905d@group-DF9194BC50DA: shutdown
2021-09-21 18:26:04,730 [6174554c-eda6-4ca8-a498-7acedbc2905d@group-741C39338E1F-StateMachineUpdater] INFO  ratis.ContainerStateMachine (ContainerStateMachine.java:takeSnapshot(303)) - group-741C39338E1F: Finished taking a snapshot at:(t:1, i:0) file:/home/runner/work/ozone/ozone/hadoop-ozone/integration-test/target/test-dir/MiniOzoneClusterImpl-8dff45f7-6a4c-4a77-aa6d-4bab94871626/datanode-4/data/ratis/3495a40f-b9dc-4f24-95a2-741c39338e1f/sm/snapshot.1_0 took: 1 ms
2021-09-21 18:26:04,730 [6174554c-eda6-4ca8-a498-7acedbc2905d@group-741C39338E1F-StateMachineUpdater] INFO  impl.StateMachineUpdater (StateMachineUpdater.java:takeSnapshot(281)) - 6174554c-eda6-4ca8-a498-7acedbc2905d@group-741C39338E1F-StateMachineUpdater: Took a snapshot at index 0
2021-09-21 18:26:04,730 [6174554c-eda6-4ca8-a498-7acedbc2905d@group-741C39338E1F-StateMachineUpdater] INFO  impl.StateMachineUpdater (StateMachineUpdater.java:lambda$new$0(89)) - 6174554c-eda6-4ca8-a498-7acedbc2905d@group-741C39338E1F-StateMachineUpdater: snapshotIndex: updateIncreasingly -1 -> 0
2021-09-21 18:26:04,731 [Listener at 127.0.0.1/38417] INFO  server.RaftServer$Division (ServerState.java:close(419)) - 6174554c-eda6-4ca8-a498-7acedbc2905d@group-741C39338E1F: closes. applyIndex: 0
2021-09-21 18:26:04,731 [6174554c-eda6-4ca8-a498-7acedbc2905d@group-741C39338E1F-SegmentedRaftLogWorker] INFO  segmented.SegmentedRaftLogWorker (SegmentedRaftLogWorker.java:run(327)) - 6174554c-eda6-4ca8-a498-7acedbc2905d@group-741C39338E1F-SegmentedRaftLogWorker was interrupted, exiting. There are 0 tasks remaining in the queue.
2021-09-21 18:26:04,731 [ForkJoinPool.commonPool-worker-1] INFO  util.JmxRegister (JmxRegister.java:unregister(73)) - Successfully un-registered JMX Bean with object name Ratis:service=RaftServer,group=group-DF9194BC50DA,id=6174554c-eda6-4ca8-a498-7acedbc2905d
2021-09-21 18:26:04,732 [ForkJoinPool.commonPool-worker-1] INFO  impl.RoleInfo (RoleInfo.java:shutdownFollowerState(108)) - 6174554c-eda6-4ca8-a498-7acedbc2905d: shutdown 6174554c-eda6-4ca8-a498-7acedbc2905d@group-DF9194BC50DA-FollowerState
2021-09-21 18:26:04,732 [6174554c-eda6-4ca8-a498-7acedbc2905d@group-DF9194BC50DA-FollowerState] INFO  impl.FollowerState (FollowerState.java:run(143)) - 6174554c-eda6-4ca8-a498-7acedbc2905d@group-DF9194BC50DA-FollowerState was interrupted: {}
java.lang.InterruptedException: sleep interrupted
	at java.lang.Thread.sleep(Native Method)
	at java.lang.Thread.sleep(Thread.java:340)
	at java.util.concurrent.TimeUnit.sleep(TimeUnit.java:386)
	at org.apache.ratis.util.TimeDuration.sleep(TimeDuration.java:324)
	at org.apache.ratis.util.TimeDuration.sleep(TimeDuration.java:309)
	at org.apache.ratis.server.impl.FollowerState.run(FollowerState.java:118)
2021-09-21 18:26:04,732 [ForkJoinPool.commonPool-worker-1] INFO  impl.StateMachineUpdater (StateMachineUpdater.java:stopAndJoin(149)) - 6174554c-eda6-4ca8-a498-7acedbc2905d@group-DF9194BC50DA-StateMachineUpdater: set stopIndex = 16
2021-09-21 18:26:04,733 [6174554c-eda6-4ca8-a498-7acedbc2905d@group-DF9194BC50DA-StateMachineUpdater] INFO  ratis.ContainerStateMachine (ContainerStateMachine.java:takeSnapshot(292)) - group-DF9194BC50DA: Taking a snapshot at:(t:1, i:16) file /home/runner/work/ozone/ozone/hadoop-ozone/integration-test/target/test-dir/MiniOzoneClusterImpl-8dff45f7-6a4c-4a77-aa6d-4bab94871626/datanode-4/data/ratis/3a97cb87-08b0-4d45-b12e-df9194bc50da/sm/snapshot.1_16
2021-09-21 18:26:04,732 [Listener at 127.0.0.1/38417] INFO  segmented.SegmentedRaftLogWorker (SegmentedRaftLogWorker.java:close(237)) - 6174554c-eda6-4ca8-a498-7acedbc2905d@group-741C39338E1F-SegmentedRaftLogWorker close()
2021-09-21 18:26:04,736 [Listener at 127.0.0.1/38417] INFO  server.RaftServer$Division (RaftServerImpl.java:lambda$close$4(407)) - 6174554c-eda6-4ca8-a498-7acedbc2905d@group-2FE6C912F1A7: shutdown
2021-09-21 18:26:04,736 [Listener at 127.0.0.1/38417] INFO  util.JmxRegister (JmxRegister.java:unregister(73)) - Successfully un-registered JMX Bean with object name Ratis:service=RaftServer,group=group-2FE6C912F1A7,id=6174554c-eda6-4ca8-a498-7acedbc2905d
2021-09-21 18:26:04,736 [Listener at 127.0.0.1/38417] INFO  impl.RoleInfo (RoleInfo.java:shutdownFollowerState(108)) - 6174554c-eda6-4ca8-a498-7acedbc2905d: shutdown 6174554c-eda6-4ca8-a498-7acedbc2905d@group-2FE6C912F1A7-FollowerState
2021-09-21 18:26:04,736 [Listener at 127.0.0.1/38417] INFO  impl.StateMachineUpdater (StateMachineUpdater.java:stopAndJoin(149)) - 6174554c-eda6-4ca8-a498-7acedbc2905d@group-2FE6C912F1A7-StateMachineUpdater: set stopIndex = 0
2021-09-21 18:26:04,736 [6174554c-eda6-4ca8-a498-7acedbc2905d@group-2FE6C912F1A7-FollowerState] INFO  impl.FollowerState (FollowerState.java:run(143)) - 6174554c-eda6-4ca8-a498-7acedbc2905d@group-2FE6C912F1A7-FollowerState was interrupted: {}
java.lang.InterruptedException: sleep interrupted
	at java.lang.Thread.sleep(Native Method)
	at java.lang.Thread.sleep(Thread.java:340)
	at java.util.concurrent.TimeUnit.sleep(TimeUnit.java:386)
	at org.apache.ratis.util.TimeDuration.sleep(TimeDuration.java:324)
	at org.apache.ratis.util.TimeDuration.sleep(TimeDuration.java:309)
	at org.apache.ratis.server.impl.FollowerState.run(FollowerState.java:118)
2021-09-21 18:26:04,736 [6174554c-eda6-4ca8-a498-7acedbc2905d@group-2FE6C912F1A7-StateMachineUpdater] INFO  ratis.ContainerStateMachine (ContainerStateMachine.java:takeSnapshot(292)) - group-2FE6C912F1A7: Taking a snapshot at:(t:2, i:0) file /home/runner/work/ozone/ozone/hadoop-ozone/integration-test/target/test-dir/MiniOzoneClusterImpl-8dff45f7-6a4c-4a77-aa6d-4bab94871626/datanode-4/data/ratis/2d503cb4-199a-4431-97fc-2fe6c912f1a7/sm/snapshot.2_0
2021-09-21 18:26:04,736 [6174554c-eda6-4ca8-a498-7acedbc2905d@group-DF9194BC50DA-StateMachineUpdater] INFO  ratis.ContainerStateMachine (ContainerStateMachine.java:takeSnapshot(303)) - group-DF9194BC50DA: Finished taking a snapshot at:(t:1, i:16) file:/home/runner/work/ozone/ozone/hadoop-ozone/integration-test/target/test-dir/MiniOzoneClusterImpl-8dff45f7-6a4c-4a77-aa6d-4bab94871626/datanode-4/data/ratis/3a97cb87-08b0-4d45-b12e-df9194bc50da/sm/snapshot.1_16 took: 4 ms
2021-09-21 18:26:04,737 [6174554c-eda6-4ca8-a498-7acedbc2905d@group-2FE6C912F1A7-StateMachineUpdater] INFO  ratis.ContainerStateMachine (ContainerStateMachine.java:takeSnapshot(303)) - group-2FE6C912F1A7: Finished taking a snapshot at:(t:2, i:0) file:/home/runner/work/ozone/ozone/hadoop-ozone/integration-test/target/test-dir/MiniOzoneClusterImpl-8dff45f7-6a4c-4a77-aa6d-4bab94871626/datanode-4/data/ratis/2d503cb4-199a-4431-97fc-2fe6c912f1a7/sm/snapshot.2_0 took: 1 ms
2021-09-21 18:26:04,738 [6174554c-eda6-4ca8-a498-7acedbc2905d@group-DF9194BC50DA-StateMachineUpdater] INFO  impl.StateMachineUpdater (StateMachineUpdater.java:takeSnapshot(281)) - 6174554c-eda6-4ca8-a498-7acedbc2905d@group-DF9194BC50DA-StateMachineUpdater: Took a snapshot at index 16
2021-09-21 18:26:04,738 [6174554c-eda6-4ca8-a498-7acedbc2905d@group-DF9194BC50DA-StateMachineUpdater] INFO  impl.StateMachineUpdater (StateMachineUpdater.java:lambda$new$0(89)) - 6174554c-eda6-4ca8-a498-7acedbc2905d@group-DF9194BC50DA-StateMachineUpdater: snapshotIndex: updateIncreasingly -1 -> 16
2021-09-21 18:26:04,738 [6174554c-eda6-4ca8-a498-7acedbc2905d@group-2FE6C912F1A7-StateMachineUpdater] INFO  impl.StateMachineUpdater (StateMachineUpdater.java:takeSnapshot(281)) - 6174554c-eda6-4ca8-a498-7acedbc2905d@group-2FE6C912F1A7-StateMachineUpdater: Took a snapshot at index 0
2021-09-21 18:26:04,738 [6174554c-eda6-4ca8-a498-7acedbc2905d@group-2FE6C912F1A7-StateMachineUpdater] INFO  impl.StateMachineUpdater (StateMachineUpdater.java:lambda$new$0(89)) - 6174554c-eda6-4ca8-a498-7acedbc2905d@group-2FE6C912F1A7-StateMachineUpdater: snapshotIndex: updateIncreasingly -1 -> 0
2021-09-21 18:26:04,739 [ForkJoinPool.commonPool-worker-1] INFO  server.RaftServer$Division (ServerState.java:close(419)) - 6174554c-eda6-4ca8-a498-7acedbc2905d@group-DF9194BC50DA: closes. applyIndex: 16
2021-09-21 18:26:04,741 [6174554c-eda6-4ca8-a498-7acedbc2905d@group-DF9194BC50DA-SegmentedRaftLogWorker] INFO  segmented.SegmentedRaftLogWorker (SegmentedRaftLogWorker.java:run(327)) - 6174554c-eda6-4ca8-a498-7acedbc2905d@group-DF9194BC50DA-SegmentedRaftLogWorker was interrupted, exiting. There are 0 tasks remaining in the queue.
2021-09-21 18:26:04,743 [ForkJoinPool.commonPool-worker-1] INFO  segmented.SegmentedRaftLogWorker (SegmentedRaftLogWorker.java:close(237)) - 6174554c-eda6-4ca8-a498-7acedbc2905d@group-DF9194BC50DA-SegmentedRaftLogWorker close()
2021-09-21 18:26:04,744 [Listener at 127.0.0.1/38417] INFO  server.RaftServer$Division (ServerState.java:close(419)) - 6174554c-eda6-4ca8-a498-7acedbc2905d@group-2FE6C912F1A7: closes. applyIndex: 0
2021-09-21 18:26:04,745 [6174554c-eda6-4ca8-a498-7acedbc2905d@group-2FE6C912F1A7-SegmentedRaftLogWorker] INFO  segmented.SegmentedRaftLogWorker (SegmentedRaftLogWorker.java:run(327)) - 6174554c-eda6-4ca8-a498-7acedbc2905d@group-2FE6C912F1A7-SegmentedRaftLogWorker was interrupted, exiting. There are 0 tasks remaining in the queue.
2021-09-21 18:26:04,745 [Listener at 127.0.0.1/38417] INFO  segmented.SegmentedRaftLogWorker (SegmentedRaftLogWorker.java:close(237)) - 6174554c-eda6-4ca8-a498-7acedbc2905d@group-2FE6C912F1A7-SegmentedRaftLogWorker close()
2021-09-21 18:26:04,747 [Listener at 127.0.0.1/38417] INFO  server.GrpcService (GrpcService.java:closeImpl(262)) - 6174554c-eda6-4ca8-a498-7acedbc2905d: shutdown server with port 43953 now
2021-09-21 18:26:04,761 [grpc-default-executor-3] WARN  server.GrpcServerProtocolService (LogUtils.java:warn(122)) - 6174554c-eda6-4ca8-a498-7acedbc2905d: installSnapshot onError, lastRequest: 453ecb08-f079-4424-abb7-b5b860d98fa7->6174554c-eda6-4ca8-a498-7acedbc2905d#1-t2,previous=(t:0, i:0),leaderCommit=-1,initializing? true,entries: size=1, first=(t:2, i:0), CONFIGURATIONENTRY: org.apache.ratis.thirdparty.io.grpc.StatusRuntimeException: CANCELLED: client cancelled
2021-09-21 18:26:04,761 [grpc-default-executor-0] WARN  server.GrpcLogAppender (LogUtils.java:warn(122)) - 453ecb08-f079-4424-abb7-b5b860d98fa7@group-2FE6C912F1A7->6174554c-eda6-4ca8-a498-7acedbc2905d-AppendLogResponseHandler: Failed appendEntries: org.apache.ratis.thirdparty.io.grpc.StatusRuntimeException: CANCELLED: HTTP/2 error code: CANCEL
Received Rst Stream
2021-09-21 18:26:04,762 [grpc-default-executor-0] WARN  server.GrpcLogAppender (GrpcLogAppender.java:resetClient(111)) - 453ecb08-f079-4424-abb7-b5b860d98fa7@group-2FE6C912F1A7->6174554c-eda6-4ca8-a498-7acedbc2905d-GrpcLogAppender: Leader has not got in touch with Follower 453ecb08-f079-4424-abb7-b5b860d98fa7@group-2FE6C912F1A7->6174554c-eda6-4ca8-a498-7acedbc2905d(c0,m0,n1, attendVote=true, lastRpcSendTime=2198, lastRpcResponseTime=2186) yet, just keep nextIndex unchanged and retry.
2021-09-21 18:26:04,767 [Listener at 127.0.0.1/38417] INFO  server.GrpcService (GrpcService.java:closeImpl(271)) - 6174554c-eda6-4ca8-a498-7acedbc2905d: shutdown server with port 43953 successfully
2021-09-21 18:26:04,769 [org.apache.ratis.util.JvmPauseMonitor$$Lambda$531/911890161@56c6f636] INFO  util.JvmPauseMonitor (JvmPauseMonitor.java:run(109)) - JvmPauseMonitor-6174554c-eda6-4ca8-a498-7acedbc2905d: Stopped
2021-09-21 18:26:04,771 [Listener at 127.0.0.1/38417] INFO  utils.BackgroundService (BackgroundService.java:shutdown(132)) - Shutting down service BlockDeletingService
2021-09-21 18:26:04,902 [453ecb08-f079-4424-abb7-b5b860d98fa7@group-DF9194BC50DA-FollowerState] INFO  impl.FollowerState (FollowerState.java:run(134)) - 453ecb08-f079-4424-abb7-b5b860d98fa7@group-DF9194BC50DA-FollowerState: change to CANDIDATE, lastRpcElapsedTime:8312686530ns, electionTimeout:5099ms
2021-09-21 18:26:04,903 [453ecb08-f079-4424-abb7-b5b860d98fa7@group-DF9194BC50DA-FollowerState] INFO  impl.RoleInfo (RoleInfo.java:shutdownFollowerState(108)) - 453ecb08-f079-4424-abb7-b5b860d98fa7: shutdown 453ecb08-f079-4424-abb7-b5b860d98fa7@group-DF9194BC50DA-FollowerState
2021-09-21 18:26:04,903 [453ecb08-f079-4424-abb7-b5b860d98fa7@group-DF9194BC50DA-FollowerState] INFO  server.RaftServer$Division (RaftServerImpl.java:setRole(285)) - 453ecb08-f079-4424-abb7-b5b860d98fa7@group-DF9194BC50DA: changes role from  FOLLOWER to CANDIDATE at term 1 for changeToCandidate
2021-09-21 18:26:04,903 [453ecb08-f079-4424-abb7-b5b860d98fa7@group-DF9194BC50DA-FollowerState] INFO  server.RaftServerConfigKeys (ConfUtils.java:logGet(44)) - raft.server.leaderelection.pre-vote = false (custom)
2021-09-21 18:26:04,903 [453ecb08-f079-4424-abb7-b5b860d98fa7@group-DF9194BC50DA-FollowerState] INFO  impl.RoleInfo (RoleInfo.java:updateAndGet(130)) - 453ecb08-f079-4424-abb7-b5b860d98fa7: start 453ecb08-f079-4424-abb7-b5b860d98fa7@group-DF9194BC50DA-LeaderElection25
2021-09-21 18:26:04,907 [453ecb08-f079-4424-abb7-b5b860d98fa7@group-DF9194BC50DA-LeaderElection25] INFO  server.RaftServer$Division (ServerState.java:setLeader(285)) - 453ecb08-f079-4424-abb7-b5b860d98fa7@group-DF9194BC50DA: change Leader from 000602bb-62cb-4174-b1e5-e32eb992284f to null at term 1 for ELECTION
2021-09-21 18:26:04,909 [453ecb08-f079-4424-abb7-b5b860d98fa7@group-DF9194BC50DA-LeaderElection25] INFO  impl.LeaderElection (LeaderElection.java:askForVotes(306)) - 453ecb08-f079-4424-abb7-b5b860d98fa7@group-DF9194BC50DA-LeaderElection25 ELECTION round 0: submit vote requests at term 2 for 0: [6174554c-eda6-4ca8-a498-7acedbc2905d|rpc:10.1.0.27:43953|dataStream:|priority:0, 000602bb-62cb-4174-b1e5-e32eb992284f|rpc:10.1.0.27:39235|dataStream:|priority:1, 453ecb08-f079-4424-abb7-b5b860d98fa7|rpc:10.1.0.27:45375|dataStream:|priority:0], old=null
2021-09-21 18:26:04,949 [453ecb08-f079-4424-abb7-b5b860d98fa7@group-DF9194BC50DA-LeaderElection25] INFO  impl.LeaderElection (LogUtils.java:infoOrTrace(137)) - 453ecb08-f079-4424-abb7-b5b860d98fa7@group-DF9194BC50DA-LeaderElection25 got exception when requesting votes: java.util.concurrent.ExecutionException: org.apache.ratis.thirdparty.io.grpc.StatusRuntimeException: UNAVAILABLE: io exception
2021-09-21 18:26:04,951 [453ecb08-f079-4424-abb7-b5b860d98fa7@group-DF9194BC50DA-LeaderElection25] INFO  impl.LeaderElection (LogUtils.java:infoOrTrace(137)) - 453ecb08-f079-4424-abb7-b5b860d98fa7@group-DF9194BC50DA-LeaderElection25 got exception when requesting votes: java.util.concurrent.ExecutionException: org.apache.ratis.thirdparty.io.grpc.StatusRuntimeException: UNAVAILABLE: io exception
2021-09-21 18:26:04,951 [453ecb08-f079-4424-abb7-b5b860d98fa7@group-DF9194BC50DA-LeaderElection25] INFO  impl.LeaderElection (LeaderElection.java:logAndReturn(89)) - 453ecb08-f079-4424-abb7-b5b860d98fa7@group-DF9194BC50DA-LeaderElection25: ELECTION REJECTED received 0 response(s) and 2 exception(s):
2021-09-21 18:26:04,951 [453ecb08-f079-4424-abb7-b5b860d98fa7@group-DF9194BC50DA-LeaderElection25] INFO  impl.LeaderElection (LogUtils.java:infoOrTrace(137)) -   Exception 0: java.util.concurrent.ExecutionException: org.apache.ratis.thirdparty.io.grpc.StatusRuntimeException: UNAVAILABLE: io exception
2021-09-21 18:26:04,951 [453ecb08-f079-4424-abb7-b5b860d98fa7@group-DF9194BC50DA-LeaderElection25] INFO  impl.LeaderElection (LogUtils.java:infoOrTrace(137)) -   Exception 1: java.util.concurrent.ExecutionException: org.apache.ratis.thirdparty.io.grpc.StatusRuntimeException: UNAVAILABLE: io exception
2021-09-21 18:26:04,951 [453ecb08-f079-4424-abb7-b5b860d98fa7@group-DF9194BC50DA-LeaderElection25] INFO  impl.LeaderElection (LeaderElection.java:askForVotes(308)) - 453ecb08-f079-4424-abb7-b5b860d98fa7@group-DF9194BC50DA-LeaderElection25 ELECTION round 0: result REJECTED
2021-09-21 18:26:04,951 [453ecb08-f079-4424-abb7-b5b860d98fa7@group-DF9194BC50DA-LeaderElection25] INFO  server.RaftServer$Division (RaftServerImpl.java:setRole(285)) - 453ecb08-f079-4424-abb7-b5b860d98fa7@group-DF9194BC50DA: changes role from CANDIDATE to FOLLOWER at term 2 for REJECTED
2021-09-21 18:26:04,951 [453ecb08-f079-4424-abb7-b5b860d98fa7@group-DF9194BC50DA-LeaderElection25] INFO  impl.RoleInfo (RoleInfo.java:shutdownLeaderElection(121)) - 453ecb08-f079-4424-abb7-b5b860d98fa7: shutdown 453ecb08-f079-4424-abb7-b5b860d98fa7@group-DF9194BC50DA-LeaderElection25
2021-09-21 18:26:04,951 [453ecb08-f079-4424-abb7-b5b860d98fa7@group-DF9194BC50DA-LeaderElection25] INFO  impl.RoleInfo (RoleInfo.java:updateAndGet(130)) - 453ecb08-f079-4424-abb7-b5b860d98fa7: start 453ecb08-f079-4424-abb7-b5b860d98fa7@group-DF9194BC50DA-FollowerState
2021-09-21 18:26:05,067 [grpc-default-executor-0] WARN  server.GrpcLogAppender (LogUtils.java:warn(122)) - 453ecb08-f079-4424-abb7-b5b860d98fa7@group-2FE6C912F1A7->000602bb-62cb-4174-b1e5-e32eb992284f-AppendLogResponseHandler: Failed appendEntries: org.apache.ratis.thirdparty.io.grpc.StatusRuntimeException: UNAVAILABLE: io exception
2021-09-21 18:26:05,069 [grpc-default-executor-0] WARN  server.GrpcLogAppender (GrpcLogAppender.java:resetClient(111)) - 453ecb08-f079-4424-abb7-b5b860d98fa7@group-2FE6C912F1A7->000602bb-62cb-4174-b1e5-e32eb992284f-GrpcLogAppender: Leader has not got in touch with Follower 453ecb08-f079-4424-abb7-b5b860d98fa7@group-2FE6C912F1A7->000602bb-62cb-4174-b1e5-e32eb992284f(c0,m0,n1, attendVote=true, lastRpcSendTime=2505, lastRpcResponseTime=10030) yet, just keep nextIndex unchanged and retry.
2021-09-21 18:26:05,083 [grpc-default-executor-0] WARN  server.GrpcLogAppender (LogUtils.java:warn(122)) - 453ecb08-f079-4424-abb7-b5b860d98fa7@group-2FE6C912F1A7->6174554c-eda6-4ca8-a498-7acedbc2905d-AppendLogResponseHandler: Failed appendEntries: org.apache.ratis.thirdparty.io.grpc.StatusRuntimeException: UNAVAILABLE: io exception
2021-09-21 18:26:05,083 [grpc-default-executor-0] WARN  server.GrpcLogAppender (GrpcLogAppender.java:resetClient(111)) - 453ecb08-f079-4424-abb7-b5b860d98fa7@group-2FE6C912F1A7->6174554c-eda6-4ca8-a498-7acedbc2905d-GrpcLogAppender: Leader has not got in touch with Follower 453ecb08-f079-4424-abb7-b5b860d98fa7@group-2FE6C912F1A7->6174554c-eda6-4ca8-a498-7acedbc2905d(c0,m0,n1, attendVote=true, lastRpcSendTime=2520, lastRpcResponseTime=2508) yet, just keep nextIndex unchanged and retry.
2021-09-21 18:26:07,576 [grpc-default-executor-0] WARN  server.GrpcLogAppender (LogUtils.java:warn(122)) - 453ecb08-f079-4424-abb7-b5b860d98fa7@group-2FE6C912F1A7->000602bb-62cb-4174-b1e5-e32eb992284f-AppendLogResponseHandler: Failed appendEntries: org.apache.ratis.thirdparty.io.grpc.StatusRuntimeException: UNAVAILABLE: io exception
2021-09-21 18:26:07,578 [grpc-default-executor-0] WARN  server.GrpcLogAppender (GrpcLogAppender.java:resetClient(111)) - 453ecb08-f079-4424-abb7-b5b860d98fa7@group-2FE6C912F1A7->000602bb-62cb-4174-b1e5-e32eb992284f-GrpcLogAppender: Leader has not got in touch with Follower 453ecb08-f079-4424-abb7-b5b860d98fa7@group-2FE6C912F1A7->000602bb-62cb-4174-b1e5-e32eb992284f(c0,m0,n1, attendVote=true, lastRpcSendTime=2502, lastRpcResponseTime=12539) yet, just keep nextIndex unchanged and retry.
2021-09-21 18:26:07,584 [grpc-default-executor-0] WARN  server.GrpcLogAppender (LogUtils.java:warn(122)) - 453ecb08-f079-4424-abb7-b5b860d98fa7@group-2FE6C912F1A7->6174554c-eda6-4ca8-a498-7acedbc2905d-AppendLogResponseHandler: Failed appendEntries: org.apache.ratis.thirdparty.io.grpc.StatusRuntimeException: UNAVAILABLE: io exception
2021-09-21 18:26:07,584 [grpc-default-executor-0] WARN  server.GrpcLogAppender (GrpcLogAppender.java:resetClient(111)) - 453ecb08-f079-4424-abb7-b5b860d98fa7@group-2FE6C912F1A7->6174554c-eda6-4ca8-a498-7acedbc2905d-GrpcLogAppender: Leader has not got in touch with Follower 453ecb08-f079-4424-abb7-b5b860d98fa7@group-2FE6C912F1A7->6174554c-eda6-4ca8-a498-7acedbc2905d(c0,m0,n1, attendVote=true, lastRpcSendTime=0, lastRpcResponseTime=5009) yet, just keep nextIndex unchanged and retry.
2021-09-21 18:26:07,792 [Listener at 127.0.0.1/38417] INFO  statemachine.DatanodeStateMachine (DatanodeStateMachine.java:stopDaemon(515)) - Ozone container server stopped.
2021-09-21 18:26:07,796 [Listener at 127.0.0.1/38417] INFO  handler.ContextHandler (ContextHandler.java:doStop(1153)) - Stopped o.e.j.w.WebAppContext@6241a3d3{hddsDatanode,/,null,STOPPED}{jar:file:/home/runner/.m2/repository/org/apache/ozone/hdds-container-service/1.2.0-SNAPSHOT/hdds-container-service-1.2.0-SNAPSHOT.jar!/webapps/hddsDatanode}
2021-09-21 18:26:07,797 [Listener at 127.0.0.1/38417] INFO  server.AbstractConnector (AbstractConnector.java:doStop(381)) - Stopped ServerConnector@61b92c39{HTTP/1.1, (http/1.1)}{0.0.0.0:0}
2021-09-21 18:26:07,797 [Listener at 127.0.0.1/38417] INFO  server.session (HouseKeeper.java:stopScavenging(149)) - node0 Stopped scavenging
2021-09-21 18:26:07,797 [Listener at 127.0.0.1/38417] INFO  handler.ContextHandler (ContextHandler.java:doStop(1153)) - Stopped o.e.j.s.ServletContextHandler@5220b8bb{static,/static,jar:file:/home/runner/.m2/repository/org/apache/ozone/hdds-container-service/1.2.0-SNAPSHOT/hdds-container-service-1.2.0-SNAPSHOT.jar!/webapps/static,STOPPED}
2021-09-21 18:26:07,797 [Listener at 127.0.0.1/38417] INFO  handler.ContextHandler (ContextHandler.java:doStop(1153)) - Stopped o.e.j.s.ServletContextHandler@15b65aa2{logs,/logs,file:///home/runner/work/ozone/ozone/hadoop-ozone/integration-test/target/log,STOPPED}
2021-09-21 18:26:08,955 [7ebb7728-56c4-46fe-8faf-bd5e72c54eae@group-5490E1C9B297-FollowerState] INFO  impl.FollowerState (FollowerState.java:run(134)) - 7ebb7728-56c4-46fe-8faf-bd5e72c54eae@group-5490E1C9B297-FollowerState: change to CANDIDATE, lastRpcElapsedTime:5120991464ns, electionTimeout:5093ms
2021-09-21 18:26:08,955 [7ebb7728-56c4-46fe-8faf-bd5e72c54eae@group-5490E1C9B297-FollowerState] INFO  impl.RoleInfo (RoleInfo.java:shutdownFollowerState(108)) - 7ebb7728-56c4-46fe-8faf-bd5e72c54eae: shutdown 7ebb7728-56c4-46fe-8faf-bd5e72c54eae@group-5490E1C9B297-FollowerState
2021-09-21 18:26:08,955 [7ebb7728-56c4-46fe-8faf-bd5e72c54eae@group-5490E1C9B297-FollowerState] INFO  server.RaftServer$Division (RaftServerImpl.java:setRole(285)) - 7ebb7728-56c4-46fe-8faf-bd5e72c54eae@group-5490E1C9B297: changes role from  FOLLOWER to CANDIDATE at term 4 for changeToCandidate
2021-09-21 18:26:08,955 [7ebb7728-56c4-46fe-8faf-bd5e72c54eae@group-5490E1C9B297-FollowerState] INFO  server.RaftServerConfigKeys (ConfUtils.java:logGet(44)) - raft.server.leaderelection.pre-vote = false (custom)
2021-09-21 18:26:08,955 [7ebb7728-56c4-46fe-8faf-bd5e72c54eae@group-5490E1C9B297-FollowerState] INFO  impl.RoleInfo (RoleInfo.java:updateAndGet(130)) - 7ebb7728-56c4-46fe-8faf-bd5e72c54eae: start 7ebb7728-56c4-46fe-8faf-bd5e72c54eae@group-5490E1C9B297-LeaderElection26
2021-09-21 18:26:08,957 [d36baf84-b85f-4b26-8f7e-d1f6b1b07563@group-5490E1C9B297-FollowerState] INFO  impl.FollowerState (FollowerState.java:run(134)) - d36baf84-b85f-4b26-8f7e-d1f6b1b07563@group-5490E1C9B297-FollowerState: change to CANDIDATE, lastRpcElapsedTime:5108187106ns, electionTimeout:5102ms
2021-09-21 18:26:08,957 [d36baf84-b85f-4b26-8f7e-d1f6b1b07563@group-5490E1C9B297-FollowerState] INFO  impl.RoleInfo (RoleInfo.java:shutdownFollowerState(108)) - d36baf84-b85f-4b26-8f7e-d1f6b1b07563: shutdown d36baf84-b85f-4b26-8f7e-d1f6b1b07563@group-5490E1C9B297-FollowerState
2021-09-21 18:26:08,957 [d36baf84-b85f-4b26-8f7e-d1f6b1b07563@group-5490E1C9B297-FollowerState] INFO  server.RaftServer$Division (RaftServerImpl.java:setRole(285)) - d36baf84-b85f-4b26-8f7e-d1f6b1b07563@group-5490E1C9B297: changes role from  FOLLOWER to CANDIDATE at term 4 for changeToCandidate
2021-09-21 18:26:08,968 [d36baf84-b85f-4b26-8f7e-d1f6b1b07563@group-5490E1C9B297-FollowerState] INFO  server.RaftServerConfigKeys (ConfUtils.java:logGet(44)) - raft.server.leaderelection.pre-vote = false (custom)
2021-09-21 18:26:08,968 [d36baf84-b85f-4b26-8f7e-d1f6b1b07563@group-5490E1C9B297-FollowerState] INFO  impl.RoleInfo (RoleInfo.java:updateAndGet(130)) - d36baf84-b85f-4b26-8f7e-d1f6b1b07563: start d36baf84-b85f-4b26-8f7e-d1f6b1b07563@group-5490E1C9B297-LeaderElection27
2021-09-21 18:26:08,991 [7ebb7728-56c4-46fe-8faf-bd5e72c54eae@group-5490E1C9B297-LeaderElection26] INFO  impl.LeaderElection (LeaderElection.java:askForVotes(306)) - 7ebb7728-56c4-46fe-8faf-bd5e72c54eae@group-5490E1C9B297-LeaderElection26 ELECTION round 0: submit vote requests at term 5 for -1: [d36baf84-b85f-4b26-8f7e-d1f6b1b07563|rpc:10.1.0.27:39631|dataStream:|priority:0, ac1d7df1-8838-4266-a424-22c9922d1104|rpc:10.1.0.27:41255|dataStream:|priority:0, 7ebb7728-56c4-46fe-8faf-bd5e72c54eae|rpc:10.1.0.27:40201|dataStream:|priority:1], old=null
2021-09-21 18:26:08,993 [d36baf84-b85f-4b26-8f7e-d1f6b1b07563@group-5490E1C9B297-LeaderElection27] INFO  impl.LeaderElection (LeaderElection.java:askForVotes(306)) - d36baf84-b85f-4b26-8f7e-d1f6b1b07563@group-5490E1C9B297-LeaderElection27 ELECTION round 0: submit vote requests at term 5 for -1: [d36baf84-b85f-4b26-8f7e-d1f6b1b07563|rpc:10.1.0.27:39631|priority:0, ac1d7df1-8838-4266-a424-22c9922d1104|rpc:10.1.0.27:41255|priority:0, 7ebb7728-56c4-46fe-8faf-bd5e72c54eae|rpc:10.1.0.27:40201|priority:1], old=null
2021-09-21 18:26:09,006 [grpc-default-executor-0] INFO  server.RaftServer$Division (RaftServerImpl.java:requestVote(1043)) - d36baf84-b85f-4b26-8f7e-d1f6b1b07563@group-5490E1C9B297: receive requestVote(ELECTION, 7ebb7728-56c4-46fe-8faf-bd5e72c54eae, group-5490E1C9B297, 5, (t:0, i:0))
2021-09-21 18:26:09,006 [grpc-default-executor-0] INFO  impl.VoteContext (VoteContext.java:log(48)) - d36baf84-b85f-4b26-8f7e-d1f6b1b07563@group-5490E1C9B297-CANDIDATE: reject ELECTION from 7ebb7728-56c4-46fe-8faf-bd5e72c54eae: already has voted for d36baf84-b85f-4b26-8f7e-d1f6b1b07563 at current term 5
2021-09-21 18:26:09,007 [grpc-default-executor-0] INFO  server.RaftServer$Division (RaftServerImpl.java:requestVote(1075)) - d36baf84-b85f-4b26-8f7e-d1f6b1b07563@group-5490E1C9B297 replies to ELECTION vote request: 7ebb7728-56c4-46fe-8faf-bd5e72c54eae<-d36baf84-b85f-4b26-8f7e-d1f6b1b07563#0:FAIL-t5. Peer's state: d36baf84-b85f-4b26-8f7e-d1f6b1b07563@group-5490E1C9B297:t5, leader=null, voted=d36baf84-b85f-4b26-8f7e-d1f6b1b07563, raftlog=d36baf84-b85f-4b26-8f7e-d1f6b1b07563@group-5490E1C9B297-SegmentedRaftLog:OPENED:c-1,f-1,i0, conf=-1: [d36baf84-b85f-4b26-8f7e-d1f6b1b07563|rpc:10.1.0.27:39631|priority:0, ac1d7df1-8838-4266-a424-22c9922d1104|rpc:10.1.0.27:41255|priority:0, 7ebb7728-56c4-46fe-8faf-bd5e72c54eae|rpc:10.1.0.27:40201|priority:1], old=null
2021-09-21 18:26:09,021 [grpc-default-executor-3] INFO  server.RaftServer$Division (RaftServerImpl.java:requestVote(1043)) - ac1d7df1-8838-4266-a424-22c9922d1104@group-5490E1C9B297: receive requestVote(ELECTION, d36baf84-b85f-4b26-8f7e-d1f6b1b07563, group-5490E1C9B297, 5, (t:0, i:0))
2021-09-21 18:26:09,021 [grpc-default-executor-3] INFO  impl.VoteContext (VoteContext.java:log(48)) - ac1d7df1-8838-4266-a424-22c9922d1104@group-5490E1C9B297-FOLLOWER: accept ELECTION from d36baf84-b85f-4b26-8f7e-d1f6b1b07563: our priority 0 <= candidate's priority 0
2021-09-21 18:26:09,021 [grpc-default-executor-3] INFO  server.RaftServer$Division (RaftServerImpl.java:setRole(285)) - ac1d7df1-8838-4266-a424-22c9922d1104@group-5490E1C9B297: changes role from  FOLLOWER to FOLLOWER at term 5 for candidate:d36baf84-b85f-4b26-8f7e-d1f6b1b07563
2021-09-21 18:26:09,021 [grpc-default-executor-3] INFO  impl.RoleInfo (RoleInfo.java:shutdownFollowerState(108)) - ac1d7df1-8838-4266-a424-22c9922d1104: shutdown ac1d7df1-8838-4266-a424-22c9922d1104@group-5490E1C9B297-FollowerState
2021-09-21 18:26:09,021 [grpc-default-executor-3] INFO  impl.RoleInfo (RoleInfo.java:updateAndGet(130)) - ac1d7df1-8838-4266-a424-22c9922d1104: start ac1d7df1-8838-4266-a424-22c9922d1104@group-5490E1C9B297-FollowerState
2021-09-21 18:26:09,022 [ac1d7df1-8838-4266-a424-22c9922d1104@group-5490E1C9B297-FollowerState] INFO  impl.FollowerState (FollowerState.java:run(143)) - ac1d7df1-8838-4266-a424-22c9922d1104@group-5490E1C9B297-FollowerState was interrupted: {}
java.lang.InterruptedException: sleep interrupted
	at java.lang.Thread.sleep(Native Method)
	at java.lang.Thread.sleep(Thread.java:340)
	at java.util.concurrent.TimeUnit.sleep(TimeUnit.java:386)
	at org.apache.ratis.util.TimeDuration.sleep(TimeDuration.java:324)
	at org.apache.ratis.util.TimeDuration.sleep(TimeDuration.java:309)
	at org.apache.ratis.server.impl.FollowerState.run(FollowerState.java:118)
2021-09-21 18:26:09,027 [grpc-default-executor-2] INFO  server.RaftServer$Division (RaftServerImpl.java:requestVote(1043)) - 7ebb7728-56c4-46fe-8faf-bd5e72c54eae@group-5490E1C9B297: receive requestVote(ELECTION, d36baf84-b85f-4b26-8f7e-d1f6b1b07563, group-5490E1C9B297, 5, (t:0, i:0))
2021-09-21 18:26:09,034 [grpc-default-executor-2] INFO  impl.VoteContext (VoteContext.java:log(48)) - 7ebb7728-56c4-46fe-8faf-bd5e72c54eae@group-5490E1C9B297-CANDIDATE: reject ELECTION from d36baf84-b85f-4b26-8f7e-d1f6b1b07563: already has voted for 7ebb7728-56c4-46fe-8faf-bd5e72c54eae at current term 5
2021-09-21 18:26:09,034 [grpc-default-executor-2] INFO  server.RaftServer$Division (RaftServerImpl.java:requestVote(1075)) - 7ebb7728-56c4-46fe-8faf-bd5e72c54eae@group-5490E1C9B297 replies to ELECTION vote request: d36baf84-b85f-4b26-8f7e-d1f6b1b07563<-7ebb7728-56c4-46fe-8faf-bd5e72c54eae#0:FAIL-t5. Peer's state: 7ebb7728-56c4-46fe-8faf-bd5e72c54eae@group-5490E1C9B297:t5, leader=null, voted=7ebb7728-56c4-46fe-8faf-bd5e72c54eae, raftlog=7ebb7728-56c4-46fe-8faf-bd5e72c54eae@group-5490E1C9B297-SegmentedRaftLog:OPENED:c-1,f-1,i0, conf=-1: [d36baf84-b85f-4b26-8f7e-d1f6b1b07563|rpc:10.1.0.27:39631|dataStream:|priority:0, ac1d7df1-8838-4266-a424-22c9922d1104|rpc:10.1.0.27:41255|dataStream:|priority:0, 7ebb7728-56c4-46fe-8faf-bd5e72c54eae|rpc:10.1.0.27:40201|dataStream:|priority:1], old=null
2021-09-21 18:26:09,026 [grpc-default-executor-0] INFO  server.RaftServer$Division (RaftServerImpl.java:requestVote(1043)) - ac1d7df1-8838-4266-a424-22c9922d1104@group-5490E1C9B297: receive requestVote(ELECTION, 7ebb7728-56c4-46fe-8faf-bd5e72c54eae, group-5490E1C9B297, 5, (t:0, i:0))
2021-09-21 18:26:09,036 [d36baf84-b85f-4b26-8f7e-d1f6b1b07563@group-5490E1C9B297-LeaderElection27] INFO  impl.LeaderElection (LeaderElection.java:logAndReturn(89)) - d36baf84-b85f-4b26-8f7e-d1f6b1b07563@group-5490E1C9B297-LeaderElection27: ELECTION REJECTED received 1 response(s) and 0 exception(s):
2021-09-21 18:26:09,037 [d36baf84-b85f-4b26-8f7e-d1f6b1b07563@group-5490E1C9B297-LeaderElection27] INFO  impl.LeaderElection (LeaderElection.java:logAndReturn(93)) -   Response 0: d36baf84-b85f-4b26-8f7e-d1f6b1b07563<-7ebb7728-56c4-46fe-8faf-bd5e72c54eae#0:FAIL-t5
2021-09-21 18:26:09,037 [d36baf84-b85f-4b26-8f7e-d1f6b1b07563@group-5490E1C9B297-LeaderElection27] INFO  impl.LeaderElection (LeaderElection.java:askForVotes(308)) - d36baf84-b85f-4b26-8f7e-d1f6b1b07563@group-5490E1C9B297-LeaderElection27 ELECTION round 0: result REJECTED
2021-09-21 18:26:09,037 [d36baf84-b85f-4b26-8f7e-d1f6b1b07563@group-5490E1C9B297-LeaderElection27] INFO  server.RaftServer$Division (RaftServerImpl.java:setRole(285)) - d36baf84-b85f-4b26-8f7e-d1f6b1b07563@group-5490E1C9B297: changes role from CANDIDATE to FOLLOWER at term 5 for REJECTED
2021-09-21 18:26:09,037 [d36baf84-b85f-4b26-8f7e-d1f6b1b07563@group-5490E1C9B297-LeaderElection27] INFO  impl.RoleInfo (RoleInfo.java:shutdownLeaderElection(121)) - d36baf84-b85f-4b26-8f7e-d1f6b1b07563: shutdown d36baf84-b85f-4b26-8f7e-d1f6b1b07563@group-5490E1C9B297-LeaderElection27
2021-09-21 18:26:09,037 [d36baf84-b85f-4b26-8f7e-d1f6b1b07563@group-5490E1C9B297-LeaderElection27] INFO  impl.RoleInfo (RoleInfo.java:updateAndGet(130)) - d36baf84-b85f-4b26-8f7e-d1f6b1b07563: start d36baf84-b85f-4b26-8f7e-d1f6b1b07563@group-5490E1C9B297-FollowerState
2021-09-21 18:26:09,055 [grpc-default-executor-3] INFO  server.RaftServer$Division (RaftServerImpl.java:requestVote(1075)) - ac1d7df1-8838-4266-a424-22c9922d1104@group-5490E1C9B297 replies to ELECTION vote request: d36baf84-b85f-4b26-8f7e-d1f6b1b07563<-ac1d7df1-8838-4266-a424-22c9922d1104#0:OK-t5. Peer's state: ac1d7df1-8838-4266-a424-22c9922d1104@group-5490E1C9B297:t5, leader=null, voted=d36baf84-b85f-4b26-8f7e-d1f6b1b07563, raftlog=ac1d7df1-8838-4266-a424-22c9922d1104@group-5490E1C9B297-SegmentedRaftLog:OPENED:c-1,f-1,i0, conf=-1: [d36baf84-b85f-4b26-8f7e-d1f6b1b07563|rpc:10.1.0.27:39631|priority:0, ac1d7df1-8838-4266-a424-22c9922d1104|rpc:10.1.0.27:41255|priority:0, 7ebb7728-56c4-46fe-8faf-bd5e72c54eae|rpc:10.1.0.27:40201|priority:1], old=null
2021-09-21 18:26:09,056 [grpc-default-executor-0] INFO  impl.VoteContext (VoteContext.java:log(48)) - ac1d7df1-8838-4266-a424-22c9922d1104@group-5490E1C9B297-FOLLOWER: reject ELECTION from 7ebb7728-56c4-46fe-8faf-bd5e72c54eae: already has voted for d36baf84-b85f-4b26-8f7e-d1f6b1b07563 at current term 5
2021-09-21 18:26:09,056 [grpc-default-executor-0] INFO  server.RaftServer$Division (RaftServerImpl.java:requestVote(1075)) - ac1d7df1-8838-4266-a424-22c9922d1104@group-5490E1C9B297 replies to ELECTION vote request: 7ebb7728-56c4-46fe-8faf-bd5e72c54eae<-ac1d7df1-8838-4266-a424-22c9922d1104#0:FAIL-t5. Peer's state: ac1d7df1-8838-4266-a424-22c9922d1104@group-5490E1C9B297:t5, leader=null, voted=d36baf84-b85f-4b26-8f7e-d1f6b1b07563, raftlog=ac1d7df1-8838-4266-a424-22c9922d1104@group-5490E1C9B297-SegmentedRaftLog:OPENED:c-1,f-1,i0, conf=-1: [d36baf84-b85f-4b26-8f7e-d1f6b1b07563|rpc:10.1.0.27:39631|priority:0, ac1d7df1-8838-4266-a424-22c9922d1104|rpc:10.1.0.27:41255|priority:0, 7ebb7728-56c4-46fe-8faf-bd5e72c54eae|rpc:10.1.0.27:40201|priority:1], old=null
2021-09-21 18:26:09,059 [7ebb7728-56c4-46fe-8faf-bd5e72c54eae@group-5490E1C9B297-LeaderElection26] INFO  impl.LeaderElection (LeaderElection.java:logAndReturn(89)) - 7ebb7728-56c4-46fe-8faf-bd5e72c54eae@group-5490E1C9B297-LeaderElection26: ELECTION REJECTED received 2 response(s) and 0 exception(s):
2021-09-21 18:26:09,059 [7ebb7728-56c4-46fe-8faf-bd5e72c54eae@group-5490E1C9B297-LeaderElection26] INFO  impl.LeaderElection (LeaderElection.java:logAndReturn(93)) -   Response 0: 7ebb7728-56c4-46fe-8faf-bd5e72c54eae<-d36baf84-b85f-4b26-8f7e-d1f6b1b07563#0:FAIL-t5
2021-09-21 18:26:09,060 [7ebb7728-56c4-46fe-8faf-bd5e72c54eae@group-5490E1C9B297-LeaderElection26] INFO  impl.LeaderElection (LeaderElection.java:logAndReturn(93)) -   Response 1: 7ebb7728-56c4-46fe-8faf-bd5e72c54eae<-ac1d7df1-8838-4266-a424-22c9922d1104#0:FAIL-t5
2021-09-21 18:26:09,060 [7ebb7728-56c4-46fe-8faf-bd5e72c54eae@group-5490E1C9B297-LeaderElection26] INFO  impl.LeaderElection (LeaderElection.java:askForVotes(308)) - 7ebb7728-56c4-46fe-8faf-bd5e72c54eae@group-5490E1C9B297-LeaderElection26 ELECTION round 0: result REJECTED
2021-09-21 18:26:09,060 [7ebb7728-56c4-46fe-8faf-bd5e72c54eae@group-5490E1C9B297-LeaderElection26] INFO  server.RaftServer$Division (RaftServerImpl.java:setRole(285)) - 7ebb7728-56c4-46fe-8faf-bd5e72c54eae@group-5490E1C9B297: changes role from CANDIDATE to FOLLOWER at term 5 for REJECTED
2021-09-21 18:26:09,060 [7ebb7728-56c4-46fe-8faf-bd5e72c54eae@group-5490E1C9B297-LeaderElection26] INFO  impl.RoleInfo (RoleInfo.java:shutdownLeaderElection(121)) - 7ebb7728-56c4-46fe-8faf-bd5e72c54eae: shutdown 7ebb7728-56c4-46fe-8faf-bd5e72c54eae@group-5490E1C9B297-LeaderElection26
2021-09-21 18:26:09,060 [7ebb7728-56c4-46fe-8faf-bd5e72c54eae@group-5490E1C9B297-LeaderElection26] INFO  impl.RoleInfo (RoleInfo.java:updateAndGet(130)) - 7ebb7728-56c4-46fe-8faf-bd5e72c54eae: start 7ebb7728-56c4-46fe-8faf-bd5e72c54eae@group-5490E1C9B297-FollowerState
2021-09-21 18:26:09,291 [EventQueue-StaleNodeForStaleNodeHandler] INFO  node.StaleNodeHandler (StaleNodeHandler.java:onMessage(58)) - Datanode 6174554c-eda6-4ca8-a498-7acedbc2905d{ip: 10.1.0.27, host: fv-az122-453.zf1tlrj3kn4expqppa1j4mpycf.xx.internal.cloudapp.net, ports: [REPLICATION=39077, RATIS=43953, RATIS_ADMIN=43953, RATIS_SERVER=43953, STANDALONE=38229], networkLocation: /default-rack, certSerialId: null, persistedOpState: IN_SERVICE, persistedOpStateExpiryEpochSec: 0} moved to stale state. Finalizing its pipelines [PipelineID=3495a40f-b9dc-4f24-95a2-741c39338e1f, PipelineID=2d503cb4-199a-4431-97fc-2fe6c912f1a7, PipelineID=3a97cb87-08b0-4d45-b12e-df9194bc50da]
2021-09-21 18:26:09,292 [EventQueue-StaleNodeForStaleNodeHandler] INFO  pipeline.PipelineManagerImpl (PipelineManagerImpl.java:closePipeline(342)) - Pipeline Pipeline[ Id: 3495a40f-b9dc-4f24-95a2-741c39338e1f, Nodes: 6174554c-eda6-4ca8-a498-7acedbc2905d{ip: 10.1.0.27, host: fv-az122-453.zf1tlrj3kn4expqppa1j4mpycf.xx.internal.cloudapp.net, ports: [REPLICATION=39077, RATIS=43953, RATIS_ADMIN=43953, RATIS_SERVER=43953, STANDALONE=38229], networkLocation: /default-rack, certSerialId: null, persistedOpState: IN_SERVICE, persistedOpStateExpiryEpochSec: 0}, ReplicationConfig: RATIS/ONE, State:OPEN, leaderId:6174554c-eda6-4ca8-a498-7acedbc2905d, CreationTimestamp2021-09-21T18:25:41.583Z[Etc/UTC]] moved to CLOSED state
2021-09-21 18:26:09,828 [d36baf84-b85f-4b26-8f7e-d1f6b1b07563@group-6CB704DD8418-FollowerState] INFO  impl.FollowerState (FollowerState.java:run(134)) - d36baf84-b85f-4b26-8f7e-d1f6b1b07563@group-6CB704DD8418-FollowerState: change to CANDIDATE, lastRpcElapsedTime:5131210844ns, electionTimeout:5127ms
2021-09-21 18:26:09,828 [d36baf84-b85f-4b26-8f7e-d1f6b1b07563@group-6CB704DD8418-FollowerState] INFO  impl.RoleInfo (RoleInfo.java:shutdownFollowerState(108)) - d36baf84-b85f-4b26-8f7e-d1f6b1b07563: shutdown d36baf84-b85f-4b26-8f7e-d1f6b1b07563@group-6CB704DD8418-FollowerState
2021-09-21 18:26:09,828 [d36baf84-b85f-4b26-8f7e-d1f6b1b07563@group-6CB704DD8418-FollowerState] INFO  server.RaftServer$Division (RaftServerImpl.java:setRole(285)) - d36baf84-b85f-4b26-8f7e-d1f6b1b07563@group-6CB704DD8418: changes role from  FOLLOWER to CANDIDATE at term 4 for changeToCandidate
2021-09-21 18:26:09,828 [d36baf84-b85f-4b26-8f7e-d1f6b1b07563@group-6CB704DD8418-FollowerState] INFO  server.RaftServerConfigKeys (ConfUtils.java:logGet(44)) - raft.server.leaderelection.pre-vote = false (custom)
2021-09-21 18:26:09,829 [d36baf84-b85f-4b26-8f7e-d1f6b1b07563@group-6CB704DD8418-FollowerState] INFO  impl.RoleInfo (RoleInfo.java:updateAndGet(130)) - d36baf84-b85f-4b26-8f7e-d1f6b1b07563: start d36baf84-b85f-4b26-8f7e-d1f6b1b07563@group-6CB704DD8418-LeaderElection28
2021-09-21 18:26:09,836 [7ebb7728-56c4-46fe-8faf-bd5e72c54eae@group-6CB704DD8418-FollowerState] INFO  impl.FollowerState (FollowerState.java:run(134)) - 7ebb7728-56c4-46fe-8faf-bd5e72c54eae@group-6CB704DD8418-FollowerState: change to CANDIDATE, lastRpcElapsedTime:5129505850ns, electionTimeout:5124ms
2021-09-21 18:26:09,836 [7ebb7728-56c4-46fe-8faf-bd5e72c54eae@group-6CB704DD8418-FollowerState] INFO  impl.RoleInfo (RoleInfo.java:shutdownFollowerState(108)) - 7ebb7728-56c4-46fe-8faf-bd5e72c54eae: shutdown 7ebb7728-56c4-46fe-8faf-bd5e72c54eae@group-6CB704DD8418-FollowerState
2021-09-21 18:26:09,836 [7ebb7728-56c4-46fe-8faf-bd5e72c54eae@group-6CB704DD8418-FollowerState] INFO  server.RaftServer$Division (RaftServerImpl.java:setRole(285)) - 7ebb7728-56c4-46fe-8faf-bd5e72c54eae@group-6CB704DD8418: changes role from  FOLLOWER to CANDIDATE at term 4 for changeToCandidate
2021-09-21 18:26:09,836 [7ebb7728-56c4-46fe-8faf-bd5e72c54eae@group-6CB704DD8418-FollowerState] INFO  server.RaftServerConfigKeys (ConfUtils.java:logGet(44)) - raft.server.leaderelection.pre-vote = false (custom)
2021-09-21 18:26:09,836 [7ebb7728-56c4-46fe-8faf-bd5e72c54eae@group-6CB704DD8418-FollowerState] INFO  impl.RoleInfo (RoleInfo.java:updateAndGet(130)) - 7ebb7728-56c4-46fe-8faf-bd5e72c54eae: start 7ebb7728-56c4-46fe-8faf-bd5e72c54eae@group-6CB704DD8418-LeaderElection29
2021-09-21 18:26:09,847 [ac1d7df1-8838-4266-a424-22c9922d1104@group-6CB704DD8418-FollowerState] INFO  impl.FollowerState (FollowerState.java:run(134)) - ac1d7df1-8838-4266-a424-22c9922d1104@group-6CB704DD8418-FollowerState: change to CANDIDATE, lastRpcElapsedTime:5157028557ns, electionTimeout:5131ms
2021-09-21 18:26:09,847 [ac1d7df1-8838-4266-a424-22c9922d1104@group-6CB704DD8418-FollowerState] INFO  impl.RoleInfo (RoleInfo.java:shutdownFollowerState(108)) - ac1d7df1-8838-4266-a424-22c9922d1104: shutdown ac1d7df1-8838-4266-a424-22c9922d1104@group-6CB704DD8418-FollowerState
2021-09-21 18:26:09,847 [ac1d7df1-8838-4266-a424-22c9922d1104@group-6CB704DD8418-FollowerState] INFO  server.RaftServer$Division (RaftServerImpl.java:setRole(285)) - ac1d7df1-8838-4266-a424-22c9922d1104@group-6CB704DD8418: changes role from  FOLLOWER to CANDIDATE at term 4 for changeToCandidate
2021-09-21 18:26:09,847 [ac1d7df1-8838-4266-a424-22c9922d1104@group-6CB704DD8418-FollowerState] INFO  server.RaftServerConfigKeys (ConfUtils.java:logGet(44)) - raft.server.leaderelection.pre-vote = false (custom)
2021-09-21 18:26:09,847 [ac1d7df1-8838-4266-a424-22c9922d1104@group-6CB704DD8418-FollowerState] INFO  impl.RoleInfo (RoleInfo.java:updateAndGet(130)) - ac1d7df1-8838-4266-a424-22c9922d1104: start ac1d7df1-8838-4266-a424-22c9922d1104@group-6CB704DD8418-LeaderElection30
2021-09-21 18:26:09,868 [d36baf84-b85f-4b26-8f7e-d1f6b1b07563@group-6CB704DD8418-LeaderElection28] INFO  impl.LeaderElection (LeaderElection.java:askForVotes(306)) - d36baf84-b85f-4b26-8f7e-d1f6b1b07563@group-6CB704DD8418-LeaderElection28 ELECTION round 0: submit vote requests at term 5 for -1: [d36baf84-b85f-4b26-8f7e-d1f6b1b07563|rpc:10.1.0.27:39631|dataStream:|priority:0, ac1d7df1-8838-4266-a424-22c9922d1104|rpc:10.1.0.27:41255|dataStream:|priority:1, 7ebb7728-56c4-46fe-8faf-bd5e72c54eae|rpc:10.1.0.27:40201|dataStream:|priority:0], old=null
2021-09-21 18:26:09,870 [ac1d7df1-8838-4266-a424-22c9922d1104@group-6CB704DD8418-LeaderElection30] INFO  impl.LeaderElection (LeaderElection.java:askForVotes(306)) - ac1d7df1-8838-4266-a424-22c9922d1104@group-6CB704DD8418-LeaderElection30 ELECTION round 0: submit vote requests at term 5 for -1: [d36baf84-b85f-4b26-8f7e-d1f6b1b07563|rpc:10.1.0.27:39631|priority:0, ac1d7df1-8838-4266-a424-22c9922d1104|rpc:10.1.0.27:41255|priority:1, 7ebb7728-56c4-46fe-8faf-bd5e72c54eae|rpc:10.1.0.27:40201|priority:0], old=null
2021-09-21 18:26:09,873 [7ebb7728-56c4-46fe-8faf-bd5e72c54eae@group-6CB704DD8418-LeaderElection29] INFO  impl.LeaderElection (LeaderElection.java:askForVotes(306)) - 7ebb7728-56c4-46fe-8faf-bd5e72c54eae@group-6CB704DD8418-LeaderElection29 ELECTION round 0: submit vote requests at term 5 for -1: [d36baf84-b85f-4b26-8f7e-d1f6b1b07563|rpc:10.1.0.27:39631|priority:0, ac1d7df1-8838-4266-a424-22c9922d1104|rpc:10.1.0.27:41255|priority:1, 7ebb7728-56c4-46fe-8faf-bd5e72c54eae|rpc:10.1.0.27:40201|priority:0], old=null
2021-09-21 18:26:09,893 [grpc-default-executor-0] INFO  server.RaftServer$Division (RaftServerImpl.java:requestVote(1043)) - 7ebb7728-56c4-46fe-8faf-bd5e72c54eae@group-6CB704DD8418: receive requestVote(ELECTION, d36baf84-b85f-4b26-8f7e-d1f6b1b07563, group-6CB704DD8418, 5, (t:0, i:0))
2021-09-21 18:26:09,893 [grpc-default-executor-0] INFO  impl.VoteContext (VoteContext.java:log(48)) - 7ebb7728-56c4-46fe-8faf-bd5e72c54eae@group-6CB704DD8418-CANDIDATE: reject ELECTION from d36baf84-b85f-4b26-8f7e-d1f6b1b07563: already has voted for 7ebb7728-56c4-46fe-8faf-bd5e72c54eae at current term 5
2021-09-21 18:26:09,894 [grpc-default-executor-0] INFO  server.RaftServer$Division (RaftServerImpl.java:requestVote(1075)) - 7ebb7728-56c4-46fe-8faf-bd5e72c54eae@group-6CB704DD8418 replies to ELECTION vote request: d36baf84-b85f-4b26-8f7e-d1f6b1b07563<-7ebb7728-56c4-46fe-8faf-bd5e72c54eae#0:FAIL-t5. Peer's state: 7ebb7728-56c4-46fe-8faf-bd5e72c54eae@group-6CB704DD8418:t5, leader=null, voted=7ebb7728-56c4-46fe-8faf-bd5e72c54eae, raftlog=7ebb7728-56c4-46fe-8faf-bd5e72c54eae@group-6CB704DD8418-SegmentedRaftLog:OPENED:c-1,f-1,i0, conf=-1: [d36baf84-b85f-4b26-8f7e-d1f6b1b07563|rpc:10.1.0.27:39631|priority:0, ac1d7df1-8838-4266-a424-22c9922d1104|rpc:10.1.0.27:41255|priority:1, 7ebb7728-56c4-46fe-8faf-bd5e72c54eae|rpc:10.1.0.27:40201|priority:0], old=null
2021-09-21 18:26:09,894 [grpc-default-executor-3] INFO  server.RaftServer$Division (RaftServerImpl.java:requestVote(1043)) - ac1d7df1-8838-4266-a424-22c9922d1104@group-6CB704DD8418: receive requestVote(ELECTION, d36baf84-b85f-4b26-8f7e-d1f6b1b07563, group-6CB704DD8418, 5, (t:0, i:0))
2021-09-21 18:26:09,894 [grpc-default-executor-3] INFO  impl.VoteContext (VoteContext.java:log(48)) - ac1d7df1-8838-4266-a424-22c9922d1104@group-6CB704DD8418-CANDIDATE: reject ELECTION from d36baf84-b85f-4b26-8f7e-d1f6b1b07563: already has voted for ac1d7df1-8838-4266-a424-22c9922d1104 at current term 5
2021-09-21 18:26:09,894 [grpc-default-executor-3] INFO  server.RaftServer$Division (RaftServerImpl.java:requestVote(1075)) - ac1d7df1-8838-4266-a424-22c9922d1104@group-6CB704DD8418 replies to ELECTION vote request: d36baf84-b85f-4b26-8f7e-d1f6b1b07563<-ac1d7df1-8838-4266-a424-22c9922d1104#0:FAIL-t5. Peer's state: ac1d7df1-8838-4266-a424-22c9922d1104@group-6CB704DD8418:t5, leader=null, voted=ac1d7df1-8838-4266-a424-22c9922d1104, raftlog=ac1d7df1-8838-4266-a424-22c9922d1104@group-6CB704DD8418-SegmentedRaftLog:OPENED:c-1,f-1,i0, conf=-1: [d36baf84-b85f-4b26-8f7e-d1f6b1b07563|rpc:10.1.0.27:39631|priority:0, ac1d7df1-8838-4266-a424-22c9922d1104|rpc:10.1.0.27:41255|priority:1, 7ebb7728-56c4-46fe-8faf-bd5e72c54eae|rpc:10.1.0.27:40201|priority:0], old=null
2021-09-21 18:26:09,916 [d36baf84-b85f-4b26-8f7e-d1f6b1b07563@group-6CB704DD8418-LeaderElection28] INFO  impl.LeaderElection (LeaderElection.java:logAndReturn(89)) - d36baf84-b85f-4b26-8f7e-d1f6b1b07563@group-6CB704DD8418-LeaderElection28: ELECTION REJECTED received 2 response(s) and 0 exception(s):
2021-09-21 18:26:09,916 [d36baf84-b85f-4b26-8f7e-d1f6b1b07563@group-6CB704DD8418-LeaderElection28] INFO  impl.LeaderElection (LeaderElection.java:logAndReturn(93)) -   Response 0: d36baf84-b85f-4b26-8f7e-d1f6b1b07563<-ac1d7df1-8838-4266-a424-22c9922d1104#0:FAIL-t5
2021-09-21 18:26:09,916 [d36baf84-b85f-4b26-8f7e-d1f6b1b07563@group-6CB704DD8418-LeaderElection28] INFO  impl.LeaderElection (LeaderElection.java:logAndReturn(93)) -   Response 1: d36baf84-b85f-4b26-8f7e-d1f6b1b07563<-7ebb7728-56c4-46fe-8faf-bd5e72c54eae#0:FAIL-t5
2021-09-21 18:26:09,916 [d36baf84-b85f-4b26-8f7e-d1f6b1b07563@group-6CB704DD8418-LeaderElection28] INFO  impl.LeaderElection (LeaderElection.java:askForVotes(308)) - d36baf84-b85f-4b26-8f7e-d1f6b1b07563@group-6CB704DD8418-LeaderElection28 ELECTION round 0: result REJECTED
2021-09-21 18:26:09,916 [d36baf84-b85f-4b26-8f7e-d1f6b1b07563@group-6CB704DD8418-LeaderElection28] INFO  server.RaftServer$Division (RaftServerImpl.java:setRole(285)) - d36baf84-b85f-4b26-8f7e-d1f6b1b07563@group-6CB704DD8418: changes role from CANDIDATE to FOLLOWER at term 5 for REJECTED
2021-09-21 18:26:09,916 [d36baf84-b85f-4b26-8f7e-d1f6b1b07563@group-6CB704DD8418-LeaderElection28] INFO  impl.RoleInfo (RoleInfo.java:shutdownLeaderElection(121)) - d36baf84-b85f-4b26-8f7e-d1f6b1b07563: shutdown d36baf84-b85f-4b26-8f7e-d1f6b1b07563@group-6CB704DD8418-LeaderElection28
2021-09-21 18:26:09,916 [d36baf84-b85f-4b26-8f7e-d1f6b1b07563@group-6CB704DD8418-LeaderElection28] INFO  impl.RoleInfo (RoleInfo.java:updateAndGet(130)) - d36baf84-b85f-4b26-8f7e-d1f6b1b07563: start d36baf84-b85f-4b26-8f7e-d1f6b1b07563@group-6CB704DD8418-FollowerState
2021-09-21 18:26:09,916 [grpc-default-executor-3] INFO  server.RaftServer$Division (RaftServerImpl.java:requestVote(1043)) - d36baf84-b85f-4b26-8f7e-d1f6b1b07563@group-6CB704DD8418: receive requestVote(ELECTION, 7ebb7728-56c4-46fe-8faf-bd5e72c54eae, group-6CB704DD8418, 5, (t:0, i:0))
2021-09-21 18:26:09,917 [grpc-default-executor-0] INFO  server.RaftServer$Division (RaftServerImpl.java:requestVote(1043)) - d36baf84-b85f-4b26-8f7e-d1f6b1b07563@group-6CB704DD8418: receive requestVote(ELECTION, ac1d7df1-8838-4266-a424-22c9922d1104, group-6CB704DD8418, 5, (t:0, i:0))
2021-09-21 18:26:09,919 [grpc-default-executor-2] INFO  server.RaftServer$Division (RaftServerImpl.java:requestVote(1043)) - ac1d7df1-8838-4266-a424-22c9922d1104@group-6CB704DD8418: receive requestVote(ELECTION, 7ebb7728-56c4-46fe-8faf-bd5e72c54eae, group-6CB704DD8418, 5, (t:0, i:0))
2021-09-21 18:26:09,919 [grpc-default-executor-2] INFO  impl.VoteContext (VoteContext.java:log(48)) - ac1d7df1-8838-4266-a424-22c9922d1104@group-6CB704DD8418-CANDIDATE: reject ELECTION from 7ebb7728-56c4-46fe-8faf-bd5e72c54eae: already has voted for ac1d7df1-8838-4266-a424-22c9922d1104 at current term 5
2021-09-21 18:26:09,920 [grpc-default-executor-2] INFO  server.RaftServer$Division (RaftServerImpl.java:requestVote(1075)) - ac1d7df1-8838-4266-a424-22c9922d1104@group-6CB704DD8418 replies to ELECTION vote request: 7ebb7728-56c4-46fe-8faf-bd5e72c54eae<-ac1d7df1-8838-4266-a424-22c9922d1104#0:FAIL-t5. Peer's state: ac1d7df1-8838-4266-a424-22c9922d1104@group-6CB704DD8418:t5, leader=null, voted=ac1d7df1-8838-4266-a424-22c9922d1104, raftlog=ac1d7df1-8838-4266-a424-22c9922d1104@group-6CB704DD8418-SegmentedRaftLog:OPENED:c-1,f-1,i0, conf=-1: [d36baf84-b85f-4b26-8f7e-d1f6b1b07563|rpc:10.1.0.27:39631|priority:0, ac1d7df1-8838-4266-a424-22c9922d1104|rpc:10.1.0.27:41255|priority:1, 7ebb7728-56c4-46fe-8faf-bd5e72c54eae|rpc:10.1.0.27:40201|priority:0], old=null
2021-09-21 18:26:09,925 [grpc-default-executor-0] INFO  impl.VoteContext (VoteContext.java:log(48)) - d36baf84-b85f-4b26-8f7e-d1f6b1b07563@group-6CB704DD8418-FOLLOWER: reject ELECTION from ac1d7df1-8838-4266-a424-22c9922d1104: already has voted for d36baf84-b85f-4b26-8f7e-d1f6b1b07563 at current term 5
2021-09-21 18:26:09,925 [grpc-default-executor-0] INFO  server.RaftServer$Division (RaftServerImpl.java:requestVote(1075)) - d36baf84-b85f-4b26-8f7e-d1f6b1b07563@group-6CB704DD8418 replies to ELECTION vote request: ac1d7df1-8838-4266-a424-22c9922d1104<-d36baf84-b85f-4b26-8f7e-d1f6b1b07563#0:FAIL-t5. Peer's state: d36baf84-b85f-4b26-8f7e-d1f6b1b07563@group-6CB704DD8418:t5, leader=null, voted=d36baf84-b85f-4b26-8f7e-d1f6b1b07563, raftlog=d36baf84-b85f-4b26-8f7e-d1f6b1b07563@group-6CB704DD8418-SegmentedRaftLog:OPENED:c-1,f-1,i0, conf=-1: [d36baf84-b85f-4b26-8f7e-d1f6b1b07563|rpc:10.1.0.27:39631|dataStream:|priority:0, ac1d7df1-8838-4266-a424-22c9922d1104|rpc:10.1.0.27:41255|dataStream:|priority:1, 7ebb7728-56c4-46fe-8faf-bd5e72c54eae|rpc:10.1.0.27:40201|dataStream:|priority:0], old=null
2021-09-21 18:26:09,925 [grpc-default-executor-3] INFO  impl.VoteContext (VoteContext.java:log(48)) - d36baf84-b85f-4b26-8f7e-d1f6b1b07563@group-6CB704DD8418-FOLLOWER: reject ELECTION from 7ebb7728-56c4-46fe-8faf-bd5e72c54eae: already has voted for d36baf84-b85f-4b26-8f7e-d1f6b1b07563 at current term 5
2021-09-21 18:26:09,925 [grpc-default-executor-3] INFO  server.RaftServer$Division (RaftServerImpl.java:requestVote(1075)) - d36baf84-b85f-4b26-8f7e-d1f6b1b07563@group-6CB704DD8418 replies to ELECTION vote request: 7ebb7728-56c4-46fe-8faf-bd5e72c54eae<-d36baf84-b85f-4b26-8f7e-d1f6b1b07563#0:FAIL-t5. Peer's state: d36baf84-b85f-4b26-8f7e-d1f6b1b07563@group-6CB704DD8418:t5, leader=null, voted=d36baf84-b85f-4b26-8f7e-d1f6b1b07563, raftlog=d36baf84-b85f-4b26-8f7e-d1f6b1b07563@group-6CB704DD8418-SegmentedRaftLog:OPENED:c-1,f-1,i0, conf=-1: [d36baf84-b85f-4b26-8f7e-d1f6b1b07563|rpc:10.1.0.27:39631|dataStream:|priority:0, ac1d7df1-8838-4266-a424-22c9922d1104|rpc:10.1.0.27:41255|dataStream:|priority:1, 7ebb7728-56c4-46fe-8faf-bd5e72c54eae|rpc:10.1.0.27:40201|dataStream:|priority:0], old=null
2021-09-21 18:26:09,932 [grpc-default-executor-2] INFO  server.RaftServer$Division (RaftServerImpl.java:requestVote(1043)) - 7ebb7728-56c4-46fe-8faf-bd5e72c54eae@group-6CB704DD8418: receive requestVote(ELECTION, ac1d7df1-8838-4266-a424-22c9922d1104, group-6CB704DD8418, 5, (t:0, i:0))
2021-09-21 18:26:09,932 [grpc-default-executor-2] INFO  impl.VoteContext (VoteContext.java:log(48)) - 7ebb7728-56c4-46fe-8faf-bd5e72c54eae@group-6CB704DD8418-CANDIDATE: reject ELECTION from ac1d7df1-8838-4266-a424-22c9922d1104: already has voted for 7ebb7728-56c4-46fe-8faf-bd5e72c54eae at current term 5
2021-09-21 18:26:09,932 [grpc-default-executor-2] INFO  server.RaftServer$Division (RaftServerImpl.java:requestVote(1075)) - 7ebb7728-56c4-46fe-8faf-bd5e72c54eae@group-6CB704DD8418 replies to ELECTION vote request: ac1d7df1-8838-4266-a424-22c9922d1104<-7ebb7728-56c4-46fe-8faf-bd5e72c54eae#0:FAIL-t5. Peer's state: 7ebb7728-56c4-46fe-8faf-bd5e72c54eae@group-6CB704DD8418:t5, leader=null, voted=7ebb7728-56c4-46fe-8faf-bd5e72c54eae, raftlog=7ebb7728-56c4-46fe-8faf-bd5e72c54eae@group-6CB704DD8418-SegmentedRaftLog:OPENED:c-1,f-1,i0, conf=-1: [d36baf84-b85f-4b26-8f7e-d1f6b1b07563|rpc:10.1.0.27:39631|priority:0, ac1d7df1-8838-4266-a424-22c9922d1104|rpc:10.1.0.27:41255|priority:1, 7ebb7728-56c4-46fe-8faf-bd5e72c54eae|rpc:10.1.0.27:40201|priority:0], old=null
2021-09-21 18:26:09,932 [7ebb7728-56c4-46fe-8faf-bd5e72c54eae@group-6CB704DD8418-LeaderElection29] INFO  impl.LeaderElection (LeaderElection.java:logAndReturn(89)) - 7ebb7728-56c4-46fe-8faf-bd5e72c54eae@group-6CB704DD8418-LeaderElection29: ELECTION REJECTED received 2 response(s) and 0 exception(s):
2021-09-21 18:26:09,932 [7ebb7728-56c4-46fe-8faf-bd5e72c54eae@group-6CB704DD8418-LeaderElection29] INFO  impl.LeaderElection (LeaderElection.java:logAndReturn(93)) -   Response 0: 7ebb7728-56c4-46fe-8faf-bd5e72c54eae<-d36baf84-b85f-4b26-8f7e-d1f6b1b07563#0:FAIL-t5
2021-09-21 18:26:09,932 [7ebb7728-56c4-46fe-8faf-bd5e72c54eae@group-6CB704DD8418-LeaderElection29] INFO  impl.LeaderElection (LeaderElection.java:logAndReturn(93)) -   Response 1: 7ebb7728-56c4-46fe-8faf-bd5e72c54eae<-ac1d7df1-8838-4266-a424-22c9922d1104#0:FAIL-t5
2021-09-21 18:26:09,933 [7ebb7728-56c4-46fe-8faf-bd5e72c54eae@group-6CB704DD8418-LeaderElection29] INFO  impl.LeaderElection (LeaderElection.java:askForVotes(308)) - 7ebb7728-56c4-46fe-8faf-bd5e72c54eae@group-6CB704DD8418-LeaderElection29 ELECTION round 0: result REJECTED
2021-09-21 18:26:09,933 [7ebb7728-56c4-46fe-8faf-bd5e72c54eae@group-6CB704DD8418-LeaderElection29] INFO  server.RaftServer$Division (RaftServerImpl.java:setRole(285)) - 7ebb7728-56c4-46fe-8faf-bd5e72c54eae@group-6CB704DD8418: changes role from CANDIDATE to FOLLOWER at term 5 for REJECTED
2021-09-21 18:26:09,933 [7ebb7728-56c4-46fe-8faf-bd5e72c54eae@group-6CB704DD8418-LeaderElection29] INFO  impl.RoleInfo (RoleInfo.java:shutdownLeaderElection(121)) - 7ebb7728-56c4-46fe-8faf-bd5e72c54eae: shutdown 7ebb7728-56c4-46fe-8faf-bd5e72c54eae@group-6CB704DD8418-LeaderElection29
2021-09-21 18:26:09,933 [7ebb7728-56c4-46fe-8faf-bd5e72c54eae@group-6CB704DD8418-LeaderElection29] INFO  impl.RoleInfo (RoleInfo.java:updateAndGet(130)) - 7ebb7728-56c4-46fe-8faf-bd5e72c54eae: start 7ebb7728-56c4-46fe-8faf-bd5e72c54eae@group-6CB704DD8418-FollowerState
2021-09-21 18:26:09,938 [ac1d7df1-8838-4266-a424-22c9922d1104@group-6CB704DD8418-LeaderElection30] INFO  impl.LeaderElection (LeaderElection.java:logAndReturn(89)) - ac1d7df1-8838-4266-a424-22c9922d1104@group-6CB704DD8418-LeaderElection30: ELECTION REJECTED received 2 response(s) and 0 exception(s):
2021-09-21 18:26:09,938 [ac1d7df1-8838-4266-a424-22c9922d1104@group-6CB704DD8418-LeaderElection30] INFO  impl.LeaderElection (LeaderElection.java:logAndReturn(93)) -   Response 0: ac1d7df1-8838-4266-a424-22c9922d1104<-d36baf84-b85f-4b26-8f7e-d1f6b1b07563#0:FAIL-t5
2021-09-21 18:26:09,938 [ac1d7df1-8838-4266-a424-22c9922d1104@group-6CB704DD8418-LeaderElection30] INFO  impl.LeaderElection (LeaderElection.java:logAndReturn(93)) -   Response 1: ac1d7df1-8838-4266-a424-22c9922d1104<-7ebb7728-56c4-46fe-8faf-bd5e72c54eae#0:FAIL-t5
2021-09-21 18:26:09,938 [ac1d7df1-8838-4266-a424-22c9922d1104@group-6CB704DD8418-LeaderElection30] INFO  impl.LeaderElection (LeaderElection.java:askForVotes(308)) - ac1d7df1-8838-4266-a424-22c9922d1104@group-6CB704DD8418-LeaderElection30 ELECTION round 0: result REJECTED
2021-09-21 18:26:09,938 [ac1d7df1-8838-4266-a424-22c9922d1104@group-6CB704DD8418-LeaderElection30] INFO  server.RaftServer$Division (RaftServerImpl.java:setRole(285)) - ac1d7df1-8838-4266-a424-22c9922d1104@group-6CB704DD8418: changes role from CANDIDATE to FOLLOWER at term 5 for REJECTED
2021-09-21 18:26:09,939 [ac1d7df1-8838-4266-a424-22c9922d1104@group-6CB704DD8418-LeaderElection30] INFO  impl.RoleInfo (RoleInfo.java:shutdownLeaderElection(121)) - ac1d7df1-8838-4266-a424-22c9922d1104: shutdown ac1d7df1-8838-4266-a424-22c9922d1104@group-6CB704DD8418-LeaderElection30
2021-09-21 18:26:09,939 [ac1d7df1-8838-4266-a424-22c9922d1104@group-6CB704DD8418-LeaderElection30] INFO  impl.RoleInfo (RoleInfo.java:updateAndGet(130)) - ac1d7df1-8838-4266-a424-22c9922d1104: start ac1d7df1-8838-4266-a424-22c9922d1104@group-6CB704DD8418-FollowerState
2021-09-21 18:26:10,015 [453ecb08-f079-4424-abb7-b5b860d98fa7@group-DF9194BC50DA-FollowerState] INFO  impl.FollowerState (FollowerState.java:run(134)) - 453ecb08-f079-4424-abb7-b5b860d98fa7@group-DF9194BC50DA-FollowerState: change to CANDIDATE, lastRpcElapsedTime:5063729074ns, electionTimeout:5063ms
2021-09-21 18:26:10,015 [453ecb08-f079-4424-abb7-b5b860d98fa7@group-DF9194BC50DA-FollowerState] INFO  impl.RoleInfo (RoleInfo.java:shutdownFollowerState(108)) - 453ecb08-f079-4424-abb7-b5b860d98fa7: shutdown 453ecb08-f079-4424-abb7-b5b860d98fa7@group-DF9194BC50DA-FollowerState
2021-09-21 18:26:10,015 [453ecb08-f079-4424-abb7-b5b860d98fa7@group-DF9194BC50DA-FollowerState] INFO  server.RaftServer$Division (RaftServerImpl.java:setRole(285)) - 453ecb08-f079-4424-abb7-b5b860d98fa7@group-DF9194BC50DA: changes role from  FOLLOWER to CANDIDATE at term 2 for changeToCandidate
2021-09-21 18:26:10,015 [453ecb08-f079-4424-abb7-b5b860d98fa7@group-DF9194BC50DA-FollowerState] INFO  server.RaftServerConfigKeys (ConfUtils.java:logGet(44)) - raft.server.leaderelection.pre-vote = false (custom)
2021-09-21 18:26:10,015 [453ecb08-f079-4424-abb7-b5b860d98fa7@group-DF9194BC50DA-FollowerState] INFO  impl.RoleInfo (RoleInfo.java:updateAndGet(130)) - 453ecb08-f079-4424-abb7-b5b860d98fa7: start 453ecb08-f079-4424-abb7-b5b860d98fa7@group-DF9194BC50DA-LeaderElection31
2021-09-21 18:26:10,025 [453ecb08-f079-4424-abb7-b5b860d98fa7@group-DF9194BC50DA-LeaderElection31] INFO  impl.LeaderElection (LeaderElection.java:askForVotes(306)) - 453ecb08-f079-4424-abb7-b5b860d98fa7@group-DF9194BC50DA-LeaderElection31 ELECTION round 0: submit vote requests at term 3 for 0: [6174554c-eda6-4ca8-a498-7acedbc2905d|rpc:10.1.0.27:43953|dataStream:|priority:0, 000602bb-62cb-4174-b1e5-e32eb992284f|rpc:10.1.0.27:39235|dataStream:|priority:1, 453ecb08-f079-4424-abb7-b5b860d98fa7|rpc:10.1.0.27:45375|dataStream:|priority:0], old=null
2021-09-21 18:26:10,042 [453ecb08-f079-4424-abb7-b5b860d98fa7@group-DF9194BC50DA-LeaderElection31] INFO  impl.LeaderElection (LogUtils.java:infoOrTrace(137)) - 453ecb08-f079-4424-abb7-b5b860d98fa7@group-DF9194BC50DA-LeaderElection31 got exception when requesting votes: java.util.concurrent.ExecutionException: org.apache.ratis.thirdparty.io.grpc.StatusRuntimeException: UNAVAILABLE: io exception
2021-09-21 18:26:10,042 [453ecb08-f079-4424-abb7-b5b860d98fa7@group-DF9194BC50DA-LeaderElection31] INFO  impl.LeaderElection (LogUtils.java:infoOrTrace(137)) - 453ecb08-f079-4424-abb7-b5b860d98fa7@group-DF9194BC50DA-LeaderElection31 got exception when requesting votes: java.util.concurrent.ExecutionException: org.apache.ratis.thirdparty.io.grpc.StatusRuntimeException: UNAVAILABLE: io exception
2021-09-21 18:26:10,042 [453ecb08-f079-4424-abb7-b5b860d98fa7@group-DF9194BC50DA-LeaderElection31] INFO  impl.LeaderElection (LeaderElection.java:logAndReturn(89)) - 453ecb08-f079-4424-abb7-b5b860d98fa7@group-DF9194BC50DA-LeaderElection31: ELECTION REJECTED received 0 response(s) and 2 exception(s):
2021-09-21 18:26:10,042 [453ecb08-f079-4424-abb7-b5b860d98fa7@group-DF9194BC50DA-LeaderElection31] INFO  impl.LeaderElection (LogUtils.java:infoOrTrace(137)) -   Exception 0: java.util.concurrent.ExecutionException: org.apache.ratis.thirdparty.io.grpc.StatusRuntimeException: UNAVAILABLE: io exception
2021-09-21 18:26:10,042 [453ecb08-f079-4424-abb7-b5b860d98fa7@group-DF9194BC50DA-LeaderElection31] INFO  impl.LeaderElection (LogUtils.java:infoOrTrace(137)) -   Exception 1: java.util.concurrent.ExecutionException: org.apache.ratis.thirdparty.io.grpc.StatusRuntimeException: UNAVAILABLE: io exception
2021-09-21 18:26:10,042 [453ecb08-f079-4424-abb7-b5b860d98fa7@group-DF9194BC50DA-LeaderElection31] INFO  impl.LeaderElection (LeaderElection.java:askForVotes(308)) - 453ecb08-f079-4424-abb7-b5b860d98fa7@group-DF9194BC50DA-LeaderElection31 ELECTION round 0: result REJECTED
2021-09-21 18:26:10,042 [453ecb08-f079-4424-abb7-b5b860d98fa7@group-DF9194BC50DA-LeaderElection31] INFO  server.RaftServer$Division (RaftServerImpl.java:setRole(285)) - 453ecb08-f079-4424-abb7-b5b860d98fa7@group-DF9194BC50DA: changes role from CANDIDATE to FOLLOWER at term 3 for REJECTED
2021-09-21 18:26:10,042 [453ecb08-f079-4424-abb7-b5b860d98fa7@group-DF9194BC50DA-LeaderElection31] INFO  impl.RoleInfo (RoleInfo.java:shutdownLeaderElection(121)) - 453ecb08-f079-4424-abb7-b5b860d98fa7: shutdown 453ecb08-f079-4424-abb7-b5b860d98fa7@group-DF9194BC50DA-LeaderElection31
2021-09-21 18:26:10,043 [453ecb08-f079-4424-abb7-b5b860d98fa7@group-DF9194BC50DA-LeaderElection31] INFO  impl.RoleInfo (RoleInfo.java:updateAndGet(130)) - 453ecb08-f079-4424-abb7-b5b860d98fa7: start 453ecb08-f079-4424-abb7-b5b860d98fa7@group-DF9194BC50DA-FollowerState
2021-09-21 18:26:10,079 [grpc-default-executor-2] WARN  server.GrpcLogAppender (LogUtils.java:warn(122)) - 453ecb08-f079-4424-abb7-b5b860d98fa7@group-2FE6C912F1A7->000602bb-62cb-4174-b1e5-e32eb992284f-AppendLogResponseHandler: Failed appendEntries: org.apache.ratis.thirdparty.io.grpc.StatusRuntimeException: UNAVAILABLE: io exception
2021-09-21 18:26:10,080 [grpc-default-executor-2] WARN  server.GrpcLogAppender (GrpcLogAppender.java:resetClient(111)) - 453ecb08-f079-4424-abb7-b5b860d98fa7@group-2FE6C912F1A7->000602bb-62cb-4174-b1e5-e32eb992284f-GrpcLogAppender: Leader has not got in touch with Follower 453ecb08-f079-4424-abb7-b5b860d98fa7@group-2FE6C912F1A7->000602bb-62cb-4174-b1e5-e32eb992284f(c0,m0,n1, attendVote=true, lastRpcSendTime=2501, lastRpcResponseTime=15042) yet, just keep nextIndex unchanged and retry.
2021-09-21 18:26:10,084 [grpc-default-executor-2] WARN  server.GrpcLogAppender (LogUtils.java:warn(122)) - 453ecb08-f079-4424-abb7-b5b860d98fa7@group-2FE6C912F1A7->6174554c-eda6-4ca8-a498-7acedbc2905d-AppendLogResponseHandler: Failed appendEntries: org.apache.ratis.thirdparty.io.grpc.StatusRuntimeException: UNAVAILABLE: io exception
2021-09-21 18:26:10,085 [grpc-default-executor-2] WARN  server.GrpcLogAppender (GrpcLogAppender.java:resetClient(111)) - 453ecb08-f079-4424-abb7-b5b860d98fa7@group-2FE6C912F1A7->6174554c-eda6-4ca8-a498-7acedbc2905d-GrpcLogAppender: Leader has not got in touch with Follower 453ecb08-f079-4424-abb7-b5b860d98fa7@group-2FE6C912F1A7->6174554c-eda6-4ca8-a498-7acedbc2905d(c0,m0,n1, attendVote=true, lastRpcSendTime=2500, lastRpcResponseTime=7509) yet, just keep nextIndex unchanged and retry.
2021-09-21 18:26:10,605 [453ecb08-f079-4424-abb7-b5b860d98fa7@group-2FE6C912F1A7-LeaderStateImpl] WARN  server.RaftServer$Division (LeaderStateImpl.java:checkLeadership(944)) - 453ecb08-f079-4424-abb7-b5b860d98fa7@group-2FE6C912F1A7-LeaderStateImpl: Lost leadership on term: 2. Election timeout: 5200ms. In charge for: 15652ms. Conf: 0: [6174554c-eda6-4ca8-a498-7acedbc2905d|rpc:10.1.0.27:43953|dataStream:|priority:0, 453ecb08-f079-4424-abb7-b5b860d98fa7|rpc:10.1.0.27:45375|dataStream:|priority:1, 000602bb-62cb-4174-b1e5-e32eb992284f|rpc:10.1.0.27:39235|dataStream:|priority:0], old=null
2021-09-21 18:26:10,606 [453ecb08-f079-4424-abb7-b5b860d98fa7@group-2FE6C912F1A7-LeaderStateImpl] WARN  server.RaftServer$Division (LeaderStateImpl.java:lambda$checkLeadership$15(948)) - Follower 453ecb08-f079-4424-abb7-b5b860d98fa7@group-2FE6C912F1A7->6174554c-eda6-4ca8-a498-7acedbc2905d(c0,m0,n1, attendVote=true, lastRpcSendTime=511, lastRpcResponseTime=8030)
2021-09-21 18:26:10,606 [453ecb08-f079-4424-abb7-b5b860d98fa7@group-2FE6C912F1A7-LeaderStateImpl] WARN  server.RaftServer$Division (LeaderStateImpl.java:lambda$checkLeadership$15(948)) - Follower 453ecb08-f079-4424-abb7-b5b860d98fa7@group-2FE6C912F1A7->000602bb-62cb-4174-b1e5-e32eb992284f(c0,m0,n1, attendVote=true, lastRpcSendTime=507, lastRpcResponseTime=15567)
2021-09-21 18:26:10,606 [453ecb08-f079-4424-abb7-b5b860d98fa7@group-2FE6C912F1A7-LeaderStateImpl] INFO  server.RaftServer$Division (RaftServerImpl.java:setRole(285)) - 453ecb08-f079-4424-abb7-b5b860d98fa7@group-2FE6C912F1A7: changes role from    LEADER to FOLLOWER at term 2 for StepDownReason:LOST_MAJORITY_HEARTBEATS
2021-09-21 18:26:10,606 [453ecb08-f079-4424-abb7-b5b860d98fa7@group-2FE6C912F1A7-LeaderStateImpl] INFO  impl.RoleInfo (RoleInfo.java:shutdownLeaderState(91)) - 453ecb08-f079-4424-abb7-b5b860d98fa7: shutdown 453ecb08-f079-4424-abb7-b5b860d98fa7@group-2FE6C912F1A7-LeaderStateImpl
2021-09-21 18:26:10,607 [453ecb08-f079-4424-abb7-b5b860d98fa7@group-2FE6C912F1A7-LeaderStateImpl] INFO  impl.PendingRequests (PendingRequests.java:sendNotLeaderResponses(282)) - 453ecb08-f079-4424-abb7-b5b860d98fa7@group-2FE6C912F1A7-PendingRequests: sendNotLeaderResponses
2021-09-21 18:26:10,607 [453ecb08-f079-4424-abb7-b5b860d98fa7@group-2FE6C912F1A7-LeaderStateImpl] INFO  impl.RoleInfo (RoleInfo.java:updateAndGet(130)) - 453ecb08-f079-4424-abb7-b5b860d98fa7: start 453ecb08-f079-4424-abb7-b5b860d98fa7@group-2FE6C912F1A7-FollowerState
2021-09-21 18:26:11,312 [EventQueue-DeadNodeForDeadNodeHandler] INFO  node.DeadNodeHandler (DeadNodeHandler.java:onMessage(80)) - A dead datanode is detected. 000602bb-62cb-4174-b1e5-e32eb992284f{ip: 10.1.0.27, host: fv-az122-453.zf1tlrj3kn4expqppa1j4mpycf.xx.internal.cloudapp.net, ports: [REPLICATION=38231, RATIS=39235, RATIS_ADMIN=39235, RATIS_SERVER=39235, STANDALONE=33401], networkLocation: /default-rack, certSerialId: null, persistedOpState: IN_SERVICE, persistedOpStateExpiryEpochSec: 0}
2021-09-21 18:26:11,314 [EventQueue-DeadNodeForDeadNodeHandler] INFO  pipeline.RatisPipelineProvider (RatisPipelineProvider.java:lambda$close$1(222)) - Send pipeline:PipelineID=2d503cb4-199a-4431-97fc-2fe6c912f1a7 close command to datanode 453ecb08-f079-4424-abb7-b5b860d98fa7
2021-09-21 18:26:11,316 [EventQueue-DeadNodeForDeadNodeHandler] INFO  pipeline.RatisPipelineProvider (RatisPipelineProvider.java:lambda$close$1(222)) - Send pipeline:PipelineID=2d503cb4-199a-4431-97fc-2fe6c912f1a7 close command to datanode 6174554c-eda6-4ca8-a498-7acedbc2905d
2021-09-21 18:26:11,316 [EventQueue-DeadNodeForDeadNodeHandler] INFO  pipeline.RatisPipelineProvider (RatisPipelineProvider.java:lambda$close$1(222)) - Send pipeline:PipelineID=2d503cb4-199a-4431-97fc-2fe6c912f1a7 close command to datanode 000602bb-62cb-4174-b1e5-e32eb992284f
2021-09-21 18:26:11,317 [EventQueue-DeadNodeForDeadNodeHandler] INFO  pipeline.PipelineStateManager (PipelineStateManagerV2Impl.java:removePipeline(211)) - Pipeline Pipeline[ Id: 2d503cb4-199a-4431-97fc-2fe6c912f1a7, Nodes: 453ecb08-f079-4424-abb7-b5b860d98fa7{ip: 10.1.0.27, host: fv-az122-453.zf1tlrj3kn4expqppa1j4mpycf.xx.internal.cloudapp.net, ports: [REPLICATION=44591, RATIS=45375, RATIS_ADMIN=45375, RATIS_SERVER=45375, STANDALONE=33283], networkLocation: /default-rack, certSerialId: null, persistedOpState: IN_SERVICE, persistedOpStateExpiryEpochSec: 0}6174554c-eda6-4ca8-a498-7acedbc2905d{ip: 10.1.0.27, host: fv-az122-453.zf1tlrj3kn4expqppa1j4mpycf.xx.internal.cloudapp.net, ports: [REPLICATION=39077, RATIS=43953, RATIS_ADMIN=43953, RATIS_SERVER=43953, STANDALONE=38229], networkLocation: /default-rack, certSerialId: null, persistedOpState: IN_SERVICE, persistedOpStateExpiryEpochSec: 0}000602bb-62cb-4174-b1e5-e32eb992284f{ip: 10.1.0.27, host: fv-az122-453.zf1tlrj3kn4expqppa1j4mpycf.xx.internal.cloudapp.net, ports: [REPLICATION=38231, RATIS=39235, RATIS_ADMIN=39235, RATIS_SERVER=39235, STANDALONE=33401], networkLocation: /default-rack, certSerialId: null, persistedOpState: IN_SERVICE, persistedOpStateExpiryEpochSec: 0}, ReplicationConfig: RATIS/THREE, State:CLOSED, leaderId:453ecb08-f079-4424-abb7-b5b860d98fa7, CreationTimestamp2021-09-21T18:25:41.834Z[Etc/UTC]] removed.
2021-09-21 18:26:11,319 [EventQueue-DeadNodeForDeadNodeHandler] INFO  pipeline.RatisPipelineProvider (RatisPipelineProvider.java:lambda$close$1(222)) - Send pipeline:PipelineID=1c34d39f-0136-47b1-86a3-66bcf67e946b close command to datanode 000602bb-62cb-4174-b1e5-e32eb992284f
2021-09-21 18:26:11,319 [EventQueue-DeadNodeForDeadNodeHandler] INFO  pipeline.PipelineStateManager (PipelineStateManagerV2Impl.java:removePipeline(211)) - Pipeline Pipeline[ Id: 1c34d39f-0136-47b1-86a3-66bcf67e946b, Nodes: 000602bb-62cb-4174-b1e5-e32eb992284f{ip: 10.1.0.27, host: fv-az122-453.zf1tlrj3kn4expqppa1j4mpycf.xx.internal.cloudapp.net, ports: [REPLICATION=38231, RATIS=39235, RATIS_ADMIN=39235, RATIS_SERVER=39235, STANDALONE=33401], networkLocation: /default-rack, certSerialId: null, persistedOpState: IN_SERVICE, persistedOpStateExpiryEpochSec: 0}, ReplicationConfig: RATIS/ONE, State:CLOSED, leaderId:000602bb-62cb-4174-b1e5-e32eb992284f, CreationTimestamp2021-09-21T18:25:41.361Z[Etc/UTC]] removed.
2021-09-21 18:26:11,319 [EventQueue-DeadNodeForDeadNodeHandler] INFO  pipeline.RatisPipelineProvider (RatisPipelineProvider.java:lambda$close$1(222)) - Send pipeline:PipelineID=3a97cb87-08b0-4d45-b12e-df9194bc50da close command to datanode 000602bb-62cb-4174-b1e5-e32eb992284f
2021-09-21 18:26:11,320 [EventQueue-DeadNodeForDeadNodeHandler] INFO  pipeline.RatisPipelineProvider (RatisPipelineProvider.java:lambda$close$1(222)) - Send pipeline:PipelineID=3a97cb87-08b0-4d45-b12e-df9194bc50da close command to datanode 6174554c-eda6-4ca8-a498-7acedbc2905d
2021-09-21 18:26:11,320 [EventQueue-DeadNodeForDeadNodeHandler] INFO  pipeline.RatisPipelineProvider (RatisPipelineProvider.java:lambda$close$1(222)) - Send pipeline:PipelineID=3a97cb87-08b0-4d45-b12e-df9194bc50da close command to datanode 453ecb08-f079-4424-abb7-b5b860d98fa7
2021-09-21 18:26:11,320 [EventQueue-DeadNodeForDeadNodeHandler] INFO  pipeline.PipelineStateManager (PipelineStateManagerV2Impl.java:removePipeline(211)) - Pipeline Pipeline[ Id: 3a97cb87-08b0-4d45-b12e-df9194bc50da, Nodes: 000602bb-62cb-4174-b1e5-e32eb992284f{ip: 10.1.0.27, host: fv-az122-453.zf1tlrj3kn4expqppa1j4mpycf.xx.internal.cloudapp.net, ports: [REPLICATION=38231, RATIS=39235, RATIS_ADMIN=39235, RATIS_SERVER=39235, STANDALONE=33401], networkLocation: /default-rack, certSerialId: null, persistedOpState: IN_SERVICE, persistedOpStateExpiryEpochSec: 0}6174554c-eda6-4ca8-a498-7acedbc2905d{ip: 10.1.0.27, host: fv-az122-453.zf1tlrj3kn4expqppa1j4mpycf.xx.internal.cloudapp.net, ports: [REPLICATION=39077, RATIS=43953, RATIS_ADMIN=43953, RATIS_SERVER=43953, STANDALONE=38229], networkLocation: /default-rack, certSerialId: null, persistedOpState: IN_SERVICE, persistedOpStateExpiryEpochSec: 0}453ecb08-f079-4424-abb7-b5b860d98fa7{ip: 10.1.0.27, host: fv-az122-453.zf1tlrj3kn4expqppa1j4mpycf.xx.internal.cloudapp.net, ports: [REPLICATION=44591, RATIS=45375, RATIS_ADMIN=45375, RATIS_SERVER=45375, STANDALONE=33283], networkLocation: /default-rack, certSerialId: null, persistedOpState: IN_SERVICE, persistedOpStateExpiryEpochSec: 0}, ReplicationConfig: RATIS/THREE, State:CLOSED, leaderId:000602bb-62cb-4174-b1e5-e32eb992284f, CreationTimestamp2021-09-21T18:25:41.832Z[Etc/UTC]] removed.
2021-09-21 18:26:11,325 [EventQueue-DeadNodeForDeadNodeHandler] INFO  net.NetworkTopologyImpl (NetworkTopologyImpl.java:remove(137)) - Removed a node: /default-rack/000602bb-62cb-4174-b1e5-e32eb992284f
2021-09-21 18:26:12,972 [Command processor thread] INFO  server.RaftServer (RaftServerProxy.java:remove(106)) - 453ecb08-f079-4424-abb7-b5b860d98fa7: remove  FOLLOWER 453ecb08-f079-4424-abb7-b5b860d98fa7@group-2FE6C912F1A7:t2, leader=453ecb08-f079-4424-abb7-b5b860d98fa7, voted=453ecb08-f079-4424-abb7-b5b860d98fa7, raftlog=453ecb08-f079-4424-abb7-b5b860d98fa7@group-2FE6C912F1A7-SegmentedRaftLog:OPENED:c0,f0,i0, conf=0: [6174554c-eda6-4ca8-a498-7acedbc2905d|rpc:10.1.0.27:43953|dataStream:|priority:0, 453ecb08-f079-4424-abb7-b5b860d98fa7|rpc:10.1.0.27:45375|dataStream:|priority:1, 000602bb-62cb-4174-b1e5-e32eb992284f|rpc:10.1.0.27:39235|dataStream:|priority:0], old=null RUNNING
2021-09-21 18:26:12,975 [Command processor thread] INFO  server.RaftServer$Division (RaftServerImpl.java:lambda$close$4(407)) - 453ecb08-f079-4424-abb7-b5b860d98fa7@group-2FE6C912F1A7: shutdown
2021-09-21 18:26:12,979 [Command processor thread] INFO  util.JmxRegister (JmxRegister.java:unregister(73)) - Successfully un-registered JMX Bean with object name Ratis:service=RaftServer,group=group-2FE6C912F1A7,id=453ecb08-f079-4424-abb7-b5b860d98fa7
2021-09-21 18:26:12,979 [Command processor thread] INFO  impl.RoleInfo (RoleInfo.java:shutdownFollowerState(108)) - 453ecb08-f079-4424-abb7-b5b860d98fa7: shutdown 453ecb08-f079-4424-abb7-b5b860d98fa7@group-2FE6C912F1A7-FollowerState
2021-09-21 18:26:12,979 [453ecb08-f079-4424-abb7-b5b860d98fa7@group-2FE6C912F1A7-FollowerState] INFO  impl.FollowerState (FollowerState.java:run(143)) - 453ecb08-f079-4424-abb7-b5b860d98fa7@group-2FE6C912F1A7-FollowerState was interrupted: {}
java.lang.InterruptedException: sleep interrupted
	at java.lang.Thread.sleep(Native Method)
	at java.lang.Thread.sleep(Thread.java:340)
	at java.util.concurrent.TimeUnit.sleep(TimeUnit.java:386)
	at org.apache.ratis.util.TimeDuration.sleep(TimeDuration.java:324)
	at org.apache.ratis.util.TimeDuration.sleep(TimeDuration.java:309)
	at org.apache.ratis.server.impl.FollowerState.run(FollowerState.java:118)
2021-09-21 18:26:12,980 [453ecb08-f079-4424-abb7-b5b860d98fa7@group-2FE6C912F1A7-StateMachineUpdater] INFO  ratis.ContainerStateMachine (ContainerStateMachine.java:takeSnapshot(292)) - group-2FE6C912F1A7: Taking a snapshot at:(t:2, i:0) file /home/runner/work/ozone/ozone/hadoop-ozone/integration-test/target/test-dir/MiniOzoneClusterImpl-8dff45f7-6a4c-4a77-aa6d-4bab94871626/datanode-5/data/ratis/2d503cb4-199a-4431-97fc-2fe6c912f1a7/sm/snapshot.2_0
2021-09-21 18:26:12,980 [Command processor thread] INFO  impl.StateMachineUpdater (StateMachineUpdater.java:stopAndJoin(149)) - 453ecb08-f079-4424-abb7-b5b860d98fa7@group-2FE6C912F1A7-StateMachineUpdater: set stopIndex = 0
2021-09-21 18:26:12,981 [453ecb08-f079-4424-abb7-b5b860d98fa7@group-2FE6C912F1A7-StateMachineUpdater] INFO  ratis.ContainerStateMachine (ContainerStateMachine.java:takeSnapshot(303)) - group-2FE6C912F1A7: Finished taking a snapshot at:(t:2, i:0) file:/home/runner/work/ozone/ozone/hadoop-ozone/integration-test/target/test-dir/MiniOzoneClusterImpl-8dff45f7-6a4c-4a77-aa6d-4bab94871626/datanode-5/data/ratis/2d503cb4-199a-4431-97fc-2fe6c912f1a7/sm/snapshot.2_0 took: 1 ms
2021-09-21 18:26:12,981 [453ecb08-f079-4424-abb7-b5b860d98fa7@group-2FE6C912F1A7-StateMachineUpdater] INFO  impl.StateMachineUpdater (StateMachineUpdater.java:takeSnapshot(281)) - 453ecb08-f079-4424-abb7-b5b860d98fa7@group-2FE6C912F1A7-StateMachineUpdater: Took a snapshot at index 0
2021-09-21 18:26:12,981 [453ecb08-f079-4424-abb7-b5b860d98fa7@group-2FE6C912F1A7-StateMachineUpdater] INFO  impl.StateMachineUpdater (StateMachineUpdater.java:lambda$new$0(89)) - 453ecb08-f079-4424-abb7-b5b860d98fa7@group-2FE6C912F1A7-StateMachineUpdater: snapshotIndex: updateIncreasingly -1 -> 0
2021-09-21 18:26:12,982 [Command processor thread] INFO  server.RaftServer$Division (ServerState.java:close(419)) - 453ecb08-f079-4424-abb7-b5b860d98fa7@group-2FE6C912F1A7: closes. applyIndex: 0
2021-09-21 18:26:12,982 [453ecb08-f079-4424-abb7-b5b860d98fa7@group-2FE6C912F1A7-SegmentedRaftLogWorker] INFO  segmented.SegmentedRaftLogWorker (SegmentedRaftLogWorker.java:run(327)) - 453ecb08-f079-4424-abb7-b5b860d98fa7@group-2FE6C912F1A7-SegmentedRaftLogWorker was interrupted, exiting. There are 0 tasks remaining in the queue.
2021-09-21 18:26:12,984 [Command processor thread] INFO  segmented.SegmentedRaftLogWorker (SegmentedRaftLogWorker.java:close(237)) - 453ecb08-f079-4424-abb7-b5b860d98fa7@group-2FE6C912F1A7-SegmentedRaftLogWorker close()
2021-09-21 18:26:12,989 [Command processor thread] INFO  server.RaftServer$Division (RaftServerImpl.java:groupRemove(377)) - 453ecb08-f079-4424-abb7-b5b860d98fa7@group-2FE6C912F1A7: Succeed to remove RaftStorageDirectory Storage Directory /home/runner/work/ozone/ozone/hadoop-ozone/integration-test/target/test-dir/MiniOzoneClusterImpl-8dff45f7-6a4c-4a77-aa6d-4bab94871626/datanode-5/data/ratis/2d503cb4-199a-4431-97fc-2fe6c912f1a7
2021-09-21 18:26:12,989 [Command processor thread] INFO  commandhandler.ClosePipelineCommandHandler (ClosePipelineCommandHandler.java:handle(78)) - Close Pipeline PipelineID=2d503cb4-199a-4431-97fc-2fe6c912f1a7 command on datanode 453ecb08-f079-4424-abb7-b5b860d98fa7.
2021-09-21 18:26:12,990 [Command processor thread] INFO  server.RaftServer (RaftServerProxy.java:remove(106)) - 453ecb08-f079-4424-abb7-b5b860d98fa7: remove  FOLLOWER 453ecb08-f079-4424-abb7-b5b860d98fa7@group-DF9194BC50DA:t3, leader=null, voted=453ecb08-f079-4424-abb7-b5b860d98fa7, raftlog=453ecb08-f079-4424-abb7-b5b860d98fa7@group-DF9194BC50DA-SegmentedRaftLog:OPENED:c16,f16,i16, conf=0: [6174554c-eda6-4ca8-a498-7acedbc2905d|rpc:10.1.0.27:43953|dataStream:|priority:0, 000602bb-62cb-4174-b1e5-e32eb992284f|rpc:10.1.0.27:39235|dataStream:|priority:1, 453ecb08-f079-4424-abb7-b5b860d98fa7|rpc:10.1.0.27:45375|dataStream:|priority:0], old=null RUNNING
2021-09-21 18:26:12,990 [Command processor thread] INFO  server.RaftServer$Division (RaftServerImpl.java:lambda$close$4(407)) - 453ecb08-f079-4424-abb7-b5b860d98fa7@group-DF9194BC50DA: shutdown
2021-09-21 18:26:12,990 [Command processor thread] INFO  util.JmxRegister (JmxRegister.java:unregister(73)) - Successfully un-registered JMX Bean with object name Ratis:service=RaftServer,group=group-DF9194BC50DA,id=453ecb08-f079-4424-abb7-b5b860d98fa7
2021-09-21 18:26:12,990 [Command processor thread] INFO  impl.RoleInfo (RoleInfo.java:shutdownFollowerState(108)) - 453ecb08-f079-4424-abb7-b5b860d98fa7: shutdown 453ecb08-f079-4424-abb7-b5b860d98fa7@group-DF9194BC50DA-FollowerState
2021-09-21 18:26:12,990 [Command processor thread] INFO  impl.StateMachineUpdater (StateMachineUpdater.java:stopAndJoin(149)) - 453ecb08-f079-4424-abb7-b5b860d98fa7@group-DF9194BC50DA-StateMachineUpdater: set stopIndex = 16
2021-09-21 18:26:12,990 [453ecb08-f079-4424-abb7-b5b860d98fa7@group-DF9194BC50DA-StateMachineUpdater] INFO  ratis.ContainerStateMachine (ContainerStateMachine.java:takeSnapshot(292)) - group-DF9194BC50DA: Taking a snapshot at:(t:1, i:16) file /home/runner/work/ozone/ozone/hadoop-ozone/integration-test/target/test-dir/MiniOzoneClusterImpl-8dff45f7-6a4c-4a77-aa6d-4bab94871626/datanode-5/data/ratis/3a97cb87-08b0-4d45-b12e-df9194bc50da/sm/snapshot.1_16
2021-09-21 18:26:12,990 [453ecb08-f079-4424-abb7-b5b860d98fa7@group-DF9194BC50DA-FollowerState] INFO  impl.FollowerState (FollowerState.java:run(143)) - 453ecb08-f079-4424-abb7-b5b860d98fa7@group-DF9194BC50DA-FollowerState was interrupted: {}
java.lang.InterruptedException: sleep interrupted
	at java.lang.Thread.sleep(Native Method)
	at java.lang.Thread.sleep(Thread.java:340)
	at java.util.concurrent.TimeUnit.sleep(TimeUnit.java:386)
	at org.apache.ratis.util.TimeDuration.sleep(TimeDuration.java:324)
	at org.apache.ratis.util.TimeDuration.sleep(TimeDuration.java:309)
	at org.apache.ratis.server.impl.FollowerState.run(FollowerState.java:118)
2021-09-21 18:26:12,997 [453ecb08-f079-4424-abb7-b5b860d98fa7@group-DF9194BC50DA-StateMachineUpdater] INFO  ratis.ContainerStateMachine (ContainerStateMachine.java:takeSnapshot(303)) - group-DF9194BC50DA: Finished taking a snapshot at:(t:1, i:16) file:/home/runner/work/ozone/ozone/hadoop-ozone/integration-test/target/test-dir/MiniOzoneClusterImpl-8dff45f7-6a4c-4a77-aa6d-4bab94871626/datanode-5/data/ratis/3a97cb87-08b0-4d45-b12e-df9194bc50da/sm/snapshot.1_16 took: 7 ms
2021-09-21 18:26:12,997 [453ecb08-f079-4424-abb7-b5b860d98fa7@group-DF9194BC50DA-StateMachineUpdater] INFO  impl.StateMachineUpdater (StateMachineUpdater.java:takeSnapshot(281)) - 453ecb08-f079-4424-abb7-b5b860d98fa7@group-DF9194BC50DA-StateMachineUpdater: Took a snapshot at index 16
2021-09-21 18:26:12,997 [453ecb08-f079-4424-abb7-b5b860d98fa7@group-DF9194BC50DA-StateMachineUpdater] INFO  impl.StateMachineUpdater (StateMachineUpdater.java:lambda$new$0(89)) - 453ecb08-f079-4424-abb7-b5b860d98fa7@group-DF9194BC50DA-StateMachineUpdater: snapshotIndex: updateIncreasingly -1 -> 16
2021-09-21 18:26:12,998 [Command processor thread] INFO  server.RaftServer$Division (ServerState.java:close(419)) - 453ecb08-f079-4424-abb7-b5b860d98fa7@group-DF9194BC50DA: closes. applyIndex: 16
2021-09-21 18:26:12,999 [453ecb08-f079-4424-abb7-b5b860d98fa7@group-DF9194BC50DA-SegmentedRaftLogWorker] INFO  segmented.SegmentedRaftLogWorker (SegmentedRaftLogWorker.java:run(327)) - 453ecb08-f079-4424-abb7-b5b860d98fa7@group-DF9194BC50DA-SegmentedRaftLogWorker was interrupted, exiting. There are 0 tasks remaining in the queue.
2021-09-21 18:26:13,000 [Command processor thread] INFO  segmented.SegmentedRaftLogWorker (SegmentedRaftLogWorker.java:close(237)) - 453ecb08-f079-4424-abb7-b5b860d98fa7@group-DF9194BC50DA-SegmentedRaftLogWorker close()
2021-09-21 18:26:13,002 [Command processor thread] INFO  keyvalue.KeyValueContainer (KeyValueContainer.java:flushAndSyncDB(397)) - Container 1 is synced with bcsId 14.
2021-09-21 18:26:13,003 [Command processor thread] INFO  keyvalue.KeyValueContainer (KeyValueContainer.java:flushAndSyncDB(397)) - Container 1 is synced with bcsId 14.
2021-09-21 18:26:13,024 [Command processor thread] INFO  server.RaftServer$Division (RaftServerImpl.java:groupRemove(377)) - 453ecb08-f079-4424-abb7-b5b860d98fa7@group-DF9194BC50DA: Succeed to remove RaftStorageDirectory Storage Directory /home/runner/work/ozone/ozone/hadoop-ozone/integration-test/target/test-dir/MiniOzoneClusterImpl-8dff45f7-6a4c-4a77-aa6d-4bab94871626/datanode-5/data/ratis/3a97cb87-08b0-4d45-b12e-df9194bc50da
2021-09-21 18:26:13,024 [Command processor thread] INFO  commandhandler.ClosePipelineCommandHandler (ClosePipelineCommandHandler.java:handle(78)) - Close Pipeline PipelineID=3a97cb87-08b0-4d45-b12e-df9194bc50da command on datanode 453ecb08-f079-4424-abb7-b5b860d98fa7.
2021-09-21 18:26:13,028 [EventQueue-IncrementalContainerReportForIncrementalContainerReportHandler] INFO  container.IncrementalContainerReportHandler (AbstractContainerReportHandler.java:updateContainerState(216)) - Moving container #1 to QUASI_CLOSED state, datanode 453ecb08-f079-4424-abb7-b5b860d98fa7{ip: 10.1.0.27, host: fv-az122-453.zf1tlrj3kn4expqppa1j4mpycf.xx.internal.cloudapp.net, ports: [REPLICATION=44591, RATIS=45375, RATIS_ADMIN=45375, RATIS_SERVER=45375, STANDALONE=33283], networkLocation: /default-rack, certSerialId: null, persistedOpState: IN_SERVICE, persistedOpStateExpiryEpochSec: 0} reported QUASI_CLOSED replica.
2021-09-21 18:26:13,729 [Listener at 127.0.0.1/38417] WARN  io.KeyOutputStream (KeyOutputStream.java:handleException(318)) - Encountered exception java.io.IOException: Unexpected Storage Container Exception: java.util.concurrent.CompletionException: Failed to write chunk 107544261427200001_chunk_6 into block conID: 1 locID: 107544261427200001 bcsId: 14 on the pipeline Pipeline[ Id: 3a97cb87-08b0-4d45-b12e-df9194bc50da, Nodes: 000602bb-62cb-4174-b1e5-e32eb992284f{ip: 10.1.0.27, host: fv-az122-453.zf1tlrj3kn4expqppa1j4mpycf.xx.internal.cloudapp.net, ports: [REPLICATION=38231, RATIS=39235, RATIS_ADMIN=39235, RATIS_SERVER=39235, STANDALONE=33401], networkLocation: /default-rack, certSerialId: null, persistedOpState: IN_SERVICE, persistedOpStateExpiryEpochSec: 0}6174554c-eda6-4ca8-a498-7acedbc2905d{ip: 10.1.0.27, host: fv-az122-453.zf1tlrj3kn4expqppa1j4mpycf.xx.internal.cloudapp.net, ports: [REPLICATION=39077, RATIS=43953, RATIS_ADMIN=43953, RATIS_SERVER=43953, STANDALONE=38229], networkLocation: /default-rack, certSerialId: null, persistedOpState: IN_SERVICE, persistedOpStateExpiryEpochSec: 0}453ecb08-f079-4424-abb7-b5b860d98fa7{ip: 10.1.0.27, host: fv-az122-453.zf1tlrj3kn4expqppa1j4mpycf.xx.internal.cloudapp.net, ports: [REPLICATION=44591, RATIS=45375, RATIS_ADMIN=45375, RATIS_SERVER=45375, STANDALONE=33283], networkLocation: /default-rack, certSerialId: null, persistedOpState: IN_SERVICE, persistedOpStateExpiryEpochSec: 0}, ReplicationConfig: RATIS/THREE, State:OPEN, leaderId:000602bb-62cb-4174-b1e5-e32eb992284f, CreationTimestamp2021-09-21T18:25:41.832Z[Etc/UTC]]. The last committed block length is 450, uncommitted data length is 350 retry count 0
2021-09-21 18:26:13,773 [IPC Server handler 3 on default port 40715] WARN  pipeline.WritableRatisContainerProvider (WritableRatisContainerProvider.java:getContainer(125)) - Pipeline creation failed for repConfig RATIS/THREE Datanodes may be used up.
org.apache.hadoop.hdds.scm.exceptions.SCMException: Pipeline creation failed because nodes are engaged in other pipelines and every node can only be engaged in max 2 pipelines. Required 3. Found 2
	at org.apache.hadoop.hdds.scm.pipeline.PipelinePlacementPolicy.filterViableNodes(PipelinePlacementPolicy.java:184)
	at org.apache.hadoop.hdds.scm.pipeline.PipelinePlacementPolicy.chooseDatanodes(PipelinePlacementPolicy.java:237)
	at org.apache.hadoop.hdds.scm.pipeline.RatisPipelineProvider.create(RatisPipelineProvider.java:153)
	at org.apache.hadoop.hdds.scm.pipeline.RatisPipelineProvider.create(RatisPipelineProvider.java:50)
	at org.apache.hadoop.hdds.scm.pipeline.PipelineFactory.create(PipelineFactory.java:72)
	at org.apache.hadoop.hdds.scm.pipeline.PipelineManagerImpl.createPipeline(PipelineManagerImpl.java:168)
	at org.apache.hadoop.hdds.scm.pipeline.WritableRatisContainerProvider.getContainer(WritableRatisContainerProvider.java:119)
	at org.apache.hadoop.hdds.scm.pipeline.WritableContainerFactory.getContainer(WritableContainerFactory.java:52)
	at org.apache.hadoop.hdds.scm.block.BlockManagerImpl.allocateBlock(BlockManagerImpl.java:176)
	at org.apache.hadoop.hdds.scm.server.SCMBlockProtocolServer.allocateBlock(SCMBlockProtocolServer.java:194)
	at org.apache.hadoop.hdds.scm.protocol.ScmBlockLocationProtocolServerSideTranslatorPB.allocateScmBlock(ScmBlockLocationProtocolServerSideTranslatorPB.java:180)
	at org.apache.hadoop.hdds.scm.protocol.ScmBlockLocationProtocolServerSideTranslatorPB.processMessage(ScmBlockLocationProtocolServerSideTranslatorPB.java:130)
	at org.apache.hadoop.hdds.server.OzoneProtocolMessageDispatcher.processRequest(OzoneProtocolMessageDispatcher.java:87)
	at org.apache.hadoop.hdds.scm.protocol.ScmBlockLocationProtocolServerSideTranslatorPB.send(ScmBlockLocationProtocolServerSideTranslatorPB.java:112)
	at org.apache.hadoop.hdds.protocol.proto.ScmBlockLocationProtocolProtos$ScmBlockLocationProtocolService$2.callBlockingMethod(ScmBlockLocationProtocolProtos.java:13937)
	at org.apache.hadoop.ipc.ProtobufRpcEngine$Server.processCall(ProtobufRpcEngine.java:466)
	at org.apache.hadoop.ipc.ProtobufRpcEngine2$Server$ProtoBufRpcInvoker.call(ProtobufRpcEngine2.java:574)
	at org.apache.hadoop.ipc.ProtobufRpcEngine2$Server$ProtoBufRpcInvoker.call(ProtobufRpcEngine2.java:552)
	at org.apache.hadoop.ipc.RPC$Server.call(RPC.java:1093)
	at org.apache.hadoop.ipc.Server$RpcCall.run(Server.java:1035)
	at org.apache.hadoop.ipc.Server$RpcCall.run(Server.java:963)
	at java.security.AccessController.doPrivileged(Native Method)
	at javax.security.auth.Subject.doAs(Subject.java:422)
	at org.apache.hadoop.security.UserGroupInformation.doAs(UserGroupInformation.java:1878)
	at org.apache.hadoop.ipc.Server$Handler.run(Server.java:2966)
2021-09-21 18:26:13,773 [IPC Server handler 3 on default port 40715] ERROR pipeline.WritableRatisContainerProvider (WritableRatisContainerProvider.java:getContainer(164)) - Unable to allocate a block for the size: 800, repConfig: RATIS/THREE
2021-09-21 18:26:13,773 [IPC Server handler 3 on default port 40715] ERROR block.BlockManagerImpl (BlockManagerImpl.java:allocateBlock(184)) - Unable to allocate a block for the size: 800, replicationConfig: RATIS/THREE
2021-09-21 18:26:13,780 [Listener at 127.0.0.1/38417] INFO  ozone.MiniOzoneClusterImpl (MiniOzoneClusterImpl.java:shutdown(453)) - Shutting down the Mini Ozone Cluster
2021-09-21 18:26:13,780 [Listener at 127.0.0.1/38417] INFO  ozone.MiniOzoneClusterImpl (MiniOzoneClusterImpl.java:stop(468)) - Stopping the Mini Ozone Cluster
2021-09-21 18:26:13,780 [Listener at 127.0.0.1/38417] INFO  ozone.MiniOzoneClusterImpl (MiniOzoneClusterImpl.java:stopOM(550)) - Stopping the OzoneManager
2021-09-21 18:26:13,780 [Listener at 127.0.0.1/38417] INFO  om.OzoneManager (OzoneManager.java:stop(1644)) - Stopping Ozone Manager
2021-09-21 18:26:13,780 [Listener at 127.0.0.1/38417] INFO  ipc.Server (Server.java:stop(3414)) - Stopping server on 38417
2021-09-21 18:26:13,786 [IPC Server listener on 0] INFO  ipc.Server (Server.java:run(1376)) - Stopping IPC Server listener on 0
2021-09-21 18:26:13,787 [IPC Server Responder] INFO  ipc.Server (Server.java:run(1512)) - Stopping IPC Server Responder
2021-09-21 18:26:13,787 [Listener at 127.0.0.1/38417] INFO  server.RaftServer (RaftServerProxy.java:lambda$close$6(391)) - om1: close
2021-09-21 18:26:13,787 [Listener at 127.0.0.1/38417] INFO  server.RaftServer$Division (RaftServerImpl.java:lambda$close$4(407)) - om1@group-C5BA1605619E: shutdown
2021-09-21 18:26:13,787 [Listener at 127.0.0.1/38417] INFO  util.JmxRegister (JmxRegister.java:unregister(73)) - Successfully un-registered JMX Bean with object name Ratis:service=RaftServer,group=group-C5BA1605619E,id=om1
2021-09-21 18:26:13,788 [Listener at 127.0.0.1/38417] INFO  impl.RoleInfo (RoleInfo.java:shutdownLeaderState(91)) - om1: shutdown om1@group-C5BA1605619E-LeaderStateImpl
2021-09-21 18:26:13,788 [Listener at 127.0.0.1/38417] INFO  impl.PendingRequests (PendingRequests.java:sendNotLeaderResponses(282)) - om1@group-C5BA1605619E-PendingRequests: sendNotLeaderResponses
2021-09-21 18:26:13,796 [Listener at 127.0.0.1/38417] INFO  impl.StateMachineUpdater (StateMachineUpdater.java:stopAndJoin(149)) - om1@group-C5BA1605619E-StateMachineUpdater: set stopIndex = 6
2021-09-21 18:26:13,796 [om1@group-C5BA1605619E-StateMachineUpdater] INFO  ratis.OzoneManagerStateMachine (OzoneManagerStateMachine.java:takeSnapshot(417)) - Current Snapshot Index (t:1, i:6)
2021-09-21 18:26:13,798 [om1@group-C5BA1605619E-StateMachineUpdater] INFO  impl.StateMachineUpdater (StateMachineUpdater.java:takeSnapshot(281)) - om1@group-C5BA1605619E-StateMachineUpdater: Took a snapshot at index 6
2021-09-21 18:26:13,798 [om1@group-C5BA1605619E-StateMachineUpdater] INFO  impl.StateMachineUpdater (StateMachineUpdater.java:lambda$new$0(89)) - om1@group-C5BA1605619E-StateMachineUpdater: snapshotIndex: updateIncreasingly -1 -> 6
2021-09-21 18:26:13,798 [om1@group-C5BA1605619E-StateMachineUpdater] INFO  ratis.OzoneManagerStateMachine (OzoneManagerStateMachine.java:close(471)) - StateMachine has shutdown. Shutdown OzoneManager if not already shutdown.
2021-09-21 18:26:13,802 [Listener at 127.0.0.1/38417] INFO  server.RaftServer$Division (ServerState.java:close(419)) - om1@group-C5BA1605619E: closes. applyIndex: 6
2021-09-21 18:26:13,802 [om1@group-C5BA1605619E-SegmentedRaftLogWorker] INFO  segmented.SegmentedRaftLogWorker (SegmentedRaftLogWorker.java:run(327)) - om1@group-C5BA1605619E-SegmentedRaftLogWorker was interrupted, exiting. There are 0 tasks remaining in the queue.
2021-09-21 18:26:13,811 [Listener at 127.0.0.1/38417] INFO  segmented.SegmentedRaftLogWorker (SegmentedRaftLogWorker.java:close(237)) - om1@group-C5BA1605619E-SegmentedRaftLogWorker close()
2021-09-21 18:26:13,813 [Listener at 127.0.0.1/38417] INFO  server.GrpcService (GrpcService.java:closeImpl(262)) - om1: shutdown server with port 9872 now
2021-09-21 18:26:13,813 [Listener at 127.0.0.1/38417] INFO  server.GrpcService (GrpcService.java:closeImpl(271)) - om1: shutdown server with port 9872 successfully
2021-09-21 18:26:13,813 [org.apache.ratis.util.JvmPauseMonitor$$Lambda$531/911890161@9ae6bd9] INFO  util.JvmPauseMonitor (JvmPauseMonitor.java:run(109)) - JvmPauseMonitor-om1: Stopped
2021-09-21 18:26:13,813 [Listener at 127.0.0.1/38417] INFO  ratis.OzoneManagerDoubleBuffer (OzoneManagerDoubleBuffer.java:stop(437)) - Stopping OMDoubleBuffer flush thread
2021-09-21 18:26:13,814 [OMDoubleBufferFlushThread] INFO  ratis.OzoneManagerDoubleBuffer (OzoneManagerDoubleBuffer.java:flushTransactions(356)) - OMDoubleBuffer flush thread OMDoubleBufferFlushThread is interrupted and will exit. OMDoubleBufferFlushThread
2021-09-21 18:26:13,815 [Listener at 127.0.0.1/38417] INFO  utils.BackgroundService (BackgroundService.java:shutdown(132)) - Shutting down service KeyDeletingService
2021-09-21 18:26:13,816 [Listener at 127.0.0.1/38417] INFO  handler.ContextHandler (ContextHandler.java:doStop(1153)) - Stopped o.e.j.w.WebAppContext@13f8adb9{ozoneManager,/,null,STOPPED}{file:/home/runner/work/ozone/ozone/hadoop-ozone/integration-test/target/test-classes/webapps/ozoneManager}
2021-09-21 18:26:13,816 [Listener at 127.0.0.1/38417] INFO  server.AbstractConnector (AbstractConnector.java:doStop(381)) - Stopped ServerConnector@16a05f46{HTTP/1.1, (http/1.1)}{0.0.0.0:0}
2021-09-21 18:26:13,818 [Listener at 127.0.0.1/38417] INFO  server.session (HouseKeeper.java:stopScavenging(149)) - node0 Stopped scavenging
2021-09-21 18:26:13,818 [Listener at 127.0.0.1/38417] INFO  handler.ContextHandler (ContextHandler.java:doStop(1153)) - Stopped o.e.j.s.ServletContextHandler@6899d058{static,/static,file:///home/runner/work/ozone/ozone/hadoop-ozone/integration-test/target/test-classes/webapps/static,STOPPED}
2021-09-21 18:26:13,818 [Listener at 127.0.0.1/38417] INFO  handler.ContextHandler (ContextHandler.java:doStop(1153)) - Stopped o.e.j.s.ServletContextHandler@448766d6{logs,/logs,file:///home/runner/work/ozone/ozone/hadoop-ozone/integration-test/target/log,STOPPED}
2021-09-21 18:26:13,821 [Listener at 127.0.0.1/38417] INFO  ozone.MiniOzoneClusterImpl (MiniOzoneClusterImpl.java:stopDatanodes(527)) - Stopping the HddsDatanodes
2021-09-21 18:26:14,181 [d36baf84-b85f-4b26-8f7e-d1f6b1b07563@group-5490E1C9B297-FollowerState] INFO  impl.FollowerState (FollowerState.java:run(134)) - d36baf84-b85f-4b26-8f7e-d1f6b1b07563@group-5490E1C9B297-FollowerState: change to CANDIDATE, lastRpcElapsedTime:5144199073ns, electionTimeout:5119ms
2021-09-21 18:26:14,181 [d36baf84-b85f-4b26-8f7e-d1f6b1b07563@group-5490E1C9B297-FollowerState] INFO  impl.RoleInfo (RoleInfo.java:shutdownFollowerState(108)) - d36baf84-b85f-4b26-8f7e-d1f6b1b07563: shutdown d36baf84-b85f-4b26-8f7e-d1f6b1b07563@group-5490E1C9B297-FollowerState
2021-09-21 18:26:14,181 [d36baf84-b85f-4b26-8f7e-d1f6b1b07563@group-5490E1C9B297-FollowerState] INFO  server.RaftServer$Division (RaftServerImpl.java:setRole(285)) - d36baf84-b85f-4b26-8f7e-d1f6b1b07563@group-5490E1C9B297: changes role from  FOLLOWER to CANDIDATE at term 5 for changeToCandidate
2021-09-21 18:26:14,181 [d36baf84-b85f-4b26-8f7e-d1f6b1b07563@group-5490E1C9B297-FollowerState] INFO  server.RaftServerConfigKeys (ConfUtils.java:logGet(44)) - raft.server.leaderelection.pre-vote = false (custom)
2021-09-21 18:26:14,182 [d36baf84-b85f-4b26-8f7e-d1f6b1b07563@group-5490E1C9B297-FollowerState] INFO  impl.RoleInfo (RoleInfo.java:updateAndGet(130)) - d36baf84-b85f-4b26-8f7e-d1f6b1b07563: start d36baf84-b85f-4b26-8f7e-d1f6b1b07563@group-5490E1C9B297-LeaderElection32
2021-09-21 18:26:14,190 [d36baf84-b85f-4b26-8f7e-d1f6b1b07563@group-5490E1C9B297-LeaderElection32] INFO  impl.LeaderElection (LeaderElection.java:askForVotes(306)) - d36baf84-b85f-4b26-8f7e-d1f6b1b07563@group-5490E1C9B297-LeaderElection32 ELECTION round 0: submit vote requests at term 6 for -1: [d36baf84-b85f-4b26-8f7e-d1f6b1b07563|rpc:10.1.0.27:39631|priority:0, ac1d7df1-8838-4266-a424-22c9922d1104|rpc:10.1.0.27:41255|priority:0, 7ebb7728-56c4-46fe-8faf-bd5e72c54eae|rpc:10.1.0.27:40201|priority:1], old=null
2021-09-21 18:26:14,201 [grpc-default-executor-3] INFO  server.RaftServer$Division (RaftServerImpl.java:requestVote(1043)) - ac1d7df1-8838-4266-a424-22c9922d1104@group-5490E1C9B297: receive requestVote(ELECTION, d36baf84-b85f-4b26-8f7e-d1f6b1b07563, group-5490E1C9B297, 6, (t:0, i:0))
2021-09-21 18:26:14,201 [grpc-default-executor-3] INFO  impl.VoteContext (VoteContext.java:log(48)) - ac1d7df1-8838-4266-a424-22c9922d1104@group-5490E1C9B297-FOLLOWER: accept ELECTION from d36baf84-b85f-4b26-8f7e-d1f6b1b07563: our priority 0 <= candidate's priority 0
2021-09-21 18:26:14,201 [grpc-default-executor-3] INFO  server.RaftServer$Division (RaftServerImpl.java:setRole(285)) - ac1d7df1-8838-4266-a424-22c9922d1104@group-5490E1C9B297: changes role from  FOLLOWER to FOLLOWER at term 6 for candidate:d36baf84-b85f-4b26-8f7e-d1f6b1b07563
2021-09-21 18:26:14,201 [grpc-default-executor-3] INFO  impl.RoleInfo (RoleInfo.java:shutdownFollowerState(108)) - ac1d7df1-8838-4266-a424-22c9922d1104: shutdown ac1d7df1-8838-4266-a424-22c9922d1104@group-5490E1C9B297-FollowerState
2021-09-21 18:26:14,208 [grpc-default-executor-3] INFO  impl.RoleInfo (RoleInfo.java:updateAndGet(130)) - ac1d7df1-8838-4266-a424-22c9922d1104: start ac1d7df1-8838-4266-a424-22c9922d1104@group-5490E1C9B297-FollowerState
2021-09-21 18:26:14,208 [ac1d7df1-8838-4266-a424-22c9922d1104@group-5490E1C9B297-FollowerState] INFO  impl.FollowerState (FollowerState.java:run(143)) - ac1d7df1-8838-4266-a424-22c9922d1104@group-5490E1C9B297-FollowerState was interrupted: {}
java.lang.InterruptedException: sleep interrupted
	at java.lang.Thread.sleep(Native Method)
	at java.lang.Thread.sleep(Thread.java:340)
	at java.util.concurrent.TimeUnit.sleep(TimeUnit.java:386)
	at org.apache.ratis.util.TimeDuration.sleep(TimeDuration.java:324)
	at org.apache.ratis.util.TimeDuration.sleep(TimeDuration.java:309)
	at org.apache.ratis.server.impl.FollowerState.run(FollowerState.java:118)
2021-09-21 18:26:14,209 [7ebb7728-56c4-46fe-8faf-bd5e72c54eae@group-5490E1C9B297-FollowerState] INFO  impl.FollowerState (FollowerState.java:run(134)) - 7ebb7728-56c4-46fe-8faf-bd5e72c54eae@group-5490E1C9B297-FollowerState: change to CANDIDATE, lastRpcElapsedTime:5149151057ns, electionTimeout:5142ms
2021-09-21 18:26:14,209 [7ebb7728-56c4-46fe-8faf-bd5e72c54eae@group-5490E1C9B297-FollowerState] INFO  impl.RoleInfo (RoleInfo.java:shutdownFollowerState(108)) - 7ebb7728-56c4-46fe-8faf-bd5e72c54eae: shutdown 7ebb7728-56c4-46fe-8faf-bd5e72c54eae@group-5490E1C9B297-FollowerState
2021-09-21 18:26:14,209 [7ebb7728-56c4-46fe-8faf-bd5e72c54eae@group-5490E1C9B297-FollowerState] INFO  server.RaftServer$Division (RaftServerImpl.java:setRole(285)) - 7ebb7728-56c4-46fe-8faf-bd5e72c54eae@group-5490E1C9B297: changes role from  FOLLOWER to CANDIDATE at term 5 for changeToCandidate
2021-09-21 18:26:14,209 [7ebb7728-56c4-46fe-8faf-bd5e72c54eae@group-5490E1C9B297-FollowerState] INFO  server.RaftServerConfigKeys (ConfUtils.java:logGet(44)) - raft.server.leaderelection.pre-vote = false (custom)
2021-09-21 18:26:14,209 [7ebb7728-56c4-46fe-8faf-bd5e72c54eae@group-5490E1C9B297-FollowerState] INFO  impl.RoleInfo (RoleInfo.java:updateAndGet(130)) - 7ebb7728-56c4-46fe-8faf-bd5e72c54eae: start 7ebb7728-56c4-46fe-8faf-bd5e72c54eae@group-5490E1C9B297-LeaderElection33
2021-09-21 18:26:14,211 [grpc-default-executor-3] INFO  server.RaftServer$Division (RaftServerImpl.java:requestVote(1075)) - ac1d7df1-8838-4266-a424-22c9922d1104@group-5490E1C9B297 replies to ELECTION vote request: d36baf84-b85f-4b26-8f7e-d1f6b1b07563<-ac1d7df1-8838-4266-a424-22c9922d1104#0:OK-t6. Peer's state: ac1d7df1-8838-4266-a424-22c9922d1104@group-5490E1C9B297:t6, leader=null, voted=d36baf84-b85f-4b26-8f7e-d1f6b1b07563, raftlog=ac1d7df1-8838-4266-a424-22c9922d1104@group-5490E1C9B297-SegmentedRaftLog:OPENED:c-1,f-1,i0, conf=-1: [d36baf84-b85f-4b26-8f7e-d1f6b1b07563|rpc:10.1.0.27:39631|priority:0, ac1d7df1-8838-4266-a424-22c9922d1104|rpc:10.1.0.27:41255|priority:0, 7ebb7728-56c4-46fe-8faf-bd5e72c54eae|rpc:10.1.0.27:40201|priority:1], old=null
2021-09-21 18:26:14,211 [grpc-default-executor-2] INFO  server.RaftServer$Division (RaftServerImpl.java:requestVote(1043)) - 7ebb7728-56c4-46fe-8faf-bd5e72c54eae@group-5490E1C9B297: receive requestVote(ELECTION, d36baf84-b85f-4b26-8f7e-d1f6b1b07563, group-5490E1C9B297, 6, (t:0, i:0))
2021-09-21 18:26:14,213 [grpc-default-executor-2] INFO  impl.VoteContext (VoteContext.java:log(48)) - 7ebb7728-56c4-46fe-8faf-bd5e72c54eae@group-5490E1C9B297-CANDIDATE: reject ELECTION from d36baf84-b85f-4b26-8f7e-d1f6b1b07563: already has voted for 7ebb7728-56c4-46fe-8faf-bd5e72c54eae at current term 6
2021-09-21 18:26:14,214 [grpc-default-executor-2] INFO  server.RaftServer$Division (RaftServerImpl.java:requestVote(1075)) - 7ebb7728-56c4-46fe-8faf-bd5e72c54eae@group-5490E1C9B297 replies to ELECTION vote request: d36baf84-b85f-4b26-8f7e-d1f6b1b07563<-7ebb7728-56c4-46fe-8faf-bd5e72c54eae#0:FAIL-t6. Peer's state: 7ebb7728-56c4-46fe-8faf-bd5e72c54eae@group-5490E1C9B297:t6, leader=null, voted=7ebb7728-56c4-46fe-8faf-bd5e72c54eae, raftlog=7ebb7728-56c4-46fe-8faf-bd5e72c54eae@group-5490E1C9B297-SegmentedRaftLog:OPENED:c-1,f-1,i0, conf=-1: [d36baf84-b85f-4b26-8f7e-d1f6b1b07563|rpc:10.1.0.27:39631|dataStream:|priority:0, ac1d7df1-8838-4266-a424-22c9922d1104|rpc:10.1.0.27:41255|dataStream:|priority:0, 7ebb7728-56c4-46fe-8faf-bd5e72c54eae|rpc:10.1.0.27:40201|dataStream:|priority:1], old=null
2021-09-21 18:26:14,216 [7ebb7728-56c4-46fe-8faf-bd5e72c54eae@group-5490E1C9B297-LeaderElection33] INFO  impl.LeaderElection (LeaderElection.java:askForVotes(306)) - 7ebb7728-56c4-46fe-8faf-bd5e72c54eae@group-5490E1C9B297-LeaderElection33 ELECTION round 0: submit vote requests at term 6 for -1: [d36baf84-b85f-4b26-8f7e-d1f6b1b07563|rpc:10.1.0.27:39631|dataStream:|priority:0, ac1d7df1-8838-4266-a424-22c9922d1104|rpc:10.1.0.27:41255|dataStream:|priority:0, 7ebb7728-56c4-46fe-8faf-bd5e72c54eae|rpc:10.1.0.27:40201|dataStream:|priority:1], old=null
2021-09-21 18:26:14,216 [d36baf84-b85f-4b26-8f7e-d1f6b1b07563@group-5490E1C9B297-LeaderElection32] INFO  impl.LeaderElection (LeaderElection.java:logAndReturn(89)) - d36baf84-b85f-4b26-8f7e-d1f6b1b07563@group-5490E1C9B297-LeaderElection32: ELECTION REJECTED received 2 response(s) and 0 exception(s):
2021-09-21 18:26:14,217 [d36baf84-b85f-4b26-8f7e-d1f6b1b07563@group-5490E1C9B297-LeaderElection32] INFO  impl.LeaderElection (LeaderElection.java:logAndReturn(93)) -   Response 0: d36baf84-b85f-4b26-8f7e-d1f6b1b07563<-ac1d7df1-8838-4266-a424-22c9922d1104#0:OK-t6
2021-09-21 18:26:14,217 [d36baf84-b85f-4b26-8f7e-d1f6b1b07563@group-5490E1C9B297-LeaderElection32] INFO  impl.LeaderElection (LeaderElection.java:logAndReturn(93)) -   Response 1: d36baf84-b85f-4b26-8f7e-d1f6b1b07563<-7ebb7728-56c4-46fe-8faf-bd5e72c54eae#0:FAIL-t6
2021-09-21 18:26:14,217 [d36baf84-b85f-4b26-8f7e-d1f6b1b07563@group-5490E1C9B297-LeaderElection32] INFO  impl.LeaderElection (LeaderElection.java:askForVotes(308)) - d36baf84-b85f-4b26-8f7e-d1f6b1b07563@group-5490E1C9B297-LeaderElection32 ELECTION round 0: result REJECTED
2021-09-21 18:26:14,217 [d36baf84-b85f-4b26-8f7e-d1f6b1b07563@group-5490E1C9B297-LeaderElection32] INFO  server.RaftServer$Division (RaftServerImpl.java:setRole(285)) - d36baf84-b85f-4b26-8f7e-d1f6b1b07563@group-5490E1C9B297: changes role from CANDIDATE to FOLLOWER at term 6 for REJECTED
2021-09-21 18:26:14,217 [d36baf84-b85f-4b26-8f7e-d1f6b1b07563@group-5490E1C9B297-LeaderElection32] INFO  impl.RoleInfo (RoleInfo.java:shutdownLeaderElection(121)) - d36baf84-b85f-4b26-8f7e-d1f6b1b07563: shutdown d36baf84-b85f-4b26-8f7e-d1f6b1b07563@group-5490E1C9B297-LeaderElection32
2021-09-21 18:26:14,217 [d36baf84-b85f-4b26-8f7e-d1f6b1b07563@group-5490E1C9B297-LeaderElection32] INFO  impl.RoleInfo (RoleInfo.java:updateAndGet(130)) - d36baf84-b85f-4b26-8f7e-d1f6b1b07563: start d36baf84-b85f-4b26-8f7e-d1f6b1b07563@group-5490E1C9B297-FollowerState
2021-09-21 18:26:14,221 [grpc-default-executor-2] INFO  server.RaftServer$Division (RaftServerImpl.java:requestVote(1043)) - d36baf84-b85f-4b26-8f7e-d1f6b1b07563@group-5490E1C9B297: receive requestVote(ELECTION, 7ebb7728-56c4-46fe-8faf-bd5e72c54eae, group-5490E1C9B297, 6, (t:0, i:0))
2021-09-21 18:26:14,221 [grpc-default-executor-2] INFO  impl.VoteContext (VoteContext.java:log(48)) - d36baf84-b85f-4b26-8f7e-d1f6b1b07563@group-5490E1C9B297-FOLLOWER: reject ELECTION from 7ebb7728-56c4-46fe-8faf-bd5e72c54eae: already has voted for d36baf84-b85f-4b26-8f7e-d1f6b1b07563 at current term 6
2021-09-21 18:26:14,221 [grpc-default-executor-2] INFO  server.RaftServer$Division (RaftServerImpl.java:requestVote(1075)) - d36baf84-b85f-4b26-8f7e-d1f6b1b07563@group-5490E1C9B297 replies to ELECTION vote request: 7ebb7728-56c4-46fe-8faf-bd5e72c54eae<-d36baf84-b85f-4b26-8f7e-d1f6b1b07563#0:FAIL-t6. Peer's state: d36baf84-b85f-4b26-8f7e-d1f6b1b07563@group-5490E1C9B297:t6, leader=null, voted=d36baf84-b85f-4b26-8f7e-d1f6b1b07563, raftlog=d36baf84-b85f-4b26-8f7e-d1f6b1b07563@group-5490E1C9B297-SegmentedRaftLog:OPENED:c-1,f-1,i0, conf=-1: [d36baf84-b85f-4b26-8f7e-d1f6b1b07563|rpc:10.1.0.27:39631|priority:0, ac1d7df1-8838-4266-a424-22c9922d1104|rpc:10.1.0.27:41255|priority:0, 7ebb7728-56c4-46fe-8faf-bd5e72c54eae|rpc:10.1.0.27:40201|priority:1], old=null
2021-09-21 18:26:14,225 [grpc-default-executor-2] INFO  server.RaftServer$Division (RaftServerImpl.java:requestVote(1043)) - ac1d7df1-8838-4266-a424-22c9922d1104@group-5490E1C9B297: receive requestVote(ELECTION, 7ebb7728-56c4-46fe-8faf-bd5e72c54eae, group-5490E1C9B297, 6, (t:0, i:0))
2021-09-21 18:26:14,225 [grpc-default-executor-2] INFO  impl.VoteContext (VoteContext.java:log(48)) - ac1d7df1-8838-4266-a424-22c9922d1104@group-5490E1C9B297-FOLLOWER: reject ELECTION from 7ebb7728-56c4-46fe-8faf-bd5e72c54eae: already has voted for d36baf84-b85f-4b26-8f7e-d1f6b1b07563 at current term 6
2021-09-21 18:26:14,225 [grpc-default-executor-2] INFO  server.RaftServer$Division (RaftServerImpl.java:requestVote(1075)) - ac1d7df1-8838-4266-a424-22c9922d1104@group-5490E1C9B297 replies to ELECTION vote request: 7ebb7728-56c4-46fe-8faf-bd5e72c54eae<-ac1d7df1-8838-4266-a424-22c9922d1104#0:FAIL-t6. Peer's state: ac1d7df1-8838-4266-a424-22c9922d1104@group-5490E1C9B297:t6, leader=null, voted=d36baf84-b85f-4b26-8f7e-d1f6b1b07563, raftlog=ac1d7df1-8838-4266-a424-22c9922d1104@group-5490E1C9B297-SegmentedRaftLog:OPENED:c-1,f-1,i0, conf=-1: [d36baf84-b85f-4b26-8f7e-d1f6b1b07563|rpc:10.1.0.27:39631|priority:0, ac1d7df1-8838-4266-a424-22c9922d1104|rpc:10.1.0.27:41255|priority:0, 7ebb7728-56c4-46fe-8faf-bd5e72c54eae|rpc:10.1.0.27:40201|priority:1], old=null
2021-09-21 18:26:14,227 [7ebb7728-56c4-46fe-8faf-bd5e72c54eae@group-5490E1C9B297-LeaderElection33] INFO  impl.LeaderElection (LeaderElection.java:logAndReturn(89)) - 7ebb7728-56c4-46fe-8faf-bd5e72c54eae@group-5490E1C9B297-LeaderElection33: ELECTION REJECTED received 2 response(s) and 0 exception(s):
2021-09-21 18:26:14,227 [7ebb7728-56c4-46fe-8faf-bd5e72c54eae@group-5490E1C9B297-LeaderElection33] INFO  impl.LeaderElection (LeaderElection.java:logAndReturn(93)) -   Response 0: 7ebb7728-56c4-46fe-8faf-bd5e72c54eae<-d36baf84-b85f-4b26-8f7e-d1f6b1b07563#0:FAIL-t6
2021-09-21 18:26:14,227 [7ebb7728-56c4-46fe-8faf-bd5e72c54eae@group-5490E1C9B297-LeaderElection33] INFO  impl.LeaderElection (LeaderElection.java:logAndReturn(93)) -   Response 1: 7ebb7728-56c4-46fe-8faf-bd5e72c54eae<-ac1d7df1-8838-4266-a424-22c9922d1104#0:FAIL-t6
2021-09-21 18:26:14,227 [7ebb7728-56c4-46fe-8faf-bd5e72c54eae@group-5490E1C9B297-LeaderElection33] INFO  impl.LeaderElection (LeaderElection.java:askForVotes(308)) - 7ebb7728-56c4-46fe-8faf-bd5e72c54eae@group-5490E1C9B297-LeaderElection33 ELECTION round 0: result REJECTED
2021-09-21 18:26:14,227 [7ebb7728-56c4-46fe-8faf-bd5e72c54eae@group-5490E1C9B297-LeaderElection33] INFO  server.RaftServer$Division (RaftServerImpl.java:setRole(285)) - 7ebb7728-56c4-46fe-8faf-bd5e72c54eae@group-5490E1C9B297: changes role from CANDIDATE to FOLLOWER at term 6 for REJECTED
2021-09-21 18:26:14,227 [7ebb7728-56c4-46fe-8faf-bd5e72c54eae@group-5490E1C9B297-LeaderElection33] INFO  impl.RoleInfo (RoleInfo.java:shutdownLeaderElection(121)) - 7ebb7728-56c4-46fe-8faf-bd5e72c54eae: shutdown 7ebb7728-56c4-46fe-8faf-bd5e72c54eae@group-5490E1C9B297-LeaderElection33
2021-09-21 18:26:14,228 [7ebb7728-56c4-46fe-8faf-bd5e72c54eae@group-5490E1C9B297-LeaderElection33] INFO  impl.RoleInfo (RoleInfo.java:updateAndGet(130)) - 7ebb7728-56c4-46fe-8faf-bd5e72c54eae: start 7ebb7728-56c4-46fe-8faf-bd5e72c54eae@group-5490E1C9B297-FollowerState
2021-09-21 18:26:14,980 [ac1d7df1-8838-4266-a424-22c9922d1104@group-6CB704DD8418-FollowerState] INFO  impl.FollowerState (FollowerState.java:run(134)) - ac1d7df1-8838-4266-a424-22c9922d1104@group-6CB704DD8418-FollowerState: change to CANDIDATE, lastRpcElapsedTime:5041025829ns, electionTimeout:5029ms
2021-09-21 18:26:14,980 [ac1d7df1-8838-4266-a424-22c9922d1104@group-6CB704DD8418-FollowerState] INFO  impl.RoleInfo (RoleInfo.java:shutdownFollowerState(108)) - ac1d7df1-8838-4266-a424-22c9922d1104: shutdown ac1d7df1-8838-4266-a424-22c9922d1104@group-6CB704DD8418-FollowerState
2021-09-21 18:26:14,980 [ac1d7df1-8838-4266-a424-22c9922d1104@group-6CB704DD8418-FollowerState] INFO  server.RaftServer$Division (RaftServerImpl.java:setRole(285)) - ac1d7df1-8838-4266-a424-22c9922d1104@group-6CB704DD8418: changes role from  FOLLOWER to CANDIDATE at term 5 for changeToCandidate
2021-09-21 18:26:14,980 [ac1d7df1-8838-4266-a424-22c9922d1104@group-6CB704DD8418-FollowerState] INFO  server.RaftServerConfigKeys (ConfUtils.java:logGet(44)) - raft.server.leaderelection.pre-vote = false (custom)
2021-09-21 18:26:14,980 [ac1d7df1-8838-4266-a424-22c9922d1104@group-6CB704DD8418-FollowerState] INFO  impl.RoleInfo (RoleInfo.java:updateAndGet(130)) - ac1d7df1-8838-4266-a424-22c9922d1104: start ac1d7df1-8838-4266-a424-22c9922d1104@group-6CB704DD8418-LeaderElection34
2021-09-21 18:26:14,986 [ac1d7df1-8838-4266-a424-22c9922d1104@group-6CB704DD8418-LeaderElection34] INFO  impl.LeaderElection (LeaderElection.java:askForVotes(306)) - ac1d7df1-8838-4266-a424-22c9922d1104@group-6CB704DD8418-LeaderElection34 ELECTION round 0: submit vote requests at term 6 for -1: [d36baf84-b85f-4b26-8f7e-d1f6b1b07563|rpc:10.1.0.27:39631|priority:0, ac1d7df1-8838-4266-a424-22c9922d1104|rpc:10.1.0.27:41255|priority:1, 7ebb7728-56c4-46fe-8faf-bd5e72c54eae|rpc:10.1.0.27:40201|priority:0], old=null
2021-09-21 18:26:14,998 [grpc-default-executor-2] INFO  server.RaftServer$Division (RaftServerImpl.java:requestVote(1043)) - d36baf84-b85f-4b26-8f7e-d1f6b1b07563@group-6CB704DD8418: receive requestVote(ELECTION, ac1d7df1-8838-4266-a424-22c9922d1104, group-6CB704DD8418, 6, (t:0, i:0))
2021-09-21 18:26:14,998 [grpc-default-executor-2] INFO  impl.VoteContext (VoteContext.java:log(48)) - d36baf84-b85f-4b26-8f7e-d1f6b1b07563@group-6CB704DD8418-FOLLOWER: accept ELECTION from ac1d7df1-8838-4266-a424-22c9922d1104: our priority 0 <= candidate's priority 1
2021-09-21 18:26:14,998 [grpc-default-executor-2] INFO  server.RaftServer$Division (RaftServerImpl.java:setRole(285)) - d36baf84-b85f-4b26-8f7e-d1f6b1b07563@group-6CB704DD8418: changes role from  FOLLOWER to FOLLOWER at term 6 for candidate:ac1d7df1-8838-4266-a424-22c9922d1104
2021-09-21 18:26:14,998 [grpc-default-executor-2] INFO  impl.RoleInfo (RoleInfo.java:shutdownFollowerState(108)) - d36baf84-b85f-4b26-8f7e-d1f6b1b07563: shutdown d36baf84-b85f-4b26-8f7e-d1f6b1b07563@group-6CB704DD8418-FollowerState
2021-09-21 18:26:14,999 [grpc-default-executor-2] INFO  impl.RoleInfo (RoleInfo.java:updateAndGet(130)) - d36baf84-b85f-4b26-8f7e-d1f6b1b07563: start d36baf84-b85f-4b26-8f7e-d1f6b1b07563@group-6CB704DD8418-FollowerState
2021-09-21 18:26:14,999 [d36baf84-b85f-4b26-8f7e-d1f6b1b07563@group-6CB704DD8418-FollowerState] INFO  impl.FollowerState (FollowerState.java:run(143)) - d36baf84-b85f-4b26-8f7e-d1f6b1b07563@group-6CB704DD8418-FollowerState was interrupted: {}
java.lang.InterruptedException: sleep interrupted
	at java.lang.Thread.sleep(Native Method)
	at java.lang.Thread.sleep(Thread.java:340)
	at java.util.concurrent.TimeUnit.sleep(TimeUnit.java:386)
	at org.apache.ratis.util.TimeDuration.sleep(TimeDuration.java:324)
	at org.apache.ratis.util.TimeDuration.sleep(TimeDuration.java:309)
	at org.apache.ratis.server.impl.FollowerState.run(FollowerState.java:118)
2021-09-21 18:26:15,000 [grpc-default-executor-3] INFO  server.RaftServer$Division (RaftServerImpl.java:requestVote(1043)) - 7ebb7728-56c4-46fe-8faf-bd5e72c54eae@group-6CB704DD8418: receive requestVote(ELECTION, ac1d7df1-8838-4266-a424-22c9922d1104, group-6CB704DD8418, 6, (t:0, i:0))
2021-09-21 18:26:15,000 [grpc-default-executor-3] INFO  impl.VoteContext (VoteContext.java:log(48)) - 7ebb7728-56c4-46fe-8faf-bd5e72c54eae@group-6CB704DD8418-FOLLOWER: accept ELECTION from ac1d7df1-8838-4266-a424-22c9922d1104: our priority 0 <= candidate's priority 1
2021-09-21 18:26:15,000 [grpc-default-executor-3] INFO  server.RaftServer$Division (RaftServerImpl.java:setRole(285)) - 7ebb7728-56c4-46fe-8faf-bd5e72c54eae@group-6CB704DD8418: changes role from  FOLLOWER to FOLLOWER at term 6 for candidate:ac1d7df1-8838-4266-a424-22c9922d1104
2021-09-21 18:26:15,000 [grpc-default-executor-3] INFO  impl.RoleInfo (RoleInfo.java:shutdownFollowerState(108)) - 7ebb7728-56c4-46fe-8faf-bd5e72c54eae: shutdown 7ebb7728-56c4-46fe-8faf-bd5e72c54eae@group-6CB704DD8418-FollowerState
2021-09-21 18:26:15,002 [grpc-default-executor-3] INFO  impl.RoleInfo (RoleInfo.java:updateAndGet(130)) - 7ebb7728-56c4-46fe-8faf-bd5e72c54eae: start 7ebb7728-56c4-46fe-8faf-bd5e72c54eae@group-6CB704DD8418-FollowerState
2021-09-21 18:26:15,003 [7ebb7728-56c4-46fe-8faf-bd5e72c54eae@group-6CB704DD8418-FollowerState] INFO  impl.FollowerState (FollowerState.java:run(143)) - 7ebb7728-56c4-46fe-8faf-bd5e72c54eae@group-6CB704DD8418-FollowerState was interrupted: {}
java.lang.InterruptedException: sleep interrupted
	at java.lang.Thread.sleep(Native Method)
	at java.lang.Thread.sleep(Thread.java:340)
	at java.util.concurrent.TimeUnit.sleep(TimeUnit.java:386)
	at org.apache.ratis.util.TimeDuration.sleep(TimeDuration.java:324)
	at org.apache.ratis.util.TimeDuration.sleep(TimeDuration.java:309)
	at org.apache.ratis.server.impl.FollowerState.run(FollowerState.java:118)
2021-09-21 18:26:15,004 [grpc-default-executor-2] INFO  server.RaftServer$Division (RaftServerImpl.java:requestVote(1075)) - d36baf84-b85f-4b26-8f7e-d1f6b1b07563@group-6CB704DD8418 replies to ELECTION vote request: ac1d7df1-8838-4266-a424-22c9922d1104<-d36baf84-b85f-4b26-8f7e-d1f6b1b07563#0:OK-t6. Peer's state: d36baf84-b85f-4b26-8f7e-d1f6b1b07563@group-6CB704DD8418:t6, leader=null, voted=ac1d7df1-8838-4266-a424-22c9922d1104, raftlog=d36baf84-b85f-4b26-8f7e-d1f6b1b07563@group-6CB704DD8418-SegmentedRaftLog:OPENED:c-1,f-1,i0, conf=-1: [d36baf84-b85f-4b26-8f7e-d1f6b1b07563|rpc:10.1.0.27:39631|dataStream:|priority:0, ac1d7df1-8838-4266-a424-22c9922d1104|rpc:10.1.0.27:41255|dataStream:|priority:1, 7ebb7728-56c4-46fe-8faf-bd5e72c54eae|rpc:10.1.0.27:40201|dataStream:|priority:0], old=null
2021-09-21 18:26:15,010 [ac1d7df1-8838-4266-a424-22c9922d1104@group-6CB704DD8418-LeaderElection34] INFO  impl.LeaderElection (LeaderElection.java:logAndReturn(89)) - ac1d7df1-8838-4266-a424-22c9922d1104@group-6CB704DD8418-LeaderElection34: ELECTION PASSED received 1 response(s) and 0 exception(s):
2021-09-21 18:26:15,010 [ac1d7df1-8838-4266-a424-22c9922d1104@group-6CB704DD8418-LeaderElection34] INFO  impl.LeaderElection (LeaderElection.java:logAndReturn(93)) -   Response 0: ac1d7df1-8838-4266-a424-22c9922d1104<-d36baf84-b85f-4b26-8f7e-d1f6b1b07563#0:OK-t6
2021-09-21 18:26:15,010 [ac1d7df1-8838-4266-a424-22c9922d1104@group-6CB704DD8418-LeaderElection34] INFO  impl.LeaderElection (LeaderElection.java:askForVotes(308)) - ac1d7df1-8838-4266-a424-22c9922d1104@group-6CB704DD8418-LeaderElection34 ELECTION round 0: result PASSED
2021-09-21 18:26:15,010 [ac1d7df1-8838-4266-a424-22c9922d1104@group-6CB704DD8418-LeaderElection34] INFO  impl.RoleInfo (RoleInfo.java:shutdownLeaderElection(121)) - ac1d7df1-8838-4266-a424-22c9922d1104: shutdown ac1d7df1-8838-4266-a424-22c9922d1104@group-6CB704DD8418-LeaderElection34
2021-09-21 18:26:15,010 [ac1d7df1-8838-4266-a424-22c9922d1104@group-6CB704DD8418-LeaderElection34] INFO  server.RaftServer$Division (RaftServerImpl.java:setRole(285)) - ac1d7df1-8838-4266-a424-22c9922d1104@group-6CB704DD8418: changes role from CANDIDATE to LEADER at term 6 for changeToLeader
2021-09-21 18:26:15,010 [ac1d7df1-8838-4266-a424-22c9922d1104@group-6CB704DD8418-LeaderElection34] INFO  ratis.XceiverServerRatis (XceiverServerRatis.java:handleLeaderChangedNotification(860)) - Leader change notification received for group: group-6CB704DD8418 with new leaderId: ac1d7df1-8838-4266-a424-22c9922d1104
2021-09-21 18:26:15,010 [grpc-default-executor-3] INFO  server.RaftServer$Division (RaftServerImpl.java:requestVote(1075)) - 7ebb7728-56c4-46fe-8faf-bd5e72c54eae@group-6CB704DD8418 replies to ELECTION vote request: ac1d7df1-8838-4266-a424-22c9922d1104<-7ebb7728-56c4-46fe-8faf-bd5e72c54eae#0:OK-t6. Peer's state: 7ebb7728-56c4-46fe-8faf-bd5e72c54eae@group-6CB704DD8418:t6, leader=null, voted=ac1d7df1-8838-4266-a424-22c9922d1104, raftlog=7ebb7728-56c4-46fe-8faf-bd5e72c54eae@group-6CB704DD8418-SegmentedRaftLog:OPENED:c-1,f-1,i0, conf=-1: [d36baf84-b85f-4b26-8f7e-d1f6b1b07563|rpc:10.1.0.27:39631|priority:0, ac1d7df1-8838-4266-a424-22c9922d1104|rpc:10.1.0.27:41255|priority:1, 7ebb7728-56c4-46fe-8faf-bd5e72c54eae|rpc:10.1.0.27:40201|priority:0], old=null
2021-09-21 18:26:15,010 [ac1d7df1-8838-4266-a424-22c9922d1104@group-6CB704DD8418-LeaderElection34] INFO  server.RaftServer$Division (ServerState.java:setLeader(285)) - ac1d7df1-8838-4266-a424-22c9922d1104@group-6CB704DD8418: change Leader from null to ac1d7df1-8838-4266-a424-22c9922d1104 at term 6 for becomeLeader, leader elected after 30555ms
2021-09-21 18:26:15,011 [ac1d7df1-8838-4266-a424-22c9922d1104@group-6CB704DD8418-LeaderElection34] INFO  server.RaftServerConfigKeys (ConfUtils.java:logGet(44)) - raft.server.staging.catchup.gap = 1000 (default)
2021-09-21 18:26:15,011 [ac1d7df1-8838-4266-a424-22c9922d1104@group-6CB704DD8418-LeaderElection34] INFO  server.RaftServerConfigKeys (ConfUtils.java:logGet(44)) - raft.server.write.element-limit = 1024 (custom)
2021-09-21 18:26:15,011 [ac1d7df1-8838-4266-a424-22c9922d1104@group-6CB704DD8418-LeaderElection34] INFO  server.RaftServerConfigKeys (ConfUtils.java:logGet(44)) - raft.server.write.byte-limit = 1024 M (=1073741824) (custom)
2021-09-21 18:26:15,011 [ac1d7df1-8838-4266-a424-22c9922d1104@group-6CB704DD8418-LeaderElection34] INFO  server.RaftServerConfigKeys (ConfUtils.java:logGet(44)) - raft.server.watch.timeout = 3000ms (custom)
2021-09-21 18:26:15,011 [ac1d7df1-8838-4266-a424-22c9922d1104@group-6CB704DD8418-LeaderElection34] INFO  server.RaftServerConfigKeys (ConfUtils.java:logGet(44)) - raft.server.watch.timeout.denomination = 1s (default)
2021-09-21 18:26:15,011 [ac1d7df1-8838-4266-a424-22c9922d1104@group-6CB704DD8418-LeaderElection34] INFO  server.RaftServerConfigKeys (ConfUtils.java:logGet(44)) - raft.server.watch.element-limit = 65536 (default)
2021-09-21 18:26:15,012 [ac1d7df1-8838-4266-a424-22c9922d1104@group-6CB704DD8418-LeaderElection34] INFO  server.RaftServerConfigKeys (ConfUtils.java:logGet(44)) - raft.server.log.appender.snapshot.chunk.size.max = 16MB (=16777216) (default)
2021-09-21 18:26:15,012 [ac1d7df1-8838-4266-a424-22c9922d1104@group-6CB704DD8418-LeaderElection34] INFO  server.RaftServerConfigKeys (ConfUtils.java:logGet(44)) - raft.server.log.appender.buffer.byte-limit = 33554432 (custom)
2021-09-21 18:26:15,012 [ac1d7df1-8838-4266-a424-22c9922d1104@group-6CB704DD8418-LeaderElection34] INFO  server.RaftServerConfigKeys (ConfUtils.java:logGet(44)) - raft.server.log.appender.buffer.element-limit = 1 (custom)
2021-09-21 18:26:15,012 [ac1d7df1-8838-4266-a424-22c9922d1104@group-6CB704DD8418-LeaderElection34] INFO  grpc.GrpcConfigKeys (ConfUtils.java:logGet(44)) - raft.grpc.server.leader.outstanding.appends.max = 128 (default)
2021-09-21 18:26:15,012 [ac1d7df1-8838-4266-a424-22c9922d1104@group-6CB704DD8418-LeaderElection34] INFO  server.RaftServerConfigKeys (ConfUtils.java:logGet(44)) - raft.server.rpc.request.timeout = 3000ms (default)
2021-09-21 18:26:15,012 [ac1d7df1-8838-4266-a424-22c9922d1104@group-6CB704DD8418-LeaderElection34] INFO  server.RaftServerConfigKeys (ConfUtils.java:logGet(44)) - raft.server.log.appender.install.snapshot.enabled = false (custom)
2021-09-21 18:26:15,013 [ac1d7df1-8838-4266-a424-22c9922d1104@group-6CB704DD8418-LeaderElection34] INFO  server.RaftServerConfigKeys (ConfUtils.java:logGet(44)) - raft.server.log.appender.snapshot.chunk.size.max = 16MB (=16777216) (default)
2021-09-21 18:26:15,013 [ac1d7df1-8838-4266-a424-22c9922d1104@group-6CB704DD8418-LeaderElection34] INFO  server.RaftServerConfigKeys (ConfUtils.java:logGet(44)) - raft.server.log.appender.buffer.byte-limit = 33554432 (custom)
2021-09-21 18:26:15,013 [ac1d7df1-8838-4266-a424-22c9922d1104@group-6CB704DD8418-LeaderElection34] INFO  server.RaftServerConfigKeys (ConfUtils.java:logGet(44)) - raft.server.log.appender.buffer.element-limit = 1 (custom)
2021-09-21 18:26:15,013 [ac1d7df1-8838-4266-a424-22c9922d1104@group-6CB704DD8418-LeaderElection34] INFO  grpc.GrpcConfigKeys (ConfUtils.java:logGet(44)) - raft.grpc.server.leader.outstanding.appends.max = 128 (default)
2021-09-21 18:26:15,013 [ac1d7df1-8838-4266-a424-22c9922d1104@group-6CB704DD8418-LeaderElection34] INFO  server.RaftServerConfigKeys (ConfUtils.java:logGet(44)) - raft.server.rpc.request.timeout = 3000ms (default)
2021-09-21 18:26:15,013 [ac1d7df1-8838-4266-a424-22c9922d1104@group-6CB704DD8418-LeaderElection34] INFO  server.RaftServerConfigKeys (ConfUtils.java:logGet(44)) - raft.server.log.appender.install.snapshot.enabled = false (custom)
2021-09-21 18:26:15,014 [ac1d7df1-8838-4266-a424-22c9922d1104@group-6CB704DD8418-LeaderElection34] INFO  impl.RoleInfo (RoleInfo.java:updateAndGet(130)) - ac1d7df1-8838-4266-a424-22c9922d1104: start ac1d7df1-8838-4266-a424-22c9922d1104@group-6CB704DD8418-LeaderStateImpl
2021-09-21 18:26:15,014 [ac1d7df1-8838-4266-a424-22c9922d1104@group-6CB704DD8418-LeaderElection34] INFO  segmented.SegmentedRaftLogWorker (SegmentedRaftLogWorker.java:startLogSegment(394)) - ac1d7df1-8838-4266-a424-22c9922d1104@group-6CB704DD8418-SegmentedRaftLogWorker: Starting segment from index:0
2021-09-21 18:26:15,019 [ac1d7df1-8838-4266-a424-22c9922d1104@group-6CB704DD8418-SegmentedRaftLogWorker] INFO  segmented.SegmentedRaftLogWorker (SegmentedRaftLogWorker.java:execute(601)) - ac1d7df1-8838-4266-a424-22c9922d1104@group-6CB704DD8418-SegmentedRaftLogWorker: created new log segment /home/runner/work/ozone/ozone/hadoop-ozone/integration-test/target/test-dir/MiniOzoneClusterImpl-8dff45f7-6a4c-4a77-aa6d-4bab94871626/datanode-1/data/ratis/1029a568-8727-427f-b6e2-6cb704dd8418/current/log_inprogress_0
2021-09-21 18:26:15,040 [ac1d7df1-8838-4266-a424-22c9922d1104@group-6CB704DD8418-LeaderElection34] INFO  server.RaftServer$Division (ServerState.java:setRaftConf(387)) - ac1d7df1-8838-4266-a424-22c9922d1104@group-6CB704DD8418: set configuration 0: [d36baf84-b85f-4b26-8f7e-d1f6b1b07563|rpc:10.1.0.27:39631|dataStream:|priority:0, ac1d7df1-8838-4266-a424-22c9922d1104|rpc:10.1.0.27:41255|dataStream:|priority:1, 7ebb7728-56c4-46fe-8faf-bd5e72c54eae|rpc:10.1.0.27:40201|dataStream:|priority:0], old=null
2021-09-21 18:26:15,053 [grpc-default-executor-3] INFO  ratis.XceiverServerRatis (XceiverServerRatis.java:handleLeaderChangedNotification(860)) - Leader change notification received for group: group-6CB704DD8418 with new leaderId: ac1d7df1-8838-4266-a424-22c9922d1104
2021-09-21 18:26:15,053 [grpc-default-executor-3] INFO  server.RaftServer$Division (ServerState.java:setLeader(285)) - d36baf84-b85f-4b26-8f7e-d1f6b1b07563@group-6CB704DD8418: change Leader from null to ac1d7df1-8838-4266-a424-22c9922d1104 at term 6 for appendEntries, leader elected after 30701ms
2021-09-21 18:26:15,055 [grpc-default-executor-0] INFO  ratis.XceiverServerRatis (XceiverServerRatis.java:handleLeaderChangedNotification(860)) - Leader change notification received for group: group-6CB704DD8418 with new leaderId: ac1d7df1-8838-4266-a424-22c9922d1104
2021-09-21 18:26:15,055 [grpc-default-executor-0] INFO  server.RaftServer$Division (ServerState.java:setLeader(285)) - 7ebb7728-56c4-46fe-8faf-bd5e72c54eae@group-6CB704DD8418: change Leader from null to ac1d7df1-8838-4266-a424-22c9922d1104 at term 6 for appendEntries, leader elected after 30810ms
2021-09-21 18:26:15,065 [grpc-default-executor-3] INFO  server.RaftServer$Division (ServerState.java:setRaftConf(387)) - d36baf84-b85f-4b26-8f7e-d1f6b1b07563@group-6CB704DD8418: set configuration 0: [d36baf84-b85f-4b26-8f7e-d1f6b1b07563|rpc:10.1.0.27:39631|dataStream:|priority:0, ac1d7df1-8838-4266-a424-22c9922d1104|rpc:10.1.0.27:41255|dataStream:|priority:1, 7ebb7728-56c4-46fe-8faf-bd5e72c54eae|rpc:10.1.0.27:40201|dataStream:|priority:0], old=null
2021-09-21 18:26:15,065 [grpc-default-executor-3] INFO  segmented.SegmentedRaftLogWorker (SegmentedRaftLogWorker.java:startLogSegment(394)) - d36baf84-b85f-4b26-8f7e-d1f6b1b07563@group-6CB704DD8418-SegmentedRaftLogWorker: Starting segment from index:0
2021-09-21 18:26:15,066 [d36baf84-b85f-4b26-8f7e-d1f6b1b07563@group-6CB704DD8418-SegmentedRaftLogWorker] INFO  segmented.SegmentedRaftLogWorker (SegmentedRaftLogWorker.java:execute(601)) - d36baf84-b85f-4b26-8f7e-d1f6b1b07563@group-6CB704DD8418-SegmentedRaftLogWorker: created new log segment /home/runner/work/ozone/ozone/hadoop-ozone/integration-test/target/test-dir/MiniOzoneClusterImpl-8dff45f7-6a4c-4a77-aa6d-4bab94871626/datanode-0/data/ratis/1029a568-8727-427f-b6e2-6cb704dd8418/current/log_inprogress_0
2021-09-21 18:26:15,091 [grpc-default-executor-0] INFO  server.RaftServer$Division (ServerState.java:setRaftConf(387)) - 7ebb7728-56c4-46fe-8faf-bd5e72c54eae@group-6CB704DD8418: set configuration 0: [d36baf84-b85f-4b26-8f7e-d1f6b1b07563|rpc:10.1.0.27:39631|dataStream:|priority:0, ac1d7df1-8838-4266-a424-22c9922d1104|rpc:10.1.0.27:41255|dataStream:|priority:1, 7ebb7728-56c4-46fe-8faf-bd5e72c54eae|rpc:10.1.0.27:40201|dataStream:|priority:0], old=null
2021-09-21 18:26:15,092 [grpc-default-executor-0] INFO  segmented.SegmentedRaftLogWorker (SegmentedRaftLogWorker.java:startLogSegment(394)) - 7ebb7728-56c4-46fe-8faf-bd5e72c54eae@group-6CB704DD8418-SegmentedRaftLogWorker: Starting segment from index:0
2021-09-21 18:26:15,093 [7ebb7728-56c4-46fe-8faf-bd5e72c54eae@group-6CB704DD8418-SegmentedRaftLogWorker] INFO  segmented.SegmentedRaftLogWorker (SegmentedRaftLogWorker.java:execute(601)) - 7ebb7728-56c4-46fe-8faf-bd5e72c54eae@group-6CB704DD8418-SegmentedRaftLogWorker: created new log segment /home/runner/work/ozone/ozone/hadoop-ozone/integration-test/target/test-dir/MiniOzoneClusterImpl-8dff45f7-6a4c-4a77-aa6d-4bab94871626/datanode-2/data/ratis/1029a568-8727-427f-b6e2-6cb704dd8418/current/log_inprogress_0
2021-09-21 18:26:18,823 [ForkJoinPool.commonPool-worker-0] INFO  ozoneimpl.OzoneContainer (OzoneContainer.java:stop(325)) - Attempting to stop container services.
2021-09-21 18:26:18,824 [Listener at 127.0.0.1/38417] INFO  ozoneimpl.OzoneContainer (OzoneContainer.java:stop(325)) - Attempting to stop container services.
2021-09-21 18:26:18,825 [Listener at 127.0.0.1/38417] INFO  server.RaftServer (RaftServerProxy.java:lambda$close$6(391)) - 476460e9-b3a1-45f5-ac75-d031942c3748: close
2021-09-21 18:26:18,825 [Listener at 127.0.0.1/38417] INFO  server.RaftServer$Division (RaftServerImpl.java:lambda$close$4(407)) - 476460e9-b3a1-45f5-ac75-d031942c3748@group-888A40B500A1: shutdown
2021-09-21 18:26:18,825 [Listener at 127.0.0.1/38417] INFO  util.JmxRegister (JmxRegister.java:unregister(73)) - Successfully un-registered JMX Bean with object name Ratis:service=RaftServer,group=group-888A40B500A1,id=476460e9-b3a1-45f5-ac75-d031942c3748
2021-09-21 18:26:18,825 [Listener at 127.0.0.1/38417] INFO  impl.RoleInfo (RoleInfo.java:shutdownLeaderState(91)) - 476460e9-b3a1-45f5-ac75-d031942c3748: shutdown 476460e9-b3a1-45f5-ac75-d031942c3748@group-888A40B500A1-LeaderStateImpl
2021-09-21 18:26:18,826 [Listener at 127.0.0.1/38417] INFO  impl.PendingRequests (PendingRequests.java:sendNotLeaderResponses(282)) - 476460e9-b3a1-45f5-ac75-d031942c3748@group-888A40B500A1-PendingRequests: sendNotLeaderResponses
2021-09-21 18:26:18,826 [ForkJoinPool.commonPool-worker-0] INFO  server.RaftServer (RaftServerProxy.java:lambda$close$6(391)) - ac1d7df1-8838-4266-a424-22c9922d1104: close
2021-09-21 18:26:18,827 [ForkJoinPool.commonPool-worker-0] INFO  server.RaftServer$Division (RaftServerImpl.java:lambda$close$4(407)) - ac1d7df1-8838-4266-a424-22c9922d1104@group-2AC51B9BEEC5: shutdown
2021-09-21 18:26:18,827 [ForkJoinPool.commonPool-worker-0] INFO  util.JmxRegister (JmxRegister.java:unregister(73)) - Successfully un-registered JMX Bean with object name Ratis:service=RaftServer,group=group-2AC51B9BEEC5,id=ac1d7df1-8838-4266-a424-22c9922d1104
2021-09-21 18:26:18,827 [ForkJoinPool.commonPool-worker-0] INFO  impl.RoleInfo (RoleInfo.java:shutdownLeaderState(91)) - ac1d7df1-8838-4266-a424-22c9922d1104: shutdown ac1d7df1-8838-4266-a424-22c9922d1104@group-2AC51B9BEEC5-LeaderStateImpl
2021-09-21 18:26:18,827 [ForkJoinPool.commonPool-worker-0] INFO  impl.PendingRequests (PendingRequests.java:sendNotLeaderResponses(282)) - ac1d7df1-8838-4266-a424-22c9922d1104@group-2AC51B9BEEC5-PendingRequests: sendNotLeaderResponses
2021-09-21 18:26:18,828 [ForkJoinPool.commonPool-worker-0] INFO  impl.StateMachineUpdater (StateMachineUpdater.java:stopAndJoin(149)) - ac1d7df1-8838-4266-a424-22c9922d1104@group-2AC51B9BEEC5-StateMachineUpdater: set stopIndex = 0
2021-09-21 18:26:18,828 [476460e9-b3a1-45f5-ac75-d031942c3748@group-888A40B500A1-StateMachineUpdater] INFO  ratis.ContainerStateMachine (ContainerStateMachine.java:takeSnapshot(292)) - group-888A40B500A1: Taking a snapshot at:(t:1, i:0) file /home/runner/work/ozone/ozone/hadoop-ozone/integration-test/target/test-dir/MiniOzoneClusterImpl-8dff45f7-6a4c-4a77-aa6d-4bab94871626/datanode-6/data/ratis/646a220a-cf0f-4d1d-92ef-888a40b500a1/sm/snapshot.1_0
2021-09-21 18:26:18,828 [Listener at 127.0.0.1/38417] INFO  impl.StateMachineUpdater (StateMachineUpdater.java:stopAndJoin(149)) - 476460e9-b3a1-45f5-ac75-d031942c3748@group-888A40B500A1-StateMachineUpdater: set stopIndex = 0
2021-09-21 18:26:18,829 [ac1d7df1-8838-4266-a424-22c9922d1104@group-2AC51B9BEEC5-StateMachineUpdater] INFO  ratis.ContainerStateMachine (ContainerStateMachine.java:takeSnapshot(292)) - group-2AC51B9BEEC5: Taking a snapshot at:(t:1, i:0) file /home/runner/work/ozone/ozone/hadoop-ozone/integration-test/target/test-dir/MiniOzoneClusterImpl-8dff45f7-6a4c-4a77-aa6d-4bab94871626/datanode-1/data/ratis/4144741f-4194-40b2-bb71-2ac51b9beec5/sm/snapshot.1_0
2021-09-21 18:26:18,829 [476460e9-b3a1-45f5-ac75-d031942c3748@group-888A40B500A1-StateMachineUpdater] INFO  ratis.ContainerStateMachine (ContainerStateMachine.java:takeSnapshot(303)) - group-888A40B500A1: Finished taking a snapshot at:(t:1, i:0) file:/home/runner/work/ozone/ozone/hadoop-ozone/integration-test/target/test-dir/MiniOzoneClusterImpl-8dff45f7-6a4c-4a77-aa6d-4bab94871626/datanode-6/data/ratis/646a220a-cf0f-4d1d-92ef-888a40b500a1/sm/snapshot.1_0 took: 1 ms
2021-09-21 18:26:18,830 [476460e9-b3a1-45f5-ac75-d031942c3748@group-888A40B500A1-StateMachineUpdater] INFO  impl.StateMachineUpdater (StateMachineUpdater.java:takeSnapshot(281)) - 476460e9-b3a1-45f5-ac75-d031942c3748@group-888A40B500A1-StateMachineUpdater: Took a snapshot at index 0
2021-09-21 18:26:18,830 [476460e9-b3a1-45f5-ac75-d031942c3748@group-888A40B500A1-StateMachineUpdater] INFO  impl.StateMachineUpdater (StateMachineUpdater.java:lambda$new$0(89)) - 476460e9-b3a1-45f5-ac75-d031942c3748@group-888A40B500A1-StateMachineUpdater: snapshotIndex: updateIncreasingly -1 -> 0
2021-09-21 18:26:18,830 [ac1d7df1-8838-4266-a424-22c9922d1104@group-2AC51B9BEEC5-StateMachineUpdater] INFO  ratis.ContainerStateMachine (ContainerStateMachine.java:takeSnapshot(303)) - group-2AC51B9BEEC5: Finished taking a snapshot at:(t:1, i:0) file:/home/runner/work/ozone/ozone/hadoop-ozone/integration-test/target/test-dir/MiniOzoneClusterImpl-8dff45f7-6a4c-4a77-aa6d-4bab94871626/datanode-1/data/ratis/4144741f-4194-40b2-bb71-2ac51b9beec5/sm/snapshot.1_0 took: 1 ms
2021-09-21 18:26:18,830 [ac1d7df1-8838-4266-a424-22c9922d1104@group-2AC51B9BEEC5-StateMachineUpdater] INFO  impl.StateMachineUpdater (StateMachineUpdater.java:takeSnapshot(281)) - ac1d7df1-8838-4266-a424-22c9922d1104@group-2AC51B9BEEC5-StateMachineUpdater: Took a snapshot at index 0
2021-09-21 18:26:18,830 [ac1d7df1-8838-4266-a424-22c9922d1104@group-2AC51B9BEEC5-StateMachineUpdater] INFO  impl.StateMachineUpdater (StateMachineUpdater.java:lambda$new$0(89)) - ac1d7df1-8838-4266-a424-22c9922d1104@group-2AC51B9BEEC5-StateMachineUpdater: snapshotIndex: updateIncreasingly -1 -> 0
2021-09-21 18:26:18,831 [ForkJoinPool.commonPool-worker-0] INFO  server.RaftServer$Division (ServerState.java:close(419)) - ac1d7df1-8838-4266-a424-22c9922d1104@group-2AC51B9BEEC5: closes. applyIndex: 0
2021-09-21 18:26:18,831 [Listener at 127.0.0.1/38417] INFO  server.RaftServer$Division (ServerState.java:close(419)) - 476460e9-b3a1-45f5-ac75-d031942c3748@group-888A40B500A1: closes. applyIndex: 0
2021-09-21 18:26:18,831 [ac1d7df1-8838-4266-a424-22c9922d1104@group-2AC51B9BEEC5-SegmentedRaftLogWorker] INFO  segmented.SegmentedRaftLogWorker (SegmentedRaftLogWorker.java:run(327)) - ac1d7df1-8838-4266-a424-22c9922d1104@group-2AC51B9BEEC5-SegmentedRaftLogWorker was interrupted, exiting. There are 0 tasks remaining in the queue.
2021-09-21 18:26:18,831 [476460e9-b3a1-45f5-ac75-d031942c3748@group-888A40B500A1-SegmentedRaftLogWorker] INFO  segmented.SegmentedRaftLogWorker (SegmentedRaftLogWorker.java:run(327)) - 476460e9-b3a1-45f5-ac75-d031942c3748@group-888A40B500A1-SegmentedRaftLogWorker was interrupted, exiting. There are 0 tasks remaining in the queue.
2021-09-21 18:26:18,834 [ForkJoinPool.commonPool-worker-0] INFO  segmented.SegmentedRaftLogWorker (SegmentedRaftLogWorker.java:close(237)) - ac1d7df1-8838-4266-a424-22c9922d1104@group-2AC51B9BEEC5-SegmentedRaftLogWorker close()
2021-09-21 18:26:18,835 [Listener at 127.0.0.1/38417] INFO  segmented.SegmentedRaftLogWorker (SegmentedRaftLogWorker.java:close(237)) - 476460e9-b3a1-45f5-ac75-d031942c3748@group-888A40B500A1-SegmentedRaftLogWorker close()
2021-09-21 18:26:18,836 [ForkJoinPool.commonPool-worker-0] INFO  server.RaftServer$Division (RaftServerImpl.java:lambda$close$4(407)) - ac1d7df1-8838-4266-a424-22c9922d1104@group-6CB704DD8418: shutdown
2021-09-21 18:26:18,836 [ForkJoinPool.commonPool-worker-0] INFO  util.JmxRegister (JmxRegister.java:unregister(73)) - Successfully un-registered JMX Bean with object name Ratis:service=RaftServer,group=group-6CB704DD8418,id=ac1d7df1-8838-4266-a424-22c9922d1104
2021-09-21 18:26:18,836 [ForkJoinPool.commonPool-worker-0] INFO  impl.RoleInfo (RoleInfo.java:shutdownLeaderState(91)) - ac1d7df1-8838-4266-a424-22c9922d1104: shutdown ac1d7df1-8838-4266-a424-22c9922d1104@group-6CB704DD8418-LeaderStateImpl
2021-09-21 18:26:18,836 [ForkJoinPool.commonPool-worker-0] INFO  impl.PendingRequests (PendingRequests.java:sendNotLeaderResponses(282)) - ac1d7df1-8838-4266-a424-22c9922d1104@group-6CB704DD8418-PendingRequests: sendNotLeaderResponses
2021-09-21 18:26:18,836 [ac1d7df1-8838-4266-a424-22c9922d1104@group-6CB704DD8418->7ebb7728-56c4-46fe-8faf-bd5e72c54eae-GrpcLogAppender-LogAppenderDaemon] WARN  server.GrpcLogAppender (GrpcLogAppender.java:mayWait(175)) - ac1d7df1-8838-4266-a424-22c9922d1104@group-6CB704DD8418->7ebb7728-56c4-46fe-8faf-bd5e72c54eae-GrpcLogAppender: Wait interrupted by java.lang.InterruptedException
2021-09-21 18:26:18,836 [ac1d7df1-8838-4266-a424-22c9922d1104@group-6CB704DD8418->d36baf84-b85f-4b26-8f7e-d1f6b1b07563-GrpcLogAppender-LogAppenderDaemon] WARN  server.GrpcLogAppender (GrpcLogAppender.java:mayWait(175)) - ac1d7df1-8838-4266-a424-22c9922d1104@group-6CB704DD8418->d36baf84-b85f-4b26-8f7e-d1f6b1b07563-GrpcLogAppender: Wait interrupted by java.lang.InterruptedException
2021-09-21 18:26:18,837 [grpc-default-executor-3] INFO  server.GrpcServerProtocolService (GrpcServerProtocolService.java:onCompleted(140)) - 7ebb7728-56c4-46fe-8faf-bd5e72c54eae: Completed APPEND_ENTRIES, lastRequest: ac1d7df1-8838-4266-a424-22c9922d1104->7ebb7728-56c4-46fe-8faf-bd5e72c54eae#1-t6,previous=(t:0, i:0),leaderCommit=0,initializing? true,entries: size=1, first=(t:6, i:0), CONFIGURATIONENTRY
2021-09-21 18:26:18,840 [grpc-default-executor-0] INFO  server.GrpcServerProtocolService (GrpcServerProtocolService.java:onCompleted(140)) - d36baf84-b85f-4b26-8f7e-d1f6b1b07563: Completed APPEND_ENTRIES, lastRequest: ac1d7df1-8838-4266-a424-22c9922d1104->d36baf84-b85f-4b26-8f7e-d1f6b1b07563#1-t6,previous=(t:0, i:0),leaderCommit=0,initializing? true,entries: size=1, first=(t:6, i:0), CONFIGURATIONENTRY
2021-09-21 18:26:18,842 [grpc-default-executor-0] INFO  server.GrpcLogAppender (GrpcLogAppender.java:onCompleted(344)) - ac1d7df1-8838-4266-a424-22c9922d1104@group-6CB704DD8418->7ebb7728-56c4-46fe-8faf-bd5e72c54eae-AppendLogResponseHandler: follower responses appendEntries COMPLETED
2021-09-21 18:26:18,842 [grpc-default-executor-0] INFO  leader.FollowerInfo (FollowerInfoImpl.java:lambda$new$0(46)) - ac1d7df1-8838-4266-a424-22c9922d1104@group-6CB704DD8418->7ebb7728-56c4-46fe-8faf-bd5e72c54eae: nextIndex: updateUnconditionally 1 -> 0
2021-09-21 18:26:18,843 [grpc-default-executor-3] INFO  server.GrpcLogAppender (GrpcLogAppender.java:onCompleted(344)) - ac1d7df1-8838-4266-a424-22c9922d1104@group-6CB704DD8418->d36baf84-b85f-4b26-8f7e-d1f6b1b07563-AppendLogResponseHandler: follower responses appendEntries COMPLETED
2021-09-21 18:26:18,843 [grpc-default-executor-3] INFO  leader.FollowerInfo (FollowerInfoImpl.java:lambda$new$0(46)) - ac1d7df1-8838-4266-a424-22c9922d1104@group-6CB704DD8418->d36baf84-b85f-4b26-8f7e-d1f6b1b07563: nextIndex: updateUnconditionally 1 -> 0
2021-09-21 18:26:18,843 [Listener at 127.0.0.1/38417] INFO  server.GrpcService (GrpcService.java:closeImpl(262)) - 476460e9-b3a1-45f5-ac75-d031942c3748: shutdown server with port 35049 now
2021-09-21 18:26:18,847 [ForkJoinPool.commonPool-worker-0] INFO  impl.StateMachineUpdater (StateMachineUpdater.java:stopAndJoin(149)) - ac1d7df1-8838-4266-a424-22c9922d1104@group-6CB704DD8418-StateMachineUpdater: set stopIndex = 0
2021-09-21 18:26:18,848 [Listener at 127.0.0.1/38417] INFO  server.GrpcService (GrpcService.java:closeImpl(271)) - 476460e9-b3a1-45f5-ac75-d031942c3748: shutdown server with port 35049 successfully
2021-09-21 18:26:18,851 [org.apache.ratis.util.JvmPauseMonitor$$Lambda$531/911890161@6d9558ba] INFO  util.JvmPauseMonitor (JvmPauseMonitor.java:run(109)) - JvmPauseMonitor-476460e9-b3a1-45f5-ac75-d031942c3748: Stopped
2021-09-21 18:26:18,851 [ac1d7df1-8838-4266-a424-22c9922d1104@group-6CB704DD8418-StateMachineUpdater] INFO  ratis.ContainerStateMachine (ContainerStateMachine.java:takeSnapshot(292)) - group-6CB704DD8418: Taking a snapshot at:(t:6, i:0) file /home/runner/work/ozone/ozone/hadoop-ozone/integration-test/target/test-dir/MiniOzoneClusterImpl-8dff45f7-6a4c-4a77-aa6d-4bab94871626/datanode-1/data/ratis/1029a568-8727-427f-b6e2-6cb704dd8418/sm/snapshot.6_0
2021-09-21 18:26:18,852 [ac1d7df1-8838-4266-a424-22c9922d1104@group-6CB704DD8418-StateMachineUpdater] INFO  ratis.ContainerStateMachine (ContainerStateMachine.java:takeSnapshot(303)) - group-6CB704DD8418: Finished taking a snapshot at:(t:6, i:0) file:/home/runner/work/ozone/ozone/hadoop-ozone/integration-test/target/test-dir/MiniOzoneClusterImpl-8dff45f7-6a4c-4a77-aa6d-4bab94871626/datanode-1/data/ratis/1029a568-8727-427f-b6e2-6cb704dd8418/sm/snapshot.6_0 took: 1 ms
2021-09-21 18:26:18,853 [ac1d7df1-8838-4266-a424-22c9922d1104@group-6CB704DD8418-StateMachineUpdater] INFO  impl.StateMachineUpdater (StateMachineUpdater.java:takeSnapshot(281)) - ac1d7df1-8838-4266-a424-22c9922d1104@group-6CB704DD8418-StateMachineUpdater: Took a snapshot at index 0
2021-09-21 18:26:18,853 [ac1d7df1-8838-4266-a424-22c9922d1104@group-6CB704DD8418-StateMachineUpdater] INFO  impl.StateMachineUpdater (StateMachineUpdater.java:lambda$new$0(89)) - ac1d7df1-8838-4266-a424-22c9922d1104@group-6CB704DD8418-StateMachineUpdater: snapshotIndex: updateIncreasingly -1 -> 0
2021-09-21 18:26:18,853 [ForkJoinPool.commonPool-worker-0] INFO  server.RaftServer$Division (ServerState.java:close(419)) - ac1d7df1-8838-4266-a424-22c9922d1104@group-6CB704DD8418: closes. applyIndex: 0
2021-09-21 18:26:18,854 [Listener at 127.0.0.1/38417] INFO  utils.BackgroundService (BackgroundService.java:shutdown(132)) - Shutting down service BlockDeletingService
2021-09-21 18:26:18,854 [ac1d7df1-8838-4266-a424-22c9922d1104@group-6CB704DD8418-SegmentedRaftLogWorker] INFO  segmented.SegmentedRaftLogWorker (SegmentedRaftLogWorker.java:run(327)) - ac1d7df1-8838-4266-a424-22c9922d1104@group-6CB704DD8418-SegmentedRaftLogWorker was interrupted, exiting. There are 0 tasks remaining in the queue.
2021-09-21 18:26:18,856 [ForkJoinPool.commonPool-worker-0] INFO  segmented.SegmentedRaftLogWorker (SegmentedRaftLogWorker.java:close(237)) - ac1d7df1-8838-4266-a424-22c9922d1104@group-6CB704DD8418-SegmentedRaftLogWorker close()
2021-09-21 18:26:18,866 [ForkJoinPool.commonPool-worker-0] INFO  server.RaftServer$Division (RaftServerImpl.java:lambda$close$4(407)) - ac1d7df1-8838-4266-a424-22c9922d1104@group-5490E1C9B297: shutdown
2021-09-21 18:26:18,866 [ForkJoinPool.commonPool-worker-0] INFO  util.JmxRegister (JmxRegister.java:unregister(73)) - Successfully un-registered JMX Bean with object name Ratis:service=RaftServer,group=group-5490E1C9B297,id=ac1d7df1-8838-4266-a424-22c9922d1104
2021-09-21 18:26:18,867 [ForkJoinPool.commonPool-worker-0] INFO  impl.RoleInfo (RoleInfo.java:shutdownFollowerState(108)) - ac1d7df1-8838-4266-a424-22c9922d1104: shutdown ac1d7df1-8838-4266-a424-22c9922d1104@group-5490E1C9B297-FollowerState
2021-09-21 18:26:18,867 [ForkJoinPool.commonPool-worker-0] INFO  impl.StateMachineUpdater (StateMachineUpdater.java:stopAndJoin(149)) - ac1d7df1-8838-4266-a424-22c9922d1104@group-5490E1C9B297-StateMachineUpdater: set stopIndex = -1
2021-09-21 18:26:18,867 [ac1d7df1-8838-4266-a424-22c9922d1104@group-5490E1C9B297-FollowerState] INFO  impl.FollowerState (FollowerState.java:run(143)) - ac1d7df1-8838-4266-a424-22c9922d1104@group-5490E1C9B297-FollowerState was interrupted: {}
java.lang.InterruptedException: sleep interrupted
	at java.lang.Thread.sleep(Native Method)
	at java.lang.Thread.sleep(Thread.java:340)
	at java.util.concurrent.TimeUnit.sleep(TimeUnit.java:386)
	at org.apache.ratis.util.TimeDuration.sleep(TimeDuration.java:324)
	at org.apache.ratis.util.TimeDuration.sleep(TimeDuration.java:309)
	at org.apache.ratis.server.impl.FollowerState.run(FollowerState.java:118)
2021-09-21 18:26:18,867 [ForkJoinPool.commonPool-worker-0] INFO  server.RaftServer$Division (ServerState.java:close(419)) - ac1d7df1-8838-4266-a424-22c9922d1104@group-5490E1C9B297: closes. applyIndex: -1
2021-09-21 18:26:18,868 [ac1d7df1-8838-4266-a424-22c9922d1104@group-5490E1C9B297-SegmentedRaftLogWorker] INFO  segmented.SegmentedRaftLogWorker (SegmentedRaftLogWorker.java:run(327)) - ac1d7df1-8838-4266-a424-22c9922d1104@group-5490E1C9B297-SegmentedRaftLogWorker was interrupted, exiting. There are 0 tasks remaining in the queue.
2021-09-21 18:26:18,868 [ForkJoinPool.commonPool-worker-0] INFO  segmented.SegmentedRaftLogWorker (SegmentedRaftLogWorker.java:close(237)) - ac1d7df1-8838-4266-a424-22c9922d1104@group-5490E1C9B297-SegmentedRaftLogWorker close()
2021-09-21 18:26:18,869 [ForkJoinPool.commonPool-worker-0] INFO  server.GrpcService (GrpcService.java:closeImpl(262)) - ac1d7df1-8838-4266-a424-22c9922d1104: shutdown server with port 41255 now
2021-09-21 18:26:18,895 [ForkJoinPool.commonPool-worker-0] INFO  server.GrpcService (GrpcService.java:closeImpl(271)) - ac1d7df1-8838-4266-a424-22c9922d1104: shutdown server with port 41255 successfully
2021-09-21 18:26:18,895 [org.apache.ratis.util.JvmPauseMonitor$$Lambda$531/911890161@7b491a0e] INFO  util.JvmPauseMonitor (JvmPauseMonitor.java:run(109)) - JvmPauseMonitor-ac1d7df1-8838-4266-a424-22c9922d1104: Stopped
2021-09-21 18:26:18,898 [ForkJoinPool.commonPool-worker-0] INFO  utils.BackgroundService (BackgroundService.java:shutdown(132)) - Shutting down service BlockDeletingService
2021-09-21 18:26:19,264 [7ebb7728-56c4-46fe-8faf-bd5e72c54eae@group-5490E1C9B297-FollowerState] INFO  impl.FollowerState (FollowerState.java:run(134)) - 7ebb7728-56c4-46fe-8faf-bd5e72c54eae@group-5490E1C9B297-FollowerState: change to CANDIDATE, lastRpcElapsedTime:5036677112ns, electionTimeout:5036ms
2021-09-21 18:26:19,264 [7ebb7728-56c4-46fe-8faf-bd5e72c54eae@group-5490E1C9B297-FollowerState] INFO  impl.RoleInfo (RoleInfo.java:shutdownFollowerState(108)) - 7ebb7728-56c4-46fe-8faf-bd5e72c54eae: shutdown 7ebb7728-56c4-46fe-8faf-bd5e72c54eae@group-5490E1C9B297-FollowerState
2021-09-21 18:26:19,265 [7ebb7728-56c4-46fe-8faf-bd5e72c54eae@group-5490E1C9B297-FollowerState] INFO  server.RaftServer$Division (RaftServerImpl.java:setRole(285)) - 7ebb7728-56c4-46fe-8faf-bd5e72c54eae@group-5490E1C9B297: changes role from  FOLLOWER to CANDIDATE at term 6 for changeToCandidate
2021-09-21 18:26:19,265 [7ebb7728-56c4-46fe-8faf-bd5e72c54eae@group-5490E1C9B297-FollowerState] INFO  server.RaftServerConfigKeys (ConfUtils.java:logGet(44)) - raft.server.leaderelection.pre-vote = false (custom)
2021-09-21 18:26:19,265 [7ebb7728-56c4-46fe-8faf-bd5e72c54eae@group-5490E1C9B297-FollowerState] INFO  impl.RoleInfo (RoleInfo.java:updateAndGet(130)) - 7ebb7728-56c4-46fe-8faf-bd5e72c54eae: start 7ebb7728-56c4-46fe-8faf-bd5e72c54eae@group-5490E1C9B297-LeaderElection35
2021-09-21 18:26:19,272 [7ebb7728-56c4-46fe-8faf-bd5e72c54eae@group-5490E1C9B297-LeaderElection35] INFO  impl.LeaderElection (LeaderElection.java:askForVotes(306)) - 7ebb7728-56c4-46fe-8faf-bd5e72c54eae@group-5490E1C9B297-LeaderElection35 ELECTION round 0: submit vote requests at term 7 for -1: [d36baf84-b85f-4b26-8f7e-d1f6b1b07563|rpc:10.1.0.27:39631|dataStream:|priority:0, ac1d7df1-8838-4266-a424-22c9922d1104|rpc:10.1.0.27:41255|dataStream:|priority:0, 7ebb7728-56c4-46fe-8faf-bd5e72c54eae|rpc:10.1.0.27:40201|dataStream:|priority:1], old=null
2021-09-21 18:26:19,279 [grpc-default-executor-3] INFO  server.RaftServer$Division (RaftServerImpl.java:requestVote(1043)) - d36baf84-b85f-4b26-8f7e-d1f6b1b07563@group-5490E1C9B297: receive requestVote(ELECTION, 7ebb7728-56c4-46fe-8faf-bd5e72c54eae, group-5490E1C9B297, 7, (t:0, i:0))
2021-09-21 18:26:19,279 [grpc-default-executor-3] INFO  impl.VoteContext (VoteContext.java:log(48)) - d36baf84-b85f-4b26-8f7e-d1f6b1b07563@group-5490E1C9B297-FOLLOWER: accept ELECTION from 7ebb7728-56c4-46fe-8faf-bd5e72c54eae: our priority 0 <= candidate's priority 1
2021-09-21 18:26:19,280 [grpc-default-executor-3] INFO  server.RaftServer$Division (RaftServerImpl.java:setRole(285)) - d36baf84-b85f-4b26-8f7e-d1f6b1b07563@group-5490E1C9B297: changes role from  FOLLOWER to FOLLOWER at term 7 for candidate:7ebb7728-56c4-46fe-8faf-bd5e72c54eae
2021-09-21 18:26:19,280 [grpc-default-executor-3] INFO  impl.RoleInfo (RoleInfo.java:shutdownFollowerState(108)) - d36baf84-b85f-4b26-8f7e-d1f6b1b07563: shutdown d36baf84-b85f-4b26-8f7e-d1f6b1b07563@group-5490E1C9B297-FollowerState
2021-09-21 18:26:19,280 [grpc-default-executor-3] INFO  impl.RoleInfo (RoleInfo.java:updateAndGet(130)) - d36baf84-b85f-4b26-8f7e-d1f6b1b07563: start d36baf84-b85f-4b26-8f7e-d1f6b1b07563@group-5490E1C9B297-FollowerState
2021-09-21 18:26:19,280 [d36baf84-b85f-4b26-8f7e-d1f6b1b07563@group-5490E1C9B297-FollowerState] INFO  impl.FollowerState (FollowerState.java:run(143)) - d36baf84-b85f-4b26-8f7e-d1f6b1b07563@group-5490E1C9B297-FollowerState was interrupted: {}
java.lang.InterruptedException: sleep interrupted
	at java.lang.Thread.sleep(Native Method)
	at java.lang.Thread.sleep(Thread.java:340)
	at java.util.concurrent.TimeUnit.sleep(TimeUnit.java:386)
	at org.apache.ratis.util.TimeDuration.sleep(TimeDuration.java:324)
	at org.apache.ratis.util.TimeDuration.sleep(TimeDuration.java:309)
	at org.apache.ratis.server.impl.FollowerState.run(FollowerState.java:118)
2021-09-21 18:26:19,285 [grpc-default-executor-3] INFO  server.RaftServer$Division (RaftServerImpl.java:requestVote(1075)) - d36baf84-b85f-4b26-8f7e-d1f6b1b07563@group-5490E1C9B297 replies to ELECTION vote request: 7ebb7728-56c4-46fe-8faf-bd5e72c54eae<-d36baf84-b85f-4b26-8f7e-d1f6b1b07563#0:OK-t7. Peer's state: d36baf84-b85f-4b26-8f7e-d1f6b1b07563@group-5490E1C9B297:t7, leader=null, voted=7ebb7728-56c4-46fe-8faf-bd5e72c54eae, raftlog=d36baf84-b85f-4b26-8f7e-d1f6b1b07563@group-5490E1C9B297-SegmentedRaftLog:OPENED:c-1,f-1,i0, conf=-1: [d36baf84-b85f-4b26-8f7e-d1f6b1b07563|rpc:10.1.0.27:39631|priority:0, ac1d7df1-8838-4266-a424-22c9922d1104|rpc:10.1.0.27:41255|priority:0, 7ebb7728-56c4-46fe-8faf-bd5e72c54eae|rpc:10.1.0.27:40201|priority:1], old=null
2021-09-21 18:26:19,291 [7ebb7728-56c4-46fe-8faf-bd5e72c54eae@group-5490E1C9B297-LeaderElection35] INFO  impl.LeaderElection (LeaderElection.java:logAndReturn(89)) - 7ebb7728-56c4-46fe-8faf-bd5e72c54eae@group-5490E1C9B297-LeaderElection35: ELECTION PASSED received 1 response(s) and 0 exception(s):
2021-09-21 18:26:19,291 [7ebb7728-56c4-46fe-8faf-bd5e72c54eae@group-5490E1C9B297-LeaderElection35] INFO  impl.LeaderElection (LeaderElection.java:logAndReturn(93)) -   Response 0: 7ebb7728-56c4-46fe-8faf-bd5e72c54eae<-d36baf84-b85f-4b26-8f7e-d1f6b1b07563#0:OK-t7
2021-09-21 18:26:19,291 [7ebb7728-56c4-46fe-8faf-bd5e72c54eae@group-5490E1C9B297-LeaderElection35] INFO  impl.LeaderElection (LeaderElection.java:askForVotes(308)) - 7ebb7728-56c4-46fe-8faf-bd5e72c54eae@group-5490E1C9B297-LeaderElection35 ELECTION round 0: result PASSED
2021-09-21 18:26:19,291 [7ebb7728-56c4-46fe-8faf-bd5e72c54eae@group-5490E1C9B297-LeaderElection35] INFO  impl.RoleInfo (RoleInfo.java:shutdownLeaderElection(121)) - 7ebb7728-56c4-46fe-8faf-bd5e72c54eae: shutdown 7ebb7728-56c4-46fe-8faf-bd5e72c54eae@group-5490E1C9B297-LeaderElection35
2021-09-21 18:26:19,292 [7ebb7728-56c4-46fe-8faf-bd5e72c54eae@group-5490E1C9B297-LeaderElection35] INFO  server.RaftServer$Division (RaftServerImpl.java:setRole(285)) - 7ebb7728-56c4-46fe-8faf-bd5e72c54eae@group-5490E1C9B297: changes role from CANDIDATE to LEADER at term 7 for changeToLeader
2021-09-21 18:26:19,292 [7ebb7728-56c4-46fe-8faf-bd5e72c54eae@group-5490E1C9B297-LeaderElection35] INFO  ratis.XceiverServerRatis (XceiverServerRatis.java:handleLeaderChangedNotification(860)) - Leader change notification received for group: group-5490E1C9B297 with new leaderId: 7ebb7728-56c4-46fe-8faf-bd5e72c54eae
2021-09-21 18:26:19,292 [7ebb7728-56c4-46fe-8faf-bd5e72c54eae@group-5490E1C9B297-LeaderElection35] INFO  server.RaftServer$Division (ServerState.java:setLeader(285)) - 7ebb7728-56c4-46fe-8faf-bd5e72c54eae@group-5490E1C9B297: change Leader from null to 7ebb7728-56c4-46fe-8faf-bd5e72c54eae at term 7 for becomeLeader, leader elected after 35164ms
2021-09-21 18:26:19,292 [7ebb7728-56c4-46fe-8faf-bd5e72c54eae@group-5490E1C9B297-LeaderElection35] INFO  server.RaftServerConfigKeys (ConfUtils.java:logGet(44)) - raft.server.staging.catchup.gap = 1000 (default)
2021-09-21 18:26:19,292 [7ebb7728-56c4-46fe-8faf-bd5e72c54eae@group-5490E1C9B297-LeaderElection35] INFO  server.RaftServerConfigKeys (ConfUtils.java:logGet(44)) - raft.server.write.element-limit = 1024 (custom)
2021-09-21 18:26:19,292 [7ebb7728-56c4-46fe-8faf-bd5e72c54eae@group-5490E1C9B297-LeaderElection35] INFO  server.RaftServerConfigKeys (ConfUtils.java:logGet(44)) - raft.server.write.byte-limit = 1024 M (=1073741824) (custom)
2021-09-21 18:26:19,293 [7ebb7728-56c4-46fe-8faf-bd5e72c54eae@group-5490E1C9B297-LeaderElection35] INFO  server.RaftServerConfigKeys (ConfUtils.java:logGet(44)) - raft.server.watch.timeout = 3000ms (custom)
2021-09-21 18:26:19,293 [7ebb7728-56c4-46fe-8faf-bd5e72c54eae@group-5490E1C9B297-LeaderElection35] INFO  server.RaftServerConfigKeys (ConfUtils.java:logGet(44)) - raft.server.watch.timeout.denomination = 1s (default)
2021-09-21 18:26:19,293 [7ebb7728-56c4-46fe-8faf-bd5e72c54eae@group-5490E1C9B297-LeaderElection35] INFO  server.RaftServerConfigKeys (ConfUtils.java:logGet(44)) - raft.server.watch.element-limit = 65536 (default)
2021-09-21 18:26:19,293 [Datanode State Machine Thread - 0] WARN  statemachine.StateContext (StateContext.java:execute(621)) - No available thread in pool for past 1 seconds.
2021-09-21 18:26:19,293 [7ebb7728-56c4-46fe-8faf-bd5e72c54eae@group-5490E1C9B297-LeaderElection35] INFO  server.RaftServerConfigKeys (ConfUtils.java:logGet(44)) - raft.server.log.appender.snapshot.chunk.size.max = 16MB (=16777216) (default)
2021-09-21 18:26:19,293 [7ebb7728-56c4-46fe-8faf-bd5e72c54eae@group-5490E1C9B297-LeaderElection35] INFO  server.RaftServerConfigKeys (ConfUtils.java:logGet(44)) - raft.server.log.appender.buffer.byte-limit = 33554432 (custom)
2021-09-21 18:26:19,294 [7ebb7728-56c4-46fe-8faf-bd5e72c54eae@group-5490E1C9B297-LeaderElection35] INFO  server.RaftServerConfigKeys (ConfUtils.java:logGet(44)) - raft.server.log.appender.buffer.element-limit = 1 (custom)
2021-09-21 18:26:19,294 [7ebb7728-56c4-46fe-8faf-bd5e72c54eae@group-5490E1C9B297-LeaderElection35] INFO  grpc.GrpcConfigKeys (ConfUtils.java:logGet(44)) - raft.grpc.server.leader.outstanding.appends.max = 128 (default)
2021-09-21 18:26:19,295 [EventQueue-PipelineReportForPipelineReportHandler] INFO  pipeline.PipelineManagerImpl (PipelineManagerImpl.java:openPipeline(282)) - Pipeline Pipeline[ Id: e1e6257e-975c-4cff-961e-5490e1c9b297, Nodes: d36baf84-b85f-4b26-8f7e-d1f6b1b07563{ip: 10.1.0.27, host: fv-az122-453.zf1tlrj3kn4expqppa1j4mpycf.xx.internal.cloudapp.net, ports: [REPLICATION=44027, RATIS=39631, RATIS_ADMIN=39631, RATIS_SERVER=39631, STANDALONE=43601], networkLocation: /default-rack, certSerialId: null, persistedOpState: IN_SERVICE, persistedOpStateExpiryEpochSec: 0}7ebb7728-56c4-46fe-8faf-bd5e72c54eae{ip: 10.1.0.27, host: fv-az122-453.zf1tlrj3kn4expqppa1j4mpycf.xx.internal.cloudapp.net, ports: [REPLICATION=42403, RATIS=40201, RATIS_ADMIN=40201, RATIS_SERVER=40201, STANDALONE=39069], networkLocation: /default-rack, certSerialId: null, persistedOpState: IN_SERVICE, persistedOpStateExpiryEpochSec: 0}ac1d7df1-8838-4266-a424-22c9922d1104{ip: 10.1.0.27, host: fv-az122-453.zf1tlrj3kn4expqppa1j4mpycf.xx.internal.cloudapp.net, ports: [REPLICATION=42733, RATIS=41255, RATIS_ADMIN=41255, RATIS_SERVER=41255, STANDALONE=36793], networkLocation: /default-rack, certSerialId: null, persistedOpState: IN_SERVICE, persistedOpStateExpiryEpochSec: 0}, ReplicationConfig: RATIS/THREE, State:ALLOCATED, leaderId:7ebb7728-56c4-46fe-8faf-bd5e72c54eae, CreationTimestamp2021-09-21T18:25:41.134Z[Etc/UTC]] moved to OPEN state
2021-09-21 18:26:19,295 [7ebb7728-56c4-46fe-8faf-bd5e72c54eae@group-5490E1C9B297-LeaderElection35] INFO  server.RaftServerConfigKeys (ConfUtils.java:logGet(44)) - raft.server.rpc.request.timeout = 3000ms (default)
2021-09-21 18:26:19,295 [7ebb7728-56c4-46fe-8faf-bd5e72c54eae@group-5490E1C9B297-LeaderElection35] INFO  server.RaftServerConfigKeys (ConfUtils.java:logGet(44)) - raft.server.log.appender.install.snapshot.enabled = false (custom)
2021-09-21 18:26:19,296 [7ebb7728-56c4-46fe-8faf-bd5e72c54eae@group-5490E1C9B297-LeaderElection35] INFO  server.RaftServerConfigKeys (ConfUtils.java:logGet(44)) - raft.server.log.appender.snapshot.chunk.size.max = 16MB (=16777216) (default)
2021-09-21 18:26:19,296 [7ebb7728-56c4-46fe-8faf-bd5e72c54eae@group-5490E1C9B297-LeaderElection35] INFO  server.RaftServerConfigKeys (ConfUtils.java:logGet(44)) - raft.server.log.appender.buffer.byte-limit = 33554432 (custom)
2021-09-21 18:26:19,297 [7ebb7728-56c4-46fe-8faf-bd5e72c54eae@group-5490E1C9B297-LeaderElection35] INFO  server.RaftServerConfigKeys (ConfUtils.java:logGet(44)) - raft.server.log.appender.buffer.element-limit = 1 (custom)
2021-09-21 18:26:19,297 [7ebb7728-56c4-46fe-8faf-bd5e72c54eae@group-5490E1C9B297-LeaderElection35] INFO  grpc.GrpcConfigKeys (ConfUtils.java:logGet(44)) - raft.grpc.server.leader.outstanding.appends.max = 128 (default)
2021-09-21 18:26:19,297 [7ebb7728-56c4-46fe-8faf-bd5e72c54eae@group-5490E1C9B297-LeaderElection35] INFO  server.RaftServerConfigKeys (ConfUtils.java:logGet(44)) - raft.server.rpc.request.timeout = 3000ms (default)
2021-09-21 18:26:19,297 [7ebb7728-56c4-46fe-8faf-bd5e72c54eae@group-5490E1C9B297-LeaderElection35] INFO  server.RaftServerConfigKeys (ConfUtils.java:logGet(44)) - raft.server.log.appender.install.snapshot.enabled = false (custom)
2021-09-21 18:26:19,298 [7ebb7728-56c4-46fe-8faf-bd5e72c54eae@group-5490E1C9B297-LeaderElection35] INFO  impl.RoleInfo (RoleInfo.java:updateAndGet(130)) - 7ebb7728-56c4-46fe-8faf-bd5e72c54eae: start 7ebb7728-56c4-46fe-8faf-bd5e72c54eae@group-5490E1C9B297-LeaderStateImpl
2021-09-21 18:26:19,298 [7ebb7728-56c4-46fe-8faf-bd5e72c54eae@group-5490E1C9B297-LeaderElection35] INFO  segmented.SegmentedRaftLogWorker (SegmentedRaftLogWorker.java:startLogSegment(394)) - 7ebb7728-56c4-46fe-8faf-bd5e72c54eae@group-5490E1C9B297-SegmentedRaftLogWorker: Starting segment from index:0
2021-09-21 18:26:19,299 [7ebb7728-56c4-46fe-8faf-bd5e72c54eae@group-5490E1C9B297-SegmentedRaftLogWorker] INFO  segmented.SegmentedRaftLogWorker (SegmentedRaftLogWorker.java:execute(601)) - 7ebb7728-56c4-46fe-8faf-bd5e72c54eae@group-5490E1C9B297-SegmentedRaftLogWorker: created new log segment /home/runner/work/ozone/ozone/hadoop-ozone/integration-test/target/test-dir/MiniOzoneClusterImpl-8dff45f7-6a4c-4a77-aa6d-4bab94871626/datanode-2/data/ratis/e1e6257e-975c-4cff-961e-5490e1c9b297/current/log_inprogress_0
2021-09-21 18:26:19,318 [grpc-default-executor-0] INFO  ratis.XceiverServerRatis (XceiverServerRatis.java:handleLeaderChangedNotification(860)) - Leader change notification received for group: group-5490E1C9B297 with new leaderId: 7ebb7728-56c4-46fe-8faf-bd5e72c54eae
2021-09-21 18:26:19,318 [grpc-default-executor-0] INFO  server.RaftServer$Division (ServerState.java:setLeader(285)) - d36baf84-b85f-4b26-8f7e-d1f6b1b07563@group-5490E1C9B297: change Leader from null to 7ebb7728-56c4-46fe-8faf-bd5e72c54eae at term 7 for appendEntries, leader elected after 35992ms
2021-09-21 18:26:19,344 [7ebb7728-56c4-46fe-8faf-bd5e72c54eae@group-5490E1C9B297-LeaderElection35] INFO  server.RaftServer$Division (ServerState.java:setRaftConf(387)) - 7ebb7728-56c4-46fe-8faf-bd5e72c54eae@group-5490E1C9B297: set configuration 0: [d36baf84-b85f-4b26-8f7e-d1f6b1b07563|rpc:10.1.0.27:39631|dataStream:|priority:0, ac1d7df1-8838-4266-a424-22c9922d1104|rpc:10.1.0.27:41255|dataStream:|priority:0, 7ebb7728-56c4-46fe-8faf-bd5e72c54eae|rpc:10.1.0.27:40201|dataStream:|priority:1], old=null
2021-09-21 18:26:19,351 [grpc-default-executor-3] WARN  server.GrpcLogAppender (LogUtils.java:warn(122)) - 7ebb7728-56c4-46fe-8faf-bd5e72c54eae@group-5490E1C9B297->ac1d7df1-8838-4266-a424-22c9922d1104-AppendLogResponseHandler: Failed appendEntries: org.apache.ratis.thirdparty.io.grpc.StatusRuntimeException: UNAVAILABLE: io exception
2021-09-21 18:26:19,352 [grpc-default-executor-3] WARN  server.GrpcLogAppender (GrpcLogAppender.java:resetClient(111)) - 7ebb7728-56c4-46fe-8faf-bd5e72c54eae@group-5490E1C9B297->ac1d7df1-8838-4266-a424-22c9922d1104-GrpcLogAppender: Leader has not got in touch with Follower 7ebb7728-56c4-46fe-8faf-bd5e72c54eae@group-5490E1C9B297->ac1d7df1-8838-4266-a424-22c9922d1104(c-1,m0,n0, attendVote=true, lastRpcSendTime=5258, lastRpcResponseTime=5258) yet, just keep nextIndex unchanged and retry.
2021-09-21 18:26:19,353 [grpc-default-executor-3] WARN  server.GrpcLogAppender (LogUtils.java:warn(122)) - 7ebb7728-56c4-46fe-8faf-bd5e72c54eae@group-5490E1C9B297->ac1d7df1-8838-4266-a424-22c9922d1104-AppendLogResponseHandler: Failed appendEntries: org.apache.ratis.thirdparty.io.grpc.StatusRuntimeException: UNAVAILABLE: io exception
2021-09-21 18:26:19,354 [grpc-default-executor-3] WARN  server.GrpcLogAppender (GrpcLogAppender.java:resetClient(111)) - 7ebb7728-56c4-46fe-8faf-bd5e72c54eae@group-5490E1C9B297->ac1d7df1-8838-4266-a424-22c9922d1104-GrpcLogAppender: Leader has not got in touch with Follower 7ebb7728-56c4-46fe-8faf-bd5e72c54eae@group-5490E1C9B297->ac1d7df1-8838-4266-a424-22c9922d1104(c-1,m0,n1, attendVote=true, lastRpcSendTime=0, lastRpcResponseTime=5260) yet, just keep nextIndex unchanged and retry.
2021-09-21 18:26:19,354 [EventQueue-DeadNodeForDeadNodeHandler] INFO  node.DeadNodeHandler (DeadNodeHandler.java:onMessage(80)) - A dead datanode is detected. 6174554c-eda6-4ca8-a498-7acedbc2905d{ip: 10.1.0.27, host: fv-az122-453.zf1tlrj3kn4expqppa1j4mpycf.xx.internal.cloudapp.net, ports: [REPLICATION=39077, RATIS=43953, RATIS_ADMIN=43953, RATIS_SERVER=43953, STANDALONE=38229], networkLocation: /default-rack, certSerialId: null, persistedOpState: IN_SERVICE, persistedOpStateExpiryEpochSec: 0}
2021-09-21 18:26:19,354 [EventQueue-DeadNodeForDeadNodeHandler] INFO  pipeline.RatisPipelineProvider (RatisPipelineProvider.java:lambda$close$1(222)) - Send pipeline:PipelineID=3495a40f-b9dc-4f24-95a2-741c39338e1f close command to datanode 6174554c-eda6-4ca8-a498-7acedbc2905d
2021-09-21 18:26:19,354 [EventQueue-DeadNodeForDeadNodeHandler] INFO  pipeline.PipelineStateManager (PipelineStateManagerV2Impl.java:removePipeline(211)) - Pipeline Pipeline[ Id: 3495a40f-b9dc-4f24-95a2-741c39338e1f, Nodes: 6174554c-eda6-4ca8-a498-7acedbc2905d{ip: 10.1.0.27, host: fv-az122-453.zf1tlrj3kn4expqppa1j4mpycf.xx.internal.cloudapp.net, ports: [REPLICATION=39077, RATIS=43953, RATIS_ADMIN=43953, RATIS_SERVER=43953, STANDALONE=38229], networkLocation: /default-rack, certSerialId: null, persistedOpState: IN_SERVICE, persistedOpStateExpiryEpochSec: 0}, ReplicationConfig: RATIS/ONE, State:CLOSED, leaderId:6174554c-eda6-4ca8-a498-7acedbc2905d, CreationTimestamp2021-09-21T18:25:41.583Z[Etc/UTC]] removed.
2021-09-21 18:26:19,355 [EventQueue-DeadNodeForDeadNodeHandler] INFO  net.NetworkTopologyImpl (NetworkTopologyImpl.java:remove(137)) - Removed a node: /default-rack/6174554c-eda6-4ca8-a498-7acedbc2905d
2021-09-21 18:26:19,374 [grpc-default-executor-0] INFO  server.RaftServer$Division (ServerState.java:setRaftConf(387)) - d36baf84-b85f-4b26-8f7e-d1f6b1b07563@group-5490E1C9B297: set configuration 0: [d36baf84-b85f-4b26-8f7e-d1f6b1b07563|rpc:10.1.0.27:39631|dataStream:|priority:0, ac1d7df1-8838-4266-a424-22c9922d1104|rpc:10.1.0.27:41255|dataStream:|priority:0, 7ebb7728-56c4-46fe-8faf-bd5e72c54eae|rpc:10.1.0.27:40201|dataStream:|priority:1], old=null
2021-09-21 18:26:19,374 [grpc-default-executor-0] INFO  segmented.SegmentedRaftLogWorker (SegmentedRaftLogWorker.java:startLogSegment(394)) - d36baf84-b85f-4b26-8f7e-d1f6b1b07563@group-5490E1C9B297-SegmentedRaftLogWorker: Starting segment from index:0
2021-09-21 18:26:19,378 [d36baf84-b85f-4b26-8f7e-d1f6b1b07563@group-5490E1C9B297-SegmentedRaftLogWorker] INFO  segmented.SegmentedRaftLogWorker (SegmentedRaftLogWorker.java:execute(601)) - d36baf84-b85f-4b26-8f7e-d1f6b1b07563@group-5490E1C9B297-SegmentedRaftLogWorker: created new log segment /home/runner/work/ozone/ozone/hadoop-ozone/integration-test/target/test-dir/MiniOzoneClusterImpl-8dff45f7-6a4c-4a77-aa6d-4bab94871626/datanode-0/data/ratis/e1e6257e-975c-4cff-961e-5490e1c9b297/current/log_inprogress_0
2021-09-21 18:26:21,855 [grpc-default-executor-0] WARN  server.GrpcLogAppender (LogUtils.java:warn(122)) - 7ebb7728-56c4-46fe-8faf-bd5e72c54eae@group-5490E1C9B297->ac1d7df1-8838-4266-a424-22c9922d1104-AppendLogResponseHandler: Failed appendEntries: org.apache.ratis.thirdparty.io.grpc.StatusRuntimeException: UNAVAILABLE: io exception
2021-09-21 18:26:21,856 [grpc-default-executor-0] WARN  server.GrpcLogAppender (GrpcLogAppender.java:resetClient(111)) - 7ebb7728-56c4-46fe-8faf-bd5e72c54eae@group-5490E1C9B297->ac1d7df1-8838-4266-a424-22c9922d1104-GrpcLogAppender: Leader has not got in touch with Follower 7ebb7728-56c4-46fe-8faf-bd5e72c54eae@group-5490E1C9B297->ac1d7df1-8838-4266-a424-22c9922d1104(c-1,m0,n1, attendVote=true, lastRpcSendTime=1, lastRpcResponseTime=7763) yet, just keep nextIndex unchanged and retry.
2021-09-21 18:26:21,858 [Listener at 127.0.0.1/38417] INFO  statemachine.DatanodeStateMachine (DatanodeStateMachine.java:stopDaemon(515)) - Ozone container server stopped.
2021-09-21 18:26:21,859 [Listener at 127.0.0.1/38417] INFO  handler.ContextHandler (ContextHandler.java:doStop(1153)) - Stopped o.e.j.w.WebAppContext@3eca05e5{hddsDatanode,/,null,STOPPED}{jar:file:/home/runner/.m2/repository/org/apache/ozone/hdds-container-service/1.2.0-SNAPSHOT/hdds-container-service-1.2.0-SNAPSHOT.jar!/webapps/hddsDatanode}
2021-09-21 18:26:21,861 [Listener at 127.0.0.1/38417] INFO  server.AbstractConnector (AbstractConnector.java:doStop(381)) - Stopped ServerConnector@229eb55e{HTTP/1.1, (http/1.1)}{0.0.0.0:0}
2021-09-21 18:26:21,861 [Listener at 127.0.0.1/38417] INFO  server.session (HouseKeeper.java:stopScavenging(149)) - node0 Stopped scavenging
2021-09-21 18:26:21,862 [Listener at 127.0.0.1/38417] INFO  handler.ContextHandler (ContextHandler.java:doStop(1153)) - Stopped o.e.j.s.ServletContextHandler@b822a25{static,/static,jar:file:/home/runner/.m2/repository/org/apache/ozone/hdds-container-service/1.2.0-SNAPSHOT/hdds-container-service-1.2.0-SNAPSHOT.jar!/webapps/static,STOPPED}
2021-09-21 18:26:21,862 [Listener at 127.0.0.1/38417] INFO  handler.ContextHandler (ContextHandler.java:doStop(1153)) - Stopped o.e.j.s.ServletContextHandler@65978923{logs,/logs,file:///home/runner/work/ozone/ozone/hadoop-ozone/integration-test/target/log,STOPPED}
2021-09-21 18:26:21,904 [ForkJoinPool.commonPool-worker-0] INFO  statemachine.DatanodeStateMachine (DatanodeStateMachine.java:stopDaemon(515)) - Ozone container server stopped.
2021-09-21 18:26:21,914 [ForkJoinPool.commonPool-worker-0] INFO  handler.ContextHandler (ContextHandler.java:doStop(1153)) - Stopped o.e.j.w.WebAppContext@ad34a14{hddsDatanode,/,null,STOPPED}{jar:file:/home/runner/.m2/repository/org/apache/ozone/hdds-container-service/1.2.0-SNAPSHOT/hdds-container-service-1.2.0-SNAPSHOT.jar!/webapps/hddsDatanode}
2021-09-21 18:26:21,917 [ForkJoinPool.commonPool-worker-0] INFO  server.AbstractConnector (AbstractConnector.java:doStop(381)) - Stopped ServerConnector@4473ad2a{HTTP/1.1, (http/1.1)}{0.0.0.0:0}
2021-09-21 18:26:21,931 [ForkJoinPool.commonPool-worker-0] INFO  server.session (HouseKeeper.java:stopScavenging(149)) - node0 Stopped scavenging
2021-09-21 18:26:21,933 [ForkJoinPool.commonPool-worker-0] INFO  handler.ContextHandler (ContextHandler.java:doStop(1153)) - Stopped o.e.j.s.ServletContextHandler@505d2de7{static,/static,jar:file:/home/runner/.m2/repository/org/apache/ozone/hdds-container-service/1.2.0-SNAPSHOT/hdds-container-service-1.2.0-SNAPSHOT.jar!/webapps/static,STOPPED}
2021-09-21 18:26:21,943 [ForkJoinPool.commonPool-worker-0] INFO  handler.ContextHandler (ContextHandler.java:doStop(1153)) - Stopped o.e.j.s.ServletContextHandler@5785c5a8{logs,/logs,file:///home/runner/work/ozone/ozone/hadoop-ozone/integration-test/target/log,STOPPED}
2021-09-21 18:26:23,071 [EventQueue-StaleNodeForStaleNodeHandler] INFO  node.StaleNodeHandler (StaleNodeHandler.java:onMessage(58)) - Datanode ac1d7df1-8838-4266-a424-22c9922d1104{ip: 10.1.0.27, host: fv-az122-453.zf1tlrj3kn4expqppa1j4mpycf.xx.internal.cloudapp.net, ports: [REPLICATION=42733, RATIS=41255, RATIS_ADMIN=41255, RATIS_SERVER=41255, STANDALONE=36793], networkLocation: /default-rack, certSerialId: null, persistedOpState: IN_SERVICE, persistedOpStateExpiryEpochSec: 0} moved to stale state. Finalizing its pipelines [PipelineID=4144741f-4194-40b2-bb71-2ac51b9beec5, PipelineID=1029a568-8727-427f-b6e2-6cb704dd8418, PipelineID=e1e6257e-975c-4cff-961e-5490e1c9b297]
2021-09-21 18:26:23,072 [EventQueue-StaleNodeForStaleNodeHandler] INFO  pipeline.PipelineManagerImpl (PipelineManagerImpl.java:closePipeline(342)) - Pipeline Pipeline[ Id: 4144741f-4194-40b2-bb71-2ac51b9beec5, Nodes: ac1d7df1-8838-4266-a424-22c9922d1104{ip: 10.1.0.27, host: fv-az122-453.zf1tlrj3kn4expqppa1j4mpycf.xx.internal.cloudapp.net, ports: [REPLICATION=42733, RATIS=41255, RATIS_ADMIN=41255, RATIS_SERVER=41255, STANDALONE=36793], networkLocation: /default-rack, certSerialId: null, persistedOpState: IN_SERVICE, persistedOpStateExpiryEpochSec: 0}, ReplicationConfig: RATIS/ONE, State:OPEN, leaderId:ac1d7df1-8838-4266-a424-22c9922d1104, CreationTimestamp2021-09-21T18:25:40.854Z[Etc/UTC]] moved to CLOSED state
2021-09-21 18:26:23,072 [EventQueue-StaleNodeForStaleNodeHandler] INFO  pipeline.PipelineManagerImpl (PipelineManagerImpl.java:closePipeline(342)) - Pipeline Pipeline[ Id: 1029a568-8727-427f-b6e2-6cb704dd8418, Nodes: 7ebb7728-56c4-46fe-8faf-bd5e72c54eae{ip: 10.1.0.27, host: fv-az122-453.zf1tlrj3kn4expqppa1j4mpycf.xx.internal.cloudapp.net, ports: [REPLICATION=42403, RATIS=40201, RATIS_ADMIN=40201, RATIS_SERVER=40201, STANDALONE=39069], networkLocation: /default-rack, certSerialId: null, persistedOpState: IN_SERVICE, persistedOpStateExpiryEpochSec: 0}d36baf84-b85f-4b26-8f7e-d1f6b1b07563{ip: 10.1.0.27, host: fv-az122-453.zf1tlrj3kn4expqppa1j4mpycf.xx.internal.cloudapp.net, ports: [REPLICATION=44027, RATIS=39631, RATIS_ADMIN=39631, RATIS_SERVER=39631, STANDALONE=43601], networkLocation: /default-rack, certSerialId: null, persistedOpState: IN_SERVICE, persistedOpStateExpiryEpochSec: 0}ac1d7df1-8838-4266-a424-22c9922d1104{ip: 10.1.0.27, host: fv-az122-453.zf1tlrj3kn4expqppa1j4mpycf.xx.internal.cloudapp.net, ports: [REPLICATION=42733, RATIS=41255, RATIS_ADMIN=41255, RATIS_SERVER=41255, STANDALONE=36793], networkLocation: /default-rack, certSerialId: null, persistedOpState: IN_SERVICE, persistedOpStateExpiryEpochSec: 0}, ReplicationConfig: RATIS/THREE, State:ALLOCATED, leaderId:, CreationTimestamp2021-09-21T18:25:41.136Z[Etc/UTC]] moved to CLOSED state
2021-09-21 18:26:23,073 [EventQueue-StaleNodeForStaleNodeHandler] INFO  pipeline.PipelineManagerImpl (PipelineManagerImpl.java:closePipeline(342)) - Pipeline Pipeline[ Id: e1e6257e-975c-4cff-961e-5490e1c9b297, Nodes: d36baf84-b85f-4b26-8f7e-d1f6b1b07563{ip: 10.1.0.27, host: fv-az122-453.zf1tlrj3kn4expqppa1j4mpycf.xx.internal.cloudapp.net, ports: [REPLICATION=44027, RATIS=39631, RATIS_ADMIN=39631, RATIS_SERVER=39631, STANDALONE=43601], networkLocation: /default-rack, certSerialId: null, persistedOpState: IN_SERVICE, persistedOpStateExpiryEpochSec: 0}7ebb7728-56c4-46fe-8faf-bd5e72c54eae{ip: 10.1.0.27, host: fv-az122-453.zf1tlrj3kn4expqppa1j4mpycf.xx.internal.cloudapp.net, ports: [REPLICATION=42403, RATIS=40201, RATIS_ADMIN=40201, RATIS_SERVER=40201, STANDALONE=39069], networkLocation: /default-rack, certSerialId: null, persistedOpState: IN_SERVICE, persistedOpStateExpiryEpochSec: 0}ac1d7df1-8838-4266-a424-22c9922d1104{ip: 10.1.0.27, host: fv-az122-453.zf1tlrj3kn4expqppa1j4mpycf.xx.internal.cloudapp.net, ports: [REPLICATION=42733, RATIS=41255, RATIS_ADMIN=41255, RATIS_SERVER=41255, STANDALONE=36793], networkLocation: /default-rack, certSerialId: null, persistedOpState: IN_SERVICE, persistedOpStateExpiryEpochSec: 0}, ReplicationConfig: RATIS/THREE, State:OPEN, leaderId:7ebb7728-56c4-46fe-8faf-bd5e72c54eae, CreationTimestamp2021-09-21T18:25:41.134Z[Etc/UTC]] moved to CLOSED state
2021-09-21 18:26:23,371 [EventQueue-StaleNodeForStaleNodeHandler] INFO  node.StaleNodeHandler (StaleNodeHandler.java:onMessage(58)) - Datanode 476460e9-b3a1-45f5-ac75-d031942c3748{ip: 10.1.0.27, host: fv-az122-453.zf1tlrj3kn4expqppa1j4mpycf.xx.internal.cloudapp.net, ports: [REPLICATION=37073, RATIS=35049, RATIS_ADMIN=35049, RATIS_SERVER=35049, STANDALONE=46777], networkLocation: /default-rack, certSerialId: null, persistedOpState: IN_SERVICE, persistedOpStateExpiryEpochSec: 0} moved to stale state. Finalizing its pipelines [PipelineID=646a220a-cf0f-4d1d-92ef-888a40b500a1]
2021-09-21 18:26:23,372 [EventQueue-StaleNodeForStaleNodeHandler] INFO  pipeline.PipelineManagerImpl (PipelineManagerImpl.java:closePipeline(342)) - Pipeline Pipeline[ Id: 646a220a-cf0f-4d1d-92ef-888a40b500a1, Nodes: 476460e9-b3a1-45f5-ac75-d031942c3748{ip: 10.1.0.27, host: fv-az122-453.zf1tlrj3kn4expqppa1j4mpycf.xx.internal.cloudapp.net, ports: [REPLICATION=37073, RATIS=35049, RATIS_ADMIN=35049, RATIS_SERVER=35049, STANDALONE=46777], networkLocation: /default-rack, certSerialId: null, persistedOpState: IN_SERVICE, persistedOpStateExpiryEpochSec: 0}, ReplicationConfig: RATIS/ONE, State:OPEN, leaderId:476460e9-b3a1-45f5-ac75-d031942c3748, CreationTimestamp2021-09-21T18:25:42.081Z[Etc/UTC]] moved to CLOSED state
2021-09-21 18:26:24,355 [grpc-default-executor-0] WARN  server.GrpcLogAppender (LogUtils.java:warn(122)) - 7ebb7728-56c4-46fe-8faf-bd5e72c54eae@group-5490E1C9B297->ac1d7df1-8838-4266-a424-22c9922d1104-AppendLogResponseHandler: Failed appendEntries: org.apache.ratis.thirdparty.io.grpc.StatusRuntimeException: UNAVAILABLE: io exception
2021-09-21 18:26:24,356 [grpc-default-executor-0] WARN  server.GrpcLogAppender (GrpcLogAppender.java:resetClient(111)) - 7ebb7728-56c4-46fe-8faf-bd5e72c54eae@group-5490E1C9B297->ac1d7df1-8838-4266-a424-22c9922d1104-GrpcLogAppender: Leader has not got in touch with Follower 7ebb7728-56c4-46fe-8faf-bd5e72c54eae@group-5490E1C9B297->ac1d7df1-8838-4266-a424-22c9922d1104(c-1,m0,n1, attendVote=true, lastRpcSendTime=2501, lastRpcResponseTime=10263) yet, just keep nextIndex unchanged and retry.
2021-09-21 18:26:25,205 [d36baf84-b85f-4b26-8f7e-d1f6b1b07563@group-6CB704DD8418-FollowerState] INFO  impl.FollowerState (FollowerState.java:run(134)) - d36baf84-b85f-4b26-8f7e-d1f6b1b07563@group-6CB704DD8418-FollowerState: change to CANDIDATE, lastRpcElapsedTime:7585311575ns, electionTimeout:5008ms
2021-09-21 18:26:25,205 [d36baf84-b85f-4b26-8f7e-d1f6b1b07563@group-6CB704DD8418-FollowerState] INFO  impl.RoleInfo (RoleInfo.java:shutdownFollowerState(108)) - d36baf84-b85f-4b26-8f7e-d1f6b1b07563: shutdown d36baf84-b85f-4b26-8f7e-d1f6b1b07563@group-6CB704DD8418-FollowerState
2021-09-21 18:26:25,205 [d36baf84-b85f-4b26-8f7e-d1f6b1b07563@group-6CB704DD8418-FollowerState] INFO  server.RaftServer$Division (RaftServerImpl.java:setRole(285)) - d36baf84-b85f-4b26-8f7e-d1f6b1b07563@group-6CB704DD8418: changes role from  FOLLOWER to CANDIDATE at term 6 for changeToCandidate
2021-09-21 18:26:25,205 [d36baf84-b85f-4b26-8f7e-d1f6b1b07563@group-6CB704DD8418-FollowerState] INFO  server.RaftServerConfigKeys (ConfUtils.java:logGet(44)) - raft.server.leaderelection.pre-vote = false (custom)
2021-09-21 18:26:25,205 [d36baf84-b85f-4b26-8f7e-d1f6b1b07563@group-6CB704DD8418-FollowerState] INFO  impl.RoleInfo (RoleInfo.java:updateAndGet(130)) - d36baf84-b85f-4b26-8f7e-d1f6b1b07563: start d36baf84-b85f-4b26-8f7e-d1f6b1b07563@group-6CB704DD8418-LeaderElection36
2021-09-21 18:26:25,215 [d36baf84-b85f-4b26-8f7e-d1f6b1b07563@group-6CB704DD8418-LeaderElection36] INFO  server.RaftServer$Division (ServerState.java:setLeader(285)) - d36baf84-b85f-4b26-8f7e-d1f6b1b07563@group-6CB704DD8418: change Leader from ac1d7df1-8838-4266-a424-22c9922d1104 to null at term 6 for ELECTION
2021-09-21 18:26:25,217 [d36baf84-b85f-4b26-8f7e-d1f6b1b07563@group-6CB704DD8418-LeaderElection36] INFO  impl.LeaderElection (LeaderElection.java:askForVotes(306)) - d36baf84-b85f-4b26-8f7e-d1f6b1b07563@group-6CB704DD8418-LeaderElection36 ELECTION round 0: submit vote requests at term 7 for 0: [d36baf84-b85f-4b26-8f7e-d1f6b1b07563|rpc:10.1.0.27:39631|dataStream:|priority:0, ac1d7df1-8838-4266-a424-22c9922d1104|rpc:10.1.0.27:41255|dataStream:|priority:1, 7ebb7728-56c4-46fe-8faf-bd5e72c54eae|rpc:10.1.0.27:40201|dataStream:|priority:0], old=null
2021-09-21 18:26:25,236 [d36baf84-b85f-4b26-8f7e-d1f6b1b07563@group-6CB704DD8418-LeaderElection36] INFO  impl.LeaderElection (LogUtils.java:infoOrTrace(137)) - d36baf84-b85f-4b26-8f7e-d1f6b1b07563@group-6CB704DD8418-LeaderElection36 got exception when requesting votes: java.util.concurrent.ExecutionException: org.apache.ratis.thirdparty.io.grpc.StatusRuntimeException: UNAVAILABLE: io exception
2021-09-21 18:26:25,257 [grpc-default-executor-0] INFO  server.RaftServer$Division (RaftServerImpl.java:requestVote(1043)) - 7ebb7728-56c4-46fe-8faf-bd5e72c54eae@group-6CB704DD8418: receive requestVote(ELECTION, d36baf84-b85f-4b26-8f7e-d1f6b1b07563, group-6CB704DD8418, 7, (t:6, i:0))
2021-09-21 18:26:25,257 [grpc-default-executor-0] INFO  impl.VoteContext (VoteContext.java:log(48)) - 7ebb7728-56c4-46fe-8faf-bd5e72c54eae@group-6CB704DD8418-FOLLOWER: accept ELECTION from d36baf84-b85f-4b26-8f7e-d1f6b1b07563: our priority 0 <= candidate's priority 0
2021-09-21 18:26:25,258 [grpc-default-executor-0] INFO  server.RaftServer$Division (ServerState.java:setLeader(285)) - 7ebb7728-56c4-46fe-8faf-bd5e72c54eae@group-6CB704DD8418: change Leader from ac1d7df1-8838-4266-a424-22c9922d1104 to null at term 7 for updateCurrentTerm
2021-09-21 18:26:25,258 [grpc-default-executor-0] INFO  server.RaftServer$Division (RaftServerImpl.java:setRole(285)) - 7ebb7728-56c4-46fe-8faf-bd5e72c54eae@group-6CB704DD8418: changes role from  FOLLOWER to FOLLOWER at term 7 for candidate:d36baf84-b85f-4b26-8f7e-d1f6b1b07563
2021-09-21 18:26:25,258 [grpc-default-executor-0] INFO  impl.RoleInfo (RoleInfo.java:shutdownFollowerState(108)) - 7ebb7728-56c4-46fe-8faf-bd5e72c54eae: shutdown 7ebb7728-56c4-46fe-8faf-bd5e72c54eae@group-6CB704DD8418-FollowerState
2021-09-21 18:26:25,258 [grpc-default-executor-0] INFO  impl.RoleInfo (RoleInfo.java:updateAndGet(130)) - 7ebb7728-56c4-46fe-8faf-bd5e72c54eae: start 7ebb7728-56c4-46fe-8faf-bd5e72c54eae@group-6CB704DD8418-FollowerState
2021-09-21 18:26:25,258 [7ebb7728-56c4-46fe-8faf-bd5e72c54eae@group-6CB704DD8418-FollowerState] INFO  impl.FollowerState (FollowerState.java:run(143)) - 7ebb7728-56c4-46fe-8faf-bd5e72c54eae@group-6CB704DD8418-FollowerState was interrupted: {}
java.lang.InterruptedException: sleep interrupted
	at java.lang.Thread.sleep(Native Method)
	at java.lang.Thread.sleep(Thread.java:340)
	at java.util.concurrent.TimeUnit.sleep(TimeUnit.java:386)
	at org.apache.ratis.util.TimeDuration.sleep(TimeDuration.java:324)
	at org.apache.ratis.util.TimeDuration.sleep(TimeDuration.java:309)
	at org.apache.ratis.server.impl.FollowerState.run(FollowerState.java:118)
2021-09-21 18:26:25,264 [grpc-default-executor-0] INFO  server.RaftServer$Division (RaftServerImpl.java:requestVote(1075)) - 7ebb7728-56c4-46fe-8faf-bd5e72c54eae@group-6CB704DD8418 replies to ELECTION vote request: d36baf84-b85f-4b26-8f7e-d1f6b1b07563<-7ebb7728-56c4-46fe-8faf-bd5e72c54eae#0:OK-t7. Peer's state: 7ebb7728-56c4-46fe-8faf-bd5e72c54eae@group-6CB704DD8418:t7, leader=null, voted=d36baf84-b85f-4b26-8f7e-d1f6b1b07563, raftlog=7ebb7728-56c4-46fe-8faf-bd5e72c54eae@group-6CB704DD8418-SegmentedRaftLog:OPENED:c0,f0,i0, conf=0: [d36baf84-b85f-4b26-8f7e-d1f6b1b07563|rpc:10.1.0.27:39631|dataStream:|priority:0, ac1d7df1-8838-4266-a424-22c9922d1104|rpc:10.1.0.27:41255|dataStream:|priority:1, 7ebb7728-56c4-46fe-8faf-bd5e72c54eae|rpc:10.1.0.27:40201|dataStream:|priority:0], old=null
2021-09-21 18:26:25,266 [d36baf84-b85f-4b26-8f7e-d1f6b1b07563@group-6CB704DD8418-LeaderElection36] INFO  impl.LeaderElection (LeaderElection.java:logAndReturn(89)) - d36baf84-b85f-4b26-8f7e-d1f6b1b07563@group-6CB704DD8418-LeaderElection36: ELECTION PASSED received 1 response(s) and 1 exception(s):
2021-09-21 18:26:25,266 [d36baf84-b85f-4b26-8f7e-d1f6b1b07563@group-6CB704DD8418-LeaderElection36] INFO  impl.LeaderElection (LeaderElection.java:logAndReturn(93)) -   Response 0: d36baf84-b85f-4b26-8f7e-d1f6b1b07563<-7ebb7728-56c4-46fe-8faf-bd5e72c54eae#0:OK-t7
2021-09-21 18:26:25,266 [d36baf84-b85f-4b26-8f7e-d1f6b1b07563@group-6CB704DD8418-LeaderElection36] INFO  impl.LeaderElection (LogUtils.java:infoOrTrace(137)) -   Exception 1: java.util.concurrent.ExecutionException: org.apache.ratis.thirdparty.io.grpc.StatusRuntimeException: UNAVAILABLE: io exception
2021-09-21 18:26:25,267 [d36baf84-b85f-4b26-8f7e-d1f6b1b07563@group-6CB704DD8418-LeaderElection36] INFO  impl.LeaderElection (LeaderElection.java:askForVotes(308)) - d36baf84-b85f-4b26-8f7e-d1f6b1b07563@group-6CB704DD8418-LeaderElection36 ELECTION round 0: result PASSED
2021-09-21 18:26:25,267 [d36baf84-b85f-4b26-8f7e-d1f6b1b07563@group-6CB704DD8418-LeaderElection36] INFO  impl.RoleInfo (RoleInfo.java:shutdownLeaderElection(121)) - d36baf84-b85f-4b26-8f7e-d1f6b1b07563: shutdown d36baf84-b85f-4b26-8f7e-d1f6b1b07563@group-6CB704DD8418-LeaderElection36
2021-09-21 18:26:25,267 [d36baf84-b85f-4b26-8f7e-d1f6b1b07563@group-6CB704DD8418-LeaderElection36] INFO  server.RaftServer$Division (RaftServerImpl.java:setRole(285)) - d36baf84-b85f-4b26-8f7e-d1f6b1b07563@group-6CB704DD8418: changes role from CANDIDATE to LEADER at term 7 for changeToLeader
2021-09-21 18:26:25,267 [d36baf84-b85f-4b26-8f7e-d1f6b1b07563@group-6CB704DD8418-LeaderElection36] INFO  ratis.XceiverServerRatis (XceiverServerRatis.java:handleLeaderChangedNotification(860)) - Leader change notification received for group: group-6CB704DD8418 with new leaderId: d36baf84-b85f-4b26-8f7e-d1f6b1b07563
2021-09-21 18:26:25,267 [d36baf84-b85f-4b26-8f7e-d1f6b1b07563@group-6CB704DD8418-LeaderElection36] INFO  server.RaftServer$Division (ServerState.java:setLeader(285)) - d36baf84-b85f-4b26-8f7e-d1f6b1b07563@group-6CB704DD8418: change Leader from null to d36baf84-b85f-4b26-8f7e-d1f6b1b07563 at term 7 for becomeLeader, leader elected after 52ms
2021-09-21 18:26:25,267 [d36baf84-b85f-4b26-8f7e-d1f6b1b07563@group-6CB704DD8418-LeaderElection36] INFO  server.RaftServerConfigKeys (ConfUtils.java:logGet(44)) - raft.server.staging.catchup.gap = 1000 (default)
2021-09-21 18:26:25,268 [d36baf84-b85f-4b26-8f7e-d1f6b1b07563@group-6CB704DD8418-LeaderElection36] INFO  server.RaftServerConfigKeys (ConfUtils.java:logGet(44)) - raft.server.write.element-limit = 1024 (custom)
2021-09-21 18:26:25,268 [Datanode State Machine Thread - 0] WARN  statemachine.StateContext (StateContext.java:execute(621)) - No available thread in pool for past 1 seconds.
2021-09-21 18:26:25,268 [d36baf84-b85f-4b26-8f7e-d1f6b1b07563@group-6CB704DD8418-LeaderElection36] INFO  server.RaftServerConfigKeys (ConfUtils.java:logGet(44)) - raft.server.write.byte-limit = 1024 M (=1073741824) (custom)
2021-09-21 18:26:25,268 [d36baf84-b85f-4b26-8f7e-d1f6b1b07563@group-6CB704DD8418-LeaderElection36] INFO  server.RaftServerConfigKeys (ConfUtils.java:logGet(44)) - raft.server.watch.timeout = 3000ms (custom)
2021-09-21 18:26:25,268 [d36baf84-b85f-4b26-8f7e-d1f6b1b07563@group-6CB704DD8418-LeaderElection36] INFO  server.RaftServerConfigKeys (ConfUtils.java:logGet(44)) - raft.server.watch.timeout.denomination = 1s (default)
2021-09-21 18:26:25,268 [d36baf84-b85f-4b26-8f7e-d1f6b1b07563@group-6CB704DD8418-LeaderElection36] INFO  server.RaftServerConfigKeys (ConfUtils.java:logGet(44)) - raft.server.watch.element-limit = 65536 (default)
2021-09-21 18:26:25,269 [d36baf84-b85f-4b26-8f7e-d1f6b1b07563@group-6CB704DD8418-LeaderElection36] INFO  server.RaftServerConfigKeys (ConfUtils.java:logGet(44)) - raft.server.log.appender.snapshot.chunk.size.max = 16MB (=16777216) (default)
2021-09-21 18:26:25,269 [d36baf84-b85f-4b26-8f7e-d1f6b1b07563@group-6CB704DD8418-LeaderElection36] INFO  server.RaftServerConfigKeys (ConfUtils.java:logGet(44)) - raft.server.log.appender.buffer.byte-limit = 33554432 (custom)
2021-09-21 18:26:25,269 [d36baf84-b85f-4b26-8f7e-d1f6b1b07563@group-6CB704DD8418-LeaderElection36] INFO  server.RaftServerConfigKeys (ConfUtils.java:logGet(44)) - raft.server.log.appender.buffer.element-limit = 1 (custom)
2021-09-21 18:26:25,269 [d36baf84-b85f-4b26-8f7e-d1f6b1b07563@group-6CB704DD8418-LeaderElection36] INFO  grpc.GrpcConfigKeys (ConfUtils.java:logGet(44)) - raft.grpc.server.leader.outstanding.appends.max = 128 (default)
2021-09-21 18:26:25,269 [d36baf84-b85f-4b26-8f7e-d1f6b1b07563@group-6CB704DD8418-LeaderElection36] INFO  server.RaftServerConfigKeys (ConfUtils.java:logGet(44)) - raft.server.rpc.request.timeout = 3000ms (default)
2021-09-21 18:26:25,269 [d36baf84-b85f-4b26-8f7e-d1f6b1b07563@group-6CB704DD8418-LeaderElection36] INFO  server.RaftServerConfigKeys (ConfUtils.java:logGet(44)) - raft.server.log.appender.install.snapshot.enabled = false (custom)
2021-09-21 18:26:25,270 [d36baf84-b85f-4b26-8f7e-d1f6b1b07563@group-6CB704DD8418-LeaderElection36] INFO  server.RaftServerConfigKeys (ConfUtils.java:logGet(44)) - raft.server.log.appender.snapshot.chunk.size.max = 16MB (=16777216) (default)
2021-09-21 18:26:25,270 [d36baf84-b85f-4b26-8f7e-d1f6b1b07563@group-6CB704DD8418-LeaderElection36] INFO  server.RaftServerConfigKeys (ConfUtils.java:logGet(44)) - raft.server.log.appender.buffer.byte-limit = 33554432 (custom)
2021-09-21 18:26:25,270 [d36baf84-b85f-4b26-8f7e-d1f6b1b07563@group-6CB704DD8418-LeaderElection36] INFO  server.RaftServerConfigKeys (ConfUtils.java:logGet(44)) - raft.server.log.appender.buffer.element-limit = 1 (custom)
2021-09-21 18:26:25,270 [d36baf84-b85f-4b26-8f7e-d1f6b1b07563@group-6CB704DD8418-LeaderElection36] INFO  grpc.GrpcConfigKeys (ConfUtils.java:logGet(44)) - raft.grpc.server.leader.outstanding.appends.max = 128 (default)
2021-09-21 18:26:25,270 [d36baf84-b85f-4b26-8f7e-d1f6b1b07563@group-6CB704DD8418-LeaderElection36] INFO  server.RaftServerConfigKeys (ConfUtils.java:logGet(44)) - raft.server.rpc.request.timeout = 3000ms (default)
2021-09-21 18:26:25,270 [d36baf84-b85f-4b26-8f7e-d1f6b1b07563@group-6CB704DD8418-LeaderElection36] INFO  server.RaftServerConfigKeys (ConfUtils.java:logGet(44)) - raft.server.log.appender.install.snapshot.enabled = false (custom)
2021-09-21 18:26:25,278 [d36baf84-b85f-4b26-8f7e-d1f6b1b07563@group-6CB704DD8418-LeaderElection36] INFO  impl.RoleInfo (RoleInfo.java:updateAndGet(130)) - d36baf84-b85f-4b26-8f7e-d1f6b1b07563: start d36baf84-b85f-4b26-8f7e-d1f6b1b07563@group-6CB704DD8418-LeaderStateImpl
2021-09-21 18:26:25,278 [d36baf84-b85f-4b26-8f7e-d1f6b1b07563@group-6CB704DD8418-LeaderElection36] INFO  segmented.SegmentedRaftLogWorker (SegmentedRaftLogWorker.java:rollLogSegment(399)) - d36baf84-b85f-4b26-8f7e-d1f6b1b07563@group-6CB704DD8418-SegmentedRaftLogWorker: Rolling segment log-0_0 to index:0
2021-09-21 18:26:25,280 [d36baf84-b85f-4b26-8f7e-d1f6b1b07563@group-6CB704DD8418-SegmentedRaftLogWorker] INFO  segmented.SegmentedRaftLogWorker (SegmentedRaftLogWorker.java:execute(558)) - d36baf84-b85f-4b26-8f7e-d1f6b1b07563@group-6CB704DD8418-SegmentedRaftLogWorker: Rolled log segment from /home/runner/work/ozone/ozone/hadoop-ozone/integration-test/target/test-dir/MiniOzoneClusterImpl-8dff45f7-6a4c-4a77-aa6d-4bab94871626/datanode-0/data/ratis/1029a568-8727-427f-b6e2-6cb704dd8418/current/log_inprogress_0 to /home/runner/work/ozone/ozone/hadoop-ozone/integration-test/target/test-dir/MiniOzoneClusterImpl-8dff45f7-6a4c-4a77-aa6d-4bab94871626/datanode-0/data/ratis/1029a568-8727-427f-b6e2-6cb704dd8418/current/log_0-0
2021-09-21 18:26:25,281 [d36baf84-b85f-4b26-8f7e-d1f6b1b07563@group-6CB704DD8418-SegmentedRaftLogWorker] INFO  segmented.SegmentedRaftLogWorker (SegmentedRaftLogWorker.java:execute(601)) - d36baf84-b85f-4b26-8f7e-d1f6b1b07563@group-6CB704DD8418-SegmentedRaftLogWorker: created new log segment /home/runner/work/ozone/ozone/hadoop-ozone/integration-test/target/test-dir/MiniOzoneClusterImpl-8dff45f7-6a4c-4a77-aa6d-4bab94871626/datanode-0/data/ratis/1029a568-8727-427f-b6e2-6cb704dd8418/current/log_inprogress_1
2021-09-21 18:26:25,297 [grpc-default-executor-0] WARN  server.GrpcLogAppender (LogUtils.java:warn(122)) - d36baf84-b85f-4b26-8f7e-d1f6b1b07563@group-6CB704DD8418->ac1d7df1-8838-4266-a424-22c9922d1104-AppendLogResponseHandler: Failed appendEntries: org.apache.ratis.thirdparty.io.grpc.StatusRuntimeException: UNAVAILABLE: io exception
2021-09-21 18:26:25,298 [d36baf84-b85f-4b26-8f7e-d1f6b1b07563@group-6CB704DD8418-LeaderElection36] INFO  server.RaftServer$Division (ServerState.java:setRaftConf(387)) - d36baf84-b85f-4b26-8f7e-d1f6b1b07563@group-6CB704DD8418: set configuration 1: [d36baf84-b85f-4b26-8f7e-d1f6b1b07563|rpc:10.1.0.27:39631|dataStream:|priority:0, ac1d7df1-8838-4266-a424-22c9922d1104|rpc:10.1.0.27:41255|dataStream:|priority:1, 7ebb7728-56c4-46fe-8faf-bd5e72c54eae|rpc:10.1.0.27:40201|dataStream:|priority:0], old=null
2021-09-21 18:26:25,300 [grpc-default-executor-0] WARN  server.GrpcLogAppender (GrpcLogAppender.java:resetClient(111)) - d36baf84-b85f-4b26-8f7e-d1f6b1b07563@group-6CB704DD8418->ac1d7df1-8838-4266-a424-22c9922d1104-GrpcLogAppender: Leader has not got in touch with Follower d36baf84-b85f-4b26-8f7e-d1f6b1b07563@group-6CB704DD8418->ac1d7df1-8838-4266-a424-22c9922d1104(c-1,m0,n1, attendVote=true, lastRpcSendTime=5231, lastRpcResponseTime=5231) yet, just keep nextIndex unchanged and retry.
2021-09-21 18:26:25,319 [grpc-default-executor-0] WARN  server.GrpcLogAppender (LogUtils.java:warn(122)) - d36baf84-b85f-4b26-8f7e-d1f6b1b07563@group-6CB704DD8418->ac1d7df1-8838-4266-a424-22c9922d1104-AppendLogResponseHandler: Failed appendEntries: org.apache.ratis.thirdparty.io.grpc.StatusRuntimeException: UNAVAILABLE: io exception
2021-09-21 18:26:25,320 [grpc-default-executor-3] INFO  ratis.XceiverServerRatis (XceiverServerRatis.java:handleLeaderChangedNotification(860)) - Leader change notification received for group: group-6CB704DD8418 with new leaderId: d36baf84-b85f-4b26-8f7e-d1f6b1b07563
2021-09-21 18:26:25,320 [grpc-default-executor-3] INFO  server.RaftServer$Division (ServerState.java:setLeader(285)) - 7ebb7728-56c4-46fe-8faf-bd5e72c54eae@group-6CB704DD8418: change Leader from null to d36baf84-b85f-4b26-8f7e-d1f6b1b07563 at term 7 for appendEntries, leader elected after 61ms
2021-09-21 18:26:25,321 [grpc-default-executor-0] WARN  server.GrpcLogAppender (GrpcLogAppender.java:resetClient(111)) - d36baf84-b85f-4b26-8f7e-d1f6b1b07563@group-6CB704DD8418->ac1d7df1-8838-4266-a424-22c9922d1104-GrpcLogAppender: Leader has not got in touch with Follower d36baf84-b85f-4b26-8f7e-d1f6b1b07563@group-6CB704DD8418->ac1d7df1-8838-4266-a424-22c9922d1104(c-1,m0,n2, attendVote=true, lastRpcSendTime=17, lastRpcResponseTime=5252) yet, just keep nextIndex unchanged and retry.
2021-09-21 18:26:25,338 [grpc-default-executor-3] INFO  server.RaftServer$Division (ServerState.java:setRaftConf(387)) - 7ebb7728-56c4-46fe-8faf-bd5e72c54eae@group-6CB704DD8418: set configuration 1: [d36baf84-b85f-4b26-8f7e-d1f6b1b07563|rpc:10.1.0.27:39631|dataStream:|priority:0, ac1d7df1-8838-4266-a424-22c9922d1104|rpc:10.1.0.27:41255|dataStream:|priority:1, 7ebb7728-56c4-46fe-8faf-bd5e72c54eae|rpc:10.1.0.27:40201|dataStream:|priority:0], old=null
2021-09-21 18:26:25,338 [grpc-default-executor-3] INFO  segmented.SegmentedRaftLogWorker (SegmentedRaftLogWorker.java:rollLogSegment(399)) - 7ebb7728-56c4-46fe-8faf-bd5e72c54eae@group-6CB704DD8418-SegmentedRaftLogWorker: Rolling segment log-0_0 to index:0
2021-09-21 18:26:25,339 [7ebb7728-56c4-46fe-8faf-bd5e72c54eae@group-6CB704DD8418-SegmentedRaftLogWorker] INFO  segmented.SegmentedRaftLogWorker (SegmentedRaftLogWorker.java:execute(558)) - 7ebb7728-56c4-46fe-8faf-bd5e72c54eae@group-6CB704DD8418-SegmentedRaftLogWorker: Rolled log segment from /home/runner/work/ozone/ozone/hadoop-ozone/integration-test/target/test-dir/MiniOzoneClusterImpl-8dff45f7-6a4c-4a77-aa6d-4bab94871626/datanode-2/data/ratis/1029a568-8727-427f-b6e2-6cb704dd8418/current/log_inprogress_0 to /home/runner/work/ozone/ozone/hadoop-ozone/integration-test/target/test-dir/MiniOzoneClusterImpl-8dff45f7-6a4c-4a77-aa6d-4bab94871626/datanode-2/data/ratis/1029a568-8727-427f-b6e2-6cb704dd8418/current/log_0-0
2021-09-21 18:26:25,345 [7ebb7728-56c4-46fe-8faf-bd5e72c54eae@group-6CB704DD8418-SegmentedRaftLogWorker] INFO  segmented.SegmentedRaftLogWorker (SegmentedRaftLogWorker.java:execute(601)) - 7ebb7728-56c4-46fe-8faf-bd5e72c54eae@group-6CB704DD8418-SegmentedRaftLogWorker: created new log segment /home/runner/work/ozone/ozone/hadoop-ozone/integration-test/target/test-dir/MiniOzoneClusterImpl-8dff45f7-6a4c-4a77-aa6d-4bab94871626/datanode-2/data/ratis/1029a568-8727-427f-b6e2-6cb704dd8418/current/log_inprogress_1
2021-09-21 18:26:25,389 [grpc-default-executor-3] WARN  server.GrpcLogAppender (LogUtils.java:warn(122)) - d36baf84-b85f-4b26-8f7e-d1f6b1b07563@group-6CB704DD8418->ac1d7df1-8838-4266-a424-22c9922d1104-AppendLogResponseHandler: Failed appendEntries: org.apache.ratis.thirdparty.io.grpc.StatusRuntimeException: UNAVAILABLE: io exception
2021-09-21 18:26:25,390 [grpc-default-executor-3] WARN  server.GrpcLogAppender (GrpcLogAppender.java:resetClient(111)) - d36baf84-b85f-4b26-8f7e-d1f6b1b07563@group-6CB704DD8418->ac1d7df1-8838-4266-a424-22c9922d1104-GrpcLogAppender: Leader has not got in touch with Follower d36baf84-b85f-4b26-8f7e-d1f6b1b07563@group-6CB704DD8418->ac1d7df1-8838-4266-a424-22c9922d1104(c-1,m0,n3, attendVote=true, lastRpcSendTime=69, lastRpcResponseTime=5321) yet, just keep nextIndex unchanged and retry.
2021-09-21 18:26:26,870 [Listener at 127.0.0.1/38417] INFO  ozoneimpl.OzoneContainer (OzoneContainer.java:stop(325)) - Attempting to stop container services.
2021-09-21 18:26:26,874 [Listener at 127.0.0.1/38417] INFO  server.RaftServer (RaftServerProxy.java:lambda$close$6(391)) - 453ecb08-f079-4424-abb7-b5b860d98fa7: close
2021-09-21 18:26:26,874 [Listener at 127.0.0.1/38417] INFO  server.RaftServer$Division (RaftServerImpl.java:lambda$close$4(407)) - 453ecb08-f079-4424-abb7-b5b860d98fa7@group-0FBDD5F58AC2: shutdown
2021-09-21 18:26:26,874 [Listener at 127.0.0.1/38417] INFO  util.JmxRegister (JmxRegister.java:unregister(73)) - Successfully un-registered JMX Bean with object name Ratis:service=RaftServer,group=group-0FBDD5F58AC2,id=453ecb08-f079-4424-abb7-b5b860d98fa7
2021-09-21 18:26:26,874 [Listener at 127.0.0.1/38417] INFO  impl.RoleInfo (RoleInfo.java:shutdownLeaderState(91)) - 453ecb08-f079-4424-abb7-b5b860d98fa7: shutdown 453ecb08-f079-4424-abb7-b5b860d98fa7@group-0FBDD5F58AC2-LeaderStateImpl
2021-09-21 18:26:26,875 [Listener at 127.0.0.1/38417] INFO  impl.PendingRequests (PendingRequests.java:sendNotLeaderResponses(282)) - 453ecb08-f079-4424-abb7-b5b860d98fa7@group-0FBDD5F58AC2-PendingRequests: sendNotLeaderResponses
2021-09-21 18:26:26,877 [453ecb08-f079-4424-abb7-b5b860d98fa7@group-0FBDD5F58AC2-StateMachineUpdater] INFO  ratis.ContainerStateMachine (ContainerStateMachine.java:takeSnapshot(292)) - group-0FBDD5F58AC2: Taking a snapshot at:(t:1, i:0) file /home/runner/work/ozone/ozone/hadoop-ozone/integration-test/target/test-dir/MiniOzoneClusterImpl-8dff45f7-6a4c-4a77-aa6d-4bab94871626/datanode-5/data/ratis/d3129733-9166-4230-b49b-0fbdd5f58ac2/sm/snapshot.1_0
2021-09-21 18:26:26,877 [Listener at 127.0.0.1/38417] INFO  impl.StateMachineUpdater (StateMachineUpdater.java:stopAndJoin(149)) - 453ecb08-f079-4424-abb7-b5b860d98fa7@group-0FBDD5F58AC2-StateMachineUpdater: set stopIndex = 0
2021-09-21 18:26:26,877 [grpc-default-executor-3] WARN  server.GrpcLogAppender (LogUtils.java:warn(122)) - 7ebb7728-56c4-46fe-8faf-bd5e72c54eae@group-5490E1C9B297->ac1d7df1-8838-4266-a424-22c9922d1104-AppendLogResponseHandler: Failed appendEntries: org.apache.ratis.thirdparty.io.grpc.StatusRuntimeException: UNAVAILABLE: io exception
2021-09-21 18:26:26,878 [grpc-default-executor-3] WARN  server.GrpcLogAppender (GrpcLogAppender.java:resetClient(111)) - 7ebb7728-56c4-46fe-8faf-bd5e72c54eae@group-5490E1C9B297->ac1d7df1-8838-4266-a424-22c9922d1104-GrpcLogAppender: Leader has not got in touch with Follower 7ebb7728-56c4-46fe-8faf-bd5e72c54eae@group-5490E1C9B297->ac1d7df1-8838-4266-a424-22c9922d1104(c-1,m0,n1, attendVote=true, lastRpcSendTime=2513, lastRpcResponseTime=12785) yet, just keep nextIndex unchanged and retry.
2021-09-21 18:26:26,880 [453ecb08-f079-4424-abb7-b5b860d98fa7@group-0FBDD5F58AC2-StateMachineUpdater] INFO  ratis.ContainerStateMachine (ContainerStateMachine.java:takeSnapshot(303)) - group-0FBDD5F58AC2: Finished taking a snapshot at:(t:1, i:0) file:/home/runner/work/ozone/ozone/hadoop-ozone/integration-test/target/test-dir/MiniOzoneClusterImpl-8dff45f7-6a4c-4a77-aa6d-4bab94871626/datanode-5/data/ratis/d3129733-9166-4230-b49b-0fbdd5f58ac2/sm/snapshot.1_0 took: 3 ms
2021-09-21 18:26:26,880 [453ecb08-f079-4424-abb7-b5b860d98fa7@group-0FBDD5F58AC2-StateMachineUpdater] INFO  impl.StateMachineUpdater (StateMachineUpdater.java:takeSnapshot(281)) - 453ecb08-f079-4424-abb7-b5b860d98fa7@group-0FBDD5F58AC2-StateMachineUpdater: Took a snapshot at index 0
2021-09-21 18:26:26,880 [453ecb08-f079-4424-abb7-b5b860d98fa7@group-0FBDD5F58AC2-StateMachineUpdater] INFO  impl.StateMachineUpdater (StateMachineUpdater.java:lambda$new$0(89)) - 453ecb08-f079-4424-abb7-b5b860d98fa7@group-0FBDD5F58AC2-StateMachineUpdater: snapshotIndex: updateIncreasingly -1 -> 0
2021-09-21 18:26:26,880 [Listener at 127.0.0.1/38417] INFO  server.RaftServer$Division (ServerState.java:close(419)) - 453ecb08-f079-4424-abb7-b5b860d98fa7@group-0FBDD5F58AC2: closes. applyIndex: 0
2021-09-21 18:26:26,881 [453ecb08-f079-4424-abb7-b5b860d98fa7@group-0FBDD5F58AC2-SegmentedRaftLogWorker] INFO  segmented.SegmentedRaftLogWorker (SegmentedRaftLogWorker.java:run(327)) - 453ecb08-f079-4424-abb7-b5b860d98fa7@group-0FBDD5F58AC2-SegmentedRaftLogWorker was interrupted, exiting. There are 0 tasks remaining in the queue.
2021-09-21 18:26:26,881 [Listener at 127.0.0.1/38417] INFO  segmented.SegmentedRaftLogWorker (SegmentedRaftLogWorker.java:close(237)) - 453ecb08-f079-4424-abb7-b5b860d98fa7@group-0FBDD5F58AC2-SegmentedRaftLogWorker close()
2021-09-21 18:26:26,888 [Listener at 127.0.0.1/38417] INFO  server.GrpcService (GrpcService.java:closeImpl(262)) - 453ecb08-f079-4424-abb7-b5b860d98fa7: shutdown server with port 45375 now
2021-09-21 18:26:26,911 [Listener at 127.0.0.1/38417] INFO  server.GrpcService (GrpcService.java:closeImpl(271)) - 453ecb08-f079-4424-abb7-b5b860d98fa7: shutdown server with port 45375 successfully
2021-09-21 18:26:26,912 [org.apache.ratis.util.JvmPauseMonitor$$Lambda$531/911890161@28b35c7b] INFO  util.JvmPauseMonitor (JvmPauseMonitor.java:run(109)) - JvmPauseMonitor-453ecb08-f079-4424-abb7-b5b860d98fa7: Stopped
2021-09-21 18:26:26,913 [Listener at 127.0.0.1/38417] INFO  utils.BackgroundService (BackgroundService.java:shutdown(132)) - Shutting down service BlockDeletingService
2021-09-21 18:26:26,947 [ForkJoinPool.commonPool-worker-0] INFO  ozoneimpl.OzoneContainer (OzoneContainer.java:stop(325)) - Attempting to stop container services.
2021-09-21 18:26:26,951 [ForkJoinPool.commonPool-worker-0] INFO  server.RaftServer (RaftServerProxy.java:lambda$close$6(391)) - 7ebb7728-56c4-46fe-8faf-bd5e72c54eae: close
2021-09-21 18:26:26,951 [ForkJoinPool.commonPool-worker-0] INFO  server.RaftServer$Division (RaftServerImpl.java:lambda$close$4(407)) - 7ebb7728-56c4-46fe-8faf-bd5e72c54eae@group-567B8A5D2618: shutdown
2021-09-21 18:26:26,951 [ForkJoinPool.commonPool-worker-0] INFO  util.JmxRegister (JmxRegister.java:unregister(73)) - Successfully un-registered JMX Bean with object name Ratis:service=RaftServer,group=group-567B8A5D2618,id=7ebb7728-56c4-46fe-8faf-bd5e72c54eae
2021-09-21 18:26:26,951 [ForkJoinPool.commonPool-worker-0] INFO  impl.RoleInfo (RoleInfo.java:shutdownLeaderState(91)) - 7ebb7728-56c4-46fe-8faf-bd5e72c54eae: shutdown 7ebb7728-56c4-46fe-8faf-bd5e72c54eae@group-567B8A5D2618-LeaderStateImpl
2021-09-21 18:26:26,951 [ForkJoinPool.commonPool-worker-0] INFO  impl.PendingRequests (PendingRequests.java:sendNotLeaderResponses(282)) - 7ebb7728-56c4-46fe-8faf-bd5e72c54eae@group-567B8A5D2618-PendingRequests: sendNotLeaderResponses
2021-09-21 18:26:26,952 [ForkJoinPool.commonPool-worker-0] INFO  impl.StateMachineUpdater (StateMachineUpdater.java:stopAndJoin(149)) - 7ebb7728-56c4-46fe-8faf-bd5e72c54eae@group-567B8A5D2618-StateMachineUpdater: set stopIndex = 0
2021-09-21 18:26:26,955 [7ebb7728-56c4-46fe-8faf-bd5e72c54eae@group-567B8A5D2618-StateMachineUpdater] INFO  ratis.ContainerStateMachine (ContainerStateMachine.java:takeSnapshot(292)) - group-567B8A5D2618: Taking a snapshot at:(t:1, i:0) file /home/runner/work/ozone/ozone/hadoop-ozone/integration-test/target/test-dir/MiniOzoneClusterImpl-8dff45f7-6a4c-4a77-aa6d-4bab94871626/datanode-2/data/ratis/62ad671f-4bdc-4335-9560-567b8a5d2618/sm/snapshot.1_0
2021-09-21 18:26:26,956 [7ebb7728-56c4-46fe-8faf-bd5e72c54eae@group-567B8A5D2618-StateMachineUpdater] INFO  ratis.ContainerStateMachine (ContainerStateMachine.java:takeSnapshot(303)) - group-567B8A5D2618: Finished taking a snapshot at:(t:1, i:0) file:/home/runner/work/ozone/ozone/hadoop-ozone/integration-test/target/test-dir/MiniOzoneClusterImpl-8dff45f7-6a4c-4a77-aa6d-4bab94871626/datanode-2/data/ratis/62ad671f-4bdc-4335-9560-567b8a5d2618/sm/snapshot.1_0 took: 1 ms
2021-09-21 18:26:26,957 [7ebb7728-56c4-46fe-8faf-bd5e72c54eae@group-567B8A5D2618-StateMachineUpdater] INFO  impl.StateMachineUpdater (StateMachineUpdater.java:takeSnapshot(281)) - 7ebb7728-56c4-46fe-8faf-bd5e72c54eae@group-567B8A5D2618-StateMachineUpdater: Took a snapshot at index 0
2021-09-21 18:26:26,957 [7ebb7728-56c4-46fe-8faf-bd5e72c54eae@group-567B8A5D2618-StateMachineUpdater] INFO  impl.StateMachineUpdater (StateMachineUpdater.java:lambda$new$0(89)) - 7ebb7728-56c4-46fe-8faf-bd5e72c54eae@group-567B8A5D2618-StateMachineUpdater: snapshotIndex: updateIncreasingly -1 -> 0
2021-09-21 18:26:26,958 [ForkJoinPool.commonPool-worker-0] INFO  server.RaftServer$Division (ServerState.java:close(419)) - 7ebb7728-56c4-46fe-8faf-bd5e72c54eae@group-567B8A5D2618: closes. applyIndex: 0
2021-09-21 18:26:26,976 [7ebb7728-56c4-46fe-8faf-bd5e72c54eae@group-567B8A5D2618-SegmentedRaftLogWorker] INFO  segmented.SegmentedRaftLogWorker (SegmentedRaftLogWorker.java:run(327)) - 7ebb7728-56c4-46fe-8faf-bd5e72c54eae@group-567B8A5D2618-SegmentedRaftLogWorker was interrupted, exiting. There are 0 tasks remaining in the queue.
2021-09-21 18:26:26,976 [ForkJoinPool.commonPool-worker-0] INFO  segmented.SegmentedRaftLogWorker (SegmentedRaftLogWorker.java:close(237)) - 7ebb7728-56c4-46fe-8faf-bd5e72c54eae@group-567B8A5D2618-SegmentedRaftLogWorker close()
2021-09-21 18:26:26,979 [ForkJoinPool.commonPool-worker-0] INFO  server.RaftServer$Division (RaftServerImpl.java:lambda$close$4(407)) - 7ebb7728-56c4-46fe-8faf-bd5e72c54eae@group-6CB704DD8418: shutdown
2021-09-21 18:26:26,979 [ForkJoinPool.commonPool-worker-0] INFO  util.JmxRegister (JmxRegister.java:unregister(73)) - Successfully un-registered JMX Bean with object name Ratis:service=RaftServer,group=group-6CB704DD8418,id=7ebb7728-56c4-46fe-8faf-bd5e72c54eae
2021-09-21 18:26:26,980 [ForkJoinPool.commonPool-worker-0] INFO  impl.RoleInfo (RoleInfo.java:shutdownFollowerState(108)) - 7ebb7728-56c4-46fe-8faf-bd5e72c54eae: shutdown 7ebb7728-56c4-46fe-8faf-bd5e72c54eae@group-6CB704DD8418-FollowerState
2021-09-21 18:26:26,980 [ForkJoinPool.commonPool-worker-0] INFO  impl.StateMachineUpdater (StateMachineUpdater.java:stopAndJoin(149)) - 7ebb7728-56c4-46fe-8faf-bd5e72c54eae@group-6CB704DD8418-StateMachineUpdater: set stopIndex = 1
2021-09-21 18:26:26,980 [7ebb7728-56c4-46fe-8faf-bd5e72c54eae@group-6CB704DD8418-StateMachineUpdater] INFO  ratis.ContainerStateMachine (ContainerStateMachine.java:takeSnapshot(292)) - group-6CB704DD8418: Taking a snapshot at:(t:7, i:1) file /home/runner/work/ozone/ozone/hadoop-ozone/integration-test/target/test-dir/MiniOzoneClusterImpl-8dff45f7-6a4c-4a77-aa6d-4bab94871626/datanode-2/data/ratis/1029a568-8727-427f-b6e2-6cb704dd8418/sm/snapshot.7_1
2021-09-21 18:26:26,980 [7ebb7728-56c4-46fe-8faf-bd5e72c54eae@group-6CB704DD8418-FollowerState] INFO  impl.FollowerState (FollowerState.java:run(143)) - 7ebb7728-56c4-46fe-8faf-bd5e72c54eae@group-6CB704DD8418-FollowerState was interrupted: {}
java.lang.InterruptedException: sleep interrupted
	at java.lang.Thread.sleep(Native Method)
	at java.lang.Thread.sleep(Thread.java:340)
	at java.util.concurrent.TimeUnit.sleep(TimeUnit.java:386)
	at org.apache.ratis.util.TimeDuration.sleep(TimeDuration.java:324)
	at org.apache.ratis.util.TimeDuration.sleep(TimeDuration.java:309)
	at org.apache.ratis.server.impl.FollowerState.run(FollowerState.java:118)
2021-09-21 18:26:26,981 [7ebb7728-56c4-46fe-8faf-bd5e72c54eae@group-6CB704DD8418-StateMachineUpdater] INFO  ratis.ContainerStateMachine (ContainerStateMachine.java:takeSnapshot(303)) - group-6CB704DD8418: Finished taking a snapshot at:(t:7, i:1) file:/home/runner/work/ozone/ozone/hadoop-ozone/integration-test/target/test-dir/MiniOzoneClusterImpl-8dff45f7-6a4c-4a77-aa6d-4bab94871626/datanode-2/data/ratis/1029a568-8727-427f-b6e2-6cb704dd8418/sm/snapshot.7_1 took: 1 ms
2021-09-21 18:26:26,981 [7ebb7728-56c4-46fe-8faf-bd5e72c54eae@group-6CB704DD8418-StateMachineUpdater] INFO  impl.StateMachineUpdater (StateMachineUpdater.java:takeSnapshot(281)) - 7ebb7728-56c4-46fe-8faf-bd5e72c54eae@group-6CB704DD8418-StateMachineUpdater: Took a snapshot at index 1
2021-09-21 18:26:26,981 [7ebb7728-56c4-46fe-8faf-bd5e72c54eae@group-6CB704DD8418-StateMachineUpdater] INFO  impl.StateMachineUpdater (StateMachineUpdater.java:lambda$new$0(89)) - 7ebb7728-56c4-46fe-8faf-bd5e72c54eae@group-6CB704DD8418-StateMachineUpdater: snapshotIndex: updateIncreasingly -1 -> 1
2021-09-21 18:26:26,982 [ForkJoinPool.commonPool-worker-0] INFO  server.RaftServer$Division (ServerState.java:close(419)) - 7ebb7728-56c4-46fe-8faf-bd5e72c54eae@group-6CB704DD8418: closes. applyIndex: 1
2021-09-21 18:26:26,982 [7ebb7728-56c4-46fe-8faf-bd5e72c54eae@group-6CB704DD8418-SegmentedRaftLogWorker] INFO  segmented.SegmentedRaftLogWorker (SegmentedRaftLogWorker.java:run(327)) - 7ebb7728-56c4-46fe-8faf-bd5e72c54eae@group-6CB704DD8418-SegmentedRaftLogWorker was interrupted, exiting. There are 0 tasks remaining in the queue.
2021-09-21 18:26:26,983 [ForkJoinPool.commonPool-worker-0] INFO  segmented.SegmentedRaftLogWorker (SegmentedRaftLogWorker.java:close(237)) - 7ebb7728-56c4-46fe-8faf-bd5e72c54eae@group-6CB704DD8418-SegmentedRaftLogWorker close()
2021-09-21 18:26:26,984 [ForkJoinPool.commonPool-worker-0] INFO  server.RaftServer$Division (RaftServerImpl.java:lambda$close$4(407)) - 7ebb7728-56c4-46fe-8faf-bd5e72c54eae@group-5490E1C9B297: shutdown
2021-09-21 18:26:26,984 [ForkJoinPool.commonPool-worker-0] INFO  util.JmxRegister (JmxRegister.java:unregister(73)) - Successfully un-registered JMX Bean with object name Ratis:service=RaftServer,group=group-5490E1C9B297,id=7ebb7728-56c4-46fe-8faf-bd5e72c54eae
2021-09-21 18:26:26,984 [ForkJoinPool.commonPool-worker-0] INFO  impl.RoleInfo (RoleInfo.java:shutdownLeaderState(91)) - 7ebb7728-56c4-46fe-8faf-bd5e72c54eae: shutdown 7ebb7728-56c4-46fe-8faf-bd5e72c54eae@group-5490E1C9B297-LeaderStateImpl
2021-09-21 18:26:26,985 [7ebb7728-56c4-46fe-8faf-bd5e72c54eae@group-5490E1C9B297->d36baf84-b85f-4b26-8f7e-d1f6b1b07563-GrpcLogAppender-LogAppenderDaemon] WARN  server.GrpcLogAppender (GrpcLogAppender.java:mayWait(175)) - 7ebb7728-56c4-46fe-8faf-bd5e72c54eae@group-5490E1C9B297->d36baf84-b85f-4b26-8f7e-d1f6b1b07563-GrpcLogAppender: Wait interrupted by java.lang.InterruptedException
2021-09-21 18:26:26,985 [ForkJoinPool.commonPool-worker-0] INFO  impl.PendingRequests (PendingRequests.java:sendNotLeaderResponses(282)) - 7ebb7728-56c4-46fe-8faf-bd5e72c54eae@group-5490E1C9B297-PendingRequests: sendNotLeaderResponses
2021-09-21 18:26:26,985 [grpc-default-executor-3] INFO  server.GrpcServerProtocolService (GrpcServerProtocolService.java:onCompleted(140)) - d36baf84-b85f-4b26-8f7e-d1f6b1b07563: Completed APPEND_ENTRIES, lastRequest: 7ebb7728-56c4-46fe-8faf-bd5e72c54eae->d36baf84-b85f-4b26-8f7e-d1f6b1b07563#1-t7,previous=(t:0, i:0),leaderCommit=-1,initializing? true,entries: size=1, first=(t:7, i:0), CONFIGURATIONENTRY
2021-09-21 18:26:26,986 [7ebb7728-56c4-46fe-8faf-bd5e72c54eae@group-5490E1C9B297-StateMachineUpdater] INFO  ratis.ContainerStateMachine (ContainerStateMachine.java:takeSnapshot(292)) - group-5490E1C9B297: Taking a snapshot at:(t:7, i:0) file /home/runner/work/ozone/ozone/hadoop-ozone/integration-test/target/test-dir/MiniOzoneClusterImpl-8dff45f7-6a4c-4a77-aa6d-4bab94871626/datanode-2/data/ratis/e1e6257e-975c-4cff-961e-5490e1c9b297/sm/snapshot.7_0
2021-09-21 18:26:26,986 [grpc-default-executor-0] INFO  server.GrpcLogAppender (GrpcLogAppender.java:onCompleted(344)) - 7ebb7728-56c4-46fe-8faf-bd5e72c54eae@group-5490E1C9B297->d36baf84-b85f-4b26-8f7e-d1f6b1b07563-AppendLogResponseHandler: follower responses appendEntries COMPLETED
2021-09-21 18:26:26,986 [grpc-default-executor-0] INFO  leader.FollowerInfo (FollowerInfoImpl.java:lambda$new$0(46)) - 7ebb7728-56c4-46fe-8faf-bd5e72c54eae@group-5490E1C9B297->d36baf84-b85f-4b26-8f7e-d1f6b1b07563: nextIndex: updateUnconditionally 1 -> 0
2021-09-21 18:26:26,986 [ForkJoinPool.commonPool-worker-0] INFO  impl.StateMachineUpdater (StateMachineUpdater.java:stopAndJoin(149)) - 7ebb7728-56c4-46fe-8faf-bd5e72c54eae@group-5490E1C9B297-StateMachineUpdater: set stopIndex = 0
2021-09-21 18:26:26,987 [7ebb7728-56c4-46fe-8faf-bd5e72c54eae@group-5490E1C9B297-StateMachineUpdater] INFO  ratis.ContainerStateMachine (ContainerStateMachine.java:takeSnapshot(303)) - group-5490E1C9B297: Finished taking a snapshot at:(t:7, i:0) file:/home/runner/work/ozone/ozone/hadoop-ozone/integration-test/target/test-dir/MiniOzoneClusterImpl-8dff45f7-6a4c-4a77-aa6d-4bab94871626/datanode-2/data/ratis/e1e6257e-975c-4cff-961e-5490e1c9b297/sm/snapshot.7_0 took: 1 ms
2021-09-21 18:26:26,987 [7ebb7728-56c4-46fe-8faf-bd5e72c54eae@group-5490E1C9B297-StateMachineUpdater] INFO  impl.StateMachineUpdater (StateMachineUpdater.java:takeSnapshot(281)) - 7ebb7728-56c4-46fe-8faf-bd5e72c54eae@group-5490E1C9B297-StateMachineUpdater: Took a snapshot at index 0
2021-09-21 18:26:26,987 [7ebb7728-56c4-46fe-8faf-bd5e72c54eae@group-5490E1C9B297-StateMachineUpdater] INFO  impl.StateMachineUpdater (StateMachineUpdater.java:lambda$new$0(89)) - 7ebb7728-56c4-46fe-8faf-bd5e72c54eae@group-5490E1C9B297-StateMachineUpdater: snapshotIndex: updateIncreasingly -1 -> 0
2021-09-21 18:26:26,987 [ForkJoinPool.commonPool-worker-0] INFO  server.RaftServer$Division (ServerState.java:close(419)) - 7ebb7728-56c4-46fe-8faf-bd5e72c54eae@group-5490E1C9B297: closes. applyIndex: 0
2021-09-21 18:26:26,987 [7ebb7728-56c4-46fe-8faf-bd5e72c54eae@group-5490E1C9B297-SegmentedRaftLogWorker] INFO  segmented.SegmentedRaftLogWorker (SegmentedRaftLogWorker.java:run(327)) - 7ebb7728-56c4-46fe-8faf-bd5e72c54eae@group-5490E1C9B297-SegmentedRaftLogWorker was interrupted, exiting. There are 0 tasks remaining in the queue.
2021-09-21 18:26:26,988 [ForkJoinPool.commonPool-worker-0] INFO  segmented.SegmentedRaftLogWorker (SegmentedRaftLogWorker.java:close(237)) - 7ebb7728-56c4-46fe-8faf-bd5e72c54eae@group-5490E1C9B297-SegmentedRaftLogWorker close()
2021-09-21 18:26:26,989 [ForkJoinPool.commonPool-worker-0] INFO  server.GrpcService (GrpcService.java:closeImpl(262)) - 7ebb7728-56c4-46fe-8faf-bd5e72c54eae: shutdown server with port 40201 now
2021-09-21 18:26:27,006 [grpc-default-executor-3] WARN  server.GrpcServerProtocolService (LogUtils.java:warn(122)) - 7ebb7728-56c4-46fe-8faf-bd5e72c54eae: installSnapshot onError, lastRequest: d36baf84-b85f-4b26-8f7e-d1f6b1b07563->7ebb7728-56c4-46fe-8faf-bd5e72c54eae#2-t7,previous=(t:7, i:1),leaderCommit=1,initializing? true,entries: size=1, first=(t:7, i:2), METADATAENTRY(c:1): org.apache.ratis.thirdparty.io.grpc.StatusRuntimeException: CANCELLED: client cancelled
2021-09-21 18:26:27,006 [grpc-default-executor-2] WARN  server.GrpcLogAppender (LogUtils.java:warn(122)) - d36baf84-b85f-4b26-8f7e-d1f6b1b07563@group-6CB704DD8418->7ebb7728-56c4-46fe-8faf-bd5e72c54eae-AppendLogResponseHandler: Failed appendEntries: org.apache.ratis.thirdparty.io.grpc.StatusRuntimeException: CANCELLED: HTTP/2 error code: CANCEL
Received Rst Stream
2021-09-21 18:26:27,006 [grpc-default-executor-2] INFO  leader.FollowerInfo (FollowerInfoImpl.java:lambda$new$0(46)) - d36baf84-b85f-4b26-8f7e-d1f6b1b07563@group-6CB704DD8418->7ebb7728-56c4-46fe-8faf-bd5e72c54eae: nextIndex: updateUnconditionally 3 -> 2
2021-09-21 18:26:27,012 [grpc-default-executor-3] WARN  server.GrpcLogAppender (LogUtils.java:warn(122)) - d36baf84-b85f-4b26-8f7e-d1f6b1b07563@group-6CB704DD8418->7ebb7728-56c4-46fe-8faf-bd5e72c54eae-AppendLogResponseHandler: Failed appendEntries: org.apache.ratis.thirdparty.io.grpc.StatusRuntimeException: UNAVAILABLE: io exception
2021-09-21 18:26:27,012 [grpc-default-executor-3] INFO  leader.FollowerInfo (FollowerInfoImpl.java:lambda$new$0(46)) - d36baf84-b85f-4b26-8f7e-d1f6b1b07563@group-6CB704DD8418->7ebb7728-56c4-46fe-8faf-bd5e72c54eae: nextIndex: updateUnconditionally 3 -> 2
2021-09-21 18:26:27,026 [ForkJoinPool.commonPool-worker-0] INFO  server.GrpcService (GrpcService.java:closeImpl(271)) - 7ebb7728-56c4-46fe-8faf-bd5e72c54eae: shutdown server with port 40201 successfully
2021-09-21 18:26:27,026 [org.apache.ratis.util.JvmPauseMonitor$$Lambda$531/911890161@5677d4ed] INFO  util.JvmPauseMonitor (JvmPauseMonitor.java:run(109)) - JvmPauseMonitor-7ebb7728-56c4-46fe-8faf-bd5e72c54eae: Stopped
2021-09-21 18:26:27,040 [ForkJoinPool.commonPool-worker-0] INFO  utils.BackgroundService (BackgroundService.java:shutdown(132)) - Shutting down service BlockDeletingService
2021-09-21 18:26:27,895 [grpc-default-executor-3] WARN  server.GrpcLogAppender (LogUtils.java:warn(122)) - d36baf84-b85f-4b26-8f7e-d1f6b1b07563@group-6CB704DD8418->ac1d7df1-8838-4266-a424-22c9922d1104-AppendLogResponseHandler: Failed appendEntries: org.apache.ratis.thirdparty.io.grpc.StatusRuntimeException: UNAVAILABLE: io exception
2021-09-21 18:26:27,896 [grpc-default-executor-3] WARN  server.GrpcLogAppender (GrpcLogAppender.java:resetClient(111)) - d36baf84-b85f-4b26-8f7e-d1f6b1b07563@group-6CB704DD8418->ac1d7df1-8838-4266-a424-22c9922d1104-GrpcLogAppender: Leader has not got in touch with Follower d36baf84-b85f-4b26-8f7e-d1f6b1b07563@group-6CB704DD8418->ac1d7df1-8838-4266-a424-22c9922d1104(c-1,m0,n3, attendVote=true, lastRpcSendTime=2505, lastRpcResponseTime=7827) yet, just keep nextIndex unchanged and retry.
2021-09-21 18:26:29,514 [grpc-default-executor-3] WARN  server.GrpcLogAppender (LogUtils.java:warn(122)) - d36baf84-b85f-4b26-8f7e-d1f6b1b07563@group-6CB704DD8418->7ebb7728-56c4-46fe-8faf-bd5e72c54eae-AppendLogResponseHandler: Failed appendEntries: org.apache.ratis.thirdparty.io.grpc.StatusRuntimeException: UNAVAILABLE: io exception
2021-09-21 18:26:29,515 [grpc-default-executor-3] INFO  leader.FollowerInfo (FollowerInfoImpl.java:lambda$new$0(46)) - d36baf84-b85f-4b26-8f7e-d1f6b1b07563@group-6CB704DD8418->7ebb7728-56c4-46fe-8faf-bd5e72c54eae: nextIndex: updateUnconditionally 3 -> 2
2021-09-21 18:26:29,925 [Listener at 127.0.0.1/38417] INFO  statemachine.DatanodeStateMachine (DatanodeStateMachine.java:stopDaemon(515)) - Ozone container server stopped.
2021-09-21 18:26:29,926 [Listener at 127.0.0.1/38417] INFO  handler.ContextHandler (ContextHandler.java:doStop(1153)) - Stopped o.e.j.w.WebAppContext@1bf814c9{hddsDatanode,/,null,STOPPED}{jar:file:/home/runner/.m2/repository/org/apache/ozone/hdds-container-service/1.2.0-SNAPSHOT/hdds-container-service-1.2.0-SNAPSHOT.jar!/webapps/hddsDatanode}
2021-09-21 18:26:29,931 [Listener at 127.0.0.1/38417] INFO  server.AbstractConnector (AbstractConnector.java:doStop(381)) - Stopped ServerConnector@10d05ff9{HTTP/1.1, (http/1.1)}{0.0.0.0:0}
2021-09-21 18:26:29,931 [Listener at 127.0.0.1/38417] INFO  server.session (HouseKeeper.java:stopScavenging(149)) - node0 Stopped scavenging
2021-09-21 18:26:29,931 [Listener at 127.0.0.1/38417] INFO  handler.ContextHandler (ContextHandler.java:doStop(1153)) - Stopped o.e.j.s.ServletContextHandler@30c0ce54{static,/static,jar:file:/home/runner/.m2/repository/org/apache/ozone/hdds-container-service/1.2.0-SNAPSHOT/hdds-container-service-1.2.0-SNAPSHOT.jar!/webapps/static,STOPPED}
2021-09-21 18:26:29,931 [Listener at 127.0.0.1/38417] INFO  handler.ContextHandler (ContextHandler.java:doStop(1153)) - Stopped o.e.j.s.ServletContextHandler@368ccbad{logs,/logs,file:///home/runner/work/ozone/ozone/hadoop-ozone/integration-test/target/log,STOPPED}
2021-09-21 18:26:30,060 [ForkJoinPool.commonPool-worker-0] INFO  statemachine.DatanodeStateMachine (DatanodeStateMachine.java:stopDaemon(515)) - Ozone container server stopped.
2021-09-21 18:26:30,067 [ForkJoinPool.commonPool-worker-0] INFO  handler.ContextHandler (ContextHandler.java:doStop(1153)) - Stopped o.e.j.w.WebAppContext@6fa6e9d9{hddsDatanode,/,null,STOPPED}{jar:file:/home/runner/.m2/repository/org/apache/ozone/hdds-container-service/1.2.0-SNAPSHOT/hdds-container-service-1.2.0-SNAPSHOT.jar!/webapps/hddsDatanode}
2021-09-21 18:26:30,067 [ForkJoinPool.commonPool-worker-0] INFO  server.AbstractConnector (AbstractConnector.java:doStop(381)) - Stopped ServerConnector@5086707b{HTTP/1.1, (http/1.1)}{0.0.0.0:0}
2021-09-21 18:26:30,068 [ForkJoinPool.commonPool-worker-0] INFO  server.session (HouseKeeper.java:stopScavenging(149)) - node0 Stopped scavenging
2021-09-21 18:26:30,070 [ForkJoinPool.commonPool-worker-0] INFO  handler.ContextHandler (ContextHandler.java:doStop(1153)) - Stopped o.e.j.s.ServletContextHandler@1a65964d{static,/static,jar:file:/home/runner/.m2/repository/org/apache/ozone/hdds-container-service/1.2.0-SNAPSHOT/hdds-container-service-1.2.0-SNAPSHOT.jar!/webapps/static,STOPPED}
2021-09-21 18:26:30,071 [ForkJoinPool.commonPool-worker-0] INFO  handler.ContextHandler (ContextHandler.java:doStop(1153)) - Stopped o.e.j.s.ServletContextHandler@7e94a791{logs,/logs,file:///home/runner/work/ozone/ozone/hadoop-ozone/integration-test/target/log,STOPPED}
2021-09-21 18:26:30,397 [grpc-default-executor-3] WARN  server.GrpcLogAppender (LogUtils.java:warn(122)) - d36baf84-b85f-4b26-8f7e-d1f6b1b07563@group-6CB704DD8418->ac1d7df1-8838-4266-a424-22c9922d1104-AppendLogResponseHandler: Failed appendEntries: org.apache.ratis.thirdparty.io.grpc.StatusRuntimeException: UNAVAILABLE: io exception
2021-09-21 18:26:30,399 [grpc-default-executor-3] WARN  server.GrpcLogAppender (GrpcLogAppender.java:resetClient(111)) - d36baf84-b85f-4b26-8f7e-d1f6b1b07563@group-6CB704DD8418->ac1d7df1-8838-4266-a424-22c9922d1104-GrpcLogAppender: Leader has not got in touch with Follower d36baf84-b85f-4b26-8f7e-d1f6b1b07563@group-6CB704DD8418->ac1d7df1-8838-4266-a424-22c9922d1104(c-1,m0,n3, attendVote=true, lastRpcSendTime=2501, lastRpcResponseTime=10330) yet, just keep nextIndex unchanged and retry.
2021-09-21 18:26:30,615 [d36baf84-b85f-4b26-8f7e-d1f6b1b07563@group-6CB704DD8418-LeaderStateImpl] WARN  server.RaftServer$Division (LeaderStateImpl.java:checkLeadership(944)) - d36baf84-b85f-4b26-8f7e-d1f6b1b07563@group-6CB704DD8418-LeaderStateImpl: Lost leadership on term: 7. Election timeout: 5200ms. In charge for: 5347ms. Conf: 1: [d36baf84-b85f-4b26-8f7e-d1f6b1b07563|rpc:10.1.0.27:39631|dataStream:|priority:0, ac1d7df1-8838-4266-a424-22c9922d1104|rpc:10.1.0.27:41255|dataStream:|priority:1, 7ebb7728-56c4-46fe-8faf-bd5e72c54eae|rpc:10.1.0.27:40201|dataStream:|priority:0], old=null
2021-09-21 18:26:30,615 [d36baf84-b85f-4b26-8f7e-d1f6b1b07563@group-6CB704DD8418-LeaderStateImpl] WARN  server.RaftServer$Division (LeaderStateImpl.java:lambda$checkLeadership$15(948)) - Follower d36baf84-b85f-4b26-8f7e-d1f6b1b07563@group-6CB704DD8418->ac1d7df1-8838-4266-a424-22c9922d1104(c-1,m0,n3, attendVote=true, lastRpcSendTime=215, lastRpcResponseTime=10546)
2021-09-21 18:26:30,615 [d36baf84-b85f-4b26-8f7e-d1f6b1b07563@group-6CB704DD8418-LeaderStateImpl] WARN  server.RaftServer$Division (LeaderStateImpl.java:lambda$checkLeadership$15(948)) - Follower d36baf84-b85f-4b26-8f7e-d1f6b1b07563@group-6CB704DD8418->7ebb7728-56c4-46fe-8faf-bd5e72c54eae(c1,m2,n2, attendVote=true, lastRpcSendTime=1101, lastRpcResponseTime=5202)
2021-09-21 18:26:30,615 [d36baf84-b85f-4b26-8f7e-d1f6b1b07563@group-6CB704DD8418-LeaderStateImpl] INFO  server.RaftServer$Division (RaftServerImpl.java:setRole(285)) - d36baf84-b85f-4b26-8f7e-d1f6b1b07563@group-6CB704DD8418: changes role from    LEADER to FOLLOWER at term 7 for StepDownReason:LOST_MAJORITY_HEARTBEATS
2021-09-21 18:26:30,615 [d36baf84-b85f-4b26-8f7e-d1f6b1b07563@group-6CB704DD8418-LeaderStateImpl] INFO  impl.RoleInfo (RoleInfo.java:shutdownLeaderState(91)) - d36baf84-b85f-4b26-8f7e-d1f6b1b07563: shutdown d36baf84-b85f-4b26-8f7e-d1f6b1b07563@group-6CB704DD8418-LeaderStateImpl
2021-09-21 18:26:30,616 [d36baf84-b85f-4b26-8f7e-d1f6b1b07563@group-6CB704DD8418-LeaderStateImpl] INFO  impl.PendingRequests (PendingRequests.java:sendNotLeaderResponses(282)) - d36baf84-b85f-4b26-8f7e-d1f6b1b07563@group-6CB704DD8418-PendingRequests: sendNotLeaderResponses
2021-09-21 18:26:30,618 [d36baf84-b85f-4b26-8f7e-d1f6b1b07563@group-6CB704DD8418-LeaderStateImpl] INFO  impl.RoleInfo (RoleInfo.java:updateAndGet(130)) - d36baf84-b85f-4b26-8f7e-d1f6b1b07563: start d36baf84-b85f-4b26-8f7e-d1f6b1b07563@group-6CB704DD8418-FollowerState
2021-09-21 18:26:30,618 [d36baf84-b85f-4b26-8f7e-d1f6b1b07563@group-6CB704DD8418->7ebb7728-56c4-46fe-8faf-bd5e72c54eae-GrpcLogAppender-LogAppenderDaemon] WARN  server.GrpcLogAppender (GrpcLogAppender.java:mayWait(175)) - d36baf84-b85f-4b26-8f7e-d1f6b1b07563@group-6CB704DD8418->7ebb7728-56c4-46fe-8faf-bd5e72c54eae-GrpcLogAppender: Wait interrupted by java.lang.InterruptedException
2021-09-21 18:26:31,035 [EventQueue-StaleNodeForStaleNodeHandler] INFO  node.StaleNodeHandler (StaleNodeHandler.java:onMessage(58)) - Datanode 453ecb08-f079-4424-abb7-b5b860d98fa7{ip: 10.1.0.27, host: fv-az122-453.zf1tlrj3kn4expqppa1j4mpycf.xx.internal.cloudapp.net, ports: [REPLICATION=44591, RATIS=45375, RATIS_ADMIN=45375, RATIS_SERVER=45375, STANDALONE=33283], networkLocation: /default-rack, certSerialId: null, persistedOpState: IN_SERVICE, persistedOpStateExpiryEpochSec: 0} moved to stale state. Finalizing its pipelines [PipelineID=d3129733-9166-4230-b49b-0fbdd5f58ac2]
2021-09-21 18:26:31,036 [EventQueue-StaleNodeForStaleNodeHandler] INFO  pipeline.PipelineManagerImpl (PipelineManagerImpl.java:closePipeline(342)) - Pipeline Pipeline[ Id: d3129733-9166-4230-b49b-0fbdd5f58ac2, Nodes: 453ecb08-f079-4424-abb7-b5b860d98fa7{ip: 10.1.0.27, host: fv-az122-453.zf1tlrj3kn4expqppa1j4mpycf.xx.internal.cloudapp.net, ports: [REPLICATION=44591, RATIS=45375, RATIS_ADMIN=45375, RATIS_SERVER=45375, STANDALONE=33283], networkLocation: /default-rack, certSerialId: null, persistedOpState: IN_SERVICE, persistedOpStateExpiryEpochSec: 0}, ReplicationConfig: RATIS/ONE, State:OPEN, leaderId:453ecb08-f079-4424-abb7-b5b860d98fa7, CreationTimestamp2021-09-21T18:25:41.829Z[Etc/UTC]] moved to CLOSED state
2021-09-21 18:26:31,336 [EventQueue-StaleNodeForStaleNodeHandler] INFO  node.StaleNodeHandler (StaleNodeHandler.java:onMessage(58)) - Datanode 7ebb7728-56c4-46fe-8faf-bd5e72c54eae{ip: 10.1.0.27, host: fv-az122-453.zf1tlrj3kn4expqppa1j4mpycf.xx.internal.cloudapp.net, ports: [REPLICATION=42403, RATIS=40201, RATIS_ADMIN=40201, RATIS_SERVER=40201, STANDALONE=39069], networkLocation: /default-rack, certSerialId: null, persistedOpState: IN_SERVICE, persistedOpStateExpiryEpochSec: 0} moved to stale state. Finalizing its pipelines [PipelineID=62ad671f-4bdc-4335-9560-567b8a5d2618, PipelineID=1029a568-8727-427f-b6e2-6cb704dd8418, PipelineID=e1e6257e-975c-4cff-961e-5490e1c9b297]
2021-09-21 18:26:31,336 [EventQueue-StaleNodeForStaleNodeHandler] INFO  pipeline.PipelineManagerImpl (PipelineManagerImpl.java:closePipeline(342)) - Pipeline Pipeline[ Id: 62ad671f-4bdc-4335-9560-567b8a5d2618, Nodes: 7ebb7728-56c4-46fe-8faf-bd5e72c54eae{ip: 10.1.0.27, host: fv-az122-453.zf1tlrj3kn4expqppa1j4mpycf.xx.internal.cloudapp.net, ports: [REPLICATION=42403, RATIS=40201, RATIS_ADMIN=40201, RATIS_SERVER=40201, STANDALONE=39069], networkLocation: /default-rack, certSerialId: null, persistedOpState: IN_SERVICE, persistedOpStateExpiryEpochSec: 0}, ReplicationConfig: RATIS/ONE, State:OPEN, leaderId:7ebb7728-56c4-46fe-8faf-bd5e72c54eae, CreationTimestamp2021-09-21T18:25:41.129Z[Etc/UTC]] moved to CLOSED state
2021-09-21 18:26:33,040 [EventQueue-DeadNodeForDeadNodeHandler] INFO  node.DeadNodeHandler (DeadNodeHandler.java:onMessage(80)) - A dead datanode is detected. ac1d7df1-8838-4266-a424-22c9922d1104{ip: 10.1.0.27, host: fv-az122-453.zf1tlrj3kn4expqppa1j4mpycf.xx.internal.cloudapp.net, ports: [REPLICATION=42733, RATIS=41255, RATIS_ADMIN=41255, RATIS_SERVER=41255, STANDALONE=36793], networkLocation: /default-rack, certSerialId: null, persistedOpState: IN_SERVICE, persistedOpStateExpiryEpochSec: 0}
2021-09-21 18:26:33,040 [EventQueue-DeadNodeForDeadNodeHandler] INFO  pipeline.RatisPipelineProvider (RatisPipelineProvider.java:lambda$close$1(222)) - Send pipeline:PipelineID=4144741f-4194-40b2-bb71-2ac51b9beec5 close command to datanode ac1d7df1-8838-4266-a424-22c9922d1104
2021-09-21 18:26:33,041 [EventQueue-DeadNodeForDeadNodeHandler] INFO  pipeline.PipelineStateManager (PipelineStateManagerV2Impl.java:removePipeline(211)) - Pipeline Pipeline[ Id: 4144741f-4194-40b2-bb71-2ac51b9beec5, Nodes: ac1d7df1-8838-4266-a424-22c9922d1104{ip: 10.1.0.27, host: fv-az122-453.zf1tlrj3kn4expqppa1j4mpycf.xx.internal.cloudapp.net, ports: [REPLICATION=42733, RATIS=41255, RATIS_ADMIN=41255, RATIS_SERVER=41255, STANDALONE=36793], networkLocation: /default-rack, certSerialId: null, persistedOpState: IN_SERVICE, persistedOpStateExpiryEpochSec: 0}, ReplicationConfig: RATIS/ONE, State:CLOSED, leaderId:ac1d7df1-8838-4266-a424-22c9922d1104, CreationTimestamp2021-09-21T18:25:40.854Z[Etc/UTC]] removed.
2021-09-21 18:26:33,041 [EventQueue-DeadNodeForDeadNodeHandler] INFO  pipeline.RatisPipelineProvider (RatisPipelineProvider.java:lambda$close$1(222)) - Send pipeline:PipelineID=1029a568-8727-427f-b6e2-6cb704dd8418 close command to datanode 7ebb7728-56c4-46fe-8faf-bd5e72c54eae
2021-09-21 18:26:33,041 [EventQueue-DeadNodeForDeadNodeHandler] INFO  pipeline.RatisPipelineProvider (RatisPipelineProvider.java:lambda$close$1(222)) - Send pipeline:PipelineID=1029a568-8727-427f-b6e2-6cb704dd8418 close command to datanode d36baf84-b85f-4b26-8f7e-d1f6b1b07563
2021-09-21 18:26:33,041 [EventQueue-DeadNodeForDeadNodeHandler] INFO  pipeline.RatisPipelineProvider (RatisPipelineProvider.java:lambda$close$1(222)) - Send pipeline:PipelineID=1029a568-8727-427f-b6e2-6cb704dd8418 close command to datanode ac1d7df1-8838-4266-a424-22c9922d1104
2021-09-21 18:26:33,041 [EventQueue-DeadNodeForDeadNodeHandler] INFO  pipeline.PipelineStateManager (PipelineStateManagerV2Impl.java:removePipeline(211)) - Pipeline Pipeline[ Id: 1029a568-8727-427f-b6e2-6cb704dd8418, Nodes: 7ebb7728-56c4-46fe-8faf-bd5e72c54eae{ip: 10.1.0.27, host: fv-az122-453.zf1tlrj3kn4expqppa1j4mpycf.xx.internal.cloudapp.net, ports: [REPLICATION=42403, RATIS=40201, RATIS_ADMIN=40201, RATIS_SERVER=40201, STANDALONE=39069], networkLocation: /default-rack, certSerialId: null, persistedOpState: IN_SERVICE, persistedOpStateExpiryEpochSec: 0}d36baf84-b85f-4b26-8f7e-d1f6b1b07563{ip: 10.1.0.27, host: fv-az122-453.zf1tlrj3kn4expqppa1j4mpycf.xx.internal.cloudapp.net, ports: [REPLICATION=44027, RATIS=39631, RATIS_ADMIN=39631, RATIS_SERVER=39631, STANDALONE=43601], networkLocation: /default-rack, certSerialId: null, persistedOpState: IN_SERVICE, persistedOpStateExpiryEpochSec: 0}ac1d7df1-8838-4266-a424-22c9922d1104{ip: 10.1.0.27, host: fv-az122-453.zf1tlrj3kn4expqppa1j4mpycf.xx.internal.cloudapp.net, ports: [REPLICATION=42733, RATIS=41255, RATIS_ADMIN=41255, RATIS_SERVER=41255, STANDALONE=36793], networkLocation: /default-rack, certSerialId: null, persistedOpState: IN_SERVICE, persistedOpStateExpiryEpochSec: 0}, ReplicationConfig: RATIS/THREE, State:CLOSED, leaderId:d36baf84-b85f-4b26-8f7e-d1f6b1b07563, CreationTimestamp2021-09-21T18:25:41.136Z[Etc/UTC]] removed.
2021-09-21 18:26:33,041 [EventQueue-DeadNodeForDeadNodeHandler] INFO  pipeline.RatisPipelineProvider (RatisPipelineProvider.java:lambda$close$1(222)) - Send pipeline:PipelineID=e1e6257e-975c-4cff-961e-5490e1c9b297 close command to datanode d36baf84-b85f-4b26-8f7e-d1f6b1b07563
2021-09-21 18:26:33,041 [EventQueue-DeadNodeForDeadNodeHandler] INFO  pipeline.RatisPipelineProvider (RatisPipelineProvider.java:lambda$close$1(222)) - Send pipeline:PipelineID=e1e6257e-975c-4cff-961e-5490e1c9b297 close command to datanode 7ebb7728-56c4-46fe-8faf-bd5e72c54eae
2021-09-21 18:26:33,042 [EventQueue-DeadNodeForDeadNodeHandler] INFO  pipeline.RatisPipelineProvider (RatisPipelineProvider.java:lambda$close$1(222)) - Send pipeline:PipelineID=e1e6257e-975c-4cff-961e-5490e1c9b297 close command to datanode ac1d7df1-8838-4266-a424-22c9922d1104
2021-09-21 18:26:33,042 [EventQueue-DeadNodeForDeadNodeHandler] INFO  pipeline.PipelineStateManager (PipelineStateManagerV2Impl.java:removePipeline(211)) - Pipeline Pipeline[ Id: e1e6257e-975c-4cff-961e-5490e1c9b297, Nodes: d36baf84-b85f-4b26-8f7e-d1f6b1b07563{ip: 10.1.0.27, host: fv-az122-453.zf1tlrj3kn4expqppa1j4mpycf.xx.internal.cloudapp.net, ports: [REPLICATION=44027, RATIS=39631, RATIS_ADMIN=39631, RATIS_SERVER=39631, STANDALONE=43601], networkLocation: /default-rack, certSerialId: null, persistedOpState: IN_SERVICE, persistedOpStateExpiryEpochSec: 0}7ebb7728-56c4-46fe-8faf-bd5e72c54eae{ip: 10.1.0.27, host: fv-az122-453.zf1tlrj3kn4expqppa1j4mpycf.xx.internal.cloudapp.net, ports: [REPLICATION=42403, RATIS=40201, RATIS_ADMIN=40201, RATIS_SERVER=40201, STANDALONE=39069], networkLocation: /default-rack, certSerialId: null, persistedOpState: IN_SERVICE, persistedOpStateExpiryEpochSec: 0}ac1d7df1-8838-4266-a424-22c9922d1104{ip: 10.1.0.27, host: fv-az122-453.zf1tlrj3kn4expqppa1j4mpycf.xx.internal.cloudapp.net, ports: [REPLICATION=42733, RATIS=41255, RATIS_ADMIN=41255, RATIS_SERVER=41255, STANDALONE=36793], networkLocation: /default-rack, certSerialId: null, persistedOpState: IN_SERVICE, persistedOpStateExpiryEpochSec: 0}, ReplicationConfig: RATIS/THREE, State:CLOSED, leaderId:7ebb7728-56c4-46fe-8faf-bd5e72c54eae, CreationTimestamp2021-09-21T18:25:41.134Z[Etc/UTC]] removed.
2021-09-21 18:26:33,042 [EventQueue-DeadNodeForDeadNodeHandler] INFO  net.NetworkTopologyImpl (NetworkTopologyImpl.java:remove(137)) - Removed a node: /default-rack/ac1d7df1-8838-4266-a424-22c9922d1104
2021-09-21 18:26:33,341 [EventQueue-DeadNodeForDeadNodeHandler] INFO  node.DeadNodeHandler (DeadNodeHandler.java:onMessage(80)) - A dead datanode is detected. 476460e9-b3a1-45f5-ac75-d031942c3748{ip: 10.1.0.27, host: fv-az122-453.zf1tlrj3kn4expqppa1j4mpycf.xx.internal.cloudapp.net, ports: [REPLICATION=37073, RATIS=35049, RATIS_ADMIN=35049, RATIS_SERVER=35049, STANDALONE=46777], networkLocation: /default-rack, certSerialId: null, persistedOpState: IN_SERVICE, persistedOpStateExpiryEpochSec: 0}
2021-09-21 18:26:33,342 [EventQueue-DeadNodeForDeadNodeHandler] INFO  pipeline.RatisPipelineProvider (RatisPipelineProvider.java:lambda$close$1(222)) - Send pipeline:PipelineID=646a220a-cf0f-4d1d-92ef-888a40b500a1 close command to datanode 476460e9-b3a1-45f5-ac75-d031942c3748
2021-09-21 18:26:33,345 [EventQueue-DeadNodeForDeadNodeHandler] INFO  pipeline.PipelineStateManager (PipelineStateManagerV2Impl.java:removePipeline(211)) - Pipeline Pipeline[ Id: 646a220a-cf0f-4d1d-92ef-888a40b500a1, Nodes: 476460e9-b3a1-45f5-ac75-d031942c3748{ip: 10.1.0.27, host: fv-az122-453.zf1tlrj3kn4expqppa1j4mpycf.xx.internal.cloudapp.net, ports: [REPLICATION=37073, RATIS=35049, RATIS_ADMIN=35049, RATIS_SERVER=35049, STANDALONE=46777], networkLocation: /default-rack, certSerialId: null, persistedOpState: IN_SERVICE, persistedOpStateExpiryEpochSec: 0}, ReplicationConfig: RATIS/ONE, State:CLOSED, leaderId:476460e9-b3a1-45f5-ac75-d031942c3748, CreationTimestamp2021-09-21T18:25:42.081Z[Etc/UTC]] removed.
2021-09-21 18:26:33,345 [EventQueue-DeadNodeForDeadNodeHandler] INFO  net.NetworkTopologyImpl (NetworkTopologyImpl.java:remove(137)) - Removed a node: /default-rack/476460e9-b3a1-45f5-ac75-d031942c3748
2021-09-21 18:26:34,617 [d36baf84-b85f-4b26-8f7e-d1f6b1b07563@group-5490E1C9B297-FollowerState] INFO  impl.FollowerState (FollowerState.java:run(134)) - d36baf84-b85f-4b26-8f7e-d1f6b1b07563@group-5490E1C9B297-FollowerState: change to CANDIDATE, lastRpcElapsedTime:7641366405ns, electionTimeout:5146ms
2021-09-21 18:26:34,617 [d36baf84-b85f-4b26-8f7e-d1f6b1b07563@group-5490E1C9B297-FollowerState] INFO  impl.RoleInfo (RoleInfo.java:shutdownFollowerState(108)) - d36baf84-b85f-4b26-8f7e-d1f6b1b07563: shutdown d36baf84-b85f-4b26-8f7e-d1f6b1b07563@group-5490E1C9B297-FollowerState
2021-09-21 18:26:34,617 [d36baf84-b85f-4b26-8f7e-d1f6b1b07563@group-5490E1C9B297-FollowerState] INFO  server.RaftServer$Division (RaftServerImpl.java:setRole(285)) - d36baf84-b85f-4b26-8f7e-d1f6b1b07563@group-5490E1C9B297: changes role from  FOLLOWER to CANDIDATE at term 7 for changeToCandidate
2021-09-21 18:26:34,617 [d36baf84-b85f-4b26-8f7e-d1f6b1b07563@group-5490E1C9B297-FollowerState] INFO  server.RaftServerConfigKeys (ConfUtils.java:logGet(44)) - raft.server.leaderelection.pre-vote = false (custom)
2021-09-21 18:26:34,617 [d36baf84-b85f-4b26-8f7e-d1f6b1b07563@group-5490E1C9B297-FollowerState] INFO  impl.RoleInfo (RoleInfo.java:updateAndGet(130)) - d36baf84-b85f-4b26-8f7e-d1f6b1b07563: start d36baf84-b85f-4b26-8f7e-d1f6b1b07563@group-5490E1C9B297-LeaderElection37
2021-09-21 18:26:34,635 [d36baf84-b85f-4b26-8f7e-d1f6b1b07563@group-5490E1C9B297-LeaderElection37] INFO  server.RaftServer$Division (ServerState.java:setLeader(285)) - d36baf84-b85f-4b26-8f7e-d1f6b1b07563@group-5490E1C9B297: change Leader from 7ebb7728-56c4-46fe-8faf-bd5e72c54eae to null at term 7 for ELECTION
2021-09-21 18:26:34,647 [d36baf84-b85f-4b26-8f7e-d1f6b1b07563@group-5490E1C9B297-LeaderElection37] INFO  impl.LeaderElection (LeaderElection.java:askForVotes(306)) - d36baf84-b85f-4b26-8f7e-d1f6b1b07563@group-5490E1C9B297-LeaderElection37 ELECTION round 0: submit vote requests at term 8 for 0: [d36baf84-b85f-4b26-8f7e-d1f6b1b07563|rpc:10.1.0.27:39631|dataStream:|priority:0, ac1d7df1-8838-4266-a424-22c9922d1104|rpc:10.1.0.27:41255|dataStream:|priority:0, 7ebb7728-56c4-46fe-8faf-bd5e72c54eae|rpc:10.1.0.27:40201|dataStream:|priority:1], old=null
2021-09-21 18:26:34,671 [d36baf84-b85f-4b26-8f7e-d1f6b1b07563@group-5490E1C9B297-LeaderElection37] INFO  impl.LeaderElection (LogUtils.java:infoOrTrace(137)) - d36baf84-b85f-4b26-8f7e-d1f6b1b07563@group-5490E1C9B297-LeaderElection37 got exception when requesting votes: java.util.concurrent.ExecutionException: org.apache.ratis.thirdparty.io.grpc.StatusRuntimeException: UNAVAILABLE: io exception
2021-09-21 18:26:34,672 [d36baf84-b85f-4b26-8f7e-d1f6b1b07563@group-5490E1C9B297-LeaderElection37] INFO  impl.LeaderElection (LogUtils.java:infoOrTrace(137)) - d36baf84-b85f-4b26-8f7e-d1f6b1b07563@group-5490E1C9B297-LeaderElection37 got exception when requesting votes: java.util.concurrent.ExecutionException: org.apache.ratis.thirdparty.io.grpc.StatusRuntimeException: UNAVAILABLE: io exception
2021-09-21 18:26:34,673 [d36baf84-b85f-4b26-8f7e-d1f6b1b07563@group-5490E1C9B297-LeaderElection37] INFO  impl.LeaderElection (LeaderElection.java:logAndReturn(89)) - d36baf84-b85f-4b26-8f7e-d1f6b1b07563@group-5490E1C9B297-LeaderElection37: ELECTION REJECTED received 0 response(s) and 2 exception(s):
2021-09-21 18:26:34,673 [d36baf84-b85f-4b26-8f7e-d1f6b1b07563@group-5490E1C9B297-LeaderElection37] INFO  impl.LeaderElection (LogUtils.java:infoOrTrace(137)) -   Exception 0: java.util.concurrent.ExecutionException: org.apache.ratis.thirdparty.io.grpc.StatusRuntimeException: UNAVAILABLE: io exception
2021-09-21 18:26:34,673 [d36baf84-b85f-4b26-8f7e-d1f6b1b07563@group-5490E1C9B297-LeaderElection37] INFO  impl.LeaderElection (LogUtils.java:infoOrTrace(137)) -   Exception 1: java.util.concurrent.ExecutionException: org.apache.ratis.thirdparty.io.grpc.StatusRuntimeException: UNAVAILABLE: io exception
2021-09-21 18:26:34,673 [d36baf84-b85f-4b26-8f7e-d1f6b1b07563@group-5490E1C9B297-LeaderElection37] INFO  impl.LeaderElection (LeaderElection.java:askForVotes(308)) - d36baf84-b85f-4b26-8f7e-d1f6b1b07563@group-5490E1C9B297-LeaderElection37 ELECTION round 0: result REJECTED
2021-09-21 18:26:34,673 [d36baf84-b85f-4b26-8f7e-d1f6b1b07563@group-5490E1C9B297-LeaderElection37] INFO  server.RaftServer$Division (RaftServerImpl.java:setRole(285)) - d36baf84-b85f-4b26-8f7e-d1f6b1b07563@group-5490E1C9B297: changes role from CANDIDATE to FOLLOWER at term 8 for REJECTED
2021-09-21 18:26:34,673 [d36baf84-b85f-4b26-8f7e-d1f6b1b07563@group-5490E1C9B297-LeaderElection37] INFO  impl.RoleInfo (RoleInfo.java:shutdownLeaderElection(121)) - d36baf84-b85f-4b26-8f7e-d1f6b1b07563: shutdown d36baf84-b85f-4b26-8f7e-d1f6b1b07563@group-5490E1C9B297-LeaderElection37
2021-09-21 18:26:34,673 [d36baf84-b85f-4b26-8f7e-d1f6b1b07563@group-5490E1C9B297-LeaderElection37] INFO  impl.RoleInfo (RoleInfo.java:updateAndGet(130)) - d36baf84-b85f-4b26-8f7e-d1f6b1b07563: start d36baf84-b85f-4b26-8f7e-d1f6b1b07563@group-5490E1C9B297-FollowerState
2021-09-21 18:26:34,936 [Listener at 127.0.0.1/38417] INFO  ozoneimpl.OzoneContainer (OzoneContainer.java:stop(325)) - Attempting to stop container services.
2021-09-21 18:26:34,937 [Listener at 127.0.0.1/38417] INFO  server.RaftServer (RaftServerProxy.java:lambda$close$6(391)) - d36baf84-b85f-4b26-8f7e-d1f6b1b07563: close
2021-09-21 18:26:34,938 [Listener at 127.0.0.1/38417] INFO  server.RaftServer$Division (RaftServerImpl.java:lambda$close$4(407)) - d36baf84-b85f-4b26-8f7e-d1f6b1b07563@group-650644E59B70: shutdown
2021-09-21 18:26:34,940 [Listener at 127.0.0.1/38417] INFO  util.JmxRegister (JmxRegister.java:unregister(73)) - Successfully un-registered JMX Bean with object name Ratis:service=RaftServer,group=group-650644E59B70,id=d36baf84-b85f-4b26-8f7e-d1f6b1b07563
2021-09-21 18:26:34,940 [Listener at 127.0.0.1/38417] INFO  impl.RoleInfo (RoleInfo.java:shutdownLeaderState(91)) - d36baf84-b85f-4b26-8f7e-d1f6b1b07563: shutdown d36baf84-b85f-4b26-8f7e-d1f6b1b07563@group-650644E59B70-LeaderStateImpl
2021-09-21 18:26:34,940 [Listener at 127.0.0.1/38417] INFO  impl.PendingRequests (PendingRequests.java:sendNotLeaderResponses(282)) - d36baf84-b85f-4b26-8f7e-d1f6b1b07563@group-650644E59B70-PendingRequests: sendNotLeaderResponses
2021-09-21 18:26:34,941 [d36baf84-b85f-4b26-8f7e-d1f6b1b07563@group-650644E59B70-StateMachineUpdater] INFO  ratis.ContainerStateMachine (ContainerStateMachine.java:takeSnapshot(292)) - group-650644E59B70: Taking a snapshot at:(t:1, i:0) file /home/runner/work/ozone/ozone/hadoop-ozone/integration-test/target/test-dir/MiniOzoneClusterImpl-8dff45f7-6a4c-4a77-aa6d-4bab94871626/datanode-0/data/ratis/5a0cf6dc-e192-4e77-91ef-650644e59b70/sm/snapshot.1_0
2021-09-21 18:26:34,942 [Listener at 127.0.0.1/38417] INFO  impl.StateMachineUpdater (StateMachineUpdater.java:stopAndJoin(149)) - d36baf84-b85f-4b26-8f7e-d1f6b1b07563@group-650644E59B70-StateMachineUpdater: set stopIndex = 0
2021-09-21 18:26:34,943 [d36baf84-b85f-4b26-8f7e-d1f6b1b07563@group-650644E59B70-StateMachineUpdater] INFO  ratis.ContainerStateMachine (ContainerStateMachine.java:takeSnapshot(303)) - group-650644E59B70: Finished taking a snapshot at:(t:1, i:0) file:/home/runner/work/ozone/ozone/hadoop-ozone/integration-test/target/test-dir/MiniOzoneClusterImpl-8dff45f7-6a4c-4a77-aa6d-4bab94871626/datanode-0/data/ratis/5a0cf6dc-e192-4e77-91ef-650644e59b70/sm/snapshot.1_0 took: 2 ms
2021-09-21 18:26:34,943 [d36baf84-b85f-4b26-8f7e-d1f6b1b07563@group-650644E59B70-StateMachineUpdater] INFO  impl.StateMachineUpdater (StateMachineUpdater.java:takeSnapshot(281)) - d36baf84-b85f-4b26-8f7e-d1f6b1b07563@group-650644E59B70-StateMachineUpdater: Took a snapshot at index 0
2021-09-21 18:26:34,943 [d36baf84-b85f-4b26-8f7e-d1f6b1b07563@group-650644E59B70-StateMachineUpdater] INFO  impl.StateMachineUpdater (StateMachineUpdater.java:lambda$new$0(89)) - d36baf84-b85f-4b26-8f7e-d1f6b1b07563@group-650644E59B70-StateMachineUpdater: snapshotIndex: updateIncreasingly -1 -> 0
2021-09-21 18:26:34,943 [Listener at 127.0.0.1/38417] INFO  server.RaftServer$Division (ServerState.java:close(419)) - d36baf84-b85f-4b26-8f7e-d1f6b1b07563@group-650644E59B70: closes. applyIndex: 0
2021-09-21 18:26:34,943 [d36baf84-b85f-4b26-8f7e-d1f6b1b07563@group-650644E59B70-SegmentedRaftLogWorker] INFO  segmented.SegmentedRaftLogWorker (SegmentedRaftLogWorker.java:run(327)) - d36baf84-b85f-4b26-8f7e-d1f6b1b07563@group-650644E59B70-SegmentedRaftLogWorker was interrupted, exiting. There are 0 tasks remaining in the queue.
2021-09-21 18:26:34,944 [Listener at 127.0.0.1/38417] INFO  segmented.SegmentedRaftLogWorker (SegmentedRaftLogWorker.java:close(237)) - d36baf84-b85f-4b26-8f7e-d1f6b1b07563@group-650644E59B70-SegmentedRaftLogWorker close()
2021-09-21 18:26:34,945 [Listener at 127.0.0.1/38417] INFO  server.RaftServer$Division (RaftServerImpl.java:lambda$close$4(407)) - d36baf84-b85f-4b26-8f7e-d1f6b1b07563@group-6CB704DD8418: shutdown
2021-09-21 18:26:34,945 [Listener at 127.0.0.1/38417] INFO  util.JmxRegister (JmxRegister.java:unregister(73)) - Successfully un-registered JMX Bean with object name Ratis:service=RaftServer,group=group-6CB704DD8418,id=d36baf84-b85f-4b26-8f7e-d1f6b1b07563
2021-09-21 18:26:34,945 [Listener at 127.0.0.1/38417] INFO  impl.RoleInfo (RoleInfo.java:shutdownFollowerState(108)) - d36baf84-b85f-4b26-8f7e-d1f6b1b07563: shutdown d36baf84-b85f-4b26-8f7e-d1f6b1b07563@group-6CB704DD8418-FollowerState
2021-09-21 18:26:34,946 [d36baf84-b85f-4b26-8f7e-d1f6b1b07563@group-6CB704DD8418-FollowerState] INFO  impl.FollowerState (FollowerState.java:run(143)) - d36baf84-b85f-4b26-8f7e-d1f6b1b07563@group-6CB704DD8418-FollowerState was interrupted: {}
java.lang.InterruptedException: sleep interrupted
	at java.lang.Thread.sleep(Native Method)
	at java.lang.Thread.sleep(Thread.java:340)
	at java.util.concurrent.TimeUnit.sleep(TimeUnit.java:386)
	at org.apache.ratis.util.TimeDuration.sleep(TimeDuration.java:324)
	at org.apache.ratis.util.TimeDuration.sleep(TimeDuration.java:309)
	at org.apache.ratis.server.impl.FollowerState.run(FollowerState.java:118)
2021-09-21 18:26:34,946 [d36baf84-b85f-4b26-8f7e-d1f6b1b07563@group-6CB704DD8418-StateMachineUpdater] INFO  ratis.ContainerStateMachine (ContainerStateMachine.java:takeSnapshot(292)) - group-6CB704DD8418: Taking a snapshot at:(t:7, i:2) file /home/runner/work/ozone/ozone/hadoop-ozone/integration-test/target/test-dir/MiniOzoneClusterImpl-8dff45f7-6a4c-4a77-aa6d-4bab94871626/datanode-0/data/ratis/1029a568-8727-427f-b6e2-6cb704dd8418/sm/snapshot.7_2
2021-09-21 18:26:34,946 [Listener at 127.0.0.1/38417] INFO  impl.StateMachineUpdater (StateMachineUpdater.java:stopAndJoin(149)) - d36baf84-b85f-4b26-8f7e-d1f6b1b07563@group-6CB704DD8418-StateMachineUpdater: set stopIndex = 2
2021-09-21 18:26:34,947 [d36baf84-b85f-4b26-8f7e-d1f6b1b07563@group-6CB704DD8418-StateMachineUpdater] INFO  ratis.ContainerStateMachine (ContainerStateMachine.java:takeSnapshot(303)) - group-6CB704DD8418: Finished taking a snapshot at:(t:7, i:2) file:/home/runner/work/ozone/ozone/hadoop-ozone/integration-test/target/test-dir/MiniOzoneClusterImpl-8dff45f7-6a4c-4a77-aa6d-4bab94871626/datanode-0/data/ratis/1029a568-8727-427f-b6e2-6cb704dd8418/sm/snapshot.7_2 took: 1 ms
2021-09-21 18:26:34,948 [d36baf84-b85f-4b26-8f7e-d1f6b1b07563@group-6CB704DD8418-StateMachineUpdater] INFO  impl.StateMachineUpdater (StateMachineUpdater.java:takeSnapshot(281)) - d36baf84-b85f-4b26-8f7e-d1f6b1b07563@group-6CB704DD8418-StateMachineUpdater: Took a snapshot at index 2
2021-09-21 18:26:34,948 [d36baf84-b85f-4b26-8f7e-d1f6b1b07563@group-6CB704DD8418-StateMachineUpdater] INFO  impl.StateMachineUpdater (StateMachineUpdater.java:lambda$new$0(89)) - d36baf84-b85f-4b26-8f7e-d1f6b1b07563@group-6CB704DD8418-StateMachineUpdater: snapshotIndex: updateIncreasingly -1 -> 2
2021-09-21 18:26:34,948 [Listener at 127.0.0.1/38417] INFO  server.RaftServer$Division (ServerState.java:close(419)) - d36baf84-b85f-4b26-8f7e-d1f6b1b07563@group-6CB704DD8418: closes. applyIndex: 2
2021-09-21 18:26:34,948 [d36baf84-b85f-4b26-8f7e-d1f6b1b07563@group-6CB704DD8418-SegmentedRaftLogWorker] INFO  segmented.SegmentedRaftLogWorker (SegmentedRaftLogWorker.java:run(327)) - d36baf84-b85f-4b26-8f7e-d1f6b1b07563@group-6CB704DD8418-SegmentedRaftLogWorker was interrupted, exiting. There are 0 tasks remaining in the queue.
2021-09-21 18:26:34,953 [Listener at 127.0.0.1/38417] INFO  segmented.SegmentedRaftLogWorker (SegmentedRaftLogWorker.java:close(237)) - d36baf84-b85f-4b26-8f7e-d1f6b1b07563@group-6CB704DD8418-SegmentedRaftLogWorker close()
2021-09-21 18:26:34,961 [Listener at 127.0.0.1/38417] INFO  server.RaftServer$Division (RaftServerImpl.java:lambda$close$4(407)) - d36baf84-b85f-4b26-8f7e-d1f6b1b07563@group-5490E1C9B297: shutdown
2021-09-21 18:26:34,961 [Listener at 127.0.0.1/38417] INFO  util.JmxRegister (JmxRegister.java:unregister(73)) - Successfully un-registered JMX Bean with object name Ratis:service=RaftServer,group=group-5490E1C9B297,id=d36baf84-b85f-4b26-8f7e-d1f6b1b07563
2021-09-21 18:26:34,961 [Listener at 127.0.0.1/38417] INFO  impl.RoleInfo (RoleInfo.java:shutdownFollowerState(108)) - d36baf84-b85f-4b26-8f7e-d1f6b1b07563: shutdown d36baf84-b85f-4b26-8f7e-d1f6b1b07563@group-5490E1C9B297-FollowerState
2021-09-21 18:26:34,961 [d36baf84-b85f-4b26-8f7e-d1f6b1b07563@group-5490E1C9B297-FollowerState] INFO  impl.FollowerState (FollowerState.java:run(143)) - d36baf84-b85f-4b26-8f7e-d1f6b1b07563@group-5490E1C9B297-FollowerState was interrupted: {}
java.lang.InterruptedException: sleep interrupted
	at java.lang.Thread.sleep(Native Method)
	at java.lang.Thread.sleep(Thread.java:340)
	at java.util.concurrent.TimeUnit.sleep(TimeUnit.java:386)
	at org.apache.ratis.util.TimeDuration.sleep(TimeDuration.java:324)
	at org.apache.ratis.util.TimeDuration.sleep(TimeDuration.java:309)
	at org.apache.ratis.server.impl.FollowerState.run(FollowerState.java:118)
2021-09-21 18:26:34,961 [d36baf84-b85f-4b26-8f7e-d1f6b1b07563@group-5490E1C9B297-StateMachineUpdater] INFO  ratis.ContainerStateMachine (ContainerStateMachine.java:takeSnapshot(292)) - group-5490E1C9B297: Taking a snapshot at:(t:7, i:0) file /home/runner/work/ozone/ozone/hadoop-ozone/integration-test/target/test-dir/MiniOzoneClusterImpl-8dff45f7-6a4c-4a77-aa6d-4bab94871626/datanode-0/data/ratis/e1e6257e-975c-4cff-961e-5490e1c9b297/sm/snapshot.7_0
2021-09-21 18:26:34,962 [Listener at 127.0.0.1/38417] INFO  impl.StateMachineUpdater (StateMachineUpdater.java:stopAndJoin(149)) - d36baf84-b85f-4b26-8f7e-d1f6b1b07563@group-5490E1C9B297-StateMachineUpdater: set stopIndex = 0
2021-09-21 18:26:34,962 [d36baf84-b85f-4b26-8f7e-d1f6b1b07563@group-5490E1C9B297-StateMachineUpdater] INFO  ratis.ContainerStateMachine (ContainerStateMachine.java:takeSnapshot(303)) - group-5490E1C9B297: Finished taking a snapshot at:(t:7, i:0) file:/home/runner/work/ozone/ozone/hadoop-ozone/integration-test/target/test-dir/MiniOzoneClusterImpl-8dff45f7-6a4c-4a77-aa6d-4bab94871626/datanode-0/data/ratis/e1e6257e-975c-4cff-961e-5490e1c9b297/sm/snapshot.7_0 took: 1 ms
2021-09-21 18:26:34,962 [d36baf84-b85f-4b26-8f7e-d1f6b1b07563@group-5490E1C9B297-StateMachineUpdater] INFO  impl.StateMachineUpdater (StateMachineUpdater.java:takeSnapshot(281)) - d36baf84-b85f-4b26-8f7e-d1f6b1b07563@group-5490E1C9B297-StateMachineUpdater: Took a snapshot at index 0
2021-09-21 18:26:34,963 [d36baf84-b85f-4b26-8f7e-d1f6b1b07563@group-5490E1C9B297-StateMachineUpdater] INFO  impl.StateMachineUpdater (StateMachineUpdater.java:lambda$new$0(89)) - d36baf84-b85f-4b26-8f7e-d1f6b1b07563@group-5490E1C9B297-StateMachineUpdater: snapshotIndex: updateIncreasingly -1 -> 0
2021-09-21 18:26:34,963 [Listener at 127.0.0.1/38417] INFO  server.RaftServer$Division (ServerState.java:close(419)) - d36baf84-b85f-4b26-8f7e-d1f6b1b07563@group-5490E1C9B297: closes. applyIndex: 0
2021-09-21 18:26:34,963 [d36baf84-b85f-4b26-8f7e-d1f6b1b07563@group-5490E1C9B297-SegmentedRaftLogWorker] INFO  segmented.SegmentedRaftLogWorker (SegmentedRaftLogWorker.java:run(327)) - d36baf84-b85f-4b26-8f7e-d1f6b1b07563@group-5490E1C9B297-SegmentedRaftLogWorker was interrupted, exiting. There are 0 tasks remaining in the queue.
2021-09-21 18:26:34,968 [Listener at 127.0.0.1/38417] INFO  segmented.SegmentedRaftLogWorker (SegmentedRaftLogWorker.java:close(237)) - d36baf84-b85f-4b26-8f7e-d1f6b1b07563@group-5490E1C9B297-SegmentedRaftLogWorker close()
2021-09-21 18:26:34,975 [Listener at 127.0.0.1/38417] INFO  server.GrpcService (GrpcService.java:closeImpl(262)) - d36baf84-b85f-4b26-8f7e-d1f6b1b07563: shutdown server with port 39631 now
2021-09-21 18:26:34,977 [Listener at 127.0.0.1/38417] INFO  server.GrpcService (GrpcService.java:closeImpl(271)) - d36baf84-b85f-4b26-8f7e-d1f6b1b07563: shutdown server with port 39631 successfully
2021-09-21 18:26:34,977 [org.apache.ratis.util.JvmPauseMonitor$$Lambda$531/911890161@2b9664bf] INFO  util.JvmPauseMonitor (JvmPauseMonitor.java:run(109)) - JvmPauseMonitor-d36baf84-b85f-4b26-8f7e-d1f6b1b07563: Stopped
2021-09-21 18:26:34,981 [Listener at 127.0.0.1/38417] INFO  utils.BackgroundService (BackgroundService.java:shutdown(132)) - Shutting down service BlockDeletingService
2021-09-21 18:26:37,999 [Listener at 127.0.0.1/38417] INFO  statemachine.DatanodeStateMachine (DatanodeStateMachine.java:stopDaemon(515)) - Ozone container server stopped.
2021-09-21 18:26:38,000 [Listener at 127.0.0.1/38417] INFO  handler.ContextHandler (ContextHandler.java:doStop(1153)) - Stopped o.e.j.w.WebAppContext@4192c5c5{hddsDatanode,/,null,STOPPED}{jar:file:/home/runner/.m2/repository/org/apache/ozone/hdds-container-service/1.2.0-SNAPSHOT/hdds-container-service-1.2.0-SNAPSHOT.jar!/webapps/hddsDatanode}
2021-09-21 18:26:38,007 [Listener at 127.0.0.1/38417] INFO  server.AbstractConnector (AbstractConnector.java:doStop(381)) - Stopped ServerConnector@3da9f1bf{HTTP/1.1, (http/1.1)}{0.0.0.0:0}
2021-09-21 18:26:38,007 [Listener at 127.0.0.1/38417] INFO  server.session (HouseKeeper.java:stopScavenging(149)) - node0 Stopped scavenging
2021-09-21 18:26:38,008 [Listener at 127.0.0.1/38417] INFO  handler.ContextHandler (ContextHandler.java:doStop(1153)) - Stopped o.e.j.s.ServletContextHandler@a1360f4{static,/static,jar:file:/home/runner/.m2/repository/org/apache/ozone/hdds-container-service/1.2.0-SNAPSHOT/hdds-container-service-1.2.0-SNAPSHOT.jar!/webapps/static,STOPPED}
2021-09-21 18:26:38,014 [Listener at 127.0.0.1/38417] INFO  handler.ContextHandler (ContextHandler.java:doStop(1153)) - Stopped o.e.j.s.ServletContextHandler@3af12b1e{logs,/logs,file:///home/runner/work/ozone/ozone/hadoop-ozone/integration-test/target/log,STOPPED}
2021-09-21 18:26:38,016 [Listener at 127.0.0.1/38417] INFO  ozone.MiniOzoneClusterImpl (MiniOzoneClusterImpl.java:stopSCM(542)) - Stopping the StorageContainerManager
2021-09-21 18:26:38,016 [Listener at 127.0.0.1/38417] INFO  server.StorageContainerManager (StorageContainerManager.java:stop(1371)) - Stopping Container Balancer service.
2021-09-21 18:26:38,017 [Listener at 127.0.0.1/38417] INFO  balancer.ContainerBalancer (ContainerBalancer.java:stop(717)) - Container Balancer is not running.
2021-09-21 18:26:38,017 [Listener at 127.0.0.1/38417] INFO  server.StorageContainerManager (StorageContainerManager.java:stop(1378)) - Stopping Replication Manager Service.
2021-09-21 18:26:38,017 [Listener at 127.0.0.1/38417] INFO  container.ReplicationManager (ReplicationManager.java:stop(350)) - Stopping Replication Monitor Thread.
2021-09-21 18:26:38,017 [Listener at 127.0.0.1/38417] INFO  server.StorageContainerManager (StorageContainerManager.java:stop(1385)) - Stopping the Datanode Admin Monitor.
2021-09-21 18:26:38,018 [Listener at 127.0.0.1/38417] INFO  server.StorageContainerManager (StorageContainerManager.java:stop(1392)) - Stopping Lease Manager of the command watchers
2021-09-21 18:26:38,018 [Listener at 127.0.0.1/38417] INFO  server.StorageContainerManager (StorageContainerManager.java:stop(1399)) - Stopping datanode service RPC server
2021-09-21 18:26:38,018 [Listener at 127.0.0.1/38417] INFO  server.SCMDatanodeProtocolServer (SCMDatanodeProtocolServer.java:stop(389)) - Stopping the RPC server for DataNodes
2021-09-21 18:26:38,018 [Listener at 127.0.0.1/38417] INFO  ipc.Server (Server.java:stop(3414)) - Stopping server on 39573
2021-09-21 18:26:38,021 [IPC Server listener on 0] INFO  ipc.Server (Server.java:run(1376)) - Stopping IPC Server listener on 0
2021-09-21 18:26:38,022 [IPC Server Responder] INFO  ipc.Server (Server.java:run(1512)) - Stopping IPC Server Responder
2021-09-21 18:26:38,058 [SCM Heartbeat Processing Thread - 0] WARN  node.NodeStateManager (NodeStateManager.java:scheduleNextHealthCheck(799)) - Current Thread is interrupted, shutting down HB processing thread for Node Manager.
2021-09-21 18:26:38,058 [Listener at 127.0.0.1/38417] INFO  server.StorageContainerManager (StorageContainerManager.java:stop(1407)) - Stopping block service RPC server
2021-09-21 18:26:38,058 [Listener at 127.0.0.1/38417] INFO  server.SCMBlockProtocolServer (SCMBlockProtocolServer.java:stop(160)) - Stopping the RPC server for Block Protocol
2021-09-21 18:26:38,058 [Listener at 127.0.0.1/38417] INFO  ipc.Server (Server.java:stop(3414)) - Stopping server on 40715
2021-09-21 18:26:38,060 [Listener at 127.0.0.1/38417] INFO  server.StorageContainerManager (StorageContainerManager.java:stop(1414)) - Stopping the StorageContainerLocationProtocol RPC server
2021-09-21 18:26:38,060 [IPC Server listener on 0] INFO  ipc.Server (Server.java:run(1376)) - Stopping IPC Server listener on 0
2021-09-21 18:26:38,060 [IPC Server Responder] INFO  ipc.Server (Server.java:run(1512)) - Stopping IPC Server Responder
2021-09-21 18:26:38,060 [Listener at 127.0.0.1/38417] INFO  server.SCMClientProtocolServer (SCMClientProtocolServer.java:stop(173)) - Stopping the RPC server for Client Protocol
2021-09-21 18:26:38,060 [Listener at 127.0.0.1/38417] INFO  ipc.Server (Server.java:stop(3414)) - Stopping server on 44927
2021-09-21 18:26:38,061 [Listener at 127.0.0.1/38417] INFO  server.StorageContainerManager (StorageContainerManager.java:stop(1421)) - Stopping Storage Container Manager HTTP server.
2021-09-21 18:26:38,062 [Listener at 127.0.0.1/38417] INFO  handler.ContextHandler (ContextHandler.java:doStop(1153)) - Stopped o.e.j.w.WebAppContext@cfacaf6{scm,/,null,STOPPED}{file:/home/runner/work/ozone/ozone/hadoop-ozone/integration-test/target/test-classes/webapps/scm}
2021-09-21 18:26:38,062 [IPC Server Responder] INFO  ipc.Server (Server.java:run(1512)) - Stopping IPC Server Responder
2021-09-21 18:26:38,063 [IPC Server listener on 0] INFO  ipc.Server (Server.java:run(1376)) - Stopping IPC Server listener on 0
2021-09-21 18:26:38,067 [Listener at 127.0.0.1/38417] INFO  server.AbstractConnector (AbstractConnector.java:doStop(381)) - Stopped ServerConnector@6d01cb17{HTTP/1.1, (http/1.1)}{0.0.0.0:0}
2021-09-21 18:26:38,069 [Listener at 127.0.0.1/38417] INFO  server.session (HouseKeeper.java:stopScavenging(149)) - node0 Stopped scavenging
2021-09-21 18:26:38,069 [Listener at 127.0.0.1/38417] INFO  handler.ContextHandler (ContextHandler.java:doStop(1153)) - Stopped o.e.j.s.ServletContextHandler@65f222e0{static,/static,file:///home/runner/work/ozone/ozone/hadoop-ozone/integration-test/target/test-classes/webapps/static,STOPPED}
2021-09-21 18:26:38,069 [Listener at 127.0.0.1/38417] INFO  handler.ContextHandler (ContextHandler.java:doStop(1153)) - Stopped o.e.j.s.ServletContextHandler@15188a15{logs,/logs,file:///home/runner/work/ozone/ozone/hadoop-ozone/integration-test/target/log,STOPPED}
2021-09-21 18:26:38,071 [Listener at 127.0.0.1/38417] INFO  server.StorageContainerManager (StorageContainerManager.java:stop(1432)) - Stopping Block Manager Service.
2021-09-21 18:26:38,073 [Listener at 127.0.0.1/38417] INFO  utils.BackgroundService (BackgroundService.java:shutdown(132)) - Shutting down service SCMBlockDeletingService
2021-09-21 18:26:38,073 [Listener at 127.0.0.1/38417] INFO  utils.BackgroundService (BackgroundService.java:shutdown(132)) - Shutting down service SCMBlockDeletingService
2021-09-21 18:26:38,074 [Listener at 127.0.0.1/38417] INFO  server.StorageContainerManager (StorageContainerManager.java:stop(1459)) - Stopping SCM Event Queue.
2021-09-21 18:26:38,082 [Listener at 127.0.0.1/38417] INFO  server.StorageContainerManager (StorageContainerManager.java:stop(1470)) - Stopping SCM HA services.
2021-09-21 18:26:38,082 [Listener at 127.0.0.1/38417] INFO  pipeline.BackgroundPipelineCreator (BackgroundPipelineCreatorV2.java:stop(158)) - Stopping RatisPipelineUtilsThread.
2021-09-21 18:26:38,091 [Listener at 127.0.0.1/38417] INFO  server.StorageContainerManager (StorageContainerManager.java:stop(1480)) - Stopping SCM MetadataStore.
2021-09-21 18:26:38,092 [Listener at 127.0.0.1/38417] INFO  impl.MetricsSystemImpl (MetricsSystemImpl.java:stop(210)) - Stopping XceiverClientMetrics metrics system...
2021-09-21 18:26:38,138 [prometheus] INFO  impl.MetricsSinkAdapter (MetricsSinkAdapter.java:publishMetricsFromQueue(141)) - prometheus thread interrupted.
2021-09-21 18:26:38,138 [Listener at 127.0.0.1/38417] INFO  impl.MetricsSystemImpl (MetricsSystemImpl.java:stop(216)) - XceiverClientMetrics metrics system stopped.
]]></system-out>
  </testcase>
  <testcase name="testDatanodeFailureWithPreAllocation" classname="org.apache.hadoop.ozone.client.rpc.TestBlockOutputStreamWithFailures" time="107.81"/>
  <testcase name="testDatanodeFailureWithSingleNodeRatis" classname="org.apache.hadoop.ozone.client.rpc.TestBlockOutputStreamWithFailures" time="105.64"/>
  <testcase name="testWatchForCommitWithSingleNodeRatis" classname="org.apache.hadoop.ozone.client.rpc.TestBlockOutputStreamWithFailures" time="58.626"/>
  <testcase name="testWatchForCommitDatanodeFailure" classname="org.apache.hadoop.ozone.client.rpc.TestBlockOutputStreamWithFailures" time="57.201"/>
  <testcase name="testFailureWithPrimeSizedData" classname="org.apache.hadoop.ozone.client.rpc.TestBlockOutputStreamWithFailures" time="56.931"/>
  <testcase name="testWatchForCommitWithCloseContainerException" classname="org.apache.hadoop.ozone.client.rpc.TestBlockOutputStreamWithFailures" time="53.728"/>
  <testcase name="testExceptionDuringClose" classname="org.apache.hadoop.ozone.client.rpc.TestBlockOutputStreamWithFailures" time="55.627"/>
</testsuite>