<?xml version="1.0" encoding="UTF-8"?>
<testsuite xmlns:xsi="http://www.w3.org/2001/XMLSchema-instance" xsi:noNamespaceSchemaLocation="https://maven.apache.org/surefire/maven-surefire-plugin/xsd/surefire-test-report.xsd" name="org.apache.hadoop.ozone.client.rpc.TestWatchForCommit" time="193.374" tests="4" errors="1" skipped="0" failures="0">
  <properties>
    <property name="awt.toolkit" value="sun.awt.X11.XToolkit"/>
    <property name="file.encoding.pkg" value="sun.io"/>
    <property name="java.specification.version" value="1.8"/>
    <property name="sun.cpu.isalist" value=""/>
    <property name="sun.jnu.encoding" value="ANSI_X3.4-1968"/>
    <property name="java.class.path" value="/github/workspace/mnt/ozone/hadoop-ozone/integration-test/target/test-classes:/github/workspace/mnt/ozone/hadoop-ozone/integration-test/target/classes:/home/user/.m2/repository/org/apache/hadoop/hadoop-ozone-common/1.1.0-SNAPSHOT/hadoop-ozone-common-1.1.0-SNAPSHOT.jar:/home/user/.m2/repository/org/apache/commons/commons-compress/1.4.1/commons-compress-1.4.1.jar:/home/user/.m2/repository/org/tukaani/xz/1.0/xz-1.0.jar:/home/user/.m2/repository/org/apache/hadoop/hadoop-hdds-common/1.1.0-SNAPSHOT/hadoop-hdds-common-1.1.0-SNAPSHOT.jar:/home/user/.m2/repository/org/apache/hadoop/hadoop-hdds-client/1.1.0-SNAPSHOT/hadoop-hdds-client-1.1.0-SNAPSHOT.jar:/home/user/.m2/repository/org/apache/hadoop/hadoop-ozone-interface-client/1.1.0-SNAPSHOT/hadoop-ozone-interface-client-1.1.0-SNAPSHOT.jar:/home/user/.m2/repository/org/apache/hadoop/hadoop-hdds-test-utils/1.1.0-SNAPSHOT/hadoop-hdds-test-utils-1.1.0-SNAPSHOT.jar:/home/user/.m2/repository/com/google/guava/guava/28.2-jre/guava-28.2-jre.jar:/home/user/.m2/repository/com/google/guava/failureaccess/1.0.1/failureaccess-1.0.1.jar:/home/user/.m2/repository/com/google/guava/listenablefuture/9999.0-empty-to-avoid-conflict-with-guava/listenablefuture-9999.0-empty-to-avoid-conflict-with-guava.jar:/home/user/.m2/repository/com/google/code/findbugs/jsr305/3.0.0/jsr305-3.0.0.jar:/home/user/.m2/repository/org/checkerframework/checker-qual/2.10.0/checker-qual-2.10.0.jar:/home/user/.m2/repository/com/google/errorprone/error_prone_annotations/2.2.0/error_prone_annotations-2.2.0.jar:/home/user/.m2/repository/com/google/j2objc/j2objc-annotations/1.3/j2objc-annotations-1.3.jar:/home/user/.m2/repository/commons-io/commons-io/2.5/commons-io-2.5.jar:/home/user/.m2/repository/commons-logging/commons-logging/1.2/commons-logging-1.2.jar:/home/user/.m2/repository/log4j/log4j/1.2.17/log4j-1.2.17.jar:/home/user/.m2/repository/org/slf4j/slf4j-api/1.7.30/slf4j-api-1.7.30.jar:/home/user/.m2/repository/org/apache/hadoop/hadoop-hdds-server-scm/1.1.0-SNAPSHOT/hadoop-hdds-server-scm-1.1.0-SNAPSHOT.jar:/home/user/.m2/repository/org/apache/hadoop/hadoop-hdds-container-service/1.1.0-SNAPSHOT/hadoop-hdds-container-service-1.1.0-SNAPSHOT.jar:/home/user/.m2/repository/org/apache/hadoop/hadoop-hdds-hadoop-dependency-server/1.1.0-SNAPSHOT/hadoop-hdds-hadoop-dependency-server-1.1.0-SNAPSHOT.jar:/home/user/.m2/repository/org/apache/hadoop/hadoop-hdfs/3.2.2/hadoop-hdfs-3.2.2.jar:/home/user/.m2/repository/org/apache/hadoop/hadoop-hdds-server-framework/1.1.0-SNAPSHOT/hadoop-hdds-server-framework-1.1.0-SNAPSHOT.jar:/home/user/.m2/repository/org/apache/hadoop/hadoop-hdds-interface-server/1.1.0-SNAPSHOT/hadoop-hdds-interface-server-1.1.0-SNAPSHOT.jar:/home/user/.m2/repository/org/apache/hadoop/hadoop-hdds-interface-admin/1.1.0-SNAPSHOT/hadoop-hdds-interface-admin-1.1.0-SNAPSHOT.jar:/home/user/.m2/repository/org/eclipse/jetty/jetty-servlet/9.4.34.v20201102/jetty-servlet-9.4.34.v20201102.jar:/home/user/.m2/repository/org/eclipse/jetty/jetty-security/9.4.34.v20201102/jetty-security-9.4.34.v20201102.jar:/home/user/.m2/repository/org/rocksdb/rocksdbjni/6.8.1/rocksdbjni-6.8.1.jar:/home/user/.m2/repository/io/prometheus/simpleclient_dropwizard/0.7.0/simpleclient_dropwizard-0.7.0.jar:/home/user/.m2/repository/io/prometheus/simpleclient/0.7.0/simpleclient-0.7.0.jar:/home/user/.m2/repository/io/prometheus/simpleclient_common/0.7.0/simpleclient_common-0.7.0.jar:/home/user/.m2/repository/com/fasterxml/jackson/datatype/jackson-datatype-jsr310/2.10.3/jackson-datatype-jsr310-2.10.3.jar:/home/user/.m2/repository/io/dropwizard/metrics/metrics-core/3.2.4/metrics-core-3.2.4.jar:/home/user/.m2/repository/org/apache/hadoop/hadoop-hdfs-client/3.2.2/hadoop-hdfs-client-3.2.2.jar:/home/user/.m2/repository/org/bouncycastle/bcprov-jdk15on/1.67/bcprov-jdk15on-1.67.jar:/home/user/.m2/repository/org/apache/hadoop/hadoop-ozone-ozone-manager/1.1.0-SNAPSHOT/hadoop-ozone-ozone-manager-1.1.0-SNAPSHOT.jar:/home/user/.m2/repository/org/apache/hadoop/hadoop-hdds-interface-client/1.1.0-SNAPSHOT/hadoop-hdds-interface-client-1.1.0-SNAPSHOT.jar:/home/user/.m2/repository/org/apache/ratis/ratis-thirdparty-misc/0.6.0/ratis-thirdparty-misc-0.6.0.jar:/home/user/.m2/repository/org/apache/hadoop/hadoop-ozone-interface-storage/1.1.0-SNAPSHOT/hadoop-ozone-interface-storage-1.1.0-SNAPSHOT.jar:/home/user/.m2/repository/org/apache/hadoop/hadoop-minikdc/3.2.2/hadoop-minikdc-3.2.2.jar:/home/user/.m2/repository/org/apache/kerby/kerb-simplekdc/1.0.1/kerb-simplekdc-1.0.1.jar:/home/user/.m2/repository/org/apache/kerby/kerb-client/1.0.1/kerb-client-1.0.1.jar:/home/user/.m2/repository/org/apache/kerby/kerby-config/1.0.1/kerby-config-1.0.1.jar:/home/user/.m2/repository/org/apache/kerby/kerb-core/1.0.1/kerb-core-1.0.1.jar:/home/user/.m2/repository/org/apache/kerby/kerby-pkix/1.0.1/kerby-pkix-1.0.1.jar:/home/user/.m2/repository/org/apache/kerby/kerby-asn1/1.0.1/kerby-asn1-1.0.1.jar:/home/user/.m2/repository/org/apache/kerby/kerby-util/1.0.1/kerby-util-1.0.1.jar:/home/user/.m2/repository/org/apache/kerby/kerb-common/1.0.1/kerb-common-1.0.1.jar:/home/user/.m2/repository/org/apache/kerby/kerb-crypto/1.0.1/kerb-crypto-1.0.1.jar:/home/user/.m2/repository/org/apache/kerby/kerb-util/1.0.1/kerb-util-1.0.1.jar:/home/user/.m2/repository/org/apache/kerby/token-provider/1.0.1/token-provider-1.0.1.jar:/home/user/.m2/repository/org/apache/kerby/kerb-admin/1.0.1/kerb-admin-1.0.1.jar:/home/user/.m2/repository/org/apache/kerby/kerb-server/1.0.1/kerb-server-1.0.1.jar:/home/user/.m2/repository/org/apache/kerby/kerb-identity/1.0.1/kerb-identity-1.0.1.jar:/home/user/.m2/repository/org/apache/kerby/kerby-xdr/1.0.1/kerby-xdr-1.0.1.jar:/home/user/.m2/repository/org/slf4j/slf4j-log4j12/1.7.30/slf4j-log4j12-1.7.30.jar:/home/user/.m2/repository/org/apache/hadoop/hadoop-ozone-s3gateway/1.1.0-SNAPSHOT/hadoop-ozone-s3gateway-1.1.0-SNAPSHOT.jar:/home/user/.m2/repository/org/jboss/weld/servlet/weld-servlet/2.4.7.Final/weld-servlet-2.4.7.Final.jar:/home/user/.m2/repository/org/glassfish/jersey/containers/jersey-container-servlet-core/2.27/jersey-container-servlet-core-2.27.jar:/home/user/.m2/repository/org/glassfish/hk2/external/javax.inject/2.5.0-b42/javax.inject-2.5.0-b42.jar:/home/user/.m2/repository/org/glassfish/jersey/core/jersey-common/2.27/jersey-common-2.27.jar:/home/user/.m2/repository/org/glassfish/hk2/osgi-resource-locator/1.0.1/osgi-resource-locator-1.0.1.jar:/home/user/.m2/repository/javax/ws/rs/javax.ws.rs-api/2.1/javax.ws.rs-api-2.1.jar:/home/user/.m2/repository/org/glassfish/jersey/ext/cdi/jersey-cdi1x/2.27/jersey-cdi1x-2.27.jar:/home/user/.m2/repository/org/glassfish/jersey/inject/jersey-hk2/2.27/jersey-hk2-2.27.jar:/home/user/.m2/repository/org/glassfish/hk2/hk2-locator/2.5.0-b42/hk2-locator-2.5.0-b42.jar:/home/user/.m2/repository/org/javassist/javassist/3.22.0-CR2/javassist-3.22.0-CR2.jar:/home/user/.m2/repository/org/glassfish/hk2/hk2-api/2.5.0/hk2-api-2.5.0.jar:/home/user/.m2/repository/org/glassfish/hk2/external/jakarta.inject/2.5.0/jakarta.inject-2.5.0.jar:/home/user/.m2/repository/org/glassfish/hk2/hk2-utils/2.5.0/hk2-utils-2.5.0.jar:/home/user/.m2/repository/jakarta/annotation/jakarta.annotation-api/1.3.4/jakarta.annotation-api-1.3.4.jar:/home/user/.m2/repository/org/glassfish/hk2/external/aopalliance-repackaged/2.5.0/aopalliance-repackaged-2.5.0.jar:/home/user/.m2/repository/com/fasterxml/jackson/dataformat/jackson-dataformat-xml/2.10.3/jackson-dataformat-xml-2.10.3.jar:/home/user/.m2/repository/com/fasterxml/jackson/core/jackson-core/2.10.3/jackson-core-2.10.3.jar:/home/user/.m2/repository/com/fasterxml/jackson/module/jackson-module-jaxb-annotations/2.10.3/jackson-module-jaxb-annotations-2.10.3.jar:/home/user/.m2/repository/jakarta/xml/bind/jakarta.xml.bind-api/2.3.2/jakarta.xml.bind-api-2.3.2.jar:/home/user/.m2/repository/jakarta/activation/jakarta.activation-api/1.2.1/jakarta.activation-api-1.2.1.jar:/home/user/.m2/repository/org/codehaus/woodstox/stax2-api/3.1.4/stax2-api-3.1.4.jar:/home/user/.m2/repository/com/fasterxml/woodstox/woodstox-core/5.0.3/woodstox-core-5.0.3.jar:/home/user/.m2/repository/javax/enterprise/cdi-api/1.2/cdi-api-1.2.jar:/home/user/.m2/repository/javax/el/javax.el-api/3.0.0/javax.el-api-3.0.0.jar:/home/user/.m2/repository/javax/interceptor/javax.interceptor-api/1.2/javax.interceptor-api-1.2.jar:/home/user/.m2/repository/javax/inject/javax.inject/1/javax.inject-1.jar:/home/user/.m2/repository/com/sun/xml/bind/jaxb-impl/2.3.0.1/jaxb-impl-2.3.0.1.jar:/home/user/.m2/repository/com/sun/xml/bind/jaxb-core/2.3.0.1/jaxb-core-2.3.0.1.jar:/home/user/.m2/repository/javax/xml/bind/jaxb-api/2.3.0/jaxb-api-2.3.0.jar:/home/user/.m2/repository/javax/activation/activation/1.1.1/activation-1.1.1.jar:/home/user/.m2/repository/org/apache/hadoop/hadoop-ozone-csi/1.1.0-SNAPSHOT/hadoop-ozone-csi-1.1.0-SNAPSHOT.jar:/home/user/.m2/repository/com/google/protobuf/protobuf-java-util/3.12.0/protobuf-java-util-3.12.0.jar:/home/user/.m2/repository/com/google/code/gson/gson/2.2.4/gson-2.2.4.jar:/home/user/.m2/repository/org/apache/hadoop/hadoop-hdds-config/1.1.0-SNAPSHOT/hadoop-hdds-config-1.1.0-SNAPSHOT.jar:/home/user/.m2/repository/com/google/protobuf/protobuf-java/2.5.0/protobuf-java-2.5.0.jar:/home/user/.m2/repository/io/grpc/grpc-netty/1.33.0/grpc-netty-1.33.0.jar:/home/user/.m2/repository/io/grpc/grpc-core/1.33.0/grpc-core-1.33.0.jar:/home/user/.m2/repository/com/google/android/annotations/4.1.1.4/annotations-4.1.1.4.jar:/home/user/.m2/repository/io/netty/netty-codec-http2/4.1.51.Final/netty-codec-http2-4.1.51.Final.jar:/home/user/.m2/repository/io/netty/netty-codec/4.1.51.Final/netty-codec-4.1.51.Final.jar:/home/user/.m2/repository/io/netty/netty-handler/4.1.51.Final/netty-handler-4.1.51.Final.jar:/home/user/.m2/repository/io/netty/netty-codec-http/4.1.51.Final/netty-codec-http-4.1.51.Final.jar:/home/user/.m2/repository/io/netty/netty-handler-proxy/4.1.51.Final/netty-handler-proxy-4.1.51.Final.jar:/home/user/.m2/repository/io/netty/netty-codec-socks/4.1.51.Final/netty-codec-socks-4.1.51.Final.jar:/home/user/.m2/repository/io/perfmark/perfmark-api/0.19.0/perfmark-api-0.19.0.jar:/home/user/.m2/repository/org/codehaus/mojo/animal-sniffer-annotations/1.18/animal-sniffer-annotations-1.18.jar:/home/user/.m2/repository/io/netty/netty-transport-native-epoll/4.1.51.Final/netty-transport-native-epoll-4.1.51.Final.jar:/home/user/.m2/repository/io/netty/netty-common/4.1.51.Final/netty-common-4.1.51.Final.jar:/home/user/.m2/repository/io/netty/netty-buffer/4.1.51.Final/netty-buffer-4.1.51.Final.jar:/home/user/.m2/repository/io/netty/netty-transport/4.1.51.Final/netty-transport-4.1.51.Final.jar:/home/user/.m2/repository/io/netty/netty-resolver/4.1.51.Final/netty-resolver-4.1.51.Final.jar:/home/user/.m2/repository/io/netty/netty-transport-native-unix-common/4.1.51.Final/netty-transport-native-unix-common-4.1.51.Final.jar:/home/user/.m2/repository/io/grpc/grpc-protobuf/1.33.0/grpc-protobuf-1.33.0.jar:/home/user/.m2/repository/io/grpc/grpc-api/1.33.0/grpc-api-1.33.0.jar:/home/user/.m2/repository/io/grpc/grpc-context/1.33.0/grpc-context-1.33.0.jar:/home/user/.m2/repository/com/google/api/grpc/proto-google-common-protos/1.17.0/proto-google-common-protos-1.17.0.jar:/home/user/.m2/repository/io/grpc/grpc-protobuf-lite/1.33.0/grpc-protobuf-lite-1.33.0.jar:/home/user/.m2/repository/io/grpc/grpc-stub/1.33.0/grpc-stub-1.33.0.jar:/home/user/.m2/repository/org/apache/hadoop/hadoop-ozone-recon/1.1.0-SNAPSHOT/hadoop-ozone-recon-1.1.0-SNAPSHOT.jar:/home/user/.m2/repository/org/apache/hadoop/hadoop-ozone-reconcodegen/1.1.0-SNAPSHOT/hadoop-ozone-reconcodegen-1.1.0-SNAPSHOT.jar:/home/user/.m2/repository/com/google/inject/extensions/guice-multibindings/4.0/guice-multibindings-4.0.jar:/home/user/.m2/repository/com/google/inject/guice/4.0/guice-4.0.jar:/home/user/.m2/repository/aopalliance/aopalliance/1.0/aopalliance-1.0.jar:/home/user/.m2/repository/com/google/inject/extensions/guice-assistedinject/4.0/guice-assistedinject-4.0.jar:/home/user/.m2/repository/com/google/inject/extensions/guice-servlet/4.0/guice-servlet-4.0.jar:/home/user/.m2/repository/org/glassfish/jersey/containers/jersey-container-servlet/2.27/jersey-container-servlet-2.27.jar:/home/user/.m2/repository/org/glassfish/hk2/guice-bridge/2.5.0/guice-bridge-2.5.0.jar:/home/user/.m2/repository/org/glassfish/jersey/core/jersey-server/2.27/jersey-server-2.27.jar:/home/user/.m2/repository/org/glassfish/jersey/core/jersey-client/2.27/jersey-client-2.27.jar:/home/user/.m2/repository/org/glassfish/jersey/media/jersey-media-jaxb/2.27/jersey-media-jaxb-2.27.jar:/home/user/.m2/repository/javax/validation/validation-api/1.1.0.Final/validation-api-1.1.0.Final.jar:/home/user/.m2/repository/org/glassfish/jersey/media/jersey-media-json-jackson/2.27/jersey-media-json-jackson-2.27.jar:/home/user/.m2/repository/org/glassfish/jersey/ext/jersey-entity-filtering/2.27/jersey-entity-filtering-2.27.jar:/home/user/.m2/repository/org/jooq/jooq/3.11.10/jooq-3.11.10.jar:/home/user/.m2/repository/org/jooq/jooq-meta/3.11.10/jooq-meta-3.11.10.jar:/home/user/.m2/repository/org/jooq/jooq-codegen/3.11.10/jooq-codegen-3.11.10.jar:/home/user/.m2/repository/com/jolbox/bonecp/0.8.0.RELEASE/bonecp-0.8.0.RELEASE.jar:/home/user/.m2/repository/org/apache/derby/derby/10.14.2.0/derby-10.14.2.0.jar:/home/user/.m2/repository/org/xerial/sqlite-jdbc/3.25.2/sqlite-jdbc-3.25.2.jar:/home/user/.m2/repository/org/springframework/spring-jdbc/5.2.11.RELEASE/spring-jdbc-5.2.11.RELEASE.jar:/home/user/.m2/repository/org/springframework/spring-beans/5.2.11.RELEASE/spring-beans-5.2.11.RELEASE.jar:/home/user/.m2/repository/org/springframework/spring-core/5.2.11.RELEASE/spring-core-5.2.11.RELEASE.jar:/home/user/.m2/repository/org/springframework/spring-jcl/5.2.11.RELEASE/spring-jcl-5.2.11.RELEASE.jar:/home/user/.m2/repository/org/springframework/spring-tx/5.2.11.RELEASE/spring-tx-5.2.11.RELEASE.jar:/home/user/.m2/repository/org/apache/hadoop/hadoop-ozone-client/1.1.0-SNAPSHOT/hadoop-ozone-client-1.1.0-SNAPSHOT.jar:/home/user/.m2/repository/org/apache/hadoop/hadoop-ozone-filesystem/1.1.0-SNAPSHOT/hadoop-ozone-filesystem-1.1.0-SNAPSHOT.jar:/home/user/.m2/repository/org/apache/hadoop/hadoop-ozone-filesystem-common/1.1.0-SNAPSHOT/hadoop-ozone-filesystem-common-1.1.0-SNAPSHOT.jar:/home/user/.m2/repository/org/apache/hadoop/hadoop-ozone-tools/1.1.0-SNAPSHOT/hadoop-ozone-tools-1.1.0-SNAPSHOT.jar:/home/user/.m2/repository/org/apache/ratis/ratis-tools/1.1.0-0bdf24f-SNAPSHOT/ratis-tools-1.1.0-0bdf24f-SNAPSHOT.jar:/home/user/.m2/repository/org/apache/ratis/ratis-proto/1.1.0-0bdf24f-SNAPSHOT/ratis-proto-1.1.0-0bdf24f-SNAPSHOT.jar:/home/user/.m2/repository/org/apache/ratis/ratis-common/1.1.0-0bdf24f-SNAPSHOT/ratis-common-1.1.0-0bdf24f-SNAPSHOT.jar:/home/user/.m2/repository/com/amazonaws/aws-java-sdk-core/1.11.901/aws-java-sdk-core-1.11.901.jar:/home/user/.m2/repository/org/apache/httpcomponents/httpclient/4.5.13/httpclient-4.5.13.jar:/home/user/.m2/repository/org/apache/httpcomponents/httpcore/4.4.13/httpcore-4.4.13.jar:/home/user/.m2/repository/software/amazon/ion/ion-java/1.0.2/ion-java-1.0.2.jar:/home/user/.m2/repository/com/fasterxml/jackson/dataformat/jackson-dataformat-cbor/2.10.3/jackson-dataformat-cbor-2.10.3.jar:/home/user/.m2/repository/joda-time/joda-time/2.8.1/joda-time-2.8.1.jar:/home/user/.m2/repository/com/amazonaws/aws-java-sdk-s3/1.11.901/aws-java-sdk-s3-1.11.901.jar:/home/user/.m2/repository/com/amazonaws/aws-java-sdk-kms/1.11.901/aws-java-sdk-kms-1.11.901.jar:/home/user/.m2/repository/com/amazonaws/jmespath-java/1.11.901/jmespath-java-1.11.901.jar:/home/user/.m2/repository/org/kohsuke/metainf-services/metainf-services/1.8/metainf-services-1.8.jar:/home/user/.m2/repository/org/apache/hadoop/hadoop-hdds-tools/1.1.0-SNAPSHOT/hadoop-hdds-tools-1.1.0-SNAPSHOT.jar:/home/user/.m2/repository/commons-cli/commons-cli/1.2/commons-cli-1.2.jar:/home/user/.m2/repository/org/apache/commons/commons-lang3/3.7/commons-lang3-3.7.jar:/home/user/.m2/repository/org/apache/hadoop/hadoop-ozone-ozone-manager/1.1.0-SNAPSHOT/hadoop-ozone-ozone-manager-1.1.0-SNAPSHOT-tests.jar:/home/user/.m2/repository/org/apache/hadoop/hadoop-hdds-common/1.1.0-SNAPSHOT/hadoop-hdds-common-1.1.0-SNAPSHOT-tests.jar:/home/user/.m2/repository/org/apache/hadoop/hadoop-hdds-hadoop-dependency-client/1.1.0-SNAPSHOT/hadoop-hdds-hadoop-dependency-client-1.1.0-SNAPSHOT.jar:/home/user/.m2/repository/info/picocli/picocli/4.4.0/picocli-4.4.0.jar:/home/user/.m2/repository/com/fasterxml/jackson/core/jackson-annotations/2.10.3/jackson-annotations-2.10.3.jar:/home/user/.m2/repository/javax/annotation/javax.annotation-api/1.2/javax.annotation-api-1.2.jar:/home/user/.m2/repository/org/fusesource/leveldbjni/leveldbjni-all/1.8/leveldbjni-all-1.8.jar:/home/user/.m2/repository/org/apache/ratis/ratis-server/1.1.0-0bdf24f-SNAPSHOT/ratis-server-1.1.0-0bdf24f-SNAPSHOT.jar:/home/user/.m2/repository/org/apache/ratis/ratis-client/1.1.0-0bdf24f-SNAPSHOT/ratis-client-1.1.0-0bdf24f-SNAPSHOT.jar:/home/user/.m2/repository/org/apache/ratis/ratis-server-api/1.1.0-0bdf24f-SNAPSHOT/ratis-server-api-1.1.0-0bdf24f-SNAPSHOT.jar:/home/user/.m2/repository/org/apache/ratis/ratis-metrics/1.1.0-0bdf24f-SNAPSHOT/ratis-metrics-1.1.0-0bdf24f-SNAPSHOT.jar:/home/user/.m2/repository/org/apache/ratis/ratis-netty/1.1.0-0bdf24f-SNAPSHOT/ratis-netty-1.1.0-0bdf24f-SNAPSHOT.jar:/home/user/.m2/repository/org/apache/ratis/ratis-grpc/1.1.0-0bdf24f-SNAPSHOT/ratis-grpc-1.1.0-0bdf24f-SNAPSHOT.jar:/home/user/.m2/repository/org/apache/logging/log4j/log4j-api/2.13.3/log4j-api-2.13.3.jar:/home/user/.m2/repository/org/apache/logging/log4j/log4j-core/2.13.3/log4j-core-2.13.3.jar:/home/user/.m2/repository/com/lmax/disruptor/3.4.2/disruptor-3.4.2.jar:/home/user/.m2/repository/org/apache/commons/commons-pool2/2.6.0/commons-pool2-2.6.0.jar:/home/user/.m2/repository/org/bouncycastle/bcpkix-jdk15on/1.67/bcpkix-jdk15on-1.67.jar:/home/user/.m2/repository/commons-validator/commons-validator/1.6/commons-validator-1.6.jar:/home/user/.m2/repository/commons-beanutils/commons-beanutils/1.9.4/commons-beanutils-1.9.4.jar:/home/user/.m2/repository/commons-digester/commons-digester/1.8.1/commons-digester-1.8.1.jar:/home/user/.m2/repository/commons-collections/commons-collections/3.2.2/commons-collections-3.2.2.jar:/home/user/.m2/repository/io/jaegertracing/jaeger-client/1.2.0/jaeger-client-1.2.0.jar:/home/user/.m2/repository/io/jaegertracing/jaeger-thrift/1.2.0/jaeger-thrift-1.2.0.jar:/home/user/.m2/repository/org/apache/thrift/libthrift/0.13.0/libthrift-0.13.0.jar:/home/user/.m2/repository/com/squareup/okhttp3/okhttp/4.2.2/okhttp-4.2.2.jar:/home/user/.m2/repository/com/squareup/okio/okio/2.2.2/okio-2.2.2.jar:/home/user/.m2/repository/org/jetbrains/kotlin/kotlin-stdlib/1.3.50/kotlin-stdlib-1.3.50.jar:/home/user/.m2/repository/org/jetbrains/kotlin/kotlin-stdlib-common/1.3.50/kotlin-stdlib-common-1.3.50.jar:/home/user/.m2/repository/org/jetbrains/annotations/13.0/annotations-13.0.jar:/home/user/.m2/repository/io/jaegertracing/jaeger-core/1.2.0/jaeger-core-1.2.0.jar:/home/user/.m2/repository/io/jaegertracing/jaeger-tracerresolver/1.2.0/jaeger-tracerresolver-1.2.0.jar:/home/user/.m2/repository/io/opentracing/contrib/opentracing-tracerresolver/0.1.8/opentracing-tracerresolver-0.1.8.jar:/home/user/.m2/repository/io/opentracing/opentracing-util/0.33.0/opentracing-util-0.33.0.jar:/home/user/.m2/repository/io/opentracing/opentracing-api/0.33.0/opentracing-api-0.33.0.jar:/home/user/.m2/repository/io/opentracing/opentracing-noop/0.33.0/opentracing-noop-0.33.0.jar:/home/user/.m2/repository/org/yaml/snakeyaml/1.26/snakeyaml-1.26.jar:/home/user/.m2/repository/junit/junit/4.13.1/junit-4.13.1.jar:/home/user/.m2/repository/org/hamcrest/hamcrest-core/1.3/hamcrest-core-1.3.jar:/home/user/.m2/repository/org/junit/jupiter/junit-jupiter-api/5.7.0/junit-jupiter-api-5.7.0.jar:/home/user/.m2/repository/org/apiguardian/apiguardian-api/1.1.0/apiguardian-api-1.1.0.jar:/home/user/.m2/repository/org/opentest4j/opentest4j/1.2.0/opentest4j-1.2.0.jar:/home/user/.m2/repository/org/junit/platform/junit-platform-commons/1.7.0/junit-platform-commons-1.7.0.jar:/home/user/.m2/repository/org/junit/jupiter/junit-jupiter-engine/5.7.0/junit-jupiter-engine-5.7.0.jar:/home/user/.m2/repository/org/junit/platform/junit-platform-engine/1.7.0/junit-platform-engine-1.7.0.jar:/home/user/.m2/repository/org/junit/vintage/junit-vintage-engine/5.7.0/junit-vintage-engine-5.7.0.jar:/home/user/.m2/repository/org/junit/platform/junit-platform-launcher/1.7.0/junit-platform-launcher-1.7.0.jar:/home/user/.m2/repository/org/openjdk/jmh/jmh-core/1.19/jmh-core-1.19.jar:/home/user/.m2/repository/net/sf/jopt-simple/jopt-simple/4.6/jopt-simple-4.6.jar:/home/user/.m2/repository/org/apache/commons/commons-math3/3.1.1/commons-math3-3.1.1.jar:/home/user/.m2/repository/org/openjdk/jmh/jmh-generator-annprocess/1.19/jmh-generator-annprocess-1.19.jar:/home/user/.m2/repository/org/mockito/mockito-all/1.8.5/mockito-all-1.8.5.jar:/home/user/.m2/repository/org/apache/hadoop/hadoop-kms/3.2.2/hadoop-kms-3.2.2.jar:/home/user/.m2/repository/org/apache/hadoop/hadoop-auth/3.2.2/hadoop-auth-3.2.2.jar:/home/user/.m2/repository/com/nimbusds/nimbus-jose-jwt/7.9/nimbus-jose-jwt-7.9.jar:/home/user/.m2/repository/com/github/stephenc/jcip/jcip-annotations/1.0-1/jcip-annotations-1.0-1.jar:/home/user/.m2/repository/net/minidev/json-smart/2.3/json-smart-2.3.jar:/home/user/.m2/repository/net/minidev/accessors-smart/1.2/accessors-smart-1.2.jar:/home/user/.m2/repository/org/ow2/asm/asm/5.0.4/asm-5.0.4.jar:/home/user/.m2/repository/org/apache/zookeeper/zookeeper/3.4.13/zookeeper-3.4.13.jar:/home/user/.m2/repository/org/apache/yetus/audience-annotations/0.5.0/audience-annotations-0.5.0.jar:/home/user/.m2/repository/org/apache/curator/curator-framework/2.13.0/curator-framework-2.13.0.jar:/home/user/.m2/repository/com/sun/jersey/jersey-core/1.19/jersey-core-1.19.jar:/home/user/.m2/repository/javax/ws/rs/jsr311-api/1.1.1/jsr311-api-1.1.1.jar:/home/user/.m2/repository/com/sun/jersey/jersey-server/1.19/jersey-server-1.19.jar:/home/user/.m2/repository/javax/servlet/javax.servlet-api/3.1.0/javax.servlet-api-3.1.0.jar:/home/user/.m2/repository/org/eclipse/jetty/jetty-server/9.4.34.v20201102/jetty-server-9.4.34.v20201102.jar:/home/user/.m2/repository/org/eclipse/jetty/jetty-http/9.4.34.v20201102/jetty-http-9.4.34.v20201102.jar:/home/user/.m2/repository/org/eclipse/jetty/jetty-io/9.4.34.v20201102/jetty-io-9.4.34.v20201102.jar:/home/user/.m2/repository/org/eclipse/jetty/jetty-webapp/9.4.34.v20201102/jetty-webapp-9.4.34.v20201102.jar:/home/user/.m2/repository/org/eclipse/jetty/jetty-xml/9.4.34.v20201102/jetty-xml-9.4.34.v20201102.jar:/home/user/.m2/repository/org/apache/hadoop/hadoop-common/3.2.2/hadoop-common-3.2.2.jar:/home/user/.m2/repository/commons-net/commons-net/3.6/commons-net-3.6.jar:/home/user/.m2/repository/javax/activation/javax.activation-api/1.2.0/javax.activation-api-1.2.0.jar:/home/user/.m2/repository/com/sun/jersey/jersey-servlet/1.19/jersey-servlet-1.19.jar:/home/user/.m2/repository/com/sun/jersey/jersey-json/1.19/jersey-json-1.19.jar:/home/user/.m2/repository/org/codehaus/jettison/jettison/1.1/jettison-1.1.jar:/home/user/.m2/repository/org/codehaus/jackson/jackson-jaxrs/1.9.2/jackson-jaxrs-1.9.2.jar:/home/user/.m2/repository/org/codehaus/jackson/jackson-xc/1.9.2/jackson-xc-1.9.2.jar:/home/user/.m2/repository/org/apache/commons/commons-configuration2/2.1.1/commons-configuration2-2.1.1.jar:/home/user/.m2/repository/org/apache/commons/commons-text/1.4/commons-text-1.4.jar:/home/user/.m2/repository/com/google/re2j/re2j/1.1/re2j-1.1.jar:/home/user/.m2/repository/com/jcraft/jsch/0.1.54/jsch-0.1.54.jar:/home/user/.m2/repository/org/apache/curator/curator-client/2.13.0/curator-client-2.13.0.jar:/home/user/.m2/repository/org/apache/curator/curator-recipes/2.13.0/curator-recipes-2.13.0.jar:/home/user/.m2/repository/dnsjava/dnsjava/2.1.7/dnsjava-2.1.7.jar:/home/user/.m2/repository/org/slf4j/jul-to-slf4j/1.7.30/jul-to-slf4j-1.7.30.jar:/home/user/.m2/repository/org/eclipse/jetty/jetty-util/9.4.34.v20201102/jetty-util-9.4.34.v20201102.jar:/home/user/.m2/repository/com/fasterxml/jackson/core/jackson-databind/2.10.3/jackson-databind-2.10.3.jar:/home/user/.m2/repository/org/apache/hadoop/hadoop-kms/3.2.2/hadoop-kms-3.2.2-tests.jar:/home/user/.m2/repository/org/apache/hadoop/hadoop-hdds-server-scm/1.1.0-SNAPSHOT/hadoop-hdds-server-scm-1.1.0-SNAPSHOT-tests.jar:/home/user/.m2/repository/org/apache/hadoop/hadoop-hdds-container-service/1.1.0-SNAPSHOT/hadoop-hdds-container-service-1.1.0-SNAPSHOT-tests.jar:/home/user/.m2/repository/commons-codec/commons-codec/1.11/commons-codec-1.11.jar:/home/user/.m2/repository/org/apache/hadoop/hadoop-hdds-hadoop-dependency-test/1.1.0-SNAPSHOT/hadoop-hdds-hadoop-dependency-test-1.1.0-SNAPSHOT.jar:/home/user/.m2/repository/org/apache/hadoop/hadoop-common/3.2.2/hadoop-common-3.2.2-tests.jar:/home/user/.m2/repository/org/apache/hadoop/hadoop-hdfs/3.2.2/hadoop-hdfs-3.2.2-tests.jar:/home/user/.m2/repository/org/eclipse/jetty/jetty-util-ajax/9.4.34.v20201102/jetty-util-ajax-9.4.34.v20201102.jar:/home/user/.m2/repository/commons-daemon/commons-daemon/1.0.13/commons-daemon-1.0.13.jar:/home/user/.m2/repository/io/netty/netty/3.10.6.Final/netty-3.10.6.Final.jar:/home/user/.m2/repository/io/netty/netty-all/4.1.51.Final/netty-all-4.1.51.Final.jar:/home/user/.m2/repository/org/apache/htrace/htrace-core4/4.1.0-incubating/htrace-core4-4.1.0-incubating.jar:/home/user/.m2/repository/org/apache/hadoop/hadoop-distcp/3.2.2/hadoop-distcp-3.2.2.jar:/home/user/.m2/repository/org/apache/hadoop/hadoop-mapreduce-client-jobclient/3.2.2/hadoop-mapreduce-client-jobclient-3.2.2.jar:/home/user/.m2/repository/org/apache/hadoop/hadoop-mapreduce-client-common/3.2.2/hadoop-mapreduce-client-common-3.2.2.jar:/home/user/.m2/repository/org/apache/hadoop/hadoop-yarn-common/3.2.2/hadoop-yarn-common-3.2.2.jar:/home/user/.m2/repository/org/apache/hadoop/hadoop-yarn-api/3.2.2/hadoop-yarn-api-3.2.2.jar:/home/user/.m2/repository/com/sun/jersey/jersey-client/1.19/jersey-client-1.19.jar:/home/user/.m2/repository/com/sun/jersey/contribs/jersey-guice/1.19/jersey-guice-1.19.jar:/home/user/.m2/repository/com/fasterxml/jackson/jaxrs/jackson-jaxrs-json-provider/2.10.3/jackson-jaxrs-json-provider-2.10.3.jar:/home/user/.m2/repository/com/fasterxml/jackson/jaxrs/jackson-jaxrs-base/2.10.3/jackson-jaxrs-base-2.10.3.jar:/home/user/.m2/repository/org/apache/hadoop/hadoop-yarn-client/3.2.2/hadoop-yarn-client-3.2.2.jar:/home/user/.m2/repository/org/apache/hadoop/hadoop-mapreduce-client-core/3.2.2/hadoop-mapreduce-client-core-3.2.2.jar:/home/user/.m2/repository/org/apache/avro/avro/1.7.7/avro-1.7.7.jar:/home/user/.m2/repository/org/codehaus/jackson/jackson-core-asl/1.9.13/jackson-core-asl-1.9.13.jar:/home/user/.m2/repository/org/codehaus/jackson/jackson-mapper-asl/1.9.13/jackson-mapper-asl-1.9.13.jar:/home/user/.m2/repository/com/thoughtworks/paranamer/paranamer/2.3/paranamer-2.3.jar:/home/user/.m2/repository/org/xerial/snappy/snappy-java/1.0.5/snappy-java-1.0.5.jar:/home/user/.m2/repository/org/apache/hadoop/hadoop-annotations/3.2.2/hadoop-annotations-3.2.2.jar:/usr/lib/jvm/java-1.8.0-openjdk-1.8.0.232.b09-0.el7_7.x86_64/jre/../lib/tools.jar:/home/user/.m2/repository/org/apache/hadoop/hadoop-distcp/3.2.2/hadoop-distcp-3.2.2-tests.jar:"/>
    <property name="java.vm.vendor" value="Oracle Corporation"/>
    <property name="sun.arch.data.model" value="64"/>
    <property name="test.build.dir" value="/github/workspace/mnt/ozone/hadoop-ozone/integration-test/target/test-dir"/>
    <property name="test.cache.data" value=""/>
    <property name="java.vendor.url" value="http://java.oracle.com/"/>
    <property name="user.timezone" value=""/>
    <property name="java.vm.specification.version" value="1.8"/>
    <property name="os.name" value="Linux"/>
    <property name="test.build.data" value="/github/workspace/mnt/ozone/hadoop-ozone/integration-test/target/test-dir"/>
    <property name="user.country" value="US"/>
    <property name="sun.java.launcher" value="SUN_STANDARD"/>
    <property name="sun.boot.library.path" value="/usr/lib/jvm/java-1.8.0-openjdk-1.8.0.232.b09-0.el7_7.x86_64/jre/lib/amd64"/>
    <property name="sun.java.command" value="/github/workspace/mnt/ozone/hadoop-ozone/integration-test/target/surefire/surefirebooter8612534743374435904.jar /github/workspace/mnt/ozone/hadoop-ozone/integration-test/target/surefire 2021-02-05T13-04-21_049-jvmRun1 surefire5919609055562214858tmp surefire_135630624938103022727tmp"/>
    <property name="surefire.test.class.path" value="/github/workspace/mnt/ozone/hadoop-ozone/integration-test/target/test-classes:/github/workspace/mnt/ozone/hadoop-ozone/integration-test/target/classes:/home/user/.m2/repository/org/apache/hadoop/hadoop-ozone-common/1.1.0-SNAPSHOT/hadoop-ozone-common-1.1.0-SNAPSHOT.jar:/home/user/.m2/repository/org/apache/commons/commons-compress/1.4.1/commons-compress-1.4.1.jar:/home/user/.m2/repository/org/tukaani/xz/1.0/xz-1.0.jar:/home/user/.m2/repository/org/apache/hadoop/hadoop-hdds-common/1.1.0-SNAPSHOT/hadoop-hdds-common-1.1.0-SNAPSHOT.jar:/home/user/.m2/repository/org/apache/hadoop/hadoop-hdds-client/1.1.0-SNAPSHOT/hadoop-hdds-client-1.1.0-SNAPSHOT.jar:/home/user/.m2/repository/org/apache/hadoop/hadoop-ozone-interface-client/1.1.0-SNAPSHOT/hadoop-ozone-interface-client-1.1.0-SNAPSHOT.jar:/home/user/.m2/repository/org/apache/hadoop/hadoop-hdds-test-utils/1.1.0-SNAPSHOT/hadoop-hdds-test-utils-1.1.0-SNAPSHOT.jar:/home/user/.m2/repository/com/google/guava/guava/28.2-jre/guava-28.2-jre.jar:/home/user/.m2/repository/com/google/guava/failureaccess/1.0.1/failureaccess-1.0.1.jar:/home/user/.m2/repository/com/google/guava/listenablefuture/9999.0-empty-to-avoid-conflict-with-guava/listenablefuture-9999.0-empty-to-avoid-conflict-with-guava.jar:/home/user/.m2/repository/com/google/code/findbugs/jsr305/3.0.0/jsr305-3.0.0.jar:/home/user/.m2/repository/org/checkerframework/checker-qual/2.10.0/checker-qual-2.10.0.jar:/home/user/.m2/repository/com/google/errorprone/error_prone_annotations/2.2.0/error_prone_annotations-2.2.0.jar:/home/user/.m2/repository/com/google/j2objc/j2objc-annotations/1.3/j2objc-annotations-1.3.jar:/home/user/.m2/repository/commons-io/commons-io/2.5/commons-io-2.5.jar:/home/user/.m2/repository/commons-logging/commons-logging/1.2/commons-logging-1.2.jar:/home/user/.m2/repository/log4j/log4j/1.2.17/log4j-1.2.17.jar:/home/user/.m2/repository/org/slf4j/slf4j-api/1.7.30/slf4j-api-1.7.30.jar:/home/user/.m2/repository/org/apache/hadoop/hadoop-hdds-server-scm/1.1.0-SNAPSHOT/hadoop-hdds-server-scm-1.1.0-SNAPSHOT.jar:/home/user/.m2/repository/org/apache/hadoop/hadoop-hdds-container-service/1.1.0-SNAPSHOT/hadoop-hdds-container-service-1.1.0-SNAPSHOT.jar:/home/user/.m2/repository/org/apache/hadoop/hadoop-hdds-hadoop-dependency-server/1.1.0-SNAPSHOT/hadoop-hdds-hadoop-dependency-server-1.1.0-SNAPSHOT.jar:/home/user/.m2/repository/org/apache/hadoop/hadoop-hdfs/3.2.2/hadoop-hdfs-3.2.2.jar:/home/user/.m2/repository/org/apache/hadoop/hadoop-hdds-server-framework/1.1.0-SNAPSHOT/hadoop-hdds-server-framework-1.1.0-SNAPSHOT.jar:/home/user/.m2/repository/org/apache/hadoop/hadoop-hdds-interface-server/1.1.0-SNAPSHOT/hadoop-hdds-interface-server-1.1.0-SNAPSHOT.jar:/home/user/.m2/repository/org/apache/hadoop/hadoop-hdds-interface-admin/1.1.0-SNAPSHOT/hadoop-hdds-interface-admin-1.1.0-SNAPSHOT.jar:/home/user/.m2/repository/org/eclipse/jetty/jetty-servlet/9.4.34.v20201102/jetty-servlet-9.4.34.v20201102.jar:/home/user/.m2/repository/org/eclipse/jetty/jetty-security/9.4.34.v20201102/jetty-security-9.4.34.v20201102.jar:/home/user/.m2/repository/org/rocksdb/rocksdbjni/6.8.1/rocksdbjni-6.8.1.jar:/home/user/.m2/repository/io/prometheus/simpleclient_dropwizard/0.7.0/simpleclient_dropwizard-0.7.0.jar:/home/user/.m2/repository/io/prometheus/simpleclient/0.7.0/simpleclient-0.7.0.jar:/home/user/.m2/repository/io/prometheus/simpleclient_common/0.7.0/simpleclient_common-0.7.0.jar:/home/user/.m2/repository/com/fasterxml/jackson/datatype/jackson-datatype-jsr310/2.10.3/jackson-datatype-jsr310-2.10.3.jar:/home/user/.m2/repository/io/dropwizard/metrics/metrics-core/3.2.4/metrics-core-3.2.4.jar:/home/user/.m2/repository/org/apache/hadoop/hadoop-hdfs-client/3.2.2/hadoop-hdfs-client-3.2.2.jar:/home/user/.m2/repository/org/bouncycastle/bcprov-jdk15on/1.67/bcprov-jdk15on-1.67.jar:/home/user/.m2/repository/org/apache/hadoop/hadoop-ozone-ozone-manager/1.1.0-SNAPSHOT/hadoop-ozone-ozone-manager-1.1.0-SNAPSHOT.jar:/home/user/.m2/repository/org/apache/hadoop/hadoop-hdds-interface-client/1.1.0-SNAPSHOT/hadoop-hdds-interface-client-1.1.0-SNAPSHOT.jar:/home/user/.m2/repository/org/apache/ratis/ratis-thirdparty-misc/0.6.0/ratis-thirdparty-misc-0.6.0.jar:/home/user/.m2/repository/org/apache/hadoop/hadoop-ozone-interface-storage/1.1.0-SNAPSHOT/hadoop-ozone-interface-storage-1.1.0-SNAPSHOT.jar:/home/user/.m2/repository/org/apache/hadoop/hadoop-minikdc/3.2.2/hadoop-minikdc-3.2.2.jar:/home/user/.m2/repository/org/apache/kerby/kerb-simplekdc/1.0.1/kerb-simplekdc-1.0.1.jar:/home/user/.m2/repository/org/apache/kerby/kerb-client/1.0.1/kerb-client-1.0.1.jar:/home/user/.m2/repository/org/apache/kerby/kerby-config/1.0.1/kerby-config-1.0.1.jar:/home/user/.m2/repository/org/apache/kerby/kerb-core/1.0.1/kerb-core-1.0.1.jar:/home/user/.m2/repository/org/apache/kerby/kerby-pkix/1.0.1/kerby-pkix-1.0.1.jar:/home/user/.m2/repository/org/apache/kerby/kerby-asn1/1.0.1/kerby-asn1-1.0.1.jar:/home/user/.m2/repository/org/apache/kerby/kerby-util/1.0.1/kerby-util-1.0.1.jar:/home/user/.m2/repository/org/apache/kerby/kerb-common/1.0.1/kerb-common-1.0.1.jar:/home/user/.m2/repository/org/apache/kerby/kerb-crypto/1.0.1/kerb-crypto-1.0.1.jar:/home/user/.m2/repository/org/apache/kerby/kerb-util/1.0.1/kerb-util-1.0.1.jar:/home/user/.m2/repository/org/apache/kerby/token-provider/1.0.1/token-provider-1.0.1.jar:/home/user/.m2/repository/org/apache/kerby/kerb-admin/1.0.1/kerb-admin-1.0.1.jar:/home/user/.m2/repository/org/apache/kerby/kerb-server/1.0.1/kerb-server-1.0.1.jar:/home/user/.m2/repository/org/apache/kerby/kerb-identity/1.0.1/kerb-identity-1.0.1.jar:/home/user/.m2/repository/org/apache/kerby/kerby-xdr/1.0.1/kerby-xdr-1.0.1.jar:/home/user/.m2/repository/org/slf4j/slf4j-log4j12/1.7.30/slf4j-log4j12-1.7.30.jar:/home/user/.m2/repository/org/apache/hadoop/hadoop-ozone-s3gateway/1.1.0-SNAPSHOT/hadoop-ozone-s3gateway-1.1.0-SNAPSHOT.jar:/home/user/.m2/repository/org/jboss/weld/servlet/weld-servlet/2.4.7.Final/weld-servlet-2.4.7.Final.jar:/home/user/.m2/repository/org/glassfish/jersey/containers/jersey-container-servlet-core/2.27/jersey-container-servlet-core-2.27.jar:/home/user/.m2/repository/org/glassfish/hk2/external/javax.inject/2.5.0-b42/javax.inject-2.5.0-b42.jar:/home/user/.m2/repository/org/glassfish/jersey/core/jersey-common/2.27/jersey-common-2.27.jar:/home/user/.m2/repository/org/glassfish/hk2/osgi-resource-locator/1.0.1/osgi-resource-locator-1.0.1.jar:/home/user/.m2/repository/javax/ws/rs/javax.ws.rs-api/2.1/javax.ws.rs-api-2.1.jar:/home/user/.m2/repository/org/glassfish/jersey/ext/cdi/jersey-cdi1x/2.27/jersey-cdi1x-2.27.jar:/home/user/.m2/repository/org/glassfish/jersey/inject/jersey-hk2/2.27/jersey-hk2-2.27.jar:/home/user/.m2/repository/org/glassfish/hk2/hk2-locator/2.5.0-b42/hk2-locator-2.5.0-b42.jar:/home/user/.m2/repository/org/javassist/javassist/3.22.0-CR2/javassist-3.22.0-CR2.jar:/home/user/.m2/repository/org/glassfish/hk2/hk2-api/2.5.0/hk2-api-2.5.0.jar:/home/user/.m2/repository/org/glassfish/hk2/external/jakarta.inject/2.5.0/jakarta.inject-2.5.0.jar:/home/user/.m2/repository/org/glassfish/hk2/hk2-utils/2.5.0/hk2-utils-2.5.0.jar:/home/user/.m2/repository/jakarta/annotation/jakarta.annotation-api/1.3.4/jakarta.annotation-api-1.3.4.jar:/home/user/.m2/repository/org/glassfish/hk2/external/aopalliance-repackaged/2.5.0/aopalliance-repackaged-2.5.0.jar:/home/user/.m2/repository/com/fasterxml/jackson/dataformat/jackson-dataformat-xml/2.10.3/jackson-dataformat-xml-2.10.3.jar:/home/user/.m2/repository/com/fasterxml/jackson/core/jackson-core/2.10.3/jackson-core-2.10.3.jar:/home/user/.m2/repository/com/fasterxml/jackson/module/jackson-module-jaxb-annotations/2.10.3/jackson-module-jaxb-annotations-2.10.3.jar:/home/user/.m2/repository/jakarta/xml/bind/jakarta.xml.bind-api/2.3.2/jakarta.xml.bind-api-2.3.2.jar:/home/user/.m2/repository/jakarta/activation/jakarta.activation-api/1.2.1/jakarta.activation-api-1.2.1.jar:/home/user/.m2/repository/org/codehaus/woodstox/stax2-api/3.1.4/stax2-api-3.1.4.jar:/home/user/.m2/repository/com/fasterxml/woodstox/woodstox-core/5.0.3/woodstox-core-5.0.3.jar:/home/user/.m2/repository/javax/enterprise/cdi-api/1.2/cdi-api-1.2.jar:/home/user/.m2/repository/javax/el/javax.el-api/3.0.0/javax.el-api-3.0.0.jar:/home/user/.m2/repository/javax/interceptor/javax.interceptor-api/1.2/javax.interceptor-api-1.2.jar:/home/user/.m2/repository/javax/inject/javax.inject/1/javax.inject-1.jar:/home/user/.m2/repository/com/sun/xml/bind/jaxb-impl/2.3.0.1/jaxb-impl-2.3.0.1.jar:/home/user/.m2/repository/com/sun/xml/bind/jaxb-core/2.3.0.1/jaxb-core-2.3.0.1.jar:/home/user/.m2/repository/javax/xml/bind/jaxb-api/2.3.0/jaxb-api-2.3.0.jar:/home/user/.m2/repository/javax/activation/activation/1.1.1/activation-1.1.1.jar:/home/user/.m2/repository/org/apache/hadoop/hadoop-ozone-csi/1.1.0-SNAPSHOT/hadoop-ozone-csi-1.1.0-SNAPSHOT.jar:/home/user/.m2/repository/com/google/protobuf/protobuf-java-util/3.12.0/protobuf-java-util-3.12.0.jar:/home/user/.m2/repository/com/google/code/gson/gson/2.2.4/gson-2.2.4.jar:/home/user/.m2/repository/org/apache/hadoop/hadoop-hdds-config/1.1.0-SNAPSHOT/hadoop-hdds-config-1.1.0-SNAPSHOT.jar:/home/user/.m2/repository/com/google/protobuf/protobuf-java/2.5.0/protobuf-java-2.5.0.jar:/home/user/.m2/repository/io/grpc/grpc-netty/1.33.0/grpc-netty-1.33.0.jar:/home/user/.m2/repository/io/grpc/grpc-core/1.33.0/grpc-core-1.33.0.jar:/home/user/.m2/repository/com/google/android/annotations/4.1.1.4/annotations-4.1.1.4.jar:/home/user/.m2/repository/io/netty/netty-codec-http2/4.1.51.Final/netty-codec-http2-4.1.51.Final.jar:/home/user/.m2/repository/io/netty/netty-codec/4.1.51.Final/netty-codec-4.1.51.Final.jar:/home/user/.m2/repository/io/netty/netty-handler/4.1.51.Final/netty-handler-4.1.51.Final.jar:/home/user/.m2/repository/io/netty/netty-codec-http/4.1.51.Final/netty-codec-http-4.1.51.Final.jar:/home/user/.m2/repository/io/netty/netty-handler-proxy/4.1.51.Final/netty-handler-proxy-4.1.51.Final.jar:/home/user/.m2/repository/io/netty/netty-codec-socks/4.1.51.Final/netty-codec-socks-4.1.51.Final.jar:/home/user/.m2/repository/io/perfmark/perfmark-api/0.19.0/perfmark-api-0.19.0.jar:/home/user/.m2/repository/org/codehaus/mojo/animal-sniffer-annotations/1.18/animal-sniffer-annotations-1.18.jar:/home/user/.m2/repository/io/netty/netty-transport-native-epoll/4.1.51.Final/netty-transport-native-epoll-4.1.51.Final.jar:/home/user/.m2/repository/io/netty/netty-common/4.1.51.Final/netty-common-4.1.51.Final.jar:/home/user/.m2/repository/io/netty/netty-buffer/4.1.51.Final/netty-buffer-4.1.51.Final.jar:/home/user/.m2/repository/io/netty/netty-transport/4.1.51.Final/netty-transport-4.1.51.Final.jar:/home/user/.m2/repository/io/netty/netty-resolver/4.1.51.Final/netty-resolver-4.1.51.Final.jar:/home/user/.m2/repository/io/netty/netty-transport-native-unix-common/4.1.51.Final/netty-transport-native-unix-common-4.1.51.Final.jar:/home/user/.m2/repository/io/grpc/grpc-protobuf/1.33.0/grpc-protobuf-1.33.0.jar:/home/user/.m2/repository/io/grpc/grpc-api/1.33.0/grpc-api-1.33.0.jar:/home/user/.m2/repository/io/grpc/grpc-context/1.33.0/grpc-context-1.33.0.jar:/home/user/.m2/repository/com/google/api/grpc/proto-google-common-protos/1.17.0/proto-google-common-protos-1.17.0.jar:/home/user/.m2/repository/io/grpc/grpc-protobuf-lite/1.33.0/grpc-protobuf-lite-1.33.0.jar:/home/user/.m2/repository/io/grpc/grpc-stub/1.33.0/grpc-stub-1.33.0.jar:/home/user/.m2/repository/org/apache/hadoop/hadoop-ozone-recon/1.1.0-SNAPSHOT/hadoop-ozone-recon-1.1.0-SNAPSHOT.jar:/home/user/.m2/repository/org/apache/hadoop/hadoop-ozone-reconcodegen/1.1.0-SNAPSHOT/hadoop-ozone-reconcodegen-1.1.0-SNAPSHOT.jar:/home/user/.m2/repository/com/google/inject/extensions/guice-multibindings/4.0/guice-multibindings-4.0.jar:/home/user/.m2/repository/com/google/inject/guice/4.0/guice-4.0.jar:/home/user/.m2/repository/aopalliance/aopalliance/1.0/aopalliance-1.0.jar:/home/user/.m2/repository/com/google/inject/extensions/guice-assistedinject/4.0/guice-assistedinject-4.0.jar:/home/user/.m2/repository/com/google/inject/extensions/guice-servlet/4.0/guice-servlet-4.0.jar:/home/user/.m2/repository/org/glassfish/jersey/containers/jersey-container-servlet/2.27/jersey-container-servlet-2.27.jar:/home/user/.m2/repository/org/glassfish/hk2/guice-bridge/2.5.0/guice-bridge-2.5.0.jar:/home/user/.m2/repository/org/glassfish/jersey/core/jersey-server/2.27/jersey-server-2.27.jar:/home/user/.m2/repository/org/glassfish/jersey/core/jersey-client/2.27/jersey-client-2.27.jar:/home/user/.m2/repository/org/glassfish/jersey/media/jersey-media-jaxb/2.27/jersey-media-jaxb-2.27.jar:/home/user/.m2/repository/javax/validation/validation-api/1.1.0.Final/validation-api-1.1.0.Final.jar:/home/user/.m2/repository/org/glassfish/jersey/media/jersey-media-json-jackson/2.27/jersey-media-json-jackson-2.27.jar:/home/user/.m2/repository/org/glassfish/jersey/ext/jersey-entity-filtering/2.27/jersey-entity-filtering-2.27.jar:/home/user/.m2/repository/org/jooq/jooq/3.11.10/jooq-3.11.10.jar:/home/user/.m2/repository/org/jooq/jooq-meta/3.11.10/jooq-meta-3.11.10.jar:/home/user/.m2/repository/org/jooq/jooq-codegen/3.11.10/jooq-codegen-3.11.10.jar:/home/user/.m2/repository/com/jolbox/bonecp/0.8.0.RELEASE/bonecp-0.8.0.RELEASE.jar:/home/user/.m2/repository/org/apache/derby/derby/10.14.2.0/derby-10.14.2.0.jar:/home/user/.m2/repository/org/xerial/sqlite-jdbc/3.25.2/sqlite-jdbc-3.25.2.jar:/home/user/.m2/repository/org/springframework/spring-jdbc/5.2.11.RELEASE/spring-jdbc-5.2.11.RELEASE.jar:/home/user/.m2/repository/org/springframework/spring-beans/5.2.11.RELEASE/spring-beans-5.2.11.RELEASE.jar:/home/user/.m2/repository/org/springframework/spring-core/5.2.11.RELEASE/spring-core-5.2.11.RELEASE.jar:/home/user/.m2/repository/org/springframework/spring-jcl/5.2.11.RELEASE/spring-jcl-5.2.11.RELEASE.jar:/home/user/.m2/repository/org/springframework/spring-tx/5.2.11.RELEASE/spring-tx-5.2.11.RELEASE.jar:/home/user/.m2/repository/org/apache/hadoop/hadoop-ozone-client/1.1.0-SNAPSHOT/hadoop-ozone-client-1.1.0-SNAPSHOT.jar:/home/user/.m2/repository/org/apache/hadoop/hadoop-ozone-filesystem/1.1.0-SNAPSHOT/hadoop-ozone-filesystem-1.1.0-SNAPSHOT.jar:/home/user/.m2/repository/org/apache/hadoop/hadoop-ozone-filesystem-common/1.1.0-SNAPSHOT/hadoop-ozone-filesystem-common-1.1.0-SNAPSHOT.jar:/home/user/.m2/repository/org/apache/hadoop/hadoop-ozone-tools/1.1.0-SNAPSHOT/hadoop-ozone-tools-1.1.0-SNAPSHOT.jar:/home/user/.m2/repository/org/apache/ratis/ratis-tools/1.1.0-0bdf24f-SNAPSHOT/ratis-tools-1.1.0-0bdf24f-SNAPSHOT.jar:/home/user/.m2/repository/org/apache/ratis/ratis-proto/1.1.0-0bdf24f-SNAPSHOT/ratis-proto-1.1.0-0bdf24f-SNAPSHOT.jar:/home/user/.m2/repository/org/apache/ratis/ratis-common/1.1.0-0bdf24f-SNAPSHOT/ratis-common-1.1.0-0bdf24f-SNAPSHOT.jar:/home/user/.m2/repository/com/amazonaws/aws-java-sdk-core/1.11.901/aws-java-sdk-core-1.11.901.jar:/home/user/.m2/repository/org/apache/httpcomponents/httpclient/4.5.13/httpclient-4.5.13.jar:/home/user/.m2/repository/org/apache/httpcomponents/httpcore/4.4.13/httpcore-4.4.13.jar:/home/user/.m2/repository/software/amazon/ion/ion-java/1.0.2/ion-java-1.0.2.jar:/home/user/.m2/repository/com/fasterxml/jackson/dataformat/jackson-dataformat-cbor/2.10.3/jackson-dataformat-cbor-2.10.3.jar:/home/user/.m2/repository/joda-time/joda-time/2.8.1/joda-time-2.8.1.jar:/home/user/.m2/repository/com/amazonaws/aws-java-sdk-s3/1.11.901/aws-java-sdk-s3-1.11.901.jar:/home/user/.m2/repository/com/amazonaws/aws-java-sdk-kms/1.11.901/aws-java-sdk-kms-1.11.901.jar:/home/user/.m2/repository/com/amazonaws/jmespath-java/1.11.901/jmespath-java-1.11.901.jar:/home/user/.m2/repository/org/kohsuke/metainf-services/metainf-services/1.8/metainf-services-1.8.jar:/home/user/.m2/repository/org/apache/hadoop/hadoop-hdds-tools/1.1.0-SNAPSHOT/hadoop-hdds-tools-1.1.0-SNAPSHOT.jar:/home/user/.m2/repository/commons-cli/commons-cli/1.2/commons-cli-1.2.jar:/home/user/.m2/repository/org/apache/commons/commons-lang3/3.7/commons-lang3-3.7.jar:/home/user/.m2/repository/org/apache/hadoop/hadoop-ozone-ozone-manager/1.1.0-SNAPSHOT/hadoop-ozone-ozone-manager-1.1.0-SNAPSHOT-tests.jar:/home/user/.m2/repository/org/apache/hadoop/hadoop-hdds-common/1.1.0-SNAPSHOT/hadoop-hdds-common-1.1.0-SNAPSHOT-tests.jar:/home/user/.m2/repository/org/apache/hadoop/hadoop-hdds-hadoop-dependency-client/1.1.0-SNAPSHOT/hadoop-hdds-hadoop-dependency-client-1.1.0-SNAPSHOT.jar:/home/user/.m2/repository/info/picocli/picocli/4.4.0/picocli-4.4.0.jar:/home/user/.m2/repository/com/fasterxml/jackson/core/jackson-annotations/2.10.3/jackson-annotations-2.10.3.jar:/home/user/.m2/repository/javax/annotation/javax.annotation-api/1.2/javax.annotation-api-1.2.jar:/home/user/.m2/repository/org/fusesource/leveldbjni/leveldbjni-all/1.8/leveldbjni-all-1.8.jar:/home/user/.m2/repository/org/apache/ratis/ratis-server/1.1.0-0bdf24f-SNAPSHOT/ratis-server-1.1.0-0bdf24f-SNAPSHOT.jar:/home/user/.m2/repository/org/apache/ratis/ratis-client/1.1.0-0bdf24f-SNAPSHOT/ratis-client-1.1.0-0bdf24f-SNAPSHOT.jar:/home/user/.m2/repository/org/apache/ratis/ratis-server-api/1.1.0-0bdf24f-SNAPSHOT/ratis-server-api-1.1.0-0bdf24f-SNAPSHOT.jar:/home/user/.m2/repository/org/apache/ratis/ratis-metrics/1.1.0-0bdf24f-SNAPSHOT/ratis-metrics-1.1.0-0bdf24f-SNAPSHOT.jar:/home/user/.m2/repository/org/apache/ratis/ratis-netty/1.1.0-0bdf24f-SNAPSHOT/ratis-netty-1.1.0-0bdf24f-SNAPSHOT.jar:/home/user/.m2/repository/org/apache/ratis/ratis-grpc/1.1.0-0bdf24f-SNAPSHOT/ratis-grpc-1.1.0-0bdf24f-SNAPSHOT.jar:/home/user/.m2/repository/org/apache/logging/log4j/log4j-api/2.13.3/log4j-api-2.13.3.jar:/home/user/.m2/repository/org/apache/logging/log4j/log4j-core/2.13.3/log4j-core-2.13.3.jar:/home/user/.m2/repository/com/lmax/disruptor/3.4.2/disruptor-3.4.2.jar:/home/user/.m2/repository/org/apache/commons/commons-pool2/2.6.0/commons-pool2-2.6.0.jar:/home/user/.m2/repository/org/bouncycastle/bcpkix-jdk15on/1.67/bcpkix-jdk15on-1.67.jar:/home/user/.m2/repository/commons-validator/commons-validator/1.6/commons-validator-1.6.jar:/home/user/.m2/repository/commons-beanutils/commons-beanutils/1.9.4/commons-beanutils-1.9.4.jar:/home/user/.m2/repository/commons-digester/commons-digester/1.8.1/commons-digester-1.8.1.jar:/home/user/.m2/repository/commons-collections/commons-collections/3.2.2/commons-collections-3.2.2.jar:/home/user/.m2/repository/io/jaegertracing/jaeger-client/1.2.0/jaeger-client-1.2.0.jar:/home/user/.m2/repository/io/jaegertracing/jaeger-thrift/1.2.0/jaeger-thrift-1.2.0.jar:/home/user/.m2/repository/org/apache/thrift/libthrift/0.13.0/libthrift-0.13.0.jar:/home/user/.m2/repository/com/squareup/okhttp3/okhttp/4.2.2/okhttp-4.2.2.jar:/home/user/.m2/repository/com/squareup/okio/okio/2.2.2/okio-2.2.2.jar:/home/user/.m2/repository/org/jetbrains/kotlin/kotlin-stdlib/1.3.50/kotlin-stdlib-1.3.50.jar:/home/user/.m2/repository/org/jetbrains/kotlin/kotlin-stdlib-common/1.3.50/kotlin-stdlib-common-1.3.50.jar:/home/user/.m2/repository/org/jetbrains/annotations/13.0/annotations-13.0.jar:/home/user/.m2/repository/io/jaegertracing/jaeger-core/1.2.0/jaeger-core-1.2.0.jar:/home/user/.m2/repository/io/jaegertracing/jaeger-tracerresolver/1.2.0/jaeger-tracerresolver-1.2.0.jar:/home/user/.m2/repository/io/opentracing/contrib/opentracing-tracerresolver/0.1.8/opentracing-tracerresolver-0.1.8.jar:/home/user/.m2/repository/io/opentracing/opentracing-util/0.33.0/opentracing-util-0.33.0.jar:/home/user/.m2/repository/io/opentracing/opentracing-api/0.33.0/opentracing-api-0.33.0.jar:/home/user/.m2/repository/io/opentracing/opentracing-noop/0.33.0/opentracing-noop-0.33.0.jar:/home/user/.m2/repository/org/yaml/snakeyaml/1.26/snakeyaml-1.26.jar:/home/user/.m2/repository/junit/junit/4.13.1/junit-4.13.1.jar:/home/user/.m2/repository/org/hamcrest/hamcrest-core/1.3/hamcrest-core-1.3.jar:/home/user/.m2/repository/org/junit/jupiter/junit-jupiter-api/5.7.0/junit-jupiter-api-5.7.0.jar:/home/user/.m2/repository/org/apiguardian/apiguardian-api/1.1.0/apiguardian-api-1.1.0.jar:/home/user/.m2/repository/org/opentest4j/opentest4j/1.2.0/opentest4j-1.2.0.jar:/home/user/.m2/repository/org/junit/platform/junit-platform-commons/1.7.0/junit-platform-commons-1.7.0.jar:/home/user/.m2/repository/org/junit/jupiter/junit-jupiter-engine/5.7.0/junit-jupiter-engine-5.7.0.jar:/home/user/.m2/repository/org/junit/platform/junit-platform-engine/1.7.0/junit-platform-engine-1.7.0.jar:/home/user/.m2/repository/org/junit/vintage/junit-vintage-engine/5.7.0/junit-vintage-engine-5.7.0.jar:/home/user/.m2/repository/org/junit/platform/junit-platform-launcher/1.7.0/junit-platform-launcher-1.7.0.jar:/home/user/.m2/repository/org/openjdk/jmh/jmh-core/1.19/jmh-core-1.19.jar:/home/user/.m2/repository/net/sf/jopt-simple/jopt-simple/4.6/jopt-simple-4.6.jar:/home/user/.m2/repository/org/apache/commons/commons-math3/3.1.1/commons-math3-3.1.1.jar:/home/user/.m2/repository/org/openjdk/jmh/jmh-generator-annprocess/1.19/jmh-generator-annprocess-1.19.jar:/home/user/.m2/repository/org/mockito/mockito-all/1.8.5/mockito-all-1.8.5.jar:/home/user/.m2/repository/org/apache/hadoop/hadoop-kms/3.2.2/hadoop-kms-3.2.2.jar:/home/user/.m2/repository/org/apache/hadoop/hadoop-auth/3.2.2/hadoop-auth-3.2.2.jar:/home/user/.m2/repository/com/nimbusds/nimbus-jose-jwt/7.9/nimbus-jose-jwt-7.9.jar:/home/user/.m2/repository/com/github/stephenc/jcip/jcip-annotations/1.0-1/jcip-annotations-1.0-1.jar:/home/user/.m2/repository/net/minidev/json-smart/2.3/json-smart-2.3.jar:/home/user/.m2/repository/net/minidev/accessors-smart/1.2/accessors-smart-1.2.jar:/home/user/.m2/repository/org/ow2/asm/asm/5.0.4/asm-5.0.4.jar:/home/user/.m2/repository/org/apache/zookeeper/zookeeper/3.4.13/zookeeper-3.4.13.jar:/home/user/.m2/repository/org/apache/yetus/audience-annotations/0.5.0/audience-annotations-0.5.0.jar:/home/user/.m2/repository/org/apache/curator/curator-framework/2.13.0/curator-framework-2.13.0.jar:/home/user/.m2/repository/com/sun/jersey/jersey-core/1.19/jersey-core-1.19.jar:/home/user/.m2/repository/javax/ws/rs/jsr311-api/1.1.1/jsr311-api-1.1.1.jar:/home/user/.m2/repository/com/sun/jersey/jersey-server/1.19/jersey-server-1.19.jar:/home/user/.m2/repository/javax/servlet/javax.servlet-api/3.1.0/javax.servlet-api-3.1.0.jar:/home/user/.m2/repository/org/eclipse/jetty/jetty-server/9.4.34.v20201102/jetty-server-9.4.34.v20201102.jar:/home/user/.m2/repository/org/eclipse/jetty/jetty-http/9.4.34.v20201102/jetty-http-9.4.34.v20201102.jar:/home/user/.m2/repository/org/eclipse/jetty/jetty-io/9.4.34.v20201102/jetty-io-9.4.34.v20201102.jar:/home/user/.m2/repository/org/eclipse/jetty/jetty-webapp/9.4.34.v20201102/jetty-webapp-9.4.34.v20201102.jar:/home/user/.m2/repository/org/eclipse/jetty/jetty-xml/9.4.34.v20201102/jetty-xml-9.4.34.v20201102.jar:/home/user/.m2/repository/org/apache/hadoop/hadoop-common/3.2.2/hadoop-common-3.2.2.jar:/home/user/.m2/repository/commons-net/commons-net/3.6/commons-net-3.6.jar:/home/user/.m2/repository/javax/activation/javax.activation-api/1.2.0/javax.activation-api-1.2.0.jar:/home/user/.m2/repository/com/sun/jersey/jersey-servlet/1.19/jersey-servlet-1.19.jar:/home/user/.m2/repository/com/sun/jersey/jersey-json/1.19/jersey-json-1.19.jar:/home/user/.m2/repository/org/codehaus/jettison/jettison/1.1/jettison-1.1.jar:/home/user/.m2/repository/org/codehaus/jackson/jackson-jaxrs/1.9.2/jackson-jaxrs-1.9.2.jar:/home/user/.m2/repository/org/codehaus/jackson/jackson-xc/1.9.2/jackson-xc-1.9.2.jar:/home/user/.m2/repository/org/apache/commons/commons-configuration2/2.1.1/commons-configuration2-2.1.1.jar:/home/user/.m2/repository/org/apache/commons/commons-text/1.4/commons-text-1.4.jar:/home/user/.m2/repository/com/google/re2j/re2j/1.1/re2j-1.1.jar:/home/user/.m2/repository/com/jcraft/jsch/0.1.54/jsch-0.1.54.jar:/home/user/.m2/repository/org/apache/curator/curator-client/2.13.0/curator-client-2.13.0.jar:/home/user/.m2/repository/org/apache/curator/curator-recipes/2.13.0/curator-recipes-2.13.0.jar:/home/user/.m2/repository/dnsjava/dnsjava/2.1.7/dnsjava-2.1.7.jar:/home/user/.m2/repository/org/slf4j/jul-to-slf4j/1.7.30/jul-to-slf4j-1.7.30.jar:/home/user/.m2/repository/org/eclipse/jetty/jetty-util/9.4.34.v20201102/jetty-util-9.4.34.v20201102.jar:/home/user/.m2/repository/com/fasterxml/jackson/core/jackson-databind/2.10.3/jackson-databind-2.10.3.jar:/home/user/.m2/repository/org/apache/hadoop/hadoop-kms/3.2.2/hadoop-kms-3.2.2-tests.jar:/home/user/.m2/repository/org/apache/hadoop/hadoop-hdds-server-scm/1.1.0-SNAPSHOT/hadoop-hdds-server-scm-1.1.0-SNAPSHOT-tests.jar:/home/user/.m2/repository/org/apache/hadoop/hadoop-hdds-container-service/1.1.0-SNAPSHOT/hadoop-hdds-container-service-1.1.0-SNAPSHOT-tests.jar:/home/user/.m2/repository/commons-codec/commons-codec/1.11/commons-codec-1.11.jar:/home/user/.m2/repository/org/apache/hadoop/hadoop-hdds-hadoop-dependency-test/1.1.0-SNAPSHOT/hadoop-hdds-hadoop-dependency-test-1.1.0-SNAPSHOT.jar:/home/user/.m2/repository/org/apache/hadoop/hadoop-common/3.2.2/hadoop-common-3.2.2-tests.jar:/home/user/.m2/repository/org/apache/hadoop/hadoop-hdfs/3.2.2/hadoop-hdfs-3.2.2-tests.jar:/home/user/.m2/repository/org/eclipse/jetty/jetty-util-ajax/9.4.34.v20201102/jetty-util-ajax-9.4.34.v20201102.jar:/home/user/.m2/repository/commons-daemon/commons-daemon/1.0.13/commons-daemon-1.0.13.jar:/home/user/.m2/repository/io/netty/netty/3.10.6.Final/netty-3.10.6.Final.jar:/home/user/.m2/repository/io/netty/netty-all/4.1.51.Final/netty-all-4.1.51.Final.jar:/home/user/.m2/repository/org/apache/htrace/htrace-core4/4.1.0-incubating/htrace-core4-4.1.0-incubating.jar:/home/user/.m2/repository/org/apache/hadoop/hadoop-distcp/3.2.2/hadoop-distcp-3.2.2.jar:/home/user/.m2/repository/org/apache/hadoop/hadoop-mapreduce-client-jobclient/3.2.2/hadoop-mapreduce-client-jobclient-3.2.2.jar:/home/user/.m2/repository/org/apache/hadoop/hadoop-mapreduce-client-common/3.2.2/hadoop-mapreduce-client-common-3.2.2.jar:/home/user/.m2/repository/org/apache/hadoop/hadoop-yarn-common/3.2.2/hadoop-yarn-common-3.2.2.jar:/home/user/.m2/repository/org/apache/hadoop/hadoop-yarn-api/3.2.2/hadoop-yarn-api-3.2.2.jar:/home/user/.m2/repository/com/sun/jersey/jersey-client/1.19/jersey-client-1.19.jar:/home/user/.m2/repository/com/sun/jersey/contribs/jersey-guice/1.19/jersey-guice-1.19.jar:/home/user/.m2/repository/com/fasterxml/jackson/jaxrs/jackson-jaxrs-json-provider/2.10.3/jackson-jaxrs-json-provider-2.10.3.jar:/home/user/.m2/repository/com/fasterxml/jackson/jaxrs/jackson-jaxrs-base/2.10.3/jackson-jaxrs-base-2.10.3.jar:/home/user/.m2/repository/org/apache/hadoop/hadoop-yarn-client/3.2.2/hadoop-yarn-client-3.2.2.jar:/home/user/.m2/repository/org/apache/hadoop/hadoop-mapreduce-client-core/3.2.2/hadoop-mapreduce-client-core-3.2.2.jar:/home/user/.m2/repository/org/apache/avro/avro/1.7.7/avro-1.7.7.jar:/home/user/.m2/repository/org/codehaus/jackson/jackson-core-asl/1.9.13/jackson-core-asl-1.9.13.jar:/home/user/.m2/repository/org/codehaus/jackson/jackson-mapper-asl/1.9.13/jackson-mapper-asl-1.9.13.jar:/home/user/.m2/repository/com/thoughtworks/paranamer/paranamer/2.3/paranamer-2.3.jar:/home/user/.m2/repository/org/xerial/snappy/snappy-java/1.0.5/snappy-java-1.0.5.jar:/home/user/.m2/repository/org/apache/hadoop/hadoop-annotations/3.2.2/hadoop-annotations-3.2.2.jar:/usr/lib/jvm/java-1.8.0-openjdk-1.8.0.232.b09-0.el7_7.x86_64/jre/../lib/tools.jar:/home/user/.m2/repository/org/apache/hadoop/hadoop-distcp/3.2.2/hadoop-distcp-3.2.2-tests.jar:"/>
    <property name="sun.cpu.endian" value="little"/>
    <property name="user.home" value="/home/user"/>
    <property name="user.language" value="en"/>
    <property name="java.specification.vendor" value="Oracle Corporation"/>
    <property name="java.home" value="/usr/lib/jvm/java-1.8.0-openjdk-1.8.0.232.b09-0.el7_7.x86_64/jre"/>
    <property name="java.security.krb5.conf" value="/github/workspace/mnt/ozone/hadoop-ozone/integration-test/target/test-classes/krb5.conf"/>
    <property name="basedir" value="/github/workspace/mnt/ozone/hadoop-ozone/integration-test"/>
    <property name="file.separator" value="/"/>
    <property name="line.separator" value="&#10;"/>
    <property name="java.vm.specification.vendor" value="Oracle Corporation"/>
    <property name="java.specification.name" value="Java Platform API Specification"/>
    <property name="java.awt.graphicsenv" value="sun.awt.X11GraphicsEnvironment"/>
    <property name="skip.installnpx" value="true"/>
    <property name="surefire.real.class.path" value="/github/workspace/mnt/ozone/hadoop-ozone/integration-test/target/surefire/surefirebooter8612534743374435904.jar:/home/user/.m2/repository/org/jacoco/org.jacoco.agent/0.8.5/org.jacoco.agent-0.8.5-runtime.jar"/>
    <property name="hadoop.log.dir" value="/github/workspace/mnt/ozone/hadoop-ozone/integration-test/target/log"/>
    <property name="sun.boot.class.path" value="/usr/lib/jvm/java-1.8.0-openjdk-1.8.0.232.b09-0.el7_7.x86_64/jre/lib/resources.jar:/usr/lib/jvm/java-1.8.0-openjdk-1.8.0.232.b09-0.el7_7.x86_64/jre/lib/rt.jar:/usr/lib/jvm/java-1.8.0-openjdk-1.8.0.232.b09-0.el7_7.x86_64/jre/lib/sunrsasign.jar:/usr/lib/jvm/java-1.8.0-openjdk-1.8.0.232.b09-0.el7_7.x86_64/jre/lib/jsse.jar:/usr/lib/jvm/java-1.8.0-openjdk-1.8.0.232.b09-0.el7_7.x86_64/jre/lib/jce.jar:/usr/lib/jvm/java-1.8.0-openjdk-1.8.0.232.b09-0.el7_7.x86_64/jre/lib/charsets.jar:/usr/lib/jvm/java-1.8.0-openjdk-1.8.0.232.b09-0.el7_7.x86_64/jre/lib/jfr.jar:/usr/lib/jvm/java-1.8.0-openjdk-1.8.0.232.b09-0.el7_7.x86_64/jre/classes"/>
    <property name="sun.management.compiler" value="HotSpot 64-Bit Tiered Compilers"/>
    <property name="skip.npx" value="true"/>
    <property name="java.runtime.version" value="1.8.0_232-b09"/>
    <property name="java.net.preferIPv4Stack" value="true"/>
    <property name="user.name" value="jenkins1001"/>
    <property name="path.separator" value=":"/>
    <property name="java.security.egd" value="file:///dev/urandom"/>
    <property name="os.version" value="5.4.0-1039-azure"/>
    <property name="java.endorsed.dirs" value="/usr/lib/jvm/java-1.8.0-openjdk-1.8.0.232.b09-0.el7_7.x86_64/jre/lib/endorsed"/>
    <property name="java.runtime.name" value="OpenJDK Runtime Environment"/>
    <property name="file.encoding" value="ANSI_X3.4-1968"/>
    <property name="java.vm.name" value="OpenJDK 64-Bit Server VM"/>
    <property name="test.build.webapps" value=""/>
    <property name="localRepository" value="/home/user/.m2/repository"/>
    <property name="java.vendor.url.bug" value="http://bugreport.sun.com/bugreport/"/>
    <property name="java.io.tmpdir" value="/tmp"/>
    <property name="require.test.libhadoop" value=""/>
    <property name="java.version" value="1.8.0_232"/>
    <property name="user.dir" value="/github/workspace/mnt/ozone/hadoop-ozone/integration-test"/>
    <property name="os.arch" value="amd64"/>
    <property name="java.vm.specification.name" value="Java Virtual Machine Specification"/>
    <property name="test.build.classes" value="/github/workspace/mnt/ozone/hadoop-ozone/integration-test/target/test-classes"/>
    <property name="java.awt.printerjob" value="sun.print.PSPrinterJob"/>
    <property name="sun.os.patch.level" value="unknown"/>
    <property name="hadoop.tmp.dir" value="/github/workspace/mnt/ozone/hadoop-ozone/integration-test/target/tmp"/>
    <property name="java.library.path" value="/usr/lib:/usr/java/packages/lib/amd64:/usr/lib64:/lib64:/lib:/usr/lib"/>
    <property name="java.vm.info" value="mixed mode"/>
    <property name="java.vendor" value="Oracle Corporation"/>
    <property name="java.vm.version" value="25.232-b09"/>
    <property name="java.ext.dirs" value="/usr/lib/jvm/java-1.8.0-openjdk-1.8.0.232.b09-0.el7_7.x86_64/jre/lib/ext:/usr/java/packages/lib/ext"/>
    <property name="sun.io.unicode.encoding" value="UnicodeLittle"/>
    <property name="java.class.version" value="52.0"/>
  </properties>
  <testcase name="testWatchForCommitWithKeyWrite" classname="org.apache.hadoop.ozone.client.rpc.TestWatchForCommit" time="61.068"/>
  <testcase name="testWatchForCommitForRetryfailure" classname="org.apache.hadoop.ozone.client.rpc.TestWatchForCommit" time="48.723">
    <error message="org.apache.ratis.protocol.exceptions.AlreadyClosedException: SlidingWindow$Client:client-E66D8F9D9615-&gt;RAFT is closed." type="java.util.concurrent.ExecutionException">java.util.concurrent.ExecutionException: org.apache.ratis.protocol.exceptions.AlreadyClosedException: SlidingWindow$Client:client-E66D8F9D9615->RAFT is closed.
	at java.util.concurrent.CompletableFuture.reportGet(CompletableFuture.java:357)
	at java.util.concurrent.CompletableFuture.get(CompletableFuture.java:1908)
	at org.apache.hadoop.ozone.client.rpc.TestWatchForCommit.testWatchForCommitForRetryfailure(TestWatchForCommit.java:264)
	at sun.reflect.NativeMethodAccessorImpl.invoke0(Native Method)
	at sun.reflect.NativeMethodAccessorImpl.invoke(NativeMethodAccessorImpl.java:62)
	at sun.reflect.DelegatingMethodAccessorImpl.invoke(DelegatingMethodAccessorImpl.java:43)
	at java.lang.reflect.Method.invoke(Method.java:498)
	at org.junit.runners.model.FrameworkMethod$1.runReflectiveCall(FrameworkMethod.java:59)
	at org.junit.internal.runners.model.ReflectiveCallable.run(ReflectiveCallable.java:12)
	at org.junit.runners.model.FrameworkMethod.invokeExplosively(FrameworkMethod.java:56)
	at org.junit.internal.runners.statements.InvokeMethod.evaluate(InvokeMethod.java:17)
	at org.junit.internal.runners.statements.RunBefores.evaluate(RunBefores.java:26)
	at org.junit.internal.runners.statements.RunAfters.evaluate(RunAfters.java:27)
	at org.junit.runners.ParentRunner$3.evaluate(ParentRunner.java:306)
	at org.junit.runners.BlockJUnit4ClassRunner$1.evaluate(BlockJUnit4ClassRunner.java:100)
	at org.junit.runners.ParentRunner.runLeaf(ParentRunner.java:366)
	at org.junit.runners.BlockJUnit4ClassRunner.runChild(BlockJUnit4ClassRunner.java:103)
	at org.junit.runners.BlockJUnit4ClassRunner.runChild(BlockJUnit4ClassRunner.java:63)
	at org.junit.runners.ParentRunner$4.run(ParentRunner.java:331)
	at org.junit.runners.ParentRunner$1.schedule(ParentRunner.java:79)
	at org.junit.runners.ParentRunner.runChildren(ParentRunner.java:329)
	at org.junit.runners.ParentRunner.access$100(ParentRunner.java:66)
	at org.junit.runners.ParentRunner$2.evaluate(ParentRunner.java:293)
	at org.junit.runners.ParentRunner$3.evaluate(ParentRunner.java:306)
	at org.junit.runners.ParentRunner.run(ParentRunner.java:413)
	at org.junit.runner.JUnitCore.run(JUnitCore.java:137)
	at org.junit.runner.JUnitCore.run(JUnitCore.java:115)
	at org.junit.vintage.engine.execution.RunnerExecutor.execute(RunnerExecutor.java:43)
	at java.util.stream.ForEachOps$ForEachOp$OfRef.accept(ForEachOps.java:183)
	at java.util.stream.ReferencePipeline$3$1.accept(ReferencePipeline.java:193)
	at java.util.Iterator.forEachRemaining(Iterator.java:116)
	at java.util.Spliterators$IteratorSpliterator.forEachRemaining(Spliterators.java:1801)
	at java.util.stream.AbstractPipeline.copyInto(AbstractPipeline.java:482)
	at java.util.stream.AbstractPipeline.wrapAndCopyInto(AbstractPipeline.java:472)
	at java.util.stream.ForEachOps$ForEachOp.evaluateSequential(ForEachOps.java:150)
	at java.util.stream.ForEachOps$ForEachOp$OfRef.evaluateSequential(ForEachOps.java:173)
	at java.util.stream.AbstractPipeline.evaluate(AbstractPipeline.java:234)
	at java.util.stream.ReferencePipeline.forEach(ReferencePipeline.java:485)
	at org.junit.vintage.engine.VintageTestEngine.executeAllChildren(VintageTestEngine.java:82)
	at org.junit.vintage.engine.VintageTestEngine.execute(VintageTestEngine.java:73)
	at org.junit.platform.launcher.core.EngineExecutionOrchestrator.execute(EngineExecutionOrchestrator.java:108)
	at org.junit.platform.launcher.core.EngineExecutionOrchestrator.execute(EngineExecutionOrchestrator.java:88)
	at org.junit.platform.launcher.core.EngineExecutionOrchestrator.lambda$execute$0(EngineExecutionOrchestrator.java:54)
	at org.junit.platform.launcher.core.EngineExecutionOrchestrator.withInterceptedStreams(EngineExecutionOrchestrator.java:67)
	at org.junit.platform.launcher.core.EngineExecutionOrchestrator.execute(EngineExecutionOrchestrator.java:52)
	at org.junit.platform.launcher.core.DefaultLauncher.execute(DefaultLauncher.java:96)
	at org.junit.platform.launcher.core.DefaultLauncher.execute(DefaultLauncher.java:75)
	at org.apache.maven.surefire.junitplatform.JUnitPlatformProvider.invokeAllTests(JUnitPlatformProvider.java:142)
	at org.apache.maven.surefire.junitplatform.JUnitPlatformProvider.invoke(JUnitPlatformProvider.java:113)
	at org.apache.maven.surefire.booter.ForkedBooter.invokeProviderInSameClassLoader(ForkedBooter.java:384)
	at org.apache.maven.surefire.booter.ForkedBooter.runSuitesInProcess(ForkedBooter.java:345)
	at org.apache.maven.surefire.booter.ForkedBooter.execute(ForkedBooter.java:126)
	at org.apache.maven.surefire.booter.ForkedBooter.main(ForkedBooter.java:418)
Caused by: org.apache.ratis.protocol.exceptions.AlreadyClosedException: SlidingWindow$Client:client-E66D8F9D9615->RAFT is closed.
	at org.apache.ratis.util.SlidingWindow$Client.alreadyClosed(SlidingWindow.java:376)
	at org.apache.ratis.util.SlidingWindow$Client.fail(SlidingWindow.java:364)
	at org.apache.ratis.client.impl.OrderedAsync.failAllAsyncRequests(OrderedAsync.java:148)
	at org.apache.ratis.client.impl.OrderedAsync.handleAsyncRetryFailure(OrderedAsync.java:152)
	at org.apache.ratis.client.impl.OrderedAsync.lambda$sendRequest$10(OrderedAsync.java:252)
	at java.util.concurrent.CompletableFuture.uniExceptionally(CompletableFuture.java:884)
	at java.util.concurrent.CompletableFuture$UniExceptionally.tryFire(CompletableFuture.java:866)
	at java.util.concurrent.CompletableFuture.postComplete(CompletableFuture.java:488)
	at java.util.concurrent.CompletableFuture.completeExceptionally(CompletableFuture.java:1990)
	at org.apache.ratis.grpc.client.GrpcClientProtocolClient$AsyncStreamObservers.completeReplyExceptionally(GrpcClientProtocolClient.java:388)
	at org.apache.ratis.grpc.client.GrpcClientProtocolClient$AsyncStreamObservers.access$000(GrpcClientProtocolClient.java:294)
	at org.apache.ratis.grpc.client.GrpcClientProtocolClient$AsyncStreamObservers$1.onNext(GrpcClientProtocolClient.java:308)
	at org.apache.ratis.grpc.client.GrpcClientProtocolClient$AsyncStreamObservers$1.onNext(GrpcClientProtocolClient.java:299)
	at org.apache.ratis.thirdparty.io.grpc.stub.ClientCalls$StreamObserverToCallListenerAdapter.onMessage(ClientCalls.java:465)
	at org.apache.ratis.thirdparty.io.grpc.ForwardingClientCallListener.onMessage(ForwardingClientCallListener.java:33)
	at org.apache.ratis.thirdparty.io.grpc.internal.DelayedClientCall$DelayedListener.onMessage(DelayedClientCall.java:447)
	at org.apache.ratis.thirdparty.io.grpc.internal.ClientCallImpl$ClientStreamListenerImpl$1MessagesAvailable.runInternal(ClientCallImpl.java:715)
	at org.apache.ratis.thirdparty.io.grpc.internal.ClientCallImpl$ClientStreamListenerImpl$1MessagesAvailable.runInContext(ClientCallImpl.java:700)
	at org.apache.ratis.thirdparty.io.grpc.internal.ContextRunnable.run(ContextRunnable.java:37)
	at org.apache.ratis.thirdparty.io.grpc.internal.SerializingExecutor.run(SerializingExecutor.java:123)
	at java.util.concurrent.ThreadPoolExecutor.runWorker(ThreadPoolExecutor.java:1149)
	at java.util.concurrent.ThreadPoolExecutor$Worker.run(ThreadPoolExecutor.java:624)
	at java.lang.Thread.run(Thread.java:748)
Caused by: org.apache.ratis.protocol.exceptions.RaftRetryFailureException: Failed RaftClientRequest:client-E66D8F9D9615->9a530726-af8b-4f6c-9588-6c152d944b80@group-CBE835C2428B, cid=51, seq=1*, Watch(0), null for 3 attempts with RequestTypeDependentRetryPolicy{WRITE->org.apache.ratis.retry.ExceptionDependentRetry@4d93c2dd, WATCH->org.apache.ratis.retry.ExceptionDependentRetry@e86d7e6}
	at org.apache.ratis.client.impl.RaftClientImpl.noMoreRetries(RaftClientImpl.java:254)
	... 20 more
Caused by: org.apache.ratis.protocol.exceptions.NotLeaderException: Server 9a530726-af8b-4f6c-9588-6c152d944b80@group-CBE835C2428B is not the leader
	at org.apache.ratis.client.impl.ClientProtoUtils.toRaftClientReply(ClientProtoUtils.java:368)
	at org.apache.ratis.grpc.client.GrpcClientProtocolClient$AsyncStreamObservers$1.onNext(GrpcClientProtocolClient.java:304)
	... 11 more
</error>
    <system-out><![CDATA[2021-02-05 13:31:36,502 [Listener at 127.0.0.1/35961] WARN  server.ServerUtils (ServerUtils.java:getScmDbDir(148)) - ozone.scm.db.dirs is not configured. We recommend adding this setting. Falling back to ozone.metadata.dirs instead.
2021-02-05 13:31:36,504 [Listener at 127.0.0.1/35961] WARN  server.ServerUtils (ServerUtils.java:getScmDbDir(148)) - ozone.scm.db.dirs is not configured. We recommend adding this setting. Falling back to ozone.metadata.dirs instead.
2021-02-05 13:31:36,505 [Listener at 127.0.0.1/35961] WARN  db.DBStoreBuilder (DBStoreBuilder.java:applyDBDefinition(145)) - ozone.scm.db.dirs is not configured. We recommend adding this setting. Falling back to ozone.metadata.dirs instead.
2021-02-05 13:31:36,525 [Listener at 127.0.0.1/35961] INFO  net.NodeSchemaLoader (NodeSchemaLoader.java:loadSchemaFromFile(126)) - Loading file from sun.misc.CompoundEnumeration@74d925e7
2021-02-05 13:31:36,525 [Listener at 127.0.0.1/35961] INFO  net.NodeSchemaLoader (NodeSchemaLoader.java:loadSchema(172)) - Loading network topology layer schema file
2021-02-05 13:31:36,528 [Listener at 127.0.0.1/35961] INFO  node.SCMNodeManager (SCMNodeManager.java:<init>(123)) - Entering startup safe mode.
2021-02-05 13:31:36,528 [Listener at 127.0.0.1/35961] INFO  algorithms.ContainerPlacementPolicyFactory (ContainerPlacementPolicyFactory.java:getPolicy(60)) - Create container placement policy of type org.apache.hadoop.hdds.scm.container.placement.algorithms.SCMContainerPlacementRandom
2021-02-05 13:31:36,529 [Listener at 127.0.0.1/35961] INFO  algorithms.LeaderChoosePolicyFactory (LeaderChoosePolicyFactory.java:getPolicy(57)) - Create leader choose policy of type org.apache.hadoop.hdds.scm.pipeline.leader.choose.algorithms.MinLeaderCountChoosePolicy
2021-02-05 13:31:36,529 [Listener at 127.0.0.1/35961] INFO  pipeline.SCMPipelineManager (SCMPipelineManager.java:initializePipelineState(161)) - No pipeline exists in current db
2021-02-05 13:31:36,529 [Listener at 127.0.0.1/35961] INFO  algorithms.PipelineChoosePolicyFactory (PipelineChoosePolicyFactory.java:createPipelineChoosePolicyFromClass(73)) - Create pipeline choose policy of type org.apache.hadoop.hdds.scm.pipeline.choose.algorithms.RandomPipelineChoosePolicy
2021-02-05 13:31:36,531 [Listener at 127.0.0.1/35961] INFO  safemode.HealthyPipelineSafeModeRule (HealthyPipelineSafeModeRule.java:<init>(89)) - Total pipeline count is 0, healthy pipeline threshold count is 0
2021-02-05 13:31:36,531 [Listener at 127.0.0.1/35961] INFO  safemode.OneReplicaPipelineSafeModeRule (OneReplicaPipelineSafeModeRule.java:<init>(85)) - Total pipeline count is 0, pipeline's with at least one datanode reported threshold count is 0
2021-02-05 13:31:36,537 [Listener at 127.0.0.1/35961] INFO  ipc.CallQueueManager (CallQueueManager.java:<init>(85)) - Using callQueue: class java.util.concurrent.LinkedBlockingQueue, queueCapacity: 2000, scheduler: class org.apache.hadoop.ipc.DefaultRpcScheduler, ipcBackoff: false.
2021-02-05 13:31:36,538 [Socket Reader #1 for port 0] INFO  ipc.Server (Server.java:run(1255)) - Starting Socket Reader #1 for port 0
2021-02-05 13:31:36,539 [Listener at 0.0.0.0/40337] INFO  ipc.CallQueueManager (CallQueueManager.java:<init>(85)) - Using callQueue: class java.util.concurrent.LinkedBlockingQueue, queueCapacity: 2000, scheduler: class org.apache.hadoop.ipc.DefaultRpcScheduler, ipcBackoff: false.
2021-02-05 13:31:36,539 [Socket Reader #1 for port 0] INFO  ipc.Server (Server.java:run(1255)) - Starting Socket Reader #1 for port 0
2021-02-05 13:31:36,543 [Listener at 0.0.0.0/46493] INFO  ipc.CallQueueManager (CallQueueManager.java:<init>(85)) - Using callQueue: class java.util.concurrent.LinkedBlockingQueue, queueCapacity: 2000, scheduler: class org.apache.hadoop.ipc.DefaultRpcScheduler, ipcBackoff: false.
2021-02-05 13:31:36,544 [Socket Reader #1 for port 0] INFO  ipc.Server (Server.java:run(1255)) - Starting Socket Reader #1 for port 0
2021-02-05 13:31:36,549 [Listener at 0.0.0.0/40735] INFO  http.BaseHttpServer (BaseHttpServer.java:newHttpServer2BuilderForOzone(207)) - Starting Web-server for scm at: http://0.0.0.0:0
2021-02-05 13:31:36,549 [Listener at 0.0.0.0/40735] INFO  http.BaseHttpServer (BaseHttpServer.java:<init>(106)) - Hadoop Security Enabled: false Ozone Security Enabled: false Ozone HTTP Security Enabled: false 
2021-02-05 13:31:36,551 [Listener at 0.0.0.0/40735] INFO  server.AuthenticationFilter (AuthenticationFilter.java:constructSecretProvider(240)) - Unable to initialize FileSignerSecretProvider, falling back to use random secrets.
2021-02-05 13:31:36,551 [Listener at 0.0.0.0/40735] WARN  http.HttpRequestLog (HttpRequestLog.java:getRequestLog(103)) - Jetty request log can only be enabled using Log4j
2021-02-05 13:31:36,552 [Listener at 0.0.0.0/40735] INFO  http.HttpServer2 (HttpServer2.java:addGlobalFilter(1020)) - Added global filter 'safety' (class=org.apache.hadoop.hdds.server.http.HttpServer2$QuotingInputFilter)
2021-02-05 13:31:36,553 [Listener at 0.0.0.0/40735] INFO  http.HttpServer2 (HttpServer2.java:addFilter(996)) - Added filter static_user_filter (class=org.apache.hadoop.http.lib.StaticUserWebFilter$StaticUserFilter) to context scm
2021-02-05 13:31:36,553 [Listener at 0.0.0.0/40735] INFO  http.HttpServer2 (HttpServer2.java:addFilter(1004)) - Added filter static_user_filter (class=org.apache.hadoop.http.lib.StaticUserWebFilter$StaticUserFilter) to context logs
2021-02-05 13:31:36,553 [Listener at 0.0.0.0/40735] INFO  http.HttpServer2 (HttpServer2.java:addFilter(1004)) - Added filter static_user_filter (class=org.apache.hadoop.http.lib.StaticUserWebFilter$StaticUserFilter) to context static
2021-02-05 13:31:36,556 [Listener at 0.0.0.0/40735] INFO  server.StorageContainerManager (StorageContainerManager.java:start(789)) - StorageContainerLocationProtocol RPC server is listening at /0.0.0.0:40735
2021-02-05 13:31:36,557 [Listener at 0.0.0.0/40735] WARN  impl.MetricsConfig (MetricsConfig.java:loadFirst(136)) - Cannot locate configuration: tried hadoop-metrics2-storagecontainermanager.properties,hadoop-metrics2.properties
2021-02-05 13:31:36,558 [Listener at 0.0.0.0/40735] INFO  impl.MetricsSystemImpl (MetricsSystemImpl.java:startTimer(378)) - Scheduled Metric snapshot period at 10 second(s).
2021-02-05 13:31:36,558 [Listener at 0.0.0.0/40735] INFO  impl.MetricsSystemImpl (MetricsSystemImpl.java:start(191)) - StorageContainerManager metrics system started
2021-02-05 13:31:36,577 [Listener at 0.0.0.0/40735] INFO  impl.MetricsSinkAdapter (MetricsSinkAdapter.java:start(204)) - Sink prometheus started
2021-02-05 13:31:36,577 [Listener at 0.0.0.0/40735] INFO  impl.MetricsSystemImpl (MetricsSystemImpl.java:registerSink(305)) - Registered sink prometheus
2021-02-05 13:31:36,581 [Listener at 0.0.0.0/40735] INFO  server.SCMClientProtocolServer (SCMClientProtocolServer.java:start(159)) - RPC server for Client  is listening at /0.0.0.0:40735
2021-02-05 13:31:36,581 [IPC Server Responder] INFO  ipc.Server (Server.java:run(1497)) - IPC Server Responder: starting
2021-02-05 13:31:36,582 [IPC Server listener on 0] INFO  ipc.Server (Server.java:run(1334)) - IPC Server listener on 0: starting
2021-02-05 13:31:36,589 [Listener at 0.0.0.0/40735] INFO  server.StorageContainerManager (StorageContainerManager.java:start(801)) - ScmBlockLocationProtocol RPC server is listening at /0.0.0.0:46493
2021-02-05 13:31:36,589 [Listener at 0.0.0.0/40735] INFO  server.SCMBlockProtocolServer (SCMBlockProtocolServer.java:start(150)) - RPC server for Block Protocol is listening at /0.0.0.0:46493
2021-02-05 13:31:36,589 [IPC Server Responder] INFO  ipc.Server (Server.java:run(1497)) - IPC Server Responder: starting
2021-02-05 13:31:36,590 [IPC Server listener on 0] INFO  ipc.Server (Server.java:run(1334)) - IPC Server listener on 0: starting
2021-02-05 13:31:36,592 [Listener at 0.0.0.0/40735] INFO  server.StorageContainerManager (StorageContainerManager.java:start(807)) - ScmDatanodeProtocl RPC server is listening at /0.0.0.0:40337
2021-02-05 13:31:36,593 [Listener at 0.0.0.0/40735] INFO  server.SCMDatanodeProtocolServer (SCMDatanodeProtocolServer.java:start(174)) - RPC server for DataNodes is listening at /0.0.0.0:40337
2021-02-05 13:31:36,597 [IPC Server Responder] INFO  ipc.Server (Server.java:run(1497)) - IPC Server Responder: starting
2021-02-05 13:31:36,597 [IPC Server listener on 0] INFO  ipc.Server (Server.java:run(1334)) - IPC Server listener on 0: starting
2021-02-05 13:31:36,602 [Listener at 0.0.0.0/40735] INFO  http.HttpServer2 (HttpServer2.java:bindListener(1238)) - Jetty bound to port 35401
2021-02-05 13:31:36,602 [Listener at 0.0.0.0/40735] INFO  server.Server (Server.java:doStart(375)) - jetty-9.4.34.v20201102; built: 2020-11-02T14:15:39.302Z; git: e46af88704a893fc12cb0e3bf46e2c7b48a009e7; jvm 1.8.0_232-b09
2021-02-05 13:31:36,603 [Listener at 0.0.0.0/40735] INFO  server.session (DefaultSessionIdManager.java:doStart(334)) - DefaultSessionIdManager workerName=node0
2021-02-05 13:31:36,603 [Listener at 0.0.0.0/40735] INFO  server.session (DefaultSessionIdManager.java:doStart(339)) - No SessionScavenger set, using defaults
2021-02-05 13:31:36,604 [Listener at 0.0.0.0/40735] INFO  server.session (HouseKeeper.java:startScavenging(132)) - node0 Scavenging every 600000ms
2021-02-05 13:31:36,604 [Listener at 0.0.0.0/40735] INFO  handler.ContextHandler (ContextHandler.java:doStart(916)) - Started o.e.j.s.ServletContextHandler@5f2eeb6b{logs,/logs,file:///github/workspace/mnt/ozone/hadoop-ozone/integration-test/target/log,AVAILABLE}
2021-02-05 13:31:36,605 [Listener at 0.0.0.0/40735] INFO  handler.ContextHandler (ContextHandler.java:doStart(916)) - Started o.e.j.s.ServletContextHandler@5bd9615c{static,/static,file:///github/workspace/mnt/ozone/hadoop-ozone/integration-test/target/test-classes/webapps/static,AVAILABLE}
2021-02-05 13:31:36,609 [Listener at 0.0.0.0/40735] INFO  handler.ContextHandler (ContextHandler.java:doStart(916)) - Started o.e.j.w.WebAppContext@3243b967{scm,/,file:///github/workspace/mnt/ozone/hadoop-ozone/integration-test/target/test-classes/webapps/scm/,AVAILABLE}{file:/github/workspace/mnt/ozone/hadoop-ozone/integration-test/target/test-classes/webapps/scm}
2021-02-05 13:31:36,609 [Listener at 0.0.0.0/40735] INFO  server.AbstractConnector (AbstractConnector.java:doStart(331)) - Started ServerConnector@5e0bf895{HTTP/1.1, (http/1.1)}{0.0.0.0:35401}
2021-02-05 13:31:36,609 [Listener at 0.0.0.0/40735] INFO  server.Server (Server.java:doStart(415)) - Started @62072ms
2021-02-05 13:31:36,610 [Listener at 0.0.0.0/40735] WARN  impl.MetricsSystemImpl (MetricsSystemImpl.java:register(279)) - Sink prometheus already exists!
2021-02-05 13:31:36,615 [Listener at 0.0.0.0/40735] INFO  http.BaseHttpServer (BaseHttpServer.java:updateConnectorAddress(327)) - HTTP server of scm listening at http://0.0.0.0:35401
2021-02-05 13:31:36,616 [Listener at 0.0.0.0/40735] WARN  server.ServerUtils (ServerUtils.java:getDBPath(225)) - ozone.om.db.dirs is not configured. We recommend adding this setting. Falling back to ozone.metadata.dirs instead.
2021-02-05 13:31:36,616 [org.apache.hadoop.util.JvmPauseMonitor$Monitor@66e56837] INFO  util.JvmPauseMonitor (JvmPauseMonitor.java:run(188)) - Starting JVM pause monitor
2021-02-05 13:31:36,617 [Listener at 0.0.0.0/40735] INFO  ha.OMHANodeDetails (OMHANodeDetails.java:loadOMHAConfig(104)) - ozone.om.internal.service.id is not defined, falling back to ozone.om.service.ids to find serviceID for OzoneManager if it is HA enabled cluster
2021-02-05 13:31:36,617 [Listener at 0.0.0.0/40735] INFO  ha.OMHANodeDetails (OMHANodeDetails.java:loadOMHAConfig(210)) - Configuration does not have ozone.om.address set. Falling back to the default OM address /127.0.0.1:0
2021-02-05 13:31:36,618 [Listener at 0.0.0.0/40735] INFO  ha.OMHANodeDetails (OMHANodeDetails.java:getOMNodeDetails(238)) - OM Service ID is not set. Setting it to the default ID: omServiceIdDefault
2021-02-05 13:31:36,618 [Listener at 0.0.0.0/40735] INFO  ha.OMHANodeDetails (OMHANodeDetails.java:getOMNodeDetails(245)) - OM Node ID is not set. Setting it to the default ID: om1
2021-02-05 13:31:36,618 [Listener at 0.0.0.0/40735] WARN  server.ServerUtils (ServerUtils.java:getDBPath(225)) - ozone.om.db.dirs is not configured. We recommend adding this setting. Falling back to ozone.metadata.dirs instead.
2021-02-05 13:31:36,618 [Listener at 0.0.0.0/40735] WARN  server.ServerUtils (ServerUtils.java:getDBPath(225)) - ozone.om.db.dirs is not configured. We recommend adding this setting. Falling back to ozone.metadata.dirs instead.
2021-02-05 13:31:36,623 [Listener at 0.0.0.0/40735] WARN  server.ServerUtils (ServerUtils.java:getDBPath(225)) - ozone.om.db.dirs is not configured. We recommend adding this setting. Falling back to ozone.metadata.dirs instead.
2021-02-05 13:31:36,624 [Listener at 0.0.0.0/40735] INFO  codec.OmKeyInfoCodec (OmKeyInfoCodec.java:<init>(43)) - OmKeyInfoCodec ignorePipeline = true
2021-02-05 13:31:36,624 [Listener at 0.0.0.0/40735] INFO  codec.RepeatedOmKeyInfoCodec (RepeatedOmKeyInfoCodec.java:<init>(42)) - RepeatedOmKeyInfoCodec ignorePipeline = true
2021-02-05 13:31:36,666 [Listener at 0.0.0.0/40735] INFO  om.OzoneManager (OzoneManager.java:addS3GVolumeToDB(3746)) - Created Volume s3v With Owner jenkins1001 required for S3Gateway operations.
2021-02-05 13:31:36,666 [Listener at 0.0.0.0/40735] WARN  server.ServerUtils (ServerUtils.java:getDefaultRatisDirectory(237)) - Storage directory for Ratis is not configured. It is a good idea to map this to an SSD disk. Falling back to ozone.metadata.dirs
2021-02-05 13:31:36,666 [Listener at 0.0.0.0/40735] WARN  ratis.OzoneManagerRatisServer (OzoneManagerRatisServer.java:getOMRatisSnapshotDirectory(623)) - ozone.om.ratis.snapshot.dir is not configured. Falling back to ozone.metadata.dirs config
2021-02-05 13:31:36,666 [Listener at 0.0.0.0/40735] WARN  server.ServerUtils (ServerUtils.java:getDefaultRatisDirectory(237)) - Storage directory for Ratis is not configured. It is a good idea to map this to an SSD disk. Falling back to ozone.metadata.dirs
2021-02-05 13:31:36,667 [Listener at 0.0.0.0/40735] INFO  ratis.OzoneManagerRatisServer (OzoneManagerRatisServer.java:<init>(280)) - Instantiating OM Ratis server with GroupID: omServiceIdDefault and Raft Peers: localhost:9872
2021-02-05 13:31:36,668 [Listener at 0.0.0.0/40735] INFO  ratis.OzoneManagerStateMachine (OzoneManagerStateMachine.java:loadSnapshotInfoFromDB(518)) - LastAppliedIndex is set from TransactionInfo from OM DB as (t:0, i:~)
2021-02-05 13:31:36,669 [Listener at 0.0.0.0/40735] INFO  server.RaftServer (ConfUtils.java:logGet(44)) - raft.rpc.type = GRPC (default)
2021-02-05 13:31:36,669 [Listener at 0.0.0.0/40735] INFO  grpc.GrpcFactory (GrpcFactory.java:checkPooledByteBufAllocatorUseCacheForAllThreads(48)) - PERFORMANCE WARNING: useCacheForAllThreads is true that may cause Netty to create a lot garbage objects and, as a result, trigger GC.
	It is recommended to disable useCacheForAllThreads by setting -Dorg.apache.ratis.thirdparty.io.netty.allocator.useCacheForAllThreads=false in command line.
2021-02-05 13:31:36,669 [Listener at 0.0.0.0/40735] INFO  grpc.GrpcConfigKeys (ConfUtils.java:logGet(44)) - raft.grpc.admin.port = -1 (default)
2021-02-05 13:31:36,669 [Listener at 0.0.0.0/40735] INFO  grpc.GrpcConfigKeys (ConfUtils.java:logGet(44)) - raft.grpc.server.port = 9872 (custom)
2021-02-05 13:31:36,669 [Listener at 0.0.0.0/40735] INFO  grpc.GrpcConfigKeys (ConfUtils.java:logGet(44)) - raft.grpc.client.port = -1 (default)
2021-02-05 13:31:36,670 [Listener at 0.0.0.0/40735] INFO  grpc.GrpcConfigKeys (ConfUtils.java:logGet(44)) - raft.grpc.server.port = 9872 (custom)
2021-02-05 13:31:36,670 [Listener at 0.0.0.0/40735] INFO  grpc.GrpcConfigKeys (ConfUtils.java:logGet(44)) - raft.grpc.server.port = 9872 (custom)
2021-02-05 13:31:36,670 [Listener at 0.0.0.0/40735] INFO  server.GrpcService (ConfUtils.java:logGet(44)) - raft.grpc.message.size.max = 33554432 (custom)
2021-02-05 13:31:36,670 [Listener at 0.0.0.0/40735] INFO  server.RaftServerConfigKeys (ConfUtils.java:logGet(44)) - raft.server.log.appender.buffer.byte-limit = 33554432 (custom)
2021-02-05 13:31:36,670 [Listener at 0.0.0.0/40735] INFO  server.GrpcService (ConfUtils.java:logGet(44)) - raft.grpc.flow.control.window = 1MB (=1048576) (default)
2021-02-05 13:31:36,670 [Listener at 0.0.0.0/40735] INFO  server.RaftServerConfigKeys (ConfUtils.java:logGet(44)) - raft.server.rpc.request.timeout = 3000ms (default)
2021-02-05 13:31:36,671 [Listener at 0.0.0.0/40735] INFO  impl.DataStreamServerImpl (ConfUtils.java:logGet(44)) - raft.datastream.type = DISABLED (default)
2021-02-05 13:31:36,671 [Listener at 0.0.0.0/40735] INFO  server.RaftServerConfigKeys (ConfUtils.java:logGet(44)) - raft.server.rpc.slowness.timeout = 120s (custom)
2021-02-05 13:31:36,672 [Listener at 0.0.0.0/40735] INFO  server.RaftServerConfigKeys (ConfUtils.java:logGet(44)) - raft.server.leaderelection.leader.step-down.wait-time = 10s (default)
2021-02-05 13:31:36,672 [Listener at 0.0.0.0/40735] INFO  server.RaftServerConfigKeys (ConfUtils.java:logGet(44)) - raft.server.storage.dir = [/github/workspace/mnt/ozone/hadoop-ozone/integration-test/target/test-dir/MiniOzoneClusterImpl-a92b2b3a-f9aa-4539-be01-238306fe77bb/ozone-meta/ratis] (custom)
2021-02-05 13:31:36,672 [Listener at 0.0.0.0/40735] INFO  server.RaftServer (RaftServerProxy.java:addNew(95)) - om1: addNew group-C5BA1605619E:[om1|rpc:localhost:9872|priority:0] returns group-C5BA1605619E:java.util.concurrent.CompletableFuture@63af8885[Not completed]
2021-02-05 13:31:36,672 [pool-222-thread-1] INFO  server.RaftServer$Division (RaftServerImpl.java:<init>(180)) - om1: new RaftServerImpl for group-C5BA1605619E:[om1|rpc:localhost:9872|priority:0] with OzoneManagerStateMachine:uninitialized
2021-02-05 13:31:36,672 [Listener at 0.0.0.0/40735] INFO  om.OzoneManager (OzoneManager.java:initializeRatisServer(1332)) - OzoneManager Ratis server initialized at port 9872
2021-02-05 13:31:36,673 [pool-222-thread-1] INFO  server.RaftServerConfigKeys (ConfUtils.java:logGet(44)) - raft.server.rpc.timeout.min = 1s (custom)
2021-02-05 13:31:36,673 [pool-222-thread-1] INFO  server.RaftServerConfigKeys (ConfUtils.java:logGet(44)) - raft.server.rpc.timeout.max = 1200ms (custom)
2021-02-05 13:31:36,674 [Listener at 0.0.0.0/40735] INFO  ipc.CallQueueManager (CallQueueManager.java:<init>(85)) - Using callQueue: class java.util.concurrent.LinkedBlockingQueue, queueCapacity: 2000, scheduler: class org.apache.hadoop.ipc.DefaultRpcScheduler, ipcBackoff: false.
2021-02-05 13:31:36,674 [Socket Reader #1 for port 0] INFO  ipc.Server (Server.java:run(1255)) - Starting Socket Reader #1 for port 0
2021-02-05 13:31:36,678 [pool-222-thread-1] INFO  server.RaftServerConfigKeys (ConfUtils.java:logGet(44)) - raft.server.rpc.sleep.time = 25ms (default)
2021-02-05 13:31:36,678 [pool-222-thread-1] INFO  server.RaftServerConfigKeys (ConfUtils.java:logGet(44)) - raft.server.rpc.slowness.timeout = 120s (custom)
2021-02-05 13:31:36,679 [pool-222-thread-1] INFO  server.RaftServerConfigKeys (ConfUtils.java:logGet(44)) - raft.server.leaderelection.leader.step-down.wait-time = 10s (default)
2021-02-05 13:31:36,679 [pool-222-thread-1] INFO  server.RaftServerConfigKeys (ConfUtils.java:logGet(44)) - raft.server.sleep.deviation.threshold = 300ms (default)
2021-02-05 13:31:36,679 [pool-222-thread-1] INFO  server.RaftServerConfigKeys (ConfUtils.java:logGet(44)) - raft.server.log.appender.install.snapshot.enabled = false (custom)
2021-02-05 13:31:36,679 [pool-222-thread-1] INFO  server.RaftServer$Division (ServerState.java:<init>(105)) - om1@group-C5BA1605619E: ConfigurationManager, init=-1: [om1|rpc:localhost:9872|priority:0], old=null, confs=<EMPTY_MAP>
2021-02-05 13:31:36,679 [pool-222-thread-1] INFO  server.RaftServerConfigKeys (ConfUtils.java:logGet(44)) - raft.server.storage.dir = [/github/workspace/mnt/ozone/hadoop-ozone/integration-test/target/test-dir/MiniOzoneClusterImpl-a92b2b3a-f9aa-4539-be01-238306fe77bb/ozone-meta/ratis] (custom)
2021-02-05 13:31:36,679 [pool-222-thread-1] INFO  server.RaftServerConfigKeys (ConfUtils.java:logGet(44)) - raft.server.log.corruption.policy = EXCEPTION (default)
2021-02-05 13:31:36,679 [pool-222-thread-1] INFO  storage.RaftStorageDirectory (RaftStorageDirectoryImpl.java:analyzeStorage(132)) - The storage directory /github/workspace/mnt/ozone/hadoop-ozone/integration-test/target/test-dir/MiniOzoneClusterImpl-a92b2b3a-f9aa-4539-be01-238306fe77bb/ozone-meta/ratis/bf265839-605b-3f16-9796-c5ba1605619e does not exist. Creating ...
2021-02-05 13:31:36,680 [pool-222-thread-1] INFO  storage.RaftStorageDirectory (RaftStorageDirectoryImpl.java:tryLock(215)) - Lock on /github/workspace/mnt/ozone/hadoop-ozone/integration-test/target/test-dir/MiniOzoneClusterImpl-a92b2b3a-f9aa-4539-be01-238306fe77bb/ozone-meta/ratis/bf265839-605b-3f16-9796-c5ba1605619e/in_use.lock acquired by nodename 4634@c72a3e6d1148
2021-02-05 13:31:36,681 [pool-222-thread-1] INFO  storage.RaftStorage (RaftStorageImpl.java:format(87)) - Storage directory /github/workspace/mnt/ozone/hadoop-ozone/integration-test/target/test-dir/MiniOzoneClusterImpl-a92b2b3a-f9aa-4539-be01-238306fe77bb/ozone-meta/ratis/bf265839-605b-3f16-9796-c5ba1605619e has been successfully formatted.
2021-02-05 13:31:36,681 [pool-222-thread-1] ERROR storage.RaftStorage (RaftStorageImpl.java:readRaftConfiguration(147)) - Failed reading configuration from file:/github/workspace/mnt/ozone/hadoop-ozone/integration-test/target/test-dir/MiniOzoneClusterImpl-a92b2b3a-f9aa-4539-be01-238306fe77bb/ozone-meta/ratis/bf265839-605b-3f16-9796-c5ba1605619e/current/raft-meta.conf
java.io.FileNotFoundException: /github/workspace/mnt/ozone/hadoop-ozone/integration-test/target/test-dir/MiniOzoneClusterImpl-a92b2b3a-f9aa-4539-be01-238306fe77bb/ozone-meta/ratis/bf265839-605b-3f16-9796-c5ba1605619e/current/raft-meta.conf (No such file or directory)
	at java.io.FileInputStream.open0(Native Method)
	at java.io.FileInputStream.open(FileInputStream.java:195)
	at java.io.FileInputStream.<init>(FileInputStream.java:138)
	at org.apache.ratis.server.storage.RaftStorageImpl.readRaftConfiguration(RaftStorageImpl.java:143)
	at org.apache.ratis.server.impl.ServerState.<init>(ServerState.java:122)
	at org.apache.ratis.server.impl.RaftServerImpl.<init>(RaftServerImpl.java:193)
	at org.apache.ratis.server.impl.RaftServerProxy.lambda$newRaftServerImpl$4(RaftServerProxy.java:266)
	at java.util.concurrent.CompletableFuture$AsyncSupply.run(CompletableFuture.java:1604)
	at java.util.concurrent.ThreadPoolExecutor.runWorker(ThreadPoolExecutor.java:1149)
	at java.util.concurrent.ThreadPoolExecutor$Worker.run(ThreadPoolExecutor.java:624)
	at java.lang.Thread.run(Thread.java:748)
2021-02-05 13:31:36,681 [pool-222-thread-1] INFO  server.RaftServerConfigKeys (ConfUtils.java:logGet(44)) - raft.server.notification.no-leader.timeout = 120s (custom)
2021-02-05 13:31:36,684 [pool-222-thread-1] INFO  server.RaftServerConfigKeys (ConfUtils.java:logGet(44)) - raft.server.log.use.memory = false (default)
2021-02-05 13:31:36,684 [pool-222-thread-1] INFO  server.RaftServerConfigKeys (ConfUtils.java:logGet(44)) - raft.server.log.purge.gap = 1000000 (custom)
2021-02-05 13:31:36,684 [pool-222-thread-1] INFO  server.RaftServerConfigKeys (ConfUtils.java:logGet(44)) - raft.server.log.appender.buffer.byte-limit = 33554432 (custom)
2021-02-05 13:31:36,684 [pool-222-thread-1] INFO  metrics.RatisMetrics (RatisMetrics.java:lambda$create$0(36)) - Creating Metrics Registry : ratis.log_worker.om1@group-C5BA1605619E
2021-02-05 13:31:36,688 [Listener at 127.0.0.1/37659] INFO  impl.MetricsSystemImpl (MetricsSystemImpl.java:init(158)) - OzoneManager metrics system started (again)
2021-02-05 13:31:36,689 [Listener at 127.0.0.1/37659] INFO  om.OzoneManager (OzoneManager.java:start(1152)) - OzoneManager RPC server is listening at localhost/127.0.0.1:37659
2021-02-05 13:31:36,689 [Listener at 127.0.0.1/37659] INFO  ratis.OzoneManagerRatisServer (OzoneManagerRatisServer.java:start(377)) - Starting OzoneManagerRatisServer om1 at port 9872
2021-02-05 13:31:36,692 [pool-222-thread-1] INFO  server.RaftServerConfigKeys (ConfUtils.java:logGet(44)) - raft.server.log.segment.size.max = 4194304 (custom)
2021-02-05 13:31:36,692 [pool-222-thread-1] INFO  server.RaftServerConfigKeys (ConfUtils.java:logGet(44)) - raft.server.log.segment.cache.num.max = 2 (custom)
2021-02-05 13:31:36,692 [pool-222-thread-1] INFO  server.RaftServerConfigKeys (ConfUtils.java:logGet(44)) - raft.server.log.segment.cache.size.max = 200MB (=209715200) (default)
2021-02-05 13:31:36,692 [pool-222-thread-1] INFO  segmented.SegmentedRaftLogWorker (SegmentedRaftLogWorker.java:<init>(181)) - new om1@group-C5BA1605619E-SegmentedRaftLogWorker for RaftStorageImpl:Storage Directory /github/workspace/mnt/ozone/hadoop-ozone/integration-test/target/test-dir/MiniOzoneClusterImpl-a92b2b3a-f9aa-4539-be01-238306fe77bb/ozone-meta/ratis/bf265839-605b-3f16-9796-c5ba1605619e
2021-02-05 13:31:36,693 [pool-222-thread-1] INFO  server.RaftServerConfigKeys (ConfUtils.java:logGet(44)) - raft.server.log.queue.byte-limit = 64MB (=67108864) (default)
2021-02-05 13:31:36,693 [pool-222-thread-1] INFO  server.RaftServerConfigKeys (ConfUtils.java:logGet(44)) - raft.server.log.queue.element-limit = 4096 (default)
2021-02-05 13:31:36,693 [pool-222-thread-1] INFO  server.RaftServerConfigKeys (ConfUtils.java:logGet(44)) - raft.server.log.segment.size.max = 4194304 (custom)
2021-02-05 13:31:36,693 [pool-222-thread-1] INFO  server.RaftServerConfigKeys (ConfUtils.java:logGet(44)) - raft.server.log.preallocated.size = 4194304 (custom)
2021-02-05 13:31:36,693 [pool-222-thread-1] INFO  server.RaftServerConfigKeys (ConfUtils.java:logGet(44)) - raft.server.log.force.sync.num = 128 (default)
2021-02-05 13:31:36,693 [pool-222-thread-1] INFO  server.RaftServerConfigKeys (ConfUtils.java:logGet(44)) - raft.server.log.statemachine.data.sync = true (default)
2021-02-05 13:31:36,693 [pool-222-thread-1] INFO  server.RaftServerConfigKeys (ConfUtils.java:logGet(44)) - raft.server.log.statemachine.data.sync.timeout = 10s (default)
2021-02-05 13:31:36,693 [pool-222-thread-1] INFO  server.RaftServerConfigKeys (ConfUtils.java:logGet(44)) - raft.server.log.statemachine.data.sync.timeout.retry = -1 (default)
2021-02-05 13:31:36,693 [pool-222-thread-1] INFO  server.RaftServerConfigKeys (ConfUtils.java:logGet(44)) - raft.server.log.write.buffer.size = 64KB (=65536) (default)
2021-02-05 13:31:36,694 [pool-222-thread-1] INFO  server.RaftServerConfigKeys (ConfUtils.java:logGet(44)) - raft.server.log.statemachine.data.caching.enabled = false (default)
2021-02-05 13:31:36,694 [pool-222-thread-1] INFO  segmented.SegmentedRaftLogWorker (SegmentedRaftLogWorker.java:lambda$new$0(132)) - om1@group-C5BA1605619E-SegmentedRaftLogWorker: flushIndex: setUnconditionally 0 -> -1
2021-02-05 13:31:36,694 [pool-222-thread-1] INFO  segmented.SegmentedRaftLogWorker (SegmentedRaftLogWorker.java:lambda$new$0(132)) - om1@group-C5BA1605619E-SegmentedRaftLogWorker: safeCacheEvictIndex: setUnconditionally 0 -> -1
2021-02-05 13:31:36,696 [pool-222-thread-1] INFO  server.RaftServerConfigKeys (ConfUtils.java:logGet(44)) - raft.server.snapshot.auto.trigger.enabled = true (custom)
2021-02-05 13:31:36,696 [pool-222-thread-1] INFO  server.RaftServerConfigKeys (ConfUtils.java:logGet(44)) - raft.server.snapshot.auto.trigger.threshold = 400000 (default)
2021-02-05 13:31:36,696 [pool-222-thread-1] INFO  server.RaftServerConfigKeys (ConfUtils.java:logGet(44)) - raft.server.snapshot.retention.file.num = -1 (default)
2021-02-05 13:31:36,696 [pool-222-thread-1] INFO  server.RaftServerConfigKeys (ConfUtils.java:logGet(44)) - raft.server.log.purge.upto.snapshot.index = true (custom)
2021-02-05 13:31:36,696 [pool-222-thread-1] INFO  server.RaftServerConfigKeys (ConfUtils.java:logGet(44)) - raft.server.retrycache.expirytime = 300s (custom)
2021-02-05 13:31:36,696 [pool-222-thread-1] INFO  server.RaftServerConfigKeys (ConfUtils.java:logGet(44)) - raft.server.retrycache.statistics.expirytime = 100?s (default)
2021-02-05 13:31:36,696 [pool-222-thread-1] INFO  metrics.RatisMetrics (RatisMetrics.java:lambda$create$0(36)) - Creating Metrics Registry : ratis.leader_election.om1@group-C5BA1605619E
2021-02-05 13:31:36,697 [pool-222-thread-1] INFO  metrics.RatisMetrics (RatisMetrics.java:lambda$create$0(36)) - Creating Metrics Registry : ratis.server.om1@group-C5BA1605619E
2021-02-05 13:31:36,697 [Listener at 127.0.0.1/37659] INFO  server.RaftServer$Division (RaftServerImpl.java:start(295)) - om1@group-C5BA1605619E: start as a follower, conf=-1: [om1|rpc:localhost:9872|priority:0], old=null
2021-02-05 13:31:36,697 [Listener at 127.0.0.1/37659] INFO  server.RaftServer$Division (RaftServerImpl.java:setRole(284)) - om1@group-C5BA1605619E: changes role from      null to FOLLOWER at term 0 for startAsFollower
2021-02-05 13:31:36,698 [Listener at 127.0.0.1/37659] INFO  impl.RoleInfo (RoleInfo.java:updateAndGet(130)) - om1: start om1@group-C5BA1605619E-FollowerState
2021-02-05 13:31:36,701 [Listener at 127.0.0.1/37659] INFO  util.JmxRegister (JmxRegister.java:tryRegister(44)) - Successfully registered JMX Bean with object name Ratis:service=RaftServer,group=group-C5BA1605619E,id=om1
2021-02-05 13:31:36,701 [Listener at 127.0.0.1/37659] INFO  metrics.RatisMetrics (RatisMetrics.java:lambda$create$0(36)) - Creating Metrics Registry : ratis.state_machine.om1@group-C5BA1605619E
2021-02-05 13:31:36,705 [Listener at 127.0.0.1/37659] INFO  server.RaftServer (RaftServerProxy.java:lambda$start$5(374)) - om1: start RPC server
2021-02-05 13:31:36,706 [Listener at 127.0.0.1/37659] INFO  server.GrpcService (GrpcService.java:startImpl(253)) - om1: GrpcService started, listening on 9872
2021-02-05 13:31:36,706 [org.apache.ratis.util.JvmPauseMonitor$$Lambda$504/1608512753@1a19d0be] INFO  util.JvmPauseMonitor (JvmPauseMonitor.java:run(103)) - JvmPauseMonitor-om1: Started
2021-02-05 13:31:36,835 [Listener at 127.0.0.1/37659] INFO  http.BaseHttpServer (BaseHttpServer.java:newHttpServer2BuilderForOzone(207)) - Starting Web-server for ozoneManager at: http://0.0.0.0:0
2021-02-05 13:31:36,835 [Listener at 127.0.0.1/37659] INFO  http.BaseHttpServer (BaseHttpServer.java:<init>(106)) - Hadoop Security Enabled: false Ozone Security Enabled: false Ozone HTTP Security Enabled: false 
2021-02-05 13:31:36,836 [Listener at 127.0.0.1/37659] INFO  server.AuthenticationFilter (AuthenticationFilter.java:constructSecretProvider(240)) - Unable to initialize FileSignerSecretProvider, falling back to use random secrets.
2021-02-05 13:31:36,837 [Listener at 127.0.0.1/37659] WARN  http.HttpRequestLog (HttpRequestLog.java:getRequestLog(103)) - Jetty request log can only be enabled using Log4j
2021-02-05 13:31:36,838 [Listener at 127.0.0.1/37659] INFO  http.HttpServer2 (HttpServer2.java:addGlobalFilter(1020)) - Added global filter 'safety' (class=org.apache.hadoop.hdds.server.http.HttpServer2$QuotingInputFilter)
2021-02-05 13:31:36,838 [Listener at 127.0.0.1/37659] INFO  http.HttpServer2 (HttpServer2.java:addFilter(996)) - Added filter static_user_filter (class=org.apache.hadoop.http.lib.StaticUserWebFilter$StaticUserFilter) to context ozoneManager
2021-02-05 13:31:36,838 [Listener at 127.0.0.1/37659] INFO  http.HttpServer2 (HttpServer2.java:addFilter(1004)) - Added filter static_user_filter (class=org.apache.hadoop.http.lib.StaticUserWebFilter$StaticUserFilter) to context static
2021-02-05 13:31:36,839 [Listener at 127.0.0.1/37659] INFO  http.HttpServer2 (HttpServer2.java:addFilter(1004)) - Added filter static_user_filter (class=org.apache.hadoop.http.lib.StaticUserWebFilter$StaticUserFilter) to context logs
2021-02-05 13:31:36,839 [Listener at 127.0.0.1/37659] INFO  http.HttpServer2 (HttpServer2.java:bindListener(1238)) - Jetty bound to port 39195
2021-02-05 13:31:36,839 [Listener at 127.0.0.1/37659] INFO  server.Server (Server.java:doStart(375)) - jetty-9.4.34.v20201102; built: 2020-11-02T14:15:39.302Z; git: e46af88704a893fc12cb0e3bf46e2c7b48a009e7; jvm 1.8.0_232-b09
2021-02-05 13:31:36,840 [Listener at 127.0.0.1/37659] INFO  server.session (DefaultSessionIdManager.java:doStart(334)) - DefaultSessionIdManager workerName=node0
2021-02-05 13:31:36,841 [Listener at 127.0.0.1/37659] INFO  server.session (DefaultSessionIdManager.java:doStart(339)) - No SessionScavenger set, using defaults
2021-02-05 13:31:36,841 [Listener at 127.0.0.1/37659] INFO  server.session (HouseKeeper.java:startScavenging(132)) - node0 Scavenging every 600000ms
2021-02-05 13:31:36,841 [Listener at 127.0.0.1/37659] INFO  handler.ContextHandler (ContextHandler.java:doStart(916)) - Started o.e.j.s.ServletContextHandler@700e4826{logs,/logs,file:///github/workspace/mnt/ozone/hadoop-ozone/integration-test/target/log,AVAILABLE}
2021-02-05 13:31:36,842 [Listener at 127.0.0.1/37659] INFO  handler.ContextHandler (ContextHandler.java:doStart(916)) - Started o.e.j.s.ServletContextHandler@616a370b{static,/static,file:///github/workspace/mnt/ozone/hadoop-ozone/integration-test/target/test-classes/webapps/static,AVAILABLE}
2021-02-05 13:31:36,845 [Listener at 127.0.0.1/37659] INFO  handler.ContextHandler (ContextHandler.java:doStart(916)) - Started o.e.j.w.WebAppContext@a56277b{ozoneManager,/,file:///github/workspace/mnt/ozone/hadoop-ozone/integration-test/target/test-classes/webapps/ozoneManager/,AVAILABLE}{file:/github/workspace/mnt/ozone/hadoop-ozone/integration-test/target/test-classes/webapps/ozoneManager}
2021-02-05 13:31:36,846 [Listener at 127.0.0.1/37659] INFO  server.AbstractConnector (AbstractConnector.java:doStart(331)) - Started ServerConnector@1469d14a{HTTP/1.1, (http/1.1)}{0.0.0.0:39195}
2021-02-05 13:31:36,847 [Listener at 127.0.0.1/37659] INFO  server.Server (Server.java:doStart(415)) - Started @62309ms
2021-02-05 13:31:36,847 [Listener at 127.0.0.1/37659] WARN  impl.MetricsSystemImpl (MetricsSystemImpl.java:register(279)) - Sink prometheus already exists!
2021-02-05 13:31:36,853 [Listener at 127.0.0.1/37659] INFO  http.BaseHttpServer (BaseHttpServer.java:updateConnectorAddress(327)) - HTTP server of ozoneManager listening at http://0.0.0.0:39195
2021-02-05 13:31:36,853 [IPC Server Responder] INFO  ipc.Server (Server.java:run(1497)) - IPC Server Responder: starting
2021-02-05 13:31:36,857 [IPC Server listener on 0] INFO  ipc.Server (Server.java:run(1334)) - IPC Server listener on 0: starting
2021-02-05 13:31:36,862 [Listener at 127.0.0.1/37659] INFO  om.OzoneManager (OzoneManager.java:startTrashEmptier(1273)) - Trash Interval set to 0. Files deleted will not move to trash
2021-02-05 13:31:36,863 [org.apache.hadoop.util.JvmPauseMonitor$Monitor@2c053537] INFO  util.JvmPauseMonitor (JvmPauseMonitor.java:run(188)) - Starting JVM pause monitor
2021-02-05 13:31:36,881 [Listener at 127.0.0.1/37659] INFO  impl.MetricsSystemImpl (MetricsSystemImpl.java:init(158)) - HddsDatanode metrics system started (again)
2021-02-05 13:31:36,884 [Listener at 127.0.0.1/37659] INFO  ozone.HddsDatanodeService (HddsDatanodeService.java:start(215)) - HddsDatanodeService host:c72a3e6d1148 ip:172.17.0.2
2021-02-05 13:31:36,885 [Listener at 127.0.0.1/37659] INFO  volume.HddsVolume (HddsVolume.java:<init>(176)) - Creating Volume: /github/workspace/mnt/ozone/hadoop-ozone/integration-test/target/test-dir/MiniOzoneClusterImpl-a92b2b3a-f9aa-4539-be01-238306fe77bb/datanode-0/data-0/containers/hdds of storage type : DISK and capacity : 9223372036854775807
2021-02-05 13:31:36,885 [Listener at 127.0.0.1/37659] INFO  volume.MutableVolumeSet (MutableVolumeSet.java:initializeVolumeSet(179)) - Added Volume : /github/workspace/mnt/ozone/hadoop-ozone/integration-test/target/test-dir/MiniOzoneClusterImpl-a92b2b3a-f9aa-4539-be01-238306fe77bb/datanode-0/data-0/containers/hdds to VolumeSet
2021-02-05 13:31:36,885 [Listener at 127.0.0.1/37659] INFO  volume.ThrottledAsyncChecker (ThrottledAsyncChecker.java:schedule(141)) - Scheduling a check for /github/workspace/mnt/ozone/hadoop-ozone/integration-test/target/test-dir/MiniOzoneClusterImpl-a92b2b3a-f9aa-4539-be01-238306fe77bb/datanode-0/data-0/containers/hdds
2021-02-05 13:31:36,886 [Listener at 127.0.0.1/37659] INFO  volume.HddsVolumeChecker (HddsVolumeChecker.java:checkAllVolumes(200)) - Scheduled health check for volume /github/workspace/mnt/ozone/hadoop-ozone/integration-test/target/test-dir/MiniOzoneClusterImpl-a92b2b3a-f9aa-4539-be01-238306fe77bb/datanode-0/data-0/containers/hdds
2021-02-05 13:31:36,900 [Thread-675] INFO  ozoneimpl.ContainerReader (ContainerReader.java:readVolume(123)) - Start to verify containers on volume /github/workspace/mnt/ozone/hadoop-ozone/integration-test/target/test-dir/MiniOzoneClusterImpl-a92b2b3a-f9aa-4539-be01-238306fe77bb/datanode-0/data-0/containers/hdds
2021-02-05 13:31:36,900 [Thread-675] INFO  ozoneimpl.ContainerReader (ContainerReader.java:readVolume(148)) - Finish verifying containers on volume /github/workspace/mnt/ozone/hadoop-ozone/integration-test/target/test-dir/MiniOzoneClusterImpl-a92b2b3a-f9aa-4539-be01-238306fe77bb/datanode-0/data-0/containers/hdds
2021-02-05 13:31:36,900 [Listener at 127.0.0.1/37659] INFO  ozoneimpl.OzoneContainer (OzoneContainer.java:buildContainerSet(206)) - Build ContainerSet costs 0s
2021-02-05 13:31:36,902 [Listener at 127.0.0.1/37659] INFO  server.RaftServer (ConfUtils.java:logGet(44)) - raft.rpc.type = GRPC (default)
2021-02-05 13:31:36,902 [Listener at 127.0.0.1/37659] INFO  grpc.GrpcFactory (GrpcFactory.java:checkPooledByteBufAllocatorUseCacheForAllThreads(48)) - PERFORMANCE WARNING: useCacheForAllThreads is true that may cause Netty to create a lot garbage objects and, as a result, trigger GC.
	It is recommended to disable useCacheForAllThreads by setting -Dorg.apache.ratis.thirdparty.io.netty.allocator.useCacheForAllThreads=false in command line.
2021-02-05 13:31:36,903 [Listener at 127.0.0.1/37659] INFO  grpc.GrpcConfigKeys (ConfUtils.java:logGet(44)) - raft.grpc.admin.port = -1 (default)
2021-02-05 13:31:36,903 [Listener at 127.0.0.1/37659] INFO  grpc.GrpcConfigKeys (ConfUtils.java:logGet(44)) - raft.grpc.server.port = 0 (default)
2021-02-05 13:31:36,903 [Listener at 127.0.0.1/37659] INFO  grpc.GrpcConfigKeys (ConfUtils.java:logGet(44)) - raft.grpc.client.port = -1 (default)
2021-02-05 13:31:36,903 [Listener at 127.0.0.1/37659] INFO  grpc.GrpcConfigKeys (ConfUtils.java:logGet(44)) - raft.grpc.server.port = 0 (default)
2021-02-05 13:31:36,903 [Listener at 127.0.0.1/37659] INFO  grpc.GrpcConfigKeys (ConfUtils.java:logGet(44)) - raft.grpc.server.port = 0 (default)
2021-02-05 13:31:36,903 [Listener at 127.0.0.1/37659] INFO  server.GrpcService (ConfUtils.java:logGet(44)) - raft.grpc.message.size.max = 32MB (=33554432) (custom)
2021-02-05 13:31:36,903 [Listener at 127.0.0.1/37659] INFO  server.RaftServerConfigKeys (ConfUtils.java:logGet(44)) - raft.server.log.appender.buffer.byte-limit = 33554432 (custom)
2021-02-05 13:31:36,903 [Listener at 127.0.0.1/37659] INFO  server.GrpcService (ConfUtils.java:logGet(44)) - raft.grpc.flow.control.window = 5MB (=5242880) (custom)
2021-02-05 13:31:36,904 [Listener at 127.0.0.1/37659] INFO  server.RaftServerConfigKeys (ConfUtils.java:logGet(44)) - raft.server.rpc.request.timeout = 3000ms (default)
2021-02-05 13:31:36,905 [Listener at 127.0.0.1/37659] INFO  impl.DataStreamServerImpl (ConfUtils.java:logGet(44)) - raft.datastream.type = DISABLED (default)
2021-02-05 13:31:36,905 [Listener at 127.0.0.1/37659] INFO  server.RaftServerConfigKeys (ConfUtils.java:logGet(44)) - raft.server.rpc.slowness.timeout = 300000ms (custom)
2021-02-05 13:31:36,905 [Listener at 127.0.0.1/37659] INFO  server.RaftServerConfigKeys (ConfUtils.java:logGet(44)) - raft.server.leaderelection.leader.step-down.wait-time = 10s (default)
2021-02-05 13:31:36,905 [Listener at 127.0.0.1/37659] INFO  server.RaftServerConfigKeys (ConfUtils.java:logGet(44)) - raft.server.storage.dir = [/github/workspace/mnt/ozone/hadoop-ozone/integration-test/target/test-dir/MiniOzoneClusterImpl-a92b2b3a-f9aa-4539-be01-238306fe77bb/datanode-0/data/ratis] (custom)
2021-02-05 13:31:36,912 [Listener at 127.0.0.1/37659] INFO  http.BaseHttpServer (BaseHttpServer.java:newHttpServer2BuilderForOzone(207)) - Starting Web-server for hddsDatanode at: http://0.0.0.0:0
2021-02-05 13:31:36,912 [Listener at 127.0.0.1/37659] INFO  http.BaseHttpServer (BaseHttpServer.java:<init>(106)) - Hadoop Security Enabled: false Ozone Security Enabled: false Ozone HTTP Security Enabled: false 
2021-02-05 13:31:36,913 [Listener at 127.0.0.1/37659] INFO  server.AuthenticationFilter (AuthenticationFilter.java:constructSecretProvider(240)) - Unable to initialize FileSignerSecretProvider, falling back to use random secrets.
2021-02-05 13:31:36,913 [Listener at 127.0.0.1/37659] WARN  http.HttpRequestLog (HttpRequestLog.java:getRequestLog(103)) - Jetty request log can only be enabled using Log4j
2021-02-05 13:31:36,914 [Listener at 127.0.0.1/37659] INFO  http.HttpServer2 (HttpServer2.java:addGlobalFilter(1020)) - Added global filter 'safety' (class=org.apache.hadoop.hdds.server.http.HttpServer2$QuotingInputFilter)
2021-02-05 13:31:36,915 [Listener at 127.0.0.1/37659] INFO  http.HttpServer2 (HttpServer2.java:addFilter(996)) - Added filter static_user_filter (class=org.apache.hadoop.http.lib.StaticUserWebFilter$StaticUserFilter) to context hddsDatanode
2021-02-05 13:31:36,915 [Listener at 127.0.0.1/37659] INFO  http.HttpServer2 (HttpServer2.java:addFilter(1004)) - Added filter static_user_filter (class=org.apache.hadoop.http.lib.StaticUserWebFilter$StaticUserFilter) to context static
2021-02-05 13:31:36,915 [Listener at 127.0.0.1/37659] INFO  http.HttpServer2 (HttpServer2.java:addFilter(1004)) - Added filter static_user_filter (class=org.apache.hadoop.http.lib.StaticUserWebFilter$StaticUserFilter) to context logs
2021-02-05 13:31:36,915 [Listener at 127.0.0.1/37659] INFO  http.HttpServer2 (HttpServer2.java:bindListener(1238)) - Jetty bound to port 32915
2021-02-05 13:31:36,915 [Listener at 127.0.0.1/37659] INFO  server.Server (Server.java:doStart(375)) - jetty-9.4.34.v20201102; built: 2020-11-02T14:15:39.302Z; git: e46af88704a893fc12cb0e3bf46e2c7b48a009e7; jvm 1.8.0_232-b09
2021-02-05 13:31:36,917 [Listener at 127.0.0.1/37659] INFO  server.session (DefaultSessionIdManager.java:doStart(334)) - DefaultSessionIdManager workerName=node0
2021-02-05 13:31:36,917 [Listener at 127.0.0.1/37659] INFO  server.session (DefaultSessionIdManager.java:doStart(339)) - No SessionScavenger set, using defaults
2021-02-05 13:31:36,917 [Listener at 127.0.0.1/37659] INFO  server.session (HouseKeeper.java:startScavenging(132)) - node0 Scavenging every 600000ms
2021-02-05 13:31:36,918 [Listener at 127.0.0.1/37659] INFO  handler.ContextHandler (ContextHandler.java:doStart(916)) - Started o.e.j.s.ServletContextHandler@49f35dcc{logs,/logs,file:///github/workspace/mnt/ozone/hadoop-ozone/integration-test/target/log,AVAILABLE}
2021-02-05 13:31:36,918 [Listener at 127.0.0.1/37659] INFO  handler.ContextHandler (ContextHandler.java:doStart(916)) - Started o.e.j.s.ServletContextHandler@5f9f6511{static,/static,jar:file:/home/user/.m2/repository/org/apache/hadoop/hadoop-hdds-container-service/1.1.0-SNAPSHOT/hadoop-hdds-container-service-1.1.0-SNAPSHOT.jar!/webapps/static,AVAILABLE}
2021-02-05 13:31:37,053 [Listener at 127.0.0.1/37659] INFO  handler.ContextHandler (ContextHandler.java:doStart(916)) - Started o.e.j.w.WebAppContext@7c45bd55{hddsDatanode,/,file:///tmp/jetty-0_0_0_0-32915-hadoop-hdds-container-service-1_1_0-SNAPSHOT_jar-_-any-3755804420881175845/webapp/,AVAILABLE}{jar:file:/home/user/.m2/repository/org/apache/hadoop/hadoop-hdds-container-service/1.1.0-SNAPSHOT/hadoop-hdds-container-service-1.1.0-SNAPSHOT.jar!/webapps/hddsDatanode}
2021-02-05 13:31:37,056 [Listener at 127.0.0.1/37659] INFO  server.AbstractConnector (AbstractConnector.java:doStart(331)) - Started ServerConnector@60ce71c8{HTTP/1.1, (http/1.1)}{0.0.0.0:32915}
2021-02-05 13:31:37,056 [Listener at 127.0.0.1/37659] INFO  server.Server (Server.java:doStart(415)) - Started @62519ms
2021-02-05 13:31:37,056 [Listener at 127.0.0.1/37659] WARN  impl.MetricsSystemImpl (MetricsSystemImpl.java:register(279)) - Sink prometheus already exists!
2021-02-05 13:31:37,060 [Listener at 127.0.0.1/37659] INFO  http.BaseHttpServer (BaseHttpServer.java:updateConnectorAddress(327)) - HTTP server of hddsDatanode listening at http://0.0.0.0:32915
2021-02-05 13:31:37,062 [Listener at 127.0.0.1/37659] INFO  impl.MetricsSystemImpl (MetricsSystemImpl.java:init(158)) - HddsDatanode metrics system started (again)
2021-02-05 13:31:37,063 [Listener at 127.0.0.1/37659] INFO  ozone.HddsDatanodeService (HddsDatanodeService.java:start(215)) - HddsDatanodeService host:c72a3e6d1148 ip:172.17.0.2
2021-02-05 13:31:37,064 [org.apache.hadoop.util.JvmPauseMonitor$Monitor@207f150b] INFO  util.JvmPauseMonitor (JvmPauseMonitor.java:run(188)) - Starting JVM pause monitor
2021-02-05 13:31:37,064 [Listener at 127.0.0.1/37659] INFO  volume.HddsVolume (HddsVolume.java:<init>(176)) - Creating Volume: /github/workspace/mnt/ozone/hadoop-ozone/integration-test/target/test-dir/MiniOzoneClusterImpl-a92b2b3a-f9aa-4539-be01-238306fe77bb/datanode-1/data-0/containers/hdds of storage type : DISK and capacity : 9223372036854775807
2021-02-05 13:31:37,065 [Listener at 127.0.0.1/37659] INFO  volume.MutableVolumeSet (MutableVolumeSet.java:initializeVolumeSet(179)) - Added Volume : /github/workspace/mnt/ozone/hadoop-ozone/integration-test/target/test-dir/MiniOzoneClusterImpl-a92b2b3a-f9aa-4539-be01-238306fe77bb/datanode-1/data-0/containers/hdds to VolumeSet
2021-02-05 13:31:37,065 [Listener at 127.0.0.1/37659] INFO  volume.ThrottledAsyncChecker (ThrottledAsyncChecker.java:schedule(141)) - Scheduling a check for /github/workspace/mnt/ozone/hadoop-ozone/integration-test/target/test-dir/MiniOzoneClusterImpl-a92b2b3a-f9aa-4539-be01-238306fe77bb/datanode-1/data-0/containers/hdds
2021-02-05 13:31:37,065 [Listener at 127.0.0.1/37659] INFO  volume.HddsVolumeChecker (HddsVolumeChecker.java:checkAllVolumes(200)) - Scheduled health check for volume /github/workspace/mnt/ozone/hadoop-ozone/integration-test/target/test-dir/MiniOzoneClusterImpl-a92b2b3a-f9aa-4539-be01-238306fe77bb/datanode-1/data-0/containers/hdds
2021-02-05 13:31:37,068 [Datanode State Machine Task Thread - 0] INFO  datanode.InitDatanodeState (InitDatanodeState.java:persistContainerDatanodeDetails(145)) - DatanodeDetails is persisted to /github/workspace/mnt/ozone/hadoop-ozone/integration-test/target/test-dir/MiniOzoneClusterImpl-a92b2b3a-f9aa-4539-be01-238306fe77bb/datanode-0/meta/datanode.id
2021-02-05 13:31:37,077 [Thread-686] INFO  ozoneimpl.ContainerReader (ContainerReader.java:readVolume(123)) - Start to verify containers on volume /github/workspace/mnt/ozone/hadoop-ozone/integration-test/target/test-dir/MiniOzoneClusterImpl-a92b2b3a-f9aa-4539-be01-238306fe77bb/datanode-1/data-0/containers/hdds
2021-02-05 13:31:37,077 [Thread-686] INFO  ozoneimpl.ContainerReader (ContainerReader.java:readVolume(148)) - Finish verifying containers on volume /github/workspace/mnt/ozone/hadoop-ozone/integration-test/target/test-dir/MiniOzoneClusterImpl-a92b2b3a-f9aa-4539-be01-238306fe77bb/datanode-1/data-0/containers/hdds
2021-02-05 13:31:37,077 [Listener at 127.0.0.1/37659] INFO  ozoneimpl.OzoneContainer (OzoneContainer.java:buildContainerSet(206)) - Build ContainerSet costs 0s
2021-02-05 13:31:37,079 [Listener at 127.0.0.1/37659] INFO  server.RaftServer (ConfUtils.java:logGet(44)) - raft.rpc.type = GRPC (default)
2021-02-05 13:31:37,079 [Listener at 127.0.0.1/37659] INFO  grpc.GrpcFactory (GrpcFactory.java:checkPooledByteBufAllocatorUseCacheForAllThreads(48)) - PERFORMANCE WARNING: useCacheForAllThreads is true that may cause Netty to create a lot garbage objects and, as a result, trigger GC.
	It is recommended to disable useCacheForAllThreads by setting -Dorg.apache.ratis.thirdparty.io.netty.allocator.useCacheForAllThreads=false in command line.
2021-02-05 13:31:37,079 [Listener at 127.0.0.1/37659] INFO  grpc.GrpcConfigKeys (ConfUtils.java:logGet(44)) - raft.grpc.admin.port = -1 (default)
2021-02-05 13:31:37,079 [Listener at 127.0.0.1/37659] INFO  grpc.GrpcConfigKeys (ConfUtils.java:logGet(44)) - raft.grpc.server.port = 0 (default)
2021-02-05 13:31:37,080 [Listener at 127.0.0.1/37659] INFO  grpc.GrpcConfigKeys (ConfUtils.java:logGet(44)) - raft.grpc.client.port = -1 (default)
2021-02-05 13:31:37,080 [Listener at 127.0.0.1/37659] INFO  grpc.GrpcConfigKeys (ConfUtils.java:logGet(44)) - raft.grpc.server.port = 0 (default)
2021-02-05 13:31:37,080 [Listener at 127.0.0.1/37659] INFO  grpc.GrpcConfigKeys (ConfUtils.java:logGet(44)) - raft.grpc.server.port = 0 (default)
2021-02-05 13:31:37,080 [Listener at 127.0.0.1/37659] INFO  server.GrpcService (ConfUtils.java:logGet(44)) - raft.grpc.message.size.max = 32MB (=33554432) (custom)
2021-02-05 13:31:37,080 [Listener at 127.0.0.1/37659] INFO  server.RaftServerConfigKeys (ConfUtils.java:logGet(44)) - raft.server.log.appender.buffer.byte-limit = 33554432 (custom)
2021-02-05 13:31:37,080 [Listener at 127.0.0.1/37659] INFO  server.GrpcService (ConfUtils.java:logGet(44)) - raft.grpc.flow.control.window = 5MB (=5242880) (custom)
2021-02-05 13:31:37,080 [Listener at 127.0.0.1/37659] INFO  server.RaftServerConfigKeys (ConfUtils.java:logGet(44)) - raft.server.rpc.request.timeout = 3000ms (default)
2021-02-05 13:31:37,081 [Listener at 127.0.0.1/37659] INFO  impl.DataStreamServerImpl (ConfUtils.java:logGet(44)) - raft.datastream.type = DISABLED (default)
2021-02-05 13:31:37,082 [Listener at 127.0.0.1/37659] INFO  server.RaftServerConfigKeys (ConfUtils.java:logGet(44)) - raft.server.rpc.slowness.timeout = 300000ms (custom)
2021-02-05 13:31:37,082 [Listener at 127.0.0.1/37659] INFO  server.RaftServerConfigKeys (ConfUtils.java:logGet(44)) - raft.server.leaderelection.leader.step-down.wait-time = 10s (default)
2021-02-05 13:31:37,082 [Listener at 127.0.0.1/37659] INFO  server.RaftServerConfigKeys (ConfUtils.java:logGet(44)) - raft.server.storage.dir = [/github/workspace/mnt/ozone/hadoop-ozone/integration-test/target/test-dir/MiniOzoneClusterImpl-a92b2b3a-f9aa-4539-be01-238306fe77bb/datanode-1/data/ratis] (custom)
2021-02-05 13:31:37,089 [Listener at 127.0.0.1/37659] INFO  http.BaseHttpServer (BaseHttpServer.java:newHttpServer2BuilderForOzone(207)) - Starting Web-server for hddsDatanode at: http://0.0.0.0:0
2021-02-05 13:31:37,089 [Listener at 127.0.0.1/37659] INFO  http.BaseHttpServer (BaseHttpServer.java:<init>(106)) - Hadoop Security Enabled: false Ozone Security Enabled: false Ozone HTTP Security Enabled: false 
2021-02-05 13:31:37,090 [Listener at 127.0.0.1/37659] INFO  server.AuthenticationFilter (AuthenticationFilter.java:constructSecretProvider(240)) - Unable to initialize FileSignerSecretProvider, falling back to use random secrets.
2021-02-05 13:31:37,090 [Listener at 127.0.0.1/37659] WARN  http.HttpRequestLog (HttpRequestLog.java:getRequestLog(103)) - Jetty request log can only be enabled using Log4j
2021-02-05 13:31:37,091 [Listener at 127.0.0.1/37659] INFO  http.HttpServer2 (HttpServer2.java:addGlobalFilter(1020)) - Added global filter 'safety' (class=org.apache.hadoop.hdds.server.http.HttpServer2$QuotingInputFilter)
2021-02-05 13:31:37,092 [Listener at 127.0.0.1/37659] INFO  http.HttpServer2 (HttpServer2.java:addFilter(996)) - Added filter static_user_filter (class=org.apache.hadoop.http.lib.StaticUserWebFilter$StaticUserFilter) to context hddsDatanode
2021-02-05 13:31:37,092 [Listener at 127.0.0.1/37659] INFO  http.HttpServer2 (HttpServer2.java:addFilter(1004)) - Added filter static_user_filter (class=org.apache.hadoop.http.lib.StaticUserWebFilter$StaticUserFilter) to context static
2021-02-05 13:31:37,092 [Listener at 127.0.0.1/37659] INFO  http.HttpServer2 (HttpServer2.java:addFilter(1004)) - Added filter static_user_filter (class=org.apache.hadoop.http.lib.StaticUserWebFilter$StaticUserFilter) to context logs
2021-02-05 13:31:37,092 [Listener at 127.0.0.1/37659] INFO  http.HttpServer2 (HttpServer2.java:bindListener(1238)) - Jetty bound to port 35601
2021-02-05 13:31:37,092 [Listener at 127.0.0.1/37659] INFO  server.Server (Server.java:doStart(375)) - jetty-9.4.34.v20201102; built: 2020-11-02T14:15:39.302Z; git: e46af88704a893fc12cb0e3bf46e2c7b48a009e7; jvm 1.8.0_232-b09
2021-02-05 13:31:37,094 [Listener at 127.0.0.1/37659] INFO  server.session (DefaultSessionIdManager.java:doStart(334)) - DefaultSessionIdManager workerName=node0
2021-02-05 13:31:37,094 [Listener at 127.0.0.1/37659] INFO  server.session (DefaultSessionIdManager.java:doStart(339)) - No SessionScavenger set, using defaults
2021-02-05 13:31:37,094 [Listener at 127.0.0.1/37659] INFO  server.session (HouseKeeper.java:startScavenging(132)) - node0 Scavenging every 660000ms
2021-02-05 13:31:37,095 [Listener at 127.0.0.1/37659] INFO  handler.ContextHandler (ContextHandler.java:doStart(916)) - Started o.e.j.s.ServletContextHandler@42542698{logs,/logs,file:///github/workspace/mnt/ozone/hadoop-ozone/integration-test/target/log,AVAILABLE}
2021-02-05 13:31:37,095 [Listener at 127.0.0.1/37659] INFO  handler.ContextHandler (ContextHandler.java:doStart(916)) - Started o.e.j.s.ServletContextHandler@151ddfc6{static,/static,jar:file:/home/user/.m2/repository/org/apache/hadoop/hadoop-hdds-container-service/1.1.0-SNAPSHOT/hadoop-hdds-container-service-1.1.0-SNAPSHOT.jar!/webapps/static,AVAILABLE}
2021-02-05 13:31:37,230 [Listener at 127.0.0.1/37659] INFO  handler.ContextHandler (ContextHandler.java:doStart(916)) - Started o.e.j.w.WebAppContext@691fa716{hddsDatanode,/,file:///tmp/jetty-0_0_0_0-35601-hadoop-hdds-container-service-1_1_0-SNAPSHOT_jar-_-any-3090940322110212452/webapp/,AVAILABLE}{jar:file:/home/user/.m2/repository/org/apache/hadoop/hadoop-hdds-container-service/1.1.0-SNAPSHOT/hadoop-hdds-container-service-1.1.0-SNAPSHOT.jar!/webapps/hddsDatanode}
2021-02-05 13:31:37,231 [Listener at 127.0.0.1/37659] INFO  server.AbstractConnector (AbstractConnector.java:doStart(331)) - Started ServerConnector@54fe40e0{HTTP/1.1, (http/1.1)}{0.0.0.0:35601}
2021-02-05 13:31:37,232 [Listener at 127.0.0.1/37659] INFO  server.Server (Server.java:doStart(415)) - Started @62694ms
2021-02-05 13:31:37,232 [Listener at 127.0.0.1/37659] WARN  impl.MetricsSystemImpl (MetricsSystemImpl.java:register(279)) - Sink prometheus already exists!
2021-02-05 13:31:37,237 [Listener at 127.0.0.1/37659] INFO  http.BaseHttpServer (BaseHttpServer.java:updateConnectorAddress(327)) - HTTP server of hddsDatanode listening at http://0.0.0.0:35601
2021-02-05 13:31:37,241 [Listener at 127.0.0.1/37659] INFO  impl.MetricsSystemImpl (MetricsSystemImpl.java:init(158)) - HddsDatanode metrics system started (again)
2021-02-05 13:31:37,245 [Listener at 127.0.0.1/37659] INFO  ozone.HddsDatanodeService (HddsDatanodeService.java:start(215)) - HddsDatanodeService host:c72a3e6d1148 ip:172.17.0.2
2021-02-05 13:31:37,246 [org.apache.hadoop.util.JvmPauseMonitor$Monitor@749346f6] INFO  util.JvmPauseMonitor (JvmPauseMonitor.java:run(188)) - Starting JVM pause monitor
2021-02-05 13:31:37,247 [Listener at 127.0.0.1/37659] INFO  volume.HddsVolume (HddsVolume.java:<init>(176)) - Creating Volume: /github/workspace/mnt/ozone/hadoop-ozone/integration-test/target/test-dir/MiniOzoneClusterImpl-a92b2b3a-f9aa-4539-be01-238306fe77bb/datanode-2/data-0/containers/hdds of storage type : DISK and capacity : 9223372036854775807
2021-02-05 13:31:37,247 [Listener at 127.0.0.1/37659] INFO  volume.MutableVolumeSet (MutableVolumeSet.java:initializeVolumeSet(179)) - Added Volume : /github/workspace/mnt/ozone/hadoop-ozone/integration-test/target/test-dir/MiniOzoneClusterImpl-a92b2b3a-f9aa-4539-be01-238306fe77bb/datanode-2/data-0/containers/hdds to VolumeSet
2021-02-05 13:31:37,247 [Listener at 127.0.0.1/37659] INFO  volume.ThrottledAsyncChecker (ThrottledAsyncChecker.java:schedule(141)) - Scheduling a check for /github/workspace/mnt/ozone/hadoop-ozone/integration-test/target/test-dir/MiniOzoneClusterImpl-a92b2b3a-f9aa-4539-be01-238306fe77bb/datanode-2/data-0/containers/hdds
2021-02-05 13:31:37,248 [Listener at 127.0.0.1/37659] INFO  volume.HddsVolumeChecker (HddsVolumeChecker.java:checkAllVolumes(200)) - Scheduled health check for volume /github/workspace/mnt/ozone/hadoop-ozone/integration-test/target/test-dir/MiniOzoneClusterImpl-a92b2b3a-f9aa-4539-be01-238306fe77bb/datanode-2/data-0/containers/hdds
2021-02-05 13:31:37,249 [Datanode State Machine Task Thread - 0] INFO  datanode.InitDatanodeState (InitDatanodeState.java:persistContainerDatanodeDetails(145)) - DatanodeDetails is persisted to /github/workspace/mnt/ozone/hadoop-ozone/integration-test/target/test-dir/MiniOzoneClusterImpl-a92b2b3a-f9aa-4539-be01-238306fe77bb/datanode-1/meta/datanode.id
2021-02-05 13:31:37,259 [Thread-697] INFO  ozoneimpl.ContainerReader (ContainerReader.java:readVolume(123)) - Start to verify containers on volume /github/workspace/mnt/ozone/hadoop-ozone/integration-test/target/test-dir/MiniOzoneClusterImpl-a92b2b3a-f9aa-4539-be01-238306fe77bb/datanode-2/data-0/containers/hdds
2021-02-05 13:31:37,259 [Thread-697] INFO  ozoneimpl.ContainerReader (ContainerReader.java:readVolume(148)) - Finish verifying containers on volume /github/workspace/mnt/ozone/hadoop-ozone/integration-test/target/test-dir/MiniOzoneClusterImpl-a92b2b3a-f9aa-4539-be01-238306fe77bb/datanode-2/data-0/containers/hdds
2021-02-05 13:31:37,259 [Listener at 127.0.0.1/37659] INFO  ozoneimpl.OzoneContainer (OzoneContainer.java:buildContainerSet(206)) - Build ContainerSet costs 0s
2021-02-05 13:31:37,261 [Listener at 127.0.0.1/37659] INFO  server.RaftServer (ConfUtils.java:logGet(44)) - raft.rpc.type = GRPC (default)
2021-02-05 13:31:37,261 [Listener at 127.0.0.1/37659] INFO  grpc.GrpcFactory (GrpcFactory.java:checkPooledByteBufAllocatorUseCacheForAllThreads(48)) - PERFORMANCE WARNING: useCacheForAllThreads is true that may cause Netty to create a lot garbage objects and, as a result, trigger GC.
	It is recommended to disable useCacheForAllThreads by setting -Dorg.apache.ratis.thirdparty.io.netty.allocator.useCacheForAllThreads=false in command line.
2021-02-05 13:31:37,262 [Listener at 127.0.0.1/37659] INFO  grpc.GrpcConfigKeys (ConfUtils.java:logGet(44)) - raft.grpc.admin.port = -1 (default)
2021-02-05 13:31:37,262 [Listener at 127.0.0.1/37659] INFO  grpc.GrpcConfigKeys (ConfUtils.java:logGet(44)) - raft.grpc.server.port = 0 (default)
2021-02-05 13:31:37,262 [Listener at 127.0.0.1/37659] INFO  grpc.GrpcConfigKeys (ConfUtils.java:logGet(44)) - raft.grpc.client.port = -1 (default)
2021-02-05 13:31:37,262 [Listener at 127.0.0.1/37659] INFO  grpc.GrpcConfigKeys (ConfUtils.java:logGet(44)) - raft.grpc.server.port = 0 (default)
2021-02-05 13:31:37,262 [Listener at 127.0.0.1/37659] INFO  grpc.GrpcConfigKeys (ConfUtils.java:logGet(44)) - raft.grpc.server.port = 0 (default)
2021-02-05 13:31:37,262 [Listener at 127.0.0.1/37659] INFO  server.GrpcService (ConfUtils.java:logGet(44)) - raft.grpc.message.size.max = 32MB (=33554432) (custom)
2021-02-05 13:31:37,262 [Listener at 127.0.0.1/37659] INFO  server.RaftServerConfigKeys (ConfUtils.java:logGet(44)) - raft.server.log.appender.buffer.byte-limit = 33554432 (custom)
2021-02-05 13:31:37,263 [Listener at 127.0.0.1/37659] INFO  server.GrpcService (ConfUtils.java:logGet(44)) - raft.grpc.flow.control.window = 5MB (=5242880) (custom)
2021-02-05 13:31:37,263 [Listener at 127.0.0.1/37659] INFO  server.RaftServerConfigKeys (ConfUtils.java:logGet(44)) - raft.server.rpc.request.timeout = 3000ms (default)
2021-02-05 13:31:37,264 [Listener at 127.0.0.1/37659] INFO  impl.DataStreamServerImpl (ConfUtils.java:logGet(44)) - raft.datastream.type = DISABLED (default)
2021-02-05 13:31:37,264 [Listener at 127.0.0.1/37659] INFO  server.RaftServerConfigKeys (ConfUtils.java:logGet(44)) - raft.server.rpc.slowness.timeout = 300000ms (custom)
2021-02-05 13:31:37,264 [Listener at 127.0.0.1/37659] INFO  server.RaftServerConfigKeys (ConfUtils.java:logGet(44)) - raft.server.leaderelection.leader.step-down.wait-time = 10s (default)
2021-02-05 13:31:37,264 [Listener at 127.0.0.1/37659] INFO  server.RaftServerConfigKeys (ConfUtils.java:logGet(44)) - raft.server.storage.dir = [/github/workspace/mnt/ozone/hadoop-ozone/integration-test/target/test-dir/MiniOzoneClusterImpl-a92b2b3a-f9aa-4539-be01-238306fe77bb/datanode-2/data/ratis] (custom)
2021-02-05 13:31:37,270 [Listener at 127.0.0.1/37659] INFO  http.BaseHttpServer (BaseHttpServer.java:newHttpServer2BuilderForOzone(207)) - Starting Web-server for hddsDatanode at: http://0.0.0.0:0
2021-02-05 13:31:37,271 [Listener at 127.0.0.1/37659] INFO  http.BaseHttpServer (BaseHttpServer.java:<init>(106)) - Hadoop Security Enabled: false Ozone Security Enabled: false Ozone HTTP Security Enabled: false 
2021-02-05 13:31:37,272 [Listener at 127.0.0.1/37659] INFO  server.AuthenticationFilter (AuthenticationFilter.java:constructSecretProvider(240)) - Unable to initialize FileSignerSecretProvider, falling back to use random secrets.
2021-02-05 13:31:37,272 [Listener at 127.0.0.1/37659] WARN  http.HttpRequestLog (HttpRequestLog.java:getRequestLog(103)) - Jetty request log can only be enabled using Log4j
2021-02-05 13:31:37,273 [Listener at 127.0.0.1/37659] INFO  http.HttpServer2 (HttpServer2.java:addGlobalFilter(1020)) - Added global filter 'safety' (class=org.apache.hadoop.hdds.server.http.HttpServer2$QuotingInputFilter)
2021-02-05 13:31:37,274 [Listener at 127.0.0.1/37659] INFO  http.HttpServer2 (HttpServer2.java:addFilter(996)) - Added filter static_user_filter (class=org.apache.hadoop.http.lib.StaticUserWebFilter$StaticUserFilter) to context hddsDatanode
2021-02-05 13:31:37,274 [Listener at 127.0.0.1/37659] INFO  http.HttpServer2 (HttpServer2.java:addFilter(1004)) - Added filter static_user_filter (class=org.apache.hadoop.http.lib.StaticUserWebFilter$StaticUserFilter) to context logs
2021-02-05 13:31:37,274 [Listener at 127.0.0.1/37659] INFO  http.HttpServer2 (HttpServer2.java:addFilter(1004)) - Added filter static_user_filter (class=org.apache.hadoop.http.lib.StaticUserWebFilter$StaticUserFilter) to context static
2021-02-05 13:31:37,274 [Listener at 127.0.0.1/37659] INFO  http.HttpServer2 (HttpServer2.java:bindListener(1238)) - Jetty bound to port 43821
2021-02-05 13:31:37,275 [Listener at 127.0.0.1/37659] INFO  server.Server (Server.java:doStart(375)) - jetty-9.4.34.v20201102; built: 2020-11-02T14:15:39.302Z; git: e46af88704a893fc12cb0e3bf46e2c7b48a009e7; jvm 1.8.0_232-b09
2021-02-05 13:31:37,276 [Listener at 127.0.0.1/37659] INFO  server.session (DefaultSessionIdManager.java:doStart(334)) - DefaultSessionIdManager workerName=node0
2021-02-05 13:31:37,276 [Listener at 127.0.0.1/37659] INFO  server.session (DefaultSessionIdManager.java:doStart(339)) - No SessionScavenger set, using defaults
2021-02-05 13:31:37,276 [Listener at 127.0.0.1/37659] INFO  server.session (HouseKeeper.java:startScavenging(132)) - node0 Scavenging every 660000ms
2021-02-05 13:31:37,277 [Listener at 127.0.0.1/37659] INFO  handler.ContextHandler (ContextHandler.java:doStart(916)) - Started o.e.j.s.ServletContextHandler@5e81d985{logs,/logs,file:///github/workspace/mnt/ozone/hadoop-ozone/integration-test/target/log,AVAILABLE}
2021-02-05 13:31:37,278 [Listener at 127.0.0.1/37659] INFO  handler.ContextHandler (ContextHandler.java:doStart(916)) - Started o.e.j.s.ServletContextHandler@3479e14e{static,/static,jar:file:/home/user/.m2/repository/org/apache/hadoop/hadoop-hdds-container-service/1.1.0-SNAPSHOT/hadoop-hdds-container-service-1.1.0-SNAPSHOT.jar!/webapps/static,AVAILABLE}
2021-02-05 13:31:37,414 [Listener at 127.0.0.1/37659] INFO  handler.ContextHandler (ContextHandler.java:doStart(916)) - Started o.e.j.w.WebAppContext@1267348a{hddsDatanode,/,file:///tmp/jetty-0_0_0_0-43821-hadoop-hdds-container-service-1_1_0-SNAPSHOT_jar-_-any-7739785151992437112/webapp/,AVAILABLE}{jar:file:/home/user/.m2/repository/org/apache/hadoop/hadoop-hdds-container-service/1.1.0-SNAPSHOT/hadoop-hdds-container-service-1.1.0-SNAPSHOT.jar!/webapps/hddsDatanode}
2021-02-05 13:31:37,415 [Listener at 127.0.0.1/37659] INFO  server.AbstractConnector (AbstractConnector.java:doStart(331)) - Started ServerConnector@60c7726b{HTTP/1.1, (http/1.1)}{0.0.0.0:43821}
2021-02-05 13:31:37,416 [Listener at 127.0.0.1/37659] INFO  server.Server (Server.java:doStart(415)) - Started @62878ms
2021-02-05 13:31:37,416 [Listener at 127.0.0.1/37659] WARN  impl.MetricsSystemImpl (MetricsSystemImpl.java:register(279)) - Sink prometheus already exists!
2021-02-05 13:31:37,422 [Listener at 127.0.0.1/37659] INFO  http.BaseHttpServer (BaseHttpServer.java:updateConnectorAddress(327)) - HTTP server of hddsDatanode listening at http://0.0.0.0:43821
2021-02-05 13:31:37,422 [Listener at 127.0.0.1/37659] INFO  impl.MetricsSystemImpl (MetricsSystemImpl.java:init(158)) - HddsDatanode metrics system started (again)
2021-02-05 13:31:37,425 [Listener at 127.0.0.1/37659] INFO  ozone.HddsDatanodeService (HddsDatanodeService.java:start(215)) - HddsDatanodeService host:c72a3e6d1148 ip:172.17.0.2
2021-02-05 13:31:37,426 [Listener at 127.0.0.1/37659] INFO  volume.HddsVolume (HddsVolume.java:<init>(176)) - Creating Volume: /github/workspace/mnt/ozone/hadoop-ozone/integration-test/target/test-dir/MiniOzoneClusterImpl-a92b2b3a-f9aa-4539-be01-238306fe77bb/datanode-3/data-0/containers/hdds of storage type : DISK and capacity : 9223372036854775807
2021-02-05 13:31:37,426 [Listener at 127.0.0.1/37659] INFO  volume.MutableVolumeSet (MutableVolumeSet.java:initializeVolumeSet(179)) - Added Volume : /github/workspace/mnt/ozone/hadoop-ozone/integration-test/target/test-dir/MiniOzoneClusterImpl-a92b2b3a-f9aa-4539-be01-238306fe77bb/datanode-3/data-0/containers/hdds to VolumeSet
2021-02-05 13:31:37,427 [Listener at 127.0.0.1/37659] INFO  volume.ThrottledAsyncChecker (ThrottledAsyncChecker.java:schedule(141)) - Scheduling a check for /github/workspace/mnt/ozone/hadoop-ozone/integration-test/target/test-dir/MiniOzoneClusterImpl-a92b2b3a-f9aa-4539-be01-238306fe77bb/datanode-3/data-0/containers/hdds
2021-02-05 13:31:37,430 [org.apache.hadoop.util.JvmPauseMonitor$Monitor@7e999562] INFO  util.JvmPauseMonitor (JvmPauseMonitor.java:run(188)) - Starting JVM pause monitor
2021-02-05 13:31:37,434 [Datanode State Machine Task Thread - 0] INFO  datanode.InitDatanodeState (InitDatanodeState.java:persistContainerDatanodeDetails(145)) - DatanodeDetails is persisted to /github/workspace/mnt/ozone/hadoop-ozone/integration-test/target/test-dir/MiniOzoneClusterImpl-a92b2b3a-f9aa-4539-be01-238306fe77bb/datanode-2/meta/datanode.id
2021-02-05 13:31:37,434 [Listener at 127.0.0.1/37659] INFO  volume.HddsVolumeChecker (HddsVolumeChecker.java:checkAllVolumes(200)) - Scheduled health check for volume /github/workspace/mnt/ozone/hadoop-ozone/integration-test/target/test-dir/MiniOzoneClusterImpl-a92b2b3a-f9aa-4539-be01-238306fe77bb/datanode-3/data-0/containers/hdds
2021-02-05 13:31:37,447 [Thread-708] INFO  ozoneimpl.ContainerReader (ContainerReader.java:readVolume(123)) - Start to verify containers on volume /github/workspace/mnt/ozone/hadoop-ozone/integration-test/target/test-dir/MiniOzoneClusterImpl-a92b2b3a-f9aa-4539-be01-238306fe77bb/datanode-3/data-0/containers/hdds
2021-02-05 13:31:37,447 [Thread-708] INFO  ozoneimpl.ContainerReader (ContainerReader.java:readVolume(148)) - Finish verifying containers on volume /github/workspace/mnt/ozone/hadoop-ozone/integration-test/target/test-dir/MiniOzoneClusterImpl-a92b2b3a-f9aa-4539-be01-238306fe77bb/datanode-3/data-0/containers/hdds
2021-02-05 13:31:37,447 [Listener at 127.0.0.1/37659] INFO  ozoneimpl.OzoneContainer (OzoneContainer.java:buildContainerSet(206)) - Build ContainerSet costs 0s
2021-02-05 13:31:37,448 [Listener at 127.0.0.1/37659] INFO  server.RaftServer (ConfUtils.java:logGet(44)) - raft.rpc.type = GRPC (default)
2021-02-05 13:31:37,449 [Listener at 127.0.0.1/37659] INFO  grpc.GrpcFactory (GrpcFactory.java:checkPooledByteBufAllocatorUseCacheForAllThreads(48)) - PERFORMANCE WARNING: useCacheForAllThreads is true that may cause Netty to create a lot garbage objects and, as a result, trigger GC.
	It is recommended to disable useCacheForAllThreads by setting -Dorg.apache.ratis.thirdparty.io.netty.allocator.useCacheForAllThreads=false in command line.
2021-02-05 13:31:37,449 [Listener at 127.0.0.1/37659] INFO  grpc.GrpcConfigKeys (ConfUtils.java:logGet(44)) - raft.grpc.admin.port = -1 (default)
2021-02-05 13:31:37,449 [Listener at 127.0.0.1/37659] INFO  grpc.GrpcConfigKeys (ConfUtils.java:logGet(44)) - raft.grpc.server.port = 0 (default)
2021-02-05 13:31:37,449 [Listener at 127.0.0.1/37659] INFO  grpc.GrpcConfigKeys (ConfUtils.java:logGet(44)) - raft.grpc.client.port = -1 (default)
2021-02-05 13:31:37,449 [Listener at 127.0.0.1/37659] INFO  grpc.GrpcConfigKeys (ConfUtils.java:logGet(44)) - raft.grpc.server.port = 0 (default)
2021-02-05 13:31:37,449 [Listener at 127.0.0.1/37659] INFO  grpc.GrpcConfigKeys (ConfUtils.java:logGet(44)) - raft.grpc.server.port = 0 (default)
2021-02-05 13:31:37,450 [Listener at 127.0.0.1/37659] INFO  server.GrpcService (ConfUtils.java:logGet(44)) - raft.grpc.message.size.max = 32MB (=33554432) (custom)
2021-02-05 13:31:37,450 [Listener at 127.0.0.1/37659] INFO  server.RaftServerConfigKeys (ConfUtils.java:logGet(44)) - raft.server.log.appender.buffer.byte-limit = 33554432 (custom)
2021-02-05 13:31:37,450 [Listener at 127.0.0.1/37659] INFO  server.GrpcService (ConfUtils.java:logGet(44)) - raft.grpc.flow.control.window = 5MB (=5242880) (custom)
2021-02-05 13:31:37,450 [Listener at 127.0.0.1/37659] INFO  server.RaftServerConfigKeys (ConfUtils.java:logGet(44)) - raft.server.rpc.request.timeout = 3000ms (default)
2021-02-05 13:31:37,451 [Listener at 127.0.0.1/37659] INFO  impl.DataStreamServerImpl (ConfUtils.java:logGet(44)) - raft.datastream.type = DISABLED (default)
2021-02-05 13:31:37,451 [Listener at 127.0.0.1/37659] INFO  server.RaftServerConfigKeys (ConfUtils.java:logGet(44)) - raft.server.rpc.slowness.timeout = 300000ms (custom)
2021-02-05 13:31:37,451 [Listener at 127.0.0.1/37659] INFO  server.RaftServerConfigKeys (ConfUtils.java:logGet(44)) - raft.server.leaderelection.leader.step-down.wait-time = 10s (default)
2021-02-05 13:31:37,451 [Listener at 127.0.0.1/37659] INFO  server.RaftServerConfigKeys (ConfUtils.java:logGet(44)) - raft.server.storage.dir = [/github/workspace/mnt/ozone/hadoop-ozone/integration-test/target/test-dir/MiniOzoneClusterImpl-a92b2b3a-f9aa-4539-be01-238306fe77bb/datanode-3/data/ratis] (custom)
2021-02-05 13:31:37,457 [Listener at 127.0.0.1/37659] INFO  http.BaseHttpServer (BaseHttpServer.java:newHttpServer2BuilderForOzone(207)) - Starting Web-server for hddsDatanode at: http://0.0.0.0:0
2021-02-05 13:31:37,457 [Listener at 127.0.0.1/37659] INFO  http.BaseHttpServer (BaseHttpServer.java:<init>(106)) - Hadoop Security Enabled: false Ozone Security Enabled: false Ozone HTTP Security Enabled: false 
2021-02-05 13:31:37,458 [Listener at 127.0.0.1/37659] INFO  server.AuthenticationFilter (AuthenticationFilter.java:constructSecretProvider(240)) - Unable to initialize FileSignerSecretProvider, falling back to use random secrets.
2021-02-05 13:31:37,460 [Listener at 127.0.0.1/37659] WARN  http.HttpRequestLog (HttpRequestLog.java:getRequestLog(103)) - Jetty request log can only be enabled using Log4j
2021-02-05 13:31:37,460 [Listener at 127.0.0.1/37659] INFO  http.HttpServer2 (HttpServer2.java:addGlobalFilter(1020)) - Added global filter 'safety' (class=org.apache.hadoop.hdds.server.http.HttpServer2$QuotingInputFilter)
2021-02-05 13:31:37,461 [Listener at 127.0.0.1/37659] INFO  http.HttpServer2 (HttpServer2.java:addFilter(996)) - Added filter static_user_filter (class=org.apache.hadoop.http.lib.StaticUserWebFilter$StaticUserFilter) to context hddsDatanode
2021-02-05 13:31:37,461 [Listener at 127.0.0.1/37659] INFO  http.HttpServer2 (HttpServer2.java:addFilter(1004)) - Added filter static_user_filter (class=org.apache.hadoop.http.lib.StaticUserWebFilter$StaticUserFilter) to context logs
2021-02-05 13:31:37,461 [Listener at 127.0.0.1/37659] INFO  http.HttpServer2 (HttpServer2.java:addFilter(1004)) - Added filter static_user_filter (class=org.apache.hadoop.http.lib.StaticUserWebFilter$StaticUserFilter) to context static
2021-02-05 13:31:37,461 [Listener at 127.0.0.1/37659] INFO  http.HttpServer2 (HttpServer2.java:bindListener(1238)) - Jetty bound to port 35455
2021-02-05 13:31:37,462 [Listener at 127.0.0.1/37659] INFO  server.Server (Server.java:doStart(375)) - jetty-9.4.34.v20201102; built: 2020-11-02T14:15:39.302Z; git: e46af88704a893fc12cb0e3bf46e2c7b48a009e7; jvm 1.8.0_232-b09
2021-02-05 13:31:37,465 [Listener at 127.0.0.1/37659] INFO  server.session (DefaultSessionIdManager.java:doStart(334)) - DefaultSessionIdManager workerName=node0
2021-02-05 13:31:37,465 [Listener at 127.0.0.1/37659] INFO  server.session (DefaultSessionIdManager.java:doStart(339)) - No SessionScavenger set, using defaults
2021-02-05 13:31:37,465 [Listener at 127.0.0.1/37659] INFO  server.session (HouseKeeper.java:startScavenging(132)) - node0 Scavenging every 600000ms
2021-02-05 13:31:37,466 [Listener at 127.0.0.1/37659] INFO  handler.ContextHandler (ContextHandler.java:doStart(916)) - Started o.e.j.s.ServletContextHandler@3e1c58c9{logs,/logs,file:///github/workspace/mnt/ozone/hadoop-ozone/integration-test/target/log,AVAILABLE}
2021-02-05 13:31:37,466 [Listener at 127.0.0.1/37659] INFO  handler.ContextHandler (ContextHandler.java:doStart(916)) - Started o.e.j.s.ServletContextHandler@26c8a6b3{static,/static,jar:file:/home/user/.m2/repository/org/apache/hadoop/hadoop-hdds-container-service/1.1.0-SNAPSHOT/hadoop-hdds-container-service-1.1.0-SNAPSHOT.jar!/webapps/static,AVAILABLE}
2021-02-05 13:31:37,602 [Listener at 127.0.0.1/37659] INFO  handler.ContextHandler (ContextHandler.java:doStart(916)) - Started o.e.j.w.WebAppContext@2273255e{hddsDatanode,/,file:///tmp/jetty-0_0_0_0-35455-hadoop-hdds-container-service-1_1_0-SNAPSHOT_jar-_-any-3173229945751954351/webapp/,AVAILABLE}{jar:file:/home/user/.m2/repository/org/apache/hadoop/hadoop-hdds-container-service/1.1.0-SNAPSHOT/hadoop-hdds-container-service-1.1.0-SNAPSHOT.jar!/webapps/hddsDatanode}
2021-02-05 13:31:37,603 [Listener at 127.0.0.1/37659] INFO  server.AbstractConnector (AbstractConnector.java:doStart(331)) - Started ServerConnector@5a04e7ef{HTTP/1.1, (http/1.1)}{0.0.0.0:35455}
2021-02-05 13:31:37,603 [Listener at 127.0.0.1/37659] INFO  server.Server (Server.java:doStart(415)) - Started @63066ms
2021-02-05 13:31:37,603 [Listener at 127.0.0.1/37659] WARN  impl.MetricsSystemImpl (MetricsSystemImpl.java:register(279)) - Sink prometheus already exists!
2021-02-05 13:31:37,607 [Listener at 127.0.0.1/37659] INFO  http.BaseHttpServer (BaseHttpServer.java:updateConnectorAddress(327)) - HTTP server of hddsDatanode listening at http://0.0.0.0:35455
2021-02-05 13:31:37,608 [Listener at 127.0.0.1/37659] INFO  impl.MetricsSystemImpl (MetricsSystemImpl.java:init(158)) - HddsDatanode metrics system started (again)
2021-02-05 13:31:37,609 [Listener at 127.0.0.1/37659] INFO  ozone.HddsDatanodeService (HddsDatanodeService.java:start(215)) - HddsDatanodeService host:c72a3e6d1148 ip:172.17.0.2
2021-02-05 13:31:37,610 [Listener at 127.0.0.1/37659] INFO  volume.HddsVolume (HddsVolume.java:<init>(176)) - Creating Volume: /github/workspace/mnt/ozone/hadoop-ozone/integration-test/target/test-dir/MiniOzoneClusterImpl-a92b2b3a-f9aa-4539-be01-238306fe77bb/datanode-4/data-0/containers/hdds of storage type : DISK and capacity : 9223372036854775807
2021-02-05 13:31:37,610 [Listener at 127.0.0.1/37659] INFO  volume.MutableVolumeSet (MutableVolumeSet.java:initializeVolumeSet(179)) - Added Volume : /github/workspace/mnt/ozone/hadoop-ozone/integration-test/target/test-dir/MiniOzoneClusterImpl-a92b2b3a-f9aa-4539-be01-238306fe77bb/datanode-4/data-0/containers/hdds to VolumeSet
2021-02-05 13:31:37,610 [Listener at 127.0.0.1/37659] INFO  volume.ThrottledAsyncChecker (ThrottledAsyncChecker.java:schedule(141)) - Scheduling a check for /github/workspace/mnt/ozone/hadoop-ozone/integration-test/target/test-dir/MiniOzoneClusterImpl-a92b2b3a-f9aa-4539-be01-238306fe77bb/datanode-4/data-0/containers/hdds
2021-02-05 13:31:37,613 [Listener at 127.0.0.1/37659] INFO  volume.HddsVolumeChecker (HddsVolumeChecker.java:checkAllVolumes(200)) - Scheduled health check for volume /github/workspace/mnt/ozone/hadoop-ozone/integration-test/target/test-dir/MiniOzoneClusterImpl-a92b2b3a-f9aa-4539-be01-238306fe77bb/datanode-4/data-0/containers/hdds
2021-02-05 13:31:37,629 [org.apache.hadoop.util.JvmPauseMonitor$Monitor@92d4012] INFO  util.JvmPauseMonitor (JvmPauseMonitor.java:run(188)) - Starting JVM pause monitor
2021-02-05 13:31:37,630 [Datanode State Machine Task Thread - 0] INFO  datanode.InitDatanodeState (InitDatanodeState.java:persistContainerDatanodeDetails(145)) - DatanodeDetails is persisted to /github/workspace/mnt/ozone/hadoop-ozone/integration-test/target/test-dir/MiniOzoneClusterImpl-a92b2b3a-f9aa-4539-be01-238306fe77bb/datanode-3/meta/datanode.id
2021-02-05 13:31:37,630 [Thread-719] INFO  ozoneimpl.ContainerReader (ContainerReader.java:readVolume(123)) - Start to verify containers on volume /github/workspace/mnt/ozone/hadoop-ozone/integration-test/target/test-dir/MiniOzoneClusterImpl-a92b2b3a-f9aa-4539-be01-238306fe77bb/datanode-4/data-0/containers/hdds
2021-02-05 13:31:37,630 [Thread-719] INFO  ozoneimpl.ContainerReader (ContainerReader.java:readVolume(148)) - Finish verifying containers on volume /github/workspace/mnt/ozone/hadoop-ozone/integration-test/target/test-dir/MiniOzoneClusterImpl-a92b2b3a-f9aa-4539-be01-238306fe77bb/datanode-4/data-0/containers/hdds
2021-02-05 13:31:37,630 [Listener at 127.0.0.1/37659] INFO  ozoneimpl.OzoneContainer (OzoneContainer.java:buildContainerSet(206)) - Build ContainerSet costs 0s
2021-02-05 13:31:37,632 [Listener at 127.0.0.1/37659] INFO  server.RaftServer (ConfUtils.java:logGet(44)) - raft.rpc.type = GRPC (default)
2021-02-05 13:31:37,632 [Listener at 127.0.0.1/37659] INFO  grpc.GrpcFactory (GrpcFactory.java:checkPooledByteBufAllocatorUseCacheForAllThreads(48)) - PERFORMANCE WARNING: useCacheForAllThreads is true that may cause Netty to create a lot garbage objects and, as a result, trigger GC.
	It is recommended to disable useCacheForAllThreads by setting -Dorg.apache.ratis.thirdparty.io.netty.allocator.useCacheForAllThreads=false in command line.
2021-02-05 13:31:37,632 [Listener at 127.0.0.1/37659] INFO  grpc.GrpcConfigKeys (ConfUtils.java:logGet(44)) - raft.grpc.admin.port = -1 (default)
2021-02-05 13:31:37,633 [Listener at 127.0.0.1/37659] INFO  grpc.GrpcConfigKeys (ConfUtils.java:logGet(44)) - raft.grpc.server.port = 0 (default)
2021-02-05 13:31:37,633 [Listener at 127.0.0.1/37659] INFO  grpc.GrpcConfigKeys (ConfUtils.java:logGet(44)) - raft.grpc.client.port = -1 (default)
2021-02-05 13:31:37,633 [Listener at 127.0.0.1/37659] INFO  grpc.GrpcConfigKeys (ConfUtils.java:logGet(44)) - raft.grpc.server.port = 0 (default)
2021-02-05 13:31:37,633 [Listener at 127.0.0.1/37659] INFO  grpc.GrpcConfigKeys (ConfUtils.java:logGet(44)) - raft.grpc.server.port = 0 (default)
2021-02-05 13:31:37,633 [Listener at 127.0.0.1/37659] INFO  server.GrpcService (ConfUtils.java:logGet(44)) - raft.grpc.message.size.max = 32MB (=33554432) (custom)
2021-02-05 13:31:37,633 [Listener at 127.0.0.1/37659] INFO  server.RaftServerConfigKeys (ConfUtils.java:logGet(44)) - raft.server.log.appender.buffer.byte-limit = 33554432 (custom)
2021-02-05 13:31:37,633 [Listener at 127.0.0.1/37659] INFO  server.GrpcService (ConfUtils.java:logGet(44)) - raft.grpc.flow.control.window = 5MB (=5242880) (custom)
2021-02-05 13:31:37,633 [Listener at 127.0.0.1/37659] INFO  server.RaftServerConfigKeys (ConfUtils.java:logGet(44)) - raft.server.rpc.request.timeout = 3000ms (default)
2021-02-05 13:31:37,634 [Listener at 127.0.0.1/37659] INFO  impl.DataStreamServerImpl (ConfUtils.java:logGet(44)) - raft.datastream.type = DISABLED (default)
2021-02-05 13:31:37,635 [Listener at 127.0.0.1/37659] INFO  server.RaftServerConfigKeys (ConfUtils.java:logGet(44)) - raft.server.rpc.slowness.timeout = 300000ms (custom)
2021-02-05 13:31:37,635 [Listener at 127.0.0.1/37659] INFO  server.RaftServerConfigKeys (ConfUtils.java:logGet(44)) - raft.server.leaderelection.leader.step-down.wait-time = 10s (default)
2021-02-05 13:31:37,635 [Listener at 127.0.0.1/37659] INFO  server.RaftServerConfigKeys (ConfUtils.java:logGet(44)) - raft.server.storage.dir = [/github/workspace/mnt/ozone/hadoop-ozone/integration-test/target/test-dir/MiniOzoneClusterImpl-a92b2b3a-f9aa-4539-be01-238306fe77bb/datanode-4/data/ratis] (custom)
2021-02-05 13:31:37,642 [Listener at 127.0.0.1/37659] INFO  http.BaseHttpServer (BaseHttpServer.java:newHttpServer2BuilderForOzone(207)) - Starting Web-server for hddsDatanode at: http://0.0.0.0:0
2021-02-05 13:31:37,642 [Listener at 127.0.0.1/37659] INFO  http.BaseHttpServer (BaseHttpServer.java:<init>(106)) - Hadoop Security Enabled: false Ozone Security Enabled: false Ozone HTTP Security Enabled: false 
2021-02-05 13:31:37,643 [Listener at 127.0.0.1/37659] INFO  server.AuthenticationFilter (AuthenticationFilter.java:constructSecretProvider(240)) - Unable to initialize FileSignerSecretProvider, falling back to use random secrets.
2021-02-05 13:31:37,643 [Listener at 127.0.0.1/37659] WARN  http.HttpRequestLog (HttpRequestLog.java:getRequestLog(103)) - Jetty request log can only be enabled using Log4j
2021-02-05 13:31:37,644 [Listener at 127.0.0.1/37659] INFO  http.HttpServer2 (HttpServer2.java:addGlobalFilter(1020)) - Added global filter 'safety' (class=org.apache.hadoop.hdds.server.http.HttpServer2$QuotingInputFilter)
2021-02-05 13:31:37,645 [Listener at 127.0.0.1/37659] INFO  http.HttpServer2 (HttpServer2.java:addFilter(996)) - Added filter static_user_filter (class=org.apache.hadoop.http.lib.StaticUserWebFilter$StaticUserFilter) to context hddsDatanode
2021-02-05 13:31:37,645 [Listener at 127.0.0.1/37659] INFO  http.HttpServer2 (HttpServer2.java:addFilter(1004)) - Added filter static_user_filter (class=org.apache.hadoop.http.lib.StaticUserWebFilter$StaticUserFilter) to context static
2021-02-05 13:31:37,645 [Listener at 127.0.0.1/37659] INFO  http.HttpServer2 (HttpServer2.java:addFilter(1004)) - Added filter static_user_filter (class=org.apache.hadoop.http.lib.StaticUserWebFilter$StaticUserFilter) to context logs
2021-02-05 13:31:37,645 [Listener at 127.0.0.1/37659] INFO  http.HttpServer2 (HttpServer2.java:bindListener(1238)) - Jetty bound to port 36427
2021-02-05 13:31:37,646 [Listener at 127.0.0.1/37659] INFO  server.Server (Server.java:doStart(375)) - jetty-9.4.34.v20201102; built: 2020-11-02T14:15:39.302Z; git: e46af88704a893fc12cb0e3bf46e2c7b48a009e7; jvm 1.8.0_232-b09
2021-02-05 13:31:37,649 [Listener at 127.0.0.1/37659] INFO  server.session (DefaultSessionIdManager.java:doStart(334)) - DefaultSessionIdManager workerName=node0
2021-02-05 13:31:37,649 [Listener at 127.0.0.1/37659] INFO  server.session (DefaultSessionIdManager.java:doStart(339)) - No SessionScavenger set, using defaults
2021-02-05 13:31:37,649 [Listener at 127.0.0.1/37659] INFO  server.session (HouseKeeper.java:startScavenging(132)) - node0 Scavenging every 600000ms
2021-02-05 13:31:37,650 [Listener at 127.0.0.1/37659] INFO  handler.ContextHandler (ContextHandler.java:doStart(916)) - Started o.e.j.s.ServletContextHandler@1a8bbf04{logs,/logs,file:///github/workspace/mnt/ozone/hadoop-ozone/integration-test/target/log,AVAILABLE}
2021-02-05 13:31:37,650 [Listener at 127.0.0.1/37659] INFO  handler.ContextHandler (ContextHandler.java:doStart(916)) - Started o.e.j.s.ServletContextHandler@1531ec6{static,/static,jar:file:/home/user/.m2/repository/org/apache/hadoop/hadoop-hdds-container-service/1.1.0-SNAPSHOT/hadoop-hdds-container-service-1.1.0-SNAPSHOT.jar!/webapps/static,AVAILABLE}
2021-02-05 13:31:37,752 [Thread-642] INFO  impl.FollowerState (FollowerState.java:run(133)) - om1@group-C5BA1605619E-FollowerState: change to CANDIDATE, lastRpcElapsedTime:1054556676ns, electionTimeout:1047ms
2021-02-05 13:31:37,752 [Thread-642] INFO  impl.RoleInfo (RoleInfo.java:shutdownFollowerState(108)) - om1: shutdown om1@group-C5BA1605619E-FollowerState
2021-02-05 13:31:37,752 [Thread-642] INFO  server.RaftServer$Division (RaftServerImpl.java:setRole(284)) - om1@group-C5BA1605619E: changes role from  FOLLOWER to CANDIDATE at term 0 for changeToCandidate
2021-02-05 13:31:37,753 [Thread-642] INFO  server.RaftServerConfigKeys (ConfUtils.java:logGet(44)) - raft.server.leaderelection.pre-vote = false (custom)
2021-02-05 13:31:37,753 [Thread-642] INFO  impl.RoleInfo (RoleInfo.java:updateAndGet(130)) - om1: start om1@group-C5BA1605619E-LeaderElection16
2021-02-05 13:31:37,762 [om1@group-C5BA1605619E-LeaderElection16] INFO  impl.LeaderElection (LeaderElection.java:askForVotes(307)) - om1@group-C5BA1605619E-LeaderElection16 ELECTION round 0: submit vote requests at term 1 for -1: [om1|rpc:localhost:9872|priority:0], old=null
2021-02-05 13:31:37,762 [om1@group-C5BA1605619E-LeaderElection16] INFO  impl.LeaderElection (LeaderElection.java:askForVotes(309)) - om1@group-C5BA1605619E-LeaderElection16 ELECTION round 0: result PASSED (term=1)
2021-02-05 13:31:37,762 [om1@group-C5BA1605619E-LeaderElection16] INFO  impl.RoleInfo (RoleInfo.java:shutdownLeaderElection(121)) - om1: shutdown om1@group-C5BA1605619E-LeaderElection16
2021-02-05 13:31:37,762 [om1@group-C5BA1605619E-LeaderElection16] INFO  server.RaftServer$Division (RaftServerImpl.java:setRole(284)) - om1@group-C5BA1605619E: changes role from CANDIDATE to LEADER at term 1 for changeToLeader
2021-02-05 13:31:37,762 [om1@group-C5BA1605619E-LeaderElection16] INFO  server.RaftServer$Division (ServerState.java:setLeader(271)) - om1@group-C5BA1605619E: change Leader from null to om1 at term 1 for becomeLeader, leader elected after 1081ms
2021-02-05 13:31:37,762 [om1@group-C5BA1605619E-LeaderElection16] INFO  server.RaftServerConfigKeys (ConfUtils.java:logGet(44)) - raft.server.staging.catchup.gap = 1000 (default)
2021-02-05 13:31:37,763 [om1@group-C5BA1605619E-LeaderElection16] INFO  metrics.RatisMetrics (RatisMetrics.java:lambda$create$0(36)) - Creating Metrics Registry : ratis.log_appender.om1@group-C5BA1605619E
2021-02-05 13:31:37,765 [om1@group-C5BA1605619E-LeaderElection16] INFO  server.RaftServerConfigKeys (ConfUtils.java:logGet(44)) - raft.server.write.element-limit = 4096 (default)
2021-02-05 13:31:37,765 [om1@group-C5BA1605619E-LeaderElection16] INFO  server.RaftServerConfigKeys (ConfUtils.java:logGet(44)) - raft.server.write.byte-limit = 64MB (=67108864) (default)
2021-02-05 13:31:37,766 [om1@group-C5BA1605619E-LeaderElection16] INFO  server.RaftServerConfigKeys (ConfUtils.java:logGet(44)) - raft.server.watch.timeout = 10s (default)
2021-02-05 13:31:37,773 [om1@group-C5BA1605619E-LeaderElection16] INFO  server.RaftServerConfigKeys (ConfUtils.java:logGet(44)) - raft.server.watch.timeout.denomination = 1s (default)
2021-02-05 13:31:37,773 [om1@group-C5BA1605619E-LeaderElection16] INFO  server.RaftServerConfigKeys (ConfUtils.java:logGet(44)) - raft.server.watch.element-limit = 65536 (default)
2021-02-05 13:31:37,773 [om1@group-C5BA1605619E-LeaderElection16] INFO  impl.RoleInfo (RoleInfo.java:updateAndGet(130)) - om1: start om1@group-C5BA1605619E-LeaderStateImpl
2021-02-05 13:31:37,773 [om1@group-C5BA1605619E-LeaderElection16] INFO  segmented.SegmentedRaftLogWorker (SegmentedRaftLogWorker.java:startLogSegment(392)) - om1@group-C5BA1605619E-SegmentedRaftLogWorker: Starting segment from index:0
2021-02-05 13:31:37,785 [om1@group-C5BA1605619E-LeaderElection16] INFO  server.RaftServer$Division (ServerState.java:setRaftConf(373)) - om1@group-C5BA1605619E: set configuration 0: [om1|rpc:localhost:9872|admin:|client:|dataStream:|priority:0], old=null
2021-02-05 13:31:37,804 [Listener at 127.0.0.1/37659] INFO  handler.ContextHandler (ContextHandler.java:doStart(916)) - Started o.e.j.w.WebAppContext@5a9fa35{hddsDatanode,/,file:///tmp/jetty-0_0_0_0-36427-hadoop-hdds-container-service-1_1_0-SNAPSHOT_jar-_-any-6956894060168635193/webapp/,AVAILABLE}{jar:file:/home/user/.m2/repository/org/apache/hadoop/hadoop-hdds-container-service/1.1.0-SNAPSHOT/hadoop-hdds-container-service-1.1.0-SNAPSHOT.jar!/webapps/hddsDatanode}
2021-02-05 13:31:37,805 [Listener at 127.0.0.1/37659] INFO  server.AbstractConnector (AbstractConnector.java:doStart(331)) - Started ServerConnector@44185116{HTTP/1.1, (http/1.1)}{0.0.0.0:36427}
2021-02-05 13:31:37,805 [Listener at 127.0.0.1/37659] INFO  server.Server (Server.java:doStart(415)) - Started @63268ms
2021-02-05 13:31:37,805 [Listener at 127.0.0.1/37659] WARN  impl.MetricsSystemImpl (MetricsSystemImpl.java:register(279)) - Sink prometheus already exists!
2021-02-05 13:31:37,810 [Listener at 127.0.0.1/37659] INFO  http.BaseHttpServer (BaseHttpServer.java:updateConnectorAddress(327)) - HTTP server of hddsDatanode listening at http://0.0.0.0:36427
2021-02-05 13:31:37,813 [Listener at 127.0.0.1/37659] INFO  impl.MetricsSystemImpl (MetricsSystemImpl.java:init(158)) - HddsDatanode metrics system started (again)
2021-02-05 13:31:37,815 [Listener at 127.0.0.1/37659] INFO  ozone.HddsDatanodeService (HddsDatanodeService.java:start(215)) - HddsDatanodeService host:c72a3e6d1148 ip:172.17.0.2
2021-02-05 13:31:37,816 [org.apache.hadoop.util.JvmPauseMonitor$Monitor@61c9e246] INFO  util.JvmPauseMonitor (JvmPauseMonitor.java:run(188)) - Starting JVM pause monitor
2021-02-05 13:31:37,816 [om1@group-C5BA1605619E-SegmentedRaftLogWorker] INFO  segmented.SegmentedRaftLogWorker (SegmentedRaftLogWorker.java:execute(599)) - om1@group-C5BA1605619E-SegmentedRaftLogWorker: created new log segment /github/workspace/mnt/ozone/hadoop-ozone/integration-test/target/test-dir/MiniOzoneClusterImpl-a92b2b3a-f9aa-4539-be01-238306fe77bb/ozone-meta/ratis/bf265839-605b-3f16-9796-c5ba1605619e/current/log_inprogress_0
2021-02-05 13:31:37,817 [Listener at 127.0.0.1/37659] INFO  volume.HddsVolume (HddsVolume.java:<init>(176)) - Creating Volume: /github/workspace/mnt/ozone/hadoop-ozone/integration-test/target/test-dir/MiniOzoneClusterImpl-a92b2b3a-f9aa-4539-be01-238306fe77bb/datanode-5/data-0/containers/hdds of storage type : DISK and capacity : 9223372036854775807
2021-02-05 13:31:37,817 [Listener at 127.0.0.1/37659] INFO  volume.MutableVolumeSet (MutableVolumeSet.java:initializeVolumeSet(179)) - Added Volume : /github/workspace/mnt/ozone/hadoop-ozone/integration-test/target/test-dir/MiniOzoneClusterImpl-a92b2b3a-f9aa-4539-be01-238306fe77bb/datanode-5/data-0/containers/hdds to VolumeSet
2021-02-05 13:31:37,817 [Listener at 127.0.0.1/37659] INFO  volume.ThrottledAsyncChecker (ThrottledAsyncChecker.java:schedule(141)) - Scheduling a check for /github/workspace/mnt/ozone/hadoop-ozone/integration-test/target/test-dir/MiniOzoneClusterImpl-a92b2b3a-f9aa-4539-be01-238306fe77bb/datanode-5/data-0/containers/hdds
2021-02-05 13:31:37,819 [Datanode State Machine Task Thread - 0] INFO  datanode.InitDatanodeState (InitDatanodeState.java:persistContainerDatanodeDetails(145)) - DatanodeDetails is persisted to /github/workspace/mnt/ozone/hadoop-ozone/integration-test/target/test-dir/MiniOzoneClusterImpl-a92b2b3a-f9aa-4539-be01-238306fe77bb/datanode-4/meta/datanode.id
2021-02-05 13:31:37,819 [Listener at 127.0.0.1/37659] INFO  volume.HddsVolumeChecker (HddsVolumeChecker.java:checkAllVolumes(200)) - Scheduled health check for volume /github/workspace/mnt/ozone/hadoop-ozone/integration-test/target/test-dir/MiniOzoneClusterImpl-a92b2b3a-f9aa-4539-be01-238306fe77bb/datanode-5/data-0/containers/hdds
2021-02-05 13:31:37,831 [Thread-732] INFO  ozoneimpl.ContainerReader (ContainerReader.java:readVolume(123)) - Start to verify containers on volume /github/workspace/mnt/ozone/hadoop-ozone/integration-test/target/test-dir/MiniOzoneClusterImpl-a92b2b3a-f9aa-4539-be01-238306fe77bb/datanode-5/data-0/containers/hdds
2021-02-05 13:31:37,832 [Thread-732] INFO  ozoneimpl.ContainerReader (ContainerReader.java:readVolume(148)) - Finish verifying containers on volume /github/workspace/mnt/ozone/hadoop-ozone/integration-test/target/test-dir/MiniOzoneClusterImpl-a92b2b3a-f9aa-4539-be01-238306fe77bb/datanode-5/data-0/containers/hdds
2021-02-05 13:31:37,832 [Listener at 127.0.0.1/37659] INFO  ozoneimpl.OzoneContainer (OzoneContainer.java:buildContainerSet(206)) - Build ContainerSet costs 0s
2021-02-05 13:31:37,833 [Listener at 127.0.0.1/37659] INFO  server.RaftServer (ConfUtils.java:logGet(44)) - raft.rpc.type = GRPC (default)
2021-02-05 13:31:37,833 [Listener at 127.0.0.1/37659] INFO  grpc.GrpcFactory (GrpcFactory.java:checkPooledByteBufAllocatorUseCacheForAllThreads(48)) - PERFORMANCE WARNING: useCacheForAllThreads is true that may cause Netty to create a lot garbage objects and, as a result, trigger GC.
	It is recommended to disable useCacheForAllThreads by setting -Dorg.apache.ratis.thirdparty.io.netty.allocator.useCacheForAllThreads=false in command line.
2021-02-05 13:31:37,834 [Listener at 127.0.0.1/37659] INFO  grpc.GrpcConfigKeys (ConfUtils.java:logGet(44)) - raft.grpc.admin.port = -1 (default)
2021-02-05 13:31:37,834 [Listener at 127.0.0.1/37659] INFO  grpc.GrpcConfigKeys (ConfUtils.java:logGet(44)) - raft.grpc.server.port = 0 (default)
2021-02-05 13:31:37,834 [Listener at 127.0.0.1/37659] INFO  grpc.GrpcConfigKeys (ConfUtils.java:logGet(44)) - raft.grpc.client.port = -1 (default)
2021-02-05 13:31:37,834 [Listener at 127.0.0.1/37659] INFO  grpc.GrpcConfigKeys (ConfUtils.java:logGet(44)) - raft.grpc.server.port = 0 (default)
2021-02-05 13:31:37,834 [Listener at 127.0.0.1/37659] INFO  grpc.GrpcConfigKeys (ConfUtils.java:logGet(44)) - raft.grpc.server.port = 0 (default)
2021-02-05 13:31:37,834 [Listener at 127.0.0.1/37659] INFO  server.GrpcService (ConfUtils.java:logGet(44)) - raft.grpc.message.size.max = 32MB (=33554432) (custom)
2021-02-05 13:31:37,834 [Listener at 127.0.0.1/37659] INFO  server.RaftServerConfigKeys (ConfUtils.java:logGet(44)) - raft.server.log.appender.buffer.byte-limit = 33554432 (custom)
2021-02-05 13:31:37,835 [Listener at 127.0.0.1/37659] INFO  server.GrpcService (ConfUtils.java:logGet(44)) - raft.grpc.flow.control.window = 5MB (=5242880) (custom)
2021-02-05 13:31:37,835 [Listener at 127.0.0.1/37659] INFO  server.RaftServerConfigKeys (ConfUtils.java:logGet(44)) - raft.server.rpc.request.timeout = 3000ms (default)
2021-02-05 13:31:37,836 [Listener at 127.0.0.1/37659] INFO  impl.DataStreamServerImpl (ConfUtils.java:logGet(44)) - raft.datastream.type = DISABLED (default)
2021-02-05 13:31:37,836 [Listener at 127.0.0.1/37659] INFO  server.RaftServerConfigKeys (ConfUtils.java:logGet(44)) - raft.server.rpc.slowness.timeout = 300000ms (custom)
2021-02-05 13:31:37,836 [Listener at 127.0.0.1/37659] INFO  server.RaftServerConfigKeys (ConfUtils.java:logGet(44)) - raft.server.leaderelection.leader.step-down.wait-time = 10s (default)
2021-02-05 13:31:37,836 [Listener at 127.0.0.1/37659] INFO  server.RaftServerConfigKeys (ConfUtils.java:logGet(44)) - raft.server.storage.dir = [/github/workspace/mnt/ozone/hadoop-ozone/integration-test/target/test-dir/MiniOzoneClusterImpl-a92b2b3a-f9aa-4539-be01-238306fe77bb/datanode-5/data/ratis] (custom)
2021-02-05 13:31:37,843 [Listener at 127.0.0.1/37659] INFO  http.BaseHttpServer (BaseHttpServer.java:newHttpServer2BuilderForOzone(207)) - Starting Web-server for hddsDatanode at: http://0.0.0.0:0
2021-02-05 13:31:37,843 [Listener at 127.0.0.1/37659] INFO  http.BaseHttpServer (BaseHttpServer.java:<init>(106)) - Hadoop Security Enabled: false Ozone Security Enabled: false Ozone HTTP Security Enabled: false 
2021-02-05 13:31:37,845 [Listener at 127.0.0.1/37659] INFO  server.AuthenticationFilter (AuthenticationFilter.java:constructSecretProvider(240)) - Unable to initialize FileSignerSecretProvider, falling back to use random secrets.
2021-02-05 13:31:37,846 [Listener at 127.0.0.1/37659] WARN  http.HttpRequestLog (HttpRequestLog.java:getRequestLog(103)) - Jetty request log can only be enabled using Log4j
2021-02-05 13:31:37,846 [Listener at 127.0.0.1/37659] INFO  http.HttpServer2 (HttpServer2.java:addGlobalFilter(1020)) - Added global filter 'safety' (class=org.apache.hadoop.hdds.server.http.HttpServer2$QuotingInputFilter)
2021-02-05 13:31:37,847 [Listener at 127.0.0.1/37659] INFO  http.HttpServer2 (HttpServer2.java:addFilter(996)) - Added filter static_user_filter (class=org.apache.hadoop.http.lib.StaticUserWebFilter$StaticUserFilter) to context hddsDatanode
2021-02-05 13:31:37,847 [Listener at 127.0.0.1/37659] INFO  http.HttpServer2 (HttpServer2.java:addFilter(1004)) - Added filter static_user_filter (class=org.apache.hadoop.http.lib.StaticUserWebFilter$StaticUserFilter) to context static
2021-02-05 13:31:37,847 [Listener at 127.0.0.1/37659] INFO  http.HttpServer2 (HttpServer2.java:addFilter(1004)) - Added filter static_user_filter (class=org.apache.hadoop.http.lib.StaticUserWebFilter$StaticUserFilter) to context logs
2021-02-05 13:31:37,847 [Listener at 127.0.0.1/37659] INFO  http.HttpServer2 (HttpServer2.java:bindListener(1238)) - Jetty bound to port 41977
2021-02-05 13:31:37,848 [Listener at 127.0.0.1/37659] INFO  server.Server (Server.java:doStart(375)) - jetty-9.4.34.v20201102; built: 2020-11-02T14:15:39.302Z; git: e46af88704a893fc12cb0e3bf46e2c7b48a009e7; jvm 1.8.0_232-b09
2021-02-05 13:31:37,857 [Listener at 127.0.0.1/37659] INFO  server.session (DefaultSessionIdManager.java:doStart(334)) - DefaultSessionIdManager workerName=node0
2021-02-05 13:31:37,857 [Listener at 127.0.0.1/37659] INFO  server.session (DefaultSessionIdManager.java:doStart(339)) - No SessionScavenger set, using defaults
2021-02-05 13:31:37,857 [Listener at 127.0.0.1/37659] INFO  server.session (HouseKeeper.java:startScavenging(132)) - node0 Scavenging every 600000ms
2021-02-05 13:31:37,858 [Listener at 127.0.0.1/37659] INFO  handler.ContextHandler (ContextHandler.java:doStart(916)) - Started o.e.j.s.ServletContextHandler@4bc40cb8{logs,/logs,file:///github/workspace/mnt/ozone/hadoop-ozone/integration-test/target/log,AVAILABLE}
2021-02-05 13:31:37,858 [Listener at 127.0.0.1/37659] INFO  handler.ContextHandler (ContextHandler.java:doStart(916)) - Started o.e.j.s.ServletContextHandler@7c4164a8{static,/static,jar:file:/home/user/.m2/repository/org/apache/hadoop/hadoop-hdds-container-service/1.1.0-SNAPSHOT/hadoop-hdds-container-service-1.1.0-SNAPSHOT.jar!/webapps/static,AVAILABLE}
2021-02-05 13:31:37,998 [Listener at 127.0.0.1/37659] INFO  handler.ContextHandler (ContextHandler.java:doStart(916)) - Started o.e.j.w.WebAppContext@66fa0be5{hddsDatanode,/,file:///tmp/jetty-0_0_0_0-41977-hadoop-hdds-container-service-1_1_0-SNAPSHOT_jar-_-any-8710825033794637493/webapp/,AVAILABLE}{jar:file:/home/user/.m2/repository/org/apache/hadoop/hadoop-hdds-container-service/1.1.0-SNAPSHOT/hadoop-hdds-container-service-1.1.0-SNAPSHOT.jar!/webapps/hddsDatanode}
2021-02-05 13:31:37,999 [Listener at 127.0.0.1/37659] INFO  server.AbstractConnector (AbstractConnector.java:doStart(331)) - Started ServerConnector@3cebe931{HTTP/1.1, (http/1.1)}{0.0.0.0:41977}
2021-02-05 13:31:38,000 [Listener at 127.0.0.1/37659] INFO  server.Server (Server.java:doStart(415)) - Started @63462ms
2021-02-05 13:31:38,000 [Listener at 127.0.0.1/37659] WARN  impl.MetricsSystemImpl (MetricsSystemImpl.java:register(279)) - Sink prometheus already exists!
2021-02-05 13:31:38,126 [Listener at 127.0.0.1/37659] INFO  http.BaseHttpServer (BaseHttpServer.java:updateConnectorAddress(327)) - HTTP server of hddsDatanode listening at http://0.0.0.0:41977
2021-02-05 13:31:38,128 [Listener at 127.0.0.1/37659] INFO  impl.MetricsSystemImpl (MetricsSystemImpl.java:init(158)) - HddsDatanode metrics system started (again)
2021-02-05 13:31:38,129 [Listener at 127.0.0.1/37659] INFO  ozone.HddsDatanodeService (HddsDatanodeService.java:start(215)) - HddsDatanodeService host:c72a3e6d1148 ip:172.17.0.2
2021-02-05 13:31:38,138 [Listener at 127.0.0.1/37659] INFO  volume.HddsVolume (HddsVolume.java:<init>(176)) - Creating Volume: /github/workspace/mnt/ozone/hadoop-ozone/integration-test/target/test-dir/MiniOzoneClusterImpl-a92b2b3a-f9aa-4539-be01-238306fe77bb/datanode-6/data-0/containers/hdds of storage type : DISK and capacity : 9223372036854775807
2021-02-05 13:31:38,138 [Listener at 127.0.0.1/37659] INFO  volume.MutableVolumeSet (MutableVolumeSet.java:initializeVolumeSet(179)) - Added Volume : /github/workspace/mnt/ozone/hadoop-ozone/integration-test/target/test-dir/MiniOzoneClusterImpl-a92b2b3a-f9aa-4539-be01-238306fe77bb/datanode-6/data-0/containers/hdds to VolumeSet
2021-02-05 13:31:38,138 [Listener at 127.0.0.1/37659] INFO  volume.ThrottledAsyncChecker (ThrottledAsyncChecker.java:schedule(141)) - Scheduling a check for /github/workspace/mnt/ozone/hadoop-ozone/integration-test/target/test-dir/MiniOzoneClusterImpl-a92b2b3a-f9aa-4539-be01-238306fe77bb/datanode-6/data-0/containers/hdds
2021-02-05 13:31:38,141 [Listener at 127.0.0.1/37659] INFO  volume.HddsVolumeChecker (HddsVolumeChecker.java:checkAllVolumes(200)) - Scheduled health check for volume /github/workspace/mnt/ozone/hadoop-ozone/integration-test/target/test-dir/MiniOzoneClusterImpl-a92b2b3a-f9aa-4539-be01-238306fe77bb/datanode-6/data-0/containers/hdds
2021-02-05 13:31:38,157 [org.apache.hadoop.util.JvmPauseMonitor$Monitor@78f77e24] INFO  util.JvmPauseMonitor (JvmPauseMonitor.java:run(188)) - Starting JVM pause monitor
2021-02-05 13:31:38,161 [Thread-743] INFO  ozoneimpl.ContainerReader (ContainerReader.java:readVolume(123)) - Start to verify containers on volume /github/workspace/mnt/ozone/hadoop-ozone/integration-test/target/test-dir/MiniOzoneClusterImpl-a92b2b3a-f9aa-4539-be01-238306fe77bb/datanode-6/data-0/containers/hdds
2021-02-05 13:31:38,161 [Thread-743] INFO  ozoneimpl.ContainerReader (ContainerReader.java:readVolume(148)) - Finish verifying containers on volume /github/workspace/mnt/ozone/hadoop-ozone/integration-test/target/test-dir/MiniOzoneClusterImpl-a92b2b3a-f9aa-4539-be01-238306fe77bb/datanode-6/data-0/containers/hdds
2021-02-05 13:31:38,161 [Listener at 127.0.0.1/37659] INFO  ozoneimpl.OzoneContainer (OzoneContainer.java:buildContainerSet(206)) - Build ContainerSet costs 0s
2021-02-05 13:31:38,162 [Datanode State Machine Task Thread - 0] INFO  datanode.InitDatanodeState (InitDatanodeState.java:persistContainerDatanodeDetails(145)) - DatanodeDetails is persisted to /github/workspace/mnt/ozone/hadoop-ozone/integration-test/target/test-dir/MiniOzoneClusterImpl-a92b2b3a-f9aa-4539-be01-238306fe77bb/datanode-5/meta/datanode.id
2021-02-05 13:31:38,163 [Listener at 127.0.0.1/37659] INFO  server.RaftServer (ConfUtils.java:logGet(44)) - raft.rpc.type = GRPC (default)
2021-02-05 13:31:38,167 [Listener at 127.0.0.1/37659] INFO  grpc.GrpcFactory (GrpcFactory.java:checkPooledByteBufAllocatorUseCacheForAllThreads(48)) - PERFORMANCE WARNING: useCacheForAllThreads is true that may cause Netty to create a lot garbage objects and, as a result, trigger GC.
	It is recommended to disable useCacheForAllThreads by setting -Dorg.apache.ratis.thirdparty.io.netty.allocator.useCacheForAllThreads=false in command line.
2021-02-05 13:31:38,167 [Listener at 127.0.0.1/37659] INFO  grpc.GrpcConfigKeys (ConfUtils.java:logGet(44)) - raft.grpc.admin.port = -1 (default)
2021-02-05 13:31:38,167 [Listener at 127.0.0.1/37659] INFO  grpc.GrpcConfigKeys (ConfUtils.java:logGet(44)) - raft.grpc.server.port = 0 (default)
2021-02-05 13:31:38,167 [Listener at 127.0.0.1/37659] INFO  grpc.GrpcConfigKeys (ConfUtils.java:logGet(44)) - raft.grpc.client.port = -1 (default)
2021-02-05 13:31:38,167 [Listener at 127.0.0.1/37659] INFO  grpc.GrpcConfigKeys (ConfUtils.java:logGet(44)) - raft.grpc.server.port = 0 (default)
2021-02-05 13:31:38,167 [Listener at 127.0.0.1/37659] INFO  grpc.GrpcConfigKeys (ConfUtils.java:logGet(44)) - raft.grpc.server.port = 0 (default)
2021-02-05 13:31:38,167 [Listener at 127.0.0.1/37659] INFO  server.GrpcService (ConfUtils.java:logGet(44)) - raft.grpc.message.size.max = 32MB (=33554432) (custom)
2021-02-05 13:31:38,167 [Listener at 127.0.0.1/37659] INFO  server.RaftServerConfigKeys (ConfUtils.java:logGet(44)) - raft.server.log.appender.buffer.byte-limit = 33554432 (custom)
2021-02-05 13:31:38,168 [Listener at 127.0.0.1/37659] INFO  server.GrpcService (ConfUtils.java:logGet(44)) - raft.grpc.flow.control.window = 5MB (=5242880) (custom)
2021-02-05 13:31:38,168 [Listener at 127.0.0.1/37659] INFO  server.RaftServerConfigKeys (ConfUtils.java:logGet(44)) - raft.server.rpc.request.timeout = 3000ms (default)
2021-02-05 13:31:38,169 [Listener at 127.0.0.1/37659] INFO  impl.DataStreamServerImpl (ConfUtils.java:logGet(44)) - raft.datastream.type = DISABLED (default)
2021-02-05 13:31:38,169 [Listener at 127.0.0.1/37659] INFO  server.RaftServerConfigKeys (ConfUtils.java:logGet(44)) - raft.server.rpc.slowness.timeout = 300000ms (custom)
2021-02-05 13:31:38,169 [Listener at 127.0.0.1/37659] INFO  server.RaftServerConfigKeys (ConfUtils.java:logGet(44)) - raft.server.leaderelection.leader.step-down.wait-time = 10s (default)
2021-02-05 13:31:38,169 [Listener at 127.0.0.1/37659] INFO  server.RaftServerConfigKeys (ConfUtils.java:logGet(44)) - raft.server.storage.dir = [/github/workspace/mnt/ozone/hadoop-ozone/integration-test/target/test-dir/MiniOzoneClusterImpl-a92b2b3a-f9aa-4539-be01-238306fe77bb/datanode-6/data/ratis] (custom)
2021-02-05 13:31:38,184 [Listener at 127.0.0.1/37659] INFO  http.BaseHttpServer (BaseHttpServer.java:newHttpServer2BuilderForOzone(207)) - Starting Web-server for hddsDatanode at: http://0.0.0.0:0
2021-02-05 13:31:38,185 [Listener at 127.0.0.1/37659] INFO  http.BaseHttpServer (BaseHttpServer.java:<init>(106)) - Hadoop Security Enabled: false Ozone Security Enabled: false Ozone HTTP Security Enabled: false 
2021-02-05 13:31:38,186 [Listener at 127.0.0.1/37659] INFO  server.AuthenticationFilter (AuthenticationFilter.java:constructSecretProvider(240)) - Unable to initialize FileSignerSecretProvider, falling back to use random secrets.
2021-02-05 13:31:38,186 [Listener at 127.0.0.1/37659] WARN  http.HttpRequestLog (HttpRequestLog.java:getRequestLog(103)) - Jetty request log can only be enabled using Log4j
2021-02-05 13:31:38,187 [Listener at 127.0.0.1/37659] INFO  http.HttpServer2 (HttpServer2.java:addGlobalFilter(1020)) - Added global filter 'safety' (class=org.apache.hadoop.hdds.server.http.HttpServer2$QuotingInputFilter)
2021-02-05 13:31:38,187 [Listener at 127.0.0.1/37659] INFO  http.HttpServer2 (HttpServer2.java:addFilter(996)) - Added filter static_user_filter (class=org.apache.hadoop.http.lib.StaticUserWebFilter$StaticUserFilter) to context hddsDatanode
2021-02-05 13:31:38,187 [Listener at 127.0.0.1/37659] INFO  http.HttpServer2 (HttpServer2.java:addFilter(1004)) - Added filter static_user_filter (class=org.apache.hadoop.http.lib.StaticUserWebFilter$StaticUserFilter) to context logs
2021-02-05 13:31:38,187 [Listener at 127.0.0.1/37659] INFO  http.HttpServer2 (HttpServer2.java:addFilter(1004)) - Added filter static_user_filter (class=org.apache.hadoop.http.lib.StaticUserWebFilter$StaticUserFilter) to context static
2021-02-05 13:31:38,188 [Listener at 127.0.0.1/37659] INFO  http.HttpServer2 (HttpServer2.java:bindListener(1238)) - Jetty bound to port 43377
2021-02-05 13:31:38,188 [Listener at 127.0.0.1/37659] INFO  server.Server (Server.java:doStart(375)) - jetty-9.4.34.v20201102; built: 2020-11-02T14:15:39.302Z; git: e46af88704a893fc12cb0e3bf46e2c7b48a009e7; jvm 1.8.0_232-b09
2021-02-05 13:31:38,189 [Listener at 127.0.0.1/37659] INFO  server.session (DefaultSessionIdManager.java:doStart(334)) - DefaultSessionIdManager workerName=node0
2021-02-05 13:31:38,189 [Listener at 127.0.0.1/37659] INFO  server.session (DefaultSessionIdManager.java:doStart(339)) - No SessionScavenger set, using defaults
2021-02-05 13:31:38,190 [Listener at 127.0.0.1/37659] INFO  server.session (HouseKeeper.java:startScavenging(132)) - node0 Scavenging every 660000ms
2021-02-05 13:31:38,190 [Listener at 127.0.0.1/37659] INFO  handler.ContextHandler (ContextHandler.java:doStart(916)) - Started o.e.j.s.ServletContextHandler@11ef3bee{logs,/logs,file:///github/workspace/mnt/ozone/hadoop-ozone/integration-test/target/log,AVAILABLE}
2021-02-05 13:31:38,191 [Listener at 127.0.0.1/37659] INFO  handler.ContextHandler (ContextHandler.java:doStart(916)) - Started o.e.j.s.ServletContextHandler@2b5747f0{static,/static,jar:file:/home/user/.m2/repository/org/apache/hadoop/hadoop-hdds-container-service/1.1.0-SNAPSHOT/hadoop-hdds-container-service-1.1.0-SNAPSHOT.jar!/webapps/static,AVAILABLE}
2021-02-05 13:31:38,326 [Listener at 127.0.0.1/37659] INFO  handler.ContextHandler (ContextHandler.java:doStart(916)) - Started o.e.j.w.WebAppContext@5284d7f2{hddsDatanode,/,file:///tmp/jetty-0_0_0_0-43377-hadoop-hdds-container-service-1_1_0-SNAPSHOT_jar-_-any-4480453784272640369/webapp/,AVAILABLE}{jar:file:/home/user/.m2/repository/org/apache/hadoop/hadoop-hdds-container-service/1.1.0-SNAPSHOT/hadoop-hdds-container-service-1.1.0-SNAPSHOT.jar!/webapps/hddsDatanode}
2021-02-05 13:31:38,327 [Listener at 127.0.0.1/37659] INFO  server.AbstractConnector (AbstractConnector.java:doStart(331)) - Started ServerConnector@37248b2c{HTTP/1.1, (http/1.1)}{0.0.0.0:43377}
2021-02-05 13:31:38,327 [Listener at 127.0.0.1/37659] INFO  server.Server (Server.java:doStart(415)) - Started @63790ms
2021-02-05 13:31:38,327 [Listener at 127.0.0.1/37659] WARN  impl.MetricsSystemImpl (MetricsSystemImpl.java:register(279)) - Sink prometheus already exists!
2021-02-05 13:31:38,332 [Listener at 127.0.0.1/37659] INFO  http.BaseHttpServer (BaseHttpServer.java:updateConnectorAddress(327)) - HTTP server of hddsDatanode listening at http://0.0.0.0:43377
2021-02-05 13:31:38,338 [Listener at 127.0.0.1/37659] INFO  impl.MetricsSystemImpl (MetricsSystemImpl.java:init(158)) - HddsDatanode metrics system started (again)
2021-02-05 13:31:38,341 [org.apache.hadoop.util.JvmPauseMonitor$Monitor@47faec26] INFO  util.JvmPauseMonitor (JvmPauseMonitor.java:run(188)) - Starting JVM pause monitor
2021-02-05 13:31:38,342 [Listener at 127.0.0.1/37659] INFO  ozone.HddsDatanodeService (HddsDatanodeService.java:start(215)) - HddsDatanodeService host:c72a3e6d1148 ip:172.17.0.2
2021-02-05 13:31:38,343 [Listener at 127.0.0.1/37659] INFO  volume.HddsVolume (HddsVolume.java:<init>(176)) - Creating Volume: /github/workspace/mnt/ozone/hadoop-ozone/integration-test/target/test-dir/MiniOzoneClusterImpl-a92b2b3a-f9aa-4539-be01-238306fe77bb/datanode-7/data-0/containers/hdds of storage type : DISK and capacity : 9223372036854775807
2021-02-05 13:31:38,343 [Listener at 127.0.0.1/37659] INFO  volume.MutableVolumeSet (MutableVolumeSet.java:initializeVolumeSet(179)) - Added Volume : /github/workspace/mnt/ozone/hadoop-ozone/integration-test/target/test-dir/MiniOzoneClusterImpl-a92b2b3a-f9aa-4539-be01-238306fe77bb/datanode-7/data-0/containers/hdds to VolumeSet
2021-02-05 13:31:38,343 [Listener at 127.0.0.1/37659] INFO  volume.ThrottledAsyncChecker (ThrottledAsyncChecker.java:schedule(141)) - Scheduling a check for /github/workspace/mnt/ozone/hadoop-ozone/integration-test/target/test-dir/MiniOzoneClusterImpl-a92b2b3a-f9aa-4539-be01-238306fe77bb/datanode-7/data-0/containers/hdds
2021-02-05 13:31:38,344 [Datanode State Machine Task Thread - 0] INFO  datanode.InitDatanodeState (InitDatanodeState.java:persistContainerDatanodeDetails(145)) - DatanodeDetails is persisted to /github/workspace/mnt/ozone/hadoop-ozone/integration-test/target/test-dir/MiniOzoneClusterImpl-a92b2b3a-f9aa-4539-be01-238306fe77bb/datanode-6/meta/datanode.id
2021-02-05 13:31:38,345 [Listener at 127.0.0.1/37659] INFO  volume.HddsVolumeChecker (HddsVolumeChecker.java:checkAllVolumes(200)) - Scheduled health check for volume /github/workspace/mnt/ozone/hadoop-ozone/integration-test/target/test-dir/MiniOzoneClusterImpl-a92b2b3a-f9aa-4539-be01-238306fe77bb/datanode-7/data-0/containers/hdds
2021-02-05 13:31:38,356 [Thread-754] INFO  ozoneimpl.ContainerReader (ContainerReader.java:readVolume(123)) - Start to verify containers on volume /github/workspace/mnt/ozone/hadoop-ozone/integration-test/target/test-dir/MiniOzoneClusterImpl-a92b2b3a-f9aa-4539-be01-238306fe77bb/datanode-7/data-0/containers/hdds
2021-02-05 13:31:38,356 [Thread-754] INFO  ozoneimpl.ContainerReader (ContainerReader.java:readVolume(148)) - Finish verifying containers on volume /github/workspace/mnt/ozone/hadoop-ozone/integration-test/target/test-dir/MiniOzoneClusterImpl-a92b2b3a-f9aa-4539-be01-238306fe77bb/datanode-7/data-0/containers/hdds
2021-02-05 13:31:38,361 [Listener at 127.0.0.1/37659] INFO  ozoneimpl.OzoneContainer (OzoneContainer.java:buildContainerSet(206)) - Build ContainerSet costs 0s
2021-02-05 13:31:38,365 [Listener at 127.0.0.1/37659] INFO  server.RaftServer (ConfUtils.java:logGet(44)) - raft.rpc.type = GRPC (default)
2021-02-05 13:31:38,365 [Listener at 127.0.0.1/37659] INFO  grpc.GrpcFactory (GrpcFactory.java:checkPooledByteBufAllocatorUseCacheForAllThreads(48)) - PERFORMANCE WARNING: useCacheForAllThreads is true that may cause Netty to create a lot garbage objects and, as a result, trigger GC.
	It is recommended to disable useCacheForAllThreads by setting -Dorg.apache.ratis.thirdparty.io.netty.allocator.useCacheForAllThreads=false in command line.
2021-02-05 13:31:38,365 [Listener at 127.0.0.1/37659] INFO  grpc.GrpcConfigKeys (ConfUtils.java:logGet(44)) - raft.grpc.admin.port = -1 (default)
2021-02-05 13:31:38,365 [Listener at 127.0.0.1/37659] INFO  grpc.GrpcConfigKeys (ConfUtils.java:logGet(44)) - raft.grpc.server.port = 0 (default)
2021-02-05 13:31:38,365 [Listener at 127.0.0.1/37659] INFO  grpc.GrpcConfigKeys (ConfUtils.java:logGet(44)) - raft.grpc.client.port = -1 (default)
2021-02-05 13:31:38,366 [Listener at 127.0.0.1/37659] INFO  grpc.GrpcConfigKeys (ConfUtils.java:logGet(44)) - raft.grpc.server.port = 0 (default)
2021-02-05 13:31:38,366 [Listener at 127.0.0.1/37659] INFO  grpc.GrpcConfigKeys (ConfUtils.java:logGet(44)) - raft.grpc.server.port = 0 (default)
2021-02-05 13:31:38,366 [Listener at 127.0.0.1/37659] INFO  server.GrpcService (ConfUtils.java:logGet(44)) - raft.grpc.message.size.max = 32MB (=33554432) (custom)
2021-02-05 13:31:38,366 [Listener at 127.0.0.1/37659] INFO  server.RaftServerConfigKeys (ConfUtils.java:logGet(44)) - raft.server.log.appender.buffer.byte-limit = 33554432 (custom)
2021-02-05 13:31:38,366 [Listener at 127.0.0.1/37659] INFO  server.GrpcService (ConfUtils.java:logGet(44)) - raft.grpc.flow.control.window = 5MB (=5242880) (custom)
2021-02-05 13:31:38,366 [Listener at 127.0.0.1/37659] INFO  server.RaftServerConfigKeys (ConfUtils.java:logGet(44)) - raft.server.rpc.request.timeout = 3000ms (default)
2021-02-05 13:31:38,367 [Listener at 127.0.0.1/37659] INFO  impl.DataStreamServerImpl (ConfUtils.java:logGet(44)) - raft.datastream.type = DISABLED (default)
2021-02-05 13:31:38,367 [Listener at 127.0.0.1/37659] INFO  server.RaftServerConfigKeys (ConfUtils.java:logGet(44)) - raft.server.rpc.slowness.timeout = 300000ms (custom)
2021-02-05 13:31:38,368 [Listener at 127.0.0.1/37659] INFO  server.RaftServerConfigKeys (ConfUtils.java:logGet(44)) - raft.server.leaderelection.leader.step-down.wait-time = 10s (default)
2021-02-05 13:31:38,368 [Listener at 127.0.0.1/37659] INFO  server.RaftServerConfigKeys (ConfUtils.java:logGet(44)) - raft.server.storage.dir = [/github/workspace/mnt/ozone/hadoop-ozone/integration-test/target/test-dir/MiniOzoneClusterImpl-a92b2b3a-f9aa-4539-be01-238306fe77bb/datanode-7/data/ratis] (custom)
2021-02-05 13:31:38,378 [Listener at 127.0.0.1/37659] INFO  http.BaseHttpServer (BaseHttpServer.java:newHttpServer2BuilderForOzone(207)) - Starting Web-server for hddsDatanode at: http://0.0.0.0:0
2021-02-05 13:31:38,378 [Listener at 127.0.0.1/37659] INFO  http.BaseHttpServer (BaseHttpServer.java:<init>(106)) - Hadoop Security Enabled: false Ozone Security Enabled: false Ozone HTTP Security Enabled: false 
2021-02-05 13:31:38,379 [Listener at 127.0.0.1/37659] INFO  server.AuthenticationFilter (AuthenticationFilter.java:constructSecretProvider(240)) - Unable to initialize FileSignerSecretProvider, falling back to use random secrets.
2021-02-05 13:31:38,380 [Listener at 127.0.0.1/37659] WARN  http.HttpRequestLog (HttpRequestLog.java:getRequestLog(103)) - Jetty request log can only be enabled using Log4j
2021-02-05 13:31:38,380 [Listener at 127.0.0.1/37659] INFO  http.HttpServer2 (HttpServer2.java:addGlobalFilter(1020)) - Added global filter 'safety' (class=org.apache.hadoop.hdds.server.http.HttpServer2$QuotingInputFilter)
2021-02-05 13:31:38,381 [Listener at 127.0.0.1/37659] INFO  http.HttpServer2 (HttpServer2.java:addFilter(996)) - Added filter static_user_filter (class=org.apache.hadoop.http.lib.StaticUserWebFilter$StaticUserFilter) to context hddsDatanode
2021-02-05 13:31:38,381 [Listener at 127.0.0.1/37659] INFO  http.HttpServer2 (HttpServer2.java:addFilter(1004)) - Added filter static_user_filter (class=org.apache.hadoop.http.lib.StaticUserWebFilter$StaticUserFilter) to context logs
2021-02-05 13:31:38,381 [Listener at 127.0.0.1/37659] INFO  http.HttpServer2 (HttpServer2.java:addFilter(1004)) - Added filter static_user_filter (class=org.apache.hadoop.http.lib.StaticUserWebFilter$StaticUserFilter) to context static
2021-02-05 13:31:38,382 [Listener at 127.0.0.1/37659] INFO  http.HttpServer2 (HttpServer2.java:bindListener(1238)) - Jetty bound to port 34075
2021-02-05 13:31:38,382 [Listener at 127.0.0.1/37659] INFO  server.Server (Server.java:doStart(375)) - jetty-9.4.34.v20201102; built: 2020-11-02T14:15:39.302Z; git: e46af88704a893fc12cb0e3bf46e2c7b48a009e7; jvm 1.8.0_232-b09
2021-02-05 13:31:38,385 [Listener at 127.0.0.1/37659] INFO  server.session (DefaultSessionIdManager.java:doStart(334)) - DefaultSessionIdManager workerName=node0
2021-02-05 13:31:38,385 [Listener at 127.0.0.1/37659] INFO  server.session (DefaultSessionIdManager.java:doStart(339)) - No SessionScavenger set, using defaults
2021-02-05 13:31:38,385 [Listener at 127.0.0.1/37659] INFO  server.session (HouseKeeper.java:startScavenging(132)) - node0 Scavenging every 600000ms
2021-02-05 13:31:38,386 [Listener at 127.0.0.1/37659] INFO  handler.ContextHandler (ContextHandler.java:doStart(916)) - Started o.e.j.s.ServletContextHandler@792feb9f{logs,/logs,file:///github/workspace/mnt/ozone/hadoop-ozone/integration-test/target/log,AVAILABLE}
2021-02-05 13:31:38,386 [Listener at 127.0.0.1/37659] INFO  handler.ContextHandler (ContextHandler.java:doStart(916)) - Started o.e.j.s.ServletContextHandler@614220b8{static,/static,jar:file:/home/user/.m2/repository/org/apache/hadoop/hadoop-hdds-container-service/1.1.0-SNAPSHOT/hadoop-hdds-container-service-1.1.0-SNAPSHOT.jar!/webapps/static,AVAILABLE}
2021-02-05 13:31:38,526 [Listener at 127.0.0.1/37659] INFO  handler.ContextHandler (ContextHandler.java:doStart(916)) - Started o.e.j.w.WebAppContext@5233b9e0{hddsDatanode,/,file:///tmp/jetty-0_0_0_0-34075-hadoop-hdds-container-service-1_1_0-SNAPSHOT_jar-_-any-988433673071396730/webapp/,AVAILABLE}{jar:file:/home/user/.m2/repository/org/apache/hadoop/hadoop-hdds-container-service/1.1.0-SNAPSHOT/hadoop-hdds-container-service-1.1.0-SNAPSHOT.jar!/webapps/hddsDatanode}
2021-02-05 13:31:38,527 [Listener at 127.0.0.1/37659] INFO  server.AbstractConnector (AbstractConnector.java:doStart(331)) - Started ServerConnector@72b611a{HTTP/1.1, (http/1.1)}{0.0.0.0:34075}
2021-02-05 13:31:38,528 [Listener at 127.0.0.1/37659] INFO  server.Server (Server.java:doStart(415)) - Started @63990ms
2021-02-05 13:31:38,528 [Listener at 127.0.0.1/37659] WARN  impl.MetricsSystemImpl (MetricsSystemImpl.java:register(279)) - Sink prometheus already exists!
2021-02-05 13:31:38,533 [Listener at 127.0.0.1/37659] INFO  http.BaseHttpServer (BaseHttpServer.java:updateConnectorAddress(327)) - HTTP server of hddsDatanode listening at http://0.0.0.0:34075
2021-02-05 13:31:38,533 [Listener at 127.0.0.1/37659] INFO  impl.MetricsSystemImpl (MetricsSystemImpl.java:init(158)) - HddsDatanode metrics system started (again)
2021-02-05 13:31:38,535 [Listener at 127.0.0.1/37659] INFO  ozone.HddsDatanodeService (HddsDatanodeService.java:start(215)) - HddsDatanodeService host:c72a3e6d1148 ip:172.17.0.2
2021-02-05 13:31:38,536 [Listener at 127.0.0.1/37659] INFO  volume.HddsVolume (HddsVolume.java:<init>(176)) - Creating Volume: /github/workspace/mnt/ozone/hadoop-ozone/integration-test/target/test-dir/MiniOzoneClusterImpl-a92b2b3a-f9aa-4539-be01-238306fe77bb/datanode-8/data-0/containers/hdds of storage type : DISK and capacity : 9223372036854775807
2021-02-05 13:31:38,536 [Listener at 127.0.0.1/37659] INFO  volume.MutableVolumeSet (MutableVolumeSet.java:initializeVolumeSet(179)) - Added Volume : /github/workspace/mnt/ozone/hadoop-ozone/integration-test/target/test-dir/MiniOzoneClusterImpl-a92b2b3a-f9aa-4539-be01-238306fe77bb/datanode-8/data-0/containers/hdds to VolumeSet
2021-02-05 13:31:38,536 [Listener at 127.0.0.1/37659] INFO  volume.ThrottledAsyncChecker (ThrottledAsyncChecker.java:schedule(141)) - Scheduling a check for /github/workspace/mnt/ozone/hadoop-ozone/integration-test/target/test-dir/MiniOzoneClusterImpl-a92b2b3a-f9aa-4539-be01-238306fe77bb/datanode-8/data-0/containers/hdds
2021-02-05 13:31:38,537 [Listener at 127.0.0.1/37659] INFO  volume.HddsVolumeChecker (HddsVolumeChecker.java:checkAllVolumes(200)) - Scheduled health check for volume /github/workspace/mnt/ozone/hadoop-ozone/integration-test/target/test-dir/MiniOzoneClusterImpl-a92b2b3a-f9aa-4539-be01-238306fe77bb/datanode-8/data-0/containers/hdds
2021-02-05 13:31:38,552 [org.apache.hadoop.util.JvmPauseMonitor$Monitor@5ba56618] INFO  util.JvmPauseMonitor (JvmPauseMonitor.java:run(188)) - Starting JVM pause monitor
2021-02-05 13:31:38,553 [Thread-765] INFO  ozoneimpl.ContainerReader (ContainerReader.java:readVolume(123)) - Start to verify containers on volume /github/workspace/mnt/ozone/hadoop-ozone/integration-test/target/test-dir/MiniOzoneClusterImpl-a92b2b3a-f9aa-4539-be01-238306fe77bb/datanode-8/data-0/containers/hdds
2021-02-05 13:31:38,553 [Thread-765] INFO  ozoneimpl.ContainerReader (ContainerReader.java:readVolume(148)) - Finish verifying containers on volume /github/workspace/mnt/ozone/hadoop-ozone/integration-test/target/test-dir/MiniOzoneClusterImpl-a92b2b3a-f9aa-4539-be01-238306fe77bb/datanode-8/data-0/containers/hdds
2021-02-05 13:31:38,553 [Listener at 127.0.0.1/37659] INFO  ozoneimpl.OzoneContainer (OzoneContainer.java:buildContainerSet(206)) - Build ContainerSet costs 0s
2021-02-05 13:31:38,554 [Listener at 127.0.0.1/37659] INFO  server.RaftServer (ConfUtils.java:logGet(44)) - raft.rpc.type = GRPC (default)
2021-02-05 13:31:38,555 [Listener at 127.0.0.1/37659] INFO  grpc.GrpcFactory (GrpcFactory.java:checkPooledByteBufAllocatorUseCacheForAllThreads(48)) - PERFORMANCE WARNING: useCacheForAllThreads is true that may cause Netty to create a lot garbage objects and, as a result, trigger GC.
	It is recommended to disable useCacheForAllThreads by setting -Dorg.apache.ratis.thirdparty.io.netty.allocator.useCacheForAllThreads=false in command line.
2021-02-05 13:31:38,555 [Datanode State Machine Task Thread - 0] INFO  datanode.InitDatanodeState (InitDatanodeState.java:persistContainerDatanodeDetails(145)) - DatanodeDetails is persisted to /github/workspace/mnt/ozone/hadoop-ozone/integration-test/target/test-dir/MiniOzoneClusterImpl-a92b2b3a-f9aa-4539-be01-238306fe77bb/datanode-7/meta/datanode.id
2021-02-05 13:31:38,555 [Listener at 127.0.0.1/37659] INFO  grpc.GrpcConfigKeys (ConfUtils.java:logGet(44)) - raft.grpc.admin.port = -1 (default)
2021-02-05 13:31:38,555 [Listener at 127.0.0.1/37659] INFO  grpc.GrpcConfigKeys (ConfUtils.java:logGet(44)) - raft.grpc.server.port = 0 (default)
2021-02-05 13:31:38,555 [Listener at 127.0.0.1/37659] INFO  grpc.GrpcConfigKeys (ConfUtils.java:logGet(44)) - raft.grpc.client.port = -1 (default)
2021-02-05 13:31:38,555 [Listener at 127.0.0.1/37659] INFO  grpc.GrpcConfigKeys (ConfUtils.java:logGet(44)) - raft.grpc.server.port = 0 (default)
2021-02-05 13:31:38,555 [Listener at 127.0.0.1/37659] INFO  grpc.GrpcConfigKeys (ConfUtils.java:logGet(44)) - raft.grpc.server.port = 0 (default)
2021-02-05 13:31:38,556 [Listener at 127.0.0.1/37659] INFO  server.GrpcService (ConfUtils.java:logGet(44)) - raft.grpc.message.size.max = 32MB (=33554432) (custom)
2021-02-05 13:31:38,556 [Listener at 127.0.0.1/37659] INFO  server.RaftServerConfigKeys (ConfUtils.java:logGet(44)) - raft.server.log.appender.buffer.byte-limit = 33554432 (custom)
2021-02-05 13:31:38,556 [Listener at 127.0.0.1/37659] INFO  server.GrpcService (ConfUtils.java:logGet(44)) - raft.grpc.flow.control.window = 5MB (=5242880) (custom)
2021-02-05 13:31:38,556 [Listener at 127.0.0.1/37659] INFO  server.RaftServerConfigKeys (ConfUtils.java:logGet(44)) - raft.server.rpc.request.timeout = 3000ms (default)
2021-02-05 13:31:38,557 [Listener at 127.0.0.1/37659] INFO  impl.DataStreamServerImpl (ConfUtils.java:logGet(44)) - raft.datastream.type = DISABLED (default)
2021-02-05 13:31:38,557 [Listener at 127.0.0.1/37659] INFO  server.RaftServerConfigKeys (ConfUtils.java:logGet(44)) - raft.server.rpc.slowness.timeout = 300000ms (custom)
2021-02-05 13:31:38,557 [Listener at 127.0.0.1/37659] INFO  server.RaftServerConfigKeys (ConfUtils.java:logGet(44)) - raft.server.leaderelection.leader.step-down.wait-time = 10s (default)
2021-02-05 13:31:38,557 [Listener at 127.0.0.1/37659] INFO  server.RaftServerConfigKeys (ConfUtils.java:logGet(44)) - raft.server.storage.dir = [/github/workspace/mnt/ozone/hadoop-ozone/integration-test/target/test-dir/MiniOzoneClusterImpl-a92b2b3a-f9aa-4539-be01-238306fe77bb/datanode-8/data/ratis] (custom)
2021-02-05 13:31:38,564 [Listener at 127.0.0.1/37659] INFO  http.BaseHttpServer (BaseHttpServer.java:newHttpServer2BuilderForOzone(207)) - Starting Web-server for hddsDatanode at: http://0.0.0.0:0
2021-02-05 13:31:38,564 [Listener at 127.0.0.1/37659] INFO  http.BaseHttpServer (BaseHttpServer.java:<init>(106)) - Hadoop Security Enabled: false Ozone Security Enabled: false Ozone HTTP Security Enabled: false 
2021-02-05 13:31:38,567 [Listener at 127.0.0.1/37659] INFO  server.AuthenticationFilter (AuthenticationFilter.java:constructSecretProvider(240)) - Unable to initialize FileSignerSecretProvider, falling back to use random secrets.
2021-02-05 13:31:38,567 [Listener at 127.0.0.1/37659] WARN  http.HttpRequestLog (HttpRequestLog.java:getRequestLog(103)) - Jetty request log can only be enabled using Log4j
2021-02-05 13:31:38,568 [Listener at 127.0.0.1/37659] INFO  http.HttpServer2 (HttpServer2.java:addGlobalFilter(1020)) - Added global filter 'safety' (class=org.apache.hadoop.hdds.server.http.HttpServer2$QuotingInputFilter)
2021-02-05 13:31:38,568 [Listener at 127.0.0.1/37659] INFO  http.HttpServer2 (HttpServer2.java:addFilter(996)) - Added filter static_user_filter (class=org.apache.hadoop.http.lib.StaticUserWebFilter$StaticUserFilter) to context hddsDatanode
2021-02-05 13:31:38,568 [Listener at 127.0.0.1/37659] INFO  http.HttpServer2 (HttpServer2.java:addFilter(1004)) - Added filter static_user_filter (class=org.apache.hadoop.http.lib.StaticUserWebFilter$StaticUserFilter) to context static
2021-02-05 13:31:38,569 [Listener at 127.0.0.1/37659] INFO  http.HttpServer2 (HttpServer2.java:addFilter(1004)) - Added filter static_user_filter (class=org.apache.hadoop.http.lib.StaticUserWebFilter$StaticUserFilter) to context logs
2021-02-05 13:31:38,569 [Listener at 127.0.0.1/37659] INFO  http.HttpServer2 (HttpServer2.java:bindListener(1238)) - Jetty bound to port 40835
2021-02-05 13:31:38,569 [Listener at 127.0.0.1/37659] INFO  server.Server (Server.java:doStart(375)) - jetty-9.4.34.v20201102; built: 2020-11-02T14:15:39.302Z; git: e46af88704a893fc12cb0e3bf46e2c7b48a009e7; jvm 1.8.0_232-b09
2021-02-05 13:31:38,571 [Listener at 127.0.0.1/37659] INFO  server.session (DefaultSessionIdManager.java:doStart(334)) - DefaultSessionIdManager workerName=node0
2021-02-05 13:31:38,571 [Listener at 127.0.0.1/37659] INFO  server.session (DefaultSessionIdManager.java:doStart(339)) - No SessionScavenger set, using defaults
2021-02-05 13:31:38,573 [Listener at 127.0.0.1/37659] INFO  server.session (HouseKeeper.java:startScavenging(132)) - node0 Scavenging every 600000ms
2021-02-05 13:31:38,573 [Listener at 127.0.0.1/37659] INFO  handler.ContextHandler (ContextHandler.java:doStart(916)) - Started o.e.j.s.ServletContextHandler@471e3e69{logs,/logs,file:///github/workspace/mnt/ozone/hadoop-ozone/integration-test/target/log,AVAILABLE}
2021-02-05 13:31:38,573 [Listener at 127.0.0.1/37659] INFO  handler.ContextHandler (ContextHandler.java:doStart(916)) - Started o.e.j.s.ServletContextHandler@4179260d{static,/static,jar:file:/home/user/.m2/repository/org/apache/hadoop/hadoop-hdds-container-service/1.1.0-SNAPSHOT/hadoop-hdds-container-service-1.1.0-SNAPSHOT.jar!/webapps/static,AVAILABLE}
2021-02-05 13:31:38,710 [Listener at 127.0.0.1/37659] INFO  handler.ContextHandler (ContextHandler.java:doStart(916)) - Started o.e.j.w.WebAppContext@3645b9d5{hddsDatanode,/,file:///tmp/jetty-0_0_0_0-40835-hadoop-hdds-container-service-1_1_0-SNAPSHOT_jar-_-any-4524522107199918531/webapp/,AVAILABLE}{jar:file:/home/user/.m2/repository/org/apache/hadoop/hadoop-hdds-container-service/1.1.0-SNAPSHOT/hadoop-hdds-container-service-1.1.0-SNAPSHOT.jar!/webapps/hddsDatanode}
2021-02-05 13:31:38,712 [Listener at 127.0.0.1/37659] INFO  server.AbstractConnector (AbstractConnector.java:doStart(331)) - Started ServerConnector@7a4764bb{HTTP/1.1, (http/1.1)}{0.0.0.0:40835}
2021-02-05 13:31:38,712 [Listener at 127.0.0.1/37659] INFO  server.Server (Server.java:doStart(415)) - Started @64175ms
2021-02-05 13:31:38,712 [Listener at 127.0.0.1/37659] WARN  impl.MetricsSystemImpl (MetricsSystemImpl.java:register(279)) - Sink prometheus already exists!
2021-02-05 13:31:38,718 [Listener at 127.0.0.1/37659] INFO  http.BaseHttpServer (BaseHttpServer.java:updateConnectorAddress(327)) - HTTP server of hddsDatanode listening at http://0.0.0.0:40835
2021-02-05 13:31:38,722 [Listener at 127.0.0.1/37659] INFO  ozone.MiniOzoneClusterImpl (MiniOzoneClusterImpl.java:lambda$waitForClusterToBeReady$0(179)) - Waiting for nodes to be ready. Got 0 of 9 DN Heartbeats.
2021-02-05 13:31:38,722 [Listener at 127.0.0.1/37659] INFO  ozone.MiniOzoneClusterImpl (MiniOzoneClusterImpl.java:lambda$waitForClusterToBeReady$0(182)) - Waiting for cluster to exit safe mode
2021-02-05 13:31:38,722 [org.apache.hadoop.util.JvmPauseMonitor$Monitor@7077a5be] INFO  util.JvmPauseMonitor (JvmPauseMonitor.java:run(188)) - Starting JVM pause monitor
2021-02-05 13:31:38,723 [Datanode State Machine Task Thread - 0] INFO  datanode.InitDatanodeState (InitDatanodeState.java:persistContainerDatanodeDetails(145)) - DatanodeDetails is persisted to /github/workspace/mnt/ozone/hadoop-ozone/integration-test/target/test-dir/MiniOzoneClusterImpl-a92b2b3a-f9aa-4539-be01-238306fe77bb/datanode-8/meta/datanode.id
2021-02-05 13:31:39,071 [EndpointStateMachine task thread for /0.0.0.0:40337 - 0 ] INFO  ozoneimpl.OzoneContainer (OzoneContainer.java:start(255)) - Attempting to start container services.
2021-02-05 13:31:39,071 [EndpointStateMachine task thread for /0.0.0.0:40337 - 0 ] INFO  ozoneimpl.OzoneContainer (OzoneContainer.java:startContainerScrub(219)) - Background container scanner has been disabled.
2021-02-05 13:31:39,072 [EndpointStateMachine task thread for /0.0.0.0:40337 - 0 ] INFO  replication.ReplicationServer (ReplicationServer.java:start(106)) - ReplicationServer is started using port 38151
2021-02-05 13:31:39,072 [EndpointStateMachine task thread for /0.0.0.0:40337 - 0 ] INFO  ratis.XceiverServerRatis (XceiverServerRatis.java:start(458)) - Starting XceiverServerRatis a9448078-34fe-435b-8f34-59bdbb0249c7 at port 0
2021-02-05 13:31:39,074 [EndpointStateMachine task thread for /0.0.0.0:40337 - 0 ] INFO  server.RaftServer (RaftServerProxy.java:lambda$start$5(374)) - a9448078-34fe-435b-8f34-59bdbb0249c7: start RPC server
2021-02-05 13:31:39,076 [EndpointStateMachine task thread for /0.0.0.0:40337 - 0 ] INFO  server.GrpcService (GrpcService.java:startImpl(253)) - a9448078-34fe-435b-8f34-59bdbb0249c7: GrpcService started, listening on 33155
2021-02-05 13:31:39,076 [EndpointStateMachine task thread for /0.0.0.0:40337 - 0 ] INFO  ratis.XceiverServerRatis (XceiverServerRatis.java:start(470)) - XceiverServerRatis a9448078-34fe-435b-8f34-59bdbb0249c7 is started using port 33155
2021-02-05 13:31:39,076 [org.apache.ratis.util.JvmPauseMonitor$$Lambda$504/1608512753@55a5c6bc] INFO  util.JvmPauseMonitor (JvmPauseMonitor.java:run(103)) - JvmPauseMonitor-a9448078-34fe-435b-8f34-59bdbb0249c7: Started
2021-02-05 13:31:39,076 [EndpointStateMachine task thread for /0.0.0.0:40337 - 0 ] INFO  server.XceiverServerGrpc (XceiverServerGrpc.java:start(135)) - XceiverServerGrpc a9448078-34fe-435b-8f34-59bdbb0249c7 is started using port 42513
2021-02-05 13:31:39,248 [EndpointStateMachine task thread for /0.0.0.0:40337 - 0 ] INFO  ozoneimpl.OzoneContainer (OzoneContainer.java:start(255)) - Attempting to start container services.
2021-02-05 13:31:39,248 [EndpointStateMachine task thread for /0.0.0.0:40337 - 0 ] INFO  ozoneimpl.OzoneContainer (OzoneContainer.java:startContainerScrub(219)) - Background container scanner has been disabled.
2021-02-05 13:31:39,249 [EndpointStateMachine task thread for /0.0.0.0:40337 - 0 ] INFO  replication.ReplicationServer (ReplicationServer.java:start(106)) - ReplicationServer is started using port 41095
2021-02-05 13:31:39,249 [EndpointStateMachine task thread for /0.0.0.0:40337 - 0 ] INFO  ratis.XceiverServerRatis (XceiverServerRatis.java:start(458)) - Starting XceiverServerRatis 9a530726-af8b-4f6c-9588-6c152d944b80 at port 0
2021-02-05 13:31:39,249 [EndpointStateMachine task thread for /0.0.0.0:40337 - 0 ] INFO  server.RaftServer (RaftServerProxy.java:lambda$start$5(374)) - 9a530726-af8b-4f6c-9588-6c152d944b80: start RPC server
2021-02-05 13:31:39,251 [EndpointStateMachine task thread for /0.0.0.0:40337 - 0 ] INFO  server.GrpcService (GrpcService.java:startImpl(253)) - 9a530726-af8b-4f6c-9588-6c152d944b80: GrpcService started, listening on 39199
2021-02-05 13:31:39,251 [EndpointStateMachine task thread for /0.0.0.0:40337 - 0 ] INFO  ratis.XceiverServerRatis (XceiverServerRatis.java:start(470)) - XceiverServerRatis 9a530726-af8b-4f6c-9588-6c152d944b80 is started using port 39199
2021-02-05 13:31:39,251 [org.apache.ratis.util.JvmPauseMonitor$$Lambda$504/1608512753@25d3bac7] INFO  util.JvmPauseMonitor (JvmPauseMonitor.java:run(103)) - JvmPauseMonitor-9a530726-af8b-4f6c-9588-6c152d944b80: Started
2021-02-05 13:31:39,251 [EndpointStateMachine task thread for /0.0.0.0:40337 - 0 ] INFO  server.XceiverServerGrpc (XceiverServerGrpc.java:start(135)) - XceiverServerGrpc 9a530726-af8b-4f6c-9588-6c152d944b80 is started using port 43691
2021-02-05 13:31:39,432 [EndpointStateMachine task thread for /0.0.0.0:40337 - 0 ] INFO  ozoneimpl.OzoneContainer (OzoneContainer.java:start(255)) - Attempting to start container services.
2021-02-05 13:31:39,432 [EndpointStateMachine task thread for /0.0.0.0:40337 - 0 ] INFO  ozoneimpl.OzoneContainer (OzoneContainer.java:startContainerScrub(219)) - Background container scanner has been disabled.
2021-02-05 13:31:39,433 [EndpointStateMachine task thread for /0.0.0.0:40337 - 0 ] INFO  replication.ReplicationServer (ReplicationServer.java:start(106)) - ReplicationServer is started using port 36003
2021-02-05 13:31:39,435 [EndpointStateMachine task thread for /0.0.0.0:40337 - 0 ] INFO  ratis.XceiverServerRatis (XceiverServerRatis.java:start(458)) - Starting XceiverServerRatis a4acbc3e-e00f-4d43-961e-4e2aff2ce09e at port 0
2021-02-05 13:31:39,435 [EndpointStateMachine task thread for /0.0.0.0:40337 - 0 ] INFO  server.RaftServer (RaftServerProxy.java:lambda$start$5(374)) - a4acbc3e-e00f-4d43-961e-4e2aff2ce09e: start RPC server
2021-02-05 13:31:39,436 [EndpointStateMachine task thread for /0.0.0.0:40337 - 0 ] INFO  server.GrpcService (GrpcService.java:startImpl(253)) - a4acbc3e-e00f-4d43-961e-4e2aff2ce09e: GrpcService started, listening on 45209
2021-02-05 13:31:39,436 [EndpointStateMachine task thread for /0.0.0.0:40337 - 0 ] INFO  ratis.XceiverServerRatis (XceiverServerRatis.java:start(470)) - XceiverServerRatis a4acbc3e-e00f-4d43-961e-4e2aff2ce09e is started using port 45209
2021-02-05 13:31:39,436 [org.apache.ratis.util.JvmPauseMonitor$$Lambda$504/1608512753@1946634a] INFO  util.JvmPauseMonitor (JvmPauseMonitor.java:run(103)) - JvmPauseMonitor-a4acbc3e-e00f-4d43-961e-4e2aff2ce09e: Started
2021-02-05 13:31:39,436 [EndpointStateMachine task thread for /0.0.0.0:40337 - 0 ] INFO  server.XceiverServerGrpc (XceiverServerGrpc.java:start(135)) - XceiverServerGrpc a4acbc3e-e00f-4d43-961e-4e2aff2ce09e is started using port 40147
2021-02-05 13:31:39,631 [EndpointStateMachine task thread for /0.0.0.0:40337 - 0 ] INFO  ozoneimpl.OzoneContainer (OzoneContainer.java:start(255)) - Attempting to start container services.
2021-02-05 13:31:39,631 [EndpointStateMachine task thread for /0.0.0.0:40337 - 0 ] INFO  ozoneimpl.OzoneContainer (OzoneContainer.java:startContainerScrub(219)) - Background container scanner has been disabled.
2021-02-05 13:31:39,632 [EndpointStateMachine task thread for /0.0.0.0:40337 - 0 ] INFO  replication.ReplicationServer (ReplicationServer.java:start(106)) - ReplicationServer is started using port 45813
2021-02-05 13:31:39,632 [EndpointStateMachine task thread for /0.0.0.0:40337 - 0 ] INFO  ratis.XceiverServerRatis (XceiverServerRatis.java:start(458)) - Starting XceiverServerRatis 5636fed9-8cb9-4b03-9cef-dc5fa3810e57 at port 0
2021-02-05 13:31:39,633 [EndpointStateMachine task thread for /0.0.0.0:40337 - 0 ] INFO  server.RaftServer (RaftServerProxy.java:lambda$start$5(374)) - 5636fed9-8cb9-4b03-9cef-dc5fa3810e57: start RPC server
2021-02-05 13:31:39,634 [EndpointStateMachine task thread for /0.0.0.0:40337 - 0 ] INFO  server.GrpcService (GrpcService.java:startImpl(253)) - 5636fed9-8cb9-4b03-9cef-dc5fa3810e57: GrpcService started, listening on 46415
2021-02-05 13:31:39,634 [EndpointStateMachine task thread for /0.0.0.0:40337 - 0 ] INFO  ratis.XceiverServerRatis (XceiverServerRatis.java:start(470)) - XceiverServerRatis 5636fed9-8cb9-4b03-9cef-dc5fa3810e57 is started using port 46415
2021-02-05 13:31:39,634 [org.apache.ratis.util.JvmPauseMonitor$$Lambda$504/1608512753@1a6c4ba8] INFO  util.JvmPauseMonitor (JvmPauseMonitor.java:run(103)) - JvmPauseMonitor-5636fed9-8cb9-4b03-9cef-dc5fa3810e57: Started
2021-02-05 13:31:39,634 [EndpointStateMachine task thread for /0.0.0.0:40337 - 0 ] INFO  server.XceiverServerGrpc (XceiverServerGrpc.java:start(135)) - XceiverServerGrpc 5636fed9-8cb9-4b03-9cef-dc5fa3810e57 is started using port 43495
2021-02-05 13:31:39,722 [Listener at 127.0.0.1/37659] INFO  ozone.MiniOzoneClusterImpl (MiniOzoneClusterImpl.java:lambda$waitForClusterToBeReady$0(179)) - Waiting for nodes to be ready. Got 0 of 9 DN Heartbeats.
2021-02-05 13:31:39,722 [Listener at 127.0.0.1/37659] INFO  ozone.MiniOzoneClusterImpl (MiniOzoneClusterImpl.java:lambda$waitForClusterToBeReady$0(182)) - Waiting for cluster to exit safe mode
2021-02-05 13:31:39,818 [EndpointStateMachine task thread for /0.0.0.0:40337 - 0 ] INFO  ozoneimpl.OzoneContainer (OzoneContainer.java:start(255)) - Attempting to start container services.
2021-02-05 13:31:39,818 [EndpointStateMachine task thread for /0.0.0.0:40337 - 0 ] INFO  ozoneimpl.OzoneContainer (OzoneContainer.java:startContainerScrub(219)) - Background container scanner has been disabled.
2021-02-05 13:31:39,818 [EndpointStateMachine task thread for /0.0.0.0:40337 - 0 ] INFO  replication.ReplicationServer (ReplicationServer.java:start(106)) - ReplicationServer is started using port 45859
2021-02-05 13:31:39,818 [EndpointStateMachine task thread for /0.0.0.0:40337 - 0 ] INFO  ratis.XceiverServerRatis (XceiverServerRatis.java:start(458)) - Starting XceiverServerRatis 2ede91c2-32fe-4bb4-920b-e41603f7020f at port 0
2021-02-05 13:31:39,819 [EndpointStateMachine task thread for /0.0.0.0:40337 - 0 ] INFO  server.RaftServer (RaftServerProxy.java:lambda$start$5(374)) - 2ede91c2-32fe-4bb4-920b-e41603f7020f: start RPC server
2021-02-05 13:31:39,820 [EndpointStateMachine task thread for /0.0.0.0:40337 - 0 ] INFO  server.GrpcService (GrpcService.java:startImpl(253)) - 2ede91c2-32fe-4bb4-920b-e41603f7020f: GrpcService started, listening on 41897
2021-02-05 13:31:39,820 [EndpointStateMachine task thread for /0.0.0.0:40337 - 0 ] INFO  ratis.XceiverServerRatis (XceiverServerRatis.java:start(470)) - XceiverServerRatis 2ede91c2-32fe-4bb4-920b-e41603f7020f is started using port 41897
2021-02-05 13:31:39,820 [org.apache.ratis.util.JvmPauseMonitor$$Lambda$504/1608512753@64803dbf] INFO  util.JvmPauseMonitor (JvmPauseMonitor.java:run(103)) - JvmPauseMonitor-2ede91c2-32fe-4bb4-920b-e41603f7020f: Started
2021-02-05 13:31:39,821 [EndpointStateMachine task thread for /0.0.0.0:40337 - 0 ] INFO  server.XceiverServerGrpc (XceiverServerGrpc.java:start(135)) - XceiverServerGrpc 2ede91c2-32fe-4bb4-920b-e41603f7020f is started using port 38175
2021-02-05 13:31:40,159 [EndpointStateMachine task thread for /0.0.0.0:40337 - 0 ] INFO  ozoneimpl.OzoneContainer (OzoneContainer.java:start(255)) - Attempting to start container services.
2021-02-05 13:31:40,159 [EndpointStateMachine task thread for /0.0.0.0:40337 - 0 ] INFO  ozoneimpl.OzoneContainer (OzoneContainer.java:startContainerScrub(219)) - Background container scanner has been disabled.
2021-02-05 13:31:40,160 [EndpointStateMachine task thread for /0.0.0.0:40337 - 0 ] INFO  replication.ReplicationServer (ReplicationServer.java:start(106)) - ReplicationServer is started using port 42767
2021-02-05 13:31:40,160 [EndpointStateMachine task thread for /0.0.0.0:40337 - 0 ] INFO  ratis.XceiverServerRatis (XceiverServerRatis.java:start(458)) - Starting XceiverServerRatis 642d0014-1bde-428b-b06d-30c9ab67a786 at port 0
2021-02-05 13:31:40,160 [EndpointStateMachine task thread for /0.0.0.0:40337 - 0 ] INFO  server.RaftServer (RaftServerProxy.java:lambda$start$5(374)) - 642d0014-1bde-428b-b06d-30c9ab67a786: start RPC server
2021-02-05 13:31:40,160 [EndpointStateMachine task thread for /0.0.0.0:40337 - 0 ] INFO  server.GrpcService (GrpcService.java:startImpl(253)) - 642d0014-1bde-428b-b06d-30c9ab67a786: GrpcService started, listening on 39473
2021-02-05 13:31:40,161 [EndpointStateMachine task thread for /0.0.0.0:40337 - 0 ] INFO  ratis.XceiverServerRatis (XceiverServerRatis.java:start(470)) - XceiverServerRatis 642d0014-1bde-428b-b06d-30c9ab67a786 is started using port 39473
2021-02-05 13:31:40,161 [org.apache.ratis.util.JvmPauseMonitor$$Lambda$504/1608512753@550d8c25] INFO  util.JvmPauseMonitor (JvmPauseMonitor.java:run(103)) - JvmPauseMonitor-642d0014-1bde-428b-b06d-30c9ab67a786: Started
2021-02-05 13:31:40,162 [EndpointStateMachine task thread for /0.0.0.0:40337 - 0 ] INFO  server.XceiverServerGrpc (XceiverServerGrpc.java:start(135)) - XceiverServerGrpc 642d0014-1bde-428b-b06d-30c9ab67a786 is started using port 33513
2021-02-05 13:31:40,345 [EndpointStateMachine task thread for /0.0.0.0:40337 - 0 ] INFO  ozoneimpl.OzoneContainer (OzoneContainer.java:start(255)) - Attempting to start container services.
2021-02-05 13:31:40,345 [EndpointStateMachine task thread for /0.0.0.0:40337 - 0 ] INFO  ozoneimpl.OzoneContainer (OzoneContainer.java:startContainerScrub(219)) - Background container scanner has been disabled.
2021-02-05 13:31:40,346 [EndpointStateMachine task thread for /0.0.0.0:40337 - 0 ] INFO  replication.ReplicationServer (ReplicationServer.java:start(106)) - ReplicationServer is started using port 33517
2021-02-05 13:31:40,346 [EndpointStateMachine task thread for /0.0.0.0:40337 - 0 ] INFO  ratis.XceiverServerRatis (XceiverServerRatis.java:start(458)) - Starting XceiverServerRatis 2218627d-9616-4ee5-9949-877c53e44591 at port 0
2021-02-05 13:31:40,347 [EndpointStateMachine task thread for /0.0.0.0:40337 - 0 ] INFO  server.RaftServer (RaftServerProxy.java:lambda$start$5(374)) - 2218627d-9616-4ee5-9949-877c53e44591: start RPC server
2021-02-05 13:31:40,347 [EndpointStateMachine task thread for /0.0.0.0:40337 - 0 ] INFO  server.GrpcService (GrpcService.java:startImpl(253)) - 2218627d-9616-4ee5-9949-877c53e44591: GrpcService started, listening on 40851
2021-02-05 13:31:40,347 [EndpointStateMachine task thread for /0.0.0.0:40337 - 0 ] INFO  ratis.XceiverServerRatis (XceiverServerRatis.java:start(470)) - XceiverServerRatis 2218627d-9616-4ee5-9949-877c53e44591 is started using port 40851
2021-02-05 13:31:40,347 [org.apache.ratis.util.JvmPauseMonitor$$Lambda$504/1608512753@46b80fd3] INFO  util.JvmPauseMonitor (JvmPauseMonitor.java:run(103)) - JvmPauseMonitor-2218627d-9616-4ee5-9949-877c53e44591: Started
2021-02-05 13:31:40,350 [EndpointStateMachine task thread for /0.0.0.0:40337 - 0 ] INFO  server.XceiverServerGrpc (XceiverServerGrpc.java:start(135)) - XceiverServerGrpc 2218627d-9616-4ee5-9949-877c53e44591 is started using port 39997
2021-02-05 13:31:40,555 [EndpointStateMachine task thread for /0.0.0.0:40337 - 0 ] INFO  ozoneimpl.OzoneContainer (OzoneContainer.java:start(255)) - Attempting to start container services.
2021-02-05 13:31:40,555 [EndpointStateMachine task thread for /0.0.0.0:40337 - 0 ] INFO  ozoneimpl.OzoneContainer (OzoneContainer.java:startContainerScrub(219)) - Background container scanner has been disabled.
2021-02-05 13:31:40,556 [EndpointStateMachine task thread for /0.0.0.0:40337 - 0 ] INFO  replication.ReplicationServer (ReplicationServer.java:start(106)) - ReplicationServer is started using port 39017
2021-02-05 13:31:40,556 [EndpointStateMachine task thread for /0.0.0.0:40337 - 0 ] INFO  ratis.XceiverServerRatis (XceiverServerRatis.java:start(458)) - Starting XceiverServerRatis 84a23ac6-72e6-48f0-84ab-0e5b98bf0c8b at port 0
2021-02-05 13:31:40,560 [EndpointStateMachine task thread for /0.0.0.0:40337 - 0 ] INFO  server.RaftServer (RaftServerProxy.java:lambda$start$5(374)) - 84a23ac6-72e6-48f0-84ab-0e5b98bf0c8b: start RPC server
2021-02-05 13:31:40,561 [EndpointStateMachine task thread for /0.0.0.0:40337 - 0 ] INFO  server.GrpcService (GrpcService.java:startImpl(253)) - 84a23ac6-72e6-48f0-84ab-0e5b98bf0c8b: GrpcService started, listening on 36963
2021-02-05 13:31:40,561 [EndpointStateMachine task thread for /0.0.0.0:40337 - 0 ] INFO  ratis.XceiverServerRatis (XceiverServerRatis.java:start(470)) - XceiverServerRatis 84a23ac6-72e6-48f0-84ab-0e5b98bf0c8b is started using port 36963
2021-02-05 13:31:40,561 [org.apache.ratis.util.JvmPauseMonitor$$Lambda$504/1608512753@4f023fca] INFO  util.JvmPauseMonitor (JvmPauseMonitor.java:run(103)) - JvmPauseMonitor-84a23ac6-72e6-48f0-84ab-0e5b98bf0c8b: Started
2021-02-05 13:31:40,561 [EndpointStateMachine task thread for /0.0.0.0:40337 - 0 ] INFO  server.XceiverServerGrpc (XceiverServerGrpc.java:start(135)) - XceiverServerGrpc 84a23ac6-72e6-48f0-84ab-0e5b98bf0c8b is started using port 37645
2021-02-05 13:31:40,723 [Listener at 127.0.0.1/37659] INFO  ozone.MiniOzoneClusterImpl (MiniOzoneClusterImpl.java:lambda$waitForClusterToBeReady$0(179)) - Waiting for nodes to be ready. Got 0 of 9 DN Heartbeats.
2021-02-05 13:31:40,723 [Listener at 127.0.0.1/37659] INFO  ozone.MiniOzoneClusterImpl (MiniOzoneClusterImpl.java:lambda$waitForClusterToBeReady$0(182)) - Waiting for cluster to exit safe mode
2021-02-05 13:31:40,725 [EndpointStateMachine task thread for /0.0.0.0:40337 - 0 ] INFO  ozoneimpl.OzoneContainer (OzoneContainer.java:start(255)) - Attempting to start container services.
2021-02-05 13:31:40,725 [EndpointStateMachine task thread for /0.0.0.0:40337 - 0 ] INFO  ozoneimpl.OzoneContainer (OzoneContainer.java:startContainerScrub(219)) - Background container scanner has been disabled.
2021-02-05 13:31:40,726 [EndpointStateMachine task thread for /0.0.0.0:40337 - 0 ] INFO  replication.ReplicationServer (ReplicationServer.java:start(106)) - ReplicationServer is started using port 38197
2021-02-05 13:31:40,726 [EndpointStateMachine task thread for /0.0.0.0:40337 - 0 ] INFO  ratis.XceiverServerRatis (XceiverServerRatis.java:start(458)) - Starting XceiverServerRatis b68d5162-d56d-447f-8d08-327553c4f8b7 at port 0
2021-02-05 13:31:40,726 [EndpointStateMachine task thread for /0.0.0.0:40337 - 0 ] INFO  server.RaftServer (RaftServerProxy.java:lambda$start$5(374)) - b68d5162-d56d-447f-8d08-327553c4f8b7: start RPC server
2021-02-05 13:31:40,726 [EndpointStateMachine task thread for /0.0.0.0:40337 - 0 ] INFO  server.GrpcService (GrpcService.java:startImpl(253)) - b68d5162-d56d-447f-8d08-327553c4f8b7: GrpcService started, listening on 36483
2021-02-05 13:31:40,727 [EndpointStateMachine task thread for /0.0.0.0:40337 - 0 ] INFO  ratis.XceiverServerRatis (XceiverServerRatis.java:start(470)) - XceiverServerRatis b68d5162-d56d-447f-8d08-327553c4f8b7 is started using port 36483
2021-02-05 13:31:40,727 [org.apache.ratis.util.JvmPauseMonitor$$Lambda$504/1608512753@5f482693] INFO  util.JvmPauseMonitor (JvmPauseMonitor.java:run(103)) - JvmPauseMonitor-b68d5162-d56d-447f-8d08-327553c4f8b7: Started
2021-02-05 13:31:40,728 [EndpointStateMachine task thread for /0.0.0.0:40337 - 0 ] INFO  server.XceiverServerGrpc (XceiverServerGrpc.java:start(135)) - XceiverServerGrpc b68d5162-d56d-447f-8d08-327553c4f8b7 is started using port 43441
2021-02-05 13:31:41,066 [IPC Server handler 2 on default port 40337] INFO  net.NetworkTopologyImpl (NetworkTopologyImpl.java:add(111)) - Added a new node: /default-rack/a9448078-34fe-435b-8f34-59bdbb0249c7
2021-02-05 13:31:41,067 [IPC Server handler 2 on default port 40337] INFO  node.SCMNodeManager (SCMNodeManager.java:register(341)) - Registered Data node : a9448078-34fe-435b-8f34-59bdbb0249c7{ip: 172.17.0.2, host: c72a3e6d1148, ports: [REPLICATION=38151, RATIS=33155, STANDALONE=42513], networkLocation: /default-rack, certSerialId: null, persistedOpState: null, persistedOpStateExpiryEpochSec: 0}
2021-02-05 13:31:41,067 [RatisPipelineUtilsThread] INFO  pipeline.RatisPipelineProvider (RatisPipelineProvider.java:lambda$create$0(161)) - Sending CreatePipelineCommand for pipeline:PipelineID=b8558157-3b7d-48f1-b562-c591abad571f to datanode:a9448078-34fe-435b-8f34-59bdbb0249c7
2021-02-05 13:31:41,069 [EventQueue-NodeRegistrationContainerReportForContainerSafeModeRule] INFO  safemode.SCMSafeModeManager (SCMSafeModeManager.java:validateSafeModeExitRules(214)) - ContainerSafeModeRule rule is successfully validated
2021-02-05 13:31:41,069 [RatisPipelineUtilsThread] INFO  pipeline.PipelineStateManager (PipelineStateManager.java:addPipeline(54)) - Created pipeline Pipeline[ Id: b8558157-3b7d-48f1-b562-c591abad571f, Nodes: a9448078-34fe-435b-8f34-59bdbb0249c7{ip: 172.17.0.2, host: c72a3e6d1148, ports: [REPLICATION=38151, RATIS=33155, STANDALONE=42513], networkLocation: /default-rack, certSerialId: null, persistedOpState: IN_SERVICE, persistedOpStateExpiryEpochSec: 0}, Type:RATIS, Factor:ONE, State:ALLOCATED, leaderId:, CreationTimestamp2021-02-05T13:31:41.067Z]
2021-02-05 13:31:41,069 [EventQueue-NodeRegistrationContainerReportForDataNodeSafeModeRule] INFO  safemode.SCMSafeModeManager (DataNodeSafeModeRule.java:process(71)) - SCM in safe mode. 1 DataNodes registered, 1 required.
2021-02-05 13:31:41,070 [EventQueue-NodeRegistrationContainerReportForDataNodeSafeModeRule] INFO  safemode.SCMSafeModeManager (SCMSafeModeManager.java:validateSafeModeExitRules(214)) - DataNodeSafeModeRule rule is successfully validated
2021-02-05 13:31:41,070 [EventQueue-NodeRegistrationContainerReportForDataNodeSafeModeRule] INFO  safemode.SCMSafeModeManager (SCMSafeModeManager.java:completePreCheck(242)) - All SCM safe mode pre check rules have passed
2021-02-05 13:31:41,070 [EventQueue-PipelineReportForOneReplicaPipelineSafeModeRule] INFO  safemode.SCMSafeModeManager (SCMSafeModeManager.java:validateSafeModeExitRules(214)) - AtleastOneDatanodeReportedRule rule is successfully validated
2021-02-05 13:31:41,070 [RatisPipelineUtilsThread] WARN  pipeline.PipelinePlacementPolicy (PipelinePlacementPolicy.java:filterViableNodes(142)) - Pipeline creation failed due to no sufficient healthy datanodes. Required 3. Found 1.
2021-02-05 13:31:41,246 [IPC Server handler 3 on default port 40337] INFO  net.NetworkTopologyImpl (NetworkTopologyImpl.java:add(111)) - Added a new node: /default-rack/9a530726-af8b-4f6c-9588-6c152d944b80
2021-02-05 13:31:41,246 [IPC Server handler 3 on default port 40337] INFO  node.SCMNodeManager (SCMNodeManager.java:register(341)) - Registered Data node : 9a530726-af8b-4f6c-9588-6c152d944b80{ip: 172.17.0.2, host: c72a3e6d1148, ports: [REPLICATION=41095, RATIS=39199, STANDALONE=43691], networkLocation: /default-rack, certSerialId: null, persistedOpState: null, persistedOpStateExpiryEpochSec: 0}
2021-02-05 13:31:41,247 [EventQueue-NodeRegistrationContainerReportForDataNodeSafeModeRule] INFO  safemode.SCMSafeModeManager (SCMSafeModeManager.java:validateSafeModeExitRules(214)) - DataNodeSafeModeRule rule is successfully validated
2021-02-05 13:31:41,247 [EventQueue-PipelineReportForOneReplicaPipelineSafeModeRule] INFO  safemode.SCMSafeModeManager (SCMSafeModeManager.java:validateSafeModeExitRules(214)) - AtleastOneDatanodeReportedRule rule is successfully validated
2021-02-05 13:31:41,247 [EventQueue-NodeRegistrationContainerReportForContainerSafeModeRule] INFO  safemode.SCMSafeModeManager (SCMSafeModeManager.java:validateSafeModeExitRules(214)) - ContainerSafeModeRule rule is successfully validated
2021-02-05 13:31:41,248 [RatisPipelineUtilsThread] INFO  pipeline.RatisPipelineProvider (RatisPipelineProvider.java:lambda$create$0(161)) - Sending CreatePipelineCommand for pipeline:PipelineID=6b250211-89e4-48ac-87b7-f3db70997635 to datanode:9a530726-af8b-4f6c-9588-6c152d944b80
2021-02-05 13:31:41,248 [RatisPipelineUtilsThread] INFO  pipeline.PipelineStateManager (PipelineStateManager.java:addPipeline(54)) - Created pipeline Pipeline[ Id: 6b250211-89e4-48ac-87b7-f3db70997635, Nodes: 9a530726-af8b-4f6c-9588-6c152d944b80{ip: 172.17.0.2, host: c72a3e6d1148, ports: [REPLICATION=41095, RATIS=39199, STANDALONE=43691], networkLocation: /default-rack, certSerialId: null, persistedOpState: IN_SERVICE, persistedOpStateExpiryEpochSec: 0}, Type:RATIS, Factor:ONE, State:ALLOCATED, leaderId:, CreationTimestamp2021-02-05T13:31:41.248Z]
2021-02-05 13:31:41,249 [RatisPipelineUtilsThread] WARN  pipeline.PipelinePlacementPolicy (PipelinePlacementPolicy.java:filterViableNodes(142)) - Pipeline creation failed due to no sufficient healthy datanodes. Required 3. Found 2.
2021-02-05 13:31:41,431 [IPC Server handler 5 on default port 40337] INFO  net.NetworkTopologyImpl (NetworkTopologyImpl.java:add(111)) - Added a new node: /default-rack/a4acbc3e-e00f-4d43-961e-4e2aff2ce09e
2021-02-05 13:31:41,431 [IPC Server handler 5 on default port 40337] INFO  node.SCMNodeManager (SCMNodeManager.java:register(341)) - Registered Data node : a4acbc3e-e00f-4d43-961e-4e2aff2ce09e{ip: 172.17.0.2, host: c72a3e6d1148, ports: [REPLICATION=36003, RATIS=45209, STANDALONE=40147], networkLocation: /default-rack, certSerialId: null, persistedOpState: null, persistedOpStateExpiryEpochSec: 0}
2021-02-05 13:31:41,431 [EventQueue-NodeRegistrationContainerReportForDataNodeSafeModeRule] INFO  safemode.SCMSafeModeManager (SCMSafeModeManager.java:validateSafeModeExitRules(214)) - DataNodeSafeModeRule rule is successfully validated
2021-02-05 13:31:41,432 [RatisPipelineUtilsThread] INFO  pipeline.RatisPipelineProvider (RatisPipelineProvider.java:lambda$create$0(161)) - Sending CreatePipelineCommand for pipeline:PipelineID=bd198e90-b01e-48e3-9a05-852ff7b1de9b to datanode:a4acbc3e-e00f-4d43-961e-4e2aff2ce09e
2021-02-05 13:31:41,432 [RatisPipelineUtilsThread] INFO  pipeline.PipelineStateManager (PipelineStateManager.java:addPipeline(54)) - Created pipeline Pipeline[ Id: bd198e90-b01e-48e3-9a05-852ff7b1de9b, Nodes: a4acbc3e-e00f-4d43-961e-4e2aff2ce09e{ip: 172.17.0.2, host: c72a3e6d1148, ports: [REPLICATION=36003, RATIS=45209, STANDALONE=40147], networkLocation: /default-rack, certSerialId: null, persistedOpState: IN_SERVICE, persistedOpStateExpiryEpochSec: 0}, Type:RATIS, Factor:ONE, State:ALLOCATED, leaderId:, CreationTimestamp2021-02-05T13:31:41.432Z]
2021-02-05 13:31:41,432 [RatisPipelineUtilsThread] INFO  pipeline.RatisPipelineProvider (RatisPipelineProvider.java:lambda$create$0(161)) - Sending CreatePipelineCommand for pipeline:PipelineID=0212408e-bf39-46ba-be38-cbe835c2428b to datanode:a9448078-34fe-435b-8f34-59bdbb0249c7
2021-02-05 13:31:41,432 [RatisPipelineUtilsThread] INFO  pipeline.RatisPipelineProvider (RatisPipelineProvider.java:lambda$create$0(161)) - Sending CreatePipelineCommand for pipeline:PipelineID=0212408e-bf39-46ba-be38-cbe835c2428b to datanode:a4acbc3e-e00f-4d43-961e-4e2aff2ce09e
2021-02-05 13:31:41,432 [RatisPipelineUtilsThread] INFO  pipeline.RatisPipelineProvider (RatisPipelineProvider.java:lambda$create$0(161)) - Sending CreatePipelineCommand for pipeline:PipelineID=0212408e-bf39-46ba-be38-cbe835c2428b to datanode:9a530726-af8b-4f6c-9588-6c152d944b80
2021-02-05 13:31:41,433 [RatisPipelineUtilsThread] INFO  pipeline.PipelineStateManager (PipelineStateManager.java:addPipeline(54)) - Created pipeline Pipeline[ Id: 0212408e-bf39-46ba-be38-cbe835c2428b, Nodes: a9448078-34fe-435b-8f34-59bdbb0249c7{ip: 172.17.0.2, host: c72a3e6d1148, ports: [REPLICATION=38151, RATIS=33155, STANDALONE=42513], networkLocation: /default-rack, certSerialId: null, persistedOpState: IN_SERVICE, persistedOpStateExpiryEpochSec: 0}a4acbc3e-e00f-4d43-961e-4e2aff2ce09e{ip: 172.17.0.2, host: c72a3e6d1148, ports: [REPLICATION=36003, RATIS=45209, STANDALONE=40147], networkLocation: /default-rack, certSerialId: null, persistedOpState: IN_SERVICE, persistedOpStateExpiryEpochSec: 0}9a530726-af8b-4f6c-9588-6c152d944b80{ip: 172.17.0.2, host: c72a3e6d1148, ports: [REPLICATION=41095, RATIS=39199, STANDALONE=43691], networkLocation: /default-rack, certSerialId: null, persistedOpState: IN_SERVICE, persistedOpStateExpiryEpochSec: 0}, Type:RATIS, Factor:THREE, State:ALLOCATED, leaderId:, CreationTimestamp2021-02-05T13:31:41.432Z]
2021-02-05 13:31:41,433 [EventQueue-PipelineReportForOneReplicaPipelineSafeModeRule] INFO  safemode.SCMSafeModeManager (SCMSafeModeManager.java:validateSafeModeExitRules(214)) - AtleastOneDatanodeReportedRule rule is successfully validated
2021-02-05 13:31:41,433 [EventQueue-NodeRegistrationContainerReportForContainerSafeModeRule] INFO  safemode.SCMSafeModeManager (SCMSafeModeManager.java:validateSafeModeExitRules(214)) - ContainerSafeModeRule rule is successfully validated
2021-02-05 13:31:41,630 [IPC Server handler 0 on default port 40337] INFO  net.NetworkTopologyImpl (NetworkTopologyImpl.java:add(111)) - Added a new node: /default-rack/5636fed9-8cb9-4b03-9cef-dc5fa3810e57
2021-02-05 13:31:41,630 [IPC Server handler 0 on default port 40337] INFO  node.SCMNodeManager (SCMNodeManager.java:register(341)) - Registered Data node : 5636fed9-8cb9-4b03-9cef-dc5fa3810e57{ip: 172.17.0.2, host: c72a3e6d1148, ports: [REPLICATION=45813, RATIS=46415, STANDALONE=43495], networkLocation: /default-rack, certSerialId: null, persistedOpState: null, persistedOpStateExpiryEpochSec: 0}
2021-02-05 13:31:41,630 [EventQueue-NodeRegistrationContainerReportForDataNodeSafeModeRule] INFO  safemode.SCMSafeModeManager (SCMSafeModeManager.java:validateSafeModeExitRules(214)) - DataNodeSafeModeRule rule is successfully validated
2021-02-05 13:31:41,630 [RatisPipelineUtilsThread] INFO  pipeline.RatisPipelineProvider (RatisPipelineProvider.java:lambda$create$0(161)) - Sending CreatePipelineCommand for pipeline:PipelineID=57268257-d7a8-4904-b877-3bd005778729 to datanode:5636fed9-8cb9-4b03-9cef-dc5fa3810e57
2021-02-05 13:31:41,630 [EventQueue-PipelineReportForOneReplicaPipelineSafeModeRule] INFO  safemode.SCMSafeModeManager (SCMSafeModeManager.java:validateSafeModeExitRules(214)) - AtleastOneDatanodeReportedRule rule is successfully validated
2021-02-05 13:31:41,631 [EventQueue-NodeRegistrationContainerReportForContainerSafeModeRule] INFO  safemode.SCMSafeModeManager (SCMSafeModeManager.java:validateSafeModeExitRules(214)) - ContainerSafeModeRule rule is successfully validated
2021-02-05 13:31:41,631 [RatisPipelineUtilsThread] INFO  pipeline.PipelineStateManager (PipelineStateManager.java:addPipeline(54)) - Created pipeline Pipeline[ Id: 57268257-d7a8-4904-b877-3bd005778729, Nodes: 5636fed9-8cb9-4b03-9cef-dc5fa3810e57{ip: 172.17.0.2, host: c72a3e6d1148, ports: [REPLICATION=45813, RATIS=46415, STANDALONE=43495], networkLocation: /default-rack, certSerialId: null, persistedOpState: IN_SERVICE, persistedOpStateExpiryEpochSec: 0}, Type:RATIS, Factor:ONE, State:ALLOCATED, leaderId:, CreationTimestamp2021-02-05T13:31:41.630Z]
2021-02-05 13:31:41,723 [Listener at 127.0.0.1/37659] INFO  ozone.MiniOzoneClusterImpl (MiniOzoneClusterImpl.java:lambda$waitForClusterToBeReady$0(179)) - Waiting for nodes to be ready. Got 4 of 9 DN Heartbeats.
2021-02-05 13:31:41,723 [Listener at 127.0.0.1/37659] INFO  ozone.MiniOzoneClusterImpl (MiniOzoneClusterImpl.java:lambda$waitForClusterToBeReady$0(182)) - Waiting for cluster to exit safe mode
2021-02-05 13:31:41,817 [IPC Server handler 2 on default port 40337] INFO  net.NetworkTopologyImpl (NetworkTopologyImpl.java:add(111)) - Added a new node: /default-rack/2ede91c2-32fe-4bb4-920b-e41603f7020f
2021-02-05 13:31:41,817 [IPC Server handler 2 on default port 40337] INFO  node.SCMNodeManager (SCMNodeManager.java:register(341)) - Registered Data node : 2ede91c2-32fe-4bb4-920b-e41603f7020f{ip: 172.17.0.2, host: c72a3e6d1148, ports: [REPLICATION=45859, RATIS=41897, STANDALONE=38175], networkLocation: /default-rack, certSerialId: null, persistedOpState: null, persistedOpStateExpiryEpochSec: 0}
2021-02-05 13:31:41,817 [EventQueue-NodeRegistrationContainerReportForContainerSafeModeRule] INFO  safemode.SCMSafeModeManager (SCMSafeModeManager.java:validateSafeModeExitRules(214)) - ContainerSafeModeRule rule is successfully validated
2021-02-05 13:31:41,817 [EventQueue-NodeRegistrationContainerReportForDataNodeSafeModeRule] INFO  safemode.SCMSafeModeManager (SCMSafeModeManager.java:validateSafeModeExitRules(214)) - DataNodeSafeModeRule rule is successfully validated
2021-02-05 13:31:41,818 [EventQueue-PipelineReportForOneReplicaPipelineSafeModeRule] INFO  safemode.SCMSafeModeManager (SCMSafeModeManager.java:validateSafeModeExitRules(214)) - AtleastOneDatanodeReportedRule rule is successfully validated
2021-02-05 13:31:41,818 [RatisPipelineUtilsThread] INFO  pipeline.RatisPipelineProvider (RatisPipelineProvider.java:lambda$create$0(161)) - Sending CreatePipelineCommand for pipeline:PipelineID=b674e420-9ed4-4169-a780-6c9d51b834bf to datanode:2ede91c2-32fe-4bb4-920b-e41603f7020f
2021-02-05 13:31:41,819 [RatisPipelineUtilsThread] INFO  pipeline.PipelineStateManager (PipelineStateManager.java:addPipeline(54)) - Created pipeline Pipeline[ Id: b674e420-9ed4-4169-a780-6c9d51b834bf, Nodes: 2ede91c2-32fe-4bb4-920b-e41603f7020f{ip: 172.17.0.2, host: c72a3e6d1148, ports: [REPLICATION=45859, RATIS=41897, STANDALONE=38175], networkLocation: /default-rack, certSerialId: null, persistedOpState: IN_SERVICE, persistedOpStateExpiryEpochSec: 0}, Type:RATIS, Factor:ONE, State:ALLOCATED, leaderId:, CreationTimestamp2021-02-05T13:31:41.818Z]
2021-02-05 13:31:42,158 [IPC Server handler 3 on default port 40337] INFO  net.NetworkTopologyImpl (NetworkTopologyImpl.java:add(111)) - Added a new node: /default-rack/642d0014-1bde-428b-b06d-30c9ab67a786
2021-02-05 13:31:42,158 [IPC Server handler 3 on default port 40337] INFO  node.SCMNodeManager (SCMNodeManager.java:register(341)) - Registered Data node : 642d0014-1bde-428b-b06d-30c9ab67a786{ip: 172.17.0.2, host: c72a3e6d1148, ports: [REPLICATION=42767, RATIS=39473, STANDALONE=33513], networkLocation: /default-rack, certSerialId: null, persistedOpState: null, persistedOpStateExpiryEpochSec: 0}
2021-02-05 13:31:42,158 [EventQueue-NodeRegistrationContainerReportForContainerSafeModeRule] INFO  safemode.SCMSafeModeManager (SCMSafeModeManager.java:validateSafeModeExitRules(214)) - ContainerSafeModeRule rule is successfully validated
2021-02-05 13:31:42,158 [EventQueue-NodeRegistrationContainerReportForDataNodeSafeModeRule] INFO  safemode.SCMSafeModeManager (SCMSafeModeManager.java:validateSafeModeExitRules(214)) - DataNodeSafeModeRule rule is successfully validated
2021-02-05 13:31:42,158 [EventQueue-PipelineReportForOneReplicaPipelineSafeModeRule] INFO  safemode.SCMSafeModeManager (SCMSafeModeManager.java:validateSafeModeExitRules(214)) - AtleastOneDatanodeReportedRule rule is successfully validated
2021-02-05 13:31:42,159 [RatisPipelineUtilsThread] INFO  pipeline.RatisPipelineProvider (RatisPipelineProvider.java:lambda$create$0(161)) - Sending CreatePipelineCommand for pipeline:PipelineID=4079fb4f-975f-4e1b-89da-9f271643bac2 to datanode:642d0014-1bde-428b-b06d-30c9ab67a786
2021-02-05 13:31:42,159 [RatisPipelineUtilsThread] INFO  pipeline.PipelineStateManager (PipelineStateManager.java:addPipeline(54)) - Created pipeline Pipeline[ Id: 4079fb4f-975f-4e1b-89da-9f271643bac2, Nodes: 642d0014-1bde-428b-b06d-30c9ab67a786{ip: 172.17.0.2, host: c72a3e6d1148, ports: [REPLICATION=42767, RATIS=39473, STANDALONE=33513], networkLocation: /default-rack, certSerialId: null, persistedOpState: IN_SERVICE, persistedOpStateExpiryEpochSec: 0}, Type:RATIS, Factor:ONE, State:ALLOCATED, leaderId:, CreationTimestamp2021-02-05T13:31:42.159Z]
2021-02-05 13:31:42,160 [RatisPipelineUtilsThread] INFO  pipeline.RatisPipelineProvider (RatisPipelineProvider.java:lambda$create$0(161)) - Sending CreatePipelineCommand for pipeline:PipelineID=57f19455-4f3d-4583-bd81-1f920d138c37 to datanode:2ede91c2-32fe-4bb4-920b-e41603f7020f
2021-02-05 13:31:42,160 [RatisPipelineUtilsThread] INFO  pipeline.RatisPipelineProvider (RatisPipelineProvider.java:lambda$create$0(161)) - Sending CreatePipelineCommand for pipeline:PipelineID=57f19455-4f3d-4583-bd81-1f920d138c37 to datanode:5636fed9-8cb9-4b03-9cef-dc5fa3810e57
2021-02-05 13:31:42,160 [RatisPipelineUtilsThread] INFO  pipeline.RatisPipelineProvider (RatisPipelineProvider.java:lambda$create$0(161)) - Sending CreatePipelineCommand for pipeline:PipelineID=57f19455-4f3d-4583-bd81-1f920d138c37 to datanode:642d0014-1bde-428b-b06d-30c9ab67a786
2021-02-05 13:31:42,160 [RatisPipelineUtilsThread] INFO  pipeline.PipelineStateManager (PipelineStateManager.java:addPipeline(54)) - Created pipeline Pipeline[ Id: 57f19455-4f3d-4583-bd81-1f920d138c37, Nodes: 2ede91c2-32fe-4bb4-920b-e41603f7020f{ip: 172.17.0.2, host: c72a3e6d1148, ports: [REPLICATION=45859, RATIS=41897, STANDALONE=38175], networkLocation: /default-rack, certSerialId: null, persistedOpState: IN_SERVICE, persistedOpStateExpiryEpochSec: 0}5636fed9-8cb9-4b03-9cef-dc5fa3810e57{ip: 172.17.0.2, host: c72a3e6d1148, ports: [REPLICATION=45813, RATIS=46415, STANDALONE=43495], networkLocation: /default-rack, certSerialId: null, persistedOpState: IN_SERVICE, persistedOpStateExpiryEpochSec: 0}642d0014-1bde-428b-b06d-30c9ab67a786{ip: 172.17.0.2, host: c72a3e6d1148, ports: [REPLICATION=42767, RATIS=39473, STANDALONE=33513], networkLocation: /default-rack, certSerialId: null, persistedOpState: IN_SERVICE, persistedOpStateExpiryEpochSec: 0}, Type:RATIS, Factor:THREE, State:ALLOCATED, leaderId:, CreationTimestamp2021-02-05T13:31:42.160Z]
2021-02-05 13:31:42,342 [IPC Server handler 5 on default port 40337] INFO  net.NetworkTopologyImpl (NetworkTopologyImpl.java:add(111)) - Added a new node: /default-rack/2218627d-9616-4ee5-9949-877c53e44591
2021-02-05 13:31:42,342 [IPC Server handler 5 on default port 40337] INFO  node.SCMNodeManager (SCMNodeManager.java:register(341)) - Registered Data node : 2218627d-9616-4ee5-9949-877c53e44591{ip: 172.17.0.2, host: c72a3e6d1148, ports: [REPLICATION=33517, RATIS=40851, STANDALONE=39997], networkLocation: /default-rack, certSerialId: null, persistedOpState: null, persistedOpStateExpiryEpochSec: 0}
2021-02-05 13:31:42,342 [EventQueue-NodeRegistrationContainerReportForContainerSafeModeRule] INFO  safemode.SCMSafeModeManager (SCMSafeModeManager.java:validateSafeModeExitRules(214)) - ContainerSafeModeRule rule is successfully validated
2021-02-05 13:31:42,342 [EventQueue-NodeRegistrationContainerReportForDataNodeSafeModeRule] INFO  safemode.SCMSafeModeManager (SCMSafeModeManager.java:validateSafeModeExitRules(214)) - DataNodeSafeModeRule rule is successfully validated
2021-02-05 13:31:42,343 [EventQueue-PipelineReportForOneReplicaPipelineSafeModeRule] INFO  safemode.SCMSafeModeManager (SCMSafeModeManager.java:validateSafeModeExitRules(214)) - AtleastOneDatanodeReportedRule rule is successfully validated
2021-02-05 13:31:42,343 [RatisPipelineUtilsThread] INFO  pipeline.RatisPipelineProvider (RatisPipelineProvider.java:lambda$create$0(161)) - Sending CreatePipelineCommand for pipeline:PipelineID=dd8afb14-ced1-4099-a770-47e8f16ca123 to datanode:2218627d-9616-4ee5-9949-877c53e44591
2021-02-05 13:31:42,344 [RatisPipelineUtilsThread] INFO  pipeline.PipelineStateManager (PipelineStateManager.java:addPipeline(54)) - Created pipeline Pipeline[ Id: dd8afb14-ced1-4099-a770-47e8f16ca123, Nodes: 2218627d-9616-4ee5-9949-877c53e44591{ip: 172.17.0.2, host: c72a3e6d1148, ports: [REPLICATION=33517, RATIS=40851, STANDALONE=39997], networkLocation: /default-rack, certSerialId: null, persistedOpState: IN_SERVICE, persistedOpStateExpiryEpochSec: 0}, Type:RATIS, Factor:ONE, State:ALLOCATED, leaderId:, CreationTimestamp2021-02-05T13:31:42.343Z]
2021-02-05 13:31:42,554 [IPC Server handler 4 on default port 40337] INFO  net.NetworkTopologyImpl (NetworkTopologyImpl.java:add(111)) - Added a new node: /default-rack/84a23ac6-72e6-48f0-84ab-0e5b98bf0c8b
2021-02-05 13:31:42,554 [IPC Server handler 4 on default port 40337] INFO  node.SCMNodeManager (SCMNodeManager.java:register(341)) - Registered Data node : 84a23ac6-72e6-48f0-84ab-0e5b98bf0c8b{ip: 172.17.0.2, host: c72a3e6d1148, ports: [REPLICATION=39017, RATIS=36963, STANDALONE=37645], networkLocation: /default-rack, certSerialId: null, persistedOpState: null, persistedOpStateExpiryEpochSec: 0}
2021-02-05 13:31:42,554 [EventQueue-NodeRegistrationContainerReportForContainerSafeModeRule] INFO  safemode.SCMSafeModeManager (SCMSafeModeManager.java:validateSafeModeExitRules(214)) - ContainerSafeModeRule rule is successfully validated
2021-02-05 13:31:42,555 [EventQueue-NodeRegistrationContainerReportForDataNodeSafeModeRule] INFO  safemode.SCMSafeModeManager (SCMSafeModeManager.java:validateSafeModeExitRules(214)) - DataNodeSafeModeRule rule is successfully validated
2021-02-05 13:31:42,555 [EventQueue-PipelineReportForOneReplicaPipelineSafeModeRule] INFO  safemode.SCMSafeModeManager (SCMSafeModeManager.java:validateSafeModeExitRules(214)) - AtleastOneDatanodeReportedRule rule is successfully validated
2021-02-05 13:31:42,555 [RatisPipelineUtilsThread] INFO  pipeline.RatisPipelineProvider (RatisPipelineProvider.java:lambda$create$0(161)) - Sending CreatePipelineCommand for pipeline:PipelineID=6a61fbf8-4cbd-46c7-94b8-6de01d8a8f69 to datanode:84a23ac6-72e6-48f0-84ab-0e5b98bf0c8b
2021-02-05 13:31:42,556 [RatisPipelineUtilsThread] INFO  pipeline.PipelineStateManager (PipelineStateManager.java:addPipeline(54)) - Created pipeline Pipeline[ Id: 6a61fbf8-4cbd-46c7-94b8-6de01d8a8f69, Nodes: 84a23ac6-72e6-48f0-84ab-0e5b98bf0c8b{ip: 172.17.0.2, host: c72a3e6d1148, ports: [REPLICATION=39017, RATIS=36963, STANDALONE=37645], networkLocation: /default-rack, certSerialId: null, persistedOpState: IN_SERVICE, persistedOpStateExpiryEpochSec: 0}, Type:RATIS, Factor:ONE, State:ALLOCATED, leaderId:, CreationTimestamp2021-02-05T13:31:42.555Z]
2021-02-05 13:31:42,724 [Listener at 127.0.0.1/37659] INFO  ozone.MiniOzoneClusterImpl (MiniOzoneClusterImpl.java:lambda$waitForClusterToBeReady$0(179)) - Waiting for nodes to be ready. Got 8 of 9 DN Heartbeats.
2021-02-05 13:31:42,724 [Listener at 127.0.0.1/37659] INFO  ozone.MiniOzoneClusterImpl (MiniOzoneClusterImpl.java:lambda$waitForClusterToBeReady$0(182)) - Waiting for cluster to exit safe mode
2021-02-05 13:31:42,724 [IPC Server handler 1 on default port 40337] INFO  net.NetworkTopologyImpl (NetworkTopologyImpl.java:add(111)) - Added a new node: /default-rack/b68d5162-d56d-447f-8d08-327553c4f8b7
2021-02-05 13:31:42,725 [RatisPipelineUtilsThread] INFO  pipeline.RatisPipelineProvider (RatisPipelineProvider.java:lambda$create$0(161)) - Sending CreatePipelineCommand for pipeline:PipelineID=b3e39e0d-eab8-43d8-bcc3-06fd4cecc38c to datanode:b68d5162-d56d-447f-8d08-327553c4f8b7
2021-02-05 13:31:42,726 [RatisPipelineUtilsThread] INFO  pipeline.PipelineStateManager (PipelineStateManager.java:addPipeline(54)) - Created pipeline Pipeline[ Id: b3e39e0d-eab8-43d8-bcc3-06fd4cecc38c, Nodes: b68d5162-d56d-447f-8d08-327553c4f8b7{ip: 172.17.0.2, host: c72a3e6d1148, ports: [REPLICATION=38197, RATIS=36483, STANDALONE=43441], networkLocation: /default-rack, certSerialId: null, persistedOpState: IN_SERVICE, persistedOpStateExpiryEpochSec: 0}, Type:RATIS, Factor:ONE, State:ALLOCATED, leaderId:, CreationTimestamp2021-02-05T13:31:42.725Z]
2021-02-05 13:31:42,726 [RatisPipelineUtilsThread] INFO  pipeline.RatisPipelineProvider (RatisPipelineProvider.java:lambda$create$0(161)) - Sending CreatePipelineCommand for pipeline:PipelineID=ecf58077-afad-40b3-9cf3-f12c99fb9db4 to datanode:b68d5162-d56d-447f-8d08-327553c4f8b7
2021-02-05 13:31:42,726 [RatisPipelineUtilsThread] INFO  pipeline.RatisPipelineProvider (RatisPipelineProvider.java:lambda$create$0(161)) - Sending CreatePipelineCommand for pipeline:PipelineID=ecf58077-afad-40b3-9cf3-f12c99fb9db4 to datanode:84a23ac6-72e6-48f0-84ab-0e5b98bf0c8b
2021-02-05 13:31:42,726 [RatisPipelineUtilsThread] INFO  pipeline.RatisPipelineProvider (RatisPipelineProvider.java:lambda$create$0(161)) - Sending CreatePipelineCommand for pipeline:PipelineID=ecf58077-afad-40b3-9cf3-f12c99fb9db4 to datanode:2218627d-9616-4ee5-9949-877c53e44591
2021-02-05 13:31:42,726 [RatisPipelineUtilsThread] INFO  pipeline.PipelineStateManager (PipelineStateManager.java:addPipeline(54)) - Created pipeline Pipeline[ Id: ecf58077-afad-40b3-9cf3-f12c99fb9db4, Nodes: b68d5162-d56d-447f-8d08-327553c4f8b7{ip: 172.17.0.2, host: c72a3e6d1148, ports: [REPLICATION=38197, RATIS=36483, STANDALONE=43441], networkLocation: /default-rack, certSerialId: null, persistedOpState: IN_SERVICE, persistedOpStateExpiryEpochSec: 0}84a23ac6-72e6-48f0-84ab-0e5b98bf0c8b{ip: 172.17.0.2, host: c72a3e6d1148, ports: [REPLICATION=39017, RATIS=36963, STANDALONE=37645], networkLocation: /default-rack, certSerialId: null, persistedOpState: IN_SERVICE, persistedOpStateExpiryEpochSec: 0}2218627d-9616-4ee5-9949-877c53e44591{ip: 172.17.0.2, host: c72a3e6d1148, ports: [REPLICATION=33517, RATIS=40851, STANDALONE=39997], networkLocation: /default-rack, certSerialId: null, persistedOpState: IN_SERVICE, persistedOpStateExpiryEpochSec: 0}, Type:RATIS, Factor:THREE, State:ALLOCATED, leaderId:, CreationTimestamp2021-02-05T13:31:42.726Z]
2021-02-05 13:31:42,727 [IPC Server handler 1 on default port 40337] INFO  node.SCMNodeManager (SCMNodeManager.java:register(341)) - Registered Data node : b68d5162-d56d-447f-8d08-327553c4f8b7{ip: 172.17.0.2, host: c72a3e6d1148, ports: [REPLICATION=38197, RATIS=36483, STANDALONE=43441], networkLocation: /default-rack, certSerialId: null, persistedOpState: null, persistedOpStateExpiryEpochSec: 0}
2021-02-05 13:31:42,727 [EventQueue-NodeRegistrationContainerReportForContainerSafeModeRule] INFO  safemode.SCMSafeModeManager (SCMSafeModeManager.java:validateSafeModeExitRules(214)) - ContainerSafeModeRule rule is successfully validated
2021-02-05 13:31:42,727 [EventQueue-NodeRegistrationContainerReportForDataNodeSafeModeRule] INFO  safemode.SCMSafeModeManager (SCMSafeModeManager.java:validateSafeModeExitRules(214)) - DataNodeSafeModeRule rule is successfully validated
2021-02-05 13:31:42,727 [EventQueue-PipelineReportForOneReplicaPipelineSafeModeRule] INFO  safemode.SCMSafeModeManager (SCMSafeModeManager.java:validateSafeModeExitRules(214)) - AtleastOneDatanodeReportedRule rule is successfully validated
2021-02-05 13:31:43,724 [Listener at 127.0.0.1/37659] INFO  ozone.MiniOzoneClusterImpl (MiniOzoneClusterImpl.java:lambda$waitForClusterToBeReady$0(179)) - Nodes are ready. Got 9 of 9 DN Heartbeats.
2021-02-05 13:31:43,724 [Listener at 127.0.0.1/37659] INFO  ozone.MiniOzoneClusterImpl (MiniOzoneClusterImpl.java:lambda$waitForClusterToBeReady$0(182)) - Waiting for cluster to exit safe mode
2021-02-05 13:31:44,066 [Command processor thread] INFO  server.RaftServer (RaftServerProxy.java:addNew(95)) - a9448078-34fe-435b-8f34-59bdbb0249c7: addNew group-C591ABAD571F:[a9448078-34fe-435b-8f34-59bdbb0249c7|rpc:172.17.0.2:33155|priority:1] returns group-C591ABAD571F:java.util.concurrent.CompletableFuture@36093342[Not completed]
2021-02-05 13:31:44,067 [pool-233-thread-1] INFO  server.RaftServer$Division (RaftServerImpl.java:<init>(180)) - a9448078-34fe-435b-8f34-59bdbb0249c7: new RaftServerImpl for group-C591ABAD571F:[a9448078-34fe-435b-8f34-59bdbb0249c7|rpc:172.17.0.2:33155|priority:1] with ContainerStateMachine:uninitialized
2021-02-05 13:31:44,067 [pool-233-thread-1] INFO  server.RaftServerConfigKeys (ConfUtils.java:logGet(44)) - raft.server.rpc.timeout.min = 5s (custom)
2021-02-05 13:31:44,068 [pool-233-thread-1] INFO  server.RaftServerConfigKeys (ConfUtils.java:logGet(44)) - raft.server.rpc.timeout.max = 5200ms (custom)
2021-02-05 13:31:44,068 [pool-233-thread-1] INFO  server.RaftServerConfigKeys (ConfUtils.java:logGet(44)) - raft.server.rpc.sleep.time = 25ms (default)
2021-02-05 13:31:44,068 [pool-233-thread-1] INFO  server.RaftServerConfigKeys (ConfUtils.java:logGet(44)) - raft.server.rpc.slowness.timeout = 300000ms (custom)
2021-02-05 13:31:44,068 [pool-233-thread-1] INFO  server.RaftServerConfigKeys (ConfUtils.java:logGet(44)) - raft.server.leaderelection.leader.step-down.wait-time = 10s (default)
2021-02-05 13:31:44,068 [pool-233-thread-1] INFO  server.RaftServerConfigKeys (ConfUtils.java:logGet(44)) - raft.server.sleep.deviation.threshold = 300ms (default)
2021-02-05 13:31:44,068 [pool-233-thread-1] INFO  server.RaftServerConfigKeys (ConfUtils.java:logGet(44)) - raft.server.log.appender.install.snapshot.enabled = false (custom)
2021-02-05 13:31:44,068 [pool-233-thread-1] INFO  server.RaftServer$Division (ServerState.java:<init>(105)) - a9448078-34fe-435b-8f34-59bdbb0249c7@group-C591ABAD571F: ConfigurationManager, init=-1: [a9448078-34fe-435b-8f34-59bdbb0249c7|rpc:172.17.0.2:33155|priority:1], old=null, confs=<EMPTY_MAP>
2021-02-05 13:31:44,068 [pool-233-thread-1] INFO  server.RaftServerConfigKeys (ConfUtils.java:logGet(44)) - raft.server.storage.dir = [/github/workspace/mnt/ozone/hadoop-ozone/integration-test/target/test-dir/MiniOzoneClusterImpl-a92b2b3a-f9aa-4539-be01-238306fe77bb/datanode-0/data/ratis] (custom)
2021-02-05 13:31:44,068 [pool-233-thread-1] INFO  server.RaftServerConfigKeys (ConfUtils.java:logGet(44)) - raft.server.log.corruption.policy = EXCEPTION (default)
2021-02-05 13:31:44,068 [pool-233-thread-1] INFO  storage.RaftStorageDirectory (RaftStorageDirectoryImpl.java:analyzeStorage(132)) - The storage directory /github/workspace/mnt/ozone/hadoop-ozone/integration-test/target/test-dir/MiniOzoneClusterImpl-a92b2b3a-f9aa-4539-be01-238306fe77bb/datanode-0/data/ratis/b8558157-3b7d-48f1-b562-c591abad571f does not exist. Creating ...
2021-02-05 13:31:44,246 [Command processor thread] INFO  server.RaftServer (RaftServerProxy.java:addNew(95)) - 9a530726-af8b-4f6c-9588-6c152d944b80: addNew group-F3DB70997635:[9a530726-af8b-4f6c-9588-6c152d944b80|rpc:172.17.0.2:39199|priority:1] returns group-F3DB70997635:java.util.concurrent.CompletableFuture@7ed8a64[Not completed]
2021-02-05 13:31:44,247 [pool-249-thread-1] INFO  server.RaftServer$Division (RaftServerImpl.java:<init>(180)) - 9a530726-af8b-4f6c-9588-6c152d944b80: new RaftServerImpl for group-F3DB70997635:[9a530726-af8b-4f6c-9588-6c152d944b80|rpc:172.17.0.2:39199|priority:1] with ContainerStateMachine:uninitialized
2021-02-05 13:31:44,247 [pool-249-thread-1] INFO  server.RaftServerConfigKeys (ConfUtils.java:logGet(44)) - raft.server.rpc.timeout.min = 5s (custom)
2021-02-05 13:31:44,248 [pool-249-thread-1] INFO  server.RaftServerConfigKeys (ConfUtils.java:logGet(44)) - raft.server.rpc.timeout.max = 5200ms (custom)
2021-02-05 13:31:44,248 [pool-249-thread-1] INFO  server.RaftServerConfigKeys (ConfUtils.java:logGet(44)) - raft.server.rpc.sleep.time = 25ms (default)
2021-02-05 13:31:44,248 [pool-249-thread-1] INFO  server.RaftServerConfigKeys (ConfUtils.java:logGet(44)) - raft.server.rpc.slowness.timeout = 300000ms (custom)
2021-02-05 13:31:44,248 [pool-249-thread-1] INFO  server.RaftServerConfigKeys (ConfUtils.java:logGet(44)) - raft.server.leaderelection.leader.step-down.wait-time = 10s (default)
2021-02-05 13:31:44,248 [pool-249-thread-1] INFO  server.RaftServerConfigKeys (ConfUtils.java:logGet(44)) - raft.server.sleep.deviation.threshold = 300ms (default)
2021-02-05 13:31:44,248 [pool-249-thread-1] INFO  server.RaftServerConfigKeys (ConfUtils.java:logGet(44)) - raft.server.log.appender.install.snapshot.enabled = false (custom)
2021-02-05 13:31:44,248 [pool-249-thread-1] INFO  server.RaftServer$Division (ServerState.java:<init>(105)) - 9a530726-af8b-4f6c-9588-6c152d944b80@group-F3DB70997635: ConfigurationManager, init=-1: [9a530726-af8b-4f6c-9588-6c152d944b80|rpc:172.17.0.2:39199|priority:1], old=null, confs=<EMPTY_MAP>
2021-02-05 13:31:44,248 [pool-249-thread-1] INFO  server.RaftServerConfigKeys (ConfUtils.java:logGet(44)) - raft.server.storage.dir = [/github/workspace/mnt/ozone/hadoop-ozone/integration-test/target/test-dir/MiniOzoneClusterImpl-a92b2b3a-f9aa-4539-be01-238306fe77bb/datanode-1/data/ratis] (custom)
2021-02-05 13:31:44,248 [pool-249-thread-1] INFO  server.RaftServerConfigKeys (ConfUtils.java:logGet(44)) - raft.server.log.corruption.policy = EXCEPTION (default)
2021-02-05 13:31:44,249 [pool-249-thread-1] INFO  storage.RaftStorageDirectory (RaftStorageDirectoryImpl.java:analyzeStorage(132)) - The storage directory /github/workspace/mnt/ozone/hadoop-ozone/integration-test/target/test-dir/MiniOzoneClusterImpl-a92b2b3a-f9aa-4539-be01-238306fe77bb/datanode-1/data/ratis/6b250211-89e4-48ac-87b7-f3db70997635 does not exist. Creating ...
2021-02-05 13:31:44,424 [pool-249-thread-1] INFO  storage.RaftStorageDirectory (RaftStorageDirectoryImpl.java:tryLock(215)) - Lock on /github/workspace/mnt/ozone/hadoop-ozone/integration-test/target/test-dir/MiniOzoneClusterImpl-a92b2b3a-f9aa-4539-be01-238306fe77bb/datanode-1/data/ratis/6b250211-89e4-48ac-87b7-f3db70997635/in_use.lock acquired by nodename 4634@c72a3e6d1148
2021-02-05 13:31:44,424 [pool-233-thread-1] INFO  storage.RaftStorageDirectory (RaftStorageDirectoryImpl.java:tryLock(215)) - Lock on /github/workspace/mnt/ozone/hadoop-ozone/integration-test/target/test-dir/MiniOzoneClusterImpl-a92b2b3a-f9aa-4539-be01-238306fe77bb/datanode-0/data/ratis/b8558157-3b7d-48f1-b562-c591abad571f/in_use.lock acquired by nodename 4634@c72a3e6d1148
2021-02-05 13:31:44,425 [pool-249-thread-1] INFO  storage.RaftStorage (RaftStorageImpl.java:format(87)) - Storage directory /github/workspace/mnt/ozone/hadoop-ozone/integration-test/target/test-dir/MiniOzoneClusterImpl-a92b2b3a-f9aa-4539-be01-238306fe77bb/datanode-1/data/ratis/6b250211-89e4-48ac-87b7-f3db70997635 has been successfully formatted.
2021-02-05 13:31:44,426 [pool-249-thread-1] INFO  ratis.ContainerStateMachine (ContainerStateMachine.java:loadSnapshot(223)) - group-F3DB70997635: The snapshot info is null. Setting the last applied indexto:(t:0, i:~)
2021-02-05 13:31:44,426 [pool-249-thread-1] ERROR storage.RaftStorage (RaftStorageImpl.java:readRaftConfiguration(147)) - Failed reading configuration from file:/github/workspace/mnt/ozone/hadoop-ozone/integration-test/target/test-dir/MiniOzoneClusterImpl-a92b2b3a-f9aa-4539-be01-238306fe77bb/datanode-1/data/ratis/6b250211-89e4-48ac-87b7-f3db70997635/current/raft-meta.conf
java.io.FileNotFoundException: /github/workspace/mnt/ozone/hadoop-ozone/integration-test/target/test-dir/MiniOzoneClusterImpl-a92b2b3a-f9aa-4539-be01-238306fe77bb/datanode-1/data/ratis/6b250211-89e4-48ac-87b7-f3db70997635/current/raft-meta.conf (No such file or directory)
	at java.io.FileInputStream.open0(Native Method)
	at java.io.FileInputStream.open(FileInputStream.java:195)
	at java.io.FileInputStream.<init>(FileInputStream.java:138)
	at org.apache.ratis.server.storage.RaftStorageImpl.readRaftConfiguration(RaftStorageImpl.java:143)
	at org.apache.ratis.server.impl.ServerState.<init>(ServerState.java:122)
	at org.apache.ratis.server.impl.RaftServerImpl.<init>(RaftServerImpl.java:193)
	at org.apache.ratis.server.impl.RaftServerProxy.lambda$newRaftServerImpl$4(RaftServerProxy.java:266)
	at java.util.concurrent.CompletableFuture$AsyncSupply.run(CompletableFuture.java:1604)
	at java.util.concurrent.ThreadPoolExecutor.runWorker(ThreadPoolExecutor.java:1149)
	at java.util.concurrent.ThreadPoolExecutor$Worker.run(ThreadPoolExecutor.java:624)
	at java.lang.Thread.run(Thread.java:748)
2021-02-05 13:31:44,431 [pool-249-thread-1] INFO  server.RaftServerConfigKeys (ConfUtils.java:logGet(44)) - raft.server.notification.no-leader.timeout = 300000ms (custom)
2021-02-05 13:31:44,432 [pool-249-thread-1] INFO  server.RaftServerConfigKeys (ConfUtils.java:logGet(44)) - raft.server.log.use.memory = false (default)
2021-02-05 13:31:44,433 [pool-249-thread-1] INFO  server.RaftServerConfigKeys (ConfUtils.java:logGet(44)) - raft.server.log.purge.gap = 1000000 (custom)
2021-02-05 13:31:44,433 [pool-249-thread-1] INFO  server.RaftServerConfigKeys (ConfUtils.java:logGet(44)) - raft.server.log.appender.buffer.byte-limit = 33554432 (custom)
2021-02-05 13:31:44,433 [pool-249-thread-1] INFO  metrics.RatisMetrics (RatisMetrics.java:lambda$create$0(36)) - Creating Metrics Registry : ratis.log_worker.9a530726-af8b-4f6c-9588-6c152d944b80@group-F3DB70997635
2021-02-05 13:31:44,433 [pool-249-thread-1] INFO  server.RaftServerConfigKeys (ConfUtils.java:logGet(44)) - raft.server.log.segment.size.max = 1048576 (custom)
2021-02-05 13:31:44,432 [Command processor thread] INFO  server.RaftServer (RaftServerProxy.java:addNew(95)) - a4acbc3e-e00f-4d43-961e-4e2aff2ce09e: addNew group-852FF7B1DE9B:[a4acbc3e-e00f-4d43-961e-4e2aff2ce09e|rpc:172.17.0.2:45209|priority:1] returns group-852FF7B1DE9B:java.util.concurrent.CompletableFuture@13555dc9[Not completed]
2021-02-05 13:31:44,434 [pool-249-thread-1] INFO  server.RaftServerConfigKeys (ConfUtils.java:logGet(44)) - raft.server.log.segment.cache.num.max = 2 (custom)
2021-02-05 13:31:44,434 [pool-249-thread-1] INFO  server.RaftServerConfigKeys (ConfUtils.java:logGet(44)) - raft.server.log.segment.cache.size.max = 200MB (=209715200) (default)
2021-02-05 13:31:44,434 [pool-249-thread-1] INFO  segmented.SegmentedRaftLogWorker (SegmentedRaftLogWorker.java:<init>(181)) - new 9a530726-af8b-4f6c-9588-6c152d944b80@group-F3DB70997635-SegmentedRaftLogWorker for RaftStorageImpl:Storage Directory /github/workspace/mnt/ozone/hadoop-ozone/integration-test/target/test-dir/MiniOzoneClusterImpl-a92b2b3a-f9aa-4539-be01-238306fe77bb/datanode-1/data/ratis/6b250211-89e4-48ac-87b7-f3db70997635
2021-02-05 13:31:44,434 [pool-233-thread-1] INFO  storage.RaftStorage (RaftStorageImpl.java:format(87)) - Storage directory /github/workspace/mnt/ozone/hadoop-ozone/integration-test/target/test-dir/MiniOzoneClusterImpl-a92b2b3a-f9aa-4539-be01-238306fe77bb/datanode-0/data/ratis/b8558157-3b7d-48f1-b562-c591abad571f has been successfully formatted.
2021-02-05 13:31:44,434 [pool-233-thread-1] INFO  ratis.ContainerStateMachine (ContainerStateMachine.java:loadSnapshot(223)) - group-C591ABAD571F: The snapshot info is null. Setting the last applied indexto:(t:0, i:~)
2021-02-05 13:31:44,434 [pool-233-thread-1] ERROR storage.RaftStorage (RaftStorageImpl.java:readRaftConfiguration(147)) - Failed reading configuration from file:/github/workspace/mnt/ozone/hadoop-ozone/integration-test/target/test-dir/MiniOzoneClusterImpl-a92b2b3a-f9aa-4539-be01-238306fe77bb/datanode-0/data/ratis/b8558157-3b7d-48f1-b562-c591abad571f/current/raft-meta.conf
java.io.FileNotFoundException: /github/workspace/mnt/ozone/hadoop-ozone/integration-test/target/test-dir/MiniOzoneClusterImpl-a92b2b3a-f9aa-4539-be01-238306fe77bb/datanode-0/data/ratis/b8558157-3b7d-48f1-b562-c591abad571f/current/raft-meta.conf (No such file or directory)
	at java.io.FileInputStream.open0(Native Method)
	at java.io.FileInputStream.open(FileInputStream.java:195)
	at java.io.FileInputStream.<init>(FileInputStream.java:138)
	at org.apache.ratis.server.storage.RaftStorageImpl.readRaftConfiguration(RaftStorageImpl.java:143)
	at org.apache.ratis.server.impl.ServerState.<init>(ServerState.java:122)
	at org.apache.ratis.server.impl.RaftServerImpl.<init>(RaftServerImpl.java:193)
	at org.apache.ratis.server.impl.RaftServerProxy.lambda$newRaftServerImpl$4(RaftServerProxy.java:266)
	at java.util.concurrent.CompletableFuture$AsyncSupply.run(CompletableFuture.java:1604)
	at java.util.concurrent.ThreadPoolExecutor.runWorker(ThreadPoolExecutor.java:1149)
	at java.util.concurrent.ThreadPoolExecutor$Worker.run(ThreadPoolExecutor.java:624)
	at java.lang.Thread.run(Thread.java:748)
2021-02-05 13:31:44,436 [pool-249-thread-1] INFO  server.RaftServerConfigKeys (ConfUtils.java:logGet(44)) - raft.server.log.queue.byte-limit = 2147483647 (custom)
2021-02-05 13:31:44,435 [EventQueue-PipelineReportForPipelineReportHandler] INFO  pipeline.PipelineStateManager (PipelineStateManager.java:openPipeline(132)) - Pipeline Pipeline[ Id: b8558157-3b7d-48f1-b562-c591abad571f, Nodes: a9448078-34fe-435b-8f34-59bdbb0249c7{ip: 172.17.0.2, host: c72a3e6d1148, ports: [REPLICATION=38151, RATIS=33155, STANDALONE=42513], networkLocation: /default-rack, certSerialId: null, persistedOpState: IN_SERVICE, persistedOpStateExpiryEpochSec: 0}, Type:RATIS, Factor:ONE, State:ALLOCATED, leaderId:a9448078-34fe-435b-8f34-59bdbb0249c7, CreationTimestamp2021-02-05T13:31:41.067Z] moved to OPEN state
2021-02-05 13:31:44,435 [EventQueue-PipelineReportForOneReplicaPipelineSafeModeRule] INFO  safemode.SCMSafeModeManager (SCMSafeModeManager.java:validateSafeModeExitRules(214)) - AtleastOneDatanodeReportedRule rule is successfully validated
2021-02-05 13:31:44,437 [EventQueue-PipelineReportForOneReplicaPipelineSafeModeRule] INFO  safemode.SCMSafeModeManager (SCMSafeModeManager.java:validateSafeModeExitRules(214)) - AtleastOneDatanodeReportedRule rule is successfully validated
2021-02-05 13:31:44,437 [pool-249-thread-1] INFO  server.RaftServerConfigKeys (ConfUtils.java:logGet(44)) - raft.server.log.queue.element-limit = 1024 (custom)
2021-02-05 13:31:44,437 [pool-249-thread-1] INFO  server.RaftServerConfigKeys (ConfUtils.java:logGet(44)) - raft.server.log.segment.size.max = 1048576 (custom)
2021-02-05 13:31:44,439 [pool-249-thread-1] INFO  server.RaftServerConfigKeys (ConfUtils.java:logGet(44)) - raft.server.log.preallocated.size = 16384 (custom)
2021-02-05 13:31:44,439 [pool-249-thread-1] INFO  server.RaftServerConfigKeys (ConfUtils.java:logGet(44)) - raft.server.log.force.sync.num = 128 (default)
2021-02-05 13:31:44,439 [pool-249-thread-1] INFO  server.RaftServerConfigKeys (ConfUtils.java:logGet(44)) - raft.server.log.statemachine.data.sync = true (default)
2021-02-05 13:31:44,439 [pool-249-thread-1] INFO  server.RaftServerConfigKeys (ConfUtils.java:logGet(44)) - raft.server.log.statemachine.data.sync.timeout = 10s (default)
2021-02-05 13:31:44,439 [pool-249-thread-1] INFO  server.RaftServerConfigKeys (ConfUtils.java:logGet(44)) - raft.server.log.statemachine.data.sync.timeout.retry = -1 (default)
2021-02-05 13:31:44,440 [pool-249-thread-1] INFO  server.RaftServerConfigKeys (ConfUtils.java:logGet(44)) - raft.server.log.write.buffer.size = 1048576 (custom)
2021-02-05 13:31:44,438 [EventQueue-PipelineReportForPipelineReportHandler] INFO  pipeline.PipelineStateManager (PipelineStateManager.java:openPipeline(132)) - Pipeline Pipeline[ Id: 6b250211-89e4-48ac-87b7-f3db70997635, Nodes: 9a530726-af8b-4f6c-9588-6c152d944b80{ip: 172.17.0.2, host: c72a3e6d1148, ports: [REPLICATION=41095, RATIS=39199, STANDALONE=43691], networkLocation: /default-rack, certSerialId: null, persistedOpState: IN_SERVICE, persistedOpStateExpiryEpochSec: 0}, Type:RATIS, Factor:ONE, State:ALLOCATED, leaderId:9a530726-af8b-4f6c-9588-6c152d944b80, CreationTimestamp2021-02-05T13:31:41.248Z] moved to OPEN state
2021-02-05 13:31:44,441 [pool-249-thread-1] INFO  server.RaftServerConfigKeys (ConfUtils.java:logGet(44)) - raft.server.log.statemachine.data.caching.enabled = true (custom)
2021-02-05 13:31:44,441 [pool-249-thread-1] INFO  segmented.SegmentedRaftLogWorker (SegmentedRaftLogWorker.java:lambda$new$0(132)) - 9a530726-af8b-4f6c-9588-6c152d944b80@group-F3DB70997635-SegmentedRaftLogWorker: flushIndex: setUnconditionally 0 -> -1
2021-02-05 13:31:44,441 [pool-249-thread-1] INFO  segmented.SegmentedRaftLogWorker (SegmentedRaftLogWorker.java:lambda$new$0(132)) - 9a530726-af8b-4f6c-9588-6c152d944b80@group-F3DB70997635-SegmentedRaftLogWorker: safeCacheEvictIndex: setUnconditionally 0 -> -1
2021-02-05 13:31:44,441 [pool-233-thread-1] INFO  server.RaftServerConfigKeys (ConfUtils.java:logGet(44)) - raft.server.notification.no-leader.timeout = 300000ms (custom)
2021-02-05 13:31:44,441 [pool-233-thread-1] INFO  server.RaftServerConfigKeys (ConfUtils.java:logGet(44)) - raft.server.log.use.memory = false (default)
2021-02-05 13:31:44,441 [pool-233-thread-1] INFO  server.RaftServerConfigKeys (ConfUtils.java:logGet(44)) - raft.server.log.purge.gap = 1000000 (custom)
2021-02-05 13:31:44,442 [pool-233-thread-1] INFO  server.RaftServerConfigKeys (ConfUtils.java:logGet(44)) - raft.server.log.appender.buffer.byte-limit = 33554432 (custom)
2021-02-05 13:31:44,442 [pool-233-thread-1] INFO  metrics.RatisMetrics (RatisMetrics.java:lambda$create$0(36)) - Creating Metrics Registry : ratis.log_worker.a9448078-34fe-435b-8f34-59bdbb0249c7@group-C591ABAD571F
2021-02-05 13:31:44,442 [pool-233-thread-1] INFO  server.RaftServerConfigKeys (ConfUtils.java:logGet(44)) - raft.server.log.segment.size.max = 1048576 (custom)
2021-02-05 13:31:44,442 [pool-233-thread-1] INFO  server.RaftServerConfigKeys (ConfUtils.java:logGet(44)) - raft.server.log.segment.cache.num.max = 2 (custom)
2021-02-05 13:31:44,442 [pool-233-thread-1] INFO  server.RaftServerConfigKeys (ConfUtils.java:logGet(44)) - raft.server.log.segment.cache.size.max = 200MB (=209715200) (default)
2021-02-05 13:31:44,438 [pool-265-thread-1] INFO  server.RaftServer$Division (RaftServerImpl.java:<init>(180)) - a4acbc3e-e00f-4d43-961e-4e2aff2ce09e: new RaftServerImpl for group-852FF7B1DE9B:[a4acbc3e-e00f-4d43-961e-4e2aff2ce09e|rpc:172.17.0.2:45209|priority:1] with ContainerStateMachine:uninitialized
2021-02-05 13:31:44,438 [EventQueue-OpenPipelineForHealthyPipelineSafeModeRule] INFO  safemode.SCMSafeModeManager (HealthyPipelineSafeModeRule.java:process(128)) - SCM in safe mode. Healthy pipelines reported count is 0, required healthy pipeline reported count is 1
2021-02-05 13:31:44,442 [pool-265-thread-1] INFO  server.RaftServerConfigKeys (ConfUtils.java:logGet(44)) - raft.server.rpc.timeout.min = 5s (custom)
2021-02-05 13:31:44,443 [pool-265-thread-1] INFO  server.RaftServerConfigKeys (ConfUtils.java:logGet(44)) - raft.server.rpc.timeout.max = 5200ms (custom)
2021-02-05 13:31:44,442 [pool-233-thread-1] INFO  segmented.SegmentedRaftLogWorker (SegmentedRaftLogWorker.java:<init>(181)) - new a9448078-34fe-435b-8f34-59bdbb0249c7@group-C591ABAD571F-SegmentedRaftLogWorker for RaftStorageImpl:Storage Directory /github/workspace/mnt/ozone/hadoop-ozone/integration-test/target/test-dir/MiniOzoneClusterImpl-a92b2b3a-f9aa-4539-be01-238306fe77bb/datanode-0/data/ratis/b8558157-3b7d-48f1-b562-c591abad571f
2021-02-05 13:31:44,441 [pool-249-thread-1] INFO  server.RaftServerConfigKeys (ConfUtils.java:logGet(44)) - raft.server.snapshot.auto.trigger.enabled = true (custom)
2021-02-05 13:31:44,443 [EventQueue-OpenPipelineForHealthyPipelineSafeModeRule] INFO  safemode.SCMSafeModeManager (HealthyPipelineSafeModeRule.java:process(128)) - SCM in safe mode. Healthy pipelines reported count is 0, required healthy pipeline reported count is 1
2021-02-05 13:31:44,443 [pool-265-thread-1] INFO  server.RaftServerConfigKeys (ConfUtils.java:logGet(44)) - raft.server.rpc.sleep.time = 25ms (default)
2021-02-05 13:31:44,444 [pool-265-thread-1] INFO  server.RaftServerConfigKeys (ConfUtils.java:logGet(44)) - raft.server.rpc.slowness.timeout = 300000ms (custom)
2021-02-05 13:31:44,444 [pool-265-thread-1] INFO  server.RaftServerConfigKeys (ConfUtils.java:logGet(44)) - raft.server.leaderelection.leader.step-down.wait-time = 10s (default)
2021-02-05 13:31:44,444 [pool-265-thread-1] INFO  server.RaftServerConfigKeys (ConfUtils.java:logGet(44)) - raft.server.sleep.deviation.threshold = 300ms (default)
2021-02-05 13:31:44,444 [pool-265-thread-1] INFO  server.RaftServerConfigKeys (ConfUtils.java:logGet(44)) - raft.server.log.appender.install.snapshot.enabled = false (custom)
2021-02-05 13:31:44,444 [pool-265-thread-1] INFO  server.RaftServer$Division (ServerState.java:<init>(105)) - a4acbc3e-e00f-4d43-961e-4e2aff2ce09e@group-852FF7B1DE9B: ConfigurationManager, init=-1: [a4acbc3e-e00f-4d43-961e-4e2aff2ce09e|rpc:172.17.0.2:45209|priority:1], old=null, confs=<EMPTY_MAP>
2021-02-05 13:31:44,444 [pool-265-thread-1] INFO  server.RaftServerConfigKeys (ConfUtils.java:logGet(44)) - raft.server.storage.dir = [/github/workspace/mnt/ozone/hadoop-ozone/integration-test/target/test-dir/MiniOzoneClusterImpl-a92b2b3a-f9aa-4539-be01-238306fe77bb/datanode-2/data/ratis] (custom)
2021-02-05 13:31:44,443 [pool-233-thread-1] INFO  server.RaftServerConfigKeys (ConfUtils.java:logGet(44)) - raft.server.log.queue.byte-limit = 2147483647 (custom)
2021-02-05 13:31:44,445 [pool-233-thread-1] INFO  server.RaftServerConfigKeys (ConfUtils.java:logGet(44)) - raft.server.log.queue.element-limit = 1024 (custom)
2021-02-05 13:31:44,445 [pool-233-thread-1] INFO  server.RaftServerConfigKeys (ConfUtils.java:logGet(44)) - raft.server.log.segment.size.max = 1048576 (custom)
2021-02-05 13:31:44,445 [pool-233-thread-1] INFO  server.RaftServerConfigKeys (ConfUtils.java:logGet(44)) - raft.server.log.preallocated.size = 16384 (custom)
2021-02-05 13:31:44,445 [pool-233-thread-1] INFO  server.RaftServerConfigKeys (ConfUtils.java:logGet(44)) - raft.server.log.force.sync.num = 128 (default)
2021-02-05 13:31:44,445 [pool-233-thread-1] INFO  server.RaftServerConfigKeys (ConfUtils.java:logGet(44)) - raft.server.log.statemachine.data.sync = true (default)
2021-02-05 13:31:44,445 [pool-233-thread-1] INFO  server.RaftServerConfigKeys (ConfUtils.java:logGet(44)) - raft.server.log.statemachine.data.sync.timeout = 10s (default)
2021-02-05 13:31:44,445 [pool-233-thread-1] INFO  server.RaftServerConfigKeys (ConfUtils.java:logGet(44)) - raft.server.log.statemachine.data.sync.timeout.retry = -1 (default)
2021-02-05 13:31:44,446 [pool-233-thread-1] INFO  server.RaftServerConfigKeys (ConfUtils.java:logGet(44)) - raft.server.log.write.buffer.size = 1048576 (custom)
2021-02-05 13:31:44,447 [pool-233-thread-1] INFO  server.RaftServerConfigKeys (ConfUtils.java:logGet(44)) - raft.server.log.statemachine.data.caching.enabled = true (custom)
2021-02-05 13:31:44,447 [pool-233-thread-1] INFO  segmented.SegmentedRaftLogWorker (SegmentedRaftLogWorker.java:lambda$new$0(132)) - a9448078-34fe-435b-8f34-59bdbb0249c7@group-C591ABAD571F-SegmentedRaftLogWorker: flushIndex: setUnconditionally 0 -> -1
2021-02-05 13:31:44,447 [pool-233-thread-1] INFO  segmented.SegmentedRaftLogWorker (SegmentedRaftLogWorker.java:lambda$new$0(132)) - a9448078-34fe-435b-8f34-59bdbb0249c7@group-C591ABAD571F-SegmentedRaftLogWorker: safeCacheEvictIndex: setUnconditionally 0 -> -1
2021-02-05 13:31:44,443 [pool-249-thread-1] INFO  server.RaftServerConfigKeys (ConfUtils.java:logGet(44)) - raft.server.snapshot.auto.trigger.threshold = 10000 (custom)
2021-02-05 13:31:44,445 [pool-265-thread-1] INFO  server.RaftServerConfigKeys (ConfUtils.java:logGet(44)) - raft.server.log.corruption.policy = EXCEPTION (default)
2021-02-05 13:31:44,447 [pool-249-thread-1] INFO  server.RaftServerConfigKeys (ConfUtils.java:logGet(44)) - raft.server.snapshot.retention.file.num = 5 (custom)
2021-02-05 13:31:44,447 [pool-249-thread-1] INFO  server.RaftServerConfigKeys (ConfUtils.java:logGet(44)) - raft.server.log.purge.upto.snapshot.index = false (default)
2021-02-05 13:31:44,447 [pool-265-thread-1] INFO  storage.RaftStorageDirectory (RaftStorageDirectoryImpl.java:analyzeStorage(132)) - The storage directory /github/workspace/mnt/ozone/hadoop-ozone/integration-test/target/test-dir/MiniOzoneClusterImpl-a92b2b3a-f9aa-4539-be01-238306fe77bb/datanode-2/data/ratis/bd198e90-b01e-48e3-9a05-852ff7b1de9b does not exist. Creating ...
2021-02-05 13:31:44,447 [pool-249-thread-1] INFO  server.RaftServerConfigKeys (ConfUtils.java:logGet(44)) - raft.server.retrycache.expirytime = 600000ms (custom)
2021-02-05 13:31:44,447 [pool-249-thread-1] INFO  server.RaftServerConfigKeys (ConfUtils.java:logGet(44)) - raft.server.retrycache.statistics.expirytime = 100?s (default)
2021-02-05 13:31:44,448 [pool-249-thread-1] INFO  metrics.RatisMetrics (RatisMetrics.java:lambda$create$0(36)) - Creating Metrics Registry : ratis.leader_election.9a530726-af8b-4f6c-9588-6c152d944b80@group-F3DB70997635
2021-02-05 13:31:44,448 [pool-249-thread-1] INFO  metrics.RatisMetrics (RatisMetrics.java:lambda$create$0(36)) - Creating Metrics Registry : ratis.server.9a530726-af8b-4f6c-9588-6c152d944b80@group-F3DB70997635
2021-02-05 13:31:44,449 [pool-265-thread-1] INFO  storage.RaftStorageDirectory (RaftStorageDirectoryImpl.java:tryLock(215)) - Lock on /github/workspace/mnt/ozone/hadoop-ozone/integration-test/target/test-dir/MiniOzoneClusterImpl-a92b2b3a-f9aa-4539-be01-238306fe77bb/datanode-2/data/ratis/bd198e90-b01e-48e3-9a05-852ff7b1de9b/in_use.lock acquired by nodename 4634@c72a3e6d1148
2021-02-05 13:31:44,449 [pool-249-thread-1] INFO  server.RaftServer$Division (RaftServerImpl.java:start(295)) - 9a530726-af8b-4f6c-9588-6c152d944b80@group-F3DB70997635: start as a follower, conf=-1: [9a530726-af8b-4f6c-9588-6c152d944b80|rpc:172.17.0.2:39199|priority:1], old=null
2021-02-05 13:31:44,449 [pool-249-thread-1] INFO  server.RaftServer$Division (RaftServerImpl.java:setRole(284)) - 9a530726-af8b-4f6c-9588-6c152d944b80@group-F3DB70997635: changes role from      null to FOLLOWER at term 0 for startAsFollower
2021-02-05 13:31:44,449 [pool-249-thread-1] INFO  impl.RoleInfo (RoleInfo.java:updateAndGet(130)) - 9a530726-af8b-4f6c-9588-6c152d944b80: start 9a530726-af8b-4f6c-9588-6c152d944b80@group-F3DB70997635-FollowerState
2021-02-05 13:31:44,449 [pool-265-thread-1] INFO  storage.RaftStorage (RaftStorageImpl.java:format(87)) - Storage directory /github/workspace/mnt/ozone/hadoop-ozone/integration-test/target/test-dir/MiniOzoneClusterImpl-a92b2b3a-f9aa-4539-be01-238306fe77bb/datanode-2/data/ratis/bd198e90-b01e-48e3-9a05-852ff7b1de9b has been successfully formatted.
2021-02-05 13:31:44,450 [pool-233-thread-1] INFO  server.RaftServerConfigKeys (ConfUtils.java:logGet(44)) - raft.server.snapshot.auto.trigger.enabled = true (custom)
2021-02-05 13:31:44,450 [pool-233-thread-1] INFO  server.RaftServerConfigKeys (ConfUtils.java:logGet(44)) - raft.server.snapshot.auto.trigger.threshold = 10000 (custom)
2021-02-05 13:31:44,450 [pool-233-thread-1] INFO  server.RaftServerConfigKeys (ConfUtils.java:logGet(44)) - raft.server.snapshot.retention.file.num = 5 (custom)
2021-02-05 13:31:44,450 [pool-233-thread-1] INFO  server.RaftServerConfigKeys (ConfUtils.java:logGet(44)) - raft.server.log.purge.upto.snapshot.index = false (default)
2021-02-05 13:31:44,452 [pool-249-thread-1] INFO  util.JmxRegister (JmxRegister.java:tryRegister(44)) - Successfully registered JMX Bean with object name Ratis:service=RaftServer,group=group-F3DB70997635,id=9a530726-af8b-4f6c-9588-6c152d944b80
2021-02-05 13:31:44,452 [pool-249-thread-1] INFO  metrics.RatisMetrics (RatisMetrics.java:lambda$create$0(36)) - Creating Metrics Registry : ratis.state_machine.9a530726-af8b-4f6c-9588-6c152d944b80@group-F3DB70997635
2021-02-05 13:31:44,452 [pool-265-thread-1] INFO  ratis.ContainerStateMachine (ContainerStateMachine.java:loadSnapshot(223)) - group-852FF7B1DE9B: The snapshot info is null. Setting the last applied indexto:(t:0, i:~)
2021-02-05 13:31:44,453 [pool-265-thread-1] ERROR storage.RaftStorage (RaftStorageImpl.java:readRaftConfiguration(147)) - Failed reading configuration from file:/github/workspace/mnt/ozone/hadoop-ozone/integration-test/target/test-dir/MiniOzoneClusterImpl-a92b2b3a-f9aa-4539-be01-238306fe77bb/datanode-2/data/ratis/bd198e90-b01e-48e3-9a05-852ff7b1de9b/current/raft-meta.conf
java.io.FileNotFoundException: /github/workspace/mnt/ozone/hadoop-ozone/integration-test/target/test-dir/MiniOzoneClusterImpl-a92b2b3a-f9aa-4539-be01-238306fe77bb/datanode-2/data/ratis/bd198e90-b01e-48e3-9a05-852ff7b1de9b/current/raft-meta.conf (No such file or directory)
	at java.io.FileInputStream.open0(Native Method)
	at java.io.FileInputStream.open(FileInputStream.java:195)
	at java.io.FileInputStream.<init>(FileInputStream.java:138)
	at org.apache.ratis.server.storage.RaftStorageImpl.readRaftConfiguration(RaftStorageImpl.java:143)
	at org.apache.ratis.server.impl.ServerState.<init>(ServerState.java:122)
	at org.apache.ratis.server.impl.RaftServerImpl.<init>(RaftServerImpl.java:193)
	at org.apache.ratis.server.impl.RaftServerProxy.lambda$newRaftServerImpl$4(RaftServerProxy.java:266)
	at java.util.concurrent.CompletableFuture$AsyncSupply.run(CompletableFuture.java:1604)
	at java.util.concurrent.ThreadPoolExecutor.runWorker(ThreadPoolExecutor.java:1149)
	at java.util.concurrent.ThreadPoolExecutor$Worker.run(ThreadPoolExecutor.java:624)
	at java.lang.Thread.run(Thread.java:748)
2021-02-05 13:31:44,453 [EventQueue-PipelineReportForPipelineReportHandler] INFO  pipeline.PipelineStateManager (PipelineStateManager.java:openPipeline(132)) - Pipeline Pipeline[ Id: bd198e90-b01e-48e3-9a05-852ff7b1de9b, Nodes: a4acbc3e-e00f-4d43-961e-4e2aff2ce09e{ip: 172.17.0.2, host: c72a3e6d1148, ports: [REPLICATION=36003, RATIS=45209, STANDALONE=40147], networkLocation: /default-rack, certSerialId: null, persistedOpState: IN_SERVICE, persistedOpStateExpiryEpochSec: 0}, Type:RATIS, Factor:ONE, State:ALLOCATED, leaderId:a4acbc3e-e00f-4d43-961e-4e2aff2ce09e, CreationTimestamp2021-02-05T13:31:41.432Z] moved to OPEN state
2021-02-05 13:31:44,453 [EventQueue-PipelineReportForOneReplicaPipelineSafeModeRule] INFO  safemode.SCMSafeModeManager (SCMSafeModeManager.java:validateSafeModeExitRules(214)) - AtleastOneDatanodeReportedRule rule is successfully validated
2021-02-05 13:31:44,453 [pool-265-thread-1] INFO  server.RaftServerConfigKeys (ConfUtils.java:logGet(44)) - raft.server.notification.no-leader.timeout = 300000ms (custom)
2021-02-05 13:31:44,453 [pool-265-thread-1] INFO  server.RaftServerConfigKeys (ConfUtils.java:logGet(44)) - raft.server.log.use.memory = false (default)
2021-02-05 13:31:44,453 [EventQueue-OpenPipelineForHealthyPipelineSafeModeRule] INFO  safemode.SCMSafeModeManager (HealthyPipelineSafeModeRule.java:process(128)) - SCM in safe mode. Healthy pipelines reported count is 0, required healthy pipeline reported count is 1
2021-02-05 13:31:44,454 [pool-265-thread-1] INFO  server.RaftServerConfigKeys (ConfUtils.java:logGet(44)) - raft.server.log.purge.gap = 1000000 (custom)
2021-02-05 13:31:44,454 [pool-265-thread-1] INFO  server.RaftServerConfigKeys (ConfUtils.java:logGet(44)) - raft.server.log.appender.buffer.byte-limit = 33554432 (custom)
2021-02-05 13:31:44,454 [pool-265-thread-1] INFO  metrics.RatisMetrics (RatisMetrics.java:lambda$create$0(36)) - Creating Metrics Registry : ratis.log_worker.a4acbc3e-e00f-4d43-961e-4e2aff2ce09e@group-852FF7B1DE9B
2021-02-05 13:31:44,454 [Command processor thread] INFO  commandhandler.CreatePipelineCommandHandler (CreatePipelineCommandHandler.java:handle(106)) - Created Pipeline RATIS ONE PipelineID=6b250211-89e4-48ac-87b7-f3db70997635.
2021-02-05 13:31:44,454 [pool-233-thread-1] INFO  server.RaftServerConfigKeys (ConfUtils.java:logGet(44)) - raft.server.retrycache.expirytime = 600000ms (custom)
2021-02-05 13:31:44,454 [pool-233-thread-1] INFO  server.RaftServerConfigKeys (ConfUtils.java:logGet(44)) - raft.server.retrycache.statistics.expirytime = 100?s (default)
2021-02-05 13:31:44,454 [Command processor thread] INFO  server.RaftServer (RaftServerProxy.java:addNew(95)) - 9a530726-af8b-4f6c-9588-6c152d944b80: addNew group-CBE835C2428B:[a9448078-34fe-435b-8f34-59bdbb0249c7|rpc:172.17.0.2:33155|priority:1, 9a530726-af8b-4f6c-9588-6c152d944b80|rpc:172.17.0.2:39199|priority:0, a4acbc3e-e00f-4d43-961e-4e2aff2ce09e|rpc:172.17.0.2:45209|priority:0] returns group-CBE835C2428B:java.util.concurrent.CompletableFuture@3d21e41[Not completed]
2021-02-05 13:31:44,454 [pool-265-thread-1] INFO  server.RaftServerConfigKeys (ConfUtils.java:logGet(44)) - raft.server.log.segment.size.max = 1048576 (custom)
2021-02-05 13:31:44,454 [pool-233-thread-1] INFO  metrics.RatisMetrics (RatisMetrics.java:lambda$create$0(36)) - Creating Metrics Registry : ratis.leader_election.a9448078-34fe-435b-8f34-59bdbb0249c7@group-C591ABAD571F
2021-02-05 13:31:44,455 [pool-249-thread-1] INFO  server.RaftServer$Division (RaftServerImpl.java:<init>(180)) - 9a530726-af8b-4f6c-9588-6c152d944b80: new RaftServerImpl for group-CBE835C2428B:[a9448078-34fe-435b-8f34-59bdbb0249c7|rpc:172.17.0.2:33155|priority:1, 9a530726-af8b-4f6c-9588-6c152d944b80|rpc:172.17.0.2:39199|priority:0, a4acbc3e-e00f-4d43-961e-4e2aff2ce09e|rpc:172.17.0.2:45209|priority:0] with ContainerStateMachine:uninitialized
2021-02-05 13:31:44,455 [pool-249-thread-1] INFO  server.RaftServerConfigKeys (ConfUtils.java:logGet(44)) - raft.server.rpc.timeout.min = 5s (custom)
2021-02-05 13:31:44,455 [pool-249-thread-1] INFO  server.RaftServerConfigKeys (ConfUtils.java:logGet(44)) - raft.server.rpc.timeout.max = 5200ms (custom)
2021-02-05 13:31:44,455 [pool-249-thread-1] INFO  server.RaftServerConfigKeys (ConfUtils.java:logGet(44)) - raft.server.rpc.sleep.time = 25ms (default)
2021-02-05 13:31:44,455 [pool-249-thread-1] INFO  server.RaftServerConfigKeys (ConfUtils.java:logGet(44)) - raft.server.rpc.slowness.timeout = 300000ms (custom)
2021-02-05 13:31:44,455 [pool-249-thread-1] INFO  server.RaftServerConfigKeys (ConfUtils.java:logGet(44)) - raft.server.leaderelection.leader.step-down.wait-time = 10s (default)
2021-02-05 13:31:44,455 [pool-249-thread-1] INFO  server.RaftServerConfigKeys (ConfUtils.java:logGet(44)) - raft.server.sleep.deviation.threshold = 300ms (default)
2021-02-05 13:31:44,455 [pool-249-thread-1] INFO  server.RaftServerConfigKeys (ConfUtils.java:logGet(44)) - raft.server.log.appender.install.snapshot.enabled = false (custom)
2021-02-05 13:31:44,458 [pool-249-thread-1] INFO  server.RaftServer$Division (ServerState.java:<init>(105)) - 9a530726-af8b-4f6c-9588-6c152d944b80@group-CBE835C2428B: ConfigurationManager, init=-1: [a9448078-34fe-435b-8f34-59bdbb0249c7|rpc:172.17.0.2:33155|priority:1, 9a530726-af8b-4f6c-9588-6c152d944b80|rpc:172.17.0.2:39199|priority:0, a4acbc3e-e00f-4d43-961e-4e2aff2ce09e|rpc:172.17.0.2:45209|priority:0], old=null, confs=<EMPTY_MAP>
2021-02-05 13:31:44,458 [pool-249-thread-1] INFO  server.RaftServerConfigKeys (ConfUtils.java:logGet(44)) - raft.server.storage.dir = [/github/workspace/mnt/ozone/hadoop-ozone/integration-test/target/test-dir/MiniOzoneClusterImpl-a92b2b3a-f9aa-4539-be01-238306fe77bb/datanode-1/data/ratis] (custom)
2021-02-05 13:31:44,455 [pool-233-thread-1] INFO  metrics.RatisMetrics (RatisMetrics.java:lambda$create$0(36)) - Creating Metrics Registry : ratis.server.a9448078-34fe-435b-8f34-59bdbb0249c7@group-C591ABAD571F
2021-02-05 13:31:44,458 [pool-249-thread-1] INFO  server.RaftServerConfigKeys (ConfUtils.java:logGet(44)) - raft.server.log.corruption.policy = EXCEPTION (default)
2021-02-05 13:31:44,458 [pool-249-thread-1] INFO  storage.RaftStorageDirectory (RaftStorageDirectoryImpl.java:analyzeStorage(132)) - The storage directory /github/workspace/mnt/ozone/hadoop-ozone/integration-test/target/test-dir/MiniOzoneClusterImpl-a92b2b3a-f9aa-4539-be01-238306fe77bb/datanode-1/data/ratis/0212408e-bf39-46ba-be38-cbe835c2428b does not exist. Creating ...
2021-02-05 13:31:44,458 [pool-265-thread-1] INFO  server.RaftServerConfigKeys (ConfUtils.java:logGet(44)) - raft.server.log.segment.cache.num.max = 2 (custom)
2021-02-05 13:31:44,459 [pool-265-thread-1] INFO  server.RaftServerConfigKeys (ConfUtils.java:logGet(44)) - raft.server.log.segment.cache.size.max = 200MB (=209715200) (default)
2021-02-05 13:31:44,459 [pool-265-thread-1] INFO  segmented.SegmentedRaftLogWorker (SegmentedRaftLogWorker.java:<init>(181)) - new a4acbc3e-e00f-4d43-961e-4e2aff2ce09e@group-852FF7B1DE9B-SegmentedRaftLogWorker for RaftStorageImpl:Storage Directory /github/workspace/mnt/ozone/hadoop-ozone/integration-test/target/test-dir/MiniOzoneClusterImpl-a92b2b3a-f9aa-4539-be01-238306fe77bb/datanode-2/data/ratis/bd198e90-b01e-48e3-9a05-852ff7b1de9b
2021-02-05 13:31:44,459 [pool-265-thread-1] INFO  server.RaftServerConfigKeys (ConfUtils.java:logGet(44)) - raft.server.log.queue.byte-limit = 2147483647 (custom)
2021-02-05 13:31:44,459 [pool-265-thread-1] INFO  server.RaftServerConfigKeys (ConfUtils.java:logGet(44)) - raft.server.log.queue.element-limit = 1024 (custom)
2021-02-05 13:31:44,459 [pool-265-thread-1] INFO  server.RaftServerConfigKeys (ConfUtils.java:logGet(44)) - raft.server.log.segment.size.max = 1048576 (custom)
2021-02-05 13:31:44,459 [pool-265-thread-1] INFO  server.RaftServerConfigKeys (ConfUtils.java:logGet(44)) - raft.server.log.preallocated.size = 16384 (custom)
2021-02-05 13:31:44,459 [pool-265-thread-1] INFO  server.RaftServerConfigKeys (ConfUtils.java:logGet(44)) - raft.server.log.force.sync.num = 128 (default)
2021-02-05 13:31:44,459 [pool-233-thread-1] INFO  server.RaftServer$Division (RaftServerImpl.java:start(295)) - a9448078-34fe-435b-8f34-59bdbb0249c7@group-C591ABAD571F: start as a follower, conf=-1: [a9448078-34fe-435b-8f34-59bdbb0249c7|rpc:172.17.0.2:33155|priority:1], old=null
2021-02-05 13:31:44,459 [pool-249-thread-1] INFO  storage.RaftStorageDirectory (RaftStorageDirectoryImpl.java:tryLock(215)) - Lock on /github/workspace/mnt/ozone/hadoop-ozone/integration-test/target/test-dir/MiniOzoneClusterImpl-a92b2b3a-f9aa-4539-be01-238306fe77bb/datanode-1/data/ratis/0212408e-bf39-46ba-be38-cbe835c2428b/in_use.lock acquired by nodename 4634@c72a3e6d1148
2021-02-05 13:31:44,459 [pool-265-thread-1] INFO  server.RaftServerConfigKeys (ConfUtils.java:logGet(44)) - raft.server.log.statemachine.data.sync = true (default)
2021-02-05 13:31:44,460 [pool-265-thread-1] INFO  server.RaftServerConfigKeys (ConfUtils.java:logGet(44)) - raft.server.log.statemachine.data.sync.timeout = 10s (default)
2021-02-05 13:31:44,460 [pool-265-thread-1] INFO  server.RaftServerConfigKeys (ConfUtils.java:logGet(44)) - raft.server.log.statemachine.data.sync.timeout.retry = -1 (default)
2021-02-05 13:31:44,460 [pool-249-thread-1] INFO  storage.RaftStorage (RaftStorageImpl.java:format(87)) - Storage directory /github/workspace/mnt/ozone/hadoop-ozone/integration-test/target/test-dir/MiniOzoneClusterImpl-a92b2b3a-f9aa-4539-be01-238306fe77bb/datanode-1/data/ratis/0212408e-bf39-46ba-be38-cbe835c2428b has been successfully formatted.
2021-02-05 13:31:44,460 [pool-249-thread-1] INFO  ratis.ContainerStateMachine (ContainerStateMachine.java:loadSnapshot(223)) - group-CBE835C2428B: The snapshot info is null. Setting the last applied indexto:(t:0, i:~)
2021-02-05 13:31:44,460 [pool-249-thread-1] ERROR storage.RaftStorage (RaftStorageImpl.java:readRaftConfiguration(147)) - Failed reading configuration from file:/github/workspace/mnt/ozone/hadoop-ozone/integration-test/target/test-dir/MiniOzoneClusterImpl-a92b2b3a-f9aa-4539-be01-238306fe77bb/datanode-1/data/ratis/0212408e-bf39-46ba-be38-cbe835c2428b/current/raft-meta.conf
java.io.FileNotFoundException: /github/workspace/mnt/ozone/hadoop-ozone/integration-test/target/test-dir/MiniOzoneClusterImpl-a92b2b3a-f9aa-4539-be01-238306fe77bb/datanode-1/data/ratis/0212408e-bf39-46ba-be38-cbe835c2428b/current/raft-meta.conf (No such file or directory)
	at java.io.FileInputStream.open0(Native Method)
	at java.io.FileInputStream.open(FileInputStream.java:195)
	at java.io.FileInputStream.<init>(FileInputStream.java:138)
	at org.apache.ratis.server.storage.RaftStorageImpl.readRaftConfiguration(RaftStorageImpl.java:143)
	at org.apache.ratis.server.impl.ServerState.<init>(ServerState.java:122)
	at org.apache.ratis.server.impl.RaftServerImpl.<init>(RaftServerImpl.java:193)
	at org.apache.ratis.server.impl.RaftServerProxy.lambda$newRaftServerImpl$4(RaftServerProxy.java:266)
	at java.util.concurrent.CompletableFuture$AsyncSupply.run(CompletableFuture.java:1604)
	at java.util.concurrent.ThreadPoolExecutor.runWorker(ThreadPoolExecutor.java:1149)
	at java.util.concurrent.ThreadPoolExecutor$Worker.run(ThreadPoolExecutor.java:624)
	at java.lang.Thread.run(Thread.java:748)
2021-02-05 13:31:44,460 [pool-249-thread-1] INFO  server.RaftServerConfigKeys (ConfUtils.java:logGet(44)) - raft.server.notification.no-leader.timeout = 300000ms (custom)
2021-02-05 13:31:44,460 [pool-249-thread-1] INFO  server.RaftServerConfigKeys (ConfUtils.java:logGet(44)) - raft.server.log.use.memory = false (default)
2021-02-05 13:31:44,460 [pool-249-thread-1] INFO  server.RaftServerConfigKeys (ConfUtils.java:logGet(44)) - raft.server.log.purge.gap = 1000000 (custom)
2021-02-05 13:31:44,460 [pool-249-thread-1] INFO  server.RaftServerConfigKeys (ConfUtils.java:logGet(44)) - raft.server.log.appender.buffer.byte-limit = 33554432 (custom)
2021-02-05 13:31:44,460 [pool-249-thread-1] INFO  metrics.RatisMetrics (RatisMetrics.java:lambda$create$0(36)) - Creating Metrics Registry : ratis.log_worker.9a530726-af8b-4f6c-9588-6c152d944b80@group-CBE835C2428B
2021-02-05 13:31:44,461 [pool-249-thread-1] INFO  server.RaftServerConfigKeys (ConfUtils.java:logGet(44)) - raft.server.log.segment.size.max = 1048576 (custom)
2021-02-05 13:31:44,459 [pool-233-thread-1] INFO  server.RaftServer$Division (RaftServerImpl.java:setRole(284)) - a9448078-34fe-435b-8f34-59bdbb0249c7@group-C591ABAD571F: changes role from      null to FOLLOWER at term 0 for startAsFollower
2021-02-05 13:31:44,461 [pool-233-thread-1] INFO  impl.RoleInfo (RoleInfo.java:updateAndGet(130)) - a9448078-34fe-435b-8f34-59bdbb0249c7: start a9448078-34fe-435b-8f34-59bdbb0249c7@group-C591ABAD571F-FollowerState
2021-02-05 13:31:44,461 [pool-249-thread-1] INFO  server.RaftServerConfigKeys (ConfUtils.java:logGet(44)) - raft.server.log.segment.cache.num.max = 2 (custom)
2021-02-05 13:31:44,461 [pool-249-thread-1] INFO  server.RaftServerConfigKeys (ConfUtils.java:logGet(44)) - raft.server.log.segment.cache.size.max = 200MB (=209715200) (default)
2021-02-05 13:31:44,461 [pool-249-thread-1] INFO  segmented.SegmentedRaftLogWorker (SegmentedRaftLogWorker.java:<init>(181)) - new 9a530726-af8b-4f6c-9588-6c152d944b80@group-CBE835C2428B-SegmentedRaftLogWorker for RaftStorageImpl:Storage Directory /github/workspace/mnt/ozone/hadoop-ozone/integration-test/target/test-dir/MiniOzoneClusterImpl-a92b2b3a-f9aa-4539-be01-238306fe77bb/datanode-1/data/ratis/0212408e-bf39-46ba-be38-cbe835c2428b
2021-02-05 13:31:44,461 [pool-249-thread-1] INFO  server.RaftServerConfigKeys (ConfUtils.java:logGet(44)) - raft.server.log.queue.byte-limit = 2147483647 (custom)
2021-02-05 13:31:44,461 [pool-249-thread-1] INFO  server.RaftServerConfigKeys (ConfUtils.java:logGet(44)) - raft.server.log.queue.element-limit = 1024 (custom)
2021-02-05 13:31:44,461 [pool-249-thread-1] INFO  server.RaftServerConfigKeys (ConfUtils.java:logGet(44)) - raft.server.log.segment.size.max = 1048576 (custom)
2021-02-05 13:31:44,461 [pool-249-thread-1] INFO  server.RaftServerConfigKeys (ConfUtils.java:logGet(44)) - raft.server.log.preallocated.size = 16384 (custom)
2021-02-05 13:31:44,462 [EventQueue-OpenPipelineForHealthyPipelineSafeModeRule] INFO  safemode.SCMSafeModeManager (HealthyPipelineSafeModeRule.java:process(128)) - SCM in safe mode. Healthy pipelines reported count is 0, required healthy pipeline reported count is 1
2021-02-05 13:31:44,461 [EventQueue-PipelineReportForOneReplicaPipelineSafeModeRule] INFO  safemode.SCMSafeModeManager (SCMSafeModeManager.java:validateSafeModeExitRules(214)) - AtleastOneDatanodeReportedRule rule is successfully validated
2021-02-05 13:31:44,462 [pool-249-thread-1] INFO  server.RaftServerConfigKeys (ConfUtils.java:logGet(44)) - raft.server.log.force.sync.num = 128 (default)
2021-02-05 13:31:44,462 [pool-249-thread-1] INFO  server.RaftServerConfigKeys (ConfUtils.java:logGet(44)) - raft.server.log.statemachine.data.sync = true (default)
2021-02-05 13:31:44,462 [pool-249-thread-1] INFO  server.RaftServerConfigKeys (ConfUtils.java:logGet(44)) - raft.server.log.statemachine.data.sync.timeout = 10s (default)
2021-02-05 13:31:44,462 [pool-249-thread-1] INFO  server.RaftServerConfigKeys (ConfUtils.java:logGet(44)) - raft.server.log.statemachine.data.sync.timeout.retry = -1 (default)
2021-02-05 13:31:44,465 [pool-233-thread-1] INFO  util.JmxRegister (JmxRegister.java:tryRegister(44)) - Successfully registered JMX Bean with object name Ratis:service=RaftServer,group=group-C591ABAD571F,id=a9448078-34fe-435b-8f34-59bdbb0249c7
2021-02-05 13:31:44,465 [pool-233-thread-1] INFO  metrics.RatisMetrics (RatisMetrics.java:lambda$create$0(36)) - Creating Metrics Registry : ratis.state_machine.a9448078-34fe-435b-8f34-59bdbb0249c7@group-C591ABAD571F
2021-02-05 13:31:44,467 [Command processor thread] INFO  commandhandler.CreatePipelineCommandHandler (CreatePipelineCommandHandler.java:handle(106)) - Created Pipeline RATIS ONE PipelineID=b8558157-3b7d-48f1-b562-c591abad571f.
2021-02-05 13:31:44,468 [Command processor thread] INFO  server.RaftServer (RaftServerProxy.java:addNew(95)) - a9448078-34fe-435b-8f34-59bdbb0249c7: addNew group-CBE835C2428B:[a9448078-34fe-435b-8f34-59bdbb0249c7|rpc:172.17.0.2:33155|priority:1, 9a530726-af8b-4f6c-9588-6c152d944b80|rpc:172.17.0.2:39199|priority:0, a4acbc3e-e00f-4d43-961e-4e2aff2ce09e|rpc:172.17.0.2:45209|priority:0] returns group-CBE835C2428B:java.util.concurrent.CompletableFuture@3236a15b[Not completed]
2021-02-05 13:31:44,468 [pool-233-thread-1] INFO  server.RaftServer$Division (RaftServerImpl.java:<init>(180)) - a9448078-34fe-435b-8f34-59bdbb0249c7: new RaftServerImpl for group-CBE835C2428B:[a9448078-34fe-435b-8f34-59bdbb0249c7|rpc:172.17.0.2:33155|priority:1, 9a530726-af8b-4f6c-9588-6c152d944b80|rpc:172.17.0.2:39199|priority:0, a4acbc3e-e00f-4d43-961e-4e2aff2ce09e|rpc:172.17.0.2:45209|priority:0] with ContainerStateMachine:uninitialized
2021-02-05 13:31:44,468 [pool-233-thread-1] INFO  server.RaftServerConfigKeys (ConfUtils.java:logGet(44)) - raft.server.rpc.timeout.min = 5s (custom)
2021-02-05 13:31:44,468 [pool-233-thread-1] INFO  server.RaftServerConfigKeys (ConfUtils.java:logGet(44)) - raft.server.rpc.timeout.max = 5200ms (custom)
2021-02-05 13:31:44,468 [pool-233-thread-1] INFO  server.RaftServerConfigKeys (ConfUtils.java:logGet(44)) - raft.server.rpc.sleep.time = 25ms (default)
2021-02-05 13:31:44,468 [pool-233-thread-1] INFO  server.RaftServerConfigKeys (ConfUtils.java:logGet(44)) - raft.server.rpc.slowness.timeout = 300000ms (custom)
2021-02-05 13:31:44,468 [pool-233-thread-1] INFO  server.RaftServerConfigKeys (ConfUtils.java:logGet(44)) - raft.server.leaderelection.leader.step-down.wait-time = 10s (default)
2021-02-05 13:31:44,469 [pool-233-thread-1] INFO  server.RaftServerConfigKeys (ConfUtils.java:logGet(44)) - raft.server.sleep.deviation.threshold = 300ms (default)
2021-02-05 13:31:44,469 [pool-233-thread-1] INFO  server.RaftServerConfigKeys (ConfUtils.java:logGet(44)) - raft.server.log.appender.install.snapshot.enabled = false (custom)
2021-02-05 13:31:44,469 [pool-233-thread-1] INFO  server.RaftServer$Division (ServerState.java:<init>(105)) - a9448078-34fe-435b-8f34-59bdbb0249c7@group-CBE835C2428B: ConfigurationManager, init=-1: [a9448078-34fe-435b-8f34-59bdbb0249c7|rpc:172.17.0.2:33155|priority:1, 9a530726-af8b-4f6c-9588-6c152d944b80|rpc:172.17.0.2:39199|priority:0, a4acbc3e-e00f-4d43-961e-4e2aff2ce09e|rpc:172.17.0.2:45209|priority:0], old=null, confs=<EMPTY_MAP>
2021-02-05 13:31:44,469 [pool-233-thread-1] INFO  server.RaftServerConfigKeys (ConfUtils.java:logGet(44)) - raft.server.storage.dir = [/github/workspace/mnt/ozone/hadoop-ozone/integration-test/target/test-dir/MiniOzoneClusterImpl-a92b2b3a-f9aa-4539-be01-238306fe77bb/datanode-0/data/ratis] (custom)
2021-02-05 13:31:44,469 [pool-233-thread-1] INFO  server.RaftServerConfigKeys (ConfUtils.java:logGet(44)) - raft.server.log.corruption.policy = EXCEPTION (default)
2021-02-05 13:31:44,469 [pool-233-thread-1] INFO  storage.RaftStorageDirectory (RaftStorageDirectoryImpl.java:analyzeStorage(132)) - The storage directory /github/workspace/mnt/ozone/hadoop-ozone/integration-test/target/test-dir/MiniOzoneClusterImpl-a92b2b3a-f9aa-4539-be01-238306fe77bb/datanode-0/data/ratis/0212408e-bf39-46ba-be38-cbe835c2428b does not exist. Creating ...
2021-02-05 13:31:44,470 [pool-233-thread-1] INFO  storage.RaftStorageDirectory (RaftStorageDirectoryImpl.java:tryLock(215)) - Lock on /github/workspace/mnt/ozone/hadoop-ozone/integration-test/target/test-dir/MiniOzoneClusterImpl-a92b2b3a-f9aa-4539-be01-238306fe77bb/datanode-0/data/ratis/0212408e-bf39-46ba-be38-cbe835c2428b/in_use.lock acquired by nodename 4634@c72a3e6d1148
2021-02-05 13:31:44,471 [pool-233-thread-1] INFO  storage.RaftStorage (RaftStorageImpl.java:format(87)) - Storage directory /github/workspace/mnt/ozone/hadoop-ozone/integration-test/target/test-dir/MiniOzoneClusterImpl-a92b2b3a-f9aa-4539-be01-238306fe77bb/datanode-0/data/ratis/0212408e-bf39-46ba-be38-cbe835c2428b has been successfully formatted.
2021-02-05 13:31:44,471 [pool-233-thread-1] INFO  ratis.ContainerStateMachine (ContainerStateMachine.java:loadSnapshot(223)) - group-CBE835C2428B: The snapshot info is null. Setting the last applied indexto:(t:0, i:~)
2021-02-05 13:31:44,471 [pool-233-thread-1] ERROR storage.RaftStorage (RaftStorageImpl.java:readRaftConfiguration(147)) - Failed reading configuration from file:/github/workspace/mnt/ozone/hadoop-ozone/integration-test/target/test-dir/MiniOzoneClusterImpl-a92b2b3a-f9aa-4539-be01-238306fe77bb/datanode-0/data/ratis/0212408e-bf39-46ba-be38-cbe835c2428b/current/raft-meta.conf
java.io.FileNotFoundException: /github/workspace/mnt/ozone/hadoop-ozone/integration-test/target/test-dir/MiniOzoneClusterImpl-a92b2b3a-f9aa-4539-be01-238306fe77bb/datanode-0/data/ratis/0212408e-bf39-46ba-be38-cbe835c2428b/current/raft-meta.conf (No such file or directory)
	at java.io.FileInputStream.open0(Native Method)
	at java.io.FileInputStream.open(FileInputStream.java:195)
	at java.io.FileInputStream.<init>(FileInputStream.java:138)
	at org.apache.ratis.server.storage.RaftStorageImpl.readRaftConfiguration(RaftStorageImpl.java:143)
	at org.apache.ratis.server.impl.ServerState.<init>(ServerState.java:122)
	at org.apache.ratis.server.impl.RaftServerImpl.<init>(RaftServerImpl.java:193)
	at org.apache.ratis.server.impl.RaftServerProxy.lambda$newRaftServerImpl$4(RaftServerProxy.java:266)
	at java.util.concurrent.CompletableFuture$AsyncSupply.run(CompletableFuture.java:1604)
	at java.util.concurrent.ThreadPoolExecutor.runWorker(ThreadPoolExecutor.java:1149)
	at java.util.concurrent.ThreadPoolExecutor$Worker.run(ThreadPoolExecutor.java:624)
	at java.lang.Thread.run(Thread.java:748)
2021-02-05 13:31:44,471 [pool-233-thread-1] INFO  server.RaftServerConfigKeys (ConfUtils.java:logGet(44)) - raft.server.notification.no-leader.timeout = 300000ms (custom)
2021-02-05 13:31:44,471 [pool-233-thread-1] INFO  server.RaftServerConfigKeys (ConfUtils.java:logGet(44)) - raft.server.log.use.memory = false (default)
2021-02-05 13:31:44,471 [pool-233-thread-1] INFO  server.RaftServerConfigKeys (ConfUtils.java:logGet(44)) - raft.server.log.purge.gap = 1000000 (custom)
2021-02-05 13:31:44,471 [pool-233-thread-1] INFO  server.RaftServerConfigKeys (ConfUtils.java:logGet(44)) - raft.server.log.appender.buffer.byte-limit = 33554432 (custom)
2021-02-05 13:31:44,472 [pool-233-thread-1] INFO  metrics.RatisMetrics (RatisMetrics.java:lambda$create$0(36)) - Creating Metrics Registry : ratis.log_worker.a9448078-34fe-435b-8f34-59bdbb0249c7@group-CBE835C2428B
2021-02-05 13:31:44,472 [EventQueue-PipelineReportForOneReplicaPipelineSafeModeRule] INFO  safemode.SCMSafeModeManager (SCMSafeModeManager.java:validateSafeModeExitRules(214)) - AtleastOneDatanodeReportedRule rule is successfully validated
2021-02-05 13:31:44,472 [EventQueue-OpenPipelineForHealthyPipelineSafeModeRule] INFO  safemode.SCMSafeModeManager (HealthyPipelineSafeModeRule.java:process(128)) - SCM in safe mode. Healthy pipelines reported count is 0, required healthy pipeline reported count is 1
2021-02-05 13:31:44,472 [pool-233-thread-1] INFO  server.RaftServerConfigKeys (ConfUtils.java:logGet(44)) - raft.server.log.segment.size.max = 1048576 (custom)
2021-02-05 13:31:44,475 [pool-249-thread-1] INFO  server.RaftServerConfigKeys (ConfUtils.java:logGet(44)) - raft.server.log.write.buffer.size = 1048576 (custom)
2021-02-05 13:31:44,476 [pool-249-thread-1] INFO  server.RaftServerConfigKeys (ConfUtils.java:logGet(44)) - raft.server.log.statemachine.data.caching.enabled = true (custom)
2021-02-05 13:31:44,476 [pool-249-thread-1] INFO  segmented.SegmentedRaftLogWorker (SegmentedRaftLogWorker.java:lambda$new$0(132)) - 9a530726-af8b-4f6c-9588-6c152d944b80@group-CBE835C2428B-SegmentedRaftLogWorker: flushIndex: setUnconditionally 0 -> -1
2021-02-05 13:31:44,476 [pool-249-thread-1] INFO  segmented.SegmentedRaftLogWorker (SegmentedRaftLogWorker.java:lambda$new$0(132)) - 9a530726-af8b-4f6c-9588-6c152d944b80@group-CBE835C2428B-SegmentedRaftLogWorker: safeCacheEvictIndex: setUnconditionally 0 -> -1
2021-02-05 13:31:44,476 [pool-265-thread-1] INFO  server.RaftServerConfigKeys (ConfUtils.java:logGet(44)) - raft.server.log.write.buffer.size = 1048576 (custom)
2021-02-05 13:31:44,477 [pool-265-thread-1] INFO  server.RaftServerConfigKeys (ConfUtils.java:logGet(44)) - raft.server.log.statemachine.data.caching.enabled = true (custom)
2021-02-05 13:31:44,477 [pool-265-thread-1] INFO  segmented.SegmentedRaftLogWorker (SegmentedRaftLogWorker.java:lambda$new$0(132)) - a4acbc3e-e00f-4d43-961e-4e2aff2ce09e@group-852FF7B1DE9B-SegmentedRaftLogWorker: flushIndex: setUnconditionally 0 -> -1
2021-02-05 13:31:44,477 [pool-265-thread-1] INFO  segmented.SegmentedRaftLogWorker (SegmentedRaftLogWorker.java:lambda$new$0(132)) - a4acbc3e-e00f-4d43-961e-4e2aff2ce09e@group-852FF7B1DE9B-SegmentedRaftLogWorker: safeCacheEvictIndex: setUnconditionally 0 -> -1
2021-02-05 13:31:44,477 [pool-233-thread-1] INFO  server.RaftServerConfigKeys (ConfUtils.java:logGet(44)) - raft.server.log.segment.cache.num.max = 2 (custom)
2021-02-05 13:31:44,477 [pool-233-thread-1] INFO  server.RaftServerConfigKeys (ConfUtils.java:logGet(44)) - raft.server.log.segment.cache.size.max = 200MB (=209715200) (default)
2021-02-05 13:31:44,477 [pool-233-thread-1] INFO  segmented.SegmentedRaftLogWorker (SegmentedRaftLogWorker.java:<init>(181)) - new a9448078-34fe-435b-8f34-59bdbb0249c7@group-CBE835C2428B-SegmentedRaftLogWorker for RaftStorageImpl:Storage Directory /github/workspace/mnt/ozone/hadoop-ozone/integration-test/target/test-dir/MiniOzoneClusterImpl-a92b2b3a-f9aa-4539-be01-238306fe77bb/datanode-0/data/ratis/0212408e-bf39-46ba-be38-cbe835c2428b
2021-02-05 13:31:44,477 [pool-233-thread-1] INFO  server.RaftServerConfigKeys (ConfUtils.java:logGet(44)) - raft.server.log.queue.byte-limit = 2147483647 (custom)
2021-02-05 13:31:44,477 [pool-233-thread-1] INFO  server.RaftServerConfigKeys (ConfUtils.java:logGet(44)) - raft.server.log.queue.element-limit = 1024 (custom)
2021-02-05 13:31:44,477 [pool-233-thread-1] INFO  server.RaftServerConfigKeys (ConfUtils.java:logGet(44)) - raft.server.log.segment.size.max = 1048576 (custom)
2021-02-05 13:31:44,478 [pool-233-thread-1] INFO  server.RaftServerConfigKeys (ConfUtils.java:logGet(44)) - raft.server.log.preallocated.size = 16384 (custom)
2021-02-05 13:31:44,478 [pool-233-thread-1] INFO  server.RaftServerConfigKeys (ConfUtils.java:logGet(44)) - raft.server.log.force.sync.num = 128 (default)
2021-02-05 13:31:44,478 [pool-233-thread-1] INFO  server.RaftServerConfigKeys (ConfUtils.java:logGet(44)) - raft.server.log.statemachine.data.sync = true (default)
2021-02-05 13:31:44,478 [pool-233-thread-1] INFO  server.RaftServerConfigKeys (ConfUtils.java:logGet(44)) - raft.server.log.statemachine.data.sync.timeout = 10s (default)
2021-02-05 13:31:44,478 [pool-233-thread-1] INFO  server.RaftServerConfigKeys (ConfUtils.java:logGet(44)) - raft.server.log.statemachine.data.sync.timeout.retry = -1 (default)
2021-02-05 13:31:44,485 [pool-249-thread-1] INFO  server.RaftServerConfigKeys (ConfUtils.java:logGet(44)) - raft.server.snapshot.auto.trigger.enabled = true (custom)
2021-02-05 13:31:44,485 [pool-249-thread-1] INFO  server.RaftServerConfigKeys (ConfUtils.java:logGet(44)) - raft.server.snapshot.auto.trigger.threshold = 10000 (custom)
2021-02-05 13:31:44,485 [pool-249-thread-1] INFO  server.RaftServerConfigKeys (ConfUtils.java:logGet(44)) - raft.server.snapshot.retention.file.num = 5 (custom)
2021-02-05 13:31:44,485 [pool-249-thread-1] INFO  server.RaftServerConfigKeys (ConfUtils.java:logGet(44)) - raft.server.log.purge.upto.snapshot.index = false (default)
2021-02-05 13:31:44,485 [pool-249-thread-1] INFO  server.RaftServerConfigKeys (ConfUtils.java:logGet(44)) - raft.server.retrycache.expirytime = 600000ms (custom)
2021-02-05 13:31:44,485 [pool-249-thread-1] INFO  server.RaftServerConfigKeys (ConfUtils.java:logGet(44)) - raft.server.retrycache.statistics.expirytime = 100?s (default)
2021-02-05 13:31:44,485 [pool-249-thread-1] INFO  metrics.RatisMetrics (RatisMetrics.java:lambda$create$0(36)) - Creating Metrics Registry : ratis.leader_election.9a530726-af8b-4f6c-9588-6c152d944b80@group-CBE835C2428B
2021-02-05 13:31:44,485 [pool-249-thread-1] INFO  metrics.RatisMetrics (RatisMetrics.java:lambda$create$0(36)) - Creating Metrics Registry : ratis.server.9a530726-af8b-4f6c-9588-6c152d944b80@group-CBE835C2428B
2021-02-05 13:31:44,486 [pool-249-thread-1] INFO  server.RaftServer$Division (RaftServerImpl.java:start(295)) - 9a530726-af8b-4f6c-9588-6c152d944b80@group-CBE835C2428B: start as a follower, conf=-1: [a9448078-34fe-435b-8f34-59bdbb0249c7|rpc:172.17.0.2:33155|priority:1, 9a530726-af8b-4f6c-9588-6c152d944b80|rpc:172.17.0.2:39199|priority:0, a4acbc3e-e00f-4d43-961e-4e2aff2ce09e|rpc:172.17.0.2:45209|priority:0], old=null
2021-02-05 13:31:44,487 [pool-249-thread-1] INFO  server.RaftServer$Division (RaftServerImpl.java:setRole(284)) - 9a530726-af8b-4f6c-9588-6c152d944b80@group-CBE835C2428B: changes role from      null to FOLLOWER at term 0 for startAsFollower
2021-02-05 13:31:44,487 [pool-233-thread-1] INFO  server.RaftServerConfigKeys (ConfUtils.java:logGet(44)) - raft.server.log.write.buffer.size = 1048576 (custom)
2021-02-05 13:31:44,488 [pool-233-thread-1] INFO  server.RaftServerConfigKeys (ConfUtils.java:logGet(44)) - raft.server.log.statemachine.data.caching.enabled = true (custom)
2021-02-05 13:31:44,488 [pool-233-thread-1] INFO  segmented.SegmentedRaftLogWorker (SegmentedRaftLogWorker.java:lambda$new$0(132)) - a9448078-34fe-435b-8f34-59bdbb0249c7@group-CBE835C2428B-SegmentedRaftLogWorker: flushIndex: setUnconditionally 0 -> -1
2021-02-05 13:31:44,488 [pool-233-thread-1] INFO  segmented.SegmentedRaftLogWorker (SegmentedRaftLogWorker.java:lambda$new$0(132)) - a9448078-34fe-435b-8f34-59bdbb0249c7@group-CBE835C2428B-SegmentedRaftLogWorker: safeCacheEvictIndex: setUnconditionally 0 -> -1
2021-02-05 13:31:44,489 [pool-265-thread-1] INFO  server.RaftServerConfigKeys (ConfUtils.java:logGet(44)) - raft.server.snapshot.auto.trigger.enabled = true (custom)
2021-02-05 13:31:44,489 [pool-265-thread-1] INFO  server.RaftServerConfigKeys (ConfUtils.java:logGet(44)) - raft.server.snapshot.auto.trigger.threshold = 10000 (custom)
2021-02-05 13:31:44,489 [pool-265-thread-1] INFO  server.RaftServerConfigKeys (ConfUtils.java:logGet(44)) - raft.server.snapshot.retention.file.num = 5 (custom)
2021-02-05 13:31:44,489 [pool-265-thread-1] INFO  server.RaftServerConfigKeys (ConfUtils.java:logGet(44)) - raft.server.log.purge.upto.snapshot.index = false (default)
2021-02-05 13:31:44,489 [pool-265-thread-1] INFO  server.RaftServerConfigKeys (ConfUtils.java:logGet(44)) - raft.server.retrycache.expirytime = 600000ms (custom)
2021-02-05 13:31:44,489 [pool-265-thread-1] INFO  server.RaftServerConfigKeys (ConfUtils.java:logGet(44)) - raft.server.retrycache.statistics.expirytime = 100?s (default)
2021-02-05 13:31:44,489 [pool-265-thread-1] INFO  metrics.RatisMetrics (RatisMetrics.java:lambda$create$0(36)) - Creating Metrics Registry : ratis.leader_election.a4acbc3e-e00f-4d43-961e-4e2aff2ce09e@group-852FF7B1DE9B
2021-02-05 13:31:44,489 [pool-265-thread-1] INFO  metrics.RatisMetrics (RatisMetrics.java:lambda$create$0(36)) - Creating Metrics Registry : ratis.server.a4acbc3e-e00f-4d43-961e-4e2aff2ce09e@group-852FF7B1DE9B
2021-02-05 13:31:44,490 [pool-265-thread-1] INFO  server.RaftServer$Division (RaftServerImpl.java:start(295)) - a4acbc3e-e00f-4d43-961e-4e2aff2ce09e@group-852FF7B1DE9B: start as a follower, conf=-1: [a4acbc3e-e00f-4d43-961e-4e2aff2ce09e|rpc:172.17.0.2:45209|priority:1], old=null
2021-02-05 13:31:44,490 [pool-265-thread-1] INFO  server.RaftServer$Division (RaftServerImpl.java:setRole(284)) - a4acbc3e-e00f-4d43-961e-4e2aff2ce09e@group-852FF7B1DE9B: changes role from      null to FOLLOWER at term 0 for startAsFollower
2021-02-05 13:31:44,490 [pool-265-thread-1] INFO  impl.RoleInfo (RoleInfo.java:updateAndGet(130)) - a4acbc3e-e00f-4d43-961e-4e2aff2ce09e: start a4acbc3e-e00f-4d43-961e-4e2aff2ce09e@group-852FF7B1DE9B-FollowerState
2021-02-05 13:31:44,491 [pool-265-thread-1] INFO  util.JmxRegister (JmxRegister.java:tryRegister(44)) - Successfully registered JMX Bean with object name Ratis:service=RaftServer,group=group-852FF7B1DE9B,id=a4acbc3e-e00f-4d43-961e-4e2aff2ce09e
2021-02-05 13:31:44,491 [pool-265-thread-1] INFO  metrics.RatisMetrics (RatisMetrics.java:lambda$create$0(36)) - Creating Metrics Registry : ratis.state_machine.a4acbc3e-e00f-4d43-961e-4e2aff2ce09e@group-852FF7B1DE9B
2021-02-05 13:31:44,491 [Command processor thread] INFO  commandhandler.CreatePipelineCommandHandler (CreatePipelineCommandHandler.java:handle(106)) - Created Pipeline RATIS ONE PipelineID=bd198e90-b01e-48e3-9a05-852ff7b1de9b.
2021-02-05 13:31:44,492 [pool-233-thread-1] INFO  server.RaftServerConfigKeys (ConfUtils.java:logGet(44)) - raft.server.snapshot.auto.trigger.enabled = true (custom)
2021-02-05 13:31:44,492 [pool-233-thread-1] INFO  server.RaftServerConfigKeys (ConfUtils.java:logGet(44)) - raft.server.snapshot.auto.trigger.threshold = 10000 (custom)
2021-02-05 13:31:44,492 [pool-233-thread-1] INFO  server.RaftServerConfigKeys (ConfUtils.java:logGet(44)) - raft.server.snapshot.retention.file.num = 5 (custom)
2021-02-05 13:31:44,492 [pool-233-thread-1] INFO  server.RaftServerConfigKeys (ConfUtils.java:logGet(44)) - raft.server.log.purge.upto.snapshot.index = false (default)
2021-02-05 13:31:44,492 [pool-233-thread-1] INFO  server.RaftServerConfigKeys (ConfUtils.java:logGet(44)) - raft.server.retrycache.expirytime = 600000ms (custom)
2021-02-05 13:31:44,492 [pool-233-thread-1] INFO  server.RaftServerConfigKeys (ConfUtils.java:logGet(44)) - raft.server.retrycache.statistics.expirytime = 100?s (default)
2021-02-05 13:31:44,492 [pool-233-thread-1] INFO  metrics.RatisMetrics (RatisMetrics.java:lambda$create$0(36)) - Creating Metrics Registry : ratis.leader_election.a9448078-34fe-435b-8f34-59bdbb0249c7@group-CBE835C2428B
2021-02-05 13:31:44,492 [pool-265-thread-1] INFO  server.RaftServer$Division (RaftServerImpl.java:<init>(180)) - a4acbc3e-e00f-4d43-961e-4e2aff2ce09e: new RaftServerImpl for group-CBE835C2428B:[a9448078-34fe-435b-8f34-59bdbb0249c7|rpc:172.17.0.2:33155|priority:1, 9a530726-af8b-4f6c-9588-6c152d944b80|rpc:172.17.0.2:39199|priority:0, a4acbc3e-e00f-4d43-961e-4e2aff2ce09e|rpc:172.17.0.2:45209|priority:0] with ContainerStateMachine:uninitialized
2021-02-05 13:31:44,492 [pool-265-thread-1] INFO  server.RaftServerConfigKeys (ConfUtils.java:logGet(44)) - raft.server.rpc.timeout.min = 5s (custom)
2021-02-05 13:31:44,492 [pool-265-thread-1] INFO  server.RaftServerConfigKeys (ConfUtils.java:logGet(44)) - raft.server.rpc.timeout.max = 5200ms (custom)
2021-02-05 13:31:44,492 [pool-265-thread-1] INFO  server.RaftServerConfigKeys (ConfUtils.java:logGet(44)) - raft.server.rpc.sleep.time = 25ms (default)
2021-02-05 13:31:44,492 [pool-265-thread-1] INFO  server.RaftServerConfigKeys (ConfUtils.java:logGet(44)) - raft.server.rpc.slowness.timeout = 300000ms (custom)
2021-02-05 13:31:44,492 [pool-265-thread-1] INFO  server.RaftServerConfigKeys (ConfUtils.java:logGet(44)) - raft.server.leaderelection.leader.step-down.wait-time = 10s (default)
2021-02-05 13:31:44,492 [pool-265-thread-1] INFO  server.RaftServerConfigKeys (ConfUtils.java:logGet(44)) - raft.server.sleep.deviation.threshold = 300ms (default)
2021-02-05 13:31:44,492 [pool-265-thread-1] INFO  server.RaftServerConfigKeys (ConfUtils.java:logGet(44)) - raft.server.log.appender.install.snapshot.enabled = false (custom)
2021-02-05 13:31:44,492 [pool-265-thread-1] INFO  server.RaftServer$Division (ServerState.java:<init>(105)) - a4acbc3e-e00f-4d43-961e-4e2aff2ce09e@group-CBE835C2428B: ConfigurationManager, init=-1: [a9448078-34fe-435b-8f34-59bdbb0249c7|rpc:172.17.0.2:33155|priority:1, 9a530726-af8b-4f6c-9588-6c152d944b80|rpc:172.17.0.2:39199|priority:0, a4acbc3e-e00f-4d43-961e-4e2aff2ce09e|rpc:172.17.0.2:45209|priority:0], old=null, confs=<EMPTY_MAP>
2021-02-05 13:31:44,493 [pool-265-thread-1] INFO  server.RaftServerConfigKeys (ConfUtils.java:logGet(44)) - raft.server.storage.dir = [/github/workspace/mnt/ozone/hadoop-ozone/integration-test/target/test-dir/MiniOzoneClusterImpl-a92b2b3a-f9aa-4539-be01-238306fe77bb/datanode-2/data/ratis] (custom)
2021-02-05 13:31:44,493 [pool-265-thread-1] INFO  server.RaftServerConfigKeys (ConfUtils.java:logGet(44)) - raft.server.log.corruption.policy = EXCEPTION (default)
2021-02-05 13:31:44,493 [pool-265-thread-1] INFO  storage.RaftStorageDirectory (RaftStorageDirectoryImpl.java:analyzeStorage(132)) - The storage directory /github/workspace/mnt/ozone/hadoop-ozone/integration-test/target/test-dir/MiniOzoneClusterImpl-a92b2b3a-f9aa-4539-be01-238306fe77bb/datanode-2/data/ratis/0212408e-bf39-46ba-be38-cbe835c2428b does not exist. Creating ...
2021-02-05 13:31:44,494 [pool-265-thread-1] INFO  storage.RaftStorageDirectory (RaftStorageDirectoryImpl.java:tryLock(215)) - Lock on /github/workspace/mnt/ozone/hadoop-ozone/integration-test/target/test-dir/MiniOzoneClusterImpl-a92b2b3a-f9aa-4539-be01-238306fe77bb/datanode-2/data/ratis/0212408e-bf39-46ba-be38-cbe835c2428b/in_use.lock acquired by nodename 4634@c72a3e6d1148
2021-02-05 13:31:44,492 [Command processor thread] INFO  server.RaftServer (RaftServerProxy.java:addNew(95)) - a4acbc3e-e00f-4d43-961e-4e2aff2ce09e: addNew group-CBE835C2428B:[a9448078-34fe-435b-8f34-59bdbb0249c7|rpc:172.17.0.2:33155|priority:1, 9a530726-af8b-4f6c-9588-6c152d944b80|rpc:172.17.0.2:39199|priority:0, a4acbc3e-e00f-4d43-961e-4e2aff2ce09e|rpc:172.17.0.2:45209|priority:0] returns group-CBE835C2428B:java.util.concurrent.CompletableFuture@176acb7b[Not completed]
2021-02-05 13:31:44,492 [pool-249-thread-1] INFO  impl.RoleInfo (RoleInfo.java:updateAndGet(130)) - 9a530726-af8b-4f6c-9588-6c152d944b80: start 9a530726-af8b-4f6c-9588-6c152d944b80@group-CBE835C2428B-FollowerState
2021-02-05 13:31:44,492 [pool-233-thread-1] INFO  metrics.RatisMetrics (RatisMetrics.java:lambda$create$0(36)) - Creating Metrics Registry : ratis.server.a9448078-34fe-435b-8f34-59bdbb0249c7@group-CBE835C2428B
2021-02-05 13:31:44,495 [pool-233-thread-1] INFO  server.RaftServer$Division (RaftServerImpl.java:start(295)) - a9448078-34fe-435b-8f34-59bdbb0249c7@group-CBE835C2428B: start as a follower, conf=-1: [a9448078-34fe-435b-8f34-59bdbb0249c7|rpc:172.17.0.2:33155|priority:1, 9a530726-af8b-4f6c-9588-6c152d944b80|rpc:172.17.0.2:39199|priority:0, a4acbc3e-e00f-4d43-961e-4e2aff2ce09e|rpc:172.17.0.2:45209|priority:0], old=null
2021-02-05 13:31:44,495 [pool-233-thread-1] INFO  server.RaftServer$Division (RaftServerImpl.java:setRole(284)) - a9448078-34fe-435b-8f34-59bdbb0249c7@group-CBE835C2428B: changes role from      null to FOLLOWER at term 0 for startAsFollower
2021-02-05 13:31:44,495 [pool-249-thread-1] INFO  util.JmxRegister (JmxRegister.java:tryRegister(44)) - Successfully registered JMX Bean with object name Ratis:service=RaftServer,group=group-CBE835C2428B,id=9a530726-af8b-4f6c-9588-6c152d944b80
2021-02-05 13:31:44,495 [pool-249-thread-1] INFO  metrics.RatisMetrics (RatisMetrics.java:lambda$create$0(36)) - Creating Metrics Registry : ratis.state_machine.9a530726-af8b-4f6c-9588-6c152d944b80@group-CBE835C2428B
2021-02-05 13:31:44,496 [pool-233-thread-1] INFO  impl.RoleInfo (RoleInfo.java:updateAndGet(130)) - a9448078-34fe-435b-8f34-59bdbb0249c7: start a9448078-34fe-435b-8f34-59bdbb0249c7@group-CBE835C2428B-FollowerState
2021-02-05 13:31:44,496 [pool-265-thread-1] INFO  storage.RaftStorage (RaftStorageImpl.java:format(87)) - Storage directory /github/workspace/mnt/ozone/hadoop-ozone/integration-test/target/test-dir/MiniOzoneClusterImpl-a92b2b3a-f9aa-4539-be01-238306fe77bb/datanode-2/data/ratis/0212408e-bf39-46ba-be38-cbe835c2428b has been successfully formatted.
2021-02-05 13:31:44,496 [pool-233-thread-1] INFO  util.JmxRegister (JmxRegister.java:tryRegister(44)) - Successfully registered JMX Bean with object name Ratis:service=RaftServer,group=group-CBE835C2428B,id=a9448078-34fe-435b-8f34-59bdbb0249c7
2021-02-05 13:31:44,496 [pool-233-thread-1] INFO  metrics.RatisMetrics (RatisMetrics.java:lambda$create$0(36)) - Creating Metrics Registry : ratis.state_machine.a9448078-34fe-435b-8f34-59bdbb0249c7@group-CBE835C2428B
2021-02-05 13:31:44,498 [Command processor thread] INFO  metrics.RatisMetrics (RatisMetrics.java:lambda$create$0(36)) - Creating Metrics Registry : ratis.client_message_metrics.client-E464D57AD13F->a4acbc3e-e00f-4d43-961e-4e2aff2ce09e
2021-02-05 13:31:44,501 [pool-265-thread-1] INFO  ratis.ContainerStateMachine (ContainerStateMachine.java:loadSnapshot(223)) - group-CBE835C2428B: The snapshot info is null. Setting the last applied indexto:(t:0, i:~)
2021-02-05 13:31:44,501 [pool-265-thread-1] ERROR storage.RaftStorage (RaftStorageImpl.java:readRaftConfiguration(147)) - Failed reading configuration from file:/github/workspace/mnt/ozone/hadoop-ozone/integration-test/target/test-dir/MiniOzoneClusterImpl-a92b2b3a-f9aa-4539-be01-238306fe77bb/datanode-2/data/ratis/0212408e-bf39-46ba-be38-cbe835c2428b/current/raft-meta.conf
java.io.FileNotFoundException: /github/workspace/mnt/ozone/hadoop-ozone/integration-test/target/test-dir/MiniOzoneClusterImpl-a92b2b3a-f9aa-4539-be01-238306fe77bb/datanode-2/data/ratis/0212408e-bf39-46ba-be38-cbe835c2428b/current/raft-meta.conf (No such file or directory)
	at java.io.FileInputStream.open0(Native Method)
	at java.io.FileInputStream.open(FileInputStream.java:195)
	at java.io.FileInputStream.<init>(FileInputStream.java:138)
	at org.apache.ratis.server.storage.RaftStorageImpl.readRaftConfiguration(RaftStorageImpl.java:143)
	at org.apache.ratis.server.impl.ServerState.<init>(ServerState.java:122)
	at org.apache.ratis.server.impl.RaftServerImpl.<init>(RaftServerImpl.java:193)
	at org.apache.ratis.server.impl.RaftServerProxy.lambda$newRaftServerImpl$4(RaftServerProxy.java:266)
	at java.util.concurrent.CompletableFuture$AsyncSupply.run(CompletableFuture.java:1604)
	at java.util.concurrent.ThreadPoolExecutor.runWorker(ThreadPoolExecutor.java:1149)
	at java.util.concurrent.ThreadPoolExecutor$Worker.run(ThreadPoolExecutor.java:624)
	at java.lang.Thread.run(Thread.java:748)
2021-02-05 13:31:44,501 [pool-265-thread-1] INFO  server.RaftServerConfigKeys (ConfUtils.java:logGet(44)) - raft.server.notification.no-leader.timeout = 300000ms (custom)
2021-02-05 13:31:44,501 [pool-265-thread-1] INFO  server.RaftServerConfigKeys (ConfUtils.java:logGet(44)) - raft.server.log.use.memory = false (default)
2021-02-05 13:31:44,501 [pool-265-thread-1] INFO  server.RaftServerConfigKeys (ConfUtils.java:logGet(44)) - raft.server.log.purge.gap = 1000000 (custom)
2021-02-05 13:31:44,501 [pool-265-thread-1] INFO  server.RaftServerConfigKeys (ConfUtils.java:logGet(44)) - raft.server.log.appender.buffer.byte-limit = 33554432 (custom)
2021-02-05 13:31:44,501 [pool-265-thread-1] INFO  metrics.RatisMetrics (RatisMetrics.java:lambda$create$0(36)) - Creating Metrics Registry : ratis.log_worker.a4acbc3e-e00f-4d43-961e-4e2aff2ce09e@group-CBE835C2428B
2021-02-05 13:31:44,502 [pool-265-thread-1] INFO  server.RaftServerConfigKeys (ConfUtils.java:logGet(44)) - raft.server.log.segment.size.max = 1048576 (custom)
2021-02-05 13:31:44,502 [pool-265-thread-1] INFO  server.RaftServerConfigKeys (ConfUtils.java:logGet(44)) - raft.server.log.segment.cache.num.max = 2 (custom)
2021-02-05 13:31:44,502 [pool-265-thread-1] INFO  server.RaftServerConfigKeys (ConfUtils.java:logGet(44)) - raft.server.log.segment.cache.size.max = 200MB (=209715200) (default)
2021-02-05 13:31:44,502 [pool-265-thread-1] INFO  segmented.SegmentedRaftLogWorker (SegmentedRaftLogWorker.java:<init>(181)) - new a4acbc3e-e00f-4d43-961e-4e2aff2ce09e@group-CBE835C2428B-SegmentedRaftLogWorker for RaftStorageImpl:Storage Directory /github/workspace/mnt/ozone/hadoop-ozone/integration-test/target/test-dir/MiniOzoneClusterImpl-a92b2b3a-f9aa-4539-be01-238306fe77bb/datanode-2/data/ratis/0212408e-bf39-46ba-be38-cbe835c2428b
2021-02-05 13:31:44,502 [pool-265-thread-1] INFO  server.RaftServerConfigKeys (ConfUtils.java:logGet(44)) - raft.server.log.queue.byte-limit = 2147483647 (custom)
2021-02-05 13:31:44,502 [pool-265-thread-1] INFO  server.RaftServerConfigKeys (ConfUtils.java:logGet(44)) - raft.server.log.queue.element-limit = 1024 (custom)
2021-02-05 13:31:44,502 [pool-265-thread-1] INFO  server.RaftServerConfigKeys (ConfUtils.java:logGet(44)) - raft.server.log.segment.size.max = 1048576 (custom)
2021-02-05 13:31:44,502 [pool-265-thread-1] INFO  server.RaftServerConfigKeys (ConfUtils.java:logGet(44)) - raft.server.log.preallocated.size = 16384 (custom)
2021-02-05 13:31:44,502 [pool-265-thread-1] INFO  server.RaftServerConfigKeys (ConfUtils.java:logGet(44)) - raft.server.log.force.sync.num = 128 (default)
2021-02-05 13:31:44,502 [pool-265-thread-1] INFO  server.RaftServerConfigKeys (ConfUtils.java:logGet(44)) - raft.server.log.statemachine.data.sync = true (default)
2021-02-05 13:31:44,502 [pool-265-thread-1] INFO  server.RaftServerConfigKeys (ConfUtils.java:logGet(44)) - raft.server.log.statemachine.data.sync.timeout = 10s (default)
2021-02-05 13:31:44,502 [pool-265-thread-1] INFO  server.RaftServerConfigKeys (ConfUtils.java:logGet(44)) - raft.server.log.statemachine.data.sync.timeout.retry = -1 (default)
2021-02-05 13:31:44,503 [pool-265-thread-1] INFO  server.RaftServerConfigKeys (ConfUtils.java:logGet(44)) - raft.server.log.write.buffer.size = 1048576 (custom)
2021-02-05 13:31:44,504 [pool-265-thread-1] INFO  server.RaftServerConfigKeys (ConfUtils.java:logGet(44)) - raft.server.log.statemachine.data.caching.enabled = true (custom)
2021-02-05 13:31:44,504 [pool-265-thread-1] INFO  segmented.SegmentedRaftLogWorker (SegmentedRaftLogWorker.java:lambda$new$0(132)) - a4acbc3e-e00f-4d43-961e-4e2aff2ce09e@group-CBE835C2428B-SegmentedRaftLogWorker: flushIndex: setUnconditionally 0 -> -1
2021-02-05 13:31:44,504 [pool-265-thread-1] INFO  segmented.SegmentedRaftLogWorker (SegmentedRaftLogWorker.java:lambda$new$0(132)) - a4acbc3e-e00f-4d43-961e-4e2aff2ce09e@group-CBE835C2428B-SegmentedRaftLogWorker: safeCacheEvictIndex: setUnconditionally 0 -> -1
2021-02-05 13:31:44,505 [Command processor thread] INFO  metrics.RatisMetrics (RatisMetrics.java:lambda$create$0(36)) - Creating Metrics Registry : ratis.client_message_metrics.client-3B877F78FC75->a9448078-34fe-435b-8f34-59bdbb0249c7
2021-02-05 13:31:44,509 [EventQueue-OpenPipelineForHealthyPipelineSafeModeRule] INFO  safemode.SCMSafeModeManager (HealthyPipelineSafeModeRule.java:process(128)) - SCM in safe mode. Healthy pipelines reported count is 0, required healthy pipeline reported count is 1
2021-02-05 13:31:44,509 [EventQueue-PipelineReportForOneReplicaPipelineSafeModeRule] INFO  safemode.SCMSafeModeManager (SCMSafeModeManager.java:validateSafeModeExitRules(214)) - AtleastOneDatanodeReportedRule rule is successfully validated
2021-02-05 13:31:44,511 [grpc-default-executor-2] INFO  metrics.RatisMetrics (RatisMetrics.java:lambda$create$0(36)) - Creating Metrics Registry : ratis.server_message_metrics.a4acbc3e-e00f-4d43-961e-4e2aff2ce09e
2021-02-05 13:31:44,512 [grpc-default-executor-1] INFO  metrics.RatisMetrics (RatisMetrics.java:lambda$create$0(36)) - Creating Metrics Registry : ratis.server_message_metrics.a9448078-34fe-435b-8f34-59bdbb0249c7
2021-02-05 13:31:44,512 [pool-265-thread-1] INFO  server.RaftServerConfigKeys (ConfUtils.java:logGet(44)) - raft.server.snapshot.auto.trigger.enabled = true (custom)
2021-02-05 13:31:44,512 [pool-265-thread-1] INFO  server.RaftServerConfigKeys (ConfUtils.java:logGet(44)) - raft.server.snapshot.auto.trigger.threshold = 10000 (custom)
2021-02-05 13:31:44,512 [pool-265-thread-1] INFO  server.RaftServerConfigKeys (ConfUtils.java:logGet(44)) - raft.server.snapshot.retention.file.num = 5 (custom)
2021-02-05 13:31:44,512 [pool-265-thread-1] INFO  server.RaftServerConfigKeys (ConfUtils.java:logGet(44)) - raft.server.log.purge.upto.snapshot.index = false (default)
2021-02-05 13:31:44,512 [pool-265-thread-1] INFO  server.RaftServerConfigKeys (ConfUtils.java:logGet(44)) - raft.server.retrycache.expirytime = 600000ms (custom)
2021-02-05 13:31:44,512 [pool-265-thread-1] INFO  server.RaftServerConfigKeys (ConfUtils.java:logGet(44)) - raft.server.retrycache.statistics.expirytime = 100?s (default)
2021-02-05 13:31:44,512 [pool-265-thread-1] INFO  metrics.RatisMetrics (RatisMetrics.java:lambda$create$0(36)) - Creating Metrics Registry : ratis.leader_election.a4acbc3e-e00f-4d43-961e-4e2aff2ce09e@group-CBE835C2428B
2021-02-05 13:31:44,513 [pool-265-thread-1] INFO  metrics.RatisMetrics (RatisMetrics.java:lambda$create$0(36)) - Creating Metrics Registry : ratis.server.a4acbc3e-e00f-4d43-961e-4e2aff2ce09e@group-CBE835C2428B
2021-02-05 13:31:44,514 [pool-265-thread-1] INFO  server.RaftServer$Division (RaftServerImpl.java:start(295)) - a4acbc3e-e00f-4d43-961e-4e2aff2ce09e@group-CBE835C2428B: start as a follower, conf=-1: [a9448078-34fe-435b-8f34-59bdbb0249c7|rpc:172.17.0.2:33155|priority:1, 9a530726-af8b-4f6c-9588-6c152d944b80|rpc:172.17.0.2:39199|priority:0, a4acbc3e-e00f-4d43-961e-4e2aff2ce09e|rpc:172.17.0.2:45209|priority:0], old=null
2021-02-05 13:31:44,514 [pool-265-thread-1] INFO  server.RaftServer$Division (RaftServerImpl.java:setRole(284)) - a4acbc3e-e00f-4d43-961e-4e2aff2ce09e@group-CBE835C2428B: changes role from      null to FOLLOWER at term 0 for startAsFollower
2021-02-05 13:31:44,514 [pool-265-thread-1] INFO  impl.RoleInfo (RoleInfo.java:updateAndGet(130)) - a4acbc3e-e00f-4d43-961e-4e2aff2ce09e: start a4acbc3e-e00f-4d43-961e-4e2aff2ce09e@group-CBE835C2428B-FollowerState
2021-02-05 13:31:44,514 [pool-265-thread-1] INFO  util.JmxRegister (JmxRegister.java:tryRegister(44)) - Successfully registered JMX Bean with object name Ratis:service=RaftServer,group=group-CBE835C2428B,id=a4acbc3e-e00f-4d43-961e-4e2aff2ce09e
2021-02-05 13:31:44,514 [pool-265-thread-1] INFO  metrics.RatisMetrics (RatisMetrics.java:lambda$create$0(36)) - Creating Metrics Registry : ratis.state_machine.a4acbc3e-e00f-4d43-961e-4e2aff2ce09e@group-CBE835C2428B
2021-02-05 13:31:44,518 [Command processor thread] INFO  metrics.RatisMetrics (RatisMetrics.java:lambda$create$0(36)) - Creating Metrics Registry : ratis.client_message_metrics.client-E6B56276E00D->a9448078-34fe-435b-8f34-59bdbb0249c7
2021-02-05 13:31:44,546 [Command processor thread] INFO  metrics.RatisMetrics (RatisMetrics.java:lambda$create$0(36)) - Creating Metrics Registry : ratis.client_message_metrics.client-CF15D9BBDC2F->a4acbc3e-e00f-4d43-961e-4e2aff2ce09e
2021-02-05 13:31:44,548 [Command processor thread] INFO  metrics.RatisMetrics (RatisMetrics.java:lambda$create$0(36)) - Creating Metrics Registry : ratis.client_message_metrics.client-1F90C1C88F5C->9a530726-af8b-4f6c-9588-6c152d944b80
2021-02-05 13:31:44,548 [Command processor thread] INFO  metrics.RatisMetrics (RatisMetrics.java:lambda$create$0(36)) - Creating Metrics Registry : ratis.client_message_metrics.client-9AB9970541FE->9a530726-af8b-4f6c-9588-6c152d944b80
2021-02-05 13:31:44,554 [grpc-default-executor-3] INFO  metrics.RatisMetrics (RatisMetrics.java:lambda$create$0(36)) - Creating Metrics Registry : ratis.server_message_metrics.9a530726-af8b-4f6c-9588-6c152d944b80
2021-02-05 13:31:44,598 [Command processor thread] INFO  commandhandler.CreatePipelineCommandHandler (CreatePipelineCommandHandler.java:handle(106)) - Created Pipeline RATIS THREE PipelineID=0212408e-bf39-46ba-be38-cbe835c2428b.
2021-02-05 13:31:44,599 [Command processor thread] INFO  commandhandler.CreatePipelineCommandHandler (CreatePipelineCommandHandler.java:handle(106)) - Created Pipeline RATIS THREE PipelineID=0212408e-bf39-46ba-be38-cbe835c2428b.
2021-02-05 13:31:44,602 [Command processor thread] INFO  commandhandler.CreatePipelineCommandHandler (CreatePipelineCommandHandler.java:handle(106)) - Created Pipeline RATIS THREE PipelineID=0212408e-bf39-46ba-be38-cbe835c2428b.
2021-02-05 13:31:44,629 [Command processor thread] INFO  server.RaftServer (RaftServerProxy.java:addNew(95)) - 5636fed9-8cb9-4b03-9cef-dc5fa3810e57: addNew group-3BD005778729:[5636fed9-8cb9-4b03-9cef-dc5fa3810e57|rpc:172.17.0.2:46415|priority:1] returns group-3BD005778729:java.util.concurrent.CompletableFuture@f86317f[Not completed]
2021-02-05 13:31:44,631 [pool-281-thread-1] INFO  server.RaftServer$Division (RaftServerImpl.java:<init>(180)) - 5636fed9-8cb9-4b03-9cef-dc5fa3810e57: new RaftServerImpl for group-3BD005778729:[5636fed9-8cb9-4b03-9cef-dc5fa3810e57|rpc:172.17.0.2:46415|priority:1] with ContainerStateMachine:uninitialized
2021-02-05 13:31:44,632 [pool-281-thread-1] INFO  server.RaftServerConfigKeys (ConfUtils.java:logGet(44)) - raft.server.rpc.timeout.min = 5s (custom)
2021-02-05 13:31:44,632 [pool-281-thread-1] INFO  server.RaftServerConfigKeys (ConfUtils.java:logGet(44)) - raft.server.rpc.timeout.max = 5200ms (custom)
2021-02-05 13:31:44,632 [pool-281-thread-1] INFO  server.RaftServerConfigKeys (ConfUtils.java:logGet(44)) - raft.server.rpc.sleep.time = 25ms (default)
2021-02-05 13:31:44,632 [pool-281-thread-1] INFO  server.RaftServerConfigKeys (ConfUtils.java:logGet(44)) - raft.server.rpc.slowness.timeout = 300000ms (custom)
2021-02-05 13:31:44,632 [pool-281-thread-1] INFO  server.RaftServerConfigKeys (ConfUtils.java:logGet(44)) - raft.server.leaderelection.leader.step-down.wait-time = 10s (default)
2021-02-05 13:31:44,632 [pool-281-thread-1] INFO  server.RaftServerConfigKeys (ConfUtils.java:logGet(44)) - raft.server.sleep.deviation.threshold = 300ms (default)
2021-02-05 13:31:44,632 [pool-281-thread-1] INFO  server.RaftServerConfigKeys (ConfUtils.java:logGet(44)) - raft.server.log.appender.install.snapshot.enabled = false (custom)
2021-02-05 13:31:44,633 [pool-281-thread-1] INFO  server.RaftServer$Division (ServerState.java:<init>(105)) - 5636fed9-8cb9-4b03-9cef-dc5fa3810e57@group-3BD005778729: ConfigurationManager, init=-1: [5636fed9-8cb9-4b03-9cef-dc5fa3810e57|rpc:172.17.0.2:46415|priority:1], old=null, confs=<EMPTY_MAP>
2021-02-05 13:31:44,633 [pool-281-thread-1] INFO  server.RaftServerConfigKeys (ConfUtils.java:logGet(44)) - raft.server.storage.dir = [/github/workspace/mnt/ozone/hadoop-ozone/integration-test/target/test-dir/MiniOzoneClusterImpl-a92b2b3a-f9aa-4539-be01-238306fe77bb/datanode-3/data/ratis] (custom)
2021-02-05 13:31:44,633 [pool-281-thread-1] INFO  server.RaftServerConfigKeys (ConfUtils.java:logGet(44)) - raft.server.log.corruption.policy = EXCEPTION (default)
2021-02-05 13:31:44,633 [pool-281-thread-1] INFO  storage.RaftStorageDirectory (RaftStorageDirectoryImpl.java:analyzeStorage(132)) - The storage directory /github/workspace/mnt/ozone/hadoop-ozone/integration-test/target/test-dir/MiniOzoneClusterImpl-a92b2b3a-f9aa-4539-be01-238306fe77bb/datanode-3/data/ratis/57268257-d7a8-4904-b877-3bd005778729 does not exist. Creating ...
2021-02-05 13:31:44,634 [pool-281-thread-1] INFO  storage.RaftStorageDirectory (RaftStorageDirectoryImpl.java:tryLock(215)) - Lock on /github/workspace/mnt/ozone/hadoop-ozone/integration-test/target/test-dir/MiniOzoneClusterImpl-a92b2b3a-f9aa-4539-be01-238306fe77bb/datanode-3/data/ratis/57268257-d7a8-4904-b877-3bd005778729/in_use.lock acquired by nodename 4634@c72a3e6d1148
2021-02-05 13:31:44,635 [pool-281-thread-1] INFO  storage.RaftStorage (RaftStorageImpl.java:format(87)) - Storage directory /github/workspace/mnt/ozone/hadoop-ozone/integration-test/target/test-dir/MiniOzoneClusterImpl-a92b2b3a-f9aa-4539-be01-238306fe77bb/datanode-3/data/ratis/57268257-d7a8-4904-b877-3bd005778729 has been successfully formatted.
2021-02-05 13:31:44,635 [pool-281-thread-1] INFO  ratis.ContainerStateMachine (ContainerStateMachine.java:loadSnapshot(223)) - group-3BD005778729: The snapshot info is null. Setting the last applied indexto:(t:0, i:~)
2021-02-05 13:31:44,635 [pool-281-thread-1] ERROR storage.RaftStorage (RaftStorageImpl.java:readRaftConfiguration(147)) - Failed reading configuration from file:/github/workspace/mnt/ozone/hadoop-ozone/integration-test/target/test-dir/MiniOzoneClusterImpl-a92b2b3a-f9aa-4539-be01-238306fe77bb/datanode-3/data/ratis/57268257-d7a8-4904-b877-3bd005778729/current/raft-meta.conf
java.io.FileNotFoundException: /github/workspace/mnt/ozone/hadoop-ozone/integration-test/target/test-dir/MiniOzoneClusterImpl-a92b2b3a-f9aa-4539-be01-238306fe77bb/datanode-3/data/ratis/57268257-d7a8-4904-b877-3bd005778729/current/raft-meta.conf (No such file or directory)
	at java.io.FileInputStream.open0(Native Method)
	at java.io.FileInputStream.open(FileInputStream.java:195)
	at java.io.FileInputStream.<init>(FileInputStream.java:138)
	at org.apache.ratis.server.storage.RaftStorageImpl.readRaftConfiguration(RaftStorageImpl.java:143)
	at org.apache.ratis.server.impl.ServerState.<init>(ServerState.java:122)
	at org.apache.ratis.server.impl.RaftServerImpl.<init>(RaftServerImpl.java:193)
	at org.apache.ratis.server.impl.RaftServerProxy.lambda$newRaftServerImpl$4(RaftServerProxy.java:266)
	at java.util.concurrent.CompletableFuture$AsyncSupply.run(CompletableFuture.java:1604)
	at java.util.concurrent.ThreadPoolExecutor.runWorker(ThreadPoolExecutor.java:1149)
	at java.util.concurrent.ThreadPoolExecutor$Worker.run(ThreadPoolExecutor.java:624)
	at java.lang.Thread.run(Thread.java:748)
2021-02-05 13:31:44,636 [pool-281-thread-1] INFO  server.RaftServerConfigKeys (ConfUtils.java:logGet(44)) - raft.server.notification.no-leader.timeout = 300000ms (custom)
2021-02-05 13:31:44,636 [pool-281-thread-1] INFO  server.RaftServerConfigKeys (ConfUtils.java:logGet(44)) - raft.server.log.use.memory = false (default)
2021-02-05 13:31:44,636 [EventQueue-PipelineReportForPipelineReportHandler] INFO  pipeline.PipelineStateManager (PipelineStateManager.java:openPipeline(132)) - Pipeline Pipeline[ Id: 57268257-d7a8-4904-b877-3bd005778729, Nodes: 5636fed9-8cb9-4b03-9cef-dc5fa3810e57{ip: 172.17.0.2, host: c72a3e6d1148, ports: [REPLICATION=45813, RATIS=46415, STANDALONE=43495], networkLocation: /default-rack, certSerialId: null, persistedOpState: IN_SERVICE, persistedOpStateExpiryEpochSec: 0}, Type:RATIS, Factor:ONE, State:ALLOCATED, leaderId:5636fed9-8cb9-4b03-9cef-dc5fa3810e57, CreationTimestamp2021-02-05T13:31:41.630Z] moved to OPEN state
2021-02-05 13:31:44,636 [EventQueue-PipelineReportForOneReplicaPipelineSafeModeRule] INFO  safemode.SCMSafeModeManager (SCMSafeModeManager.java:validateSafeModeExitRules(214)) - AtleastOneDatanodeReportedRule rule is successfully validated
2021-02-05 13:31:44,636 [EventQueue-OpenPipelineForHealthyPipelineSafeModeRule] INFO  safemode.SCMSafeModeManager (HealthyPipelineSafeModeRule.java:process(128)) - SCM in safe mode. Healthy pipelines reported count is 0, required healthy pipeline reported count is 1
2021-02-05 13:31:44,636 [pool-281-thread-1] INFO  server.RaftServerConfigKeys (ConfUtils.java:logGet(44)) - raft.server.log.purge.gap = 1000000 (custom)
2021-02-05 13:31:44,636 [pool-281-thread-1] INFO  server.RaftServerConfigKeys (ConfUtils.java:logGet(44)) - raft.server.log.appender.buffer.byte-limit = 33554432 (custom)
2021-02-05 13:31:44,636 [pool-281-thread-1] INFO  metrics.RatisMetrics (RatisMetrics.java:lambda$create$0(36)) - Creating Metrics Registry : ratis.log_worker.5636fed9-8cb9-4b03-9cef-dc5fa3810e57@group-3BD005778729
2021-02-05 13:31:44,637 [pool-281-thread-1] INFO  server.RaftServerConfigKeys (ConfUtils.java:logGet(44)) - raft.server.log.segment.size.max = 1048576 (custom)
2021-02-05 13:31:44,641 [pool-281-thread-1] INFO  server.RaftServerConfigKeys (ConfUtils.java:logGet(44)) - raft.server.log.segment.cache.num.max = 2 (custom)
2021-02-05 13:31:44,641 [pool-281-thread-1] INFO  server.RaftServerConfigKeys (ConfUtils.java:logGet(44)) - raft.server.log.segment.cache.size.max = 200MB (=209715200) (default)
2021-02-05 13:31:44,642 [pool-281-thread-1] INFO  segmented.SegmentedRaftLogWorker (SegmentedRaftLogWorker.java:<init>(181)) - new 5636fed9-8cb9-4b03-9cef-dc5fa3810e57@group-3BD005778729-SegmentedRaftLogWorker for RaftStorageImpl:Storage Directory /github/workspace/mnt/ozone/hadoop-ozone/integration-test/target/test-dir/MiniOzoneClusterImpl-a92b2b3a-f9aa-4539-be01-238306fe77bb/datanode-3/data/ratis/57268257-d7a8-4904-b877-3bd005778729
2021-02-05 13:31:44,642 [pool-281-thread-1] INFO  server.RaftServerConfigKeys (ConfUtils.java:logGet(44)) - raft.server.log.queue.byte-limit = 2147483647 (custom)
2021-02-05 13:31:44,642 [pool-281-thread-1] INFO  server.RaftServerConfigKeys (ConfUtils.java:logGet(44)) - raft.server.log.queue.element-limit = 1024 (custom)
2021-02-05 13:31:44,642 [pool-281-thread-1] INFO  server.RaftServerConfigKeys (ConfUtils.java:logGet(44)) - raft.server.log.segment.size.max = 1048576 (custom)
2021-02-05 13:31:44,642 [pool-281-thread-1] INFO  server.RaftServerConfigKeys (ConfUtils.java:logGet(44)) - raft.server.log.preallocated.size = 16384 (custom)
2021-02-05 13:31:44,642 [pool-281-thread-1] INFO  server.RaftServerConfigKeys (ConfUtils.java:logGet(44)) - raft.server.log.force.sync.num = 128 (default)
2021-02-05 13:31:44,642 [pool-281-thread-1] INFO  server.RaftServerConfigKeys (ConfUtils.java:logGet(44)) - raft.server.log.statemachine.data.sync = true (default)
2021-02-05 13:31:44,642 [pool-281-thread-1] INFO  server.RaftServerConfigKeys (ConfUtils.java:logGet(44)) - raft.server.log.statemachine.data.sync.timeout = 10s (default)
2021-02-05 13:31:44,642 [pool-281-thread-1] INFO  server.RaftServerConfigKeys (ConfUtils.java:logGet(44)) - raft.server.log.statemachine.data.sync.timeout.retry = -1 (default)
2021-02-05 13:31:44,643 [pool-281-thread-1] INFO  server.RaftServerConfigKeys (ConfUtils.java:logGet(44)) - raft.server.log.write.buffer.size = 1048576 (custom)
2021-02-05 13:31:44,644 [pool-281-thread-1] INFO  server.RaftServerConfigKeys (ConfUtils.java:logGet(44)) - raft.server.log.statemachine.data.caching.enabled = true (custom)
2021-02-05 13:31:44,644 [pool-281-thread-1] INFO  segmented.SegmentedRaftLogWorker (SegmentedRaftLogWorker.java:lambda$new$0(132)) - 5636fed9-8cb9-4b03-9cef-dc5fa3810e57@group-3BD005778729-SegmentedRaftLogWorker: flushIndex: setUnconditionally 0 -> -1
2021-02-05 13:31:44,644 [pool-281-thread-1] INFO  segmented.SegmentedRaftLogWorker (SegmentedRaftLogWorker.java:lambda$new$0(132)) - 5636fed9-8cb9-4b03-9cef-dc5fa3810e57@group-3BD005778729-SegmentedRaftLogWorker: safeCacheEvictIndex: setUnconditionally 0 -> -1
2021-02-05 13:31:44,644 [pool-281-thread-1] INFO  server.RaftServerConfigKeys (ConfUtils.java:logGet(44)) - raft.server.snapshot.auto.trigger.enabled = true (custom)
2021-02-05 13:31:44,645 [pool-281-thread-1] INFO  server.RaftServerConfigKeys (ConfUtils.java:logGet(44)) - raft.server.snapshot.auto.trigger.threshold = 10000 (custom)
2021-02-05 13:31:44,645 [pool-281-thread-1] INFO  server.RaftServerConfigKeys (ConfUtils.java:logGet(44)) - raft.server.snapshot.retention.file.num = 5 (custom)
2021-02-05 13:31:44,645 [pool-281-thread-1] INFO  server.RaftServerConfigKeys (ConfUtils.java:logGet(44)) - raft.server.log.purge.upto.snapshot.index = false (default)
2021-02-05 13:31:44,645 [pool-281-thread-1] INFO  server.RaftServerConfigKeys (ConfUtils.java:logGet(44)) - raft.server.retrycache.expirytime = 600000ms (custom)
2021-02-05 13:31:44,645 [pool-281-thread-1] INFO  server.RaftServerConfigKeys (ConfUtils.java:logGet(44)) - raft.server.retrycache.statistics.expirytime = 100?s (default)
2021-02-05 13:31:44,645 [pool-281-thread-1] INFO  metrics.RatisMetrics (RatisMetrics.java:lambda$create$0(36)) - Creating Metrics Registry : ratis.leader_election.5636fed9-8cb9-4b03-9cef-dc5fa3810e57@group-3BD005778729
2021-02-05 13:31:44,645 [pool-281-thread-1] INFO  metrics.RatisMetrics (RatisMetrics.java:lambda$create$0(36)) - Creating Metrics Registry : ratis.server.5636fed9-8cb9-4b03-9cef-dc5fa3810e57@group-3BD005778729
2021-02-05 13:31:44,646 [pool-281-thread-1] INFO  server.RaftServer$Division (RaftServerImpl.java:start(295)) - 5636fed9-8cb9-4b03-9cef-dc5fa3810e57@group-3BD005778729: start as a follower, conf=-1: [5636fed9-8cb9-4b03-9cef-dc5fa3810e57|rpc:172.17.0.2:46415|priority:1], old=null
2021-02-05 13:31:44,646 [pool-281-thread-1] INFO  server.RaftServer$Division (RaftServerImpl.java:setRole(284)) - 5636fed9-8cb9-4b03-9cef-dc5fa3810e57@group-3BD005778729: changes role from      null to FOLLOWER at term 0 for startAsFollower
2021-02-05 13:31:44,646 [pool-281-thread-1] INFO  impl.RoleInfo (RoleInfo.java:updateAndGet(130)) - 5636fed9-8cb9-4b03-9cef-dc5fa3810e57: start 5636fed9-8cb9-4b03-9cef-dc5fa3810e57@group-3BD005778729-FollowerState
2021-02-05 13:31:44,647 [pool-281-thread-1] INFO  util.JmxRegister (JmxRegister.java:tryRegister(44)) - Successfully registered JMX Bean with object name Ratis:service=RaftServer,group=group-3BD005778729,id=5636fed9-8cb9-4b03-9cef-dc5fa3810e57
2021-02-05 13:31:44,647 [pool-281-thread-1] INFO  metrics.RatisMetrics (RatisMetrics.java:lambda$create$0(36)) - Creating Metrics Registry : ratis.state_machine.5636fed9-8cb9-4b03-9cef-dc5fa3810e57@group-3BD005778729
2021-02-05 13:31:44,648 [Command processor thread] INFO  commandhandler.CreatePipelineCommandHandler (CreatePipelineCommandHandler.java:handle(106)) - Created Pipeline RATIS ONE PipelineID=57268257-d7a8-4904-b877-3bd005778729.
2021-02-05 13:31:44,649 [Command processor thread] INFO  server.RaftServer (RaftServerProxy.java:addNew(95)) - 5636fed9-8cb9-4b03-9cef-dc5fa3810e57: addNew group-1F920D138C37:[2ede91c2-32fe-4bb4-920b-e41603f7020f|rpc:172.17.0.2:41897|priority:1, 642d0014-1bde-428b-b06d-30c9ab67a786|rpc:172.17.0.2:39473|priority:0, 5636fed9-8cb9-4b03-9cef-dc5fa3810e57|rpc:172.17.0.2:46415|priority:0] returns group-1F920D138C37:java.util.concurrent.CompletableFuture@bb9a457[Not completed]
2021-02-05 13:31:44,650 [pool-281-thread-1] INFO  server.RaftServer$Division (RaftServerImpl.java:<init>(180)) - 5636fed9-8cb9-4b03-9cef-dc5fa3810e57: new RaftServerImpl for group-1F920D138C37:[2ede91c2-32fe-4bb4-920b-e41603f7020f|rpc:172.17.0.2:41897|priority:1, 642d0014-1bde-428b-b06d-30c9ab67a786|rpc:172.17.0.2:39473|priority:0, 5636fed9-8cb9-4b03-9cef-dc5fa3810e57|rpc:172.17.0.2:46415|priority:0] with ContainerStateMachine:uninitialized
2021-02-05 13:31:44,650 [pool-281-thread-1] INFO  server.RaftServerConfigKeys (ConfUtils.java:logGet(44)) - raft.server.rpc.timeout.min = 5s (custom)
2021-02-05 13:31:44,650 [pool-281-thread-1] INFO  server.RaftServerConfigKeys (ConfUtils.java:logGet(44)) - raft.server.rpc.timeout.max = 5200ms (custom)
2021-02-05 13:31:44,650 [pool-281-thread-1] INFO  server.RaftServerConfigKeys (ConfUtils.java:logGet(44)) - raft.server.rpc.sleep.time = 25ms (default)
2021-02-05 13:31:44,650 [pool-281-thread-1] INFO  server.RaftServerConfigKeys (ConfUtils.java:logGet(44)) - raft.server.rpc.slowness.timeout = 300000ms (custom)
2021-02-05 13:31:44,650 [pool-281-thread-1] INFO  server.RaftServerConfigKeys (ConfUtils.java:logGet(44)) - raft.server.leaderelection.leader.step-down.wait-time = 10s (default)
2021-02-05 13:31:44,650 [pool-281-thread-1] INFO  server.RaftServerConfigKeys (ConfUtils.java:logGet(44)) - raft.server.sleep.deviation.threshold = 300ms (default)
2021-02-05 13:31:44,650 [pool-281-thread-1] INFO  server.RaftServerConfigKeys (ConfUtils.java:logGet(44)) - raft.server.log.appender.install.snapshot.enabled = false (custom)
2021-02-05 13:31:44,650 [pool-281-thread-1] INFO  server.RaftServer$Division (ServerState.java:<init>(105)) - 5636fed9-8cb9-4b03-9cef-dc5fa3810e57@group-1F920D138C37: ConfigurationManager, init=-1: [2ede91c2-32fe-4bb4-920b-e41603f7020f|rpc:172.17.0.2:41897|priority:1, 642d0014-1bde-428b-b06d-30c9ab67a786|rpc:172.17.0.2:39473|priority:0, 5636fed9-8cb9-4b03-9cef-dc5fa3810e57|rpc:172.17.0.2:46415|priority:0], old=null, confs=<EMPTY_MAP>
2021-02-05 13:31:44,650 [pool-281-thread-1] INFO  server.RaftServerConfigKeys (ConfUtils.java:logGet(44)) - raft.server.storage.dir = [/github/workspace/mnt/ozone/hadoop-ozone/integration-test/target/test-dir/MiniOzoneClusterImpl-a92b2b3a-f9aa-4539-be01-238306fe77bb/datanode-3/data/ratis] (custom)
2021-02-05 13:31:44,651 [pool-281-thread-1] INFO  server.RaftServerConfigKeys (ConfUtils.java:logGet(44)) - raft.server.log.corruption.policy = EXCEPTION (default)
2021-02-05 13:31:44,651 [pool-281-thread-1] INFO  storage.RaftStorageDirectory (RaftStorageDirectoryImpl.java:analyzeStorage(132)) - The storage directory /github/workspace/mnt/ozone/hadoop-ozone/integration-test/target/test-dir/MiniOzoneClusterImpl-a92b2b3a-f9aa-4539-be01-238306fe77bb/datanode-3/data/ratis/57f19455-4f3d-4583-bd81-1f920d138c37 does not exist. Creating ...
2021-02-05 13:31:44,652 [pool-281-thread-1] INFO  storage.RaftStorageDirectory (RaftStorageDirectoryImpl.java:tryLock(215)) - Lock on /github/workspace/mnt/ozone/hadoop-ozone/integration-test/target/test-dir/MiniOzoneClusterImpl-a92b2b3a-f9aa-4539-be01-238306fe77bb/datanode-3/data/ratis/57f19455-4f3d-4583-bd81-1f920d138c37/in_use.lock acquired by nodename 4634@c72a3e6d1148
2021-02-05 13:31:44,652 [pool-281-thread-1] INFO  storage.RaftStorage (RaftStorageImpl.java:format(87)) - Storage directory /github/workspace/mnt/ozone/hadoop-ozone/integration-test/target/test-dir/MiniOzoneClusterImpl-a92b2b3a-f9aa-4539-be01-238306fe77bb/datanode-3/data/ratis/57f19455-4f3d-4583-bd81-1f920d138c37 has been successfully formatted.
2021-02-05 13:31:44,653 [pool-281-thread-1] INFO  ratis.ContainerStateMachine (ContainerStateMachine.java:loadSnapshot(223)) - group-1F920D138C37: The snapshot info is null. Setting the last applied indexto:(t:0, i:~)
2021-02-05 13:31:44,653 [pool-281-thread-1] ERROR storage.RaftStorage (RaftStorageImpl.java:readRaftConfiguration(147)) - Failed reading configuration from file:/github/workspace/mnt/ozone/hadoop-ozone/integration-test/target/test-dir/MiniOzoneClusterImpl-a92b2b3a-f9aa-4539-be01-238306fe77bb/datanode-3/data/ratis/57f19455-4f3d-4583-bd81-1f920d138c37/current/raft-meta.conf
java.io.FileNotFoundException: /github/workspace/mnt/ozone/hadoop-ozone/integration-test/target/test-dir/MiniOzoneClusterImpl-a92b2b3a-f9aa-4539-be01-238306fe77bb/datanode-3/data/ratis/57f19455-4f3d-4583-bd81-1f920d138c37/current/raft-meta.conf (No such file or directory)
	at java.io.FileInputStream.open0(Native Method)
	at java.io.FileInputStream.open(FileInputStream.java:195)
	at java.io.FileInputStream.<init>(FileInputStream.java:138)
	at org.apache.ratis.server.storage.RaftStorageImpl.readRaftConfiguration(RaftStorageImpl.java:143)
	at org.apache.ratis.server.impl.ServerState.<init>(ServerState.java:122)
	at org.apache.ratis.server.impl.RaftServerImpl.<init>(RaftServerImpl.java:193)
	at org.apache.ratis.server.impl.RaftServerProxy.lambda$newRaftServerImpl$4(RaftServerProxy.java:266)
	at java.util.concurrent.CompletableFuture$AsyncSupply.run(CompletableFuture.java:1604)
	at java.util.concurrent.ThreadPoolExecutor.runWorker(ThreadPoolExecutor.java:1149)
	at java.util.concurrent.ThreadPoolExecutor$Worker.run(ThreadPoolExecutor.java:624)
	at java.lang.Thread.run(Thread.java:748)
2021-02-05 13:31:44,653 [EventQueue-OpenPipelineForHealthyPipelineSafeModeRule] INFO  safemode.SCMSafeModeManager (HealthyPipelineSafeModeRule.java:process(128)) - SCM in safe mode. Healthy pipelines reported count is 0, required healthy pipeline reported count is 1
2021-02-05 13:31:44,653 [EventQueue-PipelineReportForOneReplicaPipelineSafeModeRule] INFO  safemode.SCMSafeModeManager (SCMSafeModeManager.java:validateSafeModeExitRules(214)) - AtleastOneDatanodeReportedRule rule is successfully validated
2021-02-05 13:31:44,653 [pool-281-thread-1] INFO  server.RaftServerConfigKeys (ConfUtils.java:logGet(44)) - raft.server.notification.no-leader.timeout = 300000ms (custom)
2021-02-05 13:31:44,654 [pool-281-thread-1] INFO  server.RaftServerConfigKeys (ConfUtils.java:logGet(44)) - raft.server.log.use.memory = false (default)
2021-02-05 13:31:44,654 [pool-281-thread-1] INFO  server.RaftServerConfigKeys (ConfUtils.java:logGet(44)) - raft.server.log.purge.gap = 1000000 (custom)
2021-02-05 13:31:44,654 [pool-281-thread-1] INFO  server.RaftServerConfigKeys (ConfUtils.java:logGet(44)) - raft.server.log.appender.buffer.byte-limit = 33554432 (custom)
2021-02-05 13:31:44,654 [pool-281-thread-1] INFO  metrics.RatisMetrics (RatisMetrics.java:lambda$create$0(36)) - Creating Metrics Registry : ratis.log_worker.5636fed9-8cb9-4b03-9cef-dc5fa3810e57@group-1F920D138C37
2021-02-05 13:31:44,654 [pool-281-thread-1] INFO  server.RaftServerConfigKeys (ConfUtils.java:logGet(44)) - raft.server.log.segment.size.max = 1048576 (custom)
2021-02-05 13:31:44,655 [pool-281-thread-1] INFO  server.RaftServerConfigKeys (ConfUtils.java:logGet(44)) - raft.server.log.segment.cache.num.max = 2 (custom)
2021-02-05 13:31:44,655 [pool-281-thread-1] INFO  server.RaftServerConfigKeys (ConfUtils.java:logGet(44)) - raft.server.log.segment.cache.size.max = 200MB (=209715200) (default)
2021-02-05 13:31:44,655 [pool-281-thread-1] INFO  segmented.SegmentedRaftLogWorker (SegmentedRaftLogWorker.java:<init>(181)) - new 5636fed9-8cb9-4b03-9cef-dc5fa3810e57@group-1F920D138C37-SegmentedRaftLogWorker for RaftStorageImpl:Storage Directory /github/workspace/mnt/ozone/hadoop-ozone/integration-test/target/test-dir/MiniOzoneClusterImpl-a92b2b3a-f9aa-4539-be01-238306fe77bb/datanode-3/data/ratis/57f19455-4f3d-4583-bd81-1f920d138c37
2021-02-05 13:31:44,655 [pool-281-thread-1] INFO  server.RaftServerConfigKeys (ConfUtils.java:logGet(44)) - raft.server.log.queue.byte-limit = 2147483647 (custom)
2021-02-05 13:31:44,655 [pool-281-thread-1] INFO  server.RaftServerConfigKeys (ConfUtils.java:logGet(44)) - raft.server.log.queue.element-limit = 1024 (custom)
2021-02-05 13:31:44,655 [pool-281-thread-1] INFO  server.RaftServerConfigKeys (ConfUtils.java:logGet(44)) - raft.server.log.segment.size.max = 1048576 (custom)
2021-02-05 13:31:44,655 [pool-281-thread-1] INFO  server.RaftServerConfigKeys (ConfUtils.java:logGet(44)) - raft.server.log.preallocated.size = 16384 (custom)
2021-02-05 13:31:44,655 [pool-281-thread-1] INFO  server.RaftServerConfigKeys (ConfUtils.java:logGet(44)) - raft.server.log.force.sync.num = 128 (default)
2021-02-05 13:31:44,655 [pool-281-thread-1] INFO  server.RaftServerConfigKeys (ConfUtils.java:logGet(44)) - raft.server.log.statemachine.data.sync = true (default)
2021-02-05 13:31:44,655 [pool-281-thread-1] INFO  server.RaftServerConfigKeys (ConfUtils.java:logGet(44)) - raft.server.log.statemachine.data.sync.timeout = 10s (default)
2021-02-05 13:31:44,655 [pool-281-thread-1] INFO  server.RaftServerConfigKeys (ConfUtils.java:logGet(44)) - raft.server.log.statemachine.data.sync.timeout.retry = -1 (default)
2021-02-05 13:31:44,656 [pool-281-thread-1] INFO  server.RaftServerConfigKeys (ConfUtils.java:logGet(44)) - raft.server.log.write.buffer.size = 1048576 (custom)
2021-02-05 13:31:44,657 [pool-281-thread-1] INFO  server.RaftServerConfigKeys (ConfUtils.java:logGet(44)) - raft.server.log.statemachine.data.caching.enabled = true (custom)
2021-02-05 13:31:44,657 [pool-281-thread-1] INFO  segmented.SegmentedRaftLogWorker (SegmentedRaftLogWorker.java:lambda$new$0(132)) - 5636fed9-8cb9-4b03-9cef-dc5fa3810e57@group-1F920D138C37-SegmentedRaftLogWorker: flushIndex: setUnconditionally 0 -> -1
2021-02-05 13:31:44,657 [pool-281-thread-1] INFO  segmented.SegmentedRaftLogWorker (SegmentedRaftLogWorker.java:lambda$new$0(132)) - 5636fed9-8cb9-4b03-9cef-dc5fa3810e57@group-1F920D138C37-SegmentedRaftLogWorker: safeCacheEvictIndex: setUnconditionally 0 -> -1
2021-02-05 13:31:44,661 [pool-281-thread-1] INFO  server.RaftServerConfigKeys (ConfUtils.java:logGet(44)) - raft.server.snapshot.auto.trigger.enabled = true (custom)
2021-02-05 13:31:44,661 [pool-281-thread-1] INFO  server.RaftServerConfigKeys (ConfUtils.java:logGet(44)) - raft.server.snapshot.auto.trigger.threshold = 10000 (custom)
2021-02-05 13:31:44,661 [pool-281-thread-1] INFO  server.RaftServerConfigKeys (ConfUtils.java:logGet(44)) - raft.server.snapshot.retention.file.num = 5 (custom)
2021-02-05 13:31:44,661 [pool-281-thread-1] INFO  server.RaftServerConfigKeys (ConfUtils.java:logGet(44)) - raft.server.log.purge.upto.snapshot.index = false (default)
2021-02-05 13:31:44,661 [pool-281-thread-1] INFO  server.RaftServerConfigKeys (ConfUtils.java:logGet(44)) - raft.server.retrycache.expirytime = 600000ms (custom)
2021-02-05 13:31:44,661 [pool-281-thread-1] INFO  server.RaftServerConfigKeys (ConfUtils.java:logGet(44)) - raft.server.retrycache.statistics.expirytime = 100?s (default)
2021-02-05 13:31:44,661 [pool-281-thread-1] INFO  metrics.RatisMetrics (RatisMetrics.java:lambda$create$0(36)) - Creating Metrics Registry : ratis.leader_election.5636fed9-8cb9-4b03-9cef-dc5fa3810e57@group-1F920D138C37
2021-02-05 13:31:44,661 [pool-281-thread-1] INFO  metrics.RatisMetrics (RatisMetrics.java:lambda$create$0(36)) - Creating Metrics Registry : ratis.server.5636fed9-8cb9-4b03-9cef-dc5fa3810e57@group-1F920D138C37
2021-02-05 13:31:44,662 [pool-281-thread-1] INFO  server.RaftServer$Division (RaftServerImpl.java:start(295)) - 5636fed9-8cb9-4b03-9cef-dc5fa3810e57@group-1F920D138C37: start as a follower, conf=-1: [2ede91c2-32fe-4bb4-920b-e41603f7020f|rpc:172.17.0.2:41897|priority:1, 642d0014-1bde-428b-b06d-30c9ab67a786|rpc:172.17.0.2:39473|priority:0, 5636fed9-8cb9-4b03-9cef-dc5fa3810e57|rpc:172.17.0.2:46415|priority:0], old=null
2021-02-05 13:31:44,662 [pool-281-thread-1] INFO  server.RaftServer$Division (RaftServerImpl.java:setRole(284)) - 5636fed9-8cb9-4b03-9cef-dc5fa3810e57@group-1F920D138C37: changes role from      null to FOLLOWER at term 0 for startAsFollower
2021-02-05 13:31:44,662 [pool-281-thread-1] INFO  impl.RoleInfo (RoleInfo.java:updateAndGet(130)) - 5636fed9-8cb9-4b03-9cef-dc5fa3810e57: start 5636fed9-8cb9-4b03-9cef-dc5fa3810e57@group-1F920D138C37-FollowerState
2021-02-05 13:31:44,663 [pool-281-thread-1] INFO  util.JmxRegister (JmxRegister.java:tryRegister(44)) - Successfully registered JMX Bean with object name Ratis:service=RaftServer,group=group-1F920D138C37,id=5636fed9-8cb9-4b03-9cef-dc5fa3810e57
2021-02-05 13:31:44,663 [pool-281-thread-1] INFO  metrics.RatisMetrics (RatisMetrics.java:lambda$create$0(36)) - Creating Metrics Registry : ratis.state_machine.5636fed9-8cb9-4b03-9cef-dc5fa3810e57@group-1F920D138C37
2021-02-05 13:31:44,664 [Command processor thread] INFO  metrics.RatisMetrics (RatisMetrics.java:lambda$create$0(36)) - Creating Metrics Registry : ratis.client_message_metrics.client-21C102E629B3->2ede91c2-32fe-4bb4-920b-e41603f7020f
2021-02-05 13:31:44,668 [grpc-default-executor-1] INFO  metrics.RatisMetrics (RatisMetrics.java:lambda$create$0(36)) - Creating Metrics Registry : ratis.server_message_metrics.2ede91c2-32fe-4bb4-920b-e41603f7020f
2021-02-05 13:31:44,671 [grpc-default-executor-1] INFO  server.RaftServer (RaftServerProxy.java:addNew(95)) - 2ede91c2-32fe-4bb4-920b-e41603f7020f: addNew group-1F920D138C37:[2ede91c2-32fe-4bb4-920b-e41603f7020f|rpc:172.17.0.2:41897|admin:|client:|dataStream:|priority:1, 642d0014-1bde-428b-b06d-30c9ab67a786|rpc:172.17.0.2:39473|admin:|client:|dataStream:|priority:0, 5636fed9-8cb9-4b03-9cef-dc5fa3810e57|rpc:172.17.0.2:46415|admin:|client:|dataStream:|priority:0] returns group-1F920D138C37:java.util.concurrent.CompletableFuture@769e07dc[Not completed]
2021-02-05 13:31:44,672 [pool-297-thread-1] INFO  server.RaftServer$Division (RaftServerImpl.java:<init>(180)) - 2ede91c2-32fe-4bb4-920b-e41603f7020f: new RaftServerImpl for group-1F920D138C37:[2ede91c2-32fe-4bb4-920b-e41603f7020f|rpc:172.17.0.2:41897|admin:|client:|dataStream:|priority:1, 642d0014-1bde-428b-b06d-30c9ab67a786|rpc:172.17.0.2:39473|admin:|client:|dataStream:|priority:0, 5636fed9-8cb9-4b03-9cef-dc5fa3810e57|rpc:172.17.0.2:46415|admin:|client:|dataStream:|priority:0] with ContainerStateMachine:uninitialized
2021-02-05 13:31:44,673 [pool-297-thread-1] INFO  server.RaftServerConfigKeys (ConfUtils.java:logGet(44)) - raft.server.rpc.timeout.min = 5s (custom)
2021-02-05 13:31:44,673 [pool-297-thread-1] INFO  server.RaftServerConfigKeys (ConfUtils.java:logGet(44)) - raft.server.rpc.timeout.max = 5200ms (custom)
2021-02-05 13:31:44,673 [pool-297-thread-1] INFO  server.RaftServerConfigKeys (ConfUtils.java:logGet(44)) - raft.server.rpc.sleep.time = 25ms (default)
2021-02-05 13:31:44,673 [pool-297-thread-1] INFO  server.RaftServerConfigKeys (ConfUtils.java:logGet(44)) - raft.server.rpc.slowness.timeout = 300000ms (custom)
2021-02-05 13:31:44,673 [pool-297-thread-1] INFO  server.RaftServerConfigKeys (ConfUtils.java:logGet(44)) - raft.server.leaderelection.leader.step-down.wait-time = 10s (default)
2021-02-05 13:31:44,673 [pool-297-thread-1] INFO  server.RaftServerConfigKeys (ConfUtils.java:logGet(44)) - raft.server.sleep.deviation.threshold = 300ms (default)
2021-02-05 13:31:44,673 [pool-297-thread-1] INFO  server.RaftServerConfigKeys (ConfUtils.java:logGet(44)) - raft.server.log.appender.install.snapshot.enabled = false (custom)
2021-02-05 13:31:44,673 [pool-297-thread-1] INFO  server.RaftServer$Division (ServerState.java:<init>(105)) - 2ede91c2-32fe-4bb4-920b-e41603f7020f@group-1F920D138C37: ConfigurationManager, init=-1: [2ede91c2-32fe-4bb4-920b-e41603f7020f|rpc:172.17.0.2:41897|admin:|client:|dataStream:|priority:1, 642d0014-1bde-428b-b06d-30c9ab67a786|rpc:172.17.0.2:39473|admin:|client:|dataStream:|priority:0, 5636fed9-8cb9-4b03-9cef-dc5fa3810e57|rpc:172.17.0.2:46415|admin:|client:|dataStream:|priority:0], old=null, confs=<EMPTY_MAP>
2021-02-05 13:31:44,673 [pool-297-thread-1] INFO  server.RaftServerConfigKeys (ConfUtils.java:logGet(44)) - raft.server.storage.dir = [/github/workspace/mnt/ozone/hadoop-ozone/integration-test/target/test-dir/MiniOzoneClusterImpl-a92b2b3a-f9aa-4539-be01-238306fe77bb/datanode-4/data/ratis] (custom)
2021-02-05 13:31:44,673 [pool-297-thread-1] INFO  server.RaftServerConfigKeys (ConfUtils.java:logGet(44)) - raft.server.log.corruption.policy = EXCEPTION (default)
2021-02-05 13:31:44,673 [pool-297-thread-1] INFO  storage.RaftStorageDirectory (RaftStorageDirectoryImpl.java:analyzeStorage(132)) - The storage directory /github/workspace/mnt/ozone/hadoop-ozone/integration-test/target/test-dir/MiniOzoneClusterImpl-a92b2b3a-f9aa-4539-be01-238306fe77bb/datanode-4/data/ratis/57f19455-4f3d-4583-bd81-1f920d138c37 does not exist. Creating ...
2021-02-05 13:31:44,675 [pool-297-thread-1] INFO  storage.RaftStorageDirectory (RaftStorageDirectoryImpl.java:tryLock(215)) - Lock on /github/workspace/mnt/ozone/hadoop-ozone/integration-test/target/test-dir/MiniOzoneClusterImpl-a92b2b3a-f9aa-4539-be01-238306fe77bb/datanode-4/data/ratis/57f19455-4f3d-4583-bd81-1f920d138c37/in_use.lock acquired by nodename 4634@c72a3e6d1148
2021-02-05 13:31:44,675 [pool-297-thread-1] INFO  storage.RaftStorage (RaftStorageImpl.java:format(87)) - Storage directory /github/workspace/mnt/ozone/hadoop-ozone/integration-test/target/test-dir/MiniOzoneClusterImpl-a92b2b3a-f9aa-4539-be01-238306fe77bb/datanode-4/data/ratis/57f19455-4f3d-4583-bd81-1f920d138c37 has been successfully formatted.
2021-02-05 13:31:44,675 [pool-297-thread-1] INFO  ratis.ContainerStateMachine (ContainerStateMachine.java:loadSnapshot(223)) - group-1F920D138C37: The snapshot info is null. Setting the last applied indexto:(t:0, i:~)
2021-02-05 13:31:44,676 [pool-297-thread-1] ERROR storage.RaftStorage (RaftStorageImpl.java:readRaftConfiguration(147)) - Failed reading configuration from file:/github/workspace/mnt/ozone/hadoop-ozone/integration-test/target/test-dir/MiniOzoneClusterImpl-a92b2b3a-f9aa-4539-be01-238306fe77bb/datanode-4/data/ratis/57f19455-4f3d-4583-bd81-1f920d138c37/current/raft-meta.conf
java.io.FileNotFoundException: /github/workspace/mnt/ozone/hadoop-ozone/integration-test/target/test-dir/MiniOzoneClusterImpl-a92b2b3a-f9aa-4539-be01-238306fe77bb/datanode-4/data/ratis/57f19455-4f3d-4583-bd81-1f920d138c37/current/raft-meta.conf (No such file or directory)
	at java.io.FileInputStream.open0(Native Method)
	at java.io.FileInputStream.open(FileInputStream.java:195)
	at java.io.FileInputStream.<init>(FileInputStream.java:138)
	at org.apache.ratis.server.storage.RaftStorageImpl.readRaftConfiguration(RaftStorageImpl.java:143)
	at org.apache.ratis.server.impl.ServerState.<init>(ServerState.java:122)
	at org.apache.ratis.server.impl.RaftServerImpl.<init>(RaftServerImpl.java:193)
	at org.apache.ratis.server.impl.RaftServerProxy.lambda$newRaftServerImpl$4(RaftServerProxy.java:266)
	at java.util.concurrent.CompletableFuture$AsyncSupply.run(CompletableFuture.java:1604)
	at java.util.concurrent.ThreadPoolExecutor.runWorker(ThreadPoolExecutor.java:1149)
	at java.util.concurrent.ThreadPoolExecutor$Worker.run(ThreadPoolExecutor.java:624)
	at java.lang.Thread.run(Thread.java:748)
2021-02-05 13:31:44,676 [pool-297-thread-1] INFO  server.RaftServerConfigKeys (ConfUtils.java:logGet(44)) - raft.server.notification.no-leader.timeout = 300000ms (custom)
2021-02-05 13:31:44,676 [pool-297-thread-1] INFO  server.RaftServerConfigKeys (ConfUtils.java:logGet(44)) - raft.server.log.use.memory = false (default)
2021-02-05 13:31:44,676 [EventQueue-PipelineReportForOneReplicaPipelineSafeModeRule] INFO  safemode.SCMSafeModeManager (SCMSafeModeManager.java:validateSafeModeExitRules(214)) - AtleastOneDatanodeReportedRule rule is successfully validated
2021-02-05 13:31:44,676 [pool-297-thread-1] INFO  server.RaftServerConfigKeys (ConfUtils.java:logGet(44)) - raft.server.log.purge.gap = 1000000 (custom)
2021-02-05 13:31:44,676 [pool-297-thread-1] INFO  server.RaftServerConfigKeys (ConfUtils.java:logGet(44)) - raft.server.log.appender.buffer.byte-limit = 33554432 (custom)
2021-02-05 13:31:44,676 [pool-297-thread-1] INFO  metrics.RatisMetrics (RatisMetrics.java:lambda$create$0(36)) - Creating Metrics Registry : ratis.log_worker.2ede91c2-32fe-4bb4-920b-e41603f7020f@group-1F920D138C37
2021-02-05 13:31:44,677 [pool-297-thread-1] INFO  server.RaftServerConfigKeys (ConfUtils.java:logGet(44)) - raft.server.log.segment.size.max = 1048576 (custom)
2021-02-05 13:31:44,677 [pool-297-thread-1] INFO  server.RaftServerConfigKeys (ConfUtils.java:logGet(44)) - raft.server.log.segment.cache.num.max = 2 (custom)
2021-02-05 13:31:44,677 [pool-297-thread-1] INFO  server.RaftServerConfigKeys (ConfUtils.java:logGet(44)) - raft.server.log.segment.cache.size.max = 200MB (=209715200) (default)
2021-02-05 13:31:44,677 [pool-297-thread-1] INFO  segmented.SegmentedRaftLogWorker (SegmentedRaftLogWorker.java:<init>(181)) - new 2ede91c2-32fe-4bb4-920b-e41603f7020f@group-1F920D138C37-SegmentedRaftLogWorker for RaftStorageImpl:Storage Directory /github/workspace/mnt/ozone/hadoop-ozone/integration-test/target/test-dir/MiniOzoneClusterImpl-a92b2b3a-f9aa-4539-be01-238306fe77bb/datanode-4/data/ratis/57f19455-4f3d-4583-bd81-1f920d138c37
2021-02-05 13:31:44,677 [pool-297-thread-1] INFO  server.RaftServerConfigKeys (ConfUtils.java:logGet(44)) - raft.server.log.queue.byte-limit = 2147483647 (custom)
2021-02-05 13:31:44,677 [pool-297-thread-1] INFO  server.RaftServerConfigKeys (ConfUtils.java:logGet(44)) - raft.server.log.queue.element-limit = 1024 (custom)
2021-02-05 13:31:44,677 [pool-297-thread-1] INFO  server.RaftServerConfigKeys (ConfUtils.java:logGet(44)) - raft.server.log.segment.size.max = 1048576 (custom)
2021-02-05 13:31:44,677 [pool-297-thread-1] INFO  server.RaftServerConfigKeys (ConfUtils.java:logGet(44)) - raft.server.log.preallocated.size = 16384 (custom)
2021-02-05 13:31:44,677 [pool-297-thread-1] INFO  server.RaftServerConfigKeys (ConfUtils.java:logGet(44)) - raft.server.log.force.sync.num = 128 (default)
2021-02-05 13:31:44,678 [pool-297-thread-1] INFO  server.RaftServerConfigKeys (ConfUtils.java:logGet(44)) - raft.server.log.statemachine.data.sync = true (default)
2021-02-05 13:31:44,678 [pool-297-thread-1] INFO  server.RaftServerConfigKeys (ConfUtils.java:logGet(44)) - raft.server.log.statemachine.data.sync.timeout = 10s (default)
2021-02-05 13:31:44,678 [pool-297-thread-1] INFO  server.RaftServerConfigKeys (ConfUtils.java:logGet(44)) - raft.server.log.statemachine.data.sync.timeout.retry = -1 (default)
2021-02-05 13:31:44,679 [pool-297-thread-1] INFO  server.RaftServerConfigKeys (ConfUtils.java:logGet(44)) - raft.server.log.write.buffer.size = 1048576 (custom)
2021-02-05 13:31:44,679 [pool-297-thread-1] INFO  server.RaftServerConfigKeys (ConfUtils.java:logGet(44)) - raft.server.log.statemachine.data.caching.enabled = true (custom)
2021-02-05 13:31:44,679 [pool-297-thread-1] INFO  segmented.SegmentedRaftLogWorker (SegmentedRaftLogWorker.java:lambda$new$0(132)) - 2ede91c2-32fe-4bb4-920b-e41603f7020f@group-1F920D138C37-SegmentedRaftLogWorker: flushIndex: setUnconditionally 0 -> -1
2021-02-05 13:31:44,679 [pool-297-thread-1] INFO  segmented.SegmentedRaftLogWorker (SegmentedRaftLogWorker.java:lambda$new$0(132)) - 2ede91c2-32fe-4bb4-920b-e41603f7020f@group-1F920D138C37-SegmentedRaftLogWorker: safeCacheEvictIndex: setUnconditionally 0 -> -1
2021-02-05 13:31:44,681 [pool-297-thread-1] INFO  server.RaftServerConfigKeys (ConfUtils.java:logGet(44)) - raft.server.snapshot.auto.trigger.enabled = true (custom)
2021-02-05 13:31:44,681 [pool-297-thread-1] INFO  server.RaftServerConfigKeys (ConfUtils.java:logGet(44)) - raft.server.snapshot.auto.trigger.threshold = 10000 (custom)
2021-02-05 13:31:44,681 [pool-297-thread-1] INFO  server.RaftServerConfigKeys (ConfUtils.java:logGet(44)) - raft.server.snapshot.retention.file.num = 5 (custom)
2021-02-05 13:31:44,681 [pool-297-thread-1] INFO  server.RaftServerConfigKeys (ConfUtils.java:logGet(44)) - raft.server.log.purge.upto.snapshot.index = false (default)
2021-02-05 13:31:44,681 [pool-297-thread-1] INFO  server.RaftServerConfigKeys (ConfUtils.java:logGet(44)) - raft.server.retrycache.expirytime = 600000ms (custom)
2021-02-05 13:31:44,681 [pool-297-thread-1] INFO  server.RaftServerConfigKeys (ConfUtils.java:logGet(44)) - raft.server.retrycache.statistics.expirytime = 100?s (default)
2021-02-05 13:31:44,681 [pool-297-thread-1] INFO  metrics.RatisMetrics (RatisMetrics.java:lambda$create$0(36)) - Creating Metrics Registry : ratis.leader_election.2ede91c2-32fe-4bb4-920b-e41603f7020f@group-1F920D138C37
2021-02-05 13:31:44,681 [pool-297-thread-1] INFO  metrics.RatisMetrics (RatisMetrics.java:lambda$create$0(36)) - Creating Metrics Registry : ratis.server.2ede91c2-32fe-4bb4-920b-e41603f7020f@group-1F920D138C37
2021-02-05 13:31:44,682 [pool-297-thread-1] INFO  server.RaftServer$Division (RaftServerImpl.java:start(295)) - 2ede91c2-32fe-4bb4-920b-e41603f7020f@group-1F920D138C37: start as a follower, conf=-1: [2ede91c2-32fe-4bb4-920b-e41603f7020f|rpc:172.17.0.2:41897|admin:|client:|dataStream:|priority:1, 642d0014-1bde-428b-b06d-30c9ab67a786|rpc:172.17.0.2:39473|admin:|client:|dataStream:|priority:0, 5636fed9-8cb9-4b03-9cef-dc5fa3810e57|rpc:172.17.0.2:46415|admin:|client:|dataStream:|priority:0], old=null
2021-02-05 13:31:44,682 [pool-297-thread-1] INFO  server.RaftServer$Division (RaftServerImpl.java:setRole(284)) - 2ede91c2-32fe-4bb4-920b-e41603f7020f@group-1F920D138C37: changes role from      null to FOLLOWER at term 0 for startAsFollower
2021-02-05 13:31:44,682 [pool-297-thread-1] INFO  impl.RoleInfo (RoleInfo.java:updateAndGet(130)) - 2ede91c2-32fe-4bb4-920b-e41603f7020f: start 2ede91c2-32fe-4bb4-920b-e41603f7020f@group-1F920D138C37-FollowerState
2021-02-05 13:31:44,685 [pool-297-thread-1] INFO  util.JmxRegister (JmxRegister.java:tryRegister(44)) - Successfully registered JMX Bean with object name Ratis:service=RaftServer,group=group-1F920D138C37,id=2ede91c2-32fe-4bb4-920b-e41603f7020f
2021-02-05 13:31:44,685 [pool-297-thread-1] INFO  metrics.RatisMetrics (RatisMetrics.java:lambda$create$0(36)) - Creating Metrics Registry : ratis.state_machine.2ede91c2-32fe-4bb4-920b-e41603f7020f@group-1F920D138C37
2021-02-05 13:31:44,690 [Command processor thread] INFO  metrics.RatisMetrics (RatisMetrics.java:lambda$create$0(36)) - Creating Metrics Registry : ratis.client_message_metrics.client-D31E29486620->642d0014-1bde-428b-b06d-30c9ab67a786
2021-02-05 13:31:44,693 [grpc-default-executor-1] INFO  metrics.RatisMetrics (RatisMetrics.java:lambda$create$0(36)) - Creating Metrics Registry : ratis.server_message_metrics.642d0014-1bde-428b-b06d-30c9ab67a786
2021-02-05 13:31:44,697 [grpc-default-executor-1] INFO  server.RaftServer (RaftServerProxy.java:addNew(95)) - 642d0014-1bde-428b-b06d-30c9ab67a786: addNew group-1F920D138C37:[2ede91c2-32fe-4bb4-920b-e41603f7020f|rpc:172.17.0.2:41897|admin:|client:|dataStream:|priority:1, 642d0014-1bde-428b-b06d-30c9ab67a786|rpc:172.17.0.2:39473|admin:|client:|dataStream:|priority:0, 5636fed9-8cb9-4b03-9cef-dc5fa3810e57|rpc:172.17.0.2:46415|admin:|client:|dataStream:|priority:0] returns group-1F920D138C37:java.util.concurrent.CompletableFuture@795f0c23[Not completed]
2021-02-05 13:31:44,697 [pool-313-thread-1] INFO  server.RaftServer$Division (RaftServerImpl.java:<init>(180)) - 642d0014-1bde-428b-b06d-30c9ab67a786: new RaftServerImpl for group-1F920D138C37:[2ede91c2-32fe-4bb4-920b-e41603f7020f|rpc:172.17.0.2:41897|admin:|client:|dataStream:|priority:1, 642d0014-1bde-428b-b06d-30c9ab67a786|rpc:172.17.0.2:39473|admin:|client:|dataStream:|priority:0, 5636fed9-8cb9-4b03-9cef-dc5fa3810e57|rpc:172.17.0.2:46415|admin:|client:|dataStream:|priority:0] with ContainerStateMachine:uninitialized
2021-02-05 13:31:44,698 [pool-313-thread-1] INFO  server.RaftServerConfigKeys (ConfUtils.java:logGet(44)) - raft.server.rpc.timeout.min = 5s (custom)
2021-02-05 13:31:44,698 [pool-313-thread-1] INFO  server.RaftServerConfigKeys (ConfUtils.java:logGet(44)) - raft.server.rpc.timeout.max = 5200ms (custom)
2021-02-05 13:31:44,698 [pool-313-thread-1] INFO  server.RaftServerConfigKeys (ConfUtils.java:logGet(44)) - raft.server.rpc.sleep.time = 25ms (default)
2021-02-05 13:31:44,698 [pool-313-thread-1] INFO  server.RaftServerConfigKeys (ConfUtils.java:logGet(44)) - raft.server.rpc.slowness.timeout = 300000ms (custom)
2021-02-05 13:31:44,698 [pool-313-thread-1] INFO  server.RaftServerConfigKeys (ConfUtils.java:logGet(44)) - raft.server.leaderelection.leader.step-down.wait-time = 10s (default)
2021-02-05 13:31:44,698 [pool-313-thread-1] INFO  server.RaftServerConfigKeys (ConfUtils.java:logGet(44)) - raft.server.sleep.deviation.threshold = 300ms (default)
2021-02-05 13:31:44,698 [pool-313-thread-1] INFO  server.RaftServerConfigKeys (ConfUtils.java:logGet(44)) - raft.server.log.appender.install.snapshot.enabled = false (custom)
2021-02-05 13:31:44,698 [pool-313-thread-1] INFO  server.RaftServer$Division (ServerState.java:<init>(105)) - 642d0014-1bde-428b-b06d-30c9ab67a786@group-1F920D138C37: ConfigurationManager, init=-1: [2ede91c2-32fe-4bb4-920b-e41603f7020f|rpc:172.17.0.2:41897|admin:|client:|dataStream:|priority:1, 642d0014-1bde-428b-b06d-30c9ab67a786|rpc:172.17.0.2:39473|admin:|client:|dataStream:|priority:0, 5636fed9-8cb9-4b03-9cef-dc5fa3810e57|rpc:172.17.0.2:46415|admin:|client:|dataStream:|priority:0], old=null, confs=<EMPTY_MAP>
2021-02-05 13:31:44,699 [pool-313-thread-1] INFO  server.RaftServerConfigKeys (ConfUtils.java:logGet(44)) - raft.server.storage.dir = [/github/workspace/mnt/ozone/hadoop-ozone/integration-test/target/test-dir/MiniOzoneClusterImpl-a92b2b3a-f9aa-4539-be01-238306fe77bb/datanode-5/data/ratis] (custom)
2021-02-05 13:31:44,699 [pool-313-thread-1] INFO  server.RaftServerConfigKeys (ConfUtils.java:logGet(44)) - raft.server.log.corruption.policy = EXCEPTION (default)
2021-02-05 13:31:44,699 [pool-313-thread-1] INFO  storage.RaftStorageDirectory (RaftStorageDirectoryImpl.java:analyzeStorage(132)) - The storage directory /github/workspace/mnt/ozone/hadoop-ozone/integration-test/target/test-dir/MiniOzoneClusterImpl-a92b2b3a-f9aa-4539-be01-238306fe77bb/datanode-5/data/ratis/57f19455-4f3d-4583-bd81-1f920d138c37 does not exist. Creating ...
2021-02-05 13:31:44,700 [pool-313-thread-1] INFO  storage.RaftStorageDirectory (RaftStorageDirectoryImpl.java:tryLock(215)) - Lock on /github/workspace/mnt/ozone/hadoop-ozone/integration-test/target/test-dir/MiniOzoneClusterImpl-a92b2b3a-f9aa-4539-be01-238306fe77bb/datanode-5/data/ratis/57f19455-4f3d-4583-bd81-1f920d138c37/in_use.lock acquired by nodename 4634@c72a3e6d1148
2021-02-05 13:31:44,701 [pool-313-thread-1] INFO  storage.RaftStorage (RaftStorageImpl.java:format(87)) - Storage directory /github/workspace/mnt/ozone/hadoop-ozone/integration-test/target/test-dir/MiniOzoneClusterImpl-a92b2b3a-f9aa-4539-be01-238306fe77bb/datanode-5/data/ratis/57f19455-4f3d-4583-bd81-1f920d138c37 has been successfully formatted.
2021-02-05 13:31:44,701 [pool-313-thread-1] INFO  ratis.ContainerStateMachine (ContainerStateMachine.java:loadSnapshot(223)) - group-1F920D138C37: The snapshot info is null. Setting the last applied indexto:(t:0, i:~)
2021-02-05 13:31:44,701 [pool-313-thread-1] ERROR storage.RaftStorage (RaftStorageImpl.java:readRaftConfiguration(147)) - Failed reading configuration from file:/github/workspace/mnt/ozone/hadoop-ozone/integration-test/target/test-dir/MiniOzoneClusterImpl-a92b2b3a-f9aa-4539-be01-238306fe77bb/datanode-5/data/ratis/57f19455-4f3d-4583-bd81-1f920d138c37/current/raft-meta.conf
java.io.FileNotFoundException: /github/workspace/mnt/ozone/hadoop-ozone/integration-test/target/test-dir/MiniOzoneClusterImpl-a92b2b3a-f9aa-4539-be01-238306fe77bb/datanode-5/data/ratis/57f19455-4f3d-4583-bd81-1f920d138c37/current/raft-meta.conf (No such file or directory)
	at java.io.FileInputStream.open0(Native Method)
	at java.io.FileInputStream.open(FileInputStream.java:195)
	at java.io.FileInputStream.<init>(FileInputStream.java:138)
	at org.apache.ratis.server.storage.RaftStorageImpl.readRaftConfiguration(RaftStorageImpl.java:143)
	at org.apache.ratis.server.impl.ServerState.<init>(ServerState.java:122)
	at org.apache.ratis.server.impl.RaftServerImpl.<init>(RaftServerImpl.java:193)
	at org.apache.ratis.server.impl.RaftServerProxy.lambda$newRaftServerImpl$4(RaftServerProxy.java:266)
	at java.util.concurrent.CompletableFuture$AsyncSupply.run(CompletableFuture.java:1604)
	at java.util.concurrent.ThreadPoolExecutor.runWorker(ThreadPoolExecutor.java:1149)
	at java.util.concurrent.ThreadPoolExecutor$Worker.run(ThreadPoolExecutor.java:624)
	at java.lang.Thread.run(Thread.java:748)
2021-02-05 13:31:44,701 [pool-313-thread-1] INFO  server.RaftServerConfigKeys (ConfUtils.java:logGet(44)) - raft.server.notification.no-leader.timeout = 300000ms (custom)
2021-02-05 13:31:44,701 [pool-313-thread-1] INFO  server.RaftServerConfigKeys (ConfUtils.java:logGet(44)) - raft.server.log.use.memory = false (default)
2021-02-05 13:31:44,702 [pool-313-thread-1] INFO  server.RaftServerConfigKeys (ConfUtils.java:logGet(44)) - raft.server.log.purge.gap = 1000000 (custom)
2021-02-05 13:31:44,702 [pool-313-thread-1] INFO  server.RaftServerConfigKeys (ConfUtils.java:logGet(44)) - raft.server.log.appender.buffer.byte-limit = 33554432 (custom)
2021-02-05 13:31:44,702 [pool-313-thread-1] INFO  metrics.RatisMetrics (RatisMetrics.java:lambda$create$0(36)) - Creating Metrics Registry : ratis.log_worker.642d0014-1bde-428b-b06d-30c9ab67a786@group-1F920D138C37
2021-02-05 13:31:44,702 [pool-313-thread-1] INFO  server.RaftServerConfigKeys (ConfUtils.java:logGet(44)) - raft.server.log.segment.size.max = 1048576 (custom)
2021-02-05 13:31:44,702 [pool-313-thread-1] INFO  server.RaftServerConfigKeys (ConfUtils.java:logGet(44)) - raft.server.log.segment.cache.num.max = 2 (custom)
2021-02-05 13:31:44,702 [pool-313-thread-1] INFO  server.RaftServerConfigKeys (ConfUtils.java:logGet(44)) - raft.server.log.segment.cache.size.max = 200MB (=209715200) (default)
2021-02-05 13:31:44,702 [pool-313-thread-1] INFO  segmented.SegmentedRaftLogWorker (SegmentedRaftLogWorker.java:<init>(181)) - new 642d0014-1bde-428b-b06d-30c9ab67a786@group-1F920D138C37-SegmentedRaftLogWorker for RaftStorageImpl:Storage Directory /github/workspace/mnt/ozone/hadoop-ozone/integration-test/target/test-dir/MiniOzoneClusterImpl-a92b2b3a-f9aa-4539-be01-238306fe77bb/datanode-5/data/ratis/57f19455-4f3d-4583-bd81-1f920d138c37
2021-02-05 13:31:44,702 [pool-313-thread-1] INFO  server.RaftServerConfigKeys (ConfUtils.java:logGet(44)) - raft.server.log.queue.byte-limit = 2147483647 (custom)
2021-02-05 13:31:44,703 [pool-313-thread-1] INFO  server.RaftServerConfigKeys (ConfUtils.java:logGet(44)) - raft.server.log.queue.element-limit = 1024 (custom)
2021-02-05 13:31:44,703 [pool-313-thread-1] INFO  server.RaftServerConfigKeys (ConfUtils.java:logGet(44)) - raft.server.log.segment.size.max = 1048576 (custom)
2021-02-05 13:31:44,703 [pool-313-thread-1] INFO  server.RaftServerConfigKeys (ConfUtils.java:logGet(44)) - raft.server.log.preallocated.size = 16384 (custom)
2021-02-05 13:31:44,703 [pool-313-thread-1] INFO  server.RaftServerConfigKeys (ConfUtils.java:logGet(44)) - raft.server.log.force.sync.num = 128 (default)
2021-02-05 13:31:44,703 [pool-313-thread-1] INFO  server.RaftServerConfigKeys (ConfUtils.java:logGet(44)) - raft.server.log.statemachine.data.sync = true (default)
2021-02-05 13:31:44,703 [pool-313-thread-1] INFO  server.RaftServerConfigKeys (ConfUtils.java:logGet(44)) - raft.server.log.statemachine.data.sync.timeout = 10s (default)
2021-02-05 13:31:44,703 [pool-313-thread-1] INFO  server.RaftServerConfigKeys (ConfUtils.java:logGet(44)) - raft.server.log.statemachine.data.sync.timeout.retry = -1 (default)
2021-02-05 13:31:44,704 [EventQueue-PipelineReportForOneReplicaPipelineSafeModeRule] INFO  safemode.SCMSafeModeManager (SCMSafeModeManager.java:validateSafeModeExitRules(214)) - AtleastOneDatanodeReportedRule rule is successfully validated
2021-02-05 13:31:44,705 [pool-313-thread-1] INFO  server.RaftServerConfigKeys (ConfUtils.java:logGet(44)) - raft.server.log.write.buffer.size = 1048576 (custom)
2021-02-05 13:31:44,705 [pool-313-thread-1] INFO  server.RaftServerConfigKeys (ConfUtils.java:logGet(44)) - raft.server.log.statemachine.data.caching.enabled = true (custom)
2021-02-05 13:31:44,706 [pool-313-thread-1] INFO  segmented.SegmentedRaftLogWorker (SegmentedRaftLogWorker.java:lambda$new$0(132)) - 642d0014-1bde-428b-b06d-30c9ab67a786@group-1F920D138C37-SegmentedRaftLogWorker: flushIndex: setUnconditionally 0 -> -1
2021-02-05 13:31:44,706 [pool-313-thread-1] INFO  segmented.SegmentedRaftLogWorker (SegmentedRaftLogWorker.java:lambda$new$0(132)) - 642d0014-1bde-428b-b06d-30c9ab67a786@group-1F920D138C37-SegmentedRaftLogWorker: safeCacheEvictIndex: setUnconditionally 0 -> -1
2021-02-05 13:31:44,709 [pool-313-thread-1] INFO  server.RaftServerConfigKeys (ConfUtils.java:logGet(44)) - raft.server.snapshot.auto.trigger.enabled = true (custom)
2021-02-05 13:31:44,709 [pool-313-thread-1] INFO  server.RaftServerConfigKeys (ConfUtils.java:logGet(44)) - raft.server.snapshot.auto.trigger.threshold = 10000 (custom)
2021-02-05 13:31:44,709 [pool-313-thread-1] INFO  server.RaftServerConfigKeys (ConfUtils.java:logGet(44)) - raft.server.snapshot.retention.file.num = 5 (custom)
2021-02-05 13:31:44,709 [pool-313-thread-1] INFO  server.RaftServerConfigKeys (ConfUtils.java:logGet(44)) - raft.server.log.purge.upto.snapshot.index = false (default)
2021-02-05 13:31:44,709 [pool-313-thread-1] INFO  server.RaftServerConfigKeys (ConfUtils.java:logGet(44)) - raft.server.retrycache.expirytime = 600000ms (custom)
2021-02-05 13:31:44,709 [pool-313-thread-1] INFO  server.RaftServerConfigKeys (ConfUtils.java:logGet(44)) - raft.server.retrycache.statistics.expirytime = 100?s (default)
2021-02-05 13:31:44,709 [pool-313-thread-1] INFO  metrics.RatisMetrics (RatisMetrics.java:lambda$create$0(36)) - Creating Metrics Registry : ratis.leader_election.642d0014-1bde-428b-b06d-30c9ab67a786@group-1F920D138C37
2021-02-05 13:31:44,709 [pool-313-thread-1] INFO  metrics.RatisMetrics (RatisMetrics.java:lambda$create$0(36)) - Creating Metrics Registry : ratis.server.642d0014-1bde-428b-b06d-30c9ab67a786@group-1F920D138C37
2021-02-05 13:31:44,710 [pool-313-thread-1] INFO  server.RaftServer$Division (RaftServerImpl.java:start(295)) - 642d0014-1bde-428b-b06d-30c9ab67a786@group-1F920D138C37: start as a follower, conf=-1: [2ede91c2-32fe-4bb4-920b-e41603f7020f|rpc:172.17.0.2:41897|admin:|client:|dataStream:|priority:1, 642d0014-1bde-428b-b06d-30c9ab67a786|rpc:172.17.0.2:39473|admin:|client:|dataStream:|priority:0, 5636fed9-8cb9-4b03-9cef-dc5fa3810e57|rpc:172.17.0.2:46415|admin:|client:|dataStream:|priority:0], old=null
2021-02-05 13:31:44,711 [pool-313-thread-1] INFO  server.RaftServer$Division (RaftServerImpl.java:setRole(284)) - 642d0014-1bde-428b-b06d-30c9ab67a786@group-1F920D138C37: changes role from      null to FOLLOWER at term 0 for startAsFollower
2021-02-05 13:31:44,711 [pool-313-thread-1] INFO  impl.RoleInfo (RoleInfo.java:updateAndGet(130)) - 642d0014-1bde-428b-b06d-30c9ab67a786: start 642d0014-1bde-428b-b06d-30c9ab67a786@group-1F920D138C37-FollowerState
2021-02-05 13:31:44,716 [pool-313-thread-1] INFO  util.JmxRegister (JmxRegister.java:tryRegister(44)) - Successfully registered JMX Bean with object name Ratis:service=RaftServer,group=group-1F920D138C37,id=642d0014-1bde-428b-b06d-30c9ab67a786
2021-02-05 13:31:44,716 [pool-313-thread-1] INFO  metrics.RatisMetrics (RatisMetrics.java:lambda$create$0(36)) - Creating Metrics Registry : ratis.state_machine.642d0014-1bde-428b-b06d-30c9ab67a786@group-1F920D138C37
2021-02-05 13:31:44,720 [Command processor thread] INFO  commandhandler.CreatePipelineCommandHandler (CreatePipelineCommandHandler.java:handle(106)) - Created Pipeline RATIS THREE PipelineID=57f19455-4f3d-4583-bd81-1f920d138c37.
2021-02-05 13:31:44,725 [Listener at 127.0.0.1/37659] INFO  ozone.MiniOzoneClusterImpl (MiniOzoneClusterImpl.java:lambda$waitForClusterToBeReady$0(179)) - Nodes are ready. Got 9 of 9 DN Heartbeats.
2021-02-05 13:31:44,725 [Listener at 127.0.0.1/37659] INFO  ozone.MiniOzoneClusterImpl (MiniOzoneClusterImpl.java:lambda$waitForClusterToBeReady$0(182)) - Waiting for cluster to exit safe mode
2021-02-05 13:31:44,815 [Command processor thread] INFO  server.RaftServer (RaftServerProxy.java:addNew(95)) - 2ede91c2-32fe-4bb4-920b-e41603f7020f: addNew group-6C9D51B834BF:[2ede91c2-32fe-4bb4-920b-e41603f7020f|rpc:172.17.0.2:41897|priority:1] returns group-6C9D51B834BF:java.util.concurrent.CompletableFuture@35d26835[Not completed]
2021-02-05 13:31:44,816 [pool-297-thread-1] INFO  server.RaftServer$Division (RaftServerImpl.java:<init>(180)) - 2ede91c2-32fe-4bb4-920b-e41603f7020f: new RaftServerImpl for group-6C9D51B834BF:[2ede91c2-32fe-4bb4-920b-e41603f7020f|rpc:172.17.0.2:41897|priority:1] with ContainerStateMachine:uninitialized
2021-02-05 13:31:44,816 [pool-297-thread-1] INFO  server.RaftServerConfigKeys (ConfUtils.java:logGet(44)) - raft.server.rpc.timeout.min = 5s (custom)
2021-02-05 13:31:44,816 [pool-297-thread-1] INFO  server.RaftServerConfigKeys (ConfUtils.java:logGet(44)) - raft.server.rpc.timeout.max = 5200ms (custom)
2021-02-05 13:31:44,816 [pool-297-thread-1] INFO  server.RaftServerConfigKeys (ConfUtils.java:logGet(44)) - raft.server.rpc.sleep.time = 25ms (default)
2021-02-05 13:31:44,816 [pool-297-thread-1] INFO  server.RaftServerConfigKeys (ConfUtils.java:logGet(44)) - raft.server.rpc.slowness.timeout = 300000ms (custom)
2021-02-05 13:31:44,816 [pool-297-thread-1] INFO  server.RaftServerConfigKeys (ConfUtils.java:logGet(44)) - raft.server.leaderelection.leader.step-down.wait-time = 10s (default)
2021-02-05 13:31:44,817 [pool-297-thread-1] INFO  server.RaftServerConfigKeys (ConfUtils.java:logGet(44)) - raft.server.sleep.deviation.threshold = 300ms (default)
2021-02-05 13:31:44,817 [pool-297-thread-1] INFO  server.RaftServerConfigKeys (ConfUtils.java:logGet(44)) - raft.server.log.appender.install.snapshot.enabled = false (custom)
2021-02-05 13:31:44,817 [pool-297-thread-1] INFO  server.RaftServer$Division (ServerState.java:<init>(105)) - 2ede91c2-32fe-4bb4-920b-e41603f7020f@group-6C9D51B834BF: ConfigurationManager, init=-1: [2ede91c2-32fe-4bb4-920b-e41603f7020f|rpc:172.17.0.2:41897|priority:1], old=null, confs=<EMPTY_MAP>
2021-02-05 13:31:44,817 [pool-297-thread-1] INFO  server.RaftServerConfigKeys (ConfUtils.java:logGet(44)) - raft.server.storage.dir = [/github/workspace/mnt/ozone/hadoop-ozone/integration-test/target/test-dir/MiniOzoneClusterImpl-a92b2b3a-f9aa-4539-be01-238306fe77bb/datanode-4/data/ratis] (custom)
2021-02-05 13:31:44,817 [pool-297-thread-1] INFO  server.RaftServerConfigKeys (ConfUtils.java:logGet(44)) - raft.server.log.corruption.policy = EXCEPTION (default)
2021-02-05 13:31:44,817 [pool-297-thread-1] INFO  storage.RaftStorageDirectory (RaftStorageDirectoryImpl.java:analyzeStorage(132)) - The storage directory /github/workspace/mnt/ozone/hadoop-ozone/integration-test/target/test-dir/MiniOzoneClusterImpl-a92b2b3a-f9aa-4539-be01-238306fe77bb/datanode-4/data/ratis/b674e420-9ed4-4169-a780-6c9d51b834bf does not exist. Creating ...
2021-02-05 13:31:44,818 [pool-297-thread-1] INFO  storage.RaftStorageDirectory (RaftStorageDirectoryImpl.java:tryLock(215)) - Lock on /github/workspace/mnt/ozone/hadoop-ozone/integration-test/target/test-dir/MiniOzoneClusterImpl-a92b2b3a-f9aa-4539-be01-238306fe77bb/datanode-4/data/ratis/b674e420-9ed4-4169-a780-6c9d51b834bf/in_use.lock acquired by nodename 4634@c72a3e6d1148
2021-02-05 13:31:44,819 [pool-297-thread-1] INFO  storage.RaftStorage (RaftStorageImpl.java:format(87)) - Storage directory /github/workspace/mnt/ozone/hadoop-ozone/integration-test/target/test-dir/MiniOzoneClusterImpl-a92b2b3a-f9aa-4539-be01-238306fe77bb/datanode-4/data/ratis/b674e420-9ed4-4169-a780-6c9d51b834bf has been successfully formatted.
2021-02-05 13:31:44,819 [pool-297-thread-1] INFO  ratis.ContainerStateMachine (ContainerStateMachine.java:loadSnapshot(223)) - group-6C9D51B834BF: The snapshot info is null. Setting the last applied indexto:(t:0, i:~)
2021-02-05 13:31:44,819 [pool-297-thread-1] ERROR storage.RaftStorage (RaftStorageImpl.java:readRaftConfiguration(147)) - Failed reading configuration from file:/github/workspace/mnt/ozone/hadoop-ozone/integration-test/target/test-dir/MiniOzoneClusterImpl-a92b2b3a-f9aa-4539-be01-238306fe77bb/datanode-4/data/ratis/b674e420-9ed4-4169-a780-6c9d51b834bf/current/raft-meta.conf
java.io.FileNotFoundException: /github/workspace/mnt/ozone/hadoop-ozone/integration-test/target/test-dir/MiniOzoneClusterImpl-a92b2b3a-f9aa-4539-be01-238306fe77bb/datanode-4/data/ratis/b674e420-9ed4-4169-a780-6c9d51b834bf/current/raft-meta.conf (No such file or directory)
	at java.io.FileInputStream.open0(Native Method)
	at java.io.FileInputStream.open(FileInputStream.java:195)
	at java.io.FileInputStream.<init>(FileInputStream.java:138)
	at org.apache.ratis.server.storage.RaftStorageImpl.readRaftConfiguration(RaftStorageImpl.java:143)
	at org.apache.ratis.server.impl.ServerState.<init>(ServerState.java:122)
	at org.apache.ratis.server.impl.RaftServerImpl.<init>(RaftServerImpl.java:193)
	at org.apache.ratis.server.impl.RaftServerProxy.lambda$newRaftServerImpl$4(RaftServerProxy.java:266)
	at java.util.concurrent.CompletableFuture$AsyncSupply.run(CompletableFuture.java:1604)
	at java.util.concurrent.ThreadPoolExecutor.runWorker(ThreadPoolExecutor.java:1149)
	at java.util.concurrent.ThreadPoolExecutor$Worker.run(ThreadPoolExecutor.java:624)
	at java.lang.Thread.run(Thread.java:748)
2021-02-05 13:31:44,820 [pool-297-thread-1] INFO  server.RaftServerConfigKeys (ConfUtils.java:logGet(44)) - raft.server.notification.no-leader.timeout = 300000ms (custom)
2021-02-05 13:31:44,820 [pool-297-thread-1] INFO  server.RaftServerConfigKeys (ConfUtils.java:logGet(44)) - raft.server.log.use.memory = false (default)
2021-02-05 13:31:44,820 [EventQueue-PipelineReportForPipelineReportHandler] INFO  pipeline.PipelineStateManager (PipelineStateManager.java:openPipeline(132)) - Pipeline Pipeline[ Id: b674e420-9ed4-4169-a780-6c9d51b834bf, Nodes: 2ede91c2-32fe-4bb4-920b-e41603f7020f{ip: 172.17.0.2, host: c72a3e6d1148, ports: [REPLICATION=45859, RATIS=41897, STANDALONE=38175], networkLocation: /default-rack, certSerialId: null, persistedOpState: IN_SERVICE, persistedOpStateExpiryEpochSec: 0}, Type:RATIS, Factor:ONE, State:ALLOCATED, leaderId:2ede91c2-32fe-4bb4-920b-e41603f7020f, CreationTimestamp2021-02-05T13:31:41.818Z] moved to OPEN state
2021-02-05 13:31:44,820 [EventQueue-PipelineReportForOneReplicaPipelineSafeModeRule] INFO  safemode.SCMSafeModeManager (SCMSafeModeManager.java:validateSafeModeExitRules(214)) - AtleastOneDatanodeReportedRule rule is successfully validated
2021-02-05 13:31:44,820 [EventQueue-OpenPipelineForHealthyPipelineSafeModeRule] INFO  safemode.SCMSafeModeManager (HealthyPipelineSafeModeRule.java:process(128)) - SCM in safe mode. Healthy pipelines reported count is 0, required healthy pipeline reported count is 1
2021-02-05 13:31:44,820 [pool-297-thread-1] INFO  server.RaftServerConfigKeys (ConfUtils.java:logGet(44)) - raft.server.log.purge.gap = 1000000 (custom)
2021-02-05 13:31:44,820 [pool-297-thread-1] INFO  server.RaftServerConfigKeys (ConfUtils.java:logGet(44)) - raft.server.log.appender.buffer.byte-limit = 33554432 (custom)
2021-02-05 13:31:44,820 [pool-297-thread-1] INFO  metrics.RatisMetrics (RatisMetrics.java:lambda$create$0(36)) - Creating Metrics Registry : ratis.log_worker.2ede91c2-32fe-4bb4-920b-e41603f7020f@group-6C9D51B834BF
2021-02-05 13:31:44,821 [pool-297-thread-1] INFO  server.RaftServerConfigKeys (ConfUtils.java:logGet(44)) - raft.server.log.segment.size.max = 1048576 (custom)
2021-02-05 13:31:44,821 [pool-297-thread-1] INFO  server.RaftServerConfigKeys (ConfUtils.java:logGet(44)) - raft.server.log.segment.cache.num.max = 2 (custom)
2021-02-05 13:31:44,821 [pool-297-thread-1] INFO  server.RaftServerConfigKeys (ConfUtils.java:logGet(44)) - raft.server.log.segment.cache.size.max = 200MB (=209715200) (default)
2021-02-05 13:31:44,821 [pool-297-thread-1] INFO  segmented.SegmentedRaftLogWorker (SegmentedRaftLogWorker.java:<init>(181)) - new 2ede91c2-32fe-4bb4-920b-e41603f7020f@group-6C9D51B834BF-SegmentedRaftLogWorker for RaftStorageImpl:Storage Directory /github/workspace/mnt/ozone/hadoop-ozone/integration-test/target/test-dir/MiniOzoneClusterImpl-a92b2b3a-f9aa-4539-be01-238306fe77bb/datanode-4/data/ratis/b674e420-9ed4-4169-a780-6c9d51b834bf
2021-02-05 13:31:44,821 [pool-297-thread-1] INFO  server.RaftServerConfigKeys (ConfUtils.java:logGet(44)) - raft.server.log.queue.byte-limit = 2147483647 (custom)
2021-02-05 13:31:44,821 [pool-297-thread-1] INFO  server.RaftServerConfigKeys (ConfUtils.java:logGet(44)) - raft.server.log.queue.element-limit = 1024 (custom)
2021-02-05 13:31:44,821 [pool-297-thread-1] INFO  server.RaftServerConfigKeys (ConfUtils.java:logGet(44)) - raft.server.log.segment.size.max = 1048576 (custom)
2021-02-05 13:31:44,822 [pool-297-thread-1] INFO  server.RaftServerConfigKeys (ConfUtils.java:logGet(44)) - raft.server.log.preallocated.size = 16384 (custom)
2021-02-05 13:31:44,822 [pool-297-thread-1] INFO  server.RaftServerConfigKeys (ConfUtils.java:logGet(44)) - raft.server.log.force.sync.num = 128 (default)
2021-02-05 13:31:44,822 [pool-297-thread-1] INFO  server.RaftServerConfigKeys (ConfUtils.java:logGet(44)) - raft.server.log.statemachine.data.sync = true (default)
2021-02-05 13:31:44,822 [pool-297-thread-1] INFO  server.RaftServerConfigKeys (ConfUtils.java:logGet(44)) - raft.server.log.statemachine.data.sync.timeout = 10s (default)
2021-02-05 13:31:44,822 [pool-297-thread-1] INFO  server.RaftServerConfigKeys (ConfUtils.java:logGet(44)) - raft.server.log.statemachine.data.sync.timeout.retry = -1 (default)
2021-02-05 13:31:44,823 [pool-297-thread-1] INFO  server.RaftServerConfigKeys (ConfUtils.java:logGet(44)) - raft.server.log.write.buffer.size = 1048576 (custom)
2021-02-05 13:31:44,823 [pool-297-thread-1] INFO  server.RaftServerConfigKeys (ConfUtils.java:logGet(44)) - raft.server.log.statemachine.data.caching.enabled = true (custom)
2021-02-05 13:31:44,823 [pool-297-thread-1] INFO  segmented.SegmentedRaftLogWorker (SegmentedRaftLogWorker.java:lambda$new$0(132)) - 2ede91c2-32fe-4bb4-920b-e41603f7020f@group-6C9D51B834BF-SegmentedRaftLogWorker: flushIndex: setUnconditionally 0 -> -1
2021-02-05 13:31:44,823 [pool-297-thread-1] INFO  segmented.SegmentedRaftLogWorker (SegmentedRaftLogWorker.java:lambda$new$0(132)) - 2ede91c2-32fe-4bb4-920b-e41603f7020f@group-6C9D51B834BF-SegmentedRaftLogWorker: safeCacheEvictIndex: setUnconditionally 0 -> -1
2021-02-05 13:31:44,824 [pool-297-thread-1] INFO  server.RaftServerConfigKeys (ConfUtils.java:logGet(44)) - raft.server.snapshot.auto.trigger.enabled = true (custom)
2021-02-05 13:31:44,824 [pool-297-thread-1] INFO  server.RaftServerConfigKeys (ConfUtils.java:logGet(44)) - raft.server.snapshot.auto.trigger.threshold = 10000 (custom)
2021-02-05 13:31:44,824 [pool-297-thread-1] INFO  server.RaftServerConfigKeys (ConfUtils.java:logGet(44)) - raft.server.snapshot.retention.file.num = 5 (custom)
2021-02-05 13:31:44,824 [pool-297-thread-1] INFO  server.RaftServerConfigKeys (ConfUtils.java:logGet(44)) - raft.server.log.purge.upto.snapshot.index = false (default)
2021-02-05 13:31:44,824 [pool-297-thread-1] INFO  server.RaftServerConfigKeys (ConfUtils.java:logGet(44)) - raft.server.retrycache.expirytime = 600000ms (custom)
2021-02-05 13:31:44,824 [pool-297-thread-1] INFO  server.RaftServerConfigKeys (ConfUtils.java:logGet(44)) - raft.server.retrycache.statistics.expirytime = 100?s (default)
2021-02-05 13:31:44,824 [pool-297-thread-1] INFO  metrics.RatisMetrics (RatisMetrics.java:lambda$create$0(36)) - Creating Metrics Registry : ratis.leader_election.2ede91c2-32fe-4bb4-920b-e41603f7020f@group-6C9D51B834BF
2021-02-05 13:31:44,825 [pool-297-thread-1] INFO  metrics.RatisMetrics (RatisMetrics.java:lambda$create$0(36)) - Creating Metrics Registry : ratis.server.2ede91c2-32fe-4bb4-920b-e41603f7020f@group-6C9D51B834BF
2021-02-05 13:31:44,826 [pool-297-thread-1] INFO  server.RaftServer$Division (RaftServerImpl.java:start(295)) - 2ede91c2-32fe-4bb4-920b-e41603f7020f@group-6C9D51B834BF: start as a follower, conf=-1: [2ede91c2-32fe-4bb4-920b-e41603f7020f|rpc:172.17.0.2:41897|priority:1], old=null
2021-02-05 13:31:44,826 [pool-297-thread-1] INFO  server.RaftServer$Division (RaftServerImpl.java:setRole(284)) - 2ede91c2-32fe-4bb4-920b-e41603f7020f@group-6C9D51B834BF: changes role from      null to FOLLOWER at term 0 for startAsFollower
2021-02-05 13:31:44,826 [pool-297-thread-1] INFO  impl.RoleInfo (RoleInfo.java:updateAndGet(130)) - 2ede91c2-32fe-4bb4-920b-e41603f7020f: start 2ede91c2-32fe-4bb4-920b-e41603f7020f@group-6C9D51B834BF-FollowerState
2021-02-05 13:31:44,826 [pool-297-thread-1] INFO  util.JmxRegister (JmxRegister.java:tryRegister(44)) - Successfully registered JMX Bean with object name Ratis:service=RaftServer,group=group-6C9D51B834BF,id=2ede91c2-32fe-4bb4-920b-e41603f7020f
2021-02-05 13:31:44,826 [pool-297-thread-1] INFO  metrics.RatisMetrics (RatisMetrics.java:lambda$create$0(36)) - Creating Metrics Registry : ratis.state_machine.2ede91c2-32fe-4bb4-920b-e41603f7020f@group-6C9D51B834BF
2021-02-05 13:31:44,827 [Command processor thread] INFO  commandhandler.CreatePipelineCommandHandler (CreatePipelineCommandHandler.java:handle(106)) - Created Pipeline RATIS ONE PipelineID=b674e420-9ed4-4169-a780-6c9d51b834bf.
2021-02-05 13:31:45,156 [Command processor thread] INFO  server.RaftServer (RaftServerProxy.java:addNew(95)) - 642d0014-1bde-428b-b06d-30c9ab67a786: addNew group-9F271643BAC2:[642d0014-1bde-428b-b06d-30c9ab67a786|rpc:172.17.0.2:39473|priority:1] returns group-9F271643BAC2:java.util.concurrent.CompletableFuture@490aea12[Not completed]
2021-02-05 13:31:45,157 [pool-313-thread-1] INFO  server.RaftServer$Division (RaftServerImpl.java:<init>(180)) - 642d0014-1bde-428b-b06d-30c9ab67a786: new RaftServerImpl for group-9F271643BAC2:[642d0014-1bde-428b-b06d-30c9ab67a786|rpc:172.17.0.2:39473|priority:1] with ContainerStateMachine:uninitialized
2021-02-05 13:31:45,157 [pool-313-thread-1] INFO  server.RaftServerConfigKeys (ConfUtils.java:logGet(44)) - raft.server.rpc.timeout.min = 5s (custom)
2021-02-05 13:31:45,157 [pool-313-thread-1] INFO  server.RaftServerConfigKeys (ConfUtils.java:logGet(44)) - raft.server.rpc.timeout.max = 5200ms (custom)
2021-02-05 13:31:45,157 [pool-313-thread-1] INFO  server.RaftServerConfigKeys (ConfUtils.java:logGet(44)) - raft.server.rpc.sleep.time = 25ms (default)
2021-02-05 13:31:45,157 [pool-313-thread-1] INFO  server.RaftServerConfigKeys (ConfUtils.java:logGet(44)) - raft.server.rpc.slowness.timeout = 300000ms (custom)
2021-02-05 13:31:45,157 [pool-313-thread-1] INFO  server.RaftServerConfigKeys (ConfUtils.java:logGet(44)) - raft.server.leaderelection.leader.step-down.wait-time = 10s (default)
2021-02-05 13:31:45,158 [pool-313-thread-1] INFO  server.RaftServerConfigKeys (ConfUtils.java:logGet(44)) - raft.server.sleep.deviation.threshold = 300ms (default)
2021-02-05 13:31:45,158 [pool-313-thread-1] INFO  server.RaftServerConfigKeys (ConfUtils.java:logGet(44)) - raft.server.log.appender.install.snapshot.enabled = false (custom)
2021-02-05 13:31:45,158 [pool-313-thread-1] INFO  server.RaftServer$Division (ServerState.java:<init>(105)) - 642d0014-1bde-428b-b06d-30c9ab67a786@group-9F271643BAC2: ConfigurationManager, init=-1: [642d0014-1bde-428b-b06d-30c9ab67a786|rpc:172.17.0.2:39473|priority:1], old=null, confs=<EMPTY_MAP>
2021-02-05 13:31:45,158 [pool-313-thread-1] INFO  server.RaftServerConfigKeys (ConfUtils.java:logGet(44)) - raft.server.storage.dir = [/github/workspace/mnt/ozone/hadoop-ozone/integration-test/target/test-dir/MiniOzoneClusterImpl-a92b2b3a-f9aa-4539-be01-238306fe77bb/datanode-5/data/ratis] (custom)
2021-02-05 13:31:45,158 [pool-313-thread-1] INFO  server.RaftServerConfigKeys (ConfUtils.java:logGet(44)) - raft.server.log.corruption.policy = EXCEPTION (default)
2021-02-05 13:31:45,158 [pool-313-thread-1] INFO  storage.RaftStorageDirectory (RaftStorageDirectoryImpl.java:analyzeStorage(132)) - The storage directory /github/workspace/mnt/ozone/hadoop-ozone/integration-test/target/test-dir/MiniOzoneClusterImpl-a92b2b3a-f9aa-4539-be01-238306fe77bb/datanode-5/data/ratis/4079fb4f-975f-4e1b-89da-9f271643bac2 does not exist. Creating ...
2021-02-05 13:31:45,159 [pool-313-thread-1] INFO  storage.RaftStorageDirectory (RaftStorageDirectoryImpl.java:tryLock(215)) - Lock on /github/workspace/mnt/ozone/hadoop-ozone/integration-test/target/test-dir/MiniOzoneClusterImpl-a92b2b3a-f9aa-4539-be01-238306fe77bb/datanode-5/data/ratis/4079fb4f-975f-4e1b-89da-9f271643bac2/in_use.lock acquired by nodename 4634@c72a3e6d1148
2021-02-05 13:31:45,160 [pool-313-thread-1] INFO  storage.RaftStorage (RaftStorageImpl.java:format(87)) - Storage directory /github/workspace/mnt/ozone/hadoop-ozone/integration-test/target/test-dir/MiniOzoneClusterImpl-a92b2b3a-f9aa-4539-be01-238306fe77bb/datanode-5/data/ratis/4079fb4f-975f-4e1b-89da-9f271643bac2 has been successfully formatted.
2021-02-05 13:31:45,161 [pool-313-thread-1] INFO  ratis.ContainerStateMachine (ContainerStateMachine.java:loadSnapshot(223)) - group-9F271643BAC2: The snapshot info is null. Setting the last applied indexto:(t:0, i:~)
2021-02-05 13:31:45,161 [pool-313-thread-1] ERROR storage.RaftStorage (RaftStorageImpl.java:readRaftConfiguration(147)) - Failed reading configuration from file:/github/workspace/mnt/ozone/hadoop-ozone/integration-test/target/test-dir/MiniOzoneClusterImpl-a92b2b3a-f9aa-4539-be01-238306fe77bb/datanode-5/data/ratis/4079fb4f-975f-4e1b-89da-9f271643bac2/current/raft-meta.conf
java.io.FileNotFoundException: /github/workspace/mnt/ozone/hadoop-ozone/integration-test/target/test-dir/MiniOzoneClusterImpl-a92b2b3a-f9aa-4539-be01-238306fe77bb/datanode-5/data/ratis/4079fb4f-975f-4e1b-89da-9f271643bac2/current/raft-meta.conf (No such file or directory)
	at java.io.FileInputStream.open0(Native Method)
	at java.io.FileInputStream.open(FileInputStream.java:195)
	at java.io.FileInputStream.<init>(FileInputStream.java:138)
	at org.apache.ratis.server.storage.RaftStorageImpl.readRaftConfiguration(RaftStorageImpl.java:143)
	at org.apache.ratis.server.impl.ServerState.<init>(ServerState.java:122)
	at org.apache.ratis.server.impl.RaftServerImpl.<init>(RaftServerImpl.java:193)
	at org.apache.ratis.server.impl.RaftServerProxy.lambda$newRaftServerImpl$4(RaftServerProxy.java:266)
	at java.util.concurrent.CompletableFuture$AsyncSupply.run(CompletableFuture.java:1604)
	at java.util.concurrent.ThreadPoolExecutor.runWorker(ThreadPoolExecutor.java:1149)
	at java.util.concurrent.ThreadPoolExecutor$Worker.run(ThreadPoolExecutor.java:624)
	at java.lang.Thread.run(Thread.java:748)
2021-02-05 13:31:45,161 [pool-313-thread-1] INFO  server.RaftServerConfigKeys (ConfUtils.java:logGet(44)) - raft.server.notification.no-leader.timeout = 300000ms (custom)
2021-02-05 13:31:45,161 [pool-313-thread-1] INFO  server.RaftServerConfigKeys (ConfUtils.java:logGet(44)) - raft.server.log.use.memory = false (default)
2021-02-05 13:31:45,161 [pool-313-thread-1] INFO  server.RaftServerConfigKeys (ConfUtils.java:logGet(44)) - raft.server.log.purge.gap = 1000000 (custom)
2021-02-05 13:31:45,161 [pool-313-thread-1] INFO  server.RaftServerConfigKeys (ConfUtils.java:logGet(44)) - raft.server.log.appender.buffer.byte-limit = 33554432 (custom)
2021-02-05 13:31:45,161 [pool-313-thread-1] INFO  metrics.RatisMetrics (RatisMetrics.java:lambda$create$0(36)) - Creating Metrics Registry : ratis.log_worker.642d0014-1bde-428b-b06d-30c9ab67a786@group-9F271643BAC2
2021-02-05 13:31:45,161 [EventQueue-PipelineReportForOneReplicaPipelineSafeModeRule] INFO  safemode.SCMSafeModeManager (SCMSafeModeManager.java:validateSafeModeExitRules(214)) - AtleastOneDatanodeReportedRule rule is successfully validated
2021-02-05 13:31:45,162 [pool-313-thread-1] INFO  server.RaftServerConfigKeys (ConfUtils.java:logGet(44)) - raft.server.log.segment.size.max = 1048576 (custom)
2021-02-05 13:31:45,162 [EventQueue-PipelineReportForPipelineReportHandler] INFO  pipeline.PipelineStateManager (PipelineStateManager.java:openPipeline(132)) - Pipeline Pipeline[ Id: 4079fb4f-975f-4e1b-89da-9f271643bac2, Nodes: 642d0014-1bde-428b-b06d-30c9ab67a786{ip: 172.17.0.2, host: c72a3e6d1148, ports: [REPLICATION=42767, RATIS=39473, STANDALONE=33513], networkLocation: /default-rack, certSerialId: null, persistedOpState: IN_SERVICE, persistedOpStateExpiryEpochSec: 0}, Type:RATIS, Factor:ONE, State:ALLOCATED, leaderId:642d0014-1bde-428b-b06d-30c9ab67a786, CreationTimestamp2021-02-05T13:31:42.159Z] moved to OPEN state
2021-02-05 13:31:45,162 [EventQueue-OpenPipelineForHealthyPipelineSafeModeRule] INFO  safemode.SCMSafeModeManager (HealthyPipelineSafeModeRule.java:process(128)) - SCM in safe mode. Healthy pipelines reported count is 0, required healthy pipeline reported count is 1
2021-02-05 13:31:45,162 [pool-313-thread-1] INFO  server.RaftServerConfigKeys (ConfUtils.java:logGet(44)) - raft.server.log.segment.cache.num.max = 2 (custom)
2021-02-05 13:31:45,162 [pool-313-thread-1] INFO  server.RaftServerConfigKeys (ConfUtils.java:logGet(44)) - raft.server.log.segment.cache.size.max = 200MB (=209715200) (default)
2021-02-05 13:31:45,162 [pool-313-thread-1] INFO  segmented.SegmentedRaftLogWorker (SegmentedRaftLogWorker.java:<init>(181)) - new 642d0014-1bde-428b-b06d-30c9ab67a786@group-9F271643BAC2-SegmentedRaftLogWorker for RaftStorageImpl:Storage Directory /github/workspace/mnt/ozone/hadoop-ozone/integration-test/target/test-dir/MiniOzoneClusterImpl-a92b2b3a-f9aa-4539-be01-238306fe77bb/datanode-5/data/ratis/4079fb4f-975f-4e1b-89da-9f271643bac2
2021-02-05 13:31:45,162 [pool-313-thread-1] INFO  server.RaftServerConfigKeys (ConfUtils.java:logGet(44)) - raft.server.log.queue.byte-limit = 2147483647 (custom)
2021-02-05 13:31:45,162 [pool-313-thread-1] INFO  server.RaftServerConfigKeys (ConfUtils.java:logGet(44)) - raft.server.log.queue.element-limit = 1024 (custom)
2021-02-05 13:31:45,163 [pool-313-thread-1] INFO  server.RaftServerConfigKeys (ConfUtils.java:logGet(44)) - raft.server.log.segment.size.max = 1048576 (custom)
2021-02-05 13:31:45,163 [pool-313-thread-1] INFO  server.RaftServerConfigKeys (ConfUtils.java:logGet(44)) - raft.server.log.preallocated.size = 16384 (custom)
2021-02-05 13:31:45,163 [pool-313-thread-1] INFO  server.RaftServerConfigKeys (ConfUtils.java:logGet(44)) - raft.server.log.force.sync.num = 128 (default)
2021-02-05 13:31:45,163 [pool-313-thread-1] INFO  server.RaftServerConfigKeys (ConfUtils.java:logGet(44)) - raft.server.log.statemachine.data.sync = true (default)
2021-02-05 13:31:45,163 [pool-313-thread-1] INFO  server.RaftServerConfigKeys (ConfUtils.java:logGet(44)) - raft.server.log.statemachine.data.sync.timeout = 10s (default)
2021-02-05 13:31:45,163 [pool-313-thread-1] INFO  server.RaftServerConfigKeys (ConfUtils.java:logGet(44)) - raft.server.log.statemachine.data.sync.timeout.retry = -1 (default)
2021-02-05 13:31:45,164 [pool-313-thread-1] INFO  server.RaftServerConfigKeys (ConfUtils.java:logGet(44)) - raft.server.log.write.buffer.size = 1048576 (custom)
2021-02-05 13:31:45,165 [pool-313-thread-1] INFO  server.RaftServerConfigKeys (ConfUtils.java:logGet(44)) - raft.server.log.statemachine.data.caching.enabled = true (custom)
2021-02-05 13:31:45,165 [pool-313-thread-1] INFO  segmented.SegmentedRaftLogWorker (SegmentedRaftLogWorker.java:lambda$new$0(132)) - 642d0014-1bde-428b-b06d-30c9ab67a786@group-9F271643BAC2-SegmentedRaftLogWorker: flushIndex: setUnconditionally 0 -> -1
2021-02-05 13:31:45,165 [pool-313-thread-1] INFO  segmented.SegmentedRaftLogWorker (SegmentedRaftLogWorker.java:lambda$new$0(132)) - 642d0014-1bde-428b-b06d-30c9ab67a786@group-9F271643BAC2-SegmentedRaftLogWorker: safeCacheEvictIndex: setUnconditionally 0 -> -1
2021-02-05 13:31:45,165 [pool-313-thread-1] INFO  server.RaftServerConfigKeys (ConfUtils.java:logGet(44)) - raft.server.snapshot.auto.trigger.enabled = true (custom)
2021-02-05 13:31:45,165 [pool-313-thread-1] INFO  server.RaftServerConfigKeys (ConfUtils.java:logGet(44)) - raft.server.snapshot.auto.trigger.threshold = 10000 (custom)
2021-02-05 13:31:45,165 [pool-313-thread-1] INFO  server.RaftServerConfigKeys (ConfUtils.java:logGet(44)) - raft.server.snapshot.retention.file.num = 5 (custom)
2021-02-05 13:31:45,165 [pool-313-thread-1] INFO  server.RaftServerConfigKeys (ConfUtils.java:logGet(44)) - raft.server.log.purge.upto.snapshot.index = false (default)
2021-02-05 13:31:45,165 [pool-313-thread-1] INFO  server.RaftServerConfigKeys (ConfUtils.java:logGet(44)) - raft.server.retrycache.expirytime = 600000ms (custom)
2021-02-05 13:31:45,165 [pool-313-thread-1] INFO  server.RaftServerConfigKeys (ConfUtils.java:logGet(44)) - raft.server.retrycache.statistics.expirytime = 100?s (default)
2021-02-05 13:31:45,165 [pool-313-thread-1] INFO  metrics.RatisMetrics (RatisMetrics.java:lambda$create$0(36)) - Creating Metrics Registry : ratis.leader_election.642d0014-1bde-428b-b06d-30c9ab67a786@group-9F271643BAC2
2021-02-05 13:31:45,166 [pool-313-thread-1] INFO  metrics.RatisMetrics (RatisMetrics.java:lambda$create$0(36)) - Creating Metrics Registry : ratis.server.642d0014-1bde-428b-b06d-30c9ab67a786@group-9F271643BAC2
2021-02-05 13:31:45,167 [pool-313-thread-1] INFO  server.RaftServer$Division (RaftServerImpl.java:start(295)) - 642d0014-1bde-428b-b06d-30c9ab67a786@group-9F271643BAC2: start as a follower, conf=-1: [642d0014-1bde-428b-b06d-30c9ab67a786|rpc:172.17.0.2:39473|priority:1], old=null
2021-02-05 13:31:45,167 [pool-313-thread-1] INFO  server.RaftServer$Division (RaftServerImpl.java:setRole(284)) - 642d0014-1bde-428b-b06d-30c9ab67a786@group-9F271643BAC2: changes role from      null to FOLLOWER at term 0 for startAsFollower
2021-02-05 13:31:45,167 [pool-313-thread-1] INFO  impl.RoleInfo (RoleInfo.java:updateAndGet(130)) - 642d0014-1bde-428b-b06d-30c9ab67a786: start 642d0014-1bde-428b-b06d-30c9ab67a786@group-9F271643BAC2-FollowerState
2021-02-05 13:31:45,167 [pool-313-thread-1] INFO  util.JmxRegister (JmxRegister.java:tryRegister(44)) - Successfully registered JMX Bean with object name Ratis:service=RaftServer,group=group-9F271643BAC2,id=642d0014-1bde-428b-b06d-30c9ab67a786
2021-02-05 13:31:45,167 [pool-313-thread-1] INFO  metrics.RatisMetrics (RatisMetrics.java:lambda$create$0(36)) - Creating Metrics Registry : ratis.state_machine.642d0014-1bde-428b-b06d-30c9ab67a786@group-9F271643BAC2
2021-02-05 13:31:45,173 [Command processor thread] INFO  commandhandler.CreatePipelineCommandHandler (CreatePipelineCommandHandler.java:handle(106)) - Created Pipeline RATIS ONE PipelineID=4079fb4f-975f-4e1b-89da-9f271643bac2.
2021-02-05 13:31:45,342 [Command processor thread] INFO  server.RaftServer (RaftServerProxy.java:addNew(95)) - 2218627d-9616-4ee5-9949-877c53e44591: addNew group-47E8F16CA123:[2218627d-9616-4ee5-9949-877c53e44591|rpc:172.17.0.2:40851|priority:1] returns group-47E8F16CA123:java.util.concurrent.CompletableFuture@7221397f[Not completed]
2021-02-05 13:31:45,343 [pool-329-thread-1] INFO  server.RaftServer$Division (RaftServerImpl.java:<init>(180)) - 2218627d-9616-4ee5-9949-877c53e44591: new RaftServerImpl for group-47E8F16CA123:[2218627d-9616-4ee5-9949-877c53e44591|rpc:172.17.0.2:40851|priority:1] with ContainerStateMachine:uninitialized
2021-02-05 13:31:45,344 [pool-329-thread-1] INFO  server.RaftServerConfigKeys (ConfUtils.java:logGet(44)) - raft.server.rpc.timeout.min = 5s (custom)
2021-02-05 13:31:45,344 [pool-329-thread-1] INFO  server.RaftServerConfigKeys (ConfUtils.java:logGet(44)) - raft.server.rpc.timeout.max = 5200ms (custom)
2021-02-05 13:31:45,344 [pool-329-thread-1] INFO  server.RaftServerConfigKeys (ConfUtils.java:logGet(44)) - raft.server.rpc.sleep.time = 25ms (default)
2021-02-05 13:31:45,344 [pool-329-thread-1] INFO  server.RaftServerConfigKeys (ConfUtils.java:logGet(44)) - raft.server.rpc.slowness.timeout = 300000ms (custom)
2021-02-05 13:31:45,344 [pool-329-thread-1] INFO  server.RaftServerConfigKeys (ConfUtils.java:logGet(44)) - raft.server.leaderelection.leader.step-down.wait-time = 10s (default)
2021-02-05 13:31:45,344 [pool-329-thread-1] INFO  server.RaftServerConfigKeys (ConfUtils.java:logGet(44)) - raft.server.sleep.deviation.threshold = 300ms (default)
2021-02-05 13:31:45,344 [pool-329-thread-1] INFO  server.RaftServerConfigKeys (ConfUtils.java:logGet(44)) - raft.server.log.appender.install.snapshot.enabled = false (custom)
2021-02-05 13:31:45,344 [pool-329-thread-1] INFO  server.RaftServer$Division (ServerState.java:<init>(105)) - 2218627d-9616-4ee5-9949-877c53e44591@group-47E8F16CA123: ConfigurationManager, init=-1: [2218627d-9616-4ee5-9949-877c53e44591|rpc:172.17.0.2:40851|priority:1], old=null, confs=<EMPTY_MAP>
2021-02-05 13:31:45,345 [pool-329-thread-1] INFO  server.RaftServerConfigKeys (ConfUtils.java:logGet(44)) - raft.server.storage.dir = [/github/workspace/mnt/ozone/hadoop-ozone/integration-test/target/test-dir/MiniOzoneClusterImpl-a92b2b3a-f9aa-4539-be01-238306fe77bb/datanode-6/data/ratis] (custom)
2021-02-05 13:31:45,345 [pool-329-thread-1] INFO  server.RaftServerConfigKeys (ConfUtils.java:logGet(44)) - raft.server.log.corruption.policy = EXCEPTION (default)
2021-02-05 13:31:45,345 [pool-329-thread-1] INFO  storage.RaftStorageDirectory (RaftStorageDirectoryImpl.java:analyzeStorage(132)) - The storage directory /github/workspace/mnt/ozone/hadoop-ozone/integration-test/target/test-dir/MiniOzoneClusterImpl-a92b2b3a-f9aa-4539-be01-238306fe77bb/datanode-6/data/ratis/dd8afb14-ced1-4099-a770-47e8f16ca123 does not exist. Creating ...
2021-02-05 13:31:45,346 [pool-329-thread-1] INFO  storage.RaftStorageDirectory (RaftStorageDirectoryImpl.java:tryLock(215)) - Lock on /github/workspace/mnt/ozone/hadoop-ozone/integration-test/target/test-dir/MiniOzoneClusterImpl-a92b2b3a-f9aa-4539-be01-238306fe77bb/datanode-6/data/ratis/dd8afb14-ced1-4099-a770-47e8f16ca123/in_use.lock acquired by nodename 4634@c72a3e6d1148
2021-02-05 13:31:45,347 [pool-329-thread-1] INFO  storage.RaftStorage (RaftStorageImpl.java:format(87)) - Storage directory /github/workspace/mnt/ozone/hadoop-ozone/integration-test/target/test-dir/MiniOzoneClusterImpl-a92b2b3a-f9aa-4539-be01-238306fe77bb/datanode-6/data/ratis/dd8afb14-ced1-4099-a770-47e8f16ca123 has been successfully formatted.
2021-02-05 13:31:45,347 [pool-329-thread-1] INFO  ratis.ContainerStateMachine (ContainerStateMachine.java:loadSnapshot(223)) - group-47E8F16CA123: The snapshot info is null. Setting the last applied indexto:(t:0, i:~)
2021-02-05 13:31:45,347 [pool-329-thread-1] ERROR storage.RaftStorage (RaftStorageImpl.java:readRaftConfiguration(147)) - Failed reading configuration from file:/github/workspace/mnt/ozone/hadoop-ozone/integration-test/target/test-dir/MiniOzoneClusterImpl-a92b2b3a-f9aa-4539-be01-238306fe77bb/datanode-6/data/ratis/dd8afb14-ced1-4099-a770-47e8f16ca123/current/raft-meta.conf
java.io.FileNotFoundException: /github/workspace/mnt/ozone/hadoop-ozone/integration-test/target/test-dir/MiniOzoneClusterImpl-a92b2b3a-f9aa-4539-be01-238306fe77bb/datanode-6/data/ratis/dd8afb14-ced1-4099-a770-47e8f16ca123/current/raft-meta.conf (No such file or directory)
	at java.io.FileInputStream.open0(Native Method)
	at java.io.FileInputStream.open(FileInputStream.java:195)
	at java.io.FileInputStream.<init>(FileInputStream.java:138)
	at org.apache.ratis.server.storage.RaftStorageImpl.readRaftConfiguration(RaftStorageImpl.java:143)
	at org.apache.ratis.server.impl.ServerState.<init>(ServerState.java:122)
	at org.apache.ratis.server.impl.RaftServerImpl.<init>(RaftServerImpl.java:193)
	at org.apache.ratis.server.impl.RaftServerProxy.lambda$newRaftServerImpl$4(RaftServerProxy.java:266)
	at java.util.concurrent.CompletableFuture$AsyncSupply.run(CompletableFuture.java:1604)
	at java.util.concurrent.ThreadPoolExecutor.runWorker(ThreadPoolExecutor.java:1149)
	at java.util.concurrent.ThreadPoolExecutor$Worker.run(ThreadPoolExecutor.java:624)
	at java.lang.Thread.run(Thread.java:748)
2021-02-05 13:31:45,348 [pool-329-thread-1] INFO  server.RaftServerConfigKeys (ConfUtils.java:logGet(44)) - raft.server.notification.no-leader.timeout = 300000ms (custom)
2021-02-05 13:31:45,348 [EventQueue-PipelineReportForOneReplicaPipelineSafeModeRule] INFO  safemode.SCMSafeModeManager (SCMSafeModeManager.java:validateSafeModeExitRules(214)) - AtleastOneDatanodeReportedRule rule is successfully validated
2021-02-05 13:31:45,348 [EventQueue-PipelineReportForPipelineReportHandler] INFO  pipeline.PipelineStateManager (PipelineStateManager.java:openPipeline(132)) - Pipeline Pipeline[ Id: dd8afb14-ced1-4099-a770-47e8f16ca123, Nodes: 2218627d-9616-4ee5-9949-877c53e44591{ip: 172.17.0.2, host: c72a3e6d1148, ports: [REPLICATION=33517, RATIS=40851, STANDALONE=39997], networkLocation: /default-rack, certSerialId: null, persistedOpState: IN_SERVICE, persistedOpStateExpiryEpochSec: 0}, Type:RATIS, Factor:ONE, State:ALLOCATED, leaderId:2218627d-9616-4ee5-9949-877c53e44591, CreationTimestamp2021-02-05T13:31:42.343Z] moved to OPEN state
2021-02-05 13:31:45,348 [pool-329-thread-1] INFO  server.RaftServerConfigKeys (ConfUtils.java:logGet(44)) - raft.server.log.use.memory = false (default)
2021-02-05 13:31:45,348 [pool-329-thread-1] INFO  server.RaftServerConfigKeys (ConfUtils.java:logGet(44)) - raft.server.log.purge.gap = 1000000 (custom)
2021-02-05 13:31:45,349 [pool-329-thread-1] INFO  server.RaftServerConfigKeys (ConfUtils.java:logGet(44)) - raft.server.log.appender.buffer.byte-limit = 33554432 (custom)
2021-02-05 13:31:45,349 [pool-329-thread-1] INFO  metrics.RatisMetrics (RatisMetrics.java:lambda$create$0(36)) - Creating Metrics Registry : ratis.log_worker.2218627d-9616-4ee5-9949-877c53e44591@group-47E8F16CA123
2021-02-05 13:31:45,349 [pool-329-thread-1] INFO  server.RaftServerConfigKeys (ConfUtils.java:logGet(44)) - raft.server.log.segment.size.max = 1048576 (custom)
2021-02-05 13:31:45,349 [pool-329-thread-1] INFO  server.RaftServerConfigKeys (ConfUtils.java:logGet(44)) - raft.server.log.segment.cache.num.max = 2 (custom)
2021-02-05 13:31:45,349 [pool-329-thread-1] INFO  server.RaftServerConfigKeys (ConfUtils.java:logGet(44)) - raft.server.log.segment.cache.size.max = 200MB (=209715200) (default)
2021-02-05 13:31:45,350 [pool-329-thread-1] INFO  segmented.SegmentedRaftLogWorker (SegmentedRaftLogWorker.java:<init>(181)) - new 2218627d-9616-4ee5-9949-877c53e44591@group-47E8F16CA123-SegmentedRaftLogWorker for RaftStorageImpl:Storage Directory /github/workspace/mnt/ozone/hadoop-ozone/integration-test/target/test-dir/MiniOzoneClusterImpl-a92b2b3a-f9aa-4539-be01-238306fe77bb/datanode-6/data/ratis/dd8afb14-ced1-4099-a770-47e8f16ca123
2021-02-05 13:31:45,350 [pool-329-thread-1] INFO  server.RaftServerConfigKeys (ConfUtils.java:logGet(44)) - raft.server.log.queue.byte-limit = 2147483647 (custom)
2021-02-05 13:31:45,350 [pool-329-thread-1] INFO  server.RaftServerConfigKeys (ConfUtils.java:logGet(44)) - raft.server.log.queue.element-limit = 1024 (custom)
2021-02-05 13:31:45,350 [pool-329-thread-1] INFO  server.RaftServerConfigKeys (ConfUtils.java:logGet(44)) - raft.server.log.segment.size.max = 1048576 (custom)
2021-02-05 13:31:45,350 [pool-329-thread-1] INFO  server.RaftServerConfigKeys (ConfUtils.java:logGet(44)) - raft.server.log.preallocated.size = 16384 (custom)
2021-02-05 13:31:45,350 [pool-329-thread-1] INFO  server.RaftServerConfigKeys (ConfUtils.java:logGet(44)) - raft.server.log.force.sync.num = 128 (default)
2021-02-05 13:31:45,350 [pool-329-thread-1] INFO  server.RaftServerConfigKeys (ConfUtils.java:logGet(44)) - raft.server.log.statemachine.data.sync = true (default)
2021-02-05 13:31:45,350 [pool-329-thread-1] INFO  server.RaftServerConfigKeys (ConfUtils.java:logGet(44)) - raft.server.log.statemachine.data.sync.timeout = 10s (default)
2021-02-05 13:31:45,350 [pool-329-thread-1] INFO  server.RaftServerConfigKeys (ConfUtils.java:logGet(44)) - raft.server.log.statemachine.data.sync.timeout.retry = -1 (default)
2021-02-05 13:31:45,351 [pool-329-thread-1] INFO  server.RaftServerConfigKeys (ConfUtils.java:logGet(44)) - raft.server.log.write.buffer.size = 1048576 (custom)
2021-02-05 13:31:45,349 [EventQueue-OpenPipelineForHealthyPipelineSafeModeRule] INFO  safemode.SCMSafeModeManager (HealthyPipelineSafeModeRule.java:process(128)) - SCM in safe mode. Healthy pipelines reported count is 0, required healthy pipeline reported count is 1
2021-02-05 13:31:45,351 [pool-329-thread-1] INFO  server.RaftServerConfigKeys (ConfUtils.java:logGet(44)) - raft.server.log.statemachine.data.caching.enabled = true (custom)
2021-02-05 13:31:45,352 [pool-329-thread-1] INFO  segmented.SegmentedRaftLogWorker (SegmentedRaftLogWorker.java:lambda$new$0(132)) - 2218627d-9616-4ee5-9949-877c53e44591@group-47E8F16CA123-SegmentedRaftLogWorker: flushIndex: setUnconditionally 0 -> -1
2021-02-05 13:31:45,352 [pool-329-thread-1] INFO  segmented.SegmentedRaftLogWorker (SegmentedRaftLogWorker.java:lambda$new$0(132)) - 2218627d-9616-4ee5-9949-877c53e44591@group-47E8F16CA123-SegmentedRaftLogWorker: safeCacheEvictIndex: setUnconditionally 0 -> -1
2021-02-05 13:31:45,356 [pool-329-thread-1] INFO  server.RaftServerConfigKeys (ConfUtils.java:logGet(44)) - raft.server.snapshot.auto.trigger.enabled = true (custom)
2021-02-05 13:31:45,356 [pool-329-thread-1] INFO  server.RaftServerConfigKeys (ConfUtils.java:logGet(44)) - raft.server.snapshot.auto.trigger.threshold = 10000 (custom)
2021-02-05 13:31:45,356 [pool-329-thread-1] INFO  server.RaftServerConfigKeys (ConfUtils.java:logGet(44)) - raft.server.snapshot.retention.file.num = 5 (custom)
2021-02-05 13:31:45,356 [pool-329-thread-1] INFO  server.RaftServerConfigKeys (ConfUtils.java:logGet(44)) - raft.server.log.purge.upto.snapshot.index = false (default)
2021-02-05 13:31:45,356 [pool-329-thread-1] INFO  server.RaftServerConfigKeys (ConfUtils.java:logGet(44)) - raft.server.retrycache.expirytime = 600000ms (custom)
2021-02-05 13:31:45,356 [pool-329-thread-1] INFO  server.RaftServerConfigKeys (ConfUtils.java:logGet(44)) - raft.server.retrycache.statistics.expirytime = 100?s (default)
2021-02-05 13:31:45,356 [pool-329-thread-1] INFO  metrics.RatisMetrics (RatisMetrics.java:lambda$create$0(36)) - Creating Metrics Registry : ratis.leader_election.2218627d-9616-4ee5-9949-877c53e44591@group-47E8F16CA123
2021-02-05 13:31:45,357 [pool-329-thread-1] INFO  metrics.RatisMetrics (RatisMetrics.java:lambda$create$0(36)) - Creating Metrics Registry : ratis.server.2218627d-9616-4ee5-9949-877c53e44591@group-47E8F16CA123
2021-02-05 13:31:45,357 [pool-329-thread-1] INFO  server.RaftServer$Division (RaftServerImpl.java:start(295)) - 2218627d-9616-4ee5-9949-877c53e44591@group-47E8F16CA123: start as a follower, conf=-1: [2218627d-9616-4ee5-9949-877c53e44591|rpc:172.17.0.2:40851|priority:1], old=null
2021-02-05 13:31:45,358 [pool-329-thread-1] INFO  server.RaftServer$Division (RaftServerImpl.java:setRole(284)) - 2218627d-9616-4ee5-9949-877c53e44591@group-47E8F16CA123: changes role from      null to FOLLOWER at term 0 for startAsFollower
2021-02-05 13:31:45,358 [pool-329-thread-1] INFO  impl.RoleInfo (RoleInfo.java:updateAndGet(130)) - 2218627d-9616-4ee5-9949-877c53e44591: start 2218627d-9616-4ee5-9949-877c53e44591@group-47E8F16CA123-FollowerState
2021-02-05 13:31:45,358 [pool-329-thread-1] INFO  util.JmxRegister (JmxRegister.java:tryRegister(44)) - Successfully registered JMX Bean with object name Ratis:service=RaftServer,group=group-47E8F16CA123,id=2218627d-9616-4ee5-9949-877c53e44591
2021-02-05 13:31:45,358 [pool-329-thread-1] INFO  metrics.RatisMetrics (RatisMetrics.java:lambda$create$0(36)) - Creating Metrics Registry : ratis.state_machine.2218627d-9616-4ee5-9949-877c53e44591@group-47E8F16CA123
2021-02-05 13:31:45,362 [Command processor thread] INFO  commandhandler.CreatePipelineCommandHandler (CreatePipelineCommandHandler.java:handle(106)) - Created Pipeline RATIS ONE PipelineID=dd8afb14-ced1-4099-a770-47e8f16ca123.
2021-02-05 13:31:45,362 [Command processor thread] INFO  server.RaftServer (RaftServerProxy.java:addNew(95)) - 2218627d-9616-4ee5-9949-877c53e44591: addNew group-F12C99FB9DB4:[2218627d-9616-4ee5-9949-877c53e44591|rpc:172.17.0.2:40851|priority:0, b68d5162-d56d-447f-8d08-327553c4f8b7|rpc:172.17.0.2:36483|priority:1, 84a23ac6-72e6-48f0-84ab-0e5b98bf0c8b|rpc:172.17.0.2:36963|priority:0] returns group-F12C99FB9DB4:java.util.concurrent.CompletableFuture@761eb3e3[Not completed]
2021-02-05 13:31:45,363 [pool-329-thread-1] INFO  server.RaftServer$Division (RaftServerImpl.java:<init>(180)) - 2218627d-9616-4ee5-9949-877c53e44591: new RaftServerImpl for group-F12C99FB9DB4:[2218627d-9616-4ee5-9949-877c53e44591|rpc:172.17.0.2:40851|priority:0, b68d5162-d56d-447f-8d08-327553c4f8b7|rpc:172.17.0.2:36483|priority:1, 84a23ac6-72e6-48f0-84ab-0e5b98bf0c8b|rpc:172.17.0.2:36963|priority:0] with ContainerStateMachine:uninitialized
2021-02-05 13:31:45,363 [pool-329-thread-1] INFO  server.RaftServerConfigKeys (ConfUtils.java:logGet(44)) - raft.server.rpc.timeout.min = 5s (custom)
2021-02-05 13:31:45,363 [pool-329-thread-1] INFO  server.RaftServerConfigKeys (ConfUtils.java:logGet(44)) - raft.server.rpc.timeout.max = 5200ms (custom)
2021-02-05 13:31:45,363 [pool-329-thread-1] INFO  server.RaftServerConfigKeys (ConfUtils.java:logGet(44)) - raft.server.rpc.sleep.time = 25ms (default)
2021-02-05 13:31:45,363 [pool-329-thread-1] INFO  server.RaftServerConfigKeys (ConfUtils.java:logGet(44)) - raft.server.rpc.slowness.timeout = 300000ms (custom)
2021-02-05 13:31:45,363 [pool-329-thread-1] INFO  server.RaftServerConfigKeys (ConfUtils.java:logGet(44)) - raft.server.leaderelection.leader.step-down.wait-time = 10s (default)
2021-02-05 13:31:45,363 [pool-329-thread-1] INFO  server.RaftServerConfigKeys (ConfUtils.java:logGet(44)) - raft.server.sleep.deviation.threshold = 300ms (default)
2021-02-05 13:31:45,363 [pool-329-thread-1] INFO  server.RaftServerConfigKeys (ConfUtils.java:logGet(44)) - raft.server.log.appender.install.snapshot.enabled = false (custom)
2021-02-05 13:31:45,363 [pool-329-thread-1] INFO  server.RaftServer$Division (ServerState.java:<init>(105)) - 2218627d-9616-4ee5-9949-877c53e44591@group-F12C99FB9DB4: ConfigurationManager, init=-1: [2218627d-9616-4ee5-9949-877c53e44591|rpc:172.17.0.2:40851|priority:0, b68d5162-d56d-447f-8d08-327553c4f8b7|rpc:172.17.0.2:36483|priority:1, 84a23ac6-72e6-48f0-84ab-0e5b98bf0c8b|rpc:172.17.0.2:36963|priority:0], old=null, confs=<EMPTY_MAP>
2021-02-05 13:31:45,363 [pool-329-thread-1] INFO  server.RaftServerConfigKeys (ConfUtils.java:logGet(44)) - raft.server.storage.dir = [/github/workspace/mnt/ozone/hadoop-ozone/integration-test/target/test-dir/MiniOzoneClusterImpl-a92b2b3a-f9aa-4539-be01-238306fe77bb/datanode-6/data/ratis] (custom)
2021-02-05 13:31:45,364 [pool-329-thread-1] INFO  server.RaftServerConfigKeys (ConfUtils.java:logGet(44)) - raft.server.log.corruption.policy = EXCEPTION (default)
2021-02-05 13:31:45,364 [pool-329-thread-1] INFO  storage.RaftStorageDirectory (RaftStorageDirectoryImpl.java:analyzeStorage(132)) - The storage directory /github/workspace/mnt/ozone/hadoop-ozone/integration-test/target/test-dir/MiniOzoneClusterImpl-a92b2b3a-f9aa-4539-be01-238306fe77bb/datanode-6/data/ratis/ecf58077-afad-40b3-9cf3-f12c99fb9db4 does not exist. Creating ...
2021-02-05 13:31:45,365 [pool-329-thread-1] INFO  storage.RaftStorageDirectory (RaftStorageDirectoryImpl.java:tryLock(215)) - Lock on /github/workspace/mnt/ozone/hadoop-ozone/integration-test/target/test-dir/MiniOzoneClusterImpl-a92b2b3a-f9aa-4539-be01-238306fe77bb/datanode-6/data/ratis/ecf58077-afad-40b3-9cf3-f12c99fb9db4/in_use.lock acquired by nodename 4634@c72a3e6d1148
2021-02-05 13:31:45,366 [pool-329-thread-1] INFO  storage.RaftStorage (RaftStorageImpl.java:format(87)) - Storage directory /github/workspace/mnt/ozone/hadoop-ozone/integration-test/target/test-dir/MiniOzoneClusterImpl-a92b2b3a-f9aa-4539-be01-238306fe77bb/datanode-6/data/ratis/ecf58077-afad-40b3-9cf3-f12c99fb9db4 has been successfully formatted.
2021-02-05 13:31:45,366 [pool-329-thread-1] INFO  ratis.ContainerStateMachine (ContainerStateMachine.java:loadSnapshot(223)) - group-F12C99FB9DB4: The snapshot info is null. Setting the last applied indexto:(t:0, i:~)
2021-02-05 13:31:45,366 [pool-329-thread-1] ERROR storage.RaftStorage (RaftStorageImpl.java:readRaftConfiguration(147)) - Failed reading configuration from file:/github/workspace/mnt/ozone/hadoop-ozone/integration-test/target/test-dir/MiniOzoneClusterImpl-a92b2b3a-f9aa-4539-be01-238306fe77bb/datanode-6/data/ratis/ecf58077-afad-40b3-9cf3-f12c99fb9db4/current/raft-meta.conf
java.io.FileNotFoundException: /github/workspace/mnt/ozone/hadoop-ozone/integration-test/target/test-dir/MiniOzoneClusterImpl-a92b2b3a-f9aa-4539-be01-238306fe77bb/datanode-6/data/ratis/ecf58077-afad-40b3-9cf3-f12c99fb9db4/current/raft-meta.conf (No such file or directory)
	at java.io.FileInputStream.open0(Native Method)
	at java.io.FileInputStream.open(FileInputStream.java:195)
	at java.io.FileInputStream.<init>(FileInputStream.java:138)
	at org.apache.ratis.server.storage.RaftStorageImpl.readRaftConfiguration(RaftStorageImpl.java:143)
	at org.apache.ratis.server.impl.ServerState.<init>(ServerState.java:122)
	at org.apache.ratis.server.impl.RaftServerImpl.<init>(RaftServerImpl.java:193)
	at org.apache.ratis.server.impl.RaftServerProxy.lambda$newRaftServerImpl$4(RaftServerProxy.java:266)
	at java.util.concurrent.CompletableFuture$AsyncSupply.run(CompletableFuture.java:1604)
	at java.util.concurrent.ThreadPoolExecutor.runWorker(ThreadPoolExecutor.java:1149)
	at java.util.concurrent.ThreadPoolExecutor$Worker.run(ThreadPoolExecutor.java:624)
	at java.lang.Thread.run(Thread.java:748)
2021-02-05 13:31:45,366 [pool-329-thread-1] INFO  server.RaftServerConfigKeys (ConfUtils.java:logGet(44)) - raft.server.notification.no-leader.timeout = 300000ms (custom)
2021-02-05 13:31:45,366 [pool-329-thread-1] INFO  server.RaftServerConfigKeys (ConfUtils.java:logGet(44)) - raft.server.log.use.memory = false (default)
2021-02-05 13:31:45,367 [EventQueue-OpenPipelineForHealthyPipelineSafeModeRule] INFO  safemode.SCMSafeModeManager (HealthyPipelineSafeModeRule.java:process(128)) - SCM in safe mode. Healthy pipelines reported count is 0, required healthy pipeline reported count is 1
2021-02-05 13:31:45,367 [EventQueue-PipelineReportForOneReplicaPipelineSafeModeRule] INFO  safemode.SCMSafeModeManager (SCMSafeModeManager.java:validateSafeModeExitRules(214)) - AtleastOneDatanodeReportedRule rule is successfully validated
2021-02-05 13:31:45,367 [pool-329-thread-1] INFO  server.RaftServerConfigKeys (ConfUtils.java:logGet(44)) - raft.server.log.purge.gap = 1000000 (custom)
2021-02-05 13:31:45,367 [pool-329-thread-1] INFO  server.RaftServerConfigKeys (ConfUtils.java:logGet(44)) - raft.server.log.appender.buffer.byte-limit = 33554432 (custom)
2021-02-05 13:31:45,367 [pool-329-thread-1] INFO  metrics.RatisMetrics (RatisMetrics.java:lambda$create$0(36)) - Creating Metrics Registry : ratis.log_worker.2218627d-9616-4ee5-9949-877c53e44591@group-F12C99FB9DB4
2021-02-05 13:31:45,367 [pool-329-thread-1] INFO  server.RaftServerConfigKeys (ConfUtils.java:logGet(44)) - raft.server.log.segment.size.max = 1048576 (custom)
2021-02-05 13:31:45,368 [pool-329-thread-1] INFO  server.RaftServerConfigKeys (ConfUtils.java:logGet(44)) - raft.server.log.segment.cache.num.max = 2 (custom)
2021-02-05 13:31:45,368 [pool-329-thread-1] INFO  server.RaftServerConfigKeys (ConfUtils.java:logGet(44)) - raft.server.log.segment.cache.size.max = 200MB (=209715200) (default)
2021-02-05 13:31:45,368 [pool-329-thread-1] INFO  segmented.SegmentedRaftLogWorker (SegmentedRaftLogWorker.java:<init>(181)) - new 2218627d-9616-4ee5-9949-877c53e44591@group-F12C99FB9DB4-SegmentedRaftLogWorker for RaftStorageImpl:Storage Directory /github/workspace/mnt/ozone/hadoop-ozone/integration-test/target/test-dir/MiniOzoneClusterImpl-a92b2b3a-f9aa-4539-be01-238306fe77bb/datanode-6/data/ratis/ecf58077-afad-40b3-9cf3-f12c99fb9db4
2021-02-05 13:31:45,368 [pool-329-thread-1] INFO  server.RaftServerConfigKeys (ConfUtils.java:logGet(44)) - raft.server.log.queue.byte-limit = 2147483647 (custom)
2021-02-05 13:31:45,368 [pool-329-thread-1] INFO  server.RaftServerConfigKeys (ConfUtils.java:logGet(44)) - raft.server.log.queue.element-limit = 1024 (custom)
2021-02-05 13:31:45,368 [pool-329-thread-1] INFO  server.RaftServerConfigKeys (ConfUtils.java:logGet(44)) - raft.server.log.segment.size.max = 1048576 (custom)
2021-02-05 13:31:45,368 [pool-329-thread-1] INFO  server.RaftServerConfigKeys (ConfUtils.java:logGet(44)) - raft.server.log.preallocated.size = 16384 (custom)
2021-02-05 13:31:45,368 [pool-329-thread-1] INFO  server.RaftServerConfigKeys (ConfUtils.java:logGet(44)) - raft.server.log.force.sync.num = 128 (default)
2021-02-05 13:31:45,368 [pool-329-thread-1] INFO  server.RaftServerConfigKeys (ConfUtils.java:logGet(44)) - raft.server.log.statemachine.data.sync = true (default)
2021-02-05 13:31:45,368 [pool-329-thread-1] INFO  server.RaftServerConfigKeys (ConfUtils.java:logGet(44)) - raft.server.log.statemachine.data.sync.timeout = 10s (default)
2021-02-05 13:31:45,368 [pool-329-thread-1] INFO  server.RaftServerConfigKeys (ConfUtils.java:logGet(44)) - raft.server.log.statemachine.data.sync.timeout.retry = -1 (default)
2021-02-05 13:31:45,369 [pool-329-thread-1] INFO  server.RaftServerConfigKeys (ConfUtils.java:logGet(44)) - raft.server.log.write.buffer.size = 1048576 (custom)
2021-02-05 13:31:45,369 [pool-329-thread-1] INFO  server.RaftServerConfigKeys (ConfUtils.java:logGet(44)) - raft.server.log.statemachine.data.caching.enabled = true (custom)
2021-02-05 13:31:45,370 [pool-329-thread-1] INFO  segmented.SegmentedRaftLogWorker (SegmentedRaftLogWorker.java:lambda$new$0(132)) - 2218627d-9616-4ee5-9949-877c53e44591@group-F12C99FB9DB4-SegmentedRaftLogWorker: flushIndex: setUnconditionally 0 -> -1
2021-02-05 13:31:45,370 [pool-329-thread-1] INFO  segmented.SegmentedRaftLogWorker (SegmentedRaftLogWorker.java:lambda$new$0(132)) - 2218627d-9616-4ee5-9949-877c53e44591@group-F12C99FB9DB4-SegmentedRaftLogWorker: safeCacheEvictIndex: setUnconditionally 0 -> -1
2021-02-05 13:31:45,370 [pool-329-thread-1] INFO  server.RaftServerConfigKeys (ConfUtils.java:logGet(44)) - raft.server.snapshot.auto.trigger.enabled = true (custom)
2021-02-05 13:31:45,371 [pool-329-thread-1] INFO  server.RaftServerConfigKeys (ConfUtils.java:logGet(44)) - raft.server.snapshot.auto.trigger.threshold = 10000 (custom)
2021-02-05 13:31:45,371 [pool-329-thread-1] INFO  server.RaftServerConfigKeys (ConfUtils.java:logGet(44)) - raft.server.snapshot.retention.file.num = 5 (custom)
2021-02-05 13:31:45,371 [pool-329-thread-1] INFO  server.RaftServerConfigKeys (ConfUtils.java:logGet(44)) - raft.server.log.purge.upto.snapshot.index = false (default)
2021-02-05 13:31:45,371 [pool-329-thread-1] INFO  server.RaftServerConfigKeys (ConfUtils.java:logGet(44)) - raft.server.retrycache.expirytime = 600000ms (custom)
2021-02-05 13:31:45,371 [pool-329-thread-1] INFO  server.RaftServerConfigKeys (ConfUtils.java:logGet(44)) - raft.server.retrycache.statistics.expirytime = 100?s (default)
2021-02-05 13:31:45,371 [pool-329-thread-1] INFO  metrics.RatisMetrics (RatisMetrics.java:lambda$create$0(36)) - Creating Metrics Registry : ratis.leader_election.2218627d-9616-4ee5-9949-877c53e44591@group-F12C99FB9DB4
2021-02-05 13:31:45,371 [pool-329-thread-1] INFO  metrics.RatisMetrics (RatisMetrics.java:lambda$create$0(36)) - Creating Metrics Registry : ratis.server.2218627d-9616-4ee5-9949-877c53e44591@group-F12C99FB9DB4
2021-02-05 13:31:45,372 [pool-329-thread-1] INFO  server.RaftServer$Division (RaftServerImpl.java:start(295)) - 2218627d-9616-4ee5-9949-877c53e44591@group-F12C99FB9DB4: start as a follower, conf=-1: [2218627d-9616-4ee5-9949-877c53e44591|rpc:172.17.0.2:40851|priority:0, b68d5162-d56d-447f-8d08-327553c4f8b7|rpc:172.17.0.2:36483|priority:1, 84a23ac6-72e6-48f0-84ab-0e5b98bf0c8b|rpc:172.17.0.2:36963|priority:0], old=null
2021-02-05 13:31:45,372 [pool-329-thread-1] INFO  server.RaftServer$Division (RaftServerImpl.java:setRole(284)) - 2218627d-9616-4ee5-9949-877c53e44591@group-F12C99FB9DB4: changes role from      null to FOLLOWER at term 0 for startAsFollower
2021-02-05 13:31:45,372 [pool-329-thread-1] INFO  impl.RoleInfo (RoleInfo.java:updateAndGet(130)) - 2218627d-9616-4ee5-9949-877c53e44591: start 2218627d-9616-4ee5-9949-877c53e44591@group-F12C99FB9DB4-FollowerState
2021-02-05 13:31:45,372 [pool-329-thread-1] INFO  util.JmxRegister (JmxRegister.java:tryRegister(44)) - Successfully registered JMX Bean with object name Ratis:service=RaftServer,group=group-F12C99FB9DB4,id=2218627d-9616-4ee5-9949-877c53e44591
2021-02-05 13:31:45,372 [pool-329-thread-1] INFO  metrics.RatisMetrics (RatisMetrics.java:lambda$create$0(36)) - Creating Metrics Registry : ratis.state_machine.2218627d-9616-4ee5-9949-877c53e44591@group-F12C99FB9DB4
2021-02-05 13:31:45,374 [Command processor thread] INFO  metrics.RatisMetrics (RatisMetrics.java:lambda$create$0(36)) - Creating Metrics Registry : ratis.client_message_metrics.client-D81634609DE1->b68d5162-d56d-447f-8d08-327553c4f8b7
2021-02-05 13:31:45,379 [grpc-default-executor-1] INFO  metrics.RatisMetrics (RatisMetrics.java:lambda$create$0(36)) - Creating Metrics Registry : ratis.server_message_metrics.b68d5162-d56d-447f-8d08-327553c4f8b7
2021-02-05 13:31:45,381 [grpc-default-executor-1] INFO  server.RaftServer (RaftServerProxy.java:addNew(95)) - b68d5162-d56d-447f-8d08-327553c4f8b7: addNew group-F12C99FB9DB4:[2218627d-9616-4ee5-9949-877c53e44591|rpc:172.17.0.2:40851|admin:|client:|dataStream:|priority:0, b68d5162-d56d-447f-8d08-327553c4f8b7|rpc:172.17.0.2:36483|admin:|client:|dataStream:|priority:1, 84a23ac6-72e6-48f0-84ab-0e5b98bf0c8b|rpc:172.17.0.2:36963|admin:|client:|dataStream:|priority:0] returns group-F12C99FB9DB4:java.util.concurrent.CompletableFuture@4b2bd1a1[Not completed]
2021-02-05 13:31:45,382 [pool-361-thread-1] INFO  server.RaftServer$Division (RaftServerImpl.java:<init>(180)) - b68d5162-d56d-447f-8d08-327553c4f8b7: new RaftServerImpl for group-F12C99FB9DB4:[2218627d-9616-4ee5-9949-877c53e44591|rpc:172.17.0.2:40851|admin:|client:|dataStream:|priority:0, b68d5162-d56d-447f-8d08-327553c4f8b7|rpc:172.17.0.2:36483|admin:|client:|dataStream:|priority:1, 84a23ac6-72e6-48f0-84ab-0e5b98bf0c8b|rpc:172.17.0.2:36963|admin:|client:|dataStream:|priority:0] with ContainerStateMachine:uninitialized
2021-02-05 13:31:45,383 [pool-361-thread-1] INFO  server.RaftServerConfigKeys (ConfUtils.java:logGet(44)) - raft.server.rpc.timeout.min = 5s (custom)
2021-02-05 13:31:45,383 [pool-361-thread-1] INFO  server.RaftServerConfigKeys (ConfUtils.java:logGet(44)) - raft.server.rpc.timeout.max = 5200ms (custom)
2021-02-05 13:31:45,383 [pool-361-thread-1] INFO  server.RaftServerConfigKeys (ConfUtils.java:logGet(44)) - raft.server.rpc.sleep.time = 25ms (default)
2021-02-05 13:31:45,383 [pool-361-thread-1] INFO  server.RaftServerConfigKeys (ConfUtils.java:logGet(44)) - raft.server.rpc.slowness.timeout = 300000ms (custom)
2021-02-05 13:31:45,383 [pool-361-thread-1] INFO  server.RaftServerConfigKeys (ConfUtils.java:logGet(44)) - raft.server.leaderelection.leader.step-down.wait-time = 10s (default)
2021-02-05 13:31:45,383 [pool-361-thread-1] INFO  server.RaftServerConfigKeys (ConfUtils.java:logGet(44)) - raft.server.sleep.deviation.threshold = 300ms (default)
2021-02-05 13:31:45,383 [pool-361-thread-1] INFO  server.RaftServerConfigKeys (ConfUtils.java:logGet(44)) - raft.server.log.appender.install.snapshot.enabled = false (custom)
2021-02-05 13:31:45,383 [pool-361-thread-1] INFO  server.RaftServer$Division (ServerState.java:<init>(105)) - b68d5162-d56d-447f-8d08-327553c4f8b7@group-F12C99FB9DB4: ConfigurationManager, init=-1: [2218627d-9616-4ee5-9949-877c53e44591|rpc:172.17.0.2:40851|admin:|client:|dataStream:|priority:0, b68d5162-d56d-447f-8d08-327553c4f8b7|rpc:172.17.0.2:36483|admin:|client:|dataStream:|priority:1, 84a23ac6-72e6-48f0-84ab-0e5b98bf0c8b|rpc:172.17.0.2:36963|admin:|client:|dataStream:|priority:0], old=null, confs=<EMPTY_MAP>
2021-02-05 13:31:45,384 [pool-361-thread-1] INFO  server.RaftServerConfigKeys (ConfUtils.java:logGet(44)) - raft.server.storage.dir = [/github/workspace/mnt/ozone/hadoop-ozone/integration-test/target/test-dir/MiniOzoneClusterImpl-a92b2b3a-f9aa-4539-be01-238306fe77bb/datanode-8/data/ratis] (custom)
2021-02-05 13:31:45,384 [pool-361-thread-1] INFO  server.RaftServerConfigKeys (ConfUtils.java:logGet(44)) - raft.server.log.corruption.policy = EXCEPTION (default)
2021-02-05 13:31:45,384 [pool-361-thread-1] INFO  storage.RaftStorageDirectory (RaftStorageDirectoryImpl.java:analyzeStorage(132)) - The storage directory /github/workspace/mnt/ozone/hadoop-ozone/integration-test/target/test-dir/MiniOzoneClusterImpl-a92b2b3a-f9aa-4539-be01-238306fe77bb/datanode-8/data/ratis/ecf58077-afad-40b3-9cf3-f12c99fb9db4 does not exist. Creating ...
2021-02-05 13:31:45,385 [pool-361-thread-1] INFO  storage.RaftStorageDirectory (RaftStorageDirectoryImpl.java:tryLock(215)) - Lock on /github/workspace/mnt/ozone/hadoop-ozone/integration-test/target/test-dir/MiniOzoneClusterImpl-a92b2b3a-f9aa-4539-be01-238306fe77bb/datanode-8/data/ratis/ecf58077-afad-40b3-9cf3-f12c99fb9db4/in_use.lock acquired by nodename 4634@c72a3e6d1148
2021-02-05 13:31:45,385 [pool-361-thread-1] INFO  storage.RaftStorage (RaftStorageImpl.java:format(87)) - Storage directory /github/workspace/mnt/ozone/hadoop-ozone/integration-test/target/test-dir/MiniOzoneClusterImpl-a92b2b3a-f9aa-4539-be01-238306fe77bb/datanode-8/data/ratis/ecf58077-afad-40b3-9cf3-f12c99fb9db4 has been successfully formatted.
2021-02-05 13:31:45,386 [pool-361-thread-1] INFO  ratis.ContainerStateMachine (ContainerStateMachine.java:loadSnapshot(223)) - group-F12C99FB9DB4: The snapshot info is null. Setting the last applied indexto:(t:0, i:~)
2021-02-05 13:31:45,386 [pool-361-thread-1] ERROR storage.RaftStorage (RaftStorageImpl.java:readRaftConfiguration(147)) - Failed reading configuration from file:/github/workspace/mnt/ozone/hadoop-ozone/integration-test/target/test-dir/MiniOzoneClusterImpl-a92b2b3a-f9aa-4539-be01-238306fe77bb/datanode-8/data/ratis/ecf58077-afad-40b3-9cf3-f12c99fb9db4/current/raft-meta.conf
java.io.FileNotFoundException: /github/workspace/mnt/ozone/hadoop-ozone/integration-test/target/test-dir/MiniOzoneClusterImpl-a92b2b3a-f9aa-4539-be01-238306fe77bb/datanode-8/data/ratis/ecf58077-afad-40b3-9cf3-f12c99fb9db4/current/raft-meta.conf (No such file or directory)
	at java.io.FileInputStream.open0(Native Method)
	at java.io.FileInputStream.open(FileInputStream.java:195)
	at java.io.FileInputStream.<init>(FileInputStream.java:138)
	at org.apache.ratis.server.storage.RaftStorageImpl.readRaftConfiguration(RaftStorageImpl.java:143)
	at org.apache.ratis.server.impl.ServerState.<init>(ServerState.java:122)
	at org.apache.ratis.server.impl.RaftServerImpl.<init>(RaftServerImpl.java:193)
	at org.apache.ratis.server.impl.RaftServerProxy.lambda$newRaftServerImpl$4(RaftServerProxy.java:266)
	at java.util.concurrent.CompletableFuture$AsyncSupply.run(CompletableFuture.java:1604)
	at java.util.concurrent.ThreadPoolExecutor.runWorker(ThreadPoolExecutor.java:1149)
	at java.util.concurrent.ThreadPoolExecutor$Worker.run(ThreadPoolExecutor.java:624)
	at java.lang.Thread.run(Thread.java:748)
2021-02-05 13:31:45,386 [EventQueue-PipelineReportForOneReplicaPipelineSafeModeRule] INFO  safemode.SCMSafeModeManager (SCMSafeModeManager.java:validateSafeModeExitRules(214)) - AtleastOneDatanodeReportedRule rule is successfully validated
2021-02-05 13:31:45,387 [pool-361-thread-1] INFO  server.RaftServerConfigKeys (ConfUtils.java:logGet(44)) - raft.server.notification.no-leader.timeout = 300000ms (custom)
2021-02-05 13:31:45,387 [pool-361-thread-1] INFO  server.RaftServerConfigKeys (ConfUtils.java:logGet(44)) - raft.server.log.use.memory = false (default)
2021-02-05 13:31:45,387 [pool-361-thread-1] INFO  server.RaftServerConfigKeys (ConfUtils.java:logGet(44)) - raft.server.log.purge.gap = 1000000 (custom)
2021-02-05 13:31:45,387 [pool-361-thread-1] INFO  server.RaftServerConfigKeys (ConfUtils.java:logGet(44)) - raft.server.log.appender.buffer.byte-limit = 33554432 (custom)
2021-02-05 13:31:45,387 [pool-361-thread-1] INFO  metrics.RatisMetrics (RatisMetrics.java:lambda$create$0(36)) - Creating Metrics Registry : ratis.log_worker.b68d5162-d56d-447f-8d08-327553c4f8b7@group-F12C99FB9DB4
2021-02-05 13:31:45,387 [pool-361-thread-1] INFO  server.RaftServerConfigKeys (ConfUtils.java:logGet(44)) - raft.server.log.segment.size.max = 1048576 (custom)
2021-02-05 13:31:45,387 [pool-361-thread-1] INFO  server.RaftServerConfigKeys (ConfUtils.java:logGet(44)) - raft.server.log.segment.cache.num.max = 2 (custom)
2021-02-05 13:31:45,388 [pool-361-thread-1] INFO  server.RaftServerConfigKeys (ConfUtils.java:logGet(44)) - raft.server.log.segment.cache.size.max = 200MB (=209715200) (default)
2021-02-05 13:31:45,388 [pool-361-thread-1] INFO  segmented.SegmentedRaftLogWorker (SegmentedRaftLogWorker.java:<init>(181)) - new b68d5162-d56d-447f-8d08-327553c4f8b7@group-F12C99FB9DB4-SegmentedRaftLogWorker for RaftStorageImpl:Storage Directory /github/workspace/mnt/ozone/hadoop-ozone/integration-test/target/test-dir/MiniOzoneClusterImpl-a92b2b3a-f9aa-4539-be01-238306fe77bb/datanode-8/data/ratis/ecf58077-afad-40b3-9cf3-f12c99fb9db4
2021-02-05 13:31:45,388 [pool-361-thread-1] INFO  server.RaftServerConfigKeys (ConfUtils.java:logGet(44)) - raft.server.log.queue.byte-limit = 2147483647 (custom)
2021-02-05 13:31:45,388 [pool-361-thread-1] INFO  server.RaftServerConfigKeys (ConfUtils.java:logGet(44)) - raft.server.log.queue.element-limit = 1024 (custom)
2021-02-05 13:31:45,388 [pool-361-thread-1] INFO  server.RaftServerConfigKeys (ConfUtils.java:logGet(44)) - raft.server.log.segment.size.max = 1048576 (custom)
2021-02-05 13:31:45,388 [pool-361-thread-1] INFO  server.RaftServerConfigKeys (ConfUtils.java:logGet(44)) - raft.server.log.preallocated.size = 16384 (custom)
2021-02-05 13:31:45,388 [pool-361-thread-1] INFO  server.RaftServerConfigKeys (ConfUtils.java:logGet(44)) - raft.server.log.force.sync.num = 128 (default)
2021-02-05 13:31:45,388 [pool-361-thread-1] INFO  server.RaftServerConfigKeys (ConfUtils.java:logGet(44)) - raft.server.log.statemachine.data.sync = true (default)
2021-02-05 13:31:45,388 [pool-361-thread-1] INFO  server.RaftServerConfigKeys (ConfUtils.java:logGet(44)) - raft.server.log.statemachine.data.sync.timeout = 10s (default)
2021-02-05 13:31:45,388 [pool-361-thread-1] INFO  server.RaftServerConfigKeys (ConfUtils.java:logGet(44)) - raft.server.log.statemachine.data.sync.timeout.retry = -1 (default)
2021-02-05 13:31:45,389 [pool-361-thread-1] INFO  server.RaftServerConfigKeys (ConfUtils.java:logGet(44)) - raft.server.log.write.buffer.size = 1048576 (custom)
2021-02-05 13:31:45,389 [pool-361-thread-1] INFO  server.RaftServerConfigKeys (ConfUtils.java:logGet(44)) - raft.server.log.statemachine.data.caching.enabled = true (custom)
2021-02-05 13:31:45,390 [pool-361-thread-1] INFO  segmented.SegmentedRaftLogWorker (SegmentedRaftLogWorker.java:lambda$new$0(132)) - b68d5162-d56d-447f-8d08-327553c4f8b7@group-F12C99FB9DB4-SegmentedRaftLogWorker: flushIndex: setUnconditionally 0 -> -1
2021-02-05 13:31:45,390 [pool-361-thread-1] INFO  segmented.SegmentedRaftLogWorker (SegmentedRaftLogWorker.java:lambda$new$0(132)) - b68d5162-d56d-447f-8d08-327553c4f8b7@group-F12C99FB9DB4-SegmentedRaftLogWorker: safeCacheEvictIndex: setUnconditionally 0 -> -1
2021-02-05 13:31:45,390 [pool-361-thread-1] INFO  server.RaftServerConfigKeys (ConfUtils.java:logGet(44)) - raft.server.snapshot.auto.trigger.enabled = true (custom)
2021-02-05 13:31:45,390 [pool-361-thread-1] INFO  server.RaftServerConfigKeys (ConfUtils.java:logGet(44)) - raft.server.snapshot.auto.trigger.threshold = 10000 (custom)
2021-02-05 13:31:45,390 [pool-361-thread-1] INFO  server.RaftServerConfigKeys (ConfUtils.java:logGet(44)) - raft.server.snapshot.retention.file.num = 5 (custom)
2021-02-05 13:31:45,390 [pool-361-thread-1] INFO  server.RaftServerConfigKeys (ConfUtils.java:logGet(44)) - raft.server.log.purge.upto.snapshot.index = false (default)
2021-02-05 13:31:45,390 [pool-361-thread-1] INFO  server.RaftServerConfigKeys (ConfUtils.java:logGet(44)) - raft.server.retrycache.expirytime = 600000ms (custom)
2021-02-05 13:31:45,390 [pool-361-thread-1] INFO  server.RaftServerConfigKeys (ConfUtils.java:logGet(44)) - raft.server.retrycache.statistics.expirytime = 100?s (default)
2021-02-05 13:31:45,390 [pool-361-thread-1] INFO  metrics.RatisMetrics (RatisMetrics.java:lambda$create$0(36)) - Creating Metrics Registry : ratis.leader_election.b68d5162-d56d-447f-8d08-327553c4f8b7@group-F12C99FB9DB4
2021-02-05 13:31:45,391 [pool-361-thread-1] INFO  metrics.RatisMetrics (RatisMetrics.java:lambda$create$0(36)) - Creating Metrics Registry : ratis.server.b68d5162-d56d-447f-8d08-327553c4f8b7@group-F12C99FB9DB4
2021-02-05 13:31:45,391 [pool-361-thread-1] INFO  server.RaftServer$Division (RaftServerImpl.java:start(295)) - b68d5162-d56d-447f-8d08-327553c4f8b7@group-F12C99FB9DB4: start as a follower, conf=-1: [2218627d-9616-4ee5-9949-877c53e44591|rpc:172.17.0.2:40851|admin:|client:|dataStream:|priority:0, b68d5162-d56d-447f-8d08-327553c4f8b7|rpc:172.17.0.2:36483|admin:|client:|dataStream:|priority:1, 84a23ac6-72e6-48f0-84ab-0e5b98bf0c8b|rpc:172.17.0.2:36963|admin:|client:|dataStream:|priority:0], old=null
2021-02-05 13:31:45,391 [pool-361-thread-1] INFO  server.RaftServer$Division (RaftServerImpl.java:setRole(284)) - b68d5162-d56d-447f-8d08-327553c4f8b7@group-F12C99FB9DB4: changes role from      null to FOLLOWER at term 0 for startAsFollower
2021-02-05 13:31:45,391 [pool-361-thread-1] INFO  impl.RoleInfo (RoleInfo.java:updateAndGet(130)) - b68d5162-d56d-447f-8d08-327553c4f8b7: start b68d5162-d56d-447f-8d08-327553c4f8b7@group-F12C99FB9DB4-FollowerState
2021-02-05 13:31:45,392 [pool-361-thread-1] INFO  util.JmxRegister (JmxRegister.java:tryRegister(44)) - Successfully registered JMX Bean with object name Ratis:service=RaftServer,group=group-F12C99FB9DB4,id=b68d5162-d56d-447f-8d08-327553c4f8b7
2021-02-05 13:31:45,392 [pool-361-thread-1] INFO  metrics.RatisMetrics (RatisMetrics.java:lambda$create$0(36)) - Creating Metrics Registry : ratis.state_machine.b68d5162-d56d-447f-8d08-327553c4f8b7@group-F12C99FB9DB4
2021-02-05 13:31:45,397 [Command processor thread] INFO  metrics.RatisMetrics (RatisMetrics.java:lambda$create$0(36)) - Creating Metrics Registry : ratis.client_message_metrics.client-6F5A9D62C0F7->84a23ac6-72e6-48f0-84ab-0e5b98bf0c8b
2021-02-05 13:31:45,400 [grpc-default-executor-1] INFO  metrics.RatisMetrics (RatisMetrics.java:lambda$create$0(36)) - Creating Metrics Registry : ratis.server_message_metrics.84a23ac6-72e6-48f0-84ab-0e5b98bf0c8b
2021-02-05 13:31:45,402 [grpc-default-executor-1] INFO  server.RaftServer (RaftServerProxy.java:addNew(95)) - 84a23ac6-72e6-48f0-84ab-0e5b98bf0c8b: addNew group-F12C99FB9DB4:[2218627d-9616-4ee5-9949-877c53e44591|rpc:172.17.0.2:40851|admin:|client:|dataStream:|priority:0, b68d5162-d56d-447f-8d08-327553c4f8b7|rpc:172.17.0.2:36483|admin:|client:|dataStream:|priority:1, 84a23ac6-72e6-48f0-84ab-0e5b98bf0c8b|rpc:172.17.0.2:36963|admin:|client:|dataStream:|priority:0] returns group-F12C99FB9DB4:java.util.concurrent.CompletableFuture@59e325e9[Not completed]
2021-02-05 13:31:45,403 [pool-345-thread-1] INFO  server.RaftServer$Division (RaftServerImpl.java:<init>(180)) - 84a23ac6-72e6-48f0-84ab-0e5b98bf0c8b: new RaftServerImpl for group-F12C99FB9DB4:[2218627d-9616-4ee5-9949-877c53e44591|rpc:172.17.0.2:40851|admin:|client:|dataStream:|priority:0, b68d5162-d56d-447f-8d08-327553c4f8b7|rpc:172.17.0.2:36483|admin:|client:|dataStream:|priority:1, 84a23ac6-72e6-48f0-84ab-0e5b98bf0c8b|rpc:172.17.0.2:36963|admin:|client:|dataStream:|priority:0] with ContainerStateMachine:uninitialized
2021-02-05 13:31:45,408 [pool-345-thread-1] INFO  server.RaftServerConfigKeys (ConfUtils.java:logGet(44)) - raft.server.rpc.timeout.min = 5s (custom)
2021-02-05 13:31:45,408 [pool-345-thread-1] INFO  server.RaftServerConfigKeys (ConfUtils.java:logGet(44)) - raft.server.rpc.timeout.max = 5200ms (custom)
2021-02-05 13:31:45,408 [pool-345-thread-1] INFO  server.RaftServerConfigKeys (ConfUtils.java:logGet(44)) - raft.server.rpc.sleep.time = 25ms (default)
2021-02-05 13:31:45,408 [pool-345-thread-1] INFO  server.RaftServerConfigKeys (ConfUtils.java:logGet(44)) - raft.server.rpc.slowness.timeout = 300000ms (custom)
2021-02-05 13:31:45,408 [pool-345-thread-1] INFO  server.RaftServerConfigKeys (ConfUtils.java:logGet(44)) - raft.server.leaderelection.leader.step-down.wait-time = 10s (default)
2021-02-05 13:31:45,408 [pool-345-thread-1] INFO  server.RaftServerConfigKeys (ConfUtils.java:logGet(44)) - raft.server.sleep.deviation.threshold = 300ms (default)
2021-02-05 13:31:45,408 [pool-345-thread-1] INFO  server.RaftServerConfigKeys (ConfUtils.java:logGet(44)) - raft.server.log.appender.install.snapshot.enabled = false (custom)
2021-02-05 13:31:45,408 [pool-345-thread-1] INFO  server.RaftServer$Division (ServerState.java:<init>(105)) - 84a23ac6-72e6-48f0-84ab-0e5b98bf0c8b@group-F12C99FB9DB4: ConfigurationManager, init=-1: [2218627d-9616-4ee5-9949-877c53e44591|rpc:172.17.0.2:40851|admin:|client:|dataStream:|priority:0, b68d5162-d56d-447f-8d08-327553c4f8b7|rpc:172.17.0.2:36483|admin:|client:|dataStream:|priority:1, 84a23ac6-72e6-48f0-84ab-0e5b98bf0c8b|rpc:172.17.0.2:36963|admin:|client:|dataStream:|priority:0], old=null, confs=<EMPTY_MAP>
2021-02-05 13:31:45,408 [pool-345-thread-1] INFO  server.RaftServerConfigKeys (ConfUtils.java:logGet(44)) - raft.server.storage.dir = [/github/workspace/mnt/ozone/hadoop-ozone/integration-test/target/test-dir/MiniOzoneClusterImpl-a92b2b3a-f9aa-4539-be01-238306fe77bb/datanode-7/data/ratis] (custom)
2021-02-05 13:31:45,408 [pool-345-thread-1] INFO  server.RaftServerConfigKeys (ConfUtils.java:logGet(44)) - raft.server.log.corruption.policy = EXCEPTION (default)
2021-02-05 13:31:45,408 [pool-345-thread-1] INFO  storage.RaftStorageDirectory (RaftStorageDirectoryImpl.java:analyzeStorage(132)) - The storage directory /github/workspace/mnt/ozone/hadoop-ozone/integration-test/target/test-dir/MiniOzoneClusterImpl-a92b2b3a-f9aa-4539-be01-238306fe77bb/datanode-7/data/ratis/ecf58077-afad-40b3-9cf3-f12c99fb9db4 does not exist. Creating ...
2021-02-05 13:31:45,409 [pool-345-thread-1] INFO  storage.RaftStorageDirectory (RaftStorageDirectoryImpl.java:tryLock(215)) - Lock on /github/workspace/mnt/ozone/hadoop-ozone/integration-test/target/test-dir/MiniOzoneClusterImpl-a92b2b3a-f9aa-4539-be01-238306fe77bb/datanode-7/data/ratis/ecf58077-afad-40b3-9cf3-f12c99fb9db4/in_use.lock acquired by nodename 4634@c72a3e6d1148
2021-02-05 13:31:45,410 [pool-345-thread-1] INFO  storage.RaftStorage (RaftStorageImpl.java:format(87)) - Storage directory /github/workspace/mnt/ozone/hadoop-ozone/integration-test/target/test-dir/MiniOzoneClusterImpl-a92b2b3a-f9aa-4539-be01-238306fe77bb/datanode-7/data/ratis/ecf58077-afad-40b3-9cf3-f12c99fb9db4 has been successfully formatted.
2021-02-05 13:31:45,410 [pool-345-thread-1] INFO  ratis.ContainerStateMachine (ContainerStateMachine.java:loadSnapshot(223)) - group-F12C99FB9DB4: The snapshot info is null. Setting the last applied indexto:(t:0, i:~)
2021-02-05 13:31:45,411 [pool-345-thread-1] ERROR storage.RaftStorage (RaftStorageImpl.java:readRaftConfiguration(147)) - Failed reading configuration from file:/github/workspace/mnt/ozone/hadoop-ozone/integration-test/target/test-dir/MiniOzoneClusterImpl-a92b2b3a-f9aa-4539-be01-238306fe77bb/datanode-7/data/ratis/ecf58077-afad-40b3-9cf3-f12c99fb9db4/current/raft-meta.conf
java.io.FileNotFoundException: /github/workspace/mnt/ozone/hadoop-ozone/integration-test/target/test-dir/MiniOzoneClusterImpl-a92b2b3a-f9aa-4539-be01-238306fe77bb/datanode-7/data/ratis/ecf58077-afad-40b3-9cf3-f12c99fb9db4/current/raft-meta.conf (No such file or directory)
	at java.io.FileInputStream.open0(Native Method)
	at java.io.FileInputStream.open(FileInputStream.java:195)
	at java.io.FileInputStream.<init>(FileInputStream.java:138)
	at org.apache.ratis.server.storage.RaftStorageImpl.readRaftConfiguration(RaftStorageImpl.java:143)
	at org.apache.ratis.server.impl.ServerState.<init>(ServerState.java:122)
	at org.apache.ratis.server.impl.RaftServerImpl.<init>(RaftServerImpl.java:193)
	at org.apache.ratis.server.impl.RaftServerProxy.lambda$newRaftServerImpl$4(RaftServerProxy.java:266)
	at java.util.concurrent.CompletableFuture$AsyncSupply.run(CompletableFuture.java:1604)
	at java.util.concurrent.ThreadPoolExecutor.runWorker(ThreadPoolExecutor.java:1149)
	at java.util.concurrent.ThreadPoolExecutor$Worker.run(ThreadPoolExecutor.java:624)
	at java.lang.Thread.run(Thread.java:748)
2021-02-05 13:31:45,411 [EventQueue-PipelineReportForOneReplicaPipelineSafeModeRule] INFO  safemode.SCMSafeModeManager (SCMSafeModeManager.java:validateSafeModeExitRules(214)) - AtleastOneDatanodeReportedRule rule is successfully validated
2021-02-05 13:31:45,411 [pool-345-thread-1] INFO  server.RaftServerConfigKeys (ConfUtils.java:logGet(44)) - raft.server.notification.no-leader.timeout = 300000ms (custom)
2021-02-05 13:31:45,412 [pool-345-thread-1] INFO  server.RaftServerConfigKeys (ConfUtils.java:logGet(44)) - raft.server.log.use.memory = false (default)
2021-02-05 13:31:45,412 [pool-345-thread-1] INFO  server.RaftServerConfigKeys (ConfUtils.java:logGet(44)) - raft.server.log.purge.gap = 1000000 (custom)
2021-02-05 13:31:45,412 [pool-345-thread-1] INFO  server.RaftServerConfigKeys (ConfUtils.java:logGet(44)) - raft.server.log.appender.buffer.byte-limit = 33554432 (custom)
2021-02-05 13:31:45,412 [pool-345-thread-1] INFO  metrics.RatisMetrics (RatisMetrics.java:lambda$create$0(36)) - Creating Metrics Registry : ratis.log_worker.84a23ac6-72e6-48f0-84ab-0e5b98bf0c8b@group-F12C99FB9DB4
2021-02-05 13:31:45,412 [pool-345-thread-1] INFO  server.RaftServerConfigKeys (ConfUtils.java:logGet(44)) - raft.server.log.segment.size.max = 1048576 (custom)
2021-02-05 13:31:45,412 [pool-345-thread-1] INFO  server.RaftServerConfigKeys (ConfUtils.java:logGet(44)) - raft.server.log.segment.cache.num.max = 2 (custom)
2021-02-05 13:31:45,412 [pool-345-thread-1] INFO  server.RaftServerConfigKeys (ConfUtils.java:logGet(44)) - raft.server.log.segment.cache.size.max = 200MB (=209715200) (default)
2021-02-05 13:31:45,412 [pool-345-thread-1] INFO  segmented.SegmentedRaftLogWorker (SegmentedRaftLogWorker.java:<init>(181)) - new 84a23ac6-72e6-48f0-84ab-0e5b98bf0c8b@group-F12C99FB9DB4-SegmentedRaftLogWorker for RaftStorageImpl:Storage Directory /github/workspace/mnt/ozone/hadoop-ozone/integration-test/target/test-dir/MiniOzoneClusterImpl-a92b2b3a-f9aa-4539-be01-238306fe77bb/datanode-7/data/ratis/ecf58077-afad-40b3-9cf3-f12c99fb9db4
2021-02-05 13:31:45,412 [pool-345-thread-1] INFO  server.RaftServerConfigKeys (ConfUtils.java:logGet(44)) - raft.server.log.queue.byte-limit = 2147483647 (custom)
2021-02-05 13:31:45,412 [pool-345-thread-1] INFO  server.RaftServerConfigKeys (ConfUtils.java:logGet(44)) - raft.server.log.queue.element-limit = 1024 (custom)
2021-02-05 13:31:45,413 [pool-345-thread-1] INFO  server.RaftServerConfigKeys (ConfUtils.java:logGet(44)) - raft.server.log.segment.size.max = 1048576 (custom)
2021-02-05 13:31:45,413 [pool-345-thread-1] INFO  server.RaftServerConfigKeys (ConfUtils.java:logGet(44)) - raft.server.log.preallocated.size = 16384 (custom)
2021-02-05 13:31:45,413 [pool-345-thread-1] INFO  server.RaftServerConfigKeys (ConfUtils.java:logGet(44)) - raft.server.log.force.sync.num = 128 (default)
2021-02-05 13:31:45,413 [pool-345-thread-1] INFO  server.RaftServerConfigKeys (ConfUtils.java:logGet(44)) - raft.server.log.statemachine.data.sync = true (default)
2021-02-05 13:31:45,413 [pool-345-thread-1] INFO  server.RaftServerConfigKeys (ConfUtils.java:logGet(44)) - raft.server.log.statemachine.data.sync.timeout = 10s (default)
2021-02-05 13:31:45,413 [pool-345-thread-1] INFO  server.RaftServerConfigKeys (ConfUtils.java:logGet(44)) - raft.server.log.statemachine.data.sync.timeout.retry = -1 (default)
2021-02-05 13:31:45,414 [pool-345-thread-1] INFO  server.RaftServerConfigKeys (ConfUtils.java:logGet(44)) - raft.server.log.write.buffer.size = 1048576 (custom)
2021-02-05 13:31:45,414 [pool-345-thread-1] INFO  server.RaftServerConfigKeys (ConfUtils.java:logGet(44)) - raft.server.log.statemachine.data.caching.enabled = true (custom)
2021-02-05 13:31:45,414 [pool-345-thread-1] INFO  segmented.SegmentedRaftLogWorker (SegmentedRaftLogWorker.java:lambda$new$0(132)) - 84a23ac6-72e6-48f0-84ab-0e5b98bf0c8b@group-F12C99FB9DB4-SegmentedRaftLogWorker: flushIndex: setUnconditionally 0 -> -1
2021-02-05 13:31:45,414 [pool-345-thread-1] INFO  segmented.SegmentedRaftLogWorker (SegmentedRaftLogWorker.java:lambda$new$0(132)) - 84a23ac6-72e6-48f0-84ab-0e5b98bf0c8b@group-F12C99FB9DB4-SegmentedRaftLogWorker: safeCacheEvictIndex: setUnconditionally 0 -> -1
2021-02-05 13:31:45,414 [pool-345-thread-1] INFO  server.RaftServerConfigKeys (ConfUtils.java:logGet(44)) - raft.server.snapshot.auto.trigger.enabled = true (custom)
2021-02-05 13:31:45,415 [pool-345-thread-1] INFO  server.RaftServerConfigKeys (ConfUtils.java:logGet(44)) - raft.server.snapshot.auto.trigger.threshold = 10000 (custom)
2021-02-05 13:31:45,415 [pool-345-thread-1] INFO  server.RaftServerConfigKeys (ConfUtils.java:logGet(44)) - raft.server.snapshot.retention.file.num = 5 (custom)
2021-02-05 13:31:45,415 [pool-345-thread-1] INFO  server.RaftServerConfigKeys (ConfUtils.java:logGet(44)) - raft.server.log.purge.upto.snapshot.index = false (default)
2021-02-05 13:31:45,415 [pool-345-thread-1] INFO  server.RaftServerConfigKeys (ConfUtils.java:logGet(44)) - raft.server.retrycache.expirytime = 600000ms (custom)
2021-02-05 13:31:45,415 [pool-345-thread-1] INFO  server.RaftServerConfigKeys (ConfUtils.java:logGet(44)) - raft.server.retrycache.statistics.expirytime = 100?s (default)
2021-02-05 13:31:45,415 [pool-345-thread-1] INFO  metrics.RatisMetrics (RatisMetrics.java:lambda$create$0(36)) - Creating Metrics Registry : ratis.leader_election.84a23ac6-72e6-48f0-84ab-0e5b98bf0c8b@group-F12C99FB9DB4
2021-02-05 13:31:45,415 [pool-345-thread-1] INFO  metrics.RatisMetrics (RatisMetrics.java:lambda$create$0(36)) - Creating Metrics Registry : ratis.server.84a23ac6-72e6-48f0-84ab-0e5b98bf0c8b@group-F12C99FB9DB4
2021-02-05 13:31:45,416 [pool-345-thread-1] INFO  server.RaftServer$Division (RaftServerImpl.java:start(295)) - 84a23ac6-72e6-48f0-84ab-0e5b98bf0c8b@group-F12C99FB9DB4: start as a follower, conf=-1: [2218627d-9616-4ee5-9949-877c53e44591|rpc:172.17.0.2:40851|admin:|client:|dataStream:|priority:0, b68d5162-d56d-447f-8d08-327553c4f8b7|rpc:172.17.0.2:36483|admin:|client:|dataStream:|priority:1, 84a23ac6-72e6-48f0-84ab-0e5b98bf0c8b|rpc:172.17.0.2:36963|admin:|client:|dataStream:|priority:0], old=null
2021-02-05 13:31:45,416 [pool-345-thread-1] INFO  server.RaftServer$Division (RaftServerImpl.java:setRole(284)) - 84a23ac6-72e6-48f0-84ab-0e5b98bf0c8b@group-F12C99FB9DB4: changes role from      null to FOLLOWER at term 0 for startAsFollower
2021-02-05 13:31:45,416 [pool-345-thread-1] INFO  impl.RoleInfo (RoleInfo.java:updateAndGet(130)) - 84a23ac6-72e6-48f0-84ab-0e5b98bf0c8b: start 84a23ac6-72e6-48f0-84ab-0e5b98bf0c8b@group-F12C99FB9DB4-FollowerState
2021-02-05 13:31:45,418 [pool-345-thread-1] INFO  util.JmxRegister (JmxRegister.java:tryRegister(44)) - Successfully registered JMX Bean with object name Ratis:service=RaftServer,group=group-F12C99FB9DB4,id=84a23ac6-72e6-48f0-84ab-0e5b98bf0c8b
2021-02-05 13:31:45,418 [pool-345-thread-1] INFO  metrics.RatisMetrics (RatisMetrics.java:lambda$create$0(36)) - Creating Metrics Registry : ratis.state_machine.84a23ac6-72e6-48f0-84ab-0e5b98bf0c8b@group-F12C99FB9DB4
2021-02-05 13:31:45,423 [Command processor thread] INFO  commandhandler.CreatePipelineCommandHandler (CreatePipelineCommandHandler.java:handle(106)) - Created Pipeline RATIS THREE PipelineID=ecf58077-afad-40b3-9cf3-f12c99fb9db4.
2021-02-05 13:31:45,461 [EventQueue-PipelineReportForOneReplicaPipelineSafeModeRule] INFO  safemode.SCMSafeModeManager (SCMSafeModeManager.java:validateSafeModeExitRules(214)) - AtleastOneDatanodeReportedRule rule is successfully validated
2021-02-05 13:31:45,462 [EventQueue-OpenPipelineForHealthyPipelineSafeModeRule] INFO  safemode.SCMSafeModeManager (HealthyPipelineSafeModeRule.java:process(128)) - SCM in safe mode. Healthy pipelines reported count is 0, required healthy pipeline reported count is 1
2021-02-05 13:31:45,471 [EventQueue-OpenPipelineForHealthyPipelineSafeModeRule] INFO  safemode.SCMSafeModeManager (HealthyPipelineSafeModeRule.java:process(128)) - SCM in safe mode. Healthy pipelines reported count is 0, required healthy pipeline reported count is 1
2021-02-05 13:31:45,471 [EventQueue-PipelineReportForOneReplicaPipelineSafeModeRule] INFO  safemode.SCMSafeModeManager (SCMSafeModeManager.java:validateSafeModeExitRules(214)) - AtleastOneDatanodeReportedRule rule is successfully validated
2021-02-05 13:31:45,507 [EventQueue-PipelineReportForOneReplicaPipelineSafeModeRule] INFO  safemode.SCMSafeModeManager (SCMSafeModeManager.java:validateSafeModeExitRules(214)) - AtleastOneDatanodeReportedRule rule is successfully validated
2021-02-05 13:31:45,507 [EventQueue-OpenPipelineForHealthyPipelineSafeModeRule] INFO  safemode.SCMSafeModeManager (HealthyPipelineSafeModeRule.java:process(128)) - SCM in safe mode. Healthy pipelines reported count is 0, required healthy pipeline reported count is 1
2021-02-05 13:31:45,553 [Command processor thread] INFO  server.RaftServer (RaftServerProxy.java:addNew(95)) - 84a23ac6-72e6-48f0-84ab-0e5b98bf0c8b: addNew group-6DE01D8A8F69:[84a23ac6-72e6-48f0-84ab-0e5b98bf0c8b|rpc:172.17.0.2:36963|priority:1] returns group-6DE01D8A8F69:java.util.concurrent.CompletableFuture@464f5756[Not completed]
2021-02-05 13:31:45,554 [pool-345-thread-1] INFO  server.RaftServer$Division (RaftServerImpl.java:<init>(180)) - 84a23ac6-72e6-48f0-84ab-0e5b98bf0c8b: new RaftServerImpl for group-6DE01D8A8F69:[84a23ac6-72e6-48f0-84ab-0e5b98bf0c8b|rpc:172.17.0.2:36963|priority:1] with ContainerStateMachine:uninitialized
2021-02-05 13:31:45,554 [pool-345-thread-1] INFO  server.RaftServerConfigKeys (ConfUtils.java:logGet(44)) - raft.server.rpc.timeout.min = 5s (custom)
2021-02-05 13:31:45,554 [pool-345-thread-1] INFO  server.RaftServerConfigKeys (ConfUtils.java:logGet(44)) - raft.server.rpc.timeout.max = 5200ms (custom)
2021-02-05 13:31:45,554 [pool-345-thread-1] INFO  server.RaftServerConfigKeys (ConfUtils.java:logGet(44)) - raft.server.rpc.sleep.time = 25ms (default)
2021-02-05 13:31:45,554 [pool-345-thread-1] INFO  server.RaftServerConfigKeys (ConfUtils.java:logGet(44)) - raft.server.rpc.slowness.timeout = 300000ms (custom)
2021-02-05 13:31:45,554 [pool-345-thread-1] INFO  server.RaftServerConfigKeys (ConfUtils.java:logGet(44)) - raft.server.leaderelection.leader.step-down.wait-time = 10s (default)
2021-02-05 13:31:45,554 [pool-345-thread-1] INFO  server.RaftServerConfigKeys (ConfUtils.java:logGet(44)) - raft.server.sleep.deviation.threshold = 300ms (default)
2021-02-05 13:31:45,554 [pool-345-thread-1] INFO  server.RaftServerConfigKeys (ConfUtils.java:logGet(44)) - raft.server.log.appender.install.snapshot.enabled = false (custom)
2021-02-05 13:31:45,554 [pool-345-thread-1] INFO  server.RaftServer$Division (ServerState.java:<init>(105)) - 84a23ac6-72e6-48f0-84ab-0e5b98bf0c8b@group-6DE01D8A8F69: ConfigurationManager, init=-1: [84a23ac6-72e6-48f0-84ab-0e5b98bf0c8b|rpc:172.17.0.2:36963|priority:1], old=null, confs=<EMPTY_MAP>
2021-02-05 13:31:45,554 [pool-345-thread-1] INFO  server.RaftServerConfigKeys (ConfUtils.java:logGet(44)) - raft.server.storage.dir = [/github/workspace/mnt/ozone/hadoop-ozone/integration-test/target/test-dir/MiniOzoneClusterImpl-a92b2b3a-f9aa-4539-be01-238306fe77bb/datanode-7/data/ratis] (custom)
2021-02-05 13:31:45,554 [pool-345-thread-1] INFO  server.RaftServerConfigKeys (ConfUtils.java:logGet(44)) - raft.server.log.corruption.policy = EXCEPTION (default)
2021-02-05 13:31:45,554 [pool-345-thread-1] INFO  storage.RaftStorageDirectory (RaftStorageDirectoryImpl.java:analyzeStorage(132)) - The storage directory /github/workspace/mnt/ozone/hadoop-ozone/integration-test/target/test-dir/MiniOzoneClusterImpl-a92b2b3a-f9aa-4539-be01-238306fe77bb/datanode-7/data/ratis/6a61fbf8-4cbd-46c7-94b8-6de01d8a8f69 does not exist. Creating ...
2021-02-05 13:31:45,556 [pool-345-thread-1] INFO  storage.RaftStorageDirectory (RaftStorageDirectoryImpl.java:tryLock(215)) - Lock on /github/workspace/mnt/ozone/hadoop-ozone/integration-test/target/test-dir/MiniOzoneClusterImpl-a92b2b3a-f9aa-4539-be01-238306fe77bb/datanode-7/data/ratis/6a61fbf8-4cbd-46c7-94b8-6de01d8a8f69/in_use.lock acquired by nodename 4634@c72a3e6d1148
2021-02-05 13:31:45,556 [pool-345-thread-1] INFO  storage.RaftStorage (RaftStorageImpl.java:format(87)) - Storage directory /github/workspace/mnt/ozone/hadoop-ozone/integration-test/target/test-dir/MiniOzoneClusterImpl-a92b2b3a-f9aa-4539-be01-238306fe77bb/datanode-7/data/ratis/6a61fbf8-4cbd-46c7-94b8-6de01d8a8f69 has been successfully formatted.
2021-02-05 13:31:45,557 [pool-345-thread-1] INFO  ratis.ContainerStateMachine (ContainerStateMachine.java:loadSnapshot(223)) - group-6DE01D8A8F69: The snapshot info is null. Setting the last applied indexto:(t:0, i:~)
2021-02-05 13:31:45,557 [pool-345-thread-1] ERROR storage.RaftStorage (RaftStorageImpl.java:readRaftConfiguration(147)) - Failed reading configuration from file:/github/workspace/mnt/ozone/hadoop-ozone/integration-test/target/test-dir/MiniOzoneClusterImpl-a92b2b3a-f9aa-4539-be01-238306fe77bb/datanode-7/data/ratis/6a61fbf8-4cbd-46c7-94b8-6de01d8a8f69/current/raft-meta.conf
java.io.FileNotFoundException: /github/workspace/mnt/ozone/hadoop-ozone/integration-test/target/test-dir/MiniOzoneClusterImpl-a92b2b3a-f9aa-4539-be01-238306fe77bb/datanode-7/data/ratis/6a61fbf8-4cbd-46c7-94b8-6de01d8a8f69/current/raft-meta.conf (No such file or directory)
	at java.io.FileInputStream.open0(Native Method)
	at java.io.FileInputStream.open(FileInputStream.java:195)
	at java.io.FileInputStream.<init>(FileInputStream.java:138)
	at org.apache.ratis.server.storage.RaftStorageImpl.readRaftConfiguration(RaftStorageImpl.java:143)
	at org.apache.ratis.server.impl.ServerState.<init>(ServerState.java:122)
	at org.apache.ratis.server.impl.RaftServerImpl.<init>(RaftServerImpl.java:193)
	at org.apache.ratis.server.impl.RaftServerProxy.lambda$newRaftServerImpl$4(RaftServerProxy.java:266)
	at java.util.concurrent.CompletableFuture$AsyncSupply.run(CompletableFuture.java:1604)
	at java.util.concurrent.ThreadPoolExecutor.runWorker(ThreadPoolExecutor.java:1149)
	at java.util.concurrent.ThreadPoolExecutor$Worker.run(ThreadPoolExecutor.java:624)
	at java.lang.Thread.run(Thread.java:748)
2021-02-05 13:31:45,557 [pool-345-thread-1] INFO  server.RaftServerConfigKeys (ConfUtils.java:logGet(44)) - raft.server.notification.no-leader.timeout = 300000ms (custom)
2021-02-05 13:31:45,557 [pool-345-thread-1] INFO  server.RaftServerConfigKeys (ConfUtils.java:logGet(44)) - raft.server.log.use.memory = false (default)
2021-02-05 13:31:45,557 [pool-345-thread-1] INFO  server.RaftServerConfigKeys (ConfUtils.java:logGet(44)) - raft.server.log.purge.gap = 1000000 (custom)
2021-02-05 13:31:45,557 [pool-345-thread-1] INFO  server.RaftServerConfigKeys (ConfUtils.java:logGet(44)) - raft.server.log.appender.buffer.byte-limit = 33554432 (custom)
2021-02-05 13:31:45,558 [EventQueue-PipelineReportForPipelineReportHandler] INFO  pipeline.PipelineStateManager (PipelineStateManager.java:openPipeline(132)) - Pipeline Pipeline[ Id: 6a61fbf8-4cbd-46c7-94b8-6de01d8a8f69, Nodes: 84a23ac6-72e6-48f0-84ab-0e5b98bf0c8b{ip: 172.17.0.2, host: c72a3e6d1148, ports: [REPLICATION=39017, RATIS=36963, STANDALONE=37645], networkLocation: /default-rack, certSerialId: null, persistedOpState: IN_SERVICE, persistedOpStateExpiryEpochSec: 0}, Type:RATIS, Factor:ONE, State:ALLOCATED, leaderId:84a23ac6-72e6-48f0-84ab-0e5b98bf0c8b, CreationTimestamp2021-02-05T13:31:42.555Z] moved to OPEN state
2021-02-05 13:31:45,557 [EventQueue-PipelineReportForOneReplicaPipelineSafeModeRule] INFO  safemode.SCMSafeModeManager (SCMSafeModeManager.java:validateSafeModeExitRules(214)) - AtleastOneDatanodeReportedRule rule is successfully validated
2021-02-05 13:31:45,558 [EventQueue-OpenPipelineForHealthyPipelineSafeModeRule] INFO  safemode.SCMSafeModeManager (HealthyPipelineSafeModeRule.java:process(128)) - SCM in safe mode. Healthy pipelines reported count is 0, required healthy pipeline reported count is 1
2021-02-05 13:31:45,558 [pool-345-thread-1] INFO  metrics.RatisMetrics (RatisMetrics.java:lambda$create$0(36)) - Creating Metrics Registry : ratis.log_worker.84a23ac6-72e6-48f0-84ab-0e5b98bf0c8b@group-6DE01D8A8F69
2021-02-05 13:31:45,558 [pool-345-thread-1] INFO  server.RaftServerConfigKeys (ConfUtils.java:logGet(44)) - raft.server.log.segment.size.max = 1048576 (custom)
2021-02-05 13:31:45,559 [pool-345-thread-1] INFO  server.RaftServerConfigKeys (ConfUtils.java:logGet(44)) - raft.server.log.segment.cache.num.max = 2 (custom)
2021-02-05 13:31:45,559 [pool-345-thread-1] INFO  server.RaftServerConfigKeys (ConfUtils.java:logGet(44)) - raft.server.log.segment.cache.size.max = 200MB (=209715200) (default)
2021-02-05 13:31:45,559 [pool-345-thread-1] INFO  segmented.SegmentedRaftLogWorker (SegmentedRaftLogWorker.java:<init>(181)) - new 84a23ac6-72e6-48f0-84ab-0e5b98bf0c8b@group-6DE01D8A8F69-SegmentedRaftLogWorker for RaftStorageImpl:Storage Directory /github/workspace/mnt/ozone/hadoop-ozone/integration-test/target/test-dir/MiniOzoneClusterImpl-a92b2b3a-f9aa-4539-be01-238306fe77bb/datanode-7/data/ratis/6a61fbf8-4cbd-46c7-94b8-6de01d8a8f69
2021-02-05 13:31:45,559 [pool-345-thread-1] INFO  server.RaftServerConfigKeys (ConfUtils.java:logGet(44)) - raft.server.log.queue.byte-limit = 2147483647 (custom)
2021-02-05 13:31:45,559 [pool-345-thread-1] INFO  server.RaftServerConfigKeys (ConfUtils.java:logGet(44)) - raft.server.log.queue.element-limit = 1024 (custom)
2021-02-05 13:31:45,559 [pool-345-thread-1] INFO  server.RaftServerConfigKeys (ConfUtils.java:logGet(44)) - raft.server.log.segment.size.max = 1048576 (custom)
2021-02-05 13:31:45,559 [pool-345-thread-1] INFO  server.RaftServerConfigKeys (ConfUtils.java:logGet(44)) - raft.server.log.preallocated.size = 16384 (custom)
2021-02-05 13:31:45,559 [pool-345-thread-1] INFO  server.RaftServerConfigKeys (ConfUtils.java:logGet(44)) - raft.server.log.force.sync.num = 128 (default)
2021-02-05 13:31:45,559 [pool-345-thread-1] INFO  server.RaftServerConfigKeys (ConfUtils.java:logGet(44)) - raft.server.log.statemachine.data.sync = true (default)
2021-02-05 13:31:45,559 [pool-345-thread-1] INFO  server.RaftServerConfigKeys (ConfUtils.java:logGet(44)) - raft.server.log.statemachine.data.sync.timeout = 10s (default)
2021-02-05 13:31:45,559 [pool-345-thread-1] INFO  server.RaftServerConfigKeys (ConfUtils.java:logGet(44)) - raft.server.log.statemachine.data.sync.timeout.retry = -1 (default)
2021-02-05 13:31:45,560 [pool-345-thread-1] INFO  server.RaftServerConfigKeys (ConfUtils.java:logGet(44)) - raft.server.log.write.buffer.size = 1048576 (custom)
2021-02-05 13:31:45,560 [pool-345-thread-1] INFO  server.RaftServerConfigKeys (ConfUtils.java:logGet(44)) - raft.server.log.statemachine.data.caching.enabled = true (custom)
2021-02-05 13:31:45,560 [pool-345-thread-1] INFO  segmented.SegmentedRaftLogWorker (SegmentedRaftLogWorker.java:lambda$new$0(132)) - 84a23ac6-72e6-48f0-84ab-0e5b98bf0c8b@group-6DE01D8A8F69-SegmentedRaftLogWorker: flushIndex: setUnconditionally 0 -> -1
2021-02-05 13:31:45,560 [pool-345-thread-1] INFO  segmented.SegmentedRaftLogWorker (SegmentedRaftLogWorker.java:lambda$new$0(132)) - 84a23ac6-72e6-48f0-84ab-0e5b98bf0c8b@group-6DE01D8A8F69-SegmentedRaftLogWorker: safeCacheEvictIndex: setUnconditionally 0 -> -1
2021-02-05 13:31:45,561 [pool-345-thread-1] INFO  server.RaftServerConfigKeys (ConfUtils.java:logGet(44)) - raft.server.snapshot.auto.trigger.enabled = true (custom)
2021-02-05 13:31:45,561 [pool-345-thread-1] INFO  server.RaftServerConfigKeys (ConfUtils.java:logGet(44)) - raft.server.snapshot.auto.trigger.threshold = 10000 (custom)
2021-02-05 13:31:45,561 [pool-345-thread-1] INFO  server.RaftServerConfigKeys (ConfUtils.java:logGet(44)) - raft.server.snapshot.retention.file.num = 5 (custom)
2021-02-05 13:31:45,561 [pool-345-thread-1] INFO  server.RaftServerConfigKeys (ConfUtils.java:logGet(44)) - raft.server.log.purge.upto.snapshot.index = false (default)
2021-02-05 13:31:45,561 [pool-345-thread-1] INFO  server.RaftServerConfigKeys (ConfUtils.java:logGet(44)) - raft.server.retrycache.expirytime = 600000ms (custom)
2021-02-05 13:31:45,561 [pool-345-thread-1] INFO  server.RaftServerConfigKeys (ConfUtils.java:logGet(44)) - raft.server.retrycache.statistics.expirytime = 100?s (default)
2021-02-05 13:31:45,561 [pool-345-thread-1] INFO  metrics.RatisMetrics (RatisMetrics.java:lambda$create$0(36)) - Creating Metrics Registry : ratis.leader_election.84a23ac6-72e6-48f0-84ab-0e5b98bf0c8b@group-6DE01D8A8F69
2021-02-05 13:31:45,561 [pool-345-thread-1] INFO  metrics.RatisMetrics (RatisMetrics.java:lambda$create$0(36)) - Creating Metrics Registry : ratis.server.84a23ac6-72e6-48f0-84ab-0e5b98bf0c8b@group-6DE01D8A8F69
2021-02-05 13:31:45,562 [pool-345-thread-1] INFO  server.RaftServer$Division (RaftServerImpl.java:start(295)) - 84a23ac6-72e6-48f0-84ab-0e5b98bf0c8b@group-6DE01D8A8F69: start as a follower, conf=-1: [84a23ac6-72e6-48f0-84ab-0e5b98bf0c8b|rpc:172.17.0.2:36963|priority:1], old=null
2021-02-05 13:31:45,562 [pool-345-thread-1] INFO  server.RaftServer$Division (RaftServerImpl.java:setRole(284)) - 84a23ac6-72e6-48f0-84ab-0e5b98bf0c8b@group-6DE01D8A8F69: changes role from      null to FOLLOWER at term 0 for startAsFollower
2021-02-05 13:31:45,562 [pool-345-thread-1] INFO  impl.RoleInfo (RoleInfo.java:updateAndGet(130)) - 84a23ac6-72e6-48f0-84ab-0e5b98bf0c8b: start 84a23ac6-72e6-48f0-84ab-0e5b98bf0c8b@group-6DE01D8A8F69-FollowerState
2021-02-05 13:31:45,563 [pool-345-thread-1] INFO  util.JmxRegister (JmxRegister.java:tryRegister(44)) - Successfully registered JMX Bean with object name Ratis:service=RaftServer,group=group-6DE01D8A8F69,id=84a23ac6-72e6-48f0-84ab-0e5b98bf0c8b
2021-02-05 13:31:45,563 [pool-345-thread-1] INFO  metrics.RatisMetrics (RatisMetrics.java:lambda$create$0(36)) - Creating Metrics Registry : ratis.state_machine.84a23ac6-72e6-48f0-84ab-0e5b98bf0c8b@group-6DE01D8A8F69
2021-02-05 13:31:45,564 [Command processor thread] INFO  commandhandler.CreatePipelineCommandHandler (CreatePipelineCommandHandler.java:handle(106)) - Created Pipeline RATIS ONE PipelineID=6a61fbf8-4cbd-46c7-94b8-6de01d8a8f69.
2021-02-05 13:31:45,653 [EventQueue-PipelineReportForOneReplicaPipelineSafeModeRule] INFO  safemode.SCMSafeModeManager (SCMSafeModeManager.java:validateSafeModeExitRules(214)) - AtleastOneDatanodeReportedRule rule is successfully validated
2021-02-05 13:31:45,654 [EventQueue-OpenPipelineForHealthyPipelineSafeModeRule] INFO  safemode.SCMSafeModeManager (HealthyPipelineSafeModeRule.java:process(128)) - SCM in safe mode. Healthy pipelines reported count is 0, required healthy pipeline reported count is 1
2021-02-05 13:31:45,723 [Command processor thread] INFO  server.RaftServer (RaftServerProxy.java:addNew(95)) - b68d5162-d56d-447f-8d08-327553c4f8b7: addNew group-06FD4CECC38C:[b68d5162-d56d-447f-8d08-327553c4f8b7|rpc:172.17.0.2:36483|priority:1] returns group-06FD4CECC38C:java.util.concurrent.CompletableFuture@620ed835[Not completed]
2021-02-05 13:31:45,723 [pool-361-thread-1] INFO  server.RaftServer$Division (RaftServerImpl.java:<init>(180)) - b68d5162-d56d-447f-8d08-327553c4f8b7: new RaftServerImpl for group-06FD4CECC38C:[b68d5162-d56d-447f-8d08-327553c4f8b7|rpc:172.17.0.2:36483|priority:1] with ContainerStateMachine:uninitialized
2021-02-05 13:31:45,723 [pool-361-thread-1] INFO  server.RaftServerConfigKeys (ConfUtils.java:logGet(44)) - raft.server.rpc.timeout.min = 5s (custom)
2021-02-05 13:31:45,723 [pool-361-thread-1] INFO  server.RaftServerConfigKeys (ConfUtils.java:logGet(44)) - raft.server.rpc.timeout.max = 5200ms (custom)
2021-02-05 13:31:45,724 [pool-361-thread-1] INFO  server.RaftServerConfigKeys (ConfUtils.java:logGet(44)) - raft.server.rpc.sleep.time = 25ms (default)
2021-02-05 13:31:45,724 [pool-361-thread-1] INFO  server.RaftServerConfigKeys (ConfUtils.java:logGet(44)) - raft.server.rpc.slowness.timeout = 300000ms (custom)
2021-02-05 13:31:45,724 [pool-361-thread-1] INFO  server.RaftServerConfigKeys (ConfUtils.java:logGet(44)) - raft.server.leaderelection.leader.step-down.wait-time = 10s (default)
2021-02-05 13:31:45,724 [pool-361-thread-1] INFO  server.RaftServerConfigKeys (ConfUtils.java:logGet(44)) - raft.server.sleep.deviation.threshold = 300ms (default)
2021-02-05 13:31:45,724 [pool-361-thread-1] INFO  server.RaftServerConfigKeys (ConfUtils.java:logGet(44)) - raft.server.log.appender.install.snapshot.enabled = false (custom)
2021-02-05 13:31:45,724 [pool-361-thread-1] INFO  server.RaftServer$Division (ServerState.java:<init>(105)) - b68d5162-d56d-447f-8d08-327553c4f8b7@group-06FD4CECC38C: ConfigurationManager, init=-1: [b68d5162-d56d-447f-8d08-327553c4f8b7|rpc:172.17.0.2:36483|priority:1], old=null, confs=<EMPTY_MAP>
2021-02-05 13:31:45,724 [pool-361-thread-1] INFO  server.RaftServerConfigKeys (ConfUtils.java:logGet(44)) - raft.server.storage.dir = [/github/workspace/mnt/ozone/hadoop-ozone/integration-test/target/test-dir/MiniOzoneClusterImpl-a92b2b3a-f9aa-4539-be01-238306fe77bb/datanode-8/data/ratis] (custom)
2021-02-05 13:31:45,724 [pool-361-thread-1] INFO  server.RaftServerConfigKeys (ConfUtils.java:logGet(44)) - raft.server.log.corruption.policy = EXCEPTION (default)
2021-02-05 13:31:45,724 [pool-361-thread-1] INFO  storage.RaftStorageDirectory (RaftStorageDirectoryImpl.java:analyzeStorage(132)) - The storage directory /github/workspace/mnt/ozone/hadoop-ozone/integration-test/target/test-dir/MiniOzoneClusterImpl-a92b2b3a-f9aa-4539-be01-238306fe77bb/datanode-8/data/ratis/b3e39e0d-eab8-43d8-bcc3-06fd4cecc38c does not exist. Creating ...
2021-02-05 13:31:45,725 [pool-361-thread-1] INFO  storage.RaftStorageDirectory (RaftStorageDirectoryImpl.java:tryLock(215)) - Lock on /github/workspace/mnt/ozone/hadoop-ozone/integration-test/target/test-dir/MiniOzoneClusterImpl-a92b2b3a-f9aa-4539-be01-238306fe77bb/datanode-8/data/ratis/b3e39e0d-eab8-43d8-bcc3-06fd4cecc38c/in_use.lock acquired by nodename 4634@c72a3e6d1148
2021-02-05 13:31:45,725 [Listener at 127.0.0.1/37659] INFO  ozone.MiniOzoneClusterImpl (MiniOzoneClusterImpl.java:lambda$waitForClusterToBeReady$0(179)) - Nodes are ready. Got 9 of 9 DN Heartbeats.
2021-02-05 13:31:45,725 [Listener at 127.0.0.1/37659] INFO  ozone.MiniOzoneClusterImpl (MiniOzoneClusterImpl.java:lambda$waitForClusterToBeReady$0(182)) - Waiting for cluster to exit safe mode
2021-02-05 13:31:45,726 [pool-361-thread-1] INFO  storage.RaftStorage (RaftStorageImpl.java:format(87)) - Storage directory /github/workspace/mnt/ozone/hadoop-ozone/integration-test/target/test-dir/MiniOzoneClusterImpl-a92b2b3a-f9aa-4539-be01-238306fe77bb/datanode-8/data/ratis/b3e39e0d-eab8-43d8-bcc3-06fd4cecc38c has been successfully formatted.
2021-02-05 13:31:45,726 [pool-361-thread-1] INFO  ratis.ContainerStateMachine (ContainerStateMachine.java:loadSnapshot(223)) - group-06FD4CECC38C: The snapshot info is null. Setting the last applied indexto:(t:0, i:~)
2021-02-05 13:31:45,726 [pool-361-thread-1] ERROR storage.RaftStorage (RaftStorageImpl.java:readRaftConfiguration(147)) - Failed reading configuration from file:/github/workspace/mnt/ozone/hadoop-ozone/integration-test/target/test-dir/MiniOzoneClusterImpl-a92b2b3a-f9aa-4539-be01-238306fe77bb/datanode-8/data/ratis/b3e39e0d-eab8-43d8-bcc3-06fd4cecc38c/current/raft-meta.conf
java.io.FileNotFoundException: /github/workspace/mnt/ozone/hadoop-ozone/integration-test/target/test-dir/MiniOzoneClusterImpl-a92b2b3a-f9aa-4539-be01-238306fe77bb/datanode-8/data/ratis/b3e39e0d-eab8-43d8-bcc3-06fd4cecc38c/current/raft-meta.conf (No such file or directory)
	at java.io.FileInputStream.open0(Native Method)
	at java.io.FileInputStream.open(FileInputStream.java:195)
	at java.io.FileInputStream.<init>(FileInputStream.java:138)
	at org.apache.ratis.server.storage.RaftStorageImpl.readRaftConfiguration(RaftStorageImpl.java:143)
	at org.apache.ratis.server.impl.ServerState.<init>(ServerState.java:122)
	at org.apache.ratis.server.impl.RaftServerImpl.<init>(RaftServerImpl.java:193)
	at org.apache.ratis.server.impl.RaftServerProxy.lambda$newRaftServerImpl$4(RaftServerProxy.java:266)
	at java.util.concurrent.CompletableFuture$AsyncSupply.run(CompletableFuture.java:1604)
	at java.util.concurrent.ThreadPoolExecutor.runWorker(ThreadPoolExecutor.java:1149)
	at java.util.concurrent.ThreadPoolExecutor$Worker.run(ThreadPoolExecutor.java:624)
	at java.lang.Thread.run(Thread.java:748)
2021-02-05 13:31:45,726 [pool-361-thread-1] INFO  server.RaftServerConfigKeys (ConfUtils.java:logGet(44)) - raft.server.notification.no-leader.timeout = 300000ms (custom)
2021-02-05 13:31:45,727 [pool-361-thread-1] INFO  server.RaftServerConfigKeys (ConfUtils.java:logGet(44)) - raft.server.log.use.memory = false (default)
2021-02-05 13:31:45,727 [pool-361-thread-1] INFO  server.RaftServerConfigKeys (ConfUtils.java:logGet(44)) - raft.server.log.purge.gap = 1000000 (custom)
2021-02-05 13:31:45,727 [pool-361-thread-1] INFO  server.RaftServerConfigKeys (ConfUtils.java:logGet(44)) - raft.server.log.appender.buffer.byte-limit = 33554432 (custom)
2021-02-05 13:31:45,727 [EventQueue-PipelineReportForPipelineReportHandler] INFO  pipeline.PipelineStateManager (PipelineStateManager.java:openPipeline(132)) - Pipeline Pipeline[ Id: b3e39e0d-eab8-43d8-bcc3-06fd4cecc38c, Nodes: b68d5162-d56d-447f-8d08-327553c4f8b7{ip: 172.17.0.2, host: c72a3e6d1148, ports: [REPLICATION=38197, RATIS=36483, STANDALONE=43441], networkLocation: /default-rack, certSerialId: null, persistedOpState: IN_SERVICE, persistedOpStateExpiryEpochSec: 0}, Type:RATIS, Factor:ONE, State:ALLOCATED, leaderId:b68d5162-d56d-447f-8d08-327553c4f8b7, CreationTimestamp2021-02-05T13:31:42.725Z] moved to OPEN state
2021-02-05 13:31:45,727 [EventQueue-PipelineReportForOneReplicaPipelineSafeModeRule] INFO  safemode.SCMSafeModeManager (SCMSafeModeManager.java:validateSafeModeExitRules(214)) - AtleastOneDatanodeReportedRule rule is successfully validated
2021-02-05 13:31:45,728 [EventQueue-OpenPipelineForHealthyPipelineSafeModeRule] INFO  safemode.SCMSafeModeManager (HealthyPipelineSafeModeRule.java:process(128)) - SCM in safe mode. Healthy pipelines reported count is 0, required healthy pipeline reported count is 1
2021-02-05 13:31:45,728 [pool-361-thread-1] INFO  metrics.RatisMetrics (RatisMetrics.java:lambda$create$0(36)) - Creating Metrics Registry : ratis.log_worker.b68d5162-d56d-447f-8d08-327553c4f8b7@group-06FD4CECC38C
2021-02-05 13:31:45,728 [pool-361-thread-1] INFO  server.RaftServerConfigKeys (ConfUtils.java:logGet(44)) - raft.server.log.segment.size.max = 1048576 (custom)
2021-02-05 13:31:45,728 [pool-361-thread-1] INFO  server.RaftServerConfigKeys (ConfUtils.java:logGet(44)) - raft.server.log.segment.cache.num.max = 2 (custom)
2021-02-05 13:31:45,728 [pool-361-thread-1] INFO  server.RaftServerConfigKeys (ConfUtils.java:logGet(44)) - raft.server.log.segment.cache.size.max = 200MB (=209715200) (default)
2021-02-05 13:31:45,728 [pool-361-thread-1] INFO  segmented.SegmentedRaftLogWorker (SegmentedRaftLogWorker.java:<init>(181)) - new b68d5162-d56d-447f-8d08-327553c4f8b7@group-06FD4CECC38C-SegmentedRaftLogWorker for RaftStorageImpl:Storage Directory /github/workspace/mnt/ozone/hadoop-ozone/integration-test/target/test-dir/MiniOzoneClusterImpl-a92b2b3a-f9aa-4539-be01-238306fe77bb/datanode-8/data/ratis/b3e39e0d-eab8-43d8-bcc3-06fd4cecc38c
2021-02-05 13:31:45,729 [pool-361-thread-1] INFO  server.RaftServerConfigKeys (ConfUtils.java:logGet(44)) - raft.server.log.queue.byte-limit = 2147483647 (custom)
2021-02-05 13:31:45,729 [pool-361-thread-1] INFO  server.RaftServerConfigKeys (ConfUtils.java:logGet(44)) - raft.server.log.queue.element-limit = 1024 (custom)
2021-02-05 13:31:45,729 [pool-361-thread-1] INFO  server.RaftServerConfigKeys (ConfUtils.java:logGet(44)) - raft.server.log.segment.size.max = 1048576 (custom)
2021-02-05 13:31:45,729 [pool-361-thread-1] INFO  server.RaftServerConfigKeys (ConfUtils.java:logGet(44)) - raft.server.log.preallocated.size = 16384 (custom)
2021-02-05 13:31:45,729 [pool-361-thread-1] INFO  server.RaftServerConfigKeys (ConfUtils.java:logGet(44)) - raft.server.log.force.sync.num = 128 (default)
2021-02-05 13:31:45,729 [pool-361-thread-1] INFO  server.RaftServerConfigKeys (ConfUtils.java:logGet(44)) - raft.server.log.statemachine.data.sync = true (default)
2021-02-05 13:31:45,729 [pool-361-thread-1] INFO  server.RaftServerConfigKeys (ConfUtils.java:logGet(44)) - raft.server.log.statemachine.data.sync.timeout = 10s (default)
2021-02-05 13:31:45,729 [pool-361-thread-1] INFO  server.RaftServerConfigKeys (ConfUtils.java:logGet(44)) - raft.server.log.statemachine.data.sync.timeout.retry = -1 (default)
2021-02-05 13:31:45,730 [pool-361-thread-1] INFO  server.RaftServerConfigKeys (ConfUtils.java:logGet(44)) - raft.server.log.write.buffer.size = 1048576 (custom)
2021-02-05 13:31:45,730 [pool-361-thread-1] INFO  server.RaftServerConfigKeys (ConfUtils.java:logGet(44)) - raft.server.log.statemachine.data.caching.enabled = true (custom)
2021-02-05 13:31:45,731 [pool-361-thread-1] INFO  segmented.SegmentedRaftLogWorker (SegmentedRaftLogWorker.java:lambda$new$0(132)) - b68d5162-d56d-447f-8d08-327553c4f8b7@group-06FD4CECC38C-SegmentedRaftLogWorker: flushIndex: setUnconditionally 0 -> -1
2021-02-05 13:31:45,731 [pool-361-thread-1] INFO  segmented.SegmentedRaftLogWorker (SegmentedRaftLogWorker.java:lambda$new$0(132)) - b68d5162-d56d-447f-8d08-327553c4f8b7@group-06FD4CECC38C-SegmentedRaftLogWorker: safeCacheEvictIndex: setUnconditionally 0 -> -1
2021-02-05 13:31:45,732 [pool-361-thread-1] INFO  server.RaftServerConfigKeys (ConfUtils.java:logGet(44)) - raft.server.snapshot.auto.trigger.enabled = true (custom)
2021-02-05 13:31:45,732 [pool-361-thread-1] INFO  server.RaftServerConfigKeys (ConfUtils.java:logGet(44)) - raft.server.snapshot.auto.trigger.threshold = 10000 (custom)
2021-02-05 13:31:45,732 [pool-361-thread-1] INFO  server.RaftServerConfigKeys (ConfUtils.java:logGet(44)) - raft.server.snapshot.retention.file.num = 5 (custom)
2021-02-05 13:31:45,732 [pool-361-thread-1] INFO  server.RaftServerConfigKeys (ConfUtils.java:logGet(44)) - raft.server.log.purge.upto.snapshot.index = false (default)
2021-02-05 13:31:45,732 [pool-361-thread-1] INFO  server.RaftServerConfigKeys (ConfUtils.java:logGet(44)) - raft.server.retrycache.expirytime = 600000ms (custom)
2021-02-05 13:31:45,732 [pool-361-thread-1] INFO  server.RaftServerConfigKeys (ConfUtils.java:logGet(44)) - raft.server.retrycache.statistics.expirytime = 100?s (default)
2021-02-05 13:31:45,732 [pool-361-thread-1] INFO  metrics.RatisMetrics (RatisMetrics.java:lambda$create$0(36)) - Creating Metrics Registry : ratis.leader_election.b68d5162-d56d-447f-8d08-327553c4f8b7@group-06FD4CECC38C
2021-02-05 13:31:45,733 [pool-361-thread-1] INFO  metrics.RatisMetrics (RatisMetrics.java:lambda$create$0(36)) - Creating Metrics Registry : ratis.server.b68d5162-d56d-447f-8d08-327553c4f8b7@group-06FD4CECC38C
2021-02-05 13:31:45,734 [pool-361-thread-1] INFO  server.RaftServer$Division (RaftServerImpl.java:start(295)) - b68d5162-d56d-447f-8d08-327553c4f8b7@group-06FD4CECC38C: start as a follower, conf=-1: [b68d5162-d56d-447f-8d08-327553c4f8b7|rpc:172.17.0.2:36483|priority:1], old=null
2021-02-05 13:31:45,734 [pool-361-thread-1] INFO  server.RaftServer$Division (RaftServerImpl.java:setRole(284)) - b68d5162-d56d-447f-8d08-327553c4f8b7@group-06FD4CECC38C: changes role from      null to FOLLOWER at term 0 for startAsFollower
2021-02-05 13:31:45,734 [pool-361-thread-1] INFO  impl.RoleInfo (RoleInfo.java:updateAndGet(130)) - b68d5162-d56d-447f-8d08-327553c4f8b7: start b68d5162-d56d-447f-8d08-327553c4f8b7@group-06FD4CECC38C-FollowerState
2021-02-05 13:31:45,734 [pool-361-thread-1] INFO  util.JmxRegister (JmxRegister.java:tryRegister(44)) - Successfully registered JMX Bean with object name Ratis:service=RaftServer,group=group-06FD4CECC38C,id=b68d5162-d56d-447f-8d08-327553c4f8b7
2021-02-05 13:31:45,734 [pool-361-thread-1] INFO  metrics.RatisMetrics (RatisMetrics.java:lambda$create$0(36)) - Creating Metrics Registry : ratis.state_machine.b68d5162-d56d-447f-8d08-327553c4f8b7@group-06FD4CECC38C
2021-02-05 13:31:45,735 [Command processor thread] INFO  commandhandler.CreatePipelineCommandHandler (CreatePipelineCommandHandler.java:handle(106)) - Created Pipeline RATIS ONE PipelineID=b3e39e0d-eab8-43d8-bcc3-06fd4cecc38c.
2021-02-05 13:31:45,820 [EventQueue-PipelineReportForOneReplicaPipelineSafeModeRule] INFO  safemode.SCMSafeModeManager (SCMSafeModeManager.java:validateSafeModeExitRules(214)) - AtleastOneDatanodeReportedRule rule is successfully validated
2021-02-05 13:31:45,820 [EventQueue-OpenPipelineForHealthyPipelineSafeModeRule] INFO  safemode.SCMSafeModeManager (HealthyPipelineSafeModeRule.java:process(128)) - SCM in safe mode. Healthy pipelines reported count is 0, required healthy pipeline reported count is 1
2021-02-05 13:31:46,162 [EventQueue-PipelineReportForOneReplicaPipelineSafeModeRule] INFO  safemode.SCMSafeModeManager (SCMSafeModeManager.java:validateSafeModeExitRules(214)) - AtleastOneDatanodeReportedRule rule is successfully validated
2021-02-05 13:31:46,162 [EventQueue-OpenPipelineForHealthyPipelineSafeModeRule] INFO  safemode.SCMSafeModeManager (HealthyPipelineSafeModeRule.java:process(128)) - SCM in safe mode. Healthy pipelines reported count is 0, required healthy pipeline reported count is 1
2021-02-05 13:31:46,366 [EventQueue-PipelineReportForOneReplicaPipelineSafeModeRule] INFO  safemode.SCMSafeModeManager (SCMSafeModeManager.java:validateSafeModeExitRules(214)) - AtleastOneDatanodeReportedRule rule is successfully validated
2021-02-05 13:31:46,366 [EventQueue-OpenPipelineForHealthyPipelineSafeModeRule] INFO  safemode.SCMSafeModeManager (HealthyPipelineSafeModeRule.java:process(128)) - SCM in safe mode. Healthy pipelines reported count is 0, required healthy pipeline reported count is 1
2021-02-05 13:31:46,462 [EventQueue-PipelineReportForOneReplicaPipelineSafeModeRule] INFO  safemode.SCMSafeModeManager (SCMSafeModeManager.java:validateSafeModeExitRules(214)) - AtleastOneDatanodeReportedRule rule is successfully validated
2021-02-05 13:31:46,462 [EventQueue-OpenPipelineForHealthyPipelineSafeModeRule] INFO  safemode.SCMSafeModeManager (HealthyPipelineSafeModeRule.java:process(128)) - SCM in safe mode. Healthy pipelines reported count is 0, required healthy pipeline reported count is 1
2021-02-05 13:31:46,471 [EventQueue-PipelineReportForOneReplicaPipelineSafeModeRule] INFO  safemode.SCMSafeModeManager (SCMSafeModeManager.java:validateSafeModeExitRules(214)) - AtleastOneDatanodeReportedRule rule is successfully validated
2021-02-05 13:31:46,471 [EventQueue-OpenPipelineForHealthyPipelineSafeModeRule] INFO  safemode.SCMSafeModeManager (HealthyPipelineSafeModeRule.java:process(128)) - SCM in safe mode. Healthy pipelines reported count is 0, required healthy pipeline reported count is 1
2021-02-05 13:31:46,507 [EventQueue-PipelineReportForOneReplicaPipelineSafeModeRule] INFO  safemode.SCMSafeModeManager (SCMSafeModeManager.java:validateSafeModeExitRules(214)) - AtleastOneDatanodeReportedRule rule is successfully validated
2021-02-05 13:31:46,507 [EventQueue-OpenPipelineForHealthyPipelineSafeModeRule] INFO  safemode.SCMSafeModeManager (HealthyPipelineSafeModeRule.java:process(128)) - SCM in safe mode. Healthy pipelines reported count is 0, required healthy pipeline reported count is 1
2021-02-05 13:31:46,557 [EventQueue-PipelineReportForOneReplicaPipelineSafeModeRule] INFO  safemode.SCMSafeModeManager (SCMSafeModeManager.java:validateSafeModeExitRules(214)) - AtleastOneDatanodeReportedRule rule is successfully validated
2021-02-05 13:31:46,558 [EventQueue-OpenPipelineForHealthyPipelineSafeModeRule] INFO  safemode.SCMSafeModeManager (HealthyPipelineSafeModeRule.java:process(128)) - SCM in safe mode. Healthy pipelines reported count is 0, required healthy pipeline reported count is 1
2021-02-05 13:31:46,657 [EventQueue-PipelineReportForOneReplicaPipelineSafeModeRule] INFO  safemode.SCMSafeModeManager (SCMSafeModeManager.java:validateSafeModeExitRules(214)) - AtleastOneDatanodeReportedRule rule is successfully validated
2021-02-05 13:31:46,657 [EventQueue-OpenPipelineForHealthyPipelineSafeModeRule] INFO  safemode.SCMSafeModeManager (HealthyPipelineSafeModeRule.java:process(128)) - SCM in safe mode. Healthy pipelines reported count is 0, required healthy pipeline reported count is 1
2021-02-05 13:31:46,725 [Listener at 127.0.0.1/37659] INFO  ozone.MiniOzoneClusterImpl (MiniOzoneClusterImpl.java:lambda$waitForClusterToBeReady$0(179)) - Nodes are ready. Got 9 of 9 DN Heartbeats.
2021-02-05 13:31:46,726 [Listener at 127.0.0.1/37659] INFO  ozone.MiniOzoneClusterImpl (MiniOzoneClusterImpl.java:lambda$waitForClusterToBeReady$0(182)) - Waiting for cluster to exit safe mode
2021-02-05 13:31:46,727 [EventQueue-OpenPipelineForHealthyPipelineSafeModeRule] INFO  safemode.SCMSafeModeManager (HealthyPipelineSafeModeRule.java:process(128)) - SCM in safe mode. Healthy pipelines reported count is 0, required healthy pipeline reported count is 1
2021-02-05 13:31:46,727 [EventQueue-PipelineReportForOneReplicaPipelineSafeModeRule] INFO  safemode.SCMSafeModeManager (SCMSafeModeManager.java:validateSafeModeExitRules(214)) - AtleastOneDatanodeReportedRule rule is successfully validated
2021-02-05 13:31:46,820 [EventQueue-PipelineReportForOneReplicaPipelineSafeModeRule] INFO  safemode.SCMSafeModeManager (SCMSafeModeManager.java:validateSafeModeExitRules(214)) - AtleastOneDatanodeReportedRule rule is successfully validated
2021-02-05 13:31:46,821 [EventQueue-OpenPipelineForHealthyPipelineSafeModeRule] INFO  safemode.SCMSafeModeManager (HealthyPipelineSafeModeRule.java:process(128)) - SCM in safe mode. Healthy pipelines reported count is 0, required healthy pipeline reported count is 1
2021-02-05 13:31:47,162 [EventQueue-PipelineReportForOneReplicaPipelineSafeModeRule] INFO  safemode.SCMSafeModeManager (SCMSafeModeManager.java:validateSafeModeExitRules(214)) - AtleastOneDatanodeReportedRule rule is successfully validated
2021-02-05 13:31:47,162 [EventQueue-OpenPipelineForHealthyPipelineSafeModeRule] INFO  safemode.SCMSafeModeManager (HealthyPipelineSafeModeRule.java:process(128)) - SCM in safe mode. Healthy pipelines reported count is 0, required healthy pipeline reported count is 1
2021-02-05 13:31:47,366 [EventQueue-PipelineReportForOneReplicaPipelineSafeModeRule] INFO  safemode.SCMSafeModeManager (SCMSafeModeManager.java:validateSafeModeExitRules(214)) - AtleastOneDatanodeReportedRule rule is successfully validated
2021-02-05 13:31:47,366 [EventQueue-OpenPipelineForHealthyPipelineSafeModeRule] INFO  safemode.SCMSafeModeManager (HealthyPipelineSafeModeRule.java:process(128)) - SCM in safe mode. Healthy pipelines reported count is 0, required healthy pipeline reported count is 1
2021-02-05 13:31:47,462 [EventQueue-PipelineReportForOneReplicaPipelineSafeModeRule] INFO  safemode.SCMSafeModeManager (SCMSafeModeManager.java:validateSafeModeExitRules(214)) - AtleastOneDatanodeReportedRule rule is successfully validated
2021-02-05 13:31:47,462 [EventQueue-OpenPipelineForHealthyPipelineSafeModeRule] INFO  safemode.SCMSafeModeManager (HealthyPipelineSafeModeRule.java:process(128)) - SCM in safe mode. Healthy pipelines reported count is 0, required healthy pipeline reported count is 1
2021-02-05 13:31:47,471 [EventQueue-PipelineReportForOneReplicaPipelineSafeModeRule] INFO  safemode.SCMSafeModeManager (SCMSafeModeManager.java:validateSafeModeExitRules(214)) - AtleastOneDatanodeReportedRule rule is successfully validated
2021-02-05 13:31:47,471 [EventQueue-OpenPipelineForHealthyPipelineSafeModeRule] INFO  safemode.SCMSafeModeManager (HealthyPipelineSafeModeRule.java:process(128)) - SCM in safe mode. Healthy pipelines reported count is 0, required healthy pipeline reported count is 1
2021-02-05 13:31:47,508 [EventQueue-OpenPipelineForHealthyPipelineSafeModeRule] INFO  safemode.SCMSafeModeManager (HealthyPipelineSafeModeRule.java:process(128)) - SCM in safe mode. Healthy pipelines reported count is 0, required healthy pipeline reported count is 1
2021-02-05 13:31:47,508 [EventQueue-PipelineReportForOneReplicaPipelineSafeModeRule] INFO  safemode.SCMSafeModeManager (SCMSafeModeManager.java:validateSafeModeExitRules(214)) - AtleastOneDatanodeReportedRule rule is successfully validated
2021-02-05 13:31:47,558 [EventQueue-PipelineReportForOneReplicaPipelineSafeModeRule] INFO  safemode.SCMSafeModeManager (SCMSafeModeManager.java:validateSafeModeExitRules(214)) - AtleastOneDatanodeReportedRule rule is successfully validated
2021-02-05 13:31:47,558 [EventQueue-OpenPipelineForHealthyPipelineSafeModeRule] INFO  safemode.SCMSafeModeManager (HealthyPipelineSafeModeRule.java:process(128)) - SCM in safe mode. Healthy pipelines reported count is 0, required healthy pipeline reported count is 1
2021-02-05 13:31:47,657 [EventQueue-PipelineReportForOneReplicaPipelineSafeModeRule] INFO  safemode.SCMSafeModeManager (SCMSafeModeManager.java:validateSafeModeExitRules(214)) - AtleastOneDatanodeReportedRule rule is successfully validated
2021-02-05 13:31:47,658 [EventQueue-OpenPipelineForHealthyPipelineSafeModeRule] INFO  safemode.SCMSafeModeManager (HealthyPipelineSafeModeRule.java:process(128)) - SCM in safe mode. Healthy pipelines reported count is 0, required healthy pipeline reported count is 1
2021-02-05 13:31:47,726 [Listener at 127.0.0.1/37659] INFO  ozone.MiniOzoneClusterImpl (MiniOzoneClusterImpl.java:lambda$waitForClusterToBeReady$0(179)) - Nodes are ready. Got 9 of 9 DN Heartbeats.
2021-02-05 13:31:47,726 [Listener at 127.0.0.1/37659] INFO  ozone.MiniOzoneClusterImpl (MiniOzoneClusterImpl.java:lambda$waitForClusterToBeReady$0(182)) - Waiting for cluster to exit safe mode
2021-02-05 13:31:47,727 [EventQueue-PipelineReportForOneReplicaPipelineSafeModeRule] INFO  safemode.SCMSafeModeManager (SCMSafeModeManager.java:validateSafeModeExitRules(214)) - AtleastOneDatanodeReportedRule rule is successfully validated
2021-02-05 13:31:47,727 [EventQueue-OpenPipelineForHealthyPipelineSafeModeRule] INFO  safemode.SCMSafeModeManager (HealthyPipelineSafeModeRule.java:process(128)) - SCM in safe mode. Healthy pipelines reported count is 0, required healthy pipeline reported count is 1
2021-02-05 13:31:47,821 [EventQueue-PipelineReportForOneReplicaPipelineSafeModeRule] INFO  safemode.SCMSafeModeManager (SCMSafeModeManager.java:validateSafeModeExitRules(214)) - AtleastOneDatanodeReportedRule rule is successfully validated
2021-02-05 13:31:47,821 [EventQueue-OpenPipelineForHealthyPipelineSafeModeRule] INFO  safemode.SCMSafeModeManager (HealthyPipelineSafeModeRule.java:process(128)) - SCM in safe mode. Healthy pipelines reported count is 0, required healthy pipeline reported count is 1
2021-02-05 13:31:48,162 [EventQueue-PipelineReportForOneReplicaPipelineSafeModeRule] INFO  safemode.SCMSafeModeManager (SCMSafeModeManager.java:validateSafeModeExitRules(214)) - AtleastOneDatanodeReportedRule rule is successfully validated
2021-02-05 13:31:48,163 [EventQueue-OpenPipelineForHealthyPipelineSafeModeRule] INFO  safemode.SCMSafeModeManager (HealthyPipelineSafeModeRule.java:process(128)) - SCM in safe mode. Healthy pipelines reported count is 0, required healthy pipeline reported count is 1
2021-02-05 13:31:48,366 [EventQueue-PipelineReportForOneReplicaPipelineSafeModeRule] INFO  safemode.SCMSafeModeManager (SCMSafeModeManager.java:validateSafeModeExitRules(214)) - AtleastOneDatanodeReportedRule rule is successfully validated
2021-02-05 13:31:48,367 [EventQueue-OpenPipelineForHealthyPipelineSafeModeRule] INFO  safemode.SCMSafeModeManager (HealthyPipelineSafeModeRule.java:process(128)) - SCM in safe mode. Healthy pipelines reported count is 0, required healthy pipeline reported count is 1
2021-02-05 13:31:48,463 [EventQueue-PipelineReportForOneReplicaPipelineSafeModeRule] INFO  safemode.SCMSafeModeManager (SCMSafeModeManager.java:validateSafeModeExitRules(214)) - AtleastOneDatanodeReportedRule rule is successfully validated
2021-02-05 13:31:48,463 [EventQueue-OpenPipelineForHealthyPipelineSafeModeRule] INFO  safemode.SCMSafeModeManager (HealthyPipelineSafeModeRule.java:process(128)) - SCM in safe mode. Healthy pipelines reported count is 0, required healthy pipeline reported count is 1
2021-02-05 13:31:48,471 [EventQueue-PipelineReportForOneReplicaPipelineSafeModeRule] INFO  safemode.SCMSafeModeManager (SCMSafeModeManager.java:validateSafeModeExitRules(214)) - AtleastOneDatanodeReportedRule rule is successfully validated
2021-02-05 13:31:48,471 [EventQueue-OpenPipelineForHealthyPipelineSafeModeRule] INFO  safemode.SCMSafeModeManager (HealthyPipelineSafeModeRule.java:process(128)) - SCM in safe mode. Healthy pipelines reported count is 0, required healthy pipeline reported count is 1
2021-02-05 13:31:48,507 [EventQueue-PipelineReportForOneReplicaPipelineSafeModeRule] INFO  safemode.SCMSafeModeManager (SCMSafeModeManager.java:validateSafeModeExitRules(214)) - AtleastOneDatanodeReportedRule rule is successfully validated
2021-02-05 13:31:48,507 [EventQueue-OpenPipelineForHealthyPipelineSafeModeRule] INFO  safemode.SCMSafeModeManager (HealthyPipelineSafeModeRule.java:process(128)) - SCM in safe mode. Healthy pipelines reported count is 0, required healthy pipeline reported count is 1
2021-02-05 13:31:48,557 [EventQueue-OpenPipelineForHealthyPipelineSafeModeRule] INFO  safemode.SCMSafeModeManager (HealthyPipelineSafeModeRule.java:process(128)) - SCM in safe mode. Healthy pipelines reported count is 0, required healthy pipeline reported count is 1
2021-02-05 13:31:48,557 [EventQueue-PipelineReportForOneReplicaPipelineSafeModeRule] INFO  safemode.SCMSafeModeManager (SCMSafeModeManager.java:validateSafeModeExitRules(214)) - AtleastOneDatanodeReportedRule rule is successfully validated
2021-02-05 13:31:48,658 [EventQueue-PipelineReportForOneReplicaPipelineSafeModeRule] INFO  safemode.SCMSafeModeManager (SCMSafeModeManager.java:validateSafeModeExitRules(214)) - AtleastOneDatanodeReportedRule rule is successfully validated
2021-02-05 13:31:48,658 [EventQueue-OpenPipelineForHealthyPipelineSafeModeRule] INFO  safemode.SCMSafeModeManager (HealthyPipelineSafeModeRule.java:process(128)) - SCM in safe mode. Healthy pipelines reported count is 0, required healthy pipeline reported count is 1
2021-02-05 13:31:48,727 [Listener at 127.0.0.1/37659] INFO  ozone.MiniOzoneClusterImpl (MiniOzoneClusterImpl.java:lambda$waitForClusterToBeReady$0(179)) - Nodes are ready. Got 9 of 9 DN Heartbeats.
2021-02-05 13:31:48,727 [Listener at 127.0.0.1/37659] INFO  ozone.MiniOzoneClusterImpl (MiniOzoneClusterImpl.java:lambda$waitForClusterToBeReady$0(182)) - Waiting for cluster to exit safe mode
2021-02-05 13:31:48,727 [EventQueue-PipelineReportForOneReplicaPipelineSafeModeRule] INFO  safemode.SCMSafeModeManager (SCMSafeModeManager.java:validateSafeModeExitRules(214)) - AtleastOneDatanodeReportedRule rule is successfully validated
2021-02-05 13:31:48,727 [EventQueue-OpenPipelineForHealthyPipelineSafeModeRule] INFO  safemode.SCMSafeModeManager (HealthyPipelineSafeModeRule.java:process(128)) - SCM in safe mode. Healthy pipelines reported count is 0, required healthy pipeline reported count is 1
2021-02-05 13:31:48,820 [EventQueue-PipelineReportForOneReplicaPipelineSafeModeRule] INFO  safemode.SCMSafeModeManager (SCMSafeModeManager.java:validateSafeModeExitRules(214)) - AtleastOneDatanodeReportedRule rule is successfully validated
2021-02-05 13:31:48,820 [EventQueue-OpenPipelineForHealthyPipelineSafeModeRule] INFO  safemode.SCMSafeModeManager (HealthyPipelineSafeModeRule.java:process(128)) - SCM in safe mode. Healthy pipelines reported count is 0, required healthy pipeline reported count is 1
2021-02-05 13:31:49,163 [EventQueue-PipelineReportForOneReplicaPipelineSafeModeRule] INFO  safemode.SCMSafeModeManager (SCMSafeModeManager.java:validateSafeModeExitRules(214)) - AtleastOneDatanodeReportedRule rule is successfully validated
2021-02-05 13:31:49,163 [EventQueue-OpenPipelineForHealthyPipelineSafeModeRule] INFO  safemode.SCMSafeModeManager (HealthyPipelineSafeModeRule.java:process(128)) - SCM in safe mode. Healthy pipelines reported count is 0, required healthy pipeline reported count is 1
2021-02-05 13:31:49,366 [EventQueue-PipelineReportForOneReplicaPipelineSafeModeRule] INFO  safemode.SCMSafeModeManager (SCMSafeModeManager.java:validateSafeModeExitRules(214)) - AtleastOneDatanodeReportedRule rule is successfully validated
2021-02-05 13:31:49,366 [EventQueue-OpenPipelineForHealthyPipelineSafeModeRule] INFO  safemode.SCMSafeModeManager (HealthyPipelineSafeModeRule.java:process(128)) - SCM in safe mode. Healthy pipelines reported count is 0, required healthy pipeline reported count is 1
2021-02-05 13:31:49,462 [EventQueue-PipelineReportForOneReplicaPipelineSafeModeRule] INFO  safemode.SCMSafeModeManager (SCMSafeModeManager.java:validateSafeModeExitRules(214)) - AtleastOneDatanodeReportedRule rule is successfully validated
2021-02-05 13:31:49,462 [EventQueue-OpenPipelineForHealthyPipelineSafeModeRule] INFO  safemode.SCMSafeModeManager (HealthyPipelineSafeModeRule.java:process(128)) - SCM in safe mode. Healthy pipelines reported count is 0, required healthy pipeline reported count is 1
2021-02-05 13:31:49,471 [EventQueue-OpenPipelineForHealthyPipelineSafeModeRule] INFO  safemode.SCMSafeModeManager (HealthyPipelineSafeModeRule.java:process(128)) - SCM in safe mode. Healthy pipelines reported count is 0, required healthy pipeline reported count is 1
2021-02-05 13:31:49,471 [EventQueue-PipelineReportForOneReplicaPipelineSafeModeRule] INFO  safemode.SCMSafeModeManager (SCMSafeModeManager.java:validateSafeModeExitRules(214)) - AtleastOneDatanodeReportedRule rule is successfully validated
2021-02-05 13:31:49,484 [Thread-815] INFO  impl.FollowerState (FollowerState.java:run(133)) - a9448078-34fe-435b-8f34-59bdbb0249c7@group-C591ABAD571F-FollowerState: change to CANDIDATE, lastRpcElapsedTime:5023511568ns, electionTimeout:5018ms
2021-02-05 13:31:49,485 [Thread-815] INFO  impl.RoleInfo (RoleInfo.java:shutdownFollowerState(108)) - a9448078-34fe-435b-8f34-59bdbb0249c7: shutdown a9448078-34fe-435b-8f34-59bdbb0249c7@group-C591ABAD571F-FollowerState
2021-02-05 13:31:49,485 [Thread-815] INFO  server.RaftServer$Division (RaftServerImpl.java:setRole(284)) - a9448078-34fe-435b-8f34-59bdbb0249c7@group-C591ABAD571F: changes role from  FOLLOWER to CANDIDATE at term 0 for changeToCandidate
2021-02-05 13:31:49,485 [Thread-815] INFO  server.RaftServerConfigKeys (ConfUtils.java:logGet(44)) - raft.server.leaderelection.pre-vote = false (custom)
2021-02-05 13:31:49,485 [Thread-815] INFO  impl.RoleInfo (RoleInfo.java:updateAndGet(130)) - a9448078-34fe-435b-8f34-59bdbb0249c7: start a9448078-34fe-435b-8f34-59bdbb0249c7@group-C591ABAD571F-LeaderElection17
2021-02-05 13:31:49,490 [Thread-813] INFO  impl.FollowerState (FollowerState.java:run(133)) - 9a530726-af8b-4f6c-9588-6c152d944b80@group-F3DB70997635-FollowerState: change to CANDIDATE, lastRpcElapsedTime:5040690610ns, electionTimeout:5035ms
2021-02-05 13:31:49,490 [Thread-813] INFO  impl.RoleInfo (RoleInfo.java:shutdownFollowerState(108)) - 9a530726-af8b-4f6c-9588-6c152d944b80: shutdown 9a530726-af8b-4f6c-9588-6c152d944b80@group-F3DB70997635-FollowerState
2021-02-05 13:31:49,490 [Thread-813] INFO  server.RaftServer$Division (RaftServerImpl.java:setRole(284)) - 9a530726-af8b-4f6c-9588-6c152d944b80@group-F3DB70997635: changes role from  FOLLOWER to CANDIDATE at term 0 for changeToCandidate
2021-02-05 13:31:49,490 [Thread-813] INFO  server.RaftServerConfigKeys (ConfUtils.java:logGet(44)) - raft.server.leaderelection.pre-vote = false (custom)
2021-02-05 13:31:49,490 [Thread-813] INFO  impl.RoleInfo (RoleInfo.java:updateAndGet(130)) - 9a530726-af8b-4f6c-9588-6c152d944b80: start 9a530726-af8b-4f6c-9588-6c152d944b80@group-F3DB70997635-LeaderElection18
2021-02-05 13:31:49,494 [a9448078-34fe-435b-8f34-59bdbb0249c7@group-C591ABAD571F-LeaderElection17] INFO  impl.LeaderElection (LeaderElection.java:askForVotes(307)) - a9448078-34fe-435b-8f34-59bdbb0249c7@group-C591ABAD571F-LeaderElection17 ELECTION round 0: submit vote requests at term 1 for -1: [a9448078-34fe-435b-8f34-59bdbb0249c7|rpc:172.17.0.2:33155|priority:1], old=null
2021-02-05 13:31:49,495 [a9448078-34fe-435b-8f34-59bdbb0249c7@group-C591ABAD571F-LeaderElection17] INFO  impl.LeaderElection (LeaderElection.java:askForVotes(309)) - a9448078-34fe-435b-8f34-59bdbb0249c7@group-C591ABAD571F-LeaderElection17 ELECTION round 0: result PASSED (term=1)
2021-02-05 13:31:49,495 [a9448078-34fe-435b-8f34-59bdbb0249c7@group-C591ABAD571F-LeaderElection17] INFO  impl.RoleInfo (RoleInfo.java:shutdownLeaderElection(121)) - a9448078-34fe-435b-8f34-59bdbb0249c7: shutdown a9448078-34fe-435b-8f34-59bdbb0249c7@group-C591ABAD571F-LeaderElection17
2021-02-05 13:31:49,495 [a9448078-34fe-435b-8f34-59bdbb0249c7@group-C591ABAD571F-LeaderElection17] INFO  server.RaftServer$Division (RaftServerImpl.java:setRole(284)) - a9448078-34fe-435b-8f34-59bdbb0249c7@group-C591ABAD571F: changes role from CANDIDATE to LEADER at term 1 for changeToLeader
2021-02-05 13:31:49,495 [a9448078-34fe-435b-8f34-59bdbb0249c7@group-C591ABAD571F-LeaderElection17] INFO  ratis.XceiverServerRatis (XceiverServerRatis.java:handleLeaderChangedNotification(871)) - Leader change notification received for group: group-C591ABAD571F with new leaderId: a9448078-34fe-435b-8f34-59bdbb0249c7
2021-02-05 13:31:49,495 [a9448078-34fe-435b-8f34-59bdbb0249c7@group-C591ABAD571F-LeaderElection17] INFO  server.RaftServer$Division (ServerState.java:setLeader(271)) - a9448078-34fe-435b-8f34-59bdbb0249c7@group-C591ABAD571F: change Leader from null to a9448078-34fe-435b-8f34-59bdbb0249c7 at term 1 for becomeLeader, leader elected after 5053ms
2021-02-05 13:31:49,495 [a9448078-34fe-435b-8f34-59bdbb0249c7@group-C591ABAD571F-LeaderElection17] INFO  server.RaftServerConfigKeys (ConfUtils.java:logGet(44)) - raft.server.staging.catchup.gap = 1000 (default)
2021-02-05 13:31:49,495 [a9448078-34fe-435b-8f34-59bdbb0249c7@group-C591ABAD571F-LeaderElection17] INFO  metrics.RatisMetrics (RatisMetrics.java:lambda$create$0(36)) - Creating Metrics Registry : ratis.log_appender.a9448078-34fe-435b-8f34-59bdbb0249c7@group-C591ABAD571F
2021-02-05 13:31:49,496 [EventQueue-OpenPipelineForHealthyPipelineSafeModeRule] INFO  safemode.SCMSafeModeManager (HealthyPipelineSafeModeRule.java:process(128)) - SCM in safe mode. Healthy pipelines reported count is 0, required healthy pipeline reported count is 1
2021-02-05 13:31:49,496 [EventQueue-PipelineReportForOneReplicaPipelineSafeModeRule] INFO  safemode.SCMSafeModeManager (SCMSafeModeManager.java:validateSafeModeExitRules(214)) - AtleastOneDatanodeReportedRule rule is successfully validated
2021-02-05 13:31:49,496 [a9448078-34fe-435b-8f34-59bdbb0249c7@group-C591ABAD571F-LeaderElection17] INFO  server.RaftServerConfigKeys (ConfUtils.java:logGet(44)) - raft.server.write.element-limit = 1024 (custom)
2021-02-05 13:31:49,496 [a9448078-34fe-435b-8f34-59bdbb0249c7@group-C591ABAD571F-LeaderElection17] INFO  server.RaftServerConfigKeys (ConfUtils.java:logGet(44)) - raft.server.write.byte-limit = 1073741824 (custom)
2021-02-05 13:31:49,496 [9a530726-af8b-4f6c-9588-6c152d944b80@group-F3DB70997635-LeaderElection18] INFO  impl.LeaderElection (LeaderElection.java:askForVotes(307)) - 9a530726-af8b-4f6c-9588-6c152d944b80@group-F3DB70997635-LeaderElection18 ELECTION round 0: submit vote requests at term 1 for -1: [9a530726-af8b-4f6c-9588-6c152d944b80|rpc:172.17.0.2:39199|priority:1], old=null
2021-02-05 13:31:49,496 [9a530726-af8b-4f6c-9588-6c152d944b80@group-F3DB70997635-LeaderElection18] INFO  impl.LeaderElection (LeaderElection.java:askForVotes(309)) - 9a530726-af8b-4f6c-9588-6c152d944b80@group-F3DB70997635-LeaderElection18 ELECTION round 0: result PASSED (term=1)
2021-02-05 13:31:49,496 [9a530726-af8b-4f6c-9588-6c152d944b80@group-F3DB70997635-LeaderElection18] INFO  impl.RoleInfo (RoleInfo.java:shutdownLeaderElection(121)) - 9a530726-af8b-4f6c-9588-6c152d944b80: shutdown 9a530726-af8b-4f6c-9588-6c152d944b80@group-F3DB70997635-LeaderElection18
2021-02-05 13:31:49,496 [a9448078-34fe-435b-8f34-59bdbb0249c7@group-C591ABAD571F-LeaderElection17] INFO  server.RaftServerConfigKeys (ConfUtils.java:logGet(44)) - raft.server.watch.timeout = 3000ms (custom)
2021-02-05 13:31:49,496 [9a530726-af8b-4f6c-9588-6c152d944b80@group-F3DB70997635-LeaderElection18] INFO  server.RaftServer$Division (RaftServerImpl.java:setRole(284)) - 9a530726-af8b-4f6c-9588-6c152d944b80@group-F3DB70997635: changes role from CANDIDATE to LEADER at term 1 for changeToLeader
2021-02-05 13:31:49,497 [a9448078-34fe-435b-8f34-59bdbb0249c7@group-C591ABAD571F-LeaderElection17] INFO  server.RaftServerConfigKeys (ConfUtils.java:logGet(44)) - raft.server.watch.timeout.denomination = 1s (default)
2021-02-05 13:31:49,497 [9a530726-af8b-4f6c-9588-6c152d944b80@group-F3DB70997635-LeaderElection18] INFO  ratis.XceiverServerRatis (XceiverServerRatis.java:handleLeaderChangedNotification(871)) - Leader change notification received for group: group-F3DB70997635 with new leaderId: 9a530726-af8b-4f6c-9588-6c152d944b80
2021-02-05 13:31:49,497 [a9448078-34fe-435b-8f34-59bdbb0249c7@group-C591ABAD571F-LeaderElection17] INFO  server.RaftServerConfigKeys (ConfUtils.java:logGet(44)) - raft.server.watch.element-limit = 65536 (default)
2021-02-05 13:31:49,497 [a9448078-34fe-435b-8f34-59bdbb0249c7@group-C591ABAD571F-LeaderElection17] INFO  impl.RoleInfo (RoleInfo.java:updateAndGet(130)) - a9448078-34fe-435b-8f34-59bdbb0249c7: start a9448078-34fe-435b-8f34-59bdbb0249c7@group-C591ABAD571F-LeaderStateImpl
2021-02-05 13:31:49,497 [9a530726-af8b-4f6c-9588-6c152d944b80@group-F3DB70997635-LeaderElection18] INFO  server.RaftServer$Division (ServerState.java:setLeader(271)) - 9a530726-af8b-4f6c-9588-6c152d944b80@group-F3DB70997635: change Leader from null to 9a530726-af8b-4f6c-9588-6c152d944b80 at term 1 for becomeLeader, leader elected after 5065ms
2021-02-05 13:31:49,497 [EventQueue-OpenPipelineForHealthyPipelineSafeModeRule] INFO  safemode.SCMSafeModeManager (HealthyPipelineSafeModeRule.java:process(128)) - SCM in safe mode. Healthy pipelines reported count is 0, required healthy pipeline reported count is 1
2021-02-05 13:31:49,497 [a9448078-34fe-435b-8f34-59bdbb0249c7@group-C591ABAD571F-LeaderElection17] INFO  segmented.SegmentedRaftLogWorker (SegmentedRaftLogWorker.java:startLogSegment(392)) - a9448078-34fe-435b-8f34-59bdbb0249c7@group-C591ABAD571F-SegmentedRaftLogWorker: Starting segment from index:0
2021-02-05 13:31:49,497 [EventQueue-PipelineReportForOneReplicaPipelineSafeModeRule] INFO  safemode.SCMSafeModeManager (SCMSafeModeManager.java:validateSafeModeExitRules(214)) - AtleastOneDatanodeReportedRule rule is successfully validated
2021-02-05 13:31:49,498 [9a530726-af8b-4f6c-9588-6c152d944b80@group-F3DB70997635-LeaderElection18] INFO  server.RaftServerConfigKeys (ConfUtils.java:logGet(44)) - raft.server.staging.catchup.gap = 1000 (default)
2021-02-05 13:31:49,498 [9a530726-af8b-4f6c-9588-6c152d944b80@group-F3DB70997635-LeaderElection18] INFO  metrics.RatisMetrics (RatisMetrics.java:lambda$create$0(36)) - Creating Metrics Registry : ratis.log_appender.9a530726-af8b-4f6c-9588-6c152d944b80@group-F3DB70997635
2021-02-05 13:31:49,498 [9a530726-af8b-4f6c-9588-6c152d944b80@group-F3DB70997635-LeaderElection18] INFO  server.RaftServerConfigKeys (ConfUtils.java:logGet(44)) - raft.server.write.element-limit = 1024 (custom)
2021-02-05 13:31:49,498 [9a530726-af8b-4f6c-9588-6c152d944b80@group-F3DB70997635-LeaderElection18] INFO  server.RaftServerConfigKeys (ConfUtils.java:logGet(44)) - raft.server.write.byte-limit = 1073741824 (custom)
2021-02-05 13:31:49,498 [9a530726-af8b-4f6c-9588-6c152d944b80@group-F3DB70997635-LeaderElection18] INFO  server.RaftServerConfigKeys (ConfUtils.java:logGet(44)) - raft.server.watch.timeout = 3000ms (custom)
2021-02-05 13:31:49,499 [9a530726-af8b-4f6c-9588-6c152d944b80@group-F3DB70997635-LeaderElection18] INFO  server.RaftServerConfigKeys (ConfUtils.java:logGet(44)) - raft.server.watch.timeout.denomination = 1s (default)
2021-02-05 13:31:49,499 [9a530726-af8b-4f6c-9588-6c152d944b80@group-F3DB70997635-LeaderElection18] INFO  server.RaftServerConfigKeys (ConfUtils.java:logGet(44)) - raft.server.watch.element-limit = 65536 (default)
2021-02-05 13:31:49,501 [a9448078-34fe-435b-8f34-59bdbb0249c7@group-C591ABAD571F-LeaderElection17] INFO  server.RaftServer$Division (ServerState.java:setRaftConf(373)) - a9448078-34fe-435b-8f34-59bdbb0249c7@group-C591ABAD571F: set configuration 0: [a9448078-34fe-435b-8f34-59bdbb0249c7|rpc:172.17.0.2:33155|admin:|client:|dataStream:|priority:1], old=null
2021-02-05 13:31:49,501 [9a530726-af8b-4f6c-9588-6c152d944b80@group-F3DB70997635-LeaderElection18] INFO  impl.RoleInfo (RoleInfo.java:updateAndGet(130)) - 9a530726-af8b-4f6c-9588-6c152d944b80: start 9a530726-af8b-4f6c-9588-6c152d944b80@group-F3DB70997635-LeaderStateImpl
2021-02-05 13:31:49,501 [a9448078-34fe-435b-8f34-59bdbb0249c7@group-C591ABAD571F-SegmentedRaftLogWorker] INFO  segmented.SegmentedRaftLogWorker (SegmentedRaftLogWorker.java:execute(599)) - a9448078-34fe-435b-8f34-59bdbb0249c7@group-C591ABAD571F-SegmentedRaftLogWorker: created new log segment /github/workspace/mnt/ozone/hadoop-ozone/integration-test/target/test-dir/MiniOzoneClusterImpl-a92b2b3a-f9aa-4539-be01-238306fe77bb/datanode-0/data/ratis/b8558157-3b7d-48f1-b562-c591abad571f/current/log_inprogress_0
2021-02-05 13:31:49,510 [EventQueue-PipelineReportForOneReplicaPipelineSafeModeRule] INFO  safemode.SCMSafeModeManager (SCMSafeModeManager.java:validateSafeModeExitRules(214)) - AtleastOneDatanodeReportedRule rule is successfully validated
2021-02-05 13:31:49,510 [EventQueue-OpenPipelineForHealthyPipelineSafeModeRule] INFO  safemode.SCMSafeModeManager (HealthyPipelineSafeModeRule.java:process(128)) - SCM in safe mode. Healthy pipelines reported count is 0, required healthy pipeline reported count is 1
2021-02-05 13:31:49,510 [9a530726-af8b-4f6c-9588-6c152d944b80@group-F3DB70997635-LeaderElection18] INFO  segmented.SegmentedRaftLogWorker (SegmentedRaftLogWorker.java:startLogSegment(392)) - 9a530726-af8b-4f6c-9588-6c152d944b80@group-F3DB70997635-SegmentedRaftLogWorker: Starting segment from index:0
2021-02-05 13:31:49,511 [9a530726-af8b-4f6c-9588-6c152d944b80@group-F3DB70997635-SegmentedRaftLogWorker] INFO  segmented.SegmentedRaftLogWorker (SegmentedRaftLogWorker.java:execute(599)) - 9a530726-af8b-4f6c-9588-6c152d944b80@group-F3DB70997635-SegmentedRaftLogWorker: created new log segment /github/workspace/mnt/ozone/hadoop-ozone/integration-test/target/test-dir/MiniOzoneClusterImpl-a92b2b3a-f9aa-4539-be01-238306fe77bb/datanode-1/data/ratis/6b250211-89e4-48ac-87b7-f3db70997635/current/log_inprogress_0
2021-02-05 13:31:49,515 [9a530726-af8b-4f6c-9588-6c152d944b80@group-F3DB70997635-LeaderElection18] INFO  server.RaftServer$Division (ServerState.java:setRaftConf(373)) - 9a530726-af8b-4f6c-9588-6c152d944b80@group-F3DB70997635: set configuration 0: [9a530726-af8b-4f6c-9588-6c152d944b80|rpc:172.17.0.2:39199|admin:|client:|dataStream:|priority:1], old=null
2021-02-05 13:31:49,558 [EventQueue-PipelineReportForOneReplicaPipelineSafeModeRule] INFO  safemode.SCMSafeModeManager (SCMSafeModeManager.java:validateSafeModeExitRules(214)) - AtleastOneDatanodeReportedRule rule is successfully validated
2021-02-05 13:31:49,558 [EventQueue-OpenPipelineForHealthyPipelineSafeModeRule] INFO  safemode.SCMSafeModeManager (HealthyPipelineSafeModeRule.java:process(128)) - SCM in safe mode. Healthy pipelines reported count is 0, required healthy pipeline reported count is 1
2021-02-05 13:31:49,636 [Thread-819] INFO  impl.FollowerState (FollowerState.java:run(133)) - a4acbc3e-e00f-4d43-961e-4e2aff2ce09e@group-852FF7B1DE9B-FollowerState: change to CANDIDATE, lastRpcElapsedTime:5146007867ns, electionTimeout:5145ms
2021-02-05 13:31:49,637 [Thread-819] INFO  impl.RoleInfo (RoleInfo.java:shutdownFollowerState(108)) - a4acbc3e-e00f-4d43-961e-4e2aff2ce09e: shutdown a4acbc3e-e00f-4d43-961e-4e2aff2ce09e@group-852FF7B1DE9B-FollowerState
2021-02-05 13:31:49,637 [Thread-819] INFO  server.RaftServer$Division (RaftServerImpl.java:setRole(284)) - a4acbc3e-e00f-4d43-961e-4e2aff2ce09e@group-852FF7B1DE9B: changes role from  FOLLOWER to CANDIDATE at term 0 for changeToCandidate
2021-02-05 13:31:49,637 [Thread-819] INFO  server.RaftServerConfigKeys (ConfUtils.java:logGet(44)) - raft.server.leaderelection.pre-vote = false (custom)
2021-02-05 13:31:49,637 [Thread-819] INFO  impl.RoleInfo (RoleInfo.java:updateAndGet(130)) - a4acbc3e-e00f-4d43-961e-4e2aff2ce09e: start a4acbc3e-e00f-4d43-961e-4e2aff2ce09e@group-852FF7B1DE9B-LeaderElection19
2021-02-05 13:31:49,640 [a4acbc3e-e00f-4d43-961e-4e2aff2ce09e@group-852FF7B1DE9B-LeaderElection19] INFO  impl.LeaderElection (LeaderElection.java:askForVotes(307)) - a4acbc3e-e00f-4d43-961e-4e2aff2ce09e@group-852FF7B1DE9B-LeaderElection19 ELECTION round 0: submit vote requests at term 1 for -1: [a4acbc3e-e00f-4d43-961e-4e2aff2ce09e|rpc:172.17.0.2:45209|priority:1], old=null
2021-02-05 13:31:49,640 [a4acbc3e-e00f-4d43-961e-4e2aff2ce09e@group-852FF7B1DE9B-LeaderElection19] INFO  impl.LeaderElection (LeaderElection.java:askForVotes(309)) - a4acbc3e-e00f-4d43-961e-4e2aff2ce09e@group-852FF7B1DE9B-LeaderElection19 ELECTION round 0: result PASSED (term=1)
2021-02-05 13:31:49,640 [a4acbc3e-e00f-4d43-961e-4e2aff2ce09e@group-852FF7B1DE9B-LeaderElection19] INFO  impl.RoleInfo (RoleInfo.java:shutdownLeaderElection(121)) - a4acbc3e-e00f-4d43-961e-4e2aff2ce09e: shutdown a4acbc3e-e00f-4d43-961e-4e2aff2ce09e@group-852FF7B1DE9B-LeaderElection19
2021-02-05 13:31:49,640 [a4acbc3e-e00f-4d43-961e-4e2aff2ce09e@group-852FF7B1DE9B-LeaderElection19] INFO  server.RaftServer$Division (RaftServerImpl.java:setRole(284)) - a4acbc3e-e00f-4d43-961e-4e2aff2ce09e@group-852FF7B1DE9B: changes role from CANDIDATE to LEADER at term 1 for changeToLeader
2021-02-05 13:31:49,640 [a4acbc3e-e00f-4d43-961e-4e2aff2ce09e@group-852FF7B1DE9B-LeaderElection19] INFO  ratis.XceiverServerRatis (XceiverServerRatis.java:handleLeaderChangedNotification(871)) - Leader change notification received for group: group-852FF7B1DE9B with new leaderId: a4acbc3e-e00f-4d43-961e-4e2aff2ce09e
2021-02-05 13:31:49,640 [a4acbc3e-e00f-4d43-961e-4e2aff2ce09e@group-852FF7B1DE9B-LeaderElection19] INFO  server.RaftServer$Division (ServerState.java:setLeader(271)) - a4acbc3e-e00f-4d43-961e-4e2aff2ce09e@group-852FF7B1DE9B: change Leader from null to a4acbc3e-e00f-4d43-961e-4e2aff2ce09e at term 1 for becomeLeader, leader elected after 5186ms
2021-02-05 13:31:49,640 [a4acbc3e-e00f-4d43-961e-4e2aff2ce09e@group-852FF7B1DE9B-LeaderElection19] INFO  server.RaftServerConfigKeys (ConfUtils.java:logGet(44)) - raft.server.staging.catchup.gap = 1000 (default)
2021-02-05 13:31:49,641 [a4acbc3e-e00f-4d43-961e-4e2aff2ce09e@group-852FF7B1DE9B-LeaderElection19] INFO  metrics.RatisMetrics (RatisMetrics.java:lambda$create$0(36)) - Creating Metrics Registry : ratis.log_appender.a4acbc3e-e00f-4d43-961e-4e2aff2ce09e@group-852FF7B1DE9B
2021-02-05 13:31:49,641 [a4acbc3e-e00f-4d43-961e-4e2aff2ce09e@group-852FF7B1DE9B-LeaderElection19] INFO  server.RaftServerConfigKeys (ConfUtils.java:logGet(44)) - raft.server.write.element-limit = 1024 (custom)
2021-02-05 13:31:49,642 [EventQueue-OpenPipelineForHealthyPipelineSafeModeRule] INFO  safemode.SCMSafeModeManager (HealthyPipelineSafeModeRule.java:process(128)) - SCM in safe mode. Healthy pipelines reported count is 0, required healthy pipeline reported count is 1
2021-02-05 13:31:49,642 [EventQueue-PipelineReportForOneReplicaPipelineSafeModeRule] INFO  safemode.SCMSafeModeManager (SCMSafeModeManager.java:validateSafeModeExitRules(214)) - AtleastOneDatanodeReportedRule rule is successfully validated
2021-02-05 13:31:49,642 [a4acbc3e-e00f-4d43-961e-4e2aff2ce09e@group-852FF7B1DE9B-LeaderElection19] INFO  server.RaftServerConfigKeys (ConfUtils.java:logGet(44)) - raft.server.write.byte-limit = 1073741824 (custom)
2021-02-05 13:31:49,642 [a4acbc3e-e00f-4d43-961e-4e2aff2ce09e@group-852FF7B1DE9B-LeaderElection19] INFO  server.RaftServerConfigKeys (ConfUtils.java:logGet(44)) - raft.server.watch.timeout = 3000ms (custom)
2021-02-05 13:31:49,642 [a4acbc3e-e00f-4d43-961e-4e2aff2ce09e@group-852FF7B1DE9B-LeaderElection19] INFO  server.RaftServerConfigKeys (ConfUtils.java:logGet(44)) - raft.server.watch.timeout.denomination = 1s (default)
2021-02-05 13:31:49,642 [a4acbc3e-e00f-4d43-961e-4e2aff2ce09e@group-852FF7B1DE9B-LeaderElection19] INFO  server.RaftServerConfigKeys (ConfUtils.java:logGet(44)) - raft.server.watch.element-limit = 65536 (default)
2021-02-05 13:31:49,643 [a4acbc3e-e00f-4d43-961e-4e2aff2ce09e@group-852FF7B1DE9B-LeaderElection19] INFO  impl.RoleInfo (RoleInfo.java:updateAndGet(130)) - a4acbc3e-e00f-4d43-961e-4e2aff2ce09e: start a4acbc3e-e00f-4d43-961e-4e2aff2ce09e@group-852FF7B1DE9B-LeaderStateImpl
2021-02-05 13:31:49,643 [a4acbc3e-e00f-4d43-961e-4e2aff2ce09e@group-852FF7B1DE9B-LeaderElection19] INFO  segmented.SegmentedRaftLogWorker (SegmentedRaftLogWorker.java:startLogSegment(392)) - a4acbc3e-e00f-4d43-961e-4e2aff2ce09e@group-852FF7B1DE9B-SegmentedRaftLogWorker: Starting segment from index:0
2021-02-05 13:31:49,644 [a4acbc3e-e00f-4d43-961e-4e2aff2ce09e@group-852FF7B1DE9B-SegmentedRaftLogWorker] INFO  segmented.SegmentedRaftLogWorker (SegmentedRaftLogWorker.java:execute(599)) - a4acbc3e-e00f-4d43-961e-4e2aff2ce09e@group-852FF7B1DE9B-SegmentedRaftLogWorker: created new log segment /github/workspace/mnt/ozone/hadoop-ozone/integration-test/target/test-dir/MiniOzoneClusterImpl-a92b2b3a-f9aa-4539-be01-238306fe77bb/datanode-2/data/ratis/bd198e90-b01e-48e3-9a05-852ff7b1de9b/current/log_inprogress_0
2021-02-05 13:31:49,646 [a4acbc3e-e00f-4d43-961e-4e2aff2ce09e@group-852FF7B1DE9B-LeaderElection19] INFO  server.RaftServer$Division (ServerState.java:setRaftConf(373)) - a4acbc3e-e00f-4d43-961e-4e2aff2ce09e@group-852FF7B1DE9B: set configuration 0: [a4acbc3e-e00f-4d43-961e-4e2aff2ce09e|rpc:172.17.0.2:45209|admin:|client:|dataStream:|priority:1], old=null
2021-02-05 13:31:49,653 [Thread-823] INFO  impl.FollowerState (FollowerState.java:run(133)) - a4acbc3e-e00f-4d43-961e-4e2aff2ce09e@group-CBE835C2428B-FollowerState: change to CANDIDATE, lastRpcElapsedTime:5139458951ns, electionTimeout:5138ms
2021-02-05 13:31:49,654 [Thread-823] INFO  impl.RoleInfo (RoleInfo.java:shutdownFollowerState(108)) - a4acbc3e-e00f-4d43-961e-4e2aff2ce09e: shutdown a4acbc3e-e00f-4d43-961e-4e2aff2ce09e@group-CBE835C2428B-FollowerState
2021-02-05 13:31:49,654 [Thread-823] INFO  server.RaftServer$Division (RaftServerImpl.java:setRole(284)) - a4acbc3e-e00f-4d43-961e-4e2aff2ce09e@group-CBE835C2428B: changes role from  FOLLOWER to CANDIDATE at term 0 for changeToCandidate
2021-02-05 13:31:49,654 [Thread-823] INFO  server.RaftServerConfigKeys (ConfUtils.java:logGet(44)) - raft.server.leaderelection.pre-vote = false (custom)
2021-02-05 13:31:49,654 [Thread-823] INFO  impl.RoleInfo (RoleInfo.java:updateAndGet(130)) - a4acbc3e-e00f-4d43-961e-4e2aff2ce09e: start a4acbc3e-e00f-4d43-961e-4e2aff2ce09e@group-CBE835C2428B-LeaderElection20
2021-02-05 13:31:49,655 [Thread-821] INFO  impl.FollowerState (FollowerState.java:run(133)) - a9448078-34fe-435b-8f34-59bdbb0249c7@group-CBE835C2428B-FollowerState: change to CANDIDATE, lastRpcElapsedTime:5159323299ns, electionTimeout:5158ms
2021-02-05 13:31:49,655 [Thread-821] INFO  impl.RoleInfo (RoleInfo.java:shutdownFollowerState(108)) - a9448078-34fe-435b-8f34-59bdbb0249c7: shutdown a9448078-34fe-435b-8f34-59bdbb0249c7@group-CBE835C2428B-FollowerState
2021-02-05 13:31:49,655 [Thread-821] INFO  server.RaftServer$Division (RaftServerImpl.java:setRole(284)) - a9448078-34fe-435b-8f34-59bdbb0249c7@group-CBE835C2428B: changes role from  FOLLOWER to CANDIDATE at term 0 for changeToCandidate
2021-02-05 13:31:49,655 [Thread-821] INFO  server.RaftServerConfigKeys (ConfUtils.java:logGet(44)) - raft.server.leaderelection.pre-vote = false (custom)
2021-02-05 13:31:49,655 [Thread-821] INFO  impl.RoleInfo (RoleInfo.java:updateAndGet(130)) - a9448078-34fe-435b-8f34-59bdbb0249c7: start a9448078-34fe-435b-8f34-59bdbb0249c7@group-CBE835C2428B-LeaderElection21
2021-02-05 13:31:49,660 [EventQueue-PipelineReportForOneReplicaPipelineSafeModeRule] INFO  safemode.SCMSafeModeManager (SCMSafeModeManager.java:validateSafeModeExitRules(214)) - AtleastOneDatanodeReportedRule rule is successfully validated
2021-02-05 13:31:49,660 [EventQueue-OpenPipelineForHealthyPipelineSafeModeRule] INFO  safemode.SCMSafeModeManager (HealthyPipelineSafeModeRule.java:process(128)) - SCM in safe mode. Healthy pipelines reported count is 0, required healthy pipeline reported count is 1
2021-02-05 13:31:49,661 [a4acbc3e-e00f-4d43-961e-4e2aff2ce09e@group-CBE835C2428B-LeaderElection20] INFO  impl.LeaderElection (LeaderElection.java:askForVotes(307)) - a4acbc3e-e00f-4d43-961e-4e2aff2ce09e@group-CBE835C2428B-LeaderElection20 ELECTION round 0: submit vote requests at term 1 for -1: [a9448078-34fe-435b-8f34-59bdbb0249c7|rpc:172.17.0.2:33155|priority:1, 9a530726-af8b-4f6c-9588-6c152d944b80|rpc:172.17.0.2:39199|priority:0, a4acbc3e-e00f-4d43-961e-4e2aff2ce09e|rpc:172.17.0.2:45209|priority:0], old=null
2021-02-05 13:31:49,661 [a9448078-34fe-435b-8f34-59bdbb0249c7@group-CBE835C2428B-LeaderElection21] INFO  impl.LeaderElection (LeaderElection.java:askForVotes(307)) - a9448078-34fe-435b-8f34-59bdbb0249c7@group-CBE835C2428B-LeaderElection21 ELECTION round 0: submit vote requests at term 1 for -1: [a9448078-34fe-435b-8f34-59bdbb0249c7|rpc:172.17.0.2:33155|priority:1, 9a530726-af8b-4f6c-9588-6c152d944b80|rpc:172.17.0.2:39199|priority:0, a4acbc3e-e00f-4d43-961e-4e2aff2ce09e|rpc:172.17.0.2:45209|priority:0], old=null
2021-02-05 13:31:49,673 [Thread-831] INFO  impl.FollowerState (FollowerState.java:run(133)) - 5636fed9-8cb9-4b03-9cef-dc5fa3810e57@group-3BD005778729-FollowerState: change to CANDIDATE, lastRpcElapsedTime:5027310378ns, electionTimeout:5026ms
2021-02-05 13:31:49,674 [Thread-831] INFO  impl.RoleInfo (RoleInfo.java:shutdownFollowerState(108)) - 5636fed9-8cb9-4b03-9cef-dc5fa3810e57: shutdown 5636fed9-8cb9-4b03-9cef-dc5fa3810e57@group-3BD005778729-FollowerState
2021-02-05 13:31:49,674 [Thread-831] INFO  server.RaftServer$Division (RaftServerImpl.java:setRole(284)) - 5636fed9-8cb9-4b03-9cef-dc5fa3810e57@group-3BD005778729: changes role from  FOLLOWER to CANDIDATE at term 0 for changeToCandidate
2021-02-05 13:31:49,674 [Thread-831] INFO  server.RaftServerConfigKeys (ConfUtils.java:logGet(44)) - raft.server.leaderelection.pre-vote = false (custom)
2021-02-05 13:31:49,674 [Thread-831] INFO  impl.RoleInfo (RoleInfo.java:updateAndGet(130)) - 5636fed9-8cb9-4b03-9cef-dc5fa3810e57: start 5636fed9-8cb9-4b03-9cef-dc5fa3810e57@group-3BD005778729-LeaderElection22
2021-02-05 13:31:49,681 [grpc-default-executor-2] INFO  server.RaftServer$Division (RaftServerImpl.java:requestVote(1025)) - 9a530726-af8b-4f6c-9588-6c152d944b80@group-CBE835C2428B: receive requestVote(ELECTION, a9448078-34fe-435b-8f34-59bdbb0249c7, group-CBE835C2428B, 1, (t:0, i:0))
2021-02-05 13:31:49,682 [5636fed9-8cb9-4b03-9cef-dc5fa3810e57@group-3BD005778729-LeaderElection22] INFO  impl.LeaderElection (LeaderElection.java:askForVotes(307)) - 5636fed9-8cb9-4b03-9cef-dc5fa3810e57@group-3BD005778729-LeaderElection22 ELECTION round 0: submit vote requests at term 1 for -1: [5636fed9-8cb9-4b03-9cef-dc5fa3810e57|rpc:172.17.0.2:46415|priority:1], old=null
2021-02-05 13:31:49,682 [5636fed9-8cb9-4b03-9cef-dc5fa3810e57@group-3BD005778729-LeaderElection22] INFO  impl.LeaderElection (LeaderElection.java:askForVotes(309)) - 5636fed9-8cb9-4b03-9cef-dc5fa3810e57@group-3BD005778729-LeaderElection22 ELECTION round 0: result PASSED (term=1)
2021-02-05 13:31:49,682 [5636fed9-8cb9-4b03-9cef-dc5fa3810e57@group-3BD005778729-LeaderElection22] INFO  impl.RoleInfo (RoleInfo.java:shutdownLeaderElection(121)) - 5636fed9-8cb9-4b03-9cef-dc5fa3810e57: shutdown 5636fed9-8cb9-4b03-9cef-dc5fa3810e57@group-3BD005778729-LeaderElection22
2021-02-05 13:31:49,682 [5636fed9-8cb9-4b03-9cef-dc5fa3810e57@group-3BD005778729-LeaderElection22] INFO  server.RaftServer$Division (RaftServerImpl.java:setRole(284)) - 5636fed9-8cb9-4b03-9cef-dc5fa3810e57@group-3BD005778729: changes role from CANDIDATE to LEADER at term 1 for changeToLeader
2021-02-05 13:31:49,683 [5636fed9-8cb9-4b03-9cef-dc5fa3810e57@group-3BD005778729-LeaderElection22] INFO  ratis.XceiverServerRatis (XceiverServerRatis.java:handleLeaderChangedNotification(871)) - Leader change notification received for group: group-3BD005778729 with new leaderId: 5636fed9-8cb9-4b03-9cef-dc5fa3810e57
2021-02-05 13:31:49,684 [grpc-default-executor-1] INFO  server.RaftServer$Division (RaftServerImpl.java:requestVote(1025)) - a4acbc3e-e00f-4d43-961e-4e2aff2ce09e@group-CBE835C2428B: receive requestVote(ELECTION, a9448078-34fe-435b-8f34-59bdbb0249c7, group-CBE835C2428B, 1, (t:0, i:0))
2021-02-05 13:31:49,684 [grpc-default-executor-1] INFO  impl.VoteContext (VoteContext.java:log(48)) - a4acbc3e-e00f-4d43-961e-4e2aff2ce09e@group-CBE835C2428B-CANDIDATE: reject ELECTION from a9448078-34fe-435b-8f34-59bdbb0249c7: already has voted for a4acbc3e-e00f-4d43-961e-4e2aff2ce09e at current term 1
2021-02-05 13:31:49,684 [grpc-default-executor-1] INFO  server.RaftServer$Division (RaftServerImpl.java:requestVote(1057)) - a4acbc3e-e00f-4d43-961e-4e2aff2ce09e@group-CBE835C2428B replies to ELECTION vote request: a9448078-34fe-435b-8f34-59bdbb0249c7<-a4acbc3e-e00f-4d43-961e-4e2aff2ce09e#0:FAIL-t1. Peer's state: a4acbc3e-e00f-4d43-961e-4e2aff2ce09e@group-CBE835C2428B:t1, leader=null, voted=a4acbc3e-e00f-4d43-961e-4e2aff2ce09e, raftlog=a4acbc3e-e00f-4d43-961e-4e2aff2ce09e@group-CBE835C2428B-SegmentedRaftLog:OPENED:c-1,f-1,i0, conf=-1: [a9448078-34fe-435b-8f34-59bdbb0249c7|rpc:172.17.0.2:33155|priority:1, 9a530726-af8b-4f6c-9588-6c152d944b80|rpc:172.17.0.2:39199|priority:0, a4acbc3e-e00f-4d43-961e-4e2aff2ce09e|rpc:172.17.0.2:45209|priority:0], old=null
2021-02-05 13:31:49,685 [grpc-default-executor-2] INFO  impl.VoteContext (VoteContext.java:log(48)) - 9a530726-af8b-4f6c-9588-6c152d944b80@group-CBE835C2428B-FOLLOWER: accept ELECTION from a9448078-34fe-435b-8f34-59bdbb0249c7: our priority 0 <= candidate's priority 1
2021-02-05 13:31:49,686 [grpc-default-executor-2] INFO  server.RaftServer$Division (RaftServerImpl.java:setRole(284)) - 9a530726-af8b-4f6c-9588-6c152d944b80@group-CBE835C2428B: changes role from  FOLLOWER to FOLLOWER at term 1 for candidate:a9448078-34fe-435b-8f34-59bdbb0249c7
2021-02-05 13:31:49,686 [grpc-default-executor-2] INFO  impl.RoleInfo (RoleInfo.java:shutdownFollowerState(108)) - 9a530726-af8b-4f6c-9588-6c152d944b80: shutdown 9a530726-af8b-4f6c-9588-6c152d944b80@group-CBE835C2428B-FollowerState
2021-02-05 13:31:49,686 [grpc-default-executor-2] INFO  impl.RoleInfo (RoleInfo.java:updateAndGet(130)) - 9a530726-af8b-4f6c-9588-6c152d944b80: start 9a530726-af8b-4f6c-9588-6c152d944b80@group-CBE835C2428B-FollowerState
2021-02-05 13:31:49,689 [5636fed9-8cb9-4b03-9cef-dc5fa3810e57@group-3BD005778729-LeaderElection22] INFO  server.RaftServer$Division (ServerState.java:setLeader(271)) - 5636fed9-8cb9-4b03-9cef-dc5fa3810e57@group-3BD005778729: change Leader from null to 5636fed9-8cb9-4b03-9cef-dc5fa3810e57 at term 1 for becomeLeader, leader elected after 5046ms
2021-02-05 13:31:49,689 [5636fed9-8cb9-4b03-9cef-dc5fa3810e57@group-3BD005778729-LeaderElection22] INFO  server.RaftServerConfigKeys (ConfUtils.java:logGet(44)) - raft.server.staging.catchup.gap = 1000 (default)
2021-02-05 13:31:49,689 [5636fed9-8cb9-4b03-9cef-dc5fa3810e57@group-3BD005778729-LeaderElection22] INFO  metrics.RatisMetrics (RatisMetrics.java:lambda$create$0(36)) - Creating Metrics Registry : ratis.log_appender.5636fed9-8cb9-4b03-9cef-dc5fa3810e57@group-3BD005778729
2021-02-05 13:31:49,689 [5636fed9-8cb9-4b03-9cef-dc5fa3810e57@group-3BD005778729-LeaderElection22] INFO  server.RaftServerConfigKeys (ConfUtils.java:logGet(44)) - raft.server.write.element-limit = 1024 (custom)
2021-02-05 13:31:49,689 [5636fed9-8cb9-4b03-9cef-dc5fa3810e57@group-3BD005778729-LeaderElection22] INFO  server.RaftServerConfigKeys (ConfUtils.java:logGet(44)) - raft.server.write.byte-limit = 1073741824 (custom)
2021-02-05 13:31:49,689 [5636fed9-8cb9-4b03-9cef-dc5fa3810e57@group-3BD005778729-LeaderElection22] INFO  server.RaftServerConfigKeys (ConfUtils.java:logGet(44)) - raft.server.watch.timeout = 3000ms (custom)
2021-02-05 13:31:49,689 [5636fed9-8cb9-4b03-9cef-dc5fa3810e57@group-3BD005778729-LeaderElection22] INFO  server.RaftServerConfigKeys (ConfUtils.java:logGet(44)) - raft.server.watch.timeout.denomination = 1s (default)
2021-02-05 13:31:49,689 [5636fed9-8cb9-4b03-9cef-dc5fa3810e57@group-3BD005778729-LeaderElection22] INFO  server.RaftServerConfigKeys (ConfUtils.java:logGet(44)) - raft.server.watch.element-limit = 65536 (default)
2021-02-05 13:31:49,690 [5636fed9-8cb9-4b03-9cef-dc5fa3810e57@group-3BD005778729-LeaderElection22] INFO  impl.RoleInfo (RoleInfo.java:updateAndGet(130)) - 5636fed9-8cb9-4b03-9cef-dc5fa3810e57: start 5636fed9-8cb9-4b03-9cef-dc5fa3810e57@group-3BD005778729-LeaderStateImpl
2021-02-05 13:31:49,690 [5636fed9-8cb9-4b03-9cef-dc5fa3810e57@group-3BD005778729-LeaderElection22] INFO  segmented.SegmentedRaftLogWorker (SegmentedRaftLogWorker.java:startLogSegment(392)) - 5636fed9-8cb9-4b03-9cef-dc5fa3810e57@group-3BD005778729-SegmentedRaftLogWorker: Starting segment from index:0
2021-02-05 13:31:49,690 [grpc-default-executor-3] INFO  server.RaftServer$Division (RaftServerImpl.java:requestVote(1025)) - 9a530726-af8b-4f6c-9588-6c152d944b80@group-CBE835C2428B: receive requestVote(ELECTION, a4acbc3e-e00f-4d43-961e-4e2aff2ce09e, group-CBE835C2428B, 1, (t:0, i:0))
2021-02-05 13:31:49,692 [5636fed9-8cb9-4b03-9cef-dc5fa3810e57@group-3BD005778729-SegmentedRaftLogWorker] INFO  segmented.SegmentedRaftLogWorker (SegmentedRaftLogWorker.java:execute(599)) - 5636fed9-8cb9-4b03-9cef-dc5fa3810e57@group-3BD005778729-SegmentedRaftLogWorker: created new log segment /github/workspace/mnt/ozone/hadoop-ozone/integration-test/target/test-dir/MiniOzoneClusterImpl-a92b2b3a-f9aa-4539-be01-238306fe77bb/datanode-3/data/ratis/57268257-d7a8-4904-b877-3bd005778729/current/log_inprogress_0
2021-02-05 13:31:49,692 [grpc-default-executor-2] INFO  server.RaftServer$Division (RaftServerImpl.java:requestVote(1057)) - 9a530726-af8b-4f6c-9588-6c152d944b80@group-CBE835C2428B replies to ELECTION vote request: a9448078-34fe-435b-8f34-59bdbb0249c7<-9a530726-af8b-4f6c-9588-6c152d944b80#0:OK-t1. Peer's state: 9a530726-af8b-4f6c-9588-6c152d944b80@group-CBE835C2428B:t1, leader=null, voted=a9448078-34fe-435b-8f34-59bdbb0249c7, raftlog=9a530726-af8b-4f6c-9588-6c152d944b80@group-CBE835C2428B-SegmentedRaftLog:OPENED:c-1,f-1,i0, conf=-1: [a9448078-34fe-435b-8f34-59bdbb0249c7|rpc:172.17.0.2:33155|priority:1, 9a530726-af8b-4f6c-9588-6c152d944b80|rpc:172.17.0.2:39199|priority:0, a4acbc3e-e00f-4d43-961e-4e2aff2ce09e|rpc:172.17.0.2:45209|priority:0], old=null
2021-02-05 13:31:49,692 [EventQueue-PipelineReportForOneReplicaPipelineSafeModeRule] INFO  safemode.SCMSafeModeManager (SCMSafeModeManager.java:validateSafeModeExitRules(214)) - AtleastOneDatanodeReportedRule rule is successfully validated
2021-02-05 13:31:49,692 [EventQueue-OpenPipelineForHealthyPipelineSafeModeRule] INFO  safemode.SCMSafeModeManager (HealthyPipelineSafeModeRule.java:process(128)) - SCM in safe mode. Healthy pipelines reported count is 0, required healthy pipeline reported count is 1
2021-02-05 13:31:49,692 [grpc-default-executor-3] INFO  impl.VoteContext (VoteContext.java:log(48)) - 9a530726-af8b-4f6c-9588-6c152d944b80@group-CBE835C2428B-FOLLOWER: reject ELECTION from a4acbc3e-e00f-4d43-961e-4e2aff2ce09e: already has voted for a9448078-34fe-435b-8f34-59bdbb0249c7 at current term 1
2021-02-05 13:31:49,693 [grpc-default-executor-3] INFO  server.RaftServer$Division (RaftServerImpl.java:requestVote(1057)) - 9a530726-af8b-4f6c-9588-6c152d944b80@group-CBE835C2428B replies to ELECTION vote request: a4acbc3e-e00f-4d43-961e-4e2aff2ce09e<-9a530726-af8b-4f6c-9588-6c152d944b80#0:FAIL-t1. Peer's state: 9a530726-af8b-4f6c-9588-6c152d944b80@group-CBE835C2428B:t1, leader=null, voted=a9448078-34fe-435b-8f34-59bdbb0249c7, raftlog=9a530726-af8b-4f6c-9588-6c152d944b80@group-CBE835C2428B-SegmentedRaftLog:OPENED:c-1,f-1,i0, conf=-1: [a9448078-34fe-435b-8f34-59bdbb0249c7|rpc:172.17.0.2:33155|priority:1, 9a530726-af8b-4f6c-9588-6c152d944b80|rpc:172.17.0.2:39199|priority:0, a4acbc3e-e00f-4d43-961e-4e2aff2ce09e|rpc:172.17.0.2:45209|priority:0], old=null
2021-02-05 13:31:49,693 [Thread-817] INFO  impl.FollowerState (FollowerState.java:run(133)) - 9a530726-af8b-4f6c-9588-6c152d944b80@group-CBE835C2428B-FollowerState: change to CANDIDATE, lastRpcElapsedTime:5200656300ns, electionTimeout:5187ms
2021-02-05 13:31:49,693 [Thread-817] INFO  impl.RoleInfo (RoleInfo.java:shutdownFollowerState(108)) - 9a530726-af8b-4f6c-9588-6c152d944b80: shutdown 9a530726-af8b-4f6c-9588-6c152d944b80@group-CBE835C2428B-FollowerState
2021-02-05 13:31:49,693 [Thread-817] INFO  server.RaftServer$Division (RaftServerImpl.java:setRole(284)) - 9a530726-af8b-4f6c-9588-6c152d944b80@group-CBE835C2428B: changes role from  FOLLOWER to CANDIDATE at term 1 for changeToCandidate
2021-02-05 13:31:49,693 [Thread-817] INFO  server.RaftServerConfigKeys (ConfUtils.java:logGet(44)) - raft.server.leaderelection.pre-vote = false (custom)
2021-02-05 13:31:49,693 [Thread-817] INFO  impl.RoleInfo (RoleInfo.java:updateAndGet(130)) - 9a530726-af8b-4f6c-9588-6c152d944b80: start 9a530726-af8b-4f6c-9588-6c152d944b80@group-CBE835C2428B-LeaderElection23
2021-02-05 13:31:49,694 [grpc-default-executor-0] INFO  server.RaftServer$Division (RaftServerImpl.java:requestVote(1025)) - a9448078-34fe-435b-8f34-59bdbb0249c7@group-CBE835C2428B: receive requestVote(ELECTION, a4acbc3e-e00f-4d43-961e-4e2aff2ce09e, group-CBE835C2428B, 1, (t:0, i:0))
2021-02-05 13:31:49,694 [grpc-default-executor-0] INFO  impl.VoteContext (VoteContext.java:log(48)) - a9448078-34fe-435b-8f34-59bdbb0249c7@group-CBE835C2428B-CANDIDATE: reject ELECTION from a4acbc3e-e00f-4d43-961e-4e2aff2ce09e: already has voted for a9448078-34fe-435b-8f34-59bdbb0249c7 at current term 1
2021-02-05 13:31:49,694 [grpc-default-executor-0] INFO  server.RaftServer$Division (RaftServerImpl.java:requestVote(1057)) - a9448078-34fe-435b-8f34-59bdbb0249c7@group-CBE835C2428B replies to ELECTION vote request: a4acbc3e-e00f-4d43-961e-4e2aff2ce09e<-a9448078-34fe-435b-8f34-59bdbb0249c7#0:FAIL-t1. Peer's state: a9448078-34fe-435b-8f34-59bdbb0249c7@group-CBE835C2428B:t1, leader=null, voted=a9448078-34fe-435b-8f34-59bdbb0249c7, raftlog=a9448078-34fe-435b-8f34-59bdbb0249c7@group-CBE835C2428B-SegmentedRaftLog:OPENED:c-1,f-1,i0, conf=-1: [a9448078-34fe-435b-8f34-59bdbb0249c7|rpc:172.17.0.2:33155|priority:1, 9a530726-af8b-4f6c-9588-6c152d944b80|rpc:172.17.0.2:39199|priority:0, a4acbc3e-e00f-4d43-961e-4e2aff2ce09e|rpc:172.17.0.2:45209|priority:0], old=null
2021-02-05 13:31:49,695 [5636fed9-8cb9-4b03-9cef-dc5fa3810e57@group-3BD005778729-LeaderElection22] INFO  server.RaftServer$Division (ServerState.java:setRaftConf(373)) - 5636fed9-8cb9-4b03-9cef-dc5fa3810e57@group-3BD005778729: set configuration 0: [5636fed9-8cb9-4b03-9cef-dc5fa3810e57|rpc:172.17.0.2:46415|admin:|client:|dataStream:|priority:1], old=null
2021-02-05 13:31:49,696 [9a530726-af8b-4f6c-9588-6c152d944b80@group-CBE835C2428B-LeaderElection23] INFO  impl.LeaderElection (LeaderElection.java:askForVotes(307)) - 9a530726-af8b-4f6c-9588-6c152d944b80@group-CBE835C2428B-LeaderElection23 ELECTION round 0: submit vote requests at term 2 for -1: [a9448078-34fe-435b-8f34-59bdbb0249c7|rpc:172.17.0.2:33155|priority:1, 9a530726-af8b-4f6c-9588-6c152d944b80|rpc:172.17.0.2:39199|priority:0, a4acbc3e-e00f-4d43-961e-4e2aff2ce09e|rpc:172.17.0.2:45209|priority:0], old=null
2021-02-05 13:31:49,698 [a9448078-34fe-435b-8f34-59bdbb0249c7@group-CBE835C2428B-LeaderElection21] INFO  impl.LeaderElection (LeaderElection.java:logAndReturn(89)) - a9448078-34fe-435b-8f34-59bdbb0249c7@group-CBE835C2428B-LeaderElection21: ELECTION PASSED received 2 response(s) and 0 exception(s):
2021-02-05 13:31:49,698 [a9448078-34fe-435b-8f34-59bdbb0249c7@group-CBE835C2428B-LeaderElection21] INFO  impl.LeaderElection (LeaderElection.java:logAndReturn(93)) -   Response 0: a9448078-34fe-435b-8f34-59bdbb0249c7<-9a530726-af8b-4f6c-9588-6c152d944b80#0:OK-t1
2021-02-05 13:31:49,698 [a9448078-34fe-435b-8f34-59bdbb0249c7@group-CBE835C2428B-LeaderElection21] INFO  impl.LeaderElection (LeaderElection.java:logAndReturn(93)) -   Response 1: a9448078-34fe-435b-8f34-59bdbb0249c7<-a4acbc3e-e00f-4d43-961e-4e2aff2ce09e#0:FAIL-t1
2021-02-05 13:31:49,699 [a9448078-34fe-435b-8f34-59bdbb0249c7@group-CBE835C2428B-LeaderElection21] INFO  impl.LeaderElection (LeaderElection.java:askForVotes(309)) - a9448078-34fe-435b-8f34-59bdbb0249c7@group-CBE835C2428B-LeaderElection21 ELECTION round 0: result PASSED
2021-02-05 13:31:49,699 [a9448078-34fe-435b-8f34-59bdbb0249c7@group-CBE835C2428B-LeaderElection21] INFO  impl.RoleInfo (RoleInfo.java:shutdownLeaderElection(121)) - a9448078-34fe-435b-8f34-59bdbb0249c7: shutdown a9448078-34fe-435b-8f34-59bdbb0249c7@group-CBE835C2428B-LeaderElection21
2021-02-05 13:31:49,699 [a9448078-34fe-435b-8f34-59bdbb0249c7@group-CBE835C2428B-LeaderElection21] INFO  server.RaftServer$Division (RaftServerImpl.java:setRole(284)) - a9448078-34fe-435b-8f34-59bdbb0249c7@group-CBE835C2428B: changes role from CANDIDATE to LEADER at term 1 for changeToLeader
2021-02-05 13:31:49,699 [a9448078-34fe-435b-8f34-59bdbb0249c7@group-CBE835C2428B-LeaderElection21] INFO  ratis.XceiverServerRatis (XceiverServerRatis.java:handleLeaderChangedNotification(871)) - Leader change notification received for group: group-CBE835C2428B with new leaderId: a9448078-34fe-435b-8f34-59bdbb0249c7
2021-02-05 13:31:49,705 [a4acbc3e-e00f-4d43-961e-4e2aff2ce09e@group-CBE835C2428B-LeaderElection20] INFO  impl.LeaderElection (LeaderElection.java:logAndReturn(89)) - a4acbc3e-e00f-4d43-961e-4e2aff2ce09e@group-CBE835C2428B-LeaderElection20: ELECTION REJECTED received 2 response(s) and 0 exception(s):
2021-02-05 13:31:49,705 [a4acbc3e-e00f-4d43-961e-4e2aff2ce09e@group-CBE835C2428B-LeaderElection20] INFO  impl.LeaderElection (LeaderElection.java:logAndReturn(93)) -   Response 0: a4acbc3e-e00f-4d43-961e-4e2aff2ce09e<-a9448078-34fe-435b-8f34-59bdbb0249c7#0:FAIL-t1
2021-02-05 13:31:49,705 [a4acbc3e-e00f-4d43-961e-4e2aff2ce09e@group-CBE835C2428B-LeaderElection20] INFO  impl.LeaderElection (LeaderElection.java:logAndReturn(93)) -   Response 1: a4acbc3e-e00f-4d43-961e-4e2aff2ce09e<-9a530726-af8b-4f6c-9588-6c152d944b80#0:FAIL-t1
2021-02-05 13:31:49,705 [a4acbc3e-e00f-4d43-961e-4e2aff2ce09e@group-CBE835C2428B-LeaderElection20] INFO  impl.LeaderElection (LeaderElection.java:askForVotes(309)) - a4acbc3e-e00f-4d43-961e-4e2aff2ce09e@group-CBE835C2428B-LeaderElection20 ELECTION round 0: result REJECTED
2021-02-05 13:31:49,705 [a4acbc3e-e00f-4d43-961e-4e2aff2ce09e@group-CBE835C2428B-LeaderElection20] INFO  server.RaftServer$Division (RaftServerImpl.java:setRole(284)) - a4acbc3e-e00f-4d43-961e-4e2aff2ce09e@group-CBE835C2428B: changes role from CANDIDATE to FOLLOWER at term 1 for REJECTED
2021-02-05 13:31:49,706 [a4acbc3e-e00f-4d43-961e-4e2aff2ce09e@group-CBE835C2428B-LeaderElection20] INFO  impl.RoleInfo (RoleInfo.java:shutdownLeaderElection(121)) - a4acbc3e-e00f-4d43-961e-4e2aff2ce09e: shutdown a4acbc3e-e00f-4d43-961e-4e2aff2ce09e@group-CBE835C2428B-LeaderElection20
2021-02-05 13:31:49,706 [a4acbc3e-e00f-4d43-961e-4e2aff2ce09e@group-CBE835C2428B-LeaderElection20] INFO  impl.RoleInfo (RoleInfo.java:updateAndGet(130)) - a4acbc3e-e00f-4d43-961e-4e2aff2ce09e: start a4acbc3e-e00f-4d43-961e-4e2aff2ce09e@group-CBE835C2428B-FollowerState
2021-02-05 13:31:49,706 [a9448078-34fe-435b-8f34-59bdbb0249c7@group-CBE835C2428B-LeaderElection21] INFO  server.RaftServer$Division (ServerState.java:setLeader(271)) - a9448078-34fe-435b-8f34-59bdbb0249c7@group-CBE835C2428B: change Leader from null to a9448078-34fe-435b-8f34-59bdbb0249c7 at term 1 for becomeLeader, leader elected after 5227ms
2021-02-05 13:31:49,706 [a9448078-34fe-435b-8f34-59bdbb0249c7@group-CBE835C2428B-LeaderElection21] INFO  server.RaftServerConfigKeys (ConfUtils.java:logGet(44)) - raft.server.staging.catchup.gap = 1000 (default)
2021-02-05 13:31:49,706 [a9448078-34fe-435b-8f34-59bdbb0249c7@group-CBE835C2428B-LeaderElection21] INFO  metrics.RatisMetrics (RatisMetrics.java:lambda$create$0(36)) - Creating Metrics Registry : ratis.log_appender.a9448078-34fe-435b-8f34-59bdbb0249c7@group-CBE835C2428B
2021-02-05 13:31:49,706 [a9448078-34fe-435b-8f34-59bdbb0249c7@group-CBE835C2428B-LeaderElection21] INFO  server.RaftServerConfigKeys (ConfUtils.java:logGet(44)) - raft.server.write.element-limit = 1024 (custom)
2021-02-05 13:31:49,706 [a9448078-34fe-435b-8f34-59bdbb0249c7@group-CBE835C2428B-LeaderElection21] INFO  server.RaftServerConfigKeys (ConfUtils.java:logGet(44)) - raft.server.write.byte-limit = 1073741824 (custom)
2021-02-05 13:31:49,706 [a9448078-34fe-435b-8f34-59bdbb0249c7@group-CBE835C2428B-LeaderElection21] INFO  server.RaftServerConfigKeys (ConfUtils.java:logGet(44)) - raft.server.watch.timeout = 3000ms (custom)
2021-02-05 13:31:49,706 [a9448078-34fe-435b-8f34-59bdbb0249c7@group-CBE835C2428B-LeaderElection21] INFO  server.RaftServerConfigKeys (ConfUtils.java:logGet(44)) - raft.server.watch.timeout.denomination = 1s (default)
2021-02-05 13:31:49,706 [a9448078-34fe-435b-8f34-59bdbb0249c7@group-CBE835C2428B-LeaderElection21] INFO  server.RaftServerConfigKeys (ConfUtils.java:logGet(44)) - raft.server.watch.element-limit = 65536 (default)
2021-02-05 13:31:49,707 [a9448078-34fe-435b-8f34-59bdbb0249c7@group-CBE835C2428B-LeaderElection21] INFO  server.RaftServerConfigKeys (ConfUtils.java:logGet(44)) - raft.server.log.appender.snapshot.chunk.size.max = 16MB (=16777216) (default)
2021-02-05 13:31:49,707 [a9448078-34fe-435b-8f34-59bdbb0249c7@group-CBE835C2428B-LeaderElection21] INFO  server.RaftServerConfigKeys (ConfUtils.java:logGet(44)) - raft.server.log.appender.buffer.byte-limit = 33554432 (custom)
2021-02-05 13:31:49,707 [a9448078-34fe-435b-8f34-59bdbb0249c7@group-CBE835C2428B-LeaderElection21] INFO  server.RaftServerConfigKeys (ConfUtils.java:logGet(44)) - raft.server.log.appender.buffer.element-limit = 1 (custom)
2021-02-05 13:31:49,707 [a9448078-34fe-435b-8f34-59bdbb0249c7@group-CBE835C2428B-LeaderElection21] INFO  grpc.GrpcConfigKeys (ConfUtils.java:logGet(44)) - raft.grpc.server.leader.outstanding.appends.max = 128 (default)
2021-02-05 13:31:49,707 [a9448078-34fe-435b-8f34-59bdbb0249c7@group-CBE835C2428B-LeaderElection21] INFO  server.RaftServerConfigKeys (ConfUtils.java:logGet(44)) - raft.server.rpc.request.timeout = 3000ms (default)
2021-02-05 13:31:49,707 [a9448078-34fe-435b-8f34-59bdbb0249c7@group-CBE835C2428B-LeaderElection21] INFO  server.RaftServerConfigKeys (ConfUtils.java:logGet(44)) - raft.server.log.appender.install.snapshot.enabled = false (custom)
2021-02-05 13:31:49,707 [a9448078-34fe-435b-8f34-59bdbb0249c7@group-CBE835C2428B-LeaderElection21] INFO  metrics.RatisMetrics (RatisMetrics.java:lambda$create$0(36)) - Creating Metrics Registry : ratis_grpc.log_appender.a9448078-34fe-435b-8f34-59bdbb0249c7@group-CBE835C2428B
2021-02-05 13:31:49,708 [a9448078-34fe-435b-8f34-59bdbb0249c7@group-CBE835C2428B-LeaderElection21] INFO  server.RaftServerConfigKeys (ConfUtils.java:logGet(44)) - raft.server.log.appender.snapshot.chunk.size.max = 16MB (=16777216) (default)
2021-02-05 13:31:49,708 [a9448078-34fe-435b-8f34-59bdbb0249c7@group-CBE835C2428B-LeaderElection21] INFO  server.RaftServerConfigKeys (ConfUtils.java:logGet(44)) - raft.server.log.appender.buffer.byte-limit = 33554432 (custom)
2021-02-05 13:31:49,708 [a9448078-34fe-435b-8f34-59bdbb0249c7@group-CBE835C2428B-LeaderElection21] INFO  server.RaftServerConfigKeys (ConfUtils.java:logGet(44)) - raft.server.log.appender.buffer.element-limit = 1 (custom)
2021-02-05 13:31:49,708 [a9448078-34fe-435b-8f34-59bdbb0249c7@group-CBE835C2428B-LeaderElection21] INFO  grpc.GrpcConfigKeys (ConfUtils.java:logGet(44)) - raft.grpc.server.leader.outstanding.appends.max = 128 (default)
2021-02-05 13:31:49,708 [a9448078-34fe-435b-8f34-59bdbb0249c7@group-CBE835C2428B-LeaderElection21] INFO  server.RaftServerConfigKeys (ConfUtils.java:logGet(44)) - raft.server.rpc.request.timeout = 3000ms (default)
2021-02-05 13:31:49,708 [a9448078-34fe-435b-8f34-59bdbb0249c7@group-CBE835C2428B-LeaderElection21] INFO  server.RaftServerConfigKeys (ConfUtils.java:logGet(44)) - raft.server.log.appender.install.snapshot.enabled = false (custom)
2021-02-05 13:31:49,709 [EventQueue-PipelineReportForOneReplicaPipelineSafeModeRule] INFO  safemode.SCMSafeModeManager (SCMSafeModeManager.java:validateSafeModeExitRules(214)) - AtleastOneDatanodeReportedRule rule is successfully validated
2021-02-05 13:31:49,709 [EventQueue-PipelineReportForPipelineReportHandler] INFO  pipeline.PipelineStateManager (PipelineStateManager.java:openPipeline(132)) - Pipeline Pipeline[ Id: 0212408e-bf39-46ba-be38-cbe835c2428b, Nodes: a9448078-34fe-435b-8f34-59bdbb0249c7{ip: 172.17.0.2, host: c72a3e6d1148, ports: [REPLICATION=38151, RATIS=33155, STANDALONE=42513], networkLocation: /default-rack, certSerialId: null, persistedOpState: IN_SERVICE, persistedOpStateExpiryEpochSec: 0}a4acbc3e-e00f-4d43-961e-4e2aff2ce09e{ip: 172.17.0.2, host: c72a3e6d1148, ports: [REPLICATION=36003, RATIS=45209, STANDALONE=40147], networkLocation: /default-rack, certSerialId: null, persistedOpState: IN_SERVICE, persistedOpStateExpiryEpochSec: 0}9a530726-af8b-4f6c-9588-6c152d944b80{ip: 172.17.0.2, host: c72a3e6d1148, ports: [REPLICATION=41095, RATIS=39199, STANDALONE=43691], networkLocation: /default-rack, certSerialId: null, persistedOpState: IN_SERVICE, persistedOpStateExpiryEpochSec: 0}, Type:RATIS, Factor:THREE, State:ALLOCATED, leaderId:a9448078-34fe-435b-8f34-59bdbb0249c7, CreationTimestamp2021-02-05T13:31:41.432Z] moved to OPEN state
2021-02-05 13:31:49,710 [Thread-833] INFO  impl.FollowerState (FollowerState.java:run(133)) - 5636fed9-8cb9-4b03-9cef-dc5fa3810e57@group-1F920D138C37-FollowerState: change to CANDIDATE, lastRpcElapsedTime:5047224626ns, electionTimeout:5046ms
2021-02-05 13:31:49,710 [EventQueue-OpenPipelineForHealthyPipelineSafeModeRule] INFO  safemode.SCMSafeModeManager (HealthyPipelineSafeModeRule.java:process(128)) - SCM in safe mode. Healthy pipelines reported count is 1, required healthy pipeline reported count is 1
2021-02-05 13:31:49,710 [EventQueue-OpenPipelineForHealthyPipelineSafeModeRule] INFO  safemode.SCMSafeModeManager (SCMSafeModeManager.java:validateSafeModeExitRules(214)) - HealthyPipelineSafeModeRule rule is successfully validated
2021-02-05 13:31:49,710 [EventQueue-OpenPipelineForHealthyPipelineSafeModeRule] INFO  safemode.SCMSafeModeManager (SCMSafeModeManager.java:validateSafeModeExitRules(228)) - ScmSafeModeManager, all rules are successfully validated
2021-02-05 13:31:49,710 [EventQueue-OpenPipelineForHealthyPipelineSafeModeRule] INFO  safemode.SCMSafeModeManager (SCMSafeModeManager.java:exitSafeMode(257)) - SCM exiting safe mode.
2021-02-05 13:31:49,722 [grpc-default-executor-2] INFO  server.RaftServer$Division (RaftServerImpl.java:requestVote(1025)) - a9448078-34fe-435b-8f34-59bdbb0249c7@group-CBE835C2428B: receive requestVote(ELECTION, 9a530726-af8b-4f6c-9588-6c152d944b80, group-CBE835C2428B, 2, (t:0, i:0))
2021-02-05 13:31:49,722 [Thread-833] INFO  impl.RoleInfo (RoleInfo.java:shutdownFollowerState(108)) - 5636fed9-8cb9-4b03-9cef-dc5fa3810e57: shutdown 5636fed9-8cb9-4b03-9cef-dc5fa3810e57@group-1F920D138C37-FollowerState
2021-02-05 13:31:49,722 [Thread-833] INFO  server.RaftServer$Division (RaftServerImpl.java:setRole(284)) - 5636fed9-8cb9-4b03-9cef-dc5fa3810e57@group-1F920D138C37: changes role from  FOLLOWER to CANDIDATE at term 0 for changeToCandidate
2021-02-05 13:31:49,722 [Thread-833] INFO  server.RaftServerConfigKeys (ConfUtils.java:logGet(44)) - raft.server.leaderelection.pre-vote = false (custom)
2021-02-05 13:31:49,722 [Thread-833] INFO  impl.RoleInfo (RoleInfo.java:updateAndGet(130)) - 5636fed9-8cb9-4b03-9cef-dc5fa3810e57: start 5636fed9-8cb9-4b03-9cef-dc5fa3810e57@group-1F920D138C37-LeaderElection24
2021-02-05 13:31:49,728 [Listener at 127.0.0.1/37659] INFO  ozone.MiniOzoneClusterImpl (MiniOzoneClusterImpl.java:lambda$waitForClusterToBeReady$0(179)) - Nodes are ready. Got 9 of 9 DN Heartbeats.
2021-02-05 13:31:49,728 [Listener at 127.0.0.1/37659] INFO  ozone.MiniOzoneClusterImpl (MiniOzoneClusterImpl.java:lambda$waitForClusterToBeReady$0(182)) - Cluster exits safe mode
2021-02-05 13:31:49,729 [a9448078-34fe-435b-8f34-59bdbb0249c7@group-CBE835C2428B-LeaderElection21] INFO  impl.RoleInfo (RoleInfo.java:updateAndGet(130)) - a9448078-34fe-435b-8f34-59bdbb0249c7: start a9448078-34fe-435b-8f34-59bdbb0249c7@group-CBE835C2428B-LeaderStateImpl
2021-02-05 13:31:49,729 [a9448078-34fe-435b-8f34-59bdbb0249c7@group-CBE835C2428B-LeaderElection21] INFO  segmented.SegmentedRaftLogWorker (SegmentedRaftLogWorker.java:startLogSegment(392)) - a9448078-34fe-435b-8f34-59bdbb0249c7@group-CBE835C2428B-SegmentedRaftLogWorker: Starting segment from index:0
2021-02-05 13:31:49,733 [grpc-default-executor-0] INFO  server.RaftServer$Division (RaftServerImpl.java:requestVote(1025)) - a4acbc3e-e00f-4d43-961e-4e2aff2ce09e@group-CBE835C2428B: receive requestVote(ELECTION, 9a530726-af8b-4f6c-9588-6c152d944b80, group-CBE835C2428B, 2, (t:0, i:0))
2021-02-05 13:31:49,733 [grpc-default-executor-0] INFO  impl.VoteContext (VoteContext.java:log(48)) - a4acbc3e-e00f-4d43-961e-4e2aff2ce09e@group-CBE835C2428B-FOLLOWER: accept ELECTION from 9a530726-af8b-4f6c-9588-6c152d944b80: our priority 0 <= candidate's priority 0
2021-02-05 13:31:49,733 [grpc-default-executor-0] INFO  server.RaftServer$Division (RaftServerImpl.java:setRole(284)) - a4acbc3e-e00f-4d43-961e-4e2aff2ce09e@group-CBE835C2428B: changes role from  FOLLOWER to FOLLOWER at term 2 for candidate:9a530726-af8b-4f6c-9588-6c152d944b80
2021-02-05 13:31:49,733 [grpc-default-executor-0] INFO  impl.RoleInfo (RoleInfo.java:shutdownFollowerState(108)) - a4acbc3e-e00f-4d43-961e-4e2aff2ce09e: shutdown a4acbc3e-e00f-4d43-961e-4e2aff2ce09e@group-CBE835C2428B-FollowerState
2021-02-05 13:31:49,734 [a9448078-34fe-435b-8f34-59bdbb0249c7@group-CBE835C2428B-LeaderElection21] INFO  server.RaftServer$Division (ServerState.java:setRaftConf(373)) - a9448078-34fe-435b-8f34-59bdbb0249c7@group-CBE835C2428B: set configuration 0: [a9448078-34fe-435b-8f34-59bdbb0249c7|rpc:172.17.0.2:33155|admin:|client:|dataStream:|priority:1, 9a530726-af8b-4f6c-9588-6c152d944b80|rpc:172.17.0.2:39199|admin:|client:|dataStream:|priority:0, a4acbc3e-e00f-4d43-961e-4e2aff2ce09e|rpc:172.17.0.2:45209|admin:|client:|dataStream:|priority:0], old=null
2021-02-05 13:31:49,734 [a9448078-34fe-435b-8f34-59bdbb0249c7@group-CBE835C2428B-SegmentedRaftLogWorker] INFO  segmented.SegmentedRaftLogWorker (SegmentedRaftLogWorker.java:execute(599)) - a9448078-34fe-435b-8f34-59bdbb0249c7@group-CBE835C2428B-SegmentedRaftLogWorker: created new log segment /github/workspace/mnt/ozone/hadoop-ozone/integration-test/target/test-dir/MiniOzoneClusterImpl-a92b2b3a-f9aa-4539-be01-238306fe77bb/datanode-0/data/ratis/0212408e-bf39-46ba-be38-cbe835c2428b/current/log_inprogress_0
2021-02-05 13:31:49,737 [grpc-default-executor-0] INFO  impl.RoleInfo (RoleInfo.java:updateAndGet(130)) - a4acbc3e-e00f-4d43-961e-4e2aff2ce09e: start a4acbc3e-e00f-4d43-961e-4e2aff2ce09e@group-CBE835C2428B-FollowerState
2021-02-05 13:31:49,737 [Thread-876] INFO  impl.FollowerState (FollowerState.java:run(142)) - a4acbc3e-e00f-4d43-961e-4e2aff2ce09e@group-CBE835C2428B-FollowerState was interrupted: {}
java.lang.InterruptedException: sleep interrupted
	at java.lang.Thread.sleep(Native Method)
	at java.lang.Thread.sleep(Thread.java:340)
	at java.util.concurrent.TimeUnit.sleep(TimeUnit.java:386)
	at org.apache.ratis.util.TimeDuration.sleep(TimeDuration.java:324)
	at org.apache.ratis.util.TimeDuration.sleep(TimeDuration.java:309)
	at org.apache.ratis.server.impl.FollowerState.run(FollowerState.java:117)
2021-02-05 13:31:49,737 [Thread-835] INFO  impl.FollowerState (FollowerState.java:run(133)) - 2ede91c2-32fe-4bb4-920b-e41603f7020f@group-1F920D138C37-FollowerState: change to CANDIDATE, lastRpcElapsedTime:5055200645ns, electionTimeout:5052ms
2021-02-05 13:31:49,738 [Thread-835] INFO  impl.RoleInfo (RoleInfo.java:shutdownFollowerState(108)) - 2ede91c2-32fe-4bb4-920b-e41603f7020f: shutdown 2ede91c2-32fe-4bb4-920b-e41603f7020f@group-1F920D138C37-FollowerState
2021-02-05 13:31:49,738 [Thread-835] INFO  server.RaftServer$Division (RaftServerImpl.java:setRole(284)) - 2ede91c2-32fe-4bb4-920b-e41603f7020f@group-1F920D138C37: changes role from  FOLLOWER to CANDIDATE at term 0 for changeToCandidate
2021-02-05 13:31:49,738 [5636fed9-8cb9-4b03-9cef-dc5fa3810e57@group-1F920D138C37-LeaderElection24] INFO  impl.LeaderElection (LeaderElection.java:askForVotes(307)) - 5636fed9-8cb9-4b03-9cef-dc5fa3810e57@group-1F920D138C37-LeaderElection24 ELECTION round 0: submit vote requests at term 1 for -1: [2ede91c2-32fe-4bb4-920b-e41603f7020f|rpc:172.17.0.2:41897|priority:1, 642d0014-1bde-428b-b06d-30c9ab67a786|rpc:172.17.0.2:39473|priority:0, 5636fed9-8cb9-4b03-9cef-dc5fa3810e57|rpc:172.17.0.2:46415|priority:0], old=null
2021-02-05 13:31:49,739 [grpc-default-executor-0] INFO  server.RaftServer$Division (RaftServerImpl.java:requestVote(1057)) - a4acbc3e-e00f-4d43-961e-4e2aff2ce09e@group-CBE835C2428B replies to ELECTION vote request: 9a530726-af8b-4f6c-9588-6c152d944b80<-a4acbc3e-e00f-4d43-961e-4e2aff2ce09e#0:OK-t2. Peer's state: a4acbc3e-e00f-4d43-961e-4e2aff2ce09e@group-CBE835C2428B:t2, leader=null, voted=9a530726-af8b-4f6c-9588-6c152d944b80, raftlog=a4acbc3e-e00f-4d43-961e-4e2aff2ce09e@group-CBE835C2428B-SegmentedRaftLog:OPENED:c-1,f-1,i0, conf=-1: [a9448078-34fe-435b-8f34-59bdbb0249c7|rpc:172.17.0.2:33155|priority:1, 9a530726-af8b-4f6c-9588-6c152d944b80|rpc:172.17.0.2:39199|priority:0, a4acbc3e-e00f-4d43-961e-4e2aff2ce09e|rpc:172.17.0.2:45209|priority:0], old=null
2021-02-05 13:31:49,742 [Thread-835] INFO  server.RaftServerConfigKeys (ConfUtils.java:logGet(44)) - raft.server.leaderelection.pre-vote = false (custom)
2021-02-05 13:31:49,742 [Thread-835] INFO  impl.RoleInfo (RoleInfo.java:updateAndGet(130)) - 2ede91c2-32fe-4bb4-920b-e41603f7020f: start 2ede91c2-32fe-4bb4-920b-e41603f7020f@group-1F920D138C37-LeaderElection25
2021-02-05 13:31:49,755 [Listener at 127.0.0.1/37659] INFO  rpc.RpcClient (RpcClient.java:createVolume(277)) - Creating Volume: watchforcommithandlingtest, with jenkins1001 as owner and space quota set to -1 bytes, counts quota set to -1
2021-02-05 13:31:49,762 [grpc-default-executor-2] INFO  impl.VoteContext (VoteContext.java:log(48)) - a9448078-34fe-435b-8f34-59bdbb0249c7@group-CBE835C2428B-LEADER: reject ELECTION from 9a530726-af8b-4f6c-9588-6c152d944b80: our last entry (t:1, i:0) > candidate's last entry (t:0, i:0)
2021-02-05 13:31:49,762 [grpc-default-executor-2] INFO  server.RaftServer$Division (ServerState.java:setLeader(271)) - a9448078-34fe-435b-8f34-59bdbb0249c7@group-CBE835C2428B: change Leader from a9448078-34fe-435b-8f34-59bdbb0249c7 to null at term 2 for updateCurrentTerm
2021-02-05 13:31:49,762 [grpc-default-executor-2] INFO  server.RaftServer$Division (RaftServerImpl.java:setRole(284)) - a9448078-34fe-435b-8f34-59bdbb0249c7@group-CBE835C2428B: changes role from    LEADER to FOLLOWER at term 2 for candidate:9a530726-af8b-4f6c-9588-6c152d944b80
2021-02-05 13:31:49,762 [grpc-default-executor-2] INFO  impl.RoleInfo (RoleInfo.java:shutdownLeaderState(91)) - a9448078-34fe-435b-8f34-59bdbb0249c7: shutdown a9448078-34fe-435b-8f34-59bdbb0249c7@group-CBE835C2428B-LeaderStateImpl
2021-02-05 13:31:49,762 [grpc-default-executor-2] INFO  metrics.RatisMetrics (RatisMetrics.java:unregister(43)) - Unregistering Metrics Registry : ratis_grpc.log_appender.a9448078-34fe-435b-8f34-59bdbb0249c7@group-CBE835C2428B
2021-02-05 13:31:49,769 [grpc-default-executor-2] INFO  metrics.RatisMetrics (RatisMetrics.java:unregister(43)) - Unregistering Metrics Registry : ratis_grpc.log_appender.a9448078-34fe-435b-8f34-59bdbb0249c7@group-CBE835C2428B
2021-02-05 13:31:49,769 [grpc-default-executor-2] INFO  impl.PendingRequests (PendingRequests.java:sendNotLeaderResponses(249)) - a9448078-34fe-435b-8f34-59bdbb0249c7@group-CBE835C2428B-PendingRequests: sendNotLeaderResponses
2021-02-05 13:31:49,771 [grpc-default-executor-3] INFO  server.RaftServer$Division (RaftServerImpl.java:requestVote(1025)) - 2ede91c2-32fe-4bb4-920b-e41603f7020f@group-1F920D138C37: receive requestVote(ELECTION, 5636fed9-8cb9-4b03-9cef-dc5fa3810e57, group-1F920D138C37, 1, (t:0, i:0))
2021-02-05 13:31:49,771 [grpc-default-executor-2] INFO  metrics.RatisMetrics (RatisMetrics.java:unregister(43)) - Unregistering Metrics Registry : ratis.log_appender.a9448078-34fe-435b-8f34-59bdbb0249c7@group-CBE835C2428B
2021-02-05 13:31:49,771 [grpc-default-executor-2] INFO  metrics.RatisMetrics (RatisMetrics.java:unregister(43)) - Unregistering Metrics Registry : ratis.server.a9448078-34fe-435b-8f34-59bdbb0249c7@group-CBE835C2428B
2021-02-05 13:31:49,772 [2ede91c2-32fe-4bb4-920b-e41603f7020f@group-1F920D138C37-LeaderElection25] INFO  impl.LeaderElection (LeaderElection.java:askForVotes(307)) - 2ede91c2-32fe-4bb4-920b-e41603f7020f@group-1F920D138C37-LeaderElection25 ELECTION round 0: submit vote requests at term 1 for -1: [2ede91c2-32fe-4bb4-920b-e41603f7020f|rpc:172.17.0.2:41897|admin:|client:|dataStream:|priority:1, 642d0014-1bde-428b-b06d-30c9ab67a786|rpc:172.17.0.2:39473|admin:|client:|dataStream:|priority:0, 5636fed9-8cb9-4b03-9cef-dc5fa3810e57|rpc:172.17.0.2:46415|admin:|client:|dataStream:|priority:0], old=null
2021-02-05 13:31:49,772 [grpc-default-executor-2] INFO  impl.RoleInfo (RoleInfo.java:updateAndGet(130)) - a9448078-34fe-435b-8f34-59bdbb0249c7: start a9448078-34fe-435b-8f34-59bdbb0249c7@group-CBE835C2428B-FollowerState
2021-02-05 13:31:49,772 [grpc-default-executor-3] INFO  impl.VoteContext (VoteContext.java:log(48)) - 2ede91c2-32fe-4bb4-920b-e41603f7020f@group-1F920D138C37-CANDIDATE: reject ELECTION from 5636fed9-8cb9-4b03-9cef-dc5fa3810e57: already has voted for 2ede91c2-32fe-4bb4-920b-e41603f7020f at current term 1
2021-02-05 13:31:49,772 [grpc-default-executor-3] INFO  server.RaftServer$Division (RaftServerImpl.java:requestVote(1057)) - 2ede91c2-32fe-4bb4-920b-e41603f7020f@group-1F920D138C37 replies to ELECTION vote request: 5636fed9-8cb9-4b03-9cef-dc5fa3810e57<-2ede91c2-32fe-4bb4-920b-e41603f7020f#0:FAIL-t1. Peer's state: 2ede91c2-32fe-4bb4-920b-e41603f7020f@group-1F920D138C37:t1, leader=null, voted=2ede91c2-32fe-4bb4-920b-e41603f7020f, raftlog=2ede91c2-32fe-4bb4-920b-e41603f7020f@group-1F920D138C37-SegmentedRaftLog:OPENED:c-1,f-1,i0, conf=-1: [2ede91c2-32fe-4bb4-920b-e41603f7020f|rpc:172.17.0.2:41897|admin:|client:|dataStream:|priority:1, 642d0014-1bde-428b-b06d-30c9ab67a786|rpc:172.17.0.2:39473|admin:|client:|dataStream:|priority:0, 5636fed9-8cb9-4b03-9cef-dc5fa3810e57|rpc:172.17.0.2:46415|admin:|client:|dataStream:|priority:0], old=null
2021-02-05 13:31:49,779 [a9448078-34fe-435b-8f34-59bdbb0249c7@group-CBE835C2428B->a4acbc3e-e00f-4d43-961e-4e2aff2ce09e-GrpcLogAppender-LogAppenderDaemon] WARN  server.GrpcLogAppender (GrpcLogAppender.java:mayWait(175)) - a9448078-34fe-435b-8f34-59bdbb0249c7@group-CBE835C2428B->a4acbc3e-e00f-4d43-961e-4e2aff2ce09e-GrpcLogAppender: Wait interrupted by java.lang.InterruptedException
2021-02-05 13:31:49,777 [OM StateMachine ApplyTransaction Thread - 0] INFO  volume.OMVolumeCreateRequest (OMVolumeCreateRequest.java:validateAndUpdateCache(196)) - created volume:watchforcommithandlingtest for user:jenkins1001
2021-02-05 13:31:49,787 [grpc-default-executor-4] INFO  server.GrpcServerProtocolService (GrpcServerProtocolService.java:onCompleted(138)) - 9a530726-af8b-4f6c-9588-6c152d944b80: Completed APPEND_ENTRIES, lastRequest: a9448078-34fe-435b-8f34-59bdbb0249c7->9a530726-af8b-4f6c-9588-6c152d944b80#1-t1,previous=(t:0, i:0),leaderCommit=0,initializing? true,entries: size=1, first=(t:1, i:0), CONFIGURATIONENTRY
2021-02-05 13:31:49,787 [5636fed9-8cb9-4b03-9cef-dc5fa3810e57@group-1F920D138C37-LeaderElection24] INFO  impl.LeaderElection (LeaderElection.java:logAndReturn(89)) - 5636fed9-8cb9-4b03-9cef-dc5fa3810e57@group-1F920D138C37-LeaderElection24: ELECTION REJECTED received 1 response(s) and 0 exception(s):
2021-02-05 13:31:49,787 [5636fed9-8cb9-4b03-9cef-dc5fa3810e57@group-1F920D138C37-LeaderElection24] INFO  impl.LeaderElection (LeaderElection.java:logAndReturn(93)) -   Response 0: 5636fed9-8cb9-4b03-9cef-dc5fa3810e57<-2ede91c2-32fe-4bb4-920b-e41603f7020f#0:FAIL-t1
2021-02-05 13:31:49,787 [5636fed9-8cb9-4b03-9cef-dc5fa3810e57@group-1F920D138C37-LeaderElection24] INFO  impl.LeaderElection (LeaderElection.java:askForVotes(309)) - 5636fed9-8cb9-4b03-9cef-dc5fa3810e57@group-1F920D138C37-LeaderElection24 ELECTION round 0: result REJECTED
2021-02-05 13:31:49,787 [5636fed9-8cb9-4b03-9cef-dc5fa3810e57@group-1F920D138C37-LeaderElection24] INFO  server.RaftServer$Division (RaftServerImpl.java:setRole(284)) - 5636fed9-8cb9-4b03-9cef-dc5fa3810e57@group-1F920D138C37: changes role from CANDIDATE to FOLLOWER at term 1 for REJECTED
2021-02-05 13:31:49,787 [5636fed9-8cb9-4b03-9cef-dc5fa3810e57@group-1F920D138C37-LeaderElection24] INFO  impl.RoleInfo (RoleInfo.java:shutdownLeaderElection(121)) - 5636fed9-8cb9-4b03-9cef-dc5fa3810e57: shutdown 5636fed9-8cb9-4b03-9cef-dc5fa3810e57@group-1F920D138C37-LeaderElection24
2021-02-05 13:31:49,787 [5636fed9-8cb9-4b03-9cef-dc5fa3810e57@group-1F920D138C37-LeaderElection24] INFO  impl.RoleInfo (RoleInfo.java:updateAndGet(130)) - 5636fed9-8cb9-4b03-9cef-dc5fa3810e57: start 5636fed9-8cb9-4b03-9cef-dc5fa3810e57@group-1F920D138C37-FollowerState
2021-02-05 13:31:49,789 [grpc-default-executor-2] INFO  server.RaftServer$Division (RaftServerImpl.java:requestVote(1057)) - a9448078-34fe-435b-8f34-59bdbb0249c7@group-CBE835C2428B replies to ELECTION vote request: 9a530726-af8b-4f6c-9588-6c152d944b80<-a9448078-34fe-435b-8f34-59bdbb0249c7#0:FAIL-t2. Peer's state: a9448078-34fe-435b-8f34-59bdbb0249c7@group-CBE835C2428B:t2, leader=null, voted=null, raftlog=a9448078-34fe-435b-8f34-59bdbb0249c7@group-CBE835C2428B-SegmentedRaftLog:OPENED:c0,f0,i0, conf=0: [a9448078-34fe-435b-8f34-59bdbb0249c7|rpc:172.17.0.2:33155|admin:|client:|dataStream:|priority:1, 9a530726-af8b-4f6c-9588-6c152d944b80|rpc:172.17.0.2:39199|admin:|client:|dataStream:|priority:0, a4acbc3e-e00f-4d43-961e-4e2aff2ce09e|rpc:172.17.0.2:45209|admin:|client:|dataStream:|priority:0], old=null
2021-02-05 13:31:49,792 [grpc-default-executor-2] INFO  metrics.RatisMetrics (RatisMetrics.java:lambda$create$0(36)) - Creating Metrics Registry : ratis.server_message_metrics.5636fed9-8cb9-4b03-9cef-dc5fa3810e57
2021-02-05 13:31:49,792 [grpc-default-executor-3] INFO  server.RaftServer$Division (RaftServerImpl.java:requestVote(1025)) - 642d0014-1bde-428b-b06d-30c9ab67a786@group-1F920D138C37: receive requestVote(ELECTION, 5636fed9-8cb9-4b03-9cef-dc5fa3810e57, group-1F920D138C37, 1, (t:0, i:0))
2021-02-05 13:31:49,792 [grpc-default-executor-3] INFO  impl.VoteContext (VoteContext.java:log(48)) - 642d0014-1bde-428b-b06d-30c9ab67a786@group-1F920D138C37-FOLLOWER: accept ELECTION from 5636fed9-8cb9-4b03-9cef-dc5fa3810e57: our priority 0 <= candidate's priority 0
2021-02-05 13:31:49,792 [grpc-default-executor-3] INFO  server.RaftServer$Division (RaftServerImpl.java:setRole(284)) - 642d0014-1bde-428b-b06d-30c9ab67a786@group-1F920D138C37: changes role from  FOLLOWER to FOLLOWER at term 1 for candidate:5636fed9-8cb9-4b03-9cef-dc5fa3810e57
2021-02-05 13:31:49,792 [grpc-default-executor-3] INFO  impl.RoleInfo (RoleInfo.java:shutdownFollowerState(108)) - 642d0014-1bde-428b-b06d-30c9ab67a786: shutdown 642d0014-1bde-428b-b06d-30c9ab67a786@group-1F920D138C37-FollowerState
2021-02-05 13:31:49,792 [grpc-default-executor-3] INFO  impl.RoleInfo (RoleInfo.java:updateAndGet(130)) - 642d0014-1bde-428b-b06d-30c9ab67a786: start 642d0014-1bde-428b-b06d-30c9ab67a786@group-1F920D138C37-FollowerState
2021-02-05 13:31:49,792 [Thread-838] INFO  impl.FollowerState (FollowerState.java:run(142)) - 642d0014-1bde-428b-b06d-30c9ab67a786@group-1F920D138C37-FollowerState was interrupted: {}
java.lang.InterruptedException: sleep interrupted
	at java.lang.Thread.sleep(Native Method)
	at java.lang.Thread.sleep(Thread.java:340)
	at java.util.concurrent.TimeUnit.sleep(TimeUnit.java:386)
	at org.apache.ratis.util.TimeDuration.sleep(TimeDuration.java:324)
	at org.apache.ratis.util.TimeDuration.sleep(TimeDuration.java:309)
	at org.apache.ratis.server.impl.FollowerState.run(FollowerState.java:117)
2021-02-05 13:31:49,792 [grpc-default-executor-4] INFO  server.GrpcServerProtocolService (GrpcServerProtocolService.java:onCompleted(138)) - a4acbc3e-e00f-4d43-961e-4e2aff2ce09e: Completed APPEND_ENTRIES, lastRequest: a9448078-34fe-435b-8f34-59bdbb0249c7->a4acbc3e-e00f-4d43-961e-4e2aff2ce09e#1-t1,previous=(t:0, i:0),leaderCommit=0,initializing? true,entries: size=1, first=(t:1, i:0), CONFIGURATIONENTRY
2021-02-05 13:31:49,798 [9a530726-af8b-4f6c-9588-6c152d944b80@group-CBE835C2428B-LeaderElection23] INFO  impl.LeaderElection (LeaderElection.java:logAndReturn(89)) - 9a530726-af8b-4f6c-9588-6c152d944b80@group-CBE835C2428B-LeaderElection23: ELECTION REJECTED received 2 response(s) and 0 exception(s):
2021-02-05 13:31:49,798 [grpc-default-executor-1] INFO  server.GrpcLogAppender (GrpcLogAppender.java:onCompleted(344)) - a9448078-34fe-435b-8f34-59bdbb0249c7@group-CBE835C2428B->9a530726-af8b-4f6c-9588-6c152d944b80-AppendLogResponseHandler: follower responses appendEntries COMPLETED
2021-02-05 13:31:49,798 [grpc-default-executor-0] INFO  server.GrpcLogAppender (GrpcLogAppender.java:onCompleted(344)) - a9448078-34fe-435b-8f34-59bdbb0249c7@group-CBE835C2428B->a4acbc3e-e00f-4d43-961e-4e2aff2ce09e-AppendLogResponseHandler: follower responses appendEntries COMPLETED
2021-02-05 13:31:49,798 [grpc-default-executor-0] INFO  leader.FollowerInfo (FollowerInfoImpl.java:lambda$new$0(46)) - a9448078-34fe-435b-8f34-59bdbb0249c7@group-CBE835C2428B->a4acbc3e-e00f-4d43-961e-4e2aff2ce09e: nextIndex: updateUnconditionally 1 -> 0
2021-02-05 13:31:49,798 [9a530726-af8b-4f6c-9588-6c152d944b80@group-CBE835C2428B-LeaderElection23] INFO  impl.LeaderElection (LeaderElection.java:logAndReturn(93)) -   Response 0: 9a530726-af8b-4f6c-9588-6c152d944b80<-a9448078-34fe-435b-8f34-59bdbb0249c7#0:FAIL-t2
2021-02-05 13:31:49,798 [9a530726-af8b-4f6c-9588-6c152d944b80@group-CBE835C2428B-LeaderElection23] INFO  impl.LeaderElection (LeaderElection.java:logAndReturn(93)) -   Response 1: 9a530726-af8b-4f6c-9588-6c152d944b80<-a4acbc3e-e00f-4d43-961e-4e2aff2ce09e#0:OK-t2
2021-02-05 13:31:49,798 [grpc-default-executor-2] INFO  server.RaftServer$Division (RaftServerImpl.java:requestVote(1025)) - 5636fed9-8cb9-4b03-9cef-dc5fa3810e57@group-1F920D138C37: receive requestVote(ELECTION, 2ede91c2-32fe-4bb4-920b-e41603f7020f, group-1F920D138C37, 1, (t:0, i:0))
2021-02-05 13:31:49,799 [grpc-default-executor-2] INFO  impl.VoteContext (VoteContext.java:log(48)) - 5636fed9-8cb9-4b03-9cef-dc5fa3810e57@group-1F920D138C37-FOLLOWER: reject ELECTION from 2ede91c2-32fe-4bb4-920b-e41603f7020f: already has voted for 5636fed9-8cb9-4b03-9cef-dc5fa3810e57 at current term 1
2021-02-05 13:31:49,799 [grpc-default-executor-2] INFO  server.RaftServer$Division (RaftServerImpl.java:requestVote(1057)) - 5636fed9-8cb9-4b03-9cef-dc5fa3810e57@group-1F920D138C37 replies to ELECTION vote request: 2ede91c2-32fe-4bb4-920b-e41603f7020f<-5636fed9-8cb9-4b03-9cef-dc5fa3810e57#0:FAIL-t1. Peer's state: 5636fed9-8cb9-4b03-9cef-dc5fa3810e57@group-1F920D138C37:t1, leader=null, voted=5636fed9-8cb9-4b03-9cef-dc5fa3810e57, raftlog=5636fed9-8cb9-4b03-9cef-dc5fa3810e57@group-1F920D138C37-SegmentedRaftLog:OPENED:c-1,f-1,i0, conf=-1: [2ede91c2-32fe-4bb4-920b-e41603f7020f|rpc:172.17.0.2:41897|priority:1, 642d0014-1bde-428b-b06d-30c9ab67a786|rpc:172.17.0.2:39473|priority:0, 5636fed9-8cb9-4b03-9cef-dc5fa3810e57|rpc:172.17.0.2:46415|priority:0], old=null
2021-02-05 13:31:49,798 [grpc-default-executor-1] INFO  leader.FollowerInfo (FollowerInfoImpl.java:lambda$new$0(46)) - a9448078-34fe-435b-8f34-59bdbb0249c7@group-CBE835C2428B->9a530726-af8b-4f6c-9588-6c152d944b80: nextIndex: updateUnconditionally 1 -> 0
2021-02-05 13:31:49,799 [grpc-default-executor-3] INFO  server.RaftServer$Division (RaftServerImpl.java:requestVote(1057)) - 642d0014-1bde-428b-b06d-30c9ab67a786@group-1F920D138C37 replies to ELECTION vote request: 5636fed9-8cb9-4b03-9cef-dc5fa3810e57<-642d0014-1bde-428b-b06d-30c9ab67a786#0:OK-t1. Peer's state: 642d0014-1bde-428b-b06d-30c9ab67a786@group-1F920D138C37:t1, leader=null, voted=5636fed9-8cb9-4b03-9cef-dc5fa3810e57, raftlog=642d0014-1bde-428b-b06d-30c9ab67a786@group-1F920D138C37-SegmentedRaftLog:OPENED:c-1,f-1,i0, conf=-1: [2ede91c2-32fe-4bb4-920b-e41603f7020f|rpc:172.17.0.2:41897|admin:|client:|dataStream:|priority:1, 642d0014-1bde-428b-b06d-30c9ab67a786|rpc:172.17.0.2:39473|admin:|client:|dataStream:|priority:0, 5636fed9-8cb9-4b03-9cef-dc5fa3810e57|rpc:172.17.0.2:46415|admin:|client:|dataStream:|priority:0], old=null
2021-02-05 13:31:49,798 [9a530726-af8b-4f6c-9588-6c152d944b80@group-CBE835C2428B-LeaderElection23] INFO  impl.LeaderElection (LeaderElection.java:askForVotes(309)) - 9a530726-af8b-4f6c-9588-6c152d944b80@group-CBE835C2428B-LeaderElection23 ELECTION round 0: result REJECTED
2021-02-05 13:31:49,799 [9a530726-af8b-4f6c-9588-6c152d944b80@group-CBE835C2428B-LeaderElection23] INFO  server.RaftServer$Division (RaftServerImpl.java:setRole(284)) - 9a530726-af8b-4f6c-9588-6c152d944b80@group-CBE835C2428B: changes role from CANDIDATE to FOLLOWER at term 2 for REJECTED
2021-02-05 13:31:49,799 [9a530726-af8b-4f6c-9588-6c152d944b80@group-CBE835C2428B-LeaderElection23] INFO  impl.RoleInfo (RoleInfo.java:shutdownLeaderElection(121)) - 9a530726-af8b-4f6c-9588-6c152d944b80: shutdown 9a530726-af8b-4f6c-9588-6c152d944b80@group-CBE835C2428B-LeaderElection23
2021-02-05 13:31:49,799 [9a530726-af8b-4f6c-9588-6c152d944b80@group-CBE835C2428B-LeaderElection23] INFO  impl.RoleInfo (RoleInfo.java:updateAndGet(130)) - 9a530726-af8b-4f6c-9588-6c152d944b80: start 9a530726-af8b-4f6c-9588-6c152d944b80@group-CBE835C2428B-FollowerState
2021-02-05 13:31:49,808 [grpc-default-executor-0] INFO  server.RaftServer$Division (RaftServerImpl.java:requestVote(1025)) - 642d0014-1bde-428b-b06d-30c9ab67a786@group-1F920D138C37: receive requestVote(ELECTION, 2ede91c2-32fe-4bb4-920b-e41603f7020f, group-1F920D138C37, 1, (t:0, i:0))
2021-02-05 13:31:49,809 [grpc-default-executor-0] INFO  impl.VoteContext (VoteContext.java:log(48)) - 642d0014-1bde-428b-b06d-30c9ab67a786@group-1F920D138C37-FOLLOWER: reject ELECTION from 2ede91c2-32fe-4bb4-920b-e41603f7020f: already has voted for 5636fed9-8cb9-4b03-9cef-dc5fa3810e57 at current term 1
2021-02-05 13:31:49,809 [grpc-default-executor-0] INFO  server.RaftServer$Division (RaftServerImpl.java:requestVote(1057)) - 642d0014-1bde-428b-b06d-30c9ab67a786@group-1F920D138C37 replies to ELECTION vote request: 2ede91c2-32fe-4bb4-920b-e41603f7020f<-642d0014-1bde-428b-b06d-30c9ab67a786#0:FAIL-t1. Peer's state: 642d0014-1bde-428b-b06d-30c9ab67a786@group-1F920D138C37:t1, leader=null, voted=5636fed9-8cb9-4b03-9cef-dc5fa3810e57, raftlog=642d0014-1bde-428b-b06d-30c9ab67a786@group-1F920D138C37-SegmentedRaftLog:OPENED:c-1,f-1,i0, conf=-1: [2ede91c2-32fe-4bb4-920b-e41603f7020f|rpc:172.17.0.2:41897|admin:|client:|dataStream:|priority:1, 642d0014-1bde-428b-b06d-30c9ab67a786|rpc:172.17.0.2:39473|admin:|client:|dataStream:|priority:0, 5636fed9-8cb9-4b03-9cef-dc5fa3810e57|rpc:172.17.0.2:46415|admin:|client:|dataStream:|priority:0], old=null
2021-02-05 13:31:49,811 [Listener at 127.0.0.1/37659] INFO  rpc.RpcClient (RpcClient.java:createBucket(439)) - Creating Bucket: watchforcommithandlingtest/watchforcommithandlingtest, with Versioning false and Storage Type set to DISK and Encryption set to false 
2021-02-05 13:31:49,813 [2ede91c2-32fe-4bb4-920b-e41603f7020f@group-1F920D138C37-LeaderElection25] INFO  impl.LeaderElection (LeaderElection.java:logAndReturn(89)) - 2ede91c2-32fe-4bb4-920b-e41603f7020f@group-1F920D138C37-LeaderElection25: ELECTION REJECTED received 2 response(s) and 0 exception(s):
2021-02-05 13:31:49,813 [2ede91c2-32fe-4bb4-920b-e41603f7020f@group-1F920D138C37-LeaderElection25] INFO  impl.LeaderElection (LeaderElection.java:logAndReturn(93)) -   Response 0: 2ede91c2-32fe-4bb4-920b-e41603f7020f<-642d0014-1bde-428b-b06d-30c9ab67a786#0:FAIL-t1
2021-02-05 13:31:49,814 [2ede91c2-32fe-4bb4-920b-e41603f7020f@group-1F920D138C37-LeaderElection25] INFO  impl.LeaderElection (LeaderElection.java:logAndReturn(93)) -   Response 1: 2ede91c2-32fe-4bb4-920b-e41603f7020f<-5636fed9-8cb9-4b03-9cef-dc5fa3810e57#0:FAIL-t1
2021-02-05 13:31:49,814 [2ede91c2-32fe-4bb4-920b-e41603f7020f@group-1F920D138C37-LeaderElection25] INFO  impl.LeaderElection (LeaderElection.java:askForVotes(309)) - 2ede91c2-32fe-4bb4-920b-e41603f7020f@group-1F920D138C37-LeaderElection25 ELECTION round 0: result REJECTED
2021-02-05 13:31:49,814 [2ede91c2-32fe-4bb4-920b-e41603f7020f@group-1F920D138C37-LeaderElection25] INFO  server.RaftServer$Division (RaftServerImpl.java:setRole(284)) - 2ede91c2-32fe-4bb4-920b-e41603f7020f@group-1F920D138C37: changes role from CANDIDATE to FOLLOWER at term 1 for REJECTED
2021-02-05 13:31:49,814 [2ede91c2-32fe-4bb4-920b-e41603f7020f@group-1F920D138C37-LeaderElection25] INFO  impl.RoleInfo (RoleInfo.java:shutdownLeaderElection(121)) - 2ede91c2-32fe-4bb4-920b-e41603f7020f: shutdown 2ede91c2-32fe-4bb4-920b-e41603f7020f@group-1F920D138C37-LeaderElection25
2021-02-05 13:31:49,814 [2ede91c2-32fe-4bb4-920b-e41603f7020f@group-1F920D138C37-LeaderElection25] INFO  impl.RoleInfo (RoleInfo.java:updateAndGet(130)) - 2ede91c2-32fe-4bb4-920b-e41603f7020f: start 2ede91c2-32fe-4bb4-920b-e41603f7020f@group-1F920D138C37-FollowerState
2021-02-05 13:31:49,820 [Listener at 127.0.0.1/37659] INFO  ozone.MiniOzoneClusterImpl (MiniOzoneClusterImpl.java:getStorageContainerLocationClient(291)) - Creating StorageContainerLocationProtocol RPC client with address /0.0.0.0:40735
2021-02-05 13:31:49,834 [Listener at 127.0.0.1/37659] INFO  metrics.RatisMetrics (RatisMetrics.java:lambda$create$0(36)) - Creating Metrics Registry : ratis.client_message_metrics.client-E66D8F9D9615->a9448078-34fe-435b-8f34-59bdbb0249c7
2021-02-05 13:31:49,881 [Thread-841] INFO  impl.FollowerState (FollowerState.java:run(133)) - 2ede91c2-32fe-4bb4-920b-e41603f7020f@group-6C9D51B834BF-FollowerState: change to CANDIDATE, lastRpcElapsedTime:5055291346ns, electionTimeout:5055ms
2021-02-05 13:31:49,881 [Thread-841] INFO  impl.RoleInfo (RoleInfo.java:shutdownFollowerState(108)) - 2ede91c2-32fe-4bb4-920b-e41603f7020f: shutdown 2ede91c2-32fe-4bb4-920b-e41603f7020f@group-6C9D51B834BF-FollowerState
2021-02-05 13:31:49,881 [Thread-841] INFO  server.RaftServer$Division (RaftServerImpl.java:setRole(284)) - 2ede91c2-32fe-4bb4-920b-e41603f7020f@group-6C9D51B834BF: changes role from  FOLLOWER to CANDIDATE at term 0 for changeToCandidate
2021-02-05 13:31:49,881 [Thread-841] INFO  server.RaftServerConfigKeys (ConfUtils.java:logGet(44)) - raft.server.leaderelection.pre-vote = false (custom)
2021-02-05 13:31:49,881 [Thread-841] INFO  impl.RoleInfo (RoleInfo.java:updateAndGet(130)) - 2ede91c2-32fe-4bb4-920b-e41603f7020f: start 2ede91c2-32fe-4bb4-920b-e41603f7020f@group-6C9D51B834BF-LeaderElection26
2021-02-05 13:31:49,884 [2ede91c2-32fe-4bb4-920b-e41603f7020f@group-6C9D51B834BF-LeaderElection26] INFO  impl.LeaderElection (LeaderElection.java:askForVotes(307)) - 2ede91c2-32fe-4bb4-920b-e41603f7020f@group-6C9D51B834BF-LeaderElection26 ELECTION round 0: submit vote requests at term 1 for -1: [2ede91c2-32fe-4bb4-920b-e41603f7020f|rpc:172.17.0.2:41897|priority:1], old=null
2021-02-05 13:31:49,884 [2ede91c2-32fe-4bb4-920b-e41603f7020f@group-6C9D51B834BF-LeaderElection26] INFO  impl.LeaderElection (LeaderElection.java:askForVotes(309)) - 2ede91c2-32fe-4bb4-920b-e41603f7020f@group-6C9D51B834BF-LeaderElection26 ELECTION round 0: result PASSED (term=1)
2021-02-05 13:31:49,884 [2ede91c2-32fe-4bb4-920b-e41603f7020f@group-6C9D51B834BF-LeaderElection26] INFO  impl.RoleInfo (RoleInfo.java:shutdownLeaderElection(121)) - 2ede91c2-32fe-4bb4-920b-e41603f7020f: shutdown 2ede91c2-32fe-4bb4-920b-e41603f7020f@group-6C9D51B834BF-LeaderElection26
2021-02-05 13:31:49,884 [2ede91c2-32fe-4bb4-920b-e41603f7020f@group-6C9D51B834BF-LeaderElection26] INFO  server.RaftServer$Division (RaftServerImpl.java:setRole(284)) - 2ede91c2-32fe-4bb4-920b-e41603f7020f@group-6C9D51B834BF: changes role from CANDIDATE to LEADER at term 1 for changeToLeader
2021-02-05 13:31:49,884 [2ede91c2-32fe-4bb4-920b-e41603f7020f@group-6C9D51B834BF-LeaderElection26] INFO  ratis.XceiverServerRatis (XceiverServerRatis.java:handleLeaderChangedNotification(871)) - Leader change notification received for group: group-6C9D51B834BF with new leaderId: 2ede91c2-32fe-4bb4-920b-e41603f7020f
2021-02-05 13:31:49,885 [2ede91c2-32fe-4bb4-920b-e41603f7020f@group-6C9D51B834BF-LeaderElection26] INFO  server.RaftServer$Division (ServerState.java:setLeader(271)) - 2ede91c2-32fe-4bb4-920b-e41603f7020f@group-6C9D51B834BF: change Leader from null to 2ede91c2-32fe-4bb4-920b-e41603f7020f at term 1 for becomeLeader, leader elected after 5065ms
2021-02-05 13:31:49,885 [2ede91c2-32fe-4bb4-920b-e41603f7020f@group-6C9D51B834BF-LeaderElection26] INFO  server.RaftServerConfigKeys (ConfUtils.java:logGet(44)) - raft.server.staging.catchup.gap = 1000 (default)
2021-02-05 13:31:49,885 [2ede91c2-32fe-4bb4-920b-e41603f7020f@group-6C9D51B834BF-LeaderElection26] INFO  metrics.RatisMetrics (RatisMetrics.java:lambda$create$0(36)) - Creating Metrics Registry : ratis.log_appender.2ede91c2-32fe-4bb4-920b-e41603f7020f@group-6C9D51B834BF
2021-02-05 13:31:49,885 [2ede91c2-32fe-4bb4-920b-e41603f7020f@group-6C9D51B834BF-LeaderElection26] INFO  server.RaftServerConfigKeys (ConfUtils.java:logGet(44)) - raft.server.write.element-limit = 1024 (custom)
2021-02-05 13:31:49,885 [2ede91c2-32fe-4bb4-920b-e41603f7020f@group-6C9D51B834BF-LeaderElection26] INFO  server.RaftServerConfigKeys (ConfUtils.java:logGet(44)) - raft.server.write.byte-limit = 1073741824 (custom)
2021-02-05 13:31:49,886 [2ede91c2-32fe-4bb4-920b-e41603f7020f@group-6C9D51B834BF-LeaderElection26] INFO  server.RaftServerConfigKeys (ConfUtils.java:logGet(44)) - raft.server.watch.timeout = 3000ms (custom)
2021-02-05 13:31:49,886 [2ede91c2-32fe-4bb4-920b-e41603f7020f@group-6C9D51B834BF-LeaderElection26] INFO  server.RaftServerConfigKeys (ConfUtils.java:logGet(44)) - raft.server.watch.timeout.denomination = 1s (default)
2021-02-05 13:31:49,886 [2ede91c2-32fe-4bb4-920b-e41603f7020f@group-6C9D51B834BF-LeaderElection26] INFO  server.RaftServerConfigKeys (ConfUtils.java:logGet(44)) - raft.server.watch.element-limit = 65536 (default)
2021-02-05 13:31:49,886 [2ede91c2-32fe-4bb4-920b-e41603f7020f@group-6C9D51B834BF-LeaderElection26] INFO  impl.RoleInfo (RoleInfo.java:updateAndGet(130)) - 2ede91c2-32fe-4bb4-920b-e41603f7020f: start 2ede91c2-32fe-4bb4-920b-e41603f7020f@group-6C9D51B834BF-LeaderStateImpl
2021-02-05 13:31:49,887 [2ede91c2-32fe-4bb4-920b-e41603f7020f@group-6C9D51B834BF-LeaderElection26] INFO  segmented.SegmentedRaftLogWorker (SegmentedRaftLogWorker.java:startLogSegment(392)) - 2ede91c2-32fe-4bb4-920b-e41603f7020f@group-6C9D51B834BF-SegmentedRaftLogWorker: Starting segment from index:0
2021-02-05 13:31:49,887 [2ede91c2-32fe-4bb4-920b-e41603f7020f@group-6C9D51B834BF-LeaderElection26] INFO  server.RaftServer$Division (ServerState.java:setRaftConf(373)) - 2ede91c2-32fe-4bb4-920b-e41603f7020f@group-6C9D51B834BF: set configuration 0: [2ede91c2-32fe-4bb4-920b-e41603f7020f|rpc:172.17.0.2:41897|admin:|client:|dataStream:|priority:1], old=null
2021-02-05 13:31:49,890 [2ede91c2-32fe-4bb4-920b-e41603f7020f@group-6C9D51B834BF-SegmentedRaftLogWorker] INFO  segmented.SegmentedRaftLogWorker (SegmentedRaftLogWorker.java:execute(599)) - 2ede91c2-32fe-4bb4-920b-e41603f7020f@group-6C9D51B834BF-SegmentedRaftLogWorker: created new log segment /github/workspace/mnt/ozone/hadoop-ozone/integration-test/target/test-dir/MiniOzoneClusterImpl-a92b2b3a-f9aa-4539-be01-238306fe77bb/datanode-4/data/ratis/b674e420-9ed4-4169-a780-6c9d51b834bf/current/log_inprogress_0
2021-02-05 13:31:50,280 [Thread-843] INFO  impl.FollowerState (FollowerState.java:run(133)) - 642d0014-1bde-428b-b06d-30c9ab67a786@group-9F271643BAC2-FollowerState: change to CANDIDATE, lastRpcElapsedTime:5113403588ns, electionTimeout:5113ms
2021-02-05 13:31:50,281 [Thread-843] INFO  impl.RoleInfo (RoleInfo.java:shutdownFollowerState(108)) - 642d0014-1bde-428b-b06d-30c9ab67a786: shutdown 642d0014-1bde-428b-b06d-30c9ab67a786@group-9F271643BAC2-FollowerState
2021-02-05 13:31:50,281 [Thread-843] INFO  server.RaftServer$Division (RaftServerImpl.java:setRole(284)) - 642d0014-1bde-428b-b06d-30c9ab67a786@group-9F271643BAC2: changes role from  FOLLOWER to CANDIDATE at term 0 for changeToCandidate
2021-02-05 13:31:50,281 [Thread-843] INFO  server.RaftServerConfigKeys (ConfUtils.java:logGet(44)) - raft.server.leaderelection.pre-vote = false (custom)
2021-02-05 13:31:50,281 [Thread-843] INFO  impl.RoleInfo (RoleInfo.java:updateAndGet(130)) - 642d0014-1bde-428b-b06d-30c9ab67a786: start 642d0014-1bde-428b-b06d-30c9ab67a786@group-9F271643BAC2-LeaderElection27
2021-02-05 13:31:50,291 [642d0014-1bde-428b-b06d-30c9ab67a786@group-9F271643BAC2-LeaderElection27] INFO  impl.LeaderElection (LeaderElection.java:askForVotes(307)) - 642d0014-1bde-428b-b06d-30c9ab67a786@group-9F271643BAC2-LeaderElection27 ELECTION round 0: submit vote requests at term 1 for -1: [642d0014-1bde-428b-b06d-30c9ab67a786|rpc:172.17.0.2:39473|priority:1], old=null
2021-02-05 13:31:50,291 [642d0014-1bde-428b-b06d-30c9ab67a786@group-9F271643BAC2-LeaderElection27] INFO  impl.LeaderElection (LeaderElection.java:askForVotes(309)) - 642d0014-1bde-428b-b06d-30c9ab67a786@group-9F271643BAC2-LeaderElection27 ELECTION round 0: result PASSED (term=1)
2021-02-05 13:31:50,292 [642d0014-1bde-428b-b06d-30c9ab67a786@group-9F271643BAC2-LeaderElection27] INFO  impl.RoleInfo (RoleInfo.java:shutdownLeaderElection(121)) - 642d0014-1bde-428b-b06d-30c9ab67a786: shutdown 642d0014-1bde-428b-b06d-30c9ab67a786@group-9F271643BAC2-LeaderElection27
2021-02-05 13:31:50,292 [642d0014-1bde-428b-b06d-30c9ab67a786@group-9F271643BAC2-LeaderElection27] INFO  server.RaftServer$Division (RaftServerImpl.java:setRole(284)) - 642d0014-1bde-428b-b06d-30c9ab67a786@group-9F271643BAC2: changes role from CANDIDATE to LEADER at term 1 for changeToLeader
2021-02-05 13:31:50,292 [642d0014-1bde-428b-b06d-30c9ab67a786@group-9F271643BAC2-LeaderElection27] INFO  ratis.XceiverServerRatis (XceiverServerRatis.java:handleLeaderChangedNotification(871)) - Leader change notification received for group: group-9F271643BAC2 with new leaderId: 642d0014-1bde-428b-b06d-30c9ab67a786
2021-02-05 13:31:50,292 [642d0014-1bde-428b-b06d-30c9ab67a786@group-9F271643BAC2-LeaderElection27] INFO  server.RaftServer$Division (ServerState.java:setLeader(271)) - 642d0014-1bde-428b-b06d-30c9ab67a786@group-9F271643BAC2: change Leader from null to 642d0014-1bde-428b-b06d-30c9ab67a786 at term 1 for becomeLeader, leader elected after 5130ms
2021-02-05 13:31:50,292 [642d0014-1bde-428b-b06d-30c9ab67a786@group-9F271643BAC2-LeaderElection27] INFO  server.RaftServerConfigKeys (ConfUtils.java:logGet(44)) - raft.server.staging.catchup.gap = 1000 (default)
2021-02-05 13:31:50,292 [642d0014-1bde-428b-b06d-30c9ab67a786@group-9F271643BAC2-LeaderElection27] INFO  metrics.RatisMetrics (RatisMetrics.java:lambda$create$0(36)) - Creating Metrics Registry : ratis.log_appender.642d0014-1bde-428b-b06d-30c9ab67a786@group-9F271643BAC2
2021-02-05 13:31:50,292 [642d0014-1bde-428b-b06d-30c9ab67a786@group-9F271643BAC2-LeaderElection27] INFO  server.RaftServerConfigKeys (ConfUtils.java:logGet(44)) - raft.server.write.element-limit = 1024 (custom)
2021-02-05 13:31:50,292 [642d0014-1bde-428b-b06d-30c9ab67a786@group-9F271643BAC2-LeaderElection27] INFO  server.RaftServerConfigKeys (ConfUtils.java:logGet(44)) - raft.server.write.byte-limit = 1073741824 (custom)
2021-02-05 13:31:50,293 [642d0014-1bde-428b-b06d-30c9ab67a786@group-9F271643BAC2-LeaderElection27] INFO  server.RaftServerConfigKeys (ConfUtils.java:logGet(44)) - raft.server.watch.timeout = 3000ms (custom)
2021-02-05 13:31:50,293 [642d0014-1bde-428b-b06d-30c9ab67a786@group-9F271643BAC2-LeaderElection27] INFO  server.RaftServerConfigKeys (ConfUtils.java:logGet(44)) - raft.server.watch.timeout.denomination = 1s (default)
2021-02-05 13:31:50,293 [642d0014-1bde-428b-b06d-30c9ab67a786@group-9F271643BAC2-LeaderElection27] INFO  server.RaftServerConfigKeys (ConfUtils.java:logGet(44)) - raft.server.watch.element-limit = 65536 (default)
2021-02-05 13:31:50,293 [642d0014-1bde-428b-b06d-30c9ab67a786@group-9F271643BAC2-LeaderElection27] INFO  impl.RoleInfo (RoleInfo.java:updateAndGet(130)) - 642d0014-1bde-428b-b06d-30c9ab67a786: start 642d0014-1bde-428b-b06d-30c9ab67a786@group-9F271643BAC2-LeaderStateImpl
2021-02-05 13:31:50,293 [642d0014-1bde-428b-b06d-30c9ab67a786@group-9F271643BAC2-LeaderElection27] INFO  segmented.SegmentedRaftLogWorker (SegmentedRaftLogWorker.java:startLogSegment(392)) - 642d0014-1bde-428b-b06d-30c9ab67a786@group-9F271643BAC2-SegmentedRaftLogWorker: Starting segment from index:0
2021-02-05 13:31:50,294 [642d0014-1bde-428b-b06d-30c9ab67a786@group-9F271643BAC2-LeaderElection27] INFO  server.RaftServer$Division (ServerState.java:setRaftConf(373)) - 642d0014-1bde-428b-b06d-30c9ab67a786@group-9F271643BAC2: set configuration 0: [642d0014-1bde-428b-b06d-30c9ab67a786|rpc:172.17.0.2:39473|admin:|client:|dataStream:|priority:1], old=null
2021-02-05 13:31:50,294 [642d0014-1bde-428b-b06d-30c9ab67a786@group-9F271643BAC2-SegmentedRaftLogWorker] INFO  segmented.SegmentedRaftLogWorker (SegmentedRaftLogWorker.java:execute(599)) - 642d0014-1bde-428b-b06d-30c9ab67a786@group-9F271643BAC2-SegmentedRaftLogWorker: created new log segment /github/workspace/mnt/ozone/hadoop-ozone/integration-test/target/test-dir/MiniOzoneClusterImpl-a92b2b3a-f9aa-4539-be01-238306fe77bb/datanode-5/data/ratis/4079fb4f-975f-4e1b-89da-9f271643bac2/current/log_inprogress_0
2021-02-05 13:31:50,411 [Thread-847] INFO  impl.FollowerState (FollowerState.java:run(133)) - 2218627d-9616-4ee5-9949-877c53e44591@group-F12C99FB9DB4-FollowerState: change to CANDIDATE, lastRpcElapsedTime:5039309007ns, electionTimeout:5039ms
2021-02-05 13:31:50,412 [Thread-847] INFO  impl.RoleInfo (RoleInfo.java:shutdownFollowerState(108)) - 2218627d-9616-4ee5-9949-877c53e44591: shutdown 2218627d-9616-4ee5-9949-877c53e44591@group-F12C99FB9DB4-FollowerState
2021-02-05 13:31:50,412 [Thread-847] INFO  server.RaftServer$Division (RaftServerImpl.java:setRole(284)) - 2218627d-9616-4ee5-9949-877c53e44591@group-F12C99FB9DB4: changes role from  FOLLOWER to CANDIDATE at term 0 for changeToCandidate
2021-02-05 13:31:50,412 [Thread-847] INFO  server.RaftServerConfigKeys (ConfUtils.java:logGet(44)) - raft.server.leaderelection.pre-vote = false (custom)
2021-02-05 13:31:50,412 [Thread-847] INFO  impl.RoleInfo (RoleInfo.java:updateAndGet(130)) - 2218627d-9616-4ee5-9949-877c53e44591: start 2218627d-9616-4ee5-9949-877c53e44591@group-F12C99FB9DB4-LeaderElection28
2021-02-05 13:31:50,415 [2218627d-9616-4ee5-9949-877c53e44591@group-F12C99FB9DB4-LeaderElection28] INFO  impl.LeaderElection (LeaderElection.java:askForVotes(307)) - 2218627d-9616-4ee5-9949-877c53e44591@group-F12C99FB9DB4-LeaderElection28 ELECTION round 0: submit vote requests at term 1 for -1: [2218627d-9616-4ee5-9949-877c53e44591|rpc:172.17.0.2:40851|priority:0, b68d5162-d56d-447f-8d08-327553c4f8b7|rpc:172.17.0.2:36483|priority:1, 84a23ac6-72e6-48f0-84ab-0e5b98bf0c8b|rpc:172.17.0.2:36963|priority:0], old=null
2021-02-05 13:31:50,425 [grpc-default-executor-0] INFO  server.RaftServer$Division (RaftServerImpl.java:requestVote(1025)) - b68d5162-d56d-447f-8d08-327553c4f8b7@group-F12C99FB9DB4: receive requestVote(ELECTION, 2218627d-9616-4ee5-9949-877c53e44591, group-F12C99FB9DB4, 1, (t:0, i:0))
2021-02-05 13:31:50,425 [grpc-default-executor-0] INFO  impl.VoteContext (VoteContext.java:log(48)) - b68d5162-d56d-447f-8d08-327553c4f8b7@group-F12C99FB9DB4-FOLLOWER: reject ELECTION from 2218627d-9616-4ee5-9949-877c53e44591: our priority 1 > candidate's priority 0
2021-02-05 13:31:50,425 [grpc-default-executor-0] INFO  server.RaftServer$Division (RaftServerImpl.java:setRole(284)) - b68d5162-d56d-447f-8d08-327553c4f8b7@group-F12C99FB9DB4: changes role from  FOLLOWER to FOLLOWER at term 1 for candidate:2218627d-9616-4ee5-9949-877c53e44591
2021-02-05 13:31:50,425 [grpc-default-executor-0] INFO  impl.RoleInfo (RoleInfo.java:shutdownFollowerState(108)) - b68d5162-d56d-447f-8d08-327553c4f8b7: shutdown b68d5162-d56d-447f-8d08-327553c4f8b7@group-F12C99FB9DB4-FollowerState
2021-02-05 13:31:50,425 [grpc-default-executor-0] INFO  impl.RoleInfo (RoleInfo.java:updateAndGet(130)) - b68d5162-d56d-447f-8d08-327553c4f8b7: start b68d5162-d56d-447f-8d08-327553c4f8b7@group-F12C99FB9DB4-FollowerState
2021-02-05 13:31:50,425 [Thread-849] INFO  impl.FollowerState (FollowerState.java:run(142)) - b68d5162-d56d-447f-8d08-327553c4f8b7@group-F12C99FB9DB4-FollowerState was interrupted: {}
java.lang.InterruptedException: sleep interrupted
	at java.lang.Thread.sleep(Native Method)
	at java.lang.Thread.sleep(Thread.java:340)
	at java.util.concurrent.TimeUnit.sleep(TimeUnit.java:386)
	at org.apache.ratis.util.TimeDuration.sleep(TimeDuration.java:324)
	at org.apache.ratis.util.TimeDuration.sleep(TimeDuration.java:309)
	at org.apache.ratis.server.impl.FollowerState.run(FollowerState.java:117)
2021-02-05 13:31:50,427 [grpc-default-executor-4] INFO  server.RaftServer$Division (RaftServerImpl.java:requestVote(1025)) - 84a23ac6-72e6-48f0-84ab-0e5b98bf0c8b@group-F12C99FB9DB4: receive requestVote(ELECTION, 2218627d-9616-4ee5-9949-877c53e44591, group-F12C99FB9DB4, 1, (t:0, i:0))
2021-02-05 13:31:50,427 [grpc-default-executor-4] INFO  impl.VoteContext (VoteContext.java:log(48)) - 84a23ac6-72e6-48f0-84ab-0e5b98bf0c8b@group-F12C99FB9DB4-FOLLOWER: accept ELECTION from 2218627d-9616-4ee5-9949-877c53e44591: our priority 0 <= candidate's priority 0
2021-02-05 13:31:50,427 [grpc-default-executor-4] INFO  server.RaftServer$Division (RaftServerImpl.java:setRole(284)) - 84a23ac6-72e6-48f0-84ab-0e5b98bf0c8b@group-F12C99FB9DB4: changes role from  FOLLOWER to FOLLOWER at term 1 for candidate:2218627d-9616-4ee5-9949-877c53e44591
2021-02-05 13:31:50,427 [grpc-default-executor-4] INFO  impl.RoleInfo (RoleInfo.java:shutdownFollowerState(108)) - 84a23ac6-72e6-48f0-84ab-0e5b98bf0c8b: shutdown 84a23ac6-72e6-48f0-84ab-0e5b98bf0c8b@group-F12C99FB9DB4-FollowerState
2021-02-05 13:31:50,427 [grpc-default-executor-4] INFO  impl.RoleInfo (RoleInfo.java:updateAndGet(130)) - 84a23ac6-72e6-48f0-84ab-0e5b98bf0c8b: start 84a23ac6-72e6-48f0-84ab-0e5b98bf0c8b@group-F12C99FB9DB4-FollowerState
2021-02-05 13:31:50,427 [Thread-852] INFO  impl.FollowerState (FollowerState.java:run(142)) - 84a23ac6-72e6-48f0-84ab-0e5b98bf0c8b@group-F12C99FB9DB4-FollowerState was interrupted: {}
java.lang.InterruptedException: sleep interrupted
	at java.lang.Thread.sleep(Native Method)
	at java.lang.Thread.sleep(Thread.java:340)
	at java.util.concurrent.TimeUnit.sleep(TimeUnit.java:386)
	at org.apache.ratis.util.TimeDuration.sleep(TimeDuration.java:324)
	at org.apache.ratis.util.TimeDuration.sleep(TimeDuration.java:309)
	at org.apache.ratis.server.impl.FollowerState.run(FollowerState.java:117)
2021-02-05 13:31:50,427 [grpc-default-executor-0] INFO  server.RaftServer$Division (RaftServerImpl.java:requestVote(1057)) - b68d5162-d56d-447f-8d08-327553c4f8b7@group-F12C99FB9DB4 replies to ELECTION vote request: 2218627d-9616-4ee5-9949-877c53e44591<-b68d5162-d56d-447f-8d08-327553c4f8b7#0:FAIL-t1. Peer's state: b68d5162-d56d-447f-8d08-327553c4f8b7@group-F12C99FB9DB4:t1, leader=null, voted=null, raftlog=b68d5162-d56d-447f-8d08-327553c4f8b7@group-F12C99FB9DB4-SegmentedRaftLog:OPENED:c-1,f-1,i0, conf=-1: [2218627d-9616-4ee5-9949-877c53e44591|rpc:172.17.0.2:40851|admin:|client:|dataStream:|priority:0, b68d5162-d56d-447f-8d08-327553c4f8b7|rpc:172.17.0.2:36483|admin:|client:|dataStream:|priority:1, 84a23ac6-72e6-48f0-84ab-0e5b98bf0c8b|rpc:172.17.0.2:36963|admin:|client:|dataStream:|priority:0], old=null
2021-02-05 13:31:50,428 [grpc-default-executor-4] INFO  server.RaftServer$Division (RaftServerImpl.java:requestVote(1057)) - 84a23ac6-72e6-48f0-84ab-0e5b98bf0c8b@group-F12C99FB9DB4 replies to ELECTION vote request: 2218627d-9616-4ee5-9949-877c53e44591<-84a23ac6-72e6-48f0-84ab-0e5b98bf0c8b#0:OK-t1. Peer's state: 84a23ac6-72e6-48f0-84ab-0e5b98bf0c8b@group-F12C99FB9DB4:t1, leader=null, voted=2218627d-9616-4ee5-9949-877c53e44591, raftlog=84a23ac6-72e6-48f0-84ab-0e5b98bf0c8b@group-F12C99FB9DB4-SegmentedRaftLog:OPENED:c-1,f-1,i0, conf=-1: [2218627d-9616-4ee5-9949-877c53e44591|rpc:172.17.0.2:40851|admin:|client:|dataStream:|priority:0, b68d5162-d56d-447f-8d08-327553c4f8b7|rpc:172.17.0.2:36483|admin:|client:|dataStream:|priority:1, 84a23ac6-72e6-48f0-84ab-0e5b98bf0c8b|rpc:172.17.0.2:36963|admin:|client:|dataStream:|priority:0], old=null
2021-02-05 13:31:50,432 [2218627d-9616-4ee5-9949-877c53e44591@group-F12C99FB9DB4-LeaderElection28] INFO  impl.LeaderElection (LeaderElection.java:logAndReturn(89)) - 2218627d-9616-4ee5-9949-877c53e44591@group-F12C99FB9DB4-LeaderElection28: ELECTION REJECTED received 2 response(s) and 0 exception(s):
2021-02-05 13:31:50,432 [2218627d-9616-4ee5-9949-877c53e44591@group-F12C99FB9DB4-LeaderElection28] INFO  impl.LeaderElection (LeaderElection.java:logAndReturn(93)) -   Response 0: 2218627d-9616-4ee5-9949-877c53e44591<-b68d5162-d56d-447f-8d08-327553c4f8b7#0:FAIL-t1
2021-02-05 13:31:50,432 [2218627d-9616-4ee5-9949-877c53e44591@group-F12C99FB9DB4-LeaderElection28] INFO  impl.LeaderElection (LeaderElection.java:logAndReturn(93)) -   Response 1: 2218627d-9616-4ee5-9949-877c53e44591<-84a23ac6-72e6-48f0-84ab-0e5b98bf0c8b#0:OK-t1
2021-02-05 13:31:50,432 [2218627d-9616-4ee5-9949-877c53e44591@group-F12C99FB9DB4-LeaderElection28] INFO  impl.LeaderElection (LeaderElection.java:askForVotes(309)) - 2218627d-9616-4ee5-9949-877c53e44591@group-F12C99FB9DB4-LeaderElection28 ELECTION round 0: result REJECTED
2021-02-05 13:31:50,432 [2218627d-9616-4ee5-9949-877c53e44591@group-F12C99FB9DB4-LeaderElection28] INFO  server.RaftServer$Division (RaftServerImpl.java:setRole(284)) - 2218627d-9616-4ee5-9949-877c53e44591@group-F12C99FB9DB4: changes role from CANDIDATE to FOLLOWER at term 1 for REJECTED
2021-02-05 13:31:50,432 [2218627d-9616-4ee5-9949-877c53e44591@group-F12C99FB9DB4-LeaderElection28] INFO  impl.RoleInfo (RoleInfo.java:shutdownLeaderElection(121)) - 2218627d-9616-4ee5-9949-877c53e44591: shutdown 2218627d-9616-4ee5-9949-877c53e44591@group-F12C99FB9DB4-LeaderElection28
2021-02-05 13:31:50,433 [2218627d-9616-4ee5-9949-877c53e44591@group-F12C99FB9DB4-LeaderElection28] INFO  impl.RoleInfo (RoleInfo.java:updateAndGet(130)) - 2218627d-9616-4ee5-9949-877c53e44591: start 2218627d-9616-4ee5-9949-877c53e44591@group-F12C99FB9DB4-FollowerState
2021-02-05 13:31:50,513 [Thread-845] INFO  impl.FollowerState (FollowerState.java:run(133)) - 2218627d-9616-4ee5-9949-877c53e44591@group-47E8F16CA123-FollowerState: change to CANDIDATE, lastRpcElapsedTime:5155407890ns, electionTimeout:5154ms
2021-02-05 13:31:50,513 [Thread-845] INFO  impl.RoleInfo (RoleInfo.java:shutdownFollowerState(108)) - 2218627d-9616-4ee5-9949-877c53e44591: shutdown 2218627d-9616-4ee5-9949-877c53e44591@group-47E8F16CA123-FollowerState
2021-02-05 13:31:50,513 [Thread-845] INFO  server.RaftServer$Division (RaftServerImpl.java:setRole(284)) - 2218627d-9616-4ee5-9949-877c53e44591@group-47E8F16CA123: changes role from  FOLLOWER to CANDIDATE at term 0 for changeToCandidate
2021-02-05 13:31:50,513 [Thread-845] INFO  server.RaftServerConfigKeys (ConfUtils.java:logGet(44)) - raft.server.leaderelection.pre-vote = false (custom)
2021-02-05 13:31:50,513 [Thread-845] INFO  impl.RoleInfo (RoleInfo.java:updateAndGet(130)) - 2218627d-9616-4ee5-9949-877c53e44591: start 2218627d-9616-4ee5-9949-877c53e44591@group-47E8F16CA123-LeaderElection29
2021-02-05 13:31:50,517 [2218627d-9616-4ee5-9949-877c53e44591@group-47E8F16CA123-LeaderElection29] INFO  impl.LeaderElection (LeaderElection.java:askForVotes(307)) - 2218627d-9616-4ee5-9949-877c53e44591@group-47E8F16CA123-LeaderElection29 ELECTION round 0: submit vote requests at term 1 for -1: [2218627d-9616-4ee5-9949-877c53e44591|rpc:172.17.0.2:40851|priority:1], old=null
2021-02-05 13:31:50,517 [2218627d-9616-4ee5-9949-877c53e44591@group-47E8F16CA123-LeaderElection29] INFO  impl.LeaderElection (LeaderElection.java:askForVotes(309)) - 2218627d-9616-4ee5-9949-877c53e44591@group-47E8F16CA123-LeaderElection29 ELECTION round 0: result PASSED (term=1)
2021-02-05 13:31:50,517 [2218627d-9616-4ee5-9949-877c53e44591@group-47E8F16CA123-LeaderElection29] INFO  impl.RoleInfo (RoleInfo.java:shutdownLeaderElection(121)) - 2218627d-9616-4ee5-9949-877c53e44591: shutdown 2218627d-9616-4ee5-9949-877c53e44591@group-47E8F16CA123-LeaderElection29
2021-02-05 13:31:50,517 [2218627d-9616-4ee5-9949-877c53e44591@group-47E8F16CA123-LeaderElection29] INFO  server.RaftServer$Division (RaftServerImpl.java:setRole(284)) - 2218627d-9616-4ee5-9949-877c53e44591@group-47E8F16CA123: changes role from CANDIDATE to LEADER at term 1 for changeToLeader
2021-02-05 13:31:50,517 [2218627d-9616-4ee5-9949-877c53e44591@group-47E8F16CA123-LeaderElection29] INFO  ratis.XceiverServerRatis (XceiverServerRatis.java:handleLeaderChangedNotification(871)) - Leader change notification received for group: group-47E8F16CA123 with new leaderId: 2218627d-9616-4ee5-9949-877c53e44591
2021-02-05 13:31:50,517 [2218627d-9616-4ee5-9949-877c53e44591@group-47E8F16CA123-LeaderElection29] INFO  server.RaftServer$Division (ServerState.java:setLeader(271)) - 2218627d-9616-4ee5-9949-877c53e44591@group-47E8F16CA123: change Leader from null to 2218627d-9616-4ee5-9949-877c53e44591 at term 1 for becomeLeader, leader elected after 5169ms
2021-02-05 13:31:50,518 [2218627d-9616-4ee5-9949-877c53e44591@group-47E8F16CA123-LeaderElection29] INFO  server.RaftServerConfigKeys (ConfUtils.java:logGet(44)) - raft.server.staging.catchup.gap = 1000 (default)
2021-02-05 13:31:50,518 [2218627d-9616-4ee5-9949-877c53e44591@group-47E8F16CA123-LeaderElection29] INFO  metrics.RatisMetrics (RatisMetrics.java:lambda$create$0(36)) - Creating Metrics Registry : ratis.log_appender.2218627d-9616-4ee5-9949-877c53e44591@group-47E8F16CA123
2021-02-05 13:31:50,518 [2218627d-9616-4ee5-9949-877c53e44591@group-47E8F16CA123-LeaderElection29] INFO  server.RaftServerConfigKeys (ConfUtils.java:logGet(44)) - raft.server.write.element-limit = 1024 (custom)
2021-02-05 13:31:50,518 [2218627d-9616-4ee5-9949-877c53e44591@group-47E8F16CA123-LeaderElection29] INFO  server.RaftServerConfigKeys (ConfUtils.java:logGet(44)) - raft.server.write.byte-limit = 1073741824 (custom)
2021-02-05 13:31:50,518 [2218627d-9616-4ee5-9949-877c53e44591@group-47E8F16CA123-LeaderElection29] INFO  server.RaftServerConfigKeys (ConfUtils.java:logGet(44)) - raft.server.watch.timeout = 3000ms (custom)
2021-02-05 13:31:50,518 [2218627d-9616-4ee5-9949-877c53e44591@group-47E8F16CA123-LeaderElection29] INFO  server.RaftServerConfigKeys (ConfUtils.java:logGet(44)) - raft.server.watch.timeout.denomination = 1s (default)
2021-02-05 13:31:50,518 [2218627d-9616-4ee5-9949-877c53e44591@group-47E8F16CA123-LeaderElection29] INFO  server.RaftServerConfigKeys (ConfUtils.java:logGet(44)) - raft.server.watch.element-limit = 65536 (default)
2021-02-05 13:31:50,519 [2218627d-9616-4ee5-9949-877c53e44591@group-47E8F16CA123-LeaderElection29] INFO  impl.RoleInfo (RoleInfo.java:updateAndGet(130)) - 2218627d-9616-4ee5-9949-877c53e44591: start 2218627d-9616-4ee5-9949-877c53e44591@group-47E8F16CA123-LeaderStateImpl
2021-02-05 13:31:50,519 [2218627d-9616-4ee5-9949-877c53e44591@group-47E8F16CA123-LeaderElection29] INFO  segmented.SegmentedRaftLogWorker (SegmentedRaftLogWorker.java:startLogSegment(392)) - 2218627d-9616-4ee5-9949-877c53e44591@group-47E8F16CA123-SegmentedRaftLogWorker: Starting segment from index:0
2021-02-05 13:31:50,520 [2218627d-9616-4ee5-9949-877c53e44591@group-47E8F16CA123-LeaderElection29] INFO  server.RaftServer$Division (ServerState.java:setRaftConf(373)) - 2218627d-9616-4ee5-9949-877c53e44591@group-47E8F16CA123: set configuration 0: [2218627d-9616-4ee5-9949-877c53e44591|rpc:172.17.0.2:40851|admin:|client:|dataStream:|priority:1], old=null
2021-02-05 13:31:50,520 [2218627d-9616-4ee5-9949-877c53e44591@group-47E8F16CA123-SegmentedRaftLogWorker] INFO  segmented.SegmentedRaftLogWorker (SegmentedRaftLogWorker.java:execute(599)) - 2218627d-9616-4ee5-9949-877c53e44591@group-47E8F16CA123-SegmentedRaftLogWorker: created new log segment /github/workspace/mnt/ozone/hadoop-ozone/integration-test/target/test-dir/MiniOzoneClusterImpl-a92b2b3a-f9aa-4539-be01-238306fe77bb/datanode-6/data/ratis/dd8afb14-ced1-4099-a770-47e8f16ca123/current/log_inprogress_0
2021-02-05 13:31:50,670 [Thread-855] INFO  impl.FollowerState (FollowerState.java:run(133)) - 84a23ac6-72e6-48f0-84ab-0e5b98bf0c8b@group-6DE01D8A8F69-FollowerState: change to CANDIDATE, lastRpcElapsedTime:5108042774ns, electionTimeout:5107ms
2021-02-05 13:31:50,671 [Thread-855] INFO  impl.RoleInfo (RoleInfo.java:shutdownFollowerState(108)) - 84a23ac6-72e6-48f0-84ab-0e5b98bf0c8b: shutdown 84a23ac6-72e6-48f0-84ab-0e5b98bf0c8b@group-6DE01D8A8F69-FollowerState
2021-02-05 13:31:50,671 [Thread-855] INFO  server.RaftServer$Division (RaftServerImpl.java:setRole(284)) - 84a23ac6-72e6-48f0-84ab-0e5b98bf0c8b@group-6DE01D8A8F69: changes role from  FOLLOWER to CANDIDATE at term 0 for changeToCandidate
2021-02-05 13:31:50,671 [Thread-855] INFO  server.RaftServerConfigKeys (ConfUtils.java:logGet(44)) - raft.server.leaderelection.pre-vote = false (custom)
2021-02-05 13:31:50,671 [Thread-855] INFO  impl.RoleInfo (RoleInfo.java:updateAndGet(130)) - 84a23ac6-72e6-48f0-84ab-0e5b98bf0c8b: start 84a23ac6-72e6-48f0-84ab-0e5b98bf0c8b@group-6DE01D8A8F69-LeaderElection30
2021-02-05 13:31:50,676 [84a23ac6-72e6-48f0-84ab-0e5b98bf0c8b@group-6DE01D8A8F69-LeaderElection30] INFO  impl.LeaderElection (LeaderElection.java:askForVotes(307)) - 84a23ac6-72e6-48f0-84ab-0e5b98bf0c8b@group-6DE01D8A8F69-LeaderElection30 ELECTION round 0: submit vote requests at term 1 for -1: [84a23ac6-72e6-48f0-84ab-0e5b98bf0c8b|rpc:172.17.0.2:36963|priority:1], old=null
2021-02-05 13:31:50,676 [84a23ac6-72e6-48f0-84ab-0e5b98bf0c8b@group-6DE01D8A8F69-LeaderElection30] INFO  impl.LeaderElection (LeaderElection.java:askForVotes(309)) - 84a23ac6-72e6-48f0-84ab-0e5b98bf0c8b@group-6DE01D8A8F69-LeaderElection30 ELECTION round 0: result PASSED (term=1)
2021-02-05 13:31:50,676 [84a23ac6-72e6-48f0-84ab-0e5b98bf0c8b@group-6DE01D8A8F69-LeaderElection30] INFO  impl.RoleInfo (RoleInfo.java:shutdownLeaderElection(121)) - 84a23ac6-72e6-48f0-84ab-0e5b98bf0c8b: shutdown 84a23ac6-72e6-48f0-84ab-0e5b98bf0c8b@group-6DE01D8A8F69-LeaderElection30
2021-02-05 13:31:50,676 [84a23ac6-72e6-48f0-84ab-0e5b98bf0c8b@group-6DE01D8A8F69-LeaderElection30] INFO  server.RaftServer$Division (RaftServerImpl.java:setRole(284)) - 84a23ac6-72e6-48f0-84ab-0e5b98bf0c8b@group-6DE01D8A8F69: changes role from CANDIDATE to LEADER at term 1 for changeToLeader
2021-02-05 13:31:50,676 [84a23ac6-72e6-48f0-84ab-0e5b98bf0c8b@group-6DE01D8A8F69-LeaderElection30] INFO  ratis.XceiverServerRatis (XceiverServerRatis.java:handleLeaderChangedNotification(871)) - Leader change notification received for group: group-6DE01D8A8F69 with new leaderId: 84a23ac6-72e6-48f0-84ab-0e5b98bf0c8b
2021-02-05 13:31:50,677 [84a23ac6-72e6-48f0-84ab-0e5b98bf0c8b@group-6DE01D8A8F69-LeaderElection30] INFO  server.RaftServer$Division (ServerState.java:setLeader(271)) - 84a23ac6-72e6-48f0-84ab-0e5b98bf0c8b@group-6DE01D8A8F69: change Leader from null to 84a23ac6-72e6-48f0-84ab-0e5b98bf0c8b at term 1 for becomeLeader, leader elected after 5119ms
2021-02-05 13:31:50,677 [84a23ac6-72e6-48f0-84ab-0e5b98bf0c8b@group-6DE01D8A8F69-LeaderElection30] INFO  server.RaftServerConfigKeys (ConfUtils.java:logGet(44)) - raft.server.staging.catchup.gap = 1000 (default)
2021-02-05 13:31:50,677 [84a23ac6-72e6-48f0-84ab-0e5b98bf0c8b@group-6DE01D8A8F69-LeaderElection30] INFO  metrics.RatisMetrics (RatisMetrics.java:lambda$create$0(36)) - Creating Metrics Registry : ratis.log_appender.84a23ac6-72e6-48f0-84ab-0e5b98bf0c8b@group-6DE01D8A8F69
2021-02-05 13:31:50,678 [84a23ac6-72e6-48f0-84ab-0e5b98bf0c8b@group-6DE01D8A8F69-LeaderElection30] INFO  server.RaftServerConfigKeys (ConfUtils.java:logGet(44)) - raft.server.write.element-limit = 1024 (custom)
2021-02-05 13:31:50,678 [84a23ac6-72e6-48f0-84ab-0e5b98bf0c8b@group-6DE01D8A8F69-LeaderElection30] INFO  server.RaftServerConfigKeys (ConfUtils.java:logGet(44)) - raft.server.write.byte-limit = 1073741824 (custom)
2021-02-05 13:31:50,678 [84a23ac6-72e6-48f0-84ab-0e5b98bf0c8b@group-6DE01D8A8F69-LeaderElection30] INFO  server.RaftServerConfigKeys (ConfUtils.java:logGet(44)) - raft.server.watch.timeout = 3000ms (custom)
2021-02-05 13:31:50,678 [84a23ac6-72e6-48f0-84ab-0e5b98bf0c8b@group-6DE01D8A8F69-LeaderElection30] INFO  server.RaftServerConfigKeys (ConfUtils.java:logGet(44)) - raft.server.watch.timeout.denomination = 1s (default)
2021-02-05 13:31:50,678 [84a23ac6-72e6-48f0-84ab-0e5b98bf0c8b@group-6DE01D8A8F69-LeaderElection30] INFO  server.RaftServerConfigKeys (ConfUtils.java:logGet(44)) - raft.server.watch.element-limit = 65536 (default)
2021-02-05 13:31:50,678 [84a23ac6-72e6-48f0-84ab-0e5b98bf0c8b@group-6DE01D8A8F69-LeaderElection30] INFO  impl.RoleInfo (RoleInfo.java:updateAndGet(130)) - 84a23ac6-72e6-48f0-84ab-0e5b98bf0c8b: start 84a23ac6-72e6-48f0-84ab-0e5b98bf0c8b@group-6DE01D8A8F69-LeaderStateImpl
2021-02-05 13:31:50,678 [84a23ac6-72e6-48f0-84ab-0e5b98bf0c8b@group-6DE01D8A8F69-LeaderElection30] INFO  segmented.SegmentedRaftLogWorker (SegmentedRaftLogWorker.java:startLogSegment(392)) - 84a23ac6-72e6-48f0-84ab-0e5b98bf0c8b@group-6DE01D8A8F69-SegmentedRaftLogWorker: Starting segment from index:0
2021-02-05 13:31:50,679 [84a23ac6-72e6-48f0-84ab-0e5b98bf0c8b@group-6DE01D8A8F69-LeaderElection30] INFO  server.RaftServer$Division (ServerState.java:setRaftConf(373)) - 84a23ac6-72e6-48f0-84ab-0e5b98bf0c8b@group-6DE01D8A8F69: set configuration 0: [84a23ac6-72e6-48f0-84ab-0e5b98bf0c8b|rpc:172.17.0.2:36963|admin:|client:|dataStream:|priority:1], old=null
2021-02-05 13:31:50,680 [84a23ac6-72e6-48f0-84ab-0e5b98bf0c8b@group-6DE01D8A8F69-SegmentedRaftLogWorker] INFO  segmented.SegmentedRaftLogWorker (SegmentedRaftLogWorker.java:execute(599)) - 84a23ac6-72e6-48f0-84ab-0e5b98bf0c8b@group-6DE01D8A8F69-SegmentedRaftLogWorker: created new log segment /github/workspace/mnt/ozone/hadoop-ozone/integration-test/target/test-dir/MiniOzoneClusterImpl-a92b2b3a-f9aa-4539-be01-238306fe77bb/datanode-7/data/ratis/6a61fbf8-4cbd-46c7-94b8-6de01d8a8f69/current/log_inprogress_0
2021-02-05 13:31:50,748 [Thread-857] INFO  impl.FollowerState (FollowerState.java:run(133)) - b68d5162-d56d-447f-8d08-327553c4f8b7@group-06FD4CECC38C-FollowerState: change to CANDIDATE, lastRpcElapsedTime:5014407545ns, electionTimeout:5014ms
2021-02-05 13:31:50,749 [Thread-857] INFO  impl.RoleInfo (RoleInfo.java:shutdownFollowerState(108)) - b68d5162-d56d-447f-8d08-327553c4f8b7: shutdown b68d5162-d56d-447f-8d08-327553c4f8b7@group-06FD4CECC38C-FollowerState
2021-02-05 13:31:50,749 [Thread-857] INFO  server.RaftServer$Division (RaftServerImpl.java:setRole(284)) - b68d5162-d56d-447f-8d08-327553c4f8b7@group-06FD4CECC38C: changes role from  FOLLOWER to CANDIDATE at term 0 for changeToCandidate
2021-02-05 13:31:50,749 [Thread-857] INFO  server.RaftServerConfigKeys (ConfUtils.java:logGet(44)) - raft.server.leaderelection.pre-vote = false (custom)
2021-02-05 13:31:50,749 [Thread-857] INFO  impl.RoleInfo (RoleInfo.java:updateAndGet(130)) - b68d5162-d56d-447f-8d08-327553c4f8b7: start b68d5162-d56d-447f-8d08-327553c4f8b7@group-06FD4CECC38C-LeaderElection31
2021-02-05 13:31:50,751 [b68d5162-d56d-447f-8d08-327553c4f8b7@group-06FD4CECC38C-LeaderElection31] INFO  impl.LeaderElection (LeaderElection.java:askForVotes(307)) - b68d5162-d56d-447f-8d08-327553c4f8b7@group-06FD4CECC38C-LeaderElection31 ELECTION round 0: submit vote requests at term 1 for -1: [b68d5162-d56d-447f-8d08-327553c4f8b7|rpc:172.17.0.2:36483|priority:1], old=null
2021-02-05 13:31:50,751 [b68d5162-d56d-447f-8d08-327553c4f8b7@group-06FD4CECC38C-LeaderElection31] INFO  impl.LeaderElection (LeaderElection.java:askForVotes(309)) - b68d5162-d56d-447f-8d08-327553c4f8b7@group-06FD4CECC38C-LeaderElection31 ELECTION round 0: result PASSED (term=1)
2021-02-05 13:31:50,751 [b68d5162-d56d-447f-8d08-327553c4f8b7@group-06FD4CECC38C-LeaderElection31] INFO  impl.RoleInfo (RoleInfo.java:shutdownLeaderElection(121)) - b68d5162-d56d-447f-8d08-327553c4f8b7: shutdown b68d5162-d56d-447f-8d08-327553c4f8b7@group-06FD4CECC38C-LeaderElection31
2021-02-05 13:31:50,751 [b68d5162-d56d-447f-8d08-327553c4f8b7@group-06FD4CECC38C-LeaderElection31] INFO  server.RaftServer$Division (RaftServerImpl.java:setRole(284)) - b68d5162-d56d-447f-8d08-327553c4f8b7@group-06FD4CECC38C: changes role from CANDIDATE to LEADER at term 1 for changeToLeader
2021-02-05 13:31:50,751 [b68d5162-d56d-447f-8d08-327553c4f8b7@group-06FD4CECC38C-LeaderElection31] INFO  ratis.XceiverServerRatis (XceiverServerRatis.java:handleLeaderChangedNotification(871)) - Leader change notification received for group: group-06FD4CECC38C with new leaderId: b68d5162-d56d-447f-8d08-327553c4f8b7
2021-02-05 13:31:50,752 [b68d5162-d56d-447f-8d08-327553c4f8b7@group-06FD4CECC38C-LeaderElection31] INFO  server.RaftServer$Division (ServerState.java:setLeader(271)) - b68d5162-d56d-447f-8d08-327553c4f8b7@group-06FD4CECC38C: change Leader from null to b68d5162-d56d-447f-8d08-327553c4f8b7 at term 1 for becomeLeader, leader elected after 5024ms
2021-02-05 13:31:50,752 [b68d5162-d56d-447f-8d08-327553c4f8b7@group-06FD4CECC38C-LeaderElection31] INFO  server.RaftServerConfigKeys (ConfUtils.java:logGet(44)) - raft.server.staging.catchup.gap = 1000 (default)
2021-02-05 13:31:50,752 [b68d5162-d56d-447f-8d08-327553c4f8b7@group-06FD4CECC38C-LeaderElection31] INFO  metrics.RatisMetrics (RatisMetrics.java:lambda$create$0(36)) - Creating Metrics Registry : ratis.log_appender.b68d5162-d56d-447f-8d08-327553c4f8b7@group-06FD4CECC38C
2021-02-05 13:31:50,752 [b68d5162-d56d-447f-8d08-327553c4f8b7@group-06FD4CECC38C-LeaderElection31] INFO  server.RaftServerConfigKeys (ConfUtils.java:logGet(44)) - raft.server.write.element-limit = 1024 (custom)
2021-02-05 13:31:50,753 [b68d5162-d56d-447f-8d08-327553c4f8b7@group-06FD4CECC38C-LeaderElection31] INFO  server.RaftServerConfigKeys (ConfUtils.java:logGet(44)) - raft.server.write.byte-limit = 1073741824 (custom)
2021-02-05 13:31:50,753 [b68d5162-d56d-447f-8d08-327553c4f8b7@group-06FD4CECC38C-LeaderElection31] INFO  server.RaftServerConfigKeys (ConfUtils.java:logGet(44)) - raft.server.watch.timeout = 3000ms (custom)
2021-02-05 13:31:50,753 [b68d5162-d56d-447f-8d08-327553c4f8b7@group-06FD4CECC38C-LeaderElection31] INFO  server.RaftServerConfigKeys (ConfUtils.java:logGet(44)) - raft.server.watch.timeout.denomination = 1s (default)
2021-02-05 13:31:50,753 [b68d5162-d56d-447f-8d08-327553c4f8b7@group-06FD4CECC38C-LeaderElection31] INFO  server.RaftServerConfigKeys (ConfUtils.java:logGet(44)) - raft.server.watch.element-limit = 65536 (default)
2021-02-05 13:31:50,753 [b68d5162-d56d-447f-8d08-327553c4f8b7@group-06FD4CECC38C-LeaderElection31] INFO  impl.RoleInfo (RoleInfo.java:updateAndGet(130)) - b68d5162-d56d-447f-8d08-327553c4f8b7: start b68d5162-d56d-447f-8d08-327553c4f8b7@group-06FD4CECC38C-LeaderStateImpl
2021-02-05 13:31:50,753 [b68d5162-d56d-447f-8d08-327553c4f8b7@group-06FD4CECC38C-LeaderElection31] INFO  segmented.SegmentedRaftLogWorker (SegmentedRaftLogWorker.java:startLogSegment(392)) - b68d5162-d56d-447f-8d08-327553c4f8b7@group-06FD4CECC38C-SegmentedRaftLogWorker: Starting segment from index:0
2021-02-05 13:31:50,754 [b68d5162-d56d-447f-8d08-327553c4f8b7@group-06FD4CECC38C-LeaderElection31] INFO  server.RaftServer$Division (ServerState.java:setRaftConf(373)) - b68d5162-d56d-447f-8d08-327553c4f8b7@group-06FD4CECC38C: set configuration 0: [b68d5162-d56d-447f-8d08-327553c4f8b7|rpc:172.17.0.2:36483|admin:|client:|dataStream:|priority:1], old=null
2021-02-05 13:31:50,754 [b68d5162-d56d-447f-8d08-327553c4f8b7@group-06FD4CECC38C-SegmentedRaftLogWorker] INFO  segmented.SegmentedRaftLogWorker (SegmentedRaftLogWorker.java:execute(599)) - b68d5162-d56d-447f-8d08-327553c4f8b7@group-06FD4CECC38C-SegmentedRaftLogWorker: created new log segment /github/workspace/mnt/ozone/hadoop-ozone/integration-test/target/test-dir/MiniOzoneClusterImpl-a92b2b3a-f9aa-4539-be01-238306fe77bb/datanode-8/data/ratis/b3e39e0d-eab8-43d8-bcc3-06fd4cecc38c/current/log_inprogress_0
2021-02-05 13:31:52,733 [EventQueue-Delayed safe mode statusForReplicationManager] INFO  container.ReplicationManager (ReplicationManager.java:start(186)) - Starting Replication Monitor Thread.
2021-02-05 13:31:52,735 [ReplicationMonitor] INFO  container.ReplicationManager (ReplicationManager.java:run(250)) - Replication Monitor Thread took 0 milliseconds for processing 1 containers.
2021-02-05 13:31:53,592 [java.util.concurrent.ThreadPoolExecutor$Worker@4cb215f9[State = -1, empty queue]] INFO  metrics.RatisMetrics (RatisMetrics.java:lambda$create$0(36)) - Creating Metrics Registry : ratis.client_message_metrics.client-E66D8F9D9615->a4acbc3e-e00f-4d43-961e-4e2aff2ce09e
2021-02-05 13:31:54,810 [Thread-891] INFO  impl.FollowerState (FollowerState.java:run(133)) - 5636fed9-8cb9-4b03-9cef-dc5fa3810e57@group-1F920D138C37-FollowerState: change to CANDIDATE, lastRpcElapsedTime:5022603965ns, electionTimeout:5016ms
2021-02-05 13:31:54,810 [Thread-891] INFO  impl.RoleInfo (RoleInfo.java:shutdownFollowerState(108)) - 5636fed9-8cb9-4b03-9cef-dc5fa3810e57: shutdown 5636fed9-8cb9-4b03-9cef-dc5fa3810e57@group-1F920D138C37-FollowerState
2021-02-05 13:31:54,810 [Thread-891] INFO  server.RaftServer$Division (RaftServerImpl.java:setRole(284)) - 5636fed9-8cb9-4b03-9cef-dc5fa3810e57@group-1F920D138C37: changes role from  FOLLOWER to CANDIDATE at term 1 for changeToCandidate
2021-02-05 13:31:54,810 [Thread-891] INFO  server.RaftServerConfigKeys (ConfUtils.java:logGet(44)) - raft.server.leaderelection.pre-vote = false (custom)
2021-02-05 13:31:54,810 [Thread-891] INFO  impl.RoleInfo (RoleInfo.java:updateAndGet(130)) - 5636fed9-8cb9-4b03-9cef-dc5fa3810e57: start 5636fed9-8cb9-4b03-9cef-dc5fa3810e57@group-1F920D138C37-LeaderElection32
2021-02-05 13:31:54,812 [5636fed9-8cb9-4b03-9cef-dc5fa3810e57@group-1F920D138C37-LeaderElection32] INFO  impl.LeaderElection (LeaderElection.java:askForVotes(307)) - 5636fed9-8cb9-4b03-9cef-dc5fa3810e57@group-1F920D138C37-LeaderElection32 ELECTION round 0: submit vote requests at term 2 for -1: [2ede91c2-32fe-4bb4-920b-e41603f7020f|rpc:172.17.0.2:41897|priority:1, 642d0014-1bde-428b-b06d-30c9ab67a786|rpc:172.17.0.2:39473|priority:0, 5636fed9-8cb9-4b03-9cef-dc5fa3810e57|rpc:172.17.0.2:46415|priority:0], old=null
2021-02-05 13:31:54,816 [grpc-default-executor-1] INFO  server.RaftServer$Division (RaftServerImpl.java:requestVote(1025)) - 2ede91c2-32fe-4bb4-920b-e41603f7020f@group-1F920D138C37: receive requestVote(ELECTION, 5636fed9-8cb9-4b03-9cef-dc5fa3810e57, group-1F920D138C37, 2, (t:0, i:0))
2021-02-05 13:31:54,816 [grpc-default-executor-1] INFO  impl.VoteContext (VoteContext.java:log(48)) - 2ede91c2-32fe-4bb4-920b-e41603f7020f@group-1F920D138C37-FOLLOWER: reject ELECTION from 5636fed9-8cb9-4b03-9cef-dc5fa3810e57: our priority 1 > candidate's priority 0
2021-02-05 13:31:54,816 [grpc-default-executor-1] INFO  server.RaftServer$Division (RaftServerImpl.java:setRole(284)) - 2ede91c2-32fe-4bb4-920b-e41603f7020f@group-1F920D138C37: changes role from  FOLLOWER to FOLLOWER at term 2 for candidate:5636fed9-8cb9-4b03-9cef-dc5fa3810e57
2021-02-05 13:31:54,816 [grpc-default-executor-1] INFO  impl.RoleInfo (RoleInfo.java:shutdownFollowerState(108)) - 2ede91c2-32fe-4bb4-920b-e41603f7020f: shutdown 2ede91c2-32fe-4bb4-920b-e41603f7020f@group-1F920D138C37-FollowerState
2021-02-05 13:31:54,816 [grpc-default-executor-1] INFO  impl.RoleInfo (RoleInfo.java:updateAndGet(130)) - 2ede91c2-32fe-4bb4-920b-e41603f7020f: start 2ede91c2-32fe-4bb4-920b-e41603f7020f@group-1F920D138C37-FollowerState
2021-02-05 13:31:54,816 [Thread-894] INFO  impl.FollowerState (FollowerState.java:run(142)) - 2ede91c2-32fe-4bb4-920b-e41603f7020f@group-1F920D138C37-FollowerState was interrupted: {}
java.lang.InterruptedException: sleep interrupted
	at java.lang.Thread.sleep(Native Method)
	at java.lang.Thread.sleep(Thread.java:340)
	at java.util.concurrent.TimeUnit.sleep(TimeUnit.java:386)
	at org.apache.ratis.util.TimeDuration.sleep(TimeDuration.java:324)
	at org.apache.ratis.util.TimeDuration.sleep(TimeDuration.java:309)
	at org.apache.ratis.server.impl.FollowerState.run(FollowerState.java:117)
2021-02-05 13:31:54,823 [Thread-893] INFO  impl.FollowerState (FollowerState.java:run(133)) - 9a530726-af8b-4f6c-9588-6c152d944b80@group-CBE835C2428B-FollowerState: change to CANDIDATE, lastRpcElapsedTime:5023394267ns, electionTimeout:5022ms
2021-02-05 13:31:54,823 [Thread-893] INFO  impl.RoleInfo (RoleInfo.java:shutdownFollowerState(108)) - 9a530726-af8b-4f6c-9588-6c152d944b80: shutdown 9a530726-af8b-4f6c-9588-6c152d944b80@group-CBE835C2428B-FollowerState
2021-02-05 13:31:54,823 [Thread-893] INFO  server.RaftServer$Division (RaftServerImpl.java:setRole(284)) - 9a530726-af8b-4f6c-9588-6c152d944b80@group-CBE835C2428B: changes role from  FOLLOWER to CANDIDATE at term 2 for changeToCandidate
2021-02-05 13:31:54,823 [Thread-893] INFO  server.RaftServerConfigKeys (ConfUtils.java:logGet(44)) - raft.server.leaderelection.pre-vote = false (custom)
2021-02-05 13:31:54,823 [Thread-893] INFO  impl.RoleInfo (RoleInfo.java:updateAndGet(130)) - 9a530726-af8b-4f6c-9588-6c152d944b80: start 9a530726-af8b-4f6c-9588-6c152d944b80@group-CBE835C2428B-LeaderElection33
2021-02-05 13:31:54,816 [grpc-default-executor-4] INFO  server.RaftServer$Division (RaftServerImpl.java:requestVote(1025)) - 642d0014-1bde-428b-b06d-30c9ab67a786@group-1F920D138C37: receive requestVote(ELECTION, 5636fed9-8cb9-4b03-9cef-dc5fa3810e57, group-1F920D138C37, 2, (t:0, i:0))
2021-02-05 13:31:54,823 [Thread-892] INFO  impl.FollowerState (FollowerState.java:run(133)) - 642d0014-1bde-428b-b06d-30c9ab67a786@group-1F920D138C37-FollowerState: change to CANDIDATE, lastRpcElapsedTime:5024705370ns, electionTimeout:5015ms
2021-02-05 13:31:54,824 [Thread-892] INFO  impl.RoleInfo (RoleInfo.java:shutdownFollowerState(108)) - 642d0014-1bde-428b-b06d-30c9ab67a786: shutdown 642d0014-1bde-428b-b06d-30c9ab67a786@group-1F920D138C37-FollowerState
2021-02-05 13:31:54,824 [Thread-892] INFO  server.RaftServer$Division (RaftServerImpl.java:setRole(284)) - 642d0014-1bde-428b-b06d-30c9ab67a786@group-1F920D138C37: changes role from  FOLLOWER to CANDIDATE at term 1 for changeToCandidate
2021-02-05 13:31:54,824 [Thread-892] INFO  server.RaftServerConfigKeys (ConfUtils.java:logGet(44)) - raft.server.leaderelection.pre-vote = false (custom)
2021-02-05 13:31:54,824 [Thread-892] INFO  impl.RoleInfo (RoleInfo.java:updateAndGet(130)) - 642d0014-1bde-428b-b06d-30c9ab67a786: start 642d0014-1bde-428b-b06d-30c9ab67a786@group-1F920D138C37-LeaderElection34
2021-02-05 13:31:54,824 [grpc-default-executor-4] INFO  impl.VoteContext (VoteContext.java:log(48)) - 642d0014-1bde-428b-b06d-30c9ab67a786@group-1F920D138C37-CANDIDATE: accept ELECTION from 5636fed9-8cb9-4b03-9cef-dc5fa3810e57: our priority 0 <= candidate's priority 0
2021-02-05 13:31:54,824 [grpc-default-executor-4] INFO  server.RaftServer$Division (RaftServerImpl.java:setRole(284)) - 642d0014-1bde-428b-b06d-30c9ab67a786@group-1F920D138C37: changes role from CANDIDATE to FOLLOWER at term 2 for candidate:5636fed9-8cb9-4b03-9cef-dc5fa3810e57
2021-02-05 13:31:54,824 [grpc-default-executor-4] INFO  impl.RoleInfo (RoleInfo.java:shutdownLeaderElection(121)) - 642d0014-1bde-428b-b06d-30c9ab67a786: shutdown 642d0014-1bde-428b-b06d-30c9ab67a786@group-1F920D138C37-LeaderElection34
2021-02-05 13:31:54,824 [grpc-default-executor-4] INFO  impl.RoleInfo (RoleInfo.java:updateAndGet(130)) - 642d0014-1bde-428b-b06d-30c9ab67a786: start 642d0014-1bde-428b-b06d-30c9ab67a786@group-1F920D138C37-FollowerState
2021-02-05 13:31:54,824 [grpc-default-executor-1] INFO  server.RaftServer$Division (RaftServerImpl.java:requestVote(1057)) - 2ede91c2-32fe-4bb4-920b-e41603f7020f@group-1F920D138C37 replies to ELECTION vote request: 5636fed9-8cb9-4b03-9cef-dc5fa3810e57<-2ede91c2-32fe-4bb4-920b-e41603f7020f#0:FAIL-t2. Peer's state: 2ede91c2-32fe-4bb4-920b-e41603f7020f@group-1F920D138C37:t2, leader=null, voted=null, raftlog=2ede91c2-32fe-4bb4-920b-e41603f7020f@group-1F920D138C37-SegmentedRaftLog:OPENED:c-1,f-1,i0, conf=-1: [2ede91c2-32fe-4bb4-920b-e41603f7020f|rpc:172.17.0.2:41897|admin:|client:|dataStream:|priority:1, 642d0014-1bde-428b-b06d-30c9ab67a786|rpc:172.17.0.2:39473|admin:|client:|dataStream:|priority:0, 5636fed9-8cb9-4b03-9cef-dc5fa3810e57|rpc:172.17.0.2:46415|admin:|client:|dataStream:|priority:0], old=null
2021-02-05 13:31:54,825 [5636fed9-8cb9-4b03-9cef-dc5fa3810e57@group-1F920D138C37-LeaderElection32] INFO  impl.LeaderElection (LeaderElection.java:logAndReturn(89)) - 5636fed9-8cb9-4b03-9cef-dc5fa3810e57@group-1F920D138C37-LeaderElection32: ELECTION REJECTED received 1 response(s) and 0 exception(s):
2021-02-05 13:31:54,825 [5636fed9-8cb9-4b03-9cef-dc5fa3810e57@group-1F920D138C37-LeaderElection32] INFO  impl.LeaderElection (LeaderElection.java:logAndReturn(93)) -   Response 0: 5636fed9-8cb9-4b03-9cef-dc5fa3810e57<-2ede91c2-32fe-4bb4-920b-e41603f7020f#0:FAIL-t2
2021-02-05 13:31:54,825 [5636fed9-8cb9-4b03-9cef-dc5fa3810e57@group-1F920D138C37-LeaderElection32] INFO  impl.LeaderElection (LeaderElection.java:askForVotes(309)) - 5636fed9-8cb9-4b03-9cef-dc5fa3810e57@group-1F920D138C37-LeaderElection32 ELECTION round 0: result REJECTED
2021-02-05 13:31:54,826 [5636fed9-8cb9-4b03-9cef-dc5fa3810e57@group-1F920D138C37-LeaderElection32] INFO  server.RaftServer$Division (RaftServerImpl.java:setRole(284)) - 5636fed9-8cb9-4b03-9cef-dc5fa3810e57@group-1F920D138C37: changes role from CANDIDATE to FOLLOWER at term 2 for REJECTED
2021-02-05 13:31:54,826 [5636fed9-8cb9-4b03-9cef-dc5fa3810e57@group-1F920D138C37-LeaderElection32] INFO  impl.RoleInfo (RoleInfo.java:shutdownLeaderElection(121)) - 5636fed9-8cb9-4b03-9cef-dc5fa3810e57: shutdown 5636fed9-8cb9-4b03-9cef-dc5fa3810e57@group-1F920D138C37-LeaderElection32
2021-02-05 13:31:54,826 [5636fed9-8cb9-4b03-9cef-dc5fa3810e57@group-1F920D138C37-LeaderElection32] INFO  impl.RoleInfo (RoleInfo.java:updateAndGet(130)) - 5636fed9-8cb9-4b03-9cef-dc5fa3810e57: start 5636fed9-8cb9-4b03-9cef-dc5fa3810e57@group-1F920D138C37-FollowerState
2021-02-05 13:31:54,826 [grpc-default-executor-4] INFO  server.RaftServer$Division (RaftServerImpl.java:requestVote(1057)) - 642d0014-1bde-428b-b06d-30c9ab67a786@group-1F920D138C37 replies to ELECTION vote request: 5636fed9-8cb9-4b03-9cef-dc5fa3810e57<-642d0014-1bde-428b-b06d-30c9ab67a786#0:OK-t2. Peer's state: 642d0014-1bde-428b-b06d-30c9ab67a786@group-1F920D138C37:t2, leader=null, voted=5636fed9-8cb9-4b03-9cef-dc5fa3810e57, raftlog=642d0014-1bde-428b-b06d-30c9ab67a786@group-1F920D138C37-SegmentedRaftLog:OPENED:c-1,f-1,i0, conf=-1: [2ede91c2-32fe-4bb4-920b-e41603f7020f|rpc:172.17.0.2:41897|admin:|client:|dataStream:|priority:1, 642d0014-1bde-428b-b06d-30c9ab67a786|rpc:172.17.0.2:39473|admin:|client:|dataStream:|priority:0, 5636fed9-8cb9-4b03-9cef-dc5fa3810e57|rpc:172.17.0.2:46415|admin:|client:|dataStream:|priority:0], old=null
2021-02-05 13:31:54,826 [9a530726-af8b-4f6c-9588-6c152d944b80@group-CBE835C2428B-LeaderElection33] INFO  impl.LeaderElection (LeaderElection.java:askForVotes(307)) - 9a530726-af8b-4f6c-9588-6c152d944b80@group-CBE835C2428B-LeaderElection33 ELECTION round 0: submit vote requests at term 3 for -1: [a9448078-34fe-435b-8f34-59bdbb0249c7|rpc:172.17.0.2:33155|priority:1, 9a530726-af8b-4f6c-9588-6c152d944b80|rpc:172.17.0.2:39199|priority:0, a4acbc3e-e00f-4d43-961e-4e2aff2ce09e|rpc:172.17.0.2:45209|priority:0], old=null
2021-02-05 13:31:54,829 [grpc-default-executor-4] INFO  server.RaftServer$Division (RaftServerImpl.java:requestVote(1025)) - a4acbc3e-e00f-4d43-961e-4e2aff2ce09e@group-CBE835C2428B: receive requestVote(ELECTION, 9a530726-af8b-4f6c-9588-6c152d944b80, group-CBE835C2428B, 3, (t:0, i:0))
2021-02-05 13:31:54,829 [grpc-default-executor-4] INFO  impl.VoteContext (VoteContext.java:log(48)) - a4acbc3e-e00f-4d43-961e-4e2aff2ce09e@group-CBE835C2428B-FOLLOWER: accept ELECTION from 9a530726-af8b-4f6c-9588-6c152d944b80: our priority 0 <= candidate's priority 0
2021-02-05 13:31:54,829 [grpc-default-executor-4] INFO  server.RaftServer$Division (RaftServerImpl.java:setRole(284)) - a4acbc3e-e00f-4d43-961e-4e2aff2ce09e@group-CBE835C2428B: changes role from  FOLLOWER to FOLLOWER at term 3 for candidate:9a530726-af8b-4f6c-9588-6c152d944b80
2021-02-05 13:31:54,829 [grpc-default-executor-4] INFO  impl.RoleInfo (RoleInfo.java:shutdownFollowerState(108)) - a4acbc3e-e00f-4d43-961e-4e2aff2ce09e: shutdown a4acbc3e-e00f-4d43-961e-4e2aff2ce09e@group-CBE835C2428B-FollowerState
2021-02-05 13:31:54,829 [grpc-default-executor-4] INFO  impl.RoleInfo (RoleInfo.java:updateAndGet(130)) - a4acbc3e-e00f-4d43-961e-4e2aff2ce09e: start a4acbc3e-e00f-4d43-961e-4e2aff2ce09e@group-CBE835C2428B-FollowerState
2021-02-05 13:31:54,829 [Thread-883] INFO  impl.FollowerState (FollowerState.java:run(142)) - a4acbc3e-e00f-4d43-961e-4e2aff2ce09e@group-CBE835C2428B-FollowerState was interrupted: {}
java.lang.InterruptedException: sleep interrupted
	at java.lang.Thread.sleep(Native Method)
	at java.lang.Thread.sleep(Thread.java:340)
	at java.util.concurrent.TimeUnit.sleep(TimeUnit.java:386)
	at org.apache.ratis.util.TimeDuration.sleep(TimeDuration.java:324)
	at org.apache.ratis.util.TimeDuration.sleep(TimeDuration.java:309)
	at org.apache.ratis.server.impl.FollowerState.run(FollowerState.java:117)
2021-02-05 13:31:54,833 [grpc-default-executor-1] INFO  server.RaftServer$Division (RaftServerImpl.java:requestVote(1025)) - a9448078-34fe-435b-8f34-59bdbb0249c7@group-CBE835C2428B: receive requestVote(ELECTION, 9a530726-af8b-4f6c-9588-6c152d944b80, group-CBE835C2428B, 3, (t:0, i:0))
2021-02-05 13:31:54,833 [grpc-default-executor-4] INFO  server.RaftServer$Division (RaftServerImpl.java:requestVote(1057)) - a4acbc3e-e00f-4d43-961e-4e2aff2ce09e@group-CBE835C2428B replies to ELECTION vote request: 9a530726-af8b-4f6c-9588-6c152d944b80<-a4acbc3e-e00f-4d43-961e-4e2aff2ce09e#0:OK-t3. Peer's state: a4acbc3e-e00f-4d43-961e-4e2aff2ce09e@group-CBE835C2428B:t3, leader=null, voted=9a530726-af8b-4f6c-9588-6c152d944b80, raftlog=a4acbc3e-e00f-4d43-961e-4e2aff2ce09e@group-CBE835C2428B-SegmentedRaftLog:OPENED:c-1,f-1,i0, conf=-1: [a9448078-34fe-435b-8f34-59bdbb0249c7|rpc:172.17.0.2:33155|priority:1, 9a530726-af8b-4f6c-9588-6c152d944b80|rpc:172.17.0.2:39199|priority:0, a4acbc3e-e00f-4d43-961e-4e2aff2ce09e|rpc:172.17.0.2:45209|priority:0], old=null
2021-02-05 13:31:54,833 [grpc-default-executor-1] INFO  impl.VoteContext (VoteContext.java:log(48)) - a9448078-34fe-435b-8f34-59bdbb0249c7@group-CBE835C2428B-FOLLOWER: reject ELECTION from 9a530726-af8b-4f6c-9588-6c152d944b80: our last entry (t:1, i:0) > candidate's last entry (t:0, i:0)
2021-02-05 13:31:54,834 [grpc-default-executor-1] INFO  server.RaftServer$Division (RaftServerImpl.java:setRole(284)) - a9448078-34fe-435b-8f34-59bdbb0249c7@group-CBE835C2428B: changes role from  FOLLOWER to FOLLOWER at term 3 for candidate:9a530726-af8b-4f6c-9588-6c152d944b80
2021-02-05 13:31:54,834 [grpc-default-executor-1] INFO  impl.RoleInfo (RoleInfo.java:shutdownFollowerState(108)) - a9448078-34fe-435b-8f34-59bdbb0249c7: shutdown a9448078-34fe-435b-8f34-59bdbb0249c7@group-CBE835C2428B-FollowerState
2021-02-05 13:31:54,834 [grpc-default-executor-1] INFO  impl.RoleInfo (RoleInfo.java:updateAndGet(130)) - a9448078-34fe-435b-8f34-59bdbb0249c7: start a9448078-34fe-435b-8f34-59bdbb0249c7@group-CBE835C2428B-FollowerState
2021-02-05 13:31:54,834 [Thread-888] INFO  impl.FollowerState (FollowerState.java:run(142)) - a9448078-34fe-435b-8f34-59bdbb0249c7@group-CBE835C2428B-FollowerState was interrupted: {}
java.lang.InterruptedException: sleep interrupted
	at java.lang.Thread.sleep(Native Method)
	at java.lang.Thread.sleep(Thread.java:340)
	at java.util.concurrent.TimeUnit.sleep(TimeUnit.java:386)
	at org.apache.ratis.util.TimeDuration.sleep(TimeDuration.java:324)
	at org.apache.ratis.util.TimeDuration.sleep(TimeDuration.java:309)
	at org.apache.ratis.server.impl.FollowerState.run(FollowerState.java:117)
2021-02-05 13:31:54,841 [grpc-default-executor-1] INFO  server.RaftServer$Division (RaftServerImpl.java:requestVote(1057)) - a9448078-34fe-435b-8f34-59bdbb0249c7@group-CBE835C2428B replies to ELECTION vote request: 9a530726-af8b-4f6c-9588-6c152d944b80<-a9448078-34fe-435b-8f34-59bdbb0249c7#0:FAIL-t3. Peer's state: a9448078-34fe-435b-8f34-59bdbb0249c7@group-CBE835C2428B:t3, leader=null, voted=null, raftlog=a9448078-34fe-435b-8f34-59bdbb0249c7@group-CBE835C2428B-SegmentedRaftLog:OPENED:c0,f0,i0, conf=0: [a9448078-34fe-435b-8f34-59bdbb0249c7|rpc:172.17.0.2:33155|admin:|client:|dataStream:|priority:1, 9a530726-af8b-4f6c-9588-6c152d944b80|rpc:172.17.0.2:39199|admin:|client:|dataStream:|priority:0, a4acbc3e-e00f-4d43-961e-4e2aff2ce09e|rpc:172.17.0.2:45209|admin:|client:|dataStream:|priority:0], old=null
2021-02-05 13:31:54,841 [9a530726-af8b-4f6c-9588-6c152d944b80@group-CBE835C2428B-LeaderElection33] INFO  impl.LeaderElection (LeaderElection.java:logAndReturn(89)) - 9a530726-af8b-4f6c-9588-6c152d944b80@group-CBE835C2428B-LeaderElection33: ELECTION REJECTED received 2 response(s) and 0 exception(s):
2021-02-05 13:31:54,841 [9a530726-af8b-4f6c-9588-6c152d944b80@group-CBE835C2428B-LeaderElection33] INFO  impl.LeaderElection (LeaderElection.java:logAndReturn(93)) -   Response 0: 9a530726-af8b-4f6c-9588-6c152d944b80<-a9448078-34fe-435b-8f34-59bdbb0249c7#0:FAIL-t3
2021-02-05 13:31:54,841 [9a530726-af8b-4f6c-9588-6c152d944b80@group-CBE835C2428B-LeaderElection33] INFO  impl.LeaderElection (LeaderElection.java:logAndReturn(93)) -   Response 1: 9a530726-af8b-4f6c-9588-6c152d944b80<-a4acbc3e-e00f-4d43-961e-4e2aff2ce09e#0:OK-t3
2021-02-05 13:31:54,842 [9a530726-af8b-4f6c-9588-6c152d944b80@group-CBE835C2428B-LeaderElection33] INFO  impl.LeaderElection (LeaderElection.java:askForVotes(309)) - 9a530726-af8b-4f6c-9588-6c152d944b80@group-CBE835C2428B-LeaderElection33 ELECTION round 0: result REJECTED
2021-02-05 13:31:54,842 [9a530726-af8b-4f6c-9588-6c152d944b80@group-CBE835C2428B-LeaderElection33] INFO  server.RaftServer$Division (RaftServerImpl.java:setRole(284)) - 9a530726-af8b-4f6c-9588-6c152d944b80@group-CBE835C2428B: changes role from CANDIDATE to FOLLOWER at term 3 for REJECTED
2021-02-05 13:31:54,842 [9a530726-af8b-4f6c-9588-6c152d944b80@group-CBE835C2428B-LeaderElection33] INFO  impl.RoleInfo (RoleInfo.java:shutdownLeaderElection(121)) - 9a530726-af8b-4f6c-9588-6c152d944b80: shutdown 9a530726-af8b-4f6c-9588-6c152d944b80@group-CBE835C2428B-LeaderElection33
2021-02-05 13:31:54,842 [9a530726-af8b-4f6c-9588-6c152d944b80@group-CBE835C2428B-LeaderElection33] INFO  impl.RoleInfo (RoleInfo.java:updateAndGet(130)) - 9a530726-af8b-4f6c-9588-6c152d944b80: start 9a530726-af8b-4f6c-9588-6c152d944b80@group-CBE835C2428B-FollowerState
2021-02-05 13:31:55,492 [Thread-907] INFO  impl.FollowerState (FollowerState.java:run(133)) - 2218627d-9616-4ee5-9949-877c53e44591@group-F12C99FB9DB4-FollowerState: change to CANDIDATE, lastRpcElapsedTime:5059030654ns, electionTimeout:5058ms
2021-02-05 13:31:55,492 [Thread-907] INFO  impl.RoleInfo (RoleInfo.java:shutdownFollowerState(108)) - 2218627d-9616-4ee5-9949-877c53e44591: shutdown 2218627d-9616-4ee5-9949-877c53e44591@group-F12C99FB9DB4-FollowerState
2021-02-05 13:31:55,492 [Thread-907] INFO  server.RaftServer$Division (RaftServerImpl.java:setRole(284)) - 2218627d-9616-4ee5-9949-877c53e44591@group-F12C99FB9DB4: changes role from  FOLLOWER to CANDIDATE at term 1 for changeToCandidate
2021-02-05 13:31:55,492 [Thread-907] INFO  server.RaftServerConfigKeys (ConfUtils.java:logGet(44)) - raft.server.leaderelection.pre-vote = false (custom)
2021-02-05 13:31:55,492 [Thread-907] INFO  impl.RoleInfo (RoleInfo.java:updateAndGet(130)) - 2218627d-9616-4ee5-9949-877c53e44591: start 2218627d-9616-4ee5-9949-877c53e44591@group-F12C99FB9DB4-LeaderElection35
2021-02-05 13:31:55,493 [Thread-905] INFO  impl.FollowerState (FollowerState.java:run(133)) - b68d5162-d56d-447f-8d08-327553c4f8b7@group-F12C99FB9DB4-FollowerState: change to CANDIDATE, lastRpcElapsedTime:5067830375ns, electionTimeout:5060ms
2021-02-05 13:31:55,493 [Thread-905] INFO  impl.RoleInfo (RoleInfo.java:shutdownFollowerState(108)) - b68d5162-d56d-447f-8d08-327553c4f8b7: shutdown b68d5162-d56d-447f-8d08-327553c4f8b7@group-F12C99FB9DB4-FollowerState
2021-02-05 13:31:55,493 [Thread-905] INFO  server.RaftServer$Division (RaftServerImpl.java:setRole(284)) - b68d5162-d56d-447f-8d08-327553c4f8b7@group-F12C99FB9DB4: changes role from  FOLLOWER to CANDIDATE at term 1 for changeToCandidate
2021-02-05 13:31:55,493 [Thread-905] INFO  server.RaftServerConfigKeys (ConfUtils.java:logGet(44)) - raft.server.leaderelection.pre-vote = false (custom)
2021-02-05 13:31:55,493 [Thread-905] INFO  impl.RoleInfo (RoleInfo.java:updateAndGet(130)) - b68d5162-d56d-447f-8d08-327553c4f8b7: start b68d5162-d56d-447f-8d08-327553c4f8b7@group-F12C99FB9DB4-LeaderElection36
2021-02-05 13:31:55,494 [2218627d-9616-4ee5-9949-877c53e44591@group-F12C99FB9DB4-LeaderElection35] INFO  impl.LeaderElection (LeaderElection.java:askForVotes(307)) - 2218627d-9616-4ee5-9949-877c53e44591@group-F12C99FB9DB4-LeaderElection35 ELECTION round 0: submit vote requests at term 2 for -1: [2218627d-9616-4ee5-9949-877c53e44591|rpc:172.17.0.2:40851|priority:0, b68d5162-d56d-447f-8d08-327553c4f8b7|rpc:172.17.0.2:36483|priority:1, 84a23ac6-72e6-48f0-84ab-0e5b98bf0c8b|rpc:172.17.0.2:36963|priority:0], old=null
2021-02-05 13:31:55,495 [b68d5162-d56d-447f-8d08-327553c4f8b7@group-F12C99FB9DB4-LeaderElection36] INFO  impl.LeaderElection (LeaderElection.java:askForVotes(307)) - b68d5162-d56d-447f-8d08-327553c4f8b7@group-F12C99FB9DB4-LeaderElection36 ELECTION round 0: submit vote requests at term 2 for -1: [2218627d-9616-4ee5-9949-877c53e44591|rpc:172.17.0.2:40851|admin:|client:|dataStream:|priority:0, b68d5162-d56d-447f-8d08-327553c4f8b7|rpc:172.17.0.2:36483|admin:|client:|dataStream:|priority:1, 84a23ac6-72e6-48f0-84ab-0e5b98bf0c8b|rpc:172.17.0.2:36963|admin:|client:|dataStream:|priority:0], old=null
2021-02-05 13:31:55,502 [grpc-default-executor-0] INFO  metrics.RatisMetrics (RatisMetrics.java:lambda$create$0(36)) - Creating Metrics Registry : ratis.server_message_metrics.2218627d-9616-4ee5-9949-877c53e44591
2021-02-05 13:31:55,507 [grpc-default-executor-1] INFO  server.RaftServer$Division (RaftServerImpl.java:requestVote(1025)) - 84a23ac6-72e6-48f0-84ab-0e5b98bf0c8b@group-F12C99FB9DB4: receive requestVote(ELECTION, 2218627d-9616-4ee5-9949-877c53e44591, group-F12C99FB9DB4, 2, (t:0, i:0))
2021-02-05 13:31:55,507 [grpc-default-executor-4] INFO  server.RaftServer$Division (RaftServerImpl.java:requestVote(1025)) - b68d5162-d56d-447f-8d08-327553c4f8b7@group-F12C99FB9DB4: receive requestVote(ELECTION, 2218627d-9616-4ee5-9949-877c53e44591, group-F12C99FB9DB4, 2, (t:0, i:0))
2021-02-05 13:31:55,507 [grpc-default-executor-0] INFO  server.RaftServer$Division (RaftServerImpl.java:requestVote(1025)) - 2218627d-9616-4ee5-9949-877c53e44591@group-F12C99FB9DB4: receive requestVote(ELECTION, b68d5162-d56d-447f-8d08-327553c4f8b7, group-F12C99FB9DB4, 2, (t:0, i:0))
2021-02-05 13:31:55,509 [grpc-default-executor-0] INFO  impl.VoteContext (VoteContext.java:log(48)) - 2218627d-9616-4ee5-9949-877c53e44591@group-F12C99FB9DB4-CANDIDATE: reject ELECTION from b68d5162-d56d-447f-8d08-327553c4f8b7: already has voted for 2218627d-9616-4ee5-9949-877c53e44591 at current term 2
2021-02-05 13:31:55,509 [grpc-default-executor-0] INFO  server.RaftServer$Division (RaftServerImpl.java:requestVote(1057)) - 2218627d-9616-4ee5-9949-877c53e44591@group-F12C99FB9DB4 replies to ELECTION vote request: b68d5162-d56d-447f-8d08-327553c4f8b7<-2218627d-9616-4ee5-9949-877c53e44591#0:FAIL-t2. Peer's state: 2218627d-9616-4ee5-9949-877c53e44591@group-F12C99FB9DB4:t2, leader=null, voted=2218627d-9616-4ee5-9949-877c53e44591, raftlog=2218627d-9616-4ee5-9949-877c53e44591@group-F12C99FB9DB4-SegmentedRaftLog:OPENED:c-1,f-1,i0, conf=-1: [2218627d-9616-4ee5-9949-877c53e44591|rpc:172.17.0.2:40851|priority:0, b68d5162-d56d-447f-8d08-327553c4f8b7|rpc:172.17.0.2:36483|priority:1, 84a23ac6-72e6-48f0-84ab-0e5b98bf0c8b|rpc:172.17.0.2:36963|priority:0], old=null
2021-02-05 13:31:55,508 [grpc-default-executor-4] INFO  impl.VoteContext (VoteContext.java:log(48)) - b68d5162-d56d-447f-8d08-327553c4f8b7@group-F12C99FB9DB4-CANDIDATE: reject ELECTION from 2218627d-9616-4ee5-9949-877c53e44591: already has voted for b68d5162-d56d-447f-8d08-327553c4f8b7 at current term 2
2021-02-05 13:31:55,509 [grpc-default-executor-4] INFO  server.RaftServer$Division (RaftServerImpl.java:requestVote(1057)) - b68d5162-d56d-447f-8d08-327553c4f8b7@group-F12C99FB9DB4 replies to ELECTION vote request: 2218627d-9616-4ee5-9949-877c53e44591<-b68d5162-d56d-447f-8d08-327553c4f8b7#0:FAIL-t2. Peer's state: b68d5162-d56d-447f-8d08-327553c4f8b7@group-F12C99FB9DB4:t2, leader=null, voted=b68d5162-d56d-447f-8d08-327553c4f8b7, raftlog=b68d5162-d56d-447f-8d08-327553c4f8b7@group-F12C99FB9DB4-SegmentedRaftLog:OPENED:c-1,f-1,i0, conf=-1: [2218627d-9616-4ee5-9949-877c53e44591|rpc:172.17.0.2:40851|admin:|client:|dataStream:|priority:0, b68d5162-d56d-447f-8d08-327553c4f8b7|rpc:172.17.0.2:36483|admin:|client:|dataStream:|priority:1, 84a23ac6-72e6-48f0-84ab-0e5b98bf0c8b|rpc:172.17.0.2:36963|admin:|client:|dataStream:|priority:0], old=null
2021-02-05 13:31:55,508 [grpc-default-executor-1] INFO  impl.VoteContext (VoteContext.java:log(48)) - 84a23ac6-72e6-48f0-84ab-0e5b98bf0c8b@group-F12C99FB9DB4-FOLLOWER: accept ELECTION from 2218627d-9616-4ee5-9949-877c53e44591: our priority 0 <= candidate's priority 0
2021-02-05 13:31:55,509 [grpc-default-executor-1] INFO  server.RaftServer$Division (RaftServerImpl.java:setRole(284)) - 84a23ac6-72e6-48f0-84ab-0e5b98bf0c8b@group-F12C99FB9DB4: changes role from  FOLLOWER to FOLLOWER at term 2 for candidate:2218627d-9616-4ee5-9949-877c53e44591
2021-02-05 13:31:55,509 [grpc-default-executor-1] INFO  impl.RoleInfo (RoleInfo.java:shutdownFollowerState(108)) - 84a23ac6-72e6-48f0-84ab-0e5b98bf0c8b: shutdown 84a23ac6-72e6-48f0-84ab-0e5b98bf0c8b@group-F12C99FB9DB4-FollowerState
2021-02-05 13:31:55,510 [grpc-default-executor-1] INFO  impl.RoleInfo (RoleInfo.java:updateAndGet(130)) - 84a23ac6-72e6-48f0-84ab-0e5b98bf0c8b: start 84a23ac6-72e6-48f0-84ab-0e5b98bf0c8b@group-F12C99FB9DB4-FollowerState
2021-02-05 13:31:55,510 [Thread-906] INFO  impl.FollowerState (FollowerState.java:run(142)) - 84a23ac6-72e6-48f0-84ab-0e5b98bf0c8b@group-F12C99FB9DB4-FollowerState was interrupted: {}
java.lang.InterruptedException: sleep interrupted
	at java.lang.Thread.sleep(Native Method)
	at java.lang.Thread.sleep(Thread.java:340)
	at java.util.concurrent.TimeUnit.sleep(TimeUnit.java:386)
	at org.apache.ratis.util.TimeDuration.sleep(TimeDuration.java:324)
	at org.apache.ratis.util.TimeDuration.sleep(TimeDuration.java:309)
	at org.apache.ratis.server.impl.FollowerState.run(FollowerState.java:117)
2021-02-05 13:31:55,511 [2218627d-9616-4ee5-9949-877c53e44591@group-F12C99FB9DB4-LeaderElection35] INFO  impl.LeaderElection (LeaderElection.java:logAndReturn(89)) - 2218627d-9616-4ee5-9949-877c53e44591@group-F12C99FB9DB4-LeaderElection35: ELECTION REJECTED received 1 response(s) and 0 exception(s):
2021-02-05 13:31:55,511 [2218627d-9616-4ee5-9949-877c53e44591@group-F12C99FB9DB4-LeaderElection35] INFO  impl.LeaderElection (LeaderElection.java:logAndReturn(93)) -   Response 0: 2218627d-9616-4ee5-9949-877c53e44591<-b68d5162-d56d-447f-8d08-327553c4f8b7#0:FAIL-t2
2021-02-05 13:31:55,511 [2218627d-9616-4ee5-9949-877c53e44591@group-F12C99FB9DB4-LeaderElection35] INFO  impl.LeaderElection (LeaderElection.java:askForVotes(309)) - 2218627d-9616-4ee5-9949-877c53e44591@group-F12C99FB9DB4-LeaderElection35 ELECTION round 0: result REJECTED
2021-02-05 13:31:55,511 [2218627d-9616-4ee5-9949-877c53e44591@group-F12C99FB9DB4-LeaderElection35] INFO  server.RaftServer$Division (RaftServerImpl.java:setRole(284)) - 2218627d-9616-4ee5-9949-877c53e44591@group-F12C99FB9DB4: changes role from CANDIDATE to FOLLOWER at term 2 for REJECTED
2021-02-05 13:31:55,511 [2218627d-9616-4ee5-9949-877c53e44591@group-F12C99FB9DB4-LeaderElection35] INFO  impl.RoleInfo (RoleInfo.java:shutdownLeaderElection(121)) - 2218627d-9616-4ee5-9949-877c53e44591: shutdown 2218627d-9616-4ee5-9949-877c53e44591@group-F12C99FB9DB4-LeaderElection35
2021-02-05 13:31:55,511 [2218627d-9616-4ee5-9949-877c53e44591@group-F12C99FB9DB4-LeaderElection35] INFO  impl.RoleInfo (RoleInfo.java:updateAndGet(130)) - 2218627d-9616-4ee5-9949-877c53e44591: start 2218627d-9616-4ee5-9949-877c53e44591@group-F12C99FB9DB4-FollowerState
2021-02-05 13:31:55,511 [grpc-default-executor-1] INFO  server.RaftServer$Division (RaftServerImpl.java:requestVote(1057)) - 84a23ac6-72e6-48f0-84ab-0e5b98bf0c8b@group-F12C99FB9DB4 replies to ELECTION vote request: 2218627d-9616-4ee5-9949-877c53e44591<-84a23ac6-72e6-48f0-84ab-0e5b98bf0c8b#0:OK-t2. Peer's state: 84a23ac6-72e6-48f0-84ab-0e5b98bf0c8b@group-F12C99FB9DB4:t2, leader=null, voted=2218627d-9616-4ee5-9949-877c53e44591, raftlog=84a23ac6-72e6-48f0-84ab-0e5b98bf0c8b@group-F12C99FB9DB4-SegmentedRaftLog:OPENED:c-1,f-1,i0, conf=-1: [2218627d-9616-4ee5-9949-877c53e44591|rpc:172.17.0.2:40851|admin:|client:|dataStream:|priority:0, b68d5162-d56d-447f-8d08-327553c4f8b7|rpc:172.17.0.2:36483|admin:|client:|dataStream:|priority:1, 84a23ac6-72e6-48f0-84ab-0e5b98bf0c8b|rpc:172.17.0.2:36963|admin:|client:|dataStream:|priority:0], old=null
2021-02-05 13:31:55,517 [grpc-default-executor-1] INFO  server.RaftServer$Division (RaftServerImpl.java:requestVote(1025)) - 84a23ac6-72e6-48f0-84ab-0e5b98bf0c8b@group-F12C99FB9DB4: receive requestVote(ELECTION, b68d5162-d56d-447f-8d08-327553c4f8b7, group-F12C99FB9DB4, 2, (t:0, i:0))
2021-02-05 13:31:55,517 [grpc-default-executor-1] INFO  impl.VoteContext (VoteContext.java:log(48)) - 84a23ac6-72e6-48f0-84ab-0e5b98bf0c8b@group-F12C99FB9DB4-FOLLOWER: reject ELECTION from b68d5162-d56d-447f-8d08-327553c4f8b7: already has voted for 2218627d-9616-4ee5-9949-877c53e44591 at current term 2
2021-02-05 13:31:55,518 [grpc-default-executor-1] INFO  server.RaftServer$Division (RaftServerImpl.java:requestVote(1057)) - 84a23ac6-72e6-48f0-84ab-0e5b98bf0c8b@group-F12C99FB9DB4 replies to ELECTION vote request: b68d5162-d56d-447f-8d08-327553c4f8b7<-84a23ac6-72e6-48f0-84ab-0e5b98bf0c8b#0:FAIL-t2. Peer's state: 84a23ac6-72e6-48f0-84ab-0e5b98bf0c8b@group-F12C99FB9DB4:t2, leader=null, voted=2218627d-9616-4ee5-9949-877c53e44591, raftlog=84a23ac6-72e6-48f0-84ab-0e5b98bf0c8b@group-F12C99FB9DB4-SegmentedRaftLog:OPENED:c-1,f-1,i0, conf=-1: [2218627d-9616-4ee5-9949-877c53e44591|rpc:172.17.0.2:40851|admin:|client:|dataStream:|priority:0, b68d5162-d56d-447f-8d08-327553c4f8b7|rpc:172.17.0.2:36483|admin:|client:|dataStream:|priority:1, 84a23ac6-72e6-48f0-84ab-0e5b98bf0c8b|rpc:172.17.0.2:36963|admin:|client:|dataStream:|priority:0], old=null
2021-02-05 13:31:55,518 [b68d5162-d56d-447f-8d08-327553c4f8b7@group-F12C99FB9DB4-LeaderElection36] INFO  impl.LeaderElection (LeaderElection.java:logAndReturn(89)) - b68d5162-d56d-447f-8d08-327553c4f8b7@group-F12C99FB9DB4-LeaderElection36: ELECTION REJECTED received 2 response(s) and 0 exception(s):
2021-02-05 13:31:55,518 [b68d5162-d56d-447f-8d08-327553c4f8b7@group-F12C99FB9DB4-LeaderElection36] INFO  impl.LeaderElection (LeaderElection.java:logAndReturn(93)) -   Response 0: b68d5162-d56d-447f-8d08-327553c4f8b7<-2218627d-9616-4ee5-9949-877c53e44591#0:FAIL-t2
2021-02-05 13:31:55,519 [b68d5162-d56d-447f-8d08-327553c4f8b7@group-F12C99FB9DB4-LeaderElection36] INFO  impl.LeaderElection (LeaderElection.java:logAndReturn(93)) -   Response 1: b68d5162-d56d-447f-8d08-327553c4f8b7<-84a23ac6-72e6-48f0-84ab-0e5b98bf0c8b#0:FAIL-t2
2021-02-05 13:31:55,519 [b68d5162-d56d-447f-8d08-327553c4f8b7@group-F12C99FB9DB4-LeaderElection36] INFO  impl.LeaderElection (LeaderElection.java:askForVotes(309)) - b68d5162-d56d-447f-8d08-327553c4f8b7@group-F12C99FB9DB4-LeaderElection36 ELECTION round 0: result REJECTED
2021-02-05 13:31:55,519 [b68d5162-d56d-447f-8d08-327553c4f8b7@group-F12C99FB9DB4-LeaderElection36] INFO  server.RaftServer$Division (RaftServerImpl.java:setRole(284)) - b68d5162-d56d-447f-8d08-327553c4f8b7@group-F12C99FB9DB4: changes role from CANDIDATE to FOLLOWER at term 2 for REJECTED
2021-02-05 13:31:55,519 [b68d5162-d56d-447f-8d08-327553c4f8b7@group-F12C99FB9DB4-LeaderElection36] INFO  impl.RoleInfo (RoleInfo.java:shutdownLeaderElection(121)) - b68d5162-d56d-447f-8d08-327553c4f8b7: shutdown b68d5162-d56d-447f-8d08-327553c4f8b7@group-F12C99FB9DB4-LeaderElection36
2021-02-05 13:31:55,519 [b68d5162-d56d-447f-8d08-327553c4f8b7@group-F12C99FB9DB4-LeaderElection36] INFO  impl.RoleInfo (RoleInfo.java:updateAndGet(130)) - b68d5162-d56d-447f-8d08-327553c4f8b7: start b68d5162-d56d-447f-8d08-327553c4f8b7@group-F12C99FB9DB4-FollowerState
2021-02-05 13:31:59,840 [java.util.concurrent.ThreadPoolExecutor$Worker@1ccfb7f[State = -1, empty queue]] INFO  metrics.RatisMetrics (RatisMetrics.java:lambda$create$0(36)) - Creating Metrics Registry : ratis.client_message_metrics.client-E66D8F9D9615->9a530726-af8b-4f6c-9588-6c152d944b80
2021-02-05 13:31:59,842 [Thread-924] INFO  impl.FollowerState (FollowerState.java:run(133)) - 5636fed9-8cb9-4b03-9cef-dc5fa3810e57@group-1F920D138C37-FollowerState: change to CANDIDATE, lastRpcElapsedTime:5016476649ns, electionTimeout:5015ms
2021-02-05 13:31:59,842 [Thread-924] INFO  impl.RoleInfo (RoleInfo.java:shutdownFollowerState(108)) - 5636fed9-8cb9-4b03-9cef-dc5fa3810e57: shutdown 5636fed9-8cb9-4b03-9cef-dc5fa3810e57@group-1F920D138C37-FollowerState
2021-02-05 13:31:59,842 [Thread-924] INFO  server.RaftServer$Division (RaftServerImpl.java:setRole(284)) - 5636fed9-8cb9-4b03-9cef-dc5fa3810e57@group-1F920D138C37: changes role from  FOLLOWER to CANDIDATE at term 2 for changeToCandidate
2021-02-05 13:31:59,842 [Thread-924] INFO  server.RaftServerConfigKeys (ConfUtils.java:logGet(44)) - raft.server.leaderelection.pre-vote = false (custom)
2021-02-05 13:31:59,842 [Thread-924] INFO  impl.RoleInfo (RoleInfo.java:updateAndGet(130)) - 5636fed9-8cb9-4b03-9cef-dc5fa3810e57: start 5636fed9-8cb9-4b03-9cef-dc5fa3810e57@group-1F920D138C37-LeaderElection37
2021-02-05 13:31:59,851 [5636fed9-8cb9-4b03-9cef-dc5fa3810e57@group-1F920D138C37-LeaderElection37] INFO  impl.LeaderElection (LeaderElection.java:askForVotes(307)) - 5636fed9-8cb9-4b03-9cef-dc5fa3810e57@group-1F920D138C37-LeaderElection37 ELECTION round 0: submit vote requests at term 3 for -1: [2ede91c2-32fe-4bb4-920b-e41603f7020f|rpc:172.17.0.2:41897|priority:1, 642d0014-1bde-428b-b06d-30c9ab67a786|rpc:172.17.0.2:39473|priority:0, 5636fed9-8cb9-4b03-9cef-dc5fa3810e57|rpc:172.17.0.2:46415|priority:0], old=null
2021-02-05 13:31:59,854 [grpc-default-executor-0] INFO  server.RaftServer$Division (RaftServerImpl.java:requestVote(1025)) - 2ede91c2-32fe-4bb4-920b-e41603f7020f@group-1F920D138C37: receive requestVote(ELECTION, 5636fed9-8cb9-4b03-9cef-dc5fa3810e57, group-1F920D138C37, 3, (t:0, i:0))
2021-02-05 13:31:59,854 [grpc-default-executor-0] INFO  impl.VoteContext (VoteContext.java:log(48)) - 2ede91c2-32fe-4bb4-920b-e41603f7020f@group-1F920D138C37-FOLLOWER: reject ELECTION from 5636fed9-8cb9-4b03-9cef-dc5fa3810e57: our priority 1 > candidate's priority 0
2021-02-05 13:31:59,854 [grpc-default-executor-0] INFO  server.RaftServer$Division (RaftServerImpl.java:setRole(284)) - 2ede91c2-32fe-4bb4-920b-e41603f7020f@group-1F920D138C37: changes role from  FOLLOWER to FOLLOWER at term 3 for candidate:5636fed9-8cb9-4b03-9cef-dc5fa3810e57
2021-02-05 13:31:59,854 [grpc-default-executor-0] INFO  impl.RoleInfo (RoleInfo.java:shutdownFollowerState(108)) - 2ede91c2-32fe-4bb4-920b-e41603f7020f: shutdown 2ede91c2-32fe-4bb4-920b-e41603f7020f@group-1F920D138C37-FollowerState
2021-02-05 13:31:59,854 [grpc-default-executor-0] INFO  impl.RoleInfo (RoleInfo.java:updateAndGet(130)) - 2ede91c2-32fe-4bb4-920b-e41603f7020f: start 2ede91c2-32fe-4bb4-920b-e41603f7020f@group-1F920D138C37-FollowerState
2021-02-05 13:31:59,854 [Thread-920] INFO  impl.FollowerState (FollowerState.java:run(142)) - 2ede91c2-32fe-4bb4-920b-e41603f7020f@group-1F920D138C37-FollowerState was interrupted: {}
java.lang.InterruptedException: sleep interrupted
	at java.lang.Thread.sleep(Native Method)
	at java.lang.Thread.sleep(Thread.java:340)
	at java.util.concurrent.TimeUnit.sleep(TimeUnit.java:386)
	at org.apache.ratis.util.TimeDuration.sleep(TimeDuration.java:324)
	at org.apache.ratis.util.TimeDuration.sleep(TimeDuration.java:309)
	at org.apache.ratis.server.impl.FollowerState.run(FollowerState.java:117)
2021-02-05 13:31:59,855 [Listener at 127.0.0.1/37659] INFO  ozone.MiniOzoneClusterImpl (MiniOzoneClusterImpl.java:shutdown(389)) - Shutting down the Mini Ozone Cluster
2021-02-05 13:31:59,855 [grpc-default-executor-0] INFO  server.RaftServer$Division (RaftServerImpl.java:requestVote(1057)) - 2ede91c2-32fe-4bb4-920b-e41603f7020f@group-1F920D138C37 replies to ELECTION vote request: 5636fed9-8cb9-4b03-9cef-dc5fa3810e57<-2ede91c2-32fe-4bb4-920b-e41603f7020f#0:FAIL-t3. Peer's state: 2ede91c2-32fe-4bb4-920b-e41603f7020f@group-1F920D138C37:t3, leader=null, voted=null, raftlog=2ede91c2-32fe-4bb4-920b-e41603f7020f@group-1F920D138C37-SegmentedRaftLog:OPENED:c-1,f-1,i0, conf=-1: [2ede91c2-32fe-4bb4-920b-e41603f7020f|rpc:172.17.0.2:41897|admin:|client:|dataStream:|priority:1, 642d0014-1bde-428b-b06d-30c9ab67a786|rpc:172.17.0.2:39473|admin:|client:|dataStream:|priority:0, 5636fed9-8cb9-4b03-9cef-dc5fa3810e57|rpc:172.17.0.2:46415|admin:|client:|dataStream:|priority:0], old=null
2021-02-05 13:31:59,855 [grpc-default-executor-4] INFO  server.RaftServer$Division (RaftServerImpl.java:requestVote(1025)) - 642d0014-1bde-428b-b06d-30c9ab67a786@group-1F920D138C37: receive requestVote(ELECTION, 5636fed9-8cb9-4b03-9cef-dc5fa3810e57, group-1F920D138C37, 3, (t:0, i:0))
2021-02-05 13:31:59,856 [grpc-default-executor-4] INFO  impl.VoteContext (VoteContext.java:log(48)) - 642d0014-1bde-428b-b06d-30c9ab67a786@group-1F920D138C37-FOLLOWER: accept ELECTION from 5636fed9-8cb9-4b03-9cef-dc5fa3810e57: our priority 0 <= candidate's priority 0
2021-02-05 13:31:59,856 [grpc-default-executor-4] INFO  server.RaftServer$Division (RaftServerImpl.java:setRole(284)) - 642d0014-1bde-428b-b06d-30c9ab67a786@group-1F920D138C37: changes role from  FOLLOWER to FOLLOWER at term 3 for candidate:5636fed9-8cb9-4b03-9cef-dc5fa3810e57
2021-02-05 13:31:59,856 [grpc-default-executor-4] INFO  impl.RoleInfo (RoleInfo.java:shutdownFollowerState(108)) - 642d0014-1bde-428b-b06d-30c9ab67a786: shutdown 642d0014-1bde-428b-b06d-30c9ab67a786@group-1F920D138C37-FollowerState
2021-02-05 13:31:59,856 [grpc-default-executor-4] INFO  impl.RoleInfo (RoleInfo.java:updateAndGet(130)) - 642d0014-1bde-428b-b06d-30c9ab67a786: start 642d0014-1bde-428b-b06d-30c9ab67a786@group-1F920D138C37-FollowerState
2021-02-05 13:31:59,855 [Listener at 127.0.0.1/37659] INFO  ozone.MiniOzoneClusterImpl (MiniOzoneClusterImpl.java:stop(404)) - Stopping the Mini Ozone Cluster
2021-02-05 13:31:59,856 [Listener at 127.0.0.1/37659] INFO  ozone.MiniOzoneClusterImpl (MiniOzoneClusterImpl.java:stopOM(486)) - Stopping the OzoneManager
2021-02-05 13:31:59,856 [Listener at 127.0.0.1/37659] INFO  ipc.Server (Server.java:stop(3403)) - Stopping server on 37659
2021-02-05 13:31:59,857 [Thread-923] INFO  impl.FollowerState (FollowerState.java:run(142)) - 642d0014-1bde-428b-b06d-30c9ab67a786@group-1F920D138C37-FollowerState was interrupted: {}
java.lang.InterruptedException: sleep interrupted
	at java.lang.Thread.sleep(Native Method)
	at java.lang.Thread.sleep(Thread.java:340)
	at java.util.concurrent.TimeUnit.sleep(TimeUnit.java:386)
	at org.apache.ratis.util.TimeDuration.sleep(TimeDuration.java:324)
	at org.apache.ratis.util.TimeDuration.sleep(TimeDuration.java:309)
	at org.apache.ratis.server.impl.FollowerState.run(FollowerState.java:117)
2021-02-05 13:31:59,863 [IPC Server listener on 0] INFO  ipc.Server (Server.java:run(1366)) - Stopping IPC Server listener on 0
2021-02-05 13:31:59,864 [grpc-default-executor-4] INFO  server.RaftServer$Division (RaftServerImpl.java:requestVote(1057)) - 642d0014-1bde-428b-b06d-30c9ab67a786@group-1F920D138C37 replies to ELECTION vote request: 5636fed9-8cb9-4b03-9cef-dc5fa3810e57<-642d0014-1bde-428b-b06d-30c9ab67a786#0:OK-t3. Peer's state: 642d0014-1bde-428b-b06d-30c9ab67a786@group-1F920D138C37:t3, leader=null, voted=5636fed9-8cb9-4b03-9cef-dc5fa3810e57, raftlog=642d0014-1bde-428b-b06d-30c9ab67a786@group-1F920D138C37-SegmentedRaftLog:OPENED:c-1,f-1,i0, conf=-1: [2ede91c2-32fe-4bb4-920b-e41603f7020f|rpc:172.17.0.2:41897|admin:|client:|dataStream:|priority:1, 642d0014-1bde-428b-b06d-30c9ab67a786|rpc:172.17.0.2:39473|admin:|client:|dataStream:|priority:0, 5636fed9-8cb9-4b03-9cef-dc5fa3810e57|rpc:172.17.0.2:46415|admin:|client:|dataStream:|priority:0], old=null
2021-02-05 13:31:59,867 [IPC Server Responder] INFO  ipc.Server (Server.java:run(1502)) - Stopping IPC Server Responder
2021-02-05 13:31:59,867 [Listener at 127.0.0.1/37659] INFO  server.RaftServer (RaftServerProxy.java:lambda$close$6(391)) - om1: close
2021-02-05 13:31:59,867 [Listener at 127.0.0.1/37659] INFO  server.RaftServer$Division (RaftServerImpl.java:lambda$close$4(406)) - om1@group-C5BA1605619E: shutdown
2021-02-05 13:31:59,867 [Listener at 127.0.0.1/37659] INFO  util.JmxRegister (JmxRegister.java:unregister(73)) - Successfully un-registered JMX Bean with object name Ratis:service=RaftServer,group=group-C5BA1605619E,id=om1
2021-02-05 13:31:59,867 [Listener at 127.0.0.1/37659] INFO  impl.RoleInfo (RoleInfo.java:shutdownLeaderState(91)) - om1: shutdown om1@group-C5BA1605619E-LeaderStateImpl
2021-02-05 13:31:59,868 [Listener at 127.0.0.1/37659] INFO  impl.PendingRequests (PendingRequests.java:sendNotLeaderResponses(249)) - om1@group-C5BA1605619E-PendingRequests: sendNotLeaderResponses
2021-02-05 13:31:59,873 [5636fed9-8cb9-4b03-9cef-dc5fa3810e57@group-1F920D138C37-LeaderElection37] INFO  impl.LeaderElection (LeaderElection.java:logAndReturn(89)) - 5636fed9-8cb9-4b03-9cef-dc5fa3810e57@group-1F920D138C37-LeaderElection37: ELECTION REJECTED received 1 response(s) and 0 exception(s):
2021-02-05 13:31:59,873 [5636fed9-8cb9-4b03-9cef-dc5fa3810e57@group-1F920D138C37-LeaderElection37] INFO  impl.LeaderElection (LeaderElection.java:logAndReturn(93)) -   Response 0: 5636fed9-8cb9-4b03-9cef-dc5fa3810e57<-2ede91c2-32fe-4bb4-920b-e41603f7020f#0:FAIL-t3
2021-02-05 13:31:59,873 [5636fed9-8cb9-4b03-9cef-dc5fa3810e57@group-1F920D138C37-LeaderElection37] INFO  impl.LeaderElection (LeaderElection.java:askForVotes(309)) - 5636fed9-8cb9-4b03-9cef-dc5fa3810e57@group-1F920D138C37-LeaderElection37 ELECTION round 0: result REJECTED
2021-02-05 13:31:59,873 [5636fed9-8cb9-4b03-9cef-dc5fa3810e57@group-1F920D138C37-LeaderElection37] INFO  server.RaftServer$Division (RaftServerImpl.java:setRole(284)) - 5636fed9-8cb9-4b03-9cef-dc5fa3810e57@group-1F920D138C37: changes role from CANDIDATE to FOLLOWER at term 3 for REJECTED
2021-02-05 13:31:59,873 [5636fed9-8cb9-4b03-9cef-dc5fa3810e57@group-1F920D138C37-LeaderElection37] INFO  impl.RoleInfo (RoleInfo.java:shutdownLeaderElection(121)) - 5636fed9-8cb9-4b03-9cef-dc5fa3810e57: shutdown 5636fed9-8cb9-4b03-9cef-dc5fa3810e57@group-1F920D138C37-LeaderElection37
2021-02-05 13:31:59,874 [Listener at 127.0.0.1/37659] INFO  metrics.RatisMetrics (RatisMetrics.java:unregister(43)) - Unregistering Metrics Registry : ratis.log_appender.om1@group-C5BA1605619E
2021-02-05 13:31:59,875 [Listener at 127.0.0.1/37659] INFO  metrics.RatisMetrics (RatisMetrics.java:unregister(43)) - Unregistering Metrics Registry : ratis.server.om1@group-C5BA1605619E
2021-02-05 13:31:59,874 [5636fed9-8cb9-4b03-9cef-dc5fa3810e57@group-1F920D138C37-LeaderElection37] INFO  impl.RoleInfo (RoleInfo.java:updateAndGet(130)) - 5636fed9-8cb9-4b03-9cef-dc5fa3810e57: start 5636fed9-8cb9-4b03-9cef-dc5fa3810e57@group-1F920D138C37-FollowerState
2021-02-05 13:31:59,875 [Listener at 127.0.0.1/37659] INFO  impl.StateMachineUpdater (StateMachineUpdater.java:stopAndJoin(148)) - om1@group-C5BA1605619E-StateMachineUpdater: set stopIndex = 4
2021-02-05 13:31:59,875 [om1@group-C5BA1605619E-StateMachineUpdater] INFO  ratis.OzoneManagerStateMachine (OzoneManagerStateMachine.java:takeSnapshot(345)) - Current Snapshot Index (t:1, i:4)
2021-02-05 13:31:59,875 [om1@group-C5BA1605619E-StateMachineUpdater] INFO  impl.StateMachineUpdater (StateMachineUpdater.java:takeSnapshot(279)) - om1@group-C5BA1605619E-StateMachineUpdater: Took a snapshot at index 4
2021-02-05 13:31:59,875 [om1@group-C5BA1605619E-StateMachineUpdater] INFO  impl.StateMachineUpdater (StateMachineUpdater.java:lambda$new$0(88)) - om1@group-C5BA1605619E-StateMachineUpdater: snapshotIndex: updateIncreasingly -1 -> 4
2021-02-05 13:31:59,875 [om1@group-C5BA1605619E-StateMachineUpdater] INFO  metrics.RatisMetrics (RatisMetrics.java:unregister(43)) - Unregistering Metrics Registry : ratis.state_machine.om1@group-C5BA1605619E
2021-02-05 13:31:59,876 [Listener at 127.0.0.1/37659] INFO  server.RaftServer$Division (ServerState.java:close(405)) - om1@group-C5BA1605619E: closes. applyIndex: 4
2021-02-05 13:31:59,881 [om1@group-C5BA1605619E-SegmentedRaftLogWorker] INFO  segmented.SegmentedRaftLogWorker (SegmentedRaftLogWorker.java:run(326)) - om1@group-C5BA1605619E-SegmentedRaftLogWorker was interrupted, exiting. There are 0 tasks remaining in the queue.
2021-02-05 13:31:59,890 [Listener at 127.0.0.1/37659] INFO  segmented.SegmentedRaftLogWorker (SegmentedRaftLogWorker.java:close(236)) - om1@group-C5BA1605619E-SegmentedRaftLogWorker close()
2021-02-05 13:31:59,891 [Listener at 127.0.0.1/37659] INFO  metrics.RatisMetrics (RatisMetrics.java:unregister(43)) - Unregistering Metrics Registry : ratis.log_worker.om1@group-C5BA1605619E
2021-02-05 13:31:59,891 [Listener at 127.0.0.1/37659] INFO  metrics.RatisMetrics (RatisMetrics.java:unregister(43)) - Unregistering Metrics Registry : ratis.leader_election.om1@group-C5BA1605619E
2021-02-05 13:31:59,891 [Listener at 127.0.0.1/37659] INFO  metrics.RatisMetrics (RatisMetrics.java:unregister(43)) - Unregistering Metrics Registry : ratis.server.om1@group-C5BA1605619E
2021-02-05 13:31:59,891 [Listener at 127.0.0.1/37659] INFO  server.GrpcService (GrpcService.java:closeImpl(262)) - om1: shutdown server with port 9872 now
2021-02-05 13:31:59,891 [Listener at 127.0.0.1/37659] INFO  server.GrpcService (GrpcService.java:closeImpl(271)) - om1: shutdown server with port 9872 successfully
2021-02-05 13:31:59,892 [org.apache.ratis.util.JvmPauseMonitor$$Lambda$504/1608512753@1a19d0be] INFO  util.JvmPauseMonitor (JvmPauseMonitor.java:run(109)) - JvmPauseMonitor-om1: Stopped
2021-02-05 13:31:59,892 [Listener at 127.0.0.1/37659] INFO  ratis.OzoneManagerDoubleBuffer (OzoneManagerDoubleBuffer.java:stop(425)) - Stopping OMDoubleBuffer flush thread
2021-02-05 13:31:59,892 [OMDoubleBufferFlushThread] INFO  ratis.OzoneManagerDoubleBuffer (OzoneManagerDoubleBuffer.java:flushTransactions(352)) - OMDoubleBuffer flush thread OMDoubleBufferFlushThread is interrupted and will exit. OMDoubleBufferFlushThread
2021-02-05 13:31:59,892 [Listener at 127.0.0.1/37659] INFO  ratis.OzoneManagerStateMachine (HadoopExecutors.java:shutdown(118)) - Gracefully shutting down executor service. Waiting max 5 SECONDS
2021-02-05 13:31:59,892 [Listener at 127.0.0.1/37659] INFO  ratis.OzoneManagerStateMachine (HadoopExecutors.java:shutdown(129)) - Succesfully shutdown executor service
2021-02-05 13:31:59,892 [Listener at 127.0.0.1/37659] INFO  ratis.OzoneManagerStateMachine (HadoopExecutors.java:shutdown(118)) - Gracefully shutting down executor service. Waiting max 5 SECONDS
2021-02-05 13:31:59,892 [Listener at 127.0.0.1/37659] INFO  ratis.OzoneManagerStateMachine (HadoopExecutors.java:shutdown(129)) - Succesfully shutdown executor service
2021-02-05 13:31:59,892 [Listener at 127.0.0.1/37659] INFO  utils.BackgroundService (BackgroundService.java:shutdown(132)) - Shutting down service KeyDeletingService
2021-02-05 13:31:59,893 [Listener at 127.0.0.1/37659] INFO  handler.ContextHandler (ContextHandler.java:doStop(1154)) - Stopped o.e.j.w.WebAppContext@a56277b{ozoneManager,/,null,STOPPED}{file:/github/workspace/mnt/ozone/hadoop-ozone/integration-test/target/test-classes/webapps/ozoneManager}
2021-02-05 13:31:59,894 [Listener at 127.0.0.1/37659] INFO  server.AbstractConnector (AbstractConnector.java:doStop(381)) - Stopped ServerConnector@1469d14a{HTTP/1.1, (http/1.1)}{0.0.0.0:0}
2021-02-05 13:31:59,894 [Listener at 127.0.0.1/37659] INFO  server.session (HouseKeeper.java:stopScavenging(149)) - node0 Stopped scavenging
2021-02-05 13:31:59,894 [Listener at 127.0.0.1/37659] INFO  handler.ContextHandler (ContextHandler.java:doStop(1154)) - Stopped o.e.j.s.ServletContextHandler@616a370b{static,/static,file:///github/workspace/mnt/ozone/hadoop-ozone/integration-test/target/test-classes/webapps/static,STOPPED}
2021-02-05 13:31:59,894 [Listener at 127.0.0.1/37659] INFO  handler.ContextHandler (ContextHandler.java:doStop(1154)) - Stopped o.e.j.s.ServletContextHandler@700e4826{logs,/logs,file:///github/workspace/mnt/ozone/hadoop-ozone/integration-test/target/log,STOPPED}
2021-02-05 13:31:59,898 [Thread-929] INFO  impl.FollowerState (FollowerState.java:run(133)) - 9a530726-af8b-4f6c-9588-6c152d944b80@group-CBE835C2428B-FollowerState: change to CANDIDATE, lastRpcElapsedTime:5056262246ns, electionTimeout:5053ms
2021-02-05 13:31:59,898 [Thread-929] INFO  impl.RoleInfo (RoleInfo.java:shutdownFollowerState(108)) - 9a530726-af8b-4f6c-9588-6c152d944b80: shutdown 9a530726-af8b-4f6c-9588-6c152d944b80@group-CBE835C2428B-FollowerState
2021-02-05 13:31:59,899 [Thread-929] INFO  server.RaftServer$Division (RaftServerImpl.java:setRole(284)) - 9a530726-af8b-4f6c-9588-6c152d944b80@group-CBE835C2428B: changes role from  FOLLOWER to CANDIDATE at term 3 for changeToCandidate
2021-02-05 13:31:59,899 [Thread-929] INFO  server.RaftServerConfigKeys (ConfUtils.java:logGet(44)) - raft.server.leaderelection.pre-vote = false (custom)
2021-02-05 13:31:59,899 [Thread-929] INFO  impl.RoleInfo (RoleInfo.java:updateAndGet(130)) - 9a530726-af8b-4f6c-9588-6c152d944b80: start 9a530726-af8b-4f6c-9588-6c152d944b80@group-CBE835C2428B-LeaderElection38
2021-02-05 13:31:59,901 [Listener at 127.0.0.1/37659] INFO  ozone.MiniOzoneClusterImpl (MiniOzoneClusterImpl.java:stopDatanodes(463)) - Stopping the HddsDatanodes
2021-02-05 13:31:59,903 [9a530726-af8b-4f6c-9588-6c152d944b80@group-CBE835C2428B-LeaderElection38] INFO  impl.LeaderElection (LeaderElection.java:askForVotes(307)) - 9a530726-af8b-4f6c-9588-6c152d944b80@group-CBE835C2428B-LeaderElection38 ELECTION round 0: submit vote requests at term 4 for -1: [a9448078-34fe-435b-8f34-59bdbb0249c7|rpc:172.17.0.2:33155|priority:1, 9a530726-af8b-4f6c-9588-6c152d944b80|rpc:172.17.0.2:39199|priority:0, a4acbc3e-e00f-4d43-961e-4e2aff2ce09e|rpc:172.17.0.2:45209|priority:0], old=null
2021-02-05 13:31:59,904 [Thread-928] INFO  impl.FollowerState (FollowerState.java:run(133)) - a9448078-34fe-435b-8f34-59bdbb0249c7@group-CBE835C2428B-FollowerState: change to CANDIDATE, lastRpcElapsedTime:5070149980ns, electionTimeout:5063ms
2021-02-05 13:31:59,904 [Thread-928] INFO  impl.RoleInfo (RoleInfo.java:shutdownFollowerState(108)) - a9448078-34fe-435b-8f34-59bdbb0249c7: shutdown a9448078-34fe-435b-8f34-59bdbb0249c7@group-CBE835C2428B-FollowerState
2021-02-05 13:31:59,904 [Thread-928] INFO  server.RaftServer$Division (RaftServerImpl.java:setRole(284)) - a9448078-34fe-435b-8f34-59bdbb0249c7@group-CBE835C2428B: changes role from  FOLLOWER to CANDIDATE at term 3 for changeToCandidate
2021-02-05 13:31:59,904 [grpc-default-executor-4] INFO  server.RaftServer$Division (RaftServerImpl.java:requestVote(1025)) - a9448078-34fe-435b-8f34-59bdbb0249c7@group-CBE835C2428B: receive requestVote(ELECTION, 9a530726-af8b-4f6c-9588-6c152d944b80, group-CBE835C2428B, 4, (t:0, i:0))
2021-02-05 13:31:59,904 [Thread-928] INFO  server.RaftServerConfigKeys (ConfUtils.java:logGet(44)) - raft.server.leaderelection.pre-vote = false (custom)
2021-02-05 13:31:59,904 [Thread-928] INFO  impl.RoleInfo (RoleInfo.java:updateAndGet(130)) - a9448078-34fe-435b-8f34-59bdbb0249c7: start a9448078-34fe-435b-8f34-59bdbb0249c7@group-CBE835C2428B-LeaderElection39
2021-02-05 13:31:59,910 [grpc-default-executor-4] INFO  impl.VoteContext (VoteContext.java:log(48)) - a9448078-34fe-435b-8f34-59bdbb0249c7@group-CBE835C2428B-CANDIDATE: reject ELECTION from 9a530726-af8b-4f6c-9588-6c152d944b80: our last entry (t:1, i:0) > candidate's last entry (t:0, i:0)
2021-02-05 13:31:59,910 [grpc-default-executor-4] INFO  server.RaftServer$Division (RaftServerImpl.java:setRole(284)) - a9448078-34fe-435b-8f34-59bdbb0249c7@group-CBE835C2428B: changes role from CANDIDATE to FOLLOWER at term 4 for candidate:9a530726-af8b-4f6c-9588-6c152d944b80
2021-02-05 13:31:59,910 [grpc-default-executor-4] INFO  impl.RoleInfo (RoleInfo.java:shutdownLeaderElection(121)) - a9448078-34fe-435b-8f34-59bdbb0249c7: shutdown a9448078-34fe-435b-8f34-59bdbb0249c7@group-CBE835C2428B-LeaderElection39
2021-02-05 13:31:59,910 [grpc-default-executor-4] INFO  impl.RoleInfo (RoleInfo.java:updateAndGet(130)) - a9448078-34fe-435b-8f34-59bdbb0249c7: start a9448078-34fe-435b-8f34-59bdbb0249c7@group-CBE835C2428B-FollowerState
2021-02-05 13:31:59,910 [a9448078-34fe-435b-8f34-59bdbb0249c7@group-CBE835C2428B-LeaderElection39] INFO  impl.LeaderElection (LeaderElection.java:run(231)) - a9448078-34fe-435b-8f34-59bdbb0249c7@group-CBE835C2428B-LeaderElection39: skip running since this is already CLOSING
2021-02-05 13:31:59,910 [grpc-default-executor-0] INFO  server.RaftServer$Division (RaftServerImpl.java:requestVote(1025)) - a4acbc3e-e00f-4d43-961e-4e2aff2ce09e@group-CBE835C2428B: receive requestVote(ELECTION, 9a530726-af8b-4f6c-9588-6c152d944b80, group-CBE835C2428B, 4, (t:0, i:0))
2021-02-05 13:31:59,910 [grpc-default-executor-0] INFO  impl.VoteContext (VoteContext.java:log(48)) - a4acbc3e-e00f-4d43-961e-4e2aff2ce09e@group-CBE835C2428B-FOLLOWER: accept ELECTION from 9a530726-af8b-4f6c-9588-6c152d944b80: our priority 0 <= candidate's priority 0
2021-02-05 13:31:59,911 [grpc-default-executor-0] INFO  server.RaftServer$Division (RaftServerImpl.java:setRole(284)) - a4acbc3e-e00f-4d43-961e-4e2aff2ce09e@group-CBE835C2428B: changes role from  FOLLOWER to FOLLOWER at term 4 for candidate:9a530726-af8b-4f6c-9588-6c152d944b80
2021-02-05 13:31:59,911 [grpc-default-executor-0] INFO  impl.RoleInfo (RoleInfo.java:shutdownFollowerState(108)) - a4acbc3e-e00f-4d43-961e-4e2aff2ce09e: shutdown a4acbc3e-e00f-4d43-961e-4e2aff2ce09e@group-CBE835C2428B-FollowerState
2021-02-05 13:31:59,911 [grpc-default-executor-0] INFO  impl.RoleInfo (RoleInfo.java:updateAndGet(130)) - a4acbc3e-e00f-4d43-961e-4e2aff2ce09e: start a4acbc3e-e00f-4d43-961e-4e2aff2ce09e@group-CBE835C2428B-FollowerState
2021-02-05 13:31:59,911 [Thread-927] INFO  impl.FollowerState (FollowerState.java:run(142)) - a4acbc3e-e00f-4d43-961e-4e2aff2ce09e@group-CBE835C2428B-FollowerState was interrupted: {}
java.lang.InterruptedException: sleep interrupted
	at java.lang.Thread.sleep(Native Method)
	at java.lang.Thread.sleep(Thread.java:340)
	at java.util.concurrent.TimeUnit.sleep(TimeUnit.java:386)
	at org.apache.ratis.util.TimeDuration.sleep(TimeDuration.java:324)
	at org.apache.ratis.util.TimeDuration.sleep(TimeDuration.java:309)
	at org.apache.ratis.server.impl.FollowerState.run(FollowerState.java:117)
2021-02-05 13:31:59,911 [grpc-default-executor-4] INFO  server.RaftServer$Division (RaftServerImpl.java:requestVote(1057)) - a9448078-34fe-435b-8f34-59bdbb0249c7@group-CBE835C2428B replies to ELECTION vote request: 9a530726-af8b-4f6c-9588-6c152d944b80<-a9448078-34fe-435b-8f34-59bdbb0249c7#0:FAIL-t4. Peer's state: a9448078-34fe-435b-8f34-59bdbb0249c7@group-CBE835C2428B:t4, leader=null, voted=null, raftlog=a9448078-34fe-435b-8f34-59bdbb0249c7@group-CBE835C2428B-SegmentedRaftLog:OPENED:c0,f0,i0, conf=0: [a9448078-34fe-435b-8f34-59bdbb0249c7|rpc:172.17.0.2:33155|admin:|client:|dataStream:|priority:1, 9a530726-af8b-4f6c-9588-6c152d944b80|rpc:172.17.0.2:39199|admin:|client:|dataStream:|priority:0, a4acbc3e-e00f-4d43-961e-4e2aff2ce09e|rpc:172.17.0.2:45209|admin:|client:|dataStream:|priority:0], old=null
2021-02-05 13:31:59,912 [grpc-default-executor-0] INFO  server.RaftServer$Division (RaftServerImpl.java:requestVote(1057)) - a4acbc3e-e00f-4d43-961e-4e2aff2ce09e@group-CBE835C2428B replies to ELECTION vote request: 9a530726-af8b-4f6c-9588-6c152d944b80<-a4acbc3e-e00f-4d43-961e-4e2aff2ce09e#0:OK-t4. Peer's state: a4acbc3e-e00f-4d43-961e-4e2aff2ce09e@group-CBE835C2428B:t4, leader=null, voted=9a530726-af8b-4f6c-9588-6c152d944b80, raftlog=a4acbc3e-e00f-4d43-961e-4e2aff2ce09e@group-CBE835C2428B-SegmentedRaftLog:OPENED:c-1,f-1,i0, conf=-1: [a9448078-34fe-435b-8f34-59bdbb0249c7|rpc:172.17.0.2:33155|priority:1, 9a530726-af8b-4f6c-9588-6c152d944b80|rpc:172.17.0.2:39199|priority:0, a4acbc3e-e00f-4d43-961e-4e2aff2ce09e|rpc:172.17.0.2:45209|priority:0], old=null
2021-02-05 13:31:59,913 [9a530726-af8b-4f6c-9588-6c152d944b80@group-CBE835C2428B-LeaderElection38] INFO  impl.LeaderElection (LeaderElection.java:logAndReturn(89)) - 9a530726-af8b-4f6c-9588-6c152d944b80@group-CBE835C2428B-LeaderElection38: ELECTION REJECTED received 1 response(s) and 0 exception(s):
2021-02-05 13:31:59,913 [9a530726-af8b-4f6c-9588-6c152d944b80@group-CBE835C2428B-LeaderElection38] INFO  impl.LeaderElection (LeaderElection.java:logAndReturn(93)) -   Response 0: 9a530726-af8b-4f6c-9588-6c152d944b80<-a9448078-34fe-435b-8f34-59bdbb0249c7#0:FAIL-t4
2021-02-05 13:31:59,913 [9a530726-af8b-4f6c-9588-6c152d944b80@group-CBE835C2428B-LeaderElection38] INFO  impl.LeaderElection (LeaderElection.java:askForVotes(309)) - 9a530726-af8b-4f6c-9588-6c152d944b80@group-CBE835C2428B-LeaderElection38 ELECTION round 0: result REJECTED
2021-02-05 13:31:59,913 [9a530726-af8b-4f6c-9588-6c152d944b80@group-CBE835C2428B-LeaderElection38] INFO  server.RaftServer$Division (RaftServerImpl.java:setRole(284)) - 9a530726-af8b-4f6c-9588-6c152d944b80@group-CBE835C2428B: changes role from CANDIDATE to FOLLOWER at term 4 for REJECTED
2021-02-05 13:31:59,913 [9a530726-af8b-4f6c-9588-6c152d944b80@group-CBE835C2428B-LeaderElection38] INFO  impl.RoleInfo (RoleInfo.java:shutdownLeaderElection(121)) - 9a530726-af8b-4f6c-9588-6c152d944b80: shutdown 9a530726-af8b-4f6c-9588-6c152d944b80@group-CBE835C2428B-LeaderElection38
2021-02-05 13:31:59,913 [9a530726-af8b-4f6c-9588-6c152d944b80@group-CBE835C2428B-LeaderElection38] INFO  impl.RoleInfo (RoleInfo.java:updateAndGet(130)) - 9a530726-af8b-4f6c-9588-6c152d944b80: start 9a530726-af8b-4f6c-9588-6c152d944b80@group-CBE835C2428B-FollowerState
2021-02-05 13:32:00,519 [Thread-937] INFO  impl.FollowerState (FollowerState.java:run(133)) - 2218627d-9616-4ee5-9949-877c53e44591@group-F12C99FB9DB4-FollowerState: change to CANDIDATE, lastRpcElapsedTime:5007863128ns, electionTimeout:5007ms
2021-02-05 13:32:00,519 [Thread-937] INFO  impl.RoleInfo (RoleInfo.java:shutdownFollowerState(108)) - 2218627d-9616-4ee5-9949-877c53e44591: shutdown 2218627d-9616-4ee5-9949-877c53e44591@group-F12C99FB9DB4-FollowerState
2021-02-05 13:32:00,519 [Thread-937] INFO  server.RaftServer$Division (RaftServerImpl.java:setRole(284)) - 2218627d-9616-4ee5-9949-877c53e44591@group-F12C99FB9DB4: changes role from  FOLLOWER to CANDIDATE at term 2 for changeToCandidate
2021-02-05 13:32:00,519 [Thread-937] INFO  server.RaftServerConfigKeys (ConfUtils.java:logGet(44)) - raft.server.leaderelection.pre-vote = false (custom)
2021-02-05 13:32:00,519 [Thread-937] INFO  impl.RoleInfo (RoleInfo.java:updateAndGet(130)) - 2218627d-9616-4ee5-9949-877c53e44591: start 2218627d-9616-4ee5-9949-877c53e44591@group-F12C99FB9DB4-LeaderElection40
2021-02-05 13:32:00,521 [2218627d-9616-4ee5-9949-877c53e44591@group-F12C99FB9DB4-LeaderElection40] INFO  impl.LeaderElection (LeaderElection.java:askForVotes(307)) - 2218627d-9616-4ee5-9949-877c53e44591@group-F12C99FB9DB4-LeaderElection40 ELECTION round 0: submit vote requests at term 3 for -1: [2218627d-9616-4ee5-9949-877c53e44591|rpc:172.17.0.2:40851|priority:0, b68d5162-d56d-447f-8d08-327553c4f8b7|rpc:172.17.0.2:36483|priority:1, 84a23ac6-72e6-48f0-84ab-0e5b98bf0c8b|rpc:172.17.0.2:36963|priority:0], old=null
2021-02-05 13:32:00,523 [grpc-default-executor-0] INFO  server.RaftServer$Division (RaftServerImpl.java:requestVote(1025)) - 84a23ac6-72e6-48f0-84ab-0e5b98bf0c8b@group-F12C99FB9DB4: receive requestVote(ELECTION, 2218627d-9616-4ee5-9949-877c53e44591, group-F12C99FB9DB4, 3, (t:0, i:0))
2021-02-05 13:32:00,523 [grpc-default-executor-0] INFO  impl.VoteContext (VoteContext.java:log(48)) - 84a23ac6-72e6-48f0-84ab-0e5b98bf0c8b@group-F12C99FB9DB4-FOLLOWER: accept ELECTION from 2218627d-9616-4ee5-9949-877c53e44591: our priority 0 <= candidate's priority 0
2021-02-05 13:32:00,523 [grpc-default-executor-0] INFO  server.RaftServer$Division (RaftServerImpl.java:setRole(284)) - 84a23ac6-72e6-48f0-84ab-0e5b98bf0c8b@group-F12C99FB9DB4: changes role from  FOLLOWER to FOLLOWER at term 3 for candidate:2218627d-9616-4ee5-9949-877c53e44591
2021-02-05 13:32:00,523 [grpc-default-executor-0] INFO  impl.RoleInfo (RoleInfo.java:shutdownFollowerState(108)) - 84a23ac6-72e6-48f0-84ab-0e5b98bf0c8b: shutdown 84a23ac6-72e6-48f0-84ab-0e5b98bf0c8b@group-F12C99FB9DB4-FollowerState
2021-02-05 13:32:00,524 [grpc-default-executor-0] INFO  impl.RoleInfo (RoleInfo.java:updateAndGet(130)) - 84a23ac6-72e6-48f0-84ab-0e5b98bf0c8b: start 84a23ac6-72e6-48f0-84ab-0e5b98bf0c8b@group-F12C99FB9DB4-FollowerState
2021-02-05 13:32:00,525 [Thread-936] INFO  impl.FollowerState (FollowerState.java:run(142)) - 84a23ac6-72e6-48f0-84ab-0e5b98bf0c8b@group-F12C99FB9DB4-FollowerState was interrupted: {}
java.lang.InterruptedException: sleep interrupted
	at java.lang.Thread.sleep(Native Method)
	at java.lang.Thread.sleep(Thread.java:340)
	at java.util.concurrent.TimeUnit.sleep(TimeUnit.java:386)
	at org.apache.ratis.util.TimeDuration.sleep(TimeDuration.java:324)
	at org.apache.ratis.util.TimeDuration.sleep(TimeDuration.java:309)
	at org.apache.ratis.server.impl.FollowerState.run(FollowerState.java:117)
2021-02-05 13:32:00,530 [grpc-default-executor-4] INFO  server.RaftServer$Division (RaftServerImpl.java:requestVote(1025)) - b68d5162-d56d-447f-8d08-327553c4f8b7@group-F12C99FB9DB4: receive requestVote(ELECTION, 2218627d-9616-4ee5-9949-877c53e44591, group-F12C99FB9DB4, 3, (t:0, i:0))
2021-02-05 13:32:00,530 [grpc-default-executor-4] INFO  impl.VoteContext (VoteContext.java:log(48)) - b68d5162-d56d-447f-8d08-327553c4f8b7@group-F12C99FB9DB4-FOLLOWER: reject ELECTION from 2218627d-9616-4ee5-9949-877c53e44591: our priority 1 > candidate's priority 0
2021-02-05 13:32:00,530 [grpc-default-executor-4] INFO  server.RaftServer$Division (RaftServerImpl.java:setRole(284)) - b68d5162-d56d-447f-8d08-327553c4f8b7@group-F12C99FB9DB4: changes role from  FOLLOWER to FOLLOWER at term 3 for candidate:2218627d-9616-4ee5-9949-877c53e44591
2021-02-05 13:32:00,530 [grpc-default-executor-4] INFO  impl.RoleInfo (RoleInfo.java:shutdownFollowerState(108)) - b68d5162-d56d-447f-8d08-327553c4f8b7: shutdown b68d5162-d56d-447f-8d08-327553c4f8b7@group-F12C99FB9DB4-FollowerState
2021-02-05 13:32:00,530 [grpc-default-executor-4] INFO  impl.RoleInfo (RoleInfo.java:updateAndGet(130)) - b68d5162-d56d-447f-8d08-327553c4f8b7: start b68d5162-d56d-447f-8d08-327553c4f8b7@group-F12C99FB9DB4-FollowerState
2021-02-05 13:32:00,530 [Thread-938] INFO  impl.FollowerState (FollowerState.java:run(142)) - b68d5162-d56d-447f-8d08-327553c4f8b7@group-F12C99FB9DB4-FollowerState was interrupted: {}
java.lang.InterruptedException: sleep interrupted
	at java.lang.Thread.sleep(Native Method)
	at java.lang.Thread.sleep(Thread.java:340)
	at java.util.concurrent.TimeUnit.sleep(TimeUnit.java:386)
	at org.apache.ratis.util.TimeDuration.sleep(TimeDuration.java:324)
	at org.apache.ratis.util.TimeDuration.sleep(TimeDuration.java:309)
	at org.apache.ratis.server.impl.FollowerState.run(FollowerState.java:117)
2021-02-05 13:32:00,530 [grpc-default-executor-0] INFO  server.RaftServer$Division (RaftServerImpl.java:requestVote(1057)) - 84a23ac6-72e6-48f0-84ab-0e5b98bf0c8b@group-F12C99FB9DB4 replies to ELECTION vote request: 2218627d-9616-4ee5-9949-877c53e44591<-84a23ac6-72e6-48f0-84ab-0e5b98bf0c8b#0:OK-t3. Peer's state: 84a23ac6-72e6-48f0-84ab-0e5b98bf0c8b@group-F12C99FB9DB4:t3, leader=null, voted=2218627d-9616-4ee5-9949-877c53e44591, raftlog=84a23ac6-72e6-48f0-84ab-0e5b98bf0c8b@group-F12C99FB9DB4-SegmentedRaftLog:OPENED:c-1,f-1,i0, conf=-1: [2218627d-9616-4ee5-9949-877c53e44591|rpc:172.17.0.2:40851|admin:|client:|dataStream:|priority:0, b68d5162-d56d-447f-8d08-327553c4f8b7|rpc:172.17.0.2:36483|admin:|client:|dataStream:|priority:1, 84a23ac6-72e6-48f0-84ab-0e5b98bf0c8b|rpc:172.17.0.2:36963|admin:|client:|dataStream:|priority:0], old=null
2021-02-05 13:32:00,532 [grpc-default-executor-4] INFO  server.RaftServer$Division (RaftServerImpl.java:requestVote(1057)) - b68d5162-d56d-447f-8d08-327553c4f8b7@group-F12C99FB9DB4 replies to ELECTION vote request: 2218627d-9616-4ee5-9949-877c53e44591<-b68d5162-d56d-447f-8d08-327553c4f8b7#0:FAIL-t3. Peer's state: b68d5162-d56d-447f-8d08-327553c4f8b7@group-F12C99FB9DB4:t3, leader=null, voted=null, raftlog=b68d5162-d56d-447f-8d08-327553c4f8b7@group-F12C99FB9DB4-SegmentedRaftLog:OPENED:c-1,f-1,i0, conf=-1: [2218627d-9616-4ee5-9949-877c53e44591|rpc:172.17.0.2:40851|admin:|client:|dataStream:|priority:0, b68d5162-d56d-447f-8d08-327553c4f8b7|rpc:172.17.0.2:36483|admin:|client:|dataStream:|priority:1, 84a23ac6-72e6-48f0-84ab-0e5b98bf0c8b|rpc:172.17.0.2:36963|admin:|client:|dataStream:|priority:0], old=null
2021-02-05 13:32:00,532 [2218627d-9616-4ee5-9949-877c53e44591@group-F12C99FB9DB4-LeaderElection40] INFO  impl.LeaderElection (LeaderElection.java:logAndReturn(89)) - 2218627d-9616-4ee5-9949-877c53e44591@group-F12C99FB9DB4-LeaderElection40: ELECTION REJECTED received 1 response(s) and 0 exception(s):
2021-02-05 13:32:00,532 [2218627d-9616-4ee5-9949-877c53e44591@group-F12C99FB9DB4-LeaderElection40] INFO  impl.LeaderElection (LeaderElection.java:logAndReturn(93)) -   Response 0: 2218627d-9616-4ee5-9949-877c53e44591<-b68d5162-d56d-447f-8d08-327553c4f8b7#0:FAIL-t3
2021-02-05 13:32:00,532 [2218627d-9616-4ee5-9949-877c53e44591@group-F12C99FB9DB4-LeaderElection40] INFO  impl.LeaderElection (LeaderElection.java:askForVotes(309)) - 2218627d-9616-4ee5-9949-877c53e44591@group-F12C99FB9DB4-LeaderElection40 ELECTION round 0: result REJECTED
2021-02-05 13:32:00,533 [2218627d-9616-4ee5-9949-877c53e44591@group-F12C99FB9DB4-LeaderElection40] INFO  server.RaftServer$Division (RaftServerImpl.java:setRole(284)) - 2218627d-9616-4ee5-9949-877c53e44591@group-F12C99FB9DB4: changes role from CANDIDATE to FOLLOWER at term 3 for REJECTED
2021-02-05 13:32:00,533 [2218627d-9616-4ee5-9949-877c53e44591@group-F12C99FB9DB4-LeaderElection40] INFO  impl.RoleInfo (RoleInfo.java:shutdownLeaderElection(121)) - 2218627d-9616-4ee5-9949-877c53e44591: shutdown 2218627d-9616-4ee5-9949-877c53e44591@group-F12C99FB9DB4-LeaderElection40
2021-02-05 13:32:00,533 [2218627d-9616-4ee5-9949-877c53e44591@group-F12C99FB9DB4-LeaderElection40] INFO  impl.RoleInfo (RoleInfo.java:updateAndGet(130)) - 2218627d-9616-4ee5-9949-877c53e44591: start 2218627d-9616-4ee5-9949-877c53e44591@group-F12C99FB9DB4-FollowerState
2021-02-05 13:32:00,642 [Datanode State Machine Thread - 0] INFO  statemachine.DatanodeStateMachine (DatanodeStateMachine.java:lambda$startDaemon$0(412)) - Ozone container server started.
2021-02-05 13:32:00,890 [Datanode State Machine Thread - 0] INFO  statemachine.DatanodeStateMachine (DatanodeStateMachine.java:lambda$startDaemon$0(412)) - Ozone container server started.
2021-02-05 13:32:04,902 [Listener at 127.0.0.1/37659] INFO  ozoneimpl.OzoneContainer (OzoneContainer.java:stop(273)) - Attempting to stop container services.
2021-02-05 13:32:04,903 [ForkJoinPool.commonPool-worker-0] INFO  ozoneimpl.OzoneContainer (OzoneContainer.java:stop(273)) - Attempting to stop container services.
2021-02-05 13:32:04,903 [ForkJoinPool.commonPool-worker-0] INFO  server.RaftServer (RaftServerProxy.java:lambda$close$6(391)) - a4acbc3e-e00f-4d43-961e-4e2aff2ce09e: close
2021-02-05 13:32:04,903 [ForkJoinPool.commonPool-worker-0] INFO  server.RaftServer$Division (RaftServerImpl.java:lambda$close$4(406)) - a4acbc3e-e00f-4d43-961e-4e2aff2ce09e@group-852FF7B1DE9B: shutdown
2021-02-05 13:32:04,903 [Listener at 127.0.0.1/37659] INFO  server.RaftServer (RaftServerProxy.java:lambda$close$6(391)) - 2ede91c2-32fe-4bb4-920b-e41603f7020f: close
2021-02-05 13:32:04,904 [Listener at 127.0.0.1/37659] INFO  server.RaftServer$Division (RaftServerImpl.java:lambda$close$4(406)) - 2ede91c2-32fe-4bb4-920b-e41603f7020f@group-6C9D51B834BF: shutdown
2021-02-05 13:32:04,903 [ForkJoinPool.commonPool-worker-0] INFO  util.JmxRegister (JmxRegister.java:unregister(73)) - Successfully un-registered JMX Bean with object name Ratis:service=RaftServer,group=group-852FF7B1DE9B,id=a4acbc3e-e00f-4d43-961e-4e2aff2ce09e
2021-02-05 13:32:04,904 [ForkJoinPool.commonPool-worker-0] INFO  impl.RoleInfo (RoleInfo.java:shutdownLeaderState(91)) - a4acbc3e-e00f-4d43-961e-4e2aff2ce09e: shutdown a4acbc3e-e00f-4d43-961e-4e2aff2ce09e@group-852FF7B1DE9B-LeaderStateImpl
2021-02-05 13:32:04,904 [Listener at 127.0.0.1/37659] INFO  util.JmxRegister (JmxRegister.java:unregister(73)) - Successfully un-registered JMX Bean with object name Ratis:service=RaftServer,group=group-6C9D51B834BF,id=2ede91c2-32fe-4bb4-920b-e41603f7020f
2021-02-05 13:32:04,904 [Listener at 127.0.0.1/37659] INFO  impl.RoleInfo (RoleInfo.java:shutdownLeaderState(91)) - 2ede91c2-32fe-4bb4-920b-e41603f7020f: shutdown 2ede91c2-32fe-4bb4-920b-e41603f7020f@group-6C9D51B834BF-LeaderStateImpl
2021-02-05 13:32:04,904 [ForkJoinPool.commonPool-worker-0] INFO  impl.PendingRequests (PendingRequests.java:sendNotLeaderResponses(249)) - a4acbc3e-e00f-4d43-961e-4e2aff2ce09e@group-852FF7B1DE9B-PendingRequests: sendNotLeaderResponses
2021-02-05 13:32:04,905 [Listener at 127.0.0.1/37659] INFO  impl.PendingRequests (PendingRequests.java:sendNotLeaderResponses(249)) - 2ede91c2-32fe-4bb4-920b-e41603f7020f@group-6C9D51B834BF-PendingRequests: sendNotLeaderResponses
2021-02-05 13:32:04,905 [ForkJoinPool.commonPool-worker-0] INFO  metrics.RatisMetrics (RatisMetrics.java:unregister(43)) - Unregistering Metrics Registry : ratis.log_appender.a4acbc3e-e00f-4d43-961e-4e2aff2ce09e@group-852FF7B1DE9B
2021-02-05 13:32:04,905 [Listener at 127.0.0.1/37659] INFO  metrics.RatisMetrics (RatisMetrics.java:unregister(43)) - Unregistering Metrics Registry : ratis.log_appender.2ede91c2-32fe-4bb4-920b-e41603f7020f@group-6C9D51B834BF
2021-02-05 13:32:04,905 [ForkJoinPool.commonPool-worker-0] INFO  metrics.RatisMetrics (RatisMetrics.java:unregister(43)) - Unregistering Metrics Registry : ratis.server.a4acbc3e-e00f-4d43-961e-4e2aff2ce09e@group-852FF7B1DE9B
2021-02-05 13:32:04,905 [Listener at 127.0.0.1/37659] INFO  metrics.RatisMetrics (RatisMetrics.java:unregister(43)) - Unregistering Metrics Registry : ratis.server.2ede91c2-32fe-4bb4-920b-e41603f7020f@group-6C9D51B834BF
2021-02-05 13:32:04,906 [ForkJoinPool.commonPool-worker-0] INFO  impl.StateMachineUpdater (StateMachineUpdater.java:stopAndJoin(148)) - a4acbc3e-e00f-4d43-961e-4e2aff2ce09e@group-852FF7B1DE9B-StateMachineUpdater: set stopIndex = 0
2021-02-05 13:32:04,906 [2ede91c2-32fe-4bb4-920b-e41603f7020f@group-6C9D51B834BF-StateMachineUpdater] INFO  ratis.ContainerStateMachine (ContainerStateMachine.java:takeSnapshot(291)) - group-6C9D51B834BF: Taking a snapshot at:(t:1, i:0) file /github/workspace/mnt/ozone/hadoop-ozone/integration-test/target/test-dir/MiniOzoneClusterImpl-a92b2b3a-f9aa-4539-be01-238306fe77bb/datanode-4/data/ratis/b674e420-9ed4-4169-a780-6c9d51b834bf/sm/snapshot.1_0
2021-02-05 13:32:04,906 [Listener at 127.0.0.1/37659] INFO  impl.StateMachineUpdater (StateMachineUpdater.java:stopAndJoin(148)) - 2ede91c2-32fe-4bb4-920b-e41603f7020f@group-6C9D51B834BF-StateMachineUpdater: set stopIndex = 0
2021-02-05 13:32:04,906 [a4acbc3e-e00f-4d43-961e-4e2aff2ce09e@group-852FF7B1DE9B-StateMachineUpdater] INFO  ratis.ContainerStateMachine (ContainerStateMachine.java:takeSnapshot(291)) - group-852FF7B1DE9B: Taking a snapshot at:(t:1, i:0) file /github/workspace/mnt/ozone/hadoop-ozone/integration-test/target/test-dir/MiniOzoneClusterImpl-a92b2b3a-f9aa-4539-be01-238306fe77bb/datanode-2/data/ratis/bd198e90-b01e-48e3-9a05-852ff7b1de9b/sm/snapshot.1_0
2021-02-05 13:32:04,908 [2ede91c2-32fe-4bb4-920b-e41603f7020f@group-6C9D51B834BF-StateMachineUpdater] INFO  ratis.ContainerStateMachine (ContainerStateMachine.java:takeSnapshot(302)) - group-6C9D51B834BF: Finished taking a snapshot at:(t:1, i:0) file:/github/workspace/mnt/ozone/hadoop-ozone/integration-test/target/test-dir/MiniOzoneClusterImpl-a92b2b3a-f9aa-4539-be01-238306fe77bb/datanode-4/data/ratis/b674e420-9ed4-4169-a780-6c9d51b834bf/sm/snapshot.1_0 took: 1 ms
2021-02-05 13:32:04,908 [2ede91c2-32fe-4bb4-920b-e41603f7020f@group-6C9D51B834BF-StateMachineUpdater] INFO  impl.StateMachineUpdater (StateMachineUpdater.java:takeSnapshot(279)) - 2ede91c2-32fe-4bb4-920b-e41603f7020f@group-6C9D51B834BF-StateMachineUpdater: Took a snapshot at index 0
2021-02-05 13:32:04,908 [2ede91c2-32fe-4bb4-920b-e41603f7020f@group-6C9D51B834BF-StateMachineUpdater] INFO  impl.StateMachineUpdater (StateMachineUpdater.java:lambda$new$0(88)) - 2ede91c2-32fe-4bb4-920b-e41603f7020f@group-6C9D51B834BF-StateMachineUpdater: snapshotIndex: updateIncreasingly -1 -> 0
2021-02-05 13:32:04,908 [a4acbc3e-e00f-4d43-961e-4e2aff2ce09e@group-852FF7B1DE9B-StateMachineUpdater] INFO  ratis.ContainerStateMachine (ContainerStateMachine.java:takeSnapshot(302)) - group-852FF7B1DE9B: Finished taking a snapshot at:(t:1, i:0) file:/github/workspace/mnt/ozone/hadoop-ozone/integration-test/target/test-dir/MiniOzoneClusterImpl-a92b2b3a-f9aa-4539-be01-238306fe77bb/datanode-2/data/ratis/bd198e90-b01e-48e3-9a05-852ff7b1de9b/sm/snapshot.1_0 took: 2 ms
2021-02-05 13:32:04,908 [2ede91c2-32fe-4bb4-920b-e41603f7020f@group-6C9D51B834BF-StateMachineUpdater] INFO  metrics.RatisMetrics (RatisMetrics.java:unregister(43)) - Unregistering Metrics Registry : ratis.state_machine.2ede91c2-32fe-4bb4-920b-e41603f7020f@group-6C9D51B834BF
2021-02-05 13:32:04,908 [a4acbc3e-e00f-4d43-961e-4e2aff2ce09e@group-852FF7B1DE9B-StateMachineUpdater] INFO  impl.StateMachineUpdater (StateMachineUpdater.java:takeSnapshot(279)) - a4acbc3e-e00f-4d43-961e-4e2aff2ce09e@group-852FF7B1DE9B-StateMachineUpdater: Took a snapshot at index 0
2021-02-05 13:32:04,908 [a4acbc3e-e00f-4d43-961e-4e2aff2ce09e@group-852FF7B1DE9B-StateMachineUpdater] INFO  impl.StateMachineUpdater (StateMachineUpdater.java:lambda$new$0(88)) - a4acbc3e-e00f-4d43-961e-4e2aff2ce09e@group-852FF7B1DE9B-StateMachineUpdater: snapshotIndex: updateIncreasingly -1 -> 0
2021-02-05 13:32:04,908 [a4acbc3e-e00f-4d43-961e-4e2aff2ce09e@group-852FF7B1DE9B-StateMachineUpdater] INFO  metrics.RatisMetrics (RatisMetrics.java:unregister(43)) - Unregistering Metrics Registry : ratis.state_machine.a4acbc3e-e00f-4d43-961e-4e2aff2ce09e@group-852FF7B1DE9B
2021-02-05 13:32:04,909 [Listener at 127.0.0.1/37659] INFO  server.RaftServer$Division (ServerState.java:close(405)) - 2ede91c2-32fe-4bb4-920b-e41603f7020f@group-6C9D51B834BF: closes. applyIndex: 0
2021-02-05 13:32:04,909 [ForkJoinPool.commonPool-worker-0] INFO  server.RaftServer$Division (ServerState.java:close(405)) - a4acbc3e-e00f-4d43-961e-4e2aff2ce09e@group-852FF7B1DE9B: closes. applyIndex: 0
2021-02-05 13:32:04,909 [2ede91c2-32fe-4bb4-920b-e41603f7020f@group-6C9D51B834BF-SegmentedRaftLogWorker] INFO  segmented.SegmentedRaftLogWorker (SegmentedRaftLogWorker.java:run(326)) - 2ede91c2-32fe-4bb4-920b-e41603f7020f@group-6C9D51B834BF-SegmentedRaftLogWorker was interrupted, exiting. There are 0 tasks remaining in the queue.
2021-02-05 13:32:04,910 [a4acbc3e-e00f-4d43-961e-4e2aff2ce09e@group-852FF7B1DE9B-SegmentedRaftLogWorker] INFO  segmented.SegmentedRaftLogWorker (SegmentedRaftLogWorker.java:run(326)) - a4acbc3e-e00f-4d43-961e-4e2aff2ce09e@group-852FF7B1DE9B-SegmentedRaftLogWorker was interrupted, exiting. There are 0 tasks remaining in the queue.
2021-02-05 13:32:04,910 [Listener at 127.0.0.1/37659] INFO  segmented.SegmentedRaftLogWorker (SegmentedRaftLogWorker.java:close(236)) - 2ede91c2-32fe-4bb4-920b-e41603f7020f@group-6C9D51B834BF-SegmentedRaftLogWorker close()
2021-02-05 13:32:04,911 [ForkJoinPool.commonPool-worker-0] INFO  segmented.SegmentedRaftLogWorker (SegmentedRaftLogWorker.java:close(236)) - a4acbc3e-e00f-4d43-961e-4e2aff2ce09e@group-852FF7B1DE9B-SegmentedRaftLogWorker close()
2021-02-05 13:32:04,914 [Listener at 127.0.0.1/37659] INFO  metrics.RatisMetrics (RatisMetrics.java:unregister(43)) - Unregistering Metrics Registry : ratis.log_worker.2ede91c2-32fe-4bb4-920b-e41603f7020f@group-6C9D51B834BF
2021-02-05 13:32:04,914 [ForkJoinPool.commonPool-worker-0] INFO  metrics.RatisMetrics (RatisMetrics.java:unregister(43)) - Unregistering Metrics Registry : ratis.log_worker.a4acbc3e-e00f-4d43-961e-4e2aff2ce09e@group-852FF7B1DE9B
2021-02-05 13:32:04,914 [ForkJoinPool.commonPool-worker-0] INFO  metrics.RatisMetrics (RatisMetrics.java:unregister(43)) - Unregistering Metrics Registry : ratis.leader_election.a4acbc3e-e00f-4d43-961e-4e2aff2ce09e@group-852FF7B1DE9B
2021-02-05 13:32:04,914 [Listener at 127.0.0.1/37659] INFO  metrics.RatisMetrics (RatisMetrics.java:unregister(43)) - Unregistering Metrics Registry : ratis.leader_election.2ede91c2-32fe-4bb4-920b-e41603f7020f@group-6C9D51B834BF
2021-02-05 13:32:04,914 [ForkJoinPool.commonPool-worker-0] INFO  metrics.RatisMetrics (RatisMetrics.java:unregister(43)) - Unregistering Metrics Registry : ratis.server.a4acbc3e-e00f-4d43-961e-4e2aff2ce09e@group-852FF7B1DE9B
2021-02-05 13:32:04,915 [ForkJoinPool.commonPool-worker-0] INFO  server.RaftServer$Division (RaftServerImpl.java:lambda$close$4(406)) - a4acbc3e-e00f-4d43-961e-4e2aff2ce09e@group-CBE835C2428B: shutdown
2021-02-05 13:32:04,915 [ForkJoinPool.commonPool-worker-0] INFO  util.JmxRegister (JmxRegister.java:unregister(73)) - Successfully un-registered JMX Bean with object name Ratis:service=RaftServer,group=group-CBE835C2428B,id=a4acbc3e-e00f-4d43-961e-4e2aff2ce09e
2021-02-05 13:32:04,915 [ForkJoinPool.commonPool-worker-0] INFO  impl.RoleInfo (RoleInfo.java:shutdownFollowerState(108)) - a4acbc3e-e00f-4d43-961e-4e2aff2ce09e: shutdown a4acbc3e-e00f-4d43-961e-4e2aff2ce09e@group-CBE835C2428B-FollowerState
2021-02-05 13:32:04,915 [Thread-951] INFO  impl.FollowerState (FollowerState.java:run(142)) - a4acbc3e-e00f-4d43-961e-4e2aff2ce09e@group-CBE835C2428B-FollowerState was interrupted: {}
java.lang.InterruptedException: sleep interrupted
	at java.lang.Thread.sleep(Native Method)
	at java.lang.Thread.sleep(Thread.java:340)
	at java.util.concurrent.TimeUnit.sleep(TimeUnit.java:386)
	at org.apache.ratis.util.TimeDuration.sleep(TimeDuration.java:324)
	at org.apache.ratis.util.TimeDuration.sleep(TimeDuration.java:309)
	at org.apache.ratis.server.impl.FollowerState.run(FollowerState.java:117)
2021-02-05 13:32:04,915 [Listener at 127.0.0.1/37659] INFO  metrics.RatisMetrics (RatisMetrics.java:unregister(43)) - Unregistering Metrics Registry : ratis.server.2ede91c2-32fe-4bb4-920b-e41603f7020f@group-6C9D51B834BF
2021-02-05 13:32:04,916 [Listener at 127.0.0.1/37659] INFO  server.RaftServer$Division (RaftServerImpl.java:lambda$close$4(406)) - 2ede91c2-32fe-4bb4-920b-e41603f7020f@group-1F920D138C37: shutdown
2021-02-05 13:32:04,916 [Listener at 127.0.0.1/37659] INFO  util.JmxRegister (JmxRegister.java:unregister(73)) - Successfully un-registered JMX Bean with object name Ratis:service=RaftServer,group=group-1F920D138C37,id=2ede91c2-32fe-4bb4-920b-e41603f7020f
2021-02-05 13:32:04,916 [Listener at 127.0.0.1/37659] INFO  impl.RoleInfo (RoleInfo.java:shutdownFollowerState(108)) - 2ede91c2-32fe-4bb4-920b-e41603f7020f: shutdown 2ede91c2-32fe-4bb4-920b-e41603f7020f@group-1F920D138C37-FollowerState
2021-02-05 13:32:04,915 [ForkJoinPool.commonPool-worker-0] INFO  impl.StateMachineUpdater (StateMachineUpdater.java:stopAndJoin(148)) - a4acbc3e-e00f-4d43-961e-4e2aff2ce09e@group-CBE835C2428B-StateMachineUpdater: set stopIndex = -1
2021-02-05 13:32:04,915 [a4acbc3e-e00f-4d43-961e-4e2aff2ce09e@group-CBE835C2428B-StateMachineUpdater] INFO  metrics.RatisMetrics (RatisMetrics.java:unregister(43)) - Unregistering Metrics Registry : ratis.state_machine.a4acbc3e-e00f-4d43-961e-4e2aff2ce09e@group-CBE835C2428B
2021-02-05 13:32:04,916 [Thread-943] INFO  impl.FollowerState (FollowerState.java:run(142)) - 2ede91c2-32fe-4bb4-920b-e41603f7020f@group-1F920D138C37-FollowerState was interrupted: {}
java.lang.InterruptedException: sleep interrupted
	at java.lang.Thread.sleep(Native Method)
	at java.lang.Thread.sleep(Thread.java:340)
	at java.util.concurrent.TimeUnit.sleep(TimeUnit.java:386)
	at org.apache.ratis.util.TimeDuration.sleep(TimeDuration.java:324)
	at org.apache.ratis.util.TimeDuration.sleep(TimeDuration.java:309)
	at org.apache.ratis.server.impl.FollowerState.run(FollowerState.java:117)
2021-02-05 13:32:04,917 [ForkJoinPool.commonPool-worker-0] INFO  server.RaftServer$Division (ServerState.java:close(405)) - a4acbc3e-e00f-4d43-961e-4e2aff2ce09e@group-CBE835C2428B: closes. applyIndex: -1
2021-02-05 13:32:04,917 [a4acbc3e-e00f-4d43-961e-4e2aff2ce09e@group-CBE835C2428B-SegmentedRaftLogWorker] INFO  segmented.SegmentedRaftLogWorker (SegmentedRaftLogWorker.java:run(326)) - a4acbc3e-e00f-4d43-961e-4e2aff2ce09e@group-CBE835C2428B-SegmentedRaftLogWorker was interrupted, exiting. There are 0 tasks remaining in the queue.
2021-02-05 13:32:04,917 [ForkJoinPool.commonPool-worker-0] INFO  segmented.SegmentedRaftLogWorker (SegmentedRaftLogWorker.java:close(236)) - a4acbc3e-e00f-4d43-961e-4e2aff2ce09e@group-CBE835C2428B-SegmentedRaftLogWorker close()
2021-02-05 13:32:04,917 [Listener at 127.0.0.1/37659] INFO  impl.StateMachineUpdater (StateMachineUpdater.java:stopAndJoin(148)) - 2ede91c2-32fe-4bb4-920b-e41603f7020f@group-1F920D138C37-StateMachineUpdater: set stopIndex = -1
2021-02-05 13:32:04,917 [2ede91c2-32fe-4bb4-920b-e41603f7020f@group-1F920D138C37-StateMachineUpdater] INFO  metrics.RatisMetrics (RatisMetrics.java:unregister(43)) - Unregistering Metrics Registry : ratis.state_machine.2ede91c2-32fe-4bb4-920b-e41603f7020f@group-1F920D138C37
2021-02-05 13:32:04,918 [ForkJoinPool.commonPool-worker-0] INFO  metrics.RatisMetrics (RatisMetrics.java:unregister(43)) - Unregistering Metrics Registry : ratis.log_worker.a4acbc3e-e00f-4d43-961e-4e2aff2ce09e@group-CBE835C2428B
2021-02-05 13:32:04,918 [ForkJoinPool.commonPool-worker-0] INFO  metrics.RatisMetrics (RatisMetrics.java:unregister(43)) - Unregistering Metrics Registry : ratis.leader_election.a4acbc3e-e00f-4d43-961e-4e2aff2ce09e@group-CBE835C2428B
2021-02-05 13:32:04,918 [ForkJoinPool.commonPool-worker-0] INFO  metrics.RatisMetrics (RatisMetrics.java:unregister(43)) - Unregistering Metrics Registry : ratis.server.a4acbc3e-e00f-4d43-961e-4e2aff2ce09e@group-CBE835C2428B
2021-02-05 13:32:04,919 [ForkJoinPool.commonPool-worker-0] INFO  server.GrpcService (GrpcService.java:closeImpl(262)) - a4acbc3e-e00f-4d43-961e-4e2aff2ce09e: shutdown server with port 45209 now
2021-02-05 13:32:04,919 [Listener at 127.0.0.1/37659] INFO  server.RaftServer$Division (ServerState.java:close(405)) - 2ede91c2-32fe-4bb4-920b-e41603f7020f@group-1F920D138C37: closes. applyIndex: -1
2021-02-05 13:32:04,921 [2ede91c2-32fe-4bb4-920b-e41603f7020f@group-1F920D138C37-SegmentedRaftLogWorker] INFO  segmented.SegmentedRaftLogWorker (SegmentedRaftLogWorker.java:run(326)) - 2ede91c2-32fe-4bb4-920b-e41603f7020f@group-1F920D138C37-SegmentedRaftLogWorker was interrupted, exiting. There are 0 tasks remaining in the queue.
2021-02-05 13:32:04,921 [Listener at 127.0.0.1/37659] INFO  segmented.SegmentedRaftLogWorker (SegmentedRaftLogWorker.java:close(236)) - 2ede91c2-32fe-4bb4-920b-e41603f7020f@group-1F920D138C37-SegmentedRaftLogWorker close()
2021-02-05 13:32:04,922 [Listener at 127.0.0.1/37659] INFO  metrics.RatisMetrics (RatisMetrics.java:unregister(43)) - Unregistering Metrics Registry : ratis.log_worker.2ede91c2-32fe-4bb4-920b-e41603f7020f@group-1F920D138C37
2021-02-05 13:32:04,922 [Listener at 127.0.0.1/37659] INFO  metrics.RatisMetrics (RatisMetrics.java:unregister(43)) - Unregistering Metrics Registry : ratis.leader_election.2ede91c2-32fe-4bb4-920b-e41603f7020f@group-1F920D138C37
2021-02-05 13:32:04,922 [Listener at 127.0.0.1/37659] INFO  metrics.RatisMetrics (RatisMetrics.java:unregister(43)) - Unregistering Metrics Registry : ratis.server.2ede91c2-32fe-4bb4-920b-e41603f7020f@group-1F920D138C37
2021-02-05 13:32:04,922 [Listener at 127.0.0.1/37659] INFO  server.GrpcService (GrpcService.java:closeImpl(262)) - 2ede91c2-32fe-4bb4-920b-e41603f7020f: shutdown server with port 41897 now
2021-02-05 13:32:04,929 [ForkJoinPool.commonPool-worker-0] INFO  server.GrpcService (GrpcService.java:closeImpl(271)) - a4acbc3e-e00f-4d43-961e-4e2aff2ce09e: shutdown server with port 45209 successfully
2021-02-05 13:32:04,930 [org.apache.ratis.util.JvmPauseMonitor$$Lambda$504/1608512753@1946634a] INFO  util.JvmPauseMonitor (JvmPauseMonitor.java:run(109)) - JvmPauseMonitor-a4acbc3e-e00f-4d43-961e-4e2aff2ce09e: Stopped
2021-02-05 13:32:04,932 [ForkJoinPool.commonPool-worker-0] INFO  utils.BackgroundService (BackgroundService.java:shutdown(132)) - Shutting down service BlockDeletingService
2021-02-05 13:32:04,933 [Listener at 127.0.0.1/37659] INFO  server.GrpcService (GrpcService.java:closeImpl(271)) - 2ede91c2-32fe-4bb4-920b-e41603f7020f: shutdown server with port 41897 successfully
2021-02-05 13:32:04,933 [org.apache.ratis.util.JvmPauseMonitor$$Lambda$504/1608512753@64803dbf] INFO  util.JvmPauseMonitor (JvmPauseMonitor.java:run(109)) - JvmPauseMonitor-2ede91c2-32fe-4bb4-920b-e41603f7020f: Stopped
2021-02-05 13:32:04,934 [Listener at 127.0.0.1/37659] INFO  utils.BackgroundService (BackgroundService.java:shutdown(132)) - Shutting down service BlockDeletingService
2021-02-05 13:32:04,939 [ForkJoinPool.commonPool-worker-0] INFO  statemachine.DatanodeStateMachine (DatanodeStateMachine.java:stopDaemon(470)) - Ozone container server stopped.
2021-02-05 13:32:04,945 [Listener at 127.0.0.1/37659] INFO  statemachine.DatanodeStateMachine (DatanodeStateMachine.java:stopDaemon(470)) - Ozone container server stopped.
2021-02-05 13:32:04,959 [Thread-944] INFO  impl.FollowerState (FollowerState.java:run(133)) - 642d0014-1bde-428b-b06d-30c9ab67a786@group-1F920D138C37-FollowerState: change to CANDIDATE, lastRpcElapsedTime:5095075540ns, electionTimeout:5090ms
2021-02-05 13:32:04,959 [Thread-944] INFO  impl.RoleInfo (RoleInfo.java:shutdownFollowerState(108)) - 642d0014-1bde-428b-b06d-30c9ab67a786: shutdown 642d0014-1bde-428b-b06d-30c9ab67a786@group-1F920D138C37-FollowerState
2021-02-05 13:32:04,959 [Thread-944] INFO  server.RaftServer$Division (RaftServerImpl.java:setRole(284)) - 642d0014-1bde-428b-b06d-30c9ab67a786@group-1F920D138C37: changes role from  FOLLOWER to CANDIDATE at term 3 for changeToCandidate
2021-02-05 13:32:04,959 [Thread-944] INFO  server.RaftServerConfigKeys (ConfUtils.java:logGet(44)) - raft.server.leaderelection.pre-vote = false (custom)
2021-02-05 13:32:04,959 [Thread-944] INFO  impl.RoleInfo (RoleInfo.java:updateAndGet(130)) - 642d0014-1bde-428b-b06d-30c9ab67a786: start 642d0014-1bde-428b-b06d-30c9ab67a786@group-1F920D138C37-LeaderElection41
2021-02-05 13:32:04,959 [ForkJoinPool.commonPool-worker-0] INFO  handler.ContextHandler (ContextHandler.java:doStop(1154)) - Stopped o.e.j.w.WebAppContext@1267348a{hddsDatanode,/,null,STOPPED}{jar:file:/home/user/.m2/repository/org/apache/hadoop/hadoop-hdds-container-service/1.1.0-SNAPSHOT/hadoop-hdds-container-service-1.1.0-SNAPSHOT.jar!/webapps/hddsDatanode}
2021-02-05 13:32:04,960 [ForkJoinPool.commonPool-worker-0] INFO  server.AbstractConnector (AbstractConnector.java:doStop(381)) - Stopped ServerConnector@60c7726b{HTTP/1.1, (http/1.1)}{0.0.0.0:0}
2021-02-05 13:32:04,960 [ForkJoinPool.commonPool-worker-0] INFO  server.session (HouseKeeper.java:stopScavenging(149)) - node0 Stopped scavenging
2021-02-05 13:32:04,961 [Listener at 127.0.0.1/37659] INFO  handler.ContextHandler (ContextHandler.java:doStop(1154)) - Stopped o.e.j.w.WebAppContext@5a9fa35{hddsDatanode,/,null,STOPPED}{jar:file:/home/user/.m2/repository/org/apache/hadoop/hadoop-hdds-container-service/1.1.0-SNAPSHOT/hadoop-hdds-container-service-1.1.0-SNAPSHOT.jar!/webapps/hddsDatanode}
2021-02-05 13:32:04,963 [Listener at 127.0.0.1/37659] INFO  server.AbstractConnector (AbstractConnector.java:doStop(381)) - Stopped ServerConnector@44185116{HTTP/1.1, (http/1.1)}{0.0.0.0:0}
2021-02-05 13:32:04,963 [Listener at 127.0.0.1/37659] INFO  server.session (HouseKeeper.java:stopScavenging(149)) - node0 Stopped scavenging
2021-02-05 13:32:04,963 [642d0014-1bde-428b-b06d-30c9ab67a786@group-1F920D138C37-LeaderElection41] INFO  impl.LeaderElection (LeaderElection.java:askForVotes(307)) - 642d0014-1bde-428b-b06d-30c9ab67a786@group-1F920D138C37-LeaderElection41 ELECTION round 0: submit vote requests at term 4 for -1: [2ede91c2-32fe-4bb4-920b-e41603f7020f|rpc:172.17.0.2:41897|admin:|client:|dataStream:|priority:1, 642d0014-1bde-428b-b06d-30c9ab67a786|rpc:172.17.0.2:39473|admin:|client:|dataStream:|priority:0, 5636fed9-8cb9-4b03-9cef-dc5fa3810e57|rpc:172.17.0.2:46415|admin:|client:|dataStream:|priority:0], old=null
2021-02-05 13:32:04,964 [Listener at 127.0.0.1/37659] INFO  handler.ContextHandler (ContextHandler.java:doStop(1154)) - Stopped o.e.j.s.ServletContextHandler@1531ec6{static,/static,jar:file:/home/user/.m2/repository/org/apache/hadoop/hadoop-hdds-container-service/1.1.0-SNAPSHOT/hadoop-hdds-container-service-1.1.0-SNAPSHOT.jar!/webapps/static,STOPPED}
2021-02-05 13:32:04,964 [Listener at 127.0.0.1/37659] INFO  handler.ContextHandler (ContextHandler.java:doStop(1154)) - Stopped o.e.j.s.ServletContextHandler@1a8bbf04{logs,/logs,file:///github/workspace/mnt/ozone/hadoop-ozone/integration-test/target/log,STOPPED}
2021-02-05 13:32:04,964 [ForkJoinPool.commonPool-worker-0] INFO  handler.ContextHandler (ContextHandler.java:doStop(1154)) - Stopped o.e.j.s.ServletContextHandler@3479e14e{static,/static,jar:file:/home/user/.m2/repository/org/apache/hadoop/hadoop-hdds-container-service/1.1.0-SNAPSHOT/hadoop-hdds-container-service-1.1.0-SNAPSHOT.jar!/webapps/static,STOPPED}
2021-02-05 13:32:04,968 [ForkJoinPool.commonPool-worker-0] INFO  handler.ContextHandler (ContextHandler.java:doStop(1154)) - Stopped o.e.j.s.ServletContextHandler@5e81d985{logs,/logs,file:///github/workspace/mnt/ozone/hadoop-ozone/integration-test/target/log,STOPPED}
2021-02-05 13:32:04,972 [642d0014-1bde-428b-b06d-30c9ab67a786@group-1F920D138C37-LeaderElection41] INFO  impl.LeaderElection (LogUtils.java:infoOrTrace(137)) - 642d0014-1bde-428b-b06d-30c9ab67a786@group-1F920D138C37-LeaderElection41 got exception when requesting votes: java.util.concurrent.ExecutionException: org.apache.ratis.thirdparty.io.grpc.StatusRuntimeException: UNAVAILABLE: io exception
2021-02-05 13:32:04,974 [grpc-default-executor-4] INFO  server.RaftServer$Division (RaftServerImpl.java:requestVote(1025)) - 5636fed9-8cb9-4b03-9cef-dc5fa3810e57@group-1F920D138C37: receive requestVote(ELECTION, 642d0014-1bde-428b-b06d-30c9ab67a786, group-1F920D138C37, 4, (t:0, i:0))
2021-02-05 13:32:04,974 [grpc-default-executor-4] INFO  impl.VoteContext (VoteContext.java:log(48)) - 5636fed9-8cb9-4b03-9cef-dc5fa3810e57@group-1F920D138C37-FOLLOWER: accept ELECTION from 642d0014-1bde-428b-b06d-30c9ab67a786: our priority 0 <= candidate's priority 0
2021-02-05 13:32:04,974 [grpc-default-executor-4] INFO  server.RaftServer$Division (RaftServerImpl.java:setRole(284)) - 5636fed9-8cb9-4b03-9cef-dc5fa3810e57@group-1F920D138C37: changes role from  FOLLOWER to FOLLOWER at term 4 for candidate:642d0014-1bde-428b-b06d-30c9ab67a786
2021-02-05 13:32:04,975 [grpc-default-executor-4] INFO  impl.RoleInfo (RoleInfo.java:shutdownFollowerState(108)) - 5636fed9-8cb9-4b03-9cef-dc5fa3810e57: shutdown 5636fed9-8cb9-4b03-9cef-dc5fa3810e57@group-1F920D138C37-FollowerState
2021-02-05 13:32:04,975 [grpc-default-executor-4] INFO  impl.RoleInfo (RoleInfo.java:updateAndGet(130)) - 5636fed9-8cb9-4b03-9cef-dc5fa3810e57: start 5636fed9-8cb9-4b03-9cef-dc5fa3810e57@group-1F920D138C37-FollowerState
2021-02-05 13:32:04,975 [Thread-945] INFO  impl.FollowerState (FollowerState.java:run(142)) - 5636fed9-8cb9-4b03-9cef-dc5fa3810e57@group-1F920D138C37-FollowerState was interrupted: {}
java.lang.InterruptedException: sleep interrupted
	at java.lang.Thread.sleep(Native Method)
	at java.lang.Thread.sleep(Thread.java:340)
	at java.util.concurrent.TimeUnit.sleep(TimeUnit.java:386)
	at org.apache.ratis.util.TimeDuration.sleep(TimeDuration.java:324)
	at org.apache.ratis.util.TimeDuration.sleep(TimeDuration.java:309)
	at org.apache.ratis.server.impl.FollowerState.run(FollowerState.java:117)
2021-02-05 13:32:04,982 [grpc-default-executor-4] INFO  server.RaftServer$Division (RaftServerImpl.java:requestVote(1057)) - 5636fed9-8cb9-4b03-9cef-dc5fa3810e57@group-1F920D138C37 replies to ELECTION vote request: 642d0014-1bde-428b-b06d-30c9ab67a786<-5636fed9-8cb9-4b03-9cef-dc5fa3810e57#0:OK-t4. Peer's state: 5636fed9-8cb9-4b03-9cef-dc5fa3810e57@group-1F920D138C37:t4, leader=null, voted=642d0014-1bde-428b-b06d-30c9ab67a786, raftlog=5636fed9-8cb9-4b03-9cef-dc5fa3810e57@group-1F920D138C37-SegmentedRaftLog:OPENED:c-1,f-1,i0, conf=-1: [2ede91c2-32fe-4bb4-920b-e41603f7020f|rpc:172.17.0.2:41897|priority:1, 642d0014-1bde-428b-b06d-30c9ab67a786|rpc:172.17.0.2:39473|priority:0, 5636fed9-8cb9-4b03-9cef-dc5fa3810e57|rpc:172.17.0.2:46415|priority:0], old=null
2021-02-05 13:32:04,983 [642d0014-1bde-428b-b06d-30c9ab67a786@group-1F920D138C37-LeaderElection41] INFO  impl.LeaderElection (LeaderElection.java:logAndReturn(89)) - 642d0014-1bde-428b-b06d-30c9ab67a786@group-1F920D138C37-LeaderElection41: ELECTION PASSED received 1 response(s) and 1 exception(s):
2021-02-05 13:32:04,984 [642d0014-1bde-428b-b06d-30c9ab67a786@group-1F920D138C37-LeaderElection41] INFO  impl.LeaderElection (LeaderElection.java:logAndReturn(93)) -   Response 0: 642d0014-1bde-428b-b06d-30c9ab67a786<-5636fed9-8cb9-4b03-9cef-dc5fa3810e57#0:OK-t4
2021-02-05 13:32:04,984 [642d0014-1bde-428b-b06d-30c9ab67a786@group-1F920D138C37-LeaderElection41] INFO  impl.LeaderElection (LogUtils.java:infoOrTrace(137)) -   Exception 1: java.util.concurrent.ExecutionException: org.apache.ratis.thirdparty.io.grpc.StatusRuntimeException: UNAVAILABLE: io exception
2021-02-05 13:32:04,984 [642d0014-1bde-428b-b06d-30c9ab67a786@group-1F920D138C37-LeaderElection41] INFO  impl.LeaderElection (LeaderElection.java:askForVotes(309)) - 642d0014-1bde-428b-b06d-30c9ab67a786@group-1F920D138C37-LeaderElection41 ELECTION round 0: result PASSED
2021-02-05 13:32:04,984 [642d0014-1bde-428b-b06d-30c9ab67a786@group-1F920D138C37-LeaderElection41] INFO  impl.RoleInfo (RoleInfo.java:shutdownLeaderElection(121)) - 642d0014-1bde-428b-b06d-30c9ab67a786: shutdown 642d0014-1bde-428b-b06d-30c9ab67a786@group-1F920D138C37-LeaderElection41
2021-02-05 13:32:04,984 [642d0014-1bde-428b-b06d-30c9ab67a786@group-1F920D138C37-LeaderElection41] INFO  server.RaftServer$Division (RaftServerImpl.java:setRole(284)) - 642d0014-1bde-428b-b06d-30c9ab67a786@group-1F920D138C37: changes role from CANDIDATE to LEADER at term 4 for changeToLeader
2021-02-05 13:32:04,984 [642d0014-1bde-428b-b06d-30c9ab67a786@group-1F920D138C37-LeaderElection41] INFO  ratis.XceiverServerRatis (XceiverServerRatis.java:handleLeaderChangedNotification(871)) - Leader change notification received for group: group-1F920D138C37 with new leaderId: 642d0014-1bde-428b-b06d-30c9ab67a786
2021-02-05 13:32:04,984 [642d0014-1bde-428b-b06d-30c9ab67a786@group-1F920D138C37-LeaderElection41] INFO  server.RaftServer$Division (ServerState.java:setLeader(271)) - 642d0014-1bde-428b-b06d-30c9ab67a786@group-1F920D138C37: change Leader from null to 642d0014-1bde-428b-b06d-30c9ab67a786 at term 4 for becomeLeader, leader elected after 20282ms
2021-02-05 13:32:04,984 [Datanode State Machine Thread - 0] INFO  statemachine.DatanodeStateMachine (DatanodeStateMachine.java:lambda$startDaemon$0(412)) - Ozone container server started.
2021-02-05 13:32:04,984 [642d0014-1bde-428b-b06d-30c9ab67a786@group-1F920D138C37-LeaderElection41] INFO  server.RaftServerConfigKeys (ConfUtils.java:logGet(44)) - raft.server.staging.catchup.gap = 1000 (default)
2021-02-05 13:32:04,984 [642d0014-1bde-428b-b06d-30c9ab67a786@group-1F920D138C37-LeaderElection41] INFO  metrics.RatisMetrics (RatisMetrics.java:lambda$create$0(36)) - Creating Metrics Registry : ratis.log_appender.642d0014-1bde-428b-b06d-30c9ab67a786@group-1F920D138C37
2021-02-05 13:32:04,984 [642d0014-1bde-428b-b06d-30c9ab67a786@group-1F920D138C37-LeaderElection41] INFO  server.RaftServerConfigKeys (ConfUtils.java:logGet(44)) - raft.server.write.element-limit = 1024 (custom)
2021-02-05 13:32:04,984 [642d0014-1bde-428b-b06d-30c9ab67a786@group-1F920D138C37-LeaderElection41] INFO  server.RaftServerConfigKeys (ConfUtils.java:logGet(44)) - raft.server.write.byte-limit = 1073741824 (custom)
2021-02-05 13:32:04,984 [642d0014-1bde-428b-b06d-30c9ab67a786@group-1F920D138C37-LeaderElection41] INFO  server.RaftServerConfigKeys (ConfUtils.java:logGet(44)) - raft.server.watch.timeout = 3000ms (custom)
2021-02-05 13:32:04,985 [642d0014-1bde-428b-b06d-30c9ab67a786@group-1F920D138C37-LeaderElection41] INFO  server.RaftServerConfigKeys (ConfUtils.java:logGet(44)) - raft.server.watch.timeout.denomination = 1s (default)
2021-02-05 13:32:04,985 [642d0014-1bde-428b-b06d-30c9ab67a786@group-1F920D138C37-LeaderElection41] INFO  server.RaftServerConfigKeys (ConfUtils.java:logGet(44)) - raft.server.watch.element-limit = 65536 (default)
2021-02-05 13:32:04,985 [642d0014-1bde-428b-b06d-30c9ab67a786@group-1F920D138C37-LeaderElection41] INFO  server.RaftServerConfigKeys (ConfUtils.java:logGet(44)) - raft.server.log.appender.snapshot.chunk.size.max = 16MB (=16777216) (default)
2021-02-05 13:32:04,985 [642d0014-1bde-428b-b06d-30c9ab67a786@group-1F920D138C37-LeaderElection41] INFO  server.RaftServerConfigKeys (ConfUtils.java:logGet(44)) - raft.server.log.appender.buffer.byte-limit = 33554432 (custom)
2021-02-05 13:32:04,985 [642d0014-1bde-428b-b06d-30c9ab67a786@group-1F920D138C37-LeaderElection41] INFO  server.RaftServerConfigKeys (ConfUtils.java:logGet(44)) - raft.server.log.appender.buffer.element-limit = 1 (custom)
2021-02-05 13:32:04,985 [642d0014-1bde-428b-b06d-30c9ab67a786@group-1F920D138C37-LeaderElection41] INFO  grpc.GrpcConfigKeys (ConfUtils.java:logGet(44)) - raft.grpc.server.leader.outstanding.appends.max = 128 (default)
2021-02-05 13:32:04,985 [642d0014-1bde-428b-b06d-30c9ab67a786@group-1F920D138C37-LeaderElection41] INFO  server.RaftServerConfigKeys (ConfUtils.java:logGet(44)) - raft.server.rpc.request.timeout = 3000ms (default)
2021-02-05 13:32:04,985 [642d0014-1bde-428b-b06d-30c9ab67a786@group-1F920D138C37-LeaderElection41] INFO  server.RaftServerConfigKeys (ConfUtils.java:logGet(44)) - raft.server.log.appender.install.snapshot.enabled = false (custom)
2021-02-05 13:32:04,985 [642d0014-1bde-428b-b06d-30c9ab67a786@group-1F920D138C37-LeaderElection41] INFO  metrics.RatisMetrics (RatisMetrics.java:lambda$create$0(36)) - Creating Metrics Registry : ratis_grpc.log_appender.642d0014-1bde-428b-b06d-30c9ab67a786@group-1F920D138C37
2021-02-05 13:32:04,986 [642d0014-1bde-428b-b06d-30c9ab67a786@group-1F920D138C37-LeaderElection41] INFO  server.RaftServerConfigKeys (ConfUtils.java:logGet(44)) - raft.server.log.appender.snapshot.chunk.size.max = 16MB (=16777216) (default)
2021-02-05 13:32:04,987 [642d0014-1bde-428b-b06d-30c9ab67a786@group-1F920D138C37-LeaderElection41] INFO  server.RaftServerConfigKeys (ConfUtils.java:logGet(44)) - raft.server.log.appender.buffer.byte-limit = 33554432 (custom)
2021-02-05 13:32:04,987 [642d0014-1bde-428b-b06d-30c9ab67a786@group-1F920D138C37-LeaderElection41] INFO  server.RaftServerConfigKeys (ConfUtils.java:logGet(44)) - raft.server.log.appender.buffer.element-limit = 1 (custom)
2021-02-05 13:32:04,987 [642d0014-1bde-428b-b06d-30c9ab67a786@group-1F920D138C37-LeaderElection41] INFO  grpc.GrpcConfigKeys (ConfUtils.java:logGet(44)) - raft.grpc.server.leader.outstanding.appends.max = 128 (default)
2021-02-05 13:32:04,987 [642d0014-1bde-428b-b06d-30c9ab67a786@group-1F920D138C37-LeaderElection41] INFO  server.RaftServerConfigKeys (ConfUtils.java:logGet(44)) - raft.server.rpc.request.timeout = 3000ms (default)
2021-02-05 13:32:04,987 [642d0014-1bde-428b-b06d-30c9ab67a786@group-1F920D138C37-LeaderElection41] INFO  server.RaftServerConfigKeys (ConfUtils.java:logGet(44)) - raft.server.log.appender.install.snapshot.enabled = false (custom)
2021-02-05 13:32:04,988 [642d0014-1bde-428b-b06d-30c9ab67a786@group-1F920D138C37-LeaderElection41] INFO  impl.RoleInfo (RoleInfo.java:updateAndGet(130)) - 642d0014-1bde-428b-b06d-30c9ab67a786: start 642d0014-1bde-428b-b06d-30c9ab67a786@group-1F920D138C37-LeaderStateImpl
2021-02-05 13:32:04,988 [642d0014-1bde-428b-b06d-30c9ab67a786@group-1F920D138C37-LeaderElection41] INFO  segmented.SegmentedRaftLogWorker (SegmentedRaftLogWorker.java:startLogSegment(392)) - 642d0014-1bde-428b-b06d-30c9ab67a786@group-1F920D138C37-SegmentedRaftLogWorker: Starting segment from index:0
2021-02-05 13:32:04,989 [642d0014-1bde-428b-b06d-30c9ab67a786@group-1F920D138C37-SegmentedRaftLogWorker] INFO  segmented.SegmentedRaftLogWorker (SegmentedRaftLogWorker.java:execute(599)) - 642d0014-1bde-428b-b06d-30c9ab67a786@group-1F920D138C37-SegmentedRaftLogWorker: created new log segment /github/workspace/mnt/ozone/hadoop-ozone/integration-test/target/test-dir/MiniOzoneClusterImpl-a92b2b3a-f9aa-4539-be01-238306fe77bb/datanode-5/data/ratis/57f19455-4f3d-4583-bd81-1f920d138c37/current/log_inprogress_0
2021-02-05 13:32:04,990 [grpc-default-executor-4] WARN  server.GrpcLogAppender (LogUtils.java:warn(122)) - 642d0014-1bde-428b-b06d-30c9ab67a786@group-1F920D138C37->2ede91c2-32fe-4bb4-920b-e41603f7020f-AppendLogResponseHandler: Failed appendEntries: org.apache.ratis.thirdparty.io.grpc.StatusRuntimeException: UNAVAILABLE: io exception
2021-02-05 13:32:04,991 [642d0014-1bde-428b-b06d-30c9ab67a786@group-1F920D138C37-LeaderElection41] INFO  server.RaftServer$Division (ServerState.java:setRaftConf(373)) - 642d0014-1bde-428b-b06d-30c9ab67a786@group-1F920D138C37: set configuration 0: [2ede91c2-32fe-4bb4-920b-e41603f7020f|rpc:172.17.0.2:41897|admin:|client:|dataStream:|priority:1, 642d0014-1bde-428b-b06d-30c9ab67a786|rpc:172.17.0.2:39473|admin:|client:|dataStream:|priority:0, 5636fed9-8cb9-4b03-9cef-dc5fa3810e57|rpc:172.17.0.2:46415|admin:|client:|dataStream:|priority:0], old=null
2021-02-05 13:32:04,993 [grpc-default-executor-1] INFO  ratis.XceiverServerRatis (XceiverServerRatis.java:handleLeaderChangedNotification(871)) - Leader change notification received for group: group-1F920D138C37 with new leaderId: 642d0014-1bde-428b-b06d-30c9ab67a786
2021-02-05 13:32:04,993 [grpc-default-executor-1] INFO  server.RaftServer$Division (ServerState.java:setLeader(271)) - 5636fed9-8cb9-4b03-9cef-dc5fa3810e57@group-1F920D138C37: change Leader from null to 642d0014-1bde-428b-b06d-30c9ab67a786 at term 4 for appendEntries, leader elected after 20339ms
2021-02-05 13:32:04,996 [grpc-default-executor-4] WARN  server.GrpcLogAppender (GrpcLogAppender.java:resetClient(111)) - 642d0014-1bde-428b-b06d-30c9ab67a786@group-1F920D138C37->2ede91c2-32fe-4bb4-920b-e41603f7020f-GrpcLogAppender: Leader has not got in touch with Follower 642d0014-1bde-428b-b06d-30c9ab67a786@group-1F920D138C37->2ede91c2-32fe-4bb4-920b-e41603f7020f(c-1,m0,n1, attendVote=true, lastRpcSendTime=4, lastRpcResponseTime=5211) yet, just keep nextIndex unchanged and retry.
2021-02-05 13:32:04,996 [grpc-default-executor-1] INFO  server.RaftServer$Division (ServerState.java:setRaftConf(373)) - 5636fed9-8cb9-4b03-9cef-dc5fa3810e57@group-1F920D138C37: set configuration 0: [2ede91c2-32fe-4bb4-920b-e41603f7020f|rpc:172.17.0.2:41897|admin:|client:|dataStream:|priority:1, 642d0014-1bde-428b-b06d-30c9ab67a786|rpc:172.17.0.2:39473|admin:|client:|dataStream:|priority:0, 5636fed9-8cb9-4b03-9cef-dc5fa3810e57|rpc:172.17.0.2:46415|admin:|client:|dataStream:|priority:0], old=null
2021-02-05 13:32:04,999 [grpc-default-executor-1] INFO  segmented.SegmentedRaftLogWorker (SegmentedRaftLogWorker.java:startLogSegment(392)) - 5636fed9-8cb9-4b03-9cef-dc5fa3810e57@group-1F920D138C37-SegmentedRaftLogWorker: Starting segment from index:0
2021-02-05 13:32:05,000 [5636fed9-8cb9-4b03-9cef-dc5fa3810e57@group-1F920D138C37-SegmentedRaftLogWorker] INFO  segmented.SegmentedRaftLogWorker (SegmentedRaftLogWorker.java:execute(599)) - 5636fed9-8cb9-4b03-9cef-dc5fa3810e57@group-1F920D138C37-SegmentedRaftLogWorker: created new log segment /github/workspace/mnt/ozone/hadoop-ozone/integration-test/target/test-dir/MiniOzoneClusterImpl-a92b2b3a-f9aa-4539-be01-238306fe77bb/datanode-3/data/ratis/57f19455-4f3d-4583-bd81-1f920d138c37/current/log_inprogress_0
2021-02-05 13:32:05,053 [Thread-950] INFO  impl.FollowerState (FollowerState.java:run(133)) - a9448078-34fe-435b-8f34-59bdbb0249c7@group-CBE835C2428B-FollowerState: change to CANDIDATE, lastRpcElapsedTime:5142688956ns, electionTimeout:5142ms
2021-02-05 13:32:05,053 [Thread-950] INFO  impl.RoleInfo (RoleInfo.java:shutdownFollowerState(108)) - a9448078-34fe-435b-8f34-59bdbb0249c7: shutdown a9448078-34fe-435b-8f34-59bdbb0249c7@group-CBE835C2428B-FollowerState
2021-02-05 13:32:05,053 [Thread-950] INFO  server.RaftServer$Division (RaftServerImpl.java:setRole(284)) - a9448078-34fe-435b-8f34-59bdbb0249c7@group-CBE835C2428B: changes role from  FOLLOWER to CANDIDATE at term 4 for changeToCandidate
2021-02-05 13:32:05,053 [Thread-950] INFO  server.RaftServerConfigKeys (ConfUtils.java:logGet(44)) - raft.server.leaderelection.pre-vote = false (custom)
2021-02-05 13:32:05,053 [Thread-950] INFO  impl.RoleInfo (RoleInfo.java:updateAndGet(130)) - a9448078-34fe-435b-8f34-59bdbb0249c7: start a9448078-34fe-435b-8f34-59bdbb0249c7@group-CBE835C2428B-LeaderElection42
2021-02-05 13:32:05,055 [Thread-952] INFO  impl.FollowerState (FollowerState.java:run(133)) - 9a530726-af8b-4f6c-9588-6c152d944b80@group-CBE835C2428B-FollowerState: change to CANDIDATE, lastRpcElapsedTime:5141630353ns, electionTimeout:5140ms
2021-02-05 13:32:05,055 [Thread-952] INFO  impl.RoleInfo (RoleInfo.java:shutdownFollowerState(108)) - 9a530726-af8b-4f6c-9588-6c152d944b80: shutdown 9a530726-af8b-4f6c-9588-6c152d944b80@group-CBE835C2428B-FollowerState
2021-02-05 13:32:05,055 [Thread-952] INFO  server.RaftServer$Division (RaftServerImpl.java:setRole(284)) - 9a530726-af8b-4f6c-9588-6c152d944b80@group-CBE835C2428B: changes role from  FOLLOWER to CANDIDATE at term 4 for changeToCandidate
2021-02-05 13:32:05,055 [Thread-952] INFO  server.RaftServerConfigKeys (ConfUtils.java:logGet(44)) - raft.server.leaderelection.pre-vote = false (custom)
2021-02-05 13:32:05,055 [Thread-952] INFO  impl.RoleInfo (RoleInfo.java:updateAndGet(130)) - 9a530726-af8b-4f6c-9588-6c152d944b80: start 9a530726-af8b-4f6c-9588-6c152d944b80@group-CBE835C2428B-LeaderElection43
2021-02-05 13:32:05,057 [a9448078-34fe-435b-8f34-59bdbb0249c7@group-CBE835C2428B-LeaderElection42] INFO  impl.LeaderElection (LeaderElection.java:askForVotes(307)) - a9448078-34fe-435b-8f34-59bdbb0249c7@group-CBE835C2428B-LeaderElection42 ELECTION round 0: submit vote requests at term 5 for 0: [a9448078-34fe-435b-8f34-59bdbb0249c7|rpc:172.17.0.2:33155|admin:|client:|dataStream:|priority:1, 9a530726-af8b-4f6c-9588-6c152d944b80|rpc:172.17.0.2:39199|admin:|client:|dataStream:|priority:0, a4acbc3e-e00f-4d43-961e-4e2aff2ce09e|rpc:172.17.0.2:45209|admin:|client:|dataStream:|priority:0], old=null
2021-02-05 13:32:05,059 [grpc-default-executor-1] INFO  server.RaftServer$Division (RaftServerImpl.java:requestVote(1025)) - 9a530726-af8b-4f6c-9588-6c152d944b80@group-CBE835C2428B: receive requestVote(ELECTION, a9448078-34fe-435b-8f34-59bdbb0249c7, group-CBE835C2428B, 5, (t:1, i:0))
2021-02-05 13:32:05,059 [grpc-default-executor-1] INFO  impl.VoteContext (VoteContext.java:log(48)) - 9a530726-af8b-4f6c-9588-6c152d944b80@group-CBE835C2428B-CANDIDATE: accept ELECTION from a9448078-34fe-435b-8f34-59bdbb0249c7: our last entry null < candidate's last entry (t:1, i:0)
2021-02-05 13:32:05,059 [grpc-default-executor-1] INFO  server.RaftServer$Division (RaftServerImpl.java:setRole(284)) - 9a530726-af8b-4f6c-9588-6c152d944b80@group-CBE835C2428B: changes role from CANDIDATE to FOLLOWER at term 5 for candidate:a9448078-34fe-435b-8f34-59bdbb0249c7
2021-02-05 13:32:05,059 [grpc-default-executor-1] INFO  impl.RoleInfo (RoleInfo.java:shutdownLeaderElection(121)) - 9a530726-af8b-4f6c-9588-6c152d944b80: shutdown 9a530726-af8b-4f6c-9588-6c152d944b80@group-CBE835C2428B-LeaderElection43
2021-02-05 13:32:05,061 [grpc-default-executor-1] INFO  impl.RoleInfo (RoleInfo.java:updateAndGet(130)) - 9a530726-af8b-4f6c-9588-6c152d944b80: start 9a530726-af8b-4f6c-9588-6c152d944b80@group-CBE835C2428B-FollowerState
2021-02-05 13:32:05,061 [9a530726-af8b-4f6c-9588-6c152d944b80@group-CBE835C2428B-LeaderElection43] INFO  impl.LeaderElection (LeaderElection.java:run(231)) - 9a530726-af8b-4f6c-9588-6c152d944b80@group-CBE835C2428B-LeaderElection43: skip running since this is already CLOSING
2021-02-05 13:32:05,062 [a9448078-34fe-435b-8f34-59bdbb0249c7@group-CBE835C2428B-LeaderElection42] INFO  impl.LeaderElection (LogUtils.java:infoOrTrace(137)) - a9448078-34fe-435b-8f34-59bdbb0249c7@group-CBE835C2428B-LeaderElection42 got exception when requesting votes: java.util.concurrent.ExecutionException: org.apache.ratis.thirdparty.io.grpc.StatusRuntimeException: UNAVAILABLE: io exception
2021-02-05 13:32:05,062 [grpc-default-executor-1] INFO  server.RaftServer$Division (RaftServerImpl.java:requestVote(1057)) - 9a530726-af8b-4f6c-9588-6c152d944b80@group-CBE835C2428B replies to ELECTION vote request: a9448078-34fe-435b-8f34-59bdbb0249c7<-9a530726-af8b-4f6c-9588-6c152d944b80#0:OK-t5. Peer's state: 9a530726-af8b-4f6c-9588-6c152d944b80@group-CBE835C2428B:t5, leader=null, voted=a9448078-34fe-435b-8f34-59bdbb0249c7, raftlog=9a530726-af8b-4f6c-9588-6c152d944b80@group-CBE835C2428B-SegmentedRaftLog:OPENED:c-1,f-1,i0, conf=-1: [a9448078-34fe-435b-8f34-59bdbb0249c7|rpc:172.17.0.2:33155|priority:1, 9a530726-af8b-4f6c-9588-6c152d944b80|rpc:172.17.0.2:39199|priority:0, a4acbc3e-e00f-4d43-961e-4e2aff2ce09e|rpc:172.17.0.2:45209|priority:0], old=null
2021-02-05 13:32:05,063 [a9448078-34fe-435b-8f34-59bdbb0249c7@group-CBE835C2428B-LeaderElection42] INFO  impl.LeaderElection (LeaderElection.java:logAndReturn(89)) - a9448078-34fe-435b-8f34-59bdbb0249c7@group-CBE835C2428B-LeaderElection42: ELECTION PASSED received 1 response(s) and 1 exception(s):
2021-02-05 13:32:05,063 [a9448078-34fe-435b-8f34-59bdbb0249c7@group-CBE835C2428B-LeaderElection42] INFO  impl.LeaderElection (LeaderElection.java:logAndReturn(93)) -   Response 0: a9448078-34fe-435b-8f34-59bdbb0249c7<-9a530726-af8b-4f6c-9588-6c152d944b80#0:OK-t5
2021-02-05 13:32:05,063 [a9448078-34fe-435b-8f34-59bdbb0249c7@group-CBE835C2428B-LeaderElection42] INFO  impl.LeaderElection (LogUtils.java:infoOrTrace(137)) -   Exception 1: java.util.concurrent.ExecutionException: org.apache.ratis.thirdparty.io.grpc.StatusRuntimeException: UNAVAILABLE: io exception
2021-02-05 13:32:05,063 [a9448078-34fe-435b-8f34-59bdbb0249c7@group-CBE835C2428B-LeaderElection42] INFO  impl.LeaderElection (LeaderElection.java:askForVotes(309)) - a9448078-34fe-435b-8f34-59bdbb0249c7@group-CBE835C2428B-LeaderElection42 ELECTION round 0: result PASSED
2021-02-05 13:32:05,063 [a9448078-34fe-435b-8f34-59bdbb0249c7@group-CBE835C2428B-LeaderElection42] INFO  impl.RoleInfo (RoleInfo.java:shutdownLeaderElection(121)) - a9448078-34fe-435b-8f34-59bdbb0249c7: shutdown a9448078-34fe-435b-8f34-59bdbb0249c7@group-CBE835C2428B-LeaderElection42
2021-02-05 13:32:05,063 [a9448078-34fe-435b-8f34-59bdbb0249c7@group-CBE835C2428B-LeaderElection42] INFO  server.RaftServer$Division (RaftServerImpl.java:setRole(284)) - a9448078-34fe-435b-8f34-59bdbb0249c7@group-CBE835C2428B: changes role from CANDIDATE to LEADER at term 5 for changeToLeader
2021-02-05 13:32:05,063 [a9448078-34fe-435b-8f34-59bdbb0249c7@group-CBE835C2428B-LeaderElection42] INFO  ratis.XceiverServerRatis (XceiverServerRatis.java:handleLeaderChangedNotification(871)) - Leader change notification received for group: group-CBE835C2428B with new leaderId: a9448078-34fe-435b-8f34-59bdbb0249c7
2021-02-05 13:32:05,063 [a9448078-34fe-435b-8f34-59bdbb0249c7@group-CBE835C2428B-LeaderElection42] INFO  server.RaftServer$Division (ServerState.java:setLeader(271)) - a9448078-34fe-435b-8f34-59bdbb0249c7@group-CBE835C2428B: change Leader from null to a9448078-34fe-435b-8f34-59bdbb0249c7 at term 5 for becomeLeader, leader elected after 15300ms
2021-02-05 13:32:05,063 [a9448078-34fe-435b-8f34-59bdbb0249c7@group-CBE835C2428B-LeaderElection42] INFO  server.RaftServerConfigKeys (ConfUtils.java:logGet(44)) - raft.server.staging.catchup.gap = 1000 (default)
2021-02-05 13:32:05,063 [a9448078-34fe-435b-8f34-59bdbb0249c7@group-CBE835C2428B-LeaderElection42] INFO  metrics.RatisMetrics (RatisMetrics.java:lambda$create$0(36)) - Creating Metrics Registry : ratis.log_appender.a9448078-34fe-435b-8f34-59bdbb0249c7@group-CBE835C2428B
2021-02-05 13:32:05,064 [a9448078-34fe-435b-8f34-59bdbb0249c7@group-CBE835C2428B-LeaderElection42] INFO  server.RaftServerConfigKeys (ConfUtils.java:logGet(44)) - raft.server.write.element-limit = 1024 (custom)
2021-02-05 13:32:05,064 [a9448078-34fe-435b-8f34-59bdbb0249c7@group-CBE835C2428B-LeaderElection42] INFO  server.RaftServerConfigKeys (ConfUtils.java:logGet(44)) - raft.server.write.byte-limit = 1073741824 (custom)
2021-02-05 13:32:05,064 [a9448078-34fe-435b-8f34-59bdbb0249c7@group-CBE835C2428B-LeaderElection42] INFO  server.RaftServerConfigKeys (ConfUtils.java:logGet(44)) - raft.server.watch.timeout = 3000ms (custom)
2021-02-05 13:32:05,064 [a9448078-34fe-435b-8f34-59bdbb0249c7@group-CBE835C2428B-LeaderElection42] INFO  server.RaftServerConfigKeys (ConfUtils.java:logGet(44)) - raft.server.watch.timeout.denomination = 1s (default)
2021-02-05 13:32:05,064 [a9448078-34fe-435b-8f34-59bdbb0249c7@group-CBE835C2428B-LeaderElection42] INFO  server.RaftServerConfigKeys (ConfUtils.java:logGet(44)) - raft.server.watch.element-limit = 65536 (default)
2021-02-05 13:32:05,064 [a9448078-34fe-435b-8f34-59bdbb0249c7@group-CBE835C2428B-LeaderElection42] INFO  server.RaftServerConfigKeys (ConfUtils.java:logGet(44)) - raft.server.log.appender.snapshot.chunk.size.max = 16MB (=16777216) (default)
2021-02-05 13:32:05,064 [a9448078-34fe-435b-8f34-59bdbb0249c7@group-CBE835C2428B-LeaderElection42] INFO  server.RaftServerConfigKeys (ConfUtils.java:logGet(44)) - raft.server.log.appender.buffer.byte-limit = 33554432 (custom)
2021-02-05 13:32:05,065 [a9448078-34fe-435b-8f34-59bdbb0249c7@group-CBE835C2428B-LeaderElection42] INFO  server.RaftServerConfigKeys (ConfUtils.java:logGet(44)) - raft.server.log.appender.buffer.element-limit = 1 (custom)
2021-02-05 13:32:05,065 [a9448078-34fe-435b-8f34-59bdbb0249c7@group-CBE835C2428B-LeaderElection42] INFO  grpc.GrpcConfigKeys (ConfUtils.java:logGet(44)) - raft.grpc.server.leader.outstanding.appends.max = 128 (default)
2021-02-05 13:32:05,065 [a9448078-34fe-435b-8f34-59bdbb0249c7@group-CBE835C2428B-LeaderElection42] INFO  server.RaftServerConfigKeys (ConfUtils.java:logGet(44)) - raft.server.rpc.request.timeout = 3000ms (default)
2021-02-05 13:32:05,065 [a9448078-34fe-435b-8f34-59bdbb0249c7@group-CBE835C2428B-LeaderElection42] INFO  server.RaftServerConfigKeys (ConfUtils.java:logGet(44)) - raft.server.log.appender.install.snapshot.enabled = false (custom)
2021-02-05 13:32:05,065 [a9448078-34fe-435b-8f34-59bdbb0249c7@group-CBE835C2428B-LeaderElection42] INFO  metrics.RatisMetrics (RatisMetrics.java:lambda$create$0(36)) - Creating Metrics Registry : ratis_grpc.log_appender.a9448078-34fe-435b-8f34-59bdbb0249c7@group-CBE835C2428B
2021-02-05 13:32:05,065 [a9448078-34fe-435b-8f34-59bdbb0249c7@group-CBE835C2428B-LeaderElection42] INFO  server.RaftServerConfigKeys (ConfUtils.java:logGet(44)) - raft.server.log.appender.snapshot.chunk.size.max = 16MB (=16777216) (default)
2021-02-05 13:32:05,066 [a9448078-34fe-435b-8f34-59bdbb0249c7@group-CBE835C2428B-LeaderElection42] INFO  server.RaftServerConfigKeys (ConfUtils.java:logGet(44)) - raft.server.log.appender.buffer.byte-limit = 33554432 (custom)
2021-02-05 13:32:05,066 [a9448078-34fe-435b-8f34-59bdbb0249c7@group-CBE835C2428B-LeaderElection42] INFO  server.RaftServerConfigKeys (ConfUtils.java:logGet(44)) - raft.server.log.appender.buffer.element-limit = 1 (custom)
2021-02-05 13:32:05,066 [a9448078-34fe-435b-8f34-59bdbb0249c7@group-CBE835C2428B-LeaderElection42] INFO  grpc.GrpcConfigKeys (ConfUtils.java:logGet(44)) - raft.grpc.server.leader.outstanding.appends.max = 128 (default)
2021-02-05 13:32:05,066 [a9448078-34fe-435b-8f34-59bdbb0249c7@group-CBE835C2428B-LeaderElection42] INFO  server.RaftServerConfigKeys (ConfUtils.java:logGet(44)) - raft.server.rpc.request.timeout = 3000ms (default)
2021-02-05 13:32:05,066 [a9448078-34fe-435b-8f34-59bdbb0249c7@group-CBE835C2428B-LeaderElection42] INFO  server.RaftServerConfigKeys (ConfUtils.java:logGet(44)) - raft.server.log.appender.install.snapshot.enabled = false (custom)
2021-02-05 13:32:05,066 [a9448078-34fe-435b-8f34-59bdbb0249c7@group-CBE835C2428B-LeaderElection42] INFO  impl.RoleInfo (RoleInfo.java:updateAndGet(130)) - a9448078-34fe-435b-8f34-59bdbb0249c7: start a9448078-34fe-435b-8f34-59bdbb0249c7@group-CBE835C2428B-LeaderStateImpl
2021-02-05 13:32:05,067 [a9448078-34fe-435b-8f34-59bdbb0249c7@group-CBE835C2428B-LeaderElection42] INFO  segmented.SegmentedRaftLogWorker (SegmentedRaftLogWorker.java:rollLogSegment(397)) - a9448078-34fe-435b-8f34-59bdbb0249c7@group-CBE835C2428B-SegmentedRaftLogWorker: Rolling segment log-0_0 to index:0
2021-02-05 13:32:05,068 [a9448078-34fe-435b-8f34-59bdbb0249c7@group-CBE835C2428B-SegmentedRaftLogWorker] INFO  segmented.SegmentedRaftLogWorker (SegmentedRaftLogWorker.java:execute(556)) - a9448078-34fe-435b-8f34-59bdbb0249c7@group-CBE835C2428B-SegmentedRaftLogWorker: Rolled log segment from /github/workspace/mnt/ozone/hadoop-ozone/integration-test/target/test-dir/MiniOzoneClusterImpl-a92b2b3a-f9aa-4539-be01-238306fe77bb/datanode-0/data/ratis/0212408e-bf39-46ba-be38-cbe835c2428b/current/log_inprogress_0 to /github/workspace/mnt/ozone/hadoop-ozone/integration-test/target/test-dir/MiniOzoneClusterImpl-a92b2b3a-f9aa-4539-be01-238306fe77bb/datanode-0/data/ratis/0212408e-bf39-46ba-be38-cbe835c2428b/current/log_0-0
2021-02-05 13:32:05,069 [a9448078-34fe-435b-8f34-59bdbb0249c7@group-CBE835C2428B-SegmentedRaftLogWorker] INFO  segmented.SegmentedRaftLogWorker (SegmentedRaftLogWorker.java:execute(599)) - a9448078-34fe-435b-8f34-59bdbb0249c7@group-CBE835C2428B-SegmentedRaftLogWorker: created new log segment /github/workspace/mnt/ozone/hadoop-ozone/integration-test/target/test-dir/MiniOzoneClusterImpl-a92b2b3a-f9aa-4539-be01-238306fe77bb/datanode-0/data/ratis/0212408e-bf39-46ba-be38-cbe835c2428b/current/log_inprogress_1
2021-02-05 13:32:05,071 [grpc-default-executor-4] INFO  ratis.XceiverServerRatis (XceiverServerRatis.java:handleLeaderChangedNotification(871)) - Leader change notification received for group: group-CBE835C2428B with new leaderId: a9448078-34fe-435b-8f34-59bdbb0249c7
2021-02-05 13:32:05,072 [grpc-default-executor-4] INFO  server.RaftServer$Division (ServerState.java:setLeader(271)) - 9a530726-af8b-4f6c-9588-6c152d944b80@group-CBE835C2428B: change Leader from null to a9448078-34fe-435b-8f34-59bdbb0249c7 at term 5 for appendEntries, leader elected after 20611ms
2021-02-05 13:32:05,072 [grpc-default-executor-4] INFO  server.RaftServer$Division (RaftServerImpl.java:checkInconsistentAppendEntries(1301)) - 9a530726-af8b-4f6c-9588-6c152d944b80@group-CBE835C2428B: Failed appendEntries as previous log entry ((t:1, i:0)) is not found
2021-02-05 13:32:05,072 [grpc-default-executor-4] INFO  server.RaftServer$Division (RaftServerImpl.java:checkInconsistentAppendEntries(1267)) - 9a530726-af8b-4f6c-9588-6c152d944b80@group-CBE835C2428B: inconsistency entries. Reply:a9448078-34fe-435b-8f34-59bdbb0249c7<-9a530726-af8b-4f6c-9588-6c152d944b80#0:FAIL-t5,INCONSISTENCY,nextIndex=0,followerCommit=-1
2021-02-05 13:32:05,073 [grpc-default-executor-1] INFO  leader.FollowerInfo (FollowerInfoImpl.java:lambda$new$0(46)) - a9448078-34fe-435b-8f34-59bdbb0249c7@group-CBE835C2428B->9a530726-af8b-4f6c-9588-6c152d944b80: nextIndex: updateUnconditionally 2 -> 0
2021-02-05 13:32:05,073 [grpc-default-executor-4] INFO  server.RaftServer$Division (RaftServerImpl.java:checkInconsistentAppendEntries(1301)) - 9a530726-af8b-4f6c-9588-6c152d944b80@group-CBE835C2428B: Failed appendEntries as previous log entry ((t:1, i:0)) is not found
2021-02-05 13:32:05,073 [grpc-default-executor-4] INFO  server.RaftServer$Division (RaftServerImpl.java:checkInconsistentAppendEntries(1267)) - 9a530726-af8b-4f6c-9588-6c152d944b80@group-CBE835C2428B: inconsistency entries. Reply:a9448078-34fe-435b-8f34-59bdbb0249c7<-9a530726-af8b-4f6c-9588-6c152d944b80#1:FAIL-t5,INCONSISTENCY,nextIndex=0,followerCommit=-1
2021-02-05 13:32:05,074 [grpc-default-executor-4] INFO  leader.FollowerInfo (FollowerInfoImpl.java:lambda$new$0(46)) - a9448078-34fe-435b-8f34-59bdbb0249c7@group-CBE835C2428B->9a530726-af8b-4f6c-9588-6c152d944b80: nextIndex: updateUnconditionally 0 -> 0
2021-02-05 13:32:05,079 [a9448078-34fe-435b-8f34-59bdbb0249c7@group-CBE835C2428B-LeaderElection42] INFO  server.RaftServer$Division (ServerState.java:setRaftConf(373)) - a9448078-34fe-435b-8f34-59bdbb0249c7@group-CBE835C2428B: set configuration 1: [a9448078-34fe-435b-8f34-59bdbb0249c7|rpc:172.17.0.2:33155|admin:|client:|dataStream:|priority:1, 9a530726-af8b-4f6c-9588-6c152d944b80|rpc:172.17.0.2:39199|admin:|client:|dataStream:|priority:0, a4acbc3e-e00f-4d43-961e-4e2aff2ce09e|rpc:172.17.0.2:45209|admin:|client:|dataStream:|priority:0], old=null
2021-02-05 13:32:05,079 [grpc-default-executor-4] INFO  server.RaftServer$Division (ServerState.java:setRaftConf(373)) - 9a530726-af8b-4f6c-9588-6c152d944b80@group-CBE835C2428B: set configuration 0: [a9448078-34fe-435b-8f34-59bdbb0249c7|rpc:172.17.0.2:33155|admin:|client:|dataStream:|priority:1, 9a530726-af8b-4f6c-9588-6c152d944b80|rpc:172.17.0.2:39199|admin:|client:|dataStream:|priority:0, a4acbc3e-e00f-4d43-961e-4e2aff2ce09e|rpc:172.17.0.2:45209|admin:|client:|dataStream:|priority:0], old=null
2021-02-05 13:32:05,079 [grpc-default-executor-4] INFO  segmented.SegmentedRaftLogWorker (SegmentedRaftLogWorker.java:startLogSegment(392)) - 9a530726-af8b-4f6c-9588-6c152d944b80@group-CBE835C2428B-SegmentedRaftLogWorker: Starting segment from index:0
2021-02-05 13:32:05,080 [grpc-default-executor-4] INFO  server.RaftServer$Division (ServerState.java:setRaftConf(373)) - 9a530726-af8b-4f6c-9588-6c152d944b80@group-CBE835C2428B: set configuration 1: [a9448078-34fe-435b-8f34-59bdbb0249c7|rpc:172.17.0.2:33155|admin:|client:|dataStream:|priority:1, 9a530726-af8b-4f6c-9588-6c152d944b80|rpc:172.17.0.2:39199|admin:|client:|dataStream:|priority:0, a4acbc3e-e00f-4d43-961e-4e2aff2ce09e|rpc:172.17.0.2:45209|admin:|client:|dataStream:|priority:0], old=null
2021-02-05 13:32:05,080 [grpc-default-executor-4] INFO  segmented.SegmentedRaftLogWorker (SegmentedRaftLogWorker.java:rollLogSegment(397)) - 9a530726-af8b-4f6c-9588-6c152d944b80@group-CBE835C2428B-SegmentedRaftLogWorker: Rolling segment log-0_0 to index:0
2021-02-05 13:32:05,081 [9a530726-af8b-4f6c-9588-6c152d944b80@group-CBE835C2428B-SegmentedRaftLogWorker] INFO  segmented.SegmentedRaftLogWorker (SegmentedRaftLogWorker.java:execute(599)) - 9a530726-af8b-4f6c-9588-6c152d944b80@group-CBE835C2428B-SegmentedRaftLogWorker: created new log segment /github/workspace/mnt/ozone/hadoop-ozone/integration-test/target/test-dir/MiniOzoneClusterImpl-a92b2b3a-f9aa-4539-be01-238306fe77bb/datanode-1/data/ratis/0212408e-bf39-46ba-be38-cbe835c2428b/current/log_inprogress_0
2021-02-05 13:32:05,084 [9a530726-af8b-4f6c-9588-6c152d944b80@group-CBE835C2428B-SegmentedRaftLogWorker] INFO  segmented.SegmentedRaftLogWorker (SegmentedRaftLogWorker.java:execute(556)) - 9a530726-af8b-4f6c-9588-6c152d944b80@group-CBE835C2428B-SegmentedRaftLogWorker: Rolled log segment from /github/workspace/mnt/ozone/hadoop-ozone/integration-test/target/test-dir/MiniOzoneClusterImpl-a92b2b3a-f9aa-4539-be01-238306fe77bb/datanode-1/data/ratis/0212408e-bf39-46ba-be38-cbe835c2428b/current/log_inprogress_0 to /github/workspace/mnt/ozone/hadoop-ozone/integration-test/target/test-dir/MiniOzoneClusterImpl-a92b2b3a-f9aa-4539-be01-238306fe77bb/datanode-1/data/ratis/0212408e-bf39-46ba-be38-cbe835c2428b/current/log_0-0
2021-02-05 13:32:05,085 [grpc-default-executor-4] WARN  server.GrpcLogAppender (LogUtils.java:warn(122)) - a9448078-34fe-435b-8f34-59bdbb0249c7@group-CBE835C2428B->a4acbc3e-e00f-4d43-961e-4e2aff2ce09e-AppendLogResponseHandler: Failed appendEntries: org.apache.ratis.thirdparty.io.grpc.StatusRuntimeException: UNAVAILABLE: io exception
2021-02-05 13:32:05,087 [9a530726-af8b-4f6c-9588-6c152d944b80@group-CBE835C2428B-SegmentedRaftLogWorker] INFO  segmented.SegmentedRaftLogWorker (SegmentedRaftLogWorker.java:execute(599)) - 9a530726-af8b-4f6c-9588-6c152d944b80@group-CBE835C2428B-SegmentedRaftLogWorker: created new log segment /github/workspace/mnt/ozone/hadoop-ozone/integration-test/target/test-dir/MiniOzoneClusterImpl-a92b2b3a-f9aa-4539-be01-238306fe77bb/datanode-1/data/ratis/0212408e-bf39-46ba-be38-cbe835c2428b/current/log_inprogress_1
2021-02-05 13:32:05,087 [grpc-default-executor-4] WARN  server.GrpcLogAppender (GrpcLogAppender.java:resetClient(111)) - a9448078-34fe-435b-8f34-59bdbb0249c7@group-CBE835C2428B->a4acbc3e-e00f-4d43-961e-4e2aff2ce09e-GrpcLogAppender: Leader has not got in touch with Follower a9448078-34fe-435b-8f34-59bdbb0249c7@group-CBE835C2428B->a4acbc3e-e00f-4d43-961e-4e2aff2ce09e(c-1,m0,n1, attendVote=true, lastRpcSendTime=0, lastRpcResponseTime=5222) yet, just keep nextIndex unchanged and retry.
2021-02-05 13:32:05,089 [grpc-default-executor-4] WARN  server.GrpcLogAppender (LogUtils.java:warn(122)) - a9448078-34fe-435b-8f34-59bdbb0249c7@group-CBE835C2428B->a4acbc3e-e00f-4d43-961e-4e2aff2ce09e-AppendLogResponseHandler: Failed appendEntries: org.apache.ratis.thirdparty.io.grpc.StatusRuntimeException: UNAVAILABLE: io exception
2021-02-05 13:32:05,089 [grpc-default-executor-4] WARN  server.GrpcLogAppender (GrpcLogAppender.java:resetClient(111)) - a9448078-34fe-435b-8f34-59bdbb0249c7@group-CBE835C2428B->a4acbc3e-e00f-4d43-961e-4e2aff2ce09e-GrpcLogAppender: Leader has not got in touch with Follower a9448078-34fe-435b-8f34-59bdbb0249c7@group-CBE835C2428B->a4acbc3e-e00f-4d43-961e-4e2aff2ce09e(c-1,m0,n2, attendVote=true, lastRpcSendTime=3, lastRpcResponseTime=5225) yet, just keep nextIndex unchanged and retry.
2021-02-05 13:32:05,104 [grpc-default-executor-4] WARN  server.GrpcLogAppender (LogUtils.java:warn(122)) - a9448078-34fe-435b-8f34-59bdbb0249c7@group-CBE835C2428B->a4acbc3e-e00f-4d43-961e-4e2aff2ce09e-AppendLogResponseHandler: Failed appendEntries: org.apache.ratis.thirdparty.io.grpc.StatusRuntimeException: UNAVAILABLE: io exception
2021-02-05 13:32:05,105 [grpc-default-executor-4] WARN  server.GrpcLogAppender (GrpcLogAppender.java:resetClient(111)) - a9448078-34fe-435b-8f34-59bdbb0249c7@group-CBE835C2428B->a4acbc3e-e00f-4d43-961e-4e2aff2ce09e-GrpcLogAppender: Leader has not got in touch with Follower a9448078-34fe-435b-8f34-59bdbb0249c7@group-CBE835C2428B->a4acbc3e-e00f-4d43-961e-4e2aff2ce09e(c-1,m0,n3, attendVote=true, lastRpcSendTime=15, lastRpcResponseTime=5240) yet, just keep nextIndex unchanged and retry.
2021-02-05 13:32:05,586 [Thread-957] INFO  impl.FollowerState (FollowerState.java:run(133)) - b68d5162-d56d-447f-8d08-327553c4f8b7@group-F12C99FB9DB4-FollowerState: change to CANDIDATE, lastRpcElapsedTime:5055840144ns, electionTimeout:5054ms
2021-02-05 13:32:05,586 [Thread-957] INFO  impl.RoleInfo (RoleInfo.java:shutdownFollowerState(108)) - b68d5162-d56d-447f-8d08-327553c4f8b7: shutdown b68d5162-d56d-447f-8d08-327553c4f8b7@group-F12C99FB9DB4-FollowerState
2021-02-05 13:32:05,586 [Thread-957] INFO  server.RaftServer$Division (RaftServerImpl.java:setRole(284)) - b68d5162-d56d-447f-8d08-327553c4f8b7@group-F12C99FB9DB4: changes role from  FOLLOWER to CANDIDATE at term 3 for changeToCandidate
2021-02-05 13:32:05,586 [Thread-957] INFO  server.RaftServerConfigKeys (ConfUtils.java:logGet(44)) - raft.server.leaderelection.pre-vote = false (custom)
2021-02-05 13:32:05,586 [Thread-957] INFO  impl.RoleInfo (RoleInfo.java:updateAndGet(130)) - b68d5162-d56d-447f-8d08-327553c4f8b7: start b68d5162-d56d-447f-8d08-327553c4f8b7@group-F12C99FB9DB4-LeaderElection44
2021-02-05 13:32:05,606 [b68d5162-d56d-447f-8d08-327553c4f8b7@group-F12C99FB9DB4-LeaderElection44] INFO  impl.LeaderElection (LeaderElection.java:askForVotes(307)) - b68d5162-d56d-447f-8d08-327553c4f8b7@group-F12C99FB9DB4-LeaderElection44 ELECTION round 0: submit vote requests at term 4 for -1: [2218627d-9616-4ee5-9949-877c53e44591|rpc:172.17.0.2:40851|admin:|client:|dataStream:|priority:0, b68d5162-d56d-447f-8d08-327553c4f8b7|rpc:172.17.0.2:36483|admin:|client:|dataStream:|priority:1, 84a23ac6-72e6-48f0-84ab-0e5b98bf0c8b|rpc:172.17.0.2:36963|admin:|client:|dataStream:|priority:0], old=null
2021-02-05 13:32:05,618 [grpc-default-executor-4] INFO  server.RaftServer$Division (RaftServerImpl.java:requestVote(1025)) - 2218627d-9616-4ee5-9949-877c53e44591@group-F12C99FB9DB4: receive requestVote(ELECTION, b68d5162-d56d-447f-8d08-327553c4f8b7, group-F12C99FB9DB4, 4, (t:0, i:0))
2021-02-05 13:32:05,618 [grpc-default-executor-4] INFO  impl.VoteContext (VoteContext.java:log(48)) - 2218627d-9616-4ee5-9949-877c53e44591@group-F12C99FB9DB4-FOLLOWER: accept ELECTION from b68d5162-d56d-447f-8d08-327553c4f8b7: our priority 0 <= candidate's priority 1
2021-02-05 13:32:05,618 [grpc-default-executor-4] INFO  server.RaftServer$Division (RaftServerImpl.java:setRole(284)) - 2218627d-9616-4ee5-9949-877c53e44591@group-F12C99FB9DB4: changes role from  FOLLOWER to FOLLOWER at term 4 for candidate:b68d5162-d56d-447f-8d08-327553c4f8b7
2021-02-05 13:32:05,618 [grpc-default-executor-4] INFO  impl.RoleInfo (RoleInfo.java:shutdownFollowerState(108)) - 2218627d-9616-4ee5-9949-877c53e44591: shutdown 2218627d-9616-4ee5-9949-877c53e44591@group-F12C99FB9DB4-FollowerState
2021-02-05 13:32:05,625 [grpc-default-executor-4] INFO  impl.RoleInfo (RoleInfo.java:updateAndGet(130)) - 2218627d-9616-4ee5-9949-877c53e44591: start 2218627d-9616-4ee5-9949-877c53e44591@group-F12C99FB9DB4-FollowerState
2021-02-05 13:32:05,625 [Thread-958] INFO  impl.FollowerState (FollowerState.java:run(142)) - 2218627d-9616-4ee5-9949-877c53e44591@group-F12C99FB9DB4-FollowerState was interrupted: {}
java.lang.InterruptedException: sleep interrupted
	at java.lang.Thread.sleep(Native Method)
	at java.lang.Thread.sleep(Thread.java:340)
	at java.util.concurrent.TimeUnit.sleep(TimeUnit.java:386)
	at org.apache.ratis.util.TimeDuration.sleep(TimeDuration.java:324)
	at org.apache.ratis.util.TimeDuration.sleep(TimeDuration.java:309)
	at org.apache.ratis.server.impl.FollowerState.run(FollowerState.java:117)
2021-02-05 13:32:05,626 [grpc-default-executor-1] INFO  server.RaftServer$Division (RaftServerImpl.java:requestVote(1025)) - 84a23ac6-72e6-48f0-84ab-0e5b98bf0c8b@group-F12C99FB9DB4: receive requestVote(ELECTION, b68d5162-d56d-447f-8d08-327553c4f8b7, group-F12C99FB9DB4, 4, (t:0, i:0))
2021-02-05 13:32:05,626 [grpc-default-executor-1] INFO  impl.VoteContext (VoteContext.java:log(48)) - 84a23ac6-72e6-48f0-84ab-0e5b98bf0c8b@group-F12C99FB9DB4-FOLLOWER: accept ELECTION from b68d5162-d56d-447f-8d08-327553c4f8b7: our priority 0 <= candidate's priority 1
2021-02-05 13:32:05,626 [grpc-default-executor-1] INFO  server.RaftServer$Division (RaftServerImpl.java:setRole(284)) - 84a23ac6-72e6-48f0-84ab-0e5b98bf0c8b@group-F12C99FB9DB4: changes role from  FOLLOWER to FOLLOWER at term 4 for candidate:b68d5162-d56d-447f-8d08-327553c4f8b7
2021-02-05 13:32:05,626 [grpc-default-executor-1] INFO  impl.RoleInfo (RoleInfo.java:shutdownFollowerState(108)) - 84a23ac6-72e6-48f0-84ab-0e5b98bf0c8b: shutdown 84a23ac6-72e6-48f0-84ab-0e5b98bf0c8b@group-F12C99FB9DB4-FollowerState
2021-02-05 13:32:05,630 [grpc-default-executor-1] INFO  impl.RoleInfo (RoleInfo.java:updateAndGet(130)) - 84a23ac6-72e6-48f0-84ab-0e5b98bf0c8b: start 84a23ac6-72e6-48f0-84ab-0e5b98bf0c8b@group-F12C99FB9DB4-FollowerState
2021-02-05 13:32:05,630 [Thread-956] INFO  impl.FollowerState (FollowerState.java:run(142)) - 84a23ac6-72e6-48f0-84ab-0e5b98bf0c8b@group-F12C99FB9DB4-FollowerState was interrupted: {}
java.lang.InterruptedException: sleep interrupted
	at java.lang.Thread.sleep(Native Method)
	at java.lang.Thread.sleep(Thread.java:340)
	at java.util.concurrent.TimeUnit.sleep(TimeUnit.java:386)
	at org.apache.ratis.util.TimeDuration.sleep(TimeDuration.java:324)
	at org.apache.ratis.util.TimeDuration.sleep(TimeDuration.java:309)
	at org.apache.ratis.server.impl.FollowerState.run(FollowerState.java:117)
2021-02-05 13:32:05,631 [grpc-default-executor-4] INFO  server.RaftServer$Division (RaftServerImpl.java:requestVote(1057)) - 2218627d-9616-4ee5-9949-877c53e44591@group-F12C99FB9DB4 replies to ELECTION vote request: b68d5162-d56d-447f-8d08-327553c4f8b7<-2218627d-9616-4ee5-9949-877c53e44591#0:OK-t4. Peer's state: 2218627d-9616-4ee5-9949-877c53e44591@group-F12C99FB9DB4:t4, leader=null, voted=b68d5162-d56d-447f-8d08-327553c4f8b7, raftlog=2218627d-9616-4ee5-9949-877c53e44591@group-F12C99FB9DB4-SegmentedRaftLog:OPENED:c-1,f-1,i0, conf=-1: [2218627d-9616-4ee5-9949-877c53e44591|rpc:172.17.0.2:40851|priority:0, b68d5162-d56d-447f-8d08-327553c4f8b7|rpc:172.17.0.2:36483|priority:1, 84a23ac6-72e6-48f0-84ab-0e5b98bf0c8b|rpc:172.17.0.2:36963|priority:0], old=null
2021-02-05 13:32:05,641 [grpc-default-executor-1] INFO  server.RaftServer$Division (RaftServerImpl.java:requestVote(1057)) - 84a23ac6-72e6-48f0-84ab-0e5b98bf0c8b@group-F12C99FB9DB4 replies to ELECTION vote request: b68d5162-d56d-447f-8d08-327553c4f8b7<-84a23ac6-72e6-48f0-84ab-0e5b98bf0c8b#0:OK-t4. Peer's state: 84a23ac6-72e6-48f0-84ab-0e5b98bf0c8b@group-F12C99FB9DB4:t4, leader=null, voted=b68d5162-d56d-447f-8d08-327553c4f8b7, raftlog=84a23ac6-72e6-48f0-84ab-0e5b98bf0c8b@group-F12C99FB9DB4-SegmentedRaftLog:OPENED:c-1,f-1,i0, conf=-1: [2218627d-9616-4ee5-9949-877c53e44591|rpc:172.17.0.2:40851|admin:|client:|dataStream:|priority:0, b68d5162-d56d-447f-8d08-327553c4f8b7|rpc:172.17.0.2:36483|admin:|client:|dataStream:|priority:1, 84a23ac6-72e6-48f0-84ab-0e5b98bf0c8b|rpc:172.17.0.2:36963|admin:|client:|dataStream:|priority:0], old=null
2021-02-05 13:32:05,642 [b68d5162-d56d-447f-8d08-327553c4f8b7@group-F12C99FB9DB4-LeaderElection44] INFO  impl.LeaderElection (LeaderElection.java:logAndReturn(89)) - b68d5162-d56d-447f-8d08-327553c4f8b7@group-F12C99FB9DB4-LeaderElection44: ELECTION PASSED received 1 response(s) and 0 exception(s):
2021-02-05 13:32:05,643 [b68d5162-d56d-447f-8d08-327553c4f8b7@group-F12C99FB9DB4-LeaderElection44] INFO  impl.LeaderElection (LeaderElection.java:logAndReturn(93)) -   Response 0: b68d5162-d56d-447f-8d08-327553c4f8b7<-84a23ac6-72e6-48f0-84ab-0e5b98bf0c8b#0:OK-t4
2021-02-05 13:32:05,643 [b68d5162-d56d-447f-8d08-327553c4f8b7@group-F12C99FB9DB4-LeaderElection44] INFO  impl.LeaderElection (LeaderElection.java:askForVotes(309)) - b68d5162-d56d-447f-8d08-327553c4f8b7@group-F12C99FB9DB4-LeaderElection44 ELECTION round 0: result PASSED
2021-02-05 13:32:05,643 [b68d5162-d56d-447f-8d08-327553c4f8b7@group-F12C99FB9DB4-LeaderElection44] INFO  impl.RoleInfo (RoleInfo.java:shutdownLeaderElection(121)) - b68d5162-d56d-447f-8d08-327553c4f8b7: shutdown b68d5162-d56d-447f-8d08-327553c4f8b7@group-F12C99FB9DB4-LeaderElection44
2021-02-05 13:32:05,643 [b68d5162-d56d-447f-8d08-327553c4f8b7@group-F12C99FB9DB4-LeaderElection44] INFO  server.RaftServer$Division (RaftServerImpl.java:setRole(284)) - b68d5162-d56d-447f-8d08-327553c4f8b7@group-F12C99FB9DB4: changes role from CANDIDATE to LEADER at term 4 for changeToLeader
2021-02-05 13:32:05,643 [b68d5162-d56d-447f-8d08-327553c4f8b7@group-F12C99FB9DB4-LeaderElection44] INFO  ratis.XceiverServerRatis (XceiverServerRatis.java:handleLeaderChangedNotification(871)) - Leader change notification received for group: group-F12C99FB9DB4 with new leaderId: b68d5162-d56d-447f-8d08-327553c4f8b7
2021-02-05 13:32:05,643 [b68d5162-d56d-447f-8d08-327553c4f8b7@group-F12C99FB9DB4-LeaderElection44] INFO  server.RaftServer$Division (ServerState.java:setLeader(271)) - b68d5162-d56d-447f-8d08-327553c4f8b7@group-F12C99FB9DB4: change Leader from null to b68d5162-d56d-447f-8d08-327553c4f8b7 at term 4 for becomeLeader, leader elected after 20256ms
2021-02-05 13:32:05,643 [b68d5162-d56d-447f-8d08-327553c4f8b7@group-F12C99FB9DB4-LeaderElection44] INFO  server.RaftServerConfigKeys (ConfUtils.java:logGet(44)) - raft.server.staging.catchup.gap = 1000 (default)
2021-02-05 13:32:05,643 [b68d5162-d56d-447f-8d08-327553c4f8b7@group-F12C99FB9DB4-LeaderElection44] INFO  metrics.RatisMetrics (RatisMetrics.java:lambda$create$0(36)) - Creating Metrics Registry : ratis.log_appender.b68d5162-d56d-447f-8d08-327553c4f8b7@group-F12C99FB9DB4
2021-02-05 13:32:05,644 [b68d5162-d56d-447f-8d08-327553c4f8b7@group-F12C99FB9DB4-LeaderElection44] INFO  server.RaftServerConfigKeys (ConfUtils.java:logGet(44)) - raft.server.write.element-limit = 1024 (custom)
2021-02-05 13:32:05,644 [b68d5162-d56d-447f-8d08-327553c4f8b7@group-F12C99FB9DB4-LeaderElection44] INFO  server.RaftServerConfigKeys (ConfUtils.java:logGet(44)) - raft.server.write.byte-limit = 1073741824 (custom)
2021-02-05 13:32:05,644 [EventQueue-PipelineReportForPipelineReportHandler] INFO  pipeline.PipelineStateManager (PipelineStateManager.java:openPipeline(132)) - Pipeline Pipeline[ Id: ecf58077-afad-40b3-9cf3-f12c99fb9db4, Nodes: b68d5162-d56d-447f-8d08-327553c4f8b7{ip: 172.17.0.2, host: c72a3e6d1148, ports: [REPLICATION=38197, RATIS=36483, STANDALONE=43441], networkLocation: /default-rack, certSerialId: null, persistedOpState: IN_SERVICE, persistedOpStateExpiryEpochSec: 0}84a23ac6-72e6-48f0-84ab-0e5b98bf0c8b{ip: 172.17.0.2, host: c72a3e6d1148, ports: [REPLICATION=39017, RATIS=36963, STANDALONE=37645], networkLocation: /default-rack, certSerialId: null, persistedOpState: IN_SERVICE, persistedOpStateExpiryEpochSec: 0}2218627d-9616-4ee5-9949-877c53e44591{ip: 172.17.0.2, host: c72a3e6d1148, ports: [REPLICATION=33517, RATIS=40851, STANDALONE=39997], networkLocation: /default-rack, certSerialId: null, persistedOpState: IN_SERVICE, persistedOpStateExpiryEpochSec: 0}, Type:RATIS, Factor:THREE, State:ALLOCATED, leaderId:b68d5162-d56d-447f-8d08-327553c4f8b7, CreationTimestamp2021-02-05T13:31:42.726Z] moved to OPEN state
2021-02-05 13:32:05,645 [b68d5162-d56d-447f-8d08-327553c4f8b7@group-F12C99FB9DB4-LeaderElection44] INFO  server.RaftServerConfigKeys (ConfUtils.java:logGet(44)) - raft.server.watch.timeout = 3000ms (custom)
2021-02-05 13:32:05,645 [b68d5162-d56d-447f-8d08-327553c4f8b7@group-F12C99FB9DB4-LeaderElection44] INFO  server.RaftServerConfigKeys (ConfUtils.java:logGet(44)) - raft.server.watch.timeout.denomination = 1s (default)
2021-02-05 13:32:05,645 [b68d5162-d56d-447f-8d08-327553c4f8b7@group-F12C99FB9DB4-LeaderElection44] INFO  server.RaftServerConfigKeys (ConfUtils.java:logGet(44)) - raft.server.watch.element-limit = 65536 (default)
2021-02-05 13:32:05,645 [b68d5162-d56d-447f-8d08-327553c4f8b7@group-F12C99FB9DB4-LeaderElection44] INFO  server.RaftServerConfigKeys (ConfUtils.java:logGet(44)) - raft.server.log.appender.snapshot.chunk.size.max = 16MB (=16777216) (default)
2021-02-05 13:32:05,645 [b68d5162-d56d-447f-8d08-327553c4f8b7@group-F12C99FB9DB4-LeaderElection44] INFO  server.RaftServerConfigKeys (ConfUtils.java:logGet(44)) - raft.server.log.appender.buffer.byte-limit = 33554432 (custom)
2021-02-05 13:32:05,645 [b68d5162-d56d-447f-8d08-327553c4f8b7@group-F12C99FB9DB4-LeaderElection44] INFO  server.RaftServerConfigKeys (ConfUtils.java:logGet(44)) - raft.server.log.appender.buffer.element-limit = 1 (custom)
2021-02-05 13:32:05,645 [b68d5162-d56d-447f-8d08-327553c4f8b7@group-F12C99FB9DB4-LeaderElection44] INFO  grpc.GrpcConfigKeys (ConfUtils.java:logGet(44)) - raft.grpc.server.leader.outstanding.appends.max = 128 (default)
2021-02-05 13:32:05,645 [b68d5162-d56d-447f-8d08-327553c4f8b7@group-F12C99FB9DB4-LeaderElection44] INFO  server.RaftServerConfigKeys (ConfUtils.java:logGet(44)) - raft.server.rpc.request.timeout = 3000ms (default)
2021-02-05 13:32:05,645 [b68d5162-d56d-447f-8d08-327553c4f8b7@group-F12C99FB9DB4-LeaderElection44] INFO  server.RaftServerConfigKeys (ConfUtils.java:logGet(44)) - raft.server.log.appender.install.snapshot.enabled = false (custom)
2021-02-05 13:32:05,645 [b68d5162-d56d-447f-8d08-327553c4f8b7@group-F12C99FB9DB4-LeaderElection44] INFO  metrics.RatisMetrics (RatisMetrics.java:lambda$create$0(36)) - Creating Metrics Registry : ratis_grpc.log_appender.b68d5162-d56d-447f-8d08-327553c4f8b7@group-F12C99FB9DB4
2021-02-05 13:32:05,646 [b68d5162-d56d-447f-8d08-327553c4f8b7@group-F12C99FB9DB4-LeaderElection44] INFO  server.RaftServerConfigKeys (ConfUtils.java:logGet(44)) - raft.server.log.appender.snapshot.chunk.size.max = 16MB (=16777216) (default)
2021-02-05 13:32:05,646 [b68d5162-d56d-447f-8d08-327553c4f8b7@group-F12C99FB9DB4-LeaderElection44] INFO  server.RaftServerConfigKeys (ConfUtils.java:logGet(44)) - raft.server.log.appender.buffer.byte-limit = 33554432 (custom)
2021-02-05 13:32:05,646 [b68d5162-d56d-447f-8d08-327553c4f8b7@group-F12C99FB9DB4-LeaderElection44] INFO  server.RaftServerConfigKeys (ConfUtils.java:logGet(44)) - raft.server.log.appender.buffer.element-limit = 1 (custom)
2021-02-05 13:32:05,646 [b68d5162-d56d-447f-8d08-327553c4f8b7@group-F12C99FB9DB4-LeaderElection44] INFO  grpc.GrpcConfigKeys (ConfUtils.java:logGet(44)) - raft.grpc.server.leader.outstanding.appends.max = 128 (default)
2021-02-05 13:32:05,647 [b68d5162-d56d-447f-8d08-327553c4f8b7@group-F12C99FB9DB4-LeaderElection44] INFO  server.RaftServerConfigKeys (ConfUtils.java:logGet(44)) - raft.server.rpc.request.timeout = 3000ms (default)
2021-02-05 13:32:05,647 [b68d5162-d56d-447f-8d08-327553c4f8b7@group-F12C99FB9DB4-LeaderElection44] INFO  server.RaftServerConfigKeys (ConfUtils.java:logGet(44)) - raft.server.log.appender.install.snapshot.enabled = false (custom)
2021-02-05 13:32:05,647 [b68d5162-d56d-447f-8d08-327553c4f8b7@group-F12C99FB9DB4-LeaderElection44] INFO  impl.RoleInfo (RoleInfo.java:updateAndGet(130)) - b68d5162-d56d-447f-8d08-327553c4f8b7: start b68d5162-d56d-447f-8d08-327553c4f8b7@group-F12C99FB9DB4-LeaderStateImpl
2021-02-05 13:32:05,648 [b68d5162-d56d-447f-8d08-327553c4f8b7@group-F12C99FB9DB4-LeaderElection44] INFO  segmented.SegmentedRaftLogWorker (SegmentedRaftLogWorker.java:startLogSegment(392)) - b68d5162-d56d-447f-8d08-327553c4f8b7@group-F12C99FB9DB4-SegmentedRaftLogWorker: Starting segment from index:0
2021-02-05 13:32:05,649 [b68d5162-d56d-447f-8d08-327553c4f8b7@group-F12C99FB9DB4-SegmentedRaftLogWorker] INFO  segmented.SegmentedRaftLogWorker (SegmentedRaftLogWorker.java:execute(599)) - b68d5162-d56d-447f-8d08-327553c4f8b7@group-F12C99FB9DB4-SegmentedRaftLogWorker: created new log segment /github/workspace/mnt/ozone/hadoop-ozone/integration-test/target/test-dir/MiniOzoneClusterImpl-a92b2b3a-f9aa-4539-be01-238306fe77bb/datanode-8/data/ratis/ecf58077-afad-40b3-9cf3-f12c99fb9db4/current/log_inprogress_0
2021-02-05 13:32:05,671 [grpc-default-executor-1] INFO  ratis.XceiverServerRatis (XceiverServerRatis.java:handleLeaderChangedNotification(871)) - Leader change notification received for group: group-F12C99FB9DB4 with new leaderId: b68d5162-d56d-447f-8d08-327553c4f8b7
2021-02-05 13:32:05,671 [grpc-default-executor-1] INFO  server.RaftServer$Division (ServerState.java:setLeader(271)) - 2218627d-9616-4ee5-9949-877c53e44591@group-F12C99FB9DB4: change Leader from null to b68d5162-d56d-447f-8d08-327553c4f8b7 at term 4 for appendEntries, leader elected after 20304ms
2021-02-05 13:32:05,673 [b68d5162-d56d-447f-8d08-327553c4f8b7@group-F12C99FB9DB4-LeaderElection44] INFO  server.RaftServer$Division (ServerState.java:setRaftConf(373)) - b68d5162-d56d-447f-8d08-327553c4f8b7@group-F12C99FB9DB4: set configuration 0: [2218627d-9616-4ee5-9949-877c53e44591|rpc:172.17.0.2:40851|admin:|client:|dataStream:|priority:0, b68d5162-d56d-447f-8d08-327553c4f8b7|rpc:172.17.0.2:36483|admin:|client:|dataStream:|priority:1, 84a23ac6-72e6-48f0-84ab-0e5b98bf0c8b|rpc:172.17.0.2:36963|admin:|client:|dataStream:|priority:0], old=null
2021-02-05 13:32:05,678 [grpc-default-executor-0] INFO  ratis.XceiverServerRatis (XceiverServerRatis.java:handleLeaderChangedNotification(871)) - Leader change notification received for group: group-F12C99FB9DB4 with new leaderId: b68d5162-d56d-447f-8d08-327553c4f8b7
2021-02-05 13:32:05,678 [grpc-default-executor-0] INFO  server.RaftServer$Division (ServerState.java:setLeader(271)) - 84a23ac6-72e6-48f0-84ab-0e5b98bf0c8b@group-F12C99FB9DB4: change Leader from null to b68d5162-d56d-447f-8d08-327553c4f8b7 at term 4 for appendEntries, leader elected after 20266ms
2021-02-05 13:32:05,679 [grpc-default-executor-1] INFO  server.RaftServer$Division (ServerState.java:setRaftConf(373)) - 2218627d-9616-4ee5-9949-877c53e44591@group-F12C99FB9DB4: set configuration 0: [2218627d-9616-4ee5-9949-877c53e44591|rpc:172.17.0.2:40851|admin:|client:|dataStream:|priority:0, b68d5162-d56d-447f-8d08-327553c4f8b7|rpc:172.17.0.2:36483|admin:|client:|dataStream:|priority:1, 84a23ac6-72e6-48f0-84ab-0e5b98bf0c8b|rpc:172.17.0.2:36963|admin:|client:|dataStream:|priority:0], old=null
2021-02-05 13:32:05,680 [grpc-default-executor-1] INFO  segmented.SegmentedRaftLogWorker (SegmentedRaftLogWorker.java:startLogSegment(392)) - 2218627d-9616-4ee5-9949-877c53e44591@group-F12C99FB9DB4-SegmentedRaftLogWorker: Starting segment from index:0
2021-02-05 13:32:05,689 [grpc-default-executor-1] INFO  server.RaftServer$Division (ServerState.java:setRaftConf(373)) - 84a23ac6-72e6-48f0-84ab-0e5b98bf0c8b@group-F12C99FB9DB4: set configuration 0: [2218627d-9616-4ee5-9949-877c53e44591|rpc:172.17.0.2:40851|admin:|client:|dataStream:|priority:0, b68d5162-d56d-447f-8d08-327553c4f8b7|rpc:172.17.0.2:36483|admin:|client:|dataStream:|priority:1, 84a23ac6-72e6-48f0-84ab-0e5b98bf0c8b|rpc:172.17.0.2:36963|admin:|client:|dataStream:|priority:0], old=null
2021-02-05 13:32:05,689 [grpc-default-executor-1] INFO  segmented.SegmentedRaftLogWorker (SegmentedRaftLogWorker.java:startLogSegment(392)) - 84a23ac6-72e6-48f0-84ab-0e5b98bf0c8b@group-F12C99FB9DB4-SegmentedRaftLogWorker: Starting segment from index:0
2021-02-05 13:32:05,689 [Datanode State Machine Thread - 0] INFO  statemachine.DatanodeStateMachine (DatanodeStateMachine.java:lambda$startDaemon$0(412)) - Ozone container server started.
2021-02-05 13:32:05,690 [2218627d-9616-4ee5-9949-877c53e44591@group-F12C99FB9DB4-SegmentedRaftLogWorker] INFO  segmented.SegmentedRaftLogWorker (SegmentedRaftLogWorker.java:execute(599)) - 2218627d-9616-4ee5-9949-877c53e44591@group-F12C99FB9DB4-SegmentedRaftLogWorker: created new log segment /github/workspace/mnt/ozone/hadoop-ozone/integration-test/target/test-dir/MiniOzoneClusterImpl-a92b2b3a-f9aa-4539-be01-238306fe77bb/datanode-6/data/ratis/ecf58077-afad-40b3-9cf3-f12c99fb9db4/current/log_inprogress_0
2021-02-05 13:32:05,691 [84a23ac6-72e6-48f0-84ab-0e5b98bf0c8b@group-F12C99FB9DB4-SegmentedRaftLogWorker] INFO  segmented.SegmentedRaftLogWorker (SegmentedRaftLogWorker.java:execute(599)) - 84a23ac6-72e6-48f0-84ab-0e5b98bf0c8b@group-F12C99FB9DB4-SegmentedRaftLogWorker: created new log segment /github/workspace/mnt/ozone/hadoop-ozone/integration-test/target/test-dir/MiniOzoneClusterImpl-a92b2b3a-f9aa-4539-be01-238306fe77bb/datanode-7/data/ratis/ecf58077-afad-40b3-9cf3-f12c99fb9db4/current/log_inprogress_0
2021-02-05 13:32:07,492 [grpc-default-executor-0] WARN  server.GrpcLogAppender (LogUtils.java:warn(122)) - 642d0014-1bde-428b-b06d-30c9ab67a786@group-1F920D138C37->2ede91c2-32fe-4bb4-920b-e41603f7020f-AppendLogResponseHandler: Failed appendEntries: org.apache.ratis.thirdparty.io.grpc.StatusRuntimeException: UNAVAILABLE: io exception
2021-02-05 13:32:07,492 [grpc-default-executor-0] WARN  server.GrpcLogAppender (GrpcLogAppender.java:resetClient(111)) - 642d0014-1bde-428b-b06d-30c9ab67a786@group-1F920D138C37->2ede91c2-32fe-4bb4-920b-e41603f7020f-GrpcLogAppender: Leader has not got in touch with Follower 642d0014-1bde-428b-b06d-30c9ab67a786@group-1F920D138C37->2ede91c2-32fe-4bb4-920b-e41603f7020f(c-1,m0,n1, attendVote=true, lastRpcSendTime=0, lastRpcResponseTime=7707) yet, just keep nextIndex unchanged and retry.
2021-02-05 13:32:07,606 [grpc-default-executor-0] WARN  server.GrpcLogAppender (LogUtils.java:warn(122)) - a9448078-34fe-435b-8f34-59bdbb0249c7@group-CBE835C2428B->a4acbc3e-e00f-4d43-961e-4e2aff2ce09e-AppendLogResponseHandler: Failed appendEntries: org.apache.ratis.thirdparty.io.grpc.StatusRuntimeException: UNAVAILABLE: io exception
2021-02-05 13:32:07,607 [grpc-default-executor-0] WARN  server.GrpcLogAppender (GrpcLogAppender.java:resetClient(111)) - a9448078-34fe-435b-8f34-59bdbb0249c7@group-CBE835C2428B->a4acbc3e-e00f-4d43-961e-4e2aff2ce09e-GrpcLogAppender: Leader has not got in touch with Follower a9448078-34fe-435b-8f34-59bdbb0249c7@group-CBE835C2428B->a4acbc3e-e00f-4d43-961e-4e2aff2ce09e(c-1,m0,n3, attendVote=true, lastRpcSendTime=2500, lastRpcResponseTime=7743) yet, just keep nextIndex unchanged and retry.
2021-02-05 13:32:09,969 [Listener at 127.0.0.1/37659] INFO  ozoneimpl.OzoneContainer (OzoneContainer.java:stop(273)) - Attempting to stop container services.
2021-02-05 13:32:09,970 [ForkJoinPool.commonPool-worker-0] INFO  ozoneimpl.OzoneContainer (OzoneContainer.java:stop(273)) - Attempting to stop container services.
2021-02-05 13:32:09,970 [Listener at 127.0.0.1/37659] INFO  server.RaftServer (RaftServerProxy.java:lambda$close$6(391)) - 642d0014-1bde-428b-b06d-30c9ab67a786: close
2021-02-05 13:32:09,970 [ForkJoinPool.commonPool-worker-0] INFO  server.RaftServer (RaftServerProxy.java:lambda$close$6(391)) - 5636fed9-8cb9-4b03-9cef-dc5fa3810e57: close
2021-02-05 13:32:09,971 [ForkJoinPool.commonPool-worker-0] INFO  server.RaftServer$Division (RaftServerImpl.java:lambda$close$4(406)) - 5636fed9-8cb9-4b03-9cef-dc5fa3810e57@group-3BD005778729: shutdown
2021-02-05 13:32:09,971 [ForkJoinPool.commonPool-worker-0] INFO  util.JmxRegister (JmxRegister.java:unregister(73)) - Successfully un-registered JMX Bean with object name Ratis:service=RaftServer,group=group-3BD005778729,id=5636fed9-8cb9-4b03-9cef-dc5fa3810e57
2021-02-05 13:32:09,971 [ForkJoinPool.commonPool-worker-0] INFO  impl.RoleInfo (RoleInfo.java:shutdownLeaderState(91)) - 5636fed9-8cb9-4b03-9cef-dc5fa3810e57: shutdown 5636fed9-8cb9-4b03-9cef-dc5fa3810e57@group-3BD005778729-LeaderStateImpl
2021-02-05 13:32:09,971 [ForkJoinPool.commonPool-worker-0] INFO  impl.PendingRequests (PendingRequests.java:sendNotLeaderResponses(249)) - 5636fed9-8cb9-4b03-9cef-dc5fa3810e57@group-3BD005778729-PendingRequests: sendNotLeaderResponses
2021-02-05 13:32:09,971 [ForkJoinPool.commonPool-worker-0] INFO  metrics.RatisMetrics (RatisMetrics.java:unregister(43)) - Unregistering Metrics Registry : ratis.log_appender.5636fed9-8cb9-4b03-9cef-dc5fa3810e57@group-3BD005778729
2021-02-05 13:32:09,971 [ForkJoinPool.commonPool-worker-0] INFO  metrics.RatisMetrics (RatisMetrics.java:unregister(43)) - Unregistering Metrics Registry : ratis.server.5636fed9-8cb9-4b03-9cef-dc5fa3810e57@group-3BD005778729
2021-02-05 13:32:09,972 [ForkJoinPool.commonPool-worker-0] INFO  impl.StateMachineUpdater (StateMachineUpdater.java:stopAndJoin(148)) - 5636fed9-8cb9-4b03-9cef-dc5fa3810e57@group-3BD005778729-StateMachineUpdater: set stopIndex = 0
2021-02-05 13:32:09,973 [5636fed9-8cb9-4b03-9cef-dc5fa3810e57@group-3BD005778729-StateMachineUpdater] INFO  ratis.ContainerStateMachine (ContainerStateMachine.java:takeSnapshot(291)) - group-3BD005778729: Taking a snapshot at:(t:1, i:0) file /github/workspace/mnt/ozone/hadoop-ozone/integration-test/target/test-dir/MiniOzoneClusterImpl-a92b2b3a-f9aa-4539-be01-238306fe77bb/datanode-3/data/ratis/57268257-d7a8-4904-b877-3bd005778729/sm/snapshot.1_0
2021-02-05 13:32:09,974 [5636fed9-8cb9-4b03-9cef-dc5fa3810e57@group-3BD005778729-StateMachineUpdater] INFO  ratis.ContainerStateMachine (ContainerStateMachine.java:takeSnapshot(302)) - group-3BD005778729: Finished taking a snapshot at:(t:1, i:0) file:/github/workspace/mnt/ozone/hadoop-ozone/integration-test/target/test-dir/MiniOzoneClusterImpl-a92b2b3a-f9aa-4539-be01-238306fe77bb/datanode-3/data/ratis/57268257-d7a8-4904-b877-3bd005778729/sm/snapshot.1_0 took: 1 ms
2021-02-05 13:32:09,974 [5636fed9-8cb9-4b03-9cef-dc5fa3810e57@group-3BD005778729-StateMachineUpdater] INFO  impl.StateMachineUpdater (StateMachineUpdater.java:takeSnapshot(279)) - 5636fed9-8cb9-4b03-9cef-dc5fa3810e57@group-3BD005778729-StateMachineUpdater: Took a snapshot at index 0
2021-02-05 13:32:09,970 [Listener at 127.0.0.1/37659] INFO  server.RaftServer$Division (RaftServerImpl.java:lambda$close$4(406)) - 642d0014-1bde-428b-b06d-30c9ab67a786@group-1F920D138C37: shutdown
2021-02-05 13:32:09,982 [Listener at 127.0.0.1/37659] INFO  util.JmxRegister (JmxRegister.java:unregister(73)) - Successfully un-registered JMX Bean with object name Ratis:service=RaftServer,group=group-1F920D138C37,id=642d0014-1bde-428b-b06d-30c9ab67a786
2021-02-05 13:32:09,982 [Listener at 127.0.0.1/37659] INFO  impl.RoleInfo (RoleInfo.java:shutdownLeaderState(91)) - 642d0014-1bde-428b-b06d-30c9ab67a786: shutdown 642d0014-1bde-428b-b06d-30c9ab67a786@group-1F920D138C37-LeaderStateImpl
2021-02-05 13:32:09,983 [Listener at 127.0.0.1/37659] INFO  metrics.RatisMetrics (RatisMetrics.java:unregister(43)) - Unregistering Metrics Registry : ratis_grpc.log_appender.642d0014-1bde-428b-b06d-30c9ab67a786@group-1F920D138C37
2021-02-05 13:32:09,983 [Listener at 127.0.0.1/37659] INFO  metrics.RatisMetrics (RatisMetrics.java:unregister(43)) - Unregistering Metrics Registry : ratis_grpc.log_appender.642d0014-1bde-428b-b06d-30c9ab67a786@group-1F920D138C37
2021-02-05 13:32:09,983 [642d0014-1bde-428b-b06d-30c9ab67a786@group-1F920D138C37->5636fed9-8cb9-4b03-9cef-dc5fa3810e57-GrpcLogAppender-LogAppenderDaemon] WARN  server.GrpcLogAppender (GrpcLogAppender.java:mayWait(175)) - 642d0014-1bde-428b-b06d-30c9ab67a786@group-1F920D138C37->5636fed9-8cb9-4b03-9cef-dc5fa3810e57-GrpcLogAppender: Wait interrupted by java.lang.InterruptedException
2021-02-05 13:32:09,984 [grpc-default-executor-0] INFO  server.GrpcServerProtocolService (GrpcServerProtocolService.java:onCompleted(138)) - 5636fed9-8cb9-4b03-9cef-dc5fa3810e57: Completed APPEND_ENTRIES, lastRequest: 642d0014-1bde-428b-b06d-30c9ab67a786->5636fed9-8cb9-4b03-9cef-dc5fa3810e57#1-t4,previous=(t:0, i:0),leaderCommit=0,initializing? true,entries: size=1, first=(t:4, i:0), CONFIGURATIONENTRY
2021-02-05 13:32:09,985 [grpc-default-executor-1] INFO  server.GrpcLogAppender (GrpcLogAppender.java:onCompleted(344)) - 642d0014-1bde-428b-b06d-30c9ab67a786@group-1F920D138C37->5636fed9-8cb9-4b03-9cef-dc5fa3810e57-AppendLogResponseHandler: follower responses appendEntries COMPLETED
2021-02-05 13:32:09,985 [grpc-default-executor-1] INFO  leader.FollowerInfo (FollowerInfoImpl.java:lambda$new$0(46)) - 642d0014-1bde-428b-b06d-30c9ab67a786@group-1F920D138C37->5636fed9-8cb9-4b03-9cef-dc5fa3810e57: nextIndex: updateUnconditionally 1 -> 0
2021-02-05 13:32:09,982 [5636fed9-8cb9-4b03-9cef-dc5fa3810e57@group-3BD005778729-StateMachineUpdater] INFO  impl.StateMachineUpdater (StateMachineUpdater.java:lambda$new$0(88)) - 5636fed9-8cb9-4b03-9cef-dc5fa3810e57@group-3BD005778729-StateMachineUpdater: snapshotIndex: updateIncreasingly -1 -> 0
2021-02-05 13:32:09,985 [5636fed9-8cb9-4b03-9cef-dc5fa3810e57@group-3BD005778729-StateMachineUpdater] INFO  metrics.RatisMetrics (RatisMetrics.java:unregister(43)) - Unregistering Metrics Registry : ratis.state_machine.5636fed9-8cb9-4b03-9cef-dc5fa3810e57@group-3BD005778729
2021-02-05 13:32:09,985 [ForkJoinPool.commonPool-worker-0] INFO  server.RaftServer$Division (ServerState.java:close(405)) - 5636fed9-8cb9-4b03-9cef-dc5fa3810e57@group-3BD005778729: closes. applyIndex: 0
2021-02-05 13:32:09,985 [5636fed9-8cb9-4b03-9cef-dc5fa3810e57@group-3BD005778729-SegmentedRaftLogWorker] INFO  segmented.SegmentedRaftLogWorker (SegmentedRaftLogWorker.java:run(326)) - 5636fed9-8cb9-4b03-9cef-dc5fa3810e57@group-3BD005778729-SegmentedRaftLogWorker was interrupted, exiting. There are 0 tasks remaining in the queue.
2021-02-05 13:32:09,983 [Listener at 127.0.0.1/37659] INFO  impl.PendingRequests (PendingRequests.java:sendNotLeaderResponses(249)) - 642d0014-1bde-428b-b06d-30c9ab67a786@group-1F920D138C37-PendingRequests: sendNotLeaderResponses
2021-02-05 13:32:09,986 [Listener at 127.0.0.1/37659] INFO  metrics.RatisMetrics (RatisMetrics.java:unregister(43)) - Unregistering Metrics Registry : ratis.log_appender.642d0014-1bde-428b-b06d-30c9ab67a786@group-1F920D138C37
2021-02-05 13:32:09,986 [Listener at 127.0.0.1/37659] INFO  metrics.RatisMetrics (RatisMetrics.java:unregister(43)) - Unregistering Metrics Registry : ratis.server.642d0014-1bde-428b-b06d-30c9ab67a786@group-1F920D138C37
2021-02-05 13:32:09,989 [ForkJoinPool.commonPool-worker-0] INFO  segmented.SegmentedRaftLogWorker (SegmentedRaftLogWorker.java:close(236)) - 5636fed9-8cb9-4b03-9cef-dc5fa3810e57@group-3BD005778729-SegmentedRaftLogWorker close()
2021-02-05 13:32:09,990 [ForkJoinPool.commonPool-worker-0] INFO  metrics.RatisMetrics (RatisMetrics.java:unregister(43)) - Unregistering Metrics Registry : ratis.log_worker.5636fed9-8cb9-4b03-9cef-dc5fa3810e57@group-3BD005778729
2021-02-05 13:32:09,990 [ForkJoinPool.commonPool-worker-0] INFO  metrics.RatisMetrics (RatisMetrics.java:unregister(43)) - Unregistering Metrics Registry : ratis.leader_election.5636fed9-8cb9-4b03-9cef-dc5fa3810e57@group-3BD005778729
2021-02-05 13:32:09,990 [ForkJoinPool.commonPool-worker-0] INFO  metrics.RatisMetrics (RatisMetrics.java:unregister(43)) - Unregistering Metrics Registry : ratis.server.5636fed9-8cb9-4b03-9cef-dc5fa3810e57@group-3BD005778729
2021-02-05 13:32:09,991 [ForkJoinPool.commonPool-worker-0] INFO  server.RaftServer$Division (RaftServerImpl.java:lambda$close$4(406)) - 5636fed9-8cb9-4b03-9cef-dc5fa3810e57@group-1F920D138C37: shutdown
2021-02-05 13:32:09,991 [ForkJoinPool.commonPool-worker-0] INFO  util.JmxRegister (JmxRegister.java:unregister(73)) - Successfully un-registered JMX Bean with object name Ratis:service=RaftServer,group=group-1F920D138C37,id=5636fed9-8cb9-4b03-9cef-dc5fa3810e57
2021-02-05 13:32:09,991 [ForkJoinPool.commonPool-worker-0] INFO  impl.RoleInfo (RoleInfo.java:shutdownFollowerState(108)) - 5636fed9-8cb9-4b03-9cef-dc5fa3810e57: shutdown 5636fed9-8cb9-4b03-9cef-dc5fa3810e57@group-1F920D138C37-FollowerState
2021-02-05 13:32:09,991 [ForkJoinPool.commonPool-worker-0] INFO  impl.StateMachineUpdater (StateMachineUpdater.java:stopAndJoin(148)) - 5636fed9-8cb9-4b03-9cef-dc5fa3810e57@group-1F920D138C37-StateMachineUpdater: set stopIndex = 0
2021-02-05 13:32:09,991 [Thread-962] INFO  impl.FollowerState (FollowerState.java:run(142)) - 5636fed9-8cb9-4b03-9cef-dc5fa3810e57@group-1F920D138C37-FollowerState was interrupted: {}
java.lang.InterruptedException: sleep interrupted
	at java.lang.Thread.sleep(Native Method)
	at java.lang.Thread.sleep(Thread.java:340)
	at java.util.concurrent.TimeUnit.sleep(TimeUnit.java:386)
	at org.apache.ratis.util.TimeDuration.sleep(TimeDuration.java:324)
	at org.apache.ratis.util.TimeDuration.sleep(TimeDuration.java:309)
	at org.apache.ratis.server.impl.FollowerState.run(FollowerState.java:117)
2021-02-05 13:32:09,991 [5636fed9-8cb9-4b03-9cef-dc5fa3810e57@group-1F920D138C37-StateMachineUpdater] INFO  ratis.ContainerStateMachine (ContainerStateMachine.java:takeSnapshot(291)) - group-1F920D138C37: Taking a snapshot at:(t:4, i:0) file /github/workspace/mnt/ozone/hadoop-ozone/integration-test/target/test-dir/MiniOzoneClusterImpl-a92b2b3a-f9aa-4539-be01-238306fe77bb/datanode-3/data/ratis/57f19455-4f3d-4583-bd81-1f920d138c37/sm/snapshot.4_0
2021-02-05 13:32:09,992 [642d0014-1bde-428b-b06d-30c9ab67a786@group-1F920D138C37-StateMachineUpdater] INFO  ratis.ContainerStateMachine (ContainerStateMachine.java:takeSnapshot(291)) - group-1F920D138C37: Taking a snapshot at:(t:4, i:0) file /github/workspace/mnt/ozone/hadoop-ozone/integration-test/target/test-dir/MiniOzoneClusterImpl-a92b2b3a-f9aa-4539-be01-238306fe77bb/datanode-5/data/ratis/57f19455-4f3d-4583-bd81-1f920d138c37/sm/snapshot.4_0
2021-02-05 13:32:09,992 [Listener at 127.0.0.1/37659] INFO  impl.StateMachineUpdater (StateMachineUpdater.java:stopAndJoin(148)) - 642d0014-1bde-428b-b06d-30c9ab67a786@group-1F920D138C37-StateMachineUpdater: set stopIndex = 0
2021-02-05 13:32:09,992 [5636fed9-8cb9-4b03-9cef-dc5fa3810e57@group-1F920D138C37-StateMachineUpdater] INFO  ratis.ContainerStateMachine (ContainerStateMachine.java:takeSnapshot(302)) - group-1F920D138C37: Finished taking a snapshot at:(t:4, i:0) file:/github/workspace/mnt/ozone/hadoop-ozone/integration-test/target/test-dir/MiniOzoneClusterImpl-a92b2b3a-f9aa-4539-be01-238306fe77bb/datanode-3/data/ratis/57f19455-4f3d-4583-bd81-1f920d138c37/sm/snapshot.4_0 took: 1 ms
2021-02-05 13:32:09,992 [5636fed9-8cb9-4b03-9cef-dc5fa3810e57@group-1F920D138C37-StateMachineUpdater] INFO  impl.StateMachineUpdater (StateMachineUpdater.java:takeSnapshot(279)) - 5636fed9-8cb9-4b03-9cef-dc5fa3810e57@group-1F920D138C37-StateMachineUpdater: Took a snapshot at index 0
2021-02-05 13:32:09,992 [5636fed9-8cb9-4b03-9cef-dc5fa3810e57@group-1F920D138C37-StateMachineUpdater] INFO  impl.StateMachineUpdater (StateMachineUpdater.java:lambda$new$0(88)) - 5636fed9-8cb9-4b03-9cef-dc5fa3810e57@group-1F920D138C37-StateMachineUpdater: snapshotIndex: updateIncreasingly -1 -> 0
2021-02-05 13:32:09,992 [5636fed9-8cb9-4b03-9cef-dc5fa3810e57@group-1F920D138C37-StateMachineUpdater] INFO  metrics.RatisMetrics (RatisMetrics.java:unregister(43)) - Unregistering Metrics Registry : ratis.state_machine.5636fed9-8cb9-4b03-9cef-dc5fa3810e57@group-1F920D138C37
2021-02-05 13:32:09,993 [642d0014-1bde-428b-b06d-30c9ab67a786@group-1F920D138C37-StateMachineUpdater] INFO  ratis.ContainerStateMachine (ContainerStateMachine.java:takeSnapshot(302)) - group-1F920D138C37: Finished taking a snapshot at:(t:4, i:0) file:/github/workspace/mnt/ozone/hadoop-ozone/integration-test/target/test-dir/MiniOzoneClusterImpl-a92b2b3a-f9aa-4539-be01-238306fe77bb/datanode-5/data/ratis/57f19455-4f3d-4583-bd81-1f920d138c37/sm/snapshot.4_0 took: 1 ms
2021-02-05 13:32:09,993 [642d0014-1bde-428b-b06d-30c9ab67a786@group-1F920D138C37-StateMachineUpdater] INFO  impl.StateMachineUpdater (StateMachineUpdater.java:takeSnapshot(279)) - 642d0014-1bde-428b-b06d-30c9ab67a786@group-1F920D138C37-StateMachineUpdater: Took a snapshot at index 0
2021-02-05 13:32:09,993 [642d0014-1bde-428b-b06d-30c9ab67a786@group-1F920D138C37-StateMachineUpdater] INFO  impl.StateMachineUpdater (StateMachineUpdater.java:lambda$new$0(88)) - 642d0014-1bde-428b-b06d-30c9ab67a786@group-1F920D138C37-StateMachineUpdater: snapshotIndex: updateIncreasingly -1 -> 0
2021-02-05 13:32:09,993 [642d0014-1bde-428b-b06d-30c9ab67a786@group-1F920D138C37-StateMachineUpdater] INFO  metrics.RatisMetrics (RatisMetrics.java:unregister(43)) - Unregistering Metrics Registry : ratis.state_machine.642d0014-1bde-428b-b06d-30c9ab67a786@group-1F920D138C37
2021-02-05 13:32:09,993 [ForkJoinPool.commonPool-worker-0] INFO  server.RaftServer$Division (ServerState.java:close(405)) - 5636fed9-8cb9-4b03-9cef-dc5fa3810e57@group-1F920D138C37: closes. applyIndex: 0
2021-02-05 13:32:09,993 [5636fed9-8cb9-4b03-9cef-dc5fa3810e57@group-1F920D138C37-SegmentedRaftLogWorker] INFO  segmented.SegmentedRaftLogWorker (SegmentedRaftLogWorker.java:run(326)) - 5636fed9-8cb9-4b03-9cef-dc5fa3810e57@group-1F920D138C37-SegmentedRaftLogWorker was interrupted, exiting. There are 0 tasks remaining in the queue.
2021-02-05 13:32:09,993 [Listener at 127.0.0.1/37659] INFO  server.RaftServer$Division (ServerState.java:close(405)) - 642d0014-1bde-428b-b06d-30c9ab67a786@group-1F920D138C37: closes. applyIndex: 0
2021-02-05 13:32:09,994 [642d0014-1bde-428b-b06d-30c9ab67a786@group-1F920D138C37-SegmentedRaftLogWorker] INFO  segmented.SegmentedRaftLogWorker (SegmentedRaftLogWorker.java:run(326)) - 642d0014-1bde-428b-b06d-30c9ab67a786@group-1F920D138C37-SegmentedRaftLogWorker was interrupted, exiting. There are 0 tasks remaining in the queue.
2021-02-05 13:32:09,997 [ForkJoinPool.commonPool-worker-0] INFO  segmented.SegmentedRaftLogWorker (SegmentedRaftLogWorker.java:close(236)) - 5636fed9-8cb9-4b03-9cef-dc5fa3810e57@group-1F920D138C37-SegmentedRaftLogWorker close()
2021-02-05 13:32:09,997 [Listener at 127.0.0.1/37659] INFO  segmented.SegmentedRaftLogWorker (SegmentedRaftLogWorker.java:close(236)) - 642d0014-1bde-428b-b06d-30c9ab67a786@group-1F920D138C37-SegmentedRaftLogWorker close()
2021-02-05 13:32:09,998 [ForkJoinPool.commonPool-worker-0] INFO  metrics.RatisMetrics (RatisMetrics.java:unregister(43)) - Unregistering Metrics Registry : ratis.log_worker.5636fed9-8cb9-4b03-9cef-dc5fa3810e57@group-1F920D138C37
2021-02-05 13:32:09,998 [ForkJoinPool.commonPool-worker-0] INFO  metrics.RatisMetrics (RatisMetrics.java:unregister(43)) - Unregistering Metrics Registry : ratis.leader_election.5636fed9-8cb9-4b03-9cef-dc5fa3810e57@group-1F920D138C37
2021-02-05 13:32:09,998 [ForkJoinPool.commonPool-worker-0] INFO  metrics.RatisMetrics (RatisMetrics.java:unregister(43)) - Unregistering Metrics Registry : ratis.server.5636fed9-8cb9-4b03-9cef-dc5fa3810e57@group-1F920D138C37
2021-02-05 13:32:09,998 [ForkJoinPool.commonPool-worker-0] INFO  server.GrpcService (GrpcService.java:closeImpl(262)) - 5636fed9-8cb9-4b03-9cef-dc5fa3810e57: shutdown server with port 46415 now
2021-02-05 13:32:09,999 [Listener at 127.0.0.1/37659] INFO  metrics.RatisMetrics (RatisMetrics.java:unregister(43)) - Unregistering Metrics Registry : ratis.log_worker.642d0014-1bde-428b-b06d-30c9ab67a786@group-1F920D138C37
2021-02-05 13:32:09,999 [Listener at 127.0.0.1/37659] INFO  metrics.RatisMetrics (RatisMetrics.java:unregister(43)) - Unregistering Metrics Registry : ratis.leader_election.642d0014-1bde-428b-b06d-30c9ab67a786@group-1F920D138C37
2021-02-05 13:32:09,999 [Listener at 127.0.0.1/37659] INFO  metrics.RatisMetrics (RatisMetrics.java:unregister(43)) - Unregistering Metrics Registry : ratis.server.642d0014-1bde-428b-b06d-30c9ab67a786@group-1F920D138C37
2021-02-05 13:32:09,999 [Listener at 127.0.0.1/37659] INFO  server.RaftServer$Division (RaftServerImpl.java:lambda$close$4(406)) - 642d0014-1bde-428b-b06d-30c9ab67a786@group-9F271643BAC2: shutdown
2021-02-05 13:32:09,999 [Listener at 127.0.0.1/37659] INFO  util.JmxRegister (JmxRegister.java:unregister(73)) - Successfully un-registered JMX Bean with object name Ratis:service=RaftServer,group=group-9F271643BAC2,id=642d0014-1bde-428b-b06d-30c9ab67a786
2021-02-05 13:32:09,999 [Listener at 127.0.0.1/37659] INFO  impl.RoleInfo (RoleInfo.java:shutdownLeaderState(91)) - 642d0014-1bde-428b-b06d-30c9ab67a786: shutdown 642d0014-1bde-428b-b06d-30c9ab67a786@group-9F271643BAC2-LeaderStateImpl
2021-02-05 13:32:10,000 [Listener at 127.0.0.1/37659] INFO  impl.PendingRequests (PendingRequests.java:sendNotLeaderResponses(249)) - 642d0014-1bde-428b-b06d-30c9ab67a786@group-9F271643BAC2-PendingRequests: sendNotLeaderResponses
2021-02-05 13:32:10,000 [Listener at 127.0.0.1/37659] INFO  metrics.RatisMetrics (RatisMetrics.java:unregister(43)) - Unregistering Metrics Registry : ratis.log_appender.642d0014-1bde-428b-b06d-30c9ab67a786@group-9F271643BAC2
2021-02-05 13:32:10,000 [Listener at 127.0.0.1/37659] INFO  metrics.RatisMetrics (RatisMetrics.java:unregister(43)) - Unregistering Metrics Registry : ratis.server.642d0014-1bde-428b-b06d-30c9ab67a786@group-9F271643BAC2
2021-02-05 13:32:10,001 [Listener at 127.0.0.1/37659] INFO  impl.StateMachineUpdater (StateMachineUpdater.java:stopAndJoin(148)) - 642d0014-1bde-428b-b06d-30c9ab67a786@group-9F271643BAC2-StateMachineUpdater: set stopIndex = 0
2021-02-05 13:32:10,001 [642d0014-1bde-428b-b06d-30c9ab67a786@group-9F271643BAC2-StateMachineUpdater] INFO  ratis.ContainerStateMachine (ContainerStateMachine.java:takeSnapshot(291)) - group-9F271643BAC2: Taking a snapshot at:(t:1, i:0) file /github/workspace/mnt/ozone/hadoop-ozone/integration-test/target/test-dir/MiniOzoneClusterImpl-a92b2b3a-f9aa-4539-be01-238306fe77bb/datanode-5/data/ratis/4079fb4f-975f-4e1b-89da-9f271643bac2/sm/snapshot.1_0
2021-02-05 13:32:10,002 [642d0014-1bde-428b-b06d-30c9ab67a786@group-9F271643BAC2-StateMachineUpdater] INFO  ratis.ContainerStateMachine (ContainerStateMachine.java:takeSnapshot(302)) - group-9F271643BAC2: Finished taking a snapshot at:(t:1, i:0) file:/github/workspace/mnt/ozone/hadoop-ozone/integration-test/target/test-dir/MiniOzoneClusterImpl-a92b2b3a-f9aa-4539-be01-238306fe77bb/datanode-5/data/ratis/4079fb4f-975f-4e1b-89da-9f271643bac2/sm/snapshot.1_0 took: 1 ms
2021-02-05 13:32:10,002 [642d0014-1bde-428b-b06d-30c9ab67a786@group-9F271643BAC2-StateMachineUpdater] INFO  impl.StateMachineUpdater (StateMachineUpdater.java:takeSnapshot(279)) - 642d0014-1bde-428b-b06d-30c9ab67a786@group-9F271643BAC2-StateMachineUpdater: Took a snapshot at index 0
2021-02-05 13:32:10,002 [642d0014-1bde-428b-b06d-30c9ab67a786@group-9F271643BAC2-StateMachineUpdater] INFO  impl.StateMachineUpdater (StateMachineUpdater.java:lambda$new$0(88)) - 642d0014-1bde-428b-b06d-30c9ab67a786@group-9F271643BAC2-StateMachineUpdater: snapshotIndex: updateIncreasingly -1 -> 0
2021-02-05 13:32:10,002 [642d0014-1bde-428b-b06d-30c9ab67a786@group-9F271643BAC2-StateMachineUpdater] INFO  metrics.RatisMetrics (RatisMetrics.java:unregister(43)) - Unregistering Metrics Registry : ratis.state_machine.642d0014-1bde-428b-b06d-30c9ab67a786@group-9F271643BAC2
2021-02-05 13:32:10,002 [Listener at 127.0.0.1/37659] INFO  server.RaftServer$Division (ServerState.java:close(405)) - 642d0014-1bde-428b-b06d-30c9ab67a786@group-9F271643BAC2: closes. applyIndex: 0
2021-02-05 13:32:10,003 [642d0014-1bde-428b-b06d-30c9ab67a786@group-9F271643BAC2-SegmentedRaftLogWorker] INFO  segmented.SegmentedRaftLogWorker (SegmentedRaftLogWorker.java:run(326)) - 642d0014-1bde-428b-b06d-30c9ab67a786@group-9F271643BAC2-SegmentedRaftLogWorker was interrupted, exiting. There are 0 tasks remaining in the queue.
2021-02-05 13:32:10,010 [Listener at 127.0.0.1/37659] INFO  segmented.SegmentedRaftLogWorker (SegmentedRaftLogWorker.java:close(236)) - 642d0014-1bde-428b-b06d-30c9ab67a786@group-9F271643BAC2-SegmentedRaftLogWorker close()
2021-02-05 13:32:10,011 [Listener at 127.0.0.1/37659] INFO  metrics.RatisMetrics (RatisMetrics.java:unregister(43)) - Unregistering Metrics Registry : ratis.log_worker.642d0014-1bde-428b-b06d-30c9ab67a786@group-9F271643BAC2
2021-02-05 13:32:10,012 [Listener at 127.0.0.1/37659] INFO  metrics.RatisMetrics (RatisMetrics.java:unregister(43)) - Unregistering Metrics Registry : ratis.leader_election.642d0014-1bde-428b-b06d-30c9ab67a786@group-9F271643BAC2
2021-02-05 13:32:10,012 [Listener at 127.0.0.1/37659] INFO  metrics.RatisMetrics (RatisMetrics.java:unregister(43)) - Unregistering Metrics Registry : ratis.server.642d0014-1bde-428b-b06d-30c9ab67a786@group-9F271643BAC2
2021-02-05 13:32:10,012 [Listener at 127.0.0.1/37659] INFO  server.GrpcService (GrpcService.java:closeImpl(262)) - 642d0014-1bde-428b-b06d-30c9ab67a786: shutdown server with port 39473 now
2021-02-05 13:32:10,013 [ForkJoinPool.commonPool-worker-0] INFO  server.GrpcService (GrpcService.java:closeImpl(271)) - 5636fed9-8cb9-4b03-9cef-dc5fa3810e57: shutdown server with port 46415 successfully
2021-02-05 13:32:10,014 [org.apache.ratis.util.JvmPauseMonitor$$Lambda$504/1608512753@1a6c4ba8] INFO  util.JvmPauseMonitor (JvmPauseMonitor.java:run(109)) - JvmPauseMonitor-5636fed9-8cb9-4b03-9cef-dc5fa3810e57: Stopped
2021-02-05 13:32:10,016 [Listener at 127.0.0.1/37659] INFO  server.GrpcService (GrpcService.java:closeImpl(271)) - 642d0014-1bde-428b-b06d-30c9ab67a786: shutdown server with port 39473 successfully
2021-02-05 13:32:10,016 [ForkJoinPool.commonPool-worker-0] INFO  utils.BackgroundService (BackgroundService.java:shutdown(132)) - Shutting down service BlockDeletingService
2021-02-05 13:32:10,017 [org.apache.ratis.util.JvmPauseMonitor$$Lambda$504/1608512753@550d8c25] INFO  util.JvmPauseMonitor (JvmPauseMonitor.java:run(109)) - JvmPauseMonitor-642d0014-1bde-428b-b06d-30c9ab67a786: Stopped
2021-02-05 13:32:10,018 [Listener at 127.0.0.1/37659] INFO  utils.BackgroundService (BackgroundService.java:shutdown(132)) - Shutting down service BlockDeletingService
2021-02-05 13:32:10,018 [ForkJoinPool.commonPool-worker-0] INFO  statemachine.DatanodeStateMachine (DatanodeStateMachine.java:stopDaemon(470)) - Ozone container server stopped.
2021-02-05 13:32:10,019 [Listener at 127.0.0.1/37659] INFO  statemachine.DatanodeStateMachine (DatanodeStateMachine.java:stopDaemon(470)) - Ozone container server stopped.
2021-02-05 13:32:10,027 [Listener at 127.0.0.1/37659] INFO  handler.ContextHandler (ContextHandler.java:doStop(1154)) - Stopped o.e.j.w.WebAppContext@66fa0be5{hddsDatanode,/,null,STOPPED}{jar:file:/home/user/.m2/repository/org/apache/hadoop/hadoop-hdds-container-service/1.1.0-SNAPSHOT/hadoop-hdds-container-service-1.1.0-SNAPSHOT.jar!/webapps/hddsDatanode}
2021-02-05 13:32:10,034 [Listener at 127.0.0.1/37659] INFO  server.AbstractConnector (AbstractConnector.java:doStop(381)) - Stopped ServerConnector@3cebe931{HTTP/1.1, (http/1.1)}{0.0.0.0:0}
2021-02-05 13:32:10,034 [Listener at 127.0.0.1/37659] INFO  server.session (HouseKeeper.java:stopScavenging(149)) - node0 Stopped scavenging
2021-02-05 13:32:10,036 [Listener at 127.0.0.1/37659] INFO  handler.ContextHandler (ContextHandler.java:doStop(1154)) - Stopped o.e.j.s.ServletContextHandler@7c4164a8{static,/static,jar:file:/home/user/.m2/repository/org/apache/hadoop/hadoop-hdds-container-service/1.1.0-SNAPSHOT/hadoop-hdds-container-service-1.1.0-SNAPSHOT.jar!/webapps/static,STOPPED}
2021-02-05 13:32:10,036 [Listener at 127.0.0.1/37659] INFO  handler.ContextHandler (ContextHandler.java:doStop(1154)) - Stopped o.e.j.s.ServletContextHandler@4bc40cb8{logs,/logs,file:///github/workspace/mnt/ozone/hadoop-ozone/integration-test/target/log,STOPPED}
2021-02-05 13:32:10,036 [ForkJoinPool.commonPool-worker-0] INFO  handler.ContextHandler (ContextHandler.java:doStop(1154)) - Stopped o.e.j.w.WebAppContext@2273255e{hddsDatanode,/,null,STOPPED}{jar:file:/home/user/.m2/repository/org/apache/hadoop/hadoop-hdds-container-service/1.1.0-SNAPSHOT/hadoop-hdds-container-service-1.1.0-SNAPSHOT.jar!/webapps/hddsDatanode}
2021-02-05 13:32:10,037 [ForkJoinPool.commonPool-worker-0] INFO  server.AbstractConnector (AbstractConnector.java:doStop(381)) - Stopped ServerConnector@5a04e7ef{HTTP/1.1, (http/1.1)}{0.0.0.0:0}
2021-02-05 13:32:10,037 [ForkJoinPool.commonPool-worker-0] INFO  server.session (HouseKeeper.java:stopScavenging(149)) - node0 Stopped scavenging
2021-02-05 13:32:10,040 [ForkJoinPool.commonPool-worker-0] INFO  handler.ContextHandler (ContextHandler.java:doStop(1154)) - Stopped o.e.j.s.ServletContextHandler@26c8a6b3{static,/static,jar:file:/home/user/.m2/repository/org/apache/hadoop/hadoop-hdds-container-service/1.1.0-SNAPSHOT/hadoop-hdds-container-service-1.1.0-SNAPSHOT.jar!/webapps/static,STOPPED}
2021-02-05 13:32:10,044 [ForkJoinPool.commonPool-worker-0] INFO  handler.ContextHandler (ContextHandler.java:doStop(1154)) - Stopped o.e.j.s.ServletContextHandler@3e1c58c9{logs,/logs,file:///github/workspace/mnt/ozone/hadoop-ozone/integration-test/target/log,STOPPED}
2021-02-05 13:32:10,085 [Datanode State Machine Thread - 0] INFO  statemachine.DatanodeStateMachine (DatanodeStateMachine.java:lambda$startDaemon$0(412)) - Ozone container server started.
2021-02-05 13:32:10,108 [grpc-default-executor-1] WARN  server.GrpcLogAppender (LogUtils.java:warn(122)) - a9448078-34fe-435b-8f34-59bdbb0249c7@group-CBE835C2428B->a4acbc3e-e00f-4d43-961e-4e2aff2ce09e-AppendLogResponseHandler: Failed appendEntries: org.apache.ratis.thirdparty.io.grpc.StatusRuntimeException: UNAVAILABLE: io exception
2021-02-05 13:32:10,109 [grpc-default-executor-1] WARN  server.GrpcLogAppender (GrpcLogAppender.java:resetClient(111)) - a9448078-34fe-435b-8f34-59bdbb0249c7@group-CBE835C2428B->a4acbc3e-e00f-4d43-961e-4e2aff2ce09e-GrpcLogAppender: Leader has not got in touch with Follower a9448078-34fe-435b-8f34-59bdbb0249c7@group-CBE835C2428B->a4acbc3e-e00f-4d43-961e-4e2aff2ce09e(c-1,m0,n3, attendVote=true, lastRpcSendTime=0, lastRpcResponseTime=10244) yet, just keep nextIndex unchanged and retry.
2021-02-05 13:32:10,685 [Datanode State Machine Thread - 0] INFO  statemachine.DatanodeStateMachine (DatanodeStateMachine.java:lambda$startDaemon$0(412)) - Ozone container server started.
2021-02-05 13:32:12,608 [grpc-default-executor-1] WARN  server.GrpcLogAppender (LogUtils.java:warn(122)) - a9448078-34fe-435b-8f34-59bdbb0249c7@group-CBE835C2428B->a4acbc3e-e00f-4d43-961e-4e2aff2ce09e-AppendLogResponseHandler: Failed appendEntries: org.apache.ratis.thirdparty.io.grpc.StatusRuntimeException: UNAVAILABLE: io exception
2021-02-05 13:32:12,609 [grpc-default-executor-1] WARN  server.GrpcLogAppender (GrpcLogAppender.java:resetClient(111)) - a9448078-34fe-435b-8f34-59bdbb0249c7@group-CBE835C2428B->a4acbc3e-e00f-4d43-961e-4e2aff2ce09e-GrpcLogAppender: Leader has not got in touch with Follower a9448078-34fe-435b-8f34-59bdbb0249c7@group-CBE835C2428B->a4acbc3e-e00f-4d43-961e-4e2aff2ce09e(c-1,m0,n3, attendVote=true, lastRpcSendTime=0, lastRpcResponseTime=12744) yet, just keep nextIndex unchanged and retry.
2021-02-05 13:32:15,038 [Listener at 127.0.0.1/37659] INFO  ozoneimpl.OzoneContainer (OzoneContainer.java:stop(273)) - Attempting to stop container services.
2021-02-05 13:32:15,039 [Listener at 127.0.0.1/37659] INFO  server.RaftServer (RaftServerProxy.java:lambda$close$6(391)) - 84a23ac6-72e6-48f0-84ab-0e5b98bf0c8b: close
2021-02-05 13:32:15,039 [Listener at 127.0.0.1/37659] INFO  server.RaftServer$Division (RaftServerImpl.java:lambda$close$4(406)) - 84a23ac6-72e6-48f0-84ab-0e5b98bf0c8b@group-6DE01D8A8F69: shutdown
2021-02-05 13:32:15,039 [Listener at 127.0.0.1/37659] INFO  util.JmxRegister (JmxRegister.java:unregister(73)) - Successfully un-registered JMX Bean with object name Ratis:service=RaftServer,group=group-6DE01D8A8F69,id=84a23ac6-72e6-48f0-84ab-0e5b98bf0c8b
2021-02-05 13:32:15,040 [Listener at 127.0.0.1/37659] INFO  impl.RoleInfo (RoleInfo.java:shutdownLeaderState(91)) - 84a23ac6-72e6-48f0-84ab-0e5b98bf0c8b: shutdown 84a23ac6-72e6-48f0-84ab-0e5b98bf0c8b@group-6DE01D8A8F69-LeaderStateImpl
2021-02-05 13:32:15,040 [Listener at 127.0.0.1/37659] INFO  impl.PendingRequests (PendingRequests.java:sendNotLeaderResponses(249)) - 84a23ac6-72e6-48f0-84ab-0e5b98bf0c8b@group-6DE01D8A8F69-PendingRequests: sendNotLeaderResponses
2021-02-05 13:32:15,040 [Listener at 127.0.0.1/37659] INFO  metrics.RatisMetrics (RatisMetrics.java:unregister(43)) - Unregistering Metrics Registry : ratis.log_appender.84a23ac6-72e6-48f0-84ab-0e5b98bf0c8b@group-6DE01D8A8F69
2021-02-05 13:32:15,040 [Listener at 127.0.0.1/37659] INFO  metrics.RatisMetrics (RatisMetrics.java:unregister(43)) - Unregistering Metrics Registry : ratis.server.84a23ac6-72e6-48f0-84ab-0e5b98bf0c8b@group-6DE01D8A8F69
2021-02-05 13:32:15,041 [84a23ac6-72e6-48f0-84ab-0e5b98bf0c8b@group-6DE01D8A8F69-StateMachineUpdater] INFO  ratis.ContainerStateMachine (ContainerStateMachine.java:takeSnapshot(291)) - group-6DE01D8A8F69: Taking a snapshot at:(t:1, i:0) file /github/workspace/mnt/ozone/hadoop-ozone/integration-test/target/test-dir/MiniOzoneClusterImpl-a92b2b3a-f9aa-4539-be01-238306fe77bb/datanode-7/data/ratis/6a61fbf8-4cbd-46c7-94b8-6de01d8a8f69/sm/snapshot.1_0
2021-02-05 13:32:15,042 [Listener at 127.0.0.1/37659] INFO  impl.StateMachineUpdater (StateMachineUpdater.java:stopAndJoin(148)) - 84a23ac6-72e6-48f0-84ab-0e5b98bf0c8b@group-6DE01D8A8F69-StateMachineUpdater: set stopIndex = 0
2021-02-05 13:32:15,042 [84a23ac6-72e6-48f0-84ab-0e5b98bf0c8b@group-6DE01D8A8F69-StateMachineUpdater] INFO  ratis.ContainerStateMachine (ContainerStateMachine.java:takeSnapshot(302)) - group-6DE01D8A8F69: Finished taking a snapshot at:(t:1, i:0) file:/github/workspace/mnt/ozone/hadoop-ozone/integration-test/target/test-dir/MiniOzoneClusterImpl-a92b2b3a-f9aa-4539-be01-238306fe77bb/datanode-7/data/ratis/6a61fbf8-4cbd-46c7-94b8-6de01d8a8f69/sm/snapshot.1_0 took: 1 ms
2021-02-05 13:32:15,042 [84a23ac6-72e6-48f0-84ab-0e5b98bf0c8b@group-6DE01D8A8F69-StateMachineUpdater] INFO  impl.StateMachineUpdater (StateMachineUpdater.java:takeSnapshot(279)) - 84a23ac6-72e6-48f0-84ab-0e5b98bf0c8b@group-6DE01D8A8F69-StateMachineUpdater: Took a snapshot at index 0
2021-02-05 13:32:15,043 [84a23ac6-72e6-48f0-84ab-0e5b98bf0c8b@group-6DE01D8A8F69-StateMachineUpdater] INFO  impl.StateMachineUpdater (StateMachineUpdater.java:lambda$new$0(88)) - 84a23ac6-72e6-48f0-84ab-0e5b98bf0c8b@group-6DE01D8A8F69-StateMachineUpdater: snapshotIndex: updateIncreasingly -1 -> 0
2021-02-05 13:32:15,043 [84a23ac6-72e6-48f0-84ab-0e5b98bf0c8b@group-6DE01D8A8F69-StateMachineUpdater] INFO  metrics.RatisMetrics (RatisMetrics.java:unregister(43)) - Unregistering Metrics Registry : ratis.state_machine.84a23ac6-72e6-48f0-84ab-0e5b98bf0c8b@group-6DE01D8A8F69
2021-02-05 13:32:15,044 [Listener at 127.0.0.1/37659] INFO  server.RaftServer$Division (ServerState.java:close(405)) - 84a23ac6-72e6-48f0-84ab-0e5b98bf0c8b@group-6DE01D8A8F69: closes. applyIndex: 0
2021-02-05 13:32:15,044 [84a23ac6-72e6-48f0-84ab-0e5b98bf0c8b@group-6DE01D8A8F69-SegmentedRaftLogWorker] INFO  segmented.SegmentedRaftLogWorker (SegmentedRaftLogWorker.java:run(326)) - 84a23ac6-72e6-48f0-84ab-0e5b98bf0c8b@group-6DE01D8A8F69-SegmentedRaftLogWorker was interrupted, exiting. There are 0 tasks remaining in the queue.
2021-02-05 13:32:15,047 [Listener at 127.0.0.1/37659] INFO  segmented.SegmentedRaftLogWorker (SegmentedRaftLogWorker.java:close(236)) - 84a23ac6-72e6-48f0-84ab-0e5b98bf0c8b@group-6DE01D8A8F69-SegmentedRaftLogWorker close()
2021-02-05 13:32:15,048 [Listener at 127.0.0.1/37659] INFO  metrics.RatisMetrics (RatisMetrics.java:unregister(43)) - Unregistering Metrics Registry : ratis.log_worker.84a23ac6-72e6-48f0-84ab-0e5b98bf0c8b@group-6DE01D8A8F69
2021-02-05 13:32:15,048 [Listener at 127.0.0.1/37659] INFO  metrics.RatisMetrics (RatisMetrics.java:unregister(43)) - Unregistering Metrics Registry : ratis.leader_election.84a23ac6-72e6-48f0-84ab-0e5b98bf0c8b@group-6DE01D8A8F69
2021-02-05 13:32:15,048 [Listener at 127.0.0.1/37659] INFO  metrics.RatisMetrics (RatisMetrics.java:unregister(43)) - Unregistering Metrics Registry : ratis.server.84a23ac6-72e6-48f0-84ab-0e5b98bf0c8b@group-6DE01D8A8F69
2021-02-05 13:32:15,048 [Listener at 127.0.0.1/37659] INFO  server.RaftServer$Division (RaftServerImpl.java:lambda$close$4(406)) - 84a23ac6-72e6-48f0-84ab-0e5b98bf0c8b@group-F12C99FB9DB4: shutdown
2021-02-05 13:32:15,048 [Listener at 127.0.0.1/37659] INFO  util.JmxRegister (JmxRegister.java:unregister(73)) - Successfully un-registered JMX Bean with object name Ratis:service=RaftServer,group=group-F12C99FB9DB4,id=84a23ac6-72e6-48f0-84ab-0e5b98bf0c8b
2021-02-05 13:32:15,048 [Listener at 127.0.0.1/37659] INFO  impl.RoleInfo (RoleInfo.java:shutdownFollowerState(108)) - 84a23ac6-72e6-48f0-84ab-0e5b98bf0c8b: shutdown 84a23ac6-72e6-48f0-84ab-0e5b98bf0c8b@group-F12C99FB9DB4-FollowerState
2021-02-05 13:32:15,049 [Listener at 127.0.0.1/37659] INFO  impl.StateMachineUpdater (StateMachineUpdater.java:stopAndJoin(148)) - 84a23ac6-72e6-48f0-84ab-0e5b98bf0c8b@group-F12C99FB9DB4-StateMachineUpdater: set stopIndex = 0
2021-02-05 13:32:15,049 [84a23ac6-72e6-48f0-84ab-0e5b98bf0c8b@group-F12C99FB9DB4-StateMachineUpdater] INFO  ratis.ContainerStateMachine (ContainerStateMachine.java:takeSnapshot(291)) - group-F12C99FB9DB4: Taking a snapshot at:(t:4, i:0) file /github/workspace/mnt/ozone/hadoop-ozone/integration-test/target/test-dir/MiniOzoneClusterImpl-a92b2b3a-f9aa-4539-be01-238306fe77bb/datanode-7/data/ratis/ecf58077-afad-40b3-9cf3-f12c99fb9db4/sm/snapshot.4_0
2021-02-05 13:32:15,049 [Thread-983] INFO  impl.FollowerState (FollowerState.java:run(142)) - 84a23ac6-72e6-48f0-84ab-0e5b98bf0c8b@group-F12C99FB9DB4-FollowerState was interrupted: {}
java.lang.InterruptedException: sleep interrupted
	at java.lang.Thread.sleep(Native Method)
	at java.lang.Thread.sleep(Thread.java:340)
	at java.util.concurrent.TimeUnit.sleep(TimeUnit.java:386)
	at org.apache.ratis.util.TimeDuration.sleep(TimeDuration.java:324)
	at org.apache.ratis.util.TimeDuration.sleep(TimeDuration.java:309)
	at org.apache.ratis.server.impl.FollowerState.run(FollowerState.java:117)
2021-02-05 13:32:15,049 [ForkJoinPool.commonPool-worker-0] INFO  ozoneimpl.OzoneContainer (OzoneContainer.java:stop(273)) - Attempting to stop container services.
2021-02-05 13:32:15,051 [84a23ac6-72e6-48f0-84ab-0e5b98bf0c8b@group-F12C99FB9DB4-StateMachineUpdater] INFO  ratis.ContainerStateMachine (ContainerStateMachine.java:takeSnapshot(302)) - group-F12C99FB9DB4: Finished taking a snapshot at:(t:4, i:0) file:/github/workspace/mnt/ozone/hadoop-ozone/integration-test/target/test-dir/MiniOzoneClusterImpl-a92b2b3a-f9aa-4539-be01-238306fe77bb/datanode-7/data/ratis/ecf58077-afad-40b3-9cf3-f12c99fb9db4/sm/snapshot.4_0 took: 2 ms
2021-02-05 13:32:15,052 [84a23ac6-72e6-48f0-84ab-0e5b98bf0c8b@group-F12C99FB9DB4-StateMachineUpdater] INFO  impl.StateMachineUpdater (StateMachineUpdater.java:takeSnapshot(279)) - 84a23ac6-72e6-48f0-84ab-0e5b98bf0c8b@group-F12C99FB9DB4-StateMachineUpdater: Took a snapshot at index 0
2021-02-05 13:32:15,052 [84a23ac6-72e6-48f0-84ab-0e5b98bf0c8b@group-F12C99FB9DB4-StateMachineUpdater] INFO  impl.StateMachineUpdater (StateMachineUpdater.java:lambda$new$0(88)) - 84a23ac6-72e6-48f0-84ab-0e5b98bf0c8b@group-F12C99FB9DB4-StateMachineUpdater: snapshotIndex: updateIncreasingly -1 -> 0
2021-02-05 13:32:15,052 [84a23ac6-72e6-48f0-84ab-0e5b98bf0c8b@group-F12C99FB9DB4-StateMachineUpdater] INFO  metrics.RatisMetrics (RatisMetrics.java:unregister(43)) - Unregistering Metrics Registry : ratis.state_machine.84a23ac6-72e6-48f0-84ab-0e5b98bf0c8b@group-F12C99FB9DB4
2021-02-05 13:32:15,052 [Listener at 127.0.0.1/37659] INFO  server.RaftServer$Division (ServerState.java:close(405)) - 84a23ac6-72e6-48f0-84ab-0e5b98bf0c8b@group-F12C99FB9DB4: closes. applyIndex: 0
2021-02-05 13:32:15,052 [84a23ac6-72e6-48f0-84ab-0e5b98bf0c8b@group-F12C99FB9DB4-SegmentedRaftLogWorker] INFO  segmented.SegmentedRaftLogWorker (SegmentedRaftLogWorker.java:run(326)) - 84a23ac6-72e6-48f0-84ab-0e5b98bf0c8b@group-F12C99FB9DB4-SegmentedRaftLogWorker was interrupted, exiting. There are 0 tasks remaining in the queue.
2021-02-05 13:32:15,057 [ForkJoinPool.commonPool-worker-0] INFO  server.RaftServer (RaftServerProxy.java:lambda$close$6(391)) - a9448078-34fe-435b-8f34-59bdbb0249c7: close
2021-02-05 13:32:15,057 [ForkJoinPool.commonPool-worker-0] INFO  server.RaftServer$Division (RaftServerImpl.java:lambda$close$4(406)) - a9448078-34fe-435b-8f34-59bdbb0249c7@group-CBE835C2428B: shutdown
2021-02-05 13:32:15,059 [ForkJoinPool.commonPool-worker-0] INFO  util.JmxRegister (JmxRegister.java:unregister(73)) - Successfully un-registered JMX Bean with object name Ratis:service=RaftServer,group=group-CBE835C2428B,id=a9448078-34fe-435b-8f34-59bdbb0249c7
2021-02-05 13:32:15,059 [ForkJoinPool.commonPool-worker-0] INFO  impl.RoleInfo (RoleInfo.java:shutdownLeaderState(91)) - a9448078-34fe-435b-8f34-59bdbb0249c7: shutdown a9448078-34fe-435b-8f34-59bdbb0249c7@group-CBE835C2428B-LeaderStateImpl
2021-02-05 13:32:15,059 [ForkJoinPool.commonPool-worker-0] INFO  metrics.RatisMetrics (RatisMetrics.java:unregister(43)) - Unregistering Metrics Registry : ratis_grpc.log_appender.a9448078-34fe-435b-8f34-59bdbb0249c7@group-CBE835C2428B
2021-02-05 13:32:15,059 [ForkJoinPool.commonPool-worker-0] INFO  metrics.RatisMetrics (RatisMetrics.java:unregister(43)) - Unregistering Metrics Registry : ratis_grpc.log_appender.a9448078-34fe-435b-8f34-59bdbb0249c7@group-CBE835C2428B
2021-02-05 13:32:15,059 [ForkJoinPool.commonPool-worker-0] INFO  impl.PendingRequests (PendingRequests.java:sendNotLeaderResponses(249)) - a9448078-34fe-435b-8f34-59bdbb0249c7@group-CBE835C2428B-PendingRequests: sendNotLeaderResponses
2021-02-05 13:32:15,059 [Listener at 127.0.0.1/37659] INFO  segmented.SegmentedRaftLogWorker (SegmentedRaftLogWorker.java:close(236)) - 84a23ac6-72e6-48f0-84ab-0e5b98bf0c8b@group-F12C99FB9DB4-SegmentedRaftLogWorker close()
2021-02-05 13:32:15,060 [ForkJoinPool.commonPool-worker-0] INFO  metrics.RatisMetrics (RatisMetrics.java:unregister(43)) - Unregistering Metrics Registry : ratis.log_appender.a9448078-34fe-435b-8f34-59bdbb0249c7@group-CBE835C2428B
2021-02-05 13:32:15,059 [a9448078-34fe-435b-8f34-59bdbb0249c7@group-CBE835C2428B->9a530726-af8b-4f6c-9588-6c152d944b80-GrpcLogAppender-LogAppenderDaemon] WARN  server.GrpcLogAppender (GrpcLogAppender.java:mayWait(175)) - a9448078-34fe-435b-8f34-59bdbb0249c7@group-CBE835C2428B->9a530726-af8b-4f6c-9588-6c152d944b80-GrpcLogAppender: Wait interrupted by java.lang.InterruptedException
2021-02-05 13:32:15,060 [ForkJoinPool.commonPool-worker-0] INFO  metrics.RatisMetrics (RatisMetrics.java:unregister(43)) - Unregistering Metrics Registry : ratis.server.a9448078-34fe-435b-8f34-59bdbb0249c7@group-CBE835C2428B
2021-02-05 13:32:15,061 [ForkJoinPool.commonPool-worker-0] INFO  impl.StateMachineUpdater (StateMachineUpdater.java:stopAndJoin(148)) - a9448078-34fe-435b-8f34-59bdbb0249c7@group-CBE835C2428B-StateMachineUpdater: set stopIndex = 2
2021-02-05 13:32:15,061 [grpc-default-executor-1] INFO  server.GrpcServerProtocolService (GrpcServerProtocolService.java:onCompleted(138)) - 9a530726-af8b-4f6c-9588-6c152d944b80: Completed APPEND_ENTRIES, lastRequest: a9448078-34fe-435b-8f34-59bdbb0249c7->9a530726-af8b-4f6c-9588-6c152d944b80#6-t5,previous=(t:5, i:1),leaderCommit=1,initializing? true,entries: size=1, first=(t:5, i:2), METADATAENTRY(c:1)
2021-02-05 13:32:15,061 [a9448078-34fe-435b-8f34-59bdbb0249c7@group-CBE835C2428B-StateMachineUpdater] INFO  ratis.ContainerStateMachine (ContainerStateMachine.java:takeSnapshot(291)) - group-CBE835C2428B: Taking a snapshot at:(t:5, i:2) file /github/workspace/mnt/ozone/hadoop-ozone/integration-test/target/test-dir/MiniOzoneClusterImpl-a92b2b3a-f9aa-4539-be01-238306fe77bb/datanode-0/data/ratis/0212408e-bf39-46ba-be38-cbe835c2428b/sm/snapshot.5_2
2021-02-05 13:32:15,063 [Listener at 127.0.0.1/37659] INFO  metrics.RatisMetrics (RatisMetrics.java:unregister(43)) - Unregistering Metrics Registry : ratis.log_worker.84a23ac6-72e6-48f0-84ab-0e5b98bf0c8b@group-F12C99FB9DB4
2021-02-05 13:32:15,063 [Listener at 127.0.0.1/37659] INFO  metrics.RatisMetrics (RatisMetrics.java:unregister(43)) - Unregistering Metrics Registry : ratis.leader_election.84a23ac6-72e6-48f0-84ab-0e5b98bf0c8b@group-F12C99FB9DB4
2021-02-05 13:32:15,063 [a9448078-34fe-435b-8f34-59bdbb0249c7@group-CBE835C2428B-StateMachineUpdater] INFO  ratis.ContainerStateMachine (ContainerStateMachine.java:takeSnapshot(302)) - group-CBE835C2428B: Finished taking a snapshot at:(t:5, i:2) file:/github/workspace/mnt/ozone/hadoop-ozone/integration-test/target/test-dir/MiniOzoneClusterImpl-a92b2b3a-f9aa-4539-be01-238306fe77bb/datanode-0/data/ratis/0212408e-bf39-46ba-be38-cbe835c2428b/sm/snapshot.5_2 took: 2 ms
2021-02-05 13:32:15,063 [a9448078-34fe-435b-8f34-59bdbb0249c7@group-CBE835C2428B-StateMachineUpdater] INFO  impl.StateMachineUpdater (StateMachineUpdater.java:takeSnapshot(279)) - a9448078-34fe-435b-8f34-59bdbb0249c7@group-CBE835C2428B-StateMachineUpdater: Took a snapshot at index 2
2021-02-05 13:32:15,063 [a9448078-34fe-435b-8f34-59bdbb0249c7@group-CBE835C2428B-StateMachineUpdater] INFO  impl.StateMachineUpdater (StateMachineUpdater.java:lambda$new$0(88)) - a9448078-34fe-435b-8f34-59bdbb0249c7@group-CBE835C2428B-StateMachineUpdater: snapshotIndex: updateIncreasingly -1 -> 2
2021-02-05 13:32:15,064 [a9448078-34fe-435b-8f34-59bdbb0249c7@group-CBE835C2428B-StateMachineUpdater] INFO  metrics.RatisMetrics (RatisMetrics.java:unregister(43)) - Unregistering Metrics Registry : ratis.state_machine.a9448078-34fe-435b-8f34-59bdbb0249c7@group-CBE835C2428B
2021-02-05 13:32:15,064 [ForkJoinPool.commonPool-worker-0] INFO  server.RaftServer$Division (ServerState.java:close(405)) - a9448078-34fe-435b-8f34-59bdbb0249c7@group-CBE835C2428B: closes. applyIndex: 2
2021-02-05 13:32:15,063 [Listener at 127.0.0.1/37659] INFO  metrics.RatisMetrics (RatisMetrics.java:unregister(43)) - Unregistering Metrics Registry : ratis.server.84a23ac6-72e6-48f0-84ab-0e5b98bf0c8b@group-F12C99FB9DB4
2021-02-05 13:32:15,064 [Listener at 127.0.0.1/37659] INFO  server.GrpcService (GrpcService.java:closeImpl(262)) - 84a23ac6-72e6-48f0-84ab-0e5b98bf0c8b: shutdown server with port 36963 now
2021-02-05 13:32:15,064 [a9448078-34fe-435b-8f34-59bdbb0249c7@group-CBE835C2428B-SegmentedRaftLogWorker] INFO  segmented.SegmentedRaftLogWorker (SegmentedRaftLogWorker.java:run(326)) - a9448078-34fe-435b-8f34-59bdbb0249c7@group-CBE835C2428B-SegmentedRaftLogWorker was interrupted, exiting. There are 0 tasks remaining in the queue.
2021-02-05 13:32:15,064 [grpc-default-executor-0] INFO  server.GrpcLogAppender (GrpcLogAppender.java:onCompleted(344)) - a9448078-34fe-435b-8f34-59bdbb0249c7@group-CBE835C2428B->9a530726-af8b-4f6c-9588-6c152d944b80-AppendLogResponseHandler: follower responses appendEntries COMPLETED
2021-02-05 13:32:15,064 [grpc-default-executor-0] INFO  leader.FollowerInfo (FollowerInfoImpl.java:lambda$new$0(46)) - a9448078-34fe-435b-8f34-59bdbb0249c7@group-CBE835C2428B->9a530726-af8b-4f6c-9588-6c152d944b80: nextIndex: updateUnconditionally 3 -> 2
2021-02-05 13:32:15,065 [ForkJoinPool.commonPool-worker-0] INFO  segmented.SegmentedRaftLogWorker (SegmentedRaftLogWorker.java:close(236)) - a9448078-34fe-435b-8f34-59bdbb0249c7@group-CBE835C2428B-SegmentedRaftLogWorker close()
2021-02-05 13:32:15,065 [ForkJoinPool.commonPool-worker-0] INFO  metrics.RatisMetrics (RatisMetrics.java:unregister(43)) - Unregistering Metrics Registry : ratis.log_worker.a9448078-34fe-435b-8f34-59bdbb0249c7@group-CBE835C2428B
2021-02-05 13:32:15,065 [ForkJoinPool.commonPool-worker-0] INFO  metrics.RatisMetrics (RatisMetrics.java:unregister(43)) - Unregistering Metrics Registry : ratis.leader_election.a9448078-34fe-435b-8f34-59bdbb0249c7@group-CBE835C2428B
2021-02-05 13:32:15,065 [ForkJoinPool.commonPool-worker-0] INFO  metrics.RatisMetrics (RatisMetrics.java:unregister(43)) - Unregistering Metrics Registry : ratis.server.a9448078-34fe-435b-8f34-59bdbb0249c7@group-CBE835C2428B
2021-02-05 13:32:15,065 [ForkJoinPool.commonPool-worker-0] INFO  server.RaftServer$Division (RaftServerImpl.java:lambda$close$4(406)) - a9448078-34fe-435b-8f34-59bdbb0249c7@group-C591ABAD571F: shutdown
2021-02-05 13:32:15,065 [ForkJoinPool.commonPool-worker-0] INFO  util.JmxRegister (JmxRegister.java:unregister(73)) - Successfully un-registered JMX Bean with object name Ratis:service=RaftServer,group=group-C591ABAD571F,id=a9448078-34fe-435b-8f34-59bdbb0249c7
2021-02-05 13:32:15,065 [ForkJoinPool.commonPool-worker-0] INFO  impl.RoleInfo (RoleInfo.java:shutdownLeaderState(91)) - a9448078-34fe-435b-8f34-59bdbb0249c7: shutdown a9448078-34fe-435b-8f34-59bdbb0249c7@group-C591ABAD571F-LeaderStateImpl
2021-02-05 13:32:15,066 [grpc-default-executor-4] WARN  server.GrpcServerProtocolService (LogUtils.java:warn(122)) - 84a23ac6-72e6-48f0-84ab-0e5b98bf0c8b: installSnapshot onError, lastRequest: b68d5162-d56d-447f-8d08-327553c4f8b7->84a23ac6-72e6-48f0-84ab-0e5b98bf0c8b#1-t4,previous=(t:0, i:0),leaderCommit=0,initializing? true,entries: size=1, first=(t:4, i:0), CONFIGURATIONENTRY: org.apache.ratis.thirdparty.io.grpc.StatusRuntimeException: CANCELLED: client cancelled
2021-02-05 13:32:15,066 [Listener at 127.0.0.1/37659] INFO  server.GrpcService (GrpcService.java:closeImpl(271)) - 84a23ac6-72e6-48f0-84ab-0e5b98bf0c8b: shutdown server with port 36963 successfully
2021-02-05 13:32:15,066 [org.apache.ratis.util.JvmPauseMonitor$$Lambda$504/1608512753@4f023fca] INFO  util.JvmPauseMonitor (JvmPauseMonitor.java:run(109)) - JvmPauseMonitor-84a23ac6-72e6-48f0-84ab-0e5b98bf0c8b: Stopped
2021-02-05 13:32:15,066 [grpc-default-executor-1] WARN  server.GrpcLogAppender (LogUtils.java:warn(122)) - b68d5162-d56d-447f-8d08-327553c4f8b7@group-F12C99FB9DB4->84a23ac6-72e6-48f0-84ab-0e5b98bf0c8b-AppendLogResponseHandler: Failed appendEntries: org.apache.ratis.thirdparty.io.grpc.StatusRuntimeException: CANCELLED: HTTP/2 error code: CANCEL
Received Rst Stream
2021-02-05 13:32:15,067 [grpc-default-executor-1] WARN  server.GrpcLogAppender (GrpcLogAppender.java:resetClient(111)) - b68d5162-d56d-447f-8d08-327553c4f8b7@group-F12C99FB9DB4->84a23ac6-72e6-48f0-84ab-0e5b98bf0c8b-GrpcLogAppender: Leader has not got in touch with Follower b68d5162-d56d-447f-8d08-327553c4f8b7@group-F12C99FB9DB4->84a23ac6-72e6-48f0-84ab-0e5b98bf0c8b(c0,m0,n1, attendVote=true, lastRpcSendTime=1842, lastRpcResponseTime=1841) yet, just keep nextIndex unchanged and retry.
2021-02-05 13:32:15,066 [a9448078-34fe-435b-8f34-59bdbb0249c7@group-CBE835C2428B->a4acbc3e-e00f-4d43-961e-4e2aff2ce09e-GrpcLogAppender-LogAppenderDaemon] ERROR leader.LogAppenderDaemon (LogAppenderDaemon.java:run(86)) - a9448078-34fe-435b-8f34-59bdbb0249c7@group-CBE835C2428B->a4acbc3e-e00f-4d43-961e-4e2aff2ce09e-GrpcLogAppender-LogAppenderDaemon failed
java.lang.IllegalArgumentException: a9448078-34fe-435b-8f34-59bdbb0249c7@group-CBE835C2428B-SegmentedRaftLog is expected to be opened but it is CLOSED
	at org.apache.ratis.util.OpenCloseState.assertOpen(OpenCloseState.java:63)
	at org.apache.ratis.server.raftlog.RaftLogBase.checkLogState(RaftLogBase.java:107)
	at org.apache.ratis.server.raftlog.segmented.SegmentedRaftLog.getTermIndex(SegmentedRaftLog.java:322)
	at org.apache.ratis.server.leader.LogAppenderBase.getPrevious(LogAppenderBase.java:110)
	at org.apache.ratis.server.leader.LogAppenderBase.newAppendEntriesRequest(LogAppenderBase.java:128)
	at org.apache.ratis.grpc.server.GrpcLogAppender.appendLog(GrpcLogAppender.java:211)
	at org.apache.ratis.grpc.server.GrpcLogAppender.run(GrpcLogAppender.java:145)
	at org.apache.ratis.server.leader.LogAppenderDaemon.run(LogAppenderDaemon.java:77)
	at java.lang.Thread.run(Thread.java:748)
Caused by: org.apache.ratis.util.OpenCloseState$CloseTrace: Close a9448078-34fe-435b-8f34-59bdbb0249c7@group-CBE835C2428B-SegmentedRaftLog
	at org.apache.ratis.util.OpenCloseState.lambda$close$1(OpenCloseState.java:109)
	at java.util.concurrent.atomic.AtomicReference.getAndUpdate(AtomicReference.java:160)
	at org.apache.ratis.util.OpenCloseState.close(OpenCloseState.java:109)
	at org.apache.ratis.server.raftlog.RaftLogBase.close(RaftLogBase.java:356)
	at org.apache.ratis.server.raftlog.segmented.SegmentedRaftLog.close(SegmentedRaftLog.java:505)
	at org.apache.ratis.server.impl.ServerState.close(ServerState.java:407)
	at org.apache.ratis.server.impl.RaftServerImpl.lambda$close$4(RaftServerImpl.java:428)
	at org.apache.ratis.util.LifeCycle.lambda$checkStateAndClose$4(LifeCycle.java:299)
	at org.apache.ratis.util.LifeCycle.checkStateAndClose(LifeCycle.java:319)
	at org.apache.ratis.util.LifeCycle.checkStateAndClose(LifeCycle.java:297)
	at org.apache.ratis.server.impl.RaftServerImpl.close(RaftServerImpl.java:405)
	at org.apache.ratis.server.impl.RaftServerProxy$ImplMap.close(RaftServerProxy.java:129)
	at org.apache.ratis.server.impl.RaftServerProxy$ImplMap.lambda$close$0(RaftServerProxy.java:117)
	at java.util.stream.ForEachOps$ForEachOp$OfRef.accept(ForEachOps.java:183)
	at java.util.concurrent.ConcurrentHashMap$EntrySpliterator.forEachRemaining(ConcurrentHashMap.java:3606)
	at java.util.stream.AbstractPipeline.copyInto(AbstractPipeline.java:482)
	at java.util.stream.ForEachOps$ForEachTask.compute(ForEachOps.java:290)
	at java.util.concurrent.CountedCompleter.exec(CountedCompleter.java:731)
	at java.util.concurrent.ForkJoinTask.doExec(ForkJoinTask.java:289)
	at java.util.concurrent.ForkJoinTask.doInvoke(ForkJoinTask.java:401)
	at java.util.concurrent.ForkJoinTask.invoke(ForkJoinTask.java:734)
	at java.util.stream.ForEachOps$ForEachOp.evaluateParallel(ForEachOps.java:159)
	at java.util.stream.ForEachOps$ForEachOp$OfRef.evaluateParallel(ForEachOps.java:173)
	at java.util.stream.AbstractPipeline.evaluate(AbstractPipeline.java:233)
	at java.util.stream.ReferencePipeline.forEach(ReferencePipeline.java:485)
	at java.util.stream.ReferencePipeline$Head.forEach(ReferencePipeline.java:650)
	at org.apache.ratis.server.impl.RaftServerProxy$ImplMap.close(RaftServerProxy.java:117)
	at org.apache.ratis.server.impl.RaftServerProxy.lambda$close$6(RaftServerProxy.java:392)
	at org.apache.ratis.util.LifeCycle.lambda$checkStateAndClose$4(LifeCycle.java:299)
	at org.apache.ratis.util.LifeCycle.checkStateAndClose(LifeCycle.java:319)
	at org.apache.ratis.util.LifeCycle.checkStateAndClose(LifeCycle.java:297)
	at org.apache.ratis.server.impl.RaftServerProxy.close(RaftServerProxy.java:390)
	at org.apache.hadoop.ozone.container.common.transport.server.ratis.XceiverServerRatis.stop(XceiverServerRatis.java:490)
	at org.apache.hadoop.ozone.container.ozoneimpl.OzoneContainer.stop(OzoneContainer.java:276)
	at org.apache.hadoop.ozone.container.common.statemachine.DatanodeStateMachine.close(DatanodeStateMachine.java:324)
	at org.apache.hadoop.ozone.container.common.statemachine.DatanodeStateMachine.stopDaemon(DatanodeStateMachine.java:469)
	at org.apache.hadoop.ozone.HddsDatanodeService.stop(HddsDatanodeService.java:545)
	at org.apache.hadoop.ozone.MiniOzoneClusterImpl.stopDatanode(MiniOzoneClusterImpl.java:471)
	at java.util.stream.ForEachOps$ForEachOp$OfRef.accept(ForEachOps.java:183)
	at java.util.ArrayList$ArrayListSpliterator.forEachRemaining(ArrayList.java:1382)
	at java.util.stream.AbstractPipeline.copyInto(AbstractPipeline.java:482)
	at java.util.stream.ForEachOps$ForEachTask.compute(ForEachOps.java:290)
	at java.util.concurrent.CountedCompleter.exec(CountedCompleter.java:731)
	at java.util.concurrent.ForkJoinTask.doExec(ForkJoinTask.java:289)
	at java.util.concurrent.ForkJoinPool$WorkQueue.execLocalTasks(ForkJoinPool.java:1040)
	at java.util.concurrent.ForkJoinPool$WorkQueue.runTask(ForkJoinPool.java:1058)
	at java.util.concurrent.ForkJoinPool.runWorker(ForkJoinPool.java:1692)
	at java.util.concurrent.ForkJoinWorkerThread.run(ForkJoinWorkerThread.java:157)
2021-02-05 13:32:15,067 [Listener at 127.0.0.1/37659] INFO  utils.BackgroundService (BackgroundService.java:shutdown(132)) - Shutting down service BlockDeletingService
2021-02-05 13:32:15,066 [ForkJoinPool.commonPool-worker-0] INFO  impl.PendingRequests (PendingRequests.java:sendNotLeaderResponses(249)) - a9448078-34fe-435b-8f34-59bdbb0249c7@group-C591ABAD571F-PendingRequests: sendNotLeaderResponses
2021-02-05 13:32:15,072 [ForkJoinPool.commonPool-worker-0] INFO  metrics.RatisMetrics (RatisMetrics.java:unregister(43)) - Unregistering Metrics Registry : ratis.log_appender.a9448078-34fe-435b-8f34-59bdbb0249c7@group-C591ABAD571F
2021-02-05 13:32:15,072 [ForkJoinPool.commonPool-worker-0] INFO  metrics.RatisMetrics (RatisMetrics.java:unregister(43)) - Unregistering Metrics Registry : ratis.server.a9448078-34fe-435b-8f34-59bdbb0249c7@group-C591ABAD571F
2021-02-05 13:32:15,073 [ForkJoinPool.commonPool-worker-0] INFO  impl.StateMachineUpdater (StateMachineUpdater.java:stopAndJoin(148)) - a9448078-34fe-435b-8f34-59bdbb0249c7@group-C591ABAD571F-StateMachineUpdater: set stopIndex = 0
2021-02-05 13:32:15,073 [a9448078-34fe-435b-8f34-59bdbb0249c7@group-C591ABAD571F-StateMachineUpdater] INFO  ratis.ContainerStateMachine (ContainerStateMachine.java:takeSnapshot(291)) - group-C591ABAD571F: Taking a snapshot at:(t:1, i:0) file /github/workspace/mnt/ozone/hadoop-ozone/integration-test/target/test-dir/MiniOzoneClusterImpl-a92b2b3a-f9aa-4539-be01-238306fe77bb/datanode-0/data/ratis/b8558157-3b7d-48f1-b562-c591abad571f/sm/snapshot.1_0
2021-02-05 13:32:15,074 [Listener at 127.0.0.1/37659] INFO  statemachine.DatanodeStateMachine (DatanodeStateMachine.java:stopDaemon(470)) - Ozone container server stopped.
2021-02-05 13:32:15,077 [a9448078-34fe-435b-8f34-59bdbb0249c7@group-C591ABAD571F-StateMachineUpdater] INFO  ratis.ContainerStateMachine (ContainerStateMachine.java:takeSnapshot(302)) - group-C591ABAD571F: Finished taking a snapshot at:(t:1, i:0) file:/github/workspace/mnt/ozone/hadoop-ozone/integration-test/target/test-dir/MiniOzoneClusterImpl-a92b2b3a-f9aa-4539-be01-238306fe77bb/datanode-0/data/ratis/b8558157-3b7d-48f1-b562-c591abad571f/sm/snapshot.1_0 took: 3 ms
2021-02-05 13:32:15,077 [a9448078-34fe-435b-8f34-59bdbb0249c7@group-C591ABAD571F-StateMachineUpdater] INFO  impl.StateMachineUpdater (StateMachineUpdater.java:takeSnapshot(279)) - a9448078-34fe-435b-8f34-59bdbb0249c7@group-C591ABAD571F-StateMachineUpdater: Took a snapshot at index 0
2021-02-05 13:32:15,077 [a9448078-34fe-435b-8f34-59bdbb0249c7@group-C591ABAD571F-StateMachineUpdater] INFO  impl.StateMachineUpdater (StateMachineUpdater.java:lambda$new$0(88)) - a9448078-34fe-435b-8f34-59bdbb0249c7@group-C591ABAD571F-StateMachineUpdater: snapshotIndex: updateIncreasingly -1 -> 0
2021-02-05 13:32:15,077 [a9448078-34fe-435b-8f34-59bdbb0249c7@group-C591ABAD571F-StateMachineUpdater] INFO  metrics.RatisMetrics (RatisMetrics.java:unregister(43)) - Unregistering Metrics Registry : ratis.state_machine.a9448078-34fe-435b-8f34-59bdbb0249c7@group-C591ABAD571F
2021-02-05 13:32:15,077 [ForkJoinPool.commonPool-worker-0] INFO  server.RaftServer$Division (ServerState.java:close(405)) - a9448078-34fe-435b-8f34-59bdbb0249c7@group-C591ABAD571F: closes. applyIndex: 0
2021-02-05 13:32:15,077 [a9448078-34fe-435b-8f34-59bdbb0249c7@group-C591ABAD571F-SegmentedRaftLogWorker] INFO  segmented.SegmentedRaftLogWorker (SegmentedRaftLogWorker.java:run(326)) - a9448078-34fe-435b-8f34-59bdbb0249c7@group-C591ABAD571F-SegmentedRaftLogWorker was interrupted, exiting. There are 0 tasks remaining in the queue.
2021-02-05 13:32:15,077 [ForkJoinPool.commonPool-worker-0] INFO  segmented.SegmentedRaftLogWorker (SegmentedRaftLogWorker.java:close(236)) - a9448078-34fe-435b-8f34-59bdbb0249c7@group-C591ABAD571F-SegmentedRaftLogWorker close()
2021-02-05 13:32:15,078 [ForkJoinPool.commonPool-worker-0] INFO  metrics.RatisMetrics (RatisMetrics.java:unregister(43)) - Unregistering Metrics Registry : ratis.log_worker.a9448078-34fe-435b-8f34-59bdbb0249c7@group-C591ABAD571F
2021-02-05 13:32:15,078 [ForkJoinPool.commonPool-worker-0] INFO  metrics.RatisMetrics (RatisMetrics.java:unregister(43)) - Unregistering Metrics Registry : ratis.leader_election.a9448078-34fe-435b-8f34-59bdbb0249c7@group-C591ABAD571F
2021-02-05 13:32:15,078 [ForkJoinPool.commonPool-worker-0] INFO  metrics.RatisMetrics (RatisMetrics.java:unregister(43)) - Unregistering Metrics Registry : ratis.server.a9448078-34fe-435b-8f34-59bdbb0249c7@group-C591ABAD571F
2021-02-05 13:32:15,078 [ForkJoinPool.commonPool-worker-0] INFO  server.GrpcService (GrpcService.java:closeImpl(262)) - a9448078-34fe-435b-8f34-59bdbb0249c7: shutdown server with port 33155 now
2021-02-05 13:32:15,082 [Listener at 127.0.0.1/37659] INFO  handler.ContextHandler (ContextHandler.java:doStop(1154)) - Stopped o.e.j.w.WebAppContext@5233b9e0{hddsDatanode,/,null,STOPPED}{jar:file:/home/user/.m2/repository/org/apache/hadoop/hadoop-hdds-container-service/1.1.0-SNAPSHOT/hadoop-hdds-container-service-1.1.0-SNAPSHOT.jar!/webapps/hddsDatanode}
2021-02-05 13:32:15,082 [Listener at 127.0.0.1/37659] INFO  server.AbstractConnector (AbstractConnector.java:doStop(381)) - Stopped ServerConnector@72b611a{HTTP/1.1, (http/1.1)}{0.0.0.0:0}
2021-02-05 13:32:15,083 [Listener at 127.0.0.1/37659] INFO  server.session (HouseKeeper.java:stopScavenging(149)) - node0 Stopped scavenging
2021-02-05 13:32:15,083 [Listener at 127.0.0.1/37659] INFO  handler.ContextHandler (ContextHandler.java:doStop(1154)) - Stopped o.e.j.s.ServletContextHandler@614220b8{static,/static,jar:file:/home/user/.m2/repository/org/apache/hadoop/hadoop-hdds-container-service/1.1.0-SNAPSHOT/hadoop-hdds-container-service-1.1.0-SNAPSHOT.jar!/webapps/static,STOPPED}
2021-02-05 13:32:15,083 [Listener at 127.0.0.1/37659] INFO  handler.ContextHandler (ContextHandler.java:doStop(1154)) - Stopped o.e.j.s.ServletContextHandler@792feb9f{logs,/logs,file:///github/workspace/mnt/ozone/hadoop-ozone/integration-test/target/log,STOPPED}
2021-02-05 13:32:15,084 [ForkJoinPool.commonPool-worker-0] INFO  server.GrpcService (GrpcService.java:closeImpl(271)) - a9448078-34fe-435b-8f34-59bdbb0249c7: shutdown server with port 33155 successfully
2021-02-05 13:32:15,084 [org.apache.ratis.util.JvmPauseMonitor$$Lambda$504/1608512753@55a5c6bc] INFO  util.JvmPauseMonitor (JvmPauseMonitor.java:run(109)) - JvmPauseMonitor-a9448078-34fe-435b-8f34-59bdbb0249c7: Stopped
2021-02-05 13:32:15,093 [ForkJoinPool.commonPool-worker-0] INFO  utils.BackgroundService (BackgroundService.java:shutdown(132)) - Shutting down service BlockDeletingService
2021-02-05 13:32:15,094 [ForkJoinPool.commonPool-worker-0] INFO  statemachine.DatanodeStateMachine (DatanodeStateMachine.java:stopDaemon(470)) - Ozone container server stopped.
2021-02-05 13:32:15,104 [ForkJoinPool.commonPool-worker-0] INFO  handler.ContextHandler (ContextHandler.java:doStop(1154)) - Stopped o.e.j.w.WebAppContext@7c45bd55{hddsDatanode,/,null,STOPPED}{jar:file:/home/user/.m2/repository/org/apache/hadoop/hadoop-hdds-container-service/1.1.0-SNAPSHOT/hadoop-hdds-container-service-1.1.0-SNAPSHOT.jar!/webapps/hddsDatanode}
2021-02-05 13:32:15,104 [ForkJoinPool.commonPool-worker-0] INFO  server.AbstractConnector (AbstractConnector.java:doStop(381)) - Stopped ServerConnector@60ce71c8{HTTP/1.1, (http/1.1)}{0.0.0.0:0}
2021-02-05 13:32:15,105 [ForkJoinPool.commonPool-worker-0] INFO  server.session (HouseKeeper.java:stopScavenging(149)) - node0 Stopped scavenging
2021-02-05 13:32:15,109 [ForkJoinPool.commonPool-worker-0] INFO  handler.ContextHandler (ContextHandler.java:doStop(1154)) - Stopped o.e.j.s.ServletContextHandler@5f9f6511{static,/static,jar:file:/home/user/.m2/repository/org/apache/hadoop/hadoop-hdds-container-service/1.1.0-SNAPSHOT/hadoop-hdds-container-service-1.1.0-SNAPSHOT.jar!/webapps/static,STOPPED}
2021-02-05 13:32:15,110 [ForkJoinPool.commonPool-worker-0] INFO  handler.ContextHandler (ContextHandler.java:doStop(1154)) - Stopped o.e.j.s.ServletContextHandler@49f35dcc{logs,/logs,file:///github/workspace/mnt/ozone/hadoop-ozone/integration-test/target/log,STOPPED}
2021-02-05 13:32:15,505 [Datanode State Machine Thread - 0] INFO  statemachine.DatanodeStateMachine (DatanodeStateMachine.java:lambda$startDaemon$0(412)) - Ozone container server started.
2021-02-05 13:32:15,649 [Datanode State Machine Thread - 0] INFO  statemachine.DatanodeStateMachine (DatanodeStateMachine.java:lambda$startDaemon$0(412)) - Ozone container server started.
2021-02-05 13:32:15,727 [grpc-default-executor-1] WARN  server.GrpcLogAppender (LogUtils.java:warn(122)) - b68d5162-d56d-447f-8d08-327553c4f8b7@group-F12C99FB9DB4->84a23ac6-72e6-48f0-84ab-0e5b98bf0c8b-AppendLogResponseHandler: Failed appendEntries: org.apache.ratis.thirdparty.io.grpc.StatusRuntimeException: UNAVAILABLE: io exception
2021-02-05 13:32:15,727 [grpc-default-executor-1] WARN  server.GrpcLogAppender (GrpcLogAppender.java:resetClient(111)) - b68d5162-d56d-447f-8d08-327553c4f8b7@group-F12C99FB9DB4->84a23ac6-72e6-48f0-84ab-0e5b98bf0c8b-GrpcLogAppender: Leader has not got in touch with Follower b68d5162-d56d-447f-8d08-327553c4f8b7@group-F12C99FB9DB4->84a23ac6-72e6-48f0-84ab-0e5b98bf0c8b(c0,m0,n1, attendVote=true, lastRpcSendTime=2503, lastRpcResponseTime=2501) yet, just keep nextIndex unchanged and retry.
2021-02-05 13:32:18,228 [grpc-default-executor-1] WARN  server.GrpcLogAppender (LogUtils.java:warn(122)) - b68d5162-d56d-447f-8d08-327553c4f8b7@group-F12C99FB9DB4->84a23ac6-72e6-48f0-84ab-0e5b98bf0c8b-AppendLogResponseHandler: Failed appendEntries: org.apache.ratis.thirdparty.io.grpc.StatusRuntimeException: UNAVAILABLE: io exception
2021-02-05 13:32:18,229 [grpc-default-executor-1] WARN  server.GrpcLogAppender (GrpcLogAppender.java:resetClient(111)) - b68d5162-d56d-447f-8d08-327553c4f8b7@group-F12C99FB9DB4->84a23ac6-72e6-48f0-84ab-0e5b98bf0c8b-GrpcLogAppender: Leader has not got in touch with Follower b68d5162-d56d-447f-8d08-327553c4f8b7@group-F12C99FB9DB4->84a23ac6-72e6-48f0-84ab-0e5b98bf0c8b(c0,m0,n1, attendVote=true, lastRpcSendTime=0, lastRpcResponseTime=5003) yet, just keep nextIndex unchanged and retry.
2021-02-05 13:32:20,087 [Listener at 127.0.0.1/37659] INFO  ozoneimpl.OzoneContainer (OzoneContainer.java:stop(273)) - Attempting to stop container services.
2021-02-05 13:32:20,087 [Listener at 127.0.0.1/37659] INFO  server.RaftServer (RaftServerProxy.java:lambda$close$6(391)) - b68d5162-d56d-447f-8d08-327553c4f8b7: close
2021-02-05 13:32:20,088 [Listener at 127.0.0.1/37659] INFO  server.RaftServer$Division (RaftServerImpl.java:lambda$close$4(406)) - b68d5162-d56d-447f-8d08-327553c4f8b7@group-06FD4CECC38C: shutdown
2021-02-05 13:32:20,088 [Listener at 127.0.0.1/37659] INFO  util.JmxRegister (JmxRegister.java:unregister(73)) - Successfully un-registered JMX Bean with object name Ratis:service=RaftServer,group=group-06FD4CECC38C,id=b68d5162-d56d-447f-8d08-327553c4f8b7
2021-02-05 13:32:20,088 [Listener at 127.0.0.1/37659] INFO  impl.RoleInfo (RoleInfo.java:shutdownLeaderState(91)) - b68d5162-d56d-447f-8d08-327553c4f8b7: shutdown b68d5162-d56d-447f-8d08-327553c4f8b7@group-06FD4CECC38C-LeaderStateImpl
2021-02-05 13:32:20,088 [Listener at 127.0.0.1/37659] INFO  impl.PendingRequests (PendingRequests.java:sendNotLeaderResponses(249)) - b68d5162-d56d-447f-8d08-327553c4f8b7@group-06FD4CECC38C-PendingRequests: sendNotLeaderResponses
2021-02-05 13:32:20,088 [Listener at 127.0.0.1/37659] INFO  metrics.RatisMetrics (RatisMetrics.java:unregister(43)) - Unregistering Metrics Registry : ratis.log_appender.b68d5162-d56d-447f-8d08-327553c4f8b7@group-06FD4CECC38C
2021-02-05 13:32:20,089 [Listener at 127.0.0.1/37659] INFO  metrics.RatisMetrics (RatisMetrics.java:unregister(43)) - Unregistering Metrics Registry : ratis.server.b68d5162-d56d-447f-8d08-327553c4f8b7@group-06FD4CECC38C
2021-02-05 13:32:20,090 [b68d5162-d56d-447f-8d08-327553c4f8b7@group-06FD4CECC38C-StateMachineUpdater] INFO  ratis.ContainerStateMachine (ContainerStateMachine.java:takeSnapshot(291)) - group-06FD4CECC38C: Taking a snapshot at:(t:1, i:0) file /github/workspace/mnt/ozone/hadoop-ozone/integration-test/target/test-dir/MiniOzoneClusterImpl-a92b2b3a-f9aa-4539-be01-238306fe77bb/datanode-8/data/ratis/b3e39e0d-eab8-43d8-bcc3-06fd4cecc38c/sm/snapshot.1_0
2021-02-05 13:32:20,090 [Listener at 127.0.0.1/37659] INFO  impl.StateMachineUpdater (StateMachineUpdater.java:stopAndJoin(148)) - b68d5162-d56d-447f-8d08-327553c4f8b7@group-06FD4CECC38C-StateMachineUpdater: set stopIndex = 0
2021-02-05 13:32:20,090 [b68d5162-d56d-447f-8d08-327553c4f8b7@group-06FD4CECC38C-StateMachineUpdater] INFO  ratis.ContainerStateMachine (ContainerStateMachine.java:takeSnapshot(302)) - group-06FD4CECC38C: Finished taking a snapshot at:(t:1, i:0) file:/github/workspace/mnt/ozone/hadoop-ozone/integration-test/target/test-dir/MiniOzoneClusterImpl-a92b2b3a-f9aa-4539-be01-238306fe77bb/datanode-8/data/ratis/b3e39e0d-eab8-43d8-bcc3-06fd4cecc38c/sm/snapshot.1_0 took: 1 ms
2021-02-05 13:32:20,091 [b68d5162-d56d-447f-8d08-327553c4f8b7@group-06FD4CECC38C-StateMachineUpdater] INFO  impl.StateMachineUpdater (StateMachineUpdater.java:takeSnapshot(279)) - b68d5162-d56d-447f-8d08-327553c4f8b7@group-06FD4CECC38C-StateMachineUpdater: Took a snapshot at index 0
2021-02-05 13:32:20,091 [b68d5162-d56d-447f-8d08-327553c4f8b7@group-06FD4CECC38C-StateMachineUpdater] INFO  impl.StateMachineUpdater (StateMachineUpdater.java:lambda$new$0(88)) - b68d5162-d56d-447f-8d08-327553c4f8b7@group-06FD4CECC38C-StateMachineUpdater: snapshotIndex: updateIncreasingly -1 -> 0
2021-02-05 13:32:20,091 [b68d5162-d56d-447f-8d08-327553c4f8b7@group-06FD4CECC38C-StateMachineUpdater] INFO  metrics.RatisMetrics (RatisMetrics.java:unregister(43)) - Unregistering Metrics Registry : ratis.state_machine.b68d5162-d56d-447f-8d08-327553c4f8b7@group-06FD4CECC38C
2021-02-05 13:32:20,091 [Listener at 127.0.0.1/37659] INFO  server.RaftServer$Division (ServerState.java:close(405)) - b68d5162-d56d-447f-8d08-327553c4f8b7@group-06FD4CECC38C: closes. applyIndex: 0
2021-02-05 13:32:20,091 [b68d5162-d56d-447f-8d08-327553c4f8b7@group-06FD4CECC38C-SegmentedRaftLogWorker] INFO  segmented.SegmentedRaftLogWorker (SegmentedRaftLogWorker.java:run(326)) - b68d5162-d56d-447f-8d08-327553c4f8b7@group-06FD4CECC38C-SegmentedRaftLogWorker was interrupted, exiting. There are 0 tasks remaining in the queue.
2021-02-05 13:32:20,091 [Listener at 127.0.0.1/37659] INFO  segmented.SegmentedRaftLogWorker (SegmentedRaftLogWorker.java:close(236)) - b68d5162-d56d-447f-8d08-327553c4f8b7@group-06FD4CECC38C-SegmentedRaftLogWorker close()
2021-02-05 13:32:20,092 [Listener at 127.0.0.1/37659] INFO  metrics.RatisMetrics (RatisMetrics.java:unregister(43)) - Unregistering Metrics Registry : ratis.log_worker.b68d5162-d56d-447f-8d08-327553c4f8b7@group-06FD4CECC38C
2021-02-05 13:32:20,092 [Listener at 127.0.0.1/37659] INFO  metrics.RatisMetrics (RatisMetrics.java:unregister(43)) - Unregistering Metrics Registry : ratis.leader_election.b68d5162-d56d-447f-8d08-327553c4f8b7@group-06FD4CECC38C
2021-02-05 13:32:20,092 [Listener at 127.0.0.1/37659] INFO  metrics.RatisMetrics (RatisMetrics.java:unregister(43)) - Unregistering Metrics Registry : ratis.server.b68d5162-d56d-447f-8d08-327553c4f8b7@group-06FD4CECC38C
2021-02-05 13:32:20,092 [Listener at 127.0.0.1/37659] INFO  server.RaftServer$Division (RaftServerImpl.java:lambda$close$4(406)) - b68d5162-d56d-447f-8d08-327553c4f8b7@group-F12C99FB9DB4: shutdown
2021-02-05 13:32:20,092 [Listener at 127.0.0.1/37659] INFO  util.JmxRegister (JmxRegister.java:unregister(73)) - Successfully un-registered JMX Bean with object name Ratis:service=RaftServer,group=group-F12C99FB9DB4,id=b68d5162-d56d-447f-8d08-327553c4f8b7
2021-02-05 13:32:20,093 [Listener at 127.0.0.1/37659] INFO  impl.RoleInfo (RoleInfo.java:shutdownLeaderState(91)) - b68d5162-d56d-447f-8d08-327553c4f8b7: shutdown b68d5162-d56d-447f-8d08-327553c4f8b7@group-F12C99FB9DB4-LeaderStateImpl
2021-02-05 13:32:20,093 [Listener at 127.0.0.1/37659] INFO  metrics.RatisMetrics (RatisMetrics.java:unregister(43)) - Unregistering Metrics Registry : ratis_grpc.log_appender.b68d5162-d56d-447f-8d08-327553c4f8b7@group-F12C99FB9DB4
2021-02-05 13:32:20,093 [Listener at 127.0.0.1/37659] INFO  metrics.RatisMetrics (RatisMetrics.java:unregister(43)) - Unregistering Metrics Registry : ratis_grpc.log_appender.b68d5162-d56d-447f-8d08-327553c4f8b7@group-F12C99FB9DB4
2021-02-05 13:32:20,093 [b68d5162-d56d-447f-8d08-327553c4f8b7@group-F12C99FB9DB4->2218627d-9616-4ee5-9949-877c53e44591-GrpcLogAppender-LogAppenderDaemon] WARN  server.GrpcLogAppender (GrpcLogAppender.java:mayWait(175)) - b68d5162-d56d-447f-8d08-327553c4f8b7@group-F12C99FB9DB4->2218627d-9616-4ee5-9949-877c53e44591-GrpcLogAppender: Wait interrupted by java.lang.InterruptedException
2021-02-05 13:32:20,093 [Listener at 127.0.0.1/37659] INFO  impl.PendingRequests (PendingRequests.java:sendNotLeaderResponses(249)) - b68d5162-d56d-447f-8d08-327553c4f8b7@group-F12C99FB9DB4-PendingRequests: sendNotLeaderResponses
2021-02-05 13:32:20,093 [Listener at 127.0.0.1/37659] INFO  metrics.RatisMetrics (RatisMetrics.java:unregister(43)) - Unregistering Metrics Registry : ratis.log_appender.b68d5162-d56d-447f-8d08-327553c4f8b7@group-F12C99FB9DB4
2021-02-05 13:32:20,094 [Listener at 127.0.0.1/37659] INFO  metrics.RatisMetrics (RatisMetrics.java:unregister(43)) - Unregistering Metrics Registry : ratis.server.b68d5162-d56d-447f-8d08-327553c4f8b7@group-F12C99FB9DB4
2021-02-05 13:32:20,094 [grpc-default-executor-1] INFO  server.GrpcServerProtocolService (GrpcServerProtocolService.java:onCompleted(138)) - 2218627d-9616-4ee5-9949-877c53e44591: Completed APPEND_ENTRIES, lastRequest: b68d5162-d56d-447f-8d08-327553c4f8b7->2218627d-9616-4ee5-9949-877c53e44591#1-t4,previous=(t:0, i:0),leaderCommit=-1,initializing? true,entries: size=1, first=(t:4, i:0), CONFIGURATIONENTRY
2021-02-05 13:32:20,094 [Listener at 127.0.0.1/37659] INFO  impl.StateMachineUpdater (StateMachineUpdater.java:stopAndJoin(148)) - b68d5162-d56d-447f-8d08-327553c4f8b7@group-F12C99FB9DB4-StateMachineUpdater: set stopIndex = 0
2021-02-05 13:32:20,095 [grpc-default-executor-4] INFO  server.GrpcLogAppender (GrpcLogAppender.java:onCompleted(344)) - b68d5162-d56d-447f-8d08-327553c4f8b7@group-F12C99FB9DB4->2218627d-9616-4ee5-9949-877c53e44591-AppendLogResponseHandler: follower responses appendEntries COMPLETED
2021-02-05 13:32:20,095 [b68d5162-d56d-447f-8d08-327553c4f8b7@group-F12C99FB9DB4-StateMachineUpdater] INFO  ratis.ContainerStateMachine (ContainerStateMachine.java:takeSnapshot(291)) - group-F12C99FB9DB4: Taking a snapshot at:(t:4, i:0) file /github/workspace/mnt/ozone/hadoop-ozone/integration-test/target/test-dir/MiniOzoneClusterImpl-a92b2b3a-f9aa-4539-be01-238306fe77bb/datanode-8/data/ratis/ecf58077-afad-40b3-9cf3-f12c99fb9db4/sm/snapshot.4_0
2021-02-05 13:32:20,095 [grpc-default-executor-4] INFO  leader.FollowerInfo (FollowerInfoImpl.java:lambda$new$0(46)) - b68d5162-d56d-447f-8d08-327553c4f8b7@group-F12C99FB9DB4->2218627d-9616-4ee5-9949-877c53e44591: nextIndex: updateUnconditionally 1 -> 0
2021-02-05 13:32:20,095 [b68d5162-d56d-447f-8d08-327553c4f8b7@group-F12C99FB9DB4-StateMachineUpdater] INFO  ratis.ContainerStateMachine (ContainerStateMachine.java:takeSnapshot(302)) - group-F12C99FB9DB4: Finished taking a snapshot at:(t:4, i:0) file:/github/workspace/mnt/ozone/hadoop-ozone/integration-test/target/test-dir/MiniOzoneClusterImpl-a92b2b3a-f9aa-4539-be01-238306fe77bb/datanode-8/data/ratis/ecf58077-afad-40b3-9cf3-f12c99fb9db4/sm/snapshot.4_0 took: 1 ms
2021-02-05 13:32:20,096 [b68d5162-d56d-447f-8d08-327553c4f8b7@group-F12C99FB9DB4-StateMachineUpdater] INFO  impl.StateMachineUpdater (StateMachineUpdater.java:takeSnapshot(279)) - b68d5162-d56d-447f-8d08-327553c4f8b7@group-F12C99FB9DB4-StateMachineUpdater: Took a snapshot at index 0
2021-02-05 13:32:20,096 [b68d5162-d56d-447f-8d08-327553c4f8b7@group-F12C99FB9DB4-StateMachineUpdater] INFO  impl.StateMachineUpdater (StateMachineUpdater.java:lambda$new$0(88)) - b68d5162-d56d-447f-8d08-327553c4f8b7@group-F12C99FB9DB4-StateMachineUpdater: snapshotIndex: updateIncreasingly -1 -> 0
2021-02-05 13:32:20,096 [b68d5162-d56d-447f-8d08-327553c4f8b7@group-F12C99FB9DB4-StateMachineUpdater] INFO  metrics.RatisMetrics (RatisMetrics.java:unregister(43)) - Unregistering Metrics Registry : ratis.state_machine.b68d5162-d56d-447f-8d08-327553c4f8b7@group-F12C99FB9DB4
2021-02-05 13:32:20,096 [Listener at 127.0.0.1/37659] INFO  server.RaftServer$Division (ServerState.java:close(405)) - b68d5162-d56d-447f-8d08-327553c4f8b7@group-F12C99FB9DB4: closes. applyIndex: 0
2021-02-05 13:32:20,096 [b68d5162-d56d-447f-8d08-327553c4f8b7@group-F12C99FB9DB4-SegmentedRaftLogWorker] INFO  segmented.SegmentedRaftLogWorker (SegmentedRaftLogWorker.java:run(326)) - b68d5162-d56d-447f-8d08-327553c4f8b7@group-F12C99FB9DB4-SegmentedRaftLogWorker was interrupted, exiting. There are 0 tasks remaining in the queue.
2021-02-05 13:32:20,096 [Listener at 127.0.0.1/37659] INFO  segmented.SegmentedRaftLogWorker (SegmentedRaftLogWorker.java:close(236)) - b68d5162-d56d-447f-8d08-327553c4f8b7@group-F12C99FB9DB4-SegmentedRaftLogWorker close()
2021-02-05 13:32:20,097 [Listener at 127.0.0.1/37659] INFO  metrics.RatisMetrics (RatisMetrics.java:unregister(43)) - Unregistering Metrics Registry : ratis.log_worker.b68d5162-d56d-447f-8d08-327553c4f8b7@group-F12C99FB9DB4
2021-02-05 13:32:20,097 [Listener at 127.0.0.1/37659] INFO  metrics.RatisMetrics (RatisMetrics.java:unregister(43)) - Unregistering Metrics Registry : ratis.leader_election.b68d5162-d56d-447f-8d08-327553c4f8b7@group-F12C99FB9DB4
2021-02-05 13:32:20,097 [Listener at 127.0.0.1/37659] INFO  metrics.RatisMetrics (RatisMetrics.java:unregister(43)) - Unregistering Metrics Registry : ratis.server.b68d5162-d56d-447f-8d08-327553c4f8b7@group-F12C99FB9DB4
2021-02-05 13:32:20,097 [Listener at 127.0.0.1/37659] INFO  server.GrpcService (GrpcService.java:closeImpl(262)) - b68d5162-d56d-447f-8d08-327553c4f8b7: shutdown server with port 36483 now
2021-02-05 13:32:20,100 [Listener at 127.0.0.1/37659] INFO  server.GrpcService (GrpcService.java:closeImpl(271)) - b68d5162-d56d-447f-8d08-327553c4f8b7: shutdown server with port 36483 successfully
2021-02-05 13:32:20,100 [org.apache.ratis.util.JvmPauseMonitor$$Lambda$504/1608512753@5f482693] INFO  util.JvmPauseMonitor (JvmPauseMonitor.java:run(109)) - JvmPauseMonitor-b68d5162-d56d-447f-8d08-327553c4f8b7: Stopped
2021-02-05 13:32:20,101 [Listener at 127.0.0.1/37659] INFO  utils.BackgroundService (BackgroundService.java:shutdown(132)) - Shutting down service BlockDeletingService
2021-02-05 13:32:20,103 [Listener at 127.0.0.1/37659] INFO  statemachine.DatanodeStateMachine (DatanodeStateMachine.java:stopDaemon(470)) - Ozone container server stopped.
2021-02-05 13:32:20,110 [Listener at 127.0.0.1/37659] INFO  handler.ContextHandler (ContextHandler.java:doStop(1154)) - Stopped o.e.j.w.WebAppContext@3645b9d5{hddsDatanode,/,null,STOPPED}{jar:file:/home/user/.m2/repository/org/apache/hadoop/hadoop-hdds-container-service/1.1.0-SNAPSHOT/hadoop-hdds-container-service-1.1.0-SNAPSHOT.jar!/webapps/hddsDatanode}
2021-02-05 13:32:20,111 [ForkJoinPool.commonPool-worker-0] INFO  ozoneimpl.OzoneContainer (OzoneContainer.java:stop(273)) - Attempting to stop container services.
2021-02-05 13:32:20,111 [ForkJoinPool.commonPool-worker-0] INFO  server.RaftServer (RaftServerProxy.java:lambda$close$6(391)) - 9a530726-af8b-4f6c-9588-6c152d944b80: close
2021-02-05 13:32:20,111 [ForkJoinPool.commonPool-worker-0] INFO  server.RaftServer$Division (RaftServerImpl.java:lambda$close$4(406)) - 9a530726-af8b-4f6c-9588-6c152d944b80@group-CBE835C2428B: shutdown
2021-02-05 13:32:20,112 [ForkJoinPool.commonPool-worker-0] INFO  util.JmxRegister (JmxRegister.java:unregister(73)) - Successfully un-registered JMX Bean with object name Ratis:service=RaftServer,group=group-CBE835C2428B,id=9a530726-af8b-4f6c-9588-6c152d944b80
2021-02-05 13:32:20,112 [Listener at 127.0.0.1/37659] INFO  server.AbstractConnector (AbstractConnector.java:doStop(381)) - Stopped ServerConnector@7a4764bb{HTTP/1.1, (http/1.1)}{0.0.0.0:0}
2021-02-05 13:32:20,112 [ForkJoinPool.commonPool-worker-0] INFO  impl.RoleInfo (RoleInfo.java:shutdownFollowerState(108)) - 9a530726-af8b-4f6c-9588-6c152d944b80: shutdown 9a530726-af8b-4f6c-9588-6c152d944b80@group-CBE835C2428B-FollowerState
2021-02-05 13:32:20,112 [ForkJoinPool.commonPool-worker-0] INFO  impl.StateMachineUpdater (StateMachineUpdater.java:stopAndJoin(148)) - 9a530726-af8b-4f6c-9588-6c152d944b80@group-CBE835C2428B-StateMachineUpdater: set stopIndex = 2
2021-02-05 13:32:20,112 [Thread-972] INFO  impl.FollowerState (FollowerState.java:run(142)) - 9a530726-af8b-4f6c-9588-6c152d944b80@group-CBE835C2428B-FollowerState was interrupted: {}
java.lang.InterruptedException: sleep interrupted
	at java.lang.Thread.sleep(Native Method)
	at java.lang.Thread.sleep(Thread.java:340)
	at java.util.concurrent.TimeUnit.sleep(TimeUnit.java:386)
	at org.apache.ratis.util.TimeDuration.sleep(TimeDuration.java:324)
	at org.apache.ratis.util.TimeDuration.sleep(TimeDuration.java:309)
	at org.apache.ratis.server.impl.FollowerState.run(FollowerState.java:117)
2021-02-05 13:32:20,112 [Listener at 127.0.0.1/37659] INFO  server.session (HouseKeeper.java:stopScavenging(149)) - node0 Stopped scavenging
2021-02-05 13:32:20,112 [9a530726-af8b-4f6c-9588-6c152d944b80@group-CBE835C2428B-StateMachineUpdater] INFO  ratis.ContainerStateMachine (ContainerStateMachine.java:takeSnapshot(291)) - group-CBE835C2428B: Taking a snapshot at:(t:5, i:2) file /github/workspace/mnt/ozone/hadoop-ozone/integration-test/target/test-dir/MiniOzoneClusterImpl-a92b2b3a-f9aa-4539-be01-238306fe77bb/datanode-1/data/ratis/0212408e-bf39-46ba-be38-cbe835c2428b/sm/snapshot.5_2
2021-02-05 13:32:20,113 [Listener at 127.0.0.1/37659] INFO  handler.ContextHandler (ContextHandler.java:doStop(1154)) - Stopped o.e.j.s.ServletContextHandler@4179260d{static,/static,jar:file:/home/user/.m2/repository/org/apache/hadoop/hadoop-hdds-container-service/1.1.0-SNAPSHOT/hadoop-hdds-container-service-1.1.0-SNAPSHOT.jar!/webapps/static,STOPPED}
2021-02-05 13:32:20,113 [9a530726-af8b-4f6c-9588-6c152d944b80@group-CBE835C2428B-StateMachineUpdater] INFO  ratis.ContainerStateMachine (ContainerStateMachine.java:takeSnapshot(302)) - group-CBE835C2428B: Finished taking a snapshot at:(t:5, i:2) file:/github/workspace/mnt/ozone/hadoop-ozone/integration-test/target/test-dir/MiniOzoneClusterImpl-a92b2b3a-f9aa-4539-be01-238306fe77bb/datanode-1/data/ratis/0212408e-bf39-46ba-be38-cbe835c2428b/sm/snapshot.5_2 took: 0 ms
2021-02-05 13:32:20,113 [9a530726-af8b-4f6c-9588-6c152d944b80@group-CBE835C2428B-StateMachineUpdater] INFO  impl.StateMachineUpdater (StateMachineUpdater.java:takeSnapshot(279)) - 9a530726-af8b-4f6c-9588-6c152d944b80@group-CBE835C2428B-StateMachineUpdater: Took a snapshot at index 2
2021-02-05 13:32:20,113 [9a530726-af8b-4f6c-9588-6c152d944b80@group-CBE835C2428B-StateMachineUpdater] INFO  impl.StateMachineUpdater (StateMachineUpdater.java:lambda$new$0(88)) - 9a530726-af8b-4f6c-9588-6c152d944b80@group-CBE835C2428B-StateMachineUpdater: snapshotIndex: updateIncreasingly -1 -> 2
2021-02-05 13:32:20,113 [9a530726-af8b-4f6c-9588-6c152d944b80@group-CBE835C2428B-StateMachineUpdater] INFO  metrics.RatisMetrics (RatisMetrics.java:unregister(43)) - Unregistering Metrics Registry : ratis.state_machine.9a530726-af8b-4f6c-9588-6c152d944b80@group-CBE835C2428B
2021-02-05 13:32:20,113 [ForkJoinPool.commonPool-worker-0] INFO  server.RaftServer$Division (ServerState.java:close(405)) - 9a530726-af8b-4f6c-9588-6c152d944b80@group-CBE835C2428B: closes. applyIndex: 2
2021-02-05 13:32:20,114 [Listener at 127.0.0.1/37659] INFO  handler.ContextHandler (ContextHandler.java:doStop(1154)) - Stopped o.e.j.s.ServletContextHandler@471e3e69{logs,/logs,file:///github/workspace/mnt/ozone/hadoop-ozone/integration-test/target/log,STOPPED}
2021-02-05 13:32:20,114 [9a530726-af8b-4f6c-9588-6c152d944b80@group-CBE835C2428B-SegmentedRaftLogWorker] INFO  segmented.SegmentedRaftLogWorker (SegmentedRaftLogWorker.java:run(326)) - 9a530726-af8b-4f6c-9588-6c152d944b80@group-CBE835C2428B-SegmentedRaftLogWorker was interrupted, exiting. There are 0 tasks remaining in the queue.
2021-02-05 13:32:20,114 [ForkJoinPool.commonPool-worker-0] INFO  segmented.SegmentedRaftLogWorker (SegmentedRaftLogWorker.java:close(236)) - 9a530726-af8b-4f6c-9588-6c152d944b80@group-CBE835C2428B-SegmentedRaftLogWorker close()
2021-02-05 13:32:20,114 [ForkJoinPool.commonPool-worker-0] INFO  metrics.RatisMetrics (RatisMetrics.java:unregister(43)) - Unregistering Metrics Registry : ratis.log_worker.9a530726-af8b-4f6c-9588-6c152d944b80@group-CBE835C2428B
2021-02-05 13:32:20,114 [ForkJoinPool.commonPool-worker-0] INFO  metrics.RatisMetrics (RatisMetrics.java:unregister(43)) - Unregistering Metrics Registry : ratis.leader_election.9a530726-af8b-4f6c-9588-6c152d944b80@group-CBE835C2428B
2021-02-05 13:32:20,114 [ForkJoinPool.commonPool-worker-0] INFO  metrics.RatisMetrics (RatisMetrics.java:unregister(43)) - Unregistering Metrics Registry : ratis.server.9a530726-af8b-4f6c-9588-6c152d944b80@group-CBE835C2428B
2021-02-05 13:32:20,115 [ForkJoinPool.commonPool-worker-0] INFO  server.RaftServer$Division (RaftServerImpl.java:lambda$close$4(406)) - 9a530726-af8b-4f6c-9588-6c152d944b80@group-F3DB70997635: shutdown
2021-02-05 13:32:20,115 [ForkJoinPool.commonPool-worker-0] INFO  util.JmxRegister (JmxRegister.java:unregister(73)) - Successfully un-registered JMX Bean with object name Ratis:service=RaftServer,group=group-F3DB70997635,id=9a530726-af8b-4f6c-9588-6c152d944b80
2021-02-05 13:32:20,115 [ForkJoinPool.commonPool-worker-0] INFO  impl.RoleInfo (RoleInfo.java:shutdownLeaderState(91)) - 9a530726-af8b-4f6c-9588-6c152d944b80: shutdown 9a530726-af8b-4f6c-9588-6c152d944b80@group-F3DB70997635-LeaderStateImpl
2021-02-05 13:32:20,115 [ForkJoinPool.commonPool-worker-0] INFO  impl.PendingRequests (PendingRequests.java:sendNotLeaderResponses(249)) - 9a530726-af8b-4f6c-9588-6c152d944b80@group-F3DB70997635-PendingRequests: sendNotLeaderResponses
2021-02-05 13:32:20,115 [ForkJoinPool.commonPool-worker-0] INFO  metrics.RatisMetrics (RatisMetrics.java:unregister(43)) - Unregistering Metrics Registry : ratis.log_appender.9a530726-af8b-4f6c-9588-6c152d944b80@group-F3DB70997635
2021-02-05 13:32:20,115 [ForkJoinPool.commonPool-worker-0] INFO  metrics.RatisMetrics (RatisMetrics.java:unregister(43)) - Unregistering Metrics Registry : ratis.server.9a530726-af8b-4f6c-9588-6c152d944b80@group-F3DB70997635
2021-02-05 13:32:20,115 [ForkJoinPool.commonPool-worker-0] INFO  impl.StateMachineUpdater (StateMachineUpdater.java:stopAndJoin(148)) - 9a530726-af8b-4f6c-9588-6c152d944b80@group-F3DB70997635-StateMachineUpdater: set stopIndex = 0
2021-02-05 13:32:20,116 [9a530726-af8b-4f6c-9588-6c152d944b80@group-F3DB70997635-StateMachineUpdater] INFO  ratis.ContainerStateMachine (ContainerStateMachine.java:takeSnapshot(291)) - group-F3DB70997635: Taking a snapshot at:(t:1, i:0) file /github/workspace/mnt/ozone/hadoop-ozone/integration-test/target/test-dir/MiniOzoneClusterImpl-a92b2b3a-f9aa-4539-be01-238306fe77bb/datanode-1/data/ratis/6b250211-89e4-48ac-87b7-f3db70997635/sm/snapshot.1_0
2021-02-05 13:32:20,116 [9a530726-af8b-4f6c-9588-6c152d944b80@group-F3DB70997635-StateMachineUpdater] INFO  ratis.ContainerStateMachine (ContainerStateMachine.java:takeSnapshot(302)) - group-F3DB70997635: Finished taking a snapshot at:(t:1, i:0) file:/github/workspace/mnt/ozone/hadoop-ozone/integration-test/target/test-dir/MiniOzoneClusterImpl-a92b2b3a-f9aa-4539-be01-238306fe77bb/datanode-1/data/ratis/6b250211-89e4-48ac-87b7-f3db70997635/sm/snapshot.1_0 took: 1 ms
2021-02-05 13:32:20,117 [9a530726-af8b-4f6c-9588-6c152d944b80@group-F3DB70997635-StateMachineUpdater] INFO  impl.StateMachineUpdater (StateMachineUpdater.java:takeSnapshot(279)) - 9a530726-af8b-4f6c-9588-6c152d944b80@group-F3DB70997635-StateMachineUpdater: Took a snapshot at index 0
2021-02-05 13:32:20,117 [9a530726-af8b-4f6c-9588-6c152d944b80@group-F3DB70997635-StateMachineUpdater] INFO  impl.StateMachineUpdater (StateMachineUpdater.java:lambda$new$0(88)) - 9a530726-af8b-4f6c-9588-6c152d944b80@group-F3DB70997635-StateMachineUpdater: snapshotIndex: updateIncreasingly -1 -> 0
2021-02-05 13:32:20,117 [9a530726-af8b-4f6c-9588-6c152d944b80@group-F3DB70997635-StateMachineUpdater] INFO  metrics.RatisMetrics (RatisMetrics.java:unregister(43)) - Unregistering Metrics Registry : ratis.state_machine.9a530726-af8b-4f6c-9588-6c152d944b80@group-F3DB70997635
2021-02-05 13:32:20,117 [ForkJoinPool.commonPool-worker-0] INFO  server.RaftServer$Division (ServerState.java:close(405)) - 9a530726-af8b-4f6c-9588-6c152d944b80@group-F3DB70997635: closes. applyIndex: 0
2021-02-05 13:32:20,117 [9a530726-af8b-4f6c-9588-6c152d944b80@group-F3DB70997635-SegmentedRaftLogWorker] INFO  segmented.SegmentedRaftLogWorker (SegmentedRaftLogWorker.java:run(326)) - 9a530726-af8b-4f6c-9588-6c152d944b80@group-F3DB70997635-SegmentedRaftLogWorker was interrupted, exiting. There are 0 tasks remaining in the queue.
2021-02-05 13:32:20,117 [ForkJoinPool.commonPool-worker-0] INFO  segmented.SegmentedRaftLogWorker (SegmentedRaftLogWorker.java:close(236)) - 9a530726-af8b-4f6c-9588-6c152d944b80@group-F3DB70997635-SegmentedRaftLogWorker close()
2021-02-05 13:32:20,117 [ForkJoinPool.commonPool-worker-0] INFO  metrics.RatisMetrics (RatisMetrics.java:unregister(43)) - Unregistering Metrics Registry : ratis.log_worker.9a530726-af8b-4f6c-9588-6c152d944b80@group-F3DB70997635
2021-02-05 13:32:20,117 [ForkJoinPool.commonPool-worker-0] INFO  metrics.RatisMetrics (RatisMetrics.java:unregister(43)) - Unregistering Metrics Registry : ratis.leader_election.9a530726-af8b-4f6c-9588-6c152d944b80@group-F3DB70997635
2021-02-05 13:32:20,118 [ForkJoinPool.commonPool-worker-0] INFO  metrics.RatisMetrics (RatisMetrics.java:unregister(43)) - Unregistering Metrics Registry : ratis.server.9a530726-af8b-4f6c-9588-6c152d944b80@group-F3DB70997635
2021-02-05 13:32:20,118 [ForkJoinPool.commonPool-worker-0] INFO  server.GrpcService (GrpcService.java:closeImpl(262)) - 9a530726-af8b-4f6c-9588-6c152d944b80: shutdown server with port 39199 now
2021-02-05 13:32:20,121 [grpc-default-executor-1] WARN  client.GrpcClientProtocolService (LogUtils.java:warn(122)) - 0-OrderedRequestStreamObserver0: onError: org.apache.ratis.thirdparty.io.grpc.StatusRuntimeException: CANCELLED: client cancelled
2021-02-05 13:32:20,121 [ForkJoinPool.commonPool-worker-0] INFO  server.GrpcService (GrpcService.java:closeImpl(271)) - 9a530726-af8b-4f6c-9588-6c152d944b80: shutdown server with port 39199 successfully
2021-02-05 13:32:20,124 [org.apache.ratis.util.JvmPauseMonitor$$Lambda$504/1608512753@25d3bac7] INFO  util.JvmPauseMonitor (JvmPauseMonitor.java:run(109)) - JvmPauseMonitor-9a530726-af8b-4f6c-9588-6c152d944b80: Stopped
2021-02-05 13:32:20,125 [ForkJoinPool.commonPool-worker-0] INFO  utils.BackgroundService (BackgroundService.java:shutdown(132)) - Shutting down service BlockDeletingService
2021-02-05 13:32:20,127 [ForkJoinPool.commonPool-worker-0] INFO  statemachine.DatanodeStateMachine (DatanodeStateMachine.java:stopDaemon(470)) - Ozone container server stopped.
2021-02-05 13:32:20,136 [ForkJoinPool.commonPool-worker-0] INFO  handler.ContextHandler (ContextHandler.java:doStop(1154)) - Stopped o.e.j.w.WebAppContext@691fa716{hddsDatanode,/,null,STOPPED}{jar:file:/home/user/.m2/repository/org/apache/hadoop/hadoop-hdds-container-service/1.1.0-SNAPSHOT/hadoop-hdds-container-service-1.1.0-SNAPSHOT.jar!/webapps/hddsDatanode}
2021-02-05 13:32:20,136 [ForkJoinPool.commonPool-worker-0] INFO  server.AbstractConnector (AbstractConnector.java:doStop(381)) - Stopped ServerConnector@54fe40e0{HTTP/1.1, (http/1.1)}{0.0.0.0:0}
2021-02-05 13:32:20,136 [ForkJoinPool.commonPool-worker-0] INFO  server.session (HouseKeeper.java:stopScavenging(149)) - node0 Stopped scavenging
2021-02-05 13:32:20,137 [ForkJoinPool.commonPool-worker-0] INFO  handler.ContextHandler (ContextHandler.java:doStop(1154)) - Stopped o.e.j.s.ServletContextHandler@151ddfc6{static,/static,jar:file:/home/user/.m2/repository/org/apache/hadoop/hadoop-hdds-container-service/1.1.0-SNAPSHOT/hadoop-hdds-container-service-1.1.0-SNAPSHOT.jar!/webapps/static,STOPPED}
2021-02-05 13:32:20,137 [ForkJoinPool.commonPool-worker-0] INFO  handler.ContextHandler (ContextHandler.java:doStop(1154)) - Stopped o.e.j.s.ServletContextHandler@42542698{logs,/logs,file:///github/workspace/mnt/ozone/hadoop-ozone/integration-test/target/log,STOPPED}
2021-02-05 13:32:20,545 [Datanode State Machine Thread - 0] INFO  statemachine.DatanodeStateMachine (DatanodeStateMachine.java:lambda$startDaemon$0(412)) - Ozone container server started.
2021-02-05 13:32:25,115 [Listener at 127.0.0.1/37659] INFO  ozoneimpl.OzoneContainer (OzoneContainer.java:stop(273)) - Attempting to stop container services.
2021-02-05 13:32:25,116 [Listener at 127.0.0.1/37659] INFO  server.RaftServer (RaftServerProxy.java:lambda$close$6(391)) - 2218627d-9616-4ee5-9949-877c53e44591: close
2021-02-05 13:32:25,116 [Listener at 127.0.0.1/37659] INFO  server.RaftServer$Division (RaftServerImpl.java:lambda$close$4(406)) - 2218627d-9616-4ee5-9949-877c53e44591@group-47E8F16CA123: shutdown
2021-02-05 13:32:25,116 [Listener at 127.0.0.1/37659] INFO  util.JmxRegister (JmxRegister.java:unregister(73)) - Successfully un-registered JMX Bean with object name Ratis:service=RaftServer,group=group-47E8F16CA123,id=2218627d-9616-4ee5-9949-877c53e44591
2021-02-05 13:32:25,116 [Listener at 127.0.0.1/37659] INFO  impl.RoleInfo (RoleInfo.java:shutdownLeaderState(91)) - 2218627d-9616-4ee5-9949-877c53e44591: shutdown 2218627d-9616-4ee5-9949-877c53e44591@group-47E8F16CA123-LeaderStateImpl
2021-02-05 13:32:25,117 [Listener at 127.0.0.1/37659] INFO  impl.PendingRequests (PendingRequests.java:sendNotLeaderResponses(249)) - 2218627d-9616-4ee5-9949-877c53e44591@group-47E8F16CA123-PendingRequests: sendNotLeaderResponses
2021-02-05 13:32:25,117 [Listener at 127.0.0.1/37659] INFO  metrics.RatisMetrics (RatisMetrics.java:unregister(43)) - Unregistering Metrics Registry : ratis.log_appender.2218627d-9616-4ee5-9949-877c53e44591@group-47E8F16CA123
2021-02-05 13:32:25,117 [Listener at 127.0.0.1/37659] INFO  metrics.RatisMetrics (RatisMetrics.java:unregister(43)) - Unregistering Metrics Registry : ratis.server.2218627d-9616-4ee5-9949-877c53e44591@group-47E8F16CA123
2021-02-05 13:32:25,118 [Listener at 127.0.0.1/37659] INFO  impl.StateMachineUpdater (StateMachineUpdater.java:stopAndJoin(148)) - 2218627d-9616-4ee5-9949-877c53e44591@group-47E8F16CA123-StateMachineUpdater: set stopIndex = 0
2021-02-05 13:32:25,118 [2218627d-9616-4ee5-9949-877c53e44591@group-47E8F16CA123-StateMachineUpdater] INFO  ratis.ContainerStateMachine (ContainerStateMachine.java:takeSnapshot(291)) - group-47E8F16CA123: Taking a snapshot at:(t:1, i:0) file /github/workspace/mnt/ozone/hadoop-ozone/integration-test/target/test-dir/MiniOzoneClusterImpl-a92b2b3a-f9aa-4539-be01-238306fe77bb/datanode-6/data/ratis/dd8afb14-ced1-4099-a770-47e8f16ca123/sm/snapshot.1_0
2021-02-05 13:32:25,119 [2218627d-9616-4ee5-9949-877c53e44591@group-47E8F16CA123-StateMachineUpdater] INFO  ratis.ContainerStateMachine (ContainerStateMachine.java:takeSnapshot(302)) - group-47E8F16CA123: Finished taking a snapshot at:(t:1, i:0) file:/github/workspace/mnt/ozone/hadoop-ozone/integration-test/target/test-dir/MiniOzoneClusterImpl-a92b2b3a-f9aa-4539-be01-238306fe77bb/datanode-6/data/ratis/dd8afb14-ced1-4099-a770-47e8f16ca123/sm/snapshot.1_0 took: 0 ms
2021-02-05 13:32:25,119 [2218627d-9616-4ee5-9949-877c53e44591@group-47E8F16CA123-StateMachineUpdater] INFO  impl.StateMachineUpdater (StateMachineUpdater.java:takeSnapshot(279)) - 2218627d-9616-4ee5-9949-877c53e44591@group-47E8F16CA123-StateMachineUpdater: Took a snapshot at index 0
2021-02-05 13:32:25,119 [2218627d-9616-4ee5-9949-877c53e44591@group-47E8F16CA123-StateMachineUpdater] INFO  impl.StateMachineUpdater (StateMachineUpdater.java:lambda$new$0(88)) - 2218627d-9616-4ee5-9949-877c53e44591@group-47E8F16CA123-StateMachineUpdater: snapshotIndex: updateIncreasingly -1 -> 0
2021-02-05 13:32:25,119 [2218627d-9616-4ee5-9949-877c53e44591@group-47E8F16CA123-StateMachineUpdater] INFO  metrics.RatisMetrics (RatisMetrics.java:unregister(43)) - Unregistering Metrics Registry : ratis.state_machine.2218627d-9616-4ee5-9949-877c53e44591@group-47E8F16CA123
2021-02-05 13:32:25,119 [Listener at 127.0.0.1/37659] INFO  server.RaftServer$Division (ServerState.java:close(405)) - 2218627d-9616-4ee5-9949-877c53e44591@group-47E8F16CA123: closes. applyIndex: 0
2021-02-05 13:32:25,120 [2218627d-9616-4ee5-9949-877c53e44591@group-47E8F16CA123-SegmentedRaftLogWorker] INFO  segmented.SegmentedRaftLogWorker (SegmentedRaftLogWorker.java:run(326)) - 2218627d-9616-4ee5-9949-877c53e44591@group-47E8F16CA123-SegmentedRaftLogWorker was interrupted, exiting. There are 0 tasks remaining in the queue.
2021-02-05 13:32:25,120 [Listener at 127.0.0.1/37659] INFO  segmented.SegmentedRaftLogWorker (SegmentedRaftLogWorker.java:close(236)) - 2218627d-9616-4ee5-9949-877c53e44591@group-47E8F16CA123-SegmentedRaftLogWorker close()
2021-02-05 13:32:25,120 [Listener at 127.0.0.1/37659] INFO  metrics.RatisMetrics (RatisMetrics.java:unregister(43)) - Unregistering Metrics Registry : ratis.log_worker.2218627d-9616-4ee5-9949-877c53e44591@group-47E8F16CA123
2021-02-05 13:32:25,120 [Listener at 127.0.0.1/37659] INFO  metrics.RatisMetrics (RatisMetrics.java:unregister(43)) - Unregistering Metrics Registry : ratis.leader_election.2218627d-9616-4ee5-9949-877c53e44591@group-47E8F16CA123
2021-02-05 13:32:25,120 [Listener at 127.0.0.1/37659] INFO  metrics.RatisMetrics (RatisMetrics.java:unregister(43)) - Unregistering Metrics Registry : ratis.server.2218627d-9616-4ee5-9949-877c53e44591@group-47E8F16CA123
2021-02-05 13:32:25,116 [ForkJoinPool.commonPool-worker-1] INFO  server.RaftServer$Division (RaftServerImpl.java:lambda$close$4(406)) - 2218627d-9616-4ee5-9949-877c53e44591@group-F12C99FB9DB4: shutdown
2021-02-05 13:32:25,125 [ForkJoinPool.commonPool-worker-1] INFO  util.JmxRegister (JmxRegister.java:unregister(73)) - Successfully un-registered JMX Bean with object name Ratis:service=RaftServer,group=group-F12C99FB9DB4,id=2218627d-9616-4ee5-9949-877c53e44591
2021-02-05 13:32:25,125 [ForkJoinPool.commonPool-worker-1] INFO  impl.RoleInfo (RoleInfo.java:shutdownFollowerState(108)) - 2218627d-9616-4ee5-9949-877c53e44591: shutdown 2218627d-9616-4ee5-9949-877c53e44591@group-F12C99FB9DB4-FollowerState
2021-02-05 13:32:25,125 [ForkJoinPool.commonPool-worker-1] INFO  impl.StateMachineUpdater (StateMachineUpdater.java:stopAndJoin(148)) - 2218627d-9616-4ee5-9949-877c53e44591@group-F12C99FB9DB4-StateMachineUpdater: set stopIndex = 0
2021-02-05 13:32:25,125 [2218627d-9616-4ee5-9949-877c53e44591@group-F12C99FB9DB4-StateMachineUpdater] INFO  ratis.ContainerStateMachine (ContainerStateMachine.java:takeSnapshot(291)) - group-F12C99FB9DB4: Taking a snapshot at:(t:4, i:0) file /github/workspace/mnt/ozone/hadoop-ozone/integration-test/target/test-dir/MiniOzoneClusterImpl-a92b2b3a-f9aa-4539-be01-238306fe77bb/datanode-6/data/ratis/ecf58077-afad-40b3-9cf3-f12c99fb9db4/sm/snapshot.4_0
2021-02-05 13:32:25,125 [Thread-982] INFO  impl.FollowerState (FollowerState.java:run(142)) - 2218627d-9616-4ee5-9949-877c53e44591@group-F12C99FB9DB4-FollowerState was interrupted: {}
java.lang.InterruptedException: sleep interrupted
	at java.lang.Thread.sleep(Native Method)
	at java.lang.Thread.sleep(Thread.java:340)
	at java.util.concurrent.TimeUnit.sleep(TimeUnit.java:386)
	at org.apache.ratis.util.TimeDuration.sleep(TimeDuration.java:324)
	at org.apache.ratis.util.TimeDuration.sleep(TimeDuration.java:309)
	at org.apache.ratis.server.impl.FollowerState.run(FollowerState.java:117)
2021-02-05 13:32:25,126 [2218627d-9616-4ee5-9949-877c53e44591@group-F12C99FB9DB4-StateMachineUpdater] INFO  ratis.ContainerStateMachine (ContainerStateMachine.java:takeSnapshot(302)) - group-F12C99FB9DB4: Finished taking a snapshot at:(t:4, i:0) file:/github/workspace/mnt/ozone/hadoop-ozone/integration-test/target/test-dir/MiniOzoneClusterImpl-a92b2b3a-f9aa-4539-be01-238306fe77bb/datanode-6/data/ratis/ecf58077-afad-40b3-9cf3-f12c99fb9db4/sm/snapshot.4_0 took: 1 ms
2021-02-05 13:32:25,126 [2218627d-9616-4ee5-9949-877c53e44591@group-F12C99FB9DB4-StateMachineUpdater] INFO  impl.StateMachineUpdater (StateMachineUpdater.java:takeSnapshot(279)) - 2218627d-9616-4ee5-9949-877c53e44591@group-F12C99FB9DB4-StateMachineUpdater: Took a snapshot at index 0
2021-02-05 13:32:25,126 [2218627d-9616-4ee5-9949-877c53e44591@group-F12C99FB9DB4-StateMachineUpdater] INFO  impl.StateMachineUpdater (StateMachineUpdater.java:lambda$new$0(88)) - 2218627d-9616-4ee5-9949-877c53e44591@group-F12C99FB9DB4-StateMachineUpdater: snapshotIndex: updateIncreasingly -1 -> 0
2021-02-05 13:32:25,126 [2218627d-9616-4ee5-9949-877c53e44591@group-F12C99FB9DB4-StateMachineUpdater] INFO  metrics.RatisMetrics (RatisMetrics.java:unregister(43)) - Unregistering Metrics Registry : ratis.state_machine.2218627d-9616-4ee5-9949-877c53e44591@group-F12C99FB9DB4
2021-02-05 13:32:25,126 [ForkJoinPool.commonPool-worker-1] INFO  server.RaftServer$Division (ServerState.java:close(405)) - 2218627d-9616-4ee5-9949-877c53e44591@group-F12C99FB9DB4: closes. applyIndex: 0
2021-02-05 13:32:25,127 [2218627d-9616-4ee5-9949-877c53e44591@group-F12C99FB9DB4-SegmentedRaftLogWorker] INFO  segmented.SegmentedRaftLogWorker (SegmentedRaftLogWorker.java:run(326)) - 2218627d-9616-4ee5-9949-877c53e44591@group-F12C99FB9DB4-SegmentedRaftLogWorker was interrupted, exiting. There are 0 tasks remaining in the queue.
2021-02-05 13:32:25,127 [ForkJoinPool.commonPool-worker-1] INFO  segmented.SegmentedRaftLogWorker (SegmentedRaftLogWorker.java:close(236)) - 2218627d-9616-4ee5-9949-877c53e44591@group-F12C99FB9DB4-SegmentedRaftLogWorker close()
2021-02-05 13:32:25,127 [ForkJoinPool.commonPool-worker-1] INFO  metrics.RatisMetrics (RatisMetrics.java:unregister(43)) - Unregistering Metrics Registry : ratis.log_worker.2218627d-9616-4ee5-9949-877c53e44591@group-F12C99FB9DB4
2021-02-05 13:32:25,127 [ForkJoinPool.commonPool-worker-1] INFO  metrics.RatisMetrics (RatisMetrics.java:unregister(43)) - Unregistering Metrics Registry : ratis.leader_election.2218627d-9616-4ee5-9949-877c53e44591@group-F12C99FB9DB4
2021-02-05 13:32:25,127 [ForkJoinPool.commonPool-worker-1] INFO  metrics.RatisMetrics (RatisMetrics.java:unregister(43)) - Unregistering Metrics Registry : ratis.server.2218627d-9616-4ee5-9949-877c53e44591@group-F12C99FB9DB4
2021-02-05 13:32:25,127 [Listener at 127.0.0.1/37659] INFO  server.GrpcService (GrpcService.java:closeImpl(262)) - 2218627d-9616-4ee5-9949-877c53e44591: shutdown server with port 40851 now
2021-02-05 13:32:25,130 [Listener at 127.0.0.1/37659] INFO  server.GrpcService (GrpcService.java:closeImpl(271)) - 2218627d-9616-4ee5-9949-877c53e44591: shutdown server with port 40851 successfully
2021-02-05 13:32:25,130 [org.apache.ratis.util.JvmPauseMonitor$$Lambda$504/1608512753@46b80fd3] INFO  util.JvmPauseMonitor (JvmPauseMonitor.java:run(109)) - JvmPauseMonitor-2218627d-9616-4ee5-9949-877c53e44591: Stopped
2021-02-05 13:32:25,131 [Listener at 127.0.0.1/37659] INFO  utils.BackgroundService (BackgroundService.java:shutdown(132)) - Shutting down service BlockDeletingService
2021-02-05 13:32:25,137 [Listener at 127.0.0.1/37659] INFO  statemachine.DatanodeStateMachine (DatanodeStateMachine.java:stopDaemon(470)) - Ozone container server stopped.
2021-02-05 13:32:25,146 [Listener at 127.0.0.1/37659] INFO  handler.ContextHandler (ContextHandler.java:doStop(1154)) - Stopped o.e.j.w.WebAppContext@5284d7f2{hddsDatanode,/,null,STOPPED}{jar:file:/home/user/.m2/repository/org/apache/hadoop/hadoop-hdds-container-service/1.1.0-SNAPSHOT/hadoop-hdds-container-service-1.1.0-SNAPSHOT.jar!/webapps/hddsDatanode}
2021-02-05 13:32:25,147 [Listener at 127.0.0.1/37659] INFO  server.AbstractConnector (AbstractConnector.java:doStop(381)) - Stopped ServerConnector@37248b2c{HTTP/1.1, (http/1.1)}{0.0.0.0:0}
2021-02-05 13:32:25,147 [Listener at 127.0.0.1/37659] INFO  server.session (HouseKeeper.java:stopScavenging(149)) - node0 Stopped scavenging
2021-02-05 13:32:25,147 [Listener at 127.0.0.1/37659] INFO  handler.ContextHandler (ContextHandler.java:doStop(1154)) - Stopped o.e.j.s.ServletContextHandler@2b5747f0{static,/static,jar:file:/home/user/.m2/repository/org/apache/hadoop/hadoop-hdds-container-service/1.1.0-SNAPSHOT/hadoop-hdds-container-service-1.1.0-SNAPSHOT.jar!/webapps/static,STOPPED}
2021-02-05 13:32:25,148 [Listener at 127.0.0.1/37659] INFO  handler.ContextHandler (ContextHandler.java:doStop(1154)) - Stopped o.e.j.s.ServletContextHandler@11ef3bee{logs,/logs,file:///github/workspace/mnt/ozone/hadoop-ozone/integration-test/target/log,STOPPED}
2021-02-05 13:32:25,149 [Listener at 127.0.0.1/37659] INFO  ozone.MiniOzoneClusterImpl (MiniOzoneClusterImpl.java:stopSCM(478)) - Stopping the StorageContainerManager
2021-02-05 13:32:25,149 [Listener at 127.0.0.1/37659] INFO  server.StorageContainerManager (StorageContainerManager.java:stop(832)) - Stopping Replication Manager Service.
2021-02-05 13:32:25,149 [Listener at 127.0.0.1/37659] INFO  container.ReplicationManager (ReplicationManager.java:stop(227)) - Stopping Replication Monitor Thread.
2021-02-05 13:32:25,150 [Listener at 127.0.0.1/37659] INFO  server.StorageContainerManager (StorageContainerManager.java:stop(839)) - Stopping the Datanode Admin Monitor.
2021-02-05 13:32:25,150 [Listener at 127.0.0.1/37659] INFO  server.StorageContainerManager (StorageContainerManager.java:stop(846)) - Stopping Lease Manager of the command watchers
2021-02-05 13:32:25,150 [Listener at 127.0.0.1/37659] INFO  server.StorageContainerManager (StorageContainerManager.java:stop(853)) - Stopping datanode service RPC server
2021-02-05 13:32:25,150 [Listener at 127.0.0.1/37659] INFO  server.SCMDatanodeProtocolServer (SCMDatanodeProtocolServer.java:stop(369)) - Stopping the RPC server for DataNodes
2021-02-05 13:32:25,150 [Listener at 127.0.0.1/37659] INFO  ipc.Server (Server.java:stop(3403)) - Stopping server on 40337
2021-02-05 13:32:25,151 [IPC Server listener on 0] INFO  ipc.Server (Server.java:run(1366)) - Stopping IPC Server listener on 0
2021-02-05 13:32:25,157 [IPC Server Responder] INFO  ipc.Server (Server.java:run(1502)) - Stopping IPC Server Responder
2021-02-05 13:32:25,163 [SCM Heartbeat Processing Thread - 0] WARN  node.NodeStateManager (NodeStateManager.java:scheduleNextHealthCheck(688)) - Current Thread is interrupted, shutting down HB processing thread for Node Manager.
2021-02-05 13:32:25,164 [Listener at 127.0.0.1/37659] INFO  server.StorageContainerManager (StorageContainerManager.java:stop(861)) - Stopping block service RPC server
2021-02-05 13:32:25,164 [Listener at 127.0.0.1/37659] INFO  server.SCMBlockProtocolServer (SCMBlockProtocolServer.java:stop(159)) - Stopping the RPC server for Block Protocol
2021-02-05 13:32:25,164 [Listener at 127.0.0.1/37659] INFO  ipc.Server (Server.java:stop(3403)) - Stopping server on 46493
2021-02-05 13:32:25,166 [Listener at 127.0.0.1/37659] INFO  server.StorageContainerManager (StorageContainerManager.java:stop(868)) - Stopping the StorageContainerLocationProtocol RPC server
2021-02-05 13:32:25,166 [Listener at 127.0.0.1/37659] INFO  server.SCMClientProtocolServer (SCMClientProtocolServer.java:stop(168)) - Stopping the RPC server for Client Protocol
2021-02-05 13:32:25,166 [Listener at 127.0.0.1/37659] INFO  ipc.Server (Server.java:stop(3403)) - Stopping server on 40735
2021-02-05 13:32:25,166 [IPC Server Responder] INFO  ipc.Server (Server.java:run(1502)) - Stopping IPC Server Responder
2021-02-05 13:32:25,167 [IPC Server listener on 0] INFO  ipc.Server (Server.java:run(1366)) - Stopping IPC Server listener on 0
2021-02-05 13:32:25,168 [Listener at 127.0.0.1/37659] INFO  server.StorageContainerManager (StorageContainerManager.java:stop(875)) - Stopping Storage Container Manager HTTP server.
2021-02-05 13:32:25,168 [Listener at 127.0.0.1/37659] INFO  handler.ContextHandler (ContextHandler.java:doStop(1154)) - Stopped o.e.j.w.WebAppContext@3243b967{scm,/,null,STOPPED}{file:/github/workspace/mnt/ozone/hadoop-ozone/integration-test/target/test-classes/webapps/scm}
2021-02-05 13:32:25,169 [IPC Server Responder] INFO  ipc.Server (Server.java:run(1502)) - Stopping IPC Server Responder
2021-02-05 13:32:25,169 [IPC Server listener on 0] INFO  ipc.Server (Server.java:run(1366)) - Stopping IPC Server listener on 0
2021-02-05 13:32:25,169 [Listener at 127.0.0.1/37659] INFO  server.AbstractConnector (AbstractConnector.java:doStop(381)) - Stopped ServerConnector@5e0bf895{HTTP/1.1, (http/1.1)}{0.0.0.0:0}
2021-02-05 13:32:25,170 [Listener at 127.0.0.1/37659] INFO  server.session (HouseKeeper.java:stopScavenging(149)) - node0 Stopped scavenging
2021-02-05 13:32:25,170 [Listener at 127.0.0.1/37659] INFO  handler.ContextHandler (ContextHandler.java:doStop(1154)) - Stopped o.e.j.s.ServletContextHandler@5bd9615c{static,/static,file:///github/workspace/mnt/ozone/hadoop-ozone/integration-test/target/test-classes/webapps/static,STOPPED}
2021-02-05 13:32:25,170 [Listener at 127.0.0.1/37659] INFO  handler.ContextHandler (ContextHandler.java:doStop(1154)) - Stopped o.e.j.s.ServletContextHandler@5f2eeb6b{logs,/logs,file:///github/workspace/mnt/ozone/hadoop-ozone/integration-test/target/log,STOPPED}
2021-02-05 13:32:25,171 [Listener at 127.0.0.1/37659] INFO  server.StorageContainerManager (StorageContainerManager.java:stop(886)) - Stopping Block Manager Service.
2021-02-05 13:32:25,171 [Listener at 127.0.0.1/37659] INFO  utils.BackgroundService (BackgroundService.java:shutdown(132)) - Shutting down service SCMBlockDeletingService
2021-02-05 13:32:25,171 [Listener at 127.0.0.1/37659] INFO  utils.BackgroundService (BackgroundService.java:shutdown(132)) - Shutting down service SCMBlockDeletingService
2021-02-05 13:32:25,172 [Listener at 127.0.0.1/37659] INFO  server.StorageContainerManager (StorageContainerManager.java:stop(911)) - Stopping SCM Event Queue.
2021-02-05 13:32:25,175 [Listener at 127.0.0.1/37659] INFO  impl.MetricsSystemImpl (MetricsSystemImpl.java:stop(210)) - Stopping HddsDatanode metrics system...
2021-02-05 13:32:25,185 [prometheus] INFO  impl.MetricsSinkAdapter (MetricsSinkAdapter.java:publishMetricsFromQueue(141)) - prometheus thread interrupted.
2021-02-05 13:32:25,185 [Listener at 127.0.0.1/37659] INFO  impl.MetricsSystemImpl (MetricsSystemImpl.java:stop(216)) - HddsDatanode metrics system stopped.
]]></system-out>
  </testcase>
  <testcase name="testWatchForCommitForGroupMismatchException" classname="org.apache.hadoop.ozone.client.rpc.TestWatchForCommit" time="40.805"/>
  <testcase name="test2WayCommitForTimeoutException" classname="org.apache.hadoop.ozone.client.rpc.TestWatchForCommit" time="42.771"/>
</testsuite>