<?xml version="1.0" encoding="UTF-8"?>
<testsuite xmlns:xsi="http://www.w3.org/2001/XMLSchema-instance" xsi:noNamespaceSchemaLocation="https://maven.apache.org/surefire/maven-surefire-plugin/xsd/surefire-test-report.xsd" name="org.apache.hadoop.ozone.om.TestOzoneManagerHAMetadataOnly" time="202.209" tests="10" errors="0" skipped="2" failures="1">
  <properties>
    <property name="awt.toolkit" value="sun.awt.X11.XToolkit"/>
    <property name="file.encoding.pkg" value="sun.io"/>
    <property name="java.specification.version" value="1.8"/>
    <property name="sun.cpu.isalist" value=""/>
    <property name="sun.jnu.encoding" value="ANSI_X3.4-1968"/>
    <property name="java.class.path" value="/github/workspace/mnt/ozone/hadoop-ozone/integration-test/target/test-classes:/github/workspace/mnt/ozone/hadoop-ozone/integration-test/target/classes:/home/user/.m2/repository/org/apache/hadoop/hadoop-ozone-common/1.1.0-SNAPSHOT/hadoop-ozone-common-1.1.0-SNAPSHOT.jar:/home/user/.m2/repository/org/apache/commons/commons-compress/1.4.1/commons-compress-1.4.1.jar:/home/user/.m2/repository/org/tukaani/xz/1.0/xz-1.0.jar:/home/user/.m2/repository/org/apache/hadoop/hadoop-hdds-common/1.1.0-SNAPSHOT/hadoop-hdds-common-1.1.0-SNAPSHOT.jar:/home/user/.m2/repository/org/apache/hadoop/hadoop-hdds-hadoop-dependency-client/1.1.0-SNAPSHOT/hadoop-hdds-hadoop-dependency-client-1.1.0-SNAPSHOT.jar:/home/user/.m2/repository/info/picocli/picocli/4.4.0/picocli-4.4.0.jar:/home/user/.m2/repository/com/fasterxml/jackson/core/jackson-annotations/2.10.3/jackson-annotations-2.10.3.jar:/home/user/.m2/repository/javax/annotation/javax.annotation-api/1.2/javax.annotation-api-1.2.jar:/home/user/.m2/repository/org/apache/ratis/ratis-server/1.1.0-11689cd-SNAPSHOT/ratis-server-1.1.0-11689cd-SNAPSHOT.jar:/home/user/.m2/repository/org/apache/ratis/ratis-client/1.1.0-11689cd-SNAPSHOT/ratis-client-1.1.0-11689cd-SNAPSHOT.jar:/home/user/.m2/repository/org/apache/ratis/ratis-metrics/1.1.0-11689cd-SNAPSHOT/ratis-metrics-1.1.0-11689cd-SNAPSHOT.jar:/home/user/.m2/repository/org/apache/ratis/ratis-netty/1.1.0-11689cd-SNAPSHOT/ratis-netty-1.1.0-11689cd-SNAPSHOT.jar:/home/user/.m2/repository/org/apache/ratis/ratis-grpc/1.1.0-11689cd-SNAPSHOT/ratis-grpc-1.1.0-11689cd-SNAPSHOT.jar:/home/user/.m2/repository/org/apache/logging/log4j/log4j-api/2.13.3/log4j-api-2.13.3.jar:/home/user/.m2/repository/org/apache/logging/log4j/log4j-core/2.13.3/log4j-core-2.13.3.jar:/home/user/.m2/repository/com/lmax/disruptor/3.4.2/disruptor-3.4.2.jar:/home/user/.m2/repository/org/apache/commons/commons-pool2/2.6.0/commons-pool2-2.6.0.jar:/home/user/.m2/repository/org/bouncycastle/bcpkix-jdk15on/1.60/bcpkix-jdk15on-1.60.jar:/home/user/.m2/repository/commons-validator/commons-validator/1.6/commons-validator-1.6.jar:/home/user/.m2/repository/commons-digester/commons-digester/1.8.1/commons-digester-1.8.1.jar:/home/user/.m2/repository/io/jaegertracing/jaeger-client/1.2.0/jaeger-client-1.2.0.jar:/home/user/.m2/repository/io/jaegertracing/jaeger-thrift/1.2.0/jaeger-thrift-1.2.0.jar:/home/user/.m2/repository/org/apache/thrift/libthrift/0.13.0/libthrift-0.13.0.jar:/home/user/.m2/repository/com/squareup/okhttp3/okhttp/4.2.2/okhttp-4.2.2.jar:/home/user/.m2/repository/com/squareup/okio/okio/2.2.2/okio-2.2.2.jar:/home/user/.m2/repository/org/jetbrains/kotlin/kotlin-stdlib/1.3.50/kotlin-stdlib-1.3.50.jar:/home/user/.m2/repository/org/jetbrains/kotlin/kotlin-stdlib-common/1.3.50/kotlin-stdlib-common-1.3.50.jar:/home/user/.m2/repository/org/jetbrains/annotations/13.0/annotations-13.0.jar:/home/user/.m2/repository/io/jaegertracing/jaeger-core/1.2.0/jaeger-core-1.2.0.jar:/home/user/.m2/repository/io/jaegertracing/jaeger-tracerresolver/1.2.0/jaeger-tracerresolver-1.2.0.jar:/home/user/.m2/repository/io/opentracing/contrib/opentracing-tracerresolver/0.1.8/opentracing-tracerresolver-0.1.8.jar:/home/user/.m2/repository/io/opentracing/opentracing-util/0.33.0/opentracing-util-0.33.0.jar:/home/user/.m2/repository/io/opentracing/opentracing-api/0.33.0/opentracing-api-0.33.0.jar:/home/user/.m2/repository/io/opentracing/opentracing-noop/0.33.0/opentracing-noop-0.33.0.jar:/home/user/.m2/repository/org/apache/hadoop/hadoop-hdds-client/1.1.0-SNAPSHOT/hadoop-hdds-client-1.1.0-SNAPSHOT.jar:/home/user/.m2/repository/org/apache/hadoop/hadoop-ozone-interface-client/1.1.0-SNAPSHOT/hadoop-ozone-interface-client-1.1.0-SNAPSHOT.jar:/home/user/.m2/repository/org/apache/hadoop/hadoop-hdds-test-utils/1.1.0-SNAPSHOT/hadoop-hdds-test-utils-1.1.0-SNAPSHOT.jar:/home/user/.m2/repository/com/google/guava/guava/28.2-jre/guava-28.2-jre.jar:/home/user/.m2/repository/com/google/guava/failureaccess/1.0.1/failureaccess-1.0.1.jar:/home/user/.m2/repository/com/google/guava/listenablefuture/9999.0-empty-to-avoid-conflict-with-guava/listenablefuture-9999.0-empty-to-avoid-conflict-with-guava.jar:/home/user/.m2/repository/com/google/code/findbugs/jsr305/3.0.0/jsr305-3.0.0.jar:/home/user/.m2/repository/org/checkerframework/checker-qual/2.10.0/checker-qual-2.10.0.jar:/home/user/.m2/repository/com/google/errorprone/error_prone_annotations/2.2.0/error_prone_annotations-2.2.0.jar:/home/user/.m2/repository/com/google/j2objc/j2objc-annotations/1.3/j2objc-annotations-1.3.jar:/home/user/.m2/repository/commons-io/commons-io/2.5/commons-io-2.5.jar:/home/user/.m2/repository/commons-logging/commons-logging/1.2/commons-logging-1.2.jar:/home/user/.m2/repository/log4j/log4j/1.2.17/log4j-1.2.17.jar:/home/user/.m2/repository/org/slf4j/slf4j-api/1.7.25/slf4j-api-1.7.25.jar:/home/user/.m2/repository/org/apache/hadoop/hadoop-hdds-server-scm/1.1.0-SNAPSHOT/hadoop-hdds-server-scm-1.1.0-SNAPSHOT.jar:/home/user/.m2/repository/org/apache/hadoop/hadoop-hdds-container-service/1.1.0-SNAPSHOT/hadoop-hdds-container-service-1.1.0-SNAPSHOT.jar:/home/user/.m2/repository/org/apache/hadoop/hadoop-hdds-hadoop-dependency-server/1.1.0-SNAPSHOT/hadoop-hdds-hadoop-dependency-server-1.1.0-SNAPSHOT.jar:/home/user/.m2/repository/org/apache/hadoop/hadoop-hdds-server-framework/1.1.0-SNAPSHOT/hadoop-hdds-server-framework-1.1.0-SNAPSHOT.jar:/home/user/.m2/repository/org/apache/hadoop/hadoop-hdds-interface-server/1.1.0-SNAPSHOT/hadoop-hdds-interface-server-1.1.0-SNAPSHOT.jar:/home/user/.m2/repository/org/apache/hadoop/hadoop-hdds-interface-admin/1.1.0-SNAPSHOT/hadoop-hdds-interface-admin-1.1.0-SNAPSHOT.jar:/home/user/.m2/repository/org/rocksdb/rocksdbjni/6.8.1/rocksdbjni-6.8.1.jar:/home/user/.m2/repository/io/prometheus/simpleclient_dropwizard/0.7.0/simpleclient_dropwizard-0.7.0.jar:/home/user/.m2/repository/io/prometheus/simpleclient/0.7.0/simpleclient-0.7.0.jar:/home/user/.m2/repository/io/prometheus/simpleclient_common/0.7.0/simpleclient_common-0.7.0.jar:/home/user/.m2/repository/com/fasterxml/jackson/datatype/jackson-datatype-jsr310/2.10.3/jackson-datatype-jsr310-2.10.3.jar:/home/user/.m2/repository/io/dropwizard/metrics/metrics-core/3.2.4/metrics-core-3.2.4.jar:/home/user/.m2/repository/org/apache/hadoop/hadoop-hdfs-client/3.2.1/hadoop-hdfs-client-3.2.1.jar:/home/user/.m2/repository/org/bouncycastle/bcprov-jdk15on/1.60/bcprov-jdk15on-1.60.jar:/home/user/.m2/repository/org/apache/hadoop/hadoop-ozone-ozone-manager/1.1.0-SNAPSHOT/hadoop-ozone-ozone-manager-1.1.0-SNAPSHOT.jar:/home/user/.m2/repository/org/apache/hadoop/hadoop-hdds-interface-client/1.1.0-SNAPSHOT/hadoop-hdds-interface-client-1.1.0-SNAPSHOT.jar:/home/user/.m2/repository/org/apache/ratis/ratis-thirdparty-misc/0.6.0-SNAPSHOT/ratis-thirdparty-misc-0.6.0-SNAPSHOT.jar:/home/user/.m2/repository/org/apache/hadoop/hadoop-ozone-interface-storage/1.1.0-SNAPSHOT/hadoop-ozone-interface-storage-1.1.0-SNAPSHOT.jar:/home/user/.m2/repository/org/apache/hadoop/hadoop-minikdc/3.2.1/hadoop-minikdc-3.2.1.jar:/home/user/.m2/repository/org/apache/kerby/kerb-simplekdc/1.0.1/kerb-simplekdc-1.0.1.jar:/home/user/.m2/repository/org/apache/kerby/kerb-client/1.0.1/kerb-client-1.0.1.jar:/home/user/.m2/repository/org/apache/kerby/kerby-config/1.0.1/kerby-config-1.0.1.jar:/home/user/.m2/repository/org/apache/kerby/kerb-core/1.0.1/kerb-core-1.0.1.jar:/home/user/.m2/repository/org/apache/kerby/kerby-pkix/1.0.1/kerby-pkix-1.0.1.jar:/home/user/.m2/repository/org/apache/kerby/kerby-asn1/1.0.1/kerby-asn1-1.0.1.jar:/home/user/.m2/repository/org/apache/kerby/kerby-util/1.0.1/kerby-util-1.0.1.jar:/home/user/.m2/repository/org/apache/kerby/kerb-common/1.0.1/kerb-common-1.0.1.jar:/home/user/.m2/repository/org/apache/kerby/kerb-crypto/1.0.1/kerb-crypto-1.0.1.jar:/home/user/.m2/repository/org/apache/kerby/kerb-util/1.0.1/kerb-util-1.0.1.jar:/home/user/.m2/repository/org/apache/kerby/token-provider/1.0.1/token-provider-1.0.1.jar:/home/user/.m2/repository/org/apache/kerby/kerb-admin/1.0.1/kerb-admin-1.0.1.jar:/home/user/.m2/repository/org/apache/kerby/kerb-server/1.0.1/kerb-server-1.0.1.jar:/home/user/.m2/repository/org/apache/kerby/kerb-identity/1.0.1/kerb-identity-1.0.1.jar:/home/user/.m2/repository/org/apache/kerby/kerby-xdr/1.0.1/kerby-xdr-1.0.1.jar:/home/user/.m2/repository/org/slf4j/slf4j-log4j12/1.7.25/slf4j-log4j12-1.7.25.jar:/home/user/.m2/repository/org/apache/hadoop/hadoop-ozone-s3gateway/1.1.0-SNAPSHOT/hadoop-ozone-s3gateway-1.1.0-SNAPSHOT.jar:/home/user/.m2/repository/org/jboss/weld/servlet/weld-servlet/2.4.7.Final/weld-servlet-2.4.7.Final.jar:/home/user/.m2/repository/org/glassfish/jersey/containers/jersey-container-servlet-core/2.27/jersey-container-servlet-core-2.27.jar:/home/user/.m2/repository/org/glassfish/hk2/external/javax.inject/2.5.0-b42/javax.inject-2.5.0-b42.jar:/home/user/.m2/repository/org/glassfish/jersey/core/jersey-common/2.27/jersey-common-2.27.jar:/home/user/.m2/repository/org/glassfish/hk2/osgi-resource-locator/1.0.1/osgi-resource-locator-1.0.1.jar:/home/user/.m2/repository/javax/ws/rs/javax.ws.rs-api/2.1/javax.ws.rs-api-2.1.jar:/home/user/.m2/repository/org/glassfish/jersey/ext/cdi/jersey-cdi1x/2.27/jersey-cdi1x-2.27.jar:/home/user/.m2/repository/org/glassfish/jersey/inject/jersey-hk2/2.27/jersey-hk2-2.27.jar:/home/user/.m2/repository/org/glassfish/hk2/hk2-locator/2.5.0-b42/hk2-locator-2.5.0-b42.jar:/home/user/.m2/repository/org/javassist/javassist/3.22.0-CR2/javassist-3.22.0-CR2.jar:/home/user/.m2/repository/org/glassfish/hk2/hk2-api/2.5.0/hk2-api-2.5.0.jar:/home/user/.m2/repository/org/glassfish/hk2/external/jakarta.inject/2.5.0/jakarta.inject-2.5.0.jar:/home/user/.m2/repository/org/glassfish/hk2/hk2-utils/2.5.0/hk2-utils-2.5.0.jar:/home/user/.m2/repository/jakarta/annotation/jakarta.annotation-api/1.3.4/jakarta.annotation-api-1.3.4.jar:/home/user/.m2/repository/org/glassfish/hk2/external/aopalliance-repackaged/2.5.0/aopalliance-repackaged-2.5.0.jar:/home/user/.m2/repository/com/fasterxml/jackson/dataformat/jackson-dataformat-xml/2.10.3/jackson-dataformat-xml-2.10.3.jar:/home/user/.m2/repository/com/fasterxml/jackson/core/jackson-core/2.10.3/jackson-core-2.10.3.jar:/home/user/.m2/repository/com/fasterxml/jackson/module/jackson-module-jaxb-annotations/2.10.3/jackson-module-jaxb-annotations-2.10.3.jar:/home/user/.m2/repository/jakarta/xml/bind/jakarta.xml.bind-api/2.3.2/jakarta.xml.bind-api-2.3.2.jar:/home/user/.m2/repository/jakarta/activation/jakarta.activation-api/1.2.1/jakarta.activation-api-1.2.1.jar:/home/user/.m2/repository/org/codehaus/woodstox/stax2-api/3.1.4/stax2-api-3.1.4.jar:/home/user/.m2/repository/com/fasterxml/woodstox/woodstox-core/5.0.3/woodstox-core-5.0.3.jar:/home/user/.m2/repository/javax/enterprise/cdi-api/1.2/cdi-api-1.2.jar:/home/user/.m2/repository/javax/el/javax.el-api/3.0.0/javax.el-api-3.0.0.jar:/home/user/.m2/repository/javax/interceptor/javax.interceptor-api/1.2/javax.interceptor-api-1.2.jar:/home/user/.m2/repository/javax/inject/javax.inject/1/javax.inject-1.jar:/home/user/.m2/repository/com/sun/xml/bind/jaxb-impl/2.3.0.1/jaxb-impl-2.3.0.1.jar:/home/user/.m2/repository/com/sun/xml/bind/jaxb-core/2.3.0.1/jaxb-core-2.3.0.1.jar:/home/user/.m2/repository/javax/xml/bind/jaxb-api/2.3.0/jaxb-api-2.3.0.jar:/home/user/.m2/repository/javax/activation/activation/1.1.1/activation-1.1.1.jar:/home/user/.m2/repository/org/apache/hadoop/hadoop-ozone-csi/1.1.0-SNAPSHOT/hadoop-ozone-csi-1.1.0-SNAPSHOT.jar:/home/user/.m2/repository/com/google/protobuf/protobuf-java-util/3.11.0/protobuf-java-util-3.11.0.jar:/home/user/.m2/repository/com/google/code/gson/gson/2.2.4/gson-2.2.4.jar:/home/user/.m2/repository/org/apache/hadoop/hadoop-hdds-config/1.1.0-SNAPSHOT/hadoop-hdds-config-1.1.0-SNAPSHOT.jar:/home/user/.m2/repository/com/google/protobuf/protobuf-java/2.5.0/protobuf-java-2.5.0.jar:/home/user/.m2/repository/io/grpc/grpc-netty/1.29.0/grpc-netty-1.29.0.jar:/home/user/.m2/repository/io/grpc/grpc-core/1.29.0/grpc-core-1.29.0.jar:/home/user/.m2/repository/com/google/android/annotations/4.1.1.4/annotations-4.1.1.4.jar:/home/user/.m2/repository/io/perfmark/perfmark-api/0.19.0/perfmark-api-0.19.0.jar:/home/user/.m2/repository/io/netty/netty-codec-http2/4.1.48.Final/netty-codec-http2-4.1.48.Final.jar:/home/user/.m2/repository/io/netty/netty-codec/4.1.48.Final/netty-codec-4.1.48.Final.jar:/home/user/.m2/repository/io/netty/netty-handler/4.1.48.Final/netty-handler-4.1.48.Final.jar:/home/user/.m2/repository/io/netty/netty-codec-http/4.1.48.Final/netty-codec-http-4.1.48.Final.jar:/home/user/.m2/repository/io/netty/netty-handler-proxy/4.1.48.Final/netty-handler-proxy-4.1.48.Final.jar:/home/user/.m2/repository/io/netty/netty-codec-socks/4.1.48.Final/netty-codec-socks-4.1.48.Final.jar:/home/user/.m2/repository/io/netty/netty-transport-native-epoll/4.1.48.Final/netty-transport-native-epoll-4.1.48.Final.jar:/home/user/.m2/repository/io/netty/netty-common/4.1.48.Final/netty-common-4.1.48.Final.jar:/home/user/.m2/repository/io/netty/netty-buffer/4.1.48.Final/netty-buffer-4.1.48.Final.jar:/home/user/.m2/repository/io/netty/netty-transport/4.1.48.Final/netty-transport-4.1.48.Final.jar:/home/user/.m2/repository/io/netty/netty-resolver/4.1.48.Final/netty-resolver-4.1.48.Final.jar:/home/user/.m2/repository/io/netty/netty-transport-native-unix-common/4.1.48.Final/netty-transport-native-unix-common-4.1.48.Final.jar:/home/user/.m2/repository/io/grpc/grpc-protobuf/1.29.0/grpc-protobuf-1.29.0.jar:/home/user/.m2/repository/io/grpc/grpc-api/1.29.0/grpc-api-1.29.0.jar:/home/user/.m2/repository/io/grpc/grpc-context/1.29.0/grpc-context-1.29.0.jar:/home/user/.m2/repository/org/codehaus/mojo/animal-sniffer-annotations/1.18/animal-sniffer-annotations-1.18.jar:/home/user/.m2/repository/com/google/api/grpc/proto-google-common-protos/1.17.0/proto-google-common-protos-1.17.0.jar:/home/user/.m2/repository/io/grpc/grpc-protobuf-lite/1.29.0/grpc-protobuf-lite-1.29.0.jar:/home/user/.m2/repository/io/grpc/grpc-stub/1.29.0/grpc-stub-1.29.0.jar:/home/user/.m2/repository/org/apache/hadoop/hadoop-ozone-recon/1.1.0-SNAPSHOT/hadoop-ozone-recon-1.1.0-SNAPSHOT.jar:/home/user/.m2/repository/org/apache/hadoop/hadoop-ozone-reconcodegen/1.1.0-SNAPSHOT/hadoop-ozone-reconcodegen-1.1.0-SNAPSHOT.jar:/home/user/.m2/repository/com/google/inject/extensions/guice-multibindings/4.0/guice-multibindings-4.0.jar:/home/user/.m2/repository/com/google/inject/guice/4.0/guice-4.0.jar:/home/user/.m2/repository/aopalliance/aopalliance/1.0/aopalliance-1.0.jar:/home/user/.m2/repository/com/google/inject/extensions/guice-assistedinject/4.0/guice-assistedinject-4.0.jar:/home/user/.m2/repository/com/google/inject/extensions/guice-servlet/4.0/guice-servlet-4.0.jar:/home/user/.m2/repository/org/glassfish/jersey/containers/jersey-container-servlet/2.27/jersey-container-servlet-2.27.jar:/home/user/.m2/repository/org/glassfish/hk2/guice-bridge/2.5.0/guice-bridge-2.5.0.jar:/home/user/.m2/repository/org/glassfish/jersey/core/jersey-server/2.27/jersey-server-2.27.jar:/home/user/.m2/repository/org/glassfish/jersey/core/jersey-client/2.27/jersey-client-2.27.jar:/home/user/.m2/repository/org/glassfish/jersey/media/jersey-media-jaxb/2.27/jersey-media-jaxb-2.27.jar:/home/user/.m2/repository/javax/validation/validation-api/1.1.0.Final/validation-api-1.1.0.Final.jar:/home/user/.m2/repository/org/glassfish/jersey/media/jersey-media-json-jackson/2.27/jersey-media-json-jackson-2.27.jar:/home/user/.m2/repository/org/glassfish/jersey/ext/jersey-entity-filtering/2.27/jersey-entity-filtering-2.27.jar:/home/user/.m2/repository/org/jooq/jooq/3.11.10/jooq-3.11.10.jar:/home/user/.m2/repository/org/jooq/jooq-meta/3.11.10/jooq-meta-3.11.10.jar:/home/user/.m2/repository/org/jooq/jooq-codegen/3.11.10/jooq-codegen-3.11.10.jar:/home/user/.m2/repository/com/jolbox/bonecp/0.8.0.RELEASE/bonecp-0.8.0.RELEASE.jar:/home/user/.m2/repository/org/apache/derby/derby/10.14.2.0/derby-10.14.2.0.jar:/home/user/.m2/repository/org/xerial/sqlite-jdbc/3.25.2/sqlite-jdbc-3.25.2.jar:/home/user/.m2/repository/org/springframework/spring-jdbc/5.2.5.RELEASE/spring-jdbc-5.2.5.RELEASE.jar:/home/user/.m2/repository/org/springframework/spring-beans/5.2.5.RELEASE/spring-beans-5.2.5.RELEASE.jar:/home/user/.m2/repository/org/springframework/spring-core/5.2.5.RELEASE/spring-core-5.2.5.RELEASE.jar:/home/user/.m2/repository/org/springframework/spring-jcl/5.2.5.RELEASE/spring-jcl-5.2.5.RELEASE.jar:/home/user/.m2/repository/org/springframework/spring-tx/5.2.5.RELEASE/spring-tx-5.2.5.RELEASE.jar:/home/user/.m2/repository/org/apache/hadoop/hadoop-ozone-client/1.1.0-SNAPSHOT/hadoop-ozone-client-1.1.0-SNAPSHOT.jar:/home/user/.m2/repository/org/apache/hadoop/hadoop-ozone-filesystem/1.1.0-SNAPSHOT/hadoop-ozone-filesystem-1.1.0-SNAPSHOT.jar:/home/user/.m2/repository/org/apache/hadoop/hadoop-ozone-filesystem-common/1.1.0-SNAPSHOT/hadoop-ozone-filesystem-common-1.1.0-SNAPSHOT.jar:/home/user/.m2/repository/org/apache/hadoop/hadoop-ozone-tools/1.1.0-SNAPSHOT/hadoop-ozone-tools-1.1.0-SNAPSHOT.jar:/home/user/.m2/repository/org/apache/hadoop/hadoop-hdfs/3.2.1/hadoop-hdfs-3.2.1.jar:/home/user/.m2/repository/org/apache/ratis/ratis-tools/1.1.0-11689cd-SNAPSHOT/ratis-tools-1.1.0-11689cd-SNAPSHOT.jar:/home/user/.m2/repository/org/apache/ratis/ratis-proto/1.1.0-11689cd-SNAPSHOT/ratis-proto-1.1.0-11689cd-SNAPSHOT.jar:/home/user/.m2/repository/org/apache/ratis/ratis-common/1.1.0-11689cd-SNAPSHOT/ratis-common-1.1.0-11689cd-SNAPSHOT.jar:/home/user/.m2/repository/com/amazonaws/aws-java-sdk-core/1.11.615/aws-java-sdk-core-1.11.615.jar:/home/user/.m2/repository/org/apache/httpcomponents/httpclient/4.5.2/httpclient-4.5.2.jar:/home/user/.m2/repository/org/apache/httpcomponents/httpcore/4.4.4/httpcore-4.4.4.jar:/home/user/.m2/repository/software/amazon/ion/ion-java/1.0.2/ion-java-1.0.2.jar:/home/user/.m2/repository/com/fasterxml/jackson/dataformat/jackson-dataformat-cbor/2.10.3/jackson-dataformat-cbor-2.10.3.jar:/home/user/.m2/repository/joda-time/joda-time/2.8.1/joda-time-2.8.1.jar:/home/user/.m2/repository/com/amazonaws/aws-java-sdk-s3/1.11.615/aws-java-sdk-s3-1.11.615.jar:/home/user/.m2/repository/com/amazonaws/aws-java-sdk-kms/1.11.615/aws-java-sdk-kms-1.11.615.jar:/home/user/.m2/repository/com/amazonaws/jmespath-java/1.11.615/jmespath-java-1.11.615.jar:/home/user/.m2/repository/org/kohsuke/metainf-services/metainf-services/1.8/metainf-services-1.8.jar:/home/user/.m2/repository/org/apache/hadoop/hadoop-hdds-tools/1.1.0-SNAPSHOT/hadoop-hdds-tools-1.1.0-SNAPSHOT.jar:/home/user/.m2/repository/commons-cli/commons-cli/1.2/commons-cli-1.2.jar:/home/user/.m2/repository/org/apache/commons/commons-lang3/3.7/commons-lang3-3.7.jar:/home/user/.m2/repository/org/apache/hadoop/hadoop-ozone-ozone-manager/1.1.0-SNAPSHOT/hadoop-ozone-ozone-manager-1.1.0-SNAPSHOT-tests.jar:/home/user/.m2/repository/junit/junit/4.11/junit-4.11.jar:/home/user/.m2/repository/org/hamcrest/hamcrest-core/1.3/hamcrest-core-1.3.jar:/home/user/.m2/repository/org/openjdk/jmh/jmh-core/1.19/jmh-core-1.19.jar:/home/user/.m2/repository/net/sf/jopt-simple/jopt-simple/4.6/jopt-simple-4.6.jar:/home/user/.m2/repository/org/apache/commons/commons-math3/3.1.1/commons-math3-3.1.1.jar:/home/user/.m2/repository/org/openjdk/jmh/jmh-generator-annprocess/1.19/jmh-generator-annprocess-1.19.jar:/home/user/.m2/repository/org/mockito/mockito-all/1.8.5/mockito-all-1.8.5.jar:/home/user/.m2/repository/org/apache/hadoop/hadoop-kms/3.2.1/hadoop-kms-3.2.1.jar:/home/user/.m2/repository/org/apache/hadoop/hadoop-auth/3.2.1/hadoop-auth-3.2.1.jar:/home/user/.m2/repository/com/nimbusds/nimbus-jose-jwt/7.9/nimbus-jose-jwt-7.9.jar:/home/user/.m2/repository/com/github/stephenc/jcip/jcip-annotations/1.0-1/jcip-annotations-1.0-1.jar:/home/user/.m2/repository/net/minidev/json-smart/2.3/json-smart-2.3.jar:/home/user/.m2/repository/net/minidev/accessors-smart/1.2/accessors-smart-1.2.jar:/home/user/.m2/repository/org/ow2/asm/asm/5.0.4/asm-5.0.4.jar:/home/user/.m2/repository/org/apache/zookeeper/zookeeper/3.4.13/zookeeper-3.4.13.jar:/home/user/.m2/repository/org/apache/yetus/audience-annotations/0.5.0/audience-annotations-0.5.0.jar:/home/user/.m2/repository/org/apache/curator/curator-framework/2.13.0/curator-framework-2.13.0.jar:/home/user/.m2/repository/com/sun/jersey/jersey-core/1.19/jersey-core-1.19.jar:/home/user/.m2/repository/javax/ws/rs/jsr311-api/1.1.1/jsr311-api-1.1.1.jar:/home/user/.m2/repository/com/sun/jersey/jersey-server/1.19/jersey-server-1.19.jar:/home/user/.m2/repository/javax/servlet/javax.servlet-api/3.1.0/javax.servlet-api-3.1.0.jar:/home/user/.m2/repository/org/eclipse/jetty/jetty-server/9.4.34.v20201102/jetty-server-9.4.34.v20201102.jar:/home/user/.m2/repository/org/eclipse/jetty/jetty-http/9.4.34.v20201102/jetty-http-9.4.34.v20201102.jar:/home/user/.m2/repository/org/eclipse/jetty/jetty-io/9.4.34.v20201102/jetty-io-9.4.34.v20201102.jar:/home/user/.m2/repository/org/eclipse/jetty/jetty-webapp/9.4.34.v20201102/jetty-webapp-9.4.34.v20201102.jar:/home/user/.m2/repository/org/eclipse/jetty/jetty-xml/9.4.34.v20201102/jetty-xml-9.4.34.v20201102.jar:/home/user/.m2/repository/org/eclipse/jetty/jetty-servlet/9.4.34.v20201102/jetty-servlet-9.4.34.v20201102.jar:/home/user/.m2/repository/org/eclipse/jetty/jetty-security/9.4.34.v20201102/jetty-security-9.4.34.v20201102.jar:/home/user/.m2/repository/org/apache/hadoop/hadoop-common/3.2.1/hadoop-common-3.2.1.jar:/home/user/.m2/repository/commons-net/commons-net/3.6/commons-net-3.6.jar:/home/user/.m2/repository/commons-collections/commons-collections/3.2.2/commons-collections-3.2.2.jar:/home/user/.m2/repository/com/sun/jersey/jersey-servlet/1.19/jersey-servlet-1.19.jar:/home/user/.m2/repository/com/sun/jersey/jersey-json/1.19/jersey-json-1.19.jar:/home/user/.m2/repository/org/codehaus/jettison/jettison/1.1/jettison-1.1.jar:/home/user/.m2/repository/org/codehaus/jackson/jackson-jaxrs/1.9.2/jackson-jaxrs-1.9.2.jar:/home/user/.m2/repository/org/codehaus/jackson/jackson-xc/1.9.2/jackson-xc-1.9.2.jar:/home/user/.m2/repository/commons-beanutils/commons-beanutils/1.9.4/commons-beanutils-1.9.4.jar:/home/user/.m2/repository/org/apache/commons/commons-configuration2/2.1.1/commons-configuration2-2.1.1.jar:/home/user/.m2/repository/org/apache/commons/commons-text/1.4/commons-text-1.4.jar:/home/user/.m2/repository/com/google/re2j/re2j/1.1/re2j-1.1.jar:/home/user/.m2/repository/com/jcraft/jsch/0.1.54/jsch-0.1.54.jar:/home/user/.m2/repository/org/apache/curator/curator-client/2.13.0/curator-client-2.13.0.jar:/home/user/.m2/repository/org/apache/curator/curator-recipes/2.13.0/curator-recipes-2.13.0.jar:/home/user/.m2/repository/dnsjava/dnsjava/2.1.7/dnsjava-2.1.7.jar:/home/user/.m2/repository/org/slf4j/jul-to-slf4j/1.7.25/jul-to-slf4j-1.7.25.jar:/home/user/.m2/repository/org/eclipse/jetty/jetty-util/9.4.34.v20201102/jetty-util-9.4.34.v20201102.jar:/home/user/.m2/repository/com/fasterxml/jackson/core/jackson-databind/2.10.3/jackson-databind-2.10.3.jar:/home/user/.m2/repository/org/apache/hadoop/hadoop-kms/3.2.1/hadoop-kms-3.2.1-tests.jar:/home/user/.m2/repository/org/apache/hadoop/hadoop-hdds-server-scm/1.1.0-SNAPSHOT/hadoop-hdds-server-scm-1.1.0-SNAPSHOT-tests.jar:/home/user/.m2/repository/org/apache/hadoop/hadoop-hdds-container-service/1.1.0-SNAPSHOT/hadoop-hdds-container-service-1.1.0-SNAPSHOT-tests.jar:/home/user/.m2/repository/org/apache/hadoop/hadoop-hdds-common/1.1.0-SNAPSHOT/hadoop-hdds-common-1.1.0-SNAPSHOT-tests.jar:/home/user/.m2/repository/org/yaml/snakeyaml/1.16/snakeyaml-1.16.jar:/home/user/.m2/repository/org/apache/hadoop/hadoop-hdds-hadoop-dependency-test/1.1.0-SNAPSHOT/hadoop-hdds-hadoop-dependency-test-1.1.0-SNAPSHOT.jar:/home/user/.m2/repository/org/apache/hadoop/hadoop-common/3.2.1/hadoop-common-3.2.1-tests.jar:/home/user/.m2/repository/javax/servlet/jsp/jsp-api/2.1/jsp-api-2.1.jar:/home/user/.m2/repository/org/apache/hadoop/hadoop-hdfs/3.2.1/hadoop-hdfs-3.2.1-tests.jar:/home/user/.m2/repository/org/eclipse/jetty/jetty-util-ajax/9.4.34.v20201102/jetty-util-ajax-9.4.34.v20201102.jar:/home/user/.m2/repository/commons-codec/commons-codec/1.11/commons-codec-1.11.jar:/home/user/.m2/repository/commons-daemon/commons-daemon/1.0.13/commons-daemon-1.0.13.jar:/home/user/.m2/repository/io/netty/netty/3.10.5.Final/netty-3.10.5.Final.jar:/home/user/.m2/repository/io/netty/netty-all/4.1.48.Final/netty-all-4.1.48.Final.jar:/home/user/.m2/repository/org/apache/htrace/htrace-core4/4.1.0-incubating/htrace-core4-4.1.0-incubating.jar:/home/user/.m2/repository/org/fusesource/leveldbjni/leveldbjni-all/1.8/leveldbjni-all-1.8.jar:/home/user/.m2/repository/org/apache/hadoop/hadoop-distcp/3.2.1/hadoop-distcp-3.2.1.jar:/home/user/.m2/repository/org/apache/hadoop/hadoop-mapreduce-client-jobclient/3.2.1/hadoop-mapreduce-client-jobclient-3.2.1.jar:/home/user/.m2/repository/org/apache/hadoop/hadoop-mapreduce-client-common/3.2.1/hadoop-mapreduce-client-common-3.2.1.jar:/home/user/.m2/repository/org/apache/hadoop/hadoop-yarn-common/3.2.1/hadoop-yarn-common-3.2.1.jar:/home/user/.m2/repository/org/apache/hadoop/hadoop-yarn-api/3.2.1/hadoop-yarn-api-3.2.1.jar:/home/user/.m2/repository/com/sun/jersey/jersey-client/1.19/jersey-client-1.19.jar:/home/user/.m2/repository/com/sun/jersey/contribs/jersey-guice/1.19/jersey-guice-1.19.jar:/home/user/.m2/repository/com/fasterxml/jackson/jaxrs/jackson-jaxrs-json-provider/2.10.3/jackson-jaxrs-json-provider-2.10.3.jar:/home/user/.m2/repository/com/fasterxml/jackson/jaxrs/jackson-jaxrs-base/2.10.3/jackson-jaxrs-base-2.10.3.jar:/home/user/.m2/repository/org/apache/hadoop/hadoop-yarn-client/3.2.1/hadoop-yarn-client-3.2.1.jar:/home/user/.m2/repository/org/apache/hadoop/hadoop-mapreduce-client-core/3.2.1/hadoop-mapreduce-client-core-3.2.1.jar:/home/user/.m2/repository/org/apache/avro/avro/1.7.7/avro-1.7.7.jar:/home/user/.m2/repository/org/codehaus/jackson/jackson-core-asl/1.9.13/jackson-core-asl-1.9.13.jar:/home/user/.m2/repository/org/codehaus/jackson/jackson-mapper-asl/1.9.13/jackson-mapper-asl-1.9.13.jar:/home/user/.m2/repository/com/thoughtworks/paranamer/paranamer/2.3/paranamer-2.3.jar:/home/user/.m2/repository/org/xerial/snappy/snappy-java/1.0.5/snappy-java-1.0.5.jar:/home/user/.m2/repository/org/apache/hadoop/hadoop-annotations/3.2.1/hadoop-annotations-3.2.1.jar:/usr/lib/jvm/java-1.8.0-openjdk-1.8.0.232.b09-0.el7_7.x86_64/jre/../lib/tools.jar:/home/user/.m2/repository/org/apache/hadoop/hadoop-distcp/3.2.1/hadoop-distcp-3.2.1-tests.jar:"/>
    <property name="java.vm.vendor" value="Oracle Corporation"/>
    <property name="sun.arch.data.model" value="64"/>
    <property name="test.build.dir" value="/github/workspace/mnt/ozone/hadoop-ozone/integration-test/target/test-dir"/>
    <property name="test.cache.data" value=""/>
    <property name="java.vendor.url" value="http://java.oracle.com/"/>
    <property name="user.timezone" value=""/>
    <property name="java.vm.specification.version" value="1.8"/>
    <property name="os.name" value="Linux"/>
    <property name="test.build.data" value="/github/workspace/mnt/ozone/hadoop-ozone/integration-test/target/test-dir"/>
    <property name="user.country" value="US"/>
    <property name="sun.java.launcher" value="SUN_STANDARD"/>
    <property name="sun.boot.library.path" value="/usr/lib/jvm/java-1.8.0-openjdk-1.8.0.232.b09-0.el7_7.x86_64/jre/lib/amd64"/>
    <property name="sun.java.command" value="/github/workspace/mnt/ozone/hadoop-ozone/integration-test/target/surefire/surefirebooter3800445095232897016.jar /github/workspace/mnt/ozone/hadoop-ozone/integration-test/target/surefire 2020-11-16T09-20-33_112-jvmRun1 surefire7014765183733838216tmp surefire_433879295210978379367tmp"/>
    <property name="surefire.test.class.path" value="/github/workspace/mnt/ozone/hadoop-ozone/integration-test/target/test-classes:/github/workspace/mnt/ozone/hadoop-ozone/integration-test/target/classes:/home/user/.m2/repository/org/apache/hadoop/hadoop-ozone-common/1.1.0-SNAPSHOT/hadoop-ozone-common-1.1.0-SNAPSHOT.jar:/home/user/.m2/repository/org/apache/commons/commons-compress/1.4.1/commons-compress-1.4.1.jar:/home/user/.m2/repository/org/tukaani/xz/1.0/xz-1.0.jar:/home/user/.m2/repository/org/apache/hadoop/hadoop-hdds-common/1.1.0-SNAPSHOT/hadoop-hdds-common-1.1.0-SNAPSHOT.jar:/home/user/.m2/repository/org/apache/hadoop/hadoop-hdds-hadoop-dependency-client/1.1.0-SNAPSHOT/hadoop-hdds-hadoop-dependency-client-1.1.0-SNAPSHOT.jar:/home/user/.m2/repository/info/picocli/picocli/4.4.0/picocli-4.4.0.jar:/home/user/.m2/repository/com/fasterxml/jackson/core/jackson-annotations/2.10.3/jackson-annotations-2.10.3.jar:/home/user/.m2/repository/javax/annotation/javax.annotation-api/1.2/javax.annotation-api-1.2.jar:/home/user/.m2/repository/org/apache/ratis/ratis-server/1.1.0-11689cd-SNAPSHOT/ratis-server-1.1.0-11689cd-SNAPSHOT.jar:/home/user/.m2/repository/org/apache/ratis/ratis-client/1.1.0-11689cd-SNAPSHOT/ratis-client-1.1.0-11689cd-SNAPSHOT.jar:/home/user/.m2/repository/org/apache/ratis/ratis-metrics/1.1.0-11689cd-SNAPSHOT/ratis-metrics-1.1.0-11689cd-SNAPSHOT.jar:/home/user/.m2/repository/org/apache/ratis/ratis-netty/1.1.0-11689cd-SNAPSHOT/ratis-netty-1.1.0-11689cd-SNAPSHOT.jar:/home/user/.m2/repository/org/apache/ratis/ratis-grpc/1.1.0-11689cd-SNAPSHOT/ratis-grpc-1.1.0-11689cd-SNAPSHOT.jar:/home/user/.m2/repository/org/apache/logging/log4j/log4j-api/2.13.3/log4j-api-2.13.3.jar:/home/user/.m2/repository/org/apache/logging/log4j/log4j-core/2.13.3/log4j-core-2.13.3.jar:/home/user/.m2/repository/com/lmax/disruptor/3.4.2/disruptor-3.4.2.jar:/home/user/.m2/repository/org/apache/commons/commons-pool2/2.6.0/commons-pool2-2.6.0.jar:/home/user/.m2/repository/org/bouncycastle/bcpkix-jdk15on/1.60/bcpkix-jdk15on-1.60.jar:/home/user/.m2/repository/commons-validator/commons-validator/1.6/commons-validator-1.6.jar:/home/user/.m2/repository/commons-digester/commons-digester/1.8.1/commons-digester-1.8.1.jar:/home/user/.m2/repository/io/jaegertracing/jaeger-client/1.2.0/jaeger-client-1.2.0.jar:/home/user/.m2/repository/io/jaegertracing/jaeger-thrift/1.2.0/jaeger-thrift-1.2.0.jar:/home/user/.m2/repository/org/apache/thrift/libthrift/0.13.0/libthrift-0.13.0.jar:/home/user/.m2/repository/com/squareup/okhttp3/okhttp/4.2.2/okhttp-4.2.2.jar:/home/user/.m2/repository/com/squareup/okio/okio/2.2.2/okio-2.2.2.jar:/home/user/.m2/repository/org/jetbrains/kotlin/kotlin-stdlib/1.3.50/kotlin-stdlib-1.3.50.jar:/home/user/.m2/repository/org/jetbrains/kotlin/kotlin-stdlib-common/1.3.50/kotlin-stdlib-common-1.3.50.jar:/home/user/.m2/repository/org/jetbrains/annotations/13.0/annotations-13.0.jar:/home/user/.m2/repository/io/jaegertracing/jaeger-core/1.2.0/jaeger-core-1.2.0.jar:/home/user/.m2/repository/io/jaegertracing/jaeger-tracerresolver/1.2.0/jaeger-tracerresolver-1.2.0.jar:/home/user/.m2/repository/io/opentracing/contrib/opentracing-tracerresolver/0.1.8/opentracing-tracerresolver-0.1.8.jar:/home/user/.m2/repository/io/opentracing/opentracing-util/0.33.0/opentracing-util-0.33.0.jar:/home/user/.m2/repository/io/opentracing/opentracing-api/0.33.0/opentracing-api-0.33.0.jar:/home/user/.m2/repository/io/opentracing/opentracing-noop/0.33.0/opentracing-noop-0.33.0.jar:/home/user/.m2/repository/org/apache/hadoop/hadoop-hdds-client/1.1.0-SNAPSHOT/hadoop-hdds-client-1.1.0-SNAPSHOT.jar:/home/user/.m2/repository/org/apache/hadoop/hadoop-ozone-interface-client/1.1.0-SNAPSHOT/hadoop-ozone-interface-client-1.1.0-SNAPSHOT.jar:/home/user/.m2/repository/org/apache/hadoop/hadoop-hdds-test-utils/1.1.0-SNAPSHOT/hadoop-hdds-test-utils-1.1.0-SNAPSHOT.jar:/home/user/.m2/repository/com/google/guava/guava/28.2-jre/guava-28.2-jre.jar:/home/user/.m2/repository/com/google/guava/failureaccess/1.0.1/failureaccess-1.0.1.jar:/home/user/.m2/repository/com/google/guava/listenablefuture/9999.0-empty-to-avoid-conflict-with-guava/listenablefuture-9999.0-empty-to-avoid-conflict-with-guava.jar:/home/user/.m2/repository/com/google/code/findbugs/jsr305/3.0.0/jsr305-3.0.0.jar:/home/user/.m2/repository/org/checkerframework/checker-qual/2.10.0/checker-qual-2.10.0.jar:/home/user/.m2/repository/com/google/errorprone/error_prone_annotations/2.2.0/error_prone_annotations-2.2.0.jar:/home/user/.m2/repository/com/google/j2objc/j2objc-annotations/1.3/j2objc-annotations-1.3.jar:/home/user/.m2/repository/commons-io/commons-io/2.5/commons-io-2.5.jar:/home/user/.m2/repository/commons-logging/commons-logging/1.2/commons-logging-1.2.jar:/home/user/.m2/repository/log4j/log4j/1.2.17/log4j-1.2.17.jar:/home/user/.m2/repository/org/slf4j/slf4j-api/1.7.25/slf4j-api-1.7.25.jar:/home/user/.m2/repository/org/apache/hadoop/hadoop-hdds-server-scm/1.1.0-SNAPSHOT/hadoop-hdds-server-scm-1.1.0-SNAPSHOT.jar:/home/user/.m2/repository/org/apache/hadoop/hadoop-hdds-container-service/1.1.0-SNAPSHOT/hadoop-hdds-container-service-1.1.0-SNAPSHOT.jar:/home/user/.m2/repository/org/apache/hadoop/hadoop-hdds-hadoop-dependency-server/1.1.0-SNAPSHOT/hadoop-hdds-hadoop-dependency-server-1.1.0-SNAPSHOT.jar:/home/user/.m2/repository/org/apache/hadoop/hadoop-hdds-server-framework/1.1.0-SNAPSHOT/hadoop-hdds-server-framework-1.1.0-SNAPSHOT.jar:/home/user/.m2/repository/org/apache/hadoop/hadoop-hdds-interface-server/1.1.0-SNAPSHOT/hadoop-hdds-interface-server-1.1.0-SNAPSHOT.jar:/home/user/.m2/repository/org/apache/hadoop/hadoop-hdds-interface-admin/1.1.0-SNAPSHOT/hadoop-hdds-interface-admin-1.1.0-SNAPSHOT.jar:/home/user/.m2/repository/org/rocksdb/rocksdbjni/6.8.1/rocksdbjni-6.8.1.jar:/home/user/.m2/repository/io/prometheus/simpleclient_dropwizard/0.7.0/simpleclient_dropwizard-0.7.0.jar:/home/user/.m2/repository/io/prometheus/simpleclient/0.7.0/simpleclient-0.7.0.jar:/home/user/.m2/repository/io/prometheus/simpleclient_common/0.7.0/simpleclient_common-0.7.0.jar:/home/user/.m2/repository/com/fasterxml/jackson/datatype/jackson-datatype-jsr310/2.10.3/jackson-datatype-jsr310-2.10.3.jar:/home/user/.m2/repository/io/dropwizard/metrics/metrics-core/3.2.4/metrics-core-3.2.4.jar:/home/user/.m2/repository/org/apache/hadoop/hadoop-hdfs-client/3.2.1/hadoop-hdfs-client-3.2.1.jar:/home/user/.m2/repository/org/bouncycastle/bcprov-jdk15on/1.60/bcprov-jdk15on-1.60.jar:/home/user/.m2/repository/org/apache/hadoop/hadoop-ozone-ozone-manager/1.1.0-SNAPSHOT/hadoop-ozone-ozone-manager-1.1.0-SNAPSHOT.jar:/home/user/.m2/repository/org/apache/hadoop/hadoop-hdds-interface-client/1.1.0-SNAPSHOT/hadoop-hdds-interface-client-1.1.0-SNAPSHOT.jar:/home/user/.m2/repository/org/apache/ratis/ratis-thirdparty-misc/0.6.0-SNAPSHOT/ratis-thirdparty-misc-0.6.0-SNAPSHOT.jar:/home/user/.m2/repository/org/apache/hadoop/hadoop-ozone-interface-storage/1.1.0-SNAPSHOT/hadoop-ozone-interface-storage-1.1.0-SNAPSHOT.jar:/home/user/.m2/repository/org/apache/hadoop/hadoop-minikdc/3.2.1/hadoop-minikdc-3.2.1.jar:/home/user/.m2/repository/org/apache/kerby/kerb-simplekdc/1.0.1/kerb-simplekdc-1.0.1.jar:/home/user/.m2/repository/org/apache/kerby/kerb-client/1.0.1/kerb-client-1.0.1.jar:/home/user/.m2/repository/org/apache/kerby/kerby-config/1.0.1/kerby-config-1.0.1.jar:/home/user/.m2/repository/org/apache/kerby/kerb-core/1.0.1/kerb-core-1.0.1.jar:/home/user/.m2/repository/org/apache/kerby/kerby-pkix/1.0.1/kerby-pkix-1.0.1.jar:/home/user/.m2/repository/org/apache/kerby/kerby-asn1/1.0.1/kerby-asn1-1.0.1.jar:/home/user/.m2/repository/org/apache/kerby/kerby-util/1.0.1/kerby-util-1.0.1.jar:/home/user/.m2/repository/org/apache/kerby/kerb-common/1.0.1/kerb-common-1.0.1.jar:/home/user/.m2/repository/org/apache/kerby/kerb-crypto/1.0.1/kerb-crypto-1.0.1.jar:/home/user/.m2/repository/org/apache/kerby/kerb-util/1.0.1/kerb-util-1.0.1.jar:/home/user/.m2/repository/org/apache/kerby/token-provider/1.0.1/token-provider-1.0.1.jar:/home/user/.m2/repository/org/apache/kerby/kerb-admin/1.0.1/kerb-admin-1.0.1.jar:/home/user/.m2/repository/org/apache/kerby/kerb-server/1.0.1/kerb-server-1.0.1.jar:/home/user/.m2/repository/org/apache/kerby/kerb-identity/1.0.1/kerb-identity-1.0.1.jar:/home/user/.m2/repository/org/apache/kerby/kerby-xdr/1.0.1/kerby-xdr-1.0.1.jar:/home/user/.m2/repository/org/slf4j/slf4j-log4j12/1.7.25/slf4j-log4j12-1.7.25.jar:/home/user/.m2/repository/org/apache/hadoop/hadoop-ozone-s3gateway/1.1.0-SNAPSHOT/hadoop-ozone-s3gateway-1.1.0-SNAPSHOT.jar:/home/user/.m2/repository/org/jboss/weld/servlet/weld-servlet/2.4.7.Final/weld-servlet-2.4.7.Final.jar:/home/user/.m2/repository/org/glassfish/jersey/containers/jersey-container-servlet-core/2.27/jersey-container-servlet-core-2.27.jar:/home/user/.m2/repository/org/glassfish/hk2/external/javax.inject/2.5.0-b42/javax.inject-2.5.0-b42.jar:/home/user/.m2/repository/org/glassfish/jersey/core/jersey-common/2.27/jersey-common-2.27.jar:/home/user/.m2/repository/org/glassfish/hk2/osgi-resource-locator/1.0.1/osgi-resource-locator-1.0.1.jar:/home/user/.m2/repository/javax/ws/rs/javax.ws.rs-api/2.1/javax.ws.rs-api-2.1.jar:/home/user/.m2/repository/org/glassfish/jersey/ext/cdi/jersey-cdi1x/2.27/jersey-cdi1x-2.27.jar:/home/user/.m2/repository/org/glassfish/jersey/inject/jersey-hk2/2.27/jersey-hk2-2.27.jar:/home/user/.m2/repository/org/glassfish/hk2/hk2-locator/2.5.0-b42/hk2-locator-2.5.0-b42.jar:/home/user/.m2/repository/org/javassist/javassist/3.22.0-CR2/javassist-3.22.0-CR2.jar:/home/user/.m2/repository/org/glassfish/hk2/hk2-api/2.5.0/hk2-api-2.5.0.jar:/home/user/.m2/repository/org/glassfish/hk2/external/jakarta.inject/2.5.0/jakarta.inject-2.5.0.jar:/home/user/.m2/repository/org/glassfish/hk2/hk2-utils/2.5.0/hk2-utils-2.5.0.jar:/home/user/.m2/repository/jakarta/annotation/jakarta.annotation-api/1.3.4/jakarta.annotation-api-1.3.4.jar:/home/user/.m2/repository/org/glassfish/hk2/external/aopalliance-repackaged/2.5.0/aopalliance-repackaged-2.5.0.jar:/home/user/.m2/repository/com/fasterxml/jackson/dataformat/jackson-dataformat-xml/2.10.3/jackson-dataformat-xml-2.10.3.jar:/home/user/.m2/repository/com/fasterxml/jackson/core/jackson-core/2.10.3/jackson-core-2.10.3.jar:/home/user/.m2/repository/com/fasterxml/jackson/module/jackson-module-jaxb-annotations/2.10.3/jackson-module-jaxb-annotations-2.10.3.jar:/home/user/.m2/repository/jakarta/xml/bind/jakarta.xml.bind-api/2.3.2/jakarta.xml.bind-api-2.3.2.jar:/home/user/.m2/repository/jakarta/activation/jakarta.activation-api/1.2.1/jakarta.activation-api-1.2.1.jar:/home/user/.m2/repository/org/codehaus/woodstox/stax2-api/3.1.4/stax2-api-3.1.4.jar:/home/user/.m2/repository/com/fasterxml/woodstox/woodstox-core/5.0.3/woodstox-core-5.0.3.jar:/home/user/.m2/repository/javax/enterprise/cdi-api/1.2/cdi-api-1.2.jar:/home/user/.m2/repository/javax/el/javax.el-api/3.0.0/javax.el-api-3.0.0.jar:/home/user/.m2/repository/javax/interceptor/javax.interceptor-api/1.2/javax.interceptor-api-1.2.jar:/home/user/.m2/repository/javax/inject/javax.inject/1/javax.inject-1.jar:/home/user/.m2/repository/com/sun/xml/bind/jaxb-impl/2.3.0.1/jaxb-impl-2.3.0.1.jar:/home/user/.m2/repository/com/sun/xml/bind/jaxb-core/2.3.0.1/jaxb-core-2.3.0.1.jar:/home/user/.m2/repository/javax/xml/bind/jaxb-api/2.3.0/jaxb-api-2.3.0.jar:/home/user/.m2/repository/javax/activation/activation/1.1.1/activation-1.1.1.jar:/home/user/.m2/repository/org/apache/hadoop/hadoop-ozone-csi/1.1.0-SNAPSHOT/hadoop-ozone-csi-1.1.0-SNAPSHOT.jar:/home/user/.m2/repository/com/google/protobuf/protobuf-java-util/3.11.0/protobuf-java-util-3.11.0.jar:/home/user/.m2/repository/com/google/code/gson/gson/2.2.4/gson-2.2.4.jar:/home/user/.m2/repository/org/apache/hadoop/hadoop-hdds-config/1.1.0-SNAPSHOT/hadoop-hdds-config-1.1.0-SNAPSHOT.jar:/home/user/.m2/repository/com/google/protobuf/protobuf-java/2.5.0/protobuf-java-2.5.0.jar:/home/user/.m2/repository/io/grpc/grpc-netty/1.29.0/grpc-netty-1.29.0.jar:/home/user/.m2/repository/io/grpc/grpc-core/1.29.0/grpc-core-1.29.0.jar:/home/user/.m2/repository/com/google/android/annotations/4.1.1.4/annotations-4.1.1.4.jar:/home/user/.m2/repository/io/perfmark/perfmark-api/0.19.0/perfmark-api-0.19.0.jar:/home/user/.m2/repository/io/netty/netty-codec-http2/4.1.48.Final/netty-codec-http2-4.1.48.Final.jar:/home/user/.m2/repository/io/netty/netty-codec/4.1.48.Final/netty-codec-4.1.48.Final.jar:/home/user/.m2/repository/io/netty/netty-handler/4.1.48.Final/netty-handler-4.1.48.Final.jar:/home/user/.m2/repository/io/netty/netty-codec-http/4.1.48.Final/netty-codec-http-4.1.48.Final.jar:/home/user/.m2/repository/io/netty/netty-handler-proxy/4.1.48.Final/netty-handler-proxy-4.1.48.Final.jar:/home/user/.m2/repository/io/netty/netty-codec-socks/4.1.48.Final/netty-codec-socks-4.1.48.Final.jar:/home/user/.m2/repository/io/netty/netty-transport-native-epoll/4.1.48.Final/netty-transport-native-epoll-4.1.48.Final.jar:/home/user/.m2/repository/io/netty/netty-common/4.1.48.Final/netty-common-4.1.48.Final.jar:/home/user/.m2/repository/io/netty/netty-buffer/4.1.48.Final/netty-buffer-4.1.48.Final.jar:/home/user/.m2/repository/io/netty/netty-transport/4.1.48.Final/netty-transport-4.1.48.Final.jar:/home/user/.m2/repository/io/netty/netty-resolver/4.1.48.Final/netty-resolver-4.1.48.Final.jar:/home/user/.m2/repository/io/netty/netty-transport-native-unix-common/4.1.48.Final/netty-transport-native-unix-common-4.1.48.Final.jar:/home/user/.m2/repository/io/grpc/grpc-protobuf/1.29.0/grpc-protobuf-1.29.0.jar:/home/user/.m2/repository/io/grpc/grpc-api/1.29.0/grpc-api-1.29.0.jar:/home/user/.m2/repository/io/grpc/grpc-context/1.29.0/grpc-context-1.29.0.jar:/home/user/.m2/repository/org/codehaus/mojo/animal-sniffer-annotations/1.18/animal-sniffer-annotations-1.18.jar:/home/user/.m2/repository/com/google/api/grpc/proto-google-common-protos/1.17.0/proto-google-common-protos-1.17.0.jar:/home/user/.m2/repository/io/grpc/grpc-protobuf-lite/1.29.0/grpc-protobuf-lite-1.29.0.jar:/home/user/.m2/repository/io/grpc/grpc-stub/1.29.0/grpc-stub-1.29.0.jar:/home/user/.m2/repository/org/apache/hadoop/hadoop-ozone-recon/1.1.0-SNAPSHOT/hadoop-ozone-recon-1.1.0-SNAPSHOT.jar:/home/user/.m2/repository/org/apache/hadoop/hadoop-ozone-reconcodegen/1.1.0-SNAPSHOT/hadoop-ozone-reconcodegen-1.1.0-SNAPSHOT.jar:/home/user/.m2/repository/com/google/inject/extensions/guice-multibindings/4.0/guice-multibindings-4.0.jar:/home/user/.m2/repository/com/google/inject/guice/4.0/guice-4.0.jar:/home/user/.m2/repository/aopalliance/aopalliance/1.0/aopalliance-1.0.jar:/home/user/.m2/repository/com/google/inject/extensions/guice-assistedinject/4.0/guice-assistedinject-4.0.jar:/home/user/.m2/repository/com/google/inject/extensions/guice-servlet/4.0/guice-servlet-4.0.jar:/home/user/.m2/repository/org/glassfish/jersey/containers/jersey-container-servlet/2.27/jersey-container-servlet-2.27.jar:/home/user/.m2/repository/org/glassfish/hk2/guice-bridge/2.5.0/guice-bridge-2.5.0.jar:/home/user/.m2/repository/org/glassfish/jersey/core/jersey-server/2.27/jersey-server-2.27.jar:/home/user/.m2/repository/org/glassfish/jersey/core/jersey-client/2.27/jersey-client-2.27.jar:/home/user/.m2/repository/org/glassfish/jersey/media/jersey-media-jaxb/2.27/jersey-media-jaxb-2.27.jar:/home/user/.m2/repository/javax/validation/validation-api/1.1.0.Final/validation-api-1.1.0.Final.jar:/home/user/.m2/repository/org/glassfish/jersey/media/jersey-media-json-jackson/2.27/jersey-media-json-jackson-2.27.jar:/home/user/.m2/repository/org/glassfish/jersey/ext/jersey-entity-filtering/2.27/jersey-entity-filtering-2.27.jar:/home/user/.m2/repository/org/jooq/jooq/3.11.10/jooq-3.11.10.jar:/home/user/.m2/repository/org/jooq/jooq-meta/3.11.10/jooq-meta-3.11.10.jar:/home/user/.m2/repository/org/jooq/jooq-codegen/3.11.10/jooq-codegen-3.11.10.jar:/home/user/.m2/repository/com/jolbox/bonecp/0.8.0.RELEASE/bonecp-0.8.0.RELEASE.jar:/home/user/.m2/repository/org/apache/derby/derby/10.14.2.0/derby-10.14.2.0.jar:/home/user/.m2/repository/org/xerial/sqlite-jdbc/3.25.2/sqlite-jdbc-3.25.2.jar:/home/user/.m2/repository/org/springframework/spring-jdbc/5.2.5.RELEASE/spring-jdbc-5.2.5.RELEASE.jar:/home/user/.m2/repository/org/springframework/spring-beans/5.2.5.RELEASE/spring-beans-5.2.5.RELEASE.jar:/home/user/.m2/repository/org/springframework/spring-core/5.2.5.RELEASE/spring-core-5.2.5.RELEASE.jar:/home/user/.m2/repository/org/springframework/spring-jcl/5.2.5.RELEASE/spring-jcl-5.2.5.RELEASE.jar:/home/user/.m2/repository/org/springframework/spring-tx/5.2.5.RELEASE/spring-tx-5.2.5.RELEASE.jar:/home/user/.m2/repository/org/apache/hadoop/hadoop-ozone-client/1.1.0-SNAPSHOT/hadoop-ozone-client-1.1.0-SNAPSHOT.jar:/home/user/.m2/repository/org/apache/hadoop/hadoop-ozone-filesystem/1.1.0-SNAPSHOT/hadoop-ozone-filesystem-1.1.0-SNAPSHOT.jar:/home/user/.m2/repository/org/apache/hadoop/hadoop-ozone-filesystem-common/1.1.0-SNAPSHOT/hadoop-ozone-filesystem-common-1.1.0-SNAPSHOT.jar:/home/user/.m2/repository/org/apache/hadoop/hadoop-ozone-tools/1.1.0-SNAPSHOT/hadoop-ozone-tools-1.1.0-SNAPSHOT.jar:/home/user/.m2/repository/org/apache/hadoop/hadoop-hdfs/3.2.1/hadoop-hdfs-3.2.1.jar:/home/user/.m2/repository/org/apache/ratis/ratis-tools/1.1.0-11689cd-SNAPSHOT/ratis-tools-1.1.0-11689cd-SNAPSHOT.jar:/home/user/.m2/repository/org/apache/ratis/ratis-proto/1.1.0-11689cd-SNAPSHOT/ratis-proto-1.1.0-11689cd-SNAPSHOT.jar:/home/user/.m2/repository/org/apache/ratis/ratis-common/1.1.0-11689cd-SNAPSHOT/ratis-common-1.1.0-11689cd-SNAPSHOT.jar:/home/user/.m2/repository/com/amazonaws/aws-java-sdk-core/1.11.615/aws-java-sdk-core-1.11.615.jar:/home/user/.m2/repository/org/apache/httpcomponents/httpclient/4.5.2/httpclient-4.5.2.jar:/home/user/.m2/repository/org/apache/httpcomponents/httpcore/4.4.4/httpcore-4.4.4.jar:/home/user/.m2/repository/software/amazon/ion/ion-java/1.0.2/ion-java-1.0.2.jar:/home/user/.m2/repository/com/fasterxml/jackson/dataformat/jackson-dataformat-cbor/2.10.3/jackson-dataformat-cbor-2.10.3.jar:/home/user/.m2/repository/joda-time/joda-time/2.8.1/joda-time-2.8.1.jar:/home/user/.m2/repository/com/amazonaws/aws-java-sdk-s3/1.11.615/aws-java-sdk-s3-1.11.615.jar:/home/user/.m2/repository/com/amazonaws/aws-java-sdk-kms/1.11.615/aws-java-sdk-kms-1.11.615.jar:/home/user/.m2/repository/com/amazonaws/jmespath-java/1.11.615/jmespath-java-1.11.615.jar:/home/user/.m2/repository/org/kohsuke/metainf-services/metainf-services/1.8/metainf-services-1.8.jar:/home/user/.m2/repository/org/apache/hadoop/hadoop-hdds-tools/1.1.0-SNAPSHOT/hadoop-hdds-tools-1.1.0-SNAPSHOT.jar:/home/user/.m2/repository/commons-cli/commons-cli/1.2/commons-cli-1.2.jar:/home/user/.m2/repository/org/apache/commons/commons-lang3/3.7/commons-lang3-3.7.jar:/home/user/.m2/repository/org/apache/hadoop/hadoop-ozone-ozone-manager/1.1.0-SNAPSHOT/hadoop-ozone-ozone-manager-1.1.0-SNAPSHOT-tests.jar:/home/user/.m2/repository/junit/junit/4.11/junit-4.11.jar:/home/user/.m2/repository/org/hamcrest/hamcrest-core/1.3/hamcrest-core-1.3.jar:/home/user/.m2/repository/org/openjdk/jmh/jmh-core/1.19/jmh-core-1.19.jar:/home/user/.m2/repository/net/sf/jopt-simple/jopt-simple/4.6/jopt-simple-4.6.jar:/home/user/.m2/repository/org/apache/commons/commons-math3/3.1.1/commons-math3-3.1.1.jar:/home/user/.m2/repository/org/openjdk/jmh/jmh-generator-annprocess/1.19/jmh-generator-annprocess-1.19.jar:/home/user/.m2/repository/org/mockito/mockito-all/1.8.5/mockito-all-1.8.5.jar:/home/user/.m2/repository/org/apache/hadoop/hadoop-kms/3.2.1/hadoop-kms-3.2.1.jar:/home/user/.m2/repository/org/apache/hadoop/hadoop-auth/3.2.1/hadoop-auth-3.2.1.jar:/home/user/.m2/repository/com/nimbusds/nimbus-jose-jwt/7.9/nimbus-jose-jwt-7.9.jar:/home/user/.m2/repository/com/github/stephenc/jcip/jcip-annotations/1.0-1/jcip-annotations-1.0-1.jar:/home/user/.m2/repository/net/minidev/json-smart/2.3/json-smart-2.3.jar:/home/user/.m2/repository/net/minidev/accessors-smart/1.2/accessors-smart-1.2.jar:/home/user/.m2/repository/org/ow2/asm/asm/5.0.4/asm-5.0.4.jar:/home/user/.m2/repository/org/apache/zookeeper/zookeeper/3.4.13/zookeeper-3.4.13.jar:/home/user/.m2/repository/org/apache/yetus/audience-annotations/0.5.0/audience-annotations-0.5.0.jar:/home/user/.m2/repository/org/apache/curator/curator-framework/2.13.0/curator-framework-2.13.0.jar:/home/user/.m2/repository/com/sun/jersey/jersey-core/1.19/jersey-core-1.19.jar:/home/user/.m2/repository/javax/ws/rs/jsr311-api/1.1.1/jsr311-api-1.1.1.jar:/home/user/.m2/repository/com/sun/jersey/jersey-server/1.19/jersey-server-1.19.jar:/home/user/.m2/repository/javax/servlet/javax.servlet-api/3.1.0/javax.servlet-api-3.1.0.jar:/home/user/.m2/repository/org/eclipse/jetty/jetty-server/9.4.34.v20201102/jetty-server-9.4.34.v20201102.jar:/home/user/.m2/repository/org/eclipse/jetty/jetty-http/9.4.34.v20201102/jetty-http-9.4.34.v20201102.jar:/home/user/.m2/repository/org/eclipse/jetty/jetty-io/9.4.34.v20201102/jetty-io-9.4.34.v20201102.jar:/home/user/.m2/repository/org/eclipse/jetty/jetty-webapp/9.4.34.v20201102/jetty-webapp-9.4.34.v20201102.jar:/home/user/.m2/repository/org/eclipse/jetty/jetty-xml/9.4.34.v20201102/jetty-xml-9.4.34.v20201102.jar:/home/user/.m2/repository/org/eclipse/jetty/jetty-servlet/9.4.34.v20201102/jetty-servlet-9.4.34.v20201102.jar:/home/user/.m2/repository/org/eclipse/jetty/jetty-security/9.4.34.v20201102/jetty-security-9.4.34.v20201102.jar:/home/user/.m2/repository/org/apache/hadoop/hadoop-common/3.2.1/hadoop-common-3.2.1.jar:/home/user/.m2/repository/commons-net/commons-net/3.6/commons-net-3.6.jar:/home/user/.m2/repository/commons-collections/commons-collections/3.2.2/commons-collections-3.2.2.jar:/home/user/.m2/repository/com/sun/jersey/jersey-servlet/1.19/jersey-servlet-1.19.jar:/home/user/.m2/repository/com/sun/jersey/jersey-json/1.19/jersey-json-1.19.jar:/home/user/.m2/repository/org/codehaus/jettison/jettison/1.1/jettison-1.1.jar:/home/user/.m2/repository/org/codehaus/jackson/jackson-jaxrs/1.9.2/jackson-jaxrs-1.9.2.jar:/home/user/.m2/repository/org/codehaus/jackson/jackson-xc/1.9.2/jackson-xc-1.9.2.jar:/home/user/.m2/repository/commons-beanutils/commons-beanutils/1.9.4/commons-beanutils-1.9.4.jar:/home/user/.m2/repository/org/apache/commons/commons-configuration2/2.1.1/commons-configuration2-2.1.1.jar:/home/user/.m2/repository/org/apache/commons/commons-text/1.4/commons-text-1.4.jar:/home/user/.m2/repository/com/google/re2j/re2j/1.1/re2j-1.1.jar:/home/user/.m2/repository/com/jcraft/jsch/0.1.54/jsch-0.1.54.jar:/home/user/.m2/repository/org/apache/curator/curator-client/2.13.0/curator-client-2.13.0.jar:/home/user/.m2/repository/org/apache/curator/curator-recipes/2.13.0/curator-recipes-2.13.0.jar:/home/user/.m2/repository/dnsjava/dnsjava/2.1.7/dnsjava-2.1.7.jar:/home/user/.m2/repository/org/slf4j/jul-to-slf4j/1.7.25/jul-to-slf4j-1.7.25.jar:/home/user/.m2/repository/org/eclipse/jetty/jetty-util/9.4.34.v20201102/jetty-util-9.4.34.v20201102.jar:/home/user/.m2/repository/com/fasterxml/jackson/core/jackson-databind/2.10.3/jackson-databind-2.10.3.jar:/home/user/.m2/repository/org/apache/hadoop/hadoop-kms/3.2.1/hadoop-kms-3.2.1-tests.jar:/home/user/.m2/repository/org/apache/hadoop/hadoop-hdds-server-scm/1.1.0-SNAPSHOT/hadoop-hdds-server-scm-1.1.0-SNAPSHOT-tests.jar:/home/user/.m2/repository/org/apache/hadoop/hadoop-hdds-container-service/1.1.0-SNAPSHOT/hadoop-hdds-container-service-1.1.0-SNAPSHOT-tests.jar:/home/user/.m2/repository/org/apache/hadoop/hadoop-hdds-common/1.1.0-SNAPSHOT/hadoop-hdds-common-1.1.0-SNAPSHOT-tests.jar:/home/user/.m2/repository/org/yaml/snakeyaml/1.16/snakeyaml-1.16.jar:/home/user/.m2/repository/org/apache/hadoop/hadoop-hdds-hadoop-dependency-test/1.1.0-SNAPSHOT/hadoop-hdds-hadoop-dependency-test-1.1.0-SNAPSHOT.jar:/home/user/.m2/repository/org/apache/hadoop/hadoop-common/3.2.1/hadoop-common-3.2.1-tests.jar:/home/user/.m2/repository/javax/servlet/jsp/jsp-api/2.1/jsp-api-2.1.jar:/home/user/.m2/repository/org/apache/hadoop/hadoop-hdfs/3.2.1/hadoop-hdfs-3.2.1-tests.jar:/home/user/.m2/repository/org/eclipse/jetty/jetty-util-ajax/9.4.34.v20201102/jetty-util-ajax-9.4.34.v20201102.jar:/home/user/.m2/repository/commons-codec/commons-codec/1.11/commons-codec-1.11.jar:/home/user/.m2/repository/commons-daemon/commons-daemon/1.0.13/commons-daemon-1.0.13.jar:/home/user/.m2/repository/io/netty/netty/3.10.5.Final/netty-3.10.5.Final.jar:/home/user/.m2/repository/io/netty/netty-all/4.1.48.Final/netty-all-4.1.48.Final.jar:/home/user/.m2/repository/org/apache/htrace/htrace-core4/4.1.0-incubating/htrace-core4-4.1.0-incubating.jar:/home/user/.m2/repository/org/fusesource/leveldbjni/leveldbjni-all/1.8/leveldbjni-all-1.8.jar:/home/user/.m2/repository/org/apache/hadoop/hadoop-distcp/3.2.1/hadoop-distcp-3.2.1.jar:/home/user/.m2/repository/org/apache/hadoop/hadoop-mapreduce-client-jobclient/3.2.1/hadoop-mapreduce-client-jobclient-3.2.1.jar:/home/user/.m2/repository/org/apache/hadoop/hadoop-mapreduce-client-common/3.2.1/hadoop-mapreduce-client-common-3.2.1.jar:/home/user/.m2/repository/org/apache/hadoop/hadoop-yarn-common/3.2.1/hadoop-yarn-common-3.2.1.jar:/home/user/.m2/repository/org/apache/hadoop/hadoop-yarn-api/3.2.1/hadoop-yarn-api-3.2.1.jar:/home/user/.m2/repository/com/sun/jersey/jersey-client/1.19/jersey-client-1.19.jar:/home/user/.m2/repository/com/sun/jersey/contribs/jersey-guice/1.19/jersey-guice-1.19.jar:/home/user/.m2/repository/com/fasterxml/jackson/jaxrs/jackson-jaxrs-json-provider/2.10.3/jackson-jaxrs-json-provider-2.10.3.jar:/home/user/.m2/repository/com/fasterxml/jackson/jaxrs/jackson-jaxrs-base/2.10.3/jackson-jaxrs-base-2.10.3.jar:/home/user/.m2/repository/org/apache/hadoop/hadoop-yarn-client/3.2.1/hadoop-yarn-client-3.2.1.jar:/home/user/.m2/repository/org/apache/hadoop/hadoop-mapreduce-client-core/3.2.1/hadoop-mapreduce-client-core-3.2.1.jar:/home/user/.m2/repository/org/apache/avro/avro/1.7.7/avro-1.7.7.jar:/home/user/.m2/repository/org/codehaus/jackson/jackson-core-asl/1.9.13/jackson-core-asl-1.9.13.jar:/home/user/.m2/repository/org/codehaus/jackson/jackson-mapper-asl/1.9.13/jackson-mapper-asl-1.9.13.jar:/home/user/.m2/repository/com/thoughtworks/paranamer/paranamer/2.3/paranamer-2.3.jar:/home/user/.m2/repository/org/xerial/snappy/snappy-java/1.0.5/snappy-java-1.0.5.jar:/home/user/.m2/repository/org/apache/hadoop/hadoop-annotations/3.2.1/hadoop-annotations-3.2.1.jar:/usr/lib/jvm/java-1.8.0-openjdk-1.8.0.232.b09-0.el7_7.x86_64/jre/../lib/tools.jar:/home/user/.m2/repository/org/apache/hadoop/hadoop-distcp/3.2.1/hadoop-distcp-3.2.1-tests.jar:"/>
    <property name="sun.cpu.endian" value="little"/>
    <property name="user.home" value="/home/user"/>
    <property name="user.language" value="en"/>
    <property name="java.specification.vendor" value="Oracle Corporation"/>
    <property name="java.home" value="/usr/lib/jvm/java-1.8.0-openjdk-1.8.0.232.b09-0.el7_7.x86_64/jre"/>
    <property name="java.security.krb5.conf" value="/github/workspace/mnt/ozone/hadoop-ozone/integration-test/target/test-classes/krb5.conf"/>
    <property name="basedir" value="/github/workspace/mnt/ozone/hadoop-ozone/integration-test"/>
    <property name="file.separator" value="/"/>
    <property name="line.separator" value="&#10;"/>
    <property name="java.vm.specification.vendor" value="Oracle Corporation"/>
    <property name="java.specification.name" value="Java Platform API Specification"/>
    <property name="java.awt.graphicsenv" value="sun.awt.X11GraphicsEnvironment"/>
    <property name="skip.installnpx" value="true"/>
    <property name="surefire.real.class.path" value="/github/workspace/mnt/ozone/hadoop-ozone/integration-test/target/surefire/surefirebooter3800445095232897016.jar:/home/user/.m2/repository/org/jacoco/org.jacoco.agent/0.8.5/org.jacoco.agent-0.8.5-runtime.jar"/>
    <property name="hadoop.log.dir" value="/github/workspace/mnt/ozone/hadoop-ozone/integration-test/target/log"/>
    <property name="sun.boot.class.path" value="/usr/lib/jvm/java-1.8.0-openjdk-1.8.0.232.b09-0.el7_7.x86_64/jre/lib/resources.jar:/usr/lib/jvm/java-1.8.0-openjdk-1.8.0.232.b09-0.el7_7.x86_64/jre/lib/rt.jar:/usr/lib/jvm/java-1.8.0-openjdk-1.8.0.232.b09-0.el7_7.x86_64/jre/lib/sunrsasign.jar:/usr/lib/jvm/java-1.8.0-openjdk-1.8.0.232.b09-0.el7_7.x86_64/jre/lib/jsse.jar:/usr/lib/jvm/java-1.8.0-openjdk-1.8.0.232.b09-0.el7_7.x86_64/jre/lib/jce.jar:/usr/lib/jvm/java-1.8.0-openjdk-1.8.0.232.b09-0.el7_7.x86_64/jre/lib/charsets.jar:/usr/lib/jvm/java-1.8.0-openjdk-1.8.0.232.b09-0.el7_7.x86_64/jre/lib/jfr.jar:/usr/lib/jvm/java-1.8.0-openjdk-1.8.0.232.b09-0.el7_7.x86_64/jre/classes"/>
    <property name="sun.management.compiler" value="HotSpot 64-Bit Tiered Compilers"/>
    <property name="skip.npx" value="true"/>
    <property name="java.runtime.version" value="1.8.0_232-b09"/>
    <property name="java.net.preferIPv4Stack" value="true"/>
    <property name="user.name" value="jenkins1001"/>
    <property name="path.separator" value=":"/>
    <property name="java.security.egd" value="file:///dev/urandom"/>
    <property name="os.version" value="5.4.0-1031-azure"/>
    <property name="java.endorsed.dirs" value="/usr/lib/jvm/java-1.8.0-openjdk-1.8.0.232.b09-0.el7_7.x86_64/jre/lib/endorsed"/>
    <property name="java.runtime.name" value="OpenJDK Runtime Environment"/>
    <property name="file.encoding" value="ANSI_X3.4-1968"/>
    <property name="java.vm.name" value="OpenJDK 64-Bit Server VM"/>
    <property name="test.build.webapps" value=""/>
    <property name="localRepository" value="/home/user/.m2/repository"/>
    <property name="java.vendor.url.bug" value="http://bugreport.sun.com/bugreport/"/>
    <property name="java.io.tmpdir" value="/tmp"/>
    <property name="require.test.libhadoop" value=""/>
    <property name="java.version" value="1.8.0_232"/>
    <property name="user.dir" value="/github/workspace/mnt/ozone/hadoop-ozone/integration-test"/>
    <property name="os.arch" value="amd64"/>
    <property name="java.vm.specification.name" value="Java Virtual Machine Specification"/>
    <property name="test.build.classes" value="/github/workspace/mnt/ozone/hadoop-ozone/integration-test/target/test-classes"/>
    <property name="java.awt.printerjob" value="sun.print.PSPrinterJob"/>
    <property name="sun.os.patch.level" value="unknown"/>
    <property name="hadoop.tmp.dir" value="/github/workspace/mnt/ozone/hadoop-ozone/integration-test/target/tmp"/>
    <property name="java.library.path" value="/usr/lib:/usr/java/packages/lib/amd64:/usr/lib64:/lib64:/lib:/usr/lib"/>
    <property name="java.vm.info" value="mixed mode"/>
    <property name="java.vendor" value="Oracle Corporation"/>
    <property name="java.vm.version" value="25.232-b09"/>
    <property name="java.ext.dirs" value="/usr/lib/jvm/java-1.8.0-openjdk-1.8.0.232.b09-0.el7_7.x86_64/jre/lib/ext:/usr/java/packages/lib/ext"/>
    <property name="sun.io.unicode.encoding" value="UnicodeLittle"/>
    <property name="java.class.version" value="52.0"/>
  </properties>
  <testcase name="testOMRetryCache" classname="org.apache.hadoop.ozone.om.TestOzoneManagerHAMetadataOnly" time="28.859">
    <failure type="java.lang.AssertionError">java.lang.AssertionError
	at org.junit.Assert.fail(Assert.java:86)
	at org.junit.Assert.assertTrue(Assert.java:41)
	at org.junit.Assert.assertFalse(Assert.java:64)
	at org.junit.Assert.assertFalse(Assert.java:74)
	at org.apache.hadoop.ozone.om.TestOzoneManagerHAMetadataOnly.testOMRetryCache(TestOzoneManagerHAMetadataOnly.java:422)
	at sun.reflect.NativeMethodAccessorImpl.invoke0(Native Method)
	at sun.reflect.NativeMethodAccessorImpl.invoke(NativeMethodAccessorImpl.java:62)
	at sun.reflect.DelegatingMethodAccessorImpl.invoke(DelegatingMethodAccessorImpl.java:43)
	at java.lang.reflect.Method.invoke(Method.java:498)
	at org.junit.runners.model.FrameworkMethod$1.runReflectiveCall(FrameworkMethod.java:47)
	at org.junit.internal.runners.model.ReflectiveCallable.run(ReflectiveCallable.java:12)
	at org.junit.runners.model.FrameworkMethod.invokeExplosively(FrameworkMethod.java:44)
	at org.junit.internal.runners.statements.InvokeMethod.evaluate(InvokeMethod.java:17)
	at org.junit.internal.runners.statements.RunBefores.evaluate(RunBefores.java:26)
	at org.junit.internal.runners.statements.RunAfters.evaluate(RunAfters.java:27)
	at org.junit.rules.ExpectedException$ExpectedExceptionStatement.evaluate(ExpectedException.java:168)
	at org.junit.internal.runners.statements.FailOnTimeout$StatementThread.run(FailOnTimeout.java:74)
</failure>
    <system-out><![CDATA[2020-11-16 09:46:46,542 [Thread-1] WARN  server.ServerUtils (ServerUtils.java:getScmDbDir(148)) - ozone.scm.db.dirs is not configured. We recommend adding this setting. Falling back to ozone.metadata.dirs instead.
2020-11-16 09:46:46,638 [Thread-1] WARN  server.ServerUtils (ServerUtils.java:getScmDbDir(148)) - ozone.scm.db.dirs is not configured. We recommend adding this setting. Falling back to ozone.metadata.dirs instead.
2020-11-16 09:46:46,782 [Thread-1] WARN  db.DBStoreBuilder (DBStoreBuilder.java:applyDBDefinition(143)) - ozone.scm.db.dirs is not configured. We recommend adding this setting. Falling back to ozone.metadata.dirs instead.
2020-11-16 09:46:46,905 [Thread-1] INFO  net.NodeSchemaLoader (NodeSchemaLoader.java:loadSchemaFromFile(126)) - Loading file from sun.misc.CompoundEnumeration@4accc5f2
2020-11-16 09:46:46,906 [Thread-1] INFO  net.NodeSchemaLoader (NodeSchemaLoader.java:loadSchema(172)) - Loading network topology layer schema file
2020-11-16 09:46:46,979 [Thread-1] WARN  server.ServerUtils (ServerUtils.java:sanitizeUserArgs(73)) - ozone.scm.stale.node.interval value = 300000 is larger than max = 100000 based on the key value of ozone.scm.heartbeat.thread.interval, reset to the max value 100000.
2020-11-16 09:46:46,979 [Thread-1] WARN  server.ServerUtils (ServerUtils.java:sanitizeUserArgs(73)) - ozone.scm.stale.node.interval value = 300000 is larger than max = 100000 based on the key value of ozone.scm.heartbeat.thread.interval, reset to the max value 100000.
2020-11-16 09:46:46,985 [Thread-1] INFO  node.SCMNodeManager (SCMNodeManager.java:<init>(120)) - Entering startup safe mode.
2020-11-16 09:46:47,122 [Thread-1] INFO  algorithms.ContainerPlacementPolicyFactory (ContainerPlacementPolicyFactory.java:getPolicy(60)) - Create container placement policy of type org.apache.hadoop.hdds.scm.container.placement.algorithms.SCMContainerPlacementRandom
2020-11-16 09:46:47,160 [Thread-1] INFO  algorithms.LeaderChoosePolicyFactory (LeaderChoosePolicyFactory.java:getPolicy(57)) - Create leader choose policy of type org.apache.hadoop.hdds.scm.pipeline.leader.choose.algorithms.DefaultLeaderChoosePolicy
2020-11-16 09:46:47,161 [Thread-1] INFO  pipeline.SCMPipelineManager (SCMPipelineManager.java:initializePipelineState(161)) - No pipeline exists in current db
2020-11-16 09:46:47,201 [Thread-1] INFO  algorithms.PipelineChoosePolicyFactory (PipelineChoosePolicyFactory.java:createPipelineChoosePolicyFromClass(75)) - Create pipeline choose policy of type org.apache.hadoop.hdds.scm.pipeline.choose.algorithms.RandomPipelineChoosePolicy
2020-11-16 09:46:47,261 [Thread-1] INFO  safemode.HealthyPipelineSafeModeRule (HealthyPipelineSafeModeRule.java:<init>(89)) - Total pipeline count is 0, healthy pipeline threshold count is 0
2020-11-16 09:46:47,267 [Thread-1] INFO  safemode.OneReplicaPipelineSafeModeRule (OneReplicaPipelineSafeModeRule.java:<init>(79)) - Total pipeline count is 0, pipeline's with at least one datanode reported threshold count is 0
2020-11-16 09:46:47,712 [Thread-1] INFO  ipc.CallQueueManager (CallQueueManager.java:<init>(84)) - Using callQueue: class java.util.concurrent.LinkedBlockingQueue, queueCapacity: 2000, scheduler: class org.apache.hadoop.ipc.DefaultRpcScheduler, ipcBackoff: false.
2020-11-16 09:46:47,736 [Socket Reader #1 for port 0] INFO  ipc.Server (Server.java:run(1219)) - Starting Socket Reader #1 for port 0
2020-11-16 09:46:47,766 [Listener at 0.0.0.0/46191] INFO  ipc.CallQueueManager (CallQueueManager.java:<init>(84)) - Using callQueue: class java.util.concurrent.LinkedBlockingQueue, queueCapacity: 2000, scheduler: class org.apache.hadoop.ipc.DefaultRpcScheduler, ipcBackoff: false.
2020-11-16 09:46:47,767 [Socket Reader #1 for port 0] INFO  ipc.Server (Server.java:run(1219)) - Starting Socket Reader #1 for port 0
2020-11-16 09:46:47,779 [Listener at 0.0.0.0/40837] INFO  ipc.CallQueueManager (CallQueueManager.java:<init>(84)) - Using callQueue: class java.util.concurrent.LinkedBlockingQueue, queueCapacity: 2000, scheduler: class org.apache.hadoop.ipc.DefaultRpcScheduler, ipcBackoff: false.
2020-11-16 09:46:47,780 [Socket Reader #1 for port 0] INFO  ipc.Server (Server.java:run(1219)) - Starting Socket Reader #1 for port 0
2020-11-16 09:46:47,800 [Listener at 0.0.0.0/46157] INFO  http.BaseHttpServer (BaseHttpServer.java:newHttpServer2BuilderForOzone(207)) - Starting Web-server for scm at: http://0.0.0.0:0
2020-11-16 09:46:47,800 [Listener at 0.0.0.0/46157] INFO  http.BaseHttpServer (BaseHttpServer.java:<init>(106)) - Hadoop Security Enabled: false Ozone Security Enabled: false Ozone HTTP Security Enabled: false 
2020-11-16 09:46:47,826 [Listener at 0.0.0.0/46157] INFO  util.log (Log.java:initialized(169)) - Logging initialized @2435ms to org.eclipse.jetty.util.log.Slf4jLog
2020-11-16 09:46:47,953 [Listener at 0.0.0.0/46157] INFO  server.AuthenticationFilter (AuthenticationFilter.java:constructSecretProvider(240)) - Unable to initialize FileSignerSecretProvider, falling back to use random secrets.
2020-11-16 09:46:47,967 [Listener at 0.0.0.0/46157] WARN  http.HttpRequestLog (HttpRequestLog.java:getRequestLog(103)) - Jetty request log can only be enabled using Log4j
2020-11-16 09:46:47,972 [Listener at 0.0.0.0/46157] INFO  http.HttpServer2 (HttpServer2.java:addGlobalFilter(1019)) - Added global filter 'safety' (class=org.apache.hadoop.hdds.server.http.HttpServer2$QuotingInputFilter)
2020-11-16 09:46:47,974 [Listener at 0.0.0.0/46157] INFO  http.HttpServer2 (HttpServer2.java:addFilter(995)) - Added filter static_user_filter (class=org.apache.hadoop.http.lib.StaticUserWebFilter$StaticUserFilter) to context scm
2020-11-16 09:46:47,974 [Listener at 0.0.0.0/46157] INFO  http.HttpServer2 (HttpServer2.java:addFilter(1003)) - Added filter static_user_filter (class=org.apache.hadoop.http.lib.StaticUserWebFilter$StaticUserFilter) to context static
2020-11-16 09:46:47,975 [Listener at 0.0.0.0/46157] INFO  http.HttpServer2 (HttpServer2.java:addFilter(1003)) - Added filter static_user_filter (class=org.apache.hadoop.http.lib.StaticUserWebFilter$StaticUserFilter) to context logs
2020-11-16 09:46:48,018 [Listener at 0.0.0.0/46157] INFO  server.StorageContainerManager (StorageContainerManager.java:start(789)) - StorageContainerLocationProtocol RPC server is listening at /0.0.0.0:46157
2020-11-16 09:46:48,071 [Listener at 0.0.0.0/46157] WARN  impl.MetricsConfig (MetricsConfig.java:loadFirst(134)) - Cannot locate configuration: tried hadoop-metrics2-storagecontainermanager.properties,hadoop-metrics2.properties
2020-11-16 09:46:48,085 [Listener at 0.0.0.0/46157] INFO  impl.MetricsSystemImpl (MetricsSystemImpl.java:startTimer(374)) - Scheduled Metric snapshot period at 10 second(s).
2020-11-16 09:46:48,085 [Listener at 0.0.0.0/46157] INFO  impl.MetricsSystemImpl (MetricsSystemImpl.java:start(191)) - StorageContainerManager metrics system started
2020-11-16 09:46:48,303 [Listener at 0.0.0.0/46157] INFO  server.SCMClientProtocolServer (SCMClientProtocolServer.java:start(156)) - RPC server for Client  is listening at /0.0.0.0:46157
2020-11-16 09:46:48,303 [IPC Server Responder] INFO  ipc.Server (Server.java:run(1460)) - IPC Server Responder: starting
2020-11-16 09:46:48,304 [IPC Server listener on 0] INFO  ipc.Server (Server.java:run(1298)) - IPC Server listener on 0: starting
2020-11-16 09:46:48,307 [Listener at 0.0.0.0/46157] INFO  server.StorageContainerManager (StorageContainerManager.java:start(801)) - ScmBlockLocationProtocol RPC server is listening at /0.0.0.0:40837
2020-11-16 09:46:48,308 [Listener at 0.0.0.0/46157] INFO  server.SCMBlockProtocolServer (SCMBlockProtocolServer.java:start(149)) - RPC server for Block Protocol is listening at /0.0.0.0:40837
2020-11-16 09:46:48,308 [IPC Server Responder] INFO  ipc.Server (Server.java:run(1460)) - IPC Server Responder: starting
2020-11-16 09:46:48,308 [IPC Server listener on 0] INFO  ipc.Server (Server.java:run(1298)) - IPC Server listener on 0: starting
2020-11-16 09:46:48,324 [Listener at 0.0.0.0/46157] INFO  server.StorageContainerManager (StorageContainerManager.java:start(807)) - ScmDatanodeProtocl RPC server is listening at /0.0.0.0:46191
2020-11-16 09:46:48,324 [Listener at 0.0.0.0/46157] INFO  server.SCMDatanodeProtocolServer (SCMDatanodeProtocolServer.java:start(172)) - RPC server for DataNodes is listening at /0.0.0.0:46191
2020-11-16 09:46:48,325 [IPC Server Responder] INFO  ipc.Server (Server.java:run(1460)) - IPC Server Responder: starting
2020-11-16 09:46:48,325 [IPC Server listener on 0] INFO  ipc.Server (Server.java:run(1298)) - IPC Server listener on 0: starting
2020-11-16 09:46:48,330 [Listener at 0.0.0.0/46157] INFO  http.HttpServer2 (HttpServer2.java:bindListener(1237)) - Jetty bound to port 33523
2020-11-16 09:46:48,331 [Listener at 0.0.0.0/46157] INFO  server.Server (Server.java:doStart(375)) - jetty-9.4.34.v20201102; built: 2020-11-02T14:15:39.302Z; git: e46af88704a893fc12cb0e3bf46e2c7b48a009e7; jvm 1.8.0_232-b09
2020-11-16 09:46:48,363 [Listener at 0.0.0.0/46157] INFO  server.session (DefaultSessionIdManager.java:doStart(334)) - DefaultSessionIdManager workerName=node0
2020-11-16 09:46:48,364 [Listener at 0.0.0.0/46157] INFO  server.session (DefaultSessionIdManager.java:doStart(339)) - No SessionScavenger set, using defaults
2020-11-16 09:46:48,365 [Listener at 0.0.0.0/46157] INFO  server.session (HouseKeeper.java:startScavenging(132)) - node0 Scavenging every 600000ms
2020-11-16 09:46:48,380 [Listener at 0.0.0.0/46157] INFO  handler.ContextHandler (ContextHandler.java:doStart(916)) - Started o.e.j.s.ServletContextHandler@abce501{logs,/logs,file:///github/workspace/mnt/ozone/hadoop-ozone/integration-test/target/log,AVAILABLE}
2020-11-16 09:46:48,381 [Listener at 0.0.0.0/46157] INFO  handler.ContextHandler (ContextHandler.java:doStart(916)) - Started o.e.j.s.ServletContextHandler@1bff624d{static,/static,file:///github/workspace/mnt/ozone/hadoop-ozone/integration-test/target/test-classes/webapps/static,AVAILABLE}
2020-11-16 09:46:48,422 [Listener at 0.0.0.0/46157] INFO  handler.ContextHandler (ContextHandler.java:doStart(916)) - Started o.e.j.w.WebAppContext@75db91e5{scm,/,file:///github/workspace/mnt/ozone/hadoop-ozone/integration-test/target/test-classes/webapps/scm/,AVAILABLE}{file:/github/workspace/mnt/ozone/hadoop-ozone/integration-test/target/test-classes/webapps/scm}
2020-11-16 09:46:48,430 [Listener at 0.0.0.0/46157] INFO  server.AbstractConnector (AbstractConnector.java:doStart(331)) - Started ServerConnector@4b7315d{HTTP/1.1, (http/1.1)}{0.0.0.0:33523}
2020-11-16 09:46:48,430 [Listener at 0.0.0.0/46157] INFO  server.Server (Server.java:doStart(415)) - Started @3039ms
2020-11-16 09:46:48,432 [Listener at 0.0.0.0/46157] INFO  impl.MetricsSinkAdapter (MetricsSinkAdapter.java:start(204)) - Sink prometheus started
2020-11-16 09:46:48,432 [Listener at 0.0.0.0/46157] INFO  impl.MetricsSystemImpl (MetricsSystemImpl.java:registerSink(301)) - Registered sink prometheus
2020-11-16 09:46:48,436 [Listener at 0.0.0.0/46157] INFO  http.BaseHttpServer (BaseHttpServer.java:updateConnectorAddress(327)) - HTTP server of scm listening at http://0.0.0.0:33523
2020-11-16 09:46:48,450 [Listener at 0.0.0.0/46157] WARN  server.ServerUtils (ServerUtils.java:getDBPath(225)) - ozone.om.db.dirs is not configured. We recommend adding this setting. Falling back to ozone.metadata.dirs instead.
2020-11-16 09:46:48,452 [org.apache.hadoop.util.JvmPauseMonitor$Monitor@66212e42] INFO  util.JvmPauseMonitor (JvmPauseMonitor.java:run(188)) - Starting JVM pause monitor
2020-11-16 09:46:48,585 [Listener at 0.0.0.0/46157] INFO  ha.OMHANodeDetails (OMHANodeDetails.java:loadOMHAConfig(110)) - ServiceID for OzoneManager is om-service-test1
2020-11-16 09:46:48,592 [Listener at 0.0.0.0/46157] INFO  ha.OMHANodeDetails (OMHANodeDetails.java:loadOMHAConfig(188)) - Found matching OM address with OMServiceId: om-service-test1, OMNodeId: omNode-1, RPC Address: localhost:12092 and Ratis port: 12096
2020-11-16 09:46:48,592 [Listener at 0.0.0.0/46157] INFO  ha.OMHANodeDetails (OMHANodeDetails.java:setOMNodeSpecificConfigs(314)) - Setting configuration key ozone.om.http-address with value of key ozone.om.http-address.omNode-1: 127.0.0.1:12094
2020-11-16 09:46:48,592 [Listener at 0.0.0.0/46157] INFO  ha.OMHANodeDetails (OMHANodeDetails.java:setOMNodeSpecificConfigs(314)) - Setting configuration key ozone.om.https-address with value of key ozone.om.https-address.omNode-1: 127.0.0.1:12095
2020-11-16 09:46:48,593 [Listener at 0.0.0.0/46157] INFO  ha.OMHANodeDetails (OMHANodeDetails.java:setOMNodeSpecificConfigs(314)) - Setting configuration key ozone.om.address with value of key ozone.om.address.omNode-1: 127.0.0.1:12092
2020-11-16 09:46:48,593 [Listener at 0.0.0.0/46157] WARN  server.ServerUtils (ServerUtils.java:getDBPath(225)) - ozone.om.db.dirs is not configured. We recommend adding this setting. Falling back to ozone.metadata.dirs instead.
2020-11-16 09:46:48,594 [Listener at 0.0.0.0/46157] WARN  server.ServerUtils (ServerUtils.java:getDBPath(225)) - ozone.om.db.dirs is not configured. We recommend adding this setting. Falling back to ozone.metadata.dirs instead.
2020-11-16 09:46:49,309 [Listener at 0.0.0.0/46157] WARN  server.ServerUtils (ServerUtils.java:getDBPath(225)) - ozone.om.db.dirs is not configured. We recommend adding this setting. Falling back to ozone.metadata.dirs instead.
2020-11-16 09:46:49,317 [Listener at 0.0.0.0/46157] INFO  codec.OmKeyInfoCodec (OmKeyInfoCodec.java:<init>(41)) - OmKeyInfoCodec ignorePipeline = true
2020-11-16 09:46:49,318 [Listener at 0.0.0.0/46157] INFO  codec.RepeatedOmKeyInfoCodec (RepeatedOmKeyInfoCodec.java:<init>(40)) - RepeatedOmKeyInfoCodec ignorePipeline = true
2020-11-16 09:46:49,464 [Listener at 0.0.0.0/46157] INFO  om.OzoneManager (OzoneManager.java:addS3GVolumeToDB(3739)) - Created Volume s3v With Owner jenkins1001 required for S3Gateway operations.
2020-11-16 09:46:49,473 [Listener at 0.0.0.0/46157] INFO  metrics.MetricRegistries (MetricRegistriesLoader.java:load(64)) - Loaded MetricRegistries class org.apache.ratis.metrics.impl.MetricRegistriesImpl
2020-11-16 09:46:49,506 [Listener at 0.0.0.0/46157] WARN  server.ServerUtils (ServerUtils.java:getDefaultRatisDirectory(237)) - Storage directory for Ratis is not configured. It is a good idea to map this to an SSD disk. Falling back to ozone.metadata.dirs
2020-11-16 09:46:49,530 [Listener at 0.0.0.0/46157] INFO  ratis.OzoneManagerRatisServer (OzoneManagerRatisServer.java:<init>(270)) - Instantiating OM Ratis server with GroupID: om-service-test1 and Raft Peers: localhost:12096, localhost:12102, localhost:12108
2020-11-16 09:46:49,539 [Listener at 0.0.0.0/46157] INFO  ratis.OzoneManagerStateMachine (OzoneManagerStateMachine.java:loadSnapshotInfoFromDB(519)) - LastAppliedIndex is set from TransactionInfo from OM DB as (t:0, i:~)
2020-11-16 09:46:49,565 [Listener at 0.0.0.0/46157] INFO  impl.RaftServerProxy (ConfUtils.java:logGet(44)) - raft.rpc.type = GRPC (default)
2020-11-16 09:46:49,634 [Listener at 0.0.0.0/46157] INFO  grpc.GrpcFactory (GrpcFactory.java:checkPooledByteBufAllocatorUseCacheForAllThreads(45)) - PERFORMANCE WARNING: useCacheForAllThreads is true that may cause Netty to create a lot garbage objects and, as a result, trigger GC.
	It is recommended to disable useCacheForAllThreads by setting -Dorg.apache.ratis.thirdparty.io.netty.allocator.useCacheForAllThreads=false in command line.
2020-11-16 09:46:49,638 [Listener at 0.0.0.0/46157] INFO  grpc.GrpcConfigKeys (ConfUtils.java:logGet(44)) - raft.grpc.server.port = 12096 (custom)
2020-11-16 09:46:49,638 [Listener at 0.0.0.0/46157] INFO  server.GrpcService (ConfUtils.java:logGet(44)) - raft.grpc.message.size.max = 33554432 (custom)
2020-11-16 09:46:49,640 [Listener at 0.0.0.0/46157] INFO  server.RaftServerConfigKeys (ConfUtils.java:logGet(44)) - raft.server.log.appender.buffer.byte-limit = 33554432 (custom)
2020-11-16 09:46:49,640 [Listener at 0.0.0.0/46157] INFO  server.GrpcService (ConfUtils.java:logGet(44)) - raft.grpc.flow.control.window = 1MB (=1048576) (default)
2020-11-16 09:46:49,642 [Listener at 0.0.0.0/46157] INFO  server.RaftServerConfigKeys (ConfUtils.java:logGet(44)) - raft.server.rpc.request.timeout = 3000ms (default)
2020-11-16 09:46:49,816 [Listener at 0.0.0.0/46157] INFO  server.RaftServerConfigKeys (ConfUtils.java:logGet(44)) - raft.server.storage.dir = [/github/workspace/mnt/ozone/hadoop-ozone/integration-test/target/test-dir/MiniOzoneClusterImpl-1d5c47ff-0822-4398-9acc-4b25d0bc1405/omNode-1/ratis] (custom)
2020-11-16 09:46:49,823 [Listener at 0.0.0.0/46157] INFO  impl.RaftServerProxy (RaftServerProxy.java:addNew(92)) - omNode-1: addNew group-523986131536:[omNode-3:localhost:12108:0, omNode-1:localhost:12096:0, omNode-2:localhost:12102:0] returns group-523986131536:java.util.concurrent.CompletableFuture@1e265c6e[Not completed]
2020-11-16 09:46:49,831 [Listener at 0.0.0.0/46157] INFO  om.OzoneManager (OzoneManager.java:initializeRatisServer(1334)) - OzoneManager Ratis server initialized at port 12096
2020-11-16 09:46:49,831 [Listener at 0.0.0.0/46157] WARN  server.ServerUtils (ServerUtils.java:getDefaultRatisDirectory(237)) - Storage directory for Ratis is not configured. It is a good idea to map this to an SSD disk. Falling back to ozone.metadata.dirs
2020-11-16 09:46:49,832 [Listener at 0.0.0.0/46157] WARN  server.ServerUtils (ServerUtils.java:getDefaultRatisDirectory(237)) - Storage directory for Ratis is not configured. It is a good idea to map this to an SSD disk. Falling back to ozone.metadata.dirs
2020-11-16 09:46:49,833 [Listener at 0.0.0.0/46157] INFO  snapshot.OzoneManagerSnapshotProvider (OzoneManagerSnapshotProvider.java:<init>(77)) - Initializing OM Snapshot Provider
2020-11-16 09:46:49,847 [pool-24-thread-1] INFO  impl.RaftServerImpl (RaftServerImpl.java:<init>(120)) - omNode-1: new RaftServerImpl for group-523986131536:[omNode-3:localhost:12108:0, omNode-1:localhost:12096:0, omNode-2:localhost:12102:0] with OzoneManagerStateMachine:uninitialized
2020-11-16 09:46:49,850 [pool-24-thread-1] INFO  server.RaftServerConfigKeys (ConfUtils.java:logGet(44)) - raft.server.rpc.timeout.min = 1s (custom)
2020-11-16 09:46:49,851 [pool-24-thread-1] INFO  server.RaftServerConfigKeys (ConfUtils.java:logGet(44)) - raft.server.rpc.timeout.max = 1200ms (custom)
2020-11-16 09:46:49,854 [pool-24-thread-1] INFO  server.RaftServerConfigKeys (ConfUtils.java:logGet(44)) - raft.server.rpcslowness.timeout = 2s (custom)
2020-11-16 09:46:49,855 [pool-24-thread-1] INFO  server.RaftServerConfigKeys (ConfUtils.java:logGet(44)) - raft.server.sleep.deviation.threshold = 300 (default)
2020-11-16 09:46:49,855 [pool-24-thread-1] INFO  server.RaftServerConfigKeys (ConfUtils.java:logGet(44)) - raft.server.log.appender.install.snapshot.enabled = false (custom)
2020-11-16 09:46:49,861 [pool-24-thread-1] INFO  impl.RaftServerImpl (ServerState.java:<init>(104)) - omNode-1@group-523986131536: ConfigurationManager, init=-1: [omNode-3:localhost:12108:0, omNode-1:localhost:12096:0, omNode-2:localhost:12102:0], old=null, confs=<EMPTY_MAP>
2020-11-16 09:46:49,867 [pool-24-thread-1] INFO  server.RaftServerConfigKeys (ConfUtils.java:logGet(44)) - raft.server.storage.dir = [/github/workspace/mnt/ozone/hadoop-ozone/integration-test/target/test-dir/MiniOzoneClusterImpl-1d5c47ff-0822-4398-9acc-4b25d0bc1405/omNode-1/ratis] (custom)
2020-11-16 09:46:49,880 [pool-24-thread-1] INFO  server.RaftServerConfigKeys (ConfUtils.java:logGet(44)) - raft.server.log.corruption.policy = EXCEPTION (default)
2020-11-16 09:46:49,888 [pool-24-thread-1] INFO  storage.RaftStorageDirectory (RaftStorageDirectory.java:analyzeStorage(261)) - The storage directory /github/workspace/mnt/ozone/hadoop-ozone/integration-test/target/test-dir/MiniOzoneClusterImpl-1d5c47ff-0822-4398-9acc-4b25d0bc1405/omNode-1/ratis/c9bc4cf4-3bc3-3c60-a66b-523986131536 does not exist. Creating ...
2020-11-16 09:46:49,898 [pool-24-thread-1] INFO  storage.RaftStorageDirectory (RaftStorageDirectory.java:tryLock(343)) - Lock on /github/workspace/mnt/ozone/hadoop-ozone/integration-test/target/test-dir/MiniOzoneClusterImpl-1d5c47ff-0822-4398-9acc-4b25d0bc1405/omNode-1/ratis/c9bc4cf4-3bc3-3c60-a66b-523986131536/in_use.lock acquired by nodename 20053@92f718008898
2020-11-16 09:46:49,909 [pool-24-thread-1] INFO  storage.RaftStorage (RaftStorage.java:format(84)) - Storage directory /github/workspace/mnt/ozone/hadoop-ozone/integration-test/target/test-dir/MiniOzoneClusterImpl-1d5c47ff-0822-4398-9acc-4b25d0bc1405/omNode-1/ratis/c9bc4cf4-3bc3-3c60-a66b-523986131536 has been successfully formatted.
2020-11-16 09:46:49,910 [pool-24-thread-1] INFO  server.RaftServerConfigKeys (ConfUtils.java:logGet(44)) - raft.server.notification.no-leader.timeout = 2s (custom)
2020-11-16 09:46:49,912 [pool-24-thread-1] INFO  server.RaftServerConfigKeys (ConfUtils.java:logGet(44)) - raft.server.log.use.memory = false (default)
2020-11-16 09:46:49,918 [pool-24-thread-1] INFO  server.RaftServerConfigKeys (ConfUtils.java:logGet(44)) - raft.server.log.purge.gap = 50 (custom)
2020-11-16 09:46:49,921 [pool-24-thread-1] INFO  metrics.RatisMetrics (RatisMetrics.java:lambda$create$0(36)) - Creating Metrics Registry : ratis.log_worker.omNode-1@group-523986131536
2020-11-16 09:46:49,940 [pool-24-thread-1] INFO  server.RaftServerConfigKeys (ConfUtils.java:logGet(44)) - raft.server.log.appender.buffer.byte-limit = 33554432 (custom)
2020-11-16 09:46:49,942 [pool-24-thread-1] INFO  server.RaftServerConfigKeys (ConfUtils.java:logGet(44)) - raft.server.log.segment.size.max = 4194304 (custom)
2020-11-16 09:46:49,957 [pool-24-thread-1] INFO  server.RaftServerConfigKeys (ConfUtils.java:logGet(44)) - raft.server.log.segment.cache.num.max = 2 (custom)
2020-11-16 09:46:49,970 [pool-24-thread-1] INFO  segmented.SegmentedRaftLogWorker (SegmentedRaftLogWorker.java:<init>(180)) - new omNode-1@group-523986131536-SegmentedRaftLogWorker for RaftStorage:Storage Directory /github/workspace/mnt/ozone/hadoop-ozone/integration-test/target/test-dir/MiniOzoneClusterImpl-1d5c47ff-0822-4398-9acc-4b25d0bc1405/omNode-1/ratis/c9bc4cf4-3bc3-3c60-a66b-523986131536
2020-11-16 09:46:49,970 [pool-24-thread-1] INFO  server.RaftServerConfigKeys (ConfUtils.java:logGet(44)) - raft.server.log.queue.byte-limit = 64MB (=67108864) (default)
2020-11-16 09:46:49,971 [pool-24-thread-1] INFO  server.RaftServerConfigKeys (ConfUtils.java:logGet(44)) - raft.server.log.queue.element-limit = 4096 (default)
2020-11-16 09:46:49,972 [pool-24-thread-1] INFO  server.RaftServerConfigKeys (ConfUtils.java:logGet(44)) - raft.server.log.segment.size.max = 4194304 (custom)
2020-11-16 09:46:49,972 [pool-24-thread-1] INFO  server.RaftServerConfigKeys (ConfUtils.java:logGet(44)) - raft.server.log.preallocated.size = 4194304 (custom)
2020-11-16 09:46:49,972 [pool-24-thread-1] INFO  server.RaftServerConfigKeys (ConfUtils.java:logGet(44)) - raft.server.log.write.buffer.size = 64KB (=65536) (default)
2020-11-16 09:46:49,973 [pool-24-thread-1] INFO  server.RaftServerConfigKeys (ConfUtils.java:logGet(44)) - raft.server.log.force.sync.num = 128 (default)
2020-11-16 09:46:49,984 [pool-24-thread-1] INFO  server.RaftServerConfigKeys (ConfUtils.java:logGet(44)) - raft.server.log.statemachine.data.sync = true (default)
2020-11-16 09:46:49,984 [pool-24-thread-1] INFO  server.RaftServerConfigKeys (ConfUtils.java:logGet(44)) - raft.server.log.statemachine.data.sync.timeout = 10s (default)
2020-11-16 09:46:49,984 [pool-24-thread-1] INFO  server.RaftServerConfigKeys (ConfUtils.java:logGet(44)) - raft.server.log.statemachine.data.sync.timeout.retry = -1 (default)
2020-11-16 09:46:49,998 [Listener at 0.0.0.0/46157] INFO  ipc.CallQueueManager (CallQueueManager.java:<init>(84)) - Using callQueue: class java.util.concurrent.LinkedBlockingQueue, queueCapacity: 2000, scheduler: class org.apache.hadoop.ipc.DefaultRpcScheduler, ipcBackoff: false.
2020-11-16 09:46:50,008 [pool-24-thread-1] INFO  server.RaftServerConfigKeys (ConfUtils.java:logGet(44)) - raft.server.log.statemachine.data.caching.enabled = false (default)
2020-11-16 09:46:50,014 [pool-24-thread-1] INFO  segmented.SegmentedRaftLogWorker (SegmentedRaftLogWorker.java:lambda$new$0(129)) - omNode-1@group-523986131536-SegmentedRaftLogWorker: flushIndex: setUnconditionally 0 -> -1
2020-11-16 09:46:50,014 [pool-24-thread-1] INFO  segmented.SegmentedRaftLogWorker (SegmentedRaftLogWorker.java:lambda$new$0(129)) - omNode-1@group-523986131536-SegmentedRaftLogWorker: safeCacheEvictIndex: setUnconditionally 0 -> -1
2020-11-16 09:46:50,015 [Socket Reader #1 for port 12092] INFO  ipc.Server (Server.java:run(1219)) - Starting Socket Reader #1 for port 12092
2020-11-16 09:46:50,026 [pool-24-thread-1] INFO  server.RaftServerConfigKeys (ConfUtils.java:logGet(44)) - raft.server.snapshot.auto.trigger.enabled = true (custom)
2020-11-16 09:46:50,028 [pool-24-thread-1] INFO  server.RaftServerConfigKeys (ConfUtils.java:logGet(44)) - raft.server.snapshot.auto.trigger.threshold = 50 (custom)
2020-11-16 09:46:50,031 [pool-24-thread-1] INFO  server.RaftServerConfigKeys (ConfUtils.java:logGet(44)) - raft.server.snapshot.retention.file.num = -1 (default)
2020-11-16 09:46:50,031 [pool-24-thread-1] INFO  server.RaftServerConfigKeys (ConfUtils.java:logGet(44)) - raft.server.log.purge.upto.snapshot.index = true (custom)
2020-11-16 09:46:50,032 [pool-24-thread-1] INFO  server.RaftServerConfigKeys (ConfUtils.java:logGet(44)) - raft.server.retrycache.expirytime = 600000ms (custom)
2020-11-16 09:46:50,057 [pool-24-thread-1] INFO  metrics.RatisMetrics (RatisMetrics.java:lambda$create$0(36)) - Creating Metrics Registry : ratis.leader_election.omNode-1@group-523986131536
2020-11-16 09:46:50,060 [pool-24-thread-1] INFO  metrics.RatisMetrics (RatisMetrics.java:lambda$create$0(36)) - Creating Metrics Registry : ratis.server.omNode-1@group-523986131536
2020-11-16 09:46:50,065 [Listener at 127.0.0.1/12092] INFO  impl.MetricsSystemImpl (MetricsSystemImpl.java:init(158)) - OzoneManager metrics system started (again)
2020-11-16 09:46:50,066 [Listener at 127.0.0.1/12092] INFO  om.OzoneManager (OzoneManager.java:start(1143)) - OzoneManager RPC server is listening at localhost/127.0.0.1:12092
2020-11-16 09:46:50,066 [Listener at 127.0.0.1/12092] INFO  ratis.OzoneManagerRatisServer (OzoneManagerRatisServer.java:start(372)) - Starting OzoneManagerRatisServer omNode-1 at port 12096
2020-11-16 09:46:50,071 [Listener at 127.0.0.1/12092] INFO  impl.RaftServerImpl (RaftServerImpl.java:start(209)) - omNode-1@group-523986131536: start as a follower, conf=-1: [omNode-3:localhost:12108:0, omNode-1:localhost:12096:0, omNode-2:localhost:12102:0], old=null
2020-11-16 09:46:50,073 [Listener at 127.0.0.1/12092] INFO  impl.RaftServerImpl (RaftServerImpl.java:setRole(198)) - omNode-1@group-523986131536: changes role from      null to FOLLOWER at term 0 for startAsFollower
2020-11-16 09:46:50,074 [Listener at 127.0.0.1/12092] INFO  impl.RoleInfo (RoleInfo.java:updateAndGet(143)) - omNode-1: start FollowerState
2020-11-16 09:46:50,075 [Listener at 127.0.0.1/12092] INFO  util.JmxRegister (JmxRegister.java:tryRegister(44)) - Successfully registered JMX Bean with object name Ratis:service=RaftServer,group=group-523986131536,id=omNode-1
2020-11-16 09:46:50,082 [Listener at 127.0.0.1/12092] INFO  metrics.RatisMetrics (RatisMetrics.java:lambda$create$0(36)) - Creating Metrics Registry : ratis.state_machine.omNode-1@group-523986131536
2020-11-16 09:46:50,084 [Listener at 127.0.0.1/12092] INFO  impl.RaftServerProxy (RaftServerProxy.java:lambda$start$3(307)) - omNode-1: start RPC server
2020-11-16 09:46:50,163 [Listener at 127.0.0.1/12092] INFO  server.GrpcService (GrpcService.java:startImpl(177)) - omNode-1: GrpcService started, listening on 0.0.0.0/0.0.0.0:12096
2020-11-16 09:46:50,177 [Listener at 127.0.0.1/12092] INFO  http.BaseHttpServer (BaseHttpServer.java:newHttpServer2BuilderForOzone(207)) - Starting Web-server for ozoneManager at: http://0.0.0.0:12094
2020-11-16 09:46:50,177 [Listener at 127.0.0.1/12092] INFO  http.BaseHttpServer (BaseHttpServer.java:<init>(106)) - Hadoop Security Enabled: false Ozone Security Enabled: false Ozone HTTP Security Enabled: false 
2020-11-16 09:46:50,179 [Listener at 127.0.0.1/12092] INFO  server.AuthenticationFilter (AuthenticationFilter.java:constructSecretProvider(240)) - Unable to initialize FileSignerSecretProvider, falling back to use random secrets.
2020-11-16 09:46:50,187 [Listener at 127.0.0.1/12092] WARN  http.HttpRequestLog (HttpRequestLog.java:getRequestLog(103)) - Jetty request log can only be enabled using Log4j
2020-11-16 09:46:50,188 [Listener at 127.0.0.1/12092] INFO  http.HttpServer2 (HttpServer2.java:addGlobalFilter(1019)) - Added global filter 'safety' (class=org.apache.hadoop.hdds.server.http.HttpServer2$QuotingInputFilter)
2020-11-16 09:46:50,190 [Listener at 127.0.0.1/12092] INFO  http.HttpServer2 (HttpServer2.java:addFilter(995)) - Added filter static_user_filter (class=org.apache.hadoop.http.lib.StaticUserWebFilter$StaticUserFilter) to context ozoneManager
2020-11-16 09:46:50,190 [Listener at 127.0.0.1/12092] INFO  http.HttpServer2 (HttpServer2.java:addFilter(1003)) - Added filter static_user_filter (class=org.apache.hadoop.http.lib.StaticUserWebFilter$StaticUserFilter) to context static
2020-11-16 09:46:50,190 [Listener at 127.0.0.1/12092] INFO  http.HttpServer2 (HttpServer2.java:addFilter(1003)) - Added filter static_user_filter (class=org.apache.hadoop.http.lib.StaticUserWebFilter$StaticUserFilter) to context logs
2020-11-16 09:46:50,195 [Listener at 127.0.0.1/12092] INFO  http.HttpServer2 (HttpServer2.java:bindListener(1237)) - Jetty bound to port 12094
2020-11-16 09:46:50,195 [Listener at 127.0.0.1/12092] INFO  server.Server (Server.java:doStart(375)) - jetty-9.4.34.v20201102; built: 2020-11-02T14:15:39.302Z; git: e46af88704a893fc12cb0e3bf46e2c7b48a009e7; jvm 1.8.0_232-b09
2020-11-16 09:46:50,204 [Listener at 127.0.0.1/12092] INFO  server.session (DefaultSessionIdManager.java:doStart(334)) - DefaultSessionIdManager workerName=node0
2020-11-16 09:46:50,204 [Listener at 127.0.0.1/12092] INFO  server.session (DefaultSessionIdManager.java:doStart(339)) - No SessionScavenger set, using defaults
2020-11-16 09:46:50,205 [Listener at 127.0.0.1/12092] INFO  server.session (HouseKeeper.java:startScavenging(132)) - node0 Scavenging every 600000ms
2020-11-16 09:46:50,208 [Listener at 127.0.0.1/12092] INFO  handler.ContextHandler (ContextHandler.java:doStart(916)) - Started o.e.j.s.ServletContextHandler@6bc32428{logs,/logs,file:///github/workspace/mnt/ozone/hadoop-ozone/integration-test/target/log,AVAILABLE}
2020-11-16 09:46:50,209 [Listener at 127.0.0.1/12092] INFO  handler.ContextHandler (ContextHandler.java:doStart(916)) - Started o.e.j.s.ServletContextHandler@22c676b6{static,/static,file:///github/workspace/mnt/ozone/hadoop-ozone/integration-test/target/test-classes/webapps/static,AVAILABLE}
2020-11-16 09:46:50,221 [Listener at 127.0.0.1/12092] INFO  handler.ContextHandler (ContextHandler.java:doStart(916)) - Started o.e.j.w.WebAppContext@2928ccca{ozoneManager,/,file:///github/workspace/mnt/ozone/hadoop-ozone/integration-test/target/test-classes/webapps/ozoneManager/,AVAILABLE}{file:/github/workspace/mnt/ozone/hadoop-ozone/integration-test/target/test-classes/webapps/ozoneManager}
2020-11-16 09:46:50,229 [Listener at 127.0.0.1/12092] INFO  server.AbstractConnector (AbstractConnector.java:doStart(331)) - Started ServerConnector@1ea0daf1{HTTP/1.1, (http/1.1)}{0.0.0.0:12094}
2020-11-16 09:46:50,229 [Listener at 127.0.0.1/12092] INFO  server.Server (Server.java:doStart(415)) - Started @4838ms
2020-11-16 09:46:50,229 [Listener at 127.0.0.1/12092] WARN  impl.MetricsSystemImpl (MetricsSystemImpl.java:register(276)) - Sink prometheus already exists!
2020-11-16 09:46:50,234 [Listener at 127.0.0.1/12092] INFO  http.BaseHttpServer (BaseHttpServer.java:updateConnectorAddress(327)) - HTTP server of ozoneManager listening at http://0.0.0.0:12094
2020-11-16 09:46:50,238 [IPC Server Responder] INFO  ipc.Server (Server.java:run(1460)) - IPC Server Responder: starting
2020-11-16 09:46:50,247 [IPC Server listener on 12092] INFO  ipc.Server (Server.java:run(1298)) - IPC Server listener on 12092: starting
2020-11-16 09:46:50,252 [Listener at 127.0.0.1/12092] INFO  om.OzoneManager (OzoneManager.java:startTrashEmptier(1268)) - Trash Interval set to 0. Files deleted will not move to trash
2020-11-16 09:46:50,257 [Listener at 127.0.0.1/12092] INFO  ozone.MiniOzoneHAClusterImpl (MiniOzoneHAClusterImpl.java:createOMService(380)) - Started OzoneManager RPC server at localhost/127.0.0.1:12092
2020-11-16 09:46:50,258 [Listener at 127.0.0.1/12092] WARN  server.ServerUtils (ServerUtils.java:getDBPath(225)) - ozone.om.db.dirs is not configured. We recommend adding this setting. Falling back to ozone.metadata.dirs instead.
2020-11-16 09:46:50,260 [Listener at 127.0.0.1/12092] INFO  ha.OMHANodeDetails (OMHANodeDetails.java:loadOMHAConfig(110)) - ServiceID for OzoneManager is om-service-test1
2020-11-16 09:46:50,260 [Listener at 127.0.0.1/12092] INFO  ha.OMHANodeDetails (OMHANodeDetails.java:loadOMHAConfig(188)) - Found matching OM address with OMServiceId: om-service-test1, OMNodeId: omNode-2, RPC Address: localhost:12098 and Ratis port: 12102
2020-11-16 09:46:50,261 [Listener at 127.0.0.1/12092] INFO  ha.OMHANodeDetails (OMHANodeDetails.java:setOMNodeSpecificConfigs(314)) - Setting configuration key ozone.om.http-address with value of key ozone.om.http-address.omNode-2: 127.0.0.1:12100
2020-11-16 09:46:50,261 [Listener at 127.0.0.1/12092] INFO  ha.OMHANodeDetails (OMHANodeDetails.java:setOMNodeSpecificConfigs(314)) - Setting configuration key ozone.om.https-address with value of key ozone.om.https-address.omNode-2: 127.0.0.1:12101
2020-11-16 09:46:50,261 [Listener at 127.0.0.1/12092] INFO  ha.OMHANodeDetails (OMHANodeDetails.java:setOMNodeSpecificConfigs(314)) - Setting configuration key ozone.om.address with value of key ozone.om.address.omNode-2: 127.0.0.1:12098
2020-11-16 09:46:50,261 [Listener at 127.0.0.1/12092] WARN  server.ServerUtils (ServerUtils.java:getDBPath(225)) - ozone.om.db.dirs is not configured. We recommend adding this setting. Falling back to ozone.metadata.dirs instead.
2020-11-16 09:46:50,261 [Listener at 127.0.0.1/12092] WARN  server.ServerUtils (ServerUtils.java:getDBPath(225)) - ozone.om.db.dirs is not configured. We recommend adding this setting. Falling back to ozone.metadata.dirs instead.
2020-11-16 09:46:50,264 [Listener at 127.0.0.1/12092] WARN  server.ServerUtils (ServerUtils.java:getDBPath(225)) - ozone.om.db.dirs is not configured. We recommend adding this setting. Falling back to ozone.metadata.dirs instead.
2020-11-16 09:46:50,266 [Listener at 127.0.0.1/12092] INFO  codec.OmKeyInfoCodec (OmKeyInfoCodec.java:<init>(41)) - OmKeyInfoCodec ignorePipeline = true
2020-11-16 09:46:50,266 [Listener at 127.0.0.1/12092] INFO  codec.RepeatedOmKeyInfoCodec (RepeatedOmKeyInfoCodec.java:<init>(40)) - RepeatedOmKeyInfoCodec ignorePipeline = true
2020-11-16 09:46:50,267 [org.apache.hadoop.util.JvmPauseMonitor$Monitor@22696968] INFO  util.JvmPauseMonitor (JvmPauseMonitor.java:run(188)) - Starting JVM pause monitor
2020-11-16 09:46:50,319 [Listener at 127.0.0.1/12092] INFO  om.OzoneManager (OzoneManager.java:addS3GVolumeToDB(3739)) - Created Volume s3v With Owner jenkins1001 required for S3Gateway operations.
2020-11-16 09:46:50,319 [Listener at 127.0.0.1/12092] WARN  server.ServerUtils (ServerUtils.java:getDefaultRatisDirectory(237)) - Storage directory for Ratis is not configured. It is a good idea to map this to an SSD disk. Falling back to ozone.metadata.dirs
2020-11-16 09:46:50,320 [Listener at 127.0.0.1/12092] INFO  ratis.OzoneManagerRatisServer (OzoneManagerRatisServer.java:<init>(270)) - Instantiating OM Ratis server with GroupID: om-service-test1 and Raft Peers: localhost:12102, localhost:12096, localhost:12108
2020-11-16 09:46:50,321 [Listener at 127.0.0.1/12092] INFO  ratis.OzoneManagerStateMachine (OzoneManagerStateMachine.java:loadSnapshotInfoFromDB(519)) - LastAppliedIndex is set from TransactionInfo from OM DB as (t:0, i:~)
2020-11-16 09:46:50,322 [Listener at 127.0.0.1/12092] INFO  impl.RaftServerProxy (ConfUtils.java:logGet(44)) - raft.rpc.type = GRPC (default)
2020-11-16 09:46:50,323 [Listener at 127.0.0.1/12092] INFO  grpc.GrpcFactory (GrpcFactory.java:checkPooledByteBufAllocatorUseCacheForAllThreads(45)) - PERFORMANCE WARNING: useCacheForAllThreads is true that may cause Netty to create a lot garbage objects and, as a result, trigger GC.
	It is recommended to disable useCacheForAllThreads by setting -Dorg.apache.ratis.thirdparty.io.netty.allocator.useCacheForAllThreads=false in command line.
2020-11-16 09:46:50,323 [Listener at 127.0.0.1/12092] INFO  grpc.GrpcConfigKeys (ConfUtils.java:logGet(44)) - raft.grpc.server.port = 12102 (custom)
2020-11-16 09:46:50,323 [Listener at 127.0.0.1/12092] INFO  server.GrpcService (ConfUtils.java:logGet(44)) - raft.grpc.message.size.max = 33554432 (custom)
2020-11-16 09:46:50,325 [Listener at 127.0.0.1/12092] INFO  server.RaftServerConfigKeys (ConfUtils.java:logGet(44)) - raft.server.log.appender.buffer.byte-limit = 33554432 (custom)
2020-11-16 09:46:50,325 [Listener at 127.0.0.1/12092] INFO  server.GrpcService (ConfUtils.java:logGet(44)) - raft.grpc.flow.control.window = 1MB (=1048576) (default)
2020-11-16 09:46:50,325 [Listener at 127.0.0.1/12092] INFO  server.RaftServerConfigKeys (ConfUtils.java:logGet(44)) - raft.server.rpc.request.timeout = 3000ms (default)
2020-11-16 09:46:50,329 [Listener at 127.0.0.1/12092] INFO  server.RaftServerConfigKeys (ConfUtils.java:logGet(44)) - raft.server.storage.dir = [/github/workspace/mnt/ozone/hadoop-ozone/integration-test/target/test-dir/MiniOzoneClusterImpl-1d5c47ff-0822-4398-9acc-4b25d0bc1405/omNode-2/ratis] (custom)
2020-11-16 09:46:50,331 [Listener at 127.0.0.1/12092] INFO  impl.RaftServerProxy (RaftServerProxy.java:addNew(92)) - omNode-2: addNew group-523986131536:[omNode-3:localhost:12108:0, omNode-1:localhost:12096:0, omNode-2:localhost:12102:0] returns group-523986131536:java.util.concurrent.CompletableFuture@30a420d[Not completed]
2020-11-16 09:46:50,332 [pool-42-thread-1] INFO  impl.RaftServerImpl (RaftServerImpl.java:<init>(120)) - omNode-2: new RaftServerImpl for group-523986131536:[omNode-3:localhost:12108:0, omNode-1:localhost:12096:0, omNode-2:localhost:12102:0] with OzoneManagerStateMachine:uninitialized
2020-11-16 09:46:50,332 [Listener at 127.0.0.1/12092] INFO  om.OzoneManager (OzoneManager.java:initializeRatisServer(1334)) - OzoneManager Ratis server initialized at port 12102
2020-11-16 09:46:50,332 [Listener at 127.0.0.1/12092] WARN  server.ServerUtils (ServerUtils.java:getDefaultRatisDirectory(237)) - Storage directory for Ratis is not configured. It is a good idea to map this to an SSD disk. Falling back to ozone.metadata.dirs
2020-11-16 09:46:50,333 [Listener at 127.0.0.1/12092] WARN  server.ServerUtils (ServerUtils.java:getDefaultRatisDirectory(237)) - Storage directory for Ratis is not configured. It is a good idea to map this to an SSD disk. Falling back to ozone.metadata.dirs
2020-11-16 09:46:50,333 [Listener at 127.0.0.1/12092] INFO  snapshot.OzoneManagerSnapshotProvider (OzoneManagerSnapshotProvider.java:<init>(77)) - Initializing OM Snapshot Provider
2020-11-16 09:46:50,335 [Listener at 127.0.0.1/12092] INFO  ipc.CallQueueManager (CallQueueManager.java:<init>(84)) - Using callQueue: class java.util.concurrent.LinkedBlockingQueue, queueCapacity: 2000, scheduler: class org.apache.hadoop.ipc.DefaultRpcScheduler, ipcBackoff: false.
2020-11-16 09:46:50,338 [pool-42-thread-1] INFO  server.RaftServerConfigKeys (ConfUtils.java:logGet(44)) - raft.server.rpc.timeout.min = 1s (custom)
2020-11-16 09:46:50,338 [pool-42-thread-1] INFO  server.RaftServerConfigKeys (ConfUtils.java:logGet(44)) - raft.server.rpc.timeout.max = 1200ms (custom)
2020-11-16 09:46:50,338 [pool-42-thread-1] INFO  server.RaftServerConfigKeys (ConfUtils.java:logGet(44)) - raft.server.rpcslowness.timeout = 2s (custom)
2020-11-16 09:46:50,338 [pool-42-thread-1] INFO  server.RaftServerConfigKeys (ConfUtils.java:logGet(44)) - raft.server.sleep.deviation.threshold = 300 (default)
2020-11-16 09:46:50,338 [pool-42-thread-1] INFO  server.RaftServerConfigKeys (ConfUtils.java:logGet(44)) - raft.server.log.appender.install.snapshot.enabled = false (custom)
2020-11-16 09:46:50,338 [pool-42-thread-1] INFO  impl.RaftServerImpl (ServerState.java:<init>(104)) - omNode-2@group-523986131536: ConfigurationManager, init=-1: [omNode-3:localhost:12108:0, omNode-1:localhost:12096:0, omNode-2:localhost:12102:0], old=null, confs=<EMPTY_MAP>
2020-11-16 09:46:50,339 [pool-42-thread-1] INFO  server.RaftServerConfigKeys (ConfUtils.java:logGet(44)) - raft.server.storage.dir = [/github/workspace/mnt/ozone/hadoop-ozone/integration-test/target/test-dir/MiniOzoneClusterImpl-1d5c47ff-0822-4398-9acc-4b25d0bc1405/omNode-2/ratis] (custom)
2020-11-16 09:46:50,339 [pool-42-thread-1] INFO  server.RaftServerConfigKeys (ConfUtils.java:logGet(44)) - raft.server.log.corruption.policy = EXCEPTION (default)
2020-11-16 09:46:50,339 [Socket Reader #1 for port 12098] INFO  ipc.Server (Server.java:run(1219)) - Starting Socket Reader #1 for port 12098
2020-11-16 09:46:50,339 [pool-42-thread-1] INFO  storage.RaftStorageDirectory (RaftStorageDirectory.java:analyzeStorage(261)) - The storage directory /github/workspace/mnt/ozone/hadoop-ozone/integration-test/target/test-dir/MiniOzoneClusterImpl-1d5c47ff-0822-4398-9acc-4b25d0bc1405/omNode-2/ratis/c9bc4cf4-3bc3-3c60-a66b-523986131536 does not exist. Creating ...
2020-11-16 09:46:50,350 [pool-42-thread-1] INFO  storage.RaftStorageDirectory (RaftStorageDirectory.java:tryLock(343)) - Lock on /github/workspace/mnt/ozone/hadoop-ozone/integration-test/target/test-dir/MiniOzoneClusterImpl-1d5c47ff-0822-4398-9acc-4b25d0bc1405/omNode-2/ratis/c9bc4cf4-3bc3-3c60-a66b-523986131536/in_use.lock acquired by nodename 20053@92f718008898
2020-11-16 09:46:50,351 [pool-42-thread-1] INFO  storage.RaftStorage (RaftStorage.java:format(84)) - Storage directory /github/workspace/mnt/ozone/hadoop-ozone/integration-test/target/test-dir/MiniOzoneClusterImpl-1d5c47ff-0822-4398-9acc-4b25d0bc1405/omNode-2/ratis/c9bc4cf4-3bc3-3c60-a66b-523986131536 has been successfully formatted.
2020-11-16 09:46:50,352 [pool-42-thread-1] INFO  server.RaftServerConfigKeys (ConfUtils.java:logGet(44)) - raft.server.notification.no-leader.timeout = 2s (custom)
2020-11-16 09:46:50,352 [pool-42-thread-1] INFO  server.RaftServerConfigKeys (ConfUtils.java:logGet(44)) - raft.server.log.use.memory = false (default)
2020-11-16 09:46:50,352 [pool-42-thread-1] INFO  server.RaftServerConfigKeys (ConfUtils.java:logGet(44)) - raft.server.log.purge.gap = 50 (custom)
2020-11-16 09:46:50,352 [pool-42-thread-1] INFO  metrics.RatisMetrics (RatisMetrics.java:lambda$create$0(36)) - Creating Metrics Registry : ratis.log_worker.omNode-2@group-523986131536
2020-11-16 09:46:50,352 [pool-42-thread-1] INFO  server.RaftServerConfigKeys (ConfUtils.java:logGet(44)) - raft.server.log.appender.buffer.byte-limit = 33554432 (custom)
2020-11-16 09:46:50,352 [pool-42-thread-1] INFO  server.RaftServerConfigKeys (ConfUtils.java:logGet(44)) - raft.server.log.segment.size.max = 4194304 (custom)
2020-11-16 09:46:50,353 [pool-42-thread-1] INFO  server.RaftServerConfigKeys (ConfUtils.java:logGet(44)) - raft.server.log.segment.cache.num.max = 2 (custom)
2020-11-16 09:46:50,353 [pool-42-thread-1] INFO  segmented.SegmentedRaftLogWorker (SegmentedRaftLogWorker.java:<init>(180)) - new omNode-2@group-523986131536-SegmentedRaftLogWorker for RaftStorage:Storage Directory /github/workspace/mnt/ozone/hadoop-ozone/integration-test/target/test-dir/MiniOzoneClusterImpl-1d5c47ff-0822-4398-9acc-4b25d0bc1405/omNode-2/ratis/c9bc4cf4-3bc3-3c60-a66b-523986131536
2020-11-16 09:46:50,353 [pool-42-thread-1] INFO  server.RaftServerConfigKeys (ConfUtils.java:logGet(44)) - raft.server.log.queue.byte-limit = 64MB (=67108864) (default)
2020-11-16 09:46:50,359 [pool-42-thread-1] INFO  server.RaftServerConfigKeys (ConfUtils.java:logGet(44)) - raft.server.log.queue.element-limit = 4096 (default)
2020-11-16 09:46:50,359 [pool-42-thread-1] INFO  server.RaftServerConfigKeys (ConfUtils.java:logGet(44)) - raft.server.log.segment.size.max = 4194304 (custom)
2020-11-16 09:46:50,359 [pool-42-thread-1] INFO  server.RaftServerConfigKeys (ConfUtils.java:logGet(44)) - raft.server.log.preallocated.size = 4194304 (custom)
2020-11-16 09:46:50,359 [pool-42-thread-1] INFO  server.RaftServerConfigKeys (ConfUtils.java:logGet(44)) - raft.server.log.write.buffer.size = 64KB (=65536) (default)
2020-11-16 09:46:50,359 [pool-42-thread-1] INFO  server.RaftServerConfigKeys (ConfUtils.java:logGet(44)) - raft.server.log.force.sync.num = 128 (default)
2020-11-16 09:46:50,359 [pool-42-thread-1] INFO  server.RaftServerConfigKeys (ConfUtils.java:logGet(44)) - raft.server.log.statemachine.data.sync = true (default)
2020-11-16 09:46:50,359 [pool-42-thread-1] INFO  server.RaftServerConfigKeys (ConfUtils.java:logGet(44)) - raft.server.log.statemachine.data.sync.timeout = 10s (default)
2020-11-16 09:46:50,359 [pool-42-thread-1] INFO  server.RaftServerConfigKeys (ConfUtils.java:logGet(44)) - raft.server.log.statemachine.data.sync.timeout.retry = -1 (default)
2020-11-16 09:46:50,360 [pool-42-thread-1] INFO  server.RaftServerConfigKeys (ConfUtils.java:logGet(44)) - raft.server.log.statemachine.data.caching.enabled = false (default)
2020-11-16 09:46:50,361 [pool-42-thread-1] INFO  segmented.SegmentedRaftLogWorker (SegmentedRaftLogWorker.java:lambda$new$0(129)) - omNode-2@group-523986131536-SegmentedRaftLogWorker: flushIndex: setUnconditionally 0 -> -1
2020-11-16 09:46:50,361 [pool-42-thread-1] INFO  segmented.SegmentedRaftLogWorker (SegmentedRaftLogWorker.java:lambda$new$0(129)) - omNode-2@group-523986131536-SegmentedRaftLogWorker: safeCacheEvictIndex: setUnconditionally 0 -> -1
2020-11-16 09:46:50,362 [pool-42-thread-1] INFO  server.RaftServerConfigKeys (ConfUtils.java:logGet(44)) - raft.server.snapshot.auto.trigger.enabled = true (custom)
2020-11-16 09:46:50,363 [pool-42-thread-1] INFO  server.RaftServerConfigKeys (ConfUtils.java:logGet(44)) - raft.server.snapshot.auto.trigger.threshold = 50 (custom)
2020-11-16 09:46:50,365 [pool-42-thread-1] INFO  server.RaftServerConfigKeys (ConfUtils.java:logGet(44)) - raft.server.snapshot.retention.file.num = -1 (default)
2020-11-16 09:46:50,365 [pool-42-thread-1] INFO  server.RaftServerConfigKeys (ConfUtils.java:logGet(44)) - raft.server.log.purge.upto.snapshot.index = true (custom)
2020-11-16 09:46:50,365 [pool-42-thread-1] INFO  server.RaftServerConfigKeys (ConfUtils.java:logGet(44)) - raft.server.retrycache.expirytime = 600000ms (custom)
2020-11-16 09:46:50,365 [pool-42-thread-1] INFO  metrics.RatisMetrics (RatisMetrics.java:lambda$create$0(36)) - Creating Metrics Registry : ratis.leader_election.omNode-2@group-523986131536
2020-11-16 09:46:50,366 [pool-42-thread-1] INFO  metrics.RatisMetrics (RatisMetrics.java:lambda$create$0(36)) - Creating Metrics Registry : ratis.server.omNode-2@group-523986131536
2020-11-16 09:46:50,377 [Listener at 127.0.0.1/12098] INFO  impl.MetricsSystemImpl (MetricsSystemImpl.java:init(158)) - OzoneManager metrics system started (again)
2020-11-16 09:46:50,379 [Listener at 127.0.0.1/12098] INFO  om.OzoneManager (OzoneManager.java:start(1143)) - OzoneManager RPC server is listening at localhost/127.0.0.1:12098
2020-11-16 09:46:50,379 [Listener at 127.0.0.1/12098] INFO  ratis.OzoneManagerRatisServer (OzoneManagerRatisServer.java:start(372)) - Starting OzoneManagerRatisServer omNode-2 at port 12102
2020-11-16 09:46:50,379 [Listener at 127.0.0.1/12098] INFO  impl.RaftServerImpl (RaftServerImpl.java:start(209)) - omNode-2@group-523986131536: start as a follower, conf=-1: [omNode-3:localhost:12108:0, omNode-1:localhost:12096:0, omNode-2:localhost:12102:0], old=null
2020-11-16 09:46:50,380 [Listener at 127.0.0.1/12098] INFO  impl.RaftServerImpl (RaftServerImpl.java:setRole(198)) - omNode-2@group-523986131536: changes role from      null to FOLLOWER at term 0 for startAsFollower
2020-11-16 09:46:50,380 [Listener at 127.0.0.1/12098] INFO  impl.RoleInfo (RoleInfo.java:updateAndGet(143)) - omNode-2: start FollowerState
2020-11-16 09:46:50,383 [Listener at 127.0.0.1/12098] INFO  util.JmxRegister (JmxRegister.java:tryRegister(44)) - Successfully registered JMX Bean with object name Ratis:service=RaftServer,group=group-523986131536,id=omNode-2
2020-11-16 09:46:50,383 [Listener at 127.0.0.1/12098] INFO  metrics.RatisMetrics (RatisMetrics.java:lambda$create$0(36)) - Creating Metrics Registry : ratis.state_machine.omNode-2@group-523986131536
2020-11-16 09:46:50,386 [Listener at 127.0.0.1/12098] INFO  impl.RaftServerProxy (RaftServerProxy.java:lambda$start$3(307)) - omNode-2: start RPC server
2020-11-16 09:46:50,388 [Listener at 127.0.0.1/12098] INFO  server.GrpcService (GrpcService.java:startImpl(177)) - omNode-2: GrpcService started, listening on 0.0.0.0/0.0.0.0:12102
2020-11-16 09:46:50,392 [Listener at 127.0.0.1/12098] INFO  http.BaseHttpServer (BaseHttpServer.java:newHttpServer2BuilderForOzone(207)) - Starting Web-server for ozoneManager at: http://0.0.0.0:12100
2020-11-16 09:46:50,392 [Listener at 127.0.0.1/12098] INFO  http.BaseHttpServer (BaseHttpServer.java:<init>(106)) - Hadoop Security Enabled: false Ozone Security Enabled: false Ozone HTTP Security Enabled: false 
2020-11-16 09:46:50,393 [Listener at 127.0.0.1/12098] INFO  server.AuthenticationFilter (AuthenticationFilter.java:constructSecretProvider(240)) - Unable to initialize FileSignerSecretProvider, falling back to use random secrets.
2020-11-16 09:46:50,395 [Listener at 127.0.0.1/12098] WARN  http.HttpRequestLog (HttpRequestLog.java:getRequestLog(103)) - Jetty request log can only be enabled using Log4j
2020-11-16 09:46:50,396 [Listener at 127.0.0.1/12098] INFO  http.HttpServer2 (HttpServer2.java:addGlobalFilter(1019)) - Added global filter 'safety' (class=org.apache.hadoop.hdds.server.http.HttpServer2$QuotingInputFilter)
2020-11-16 09:46:50,397 [Listener at 127.0.0.1/12098] INFO  http.HttpServer2 (HttpServer2.java:addFilter(995)) - Added filter static_user_filter (class=org.apache.hadoop.http.lib.StaticUserWebFilter$StaticUserFilter) to context ozoneManager
2020-11-16 09:46:50,397 [Listener at 127.0.0.1/12098] INFO  http.HttpServer2 (HttpServer2.java:addFilter(1003)) - Added filter static_user_filter (class=org.apache.hadoop.http.lib.StaticUserWebFilter$StaticUserFilter) to context static
2020-11-16 09:46:50,397 [Listener at 127.0.0.1/12098] INFO  http.HttpServer2 (HttpServer2.java:addFilter(1003)) - Added filter static_user_filter (class=org.apache.hadoop.http.lib.StaticUserWebFilter$StaticUserFilter) to context logs
2020-11-16 09:46:50,398 [Listener at 127.0.0.1/12098] INFO  http.HttpServer2 (HttpServer2.java:bindListener(1237)) - Jetty bound to port 12100
2020-11-16 09:46:50,398 [Listener at 127.0.0.1/12098] INFO  server.Server (Server.java:doStart(375)) - jetty-9.4.34.v20201102; built: 2020-11-02T14:15:39.302Z; git: e46af88704a893fc12cb0e3bf46e2c7b48a009e7; jvm 1.8.0_232-b09
2020-11-16 09:46:50,404 [Listener at 127.0.0.1/12098] INFO  server.session (DefaultSessionIdManager.java:doStart(334)) - DefaultSessionIdManager workerName=node0
2020-11-16 09:46:50,404 [Listener at 127.0.0.1/12098] INFO  server.session (DefaultSessionIdManager.java:doStart(339)) - No SessionScavenger set, using defaults
2020-11-16 09:46:50,405 [Listener at 127.0.0.1/12098] INFO  server.session (HouseKeeper.java:startScavenging(132)) - node0 Scavenging every 600000ms
2020-11-16 09:46:50,405 [Listener at 127.0.0.1/12098] INFO  handler.ContextHandler (ContextHandler.java:doStart(916)) - Started o.e.j.s.ServletContextHandler@7ba8fe8b{logs,/logs,file:///github/workspace/mnt/ozone/hadoop-ozone/integration-test/target/log,AVAILABLE}
2020-11-16 09:46:50,406 [Listener at 127.0.0.1/12098] INFO  handler.ContextHandler (ContextHandler.java:doStart(916)) - Started o.e.j.s.ServletContextHandler@a1fc96d{static,/static,file:///github/workspace/mnt/ozone/hadoop-ozone/integration-test/target/test-classes/webapps/static,AVAILABLE}
2020-11-16 09:46:50,409 [Listener at 127.0.0.1/12098] INFO  handler.ContextHandler (ContextHandler.java:doStart(916)) - Started o.e.j.w.WebAppContext@19b5007c{ozoneManager,/,file:///github/workspace/mnt/ozone/hadoop-ozone/integration-test/target/test-classes/webapps/ozoneManager/,AVAILABLE}{file:/github/workspace/mnt/ozone/hadoop-ozone/integration-test/target/test-classes/webapps/ozoneManager}
2020-11-16 09:46:50,414 [Listener at 127.0.0.1/12098] INFO  server.AbstractConnector (AbstractConnector.java:doStart(331)) - Started ServerConnector@c9040eb{HTTP/1.1, (http/1.1)}{0.0.0.0:12100}
2020-11-16 09:46:50,414 [Listener at 127.0.0.1/12098] INFO  server.Server (Server.java:doStart(415)) - Started @5023ms
2020-11-16 09:46:50,414 [Listener at 127.0.0.1/12098] WARN  impl.MetricsSystemImpl (MetricsSystemImpl.java:register(276)) - Sink prometheus already exists!
2020-11-16 09:46:50,417 [Listener at 127.0.0.1/12098] INFO  http.BaseHttpServer (BaseHttpServer.java:updateConnectorAddress(327)) - HTTP server of ozoneManager listening at http://0.0.0.0:12100
2020-11-16 09:46:50,417 [IPC Server Responder] INFO  ipc.Server (Server.java:run(1460)) - IPC Server Responder: starting
2020-11-16 09:46:50,417 [IPC Server listener on 12098] INFO  ipc.Server (Server.java:run(1298)) - IPC Server listener on 12098: starting
2020-11-16 09:46:50,420 [Listener at 127.0.0.1/12098] INFO  om.OzoneManager (OzoneManager.java:startTrashEmptier(1268)) - Trash Interval set to 0. Files deleted will not move to trash
2020-11-16 09:46:50,421 [Listener at 127.0.0.1/12098] INFO  ozone.MiniOzoneHAClusterImpl (MiniOzoneHAClusterImpl.java:createOMService(380)) - Started OzoneManager RPC server at localhost/127.0.0.1:12098
2020-11-16 09:46:50,421 [org.apache.hadoop.util.JvmPauseMonitor$Monitor@9276dca] INFO  util.JvmPauseMonitor (JvmPauseMonitor.java:run(188)) - Starting JVM pause monitor
2020-11-16 09:46:50,421 [Listener at 127.0.0.1/12098] WARN  server.ServerUtils (ServerUtils.java:getDBPath(225)) - ozone.om.db.dirs is not configured. We recommend adding this setting. Falling back to ozone.metadata.dirs instead.
2020-11-16 09:46:50,423 [Listener at 127.0.0.1/12098] INFO  ha.OMHANodeDetails (OMHANodeDetails.java:loadOMHAConfig(110)) - ServiceID for OzoneManager is om-service-test1
2020-11-16 09:46:50,424 [Listener at 127.0.0.1/12098] INFO  ha.OMHANodeDetails (OMHANodeDetails.java:loadOMHAConfig(188)) - Found matching OM address with OMServiceId: om-service-test1, OMNodeId: omNode-3, RPC Address: localhost:12104 and Ratis port: 12108
2020-11-16 09:46:50,424 [Listener at 127.0.0.1/12098] INFO  ha.OMHANodeDetails (OMHANodeDetails.java:setOMNodeSpecificConfigs(314)) - Setting configuration key ozone.om.http-address with value of key ozone.om.http-address.omNode-3: 127.0.0.1:12106
2020-11-16 09:46:50,424 [Listener at 127.0.0.1/12098] INFO  ha.OMHANodeDetails (OMHANodeDetails.java:setOMNodeSpecificConfigs(314)) - Setting configuration key ozone.om.https-address with value of key ozone.om.https-address.omNode-3: 127.0.0.1:12107
2020-11-16 09:46:50,424 [Listener at 127.0.0.1/12098] INFO  ha.OMHANodeDetails (OMHANodeDetails.java:setOMNodeSpecificConfigs(314)) - Setting configuration key ozone.om.address with value of key ozone.om.address.omNode-3: 127.0.0.1:12104
2020-11-16 09:46:50,424 [Listener at 127.0.0.1/12098] WARN  server.ServerUtils (ServerUtils.java:getDBPath(225)) - ozone.om.db.dirs is not configured. We recommend adding this setting. Falling back to ozone.metadata.dirs instead.
2020-11-16 09:46:50,424 [Listener at 127.0.0.1/12098] WARN  server.ServerUtils (ServerUtils.java:getDBPath(225)) - ozone.om.db.dirs is not configured. We recommend adding this setting. Falling back to ozone.metadata.dirs instead.
2020-11-16 09:46:50,428 [Listener at 127.0.0.1/12098] WARN  server.ServerUtils (ServerUtils.java:getDBPath(225)) - ozone.om.db.dirs is not configured. We recommend adding this setting. Falling back to ozone.metadata.dirs instead.
2020-11-16 09:46:50,429 [Listener at 127.0.0.1/12098] INFO  codec.OmKeyInfoCodec (OmKeyInfoCodec.java:<init>(41)) - OmKeyInfoCodec ignorePipeline = true
2020-11-16 09:46:50,430 [Listener at 127.0.0.1/12098] INFO  codec.RepeatedOmKeyInfoCodec (RepeatedOmKeyInfoCodec.java:<init>(40)) - RepeatedOmKeyInfoCodec ignorePipeline = true
2020-11-16 09:46:50,479 [Listener at 127.0.0.1/12098] INFO  om.OzoneManager (OzoneManager.java:addS3GVolumeToDB(3739)) - Created Volume s3v With Owner jenkins1001 required for S3Gateway operations.
2020-11-16 09:46:50,479 [Listener at 127.0.0.1/12098] WARN  server.ServerUtils (ServerUtils.java:getDefaultRatisDirectory(237)) - Storage directory for Ratis is not configured. It is a good idea to map this to an SSD disk. Falling back to ozone.metadata.dirs
2020-11-16 09:46:50,479 [Listener at 127.0.0.1/12098] INFO  ratis.OzoneManagerRatisServer (OzoneManagerRatisServer.java:<init>(270)) - Instantiating OM Ratis server with GroupID: om-service-test1 and Raft Peers: localhost:12108, localhost:12096, localhost:12102
2020-11-16 09:46:50,480 [Listener at 127.0.0.1/12098] INFO  ratis.OzoneManagerStateMachine (OzoneManagerStateMachine.java:loadSnapshotInfoFromDB(519)) - LastAppliedIndex is set from TransactionInfo from OM DB as (t:0, i:~)
2020-11-16 09:46:50,480 [Listener at 127.0.0.1/12098] INFO  impl.RaftServerProxy (ConfUtils.java:logGet(44)) - raft.rpc.type = GRPC (default)
2020-11-16 09:46:50,480 [Listener at 127.0.0.1/12098] INFO  grpc.GrpcFactory (GrpcFactory.java:checkPooledByteBufAllocatorUseCacheForAllThreads(45)) - PERFORMANCE WARNING: useCacheForAllThreads is true that may cause Netty to create a lot garbage objects and, as a result, trigger GC.
	It is recommended to disable useCacheForAllThreads by setting -Dorg.apache.ratis.thirdparty.io.netty.allocator.useCacheForAllThreads=false in command line.
2020-11-16 09:46:50,480 [Listener at 127.0.0.1/12098] INFO  grpc.GrpcConfigKeys (ConfUtils.java:logGet(44)) - raft.grpc.server.port = 12108 (custom)
2020-11-16 09:46:50,480 [Listener at 127.0.0.1/12098] INFO  server.GrpcService (ConfUtils.java:logGet(44)) - raft.grpc.message.size.max = 33554432 (custom)
2020-11-16 09:46:50,480 [Listener at 127.0.0.1/12098] INFO  server.RaftServerConfigKeys (ConfUtils.java:logGet(44)) - raft.server.log.appender.buffer.byte-limit = 33554432 (custom)
2020-11-16 09:46:50,481 [Listener at 127.0.0.1/12098] INFO  server.GrpcService (ConfUtils.java:logGet(44)) - raft.grpc.flow.control.window = 1MB (=1048576) (default)
2020-11-16 09:46:50,481 [Listener at 127.0.0.1/12098] INFO  server.RaftServerConfigKeys (ConfUtils.java:logGet(44)) - raft.server.rpc.request.timeout = 3000ms (default)
2020-11-16 09:46:50,482 [Listener at 127.0.0.1/12098] INFO  server.RaftServerConfigKeys (ConfUtils.java:logGet(44)) - raft.server.storage.dir = [/github/workspace/mnt/ozone/hadoop-ozone/integration-test/target/test-dir/MiniOzoneClusterImpl-1d5c47ff-0822-4398-9acc-4b25d0bc1405/omNode-3/ratis] (custom)
2020-11-16 09:46:50,482 [Listener at 127.0.0.1/12098] INFO  impl.RaftServerProxy (RaftServerProxy.java:addNew(92)) - omNode-3: addNew group-523986131536:[omNode-3:localhost:12108:0, omNode-1:localhost:12096:0, omNode-2:localhost:12102:0] returns group-523986131536:java.util.concurrent.CompletableFuture@4ab6efc4[Not completed]
2020-11-16 09:46:50,483 [pool-58-thread-1] INFO  impl.RaftServerImpl (RaftServerImpl.java:<init>(120)) - omNode-3: new RaftServerImpl for group-523986131536:[omNode-3:localhost:12108:0, omNode-1:localhost:12096:0, omNode-2:localhost:12102:0] with OzoneManagerStateMachine:uninitialized
2020-11-16 09:46:50,483 [Listener at 127.0.0.1/12098] INFO  om.OzoneManager (OzoneManager.java:initializeRatisServer(1334)) - OzoneManager Ratis server initialized at port 12108
2020-11-16 09:46:50,483 [Listener at 127.0.0.1/12098] WARN  server.ServerUtils (ServerUtils.java:getDefaultRatisDirectory(237)) - Storage directory for Ratis is not configured. It is a good idea to map this to an SSD disk. Falling back to ozone.metadata.dirs
2020-11-16 09:46:50,484 [Listener at 127.0.0.1/12098] WARN  server.ServerUtils (ServerUtils.java:getDefaultRatisDirectory(237)) - Storage directory for Ratis is not configured. It is a good idea to map this to an SSD disk. Falling back to ozone.metadata.dirs
2020-11-16 09:46:50,484 [Listener at 127.0.0.1/12098] INFO  snapshot.OzoneManagerSnapshotProvider (OzoneManagerSnapshotProvider.java:<init>(77)) - Initializing OM Snapshot Provider
2020-11-16 09:46:50,486 [Listener at 127.0.0.1/12098] INFO  ipc.CallQueueManager (CallQueueManager.java:<init>(84)) - Using callQueue: class java.util.concurrent.LinkedBlockingQueue, queueCapacity: 2000, scheduler: class org.apache.hadoop.ipc.DefaultRpcScheduler, ipcBackoff: false.
2020-11-16 09:46:50,486 [pool-58-thread-1] INFO  server.RaftServerConfigKeys (ConfUtils.java:logGet(44)) - raft.server.rpc.timeout.min = 1s (custom)
2020-11-16 09:46:50,486 [pool-58-thread-1] INFO  server.RaftServerConfigKeys (ConfUtils.java:logGet(44)) - raft.server.rpc.timeout.max = 1200ms (custom)
2020-11-16 09:46:50,486 [pool-58-thread-1] INFO  server.RaftServerConfigKeys (ConfUtils.java:logGet(44)) - raft.server.rpcslowness.timeout = 2s (custom)
2020-11-16 09:46:50,487 [pool-58-thread-1] INFO  server.RaftServerConfigKeys (ConfUtils.java:logGet(44)) - raft.server.sleep.deviation.threshold = 300 (default)
2020-11-16 09:46:50,487 [pool-58-thread-1] INFO  server.RaftServerConfigKeys (ConfUtils.java:logGet(44)) - raft.server.log.appender.install.snapshot.enabled = false (custom)
2020-11-16 09:46:50,487 [pool-58-thread-1] INFO  impl.RaftServerImpl (ServerState.java:<init>(104)) - omNode-3@group-523986131536: ConfigurationManager, init=-1: [omNode-3:localhost:12108:0, omNode-1:localhost:12096:0, omNode-2:localhost:12102:0], old=null, confs=<EMPTY_MAP>
2020-11-16 09:46:50,487 [pool-58-thread-1] INFO  server.RaftServerConfigKeys (ConfUtils.java:logGet(44)) - raft.server.storage.dir = [/github/workspace/mnt/ozone/hadoop-ozone/integration-test/target/test-dir/MiniOzoneClusterImpl-1d5c47ff-0822-4398-9acc-4b25d0bc1405/omNode-3/ratis] (custom)
2020-11-16 09:46:50,487 [pool-58-thread-1] INFO  server.RaftServerConfigKeys (ConfUtils.java:logGet(44)) - raft.server.log.corruption.policy = EXCEPTION (default)
2020-11-16 09:46:50,487 [pool-58-thread-1] INFO  storage.RaftStorageDirectory (RaftStorageDirectory.java:analyzeStorage(261)) - The storage directory /github/workspace/mnt/ozone/hadoop-ozone/integration-test/target/test-dir/MiniOzoneClusterImpl-1d5c47ff-0822-4398-9acc-4b25d0bc1405/omNode-3/ratis/c9bc4cf4-3bc3-3c60-a66b-523986131536 does not exist. Creating ...
2020-11-16 09:46:50,488 [pool-58-thread-1] INFO  storage.RaftStorageDirectory (RaftStorageDirectory.java:tryLock(343)) - Lock on /github/workspace/mnt/ozone/hadoop-ozone/integration-test/target/test-dir/MiniOzoneClusterImpl-1d5c47ff-0822-4398-9acc-4b25d0bc1405/omNode-3/ratis/c9bc4cf4-3bc3-3c60-a66b-523986131536/in_use.lock acquired by nodename 20053@92f718008898
2020-11-16 09:46:50,489 [pool-58-thread-1] INFO  storage.RaftStorage (RaftStorage.java:format(84)) - Storage directory /github/workspace/mnt/ozone/hadoop-ozone/integration-test/target/test-dir/MiniOzoneClusterImpl-1d5c47ff-0822-4398-9acc-4b25d0bc1405/omNode-3/ratis/c9bc4cf4-3bc3-3c60-a66b-523986131536 has been successfully formatted.
2020-11-16 09:46:50,490 [pool-58-thread-1] INFO  server.RaftServerConfigKeys (ConfUtils.java:logGet(44)) - raft.server.notification.no-leader.timeout = 2s (custom)
2020-11-16 09:46:50,490 [pool-58-thread-1] INFO  server.RaftServerConfigKeys (ConfUtils.java:logGet(44)) - raft.server.log.use.memory = false (default)
2020-11-16 09:46:50,490 [pool-58-thread-1] INFO  server.RaftServerConfigKeys (ConfUtils.java:logGet(44)) - raft.server.log.purge.gap = 50 (custom)
2020-11-16 09:46:50,490 [pool-58-thread-1] INFO  metrics.RatisMetrics (RatisMetrics.java:lambda$create$0(36)) - Creating Metrics Registry : ratis.log_worker.omNode-3@group-523986131536
2020-11-16 09:46:50,491 [pool-58-thread-1] INFO  server.RaftServerConfigKeys (ConfUtils.java:logGet(44)) - raft.server.log.appender.buffer.byte-limit = 33554432 (custom)
2020-11-16 09:46:50,491 [pool-58-thread-1] INFO  server.RaftServerConfigKeys (ConfUtils.java:logGet(44)) - raft.server.log.segment.size.max = 4194304 (custom)
2020-11-16 09:46:50,491 [pool-58-thread-1] INFO  server.RaftServerConfigKeys (ConfUtils.java:logGet(44)) - raft.server.log.segment.cache.num.max = 2 (custom)
2020-11-16 09:46:50,492 [pool-58-thread-1] INFO  segmented.SegmentedRaftLogWorker (SegmentedRaftLogWorker.java:<init>(180)) - new omNode-3@group-523986131536-SegmentedRaftLogWorker for RaftStorage:Storage Directory /github/workspace/mnt/ozone/hadoop-ozone/integration-test/target/test-dir/MiniOzoneClusterImpl-1d5c47ff-0822-4398-9acc-4b25d0bc1405/omNode-3/ratis/c9bc4cf4-3bc3-3c60-a66b-523986131536
2020-11-16 09:46:50,492 [pool-58-thread-1] INFO  server.RaftServerConfigKeys (ConfUtils.java:logGet(44)) - raft.server.log.queue.byte-limit = 64MB (=67108864) (default)
2020-11-16 09:46:50,492 [pool-58-thread-1] INFO  server.RaftServerConfigKeys (ConfUtils.java:logGet(44)) - raft.server.log.queue.element-limit = 4096 (default)
2020-11-16 09:46:50,492 [pool-58-thread-1] INFO  server.RaftServerConfigKeys (ConfUtils.java:logGet(44)) - raft.server.log.segment.size.max = 4194304 (custom)
2020-11-16 09:46:50,492 [pool-58-thread-1] INFO  server.RaftServerConfigKeys (ConfUtils.java:logGet(44)) - raft.server.log.preallocated.size = 4194304 (custom)
2020-11-16 09:46:50,493 [pool-58-thread-1] INFO  server.RaftServerConfigKeys (ConfUtils.java:logGet(44)) - raft.server.log.write.buffer.size = 64KB (=65536) (default)
2020-11-16 09:46:50,493 [pool-58-thread-1] INFO  server.RaftServerConfigKeys (ConfUtils.java:logGet(44)) - raft.server.log.force.sync.num = 128 (default)
2020-11-16 09:46:50,493 [pool-58-thread-1] INFO  server.RaftServerConfigKeys (ConfUtils.java:logGet(44)) - raft.server.log.statemachine.data.sync = true (default)
2020-11-16 09:46:50,493 [pool-58-thread-1] INFO  server.RaftServerConfigKeys (ConfUtils.java:logGet(44)) - raft.server.log.statemachine.data.sync.timeout = 10s (default)
2020-11-16 09:46:50,493 [pool-58-thread-1] INFO  server.RaftServerConfigKeys (ConfUtils.java:logGet(44)) - raft.server.log.statemachine.data.sync.timeout.retry = -1 (default)
2020-11-16 09:46:50,495 [Socket Reader #1 for port 12104] INFO  ipc.Server (Server.java:run(1219)) - Starting Socket Reader #1 for port 12104
2020-11-16 09:46:50,516 [pool-58-thread-1] INFO  server.RaftServerConfigKeys (ConfUtils.java:logGet(44)) - raft.server.log.statemachine.data.caching.enabled = false (default)
2020-11-16 09:46:50,516 [pool-58-thread-1] INFO  segmented.SegmentedRaftLogWorker (SegmentedRaftLogWorker.java:lambda$new$0(129)) - omNode-3@group-523986131536-SegmentedRaftLogWorker: flushIndex: setUnconditionally 0 -> -1
2020-11-16 09:46:50,516 [pool-58-thread-1] INFO  segmented.SegmentedRaftLogWorker (SegmentedRaftLogWorker.java:lambda$new$0(129)) - omNode-3@group-523986131536-SegmentedRaftLogWorker: safeCacheEvictIndex: setUnconditionally 0 -> -1
2020-11-16 09:46:50,524 [pool-58-thread-1] INFO  server.RaftServerConfigKeys (ConfUtils.java:logGet(44)) - raft.server.snapshot.auto.trigger.enabled = true (custom)
2020-11-16 09:46:50,524 [pool-58-thread-1] INFO  server.RaftServerConfigKeys (ConfUtils.java:logGet(44)) - raft.server.snapshot.auto.trigger.threshold = 50 (custom)
2020-11-16 09:46:50,525 [pool-58-thread-1] INFO  server.RaftServerConfigKeys (ConfUtils.java:logGet(44)) - raft.server.snapshot.retention.file.num = -1 (default)
2020-11-16 09:46:50,525 [pool-58-thread-1] INFO  server.RaftServerConfigKeys (ConfUtils.java:logGet(44)) - raft.server.log.purge.upto.snapshot.index = true (custom)
2020-11-16 09:46:50,525 [pool-58-thread-1] INFO  server.RaftServerConfigKeys (ConfUtils.java:logGet(44)) - raft.server.retrycache.expirytime = 600000ms (custom)
2020-11-16 09:46:50,525 [pool-58-thread-1] INFO  metrics.RatisMetrics (RatisMetrics.java:lambda$create$0(36)) - Creating Metrics Registry : ratis.leader_election.omNode-3@group-523986131536
2020-11-16 09:46:50,525 [pool-58-thread-1] INFO  metrics.RatisMetrics (RatisMetrics.java:lambda$create$0(36)) - Creating Metrics Registry : ratis.server.omNode-3@group-523986131536
2020-11-16 09:46:50,530 [Listener at 127.0.0.1/12104] INFO  impl.MetricsSystemImpl (MetricsSystemImpl.java:init(158)) - OzoneManager metrics system started (again)
2020-11-16 09:46:50,533 [Listener at 127.0.0.1/12104] INFO  om.OzoneManager (OzoneManager.java:start(1143)) - OzoneManager RPC server is listening at localhost/127.0.0.1:12104
2020-11-16 09:46:50,533 [Listener at 127.0.0.1/12104] INFO  ratis.OzoneManagerRatisServer (OzoneManagerRatisServer.java:start(372)) - Starting OzoneManagerRatisServer omNode-3 at port 12108
2020-11-16 09:46:50,533 [Listener at 127.0.0.1/12104] INFO  impl.RaftServerImpl (RaftServerImpl.java:start(209)) - omNode-3@group-523986131536: start as a follower, conf=-1: [omNode-3:localhost:12108:0, omNode-1:localhost:12096:0, omNode-2:localhost:12102:0], old=null
2020-11-16 09:46:50,534 [Listener at 127.0.0.1/12104] INFO  impl.RaftServerImpl (RaftServerImpl.java:setRole(198)) - omNode-3@group-523986131536: changes role from      null to FOLLOWER at term 0 for startAsFollower
2020-11-16 09:46:50,534 [Listener at 127.0.0.1/12104] INFO  impl.RoleInfo (RoleInfo.java:updateAndGet(143)) - omNode-3: start FollowerState
2020-11-16 09:46:50,534 [Listener at 127.0.0.1/12104] INFO  util.JmxRegister (JmxRegister.java:tryRegister(44)) - Successfully registered JMX Bean with object name Ratis:service=RaftServer,group=group-523986131536,id=omNode-3
2020-11-16 09:46:50,534 [Listener at 127.0.0.1/12104] INFO  metrics.RatisMetrics (RatisMetrics.java:lambda$create$0(36)) - Creating Metrics Registry : ratis.state_machine.omNode-3@group-523986131536
2020-11-16 09:46:50,537 [Listener at 127.0.0.1/12104] INFO  impl.RaftServerProxy (RaftServerProxy.java:lambda$start$3(307)) - omNode-3: start RPC server
2020-11-16 09:46:50,539 [Listener at 127.0.0.1/12104] INFO  server.GrpcService (GrpcService.java:startImpl(177)) - omNode-3: GrpcService started, listening on 0.0.0.0/0.0.0.0:12108
2020-11-16 09:46:50,549 [Listener at 127.0.0.1/12104] INFO  http.BaseHttpServer (BaseHttpServer.java:newHttpServer2BuilderForOzone(207)) - Starting Web-server for ozoneManager at: http://0.0.0.0:12106
2020-11-16 09:46:50,550 [Listener at 127.0.0.1/12104] INFO  http.BaseHttpServer (BaseHttpServer.java:<init>(106)) - Hadoop Security Enabled: false Ozone Security Enabled: false Ozone HTTP Security Enabled: false 
2020-11-16 09:46:50,551 [Listener at 127.0.0.1/12104] INFO  server.AuthenticationFilter (AuthenticationFilter.java:constructSecretProvider(240)) - Unable to initialize FileSignerSecretProvider, falling back to use random secrets.
2020-11-16 09:46:50,554 [Listener at 127.0.0.1/12104] WARN  http.HttpRequestLog (HttpRequestLog.java:getRequestLog(103)) - Jetty request log can only be enabled using Log4j
2020-11-16 09:46:50,555 [Listener at 127.0.0.1/12104] INFO  http.HttpServer2 (HttpServer2.java:addGlobalFilter(1019)) - Added global filter 'safety' (class=org.apache.hadoop.hdds.server.http.HttpServer2$QuotingInputFilter)
2020-11-16 09:46:50,556 [Listener at 127.0.0.1/12104] INFO  http.HttpServer2 (HttpServer2.java:addFilter(995)) - Added filter static_user_filter (class=org.apache.hadoop.http.lib.StaticUserWebFilter$StaticUserFilter) to context ozoneManager
2020-11-16 09:46:50,556 [Listener at 127.0.0.1/12104] INFO  http.HttpServer2 (HttpServer2.java:addFilter(1003)) - Added filter static_user_filter (class=org.apache.hadoop.http.lib.StaticUserWebFilter$StaticUserFilter) to context static
2020-11-16 09:46:50,556 [Listener at 127.0.0.1/12104] INFO  http.HttpServer2 (HttpServer2.java:addFilter(1003)) - Added filter static_user_filter (class=org.apache.hadoop.http.lib.StaticUserWebFilter$StaticUserFilter) to context logs
2020-11-16 09:46:50,557 [Listener at 127.0.0.1/12104] INFO  http.HttpServer2 (HttpServer2.java:bindListener(1237)) - Jetty bound to port 12106
2020-11-16 09:46:50,557 [Listener at 127.0.0.1/12104] INFO  server.Server (Server.java:doStart(375)) - jetty-9.4.34.v20201102; built: 2020-11-02T14:15:39.302Z; git: e46af88704a893fc12cb0e3bf46e2c7b48a009e7; jvm 1.8.0_232-b09
2020-11-16 09:46:50,565 [Listener at 127.0.0.1/12104] INFO  server.session (DefaultSessionIdManager.java:doStart(334)) - DefaultSessionIdManager workerName=node0
2020-11-16 09:46:50,565 [Listener at 127.0.0.1/12104] INFO  server.session (DefaultSessionIdManager.java:doStart(339)) - No SessionScavenger set, using defaults
2020-11-16 09:46:50,565 [Listener at 127.0.0.1/12104] INFO  server.session (HouseKeeper.java:startScavenging(132)) - node0 Scavenging every 600000ms
2020-11-16 09:46:50,566 [Listener at 127.0.0.1/12104] INFO  handler.ContextHandler (ContextHandler.java:doStart(916)) - Started o.e.j.s.ServletContextHandler@7680e20e{logs,/logs,file:///github/workspace/mnt/ozone/hadoop-ozone/integration-test/target/log,AVAILABLE}
2020-11-16 09:46:50,567 [Listener at 127.0.0.1/12104] INFO  handler.ContextHandler (ContextHandler.java:doStart(916)) - Started o.e.j.s.ServletContextHandler@172879b3{static,/static,file:///github/workspace/mnt/ozone/hadoop-ozone/integration-test/target/test-classes/webapps/static,AVAILABLE}
2020-11-16 09:46:50,571 [Listener at 127.0.0.1/12104] INFO  handler.ContextHandler (ContextHandler.java:doStart(916)) - Started o.e.j.w.WebAppContext@399e0135{ozoneManager,/,file:///github/workspace/mnt/ozone/hadoop-ozone/integration-test/target/test-classes/webapps/ozoneManager/,AVAILABLE}{file:/github/workspace/mnt/ozone/hadoop-ozone/integration-test/target/test-classes/webapps/ozoneManager}
2020-11-16 09:46:50,573 [Listener at 127.0.0.1/12104] INFO  server.AbstractConnector (AbstractConnector.java:doStart(331)) - Started ServerConnector@27fcacfc{HTTP/1.1, (http/1.1)}{0.0.0.0:12106}
2020-11-16 09:46:50,575 [Listener at 127.0.0.1/12104] INFO  server.Server (Server.java:doStart(415)) - Started @5184ms
2020-11-16 09:46:50,575 [Listener at 127.0.0.1/12104] WARN  impl.MetricsSystemImpl (MetricsSystemImpl.java:register(276)) - Sink prometheus already exists!
2020-11-16 09:46:50,579 [Listener at 127.0.0.1/12104] INFO  http.BaseHttpServer (BaseHttpServer.java:updateConnectorAddress(327)) - HTTP server of ozoneManager listening at http://0.0.0.0:12106
2020-11-16 09:46:50,579 [IPC Server Responder] INFO  ipc.Server (Server.java:run(1460)) - IPC Server Responder: starting
2020-11-16 09:46:50,583 [IPC Server listener on 12104] INFO  ipc.Server (Server.java:run(1298)) - IPC Server listener on 12104: starting
2020-11-16 09:46:50,594 [Listener at 127.0.0.1/12104] INFO  om.OzoneManager (OzoneManager.java:startTrashEmptier(1268)) - Trash Interval set to 0. Files deleted will not move to trash
2020-11-16 09:46:50,595 [Listener at 127.0.0.1/12104] INFO  ozone.MiniOzoneHAClusterImpl (MiniOzoneHAClusterImpl.java:createOMService(380)) - Started OzoneManager RPC server at localhost/127.0.0.1:12104
2020-11-16 09:46:50,612 [org.apache.hadoop.util.JvmPauseMonitor$Monitor@903757e] INFO  util.JvmPauseMonitor (JvmPauseMonitor.java:run(188)) - Starting JVM pause monitor
2020-11-16 09:46:50,735 [Listener at 127.0.0.1/12104] INFO  impl.MetricsSystemImpl (MetricsSystemImpl.java:init(158)) - HddsDatanode metrics system started (again)
2020-11-16 09:46:50,742 [Listener at 127.0.0.1/12104] INFO  ozone.HddsDatanodeService (HddsDatanodeService.java:start(217)) - HddsDatanodeService host:92f718008898 ip:172.17.0.2
2020-11-16 09:46:50,812 [Listener at 127.0.0.1/12104] INFO  volume.HddsVolume (HddsVolume.java:<init>(176)) - Creating Volume: /github/workspace/mnt/ozone/hadoop-ozone/integration-test/target/test-dir/MiniOzoneClusterImpl-1d5c47ff-0822-4398-9acc-4b25d0bc1405/datanode-0/data-0/containers/hdds of storage type : DISK and capacity : 9223372036854775807
2020-11-16 09:46:50,815 [Listener at 127.0.0.1/12104] INFO  volume.MutableVolumeSet (MutableVolumeSet.java:initializeVolumeSet(179)) - Added Volume : /github/workspace/mnt/ozone/hadoop-ozone/integration-test/target/test-dir/MiniOzoneClusterImpl-1d5c47ff-0822-4398-9acc-4b25d0bc1405/datanode-0/data-0/containers/hdds to VolumeSet
2020-11-16 09:46:50,816 [Listener at 127.0.0.1/12104] INFO  volume.ThrottledAsyncChecker (ThrottledAsyncChecker.java:schedule(141)) - Scheduling a check for /github/workspace/mnt/ozone/hadoop-ozone/integration-test/target/test-dir/MiniOzoneClusterImpl-1d5c47ff-0822-4398-9acc-4b25d0bc1405/datanode-0/data-0/containers/hdds
2020-11-16 09:46:50,839 [Listener at 127.0.0.1/12104] INFO  volume.HddsVolumeChecker (HddsVolumeChecker.java:checkAllVolumes(200)) - Scheduled health check for volume /github/workspace/mnt/ozone/hadoop-ozone/integration-test/target/test-dir/MiniOzoneClusterImpl-1d5c47ff-0822-4398-9acc-4b25d0bc1405/datanode-0/data-0/containers/hdds
2020-11-16 09:46:50,865 [Thread-208] INFO  ozoneimpl.ContainerReader (ContainerReader.java:readVolume(123)) - Start to verify containers on volume /github/workspace/mnt/ozone/hadoop-ozone/integration-test/target/test-dir/MiniOzoneClusterImpl-1d5c47ff-0822-4398-9acc-4b25d0bc1405/datanode-0/data-0/containers/hdds
2020-11-16 09:46:50,865 [Thread-208] INFO  ozoneimpl.ContainerReader (ContainerReader.java:readVolume(148)) - Finish verifying containers on volume /github/workspace/mnt/ozone/hadoop-ozone/integration-test/target/test-dir/MiniOzoneClusterImpl-1d5c47ff-0822-4398-9acc-4b25d0bc1405/datanode-0/data-0/containers/hdds
2020-11-16 09:46:50,865 [Listener at 127.0.0.1/12104] INFO  ozoneimpl.OzoneContainer (OzoneContainer.java:buildContainerSet(196)) - Build ContainerSet costs 0s
2020-11-16 09:46:50,955 [Listener at 127.0.0.1/12104] INFO  impl.RaftServerProxy (ConfUtils.java:logGet(44)) - raft.rpc.type = GRPC (default)
2020-11-16 09:46:50,955 [Listener at 127.0.0.1/12104] INFO  grpc.GrpcFactory (GrpcFactory.java:checkPooledByteBufAllocatorUseCacheForAllThreads(45)) - PERFORMANCE WARNING: useCacheForAllThreads is true that may cause Netty to create a lot garbage objects and, as a result, trigger GC.
	It is recommended to disable useCacheForAllThreads by setting -Dorg.apache.ratis.thirdparty.io.netty.allocator.useCacheForAllThreads=false in command line.
2020-11-16 09:46:50,955 [Listener at 127.0.0.1/12104] INFO  grpc.GrpcConfigKeys (ConfUtils.java:logGet(44)) - raft.grpc.server.port = 0 (default)
2020-11-16 09:46:50,955 [Listener at 127.0.0.1/12104] INFO  server.GrpcService (ConfUtils.java:logGet(44)) - raft.grpc.message.size.max = 32MB (=33554432) (custom)
2020-11-16 09:46:50,955 [Listener at 127.0.0.1/12104] INFO  server.RaftServerConfigKeys (ConfUtils.java:logGet(44)) - raft.server.log.appender.buffer.byte-limit = 33554432 (custom)
2020-11-16 09:46:50,956 [Listener at 127.0.0.1/12104] INFO  server.GrpcService (ConfUtils.java:logGet(44)) - raft.grpc.flow.control.window = 5MB (=5242880) (custom)
2020-11-16 09:46:50,956 [Listener at 127.0.0.1/12104] INFO  server.RaftServerConfigKeys (ConfUtils.java:logGet(44)) - raft.server.rpc.request.timeout = 60s (custom)
2020-11-16 09:46:50,957 [Listener at 127.0.0.1/12104] INFO  server.RaftServerConfigKeys (ConfUtils.java:logGet(44)) - raft.server.storage.dir = [/github/workspace/mnt/ozone/hadoop-ozone/integration-test/target/test-dir/MiniOzoneClusterImpl-1d5c47ff-0822-4398-9acc-4b25d0bc1405/datanode-0/data/ratis] (custom)
2020-11-16 09:46:51,023 [Listener at 127.0.0.1/12104] INFO  http.BaseHttpServer (BaseHttpServer.java:newHttpServer2BuilderForOzone(207)) - Starting Web-server for hddsDatanode at: http://0.0.0.0:0
2020-11-16 09:46:51,023 [Listener at 127.0.0.1/12104] INFO  http.BaseHttpServer (BaseHttpServer.java:<init>(106)) - Hadoop Security Enabled: false Ozone Security Enabled: false Ozone HTTP Security Enabled: false 
2020-11-16 09:46:51,025 [Listener at 127.0.0.1/12104] INFO  server.AuthenticationFilter (AuthenticationFilter.java:constructSecretProvider(240)) - Unable to initialize FileSignerSecretProvider, falling back to use random secrets.
2020-11-16 09:46:51,025 [Listener at 127.0.0.1/12104] WARN  http.HttpRequestLog (HttpRequestLog.java:getRequestLog(103)) - Jetty request log can only be enabled using Log4j
2020-11-16 09:46:51,026 [Listener at 127.0.0.1/12104] INFO  http.HttpServer2 (HttpServer2.java:addGlobalFilter(1019)) - Added global filter 'safety' (class=org.apache.hadoop.hdds.server.http.HttpServer2$QuotingInputFilter)
2020-11-16 09:46:51,027 [Listener at 127.0.0.1/12104] INFO  http.HttpServer2 (HttpServer2.java:addFilter(995)) - Added filter static_user_filter (class=org.apache.hadoop.http.lib.StaticUserWebFilter$StaticUserFilter) to context hddsDatanode
2020-11-16 09:46:51,027 [Listener at 127.0.0.1/12104] INFO  http.HttpServer2 (HttpServer2.java:addFilter(1003)) - Added filter static_user_filter (class=org.apache.hadoop.http.lib.StaticUserWebFilter$StaticUserFilter) to context static
2020-11-16 09:46:51,027 [Listener at 127.0.0.1/12104] INFO  http.HttpServer2 (HttpServer2.java:addFilter(1003)) - Added filter static_user_filter (class=org.apache.hadoop.http.lib.StaticUserWebFilter$StaticUserFilter) to context logs
2020-11-16 09:46:51,028 [Listener at 127.0.0.1/12104] INFO  http.HttpServer2 (HttpServer2.java:bindListener(1237)) - Jetty bound to port 44989
2020-11-16 09:46:51,028 [Listener at 127.0.0.1/12104] INFO  server.Server (Server.java:doStart(375)) - jetty-9.4.34.v20201102; built: 2020-11-02T14:15:39.302Z; git: e46af88704a893fc12cb0e3bf46e2c7b48a009e7; jvm 1.8.0_232-b09
2020-11-16 09:46:51,032 [Listener at 127.0.0.1/12104] INFO  server.session (DefaultSessionIdManager.java:doStart(334)) - DefaultSessionIdManager workerName=node0
2020-11-16 09:46:51,032 [Listener at 127.0.0.1/12104] INFO  server.session (DefaultSessionIdManager.java:doStart(339)) - No SessionScavenger set, using defaults
2020-11-16 09:46:51,032 [Listener at 127.0.0.1/12104] INFO  server.session (HouseKeeper.java:startScavenging(132)) - node0 Scavenging every 660000ms
2020-11-16 09:46:51,033 [Listener at 127.0.0.1/12104] INFO  handler.ContextHandler (ContextHandler.java:doStart(916)) - Started o.e.j.s.ServletContextHandler@186d1715{logs,/logs,file:///github/workspace/mnt/ozone/hadoop-ozone/integration-test/target/log,AVAILABLE}
2020-11-16 09:46:51,034 [Listener at 127.0.0.1/12104] INFO  handler.ContextHandler (ContextHandler.java:doStart(916)) - Started o.e.j.s.ServletContextHandler@114c8e99{static,/static,jar:file:/home/user/.m2/repository/org/apache/hadoop/hadoop-hdds-container-service/1.1.0-SNAPSHOT/hadoop-hdds-container-service-1.1.0-SNAPSHOT.jar!/webapps/static,AVAILABLE}
2020-11-16 09:46:51,147 [Thread-99] INFO  impl.FollowerState (FollowerState.java:run(108)) - omNode-1@group-523986131536-FollowerState: change to CANDIDATE, lastRpcTime:1073ms, electionTimeout:1065ms
2020-11-16 09:46:51,148 [Thread-99] INFO  impl.RoleInfo (RoleInfo.java:shutdownFollowerState(121)) - omNode-1: shutdown FollowerState
2020-11-16 09:46:51,149 [Thread-99] INFO  impl.RaftServerImpl (RaftServerImpl.java:setRole(198)) - omNode-1@group-523986131536: changes role from  FOLLOWER to CANDIDATE at term 0 for changeToCandidate
2020-11-16 09:46:51,151 [Thread-99] INFO  impl.RoleInfo (RoleInfo.java:updateAndGet(143)) - omNode-1: start LeaderElection
2020-11-16 09:46:51,165 [omNode-1@group-523986131536-LeaderElection1] INFO  impl.LeaderElection (LeaderElection.java:askForVotes(210)) - omNode-1@group-523986131536-LeaderElection1: begin an election at term 1 for -1: [omNode-3:localhost:12108:0, omNode-1:localhost:12096:0, omNode-2:localhost:12102:0], old=null
2020-11-16 09:46:51,242 [Listener at 127.0.0.1/12104] INFO  handler.ContextHandler (ContextHandler.java:doStart(916)) - Started o.e.j.w.WebAppContext@125a486a{hddsDatanode,/,file:///tmp/jetty-0_0_0_0-44989-hadoop-hdds-container-service-1_1_0-SNAPSHOT_jar-_-any-993863745780256480/webapp/,AVAILABLE}{jar:file:/home/user/.m2/repository/org/apache/hadoop/hadoop-hdds-container-service/1.1.0-SNAPSHOT/hadoop-hdds-container-service-1.1.0-SNAPSHOT.jar!/webapps/hddsDatanode}
2020-11-16 09:46:51,245 [Listener at 127.0.0.1/12104] INFO  server.AbstractConnector (AbstractConnector.java:doStart(331)) - Started ServerConnector@52243f1a{HTTP/1.1, (http/1.1)}{0.0.0.0:44989}
2020-11-16 09:46:51,245 [Listener at 127.0.0.1/12104] INFO  server.Server (Server.java:doStart(415)) - Started @5854ms
2020-11-16 09:46:51,245 [Listener at 127.0.0.1/12104] WARN  impl.MetricsSystemImpl (MetricsSystemImpl.java:register(276)) - Sink prometheus already exists!
2020-11-16 09:46:51,254 [Listener at 127.0.0.1/12104] INFO  http.BaseHttpServer (BaseHttpServer.java:updateConnectorAddress(327)) - HTTP server of hddsDatanode listening at http://0.0.0.0:44989
2020-11-16 09:46:51,257 [Listener at 127.0.0.1/12104] INFO  impl.MetricsSystemImpl (MetricsSystemImpl.java:init(158)) - HddsDatanode metrics system started (again)
2020-11-16 09:46:51,261 [Listener at 127.0.0.1/12104] INFO  ozone.HddsDatanodeService (HddsDatanodeService.java:start(217)) - HddsDatanodeService host:92f718008898 ip:172.17.0.2
2020-11-16 09:46:51,264 [Listener at 127.0.0.1/12104] INFO  volume.HddsVolume (HddsVolume.java:<init>(176)) - Creating Volume: /github/workspace/mnt/ozone/hadoop-ozone/integration-test/target/test-dir/MiniOzoneClusterImpl-1d5c47ff-0822-4398-9acc-4b25d0bc1405/datanode-1/data-0/containers/hdds of storage type : DISK and capacity : 9223372036854775807
2020-11-16 09:46:51,264 [Listener at 127.0.0.1/12104] INFO  volume.MutableVolumeSet (MutableVolumeSet.java:initializeVolumeSet(179)) - Added Volume : /github/workspace/mnt/ozone/hadoop-ozone/integration-test/target/test-dir/MiniOzoneClusterImpl-1d5c47ff-0822-4398-9acc-4b25d0bc1405/datanode-1/data-0/containers/hdds to VolumeSet
2020-11-16 09:46:51,265 [Listener at 127.0.0.1/12104] INFO  volume.ThrottledAsyncChecker (ThrottledAsyncChecker.java:schedule(141)) - Scheduling a check for /github/workspace/mnt/ozone/hadoop-ozone/integration-test/target/test-dir/MiniOzoneClusterImpl-1d5c47ff-0822-4398-9acc-4b25d0bc1405/datanode-1/data-0/containers/hdds
2020-11-16 09:46:51,280 [Listener at 127.0.0.1/12104] INFO  volume.HddsVolumeChecker (HddsVolumeChecker.java:checkAllVolumes(200)) - Scheduled health check for volume /github/workspace/mnt/ozone/hadoop-ozone/integration-test/target/test-dir/MiniOzoneClusterImpl-1d5c47ff-0822-4398-9acc-4b25d0bc1405/datanode-1/data-0/containers/hdds
2020-11-16 09:46:51,305 [org.apache.hadoop.util.JvmPauseMonitor$Monitor@4272fd5c] INFO  util.JvmPauseMonitor (JvmPauseMonitor.java:run(188)) - Starting JVM pause monitor
2020-11-16 09:46:51,310 [Thread-222] INFO  ozoneimpl.ContainerReader (ContainerReader.java:readVolume(123)) - Start to verify containers on volume /github/workspace/mnt/ozone/hadoop-ozone/integration-test/target/test-dir/MiniOzoneClusterImpl-1d5c47ff-0822-4398-9acc-4b25d0bc1405/datanode-1/data-0/containers/hdds
2020-11-16 09:46:51,327 [Thread-222] INFO  ozoneimpl.ContainerReader (ContainerReader.java:readVolume(148)) - Finish verifying containers on volume /github/workspace/mnt/ozone/hadoop-ozone/integration-test/target/test-dir/MiniOzoneClusterImpl-1d5c47ff-0822-4398-9acc-4b25d0bc1405/datanode-1/data-0/containers/hdds
2020-11-16 09:46:51,327 [Listener at 127.0.0.1/12104] INFO  ozoneimpl.OzoneContainer (OzoneContainer.java:buildContainerSet(196)) - Build ContainerSet costs 0s
2020-11-16 09:46:51,330 [Listener at 127.0.0.1/12104] INFO  impl.RaftServerProxy (ConfUtils.java:logGet(44)) - raft.rpc.type = GRPC (default)
2020-11-16 09:46:51,330 [Listener at 127.0.0.1/12104] INFO  grpc.GrpcFactory (GrpcFactory.java:checkPooledByteBufAllocatorUseCacheForAllThreads(45)) - PERFORMANCE WARNING: useCacheForAllThreads is true that may cause Netty to create a lot garbage objects and, as a result, trigger GC.
	It is recommended to disable useCacheForAllThreads by setting -Dorg.apache.ratis.thirdparty.io.netty.allocator.useCacheForAllThreads=false in command line.
2020-11-16 09:46:51,331 [Listener at 127.0.0.1/12104] INFO  grpc.GrpcConfigKeys (ConfUtils.java:logGet(44)) - raft.grpc.server.port = 0 (default)
2020-11-16 09:46:51,331 [Listener at 127.0.0.1/12104] INFO  server.GrpcService (ConfUtils.java:logGet(44)) - raft.grpc.message.size.max = 32MB (=33554432) (custom)
2020-11-16 09:46:51,331 [Listener at 127.0.0.1/12104] INFO  server.RaftServerConfigKeys (ConfUtils.java:logGet(44)) - raft.server.log.appender.buffer.byte-limit = 33554432 (custom)
2020-11-16 09:46:51,331 [Listener at 127.0.0.1/12104] INFO  server.GrpcService (ConfUtils.java:logGet(44)) - raft.grpc.flow.control.window = 5MB (=5242880) (custom)
2020-11-16 09:46:51,331 [Listener at 127.0.0.1/12104] INFO  server.RaftServerConfigKeys (ConfUtils.java:logGet(44)) - raft.server.rpc.request.timeout = 60s (custom)
2020-11-16 09:46:51,332 [Listener at 127.0.0.1/12104] INFO  server.RaftServerConfigKeys (ConfUtils.java:logGet(44)) - raft.server.storage.dir = [/github/workspace/mnt/ozone/hadoop-ozone/integration-test/target/test-dir/MiniOzoneClusterImpl-1d5c47ff-0822-4398-9acc-4b25d0bc1405/datanode-1/data/ratis] (custom)
2020-11-16 09:46:51,338 [Listener at 127.0.0.1/12104] INFO  http.BaseHttpServer (BaseHttpServer.java:newHttpServer2BuilderForOzone(207)) - Starting Web-server for hddsDatanode at: http://0.0.0.0:0
2020-11-16 09:46:51,338 [Listener at 127.0.0.1/12104] INFO  http.BaseHttpServer (BaseHttpServer.java:<init>(106)) - Hadoop Security Enabled: false Ozone Security Enabled: false Ozone HTTP Security Enabled: false 
2020-11-16 09:46:51,340 [Listener at 127.0.0.1/12104] INFO  server.AuthenticationFilter (AuthenticationFilter.java:constructSecretProvider(240)) - Unable to initialize FileSignerSecretProvider, falling back to use random secrets.
2020-11-16 09:46:51,344 [Listener at 127.0.0.1/12104] WARN  http.HttpRequestLog (HttpRequestLog.java:getRequestLog(103)) - Jetty request log can only be enabled using Log4j
2020-11-16 09:46:51,345 [Listener at 127.0.0.1/12104] INFO  http.HttpServer2 (HttpServer2.java:addGlobalFilter(1019)) - Added global filter 'safety' (class=org.apache.hadoop.hdds.server.http.HttpServer2$QuotingInputFilter)
2020-11-16 09:46:51,346 [Listener at 127.0.0.1/12104] INFO  http.HttpServer2 (HttpServer2.java:addFilter(995)) - Added filter static_user_filter (class=org.apache.hadoop.http.lib.StaticUserWebFilter$StaticUserFilter) to context hddsDatanode
2020-11-16 09:46:51,346 [Listener at 127.0.0.1/12104] INFO  http.HttpServer2 (HttpServer2.java:addFilter(1003)) - Added filter static_user_filter (class=org.apache.hadoop.http.lib.StaticUserWebFilter$StaticUserFilter) to context logs
2020-11-16 09:46:51,346 [Listener at 127.0.0.1/12104] INFO  http.HttpServer2 (HttpServer2.java:addFilter(1003)) - Added filter static_user_filter (class=org.apache.hadoop.http.lib.StaticUserWebFilter$StaticUserFilter) to context static
2020-11-16 09:46:51,350 [Listener at 127.0.0.1/12104] INFO  http.HttpServer2 (HttpServer2.java:bindListener(1237)) - Jetty bound to port 37757
2020-11-16 09:46:51,350 [Listener at 127.0.0.1/12104] INFO  server.Server (Server.java:doStart(375)) - jetty-9.4.34.v20201102; built: 2020-11-02T14:15:39.302Z; git: e46af88704a893fc12cb0e3bf46e2c7b48a009e7; jvm 1.8.0_232-b09
2020-11-16 09:46:51,384 [Listener at 127.0.0.1/12104] INFO  server.session (DefaultSessionIdManager.java:doStart(334)) - DefaultSessionIdManager workerName=node0
2020-11-16 09:46:51,384 [Listener at 127.0.0.1/12104] INFO  server.session (DefaultSessionIdManager.java:doStart(339)) - No SessionScavenger set, using defaults
2020-11-16 09:46:51,384 [Listener at 127.0.0.1/12104] INFO  server.session (HouseKeeper.java:startScavenging(132)) - node0 Scavenging every 660000ms
2020-11-16 09:46:51,395 [Listener at 127.0.0.1/12104] INFO  handler.ContextHandler (ContextHandler.java:doStart(916)) - Started o.e.j.s.ServletContextHandler@723388b1{logs,/logs,file:///github/workspace/mnt/ozone/hadoop-ozone/integration-test/target/log,AVAILABLE}
2020-11-16 09:46:51,426 [Listener at 127.0.0.1/12104] INFO  handler.ContextHandler (ContextHandler.java:doStart(916)) - Started o.e.j.s.ServletContextHandler@10301e87{static,/static,jar:file:/home/user/.m2/repository/org/apache/hadoop/hadoop-hdds-container-service/1.1.0-SNAPSHOT/hadoop-hdds-container-service-1.1.0-SNAPSHOT.jar!/webapps/static,AVAILABLE}
2020-11-16 09:46:51,427 [Thread-137] INFO  impl.FollowerState (FollowerState.java:run(108)) - omNode-2@group-523986131536-FollowerState: change to CANDIDATE, lastRpcTime:1047ms, electionTimeout:1012ms
2020-11-16 09:46:51,439 [Thread-137] INFO  impl.RoleInfo (RoleInfo.java:shutdownFollowerState(121)) - omNode-2: shutdown FollowerState
2020-11-16 09:46:51,440 [Thread-137] INFO  impl.RaftServerImpl (RaftServerImpl.java:setRole(198)) - omNode-2@group-523986131536: changes role from  FOLLOWER to CANDIDATE at term 0 for changeToCandidate
2020-11-16 09:46:51,440 [Thread-137] INFO  impl.RoleInfo (RoleInfo.java:updateAndGet(143)) - omNode-2: start LeaderElection
2020-11-16 09:46:51,469 [omNode-2@group-523986131536-LeaderElection2] INFO  impl.LeaderElection (LeaderElection.java:askForVotes(210)) - omNode-2@group-523986131536-LeaderElection2: begin an election at term 1 for -1: [omNode-3:localhost:12108:0, omNode-1:localhost:12096:0, omNode-2:localhost:12102:0], old=null
2020-11-16 09:46:51,593 [Datanode State Machine Task Thread - 0] INFO  datanode.InitDatanodeState (InitDatanodeState.java:persistContainerDatanodeDetails(145)) - DatanodeDetails is persisted to /github/workspace/mnt/ozone/hadoop-ozone/integration-test/target/test-dir/MiniOzoneClusterImpl-1d5c47ff-0822-4398-9acc-4b25d0bc1405/datanode-0/meta/datanode.id
2020-11-16 09:46:51,703 [Thread-175] INFO  impl.FollowerState (FollowerState.java:run(108)) - omNode-3@group-523986131536-FollowerState: change to CANDIDATE, lastRpcTime:1169ms, electionTimeout:1166ms
2020-11-16 09:46:51,703 [Thread-175] INFO  impl.RoleInfo (RoleInfo.java:shutdownFollowerState(121)) - omNode-3: shutdown FollowerState
2020-11-16 09:46:51,703 [Thread-175] INFO  impl.RaftServerImpl (RaftServerImpl.java:setRole(198)) - omNode-3@group-523986131536: changes role from  FOLLOWER to CANDIDATE at term 0 for changeToCandidate
2020-11-16 09:46:51,703 [Thread-175] INFO  impl.RoleInfo (RoleInfo.java:updateAndGet(143)) - omNode-3: start LeaderElection
2020-11-16 09:46:51,727 [Listener at 127.0.0.1/12104] INFO  handler.ContextHandler (ContextHandler.java:doStart(916)) - Started o.e.j.w.WebAppContext@7ec6602c{hddsDatanode,/,file:///tmp/jetty-0_0_0_0-37757-hadoop-hdds-container-service-1_1_0-SNAPSHOT_jar-_-any-5155523894972020719/webapp/,AVAILABLE}{jar:file:/home/user/.m2/repository/org/apache/hadoop/hadoop-hdds-container-service/1.1.0-SNAPSHOT/hadoop-hdds-container-service-1.1.0-SNAPSHOT.jar!/webapps/hddsDatanode}
2020-11-16 09:46:51,730 [Listener at 127.0.0.1/12104] INFO  server.AbstractConnector (AbstractConnector.java:doStart(331)) - Started ServerConnector@bf78e11{HTTP/1.1, (http/1.1)}{0.0.0.0:37757}
2020-11-16 09:46:51,730 [Listener at 127.0.0.1/12104] INFO  server.Server (Server.java:doStart(415)) - Started @6339ms
2020-11-16 09:46:51,730 [Listener at 127.0.0.1/12104] WARN  impl.MetricsSystemImpl (MetricsSystemImpl.java:register(276)) - Sink prometheus already exists!
2020-11-16 09:46:51,732 [omNode-3@group-523986131536-LeaderElection3] INFO  impl.LeaderElection (LeaderElection.java:askForVotes(210)) - omNode-3@group-523986131536-LeaderElection3: begin an election at term 1 for -1: [omNode-3:localhost:12108:0, omNode-1:localhost:12096:0, omNode-2:localhost:12102:0], old=null
2020-11-16 09:46:51,734 [Listener at 127.0.0.1/12104] INFO  http.BaseHttpServer (BaseHttpServer.java:updateConnectorAddress(327)) - HTTP server of hddsDatanode listening at http://0.0.0.0:37757
2020-11-16 09:46:51,755 [Listener at 127.0.0.1/12104] INFO  impl.MetricsSystemImpl (MetricsSystemImpl.java:init(158)) - HddsDatanode metrics system started (again)
2020-11-16 09:46:51,758 [Listener at 127.0.0.1/12104] INFO  ozone.HddsDatanodeService (HddsDatanodeService.java:start(217)) - HddsDatanodeService host:92f718008898 ip:172.17.0.2
2020-11-16 09:46:51,764 [Listener at 127.0.0.1/12104] INFO  volume.HddsVolume (HddsVolume.java:<init>(176)) - Creating Volume: /github/workspace/mnt/ozone/hadoop-ozone/integration-test/target/test-dir/MiniOzoneClusterImpl-1d5c47ff-0822-4398-9acc-4b25d0bc1405/datanode-2/data-0/containers/hdds of storage type : DISK and capacity : 9223372036854775807
2020-11-16 09:46:51,764 [Listener at 127.0.0.1/12104] INFO  volume.MutableVolumeSet (MutableVolumeSet.java:initializeVolumeSet(179)) - Added Volume : /github/workspace/mnt/ozone/hadoop-ozone/integration-test/target/test-dir/MiniOzoneClusterImpl-1d5c47ff-0822-4398-9acc-4b25d0bc1405/datanode-2/data-0/containers/hdds to VolumeSet
2020-11-16 09:46:51,764 [Listener at 127.0.0.1/12104] INFO  volume.ThrottledAsyncChecker (ThrottledAsyncChecker.java:schedule(141)) - Scheduling a check for /github/workspace/mnt/ozone/hadoop-ozone/integration-test/target/test-dir/MiniOzoneClusterImpl-1d5c47ff-0822-4398-9acc-4b25d0bc1405/datanode-2/data-0/containers/hdds
2020-11-16 09:46:51,766 [Listener at 127.0.0.1/12104] INFO  volume.HddsVolumeChecker (HddsVolumeChecker.java:checkAllVolumes(200)) - Scheduled health check for volume /github/workspace/mnt/ozone/hadoop-ozone/integration-test/target/test-dir/MiniOzoneClusterImpl-1d5c47ff-0822-4398-9acc-4b25d0bc1405/datanode-2/data-0/containers/hdds
2020-11-16 09:46:51,783 [grpc-default-executor-2] INFO  metrics.RatisMetrics (RatisMetrics.java:lambda$create$0(36)) - Creating Metrics Registry : ratis.server_message_metrics.omNode-1
2020-11-16 09:46:51,796 [org.apache.hadoop.util.JvmPauseMonitor$Monitor@16bf6b21] INFO  util.JvmPauseMonitor (JvmPauseMonitor.java:run(188)) - Starting JVM pause monitor
2020-11-16 09:46:51,798 [Thread-237] INFO  ozoneimpl.ContainerReader (ContainerReader.java:readVolume(123)) - Start to verify containers on volume /github/workspace/mnt/ozone/hadoop-ozone/integration-test/target/test-dir/MiniOzoneClusterImpl-1d5c47ff-0822-4398-9acc-4b25d0bc1405/datanode-2/data-0/containers/hdds
2020-11-16 09:46:51,799 [Thread-237] INFO  ozoneimpl.ContainerReader (ContainerReader.java:readVolume(148)) - Finish verifying containers on volume /github/workspace/mnt/ozone/hadoop-ozone/integration-test/target/test-dir/MiniOzoneClusterImpl-1d5c47ff-0822-4398-9acc-4b25d0bc1405/datanode-2/data-0/containers/hdds
2020-11-16 09:46:51,799 [Listener at 127.0.0.1/12104] INFO  ozoneimpl.OzoneContainer (OzoneContainer.java:buildContainerSet(196)) - Build ContainerSet costs 0s
2020-11-16 09:46:51,805 [Listener at 127.0.0.1/12104] INFO  impl.RaftServerProxy (ConfUtils.java:logGet(44)) - raft.rpc.type = GRPC (default)
2020-11-16 09:46:51,805 [Listener at 127.0.0.1/12104] INFO  grpc.GrpcFactory (GrpcFactory.java:checkPooledByteBufAllocatorUseCacheForAllThreads(45)) - PERFORMANCE WARNING: useCacheForAllThreads is true that may cause Netty to create a lot garbage objects and, as a result, trigger GC.
	It is recommended to disable useCacheForAllThreads by setting -Dorg.apache.ratis.thirdparty.io.netty.allocator.useCacheForAllThreads=false in command line.
2020-11-16 09:46:51,805 [Listener at 127.0.0.1/12104] INFO  grpc.GrpcConfigKeys (ConfUtils.java:logGet(44)) - raft.grpc.server.port = 0 (default)
2020-11-16 09:46:51,806 [Listener at 127.0.0.1/12104] INFO  server.GrpcService (ConfUtils.java:logGet(44)) - raft.grpc.message.size.max = 32MB (=33554432) (custom)
2020-11-16 09:46:51,806 [Listener at 127.0.0.1/12104] INFO  server.RaftServerConfigKeys (ConfUtils.java:logGet(44)) - raft.server.log.appender.buffer.byte-limit = 33554432 (custom)
2020-11-16 09:46:51,806 [Listener at 127.0.0.1/12104] INFO  server.GrpcService (ConfUtils.java:logGet(44)) - raft.grpc.flow.control.window = 5MB (=5242880) (custom)
2020-11-16 09:46:51,806 [Listener at 127.0.0.1/12104] INFO  server.RaftServerConfigKeys (ConfUtils.java:logGet(44)) - raft.server.rpc.request.timeout = 60s (custom)
2020-11-16 09:46:51,808 [Listener at 127.0.0.1/12104] INFO  server.RaftServerConfigKeys (ConfUtils.java:logGet(44)) - raft.server.storage.dir = [/github/workspace/mnt/ozone/hadoop-ozone/integration-test/target/test-dir/MiniOzoneClusterImpl-1d5c47ff-0822-4398-9acc-4b25d0bc1405/datanode-2/data/ratis] (custom)
2020-11-16 09:46:51,816 [Listener at 127.0.0.1/12104] INFO  http.BaseHttpServer (BaseHttpServer.java:newHttpServer2BuilderForOzone(207)) - Starting Web-server for hddsDatanode at: http://0.0.0.0:0
2020-11-16 09:46:51,816 [Listener at 127.0.0.1/12104] INFO  http.BaseHttpServer (BaseHttpServer.java:<init>(106)) - Hadoop Security Enabled: false Ozone Security Enabled: false Ozone HTTP Security Enabled: false 
2020-11-16 09:46:51,819 [Listener at 127.0.0.1/12104] INFO  server.AuthenticationFilter (AuthenticationFilter.java:constructSecretProvider(240)) - Unable to initialize FileSignerSecretProvider, falling back to use random secrets.
2020-11-16 09:46:51,823 [grpc-default-executor-1] INFO  metrics.RatisMetrics (RatisMetrics.java:lambda$create$0(36)) - Creating Metrics Registry : ratis.server_message_metrics.omNode-2
2020-11-16 09:46:51,824 [Listener at 127.0.0.1/12104] WARN  http.HttpRequestLog (HttpRequestLog.java:getRequestLog(103)) - Jetty request log can only be enabled using Log4j
2020-11-16 09:46:51,825 [Listener at 127.0.0.1/12104] INFO  http.HttpServer2 (HttpServer2.java:addGlobalFilter(1019)) - Added global filter 'safety' (class=org.apache.hadoop.hdds.server.http.HttpServer2$QuotingInputFilter)
2020-11-16 09:46:51,826 [Listener at 127.0.0.1/12104] INFO  http.HttpServer2 (HttpServer2.java:addFilter(995)) - Added filter static_user_filter (class=org.apache.hadoop.http.lib.StaticUserWebFilter$StaticUserFilter) to context hddsDatanode
2020-11-16 09:46:51,826 [Listener at 127.0.0.1/12104] INFO  http.HttpServer2 (HttpServer2.java:addFilter(1003)) - Added filter static_user_filter (class=org.apache.hadoop.http.lib.StaticUserWebFilter$StaticUserFilter) to context logs
2020-11-16 09:46:51,826 [Listener at 127.0.0.1/12104] INFO  http.HttpServer2 (HttpServer2.java:addFilter(1003)) - Added filter static_user_filter (class=org.apache.hadoop.http.lib.StaticUserWebFilter$StaticUserFilter) to context static
2020-11-16 09:46:51,826 [Listener at 127.0.0.1/12104] INFO  http.HttpServer2 (HttpServer2.java:bindListener(1237)) - Jetty bound to port 45433
2020-11-16 09:46:51,826 [Listener at 127.0.0.1/12104] INFO  server.Server (Server.java:doStart(375)) - jetty-9.4.34.v20201102; built: 2020-11-02T14:15:39.302Z; git: e46af88704a893fc12cb0e3bf46e2c7b48a009e7; jvm 1.8.0_232-b09
2020-11-16 09:46:51,828 [Listener at 127.0.0.1/12104] INFO  server.session (DefaultSessionIdManager.java:doStart(334)) - DefaultSessionIdManager workerName=node0
2020-11-16 09:46:51,828 [Listener at 127.0.0.1/12104] INFO  server.session (DefaultSessionIdManager.java:doStart(339)) - No SessionScavenger set, using defaults
2020-11-16 09:46:51,828 [Listener at 127.0.0.1/12104] INFO  server.session (HouseKeeper.java:startScavenging(132)) - node0 Scavenging every 660000ms
2020-11-16 09:46:51,832 [Listener at 127.0.0.1/12104] INFO  handler.ContextHandler (ContextHandler.java:doStart(916)) - Started o.e.j.s.ServletContextHandler@1ffe6418{logs,/logs,file:///github/workspace/mnt/ozone/hadoop-ozone/integration-test/target/log,AVAILABLE}
2020-11-16 09:46:51,832 [Listener at 127.0.0.1/12104] INFO  handler.ContextHandler (ContextHandler.java:doStart(916)) - Started o.e.j.s.ServletContextHandler@2c7b1fe4{static,/static,jar:file:/home/user/.m2/repository/org/apache/hadoop/hadoop-hdds-container-service/1.1.0-SNAPSHOT/hadoop-hdds-container-service-1.1.0-SNAPSHOT.jar!/webapps/static,AVAILABLE}
2020-11-16 09:46:51,844 [grpc-default-executor-3] INFO  metrics.RatisMetrics (RatisMetrics.java:lambda$create$0(36)) - Creating Metrics Registry : ratis.server_message_metrics.omNode-3
2020-11-16 09:46:51,821 [Datanode State Machine Task Thread - 0] INFO  datanode.InitDatanodeState (InitDatanodeState.java:persistContainerDatanodeDetails(145)) - DatanodeDetails is persisted to /github/workspace/mnt/ozone/hadoop-ozone/integration-test/target/test-dir/MiniOzoneClusterImpl-1d5c47ff-0822-4398-9acc-4b25d0bc1405/datanode-1/meta/datanode.id
2020-11-16 09:46:51,891 [omNode-1@group-523986131536-LeaderElection1] INFO  impl.LeaderElection (LeaderElection.java:logAndReturn(62)) - omNode-1@group-523986131536-LeaderElection1: Election REJECTED; received 2 response(s) [omNode-1<-omNode-3#0:FAIL-t1, omNode-1<-omNode-2#0:FAIL-t1] and 0 exception(s); omNode-1@group-523986131536:t1, leader=null, voted=omNode-1, raftlog=omNode-1@group-523986131536-SegmentedRaftLog:OPENED:c-1,f-1,i0, conf=-1: [omNode-3:localhost:12108:0, omNode-1:localhost:12096:0, omNode-2:localhost:12102:0], old=null
2020-11-16 09:46:51,891 [omNode-2@group-523986131536-LeaderElection2] INFO  impl.LeaderElection (LeaderElection.java:logAndReturn(62)) - omNode-2@group-523986131536-LeaderElection2: Election REJECTED; received 2 response(s) [omNode-2<-omNode-3#0:FAIL-t1, omNode-2<-omNode-1#0:FAIL-t1] and 0 exception(s); omNode-2@group-523986131536:t1, leader=null, voted=omNode-2, raftlog=omNode-2@group-523986131536-SegmentedRaftLog:OPENED:c-1,f-1,i0, conf=-1: [omNode-3:localhost:12108:0, omNode-1:localhost:12096:0, omNode-2:localhost:12102:0], old=null
2020-11-16 09:46:51,892 [omNode-1@group-523986131536-LeaderElection1] INFO  impl.RaftServerImpl (RaftServerImpl.java:setRole(198)) - omNode-1@group-523986131536: changes role from CANDIDATE to FOLLOWER at term 1 for DISCOVERED_A_NEW_TERM
2020-11-16 09:46:51,894 [omNode-3@group-523986131536-LeaderElection3] INFO  impl.LeaderElection (LeaderElection.java:logAndReturn(62)) - omNode-3@group-523986131536-LeaderElection3: Election REJECTED; received 2 response(s) [omNode-3<-omNode-1#0:FAIL-t1, omNode-3<-omNode-2#0:FAIL-t1] and 0 exception(s); omNode-3@group-523986131536:t1, leader=null, voted=omNode-3, raftlog=omNode-3@group-523986131536-SegmentedRaftLog:OPENED:c-1,f-1,i0, conf=-1: [omNode-3:localhost:12108:0, omNode-1:localhost:12096:0, omNode-2:localhost:12102:0], old=null
2020-11-16 09:46:51,892 [omNode-2@group-523986131536-LeaderElection2] INFO  impl.RaftServerImpl (RaftServerImpl.java:setRole(198)) - omNode-2@group-523986131536: changes role from CANDIDATE to FOLLOWER at term 1 for DISCOVERED_A_NEW_TERM
2020-11-16 09:46:51,895 [omNode-2@group-523986131536-LeaderElection2] INFO  impl.RoleInfo (RoleInfo.java:shutdownLeaderElection(134)) - omNode-2: shutdown LeaderElection
2020-11-16 09:46:51,895 [omNode-3@group-523986131536-LeaderElection3] INFO  impl.RaftServerImpl (RaftServerImpl.java:setRole(198)) - omNode-3@group-523986131536: changes role from CANDIDATE to FOLLOWER at term 1 for DISCOVERED_A_NEW_TERM
2020-11-16 09:46:51,900 [omNode-3@group-523986131536-LeaderElection3] INFO  impl.RoleInfo (RoleInfo.java:shutdownLeaderElection(134)) - omNode-3: shutdown LeaderElection
2020-11-16 09:46:51,900 [omNode-3@group-523986131536-LeaderElection3] INFO  impl.RoleInfo (RoleInfo.java:updateAndGet(143)) - omNode-3: start FollowerState
2020-11-16 09:46:51,895 [omNode-1@group-523986131536-LeaderElection1] INFO  impl.RoleInfo (RoleInfo.java:shutdownLeaderElection(134)) - omNode-1: shutdown LeaderElection
2020-11-16 09:46:51,896 [omNode-2@group-523986131536-LeaderElection2] INFO  impl.RoleInfo (RoleInfo.java:updateAndGet(143)) - omNode-2: start FollowerState
2020-11-16 09:46:51,907 [omNode-1@group-523986131536-LeaderElection1] INFO  impl.RoleInfo (RoleInfo.java:updateAndGet(143)) - omNode-1: start FollowerState
2020-11-16 09:46:52,007 [Listener at 127.0.0.1/12104] INFO  handler.ContextHandler (ContextHandler.java:doStart(916)) - Started o.e.j.w.WebAppContext@68495876{hddsDatanode,/,file:///tmp/jetty-0_0_0_0-45433-hadoop-hdds-container-service-1_1_0-SNAPSHOT_jar-_-any-8988920907615915660/webapp/,AVAILABLE}{jar:file:/home/user/.m2/repository/org/apache/hadoop/hadoop-hdds-container-service/1.1.0-SNAPSHOT/hadoop-hdds-container-service-1.1.0-SNAPSHOT.jar!/webapps/hddsDatanode}
2020-11-16 09:46:52,012 [Listener at 127.0.0.1/12104] INFO  server.AbstractConnector (AbstractConnector.java:doStart(331)) - Started ServerConnector@7bd302ae{HTTP/1.1, (http/1.1)}{0.0.0.0:45433}
2020-11-16 09:46:52,013 [Listener at 127.0.0.1/12104] INFO  server.Server (Server.java:doStart(415)) - Started @6622ms
2020-11-16 09:46:52,013 [Listener at 127.0.0.1/12104] WARN  impl.MetricsSystemImpl (MetricsSystemImpl.java:register(276)) - Sink prometheus already exists!
2020-11-16 09:46:52,017 [Listener at 127.0.0.1/12104] INFO  http.BaseHttpServer (BaseHttpServer.java:updateConnectorAddress(327)) - HTTP server of hddsDatanode listening at http://0.0.0.0:45433
2020-11-16 09:46:52,018 [Listener at 127.0.0.1/12104] INFO  ozone.MiniOzoneClusterImpl (MiniOzoneClusterImpl.java:lambda$waitForClusterToBeReady$0(178)) - Waiting for nodes to be ready. Got 0 of 3 DN Heartbeats.
2020-11-16 09:46:52,018 [Listener at 127.0.0.1/12104] INFO  ozone.MiniOzoneClusterImpl (MiniOzoneClusterImpl.java:lambda$waitForClusterToBeReady$0(181)) - Waiting for cluster to exit safe mode
2020-11-16 09:46:52,022 [org.apache.hadoop.util.JvmPauseMonitor$Monitor@371394a0] INFO  util.JvmPauseMonitor (JvmPauseMonitor.java:run(188)) - Starting JVM pause monitor
2020-11-16 09:46:52,023 [Datanode State Machine Task Thread - 0] INFO  datanode.InitDatanodeState (InitDatanodeState.java:persistContainerDatanodeDetails(145)) - DatanodeDetails is persisted to /github/workspace/mnt/ozone/hadoop-ozone/integration-test/target/test-dir/MiniOzoneClusterImpl-1d5c47ff-0822-4398-9acc-4b25d0bc1405/datanode-2/meta/datanode.id
2020-11-16 09:46:52,922 [Thread-250] INFO  impl.FollowerState (FollowerState.java:run(108)) - omNode-1@group-523986131536-FollowerState: change to CANDIDATE, lastRpcTime:1015ms, electionTimeout:1006ms
2020-11-16 09:46:52,922 [Thread-250] INFO  impl.RoleInfo (RoleInfo.java:shutdownFollowerState(121)) - omNode-1: shutdown FollowerState
2020-11-16 09:46:52,922 [Thread-250] INFO  impl.RaftServerImpl (RaftServerImpl.java:setRole(198)) - omNode-1@group-523986131536: changes role from  FOLLOWER to CANDIDATE at term 1 for changeToCandidate
2020-11-16 09:46:52,926 [Thread-250] INFO  impl.RoleInfo (RoleInfo.java:updateAndGet(143)) - omNode-1: start LeaderElection
2020-11-16 09:46:52,928 [omNode-1@group-523986131536-LeaderElection4] INFO  impl.LeaderElection (LeaderElection.java:askForVotes(210)) - omNode-1@group-523986131536-LeaderElection4: begin an election at term 2 for -1: [omNode-3:localhost:12108:0, omNode-1:localhost:12096:0, omNode-2:localhost:12102:0], old=null
2020-11-16 09:46:52,934 [grpc-default-executor-0] INFO  impl.RaftServerImpl (RaftServerImpl.java:setRole(198)) - omNode-2@group-523986131536: changes role from  FOLLOWER to FOLLOWER at term 2 for recognizeCandidate:omNode-1
2020-11-16 09:46:52,934 [grpc-default-executor-0] INFO  impl.RoleInfo (RoleInfo.java:shutdownFollowerState(121)) - omNode-2: shutdown FollowerState
2020-11-16 09:46:52,934 [grpc-default-executor-0] INFO  impl.RoleInfo (RoleInfo.java:updateAndGet(143)) - omNode-2: start FollowerState
2020-11-16 09:46:52,934 [Thread-248] INFO  impl.FollowerState (FollowerState.java:run(117)) - omNode-2@group-523986131536-FollowerState was interrupted: java.lang.InterruptedException: sleep interrupted
2020-11-16 09:46:52,936 [grpc-default-executor-0] INFO  impl.RaftServerImpl (RaftServerImpl.java:requestVote(923)) -  FOLLOWER omNode-2@group-523986131536:t2, leader=null, voted=null, raftlog=omNode-2@group-523986131536-SegmentedRaftLog:OPENED:c-1,f-1,i0, conf=-1: [omNode-3:localhost:12108:0, omNode-1:localhost:12096:0, omNode-2:localhost:12102:0], old=null RUNNING priority:0 candidate:omNode-1:localhost:12096:0 candidatePriority:0 compare:0
2020-11-16 09:46:52,938 [grpc-default-executor-3] INFO  impl.RaftServerImpl (RaftServerImpl.java:setRole(198)) - omNode-3@group-523986131536: changes role from  FOLLOWER to FOLLOWER at term 2 for recognizeCandidate:omNode-1
2020-11-16 09:46:52,938 [grpc-default-executor-3] INFO  impl.RoleInfo (RoleInfo.java:shutdownFollowerState(121)) - omNode-3: shutdown FollowerState
2020-11-16 09:46:52,938 [grpc-default-executor-3] INFO  impl.RoleInfo (RoleInfo.java:updateAndGet(143)) - omNode-3: start FollowerState
2020-11-16 09:46:52,938 [Thread-249] INFO  impl.FollowerState (FollowerState.java:run(117)) - omNode-3@group-523986131536-FollowerState was interrupted: java.lang.InterruptedException: sleep interrupted
2020-11-16 09:46:52,940 [grpc-default-executor-3] INFO  impl.RaftServerImpl (RaftServerImpl.java:requestVote(923)) -  FOLLOWER omNode-3@group-523986131536:t2, leader=null, voted=null, raftlog=omNode-3@group-523986131536-SegmentedRaftLog:OPENED:c-1,f-1,i0, conf=-1: [omNode-3:localhost:12108:0, omNode-1:localhost:12096:0, omNode-2:localhost:12102:0], old=null RUNNING priority:0 candidate:omNode-1:localhost:12096:0 candidatePriority:0 compare:0
2020-11-16 09:46:52,952 [omNode-1@group-523986131536-LeaderElection4] INFO  impl.LeaderElection (LeaderElection.java:logAndReturn(62)) - omNode-1@group-523986131536-LeaderElection4: Election PASSED; received 1 response(s) [omNode-1<-omNode-3#0:OK-t2] and 0 exception(s); omNode-1@group-523986131536:t2, leader=null, voted=omNode-1, raftlog=omNode-1@group-523986131536-SegmentedRaftLog:OPENED:c-1,f-1,i0, conf=-1: [omNode-3:localhost:12108:0, omNode-1:localhost:12096:0, omNode-2:localhost:12102:0], old=null
2020-11-16 09:46:52,952 [omNode-1@group-523986131536-LeaderElection4] INFO  impl.RoleInfo (RoleInfo.java:shutdownLeaderElection(134)) - omNode-1: shutdown LeaderElection
2020-11-16 09:46:52,952 [omNode-1@group-523986131536-LeaderElection4] INFO  impl.RaftServerImpl (RaftServerImpl.java:setRole(198)) - omNode-1@group-523986131536: changes role from CANDIDATE to LEADER at term 2 for changeToLeader
2020-11-16 09:46:52,952 [omNode-1@group-523986131536-LeaderElection4] INFO  impl.RaftServerImpl (ServerState.java:setLeader(256)) - omNode-1@group-523986131536: change Leader from null to omNode-1 at term 2 for becomeLeader, leader elected after 3041ms
2020-11-16 09:46:52,956 [omNode-1@group-523986131536-LeaderElection4] INFO  server.RaftServerConfigKeys (ConfUtils.java:logGet(44)) - raft.server.staging.catchup.gap = 1000 (default)
2020-11-16 09:46:52,956 [omNode-1@group-523986131536-LeaderElection4] INFO  server.RaftServerConfigKeys (ConfUtils.java:logGet(44)) - raft.server.rpc.sleep.time = 25ms (default)
2020-11-16 09:46:52,958 [omNode-1@group-523986131536-LeaderElection4] INFO  metrics.RatisMetrics (RatisMetrics.java:lambda$create$0(36)) - Creating Metrics Registry : ratis.log_appender.omNode-1@group-523986131536
2020-11-16 09:46:52,961 [omNode-1@group-523986131536-LeaderElection4] INFO  server.RaftServerConfigKeys (ConfUtils.java:logGet(44)) - raft.server.write.element-limit = 4096 (default)
2020-11-16 09:46:52,964 [omNode-1@group-523986131536-LeaderElection4] INFO  server.RaftServerConfigKeys (ConfUtils.java:logGet(44)) - raft.server.write.byte-limit = 64MB (=67108864) (default)
2020-11-16 09:46:52,971 [omNode-1@group-523986131536-LeaderElection4] INFO  server.RaftServerConfigKeys (ConfUtils.java:logGet(44)) - raft.server.watch.timeout = 10s (default)
2020-11-16 09:46:52,973 [omNode-1@group-523986131536-LeaderElection4] INFO  server.RaftServerConfigKeys (ConfUtils.java:logGet(44)) - raft.server.watch.timeout.denomination = 1s (default)
2020-11-16 09:46:52,974 [omNode-1@group-523986131536-LeaderElection4] INFO  server.RaftServerConfigKeys (ConfUtils.java:logGet(44)) - raft.server.watch.element-limit = 65536 (default)
2020-11-16 09:46:52,983 [omNode-1@group-523986131536-LeaderElection4] INFO  server.RaftServerConfigKeys (ConfUtils.java:logGet(44)) - raft.server.log.appender.snapshot.chunk.size.max = 16MB (=16777216) (default)
2020-11-16 09:46:52,983 [omNode-1@group-523986131536-LeaderElection4] INFO  server.RaftServerConfigKeys (ConfUtils.java:logGet(44)) - raft.server.log.appender.buffer.byte-limit = 33554432 (custom)
2020-11-16 09:46:52,984 [omNode-1@group-523986131536-LeaderElection4] INFO  server.RaftServerConfigKeys (ConfUtils.java:logGet(44)) - raft.server.log.appender.buffer.element-limit = 1024 (custom)
2020-11-16 09:46:52,986 [omNode-1@group-523986131536-LeaderElection4] INFO  grpc.GrpcConfigKeys (ConfUtils.java:logGet(44)) - raft.grpc.server.leader.outstanding.appends.max = 128 (default)
2020-11-16 09:46:52,986 [omNode-1@group-523986131536-LeaderElection4] INFO  server.RaftServerConfigKeys (ConfUtils.java:logGet(44)) - raft.server.rpc.request.timeout = 3000ms (default)
2020-11-16 09:46:52,987 [omNode-1@group-523986131536-LeaderElection4] INFO  server.RaftServerConfigKeys (ConfUtils.java:logGet(44)) - raft.server.log.appender.install.snapshot.enabled = false (custom)
2020-11-16 09:46:52,987 [omNode-1@group-523986131536-LeaderElection4] INFO  metrics.RatisMetrics (RatisMetrics.java:lambda$create$0(36)) - Creating Metrics Registry : ratis_grpc.log_appender.omNode-1@group-523986131536
2020-11-16 09:46:52,993 [omNode-1@group-523986131536-LeaderElection4] INFO  server.RaftServerConfigKeys (ConfUtils.java:logGet(44)) - raft.server.log.appender.snapshot.chunk.size.max = 16MB (=16777216) (default)
2020-11-16 09:46:52,993 [omNode-1@group-523986131536-LeaderElection4] INFO  server.RaftServerConfigKeys (ConfUtils.java:logGet(44)) - raft.server.log.appender.buffer.byte-limit = 33554432 (custom)
2020-11-16 09:46:52,993 [omNode-1@group-523986131536-LeaderElection4] INFO  server.RaftServerConfigKeys (ConfUtils.java:logGet(44)) - raft.server.log.appender.buffer.element-limit = 1024 (custom)
2020-11-16 09:46:52,993 [omNode-1@group-523986131536-LeaderElection4] INFO  grpc.GrpcConfigKeys (ConfUtils.java:logGet(44)) - raft.grpc.server.leader.outstanding.appends.max = 128 (default)
2020-11-16 09:46:52,994 [omNode-1@group-523986131536-LeaderElection4] INFO  server.RaftServerConfigKeys (ConfUtils.java:logGet(44)) - raft.server.rpc.request.timeout = 3000ms (default)
2020-11-16 09:46:52,994 [omNode-1@group-523986131536-LeaderElection4] INFO  server.RaftServerConfigKeys (ConfUtils.java:logGet(44)) - raft.server.log.appender.install.snapshot.enabled = false (custom)
2020-11-16 09:46:53,012 [omNode-1@group-523986131536-LeaderElection4] INFO  impl.RoleInfo (RoleInfo.java:updateAndGet(143)) - omNode-1: start LeaderState
2020-11-16 09:46:53,018 [Listener at 127.0.0.1/12104] INFO  ozone.MiniOzoneClusterImpl (MiniOzoneClusterImpl.java:lambda$waitForClusterToBeReady$0(178)) - Waiting for nodes to be ready. Got 0 of 3 DN Heartbeats.
2020-11-16 09:46:53,018 [Listener at 127.0.0.1/12104] INFO  ozone.MiniOzoneClusterImpl (MiniOzoneClusterImpl.java:lambda$waitForClusterToBeReady$0(181)) - Waiting for cluster to exit safe mode
2020-11-16 09:46:53,036 [omNode-1@group-523986131536-LeaderElection4] INFO  segmented.SegmentedRaftLogWorker (SegmentedRaftLogWorker.java:startLogSegment(397)) - omNode-1@group-523986131536-SegmentedRaftLogWorker: Starting segment from index:0
2020-11-16 09:46:53,046 [omNode-1@group-523986131536-LeaderElection4] INFO  impl.RaftServerImpl (ServerState.java:setRaftConf(374)) - omNode-1@group-523986131536: set configuration 0: [omNode-3:localhost:12108:0, omNode-1:localhost:12096:0, omNode-2:localhost:12102:0], old=null at 0
2020-11-16 09:46:53,101 [grpc-default-executor-0] INFO  impl.RaftServerImpl (ServerState.java:setLeader(256)) - omNode-2@group-523986131536: change Leader from null to omNode-1 at term 2 for appendEntries, leader elected after 2749ms
2020-11-16 09:46:53,103 [grpc-default-executor-3] INFO  impl.RaftServerImpl (ServerState.java:setLeader(256)) - omNode-3@group-523986131536: change Leader from null to omNode-1 at term 2 for appendEntries, leader elected after 2613ms
2020-11-16 09:46:53,128 [grpc-default-executor-0] INFO  impl.RaftServerImpl (ServerState.java:setRaftConf(374)) - omNode-2@group-523986131536: set configuration 0: [omNode-3:localhost:12108:0, omNode-1:localhost:12096:0, omNode-2:localhost:12102:0], old=null at 0
2020-11-16 09:46:53,129 [grpc-default-executor-0] INFO  segmented.SegmentedRaftLogWorker (SegmentedRaftLogWorker.java:startLogSegment(397)) - omNode-2@group-523986131536-SegmentedRaftLogWorker: Starting segment from index:0
2020-11-16 09:46:53,131 [grpc-default-executor-3] INFO  impl.RaftServerImpl (ServerState.java:setRaftConf(374)) - omNode-3@group-523986131536: set configuration 0: [omNode-3:localhost:12108:0, omNode-1:localhost:12096:0, omNode-2:localhost:12102:0], old=null at 0
2020-11-16 09:46:53,132 [grpc-default-executor-3] INFO  segmented.SegmentedRaftLogWorker (SegmentedRaftLogWorker.java:startLogSegment(397)) - omNode-3@group-523986131536-SegmentedRaftLogWorker: Starting segment from index:0
2020-11-16 09:46:53,354 [omNode-3@group-523986131536-SegmentedRaftLogWorker] INFO  segmented.SegmentedRaftLogWorker (SegmentedRaftLogWorker.java:execute(596)) - omNode-3@group-523986131536-SegmentedRaftLogWorker: created new log segment /github/workspace/mnt/ozone/hadoop-ozone/integration-test/target/test-dir/MiniOzoneClusterImpl-1d5c47ff-0822-4398-9acc-4b25d0bc1405/omNode-3/ratis/c9bc4cf4-3bc3-3c60-a66b-523986131536/current/log_inprogress_0
2020-11-16 09:46:53,354 [omNode-1@group-523986131536-SegmentedRaftLogWorker] INFO  segmented.SegmentedRaftLogWorker (SegmentedRaftLogWorker.java:execute(596)) - omNode-1@group-523986131536-SegmentedRaftLogWorker: created new log segment /github/workspace/mnt/ozone/hadoop-ozone/integration-test/target/test-dir/MiniOzoneClusterImpl-1d5c47ff-0822-4398-9acc-4b25d0bc1405/omNode-1/ratis/c9bc4cf4-3bc3-3c60-a66b-523986131536/current/log_inprogress_0
2020-11-16 09:46:53,355 [omNode-2@group-523986131536-SegmentedRaftLogWorker] INFO  segmented.SegmentedRaftLogWorker (SegmentedRaftLogWorker.java:execute(596)) - omNode-2@group-523986131536-SegmentedRaftLogWorker: created new log segment /github/workspace/mnt/ozone/hadoop-ozone/integration-test/target/test-dir/MiniOzoneClusterImpl-1d5c47ff-0822-4398-9acc-4b25d0bc1405/omNode-2/ratis/c9bc4cf4-3bc3-3c60-a66b-523986131536/current/log_inprogress_0
2020-11-16 09:46:53,388 [EndpointStateMachine task thread for /0.0.0.0:46191 - 0 ] INFO  ozoneimpl.OzoneContainer (OzoneContainer.java:start(245)) - Attempting to start container services.
2020-11-16 09:46:53,393 [EndpointStateMachine task thread for /0.0.0.0:46191 - 0 ] INFO  ozoneimpl.OzoneContainer (OzoneContainer.java:startContainerScrub(209)) - Background container scanner has been disabled.
2020-11-16 09:46:53,393 [EndpointStateMachine task thread for /0.0.0.0:46191 - 0 ] INFO  ratis.XceiverServerRatis (XceiverServerRatis.java:start(456)) - Starting XceiverServerRatis 935d82c4-fbd9-4178-900a-963e9e0866c9 at port 0
2020-11-16 09:46:53,394 [EndpointStateMachine task thread for /0.0.0.0:46191 - 0 ] INFO  impl.RaftServerProxy (RaftServerProxy.java:lambda$start$3(307)) - 935d82c4-fbd9-4178-900a-963e9e0866c9: start RPC server
2020-11-16 09:46:53,395 [EndpointStateMachine task thread for /0.0.0.0:46191 - 0 ] INFO  server.GrpcService (GrpcService.java:startImpl(177)) - 935d82c4-fbd9-4178-900a-963e9e0866c9: GrpcService started, listening on 0.0.0.0/0.0.0.0:33109
2020-11-16 09:46:53,395 [EndpointStateMachine task thread for /0.0.0.0:46191 - 0 ] INFO  ratis.XceiverServerRatis (XceiverServerRatis.java:start(468)) - XceiverServerRatis 935d82c4-fbd9-4178-900a-963e9e0866c9 is started using port 33109
2020-11-16 09:46:53,397 [EndpointStateMachine task thread for /0.0.0.0:46191 - 0 ] INFO  server.XceiverServerGrpc (XceiverServerGrpc.java:start(145)) - XceiverServerGrpc 935d82c4-fbd9-4178-900a-963e9e0866c9 is started using port 41111
2020-11-16 09:46:53,801 [EndpointStateMachine task thread for /0.0.0.0:46191 - 0 ] INFO  ozoneimpl.OzoneContainer (OzoneContainer.java:start(245)) - Attempting to start container services.
2020-11-16 09:46:53,803 [EndpointStateMachine task thread for /0.0.0.0:46191 - 0 ] INFO  ozoneimpl.OzoneContainer (OzoneContainer.java:startContainerScrub(209)) - Background container scanner has been disabled.
2020-11-16 09:46:53,804 [EndpointStateMachine task thread for /0.0.0.0:46191 - 0 ] INFO  ratis.XceiverServerRatis (XceiverServerRatis.java:start(456)) - Starting XceiverServerRatis b680aa61-21f9-4676-8a3b-ea54fb018a9f at port 0
2020-11-16 09:46:53,805 [EndpointStateMachine task thread for /0.0.0.0:46191 - 0 ] INFO  impl.RaftServerProxy (RaftServerProxy.java:lambda$start$3(307)) - b680aa61-21f9-4676-8a3b-ea54fb018a9f: start RPC server
2020-11-16 09:46:53,813 [EndpointStateMachine task thread for /0.0.0.0:46191 - 0 ] INFO  server.GrpcService (GrpcService.java:startImpl(177)) - b680aa61-21f9-4676-8a3b-ea54fb018a9f: GrpcService started, listening on 0.0.0.0/0.0.0.0:37729
2020-11-16 09:46:53,813 [EndpointStateMachine task thread for /0.0.0.0:46191 - 0 ] INFO  ratis.XceiverServerRatis (XceiverServerRatis.java:start(468)) - XceiverServerRatis b680aa61-21f9-4676-8a3b-ea54fb018a9f is started using port 37729
2020-11-16 09:46:53,814 [EndpointStateMachine task thread for /0.0.0.0:46191 - 0 ] INFO  server.XceiverServerGrpc (XceiverServerGrpc.java:start(145)) - XceiverServerGrpc b680aa61-21f9-4676-8a3b-ea54fb018a9f is started using port 36069
2020-11-16 09:46:54,019 [Listener at 127.0.0.1/12104] INFO  ozone.MiniOzoneClusterImpl (MiniOzoneClusterImpl.java:lambda$waitForClusterToBeReady$0(178)) - Waiting for nodes to be ready. Got 0 of 3 DN Heartbeats.
2020-11-16 09:46:54,019 [Listener at 127.0.0.1/12104] INFO  ozone.MiniOzoneClusterImpl (MiniOzoneClusterImpl.java:lambda$waitForClusterToBeReady$0(181)) - Waiting for cluster to exit safe mode
2020-11-16 09:46:54,024 [EndpointStateMachine task thread for /0.0.0.0:46191 - 0 ] INFO  ozoneimpl.OzoneContainer (OzoneContainer.java:start(245)) - Attempting to start container services.
2020-11-16 09:46:54,024 [EndpointStateMachine task thread for /0.0.0.0:46191 - 0 ] INFO  ozoneimpl.OzoneContainer (OzoneContainer.java:startContainerScrub(209)) - Background container scanner has been disabled.
2020-11-16 09:46:54,024 [EndpointStateMachine task thread for /0.0.0.0:46191 - 0 ] INFO  ratis.XceiverServerRatis (XceiverServerRatis.java:start(456)) - Starting XceiverServerRatis d3f5be2c-c721-4f88-912e-3aa9c1a6d18a at port 0
2020-11-16 09:46:54,025 [EndpointStateMachine task thread for /0.0.0.0:46191 - 0 ] INFO  impl.RaftServerProxy (RaftServerProxy.java:lambda$start$3(307)) - d3f5be2c-c721-4f88-912e-3aa9c1a6d18a: start RPC server
2020-11-16 09:46:54,027 [EndpointStateMachine task thread for /0.0.0.0:46191 - 0 ] INFO  server.GrpcService (GrpcService.java:startImpl(177)) - d3f5be2c-c721-4f88-912e-3aa9c1a6d18a: GrpcService started, listening on 0.0.0.0/0.0.0.0:39229
2020-11-16 09:46:54,027 [EndpointStateMachine task thread for /0.0.0.0:46191 - 0 ] INFO  ratis.XceiverServerRatis (XceiverServerRatis.java:start(468)) - XceiverServerRatis d3f5be2c-c721-4f88-912e-3aa9c1a6d18a is started using port 39229
2020-11-16 09:46:54,029 [EndpointStateMachine task thread for /0.0.0.0:46191 - 0 ] INFO  server.XceiverServerGrpc (XceiverServerGrpc.java:start(145)) - XceiverServerGrpc d3f5be2c-c721-4f88-912e-3aa9c1a6d18a is started using port 35561
2020-11-16 09:46:55,019 [Listener at 127.0.0.1/12104] INFO  ozone.MiniOzoneClusterImpl (MiniOzoneClusterImpl.java:lambda$waitForClusterToBeReady$0(178)) - Waiting for nodes to be ready. Got 0 of 3 DN Heartbeats.
2020-11-16 09:46:55,020 [Listener at 127.0.0.1/12104] INFO  ozone.MiniOzoneClusterImpl (MiniOzoneClusterImpl.java:lambda$waitForClusterToBeReady$0(181)) - Waiting for cluster to exit safe mode
2020-11-16 09:46:55,335 [IPC Server handler 19 on default port 46191] INFO  net.NetworkTopologyImpl (NetworkTopologyImpl.java:add(111)) - Added a new node: /default-rack/935d82c4-fbd9-4178-900a-963e9e0866c9
2020-11-16 09:46:55,337 [IPC Server handler 19 on default port 46191] INFO  node.SCMNodeManager (SCMNodeManager.java:register(282)) - Registered Data node : 935d82c4-fbd9-4178-900a-963e9e0866c9{ip: 172.17.0.2, host: 92f718008898, networkLocation: /default-rack, certSerialId: null}
2020-11-16 09:46:55,342 [EventQueue-NodeRegistrationContainerReportForContainerSafeModeRule] INFO  safemode.SCMSafeModeManager (SCMSafeModeManager.java:validateSafeModeExitRules(214)) - ContainerSafeModeRule rule is successfully validated
2020-11-16 09:46:55,344 [EventQueue-NodeRegistrationContainerReportForDataNodeSafeModeRule] INFO  safemode.SCMSafeModeManager (DataNodeSafeModeRule.java:process(71)) - SCM in safe mode. 1 DataNodes registered, 1 required.
2020-11-16 09:46:55,344 [EventQueue-NodeRegistrationContainerReportForDataNodeSafeModeRule] INFO  safemode.SCMSafeModeManager (SCMSafeModeManager.java:validateSafeModeExitRules(214)) - DataNodeSafeModeRule rule is successfully validated
2020-11-16 09:46:55,344 [EventQueue-NodeRegistrationContainerReportForDataNodeSafeModeRule] INFO  safemode.SCMSafeModeManager (SCMSafeModeManager.java:completePreCheck(242)) - All SCM safe mode pre check rules have passed
2020-11-16 09:46:55,533 [RatisPipelineUtilsThread] INFO  pipeline.RatisPipelineProvider (RatisPipelineProvider.java:lambda$create$0(161)) - Sending CreatePipelineCommand for pipeline:PipelineID=b9df9a38-1b9f-4566-8ba6-ec71c5613545 to datanode:935d82c4-fbd9-4178-900a-963e9e0866c9
2020-11-16 09:46:55,564 [RatisPipelineUtilsThread] INFO  pipeline.PipelineStateManager (PipelineStateManager.java:addPipeline(54)) - Created pipeline Pipeline[ Id: b9df9a38-1b9f-4566-8ba6-ec71c5613545, Nodes: 935d82c4-fbd9-4178-900a-963e9e0866c9{ip: 172.17.0.2, host: 92f718008898, networkLocation: /default-rack, certSerialId: null}, Type:RATIS, Factor:ONE, State:ALLOCATED, leaderId:, CreationTimestamp2020-11-16T09:46:55.520Z]
2020-11-16 09:46:55,566 [RatisPipelineUtilsThread] WARN  pipeline.PipelinePlacementPolicy (PipelinePlacementPolicy.java:filterViableNodes(138)) - Pipeline creation failed due to no sufficient healthy datanodes. Required 3. Found 1.
2020-11-16 09:46:55,799 [IPC Server handler 0 on default port 46191] INFO  net.NetworkTopologyImpl (NetworkTopologyImpl.java:add(111)) - Added a new node: /default-rack/b680aa61-21f9-4676-8a3b-ea54fb018a9f
2020-11-16 09:46:55,799 [IPC Server handler 0 on default port 46191] INFO  node.SCMNodeManager (SCMNodeManager.java:register(282)) - Registered Data node : b680aa61-21f9-4676-8a3b-ea54fb018a9f{ip: 172.17.0.2, host: 92f718008898, networkLocation: /default-rack, certSerialId: null}
2020-11-16 09:46:55,799 [EventQueue-NodeRegistrationContainerReportForDataNodeSafeModeRule] INFO  safemode.SCMSafeModeManager (SCMSafeModeManager.java:validateSafeModeExitRules(214)) - DataNodeSafeModeRule rule is successfully validated
2020-11-16 09:46:55,800 [EventQueue-NodeRegistrationContainerReportForContainerSafeModeRule] INFO  safemode.SCMSafeModeManager (SCMSafeModeManager.java:validateSafeModeExitRules(214)) - ContainerSafeModeRule rule is successfully validated
2020-11-16 09:46:55,803 [RatisPipelineUtilsThread] INFO  pipeline.RatisPipelineProvider (RatisPipelineProvider.java:lambda$create$0(161)) - Sending CreatePipelineCommand for pipeline:PipelineID=0444acf2-5527-40d2-88f7-e8b0729f61f7 to datanode:b680aa61-21f9-4676-8a3b-ea54fb018a9f
2020-11-16 09:46:55,804 [RatisPipelineUtilsThread] INFO  pipeline.PipelineStateManager (PipelineStateManager.java:addPipeline(54)) - Created pipeline Pipeline[ Id: 0444acf2-5527-40d2-88f7-e8b0729f61f7, Nodes: b680aa61-21f9-4676-8a3b-ea54fb018a9f{ip: 172.17.0.2, host: 92f718008898, networkLocation: /default-rack, certSerialId: null}, Type:RATIS, Factor:ONE, State:ALLOCATED, leaderId:, CreationTimestamp2020-11-16T09:46:55.803Z]
2020-11-16 09:46:55,804 [RatisPipelineUtilsThread] WARN  pipeline.PipelinePlacementPolicy (PipelinePlacementPolicy.java:filterViableNodes(138)) - Pipeline creation failed due to no sufficient healthy datanodes. Required 3. Found 2.
2020-11-16 09:46:56,020 [Listener at 127.0.0.1/12104] INFO  ozone.MiniOzoneClusterImpl (MiniOzoneClusterImpl.java:lambda$waitForClusterToBeReady$0(178)) - Waiting for nodes to be ready. Got 2 of 3 DN Heartbeats.
2020-11-16 09:46:56,020 [Listener at 127.0.0.1/12104] INFO  ozone.MiniOzoneClusterImpl (MiniOzoneClusterImpl.java:lambda$waitForClusterToBeReady$0(181)) - Waiting for cluster to exit safe mode
2020-11-16 09:46:56,023 [IPC Server handler 2 on default port 46191] INFO  net.NetworkTopologyImpl (NetworkTopologyImpl.java:add(111)) - Added a new node: /default-rack/d3f5be2c-c721-4f88-912e-3aa9c1a6d18a
2020-11-16 09:46:56,023 [IPC Server handler 2 on default port 46191] INFO  node.SCMNodeManager (SCMNodeManager.java:register(282)) - Registered Data node : d3f5be2c-c721-4f88-912e-3aa9c1a6d18a{ip: 172.17.0.2, host: 92f718008898, networkLocation: /default-rack, certSerialId: null}
2020-11-16 09:46:56,023 [EventQueue-NodeRegistrationContainerReportForDataNodeSafeModeRule] INFO  safemode.SCMSafeModeManager (SCMSafeModeManager.java:validateSafeModeExitRules(214)) - DataNodeSafeModeRule rule is successfully validated
2020-11-16 09:46:56,024 [EventQueue-NodeRegistrationContainerReportForContainerSafeModeRule] INFO  safemode.SCMSafeModeManager (SCMSafeModeManager.java:validateSafeModeExitRules(214)) - ContainerSafeModeRule rule is successfully validated
2020-11-16 09:46:56,026 [RatisPipelineUtilsThread] INFO  pipeline.RatisPipelineProvider (RatisPipelineProvider.java:lambda$create$0(161)) - Sending CreatePipelineCommand for pipeline:PipelineID=6e801dc2-4fab-4c43-b53d-d8025c4ba272 to datanode:d3f5be2c-c721-4f88-912e-3aa9c1a6d18a
2020-11-16 09:46:56,026 [RatisPipelineUtilsThread] INFO  pipeline.PipelineStateManager (PipelineStateManager.java:addPipeline(54)) - Created pipeline Pipeline[ Id: 6e801dc2-4fab-4c43-b53d-d8025c4ba272, Nodes: d3f5be2c-c721-4f88-912e-3aa9c1a6d18a{ip: 172.17.0.2, host: 92f718008898, networkLocation: /default-rack, certSerialId: null}, Type:RATIS, Factor:ONE, State:ALLOCATED, leaderId:, CreationTimestamp2020-11-16T09:46:56.026Z]
2020-11-16 09:46:56,030 [RatisPipelineUtilsThread] INFO  pipeline.RatisPipelineProvider (RatisPipelineProvider.java:lambda$create$0(161)) - Sending CreatePipelineCommand for pipeline:PipelineID=8c28a056-e454-4544-a678-8853da950521 to datanode:d3f5be2c-c721-4f88-912e-3aa9c1a6d18a
2020-11-16 09:46:56,030 [RatisPipelineUtilsThread] INFO  pipeline.RatisPipelineProvider (RatisPipelineProvider.java:lambda$create$0(161)) - Sending CreatePipelineCommand for pipeline:PipelineID=8c28a056-e454-4544-a678-8853da950521 to datanode:935d82c4-fbd9-4178-900a-963e9e0866c9
2020-11-16 09:46:56,031 [RatisPipelineUtilsThread] INFO  pipeline.RatisPipelineProvider (RatisPipelineProvider.java:lambda$create$0(161)) - Sending CreatePipelineCommand for pipeline:PipelineID=8c28a056-e454-4544-a678-8853da950521 to datanode:b680aa61-21f9-4676-8a3b-ea54fb018a9f
2020-11-16 09:46:56,031 [RatisPipelineUtilsThread] INFO  pipeline.PipelineStateManager (PipelineStateManager.java:addPipeline(54)) - Created pipeline Pipeline[ Id: 8c28a056-e454-4544-a678-8853da950521, Nodes: d3f5be2c-c721-4f88-912e-3aa9c1a6d18a{ip: 172.17.0.2, host: 92f718008898, networkLocation: /default-rack, certSerialId: null}935d82c4-fbd9-4178-900a-963e9e0866c9{ip: 172.17.0.2, host: 92f718008898, networkLocation: /default-rack, certSerialId: null}b680aa61-21f9-4676-8a3b-ea54fb018a9f{ip: 172.17.0.2, host: 92f718008898, networkLocation: /default-rack, certSerialId: null}, Type:RATIS, Factor:THREE, State:ALLOCATED, leaderId:, CreationTimestamp2020-11-16T09:46:56.030Z]
2020-11-16 09:46:57,020 [Listener at 127.0.0.1/12104] INFO  ozone.MiniOzoneClusterImpl (MiniOzoneClusterImpl.java:lambda$waitForClusterToBeReady$0(178)) - Nodes are ready. Got 3 of 3 DN Heartbeats.
2020-11-16 09:46:57,021 [Listener at 127.0.0.1/12104] INFO  ozone.MiniOzoneClusterImpl (MiniOzoneClusterImpl.java:lambda$waitForClusterToBeReady$0(181)) - Waiting for cluster to exit safe mode
2020-11-16 09:46:58,021 [Listener at 127.0.0.1/12104] INFO  ozone.MiniOzoneClusterImpl (MiniOzoneClusterImpl.java:lambda$waitForClusterToBeReady$0(178)) - Nodes are ready. Got 3 of 3 DN Heartbeats.
2020-11-16 09:46:58,022 [Listener at 127.0.0.1/12104] INFO  ozone.MiniOzoneClusterImpl (MiniOzoneClusterImpl.java:lambda$waitForClusterToBeReady$0(181)) - Waiting for cluster to exit safe mode
2020-11-16 09:46:58,300 [Command processor thread] INFO  impl.RaftServerProxy (RaftServerProxy.java:addNew(92)) - 935d82c4-fbd9-4178-900a-963e9e0866c9: addNew group-EC71C5613545:[935d82c4-fbd9-4178-900a-963e9e0866c9:172.17.0.2:33109:0] returns group-EC71C5613545:java.util.concurrent.CompletableFuture@5c95a24[Not completed]
2020-11-16 09:46:58,323 [pool-70-thread-1] INFO  impl.RaftServerImpl (RaftServerImpl.java:<init>(120)) - 935d82c4-fbd9-4178-900a-963e9e0866c9: new RaftServerImpl for group-EC71C5613545:[935d82c4-fbd9-4178-900a-963e9e0866c9:172.17.0.2:33109:0] with ContainerStateMachine:uninitialized
2020-11-16 09:46:58,323 [pool-70-thread-1] INFO  server.RaftServerConfigKeys (ConfUtils.java:logGet(44)) - raft.server.rpc.timeout.min = 5s (custom)
2020-11-16 09:46:58,324 [pool-70-thread-1] INFO  server.RaftServerConfigKeys (ConfUtils.java:logGet(44)) - raft.server.rpc.timeout.max = 5200ms (custom)
2020-11-16 09:46:58,324 [pool-70-thread-1] INFO  server.RaftServerConfigKeys (ConfUtils.java:logGet(44)) - raft.server.rpcslowness.timeout = 300s (custom)
2020-11-16 09:46:58,324 [pool-70-thread-1] INFO  server.RaftServerConfigKeys (ConfUtils.java:logGet(44)) - raft.server.sleep.deviation.threshold = 300 (default)
2020-11-16 09:46:58,324 [pool-70-thread-1] INFO  server.RaftServerConfigKeys (ConfUtils.java:logGet(44)) - raft.server.log.appender.install.snapshot.enabled = false (custom)
2020-11-16 09:46:58,324 [pool-70-thread-1] INFO  impl.RaftServerImpl (ServerState.java:<init>(104)) - 935d82c4-fbd9-4178-900a-963e9e0866c9@group-EC71C5613545: ConfigurationManager, init=-1: [935d82c4-fbd9-4178-900a-963e9e0866c9:172.17.0.2:33109:0], old=null, confs=<EMPTY_MAP>
2020-11-16 09:46:58,324 [pool-70-thread-1] INFO  server.RaftServerConfigKeys (ConfUtils.java:logGet(44)) - raft.server.storage.dir = [/github/workspace/mnt/ozone/hadoop-ozone/integration-test/target/test-dir/MiniOzoneClusterImpl-1d5c47ff-0822-4398-9acc-4b25d0bc1405/datanode-0/data/ratis] (custom)
2020-11-16 09:46:58,325 [pool-70-thread-1] INFO  server.RaftServerConfigKeys (ConfUtils.java:logGet(44)) - raft.server.log.corruption.policy = EXCEPTION (default)
2020-11-16 09:46:58,325 [pool-70-thread-1] INFO  storage.RaftStorageDirectory (RaftStorageDirectory.java:analyzeStorage(261)) - The storage directory /github/workspace/mnt/ozone/hadoop-ozone/integration-test/target/test-dir/MiniOzoneClusterImpl-1d5c47ff-0822-4398-9acc-4b25d0bc1405/datanode-0/data/ratis/b9df9a38-1b9f-4566-8ba6-ec71c5613545 does not exist. Creating ...
2020-11-16 09:46:58,326 [pool-70-thread-1] INFO  storage.RaftStorageDirectory (RaftStorageDirectory.java:tryLock(343)) - Lock on /github/workspace/mnt/ozone/hadoop-ozone/integration-test/target/test-dir/MiniOzoneClusterImpl-1d5c47ff-0822-4398-9acc-4b25d0bc1405/datanode-0/data/ratis/b9df9a38-1b9f-4566-8ba6-ec71c5613545/in_use.lock acquired by nodename 20053@92f718008898
2020-11-16 09:46:58,328 [pool-70-thread-1] INFO  storage.RaftStorage (RaftStorage.java:format(84)) - Storage directory /github/workspace/mnt/ozone/hadoop-ozone/integration-test/target/test-dir/MiniOzoneClusterImpl-1d5c47ff-0822-4398-9acc-4b25d0bc1405/datanode-0/data/ratis/b9df9a38-1b9f-4566-8ba6-ec71c5613545 has been successfully formatted.
2020-11-16 09:46:58,331 [pool-70-thread-1] INFO  ratis.ContainerStateMachine (ContainerStateMachine.java:loadSnapshot(225)) - group-EC71C5613545: The snapshot info is null. Setting the last applied indexto:(t:0, i:~)
2020-11-16 09:46:58,332 [pool-70-thread-1] INFO  server.RaftServerConfigKeys (ConfUtils.java:logGet(44)) - raft.server.notification.no-leader.timeout = 300s (custom)
2020-11-16 09:46:58,332 [pool-70-thread-1] INFO  server.RaftServerConfigKeys (ConfUtils.java:logGet(44)) - raft.server.log.use.memory = false (default)
2020-11-16 09:46:58,332 [pool-70-thread-1] INFO  server.RaftServerConfigKeys (ConfUtils.java:logGet(44)) - raft.server.log.purge.gap = 1000000 (custom)
2020-11-16 09:46:58,332 [pool-70-thread-1] INFO  metrics.RatisMetrics (RatisMetrics.java:lambda$create$0(36)) - Creating Metrics Registry : ratis.log_worker.935d82c4-fbd9-4178-900a-963e9e0866c9@group-EC71C5613545
2020-11-16 09:46:58,332 [pool-70-thread-1] INFO  server.RaftServerConfigKeys (ConfUtils.java:logGet(44)) - raft.server.log.appender.buffer.byte-limit = 33554432 (custom)
2020-11-16 09:46:58,332 [pool-70-thread-1] INFO  server.RaftServerConfigKeys (ConfUtils.java:logGet(44)) - raft.server.log.segment.size.max = 1048576 (custom)
2020-11-16 09:46:58,335 [pool-70-thread-1] INFO  server.RaftServerConfigKeys (ConfUtils.java:logGet(44)) - raft.server.log.segment.cache.num.max = 2 (custom)
2020-11-16 09:46:58,335 [pool-70-thread-1] INFO  segmented.SegmentedRaftLogWorker (SegmentedRaftLogWorker.java:<init>(180)) - new 935d82c4-fbd9-4178-900a-963e9e0866c9@group-EC71C5613545-SegmentedRaftLogWorker for RaftStorage:Storage Directory /github/workspace/mnt/ozone/hadoop-ozone/integration-test/target/test-dir/MiniOzoneClusterImpl-1d5c47ff-0822-4398-9acc-4b25d0bc1405/datanode-0/data/ratis/b9df9a38-1b9f-4566-8ba6-ec71c5613545
2020-11-16 09:46:58,335 [pool-70-thread-1] INFO  server.RaftServerConfigKeys (ConfUtils.java:logGet(44)) - raft.server.log.queue.byte-limit = 2147483647 (custom)
2020-11-16 09:46:58,335 [pool-70-thread-1] INFO  server.RaftServerConfigKeys (ConfUtils.java:logGet(44)) - raft.server.log.queue.element-limit = 1024 (custom)
2020-11-16 09:46:58,335 [pool-70-thread-1] INFO  server.RaftServerConfigKeys (ConfUtils.java:logGet(44)) - raft.server.log.segment.size.max = 1048576 (custom)
2020-11-16 09:46:58,335 [pool-70-thread-1] INFO  server.RaftServerConfigKeys (ConfUtils.java:logGet(44)) - raft.server.log.preallocated.size = 16384 (custom)
2020-11-16 09:46:58,335 [pool-70-thread-1] INFO  server.RaftServerConfigKeys (ConfUtils.java:logGet(44)) - raft.server.log.write.buffer.size = 1048576 (custom)
2020-11-16 09:46:58,335 [pool-70-thread-1] INFO  server.RaftServerConfigKeys (ConfUtils.java:logGet(44)) - raft.server.log.force.sync.num = 128 (default)
2020-11-16 09:46:58,335 [pool-70-thread-1] INFO  server.RaftServerConfigKeys (ConfUtils.java:logGet(44)) - raft.server.log.statemachine.data.sync = true (default)
2020-11-16 09:46:58,336 [pool-70-thread-1] INFO  server.RaftServerConfigKeys (ConfUtils.java:logGet(44)) - raft.server.log.statemachine.data.sync.timeout = 10s (default)
2020-11-16 09:46:58,336 [pool-70-thread-1] INFO  server.RaftServerConfigKeys (ConfUtils.java:logGet(44)) - raft.server.log.statemachine.data.sync.timeout.retry = -1 (default)
2020-11-16 09:46:58,343 [pool-70-thread-1] INFO  server.RaftServerConfigKeys (ConfUtils.java:logGet(44)) - raft.server.log.statemachine.data.caching.enabled = true (custom)
2020-11-16 09:46:58,347 [pool-70-thread-1] INFO  segmented.SegmentedRaftLogWorker (SegmentedRaftLogWorker.java:lambda$new$0(129)) - 935d82c4-fbd9-4178-900a-963e9e0866c9@group-EC71C5613545-SegmentedRaftLogWorker: flushIndex: setUnconditionally 0 -> -1
2020-11-16 09:46:58,347 [pool-70-thread-1] INFO  segmented.SegmentedRaftLogWorker (SegmentedRaftLogWorker.java:lambda$new$0(129)) - 935d82c4-fbd9-4178-900a-963e9e0866c9@group-EC71C5613545-SegmentedRaftLogWorker: safeCacheEvictIndex: setUnconditionally 0 -> -1
2020-11-16 09:46:58,360 [pool-70-thread-1] INFO  server.RaftServerConfigKeys (ConfUtils.java:logGet(44)) - raft.server.snapshot.auto.trigger.enabled = true (custom)
2020-11-16 09:46:58,360 [pool-70-thread-1] INFO  server.RaftServerConfigKeys (ConfUtils.java:logGet(44)) - raft.server.snapshot.auto.trigger.threshold = 10000 (custom)
2020-11-16 09:46:58,360 [pool-70-thread-1] INFO  server.RaftServerConfigKeys (ConfUtils.java:logGet(44)) - raft.server.snapshot.retention.file.num = 5 (custom)
2020-11-16 09:46:58,360 [pool-70-thread-1] INFO  server.RaftServerConfigKeys (ConfUtils.java:logGet(44)) - raft.server.log.purge.upto.snapshot.index = false (default)
2020-11-16 09:46:58,361 [pool-70-thread-1] INFO  server.RaftServerConfigKeys (ConfUtils.java:logGet(44)) - raft.server.retrycache.expirytime = 600000ms (custom)
2020-11-16 09:46:58,361 [pool-70-thread-1] INFO  metrics.RatisMetrics (RatisMetrics.java:lambda$create$0(36)) - Creating Metrics Registry : ratis.leader_election.935d82c4-fbd9-4178-900a-963e9e0866c9@group-EC71C5613545
2020-11-16 09:46:58,363 [pool-70-thread-1] INFO  metrics.RatisMetrics (RatisMetrics.java:lambda$create$0(36)) - Creating Metrics Registry : ratis.server.935d82c4-fbd9-4178-900a-963e9e0866c9@group-EC71C5613545
2020-11-16 09:46:58,364 [EventQueue-PipelineReportForPipelineReportHandler] INFO  pipeline.PipelineStateManager (PipelineStateManager.java:openPipeline(132)) - Pipeline Pipeline[ Id: b9df9a38-1b9f-4566-8ba6-ec71c5613545, Nodes: 935d82c4-fbd9-4178-900a-963e9e0866c9{ip: 172.17.0.2, host: 92f718008898, networkLocation: /default-rack, certSerialId: null}, Type:RATIS, Factor:ONE, State:ALLOCATED, leaderId:935d82c4-fbd9-4178-900a-963e9e0866c9, CreationTimestamp2020-11-16T09:46:55.520Z] moved to OPEN state
2020-11-16 09:46:58,366 [EventQueue-OpenPipelineForOneReplicaPipelineSafeModeRule] INFO  safemode.SCMSafeModeManager (SCMSafeModeManager.java:validateSafeModeExitRules(214)) - AtleastOneDatanodeReportedRule rule is successfully validated
2020-11-16 09:46:58,367 [pool-70-thread-1] INFO  impl.RaftServerImpl (RaftServerImpl.java:start(209)) - 935d82c4-fbd9-4178-900a-963e9e0866c9@group-EC71C5613545: start as a follower, conf=-1: [935d82c4-fbd9-4178-900a-963e9e0866c9:172.17.0.2:33109:0], old=null
2020-11-16 09:46:58,367 [pool-70-thread-1] INFO  impl.RaftServerImpl (RaftServerImpl.java:setRole(198)) - 935d82c4-fbd9-4178-900a-963e9e0866c9@group-EC71C5613545: changes role from      null to FOLLOWER at term 0 for startAsFollower
2020-11-16 09:46:58,367 [pool-70-thread-1] INFO  impl.RoleInfo (RoleInfo.java:updateAndGet(143)) - 935d82c4-fbd9-4178-900a-963e9e0866c9: start FollowerState
2020-11-16 09:46:58,368 [EventQueue-OpenPipelineForHealthyPipelineSafeModeRule] INFO  safemode.SCMSafeModeManager (HealthyPipelineSafeModeRule.java:process(129)) - SCM in safe mode. Healthy pipelines reported count is 0, required healthy pipeline reported count is 1
2020-11-16 09:46:58,369 [pool-70-thread-1] INFO  util.JmxRegister (JmxRegister.java:tryRegister(44)) - Successfully registered JMX Bean with object name Ratis:service=RaftServer,group=group-EC71C5613545,id=935d82c4-fbd9-4178-900a-963e9e0866c9
2020-11-16 09:46:58,370 [pool-70-thread-1] INFO  metrics.RatisMetrics (RatisMetrics.java:lambda$create$0(36)) - Creating Metrics Registry : ratis.state_machine.935d82c4-fbd9-4178-900a-963e9e0866c9@group-EC71C5613545
2020-11-16 09:46:58,371 [Command processor thread] INFO  commandhandler.CreatePipelineCommandHandler (CreatePipelineCommandHandler.java:handle(106)) - Created Pipeline RATIS ONE PipelineID=b9df9a38-1b9f-4566-8ba6-ec71c5613545.
2020-11-16 09:46:58,372 [Command processor thread] INFO  impl.RaftServerProxy (RaftServerProxy.java:addNew(92)) - 935d82c4-fbd9-4178-900a-963e9e0866c9: addNew group-8853DA950521:[935d82c4-fbd9-4178-900a-963e9e0866c9:172.17.0.2:33109:0, b680aa61-21f9-4676-8a3b-ea54fb018a9f:172.17.0.2:37729:0, d3f5be2c-c721-4f88-912e-3aa9c1a6d18a:172.17.0.2:39229:0] returns group-8853DA950521:java.util.concurrent.CompletableFuture@12f9e994[Not completed]
2020-11-16 09:46:58,373 [pool-70-thread-1] INFO  impl.RaftServerImpl (RaftServerImpl.java:<init>(120)) - 935d82c4-fbd9-4178-900a-963e9e0866c9: new RaftServerImpl for group-8853DA950521:[935d82c4-fbd9-4178-900a-963e9e0866c9:172.17.0.2:33109:0, b680aa61-21f9-4676-8a3b-ea54fb018a9f:172.17.0.2:37729:0, d3f5be2c-c721-4f88-912e-3aa9c1a6d18a:172.17.0.2:39229:0] with ContainerStateMachine:uninitialized
2020-11-16 09:46:58,373 [pool-70-thread-1] INFO  server.RaftServerConfigKeys (ConfUtils.java:logGet(44)) - raft.server.rpc.timeout.min = 5s (custom)
2020-11-16 09:46:58,373 [pool-70-thread-1] INFO  server.RaftServerConfigKeys (ConfUtils.java:logGet(44)) - raft.server.rpc.timeout.max = 5200ms (custom)
2020-11-16 09:46:58,373 [pool-70-thread-1] INFO  server.RaftServerConfigKeys (ConfUtils.java:logGet(44)) - raft.server.rpcslowness.timeout = 300s (custom)
2020-11-16 09:46:58,373 [pool-70-thread-1] INFO  server.RaftServerConfigKeys (ConfUtils.java:logGet(44)) - raft.server.sleep.deviation.threshold = 300 (default)
2020-11-16 09:46:58,373 [pool-70-thread-1] INFO  server.RaftServerConfigKeys (ConfUtils.java:logGet(44)) - raft.server.log.appender.install.snapshot.enabled = false (custom)
2020-11-16 09:46:58,373 [pool-70-thread-1] INFO  impl.RaftServerImpl (ServerState.java:<init>(104)) - 935d82c4-fbd9-4178-900a-963e9e0866c9@group-8853DA950521: ConfigurationManager, init=-1: [935d82c4-fbd9-4178-900a-963e9e0866c9:172.17.0.2:33109:0, b680aa61-21f9-4676-8a3b-ea54fb018a9f:172.17.0.2:37729:0, d3f5be2c-c721-4f88-912e-3aa9c1a6d18a:172.17.0.2:39229:0], old=null, confs=<EMPTY_MAP>
2020-11-16 09:46:58,373 [pool-70-thread-1] INFO  server.RaftServerConfigKeys (ConfUtils.java:logGet(44)) - raft.server.storage.dir = [/github/workspace/mnt/ozone/hadoop-ozone/integration-test/target/test-dir/MiniOzoneClusterImpl-1d5c47ff-0822-4398-9acc-4b25d0bc1405/datanode-0/data/ratis] (custom)
2020-11-16 09:46:58,374 [pool-70-thread-1] INFO  server.RaftServerConfigKeys (ConfUtils.java:logGet(44)) - raft.server.log.corruption.policy = EXCEPTION (default)
2020-11-16 09:46:58,374 [pool-70-thread-1] INFO  storage.RaftStorageDirectory (RaftStorageDirectory.java:analyzeStorage(261)) - The storage directory /github/workspace/mnt/ozone/hadoop-ozone/integration-test/target/test-dir/MiniOzoneClusterImpl-1d5c47ff-0822-4398-9acc-4b25d0bc1405/datanode-0/data/ratis/8c28a056-e454-4544-a678-8853da950521 does not exist. Creating ...
2020-11-16 09:46:58,375 [pool-70-thread-1] INFO  storage.RaftStorageDirectory (RaftStorageDirectory.java:tryLock(343)) - Lock on /github/workspace/mnt/ozone/hadoop-ozone/integration-test/target/test-dir/MiniOzoneClusterImpl-1d5c47ff-0822-4398-9acc-4b25d0bc1405/datanode-0/data/ratis/8c28a056-e454-4544-a678-8853da950521/in_use.lock acquired by nodename 20053@92f718008898
2020-11-16 09:46:58,376 [pool-70-thread-1] INFO  storage.RaftStorage (RaftStorage.java:format(84)) - Storage directory /github/workspace/mnt/ozone/hadoop-ozone/integration-test/target/test-dir/MiniOzoneClusterImpl-1d5c47ff-0822-4398-9acc-4b25d0bc1405/datanode-0/data/ratis/8c28a056-e454-4544-a678-8853da950521 has been successfully formatted.
2020-11-16 09:46:58,376 [pool-70-thread-1] INFO  ratis.ContainerStateMachine (ContainerStateMachine.java:loadSnapshot(225)) - group-8853DA950521: The snapshot info is null. Setting the last applied indexto:(t:0, i:~)
2020-11-16 09:46:58,376 [pool-70-thread-1] INFO  server.RaftServerConfigKeys (ConfUtils.java:logGet(44)) - raft.server.notification.no-leader.timeout = 300s (custom)
2020-11-16 09:46:58,376 [pool-70-thread-1] INFO  server.RaftServerConfigKeys (ConfUtils.java:logGet(44)) - raft.server.log.use.memory = false (default)
2020-11-16 09:46:58,376 [pool-70-thread-1] INFO  server.RaftServerConfigKeys (ConfUtils.java:logGet(44)) - raft.server.log.purge.gap = 1000000 (custom)
2020-11-16 09:46:58,376 [pool-70-thread-1] INFO  metrics.RatisMetrics (RatisMetrics.java:lambda$create$0(36)) - Creating Metrics Registry : ratis.log_worker.935d82c4-fbd9-4178-900a-963e9e0866c9@group-8853DA950521
2020-11-16 09:46:58,377 [pool-70-thread-1] INFO  server.RaftServerConfigKeys (ConfUtils.java:logGet(44)) - raft.server.log.appender.buffer.byte-limit = 33554432 (custom)
2020-11-16 09:46:58,378 [pool-70-thread-1] INFO  server.RaftServerConfigKeys (ConfUtils.java:logGet(44)) - raft.server.log.segment.size.max = 1048576 (custom)
2020-11-16 09:46:58,378 [pool-70-thread-1] INFO  server.RaftServerConfigKeys (ConfUtils.java:logGet(44)) - raft.server.log.segment.cache.num.max = 2 (custom)
2020-11-16 09:46:58,378 [pool-70-thread-1] INFO  segmented.SegmentedRaftLogWorker (SegmentedRaftLogWorker.java:<init>(180)) - new 935d82c4-fbd9-4178-900a-963e9e0866c9@group-8853DA950521-SegmentedRaftLogWorker for RaftStorage:Storage Directory /github/workspace/mnt/ozone/hadoop-ozone/integration-test/target/test-dir/MiniOzoneClusterImpl-1d5c47ff-0822-4398-9acc-4b25d0bc1405/datanode-0/data/ratis/8c28a056-e454-4544-a678-8853da950521
2020-11-16 09:46:58,378 [pool-70-thread-1] INFO  server.RaftServerConfigKeys (ConfUtils.java:logGet(44)) - raft.server.log.queue.byte-limit = 2147483647 (custom)
2020-11-16 09:46:58,378 [pool-70-thread-1] INFO  server.RaftServerConfigKeys (ConfUtils.java:logGet(44)) - raft.server.log.queue.element-limit = 1024 (custom)
2020-11-16 09:46:58,378 [pool-70-thread-1] INFO  server.RaftServerConfigKeys (ConfUtils.java:logGet(44)) - raft.server.log.segment.size.max = 1048576 (custom)
2020-11-16 09:46:58,378 [pool-70-thread-1] INFO  server.RaftServerConfigKeys (ConfUtils.java:logGet(44)) - raft.server.log.preallocated.size = 16384 (custom)
2020-11-16 09:46:58,378 [pool-70-thread-1] INFO  server.RaftServerConfigKeys (ConfUtils.java:logGet(44)) - raft.server.log.write.buffer.size = 1048576 (custom)
2020-11-16 09:46:58,379 [pool-70-thread-1] INFO  server.RaftServerConfigKeys (ConfUtils.java:logGet(44)) - raft.server.log.force.sync.num = 128 (default)
2020-11-16 09:46:58,379 [pool-70-thread-1] INFO  server.RaftServerConfigKeys (ConfUtils.java:logGet(44)) - raft.server.log.statemachine.data.sync = true (default)
2020-11-16 09:46:58,379 [pool-70-thread-1] INFO  server.RaftServerConfigKeys (ConfUtils.java:logGet(44)) - raft.server.log.statemachine.data.sync.timeout = 10s (default)
2020-11-16 09:46:58,379 [pool-70-thread-1] INFO  server.RaftServerConfigKeys (ConfUtils.java:logGet(44)) - raft.server.log.statemachine.data.sync.timeout.retry = -1 (default)
2020-11-16 09:46:58,380 [pool-70-thread-1] INFO  server.RaftServerConfigKeys (ConfUtils.java:logGet(44)) - raft.server.log.statemachine.data.caching.enabled = true (custom)
2020-11-16 09:46:58,380 [pool-70-thread-1] INFO  segmented.SegmentedRaftLogWorker (SegmentedRaftLogWorker.java:lambda$new$0(129)) - 935d82c4-fbd9-4178-900a-963e9e0866c9@group-8853DA950521-SegmentedRaftLogWorker: flushIndex: setUnconditionally 0 -> -1
2020-11-16 09:46:58,380 [pool-70-thread-1] INFO  segmented.SegmentedRaftLogWorker (SegmentedRaftLogWorker.java:lambda$new$0(129)) - 935d82c4-fbd9-4178-900a-963e9e0866c9@group-8853DA950521-SegmentedRaftLogWorker: safeCacheEvictIndex: setUnconditionally 0 -> -1
2020-11-16 09:46:58,381 [pool-70-thread-1] INFO  server.RaftServerConfigKeys (ConfUtils.java:logGet(44)) - raft.server.snapshot.auto.trigger.enabled = true (custom)
2020-11-16 09:46:58,381 [pool-70-thread-1] INFO  server.RaftServerConfigKeys (ConfUtils.java:logGet(44)) - raft.server.snapshot.auto.trigger.threshold = 10000 (custom)
2020-11-16 09:46:58,381 [pool-70-thread-1] INFO  server.RaftServerConfigKeys (ConfUtils.java:logGet(44)) - raft.server.snapshot.retention.file.num = 5 (custom)
2020-11-16 09:46:58,381 [pool-70-thread-1] INFO  server.RaftServerConfigKeys (ConfUtils.java:logGet(44)) - raft.server.log.purge.upto.snapshot.index = false (default)
2020-11-16 09:46:58,381 [pool-70-thread-1] INFO  server.RaftServerConfigKeys (ConfUtils.java:logGet(44)) - raft.server.retrycache.expirytime = 600000ms (custom)
2020-11-16 09:46:58,381 [pool-70-thread-1] INFO  metrics.RatisMetrics (RatisMetrics.java:lambda$create$0(36)) - Creating Metrics Registry : ratis.leader_election.935d82c4-fbd9-4178-900a-963e9e0866c9@group-8853DA950521
2020-11-16 09:46:58,381 [pool-70-thread-1] INFO  metrics.RatisMetrics (RatisMetrics.java:lambda$create$0(36)) - Creating Metrics Registry : ratis.server.935d82c4-fbd9-4178-900a-963e9e0866c9@group-8853DA950521
2020-11-16 09:46:58,382 [pool-70-thread-1] INFO  impl.RaftServerImpl (RaftServerImpl.java:start(209)) - 935d82c4-fbd9-4178-900a-963e9e0866c9@group-8853DA950521: start as a follower, conf=-1: [935d82c4-fbd9-4178-900a-963e9e0866c9:172.17.0.2:33109:0, b680aa61-21f9-4676-8a3b-ea54fb018a9f:172.17.0.2:37729:0, d3f5be2c-c721-4f88-912e-3aa9c1a6d18a:172.17.0.2:39229:0], old=null
2020-11-16 09:46:58,382 [pool-70-thread-1] INFO  impl.RaftServerImpl (RaftServerImpl.java:setRole(198)) - 935d82c4-fbd9-4178-900a-963e9e0866c9@group-8853DA950521: changes role from      null to FOLLOWER at term 0 for startAsFollower
2020-11-16 09:46:58,382 [pool-70-thread-1] INFO  impl.RoleInfo (RoleInfo.java:updateAndGet(143)) - 935d82c4-fbd9-4178-900a-963e9e0866c9: start FollowerState
2020-11-16 09:46:58,383 [pool-70-thread-1] INFO  util.JmxRegister (JmxRegister.java:tryRegister(44)) - Successfully registered JMX Bean with object name Ratis:service=RaftServer,group=group-8853DA950521,id=935d82c4-fbd9-4178-900a-963e9e0866c9
2020-11-16 09:46:58,383 [pool-70-thread-1] INFO  metrics.RatisMetrics (RatisMetrics.java:lambda$create$0(36)) - Creating Metrics Registry : ratis.state_machine.935d82c4-fbd9-4178-900a-963e9e0866c9@group-8853DA950521
2020-11-16 09:46:58,406 [Command processor thread] INFO  metrics.RatisMetrics (RatisMetrics.java:lambda$create$0(36)) - Creating Metrics Registry : ratis.client_message_metrics.client-3BFBF12D3300->d3f5be2c-c721-4f88-912e-3aa9c1a6d18a
2020-11-16 09:46:58,425 [grpc-default-executor-0] INFO  metrics.RatisMetrics (RatisMetrics.java:lambda$create$0(36)) - Creating Metrics Registry : ratis.server_message_metrics.d3f5be2c-c721-4f88-912e-3aa9c1a6d18a
2020-11-16 09:46:58,431 [grpc-default-executor-0] INFO  impl.RaftServerProxy (RaftServerProxy.java:addNew(92)) - d3f5be2c-c721-4f88-912e-3aa9c1a6d18a: addNew group-8853DA950521:[935d82c4-fbd9-4178-900a-963e9e0866c9:172.17.0.2:33109:0, b680aa61-21f9-4676-8a3b-ea54fb018a9f:172.17.0.2:37729:0, d3f5be2c-c721-4f88-912e-3aa9c1a6d18a:172.17.0.2:39229:0] returns group-8853DA950521:java.util.concurrent.CompletableFuture@20b77bb0[Not completed]
2020-11-16 09:46:58,436 [pool-102-thread-1] INFO  impl.RaftServerImpl (RaftServerImpl.java:<init>(120)) - d3f5be2c-c721-4f88-912e-3aa9c1a6d18a: new RaftServerImpl for group-8853DA950521:[935d82c4-fbd9-4178-900a-963e9e0866c9:172.17.0.2:33109:0, b680aa61-21f9-4676-8a3b-ea54fb018a9f:172.17.0.2:37729:0, d3f5be2c-c721-4f88-912e-3aa9c1a6d18a:172.17.0.2:39229:0] with ContainerStateMachine:uninitialized
2020-11-16 09:46:58,436 [pool-102-thread-1] INFO  server.RaftServerConfigKeys (ConfUtils.java:logGet(44)) - raft.server.rpc.timeout.min = 5s (custom)
2020-11-16 09:46:58,436 [pool-102-thread-1] INFO  server.RaftServerConfigKeys (ConfUtils.java:logGet(44)) - raft.server.rpc.timeout.max = 5200ms (custom)
2020-11-16 09:46:58,436 [pool-102-thread-1] INFO  server.RaftServerConfigKeys (ConfUtils.java:logGet(44)) - raft.server.rpcslowness.timeout = 300s (custom)
2020-11-16 09:46:58,436 [pool-102-thread-1] INFO  server.RaftServerConfigKeys (ConfUtils.java:logGet(44)) - raft.server.sleep.deviation.threshold = 300 (default)
2020-11-16 09:46:58,436 [pool-102-thread-1] INFO  server.RaftServerConfigKeys (ConfUtils.java:logGet(44)) - raft.server.log.appender.install.snapshot.enabled = false (custom)
2020-11-16 09:46:58,437 [pool-102-thread-1] INFO  impl.RaftServerImpl (ServerState.java:<init>(104)) - d3f5be2c-c721-4f88-912e-3aa9c1a6d18a@group-8853DA950521: ConfigurationManager, init=-1: [935d82c4-fbd9-4178-900a-963e9e0866c9:172.17.0.2:33109:0, b680aa61-21f9-4676-8a3b-ea54fb018a9f:172.17.0.2:37729:0, d3f5be2c-c721-4f88-912e-3aa9c1a6d18a:172.17.0.2:39229:0], old=null, confs=<EMPTY_MAP>
2020-11-16 09:46:58,437 [pool-102-thread-1] INFO  server.RaftServerConfigKeys (ConfUtils.java:logGet(44)) - raft.server.storage.dir = [/github/workspace/mnt/ozone/hadoop-ozone/integration-test/target/test-dir/MiniOzoneClusterImpl-1d5c47ff-0822-4398-9acc-4b25d0bc1405/datanode-2/data/ratis] (custom)
2020-11-16 09:46:58,437 [pool-102-thread-1] INFO  server.RaftServerConfigKeys (ConfUtils.java:logGet(44)) - raft.server.log.corruption.policy = EXCEPTION (default)
2020-11-16 09:46:58,437 [pool-102-thread-1] INFO  storage.RaftStorageDirectory (RaftStorageDirectory.java:analyzeStorage(261)) - The storage directory /github/workspace/mnt/ozone/hadoop-ozone/integration-test/target/test-dir/MiniOzoneClusterImpl-1d5c47ff-0822-4398-9acc-4b25d0bc1405/datanode-2/data/ratis/8c28a056-e454-4544-a678-8853da950521 does not exist. Creating ...
2020-11-16 09:46:58,438 [pool-102-thread-1] INFO  storage.RaftStorageDirectory (RaftStorageDirectory.java:tryLock(343)) - Lock on /github/workspace/mnt/ozone/hadoop-ozone/integration-test/target/test-dir/MiniOzoneClusterImpl-1d5c47ff-0822-4398-9acc-4b25d0bc1405/datanode-2/data/ratis/8c28a056-e454-4544-a678-8853da950521/in_use.lock acquired by nodename 20053@92f718008898
2020-11-16 09:46:58,439 [pool-102-thread-1] INFO  storage.RaftStorage (RaftStorage.java:format(84)) - Storage directory /github/workspace/mnt/ozone/hadoop-ozone/integration-test/target/test-dir/MiniOzoneClusterImpl-1d5c47ff-0822-4398-9acc-4b25d0bc1405/datanode-2/data/ratis/8c28a056-e454-4544-a678-8853da950521 has been successfully formatted.
2020-11-16 09:46:58,440 [pool-102-thread-1] INFO  ratis.ContainerStateMachine (ContainerStateMachine.java:loadSnapshot(225)) - group-8853DA950521: The snapshot info is null. Setting the last applied indexto:(t:0, i:~)
2020-11-16 09:46:58,440 [pool-102-thread-1] INFO  server.RaftServerConfigKeys (ConfUtils.java:logGet(44)) - raft.server.notification.no-leader.timeout = 300s (custom)
2020-11-16 09:46:58,440 [pool-102-thread-1] INFO  server.RaftServerConfigKeys (ConfUtils.java:logGet(44)) - raft.server.log.use.memory = false (default)
2020-11-16 09:46:58,440 [pool-102-thread-1] INFO  server.RaftServerConfigKeys (ConfUtils.java:logGet(44)) - raft.server.log.purge.gap = 1000000 (custom)
2020-11-16 09:46:58,440 [pool-102-thread-1] INFO  metrics.RatisMetrics (RatisMetrics.java:lambda$create$0(36)) - Creating Metrics Registry : ratis.log_worker.d3f5be2c-c721-4f88-912e-3aa9c1a6d18a@group-8853DA950521
2020-11-16 09:46:58,441 [pool-102-thread-1] INFO  server.RaftServerConfigKeys (ConfUtils.java:logGet(44)) - raft.server.log.appender.buffer.byte-limit = 33554432 (custom)
2020-11-16 09:46:58,441 [pool-102-thread-1] INFO  server.RaftServerConfigKeys (ConfUtils.java:logGet(44)) - raft.server.log.segment.size.max = 1048576 (custom)
2020-11-16 09:46:58,441 [pool-102-thread-1] INFO  server.RaftServerConfigKeys (ConfUtils.java:logGet(44)) - raft.server.log.segment.cache.num.max = 2 (custom)
2020-11-16 09:46:58,441 [pool-102-thread-1] INFO  segmented.SegmentedRaftLogWorker (SegmentedRaftLogWorker.java:<init>(180)) - new d3f5be2c-c721-4f88-912e-3aa9c1a6d18a@group-8853DA950521-SegmentedRaftLogWorker for RaftStorage:Storage Directory /github/workspace/mnt/ozone/hadoop-ozone/integration-test/target/test-dir/MiniOzoneClusterImpl-1d5c47ff-0822-4398-9acc-4b25d0bc1405/datanode-2/data/ratis/8c28a056-e454-4544-a678-8853da950521
2020-11-16 09:46:58,441 [pool-102-thread-1] INFO  server.RaftServerConfigKeys (ConfUtils.java:logGet(44)) - raft.server.log.queue.byte-limit = 2147483647 (custom)
2020-11-16 09:46:58,441 [pool-102-thread-1] INFO  server.RaftServerConfigKeys (ConfUtils.java:logGet(44)) - raft.server.log.queue.element-limit = 1024 (custom)
2020-11-16 09:46:58,441 [pool-102-thread-1] INFO  server.RaftServerConfigKeys (ConfUtils.java:logGet(44)) - raft.server.log.segment.size.max = 1048576 (custom)
2020-11-16 09:46:58,441 [pool-102-thread-1] INFO  server.RaftServerConfigKeys (ConfUtils.java:logGet(44)) - raft.server.log.preallocated.size = 16384 (custom)
2020-11-16 09:46:58,442 [pool-102-thread-1] INFO  server.RaftServerConfigKeys (ConfUtils.java:logGet(44)) - raft.server.log.write.buffer.size = 1048576 (custom)
2020-11-16 09:46:58,442 [pool-102-thread-1] INFO  server.RaftServerConfigKeys (ConfUtils.java:logGet(44)) - raft.server.log.force.sync.num = 128 (default)
2020-11-16 09:46:58,442 [pool-102-thread-1] INFO  server.RaftServerConfigKeys (ConfUtils.java:logGet(44)) - raft.server.log.statemachine.data.sync = true (default)
2020-11-16 09:46:58,442 [pool-102-thread-1] INFO  server.RaftServerConfigKeys (ConfUtils.java:logGet(44)) - raft.server.log.statemachine.data.sync.timeout = 10s (default)
2020-11-16 09:46:58,442 [pool-102-thread-1] INFO  server.RaftServerConfigKeys (ConfUtils.java:logGet(44)) - raft.server.log.statemachine.data.sync.timeout.retry = -1 (default)
2020-11-16 09:46:58,443 [pool-102-thread-1] INFO  server.RaftServerConfigKeys (ConfUtils.java:logGet(44)) - raft.server.log.statemachine.data.caching.enabled = true (custom)
2020-11-16 09:46:58,443 [pool-102-thread-1] INFO  segmented.SegmentedRaftLogWorker (SegmentedRaftLogWorker.java:lambda$new$0(129)) - d3f5be2c-c721-4f88-912e-3aa9c1a6d18a@group-8853DA950521-SegmentedRaftLogWorker: flushIndex: setUnconditionally 0 -> -1
2020-11-16 09:46:58,444 [pool-102-thread-1] INFO  segmented.SegmentedRaftLogWorker (SegmentedRaftLogWorker.java:lambda$new$0(129)) - d3f5be2c-c721-4f88-912e-3aa9c1a6d18a@group-8853DA950521-SegmentedRaftLogWorker: safeCacheEvictIndex: setUnconditionally 0 -> -1
2020-11-16 09:46:58,444 [pool-102-thread-1] INFO  server.RaftServerConfigKeys (ConfUtils.java:logGet(44)) - raft.server.snapshot.auto.trigger.enabled = true (custom)
2020-11-16 09:46:58,444 [pool-102-thread-1] INFO  server.RaftServerConfigKeys (ConfUtils.java:logGet(44)) - raft.server.snapshot.auto.trigger.threshold = 10000 (custom)
2020-11-16 09:46:58,444 [pool-102-thread-1] INFO  server.RaftServerConfigKeys (ConfUtils.java:logGet(44)) - raft.server.snapshot.retention.file.num = 5 (custom)
2020-11-16 09:46:58,444 [pool-102-thread-1] INFO  server.RaftServerConfigKeys (ConfUtils.java:logGet(44)) - raft.server.log.purge.upto.snapshot.index = false (default)
2020-11-16 09:46:58,444 [pool-102-thread-1] INFO  server.RaftServerConfigKeys (ConfUtils.java:logGet(44)) - raft.server.retrycache.expirytime = 600000ms (custom)
2020-11-16 09:46:58,444 [pool-102-thread-1] INFO  metrics.RatisMetrics (RatisMetrics.java:lambda$create$0(36)) - Creating Metrics Registry : ratis.leader_election.d3f5be2c-c721-4f88-912e-3aa9c1a6d18a@group-8853DA950521
2020-11-16 09:46:58,444 [pool-102-thread-1] INFO  metrics.RatisMetrics (RatisMetrics.java:lambda$create$0(36)) - Creating Metrics Registry : ratis.server.d3f5be2c-c721-4f88-912e-3aa9c1a6d18a@group-8853DA950521
2020-11-16 09:46:58,445 [pool-102-thread-1] INFO  impl.RaftServerImpl (RaftServerImpl.java:start(209)) - d3f5be2c-c721-4f88-912e-3aa9c1a6d18a@group-8853DA950521: start as a follower, conf=-1: [935d82c4-fbd9-4178-900a-963e9e0866c9:172.17.0.2:33109:0, b680aa61-21f9-4676-8a3b-ea54fb018a9f:172.17.0.2:37729:0, d3f5be2c-c721-4f88-912e-3aa9c1a6d18a:172.17.0.2:39229:0], old=null
2020-11-16 09:46:58,445 [pool-102-thread-1] INFO  impl.RaftServerImpl (RaftServerImpl.java:setRole(198)) - d3f5be2c-c721-4f88-912e-3aa9c1a6d18a@group-8853DA950521: changes role from      null to FOLLOWER at term 0 for startAsFollower
2020-11-16 09:46:58,445 [pool-102-thread-1] INFO  impl.RoleInfo (RoleInfo.java:updateAndGet(143)) - d3f5be2c-c721-4f88-912e-3aa9c1a6d18a: start FollowerState
2020-11-16 09:46:58,447 [pool-102-thread-1] INFO  util.JmxRegister (JmxRegister.java:tryRegister(44)) - Successfully registered JMX Bean with object name Ratis:service=RaftServer,group=group-8853DA950521,id=d3f5be2c-c721-4f88-912e-3aa9c1a6d18a
2020-11-16 09:46:58,447 [pool-102-thread-1] INFO  metrics.RatisMetrics (RatisMetrics.java:lambda$create$0(36)) - Creating Metrics Registry : ratis.state_machine.d3f5be2c-c721-4f88-912e-3aa9c1a6d18a@group-8853DA950521
2020-11-16 09:46:58,475 [Command processor thread] INFO  metrics.RatisMetrics (RatisMetrics.java:lambda$create$0(36)) - Creating Metrics Registry : ratis.client_message_metrics.client-ACA8E2523D34->b680aa61-21f9-4676-8a3b-ea54fb018a9f
2020-11-16 09:46:58,482 [grpc-default-executor-0] INFO  metrics.RatisMetrics (RatisMetrics.java:lambda$create$0(36)) - Creating Metrics Registry : ratis.server_message_metrics.b680aa61-21f9-4676-8a3b-ea54fb018a9f
2020-11-16 09:46:58,486 [grpc-default-executor-0] INFO  impl.RaftServerProxy (RaftServerProxy.java:addNew(92)) - b680aa61-21f9-4676-8a3b-ea54fb018a9f: addNew group-8853DA950521:[935d82c4-fbd9-4178-900a-963e9e0866c9:172.17.0.2:33109:0, b680aa61-21f9-4676-8a3b-ea54fb018a9f:172.17.0.2:37729:0, d3f5be2c-c721-4f88-912e-3aa9c1a6d18a:172.17.0.2:39229:0] returns group-8853DA950521:java.util.concurrent.CompletableFuture@64285928[Not completed]
2020-11-16 09:46:58,500 [pool-85-thread-1] INFO  impl.RaftServerImpl (RaftServerImpl.java:<init>(120)) - b680aa61-21f9-4676-8a3b-ea54fb018a9f: new RaftServerImpl for group-8853DA950521:[935d82c4-fbd9-4178-900a-963e9e0866c9:172.17.0.2:33109:0, b680aa61-21f9-4676-8a3b-ea54fb018a9f:172.17.0.2:37729:0, d3f5be2c-c721-4f88-912e-3aa9c1a6d18a:172.17.0.2:39229:0] with ContainerStateMachine:uninitialized
2020-11-16 09:46:58,500 [pool-85-thread-1] INFO  server.RaftServerConfigKeys (ConfUtils.java:logGet(44)) - raft.server.rpc.timeout.min = 5s (custom)
2020-11-16 09:46:58,500 [pool-85-thread-1] INFO  server.RaftServerConfigKeys (ConfUtils.java:logGet(44)) - raft.server.rpc.timeout.max = 5200ms (custom)
2020-11-16 09:46:58,500 [pool-85-thread-1] INFO  server.RaftServerConfigKeys (ConfUtils.java:logGet(44)) - raft.server.rpcslowness.timeout = 300s (custom)
2020-11-16 09:46:58,500 [pool-85-thread-1] INFO  server.RaftServerConfigKeys (ConfUtils.java:logGet(44)) - raft.server.sleep.deviation.threshold = 300 (default)
2020-11-16 09:46:58,500 [pool-85-thread-1] INFO  server.RaftServerConfigKeys (ConfUtils.java:logGet(44)) - raft.server.log.appender.install.snapshot.enabled = false (custom)
2020-11-16 09:46:58,501 [pool-85-thread-1] INFO  impl.RaftServerImpl (ServerState.java:<init>(104)) - b680aa61-21f9-4676-8a3b-ea54fb018a9f@group-8853DA950521: ConfigurationManager, init=-1: [935d82c4-fbd9-4178-900a-963e9e0866c9:172.17.0.2:33109:0, b680aa61-21f9-4676-8a3b-ea54fb018a9f:172.17.0.2:37729:0, d3f5be2c-c721-4f88-912e-3aa9c1a6d18a:172.17.0.2:39229:0], old=null, confs=<EMPTY_MAP>
2020-11-16 09:46:58,501 [pool-85-thread-1] INFO  server.RaftServerConfigKeys (ConfUtils.java:logGet(44)) - raft.server.storage.dir = [/github/workspace/mnt/ozone/hadoop-ozone/integration-test/target/test-dir/MiniOzoneClusterImpl-1d5c47ff-0822-4398-9acc-4b25d0bc1405/datanode-1/data/ratis] (custom)
2020-11-16 09:46:58,501 [pool-85-thread-1] INFO  server.RaftServerConfigKeys (ConfUtils.java:logGet(44)) - raft.server.log.corruption.policy = EXCEPTION (default)
2020-11-16 09:46:58,501 [pool-85-thread-1] INFO  storage.RaftStorageDirectory (RaftStorageDirectory.java:analyzeStorage(261)) - The storage directory /github/workspace/mnt/ozone/hadoop-ozone/integration-test/target/test-dir/MiniOzoneClusterImpl-1d5c47ff-0822-4398-9acc-4b25d0bc1405/datanode-1/data/ratis/8c28a056-e454-4544-a678-8853da950521 does not exist. Creating ...
2020-11-16 09:46:58,502 [pool-85-thread-1] INFO  storage.RaftStorageDirectory (RaftStorageDirectory.java:tryLock(343)) - Lock on /github/workspace/mnt/ozone/hadoop-ozone/integration-test/target/test-dir/MiniOzoneClusterImpl-1d5c47ff-0822-4398-9acc-4b25d0bc1405/datanode-1/data/ratis/8c28a056-e454-4544-a678-8853da950521/in_use.lock acquired by nodename 20053@92f718008898
2020-11-16 09:46:58,504 [pool-85-thread-1] INFO  storage.RaftStorage (RaftStorage.java:format(84)) - Storage directory /github/workspace/mnt/ozone/hadoop-ozone/integration-test/target/test-dir/MiniOzoneClusterImpl-1d5c47ff-0822-4398-9acc-4b25d0bc1405/datanode-1/data/ratis/8c28a056-e454-4544-a678-8853da950521 has been successfully formatted.
2020-11-16 09:46:58,507 [pool-85-thread-1] INFO  ratis.ContainerStateMachine (ContainerStateMachine.java:loadSnapshot(225)) - group-8853DA950521: The snapshot info is null. Setting the last applied indexto:(t:0, i:~)
2020-11-16 09:46:58,508 [pool-85-thread-1] INFO  server.RaftServerConfigKeys (ConfUtils.java:logGet(44)) - raft.server.notification.no-leader.timeout = 300s (custom)
2020-11-16 09:46:58,508 [pool-85-thread-1] INFO  server.RaftServerConfigKeys (ConfUtils.java:logGet(44)) - raft.server.log.use.memory = false (default)
2020-11-16 09:46:58,508 [pool-85-thread-1] INFO  server.RaftServerConfigKeys (ConfUtils.java:logGet(44)) - raft.server.log.purge.gap = 1000000 (custom)
2020-11-16 09:46:58,508 [pool-85-thread-1] INFO  metrics.RatisMetrics (RatisMetrics.java:lambda$create$0(36)) - Creating Metrics Registry : ratis.log_worker.b680aa61-21f9-4676-8a3b-ea54fb018a9f@group-8853DA950521
2020-11-16 09:46:58,508 [pool-85-thread-1] INFO  server.RaftServerConfigKeys (ConfUtils.java:logGet(44)) - raft.server.log.appender.buffer.byte-limit = 33554432 (custom)
2020-11-16 09:46:58,508 [pool-85-thread-1] INFO  server.RaftServerConfigKeys (ConfUtils.java:logGet(44)) - raft.server.log.segment.size.max = 1048576 (custom)
2020-11-16 09:46:58,510 [pool-85-thread-1] INFO  server.RaftServerConfigKeys (ConfUtils.java:logGet(44)) - raft.server.log.segment.cache.num.max = 2 (custom)
2020-11-16 09:46:58,510 [pool-85-thread-1] INFO  segmented.SegmentedRaftLogWorker (SegmentedRaftLogWorker.java:<init>(180)) - new b680aa61-21f9-4676-8a3b-ea54fb018a9f@group-8853DA950521-SegmentedRaftLogWorker for RaftStorage:Storage Directory /github/workspace/mnt/ozone/hadoop-ozone/integration-test/target/test-dir/MiniOzoneClusterImpl-1d5c47ff-0822-4398-9acc-4b25d0bc1405/datanode-1/data/ratis/8c28a056-e454-4544-a678-8853da950521
2020-11-16 09:46:58,510 [pool-85-thread-1] INFO  server.RaftServerConfigKeys (ConfUtils.java:logGet(44)) - raft.server.log.queue.byte-limit = 2147483647 (custom)
2020-11-16 09:46:58,510 [pool-85-thread-1] INFO  server.RaftServerConfigKeys (ConfUtils.java:logGet(44)) - raft.server.log.queue.element-limit = 1024 (custom)
2020-11-16 09:46:58,510 [pool-85-thread-1] INFO  server.RaftServerConfigKeys (ConfUtils.java:logGet(44)) - raft.server.log.segment.size.max = 1048576 (custom)
2020-11-16 09:46:58,510 [pool-85-thread-1] INFO  server.RaftServerConfigKeys (ConfUtils.java:logGet(44)) - raft.server.log.preallocated.size = 16384 (custom)
2020-11-16 09:46:58,510 [pool-85-thread-1] INFO  server.RaftServerConfigKeys (ConfUtils.java:logGet(44)) - raft.server.log.write.buffer.size = 1048576 (custom)
2020-11-16 09:46:58,510 [pool-85-thread-1] INFO  server.RaftServerConfigKeys (ConfUtils.java:logGet(44)) - raft.server.log.force.sync.num = 128 (default)
2020-11-16 09:46:58,511 [pool-85-thread-1] INFO  server.RaftServerConfigKeys (ConfUtils.java:logGet(44)) - raft.server.log.statemachine.data.sync = true (default)
2020-11-16 09:46:58,511 [pool-85-thread-1] INFO  server.RaftServerConfigKeys (ConfUtils.java:logGet(44)) - raft.server.log.statemachine.data.sync.timeout = 10s (default)
2020-11-16 09:46:58,511 [pool-85-thread-1] INFO  server.RaftServerConfigKeys (ConfUtils.java:logGet(44)) - raft.server.log.statemachine.data.sync.timeout.retry = -1 (default)
2020-11-16 09:46:58,512 [pool-85-thread-1] INFO  server.RaftServerConfigKeys (ConfUtils.java:logGet(44)) - raft.server.log.statemachine.data.caching.enabled = true (custom)
2020-11-16 09:46:58,512 [pool-85-thread-1] INFO  segmented.SegmentedRaftLogWorker (SegmentedRaftLogWorker.java:lambda$new$0(129)) - b680aa61-21f9-4676-8a3b-ea54fb018a9f@group-8853DA950521-SegmentedRaftLogWorker: flushIndex: setUnconditionally 0 -> -1
2020-11-16 09:46:58,512 [pool-85-thread-1] INFO  segmented.SegmentedRaftLogWorker (SegmentedRaftLogWorker.java:lambda$new$0(129)) - b680aa61-21f9-4676-8a3b-ea54fb018a9f@group-8853DA950521-SegmentedRaftLogWorker: safeCacheEvictIndex: setUnconditionally 0 -> -1
2020-11-16 09:46:58,513 [pool-85-thread-1] INFO  server.RaftServerConfigKeys (ConfUtils.java:logGet(44)) - raft.server.snapshot.auto.trigger.enabled = true (custom)
2020-11-16 09:46:58,513 [pool-85-thread-1] INFO  server.RaftServerConfigKeys (ConfUtils.java:logGet(44)) - raft.server.snapshot.auto.trigger.threshold = 10000 (custom)
2020-11-16 09:46:58,513 [pool-85-thread-1] INFO  server.RaftServerConfigKeys (ConfUtils.java:logGet(44)) - raft.server.snapshot.retention.file.num = 5 (custom)
2020-11-16 09:46:58,513 [pool-85-thread-1] INFO  server.RaftServerConfigKeys (ConfUtils.java:logGet(44)) - raft.server.log.purge.upto.snapshot.index = false (default)
2020-11-16 09:46:58,513 [pool-85-thread-1] INFO  server.RaftServerConfigKeys (ConfUtils.java:logGet(44)) - raft.server.retrycache.expirytime = 600000ms (custom)
2020-11-16 09:46:58,513 [pool-85-thread-1] INFO  metrics.RatisMetrics (RatisMetrics.java:lambda$create$0(36)) - Creating Metrics Registry : ratis.leader_election.b680aa61-21f9-4676-8a3b-ea54fb018a9f@group-8853DA950521
2020-11-16 09:46:58,514 [pool-85-thread-1] INFO  metrics.RatisMetrics (RatisMetrics.java:lambda$create$0(36)) - Creating Metrics Registry : ratis.server.b680aa61-21f9-4676-8a3b-ea54fb018a9f@group-8853DA950521
2020-11-16 09:46:58,514 [pool-85-thread-1] INFO  impl.RaftServerImpl (RaftServerImpl.java:start(209)) - b680aa61-21f9-4676-8a3b-ea54fb018a9f@group-8853DA950521: start as a follower, conf=-1: [935d82c4-fbd9-4178-900a-963e9e0866c9:172.17.0.2:33109:0, b680aa61-21f9-4676-8a3b-ea54fb018a9f:172.17.0.2:37729:0, d3f5be2c-c721-4f88-912e-3aa9c1a6d18a:172.17.0.2:39229:0], old=null
2020-11-16 09:46:58,515 [pool-85-thread-1] INFO  impl.RaftServerImpl (RaftServerImpl.java:setRole(198)) - b680aa61-21f9-4676-8a3b-ea54fb018a9f@group-8853DA950521: changes role from      null to FOLLOWER at term 0 for startAsFollower
2020-11-16 09:46:58,515 [pool-85-thread-1] INFO  impl.RoleInfo (RoleInfo.java:updateAndGet(143)) - b680aa61-21f9-4676-8a3b-ea54fb018a9f: start FollowerState
2020-11-16 09:46:58,515 [pool-85-thread-1] INFO  util.JmxRegister (JmxRegister.java:tryRegister(44)) - Successfully registered JMX Bean with object name Ratis:service=RaftServer,group=group-8853DA950521,id=b680aa61-21f9-4676-8a3b-ea54fb018a9f
2020-11-16 09:46:58,515 [pool-85-thread-1] INFO  metrics.RatisMetrics (RatisMetrics.java:lambda$create$0(36)) - Creating Metrics Registry : ratis.state_machine.b680aa61-21f9-4676-8a3b-ea54fb018a9f@group-8853DA950521
2020-11-16 09:46:58,526 [Command processor thread] INFO  commandhandler.CreatePipelineCommandHandler (CreatePipelineCommandHandler.java:handle(106)) - Created Pipeline RATIS THREE PipelineID=8c28a056-e454-4544-a678-8853da950521.
2020-11-16 09:46:58,796 [Command processor thread] INFO  impl.RaftServerProxy (RaftServerProxy.java:addNew(92)) - b680aa61-21f9-4676-8a3b-ea54fb018a9f: addNew group-E8B0729F61F7:[b680aa61-21f9-4676-8a3b-ea54fb018a9f:172.17.0.2:37729:0] returns group-E8B0729F61F7:java.util.concurrent.CompletableFuture@66edc45c[Not completed]
2020-11-16 09:46:58,798 [pool-85-thread-1] INFO  impl.RaftServerImpl (RaftServerImpl.java:<init>(120)) - b680aa61-21f9-4676-8a3b-ea54fb018a9f: new RaftServerImpl for group-E8B0729F61F7:[b680aa61-21f9-4676-8a3b-ea54fb018a9f:172.17.0.2:37729:0] with ContainerStateMachine:uninitialized
2020-11-16 09:46:58,798 [pool-85-thread-1] INFO  server.RaftServerConfigKeys (ConfUtils.java:logGet(44)) - raft.server.rpc.timeout.min = 5s (custom)
2020-11-16 09:46:58,798 [pool-85-thread-1] INFO  server.RaftServerConfigKeys (ConfUtils.java:logGet(44)) - raft.server.rpc.timeout.max = 5200ms (custom)
2020-11-16 09:46:58,798 [pool-85-thread-1] INFO  server.RaftServerConfigKeys (ConfUtils.java:logGet(44)) - raft.server.rpcslowness.timeout = 300s (custom)
2020-11-16 09:46:58,798 [pool-85-thread-1] INFO  server.RaftServerConfigKeys (ConfUtils.java:logGet(44)) - raft.server.sleep.deviation.threshold = 300 (default)
2020-11-16 09:46:58,799 [pool-85-thread-1] INFO  server.RaftServerConfigKeys (ConfUtils.java:logGet(44)) - raft.server.log.appender.install.snapshot.enabled = false (custom)
2020-11-16 09:46:58,799 [pool-85-thread-1] INFO  impl.RaftServerImpl (ServerState.java:<init>(104)) - b680aa61-21f9-4676-8a3b-ea54fb018a9f@group-E8B0729F61F7: ConfigurationManager, init=-1: [b680aa61-21f9-4676-8a3b-ea54fb018a9f:172.17.0.2:37729:0], old=null, confs=<EMPTY_MAP>
2020-11-16 09:46:58,799 [pool-85-thread-1] INFO  server.RaftServerConfigKeys (ConfUtils.java:logGet(44)) - raft.server.storage.dir = [/github/workspace/mnt/ozone/hadoop-ozone/integration-test/target/test-dir/MiniOzoneClusterImpl-1d5c47ff-0822-4398-9acc-4b25d0bc1405/datanode-1/data/ratis] (custom)
2020-11-16 09:46:58,799 [pool-85-thread-1] INFO  server.RaftServerConfigKeys (ConfUtils.java:logGet(44)) - raft.server.log.corruption.policy = EXCEPTION (default)
2020-11-16 09:46:58,799 [pool-85-thread-1] INFO  storage.RaftStorageDirectory (RaftStorageDirectory.java:analyzeStorage(261)) - The storage directory /github/workspace/mnt/ozone/hadoop-ozone/integration-test/target/test-dir/MiniOzoneClusterImpl-1d5c47ff-0822-4398-9acc-4b25d0bc1405/datanode-1/data/ratis/0444acf2-5527-40d2-88f7-e8b0729f61f7 does not exist. Creating ...
2020-11-16 09:46:58,801 [pool-85-thread-1] INFO  storage.RaftStorageDirectory (RaftStorageDirectory.java:tryLock(343)) - Lock on /github/workspace/mnt/ozone/hadoop-ozone/integration-test/target/test-dir/MiniOzoneClusterImpl-1d5c47ff-0822-4398-9acc-4b25d0bc1405/datanode-1/data/ratis/0444acf2-5527-40d2-88f7-e8b0729f61f7/in_use.lock acquired by nodename 20053@92f718008898
2020-11-16 09:46:58,802 [pool-85-thread-1] INFO  storage.RaftStorage (RaftStorage.java:format(84)) - Storage directory /github/workspace/mnt/ozone/hadoop-ozone/integration-test/target/test-dir/MiniOzoneClusterImpl-1d5c47ff-0822-4398-9acc-4b25d0bc1405/datanode-1/data/ratis/0444acf2-5527-40d2-88f7-e8b0729f61f7 has been successfully formatted.
2020-11-16 09:46:58,802 [pool-85-thread-1] INFO  ratis.ContainerStateMachine (ContainerStateMachine.java:loadSnapshot(225)) - group-E8B0729F61F7: The snapshot info is null. Setting the last applied indexto:(t:0, i:~)
2020-11-16 09:46:58,803 [pool-85-thread-1] INFO  server.RaftServerConfigKeys (ConfUtils.java:logGet(44)) - raft.server.notification.no-leader.timeout = 300s (custom)
2020-11-16 09:46:58,803 [pool-85-thread-1] INFO  server.RaftServerConfigKeys (ConfUtils.java:logGet(44)) - raft.server.log.use.memory = false (default)
2020-11-16 09:46:58,803 [pool-85-thread-1] INFO  server.RaftServerConfigKeys (ConfUtils.java:logGet(44)) - raft.server.log.purge.gap = 1000000 (custom)
2020-11-16 09:46:58,804 [pool-85-thread-1] INFO  metrics.RatisMetrics (RatisMetrics.java:lambda$create$0(36)) - Creating Metrics Registry : ratis.log_worker.b680aa61-21f9-4676-8a3b-ea54fb018a9f@group-E8B0729F61F7
2020-11-16 09:46:58,805 [EventQueue-PipelineReportForPipelineReportHandler] INFO  pipeline.PipelineStateManager (PipelineStateManager.java:openPipeline(132)) - Pipeline Pipeline[ Id: 0444acf2-5527-40d2-88f7-e8b0729f61f7, Nodes: b680aa61-21f9-4676-8a3b-ea54fb018a9f{ip: 172.17.0.2, host: 92f718008898, networkLocation: /default-rack, certSerialId: null}, Type:RATIS, Factor:ONE, State:ALLOCATED, leaderId:b680aa61-21f9-4676-8a3b-ea54fb018a9f, CreationTimestamp2020-11-16T09:46:55.803Z] moved to OPEN state
2020-11-16 09:46:58,805 [EventQueue-OpenPipelineForOneReplicaPipelineSafeModeRule] INFO  safemode.SCMSafeModeManager (SCMSafeModeManager.java:validateSafeModeExitRules(214)) - AtleastOneDatanodeReportedRule rule is successfully validated
2020-11-16 09:46:58,805 [EventQueue-OpenPipelineForHealthyPipelineSafeModeRule] INFO  safemode.SCMSafeModeManager (HealthyPipelineSafeModeRule.java:process(129)) - SCM in safe mode. Healthy pipelines reported count is 0, required healthy pipeline reported count is 1
2020-11-16 09:46:58,805 [pool-85-thread-1] INFO  server.RaftServerConfigKeys (ConfUtils.java:logGet(44)) - raft.server.log.appender.buffer.byte-limit = 33554432 (custom)
2020-11-16 09:46:58,805 [pool-85-thread-1] INFO  server.RaftServerConfigKeys (ConfUtils.java:logGet(44)) - raft.server.log.segment.size.max = 1048576 (custom)
2020-11-16 09:46:58,806 [pool-85-thread-1] INFO  server.RaftServerConfigKeys (ConfUtils.java:logGet(44)) - raft.server.log.segment.cache.num.max = 2 (custom)
2020-11-16 09:46:58,807 [pool-85-thread-1] INFO  segmented.SegmentedRaftLogWorker (SegmentedRaftLogWorker.java:<init>(180)) - new b680aa61-21f9-4676-8a3b-ea54fb018a9f@group-E8B0729F61F7-SegmentedRaftLogWorker for RaftStorage:Storage Directory /github/workspace/mnt/ozone/hadoop-ozone/integration-test/target/test-dir/MiniOzoneClusterImpl-1d5c47ff-0822-4398-9acc-4b25d0bc1405/datanode-1/data/ratis/0444acf2-5527-40d2-88f7-e8b0729f61f7
2020-11-16 09:46:58,808 [pool-85-thread-1] INFO  server.RaftServerConfigKeys (ConfUtils.java:logGet(44)) - raft.server.log.queue.byte-limit = 2147483647 (custom)
2020-11-16 09:46:58,808 [pool-85-thread-1] INFO  server.RaftServerConfigKeys (ConfUtils.java:logGet(44)) - raft.server.log.queue.element-limit = 1024 (custom)
2020-11-16 09:46:58,808 [pool-85-thread-1] INFO  server.RaftServerConfigKeys (ConfUtils.java:logGet(44)) - raft.server.log.segment.size.max = 1048576 (custom)
2020-11-16 09:46:58,810 [pool-85-thread-1] INFO  server.RaftServerConfigKeys (ConfUtils.java:logGet(44)) - raft.server.log.preallocated.size = 16384 (custom)
2020-11-16 09:46:58,811 [pool-85-thread-1] INFO  server.RaftServerConfigKeys (ConfUtils.java:logGet(44)) - raft.server.log.write.buffer.size = 1048576 (custom)
2020-11-16 09:46:58,811 [pool-85-thread-1] INFO  server.RaftServerConfigKeys (ConfUtils.java:logGet(44)) - raft.server.log.force.sync.num = 128 (default)
2020-11-16 09:46:58,811 [pool-85-thread-1] INFO  server.RaftServerConfigKeys (ConfUtils.java:logGet(44)) - raft.server.log.statemachine.data.sync = true (default)
2020-11-16 09:46:58,811 [pool-85-thread-1] INFO  server.RaftServerConfigKeys (ConfUtils.java:logGet(44)) - raft.server.log.statemachine.data.sync.timeout = 10s (default)
2020-11-16 09:46:58,811 [pool-85-thread-1] INFO  server.RaftServerConfigKeys (ConfUtils.java:logGet(44)) - raft.server.log.statemachine.data.sync.timeout.retry = -1 (default)
2020-11-16 09:46:58,812 [pool-85-thread-1] INFO  server.RaftServerConfigKeys (ConfUtils.java:logGet(44)) - raft.server.log.statemachine.data.caching.enabled = true (custom)
2020-11-16 09:46:58,812 [pool-85-thread-1] INFO  segmented.SegmentedRaftLogWorker (SegmentedRaftLogWorker.java:lambda$new$0(129)) - b680aa61-21f9-4676-8a3b-ea54fb018a9f@group-E8B0729F61F7-SegmentedRaftLogWorker: flushIndex: setUnconditionally 0 -> -1
2020-11-16 09:46:58,813 [pool-85-thread-1] INFO  segmented.SegmentedRaftLogWorker (SegmentedRaftLogWorker.java:lambda$new$0(129)) - b680aa61-21f9-4676-8a3b-ea54fb018a9f@group-E8B0729F61F7-SegmentedRaftLogWorker: safeCacheEvictIndex: setUnconditionally 0 -> -1
2020-11-16 09:46:58,814 [pool-85-thread-1] INFO  server.RaftServerConfigKeys (ConfUtils.java:logGet(44)) - raft.server.snapshot.auto.trigger.enabled = true (custom)
2020-11-16 09:46:58,814 [pool-85-thread-1] INFO  server.RaftServerConfigKeys (ConfUtils.java:logGet(44)) - raft.server.snapshot.auto.trigger.threshold = 10000 (custom)
2020-11-16 09:46:58,814 [pool-85-thread-1] INFO  server.RaftServerConfigKeys (ConfUtils.java:logGet(44)) - raft.server.snapshot.retention.file.num = 5 (custom)
2020-11-16 09:46:58,814 [pool-85-thread-1] INFO  server.RaftServerConfigKeys (ConfUtils.java:logGet(44)) - raft.server.log.purge.upto.snapshot.index = false (default)
2020-11-16 09:46:58,814 [pool-85-thread-1] INFO  server.RaftServerConfigKeys (ConfUtils.java:logGet(44)) - raft.server.retrycache.expirytime = 600000ms (custom)
2020-11-16 09:46:58,815 [pool-85-thread-1] INFO  metrics.RatisMetrics (RatisMetrics.java:lambda$create$0(36)) - Creating Metrics Registry : ratis.leader_election.b680aa61-21f9-4676-8a3b-ea54fb018a9f@group-E8B0729F61F7
2020-11-16 09:46:58,815 [pool-85-thread-1] INFO  metrics.RatisMetrics (RatisMetrics.java:lambda$create$0(36)) - Creating Metrics Registry : ratis.server.b680aa61-21f9-4676-8a3b-ea54fb018a9f@group-E8B0729F61F7
2020-11-16 09:46:58,816 [pool-85-thread-1] INFO  impl.RaftServerImpl (RaftServerImpl.java:start(209)) - b680aa61-21f9-4676-8a3b-ea54fb018a9f@group-E8B0729F61F7: start as a follower, conf=-1: [b680aa61-21f9-4676-8a3b-ea54fb018a9f:172.17.0.2:37729:0], old=null
2020-11-16 09:46:58,817 [pool-85-thread-1] INFO  impl.RaftServerImpl (RaftServerImpl.java:setRole(198)) - b680aa61-21f9-4676-8a3b-ea54fb018a9f@group-E8B0729F61F7: changes role from      null to FOLLOWER at term 0 for startAsFollower
2020-11-16 09:46:58,817 [pool-85-thread-1] INFO  impl.RoleInfo (RoleInfo.java:updateAndGet(143)) - b680aa61-21f9-4676-8a3b-ea54fb018a9f: start FollowerState
2020-11-16 09:46:58,817 [pool-85-thread-1] INFO  util.JmxRegister (JmxRegister.java:tryRegister(44)) - Successfully registered JMX Bean with object name Ratis:service=RaftServer,group=group-E8B0729F61F7,id=b680aa61-21f9-4676-8a3b-ea54fb018a9f
2020-11-16 09:46:58,817 [pool-85-thread-1] INFO  metrics.RatisMetrics (RatisMetrics.java:lambda$create$0(36)) - Creating Metrics Registry : ratis.state_machine.b680aa61-21f9-4676-8a3b-ea54fb018a9f@group-E8B0729F61F7
2020-11-16 09:46:58,818 [Command processor thread] INFO  commandhandler.CreatePipelineCommandHandler (CreatePipelineCommandHandler.java:handle(106)) - Created Pipeline RATIS ONE PipelineID=0444acf2-5527-40d2-88f7-e8b0729f61f7.
2020-11-16 09:46:59,020 [Command processor thread] INFO  impl.RaftServerProxy (RaftServerProxy.java:addNew(92)) - d3f5be2c-c721-4f88-912e-3aa9c1a6d18a: addNew group-D8025C4BA272:[d3f5be2c-c721-4f88-912e-3aa9c1a6d18a:172.17.0.2:39229:0] returns group-D8025C4BA272:java.util.concurrent.CompletableFuture@27e5478b[Not completed]
2020-11-16 09:46:59,022 [pool-102-thread-1] INFO  impl.RaftServerImpl (RaftServerImpl.java:<init>(120)) - d3f5be2c-c721-4f88-912e-3aa9c1a6d18a: new RaftServerImpl for group-D8025C4BA272:[d3f5be2c-c721-4f88-912e-3aa9c1a6d18a:172.17.0.2:39229:0] with ContainerStateMachine:uninitialized
2020-11-16 09:46:59,022 [pool-102-thread-1] INFO  server.RaftServerConfigKeys (ConfUtils.java:logGet(44)) - raft.server.rpc.timeout.min = 5s (custom)
2020-11-16 09:46:59,023 [pool-102-thread-1] INFO  server.RaftServerConfigKeys (ConfUtils.java:logGet(44)) - raft.server.rpc.timeout.max = 5200ms (custom)
2020-11-16 09:46:59,023 [pool-102-thread-1] INFO  server.RaftServerConfigKeys (ConfUtils.java:logGet(44)) - raft.server.rpcslowness.timeout = 300s (custom)
2020-11-16 09:46:59,023 [pool-102-thread-1] INFO  server.RaftServerConfigKeys (ConfUtils.java:logGet(44)) - raft.server.sleep.deviation.threshold = 300 (default)
2020-11-16 09:46:59,023 [pool-102-thread-1] INFO  server.RaftServerConfigKeys (ConfUtils.java:logGet(44)) - raft.server.log.appender.install.snapshot.enabled = false (custom)
2020-11-16 09:46:59,023 [pool-102-thread-1] INFO  impl.RaftServerImpl (ServerState.java:<init>(104)) - d3f5be2c-c721-4f88-912e-3aa9c1a6d18a@group-D8025C4BA272: ConfigurationManager, init=-1: [d3f5be2c-c721-4f88-912e-3aa9c1a6d18a:172.17.0.2:39229:0], old=null, confs=<EMPTY_MAP>
2020-11-16 09:46:59,023 [pool-102-thread-1] INFO  server.RaftServerConfigKeys (ConfUtils.java:logGet(44)) - raft.server.storage.dir = [/github/workspace/mnt/ozone/hadoop-ozone/integration-test/target/test-dir/MiniOzoneClusterImpl-1d5c47ff-0822-4398-9acc-4b25d0bc1405/datanode-2/data/ratis] (custom)
2020-11-16 09:46:59,023 [pool-102-thread-1] INFO  server.RaftServerConfigKeys (ConfUtils.java:logGet(44)) - raft.server.log.corruption.policy = EXCEPTION (default)
2020-11-16 09:46:59,024 [pool-102-thread-1] INFO  storage.RaftStorageDirectory (RaftStorageDirectory.java:analyzeStorage(261)) - The storage directory /github/workspace/mnt/ozone/hadoop-ozone/integration-test/target/test-dir/MiniOzoneClusterImpl-1d5c47ff-0822-4398-9acc-4b25d0bc1405/datanode-2/data/ratis/6e801dc2-4fab-4c43-b53d-d8025c4ba272 does not exist. Creating ...
2020-11-16 09:46:59,024 [Listener at 127.0.0.1/12104] INFO  ozone.MiniOzoneClusterImpl (MiniOzoneClusterImpl.java:lambda$waitForClusterToBeReady$0(178)) - Nodes are ready. Got 3 of 3 DN Heartbeats.
2020-11-16 09:46:59,025 [Listener at 127.0.0.1/12104] INFO  ozone.MiniOzoneClusterImpl (MiniOzoneClusterImpl.java:lambda$waitForClusterToBeReady$0(181)) - Waiting for cluster to exit safe mode
2020-11-16 09:46:59,025 [pool-102-thread-1] INFO  storage.RaftStorageDirectory (RaftStorageDirectory.java:tryLock(343)) - Lock on /github/workspace/mnt/ozone/hadoop-ozone/integration-test/target/test-dir/MiniOzoneClusterImpl-1d5c47ff-0822-4398-9acc-4b25d0bc1405/datanode-2/data/ratis/6e801dc2-4fab-4c43-b53d-d8025c4ba272/in_use.lock acquired by nodename 20053@92f718008898
2020-11-16 09:46:59,027 [pool-102-thread-1] INFO  storage.RaftStorage (RaftStorage.java:format(84)) - Storage directory /github/workspace/mnt/ozone/hadoop-ozone/integration-test/target/test-dir/MiniOzoneClusterImpl-1d5c47ff-0822-4398-9acc-4b25d0bc1405/datanode-2/data/ratis/6e801dc2-4fab-4c43-b53d-d8025c4ba272 has been successfully formatted.
2020-11-16 09:46:59,028 [pool-102-thread-1] INFO  ratis.ContainerStateMachine (ContainerStateMachine.java:loadSnapshot(225)) - group-D8025C4BA272: The snapshot info is null. Setting the last applied indexto:(t:0, i:~)
2020-11-16 09:46:59,028 [pool-102-thread-1] INFO  server.RaftServerConfigKeys (ConfUtils.java:logGet(44)) - raft.server.notification.no-leader.timeout = 300s (custom)
2020-11-16 09:46:59,028 [pool-102-thread-1] INFO  server.RaftServerConfigKeys (ConfUtils.java:logGet(44)) - raft.server.log.use.memory = false (default)
2020-11-16 09:46:59,028 [pool-102-thread-1] INFO  server.RaftServerConfigKeys (ConfUtils.java:logGet(44)) - raft.server.log.purge.gap = 1000000 (custom)
2020-11-16 09:46:59,028 [pool-102-thread-1] INFO  metrics.RatisMetrics (RatisMetrics.java:lambda$create$0(36)) - Creating Metrics Registry : ratis.log_worker.d3f5be2c-c721-4f88-912e-3aa9c1a6d18a@group-D8025C4BA272
2020-11-16 09:46:59,030 [EventQueue-PipelineReportForPipelineReportHandler] INFO  pipeline.PipelineStateManager (PipelineStateManager.java:openPipeline(132)) - Pipeline Pipeline[ Id: 6e801dc2-4fab-4c43-b53d-d8025c4ba272, Nodes: d3f5be2c-c721-4f88-912e-3aa9c1a6d18a{ip: 172.17.0.2, host: 92f718008898, networkLocation: /default-rack, certSerialId: null}, Type:RATIS, Factor:ONE, State:ALLOCATED, leaderId:d3f5be2c-c721-4f88-912e-3aa9c1a6d18a, CreationTimestamp2020-11-16T09:46:56.026Z] moved to OPEN state
2020-11-16 09:46:59,031 [EventQueue-OpenPipelineForHealthyPipelineSafeModeRule] INFO  safemode.SCMSafeModeManager (HealthyPipelineSafeModeRule.java:process(129)) - SCM in safe mode. Healthy pipelines reported count is 0, required healthy pipeline reported count is 1
2020-11-16 09:46:59,031 [EventQueue-OpenPipelineForOneReplicaPipelineSafeModeRule] INFO  safemode.SCMSafeModeManager (SCMSafeModeManager.java:validateSafeModeExitRules(214)) - AtleastOneDatanodeReportedRule rule is successfully validated
2020-11-16 09:46:59,031 [pool-102-thread-1] INFO  server.RaftServerConfigKeys (ConfUtils.java:logGet(44)) - raft.server.log.appender.buffer.byte-limit = 33554432 (custom)
2020-11-16 09:46:59,032 [pool-102-thread-1] INFO  server.RaftServerConfigKeys (ConfUtils.java:logGet(44)) - raft.server.log.segment.size.max = 1048576 (custom)
2020-11-16 09:46:59,032 [pool-102-thread-1] INFO  server.RaftServerConfigKeys (ConfUtils.java:logGet(44)) - raft.server.log.segment.cache.num.max = 2 (custom)
2020-11-16 09:46:59,032 [pool-102-thread-1] INFO  segmented.SegmentedRaftLogWorker (SegmentedRaftLogWorker.java:<init>(180)) - new d3f5be2c-c721-4f88-912e-3aa9c1a6d18a@group-D8025C4BA272-SegmentedRaftLogWorker for RaftStorage:Storage Directory /github/workspace/mnt/ozone/hadoop-ozone/integration-test/target/test-dir/MiniOzoneClusterImpl-1d5c47ff-0822-4398-9acc-4b25d0bc1405/datanode-2/data/ratis/6e801dc2-4fab-4c43-b53d-d8025c4ba272
2020-11-16 09:46:59,032 [pool-102-thread-1] INFO  server.RaftServerConfigKeys (ConfUtils.java:logGet(44)) - raft.server.log.queue.byte-limit = 2147483647 (custom)
2020-11-16 09:46:59,032 [pool-102-thread-1] INFO  server.RaftServerConfigKeys (ConfUtils.java:logGet(44)) - raft.server.log.queue.element-limit = 1024 (custom)
2020-11-16 09:46:59,032 [pool-102-thread-1] INFO  server.RaftServerConfigKeys (ConfUtils.java:logGet(44)) - raft.server.log.segment.size.max = 1048576 (custom)
2020-11-16 09:46:59,032 [pool-102-thread-1] INFO  server.RaftServerConfigKeys (ConfUtils.java:logGet(44)) - raft.server.log.preallocated.size = 16384 (custom)
2020-11-16 09:46:59,032 [pool-102-thread-1] INFO  server.RaftServerConfigKeys (ConfUtils.java:logGet(44)) - raft.server.log.write.buffer.size = 1048576 (custom)
2020-11-16 09:46:59,033 [pool-102-thread-1] INFO  server.RaftServerConfigKeys (ConfUtils.java:logGet(44)) - raft.server.log.force.sync.num = 128 (default)
2020-11-16 09:46:59,033 [pool-102-thread-1] INFO  server.RaftServerConfigKeys (ConfUtils.java:logGet(44)) - raft.server.log.statemachine.data.sync = true (default)
2020-11-16 09:46:59,033 [pool-102-thread-1] INFO  server.RaftServerConfigKeys (ConfUtils.java:logGet(44)) - raft.server.log.statemachine.data.sync.timeout = 10s (default)
2020-11-16 09:46:59,033 [pool-102-thread-1] INFO  server.RaftServerConfigKeys (ConfUtils.java:logGet(44)) - raft.server.log.statemachine.data.sync.timeout.retry = -1 (default)
2020-11-16 09:46:59,034 [pool-102-thread-1] INFO  server.RaftServerConfigKeys (ConfUtils.java:logGet(44)) - raft.server.log.statemachine.data.caching.enabled = true (custom)
2020-11-16 09:46:59,034 [pool-102-thread-1] INFO  segmented.SegmentedRaftLogWorker (SegmentedRaftLogWorker.java:lambda$new$0(129)) - d3f5be2c-c721-4f88-912e-3aa9c1a6d18a@group-D8025C4BA272-SegmentedRaftLogWorker: flushIndex: setUnconditionally 0 -> -1
2020-11-16 09:46:59,035 [pool-102-thread-1] INFO  segmented.SegmentedRaftLogWorker (SegmentedRaftLogWorker.java:lambda$new$0(129)) - d3f5be2c-c721-4f88-912e-3aa9c1a6d18a@group-D8025C4BA272-SegmentedRaftLogWorker: safeCacheEvictIndex: setUnconditionally 0 -> -1
2020-11-16 09:46:59,035 [pool-102-thread-1] INFO  server.RaftServerConfigKeys (ConfUtils.java:logGet(44)) - raft.server.snapshot.auto.trigger.enabled = true (custom)
2020-11-16 09:46:59,035 [pool-102-thread-1] INFO  server.RaftServerConfigKeys (ConfUtils.java:logGet(44)) - raft.server.snapshot.auto.trigger.threshold = 10000 (custom)
2020-11-16 09:46:59,035 [pool-102-thread-1] INFO  server.RaftServerConfigKeys (ConfUtils.java:logGet(44)) - raft.server.snapshot.retention.file.num = 5 (custom)
2020-11-16 09:46:59,035 [pool-102-thread-1] INFO  server.RaftServerConfigKeys (ConfUtils.java:logGet(44)) - raft.server.log.purge.upto.snapshot.index = false (default)
2020-11-16 09:46:59,035 [pool-102-thread-1] INFO  server.RaftServerConfigKeys (ConfUtils.java:logGet(44)) - raft.server.retrycache.expirytime = 600000ms (custom)
2020-11-16 09:46:59,035 [pool-102-thread-1] INFO  metrics.RatisMetrics (RatisMetrics.java:lambda$create$0(36)) - Creating Metrics Registry : ratis.leader_election.d3f5be2c-c721-4f88-912e-3aa9c1a6d18a@group-D8025C4BA272
2020-11-16 09:46:59,036 [pool-102-thread-1] INFO  metrics.RatisMetrics (RatisMetrics.java:lambda$create$0(36)) - Creating Metrics Registry : ratis.server.d3f5be2c-c721-4f88-912e-3aa9c1a6d18a@group-D8025C4BA272
2020-11-16 09:46:59,036 [pool-102-thread-1] INFO  impl.RaftServerImpl (RaftServerImpl.java:start(209)) - d3f5be2c-c721-4f88-912e-3aa9c1a6d18a@group-D8025C4BA272: start as a follower, conf=-1: [d3f5be2c-c721-4f88-912e-3aa9c1a6d18a:172.17.0.2:39229:0], old=null
2020-11-16 09:46:59,036 [pool-102-thread-1] INFO  impl.RaftServerImpl (RaftServerImpl.java:setRole(198)) - d3f5be2c-c721-4f88-912e-3aa9c1a6d18a@group-D8025C4BA272: changes role from      null to FOLLOWER at term 0 for startAsFollower
2020-11-16 09:46:59,036 [pool-102-thread-1] INFO  impl.RoleInfo (RoleInfo.java:updateAndGet(143)) - d3f5be2c-c721-4f88-912e-3aa9c1a6d18a: start FollowerState
2020-11-16 09:46:59,037 [pool-102-thread-1] INFO  util.JmxRegister (JmxRegister.java:tryRegister(44)) - Successfully registered JMX Bean with object name Ratis:service=RaftServer,group=group-D8025C4BA272,id=d3f5be2c-c721-4f88-912e-3aa9c1a6d18a
2020-11-16 09:46:59,037 [pool-102-thread-1] INFO  metrics.RatisMetrics (RatisMetrics.java:lambda$create$0(36)) - Creating Metrics Registry : ratis.state_machine.d3f5be2c-c721-4f88-912e-3aa9c1a6d18a@group-D8025C4BA272
2020-11-16 09:46:59,040 [Command processor thread] INFO  commandhandler.CreatePipelineCommandHandler (CreatePipelineCommandHandler.java:handle(106)) - Created Pipeline RATIS ONE PipelineID=6e801dc2-4fab-4c43-b53d-d8025c4ba272.
2020-11-16 09:47:00,025 [Listener at 127.0.0.1/12104] INFO  ozone.MiniOzoneClusterImpl (MiniOzoneClusterImpl.java:lambda$waitForClusterToBeReady$0(178)) - Nodes are ready. Got 3 of 3 DN Heartbeats.
2020-11-16 09:47:00,025 [Listener at 127.0.0.1/12104] INFO  ozone.MiniOzoneClusterImpl (MiniOzoneClusterImpl.java:lambda$waitForClusterToBeReady$0(181)) - Waiting for cluster to exit safe mode
2020-11-16 09:47:01,025 [Listener at 127.0.0.1/12104] INFO  ozone.MiniOzoneClusterImpl (MiniOzoneClusterImpl.java:lambda$waitForClusterToBeReady$0(178)) - Nodes are ready. Got 3 of 3 DN Heartbeats.
2020-11-16 09:47:01,026 [Listener at 127.0.0.1/12104] INFO  ozone.MiniOzoneClusterImpl (MiniOzoneClusterImpl.java:lambda$waitForClusterToBeReady$0(181)) - Waiting for cluster to exit safe mode
2020-11-16 09:47:02,026 [Listener at 127.0.0.1/12104] INFO  ozone.MiniOzoneClusterImpl (MiniOzoneClusterImpl.java:lambda$waitForClusterToBeReady$0(178)) - Nodes are ready. Got 3 of 3 DN Heartbeats.
2020-11-16 09:47:02,026 [Listener at 127.0.0.1/12104] INFO  ozone.MiniOzoneClusterImpl (MiniOzoneClusterImpl.java:lambda$waitForClusterToBeReady$0(181)) - Waiting for cluster to exit safe mode
2020-11-16 09:47:03,027 [Listener at 127.0.0.1/12104] INFO  ozone.MiniOzoneClusterImpl (MiniOzoneClusterImpl.java:lambda$waitForClusterToBeReady$0(178)) - Nodes are ready. Got 3 of 3 DN Heartbeats.
2020-11-16 09:47:03,027 [Listener at 127.0.0.1/12104] INFO  ozone.MiniOzoneClusterImpl (MiniOzoneClusterImpl.java:lambda$waitForClusterToBeReady$0(181)) - Waiting for cluster to exit safe mode
2020-11-16 09:47:03,395 [Thread-300] INFO  impl.FollowerState (FollowerState.java:run(108)) - 935d82c4-fbd9-4178-900a-963e9e0866c9@group-EC71C5613545-FollowerState: change to CANDIDATE, lastRpcTime:5028ms, electionTimeout:5026ms
2020-11-16 09:47:03,396 [Thread-300] INFO  impl.RoleInfo (RoleInfo.java:shutdownFollowerState(121)) - 935d82c4-fbd9-4178-900a-963e9e0866c9: shutdown FollowerState
2020-11-16 09:47:03,396 [Thread-300] INFO  impl.RaftServerImpl (RaftServerImpl.java:setRole(198)) - 935d82c4-fbd9-4178-900a-963e9e0866c9@group-EC71C5613545: changes role from  FOLLOWER to CANDIDATE at term 0 for changeToCandidate
2020-11-16 09:47:03,396 [Thread-300] INFO  impl.RoleInfo (RoleInfo.java:updateAndGet(143)) - 935d82c4-fbd9-4178-900a-963e9e0866c9: start LeaderElection
2020-11-16 09:47:03,398 [935d82c4-fbd9-4178-900a-963e9e0866c9@group-EC71C5613545-LeaderElection5] INFO  impl.LeaderElection (LeaderElection.java:askForVotes(210)) - 935d82c4-fbd9-4178-900a-963e9e0866c9@group-EC71C5613545-LeaderElection5: begin an election at term 1 for -1: [935d82c4-fbd9-4178-900a-963e9e0866c9:172.17.0.2:33109:0], old=null
2020-11-16 09:47:03,398 [935d82c4-fbd9-4178-900a-963e9e0866c9@group-EC71C5613545-LeaderElection5] INFO  impl.RoleInfo (RoleInfo.java:shutdownLeaderElection(134)) - 935d82c4-fbd9-4178-900a-963e9e0866c9: shutdown LeaderElection
2020-11-16 09:47:03,398 [935d82c4-fbd9-4178-900a-963e9e0866c9@group-EC71C5613545-LeaderElection5] INFO  impl.RaftServerImpl (RaftServerImpl.java:setRole(198)) - 935d82c4-fbd9-4178-900a-963e9e0866c9@group-EC71C5613545: changes role from CANDIDATE to LEADER at term 1 for changeToLeader
2020-11-16 09:47:03,398 [935d82c4-fbd9-4178-900a-963e9e0866c9@group-EC71C5613545-LeaderElection5] INFO  ratis.XceiverServerRatis (XceiverServerRatis.java:handleLeaderChangedNotification(854)) - Leader change notification received for group: group-EC71C5613545 with new leaderId: 935d82c4-fbd9-4178-900a-963e9e0866c9
2020-11-16 09:47:03,399 [935d82c4-fbd9-4178-900a-963e9e0866c9@group-EC71C5613545-LeaderElection5] INFO  impl.RaftServerImpl (ServerState.java:setLeader(256)) - 935d82c4-fbd9-4178-900a-963e9e0866c9@group-EC71C5613545: change Leader from null to 935d82c4-fbd9-4178-900a-963e9e0866c9 at term 1 for becomeLeader, leader elected after 5066ms
2020-11-16 09:47:03,399 [935d82c4-fbd9-4178-900a-963e9e0866c9@group-EC71C5613545-LeaderElection5] INFO  server.RaftServerConfigKeys (ConfUtils.java:logGet(44)) - raft.server.staging.catchup.gap = 1000 (default)
2020-11-16 09:47:03,399 [935d82c4-fbd9-4178-900a-963e9e0866c9@group-EC71C5613545-LeaderElection5] INFO  server.RaftServerConfigKeys (ConfUtils.java:logGet(44)) - raft.server.rpc.sleep.time = 25ms (default)
2020-11-16 09:47:03,400 [935d82c4-fbd9-4178-900a-963e9e0866c9@group-EC71C5613545-LeaderElection5] INFO  metrics.RatisMetrics (RatisMetrics.java:lambda$create$0(36)) - Creating Metrics Registry : ratis.log_appender.935d82c4-fbd9-4178-900a-963e9e0866c9@group-EC71C5613545
2020-11-16 09:47:03,400 [935d82c4-fbd9-4178-900a-963e9e0866c9@group-EC71C5613545-LeaderElection5] INFO  server.RaftServerConfigKeys (ConfUtils.java:logGet(44)) - raft.server.write.element-limit = 1024 (custom)
2020-11-16 09:47:03,400 [935d82c4-fbd9-4178-900a-963e9e0866c9@group-EC71C5613545-LeaderElection5] INFO  server.RaftServerConfigKeys (ConfUtils.java:logGet(44)) - raft.server.write.byte-limit = 1073741824 (custom)
2020-11-16 09:47:03,401 [935d82c4-fbd9-4178-900a-963e9e0866c9@group-EC71C5613545-LeaderElection5] INFO  server.RaftServerConfigKeys (ConfUtils.java:logGet(44)) - raft.server.watch.timeout = 180s (custom)
2020-11-16 09:47:03,401 [935d82c4-fbd9-4178-900a-963e9e0866c9@group-EC71C5613545-LeaderElection5] INFO  server.RaftServerConfigKeys (ConfUtils.java:logGet(44)) - raft.server.watch.timeout.denomination = 1s (default)
2020-11-16 09:47:03,401 [935d82c4-fbd9-4178-900a-963e9e0866c9@group-EC71C5613545-LeaderElection5] INFO  server.RaftServerConfigKeys (ConfUtils.java:logGet(44)) - raft.server.watch.element-limit = 65536 (default)
2020-11-16 09:47:03,401 [935d82c4-fbd9-4178-900a-963e9e0866c9@group-EC71C5613545-LeaderElection5] INFO  impl.RoleInfo (RoleInfo.java:updateAndGet(143)) - 935d82c4-fbd9-4178-900a-963e9e0866c9: start LeaderState
2020-11-16 09:47:03,401 [935d82c4-fbd9-4178-900a-963e9e0866c9@group-EC71C5613545-LeaderElection5] INFO  segmented.SegmentedRaftLogWorker (SegmentedRaftLogWorker.java:startLogSegment(397)) - 935d82c4-fbd9-4178-900a-963e9e0866c9@group-EC71C5613545-SegmentedRaftLogWorker: Starting segment from index:0
2020-11-16 09:47:03,402 [935d82c4-fbd9-4178-900a-963e9e0866c9@group-EC71C5613545-SegmentedRaftLogWorker] INFO  segmented.SegmentedRaftLogWorker (SegmentedRaftLogWorker.java:execute(596)) - 935d82c4-fbd9-4178-900a-963e9e0866c9@group-EC71C5613545-SegmentedRaftLogWorker: created new log segment /github/workspace/mnt/ozone/hadoop-ozone/integration-test/target/test-dir/MiniOzoneClusterImpl-1d5c47ff-0822-4398-9acc-4b25d0bc1405/datanode-0/data/ratis/b9df9a38-1b9f-4566-8ba6-ec71c5613545/current/log_inprogress_0
2020-11-16 09:47:03,411 [935d82c4-fbd9-4178-900a-963e9e0866c9@group-EC71C5613545-LeaderElection5] INFO  impl.RaftServerImpl (ServerState.java:setRaftConf(374)) - 935d82c4-fbd9-4178-900a-963e9e0866c9@group-EC71C5613545: set configuration 0: [935d82c4-fbd9-4178-900a-963e9e0866c9:172.17.0.2:33109:0], old=null at 0
2020-11-16 09:47:03,446 [Thread-302] INFO  impl.FollowerState (FollowerState.java:run(108)) - 935d82c4-fbd9-4178-900a-963e9e0866c9@group-8853DA950521-FollowerState: change to CANDIDATE, lastRpcTime:5064ms, electionTimeout:5063ms
2020-11-16 09:47:03,447 [Thread-302] INFO  impl.RoleInfo (RoleInfo.java:shutdownFollowerState(121)) - 935d82c4-fbd9-4178-900a-963e9e0866c9: shutdown FollowerState
2020-11-16 09:47:03,447 [Thread-302] INFO  impl.RaftServerImpl (RaftServerImpl.java:setRole(198)) - 935d82c4-fbd9-4178-900a-963e9e0866c9@group-8853DA950521: changes role from  FOLLOWER to CANDIDATE at term 0 for changeToCandidate
2020-11-16 09:47:03,447 [Thread-302] INFO  impl.RoleInfo (RoleInfo.java:updateAndGet(143)) - 935d82c4-fbd9-4178-900a-963e9e0866c9: start LeaderElection
2020-11-16 09:47:03,450 [935d82c4-fbd9-4178-900a-963e9e0866c9@group-8853DA950521-LeaderElection6] INFO  impl.LeaderElection (LeaderElection.java:askForVotes(210)) - 935d82c4-fbd9-4178-900a-963e9e0866c9@group-8853DA950521-LeaderElection6: begin an election at term 1 for -1: [935d82c4-fbd9-4178-900a-963e9e0866c9:172.17.0.2:33109:0, b680aa61-21f9-4676-8a3b-ea54fb018a9f:172.17.0.2:37729:0, d3f5be2c-c721-4f88-912e-3aa9c1a6d18a:172.17.0.2:39229:0], old=null
2020-11-16 09:47:03,463 [grpc-default-executor-3] INFO  impl.RaftServerImpl (RaftServerImpl.java:setRole(198)) - b680aa61-21f9-4676-8a3b-ea54fb018a9f@group-8853DA950521: changes role from  FOLLOWER to FOLLOWER at term 1 for recognizeCandidate:935d82c4-fbd9-4178-900a-963e9e0866c9
2020-11-16 09:47:03,464 [grpc-default-executor-3] INFO  impl.RoleInfo (RoleInfo.java:shutdownFollowerState(121)) - b680aa61-21f9-4676-8a3b-ea54fb018a9f: shutdown FollowerState
2020-11-16 09:47:03,464 [grpc-default-executor-3] INFO  impl.RoleInfo (RoleInfo.java:updateAndGet(143)) - b680aa61-21f9-4676-8a3b-ea54fb018a9f: start FollowerState
2020-11-16 09:47:03,464 [Thread-307] INFO  impl.FollowerState (FollowerState.java:run(117)) - b680aa61-21f9-4676-8a3b-ea54fb018a9f@group-8853DA950521-FollowerState was interrupted: java.lang.InterruptedException: sleep interrupted
2020-11-16 09:47:03,464 [grpc-default-executor-3] INFO  impl.RaftServerImpl (RaftServerImpl.java:requestVote(923)) -  FOLLOWER b680aa61-21f9-4676-8a3b-ea54fb018a9f@group-8853DA950521:t1, leader=null, voted=null, raftlog=b680aa61-21f9-4676-8a3b-ea54fb018a9f@group-8853DA950521-SegmentedRaftLog:OPENED:c-1,f-1,i0, conf=-1: [935d82c4-fbd9-4178-900a-963e9e0866c9:172.17.0.2:33109:0, b680aa61-21f9-4676-8a3b-ea54fb018a9f:172.17.0.2:37729:0, d3f5be2c-c721-4f88-912e-3aa9c1a6d18a:172.17.0.2:39229:0], old=null RUNNING priority:0 candidate:935d82c4-fbd9-4178-900a-963e9e0866c9:172.17.0.2:33109:0 candidatePriority:0 compare:0
2020-11-16 09:47:03,470 [935d82c4-fbd9-4178-900a-963e9e0866c9@group-8853DA950521-LeaderElection6] INFO  impl.LeaderElection (LeaderElection.java:logAndReturn(62)) - 935d82c4-fbd9-4178-900a-963e9e0866c9@group-8853DA950521-LeaderElection6: Election PASSED; received 1 response(s) [935d82c4-fbd9-4178-900a-963e9e0866c9<-b680aa61-21f9-4676-8a3b-ea54fb018a9f#0:OK-t1] and 0 exception(s); 935d82c4-fbd9-4178-900a-963e9e0866c9@group-8853DA950521:t1, leader=null, voted=935d82c4-fbd9-4178-900a-963e9e0866c9, raftlog=935d82c4-fbd9-4178-900a-963e9e0866c9@group-8853DA950521-SegmentedRaftLog:OPENED:c-1,f-1,i0, conf=-1: [935d82c4-fbd9-4178-900a-963e9e0866c9:172.17.0.2:33109:0, b680aa61-21f9-4676-8a3b-ea54fb018a9f:172.17.0.2:37729:0, d3f5be2c-c721-4f88-912e-3aa9c1a6d18a:172.17.0.2:39229:0], old=null
2020-11-16 09:47:03,470 [935d82c4-fbd9-4178-900a-963e9e0866c9@group-8853DA950521-LeaderElection6] INFO  impl.RoleInfo (RoleInfo.java:shutdownLeaderElection(134)) - 935d82c4-fbd9-4178-900a-963e9e0866c9: shutdown LeaderElection
2020-11-16 09:47:03,470 [935d82c4-fbd9-4178-900a-963e9e0866c9@group-8853DA950521-LeaderElection6] INFO  impl.RaftServerImpl (RaftServerImpl.java:setRole(198)) - 935d82c4-fbd9-4178-900a-963e9e0866c9@group-8853DA950521: changes role from CANDIDATE to LEADER at term 1 for changeToLeader
2020-11-16 09:47:03,470 [935d82c4-fbd9-4178-900a-963e9e0866c9@group-8853DA950521-LeaderElection6] INFO  ratis.XceiverServerRatis (XceiverServerRatis.java:handleLeaderChangedNotification(854)) - Leader change notification received for group: group-8853DA950521 with new leaderId: 935d82c4-fbd9-4178-900a-963e9e0866c9
2020-11-16 09:47:03,470 [935d82c4-fbd9-4178-900a-963e9e0866c9@group-8853DA950521-LeaderElection6] INFO  impl.RaftServerImpl (ServerState.java:setLeader(256)) - 935d82c4-fbd9-4178-900a-963e9e0866c9@group-8853DA950521: change Leader from null to 935d82c4-fbd9-4178-900a-963e9e0866c9 at term 1 for becomeLeader, leader elected after 5094ms
2020-11-16 09:47:03,471 [935d82c4-fbd9-4178-900a-963e9e0866c9@group-8853DA950521-LeaderElection6] INFO  server.RaftServerConfigKeys (ConfUtils.java:logGet(44)) - raft.server.staging.catchup.gap = 1000 (default)
2020-11-16 09:47:03,471 [935d82c4-fbd9-4178-900a-963e9e0866c9@group-8853DA950521-LeaderElection6] INFO  server.RaftServerConfigKeys (ConfUtils.java:logGet(44)) - raft.server.rpc.sleep.time = 25ms (default)
2020-11-16 09:47:03,471 [935d82c4-fbd9-4178-900a-963e9e0866c9@group-8853DA950521-LeaderElection6] INFO  metrics.RatisMetrics (RatisMetrics.java:lambda$create$0(36)) - Creating Metrics Registry : ratis.log_appender.935d82c4-fbd9-4178-900a-963e9e0866c9@group-8853DA950521
2020-11-16 09:47:03,471 [935d82c4-fbd9-4178-900a-963e9e0866c9@group-8853DA950521-LeaderElection6] INFO  server.RaftServerConfigKeys (ConfUtils.java:logGet(44)) - raft.server.write.element-limit = 1024 (custom)
2020-11-16 09:47:03,471 [935d82c4-fbd9-4178-900a-963e9e0866c9@group-8853DA950521-LeaderElection6] INFO  server.RaftServerConfigKeys (ConfUtils.java:logGet(44)) - raft.server.write.byte-limit = 1073741824 (custom)
2020-11-16 09:47:03,471 [935d82c4-fbd9-4178-900a-963e9e0866c9@group-8853DA950521-LeaderElection6] INFO  server.RaftServerConfigKeys (ConfUtils.java:logGet(44)) - raft.server.watch.timeout = 180s (custom)
2020-11-16 09:47:03,471 [935d82c4-fbd9-4178-900a-963e9e0866c9@group-8853DA950521-LeaderElection6] INFO  server.RaftServerConfigKeys (ConfUtils.java:logGet(44)) - raft.server.watch.timeout.denomination = 1s (default)
2020-11-16 09:47:03,471 [935d82c4-fbd9-4178-900a-963e9e0866c9@group-8853DA950521-LeaderElection6] INFO  server.RaftServerConfigKeys (ConfUtils.java:logGet(44)) - raft.server.watch.element-limit = 65536 (default)
2020-11-16 09:47:03,471 [935d82c4-fbd9-4178-900a-963e9e0866c9@group-8853DA950521-LeaderElection6] INFO  server.RaftServerConfigKeys (ConfUtils.java:logGet(44)) - raft.server.log.appender.snapshot.chunk.size.max = 16MB (=16777216) (default)
2020-11-16 09:47:03,472 [935d82c4-fbd9-4178-900a-963e9e0866c9@group-8853DA950521-LeaderElection6] INFO  server.RaftServerConfigKeys (ConfUtils.java:logGet(44)) - raft.server.log.appender.buffer.byte-limit = 33554432 (custom)
2020-11-16 09:47:03,472 [935d82c4-fbd9-4178-900a-963e9e0866c9@group-8853DA950521-LeaderElection6] INFO  server.RaftServerConfigKeys (ConfUtils.java:logGet(44)) - raft.server.log.appender.buffer.element-limit = 1 (custom)
2020-11-16 09:47:03,472 [935d82c4-fbd9-4178-900a-963e9e0866c9@group-8853DA950521-LeaderElection6] INFO  grpc.GrpcConfigKeys (ConfUtils.java:logGet(44)) - raft.grpc.server.leader.outstanding.appends.max = 128 (default)
2020-11-16 09:47:03,472 [935d82c4-fbd9-4178-900a-963e9e0866c9@group-8853DA950521-LeaderElection6] INFO  server.RaftServerConfigKeys (ConfUtils.java:logGet(44)) - raft.server.rpc.request.timeout = 60s (custom)
2020-11-16 09:47:03,472 [935d82c4-fbd9-4178-900a-963e9e0866c9@group-8853DA950521-LeaderElection6] INFO  server.RaftServerConfigKeys (ConfUtils.java:logGet(44)) - raft.server.log.appender.install.snapshot.enabled = false (custom)
2020-11-16 09:47:03,472 [935d82c4-fbd9-4178-900a-963e9e0866c9@group-8853DA950521-LeaderElection6] INFO  metrics.RatisMetrics (RatisMetrics.java:lambda$create$0(36)) - Creating Metrics Registry : ratis_grpc.log_appender.935d82c4-fbd9-4178-900a-963e9e0866c9@group-8853DA950521
2020-11-16 09:47:03,473 [935d82c4-fbd9-4178-900a-963e9e0866c9@group-8853DA950521-LeaderElection6] INFO  server.RaftServerConfigKeys (ConfUtils.java:logGet(44)) - raft.server.log.appender.snapshot.chunk.size.max = 16MB (=16777216) (default)
2020-11-16 09:47:03,473 [935d82c4-fbd9-4178-900a-963e9e0866c9@group-8853DA950521-LeaderElection6] INFO  server.RaftServerConfigKeys (ConfUtils.java:logGet(44)) - raft.server.log.appender.buffer.byte-limit = 33554432 (custom)
2020-11-16 09:47:03,473 [935d82c4-fbd9-4178-900a-963e9e0866c9@group-8853DA950521-LeaderElection6] INFO  server.RaftServerConfigKeys (ConfUtils.java:logGet(44)) - raft.server.log.appender.buffer.element-limit = 1 (custom)
2020-11-16 09:47:03,473 [935d82c4-fbd9-4178-900a-963e9e0866c9@group-8853DA950521-LeaderElection6] INFO  grpc.GrpcConfigKeys (ConfUtils.java:logGet(44)) - raft.grpc.server.leader.outstanding.appends.max = 128 (default)
2020-11-16 09:47:03,473 [935d82c4-fbd9-4178-900a-963e9e0866c9@group-8853DA950521-LeaderElection6] INFO  server.RaftServerConfigKeys (ConfUtils.java:logGet(44)) - raft.server.rpc.request.timeout = 60s (custom)
2020-11-16 09:47:03,473 [935d82c4-fbd9-4178-900a-963e9e0866c9@group-8853DA950521-LeaderElection6] INFO  server.RaftServerConfigKeys (ConfUtils.java:logGet(44)) - raft.server.log.appender.install.snapshot.enabled = false (custom)
2020-11-16 09:47:03,474 [935d82c4-fbd9-4178-900a-963e9e0866c9@group-8853DA950521-LeaderElection6] INFO  impl.RoleInfo (RoleInfo.java:updateAndGet(143)) - 935d82c4-fbd9-4178-900a-963e9e0866c9: start LeaderState
2020-11-16 09:47:03,474 [935d82c4-fbd9-4178-900a-963e9e0866c9@group-8853DA950521-LeaderElection6] INFO  segmented.SegmentedRaftLogWorker (SegmentedRaftLogWorker.java:startLogSegment(397)) - 935d82c4-fbd9-4178-900a-963e9e0866c9@group-8853DA950521-SegmentedRaftLogWorker: Starting segment from index:0
2020-11-16 09:47:03,475 [935d82c4-fbd9-4178-900a-963e9e0866c9@group-8853DA950521-SegmentedRaftLogWorker] INFO  segmented.SegmentedRaftLogWorker (SegmentedRaftLogWorker.java:execute(596)) - 935d82c4-fbd9-4178-900a-963e9e0866c9@group-8853DA950521-SegmentedRaftLogWorker: created new log segment /github/workspace/mnt/ozone/hadoop-ozone/integration-test/target/test-dir/MiniOzoneClusterImpl-1d5c47ff-0822-4398-9acc-4b25d0bc1405/datanode-0/data/ratis/8c28a056-e454-4544-a678-8853da950521/current/log_inprogress_0
2020-11-16 09:47:03,486 [935d82c4-fbd9-4178-900a-963e9e0866c9@group-8853DA950521-LeaderElection6] INFO  impl.RaftServerImpl (ServerState.java:setRaftConf(374)) - 935d82c4-fbd9-4178-900a-963e9e0866c9@group-8853DA950521: set configuration 0: [935d82c4-fbd9-4178-900a-963e9e0866c9:172.17.0.2:33109:0, b680aa61-21f9-4676-8a3b-ea54fb018a9f:172.17.0.2:37729:0, d3f5be2c-c721-4f88-912e-3aa9c1a6d18a:172.17.0.2:39229:0], old=null at 0
2020-11-16 09:47:03,486 [EventQueue-PipelineReportForPipelineReportHandler] INFO  pipeline.PipelineStateManager (PipelineStateManager.java:openPipeline(132)) - Pipeline Pipeline[ Id: 8c28a056-e454-4544-a678-8853da950521, Nodes: d3f5be2c-c721-4f88-912e-3aa9c1a6d18a{ip: 172.17.0.2, host: 92f718008898, networkLocation: /default-rack, certSerialId: null}935d82c4-fbd9-4178-900a-963e9e0866c9{ip: 172.17.0.2, host: 92f718008898, networkLocation: /default-rack, certSerialId: null}b680aa61-21f9-4676-8a3b-ea54fb018a9f{ip: 172.17.0.2, host: 92f718008898, networkLocation: /default-rack, certSerialId: null}, Type:RATIS, Factor:THREE, State:ALLOCATED, leaderId:935d82c4-fbd9-4178-900a-963e9e0866c9, CreationTimestamp2020-11-16T09:46:56.030Z] moved to OPEN state
2020-11-16 09:47:03,487 [EventQueue-OpenPipelineForHealthyPipelineSafeModeRule] INFO  safemode.SCMSafeModeManager (HealthyPipelineSafeModeRule.java:process(129)) - SCM in safe mode. Healthy pipelines reported count is 1, required healthy pipeline reported count is 1
2020-11-16 09:47:03,487 [EventQueue-OpenPipelineForHealthyPipelineSafeModeRule] INFO  safemode.SCMSafeModeManager (SCMSafeModeManager.java:validateSafeModeExitRules(214)) - HealthyPipelineSafeModeRule rule is successfully validated
2020-11-16 09:47:03,487 [EventQueue-OpenPipelineForHealthyPipelineSafeModeRule] INFO  safemode.SCMSafeModeManager (SCMSafeModeManager.java:validateSafeModeExitRules(228)) - ScmSafeModeManager, all rules are successfully validated
2020-11-16 09:47:03,487 [EventQueue-OpenPipelineForHealthyPipelineSafeModeRule] INFO  safemode.SCMSafeModeManager (SCMSafeModeManager.java:exitSafeMode(257)) - SCM exiting safe mode.
2020-11-16 09:47:03,489 [grpc-default-executor-3] INFO  impl.RaftServerImpl (RaftServerImpl.java:setRole(198)) - d3f5be2c-c721-4f88-912e-3aa9c1a6d18a@group-8853DA950521: changes role from  FOLLOWER to FOLLOWER at term 1 for recognizeCandidate:935d82c4-fbd9-4178-900a-963e9e0866c9
2020-11-16 09:47:03,496 [grpc-default-executor-3] INFO  impl.RoleInfo (RoleInfo.java:shutdownFollowerState(121)) - d3f5be2c-c721-4f88-912e-3aa9c1a6d18a: shutdown FollowerState
2020-11-16 09:47:03,496 [grpc-default-executor-3] INFO  impl.RoleInfo (RoleInfo.java:updateAndGet(143)) - d3f5be2c-c721-4f88-912e-3aa9c1a6d18a: start FollowerState
2020-11-16 09:47:03,496 [Thread-304] INFO  impl.FollowerState (FollowerState.java:run(117)) - d3f5be2c-c721-4f88-912e-3aa9c1a6d18a@group-8853DA950521-FollowerState was interrupted: java.lang.InterruptedException: sleep interrupted
2020-11-16 09:47:03,496 [grpc-default-executor-1] INFO  ratis.XceiverServerRatis (XceiverServerRatis.java:handleLeaderChangedNotification(854)) - Leader change notification received for group: group-8853DA950521 with new leaderId: 935d82c4-fbd9-4178-900a-963e9e0866c9
2020-11-16 09:47:03,496 [grpc-default-executor-1] INFO  impl.RaftServerImpl (ServerState.java:setLeader(256)) - b680aa61-21f9-4676-8a3b-ea54fb018a9f@group-8853DA950521: change Leader from null to 935d82c4-fbd9-4178-900a-963e9e0866c9 at term 1 for appendEntries, leader elected after 4988ms
2020-11-16 09:47:03,500 [grpc-default-executor-3] INFO  impl.RaftServerImpl (RaftServerImpl.java:requestVote(923)) -  FOLLOWER d3f5be2c-c721-4f88-912e-3aa9c1a6d18a@group-8853DA950521:t1, leader=null, voted=null, raftlog=d3f5be2c-c721-4f88-912e-3aa9c1a6d18a@group-8853DA950521-SegmentedRaftLog:OPENED:c-1,f-1,i0, conf=-1: [935d82c4-fbd9-4178-900a-963e9e0866c9:172.17.0.2:33109:0, b680aa61-21f9-4676-8a3b-ea54fb018a9f:172.17.0.2:37729:0, d3f5be2c-c721-4f88-912e-3aa9c1a6d18a:172.17.0.2:39229:0], old=null RUNNING priority:0 candidate:935d82c4-fbd9-4178-900a-963e9e0866c9:172.17.0.2:33109:0 candidatePriority:0 compare:0
2020-11-16 09:47:03,500 [grpc-default-executor-1] INFO  impl.RaftServerImpl (ServerState.java:setRaftConf(374)) - b680aa61-21f9-4676-8a3b-ea54fb018a9f@group-8853DA950521: set configuration 0: [935d82c4-fbd9-4178-900a-963e9e0866c9:172.17.0.2:33109:0, b680aa61-21f9-4676-8a3b-ea54fb018a9f:172.17.0.2:37729:0, d3f5be2c-c721-4f88-912e-3aa9c1a6d18a:172.17.0.2:39229:0], old=null at 0
2020-11-16 09:47:03,501 [grpc-default-executor-1] INFO  segmented.SegmentedRaftLogWorker (SegmentedRaftLogWorker.java:startLogSegment(397)) - b680aa61-21f9-4676-8a3b-ea54fb018a9f@group-8853DA950521-SegmentedRaftLogWorker: Starting segment from index:0
2020-11-16 09:47:03,502 [b680aa61-21f9-4676-8a3b-ea54fb018a9f@group-8853DA950521-SegmentedRaftLogWorker] INFO  segmented.SegmentedRaftLogWorker (SegmentedRaftLogWorker.java:execute(596)) - b680aa61-21f9-4676-8a3b-ea54fb018a9f@group-8853DA950521-SegmentedRaftLogWorker: created new log segment /github/workspace/mnt/ozone/hadoop-ozone/integration-test/target/test-dir/MiniOzoneClusterImpl-1d5c47ff-0822-4398-9acc-4b25d0bc1405/datanode-1/data/ratis/8c28a056-e454-4544-a678-8853da950521/current/log_inprogress_0
2020-11-16 09:47:03,508 [grpc-default-executor-0] INFO  ratis.XceiverServerRatis (XceiverServerRatis.java:handleLeaderChangedNotification(854)) - Leader change notification received for group: group-8853DA950521 with new leaderId: 935d82c4-fbd9-4178-900a-963e9e0866c9
2020-11-16 09:47:03,508 [grpc-default-executor-0] INFO  impl.RaftServerImpl (ServerState.java:setLeader(256)) - d3f5be2c-c721-4f88-912e-3aa9c1a6d18a@group-8853DA950521: change Leader from null to 935d82c4-fbd9-4178-900a-963e9e0866c9 at term 1 for appendEntries, leader elected after 5067ms
2020-11-16 09:47:03,509 [grpc-default-executor-0] INFO  impl.RaftServerImpl (ServerState.java:setRaftConf(374)) - d3f5be2c-c721-4f88-912e-3aa9c1a6d18a@group-8853DA950521: set configuration 0: [935d82c4-fbd9-4178-900a-963e9e0866c9:172.17.0.2:33109:0, b680aa61-21f9-4676-8a3b-ea54fb018a9f:172.17.0.2:37729:0, d3f5be2c-c721-4f88-912e-3aa9c1a6d18a:172.17.0.2:39229:0], old=null at 0
2020-11-16 09:47:03,510 [grpc-default-executor-0] INFO  segmented.SegmentedRaftLogWorker (SegmentedRaftLogWorker.java:startLogSegment(397)) - d3f5be2c-c721-4f88-912e-3aa9c1a6d18a@group-8853DA950521-SegmentedRaftLogWorker: Starting segment from index:0
2020-11-16 09:47:03,511 [d3f5be2c-c721-4f88-912e-3aa9c1a6d18a@group-8853DA950521-SegmentedRaftLogWorker] INFO  segmented.SegmentedRaftLogWorker (SegmentedRaftLogWorker.java:execute(596)) - d3f5be2c-c721-4f88-912e-3aa9c1a6d18a@group-8853DA950521-SegmentedRaftLogWorker: created new log segment /github/workspace/mnt/ozone/hadoop-ozone/integration-test/target/test-dir/MiniOzoneClusterImpl-1d5c47ff-0822-4398-9acc-4b25d0bc1405/datanode-2/data/ratis/8c28a056-e454-4544-a678-8853da950521/current/log_inprogress_0
2020-11-16 09:47:03,867 [Thread-313] INFO  impl.FollowerState (FollowerState.java:run(108)) - b680aa61-21f9-4676-8a3b-ea54fb018a9f@group-E8B0729F61F7-FollowerState: change to CANDIDATE, lastRpcTime:5050ms, electionTimeout:5049ms
2020-11-16 09:47:03,867 [Thread-313] INFO  impl.RoleInfo (RoleInfo.java:shutdownFollowerState(121)) - b680aa61-21f9-4676-8a3b-ea54fb018a9f: shutdown FollowerState
2020-11-16 09:47:03,868 [Thread-313] INFO  impl.RaftServerImpl (RaftServerImpl.java:setRole(198)) - b680aa61-21f9-4676-8a3b-ea54fb018a9f@group-E8B0729F61F7: changes role from  FOLLOWER to CANDIDATE at term 0 for changeToCandidate
2020-11-16 09:47:03,868 [Thread-313] INFO  impl.RoleInfo (RoleInfo.java:updateAndGet(143)) - b680aa61-21f9-4676-8a3b-ea54fb018a9f: start LeaderElection
2020-11-16 09:47:03,872 [b680aa61-21f9-4676-8a3b-ea54fb018a9f@group-E8B0729F61F7-LeaderElection7] INFO  impl.LeaderElection (LeaderElection.java:askForVotes(210)) - b680aa61-21f9-4676-8a3b-ea54fb018a9f@group-E8B0729F61F7-LeaderElection7: begin an election at term 1 for -1: [b680aa61-21f9-4676-8a3b-ea54fb018a9f:172.17.0.2:37729:0], old=null
2020-11-16 09:47:03,872 [b680aa61-21f9-4676-8a3b-ea54fb018a9f@group-E8B0729F61F7-LeaderElection7] INFO  impl.RoleInfo (RoleInfo.java:shutdownLeaderElection(134)) - b680aa61-21f9-4676-8a3b-ea54fb018a9f: shutdown LeaderElection
2020-11-16 09:47:03,872 [b680aa61-21f9-4676-8a3b-ea54fb018a9f@group-E8B0729F61F7-LeaderElection7] INFO  impl.RaftServerImpl (RaftServerImpl.java:setRole(198)) - b680aa61-21f9-4676-8a3b-ea54fb018a9f@group-E8B0729F61F7: changes role from CANDIDATE to LEADER at term 1 for changeToLeader
2020-11-16 09:47:03,872 [b680aa61-21f9-4676-8a3b-ea54fb018a9f@group-E8B0729F61F7-LeaderElection7] INFO  ratis.XceiverServerRatis (XceiverServerRatis.java:handleLeaderChangedNotification(854)) - Leader change notification received for group: group-E8B0729F61F7 with new leaderId: b680aa61-21f9-4676-8a3b-ea54fb018a9f
2020-11-16 09:47:03,872 [b680aa61-21f9-4676-8a3b-ea54fb018a9f@group-E8B0729F61F7-LeaderElection7] INFO  impl.RaftServerImpl (ServerState.java:setLeader(256)) - b680aa61-21f9-4676-8a3b-ea54fb018a9f@group-E8B0729F61F7: change Leader from null to b680aa61-21f9-4676-8a3b-ea54fb018a9f at term 1 for becomeLeader, leader elected after 5069ms
2020-11-16 09:47:03,874 [b680aa61-21f9-4676-8a3b-ea54fb018a9f@group-E8B0729F61F7-LeaderElection7] INFO  server.RaftServerConfigKeys (ConfUtils.java:logGet(44)) - raft.server.staging.catchup.gap = 1000 (default)
2020-11-16 09:47:03,876 [b680aa61-21f9-4676-8a3b-ea54fb018a9f@group-E8B0729F61F7-LeaderElection7] INFO  server.RaftServerConfigKeys (ConfUtils.java:logGet(44)) - raft.server.rpc.sleep.time = 25ms (default)
2020-11-16 09:47:03,876 [b680aa61-21f9-4676-8a3b-ea54fb018a9f@group-E8B0729F61F7-LeaderElection7] INFO  metrics.RatisMetrics (RatisMetrics.java:lambda$create$0(36)) - Creating Metrics Registry : ratis.log_appender.b680aa61-21f9-4676-8a3b-ea54fb018a9f@group-E8B0729F61F7
2020-11-16 09:47:03,876 [b680aa61-21f9-4676-8a3b-ea54fb018a9f@group-E8B0729F61F7-LeaderElection7] INFO  server.RaftServerConfigKeys (ConfUtils.java:logGet(44)) - raft.server.write.element-limit = 1024 (custom)
2020-11-16 09:47:03,876 [b680aa61-21f9-4676-8a3b-ea54fb018a9f@group-E8B0729F61F7-LeaderElection7] INFO  server.RaftServerConfigKeys (ConfUtils.java:logGet(44)) - raft.server.write.byte-limit = 1073741824 (custom)
2020-11-16 09:47:03,877 [b680aa61-21f9-4676-8a3b-ea54fb018a9f@group-E8B0729F61F7-LeaderElection7] INFO  server.RaftServerConfigKeys (ConfUtils.java:logGet(44)) - raft.server.watch.timeout = 180s (custom)
2020-11-16 09:47:03,877 [b680aa61-21f9-4676-8a3b-ea54fb018a9f@group-E8B0729F61F7-LeaderElection7] INFO  server.RaftServerConfigKeys (ConfUtils.java:logGet(44)) - raft.server.watch.timeout.denomination = 1s (default)
2020-11-16 09:47:03,877 [b680aa61-21f9-4676-8a3b-ea54fb018a9f@group-E8B0729F61F7-LeaderElection7] INFO  server.RaftServerConfigKeys (ConfUtils.java:logGet(44)) - raft.server.watch.element-limit = 65536 (default)
2020-11-16 09:47:03,877 [b680aa61-21f9-4676-8a3b-ea54fb018a9f@group-E8B0729F61F7-LeaderElection7] INFO  impl.RoleInfo (RoleInfo.java:updateAndGet(143)) - b680aa61-21f9-4676-8a3b-ea54fb018a9f: start LeaderState
2020-11-16 09:47:03,878 [b680aa61-21f9-4676-8a3b-ea54fb018a9f@group-E8B0729F61F7-LeaderElection7] INFO  segmented.SegmentedRaftLogWorker (SegmentedRaftLogWorker.java:startLogSegment(397)) - b680aa61-21f9-4676-8a3b-ea54fb018a9f@group-E8B0729F61F7-SegmentedRaftLogWorker: Starting segment from index:0
2020-11-16 09:47:03,880 [b680aa61-21f9-4676-8a3b-ea54fb018a9f@group-E8B0729F61F7-SegmentedRaftLogWorker] INFO  segmented.SegmentedRaftLogWorker (SegmentedRaftLogWorker.java:execute(596)) - b680aa61-21f9-4676-8a3b-ea54fb018a9f@group-E8B0729F61F7-SegmentedRaftLogWorker: created new log segment /github/workspace/mnt/ozone/hadoop-ozone/integration-test/target/test-dir/MiniOzoneClusterImpl-1d5c47ff-0822-4398-9acc-4b25d0bc1405/datanode-1/data/ratis/0444acf2-5527-40d2-88f7-e8b0729f61f7/current/log_inprogress_0
2020-11-16 09:47:03,885 [b680aa61-21f9-4676-8a3b-ea54fb018a9f@group-E8B0729F61F7-LeaderElection7] INFO  impl.RaftServerImpl (ServerState.java:setRaftConf(374)) - b680aa61-21f9-4676-8a3b-ea54fb018a9f@group-E8B0729F61F7: set configuration 0: [b680aa61-21f9-4676-8a3b-ea54fb018a9f:172.17.0.2:37729:0], old=null at 0
2020-11-16 09:47:04,027 [Listener at 127.0.0.1/12104] INFO  ozone.MiniOzoneClusterImpl (MiniOzoneClusterImpl.java:lambda$waitForClusterToBeReady$0(178)) - Nodes are ready. Got 3 of 3 DN Heartbeats.
2020-11-16 09:47:04,027 [Listener at 127.0.0.1/12104] INFO  ozone.MiniOzoneClusterImpl (MiniOzoneClusterImpl.java:lambda$waitForClusterToBeReady$0(181)) - Cluster exits safe mode
2020-11-16 09:47:04,218 [Thread-315] INFO  impl.FollowerState (FollowerState.java:run(108)) - d3f5be2c-c721-4f88-912e-3aa9c1a6d18a@group-D8025C4BA272-FollowerState: change to CANDIDATE, lastRpcTime:5181ms, electionTimeout:5181ms
2020-11-16 09:47:04,219 [Thread-315] INFO  impl.RoleInfo (RoleInfo.java:shutdownFollowerState(121)) - d3f5be2c-c721-4f88-912e-3aa9c1a6d18a: shutdown FollowerState
2020-11-16 09:47:04,219 [Thread-315] INFO  impl.RaftServerImpl (RaftServerImpl.java:setRole(198)) - d3f5be2c-c721-4f88-912e-3aa9c1a6d18a@group-D8025C4BA272: changes role from  FOLLOWER to CANDIDATE at term 0 for changeToCandidate
2020-11-16 09:47:04,219 [Thread-315] INFO  impl.RoleInfo (RoleInfo.java:updateAndGet(143)) - d3f5be2c-c721-4f88-912e-3aa9c1a6d18a: start LeaderElection
2020-11-16 09:47:04,236 [d3f5be2c-c721-4f88-912e-3aa9c1a6d18a@group-D8025C4BA272-LeaderElection8] INFO  impl.LeaderElection (LeaderElection.java:askForVotes(210)) - d3f5be2c-c721-4f88-912e-3aa9c1a6d18a@group-D8025C4BA272-LeaderElection8: begin an election at term 1 for -1: [d3f5be2c-c721-4f88-912e-3aa9c1a6d18a:172.17.0.2:39229:0], old=null
2020-11-16 09:47:04,236 [d3f5be2c-c721-4f88-912e-3aa9c1a6d18a@group-D8025C4BA272-LeaderElection8] INFO  impl.RoleInfo (RoleInfo.java:shutdownLeaderElection(134)) - d3f5be2c-c721-4f88-912e-3aa9c1a6d18a: shutdown LeaderElection
2020-11-16 09:47:04,237 [d3f5be2c-c721-4f88-912e-3aa9c1a6d18a@group-D8025C4BA272-LeaderElection8] INFO  impl.RaftServerImpl (RaftServerImpl.java:setRole(198)) - d3f5be2c-c721-4f88-912e-3aa9c1a6d18a@group-D8025C4BA272: changes role from CANDIDATE to LEADER at term 1 for changeToLeader
2020-11-16 09:47:04,237 [d3f5be2c-c721-4f88-912e-3aa9c1a6d18a@group-D8025C4BA272-LeaderElection8] INFO  ratis.XceiverServerRatis (XceiverServerRatis.java:handleLeaderChangedNotification(854)) - Leader change notification received for group: group-D8025C4BA272 with new leaderId: d3f5be2c-c721-4f88-912e-3aa9c1a6d18a
2020-11-16 09:47:04,239 [d3f5be2c-c721-4f88-912e-3aa9c1a6d18a@group-D8025C4BA272-LeaderElection8] INFO  impl.RaftServerImpl (ServerState.java:setLeader(256)) - d3f5be2c-c721-4f88-912e-3aa9c1a6d18a@group-D8025C4BA272: change Leader from null to d3f5be2c-c721-4f88-912e-3aa9c1a6d18a at term 1 for becomeLeader, leader elected after 5208ms
2020-11-16 09:47:04,239 [d3f5be2c-c721-4f88-912e-3aa9c1a6d18a@group-D8025C4BA272-LeaderElection8] INFO  server.RaftServerConfigKeys (ConfUtils.java:logGet(44)) - raft.server.staging.catchup.gap = 1000 (default)
2020-11-16 09:47:04,239 [d3f5be2c-c721-4f88-912e-3aa9c1a6d18a@group-D8025C4BA272-LeaderElection8] INFO  server.RaftServerConfigKeys (ConfUtils.java:logGet(44)) - raft.server.rpc.sleep.time = 25ms (default)
2020-11-16 09:47:04,239 [d3f5be2c-c721-4f88-912e-3aa9c1a6d18a@group-D8025C4BA272-LeaderElection8] INFO  metrics.RatisMetrics (RatisMetrics.java:lambda$create$0(36)) - Creating Metrics Registry : ratis.log_appender.d3f5be2c-c721-4f88-912e-3aa9c1a6d18a@group-D8025C4BA272
2020-11-16 09:47:04,239 [d3f5be2c-c721-4f88-912e-3aa9c1a6d18a@group-D8025C4BA272-LeaderElection8] INFO  server.RaftServerConfigKeys (ConfUtils.java:logGet(44)) - raft.server.write.element-limit = 1024 (custom)
2020-11-16 09:47:04,239 [d3f5be2c-c721-4f88-912e-3aa9c1a6d18a@group-D8025C4BA272-LeaderElection8] INFO  server.RaftServerConfigKeys (ConfUtils.java:logGet(44)) - raft.server.write.byte-limit = 1073741824 (custom)
2020-11-16 09:47:04,240 [d3f5be2c-c721-4f88-912e-3aa9c1a6d18a@group-D8025C4BA272-LeaderElection8] INFO  server.RaftServerConfigKeys (ConfUtils.java:logGet(44)) - raft.server.watch.timeout = 180s (custom)
2020-11-16 09:47:04,240 [d3f5be2c-c721-4f88-912e-3aa9c1a6d18a@group-D8025C4BA272-LeaderElection8] INFO  server.RaftServerConfigKeys (ConfUtils.java:logGet(44)) - raft.server.watch.timeout.denomination = 1s (default)
2020-11-16 09:47:04,240 [d3f5be2c-c721-4f88-912e-3aa9c1a6d18a@group-D8025C4BA272-LeaderElection8] INFO  server.RaftServerConfigKeys (ConfUtils.java:logGet(44)) - raft.server.watch.element-limit = 65536 (default)
2020-11-16 09:47:04,240 [d3f5be2c-c721-4f88-912e-3aa9c1a6d18a@group-D8025C4BA272-LeaderElection8] INFO  impl.RoleInfo (RoleInfo.java:updateAndGet(143)) - d3f5be2c-c721-4f88-912e-3aa9c1a6d18a: start LeaderState
2020-11-16 09:47:04,240 [d3f5be2c-c721-4f88-912e-3aa9c1a6d18a@group-D8025C4BA272-LeaderElection8] INFO  segmented.SegmentedRaftLogWorker (SegmentedRaftLogWorker.java:startLogSegment(397)) - d3f5be2c-c721-4f88-912e-3aa9c1a6d18a@group-D8025C4BA272-SegmentedRaftLogWorker: Starting segment from index:0
2020-11-16 09:47:04,241 [d3f5be2c-c721-4f88-912e-3aa9c1a6d18a@group-D8025C4BA272-LeaderElection8] INFO  impl.RaftServerImpl (ServerState.java:setRaftConf(374)) - d3f5be2c-c721-4f88-912e-3aa9c1a6d18a@group-D8025C4BA272: set configuration 0: [d3f5be2c-c721-4f88-912e-3aa9c1a6d18a:172.17.0.2:39229:0], old=null at 0
2020-11-16 09:47:04,250 [d3f5be2c-c721-4f88-912e-3aa9c1a6d18a@group-D8025C4BA272-SegmentedRaftLogWorker] INFO  segmented.SegmentedRaftLogWorker (SegmentedRaftLogWorker.java:execute(596)) - d3f5be2c-c721-4f88-912e-3aa9c1a6d18a@group-D8025C4BA272-SegmentedRaftLogWorker: created new log segment /github/workspace/mnt/ozone/hadoop-ozone/integration-test/target/test-dir/MiniOzoneClusterImpl-1d5c47ff-0822-4398-9acc-4b25d0bc1405/datanode-2/data/ratis/6e801dc2-4fab-4c43-b53d-d8025c4ba272/current/log_inprogress_0
2020-11-16 09:47:04,514 [Listener at 127.0.0.1/12104] INFO  rpc.RpcClient (RpcClient.java:createVolume(272)) - Creating Volume: 4fa12bab-5ba3-466d-97e1-bc49c5d11da0, with jenkins1001 as owner.
2020-11-16 09:47:04,653 [OM StateMachine ApplyTransaction Thread - 0] INFO  volume.OMVolumeCreateRequest (OMVolumeCreateRequest.java:validateAndUpdateCache(196)) - created volume:4fa12bab-5ba3-466d-97e1-bc49c5d11da0 for user:jenkins1001
2020-11-16 09:47:04,654 [OM StateMachine ApplyTransaction Thread - 0] INFO  volume.OMVolumeCreateRequest (OMVolumeCreateRequest.java:validateAndUpdateCache(196)) - created volume:4fa12bab-5ba3-466d-97e1-bc49c5d11da0 for user:jenkins1001
2020-11-16 09:47:04,653 [OM StateMachine ApplyTransaction Thread - 0] INFO  volume.OMVolumeCreateRequest (OMVolumeCreateRequest.java:validateAndUpdateCache(196)) - created volume:4fa12bab-5ba3-466d-97e1-bc49c5d11da0 for user:jenkins1001
2020-11-16 09:47:04,675 [OM StateMachine ApplyTransaction Thread - 0] INFO  volume.OMVolumeCreateRequest (OMVolumeCreateRequest.java:validateAndUpdateCache(196)) - created volume:9eead745-6754-4de8-af92-54d18aff2a7b for user:jenkins1001
2020-11-16 09:47:04,677 [OM StateMachine ApplyTransaction Thread - 0] INFO  volume.OMVolumeCreateRequest (OMVolumeCreateRequest.java:validateAndUpdateCache(196)) - created volume:9eead745-6754-4de8-af92-54d18aff2a7b for user:jenkins1001
2020-11-16 09:47:04,680 [Listener at 127.0.0.1/12104] INFO  ozone.MiniOzoneClusterImpl (MiniOzoneClusterImpl.java:shutdown(388)) - Shutting down the Mini Ozone Cluster
2020-11-16 09:47:04,680 [Listener at 127.0.0.1/12104] INFO  ozone.MiniOzoneHAClusterImpl (MiniOzoneHAClusterImpl.java:stop(230)) - Stopping the OzoneManager omNode-3
2020-11-16 09:47:04,680 [Listener at 127.0.0.1/12104] INFO  ipc.Server (Server.java:stop(3359)) - Stopping server on 12104
2020-11-16 09:47:04,684 [OM StateMachine ApplyTransaction Thread - 0] INFO  volume.OMVolumeCreateRequest (OMVolumeCreateRequest.java:validateAndUpdateCache(196)) - created volume:9eead745-6754-4de8-af92-54d18aff2a7b for user:jenkins1001
2020-11-16 09:47:04,687 [IPC Server Responder] INFO  ipc.Server (Server.java:run(1465)) - Stopping IPC Server Responder
2020-11-16 09:47:04,687 [IPC Server listener on 12104] INFO  ipc.Server (Server.java:run(1330)) - Stopping IPC Server listener on 12104
2020-11-16 09:47:04,687 [Listener at 127.0.0.1/12104] INFO  impl.RaftServerProxy (RaftServerProxy.java:lambda$close$4(322)) - omNode-3: close
2020-11-16 09:47:04,689 [Listener at 127.0.0.1/12104] INFO  impl.RaftServerImpl (RaftServerImpl.java:lambda$shutdown$3(321)) - omNode-3@group-523986131536: shutdown
2020-11-16 09:47:04,689 [Listener at 127.0.0.1/12104] INFO  util.JmxRegister (JmxRegister.java:unregister(73)) - Successfully un-registered JMX Bean with object name Ratis:service=RaftServer,group=group-523986131536,id=omNode-3
2020-11-16 09:47:04,689 [Listener at 127.0.0.1/12104] INFO  impl.RoleInfo (RoleInfo.java:shutdownFollowerState(121)) - omNode-3: shutdown FollowerState
2020-11-16 09:47:04,689 [Thread-257] INFO  impl.FollowerState (FollowerState.java:run(117)) - omNode-3@group-523986131536-FollowerState was interrupted: java.lang.InterruptedException: sleep interrupted
2020-11-16 09:47:04,689 [Listener at 127.0.0.1/12104] INFO  impl.StateMachineUpdater (StateMachineUpdater.java:stopAndJoin(142)) - omNode-3@group-523986131536-StateMachineUpdater: set stopIndex = 3
2020-11-16 09:47:04,690 [omNode-3@group-523986131536-StateMachineUpdater] INFO  ratis.OzoneManagerStateMachine (OzoneManagerStateMachine.java:takeSnapshot(345)) - Current Snapshot Index (t:2, i:3)
2020-11-16 09:47:04,691 [omNode-3@group-523986131536-StateMachineUpdater] INFO  impl.StateMachineUpdater (StateMachineUpdater.java:takeSnapshot(277)) - omNode-3@group-523986131536-StateMachineUpdater: Took a snapshot at index 3
2020-11-16 09:47:04,691 [omNode-3@group-523986131536-StateMachineUpdater] INFO  impl.StateMachineUpdater (StateMachineUpdater.java:lambda$new$0(87)) - omNode-3@group-523986131536-StateMachineUpdater: snapshotIndex: updateIncreasingly -1 -> 3
2020-11-16 09:47:04,691 [omNode-3@group-523986131536-StateMachineUpdater] INFO  metrics.RatisMetrics (RatisMetrics.java:unregister(43)) - Unregistering Metrics Registry : ratis.state_machine.omNode-3@group-523986131536
2020-11-16 09:47:04,692 [Listener at 127.0.0.1/12104] INFO  impl.RaftServerImpl (ServerState.java:close(405)) - omNode-3@group-523986131536: closes. applyIndex: 3
2020-11-16 09:47:04,693 [omNode-3@group-523986131536-SegmentedRaftLogWorker] INFO  segmented.SegmentedRaftLogWorker (SegmentedRaftLogWorker.java:run(327)) - omNode-3@group-523986131536-SegmentedRaftLogWorker was interrupted, exiting. There are 0 tasks remaining in the queue.
2020-11-16 09:47:04,694 [Listener at 127.0.0.1/12104] INFO  segmented.SegmentedRaftLogWorker (SegmentedRaftLogWorker.java:close(234)) - omNode-3@group-523986131536-SegmentedRaftLogWorker close()
2020-11-16 09:47:04,695 [Listener at 127.0.0.1/12104] INFO  metrics.RatisMetrics (RatisMetrics.java:unregister(43)) - Unregistering Metrics Registry : ratis.log_worker.omNode-3@group-523986131536
2020-11-16 09:47:04,695 [Listener at 127.0.0.1/12104] INFO  metrics.RatisMetrics (RatisMetrics.java:unregister(43)) - Unregistering Metrics Registry : ratis.leader_election.omNode-3@group-523986131536
2020-11-16 09:47:04,695 [Listener at 127.0.0.1/12104] INFO  metrics.RatisMetrics (RatisMetrics.java:unregister(43)) - Unregistering Metrics Registry : ratis.server.omNode-3@group-523986131536
2020-11-16 09:47:04,696 [Listener at 127.0.0.1/12104] INFO  server.GrpcService (GrpcService.java:closeImpl(183)) - omNode-3: shutdown server with port 12108 now
2020-11-16 09:47:04,704 [grpc-default-executor-3] WARN  server.GrpcServerProtocolService (LogUtils.java:warn(122)) - omNode-3: installSnapshot onError, lastRequest: omNode-1->omNode-3#85-t2, previous=(t:2, i:3), leaderCommit=3, initializing? false, entries: size=1, first=(t:2, i:4), METADATAENTRY(c:3): org.apache.ratis.thirdparty.io.grpc.StatusRuntimeException: CANCELLED: cancelled before receiving half close
2020-11-16 09:47:04,706 [grpc-default-executor-3] WARN  server.GrpcLogAppender (LogUtils.java:warn(122)) - omNode-1@group-523986131536->omNode-3-AppendLogResponseHandler: Failed appendEntries: org.apache.ratis.thirdparty.io.grpc.StatusRuntimeException: CANCELLED: HTTP/2 error code: CANCEL
Received Rst Stream
2020-11-16 09:47:04,708 [grpc-default-executor-3] INFO  impl.FollowerInfo (FollowerInfo.java:lambda$new$0(51)) - omNode-1@group-523986131536->omNode-3: nextIndex: updateUnconditionally 5 -> 4
2020-11-16 09:47:04,710 [Listener at 127.0.0.1/12104] INFO  server.GrpcService (GrpcService.java:closeImpl(191)) - omNode-3: shutdown server with port 12108 successfully
2020-11-16 09:47:04,710 [Listener at 127.0.0.1/12104] INFO  ratis.OzoneManagerDoubleBuffer (OzoneManagerDoubleBuffer.java:stop(457)) - Stopping OMDoubleBuffer flush thread
2020-11-16 09:47:04,710 [OMDoubleBufferFlushThread] INFO  ratis.OzoneManagerDoubleBuffer (OzoneManagerDoubleBuffer.java:flushTransactions(356)) - OMDoubleBuffer flush thread OMDoubleBufferFlushThread is interrupted and will exit. OMDoubleBufferFlushThread
2020-11-16 09:47:04,710 [Listener at 127.0.0.1/12104] INFO  ratis.OzoneManagerStateMachine (HadoopExecutors.java:shutdown(118)) - Gracefully shutting down executor service. Waiting max 5 SECONDS
2020-11-16 09:47:04,711 [Listener at 127.0.0.1/12104] INFO  ratis.OzoneManagerStateMachine (HadoopExecutors.java:shutdown(129)) - Succesfully shutdown executor service
2020-11-16 09:47:04,711 [Listener at 127.0.0.1/12104] INFO  ratis.OzoneManagerStateMachine (HadoopExecutors.java:shutdown(118)) - Gracefully shutting down executor service. Waiting max 5 SECONDS
2020-11-16 09:47:04,711 [Listener at 127.0.0.1/12104] INFO  ratis.OzoneManagerStateMachine (HadoopExecutors.java:shutdown(129)) - Succesfully shutdown executor service
2020-11-16 09:47:04,711 [Listener at 127.0.0.1/12104] INFO  utils.BackgroundService (BackgroundService.java:shutdown(132)) - Shutting down service KeyDeletingService
2020-11-16 09:47:04,713 [Listener at 127.0.0.1/12104] INFO  handler.ContextHandler (ContextHandler.java:doStop(1154)) - Stopped o.e.j.w.WebAppContext@399e0135{ozoneManager,/,null,STOPPED}{file:/github/workspace/mnt/ozone/hadoop-ozone/integration-test/target/test-classes/webapps/ozoneManager}
2020-11-16 09:47:04,717 [Listener at 127.0.0.1/12104] INFO  server.AbstractConnector (AbstractConnector.java:doStop(381)) - Stopped ServerConnector@27fcacfc{HTTP/1.1, (http/1.1)}{0.0.0.0:12106}
2020-11-16 09:47:04,717 [Listener at 127.0.0.1/12104] INFO  server.session (HouseKeeper.java:stopScavenging(149)) - node0 Stopped scavenging
2020-11-16 09:47:04,717 [Listener at 127.0.0.1/12104] INFO  handler.ContextHandler (ContextHandler.java:doStop(1154)) - Stopped o.e.j.s.ServletContextHandler@172879b3{static,/static,file:///github/workspace/mnt/ozone/hadoop-ozone/integration-test/target/test-classes/webapps/static,STOPPED}
2020-11-16 09:47:04,717 [Listener at 127.0.0.1/12104] INFO  handler.ContextHandler (ContextHandler.java:doStop(1154)) - Stopped o.e.j.s.ServletContextHandler@7680e20e{logs,/logs,file:///github/workspace/mnt/ozone/hadoop-ozone/integration-test/target/log,STOPPED}
2020-11-16 09:47:04,721 [Listener at 127.0.0.1/12104] INFO  ozone.MiniOzoneHAClusterImpl (MiniOzoneHAClusterImpl.java:stop(230)) - Stopping the OzoneManager omNode-1
2020-11-16 09:47:04,721 [Listener at 127.0.0.1/12104] INFO  ipc.Server (Server.java:stop(3359)) - Stopping server on 12092
2020-11-16 09:47:04,723 [grpc-default-executor-0] WARN  server.GrpcLogAppender (LogUtils.java:warn(122)) - omNode-1@group-523986131536->omNode-3-AppendLogResponseHandler: Failed appendEntries: org.apache.ratis.thirdparty.io.grpc.StatusRuntimeException: UNAVAILABLE: io exception
2020-11-16 09:47:04,724 [grpc-default-executor-0] INFO  impl.FollowerInfo (FollowerInfo.java:lambda$new$0(51)) - omNode-1@group-523986131536->omNode-3: nextIndex: updateUnconditionally 5 -> 4
2020-11-16 09:47:04,728 [IPC Server listener on 12092] INFO  ipc.Server (Server.java:run(1330)) - Stopping IPC Server listener on 12092
2020-11-16 09:47:04,739 [IPC Server Responder] INFO  ipc.Server (Server.java:run(1465)) - Stopping IPC Server Responder
2020-11-16 09:47:04,739 [Listener at 127.0.0.1/12104] INFO  impl.RaftServerProxy (RaftServerProxy.java:lambda$close$4(322)) - omNode-1: close
2020-11-16 09:47:04,739 [Listener at 127.0.0.1/12104] INFO  impl.RaftServerImpl (RaftServerImpl.java:lambda$shutdown$3(321)) - omNode-1@group-523986131536: shutdown
2020-11-16 09:47:04,739 [Listener at 127.0.0.1/12104] INFO  util.JmxRegister (JmxRegister.java:unregister(73)) - Successfully un-registered JMX Bean with object name Ratis:service=RaftServer,group=group-523986131536,id=omNode-1
2020-11-16 09:47:04,740 [Listener at 127.0.0.1/12104] INFO  impl.RoleInfo (RoleInfo.java:shutdownLeaderState(104)) - omNode-1: shutdown LeaderState
2020-11-16 09:47:04,740 [Listener at 127.0.0.1/12104] INFO  metrics.RatisMetrics (RatisMetrics.java:unregister(43)) - Unregistering Metrics Registry : ratis_grpc.log_appender.omNode-1@group-523986131536
2020-11-16 09:47:04,740 [org.apache.ratis.server.impl.LogAppender$AppenderDaemon$$Lambda$367/333938529@59e9008b] WARN  server.GrpcLogAppender (GrpcLogAppender.java:mayWait(168)) - omNode-1@group-523986131536->omNode-3-GrpcLogAppender: Wait interrupted by java.lang.InterruptedException
2020-11-16 09:47:04,741 [Listener at 127.0.0.1/12104] INFO  metrics.RatisMetrics (RatisMetrics.java:unregister(43)) - Unregistering Metrics Registry : ratis_grpc.log_appender.omNode-1@group-523986131536
2020-11-16 09:47:04,741 [org.apache.ratis.server.impl.LogAppender$AppenderDaemon$$Lambda$367/333938529@1b02b883] WARN  server.GrpcLogAppender (GrpcLogAppender.java:mayWait(168)) - omNode-1@group-523986131536->omNode-2-GrpcLogAppender: Wait interrupted by java.lang.InterruptedException
2020-11-16 09:47:04,741 [Listener at 127.0.0.1/12104] INFO  impl.PendingRequests (PendingRequests.java:sendNotLeaderResponses(249)) - omNode-1@group-523986131536-PendingRequests: sendNotLeaderResponses
2020-11-16 09:47:04,741 [grpc-default-executor-0] INFO  server.GrpcServerProtocolService (GrpcServerProtocolService.java:onCompleted(138)) - omNode-2: Completed APPEND_ENTRIES, lastRequest: omNode-1->omNode-2#85-t2, previous=(t:2, i:3), leaderCommit=3, initializing? false, entries: size=1, first=(t:2, i:4), METADATAENTRY(c:3)
2020-11-16 09:47:04,742 [grpc-default-executor-3] INFO  server.GrpcLogAppender (GrpcLogAppender.java:onCompleted(336)) - omNode-1@group-523986131536->omNode-2-AppendLogResponseHandler: follower responses appendEntries COMPLETED
2020-11-16 09:47:04,742 [grpc-default-executor-3] INFO  impl.FollowerInfo (FollowerInfo.java:lambda$new$0(51)) - omNode-1@group-523986131536->omNode-2: nextIndex: updateUnconditionally 5 -> 4
2020-11-16 09:47:04,752 [Listener at 127.0.0.1/12104] INFO  metrics.RatisMetrics (RatisMetrics.java:unregister(43)) - Unregistering Metrics Registry : ratis.log_appender.omNode-1@group-523986131536
2020-11-16 09:47:04,752 [Listener at 127.0.0.1/12104] INFO  metrics.RatisMetrics (RatisMetrics.java:unregister(43)) - Unregistering Metrics Registry : ratis.server.omNode-1@group-523986131536
2020-11-16 09:47:04,752 [Listener at 127.0.0.1/12104] INFO  impl.StateMachineUpdater (StateMachineUpdater.java:stopAndJoin(142)) - omNode-1@group-523986131536-StateMachineUpdater: set stopIndex = 4
2020-11-16 09:47:04,753 [omNode-1@group-523986131536-StateMachineUpdater] INFO  ratis.OzoneManagerStateMachine (OzoneManagerStateMachine.java:takeSnapshot(345)) - Current Snapshot Index (t:2, i:4)
2020-11-16 09:47:04,753 [omNode-1@group-523986131536-StateMachineUpdater] INFO  impl.StateMachineUpdater (StateMachineUpdater.java:takeSnapshot(277)) - omNode-1@group-523986131536-StateMachineUpdater: Took a snapshot at index 4
2020-11-16 09:47:04,753 [omNode-1@group-523986131536-StateMachineUpdater] INFO  impl.StateMachineUpdater (StateMachineUpdater.java:lambda$new$0(87)) - omNode-1@group-523986131536-StateMachineUpdater: snapshotIndex: updateIncreasingly -1 -> 4
2020-11-16 09:47:04,753 [omNode-1@group-523986131536-StateMachineUpdater] INFO  metrics.RatisMetrics (RatisMetrics.java:unregister(43)) - Unregistering Metrics Registry : ratis.state_machine.omNode-1@group-523986131536
2020-11-16 09:47:04,754 [Listener at 127.0.0.1/12104] INFO  impl.RaftServerImpl (ServerState.java:close(405)) - omNode-1@group-523986131536: closes. applyIndex: 4
2020-11-16 09:47:04,754 [omNode-1@group-523986131536-SegmentedRaftLogWorker] INFO  segmented.SegmentedRaftLogWorker (SegmentedRaftLogWorker.java:run(327)) - omNode-1@group-523986131536-SegmentedRaftLogWorker was interrupted, exiting. There are 0 tasks remaining in the queue.
2020-11-16 09:47:04,755 [Listener at 127.0.0.1/12104] INFO  segmented.SegmentedRaftLogWorker (SegmentedRaftLogWorker.java:close(234)) - omNode-1@group-523986131536-SegmentedRaftLogWorker close()
2020-11-16 09:47:04,756 [Listener at 127.0.0.1/12104] INFO  metrics.RatisMetrics (RatisMetrics.java:unregister(43)) - Unregistering Metrics Registry : ratis.log_worker.omNode-1@group-523986131536
2020-11-16 09:47:04,757 [Listener at 127.0.0.1/12104] INFO  metrics.RatisMetrics (RatisMetrics.java:unregister(43)) - Unregistering Metrics Registry : ratis.leader_election.omNode-1@group-523986131536
2020-11-16 09:47:04,758 [Listener at 127.0.0.1/12104] INFO  metrics.RatisMetrics (RatisMetrics.java:unregister(43)) - Unregistering Metrics Registry : ratis.server.omNode-1@group-523986131536
2020-11-16 09:47:04,758 [Listener at 127.0.0.1/12104] INFO  server.GrpcService (GrpcService.java:closeImpl(183)) - omNode-1: shutdown server with port 12096 now
2020-11-16 09:47:04,764 [Listener at 127.0.0.1/12104] INFO  server.GrpcService (GrpcService.java:closeImpl(191)) - omNode-1: shutdown server with port 12096 successfully
2020-11-16 09:47:04,764 [Listener at 127.0.0.1/12104] INFO  ratis.OzoneManagerDoubleBuffer (OzoneManagerDoubleBuffer.java:stop(457)) - Stopping OMDoubleBuffer flush thread
2020-11-16 09:47:04,764 [OMDoubleBufferFlushThread] INFO  ratis.OzoneManagerDoubleBuffer (OzoneManagerDoubleBuffer.java:flushTransactions(356)) - OMDoubleBuffer flush thread OMDoubleBufferFlushThread is interrupted and will exit. OMDoubleBufferFlushThread
2020-11-16 09:47:04,764 [Listener at 127.0.0.1/12104] INFO  ratis.OzoneManagerStateMachine (HadoopExecutors.java:shutdown(118)) - Gracefully shutting down executor service. Waiting max 5 SECONDS
2020-11-16 09:47:04,764 [Listener at 127.0.0.1/12104] INFO  ratis.OzoneManagerStateMachine (HadoopExecutors.java:shutdown(129)) - Succesfully shutdown executor service
2020-11-16 09:47:04,764 [Listener at 127.0.0.1/12104] INFO  ratis.OzoneManagerStateMachine (HadoopExecutors.java:shutdown(118)) - Gracefully shutting down executor service. Waiting max 5 SECONDS
2020-11-16 09:47:04,764 [Listener at 127.0.0.1/12104] INFO  ratis.OzoneManagerStateMachine (HadoopExecutors.java:shutdown(129)) - Succesfully shutdown executor service
2020-11-16 09:47:04,764 [Listener at 127.0.0.1/12104] INFO  utils.BackgroundService (BackgroundService.java:shutdown(132)) - Shutting down service KeyDeletingService
2020-11-16 09:47:04,765 [Listener at 127.0.0.1/12104] INFO  handler.ContextHandler (ContextHandler.java:doStop(1154)) - Stopped o.e.j.w.WebAppContext@2928ccca{ozoneManager,/,null,STOPPED}{file:/github/workspace/mnt/ozone/hadoop-ozone/integration-test/target/test-classes/webapps/ozoneManager}
2020-11-16 09:47:04,769 [Listener at 127.0.0.1/12104] INFO  server.AbstractConnector (AbstractConnector.java:doStop(381)) - Stopped ServerConnector@1ea0daf1{HTTP/1.1, (http/1.1)}{0.0.0.0:12094}
2020-11-16 09:47:04,769 [Listener at 127.0.0.1/12104] INFO  server.session (HouseKeeper.java:stopScavenging(149)) - node0 Stopped scavenging
2020-11-16 09:47:04,770 [Listener at 127.0.0.1/12104] INFO  handler.ContextHandler (ContextHandler.java:doStop(1154)) - Stopped o.e.j.s.ServletContextHandler@22c676b6{static,/static,file:///github/workspace/mnt/ozone/hadoop-ozone/integration-test/target/test-classes/webapps/static,STOPPED}
2020-11-16 09:47:04,770 [Listener at 127.0.0.1/12104] INFO  handler.ContextHandler (ContextHandler.java:doStop(1154)) - Stopped o.e.j.s.ServletContextHandler@6bc32428{logs,/logs,file:///github/workspace/mnt/ozone/hadoop-ozone/integration-test/target/log,STOPPED}
2020-11-16 09:47:04,772 [Listener at 127.0.0.1/12104] INFO  ozone.MiniOzoneHAClusterImpl (MiniOzoneHAClusterImpl.java:stop(230)) - Stopping the OzoneManager omNode-2
2020-11-16 09:47:04,772 [Listener at 127.0.0.1/12104] INFO  ipc.Server (Server.java:stop(3359)) - Stopping server on 12098
2020-11-16 09:47:04,774 [IPC Server listener on 12098] INFO  ipc.Server (Server.java:run(1330)) - Stopping IPC Server listener on 12098
2020-11-16 09:47:04,775 [IPC Server Responder] INFO  ipc.Server (Server.java:run(1465)) - Stopping IPC Server Responder
2020-11-16 09:47:04,775 [Listener at 127.0.0.1/12104] INFO  impl.RaftServerProxy (RaftServerProxy.java:lambda$close$4(322)) - omNode-2: close
2020-11-16 09:47:04,775 [Listener at 127.0.0.1/12104] INFO  impl.RaftServerImpl (RaftServerImpl.java:lambda$shutdown$3(321)) - omNode-2@group-523986131536: shutdown
2020-11-16 09:47:04,775 [Listener at 127.0.0.1/12104] INFO  util.JmxRegister (JmxRegister.java:unregister(73)) - Successfully un-registered JMX Bean with object name Ratis:service=RaftServer,group=group-523986131536,id=omNode-2
2020-11-16 09:47:04,775 [Listener at 127.0.0.1/12104] INFO  impl.RoleInfo (RoleInfo.java:shutdownFollowerState(121)) - omNode-2: shutdown FollowerState
2020-11-16 09:47:04,775 [Thread-256] INFO  impl.FollowerState (FollowerState.java:run(117)) - omNode-2@group-523986131536-FollowerState was interrupted: java.lang.InterruptedException: sleep interrupted
2020-11-16 09:47:04,776 [Listener at 127.0.0.1/12104] INFO  impl.StateMachineUpdater (StateMachineUpdater.java:stopAndJoin(142)) - omNode-2@group-523986131536-StateMachineUpdater: set stopIndex = 3
2020-11-16 09:47:04,776 [omNode-2@group-523986131536-StateMachineUpdater] INFO  ratis.OzoneManagerStateMachine (OzoneManagerStateMachine.java:takeSnapshot(345)) - Current Snapshot Index (t:2, i:3)
2020-11-16 09:47:04,776 [omNode-2@group-523986131536-StateMachineUpdater] INFO  impl.StateMachineUpdater (StateMachineUpdater.java:takeSnapshot(277)) - omNode-2@group-523986131536-StateMachineUpdater: Took a snapshot at index 3
2020-11-16 09:47:04,776 [omNode-2@group-523986131536-StateMachineUpdater] INFO  impl.StateMachineUpdater (StateMachineUpdater.java:lambda$new$0(87)) - omNode-2@group-523986131536-StateMachineUpdater: snapshotIndex: updateIncreasingly -1 -> 3
2020-11-16 09:47:04,776 [omNode-2@group-523986131536-StateMachineUpdater] INFO  metrics.RatisMetrics (RatisMetrics.java:unregister(43)) - Unregistering Metrics Registry : ratis.state_machine.omNode-2@group-523986131536
2020-11-16 09:47:04,776 [Listener at 127.0.0.1/12104] INFO  impl.RaftServerImpl (ServerState.java:close(405)) - omNode-2@group-523986131536: closes. applyIndex: 3
2020-11-16 09:47:04,777 [omNode-2@group-523986131536-SegmentedRaftLogWorker] INFO  segmented.SegmentedRaftLogWorker (SegmentedRaftLogWorker.java:run(327)) - omNode-2@group-523986131536-SegmentedRaftLogWorker was interrupted, exiting. There are 0 tasks remaining in the queue.
2020-11-16 09:47:04,778 [Listener at 127.0.0.1/12104] INFO  segmented.SegmentedRaftLogWorker (SegmentedRaftLogWorker.java:close(234)) - omNode-2@group-523986131536-SegmentedRaftLogWorker close()
2020-11-16 09:47:04,779 [Listener at 127.0.0.1/12104] INFO  metrics.RatisMetrics (RatisMetrics.java:unregister(43)) - Unregistering Metrics Registry : ratis.log_worker.omNode-2@group-523986131536
2020-11-16 09:47:04,779 [Listener at 127.0.0.1/12104] INFO  metrics.RatisMetrics (RatisMetrics.java:unregister(43)) - Unregistering Metrics Registry : ratis.leader_election.omNode-2@group-523986131536
2020-11-16 09:47:04,780 [Listener at 127.0.0.1/12104] INFO  metrics.RatisMetrics (RatisMetrics.java:unregister(43)) - Unregistering Metrics Registry : ratis.server.omNode-2@group-523986131536
2020-11-16 09:47:04,780 [Listener at 127.0.0.1/12104] INFO  server.GrpcService (GrpcService.java:closeImpl(183)) - omNode-2: shutdown server with port 12102 now
2020-11-16 09:47:04,781 [Listener at 127.0.0.1/12104] INFO  server.GrpcService (GrpcService.java:closeImpl(191)) - omNode-2: shutdown server with port 12102 successfully
2020-11-16 09:47:04,781 [Listener at 127.0.0.1/12104] INFO  ratis.OzoneManagerDoubleBuffer (OzoneManagerDoubleBuffer.java:stop(457)) - Stopping OMDoubleBuffer flush thread
2020-11-16 09:47:04,781 [OMDoubleBufferFlushThread] INFO  ratis.OzoneManagerDoubleBuffer (OzoneManagerDoubleBuffer.java:flushTransactions(356)) - OMDoubleBuffer flush thread OMDoubleBufferFlushThread is interrupted and will exit. OMDoubleBufferFlushThread
2020-11-16 09:47:04,782 [Listener at 127.0.0.1/12104] INFO  ratis.OzoneManagerStateMachine (HadoopExecutors.java:shutdown(118)) - Gracefully shutting down executor service. Waiting max 5 SECONDS
2020-11-16 09:47:04,782 [Listener at 127.0.0.1/12104] INFO  ratis.OzoneManagerStateMachine (HadoopExecutors.java:shutdown(129)) - Succesfully shutdown executor service
2020-11-16 09:47:04,782 [Listener at 127.0.0.1/12104] INFO  ratis.OzoneManagerStateMachine (HadoopExecutors.java:shutdown(118)) - Gracefully shutting down executor service. Waiting max 5 SECONDS
2020-11-16 09:47:04,782 [Listener at 127.0.0.1/12104] INFO  ratis.OzoneManagerStateMachine (HadoopExecutors.java:shutdown(129)) - Succesfully shutdown executor service
2020-11-16 09:47:04,782 [Listener at 127.0.0.1/12104] INFO  utils.BackgroundService (BackgroundService.java:shutdown(132)) - Shutting down service KeyDeletingService
2020-11-16 09:47:04,783 [Listener at 127.0.0.1/12104] INFO  handler.ContextHandler (ContextHandler.java:doStop(1154)) - Stopped o.e.j.w.WebAppContext@19b5007c{ozoneManager,/,null,STOPPED}{file:/github/workspace/mnt/ozone/hadoop-ozone/integration-test/target/test-classes/webapps/ozoneManager}
2020-11-16 09:47:04,783 [Listener at 127.0.0.1/12104] INFO  server.AbstractConnector (AbstractConnector.java:doStop(381)) - Stopped ServerConnector@c9040eb{HTTP/1.1, (http/1.1)}{0.0.0.0:12100}
2020-11-16 09:47:04,783 [Listener at 127.0.0.1/12104] INFO  server.session (HouseKeeper.java:stopScavenging(149)) - node0 Stopped scavenging
2020-11-16 09:47:04,783 [Listener at 127.0.0.1/12104] INFO  handler.ContextHandler (ContextHandler.java:doStop(1154)) - Stopped o.e.j.s.ServletContextHandler@a1fc96d{static,/static,file:///github/workspace/mnt/ozone/hadoop-ozone/integration-test/target/test-classes/webapps/static,STOPPED}
2020-11-16 09:47:04,784 [Listener at 127.0.0.1/12104] INFO  handler.ContextHandler (ContextHandler.java:doStop(1154)) - Stopped o.e.j.s.ServletContextHandler@7ba8fe8b{logs,/logs,file:///github/workspace/mnt/ozone/hadoop-ozone/integration-test/target/log,STOPPED}
2020-11-16 09:47:04,790 [Listener at 127.0.0.1/12104] INFO  ozone.MiniOzoneClusterImpl (MiniOzoneClusterImpl.java:stop(403)) - Stopping the Mini Ozone Cluster
2020-11-16 09:47:04,791 [Listener at 127.0.0.1/12104] INFO  ozone.MiniOzoneClusterImpl (MiniOzoneClusterImpl.java:stopDatanodes(462)) - Stopping the HddsDatanodes
2020-11-16 09:47:04,873 [Datanode State Machine Thread - 0] INFO  statemachine.DatanodeStateMachine (DatanodeStateMachine.java:lambda$startDaemon$0(406)) - Ozone container server started.
2020-11-16 09:47:05,473 [Datanode State Machine Thread - 0] INFO  statemachine.DatanodeStateMachine (DatanodeStateMachine.java:lambda$startDaemon$0(406)) - Ozone container server started.
2020-11-16 09:47:06,493 [EventQueue-Delayed safe mode statusForReplicationManager] INFO  container.ReplicationManager (ReplicationManager.java:start(178)) - Starting Replication Monitor Thread.
2020-11-16 09:47:06,499 [ReplicationMonitor] INFO  container.ReplicationManager (ReplicationManager.java:run(242)) - Replication Monitor Thread took 1 milliseconds for processing 0 containers.
2020-11-16 09:47:09,793 [Listener at 127.0.0.1/12104] INFO  ozoneimpl.OzoneContainer (OzoneContainer.java:stop(259)) - Attempting to stop container services.
2020-11-16 09:47:09,793 [ForkJoinPool.commonPool-worker-1] INFO  ozoneimpl.OzoneContainer (OzoneContainer.java:stop(259)) - Attempting to stop container services.
2020-11-16 09:47:09,794 [Listener at 127.0.0.1/12104] INFO  impl.RaftServerProxy (RaftServerProxy.java:lambda$close$4(322)) - b680aa61-21f9-4676-8a3b-ea54fb018a9f: close
2020-11-16 09:47:09,794 [ForkJoinPool.commonPool-worker-1] INFO  impl.RaftServerProxy (RaftServerProxy.java:lambda$close$4(322)) - 935d82c4-fbd9-4178-900a-963e9e0866c9: close
2020-11-16 09:47:09,794 [Listener at 127.0.0.1/12104] INFO  impl.RaftServerImpl (RaftServerImpl.java:lambda$shutdown$3(321)) - b680aa61-21f9-4676-8a3b-ea54fb018a9f@group-8853DA950521: shutdown
2020-11-16 09:47:09,794 [ForkJoinPool.commonPool-worker-1] INFO  impl.RaftServerImpl (RaftServerImpl.java:lambda$shutdown$3(321)) - 935d82c4-fbd9-4178-900a-963e9e0866c9@group-8853DA950521: shutdown
2020-11-16 09:47:09,795 [ForkJoinPool.commonPool-worker-1] INFO  util.JmxRegister (JmxRegister.java:unregister(73)) - Successfully un-registered JMX Bean with object name Ratis:service=RaftServer,group=group-8853DA950521,id=935d82c4-fbd9-4178-900a-963e9e0866c9
2020-11-16 09:47:09,795 [ForkJoinPool.commonPool-worker-1] INFO  impl.RoleInfo (RoleInfo.java:shutdownLeaderState(104)) - 935d82c4-fbd9-4178-900a-963e9e0866c9: shutdown LeaderState
2020-11-16 09:47:09,795 [ForkJoinPool.commonPool-worker-1] INFO  metrics.RatisMetrics (RatisMetrics.java:unregister(43)) - Unregistering Metrics Registry : ratis_grpc.log_appender.935d82c4-fbd9-4178-900a-963e9e0866c9@group-8853DA950521
2020-11-16 09:47:09,794 [Listener at 127.0.0.1/12104] INFO  util.JmxRegister (JmxRegister.java:unregister(73)) - Successfully un-registered JMX Bean with object name Ratis:service=RaftServer,group=group-8853DA950521,id=b680aa61-21f9-4676-8a3b-ea54fb018a9f
2020-11-16 09:47:09,796 [Listener at 127.0.0.1/12104] INFO  impl.RoleInfo (RoleInfo.java:shutdownFollowerState(121)) - b680aa61-21f9-4676-8a3b-ea54fb018a9f: shutdown FollowerState
2020-11-16 09:47:09,795 [org.apache.ratis.server.impl.LogAppender$AppenderDaemon$$Lambda$367/333938529@4143888b] WARN  server.GrpcLogAppender (GrpcLogAppender.java:mayWait(168)) - 935d82c4-fbd9-4178-900a-963e9e0866c9@group-8853DA950521->b680aa61-21f9-4676-8a3b-ea54fb018a9f-GrpcLogAppender: Wait interrupted by java.lang.InterruptedException
2020-11-16 09:47:09,795 [ForkJoinPool.commonPool-worker-1] INFO  metrics.RatisMetrics (RatisMetrics.java:unregister(43)) - Unregistering Metrics Registry : ratis_grpc.log_appender.935d82c4-fbd9-4178-900a-963e9e0866c9@group-8853DA950521
2020-11-16 09:47:09,796 [b680aa61-21f9-4676-8a3b-ea54fb018a9f@group-8853DA950521-StateMachineUpdater] INFO  ratis.ContainerStateMachine (ContainerStateMachine.java:takeSnapshot(293)) - group-8853DA950521: Taking a snapshot at:(t:1, i:0) file /github/workspace/mnt/ozone/hadoop-ozone/integration-test/target/test-dir/MiniOzoneClusterImpl-1d5c47ff-0822-4398-9acc-4b25d0bc1405/datanode-1/data/ratis/8c28a056-e454-4544-a678-8853da950521/sm/snapshot.1_0
2020-11-16 09:47:09,797 [grpc-default-executor-3] INFO  server.GrpcServerProtocolService (GrpcServerProtocolService.java:onCompleted(138)) - b680aa61-21f9-4676-8a3b-ea54fb018a9f: Completed APPEND_ENTRIES, lastRequest: 935d82c4-fbd9-4178-900a-963e9e0866c9->b680aa61-21f9-4676-8a3b-ea54fb018a9f#1-t1, previous=(t:0, i:0), leaderCommit=0, initializing? false, entries: size=1, first=(t:1, i:0), CONFIGURATIONENTRY
2020-11-16 09:47:09,796 [Thread-339] INFO  impl.FollowerState (FollowerState.java:run(117)) - b680aa61-21f9-4676-8a3b-ea54fb018a9f@group-8853DA950521-FollowerState was interrupted: java.lang.InterruptedException: sleep interrupted
2020-11-16 09:47:09,798 [grpc-default-executor-0] INFO  server.GrpcLogAppender (GrpcLogAppender.java:onCompleted(336)) - 935d82c4-fbd9-4178-900a-963e9e0866c9@group-8853DA950521->b680aa61-21f9-4676-8a3b-ea54fb018a9f-AppendLogResponseHandler: follower responses appendEntries COMPLETED
2020-11-16 09:47:09,798 [grpc-default-executor-0] INFO  impl.FollowerInfo (FollowerInfo.java:lambda$new$0(51)) - 935d82c4-fbd9-4178-900a-963e9e0866c9@group-8853DA950521->b680aa61-21f9-4676-8a3b-ea54fb018a9f: nextIndex: updateUnconditionally 1 -> 0
2020-11-16 09:47:09,798 [org.apache.ratis.server.impl.LogAppender$AppenderDaemon$$Lambda$367/333938529@443ec00b] WARN  server.GrpcLogAppender (GrpcLogAppender.java:mayWait(168)) - 935d82c4-fbd9-4178-900a-963e9e0866c9@group-8853DA950521->d3f5be2c-c721-4f88-912e-3aa9c1a6d18a-GrpcLogAppender: Wait interrupted by java.lang.InterruptedException
2020-11-16 09:47:09,799 [grpc-default-executor-0] INFO  server.GrpcServerProtocolService (GrpcServerProtocolService.java:onCompleted(138)) - d3f5be2c-c721-4f88-912e-3aa9c1a6d18a: Completed APPEND_ENTRIES, lastRequest: 935d82c4-fbd9-4178-900a-963e9e0866c9->d3f5be2c-c721-4f88-912e-3aa9c1a6d18a#1-t1, previous=(t:0, i:0), leaderCommit=0, initializing? false, entries: size=1, first=(t:1, i:0), CONFIGURATIONENTRY
2020-11-16 09:47:09,799 [grpc-default-executor-0] INFO  server.GrpcLogAppender (GrpcLogAppender.java:onCompleted(336)) - 935d82c4-fbd9-4178-900a-963e9e0866c9@group-8853DA950521->d3f5be2c-c721-4f88-912e-3aa9c1a6d18a-AppendLogResponseHandler: follower responses appendEntries COMPLETED
2020-11-16 09:47:09,800 [grpc-default-executor-0] INFO  impl.FollowerInfo (FollowerInfo.java:lambda$new$0(51)) - 935d82c4-fbd9-4178-900a-963e9e0866c9@group-8853DA950521->d3f5be2c-c721-4f88-912e-3aa9c1a6d18a: nextIndex: updateUnconditionally 1 -> 0
2020-11-16 09:47:09,801 [Listener at 127.0.0.1/12104] INFO  impl.StateMachineUpdater (StateMachineUpdater.java:stopAndJoin(142)) - b680aa61-21f9-4676-8a3b-ea54fb018a9f@group-8853DA950521-StateMachineUpdater: set stopIndex = 0
2020-11-16 09:47:09,796 [ForkJoinPool.commonPool-worker-1] INFO  impl.PendingRequests (PendingRequests.java:sendNotLeaderResponses(249)) - 935d82c4-fbd9-4178-900a-963e9e0866c9@group-8853DA950521-PendingRequests: sendNotLeaderResponses
2020-11-16 09:47:09,803 [ForkJoinPool.commonPool-worker-1] INFO  metrics.RatisMetrics (RatisMetrics.java:unregister(43)) - Unregistering Metrics Registry : ratis.log_appender.935d82c4-fbd9-4178-900a-963e9e0866c9@group-8853DA950521
2020-11-16 09:47:09,803 [ForkJoinPool.commonPool-worker-1] INFO  metrics.RatisMetrics (RatisMetrics.java:unregister(43)) - Unregistering Metrics Registry : ratis.server.935d82c4-fbd9-4178-900a-963e9e0866c9@group-8853DA950521
2020-11-16 09:47:09,803 [ForkJoinPool.commonPool-worker-1] INFO  impl.StateMachineUpdater (StateMachineUpdater.java:stopAndJoin(142)) - 935d82c4-fbd9-4178-900a-963e9e0866c9@group-8853DA950521-StateMachineUpdater: set stopIndex = 0
2020-11-16 09:47:09,803 [935d82c4-fbd9-4178-900a-963e9e0866c9@group-8853DA950521-StateMachineUpdater] INFO  ratis.ContainerStateMachine (ContainerStateMachine.java:takeSnapshot(293)) - group-8853DA950521: Taking a snapshot at:(t:1, i:0) file /github/workspace/mnt/ozone/hadoop-ozone/integration-test/target/test-dir/MiniOzoneClusterImpl-1d5c47ff-0822-4398-9acc-4b25d0bc1405/datanode-0/data/ratis/8c28a056-e454-4544-a678-8853da950521/sm/snapshot.1_0
2020-11-16 09:47:09,858 [935d82c4-fbd9-4178-900a-963e9e0866c9@group-8853DA950521-StateMachineUpdater] INFO  ratis.ContainerStateMachine (ContainerStateMachine.java:takeSnapshot(304)) - group-8853DA950521: Finished taking a snapshot at:(t:1, i:0) file:/github/workspace/mnt/ozone/hadoop-ozone/integration-test/target/test-dir/MiniOzoneClusterImpl-1d5c47ff-0822-4398-9acc-4b25d0bc1405/datanode-0/data/ratis/8c28a056-e454-4544-a678-8853da950521/sm/snapshot.1_0 time:54
2020-11-16 09:47:09,859 [935d82c4-fbd9-4178-900a-963e9e0866c9@group-8853DA950521-StateMachineUpdater] INFO  impl.StateMachineUpdater (StateMachineUpdater.java:takeSnapshot(277)) - 935d82c4-fbd9-4178-900a-963e9e0866c9@group-8853DA950521-StateMachineUpdater: Took a snapshot at index 0
2020-11-16 09:47:09,859 [935d82c4-fbd9-4178-900a-963e9e0866c9@group-8853DA950521-StateMachineUpdater] INFO  impl.StateMachineUpdater (StateMachineUpdater.java:lambda$new$0(87)) - 935d82c4-fbd9-4178-900a-963e9e0866c9@group-8853DA950521-StateMachineUpdater: snapshotIndex: updateIncreasingly -1 -> 0
2020-11-16 09:47:09,859 [b680aa61-21f9-4676-8a3b-ea54fb018a9f@group-8853DA950521-StateMachineUpdater] INFO  ratis.ContainerStateMachine (ContainerStateMachine.java:takeSnapshot(304)) - group-8853DA950521: Finished taking a snapshot at:(t:1, i:0) file:/github/workspace/mnt/ozone/hadoop-ozone/integration-test/target/test-dir/MiniOzoneClusterImpl-1d5c47ff-0822-4398-9acc-4b25d0bc1405/datanode-1/data/ratis/8c28a056-e454-4544-a678-8853da950521/sm/snapshot.1_0 time:63
2020-11-16 09:47:09,860 [b680aa61-21f9-4676-8a3b-ea54fb018a9f@group-8853DA950521-StateMachineUpdater] INFO  impl.StateMachineUpdater (StateMachineUpdater.java:takeSnapshot(277)) - b680aa61-21f9-4676-8a3b-ea54fb018a9f@group-8853DA950521-StateMachineUpdater: Took a snapshot at index 0
2020-11-16 09:47:09,860 [b680aa61-21f9-4676-8a3b-ea54fb018a9f@group-8853DA950521-StateMachineUpdater] INFO  impl.StateMachineUpdater (StateMachineUpdater.java:lambda$new$0(87)) - b680aa61-21f9-4676-8a3b-ea54fb018a9f@group-8853DA950521-StateMachineUpdater: snapshotIndex: updateIncreasingly -1 -> 0
2020-11-16 09:47:09,862 [935d82c4-fbd9-4178-900a-963e9e0866c9@group-8853DA950521-StateMachineUpdater] INFO  metrics.RatisMetrics (RatisMetrics.java:unregister(43)) - Unregistering Metrics Registry : ratis.state_machine.935d82c4-fbd9-4178-900a-963e9e0866c9@group-8853DA950521
2020-11-16 09:47:09,863 [b680aa61-21f9-4676-8a3b-ea54fb018a9f@group-8853DA950521-StateMachineUpdater] INFO  metrics.RatisMetrics (RatisMetrics.java:unregister(43)) - Unregistering Metrics Registry : ratis.state_machine.b680aa61-21f9-4676-8a3b-ea54fb018a9f@group-8853DA950521
2020-11-16 09:47:09,863 [ForkJoinPool.commonPool-worker-1] INFO  impl.RaftServerImpl (ServerState.java:close(405)) - 935d82c4-fbd9-4178-900a-963e9e0866c9@group-8853DA950521: closes. applyIndex: 0
2020-11-16 09:47:09,863 [Listener at 127.0.0.1/12104] INFO  impl.RaftServerImpl (ServerState.java:close(405)) - b680aa61-21f9-4676-8a3b-ea54fb018a9f@group-8853DA950521: closes. applyIndex: 0
2020-11-16 09:47:09,864 [b680aa61-21f9-4676-8a3b-ea54fb018a9f@group-8853DA950521-SegmentedRaftLogWorker] INFO  segmented.SegmentedRaftLogWorker (SegmentedRaftLogWorker.java:run(327)) - b680aa61-21f9-4676-8a3b-ea54fb018a9f@group-8853DA950521-SegmentedRaftLogWorker was interrupted, exiting. There are 0 tasks remaining in the queue.
2020-11-16 09:47:09,864 [935d82c4-fbd9-4178-900a-963e9e0866c9@group-8853DA950521-SegmentedRaftLogWorker] INFO  segmented.SegmentedRaftLogWorker (SegmentedRaftLogWorker.java:run(327)) - 935d82c4-fbd9-4178-900a-963e9e0866c9@group-8853DA950521-SegmentedRaftLogWorker was interrupted, exiting. There are 0 tasks remaining in the queue.
2020-11-16 09:47:09,865 [Listener at 127.0.0.1/12104] INFO  segmented.SegmentedRaftLogWorker (SegmentedRaftLogWorker.java:close(234)) - b680aa61-21f9-4676-8a3b-ea54fb018a9f@group-8853DA950521-SegmentedRaftLogWorker close()
2020-11-16 09:47:09,865 [ForkJoinPool.commonPool-worker-1] INFO  segmented.SegmentedRaftLogWorker (SegmentedRaftLogWorker.java:close(234)) - 935d82c4-fbd9-4178-900a-963e9e0866c9@group-8853DA950521-SegmentedRaftLogWorker close()
2020-11-16 09:47:09,865 [Listener at 127.0.0.1/12104] INFO  metrics.RatisMetrics (RatisMetrics.java:unregister(43)) - Unregistering Metrics Registry : ratis.log_worker.b680aa61-21f9-4676-8a3b-ea54fb018a9f@group-8853DA950521
2020-11-16 09:47:09,866 [Listener at 127.0.0.1/12104] INFO  metrics.RatisMetrics (RatisMetrics.java:unregister(43)) - Unregistering Metrics Registry : ratis.leader_election.b680aa61-21f9-4676-8a3b-ea54fb018a9f@group-8853DA950521
2020-11-16 09:47:09,866 [Listener at 127.0.0.1/12104] INFO  metrics.RatisMetrics (RatisMetrics.java:unregister(43)) - Unregistering Metrics Registry : ratis.server.b680aa61-21f9-4676-8a3b-ea54fb018a9f@group-8853DA950521
2020-11-16 09:47:09,866 [Listener at 127.0.0.1/12104] INFO  impl.RaftServerImpl (RaftServerImpl.java:lambda$shutdown$3(321)) - b680aa61-21f9-4676-8a3b-ea54fb018a9f@group-E8B0729F61F7: shutdown
2020-11-16 09:47:09,866 [Listener at 127.0.0.1/12104] INFO  util.JmxRegister (JmxRegister.java:unregister(73)) - Successfully un-registered JMX Bean with object name Ratis:service=RaftServer,group=group-E8B0729F61F7,id=b680aa61-21f9-4676-8a3b-ea54fb018a9f
2020-11-16 09:47:09,866 [Listener at 127.0.0.1/12104] INFO  impl.RoleInfo (RoleInfo.java:shutdownLeaderState(104)) - b680aa61-21f9-4676-8a3b-ea54fb018a9f: shutdown LeaderState
2020-11-16 09:47:09,867 [Listener at 127.0.0.1/12104] INFO  impl.PendingRequests (PendingRequests.java:sendNotLeaderResponses(249)) - b680aa61-21f9-4676-8a3b-ea54fb018a9f@group-E8B0729F61F7-PendingRequests: sendNotLeaderResponses
2020-11-16 09:47:09,867 [Listener at 127.0.0.1/12104] INFO  metrics.RatisMetrics (RatisMetrics.java:unregister(43)) - Unregistering Metrics Registry : ratis.log_appender.b680aa61-21f9-4676-8a3b-ea54fb018a9f@group-E8B0729F61F7
2020-11-16 09:47:09,867 [Listener at 127.0.0.1/12104] INFO  metrics.RatisMetrics (RatisMetrics.java:unregister(43)) - Unregistering Metrics Registry : ratis.server.b680aa61-21f9-4676-8a3b-ea54fb018a9f@group-E8B0729F61F7
2020-11-16 09:47:09,867 [Listener at 127.0.0.1/12104] INFO  impl.StateMachineUpdater (StateMachineUpdater.java:stopAndJoin(142)) - b680aa61-21f9-4676-8a3b-ea54fb018a9f@group-E8B0729F61F7-StateMachineUpdater: set stopIndex = 0
2020-11-16 09:47:09,867 [b680aa61-21f9-4676-8a3b-ea54fb018a9f@group-E8B0729F61F7-StateMachineUpdater] INFO  ratis.ContainerStateMachine (ContainerStateMachine.java:takeSnapshot(293)) - group-E8B0729F61F7: Taking a snapshot at:(t:1, i:0) file /github/workspace/mnt/ozone/hadoop-ozone/integration-test/target/test-dir/MiniOzoneClusterImpl-1d5c47ff-0822-4398-9acc-4b25d0bc1405/datanode-1/data/ratis/0444acf2-5527-40d2-88f7-e8b0729f61f7/sm/snapshot.1_0
2020-11-16 09:47:09,868 [ForkJoinPool.commonPool-worker-1] INFO  metrics.RatisMetrics (RatisMetrics.java:unregister(43)) - Unregistering Metrics Registry : ratis.log_worker.935d82c4-fbd9-4178-900a-963e9e0866c9@group-8853DA950521
2020-11-16 09:47:09,869 [b680aa61-21f9-4676-8a3b-ea54fb018a9f@group-E8B0729F61F7-StateMachineUpdater] INFO  ratis.ContainerStateMachine (ContainerStateMachine.java:takeSnapshot(304)) - group-E8B0729F61F7: Finished taking a snapshot at:(t:1, i:0) file:/github/workspace/mnt/ozone/hadoop-ozone/integration-test/target/test-dir/MiniOzoneClusterImpl-1d5c47ff-0822-4398-9acc-4b25d0bc1405/datanode-1/data/ratis/0444acf2-5527-40d2-88f7-e8b0729f61f7/sm/snapshot.1_0 time:1
2020-11-16 09:47:09,869 [b680aa61-21f9-4676-8a3b-ea54fb018a9f@group-E8B0729F61F7-StateMachineUpdater] INFO  impl.StateMachineUpdater (StateMachineUpdater.java:takeSnapshot(277)) - b680aa61-21f9-4676-8a3b-ea54fb018a9f@group-E8B0729F61F7-StateMachineUpdater: Took a snapshot at index 0
2020-11-16 09:47:09,869 [b680aa61-21f9-4676-8a3b-ea54fb018a9f@group-E8B0729F61F7-StateMachineUpdater] INFO  impl.StateMachineUpdater (StateMachineUpdater.java:lambda$new$0(87)) - b680aa61-21f9-4676-8a3b-ea54fb018a9f@group-E8B0729F61F7-StateMachineUpdater: snapshotIndex: updateIncreasingly -1 -> 0
2020-11-16 09:47:09,869 [b680aa61-21f9-4676-8a3b-ea54fb018a9f@group-E8B0729F61F7-StateMachineUpdater] INFO  metrics.RatisMetrics (RatisMetrics.java:unregister(43)) - Unregistering Metrics Registry : ratis.state_machine.b680aa61-21f9-4676-8a3b-ea54fb018a9f@group-E8B0729F61F7
2020-11-16 09:47:09,870 [Listener at 127.0.0.1/12104] INFO  impl.RaftServerImpl (ServerState.java:close(405)) - b680aa61-21f9-4676-8a3b-ea54fb018a9f@group-E8B0729F61F7: closes. applyIndex: 0
2020-11-16 09:47:09,870 [ForkJoinPool.commonPool-worker-1] INFO  metrics.RatisMetrics (RatisMetrics.java:unregister(43)) - Unregistering Metrics Registry : ratis.leader_election.935d82c4-fbd9-4178-900a-963e9e0866c9@group-8853DA950521
2020-11-16 09:47:09,870 [b680aa61-21f9-4676-8a3b-ea54fb018a9f@group-E8B0729F61F7-SegmentedRaftLogWorker] INFO  segmented.SegmentedRaftLogWorker (SegmentedRaftLogWorker.java:run(327)) - b680aa61-21f9-4676-8a3b-ea54fb018a9f@group-E8B0729F61F7-SegmentedRaftLogWorker was interrupted, exiting. There are 0 tasks remaining in the queue.
2020-11-16 09:47:09,870 [ForkJoinPool.commonPool-worker-1] INFO  metrics.RatisMetrics (RatisMetrics.java:unregister(43)) - Unregistering Metrics Registry : ratis.server.935d82c4-fbd9-4178-900a-963e9e0866c9@group-8853DA950521
2020-11-16 09:47:09,870 [ForkJoinPool.commonPool-worker-1] INFO  impl.RaftServerImpl (RaftServerImpl.java:lambda$shutdown$3(321)) - 935d82c4-fbd9-4178-900a-963e9e0866c9@group-EC71C5613545: shutdown
2020-11-16 09:47:09,870 [ForkJoinPool.commonPool-worker-1] INFO  util.JmxRegister (JmxRegister.java:unregister(73)) - Successfully un-registered JMX Bean with object name Ratis:service=RaftServer,group=group-EC71C5613545,id=935d82c4-fbd9-4178-900a-963e9e0866c9
2020-11-16 09:47:09,870 [ForkJoinPool.commonPool-worker-1] INFO  impl.RoleInfo (RoleInfo.java:shutdownLeaderState(104)) - 935d82c4-fbd9-4178-900a-963e9e0866c9: shutdown LeaderState
2020-11-16 09:47:09,871 [ForkJoinPool.commonPool-worker-1] INFO  impl.PendingRequests (PendingRequests.java:sendNotLeaderResponses(249)) - 935d82c4-fbd9-4178-900a-963e9e0866c9@group-EC71C5613545-PendingRequests: sendNotLeaderResponses
2020-11-16 09:47:09,871 [ForkJoinPool.commonPool-worker-1] INFO  metrics.RatisMetrics (RatisMetrics.java:unregister(43)) - Unregistering Metrics Registry : ratis.log_appender.935d82c4-fbd9-4178-900a-963e9e0866c9@group-EC71C5613545
2020-11-16 09:47:09,871 [ForkJoinPool.commonPool-worker-1] INFO  metrics.RatisMetrics (RatisMetrics.java:unregister(43)) - Unregistering Metrics Registry : ratis.server.935d82c4-fbd9-4178-900a-963e9e0866c9@group-EC71C5613545
2020-11-16 09:47:09,871 [935d82c4-fbd9-4178-900a-963e9e0866c9@group-EC71C5613545-StateMachineUpdater] INFO  ratis.ContainerStateMachine (ContainerStateMachine.java:takeSnapshot(293)) - group-EC71C5613545: Taking a snapshot at:(t:1, i:0) file /github/workspace/mnt/ozone/hadoop-ozone/integration-test/target/test-dir/MiniOzoneClusterImpl-1d5c47ff-0822-4398-9acc-4b25d0bc1405/datanode-0/data/ratis/b9df9a38-1b9f-4566-8ba6-ec71c5613545/sm/snapshot.1_0
2020-11-16 09:47:09,872 [ForkJoinPool.commonPool-worker-1] INFO  impl.StateMachineUpdater (StateMachineUpdater.java:stopAndJoin(142)) - 935d82c4-fbd9-4178-900a-963e9e0866c9@group-EC71C5613545-StateMachineUpdater: set stopIndex = 0
2020-11-16 09:47:09,872 [935d82c4-fbd9-4178-900a-963e9e0866c9@group-EC71C5613545-StateMachineUpdater] INFO  ratis.ContainerStateMachine (ContainerStateMachine.java:takeSnapshot(304)) - group-EC71C5613545: Finished taking a snapshot at:(t:1, i:0) file:/github/workspace/mnt/ozone/hadoop-ozone/integration-test/target/test-dir/MiniOzoneClusterImpl-1d5c47ff-0822-4398-9acc-4b25d0bc1405/datanode-0/data/ratis/b9df9a38-1b9f-4566-8ba6-ec71c5613545/sm/snapshot.1_0 time:0
2020-11-16 09:47:09,872 [935d82c4-fbd9-4178-900a-963e9e0866c9@group-EC71C5613545-StateMachineUpdater] INFO  impl.StateMachineUpdater (StateMachineUpdater.java:takeSnapshot(277)) - 935d82c4-fbd9-4178-900a-963e9e0866c9@group-EC71C5613545-StateMachineUpdater: Took a snapshot at index 0
2020-11-16 09:47:09,872 [935d82c4-fbd9-4178-900a-963e9e0866c9@group-EC71C5613545-StateMachineUpdater] INFO  impl.StateMachineUpdater (StateMachineUpdater.java:lambda$new$0(87)) - 935d82c4-fbd9-4178-900a-963e9e0866c9@group-EC71C5613545-StateMachineUpdater: snapshotIndex: updateIncreasingly -1 -> 0
2020-11-16 09:47:09,872 [935d82c4-fbd9-4178-900a-963e9e0866c9@group-EC71C5613545-StateMachineUpdater] INFO  metrics.RatisMetrics (RatisMetrics.java:unregister(43)) - Unregistering Metrics Registry : ratis.state_machine.935d82c4-fbd9-4178-900a-963e9e0866c9@group-EC71C5613545
2020-11-16 09:47:09,873 [ForkJoinPool.commonPool-worker-1] INFO  impl.RaftServerImpl (ServerState.java:close(405)) - 935d82c4-fbd9-4178-900a-963e9e0866c9@group-EC71C5613545: closes. applyIndex: 0
2020-11-16 09:47:09,873 [935d82c4-fbd9-4178-900a-963e9e0866c9@group-EC71C5613545-SegmentedRaftLogWorker] INFO  segmented.SegmentedRaftLogWorker (SegmentedRaftLogWorker.java:run(327)) - 935d82c4-fbd9-4178-900a-963e9e0866c9@group-EC71C5613545-SegmentedRaftLogWorker was interrupted, exiting. There are 0 tasks remaining in the queue.
2020-11-16 09:47:09,873 [ForkJoinPool.commonPool-worker-1] INFO  segmented.SegmentedRaftLogWorker (SegmentedRaftLogWorker.java:close(234)) - 935d82c4-fbd9-4178-900a-963e9e0866c9@group-EC71C5613545-SegmentedRaftLogWorker close()
2020-11-16 09:47:09,874 [ForkJoinPool.commonPool-worker-1] INFO  metrics.RatisMetrics (RatisMetrics.java:unregister(43)) - Unregistering Metrics Registry : ratis.log_worker.935d82c4-fbd9-4178-900a-963e9e0866c9@group-EC71C5613545
2020-11-16 09:47:09,874 [ForkJoinPool.commonPool-worker-1] INFO  metrics.RatisMetrics (RatisMetrics.java:unregister(43)) - Unregistering Metrics Registry : ratis.leader_election.935d82c4-fbd9-4178-900a-963e9e0866c9@group-EC71C5613545
2020-11-16 09:47:09,874 [ForkJoinPool.commonPool-worker-1] INFO  metrics.RatisMetrics (RatisMetrics.java:unregister(43)) - Unregistering Metrics Registry : ratis.server.935d82c4-fbd9-4178-900a-963e9e0866c9@group-EC71C5613545
2020-11-16 09:47:09,874 [ForkJoinPool.commonPool-worker-1] INFO  server.GrpcService (GrpcService.java:closeImpl(183)) - 935d82c4-fbd9-4178-900a-963e9e0866c9: shutdown server with port 33109 now
2020-11-16 09:47:09,874 [Listener at 127.0.0.1/12104] INFO  segmented.SegmentedRaftLogWorker (SegmentedRaftLogWorker.java:close(234)) - b680aa61-21f9-4676-8a3b-ea54fb018a9f@group-E8B0729F61F7-SegmentedRaftLogWorker close()
2020-11-16 09:47:09,875 [Listener at 127.0.0.1/12104] INFO  metrics.RatisMetrics (RatisMetrics.java:unregister(43)) - Unregistering Metrics Registry : ratis.log_worker.b680aa61-21f9-4676-8a3b-ea54fb018a9f@group-E8B0729F61F7
2020-11-16 09:47:09,877 [Listener at 127.0.0.1/12104] INFO  metrics.RatisMetrics (RatisMetrics.java:unregister(43)) - Unregistering Metrics Registry : ratis.leader_election.b680aa61-21f9-4676-8a3b-ea54fb018a9f@group-E8B0729F61F7
2020-11-16 09:47:09,877 [Listener at 127.0.0.1/12104] INFO  metrics.RatisMetrics (RatisMetrics.java:unregister(43)) - Unregistering Metrics Registry : ratis.server.b680aa61-21f9-4676-8a3b-ea54fb018a9f@group-E8B0729F61F7
2020-11-16 09:47:09,877 [Listener at 127.0.0.1/12104] INFO  server.GrpcService (GrpcService.java:closeImpl(183)) - b680aa61-21f9-4676-8a3b-ea54fb018a9f: shutdown server with port 37729 now
2020-11-16 09:47:09,878 [ForkJoinPool.commonPool-worker-1] INFO  server.GrpcService (GrpcService.java:closeImpl(191)) - 935d82c4-fbd9-4178-900a-963e9e0866c9: shutdown server with port 33109 successfully
2020-11-16 09:47:09,880 [Listener at 127.0.0.1/12104] INFO  server.GrpcService (GrpcService.java:closeImpl(191)) - b680aa61-21f9-4676-8a3b-ea54fb018a9f: shutdown server with port 37729 successfully
2020-11-16 09:47:09,880 [ForkJoinPool.commonPool-worker-1] INFO  utils.BackgroundService (BackgroundService.java:shutdown(132)) - Shutting down service BlockDeletingService
2020-11-16 09:47:09,882 [ForkJoinPool.commonPool-worker-1] INFO  statemachine.DatanodeStateMachine (DatanodeStateMachine.java:stopDaemon(459)) - Ozone container server stopped.
2020-11-16 09:47:09,882 [Listener at 127.0.0.1/12104] INFO  utils.BackgroundService (BackgroundService.java:shutdown(132)) - Shutting down service BlockDeletingService
2020-11-16 09:47:09,890 [Listener at 127.0.0.1/12104] INFO  statemachine.DatanodeStateMachine (DatanodeStateMachine.java:stopDaemon(459)) - Ozone container server stopped.
2020-11-16 09:47:09,899 [Listener at 127.0.0.1/12104] INFO  handler.ContextHandler (ContextHandler.java:doStop(1154)) - Stopped o.e.j.w.WebAppContext@7ec6602c{hddsDatanode,/,null,STOPPED}{jar:file:/home/user/.m2/repository/org/apache/hadoop/hadoop-hdds-container-service/1.1.0-SNAPSHOT/hadoop-hdds-container-service-1.1.0-SNAPSHOT.jar!/webapps/hddsDatanode}
2020-11-16 09:47:09,901 [ForkJoinPool.commonPool-worker-1] INFO  handler.ContextHandler (ContextHandler.java:doStop(1154)) - Stopped o.e.j.w.WebAppContext@125a486a{hddsDatanode,/,null,STOPPED}{jar:file:/home/user/.m2/repository/org/apache/hadoop/hadoop-hdds-container-service/1.1.0-SNAPSHOT/hadoop-hdds-container-service-1.1.0-SNAPSHOT.jar!/webapps/hddsDatanode}
2020-11-16 09:47:09,902 [ForkJoinPool.commonPool-worker-1] INFO  server.AbstractConnector (AbstractConnector.java:doStop(381)) - Stopped ServerConnector@52243f1a{HTTP/1.1, (http/1.1)}{0.0.0.0:0}
2020-11-16 09:47:09,902 [ForkJoinPool.commonPool-worker-1] INFO  server.session (HouseKeeper.java:stopScavenging(149)) - node0 Stopped scavenging
2020-11-16 09:47:09,907 [ForkJoinPool.commonPool-worker-1] INFO  handler.ContextHandler (ContextHandler.java:doStop(1154)) - Stopped o.e.j.s.ServletContextHandler@114c8e99{static,/static,jar:file:/home/user/.m2/repository/org/apache/hadoop/hadoop-hdds-container-service/1.1.0-SNAPSHOT/hadoop-hdds-container-service-1.1.0-SNAPSHOT.jar!/webapps/static,STOPPED}
2020-11-16 09:47:09,907 [ForkJoinPool.commonPool-worker-1] INFO  handler.ContextHandler (ContextHandler.java:doStop(1154)) - Stopped o.e.j.s.ServletContextHandler@186d1715{logs,/logs,file:///github/workspace/mnt/ozone/hadoop-ozone/integration-test/target/log,STOPPED}
2020-11-16 09:47:09,908 [Listener at 127.0.0.1/12104] INFO  server.AbstractConnector (AbstractConnector.java:doStop(381)) - Stopped ServerConnector@bf78e11{HTTP/1.1, (http/1.1)}{0.0.0.0:0}
2020-11-16 09:47:09,908 [Listener at 127.0.0.1/12104] INFO  server.session (HouseKeeper.java:stopScavenging(149)) - node0 Stopped scavenging
2020-11-16 09:47:09,909 [Listener at 127.0.0.1/12104] INFO  handler.ContextHandler (ContextHandler.java:doStop(1154)) - Stopped o.e.j.s.ServletContextHandler@10301e87{static,/static,jar:file:/home/user/.m2/repository/org/apache/hadoop/hadoop-hdds-container-service/1.1.0-SNAPSHOT/hadoop-hdds-container-service-1.1.0-SNAPSHOT.jar!/webapps/static,STOPPED}
2020-11-16 09:47:09,909 [Listener at 127.0.0.1/12104] INFO  handler.ContextHandler (ContextHandler.java:doStop(1154)) - Stopped o.e.j.s.ServletContextHandler@723388b1{logs,/logs,file:///github/workspace/mnt/ozone/hadoop-ozone/integration-test/target/log,STOPPED}
2020-11-16 09:47:10,238 [Datanode State Machine Thread - 0] INFO  statemachine.DatanodeStateMachine (DatanodeStateMachine.java:lambda$startDaemon$0(406)) - Ozone container server started.
2020-11-16 09:47:13,785 [Thread-344] INFO  impl.FollowerState (FollowerState.java:run(108)) - d3f5be2c-c721-4f88-912e-3aa9c1a6d18a@group-8853DA950521-FollowerState: change to CANDIDATE, lastRpcTime:5256ms, electionTimeout:5118ms
2020-11-16 09:47:13,785 [Thread-344] INFO  impl.RoleInfo (RoleInfo.java:shutdownFollowerState(121)) - d3f5be2c-c721-4f88-912e-3aa9c1a6d18a: shutdown FollowerState
2020-11-16 09:47:13,785 [Thread-344] INFO  impl.RaftServerImpl (RaftServerImpl.java:setRole(198)) - d3f5be2c-c721-4f88-912e-3aa9c1a6d18a@group-8853DA950521: changes role from  FOLLOWER to CANDIDATE at term 1 for changeToCandidate
2020-11-16 09:47:13,785 [Thread-344] INFO  impl.RoleInfo (RoleInfo.java:updateAndGet(143)) - d3f5be2c-c721-4f88-912e-3aa9c1a6d18a: start LeaderElection
2020-11-16 09:47:13,787 [d3f5be2c-c721-4f88-912e-3aa9c1a6d18a@group-8853DA950521-LeaderElection9] INFO  impl.RaftServerImpl (ServerState.java:setLeader(256)) - d3f5be2c-c721-4f88-912e-3aa9c1a6d18a@group-8853DA950521: change Leader from 935d82c4-fbd9-4178-900a-963e9e0866c9 to null at term 1 for initElection
2020-11-16 09:47:13,789 [d3f5be2c-c721-4f88-912e-3aa9c1a6d18a@group-8853DA950521-LeaderElection9] INFO  impl.LeaderElection (LeaderElection.java:askForVotes(210)) - d3f5be2c-c721-4f88-912e-3aa9c1a6d18a@group-8853DA950521-LeaderElection9: begin an election at term 2 for 0: [935d82c4-fbd9-4178-900a-963e9e0866c9:172.17.0.2:33109:0, b680aa61-21f9-4676-8a3b-ea54fb018a9f:172.17.0.2:37729:0, d3f5be2c-c721-4f88-912e-3aa9c1a6d18a:172.17.0.2:39229:0], old=null
2020-11-16 09:47:13,796 [d3f5be2c-c721-4f88-912e-3aa9c1a6d18a@group-8853DA950521-LeaderElection9] INFO  impl.LeaderElection (LogUtils.java:infoOrTrace(137)) - d3f5be2c-c721-4f88-912e-3aa9c1a6d18a@group-8853DA950521-LeaderElection9 got exception when requesting votes: java.util.concurrent.ExecutionException: org.apache.ratis.thirdparty.io.grpc.StatusRuntimeException: UNAVAILABLE: io exception
2020-11-16 09:47:13,798 [d3f5be2c-c721-4f88-912e-3aa9c1a6d18a@group-8853DA950521-LeaderElection9] INFO  impl.LeaderElection (LogUtils.java:infoOrTrace(137)) - d3f5be2c-c721-4f88-912e-3aa9c1a6d18a@group-8853DA950521-LeaderElection9 got exception when requesting votes: java.util.concurrent.ExecutionException: org.apache.ratis.thirdparty.io.grpc.StatusRuntimeException: UNAVAILABLE: io exception
2020-11-16 09:47:13,798 [d3f5be2c-c721-4f88-912e-3aa9c1a6d18a@group-8853DA950521-LeaderElection9] INFO  impl.LeaderElection (LeaderElection.java:logAndReturn(62)) - d3f5be2c-c721-4f88-912e-3aa9c1a6d18a@group-8853DA950521-LeaderElection9: Election REJECTED; received 0 response(s) [] and 2 exception(s); d3f5be2c-c721-4f88-912e-3aa9c1a6d18a@group-8853DA950521:t2, leader=null, voted=d3f5be2c-c721-4f88-912e-3aa9c1a6d18a, raftlog=d3f5be2c-c721-4f88-912e-3aa9c1a6d18a@group-8853DA950521-SegmentedRaftLog:OPENED:c0,f0,i0, conf=0: [935d82c4-fbd9-4178-900a-963e9e0866c9:172.17.0.2:33109:0, b680aa61-21f9-4676-8a3b-ea54fb018a9f:172.17.0.2:37729:0, d3f5be2c-c721-4f88-912e-3aa9c1a6d18a:172.17.0.2:39229:0], old=null
2020-11-16 09:47:13,798 [d3f5be2c-c721-4f88-912e-3aa9c1a6d18a@group-8853DA950521-LeaderElection9] INFO  impl.LeaderElection (LogUtils.java:infoOrTrace(137)) -   Exception 0: java.util.concurrent.ExecutionException: org.apache.ratis.thirdparty.io.grpc.StatusRuntimeException: UNAVAILABLE: io exception
2020-11-16 09:47:13,798 [d3f5be2c-c721-4f88-912e-3aa9c1a6d18a@group-8853DA950521-LeaderElection9] INFO  impl.LeaderElection (LogUtils.java:infoOrTrace(137)) -   Exception 1: java.util.concurrent.ExecutionException: org.apache.ratis.thirdparty.io.grpc.StatusRuntimeException: UNAVAILABLE: io exception
2020-11-16 09:47:13,798 [d3f5be2c-c721-4f88-912e-3aa9c1a6d18a@group-8853DA950521-LeaderElection9] INFO  impl.RaftServerImpl (RaftServerImpl.java:setRole(198)) - d3f5be2c-c721-4f88-912e-3aa9c1a6d18a@group-8853DA950521: changes role from CANDIDATE to FOLLOWER at term 2 for DISCOVERED_A_NEW_TERM
2020-11-16 09:47:13,798 [d3f5be2c-c721-4f88-912e-3aa9c1a6d18a@group-8853DA950521-LeaderElection9] INFO  impl.RoleInfo (RoleInfo.java:shutdownLeaderElection(134)) - d3f5be2c-c721-4f88-912e-3aa9c1a6d18a: shutdown LeaderElection
2020-11-16 09:47:13,798 [d3f5be2c-c721-4f88-912e-3aa9c1a6d18a@group-8853DA950521-LeaderElection9] INFO  impl.RoleInfo (RoleInfo.java:updateAndGet(143)) - d3f5be2c-c721-4f88-912e-3aa9c1a6d18a: start FollowerState
2020-11-16 09:47:14,909 [ForkJoinPool.commonPool-worker-1] INFO  ozoneimpl.OzoneContainer (OzoneContainer.java:stop(259)) - Attempting to stop container services.
2020-11-16 09:47:14,910 [ForkJoinPool.commonPool-worker-1] INFO  impl.RaftServerProxy (RaftServerProxy.java:lambda$close$4(322)) - d3f5be2c-c721-4f88-912e-3aa9c1a6d18a: close
2020-11-16 09:47:14,910 [ForkJoinPool.commonPool-worker-1] INFO  impl.RaftServerImpl (RaftServerImpl.java:lambda$shutdown$3(321)) - d3f5be2c-c721-4f88-912e-3aa9c1a6d18a@group-8853DA950521: shutdown
2020-11-16 09:47:14,910 [ForkJoinPool.commonPool-worker-1] INFO  util.JmxRegister (JmxRegister.java:unregister(73)) - Successfully un-registered JMX Bean with object name Ratis:service=RaftServer,group=group-8853DA950521,id=d3f5be2c-c721-4f88-912e-3aa9c1a6d18a
2020-11-16 09:47:14,910 [ForkJoinPool.commonPool-worker-1] INFO  impl.RoleInfo (RoleInfo.java:shutdownFollowerState(121)) - d3f5be2c-c721-4f88-912e-3aa9c1a6d18a: shutdown FollowerState
2020-11-16 09:47:14,910 [ForkJoinPool.commonPool-worker-1] INFO  impl.StateMachineUpdater (StateMachineUpdater.java:stopAndJoin(142)) - d3f5be2c-c721-4f88-912e-3aa9c1a6d18a@group-8853DA950521-StateMachineUpdater: set stopIndex = 0
2020-11-16 09:47:14,910 [Thread-378] INFO  impl.FollowerState (FollowerState.java:run(117)) - d3f5be2c-c721-4f88-912e-3aa9c1a6d18a@group-8853DA950521-FollowerState was interrupted: java.lang.InterruptedException: sleep interrupted
2020-11-16 09:47:14,910 [d3f5be2c-c721-4f88-912e-3aa9c1a6d18a@group-8853DA950521-StateMachineUpdater] INFO  ratis.ContainerStateMachine (ContainerStateMachine.java:takeSnapshot(293)) - group-8853DA950521: Taking a snapshot at:(t:1, i:0) file /github/workspace/mnt/ozone/hadoop-ozone/integration-test/target/test-dir/MiniOzoneClusterImpl-1d5c47ff-0822-4398-9acc-4b25d0bc1405/datanode-2/data/ratis/8c28a056-e454-4544-a678-8853da950521/sm/snapshot.1_0
2020-11-16 09:47:14,911 [d3f5be2c-c721-4f88-912e-3aa9c1a6d18a@group-8853DA950521-StateMachineUpdater] INFO  ratis.ContainerStateMachine (ContainerStateMachine.java:takeSnapshot(304)) - group-8853DA950521: Finished taking a snapshot at:(t:1, i:0) file:/github/workspace/mnt/ozone/hadoop-ozone/integration-test/target/test-dir/MiniOzoneClusterImpl-1d5c47ff-0822-4398-9acc-4b25d0bc1405/datanode-2/data/ratis/8c28a056-e454-4544-a678-8853da950521/sm/snapshot.1_0 time:0
2020-11-16 09:47:14,911 [d3f5be2c-c721-4f88-912e-3aa9c1a6d18a@group-8853DA950521-StateMachineUpdater] INFO  impl.StateMachineUpdater (StateMachineUpdater.java:takeSnapshot(277)) - d3f5be2c-c721-4f88-912e-3aa9c1a6d18a@group-8853DA950521-StateMachineUpdater: Took a snapshot at index 0
2020-11-16 09:47:14,912 [d3f5be2c-c721-4f88-912e-3aa9c1a6d18a@group-8853DA950521-StateMachineUpdater] INFO  impl.StateMachineUpdater (StateMachineUpdater.java:lambda$new$0(87)) - d3f5be2c-c721-4f88-912e-3aa9c1a6d18a@group-8853DA950521-StateMachineUpdater: snapshotIndex: updateIncreasingly -1 -> 0
2020-11-16 09:47:14,912 [d3f5be2c-c721-4f88-912e-3aa9c1a6d18a@group-8853DA950521-StateMachineUpdater] INFO  metrics.RatisMetrics (RatisMetrics.java:unregister(43)) - Unregistering Metrics Registry : ratis.state_machine.d3f5be2c-c721-4f88-912e-3aa9c1a6d18a@group-8853DA950521
2020-11-16 09:47:14,912 [ForkJoinPool.commonPool-worker-1] INFO  impl.RaftServerImpl (ServerState.java:close(405)) - d3f5be2c-c721-4f88-912e-3aa9c1a6d18a@group-8853DA950521: closes. applyIndex: 0
2020-11-16 09:47:14,912 [d3f5be2c-c721-4f88-912e-3aa9c1a6d18a@group-8853DA950521-SegmentedRaftLogWorker] INFO  segmented.SegmentedRaftLogWorker (SegmentedRaftLogWorker.java:run(327)) - d3f5be2c-c721-4f88-912e-3aa9c1a6d18a@group-8853DA950521-SegmentedRaftLogWorker was interrupted, exiting. There are 0 tasks remaining in the queue.
2020-11-16 09:47:14,912 [ForkJoinPool.commonPool-worker-1] INFO  segmented.SegmentedRaftLogWorker (SegmentedRaftLogWorker.java:close(234)) - d3f5be2c-c721-4f88-912e-3aa9c1a6d18a@group-8853DA950521-SegmentedRaftLogWorker close()
2020-11-16 09:47:14,913 [ForkJoinPool.commonPool-worker-1] INFO  metrics.RatisMetrics (RatisMetrics.java:unregister(43)) - Unregistering Metrics Registry : ratis.log_worker.d3f5be2c-c721-4f88-912e-3aa9c1a6d18a@group-8853DA950521
2020-11-16 09:47:14,913 [ForkJoinPool.commonPool-worker-1] INFO  metrics.RatisMetrics (RatisMetrics.java:unregister(43)) - Unregistering Metrics Registry : ratis.leader_election.d3f5be2c-c721-4f88-912e-3aa9c1a6d18a@group-8853DA950521
2020-11-16 09:47:14,913 [ForkJoinPool.commonPool-worker-1] INFO  metrics.RatisMetrics (RatisMetrics.java:unregister(43)) - Unregistering Metrics Registry : ratis.server.d3f5be2c-c721-4f88-912e-3aa9c1a6d18a@group-8853DA950521
2020-11-16 09:47:14,913 [ForkJoinPool.commonPool-worker-1] INFO  impl.RaftServerImpl (RaftServerImpl.java:lambda$shutdown$3(321)) - d3f5be2c-c721-4f88-912e-3aa9c1a6d18a@group-D8025C4BA272: shutdown
2020-11-16 09:47:14,913 [ForkJoinPool.commonPool-worker-1] INFO  util.JmxRegister (JmxRegister.java:unregister(73)) - Successfully un-registered JMX Bean with object name Ratis:service=RaftServer,group=group-D8025C4BA272,id=d3f5be2c-c721-4f88-912e-3aa9c1a6d18a
2020-11-16 09:47:14,914 [ForkJoinPool.commonPool-worker-1] INFO  impl.RoleInfo (RoleInfo.java:shutdownLeaderState(104)) - d3f5be2c-c721-4f88-912e-3aa9c1a6d18a: shutdown LeaderState
2020-11-16 09:47:14,914 [ForkJoinPool.commonPool-worker-1] INFO  impl.PendingRequests (PendingRequests.java:sendNotLeaderResponses(249)) - d3f5be2c-c721-4f88-912e-3aa9c1a6d18a@group-D8025C4BA272-PendingRequests: sendNotLeaderResponses
2020-11-16 09:47:14,914 [ForkJoinPool.commonPool-worker-1] INFO  metrics.RatisMetrics (RatisMetrics.java:unregister(43)) - Unregistering Metrics Registry : ratis.log_appender.d3f5be2c-c721-4f88-912e-3aa9c1a6d18a@group-D8025C4BA272
2020-11-16 09:47:14,914 [ForkJoinPool.commonPool-worker-1] INFO  metrics.RatisMetrics (RatisMetrics.java:unregister(43)) - Unregistering Metrics Registry : ratis.server.d3f5be2c-c721-4f88-912e-3aa9c1a6d18a@group-D8025C4BA272
2020-11-16 09:47:14,914 [d3f5be2c-c721-4f88-912e-3aa9c1a6d18a@group-D8025C4BA272-StateMachineUpdater] INFO  ratis.ContainerStateMachine (ContainerStateMachine.java:takeSnapshot(293)) - group-D8025C4BA272: Taking a snapshot at:(t:1, i:0) file /github/workspace/mnt/ozone/hadoop-ozone/integration-test/target/test-dir/MiniOzoneClusterImpl-1d5c47ff-0822-4398-9acc-4b25d0bc1405/datanode-2/data/ratis/6e801dc2-4fab-4c43-b53d-d8025c4ba272/sm/snapshot.1_0
2020-11-16 09:47:14,915 [ForkJoinPool.commonPool-worker-1] INFO  impl.StateMachineUpdater (StateMachineUpdater.java:stopAndJoin(142)) - d3f5be2c-c721-4f88-912e-3aa9c1a6d18a@group-D8025C4BA272-StateMachineUpdater: set stopIndex = 0
2020-11-16 09:47:14,915 [d3f5be2c-c721-4f88-912e-3aa9c1a6d18a@group-D8025C4BA272-StateMachineUpdater] INFO  ratis.ContainerStateMachine (ContainerStateMachine.java:takeSnapshot(304)) - group-D8025C4BA272: Finished taking a snapshot at:(t:1, i:0) file:/github/workspace/mnt/ozone/hadoop-ozone/integration-test/target/test-dir/MiniOzoneClusterImpl-1d5c47ff-0822-4398-9acc-4b25d0bc1405/datanode-2/data/ratis/6e801dc2-4fab-4c43-b53d-d8025c4ba272/sm/snapshot.1_0 time:0
2020-11-16 09:47:14,915 [d3f5be2c-c721-4f88-912e-3aa9c1a6d18a@group-D8025C4BA272-StateMachineUpdater] INFO  impl.StateMachineUpdater (StateMachineUpdater.java:takeSnapshot(277)) - d3f5be2c-c721-4f88-912e-3aa9c1a6d18a@group-D8025C4BA272-StateMachineUpdater: Took a snapshot at index 0
2020-11-16 09:47:14,915 [d3f5be2c-c721-4f88-912e-3aa9c1a6d18a@group-D8025C4BA272-StateMachineUpdater] INFO  impl.StateMachineUpdater (StateMachineUpdater.java:lambda$new$0(87)) - d3f5be2c-c721-4f88-912e-3aa9c1a6d18a@group-D8025C4BA272-StateMachineUpdater: snapshotIndex: updateIncreasingly -1 -> 0
2020-11-16 09:47:14,916 [d3f5be2c-c721-4f88-912e-3aa9c1a6d18a@group-D8025C4BA272-StateMachineUpdater] INFO  metrics.RatisMetrics (RatisMetrics.java:unregister(43)) - Unregistering Metrics Registry : ratis.state_machine.d3f5be2c-c721-4f88-912e-3aa9c1a6d18a@group-D8025C4BA272
2020-11-16 09:47:14,916 [ForkJoinPool.commonPool-worker-1] INFO  impl.RaftServerImpl (ServerState.java:close(405)) - d3f5be2c-c721-4f88-912e-3aa9c1a6d18a@group-D8025C4BA272: closes. applyIndex: 0
2020-11-16 09:47:14,916 [d3f5be2c-c721-4f88-912e-3aa9c1a6d18a@group-D8025C4BA272-SegmentedRaftLogWorker] INFO  segmented.SegmentedRaftLogWorker (SegmentedRaftLogWorker.java:run(327)) - d3f5be2c-c721-4f88-912e-3aa9c1a6d18a@group-D8025C4BA272-SegmentedRaftLogWorker was interrupted, exiting. There are 0 tasks remaining in the queue.
2020-11-16 09:47:14,916 [ForkJoinPool.commonPool-worker-1] INFO  segmented.SegmentedRaftLogWorker (SegmentedRaftLogWorker.java:close(234)) - d3f5be2c-c721-4f88-912e-3aa9c1a6d18a@group-D8025C4BA272-SegmentedRaftLogWorker close()
2020-11-16 09:47:14,917 [ForkJoinPool.commonPool-worker-1] INFO  metrics.RatisMetrics (RatisMetrics.java:unregister(43)) - Unregistering Metrics Registry : ratis.log_worker.d3f5be2c-c721-4f88-912e-3aa9c1a6d18a@group-D8025C4BA272
2020-11-16 09:47:14,917 [ForkJoinPool.commonPool-worker-1] INFO  metrics.RatisMetrics (RatisMetrics.java:unregister(43)) - Unregistering Metrics Registry : ratis.leader_election.d3f5be2c-c721-4f88-912e-3aa9c1a6d18a@group-D8025C4BA272
2020-11-16 09:47:14,917 [ForkJoinPool.commonPool-worker-1] INFO  metrics.RatisMetrics (RatisMetrics.java:unregister(43)) - Unregistering Metrics Registry : ratis.server.d3f5be2c-c721-4f88-912e-3aa9c1a6d18a@group-D8025C4BA272
2020-11-16 09:47:14,918 [ForkJoinPool.commonPool-worker-1] INFO  server.GrpcService (GrpcService.java:closeImpl(183)) - d3f5be2c-c721-4f88-912e-3aa9c1a6d18a: shutdown server with port 39229 now
2020-11-16 09:47:14,919 [ForkJoinPool.commonPool-worker-1] INFO  server.GrpcService (GrpcService.java:closeImpl(191)) - d3f5be2c-c721-4f88-912e-3aa9c1a6d18a: shutdown server with port 39229 successfully
2020-11-16 09:47:14,925 [ForkJoinPool.commonPool-worker-1] INFO  utils.BackgroundService (BackgroundService.java:shutdown(132)) - Shutting down service BlockDeletingService
2020-11-16 09:47:14,926 [ForkJoinPool.commonPool-worker-1] INFO  statemachine.DatanodeStateMachine (DatanodeStateMachine.java:stopDaemon(459)) - Ozone container server stopped.
2020-11-16 09:47:14,940 [ForkJoinPool.commonPool-worker-1] INFO  handler.ContextHandler (ContextHandler.java:doStop(1154)) - Stopped o.e.j.w.WebAppContext@68495876{hddsDatanode,/,null,STOPPED}{jar:file:/home/user/.m2/repository/org/apache/hadoop/hadoop-hdds-container-service/1.1.0-SNAPSHOT/hadoop-hdds-container-service-1.1.0-SNAPSHOT.jar!/webapps/hddsDatanode}
2020-11-16 09:47:14,940 [ForkJoinPool.commonPool-worker-1] INFO  server.AbstractConnector (AbstractConnector.java:doStop(381)) - Stopped ServerConnector@7bd302ae{HTTP/1.1, (http/1.1)}{0.0.0.0:0}
2020-11-16 09:47:14,940 [ForkJoinPool.commonPool-worker-1] INFO  server.session (HouseKeeper.java:stopScavenging(149)) - node0 Stopped scavenging
2020-11-16 09:47:14,946 [ForkJoinPool.commonPool-worker-1] INFO  handler.ContextHandler (ContextHandler.java:doStop(1154)) - Stopped o.e.j.s.ServletContextHandler@2c7b1fe4{static,/static,jar:file:/home/user/.m2/repository/org/apache/hadoop/hadoop-hdds-container-service/1.1.0-SNAPSHOT/hadoop-hdds-container-service-1.1.0-SNAPSHOT.jar!/webapps/static,STOPPED}
2020-11-16 09:47:14,947 [ForkJoinPool.commonPool-worker-1] INFO  handler.ContextHandler (ContextHandler.java:doStop(1154)) - Stopped o.e.j.s.ServletContextHandler@1ffe6418{logs,/logs,file:///github/workspace/mnt/ozone/hadoop-ozone/integration-test/target/log,STOPPED}
2020-11-16 09:47:14,947 [Listener at 127.0.0.1/12104] INFO  ozone.MiniOzoneClusterImpl (MiniOzoneClusterImpl.java:stopSCM(477)) - Stopping the StorageContainerManager
2020-11-16 09:47:14,948 [Listener at 127.0.0.1/12104] INFO  server.StorageContainerManager (StorageContainerManager.java:stop(832)) - Stopping Replication Manager Service.
2020-11-16 09:47:14,948 [Listener at 127.0.0.1/12104] INFO  container.ReplicationManager (ReplicationManager.java:stop(219)) - Stopping Replication Monitor Thread.
2020-11-16 09:47:14,948 [Listener at 127.0.0.1/12104] INFO  server.StorageContainerManager (StorageContainerManager.java:stop(839)) - Stopping Lease Manager of the command watchers
2020-11-16 09:47:14,948 [Listener at 127.0.0.1/12104] INFO  server.StorageContainerManager (StorageContainerManager.java:stop(846)) - Stopping datanode service RPC server
2020-11-16 09:47:14,948 [Listener at 127.0.0.1/12104] INFO  server.SCMDatanodeProtocolServer (SCMDatanodeProtocolServer.java:stop(361)) - Stopping the RPC server for DataNodes
2020-11-16 09:47:14,948 [Listener at 127.0.0.1/12104] INFO  ipc.Server (Server.java:stop(3359)) - Stopping server on 46191
2020-11-16 09:47:14,949 [CommandWatcher-LeaseManager#LeaseMonitor] ERROR lease.LeaseManager (LeaseManager.java:run(238)) - Execution was interrupted 
java.lang.InterruptedException: sleep interrupted
	at java.lang.Thread.sleep(Native Method)
	at org.apache.hadoop.ozone.lease.LeaseManager$LeaseMonitor.run(LeaseManager.java:234)
	at java.lang.Thread.run(Thread.java:748)
2020-11-16 09:47:14,951 [IPC Server listener on 0] INFO  ipc.Server (Server.java:run(1330)) - Stopping IPC Server listener on 0
2020-11-16 09:47:14,952 [IPC Server Responder] INFO  ipc.Server (Server.java:run(1465)) - Stopping IPC Server Responder
2020-11-16 09:47:14,959 [SCM Heartbeat Processing Thread - 0] WARN  node.NodeStateManager (NodeStateManager.java:scheduleNextHealthCheck(661)) - Current Thread is interrupted, shutting down HB processing thread for Node Manager.
2020-11-16 09:47:14,959 [Listener at 127.0.0.1/12104] INFO  server.StorageContainerManager (StorageContainerManager.java:stop(854)) - Stopping block service RPC server
2020-11-16 09:47:14,959 [Listener at 127.0.0.1/12104] INFO  server.SCMBlockProtocolServer (SCMBlockProtocolServer.java:stop(158)) - Stopping the RPC server for Block Protocol
2020-11-16 09:47:14,960 [Listener at 127.0.0.1/12104] INFO  ipc.Server (Server.java:stop(3359)) - Stopping server on 40837
2020-11-16 09:47:14,961 [Listener at 127.0.0.1/12104] INFO  server.StorageContainerManager (StorageContainerManager.java:stop(861)) - Stopping the StorageContainerLocationProtocol RPC server
2020-11-16 09:47:14,961 [Listener at 127.0.0.1/12104] INFO  server.SCMClientProtocolServer (SCMClientProtocolServer.java:stop(165)) - Stopping the RPC server for Client Protocol
2020-11-16 09:47:14,961 [Listener at 127.0.0.1/12104] INFO  ipc.Server (Server.java:stop(3359)) - Stopping server on 46157
2020-11-16 09:47:14,961 [IPC Server Responder] INFO  ipc.Server (Server.java:run(1465)) - Stopping IPC Server Responder
2020-11-16 09:47:14,962 [IPC Server listener on 0] INFO  ipc.Server (Server.java:run(1330)) - Stopping IPC Server listener on 0
2020-11-16 09:47:14,963 [Listener at 127.0.0.1/12104] INFO  server.StorageContainerManager (StorageContainerManager.java:stop(868)) - Stopping Storage Container Manager HTTP server.
2020-11-16 09:47:14,963 [IPC Server Responder] INFO  ipc.Server (Server.java:run(1465)) - Stopping IPC Server Responder
2020-11-16 09:47:14,964 [IPC Server listener on 0] INFO  ipc.Server (Server.java:run(1330)) - Stopping IPC Server listener on 0
2020-11-16 09:47:14,964 [Listener at 127.0.0.1/12104] INFO  handler.ContextHandler (ContextHandler.java:doStop(1154)) - Stopped o.e.j.w.WebAppContext@75db91e5{scm,/,null,STOPPED}{file:/github/workspace/mnt/ozone/hadoop-ozone/integration-test/target/test-classes/webapps/scm}
2020-11-16 09:47:14,964 [Listener at 127.0.0.1/12104] INFO  server.AbstractConnector (AbstractConnector.java:doStop(381)) - Stopped ServerConnector@4b7315d{HTTP/1.1, (http/1.1)}{0.0.0.0:0}
2020-11-16 09:47:14,964 [Listener at 127.0.0.1/12104] INFO  server.session (HouseKeeper.java:stopScavenging(149)) - node0 Stopped scavenging
2020-11-16 09:47:14,965 [Listener at 127.0.0.1/12104] INFO  handler.ContextHandler (ContextHandler.java:doStop(1154)) - Stopped o.e.j.s.ServletContextHandler@1bff624d{static,/static,file:///github/workspace/mnt/ozone/hadoop-ozone/integration-test/target/test-classes/webapps/static,STOPPED}
2020-11-16 09:47:14,965 [Listener at 127.0.0.1/12104] INFO  handler.ContextHandler (ContextHandler.java:doStop(1154)) - Stopped o.e.j.s.ServletContextHandler@abce501{logs,/logs,file:///github/workspace/mnt/ozone/hadoop-ozone/integration-test/target/log,STOPPED}
2020-11-16 09:47:14,966 [Listener at 127.0.0.1/12104] INFO  server.StorageContainerManager (StorageContainerManager.java:stop(879)) - Stopping Block Manager Service.
2020-11-16 09:47:14,966 [Listener at 127.0.0.1/12104] INFO  utils.BackgroundService (BackgroundService.java:shutdown(132)) - Shutting down service SCMBlockDeletingService
2020-11-16 09:47:14,966 [Listener at 127.0.0.1/12104] INFO  utils.BackgroundService (BackgroundService.java:shutdown(132)) - Shutting down service SCMBlockDeletingService
2020-11-16 09:47:14,966 [Listener at 127.0.0.1/12104] INFO  server.StorageContainerManager (StorageContainerManager.java:stop(904)) - Stopping SCM Event Queue.
2020-11-16 09:47:14,971 [Listener at 127.0.0.1/12104] INFO  impl.MetricsSystemImpl (MetricsSystemImpl.java:stop(210)) - Stopping HddsDatanode metrics system...
2020-11-16 09:47:14,973 [prometheus] INFO  impl.MetricsSinkAdapter (MetricsSinkAdapter.java:publishMetricsFromQueue(141)) - prometheus thread interrupted.
2020-11-16 09:47:14,973 [Listener at 127.0.0.1/12104] INFO  impl.MetricsSystemImpl (MetricsSystemImpl.java:stop(216)) - HddsDatanode metrics system stopped.
]]></system-out>
  </testcase>
  <testcase name="testOMRetryProxy" classname="org.apache.hadoop.ozone.om.TestOzoneManagerHAMetadataOnly" time="25.442"/>
  <testcase name="testOMProxyProviderFailoverToCurrentLeader" classname="org.apache.hadoop.ozone.om.TestOzoneManagerHAMetadataOnly" time="30.556"/>
  <testcase name="testAllBucketOperations" classname="org.apache.hadoop.ozone.om.TestOzoneManagerHAMetadataOnly" time="23.528"/>
  <testcase name="testOMProxyProviderFailoverOnConnectionFailure" classname="org.apache.hadoop.ozone.om.TestOzoneManagerHAMetadataOnly" time="0">
    <skipped message="This test randomly failing. Let&apos;s enable once its fixed."/>
  </testcase>
  <testcase name="testJMXMetrics" classname="org.apache.hadoop.ozone.om.TestOzoneManagerHAMetadataOnly" time="23.326"/>
  <testcase name="testReadRequest" classname="org.apache.hadoop.ozone.om.TestOzoneManagerHAMetadataOnly" time="23.436"/>
  <testcase name="testAllVolumeOperations" classname="org.apache.hadoop.ozone.om.TestOzoneManagerHAMetadataOnly" time="23.316"/>
  <testcase name="testListVolumes" classname="org.apache.hadoop.ozone.om.TestOzoneManagerHAMetadataOnly" time="0">
    <skipped message="This test randomly failing. Let&apos;s enable once its fixed."/>
  </testcase>
  <testcase name="testOMProxyProviderInitialization" classname="org.apache.hadoop.ozone.om.TestOzoneManagerHAMetadataOnly" time="23.595"/>
</testsuite>