<?xml version="1.0" encoding="UTF-8"?>
<testsuite xmlns:xsi="http://www.w3.org/2001/XMLSchema-instance" xsi:noNamespaceSchemaLocation="https://maven.apache.org/surefire/maven-surefire-plugin/xsd/surefire-test-report-3.0.xsd" version="3.0" name="org.apache.hadoop.ozone.client.rpc.TestDeleteWithSlowFollower" time="126.274" tests="1" errors="0" skipped="0" failures="1">
  <properties>
    <property name="awt.toolkit" value="sun.awt.X11.XToolkit"/>
    <property name="file.encoding.pkg" value="sun.io"/>
    <property name="java.specification.version" value="1.8"/>
    <property name="sun.cpu.isalist" value=""/>
    <property name="sun.jnu.encoding" value="UTF-8"/>
    <property name="java.class.path" value="/home/runner/work/ozone/ozone/hadoop-ozone/integration-test/target/test-classes:/home/runner/work/ozone/ozone/hadoop-ozone/integration-test/target/classes:/home/runner/.m2/repository/org/apache/ozone/ozone-common/1.4.0-SNAPSHOT/ozone-common-1.4.0-SNAPSHOT.jar:/home/runner/.m2/repository/io/grpc/grpc-netty/1.51.1/grpc-netty-1.51.1.jar:/home/runner/.m2/repository/io/grpc/grpc-core/1.51.1/grpc-core-1.51.1.jar:/home/runner/.m2/repository/com/google/android/annotations/4.1.1.4/annotations-4.1.1.4.jar:/home/runner/.m2/repository/org/codehaus/mojo/animal-sniffer-annotations/1.21/animal-sniffer-annotations-1.21.jar:/home/runner/.m2/repository/com/google/errorprone/error_prone_annotations/2.2.0/error_prone_annotations-2.2.0.jar:/home/runner/.m2/repository/io/perfmark/perfmark-api/0.25.0/perfmark-api-0.25.0.jar:/home/runner/.m2/repository/io/netty/netty-codec-http2/4.1.86.Final/netty-codec-http2-4.1.86.Final.jar:/home/runner/.m2/repository/io/netty/netty-common/4.1.86.Final/netty-common-4.1.86.Final.jar:/home/runner/.m2/repository/io/netty/netty-buffer/4.1.86.Final/netty-buffer-4.1.86.Final.jar:/home/runner/.m2/repository/io/netty/netty-codec-http/4.1.86.Final/netty-codec-http-4.1.86.Final.jar:/home/runner/.m2/repository/io/netty/netty-handler-proxy/4.1.86.Final/netty-handler-proxy-4.1.86.Final.jar:/home/runner/.m2/repository/io/netty/netty-codec-socks/4.1.86.Final/netty-codec-socks-4.1.86.Final.jar:/home/runner/.m2/repository/io/netty/netty-tcnative-boringssl-static/2.0.54.Final/netty-tcnative-boringssl-static-2.0.54.Final.jar:/home/runner/.m2/repository/io/netty/netty-tcnative-classes/2.0.54.Final/netty-tcnative-classes-2.0.54.Final.jar:/home/runner/.m2/repository/io/netty/netty-tcnative-boringssl-static/2.0.54.Final/netty-tcnative-boringssl-static-2.0.54.Final-linux-x86_64.jar:/home/runner/.m2/repository/io/netty/netty-tcnative-boringssl-static/2.0.54.Final/netty-tcnative-boringssl-static-2.0.54.Final-linux-aarch_64.jar:/home/runner/.m2/repository/io/netty/netty-tcnative-boringssl-static/2.0.54.Final/netty-tcnative-boringssl-static-2.0.54.Final-osx-x86_64.jar:/home/runner/.m2/repository/io/netty/netty-tcnative-boringssl-static/2.0.54.Final/netty-tcnative-boringssl-static-2.0.54.Final-osx-aarch_64.jar:/home/runner/.m2/repository/io/netty/netty-tcnative-boringssl-static/2.0.54.Final/netty-tcnative-boringssl-static-2.0.54.Final-windows-x86_64.jar:/home/runner/.m2/repository/org/apache/commons/commons-compress/1.21/commons-compress-1.21.jar:/home/runner/.m2/repository/org/apache/ozone/hdds-common/1.4.0-SNAPSHOT/hdds-common-1.4.0-SNAPSHOT.jar:/home/runner/.m2/repository/org/apache/ozone/hdds-client/1.4.0-SNAPSHOT/hdds-client-1.4.0-SNAPSHOT.jar:/home/runner/.m2/repository/org/apache/ozone/ozone-interface-client/1.4.0-SNAPSHOT/ozone-interface-client-1.4.0-SNAPSHOT.jar:/home/runner/.m2/repository/org/apache/ozone/hdds-test-utils/1.4.0-SNAPSHOT/hdds-test-utils-1.4.0-SNAPSHOT.jar:/home/runner/.m2/repository/com/google/guava/guava/31.1-jre/guava-31.1-jre.jar:/home/runner/.m2/repository/com/google/guava/failureaccess/1.0.1/failureaccess-1.0.1.jar:/home/runner/.m2/repository/com/google/guava/listenablefuture/9999.0-empty-to-avoid-conflict-with-guava/listenablefuture-9999.0-empty-to-avoid-conflict-with-guava.jar:/home/runner/.m2/repository/com/google/code/findbugs/jsr305/3.0.0/jsr305-3.0.0.jar:/home/runner/.m2/repository/org/checkerframework/checker-qual/3.12.0/checker-qual-3.12.0.jar:/home/runner/.m2/repository/com/google/j2objc/j2objc-annotations/1.3/j2objc-annotations-1.3.jar:/home/runner/.m2/repository/commons-io/commons-io/2.11.0/commons-io-2.11.0.jar:/home/runner/.m2/repository/commons-logging/commons-logging/1.2/commons-logging-1.2.jar:/home/runner/.m2/repository/ch/qos/reload4j/reload4j/1.2.22/reload4j-1.2.22.jar:/home/runner/.m2/repository/org/slf4j/slf4j-api/1.7.36/slf4j-api-1.7.36.jar:/home/runner/.m2/repository/org/apache/ozone/hdds-server-scm/1.4.0-SNAPSHOT/hdds-server-scm-1.4.0-SNAPSHOT.jar:/home/runner/.m2/repository/org/apache/ozone/hdds-container-service/1.4.0-SNAPSHOT/hdds-container-service-1.4.0-SNAPSHOT.jar:/home/runner/.m2/repository/org/apache/ozone/hdds-hadoop-dependency-server/1.4.0-SNAPSHOT/hdds-hadoop-dependency-server-1.4.0-SNAPSHOT.jar:/home/runner/.m2/repository/org/apache/hadoop/hadoop-hdfs/3.3.5/hadoop-hdfs-3.3.5.jar:/home/runner/.m2/repository/commons-daemon/commons-daemon/1.0.13/commons-daemon-1.0.13.jar:/home/runner/.m2/repository/org/apache/ozone/hdds-server-framework/1.4.0-SNAPSHOT/hdds-server-framework-1.4.0-SNAPSHOT.jar:/home/runner/.m2/repository/io/dropwizard/metrics/metrics-core/3.2.4/metrics-core-3.2.4.jar:/home/runner/.m2/repository/org/apache/commons/commons-text/1.4/commons-text-1.4.jar:/home/runner/.m2/repository/org/apache/hadoop/hadoop-hdfs-client/3.3.5/hadoop-hdfs-client-3.3.5.jar:/home/runner/.m2/repository/com/squareup/okhttp3/okhttp/4.9.3/okhttp-4.9.3.jar:/home/runner/.m2/repository/com/squareup/okio/okio/2.8.0/okio-2.8.0.jar:/home/runner/.m2/repository/org/jetbrains/kotlin/kotlin-stdlib-common/1.6.21/kotlin-stdlib-common-1.6.21.jar:/home/runner/.m2/repository/org/bouncycastle/bcprov-jdk15on/1.67/bcprov-jdk15on-1.67.jar:/home/runner/.m2/repository/com/google/protobuf/protobuf-java/2.5.0/protobuf-java-2.5.0.jar:/home/runner/.m2/repository/org/apache/ozone/hdds-server-framework/1.4.0-SNAPSHOT/hdds-server-framework-1.4.0-SNAPSHOT-tests.jar:/home/runner/.m2/repository/org/apache/ozone/hdds-interface-server/1.4.0-SNAPSHOT/hdds-interface-server-1.4.0-SNAPSHOT.jar:/home/runner/.m2/repository/org/apache/ozone/hdds-interface-admin/1.4.0-SNAPSHOT/hdds-interface-admin-1.4.0-SNAPSHOT.jar:/home/runner/.m2/repository/org/apache/ozone/hdds-managed-rocksdb/1.4.0-SNAPSHOT/hdds-managed-rocksdb-1.4.0-SNAPSHOT.jar:/home/runner/.m2/repository/org/rocksdb/rocksdbjni/7.7.3/rocksdbjni-7.7.3.jar:/home/runner/.m2/repository/org/slf4j/slf4j-reload4j/1.7.36/slf4j-reload4j-1.7.36.jar:/home/runner/.m2/repository/org/apache/commons/commons-configuration2/2.1.1/commons-configuration2-2.1.1.jar:/home/runner/.m2/repository/org/apache/logging/log4j/log4j-core/2.17.1/log4j-core-2.17.1.jar:/home/runner/.m2/repository/com/lmax/disruptor/3.4.2/disruptor-3.4.2.jar:/home/runner/.m2/repository/org/eclipse/jetty/jetty-util/9.4.51.v20230217/jetty-util-9.4.51.v20230217.jar:/home/runner/.m2/repository/org/eclipse/jetty/jetty-server/9.4.51.v20230217/jetty-server-9.4.51.v20230217.jar:/home/runner/.m2/repository/org/eclipse/jetty/jetty-http/9.4.51.v20230217/jetty-http-9.4.51.v20230217.jar:/home/runner/.m2/repository/org/eclipse/jetty/jetty-io/9.4.51.v20230217/jetty-io-9.4.51.v20230217.jar:/home/runner/.m2/repository/org/eclipse/jetty/jetty-servlet/9.4.51.v20230217/jetty-servlet-9.4.51.v20230217.jar:/home/runner/.m2/repository/org/eclipse/jetty/jetty-security/9.4.51.v20230217/jetty-security-9.4.51.v20230217.jar:/home/runner/.m2/repository/org/eclipse/jetty/jetty-util-ajax/9.4.51.v20230217/jetty-util-ajax-9.4.51.v20230217.jar:/home/runner/.m2/repository/org/eclipse/jetty/jetty-webapp/9.4.51.v20230217/jetty-webapp-9.4.51.v20230217.jar:/home/runner/.m2/repository/org/eclipse/jetty/jetty-xml/9.4.51.v20230217/jetty-xml-9.4.51.v20230217.jar:/home/runner/.m2/repository/org/apache/ratis/ratis-server/2.4.2-8b8bdda-SNAPSHOT/ratis-server-2.4.2-8b8bdda-SNAPSHOT.jar:/home/runner/.m2/repository/org/apache/ratis/ratis-thirdparty-misc/1.0.3/ratis-thirdparty-misc-1.0.3.jar:/home/runner/.m2/repository/org/apache/ratis/ratis-proto/2.4.2-8b8bdda-SNAPSHOT/ratis-proto-2.4.2-8b8bdda-SNAPSHOT.jar:/home/runner/.m2/repository/org/apache/ratis/ratis-common/2.4.2-8b8bdda-SNAPSHOT/ratis-common-2.4.2-8b8bdda-SNAPSHOT.jar:/home/runner/.m2/repository/org/apache/ratis/ratis-client/2.4.2-8b8bdda-SNAPSHOT/ratis-client-2.4.2-8b8bdda-SNAPSHOT.jar:/home/runner/.m2/repository/org/apache/ratis/ratis-server-api/2.4.2-8b8bdda-SNAPSHOT/ratis-server-api-2.4.2-8b8bdda-SNAPSHOT.jar:/home/runner/.m2/repository/org/apache/ratis/ratis-metrics/2.4.2-8b8bdda-SNAPSHOT/ratis-metrics-2.4.2-8b8bdda-SNAPSHOT.jar:/home/runner/.m2/repository/io/prometheus/simpleclient_dropwizard/0.7.0/simpleclient_dropwizard-0.7.0.jar:/home/runner/.m2/repository/io/prometheus/simpleclient/0.7.0/simpleclient-0.7.0.jar:/home/runner/.m2/repository/io/prometheus/simpleclient_common/0.7.0/simpleclient_common-0.7.0.jar:/home/runner/.m2/repository/com/fasterxml/jackson/datatype/jackson-datatype-jsr310/2.13.4/jackson-datatype-jsr310-2.13.4.jar:/home/runner/.m2/repository/com/fasterxml/jackson/core/jackson-core/2.13.4/jackson-core-2.13.4.jar:/home/runner/.m2/repository/com/github/spotbugs/spotbugs-annotations/3.1.12/spotbugs-annotations-3.1.12.jar:/home/runner/.m2/repository/org/apache/ozone/rocksdb-checkpoint-differ/1.4.0-SNAPSHOT/rocksdb-checkpoint-differ-1.4.0-SNAPSHOT.jar:/home/runner/.m2/repository/org/awaitility/awaitility/4.2.0/awaitility-4.2.0.jar:/home/runner/.m2/repository/org/hamcrest/hamcrest/2.1/hamcrest-2.1.jar:/home/runner/.m2/repository/org/apache/ozone/ozone-manager/1.4.0-SNAPSHOT/ozone-manager-1.4.0-SNAPSHOT.jar:/home/runner/.m2/repository/org/aspectj/aspectjrt/1.9.7/aspectjrt-1.9.7.jar:/home/runner/.m2/repository/org/aspectj/aspectjweaver/1.9.7/aspectjweaver-1.9.7.jar:/home/runner/.m2/repository/org/apache/ozone/hdds-interface-client/1.4.0-SNAPSHOT/hdds-interface-client-1.4.0-SNAPSHOT.jar:/home/runner/.m2/repository/org/apache/hadoop/thirdparty/hadoop-shaded-protobuf_3_7/1.1.1/hadoop-shaded-protobuf_3_7-1.1.1.jar:/home/runner/.m2/repository/org/apache/ozone/ozone-interface-storage/1.4.0-SNAPSHOT/ozone-interface-storage-1.4.0-SNAPSHOT.jar:/home/runner/.m2/repository/org/reflections/reflections/0.9.11/reflections-0.9.11.jar:/home/runner/.m2/repository/com/sun/jersey/jersey-client/1.19/jersey-client-1.19.jar:/home/runner/.m2/repository/org/codehaus/jackson/jackson-core-asl/1.9.13/jackson-core-asl-1.9.13.jar:/home/runner/.m2/repository/org/codehaus/jackson/jackson-mapper-asl/1.9.13/jackson-mapper-asl-1.9.13.jar:/home/runner/.m2/repository/org/codehaus/jackson/jackson-jaxrs/1.9.13/jackson-jaxrs-1.9.13.jar:/home/runner/.m2/repository/org/apache/ranger/ranger-intg/2.3.0/ranger-intg-2.3.0.jar:/home/runner/.m2/repository/org/apache/ranger/ranger-plugins-common/2.3.0/ranger-plugins-common-2.3.0.jar:/home/runner/.m2/repository/commons-lang/commons-lang/2.6/commons-lang-2.6.jar:/home/runner/.m2/repository/org/apache/ranger/ranger-plugins-cred/2.3.0/ranger-plugins-cred-2.3.0.jar:/home/runner/.m2/repository/org/apache/ranger/ranger-plugins-audit/2.3.0/ranger-plugins-audit-2.3.0.jar:/home/runner/.m2/repository/org/eclipse/jetty/jetty-client/9.4.51.v20230217/jetty-client-9.4.51.v20230217.jar:/home/runner/.m2/repository/org/apache/httpcomponents/httpmime/4.5.6/httpmime-4.5.6.jar:/home/runner/.m2/repository/org/apache/httpcomponents/httpcore-nio/4.4.13/httpcore-nio-4.4.13.jar:/home/runner/.m2/repository/org/apache/httpcomponents/httpasyncclient/4.1.3/httpasyncclient-4.1.3.jar:/home/runner/.m2/repository/com/carrotsearch/hppc/0.8.0/hppc-0.8.0.jar:/home/runner/.m2/repository/org/apache/orc/orc-core/1.5.8/orc-core-1.5.8.jar:/home/runner/.m2/repository/net/java/dev/jna/jna/5.2.0/jna-5.2.0.jar:/home/runner/.m2/repository/net/java/dev/jna/jna-platform/5.2.0/jna-platform-5.2.0.jar:/home/runner/.m2/repository/com/kstruct/gethostname4j/0.0.2/gethostname4j-0.0.2.jar:/home/runner/.m2/repository/org/apache/ranger/ranger-plugin-classloader/2.3.0/ranger-plugin-classloader-2.3.0.jar:/home/runner/.m2/repository/org/apache/ozone/hdds-rocks-native/1.4.0-SNAPSHOT/hdds-rocks-native-1.4.0-SNAPSHOT.jar:/home/runner/.m2/repository/org/apache/hadoop/hadoop-minikdc/3.3.5/hadoop-minikdc-3.3.5.jar:/home/runner/.m2/repository/org/apache/kerby/kerb-simplekdc/1.0.1/kerb-simplekdc-1.0.1.jar:/home/runner/.m2/repository/org/apache/kerby/kerb-client/1.0.1/kerb-client-1.0.1.jar:/home/runner/.m2/repository/org/apache/kerby/kerby-config/1.0.1/kerby-config-1.0.1.jar:/home/runner/.m2/repository/org/apache/kerby/kerb-common/1.0.1/kerb-common-1.0.1.jar:/home/runner/.m2/repository/org/apache/kerby/kerb-crypto/1.0.1/kerb-crypto-1.0.1.jar:/home/runner/.m2/repository/org/apache/kerby/kerb-util/1.0.1/kerb-util-1.0.1.jar:/home/runner/.m2/repository/org/apache/kerby/token-provider/1.0.1/token-provider-1.0.1.jar:/home/runner/.m2/repository/org/apache/kerby/kerb-admin/1.0.1/kerb-admin-1.0.1.jar:/home/runner/.m2/repository/org/apache/kerby/kerb-server/1.0.1/kerb-server-1.0.1.jar:/home/runner/.m2/repository/org/apache/kerby/kerb-identity/1.0.1/kerb-identity-1.0.1.jar:/home/runner/.m2/repository/org/apache/kerby/kerby-xdr/1.0.1/kerby-xdr-1.0.1.jar:/home/runner/.m2/repository/org/apache/ozone/ozone-s3gateway/1.4.0-SNAPSHOT/ozone-s3gateway-1.4.0-SNAPSHOT.jar:/home/runner/.m2/repository/org/javassist/javassist/3.21.0-GA/javassist-3.21.0-GA.jar:/home/runner/.m2/repository/org/jboss/weld/servlet/weld-servlet-shaded/3.1.9.Final/weld-servlet-shaded-3.1.9.Final.jar:/home/runner/.m2/repository/org/glassfish/jersey/containers/jersey-container-servlet-core/2.34/jersey-container-servlet-core-2.34.jar:/home/runner/.m2/repository/org/glassfish/hk2/external/jakarta.inject/2.6.1/jakarta.inject-2.6.1.jar:/home/runner/.m2/repository/org/glassfish/jersey/core/jersey-common/2.34/jersey-common-2.34.jar:/home/runner/.m2/repository/jakarta/ws/rs/jakarta.ws.rs-api/2.1.6/jakarta.ws.rs-api-2.1.6.jar:/home/runner/.m2/repository/org/glassfish/jersey/ext/cdi/jersey-cdi1x/2.34/jersey-cdi1x-2.34.jar:/home/runner/.m2/repository/org/glassfish/jersey/inject/jersey-hk2/2.34/jersey-hk2-2.34.jar:/home/runner/.m2/repository/org/glassfish/hk2/hk2-locator/2.6.1/hk2-locator-2.6.1.jar:/home/runner/.m2/repository/org/glassfish/jersey/media/jersey-media-jaxb/2.34/jersey-media-jaxb-2.34.jar:/home/runner/.m2/repository/org/glassfish/hk2/osgi-resource-locator/1.0.3/osgi-resource-locator-1.0.3.jar:/home/runner/.m2/repository/org/glassfish/hk2/hk2-api/2.5.0/hk2-api-2.5.0.jar:/home/runner/.m2/repository/org/glassfish/hk2/hk2-utils/2.5.0/hk2-utils-2.5.0.jar:/home/runner/.m2/repository/org/glassfish/hk2/external/aopalliance-repackaged/2.5.0/aopalliance-repackaged-2.5.0.jar:/home/runner/.m2/repository/com/fasterxml/jackson/dataformat/jackson-dataformat-xml/2.13.4/jackson-dataformat-xml-2.13.4.jar:/home/runner/.m2/repository/org/codehaus/woodstox/stax2-api/4.2.1/stax2-api-4.2.1.jar:/home/runner/.m2/repository/com/fasterxml/woodstox/woodstox-core/5.4.0/woodstox-core-5.4.0.jar:/home/runner/.m2/repository/com/fasterxml/jackson/module/jackson-module-jaxb-annotations/2.13.4/jackson-module-jaxb-annotations-2.13.4.jar:/home/runner/.m2/repository/jakarta/xml/bind/jakarta.xml.bind-api/2.3.3/jakarta.xml.bind-api-2.3.3.jar:/home/runner/.m2/repository/jakarta/activation/jakarta.activation-api/1.2.2/jakarta.activation-api-1.2.2.jar:/home/runner/.m2/repository/javax/enterprise/cdi-api/2.0/cdi-api-2.0.jar:/home/runner/.m2/repository/javax/el/javax.el-api/3.0.0/javax.el-api-3.0.0.jar:/home/runner/.m2/repository/javax/interceptor/javax.interceptor-api/1.2/javax.interceptor-api-1.2.jar:/home/runner/.m2/repository/javax/inject/javax.inject/1/javax.inject-1.jar:/home/runner/.m2/repository/javax/xml/bind/jaxb-api/2.3.0/jaxb-api-2.3.0.jar:/home/runner/.m2/repository/org/glassfish/jaxb/jaxb-runtime/2.3.0.1/jaxb-runtime-2.3.0.1.jar:/home/runner/.m2/repository/org/glassfish/jaxb/jaxb-core/2.3.0.1/jaxb-core-2.3.0.1.jar:/home/runner/.m2/repository/org/glassfish/jaxb/txw2/2.3.0.1/txw2-2.3.0.1.jar:/home/runner/.m2/repository/com/sun/istack/istack-commons-runtime/3.0.5/istack-commons-runtime-3.0.5.jar:/home/runner/.m2/repository/org/jvnet/staxex/stax-ex/1.7.8/stax-ex-1.7.8.jar:/home/runner/.m2/repository/com/sun/xml/fastinfoset/FastInfoset/1.2.13/FastInfoset-1.2.13.jar:/home/runner/.m2/repository/javax/activation/activation/1.1.1/activation-1.1.1.jar:/home/runner/.m2/repository/io/grpc/grpc-protobuf/1.51.1/grpc-protobuf-1.51.1.jar:/home/runner/.m2/repository/io/grpc/grpc-api/1.51.1/grpc-api-1.51.1.jar:/home/runner/.m2/repository/io/grpc/grpc-context/1.51.1/grpc-context-1.51.1.jar:/home/runner/.m2/repository/com/google/api/grpc/proto-google-common-protos/2.9.0/proto-google-common-protos-2.9.0.jar:/home/runner/.m2/repository/io/grpc/grpc-protobuf-lite/1.51.1/grpc-protobuf-lite-1.51.1.jar:/home/runner/.m2/repository/io/grpc/grpc-stub/1.51.1/grpc-stub-1.51.1.jar:/home/runner/.m2/repository/io/netty/netty-transport/4.1.86.Final/netty-transport-4.1.86.Final.jar:/home/runner/.m2/repository/io/netty/netty-resolver/4.1.86.Final/netty-resolver-4.1.86.Final.jar:/home/runner/.m2/repository/org/apache/ozone/ozone-csi/1.4.0-SNAPSHOT/ozone-csi-1.4.0-SNAPSHOT.jar:/home/runner/.m2/repository/com/google/protobuf/protobuf-java-util/3.19.6/protobuf-java-util-3.19.6.jar:/home/runner/.m2/repository/com/google/code/gson/gson/2.9.0/gson-2.9.0.jar:/home/runner/.m2/repository/org/apache/ozone/hdds-config/1.4.0-SNAPSHOT/hdds-config-1.4.0-SNAPSHOT.jar:/home/runner/.m2/repository/io/netty/netty-transport-native-epoll/4.1.86.Final/netty-transport-native-epoll-4.1.86.Final-linux-x86_64.jar:/home/runner/.m2/repository/io/netty/netty-transport-classes-epoll/4.1.86.Final/netty-transport-classes-epoll-4.1.86.Final.jar:/home/runner/.m2/repository/io/netty/netty-transport-native-unix-common/4.1.86.Final/netty-transport-native-unix-common-4.1.86.Final.jar:/home/runner/.m2/repository/org/apache/ozone/ozone-recon/1.4.0-SNAPSHOT/ozone-recon-1.4.0-SNAPSHOT.jar:/home/runner/.m2/repository/org/apache/ozone/ozone-reconcodegen/1.4.0-SNAPSHOT/ozone-reconcodegen-1.4.0-SNAPSHOT.jar:/home/runner/.m2/repository/com/google/inject/guice/5.1.0/guice-5.1.0.jar:/home/runner/.m2/repository/aopalliance/aopalliance/1.0/aopalliance-1.0.jar:/home/runner/.m2/repository/com/google/inject/extensions/guice-assistedinject/5.1.0/guice-assistedinject-5.1.0.jar:/home/runner/.m2/repository/com/google/inject/extensions/guice-servlet/5.1.0/guice-servlet-5.1.0.jar:/home/runner/.m2/repository/org/glassfish/jersey/containers/jersey-container-servlet/2.34/jersey-container-servlet-2.34.jar:/home/runner/.m2/repository/org/glassfish/hk2/guice-bridge/2.5.0/guice-bridge-2.5.0.jar:/home/runner/.m2/repository/org/glassfish/jersey/core/jersey-server/2.34/jersey-server-2.34.jar:/home/runner/.m2/repository/org/glassfish/jersey/core/jersey-client/2.34/jersey-client-2.34.jar:/home/runner/.m2/repository/jakarta/annotation/jakarta.annotation-api/1.3.5/jakarta.annotation-api-1.3.5.jar:/home/runner/.m2/repository/jakarta/validation/jakarta.validation-api/2.0.2/jakarta.validation-api-2.0.2.jar:/home/runner/.m2/repository/org/glassfish/jersey/media/jersey-media-json-jackson/2.34/jersey-media-json-jackson-2.34.jar:/home/runner/.m2/repository/org/glassfish/jersey/ext/jersey-entity-filtering/2.34/jersey-entity-filtering-2.34.jar:/home/runner/.m2/repository/org/jooq/jooq/3.11.10/jooq-3.11.10.jar:/home/runner/.m2/repository/org/jooq/jooq-meta/3.11.10/jooq-meta-3.11.10.jar:/home/runner/.m2/repository/org/jooq/jooq-codegen/3.11.10/jooq-codegen-3.11.10.jar:/home/runner/.m2/repository/com/jolbox/bonecp/0.8.0.RELEASE/bonecp-0.8.0.RELEASE.jar:/home/runner/.m2/repository/org/apache/derby/derby/10.14.2.0/derby-10.14.2.0.jar:/home/runner/.m2/repository/org/xerial/sqlite-jdbc/3.25.2/sqlite-jdbc-3.25.2.jar:/home/runner/.m2/repository/org/springframework/spring-jdbc/5.3.26/spring-jdbc-5.3.26.jar:/home/runner/.m2/repository/org/springframework/spring-beans/5.3.26/spring-beans-5.3.26.jar:/home/runner/.m2/repository/org/springframework/spring-core/5.3.26/spring-core-5.3.26.jar:/home/runner/.m2/repository/org/springframework/spring-tx/5.3.26/spring-tx-5.3.26.jar:/home/runner/.m2/repository/org/apache/ozone/ozone-client/1.4.0-SNAPSHOT/ozone-client-1.4.0-SNAPSHOT.jar:/home/runner/.m2/repository/org/apache/ozone/hdds-erasurecode/1.4.0-SNAPSHOT/hdds-erasurecode-1.4.0-SNAPSHOT.jar:/home/runner/.m2/repository/org/apache/ozone/ozone-filesystem/1.4.0-SNAPSHOT/ozone-filesystem-1.4.0-SNAPSHOT.jar:/home/runner/.m2/repository/org/apache/ozone/ozone-filesystem-common/1.4.0-SNAPSHOT/ozone-filesystem-common-1.4.0-SNAPSHOT.jar:/home/runner/.m2/repository/org/apache/ozone/ozone-tools/1.4.0-SNAPSHOT/ozone-tools-1.4.0-SNAPSHOT.jar:/home/runner/.m2/repository/com/amazonaws/aws-java-sdk-core/1.12.261/aws-java-sdk-core-1.12.261.jar:/home/runner/.m2/repository/org/apache/httpcomponents/httpclient/4.5.13/httpclient-4.5.13.jar:/home/runner/.m2/repository/org/apache/httpcomponents/httpcore/4.4.13/httpcore-4.4.13.jar:/home/runner/.m2/repository/software/amazon/ion/ion-java/1.0.2/ion-java-1.0.2.jar:/home/runner/.m2/repository/com/fasterxml/jackson/dataformat/jackson-dataformat-cbor/2.13.4/jackson-dataformat-cbor-2.13.4.jar:/home/runner/.m2/repository/joda-time/joda-time/2.10.6/joda-time-2.10.6.jar:/home/runner/.m2/repository/com/amazonaws/aws-java-sdk-s3/1.12.261/aws-java-sdk-s3-1.12.261.jar:/home/runner/.m2/repository/com/amazonaws/aws-java-sdk-kms/1.12.261/aws-java-sdk-kms-1.12.261.jar:/home/runner/.m2/repository/com/amazonaws/jmespath-java/1.12.261/jmespath-java-1.12.261.jar:/home/runner/.m2/repository/org/kohsuke/metainf-services/metainf-services/1.8/metainf-services-1.8.jar:/home/runner/.m2/repository/org/apache/ozone/hdds-tools/1.4.0-SNAPSHOT/hdds-tools-1.4.0-SNAPSHOT.jar:/home/runner/.m2/repository/org/apache/ratis/ratis-tools/2.4.2-8b8bdda-SNAPSHOT/ratis-tools-2.4.2-8b8bdda-SNAPSHOT.jar:/home/runner/.m2/repository/commons-cli/commons-cli/1.2/commons-cli-1.2.jar:/home/runner/.m2/repository/org/apache/commons/commons-lang3/3.7/commons-lang3-3.7.jar:/home/runner/.m2/repository/org/apache/ozone/ozone-manager/1.4.0-SNAPSHOT/ozone-manager-1.4.0-SNAPSHOT-tests.jar:/home/runner/.m2/repository/org/apache/ozone/hdds-common/1.4.0-SNAPSHOT/hdds-common-1.4.0-SNAPSHOT-tests.jar:/home/runner/.m2/repository/org/apache/ozone/hdds-hadoop-dependency-client/1.4.0-SNAPSHOT/hdds-hadoop-dependency-client-1.4.0-SNAPSHOT.jar:/home/runner/.m2/repository/info/picocli/picocli/4.6.1/picocli-4.6.1.jar:/home/runner/.m2/repository/com/fasterxml/jackson/core/jackson-annotations/2.13.4/jackson-annotations-2.13.4.jar:/home/runner/.m2/repository/org/apache/ozone/hdds-annotation-processing/1.4.0-SNAPSHOT/hdds-annotation-processing-1.4.0-SNAPSHOT.jar:/home/runner/.m2/repository/javax/annotation/javax.annotation-api/1.2/javax.annotation-api-1.2.jar:/home/runner/.m2/repository/org/apache/ratis/ratis-netty/2.4.2-8b8bdda-SNAPSHOT/ratis-netty-2.4.2-8b8bdda-SNAPSHOT.jar:/home/runner/.m2/repository/org/apache/ratis/ratis-grpc/2.4.2-8b8bdda-SNAPSHOT/ratis-grpc-2.4.2-8b8bdda-SNAPSHOT.jar:/home/runner/.m2/repository/org/apache/logging/log4j/log4j-api/2.17.1/log4j-api-2.17.1.jar:/home/runner/.m2/repository/org/apache/commons/commons-pool2/2.6.0/commons-pool2-2.6.0.jar:/home/runner/.m2/repository/org/bouncycastle/bcpkix-jdk15on/1.67/bcpkix-jdk15on-1.67.jar:/home/runner/.m2/repository/commons-validator/commons-validator/1.6/commons-validator-1.6.jar:/home/runner/.m2/repository/commons-beanutils/commons-beanutils/1.9.4/commons-beanutils-1.9.4.jar:/home/runner/.m2/repository/commons-digester/commons-digester/1.8.1/commons-digester-1.8.1.jar:/home/runner/.m2/repository/commons-collections/commons-collections/3.2.2/commons-collections-3.2.2.jar:/home/runner/.m2/repository/io/jaegertracing/jaeger-client/1.6.0/jaeger-client-1.6.0.jar:/home/runner/.m2/repository/io/jaegertracing/jaeger-thrift/1.6.0/jaeger-thrift-1.6.0.jar:/home/runner/.m2/repository/org/apache/thrift/libthrift/0.14.1/libthrift-0.14.1.jar:/home/runner/.m2/repository/io/jaegertracing/jaeger-core/1.6.0/jaeger-core-1.6.0.jar:/home/runner/.m2/repository/io/jaegertracing/jaeger-tracerresolver/1.6.0/jaeger-tracerresolver-1.6.0.jar:/home/runner/.m2/repository/io/opentracing/contrib/opentracing-tracerresolver/0.1.8/opentracing-tracerresolver-0.1.8.jar:/home/runner/.m2/repository/org/jetbrains/kotlin/kotlin-stdlib/1.6.21/kotlin-stdlib-1.6.21.jar:/home/runner/.m2/repository/org/jetbrains/annotations/13.0/annotations-13.0.jar:/home/runner/.m2/repository/io/opentracing/opentracing-util/0.33.0/opentracing-util-0.33.0.jar:/home/runner/.m2/repository/io/opentracing/opentracing-api/0.33.0/opentracing-api-0.33.0.jar:/home/runner/.m2/repository/io/opentracing/opentracing-noop/0.33.0/opentracing-noop-0.33.0.jar:/home/runner/.m2/repository/org/yaml/snakeyaml/2.0/snakeyaml-2.0.jar:/home/runner/.m2/repository/junit/junit/4.13.1/junit-4.13.1.jar:/home/runner/.m2/repository/org/hamcrest/hamcrest-core/1.3/hamcrest-core-1.3.jar:/home/runner/.m2/repository/org/junit/jupiter/junit-jupiter-api/5.8.2/junit-jupiter-api-5.8.2.jar:/home/runner/.m2/repository/org/opentest4j/opentest4j/1.2.0/opentest4j-1.2.0.jar:/home/runner/.m2/repository/org/junit/platform/junit-platform-commons/1.8.2/junit-platform-commons-1.8.2.jar:/home/runner/.m2/repository/org/apiguardian/apiguardian-api/1.1.2/apiguardian-api-1.1.2.jar:/home/runner/.m2/repository/org/junit/jupiter/junit-jupiter-params/5.8.2/junit-jupiter-params-5.8.2.jar:/home/runner/.m2/repository/org/junit/jupiter/junit-jupiter-migrationsupport/5.8.2/junit-jupiter-migrationsupport-5.8.2.jar:/home/runner/.m2/repository/org/junit/jupiter/junit-jupiter-engine/5.8.2/junit-jupiter-engine-5.8.2.jar:/home/runner/.m2/repository/org/junit/platform/junit-platform-engine/1.8.2/junit-platform-engine-1.8.2.jar:/home/runner/.m2/repository/org/junit/vintage/junit-vintage-engine/5.8.2/junit-vintage-engine-5.8.2.jar:/home/runner/.m2/repository/org/junit/platform/junit-platform-launcher/1.8.2/junit-platform-launcher-1.8.2.jar:/home/runner/.m2/repository/org/mockito/mockito-core/2.28.2/mockito-core-2.28.2.jar:/home/runner/.m2/repository/net/bytebuddy/byte-buddy/1.9.10/byte-buddy-1.9.10.jar:/home/runner/.m2/repository/net/bytebuddy/byte-buddy-agent/1.9.10/byte-buddy-agent-1.9.10.jar:/home/runner/.m2/repository/org/objenesis/objenesis/1.0/objenesis-1.0.jar:/home/runner/.m2/repository/org/apache/hadoop/hadoop-kms/3.3.5/hadoop-kms-3.3.5.jar:/home/runner/.m2/repository/org/apache/hadoop/hadoop-auth/3.3.5/hadoop-auth-3.3.5.jar:/home/runner/.m2/repository/com/nimbusds/nimbus-jose-jwt/9.8.1/nimbus-jose-jwt-9.8.1.jar:/home/runner/.m2/repository/com/github/stephenc/jcip/jcip-annotations/1.0-1/jcip-annotations-1.0-1.jar:/home/runner/.m2/repository/net/minidev/json-smart/2.4.7/json-smart-2.4.7.jar:/home/runner/.m2/repository/net/minidev/accessors-smart/2.4.7/accessors-smart-2.4.7.jar:/home/runner/.m2/repository/org/ow2/asm/asm/5.0.4/asm-5.0.4.jar:/home/runner/.m2/repository/org/apache/zookeeper/zookeeper/3.5.6/zookeeper-3.5.6.jar:/home/runner/.m2/repository/org/apache/zookeeper/zookeeper-jute/3.5.6/zookeeper-jute-3.5.6.jar:/home/runner/.m2/repository/org/apache/yetus/audience-annotations/0.5.0/audience-annotations-0.5.0.jar:/home/runner/.m2/repository/org/apache/curator/curator-framework/4.2.0/curator-framework-4.2.0.jar:/home/runner/.m2/repository/org/apache/hadoop/thirdparty/hadoop-shaded-guava/1.1.1/hadoop-shaded-guava-1.1.1.jar:/home/runner/.m2/repository/com/sun/jersey/jersey-core/1.19/jersey-core-1.19.jar:/home/runner/.m2/repository/javax/ws/rs/jsr311-api/1.1.1/jsr311-api-1.1.1.jar:/home/runner/.m2/repository/com/sun/jersey/jersey-server/1.19/jersey-server-1.19.jar:/home/runner/.m2/repository/javax/servlet/javax.servlet-api/3.1.0/javax.servlet-api-3.1.0.jar:/home/runner/.m2/repository/org/apache/hadoop/hadoop-common/3.3.5/hadoop-common-3.3.5.jar:/home/runner/.m2/repository/org/apache/commons/commons-math3/3.1.1/commons-math3-3.1.1.jar:/home/runner/.m2/repository/commons-net/commons-net/3.9.0/commons-net-3.9.0.jar:/home/runner/.m2/repository/com/sun/jersey/jersey-servlet/1.19/jersey-servlet-1.19.jar:/home/runner/.m2/repository/com/github/pjfanning/jersey-json/1.20/jersey-json-1.20.jar:/home/runner/.m2/repository/org/codehaus/jettison/jettison/1.1/jettison-1.1.jar:/home/runner/.m2/repository/com/sun/xml/bind/jaxb-impl/2.2.3-1/jaxb-impl-2.2.3-1.jar:/home/runner/.m2/repository/com/google/re2j/re2j/1.1/re2j-1.1.jar:/home/runner/.m2/repository/com/jcraft/jsch/0.1.54/jsch-0.1.54.jar:/home/runner/.m2/repository/org/apache/curator/curator-client/4.2.0/curator-client-4.2.0.jar:/home/runner/.m2/repository/org/apache/curator/curator-recipes/4.2.0/curator-recipes-4.2.0.jar:/home/runner/.m2/repository/org/apache/kerby/kerb-core/1.0.1/kerb-core-1.0.1.jar:/home/runner/.m2/repository/org/apache/kerby/kerby-pkix/1.0.1/kerby-pkix-1.0.1.jar:/home/runner/.m2/repository/org/apache/kerby/kerby-asn1/1.0.1/kerby-asn1-1.0.1.jar:/home/runner/.m2/repository/org/apache/kerby/kerby-util/1.0.1/kerby-util-1.0.1.jar:/home/runner/.m2/repository/dnsjava/dnsjava/2.1.7/dnsjava-2.1.7.jar:/home/runner/.m2/repository/org/xerial/snappy/snappy-java/1.1.8.2/snappy-java-1.1.8.2.jar:/home/runner/.m2/repository/com/fasterxml/jackson/core/jackson-databind/2.13.4.2/jackson-databind-2.13.4.2.jar:/home/runner/.m2/repository/org/apache/hadoop/hadoop-kms/3.3.5/hadoop-kms-3.3.5-tests.jar:/home/runner/.m2/repository/org/apache/ozone/hdds-server-scm/1.4.0-SNAPSHOT/hdds-server-scm-1.4.0-SNAPSHOT-tests.jar:/home/runner/.m2/repository/org/apache/ozone/hdds-container-service/1.4.0-SNAPSHOT/hdds-container-service-1.4.0-SNAPSHOT-tests.jar:/home/runner/.m2/repository/com/github/luben/zstd-jni/1.5.2-5/zstd-jni-1.5.2-5.jar:/home/runner/.m2/repository/commons-codec/commons-codec/1.15/commons-codec-1.15.jar:/home/runner/.m2/repository/io/netty/netty-codec/4.1.86.Final/netty-codec-4.1.86.Final.jar:/home/runner/.m2/repository/io/netty/netty-handler/4.1.86.Final/netty-handler-4.1.86.Final.jar:/home/runner/.m2/repository/org/apache/ozone/hdds-hadoop-dependency-test/1.4.0-SNAPSHOT/hdds-hadoop-dependency-test-1.4.0-SNAPSHOT.jar:/home/runner/.m2/repository/org/apache/hadoop/hadoop-common/3.3.5/hadoop-common-3.3.5-tests.jar:/home/runner/.m2/repository/org/apache/hadoop/hadoop-hdfs/3.3.5/hadoop-hdfs-3.3.5-tests.jar:/home/runner/.m2/repository/org/assertj/assertj-core/3.12.2/assertj-core-3.12.2.jar:/home/runner/.m2/repository/org/apache/hadoop/hadoop-distcp/3.3.5/hadoop-distcp-3.3.5.jar:/home/runner/.m2/repository/org/apache/hadoop/hadoop-mapreduce-client-jobclient/3.3.5/hadoop-mapreduce-client-jobclient-3.3.5.jar:/home/runner/.m2/repository/org/apache/hadoop/hadoop-mapreduce-client-common/3.3.5/hadoop-mapreduce-client-common-3.3.5.jar:/home/runner/.m2/repository/org/apache/hadoop/hadoop-yarn-common/3.3.5/hadoop-yarn-common-3.3.5.jar:/home/runner/.m2/repository/org/apache/hadoop/hadoop-yarn-api/3.3.5/hadoop-yarn-api-3.3.5.jar:/home/runner/.m2/repository/com/sun/jersey/contribs/jersey-guice/1.19/jersey-guice-1.19.jar:/home/runner/.m2/repository/com/fasterxml/jackson/jaxrs/jackson-jaxrs-json-provider/2.13.4/jackson-jaxrs-json-provider-2.13.4.jar:/home/runner/.m2/repository/com/fasterxml/jackson/jaxrs/jackson-jaxrs-base/2.13.4/jackson-jaxrs-base-2.13.4.jar:/home/runner/.m2/repository/org/apache/hadoop/hadoop-yarn-client/3.3.5/hadoop-yarn-client-3.3.5.jar:/home/runner/.m2/repository/org/eclipse/jetty/websocket/websocket-client/9.4.48.v20220622/websocket-client-9.4.48.v20220622.jar:/home/runner/.m2/repository/org/eclipse/jetty/websocket/websocket-common/9.4.48.v20220622/websocket-common-9.4.48.v20220622.jar:/home/runner/.m2/repository/org/eclipse/jetty/websocket/websocket-api/9.4.48.v20220622/websocket-api-9.4.48.v20220622.jar:/home/runner/.m2/repository/org/jline/jline/3.9.0/jline-3.9.0.jar:/home/runner/.m2/repository/org/apache/hadoop/hadoop-mapreduce-client-core/3.3.5/hadoop-mapreduce-client-core-3.3.5.jar:/home/runner/.m2/repository/org/apache/avro/avro/1.7.7/avro-1.7.7.jar:/home/runner/.m2/repository/com/thoughtworks/paranamer/paranamer/2.3/paranamer-2.3.jar:/home/runner/.m2/repository/org/apache/hadoop/hadoop-annotations/3.3.5/hadoop-annotations-3.3.5.jar:/usr/lib/jvm/temurin-8-jdk-amd64/jre/../lib/tools.jar:/home/runner/.m2/repository/io/netty/netty/3.10.6.Final/netty-3.10.6.Final.jar:/home/runner/.m2/repository/org/apache/hadoop/hadoop-distcp/3.3.5/hadoop-distcp-3.3.5-tests.jar:/home/runner/.m2/repository/org/slf4j/jul-to-slf4j/1.7.36/jul-to-slf4j-1.7.36.jar:"/>
    <property name="java.vm.vendor" value="Temurin"/>
    <property name="sun.arch.data.model" value="64"/>
    <property name="test.build.dir" value="/home/runner/work/ozone/ozone/hadoop-ozone/integration-test/target/test-dir"/>
    <property name="test.cache.data" value=""/>
    <property name="java.vendor.url" value="https://adoptium.net/"/>
    <property name="user.timezone" value="Etc/UTC"/>
    <property name="java.vm.specification.version" value="1.8"/>
    <property name="os.name" value="Linux"/>
    <property name="test.build.data" value="/home/runner/work/ozone/ozone/hadoop-ozone/integration-test/target/test-dir"/>
    <property name="sun.java.launcher" value="SUN_STANDARD"/>
    <property name="sun.boot.library.path" value="/usr/lib/jvm/temurin-8-jdk-amd64/jre/lib/amd64"/>
    <property name="sun.java.command" value="/home/runner/work/ozone/ozone/hadoop-ozone/integration-test/target/surefire/surefirebooter53877500917809930.jar /home/runner/work/ozone/ozone/hadoop-ozone/integration-test/target/surefire 2023-04-24T08-15-12_010-jvmRun1 surefire5405227868229551256tmp surefire_07059427943845575487tmp"/>
    <property name="surefire.test.class.path" value="/home/runner/work/ozone/ozone/hadoop-ozone/integration-test/target/test-classes:/home/runner/work/ozone/ozone/hadoop-ozone/integration-test/target/classes:/home/runner/.m2/repository/org/apache/ozone/ozone-common/1.4.0-SNAPSHOT/ozone-common-1.4.0-SNAPSHOT.jar:/home/runner/.m2/repository/io/grpc/grpc-netty/1.51.1/grpc-netty-1.51.1.jar:/home/runner/.m2/repository/io/grpc/grpc-core/1.51.1/grpc-core-1.51.1.jar:/home/runner/.m2/repository/com/google/android/annotations/4.1.1.4/annotations-4.1.1.4.jar:/home/runner/.m2/repository/org/codehaus/mojo/animal-sniffer-annotations/1.21/animal-sniffer-annotations-1.21.jar:/home/runner/.m2/repository/com/google/errorprone/error_prone_annotations/2.2.0/error_prone_annotations-2.2.0.jar:/home/runner/.m2/repository/io/perfmark/perfmark-api/0.25.0/perfmark-api-0.25.0.jar:/home/runner/.m2/repository/io/netty/netty-codec-http2/4.1.86.Final/netty-codec-http2-4.1.86.Final.jar:/home/runner/.m2/repository/io/netty/netty-common/4.1.86.Final/netty-common-4.1.86.Final.jar:/home/runner/.m2/repository/io/netty/netty-buffer/4.1.86.Final/netty-buffer-4.1.86.Final.jar:/home/runner/.m2/repository/io/netty/netty-codec-http/4.1.86.Final/netty-codec-http-4.1.86.Final.jar:/home/runner/.m2/repository/io/netty/netty-handler-proxy/4.1.86.Final/netty-handler-proxy-4.1.86.Final.jar:/home/runner/.m2/repository/io/netty/netty-codec-socks/4.1.86.Final/netty-codec-socks-4.1.86.Final.jar:/home/runner/.m2/repository/io/netty/netty-tcnative-boringssl-static/2.0.54.Final/netty-tcnative-boringssl-static-2.0.54.Final.jar:/home/runner/.m2/repository/io/netty/netty-tcnative-classes/2.0.54.Final/netty-tcnative-classes-2.0.54.Final.jar:/home/runner/.m2/repository/io/netty/netty-tcnative-boringssl-static/2.0.54.Final/netty-tcnative-boringssl-static-2.0.54.Final-linux-x86_64.jar:/home/runner/.m2/repository/io/netty/netty-tcnative-boringssl-static/2.0.54.Final/netty-tcnative-boringssl-static-2.0.54.Final-linux-aarch_64.jar:/home/runner/.m2/repository/io/netty/netty-tcnative-boringssl-static/2.0.54.Final/netty-tcnative-boringssl-static-2.0.54.Final-osx-x86_64.jar:/home/runner/.m2/repository/io/netty/netty-tcnative-boringssl-static/2.0.54.Final/netty-tcnative-boringssl-static-2.0.54.Final-osx-aarch_64.jar:/home/runner/.m2/repository/io/netty/netty-tcnative-boringssl-static/2.0.54.Final/netty-tcnative-boringssl-static-2.0.54.Final-windows-x86_64.jar:/home/runner/.m2/repository/org/apache/commons/commons-compress/1.21/commons-compress-1.21.jar:/home/runner/.m2/repository/org/apache/ozone/hdds-common/1.4.0-SNAPSHOT/hdds-common-1.4.0-SNAPSHOT.jar:/home/runner/.m2/repository/org/apache/ozone/hdds-client/1.4.0-SNAPSHOT/hdds-client-1.4.0-SNAPSHOT.jar:/home/runner/.m2/repository/org/apache/ozone/ozone-interface-client/1.4.0-SNAPSHOT/ozone-interface-client-1.4.0-SNAPSHOT.jar:/home/runner/.m2/repository/org/apache/ozone/hdds-test-utils/1.4.0-SNAPSHOT/hdds-test-utils-1.4.0-SNAPSHOT.jar:/home/runner/.m2/repository/com/google/guava/guava/31.1-jre/guava-31.1-jre.jar:/home/runner/.m2/repository/com/google/guava/failureaccess/1.0.1/failureaccess-1.0.1.jar:/home/runner/.m2/repository/com/google/guava/listenablefuture/9999.0-empty-to-avoid-conflict-with-guava/listenablefuture-9999.0-empty-to-avoid-conflict-with-guava.jar:/home/runner/.m2/repository/com/google/code/findbugs/jsr305/3.0.0/jsr305-3.0.0.jar:/home/runner/.m2/repository/org/checkerframework/checker-qual/3.12.0/checker-qual-3.12.0.jar:/home/runner/.m2/repository/com/google/j2objc/j2objc-annotations/1.3/j2objc-annotations-1.3.jar:/home/runner/.m2/repository/commons-io/commons-io/2.11.0/commons-io-2.11.0.jar:/home/runner/.m2/repository/commons-logging/commons-logging/1.2/commons-logging-1.2.jar:/home/runner/.m2/repository/ch/qos/reload4j/reload4j/1.2.22/reload4j-1.2.22.jar:/home/runner/.m2/repository/org/slf4j/slf4j-api/1.7.36/slf4j-api-1.7.36.jar:/home/runner/.m2/repository/org/apache/ozone/hdds-server-scm/1.4.0-SNAPSHOT/hdds-server-scm-1.4.0-SNAPSHOT.jar:/home/runner/.m2/repository/org/apache/ozone/hdds-container-service/1.4.0-SNAPSHOT/hdds-container-service-1.4.0-SNAPSHOT.jar:/home/runner/.m2/repository/org/apache/ozone/hdds-hadoop-dependency-server/1.4.0-SNAPSHOT/hdds-hadoop-dependency-server-1.4.0-SNAPSHOT.jar:/home/runner/.m2/repository/org/apache/hadoop/hadoop-hdfs/3.3.5/hadoop-hdfs-3.3.5.jar:/home/runner/.m2/repository/commons-daemon/commons-daemon/1.0.13/commons-daemon-1.0.13.jar:/home/runner/.m2/repository/org/apache/ozone/hdds-server-framework/1.4.0-SNAPSHOT/hdds-server-framework-1.4.0-SNAPSHOT.jar:/home/runner/.m2/repository/io/dropwizard/metrics/metrics-core/3.2.4/metrics-core-3.2.4.jar:/home/runner/.m2/repository/org/apache/commons/commons-text/1.4/commons-text-1.4.jar:/home/runner/.m2/repository/org/apache/hadoop/hadoop-hdfs-client/3.3.5/hadoop-hdfs-client-3.3.5.jar:/home/runner/.m2/repository/com/squareup/okhttp3/okhttp/4.9.3/okhttp-4.9.3.jar:/home/runner/.m2/repository/com/squareup/okio/okio/2.8.0/okio-2.8.0.jar:/home/runner/.m2/repository/org/jetbrains/kotlin/kotlin-stdlib-common/1.6.21/kotlin-stdlib-common-1.6.21.jar:/home/runner/.m2/repository/org/bouncycastle/bcprov-jdk15on/1.67/bcprov-jdk15on-1.67.jar:/home/runner/.m2/repository/com/google/protobuf/protobuf-java/2.5.0/protobuf-java-2.5.0.jar:/home/runner/.m2/repository/org/apache/ozone/hdds-server-framework/1.4.0-SNAPSHOT/hdds-server-framework-1.4.0-SNAPSHOT-tests.jar:/home/runner/.m2/repository/org/apache/ozone/hdds-interface-server/1.4.0-SNAPSHOT/hdds-interface-server-1.4.0-SNAPSHOT.jar:/home/runner/.m2/repository/org/apache/ozone/hdds-interface-admin/1.4.0-SNAPSHOT/hdds-interface-admin-1.4.0-SNAPSHOT.jar:/home/runner/.m2/repository/org/apache/ozone/hdds-managed-rocksdb/1.4.0-SNAPSHOT/hdds-managed-rocksdb-1.4.0-SNAPSHOT.jar:/home/runner/.m2/repository/org/rocksdb/rocksdbjni/7.7.3/rocksdbjni-7.7.3.jar:/home/runner/.m2/repository/org/slf4j/slf4j-reload4j/1.7.36/slf4j-reload4j-1.7.36.jar:/home/runner/.m2/repository/org/apache/commons/commons-configuration2/2.1.1/commons-configuration2-2.1.1.jar:/home/runner/.m2/repository/org/apache/logging/log4j/log4j-core/2.17.1/log4j-core-2.17.1.jar:/home/runner/.m2/repository/com/lmax/disruptor/3.4.2/disruptor-3.4.2.jar:/home/runner/.m2/repository/org/eclipse/jetty/jetty-util/9.4.51.v20230217/jetty-util-9.4.51.v20230217.jar:/home/runner/.m2/repository/org/eclipse/jetty/jetty-server/9.4.51.v20230217/jetty-server-9.4.51.v20230217.jar:/home/runner/.m2/repository/org/eclipse/jetty/jetty-http/9.4.51.v20230217/jetty-http-9.4.51.v20230217.jar:/home/runner/.m2/repository/org/eclipse/jetty/jetty-io/9.4.51.v20230217/jetty-io-9.4.51.v20230217.jar:/home/runner/.m2/repository/org/eclipse/jetty/jetty-servlet/9.4.51.v20230217/jetty-servlet-9.4.51.v20230217.jar:/home/runner/.m2/repository/org/eclipse/jetty/jetty-security/9.4.51.v20230217/jetty-security-9.4.51.v20230217.jar:/home/runner/.m2/repository/org/eclipse/jetty/jetty-util-ajax/9.4.51.v20230217/jetty-util-ajax-9.4.51.v20230217.jar:/home/runner/.m2/repository/org/eclipse/jetty/jetty-webapp/9.4.51.v20230217/jetty-webapp-9.4.51.v20230217.jar:/home/runner/.m2/repository/org/eclipse/jetty/jetty-xml/9.4.51.v20230217/jetty-xml-9.4.51.v20230217.jar:/home/runner/.m2/repository/org/apache/ratis/ratis-server/2.4.2-8b8bdda-SNAPSHOT/ratis-server-2.4.2-8b8bdda-SNAPSHOT.jar:/home/runner/.m2/repository/org/apache/ratis/ratis-thirdparty-misc/1.0.3/ratis-thirdparty-misc-1.0.3.jar:/home/runner/.m2/repository/org/apache/ratis/ratis-proto/2.4.2-8b8bdda-SNAPSHOT/ratis-proto-2.4.2-8b8bdda-SNAPSHOT.jar:/home/runner/.m2/repository/org/apache/ratis/ratis-common/2.4.2-8b8bdda-SNAPSHOT/ratis-common-2.4.2-8b8bdda-SNAPSHOT.jar:/home/runner/.m2/repository/org/apache/ratis/ratis-client/2.4.2-8b8bdda-SNAPSHOT/ratis-client-2.4.2-8b8bdda-SNAPSHOT.jar:/home/runner/.m2/repository/org/apache/ratis/ratis-server-api/2.4.2-8b8bdda-SNAPSHOT/ratis-server-api-2.4.2-8b8bdda-SNAPSHOT.jar:/home/runner/.m2/repository/org/apache/ratis/ratis-metrics/2.4.2-8b8bdda-SNAPSHOT/ratis-metrics-2.4.2-8b8bdda-SNAPSHOT.jar:/home/runner/.m2/repository/io/prometheus/simpleclient_dropwizard/0.7.0/simpleclient_dropwizard-0.7.0.jar:/home/runner/.m2/repository/io/prometheus/simpleclient/0.7.0/simpleclient-0.7.0.jar:/home/runner/.m2/repository/io/prometheus/simpleclient_common/0.7.0/simpleclient_common-0.7.0.jar:/home/runner/.m2/repository/com/fasterxml/jackson/datatype/jackson-datatype-jsr310/2.13.4/jackson-datatype-jsr310-2.13.4.jar:/home/runner/.m2/repository/com/fasterxml/jackson/core/jackson-core/2.13.4/jackson-core-2.13.4.jar:/home/runner/.m2/repository/com/github/spotbugs/spotbugs-annotations/3.1.12/spotbugs-annotations-3.1.12.jar:/home/runner/.m2/repository/org/apache/ozone/rocksdb-checkpoint-differ/1.4.0-SNAPSHOT/rocksdb-checkpoint-differ-1.4.0-SNAPSHOT.jar:/home/runner/.m2/repository/org/awaitility/awaitility/4.2.0/awaitility-4.2.0.jar:/home/runner/.m2/repository/org/hamcrest/hamcrest/2.1/hamcrest-2.1.jar:/home/runner/.m2/repository/org/apache/ozone/ozone-manager/1.4.0-SNAPSHOT/ozone-manager-1.4.0-SNAPSHOT.jar:/home/runner/.m2/repository/org/aspectj/aspectjrt/1.9.7/aspectjrt-1.9.7.jar:/home/runner/.m2/repository/org/aspectj/aspectjweaver/1.9.7/aspectjweaver-1.9.7.jar:/home/runner/.m2/repository/org/apache/ozone/hdds-interface-client/1.4.0-SNAPSHOT/hdds-interface-client-1.4.0-SNAPSHOT.jar:/home/runner/.m2/repository/org/apache/hadoop/thirdparty/hadoop-shaded-protobuf_3_7/1.1.1/hadoop-shaded-protobuf_3_7-1.1.1.jar:/home/runner/.m2/repository/org/apache/ozone/ozone-interface-storage/1.4.0-SNAPSHOT/ozone-interface-storage-1.4.0-SNAPSHOT.jar:/home/runner/.m2/repository/org/reflections/reflections/0.9.11/reflections-0.9.11.jar:/home/runner/.m2/repository/com/sun/jersey/jersey-client/1.19/jersey-client-1.19.jar:/home/runner/.m2/repository/org/codehaus/jackson/jackson-core-asl/1.9.13/jackson-core-asl-1.9.13.jar:/home/runner/.m2/repository/org/codehaus/jackson/jackson-mapper-asl/1.9.13/jackson-mapper-asl-1.9.13.jar:/home/runner/.m2/repository/org/codehaus/jackson/jackson-jaxrs/1.9.13/jackson-jaxrs-1.9.13.jar:/home/runner/.m2/repository/org/apache/ranger/ranger-intg/2.3.0/ranger-intg-2.3.0.jar:/home/runner/.m2/repository/org/apache/ranger/ranger-plugins-common/2.3.0/ranger-plugins-common-2.3.0.jar:/home/runner/.m2/repository/commons-lang/commons-lang/2.6/commons-lang-2.6.jar:/home/runner/.m2/repository/org/apache/ranger/ranger-plugins-cred/2.3.0/ranger-plugins-cred-2.3.0.jar:/home/runner/.m2/repository/org/apache/ranger/ranger-plugins-audit/2.3.0/ranger-plugins-audit-2.3.0.jar:/home/runner/.m2/repository/org/eclipse/jetty/jetty-client/9.4.51.v20230217/jetty-client-9.4.51.v20230217.jar:/home/runner/.m2/repository/org/apache/httpcomponents/httpmime/4.5.6/httpmime-4.5.6.jar:/home/runner/.m2/repository/org/apache/httpcomponents/httpcore-nio/4.4.13/httpcore-nio-4.4.13.jar:/home/runner/.m2/repository/org/apache/httpcomponents/httpasyncclient/4.1.3/httpasyncclient-4.1.3.jar:/home/runner/.m2/repository/com/carrotsearch/hppc/0.8.0/hppc-0.8.0.jar:/home/runner/.m2/repository/org/apache/orc/orc-core/1.5.8/orc-core-1.5.8.jar:/home/runner/.m2/repository/net/java/dev/jna/jna/5.2.0/jna-5.2.0.jar:/home/runner/.m2/repository/net/java/dev/jna/jna-platform/5.2.0/jna-platform-5.2.0.jar:/home/runner/.m2/repository/com/kstruct/gethostname4j/0.0.2/gethostname4j-0.0.2.jar:/home/runner/.m2/repository/org/apache/ranger/ranger-plugin-classloader/2.3.0/ranger-plugin-classloader-2.3.0.jar:/home/runner/.m2/repository/org/apache/ozone/hdds-rocks-native/1.4.0-SNAPSHOT/hdds-rocks-native-1.4.0-SNAPSHOT.jar:/home/runner/.m2/repository/org/apache/hadoop/hadoop-minikdc/3.3.5/hadoop-minikdc-3.3.5.jar:/home/runner/.m2/repository/org/apache/kerby/kerb-simplekdc/1.0.1/kerb-simplekdc-1.0.1.jar:/home/runner/.m2/repository/org/apache/kerby/kerb-client/1.0.1/kerb-client-1.0.1.jar:/home/runner/.m2/repository/org/apache/kerby/kerby-config/1.0.1/kerby-config-1.0.1.jar:/home/runner/.m2/repository/org/apache/kerby/kerb-common/1.0.1/kerb-common-1.0.1.jar:/home/runner/.m2/repository/org/apache/kerby/kerb-crypto/1.0.1/kerb-crypto-1.0.1.jar:/home/runner/.m2/repository/org/apache/kerby/kerb-util/1.0.1/kerb-util-1.0.1.jar:/home/runner/.m2/repository/org/apache/kerby/token-provider/1.0.1/token-provider-1.0.1.jar:/home/runner/.m2/repository/org/apache/kerby/kerb-admin/1.0.1/kerb-admin-1.0.1.jar:/home/runner/.m2/repository/org/apache/kerby/kerb-server/1.0.1/kerb-server-1.0.1.jar:/home/runner/.m2/repository/org/apache/kerby/kerb-identity/1.0.1/kerb-identity-1.0.1.jar:/home/runner/.m2/repository/org/apache/kerby/kerby-xdr/1.0.1/kerby-xdr-1.0.1.jar:/home/runner/.m2/repository/org/apache/ozone/ozone-s3gateway/1.4.0-SNAPSHOT/ozone-s3gateway-1.4.0-SNAPSHOT.jar:/home/runner/.m2/repository/org/javassist/javassist/3.21.0-GA/javassist-3.21.0-GA.jar:/home/runner/.m2/repository/org/jboss/weld/servlet/weld-servlet-shaded/3.1.9.Final/weld-servlet-shaded-3.1.9.Final.jar:/home/runner/.m2/repository/org/glassfish/jersey/containers/jersey-container-servlet-core/2.34/jersey-container-servlet-core-2.34.jar:/home/runner/.m2/repository/org/glassfish/hk2/external/jakarta.inject/2.6.1/jakarta.inject-2.6.1.jar:/home/runner/.m2/repository/org/glassfish/jersey/core/jersey-common/2.34/jersey-common-2.34.jar:/home/runner/.m2/repository/jakarta/ws/rs/jakarta.ws.rs-api/2.1.6/jakarta.ws.rs-api-2.1.6.jar:/home/runner/.m2/repository/org/glassfish/jersey/ext/cdi/jersey-cdi1x/2.34/jersey-cdi1x-2.34.jar:/home/runner/.m2/repository/org/glassfish/jersey/inject/jersey-hk2/2.34/jersey-hk2-2.34.jar:/home/runner/.m2/repository/org/glassfish/hk2/hk2-locator/2.6.1/hk2-locator-2.6.1.jar:/home/runner/.m2/repository/org/glassfish/jersey/media/jersey-media-jaxb/2.34/jersey-media-jaxb-2.34.jar:/home/runner/.m2/repository/org/glassfish/hk2/osgi-resource-locator/1.0.3/osgi-resource-locator-1.0.3.jar:/home/runner/.m2/repository/org/glassfish/hk2/hk2-api/2.5.0/hk2-api-2.5.0.jar:/home/runner/.m2/repository/org/glassfish/hk2/hk2-utils/2.5.0/hk2-utils-2.5.0.jar:/home/runner/.m2/repository/org/glassfish/hk2/external/aopalliance-repackaged/2.5.0/aopalliance-repackaged-2.5.0.jar:/home/runner/.m2/repository/com/fasterxml/jackson/dataformat/jackson-dataformat-xml/2.13.4/jackson-dataformat-xml-2.13.4.jar:/home/runner/.m2/repository/org/codehaus/woodstox/stax2-api/4.2.1/stax2-api-4.2.1.jar:/home/runner/.m2/repository/com/fasterxml/woodstox/woodstox-core/5.4.0/woodstox-core-5.4.0.jar:/home/runner/.m2/repository/com/fasterxml/jackson/module/jackson-module-jaxb-annotations/2.13.4/jackson-module-jaxb-annotations-2.13.4.jar:/home/runner/.m2/repository/jakarta/xml/bind/jakarta.xml.bind-api/2.3.3/jakarta.xml.bind-api-2.3.3.jar:/home/runner/.m2/repository/jakarta/activation/jakarta.activation-api/1.2.2/jakarta.activation-api-1.2.2.jar:/home/runner/.m2/repository/javax/enterprise/cdi-api/2.0/cdi-api-2.0.jar:/home/runner/.m2/repository/javax/el/javax.el-api/3.0.0/javax.el-api-3.0.0.jar:/home/runner/.m2/repository/javax/interceptor/javax.interceptor-api/1.2/javax.interceptor-api-1.2.jar:/home/runner/.m2/repository/javax/inject/javax.inject/1/javax.inject-1.jar:/home/runner/.m2/repository/javax/xml/bind/jaxb-api/2.3.0/jaxb-api-2.3.0.jar:/home/runner/.m2/repository/org/glassfish/jaxb/jaxb-runtime/2.3.0.1/jaxb-runtime-2.3.0.1.jar:/home/runner/.m2/repository/org/glassfish/jaxb/jaxb-core/2.3.0.1/jaxb-core-2.3.0.1.jar:/home/runner/.m2/repository/org/glassfish/jaxb/txw2/2.3.0.1/txw2-2.3.0.1.jar:/home/runner/.m2/repository/com/sun/istack/istack-commons-runtime/3.0.5/istack-commons-runtime-3.0.5.jar:/home/runner/.m2/repository/org/jvnet/staxex/stax-ex/1.7.8/stax-ex-1.7.8.jar:/home/runner/.m2/repository/com/sun/xml/fastinfoset/FastInfoset/1.2.13/FastInfoset-1.2.13.jar:/home/runner/.m2/repository/javax/activation/activation/1.1.1/activation-1.1.1.jar:/home/runner/.m2/repository/io/grpc/grpc-protobuf/1.51.1/grpc-protobuf-1.51.1.jar:/home/runner/.m2/repository/io/grpc/grpc-api/1.51.1/grpc-api-1.51.1.jar:/home/runner/.m2/repository/io/grpc/grpc-context/1.51.1/grpc-context-1.51.1.jar:/home/runner/.m2/repository/com/google/api/grpc/proto-google-common-protos/2.9.0/proto-google-common-protos-2.9.0.jar:/home/runner/.m2/repository/io/grpc/grpc-protobuf-lite/1.51.1/grpc-protobuf-lite-1.51.1.jar:/home/runner/.m2/repository/io/grpc/grpc-stub/1.51.1/grpc-stub-1.51.1.jar:/home/runner/.m2/repository/io/netty/netty-transport/4.1.86.Final/netty-transport-4.1.86.Final.jar:/home/runner/.m2/repository/io/netty/netty-resolver/4.1.86.Final/netty-resolver-4.1.86.Final.jar:/home/runner/.m2/repository/org/apache/ozone/ozone-csi/1.4.0-SNAPSHOT/ozone-csi-1.4.0-SNAPSHOT.jar:/home/runner/.m2/repository/com/google/protobuf/protobuf-java-util/3.19.6/protobuf-java-util-3.19.6.jar:/home/runner/.m2/repository/com/google/code/gson/gson/2.9.0/gson-2.9.0.jar:/home/runner/.m2/repository/org/apache/ozone/hdds-config/1.4.0-SNAPSHOT/hdds-config-1.4.0-SNAPSHOT.jar:/home/runner/.m2/repository/io/netty/netty-transport-native-epoll/4.1.86.Final/netty-transport-native-epoll-4.1.86.Final-linux-x86_64.jar:/home/runner/.m2/repository/io/netty/netty-transport-classes-epoll/4.1.86.Final/netty-transport-classes-epoll-4.1.86.Final.jar:/home/runner/.m2/repository/io/netty/netty-transport-native-unix-common/4.1.86.Final/netty-transport-native-unix-common-4.1.86.Final.jar:/home/runner/.m2/repository/org/apache/ozone/ozone-recon/1.4.0-SNAPSHOT/ozone-recon-1.4.0-SNAPSHOT.jar:/home/runner/.m2/repository/org/apache/ozone/ozone-reconcodegen/1.4.0-SNAPSHOT/ozone-reconcodegen-1.4.0-SNAPSHOT.jar:/home/runner/.m2/repository/com/google/inject/guice/5.1.0/guice-5.1.0.jar:/home/runner/.m2/repository/aopalliance/aopalliance/1.0/aopalliance-1.0.jar:/home/runner/.m2/repository/com/google/inject/extensions/guice-assistedinject/5.1.0/guice-assistedinject-5.1.0.jar:/home/runner/.m2/repository/com/google/inject/extensions/guice-servlet/5.1.0/guice-servlet-5.1.0.jar:/home/runner/.m2/repository/org/glassfish/jersey/containers/jersey-container-servlet/2.34/jersey-container-servlet-2.34.jar:/home/runner/.m2/repository/org/glassfish/hk2/guice-bridge/2.5.0/guice-bridge-2.5.0.jar:/home/runner/.m2/repository/org/glassfish/jersey/core/jersey-server/2.34/jersey-server-2.34.jar:/home/runner/.m2/repository/org/glassfish/jersey/core/jersey-client/2.34/jersey-client-2.34.jar:/home/runner/.m2/repository/jakarta/annotation/jakarta.annotation-api/1.3.5/jakarta.annotation-api-1.3.5.jar:/home/runner/.m2/repository/jakarta/validation/jakarta.validation-api/2.0.2/jakarta.validation-api-2.0.2.jar:/home/runner/.m2/repository/org/glassfish/jersey/media/jersey-media-json-jackson/2.34/jersey-media-json-jackson-2.34.jar:/home/runner/.m2/repository/org/glassfish/jersey/ext/jersey-entity-filtering/2.34/jersey-entity-filtering-2.34.jar:/home/runner/.m2/repository/org/jooq/jooq/3.11.10/jooq-3.11.10.jar:/home/runner/.m2/repository/org/jooq/jooq-meta/3.11.10/jooq-meta-3.11.10.jar:/home/runner/.m2/repository/org/jooq/jooq-codegen/3.11.10/jooq-codegen-3.11.10.jar:/home/runner/.m2/repository/com/jolbox/bonecp/0.8.0.RELEASE/bonecp-0.8.0.RELEASE.jar:/home/runner/.m2/repository/org/apache/derby/derby/10.14.2.0/derby-10.14.2.0.jar:/home/runner/.m2/repository/org/xerial/sqlite-jdbc/3.25.2/sqlite-jdbc-3.25.2.jar:/home/runner/.m2/repository/org/springframework/spring-jdbc/5.3.26/spring-jdbc-5.3.26.jar:/home/runner/.m2/repository/org/springframework/spring-beans/5.3.26/spring-beans-5.3.26.jar:/home/runner/.m2/repository/org/springframework/spring-core/5.3.26/spring-core-5.3.26.jar:/home/runner/.m2/repository/org/springframework/spring-tx/5.3.26/spring-tx-5.3.26.jar:/home/runner/.m2/repository/org/apache/ozone/ozone-client/1.4.0-SNAPSHOT/ozone-client-1.4.0-SNAPSHOT.jar:/home/runner/.m2/repository/org/apache/ozone/hdds-erasurecode/1.4.0-SNAPSHOT/hdds-erasurecode-1.4.0-SNAPSHOT.jar:/home/runner/.m2/repository/org/apache/ozone/ozone-filesystem/1.4.0-SNAPSHOT/ozone-filesystem-1.4.0-SNAPSHOT.jar:/home/runner/.m2/repository/org/apache/ozone/ozone-filesystem-common/1.4.0-SNAPSHOT/ozone-filesystem-common-1.4.0-SNAPSHOT.jar:/home/runner/.m2/repository/org/apache/ozone/ozone-tools/1.4.0-SNAPSHOT/ozone-tools-1.4.0-SNAPSHOT.jar:/home/runner/.m2/repository/com/amazonaws/aws-java-sdk-core/1.12.261/aws-java-sdk-core-1.12.261.jar:/home/runner/.m2/repository/org/apache/httpcomponents/httpclient/4.5.13/httpclient-4.5.13.jar:/home/runner/.m2/repository/org/apache/httpcomponents/httpcore/4.4.13/httpcore-4.4.13.jar:/home/runner/.m2/repository/software/amazon/ion/ion-java/1.0.2/ion-java-1.0.2.jar:/home/runner/.m2/repository/com/fasterxml/jackson/dataformat/jackson-dataformat-cbor/2.13.4/jackson-dataformat-cbor-2.13.4.jar:/home/runner/.m2/repository/joda-time/joda-time/2.10.6/joda-time-2.10.6.jar:/home/runner/.m2/repository/com/amazonaws/aws-java-sdk-s3/1.12.261/aws-java-sdk-s3-1.12.261.jar:/home/runner/.m2/repository/com/amazonaws/aws-java-sdk-kms/1.12.261/aws-java-sdk-kms-1.12.261.jar:/home/runner/.m2/repository/com/amazonaws/jmespath-java/1.12.261/jmespath-java-1.12.261.jar:/home/runner/.m2/repository/org/kohsuke/metainf-services/metainf-services/1.8/metainf-services-1.8.jar:/home/runner/.m2/repository/org/apache/ozone/hdds-tools/1.4.0-SNAPSHOT/hdds-tools-1.4.0-SNAPSHOT.jar:/home/runner/.m2/repository/org/apache/ratis/ratis-tools/2.4.2-8b8bdda-SNAPSHOT/ratis-tools-2.4.2-8b8bdda-SNAPSHOT.jar:/home/runner/.m2/repository/commons-cli/commons-cli/1.2/commons-cli-1.2.jar:/home/runner/.m2/repository/org/apache/commons/commons-lang3/3.7/commons-lang3-3.7.jar:/home/runner/.m2/repository/org/apache/ozone/ozone-manager/1.4.0-SNAPSHOT/ozone-manager-1.4.0-SNAPSHOT-tests.jar:/home/runner/.m2/repository/org/apache/ozone/hdds-common/1.4.0-SNAPSHOT/hdds-common-1.4.0-SNAPSHOT-tests.jar:/home/runner/.m2/repository/org/apache/ozone/hdds-hadoop-dependency-client/1.4.0-SNAPSHOT/hdds-hadoop-dependency-client-1.4.0-SNAPSHOT.jar:/home/runner/.m2/repository/info/picocli/picocli/4.6.1/picocli-4.6.1.jar:/home/runner/.m2/repository/com/fasterxml/jackson/core/jackson-annotations/2.13.4/jackson-annotations-2.13.4.jar:/home/runner/.m2/repository/org/apache/ozone/hdds-annotation-processing/1.4.0-SNAPSHOT/hdds-annotation-processing-1.4.0-SNAPSHOT.jar:/home/runner/.m2/repository/javax/annotation/javax.annotation-api/1.2/javax.annotation-api-1.2.jar:/home/runner/.m2/repository/org/apache/ratis/ratis-netty/2.4.2-8b8bdda-SNAPSHOT/ratis-netty-2.4.2-8b8bdda-SNAPSHOT.jar:/home/runner/.m2/repository/org/apache/ratis/ratis-grpc/2.4.2-8b8bdda-SNAPSHOT/ratis-grpc-2.4.2-8b8bdda-SNAPSHOT.jar:/home/runner/.m2/repository/org/apache/logging/log4j/log4j-api/2.17.1/log4j-api-2.17.1.jar:/home/runner/.m2/repository/org/apache/commons/commons-pool2/2.6.0/commons-pool2-2.6.0.jar:/home/runner/.m2/repository/org/bouncycastle/bcpkix-jdk15on/1.67/bcpkix-jdk15on-1.67.jar:/home/runner/.m2/repository/commons-validator/commons-validator/1.6/commons-validator-1.6.jar:/home/runner/.m2/repository/commons-beanutils/commons-beanutils/1.9.4/commons-beanutils-1.9.4.jar:/home/runner/.m2/repository/commons-digester/commons-digester/1.8.1/commons-digester-1.8.1.jar:/home/runner/.m2/repository/commons-collections/commons-collections/3.2.2/commons-collections-3.2.2.jar:/home/runner/.m2/repository/io/jaegertracing/jaeger-client/1.6.0/jaeger-client-1.6.0.jar:/home/runner/.m2/repository/io/jaegertracing/jaeger-thrift/1.6.0/jaeger-thrift-1.6.0.jar:/home/runner/.m2/repository/org/apache/thrift/libthrift/0.14.1/libthrift-0.14.1.jar:/home/runner/.m2/repository/io/jaegertracing/jaeger-core/1.6.0/jaeger-core-1.6.0.jar:/home/runner/.m2/repository/io/jaegertracing/jaeger-tracerresolver/1.6.0/jaeger-tracerresolver-1.6.0.jar:/home/runner/.m2/repository/io/opentracing/contrib/opentracing-tracerresolver/0.1.8/opentracing-tracerresolver-0.1.8.jar:/home/runner/.m2/repository/org/jetbrains/kotlin/kotlin-stdlib/1.6.21/kotlin-stdlib-1.6.21.jar:/home/runner/.m2/repository/org/jetbrains/annotations/13.0/annotations-13.0.jar:/home/runner/.m2/repository/io/opentracing/opentracing-util/0.33.0/opentracing-util-0.33.0.jar:/home/runner/.m2/repository/io/opentracing/opentracing-api/0.33.0/opentracing-api-0.33.0.jar:/home/runner/.m2/repository/io/opentracing/opentracing-noop/0.33.0/opentracing-noop-0.33.0.jar:/home/runner/.m2/repository/org/yaml/snakeyaml/2.0/snakeyaml-2.0.jar:/home/runner/.m2/repository/junit/junit/4.13.1/junit-4.13.1.jar:/home/runner/.m2/repository/org/hamcrest/hamcrest-core/1.3/hamcrest-core-1.3.jar:/home/runner/.m2/repository/org/junit/jupiter/junit-jupiter-api/5.8.2/junit-jupiter-api-5.8.2.jar:/home/runner/.m2/repository/org/opentest4j/opentest4j/1.2.0/opentest4j-1.2.0.jar:/home/runner/.m2/repository/org/junit/platform/junit-platform-commons/1.8.2/junit-platform-commons-1.8.2.jar:/home/runner/.m2/repository/org/apiguardian/apiguardian-api/1.1.2/apiguardian-api-1.1.2.jar:/home/runner/.m2/repository/org/junit/jupiter/junit-jupiter-params/5.8.2/junit-jupiter-params-5.8.2.jar:/home/runner/.m2/repository/org/junit/jupiter/junit-jupiter-migrationsupport/5.8.2/junit-jupiter-migrationsupport-5.8.2.jar:/home/runner/.m2/repository/org/junit/jupiter/junit-jupiter-engine/5.8.2/junit-jupiter-engine-5.8.2.jar:/home/runner/.m2/repository/org/junit/platform/junit-platform-engine/1.8.2/junit-platform-engine-1.8.2.jar:/home/runner/.m2/repository/org/junit/vintage/junit-vintage-engine/5.8.2/junit-vintage-engine-5.8.2.jar:/home/runner/.m2/repository/org/junit/platform/junit-platform-launcher/1.8.2/junit-platform-launcher-1.8.2.jar:/home/runner/.m2/repository/org/mockito/mockito-core/2.28.2/mockito-core-2.28.2.jar:/home/runner/.m2/repository/net/bytebuddy/byte-buddy/1.9.10/byte-buddy-1.9.10.jar:/home/runner/.m2/repository/net/bytebuddy/byte-buddy-agent/1.9.10/byte-buddy-agent-1.9.10.jar:/home/runner/.m2/repository/org/objenesis/objenesis/1.0/objenesis-1.0.jar:/home/runner/.m2/repository/org/apache/hadoop/hadoop-kms/3.3.5/hadoop-kms-3.3.5.jar:/home/runner/.m2/repository/org/apache/hadoop/hadoop-auth/3.3.5/hadoop-auth-3.3.5.jar:/home/runner/.m2/repository/com/nimbusds/nimbus-jose-jwt/9.8.1/nimbus-jose-jwt-9.8.1.jar:/home/runner/.m2/repository/com/github/stephenc/jcip/jcip-annotations/1.0-1/jcip-annotations-1.0-1.jar:/home/runner/.m2/repository/net/minidev/json-smart/2.4.7/json-smart-2.4.7.jar:/home/runner/.m2/repository/net/minidev/accessors-smart/2.4.7/accessors-smart-2.4.7.jar:/home/runner/.m2/repository/org/ow2/asm/asm/5.0.4/asm-5.0.4.jar:/home/runner/.m2/repository/org/apache/zookeeper/zookeeper/3.5.6/zookeeper-3.5.6.jar:/home/runner/.m2/repository/org/apache/zookeeper/zookeeper-jute/3.5.6/zookeeper-jute-3.5.6.jar:/home/runner/.m2/repository/org/apache/yetus/audience-annotations/0.5.0/audience-annotations-0.5.0.jar:/home/runner/.m2/repository/org/apache/curator/curator-framework/4.2.0/curator-framework-4.2.0.jar:/home/runner/.m2/repository/org/apache/hadoop/thirdparty/hadoop-shaded-guava/1.1.1/hadoop-shaded-guava-1.1.1.jar:/home/runner/.m2/repository/com/sun/jersey/jersey-core/1.19/jersey-core-1.19.jar:/home/runner/.m2/repository/javax/ws/rs/jsr311-api/1.1.1/jsr311-api-1.1.1.jar:/home/runner/.m2/repository/com/sun/jersey/jersey-server/1.19/jersey-server-1.19.jar:/home/runner/.m2/repository/javax/servlet/javax.servlet-api/3.1.0/javax.servlet-api-3.1.0.jar:/home/runner/.m2/repository/org/apache/hadoop/hadoop-common/3.3.5/hadoop-common-3.3.5.jar:/home/runner/.m2/repository/org/apache/commons/commons-math3/3.1.1/commons-math3-3.1.1.jar:/home/runner/.m2/repository/commons-net/commons-net/3.9.0/commons-net-3.9.0.jar:/home/runner/.m2/repository/com/sun/jersey/jersey-servlet/1.19/jersey-servlet-1.19.jar:/home/runner/.m2/repository/com/github/pjfanning/jersey-json/1.20/jersey-json-1.20.jar:/home/runner/.m2/repository/org/codehaus/jettison/jettison/1.1/jettison-1.1.jar:/home/runner/.m2/repository/com/sun/xml/bind/jaxb-impl/2.2.3-1/jaxb-impl-2.2.3-1.jar:/home/runner/.m2/repository/com/google/re2j/re2j/1.1/re2j-1.1.jar:/home/runner/.m2/repository/com/jcraft/jsch/0.1.54/jsch-0.1.54.jar:/home/runner/.m2/repository/org/apache/curator/curator-client/4.2.0/curator-client-4.2.0.jar:/home/runner/.m2/repository/org/apache/curator/curator-recipes/4.2.0/curator-recipes-4.2.0.jar:/home/runner/.m2/repository/org/apache/kerby/kerb-core/1.0.1/kerb-core-1.0.1.jar:/home/runner/.m2/repository/org/apache/kerby/kerby-pkix/1.0.1/kerby-pkix-1.0.1.jar:/home/runner/.m2/repository/org/apache/kerby/kerby-asn1/1.0.1/kerby-asn1-1.0.1.jar:/home/runner/.m2/repository/org/apache/kerby/kerby-util/1.0.1/kerby-util-1.0.1.jar:/home/runner/.m2/repository/dnsjava/dnsjava/2.1.7/dnsjava-2.1.7.jar:/home/runner/.m2/repository/org/xerial/snappy/snappy-java/1.1.8.2/snappy-java-1.1.8.2.jar:/home/runner/.m2/repository/com/fasterxml/jackson/core/jackson-databind/2.13.4.2/jackson-databind-2.13.4.2.jar:/home/runner/.m2/repository/org/apache/hadoop/hadoop-kms/3.3.5/hadoop-kms-3.3.5-tests.jar:/home/runner/.m2/repository/org/apache/ozone/hdds-server-scm/1.4.0-SNAPSHOT/hdds-server-scm-1.4.0-SNAPSHOT-tests.jar:/home/runner/.m2/repository/org/apache/ozone/hdds-container-service/1.4.0-SNAPSHOT/hdds-container-service-1.4.0-SNAPSHOT-tests.jar:/home/runner/.m2/repository/com/github/luben/zstd-jni/1.5.2-5/zstd-jni-1.5.2-5.jar:/home/runner/.m2/repository/commons-codec/commons-codec/1.15/commons-codec-1.15.jar:/home/runner/.m2/repository/io/netty/netty-codec/4.1.86.Final/netty-codec-4.1.86.Final.jar:/home/runner/.m2/repository/io/netty/netty-handler/4.1.86.Final/netty-handler-4.1.86.Final.jar:/home/runner/.m2/repository/org/apache/ozone/hdds-hadoop-dependency-test/1.4.0-SNAPSHOT/hdds-hadoop-dependency-test-1.4.0-SNAPSHOT.jar:/home/runner/.m2/repository/org/apache/hadoop/hadoop-common/3.3.5/hadoop-common-3.3.5-tests.jar:/home/runner/.m2/repository/org/apache/hadoop/hadoop-hdfs/3.3.5/hadoop-hdfs-3.3.5-tests.jar:/home/runner/.m2/repository/org/assertj/assertj-core/3.12.2/assertj-core-3.12.2.jar:/home/runner/.m2/repository/org/apache/hadoop/hadoop-distcp/3.3.5/hadoop-distcp-3.3.5.jar:/home/runner/.m2/repository/org/apache/hadoop/hadoop-mapreduce-client-jobclient/3.3.5/hadoop-mapreduce-client-jobclient-3.3.5.jar:/home/runner/.m2/repository/org/apache/hadoop/hadoop-mapreduce-client-common/3.3.5/hadoop-mapreduce-client-common-3.3.5.jar:/home/runner/.m2/repository/org/apache/hadoop/hadoop-yarn-common/3.3.5/hadoop-yarn-common-3.3.5.jar:/home/runner/.m2/repository/org/apache/hadoop/hadoop-yarn-api/3.3.5/hadoop-yarn-api-3.3.5.jar:/home/runner/.m2/repository/com/sun/jersey/contribs/jersey-guice/1.19/jersey-guice-1.19.jar:/home/runner/.m2/repository/com/fasterxml/jackson/jaxrs/jackson-jaxrs-json-provider/2.13.4/jackson-jaxrs-json-provider-2.13.4.jar:/home/runner/.m2/repository/com/fasterxml/jackson/jaxrs/jackson-jaxrs-base/2.13.4/jackson-jaxrs-base-2.13.4.jar:/home/runner/.m2/repository/org/apache/hadoop/hadoop-yarn-client/3.3.5/hadoop-yarn-client-3.3.5.jar:/home/runner/.m2/repository/org/eclipse/jetty/websocket/websocket-client/9.4.48.v20220622/websocket-client-9.4.48.v20220622.jar:/home/runner/.m2/repository/org/eclipse/jetty/websocket/websocket-common/9.4.48.v20220622/websocket-common-9.4.48.v20220622.jar:/home/runner/.m2/repository/org/eclipse/jetty/websocket/websocket-api/9.4.48.v20220622/websocket-api-9.4.48.v20220622.jar:/home/runner/.m2/repository/org/jline/jline/3.9.0/jline-3.9.0.jar:/home/runner/.m2/repository/org/apache/hadoop/hadoop-mapreduce-client-core/3.3.5/hadoop-mapreduce-client-core-3.3.5.jar:/home/runner/.m2/repository/org/apache/avro/avro/1.7.7/avro-1.7.7.jar:/home/runner/.m2/repository/com/thoughtworks/paranamer/paranamer/2.3/paranamer-2.3.jar:/home/runner/.m2/repository/org/apache/hadoop/hadoop-annotations/3.3.5/hadoop-annotations-3.3.5.jar:/usr/lib/jvm/temurin-8-jdk-amd64/jre/../lib/tools.jar:/home/runner/.m2/repository/io/netty/netty/3.10.6.Final/netty-3.10.6.Final.jar:/home/runner/.m2/repository/org/apache/hadoop/hadoop-distcp/3.3.5/hadoop-distcp-3.3.5-tests.jar:/home/runner/.m2/repository/org/slf4j/jul-to-slf4j/1.7.36/jul-to-slf4j-1.7.36.jar:"/>
    <property name="sun.cpu.endian" value="little"/>
    <property name="user.home" value="/home/runner"/>
    <property name="user.language" value="en"/>
    <property name="java.specification.vendor" value="Oracle Corporation"/>
    <property name="java.home" value="/usr/lib/jvm/temurin-8-jdk-amd64/jre"/>
    <property name="java.security.krb5.conf" value="/home/runner/work/ozone/ozone/hadoop-ozone/integration-test/target/test-classes/krb5.conf"/>
    <property name="basedir" value="/home/runner/work/ozone/ozone/hadoop-ozone/integration-test"/>
    <property name="file.separator" value="/"/>
    <property name="line.separator" value="&#10;"/>
    <property name="java.vm.specification.vendor" value="Oracle Corporation"/>
    <property name="java.specification.name" value="Java Platform API Specification"/>
    <property name="java.awt.graphicsenv" value="sun.awt.X11GraphicsEnvironment"/>
    <property name="skip.installnpx" value="true"/>
    <property name="surefire.real.class.path" value="/home/runner/work/ozone/ozone/hadoop-ozone/integration-test/target/surefire/surefirebooter53877500917809930.jar:/home/runner/.m2/repository/org/jacoco/org.jacoco.agent/0.8.5/org.jacoco.agent-0.8.5-runtime.jar"/>
    <property name="hadoop.log.dir" value="/home/runner/work/ozone/ozone/hadoop-ozone/integration-test/target/log"/>
    <property name="sun.boot.class.path" value="/usr/lib/jvm/temurin-8-jdk-amd64/jre/lib/resources.jar:/usr/lib/jvm/temurin-8-jdk-amd64/jre/lib/rt.jar:/usr/lib/jvm/temurin-8-jdk-amd64/jre/lib/sunrsasign.jar:/usr/lib/jvm/temurin-8-jdk-amd64/jre/lib/jsse.jar:/usr/lib/jvm/temurin-8-jdk-amd64/jre/lib/jce.jar:/usr/lib/jvm/temurin-8-jdk-amd64/jre/lib/charsets.jar:/usr/lib/jvm/temurin-8-jdk-amd64/jre/lib/jfr.jar:/usr/lib/jvm/temurin-8-jdk-amd64/jre/classes"/>
    <property name="sun.management.compiler" value="HotSpot 64-Bit Tiered Compilers"/>
    <property name="skip.npx" value="true"/>
    <property name="java.runtime.version" value="1.8.0_362-b09"/>
    <property name="java.net.preferIPv4Stack" value="true"/>
    <property name="user.name" value="runner"/>
    <property name="path.separator" value=":"/>
    <property name="java.security.egd" value="file:///dev/urandom"/>
    <property name="os.version" value="5.15.0-1035-azure"/>
    <property name="java.endorsed.dirs" value="/usr/lib/jvm/temurin-8-jdk-amd64/jre/lib/endorsed"/>
    <property name="java.runtime.name" value="OpenJDK Runtime Environment"/>
    <property name="file.encoding" value="UTF-8"/>
    <property name="java.vm.name" value="OpenJDK 64-Bit Server VM"/>
    <property name="test.build.webapps" value=""/>
    <property name="localRepository" value="/home/runner/.m2/repository"/>
    <property name="jetty.git.hash" value="b45c405e4544384de066f814ed42ae3dceacdd49"/>
    <property name="java.vendor.url.bug" value="https://github.com/adoptium/adoptium-support/issues"/>
    <property name="java.io.tmpdir" value="/tmp"/>
    <property name="require.test.libhadoop" value=""/>
    <property name="java.version" value="1.8.0_362"/>
    <property name="user.dir" value="/home/runner/work/ozone/ozone/hadoop-ozone/integration-test"/>
    <property name="os.arch" value="amd64"/>
    <property name="java.vm.specification.name" value="Java Virtual Machine Specification"/>
    <property name="test.build.classes" value="/home/runner/work/ozone/ozone/hadoop-ozone/integration-test/target/test-classes"/>
    <property name="java.awt.printerjob" value="sun.print.PSPrinterJob"/>
    <property name="sun.os.patch.level" value="unknown"/>
    <property name="org.apache.ratis.thirdparty.io.netty.allocator.useCacheForAllThreads" value="false"/>
    <property name="hadoop.tmp.dir" value="/home/runner/work/ozone/ozone/hadoop-ozone/integration-test/target/tmp"/>
    <property name="java.library.path" value="/usr/java/packages/lib/amd64:/usr/lib64:/lib64:/lib:/usr/lib"/>
    <property name="java.vm.info" value="mixed mode"/>
    <property name="java.vendor" value="Temurin"/>
    <property name="java.vm.version" value="25.362-b09"/>
    <property name="java.specification.maintenance.version" value="4"/>
    <property name="java.ext.dirs" value="/usr/lib/jvm/temurin-8-jdk-amd64/jre/lib/ext:/usr/java/packages/lib/ext"/>
    <property name="sun.io.unicode.encoding" value="UnicodeLittle"/>
    <property name="java.class.version" value="52.0"/>
  </properties>
  <testcase name="testDeleteKeyWithSlowFollower" classname="org.apache.hadoop.ozone.client.rpc.TestDeleteWithSlowFollower" time="102.515">
    <failure type="java.lang.AssertionError"><![CDATA[java.lang.AssertionError
	at org.junit.Assert.fail(Assert.java:87)
	at org.junit.Assert.assertTrue(Assert.java:42)
	at org.junit.Assert.assertTrue(Assert.java:53)
	at org.apache.hadoop.ozone.client.rpc.TestDeleteWithSlowFollower.testDeleteKeyWithSlowFollower(TestDeleteWithSlowFollower.java:305)
	at sun.reflect.NativeMethodAccessorImpl.invoke0(Native Method)
	at sun.reflect.NativeMethodAccessorImpl.invoke(NativeMethodAccessorImpl.java:62)
	at sun.reflect.DelegatingMethodAccessorImpl.invoke(DelegatingMethodAccessorImpl.java:43)
	at java.lang.reflect.Method.invoke(Method.java:498)
	at org.junit.runners.model.FrameworkMethod$1.runReflectiveCall(FrameworkMethod.java:59)
	at org.junit.internal.runners.model.ReflectiveCallable.run(ReflectiveCallable.java:12)
	at org.junit.runners.model.FrameworkMethod.invokeExplosively(FrameworkMethod.java:56)
	at org.junit.internal.runners.statements.InvokeMethod.evaluate(InvokeMethod.java:17)
	at org.junit.runners.ParentRunner$3.evaluate(ParentRunner.java:306)
	at org.junit.runners.BlockJUnit4ClassRunner$1.evaluate(BlockJUnit4ClassRunner.java:100)
	at org.junit.runners.ParentRunner.runLeaf(ParentRunner.java:366)
	at org.junit.runners.BlockJUnit4ClassRunner.runChild(BlockJUnit4ClassRunner.java:103)
	at org.junit.runners.BlockJUnit4ClassRunner.runChild(BlockJUnit4ClassRunner.java:63)
	at org.junit.runners.ParentRunner$4.run(ParentRunner.java:331)
	at org.junit.runners.ParentRunner$1.schedule(ParentRunner.java:79)
	at org.junit.runners.ParentRunner.runChildren(ParentRunner.java:329)
	at org.junit.runners.ParentRunner.access$100(ParentRunner.java:66)
	at org.junit.runners.ParentRunner$2.evaluate(ParentRunner.java:293)
	at org.junit.internal.runners.statements.RunBefores.evaluate(RunBefores.java:26)
	at org.junit.internal.runners.statements.RunAfters.evaluate(RunAfters.java:27)
	at org.junit.runners.ParentRunner$3.evaluate(ParentRunner.java:306)
	at org.junit.runners.ParentRunner.run(ParentRunner.java:413)
	at org.junit.runner.JUnitCore.run(JUnitCore.java:137)
	at org.junit.runner.JUnitCore.run(JUnitCore.java:115)
	at org.junit.vintage.engine.execution.RunnerExecutor.execute(RunnerExecutor.java:42)
	at org.junit.vintage.engine.VintageTestEngine.executeAllChildren(VintageTestEngine.java:80)
	at org.junit.vintage.engine.VintageTestEngine.execute(VintageTestEngine.java:72)
	at org.junit.platform.launcher.core.EngineExecutionOrchestrator.execute(EngineExecutionOrchestrator.java:107)
	at org.junit.platform.launcher.core.EngineExecutionOrchestrator.execute(EngineExecutionOrchestrator.java:88)
	at org.junit.platform.launcher.core.EngineExecutionOrchestrator.lambda$execute$0(EngineExecutionOrchestrator.java:54)
	at org.junit.platform.launcher.core.EngineExecutionOrchestrator.withInterceptedStreams(EngineExecutionOrchestrator.java:67)
	at org.junit.platform.launcher.core.EngineExecutionOrchestrator.execute(EngineExecutionOrchestrator.java:52)
	at org.junit.platform.launcher.core.DefaultLauncher.execute(DefaultLauncher.java:114)
	at org.junit.platform.launcher.core.DefaultLauncher.execute(DefaultLauncher.java:86)
	at org.junit.platform.launcher.core.DefaultLauncherSession$DelegatingLauncher.execute(DefaultLauncherSession.java:86)
	at org.junit.platform.launcher.core.SessionPerRequestLauncher.execute(SessionPerRequestLauncher.java:53)
	at org.apache.maven.surefire.junitplatform.JUnitPlatformProvider.execute(JUnitPlatformProvider.java:188)
	at org.apache.maven.surefire.junitplatform.JUnitPlatformProvider.invokeAllTests(JUnitPlatformProvider.java:154)
	at org.apache.maven.surefire.junitplatform.JUnitPlatformProvider.invoke(JUnitPlatformProvider.java:124)
	at org.apache.maven.surefire.booter.ForkedBooter.runSuitesInProcess(ForkedBooter.java:428)
	at org.apache.maven.surefire.booter.ForkedBooter.execute(ForkedBooter.java:162)
	at org.apache.maven.surefire.booter.ForkedBooter.run(ForkedBooter.java:562)
	at org.apache.maven.surefire.booter.ForkedBooter.main(ForkedBooter.java:548)
]]></failure>
    <system-out><![CDATA[2023-04-24 08:15:14,279 [main] WARN  server.ServerUtils (ServerUtils.java:getScmDbDir(148)) - ozone.scm.db.dirs is not configured. We recommend adding this setting. Falling back to ozone.metadata.dirs instead.
2023-04-24 08:15:14,384 [main] WARN  server.ServerUtils (ServerUtils.java:getScmDbDir(148)) - ozone.scm.db.dirs is not configured. We recommend adding this setting. Falling back to ozone.metadata.dirs instead.
2023-04-24 08:15:14,388 [main] INFO  ha.SCMHANodeDetails (SCMHANodeDetails.java:loadSCMHAConfig(209)) - ServiceID for StorageContainerManager is null
2023-04-24 08:15:14,393 [main] WARN  ha.SCMHANodeDetails (SCMHANodeDetails.java:validateSCMHAConfig(182)) - Invalid config ozone.scm.ratis.enable. The config was not specified, but the default value true conflicts with the expected config value false. Falling back to the expected value. Current State of SCM: SCM is running in Non-HA without Ratis Ratis SCM -> Non Ratis SCM or Non HA SCM -> HA SCM is not supported
2023-04-24 08:15:14,394 [main] INFO  ha.SCMHANodeDetails (SCMHANodeDetails.java:loadSCMHAConfig(214)) - ozone.scm.default.service.id is not defined, falling back to ozone.scm.service.ids to find serviceID for StorageContainerManager if it is HA enabled cluster
2023-04-24 08:15:14,961 [main] WARN  utils.HAUtils (HAUtils.java:getMetaDir(342)) - ozone.scm.db.dirs is not configured. We recommend adding this setting. Falling back to ozone.metadata.dirs instead.
2023-04-24 08:15:15,179 [main] WARN  db.DBStoreBuilder (DBStoreBuilder.java:applyDBDefinition(182)) - ozone.scm.db.dirs is not configured. We recommend adding this setting. Falling back to ozone.metadata.dirs instead.
2023-04-24 08:15:15,365 [main] INFO  net.NodeSchemaLoader (NodeSchemaLoader.java:loadSchemaFromFile(129)) - Loading schema from [jar:file:/home/runner/.m2/repository/org/apache/ozone/hdds-common/1.4.0-SNAPSHOT/hdds-common-1.4.0-SNAPSHOT.jar!/network-topology-default.xml]
2023-04-24 08:15:15,366 [main] INFO  net.NodeSchemaLoader (NodeSchemaLoader.java:loadSchema(176)) - Loading network topology layer schema file
2023-04-24 08:15:15,403 [main] INFO  metrics.MetricRegistries (MetricRegistriesLoader.java:load(64)) - Loaded MetricRegistries class org.apache.ratis.metrics.impl.MetricRegistriesImpl
2023-04-24 08:15:15,409 [main] INFO  upgrade.AbstractLayoutVersionManager (AbstractLayoutVersionManager.java:init(83)) - Initializing Layout version manager with metadata layout = WEBUI_PORTS_IN_DATANODEDETAILS (version = 6), software layout = WEBUI_PORTS_IN_DATANODEDETAILS (version = 6)
2023-04-24 08:15:15,618 [main] INFO  reflections.Reflections (Reflections.java:scan(232)) - Reflections took 153 ms to scan 7 urls, producing 156 keys and 369 values 
2023-04-24 08:15:15,734 [main] INFO  ha.SequenceIdGenerator (SequenceIdGenerator.java:upgradeToSequenceId(349)) - upgrade localId to 111677748019200000
2023-04-24 08:15:15,734 [main] INFO  ha.SequenceIdGenerator (SequenceIdGenerator.java:upgradeToSequenceId(359)) - upgrade delTxnId to 0
2023-04-24 08:15:15,737 [main] INFO  ha.SequenceIdGenerator (SequenceIdGenerator.java:upgradeToSequenceId(376)) - upgrade containerId to 0
2023-04-24 08:15:15,739 [main] INFO  ha.SequenceIdGenerator (SequenceIdGenerator.java:<init>(220)) - Init the HA SequenceIdGenerator.
2023-04-24 08:15:15,793 [main] WARN  server.ServerUtils (ServerUtils.java:sanitizeUserArgs(73)) - ozone.scm.stale.node.interval value = 1000000 is larger than max = 100000 based on the key value of ozone.scm.heartbeat.thread.interval, reset to the max value 100000.
2023-04-24 08:15:15,793 [main] WARN  server.ServerUtils (ServerUtils.java:sanitizeUserArgs(73)) - ozone.scm.stale.node.interval value = 1000000 is larger than max = 100000 based on the key value of ozone.scm.heartbeat.thread.interval, reset to the max value 100000.
2023-04-24 08:15:15,807 [main] INFO  node.SCMNodeManager (SCMNodeManager.java:<init>(156)) - Entering startup safe mode.
2023-04-24 08:15:15,824 [main] INFO  algorithms.ContainerPlacementPolicyFactory (ContainerPlacementPolicyFactory.java:getPolicyInternal(86)) - Create container placement policy of type org.apache.hadoop.hdds.scm.container.placement.algorithms.SCMContainerPlacementRackAware
2023-04-24 08:15:15,827 [main] INFO  algorithms.ContainerPlacementPolicyFactory (ContainerPlacementPolicyFactory.java:getPolicyInternal(86)) - Create container placement policy of type org.apache.hadoop.hdds.scm.container.placement.algorithms.SCMContainerPlacementRackScatter
2023-04-24 08:15:15,835 [main] INFO  pipeline.PipelineStateManagerImpl (PipelineStateManagerImpl.java:initialize(78)) - No pipeline exists in current db
2023-04-24 08:15:15,868 [main] INFO  algorithms.LeaderChoosePolicyFactory (LeaderChoosePolicyFactory.java:getPolicy(57)) - Create leader choose policy of type org.apache.hadoop.hdds.scm.pipeline.leader.choose.algorithms.MinLeaderCountChoosePolicy
2023-04-24 08:15:15,869 [main] INFO  algorithms.ContainerPlacementPolicyFactory (ContainerPlacementPolicyFactory.java:getPolicyInternal(86)) - Create container placement policy of type org.apache.hadoop.hdds.scm.container.placement.algorithms.SCMContainerPlacementRackScatter
2023-04-24 08:15:15,876 [main] INFO  ha.SCMServiceManager (SCMServiceManager.java:register(42)) - Registering service BackgroundPipelineCreator.
2023-04-24 08:15:15,876 [main] INFO  pipeline.BackgroundPipelineCreator (BackgroundPipelineCreator.java:start(124)) - Starting RatisPipelineUtilsThread.
2023-04-24 08:15:15,879 [main] INFO  BackgroundPipelineScrubber (BackgroundSCMService.java:start(68)) - Starting BackgroundPipelineScrubber Service.
2023-04-24 08:15:15,883 [main] INFO  ha.SCMServiceManager (SCMServiceManager.java:register(42)) - Registering service BackgroundPipelineScrubber.
2023-04-24 08:15:15,889 [main] INFO  ExpiredContainerReplicaOpScrubber (BackgroundSCMService.java:start(68)) - Starting ExpiredContainerReplicaOpScrubber Service.
2023-04-24 08:15:15,889 [main] INFO  ha.SCMServiceManager (SCMServiceManager.java:register(42)) - Registering service ExpiredContainerReplicaOpScrubber.
2023-04-24 08:15:15,935 [main] INFO  algorithms.PipelineChoosePolicyFactory (PipelineChoosePolicyFactory.java:createPipelineChoosePolicyFromClass(73)) - Create pipeline choose policy of type org.apache.hadoop.hdds.scm.pipeline.choose.algorithms.RandomPipelineChoosePolicy
2023-04-24 08:15:15,953 [main] INFO  ha.SCMServiceManager (SCMServiceManager.java:register(42)) - Registering service SCMBlockDeletingService.
2023-04-24 08:15:16,017 [main] INFO  replication.ReplicationManager (ReplicationManager.java:start(288)) - Starting Replication Monitor Thread.
2023-04-24 08:15:16,028 [main] INFO  ha.SCMServiceManager (SCMServiceManager.java:register(42)) - Registering service ReplicationManager.
2023-04-24 08:15:16,030 [ReplicationMonitor] INFO  replication.ReplicationManager (ReplicationManager.java:processAll(363)) - Replication Manager is not ready to run until 3000ms after safemode exit
2023-04-24 08:15:16,040 [main] INFO  safemode.ContainerSafeModeRule (ContainerSafeModeRule.java:<init>(89)) - containers with one replica threshold count 0
2023-04-24 08:15:16,049 [main] INFO  safemode.HealthyPipelineSafeModeRule (HealthyPipelineSafeModeRule.java:initializeRule(169)) - Total pipeline count is 0, healthy pipeline threshold count is 1
2023-04-24 08:15:16,051 [main] INFO  safemode.OneReplicaPipelineSafeModeRule (OneReplicaPipelineSafeModeRule.java:initializeRule(180)) - Total pipeline count is 0, pipeline's with at least one datanode reported threshold count is 0
2023-04-24 08:15:16,102 [main] INFO  server.StorageContainerManager (StorageContainerManager.java:<init>(402)) - SCM start with adminUsers: [runner]
2023-04-24 08:15:16,380 [main] INFO  audit.AuditLogger (AuditLogger.java:refreshDebugCmdSet(126)) - Refresh DebugCmdSet for SCMAudit to [].
2023-04-24 08:15:16,409 [main] INFO  ipc.CallQueueManager (CallQueueManager.java:<init>(90)) - Using callQueue: class java.util.concurrent.LinkedBlockingQueue, queueCapacity: 2000, scheduler: class org.apache.hadoop.ipc.DefaultRpcScheduler, ipcBackoff: false.
2023-04-24 08:15:16,446 [Socket Reader #1 for port 0] INFO  ipc.Server (Server.java:run(1319)) - Starting Socket Reader #1 for port 0
2023-04-24 08:15:16,516 [Listener at 0.0.0.0/34191] INFO  audit.AuditLogger (AuditLogger.java:refreshDebugCmdSet(126)) - Refresh DebugCmdSet for SCMAudit to [].
2023-04-24 08:15:16,535 [Listener at 0.0.0.0/34191] INFO  ipc.CallQueueManager (CallQueueManager.java:<init>(90)) - Using callQueue: class java.util.concurrent.LinkedBlockingQueue, queueCapacity: 2000, scheduler: class org.apache.hadoop.ipc.DefaultRpcScheduler, ipcBackoff: false.
2023-04-24 08:15:16,536 [Socket Reader #1 for port 0] INFO  ipc.Server (Server.java:run(1319)) - Starting Socket Reader #1 for port 0
2023-04-24 08:15:16,570 [Listener at 0.0.0.0/40757] INFO  audit.AuditLogger (AuditLogger.java:refreshDebugCmdSet(126)) - Refresh DebugCmdSet for SCMAudit to [].
2023-04-24 08:15:16,580 [Listener at 0.0.0.0/40757] INFO  ipc.CallQueueManager (CallQueueManager.java:<init>(90)) - Using callQueue: class java.util.concurrent.LinkedBlockingQueue, queueCapacity: 2000, scheduler: class org.apache.hadoop.ipc.DefaultRpcScheduler, ipcBackoff: false.
2023-04-24 08:15:16,581 [Socket Reader #1 for port 0] INFO  ipc.Server (Server.java:run(1319)) - Starting Socket Reader #1 for port 0
2023-04-24 08:15:16,638 [Listener at 0.0.0.0/35753] INFO  ha.SCMServiceManager (SCMServiceManager.java:register(42)) - Registering service ContainerBalancer.
2023-04-24 08:15:16,641 [Listener at 0.0.0.0/35753] INFO  server.StorageContainerManager (StorageContainerManager.java:<init>(419)) - 
Container Balancer status:
Key                            Value
Running                        false
Container Balancer Configuration values:
Key                                                Value
Threshold                                          10
Max Datanodes to Involve per Iteration(percent)    20
Max Size to Move per Iteration                     500GB
Max Size Entering Target per Iteration             26GB
Max Size Leaving Source per Iteration              26GB

2023-04-24 08:15:16,642 [Listener at 0.0.0.0/35753] INFO  ha.SCMContext (SCMContext.java:updateSafeModeStatus(228)) - Update SafeModeStatus from SafeModeStatus{safeModeStatus=true, preCheckPassed=false} to SafeModeStatus{safeModeStatus=true, preCheckPassed=false}.
2023-04-24 08:15:16,711 [Listener at 0.0.0.0/35753] INFO  server.StorageContainerManager (StorageContainerManager.java:start(1476)) - StorageContainerLocationProtocol RPC server is listening at /0.0.0.0:35753
2023-04-24 08:15:16,773 [Listener at 0.0.0.0/35753] WARN  impl.MetricsConfig (MetricsConfig.java:loadFirst(136)) - Cannot locate configuration: tried hadoop-metrics2-storagecontainermanager.properties,hadoop-metrics2.properties
2023-04-24 08:15:16,785 [Listener at 0.0.0.0/35753] INFO  impl.MetricsSystemImpl (MetricsSystemImpl.java:startTimer(378)) - Scheduled Metric snapshot period at 10 second(s).
2023-04-24 08:15:16,785 [Listener at 0.0.0.0/35753] INFO  impl.MetricsSystemImpl (MetricsSystemImpl.java:start(191)) - StorageContainerManager metrics system started
2023-04-24 08:15:17,003 [Listener at 0.0.0.0/35753] INFO  server.SCMClientProtocolServer (SCMClientProtocolServer.java:start(197)) - RPC server for Client  is listening at /0.0.0.0:35753
2023-04-24 08:15:17,004 [IPC Server Responder] INFO  ipc.Server (Server.java:run(1558)) - IPC Server Responder: starting
2023-04-24 08:15:17,005 [IPC Server listener on 0] INFO  ipc.Server (Server.java:run(1398)) - IPC Server listener on 0: starting
2023-04-24 08:15:17,016 [Listener at 0.0.0.0/35753] INFO  server.StorageContainerManager (StorageContainerManager.java:start(1490)) - ScmBlockLocationProtocol RPC server is listening at /0.0.0.0:40757
2023-04-24 08:15:17,017 [Listener at 0.0.0.0/35753] INFO  server.SCMBlockProtocolServer (SCMBlockProtocolServer.java:start(152)) - RPC server for Block Protocol is listening at /0.0.0.0:40757
2023-04-24 08:15:17,018 [IPC Server Responder] INFO  ipc.Server (Server.java:run(1558)) - IPC Server Responder: starting
2023-04-24 08:15:17,018 [IPC Server listener on 0] INFO  ipc.Server (Server.java:run(1398)) - IPC Server listener on 0: starting
2023-04-24 08:15:17,020 [Listener at 0.0.0.0/35753] INFO  server.SCMDatanodeProtocolServer (SCMDatanodeProtocolServer.java:start(193)) - ScmDatanodeProtocol RPC server for DataNodes is listening at /0.0.0.0:34191
2023-04-24 08:15:17,022 [IPC Server Responder] INFO  ipc.Server (Server.java:run(1558)) - IPC Server Responder: starting
2023-04-24 08:15:17,022 [IPC Server listener on 0] INFO  ipc.Server (Server.java:run(1398)) - IPC Server listener on 0: starting
2023-04-24 08:15:17,050 [org.apache.hadoop.util.JvmPauseMonitor$Monitor@714d7c7b] INFO  util.JvmPauseMonitor (JvmPauseMonitor.java:run(188)) - Starting JVM pause monitor
2023-04-24 08:15:17,055 [Listener at 0.0.0.0/35753] INFO  http.BaseHttpServer (BaseHttpServer.java:newHttpServer2BuilderForOzone(224)) - Starting Web-server for scm at: http://0.0.0.0:0
2023-04-24 08:15:17,056 [Listener at 0.0.0.0/35753] INFO  http.BaseHttpServer (BaseHttpServer.java:<init>(111)) - Hadoop Security Enabled: false Ozone Security Enabled: false Ozone HTTP Security Enabled: false 
2023-04-24 08:15:17,081 [Listener at 0.0.0.0/35753] INFO  util.log (Log.java:initialized(170)) - Logging initialized @4106ms to org.eclipse.jetty.util.log.Slf4jLog
2023-04-24 08:15:17,172 [Listener at 0.0.0.0/35753] WARN  server.AuthenticationFilter (AuthenticationFilter.java:constructSecretProvider(240)) - Unable to initialize FileSignerSecretProvider, falling back to use random secrets. Reason: Could not read signature secret file: /home/runner/hadoop-http-auth-signature-secret
2023-04-24 08:15:17,180 [Listener at 0.0.0.0/35753] INFO  http.HttpRequestLog (HttpRequestLog.java:getRequestLog(86)) - Http request log for http.requests.scm is not defined
2023-04-24 08:15:17,186 [Listener at 0.0.0.0/35753] INFO  http.HttpServer2 (HttpServer2.java:addGlobalFilter(1031)) - Added global filter 'safety' (class=org.apache.hadoop.hdds.server.http.HttpServer2$QuotingInputFilter)
2023-04-24 08:15:17,188 [Listener at 0.0.0.0/35753] INFO  http.HttpServer2 (HttpServer2.java:addFilter(1007)) - Added filter static_user_filter (class=org.apache.hadoop.http.lib.StaticUserWebFilter$StaticUserFilter) to context scm
2023-04-24 08:15:17,188 [Listener at 0.0.0.0/35753] INFO  http.HttpServer2 (HttpServer2.java:addFilter(1015)) - Added filter static_user_filter (class=org.apache.hadoop.http.lib.StaticUserWebFilter$StaticUserFilter) to context logs
2023-04-24 08:15:17,188 [Listener at 0.0.0.0/35753] INFO  http.HttpServer2 (HttpServer2.java:addFilter(1015)) - Added filter static_user_filter (class=org.apache.hadoop.http.lib.StaticUserWebFilter$StaticUserFilter) to context static
2023-04-24 08:15:17,221 [Listener at 0.0.0.0/35753] INFO  http.BaseHttpServer (BaseHttpServer.java:<init>(190)) - HTTP server of scm uses base directory /home/runner/work/ozone/ozone/hadoop-ozone/integration-test/target/test-dir/MiniOzoneClusterImpl-f6153afd-65ae-4a30-a1a8-75442c8cb6d9/ozone-meta/webserver
2023-04-24 08:15:17,222 [Listener at 0.0.0.0/35753] INFO  http.HttpServer2 (HttpServer2.java:bindListener(1250)) - Jetty bound to port 38307
2023-04-24 08:15:17,223 [Listener at 0.0.0.0/35753] INFO  server.Server (Server.java:doStart(375)) - jetty-9.4.51.v20230217; built: 2023-02-17T08:19:37.309Z; git: b45c405e4544384de066f814ed42ae3dceacdd49; jvm 1.8.0_362-b09
2023-04-24 08:15:17,247 [Listener at 0.0.0.0/35753] INFO  server.session (DefaultSessionIdManager.java:doStart(334)) - DefaultSessionIdManager workerName=node0
2023-04-24 08:15:17,248 [Listener at 0.0.0.0/35753] INFO  server.session (DefaultSessionIdManager.java:doStart(339)) - No SessionScavenger set, using defaults
2023-04-24 08:15:17,249 [Listener at 0.0.0.0/35753] INFO  server.session (HouseKeeper.java:startScavenging(132)) - node0 Scavenging every 660000ms
2023-04-24 08:15:17,260 [Listener at 0.0.0.0/35753] INFO  handler.ContextHandler (ContextHandler.java:doStart(921)) - Started o.e.j.s.ServletContextHandler@f047670{logs,/logs,file:///home/runner/work/ozone/ozone/hadoop-ozone/integration-test/target/log,AVAILABLE}
2023-04-24 08:15:17,261 [Listener at 0.0.0.0/35753] INFO  handler.ContextHandler (ContextHandler.java:doStart(921)) - Started o.e.j.s.ServletContextHandler@7fd7085d{static,/static,file:///home/runner/work/ozone/ozone/hadoop-ozone/integration-test/target/test-classes/webapps/static,AVAILABLE}
2023-04-24 08:15:17,306 [Listener at 0.0.0.0/35753] INFO  handler.ContextHandler (ContextHandler.java:doStart(921)) - Started o.e.j.w.WebAppContext@330d557e{scm,/,file:///home/runner/work/ozone/ozone/hadoop-ozone/integration-test/target/test-classes/webapps/scm/,AVAILABLE}{file:/home/runner/work/ozone/ozone/hadoop-ozone/integration-test/target/test-classes/webapps/scm}
2023-04-24 08:15:17,313 [Listener at 0.0.0.0/35753] INFO  server.AbstractConnector (AbstractConnector.java:doStart(333)) - Started ServerConnector@7c4697fc{HTTP/1.1, (http/1.1)}{0.0.0.0:38307}
2023-04-24 08:15:17,313 [Listener at 0.0.0.0/35753] INFO  server.Server (Server.java:doStart(415)) - Started @4339ms
2023-04-24 08:15:17,315 [Listener at 0.0.0.0/35753] INFO  impl.MetricsSinkAdapter (MetricsSinkAdapter.java:start(204)) - Sink prometheus started
2023-04-24 08:15:17,316 [Listener at 0.0.0.0/35753] INFO  impl.MetricsSystemImpl (MetricsSystemImpl.java:registerSink(305)) - Registered sink prometheus
2023-04-24 08:15:17,317 [Listener at 0.0.0.0/35753] INFO  http.BaseHttpServer (BaseHttpServer.java:updateConnectorAddress(344)) - HTTP server of scm listening at http://0.0.0.0:38307
2023-04-24 08:15:17,320 [Listener at 0.0.0.0/35753] WARN  server.ServerUtils (ServerUtils.java:getDBPath(225)) - ozone.om.db.dirs is not configured. We recommend adding this setting. Falling back to ozone.metadata.dirs instead.
2023-04-24 08:15:17,374 [Listener at 0.0.0.0/35753] INFO  audit.AuditLogger (AuditLogger.java:refreshDebugCmdSet(126)) - Refresh DebugCmdSet for OMAudit to [].
2023-04-24 08:15:17,444 [Listener at 0.0.0.0/35753] INFO  ha.OMHANodeDetails (OMHANodeDetails.java:loadOMHAConfig(115)) - ozone.om.internal.service.id is not defined, falling back to ozone.om.service.ids to find serviceID for OzoneManager if it is HA enabled cluster
2023-04-24 08:15:17,448 [Listener at 0.0.0.0/35753] INFO  ha.OMHANodeDetails (OMHANodeDetails.java:loadOMHAConfig(226)) - Configuration does not have ozone.om.address set. Falling back to the default OM address /127.0.0.1:0
2023-04-24 08:15:17,448 [Listener at 0.0.0.0/35753] INFO  ha.OMHANodeDetails (OMHANodeDetails.java:getOMNodeDetailsForNonHA(254)) - OM Service ID is not set. Setting it to the default ID: omServiceIdDefault
2023-04-24 08:15:17,448 [Listener at 0.0.0.0/35753] INFO  ha.OMHANodeDetails (OMHANodeDetails.java:getOMNodeDetailsForNonHA(261)) - OM Node ID is not set. Setting it to the default ID: om1
2023-04-24 08:15:17,451 [Listener at 0.0.0.0/35753] WARN  server.ServerUtils (ServerUtils.java:getDBPath(225)) - ozone.om.db.dirs is not configured. We recommend adding this setting. Falling back to ozone.metadata.dirs instead.
2023-04-24 08:15:17,454 [Listener at 0.0.0.0/35753] INFO  upgrade.AbstractLayoutVersionManager (AbstractLayoutVersionManager.java:init(83)) - Initializing Layout version manager with metadata layout = HSYNC (version = 4), software layout = HSYNC (version = 4)
2023-04-24 08:15:17,546 [Listener at 0.0.0.0/35753] INFO  reflections.Reflections (Reflections.java:scan(232)) - Reflections took 88 ms to scan 2 urls, producing 171 keys and 477 values [using 2 cores]
2023-04-24 08:15:17,550 [Listener at 0.0.0.0/35753] INFO  upgrade.OMLayoutVersionManager (OMLayoutVersionManager.java:lambda$0(115)) - Skipping Upgrade Action MockOmUpgradeAction since it has been finalized.
2023-04-24 08:15:17,552 [Listener at 0.0.0.0/35753] WARN  server.ServerUtils (ServerUtils.java:getDBPath(225)) - ozone.om.db.dirs is not configured. We recommend adding this setting. Falling back to ozone.metadata.dirs instead.
2023-04-24 08:15:17,694 [Listener at 0.0.0.0/35753] INFO  proxy.SCMBlockLocationFailoverProxyProvider (SCMBlockLocationFailoverProxyProvider.java:<init>(114)) - Created block location fail-over proxy with 1 nodes: [nodeId=scmNodeId,nodeAddress=/0.0.0.0:40757]
2023-04-24 08:15:17,724 [Listener at 0.0.0.0/35753] INFO  proxy.SCMBlockLocationFailoverProxyProvider (SCMBlockLocationFailoverProxyProvider.java:<init>(114)) - Created block location fail-over proxy with 1 nodes: [nodeId=scmNodeId,nodeAddress=/0.0.0.0:40757]
2023-04-24 08:15:17,914 [Listener at 0.0.0.0/35753] INFO  om.OzoneManager (OzoneManager.java:<init>(627)) - OM start with adminUsers: [runner]
2023-04-24 08:15:17,942 [Listener at 0.0.0.0/35753] WARN  server.ServerUtils (ServerUtils.java:getDBPath(225)) - ozone.om.db.dirs is not configured. We recommend adding this setting. Falling back to ozone.metadata.dirs instead.
2023-04-24 08:15:17,954 [Listener at 0.0.0.0/35753] INFO  codec.OmKeyInfoCodec (OmKeyInfoCodec.java:<init>(49)) - OmKeyInfoCodec ignorePipeline = true
2023-04-24 08:15:17,955 [Listener at 0.0.0.0/35753] INFO  codec.RepeatedOmKeyInfoCodec (RepeatedOmKeyInfoCodec.java:<init>(41)) - RepeatedOmKeyInfoCodec ignorePipeline = true
2023-04-24 08:15:18,162 [Listener at 0.0.0.0/35753] INFO  om.OzoneManager (OzoneManager.java:instantiateServices(757)) - S3 Multi-Tenancy is disabled
2023-04-24 08:15:18,191 [Listener at 0.0.0.0/35753] WARN  server.ServerUtils (ServerUtils.java:getDBPath(225)) - ozone.om.snapshot.diff.db.dir is not configured. We recommend adding this setting. Falling back to ozone.metadata.dirs instead.
2023-04-24 08:15:18,293 [Listener at 0.0.0.0/35753] INFO  om.OzoneManager (OzoneManager.java:addS3GVolumeToDB(4264)) - Created Volume s3v With Owner runner required for S3Gateway operations.
2023-04-24 08:15:18,350 [Listener at 0.0.0.0/35753] WARN  server.ServerUtils (ServerUtils.java:getDefaultRatisDirectory(237)) - Storage directory for Ratis is not configured. It is a good idea to map this to an SSD disk. Falling back to ozone.metadata.dirs
2023-04-24 08:15:18,351 [Listener at 0.0.0.0/35753] WARN  utils.OzoneManagerRatisUtils (OzoneManagerRatisUtils.java:getOMRatisSnapshotDirectory(459)) - ozone.om.ratis.snapshot.dir is not configured. Falling back to ozone.metadata.dirs config
2023-04-24 08:15:18,366 [Listener at 0.0.0.0/35753] WARN  server.ServerUtils (ServerUtils.java:getDefaultRatisDirectory(237)) - Storage directory for Ratis is not configured. It is a good idea to map this to an SSD disk. Falling back to ozone.metadata.dirs
2023-04-24 08:15:18,394 [Listener at 0.0.0.0/35753] INFO  ratis.OzoneManagerRatisServer (OzoneManagerRatisServer.java:<init>(163)) - Instantiating OM Ratis server with groupID: omServiceIdDefault and peers: localhost:9872
2023-04-24 08:15:18,402 [Listener at 0.0.0.0/35753] INFO  ratis.OzoneManagerStateMachine (OzoneManagerStateMachine.java:loadSnapshotInfoFromDB(644)) - LastAppliedIndex is set from TransactionInfo from OM DB as (t:0, i:~)
2023-04-24 08:15:18,447 [Listener at 0.0.0.0/35753] INFO  server.RaftServer (ConfUtils.java:logGet(46)) - raft.rpc.type = GRPC (default)
2023-04-24 08:15:18,516 [Listener at 0.0.0.0/35753] INFO  grpc.GrpcConfigKeys (ConfUtils.java:logFallback(53)) - raft.grpc.admin.host = null (fallback to raft.grpc.server.host)
2023-04-24 08:15:18,518 [Listener at 0.0.0.0/35753] INFO  grpc.GrpcConfigKeys (ConfUtils.java:logFallback(53)) - raft.grpc.admin.port = 9872 (fallback to raft.grpc.server.port)
2023-04-24 08:15:18,518 [Listener at 0.0.0.0/35753] INFO  grpc.GrpcConfigKeys (ConfUtils.java:logFallback(53)) - raft.grpc.client.host = null (fallback to raft.grpc.server.host)
2023-04-24 08:15:18,519 [Listener at 0.0.0.0/35753] INFO  grpc.GrpcConfigKeys (ConfUtils.java:logFallback(53)) - raft.grpc.client.port = 9872 (fallback to raft.grpc.server.port)
2023-04-24 08:15:18,519 [Listener at 0.0.0.0/35753] INFO  grpc.GrpcConfigKeys (ConfUtils.java:logGet(46)) - raft.grpc.server.host = null (default)
2023-04-24 08:15:18,519 [Listener at 0.0.0.0/35753] INFO  grpc.GrpcConfigKeys (ConfUtils.java:logGet(46)) - raft.grpc.server.port = 9872 (custom)
2023-04-24 08:15:18,519 [Listener at 0.0.0.0/35753] INFO  server.GrpcService (ConfUtils.java:logGet(46)) - raft.grpc.message.size.max = 33554432 (custom)
2023-04-24 08:15:18,520 [Listener at 0.0.0.0/35753] INFO  server.RaftServerConfigKeys (ConfUtils.java:logGet(46)) - raft.server.log.appender.buffer.byte-limit = 33554432 (custom)
2023-04-24 08:15:18,521 [Listener at 0.0.0.0/35753] INFO  server.GrpcService (ConfUtils.java:logGet(46)) - raft.grpc.flow.control.window = 1MB (=1048576) (default)
2023-04-24 08:15:18,521 [Listener at 0.0.0.0/35753] INFO  server.RaftServerConfigKeys (ConfUtils.java:logGet(46)) - raft.server.rpc.request.timeout = 3000ms (default)
2023-04-24 08:15:18,531 [Listener at 0.0.0.0/35753] INFO  grpc.GrpcConfigKeys (ConfUtils.java:logGet(46)) - raft.grpc.server.heartbeat.channel = true (default)
2023-04-24 08:15:18,534 [Listener at 0.0.0.0/35753] INFO  grpc.GrpcConfigKeys (ConfUtils.java:logGet(46)) - raft.grpc.server.async.request.thread.pool.cached = true (default)
2023-04-24 08:15:18,534 [Listener at 0.0.0.0/35753] INFO  grpc.GrpcConfigKeys (ConfUtils.java:logGet(46)) - raft.grpc.server.async.request.thread.pool.size = 32 (default)
2023-04-24 08:15:18,721 [Listener at 0.0.0.0/35753] INFO  impl.DataStreamServerImpl (ConfUtils.java:logGet(46)) - raft.datastream.type = DISABLED (default)
2023-04-24 08:15:18,723 [Listener at 0.0.0.0/35753] INFO  server.RaftServerConfigKeys (ConfUtils.java:logGet(46)) - raft.server.threadpool.proxy.cached = true (default)
2023-04-24 08:15:18,724 [Listener at 0.0.0.0/35753] INFO  server.RaftServerConfigKeys (ConfUtils.java:logGet(46)) - raft.server.threadpool.proxy.size = 0 (default)
2023-04-24 08:15:18,724 [Listener at 0.0.0.0/35753] INFO  server.RaftServerConfigKeys (ConfUtils.java:logGet(46)) - raft.server.rpc.slowness.timeout = 120s (custom)
2023-04-24 08:15:18,724 [Listener at 0.0.0.0/35753] INFO  server.RaftServerConfigKeys (ConfUtils.java:logGet(46)) - raft.server.leaderelection.leader.step-down.wait-time = 10s (default)
2023-04-24 08:15:18,727 [Listener at 0.0.0.0/35753] INFO  server.RaftServerConfigKeys (ConfUtils.java:logGet(46)) - raft.server.storage.dir = [/home/runner/work/ozone/ozone/hadoop-ozone/integration-test/target/test-dir/MiniOzoneClusterImpl-f6153afd-65ae-4a30-a1a8-75442c8cb6d9/ozone-meta/ratis] (custom)
2023-04-24 08:15:18,736 [Listener at 0.0.0.0/35753] INFO  server.RaftServer (RaftServerProxy.java:addNew(96)) - om1: addNew group-C5BA1605619E:[om1|rpc:localhost:9872|priority:0|startupRole:FOLLOWER] returns group-C5BA1605619E:java.util.concurrent.CompletableFuture@17baf642[Not completed]
2023-04-24 08:15:18,736 [Listener at 0.0.0.0/35753] INFO  om.OzoneManager (OzoneManager.java:initializeRatisServer(2095)) - OzoneManager Ratis server initialized at port 9872
2023-04-24 08:15:18,740 [Listener at 0.0.0.0/35753] INFO  om.OzoneManager (OzoneManager.java:getRpcServer(1142)) - Creating RPC Server
2023-04-24 08:15:18,762 [pool-61-thread-1] INFO  server.RaftServer$Division (RaftServerImpl.java:<init>(195)) - om1: new RaftServerImpl for group-C5BA1605619E:[om1|rpc:localhost:9872|priority:0|startupRole:FOLLOWER] with OzoneManagerStateMachine:uninitialized
2023-04-24 08:15:18,764 [pool-61-thread-1] INFO  server.RaftServerConfigKeys (ConfUtils.java:logGet(46)) - raft.server.rpc.timeout.min = 1s (custom)
2023-04-24 08:15:18,765 [pool-61-thread-1] INFO  server.RaftServerConfigKeys (ConfUtils.java:logGet(46)) - raft.server.rpc.timeout.max = 1200ms (custom)
2023-04-24 08:15:18,765 [pool-61-thread-1] INFO  server.RaftServerConfigKeys (ConfUtils.java:logGet(46)) - raft.server.rpc.sleep.time = 25ms (default)
2023-04-24 08:15:18,765 [pool-61-thread-1] INFO  server.RaftServerConfigKeys (ConfUtils.java:logGet(46)) - raft.server.rpc.slowness.timeout = 120s (custom)
2023-04-24 08:15:18,765 [pool-61-thread-1] INFO  server.RaftServerConfigKeys (ConfUtils.java:logGet(46)) - raft.server.leaderelection.leader.step-down.wait-time = 10s (default)
2023-04-24 08:15:18,765 [pool-61-thread-1] INFO  server.RaftServerConfigKeys (ConfUtils.java:logGet(46)) - raft.server.sleep.deviation.threshold = 300ms (default)
2023-04-24 08:15:18,783 [pool-61-thread-1] INFO  server.RaftServer$Division (ServerState.java:<init>(118)) - om1@group-C5BA1605619E: ConfigurationManager, init=-1: peers:[om1|rpc:localhost:9872|priority:0|startupRole:FOLLOWER]|listeners:[], old=null, confs=<EMPTY_MAP>
2023-04-24 08:15:18,784 [pool-61-thread-1] INFO  server.RaftServerConfigKeys (ConfUtils.java:logGet(46)) - raft.server.storage.dir = [/home/runner/work/ozone/ozone/hadoop-ozone/integration-test/target/test-dir/MiniOzoneClusterImpl-f6153afd-65ae-4a30-a1a8-75442c8cb6d9/ozone-meta/ratis] (custom)
2023-04-24 08:15:18,790 [pool-61-thread-1] INFO  server.RaftServerConfigKeys (ConfUtils.java:logGet(46)) - raft.server.log.corruption.policy = EXCEPTION (default)
2023-04-24 08:15:18,790 [pool-61-thread-1] INFO  server.RaftServerConfigKeys (ConfUtils.java:logGet(46)) - raft.server.storage.free-space.min = 0MB (=0) (default)
2023-04-24 08:15:18,804 [pool-61-thread-1] INFO  server.RaftServerConfigKeys (ConfUtils.java:logGet(46)) - raft.server.notification.no-leader.timeout = 120s (custom)
2023-04-24 08:15:18,806 [pool-61-thread-1] INFO  server.RaftServerConfigKeys (ConfUtils.java:logGet(46)) - raft.server.retrycache.expirytime = 300s (custom)
2023-04-24 08:15:18,807 [pool-61-thread-1] INFO  server.RaftServerConfigKeys (ConfUtils.java:logGet(46)) - raft.server.retrycache.statistics.expirytime = 100μs (default)
2023-04-24 08:15:18,953 [pool-61-thread-1] INFO  server.RaftServerConfigKeys (ConfUtils.java:logGet(46)) - raft.server.log.appender.install.snapshot.enabled = false (custom)
2023-04-24 08:15:18,954 [pool-61-thread-1] INFO  server.RaftServerConfigKeys (ConfUtils.java:logGet(46)) - raft.server.threadpool.server.cached = true (default)
2023-04-24 08:15:18,956 [pool-61-thread-1] INFO  server.RaftServerConfigKeys (ConfUtils.java:logGet(46)) - raft.server.threadpool.server.size = 0 (default)
2023-04-24 08:15:18,956 [pool-61-thread-1] INFO  server.RaftServerConfigKeys (ConfUtils.java:logGet(46)) - raft.server.threadpool.client.cached = true (default)
2023-04-24 08:15:18,956 [pool-61-thread-1] INFO  server.RaftServerConfigKeys (ConfUtils.java:logGet(46)) - raft.server.threadpool.client.size = 0 (default)
2023-04-24 08:15:19,527 [Listener at 0.0.0.0/35753] INFO  reflections.Reflections (Reflections.java:scan(232)) - Reflections took 723 ms to scan 19 urls, producing 68 keys and 5075 values [using 2 cores]
2023-04-24 08:15:19,833 [Listener at 0.0.0.0/35753] INFO  ipc.CallQueueManager (CallQueueManager.java:<init>(90)) - Using callQueue: class java.util.concurrent.LinkedBlockingQueue, queueCapacity: 2000, scheduler: class org.apache.hadoop.ipc.DefaultRpcScheduler, ipcBackoff: false.
2023-04-24 08:15:19,834 [Socket Reader #1 for port 0] INFO  ipc.Server (Server.java:run(1319)) - Starting Socket Reader #1 for port 0
2023-04-24 08:15:19,867 [Listener at 127.0.0.1/40959] INFO  impl.MetricsSystemImpl (MetricsSystemImpl.java:init(158)) - OzoneManager metrics system started (again)
2023-04-24 08:15:19,879 [Listener at 127.0.0.1/40959] INFO  om.OzoneManager (OzoneManager.java:start(1563)) - OzoneManager RPC server is listening at localhost/127.0.0.1:40959
2023-04-24 08:15:19,880 [Listener at 127.0.0.1/40959] INFO  ratis.OzoneManagerRatisServer (OzoneManagerRatisServer.java:start(558)) - Starting OzoneManagerRatisServer om1 at port 9872
2023-04-24 08:15:19,882 [om1-impl-thread1] INFO  storage.RaftStorageDirectory (RaftStorageDirectoryImpl.java:analyzeStorage(137)) - The storage directory /home/runner/work/ozone/ozone/hadoop-ozone/integration-test/target/test-dir/MiniOzoneClusterImpl-f6153afd-65ae-4a30-a1a8-75442c8cb6d9/ozone-meta/ratis/bf265839-605b-3f16-9796-c5ba1605619e does not exist. Creating ...
2023-04-24 08:15:19,886 [om1-impl-thread1] INFO  storage.RaftStorageDirectory (RaftStorageDirectoryImpl.java:tryLock(231)) - Lock on /home/runner/work/ozone/ozone/hadoop-ozone/integration-test/target/test-dir/MiniOzoneClusterImpl-f6153afd-65ae-4a30-a1a8-75442c8cb6d9/ozone-meta/ratis/bf265839-605b-3f16-9796-c5ba1605619e/in_use.lock acquired by nodename 2521@fv-az212-956
2023-04-24 08:15:19,891 [om1-impl-thread1] INFO  storage.RaftStorage (RaftStorageImpl.java:format(96)) - Storage directory /home/runner/work/ozone/ozone/hadoop-ozone/integration-test/target/test-dir/MiniOzoneClusterImpl-f6153afd-65ae-4a30-a1a8-75442c8cb6d9/ozone-meta/ratis/bf265839-605b-3f16-9796-c5ba1605619e has been successfully formatted.
2023-04-24 08:15:19,893 [om1-impl-thread1] INFO  server.RaftServerConfigKeys (ConfUtils.java:logGet(46)) - raft.server.log.use.memory = false (default)
2023-04-24 08:15:19,899 [om1-impl-thread1] INFO  server.RaftServerConfigKeys (ConfUtils.java:logGet(46)) - raft.server.log.purge.gap = 1000000 (custom)
2023-04-24 08:15:19,899 [om1-impl-thread1] INFO  server.RaftServerConfigKeys (ConfUtils.java:logGet(46)) - raft.server.log.appender.buffer.byte-limit = 33554432 (custom)
2023-04-24 08:15:19,901 [om1-impl-thread1] INFO  server.RaftServerConfigKeys (ConfUtils.java:logGet(46)) - raft.server.log.statemachine.data.read.timeout = 1000ms (default)
2023-04-24 08:15:19,901 [om1-impl-thread1] INFO  server.RaftServerConfigKeys (ConfUtils.java:logGet(46)) - raft.server.log.purge.preservation.log.num = 0 (default)
2023-04-24 08:15:19,903 [om1-impl-thread1] INFO  server.RaftServerConfigKeys (ConfUtils.java:logGet(46)) - raft.server.log.segment.size.max = 4194304 (custom)
2023-04-24 08:15:19,908 [om1-impl-thread1] INFO  server.RaftServerConfigKeys (ConfUtils.java:logGet(46)) - raft.server.log.segment.cache.num.max = 2 (custom)
2023-04-24 08:15:19,909 [om1-impl-thread1] INFO  server.RaftServerConfigKeys (ConfUtils.java:logGet(46)) - raft.server.log.segment.cache.size.max = 200MB (=209715200) (default)
2023-04-24 08:15:19,913 [om1-impl-thread1] INFO  segmented.SegmentedRaftLogWorker (SegmentedRaftLogWorker.java:<init>(189)) - new om1@group-C5BA1605619E-SegmentedRaftLogWorker for RaftStorageImpl:Storage Directory /home/runner/work/ozone/ozone/hadoop-ozone/integration-test/target/test-dir/MiniOzoneClusterImpl-f6153afd-65ae-4a30-a1a8-75442c8cb6d9/ozone-meta/ratis/bf265839-605b-3f16-9796-c5ba1605619e
2023-04-24 08:15:19,914 [om1-impl-thread1] INFO  server.RaftServerConfigKeys (ConfUtils.java:logGet(46)) - raft.server.log.queue.byte-limit = 64MB (=67108864) (default)
2023-04-24 08:15:19,914 [om1-impl-thread1] INFO  server.RaftServerConfigKeys (ConfUtils.java:logGet(46)) - raft.server.log.queue.element-limit = 4096 (default)
2023-04-24 08:15:19,915 [om1-impl-thread1] INFO  server.RaftServerConfigKeys (ConfUtils.java:logGet(46)) - raft.server.log.segment.size.max = 4194304 (custom)
2023-04-24 08:15:19,915 [om1-impl-thread1] INFO  server.RaftServerConfigKeys (ConfUtils.java:logGet(46)) - raft.server.log.preallocated.size = 4194304 (custom)
2023-04-24 08:15:19,916 [om1-impl-thread1] INFO  server.RaftServerConfigKeys (ConfUtils.java:logGet(46)) - raft.server.log.force.sync.num = 128 (default)
2023-04-24 08:15:19,916 [om1-impl-thread1] INFO  server.RaftServerConfigKeys (ConfUtils.java:logGet(46)) - raft.server.log.statemachine.data.sync = true (default)
2023-04-24 08:15:19,917 [om1-impl-thread1] INFO  server.RaftServerConfigKeys (ConfUtils.java:logGet(46)) - raft.server.log.statemachine.data.sync.timeout = 10s (default)
2023-04-24 08:15:19,917 [om1-impl-thread1] INFO  server.RaftServerConfigKeys (ConfUtils.java:logGet(46)) - raft.server.log.statemachine.data.sync.timeout.retry = -1 (default)
2023-04-24 08:15:19,925 [om1-impl-thread1] INFO  server.RaftServerConfigKeys (ConfUtils.java:logGet(46)) - raft.server.log.write.buffer.size = 64KB (=65536) (default)
2023-04-24 08:15:19,925 [om1-impl-thread1] INFO  server.RaftServerConfigKeys (ConfUtils.java:logGet(46)) - raft.server.log.appender.buffer.byte-limit = 33554432 (custom)
2023-04-24 08:15:19,928 [om1-impl-thread1] INFO  server.RaftServerConfigKeys (ConfUtils.java:logGet(46)) - raft.server.log.unsafe-flush.enabled = false (default)
2023-04-24 08:15:19,928 [om1-impl-thread1] INFO  server.RaftServerConfigKeys (ConfUtils.java:logGet(46)) - raft.server.log.async-flush.enabled = false (default)
2023-04-24 08:15:19,929 [om1-impl-thread1] INFO  server.RaftServerConfigKeys (ConfUtils.java:logGet(46)) - raft.server.log.statemachine.data.caching.enabled = false (default)
2023-04-24 08:15:19,934 [om1-impl-thread1] INFO  segmented.SegmentedRaftLogWorker (SegmentedRaftLogWorker.java:lambda$new$0(135)) - om1@group-C5BA1605619E-SegmentedRaftLogWorker: flushIndex: setUnconditionally 0 -> -1
2023-04-24 08:15:19,934 [om1-impl-thread1] INFO  segmented.SegmentedRaftLogWorker (SegmentedRaftLogWorker.java:lambda$new$0(135)) - om1@group-C5BA1605619E-SegmentedRaftLogWorker: safeCacheEvictIndex: setUnconditionally 0 -> -1
2023-04-24 08:15:19,936 [om1-impl-thread1] INFO  server.RaftServer$Division (RaftServerImpl.java:start(334)) - om1@group-C5BA1605619E: start as a follower, conf=-1: peers:[om1|rpc:localhost:9872|priority:0|startupRole:FOLLOWER]|listeners:[], old=null
2023-04-24 08:15:19,937 [om1-impl-thread1] INFO  server.RaftServer$Division (RaftServerImpl.java:setRole(321)) - om1@group-C5BA1605619E: changes role from      null to FOLLOWER at term 0 for startAsFollower
2023-04-24 08:15:19,938 [om1-impl-thread1] INFO  impl.RoleInfo (RoleInfo.java:updateAndGet(139)) - om1: start om1@group-C5BA1605619E-FollowerState
2023-04-24 08:15:19,939 [om1-impl-thread1] INFO  util.JmxRegister (JmxRegister.java:tryRegister(44)) - Successfully registered JMX Bean with object name Ratis:service=RaftServer,group=group-C5BA1605619E,id=om1
2023-04-24 08:15:19,941 [om1-impl-thread1] INFO  server.RaftServerConfigKeys (ConfUtils.java:logGet(46)) - raft.server.snapshot.auto.trigger.enabled = true (custom)
2023-04-24 08:15:19,941 [om1@group-C5BA1605619E-FollowerState] INFO  server.RaftServerConfigKeys (ConfUtils.java:logFallback(53)) - raft.server.rpc.first-election.timeout.min = 1s (fallback to raft.server.rpc.timeout.min)
2023-04-24 08:15:19,941 [om1-impl-thread1] INFO  server.RaftServerConfigKeys (ConfUtils.java:logGet(46)) - raft.server.snapshot.auto.trigger.threshold = 400000 (default)
2023-04-24 08:15:19,941 [om1@group-C5BA1605619E-FollowerState] INFO  server.RaftServerConfigKeys (ConfUtils.java:logFallback(53)) - raft.server.rpc.first-election.timeout.max = 1200ms (fallback to raft.server.rpc.timeout.max)
2023-04-24 08:15:19,942 [om1-impl-thread1] INFO  server.RaftServerConfigKeys (ConfUtils.java:logGet(46)) - raft.server.snapshot.retention.file.num = -1 (default)
2023-04-24 08:15:19,942 [om1-impl-thread1] INFO  server.RaftServerConfigKeys (ConfUtils.java:logGet(46)) - raft.server.log.purge.upto.snapshot.index = true (custom)
2023-04-24 08:15:19,945 [Listener at 127.0.0.1/40959] INFO  server.RaftServer (RaftServerProxy.java:startImpl(393)) - om1: start RPC server
2023-04-24 08:15:19,988 [Listener at 127.0.0.1/40959] INFO  server.GrpcService (GrpcService.java:startImpl(262)) - om1: GrpcService started, listening on 9872
2023-04-24 08:15:19,992 [Listener at 127.0.0.1/40959] INFO  om.OzoneManager (OzoneManager.java:start(1579)) - Version File has different layout version (4) than OM DB (null). That is expected if this OM has never been finalized to a newer layout version.
2023-04-24 08:15:19,994 [JvmPauseMonitor0] INFO  util.JvmPauseMonitor (JvmPauseMonitor.java:run(105)) - JvmPauseMonitor-om1: Started
2023-04-24 08:15:20,021 [Listener at 127.0.0.1/40959] INFO  http.BaseHttpServer (BaseHttpServer.java:newHttpServer2BuilderForOzone(224)) - Starting Web-server for ozoneManager at: http://0.0.0.0:0
2023-04-24 08:15:20,021 [Listener at 127.0.0.1/40959] INFO  http.BaseHttpServer (BaseHttpServer.java:<init>(111)) - Hadoop Security Enabled: false Ozone Security Enabled: false Ozone HTTP Security Enabled: false 
2023-04-24 08:15:20,023 [Listener at 127.0.0.1/40959] WARN  server.AuthenticationFilter (AuthenticationFilter.java:constructSecretProvider(240)) - Unable to initialize FileSignerSecretProvider, falling back to use random secrets. Reason: Could not read signature secret file: /home/runner/hadoop-http-auth-signature-secret
2023-04-24 08:15:20,036 [Listener at 127.0.0.1/40959] INFO  http.HttpRequestLog (HttpRequestLog.java:getRequestLog(86)) - Http request log for http.requests.ozoneManager is not defined
2023-04-24 08:15:20,038 [Listener at 127.0.0.1/40959] INFO  http.HttpServer2 (HttpServer2.java:addGlobalFilter(1031)) - Added global filter 'safety' (class=org.apache.hadoop.hdds.server.http.HttpServer2$QuotingInputFilter)
2023-04-24 08:15:20,039 [Listener at 127.0.0.1/40959] INFO  http.HttpServer2 (HttpServer2.java:addFilter(1007)) - Added filter static_user_filter (class=org.apache.hadoop.http.lib.StaticUserWebFilter$StaticUserFilter) to context ozoneManager
2023-04-24 08:15:20,039 [Listener at 127.0.0.1/40959] INFO  http.HttpServer2 (HttpServer2.java:addFilter(1015)) - Added filter static_user_filter (class=org.apache.hadoop.http.lib.StaticUserWebFilter$StaticUserFilter) to context static
2023-04-24 08:15:20,039 [Listener at 127.0.0.1/40959] INFO  http.HttpServer2 (HttpServer2.java:addFilter(1015)) - Added filter static_user_filter (class=org.apache.hadoop.http.lib.StaticUserWebFilter$StaticUserFilter) to context logs
2023-04-24 08:15:20,040 [Listener at 127.0.0.1/40959] INFO  http.BaseHttpServer (BaseHttpServer.java:<init>(190)) - HTTP server of ozoneManager uses base directory /home/runner/work/ozone/ozone/hadoop-ozone/integration-test/target/test-dir/MiniOzoneClusterImpl-f6153afd-65ae-4a30-a1a8-75442c8cb6d9/ozone-meta/webserver
2023-04-24 08:15:20,046 [Listener at 127.0.0.1/40959] INFO  http.HttpServer2 (HttpServer2.java:bindListener(1250)) - Jetty bound to port 36413
2023-04-24 08:15:20,046 [Listener at 127.0.0.1/40959] INFO  server.Server (Server.java:doStart(375)) - jetty-9.4.51.v20230217; built: 2023-02-17T08:19:37.309Z; git: b45c405e4544384de066f814ed42ae3dceacdd49; jvm 1.8.0_362-b09
2023-04-24 08:15:20,048 [Listener at 127.0.0.1/40959] INFO  server.session (DefaultSessionIdManager.java:doStart(334)) - DefaultSessionIdManager workerName=node0
2023-04-24 08:15:20,048 [Listener at 127.0.0.1/40959] INFO  server.session (DefaultSessionIdManager.java:doStart(339)) - No SessionScavenger set, using defaults
2023-04-24 08:15:20,048 [Listener at 127.0.0.1/40959] INFO  server.session (HouseKeeper.java:startScavenging(132)) - node0 Scavenging every 660000ms
2023-04-24 08:15:20,049 [Listener at 127.0.0.1/40959] INFO  handler.ContextHandler (ContextHandler.java:doStart(921)) - Started o.e.j.s.ServletContextHandler@6861e61a{logs,/logs,file:///home/runner/work/ozone/ozone/hadoop-ozone/integration-test/target/log,AVAILABLE}
2023-04-24 08:15:20,049 [Listener at 127.0.0.1/40959] INFO  handler.ContextHandler (ContextHandler.java:doStart(921)) - Started o.e.j.s.ServletContextHandler@3e127718{static,/static,file:///home/runner/work/ozone/ozone/hadoop-ozone/integration-test/target/test-classes/webapps/static,AVAILABLE}
2023-04-24 08:15:20,053 [Listener at 127.0.0.1/40959] INFO  handler.ContextHandler (ContextHandler.java:doStart(921)) - Started o.e.j.w.WebAppContext@ab80f9f{ozoneManager,/,file:///home/runner/work/ozone/ozone/hadoop-ozone/integration-test/target/test-classes/webapps/ozoneManager/,AVAILABLE}{file:/home/runner/work/ozone/ozone/hadoop-ozone/integration-test/target/test-classes/webapps/ozoneManager}
2023-04-24 08:15:20,055 [Listener at 127.0.0.1/40959] INFO  server.AbstractConnector (AbstractConnector.java:doStart(333)) - Started ServerConnector@4f0ecc1c{HTTP/1.1, (http/1.1)}{0.0.0.0:36413}
2023-04-24 08:15:20,055 [Listener at 127.0.0.1/40959] INFO  server.Server (Server.java:doStart(415)) - Started @7080ms
2023-04-24 08:15:20,055 [Listener at 127.0.0.1/40959] WARN  impl.MetricsSystemImpl (MetricsSystemImpl.java:register(279)) - Sink prometheus already exists!
2023-04-24 08:15:20,057 [Listener at 127.0.0.1/40959] INFO  http.BaseHttpServer (BaseHttpServer.java:updateConnectorAddress(344)) - HTTP server of ozoneManager listening at http://0.0.0.0:36413
2023-04-24 08:15:20,067 [IPC Server Responder] INFO  ipc.Server (Server.java:run(1558)) - IPC Server Responder: starting
2023-04-24 08:15:20,072 [IPC Server listener on 0] INFO  ipc.Server (Server.java:run(1398)) - IPC Server listener on 0: starting
2023-04-24 08:15:20,076 [Listener at 127.0.0.1/40959] INFO  om.OzoneManager (OzoneManager.java:startTrashEmptier(2039)) - Trash Interval set to 0. Files deleted won't move to trash
2023-04-24 08:15:20,084 [org.apache.hadoop.util.JvmPauseMonitor$Monitor@53fd4420] INFO  util.JvmPauseMonitor (JvmPauseMonitor.java:run(188)) - Starting JVM pause monitor
2023-04-24 08:15:20,188 [Listener at 127.0.0.1/40959] WARN  impl.MetricRegistriesImpl (MetricRegistriesImpl.java:addReporterRegistration(111)) - New reporters are added after registries were created. Some metrics will be missing from the reporter. Please add reporter before adding any new registry.
2023-04-24 08:15:20,189 [Listener at 127.0.0.1/40959] WARN  impl.MetricRegistriesImpl (MetricRegistriesImpl.java:addReporterRegistration(111)) - New reporters are added after registries were created. Some metrics will be missing from the reporter. Please add reporter before adding any new registry.
2023-04-24 08:15:20,189 [Listener at 127.0.0.1/40959] INFO  impl.MetricsSystemImpl (MetricsSystemImpl.java:init(158)) - HddsDatanode metrics system started (again)
2023-04-24 08:15:20,204 [Listener at 127.0.0.1/40959] INFO  ozone.HddsDatanodeService (HddsDatanodeService.java:start(252)) - HddsDatanodeService host:fv-az212-956.zlodpucb4l4udavnfxg5s20dva.cx.internal.cloudapp.net ip:10.1.0.80
2023-04-24 08:15:20,229 [Listener at 127.0.0.1/40959] INFO  upgrade.AbstractLayoutVersionManager (AbstractLayoutVersionManager.java:init(83)) - Initializing Layout version manager with metadata layout = WEBUI_PORTS_IN_DATANODEDETAILS (version = 6), software layout = WEBUI_PORTS_IN_DATANODEDETAILS (version = 6)
2023-04-24 08:15:20,280 [Listener at 127.0.0.1/40959] INFO  reflections.Reflections (Reflections.java:scan(232)) - Reflections took 49 ms to scan 7 urls, producing 156 keys and 369 values 
2023-04-24 08:15:20,283 [Listener at 127.0.0.1/40959] INFO  statemachine.DatanodeStateMachine (DatanodeStateMachine.java:getEndPointTaskThreadPoolSize(260)) - Datanode State Machine Task Thread Pool size 2
2023-04-24 08:15:20,332 [Listener at 127.0.0.1/40959] INFO  volume.HddsVolume (HddsVolume.java:<init>(130)) - Creating HddsVolume: /home/runner/work/ozone/ozone/hadoop-ozone/integration-test/target/test-dir/MiniOzoneClusterImpl-f6153afd-65ae-4a30-a1a8-75442c8cb6d9/datanode-0/data-0/containers/hdds of storage type : DISK capacity : 9223372036854775807
2023-04-24 08:15:20,335 [Listener at 127.0.0.1/40959] INFO  volume.MutableVolumeSet (MutableVolumeSet.java:initializeVolumeSet(175)) - Added Volume : /home/runner/work/ozone/ozone/hadoop-ozone/integration-test/target/test-dir/MiniOzoneClusterImpl-f6153afd-65ae-4a30-a1a8-75442c8cb6d9/datanode-0/data-0/containers/hdds to VolumeSet
2023-04-24 08:15:20,336 [Listener at 127.0.0.1/40959] INFO  volume.ThrottledAsyncChecker (ThrottledAsyncChecker.java:schedule(141)) - Scheduling a check for /home/runner/work/ozone/ozone/hadoop-ozone/integration-test/target/test-dir/MiniOzoneClusterImpl-f6153afd-65ae-4a30-a1a8-75442c8cb6d9/datanode-0/data-0/containers/hdds
2023-04-24 08:15:20,351 [Listener at 127.0.0.1/40959] INFO  volume.StorageVolumeChecker (StorageVolumeChecker.java:checkAllVolumes(202)) - Scheduled health check for volume /home/runner/work/ozone/ozone/hadoop-ozone/integration-test/target/test-dir/MiniOzoneClusterImpl-f6153afd-65ae-4a30-a1a8-75442c8cb6d9/datanode-0/data-0/containers/hdds
2023-04-24 08:15:20,367 [Listener at 127.0.0.1/40959] INFO  volume.MutableVolumeSet (MutableVolumeSet.java:initializeVolumeSet(175)) - Added Volume : /home/runner/work/ozone/ozone/hadoop-ozone/integration-test/target/test-dir/MiniOzoneClusterImpl-f6153afd-65ae-4a30-a1a8-75442c8cb6d9/datanode-0/data/ratis to VolumeSet
2023-04-24 08:15:20,367 [Listener at 127.0.0.1/40959] INFO  volume.ThrottledAsyncChecker (ThrottledAsyncChecker.java:schedule(141)) - Scheduling a check for /home/runner/work/ozone/ozone/hadoop-ozone/integration-test/target/test-dir/MiniOzoneClusterImpl-f6153afd-65ae-4a30-a1a8-75442c8cb6d9/datanode-0/data/ratis
2023-04-24 08:15:20,368 [Listener at 127.0.0.1/40959] INFO  volume.StorageVolumeChecker (StorageVolumeChecker.java:checkAllVolumes(202)) - Scheduled health check for volume /home/runner/work/ozone/ozone/hadoop-ozone/integration-test/target/test-dir/MiniOzoneClusterImpl-f6153afd-65ae-4a30-a1a8-75442c8cb6d9/datanode-0/data/ratis
2023-04-24 08:15:20,392 [Thread-139] INFO  ozoneimpl.ContainerReader (ContainerReader.java:readVolume(175)) - Finish verifying containers on volume /home/runner/work/ozone/ozone/hadoop-ozone/integration-test/target/test-dir/MiniOzoneClusterImpl-f6153afd-65ae-4a30-a1a8-75442c8cb6d9/datanode-0/data-0/containers/hdds
2023-04-24 08:15:20,392 [Listener at 127.0.0.1/40959] INFO  ozoneimpl.OzoneContainer (OzoneContainer.java:buildContainerSet(303)) - Build ContainerSet costs 0s
2023-04-24 08:15:20,437 [Listener at 127.0.0.1/40959] INFO  audit.AuditLogger (AuditLogger.java:refreshDebugCmdSet(126)) - Refresh DebugCmdSet for DNAudit to [].
2023-04-24 08:15:20,462 [Listener at 127.0.0.1/40959] INFO  server.RaftServer (ConfUtils.java:logGet(46)) - raft.rpc.type = GRPC (default)
2023-04-24 08:15:20,463 [Listener at 127.0.0.1/40959] INFO  grpc.GrpcConfigKeys (ConfUtils.java:logFallback(53)) - raft.grpc.admin.host = null (fallback to raft.grpc.server.host)
2023-04-24 08:15:20,463 [Listener at 127.0.0.1/40959] INFO  grpc.GrpcConfigKeys (ConfUtils.java:logGet(46)) - raft.grpc.admin.port = 0 (custom)
2023-04-24 08:15:20,463 [Listener at 127.0.0.1/40959] INFO  grpc.GrpcConfigKeys (ConfUtils.java:logFallback(53)) - raft.grpc.client.host = null (fallback to raft.grpc.server.host)
2023-04-24 08:15:20,463 [Listener at 127.0.0.1/40959] INFO  grpc.GrpcConfigKeys (ConfUtils.java:logGet(46)) - raft.grpc.client.port = 0 (custom)
2023-04-24 08:15:20,463 [Listener at 127.0.0.1/40959] INFO  grpc.GrpcConfigKeys (ConfUtils.java:logGet(46)) - raft.grpc.server.host = null (default)
2023-04-24 08:15:20,463 [Listener at 127.0.0.1/40959] INFO  grpc.GrpcConfigKeys (ConfUtils.java:logGet(46)) - raft.grpc.server.port = 0 (default)
2023-04-24 08:15:20,463 [Listener at 127.0.0.1/40959] INFO  server.GrpcService (ConfUtils.java:logGet(46)) - raft.grpc.message.size.max = 32MB (=33554432) (custom)
2023-04-24 08:15:20,463 [Listener at 127.0.0.1/40959] INFO  server.RaftServerConfigKeys (ConfUtils.java:logGet(46)) - raft.server.log.appender.buffer.byte-limit = 33554432 (custom)
2023-04-24 08:15:20,464 [Listener at 127.0.0.1/40959] INFO  server.GrpcService (ConfUtils.java:logGet(46)) - raft.grpc.flow.control.window = 5MB (=5242880) (custom)
2023-04-24 08:15:20,464 [Listener at 127.0.0.1/40959] INFO  server.RaftServerConfigKeys (ConfUtils.java:logGet(46)) - raft.server.rpc.request.timeout = 3000ms (default)
2023-04-24 08:15:20,464 [Listener at 127.0.0.1/40959] INFO  grpc.GrpcConfigKeys (ConfUtils.java:logGet(46)) - raft.grpc.server.heartbeat.channel = true (default)
2023-04-24 08:15:20,464 [Listener at 127.0.0.1/40959] INFO  grpc.GrpcConfigKeys (ConfUtils.java:logGet(46)) - raft.grpc.server.async.request.thread.pool.cached = true (default)
2023-04-24 08:15:20,464 [Listener at 127.0.0.1/40959] INFO  grpc.GrpcConfigKeys (ConfUtils.java:logGet(46)) - raft.grpc.server.async.request.thread.pool.size = 32 (default)
2023-04-24 08:15:20,465 [Listener at 127.0.0.1/40959] INFO  impl.DataStreamServerImpl (ConfUtils.java:logGet(46)) - raft.datastream.type = NETTY (custom)
2023-04-24 08:15:20,473 [Listener at 127.0.0.1/40959] INFO  server.RaftServerConfigKeys (ConfUtils.java:logGet(46)) - raft.server.data-stream.async.request.thread.pool.cached = false (default)
2023-04-24 08:15:20,473 [Listener at 127.0.0.1/40959] INFO  server.RaftServerConfigKeys (ConfUtils.java:logGet(46)) - raft.server.data-stream.async.request.thread.pool.size = 20 (custom)
2023-04-24 08:15:20,473 [Listener at 127.0.0.1/40959] INFO  server.RaftServerConfigKeys (ConfUtils.java:logGet(46)) - raft.server.data-stream.async.write.thread.pool.size = 16 (default)
2023-04-24 08:15:20,474 [Listener at 127.0.0.1/40959] INFO  server.RaftServerConfigKeys (ConfUtils.java:logGet(46)) - raft.server.data-stream.client.pool.size = 10 (default)
2023-04-24 08:15:20,476 [Listener at 127.0.0.1/40959] INFO  netty.NettyConfigKeys$DataStream (ConfUtils.java:logGet(46)) - raft.netty.dataStream.server.use-epoll = false (default)
2023-04-24 08:15:20,477 [Listener at 127.0.0.1/40959] INFO  netty.NettyConfigKeys$DataStream (ConfUtils.java:logGet(46)) - raft.netty.dataStream.server.boss-group.size = 0 (default)
2023-04-24 08:15:20,482 [Listener at 127.0.0.1/40959] INFO  netty.NettyConfigKeys$DataStream (ConfUtils.java:logGet(46)) - raft.netty.dataStream.server.worker-group.size = 0 (default)
2023-04-24 08:15:20,483 [Listener at 127.0.0.1/40959] INFO  netty.NettyConfigKeys$DataStream (ConfUtils.java:logGet(46)) - raft.netty.dataStream.server.tls.conf = null (default)
2023-04-24 08:15:20,484 [Listener at 127.0.0.1/40959] INFO  netty.NettyConfigKeys$DataStream (ConfUtils.java:logGet(46)) - raft.netty.dataStream.host = null (default)
2023-04-24 08:15:20,484 [Listener at 127.0.0.1/40959] INFO  netty.NettyConfigKeys$DataStream (ConfUtils.java:logGet(46)) - raft.netty.dataStream.port = 0 (default)
2023-04-24 08:15:20,491 [Listener at 127.0.0.1/40959] INFO  server.RaftServerConfigKeys (ConfUtils.java:logGet(46)) - raft.server.threadpool.proxy.cached = true (default)
2023-04-24 08:15:20,491 [Listener at 127.0.0.1/40959] INFO  server.RaftServerConfigKeys (ConfUtils.java:logGet(46)) - raft.server.threadpool.proxy.size = 0 (default)
2023-04-24 08:15:20,491 [Listener at 127.0.0.1/40959] INFO  server.RaftServerConfigKeys (ConfUtils.java:logGet(46)) - raft.server.rpc.slowness.timeout = 1000000ms (custom)
2023-04-24 08:15:20,491 [Listener at 127.0.0.1/40959] INFO  server.RaftServerConfigKeys (ConfUtils.java:logGet(46)) - raft.server.leaderelection.leader.step-down.wait-time = 10s (default)
2023-04-24 08:15:20,492 [Listener at 127.0.0.1/40959] INFO  server.RaftServerConfigKeys (ConfUtils.java:logGet(46)) - raft.server.storage.dir = [/home/runner/work/ozone/ozone/hadoop-ozone/integration-test/target/test-dir/MiniOzoneClusterImpl-f6153afd-65ae-4a30-a1a8-75442c8cb6d9/datanode-0/data/ratis] (custom)
2023-04-24 08:15:20,505 [444322bb-4321-4e38-998a-96758a8a198b-NettyServerStreamRpc-bossGroup--thread1] INFO  logging.LoggingHandler (AbstractInternalLogger.java:log(148)) - [id: 0x0d74476c] REGISTERED
2023-04-24 08:15:20,505 [444322bb-4321-4e38-998a-96758a8a198b-NettyServerStreamRpc-bossGroup--thread1] INFO  logging.LoggingHandler (AbstractInternalLogger.java:log(148)) - [id: 0x0d74476c] BIND: 0.0.0.0/0.0.0.0:0
2023-04-24 08:15:20,506 [444322bb-4321-4e38-998a-96758a8a198b-NettyServerStreamRpc-bossGroup--thread1] INFO  logging.LoggingHandler (AbstractInternalLogger.java:log(148)) - [id: 0x0d74476c, L:/0:0:0:0:0:0:0:0:39479] ACTIVE
2023-04-24 08:15:20,525 [Listener at 127.0.0.1/40959] INFO  server.XceiverServerGrpc (XceiverServerGrpc.java:<init>(132)) - GrpcServer channel type EpollServerSocketChannel
2023-04-24 08:15:20,589 [Listener at 127.0.0.1/40959] INFO  http.BaseHttpServer (BaseHttpServer.java:newHttpServer2BuilderForOzone(224)) - Starting Web-server for hddsDatanode at: http://0.0.0.0:0
2023-04-24 08:15:20,589 [Listener at 127.0.0.1/40959] INFO  http.BaseHttpServer (BaseHttpServer.java:<init>(111)) - Hadoop Security Enabled: false Ozone Security Enabled: false Ozone HTTP Security Enabled: false 
2023-04-24 08:15:20,591 [Listener at 127.0.0.1/40959] WARN  server.AuthenticationFilter (AuthenticationFilter.java:constructSecretProvider(240)) - Unable to initialize FileSignerSecretProvider, falling back to use random secrets. Reason: Could not read signature secret file: /home/runner/hadoop-http-auth-signature-secret
2023-04-24 08:15:20,592 [Listener at 127.0.0.1/40959] INFO  http.HttpRequestLog (HttpRequestLog.java:getRequestLog(86)) - Http request log for http.requests.hddsDatanode is not defined
2023-04-24 08:15:20,593 [Listener at 127.0.0.1/40959] INFO  http.HttpServer2 (HttpServer2.java:addGlobalFilter(1031)) - Added global filter 'safety' (class=org.apache.hadoop.hdds.server.http.HttpServer2$QuotingInputFilter)
2023-04-24 08:15:20,594 [Listener at 127.0.0.1/40959] INFO  http.HttpServer2 (HttpServer2.java:addFilter(1007)) - Added filter static_user_filter (class=org.apache.hadoop.http.lib.StaticUserWebFilter$StaticUserFilter) to context hddsDatanode
2023-04-24 08:15:20,594 [Listener at 127.0.0.1/40959] INFO  http.HttpServer2 (HttpServer2.java:addFilter(1015)) - Added filter static_user_filter (class=org.apache.hadoop.http.lib.StaticUserWebFilter$StaticUserFilter) to context logs
2023-04-24 08:15:20,594 [Listener at 127.0.0.1/40959] INFO  http.HttpServer2 (HttpServer2.java:addFilter(1015)) - Added filter static_user_filter (class=org.apache.hadoop.http.lib.StaticUserWebFilter$StaticUserFilter) to context static
2023-04-24 08:15:20,595 [Listener at 127.0.0.1/40959] INFO  http.BaseHttpServer (BaseHttpServer.java:<init>(190)) - HTTP server of hddsDatanode uses base directory /home/runner/work/ozone/ozone/hadoop-ozone/integration-test/target/test-dir/MiniOzoneClusterImpl-f6153afd-65ae-4a30-a1a8-75442c8cb6d9/datanode-0/meta/webserver
2023-04-24 08:15:20,595 [Listener at 127.0.0.1/40959] INFO  http.HttpServer2 (HttpServer2.java:bindListener(1250)) - Jetty bound to port 45829
2023-04-24 08:15:20,595 [Listener at 127.0.0.1/40959] INFO  server.Server (Server.java:doStart(375)) - jetty-9.4.51.v20230217; built: 2023-02-17T08:19:37.309Z; git: b45c405e4544384de066f814ed42ae3dceacdd49; jvm 1.8.0_362-b09
2023-04-24 08:15:20,602 [Listener at 127.0.0.1/40959] INFO  server.session (DefaultSessionIdManager.java:doStart(334)) - DefaultSessionIdManager workerName=node0
2023-04-24 08:15:20,602 [Listener at 127.0.0.1/40959] INFO  server.session (DefaultSessionIdManager.java:doStart(339)) - No SessionScavenger set, using defaults
2023-04-24 08:15:20,602 [Listener at 127.0.0.1/40959] INFO  server.session (HouseKeeper.java:startScavenging(132)) - node0 Scavenging every 660000ms
2023-04-24 08:15:20,603 [Listener at 127.0.0.1/40959] INFO  handler.ContextHandler (ContextHandler.java:doStart(921)) - Started o.e.j.s.ServletContextHandler@3204f493{logs,/logs,file:///home/runner/work/ozone/ozone/hadoop-ozone/integration-test/target/log,AVAILABLE}
2023-04-24 08:15:20,603 [Listener at 127.0.0.1/40959] INFO  handler.ContextHandler (ContextHandler.java:doStart(921)) - Started o.e.j.s.ServletContextHandler@111ddb71{static,/static,jar:file:/home/runner/.m2/repository/org/apache/ozone/hdds-container-service/1.4.0-SNAPSHOT/hdds-container-service-1.4.0-SNAPSHOT.jar!/webapps/static,AVAILABLE}
2023-04-24 08:15:20,841 [Listener at 127.0.0.1/40959] INFO  handler.ContextHandler (ContextHandler.java:doStart(921)) - Started o.e.j.w.WebAppContext@17d5e438{hddsDatanode,/,file:///home/runner/work/ozone/ozone/hadoop-ozone/integration-test/target/test-dir/MiniOzoneClusterImpl-f6153afd-65ae-4a30-a1a8-75442c8cb6d9/datanode-0/meta/webserver/jetty-0_0_0_0-45829-hdds-container-service-1_4_0-SNAPSHOT_jar-_-any-8417838266073034339/webapp/,AVAILABLE}{jar:file:/home/runner/.m2/repository/org/apache/ozone/hdds-container-service/1.4.0-SNAPSHOT/hdds-container-service-1.4.0-SNAPSHOT.jar!/webapps/hddsDatanode}
2023-04-24 08:15:20,843 [Listener at 127.0.0.1/40959] INFO  server.AbstractConnector (AbstractConnector.java:doStart(333)) - Started ServerConnector@15fdcd0e{HTTP/1.1, (http/1.1)}{0.0.0.0:45829}
2023-04-24 08:15:20,843 [Listener at 127.0.0.1/40959] INFO  server.Server (Server.java:doStart(415)) - Started @7869ms
2023-04-24 08:15:20,843 [Listener at 127.0.0.1/40959] WARN  impl.MetricsSystemImpl (MetricsSystemImpl.java:register(279)) - Sink prometheus already exists!
2023-04-24 08:15:20,844 [Listener at 127.0.0.1/40959] INFO  http.BaseHttpServer (BaseHttpServer.java:updateConnectorAddress(344)) - HTTP server of hddsDatanode listening at http://0.0.0.0:45829
2023-04-24 08:15:20,848 [Listener at 127.0.0.1/40959] WARN  impl.MetricRegistriesImpl (MetricRegistriesImpl.java:addReporterRegistration(111)) - New reporters are added after registries were created. Some metrics will be missing from the reporter. Please add reporter before adding any new registry.
2023-04-24 08:15:20,848 [Listener at 127.0.0.1/40959] WARN  impl.MetricRegistriesImpl (MetricRegistriesImpl.java:addReporterRegistration(111)) - New reporters are added after registries were created. Some metrics will be missing from the reporter. Please add reporter before adding any new registry.
2023-04-24 08:15:20,848 [Listener at 127.0.0.1/40959] INFO  impl.MetricsSystemImpl (MetricsSystemImpl.java:init(158)) - HddsDatanode metrics system started (again)
2023-04-24 08:15:20,853 [Datanode State Machine Daemon Thread] INFO  statemachine.DatanodeStateMachine (DatanodeStateMachine.java:lambda$startDaemon$0(517)) - Ozone container server started.
2023-04-24 08:15:20,865 [org.apache.hadoop.util.JvmPauseMonitor$Monitor@2b11daca] INFO  util.JvmPauseMonitor (JvmPauseMonitor.java:run(188)) - Starting JVM pause monitor
2023-04-24 08:15:20,878 [Listener at 127.0.0.1/40959] INFO  ozone.HddsDatanodeService (HddsDatanodeService.java:start(252)) - HddsDatanodeService host:fv-az212-956.zlodpucb4l4udavnfxg5s20dva.cx.internal.cloudapp.net ip:10.1.0.80
2023-04-24 08:15:20,906 [Listener at 127.0.0.1/40959] INFO  upgrade.AbstractLayoutVersionManager (AbstractLayoutVersionManager.java:init(83)) - Initializing Layout version manager with metadata layout = WEBUI_PORTS_IN_DATANODEDETAILS (version = 6), software layout = WEBUI_PORTS_IN_DATANODEDETAILS (version = 6)
2023-04-24 08:15:20,995 [Datanode State Machine Task Thread - 0] INFO  datanode.InitDatanodeState (InitDatanodeState.java:persistContainerDatanodeDetails(138)) - DatanodeDetails is persisted to /home/runner/work/ozone/ozone/hadoop-ozone/integration-test/target/test-dir/MiniOzoneClusterImpl-f6153afd-65ae-4a30-a1a8-75442c8cb6d9/datanode-0/meta/datanode.id
2023-04-24 08:15:21,019 [Listener at 127.0.0.1/40959] INFO  reflections.Reflections (Reflections.java:scan(232)) - Reflections took 110 ms to scan 7 urls, producing 156 keys and 369 values 
2023-04-24 08:15:21,021 [Listener at 127.0.0.1/40959] INFO  statemachine.DatanodeStateMachine (DatanodeStateMachine.java:getEndPointTaskThreadPoolSize(260)) - Datanode State Machine Task Thread Pool size 2
2023-04-24 08:15:21,029 [Listener at 127.0.0.1/40959] INFO  volume.HddsVolume (HddsVolume.java:<init>(130)) - Creating HddsVolume: /home/runner/work/ozone/ozone/hadoop-ozone/integration-test/target/test-dir/MiniOzoneClusterImpl-f6153afd-65ae-4a30-a1a8-75442c8cb6d9/datanode-1/data-0/containers/hdds of storage type : DISK capacity : 9223372036854775807
2023-04-24 08:15:21,030 [Listener at 127.0.0.1/40959] INFO  volume.MutableVolumeSet (MutableVolumeSet.java:initializeVolumeSet(175)) - Added Volume : /home/runner/work/ozone/ozone/hadoop-ozone/integration-test/target/test-dir/MiniOzoneClusterImpl-f6153afd-65ae-4a30-a1a8-75442c8cb6d9/datanode-1/data-0/containers/hdds to VolumeSet
2023-04-24 08:15:21,030 [Listener at 127.0.0.1/40959] INFO  volume.ThrottledAsyncChecker (ThrottledAsyncChecker.java:schedule(141)) - Scheduling a check for /home/runner/work/ozone/ozone/hadoop-ozone/integration-test/target/test-dir/MiniOzoneClusterImpl-f6153afd-65ae-4a30-a1a8-75442c8cb6d9/datanode-1/data-0/containers/hdds
2023-04-24 08:15:21,034 [Listener at 127.0.0.1/40959] INFO  volume.StorageVolumeChecker (StorageVolumeChecker.java:checkAllVolumes(202)) - Scheduled health check for volume /home/runner/work/ozone/ozone/hadoop-ozone/integration-test/target/test-dir/MiniOzoneClusterImpl-f6153afd-65ae-4a30-a1a8-75442c8cb6d9/datanode-1/data-0/containers/hdds
2023-04-24 08:15:21,047 [Listener at 127.0.0.1/40959] INFO  volume.MutableVolumeSet (MutableVolumeSet.java:initializeVolumeSet(175)) - Added Volume : /home/runner/work/ozone/ozone/hadoop-ozone/integration-test/target/test-dir/MiniOzoneClusterImpl-f6153afd-65ae-4a30-a1a8-75442c8cb6d9/datanode-1/data/ratis to VolumeSet
2023-04-24 08:15:21,048 [Listener at 127.0.0.1/40959] INFO  volume.ThrottledAsyncChecker (ThrottledAsyncChecker.java:schedule(141)) - Scheduling a check for /home/runner/work/ozone/ozone/hadoop-ozone/integration-test/target/test-dir/MiniOzoneClusterImpl-f6153afd-65ae-4a30-a1a8-75442c8cb6d9/datanode-1/data/ratis
2023-04-24 08:15:21,048 [Listener at 127.0.0.1/40959] INFO  volume.StorageVolumeChecker (StorageVolumeChecker.java:checkAllVolumes(202)) - Scheduled health check for volume /home/runner/work/ozone/ozone/hadoop-ozone/integration-test/target/test-dir/MiniOzoneClusterImpl-f6153afd-65ae-4a30-a1a8-75442c8cb6d9/datanode-1/data/ratis
2023-04-24 08:15:21,062 [Thread-153] INFO  ozoneimpl.ContainerReader (ContainerReader.java:readVolume(175)) - Finish verifying containers on volume /home/runner/work/ozone/ozone/hadoop-ozone/integration-test/target/test-dir/MiniOzoneClusterImpl-f6153afd-65ae-4a30-a1a8-75442c8cb6d9/datanode-1/data-0/containers/hdds
2023-04-24 08:15:21,062 [Listener at 127.0.0.1/40959] INFO  ozoneimpl.OzoneContainer (OzoneContainer.java:buildContainerSet(303)) - Build ContainerSet costs 0s
2023-04-24 08:15:21,066 [Listener at 127.0.0.1/40959] INFO  server.RaftServer (ConfUtils.java:logGet(46)) - raft.rpc.type = GRPC (default)
2023-04-24 08:15:21,067 [Listener at 127.0.0.1/40959] INFO  grpc.GrpcConfigKeys (ConfUtils.java:logFallback(53)) - raft.grpc.admin.host = null (fallback to raft.grpc.server.host)
2023-04-24 08:15:21,067 [Listener at 127.0.0.1/40959] INFO  grpc.GrpcConfigKeys (ConfUtils.java:logGet(46)) - raft.grpc.admin.port = 0 (custom)
2023-04-24 08:15:21,067 [Listener at 127.0.0.1/40959] INFO  grpc.GrpcConfigKeys (ConfUtils.java:logFallback(53)) - raft.grpc.client.host = null (fallback to raft.grpc.server.host)
2023-04-24 08:15:21,067 [Listener at 127.0.0.1/40959] INFO  grpc.GrpcConfigKeys (ConfUtils.java:logGet(46)) - raft.grpc.client.port = 0 (custom)
2023-04-24 08:15:21,067 [Listener at 127.0.0.1/40959] INFO  grpc.GrpcConfigKeys (ConfUtils.java:logGet(46)) - raft.grpc.server.host = null (default)
2023-04-24 08:15:21,067 [Listener at 127.0.0.1/40959] INFO  grpc.GrpcConfigKeys (ConfUtils.java:logGet(46)) - raft.grpc.server.port = 0 (default)
2023-04-24 08:15:21,067 [Listener at 127.0.0.1/40959] INFO  server.GrpcService (ConfUtils.java:logGet(46)) - raft.grpc.message.size.max = 32MB (=33554432) (custom)
2023-04-24 08:15:21,067 [Listener at 127.0.0.1/40959] INFO  server.RaftServerConfigKeys (ConfUtils.java:logGet(46)) - raft.server.log.appender.buffer.byte-limit = 33554432 (custom)
2023-04-24 08:15:21,067 [Listener at 127.0.0.1/40959] INFO  server.GrpcService (ConfUtils.java:logGet(46)) - raft.grpc.flow.control.window = 5MB (=5242880) (custom)
2023-04-24 08:15:21,068 [Listener at 127.0.0.1/40959] INFO  server.RaftServerConfigKeys (ConfUtils.java:logGet(46)) - raft.server.rpc.request.timeout = 3000ms (default)
2023-04-24 08:15:21,068 [Listener at 127.0.0.1/40959] INFO  grpc.GrpcConfigKeys (ConfUtils.java:logGet(46)) - raft.grpc.server.heartbeat.channel = true (default)
2023-04-24 08:15:21,068 [Listener at 127.0.0.1/40959] INFO  grpc.GrpcConfigKeys (ConfUtils.java:logGet(46)) - raft.grpc.server.async.request.thread.pool.cached = true (default)
2023-04-24 08:15:21,070 [Listener at 127.0.0.1/40959] INFO  grpc.GrpcConfigKeys (ConfUtils.java:logGet(46)) - raft.grpc.server.async.request.thread.pool.size = 32 (default)
2023-04-24 08:15:21,072 [Listener at 127.0.0.1/40959] INFO  impl.DataStreamServerImpl (ConfUtils.java:logGet(46)) - raft.datastream.type = NETTY (custom)
2023-04-24 08:15:21,072 [Listener at 127.0.0.1/40959] INFO  server.RaftServerConfigKeys (ConfUtils.java:logGet(46)) - raft.server.data-stream.async.request.thread.pool.cached = false (default)
2023-04-24 08:15:21,072 [Listener at 127.0.0.1/40959] INFO  server.RaftServerConfigKeys (ConfUtils.java:logGet(46)) - raft.server.data-stream.async.request.thread.pool.size = 20 (custom)
2023-04-24 08:15:21,072 [Listener at 127.0.0.1/40959] INFO  server.RaftServerConfigKeys (ConfUtils.java:logGet(46)) - raft.server.data-stream.async.write.thread.pool.size = 16 (default)
2023-04-24 08:15:21,073 [Listener at 127.0.0.1/40959] INFO  server.RaftServerConfigKeys (ConfUtils.java:logGet(46)) - raft.server.data-stream.client.pool.size = 10 (default)
2023-04-24 08:15:21,073 [Listener at 127.0.0.1/40959] INFO  netty.NettyConfigKeys$DataStream (ConfUtils.java:logGet(46)) - raft.netty.dataStream.server.use-epoll = false (default)
2023-04-24 08:15:21,073 [Listener at 127.0.0.1/40959] INFO  netty.NettyConfigKeys$DataStream (ConfUtils.java:logGet(46)) - raft.netty.dataStream.server.boss-group.size = 0 (default)
2023-04-24 08:15:21,073 [Listener at 127.0.0.1/40959] INFO  netty.NettyConfigKeys$DataStream (ConfUtils.java:logGet(46)) - raft.netty.dataStream.server.worker-group.size = 0 (default)
2023-04-24 08:15:21,073 [Listener at 127.0.0.1/40959] INFO  netty.NettyConfigKeys$DataStream (ConfUtils.java:logGet(46)) - raft.netty.dataStream.server.tls.conf = null (default)
2023-04-24 08:15:21,074 [Listener at 127.0.0.1/40959] INFO  netty.NettyConfigKeys$DataStream (ConfUtils.java:logGet(46)) - raft.netty.dataStream.host = null (default)
2023-04-24 08:15:21,074 [Listener at 127.0.0.1/40959] INFO  netty.NettyConfigKeys$DataStream (ConfUtils.java:logGet(46)) - raft.netty.dataStream.port = 0 (default)
2023-04-24 08:15:21,074 [Listener at 127.0.0.1/40959] INFO  server.RaftServerConfigKeys (ConfUtils.java:logGet(46)) - raft.server.threadpool.proxy.cached = true (default)
2023-04-24 08:15:21,074 [Listener at 127.0.0.1/40959] INFO  server.RaftServerConfigKeys (ConfUtils.java:logGet(46)) - raft.server.threadpool.proxy.size = 0 (default)
2023-04-24 08:15:21,075 [Listener at 127.0.0.1/40959] INFO  server.RaftServerConfigKeys (ConfUtils.java:logGet(46)) - raft.server.rpc.slowness.timeout = 1000000ms (custom)
2023-04-24 08:15:21,075 [Listener at 127.0.0.1/40959] INFO  server.RaftServerConfigKeys (ConfUtils.java:logGet(46)) - raft.server.leaderelection.leader.step-down.wait-time = 10s (default)
2023-04-24 08:15:21,075 [Listener at 127.0.0.1/40959] INFO  server.RaftServerConfigKeys (ConfUtils.java:logGet(46)) - raft.server.storage.dir = [/home/runner/work/ozone/ozone/hadoop-ozone/integration-test/target/test-dir/MiniOzoneClusterImpl-f6153afd-65ae-4a30-a1a8-75442c8cb6d9/datanode-1/data/ratis] (custom)
2023-04-24 08:15:21,079 [d7f67023-bd71-4164-8161-24a8eb75dffe-NettyServerStreamRpc-bossGroup--thread1] INFO  logging.LoggingHandler (AbstractInternalLogger.java:log(148)) - [id: 0x6290ac30] REGISTERED
2023-04-24 08:15:21,080 [d7f67023-bd71-4164-8161-24a8eb75dffe-NettyServerStreamRpc-bossGroup--thread1] INFO  logging.LoggingHandler (AbstractInternalLogger.java:log(148)) - [id: 0x6290ac30] BIND: 0.0.0.0/0.0.0.0:0
2023-04-24 08:15:21,080 [d7f67023-bd71-4164-8161-24a8eb75dffe-NettyServerStreamRpc-bossGroup--thread1] INFO  logging.LoggingHandler (AbstractInternalLogger.java:log(148)) - [id: 0x6290ac30, L:/0:0:0:0:0:0:0:0:32771] ACTIVE
2023-04-24 08:15:21,082 [Listener at 127.0.0.1/40959] INFO  server.XceiverServerGrpc (XceiverServerGrpc.java:<init>(132)) - GrpcServer channel type EpollServerSocketChannel
2023-04-24 08:15:21,091 [Listener at 127.0.0.1/40959] INFO  http.BaseHttpServer (BaseHttpServer.java:newHttpServer2BuilderForOzone(224)) - Starting Web-server for hddsDatanode at: http://0.0.0.0:0
2023-04-24 08:15:21,091 [Listener at 127.0.0.1/40959] INFO  http.BaseHttpServer (BaseHttpServer.java:<init>(111)) - Hadoop Security Enabled: false Ozone Security Enabled: false Ozone HTTP Security Enabled: false 
2023-04-24 08:15:21,093 [Listener at 127.0.0.1/40959] WARN  server.AuthenticationFilter (AuthenticationFilter.java:constructSecretProvider(240)) - Unable to initialize FileSignerSecretProvider, falling back to use random secrets. Reason: Could not read signature secret file: /home/runner/hadoop-http-auth-signature-secret
2023-04-24 08:15:21,096 [Listener at 127.0.0.1/40959] INFO  http.HttpRequestLog (HttpRequestLog.java:getRequestLog(86)) - Http request log for http.requests.hddsDatanode is not defined
2023-04-24 08:15:21,098 [Listener at 127.0.0.1/40959] INFO  http.HttpServer2 (HttpServer2.java:addGlobalFilter(1031)) - Added global filter 'safety' (class=org.apache.hadoop.hdds.server.http.HttpServer2$QuotingInputFilter)
2023-04-24 08:15:21,099 [Listener at 127.0.0.1/40959] INFO  http.HttpServer2 (HttpServer2.java:addFilter(1007)) - Added filter static_user_filter (class=org.apache.hadoop.http.lib.StaticUserWebFilter$StaticUserFilter) to context hddsDatanode
2023-04-24 08:15:21,099 [Listener at 127.0.0.1/40959] INFO  http.HttpServer2 (HttpServer2.java:addFilter(1015)) - Added filter static_user_filter (class=org.apache.hadoop.http.lib.StaticUserWebFilter$StaticUserFilter) to context logs
2023-04-24 08:15:21,099 [Listener at 127.0.0.1/40959] INFO  http.HttpServer2 (HttpServer2.java:addFilter(1015)) - Added filter static_user_filter (class=org.apache.hadoop.http.lib.StaticUserWebFilter$StaticUserFilter) to context static
2023-04-24 08:15:21,101 [Listener at 127.0.0.1/40959] INFO  http.BaseHttpServer (BaseHttpServer.java:<init>(190)) - HTTP server of hddsDatanode uses base directory /home/runner/work/ozone/ozone/hadoop-ozone/integration-test/target/test-dir/MiniOzoneClusterImpl-f6153afd-65ae-4a30-a1a8-75442c8cb6d9/datanode-1/meta/webserver
2023-04-24 08:15:21,102 [Listener at 127.0.0.1/40959] INFO  http.HttpServer2 (HttpServer2.java:bindListener(1250)) - Jetty bound to port 35223
2023-04-24 08:15:21,102 [Listener at 127.0.0.1/40959] INFO  server.Server (Server.java:doStart(375)) - jetty-9.4.51.v20230217; built: 2023-02-17T08:19:37.309Z; git: b45c405e4544384de066f814ed42ae3dceacdd49; jvm 1.8.0_362-b09
2023-04-24 08:15:21,108 [Listener at 127.0.0.1/40959] INFO  server.session (DefaultSessionIdManager.java:doStart(334)) - DefaultSessionIdManager workerName=node0
2023-04-24 08:15:21,108 [Listener at 127.0.0.1/40959] INFO  server.session (DefaultSessionIdManager.java:doStart(339)) - No SessionScavenger set, using defaults
2023-04-24 08:15:21,109 [Listener at 127.0.0.1/40959] INFO  server.session (HouseKeeper.java:startScavenging(132)) - node0 Scavenging every 600000ms
2023-04-24 08:15:21,109 [Listener at 127.0.0.1/40959] INFO  handler.ContextHandler (ContextHandler.java:doStart(921)) - Started o.e.j.s.ServletContextHandler@4f07fb43{logs,/logs,file:///home/runner/work/ozone/ozone/hadoop-ozone/integration-test/target/log,AVAILABLE}
2023-04-24 08:15:21,110 [Listener at 127.0.0.1/40959] INFO  handler.ContextHandler (ContextHandler.java:doStart(921)) - Started o.e.j.s.ServletContextHandler@5338244e{static,/static,jar:file:/home/runner/.m2/repository/org/apache/ozone/hdds-container-service/1.4.0-SNAPSHOT/hdds-container-service-1.4.0-SNAPSHOT.jar!/webapps/static,AVAILABLE}
2023-04-24 08:15:21,139 [om1@group-C5BA1605619E-FollowerState] INFO  impl.FollowerState (FollowerState.java:run(143)) - om1@group-C5BA1605619E-FollowerState: change to CANDIDATE, lastRpcElapsedTime:1200543849ns, electionTimeout:1196ms
2023-04-24 08:15:21,139 [om1@group-C5BA1605619E-FollowerState] INFO  impl.RoleInfo (RoleInfo.java:shutdownFollowerState(110)) - om1: shutdown om1@group-C5BA1605619E-FollowerState
2023-04-24 08:15:21,140 [om1@group-C5BA1605619E-FollowerState] INFO  server.RaftServer$Division (RaftServerImpl.java:setRole(321)) - om1@group-C5BA1605619E: changes role from  FOLLOWER to CANDIDATE at term 0 for changeToCandidate
2023-04-24 08:15:21,144 [om1@group-C5BA1605619E-FollowerState] INFO  server.RaftServerConfigKeys (ConfUtils.java:logGet(46)) - raft.server.leaderelection.pre-vote = true (default)
2023-04-24 08:15:21,144 [om1@group-C5BA1605619E-FollowerState] INFO  impl.RoleInfo (RoleInfo.java:updateAndGet(139)) - om1: start om1@group-C5BA1605619E-LeaderElection1
2023-04-24 08:15:21,166 [om1@group-C5BA1605619E-LeaderElection1] INFO  impl.LeaderElection (LeaderElection.java:askForVotes(312)) - om1@group-C5BA1605619E-LeaderElection1 PRE_VOTE round 0: submit vote requests at term 0 for -1: peers:[om1|rpc:localhost:9872|priority:0|startupRole:FOLLOWER]|listeners:[], old=null
2023-04-24 08:15:21,168 [om1@group-C5BA1605619E-LeaderElection1] INFO  impl.LeaderElection (LeaderElection.java:askForVotes(314)) - om1@group-C5BA1605619E-LeaderElection1 PRE_VOTE round 0: result PASSED (term=0)
2023-04-24 08:15:21,172 [om1@group-C5BA1605619E-LeaderElection1] INFO  impl.LeaderElection (LeaderElection.java:askForVotes(312)) - om1@group-C5BA1605619E-LeaderElection1 ELECTION round 0: submit vote requests at term 1 for -1: peers:[om1|rpc:localhost:9872|priority:0|startupRole:FOLLOWER]|listeners:[], old=null
2023-04-24 08:15:21,172 [om1@group-C5BA1605619E-LeaderElection1] INFO  impl.LeaderElection (LeaderElection.java:askForVotes(314)) - om1@group-C5BA1605619E-LeaderElection1 ELECTION round 0: result PASSED (term=1)
2023-04-24 08:15:21,172 [om1@group-C5BA1605619E-LeaderElection1] INFO  impl.RoleInfo (RoleInfo.java:shutdownLeaderElection(130)) - om1: shutdown om1@group-C5BA1605619E-LeaderElection1
2023-04-24 08:15:21,174 [om1@group-C5BA1605619E-LeaderElection1] INFO  server.RaftServer$Division (RaftServerImpl.java:setRole(321)) - om1@group-C5BA1605619E: changes role from CANDIDATE to LEADER at term 1 for changeToLeader
2023-04-24 08:15:21,177 [om1@group-C5BA1605619E-LeaderElection1] INFO  server.RaftServer$Division (ServerState.java:setLeader(313)) - om1@group-C5BA1605619E: change Leader from null to om1 at term 1 for becomeLeader, leader elected after 2370ms
2023-04-24 08:15:21,188 [om1@group-C5BA1605619E-LeaderElection1] INFO  server.RaftServerConfigKeys (ConfUtils.java:logGet(46)) - raft.server.staging.catchup.gap = 1000 (default)
2023-04-24 08:15:21,196 [om1@group-C5BA1605619E-LeaderElection1] INFO  server.RaftServerConfigKeys (ConfUtils.java:logGet(46)) - raft.server.write.element-limit = 4096 (default)
2023-04-24 08:15:21,199 [om1@group-C5BA1605619E-LeaderElection1] INFO  server.RaftServerConfigKeys (ConfUtils.java:logGet(46)) - raft.server.write.byte-limit = 64MB (=67108864) (default)
2023-04-24 08:15:21,216 [om1@group-C5BA1605619E-LeaderElection1] INFO  server.RaftServerConfigKeys (ConfUtils.java:logGet(46)) - raft.server.watch.timeout = 10s (default)
2023-04-24 08:15:21,216 [om1@group-C5BA1605619E-LeaderElection1] INFO  server.RaftServerConfigKeys (ConfUtils.java:logGet(46)) - raft.server.watch.timeout.denomination = 1s (default)
2023-04-24 08:15:21,219 [om1@group-C5BA1605619E-LeaderElection1] INFO  server.RaftServerConfigKeys (ConfUtils.java:logGet(46)) - raft.server.watch.element-limit = 65536 (default)
2023-04-24 08:15:21,227 [om1@group-C5BA1605619E-LeaderElection1] INFO  server.RaftServerConfigKeys (ConfUtils.java:logGet(46)) - raft.server.write.element-limit = 4096 (default)
2023-04-24 08:15:21,231 [om1@group-C5BA1605619E-LeaderElection1] INFO  server.RaftServerConfigKeys (ConfUtils.java:logGet(46)) - raft.server.write.follower.gap.ratio.max = -1.0 (default)
2023-04-24 08:15:21,237 [om1@group-C5BA1605619E-LeaderElection1] INFO  impl.RoleInfo (RoleInfo.java:updateAndGet(139)) - om1: start om1@group-C5BA1605619E-LeaderStateImpl
2023-04-24 08:15:21,281 [om1@group-C5BA1605619E-LeaderElection1] INFO  segmented.SegmentedRaftLogWorker (SegmentedRaftLogWorker.java:startLogSegment(452)) - om1@group-C5BA1605619E-SegmentedRaftLogWorker: Starting segment from index:0
2023-04-24 08:15:21,338 [om1@group-C5BA1605619E-LeaderElection1] INFO  server.RaftServer$Division (ServerState.java:setRaftConf(430)) - om1@group-C5BA1605619E: set configuration 0: peers:[om1|rpc:localhost:9872|admin:|client:|dataStream:|priority:0|startupRole:FOLLOWER]|listeners:[], old=null
2023-04-24 08:15:21,397 [Listener at 127.0.0.1/40959] INFO  handler.ContextHandler (ContextHandler.java:doStart(921)) - Started o.e.j.w.WebAppContext@29487e4c{hddsDatanode,/,file:///home/runner/work/ozone/ozone/hadoop-ozone/integration-test/target/test-dir/MiniOzoneClusterImpl-f6153afd-65ae-4a30-a1a8-75442c8cb6d9/datanode-1/meta/webserver/jetty-0_0_0_0-35223-hdds-container-service-1_4_0-SNAPSHOT_jar-_-any-469576952040172248/webapp/,AVAILABLE}{jar:file:/home/runner/.m2/repository/org/apache/ozone/hdds-container-service/1.4.0-SNAPSHOT/hdds-container-service-1.4.0-SNAPSHOT.jar!/webapps/hddsDatanode}
2023-04-24 08:15:21,400 [Listener at 127.0.0.1/40959] INFO  server.AbstractConnector (AbstractConnector.java:doStart(333)) - Started ServerConnector@277dfd4f{HTTP/1.1, (http/1.1)}{0.0.0.0:35223}
2023-04-24 08:15:21,400 [Listener at 127.0.0.1/40959] INFO  server.Server (Server.java:doStart(415)) - Started @8425ms
2023-04-24 08:15:21,400 [Listener at 127.0.0.1/40959] WARN  impl.MetricsSystemImpl (MetricsSystemImpl.java:register(279)) - Sink prometheus already exists!
2023-04-24 08:15:21,401 [Listener at 127.0.0.1/40959] INFO  http.BaseHttpServer (BaseHttpServer.java:updateConnectorAddress(344)) - HTTP server of hddsDatanode listening at http://0.0.0.0:35223
2023-04-24 08:15:21,401 [Listener at 127.0.0.1/40959] WARN  impl.MetricRegistriesImpl (MetricRegistriesImpl.java:addReporterRegistration(111)) - New reporters are added after registries were created. Some metrics will be missing from the reporter. Please add reporter before adding any new registry.
2023-04-24 08:15:21,401 [Listener at 127.0.0.1/40959] WARN  impl.MetricRegistriesImpl (MetricRegistriesImpl.java:addReporterRegistration(111)) - New reporters are added after registries were created. Some metrics will be missing from the reporter. Please add reporter before adding any new registry.
2023-04-24 08:15:21,401 [Listener at 127.0.0.1/40959] INFO  impl.MetricsSystemImpl (MetricsSystemImpl.java:init(158)) - HddsDatanode metrics system started (again)
2023-04-24 08:15:21,414 [Datanode State Machine Daemon Thread] INFO  statemachine.DatanodeStateMachine (DatanodeStateMachine.java:lambda$startDaemon$0(517)) - Ozone container server started.
2023-04-24 08:15:21,445 [Listener at 127.0.0.1/40959] INFO  ozone.HddsDatanodeService (HddsDatanodeService.java:start(252)) - HddsDatanodeService host:fv-az212-956.zlodpucb4l4udavnfxg5s20dva.cx.internal.cloudapp.net ip:10.1.0.80
2023-04-24 08:15:21,447 [org.apache.hadoop.util.JvmPauseMonitor$Monitor@45ba16d8] INFO  util.JvmPauseMonitor (JvmPauseMonitor.java:run(188)) - Starting JVM pause monitor
2023-04-24 08:15:21,464 [om1@group-C5BA1605619E-SegmentedRaftLogWorker] INFO  segmented.SegmentedRaftLogWorker (SegmentedRaftLogWorker.java:execute(656)) - om1@group-C5BA1605619E-SegmentedRaftLogWorker: created new log segment /home/runner/work/ozone/ozone/hadoop-ozone/integration-test/target/test-dir/MiniOzoneClusterImpl-f6153afd-65ae-4a30-a1a8-75442c8cb6d9/ozone-meta/ratis/bf265839-605b-3f16-9796-c5ba1605619e/current/log_inprogress_0
2023-04-24 08:15:21,495 [Datanode State Machine Task Thread - 0] INFO  datanode.InitDatanodeState (InitDatanodeState.java:persistContainerDatanodeDetails(138)) - DatanodeDetails is persisted to /home/runner/work/ozone/ozone/hadoop-ozone/integration-test/target/test-dir/MiniOzoneClusterImpl-f6153afd-65ae-4a30-a1a8-75442c8cb6d9/datanode-1/meta/datanode.id
2023-04-24 08:15:21,503 [Listener at 127.0.0.1/40959] INFO  upgrade.AbstractLayoutVersionManager (AbstractLayoutVersionManager.java:init(83)) - Initializing Layout version manager with metadata layout = WEBUI_PORTS_IN_DATANODEDETAILS (version = 6), software layout = WEBUI_PORTS_IN_DATANODEDETAILS (version = 6)
2023-04-24 08:15:21,609 [om1@group-C5BA1605619E-StateMachineUpdater] INFO  ratis.OzoneManagerStateMachine (OzoneManagerStateMachine.java:notifyConfigurationChanged(200)) - Received Configuration change notification from Ratis. New Peer list:
[id: "om1"
address: "localhost:9872"
startupRole: FOLLOWER
]
2023-04-24 08:15:21,624 [Listener at 127.0.0.1/40959] INFO  reflections.Reflections (Reflections.java:scan(232)) - Reflections took 112 ms to scan 7 urls, producing 156 keys and 369 values 
2023-04-24 08:15:21,627 [Listener at 127.0.0.1/40959] INFO  statemachine.DatanodeStateMachine (DatanodeStateMachine.java:getEndPointTaskThreadPoolSize(260)) - Datanode State Machine Task Thread Pool size 2
2023-04-24 08:15:21,630 [Listener at 127.0.0.1/40959] INFO  volume.HddsVolume (HddsVolume.java:<init>(130)) - Creating HddsVolume: /home/runner/work/ozone/ozone/hadoop-ozone/integration-test/target/test-dir/MiniOzoneClusterImpl-f6153afd-65ae-4a30-a1a8-75442c8cb6d9/datanode-2/data-0/containers/hdds of storage type : DISK capacity : 9223372036854775807
2023-04-24 08:15:21,630 [Listener at 127.0.0.1/40959] INFO  volume.MutableVolumeSet (MutableVolumeSet.java:initializeVolumeSet(175)) - Added Volume : /home/runner/work/ozone/ozone/hadoop-ozone/integration-test/target/test-dir/MiniOzoneClusterImpl-f6153afd-65ae-4a30-a1a8-75442c8cb6d9/datanode-2/data-0/containers/hdds to VolumeSet
2023-04-24 08:15:21,630 [Listener at 127.0.0.1/40959] INFO  volume.ThrottledAsyncChecker (ThrottledAsyncChecker.java:schedule(141)) - Scheduling a check for /home/runner/work/ozone/ozone/hadoop-ozone/integration-test/target/test-dir/MiniOzoneClusterImpl-f6153afd-65ae-4a30-a1a8-75442c8cb6d9/datanode-2/data-0/containers/hdds
2023-04-24 08:15:21,633 [Listener at 127.0.0.1/40959] INFO  volume.StorageVolumeChecker (StorageVolumeChecker.java:checkAllVolumes(202)) - Scheduled health check for volume /home/runner/work/ozone/ozone/hadoop-ozone/integration-test/target/test-dir/MiniOzoneClusterImpl-f6153afd-65ae-4a30-a1a8-75442c8cb6d9/datanode-2/data-0/containers/hdds
2023-04-24 08:15:21,645 [Listener at 127.0.0.1/40959] INFO  volume.MutableVolumeSet (MutableVolumeSet.java:initializeVolumeSet(175)) - Added Volume : /home/runner/work/ozone/ozone/hadoop-ozone/integration-test/target/test-dir/MiniOzoneClusterImpl-f6153afd-65ae-4a30-a1a8-75442c8cb6d9/datanode-2/data/ratis to VolumeSet
2023-04-24 08:15:21,645 [Listener at 127.0.0.1/40959] INFO  volume.ThrottledAsyncChecker (ThrottledAsyncChecker.java:schedule(141)) - Scheduling a check for /home/runner/work/ozone/ozone/hadoop-ozone/integration-test/target/test-dir/MiniOzoneClusterImpl-f6153afd-65ae-4a30-a1a8-75442c8cb6d9/datanode-2/data/ratis
2023-04-24 08:15:21,646 [Listener at 127.0.0.1/40959] INFO  volume.StorageVolumeChecker (StorageVolumeChecker.java:checkAllVolumes(202)) - Scheduled health check for volume /home/runner/work/ozone/ozone/hadoop-ozone/integration-test/target/test-dir/MiniOzoneClusterImpl-f6153afd-65ae-4a30-a1a8-75442c8cb6d9/datanode-2/data/ratis
2023-04-24 08:15:21,657 [Thread-169] INFO  ozoneimpl.ContainerReader (ContainerReader.java:readVolume(175)) - Finish verifying containers on volume /home/runner/work/ozone/ozone/hadoop-ozone/integration-test/target/test-dir/MiniOzoneClusterImpl-f6153afd-65ae-4a30-a1a8-75442c8cb6d9/datanode-2/data-0/containers/hdds
2023-04-24 08:15:21,657 [Listener at 127.0.0.1/40959] INFO  ozoneimpl.OzoneContainer (OzoneContainer.java:buildContainerSet(303)) - Build ContainerSet costs 0s
2023-04-24 08:15:21,660 [Listener at 127.0.0.1/40959] INFO  server.RaftServer (ConfUtils.java:logGet(46)) - raft.rpc.type = GRPC (default)
2023-04-24 08:15:21,661 [Listener at 127.0.0.1/40959] INFO  grpc.GrpcConfigKeys (ConfUtils.java:logFallback(53)) - raft.grpc.admin.host = null (fallback to raft.grpc.server.host)
2023-04-24 08:15:21,661 [Listener at 127.0.0.1/40959] INFO  grpc.GrpcConfigKeys (ConfUtils.java:logGet(46)) - raft.grpc.admin.port = 0 (custom)
2023-04-24 08:15:21,661 [Listener at 127.0.0.1/40959] INFO  grpc.GrpcConfigKeys (ConfUtils.java:logFallback(53)) - raft.grpc.client.host = null (fallback to raft.grpc.server.host)
2023-04-24 08:15:21,661 [Listener at 127.0.0.1/40959] INFO  grpc.GrpcConfigKeys (ConfUtils.java:logGet(46)) - raft.grpc.client.port = 0 (custom)
2023-04-24 08:15:21,661 [Listener at 127.0.0.1/40959] INFO  grpc.GrpcConfigKeys (ConfUtils.java:logGet(46)) - raft.grpc.server.host = null (default)
2023-04-24 08:15:21,661 [Listener at 127.0.0.1/40959] INFO  grpc.GrpcConfigKeys (ConfUtils.java:logGet(46)) - raft.grpc.server.port = 0 (default)
2023-04-24 08:15:21,661 [Listener at 127.0.0.1/40959] INFO  server.GrpcService (ConfUtils.java:logGet(46)) - raft.grpc.message.size.max = 32MB (=33554432) (custom)
2023-04-24 08:15:21,661 [Listener at 127.0.0.1/40959] INFO  server.RaftServerConfigKeys (ConfUtils.java:logGet(46)) - raft.server.log.appender.buffer.byte-limit = 33554432 (custom)
2023-04-24 08:15:21,661 [Listener at 127.0.0.1/40959] INFO  server.GrpcService (ConfUtils.java:logGet(46)) - raft.grpc.flow.control.window = 5MB (=5242880) (custom)
2023-04-24 08:15:21,661 [Listener at 127.0.0.1/40959] INFO  server.RaftServerConfigKeys (ConfUtils.java:logGet(46)) - raft.server.rpc.request.timeout = 3000ms (default)
2023-04-24 08:15:21,661 [Listener at 127.0.0.1/40959] INFO  grpc.GrpcConfigKeys (ConfUtils.java:logGet(46)) - raft.grpc.server.heartbeat.channel = true (default)
2023-04-24 08:15:21,662 [Listener at 127.0.0.1/40959] INFO  grpc.GrpcConfigKeys (ConfUtils.java:logGet(46)) - raft.grpc.server.async.request.thread.pool.cached = true (default)
2023-04-24 08:15:21,662 [Listener at 127.0.0.1/40959] INFO  grpc.GrpcConfigKeys (ConfUtils.java:logGet(46)) - raft.grpc.server.async.request.thread.pool.size = 32 (default)
2023-04-24 08:15:21,663 [Listener at 127.0.0.1/40959] INFO  impl.DataStreamServerImpl (ConfUtils.java:logGet(46)) - raft.datastream.type = NETTY (custom)
2023-04-24 08:15:21,663 [Listener at 127.0.0.1/40959] INFO  server.RaftServerConfigKeys (ConfUtils.java:logGet(46)) - raft.server.data-stream.async.request.thread.pool.cached = false (default)
2023-04-24 08:15:21,663 [Listener at 127.0.0.1/40959] INFO  server.RaftServerConfigKeys (ConfUtils.java:logGet(46)) - raft.server.data-stream.async.request.thread.pool.size = 20 (custom)
2023-04-24 08:15:21,663 [Listener at 127.0.0.1/40959] INFO  server.RaftServerConfigKeys (ConfUtils.java:logGet(46)) - raft.server.data-stream.async.write.thread.pool.size = 16 (default)
2023-04-24 08:15:21,663 [Listener at 127.0.0.1/40959] INFO  server.RaftServerConfigKeys (ConfUtils.java:logGet(46)) - raft.server.data-stream.client.pool.size = 10 (default)
2023-04-24 08:15:21,663 [Listener at 127.0.0.1/40959] INFO  netty.NettyConfigKeys$DataStream (ConfUtils.java:logGet(46)) - raft.netty.dataStream.server.use-epoll = false (default)
2023-04-24 08:15:21,663 [Listener at 127.0.0.1/40959] INFO  netty.NettyConfigKeys$DataStream (ConfUtils.java:logGet(46)) - raft.netty.dataStream.server.boss-group.size = 0 (default)
2023-04-24 08:15:21,664 [Listener at 127.0.0.1/40959] INFO  netty.NettyConfigKeys$DataStream (ConfUtils.java:logGet(46)) - raft.netty.dataStream.server.worker-group.size = 0 (default)
2023-04-24 08:15:21,664 [Listener at 127.0.0.1/40959] INFO  netty.NettyConfigKeys$DataStream (ConfUtils.java:logGet(46)) - raft.netty.dataStream.server.tls.conf = null (default)
2023-04-24 08:15:21,664 [Listener at 127.0.0.1/40959] INFO  netty.NettyConfigKeys$DataStream (ConfUtils.java:logGet(46)) - raft.netty.dataStream.host = null (default)
2023-04-24 08:15:21,664 [Listener at 127.0.0.1/40959] INFO  netty.NettyConfigKeys$DataStream (ConfUtils.java:logGet(46)) - raft.netty.dataStream.port = 0 (default)
2023-04-24 08:15:21,665 [Listener at 127.0.0.1/40959] INFO  server.RaftServerConfigKeys (ConfUtils.java:logGet(46)) - raft.server.threadpool.proxy.cached = true (default)
2023-04-24 08:15:21,665 [Listener at 127.0.0.1/40959] INFO  server.RaftServerConfigKeys (ConfUtils.java:logGet(46)) - raft.server.threadpool.proxy.size = 0 (default)
2023-04-24 08:15:21,665 [Listener at 127.0.0.1/40959] INFO  server.RaftServerConfigKeys (ConfUtils.java:logGet(46)) - raft.server.rpc.slowness.timeout = 1000000ms (custom)
2023-04-24 08:15:21,665 [Listener at 127.0.0.1/40959] INFO  server.RaftServerConfigKeys (ConfUtils.java:logGet(46)) - raft.server.leaderelection.leader.step-down.wait-time = 10s (default)
2023-04-24 08:15:21,665 [Listener at 127.0.0.1/40959] INFO  server.RaftServerConfigKeys (ConfUtils.java:logGet(46)) - raft.server.storage.dir = [/home/runner/work/ozone/ozone/hadoop-ozone/integration-test/target/test-dir/MiniOzoneClusterImpl-f6153afd-65ae-4a30-a1a8-75442c8cb6d9/datanode-2/data/ratis] (custom)
2023-04-24 08:15:21,666 [593f1123-fce2-46ce-a0f5-50a98353a86f-NettyServerStreamRpc-bossGroup--thread1] INFO  logging.LoggingHandler (AbstractInternalLogger.java:log(148)) - [id: 0x30b0afd9] REGISTERED
2023-04-24 08:15:21,666 [593f1123-fce2-46ce-a0f5-50a98353a86f-NettyServerStreamRpc-bossGroup--thread1] INFO  logging.LoggingHandler (AbstractInternalLogger.java:log(148)) - [id: 0x30b0afd9] BIND: 0.0.0.0/0.0.0.0:0
2023-04-24 08:15:21,667 [593f1123-fce2-46ce-a0f5-50a98353a86f-NettyServerStreamRpc-bossGroup--thread1] INFO  logging.LoggingHandler (AbstractInternalLogger.java:log(148)) - [id: 0x30b0afd9, L:/0:0:0:0:0:0:0:0:33973] ACTIVE
2023-04-24 08:15:21,668 [Listener at 127.0.0.1/40959] INFO  server.XceiverServerGrpc (XceiverServerGrpc.java:<init>(132)) - GrpcServer channel type EpollServerSocketChannel
2023-04-24 08:15:21,672 [Listener at 127.0.0.1/40959] INFO  http.BaseHttpServer (BaseHttpServer.java:newHttpServer2BuilderForOzone(224)) - Starting Web-server for hddsDatanode at: http://0.0.0.0:0
2023-04-24 08:15:21,672 [Listener at 127.0.0.1/40959] INFO  http.BaseHttpServer (BaseHttpServer.java:<init>(111)) - Hadoop Security Enabled: false Ozone Security Enabled: false Ozone HTTP Security Enabled: false 
2023-04-24 08:15:21,673 [Listener at 127.0.0.1/40959] WARN  server.AuthenticationFilter (AuthenticationFilter.java:constructSecretProvider(240)) - Unable to initialize FileSignerSecretProvider, falling back to use random secrets. Reason: Could not read signature secret file: /home/runner/hadoop-http-auth-signature-secret
2023-04-24 08:15:21,674 [Listener at 127.0.0.1/40959] INFO  http.HttpRequestLog (HttpRequestLog.java:getRequestLog(86)) - Http request log for http.requests.hddsDatanode is not defined
2023-04-24 08:15:21,675 [Listener at 127.0.0.1/40959] INFO  http.HttpServer2 (HttpServer2.java:addGlobalFilter(1031)) - Added global filter 'safety' (class=org.apache.hadoop.hdds.server.http.HttpServer2$QuotingInputFilter)
2023-04-24 08:15:21,676 [Listener at 127.0.0.1/40959] INFO  http.HttpServer2 (HttpServer2.java:addFilter(1007)) - Added filter static_user_filter (class=org.apache.hadoop.http.lib.StaticUserWebFilter$StaticUserFilter) to context hddsDatanode
2023-04-24 08:15:21,676 [Listener at 127.0.0.1/40959] INFO  http.HttpServer2 (HttpServer2.java:addFilter(1015)) - Added filter static_user_filter (class=org.apache.hadoop.http.lib.StaticUserWebFilter$StaticUserFilter) to context logs
2023-04-24 08:15:21,676 [Listener at 127.0.0.1/40959] INFO  http.HttpServer2 (HttpServer2.java:addFilter(1015)) - Added filter static_user_filter (class=org.apache.hadoop.http.lib.StaticUserWebFilter$StaticUserFilter) to context static
2023-04-24 08:15:21,677 [Listener at 127.0.0.1/40959] INFO  http.BaseHttpServer (BaseHttpServer.java:<init>(190)) - HTTP server of hddsDatanode uses base directory /home/runner/work/ozone/ozone/hadoop-ozone/integration-test/target/test-dir/MiniOzoneClusterImpl-f6153afd-65ae-4a30-a1a8-75442c8cb6d9/datanode-2/meta/webserver
2023-04-24 08:15:21,677 [Listener at 127.0.0.1/40959] INFO  http.HttpServer2 (HttpServer2.java:bindListener(1250)) - Jetty bound to port 43031
2023-04-24 08:15:21,677 [Listener at 127.0.0.1/40959] INFO  server.Server (Server.java:doStart(375)) - jetty-9.4.51.v20230217; built: 2023-02-17T08:19:37.309Z; git: b45c405e4544384de066f814ed42ae3dceacdd49; jvm 1.8.0_362-b09
2023-04-24 08:15:21,685 [Listener at 127.0.0.1/40959] INFO  server.session (DefaultSessionIdManager.java:doStart(334)) - DefaultSessionIdManager workerName=node0
2023-04-24 08:15:21,685 [Listener at 127.0.0.1/40959] INFO  server.session (DefaultSessionIdManager.java:doStart(339)) - No SessionScavenger set, using defaults
2023-04-24 08:15:21,686 [Listener at 127.0.0.1/40959] INFO  server.session (HouseKeeper.java:startScavenging(132)) - node0 Scavenging every 660000ms
2023-04-24 08:15:21,686 [Listener at 127.0.0.1/40959] INFO  handler.ContextHandler (ContextHandler.java:doStart(921)) - Started o.e.j.s.ServletContextHandler@67f8e620{logs,/logs,file:///home/runner/work/ozone/ozone/hadoop-ozone/integration-test/target/log,AVAILABLE}
2023-04-24 08:15:21,687 [Listener at 127.0.0.1/40959] INFO  handler.ContextHandler (ContextHandler.java:doStart(921)) - Started o.e.j.s.ServletContextHandler@18237d3b{static,/static,jar:file:/home/runner/.m2/repository/org/apache/ozone/hdds-container-service/1.4.0-SNAPSHOT/hdds-container-service-1.4.0-SNAPSHOT.jar!/webapps/static,AVAILABLE}
2023-04-24 08:15:21,895 [Listener at 127.0.0.1/40959] INFO  handler.ContextHandler (ContextHandler.java:doStart(921)) - Started o.e.j.w.WebAppContext@f9a5483{hddsDatanode,/,file:///home/runner/work/ozone/ozone/hadoop-ozone/integration-test/target/test-dir/MiniOzoneClusterImpl-f6153afd-65ae-4a30-a1a8-75442c8cb6d9/datanode-2/meta/webserver/jetty-0_0_0_0-43031-hdds-container-service-1_4_0-SNAPSHOT_jar-_-any-106027265850783167/webapp/,AVAILABLE}{jar:file:/home/runner/.m2/repository/org/apache/ozone/hdds-container-service/1.4.0-SNAPSHOT/hdds-container-service-1.4.0-SNAPSHOT.jar!/webapps/hddsDatanode}
2023-04-24 08:15:21,896 [Listener at 127.0.0.1/40959] INFO  server.AbstractConnector (AbstractConnector.java:doStart(333)) - Started ServerConnector@4d027201{HTTP/1.1, (http/1.1)}{0.0.0.0:43031}
2023-04-24 08:15:21,896 [Listener at 127.0.0.1/40959] INFO  server.Server (Server.java:doStart(415)) - Started @8922ms
2023-04-24 08:15:21,896 [Listener at 127.0.0.1/40959] WARN  impl.MetricsSystemImpl (MetricsSystemImpl.java:register(279)) - Sink prometheus already exists!
2023-04-24 08:15:21,897 [Listener at 127.0.0.1/40959] INFO  http.BaseHttpServer (BaseHttpServer.java:updateConnectorAddress(344)) - HTTP server of hddsDatanode listening at http://0.0.0.0:43031
2023-04-24 08:15:21,898 [Datanode State Machine Daemon Thread] INFO  statemachine.DatanodeStateMachine (DatanodeStateMachine.java:lambda$startDaemon$0(517)) - Ozone container server started.
2023-04-24 08:15:21,901 [Listener at 127.0.0.1/40959] INFO  ozone.MiniOzoneClusterImpl (MiniOzoneClusterImpl.java:lambda$waitForClusterToBeReady$0(223)) - Waiting for nodes to be ready. Got 0 of 3 DN Heartbeats.
2023-04-24 08:15:21,901 [Listener at 127.0.0.1/40959] INFO  ozone.MiniOzoneClusterImpl (MiniOzoneClusterImpl.java:lambda$waitForClusterToBeReady$0(226)) - Waiting for cluster to exit safe mode
2023-04-24 08:15:21,901 [Listener at 127.0.0.1/40959] INFO  ozone.MiniOzoneClusterImpl (MiniOzoneClusterImpl.java:lambda$waitForClusterToBeReady$0(228)) - SCM became leader
2023-04-24 08:15:21,907 [org.apache.hadoop.util.JvmPauseMonitor$Monitor@57f9ffa5] INFO  util.JvmPauseMonitor (JvmPauseMonitor.java:run(188)) - Starting JVM pause monitor
2023-04-24 08:15:21,912 [Datanode State Machine Task Thread - 0] INFO  datanode.InitDatanodeState (InitDatanodeState.java:persistContainerDatanodeDetails(138)) - DatanodeDetails is persisted to /home/runner/work/ozone/ozone/hadoop-ozone/integration-test/target/test-dir/MiniOzoneClusterImpl-f6153afd-65ae-4a30-a1a8-75442c8cb6d9/datanode-2/meta/datanode.id
2023-04-24 08:15:22,901 [Listener at 127.0.0.1/40959] INFO  ozone.MiniOzoneClusterImpl (MiniOzoneClusterImpl.java:lambda$waitForClusterToBeReady$0(223)) - Waiting for nodes to be ready. Got 0 of 3 DN Heartbeats.
2023-04-24 08:15:22,901 [Listener at 127.0.0.1/40959] INFO  ozone.MiniOzoneClusterImpl (MiniOzoneClusterImpl.java:lambda$waitForClusterToBeReady$0(226)) - Waiting for cluster to exit safe mode
2023-04-24 08:15:22,901 [Listener at 127.0.0.1/40959] INFO  ozone.MiniOzoneClusterImpl (MiniOzoneClusterImpl.java:lambda$waitForClusterToBeReady$0(228)) - SCM became leader
2023-04-24 08:15:22,970 [EndpointStateMachine task thread for /0.0.0.0:34191 - 0 ] INFO  utils.DatanodeStoreCache (DatanodeStoreCache.java:addDB(58)) - Added db /home/runner/work/ozone/ozone/hadoop-ozone/integration-test/target/test-dir/MiniOzoneClusterImpl-f6153afd-65ae-4a30-a1a8-75442c8cb6d9/datanode-0/data-0/containers/hdds/f6153afd-65ae-4a30-a1a8-75442c8cb6d9/DS-b5d7e66f-38f3-49d0-af9a-765218eee780/container.db to cache
2023-04-24 08:15:22,970 [EndpointStateMachine task thread for /0.0.0.0:34191 - 0 ] INFO  volume.HddsVolume (HddsVolume.java:createDbStore(350)) - SchemaV3 db is created and loaded at /home/runner/work/ozone/ozone/hadoop-ozone/integration-test/target/test-dir/MiniOzoneClusterImpl-f6153afd-65ae-4a30-a1a8-75442c8cb6d9/datanode-0/data-0/containers/hdds/f6153afd-65ae-4a30-a1a8-75442c8cb6d9/DS-b5d7e66f-38f3-49d0-af9a-765218eee780/container.db for volume DS-b5d7e66f-38f3-49d0-af9a-765218eee780
2023-04-24 08:15:22,973 [EndpointStateMachine task thread for /0.0.0.0:34191 - 0 ] INFO  ozoneimpl.OzoneContainer (OzoneContainer.java:start(397)) - Attempting to start container services.
2023-04-24 08:15:22,976 [EndpointStateMachine task thread for /0.0.0.0:34191 - 0 ] INFO  ozoneimpl.OzoneContainer (OzoneContainer.java:startContainerScrub(314)) - Scheduled background container scanners and the on-demand container scanner have been disabled.
2023-04-24 08:15:22,977 [EndpointStateMachine task thread for /0.0.0.0:34191 - 0 ] INFO  replication.ReplicationServer (ReplicationServer.java:start(109)) - ReplicationServer is started using port 33695
2023-04-24 08:15:22,977 [EndpointStateMachine task thread for /0.0.0.0:34191 - 0 ] INFO  ratis.XceiverServerRatis (XceiverServerRatis.java:start(517)) - Starting XceiverServerRatis 444322bb-4321-4e38-998a-96758a8a198b
2023-04-24 08:15:22,978 [EndpointStateMachine task thread for /0.0.0.0:34191 - 0 ] INFO  server.RaftServer (RaftServerProxy.java:startImpl(393)) - 444322bb-4321-4e38-998a-96758a8a198b: start RPC server
2023-04-24 08:15:22,981 [EndpointStateMachine task thread for /0.0.0.0:34191 - 0 ] INFO  server.GrpcService (GrpcService.java:startImpl(262)) - 444322bb-4321-4e38-998a-96758a8a198b: GrpcService started, listening on 39889
2023-04-24 08:15:22,982 [EndpointStateMachine task thread for /0.0.0.0:34191 - 0 ] INFO  ratis.XceiverServerRatis (XceiverServerRatis.java:getRealPort(543)) - XceiverServerRatis 444322bb-4321-4e38-998a-96758a8a198b is started using port 39889 for RATIS
2023-04-24 08:15:22,982 [EndpointStateMachine task thread for /0.0.0.0:34191 - 0 ] INFO  ratis.XceiverServerRatis (XceiverServerRatis.java:getRealPort(543)) - XceiverServerRatis 444322bb-4321-4e38-998a-96758a8a198b is started using port 39889 for RATIS_ADMIN
2023-04-24 08:15:22,982 [EndpointStateMachine task thread for /0.0.0.0:34191 - 0 ] INFO  ratis.XceiverServerRatis (XceiverServerRatis.java:getRealPort(543)) - XceiverServerRatis 444322bb-4321-4e38-998a-96758a8a198b is started using port 39889 for RATIS_SERVER
2023-04-24 08:15:22,982 [EndpointStateMachine task thread for /0.0.0.0:34191 - 0 ] INFO  ratis.XceiverServerRatis (XceiverServerRatis.java:getRealPort(543)) - XceiverServerRatis 444322bb-4321-4e38-998a-96758a8a198b is started using port 39479 for RATIS_DATASTREAM
2023-04-24 08:15:22,982 [JvmPauseMonitor1] INFO  util.JvmPauseMonitor (JvmPauseMonitor.java:run(105)) - JvmPauseMonitor-444322bb-4321-4e38-998a-96758a8a198b: Started
2023-04-24 08:15:22,984 [EndpointStateMachine task thread for /0.0.0.0:34191 - 0 ] INFO  server.XceiverServerGrpc (XceiverServerGrpc.java:start(180)) - XceiverServerGrpc 444322bb-4321-4e38-998a-96758a8a198b is started using port 42927
2023-04-24 08:15:22,989 [BlockDeletingService#0] INFO  interfaces.ContainerDeletionChoosingPolicyTemplate (ContainerDeletionChoosingPolicyTemplate.java:chooseContainerForBlockDeletion(83)) - Chosen 0/5000 blocks from 0 candidate containers.
2023-04-24 08:15:23,090 [BlockDeletingService#0] INFO  interfaces.ContainerDeletionChoosingPolicyTemplate (ContainerDeletionChoosingPolicyTemplate.java:chooseContainerForBlockDeletion(83)) - Chosen 0/5000 blocks from 0 candidate containers.
2023-04-24 08:15:23,190 [BlockDeletingService#0] INFO  interfaces.ContainerDeletionChoosingPolicyTemplate (ContainerDeletionChoosingPolicyTemplate.java:chooseContainerForBlockDeletion(83)) - Chosen 0/5000 blocks from 0 candidate containers.
2023-04-24 08:15:23,291 [BlockDeletingService#2] INFO  interfaces.ContainerDeletionChoosingPolicyTemplate (ContainerDeletionChoosingPolicyTemplate.java:chooseContainerForBlockDeletion(83)) - Chosen 0/5000 blocks from 0 candidate containers.
2023-04-24 08:15:23,391 [BlockDeletingService#1] INFO  interfaces.ContainerDeletionChoosingPolicyTemplate (ContainerDeletionChoosingPolicyTemplate.java:chooseContainerForBlockDeletion(83)) - Chosen 0/5000 blocks from 0 candidate containers.
2023-04-24 08:15:23,479 [EndpointStateMachine task thread for /0.0.0.0:34191 - 0 ] INFO  utils.DatanodeStoreCache (DatanodeStoreCache.java:addDB(58)) - Added db /home/runner/work/ozone/ozone/hadoop-ozone/integration-test/target/test-dir/MiniOzoneClusterImpl-f6153afd-65ae-4a30-a1a8-75442c8cb6d9/datanode-1/data-0/containers/hdds/f6153afd-65ae-4a30-a1a8-75442c8cb6d9/DS-ea6fa26b-51a1-4cba-8c49-441da44c0f54/container.db to cache
2023-04-24 08:15:23,479 [EndpointStateMachine task thread for /0.0.0.0:34191 - 0 ] INFO  volume.HddsVolume (HddsVolume.java:createDbStore(350)) - SchemaV3 db is created and loaded at /home/runner/work/ozone/ozone/hadoop-ozone/integration-test/target/test-dir/MiniOzoneClusterImpl-f6153afd-65ae-4a30-a1a8-75442c8cb6d9/datanode-1/data-0/containers/hdds/f6153afd-65ae-4a30-a1a8-75442c8cb6d9/DS-ea6fa26b-51a1-4cba-8c49-441da44c0f54/container.db for volume DS-ea6fa26b-51a1-4cba-8c49-441da44c0f54
2023-04-24 08:15:23,480 [EndpointStateMachine task thread for /0.0.0.0:34191 - 0 ] INFO  ozoneimpl.OzoneContainer (OzoneContainer.java:start(397)) - Attempting to start container services.
2023-04-24 08:15:23,483 [EndpointStateMachine task thread for /0.0.0.0:34191 - 0 ] INFO  ozoneimpl.OzoneContainer (OzoneContainer.java:startContainerScrub(314)) - Scheduled background container scanners and the on-demand container scanner have been disabled.
2023-04-24 08:15:23,485 [EndpointStateMachine task thread for /0.0.0.0:34191 - 0 ] INFO  replication.ReplicationServer (ReplicationServer.java:start(109)) - ReplicationServer is started using port 39187
2023-04-24 08:15:23,485 [EndpointStateMachine task thread for /0.0.0.0:34191 - 0 ] INFO  ratis.XceiverServerRatis (XceiverServerRatis.java:start(517)) - Starting XceiverServerRatis d7f67023-bd71-4164-8161-24a8eb75dffe
2023-04-24 08:15:23,487 [EndpointStateMachine task thread for /0.0.0.0:34191 - 0 ] INFO  server.RaftServer (RaftServerProxy.java:startImpl(393)) - d7f67023-bd71-4164-8161-24a8eb75dffe: start RPC server
2023-04-24 08:15:23,488 [EndpointStateMachine task thread for /0.0.0.0:34191 - 0 ] INFO  server.GrpcService (GrpcService.java:startImpl(262)) - d7f67023-bd71-4164-8161-24a8eb75dffe: GrpcService started, listening on 40717
2023-04-24 08:15:23,488 [JvmPauseMonitor2] INFO  util.JvmPauseMonitor (JvmPauseMonitor.java:run(105)) - JvmPauseMonitor-d7f67023-bd71-4164-8161-24a8eb75dffe: Started
2023-04-24 08:15:23,491 [EndpointStateMachine task thread for /0.0.0.0:34191 - 0 ] INFO  ratis.XceiverServerRatis (XceiverServerRatis.java:getRealPort(543)) - XceiverServerRatis d7f67023-bd71-4164-8161-24a8eb75dffe is started using port 40717 for RATIS
2023-04-24 08:15:23,491 [EndpointStateMachine task thread for /0.0.0.0:34191 - 0 ] INFO  ratis.XceiverServerRatis (XceiverServerRatis.java:getRealPort(543)) - XceiverServerRatis d7f67023-bd71-4164-8161-24a8eb75dffe is started using port 40717 for RATIS_ADMIN
2023-04-24 08:15:23,492 [EndpointStateMachine task thread for /0.0.0.0:34191 - 0 ] INFO  ratis.XceiverServerRatis (XceiverServerRatis.java:getRealPort(543)) - XceiverServerRatis d7f67023-bd71-4164-8161-24a8eb75dffe is started using port 40717 for RATIS_SERVER
2023-04-24 08:15:23,492 [EndpointStateMachine task thread for /0.0.0.0:34191 - 0 ] INFO  ratis.XceiverServerRatis (XceiverServerRatis.java:getRealPort(543)) - XceiverServerRatis d7f67023-bd71-4164-8161-24a8eb75dffe is started using port 32771 for RATIS_DATASTREAM
2023-04-24 08:15:23,492 [BlockDeletingService#0] INFO  interfaces.ContainerDeletionChoosingPolicyTemplate (ContainerDeletionChoosingPolicyTemplate.java:chooseContainerForBlockDeletion(83)) - Chosen 0/5000 blocks from 0 candidate containers.
2023-04-24 08:15:23,497 [EndpointStateMachine task thread for /0.0.0.0:34191 - 0 ] INFO  server.XceiverServerGrpc (XceiverServerGrpc.java:start(180)) - XceiverServerGrpc d7f67023-bd71-4164-8161-24a8eb75dffe is started using port 40759
2023-04-24 08:15:23,504 [BlockDeletingService#0] INFO  interfaces.ContainerDeletionChoosingPolicyTemplate (ContainerDeletionChoosingPolicyTemplate.java:chooseContainerForBlockDeletion(83)) - Chosen 0/5000 blocks from 0 candidate containers.
2023-04-24 08:15:23,592 [BlockDeletingService#3] INFO  interfaces.ContainerDeletionChoosingPolicyTemplate (ContainerDeletionChoosingPolicyTemplate.java:chooseContainerForBlockDeletion(83)) - Chosen 0/5000 blocks from 0 candidate containers.
2023-04-24 08:15:23,604 [BlockDeletingService#0] INFO  interfaces.ContainerDeletionChoosingPolicyTemplate (ContainerDeletionChoosingPolicyTemplate.java:chooseContainerForBlockDeletion(83)) - Chosen 0/5000 blocks from 0 candidate containers.
2023-04-24 08:15:23,692 [BlockDeletingService#2] INFO  interfaces.ContainerDeletionChoosingPolicyTemplate (ContainerDeletionChoosingPolicyTemplate.java:chooseContainerForBlockDeletion(83)) - Chosen 0/5000 blocks from 0 candidate containers.
2023-04-24 08:15:23,705 [BlockDeletingService#1] INFO  interfaces.ContainerDeletionChoosingPolicyTemplate (ContainerDeletionChoosingPolicyTemplate.java:chooseContainerForBlockDeletion(83)) - Chosen 0/5000 blocks from 0 candidate containers.
2023-04-24 08:15:23,793 [BlockDeletingService#4] INFO  interfaces.ContainerDeletionChoosingPolicyTemplate (ContainerDeletionChoosingPolicyTemplate.java:chooseContainerForBlockDeletion(83)) - Chosen 0/5000 blocks from 0 candidate containers.
2023-04-24 08:15:23,806 [BlockDeletingService#0] INFO  interfaces.ContainerDeletionChoosingPolicyTemplate (ContainerDeletionChoosingPolicyTemplate.java:chooseContainerForBlockDeletion(83)) - Chosen 0/5000 blocks from 0 candidate containers.
2023-04-24 08:15:23,893 [BlockDeletingService#1] INFO  interfaces.ContainerDeletionChoosingPolicyTemplate (ContainerDeletionChoosingPolicyTemplate.java:chooseContainerForBlockDeletion(83)) - Chosen 0/5000 blocks from 0 candidate containers.
2023-04-24 08:15:23,901 [Listener at 127.0.0.1/40959] INFO  ozone.MiniOzoneClusterImpl (MiniOzoneClusterImpl.java:lambda$waitForClusterToBeReady$0(223)) - Waiting for nodes to be ready. Got 0 of 3 DN Heartbeats.
2023-04-24 08:15:23,902 [Listener at 127.0.0.1/40959] INFO  ozone.MiniOzoneClusterImpl (MiniOzoneClusterImpl.java:lambda$waitForClusterToBeReady$0(226)) - Waiting for cluster to exit safe mode
2023-04-24 08:15:23,902 [Listener at 127.0.0.1/40959] INFO  ozone.MiniOzoneClusterImpl (MiniOzoneClusterImpl.java:lambda$waitForClusterToBeReady$0(228)) - SCM became leader
2023-04-24 08:15:23,906 [BlockDeletingService#2] INFO  interfaces.ContainerDeletionChoosingPolicyTemplate (ContainerDeletionChoosingPolicyTemplate.java:chooseContainerForBlockDeletion(83)) - Chosen 0/5000 blocks from 0 candidate containers.
2023-04-24 08:15:23,941 [EndpointStateMachine task thread for /0.0.0.0:34191 - 0 ] INFO  utils.DatanodeStoreCache (DatanodeStoreCache.java:addDB(58)) - Added db /home/runner/work/ozone/ozone/hadoop-ozone/integration-test/target/test-dir/MiniOzoneClusterImpl-f6153afd-65ae-4a30-a1a8-75442c8cb6d9/datanode-2/data-0/containers/hdds/f6153afd-65ae-4a30-a1a8-75442c8cb6d9/DS-819fb0f6-06c1-4dd8-82ec-76e449d45514/container.db to cache
2023-04-24 08:15:23,941 [EndpointStateMachine task thread for /0.0.0.0:34191 - 0 ] INFO  volume.HddsVolume (HddsVolume.java:createDbStore(350)) - SchemaV3 db is created and loaded at /home/runner/work/ozone/ozone/hadoop-ozone/integration-test/target/test-dir/MiniOzoneClusterImpl-f6153afd-65ae-4a30-a1a8-75442c8cb6d9/datanode-2/data-0/containers/hdds/f6153afd-65ae-4a30-a1a8-75442c8cb6d9/DS-819fb0f6-06c1-4dd8-82ec-76e449d45514/container.db for volume DS-819fb0f6-06c1-4dd8-82ec-76e449d45514
2023-04-24 08:15:23,941 [EndpointStateMachine task thread for /0.0.0.0:34191 - 0 ] INFO  ozoneimpl.OzoneContainer (OzoneContainer.java:start(397)) - Attempting to start container services.
2023-04-24 08:15:23,941 [EndpointStateMachine task thread for /0.0.0.0:34191 - 0 ] INFO  ozoneimpl.OzoneContainer (OzoneContainer.java:startContainerScrub(314)) - Scheduled background container scanners and the on-demand container scanner have been disabled.
2023-04-24 08:15:23,943 [EndpointStateMachine task thread for /0.0.0.0:34191 - 0 ] INFO  replication.ReplicationServer (ReplicationServer.java:start(109)) - ReplicationServer is started using port 36867
2023-04-24 08:15:23,943 [EndpointStateMachine task thread for /0.0.0.0:34191 - 0 ] INFO  ratis.XceiverServerRatis (XceiverServerRatis.java:start(517)) - Starting XceiverServerRatis 593f1123-fce2-46ce-a0f5-50a98353a86f
2023-04-24 08:15:23,944 [EndpointStateMachine task thread for /0.0.0.0:34191 - 0 ] INFO  server.RaftServer (RaftServerProxy.java:startImpl(393)) - 593f1123-fce2-46ce-a0f5-50a98353a86f: start RPC server
2023-04-24 08:15:23,945 [EndpointStateMachine task thread for /0.0.0.0:34191 - 0 ] INFO  server.GrpcService (GrpcService.java:startImpl(262)) - 593f1123-fce2-46ce-a0f5-50a98353a86f: GrpcService started, listening on 39617
2023-04-24 08:15:23,945 [EndpointStateMachine task thread for /0.0.0.0:34191 - 0 ] INFO  ratis.XceiverServerRatis (XceiverServerRatis.java:getRealPort(543)) - XceiverServerRatis 593f1123-fce2-46ce-a0f5-50a98353a86f is started using port 39617 for RATIS
2023-04-24 08:15:23,945 [JvmPauseMonitor3] INFO  util.JvmPauseMonitor (JvmPauseMonitor.java:run(105)) - JvmPauseMonitor-593f1123-fce2-46ce-a0f5-50a98353a86f: Started
2023-04-24 08:15:23,945 [EndpointStateMachine task thread for /0.0.0.0:34191 - 0 ] INFO  ratis.XceiverServerRatis (XceiverServerRatis.java:getRealPort(543)) - XceiverServerRatis 593f1123-fce2-46ce-a0f5-50a98353a86f is started using port 39617 for RATIS_ADMIN
2023-04-24 08:15:23,945 [EndpointStateMachine task thread for /0.0.0.0:34191 - 0 ] INFO  ratis.XceiverServerRatis (XceiverServerRatis.java:getRealPort(543)) - XceiverServerRatis 593f1123-fce2-46ce-a0f5-50a98353a86f is started using port 39617 for RATIS_SERVER
2023-04-24 08:15:23,945 [EndpointStateMachine task thread for /0.0.0.0:34191 - 0 ] INFO  ratis.XceiverServerRatis (XceiverServerRatis.java:getRealPort(543)) - XceiverServerRatis 593f1123-fce2-46ce-a0f5-50a98353a86f is started using port 33973 for RATIS_DATASTREAM
2023-04-24 08:15:23,948 [EndpointStateMachine task thread for /0.0.0.0:34191 - 0 ] INFO  server.XceiverServerGrpc (XceiverServerGrpc.java:start(180)) - XceiverServerGrpc 593f1123-fce2-46ce-a0f5-50a98353a86f is started using port 32953
2023-04-24 08:15:23,950 [BlockDeletingService#0] INFO  interfaces.ContainerDeletionChoosingPolicyTemplate (ContainerDeletionChoosingPolicyTemplate.java:chooseContainerForBlockDeletion(83)) - Chosen 0/5000 blocks from 0 candidate containers.
2023-04-24 08:15:23,993 [BlockDeletingService#1] INFO  interfaces.ContainerDeletionChoosingPolicyTemplate (ContainerDeletionChoosingPolicyTemplate.java:chooseContainerForBlockDeletion(83)) - Chosen 0/5000 blocks from 0 candidate containers.
2023-04-24 08:15:24,006 [BlockDeletingService#2] INFO  interfaces.ContainerDeletionChoosingPolicyTemplate (ContainerDeletionChoosingPolicyTemplate.java:chooseContainerForBlockDeletion(83)) - Chosen 0/5000 blocks from 0 candidate containers.
2023-04-24 08:15:24,050 [BlockDeletingService#0] INFO  interfaces.ContainerDeletionChoosingPolicyTemplate (ContainerDeletionChoosingPolicyTemplate.java:chooseContainerForBlockDeletion(83)) - Chosen 0/5000 blocks from 0 candidate containers.
2023-04-24 08:15:24,094 [BlockDeletingService#1] INFO  interfaces.ContainerDeletionChoosingPolicyTemplate (ContainerDeletionChoosingPolicyTemplate.java:chooseContainerForBlockDeletion(83)) - Chosen 0/5000 blocks from 0 candidate containers.
2023-04-24 08:15:24,106 [BlockDeletingService#3] INFO  interfaces.ContainerDeletionChoosingPolicyTemplate (ContainerDeletionChoosingPolicyTemplate.java:chooseContainerForBlockDeletion(83)) - Chosen 0/5000 blocks from 0 candidate containers.
2023-04-24 08:15:24,151 [BlockDeletingService#1] INFO  interfaces.ContainerDeletionChoosingPolicyTemplate (ContainerDeletionChoosingPolicyTemplate.java:chooseContainerForBlockDeletion(83)) - Chosen 0/5000 blocks from 0 candidate containers.
2023-04-24 08:15:24,194 [BlockDeletingService#1] INFO  interfaces.ContainerDeletionChoosingPolicyTemplate (ContainerDeletionChoosingPolicyTemplate.java:chooseContainerForBlockDeletion(83)) - Chosen 0/5000 blocks from 0 candidate containers.
2023-04-24 08:15:24,207 [BlockDeletingService#0] INFO  interfaces.ContainerDeletionChoosingPolicyTemplate (ContainerDeletionChoosingPolicyTemplate.java:chooseContainerForBlockDeletion(83)) - Chosen 0/5000 blocks from 0 candidate containers.
2023-04-24 08:15:24,251 [BlockDeletingService#0] INFO  interfaces.ContainerDeletionChoosingPolicyTemplate (ContainerDeletionChoosingPolicyTemplate.java:chooseContainerForBlockDeletion(83)) - Chosen 0/5000 blocks from 0 candidate containers.
2023-04-24 08:15:24,294 [BlockDeletingService#1] INFO  interfaces.ContainerDeletionChoosingPolicyTemplate (ContainerDeletionChoosingPolicyTemplate.java:chooseContainerForBlockDeletion(83)) - Chosen 0/5000 blocks from 0 candidate containers.
2023-04-24 08:15:24,307 [BlockDeletingService#4] INFO  interfaces.ContainerDeletionChoosingPolicyTemplate (ContainerDeletionChoosingPolicyTemplate.java:chooseContainerForBlockDeletion(83)) - Chosen 0/5000 blocks from 0 candidate containers.
2023-04-24 08:15:24,352 [BlockDeletingService#2] INFO  interfaces.ContainerDeletionChoosingPolicyTemplate (ContainerDeletionChoosingPolicyTemplate.java:chooseContainerForBlockDeletion(83)) - Chosen 0/5000 blocks from 0 candidate containers.
2023-04-24 08:15:24,394 [BlockDeletingService#1] INFO  interfaces.ContainerDeletionChoosingPolicyTemplate (ContainerDeletionChoosingPolicyTemplate.java:chooseContainerForBlockDeletion(83)) - Chosen 0/5000 blocks from 0 candidate containers.
2023-04-24 08:15:24,407 [BlockDeletingService#5] INFO  interfaces.ContainerDeletionChoosingPolicyTemplate (ContainerDeletionChoosingPolicyTemplate.java:chooseContainerForBlockDeletion(83)) - Chosen 0/5000 blocks from 0 candidate containers.
2023-04-24 08:15:24,452 [BlockDeletingService#1] INFO  interfaces.ContainerDeletionChoosingPolicyTemplate (ContainerDeletionChoosingPolicyTemplate.java:chooseContainerForBlockDeletion(83)) - Chosen 0/5000 blocks from 0 candidate containers.
2023-04-24 08:15:24,495 [BlockDeletingService#1] INFO  interfaces.ContainerDeletionChoosingPolicyTemplate (ContainerDeletionChoosingPolicyTemplate.java:chooseContainerForBlockDeletion(83)) - Chosen 0/5000 blocks from 0 candidate containers.
2023-04-24 08:15:24,507 [BlockDeletingService#5] INFO  interfaces.ContainerDeletionChoosingPolicyTemplate (ContainerDeletionChoosingPolicyTemplate.java:chooseContainerForBlockDeletion(83)) - Chosen 0/5000 blocks from 0 candidate containers.
2023-04-24 08:15:24,553 [BlockDeletingService#3] INFO  interfaces.ContainerDeletionChoosingPolicyTemplate (ContainerDeletionChoosingPolicyTemplate.java:chooseContainerForBlockDeletion(83)) - Chosen 0/5000 blocks from 0 candidate containers.
2023-04-24 08:15:24,595 [BlockDeletingService#1] INFO  interfaces.ContainerDeletionChoosingPolicyTemplate (ContainerDeletionChoosingPolicyTemplate.java:chooseContainerForBlockDeletion(83)) - Chosen 0/5000 blocks from 0 candidate containers.
2023-04-24 08:15:24,608 [BlockDeletingService#5] INFO  interfaces.ContainerDeletionChoosingPolicyTemplate (ContainerDeletionChoosingPolicyTemplate.java:chooseContainerForBlockDeletion(83)) - Chosen 0/5000 blocks from 0 candidate containers.
2023-04-24 08:15:24,653 [BlockDeletingService#0] INFO  interfaces.ContainerDeletionChoosingPolicyTemplate (ContainerDeletionChoosingPolicyTemplate.java:chooseContainerForBlockDeletion(83)) - Chosen 0/5000 blocks from 0 candidate containers.
2023-04-24 08:15:24,695 [BlockDeletingService#1] INFO  interfaces.ContainerDeletionChoosingPolicyTemplate (ContainerDeletionChoosingPolicyTemplate.java:chooseContainerForBlockDeletion(83)) - Chosen 0/5000 blocks from 0 candidate containers.
2023-04-24 08:15:24,708 [BlockDeletingService#5] INFO  interfaces.ContainerDeletionChoosingPolicyTemplate (ContainerDeletionChoosingPolicyTemplate.java:chooseContainerForBlockDeletion(83)) - Chosen 0/5000 blocks from 0 candidate containers.
2023-04-24 08:15:24,753 [BlockDeletingService#4] INFO  interfaces.ContainerDeletionChoosingPolicyTemplate (ContainerDeletionChoosingPolicyTemplate.java:chooseContainerForBlockDeletion(83)) - Chosen 0/5000 blocks from 0 candidate containers.
2023-04-24 08:15:24,796 [BlockDeletingService#1] INFO  interfaces.ContainerDeletionChoosingPolicyTemplate (ContainerDeletionChoosingPolicyTemplate.java:chooseContainerForBlockDeletion(83)) - Chosen 0/5000 blocks from 0 candidate containers.
2023-04-24 08:15:24,808 [BlockDeletingService#5] INFO  interfaces.ContainerDeletionChoosingPolicyTemplate (ContainerDeletionChoosingPolicyTemplate.java:chooseContainerForBlockDeletion(83)) - Chosen 0/5000 blocks from 0 candidate containers.
2023-04-24 08:15:24,853 [BlockDeletingService#2] INFO  interfaces.ContainerDeletionChoosingPolicyTemplate (ContainerDeletionChoosingPolicyTemplate.java:chooseContainerForBlockDeletion(83)) - Chosen 0/5000 blocks from 0 candidate containers.
2023-04-24 08:15:24,891 [IPC Server handler 1 on default port 34191] INFO  net.NetworkTopologyImpl (NetworkTopologyImpl.java:add(112)) - Added a new node: /default-rack/444322bb-4321-4e38-998a-96758a8a198b
2023-04-24 08:15:24,893 [IPC Server handler 1 on default port 34191] INFO  node.SCMNodeManager (SCMNodeManager.java:register(404)) - Registered Data node : 444322bb-4321-4e38-998a-96758a8a198b{ip: 10.1.0.80, host: fv-az212-956.zlodpucb4l4udavnfxg5s20dva.cx.internal.cloudapp.net, ports: [HTTP=45829, REPLICATION=33695, RATIS=39889, RATIS_ADMIN=39889, RATIS_SERVER=39889, RATIS_DATASTREAM=39479, STANDALONE=42927], networkLocation: /default-rack, certSerialId: null, persistedOpState: null, persistedOpStateExpiryEpochSec: 0}
2023-04-24 08:15:24,899 [BlockDeletingService#1] INFO  interfaces.ContainerDeletionChoosingPolicyTemplate (ContainerDeletionChoosingPolicyTemplate.java:chooseContainerForBlockDeletion(83)) - Chosen 0/5000 blocks from 0 candidate containers.
2023-04-24 08:15:24,902 [Listener at 127.0.0.1/40959] INFO  ozone.MiniOzoneClusterImpl (MiniOzoneClusterImpl.java:lambda$waitForClusterToBeReady$0(223)) - Waiting for nodes to be ready. Got 1 of 3 DN Heartbeats.
2023-04-24 08:15:24,903 [Listener at 127.0.0.1/40959] INFO  ozone.MiniOzoneClusterImpl (MiniOzoneClusterImpl.java:lambda$waitForClusterToBeReady$0(226)) - Waiting for cluster to exit safe mode
2023-04-24 08:15:24,904 [Listener at 127.0.0.1/40959] INFO  ozone.MiniOzoneClusterImpl (MiniOzoneClusterImpl.java:lambda$waitForClusterToBeReady$0(228)) - SCM became leader
2023-04-24 08:15:24,908 [EventQueue-NewNodeForNewNodeHandler] INFO  pipeline.BackgroundPipelineCreator (BackgroundPipelineCreator.java:notifyEventTriggered(276)) - trigger a one-shot run on RatisPipelineUtilsThread.
2023-04-24 08:15:24,908 [BlockDeletingService#5] INFO  interfaces.ContainerDeletionChoosingPolicyTemplate (ContainerDeletionChoosingPolicyTemplate.java:chooseContainerForBlockDeletion(83)) - Chosen 0/5000 blocks from 0 candidate containers.
2023-04-24 08:15:24,915 [EventQueue-NodeRegistrationContainerReportForDataNodeSafeModeRule] INFO  safemode.SCMSafeModeManager (DataNodeSafeModeRule.java:process(71)) - SCM in safe mode. 1 DataNodes registered, 3 required.
2023-04-24 08:15:24,919 [EventQueue-NodeRegistrationContainerReportForContainerSafeModeRule] INFO  safemode.SCMSafeModeManager (SCMSafeModeManager.java:validateSafeModeExitRules(200)) - ContainerSafeModeRule rule is successfully validated
2023-04-24 08:15:24,922 [RatisPipelineUtilsThread - 0] INFO  pipeline.RatisPipelineProvider (RatisPipelineProvider.java:lambda$create$0(206)) - Sending CreatePipelineCommand for pipeline:PipelineID=d459d7c8-a3fe-421f-8e51-a37290db4e1b to datanode:444322bb-4321-4e38-998a-96758a8a198b
2023-04-24 08:15:24,923 [EventQueue-PipelineReportForOneReplicaPipelineSafeModeRule] INFO  safemode.SCMSafeModeManager (SCMSafeModeManager.java:validateSafeModeExitRules(200)) - AtleastOneDatanodeReportedRule rule is successfully validated
2023-04-24 08:15:24,949 [RatisPipelineUtilsThread - 0] INFO  pipeline.PipelineStateManagerImpl (PipelineStateManagerImpl.java:addPipeline(103)) - Created pipeline Pipeline[ Id: d459d7c8-a3fe-421f-8e51-a37290db4e1b, Nodes: 444322bb-4321-4e38-998a-96758a8a198b(fv-az212-956.zlodpucb4l4udavnfxg5s20dva.cx.internal.cloudapp.net/10.1.0.80), ReplicationConfig: RATIS/ONE, State:ALLOCATED, leaderId:, CreationTimestamp2023-04-24T08:15:24.915Z[Etc/UTC]].
2023-04-24 08:15:24,954 [BlockDeletingService#2] INFO  interfaces.ContainerDeletionChoosingPolicyTemplate (ContainerDeletionChoosingPolicyTemplate.java:chooseContainerForBlockDeletion(83)) - Chosen 0/5000 blocks from 0 candidate containers.
2023-04-24 08:15:25,000 [BlockDeletingService#1] INFO  interfaces.ContainerDeletionChoosingPolicyTemplate (ContainerDeletionChoosingPolicyTemplate.java:chooseContainerForBlockDeletion(83)) - Chosen 0/5000 blocks from 0 candidate containers.
2023-04-24 08:15:25,009 [BlockDeletingService#5] INFO  interfaces.ContainerDeletionChoosingPolicyTemplate (ContainerDeletionChoosingPolicyTemplate.java:chooseContainerForBlockDeletion(83)) - Chosen 0/5000 blocks from 0 candidate containers.
2023-04-24 08:15:25,054 [BlockDeletingService#2] INFO  interfaces.ContainerDeletionChoosingPolicyTemplate (ContainerDeletionChoosingPolicyTemplate.java:chooseContainerForBlockDeletion(83)) - Chosen 0/5000 blocks from 0 candidate containers.
2023-04-24 08:15:25,100 [BlockDeletingService#1] INFO  interfaces.ContainerDeletionChoosingPolicyTemplate (ContainerDeletionChoosingPolicyTemplate.java:chooseContainerForBlockDeletion(83)) - Chosen 0/5000 blocks from 0 candidate containers.
2023-04-24 08:15:25,109 [BlockDeletingService#5] INFO  interfaces.ContainerDeletionChoosingPolicyTemplate (ContainerDeletionChoosingPolicyTemplate.java:chooseContainerForBlockDeletion(83)) - Chosen 0/5000 blocks from 0 candidate containers.
2023-04-24 08:15:25,154 [BlockDeletingService#2] INFO  interfaces.ContainerDeletionChoosingPolicyTemplate (ContainerDeletionChoosingPolicyTemplate.java:chooseContainerForBlockDeletion(83)) - Chosen 0/5000 blocks from 0 candidate containers.
2023-04-24 08:15:25,200 [BlockDeletingService#1] INFO  interfaces.ContainerDeletionChoosingPolicyTemplate (ContainerDeletionChoosingPolicyTemplate.java:chooseContainerForBlockDeletion(83)) - Chosen 0/5000 blocks from 0 candidate containers.
2023-04-24 08:15:25,209 [BlockDeletingService#5] INFO  interfaces.ContainerDeletionChoosingPolicyTemplate (ContainerDeletionChoosingPolicyTemplate.java:chooseContainerForBlockDeletion(83)) - Chosen 0/5000 blocks from 0 candidate containers.
2023-04-24 08:15:25,254 [BlockDeletingService#2] INFO  interfaces.ContainerDeletionChoosingPolicyTemplate (ContainerDeletionChoosingPolicyTemplate.java:chooseContainerForBlockDeletion(83)) - Chosen 0/5000 blocks from 0 candidate containers.
2023-04-24 08:15:25,300 [BlockDeletingService#1] INFO  interfaces.ContainerDeletionChoosingPolicyTemplate (ContainerDeletionChoosingPolicyTemplate.java:chooseContainerForBlockDeletion(83)) - Chosen 0/5000 blocks from 0 candidate containers.
2023-04-24 08:15:25,309 [BlockDeletingService#5] INFO  interfaces.ContainerDeletionChoosingPolicyTemplate (ContainerDeletionChoosingPolicyTemplate.java:chooseContainerForBlockDeletion(83)) - Chosen 0/5000 blocks from 0 candidate containers.
2023-04-24 08:15:25,355 [BlockDeletingService#2] INFO  interfaces.ContainerDeletionChoosingPolicyTemplate (ContainerDeletionChoosingPolicyTemplate.java:chooseContainerForBlockDeletion(83)) - Chosen 0/5000 blocks from 0 candidate containers.
2023-04-24 08:15:25,401 [BlockDeletingService#1] INFO  interfaces.ContainerDeletionChoosingPolicyTemplate (ContainerDeletionChoosingPolicyTemplate.java:chooseContainerForBlockDeletion(83)) - Chosen 0/5000 blocks from 0 candidate containers.
2023-04-24 08:15:25,409 [BlockDeletingService#5] INFO  interfaces.ContainerDeletionChoosingPolicyTemplate (ContainerDeletionChoosingPolicyTemplate.java:chooseContainerForBlockDeletion(83)) - Chosen 0/5000 blocks from 0 candidate containers.
2023-04-24 08:15:25,450 [IPC Server handler 1 on default port 34191] INFO  net.NetworkTopologyImpl (NetworkTopologyImpl.java:add(112)) - Added a new node: /default-rack/d7f67023-bd71-4164-8161-24a8eb75dffe
2023-04-24 08:15:25,451 [IPC Server handler 1 on default port 34191] INFO  node.SCMNodeManager (SCMNodeManager.java:register(404)) - Registered Data node : d7f67023-bd71-4164-8161-24a8eb75dffe{ip: 10.1.0.80, host: fv-az212-956.zlodpucb4l4udavnfxg5s20dva.cx.internal.cloudapp.net, ports: [HTTP=35223, REPLICATION=39187, RATIS=40717, RATIS_ADMIN=40717, RATIS_SERVER=40717, RATIS_DATASTREAM=32771, STANDALONE=40759], networkLocation: /default-rack, certSerialId: null, persistedOpState: null, persistedOpStateExpiryEpochSec: 0}
2023-04-24 08:15:25,451 [EventQueue-NodeRegistrationContainerReportForDataNodeSafeModeRule] INFO  safemode.SCMSafeModeManager (DataNodeSafeModeRule.java:process(71)) - SCM in safe mode. 2 DataNodes registered, 3 required.
2023-04-24 08:15:25,452 [EventQueue-NewNodeForNewNodeHandler] INFO  pipeline.BackgroundPipelineCreator (BackgroundPipelineCreator.java:notifyEventTriggered(276)) - trigger a one-shot run on RatisPipelineUtilsThread.
2023-04-24 08:15:25,453 [RatisPipelineUtilsThread - 0] INFO  pipeline.RatisPipelineProvider (RatisPipelineProvider.java:lambda$create$0(206)) - Sending CreatePipelineCommand for pipeline:PipelineID=710e0519-16a5-4108-b64d-255fca681ca6 to datanode:d7f67023-bd71-4164-8161-24a8eb75dffe
2023-04-24 08:15:25,454 [RatisPipelineUtilsThread - 0] INFO  pipeline.PipelineStateManagerImpl (PipelineStateManagerImpl.java:addPipeline(103)) - Created pipeline Pipeline[ Id: 710e0519-16a5-4108-b64d-255fca681ca6, Nodes: d7f67023-bd71-4164-8161-24a8eb75dffe(fv-az212-956.zlodpucb4l4udavnfxg5s20dva.cx.internal.cloudapp.net/10.1.0.80), ReplicationConfig: RATIS/ONE, State:ALLOCATED, leaderId:, CreationTimestamp2023-04-24T08:15:25.453Z[Etc/UTC]].
2023-04-24 08:15:25,455 [BlockDeletingService#2] INFO  interfaces.ContainerDeletionChoosingPolicyTemplate (ContainerDeletionChoosingPolicyTemplate.java:chooseContainerForBlockDeletion(83)) - Chosen 0/5000 blocks from 0 candidate containers.
2023-04-24 08:15:25,501 [BlockDeletingService#1] INFO  interfaces.ContainerDeletionChoosingPolicyTemplate (ContainerDeletionChoosingPolicyTemplate.java:chooseContainerForBlockDeletion(83)) - Chosen 0/5000 blocks from 0 candidate containers.
2023-04-24 08:15:25,510 [BlockDeletingService#5] INFO  interfaces.ContainerDeletionChoosingPolicyTemplate (ContainerDeletionChoosingPolicyTemplate.java:chooseContainerForBlockDeletion(83)) - Chosen 0/5000 blocks from 0 candidate containers.
2023-04-24 08:15:25,556 [BlockDeletingService#2] INFO  interfaces.ContainerDeletionChoosingPolicyTemplate (ContainerDeletionChoosingPolicyTemplate.java:chooseContainerForBlockDeletion(83)) - Chosen 0/5000 blocks from 0 candidate containers.
2023-04-24 08:15:25,601 [BlockDeletingService#1] INFO  interfaces.ContainerDeletionChoosingPolicyTemplate (ContainerDeletionChoosingPolicyTemplate.java:chooseContainerForBlockDeletion(83)) - Chosen 0/5000 blocks from 0 candidate containers.
2023-04-24 08:15:25,610 [BlockDeletingService#5] INFO  interfaces.ContainerDeletionChoosingPolicyTemplate (ContainerDeletionChoosingPolicyTemplate.java:chooseContainerForBlockDeletion(83)) - Chosen 0/5000 blocks from 0 candidate containers.
2023-04-24 08:15:25,656 [BlockDeletingService#2] INFO  interfaces.ContainerDeletionChoosingPolicyTemplate (ContainerDeletionChoosingPolicyTemplate.java:chooseContainerForBlockDeletion(83)) - Chosen 0/5000 blocks from 0 candidate containers.
2023-04-24 08:15:25,702 [BlockDeletingService#1] INFO  interfaces.ContainerDeletionChoosingPolicyTemplate (ContainerDeletionChoosingPolicyTemplate.java:chooseContainerForBlockDeletion(83)) - Chosen 0/5000 blocks from 0 candidate containers.
2023-04-24 08:15:25,710 [BlockDeletingService#5] INFO  interfaces.ContainerDeletionChoosingPolicyTemplate (ContainerDeletionChoosingPolicyTemplate.java:chooseContainerForBlockDeletion(83)) - Chosen 0/5000 blocks from 0 candidate containers.
2023-04-24 08:15:25,756 [BlockDeletingService#2] INFO  interfaces.ContainerDeletionChoosingPolicyTemplate (ContainerDeletionChoosingPolicyTemplate.java:chooseContainerForBlockDeletion(83)) - Chosen 0/5000 blocks from 0 candidate containers.
2023-04-24 08:15:25,802 [BlockDeletingService#1] INFO  interfaces.ContainerDeletionChoosingPolicyTemplate (ContainerDeletionChoosingPolicyTemplate.java:chooseContainerForBlockDeletion(83)) - Chosen 0/5000 blocks from 0 candidate containers.
2023-04-24 08:15:25,810 [BlockDeletingService#5] INFO  interfaces.ContainerDeletionChoosingPolicyTemplate (ContainerDeletionChoosingPolicyTemplate.java:chooseContainerForBlockDeletion(83)) - Chosen 0/5000 blocks from 0 candidate containers.
2023-04-24 08:15:25,856 [BlockDeletingService#2] INFO  interfaces.ContainerDeletionChoosingPolicyTemplate (ContainerDeletionChoosingPolicyTemplate.java:chooseContainerForBlockDeletion(83)) - Chosen 0/5000 blocks from 0 candidate containers.
2023-04-24 08:15:25,902 [BlockDeletingService#1] INFO  interfaces.ContainerDeletionChoosingPolicyTemplate (ContainerDeletionChoosingPolicyTemplate.java:chooseContainerForBlockDeletion(83)) - Chosen 0/5000 blocks from 0 candidate containers.
2023-04-24 08:15:25,904 [Listener at 127.0.0.1/40959] INFO  ozone.MiniOzoneClusterImpl (MiniOzoneClusterImpl.java:lambda$waitForClusterToBeReady$0(223)) - Waiting for nodes to be ready. Got 2 of 3 DN Heartbeats.
2023-04-24 08:15:25,904 [Listener at 127.0.0.1/40959] INFO  ozone.MiniOzoneClusterImpl (MiniOzoneClusterImpl.java:lambda$waitForClusterToBeReady$0(226)) - Waiting for cluster to exit safe mode
2023-04-24 08:15:25,904 [Listener at 127.0.0.1/40959] INFO  ozone.MiniOzoneClusterImpl (MiniOzoneClusterImpl.java:lambda$waitForClusterToBeReady$0(228)) - SCM became leader
2023-04-24 08:15:25,910 [IPC Server handler 2 on default port 34191] INFO  net.NetworkTopologyImpl (NetworkTopologyImpl.java:add(112)) - Added a new node: /default-rack/593f1123-fce2-46ce-a0f5-50a98353a86f
2023-04-24 08:15:25,910 [IPC Server handler 2 on default port 34191] INFO  node.SCMNodeManager (SCMNodeManager.java:register(404)) - Registered Data node : 593f1123-fce2-46ce-a0f5-50a98353a86f{ip: 10.1.0.80, host: fv-az212-956.zlodpucb4l4udavnfxg5s20dva.cx.internal.cloudapp.net, ports: [HTTP=43031, REPLICATION=36867, RATIS=39617, RATIS_ADMIN=39617, RATIS_SERVER=39617, RATIS_DATASTREAM=33973, STANDALONE=32953], networkLocation: /default-rack, certSerialId: null, persistedOpState: null, persistedOpStateExpiryEpochSec: 0}
2023-04-24 08:15:25,910 [EventQueue-NewNodeForNewNodeHandler] INFO  pipeline.BackgroundPipelineCreator (BackgroundPipelineCreator.java:notifyEventTriggered(276)) - trigger a one-shot run on RatisPipelineUtilsThread.
2023-04-24 08:15:25,911 [EventQueue-NodeRegistrationContainerReportForDataNodeSafeModeRule] INFO  safemode.SCMSafeModeManager (DataNodeSafeModeRule.java:process(71)) - SCM in safe mode. 3 DataNodes registered, 3 required.
2023-04-24 08:15:25,912 [EventQueue-NodeRegistrationContainerReportForDataNodeSafeModeRule] INFO  safemode.SCMSafeModeManager (SCMSafeModeManager.java:validateSafeModeExitRules(200)) - DataNodeSafeModeRule rule is successfully validated
2023-04-24 08:15:25,911 [RatisPipelineUtilsThread - 0] INFO  pipeline.RatisPipelineProvider (RatisPipelineProvider.java:lambda$create$0(206)) - Sending CreatePipelineCommand for pipeline:PipelineID=bc57abd0-3d16-4ace-b638-817edbf5072e to datanode:593f1123-fce2-46ce-a0f5-50a98353a86f
2023-04-24 08:15:25,911 [BlockDeletingService#5] INFO  interfaces.ContainerDeletionChoosingPolicyTemplate (ContainerDeletionChoosingPolicyTemplate.java:chooseContainerForBlockDeletion(83)) - Chosen 0/5000 blocks from 0 candidate containers.
2023-04-24 08:15:25,912 [EventQueue-NodeRegistrationContainerReportForDataNodeSafeModeRule] INFO  safemode.SCMSafeModeManager (SCMSafeModeManager.java:completePreCheck(229)) - All SCM safe mode pre check rules have passed
2023-04-24 08:15:25,912 [EventQueue-NodeRegistrationContainerReportForDataNodeSafeModeRule] INFO  ha.SCMContext (SCMContext.java:updateSafeModeStatus(228)) - Update SafeModeStatus from SafeModeStatus{safeModeStatus=true, preCheckPassed=false} to SafeModeStatus{safeModeStatus=true, preCheckPassed=true}.
2023-04-24 08:15:25,912 [EventQueue-NodeRegistrationContainerReportForDataNodeSafeModeRule] INFO  pipeline.BackgroundPipelineCreator (BackgroundPipelineCreator.java:notifyEventTriggered(276)) - trigger a one-shot run on RatisPipelineUtilsThread.
2023-04-24 08:15:25,913 [RatisPipelineUtilsThread - 0] INFO  pipeline.PipelineStateManagerImpl (PipelineStateManagerImpl.java:addPipeline(103)) - Created pipeline Pipeline[ Id: bc57abd0-3d16-4ace-b638-817edbf5072e, Nodes: 593f1123-fce2-46ce-a0f5-50a98353a86f(fv-az212-956.zlodpucb4l4udavnfxg5s20dva.cx.internal.cloudapp.net/10.1.0.80), ReplicationConfig: RATIS/ONE, State:ALLOCATED, leaderId:, CreationTimestamp2023-04-24T08:15:25.911Z[Etc/UTC]].
2023-04-24 08:15:25,916 [RatisPipelineUtilsThread - 0] INFO  pipeline.RatisPipelineProvider (RatisPipelineProvider.java:lambda$create$0(206)) - Sending CreatePipelineCommand for pipeline:PipelineID=28a339a4-75ef-4360-898e-2c65884d69a9 to datanode:444322bb-4321-4e38-998a-96758a8a198b
2023-04-24 08:15:25,916 [RatisPipelineUtilsThread - 0] INFO  pipeline.RatisPipelineProvider (RatisPipelineProvider.java:lambda$create$0(206)) - Sending CreatePipelineCommand for pipeline:PipelineID=28a339a4-75ef-4360-898e-2c65884d69a9 to datanode:593f1123-fce2-46ce-a0f5-50a98353a86f
2023-04-24 08:15:25,916 [RatisPipelineUtilsThread - 0] INFO  pipeline.RatisPipelineProvider (RatisPipelineProvider.java:lambda$create$0(206)) - Sending CreatePipelineCommand for pipeline:PipelineID=28a339a4-75ef-4360-898e-2c65884d69a9 to datanode:d7f67023-bd71-4164-8161-24a8eb75dffe
2023-04-24 08:15:25,917 [RatisPipelineUtilsThread - 0] INFO  pipeline.PipelineStateManagerImpl (PipelineStateManagerImpl.java:addPipeline(103)) - Created pipeline Pipeline[ Id: 28a339a4-75ef-4360-898e-2c65884d69a9, Nodes: 444322bb-4321-4e38-998a-96758a8a198b(fv-az212-956.zlodpucb4l4udavnfxg5s20dva.cx.internal.cloudapp.net/10.1.0.80)593f1123-fce2-46ce-a0f5-50a98353a86f(fv-az212-956.zlodpucb4l4udavnfxg5s20dva.cx.internal.cloudapp.net/10.1.0.80)d7f67023-bd71-4164-8161-24a8eb75dffe(fv-az212-956.zlodpucb4l4udavnfxg5s20dva.cx.internal.cloudapp.net/10.1.0.80), ReplicationConfig: RATIS/THREE, State:ALLOCATED, leaderId:, CreationTimestamp2023-04-24T08:15:25.916Z[Etc/UTC]].
2023-04-24 08:15:25,918 [RatisPipelineUtilsThread - 0] WARN  pipeline.PipelinePlacementPolicy (PipelinePlacementPolicy.java:filterViableNodes(160)) - Pipeline creation failed due to no sufficient healthy datanodes. Required 3. Found 0. Excluded 3.
2023-04-24 08:15:25,919 [RatisPipelineUtilsThread - 0] WARN  pipeline.PipelinePlacementPolicy (PipelinePlacementPolicy.java:filterViableNodes(160)) - Pipeline creation failed due to no sufficient healthy datanodes. Required 3. Found 0. Excluded 3.
2023-04-24 08:15:25,957 [BlockDeletingService#2] INFO  interfaces.ContainerDeletionChoosingPolicyTemplate (ContainerDeletionChoosingPolicyTemplate.java:chooseContainerForBlockDeletion(83)) - Chosen 0/5000 blocks from 0 candidate containers.
2023-04-24 08:15:26,002 [BlockDeletingService#1] INFO  interfaces.ContainerDeletionChoosingPolicyTemplate (ContainerDeletionChoosingPolicyTemplate.java:chooseContainerForBlockDeletion(83)) - Chosen 0/5000 blocks from 0 candidate containers.
2023-04-24 08:15:26,012 [BlockDeletingService#5] INFO  interfaces.ContainerDeletionChoosingPolicyTemplate (ContainerDeletionChoosingPolicyTemplate.java:chooseContainerForBlockDeletion(83)) - Chosen 0/5000 blocks from 0 candidate containers.
2023-04-24 08:15:26,057 [BlockDeletingService#2] INFO  interfaces.ContainerDeletionChoosingPolicyTemplate (ContainerDeletionChoosingPolicyTemplate.java:chooseContainerForBlockDeletion(83)) - Chosen 0/5000 blocks from 0 candidate containers.
2023-04-24 08:15:26,103 [BlockDeletingService#1] INFO  interfaces.ContainerDeletionChoosingPolicyTemplate (ContainerDeletionChoosingPolicyTemplate.java:chooseContainerForBlockDeletion(83)) - Chosen 0/5000 blocks from 0 candidate containers.
2023-04-24 08:15:26,112 [BlockDeletingService#5] INFO  interfaces.ContainerDeletionChoosingPolicyTemplate (ContainerDeletionChoosingPolicyTemplate.java:chooseContainerForBlockDeletion(83)) - Chosen 0/5000 blocks from 0 candidate containers.
2023-04-24 08:15:26,158 [BlockDeletingService#2] INFO  interfaces.ContainerDeletionChoosingPolicyTemplate (ContainerDeletionChoosingPolicyTemplate.java:chooseContainerForBlockDeletion(83)) - Chosen 0/5000 blocks from 0 candidate containers.
2023-04-24 08:15:26,203 [BlockDeletingService#1] INFO  interfaces.ContainerDeletionChoosingPolicyTemplate (ContainerDeletionChoosingPolicyTemplate.java:chooseContainerForBlockDeletion(83)) - Chosen 0/5000 blocks from 0 candidate containers.
2023-04-24 08:15:26,213 [BlockDeletingService#5] INFO  interfaces.ContainerDeletionChoosingPolicyTemplate (ContainerDeletionChoosingPolicyTemplate.java:chooseContainerForBlockDeletion(83)) - Chosen 0/5000 blocks from 0 candidate containers.
2023-04-24 08:15:26,258 [BlockDeletingService#2] INFO  interfaces.ContainerDeletionChoosingPolicyTemplate (ContainerDeletionChoosingPolicyTemplate.java:chooseContainerForBlockDeletion(83)) - Chosen 0/5000 blocks from 0 candidate containers.
2023-04-24 08:15:26,303 [BlockDeletingService#1] INFO  interfaces.ContainerDeletionChoosingPolicyTemplate (ContainerDeletionChoosingPolicyTemplate.java:chooseContainerForBlockDeletion(83)) - Chosen 0/5000 blocks from 0 candidate containers.
2023-04-24 08:15:26,313 [BlockDeletingService#5] INFO  interfaces.ContainerDeletionChoosingPolicyTemplate (ContainerDeletionChoosingPolicyTemplate.java:chooseContainerForBlockDeletion(83)) - Chosen 0/5000 blocks from 0 candidate containers.
2023-04-24 08:15:26,358 [BlockDeletingService#2] INFO  interfaces.ContainerDeletionChoosingPolicyTemplate (ContainerDeletionChoosingPolicyTemplate.java:chooseContainerForBlockDeletion(83)) - Chosen 0/5000 blocks from 0 candidate containers.
2023-04-24 08:15:26,404 [BlockDeletingService#1] INFO  interfaces.ContainerDeletionChoosingPolicyTemplate (ContainerDeletionChoosingPolicyTemplate.java:chooseContainerForBlockDeletion(83)) - Chosen 0/5000 blocks from 0 candidate containers.
2023-04-24 08:15:26,413 [BlockDeletingService#5] INFO  interfaces.ContainerDeletionChoosingPolicyTemplate (ContainerDeletionChoosingPolicyTemplate.java:chooseContainerForBlockDeletion(83)) - Chosen 0/5000 blocks from 0 candidate containers.
2023-04-24 08:15:26,459 [BlockDeletingService#2] INFO  interfaces.ContainerDeletionChoosingPolicyTemplate (ContainerDeletionChoosingPolicyTemplate.java:chooseContainerForBlockDeletion(83)) - Chosen 0/5000 blocks from 0 candidate containers.
2023-04-24 08:15:26,504 [BlockDeletingService#1] INFO  interfaces.ContainerDeletionChoosingPolicyTemplate (ContainerDeletionChoosingPolicyTemplate.java:chooseContainerForBlockDeletion(83)) - Chosen 0/5000 blocks from 0 candidate containers.
2023-04-24 08:15:26,513 [BlockDeletingService#5] INFO  interfaces.ContainerDeletionChoosingPolicyTemplate (ContainerDeletionChoosingPolicyTemplate.java:chooseContainerForBlockDeletion(83)) - Chosen 0/5000 blocks from 0 candidate containers.
2023-04-24 08:15:26,559 [BlockDeletingService#2] INFO  interfaces.ContainerDeletionChoosingPolicyTemplate (ContainerDeletionChoosingPolicyTemplate.java:chooseContainerForBlockDeletion(83)) - Chosen 0/5000 blocks from 0 candidate containers.
2023-04-24 08:15:26,604 [BlockDeletingService#1] INFO  interfaces.ContainerDeletionChoosingPolicyTemplate (ContainerDeletionChoosingPolicyTemplate.java:chooseContainerForBlockDeletion(83)) - Chosen 0/5000 blocks from 0 candidate containers.
2023-04-24 08:15:26,614 [BlockDeletingService#5] INFO  interfaces.ContainerDeletionChoosingPolicyTemplate (ContainerDeletionChoosingPolicyTemplate.java:chooseContainerForBlockDeletion(83)) - Chosen 0/5000 blocks from 0 candidate containers.
2023-04-24 08:15:26,659 [BlockDeletingService#2] INFO  interfaces.ContainerDeletionChoosingPolicyTemplate (ContainerDeletionChoosingPolicyTemplate.java:chooseContainerForBlockDeletion(83)) - Chosen 0/5000 blocks from 0 candidate containers.
2023-04-24 08:15:26,705 [BlockDeletingService#1] INFO  interfaces.ContainerDeletionChoosingPolicyTemplate (ContainerDeletionChoosingPolicyTemplate.java:chooseContainerForBlockDeletion(83)) - Chosen 0/5000 blocks from 0 candidate containers.
2023-04-24 08:15:26,714 [BlockDeletingService#5] INFO  interfaces.ContainerDeletionChoosingPolicyTemplate (ContainerDeletionChoosingPolicyTemplate.java:chooseContainerForBlockDeletion(83)) - Chosen 0/5000 blocks from 0 candidate containers.
2023-04-24 08:15:26,759 [BlockDeletingService#2] INFO  interfaces.ContainerDeletionChoosingPolicyTemplate (ContainerDeletionChoosingPolicyTemplate.java:chooseContainerForBlockDeletion(83)) - Chosen 0/5000 blocks from 0 candidate containers.
2023-04-24 08:15:26,805 [BlockDeletingService#1] INFO  interfaces.ContainerDeletionChoosingPolicyTemplate (ContainerDeletionChoosingPolicyTemplate.java:chooseContainerForBlockDeletion(83)) - Chosen 0/5000 blocks from 0 candidate containers.
2023-04-24 08:15:26,814 [BlockDeletingService#5] INFO  interfaces.ContainerDeletionChoosingPolicyTemplate (ContainerDeletionChoosingPolicyTemplate.java:chooseContainerForBlockDeletion(83)) - Chosen 0/5000 blocks from 0 candidate containers.
2023-04-24 08:15:26,860 [BlockDeletingService#2] INFO  interfaces.ContainerDeletionChoosingPolicyTemplate (ContainerDeletionChoosingPolicyTemplate.java:chooseContainerForBlockDeletion(83)) - Chosen 0/5000 blocks from 0 candidate containers.
2023-04-24 08:15:26,904 [Listener at 127.0.0.1/40959] INFO  ozone.MiniOzoneClusterImpl (MiniOzoneClusterImpl.java:lambda$waitForClusterToBeReady$0(223)) - Nodes are ready. Got 3 of 3 DN Heartbeats.
2023-04-24 08:15:26,904 [Listener at 127.0.0.1/40959] INFO  ozone.MiniOzoneClusterImpl (MiniOzoneClusterImpl.java:lambda$waitForClusterToBeReady$0(226)) - Waiting for cluster to exit safe mode
2023-04-24 08:15:26,904 [Listener at 127.0.0.1/40959] INFO  ozone.MiniOzoneClusterImpl (MiniOzoneClusterImpl.java:lambda$waitForClusterToBeReady$0(228)) - SCM became leader
2023-04-24 08:15:26,905 [BlockDeletingService#1] INFO  interfaces.ContainerDeletionChoosingPolicyTemplate (ContainerDeletionChoosingPolicyTemplate.java:chooseContainerForBlockDeletion(83)) - Chosen 0/5000 blocks from 0 candidate containers.
2023-04-24 08:15:26,914 [BlockDeletingService#5] INFO  interfaces.ContainerDeletionChoosingPolicyTemplate (ContainerDeletionChoosingPolicyTemplate.java:chooseContainerForBlockDeletion(83)) - Chosen 0/5000 blocks from 0 candidate containers.
2023-04-24 08:15:26,960 [BlockDeletingService#2] INFO  interfaces.ContainerDeletionChoosingPolicyTemplate (ContainerDeletionChoosingPolicyTemplate.java:chooseContainerForBlockDeletion(83)) - Chosen 0/5000 blocks from 0 candidate containers.
2023-04-24 08:15:27,005 [BlockDeletingService#1] INFO  interfaces.ContainerDeletionChoosingPolicyTemplate (ContainerDeletionChoosingPolicyTemplate.java:chooseContainerForBlockDeletion(83)) - Chosen 0/5000 blocks from 0 candidate containers.
2023-04-24 08:15:27,014 [BlockDeletingService#5] INFO  interfaces.ContainerDeletionChoosingPolicyTemplate (ContainerDeletionChoosingPolicyTemplate.java:chooseContainerForBlockDeletion(83)) - Chosen 0/5000 blocks from 0 candidate containers.
2023-04-24 08:15:27,060 [BlockDeletingService#2] INFO  interfaces.ContainerDeletionChoosingPolicyTemplate (ContainerDeletionChoosingPolicyTemplate.java:chooseContainerForBlockDeletion(83)) - Chosen 0/5000 blocks from 0 candidate containers.
2023-04-24 08:15:27,106 [BlockDeletingService#1] INFO  interfaces.ContainerDeletionChoosingPolicyTemplate (ContainerDeletionChoosingPolicyTemplate.java:chooseContainerForBlockDeletion(83)) - Chosen 0/5000 blocks from 0 candidate containers.
2023-04-24 08:15:27,115 [BlockDeletingService#5] INFO  interfaces.ContainerDeletionChoosingPolicyTemplate (ContainerDeletionChoosingPolicyTemplate.java:chooseContainerForBlockDeletion(83)) - Chosen 0/5000 blocks from 0 candidate containers.
2023-04-24 08:15:27,160 [BlockDeletingService#2] INFO  interfaces.ContainerDeletionChoosingPolicyTemplate (ContainerDeletionChoosingPolicyTemplate.java:chooseContainerForBlockDeletion(83)) - Chosen 0/5000 blocks from 0 candidate containers.
2023-04-24 08:15:27,206 [BlockDeletingService#1] INFO  interfaces.ContainerDeletionChoosingPolicyTemplate (ContainerDeletionChoosingPolicyTemplate.java:chooseContainerForBlockDeletion(83)) - Chosen 0/5000 blocks from 0 candidate containers.
2023-04-24 08:15:27,215 [BlockDeletingService#5] INFO  interfaces.ContainerDeletionChoosingPolicyTemplate (ContainerDeletionChoosingPolicyTemplate.java:chooseContainerForBlockDeletion(83)) - Chosen 0/5000 blocks from 0 candidate containers.
2023-04-24 08:15:27,261 [BlockDeletingService#2] INFO  interfaces.ContainerDeletionChoosingPolicyTemplate (ContainerDeletionChoosingPolicyTemplate.java:chooseContainerForBlockDeletion(83)) - Chosen 0/5000 blocks from 0 candidate containers.
2023-04-24 08:15:27,306 [BlockDeletingService#1] INFO  interfaces.ContainerDeletionChoosingPolicyTemplate (ContainerDeletionChoosingPolicyTemplate.java:chooseContainerForBlockDeletion(83)) - Chosen 0/5000 blocks from 0 candidate containers.
2023-04-24 08:15:27,315 [BlockDeletingService#5] INFO  interfaces.ContainerDeletionChoosingPolicyTemplate (ContainerDeletionChoosingPolicyTemplate.java:chooseContainerForBlockDeletion(83)) - Chosen 0/5000 blocks from 0 candidate containers.
2023-04-24 08:15:27,361 [BlockDeletingService#2] INFO  interfaces.ContainerDeletionChoosingPolicyTemplate (ContainerDeletionChoosingPolicyTemplate.java:chooseContainerForBlockDeletion(83)) - Chosen 0/5000 blocks from 0 candidate containers.
2023-04-24 08:15:27,407 [BlockDeletingService#1] INFO  interfaces.ContainerDeletionChoosingPolicyTemplate (ContainerDeletionChoosingPolicyTemplate.java:chooseContainerForBlockDeletion(83)) - Chosen 0/5000 blocks from 0 candidate containers.
2023-04-24 08:15:27,415 [BlockDeletingService#5] INFO  interfaces.ContainerDeletionChoosingPolicyTemplate (ContainerDeletionChoosingPolicyTemplate.java:chooseContainerForBlockDeletion(83)) - Chosen 0/5000 blocks from 0 candidate containers.
2023-04-24 08:15:27,461 [BlockDeletingService#2] INFO  interfaces.ContainerDeletionChoosingPolicyTemplate (ContainerDeletionChoosingPolicyTemplate.java:chooseContainerForBlockDeletion(83)) - Chosen 0/5000 blocks from 0 candidate containers.
2023-04-24 08:15:27,507 [BlockDeletingService#1] INFO  interfaces.ContainerDeletionChoosingPolicyTemplate (ContainerDeletionChoosingPolicyTemplate.java:chooseContainerForBlockDeletion(83)) - Chosen 0/5000 blocks from 0 candidate containers.
2023-04-24 08:15:27,515 [BlockDeletingService#5] INFO  interfaces.ContainerDeletionChoosingPolicyTemplate (ContainerDeletionChoosingPolicyTemplate.java:chooseContainerForBlockDeletion(83)) - Chosen 0/5000 blocks from 0 candidate containers.
2023-04-24 08:15:27,562 [BlockDeletingService#2] INFO  interfaces.ContainerDeletionChoosingPolicyTemplate (ContainerDeletionChoosingPolicyTemplate.java:chooseContainerForBlockDeletion(83)) - Chosen 0/5000 blocks from 0 candidate containers.
2023-04-24 08:15:27,607 [BlockDeletingService#1] INFO  interfaces.ContainerDeletionChoosingPolicyTemplate (ContainerDeletionChoosingPolicyTemplate.java:chooseContainerForBlockDeletion(83)) - Chosen 0/5000 blocks from 0 candidate containers.
2023-04-24 08:15:27,616 [BlockDeletingService#5] INFO  interfaces.ContainerDeletionChoosingPolicyTemplate (ContainerDeletionChoosingPolicyTemplate.java:chooseContainerForBlockDeletion(83)) - Chosen 0/5000 blocks from 0 candidate containers.
2023-04-24 08:15:27,662 [BlockDeletingService#2] INFO  interfaces.ContainerDeletionChoosingPolicyTemplate (ContainerDeletionChoosingPolicyTemplate.java:chooseContainerForBlockDeletion(83)) - Chosen 0/5000 blocks from 0 candidate containers.
2023-04-24 08:15:27,708 [BlockDeletingService#1] INFO  interfaces.ContainerDeletionChoosingPolicyTemplate (ContainerDeletionChoosingPolicyTemplate.java:chooseContainerForBlockDeletion(83)) - Chosen 0/5000 blocks from 0 candidate containers.
2023-04-24 08:15:27,716 [BlockDeletingService#5] INFO  interfaces.ContainerDeletionChoosingPolicyTemplate (ContainerDeletionChoosingPolicyTemplate.java:chooseContainerForBlockDeletion(83)) - Chosen 0/5000 blocks from 0 candidate containers.
2023-04-24 08:15:27,762 [BlockDeletingService#2] INFO  interfaces.ContainerDeletionChoosingPolicyTemplate (ContainerDeletionChoosingPolicyTemplate.java:chooseContainerForBlockDeletion(83)) - Chosen 0/5000 blocks from 0 candidate containers.
2023-04-24 08:15:27,808 [BlockDeletingService#1] INFO  interfaces.ContainerDeletionChoosingPolicyTemplate (ContainerDeletionChoosingPolicyTemplate.java:chooseContainerForBlockDeletion(83)) - Chosen 0/5000 blocks from 0 candidate containers.
2023-04-24 08:15:27,816 [BlockDeletingService#5] INFO  interfaces.ContainerDeletionChoosingPolicyTemplate (ContainerDeletionChoosingPolicyTemplate.java:chooseContainerForBlockDeletion(83)) - Chosen 0/5000 blocks from 0 candidate containers.
2023-04-24 08:15:27,862 [BlockDeletingService#2] INFO  interfaces.ContainerDeletionChoosingPolicyTemplate (ContainerDeletionChoosingPolicyTemplate.java:chooseContainerForBlockDeletion(83)) - Chosen 0/5000 blocks from 0 candidate containers.
2023-04-24 08:15:27,896 [Command processor thread] INFO  server.RaftServer (RaftServerProxy.java:addNew(96)) - 444322bb-4321-4e38-998a-96758a8a198b: addNew group-A37290DB4E1B:[444322bb-4321-4e38-998a-96758a8a198b|rpc:10.1.0.80:39889|dataStream:10.1.0.80:39479|priority:1|startupRole:FOLLOWER] returns group-A37290DB4E1B:java.util.concurrent.CompletableFuture@7c9fcbd0[Not completed]
2023-04-24 08:15:27,905 [Listener at 127.0.0.1/40959] INFO  ozone.MiniOzoneClusterImpl (MiniOzoneClusterImpl.java:lambda$waitForClusterToBeReady$0(223)) - Nodes are ready. Got 3 of 3 DN Heartbeats.
2023-04-24 08:15:27,905 [Listener at 127.0.0.1/40959] INFO  ozone.MiniOzoneClusterImpl (MiniOzoneClusterImpl.java:lambda$waitForClusterToBeReady$0(226)) - Waiting for cluster to exit safe mode
2023-04-24 08:15:27,905 [Listener at 127.0.0.1/40959] INFO  ozone.MiniOzoneClusterImpl (MiniOzoneClusterImpl.java:lambda$waitForClusterToBeReady$0(228)) - SCM became leader
2023-04-24 08:15:27,905 [pool-79-thread-1] INFO  server.RaftServer$Division (RaftServerImpl.java:<init>(195)) - 444322bb-4321-4e38-998a-96758a8a198b: new RaftServerImpl for group-A37290DB4E1B:[444322bb-4321-4e38-998a-96758a8a198b|rpc:10.1.0.80:39889|dataStream:10.1.0.80:39479|priority:1|startupRole:FOLLOWER] with ContainerStateMachine:uninitialized
2023-04-24 08:15:27,906 [pool-79-thread-1] INFO  server.RaftServerConfigKeys (ConfUtils.java:logGet(46)) - raft.server.rpc.timeout.min = 5s (custom)
2023-04-24 08:15:27,906 [pool-79-thread-1] INFO  server.RaftServerConfigKeys (ConfUtils.java:logGet(46)) - raft.server.rpc.timeout.max = 5200ms (custom)
2023-04-24 08:15:27,906 [pool-79-thread-1] INFO  server.RaftServerConfigKeys (ConfUtils.java:logGet(46)) - raft.server.rpc.sleep.time = 25ms (default)
2023-04-24 08:15:27,906 [pool-79-thread-1] INFO  server.RaftServerConfigKeys (ConfUtils.java:logGet(46)) - raft.server.rpc.slowness.timeout = 1000000ms (custom)
2023-04-24 08:15:27,906 [pool-79-thread-1] INFO  server.RaftServerConfigKeys (ConfUtils.java:logGet(46)) - raft.server.leaderelection.leader.step-down.wait-time = 10s (default)
2023-04-24 08:15:27,906 [pool-79-thread-1] INFO  server.RaftServerConfigKeys (ConfUtils.java:logGet(46)) - raft.server.sleep.deviation.threshold = 300ms (default)
2023-04-24 08:15:27,906 [pool-79-thread-1] INFO  server.RaftServer$Division (ServerState.java:<init>(118)) - 444322bb-4321-4e38-998a-96758a8a198b@group-A37290DB4E1B: ConfigurationManager, init=-1: peers:[444322bb-4321-4e38-998a-96758a8a198b|rpc:10.1.0.80:39889|dataStream:10.1.0.80:39479|priority:1|startupRole:FOLLOWER]|listeners:[], old=null, confs=<EMPTY_MAP>
2023-04-24 08:15:27,906 [pool-79-thread-1] INFO  server.RaftServerConfigKeys (ConfUtils.java:logGet(46)) - raft.server.storage.dir = [/home/runner/work/ozone/ozone/hadoop-ozone/integration-test/target/test-dir/MiniOzoneClusterImpl-f6153afd-65ae-4a30-a1a8-75442c8cb6d9/datanode-0/data/ratis] (custom)
2023-04-24 08:15:27,906 [pool-79-thread-1] INFO  server.RaftServerConfigKeys (ConfUtils.java:logGet(46)) - raft.server.log.corruption.policy = EXCEPTION (default)
2023-04-24 08:15:27,906 [pool-79-thread-1] INFO  server.RaftServerConfigKeys (ConfUtils.java:logGet(46)) - raft.server.storage.free-space.min = 0MB (=0) (default)
2023-04-24 08:15:27,906 [pool-79-thread-1] INFO  server.RaftServerConfigKeys (ConfUtils.java:logGet(46)) - raft.server.notification.no-leader.timeout = 1000000ms (custom)
2023-04-24 08:15:27,906 [pool-79-thread-1] INFO  server.RaftServerConfigKeys (ConfUtils.java:logGet(46)) - raft.server.retrycache.expirytime = 600000ms (custom)
2023-04-24 08:15:27,906 [pool-79-thread-1] INFO  server.RaftServerConfigKeys (ConfUtils.java:logGet(46)) - raft.server.retrycache.statistics.expirytime = 100μs (default)
2023-04-24 08:15:27,908 [BlockDeletingService#1] INFO  interfaces.ContainerDeletionChoosingPolicyTemplate (ContainerDeletionChoosingPolicyTemplate.java:chooseContainerForBlockDeletion(83)) - Chosen 0/5000 blocks from 0 candidate containers.
2023-04-24 08:15:27,916 [BlockDeletingService#5] INFO  interfaces.ContainerDeletionChoosingPolicyTemplate (ContainerDeletionChoosingPolicyTemplate.java:chooseContainerForBlockDeletion(83)) - Chosen 0/5000 blocks from 0 candidate containers.
2023-04-24 08:15:27,917 [pool-79-thread-1] INFO  server.RaftServerConfigKeys (ConfUtils.java:logGet(46)) - raft.server.log.appender.install.snapshot.enabled = false (custom)
2023-04-24 08:15:27,917 [pool-79-thread-1] INFO  server.RaftServerConfigKeys (ConfUtils.java:logGet(46)) - raft.server.threadpool.server.cached = true (default)
2023-04-24 08:15:27,919 [pool-79-thread-1] INFO  server.RaftServerConfigKeys (ConfUtils.java:logGet(46)) - raft.server.threadpool.server.size = 0 (default)
2023-04-24 08:15:27,919 [pool-79-thread-1] INFO  server.RaftServerConfigKeys (ConfUtils.java:logGet(46)) - raft.server.threadpool.client.cached = true (default)
2023-04-24 08:15:27,919 [pool-79-thread-1] INFO  server.RaftServerConfigKeys (ConfUtils.java:logGet(46)) - raft.server.threadpool.client.size = 0 (default)
2023-04-24 08:15:27,919 [pool-79-thread-1] INFO  storage.RaftStorageDirectory (RaftStorageDirectoryImpl.java:analyzeStorage(137)) - The storage directory /home/runner/work/ozone/ozone/hadoop-ozone/integration-test/target/test-dir/MiniOzoneClusterImpl-f6153afd-65ae-4a30-a1a8-75442c8cb6d9/datanode-0/data/ratis/d459d7c8-a3fe-421f-8e51-a37290db4e1b does not exist. Creating ...
2023-04-24 08:15:27,923 [pool-79-thread-1] INFO  storage.RaftStorageDirectory (RaftStorageDirectoryImpl.java:tryLock(231)) - Lock on /home/runner/work/ozone/ozone/hadoop-ozone/integration-test/target/test-dir/MiniOzoneClusterImpl-f6153afd-65ae-4a30-a1a8-75442c8cb6d9/datanode-0/data/ratis/d459d7c8-a3fe-421f-8e51-a37290db4e1b/in_use.lock acquired by nodename 2521@fv-az212-956
2023-04-24 08:15:27,926 [pool-79-thread-1] INFO  storage.RaftStorage (RaftStorageImpl.java:format(96)) - Storage directory /home/runner/work/ozone/ozone/hadoop-ozone/integration-test/target/test-dir/MiniOzoneClusterImpl-f6153afd-65ae-4a30-a1a8-75442c8cb6d9/datanode-0/data/ratis/d459d7c8-a3fe-421f-8e51-a37290db4e1b has been successfully formatted.
2023-04-24 08:15:27,930 [pool-79-thread-1] INFO  ratis.ContainerStateMachine (ContainerStateMachine.java:loadSnapshot(262)) - group-A37290DB4E1B: The snapshot info is null. Setting the last applied indexto:(t:0, i:~)
2023-04-24 08:15:27,930 [pool-79-thread-1] INFO  server.RaftServerConfigKeys (ConfUtils.java:logGet(46)) - raft.server.log.use.memory = false (default)
2023-04-24 08:15:27,930 [pool-79-thread-1] INFO  server.RaftServerConfigKeys (ConfUtils.java:logGet(46)) - raft.server.log.purge.gap = 1000000 (custom)
2023-04-24 08:15:27,930 [pool-79-thread-1] INFO  server.RaftServerConfigKeys (ConfUtils.java:logGet(46)) - raft.server.log.appender.buffer.byte-limit = 33554432 (custom)
2023-04-24 08:15:27,930 [pool-79-thread-1] INFO  server.RaftServerConfigKeys (ConfUtils.java:logGet(46)) - raft.server.log.statemachine.data.read.timeout = 1000ms (default)
2023-04-24 08:15:27,930 [pool-79-thread-1] INFO  server.RaftServerConfigKeys (ConfUtils.java:logGet(46)) - raft.server.log.purge.preservation.log.num = 0 (default)
2023-04-24 08:15:27,932 [EventQueue-PipelineReportForPipelineReportHandler] INFO  pipeline.PipelineManagerImpl (PipelineManagerImpl.java:openPipeline(367)) - Pipeline Pipeline[ Id: d459d7c8-a3fe-421f-8e51-a37290db4e1b, Nodes: 444322bb-4321-4e38-998a-96758a8a198b(fv-az212-956.zlodpucb4l4udavnfxg5s20dva.cx.internal.cloudapp.net/10.1.0.80), ReplicationConfig: RATIS/ONE, State:ALLOCATED, leaderId:444322bb-4321-4e38-998a-96758a8a198b, CreationTimestamp2023-04-24T08:15:24.915Z[Etc/UTC]] moved to OPEN state
2023-04-24 08:15:27,933 [pool-79-thread-1] INFO  server.RaftServerConfigKeys (ConfUtils.java:logGet(46)) - raft.server.log.segment.size.max = 1048576 (custom)
2023-04-24 08:15:27,934 [pool-79-thread-1] INFO  server.RaftServerConfigKeys (ConfUtils.java:logGet(46)) - raft.server.log.segment.cache.num.max = 2 (custom)
2023-04-24 08:15:27,934 [pool-79-thread-1] INFO  server.RaftServerConfigKeys (ConfUtils.java:logGet(46)) - raft.server.log.segment.cache.size.max = 200MB (=209715200) (default)
2023-04-24 08:15:27,934 [pool-79-thread-1] INFO  segmented.SegmentedRaftLogWorker (SegmentedRaftLogWorker.java:<init>(189)) - new 444322bb-4321-4e38-998a-96758a8a198b@group-A37290DB4E1B-SegmentedRaftLogWorker for RaftStorageImpl:Storage Directory /home/runner/work/ozone/ozone/hadoop-ozone/integration-test/target/test-dir/MiniOzoneClusterImpl-f6153afd-65ae-4a30-a1a8-75442c8cb6d9/datanode-0/data/ratis/d459d7c8-a3fe-421f-8e51-a37290db4e1b
2023-04-24 08:15:27,935 [pool-79-thread-1] INFO  server.RaftServerConfigKeys (ConfUtils.java:logGet(46)) - raft.server.log.queue.byte-limit = 4294967296 (custom)
2023-04-24 08:15:27,935 [pool-79-thread-1] INFO  server.RaftServerConfigKeys (ConfUtils.java:logGet(46)) - raft.server.log.queue.element-limit = 1024 (custom)
2023-04-24 08:15:27,935 [pool-79-thread-1] INFO  server.RaftServerConfigKeys (ConfUtils.java:logGet(46)) - raft.server.log.segment.size.max = 1048576 (custom)
2023-04-24 08:15:27,935 [pool-79-thread-1] INFO  server.RaftServerConfigKeys (ConfUtils.java:logGet(46)) - raft.server.log.preallocated.size = 16384 (custom)
2023-04-24 08:15:27,935 [pool-79-thread-1] INFO  server.RaftServerConfigKeys (ConfUtils.java:logGet(46)) - raft.server.log.force.sync.num = 128 (default)
2023-04-24 08:15:27,935 [pool-79-thread-1] INFO  server.RaftServerConfigKeys (ConfUtils.java:logGet(46)) - raft.server.log.statemachine.data.sync = true (default)
2023-04-24 08:15:27,935 [pool-79-thread-1] INFO  server.RaftServerConfigKeys (ConfUtils.java:logGet(46)) - raft.server.log.statemachine.data.sync.timeout = 10s (default)
2023-04-24 08:15:27,935 [pool-79-thread-1] INFO  server.RaftServerConfigKeys (ConfUtils.java:logGet(46)) - raft.server.log.statemachine.data.sync.timeout.retry = -1 (default)
2023-04-24 08:15:27,942 [pool-79-thread-1] INFO  server.RaftServerConfigKeys (ConfUtils.java:logGet(46)) - raft.server.log.write.buffer.size = 1048576 (custom)
2023-04-24 08:15:27,943 [pool-79-thread-1] INFO  server.RaftServerConfigKeys (ConfUtils.java:logGet(46)) - raft.server.log.appender.buffer.byte-limit = 33554432 (custom)
2023-04-24 08:15:27,945 [EventQueue-OpenPipelineForHealthyPipelineSafeModeRule] INFO  safemode.SCMSafeModeManager (HealthyPipelineSafeModeRule.java:process(137)) - SCM in safe mode. Healthy pipelines reported count is 0, required healthy pipeline reported count is 1
2023-04-24 08:15:27,951 [pool-79-thread-1] INFO  server.RaftServerConfigKeys (ConfUtils.java:logGet(46)) - raft.server.log.unsafe-flush.enabled = false (default)
2023-04-24 08:15:27,951 [pool-79-thread-1] INFO  server.RaftServerConfigKeys (ConfUtils.java:logGet(46)) - raft.server.log.async-flush.enabled = false (default)
2023-04-24 08:15:27,951 [pool-79-thread-1] INFO  server.RaftServerConfigKeys (ConfUtils.java:logGet(46)) - raft.server.log.statemachine.data.caching.enabled = true (custom)
2023-04-24 08:15:27,951 [pool-79-thread-1] INFO  segmented.SegmentedRaftLogWorker (SegmentedRaftLogWorker.java:lambda$new$0(135)) - 444322bb-4321-4e38-998a-96758a8a198b@group-A37290DB4E1B-SegmentedRaftLogWorker: flushIndex: setUnconditionally 0 -> -1
2023-04-24 08:15:27,951 [pool-79-thread-1] INFO  segmented.SegmentedRaftLogWorker (SegmentedRaftLogWorker.java:lambda$new$0(135)) - 444322bb-4321-4e38-998a-96758a8a198b@group-A37290DB4E1B-SegmentedRaftLogWorker: safeCacheEvictIndex: setUnconditionally 0 -> -1
2023-04-24 08:15:27,951 [pool-79-thread-1] INFO  server.RaftServer$Division (RaftServerImpl.java:start(334)) - 444322bb-4321-4e38-998a-96758a8a198b@group-A37290DB4E1B: start as a follower, conf=-1: peers:[444322bb-4321-4e38-998a-96758a8a198b|rpc:10.1.0.80:39889|dataStream:10.1.0.80:39479|priority:1|startupRole:FOLLOWER]|listeners:[], old=null
2023-04-24 08:15:27,951 [pool-79-thread-1] INFO  server.RaftServer$Division (RaftServerImpl.java:setRole(321)) - 444322bb-4321-4e38-998a-96758a8a198b@group-A37290DB4E1B: changes role from      null to FOLLOWER at term 0 for startAsFollower
2023-04-24 08:15:27,951 [pool-79-thread-1] INFO  impl.RoleInfo (RoleInfo.java:updateAndGet(139)) - 444322bb-4321-4e38-998a-96758a8a198b: start 444322bb-4321-4e38-998a-96758a8a198b@group-A37290DB4E1B-FollowerState
2023-04-24 08:15:27,955 [pool-79-thread-1] INFO  util.JmxRegister (JmxRegister.java:tryRegister(44)) - Successfully registered JMX Bean with object name Ratis:service=RaftServer,group=group-A37290DB4E1B,id=444322bb-4321-4e38-998a-96758a8a198b
2023-04-24 08:15:27,955 [pool-79-thread-1] INFO  server.RaftServerConfigKeys (ConfUtils.java:logGet(46)) - raft.server.snapshot.auto.trigger.enabled = true (custom)
2023-04-24 08:15:27,955 [pool-79-thread-1] INFO  server.RaftServerConfigKeys (ConfUtils.java:logGet(46)) - raft.server.snapshot.auto.trigger.threshold = 10000 (custom)
2023-04-24 08:15:27,955 [pool-79-thread-1] INFO  server.RaftServerConfigKeys (ConfUtils.java:logGet(46)) - raft.server.snapshot.retention.file.num = 5 (custom)
2023-04-24 08:15:27,955 [pool-79-thread-1] INFO  server.RaftServerConfigKeys (ConfUtils.java:logGet(46)) - raft.server.log.purge.upto.snapshot.index = false (default)
2023-04-24 08:15:27,956 [444322bb-4321-4e38-998a-96758a8a198b@group-A37290DB4E1B-FollowerState] INFO  server.RaftServerConfigKeys (ConfUtils.java:logFallback(53)) - raft.server.rpc.first-election.timeout.min = 5s (fallback to raft.server.rpc.timeout.min)
2023-04-24 08:15:27,957 [444322bb-4321-4e38-998a-96758a8a198b@group-A37290DB4E1B-FollowerState] INFO  server.RaftServerConfigKeys (ConfUtils.java:logFallback(53)) - raft.server.rpc.first-election.timeout.max = 5200ms (fallback to raft.server.rpc.timeout.max)
2023-04-24 08:15:27,963 [BlockDeletingService#2] INFO  interfaces.ContainerDeletionChoosingPolicyTemplate (ContainerDeletionChoosingPolicyTemplate.java:chooseContainerForBlockDeletion(83)) - Chosen 0/5000 blocks from 0 candidate containers.
2023-04-24 08:15:27,965 [Command processor thread] INFO  ratis.XceiverServerRatis (XceiverServerRatis.java:addGroup(806)) - Created group PipelineID=d459d7c8-a3fe-421f-8e51-a37290db4e1b
2023-04-24 08:15:27,965 [Command processor thread] INFO  commandhandler.CreatePipelineCommandHandler (CreatePipelineCommandHandler.java:handle(113)) - Created Pipeline RATIS ONE PipelineID=d459d7c8-a3fe-421f-8e51-a37290db4e1b.
2023-04-24 08:15:27,965 [Command processor thread] INFO  server.RaftServer (RaftServerProxy.java:addNew(96)) - 444322bb-4321-4e38-998a-96758a8a198b: addNew group-2C65884D69A9:[593f1123-fce2-46ce-a0f5-50a98353a86f|rpc:10.1.0.80:39617|dataStream:10.1.0.80:33973|priority:1|startupRole:FOLLOWER, 444322bb-4321-4e38-998a-96758a8a198b|rpc:10.1.0.80:39889|dataStream:10.1.0.80:39479|priority:0|startupRole:FOLLOWER, d7f67023-bd71-4164-8161-24a8eb75dffe|rpc:10.1.0.80:40717|dataStream:10.1.0.80:32771|priority:0|startupRole:FOLLOWER] returns group-2C65884D69A9:java.util.concurrent.CompletableFuture@3503f507[Not completed]
2023-04-24 08:15:27,967 [pool-79-thread-1] INFO  server.RaftServer$Division (RaftServerImpl.java:<init>(195)) - 444322bb-4321-4e38-998a-96758a8a198b: new RaftServerImpl for group-2C65884D69A9:[593f1123-fce2-46ce-a0f5-50a98353a86f|rpc:10.1.0.80:39617|dataStream:10.1.0.80:33973|priority:1|startupRole:FOLLOWER, 444322bb-4321-4e38-998a-96758a8a198b|rpc:10.1.0.80:39889|dataStream:10.1.0.80:39479|priority:0|startupRole:FOLLOWER, d7f67023-bd71-4164-8161-24a8eb75dffe|rpc:10.1.0.80:40717|dataStream:10.1.0.80:32771|priority:0|startupRole:FOLLOWER] with ContainerStateMachine:uninitialized
2023-04-24 08:15:27,967 [pool-79-thread-1] INFO  server.RaftServerConfigKeys (ConfUtils.java:logGet(46)) - raft.server.rpc.timeout.min = 5s (custom)
2023-04-24 08:15:27,967 [pool-79-thread-1] INFO  server.RaftServerConfigKeys (ConfUtils.java:logGet(46)) - raft.server.rpc.timeout.max = 5200ms (custom)
2023-04-24 08:15:27,967 [pool-79-thread-1] INFO  server.RaftServerConfigKeys (ConfUtils.java:logGet(46)) - raft.server.rpc.sleep.time = 25ms (default)
2023-04-24 08:15:27,967 [pool-79-thread-1] INFO  server.RaftServerConfigKeys (ConfUtils.java:logGet(46)) - raft.server.rpc.slowness.timeout = 1000000ms (custom)
2023-04-24 08:15:27,967 [pool-79-thread-1] INFO  server.RaftServerConfigKeys (ConfUtils.java:logGet(46)) - raft.server.leaderelection.leader.step-down.wait-time = 10s (default)
2023-04-24 08:15:27,967 [pool-79-thread-1] INFO  server.RaftServerConfigKeys (ConfUtils.java:logGet(46)) - raft.server.sleep.deviation.threshold = 300ms (default)
2023-04-24 08:15:27,967 [pool-79-thread-1] INFO  server.RaftServer$Division (ServerState.java:<init>(118)) - 444322bb-4321-4e38-998a-96758a8a198b@group-2C65884D69A9: ConfigurationManager, init=-1: peers:[593f1123-fce2-46ce-a0f5-50a98353a86f|rpc:10.1.0.80:39617|dataStream:10.1.0.80:33973|priority:1|startupRole:FOLLOWER, 444322bb-4321-4e38-998a-96758a8a198b|rpc:10.1.0.80:39889|dataStream:10.1.0.80:39479|priority:0|startupRole:FOLLOWER, d7f67023-bd71-4164-8161-24a8eb75dffe|rpc:10.1.0.80:40717|dataStream:10.1.0.80:32771|priority:0|startupRole:FOLLOWER]|listeners:[], old=null, confs=<EMPTY_MAP>
2023-04-24 08:15:27,967 [pool-79-thread-1] INFO  server.RaftServerConfigKeys (ConfUtils.java:logGet(46)) - raft.server.storage.dir = [/home/runner/work/ozone/ozone/hadoop-ozone/integration-test/target/test-dir/MiniOzoneClusterImpl-f6153afd-65ae-4a30-a1a8-75442c8cb6d9/datanode-0/data/ratis] (custom)
2023-04-24 08:15:27,967 [pool-79-thread-1] INFO  server.RaftServerConfigKeys (ConfUtils.java:logGet(46)) - raft.server.log.corruption.policy = EXCEPTION (default)
2023-04-24 08:15:27,967 [pool-79-thread-1] INFO  server.RaftServerConfigKeys (ConfUtils.java:logGet(46)) - raft.server.storage.free-space.min = 0MB (=0) (default)
2023-04-24 08:15:27,968 [pool-79-thread-1] INFO  server.RaftServerConfigKeys (ConfUtils.java:logGet(46)) - raft.server.notification.no-leader.timeout = 1000000ms (custom)
2023-04-24 08:15:27,968 [pool-79-thread-1] INFO  server.RaftServerConfigKeys (ConfUtils.java:logGet(46)) - raft.server.retrycache.expirytime = 600000ms (custom)
2023-04-24 08:15:27,968 [pool-79-thread-1] INFO  server.RaftServerConfigKeys (ConfUtils.java:logGet(46)) - raft.server.retrycache.statistics.expirytime = 100μs (default)
2023-04-24 08:15:27,969 [pool-79-thread-1] INFO  server.RaftServerConfigKeys (ConfUtils.java:logGet(46)) - raft.server.log.appender.install.snapshot.enabled = false (custom)
2023-04-24 08:15:27,969 [pool-79-thread-1] INFO  server.RaftServerConfigKeys (ConfUtils.java:logGet(46)) - raft.server.threadpool.server.cached = true (default)
2023-04-24 08:15:27,969 [pool-79-thread-1] INFO  server.RaftServerConfigKeys (ConfUtils.java:logGet(46)) - raft.server.threadpool.server.size = 0 (default)
2023-04-24 08:15:27,970 [pool-79-thread-1] INFO  server.RaftServerConfigKeys (ConfUtils.java:logGet(46)) - raft.server.threadpool.client.cached = true (default)
2023-04-24 08:15:27,970 [pool-79-thread-1] INFO  server.RaftServerConfigKeys (ConfUtils.java:logGet(46)) - raft.server.threadpool.client.size = 0 (default)
2023-04-24 08:15:27,970 [pool-79-thread-1] INFO  storage.RaftStorageDirectory (RaftStorageDirectoryImpl.java:analyzeStorage(137)) - The storage directory /home/runner/work/ozone/ozone/hadoop-ozone/integration-test/target/test-dir/MiniOzoneClusterImpl-f6153afd-65ae-4a30-a1a8-75442c8cb6d9/datanode-0/data/ratis/28a339a4-75ef-4360-898e-2c65884d69a9 does not exist. Creating ...
2023-04-24 08:15:27,971 [pool-79-thread-1] INFO  storage.RaftStorageDirectory (RaftStorageDirectoryImpl.java:tryLock(231)) - Lock on /home/runner/work/ozone/ozone/hadoop-ozone/integration-test/target/test-dir/MiniOzoneClusterImpl-f6153afd-65ae-4a30-a1a8-75442c8cb6d9/datanode-0/data/ratis/28a339a4-75ef-4360-898e-2c65884d69a9/in_use.lock acquired by nodename 2521@fv-az212-956
2023-04-24 08:15:27,973 [pool-79-thread-1] INFO  storage.RaftStorage (RaftStorageImpl.java:format(96)) - Storage directory /home/runner/work/ozone/ozone/hadoop-ozone/integration-test/target/test-dir/MiniOzoneClusterImpl-f6153afd-65ae-4a30-a1a8-75442c8cb6d9/datanode-0/data/ratis/28a339a4-75ef-4360-898e-2c65884d69a9 has been successfully formatted.
2023-04-24 08:15:27,973 [pool-79-thread-1] INFO  ratis.ContainerStateMachine (ContainerStateMachine.java:loadSnapshot(262)) - group-2C65884D69A9: The snapshot info is null. Setting the last applied indexto:(t:0, i:~)
2023-04-24 08:15:27,973 [pool-79-thread-1] INFO  server.RaftServerConfigKeys (ConfUtils.java:logGet(46)) - raft.server.log.use.memory = false (default)
2023-04-24 08:15:27,973 [pool-79-thread-1] INFO  server.RaftServerConfigKeys (ConfUtils.java:logGet(46)) - raft.server.log.purge.gap = 1000000 (custom)
2023-04-24 08:15:27,973 [pool-79-thread-1] INFO  server.RaftServerConfigKeys (ConfUtils.java:logGet(46)) - raft.server.log.appender.buffer.byte-limit = 33554432 (custom)
2023-04-24 08:15:27,973 [pool-79-thread-1] INFO  server.RaftServerConfigKeys (ConfUtils.java:logGet(46)) - raft.server.log.statemachine.data.read.timeout = 1000ms (default)
2023-04-24 08:15:27,973 [pool-79-thread-1] INFO  server.RaftServerConfigKeys (ConfUtils.java:logGet(46)) - raft.server.log.purge.preservation.log.num = 0 (default)
2023-04-24 08:15:27,975 [pool-79-thread-1] INFO  server.RaftServerConfigKeys (ConfUtils.java:logGet(46)) - raft.server.log.segment.size.max = 1048576 (custom)
2023-04-24 08:15:27,975 [pool-79-thread-1] INFO  server.RaftServerConfigKeys (ConfUtils.java:logGet(46)) - raft.server.log.segment.cache.num.max = 2 (custom)
2023-04-24 08:15:27,975 [pool-79-thread-1] INFO  server.RaftServerConfigKeys (ConfUtils.java:logGet(46)) - raft.server.log.segment.cache.size.max = 200MB (=209715200) (default)
2023-04-24 08:15:27,975 [pool-79-thread-1] INFO  segmented.SegmentedRaftLogWorker (SegmentedRaftLogWorker.java:<init>(189)) - new 444322bb-4321-4e38-998a-96758a8a198b@group-2C65884D69A9-SegmentedRaftLogWorker for RaftStorageImpl:Storage Directory /home/runner/work/ozone/ozone/hadoop-ozone/integration-test/target/test-dir/MiniOzoneClusterImpl-f6153afd-65ae-4a30-a1a8-75442c8cb6d9/datanode-0/data/ratis/28a339a4-75ef-4360-898e-2c65884d69a9
2023-04-24 08:15:27,976 [pool-79-thread-1] INFO  server.RaftServerConfigKeys (ConfUtils.java:logGet(46)) - raft.server.log.queue.byte-limit = 4294967296 (custom)
2023-04-24 08:15:27,976 [EventQueue-OpenPipelineForHealthyPipelineSafeModeRule] INFO  safemode.SCMSafeModeManager (HealthyPipelineSafeModeRule.java:process(137)) - SCM in safe mode. Healthy pipelines reported count is 0, required healthy pipeline reported count is 1
2023-04-24 08:15:27,976 [pool-79-thread-1] INFO  server.RaftServerConfigKeys (ConfUtils.java:logGet(46)) - raft.server.log.queue.element-limit = 1024 (custom)
2023-04-24 08:15:27,976 [pool-79-thread-1] INFO  server.RaftServerConfigKeys (ConfUtils.java:logGet(46)) - raft.server.log.segment.size.max = 1048576 (custom)
2023-04-24 08:15:27,976 [pool-79-thread-1] INFO  server.RaftServerConfigKeys (ConfUtils.java:logGet(46)) - raft.server.log.preallocated.size = 16384 (custom)
2023-04-24 08:15:27,976 [pool-79-thread-1] INFO  server.RaftServerConfigKeys (ConfUtils.java:logGet(46)) - raft.server.log.force.sync.num = 128 (default)
2023-04-24 08:15:27,976 [pool-79-thread-1] INFO  server.RaftServerConfigKeys (ConfUtils.java:logGet(46)) - raft.server.log.statemachine.data.sync = true (default)
2023-04-24 08:15:27,976 [pool-79-thread-1] INFO  server.RaftServerConfigKeys (ConfUtils.java:logGet(46)) - raft.server.log.statemachine.data.sync.timeout = 10s (default)
2023-04-24 08:15:27,976 [pool-79-thread-1] INFO  server.RaftServerConfigKeys (ConfUtils.java:logGet(46)) - raft.server.log.statemachine.data.sync.timeout.retry = -1 (default)
2023-04-24 08:15:27,977 [pool-79-thread-1] INFO  server.RaftServerConfigKeys (ConfUtils.java:logGet(46)) - raft.server.log.write.buffer.size = 1048576 (custom)
2023-04-24 08:15:27,978 [pool-79-thread-1] INFO  server.RaftServerConfigKeys (ConfUtils.java:logGet(46)) - raft.server.log.appender.buffer.byte-limit = 33554432 (custom)
2023-04-24 08:15:27,984 [pool-79-thread-1] INFO  server.RaftServerConfigKeys (ConfUtils.java:logGet(46)) - raft.server.log.unsafe-flush.enabled = false (default)
2023-04-24 08:15:27,984 [pool-79-thread-1] INFO  server.RaftServerConfigKeys (ConfUtils.java:logGet(46)) - raft.server.log.async-flush.enabled = false (default)
2023-04-24 08:15:27,984 [pool-79-thread-1] INFO  server.RaftServerConfigKeys (ConfUtils.java:logGet(46)) - raft.server.log.statemachine.data.caching.enabled = true (custom)
2023-04-24 08:15:27,984 [pool-79-thread-1] INFO  segmented.SegmentedRaftLogWorker (SegmentedRaftLogWorker.java:lambda$new$0(135)) - 444322bb-4321-4e38-998a-96758a8a198b@group-2C65884D69A9-SegmentedRaftLogWorker: flushIndex: setUnconditionally 0 -> -1
2023-04-24 08:15:27,984 [pool-79-thread-1] INFO  segmented.SegmentedRaftLogWorker (SegmentedRaftLogWorker.java:lambda$new$0(135)) - 444322bb-4321-4e38-998a-96758a8a198b@group-2C65884D69A9-SegmentedRaftLogWorker: safeCacheEvictIndex: setUnconditionally 0 -> -1
2023-04-24 08:15:27,984 [pool-79-thread-1] INFO  server.RaftServer$Division (RaftServerImpl.java:start(334)) - 444322bb-4321-4e38-998a-96758a8a198b@group-2C65884D69A9: start as a follower, conf=-1: peers:[593f1123-fce2-46ce-a0f5-50a98353a86f|rpc:10.1.0.80:39617|dataStream:10.1.0.80:33973|priority:1|startupRole:FOLLOWER, 444322bb-4321-4e38-998a-96758a8a198b|rpc:10.1.0.80:39889|dataStream:10.1.0.80:39479|priority:0|startupRole:FOLLOWER, d7f67023-bd71-4164-8161-24a8eb75dffe|rpc:10.1.0.80:40717|dataStream:10.1.0.80:32771|priority:0|startupRole:FOLLOWER]|listeners:[], old=null
2023-04-24 08:15:27,984 [pool-79-thread-1] INFO  server.RaftServer$Division (RaftServerImpl.java:setRole(321)) - 444322bb-4321-4e38-998a-96758a8a198b@group-2C65884D69A9: changes role from      null to FOLLOWER at term 0 for startAsFollower
2023-04-24 08:15:27,984 [pool-79-thread-1] INFO  impl.RoleInfo (RoleInfo.java:updateAndGet(139)) - 444322bb-4321-4e38-998a-96758a8a198b: start 444322bb-4321-4e38-998a-96758a8a198b@group-2C65884D69A9-FollowerState
2023-04-24 08:15:27,985 [444322bb-4321-4e38-998a-96758a8a198b@group-2C65884D69A9-FollowerState] INFO  server.RaftServerConfigKeys (ConfUtils.java:logFallback(53)) - raft.server.rpc.first-election.timeout.min = 5s (fallback to raft.server.rpc.timeout.min)
2023-04-24 08:15:27,985 [pool-79-thread-1] INFO  util.JmxRegister (JmxRegister.java:tryRegister(44)) - Successfully registered JMX Bean with object name Ratis:service=RaftServer,group=group-2C65884D69A9,id=444322bb-4321-4e38-998a-96758a8a198b
2023-04-24 08:15:27,987 [444322bb-4321-4e38-998a-96758a8a198b@group-2C65884D69A9-FollowerState] INFO  server.RaftServerConfigKeys (ConfUtils.java:logFallback(53)) - raft.server.rpc.first-election.timeout.max = 5200ms (fallback to raft.server.rpc.timeout.max)
2023-04-24 08:15:27,987 [pool-79-thread-1] INFO  server.RaftServerConfigKeys (ConfUtils.java:logGet(46)) - raft.server.snapshot.auto.trigger.enabled = true (custom)
2023-04-24 08:15:27,987 [pool-79-thread-1] INFO  server.RaftServerConfigKeys (ConfUtils.java:logGet(46)) - raft.server.snapshot.auto.trigger.threshold = 10000 (custom)
2023-04-24 08:15:27,987 [pool-79-thread-1] INFO  server.RaftServerConfigKeys (ConfUtils.java:logGet(46)) - raft.server.snapshot.retention.file.num = 5 (custom)
2023-04-24 08:15:27,987 [pool-79-thread-1] INFO  server.RaftServerConfigKeys (ConfUtils.java:logGet(46)) - raft.server.log.purge.upto.snapshot.index = false (default)
2023-04-24 08:15:27,988 [Command processor thread] INFO  ratis.XceiverServerRatis (XceiverServerRatis.java:addGroup(806)) - Created group PipelineID=28a339a4-75ef-4360-898e-2c65884d69a9
2023-04-24 08:15:28,012 [BlockDeletingService#1] INFO  interfaces.ContainerDeletionChoosingPolicyTemplate (ContainerDeletionChoosingPolicyTemplate.java:chooseContainerForBlockDeletion(83)) - Chosen 0/5000 blocks from 0 candidate containers.
2023-04-24 08:15:28,017 [BlockDeletingService#5] INFO  interfaces.ContainerDeletionChoosingPolicyTemplate (ContainerDeletionChoosingPolicyTemplate.java:chooseContainerForBlockDeletion(83)) - Chosen 0/5000 blocks from 0 candidate containers.
2023-04-24 08:15:28,064 [BlockDeletingService#2] INFO  interfaces.ContainerDeletionChoosingPolicyTemplate (ContainerDeletionChoosingPolicyTemplate.java:chooseContainerForBlockDeletion(83)) - Chosen 0/5000 blocks from 0 candidate containers.
2023-04-24 08:15:28,113 [BlockDeletingService#1] INFO  interfaces.ContainerDeletionChoosingPolicyTemplate (ContainerDeletionChoosingPolicyTemplate.java:chooseContainerForBlockDeletion(83)) - Chosen 0/5000 blocks from 0 candidate containers.
2023-04-24 08:15:28,117 [BlockDeletingService#5] INFO  interfaces.ContainerDeletionChoosingPolicyTemplate (ContainerDeletionChoosingPolicyTemplate.java:chooseContainerForBlockDeletion(83)) - Chosen 0/5000 blocks from 0 candidate containers.
2023-04-24 08:15:28,322 [BlockDeletingService#5] INFO  interfaces.ContainerDeletionChoosingPolicyTemplate (ContainerDeletionChoosingPolicyTemplate.java:chooseContainerForBlockDeletion(83)) - Chosen 0/5000 blocks from 0 candidate containers.
2023-04-24 08:15:28,322 [BlockDeletingService#1] INFO  interfaces.ContainerDeletionChoosingPolicyTemplate (ContainerDeletionChoosingPolicyTemplate.java:chooseContainerForBlockDeletion(83)) - Chosen 0/5000 blocks from 0 candidate containers.
2023-04-24 08:15:28,324 [BlockDeletingService#2] INFO  interfaces.ContainerDeletionChoosingPolicyTemplate (ContainerDeletionChoosingPolicyTemplate.java:chooseContainerForBlockDeletion(83)) - Chosen 0/5000 blocks from 0 candidate containers.
2023-04-24 08:15:28,422 [BlockDeletingService#5] INFO  interfaces.ContainerDeletionChoosingPolicyTemplate (ContainerDeletionChoosingPolicyTemplate.java:chooseContainerForBlockDeletion(83)) - Chosen 0/5000 blocks from 0 candidate containers.
2023-04-24 08:15:28,424 [BlockDeletingService#1] INFO  interfaces.ContainerDeletionChoosingPolicyTemplate (ContainerDeletionChoosingPolicyTemplate.java:chooseContainerForBlockDeletion(83)) - Chosen 0/5000 blocks from 0 candidate containers.
2023-04-24 08:15:28,426 [BlockDeletingService#2] INFO  interfaces.ContainerDeletionChoosingPolicyTemplate (ContainerDeletionChoosingPolicyTemplate.java:chooseContainerForBlockDeletion(83)) - Chosen 0/5000 blocks from 0 candidate containers.
2023-04-24 08:15:28,451 [Command processor thread] INFO  server.RaftServer (RaftServerProxy.java:addNew(96)) - d7f67023-bd71-4164-8161-24a8eb75dffe: addNew group-255FCA681CA6:[d7f67023-bd71-4164-8161-24a8eb75dffe|rpc:10.1.0.80:40717|dataStream:10.1.0.80:32771|priority:1|startupRole:FOLLOWER] returns group-255FCA681CA6:java.util.concurrent.CompletableFuture@cd0e045[Not completed]
2023-04-24 08:15:28,460 [pool-101-thread-1] INFO  server.RaftServer$Division (RaftServerImpl.java:<init>(195)) - d7f67023-bd71-4164-8161-24a8eb75dffe: new RaftServerImpl for group-255FCA681CA6:[d7f67023-bd71-4164-8161-24a8eb75dffe|rpc:10.1.0.80:40717|dataStream:10.1.0.80:32771|priority:1|startupRole:FOLLOWER] with ContainerStateMachine:uninitialized
2023-04-24 08:15:28,461 [pool-101-thread-1] INFO  server.RaftServerConfigKeys (ConfUtils.java:logGet(46)) - raft.server.rpc.timeout.min = 5s (custom)
2023-04-24 08:15:28,461 [pool-101-thread-1] INFO  server.RaftServerConfigKeys (ConfUtils.java:logGet(46)) - raft.server.rpc.timeout.max = 5200ms (custom)
2023-04-24 08:15:28,461 [pool-101-thread-1] INFO  server.RaftServerConfigKeys (ConfUtils.java:logGet(46)) - raft.server.rpc.sleep.time = 25ms (default)
2023-04-24 08:15:28,461 [pool-101-thread-1] INFO  server.RaftServerConfigKeys (ConfUtils.java:logGet(46)) - raft.server.rpc.slowness.timeout = 1000000ms (custom)
2023-04-24 08:15:28,461 [pool-101-thread-1] INFO  server.RaftServerConfigKeys (ConfUtils.java:logGet(46)) - raft.server.leaderelection.leader.step-down.wait-time = 10s (default)
2023-04-24 08:15:28,461 [pool-101-thread-1] INFO  server.RaftServerConfigKeys (ConfUtils.java:logGet(46)) - raft.server.sleep.deviation.threshold = 300ms (default)
2023-04-24 08:15:28,461 [pool-101-thread-1] INFO  server.RaftServer$Division (ServerState.java:<init>(118)) - d7f67023-bd71-4164-8161-24a8eb75dffe@group-255FCA681CA6: ConfigurationManager, init=-1: peers:[d7f67023-bd71-4164-8161-24a8eb75dffe|rpc:10.1.0.80:40717|dataStream:10.1.0.80:32771|priority:1|startupRole:FOLLOWER]|listeners:[], old=null, confs=<EMPTY_MAP>
2023-04-24 08:15:28,461 [pool-101-thread-1] INFO  server.RaftServerConfigKeys (ConfUtils.java:logGet(46)) - raft.server.storage.dir = [/home/runner/work/ozone/ozone/hadoop-ozone/integration-test/target/test-dir/MiniOzoneClusterImpl-f6153afd-65ae-4a30-a1a8-75442c8cb6d9/datanode-1/data/ratis] (custom)
2023-04-24 08:15:28,461 [pool-101-thread-1] INFO  server.RaftServerConfigKeys (ConfUtils.java:logGet(46)) - raft.server.log.corruption.policy = EXCEPTION (default)
2023-04-24 08:15:28,461 [pool-101-thread-1] INFO  server.RaftServerConfigKeys (ConfUtils.java:logGet(46)) - raft.server.storage.free-space.min = 0MB (=0) (default)
2023-04-24 08:15:28,461 [pool-101-thread-1] INFO  server.RaftServerConfigKeys (ConfUtils.java:logGet(46)) - raft.server.notification.no-leader.timeout = 1000000ms (custom)
2023-04-24 08:15:28,461 [pool-101-thread-1] INFO  server.RaftServerConfigKeys (ConfUtils.java:logGet(46)) - raft.server.retrycache.expirytime = 600000ms (custom)
2023-04-24 08:15:28,461 [pool-101-thread-1] INFO  server.RaftServerConfigKeys (ConfUtils.java:logGet(46)) - raft.server.retrycache.statistics.expirytime = 100μs (default)
2023-04-24 08:15:28,463 [pool-101-thread-1] INFO  server.RaftServerConfigKeys (ConfUtils.java:logGet(46)) - raft.server.log.appender.install.snapshot.enabled = false (custom)
2023-04-24 08:15:28,463 [pool-101-thread-1] INFO  server.RaftServerConfigKeys (ConfUtils.java:logGet(46)) - raft.server.threadpool.server.cached = true (default)
2023-04-24 08:15:28,463 [pool-101-thread-1] INFO  server.RaftServerConfigKeys (ConfUtils.java:logGet(46)) - raft.server.threadpool.server.size = 0 (default)
2023-04-24 08:15:28,463 [pool-101-thread-1] INFO  server.RaftServerConfigKeys (ConfUtils.java:logGet(46)) - raft.server.threadpool.client.cached = true (default)
2023-04-24 08:15:28,463 [pool-101-thread-1] INFO  server.RaftServerConfigKeys (ConfUtils.java:logGet(46)) - raft.server.threadpool.client.size = 0 (default)
2023-04-24 08:15:28,463 [pool-101-thread-1] INFO  storage.RaftStorageDirectory (RaftStorageDirectoryImpl.java:analyzeStorage(137)) - The storage directory /home/runner/work/ozone/ozone/hadoop-ozone/integration-test/target/test-dir/MiniOzoneClusterImpl-f6153afd-65ae-4a30-a1a8-75442c8cb6d9/datanode-1/data/ratis/710e0519-16a5-4108-b64d-255fca681ca6 does not exist. Creating ...
2023-04-24 08:15:28,469 [pool-101-thread-1] INFO  storage.RaftStorageDirectory (RaftStorageDirectoryImpl.java:tryLock(231)) - Lock on /home/runner/work/ozone/ozone/hadoop-ozone/integration-test/target/test-dir/MiniOzoneClusterImpl-f6153afd-65ae-4a30-a1a8-75442c8cb6d9/datanode-1/data/ratis/710e0519-16a5-4108-b64d-255fca681ca6/in_use.lock acquired by nodename 2521@fv-az212-956
2023-04-24 08:15:28,470 [pool-101-thread-1] INFO  storage.RaftStorage (RaftStorageImpl.java:format(96)) - Storage directory /home/runner/work/ozone/ozone/hadoop-ozone/integration-test/target/test-dir/MiniOzoneClusterImpl-f6153afd-65ae-4a30-a1a8-75442c8cb6d9/datanode-1/data/ratis/710e0519-16a5-4108-b64d-255fca681ca6 has been successfully formatted.
2023-04-24 08:15:28,473 [EventQueue-PipelineReportForPipelineReportHandler] INFO  pipeline.PipelineManagerImpl (PipelineManagerImpl.java:openPipeline(367)) - Pipeline Pipeline[ Id: 710e0519-16a5-4108-b64d-255fca681ca6, Nodes: d7f67023-bd71-4164-8161-24a8eb75dffe(fv-az212-956.zlodpucb4l4udavnfxg5s20dva.cx.internal.cloudapp.net/10.1.0.80), ReplicationConfig: RATIS/ONE, State:ALLOCATED, leaderId:d7f67023-bd71-4164-8161-24a8eb75dffe, CreationTimestamp2023-04-24T08:15:25.453Z[Etc/UTC]] moved to OPEN state
2023-04-24 08:15:28,474 [EventQueue-OpenPipelineForHealthyPipelineSafeModeRule] INFO  safemode.SCMSafeModeManager (HealthyPipelineSafeModeRule.java:process(137)) - SCM in safe mode. Healthy pipelines reported count is 0, required healthy pipeline reported count is 1
2023-04-24 08:15:28,472 [pool-101-thread-1] INFO  ratis.ContainerStateMachine (ContainerStateMachine.java:loadSnapshot(262)) - group-255FCA681CA6: The snapshot info is null. Setting the last applied indexto:(t:0, i:~)
2023-04-24 08:15:28,474 [pool-101-thread-1] INFO  server.RaftServerConfigKeys (ConfUtils.java:logGet(46)) - raft.server.log.use.memory = false (default)
2023-04-24 08:15:28,474 [pool-101-thread-1] INFO  server.RaftServerConfigKeys (ConfUtils.java:logGet(46)) - raft.server.log.purge.gap = 1000000 (custom)
2023-04-24 08:15:28,475 [pool-101-thread-1] INFO  server.RaftServerConfigKeys (ConfUtils.java:logGet(46)) - raft.server.log.appender.buffer.byte-limit = 33554432 (custom)
2023-04-24 08:15:28,475 [pool-101-thread-1] INFO  server.RaftServerConfigKeys (ConfUtils.java:logGet(46)) - raft.server.log.statemachine.data.read.timeout = 1000ms (default)
2023-04-24 08:15:28,475 [pool-101-thread-1] INFO  server.RaftServerConfigKeys (ConfUtils.java:logGet(46)) - raft.server.log.purge.preservation.log.num = 0 (default)
2023-04-24 08:15:28,475 [pool-101-thread-1] INFO  server.RaftServerConfigKeys (ConfUtils.java:logGet(46)) - raft.server.log.segment.size.max = 1048576 (custom)
2023-04-24 08:15:28,477 [pool-101-thread-1] INFO  server.RaftServerConfigKeys (ConfUtils.java:logGet(46)) - raft.server.log.segment.cache.num.max = 2 (custom)
2023-04-24 08:15:28,477 [pool-101-thread-1] INFO  server.RaftServerConfigKeys (ConfUtils.java:logGet(46)) - raft.server.log.segment.cache.size.max = 200MB (=209715200) (default)
2023-04-24 08:15:28,478 [pool-101-thread-1] INFO  segmented.SegmentedRaftLogWorker (SegmentedRaftLogWorker.java:<init>(189)) - new d7f67023-bd71-4164-8161-24a8eb75dffe@group-255FCA681CA6-SegmentedRaftLogWorker for RaftStorageImpl:Storage Directory /home/runner/work/ozone/ozone/hadoop-ozone/integration-test/target/test-dir/MiniOzoneClusterImpl-f6153afd-65ae-4a30-a1a8-75442c8cb6d9/datanode-1/data/ratis/710e0519-16a5-4108-b64d-255fca681ca6
2023-04-24 08:15:28,478 [pool-101-thread-1] INFO  server.RaftServerConfigKeys (ConfUtils.java:logGet(46)) - raft.server.log.queue.byte-limit = 4294967296 (custom)
2023-04-24 08:15:28,478 [pool-101-thread-1] INFO  server.RaftServerConfigKeys (ConfUtils.java:logGet(46)) - raft.server.log.queue.element-limit = 1024 (custom)
2023-04-24 08:15:28,478 [pool-101-thread-1] INFO  server.RaftServerConfigKeys (ConfUtils.java:logGet(46)) - raft.server.log.segment.size.max = 1048576 (custom)
2023-04-24 08:15:28,478 [pool-101-thread-1] INFO  server.RaftServerConfigKeys (ConfUtils.java:logGet(46)) - raft.server.log.preallocated.size = 16384 (custom)
2023-04-24 08:15:28,478 [pool-101-thread-1] INFO  server.RaftServerConfigKeys (ConfUtils.java:logGet(46)) - raft.server.log.force.sync.num = 128 (default)
2023-04-24 08:15:28,478 [pool-101-thread-1] INFO  server.RaftServerConfigKeys (ConfUtils.java:logGet(46)) - raft.server.log.statemachine.data.sync = true (default)
2023-04-24 08:15:28,478 [pool-101-thread-1] INFO  server.RaftServerConfigKeys (ConfUtils.java:logGet(46)) - raft.server.log.statemachine.data.sync.timeout = 10s (default)
2023-04-24 08:15:28,478 [pool-101-thread-1] INFO  server.RaftServerConfigKeys (ConfUtils.java:logGet(46)) - raft.server.log.statemachine.data.sync.timeout.retry = -1 (default)
2023-04-24 08:15:28,482 [pool-101-thread-1] INFO  server.RaftServerConfigKeys (ConfUtils.java:logGet(46)) - raft.server.log.write.buffer.size = 1048576 (custom)
2023-04-24 08:15:28,484 [pool-101-thread-1] INFO  server.RaftServerConfigKeys (ConfUtils.java:logGet(46)) - raft.server.log.appender.buffer.byte-limit = 33554432 (custom)
2023-04-24 08:15:28,490 [pool-101-thread-1] INFO  server.RaftServerConfigKeys (ConfUtils.java:logGet(46)) - raft.server.log.unsafe-flush.enabled = false (default)
2023-04-24 08:15:28,490 [pool-101-thread-1] INFO  server.RaftServerConfigKeys (ConfUtils.java:logGet(46)) - raft.server.log.async-flush.enabled = false (default)
2023-04-24 08:15:28,490 [pool-101-thread-1] INFO  server.RaftServerConfigKeys (ConfUtils.java:logGet(46)) - raft.server.log.statemachine.data.caching.enabled = true (custom)
2023-04-24 08:15:28,491 [pool-101-thread-1] INFO  segmented.SegmentedRaftLogWorker (SegmentedRaftLogWorker.java:lambda$new$0(135)) - d7f67023-bd71-4164-8161-24a8eb75dffe@group-255FCA681CA6-SegmentedRaftLogWorker: flushIndex: setUnconditionally 0 -> -1
2023-04-24 08:15:28,491 [pool-101-thread-1] INFO  segmented.SegmentedRaftLogWorker (SegmentedRaftLogWorker.java:lambda$new$0(135)) - d7f67023-bd71-4164-8161-24a8eb75dffe@group-255FCA681CA6-SegmentedRaftLogWorker: safeCacheEvictIndex: setUnconditionally 0 -> -1
2023-04-24 08:15:28,493 [pool-101-thread-1] INFO  server.RaftServer$Division (RaftServerImpl.java:start(334)) - d7f67023-bd71-4164-8161-24a8eb75dffe@group-255FCA681CA6: start as a follower, conf=-1: peers:[d7f67023-bd71-4164-8161-24a8eb75dffe|rpc:10.1.0.80:40717|dataStream:10.1.0.80:32771|priority:1|startupRole:FOLLOWER]|listeners:[], old=null
2023-04-24 08:15:28,493 [pool-101-thread-1] INFO  server.RaftServer$Division (RaftServerImpl.java:setRole(321)) - d7f67023-bd71-4164-8161-24a8eb75dffe@group-255FCA681CA6: changes role from      null to FOLLOWER at term 0 for startAsFollower
2023-04-24 08:15:28,494 [pool-101-thread-1] INFO  impl.RoleInfo (RoleInfo.java:updateAndGet(139)) - d7f67023-bd71-4164-8161-24a8eb75dffe: start d7f67023-bd71-4164-8161-24a8eb75dffe@group-255FCA681CA6-FollowerState
2023-04-24 08:15:28,496 [pool-101-thread-1] INFO  util.JmxRegister (JmxRegister.java:tryRegister(44)) - Successfully registered JMX Bean with object name Ratis:service=RaftServer,group=group-255FCA681CA6,id=d7f67023-bd71-4164-8161-24a8eb75dffe
2023-04-24 08:15:28,500 [pool-101-thread-1] INFO  server.RaftServerConfigKeys (ConfUtils.java:logGet(46)) - raft.server.snapshot.auto.trigger.enabled = true (custom)
2023-04-24 08:15:28,500 [pool-101-thread-1] INFO  server.RaftServerConfigKeys (ConfUtils.java:logGet(46)) - raft.server.snapshot.auto.trigger.threshold = 10000 (custom)
2023-04-24 08:15:28,500 [pool-101-thread-1] INFO  server.RaftServerConfigKeys (ConfUtils.java:logGet(46)) - raft.server.snapshot.retention.file.num = 5 (custom)
2023-04-24 08:15:28,500 [pool-101-thread-1] INFO  server.RaftServerConfigKeys (ConfUtils.java:logGet(46)) - raft.server.log.purge.upto.snapshot.index = false (default)
2023-04-24 08:15:28,503 [Command processor thread] INFO  ratis.XceiverServerRatis (XceiverServerRatis.java:addGroup(806)) - Created group PipelineID=710e0519-16a5-4108-b64d-255fca681ca6
2023-04-24 08:15:28,504 [d7f67023-bd71-4164-8161-24a8eb75dffe@group-255FCA681CA6-FollowerState] INFO  server.RaftServerConfigKeys (ConfUtils.java:logFallback(53)) - raft.server.rpc.first-election.timeout.min = 5s (fallback to raft.server.rpc.timeout.min)
2023-04-24 08:15:28,504 [d7f67023-bd71-4164-8161-24a8eb75dffe@group-255FCA681CA6-FollowerState] INFO  server.RaftServerConfigKeys (ConfUtils.java:logFallback(53)) - raft.server.rpc.first-election.timeout.max = 5200ms (fallback to raft.server.rpc.timeout.max)
2023-04-24 08:15:28,504 [Command processor thread] INFO  commandhandler.CreatePipelineCommandHandler (CreatePipelineCommandHandler.java:handle(113)) - Created Pipeline RATIS ONE PipelineID=710e0519-16a5-4108-b64d-255fca681ca6.
2023-04-24 08:15:28,507 [Command processor thread] INFO  server.RaftServer (RaftServerProxy.java:addNew(96)) - d7f67023-bd71-4164-8161-24a8eb75dffe: addNew group-2C65884D69A9:[593f1123-fce2-46ce-a0f5-50a98353a86f|rpc:10.1.0.80:39617|dataStream:10.1.0.80:33973|priority:1|startupRole:FOLLOWER, 444322bb-4321-4e38-998a-96758a8a198b|rpc:10.1.0.80:39889|dataStream:10.1.0.80:39479|priority:0|startupRole:FOLLOWER, d7f67023-bd71-4164-8161-24a8eb75dffe|rpc:10.1.0.80:40717|dataStream:10.1.0.80:32771|priority:0|startupRole:FOLLOWER] returns group-2C65884D69A9:java.util.concurrent.CompletableFuture@8ef6507[Not completed]
2023-04-24 08:15:28,508 [pool-101-thread-1] INFO  server.RaftServer$Division (RaftServerImpl.java:<init>(195)) - d7f67023-bd71-4164-8161-24a8eb75dffe: new RaftServerImpl for group-2C65884D69A9:[593f1123-fce2-46ce-a0f5-50a98353a86f|rpc:10.1.0.80:39617|dataStream:10.1.0.80:33973|priority:1|startupRole:FOLLOWER, 444322bb-4321-4e38-998a-96758a8a198b|rpc:10.1.0.80:39889|dataStream:10.1.0.80:39479|priority:0|startupRole:FOLLOWER, d7f67023-bd71-4164-8161-24a8eb75dffe|rpc:10.1.0.80:40717|dataStream:10.1.0.80:32771|priority:0|startupRole:FOLLOWER] with ContainerStateMachine:uninitialized
2023-04-24 08:15:28,508 [pool-101-thread-1] INFO  server.RaftServerConfigKeys (ConfUtils.java:logGet(46)) - raft.server.rpc.timeout.min = 5s (custom)
2023-04-24 08:15:28,508 [pool-101-thread-1] INFO  server.RaftServerConfigKeys (ConfUtils.java:logGet(46)) - raft.server.rpc.timeout.max = 5200ms (custom)
2023-04-24 08:15:28,508 [pool-101-thread-1] INFO  server.RaftServerConfigKeys (ConfUtils.java:logGet(46)) - raft.server.rpc.sleep.time = 25ms (default)
2023-04-24 08:15:28,508 [pool-101-thread-1] INFO  server.RaftServerConfigKeys (ConfUtils.java:logGet(46)) - raft.server.rpc.slowness.timeout = 1000000ms (custom)
2023-04-24 08:15:28,508 [pool-101-thread-1] INFO  server.RaftServerConfigKeys (ConfUtils.java:logGet(46)) - raft.server.leaderelection.leader.step-down.wait-time = 10s (default)
2023-04-24 08:15:28,508 [pool-101-thread-1] INFO  server.RaftServerConfigKeys (ConfUtils.java:logGet(46)) - raft.server.sleep.deviation.threshold = 300ms (default)
2023-04-24 08:15:28,508 [pool-101-thread-1] INFO  server.RaftServer$Division (ServerState.java:<init>(118)) - d7f67023-bd71-4164-8161-24a8eb75dffe@group-2C65884D69A9: ConfigurationManager, init=-1: peers:[593f1123-fce2-46ce-a0f5-50a98353a86f|rpc:10.1.0.80:39617|dataStream:10.1.0.80:33973|priority:1|startupRole:FOLLOWER, 444322bb-4321-4e38-998a-96758a8a198b|rpc:10.1.0.80:39889|dataStream:10.1.0.80:39479|priority:0|startupRole:FOLLOWER, d7f67023-bd71-4164-8161-24a8eb75dffe|rpc:10.1.0.80:40717|dataStream:10.1.0.80:32771|priority:0|startupRole:FOLLOWER]|listeners:[], old=null, confs=<EMPTY_MAP>
2023-04-24 08:15:28,508 [pool-101-thread-1] INFO  server.RaftServerConfigKeys (ConfUtils.java:logGet(46)) - raft.server.storage.dir = [/home/runner/work/ozone/ozone/hadoop-ozone/integration-test/target/test-dir/MiniOzoneClusterImpl-f6153afd-65ae-4a30-a1a8-75442c8cb6d9/datanode-1/data/ratis] (custom)
2023-04-24 08:15:28,509 [pool-101-thread-1] INFO  server.RaftServerConfigKeys (ConfUtils.java:logGet(46)) - raft.server.log.corruption.policy = EXCEPTION (default)
2023-04-24 08:15:28,509 [pool-101-thread-1] INFO  server.RaftServerConfigKeys (ConfUtils.java:logGet(46)) - raft.server.storage.free-space.min = 0MB (=0) (default)
2023-04-24 08:15:28,509 [pool-101-thread-1] INFO  server.RaftServerConfigKeys (ConfUtils.java:logGet(46)) - raft.server.notification.no-leader.timeout = 1000000ms (custom)
2023-04-24 08:15:28,509 [pool-101-thread-1] INFO  server.RaftServerConfigKeys (ConfUtils.java:logGet(46)) - raft.server.retrycache.expirytime = 600000ms (custom)
2023-04-24 08:15:28,509 [pool-101-thread-1] INFO  server.RaftServerConfigKeys (ConfUtils.java:logGet(46)) - raft.server.retrycache.statistics.expirytime = 100μs (default)
2023-04-24 08:15:28,511 [pool-101-thread-1] INFO  server.RaftServerConfigKeys (ConfUtils.java:logGet(46)) - raft.server.log.appender.install.snapshot.enabled = false (custom)
2023-04-24 08:15:28,512 [pool-101-thread-1] INFO  server.RaftServerConfigKeys (ConfUtils.java:logGet(46)) - raft.server.threadpool.server.cached = true (default)
2023-04-24 08:15:28,512 [pool-101-thread-1] INFO  server.RaftServerConfigKeys (ConfUtils.java:logGet(46)) - raft.server.threadpool.server.size = 0 (default)
2023-04-24 08:15:28,512 [pool-101-thread-1] INFO  server.RaftServerConfigKeys (ConfUtils.java:logGet(46)) - raft.server.threadpool.client.cached = true (default)
2023-04-24 08:15:28,512 [pool-101-thread-1] INFO  server.RaftServerConfigKeys (ConfUtils.java:logGet(46)) - raft.server.threadpool.client.size = 0 (default)
2023-04-24 08:15:28,512 [pool-101-thread-1] INFO  storage.RaftStorageDirectory (RaftStorageDirectoryImpl.java:analyzeStorage(137)) - The storage directory /home/runner/work/ozone/ozone/hadoop-ozone/integration-test/target/test-dir/MiniOzoneClusterImpl-f6153afd-65ae-4a30-a1a8-75442c8cb6d9/datanode-1/data/ratis/28a339a4-75ef-4360-898e-2c65884d69a9 does not exist. Creating ...
2023-04-24 08:15:28,513 [pool-101-thread-1] INFO  storage.RaftStorageDirectory (RaftStorageDirectoryImpl.java:tryLock(231)) - Lock on /home/runner/work/ozone/ozone/hadoop-ozone/integration-test/target/test-dir/MiniOzoneClusterImpl-f6153afd-65ae-4a30-a1a8-75442c8cb6d9/datanode-1/data/ratis/28a339a4-75ef-4360-898e-2c65884d69a9/in_use.lock acquired by nodename 2521@fv-az212-956
2023-04-24 08:15:28,515 [pool-101-thread-1] INFO  storage.RaftStorage (RaftStorageImpl.java:format(96)) - Storage directory /home/runner/work/ozone/ozone/hadoop-ozone/integration-test/target/test-dir/MiniOzoneClusterImpl-f6153afd-65ae-4a30-a1a8-75442c8cb6d9/datanode-1/data/ratis/28a339a4-75ef-4360-898e-2c65884d69a9 has been successfully formatted.
2023-04-24 08:15:28,517 [pool-101-thread-1] INFO  ratis.ContainerStateMachine (ContainerStateMachine.java:loadSnapshot(262)) - group-2C65884D69A9: The snapshot info is null. Setting the last applied indexto:(t:0, i:~)
2023-04-24 08:15:28,517 [pool-101-thread-1] INFO  server.RaftServerConfigKeys (ConfUtils.java:logGet(46)) - raft.server.log.use.memory = false (default)
2023-04-24 08:15:28,517 [pool-101-thread-1] INFO  server.RaftServerConfigKeys (ConfUtils.java:logGet(46)) - raft.server.log.purge.gap = 1000000 (custom)
2023-04-24 08:15:28,517 [pool-101-thread-1] INFO  server.RaftServerConfigKeys (ConfUtils.java:logGet(46)) - raft.server.log.appender.buffer.byte-limit = 33554432 (custom)
2023-04-24 08:15:28,517 [pool-101-thread-1] INFO  server.RaftServerConfigKeys (ConfUtils.java:logGet(46)) - raft.server.log.statemachine.data.read.timeout = 1000ms (default)
2023-04-24 08:15:28,519 [pool-101-thread-1] INFO  server.RaftServerConfigKeys (ConfUtils.java:logGet(46)) - raft.server.log.purge.preservation.log.num = 0 (default)
2023-04-24 08:15:28,520 [EventQueue-OpenPipelineForHealthyPipelineSafeModeRule] INFO  safemode.SCMSafeModeManager (HealthyPipelineSafeModeRule.java:process(137)) - SCM in safe mode. Healthy pipelines reported count is 0, required healthy pipeline reported count is 1
2023-04-24 08:15:28,522 [BlockDeletingService#5] INFO  interfaces.ContainerDeletionChoosingPolicyTemplate (ContainerDeletionChoosingPolicyTemplate.java:chooseContainerForBlockDeletion(83)) - Chosen 0/5000 blocks from 0 candidate containers.
2023-04-24 08:15:28,526 [BlockDeletingService#1] INFO  interfaces.ContainerDeletionChoosingPolicyTemplate (ContainerDeletionChoosingPolicyTemplate.java:chooseContainerForBlockDeletion(83)) - Chosen 0/5000 blocks from 0 candidate containers.
2023-04-24 08:15:28,526 [BlockDeletingService#2] INFO  interfaces.ContainerDeletionChoosingPolicyTemplate (ContainerDeletionChoosingPolicyTemplate.java:chooseContainerForBlockDeletion(83)) - Chosen 0/5000 blocks from 0 candidate containers.
2023-04-24 08:15:28,527 [pool-101-thread-1] INFO  server.RaftServerConfigKeys (ConfUtils.java:logGet(46)) - raft.server.log.segment.size.max = 1048576 (custom)
2023-04-24 08:15:28,527 [pool-101-thread-1] INFO  server.RaftServerConfigKeys (ConfUtils.java:logGet(46)) - raft.server.log.segment.cache.num.max = 2 (custom)
2023-04-24 08:15:28,527 [pool-101-thread-1] INFO  server.RaftServerConfigKeys (ConfUtils.java:logGet(46)) - raft.server.log.segment.cache.size.max = 200MB (=209715200) (default)
2023-04-24 08:15:28,527 [pool-101-thread-1] INFO  segmented.SegmentedRaftLogWorker (SegmentedRaftLogWorker.java:<init>(189)) - new d7f67023-bd71-4164-8161-24a8eb75dffe@group-2C65884D69A9-SegmentedRaftLogWorker for RaftStorageImpl:Storage Directory /home/runner/work/ozone/ozone/hadoop-ozone/integration-test/target/test-dir/MiniOzoneClusterImpl-f6153afd-65ae-4a30-a1a8-75442c8cb6d9/datanode-1/data/ratis/28a339a4-75ef-4360-898e-2c65884d69a9
2023-04-24 08:15:28,527 [pool-101-thread-1] INFO  server.RaftServerConfigKeys (ConfUtils.java:logGet(46)) - raft.server.log.queue.byte-limit = 4294967296 (custom)
2023-04-24 08:15:28,527 [pool-101-thread-1] INFO  server.RaftServerConfigKeys (ConfUtils.java:logGet(46)) - raft.server.log.queue.element-limit = 1024 (custom)
2023-04-24 08:15:28,527 [pool-101-thread-1] INFO  server.RaftServerConfigKeys (ConfUtils.java:logGet(46)) - raft.server.log.segment.size.max = 1048576 (custom)
2023-04-24 08:15:28,527 [pool-101-thread-1] INFO  server.RaftServerConfigKeys (ConfUtils.java:logGet(46)) - raft.server.log.preallocated.size = 16384 (custom)
2023-04-24 08:15:28,527 [pool-101-thread-1] INFO  server.RaftServerConfigKeys (ConfUtils.java:logGet(46)) - raft.server.log.force.sync.num = 128 (default)
2023-04-24 08:15:28,527 [pool-101-thread-1] INFO  server.RaftServerConfigKeys (ConfUtils.java:logGet(46)) - raft.server.log.statemachine.data.sync = true (default)
2023-04-24 08:15:28,528 [pool-101-thread-1] INFO  server.RaftServerConfigKeys (ConfUtils.java:logGet(46)) - raft.server.log.statemachine.data.sync.timeout = 10s (default)
2023-04-24 08:15:28,528 [pool-101-thread-1] INFO  server.RaftServerConfigKeys (ConfUtils.java:logGet(46)) - raft.server.log.statemachine.data.sync.timeout.retry = -1 (default)
2023-04-24 08:15:28,528 [pool-101-thread-1] INFO  server.RaftServerConfigKeys (ConfUtils.java:logGet(46)) - raft.server.log.write.buffer.size = 1048576 (custom)
2023-04-24 08:15:28,529 [pool-101-thread-1] INFO  server.RaftServerConfigKeys (ConfUtils.java:logGet(46)) - raft.server.log.appender.buffer.byte-limit = 33554432 (custom)
2023-04-24 08:15:28,534 [pool-101-thread-1] INFO  server.RaftServerConfigKeys (ConfUtils.java:logGet(46)) - raft.server.log.unsafe-flush.enabled = false (default)
2023-04-24 08:15:28,534 [pool-101-thread-1] INFO  server.RaftServerConfigKeys (ConfUtils.java:logGet(46)) - raft.server.log.async-flush.enabled = false (default)
2023-04-24 08:15:28,534 [pool-101-thread-1] INFO  server.RaftServerConfigKeys (ConfUtils.java:logGet(46)) - raft.server.log.statemachine.data.caching.enabled = true (custom)
2023-04-24 08:15:28,542 [pool-101-thread-1] INFO  segmented.SegmentedRaftLogWorker (SegmentedRaftLogWorker.java:lambda$new$0(135)) - d7f67023-bd71-4164-8161-24a8eb75dffe@group-2C65884D69A9-SegmentedRaftLogWorker: flushIndex: setUnconditionally 0 -> -1
2023-04-24 08:15:28,542 [pool-101-thread-1] INFO  segmented.SegmentedRaftLogWorker (SegmentedRaftLogWorker.java:lambda$new$0(135)) - d7f67023-bd71-4164-8161-24a8eb75dffe@group-2C65884D69A9-SegmentedRaftLogWorker: safeCacheEvictIndex: setUnconditionally 0 -> -1
2023-04-24 08:15:28,550 [pool-101-thread-1] INFO  server.RaftServer$Division (RaftServerImpl.java:start(334)) - d7f67023-bd71-4164-8161-24a8eb75dffe@group-2C65884D69A9: start as a follower, conf=-1: peers:[593f1123-fce2-46ce-a0f5-50a98353a86f|rpc:10.1.0.80:39617|dataStream:10.1.0.80:33973|priority:1|startupRole:FOLLOWER, 444322bb-4321-4e38-998a-96758a8a198b|rpc:10.1.0.80:39889|dataStream:10.1.0.80:39479|priority:0|startupRole:FOLLOWER, d7f67023-bd71-4164-8161-24a8eb75dffe|rpc:10.1.0.80:40717|dataStream:10.1.0.80:32771|priority:0|startupRole:FOLLOWER]|listeners:[], old=null
2023-04-24 08:15:28,551 [pool-101-thread-1] INFO  server.RaftServer$Division (RaftServerImpl.java:setRole(321)) - d7f67023-bd71-4164-8161-24a8eb75dffe@group-2C65884D69A9: changes role from      null to FOLLOWER at term 0 for startAsFollower
2023-04-24 08:15:28,551 [pool-101-thread-1] INFO  impl.RoleInfo (RoleInfo.java:updateAndGet(139)) - d7f67023-bd71-4164-8161-24a8eb75dffe: start d7f67023-bd71-4164-8161-24a8eb75dffe@group-2C65884D69A9-FollowerState
2023-04-24 08:15:28,551 [pool-101-thread-1] INFO  util.JmxRegister (JmxRegister.java:tryRegister(44)) - Successfully registered JMX Bean with object name Ratis:service=RaftServer,group=group-2C65884D69A9,id=d7f67023-bd71-4164-8161-24a8eb75dffe
2023-04-24 08:15:28,551 [pool-101-thread-1] INFO  server.RaftServerConfigKeys (ConfUtils.java:logGet(46)) - raft.server.snapshot.auto.trigger.enabled = true (custom)
2023-04-24 08:15:28,551 [pool-101-thread-1] INFO  server.RaftServerConfigKeys (ConfUtils.java:logGet(46)) - raft.server.snapshot.auto.trigger.threshold = 10000 (custom)
2023-04-24 08:15:28,551 [pool-101-thread-1] INFO  server.RaftServerConfigKeys (ConfUtils.java:logGet(46)) - raft.server.snapshot.retention.file.num = 5 (custom)
2023-04-24 08:15:28,551 [pool-101-thread-1] INFO  server.RaftServerConfigKeys (ConfUtils.java:logGet(46)) - raft.server.log.purge.upto.snapshot.index = false (default)
2023-04-24 08:15:28,561 [d7f67023-bd71-4164-8161-24a8eb75dffe@group-2C65884D69A9-FollowerState] INFO  server.RaftServerConfigKeys (ConfUtils.java:logFallback(53)) - raft.server.rpc.first-election.timeout.min = 5s (fallback to raft.server.rpc.timeout.min)
2023-04-24 08:15:28,562 [Command processor thread] INFO  ratis.XceiverServerRatis (XceiverServerRatis.java:addGroup(806)) - Created group PipelineID=28a339a4-75ef-4360-898e-2c65884d69a9
2023-04-24 08:15:28,572 [d7f67023-bd71-4164-8161-24a8eb75dffe@group-2C65884D69A9-FollowerState] INFO  server.RaftServerConfigKeys (ConfUtils.java:logFallback(53)) - raft.server.rpc.first-election.timeout.max = 5200ms (fallback to raft.server.rpc.timeout.max)
2023-04-24 08:15:28,575 [grpc-default-executor-0] INFO  server.RaftServer (RaftServerProxy.java:addNew(96)) - 593f1123-fce2-46ce-a0f5-50a98353a86f: addNew group-2C65884D69A9:[593f1123-fce2-46ce-a0f5-50a98353a86f|rpc:10.1.0.80:39617|dataStream:10.1.0.80:33973|priority:1|startupRole:FOLLOWER, 444322bb-4321-4e38-998a-96758a8a198b|rpc:10.1.0.80:39889|dataStream:10.1.0.80:39479|priority:0|startupRole:FOLLOWER, d7f67023-bd71-4164-8161-24a8eb75dffe|rpc:10.1.0.80:40717|dataStream:10.1.0.80:32771|priority:0|startupRole:FOLLOWER] returns group-2C65884D69A9:java.util.concurrent.CompletableFuture@20707fd9[Not completed]
2023-04-24 08:15:28,584 [pool-123-thread-1] INFO  server.RaftServer$Division (RaftServerImpl.java:<init>(195)) - 593f1123-fce2-46ce-a0f5-50a98353a86f: new RaftServerImpl for group-2C65884D69A9:[593f1123-fce2-46ce-a0f5-50a98353a86f|rpc:10.1.0.80:39617|dataStream:10.1.0.80:33973|priority:1|startupRole:FOLLOWER, 444322bb-4321-4e38-998a-96758a8a198b|rpc:10.1.0.80:39889|dataStream:10.1.0.80:39479|priority:0|startupRole:FOLLOWER, d7f67023-bd71-4164-8161-24a8eb75dffe|rpc:10.1.0.80:40717|dataStream:10.1.0.80:32771|priority:0|startupRole:FOLLOWER] with ContainerStateMachine:uninitialized
2023-04-24 08:15:28,585 [pool-123-thread-1] INFO  server.RaftServerConfigKeys (ConfUtils.java:logGet(46)) - raft.server.rpc.timeout.min = 5s (custom)
2023-04-24 08:15:28,585 [pool-123-thread-1] INFO  server.RaftServerConfigKeys (ConfUtils.java:logGet(46)) - raft.server.rpc.timeout.max = 5200ms (custom)
2023-04-24 08:15:28,585 [pool-123-thread-1] INFO  server.RaftServerConfigKeys (ConfUtils.java:logGet(46)) - raft.server.rpc.sleep.time = 25ms (default)
2023-04-24 08:15:28,585 [pool-123-thread-1] INFO  server.RaftServerConfigKeys (ConfUtils.java:logGet(46)) - raft.server.rpc.slowness.timeout = 1000000ms (custom)
2023-04-24 08:15:28,585 [pool-123-thread-1] INFO  server.RaftServerConfigKeys (ConfUtils.java:logGet(46)) - raft.server.leaderelection.leader.step-down.wait-time = 10s (default)
2023-04-24 08:15:28,585 [pool-123-thread-1] INFO  server.RaftServerConfigKeys (ConfUtils.java:logGet(46)) - raft.server.sleep.deviation.threshold = 300ms (default)
2023-04-24 08:15:28,585 [pool-123-thread-1] INFO  server.RaftServer$Division (ServerState.java:<init>(118)) - 593f1123-fce2-46ce-a0f5-50a98353a86f@group-2C65884D69A9: ConfigurationManager, init=-1: peers:[593f1123-fce2-46ce-a0f5-50a98353a86f|rpc:10.1.0.80:39617|dataStream:10.1.0.80:33973|priority:1|startupRole:FOLLOWER, 444322bb-4321-4e38-998a-96758a8a198b|rpc:10.1.0.80:39889|dataStream:10.1.0.80:39479|priority:0|startupRole:FOLLOWER, d7f67023-bd71-4164-8161-24a8eb75dffe|rpc:10.1.0.80:40717|dataStream:10.1.0.80:32771|priority:0|startupRole:FOLLOWER]|listeners:[], old=null, confs=<EMPTY_MAP>
2023-04-24 08:15:28,585 [pool-123-thread-1] INFO  server.RaftServerConfigKeys (ConfUtils.java:logGet(46)) - raft.server.storage.dir = [/home/runner/work/ozone/ozone/hadoop-ozone/integration-test/target/test-dir/MiniOzoneClusterImpl-f6153afd-65ae-4a30-a1a8-75442c8cb6d9/datanode-2/data/ratis] (custom)
2023-04-24 08:15:28,585 [pool-123-thread-1] INFO  server.RaftServerConfigKeys (ConfUtils.java:logGet(46)) - raft.server.log.corruption.policy = EXCEPTION (default)
2023-04-24 08:15:28,585 [pool-123-thread-1] INFO  server.RaftServerConfigKeys (ConfUtils.java:logGet(46)) - raft.server.storage.free-space.min = 0MB (=0) (default)
2023-04-24 08:15:28,585 [pool-123-thread-1] INFO  server.RaftServerConfigKeys (ConfUtils.java:logGet(46)) - raft.server.notification.no-leader.timeout = 1000000ms (custom)
2023-04-24 08:15:28,585 [pool-123-thread-1] INFO  server.RaftServerConfigKeys (ConfUtils.java:logGet(46)) - raft.server.retrycache.expirytime = 600000ms (custom)
2023-04-24 08:15:28,585 [pool-123-thread-1] INFO  server.RaftServerConfigKeys (ConfUtils.java:logGet(46)) - raft.server.retrycache.statistics.expirytime = 100μs (default)
2023-04-24 08:15:28,592 [pool-123-thread-1] INFO  server.RaftServerConfigKeys (ConfUtils.java:logGet(46)) - raft.server.log.appender.install.snapshot.enabled = false (custom)
2023-04-24 08:15:28,592 [pool-123-thread-1] INFO  server.RaftServerConfigKeys (ConfUtils.java:logGet(46)) - raft.server.threadpool.server.cached = true (default)
2023-04-24 08:15:28,592 [pool-123-thread-1] INFO  server.RaftServerConfigKeys (ConfUtils.java:logGet(46)) - raft.server.threadpool.server.size = 0 (default)
2023-04-24 08:15:28,592 [pool-123-thread-1] INFO  server.RaftServerConfigKeys (ConfUtils.java:logGet(46)) - raft.server.threadpool.client.cached = true (default)
2023-04-24 08:15:28,592 [pool-123-thread-1] INFO  server.RaftServerConfigKeys (ConfUtils.java:logGet(46)) - raft.server.threadpool.client.size = 0 (default)
2023-04-24 08:15:28,592 [pool-123-thread-1] INFO  storage.RaftStorageDirectory (RaftStorageDirectoryImpl.java:analyzeStorage(137)) - The storage directory /home/runner/work/ozone/ozone/hadoop-ozone/integration-test/target/test-dir/MiniOzoneClusterImpl-f6153afd-65ae-4a30-a1a8-75442c8cb6d9/datanode-2/data/ratis/28a339a4-75ef-4360-898e-2c65884d69a9 does not exist. Creating ...
2023-04-24 08:15:28,593 [pool-123-thread-1] INFO  storage.RaftStorageDirectory (RaftStorageDirectoryImpl.java:tryLock(231)) - Lock on /home/runner/work/ozone/ozone/hadoop-ozone/integration-test/target/test-dir/MiniOzoneClusterImpl-f6153afd-65ae-4a30-a1a8-75442c8cb6d9/datanode-2/data/ratis/28a339a4-75ef-4360-898e-2c65884d69a9/in_use.lock acquired by nodename 2521@fv-az212-956
2023-04-24 08:15:28,595 [pool-123-thread-1] INFO  storage.RaftStorage (RaftStorageImpl.java:format(96)) - Storage directory /home/runner/work/ozone/ozone/hadoop-ozone/integration-test/target/test-dir/MiniOzoneClusterImpl-f6153afd-65ae-4a30-a1a8-75442c8cb6d9/datanode-2/data/ratis/28a339a4-75ef-4360-898e-2c65884d69a9 has been successfully formatted.
2023-04-24 08:15:28,595 [pool-123-thread-1] INFO  ratis.ContainerStateMachine (ContainerStateMachine.java:loadSnapshot(262)) - group-2C65884D69A9: The snapshot info is null. Setting the last applied indexto:(t:0, i:~)
2023-04-24 08:15:28,595 [pool-123-thread-1] INFO  server.RaftServerConfigKeys (ConfUtils.java:logGet(46)) - raft.server.log.use.memory = false (default)
2023-04-24 08:15:28,595 [pool-123-thread-1] INFO  server.RaftServerConfigKeys (ConfUtils.java:logGet(46)) - raft.server.log.purge.gap = 1000000 (custom)
2023-04-24 08:15:28,604 [pool-123-thread-1] INFO  server.RaftServerConfigKeys (ConfUtils.java:logGet(46)) - raft.server.log.appender.buffer.byte-limit = 33554432 (custom)
2023-04-24 08:15:28,604 [pool-123-thread-1] INFO  server.RaftServerConfigKeys (ConfUtils.java:logGet(46)) - raft.server.log.statemachine.data.read.timeout = 1000ms (default)
2023-04-24 08:15:28,604 [pool-123-thread-1] INFO  server.RaftServerConfigKeys (ConfUtils.java:logGet(46)) - raft.server.log.purge.preservation.log.num = 0 (default)
2023-04-24 08:15:28,604 [pool-123-thread-1] INFO  server.RaftServerConfigKeys (ConfUtils.java:logGet(46)) - raft.server.log.segment.size.max = 1048576 (custom)
2023-04-24 08:15:28,606 [pool-123-thread-1] INFO  server.RaftServerConfigKeys (ConfUtils.java:logGet(46)) - raft.server.log.segment.cache.num.max = 2 (custom)
2023-04-24 08:15:28,606 [pool-123-thread-1] INFO  server.RaftServerConfigKeys (ConfUtils.java:logGet(46)) - raft.server.log.segment.cache.size.max = 200MB (=209715200) (default)
2023-04-24 08:15:28,606 [pool-123-thread-1] INFO  segmented.SegmentedRaftLogWorker (SegmentedRaftLogWorker.java:<init>(189)) - new 593f1123-fce2-46ce-a0f5-50a98353a86f@group-2C65884D69A9-SegmentedRaftLogWorker for RaftStorageImpl:Storage Directory /home/runner/work/ozone/ozone/hadoop-ozone/integration-test/target/test-dir/MiniOzoneClusterImpl-f6153afd-65ae-4a30-a1a8-75442c8cb6d9/datanode-2/data/ratis/28a339a4-75ef-4360-898e-2c65884d69a9
2023-04-24 08:15:28,607 [pool-123-thread-1] INFO  server.RaftServerConfigKeys (ConfUtils.java:logGet(46)) - raft.server.log.queue.byte-limit = 4294967296 (custom)
2023-04-24 08:15:28,607 [pool-123-thread-1] INFO  server.RaftServerConfigKeys (ConfUtils.java:logGet(46)) - raft.server.log.queue.element-limit = 1024 (custom)
2023-04-24 08:15:28,607 [pool-123-thread-1] INFO  server.RaftServerConfigKeys (ConfUtils.java:logGet(46)) - raft.server.log.segment.size.max = 1048576 (custom)
2023-04-24 08:15:28,607 [pool-123-thread-1] INFO  server.RaftServerConfigKeys (ConfUtils.java:logGet(46)) - raft.server.log.preallocated.size = 16384 (custom)
2023-04-24 08:15:28,607 [pool-123-thread-1] INFO  server.RaftServerConfigKeys (ConfUtils.java:logGet(46)) - raft.server.log.force.sync.num = 128 (default)
2023-04-24 08:15:28,607 [pool-123-thread-1] INFO  server.RaftServerConfigKeys (ConfUtils.java:logGet(46)) - raft.server.log.statemachine.data.sync = true (default)
2023-04-24 08:15:28,607 [pool-123-thread-1] INFO  server.RaftServerConfigKeys (ConfUtils.java:logGet(46)) - raft.server.log.statemachine.data.sync.timeout = 10s (default)
2023-04-24 08:15:28,607 [pool-123-thread-1] INFO  server.RaftServerConfigKeys (ConfUtils.java:logGet(46)) - raft.server.log.statemachine.data.sync.timeout.retry = -1 (default)
2023-04-24 08:15:28,609 [pool-123-thread-1] INFO  server.RaftServerConfigKeys (ConfUtils.java:logGet(46)) - raft.server.log.write.buffer.size = 1048576 (custom)
2023-04-24 08:15:28,611 [pool-123-thread-1] INFO  server.RaftServerConfigKeys (ConfUtils.java:logGet(46)) - raft.server.log.appender.buffer.byte-limit = 33554432 (custom)
2023-04-24 08:15:28,618 [pool-123-thread-1] INFO  server.RaftServerConfigKeys (ConfUtils.java:logGet(46)) - raft.server.log.unsafe-flush.enabled = false (default)
2023-04-24 08:15:28,618 [pool-123-thread-1] INFO  server.RaftServerConfigKeys (ConfUtils.java:logGet(46)) - raft.server.log.async-flush.enabled = false (default)
2023-04-24 08:15:28,618 [pool-123-thread-1] INFO  server.RaftServerConfigKeys (ConfUtils.java:logGet(46)) - raft.server.log.statemachine.data.caching.enabled = true (custom)
2023-04-24 08:15:28,619 [pool-123-thread-1] INFO  segmented.SegmentedRaftLogWorker (SegmentedRaftLogWorker.java:lambda$new$0(135)) - 593f1123-fce2-46ce-a0f5-50a98353a86f@group-2C65884D69A9-SegmentedRaftLogWorker: flushIndex: setUnconditionally 0 -> -1
2023-04-24 08:15:28,619 [pool-123-thread-1] INFO  segmented.SegmentedRaftLogWorker (SegmentedRaftLogWorker.java:lambda$new$0(135)) - 593f1123-fce2-46ce-a0f5-50a98353a86f@group-2C65884D69A9-SegmentedRaftLogWorker: safeCacheEvictIndex: setUnconditionally 0 -> -1
2023-04-24 08:15:28,623 [BlockDeletingService#5] INFO  interfaces.ContainerDeletionChoosingPolicyTemplate (ContainerDeletionChoosingPolicyTemplate.java:chooseContainerForBlockDeletion(83)) - Chosen 0/5000 blocks from 0 candidate containers.
2023-04-24 08:15:28,626 [BlockDeletingService#2] INFO  interfaces.ContainerDeletionChoosingPolicyTemplate (ContainerDeletionChoosingPolicyTemplate.java:chooseContainerForBlockDeletion(83)) - Chosen 0/5000 blocks from 0 candidate containers.
2023-04-24 08:15:28,626 [BlockDeletingService#1] INFO  interfaces.ContainerDeletionChoosingPolicyTemplate (ContainerDeletionChoosingPolicyTemplate.java:chooseContainerForBlockDeletion(83)) - Chosen 0/5000 blocks from 0 candidate containers.
2023-04-24 08:15:28,632 [pool-123-thread-1] INFO  server.RaftServer$Division (RaftServerImpl.java:start(334)) - 593f1123-fce2-46ce-a0f5-50a98353a86f@group-2C65884D69A9: start as a follower, conf=-1: peers:[593f1123-fce2-46ce-a0f5-50a98353a86f|rpc:10.1.0.80:39617|dataStream:10.1.0.80:33973|priority:1|startupRole:FOLLOWER, 444322bb-4321-4e38-998a-96758a8a198b|rpc:10.1.0.80:39889|dataStream:10.1.0.80:39479|priority:0|startupRole:FOLLOWER, d7f67023-bd71-4164-8161-24a8eb75dffe|rpc:10.1.0.80:40717|dataStream:10.1.0.80:32771|priority:0|startupRole:FOLLOWER]|listeners:[], old=null
2023-04-24 08:15:28,632 [pool-123-thread-1] INFO  server.RaftServer$Division (RaftServerImpl.java:setRole(321)) - 593f1123-fce2-46ce-a0f5-50a98353a86f@group-2C65884D69A9: changes role from      null to FOLLOWER at term 0 for startAsFollower
2023-04-24 08:15:28,632 [pool-123-thread-1] INFO  impl.RoleInfo (RoleInfo.java:updateAndGet(139)) - 593f1123-fce2-46ce-a0f5-50a98353a86f: start 593f1123-fce2-46ce-a0f5-50a98353a86f@group-2C65884D69A9-FollowerState
2023-04-24 08:15:28,634 [pool-123-thread-1] INFO  util.JmxRegister (JmxRegister.java:tryRegister(44)) - Successfully registered JMX Bean with object name Ratis:service=RaftServer,group=group-2C65884D69A9,id=593f1123-fce2-46ce-a0f5-50a98353a86f
2023-04-24 08:15:28,634 [pool-123-thread-1] INFO  server.RaftServerConfigKeys (ConfUtils.java:logGet(46)) - raft.server.snapshot.auto.trigger.enabled = true (custom)
2023-04-24 08:15:28,634 [pool-123-thread-1] INFO  server.RaftServerConfigKeys (ConfUtils.java:logGet(46)) - raft.server.snapshot.auto.trigger.threshold = 10000 (custom)
2023-04-24 08:15:28,634 [pool-123-thread-1] INFO  server.RaftServerConfigKeys (ConfUtils.java:logGet(46)) - raft.server.snapshot.retention.file.num = 5 (custom)
2023-04-24 08:15:28,634 [pool-123-thread-1] INFO  server.RaftServerConfigKeys (ConfUtils.java:logGet(46)) - raft.server.log.purge.upto.snapshot.index = false (default)
2023-04-24 08:15:28,635 [593f1123-fce2-46ce-a0f5-50a98353a86f@group-2C65884D69A9-FollowerState] INFO  server.RaftServerConfigKeys (ConfUtils.java:logFallback(53)) - raft.server.rpc.first-election.timeout.min = 5s (fallback to raft.server.rpc.timeout.min)
2023-04-24 08:15:28,636 [593f1123-fce2-46ce-a0f5-50a98353a86f@group-2C65884D69A9-FollowerState] INFO  server.RaftServerConfigKeys (ConfUtils.java:logFallback(53)) - raft.server.rpc.first-election.timeout.max = 5200ms (fallback to raft.server.rpc.timeout.max)
2023-04-24 08:15:28,717 [Command processor thread] INFO  commandhandler.CreatePipelineCommandHandler (CreatePipelineCommandHandler.java:handle(113)) - Created Pipeline RATIS THREE PipelineID=28a339a4-75ef-4360-898e-2c65884d69a9.
2023-04-24 08:15:28,724 [Command processor thread] INFO  commandhandler.CreatePipelineCommandHandler (CreatePipelineCommandHandler.java:handle(113)) - Created Pipeline RATIS THREE PipelineID=28a339a4-75ef-4360-898e-2c65884d69a9.
2023-04-24 08:15:28,732 [BlockDeletingService#5] INFO  interfaces.ContainerDeletionChoosingPolicyTemplate (ContainerDeletionChoosingPolicyTemplate.java:chooseContainerForBlockDeletion(83)) - Chosen 0/5000 blocks from 0 candidate containers.
2023-04-24 08:15:28,732 [BlockDeletingService#2] INFO  interfaces.ContainerDeletionChoosingPolicyTemplate (ContainerDeletionChoosingPolicyTemplate.java:chooseContainerForBlockDeletion(83)) - Chosen 0/5000 blocks from 0 candidate containers.
2023-04-24 08:15:28,732 [BlockDeletingService#1] INFO  interfaces.ContainerDeletionChoosingPolicyTemplate (ContainerDeletionChoosingPolicyTemplate.java:chooseContainerForBlockDeletion(83)) - Chosen 0/5000 blocks from 0 candidate containers.
2023-04-24 08:15:28,832 [BlockDeletingService#5] INFO  interfaces.ContainerDeletionChoosingPolicyTemplate (ContainerDeletionChoosingPolicyTemplate.java:chooseContainerForBlockDeletion(83)) - Chosen 0/5000 blocks from 0 candidate containers.
2023-04-24 08:15:28,832 [BlockDeletingService#2] INFO  interfaces.ContainerDeletionChoosingPolicyTemplate (ContainerDeletionChoosingPolicyTemplate.java:chooseContainerForBlockDeletion(83)) - Chosen 0/5000 blocks from 0 candidate containers.
2023-04-24 08:15:28,833 [BlockDeletingService#1] INFO  interfaces.ContainerDeletionChoosingPolicyTemplate (ContainerDeletionChoosingPolicyTemplate.java:chooseContainerForBlockDeletion(83)) - Chosen 0/5000 blocks from 0 candidate containers.
2023-04-24 08:15:28,905 [Listener at 127.0.0.1/40959] INFO  ozone.MiniOzoneClusterImpl (MiniOzoneClusterImpl.java:lambda$waitForClusterToBeReady$0(223)) - Nodes are ready. Got 3 of 3 DN Heartbeats.
2023-04-24 08:15:28,905 [Listener at 127.0.0.1/40959] INFO  ozone.MiniOzoneClusterImpl (MiniOzoneClusterImpl.java:lambda$waitForClusterToBeReady$0(226)) - Waiting for cluster to exit safe mode
2023-04-24 08:15:28,905 [Listener at 127.0.0.1/40959] INFO  ozone.MiniOzoneClusterImpl (MiniOzoneClusterImpl.java:lambda$waitForClusterToBeReady$0(228)) - SCM became leader
2023-04-24 08:15:28,908 [Command processor thread] INFO  server.RaftServer (RaftServerProxy.java:addNew(96)) - 593f1123-fce2-46ce-a0f5-50a98353a86f: addNew group-817EDBF5072E:[593f1123-fce2-46ce-a0f5-50a98353a86f|rpc:10.1.0.80:39617|dataStream:10.1.0.80:33973|priority:1|startupRole:FOLLOWER] returns group-817EDBF5072E:java.util.concurrent.CompletableFuture@1990879e[Not completed]
2023-04-24 08:15:28,909 [pool-123-thread-1] INFO  server.RaftServer$Division (RaftServerImpl.java:<init>(195)) - 593f1123-fce2-46ce-a0f5-50a98353a86f: new RaftServerImpl for group-817EDBF5072E:[593f1123-fce2-46ce-a0f5-50a98353a86f|rpc:10.1.0.80:39617|dataStream:10.1.0.80:33973|priority:1|startupRole:FOLLOWER] with ContainerStateMachine:uninitialized
2023-04-24 08:15:28,909 [pool-123-thread-1] INFO  server.RaftServerConfigKeys (ConfUtils.java:logGet(46)) - raft.server.rpc.timeout.min = 5s (custom)
2023-04-24 08:15:28,909 [pool-123-thread-1] INFO  server.RaftServerConfigKeys (ConfUtils.java:logGet(46)) - raft.server.rpc.timeout.max = 5200ms (custom)
2023-04-24 08:15:28,909 [pool-123-thread-1] INFO  server.RaftServerConfigKeys (ConfUtils.java:logGet(46)) - raft.server.rpc.sleep.time = 25ms (default)
2023-04-24 08:15:28,909 [pool-123-thread-1] INFO  server.RaftServerConfigKeys (ConfUtils.java:logGet(46)) - raft.server.rpc.slowness.timeout = 1000000ms (custom)
2023-04-24 08:15:28,909 [pool-123-thread-1] INFO  server.RaftServerConfigKeys (ConfUtils.java:logGet(46)) - raft.server.leaderelection.leader.step-down.wait-time = 10s (default)
2023-04-24 08:15:28,910 [pool-123-thread-1] INFO  server.RaftServerConfigKeys (ConfUtils.java:logGet(46)) - raft.server.sleep.deviation.threshold = 300ms (default)
2023-04-24 08:15:28,910 [pool-123-thread-1] INFO  server.RaftServer$Division (ServerState.java:<init>(118)) - 593f1123-fce2-46ce-a0f5-50a98353a86f@group-817EDBF5072E: ConfigurationManager, init=-1: peers:[593f1123-fce2-46ce-a0f5-50a98353a86f|rpc:10.1.0.80:39617|dataStream:10.1.0.80:33973|priority:1|startupRole:FOLLOWER]|listeners:[], old=null, confs=<EMPTY_MAP>
2023-04-24 08:15:28,910 [pool-123-thread-1] INFO  server.RaftServerConfigKeys (ConfUtils.java:logGet(46)) - raft.server.storage.dir = [/home/runner/work/ozone/ozone/hadoop-ozone/integration-test/target/test-dir/MiniOzoneClusterImpl-f6153afd-65ae-4a30-a1a8-75442c8cb6d9/datanode-2/data/ratis] (custom)
2023-04-24 08:15:28,910 [pool-123-thread-1] INFO  server.RaftServerConfigKeys (ConfUtils.java:logGet(46)) - raft.server.log.corruption.policy = EXCEPTION (default)
2023-04-24 08:15:28,910 [pool-123-thread-1] INFO  server.RaftServerConfigKeys (ConfUtils.java:logGet(46)) - raft.server.storage.free-space.min = 0MB (=0) (default)
2023-04-24 08:15:28,910 [pool-123-thread-1] INFO  server.RaftServerConfigKeys (ConfUtils.java:logGet(46)) - raft.server.notification.no-leader.timeout = 1000000ms (custom)
2023-04-24 08:15:28,910 [pool-123-thread-1] INFO  server.RaftServerConfigKeys (ConfUtils.java:logGet(46)) - raft.server.retrycache.expirytime = 600000ms (custom)
2023-04-24 08:15:28,910 [pool-123-thread-1] INFO  server.RaftServerConfigKeys (ConfUtils.java:logGet(46)) - raft.server.retrycache.statistics.expirytime = 100μs (default)
2023-04-24 08:15:28,911 [pool-123-thread-1] INFO  server.RaftServerConfigKeys (ConfUtils.java:logGet(46)) - raft.server.log.appender.install.snapshot.enabled = false (custom)
2023-04-24 08:15:28,911 [pool-123-thread-1] INFO  server.RaftServerConfigKeys (ConfUtils.java:logGet(46)) - raft.server.threadpool.server.cached = true (default)
2023-04-24 08:15:28,911 [pool-123-thread-1] INFO  server.RaftServerConfigKeys (ConfUtils.java:logGet(46)) - raft.server.threadpool.server.size = 0 (default)
2023-04-24 08:15:28,911 [pool-123-thread-1] INFO  server.RaftServerConfigKeys (ConfUtils.java:logGet(46)) - raft.server.threadpool.client.cached = true (default)
2023-04-24 08:15:28,911 [pool-123-thread-1] INFO  server.RaftServerConfigKeys (ConfUtils.java:logGet(46)) - raft.server.threadpool.client.size = 0 (default)
2023-04-24 08:15:28,911 [pool-123-thread-1] INFO  storage.RaftStorageDirectory (RaftStorageDirectoryImpl.java:analyzeStorage(137)) - The storage directory /home/runner/work/ozone/ozone/hadoop-ozone/integration-test/target/test-dir/MiniOzoneClusterImpl-f6153afd-65ae-4a30-a1a8-75442c8cb6d9/datanode-2/data/ratis/bc57abd0-3d16-4ace-b638-817edbf5072e does not exist. Creating ...
2023-04-24 08:15:28,913 [pool-123-thread-1] INFO  storage.RaftStorageDirectory (RaftStorageDirectoryImpl.java:tryLock(231)) - Lock on /home/runner/work/ozone/ozone/hadoop-ozone/integration-test/target/test-dir/MiniOzoneClusterImpl-f6153afd-65ae-4a30-a1a8-75442c8cb6d9/datanode-2/data/ratis/bc57abd0-3d16-4ace-b638-817edbf5072e/in_use.lock acquired by nodename 2521@fv-az212-956
2023-04-24 08:15:28,914 [pool-123-thread-1] INFO  storage.RaftStorage (RaftStorageImpl.java:format(96)) - Storage directory /home/runner/work/ozone/ozone/hadoop-ozone/integration-test/target/test-dir/MiniOzoneClusterImpl-f6153afd-65ae-4a30-a1a8-75442c8cb6d9/datanode-2/data/ratis/bc57abd0-3d16-4ace-b638-817edbf5072e has been successfully formatted.
2023-04-24 08:15:28,915 [pool-123-thread-1] INFO  ratis.ContainerStateMachine (ContainerStateMachine.java:loadSnapshot(262)) - group-817EDBF5072E: The snapshot info is null. Setting the last applied indexto:(t:0, i:~)
2023-04-24 08:15:28,915 [pool-123-thread-1] INFO  server.RaftServerConfigKeys (ConfUtils.java:logGet(46)) - raft.server.log.use.memory = false (default)
2023-04-24 08:15:28,915 [pool-123-thread-1] INFO  server.RaftServerConfigKeys (ConfUtils.java:logGet(46)) - raft.server.log.purge.gap = 1000000 (custom)
2023-04-24 08:15:28,915 [pool-123-thread-1] INFO  server.RaftServerConfigKeys (ConfUtils.java:logGet(46)) - raft.server.log.appender.buffer.byte-limit = 33554432 (custom)
2023-04-24 08:15:28,915 [pool-123-thread-1] INFO  server.RaftServerConfigKeys (ConfUtils.java:logGet(46)) - raft.server.log.statemachine.data.read.timeout = 1000ms (default)
2023-04-24 08:15:28,915 [pool-123-thread-1] INFO  server.RaftServerConfigKeys (ConfUtils.java:logGet(46)) - raft.server.log.purge.preservation.log.num = 0 (default)
2023-04-24 08:15:28,916 [EventQueue-PipelineReportForPipelineReportHandler] INFO  pipeline.PipelineManagerImpl (PipelineManagerImpl.java:openPipeline(367)) - Pipeline Pipeline[ Id: bc57abd0-3d16-4ace-b638-817edbf5072e, Nodes: 593f1123-fce2-46ce-a0f5-50a98353a86f(fv-az212-956.zlodpucb4l4udavnfxg5s20dva.cx.internal.cloudapp.net/10.1.0.80), ReplicationConfig: RATIS/ONE, State:ALLOCATED, leaderId:593f1123-fce2-46ce-a0f5-50a98353a86f, CreationTimestamp2023-04-24T08:15:25.911Z[Etc/UTC]] moved to OPEN state
2023-04-24 08:15:28,917 [EventQueue-OpenPipelineForHealthyPipelineSafeModeRule] INFO  safemode.SCMSafeModeManager (HealthyPipelineSafeModeRule.java:process(137)) - SCM in safe mode. Healthy pipelines reported count is 0, required healthy pipeline reported count is 1
2023-04-24 08:15:28,917 [pool-123-thread-1] INFO  server.RaftServerConfigKeys (ConfUtils.java:logGet(46)) - raft.server.log.segment.size.max = 1048576 (custom)
2023-04-24 08:15:28,917 [pool-123-thread-1] INFO  server.RaftServerConfigKeys (ConfUtils.java:logGet(46)) - raft.server.log.segment.cache.num.max = 2 (custom)
2023-04-24 08:15:28,917 [pool-123-thread-1] INFO  server.RaftServerConfigKeys (ConfUtils.java:logGet(46)) - raft.server.log.segment.cache.size.max = 200MB (=209715200) (default)
2023-04-24 08:15:28,917 [pool-123-thread-1] INFO  segmented.SegmentedRaftLogWorker (SegmentedRaftLogWorker.java:<init>(189)) - new 593f1123-fce2-46ce-a0f5-50a98353a86f@group-817EDBF5072E-SegmentedRaftLogWorker for RaftStorageImpl:Storage Directory /home/runner/work/ozone/ozone/hadoop-ozone/integration-test/target/test-dir/MiniOzoneClusterImpl-f6153afd-65ae-4a30-a1a8-75442c8cb6d9/datanode-2/data/ratis/bc57abd0-3d16-4ace-b638-817edbf5072e
2023-04-24 08:15:28,917 [pool-123-thread-1] INFO  server.RaftServerConfigKeys (ConfUtils.java:logGet(46)) - raft.server.log.queue.byte-limit = 4294967296 (custom)
2023-04-24 08:15:28,917 [pool-123-thread-1] INFO  server.RaftServerConfigKeys (ConfUtils.java:logGet(46)) - raft.server.log.queue.element-limit = 1024 (custom)
2023-04-24 08:15:28,917 [pool-123-thread-1] INFO  server.RaftServerConfigKeys (ConfUtils.java:logGet(46)) - raft.server.log.segment.size.max = 1048576 (custom)
2023-04-24 08:15:28,918 [pool-123-thread-1] INFO  server.RaftServerConfigKeys (ConfUtils.java:logGet(46)) - raft.server.log.preallocated.size = 16384 (custom)
2023-04-24 08:15:28,918 [pool-123-thread-1] INFO  server.RaftServerConfigKeys (ConfUtils.java:logGet(46)) - raft.server.log.force.sync.num = 128 (default)
2023-04-24 08:15:28,918 [pool-123-thread-1] INFO  server.RaftServerConfigKeys (ConfUtils.java:logGet(46)) - raft.server.log.statemachine.data.sync = true (default)
2023-04-24 08:15:28,918 [pool-123-thread-1] INFO  server.RaftServerConfigKeys (ConfUtils.java:logGet(46)) - raft.server.log.statemachine.data.sync.timeout = 10s (default)
2023-04-24 08:15:28,918 [pool-123-thread-1] INFO  server.RaftServerConfigKeys (ConfUtils.java:logGet(46)) - raft.server.log.statemachine.data.sync.timeout.retry = -1 (default)
2023-04-24 08:15:28,918 [pool-123-thread-1] INFO  server.RaftServerConfigKeys (ConfUtils.java:logGet(46)) - raft.server.log.write.buffer.size = 1048576 (custom)
2023-04-24 08:15:28,919 [pool-123-thread-1] INFO  server.RaftServerConfigKeys (ConfUtils.java:logGet(46)) - raft.server.log.appender.buffer.byte-limit = 33554432 (custom)
2023-04-24 08:15:28,922 [pool-123-thread-1] INFO  server.RaftServerConfigKeys (ConfUtils.java:logGet(46)) - raft.server.log.unsafe-flush.enabled = false (default)
2023-04-24 08:15:28,922 [pool-123-thread-1] INFO  server.RaftServerConfigKeys (ConfUtils.java:logGet(46)) - raft.server.log.async-flush.enabled = false (default)
2023-04-24 08:15:28,922 [pool-123-thread-1] INFO  server.RaftServerConfigKeys (ConfUtils.java:logGet(46)) - raft.server.log.statemachine.data.caching.enabled = true (custom)
2023-04-24 08:15:28,922 [pool-123-thread-1] INFO  segmented.SegmentedRaftLogWorker (SegmentedRaftLogWorker.java:lambda$new$0(135)) - 593f1123-fce2-46ce-a0f5-50a98353a86f@group-817EDBF5072E-SegmentedRaftLogWorker: flushIndex: setUnconditionally 0 -> -1
2023-04-24 08:15:28,922 [pool-123-thread-1] INFO  segmented.SegmentedRaftLogWorker (SegmentedRaftLogWorker.java:lambda$new$0(135)) - 593f1123-fce2-46ce-a0f5-50a98353a86f@group-817EDBF5072E-SegmentedRaftLogWorker: safeCacheEvictIndex: setUnconditionally 0 -> -1
2023-04-24 08:15:28,929 [pool-123-thread-1] INFO  server.RaftServer$Division (RaftServerImpl.java:start(334)) - 593f1123-fce2-46ce-a0f5-50a98353a86f@group-817EDBF5072E: start as a follower, conf=-1: peers:[593f1123-fce2-46ce-a0f5-50a98353a86f|rpc:10.1.0.80:39617|dataStream:10.1.0.80:33973|priority:1|startupRole:FOLLOWER]|listeners:[], old=null
2023-04-24 08:15:28,929 [pool-123-thread-1] INFO  server.RaftServer$Division (RaftServerImpl.java:setRole(321)) - 593f1123-fce2-46ce-a0f5-50a98353a86f@group-817EDBF5072E: changes role from      null to FOLLOWER at term 0 for startAsFollower
2023-04-24 08:15:28,929 [pool-123-thread-1] INFO  impl.RoleInfo (RoleInfo.java:updateAndGet(139)) - 593f1123-fce2-46ce-a0f5-50a98353a86f: start 593f1123-fce2-46ce-a0f5-50a98353a86f@group-817EDBF5072E-FollowerState
2023-04-24 08:15:28,933 [BlockDeletingService#5] INFO  interfaces.ContainerDeletionChoosingPolicyTemplate (ContainerDeletionChoosingPolicyTemplate.java:chooseContainerForBlockDeletion(83)) - Chosen 0/5000 blocks from 0 candidate containers.
2023-04-24 08:15:28,933 [BlockDeletingService#2] INFO  interfaces.ContainerDeletionChoosingPolicyTemplate (ContainerDeletionChoosingPolicyTemplate.java:chooseContainerForBlockDeletion(83)) - Chosen 0/5000 blocks from 0 candidate containers.
2023-04-24 08:15:28,933 [BlockDeletingService#1] INFO  interfaces.ContainerDeletionChoosingPolicyTemplate (ContainerDeletionChoosingPolicyTemplate.java:chooseContainerForBlockDeletion(83)) - Chosen 0/5000 blocks from 0 candidate containers.
2023-04-24 08:15:28,933 [pool-123-thread-1] INFO  util.JmxRegister (JmxRegister.java:tryRegister(44)) - Successfully registered JMX Bean with object name Ratis:service=RaftServer,group=group-817EDBF5072E,id=593f1123-fce2-46ce-a0f5-50a98353a86f
2023-04-24 08:15:28,933 [593f1123-fce2-46ce-a0f5-50a98353a86f@group-817EDBF5072E-FollowerState] INFO  server.RaftServerConfigKeys (ConfUtils.java:logFallback(53)) - raft.server.rpc.first-election.timeout.min = 5s (fallback to raft.server.rpc.timeout.min)
2023-04-24 08:15:28,933 [pool-123-thread-1] INFO  server.RaftServerConfigKeys (ConfUtils.java:logGet(46)) - raft.server.snapshot.auto.trigger.enabled = true (custom)
2023-04-24 08:15:28,934 [593f1123-fce2-46ce-a0f5-50a98353a86f@group-817EDBF5072E-FollowerState] INFO  server.RaftServerConfigKeys (ConfUtils.java:logFallback(53)) - raft.server.rpc.first-election.timeout.max = 5200ms (fallback to raft.server.rpc.timeout.max)
2023-04-24 08:15:28,934 [pool-123-thread-1] INFO  server.RaftServerConfigKeys (ConfUtils.java:logGet(46)) - raft.server.snapshot.auto.trigger.threshold = 10000 (custom)
2023-04-24 08:15:28,934 [pool-123-thread-1] INFO  server.RaftServerConfigKeys (ConfUtils.java:logGet(46)) - raft.server.snapshot.retention.file.num = 5 (custom)
2023-04-24 08:15:28,934 [pool-123-thread-1] INFO  server.RaftServerConfigKeys (ConfUtils.java:logGet(46)) - raft.server.log.purge.upto.snapshot.index = false (default)
2023-04-24 08:15:28,935 [Command processor thread] INFO  ratis.XceiverServerRatis (XceiverServerRatis.java:addGroup(806)) - Created group PipelineID=bc57abd0-3d16-4ace-b638-817edbf5072e
2023-04-24 08:15:28,935 [Command processor thread] INFO  commandhandler.CreatePipelineCommandHandler (CreatePipelineCommandHandler.java:handle(113)) - Created Pipeline RATIS ONE PipelineID=bc57abd0-3d16-4ace-b638-817edbf5072e.
2023-04-24 08:15:29,033 [BlockDeletingService#5] INFO  interfaces.ContainerDeletionChoosingPolicyTemplate (ContainerDeletionChoosingPolicyTemplate.java:chooseContainerForBlockDeletion(83)) - Chosen 0/5000 blocks from 0 candidate containers.
2023-04-24 08:15:29,033 [BlockDeletingService#1] INFO  interfaces.ContainerDeletionChoosingPolicyTemplate (ContainerDeletionChoosingPolicyTemplate.java:chooseContainerForBlockDeletion(83)) - Chosen 0/5000 blocks from 0 candidate containers.
2023-04-24 08:15:29,033 [BlockDeletingService#2] INFO  interfaces.ContainerDeletionChoosingPolicyTemplate (ContainerDeletionChoosingPolicyTemplate.java:chooseContainerForBlockDeletion(83)) - Chosen 0/5000 blocks from 0 candidate containers.
2023-04-24 08:15:29,133 [BlockDeletingService#5] INFO  interfaces.ContainerDeletionChoosingPolicyTemplate (ContainerDeletionChoosingPolicyTemplate.java:chooseContainerForBlockDeletion(83)) - Chosen 0/5000 blocks from 0 candidate containers.
2023-04-24 08:15:29,133 [BlockDeletingService#2] INFO  interfaces.ContainerDeletionChoosingPolicyTemplate (ContainerDeletionChoosingPolicyTemplate.java:chooseContainerForBlockDeletion(83)) - Chosen 0/5000 blocks from 0 candidate containers.
2023-04-24 08:15:29,133 [BlockDeletingService#1] INFO  interfaces.ContainerDeletionChoosingPolicyTemplate (ContainerDeletionChoosingPolicyTemplate.java:chooseContainerForBlockDeletion(83)) - Chosen 0/5000 blocks from 0 candidate containers.
2023-04-24 08:15:29,233 [BlockDeletingService#5] INFO  interfaces.ContainerDeletionChoosingPolicyTemplate (ContainerDeletionChoosingPolicyTemplate.java:chooseContainerForBlockDeletion(83)) - Chosen 0/5000 blocks from 0 candidate containers.
2023-04-24 08:15:29,233 [BlockDeletingService#2] INFO  interfaces.ContainerDeletionChoosingPolicyTemplate (ContainerDeletionChoosingPolicyTemplate.java:chooseContainerForBlockDeletion(83)) - Chosen 0/5000 blocks from 0 candidate containers.
2023-04-24 08:15:29,234 [BlockDeletingService#1] INFO  interfaces.ContainerDeletionChoosingPolicyTemplate (ContainerDeletionChoosingPolicyTemplate.java:chooseContainerForBlockDeletion(83)) - Chosen 0/5000 blocks from 0 candidate containers.
2023-04-24 08:15:29,334 [BlockDeletingService#5] INFO  interfaces.ContainerDeletionChoosingPolicyTemplate (ContainerDeletionChoosingPolicyTemplate.java:chooseContainerForBlockDeletion(83)) - Chosen 0/5000 blocks from 0 candidate containers.
2023-04-24 08:15:29,334 [BlockDeletingService#1] INFO  interfaces.ContainerDeletionChoosingPolicyTemplate (ContainerDeletionChoosingPolicyTemplate.java:chooseContainerForBlockDeletion(83)) - Chosen 0/5000 blocks from 0 candidate containers.
2023-04-24 08:15:29,334 [BlockDeletingService#2] INFO  interfaces.ContainerDeletionChoosingPolicyTemplate (ContainerDeletionChoosingPolicyTemplate.java:chooseContainerForBlockDeletion(83)) - Chosen 0/5000 blocks from 0 candidate containers.
2023-04-24 08:15:29,434 [BlockDeletingService#5] INFO  interfaces.ContainerDeletionChoosingPolicyTemplate (ContainerDeletionChoosingPolicyTemplate.java:chooseContainerForBlockDeletion(83)) - Chosen 0/5000 blocks from 0 candidate containers.
2023-04-24 08:15:29,434 [BlockDeletingService#1] INFO  interfaces.ContainerDeletionChoosingPolicyTemplate (ContainerDeletionChoosingPolicyTemplate.java:chooseContainerForBlockDeletion(83)) - Chosen 0/5000 blocks from 0 candidate containers.
2023-04-24 08:15:29,434 [BlockDeletingService#2] INFO  interfaces.ContainerDeletionChoosingPolicyTemplate (ContainerDeletionChoosingPolicyTemplate.java:chooseContainerForBlockDeletion(83)) - Chosen 0/5000 blocks from 0 candidate containers.
2023-04-24 08:15:29,534 [BlockDeletingService#5] INFO  interfaces.ContainerDeletionChoosingPolicyTemplate (ContainerDeletionChoosingPolicyTemplate.java:chooseContainerForBlockDeletion(83)) - Chosen 0/5000 blocks from 0 candidate containers.
2023-04-24 08:15:29,534 [BlockDeletingService#1] INFO  interfaces.ContainerDeletionChoosingPolicyTemplate (ContainerDeletionChoosingPolicyTemplate.java:chooseContainerForBlockDeletion(83)) - Chosen 0/5000 blocks from 0 candidate containers.
2023-04-24 08:15:29,534 [BlockDeletingService#2] INFO  interfaces.ContainerDeletionChoosingPolicyTemplate (ContainerDeletionChoosingPolicyTemplate.java:chooseContainerForBlockDeletion(83)) - Chosen 0/5000 blocks from 0 candidate containers.
2023-04-24 08:15:29,634 [BlockDeletingService#5] INFO  interfaces.ContainerDeletionChoosingPolicyTemplate (ContainerDeletionChoosingPolicyTemplate.java:chooseContainerForBlockDeletion(83)) - Chosen 0/5000 blocks from 0 candidate containers.
2023-04-24 08:15:29,635 [BlockDeletingService#1] INFO  interfaces.ContainerDeletionChoosingPolicyTemplate (ContainerDeletionChoosingPolicyTemplate.java:chooseContainerForBlockDeletion(83)) - Chosen 0/5000 blocks from 0 candidate containers.
2023-04-24 08:15:29,635 [BlockDeletingService#2] INFO  interfaces.ContainerDeletionChoosingPolicyTemplate (ContainerDeletionChoosingPolicyTemplate.java:chooseContainerForBlockDeletion(83)) - Chosen 0/5000 blocks from 0 candidate containers.
2023-04-24 08:15:29,735 [BlockDeletingService#5] INFO  interfaces.ContainerDeletionChoosingPolicyTemplate (ContainerDeletionChoosingPolicyTemplate.java:chooseContainerForBlockDeletion(83)) - Chosen 0/5000 blocks from 0 candidate containers.
2023-04-24 08:15:29,735 [BlockDeletingService#1] INFO  interfaces.ContainerDeletionChoosingPolicyTemplate (ContainerDeletionChoosingPolicyTemplate.java:chooseContainerForBlockDeletion(83)) - Chosen 0/5000 blocks from 0 candidate containers.
2023-04-24 08:15:29,735 [BlockDeletingService#2] INFO  interfaces.ContainerDeletionChoosingPolicyTemplate (ContainerDeletionChoosingPolicyTemplate.java:chooseContainerForBlockDeletion(83)) - Chosen 0/5000 blocks from 0 candidate containers.
2023-04-24 08:15:29,835 [BlockDeletingService#5] INFO  interfaces.ContainerDeletionChoosingPolicyTemplate (ContainerDeletionChoosingPolicyTemplate.java:chooseContainerForBlockDeletion(83)) - Chosen 0/5000 blocks from 0 candidate containers.
2023-04-24 08:15:29,835 [BlockDeletingService#2] INFO  interfaces.ContainerDeletionChoosingPolicyTemplate (ContainerDeletionChoosingPolicyTemplate.java:chooseContainerForBlockDeletion(83)) - Chosen 0/5000 blocks from 0 candidate containers.
2023-04-24 08:15:29,835 [BlockDeletingService#1] INFO  interfaces.ContainerDeletionChoosingPolicyTemplate (ContainerDeletionChoosingPolicyTemplate.java:chooseContainerForBlockDeletion(83)) - Chosen 0/5000 blocks from 0 candidate containers.
2023-04-24 08:15:29,905 [Listener at 127.0.0.1/40959] INFO  ozone.MiniOzoneClusterImpl (MiniOzoneClusterImpl.java:lambda$waitForClusterToBeReady$0(223)) - Nodes are ready. Got 3 of 3 DN Heartbeats.
2023-04-24 08:15:29,905 [Listener at 127.0.0.1/40959] INFO  ozone.MiniOzoneClusterImpl (MiniOzoneClusterImpl.java:lambda$waitForClusterToBeReady$0(226)) - Waiting for cluster to exit safe mode
2023-04-24 08:15:29,906 [Listener at 127.0.0.1/40959] INFO  ozone.MiniOzoneClusterImpl (MiniOzoneClusterImpl.java:lambda$waitForClusterToBeReady$0(228)) - SCM became leader
2023-04-24 08:15:29,935 [BlockDeletingService#5] INFO  interfaces.ContainerDeletionChoosingPolicyTemplate (ContainerDeletionChoosingPolicyTemplate.java:chooseContainerForBlockDeletion(83)) - Chosen 0/5000 blocks from 0 candidate containers.
2023-04-24 08:15:29,935 [BlockDeletingService#2] INFO  interfaces.ContainerDeletionChoosingPolicyTemplate (ContainerDeletionChoosingPolicyTemplate.java:chooseContainerForBlockDeletion(83)) - Chosen 0/5000 blocks from 0 candidate containers.
2023-04-24 08:15:29,936 [BlockDeletingService#1] INFO  interfaces.ContainerDeletionChoosingPolicyTemplate (ContainerDeletionChoosingPolicyTemplate.java:chooseContainerForBlockDeletion(83)) - Chosen 0/5000 blocks from 0 candidate containers.
2023-04-24 08:15:30,036 [BlockDeletingService#5] INFO  interfaces.ContainerDeletionChoosingPolicyTemplate (ContainerDeletionChoosingPolicyTemplate.java:chooseContainerForBlockDeletion(83)) - Chosen 0/5000 blocks from 0 candidate containers.
2023-04-24 08:15:30,036 [BlockDeletingService#2] INFO  interfaces.ContainerDeletionChoosingPolicyTemplate (ContainerDeletionChoosingPolicyTemplate.java:chooseContainerForBlockDeletion(83)) - Chosen 0/5000 blocks from 0 candidate containers.
2023-04-24 08:15:30,036 [BlockDeletingService#1] INFO  interfaces.ContainerDeletionChoosingPolicyTemplate (ContainerDeletionChoosingPolicyTemplate.java:chooseContainerForBlockDeletion(83)) - Chosen 0/5000 blocks from 0 candidate containers.
2023-04-24 08:15:30,136 [BlockDeletingService#5] INFO  interfaces.ContainerDeletionChoosingPolicyTemplate (ContainerDeletionChoosingPolicyTemplate.java:chooseContainerForBlockDeletion(83)) - Chosen 0/5000 blocks from 0 candidate containers.
2023-04-24 08:15:30,136 [BlockDeletingService#1] INFO  interfaces.ContainerDeletionChoosingPolicyTemplate (ContainerDeletionChoosingPolicyTemplate.java:chooseContainerForBlockDeletion(83)) - Chosen 0/5000 blocks from 0 candidate containers.
2023-04-24 08:15:30,136 [BlockDeletingService#2] INFO  interfaces.ContainerDeletionChoosingPolicyTemplate (ContainerDeletionChoosingPolicyTemplate.java:chooseContainerForBlockDeletion(83)) - Chosen 0/5000 blocks from 0 candidate containers.
2023-04-24 08:15:30,236 [BlockDeletingService#5] INFO  interfaces.ContainerDeletionChoosingPolicyTemplate (ContainerDeletionChoosingPolicyTemplate.java:chooseContainerForBlockDeletion(83)) - Chosen 0/5000 blocks from 0 candidate containers.
2023-04-24 08:15:30,236 [BlockDeletingService#1] INFO  interfaces.ContainerDeletionChoosingPolicyTemplate (ContainerDeletionChoosingPolicyTemplate.java:chooseContainerForBlockDeletion(83)) - Chosen 0/5000 blocks from 0 candidate containers.
2023-04-24 08:15:30,236 [BlockDeletingService#2] INFO  interfaces.ContainerDeletionChoosingPolicyTemplate (ContainerDeletionChoosingPolicyTemplate.java:chooseContainerForBlockDeletion(83)) - Chosen 0/5000 blocks from 0 candidate containers.
2023-04-24 08:15:30,337 [BlockDeletingService#5] INFO  interfaces.ContainerDeletionChoosingPolicyTemplate (ContainerDeletionChoosingPolicyTemplate.java:chooseContainerForBlockDeletion(83)) - Chosen 0/5000 blocks from 0 candidate containers.
2023-04-24 08:15:30,337 [BlockDeletingService#1] INFO  interfaces.ContainerDeletionChoosingPolicyTemplate (ContainerDeletionChoosingPolicyTemplate.java:chooseContainerForBlockDeletion(83)) - Chosen 0/5000 blocks from 0 candidate containers.
2023-04-24 08:15:30,337 [BlockDeletingService#2] INFO  interfaces.ContainerDeletionChoosingPolicyTemplate (ContainerDeletionChoosingPolicyTemplate.java:chooseContainerForBlockDeletion(83)) - Chosen 0/5000 blocks from 0 candidate containers.
2023-04-24 08:15:30,437 [BlockDeletingService#5] INFO  interfaces.ContainerDeletionChoosingPolicyTemplate (ContainerDeletionChoosingPolicyTemplate.java:chooseContainerForBlockDeletion(83)) - Chosen 0/5000 blocks from 0 candidate containers.
2023-04-24 08:15:30,437 [BlockDeletingService#2] INFO  interfaces.ContainerDeletionChoosingPolicyTemplate (ContainerDeletionChoosingPolicyTemplate.java:chooseContainerForBlockDeletion(83)) - Chosen 0/5000 blocks from 0 candidate containers.
2023-04-24 08:15:30,437 [BlockDeletingService#1] INFO  interfaces.ContainerDeletionChoosingPolicyTemplate (ContainerDeletionChoosingPolicyTemplate.java:chooseContainerForBlockDeletion(83)) - Chosen 0/5000 blocks from 0 candidate containers.
2023-04-24 08:15:30,537 [BlockDeletingService#5] INFO  interfaces.ContainerDeletionChoosingPolicyTemplate (ContainerDeletionChoosingPolicyTemplate.java:chooseContainerForBlockDeletion(83)) - Chosen 0/5000 blocks from 0 candidate containers.
2023-04-24 08:15:30,537 [BlockDeletingService#2] INFO  interfaces.ContainerDeletionChoosingPolicyTemplate (ContainerDeletionChoosingPolicyTemplate.java:chooseContainerForBlockDeletion(83)) - Chosen 0/5000 blocks from 0 candidate containers.
2023-04-24 08:15:30,537 [BlockDeletingService#1] INFO  interfaces.ContainerDeletionChoosingPolicyTemplate (ContainerDeletionChoosingPolicyTemplate.java:chooseContainerForBlockDeletion(83)) - Chosen 0/5000 blocks from 0 candidate containers.
2023-04-24 08:15:30,637 [BlockDeletingService#5] INFO  interfaces.ContainerDeletionChoosingPolicyTemplate (ContainerDeletionChoosingPolicyTemplate.java:chooseContainerForBlockDeletion(83)) - Chosen 0/5000 blocks from 0 candidate containers.
2023-04-24 08:15:30,637 [BlockDeletingService#1] INFO  interfaces.ContainerDeletionChoosingPolicyTemplate (ContainerDeletionChoosingPolicyTemplate.java:chooseContainerForBlockDeletion(83)) - Chosen 0/5000 blocks from 0 candidate containers.
2023-04-24 08:15:30,637 [BlockDeletingService#2] INFO  interfaces.ContainerDeletionChoosingPolicyTemplate (ContainerDeletionChoosingPolicyTemplate.java:chooseContainerForBlockDeletion(83)) - Chosen 0/5000 blocks from 0 candidate containers.
2023-04-24 08:15:30,738 [BlockDeletingService#5] INFO  interfaces.ContainerDeletionChoosingPolicyTemplate (ContainerDeletionChoosingPolicyTemplate.java:chooseContainerForBlockDeletion(83)) - Chosen 0/5000 blocks from 0 candidate containers.
2023-04-24 08:15:30,738 [BlockDeletingService#2] INFO  interfaces.ContainerDeletionChoosingPolicyTemplate (ContainerDeletionChoosingPolicyTemplate.java:chooseContainerForBlockDeletion(83)) - Chosen 0/5000 blocks from 0 candidate containers.
2023-04-24 08:15:30,738 [BlockDeletingService#1] INFO  interfaces.ContainerDeletionChoosingPolicyTemplate (ContainerDeletionChoosingPolicyTemplate.java:chooseContainerForBlockDeletion(83)) - Chosen 0/5000 blocks from 0 candidate containers.
2023-04-24 08:15:30,838 [BlockDeletingService#5] INFO  interfaces.ContainerDeletionChoosingPolicyTemplate (ContainerDeletionChoosingPolicyTemplate.java:chooseContainerForBlockDeletion(83)) - Chosen 0/5000 blocks from 0 candidate containers.
2023-04-24 08:15:30,838 [BlockDeletingService#1] INFO  interfaces.ContainerDeletionChoosingPolicyTemplate (ContainerDeletionChoosingPolicyTemplate.java:chooseContainerForBlockDeletion(83)) - Chosen 0/5000 blocks from 0 candidate containers.
2023-04-24 08:15:30,838 [BlockDeletingService#2] INFO  interfaces.ContainerDeletionChoosingPolicyTemplate (ContainerDeletionChoosingPolicyTemplate.java:chooseContainerForBlockDeletion(83)) - Chosen 0/5000 blocks from 0 candidate containers.
2023-04-24 08:15:30,906 [Listener at 127.0.0.1/40959] INFO  ozone.MiniOzoneClusterImpl (MiniOzoneClusterImpl.java:lambda$waitForClusterToBeReady$0(223)) - Nodes are ready. Got 3 of 3 DN Heartbeats.
2023-04-24 08:15:30,906 [Listener at 127.0.0.1/40959] INFO  ozone.MiniOzoneClusterImpl (MiniOzoneClusterImpl.java:lambda$waitForClusterToBeReady$0(226)) - Waiting for cluster to exit safe mode
2023-04-24 08:15:30,906 [Listener at 127.0.0.1/40959] INFO  ozone.MiniOzoneClusterImpl (MiniOzoneClusterImpl.java:lambda$waitForClusterToBeReady$0(228)) - SCM became leader
2023-04-24 08:15:30,938 [BlockDeletingService#5] INFO  interfaces.ContainerDeletionChoosingPolicyTemplate (ContainerDeletionChoosingPolicyTemplate.java:chooseContainerForBlockDeletion(83)) - Chosen 0/5000 blocks from 0 candidate containers.
2023-04-24 08:15:30,938 [BlockDeletingService#1] INFO  interfaces.ContainerDeletionChoosingPolicyTemplate (ContainerDeletionChoosingPolicyTemplate.java:chooseContainerForBlockDeletion(83)) - Chosen 0/5000 blocks from 0 candidate containers.
2023-04-24 08:15:30,938 [BlockDeletingService#2] INFO  interfaces.ContainerDeletionChoosingPolicyTemplate (ContainerDeletionChoosingPolicyTemplate.java:chooseContainerForBlockDeletion(83)) - Chosen 0/5000 blocks from 0 candidate containers.
2023-04-24 08:15:31,038 [BlockDeletingService#5] INFO  interfaces.ContainerDeletionChoosingPolicyTemplate (ContainerDeletionChoosingPolicyTemplate.java:chooseContainerForBlockDeletion(83)) - Chosen 0/5000 blocks from 0 candidate containers.
2023-04-24 08:15:31,039 [BlockDeletingService#2] INFO  interfaces.ContainerDeletionChoosingPolicyTemplate (ContainerDeletionChoosingPolicyTemplate.java:chooseContainerForBlockDeletion(83)) - Chosen 0/5000 blocks from 0 candidate containers.
2023-04-24 08:15:31,038 [BlockDeletingService#1] INFO  interfaces.ContainerDeletionChoosingPolicyTemplate (ContainerDeletionChoosingPolicyTemplate.java:chooseContainerForBlockDeletion(83)) - Chosen 0/5000 blocks from 0 candidate containers.
2023-04-24 08:15:31,139 [BlockDeletingService#5] INFO  interfaces.ContainerDeletionChoosingPolicyTemplate (ContainerDeletionChoosingPolicyTemplate.java:chooseContainerForBlockDeletion(83)) - Chosen 0/5000 blocks from 0 candidate containers.
2023-04-24 08:15:31,139 [BlockDeletingService#2] INFO  interfaces.ContainerDeletionChoosingPolicyTemplate (ContainerDeletionChoosingPolicyTemplate.java:chooseContainerForBlockDeletion(83)) - Chosen 0/5000 blocks from 0 candidate containers.
2023-04-24 08:15:31,139 [BlockDeletingService#1] INFO  interfaces.ContainerDeletionChoosingPolicyTemplate (ContainerDeletionChoosingPolicyTemplate.java:chooseContainerForBlockDeletion(83)) - Chosen 0/5000 blocks from 0 candidate containers.
2023-04-24 08:15:31,239 [BlockDeletingService#5] INFO  interfaces.ContainerDeletionChoosingPolicyTemplate (ContainerDeletionChoosingPolicyTemplate.java:chooseContainerForBlockDeletion(83)) - Chosen 0/5000 blocks from 0 candidate containers.
2023-04-24 08:15:31,239 [BlockDeletingService#2] INFO  interfaces.ContainerDeletionChoosingPolicyTemplate (ContainerDeletionChoosingPolicyTemplate.java:chooseContainerForBlockDeletion(83)) - Chosen 0/5000 blocks from 0 candidate containers.
2023-04-24 08:15:31,239 [BlockDeletingService#1] INFO  interfaces.ContainerDeletionChoosingPolicyTemplate (ContainerDeletionChoosingPolicyTemplate.java:chooseContainerForBlockDeletion(83)) - Chosen 0/5000 blocks from 0 candidate containers.
2023-04-24 08:15:31,339 [BlockDeletingService#5] INFO  interfaces.ContainerDeletionChoosingPolicyTemplate (ContainerDeletionChoosingPolicyTemplate.java:chooseContainerForBlockDeletion(83)) - Chosen 0/5000 blocks from 0 candidate containers.
2023-04-24 08:15:31,339 [BlockDeletingService#2] INFO  interfaces.ContainerDeletionChoosingPolicyTemplate (ContainerDeletionChoosingPolicyTemplate.java:chooseContainerForBlockDeletion(83)) - Chosen 0/5000 blocks from 0 candidate containers.
2023-04-24 08:15:31,340 [BlockDeletingService#1] INFO  interfaces.ContainerDeletionChoosingPolicyTemplate (ContainerDeletionChoosingPolicyTemplate.java:chooseContainerForBlockDeletion(83)) - Chosen 0/5000 blocks from 0 candidate containers.
2023-04-24 08:15:31,440 [BlockDeletingService#5] INFO  interfaces.ContainerDeletionChoosingPolicyTemplate (ContainerDeletionChoosingPolicyTemplate.java:chooseContainerForBlockDeletion(83)) - Chosen 0/5000 blocks from 0 candidate containers.
2023-04-24 08:15:31,440 [BlockDeletingService#2] INFO  interfaces.ContainerDeletionChoosingPolicyTemplate (ContainerDeletionChoosingPolicyTemplate.java:chooseContainerForBlockDeletion(83)) - Chosen 0/5000 blocks from 0 candidate containers.
2023-04-24 08:15:31,440 [BlockDeletingService#1] INFO  interfaces.ContainerDeletionChoosingPolicyTemplate (ContainerDeletionChoosingPolicyTemplate.java:chooseContainerForBlockDeletion(83)) - Chosen 0/5000 blocks from 0 candidate containers.
2023-04-24 08:15:31,540 [BlockDeletingService#5] INFO  interfaces.ContainerDeletionChoosingPolicyTemplate (ContainerDeletionChoosingPolicyTemplate.java:chooseContainerForBlockDeletion(83)) - Chosen 0/5000 blocks from 0 candidate containers.
2023-04-24 08:15:31,540 [BlockDeletingService#2] INFO  interfaces.ContainerDeletionChoosingPolicyTemplate (ContainerDeletionChoosingPolicyTemplate.java:chooseContainerForBlockDeletion(83)) - Chosen 0/5000 blocks from 0 candidate containers.
2023-04-24 08:15:31,540 [BlockDeletingService#1] INFO  interfaces.ContainerDeletionChoosingPolicyTemplate (ContainerDeletionChoosingPolicyTemplate.java:chooseContainerForBlockDeletion(83)) - Chosen 0/5000 blocks from 0 candidate containers.
2023-04-24 08:15:31,640 [BlockDeletingService#5] INFO  interfaces.ContainerDeletionChoosingPolicyTemplate (ContainerDeletionChoosingPolicyTemplate.java:chooseContainerForBlockDeletion(83)) - Chosen 0/5000 blocks from 0 candidate containers.
2023-04-24 08:15:31,640 [BlockDeletingService#2] INFO  interfaces.ContainerDeletionChoosingPolicyTemplate (ContainerDeletionChoosingPolicyTemplate.java:chooseContainerForBlockDeletion(83)) - Chosen 0/5000 blocks from 0 candidate containers.
2023-04-24 08:15:31,640 [BlockDeletingService#1] INFO  interfaces.ContainerDeletionChoosingPolicyTemplate (ContainerDeletionChoosingPolicyTemplate.java:chooseContainerForBlockDeletion(83)) - Chosen 0/5000 blocks from 0 candidate containers.
2023-04-24 08:15:31,740 [BlockDeletingService#5] INFO  interfaces.ContainerDeletionChoosingPolicyTemplate (ContainerDeletionChoosingPolicyTemplate.java:chooseContainerForBlockDeletion(83)) - Chosen 0/5000 blocks from 0 candidate containers.
2023-04-24 08:15:31,740 [BlockDeletingService#2] INFO  interfaces.ContainerDeletionChoosingPolicyTemplate (ContainerDeletionChoosingPolicyTemplate.java:chooseContainerForBlockDeletion(83)) - Chosen 0/5000 blocks from 0 candidate containers.
2023-04-24 08:15:31,740 [BlockDeletingService#1] INFO  interfaces.ContainerDeletionChoosingPolicyTemplate (ContainerDeletionChoosingPolicyTemplate.java:chooseContainerForBlockDeletion(83)) - Chosen 0/5000 blocks from 0 candidate containers.
2023-04-24 08:15:31,841 [BlockDeletingService#5] INFO  interfaces.ContainerDeletionChoosingPolicyTemplate (ContainerDeletionChoosingPolicyTemplate.java:chooseContainerForBlockDeletion(83)) - Chosen 0/5000 blocks from 0 candidate containers.
2023-04-24 08:15:31,841 [BlockDeletingService#2] INFO  interfaces.ContainerDeletionChoosingPolicyTemplate (ContainerDeletionChoosingPolicyTemplate.java:chooseContainerForBlockDeletion(83)) - Chosen 0/5000 blocks from 0 candidate containers.
2023-04-24 08:15:31,841 [BlockDeletingService#1] INFO  interfaces.ContainerDeletionChoosingPolicyTemplate (ContainerDeletionChoosingPolicyTemplate.java:chooseContainerForBlockDeletion(83)) - Chosen 0/5000 blocks from 0 candidate containers.
2023-04-24 08:15:31,906 [Listener at 127.0.0.1/40959] INFO  ozone.MiniOzoneClusterImpl (MiniOzoneClusterImpl.java:lambda$waitForClusterToBeReady$0(223)) - Nodes are ready. Got 3 of 3 DN Heartbeats.
2023-04-24 08:15:31,906 [Listener at 127.0.0.1/40959] INFO  ozone.MiniOzoneClusterImpl (MiniOzoneClusterImpl.java:lambda$waitForClusterToBeReady$0(226)) - Waiting for cluster to exit safe mode
2023-04-24 08:15:31,906 [Listener at 127.0.0.1/40959] INFO  ozone.MiniOzoneClusterImpl (MiniOzoneClusterImpl.java:lambda$waitForClusterToBeReady$0(228)) - SCM became leader
2023-04-24 08:15:31,941 [BlockDeletingService#5] INFO  interfaces.ContainerDeletionChoosingPolicyTemplate (ContainerDeletionChoosingPolicyTemplate.java:chooseContainerForBlockDeletion(83)) - Chosen 0/5000 blocks from 0 candidate containers.
2023-04-24 08:15:31,941 [BlockDeletingService#2] INFO  interfaces.ContainerDeletionChoosingPolicyTemplate (ContainerDeletionChoosingPolicyTemplate.java:chooseContainerForBlockDeletion(83)) - Chosen 0/5000 blocks from 0 candidate containers.
2023-04-24 08:15:31,941 [BlockDeletingService#1] INFO  interfaces.ContainerDeletionChoosingPolicyTemplate (ContainerDeletionChoosingPolicyTemplate.java:chooseContainerForBlockDeletion(83)) - Chosen 0/5000 blocks from 0 candidate containers.
2023-04-24 08:15:32,041 [BlockDeletingService#5] INFO  interfaces.ContainerDeletionChoosingPolicyTemplate (ContainerDeletionChoosingPolicyTemplate.java:chooseContainerForBlockDeletion(83)) - Chosen 0/5000 blocks from 0 candidate containers.
2023-04-24 08:15:32,041 [BlockDeletingService#2] INFO  interfaces.ContainerDeletionChoosingPolicyTemplate (ContainerDeletionChoosingPolicyTemplate.java:chooseContainerForBlockDeletion(83)) - Chosen 0/5000 blocks from 0 candidate containers.
2023-04-24 08:15:32,041 [BlockDeletingService#1] INFO  interfaces.ContainerDeletionChoosingPolicyTemplate (ContainerDeletionChoosingPolicyTemplate.java:chooseContainerForBlockDeletion(83)) - Chosen 0/5000 blocks from 0 candidate containers.
2023-04-24 08:15:32,141 [BlockDeletingService#5] INFO  interfaces.ContainerDeletionChoosingPolicyTemplate (ContainerDeletionChoosingPolicyTemplate.java:chooseContainerForBlockDeletion(83)) - Chosen 0/5000 blocks from 0 candidate containers.
2023-04-24 08:15:32,141 [BlockDeletingService#2] INFO  interfaces.ContainerDeletionChoosingPolicyTemplate (ContainerDeletionChoosingPolicyTemplate.java:chooseContainerForBlockDeletion(83)) - Chosen 0/5000 blocks from 0 candidate containers.
2023-04-24 08:15:32,141 [BlockDeletingService#1] INFO  interfaces.ContainerDeletionChoosingPolicyTemplate (ContainerDeletionChoosingPolicyTemplate.java:chooseContainerForBlockDeletion(83)) - Chosen 0/5000 blocks from 0 candidate containers.
2023-04-24 08:15:32,242 [BlockDeletingService#5] INFO  interfaces.ContainerDeletionChoosingPolicyTemplate (ContainerDeletionChoosingPolicyTemplate.java:chooseContainerForBlockDeletion(83)) - Chosen 0/5000 blocks from 0 candidate containers.
2023-04-24 08:15:32,242 [BlockDeletingService#2] INFO  interfaces.ContainerDeletionChoosingPolicyTemplate (ContainerDeletionChoosingPolicyTemplate.java:chooseContainerForBlockDeletion(83)) - Chosen 0/5000 blocks from 0 candidate containers.
2023-04-24 08:15:32,242 [BlockDeletingService#1] INFO  interfaces.ContainerDeletionChoosingPolicyTemplate (ContainerDeletionChoosingPolicyTemplate.java:chooseContainerForBlockDeletion(83)) - Chosen 0/5000 blocks from 0 candidate containers.
2023-04-24 08:15:32,342 [BlockDeletingService#5] INFO  interfaces.ContainerDeletionChoosingPolicyTemplate (ContainerDeletionChoosingPolicyTemplate.java:chooseContainerForBlockDeletion(83)) - Chosen 0/5000 blocks from 0 candidate containers.
2023-04-24 08:15:32,342 [BlockDeletingService#2] INFO  interfaces.ContainerDeletionChoosingPolicyTemplate (ContainerDeletionChoosingPolicyTemplate.java:chooseContainerForBlockDeletion(83)) - Chosen 0/5000 blocks from 0 candidate containers.
2023-04-24 08:15:32,342 [BlockDeletingService#1] INFO  interfaces.ContainerDeletionChoosingPolicyTemplate (ContainerDeletionChoosingPolicyTemplate.java:chooseContainerForBlockDeletion(83)) - Chosen 0/5000 blocks from 0 candidate containers.
2023-04-24 08:15:32,442 [BlockDeletingService#5] INFO  interfaces.ContainerDeletionChoosingPolicyTemplate (ContainerDeletionChoosingPolicyTemplate.java:chooseContainerForBlockDeletion(83)) - Chosen 0/5000 blocks from 0 candidate containers.
2023-04-24 08:15:32,442 [BlockDeletingService#2] INFO  interfaces.ContainerDeletionChoosingPolicyTemplate (ContainerDeletionChoosingPolicyTemplate.java:chooseContainerForBlockDeletion(83)) - Chosen 0/5000 blocks from 0 candidate containers.
2023-04-24 08:15:32,442 [BlockDeletingService#1] INFO  interfaces.ContainerDeletionChoosingPolicyTemplate (ContainerDeletionChoosingPolicyTemplate.java:chooseContainerForBlockDeletion(83)) - Chosen 0/5000 blocks from 0 candidate containers.
2023-04-24 08:15:32,542 [BlockDeletingService#5] INFO  interfaces.ContainerDeletionChoosingPolicyTemplate (ContainerDeletionChoosingPolicyTemplate.java:chooseContainerForBlockDeletion(83)) - Chosen 0/5000 blocks from 0 candidate containers.
2023-04-24 08:15:32,542 [BlockDeletingService#2] INFO  interfaces.ContainerDeletionChoosingPolicyTemplate (ContainerDeletionChoosingPolicyTemplate.java:chooseContainerForBlockDeletion(83)) - Chosen 0/5000 blocks from 0 candidate containers.
2023-04-24 08:15:32,542 [BlockDeletingService#1] INFO  interfaces.ContainerDeletionChoosingPolicyTemplate (ContainerDeletionChoosingPolicyTemplate.java:chooseContainerForBlockDeletion(83)) - Chosen 0/5000 blocks from 0 candidate containers.
2023-04-24 08:15:32,643 [BlockDeletingService#5] INFO  interfaces.ContainerDeletionChoosingPolicyTemplate (ContainerDeletionChoosingPolicyTemplate.java:chooseContainerForBlockDeletion(83)) - Chosen 0/5000 blocks from 0 candidate containers.
2023-04-24 08:15:32,643 [BlockDeletingService#2] INFO  interfaces.ContainerDeletionChoosingPolicyTemplate (ContainerDeletionChoosingPolicyTemplate.java:chooseContainerForBlockDeletion(83)) - Chosen 0/5000 blocks from 0 candidate containers.
2023-04-24 08:15:32,643 [BlockDeletingService#1] INFO  interfaces.ContainerDeletionChoosingPolicyTemplate (ContainerDeletionChoosingPolicyTemplate.java:chooseContainerForBlockDeletion(83)) - Chosen 0/5000 blocks from 0 candidate containers.
2023-04-24 08:15:32,743 [BlockDeletingService#5] INFO  interfaces.ContainerDeletionChoosingPolicyTemplate (ContainerDeletionChoosingPolicyTemplate.java:chooseContainerForBlockDeletion(83)) - Chosen 0/5000 blocks from 0 candidate containers.
2023-04-24 08:15:32,743 [BlockDeletingService#2] INFO  interfaces.ContainerDeletionChoosingPolicyTemplate (ContainerDeletionChoosingPolicyTemplate.java:chooseContainerForBlockDeletion(83)) - Chosen 0/5000 blocks from 0 candidate containers.
2023-04-24 08:15:32,744 [BlockDeletingService#1] INFO  interfaces.ContainerDeletionChoosingPolicyTemplate (ContainerDeletionChoosingPolicyTemplate.java:chooseContainerForBlockDeletion(83)) - Chosen 0/5000 blocks from 0 candidate containers.
2023-04-24 08:15:32,843 [BlockDeletingService#5] INFO  interfaces.ContainerDeletionChoosingPolicyTemplate (ContainerDeletionChoosingPolicyTemplate.java:chooseContainerForBlockDeletion(83)) - Chosen 0/5000 blocks from 0 candidate containers.
2023-04-24 08:15:32,843 [BlockDeletingService#2] INFO  interfaces.ContainerDeletionChoosingPolicyTemplate (ContainerDeletionChoosingPolicyTemplate.java:chooseContainerForBlockDeletion(83)) - Chosen 0/5000 blocks from 0 candidate containers.
2023-04-24 08:15:32,844 [BlockDeletingService#1] INFO  interfaces.ContainerDeletionChoosingPolicyTemplate (ContainerDeletionChoosingPolicyTemplate.java:chooseContainerForBlockDeletion(83)) - Chosen 0/5000 blocks from 0 candidate containers.
2023-04-24 08:15:32,907 [Listener at 127.0.0.1/40959] INFO  ozone.MiniOzoneClusterImpl (MiniOzoneClusterImpl.java:lambda$waitForClusterToBeReady$0(223)) - Nodes are ready. Got 3 of 3 DN Heartbeats.
2023-04-24 08:15:32,907 [Listener at 127.0.0.1/40959] INFO  ozone.MiniOzoneClusterImpl (MiniOzoneClusterImpl.java:lambda$waitForClusterToBeReady$0(226)) - Waiting for cluster to exit safe mode
2023-04-24 08:15:32,907 [Listener at 127.0.0.1/40959] INFO  ozone.MiniOzoneClusterImpl (MiniOzoneClusterImpl.java:lambda$waitForClusterToBeReady$0(228)) - SCM became leader
2023-04-24 08:15:32,943 [BlockDeletingService#5] INFO  interfaces.ContainerDeletionChoosingPolicyTemplate (ContainerDeletionChoosingPolicyTemplate.java:chooseContainerForBlockDeletion(83)) - Chosen 0/5000 blocks from 0 candidate containers.
2023-04-24 08:15:32,943 [BlockDeletingService#2] INFO  interfaces.ContainerDeletionChoosingPolicyTemplate (ContainerDeletionChoosingPolicyTemplate.java:chooseContainerForBlockDeletion(83)) - Chosen 0/5000 blocks from 0 candidate containers.
2023-04-24 08:15:32,944 [BlockDeletingService#1] INFO  interfaces.ContainerDeletionChoosingPolicyTemplate (ContainerDeletionChoosingPolicyTemplate.java:chooseContainerForBlockDeletion(83)) - Chosen 0/5000 blocks from 0 candidate containers.
2023-04-24 08:15:33,044 [BlockDeletingService#5] INFO  interfaces.ContainerDeletionChoosingPolicyTemplate (ContainerDeletionChoosingPolicyTemplate.java:chooseContainerForBlockDeletion(83)) - Chosen 0/5000 blocks from 0 candidate containers.
2023-04-24 08:15:33,044 [BlockDeletingService#2] INFO  interfaces.ContainerDeletionChoosingPolicyTemplate (ContainerDeletionChoosingPolicyTemplate.java:chooseContainerForBlockDeletion(83)) - Chosen 0/5000 blocks from 0 candidate containers.
2023-04-24 08:15:33,044 [BlockDeletingService#1] INFO  interfaces.ContainerDeletionChoosingPolicyTemplate (ContainerDeletionChoosingPolicyTemplate.java:chooseContainerForBlockDeletion(83)) - Chosen 0/5000 blocks from 0 candidate containers.
2023-04-24 08:15:33,079 [444322bb-4321-4e38-998a-96758a8a198b@group-2C65884D69A9-FollowerState] INFO  impl.FollowerState (FollowerState.java:run(143)) - 444322bb-4321-4e38-998a-96758a8a198b@group-2C65884D69A9-FollowerState: change to CANDIDATE, lastRpcElapsedTime:5094376096ns, electionTimeout:5092ms
2023-04-24 08:15:33,079 [444322bb-4321-4e38-998a-96758a8a198b@group-2C65884D69A9-FollowerState] INFO  impl.RoleInfo (RoleInfo.java:shutdownFollowerState(110)) - 444322bb-4321-4e38-998a-96758a8a198b: shutdown 444322bb-4321-4e38-998a-96758a8a198b@group-2C65884D69A9-FollowerState
2023-04-24 08:15:33,079 [444322bb-4321-4e38-998a-96758a8a198b@group-2C65884D69A9-FollowerState] INFO  server.RaftServer$Division (RaftServerImpl.java:setRole(321)) - 444322bb-4321-4e38-998a-96758a8a198b@group-2C65884D69A9: changes role from  FOLLOWER to CANDIDATE at term 0 for changeToCandidate
2023-04-24 08:15:33,080 [444322bb-4321-4e38-998a-96758a8a198b@group-2C65884D69A9-FollowerState] INFO  server.RaftServerConfigKeys (ConfUtils.java:logGet(46)) - raft.server.leaderelection.pre-vote = true (default)
2023-04-24 08:15:33,080 [444322bb-4321-4e38-998a-96758a8a198b@group-2C65884D69A9-FollowerState] INFO  impl.RoleInfo (RoleInfo.java:updateAndGet(139)) - 444322bb-4321-4e38-998a-96758a8a198b: start 444322bb-4321-4e38-998a-96758a8a198b@group-2C65884D69A9-LeaderElection2
2023-04-24 08:15:33,084 [444322bb-4321-4e38-998a-96758a8a198b@group-2C65884D69A9-LeaderElection2] INFO  impl.LeaderElection (LeaderElection.java:askForVotes(312)) - 444322bb-4321-4e38-998a-96758a8a198b@group-2C65884D69A9-LeaderElection2 PRE_VOTE round 0: submit vote requests at term 0 for -1: peers:[593f1123-fce2-46ce-a0f5-50a98353a86f|rpc:10.1.0.80:39617|dataStream:10.1.0.80:33973|priority:1|startupRole:FOLLOWER, 444322bb-4321-4e38-998a-96758a8a198b|rpc:10.1.0.80:39889|dataStream:10.1.0.80:39479|priority:0|startupRole:FOLLOWER, d7f67023-bd71-4164-8161-24a8eb75dffe|rpc:10.1.0.80:40717|dataStream:10.1.0.80:32771|priority:0|startupRole:FOLLOWER]|listeners:[], old=null
2023-04-24 08:15:33,089 [444322bb-4321-4e38-998a-96758a8a198b@group-2C65884D69A9-LeaderElection2] INFO  server.RaftServerConfigKeys (ConfUtils.java:logFallback(53)) - raft.server.rpc.first-election.timeout.min = 5s (fallback to raft.server.rpc.timeout.min)
2023-04-24 08:15:33,089 [444322bb-4321-4e38-998a-96758a8a198b@group-2C65884D69A9-LeaderElection2] INFO  server.RaftServerConfigKeys (ConfUtils.java:logFallback(53)) - raft.server.rpc.first-election.timeout.max = 5200ms (fallback to raft.server.rpc.timeout.max)
2023-04-24 08:15:33,089 [444322bb-4321-4e38-998a-96758a8a198b@group-2C65884D69A9-LeaderElection2-1] INFO  server.GrpcServerProtocolClient (GrpcServerProtocolClient.java:<init>(63)) - Build channel for 593f1123-fce2-46ce-a0f5-50a98353a86f
2023-04-24 08:15:33,090 [444322bb-4321-4e38-998a-96758a8a198b@group-2C65884D69A9-LeaderElection2-2] INFO  server.GrpcServerProtocolClient (GrpcServerProtocolClient.java:<init>(63)) - Build channel for d7f67023-bd71-4164-8161-24a8eb75dffe
2023-04-24 08:15:33,112 [grpc-default-executor-1] INFO  server.RaftServer$Division (RaftServerImpl.java:requestVote(1218)) - 593f1123-fce2-46ce-a0f5-50a98353a86f@group-2C65884D69A9: receive requestVote(PRE_VOTE, 444322bb-4321-4e38-998a-96758a8a198b, group-2C65884D69A9, 0, (t:0, i:0))
2023-04-24 08:15:33,114 [grpc-default-executor-1] INFO  impl.VoteContext (VoteContext.java:log(49)) - 593f1123-fce2-46ce-a0f5-50a98353a86f@group-2C65884D69A9-FOLLOWER: reject PRE_VOTE from 444322bb-4321-4e38-998a-96758a8a198b: our priority 1 > candidate's priority 0
2023-04-24 08:15:33,115 [grpc-default-executor-1] INFO  server.RaftServer$Division (RaftServerImpl.java:requestVote(1251)) - 593f1123-fce2-46ce-a0f5-50a98353a86f@group-2C65884D69A9 replies to PRE_VOTE vote request: 444322bb-4321-4e38-998a-96758a8a198b<-593f1123-fce2-46ce-a0f5-50a98353a86f#0:FAIL-t0. Peer's state: 593f1123-fce2-46ce-a0f5-50a98353a86f@group-2C65884D69A9:t0, leader=null, voted=, raftlog=Memoized:593f1123-fce2-46ce-a0f5-50a98353a86f@group-2C65884D69A9-SegmentedRaftLog:OPENED:c-1, conf=-1: peers:[593f1123-fce2-46ce-a0f5-50a98353a86f|rpc:10.1.0.80:39617|dataStream:10.1.0.80:33973|priority:1|startupRole:FOLLOWER, 444322bb-4321-4e38-998a-96758a8a198b|rpc:10.1.0.80:39889|dataStream:10.1.0.80:39479|priority:0|startupRole:FOLLOWER, d7f67023-bd71-4164-8161-24a8eb75dffe|rpc:10.1.0.80:40717|dataStream:10.1.0.80:32771|priority:0|startupRole:FOLLOWER]|listeners:[], old=null
2023-04-24 08:15:33,118 [grpc-default-executor-0] INFO  server.RaftServer$Division (RaftServerImpl.java:requestVote(1218)) - d7f67023-bd71-4164-8161-24a8eb75dffe@group-2C65884D69A9: receive requestVote(PRE_VOTE, 444322bb-4321-4e38-998a-96758a8a198b, group-2C65884D69A9, 0, (t:0, i:0))
2023-04-24 08:15:33,119 [444322bb-4321-4e38-998a-96758a8a198b@group-2C65884D69A9-LeaderElection2] INFO  impl.LeaderElection (LeaderElection.java:logAndReturn(90)) - 444322bb-4321-4e38-998a-96758a8a198b@group-2C65884D69A9-LeaderElection2: PRE_VOTE REJECTED received 1 response(s) and 0 exception(s):
2023-04-24 08:15:33,119 [444322bb-4321-4e38-998a-96758a8a198b@group-2C65884D69A9-LeaderElection2] INFO  impl.LeaderElection (LeaderElection.java:logAndReturn(94)) -   Response 0: 444322bb-4321-4e38-998a-96758a8a198b<-593f1123-fce2-46ce-a0f5-50a98353a86f#0:FAIL-t0
2023-04-24 08:15:33,120 [444322bb-4321-4e38-998a-96758a8a198b@group-2C65884D69A9-LeaderElection2] INFO  impl.LeaderElection (LeaderElection.java:askForVotes(314)) - 444322bb-4321-4e38-998a-96758a8a198b@group-2C65884D69A9-LeaderElection2 PRE_VOTE round 0: result REJECTED
2023-04-24 08:15:33,118 [grpc-default-executor-0] INFO  impl.VoteContext (VoteContext.java:log(49)) - d7f67023-bd71-4164-8161-24a8eb75dffe@group-2C65884D69A9-FOLLOWER: accept PRE_VOTE from 444322bb-4321-4e38-998a-96758a8a198b: our priority 0 <= candidate's priority 0
2023-04-24 08:15:33,122 [grpc-default-executor-0] INFO  server.RaftServer$Division (RaftServerImpl.java:requestVote(1251)) - d7f67023-bd71-4164-8161-24a8eb75dffe@group-2C65884D69A9 replies to PRE_VOTE vote request: 444322bb-4321-4e38-998a-96758a8a198b<-d7f67023-bd71-4164-8161-24a8eb75dffe#0:OK-t0. Peer's state: d7f67023-bd71-4164-8161-24a8eb75dffe@group-2C65884D69A9:t0, leader=null, voted=, raftlog=Memoized:d7f67023-bd71-4164-8161-24a8eb75dffe@group-2C65884D69A9-SegmentedRaftLog:OPENED:c-1, conf=-1: peers:[593f1123-fce2-46ce-a0f5-50a98353a86f|rpc:10.1.0.80:39617|dataStream:10.1.0.80:33973|priority:1|startupRole:FOLLOWER, 444322bb-4321-4e38-998a-96758a8a198b|rpc:10.1.0.80:39889|dataStream:10.1.0.80:39479|priority:0|startupRole:FOLLOWER, d7f67023-bd71-4164-8161-24a8eb75dffe|rpc:10.1.0.80:40717|dataStream:10.1.0.80:32771|priority:0|startupRole:FOLLOWER]|listeners:[], old=null
2023-04-24 08:15:33,120 [444322bb-4321-4e38-998a-96758a8a198b@group-2C65884D69A9-LeaderElection2] INFO  server.RaftServer$Division (RaftServerImpl.java:setRole(321)) - 444322bb-4321-4e38-998a-96758a8a198b@group-2C65884D69A9: changes role from CANDIDATE to FOLLOWER at term 0 for REJECTED
2023-04-24 08:15:33,122 [444322bb-4321-4e38-998a-96758a8a198b@group-2C65884D69A9-LeaderElection2] INFO  impl.RoleInfo (RoleInfo.java:shutdownLeaderElection(130)) - 444322bb-4321-4e38-998a-96758a8a198b: shutdown 444322bb-4321-4e38-998a-96758a8a198b@group-2C65884D69A9-LeaderElection2
2023-04-24 08:15:33,122 [444322bb-4321-4e38-998a-96758a8a198b@group-2C65884D69A9-LeaderElection2] INFO  impl.RoleInfo (RoleInfo.java:updateAndGet(139)) - 444322bb-4321-4e38-998a-96758a8a198b: start 444322bb-4321-4e38-998a-96758a8a198b@group-2C65884D69A9-FollowerState
2023-04-24 08:15:33,130 [444322bb-4321-4e38-998a-96758a8a198b@group-2C65884D69A9-FollowerState] INFO  server.RaftServerConfigKeys (ConfUtils.java:logFallback(53)) - raft.server.rpc.first-election.timeout.min = 5s (fallback to raft.server.rpc.timeout.min)
2023-04-24 08:15:33,130 [444322bb-4321-4e38-998a-96758a8a198b@group-2C65884D69A9-FollowerState] INFO  server.RaftServerConfigKeys (ConfUtils.java:logFallback(53)) - raft.server.rpc.first-election.timeout.max = 5200ms (fallback to raft.server.rpc.timeout.max)
2023-04-24 08:15:33,142 [444322bb-4321-4e38-998a-96758a8a198b@group-A37290DB4E1B-FollowerState] INFO  impl.FollowerState (FollowerState.java:run(143)) - 444322bb-4321-4e38-998a-96758a8a198b@group-A37290DB4E1B-FollowerState: change to CANDIDATE, lastRpcElapsedTime:5190670297ns, electionTimeout:5185ms
2023-04-24 08:15:33,143 [444322bb-4321-4e38-998a-96758a8a198b@group-A37290DB4E1B-FollowerState] INFO  impl.RoleInfo (RoleInfo.java:shutdownFollowerState(110)) - 444322bb-4321-4e38-998a-96758a8a198b: shutdown 444322bb-4321-4e38-998a-96758a8a198b@group-A37290DB4E1B-FollowerState
2023-04-24 08:15:33,143 [444322bb-4321-4e38-998a-96758a8a198b@group-A37290DB4E1B-FollowerState] INFO  server.RaftServer$Division (RaftServerImpl.java:setRole(321)) - 444322bb-4321-4e38-998a-96758a8a198b@group-A37290DB4E1B: changes role from  FOLLOWER to CANDIDATE at term 0 for changeToCandidate
2023-04-24 08:15:33,143 [444322bb-4321-4e38-998a-96758a8a198b@group-A37290DB4E1B-FollowerState] INFO  server.RaftServerConfigKeys (ConfUtils.java:logGet(46)) - raft.server.leaderelection.pre-vote = true (default)
2023-04-24 08:15:33,143 [444322bb-4321-4e38-998a-96758a8a198b@group-A37290DB4E1B-FollowerState] INFO  impl.RoleInfo (RoleInfo.java:updateAndGet(139)) - 444322bb-4321-4e38-998a-96758a8a198b: start 444322bb-4321-4e38-998a-96758a8a198b@group-A37290DB4E1B-LeaderElection3
2023-04-24 08:15:33,144 [BlockDeletingService#2] INFO  interfaces.ContainerDeletionChoosingPolicyTemplate (ContainerDeletionChoosingPolicyTemplate.java:chooseContainerForBlockDeletion(83)) - Chosen 0/5000 blocks from 0 candidate containers.
2023-04-24 08:15:33,144 [BlockDeletingService#5] INFO  interfaces.ContainerDeletionChoosingPolicyTemplate (ContainerDeletionChoosingPolicyTemplate.java:chooseContainerForBlockDeletion(83)) - Chosen 0/5000 blocks from 0 candidate containers.
2023-04-24 08:15:33,144 [BlockDeletingService#1] INFO  interfaces.ContainerDeletionChoosingPolicyTemplate (ContainerDeletionChoosingPolicyTemplate.java:chooseContainerForBlockDeletion(83)) - Chosen 0/5000 blocks from 0 candidate containers.
2023-04-24 08:15:33,145 [444322bb-4321-4e38-998a-96758a8a198b@group-A37290DB4E1B-LeaderElection3] INFO  impl.LeaderElection (LeaderElection.java:askForVotes(312)) - 444322bb-4321-4e38-998a-96758a8a198b@group-A37290DB4E1B-LeaderElection3 PRE_VOTE round 0: submit vote requests at term 0 for -1: peers:[444322bb-4321-4e38-998a-96758a8a198b|rpc:10.1.0.80:39889|dataStream:10.1.0.80:39479|priority:1|startupRole:FOLLOWER]|listeners:[], old=null
2023-04-24 08:15:33,145 [444322bb-4321-4e38-998a-96758a8a198b@group-A37290DB4E1B-LeaderElection3] INFO  impl.LeaderElection (LeaderElection.java:askForVotes(314)) - 444322bb-4321-4e38-998a-96758a8a198b@group-A37290DB4E1B-LeaderElection3 PRE_VOTE round 0: result PASSED (term=0)
2023-04-24 08:15:33,146 [444322bb-4321-4e38-998a-96758a8a198b@group-A37290DB4E1B-LeaderElection3] INFO  impl.LeaderElection (LeaderElection.java:askForVotes(312)) - 444322bb-4321-4e38-998a-96758a8a198b@group-A37290DB4E1B-LeaderElection3 ELECTION round 0: submit vote requests at term 1 for -1: peers:[444322bb-4321-4e38-998a-96758a8a198b|rpc:10.1.0.80:39889|dataStream:10.1.0.80:39479|priority:1|startupRole:FOLLOWER]|listeners:[], old=null
2023-04-24 08:15:33,146 [444322bb-4321-4e38-998a-96758a8a198b@group-A37290DB4E1B-LeaderElection3] INFO  impl.LeaderElection (LeaderElection.java:askForVotes(314)) - 444322bb-4321-4e38-998a-96758a8a198b@group-A37290DB4E1B-LeaderElection3 ELECTION round 0: result PASSED (term=1)
2023-04-24 08:15:33,146 [444322bb-4321-4e38-998a-96758a8a198b@group-A37290DB4E1B-LeaderElection3] INFO  impl.RoleInfo (RoleInfo.java:shutdownLeaderElection(130)) - 444322bb-4321-4e38-998a-96758a8a198b: shutdown 444322bb-4321-4e38-998a-96758a8a198b@group-A37290DB4E1B-LeaderElection3
2023-04-24 08:15:33,146 [444322bb-4321-4e38-998a-96758a8a198b@group-A37290DB4E1B-LeaderElection3] INFO  server.RaftServer$Division (RaftServerImpl.java:setRole(321)) - 444322bb-4321-4e38-998a-96758a8a198b@group-A37290DB4E1B: changes role from CANDIDATE to LEADER at term 1 for changeToLeader
2023-04-24 08:15:33,147 [444322bb-4321-4e38-998a-96758a8a198b@group-A37290DB4E1B-LeaderElection3] INFO  ratis.XceiverServerRatis (XceiverServerRatis.java:handleLeaderChangedNotification(904)) - Leader change notification received for group: group-A37290DB4E1B with new leaderId: 444322bb-4321-4e38-998a-96758a8a198b
2023-04-24 08:15:33,147 [444322bb-4321-4e38-998a-96758a8a198b@group-A37290DB4E1B-LeaderElection3] INFO  server.RaftServer$Division (ServerState.java:setLeader(313)) - 444322bb-4321-4e38-998a-96758a8a198b@group-A37290DB4E1B: change Leader from null to 444322bb-4321-4e38-998a-96758a8a198b at term 1 for becomeLeader, leader elected after 5240ms
2023-04-24 08:15:33,147 [444322bb-4321-4e38-998a-96758a8a198b@group-A37290DB4E1B-LeaderElection3] INFO  server.RaftServerConfigKeys (ConfUtils.java:logGet(46)) - raft.server.staging.catchup.gap = 1000 (default)
2023-04-24 08:15:33,147 [444322bb-4321-4e38-998a-96758a8a198b@group-A37290DB4E1B-LeaderElection3] INFO  server.RaftServerConfigKeys (ConfUtils.java:logGet(46)) - raft.server.write.element-limit = 1024 (custom)
2023-04-24 08:15:33,147 [444322bb-4321-4e38-998a-96758a8a198b@group-A37290DB4E1B-LeaderElection3] INFO  server.RaftServerConfigKeys (ConfUtils.java:logGet(46)) - raft.server.write.byte-limit = 1024 M (=1073741824) (custom)
2023-04-24 08:15:33,147 [444322bb-4321-4e38-998a-96758a8a198b@group-A37290DB4E1B-LeaderElection3] INFO  server.RaftServerConfigKeys (ConfUtils.java:logGet(46)) - raft.server.watch.timeout = 3000ms (custom)
2023-04-24 08:15:33,147 [444322bb-4321-4e38-998a-96758a8a198b@group-A37290DB4E1B-LeaderElection3] INFO  server.RaftServerConfigKeys (ConfUtils.java:logGet(46)) - raft.server.watch.timeout.denomination = 1s (default)
2023-04-24 08:15:33,148 [444322bb-4321-4e38-998a-96758a8a198b@group-A37290DB4E1B-LeaderElection3] INFO  server.RaftServerConfigKeys (ConfUtils.java:logGet(46)) - raft.server.watch.element-limit = 65536 (default)
2023-04-24 08:15:33,148 [EventQueue-OpenPipelineForHealthyPipelineSafeModeRule] INFO  safemode.SCMSafeModeManager (HealthyPipelineSafeModeRule.java:process(137)) - SCM in safe mode. Healthy pipelines reported count is 0, required healthy pipeline reported count is 1
2023-04-24 08:15:33,148 [444322bb-4321-4e38-998a-96758a8a198b@group-A37290DB4E1B-LeaderElection3] INFO  server.RaftServerConfigKeys (ConfUtils.java:logGet(46)) - raft.server.write.element-limit = 1024 (custom)
2023-04-24 08:15:33,148 [444322bb-4321-4e38-998a-96758a8a198b@group-A37290DB4E1B-LeaderElection3] INFO  server.RaftServerConfigKeys (ConfUtils.java:logGet(46)) - raft.server.write.follower.gap.ratio.max = -1.0 (default)
2023-04-24 08:15:33,148 [444322bb-4321-4e38-998a-96758a8a198b@group-A37290DB4E1B-LeaderElection3] INFO  impl.RoleInfo (RoleInfo.java:updateAndGet(139)) - 444322bb-4321-4e38-998a-96758a8a198b: start 444322bb-4321-4e38-998a-96758a8a198b@group-A37290DB4E1B-LeaderStateImpl
2023-04-24 08:15:33,148 [444322bb-4321-4e38-998a-96758a8a198b@group-A37290DB4E1B-LeaderElection3] INFO  segmented.SegmentedRaftLogWorker (SegmentedRaftLogWorker.java:startLogSegment(452)) - 444322bb-4321-4e38-998a-96758a8a198b@group-A37290DB4E1B-SegmentedRaftLogWorker: Starting segment from index:0
2023-04-24 08:15:33,149 [444322bb-4321-4e38-998a-96758a8a198b@group-A37290DB4E1B-SegmentedRaftLogWorker] INFO  segmented.SegmentedRaftLogWorker (SegmentedRaftLogWorker.java:execute(656)) - 444322bb-4321-4e38-998a-96758a8a198b@group-A37290DB4E1B-SegmentedRaftLogWorker: created new log segment /home/runner/work/ozone/ozone/hadoop-ozone/integration-test/target/test-dir/MiniOzoneClusterImpl-f6153afd-65ae-4a30-a1a8-75442c8cb6d9/datanode-0/data/ratis/d459d7c8-a3fe-421f-8e51-a37290db4e1b/current/log_inprogress_0
2023-04-24 08:15:33,154 [444322bb-4321-4e38-998a-96758a8a198b@group-A37290DB4E1B-LeaderElection3] INFO  server.RaftServer$Division (ServerState.java:setRaftConf(430)) - 444322bb-4321-4e38-998a-96758a8a198b@group-A37290DB4E1B: set configuration 0: peers:[444322bb-4321-4e38-998a-96758a8a198b|rpc:10.1.0.80:39889|dataStream:10.1.0.80:39479|priority:1|startupRole:FOLLOWER]|listeners:[], old=null
2023-04-24 08:15:33,244 [BlockDeletingService#2] INFO  interfaces.ContainerDeletionChoosingPolicyTemplate (ContainerDeletionChoosingPolicyTemplate.java:chooseContainerForBlockDeletion(83)) - Chosen 0/5000 blocks from 0 candidate containers.
2023-04-24 08:15:33,244 [BlockDeletingService#5] INFO  interfaces.ContainerDeletionChoosingPolicyTemplate (ContainerDeletionChoosingPolicyTemplate.java:chooseContainerForBlockDeletion(83)) - Chosen 0/5000 blocks from 0 candidate containers.
2023-04-24 08:15:33,244 [BlockDeletingService#1] INFO  interfaces.ContainerDeletionChoosingPolicyTemplate (ContainerDeletionChoosingPolicyTemplate.java:chooseContainerForBlockDeletion(83)) - Chosen 0/5000 blocks from 0 candidate containers.
2023-04-24 08:15:33,344 [BlockDeletingService#2] INFO  interfaces.ContainerDeletionChoosingPolicyTemplate (ContainerDeletionChoosingPolicyTemplate.java:chooseContainerForBlockDeletion(83)) - Chosen 0/5000 blocks from 0 candidate containers.
2023-04-24 08:15:33,344 [BlockDeletingService#5] INFO  interfaces.ContainerDeletionChoosingPolicyTemplate (ContainerDeletionChoosingPolicyTemplate.java:chooseContainerForBlockDeletion(83)) - Chosen 0/5000 blocks from 0 candidate containers.
2023-04-24 08:15:33,345 [BlockDeletingService#1] INFO  interfaces.ContainerDeletionChoosingPolicyTemplate (ContainerDeletionChoosingPolicyTemplate.java:chooseContainerForBlockDeletion(83)) - Chosen 0/5000 blocks from 0 candidate containers.
2023-04-24 08:15:33,445 [BlockDeletingService#2] INFO  interfaces.ContainerDeletionChoosingPolicyTemplate (ContainerDeletionChoosingPolicyTemplate.java:chooseContainerForBlockDeletion(83)) - Chosen 0/5000 blocks from 0 candidate containers.
2023-04-24 08:15:33,445 [BlockDeletingService#5] INFO  interfaces.ContainerDeletionChoosingPolicyTemplate (ContainerDeletionChoosingPolicyTemplate.java:chooseContainerForBlockDeletion(83)) - Chosen 0/5000 blocks from 0 candidate containers.
2023-04-24 08:15:33,445 [BlockDeletingService#1] INFO  interfaces.ContainerDeletionChoosingPolicyTemplate (ContainerDeletionChoosingPolicyTemplate.java:chooseContainerForBlockDeletion(83)) - Chosen 0/5000 blocks from 0 candidate containers.
2023-04-24 08:15:33,545 [BlockDeletingService#2] INFO  interfaces.ContainerDeletionChoosingPolicyTemplate (ContainerDeletionChoosingPolicyTemplate.java:chooseContainerForBlockDeletion(83)) - Chosen 0/5000 blocks from 0 candidate containers.
2023-04-24 08:15:33,545 [BlockDeletingService#5] INFO  interfaces.ContainerDeletionChoosingPolicyTemplate (ContainerDeletionChoosingPolicyTemplate.java:chooseContainerForBlockDeletion(83)) - Chosen 0/5000 blocks from 0 candidate containers.
2023-04-24 08:15:33,545 [BlockDeletingService#1] INFO  interfaces.ContainerDeletionChoosingPolicyTemplate (ContainerDeletionChoosingPolicyTemplate.java:chooseContainerForBlockDeletion(83)) - Chosen 0/5000 blocks from 0 candidate containers.
2023-04-24 08:15:33,598 [d7f67023-bd71-4164-8161-24a8eb75dffe@group-255FCA681CA6-FollowerState] INFO  impl.FollowerState (FollowerState.java:run(143)) - d7f67023-bd71-4164-8161-24a8eb75dffe@group-255FCA681CA6-FollowerState: change to CANDIDATE, lastRpcElapsedTime:5104740482ns, electionTimeout:5094ms
2023-04-24 08:15:33,598 [d7f67023-bd71-4164-8161-24a8eb75dffe@group-255FCA681CA6-FollowerState] INFO  impl.RoleInfo (RoleInfo.java:shutdownFollowerState(110)) - d7f67023-bd71-4164-8161-24a8eb75dffe: shutdown d7f67023-bd71-4164-8161-24a8eb75dffe@group-255FCA681CA6-FollowerState
2023-04-24 08:15:33,599 [d7f67023-bd71-4164-8161-24a8eb75dffe@group-255FCA681CA6-FollowerState] INFO  server.RaftServer$Division (RaftServerImpl.java:setRole(321)) - d7f67023-bd71-4164-8161-24a8eb75dffe@group-255FCA681CA6: changes role from  FOLLOWER to CANDIDATE at term 0 for changeToCandidate
2023-04-24 08:15:33,600 [d7f67023-bd71-4164-8161-24a8eb75dffe@group-255FCA681CA6-FollowerState] INFO  server.RaftServerConfigKeys (ConfUtils.java:logGet(46)) - raft.server.leaderelection.pre-vote = true (default)
2023-04-24 08:15:33,600 [d7f67023-bd71-4164-8161-24a8eb75dffe@group-255FCA681CA6-FollowerState] INFO  impl.RoleInfo (RoleInfo.java:updateAndGet(139)) - d7f67023-bd71-4164-8161-24a8eb75dffe: start d7f67023-bd71-4164-8161-24a8eb75dffe@group-255FCA681CA6-LeaderElection4
2023-04-24 08:15:33,604 [d7f67023-bd71-4164-8161-24a8eb75dffe@group-255FCA681CA6-LeaderElection4] INFO  impl.LeaderElection (LeaderElection.java:askForVotes(312)) - d7f67023-bd71-4164-8161-24a8eb75dffe@group-255FCA681CA6-LeaderElection4 PRE_VOTE round 0: submit vote requests at term 0 for -1: peers:[d7f67023-bd71-4164-8161-24a8eb75dffe|rpc:10.1.0.80:40717|dataStream:10.1.0.80:32771|priority:1|startupRole:FOLLOWER]|listeners:[], old=null
2023-04-24 08:15:33,604 [d7f67023-bd71-4164-8161-24a8eb75dffe@group-255FCA681CA6-LeaderElection4] INFO  impl.LeaderElection (LeaderElection.java:askForVotes(314)) - d7f67023-bd71-4164-8161-24a8eb75dffe@group-255FCA681CA6-LeaderElection4 PRE_VOTE round 0: result PASSED (term=0)
2023-04-24 08:15:33,635 [d7f67023-bd71-4164-8161-24a8eb75dffe@group-2C65884D69A9-FollowerState] INFO  server.RaftServerConfigKeys (ConfUtils.java:logFallback(53)) - raft.server.rpc.first-election.timeout.min = 5s (fallback to raft.server.rpc.timeout.min)
2023-04-24 08:15:33,635 [d7f67023-bd71-4164-8161-24a8eb75dffe@group-2C65884D69A9-FollowerState] INFO  server.RaftServerConfigKeys (ConfUtils.java:logFallback(53)) - raft.server.rpc.first-election.timeout.max = 5200ms (fallback to raft.server.rpc.timeout.max)
2023-04-24 08:15:33,645 [d7f67023-bd71-4164-8161-24a8eb75dffe@group-255FCA681CA6-LeaderElection4] INFO  impl.LeaderElection (LeaderElection.java:askForVotes(312)) - d7f67023-bd71-4164-8161-24a8eb75dffe@group-255FCA681CA6-LeaderElection4 ELECTION round 0: submit vote requests at term 1 for -1: peers:[d7f67023-bd71-4164-8161-24a8eb75dffe|rpc:10.1.0.80:40717|dataStream:10.1.0.80:32771|priority:1|startupRole:FOLLOWER]|listeners:[], old=null
2023-04-24 08:15:33,645 [d7f67023-bd71-4164-8161-24a8eb75dffe@group-255FCA681CA6-LeaderElection4] INFO  impl.LeaderElection (LeaderElection.java:askForVotes(314)) - d7f67023-bd71-4164-8161-24a8eb75dffe@group-255FCA681CA6-LeaderElection4 ELECTION round 0: result PASSED (term=1)
2023-04-24 08:15:33,645 [d7f67023-bd71-4164-8161-24a8eb75dffe@group-255FCA681CA6-LeaderElection4] INFO  impl.RoleInfo (RoleInfo.java:shutdownLeaderElection(130)) - d7f67023-bd71-4164-8161-24a8eb75dffe: shutdown d7f67023-bd71-4164-8161-24a8eb75dffe@group-255FCA681CA6-LeaderElection4
2023-04-24 08:15:33,645 [d7f67023-bd71-4164-8161-24a8eb75dffe@group-255FCA681CA6-LeaderElection4] INFO  server.RaftServer$Division (RaftServerImpl.java:setRole(321)) - d7f67023-bd71-4164-8161-24a8eb75dffe@group-255FCA681CA6: changes role from CANDIDATE to LEADER at term 1 for changeToLeader
2023-04-24 08:15:33,645 [d7f67023-bd71-4164-8161-24a8eb75dffe@group-255FCA681CA6-LeaderElection4] INFO  ratis.XceiverServerRatis (XceiverServerRatis.java:handleLeaderChangedNotification(904)) - Leader change notification received for group: group-255FCA681CA6 with new leaderId: d7f67023-bd71-4164-8161-24a8eb75dffe
2023-04-24 08:15:33,645 [BlockDeletingService#2] INFO  interfaces.ContainerDeletionChoosingPolicyTemplate (ContainerDeletionChoosingPolicyTemplate.java:chooseContainerForBlockDeletion(83)) - Chosen 0/5000 blocks from 0 candidate containers.
2023-04-24 08:15:33,645 [BlockDeletingService#5] INFO  interfaces.ContainerDeletionChoosingPolicyTemplate (ContainerDeletionChoosingPolicyTemplate.java:chooseContainerForBlockDeletion(83)) - Chosen 0/5000 blocks from 0 candidate containers.
2023-04-24 08:15:33,645 [BlockDeletingService#1] INFO  interfaces.ContainerDeletionChoosingPolicyTemplate (ContainerDeletionChoosingPolicyTemplate.java:chooseContainerForBlockDeletion(83)) - Chosen 0/5000 blocks from 0 candidate containers.
2023-04-24 08:15:33,645 [d7f67023-bd71-4164-8161-24a8eb75dffe@group-255FCA681CA6-LeaderElection4] INFO  server.RaftServer$Division (ServerState.java:setLeader(313)) - d7f67023-bd71-4164-8161-24a8eb75dffe@group-255FCA681CA6: change Leader from null to d7f67023-bd71-4164-8161-24a8eb75dffe at term 1 for becomeLeader, leader elected after 5183ms
2023-04-24 08:15:33,645 [d7f67023-bd71-4164-8161-24a8eb75dffe@group-255FCA681CA6-LeaderElection4] INFO  server.RaftServerConfigKeys (ConfUtils.java:logGet(46)) - raft.server.staging.catchup.gap = 1000 (default)
2023-04-24 08:15:33,647 [EventQueue-OpenPipelineForHealthyPipelineSafeModeRule] INFO  safemode.SCMSafeModeManager (HealthyPipelineSafeModeRule.java:process(137)) - SCM in safe mode. Healthy pipelines reported count is 0, required healthy pipeline reported count is 1
2023-04-24 08:15:33,648 [d7f67023-bd71-4164-8161-24a8eb75dffe@group-255FCA681CA6-LeaderElection4] INFO  server.RaftServerConfigKeys (ConfUtils.java:logGet(46)) - raft.server.write.element-limit = 1024 (custom)
2023-04-24 08:15:33,648 [d7f67023-bd71-4164-8161-24a8eb75dffe@group-255FCA681CA6-LeaderElection4] INFO  server.RaftServerConfigKeys (ConfUtils.java:logGet(46)) - raft.server.write.byte-limit = 1024 M (=1073741824) (custom)
2023-04-24 08:15:33,648 [d7f67023-bd71-4164-8161-24a8eb75dffe@group-255FCA681CA6-LeaderElection4] INFO  server.RaftServerConfigKeys (ConfUtils.java:logGet(46)) - raft.server.watch.timeout = 3000ms (custom)
2023-04-24 08:15:33,648 [d7f67023-bd71-4164-8161-24a8eb75dffe@group-255FCA681CA6-LeaderElection4] INFO  server.RaftServerConfigKeys (ConfUtils.java:logGet(46)) - raft.server.watch.timeout.denomination = 1s (default)
2023-04-24 08:15:33,648 [d7f67023-bd71-4164-8161-24a8eb75dffe@group-255FCA681CA6-LeaderElection4] INFO  server.RaftServerConfigKeys (ConfUtils.java:logGet(46)) - raft.server.watch.element-limit = 65536 (default)
2023-04-24 08:15:33,649 [d7f67023-bd71-4164-8161-24a8eb75dffe@group-255FCA681CA6-LeaderElection4] INFO  server.RaftServerConfigKeys (ConfUtils.java:logGet(46)) - raft.server.write.element-limit = 1024 (custom)
2023-04-24 08:15:33,649 [d7f67023-bd71-4164-8161-24a8eb75dffe@group-255FCA681CA6-LeaderElection4] INFO  server.RaftServerConfigKeys (ConfUtils.java:logGet(46)) - raft.server.write.follower.gap.ratio.max = -1.0 (default)
2023-04-24 08:15:33,649 [593f1123-fce2-46ce-a0f5-50a98353a86f@group-2C65884D69A9-FollowerState] INFO  impl.FollowerState (FollowerState.java:run(143)) - 593f1123-fce2-46ce-a0f5-50a98353a86f@group-2C65884D69A9-FollowerState: change to CANDIDATE, lastRpcElapsedTime:5017058882ns, electionTimeout:5013ms
2023-04-24 08:15:33,650 [593f1123-fce2-46ce-a0f5-50a98353a86f@group-2C65884D69A9-FollowerState] INFO  impl.RoleInfo (RoleInfo.java:shutdownFollowerState(110)) - 593f1123-fce2-46ce-a0f5-50a98353a86f: shutdown 593f1123-fce2-46ce-a0f5-50a98353a86f@group-2C65884D69A9-FollowerState
2023-04-24 08:15:33,650 [593f1123-fce2-46ce-a0f5-50a98353a86f@group-2C65884D69A9-FollowerState] INFO  server.RaftServer$Division (RaftServerImpl.java:setRole(321)) - 593f1123-fce2-46ce-a0f5-50a98353a86f@group-2C65884D69A9: changes role from  FOLLOWER to CANDIDATE at term 0 for changeToCandidate
2023-04-24 08:15:33,650 [593f1123-fce2-46ce-a0f5-50a98353a86f@group-2C65884D69A9-FollowerState] INFO  server.RaftServerConfigKeys (ConfUtils.java:logGet(46)) - raft.server.leaderelection.pre-vote = true (default)
2023-04-24 08:15:33,650 [593f1123-fce2-46ce-a0f5-50a98353a86f@group-2C65884D69A9-FollowerState] INFO  impl.RoleInfo (RoleInfo.java:updateAndGet(139)) - 593f1123-fce2-46ce-a0f5-50a98353a86f: start 593f1123-fce2-46ce-a0f5-50a98353a86f@group-2C65884D69A9-LeaderElection5
2023-04-24 08:15:33,652 [d7f67023-bd71-4164-8161-24a8eb75dffe@group-255FCA681CA6-LeaderElection4] INFO  impl.RoleInfo (RoleInfo.java:updateAndGet(139)) - d7f67023-bd71-4164-8161-24a8eb75dffe: start d7f67023-bd71-4164-8161-24a8eb75dffe@group-255FCA681CA6-LeaderStateImpl
2023-04-24 08:15:33,652 [d7f67023-bd71-4164-8161-24a8eb75dffe@group-255FCA681CA6-LeaderElection4] INFO  segmented.SegmentedRaftLogWorker (SegmentedRaftLogWorker.java:startLogSegment(452)) - d7f67023-bd71-4164-8161-24a8eb75dffe@group-255FCA681CA6-SegmentedRaftLogWorker: Starting segment from index:0
2023-04-24 08:15:33,656 [d7f67023-bd71-4164-8161-24a8eb75dffe@group-255FCA681CA6-LeaderElection4] INFO  server.RaftServer$Division (ServerState.java:setRaftConf(430)) - d7f67023-bd71-4164-8161-24a8eb75dffe@group-255FCA681CA6: set configuration 0: peers:[d7f67023-bd71-4164-8161-24a8eb75dffe|rpc:10.1.0.80:40717|dataStream:10.1.0.80:32771|priority:1|startupRole:FOLLOWER]|listeners:[], old=null
2023-04-24 08:15:33,657 [593f1123-fce2-46ce-a0f5-50a98353a86f@group-2C65884D69A9-LeaderElection5] INFO  impl.LeaderElection (LeaderElection.java:askForVotes(312)) - 593f1123-fce2-46ce-a0f5-50a98353a86f@group-2C65884D69A9-LeaderElection5 PRE_VOTE round 0: submit vote requests at term 0 for -1: peers:[593f1123-fce2-46ce-a0f5-50a98353a86f|rpc:10.1.0.80:39617|dataStream:10.1.0.80:33973|priority:1|startupRole:FOLLOWER, 444322bb-4321-4e38-998a-96758a8a198b|rpc:10.1.0.80:39889|dataStream:10.1.0.80:39479|priority:0|startupRole:FOLLOWER, d7f67023-bd71-4164-8161-24a8eb75dffe|rpc:10.1.0.80:40717|dataStream:10.1.0.80:32771|priority:0|startupRole:FOLLOWER]|listeners:[], old=null
2023-04-24 08:15:33,658 [593f1123-fce2-46ce-a0f5-50a98353a86f@group-2C65884D69A9-LeaderElection5-1] INFO  server.GrpcServerProtocolClient (GrpcServerProtocolClient.java:<init>(63)) - Build channel for 444322bb-4321-4e38-998a-96758a8a198b
2023-04-24 08:15:33,659 [593f1123-fce2-46ce-a0f5-50a98353a86f@group-2C65884D69A9-LeaderElection5] INFO  server.RaftServerConfigKeys (ConfUtils.java:logFallback(53)) - raft.server.rpc.first-election.timeout.min = 5s (fallback to raft.server.rpc.timeout.min)
2023-04-24 08:15:33,666 [593f1123-fce2-46ce-a0f5-50a98353a86f@group-2C65884D69A9-LeaderElection5] INFO  server.RaftServerConfigKeys (ConfUtils.java:logFallback(53)) - raft.server.rpc.first-election.timeout.max = 5200ms (fallback to raft.server.rpc.timeout.max)
2023-04-24 08:15:33,668 [593f1123-fce2-46ce-a0f5-50a98353a86f@group-2C65884D69A9-LeaderElection5-2] INFO  server.GrpcServerProtocolClient (GrpcServerProtocolClient.java:<init>(63)) - Build channel for d7f67023-bd71-4164-8161-24a8eb75dffe
2023-04-24 08:15:33,680 [grpc-default-executor-0] INFO  server.RaftServer$Division (RaftServerImpl.java:requestVote(1218)) - d7f67023-bd71-4164-8161-24a8eb75dffe@group-2C65884D69A9: receive requestVote(PRE_VOTE, 593f1123-fce2-46ce-a0f5-50a98353a86f, group-2C65884D69A9, 0, (t:0, i:0))
2023-04-24 08:15:33,681 [grpc-default-executor-0] INFO  impl.VoteContext (VoteContext.java:log(49)) - d7f67023-bd71-4164-8161-24a8eb75dffe@group-2C65884D69A9-FOLLOWER: accept PRE_VOTE from 593f1123-fce2-46ce-a0f5-50a98353a86f: our priority 0 <= candidate's priority 1
2023-04-24 08:15:33,681 [grpc-default-executor-0] INFO  server.RaftServer$Division (RaftServerImpl.java:requestVote(1251)) - d7f67023-bd71-4164-8161-24a8eb75dffe@group-2C65884D69A9 replies to PRE_VOTE vote request: 593f1123-fce2-46ce-a0f5-50a98353a86f<-d7f67023-bd71-4164-8161-24a8eb75dffe#0:OK-t0. Peer's state: d7f67023-bd71-4164-8161-24a8eb75dffe@group-2C65884D69A9:t0, leader=null, voted=, raftlog=Memoized:d7f67023-bd71-4164-8161-24a8eb75dffe@group-2C65884D69A9-SegmentedRaftLog:OPENED:c-1, conf=-1: peers:[593f1123-fce2-46ce-a0f5-50a98353a86f|rpc:10.1.0.80:39617|dataStream:10.1.0.80:33973|priority:1|startupRole:FOLLOWER, 444322bb-4321-4e38-998a-96758a8a198b|rpc:10.1.0.80:39889|dataStream:10.1.0.80:39479|priority:0|startupRole:FOLLOWER, d7f67023-bd71-4164-8161-24a8eb75dffe|rpc:10.1.0.80:40717|dataStream:10.1.0.80:32771|priority:0|startupRole:FOLLOWER]|listeners:[], old=null
2023-04-24 08:15:33,684 [593f1123-fce2-46ce-a0f5-50a98353a86f@group-2C65884D69A9-LeaderElection5] INFO  impl.LeaderElection (LeaderElection.java:logAndReturn(90)) - 593f1123-fce2-46ce-a0f5-50a98353a86f@group-2C65884D69A9-LeaderElection5: PRE_VOTE PASSED received 1 response(s) and 0 exception(s):
2023-04-24 08:15:33,684 [593f1123-fce2-46ce-a0f5-50a98353a86f@group-2C65884D69A9-LeaderElection5] INFO  impl.LeaderElection (LeaderElection.java:logAndReturn(94)) -   Response 0: 593f1123-fce2-46ce-a0f5-50a98353a86f<-d7f67023-bd71-4164-8161-24a8eb75dffe#0:OK-t0
2023-04-24 08:15:33,684 [593f1123-fce2-46ce-a0f5-50a98353a86f@group-2C65884D69A9-LeaderElection5] INFO  impl.LeaderElection (LeaderElection.java:askForVotes(314)) - 593f1123-fce2-46ce-a0f5-50a98353a86f@group-2C65884D69A9-LeaderElection5 PRE_VOTE round 0: result PASSED
2023-04-24 08:15:33,687 [grpc-default-executor-0] INFO  server.RaftServer$Division (RaftServerImpl.java:requestVote(1218)) - 444322bb-4321-4e38-998a-96758a8a198b@group-2C65884D69A9: receive requestVote(PRE_VOTE, 593f1123-fce2-46ce-a0f5-50a98353a86f, group-2C65884D69A9, 0, (t:0, i:0))
2023-04-24 08:15:33,687 [grpc-default-executor-0] INFO  impl.VoteContext (VoteContext.java:log(49)) - 444322bb-4321-4e38-998a-96758a8a198b@group-2C65884D69A9-FOLLOWER: accept PRE_VOTE from 593f1123-fce2-46ce-a0f5-50a98353a86f: our priority 0 <= candidate's priority 1
2023-04-24 08:15:33,687 [grpc-default-executor-0] INFO  server.RaftServer$Division (RaftServerImpl.java:requestVote(1251)) - 444322bb-4321-4e38-998a-96758a8a198b@group-2C65884D69A9 replies to PRE_VOTE vote request: 593f1123-fce2-46ce-a0f5-50a98353a86f<-444322bb-4321-4e38-998a-96758a8a198b#0:OK-t0. Peer's state: 444322bb-4321-4e38-998a-96758a8a198b@group-2C65884D69A9:t0, leader=null, voted=, raftlog=Memoized:444322bb-4321-4e38-998a-96758a8a198b@group-2C65884D69A9-SegmentedRaftLog:OPENED:c-1, conf=-1: peers:[593f1123-fce2-46ce-a0f5-50a98353a86f|rpc:10.1.0.80:39617|dataStream:10.1.0.80:33973|priority:1|startupRole:FOLLOWER, 444322bb-4321-4e38-998a-96758a8a198b|rpc:10.1.0.80:39889|dataStream:10.1.0.80:39479|priority:0|startupRole:FOLLOWER, d7f67023-bd71-4164-8161-24a8eb75dffe|rpc:10.1.0.80:40717|dataStream:10.1.0.80:32771|priority:0|startupRole:FOLLOWER]|listeners:[], old=null
2023-04-24 08:15:33,707 [d7f67023-bd71-4164-8161-24a8eb75dffe@group-255FCA681CA6-SegmentedRaftLogWorker] INFO  segmented.SegmentedRaftLogWorker (SegmentedRaftLogWorker.java:execute(656)) - d7f67023-bd71-4164-8161-24a8eb75dffe@group-255FCA681CA6-SegmentedRaftLogWorker: created new log segment /home/runner/work/ozone/ozone/hadoop-ozone/integration-test/target/test-dir/MiniOzoneClusterImpl-f6153afd-65ae-4a30-a1a8-75442c8cb6d9/datanode-1/data/ratis/710e0519-16a5-4108-b64d-255fca681ca6/current/log_inprogress_0
2023-04-24 08:15:33,745 [BlockDeletingService#2] INFO  interfaces.ContainerDeletionChoosingPolicyTemplate (ContainerDeletionChoosingPolicyTemplate.java:chooseContainerForBlockDeletion(83)) - Chosen 0/5000 blocks from 0 candidate containers.
2023-04-24 08:15:33,746 [BlockDeletingService#5] INFO  interfaces.ContainerDeletionChoosingPolicyTemplate (ContainerDeletionChoosingPolicyTemplate.java:chooseContainerForBlockDeletion(83)) - Chosen 0/5000 blocks from 0 candidate containers.
2023-04-24 08:15:33,746 [BlockDeletingService#1] INFO  interfaces.ContainerDeletionChoosingPolicyTemplate (ContainerDeletionChoosingPolicyTemplate.java:chooseContainerForBlockDeletion(83)) - Chosen 0/5000 blocks from 0 candidate containers.
2023-04-24 08:15:33,846 [BlockDeletingService#2] INFO  interfaces.ContainerDeletionChoosingPolicyTemplate (ContainerDeletionChoosingPolicyTemplate.java:chooseContainerForBlockDeletion(83)) - Chosen 0/5000 blocks from 0 candidate containers.
2023-04-24 08:15:33,846 [BlockDeletingService#5] INFO  interfaces.ContainerDeletionChoosingPolicyTemplate (ContainerDeletionChoosingPolicyTemplate.java:chooseContainerForBlockDeletion(83)) - Chosen 0/5000 blocks from 0 candidate containers.
2023-04-24 08:15:33,846 [BlockDeletingService#1] INFO  interfaces.ContainerDeletionChoosingPolicyTemplate (ContainerDeletionChoosingPolicyTemplate.java:chooseContainerForBlockDeletion(83)) - Chosen 0/5000 blocks from 0 candidate containers.
2023-04-24 08:15:33,907 [Listener at 127.0.0.1/40959] INFO  ozone.MiniOzoneClusterImpl (MiniOzoneClusterImpl.java:lambda$waitForClusterToBeReady$0(223)) - Nodes are ready. Got 3 of 3 DN Heartbeats.
2023-04-24 08:15:33,907 [Listener at 127.0.0.1/40959] INFO  ozone.MiniOzoneClusterImpl (MiniOzoneClusterImpl.java:lambda$waitForClusterToBeReady$0(226)) - Waiting for cluster to exit safe mode
2023-04-24 08:15:33,908 [Listener at 127.0.0.1/40959] INFO  ozone.MiniOzoneClusterImpl (MiniOzoneClusterImpl.java:lambda$waitForClusterToBeReady$0(228)) - SCM became leader
2023-04-24 08:15:33,935 [593f1123-fce2-46ce-a0f5-50a98353a86f@group-2C65884D69A9-LeaderElection5] INFO  impl.LeaderElection (LeaderElection.java:askForVotes(312)) - 593f1123-fce2-46ce-a0f5-50a98353a86f@group-2C65884D69A9-LeaderElection5 ELECTION round 0: submit vote requests at term 1 for -1: peers:[593f1123-fce2-46ce-a0f5-50a98353a86f|rpc:10.1.0.80:39617|dataStream:10.1.0.80:33973|priority:1|startupRole:FOLLOWER, 444322bb-4321-4e38-998a-96758a8a198b|rpc:10.1.0.80:39889|dataStream:10.1.0.80:39479|priority:0|startupRole:FOLLOWER, d7f67023-bd71-4164-8161-24a8eb75dffe|rpc:10.1.0.80:40717|dataStream:10.1.0.80:32771|priority:0|startupRole:FOLLOWER]|listeners:[], old=null
2023-04-24 08:15:33,936 [593f1123-fce2-46ce-a0f5-50a98353a86f@group-2C65884D69A9-LeaderElection5] INFO  server.RaftServerConfigKeys (ConfUtils.java:logFallback(53)) - raft.server.rpc.first-election.timeout.min = 5s (fallback to raft.server.rpc.timeout.min)
2023-04-24 08:15:33,936 [593f1123-fce2-46ce-a0f5-50a98353a86f@group-2C65884D69A9-LeaderElection5] INFO  server.RaftServerConfigKeys (ConfUtils.java:logFallback(53)) - raft.server.rpc.first-election.timeout.max = 5200ms (fallback to raft.server.rpc.timeout.max)
2023-04-24 08:15:33,938 [grpc-default-executor-0] INFO  server.RaftServer$Division (RaftServerImpl.java:requestVote(1218)) - 444322bb-4321-4e38-998a-96758a8a198b@group-2C65884D69A9: receive requestVote(ELECTION, 593f1123-fce2-46ce-a0f5-50a98353a86f, group-2C65884D69A9, 1, (t:0, i:0))
2023-04-24 08:15:33,940 [grpc-default-executor-0] INFO  impl.VoteContext (VoteContext.java:log(49)) - 444322bb-4321-4e38-998a-96758a8a198b@group-2C65884D69A9-FOLLOWER: accept ELECTION from 593f1123-fce2-46ce-a0f5-50a98353a86f: our priority 0 <= candidate's priority 1
2023-04-24 08:15:33,940 [grpc-default-executor-0] INFO  server.RaftServer$Division (RaftServerImpl.java:setRole(321)) - 444322bb-4321-4e38-998a-96758a8a198b@group-2C65884D69A9: changes role from  FOLLOWER to FOLLOWER at term 1 for candidate:593f1123-fce2-46ce-a0f5-50a98353a86f
2023-04-24 08:15:33,940 [grpc-default-executor-0] INFO  impl.RoleInfo (RoleInfo.java:shutdownFollowerState(110)) - 444322bb-4321-4e38-998a-96758a8a198b: shutdown 444322bb-4321-4e38-998a-96758a8a198b@group-2C65884D69A9-FollowerState
2023-04-24 08:15:33,940 [grpc-default-executor-0] INFO  impl.RoleInfo (RoleInfo.java:updateAndGet(139)) - 444322bb-4321-4e38-998a-96758a8a198b: start 444322bb-4321-4e38-998a-96758a8a198b@group-2C65884D69A9-FollowerState
2023-04-24 08:15:33,940 [444322bb-4321-4e38-998a-96758a8a198b@group-2C65884D69A9-FollowerState] INFO  impl.FollowerState (FollowerState.java:run(152)) - 444322bb-4321-4e38-998a-96758a8a198b@group-2C65884D69A9-FollowerState was interrupted
2023-04-24 08:15:33,945 [444322bb-4321-4e38-998a-96758a8a198b@group-2C65884D69A9-FollowerState] INFO  server.RaftServerConfigKeys (ConfUtils.java:logFallback(53)) - raft.server.rpc.first-election.timeout.min = 5s (fallback to raft.server.rpc.timeout.min)
2023-04-24 08:15:33,945 [444322bb-4321-4e38-998a-96758a8a198b@group-2C65884D69A9-FollowerState] INFO  server.RaftServerConfigKeys (ConfUtils.java:logFallback(53)) - raft.server.rpc.first-election.timeout.max = 5200ms (fallback to raft.server.rpc.timeout.max)
2023-04-24 08:15:33,948 [BlockDeletingService#2] INFO  interfaces.ContainerDeletionChoosingPolicyTemplate (ContainerDeletionChoosingPolicyTemplate.java:chooseContainerForBlockDeletion(83)) - Chosen 0/5000 blocks from 0 candidate containers.
2023-04-24 08:15:33,948 [BlockDeletingService#5] INFO  interfaces.ContainerDeletionChoosingPolicyTemplate (ContainerDeletionChoosingPolicyTemplate.java:chooseContainerForBlockDeletion(83)) - Chosen 0/5000 blocks from 0 candidate containers.
2023-04-24 08:15:33,949 [BlockDeletingService#1] INFO  interfaces.ContainerDeletionChoosingPolicyTemplate (ContainerDeletionChoosingPolicyTemplate.java:chooseContainerForBlockDeletion(83)) - Chosen 0/5000 blocks from 0 candidate containers.
2023-04-24 08:15:33,953 [grpc-default-executor-1] INFO  server.RaftServer$Division (RaftServerImpl.java:requestVote(1218)) - d7f67023-bd71-4164-8161-24a8eb75dffe@group-2C65884D69A9: receive requestVote(ELECTION, 593f1123-fce2-46ce-a0f5-50a98353a86f, group-2C65884D69A9, 1, (t:0, i:0))
2023-04-24 08:15:33,953 [grpc-default-executor-1] INFO  impl.VoteContext (VoteContext.java:log(49)) - d7f67023-bd71-4164-8161-24a8eb75dffe@group-2C65884D69A9-FOLLOWER: accept ELECTION from 593f1123-fce2-46ce-a0f5-50a98353a86f: our priority 0 <= candidate's priority 1
2023-04-24 08:15:33,953 [grpc-default-executor-1] INFO  server.RaftServer$Division (RaftServerImpl.java:setRole(321)) - d7f67023-bd71-4164-8161-24a8eb75dffe@group-2C65884D69A9: changes role from  FOLLOWER to FOLLOWER at term 1 for candidate:593f1123-fce2-46ce-a0f5-50a98353a86f
2023-04-24 08:15:33,954 [grpc-default-executor-1] INFO  impl.RoleInfo (RoleInfo.java:shutdownFollowerState(110)) - d7f67023-bd71-4164-8161-24a8eb75dffe: shutdown d7f67023-bd71-4164-8161-24a8eb75dffe@group-2C65884D69A9-FollowerState
2023-04-24 08:15:33,954 [grpc-default-executor-1] INFO  impl.RoleInfo (RoleInfo.java:updateAndGet(139)) - d7f67023-bd71-4164-8161-24a8eb75dffe: start d7f67023-bd71-4164-8161-24a8eb75dffe@group-2C65884D69A9-FollowerState
2023-04-24 08:15:33,954 [d7f67023-bd71-4164-8161-24a8eb75dffe@group-2C65884D69A9-FollowerState] INFO  impl.FollowerState (FollowerState.java:run(152)) - d7f67023-bd71-4164-8161-24a8eb75dffe@group-2C65884D69A9-FollowerState was interrupted
2023-04-24 08:15:33,960 [d7f67023-bd71-4164-8161-24a8eb75dffe@group-2C65884D69A9-FollowerState] INFO  server.RaftServerConfigKeys (ConfUtils.java:logFallback(53)) - raft.server.rpc.first-election.timeout.min = 5s (fallback to raft.server.rpc.timeout.min)
2023-04-24 08:15:33,960 [d7f67023-bd71-4164-8161-24a8eb75dffe@group-2C65884D69A9-FollowerState] INFO  server.RaftServerConfigKeys (ConfUtils.java:logFallback(53)) - raft.server.rpc.first-election.timeout.max = 5200ms (fallback to raft.server.rpc.timeout.max)
2023-04-24 08:15:33,988 [grpc-default-executor-1] INFO  server.RaftServer$Division (RaftServerImpl.java:requestVote(1251)) - d7f67023-bd71-4164-8161-24a8eb75dffe@group-2C65884D69A9 replies to ELECTION vote request: 593f1123-fce2-46ce-a0f5-50a98353a86f<-d7f67023-bd71-4164-8161-24a8eb75dffe#0:OK-t1. Peer's state: d7f67023-bd71-4164-8161-24a8eb75dffe@group-2C65884D69A9:t1, leader=null, voted=593f1123-fce2-46ce-a0f5-50a98353a86f, raftlog=Memoized:d7f67023-bd71-4164-8161-24a8eb75dffe@group-2C65884D69A9-SegmentedRaftLog:OPENED:c-1, conf=-1: peers:[593f1123-fce2-46ce-a0f5-50a98353a86f|rpc:10.1.0.80:39617|dataStream:10.1.0.80:33973|priority:1|startupRole:FOLLOWER, 444322bb-4321-4e38-998a-96758a8a198b|rpc:10.1.0.80:39889|dataStream:10.1.0.80:39479|priority:0|startupRole:FOLLOWER, d7f67023-bd71-4164-8161-24a8eb75dffe|rpc:10.1.0.80:40717|dataStream:10.1.0.80:32771|priority:0|startupRole:FOLLOWER]|listeners:[], old=null
2023-04-24 08:15:33,988 [grpc-default-executor-0] INFO  server.RaftServer$Division (RaftServerImpl.java:requestVote(1251)) - 444322bb-4321-4e38-998a-96758a8a198b@group-2C65884D69A9 replies to ELECTION vote request: 593f1123-fce2-46ce-a0f5-50a98353a86f<-444322bb-4321-4e38-998a-96758a8a198b#0:OK-t1. Peer's state: 444322bb-4321-4e38-998a-96758a8a198b@group-2C65884D69A9:t1, leader=null, voted=593f1123-fce2-46ce-a0f5-50a98353a86f, raftlog=Memoized:444322bb-4321-4e38-998a-96758a8a198b@group-2C65884D69A9-SegmentedRaftLog:OPENED:c-1, conf=-1: peers:[593f1123-fce2-46ce-a0f5-50a98353a86f|rpc:10.1.0.80:39617|dataStream:10.1.0.80:33973|priority:1|startupRole:FOLLOWER, 444322bb-4321-4e38-998a-96758a8a198b|rpc:10.1.0.80:39889|dataStream:10.1.0.80:39479|priority:0|startupRole:FOLLOWER, d7f67023-bd71-4164-8161-24a8eb75dffe|rpc:10.1.0.80:40717|dataStream:10.1.0.80:32771|priority:0|startupRole:FOLLOWER]|listeners:[], old=null
2023-04-24 08:15:33,992 [593f1123-fce2-46ce-a0f5-50a98353a86f@group-2C65884D69A9-LeaderElection5] INFO  impl.LeaderElection (LeaderElection.java:logAndReturn(90)) - 593f1123-fce2-46ce-a0f5-50a98353a86f@group-2C65884D69A9-LeaderElection5: ELECTION PASSED received 1 response(s) and 0 exception(s):
2023-04-24 08:15:33,993 [593f1123-fce2-46ce-a0f5-50a98353a86f@group-2C65884D69A9-LeaderElection5] INFO  impl.LeaderElection (LeaderElection.java:logAndReturn(94)) -   Response 0: 593f1123-fce2-46ce-a0f5-50a98353a86f<-d7f67023-bd71-4164-8161-24a8eb75dffe#0:OK-t1
2023-04-24 08:15:33,993 [593f1123-fce2-46ce-a0f5-50a98353a86f@group-2C65884D69A9-LeaderElection5] INFO  impl.LeaderElection (LeaderElection.java:askForVotes(314)) - 593f1123-fce2-46ce-a0f5-50a98353a86f@group-2C65884D69A9-LeaderElection5 ELECTION round 0: result PASSED
2023-04-24 08:15:33,993 [593f1123-fce2-46ce-a0f5-50a98353a86f@group-2C65884D69A9-LeaderElection5] INFO  impl.RoleInfo (RoleInfo.java:shutdownLeaderElection(130)) - 593f1123-fce2-46ce-a0f5-50a98353a86f: shutdown 593f1123-fce2-46ce-a0f5-50a98353a86f@group-2C65884D69A9-LeaderElection5
2023-04-24 08:15:33,993 [593f1123-fce2-46ce-a0f5-50a98353a86f@group-2C65884D69A9-LeaderElection5] INFO  server.RaftServer$Division (RaftServerImpl.java:setRole(321)) - 593f1123-fce2-46ce-a0f5-50a98353a86f@group-2C65884D69A9: changes role from CANDIDATE to LEADER at term 1 for changeToLeader
2023-04-24 08:15:33,993 [593f1123-fce2-46ce-a0f5-50a98353a86f@group-2C65884D69A9-LeaderElection5] INFO  ratis.XceiverServerRatis (XceiverServerRatis.java:handleLeaderChangedNotification(904)) - Leader change notification received for group: group-2C65884D69A9 with new leaderId: 593f1123-fce2-46ce-a0f5-50a98353a86f
2023-04-24 08:15:33,993 [593f1123-fce2-46ce-a0f5-50a98353a86f@group-2C65884D69A9-LeaderElection5] INFO  server.RaftServer$Division (ServerState.java:setLeader(313)) - 593f1123-fce2-46ce-a0f5-50a98353a86f@group-2C65884D69A9: change Leader from null to 593f1123-fce2-46ce-a0f5-50a98353a86f at term 1 for becomeLeader, leader elected after 5407ms
2023-04-24 08:15:33,993 [593f1123-fce2-46ce-a0f5-50a98353a86f@group-2C65884D69A9-LeaderElection5] INFO  server.RaftServerConfigKeys (ConfUtils.java:logGet(46)) - raft.server.staging.catchup.gap = 1000 (default)
2023-04-24 08:15:33,994 [593f1123-fce2-46ce-a0f5-50a98353a86f@group-2C65884D69A9-LeaderElection5] INFO  server.RaftServerConfigKeys (ConfUtils.java:logGet(46)) - raft.server.write.element-limit = 1024 (custom)
2023-04-24 08:15:33,994 [593f1123-fce2-46ce-a0f5-50a98353a86f@group-2C65884D69A9-LeaderElection5] INFO  server.RaftServerConfigKeys (ConfUtils.java:logGet(46)) - raft.server.write.byte-limit = 1024 M (=1073741824) (custom)
2023-04-24 08:15:33,994 [593f1123-fce2-46ce-a0f5-50a98353a86f@group-2C65884D69A9-LeaderElection5] INFO  server.RaftServerConfigKeys (ConfUtils.java:logGet(46)) - raft.server.watch.timeout = 3000ms (custom)
2023-04-24 08:15:33,994 [593f1123-fce2-46ce-a0f5-50a98353a86f@group-2C65884D69A9-LeaderElection5] INFO  server.RaftServerConfigKeys (ConfUtils.java:logGet(46)) - raft.server.watch.timeout.denomination = 1s (default)
2023-04-24 08:15:33,994 [593f1123-fce2-46ce-a0f5-50a98353a86f@group-2C65884D69A9-LeaderElection5] INFO  server.RaftServerConfigKeys (ConfUtils.java:logGet(46)) - raft.server.watch.element-limit = 65536 (default)
2023-04-24 08:15:33,994 [593f1123-fce2-46ce-a0f5-50a98353a86f@group-2C65884D69A9-LeaderElection5] INFO  server.RaftServerConfigKeys (ConfUtils.java:logGet(46)) - raft.server.write.element-limit = 1024 (custom)
2023-04-24 08:15:33,994 [593f1123-fce2-46ce-a0f5-50a98353a86f@group-2C65884D69A9-LeaderElection5] INFO  server.RaftServerConfigKeys (ConfUtils.java:logGet(46)) - raft.server.write.follower.gap.ratio.max = -1.0 (default)
2023-04-24 08:15:33,996 [EventQueue-PipelineReportForPipelineReportHandler] INFO  pipeline.PipelineManagerImpl (PipelineManagerImpl.java:openPipeline(367)) - Pipeline Pipeline[ Id: 28a339a4-75ef-4360-898e-2c65884d69a9, Nodes: 444322bb-4321-4e38-998a-96758a8a198b(fv-az212-956.zlodpucb4l4udavnfxg5s20dva.cx.internal.cloudapp.net/10.1.0.80)593f1123-fce2-46ce-a0f5-50a98353a86f(fv-az212-956.zlodpucb4l4udavnfxg5s20dva.cx.internal.cloudapp.net/10.1.0.80)d7f67023-bd71-4164-8161-24a8eb75dffe(fv-az212-956.zlodpucb4l4udavnfxg5s20dva.cx.internal.cloudapp.net/10.1.0.80), ReplicationConfig: RATIS/THREE, State:ALLOCATED, leaderId:593f1123-fce2-46ce-a0f5-50a98353a86f, CreationTimestamp2023-04-24T08:15:25.916Z[Etc/UTC]] moved to OPEN state
2023-04-24 08:15:33,996 [EventQueue-OpenPipelineForHealthyPipelineSafeModeRule] INFO  safemode.SCMSafeModeManager (HealthyPipelineSafeModeRule.java:process(137)) - SCM in safe mode. Healthy pipelines reported count is 0, required healthy pipeline reported count is 1
2023-04-24 08:15:34,001 [EventQueue-OpenPipelineForHealthyPipelineSafeModeRule] INFO  safemode.SCMSafeModeManager (HealthyPipelineSafeModeRule.java:process(137)) - SCM in safe mode. Healthy pipelines reported count is 1, required healthy pipeline reported count is 1
2023-04-24 08:15:34,001 [EventQueue-OpenPipelineForHealthyPipelineSafeModeRule] INFO  safemode.SCMSafeModeManager (SCMSafeModeManager.java:validateSafeModeExitRules(200)) - HealthyPipelineSafeModeRule rule is successfully validated
2023-04-24 08:15:34,001 [EventQueue-OpenPipelineForHealthyPipelineSafeModeRule] INFO  safemode.SCMSafeModeManager (SCMSafeModeManager.java:validateSafeModeExitRules(215)) - ScmSafeModeManager, all rules are successfully validated
2023-04-24 08:15:34,001 [EventQueue-OpenPipelineForHealthyPipelineSafeModeRule] INFO  safemode.SCMSafeModeManager (SCMSafeModeManager.java:exitSafeMode(244)) - SCM exiting safe mode.
2023-04-24 08:15:34,001 [EventQueue-OpenPipelineForHealthyPipelineSafeModeRule] INFO  ha.SCMContext (SCMContext.java:updateSafeModeStatus(228)) - Update SafeModeStatus from SafeModeStatus{safeModeStatus=true, preCheckPassed=true} to SafeModeStatus{safeModeStatus=false, preCheckPassed=true}.
2023-04-24 08:15:34,001 [EventQueue-OpenPipelineForHealthyPipelineSafeModeRule] INFO  pipeline.BackgroundPipelineCreator (BackgroundPipelineCreator.java:notifyStatusChanged(254)) - Service BackgroundPipelineCreator transitions to RUNNING.
2023-04-24 08:15:34,001 [EventQueue-OpenPipelineForHealthyPipelineSafeModeRule] INFO  BackgroundPipelineScrubber (BackgroundSCMService.java:notifyStatusChanged(82)) - Service BackgroundPipelineScrubber transitions to RUNNING.
2023-04-24 08:15:34,001 [EventQueue-OpenPipelineForHealthyPipelineSafeModeRule] INFO  ExpiredContainerReplicaOpScrubber (BackgroundSCMService.java:notifyStatusChanged(82)) - Service ExpiredContainerReplicaOpScrubber transitions to RUNNING.
2023-04-24 08:15:34,001 [EventQueue-OpenPipelineForHealthyPipelineSafeModeRule] INFO  replication.ReplicationManager (ReplicationManager.java:notifyStatusChanged(1371)) - Service ReplicationManager transitions to RUNNING.
2023-04-24 08:15:34,004 [EventQueue-OpenPipelineForHealthyPipelineSafeModeRule] WARN  balancer.ContainerBalancer (ContainerBalancer.java:shouldRun(132)) - Could not find persisted configuration for ContainerBalancer when checking if ContainerBalancer should run. ContainerBalancer should not run now.
2023-04-24 08:15:34,008 [593f1123-fce2-46ce-a0f5-50a98353a86f@group-2C65884D69A9-LeaderElection5] INFO  server.RaftServerConfigKeys (ConfUtils.java:logGet(46)) - raft.server.log.appender.snapshot.chunk.size.max = 16MB (=16777216) (default)
2023-04-24 08:15:34,009 [593f1123-fce2-46ce-a0f5-50a98353a86f@group-2C65884D69A9-LeaderElection5] INFO  server.RaftServerConfigKeys (ConfUtils.java:logGet(46)) - raft.server.log.appender.buffer.byte-limit = 33554432 (custom)
2023-04-24 08:15:34,009 [593f1123-fce2-46ce-a0f5-50a98353a86f@group-2C65884D69A9-LeaderElection5] INFO  server.RaftServerConfigKeys (ConfUtils.java:logGet(46)) - raft.server.log.appender.buffer.element-limit = 1 (custom)
2023-04-24 08:15:34,014 [593f1123-fce2-46ce-a0f5-50a98353a86f@group-2C65884D69A9-LeaderElection5] INFO  grpc.GrpcConfigKeys (ConfUtils.java:logGet(46)) - raft.grpc.server.leader.outstanding.appends.max = 128 (default)
2023-04-24 08:15:34,014 [593f1123-fce2-46ce-a0f5-50a98353a86f@group-2C65884D69A9-LeaderElection5] INFO  server.RaftServerConfigKeys (ConfUtils.java:logGet(46)) - raft.server.rpc.request.timeout = 3000ms (default)
2023-04-24 08:15:34,014 [593f1123-fce2-46ce-a0f5-50a98353a86f@group-2C65884D69A9-LeaderElection5] INFO  server.RaftServerConfigKeys (ConfUtils.java:logGet(46)) - raft.server.log.appender.install.snapshot.enabled = false (custom)
2023-04-24 08:15:34,014 [593f1123-fce2-46ce-a0f5-50a98353a86f@group-2C65884D69A9-LeaderElection5] INFO  grpc.GrpcConfigKeys (ConfUtils.java:logGet(46)) - raft.grpc.server.heartbeat.channel = true (default)
2023-04-24 08:15:34,014 [593f1123-fce2-46ce-a0f5-50a98353a86f@group-2C65884D69A9-LeaderElection5] INFO  server.RaftServerConfigKeys (ConfUtils.java:logGet(46)) - raft.server.log.appender.wait-time.min = 10ms (default)
2023-04-24 08:15:34,016 [593f1123-fce2-46ce-a0f5-50a98353a86f@group-2C65884D69A9-LeaderElection5] INFO  server.RaftServerConfigKeys (ConfUtils.java:logGet(46)) - raft.server.log.appender.snapshot.chunk.size.max = 16MB (=16777216) (default)
2023-04-24 08:15:34,016 [593f1123-fce2-46ce-a0f5-50a98353a86f@group-2C65884D69A9-LeaderElection5] INFO  server.RaftServerConfigKeys (ConfUtils.java:logGet(46)) - raft.server.log.appender.buffer.byte-limit = 33554432 (custom)
2023-04-24 08:15:34,016 [593f1123-fce2-46ce-a0f5-50a98353a86f@group-2C65884D69A9-LeaderElection5] INFO  server.RaftServerConfigKeys (ConfUtils.java:logGet(46)) - raft.server.log.appender.buffer.element-limit = 1 (custom)
2023-04-24 08:15:34,016 [593f1123-fce2-46ce-a0f5-50a98353a86f@group-2C65884D69A9-LeaderElection5] INFO  grpc.GrpcConfigKeys (ConfUtils.java:logGet(46)) - raft.grpc.server.leader.outstanding.appends.max = 128 (default)
2023-04-24 08:15:34,016 [593f1123-fce2-46ce-a0f5-50a98353a86f@group-2C65884D69A9-LeaderElection5] INFO  server.RaftServerConfigKeys (ConfUtils.java:logGet(46)) - raft.server.rpc.request.timeout = 3000ms (default)
2023-04-24 08:15:34,017 [593f1123-fce2-46ce-a0f5-50a98353a86f@group-2C65884D69A9-LeaderElection5] INFO  server.RaftServerConfigKeys (ConfUtils.java:logGet(46)) - raft.server.log.appender.install.snapshot.enabled = false (custom)
2023-04-24 08:15:34,017 [593f1123-fce2-46ce-a0f5-50a98353a86f@group-2C65884D69A9-LeaderElection5] INFO  grpc.GrpcConfigKeys (ConfUtils.java:logGet(46)) - raft.grpc.server.heartbeat.channel = true (default)
2023-04-24 08:15:34,017 [593f1123-fce2-46ce-a0f5-50a98353a86f@group-2C65884D69A9-LeaderElection5] INFO  server.RaftServerConfigKeys (ConfUtils.java:logGet(46)) - raft.server.log.appender.wait-time.min = 10ms (default)
2023-04-24 08:15:34,017 [593f1123-fce2-46ce-a0f5-50a98353a86f@group-2C65884D69A9-LeaderElection5] INFO  impl.RoleInfo (RoleInfo.java:updateAndGet(139)) - 593f1123-fce2-46ce-a0f5-50a98353a86f: start 593f1123-fce2-46ce-a0f5-50a98353a86f@group-2C65884D69A9-LeaderStateImpl
2023-04-24 08:15:34,018 [593f1123-fce2-46ce-a0f5-50a98353a86f@group-2C65884D69A9-LeaderElection5] INFO  segmented.SegmentedRaftLogWorker (SegmentedRaftLogWorker.java:startLogSegment(452)) - 593f1123-fce2-46ce-a0f5-50a98353a86f@group-2C65884D69A9-SegmentedRaftLogWorker: Starting segment from index:0
2023-04-24 08:15:34,023 [593f1123-fce2-46ce-a0f5-50a98353a86f@group-2C65884D69A9-LeaderElection5] INFO  server.RaftServer$Division (ServerState.java:setRaftConf(430)) - 593f1123-fce2-46ce-a0f5-50a98353a86f@group-2C65884D69A9: set configuration 0: peers:[593f1123-fce2-46ce-a0f5-50a98353a86f|rpc:10.1.0.80:39617|dataStream:10.1.0.80:33973|priority:1|startupRole:FOLLOWER, 444322bb-4321-4e38-998a-96758a8a198b|rpc:10.1.0.80:39889|dataStream:10.1.0.80:39479|priority:0|startupRole:FOLLOWER, d7f67023-bd71-4164-8161-24a8eb75dffe|rpc:10.1.0.80:40717|dataStream:10.1.0.80:32771|priority:0|startupRole:FOLLOWER]|listeners:[], old=null
2023-04-24 08:15:34,037 [593f1123-fce2-46ce-a0f5-50a98353a86f@group-817EDBF5072E-FollowerState] INFO  impl.FollowerState (FollowerState.java:run(143)) - 593f1123-fce2-46ce-a0f5-50a98353a86f@group-817EDBF5072E-FollowerState: change to CANDIDATE, lastRpcElapsedTime:5108529641ns, electionTimeout:5103ms
2023-04-24 08:15:34,038 [593f1123-fce2-46ce-a0f5-50a98353a86f@group-817EDBF5072E-FollowerState] INFO  impl.RoleInfo (RoleInfo.java:shutdownFollowerState(110)) - 593f1123-fce2-46ce-a0f5-50a98353a86f: shutdown 593f1123-fce2-46ce-a0f5-50a98353a86f@group-817EDBF5072E-FollowerState
2023-04-24 08:15:34,038 [593f1123-fce2-46ce-a0f5-50a98353a86f@group-817EDBF5072E-FollowerState] INFO  server.RaftServer$Division (RaftServerImpl.java:setRole(321)) - 593f1123-fce2-46ce-a0f5-50a98353a86f@group-817EDBF5072E: changes role from  FOLLOWER to CANDIDATE at term 0 for changeToCandidate
2023-04-24 08:15:34,043 [593f1123-fce2-46ce-a0f5-50a98353a86f@group-817EDBF5072E-FollowerState] INFO  server.RaftServerConfigKeys (ConfUtils.java:logGet(46)) - raft.server.leaderelection.pre-vote = true (default)
2023-04-24 08:15:34,043 [593f1123-fce2-46ce-a0f5-50a98353a86f@group-817EDBF5072E-FollowerState] INFO  impl.RoleInfo (RoleInfo.java:updateAndGet(139)) - 593f1123-fce2-46ce-a0f5-50a98353a86f: start 593f1123-fce2-46ce-a0f5-50a98353a86f@group-817EDBF5072E-LeaderElection6
2023-04-24 08:15:34,049 [BlockDeletingService#2] INFO  interfaces.ContainerDeletionChoosingPolicyTemplate (ContainerDeletionChoosingPolicyTemplate.java:chooseContainerForBlockDeletion(83)) - Chosen 0/5000 blocks from 0 candidate containers.
2023-04-24 08:15:34,049 [BlockDeletingService#1] INFO  interfaces.ContainerDeletionChoosingPolicyTemplate (ContainerDeletionChoosingPolicyTemplate.java:chooseContainerForBlockDeletion(83)) - Chosen 0/5000 blocks from 0 candidate containers.
2023-04-24 08:15:34,049 [BlockDeletingService#5] INFO  interfaces.ContainerDeletionChoosingPolicyTemplate (ContainerDeletionChoosingPolicyTemplate.java:chooseContainerForBlockDeletion(83)) - Chosen 0/5000 blocks from 0 candidate containers.
2023-04-24 08:15:34,055 [593f1123-fce2-46ce-a0f5-50a98353a86f@group-817EDBF5072E-LeaderElection6] INFO  impl.LeaderElection (LeaderElection.java:askForVotes(312)) - 593f1123-fce2-46ce-a0f5-50a98353a86f@group-817EDBF5072E-LeaderElection6 PRE_VOTE round 0: submit vote requests at term 0 for -1: peers:[593f1123-fce2-46ce-a0f5-50a98353a86f|rpc:10.1.0.80:39617|dataStream:10.1.0.80:33973|priority:1|startupRole:FOLLOWER]|listeners:[], old=null
2023-04-24 08:15:34,055 [593f1123-fce2-46ce-a0f5-50a98353a86f@group-817EDBF5072E-LeaderElection6] INFO  impl.LeaderElection (LeaderElection.java:askForVotes(314)) - 593f1123-fce2-46ce-a0f5-50a98353a86f@group-817EDBF5072E-LeaderElection6 PRE_VOTE round 0: result PASSED (term=0)
2023-04-24 08:15:34,059 [d7f67023-bd71-4164-8161-24a8eb75dffe-server-thread1] INFO  ratis.XceiverServerRatis (XceiverServerRatis.java:handleLeaderChangedNotification(904)) - Leader change notification received for group: group-2C65884D69A9 with new leaderId: 593f1123-fce2-46ce-a0f5-50a98353a86f
2023-04-24 08:15:34,059 [d7f67023-bd71-4164-8161-24a8eb75dffe-server-thread1] INFO  server.RaftServer$Division (ServerState.java:setLeader(313)) - d7f67023-bd71-4164-8161-24a8eb75dffe@group-2C65884D69A9: change Leader from null to 593f1123-fce2-46ce-a0f5-50a98353a86f at term 1 for appendEntries, leader elected after 5550ms
2023-04-24 08:15:34,063 [444322bb-4321-4e38-998a-96758a8a198b-server-thread1] INFO  ratis.XceiverServerRatis (XceiverServerRatis.java:handleLeaderChangedNotification(904)) - Leader change notification received for group: group-2C65884D69A9 with new leaderId: 593f1123-fce2-46ce-a0f5-50a98353a86f
2023-04-24 08:15:34,063 [444322bb-4321-4e38-998a-96758a8a198b-server-thread1] INFO  server.RaftServer$Division (ServerState.java:setLeader(313)) - 444322bb-4321-4e38-998a-96758a8a198b@group-2C65884D69A9: change Leader from null to 593f1123-fce2-46ce-a0f5-50a98353a86f at term 1 for appendEntries, leader elected after 6095ms
2023-04-24 08:15:34,078 [444322bb-4321-4e38-998a-96758a8a198b-server-thread1] INFO  server.RaftServer$Division (ServerState.java:setRaftConf(430)) - 444322bb-4321-4e38-998a-96758a8a198b@group-2C65884D69A9: set configuration 0: peers:[593f1123-fce2-46ce-a0f5-50a98353a86f|rpc:10.1.0.80:39617|dataStream:10.1.0.80:33973|priority:1|startupRole:FOLLOWER, 444322bb-4321-4e38-998a-96758a8a198b|rpc:10.1.0.80:39889|dataStream:10.1.0.80:39479|priority:0|startupRole:FOLLOWER, d7f67023-bd71-4164-8161-24a8eb75dffe|rpc:10.1.0.80:40717|dataStream:10.1.0.80:32771|priority:0|startupRole:FOLLOWER]|listeners:[], old=null
2023-04-24 08:15:34,078 [444322bb-4321-4e38-998a-96758a8a198b-server-thread1] INFO  segmented.SegmentedRaftLogWorker (SegmentedRaftLogWorker.java:startLogSegment(452)) - 444322bb-4321-4e38-998a-96758a8a198b@group-2C65884D69A9-SegmentedRaftLogWorker: Starting segment from index:0
2023-04-24 08:15:34,080 [593f1123-fce2-46ce-a0f5-50a98353a86f@group-2C65884D69A9-SegmentedRaftLogWorker] INFO  segmented.SegmentedRaftLogWorker (SegmentedRaftLogWorker.java:execute(656)) - 593f1123-fce2-46ce-a0f5-50a98353a86f@group-2C65884D69A9-SegmentedRaftLogWorker: created new log segment /home/runner/work/ozone/ozone/hadoop-ozone/integration-test/target/test-dir/MiniOzoneClusterImpl-f6153afd-65ae-4a30-a1a8-75442c8cb6d9/datanode-2/data/ratis/28a339a4-75ef-4360-898e-2c65884d69a9/current/log_inprogress_0
2023-04-24 08:15:34,086 [d7f67023-bd71-4164-8161-24a8eb75dffe-server-thread2] INFO  server.RaftServer$Division (ServerState.java:setRaftConf(430)) - d7f67023-bd71-4164-8161-24a8eb75dffe@group-2C65884D69A9: set configuration 0: peers:[593f1123-fce2-46ce-a0f5-50a98353a86f|rpc:10.1.0.80:39617|dataStream:10.1.0.80:33973|priority:1|startupRole:FOLLOWER, 444322bb-4321-4e38-998a-96758a8a198b|rpc:10.1.0.80:39889|dataStream:10.1.0.80:39479|priority:0|startupRole:FOLLOWER, d7f67023-bd71-4164-8161-24a8eb75dffe|rpc:10.1.0.80:40717|dataStream:10.1.0.80:32771|priority:0|startupRole:FOLLOWER]|listeners:[], old=null
2023-04-24 08:15:34,088 [d7f67023-bd71-4164-8161-24a8eb75dffe-server-thread2] INFO  segmented.SegmentedRaftLogWorker (SegmentedRaftLogWorker.java:startLogSegment(452)) - d7f67023-bd71-4164-8161-24a8eb75dffe@group-2C65884D69A9-SegmentedRaftLogWorker: Starting segment from index:0
2023-04-24 08:15:34,154 [BlockDeletingService#2] INFO  interfaces.ContainerDeletionChoosingPolicyTemplate (ContainerDeletionChoosingPolicyTemplate.java:chooseContainerForBlockDeletion(83)) - Chosen 0/5000 blocks from 0 candidate containers.
2023-04-24 08:15:34,155 [BlockDeletingService#1] INFO  interfaces.ContainerDeletionChoosingPolicyTemplate (ContainerDeletionChoosingPolicyTemplate.java:chooseContainerForBlockDeletion(83)) - Chosen 0/5000 blocks from 0 candidate containers.
2023-04-24 08:15:34,155 [BlockDeletingService#5] INFO  interfaces.ContainerDeletionChoosingPolicyTemplate (ContainerDeletionChoosingPolicyTemplate.java:chooseContainerForBlockDeletion(83)) - Chosen 0/5000 blocks from 0 candidate containers.
2023-04-24 08:15:34,236 [593f1123-fce2-46ce-a0f5-50a98353a86f@group-817EDBF5072E-LeaderElection6] INFO  impl.LeaderElection (LeaderElection.java:askForVotes(312)) - 593f1123-fce2-46ce-a0f5-50a98353a86f@group-817EDBF5072E-LeaderElection6 ELECTION round 0: submit vote requests at term 1 for -1: peers:[593f1123-fce2-46ce-a0f5-50a98353a86f|rpc:10.1.0.80:39617|dataStream:10.1.0.80:33973|priority:1|startupRole:FOLLOWER]|listeners:[], old=null
2023-04-24 08:15:34,236 [d7f67023-bd71-4164-8161-24a8eb75dffe@group-2C65884D69A9-SegmentedRaftLogWorker] INFO  segmented.SegmentedRaftLogWorker (SegmentedRaftLogWorker.java:execute(656)) - d7f67023-bd71-4164-8161-24a8eb75dffe@group-2C65884D69A9-SegmentedRaftLogWorker: created new log segment /home/runner/work/ozone/ozone/hadoop-ozone/integration-test/target/test-dir/MiniOzoneClusterImpl-f6153afd-65ae-4a30-a1a8-75442c8cb6d9/datanode-1/data/ratis/28a339a4-75ef-4360-898e-2c65884d69a9/current/log_inprogress_0
2023-04-24 08:15:34,236 [444322bb-4321-4e38-998a-96758a8a198b@group-2C65884D69A9-SegmentedRaftLogWorker] INFO  segmented.SegmentedRaftLogWorker (SegmentedRaftLogWorker.java:execute(656)) - 444322bb-4321-4e38-998a-96758a8a198b@group-2C65884D69A9-SegmentedRaftLogWorker: created new log segment /home/runner/work/ozone/ozone/hadoop-ozone/integration-test/target/test-dir/MiniOzoneClusterImpl-f6153afd-65ae-4a30-a1a8-75442c8cb6d9/datanode-0/data/ratis/28a339a4-75ef-4360-898e-2c65884d69a9/current/log_inprogress_0
2023-04-24 08:15:34,236 [593f1123-fce2-46ce-a0f5-50a98353a86f@group-817EDBF5072E-LeaderElection6] INFO  impl.LeaderElection (LeaderElection.java:askForVotes(314)) - 593f1123-fce2-46ce-a0f5-50a98353a86f@group-817EDBF5072E-LeaderElection6 ELECTION round 0: result PASSED (term=1)
2023-04-24 08:15:34,237 [593f1123-fce2-46ce-a0f5-50a98353a86f@group-817EDBF5072E-LeaderElection6] INFO  impl.RoleInfo (RoleInfo.java:shutdownLeaderElection(130)) - 593f1123-fce2-46ce-a0f5-50a98353a86f: shutdown 593f1123-fce2-46ce-a0f5-50a98353a86f@group-817EDBF5072E-LeaderElection6
2023-04-24 08:15:34,237 [593f1123-fce2-46ce-a0f5-50a98353a86f@group-817EDBF5072E-LeaderElection6] INFO  server.RaftServer$Division (RaftServerImpl.java:setRole(321)) - 593f1123-fce2-46ce-a0f5-50a98353a86f@group-817EDBF5072E: changes role from CANDIDATE to LEADER at term 1 for changeToLeader
2023-04-24 08:15:34,237 [593f1123-fce2-46ce-a0f5-50a98353a86f@group-817EDBF5072E-LeaderElection6] INFO  ratis.XceiverServerRatis (XceiverServerRatis.java:handleLeaderChangedNotification(904)) - Leader change notification received for group: group-817EDBF5072E with new leaderId: 593f1123-fce2-46ce-a0f5-50a98353a86f
2023-04-24 08:15:34,237 [593f1123-fce2-46ce-a0f5-50a98353a86f@group-817EDBF5072E-LeaderElection6] INFO  server.RaftServer$Division (ServerState.java:setLeader(313)) - 593f1123-fce2-46ce-a0f5-50a98353a86f@group-817EDBF5072E: change Leader from null to 593f1123-fce2-46ce-a0f5-50a98353a86f at term 1 for becomeLeader, leader elected after 5327ms
2023-04-24 08:15:34,237 [593f1123-fce2-46ce-a0f5-50a98353a86f@group-817EDBF5072E-LeaderElection6] INFO  server.RaftServerConfigKeys (ConfUtils.java:logGet(46)) - raft.server.staging.catchup.gap = 1000 (default)
2023-04-24 08:15:34,238 [593f1123-fce2-46ce-a0f5-50a98353a86f@group-817EDBF5072E-LeaderElection6] INFO  server.RaftServerConfigKeys (ConfUtils.java:logGet(46)) - raft.server.write.element-limit = 1024 (custom)
2023-04-24 08:15:34,238 [593f1123-fce2-46ce-a0f5-50a98353a86f@group-817EDBF5072E-LeaderElection6] INFO  server.RaftServerConfigKeys (ConfUtils.java:logGet(46)) - raft.server.write.byte-limit = 1024 M (=1073741824) (custom)
2023-04-24 08:15:34,239 [593f1123-fce2-46ce-a0f5-50a98353a86f@group-817EDBF5072E-LeaderElection6] INFO  server.RaftServerConfigKeys (ConfUtils.java:logGet(46)) - raft.server.watch.timeout = 3000ms (custom)
2023-04-24 08:15:34,239 [593f1123-fce2-46ce-a0f5-50a98353a86f@group-817EDBF5072E-LeaderElection6] INFO  server.RaftServerConfigKeys (ConfUtils.java:logGet(46)) - raft.server.watch.timeout.denomination = 1s (default)
2023-04-24 08:15:34,239 [593f1123-fce2-46ce-a0f5-50a98353a86f@group-817EDBF5072E-LeaderElection6] INFO  server.RaftServerConfigKeys (ConfUtils.java:logGet(46)) - raft.server.watch.element-limit = 65536 (default)
2023-04-24 08:15:34,239 [593f1123-fce2-46ce-a0f5-50a98353a86f@group-817EDBF5072E-LeaderElection6] INFO  server.RaftServerConfigKeys (ConfUtils.java:logGet(46)) - raft.server.write.element-limit = 1024 (custom)
2023-04-24 08:15:34,239 [593f1123-fce2-46ce-a0f5-50a98353a86f@group-817EDBF5072E-LeaderElection6] INFO  server.RaftServerConfigKeys (ConfUtils.java:logGet(46)) - raft.server.write.follower.gap.ratio.max = -1.0 (default)
2023-04-24 08:15:34,239 [593f1123-fce2-46ce-a0f5-50a98353a86f@group-817EDBF5072E-LeaderElection6] INFO  impl.RoleInfo (RoleInfo.java:updateAndGet(139)) - 593f1123-fce2-46ce-a0f5-50a98353a86f: start 593f1123-fce2-46ce-a0f5-50a98353a86f@group-817EDBF5072E-LeaderStateImpl
2023-04-24 08:15:34,239 [593f1123-fce2-46ce-a0f5-50a98353a86f@group-817EDBF5072E-LeaderElection6] INFO  segmented.SegmentedRaftLogWorker (SegmentedRaftLogWorker.java:startLogSegment(452)) - 593f1123-fce2-46ce-a0f5-50a98353a86f@group-817EDBF5072E-SegmentedRaftLogWorker: Starting segment from index:0
2023-04-24 08:15:34,248 [593f1123-fce2-46ce-a0f5-50a98353a86f@group-817EDBF5072E-LeaderElection6] INFO  server.RaftServer$Division (ServerState.java:setRaftConf(430)) - 593f1123-fce2-46ce-a0f5-50a98353a86f@group-817EDBF5072E: set configuration 0: peers:[593f1123-fce2-46ce-a0f5-50a98353a86f|rpc:10.1.0.80:39617|dataStream:10.1.0.80:33973|priority:1|startupRole:FOLLOWER]|listeners:[], old=null
2023-04-24 08:15:34,252 [593f1123-fce2-46ce-a0f5-50a98353a86f@group-817EDBF5072E-SegmentedRaftLogWorker] INFO  segmented.SegmentedRaftLogWorker (SegmentedRaftLogWorker.java:execute(656)) - 593f1123-fce2-46ce-a0f5-50a98353a86f@group-817EDBF5072E-SegmentedRaftLogWorker: created new log segment /home/runner/work/ozone/ozone/hadoop-ozone/integration-test/target/test-dir/MiniOzoneClusterImpl-f6153afd-65ae-4a30-a1a8-75442c8cb6d9/datanode-2/data/ratis/bc57abd0-3d16-4ace-b638-817edbf5072e/current/log_inprogress_0
2023-04-24 08:15:34,255 [BlockDeletingService#5] INFO  interfaces.ContainerDeletionChoosingPolicyTemplate (ContainerDeletionChoosingPolicyTemplate.java:chooseContainerForBlockDeletion(83)) - Chosen 0/5000 blocks from 0 candidate containers.
2023-04-24 08:15:34,255 [BlockDeletingService#2] INFO  interfaces.ContainerDeletionChoosingPolicyTemplate (ContainerDeletionChoosingPolicyTemplate.java:chooseContainerForBlockDeletion(83)) - Chosen 0/5000 blocks from 0 candidate containers.
2023-04-24 08:15:34,256 [BlockDeletingService#1] INFO  interfaces.ContainerDeletionChoosingPolicyTemplate (ContainerDeletionChoosingPolicyTemplate.java:chooseContainerForBlockDeletion(83)) - Chosen 0/5000 blocks from 0 candidate containers.
2023-04-24 08:15:34,356 [BlockDeletingService#5] INFO  interfaces.ContainerDeletionChoosingPolicyTemplate (ContainerDeletionChoosingPolicyTemplate.java:chooseContainerForBlockDeletion(83)) - Chosen 0/5000 blocks from 0 candidate containers.
2023-04-24 08:15:34,356 [BlockDeletingService#2] INFO  interfaces.ContainerDeletionChoosingPolicyTemplate (ContainerDeletionChoosingPolicyTemplate.java:chooseContainerForBlockDeletion(83)) - Chosen 0/5000 blocks from 0 candidate containers.
2023-04-24 08:15:34,356 [BlockDeletingService#1] INFO  interfaces.ContainerDeletionChoosingPolicyTemplate (ContainerDeletionChoosingPolicyTemplate.java:chooseContainerForBlockDeletion(83)) - Chosen 0/5000 blocks from 0 candidate containers.
2023-04-24 08:15:34,456 [BlockDeletingService#5] INFO  interfaces.ContainerDeletionChoosingPolicyTemplate (ContainerDeletionChoosingPolicyTemplate.java:chooseContainerForBlockDeletion(83)) - Chosen 0/5000 blocks from 0 candidate containers.
2023-04-24 08:15:34,456 [BlockDeletingService#2] INFO  interfaces.ContainerDeletionChoosingPolicyTemplate (ContainerDeletionChoosingPolicyTemplate.java:chooseContainerForBlockDeletion(83)) - Chosen 0/5000 blocks from 0 candidate containers.
2023-04-24 08:15:34,456 [BlockDeletingService#1] INFO  interfaces.ContainerDeletionChoosingPolicyTemplate (ContainerDeletionChoosingPolicyTemplate.java:chooseContainerForBlockDeletion(83)) - Chosen 0/5000 blocks from 0 candidate containers.
2023-04-24 08:15:34,556 [BlockDeletingService#5] INFO  interfaces.ContainerDeletionChoosingPolicyTemplate (ContainerDeletionChoosingPolicyTemplate.java:chooseContainerForBlockDeletion(83)) - Chosen 0/5000 blocks from 0 candidate containers.
2023-04-24 08:15:34,556 [BlockDeletingService#2] INFO  interfaces.ContainerDeletionChoosingPolicyTemplate (ContainerDeletionChoosingPolicyTemplate.java:chooseContainerForBlockDeletion(83)) - Chosen 0/5000 blocks from 0 candidate containers.
2023-04-24 08:15:34,556 [BlockDeletingService#1] INFO  interfaces.ContainerDeletionChoosingPolicyTemplate (ContainerDeletionChoosingPolicyTemplate.java:chooseContainerForBlockDeletion(83)) - Chosen 0/5000 blocks from 0 candidate containers.
2023-04-24 08:15:34,656 [BlockDeletingService#5] INFO  interfaces.ContainerDeletionChoosingPolicyTemplate (ContainerDeletionChoosingPolicyTemplate.java:chooseContainerForBlockDeletion(83)) - Chosen 0/5000 blocks from 0 candidate containers.
2023-04-24 08:15:34,656 [BlockDeletingService#2] INFO  interfaces.ContainerDeletionChoosingPolicyTemplate (ContainerDeletionChoosingPolicyTemplate.java:chooseContainerForBlockDeletion(83)) - Chosen 0/5000 blocks from 0 candidate containers.
2023-04-24 08:15:34,656 [BlockDeletingService#1] INFO  interfaces.ContainerDeletionChoosingPolicyTemplate (ContainerDeletionChoosingPolicyTemplate.java:chooseContainerForBlockDeletion(83)) - Chosen 0/5000 blocks from 0 candidate containers.
2023-04-24 08:15:34,756 [BlockDeletingService#5] INFO  interfaces.ContainerDeletionChoosingPolicyTemplate (ContainerDeletionChoosingPolicyTemplate.java:chooseContainerForBlockDeletion(83)) - Chosen 0/5000 blocks from 0 candidate containers.
2023-04-24 08:15:34,757 [BlockDeletingService#2] INFO  interfaces.ContainerDeletionChoosingPolicyTemplate (ContainerDeletionChoosingPolicyTemplate.java:chooseContainerForBlockDeletion(83)) - Chosen 0/5000 blocks from 0 candidate containers.
2023-04-24 08:15:34,757 [BlockDeletingService#1] INFO  interfaces.ContainerDeletionChoosingPolicyTemplate (ContainerDeletionChoosingPolicyTemplate.java:chooseContainerForBlockDeletion(83)) - Chosen 0/5000 blocks from 0 candidate containers.
2023-04-24 08:15:34,857 [BlockDeletingService#5] INFO  interfaces.ContainerDeletionChoosingPolicyTemplate (ContainerDeletionChoosingPolicyTemplate.java:chooseContainerForBlockDeletion(83)) - Chosen 0/5000 blocks from 0 candidate containers.
2023-04-24 08:15:34,857 [BlockDeletingService#1] INFO  interfaces.ContainerDeletionChoosingPolicyTemplate (ContainerDeletionChoosingPolicyTemplate.java:chooseContainerForBlockDeletion(83)) - Chosen 0/5000 blocks from 0 candidate containers.
2023-04-24 08:15:34,857 [BlockDeletingService#2] INFO  interfaces.ContainerDeletionChoosingPolicyTemplate (ContainerDeletionChoosingPolicyTemplate.java:chooseContainerForBlockDeletion(83)) - Chosen 0/5000 blocks from 0 candidate containers.
2023-04-24 08:15:34,908 [Listener at 127.0.0.1/40959] INFO  ozone.MiniOzoneClusterImpl (MiniOzoneClusterImpl.java:lambda$waitForClusterToBeReady$0(223)) - Nodes are ready. Got 3 of 3 DN Heartbeats.
2023-04-24 08:15:34,908 [Listener at 127.0.0.1/40959] INFO  ozone.MiniOzoneClusterImpl (MiniOzoneClusterImpl.java:lambda$waitForClusterToBeReady$0(226)) - Cluster exits safe mode
2023-04-24 08:15:34,908 [Listener at 127.0.0.1/40959] INFO  ozone.MiniOzoneClusterImpl (MiniOzoneClusterImpl.java:lambda$waitForClusterToBeReady$0(228)) - SCM became leader
2023-04-24 08:15:34,957 [BlockDeletingService#5] INFO  interfaces.ContainerDeletionChoosingPolicyTemplate (ContainerDeletionChoosingPolicyTemplate.java:chooseContainerForBlockDeletion(83)) - Chosen 0/5000 blocks from 0 candidate containers.
2023-04-24 08:15:34,957 [BlockDeletingService#1] INFO  interfaces.ContainerDeletionChoosingPolicyTemplate (ContainerDeletionChoosingPolicyTemplate.java:chooseContainerForBlockDeletion(83)) - Chosen 0/5000 blocks from 0 candidate containers.
2023-04-24 08:15:34,957 [BlockDeletingService#2] INFO  interfaces.ContainerDeletionChoosingPolicyTemplate (ContainerDeletionChoosingPolicyTemplate.java:chooseContainerForBlockDeletion(83)) - Chosen 0/5000 blocks from 0 candidate containers.
2023-04-24 08:15:35,057 [BlockDeletingService#5] INFO  interfaces.ContainerDeletionChoosingPolicyTemplate (ContainerDeletionChoosingPolicyTemplate.java:chooseContainerForBlockDeletion(83)) - Chosen 0/5000 blocks from 0 candidate containers.
2023-04-24 08:15:35,057 [BlockDeletingService#1] INFO  interfaces.ContainerDeletionChoosingPolicyTemplate (ContainerDeletionChoosingPolicyTemplate.java:chooseContainerForBlockDeletion(83)) - Chosen 0/5000 blocks from 0 candidate containers.
2023-04-24 08:15:35,057 [BlockDeletingService#2] INFO  interfaces.ContainerDeletionChoosingPolicyTemplate (ContainerDeletionChoosingPolicyTemplate.java:chooseContainerForBlockDeletion(83)) - Chosen 0/5000 blocks from 0 candidate containers.
2023-04-24 08:15:35,157 [BlockDeletingService#5] INFO  interfaces.ContainerDeletionChoosingPolicyTemplate (ContainerDeletionChoosingPolicyTemplate.java:chooseContainerForBlockDeletion(83)) - Chosen 0/5000 blocks from 0 candidate containers.
2023-04-24 08:15:35,157 [BlockDeletingService#1] INFO  interfaces.ContainerDeletionChoosingPolicyTemplate (ContainerDeletionChoosingPolicyTemplate.java:chooseContainerForBlockDeletion(83)) - Chosen 0/5000 blocks from 0 candidate containers.
2023-04-24 08:15:35,158 [BlockDeletingService#2] INFO  interfaces.ContainerDeletionChoosingPolicyTemplate (ContainerDeletionChoosingPolicyTemplate.java:chooseContainerForBlockDeletion(83)) - Chosen 0/5000 blocks from 0 candidate containers.
2023-04-24 08:15:35,258 [BlockDeletingService#5] INFO  interfaces.ContainerDeletionChoosingPolicyTemplate (ContainerDeletionChoosingPolicyTemplate.java:chooseContainerForBlockDeletion(83)) - Chosen 0/5000 blocks from 0 candidate containers.
2023-04-24 08:15:35,258 [BlockDeletingService#1] INFO  interfaces.ContainerDeletionChoosingPolicyTemplate (ContainerDeletionChoosingPolicyTemplate.java:chooseContainerForBlockDeletion(83)) - Chosen 0/5000 blocks from 0 candidate containers.
2023-04-24 08:15:35,258 [BlockDeletingService#2] INFO  interfaces.ContainerDeletionChoosingPolicyTemplate (ContainerDeletionChoosingPolicyTemplate.java:chooseContainerForBlockDeletion(83)) - Chosen 0/5000 blocks from 0 candidate containers.
2023-04-24 08:15:35,358 [BlockDeletingService#5] INFO  interfaces.ContainerDeletionChoosingPolicyTemplate (ContainerDeletionChoosingPolicyTemplate.java:chooseContainerForBlockDeletion(83)) - Chosen 0/5000 blocks from 0 candidate containers.
2023-04-24 08:15:35,358 [BlockDeletingService#1] INFO  interfaces.ContainerDeletionChoosingPolicyTemplate (ContainerDeletionChoosingPolicyTemplate.java:chooseContainerForBlockDeletion(83)) - Chosen 0/5000 blocks from 0 candidate containers.
2023-04-24 08:15:35,359 [BlockDeletingService#2] INFO  interfaces.ContainerDeletionChoosingPolicyTemplate (ContainerDeletionChoosingPolicyTemplate.java:chooseContainerForBlockDeletion(83)) - Chosen 0/5000 blocks from 0 candidate containers.
2023-04-24 08:15:35,360 [Listener at 127.0.0.1/40959] INFO  rpc.RpcClient (RpcClient.java:createVolume(476)) - Creating Volume: testcontainerstatemachinefailures, with runner as owner and space quota set to -1 bytes, counts quota set to -1
2023-04-24 08:15:35,400 [OM StateMachine ApplyTransaction Thread - 0] INFO  volume.OMVolumeCreateRequest (OMVolumeCreateRequest.java:validateAndUpdateCache(195)) - created volume:testcontainerstatemachinefailures for user:runner
2023-04-24 08:15:35,425 [Listener at 127.0.0.1/40959] INFO  rpc.RpcClient (RpcClient.java:createBucket(698)) - Creating Bucket: testcontainerstatemachinefailures/testcontainerstatemachinefailures, with server-side default bucket layout, runner as owner, Versioning false, Storage Type set to DISK and Encryption set to false, Replication Type set to server-side default replication type, Namespace Quota set to -1, Space Quota set to -1 
2023-04-24 08:15:35,441 [OM StateMachine ApplyTransaction Thread - 0] INFO  bucket.OMBucketCreateRequest (OMBucketCreateRequest.java:validateAndUpdateCache(269)) - created bucket: testcontainerstatemachinefailures of layout FILE_SYSTEM_OPTIMIZED in volume: testcontainerstatemachinefailures
2023-04-24 08:15:35,458 [BlockDeletingService#5] INFO  interfaces.ContainerDeletionChoosingPolicyTemplate (ContainerDeletionChoosingPolicyTemplate.java:chooseContainerForBlockDeletion(83)) - Chosen 0/5000 blocks from 0 candidate containers.
2023-04-24 08:15:35,459 [BlockDeletingService#1] INFO  interfaces.ContainerDeletionChoosingPolicyTemplate (ContainerDeletionChoosingPolicyTemplate.java:chooseContainerForBlockDeletion(83)) - Chosen 0/5000 blocks from 0 candidate containers.
2023-04-24 08:15:35,459 [BlockDeletingService#2] INFO  interfaces.ContainerDeletionChoosingPolicyTemplate (ContainerDeletionChoosingPolicyTemplate.java:chooseContainerForBlockDeletion(83)) - Chosen 0/5000 blocks from 0 candidate containers.
2023-04-24 08:15:35,503 [IPC Server handler 0 on default port 40757] INFO  ha.SequenceIdGenerator (SequenceIdGenerator.java:getNextId(128)) - Allocate a batch for containerId, change lastId from 0 to 1000.
2023-04-24 08:15:35,513 [IPC Server handler 0 on default port 40757] WARN  ha.SequenceIdGenerator (SequenceIdGenerator.java:allocateBatch(237)) - Failed to allocate a batch for localId, expected lastId is 0, actual lastId is 111677748019200000.
2023-04-24 08:15:35,513 [IPC Server handler 0 on default port 40757] INFO  ha.SequenceIdGenerator (SequenceIdGenerator.java:getNextId(128)) - Allocate a batch for localId, change lastId from 111677748019200000 to 111677748019201000.
2023-04-24 08:15:35,777 [BlockDeletingService#2] INFO  interfaces.ContainerDeletionChoosingPolicyTemplate (ContainerDeletionChoosingPolicyTemplate.java:chooseContainerForBlockDeletion(83)) - Chosen 0/5000 blocks from 0 candidate containers.
2023-04-24 08:15:35,778 [BlockDeletingService#1] INFO  interfaces.ContainerDeletionChoosingPolicyTemplate (ContainerDeletionChoosingPolicyTemplate.java:chooseContainerForBlockDeletion(83)) - Chosen 0/5000 blocks from 0 candidate containers.
2023-04-24 08:15:35,778 [BlockDeletingService#5] INFO  interfaces.ContainerDeletionChoosingPolicyTemplate (ContainerDeletionChoosingPolicyTemplate.java:chooseContainerForBlockDeletion(83)) - Chosen 0/5000 blocks from 0 candidate containers.
2023-04-24 08:15:35,831 [Listener at 127.0.0.1/40959] INFO  impl.MetricsSystemImpl (MetricsSystemImpl.java:init(158)) - XceiverClientMetrics metrics system started (again)
2023-04-24 08:15:35,833 [Listener at 127.0.0.1/40959] INFO  lib.Interns (Interns.java:removeEldestEntry(50)) - Metrics intern cache overflow at 2011 for MetricsSystem={MetricsSystem=MetricsInfoImpl{name=MetricsSystem, description=MetricsSystem}, MetricsSystem record=MetricsInfoImpl{name=MetricsSystem, description=MetricsSystem record}}
2023-04-24 08:15:35,851 [Listener at 127.0.0.1/40959] INFO  ozoneimpl.OzoneContainer (OzoneContainer.java:stop(419)) - Attempting to stop container services.
2023-04-24 08:15:35,857 [Listener at 127.0.0.1/40959] INFO  server.RaftServer (RaftServerProxy.java:lambda$close$6(409)) - d7f67023-bd71-4164-8161-24a8eb75dffe: close
2023-04-24 08:15:35,857 [d7f67023-bd71-4164-8161-24a8eb75dffe-impl-thread1] INFO  server.RaftServer$Division (RaftServerImpl.java:lambda$close$4(458)) - d7f67023-bd71-4164-8161-24a8eb75dffe@group-255FCA681CA6: shutdown
2023-04-24 08:15:35,857 [d7f67023-bd71-4164-8161-24a8eb75dffe-impl-thread1] INFO  util.JmxRegister (JmxRegister.java:unregister(73)) - Successfully un-registered JMX Bean with object name Ratis:service=RaftServer,group=group-255FCA681CA6,id=d7f67023-bd71-4164-8161-24a8eb75dffe
2023-04-24 08:15:35,858 [d7f67023-bd71-4164-8161-24a8eb75dffe-impl-thread1] INFO  impl.RoleInfo (RoleInfo.java:shutdownLeaderState(93)) - d7f67023-bd71-4164-8161-24a8eb75dffe: shutdown d7f67023-bd71-4164-8161-24a8eb75dffe@group-255FCA681CA6-LeaderStateImpl
2023-04-24 08:15:35,858 [d7f67023-bd71-4164-8161-24a8eb75dffe-impl-thread1] INFO  impl.PendingRequests (PendingRequests.java:sendNotLeaderResponses(282)) - d7f67023-bd71-4164-8161-24a8eb75dffe@group-255FCA681CA6-PendingRequests: sendNotLeaderResponses
2023-04-24 08:15:35,859 [d7f67023-bd71-4164-8161-24a8eb75dffe-impl-thread1] INFO  impl.StateMachineUpdater (StateMachineUpdater.java:stopAndJoin(153)) - d7f67023-bd71-4164-8161-24a8eb75dffe@group-255FCA681CA6-StateMachineUpdater: set stopIndex = 0
2023-04-24 08:15:35,859 [d7f67023-bd71-4164-8161-24a8eb75dffe@group-255FCA681CA6-StateMachineUpdater] INFO  ratis.ContainerStateMachine (ContainerStateMachine.java:takeSnapshot(330)) - group-255FCA681CA6: Taking a snapshot at:(t:1, i:0) file /home/runner/work/ozone/ozone/hadoop-ozone/integration-test/target/test-dir/MiniOzoneClusterImpl-f6153afd-65ae-4a30-a1a8-75442c8cb6d9/datanode-1/data/ratis/710e0519-16a5-4108-b64d-255fca681ca6/sm/snapshot.1_0
2023-04-24 08:15:35,859 [Listener at 127.0.0.1/40959] INFO  server.GrpcService (GrpcService.java:closeImpl(271)) - d7f67023-bd71-4164-8161-24a8eb75dffe: shutdown server GrpcServerProtocolService now
2023-04-24 08:15:35,860 [d7f67023-bd71-4164-8161-24a8eb75dffe-impl-thread2] INFO  server.RaftServer$Division (RaftServerImpl.java:lambda$close$4(458)) - d7f67023-bd71-4164-8161-24a8eb75dffe@group-2C65884D69A9: shutdown
2023-04-24 08:15:35,861 [d7f67023-bd71-4164-8161-24a8eb75dffe-impl-thread2] INFO  util.JmxRegister (JmxRegister.java:unregister(73)) - Successfully un-registered JMX Bean with object name Ratis:service=RaftServer,group=group-2C65884D69A9,id=d7f67023-bd71-4164-8161-24a8eb75dffe
2023-04-24 08:15:35,861 [d7f67023-bd71-4164-8161-24a8eb75dffe-impl-thread2] INFO  impl.RoleInfo (RoleInfo.java:shutdownFollowerState(110)) - d7f67023-bd71-4164-8161-24a8eb75dffe: shutdown d7f67023-bd71-4164-8161-24a8eb75dffe@group-2C65884D69A9-FollowerState
2023-04-24 08:15:35,861 [d7f67023-bd71-4164-8161-24a8eb75dffe@group-2C65884D69A9-FollowerState] INFO  impl.FollowerState (FollowerState.java:run(152)) - d7f67023-bd71-4164-8161-24a8eb75dffe@group-2C65884D69A9-FollowerState was interrupted
2023-04-24 08:15:35,861 [d7f67023-bd71-4164-8161-24a8eb75dffe-impl-thread2] INFO  impl.StateMachineUpdater (StateMachineUpdater.java:stopAndJoin(153)) - d7f67023-bd71-4164-8161-24a8eb75dffe@group-2C65884D69A9-StateMachineUpdater: set stopIndex = -1
2023-04-24 08:15:35,865 [d7f67023-bd71-4164-8161-24a8eb75dffe-impl-thread2] INFO  server.RaftServer$Division (ServerState.java:close(466)) - d7f67023-bd71-4164-8161-24a8eb75dffe@group-2C65884D69A9: closes. applyIndex: -1
2023-04-24 08:15:35,866 [d7f67023-bd71-4164-8161-24a8eb75dffe@group-2C65884D69A9-SegmentedRaftLogWorker] INFO  segmented.SegmentedRaftLogWorker (SegmentedRaftLogWorker.java:run(347)) - d7f67023-bd71-4164-8161-24a8eb75dffe@group-2C65884D69A9-SegmentedRaftLogWorker was interrupted, exiting. There are 0 tasks remaining in the queue.
2023-04-24 08:15:35,875 [grpc-default-executor-2] WARN  server.GrpcServerProtocolService (LogUtils.java:warn(122)) - d7f67023-bd71-4164-8161-24a8eb75dffe: installSnapshot onError, lastRequest: 593f1123-fce2-46ce-a0f5-50a98353a86f->d7f67023-bd71-4164-8161-24a8eb75dffe#1-t1,previous=(t:0, i:0),leaderCommit=-1,initializing? true,entries: size=1, first=(t:1, i:0), CONFIGURATIONENTRY(current:id: "593f1123-fce2-46ce-a0f5-50a98353a86f"
address: "10.1.0.80:39617"
priority: 1
dataStreamAddress: "10.1.0.80:33973"
clientAddress: "10.1.0.80:39617"
adminAddress: "10.1.0.80:39617"
startupRole: FOLLOWER
,id: "444322bb-4321-4e38-998a-96758a8a198b"
address: "10.1.0.80:39889"
dataStreamAddress: "10.1.0.80:39479"
clientAddress: "10.1.0.80:39889"
adminAddress: "10.1.0.80:39889"
startupRole: FOLLOWER
,id: "d7f67023-bd71-4164-8161-24a8eb75dffe"
address: "10.1.0.80:40717"
dataStreamAddress: "10.1.0.80:32771"
clientAddress: "10.1.0.80:40717"
adminAddress: "10.1.0.80:40717"
startupRole: FOLLOWER
, old:): org.apache.ratis.thirdparty.io.grpc.StatusRuntimeException: CANCELLED: client cancelled
2023-04-24 08:15:35,877 [Listener at 127.0.0.1/40959] INFO  server.GrpcService (GrpcService.java:closeImpl(280)) - d7f67023-bd71-4164-8161-24a8eb75dffe: shutdown server GrpcServerProtocolService successfully
2023-04-24 08:15:35,878 [d7f67023-bd71-4164-8161-24a8eb75dffe-impl-thread2] INFO  segmented.SegmentedRaftLogWorker (SegmentedRaftLogWorker.java:close(257)) - d7f67023-bd71-4164-8161-24a8eb75dffe@group-2C65884D69A9-SegmentedRaftLogWorker close()
2023-04-24 08:15:35,878 [d7f67023-bd71-4164-8161-24a8eb75dffe-NettyServerStreamRpc-bossGroup--thread1] INFO  logging.LoggingHandler (AbstractInternalLogger.java:log(148)) - [id: 0x6290ac30, L:/0:0:0:0:0:0:0:0:32771] CLOSE
2023-04-24 08:15:35,879 [d7f67023-bd71-4164-8161-24a8eb75dffe-NettyServerStreamRpc-bossGroup--thread1] INFO  logging.LoggingHandler (AbstractInternalLogger.java:log(148)) - [id: 0x6290ac30, L:/0:0:0:0:0:0:0:0:32771] INACTIVE
2023-04-24 08:15:35,879 [d7f67023-bd71-4164-8161-24a8eb75dffe-NettyServerStreamRpc-bossGroup--thread1] INFO  logging.LoggingHandler (AbstractInternalLogger.java:log(148)) - [id: 0x6290ac30, L:/0:0:0:0:0:0:0:0:32771] UNREGISTERED
2023-04-24 08:15:35,878 [grpc-default-executor-2] WARN  server.GrpcServerProtocolService (LogUtils.java:warn(122)) - d7f67023-bd71-4164-8161-24a8eb75dffe: installSnapshot onError, lastRequest: null: org.apache.ratis.thirdparty.io.grpc.StatusRuntimeException: CANCELLED: client cancelled
2023-04-24 08:15:35,878 [BlockDeletingService#5] INFO  interfaces.ContainerDeletionChoosingPolicyTemplate (ContainerDeletionChoosingPolicyTemplate.java:chooseContainerForBlockDeletion(83)) - Chosen 0/5000 blocks from 0 candidate containers.
2023-04-24 08:15:35,878 [BlockDeletingService#1] INFO  interfaces.ContainerDeletionChoosingPolicyTemplate (ContainerDeletionChoosingPolicyTemplate.java:chooseContainerForBlockDeletion(83)) - Chosen 0/5000 blocks from 0 candidate containers.
2023-04-24 08:15:35,878 [BlockDeletingService#2] INFO  interfaces.ContainerDeletionChoosingPolicyTemplate (ContainerDeletionChoosingPolicyTemplate.java:chooseContainerForBlockDeletion(83)) - Chosen 0/5000 blocks from 0 candidate containers.
2023-04-24 08:15:35,881 [grpc-default-executor-2] WARN  server.GrpcLogAppender (LogUtils.java:warn(122)) - 593f1123-fce2-46ce-a0f5-50a98353a86f@group-2C65884D69A9->d7f67023-bd71-4164-8161-24a8eb75dffe-AppendLogResponseHandler: Failed appendEntries: org.apache.ratis.thirdparty.io.grpc.StatusRuntimeException: CANCELLED: RST_STREAM closed stream. HTTP/2 error code: CANCEL
2023-04-24 08:15:35,882 [grpc-default-executor-2] WARN  server.GrpcLogAppender (GrpcLogAppender.java:resetClient(131)) - 593f1123-fce2-46ce-a0f5-50a98353a86f@group-2C65884D69A9->d7f67023-bd71-4164-8161-24a8eb75dffe-GrpcLogAppender: Leader has not got in touch with Follower 593f1123-fce2-46ce-a0f5-50a98353a86f@group-2C65884D69A9->d7f67023-bd71-4164-8161-24a8eb75dffe(c-1,m0,n1, attendVote=true, lastRpcSendTime=1830, lastRpcResponseTime=1641) yet, just keep nextIndex unchanged and retry.
2023-04-24 08:15:35,894 [grpc-default-executor-2] WARN  server.GrpcLogAppender (LogUtils.java:warn(122)) - 593f1123-fce2-46ce-a0f5-50a98353a86f@group-2C65884D69A9->d7f67023-bd71-4164-8161-24a8eb75dffe-AppendLogResponseHandler: Failed appendEntries: org.apache.ratis.thirdparty.io.grpc.StatusRuntimeException: CANCELLED: RST_STREAM closed stream. HTTP/2 error code: CANCEL
2023-04-24 08:15:35,895 [grpc-default-executor-2] WARN  server.GrpcLogAppender (GrpcLogAppender.java:resetClient(131)) - 593f1123-fce2-46ce-a0f5-50a98353a86f@group-2C65884D69A9->d7f67023-bd71-4164-8161-24a8eb75dffe-GrpcLogAppender: Leader has not got in touch with Follower 593f1123-fce2-46ce-a0f5-50a98353a86f@group-2C65884D69A9->d7f67023-bd71-4164-8161-24a8eb75dffe(c-1,m0,n1, attendVote=true, lastRpcSendTime=1842, lastRpcResponseTime=1654) yet, just keep nextIndex unchanged and retry.
2023-04-24 08:15:35,938 [d7f67023-bd71-4164-8161-24a8eb75dffe@group-255FCA681CA6-StateMachineUpdater] INFO  ratis.ContainerStateMachine (ContainerStateMachine.java:takeSnapshot(341)) - group-255FCA681CA6: Finished taking a snapshot at:(t:1, i:0) file:/home/runner/work/ozone/ozone/hadoop-ozone/integration-test/target/test-dir/MiniOzoneClusterImpl-f6153afd-65ae-4a30-a1a8-75442c8cb6d9/datanode-1/data/ratis/710e0519-16a5-4108-b64d-255fca681ca6/sm/snapshot.1_0 took: 80 ms
2023-04-24 08:15:35,940 [d7f67023-bd71-4164-8161-24a8eb75dffe@group-255FCA681CA6-StateMachineUpdater] INFO  impl.StateMachineUpdater (StateMachineUpdater.java:takeSnapshot(287)) - d7f67023-bd71-4164-8161-24a8eb75dffe@group-255FCA681CA6-StateMachineUpdater: Took a snapshot at index 0
2023-04-24 08:15:35,940 [d7f67023-bd71-4164-8161-24a8eb75dffe@group-255FCA681CA6-StateMachineUpdater] INFO  impl.StateMachineUpdater (StateMachineUpdater.java:lambda$new$0(92)) - d7f67023-bd71-4164-8161-24a8eb75dffe@group-255FCA681CA6-StateMachineUpdater: snapshotIndex: updateIncreasingly -1 -> 0
2023-04-24 08:15:35,947 [d7f67023-bd71-4164-8161-24a8eb75dffe-impl-thread1] INFO  server.RaftServer$Division (ServerState.java:close(466)) - d7f67023-bd71-4164-8161-24a8eb75dffe@group-255FCA681CA6: closes. applyIndex: 0
2023-04-24 08:15:35,948 [d7f67023-bd71-4164-8161-24a8eb75dffe@group-255FCA681CA6-SegmentedRaftLogWorker] INFO  segmented.SegmentedRaftLogWorker (SegmentedRaftLogWorker.java:run(347)) - d7f67023-bd71-4164-8161-24a8eb75dffe@group-255FCA681CA6-SegmentedRaftLogWorker was interrupted, exiting. There are 0 tasks remaining in the queue.
2023-04-24 08:15:35,952 [d7f67023-bd71-4164-8161-24a8eb75dffe-impl-thread1] INFO  segmented.SegmentedRaftLogWorker (SegmentedRaftLogWorker.java:close(257)) - d7f67023-bd71-4164-8161-24a8eb75dffe@group-255FCA681CA6-SegmentedRaftLogWorker close()
2023-04-24 08:15:35,954 [JvmPauseMonitor2] INFO  util.JvmPauseMonitor (JvmPauseMonitor.java:run(111)) - JvmPauseMonitor-d7f67023-bd71-4164-8161-24a8eb75dffe: Stopped
2023-04-24 08:15:35,980 [BlockDeletingService#5] INFO  interfaces.ContainerDeletionChoosingPolicyTemplate (ContainerDeletionChoosingPolicyTemplate.java:chooseContainerForBlockDeletion(83)) - Chosen 0/5000 blocks from 0 candidate containers.
2023-04-24 08:15:35,980 [BlockDeletingService#1] INFO  interfaces.ContainerDeletionChoosingPolicyTemplate (ContainerDeletionChoosingPolicyTemplate.java:chooseContainerForBlockDeletion(83)) - Chosen 0/5000 blocks from 0 candidate containers.
2023-04-24 08:15:35,980 [BlockDeletingService#2] INFO  interfaces.ContainerDeletionChoosingPolicyTemplate (ContainerDeletionChoosingPolicyTemplate.java:chooseContainerForBlockDeletion(83)) - Chosen 0/5000 blocks from 0 candidate containers.
2023-04-24 08:15:36,080 [BlockDeletingService#5] INFO  interfaces.ContainerDeletionChoosingPolicyTemplate (ContainerDeletionChoosingPolicyTemplate.java:chooseContainerForBlockDeletion(83)) - Chosen 0/5000 blocks from 0 candidate containers.
2023-04-24 08:15:36,080 [BlockDeletingService#1] INFO  interfaces.ContainerDeletionChoosingPolicyTemplate (ContainerDeletionChoosingPolicyTemplate.java:chooseContainerForBlockDeletion(83)) - Chosen 0/5000 blocks from 0 candidate containers.
2023-04-24 08:15:36,080 [BlockDeletingService#2] INFO  interfaces.ContainerDeletionChoosingPolicyTemplate (ContainerDeletionChoosingPolicyTemplate.java:chooseContainerForBlockDeletion(83)) - Chosen 0/5000 blocks from 0 candidate containers.
2023-04-24 08:15:36,180 [BlockDeletingService#5] INFO  interfaces.ContainerDeletionChoosingPolicyTemplate (ContainerDeletionChoosingPolicyTemplate.java:chooseContainerForBlockDeletion(83)) - Chosen 0/5000 blocks from 0 candidate containers.
2023-04-24 08:15:36,180 [BlockDeletingService#1] INFO  interfaces.ContainerDeletionChoosingPolicyTemplate (ContainerDeletionChoosingPolicyTemplate.java:chooseContainerForBlockDeletion(83)) - Chosen 0/5000 blocks from 0 candidate containers.
2023-04-24 08:15:36,181 [BlockDeletingService#2] INFO  interfaces.ContainerDeletionChoosingPolicyTemplate (ContainerDeletionChoosingPolicyTemplate.java:chooseContainerForBlockDeletion(83)) - Chosen 0/5000 blocks from 0 candidate containers.
2023-04-24 08:15:36,281 [BlockDeletingService#5] INFO  interfaces.ContainerDeletionChoosingPolicyTemplate (ContainerDeletionChoosingPolicyTemplate.java:chooseContainerForBlockDeletion(83)) - Chosen 0/5000 blocks from 0 candidate containers.
2023-04-24 08:15:36,281 [BlockDeletingService#1] INFO  interfaces.ContainerDeletionChoosingPolicyTemplate (ContainerDeletionChoosingPolicyTemplate.java:chooseContainerForBlockDeletion(83)) - Chosen 0/5000 blocks from 0 candidate containers.
2023-04-24 08:15:36,281 [BlockDeletingService#2] INFO  interfaces.ContainerDeletionChoosingPolicyTemplate (ContainerDeletionChoosingPolicyTemplate.java:chooseContainerForBlockDeletion(83)) - Chosen 0/5000 blocks from 0 candidate containers.
2023-04-24 08:15:36,381 [BlockDeletingService#5] INFO  interfaces.ContainerDeletionChoosingPolicyTemplate (ContainerDeletionChoosingPolicyTemplate.java:chooseContainerForBlockDeletion(83)) - Chosen 0/5000 blocks from 0 candidate containers.
2023-04-24 08:15:36,381 [BlockDeletingService#1] INFO  interfaces.ContainerDeletionChoosingPolicyTemplate (ContainerDeletionChoosingPolicyTemplate.java:chooseContainerForBlockDeletion(83)) - Chosen 0/5000 blocks from 0 candidate containers.
2023-04-24 08:15:36,381 [BlockDeletingService#2] INFO  interfaces.ContainerDeletionChoosingPolicyTemplate (ContainerDeletionChoosingPolicyTemplate.java:chooseContainerForBlockDeletion(83)) - Chosen 0/5000 blocks from 0 candidate containers.
2023-04-24 08:15:36,481 [BlockDeletingService#5] INFO  interfaces.ContainerDeletionChoosingPolicyTemplate (ContainerDeletionChoosingPolicyTemplate.java:chooseContainerForBlockDeletion(83)) - Chosen 0/5000 blocks from 0 candidate containers.
2023-04-24 08:15:36,481 [BlockDeletingService#2] INFO  interfaces.ContainerDeletionChoosingPolicyTemplate (ContainerDeletionChoosingPolicyTemplate.java:chooseContainerForBlockDeletion(83)) - Chosen 0/5000 blocks from 0 candidate containers.
2023-04-24 08:15:36,481 [BlockDeletingService#1] INFO  interfaces.ContainerDeletionChoosingPolicyTemplate (ContainerDeletionChoosingPolicyTemplate.java:chooseContainerForBlockDeletion(83)) - Chosen 0/5000 blocks from 0 candidate containers.
2023-04-24 08:15:36,581 [BlockDeletingService#5] INFO  interfaces.ContainerDeletionChoosingPolicyTemplate (ContainerDeletionChoosingPolicyTemplate.java:chooseContainerForBlockDeletion(83)) - Chosen 0/5000 blocks from 0 candidate containers.
2023-04-24 08:15:36,581 [BlockDeletingService#2] INFO  interfaces.ContainerDeletionChoosingPolicyTemplate (ContainerDeletionChoosingPolicyTemplate.java:chooseContainerForBlockDeletion(83)) - Chosen 0/5000 blocks from 0 candidate containers.
2023-04-24 08:15:36,582 [BlockDeletingService#1] INFO  interfaces.ContainerDeletionChoosingPolicyTemplate (ContainerDeletionChoosingPolicyTemplate.java:chooseContainerForBlockDeletion(83)) - Chosen 0/5000 blocks from 0 candidate containers.
2023-04-24 08:15:36,682 [BlockDeletingService#5] INFO  interfaces.ContainerDeletionChoosingPolicyTemplate (ContainerDeletionChoosingPolicyTemplate.java:chooseContainerForBlockDeletion(83)) - Chosen 0/5000 blocks from 0 candidate containers.
2023-04-24 08:15:36,682 [BlockDeletingService#2] INFO  interfaces.ContainerDeletionChoosingPolicyTemplate (ContainerDeletionChoosingPolicyTemplate.java:chooseContainerForBlockDeletion(83)) - Chosen 0/5000 blocks from 0 candidate containers.
2023-04-24 08:15:36,682 [BlockDeletingService#1] INFO  interfaces.ContainerDeletionChoosingPolicyTemplate (ContainerDeletionChoosingPolicyTemplate.java:chooseContainerForBlockDeletion(83)) - Chosen 0/5000 blocks from 0 candidate containers.
2023-04-24 08:15:36,748 [grpc-default-executor-1] WARN  server.GrpcLogAppender (LogUtils.java:warn(122)) - 593f1123-fce2-46ce-a0f5-50a98353a86f@group-2C65884D69A9->d7f67023-bd71-4164-8161-24a8eb75dffe-AppendLogResponseHandler: Failed appendEntries: org.apache.ratis.thirdparty.io.grpc.StatusRuntimeException: UNAVAILABLE: io exception
2023-04-24 08:15:36,750 [grpc-default-executor-2] WARN  server.GrpcLogAppender (LogUtils.java:warn(122)) - 593f1123-fce2-46ce-a0f5-50a98353a86f@group-2C65884D69A9->d7f67023-bd71-4164-8161-24a8eb75dffe-AppendLogResponseHandler: Failed appendEntries: org.apache.ratis.thirdparty.io.grpc.StatusRuntimeException: UNAVAILABLE: io exception
2023-04-24 08:15:36,751 [grpc-default-executor-1] WARN  server.GrpcLogAppender (GrpcLogAppender.java:resetClient(131)) - 593f1123-fce2-46ce-a0f5-50a98353a86f@group-2C65884D69A9->d7f67023-bd71-4164-8161-24a8eb75dffe-GrpcLogAppender: Leader has not got in touch with Follower 593f1123-fce2-46ce-a0f5-50a98353a86f@group-2C65884D69A9->d7f67023-bd71-4164-8161-24a8eb75dffe(c-1,m0,n1, attendVote=true, lastRpcSendTime=2699, lastRpcResponseTime=2510) yet, just keep nextIndex unchanged and retry.
2023-04-24 08:15:36,751 [grpc-default-executor-2] WARN  server.GrpcLogAppender (GrpcLogAppender.java:resetClient(131)) - 593f1123-fce2-46ce-a0f5-50a98353a86f@group-2C65884D69A9->d7f67023-bd71-4164-8161-24a8eb75dffe-GrpcLogAppender: Leader has not got in touch with Follower 593f1123-fce2-46ce-a0f5-50a98353a86f@group-2C65884D69A9->d7f67023-bd71-4164-8161-24a8eb75dffe(c-1,m0,n1, attendVote=true, lastRpcSendTime=2699, lastRpcResponseTime=2510) yet, just keep nextIndex unchanged and retry.
2023-04-24 08:15:36,782 [BlockDeletingService#5] INFO  interfaces.ContainerDeletionChoosingPolicyTemplate (ContainerDeletionChoosingPolicyTemplate.java:chooseContainerForBlockDeletion(83)) - Chosen 0/5000 blocks from 0 candidate containers.
2023-04-24 08:15:36,782 [BlockDeletingService#2] INFO  interfaces.ContainerDeletionChoosingPolicyTemplate (ContainerDeletionChoosingPolicyTemplate.java:chooseContainerForBlockDeletion(83)) - Chosen 0/5000 blocks from 0 candidate containers.
2023-04-24 08:15:36,782 [BlockDeletingService#1] INFO  interfaces.ContainerDeletionChoosingPolicyTemplate (ContainerDeletionChoosingPolicyTemplate.java:chooseContainerForBlockDeletion(83)) - Chosen 0/5000 blocks from 0 candidate containers.
2023-04-24 08:15:36,882 [BlockDeletingService#5] INFO  interfaces.ContainerDeletionChoosingPolicyTemplate (ContainerDeletionChoosingPolicyTemplate.java:chooseContainerForBlockDeletion(83)) - Chosen 0/5000 blocks from 0 candidate containers.
2023-04-24 08:15:36,882 [BlockDeletingService#2] INFO  interfaces.ContainerDeletionChoosingPolicyTemplate (ContainerDeletionChoosingPolicyTemplate.java:chooseContainerForBlockDeletion(83)) - Chosen 0/5000 blocks from 0 candidate containers.
2023-04-24 08:15:36,882 [BlockDeletingService#1] INFO  interfaces.ContainerDeletionChoosingPolicyTemplate (ContainerDeletionChoosingPolicyTemplate.java:chooseContainerForBlockDeletion(83)) - Chosen 0/5000 blocks from 0 candidate containers.
2023-04-24 08:15:36,982 [BlockDeletingService#5] INFO  interfaces.ContainerDeletionChoosingPolicyTemplate (ContainerDeletionChoosingPolicyTemplate.java:chooseContainerForBlockDeletion(83)) - Chosen 0/5000 blocks from 0 candidate containers.
2023-04-24 08:15:36,982 [BlockDeletingService#2] INFO  interfaces.ContainerDeletionChoosingPolicyTemplate (ContainerDeletionChoosingPolicyTemplate.java:chooseContainerForBlockDeletion(83)) - Chosen 0/5000 blocks from 0 candidate containers.
2023-04-24 08:15:36,982 [BlockDeletingService#1] INFO  interfaces.ContainerDeletionChoosingPolicyTemplate (ContainerDeletionChoosingPolicyTemplate.java:chooseContainerForBlockDeletion(83)) - Chosen 0/5000 blocks from 0 candidate containers.
2023-04-24 08:15:37,082 [BlockDeletingService#5] INFO  interfaces.ContainerDeletionChoosingPolicyTemplate (ContainerDeletionChoosingPolicyTemplate.java:chooseContainerForBlockDeletion(83)) - Chosen 0/5000 blocks from 0 candidate containers.
2023-04-24 08:15:37,083 [BlockDeletingService#2] INFO  interfaces.ContainerDeletionChoosingPolicyTemplate (ContainerDeletionChoosingPolicyTemplate.java:chooseContainerForBlockDeletion(83)) - Chosen 0/5000 blocks from 0 candidate containers.
2023-04-24 08:15:37,083 [BlockDeletingService#1] INFO  interfaces.ContainerDeletionChoosingPolicyTemplate (ContainerDeletionChoosingPolicyTemplate.java:chooseContainerForBlockDeletion(83)) - Chosen 0/5000 blocks from 0 candidate containers.
2023-04-24 08:15:37,183 [BlockDeletingService#5] INFO  interfaces.ContainerDeletionChoosingPolicyTemplate (ContainerDeletionChoosingPolicyTemplate.java:chooseContainerForBlockDeletion(83)) - Chosen 0/5000 blocks from 0 candidate containers.
2023-04-24 08:15:37,183 [BlockDeletingService#2] INFO  interfaces.ContainerDeletionChoosingPolicyTemplate (ContainerDeletionChoosingPolicyTemplate.java:chooseContainerForBlockDeletion(83)) - Chosen 0/5000 blocks from 0 candidate containers.
2023-04-24 08:15:37,183 [BlockDeletingService#1] INFO  interfaces.ContainerDeletionChoosingPolicyTemplate (ContainerDeletionChoosingPolicyTemplate.java:chooseContainerForBlockDeletion(83)) - Chosen 0/5000 blocks from 0 candidate containers.
2023-04-24 08:15:37,283 [BlockDeletingService#5] INFO  interfaces.ContainerDeletionChoosingPolicyTemplate (ContainerDeletionChoosingPolicyTemplate.java:chooseContainerForBlockDeletion(83)) - Chosen 0/5000 blocks from 0 candidate containers.
2023-04-24 08:15:37,283 [BlockDeletingService#2] INFO  interfaces.ContainerDeletionChoosingPolicyTemplate (ContainerDeletionChoosingPolicyTemplate.java:chooseContainerForBlockDeletion(83)) - Chosen 0/5000 blocks from 0 candidate containers.
2023-04-24 08:15:37,283 [BlockDeletingService#1] INFO  interfaces.ContainerDeletionChoosingPolicyTemplate (ContainerDeletionChoosingPolicyTemplate.java:chooseContainerForBlockDeletion(83)) - Chosen 0/5000 blocks from 0 candidate containers.
2023-04-24 08:15:37,383 [BlockDeletingService#5] INFO  interfaces.ContainerDeletionChoosingPolicyTemplate (ContainerDeletionChoosingPolicyTemplate.java:chooseContainerForBlockDeletion(83)) - Chosen 0/5000 blocks from 0 candidate containers.
2023-04-24 08:15:37,383 [BlockDeletingService#2] INFO  interfaces.ContainerDeletionChoosingPolicyTemplate (ContainerDeletionChoosingPolicyTemplate.java:chooseContainerForBlockDeletion(83)) - Chosen 0/5000 blocks from 0 candidate containers.
2023-04-24 08:15:37,383 [BlockDeletingService#1] INFO  interfaces.ContainerDeletionChoosingPolicyTemplate (ContainerDeletionChoosingPolicyTemplate.java:chooseContainerForBlockDeletion(83)) - Chosen 0/5000 blocks from 0 candidate containers.
2023-04-24 08:15:37,483 [BlockDeletingService#5] INFO  interfaces.ContainerDeletionChoosingPolicyTemplate (ContainerDeletionChoosingPolicyTemplate.java:chooseContainerForBlockDeletion(83)) - Chosen 0/5000 blocks from 0 candidate containers.
2023-04-24 08:15:37,483 [BlockDeletingService#2] INFO  interfaces.ContainerDeletionChoosingPolicyTemplate (ContainerDeletionChoosingPolicyTemplate.java:chooseContainerForBlockDeletion(83)) - Chosen 0/5000 blocks from 0 candidate containers.
2023-04-24 08:15:37,484 [BlockDeletingService#1] INFO  interfaces.ContainerDeletionChoosingPolicyTemplate (ContainerDeletionChoosingPolicyTemplate.java:chooseContainerForBlockDeletion(83)) - Chosen 0/5000 blocks from 0 candidate containers.
2023-04-24 08:15:37,584 [BlockDeletingService#5] INFO  interfaces.ContainerDeletionChoosingPolicyTemplate (ContainerDeletionChoosingPolicyTemplate.java:chooseContainerForBlockDeletion(83)) - Chosen 0/5000 blocks from 0 candidate containers.
2023-04-24 08:15:37,584 [BlockDeletingService#1] INFO  interfaces.ContainerDeletionChoosingPolicyTemplate (ContainerDeletionChoosingPolicyTemplate.java:chooseContainerForBlockDeletion(83)) - Chosen 0/5000 blocks from 0 candidate containers.
2023-04-24 08:15:37,584 [BlockDeletingService#2] INFO  interfaces.ContainerDeletionChoosingPolicyTemplate (ContainerDeletionChoosingPolicyTemplate.java:chooseContainerForBlockDeletion(83)) - Chosen 0/5000 blocks from 0 candidate containers.
2023-04-24 08:15:37,684 [BlockDeletingService#5] INFO  interfaces.ContainerDeletionChoosingPolicyTemplate (ContainerDeletionChoosingPolicyTemplate.java:chooseContainerForBlockDeletion(83)) - Chosen 0/5000 blocks from 0 candidate containers.
2023-04-24 08:15:37,684 [BlockDeletingService#1] INFO  interfaces.ContainerDeletionChoosingPolicyTemplate (ContainerDeletionChoosingPolicyTemplate.java:chooseContainerForBlockDeletion(83)) - Chosen 0/5000 blocks from 0 candidate containers.
2023-04-24 08:15:37,684 [BlockDeletingService#2] INFO  interfaces.ContainerDeletionChoosingPolicyTemplate (ContainerDeletionChoosingPolicyTemplate.java:chooseContainerForBlockDeletion(83)) - Chosen 0/5000 blocks from 0 candidate containers.
2023-04-24 08:15:37,784 [BlockDeletingService#5] INFO  interfaces.ContainerDeletionChoosingPolicyTemplate (ContainerDeletionChoosingPolicyTemplate.java:chooseContainerForBlockDeletion(83)) - Chosen 0/5000 blocks from 0 candidate containers.
2023-04-24 08:15:37,784 [BlockDeletingService#2] INFO  interfaces.ContainerDeletionChoosingPolicyTemplate (ContainerDeletionChoosingPolicyTemplate.java:chooseContainerForBlockDeletion(83)) - Chosen 0/5000 blocks from 0 candidate containers.
2023-04-24 08:15:37,784 [BlockDeletingService#1] INFO  interfaces.ContainerDeletionChoosingPolicyTemplate (ContainerDeletionChoosingPolicyTemplate.java:chooseContainerForBlockDeletion(83)) - Chosen 0/5000 blocks from 0 candidate containers.
2023-04-24 08:15:37,884 [BlockDeletingService#5] INFO  interfaces.ContainerDeletionChoosingPolicyTemplate (ContainerDeletionChoosingPolicyTemplate.java:chooseContainerForBlockDeletion(83)) - Chosen 0/5000 blocks from 0 candidate containers.
2023-04-24 08:15:37,884 [BlockDeletingService#2] INFO  interfaces.ContainerDeletionChoosingPolicyTemplate (ContainerDeletionChoosingPolicyTemplate.java:chooseContainerForBlockDeletion(83)) - Chosen 0/5000 blocks from 0 candidate containers.
2023-04-24 08:15:37,884 [BlockDeletingService#1] INFO  interfaces.ContainerDeletionChoosingPolicyTemplate (ContainerDeletionChoosingPolicyTemplate.java:chooseContainerForBlockDeletion(83)) - Chosen 0/5000 blocks from 0 candidate containers.
2023-04-24 08:15:37,984 [BlockDeletingService#5] INFO  interfaces.ContainerDeletionChoosingPolicyTemplate (ContainerDeletionChoosingPolicyTemplate.java:chooseContainerForBlockDeletion(83)) - Chosen 0/5000 blocks from 0 candidate containers.
2023-04-24 08:15:37,985 [BlockDeletingService#1] INFO  interfaces.ContainerDeletionChoosingPolicyTemplate (ContainerDeletionChoosingPolicyTemplate.java:chooseContainerForBlockDeletion(83)) - Chosen 0/5000 blocks from 0 candidate containers.
2023-04-24 08:15:37,985 [BlockDeletingService#2] INFO  interfaces.ContainerDeletionChoosingPolicyTemplate (ContainerDeletionChoosingPolicyTemplate.java:chooseContainerForBlockDeletion(83)) - Chosen 0/5000 blocks from 0 candidate containers.
2023-04-24 08:15:37,994 [Listener at 127.0.0.1/40959] INFO  volume.HddsVolume (HddsVolume.java:closeDbStore(437)) - SchemaV3 db is stopped at /home/runner/work/ozone/ozone/hadoop-ozone/integration-test/target/test-dir/MiniOzoneClusterImpl-f6153afd-65ae-4a30-a1a8-75442c8cb6d9/datanode-1/data-0/containers/hdds/f6153afd-65ae-4a30-a1a8-75442c8cb6d9/DS-ea6fa26b-51a1-4cba-8c49-441da44c0f54/container.db for volume DS-ea6fa26b-51a1-4cba-8c49-441da44c0f54
2023-04-24 08:15:37,995 [Listener at 127.0.0.1/40959] INFO  utils.BackgroundService (BackgroundService.java:shutdown(141)) - Shutting down service BlockDeletingService
2023-04-24 08:15:37,995 [Listener at 127.0.0.1/40959] INFO  utils.BackgroundService (BackgroundService.java:shutdown(141)) - Shutting down service StaleRecoveringContainerScrubbingService
2023-04-24 08:15:37,997 [Listener at 127.0.0.1/40959] INFO  statemachine.DatanodeStateMachine (DatanodeStateMachine.java:stopDaemon(601)) - Ozone container server stopped.
2023-04-24 08:15:38,007 [grpc-default-executor-2] WARN  server.GrpcLogAppender (LogUtils.java:warn(122)) - 593f1123-fce2-46ce-a0f5-50a98353a86f@group-2C65884D69A9->d7f67023-bd71-4164-8161-24a8eb75dffe-AppendLogResponseHandler: Failed appendEntries: org.apache.ratis.thirdparty.io.grpc.StatusRuntimeException: UNAVAILABLE: io exception
2023-04-24 08:15:38,008 [grpc-default-executor-2] WARN  server.GrpcLogAppender (GrpcLogAppender.java:resetClient(131)) - 593f1123-fce2-46ce-a0f5-50a98353a86f@group-2C65884D69A9->d7f67023-bd71-4164-8161-24a8eb75dffe-GrpcLogAppender: Leader has not got in touch with Follower 593f1123-fce2-46ce-a0f5-50a98353a86f@group-2C65884D69A9->d7f67023-bd71-4164-8161-24a8eb75dffe(c-1,m0,n1, attendVote=true, lastRpcSendTime=1, lastRpcResponseTime=3767) yet, just keep nextIndex unchanged and retry.
2023-04-24 08:15:38,009 [grpc-default-executor-1] WARN  server.GrpcLogAppender (LogUtils.java:warn(122)) - 593f1123-fce2-46ce-a0f5-50a98353a86f@group-2C65884D69A9->d7f67023-bd71-4164-8161-24a8eb75dffe-AppendLogResponseHandler: Failed appendEntries: org.apache.ratis.thirdparty.io.grpc.StatusRuntimeException: UNAVAILABLE: io exception
2023-04-24 08:15:38,009 [grpc-default-executor-1] WARN  server.GrpcLogAppender (GrpcLogAppender.java:resetClient(131)) - 593f1123-fce2-46ce-a0f5-50a98353a86f@group-2C65884D69A9->d7f67023-bd71-4164-8161-24a8eb75dffe-GrpcLogAppender: Leader has not got in touch with Follower 593f1123-fce2-46ce-a0f5-50a98353a86f@group-2C65884D69A9->d7f67023-bd71-4164-8161-24a8eb75dffe(c-1,m0,n1, attendVote=true, lastRpcSendTime=1, lastRpcResponseTime=3768) yet, just keep nextIndex unchanged and retry.
2023-04-24 08:15:38,015 [Listener at 127.0.0.1/40959] INFO  handler.ContextHandler (ContextHandler.java:doStop(1159)) - Stopped o.e.j.w.WebAppContext@29487e4c{hddsDatanode,/,null,STOPPED}{jar:file:/home/runner/.m2/repository/org/apache/ozone/hdds-container-service/1.4.0-SNAPSHOT/hdds-container-service-1.4.0-SNAPSHOT.jar!/webapps/hddsDatanode}
2023-04-24 08:15:38,018 [Listener at 127.0.0.1/40959] INFO  server.AbstractConnector (AbstractConnector.java:doStop(383)) - Stopped ServerConnector@277dfd4f{HTTP/1.1, (http/1.1)}{0.0.0.0:0}
2023-04-24 08:15:38,018 [Listener at 127.0.0.1/40959] INFO  server.session (HouseKeeper.java:stopScavenging(149)) - node0 Stopped scavenging
2023-04-24 08:15:38,018 [Listener at 127.0.0.1/40959] INFO  handler.ContextHandler (ContextHandler.java:doStop(1159)) - Stopped o.e.j.s.ServletContextHandler@5338244e{static,/static,jar:file:/home/runner/.m2/repository/org/apache/ozone/hdds-container-service/1.4.0-SNAPSHOT/hdds-container-service-1.4.0-SNAPSHOT.jar!/webapps/static,STOPPED}
2023-04-24 08:15:38,019 [Listener at 127.0.0.1/40959] INFO  handler.ContextHandler (ContextHandler.java:doStop(1159)) - Stopped o.e.j.s.ServletContextHandler@4f07fb43{logs,/logs,file:///home/runner/work/ozone/ozone/hadoop-ozone/integration-test/target/log,STOPPED}
2023-04-24 08:15:38,085 [BlockDeletingService#1] INFO  interfaces.ContainerDeletionChoosingPolicyTemplate (ContainerDeletionChoosingPolicyTemplate.java:chooseContainerForBlockDeletion(83)) - Chosen 0/5000 blocks from 0 candidate containers.
2023-04-24 08:15:38,085 [BlockDeletingService#2] INFO  interfaces.ContainerDeletionChoosingPolicyTemplate (ContainerDeletionChoosingPolicyTemplate.java:chooseContainerForBlockDeletion(83)) - Chosen 0/5000 blocks from 0 candidate containers.
2023-04-24 08:15:38,175 [grpc-default-executor-1] WARN  server.GrpcLogAppender (LogUtils.java:warn(122)) - 593f1123-fce2-46ce-a0f5-50a98353a86f@group-2C65884D69A9->d7f67023-bd71-4164-8161-24a8eb75dffe-AppendLogResponseHandler: Failed appendEntries: org.apache.ratis.thirdparty.io.grpc.StatusRuntimeException: UNAVAILABLE: io exception
2023-04-24 08:15:38,177 [grpc-default-executor-4] WARN  server.GrpcLogAppender (LogUtils.java:warn(122)) - 593f1123-fce2-46ce-a0f5-50a98353a86f@group-2C65884D69A9->d7f67023-bd71-4164-8161-24a8eb75dffe-AppendLogResponseHandler: Failed appendEntries: org.apache.ratis.thirdparty.io.grpc.StatusRuntimeException: UNAVAILABLE: io exception
2023-04-24 08:15:38,181 [grpc-default-executor-1] WARN  server.GrpcLogAppender (GrpcLogAppender.java:resetClient(131)) - 593f1123-fce2-46ce-a0f5-50a98353a86f@group-2C65884D69A9->d7f67023-bd71-4164-8161-24a8eb75dffe-GrpcLogAppender: Leader has not got in touch with Follower 593f1123-fce2-46ce-a0f5-50a98353a86f@group-2C65884D69A9->d7f67023-bd71-4164-8161-24a8eb75dffe(c-1,m0,n2, attendVote=true, lastRpcSendTime=1, lastRpcResponseTime=3940) yet, just keep nextIndex unchanged and retry.
2023-04-24 08:15:38,182 [grpc-default-executor-4] WARN  server.GrpcLogAppender (GrpcLogAppender.java:resetClient(131)) - 593f1123-fce2-46ce-a0f5-50a98353a86f@group-2C65884D69A9->d7f67023-bd71-4164-8161-24a8eb75dffe-GrpcLogAppender: Leader has not got in touch with Follower 593f1123-fce2-46ce-a0f5-50a98353a86f@group-2C65884D69A9->d7f67023-bd71-4164-8161-24a8eb75dffe(c-1,m0,n2, attendVote=true, lastRpcSendTime=2, lastRpcResponseTime=3941) yet, just keep nextIndex unchanged and retry.
2023-04-24 08:15:38,185 [BlockDeletingService#1] INFO  interfaces.ContainerDeletionChoosingPolicyTemplate (ContainerDeletionChoosingPolicyTemplate.java:chooseContainerForBlockDeletion(83)) - Chosen 0/5000 blocks from 0 candidate containers.
2023-04-24 08:15:38,185 [BlockDeletingService#2] INFO  interfaces.ContainerDeletionChoosingPolicyTemplate (ContainerDeletionChoosingPolicyTemplate.java:chooseContainerForBlockDeletion(83)) - Chosen 0/5000 blocks from 0 candidate containers.
2023-04-24 08:15:38,259 [grpc-default-executor-4] WARN  server.GrpcLogAppender (LogUtils.java:warn(122)) - 593f1123-fce2-46ce-a0f5-50a98353a86f@group-2C65884D69A9->d7f67023-bd71-4164-8161-24a8eb75dffe-AppendLogResponseHandler: Failed appendEntries: org.apache.ratis.thirdparty.io.grpc.StatusRuntimeException: UNAVAILABLE: io exception
2023-04-24 08:15:38,259 [grpc-default-executor-4] WARN  server.GrpcLogAppender (GrpcLogAppender.java:resetClient(131)) - 593f1123-fce2-46ce-a0f5-50a98353a86f@group-2C65884D69A9->d7f67023-bd71-4164-8161-24a8eb75dffe-GrpcLogAppender: Leader has not got in touch with Follower 593f1123-fce2-46ce-a0f5-50a98353a86f@group-2C65884D69A9->d7f67023-bd71-4164-8161-24a8eb75dffe(c-1,m0,n3, attendVote=true, lastRpcSendTime=1, lastRpcResponseTime=4018) yet, just keep nextIndex unchanged and retry.
2023-04-24 08:15:38,259 [grpc-default-executor-1] WARN  server.GrpcLogAppender (LogUtils.java:warn(122)) - 593f1123-fce2-46ce-a0f5-50a98353a86f@group-2C65884D69A9->d7f67023-bd71-4164-8161-24a8eb75dffe-AppendLogResponseHandler: Failed appendEntries: org.apache.ratis.thirdparty.io.grpc.StatusRuntimeException: UNAVAILABLE: io exception
2023-04-24 08:15:38,259 [grpc-default-executor-1] WARN  server.GrpcLogAppender (GrpcLogAppender.java:resetClient(131)) - 593f1123-fce2-46ce-a0f5-50a98353a86f@group-2C65884D69A9->d7f67023-bd71-4164-8161-24a8eb75dffe-GrpcLogAppender: Leader has not got in touch with Follower 593f1123-fce2-46ce-a0f5-50a98353a86f@group-2C65884D69A9->d7f67023-bd71-4164-8161-24a8eb75dffe(c-1,m0,n3, attendVote=true, lastRpcSendTime=1, lastRpcResponseTime=4019) yet, just keep nextIndex unchanged and retry.
2023-04-24 08:15:38,264 [grpc-default-executor-4] WARN  server.GrpcLogAppender (LogUtils.java:warn(122)) - 593f1123-fce2-46ce-a0f5-50a98353a86f@group-2C65884D69A9->d7f67023-bd71-4164-8161-24a8eb75dffe-AppendLogResponseHandler: Failed appendEntries: org.apache.ratis.thirdparty.io.grpc.StatusRuntimeException: UNAVAILABLE: io exception
2023-04-24 08:15:38,264 [grpc-default-executor-1] WARN  server.GrpcLogAppender (LogUtils.java:warn(122)) - 593f1123-fce2-46ce-a0f5-50a98353a86f@group-2C65884D69A9->d7f67023-bd71-4164-8161-24a8eb75dffe-AppendLogResponseHandler: Failed appendEntries: org.apache.ratis.thirdparty.io.grpc.StatusRuntimeException: UNAVAILABLE: io exception
2023-04-24 08:15:38,264 [grpc-default-executor-4] WARN  server.GrpcLogAppender (GrpcLogAppender.java:resetClient(131)) - 593f1123-fce2-46ce-a0f5-50a98353a86f@group-2C65884D69A9->d7f67023-bd71-4164-8161-24a8eb75dffe-GrpcLogAppender: Leader has not got in touch with Follower 593f1123-fce2-46ce-a0f5-50a98353a86f@group-2C65884D69A9->d7f67023-bd71-4164-8161-24a8eb75dffe(c-1,m0,n4, attendVote=true, lastRpcSendTime=0, lastRpcResponseTime=4023) yet, just keep nextIndex unchanged and retry.
2023-04-24 08:15:38,264 [grpc-default-executor-1] WARN  server.GrpcLogAppender (GrpcLogAppender.java:resetClient(131)) - 593f1123-fce2-46ce-a0f5-50a98353a86f@group-2C65884D69A9->d7f67023-bd71-4164-8161-24a8eb75dffe-GrpcLogAppender: Leader has not got in touch with Follower 593f1123-fce2-46ce-a0f5-50a98353a86f@group-2C65884D69A9->d7f67023-bd71-4164-8161-24a8eb75dffe(c-1,m0,n4, attendVote=true, lastRpcSendTime=0, lastRpcResponseTime=4024) yet, just keep nextIndex unchanged and retry.
2023-04-24 08:15:38,285 [BlockDeletingService#1] INFO  interfaces.ContainerDeletionChoosingPolicyTemplate (ContainerDeletionChoosingPolicyTemplate.java:chooseContainerForBlockDeletion(83)) - Chosen 0/5000 blocks from 0 candidate containers.
2023-04-24 08:15:38,285 [BlockDeletingService#2] INFO  interfaces.ContainerDeletionChoosingPolicyTemplate (ContainerDeletionChoosingPolicyTemplate.java:chooseContainerForBlockDeletion(83)) - Chosen 0/5000 blocks from 0 candidate containers.
2023-04-24 08:15:38,297 [grpc-default-executor-2] WARN  server.GrpcLogAppender (LogUtils.java:warn(122)) - 593f1123-fce2-46ce-a0f5-50a98353a86f@group-2C65884D69A9->d7f67023-bd71-4164-8161-24a8eb75dffe-AppendLogResponseHandler: Failed appendEntries: org.apache.ratis.thirdparty.io.grpc.StatusRuntimeException: UNAVAILABLE: io exception
2023-04-24 08:15:38,298 [grpc-default-executor-2] WARN  server.GrpcLogAppender (GrpcLogAppender.java:resetClient(131)) - 593f1123-fce2-46ce-a0f5-50a98353a86f@group-2C65884D69A9->d7f67023-bd71-4164-8161-24a8eb75dffe-GrpcLogAppender: Leader has not got in touch with Follower 593f1123-fce2-46ce-a0f5-50a98353a86f@group-2C65884D69A9->d7f67023-bd71-4164-8161-24a8eb75dffe(c-1,m0,n4, attendVote=true, lastRpcSendTime=33, lastRpcResponseTime=4057) yet, just keep nextIndex unchanged and retry.
2023-04-24 08:15:38,299 [grpc-default-executor-2] WARN  server.GrpcLogAppender (LogUtils.java:warn(122)) - 593f1123-fce2-46ce-a0f5-50a98353a86f@group-2C65884D69A9->d7f67023-bd71-4164-8161-24a8eb75dffe-AppendLogResponseHandler: Failed appendEntries: org.apache.ratis.thirdparty.io.grpc.StatusRuntimeException: UNAVAILABLE: io exception
2023-04-24 08:15:38,299 [grpc-default-executor-2] WARN  server.GrpcLogAppender (GrpcLogAppender.java:resetClient(131)) - 593f1123-fce2-46ce-a0f5-50a98353a86f@group-2C65884D69A9->d7f67023-bd71-4164-8161-24a8eb75dffe-GrpcLogAppender: Leader has not got in touch with Follower 593f1123-fce2-46ce-a0f5-50a98353a86f@group-2C65884D69A9->d7f67023-bd71-4164-8161-24a8eb75dffe(c-1,m0,n4, attendVote=true, lastRpcSendTime=34, lastRpcResponseTime=4058) yet, just keep nextIndex unchanged and retry.
2023-04-24 08:15:38,385 [BlockDeletingService#1] INFO  interfaces.ContainerDeletionChoosingPolicyTemplate (ContainerDeletionChoosingPolicyTemplate.java:chooseContainerForBlockDeletion(83)) - Chosen 0/5000 blocks from 0 candidate containers.
2023-04-24 08:15:38,386 [BlockDeletingService#2] INFO  interfaces.ContainerDeletionChoosingPolicyTemplate (ContainerDeletionChoosingPolicyTemplate.java:chooseContainerForBlockDeletion(83)) - Chosen 0/5000 blocks from 0 candidate containers.
2023-04-24 08:15:38,486 [BlockDeletingService#1] INFO  interfaces.ContainerDeletionChoosingPolicyTemplate (ContainerDeletionChoosingPolicyTemplate.java:chooseContainerForBlockDeletion(83)) - Chosen 0/5000 blocks from 0 candidate containers.
2023-04-24 08:15:38,490 [BlockDeletingService#2] INFO  interfaces.ContainerDeletionChoosingPolicyTemplate (ContainerDeletionChoosingPolicyTemplate.java:chooseContainerForBlockDeletion(83)) - Chosen 0/5000 blocks from 0 candidate containers.
2023-04-24 08:15:38,586 [BlockDeletingService#1] INFO  interfaces.ContainerDeletionChoosingPolicyTemplate (ContainerDeletionChoosingPolicyTemplate.java:chooseContainerForBlockDeletion(83)) - Chosen 0/5000 blocks from 0 candidate containers.
2023-04-24 08:15:38,590 [BlockDeletingService#2] INFO  interfaces.ContainerDeletionChoosingPolicyTemplate (ContainerDeletionChoosingPolicyTemplate.java:chooseContainerForBlockDeletion(83)) - Chosen 0/5000 blocks from 0 candidate containers.
2023-04-24 08:15:38,686 [BlockDeletingService#1] INFO  interfaces.ContainerDeletionChoosingPolicyTemplate (ContainerDeletionChoosingPolicyTemplate.java:chooseContainerForBlockDeletion(83)) - Chosen 0/5000 blocks from 0 candidate containers.
2023-04-24 08:15:38,690 [BlockDeletingService#2] INFO  interfaces.ContainerDeletionChoosingPolicyTemplate (ContainerDeletionChoosingPolicyTemplate.java:chooseContainerForBlockDeletion(83)) - Chosen 0/5000 blocks from 0 candidate containers.
2023-04-24 08:15:38,787 [BlockDeletingService#1] INFO  interfaces.ContainerDeletionChoosingPolicyTemplate (ContainerDeletionChoosingPolicyTemplate.java:chooseContainerForBlockDeletion(83)) - Chosen 0/5000 blocks from 0 candidate containers.
2023-04-24 08:15:38,790 [BlockDeletingService#2] INFO  interfaces.ContainerDeletionChoosingPolicyTemplate (ContainerDeletionChoosingPolicyTemplate.java:chooseContainerForBlockDeletion(83)) - Chosen 0/5000 blocks from 0 candidate containers.
2023-04-24 08:15:38,887 [BlockDeletingService#1] INFO  interfaces.ContainerDeletionChoosingPolicyTemplate (ContainerDeletionChoosingPolicyTemplate.java:chooseContainerForBlockDeletion(83)) - Chosen 0/5000 blocks from 0 candidate containers.
2023-04-24 08:15:38,890 [BlockDeletingService#2] INFO  interfaces.ContainerDeletionChoosingPolicyTemplate (ContainerDeletionChoosingPolicyTemplate.java:chooseContainerForBlockDeletion(83)) - Chosen 0/5000 blocks from 0 candidate containers.
2023-04-24 08:15:38,987 [BlockDeletingService#1] INFO  interfaces.ContainerDeletionChoosingPolicyTemplate (ContainerDeletionChoosingPolicyTemplate.java:chooseContainerForBlockDeletion(83)) - Chosen 0/5000 blocks from 0 candidate containers.
2023-04-24 08:15:38,990 [BlockDeletingService#2] INFO  interfaces.ContainerDeletionChoosingPolicyTemplate (ContainerDeletionChoosingPolicyTemplate.java:chooseContainerForBlockDeletion(83)) - Chosen 0/5000 blocks from 0 candidate containers.
2023-04-24 08:15:39,087 [BlockDeletingService#1] INFO  interfaces.ContainerDeletionChoosingPolicyTemplate (ContainerDeletionChoosingPolicyTemplate.java:chooseContainerForBlockDeletion(83)) - Chosen 0/5000 blocks from 0 candidate containers.
2023-04-24 08:15:39,091 [BlockDeletingService#2] INFO  interfaces.ContainerDeletionChoosingPolicyTemplate (ContainerDeletionChoosingPolicyTemplate.java:chooseContainerForBlockDeletion(83)) - Chosen 0/5000 blocks from 0 candidate containers.
2023-04-24 08:15:39,188 [BlockDeletingService#1] INFO  interfaces.ContainerDeletionChoosingPolicyTemplate (ContainerDeletionChoosingPolicyTemplate.java:chooseContainerForBlockDeletion(83)) - Chosen 0/5000 blocks from 0 candidate containers.
2023-04-24 08:15:39,191 [BlockDeletingService#2] INFO  interfaces.ContainerDeletionChoosingPolicyTemplate (ContainerDeletionChoosingPolicyTemplate.java:chooseContainerForBlockDeletion(83)) - Chosen 0/5000 blocks from 0 candidate containers.
2023-04-24 08:15:39,288 [BlockDeletingService#1] INFO  interfaces.ContainerDeletionChoosingPolicyTemplate (ContainerDeletionChoosingPolicyTemplate.java:chooseContainerForBlockDeletion(83)) - Chosen 0/5000 blocks from 0 candidate containers.
2023-04-24 08:15:39,291 [BlockDeletingService#2] INFO  interfaces.ContainerDeletionChoosingPolicyTemplate (ContainerDeletionChoosingPolicyTemplate.java:chooseContainerForBlockDeletion(83)) - Chosen 0/5000 blocks from 0 candidate containers.
2023-04-24 08:15:39,388 [BlockDeletingService#1] INFO  interfaces.ContainerDeletionChoosingPolicyTemplate (ContainerDeletionChoosingPolicyTemplate.java:chooseContainerForBlockDeletion(83)) - Chosen 0/5000 blocks from 0 candidate containers.
2023-04-24 08:15:39,391 [BlockDeletingService#2] INFO  interfaces.ContainerDeletionChoosingPolicyTemplate (ContainerDeletionChoosingPolicyTemplate.java:chooseContainerForBlockDeletion(83)) - Chosen 0/5000 blocks from 0 candidate containers.
2023-04-24 08:15:39,488 [BlockDeletingService#1] INFO  interfaces.ContainerDeletionChoosingPolicyTemplate (ContainerDeletionChoosingPolicyTemplate.java:chooseContainerForBlockDeletion(83)) - Chosen 0/5000 blocks from 0 candidate containers.
2023-04-24 08:15:39,491 [BlockDeletingService#2] INFO  interfaces.ContainerDeletionChoosingPolicyTemplate (ContainerDeletionChoosingPolicyTemplate.java:chooseContainerForBlockDeletion(83)) - Chosen 0/5000 blocks from 0 candidate containers.
2023-04-24 08:15:39,515 [grpc-default-executor-2] WARN  server.GrpcLogAppender (LogUtils.java:warn(122)) - 593f1123-fce2-46ce-a0f5-50a98353a86f@group-2C65884D69A9->d7f67023-bd71-4164-8161-24a8eb75dffe-AppendLogResponseHandler: Failed appendEntries: org.apache.ratis.thirdparty.io.grpc.StatusRuntimeException: UNAVAILABLE: io exception
2023-04-24 08:15:39,515 [grpc-default-executor-4] WARN  server.GrpcLogAppender (LogUtils.java:warn(122)) - 593f1123-fce2-46ce-a0f5-50a98353a86f@group-2C65884D69A9->d7f67023-bd71-4164-8161-24a8eb75dffe-AppendLogResponseHandler: Failed appendEntries: org.apache.ratis.thirdparty.io.grpc.StatusRuntimeException: UNAVAILABLE: io exception
2023-04-24 08:15:39,516 [grpc-default-executor-2] WARN  server.GrpcLogAppender (GrpcLogAppender.java:resetClient(131)) - 593f1123-fce2-46ce-a0f5-50a98353a86f@group-2C65884D69A9->d7f67023-bd71-4164-8161-24a8eb75dffe-GrpcLogAppender: Leader has not got in touch with Follower 593f1123-fce2-46ce-a0f5-50a98353a86f@group-2C65884D69A9->d7f67023-bd71-4164-8161-24a8eb75dffe(c-1,m0,n4, attendVote=true, lastRpcSendTime=1251, lastRpcResponseTime=5275) yet, just keep nextIndex unchanged and retry.
2023-04-24 08:15:39,518 [grpc-default-executor-4] WARN  server.GrpcLogAppender (GrpcLogAppender.java:resetClient(131)) - 593f1123-fce2-46ce-a0f5-50a98353a86f@group-2C65884D69A9->d7f67023-bd71-4164-8161-24a8eb75dffe-GrpcLogAppender: Leader has not got in touch with Follower 593f1123-fce2-46ce-a0f5-50a98353a86f@group-2C65884D69A9->d7f67023-bd71-4164-8161-24a8eb75dffe(c-1,m0,n4, attendVote=true, lastRpcSendTime=1253, lastRpcResponseTime=5277) yet, just keep nextIndex unchanged and retry.
2023-04-24 08:15:39,520 [grpc-default-executor-4] WARN  server.GrpcLogAppender (LogUtils.java:warn(122)) - 593f1123-fce2-46ce-a0f5-50a98353a86f@group-2C65884D69A9->d7f67023-bd71-4164-8161-24a8eb75dffe-AppendLogResponseHandler: Failed appendEntries: org.apache.ratis.thirdparty.io.grpc.StatusRuntimeException: UNAVAILABLE: io exception
2023-04-24 08:15:39,520 [grpc-default-executor-4] WARN  server.GrpcLogAppender (GrpcLogAppender.java:resetClient(131)) - 593f1123-fce2-46ce-a0f5-50a98353a86f@group-2C65884D69A9->d7f67023-bd71-4164-8161-24a8eb75dffe-GrpcLogAppender: Leader has not got in touch with Follower 593f1123-fce2-46ce-a0f5-50a98353a86f@group-2C65884D69A9->d7f67023-bd71-4164-8161-24a8eb75dffe(c-1,m0,n4, attendVote=true, lastRpcSendTime=2, lastRpcResponseTime=5280) yet, just keep nextIndex unchanged and retry.
2023-04-24 08:15:39,521 [grpc-default-executor-4] WARN  server.GrpcLogAppender (LogUtils.java:warn(122)) - 593f1123-fce2-46ce-a0f5-50a98353a86f@group-2C65884D69A9->d7f67023-bd71-4164-8161-24a8eb75dffe-AppendLogResponseHandler: Failed appendEntries: org.apache.ratis.thirdparty.io.grpc.StatusRuntimeException: UNAVAILABLE: io exception
2023-04-24 08:15:39,522 [grpc-default-executor-4] WARN  server.GrpcLogAppender (GrpcLogAppender.java:resetClient(131)) - 593f1123-fce2-46ce-a0f5-50a98353a86f@group-2C65884D69A9->d7f67023-bd71-4164-8161-24a8eb75dffe-GrpcLogAppender: Leader has not got in touch with Follower 593f1123-fce2-46ce-a0f5-50a98353a86f@group-2C65884D69A9->d7f67023-bd71-4164-8161-24a8eb75dffe(c-1,m0,n4, attendVote=true, lastRpcSendTime=3, lastRpcResponseTime=5281) yet, just keep nextIndex unchanged and retry.
2023-04-24 08:15:39,588 [BlockDeletingService#1] INFO  interfaces.ContainerDeletionChoosingPolicyTemplate (ContainerDeletionChoosingPolicyTemplate.java:chooseContainerForBlockDeletion(83)) - Chosen 0/5000 blocks from 0 candidate containers.
2023-04-24 08:15:39,591 [BlockDeletingService#2] INFO  interfaces.ContainerDeletionChoosingPolicyTemplate (ContainerDeletionChoosingPolicyTemplate.java:chooseContainerForBlockDeletion(83)) - Chosen 0/5000 blocks from 0 candidate containers.
2023-04-24 08:15:39,689 [BlockDeletingService#1] INFO  interfaces.ContainerDeletionChoosingPolicyTemplate (ContainerDeletionChoosingPolicyTemplate.java:chooseContainerForBlockDeletion(83)) - Chosen 0/5000 blocks from 0 candidate containers.
2023-04-24 08:15:39,691 [BlockDeletingService#2] INFO  interfaces.ContainerDeletionChoosingPolicyTemplate (ContainerDeletionChoosingPolicyTemplate.java:chooseContainerForBlockDeletion(83)) - Chosen 0/5000 blocks from 0 candidate containers.
2023-04-24 08:15:39,789 [BlockDeletingService#1] INFO  interfaces.ContainerDeletionChoosingPolicyTemplate (ContainerDeletionChoosingPolicyTemplate.java:chooseContainerForBlockDeletion(83)) - Chosen 0/5000 blocks from 0 candidate containers.
2023-04-24 08:15:39,791 [BlockDeletingService#2] INFO  interfaces.ContainerDeletionChoosingPolicyTemplate (ContainerDeletionChoosingPolicyTemplate.java:chooseContainerForBlockDeletion(83)) - Chosen 0/5000 blocks from 0 candidate containers.
2023-04-24 08:15:39,889 [BlockDeletingService#1] INFO  interfaces.ContainerDeletionChoosingPolicyTemplate (ContainerDeletionChoosingPolicyTemplate.java:chooseContainerForBlockDeletion(83)) - Chosen 0/5000 blocks from 0 candidate containers.
2023-04-24 08:15:39,892 [BlockDeletingService#2] INFO  interfaces.ContainerDeletionChoosingPolicyTemplate (ContainerDeletionChoosingPolicyTemplate.java:chooseContainerForBlockDeletion(83)) - Chosen 0/5000 blocks from 0 candidate containers.
2023-04-24 08:15:39,990 [BlockDeletingService#1] INFO  interfaces.ContainerDeletionChoosingPolicyTemplate (ContainerDeletionChoosingPolicyTemplate.java:chooseContainerForBlockDeletion(83)) - Chosen 0/5000 blocks from 0 candidate containers.
2023-04-24 08:15:39,992 [BlockDeletingService#2] INFO  interfaces.ContainerDeletionChoosingPolicyTemplate (ContainerDeletionChoosingPolicyTemplate.java:chooseContainerForBlockDeletion(83)) - Chosen 0/5000 blocks from 0 candidate containers.
2023-04-24 08:15:40,090 [BlockDeletingService#1] INFO  interfaces.ContainerDeletionChoosingPolicyTemplate (ContainerDeletionChoosingPolicyTemplate.java:chooseContainerForBlockDeletion(83)) - Chosen 0/5000 blocks from 0 candidate containers.
2023-04-24 08:15:40,092 [BlockDeletingService#2] INFO  interfaces.ContainerDeletionChoosingPolicyTemplate (ContainerDeletionChoosingPolicyTemplate.java:chooseContainerForBlockDeletion(83)) - Chosen 0/5000 blocks from 0 candidate containers.
2023-04-24 08:15:40,190 [BlockDeletingService#1] INFO  interfaces.ContainerDeletionChoosingPolicyTemplate (ContainerDeletionChoosingPolicyTemplate.java:chooseContainerForBlockDeletion(83)) - Chosen 0/5000 blocks from 0 candidate containers.
2023-04-24 08:15:40,192 [BlockDeletingService#2] INFO  interfaces.ContainerDeletionChoosingPolicyTemplate (ContainerDeletionChoosingPolicyTemplate.java:chooseContainerForBlockDeletion(83)) - Chosen 0/5000 blocks from 0 candidate containers.
2023-04-24 08:15:40,290 [BlockDeletingService#1] INFO  interfaces.ContainerDeletionChoosingPolicyTemplate (ContainerDeletionChoosingPolicyTemplate.java:chooseContainerForBlockDeletion(83)) - Chosen 0/5000 blocks from 0 candidate containers.
2023-04-24 08:15:40,292 [BlockDeletingService#2] INFO  interfaces.ContainerDeletionChoosingPolicyTemplate (ContainerDeletionChoosingPolicyTemplate.java:chooseContainerForBlockDeletion(83)) - Chosen 0/5000 blocks from 0 candidate containers.
2023-04-24 08:15:40,391 [BlockDeletingService#1] INFO  interfaces.ContainerDeletionChoosingPolicyTemplate (ContainerDeletionChoosingPolicyTemplate.java:chooseContainerForBlockDeletion(83)) - Chosen 0/5000 blocks from 0 candidate containers.
2023-04-24 08:15:40,392 [BlockDeletingService#2] INFO  interfaces.ContainerDeletionChoosingPolicyTemplate (ContainerDeletionChoosingPolicyTemplate.java:chooseContainerForBlockDeletion(83)) - Chosen 0/5000 blocks from 0 candidate containers.
2023-04-24 08:15:40,491 [BlockDeletingService#1] INFO  interfaces.ContainerDeletionChoosingPolicyTemplate (ContainerDeletionChoosingPolicyTemplate.java:chooseContainerForBlockDeletion(83)) - Chosen 0/5000 blocks from 0 candidate containers.
2023-04-24 08:15:40,492 [BlockDeletingService#2] INFO  interfaces.ContainerDeletionChoosingPolicyTemplate (ContainerDeletionChoosingPolicyTemplate.java:chooseContainerForBlockDeletion(83)) - Chosen 0/5000 blocks from 0 candidate containers.
2023-04-24 08:15:40,591 [BlockDeletingService#1] INFO  interfaces.ContainerDeletionChoosingPolicyTemplate (ContainerDeletionChoosingPolicyTemplate.java:chooseContainerForBlockDeletion(83)) - Chosen 0/5000 blocks from 0 candidate containers.
2023-04-24 08:15:40,593 [BlockDeletingService#2] INFO  interfaces.ContainerDeletionChoosingPolicyTemplate (ContainerDeletionChoosingPolicyTemplate.java:chooseContainerForBlockDeletion(83)) - Chosen 0/5000 blocks from 0 candidate containers.
2023-04-24 08:15:40,691 [BlockDeletingService#1] INFO  interfaces.ContainerDeletionChoosingPolicyTemplate (ContainerDeletionChoosingPolicyTemplate.java:chooseContainerForBlockDeletion(83)) - Chosen 0/5000 blocks from 0 candidate containers.
2023-04-24 08:15:40,693 [BlockDeletingService#2] INFO  interfaces.ContainerDeletionChoosingPolicyTemplate (ContainerDeletionChoosingPolicyTemplate.java:chooseContainerForBlockDeletion(83)) - Chosen 0/5000 blocks from 0 candidate containers.
2023-04-24 08:15:40,769 [grpc-default-executor-2] WARN  server.GrpcLogAppender (LogUtils.java:warn(122)) - 593f1123-fce2-46ce-a0f5-50a98353a86f@group-2C65884D69A9->d7f67023-bd71-4164-8161-24a8eb75dffe-AppendLogResponseHandler: Failed appendEntries: org.apache.ratis.thirdparty.io.grpc.StatusRuntimeException: UNAVAILABLE: io exception
2023-04-24 08:15:40,769 [grpc-default-executor-4] WARN  server.GrpcLogAppender (LogUtils.java:warn(122)) - 593f1123-fce2-46ce-a0f5-50a98353a86f@group-2C65884D69A9->d7f67023-bd71-4164-8161-24a8eb75dffe-AppendLogResponseHandler: Failed appendEntries: org.apache.ratis.thirdparty.io.grpc.StatusRuntimeException: UNAVAILABLE: io exception
2023-04-24 08:15:40,769 [grpc-default-executor-2] WARN  server.GrpcLogAppender (GrpcLogAppender.java:resetClient(131)) - 593f1123-fce2-46ce-a0f5-50a98353a86f@group-2C65884D69A9->d7f67023-bd71-4164-8161-24a8eb75dffe-GrpcLogAppender: Leader has not got in touch with Follower 593f1123-fce2-46ce-a0f5-50a98353a86f@group-2C65884D69A9->d7f67023-bd71-4164-8161-24a8eb75dffe(c-1,m0,n4, attendVote=true, lastRpcSendTime=1251, lastRpcResponseTime=6528) yet, just keep nextIndex unchanged and retry.
2023-04-24 08:15:40,771 [grpc-default-executor-4] WARN  server.GrpcLogAppender (GrpcLogAppender.java:resetClient(131)) - 593f1123-fce2-46ce-a0f5-50a98353a86f@group-2C65884D69A9->d7f67023-bd71-4164-8161-24a8eb75dffe-GrpcLogAppender: Leader has not got in touch with Follower 593f1123-fce2-46ce-a0f5-50a98353a86f@group-2C65884D69A9->d7f67023-bd71-4164-8161-24a8eb75dffe(c-1,m0,n4, attendVote=true, lastRpcSendTime=1252, lastRpcResponseTime=6530) yet, just keep nextIndex unchanged and retry.
2023-04-24 08:15:40,772 [grpc-default-executor-2] WARN  server.GrpcLogAppender (LogUtils.java:warn(122)) - 593f1123-fce2-46ce-a0f5-50a98353a86f@group-2C65884D69A9->d7f67023-bd71-4164-8161-24a8eb75dffe-AppendLogResponseHandler: Failed appendEntries: org.apache.ratis.thirdparty.io.grpc.StatusRuntimeException: UNAVAILABLE: io exception
2023-04-24 08:15:40,773 [grpc-default-executor-2] WARN  server.GrpcLogAppender (GrpcLogAppender.java:resetClient(131)) - 593f1123-fce2-46ce-a0f5-50a98353a86f@group-2C65884D69A9->d7f67023-bd71-4164-8161-24a8eb75dffe-GrpcLogAppender: Leader has not got in touch with Follower 593f1123-fce2-46ce-a0f5-50a98353a86f@group-2C65884D69A9->d7f67023-bd71-4164-8161-24a8eb75dffe(c-1,m0,n4, attendVote=true, lastRpcSendTime=1, lastRpcResponseTime=6532) yet, just keep nextIndex unchanged and retry.
2023-04-24 08:15:40,773 [grpc-default-executor-2] WARN  server.GrpcLogAppender (LogUtils.java:warn(122)) - 593f1123-fce2-46ce-a0f5-50a98353a86f@group-2C65884D69A9->d7f67023-bd71-4164-8161-24a8eb75dffe-AppendLogResponseHandler: Failed appendEntries: org.apache.ratis.thirdparty.io.grpc.StatusRuntimeException: UNAVAILABLE: io exception
2023-04-24 08:15:40,774 [grpc-default-executor-2] WARN  server.GrpcLogAppender (GrpcLogAppender.java:resetClient(131)) - 593f1123-fce2-46ce-a0f5-50a98353a86f@group-2C65884D69A9->d7f67023-bd71-4164-8161-24a8eb75dffe-GrpcLogAppender: Leader has not got in touch with Follower 593f1123-fce2-46ce-a0f5-50a98353a86f@group-2C65884D69A9->d7f67023-bd71-4164-8161-24a8eb75dffe(c-1,m0,n4, attendVote=true, lastRpcSendTime=2, lastRpcResponseTime=6533) yet, just keep nextIndex unchanged and retry.
2023-04-24 08:15:40,791 [BlockDeletingService#1] INFO  interfaces.ContainerDeletionChoosingPolicyTemplate (ContainerDeletionChoosingPolicyTemplate.java:chooseContainerForBlockDeletion(83)) - Chosen 0/5000 blocks from 0 candidate containers.
2023-04-24 08:15:40,793 [BlockDeletingService#2] INFO  interfaces.ContainerDeletionChoosingPolicyTemplate (ContainerDeletionChoosingPolicyTemplate.java:chooseContainerForBlockDeletion(83)) - Chosen 0/5000 blocks from 0 candidate containers.
2023-04-24 08:15:40,892 [BlockDeletingService#1] INFO  interfaces.ContainerDeletionChoosingPolicyTemplate (ContainerDeletionChoosingPolicyTemplate.java:chooseContainerForBlockDeletion(83)) - Chosen 0/5000 blocks from 0 candidate containers.
2023-04-24 08:15:40,893 [BlockDeletingService#2] INFO  interfaces.ContainerDeletionChoosingPolicyTemplate (ContainerDeletionChoosingPolicyTemplate.java:chooseContainerForBlockDeletion(83)) - Chosen 0/5000 blocks from 0 candidate containers.
2023-04-24 08:15:40,992 [BlockDeletingService#1] INFO  interfaces.ContainerDeletionChoosingPolicyTemplate (ContainerDeletionChoosingPolicyTemplate.java:chooseContainerForBlockDeletion(83)) - Chosen 0/5000 blocks from 0 candidate containers.
2023-04-24 08:15:40,993 [BlockDeletingService#2] INFO  interfaces.ContainerDeletionChoosingPolicyTemplate (ContainerDeletionChoosingPolicyTemplate.java:chooseContainerForBlockDeletion(83)) - Chosen 0/5000 blocks from 0 candidate containers.
2023-04-24 08:15:41,092 [BlockDeletingService#1] INFO  interfaces.ContainerDeletionChoosingPolicyTemplate (ContainerDeletionChoosingPolicyTemplate.java:chooseContainerForBlockDeletion(83)) - Chosen 0/5000 blocks from 0 candidate containers.
2023-04-24 08:15:41,093 [BlockDeletingService#2] INFO  interfaces.ContainerDeletionChoosingPolicyTemplate (ContainerDeletionChoosingPolicyTemplate.java:chooseContainerForBlockDeletion(83)) - Chosen 0/5000 blocks from 0 candidate containers.
2023-04-24 08:15:41,192 [BlockDeletingService#1] INFO  interfaces.ContainerDeletionChoosingPolicyTemplate (ContainerDeletionChoosingPolicyTemplate.java:chooseContainerForBlockDeletion(83)) - Chosen 0/5000 blocks from 0 candidate containers.
2023-04-24 08:15:41,193 [BlockDeletingService#2] INFO  interfaces.ContainerDeletionChoosingPolicyTemplate (ContainerDeletionChoosingPolicyTemplate.java:chooseContainerForBlockDeletion(83)) - Chosen 0/5000 blocks from 0 candidate containers.
2023-04-24 08:15:41,292 [BlockDeletingService#1] INFO  interfaces.ContainerDeletionChoosingPolicyTemplate (ContainerDeletionChoosingPolicyTemplate.java:chooseContainerForBlockDeletion(83)) - Chosen 0/5000 blocks from 0 candidate containers.
2023-04-24 08:15:41,294 [BlockDeletingService#2] INFO  interfaces.ContainerDeletionChoosingPolicyTemplate (ContainerDeletionChoosingPolicyTemplate.java:chooseContainerForBlockDeletion(83)) - Chosen 0/5000 blocks from 0 candidate containers.
2023-04-24 08:15:41,393 [BlockDeletingService#1] INFO  interfaces.ContainerDeletionChoosingPolicyTemplate (ContainerDeletionChoosingPolicyTemplate.java:chooseContainerForBlockDeletion(83)) - Chosen 0/5000 blocks from 0 candidate containers.
2023-04-24 08:15:41,394 [BlockDeletingService#2] INFO  interfaces.ContainerDeletionChoosingPolicyTemplate (ContainerDeletionChoosingPolicyTemplate.java:chooseContainerForBlockDeletion(83)) - Chosen 0/5000 blocks from 0 candidate containers.
2023-04-24 08:15:41,493 [BlockDeletingService#1] INFO  interfaces.ContainerDeletionChoosingPolicyTemplate (ContainerDeletionChoosingPolicyTemplate.java:chooseContainerForBlockDeletion(83)) - Chosen 0/5000 blocks from 0 candidate containers.
2023-04-24 08:15:41,494 [BlockDeletingService#2] INFO  interfaces.ContainerDeletionChoosingPolicyTemplate (ContainerDeletionChoosingPolicyTemplate.java:chooseContainerForBlockDeletion(83)) - Chosen 0/5000 blocks from 0 candidate containers.
2023-04-24 08:15:41,585 [null-request--thread1] INFO  server.GrpcClientProtocolService (GrpcClientProtocolService.java:lambda$processClientRequest$0(284)) - Failed RaftClientRequest:client-230F0C941089->593f1123-fce2-46ce-a0f5-50a98353a86f@group-2C65884D69A9, cid=7, seq=0, Watch-ALL_COMMITTED(2), Message:<EMPTY>, reply=RaftClientReply:client-230F0C941089->593f1123-fce2-46ce-a0f5-50a98353a86f@group-2C65884D69A9, cid=7, FAILED org.apache.ratis.protocol.exceptions.NotReplicatedException: Request with call Id 7 and log index 2 is not yet replicated to ALL_COMMITTED, logIndex=2, commits[593f1123-fce2-46ce-a0f5-50a98353a86f:c3, 444322bb-4321-4e38-998a-96758a8a198b:c3, d7f67023-bd71-4164-8161-24a8eb75dffe:c-1]
2023-04-24 08:15:41,592 [Listener at 127.0.0.1/40959] WARN  scm.XceiverClientRatis (XceiverClientRatis.java:watchForCommit(291)) - 3 way commit failed on pipeline Pipeline[ Id: 28a339a4-75ef-4360-898e-2c65884d69a9, Nodes: 444322bb-4321-4e38-998a-96758a8a198b(fv-az212-956.zlodpucb4l4udavnfxg5s20dva.cx.internal.cloudapp.net/10.1.0.80)593f1123-fce2-46ce-a0f5-50a98353a86f(fv-az212-956.zlodpucb4l4udavnfxg5s20dva.cx.internal.cloudapp.net/10.1.0.80)d7f67023-bd71-4164-8161-24a8eb75dffe(fv-az212-956.zlodpucb4l4udavnfxg5s20dva.cx.internal.cloudapp.net/10.1.0.80), ReplicationConfig: RATIS/THREE, State:OPEN, leaderId:593f1123-fce2-46ce-a0f5-50a98353a86f, CreationTimestamp2023-04-24T08:15:25.916Z[Etc/UTC]]
java.util.concurrent.ExecutionException: org.apache.ratis.protocol.exceptions.NotReplicatedException: Request with call Id 7 and log index 2 is not yet replicated to ALL_COMMITTED
	at java.util.concurrent.CompletableFuture.reportGet(CompletableFuture.java:357)
	at java.util.concurrent.CompletableFuture.get(CompletableFuture.java:1908)
	at org.apache.hadoop.hdds.scm.XceiverClientRatis.watchForCommit(XceiverClientRatis.java:285)
	at org.apache.hadoop.hdds.scm.storage.CommitWatcher.watchForCommit(CommitWatcher.java:199)
	at org.apache.hadoop.hdds.scm.storage.CommitWatcher.watchOnLastIndex(CommitWatcher.java:166)
	at org.apache.hadoop.hdds.scm.storage.RatisBlockOutputStream.sendWatchForCommit(RatisBlockOutputStream.java:106)
	at org.apache.hadoop.hdds.scm.storage.BlockOutputStream.watchForCommit(BlockOutputStream.java:417)
	at org.apache.hadoop.hdds.scm.storage.BlockOutputStream.handleFlushInternal(BlockOutputStream.java:583)
	at org.apache.hadoop.hdds.scm.storage.BlockOutputStream.handleFlush(BlockOutputStream.java:545)
	at org.apache.hadoop.hdds.scm.storage.BlockOutputStream.close(BlockOutputStream.java:596)
	at org.apache.hadoop.ozone.client.io.BlockOutputStreamEntry.close(BlockOutputStreamEntry.java:158)
	at org.apache.hadoop.ozone.client.io.KeyOutputStream.handleStreamAction(KeyOutputStream.java:525)
	at org.apache.hadoop.ozone.client.io.KeyOutputStream.handleFlushOrClose(KeyOutputStream.java:499)
	at org.apache.hadoop.ozone.client.io.KeyOutputStream.close(KeyOutputStream.java:555)
	at org.apache.hadoop.ozone.client.io.OzoneOutputStream.close(OzoneOutputStream.java:68)
	at org.apache.hadoop.ozone.client.rpc.TestDeleteWithSlowFollower.testDeleteKeyWithSlowFollower(TestDeleteWithSlowFollower.java:245)
	at sun.reflect.NativeMethodAccessorImpl.invoke0(Native Method)
	at sun.reflect.NativeMethodAccessorImpl.invoke(NativeMethodAccessorImpl.java:62)
	at sun.reflect.DelegatingMethodAccessorImpl.invoke(DelegatingMethodAccessorImpl.java:43)
	at java.lang.reflect.Method.invoke(Method.java:498)
	at org.junit.runners.model.FrameworkMethod$1.runReflectiveCall(FrameworkMethod.java:59)
	at org.junit.internal.runners.model.ReflectiveCallable.run(ReflectiveCallable.java:12)
	at org.junit.runners.model.FrameworkMethod.invokeExplosively(FrameworkMethod.java:56)
	at org.junit.internal.runners.statements.InvokeMethod.evaluate(InvokeMethod.java:17)
	at org.junit.runners.ParentRunner$3.evaluate(ParentRunner.java:306)
	at org.junit.runners.BlockJUnit4ClassRunner$1.evaluate(BlockJUnit4ClassRunner.java:100)
	at org.junit.runners.ParentRunner.runLeaf(ParentRunner.java:366)
	at org.junit.runners.BlockJUnit4ClassRunner.runChild(BlockJUnit4ClassRunner.java:103)
	at org.junit.runners.BlockJUnit4ClassRunner.runChild(BlockJUnit4ClassRunner.java:63)
	at org.junit.runners.ParentRunner$4.run(ParentRunner.java:331)
	at org.junit.runners.ParentRunner$1.schedule(ParentRunner.java:79)
	at org.junit.runners.ParentRunner.runChildren(ParentRunner.java:329)
	at org.junit.runners.ParentRunner.access$100(ParentRunner.java:66)
	at org.junit.runners.ParentRunner$2.evaluate(ParentRunner.java:293)
	at org.junit.internal.runners.statements.RunBefores.evaluate(RunBefores.java:26)
	at org.junit.internal.runners.statements.RunAfters.evaluate(RunAfters.java:27)
	at org.junit.runners.ParentRunner$3.evaluate(ParentRunner.java:306)
	at org.junit.runners.ParentRunner.run(ParentRunner.java:413)
	at org.junit.runner.JUnitCore.run(JUnitCore.java:137)
	at org.junit.runner.JUnitCore.run(JUnitCore.java:115)
	at org.junit.vintage.engine.execution.RunnerExecutor.execute(RunnerExecutor.java:42)
	at org.junit.vintage.engine.VintageTestEngine.executeAllChildren(VintageTestEngine.java:80)
	at org.junit.vintage.engine.VintageTestEngine.execute(VintageTestEngine.java:72)
	at org.junit.platform.launcher.core.EngineExecutionOrchestrator.execute(EngineExecutionOrchestrator.java:107)
	at org.junit.platform.launcher.core.EngineExecutionOrchestrator.execute(EngineExecutionOrchestrator.java:88)
	at org.junit.platform.launcher.core.EngineExecutionOrchestrator.lambda$execute$0(EngineExecutionOrchestrator.java:54)
	at org.junit.platform.launcher.core.EngineExecutionOrchestrator.withInterceptedStreams(EngineExecutionOrchestrator.java:67)
	at org.junit.platform.launcher.core.EngineExecutionOrchestrator.execute(EngineExecutionOrchestrator.java:52)
	at org.junit.platform.launcher.core.DefaultLauncher.execute(DefaultLauncher.java:114)
	at org.junit.platform.launcher.core.DefaultLauncher.execute(DefaultLauncher.java:86)
	at org.junit.platform.launcher.core.DefaultLauncherSession$DelegatingLauncher.execute(DefaultLauncherSession.java:86)
	at org.junit.platform.launcher.core.SessionPerRequestLauncher.execute(SessionPerRequestLauncher.java:53)
	at org.apache.maven.surefire.junitplatform.JUnitPlatformProvider.execute(JUnitPlatformProvider.java:188)
	at org.apache.maven.surefire.junitplatform.JUnitPlatformProvider.invokeAllTests(JUnitPlatformProvider.java:154)
	at org.apache.maven.surefire.junitplatform.JUnitPlatformProvider.invoke(JUnitPlatformProvider.java:124)
	at org.apache.maven.surefire.booter.ForkedBooter.runSuitesInProcess(ForkedBooter.java:428)
	at org.apache.maven.surefire.booter.ForkedBooter.execute(ForkedBooter.java:162)
	at org.apache.maven.surefire.booter.ForkedBooter.run(ForkedBooter.java:562)
	at org.apache.maven.surefire.booter.ForkedBooter.main(ForkedBooter.java:548)
Caused by: org.apache.ratis.protocol.exceptions.NotReplicatedException: Request with call Id 7 and log index 2 is not yet replicated to ALL_COMMITTED
	at org.apache.ratis.client.impl.ClientProtoUtils.toRaftClientReply(ClientProtoUtils.java:381)
	at org.apache.ratis.grpc.client.GrpcClientProtocolClient$AsyncStreamObservers$1.onNext(GrpcClientProtocolClient.java:310)
	at org.apache.ratis.grpc.client.GrpcClientProtocolClient$AsyncStreamObservers$1.onNext(GrpcClientProtocolClient.java:305)
	at org.apache.ratis.thirdparty.io.grpc.stub.ClientCalls$StreamObserverToCallListenerAdapter.onMessage(ClientCalls.java:474)
	at org.apache.ratis.thirdparty.io.grpc.ForwardingClientCallListener.onMessage(ForwardingClientCallListener.java:33)
	at org.apache.ratis.thirdparty.io.grpc.internal.ClientCallImpl$ClientStreamListenerImpl$1MessagesAvailable.runInternal(ClientCallImpl.java:661)
	at org.apache.ratis.thirdparty.io.grpc.internal.ClientCallImpl$ClientStreamListenerImpl$1MessagesAvailable.runInContext(ClientCallImpl.java:646)
	at org.apache.ratis.thirdparty.io.grpc.internal.ContextRunnable.run(ContextRunnable.java:37)
	at org.apache.ratis.thirdparty.io.grpc.internal.SerializingExecutor.run(SerializingExecutor.java:133)
	at java.util.concurrent.ThreadPoolExecutor.runWorker(ThreadPoolExecutor.java:1149)
	at java.util.concurrent.ThreadPoolExecutor$Worker.run(ThreadPoolExecutor.java:624)
	at java.lang.Thread.run(Thread.java:750)
2023-04-24 08:15:41,594 [BlockDeletingService#1] INFO  interfaces.ContainerDeletionChoosingPolicyTemplate (ContainerDeletionChoosingPolicyTemplate.java:chooseContainerForBlockDeletion(83)) - Chosen 0/5000 blocks from 0 candidate containers.
2023-04-24 08:15:41,596 [BlockDeletingService#2] INFO  interfaces.ContainerDeletionChoosingPolicyTemplate (ContainerDeletionChoosingPolicyTemplate.java:chooseContainerForBlockDeletion(83)) - Chosen 0/5000 blocks from 0 candidate containers.
2023-04-24 08:15:41,602 [Listener at 127.0.0.1/40959] INFO  scm.XceiverClientRatis (XceiverClientRatis.java:lambda$watchForCommit$4(309)) - Could not commit index 2 on pipeline Pipeline[ Id: 28a339a4-75ef-4360-898e-2c65884d69a9, Nodes: 444322bb-4321-4e38-998a-96758a8a198b(fv-az212-956.zlodpucb4l4udavnfxg5s20dva.cx.internal.cloudapp.net/10.1.0.80)593f1123-fce2-46ce-a0f5-50a98353a86f(fv-az212-956.zlodpucb4l4udavnfxg5s20dva.cx.internal.cloudapp.net/10.1.0.80)d7f67023-bd71-4164-8161-24a8eb75dffe(fv-az212-956.zlodpucb4l4udavnfxg5s20dva.cx.internal.cloudapp.net/10.1.0.80), ReplicationConfig: RATIS/THREE, State:OPEN, leaderId:593f1123-fce2-46ce-a0f5-50a98353a86f, CreationTimestamp2023-04-24T08:15:25.916Z[Etc/UTC]] to all the nodes. Server d7f67023-bd71-4164-8161-24a8eb75dffe has failed. Committed by majority.
2023-04-24 08:15:41,603 [Listener at 127.0.0.1/40959] WARN  storage.BlockOutputStream (BlockOutputStream.java:watchForCommit(423)) - Failed to commit BlockId conID: 1 locID: 111677748019200001 bcsId: 2 on Pipeline[ Id: 28a339a4-75ef-4360-898e-2c65884d69a9, Nodes: 444322bb-4321-4e38-998a-96758a8a198b(fv-az212-956.zlodpucb4l4udavnfxg5s20dva.cx.internal.cloudapp.net/10.1.0.80)593f1123-fce2-46ce-a0f5-50a98353a86f(fv-az212-956.zlodpucb4l4udavnfxg5s20dva.cx.internal.cloudapp.net/10.1.0.80)d7f67023-bd71-4164-8161-24a8eb75dffe(fv-az212-956.zlodpucb4l4udavnfxg5s20dva.cx.internal.cloudapp.net/10.1.0.80), ReplicationConfig: RATIS/THREE, State:OPEN, leaderId:593f1123-fce2-46ce-a0f5-50a98353a86f, CreationTimestamp2023-04-24T08:15:25.916Z[Etc/UTC]]. Failed nodes: [d7f67023-bd71-4164-8161-24a8eb75dffe(null/null)]
2023-04-24 08:15:41,645 [grpc-default-executor-4] WARN  server.GrpcLogAppender (LogUtils.java:warn(122)) - 593f1123-fce2-46ce-a0f5-50a98353a86f@group-2C65884D69A9->d7f67023-bd71-4164-8161-24a8eb75dffe-AppendLogResponseHandler: Failed appendEntries: org.apache.ratis.thirdparty.io.grpc.StatusRuntimeException: UNAVAILABLE: io exception
2023-04-24 08:15:41,648 [grpc-default-executor-4] WARN  server.GrpcLogAppender (GrpcLogAppender.java:resetClient(131)) - 593f1123-fce2-46ce-a0f5-50a98353a86f@group-2C65884D69A9->d7f67023-bd71-4164-8161-24a8eb75dffe-GrpcLogAppender: Leader has not got in touch with Follower 593f1123-fce2-46ce-a0f5-50a98353a86f@group-2C65884D69A9->d7f67023-bd71-4164-8161-24a8eb75dffe(c-1,m0,n5, attendVote=true, lastRpcSendTime=2, lastRpcResponseTime=7407) yet, just keep nextIndex unchanged and retry.
2023-04-24 08:15:41,646 [grpc-default-executor-2] WARN  server.GrpcLogAppender (LogUtils.java:warn(122)) - 593f1123-fce2-46ce-a0f5-50a98353a86f@group-2C65884D69A9->d7f67023-bd71-4164-8161-24a8eb75dffe-AppendLogResponseHandler: Failed appendEntries: org.apache.ratis.thirdparty.io.grpc.StatusRuntimeException: UNAVAILABLE: io exception
2023-04-24 08:15:41,650 [grpc-default-executor-2] WARN  server.GrpcLogAppender (GrpcLogAppender.java:resetClient(131)) - 593f1123-fce2-46ce-a0f5-50a98353a86f@group-2C65884D69A9->d7f67023-bd71-4164-8161-24a8eb75dffe-GrpcLogAppender: Leader has not got in touch with Follower 593f1123-fce2-46ce-a0f5-50a98353a86f@group-2C65884D69A9->d7f67023-bd71-4164-8161-24a8eb75dffe(c-1,m0,n5, attendVote=true, lastRpcSendTime=4, lastRpcResponseTime=7409) yet, just keep nextIndex unchanged and retry.
2023-04-24 08:15:41,653 [grpc-default-executor-2] WARN  server.GrpcLogAppender (LogUtils.java:warn(122)) - 593f1123-fce2-46ce-a0f5-50a98353a86f@group-2C65884D69A9->d7f67023-bd71-4164-8161-24a8eb75dffe-AppendLogResponseHandler: Failed appendEntries: org.apache.ratis.thirdparty.io.grpc.StatusRuntimeException: UNAVAILABLE: io exception
2023-04-24 08:15:41,653 [grpc-default-executor-2] WARN  server.GrpcLogAppender (GrpcLogAppender.java:resetClient(131)) - 593f1123-fce2-46ce-a0f5-50a98353a86f@group-2C65884D69A9->d7f67023-bd71-4164-8161-24a8eb75dffe-GrpcLogAppender: Leader has not got in touch with Follower 593f1123-fce2-46ce-a0f5-50a98353a86f@group-2C65884D69A9->d7f67023-bd71-4164-8161-24a8eb75dffe(c-1,m0,n6, attendVote=true, lastRpcSendTime=0, lastRpcResponseTime=7412) yet, just keep nextIndex unchanged and retry.
2023-04-24 08:15:41,655 [grpc-default-executor-1] WARN  server.GrpcLogAppender (LogUtils.java:warn(122)) - 593f1123-fce2-46ce-a0f5-50a98353a86f@group-2C65884D69A9->d7f67023-bd71-4164-8161-24a8eb75dffe-AppendLogResponseHandler: Failed appendEntries: org.apache.ratis.thirdparty.io.grpc.StatusRuntimeException: UNAVAILABLE: io exception
2023-04-24 08:15:41,656 [grpc-default-executor-1] WARN  server.GrpcLogAppender (GrpcLogAppender.java:resetClient(131)) - 593f1123-fce2-46ce-a0f5-50a98353a86f@group-2C65884D69A9->d7f67023-bd71-4164-8161-24a8eb75dffe-GrpcLogAppender: Leader has not got in touch with Follower 593f1123-fce2-46ce-a0f5-50a98353a86f@group-2C65884D69A9->d7f67023-bd71-4164-8161-24a8eb75dffe(c-1,m0,n6, attendVote=true, lastRpcSendTime=2, lastRpcResponseTime=7415) yet, just keep nextIndex unchanged and retry.
2023-04-24 08:15:41,668 [FixedThreadPoolWithAffinityExecutor-9-0] WARN  container.IncrementalContainerReportHandler (AbstractContainerReportHandler.java:updateContainerState(259)) - Container #1 is in OPEN state, but the datanode 444322bb-4321-4e38-998a-96758a8a198b(fv-az212-956.zlodpucb4l4udavnfxg5s20dva.cx.internal.cloudapp.net/10.1.0.80) reports an CLOSING replica.
2023-04-24 08:15:41,669 [ContainerOp-28a339a4-75ef-4360-898e-2c65884d69a9-2] INFO  keyvalue.KeyValueContainer (KeyValueContainer.java:flushAndSyncDB(446)) - Container 1 is synced with bcsId 2.
2023-04-24 08:15:41,669 [ContainerOp-28a339a4-75ef-4360-898e-2c65884d69a9-2] INFO  keyvalue.KeyValueContainer (KeyValueContainer.java:flushAndSyncDB(446)) - Container 1 is synced with bcsId 2.
2023-04-24 08:15:41,674 [ContainerOp-28a339a4-75ef-4360-898e-2c65884d69a9-2] INFO  keyvalue.KeyValueContainer (KeyValueContainer.java:close(361)) - Container 1 is closed with bcsId 2.
2023-04-24 08:15:41,675 [FixedThreadPoolWithAffinityExecutor-9-0] WARN  container.IncrementalContainerReportHandler (AbstractContainerReportHandler.java:updateContainerState(259)) - Container #1 is in OPEN state, but the datanode 444322bb-4321-4e38-998a-96758a8a198b(fv-az212-956.zlodpucb4l4udavnfxg5s20dva.cx.internal.cloudapp.net/10.1.0.80) reports an CLOSED replica.
2023-04-24 08:15:41,677 [FixedThreadPoolWithAffinityExecutor-9-0] WARN  container.IncrementalContainerReportHandler (AbstractContainerReportHandler.java:updateContainerState(259)) - Container #1 is in OPEN state, but the datanode 593f1123-fce2-46ce-a0f5-50a98353a86f(fv-az212-956.zlodpucb4l4udavnfxg5s20dva.cx.internal.cloudapp.net/10.1.0.80) reports an CLOSING replica.
2023-04-24 08:15:41,677 [ContainerOp-28a339a4-75ef-4360-898e-2c65884d69a9-2] INFO  keyvalue.KeyValueContainer (KeyValueContainer.java:flushAndSyncDB(446)) - Container 1 is synced with bcsId 2.
2023-04-24 08:15:41,681 [ContainerOp-28a339a4-75ef-4360-898e-2c65884d69a9-2] INFO  keyvalue.KeyValueContainer (KeyValueContainer.java:flushAndSyncDB(446)) - Container 1 is synced with bcsId 2.
2023-04-24 08:15:41,684 [ContainerOp-28a339a4-75ef-4360-898e-2c65884d69a9-2] INFO  keyvalue.KeyValueContainer (KeyValueContainer.java:close(361)) - Container 1 is closed with bcsId 2.
2023-04-24 08:15:41,685 [FixedThreadPoolWithAffinityExecutor-9-0] WARN  container.IncrementalContainerReportHandler (AbstractContainerReportHandler.java:updateContainerState(259)) - Container #1 is in OPEN state, but the datanode 593f1123-fce2-46ce-a0f5-50a98353a86f(fv-az212-956.zlodpucb4l4udavnfxg5s20dva.cx.internal.cloudapp.net/10.1.0.80) reports an CLOSED replica.
2023-04-24 08:15:41,727 [BlockDeletingService#2] INFO  interfaces.ContainerDeletionChoosingPolicyTemplate (ContainerDeletionChoosingPolicyTemplate.java:chooseContainerForBlockDeletion(83)) - Chosen 0/5000 blocks from 0 candidate containers.
2023-04-24 08:15:41,728 [BlockDeletingService#1] INFO  interfaces.ContainerDeletionChoosingPolicyTemplate (ContainerDeletionChoosingPolicyTemplate.java:chooseContainerForBlockDeletion(83)) - Chosen 0/5000 blocks from 0 candidate containers.
2023-04-24 08:15:41,828 [BlockDeletingService#2] INFO  interfaces.ContainerDeletionChoosingPolicyTemplate (ContainerDeletionChoosingPolicyTemplate.java:chooseContainerForBlockDeletion(83)) - Chosen 0/5000 blocks from 0 candidate containers.
2023-04-24 08:15:41,828 [BlockDeletingService#1] INFO  interfaces.ContainerDeletionChoosingPolicyTemplate (ContainerDeletionChoosingPolicyTemplate.java:chooseContainerForBlockDeletion(83)) - Chosen 0/5000 blocks from 0 candidate containers.
2023-04-24 08:15:41,876 [FixedThreadPoolWithAffinityExecutor-9-0] WARN  container.ContainerReportHandler (AbstractContainerReportHandler.java:updateContainerState(259)) - Container #1 is in OPEN state, but the datanode 444322bb-4321-4e38-998a-96758a8a198b(fv-az212-956.zlodpucb4l4udavnfxg5s20dva.cx.internal.cloudapp.net/10.1.0.80) reports an CLOSED replica.
2023-04-24 08:15:41,884 [FixedThreadPoolWithAffinityExecutor-9-0] WARN  container.ContainerReportHandler (AbstractContainerReportHandler.java:updateContainerState(259)) - Container #1 is in OPEN state, but the datanode 593f1123-fce2-46ce-a0f5-50a98353a86f(fv-az212-956.zlodpucb4l4udavnfxg5s20dva.cx.internal.cloudapp.net/10.1.0.80) reports an CLOSED replica.
2023-04-24 08:15:41,928 [BlockDeletingService#2] INFO  interfaces.ContainerDeletionChoosingPolicyTemplate (ContainerDeletionChoosingPolicyTemplate.java:chooseContainerForBlockDeletion(83)) - Chosen 0/5000 blocks from 0 candidate containers.
2023-04-24 08:15:41,928 [BlockDeletingService#1] INFO  interfaces.ContainerDeletionChoosingPolicyTemplate (ContainerDeletionChoosingPolicyTemplate.java:chooseContainerForBlockDeletion(83)) - Chosen 0/5000 blocks from 0 candidate containers.
2023-04-24 08:15:42,021 [grpc-default-executor-1] WARN  server.GrpcLogAppender (LogUtils.java:warn(122)) - 593f1123-fce2-46ce-a0f5-50a98353a86f@group-2C65884D69A9->d7f67023-bd71-4164-8161-24a8eb75dffe-AppendLogResponseHandler: Failed appendEntries: org.apache.ratis.thirdparty.io.grpc.StatusRuntimeException: UNAVAILABLE: io exception
2023-04-24 08:15:42,022 [grpc-default-executor-2] WARN  server.GrpcLogAppender (LogUtils.java:warn(122)) - 593f1123-fce2-46ce-a0f5-50a98353a86f@group-2C65884D69A9->d7f67023-bd71-4164-8161-24a8eb75dffe-AppendLogResponseHandler: Failed appendEntries: org.apache.ratis.thirdparty.io.grpc.StatusRuntimeException: UNAVAILABLE: io exception
2023-04-24 08:15:42,023 [grpc-default-executor-1] WARN  server.GrpcLogAppender (GrpcLogAppender.java:resetClient(131)) - 593f1123-fce2-46ce-a0f5-50a98353a86f@group-2C65884D69A9->d7f67023-bd71-4164-8161-24a8eb75dffe-GrpcLogAppender: Leader has not got in touch with Follower 593f1123-fce2-46ce-a0f5-50a98353a86f@group-2C65884D69A9->d7f67023-bd71-4164-8161-24a8eb75dffe(c-1,m0,n6, attendVote=true, lastRpcSendTime=369, lastRpcResponseTime=7782) yet, just keep nextIndex unchanged and retry.
2023-04-24 08:15:42,024 [grpc-default-executor-2] WARN  server.GrpcLogAppender (GrpcLogAppender.java:resetClient(131)) - 593f1123-fce2-46ce-a0f5-50a98353a86f@group-2C65884D69A9->d7f67023-bd71-4164-8161-24a8eb75dffe-GrpcLogAppender: Leader has not got in touch with Follower 593f1123-fce2-46ce-a0f5-50a98353a86f@group-2C65884D69A9->d7f67023-bd71-4164-8161-24a8eb75dffe(c-1,m0,n6, attendVote=true, lastRpcSendTime=371, lastRpcResponseTime=7783) yet, just keep nextIndex unchanged and retry.
2023-04-24 08:15:42,026 [grpc-default-executor-2] WARN  server.GrpcLogAppender (LogUtils.java:warn(122)) - 593f1123-fce2-46ce-a0f5-50a98353a86f@group-2C65884D69A9->d7f67023-bd71-4164-8161-24a8eb75dffe-AppendLogResponseHandler: Failed appendEntries: org.apache.ratis.thirdparty.io.grpc.StatusRuntimeException: UNAVAILABLE: io exception
2023-04-24 08:15:42,026 [grpc-default-executor-1] WARN  server.GrpcLogAppender (LogUtils.java:warn(122)) - 593f1123-fce2-46ce-a0f5-50a98353a86f@group-2C65884D69A9->d7f67023-bd71-4164-8161-24a8eb75dffe-AppendLogResponseHandler: Failed appendEntries: org.apache.ratis.thirdparty.io.grpc.StatusRuntimeException: UNAVAILABLE: io exception
2023-04-24 08:15:42,026 [grpc-default-executor-2] WARN  server.GrpcLogAppender (GrpcLogAppender.java:resetClient(131)) - 593f1123-fce2-46ce-a0f5-50a98353a86f@group-2C65884D69A9->d7f67023-bd71-4164-8161-24a8eb75dffe-GrpcLogAppender: Leader has not got in touch with Follower 593f1123-fce2-46ce-a0f5-50a98353a86f@group-2C65884D69A9->d7f67023-bd71-4164-8161-24a8eb75dffe(c-1,m0,n6, attendVote=true, lastRpcSendTime=373, lastRpcResponseTime=7785) yet, just keep nextIndex unchanged and retry.
2023-04-24 08:15:42,028 [grpc-default-executor-1] WARN  server.GrpcLogAppender (GrpcLogAppender.java:resetClient(131)) - 593f1123-fce2-46ce-a0f5-50a98353a86f@group-2C65884D69A9->d7f67023-bd71-4164-8161-24a8eb75dffe-GrpcLogAppender: Leader has not got in touch with Follower 593f1123-fce2-46ce-a0f5-50a98353a86f@group-2C65884D69A9->d7f67023-bd71-4164-8161-24a8eb75dffe(c-1,m0,n6, attendVote=true, lastRpcSendTime=375, lastRpcResponseTime=7787) yet, just keep nextIndex unchanged and retry.
2023-04-24 08:15:42,029 [BlockDeletingService#2] INFO  interfaces.ContainerDeletionChoosingPolicyTemplate (ContainerDeletionChoosingPolicyTemplate.java:chooseContainerForBlockDeletion(83)) - Chosen 0/5000 blocks from 0 candidate containers.
2023-04-24 08:15:42,029 [BlockDeletingService#1] INFO  interfaces.ContainerDeletionChoosingPolicyTemplate (ContainerDeletionChoosingPolicyTemplate.java:chooseContainerForBlockDeletion(83)) - Chosen 0/5000 blocks from 0 candidate containers.
2023-04-24 08:15:42,031 [grpc-default-executor-1] WARN  server.GrpcLogAppender (LogUtils.java:warn(122)) - 593f1123-fce2-46ce-a0f5-50a98353a86f@group-2C65884D69A9->d7f67023-bd71-4164-8161-24a8eb75dffe-AppendLogResponseHandler: Failed appendEntries: org.apache.ratis.thirdparty.io.grpc.StatusRuntimeException: UNAVAILABLE: io exception
2023-04-24 08:15:42,031 [grpc-default-executor-2] WARN  server.GrpcLogAppender (LogUtils.java:warn(122)) - 593f1123-fce2-46ce-a0f5-50a98353a86f@group-2C65884D69A9->d7f67023-bd71-4164-8161-24a8eb75dffe-AppendLogResponseHandler: Failed appendEntries: org.apache.ratis.thirdparty.io.grpc.StatusRuntimeException: UNAVAILABLE: io exception
2023-04-24 08:15:42,032 [grpc-default-executor-1] WARN  server.GrpcLogAppender (GrpcLogAppender.java:resetClient(131)) - 593f1123-fce2-46ce-a0f5-50a98353a86f@group-2C65884D69A9->d7f67023-bd71-4164-8161-24a8eb75dffe-GrpcLogAppender: Leader has not got in touch with Follower 593f1123-fce2-46ce-a0f5-50a98353a86f@group-2C65884D69A9->d7f67023-bd71-4164-8161-24a8eb75dffe(c-1,m0,n6, attendVote=true, lastRpcSendTime=378, lastRpcResponseTime=7791) yet, just keep nextIndex unchanged and retry.
2023-04-24 08:15:42,032 [grpc-default-executor-2] WARN  server.GrpcLogAppender (GrpcLogAppender.java:resetClient(131)) - 593f1123-fce2-46ce-a0f5-50a98353a86f@group-2C65884D69A9->d7f67023-bd71-4164-8161-24a8eb75dffe-GrpcLogAppender: Leader has not got in touch with Follower 593f1123-fce2-46ce-a0f5-50a98353a86f@group-2C65884D69A9->d7f67023-bd71-4164-8161-24a8eb75dffe(c-1,m0,n6, attendVote=true, lastRpcSendTime=379, lastRpcResponseTime=7791) yet, just keep nextIndex unchanged and retry.
2023-04-24 08:15:42,033 [grpc-default-executor-2] WARN  server.GrpcLogAppender (LogUtils.java:warn(122)) - 593f1123-fce2-46ce-a0f5-50a98353a86f@group-2C65884D69A9->d7f67023-bd71-4164-8161-24a8eb75dffe-AppendLogResponseHandler: Failed appendEntries: org.apache.ratis.thirdparty.io.grpc.StatusRuntimeException: UNAVAILABLE: io exception
2023-04-24 08:15:42,033 [grpc-default-executor-2] WARN  server.GrpcLogAppender (GrpcLogAppender.java:resetClient(131)) - 593f1123-fce2-46ce-a0f5-50a98353a86f@group-2C65884D69A9->d7f67023-bd71-4164-8161-24a8eb75dffe-GrpcLogAppender: Leader has not got in touch with Follower 593f1123-fce2-46ce-a0f5-50a98353a86f@group-2C65884D69A9->d7f67023-bd71-4164-8161-24a8eb75dffe(c-1,m0,n6, attendVote=true, lastRpcSendTime=380, lastRpcResponseTime=7792) yet, just keep nextIndex unchanged and retry.
2023-04-24 08:15:42,034 [grpc-default-executor-2] WARN  server.GrpcLogAppender (LogUtils.java:warn(122)) - 593f1123-fce2-46ce-a0f5-50a98353a86f@group-2C65884D69A9->d7f67023-bd71-4164-8161-24a8eb75dffe-AppendLogResponseHandler: Failed appendEntries: org.apache.ratis.thirdparty.io.grpc.StatusRuntimeException: UNAVAILABLE: io exception
2023-04-24 08:15:42,034 [grpc-default-executor-2] WARN  server.GrpcLogAppender (GrpcLogAppender.java:resetClient(131)) - 593f1123-fce2-46ce-a0f5-50a98353a86f@group-2C65884D69A9->d7f67023-bd71-4164-8161-24a8eb75dffe-GrpcLogAppender: Leader has not got in touch with Follower 593f1123-fce2-46ce-a0f5-50a98353a86f@group-2C65884D69A9->d7f67023-bd71-4164-8161-24a8eb75dffe(c-1,m0,n6, attendVote=true, lastRpcSendTime=381, lastRpcResponseTime=7793) yet, just keep nextIndex unchanged and retry.
2023-04-24 08:15:42,035 [grpc-default-executor-2] WARN  server.GrpcLogAppender (LogUtils.java:warn(122)) - 593f1123-fce2-46ce-a0f5-50a98353a86f@group-2C65884D69A9->d7f67023-bd71-4164-8161-24a8eb75dffe-AppendLogResponseHandler: Failed appendEntries: org.apache.ratis.thirdparty.io.grpc.StatusRuntimeException: UNAVAILABLE: io exception
2023-04-24 08:15:42,035 [grpc-default-executor-2] WARN  server.GrpcLogAppender (GrpcLogAppender.java:resetClient(131)) - 593f1123-fce2-46ce-a0f5-50a98353a86f@group-2C65884D69A9->d7f67023-bd71-4164-8161-24a8eb75dffe-GrpcLogAppender: Leader has not got in touch with Follower 593f1123-fce2-46ce-a0f5-50a98353a86f@group-2C65884D69A9->d7f67023-bd71-4164-8161-24a8eb75dffe(c-1,m0,n6, attendVote=true, lastRpcSendTime=382, lastRpcResponseTime=7794) yet, just keep nextIndex unchanged and retry.
2023-04-24 08:15:42,042 [grpc-default-executor-3] WARN  server.GrpcLogAppender (LogUtils.java:warn(122)) - 593f1123-fce2-46ce-a0f5-50a98353a86f@group-2C65884D69A9->d7f67023-bd71-4164-8161-24a8eb75dffe-AppendLogResponseHandler: Failed appendEntries: org.apache.ratis.thirdparty.io.grpc.StatusRuntimeException: UNAVAILABLE: io exception
2023-04-24 08:15:42,043 [grpc-default-executor-0] WARN  server.GrpcLogAppender (LogUtils.java:warn(122)) - 593f1123-fce2-46ce-a0f5-50a98353a86f@group-2C65884D69A9->d7f67023-bd71-4164-8161-24a8eb75dffe-AppendLogResponseHandler: Failed appendEntries: org.apache.ratis.thirdparty.io.grpc.StatusRuntimeException: UNAVAILABLE: io exception
2023-04-24 08:15:42,043 [grpc-default-executor-3] WARN  server.GrpcLogAppender (GrpcLogAppender.java:resetClient(131)) - 593f1123-fce2-46ce-a0f5-50a98353a86f@group-2C65884D69A9->d7f67023-bd71-4164-8161-24a8eb75dffe-GrpcLogAppender: Leader has not got in touch with Follower 593f1123-fce2-46ce-a0f5-50a98353a86f@group-2C65884D69A9->d7f67023-bd71-4164-8161-24a8eb75dffe(c-1,m0,n6, attendVote=true, lastRpcSendTime=390, lastRpcResponseTime=7802) yet, just keep nextIndex unchanged and retry.
2023-04-24 08:15:42,043 [grpc-default-executor-0] WARN  server.GrpcLogAppender (GrpcLogAppender.java:resetClient(131)) - 593f1123-fce2-46ce-a0f5-50a98353a86f@group-2C65884D69A9->d7f67023-bd71-4164-8161-24a8eb75dffe-GrpcLogAppender: Leader has not got in touch with Follower 593f1123-fce2-46ce-a0f5-50a98353a86f@group-2C65884D69A9->d7f67023-bd71-4164-8161-24a8eb75dffe(c-1,m0,n6, attendVote=true, lastRpcSendTime=390, lastRpcResponseTime=7802) yet, just keep nextIndex unchanged and retry.
2023-04-24 08:15:42,044 [grpc-default-executor-0] WARN  server.GrpcLogAppender (LogUtils.java:warn(122)) - 593f1123-fce2-46ce-a0f5-50a98353a86f@group-2C65884D69A9->d7f67023-bd71-4164-8161-24a8eb75dffe-AppendLogResponseHandler: Failed appendEntries: org.apache.ratis.thirdparty.io.grpc.StatusRuntimeException: UNAVAILABLE: io exception
2023-04-24 08:15:42,046 [grpc-default-executor-3] WARN  server.GrpcLogAppender (LogUtils.java:warn(122)) - 593f1123-fce2-46ce-a0f5-50a98353a86f@group-2C65884D69A9->d7f67023-bd71-4164-8161-24a8eb75dffe-AppendLogResponseHandler: Failed appendEntries: org.apache.ratis.thirdparty.io.grpc.StatusRuntimeException: UNAVAILABLE: io exception
2023-04-24 08:15:42,046 [grpc-default-executor-0] WARN  server.GrpcLogAppender (GrpcLogAppender.java:resetClient(131)) - 593f1123-fce2-46ce-a0f5-50a98353a86f@group-2C65884D69A9->d7f67023-bd71-4164-8161-24a8eb75dffe-GrpcLogAppender: Leader has not got in touch with Follower 593f1123-fce2-46ce-a0f5-50a98353a86f@group-2C65884D69A9->d7f67023-bd71-4164-8161-24a8eb75dffe(c-1,m0,n6, attendVote=true, lastRpcSendTime=0, lastRpcResponseTime=7805) yet, just keep nextIndex unchanged and retry.
2023-04-24 08:15:42,046 [grpc-default-executor-3] WARN  server.GrpcLogAppender (GrpcLogAppender.java:resetClient(131)) - 593f1123-fce2-46ce-a0f5-50a98353a86f@group-2C65884D69A9->d7f67023-bd71-4164-8161-24a8eb75dffe-GrpcLogAppender: Leader has not got in touch with Follower 593f1123-fce2-46ce-a0f5-50a98353a86f@group-2C65884D69A9->d7f67023-bd71-4164-8161-24a8eb75dffe(c-1,m0,n6, attendVote=true, lastRpcSendTime=0, lastRpcResponseTime=7806) yet, just keep nextIndex unchanged and retry.
2023-04-24 08:15:42,048 [grpc-default-executor-3] WARN  server.GrpcLogAppender (LogUtils.java:warn(122)) - 593f1123-fce2-46ce-a0f5-50a98353a86f@group-2C65884D69A9->d7f67023-bd71-4164-8161-24a8eb75dffe-AppendLogResponseHandler: Failed appendEntries: org.apache.ratis.thirdparty.io.grpc.StatusRuntimeException: UNAVAILABLE: io exception
2023-04-24 08:15:42,049 [grpc-default-executor-3] WARN  server.GrpcLogAppender (GrpcLogAppender.java:resetClient(131)) - 593f1123-fce2-46ce-a0f5-50a98353a86f@group-2C65884D69A9->d7f67023-bd71-4164-8161-24a8eb75dffe-GrpcLogAppender: Leader has not got in touch with Follower 593f1123-fce2-46ce-a0f5-50a98353a86f@group-2C65884D69A9->d7f67023-bd71-4164-8161-24a8eb75dffe(c-1,m0,n6, attendVote=true, lastRpcSendTime=3, lastRpcResponseTime=7808) yet, just keep nextIndex unchanged and retry.
2023-04-24 08:15:42,053 [grpc-default-executor-3] WARN  server.GrpcLogAppender (LogUtils.java:warn(122)) - 593f1123-fce2-46ce-a0f5-50a98353a86f@group-2C65884D69A9->d7f67023-bd71-4164-8161-24a8eb75dffe-AppendLogResponseHandler: Failed appendEntries: org.apache.ratis.thirdparty.io.grpc.StatusRuntimeException: UNAVAILABLE: io exception
2023-04-24 08:15:42,053 [grpc-default-executor-3] WARN  server.GrpcLogAppender (GrpcLogAppender.java:resetClient(131)) - 593f1123-fce2-46ce-a0f5-50a98353a86f@group-2C65884D69A9->d7f67023-bd71-4164-8161-24a8eb75dffe-GrpcLogAppender: Leader has not got in touch with Follower 593f1123-fce2-46ce-a0f5-50a98353a86f@group-2C65884D69A9->d7f67023-bd71-4164-8161-24a8eb75dffe(c-1,m0,n6, attendVote=true, lastRpcSendTime=7, lastRpcResponseTime=7812) yet, just keep nextIndex unchanged and retry.
2023-04-24 08:15:42,053 [grpc-default-executor-3] WARN  server.GrpcLogAppender (LogUtils.java:warn(122)) - 593f1123-fce2-46ce-a0f5-50a98353a86f@group-2C65884D69A9->d7f67023-bd71-4164-8161-24a8eb75dffe-AppendLogResponseHandler: Failed appendEntries: org.apache.ratis.thirdparty.io.grpc.StatusRuntimeException: UNAVAILABLE: io exception
2023-04-24 08:15:42,053 [grpc-default-executor-3] WARN  server.GrpcLogAppender (GrpcLogAppender.java:resetClient(131)) - 593f1123-fce2-46ce-a0f5-50a98353a86f@group-2C65884D69A9->d7f67023-bd71-4164-8161-24a8eb75dffe-GrpcLogAppender: Leader has not got in touch with Follower 593f1123-fce2-46ce-a0f5-50a98353a86f@group-2C65884D69A9->d7f67023-bd71-4164-8161-24a8eb75dffe(c-1,m0,n6, attendVote=true, lastRpcSendTime=7, lastRpcResponseTime=7812) yet, just keep nextIndex unchanged and retry.
2023-04-24 08:15:42,068 [IPC Server handler 0 on default port 40757] INFO  ha.SequenceIdGenerator (SequenceIdGenerator.java:getNextId(128)) - Allocate a batch for delTxnId, change lastId from 0 to 1000.
2023-04-24 08:15:42,129 [BlockDeletingService#2] INFO  interfaces.ContainerDeletionChoosingPolicyTemplate (ContainerDeletionChoosingPolicyTemplate.java:chooseContainerForBlockDeletion(83)) - Chosen 0/5000 blocks from 0 candidate containers.
2023-04-24 08:15:42,129 [BlockDeletingService#1] INFO  interfaces.ContainerDeletionChoosingPolicyTemplate (ContainerDeletionChoosingPolicyTemplate.java:chooseContainerForBlockDeletion(83)) - Chosen 0/5000 blocks from 0 candidate containers.
2023-04-24 08:15:42,176 [FixedThreadPoolWithAffinityExecutor-9-0] WARN  container.ContainerReportHandler (AbstractContainerReportHandler.java:updateContainerState(259)) - Container #1 is in OPEN state, but the datanode 444322bb-4321-4e38-998a-96758a8a198b(fv-az212-956.zlodpucb4l4udavnfxg5s20dva.cx.internal.cloudapp.net/10.1.0.80) reports an CLOSED replica.
2023-04-24 08:15:42,185 [FixedThreadPoolWithAffinityExecutor-9-0] WARN  container.ContainerReportHandler (AbstractContainerReportHandler.java:updateContainerState(259)) - Container #1 is in OPEN state, but the datanode 593f1123-fce2-46ce-a0f5-50a98353a86f(fv-az212-956.zlodpucb4l4udavnfxg5s20dva.cx.internal.cloudapp.net/10.1.0.80) reports an CLOSED replica.
2023-04-24 08:15:42,229 [BlockDeletingService#2] INFO  interfaces.ContainerDeletionChoosingPolicyTemplate (ContainerDeletionChoosingPolicyTemplate.java:chooseContainerForBlockDeletion(83)) - Chosen 0/5000 blocks from 0 candidate containers.
2023-04-24 08:15:42,229 [BlockDeletingService#1] INFO  interfaces.ContainerDeletionChoosingPolicyTemplate (ContainerDeletionChoosingPolicyTemplate.java:chooseContainerForBlockDeletion(83)) - Chosen 0/5000 blocks from 0 candidate containers.
2023-04-24 08:15:42,329 [BlockDeletingService#2] INFO  interfaces.ContainerDeletionChoosingPolicyTemplate (ContainerDeletionChoosingPolicyTemplate.java:chooseContainerForBlockDeletion(83)) - Chosen 0/5000 blocks from 0 candidate containers.
2023-04-24 08:15:42,329 [BlockDeletingService#1] INFO  interfaces.ContainerDeletionChoosingPolicyTemplate (ContainerDeletionChoosingPolicyTemplate.java:chooseContainerForBlockDeletion(83)) - Chosen 0/5000 blocks from 0 candidate containers.
2023-04-24 08:15:42,430 [BlockDeletingService#2] INFO  interfaces.ContainerDeletionChoosingPolicyTemplate (ContainerDeletionChoosingPolicyTemplate.java:chooseContainerForBlockDeletion(83)) - Chosen 0/5000 blocks from 0 candidate containers.
2023-04-24 08:15:42,430 [BlockDeletingService#1] INFO  interfaces.ContainerDeletionChoosingPolicyTemplate (ContainerDeletionChoosingPolicyTemplate.java:chooseContainerForBlockDeletion(83)) - Chosen 0/5000 blocks from 0 candidate containers.
2023-04-24 08:15:42,477 [FixedThreadPoolWithAffinityExecutor-9-0] WARN  container.ContainerReportHandler (AbstractContainerReportHandler.java:updateContainerState(259)) - Container #1 is in OPEN state, but the datanode 444322bb-4321-4e38-998a-96758a8a198b(fv-az212-956.zlodpucb4l4udavnfxg5s20dva.cx.internal.cloudapp.net/10.1.0.80) reports an CLOSED replica.
2023-04-24 08:15:42,484 [FixedThreadPoolWithAffinityExecutor-9-0] WARN  container.ContainerReportHandler (AbstractContainerReportHandler.java:updateContainerState(259)) - Container #1 is in OPEN state, but the datanode 593f1123-fce2-46ce-a0f5-50a98353a86f(fv-az212-956.zlodpucb4l4udavnfxg5s20dva.cx.internal.cloudapp.net/10.1.0.80) reports an CLOSED replica.
2023-04-24 08:15:42,530 [BlockDeletingService#2] INFO  interfaces.ContainerDeletionChoosingPolicyTemplate (ContainerDeletionChoosingPolicyTemplate.java:chooseContainerForBlockDeletion(83)) - Chosen 0/5000 blocks from 0 candidate containers.
2023-04-24 08:15:42,530 [BlockDeletingService#1] INFO  interfaces.ContainerDeletionChoosingPolicyTemplate (ContainerDeletionChoosingPolicyTemplate.java:chooseContainerForBlockDeletion(83)) - Chosen 0/5000 blocks from 0 candidate containers.
2023-04-24 08:15:42,630 [BlockDeletingService#2] INFO  interfaces.ContainerDeletionChoosingPolicyTemplate (ContainerDeletionChoosingPolicyTemplate.java:chooseContainerForBlockDeletion(83)) - Chosen 0/5000 blocks from 0 candidate containers.
2023-04-24 08:15:42,630 [BlockDeletingService#1] INFO  interfaces.ContainerDeletionChoosingPolicyTemplate (ContainerDeletionChoosingPolicyTemplate.java:chooseContainerForBlockDeletion(83)) - Chosen 0/5000 blocks from 0 candidate containers.
2023-04-24 08:15:42,779 [BlockDeletingService#1] INFO  interfaces.ContainerDeletionChoosingPolicyTemplate (ContainerDeletionChoosingPolicyTemplate.java:chooseContainerForBlockDeletion(83)) - Chosen 0/5000 blocks from 0 candidate containers.
2023-04-24 08:15:42,779 [BlockDeletingService#2] INFO  interfaces.ContainerDeletionChoosingPolicyTemplate (ContainerDeletionChoosingPolicyTemplate.java:chooseContainerForBlockDeletion(83)) - Chosen 0/5000 blocks from 0 candidate containers.
2023-04-24 08:15:42,780 [FixedThreadPoolWithAffinityExecutor-9-0] WARN  container.ContainerReportHandler (AbstractContainerReportHandler.java:updateContainerState(259)) - Container #1 is in OPEN state, but the datanode 444322bb-4321-4e38-998a-96758a8a198b(fv-az212-956.zlodpucb4l4udavnfxg5s20dva.cx.internal.cloudapp.net/10.1.0.80) reports an CLOSED replica.
2023-04-24 08:15:42,880 [BlockDeletingService#2] INFO  interfaces.ContainerDeletionChoosingPolicyTemplate (ContainerDeletionChoosingPolicyTemplate.java:chooseContainerForBlockDeletion(83)) - Chosen 0/5000 blocks from 0 candidate containers.
2023-04-24 08:15:42,880 [BlockDeletingService#1] INFO  interfaces.ContainerDeletionChoosingPolicyTemplate (ContainerDeletionChoosingPolicyTemplate.java:chooseContainerForBlockDeletion(83)) - Chosen 0/5000 blocks from 0 candidate containers.
2023-04-24 08:15:42,886 [FixedThreadPoolWithAffinityExecutor-9-0] WARN  container.ContainerReportHandler (AbstractContainerReportHandler.java:updateContainerState(259)) - Container #1 is in OPEN state, but the datanode 593f1123-fce2-46ce-a0f5-50a98353a86f(fv-az212-956.zlodpucb4l4udavnfxg5s20dva.cx.internal.cloudapp.net/10.1.0.80) reports an CLOSED replica.
2023-04-24 08:15:42,980 [FixedThreadPoolWithAffinityExecutor-9-0] WARN  container.ContainerReportHandler (AbstractContainerReportHandler.java:updateContainerState(259)) - Container #1 is in OPEN state, but the datanode 444322bb-4321-4e38-998a-96758a8a198b(fv-az212-956.zlodpucb4l4udavnfxg5s20dva.cx.internal.cloudapp.net/10.1.0.80) reports an CLOSED replica.
2023-04-24 08:15:42,982 [BlockDeletingService#2] INFO  interfaces.ContainerDeletionChoosingPolicyTemplate (ContainerDeletionChoosingPolicyTemplate.java:chooseContainerForBlockDeletion(83)) - Chosen 0/5000 blocks from 0 candidate containers.
2023-04-24 08:15:42,982 [BlockDeletingService#1] INFO  interfaces.ContainerDeletionChoosingPolicyTemplate (ContainerDeletionChoosingPolicyTemplate.java:chooseContainerForBlockDeletion(83)) - Chosen 0/5000 blocks from 0 candidate containers.
2023-04-24 08:15:43,082 [BlockDeletingService#2] INFO  interfaces.ContainerDeletionChoosingPolicyTemplate (ContainerDeletionChoosingPolicyTemplate.java:chooseContainerForBlockDeletion(83)) - Chosen 0/5000 blocks from 0 candidate containers.
2023-04-24 08:15:43,083 [BlockDeletingService#1] INFO  interfaces.ContainerDeletionChoosingPolicyTemplate (ContainerDeletionChoosingPolicyTemplate.java:chooseContainerForBlockDeletion(83)) - Chosen 0/5000 blocks from 0 candidate containers.
2023-04-24 08:15:43,183 [BlockDeletingService#2] INFO  interfaces.ContainerDeletionChoosingPolicyTemplate (ContainerDeletionChoosingPolicyTemplate.java:chooseContainerForBlockDeletion(83)) - Chosen 0/5000 blocks from 0 candidate containers.
2023-04-24 08:15:43,183 [BlockDeletingService#1] INFO  interfaces.ContainerDeletionChoosingPolicyTemplate (ContainerDeletionChoosingPolicyTemplate.java:chooseContainerForBlockDeletion(83)) - Chosen 0/5000 blocks from 0 candidate containers.
2023-04-24 08:15:43,187 [FixedThreadPoolWithAffinityExecutor-9-0] WARN  container.ContainerReportHandler (AbstractContainerReportHandler.java:updateContainerState(259)) - Container #1 is in OPEN state, but the datanode 593f1123-fce2-46ce-a0f5-50a98353a86f(fv-az212-956.zlodpucb4l4udavnfxg5s20dva.cx.internal.cloudapp.net/10.1.0.80) reports an CLOSED replica.
2023-04-24 08:15:43,280 [FixedThreadPoolWithAffinityExecutor-9-0] WARN  container.ContainerReportHandler (AbstractContainerReportHandler.java:updateContainerState(259)) - Container #1 is in OPEN state, but the datanode 444322bb-4321-4e38-998a-96758a8a198b(fv-az212-956.zlodpucb4l4udavnfxg5s20dva.cx.internal.cloudapp.net/10.1.0.80) reports an CLOSED replica.
2023-04-24 08:15:43,283 [BlockDeletingService#2] INFO  interfaces.ContainerDeletionChoosingPolicyTemplate (ContainerDeletionChoosingPolicyTemplate.java:chooseContainerForBlockDeletion(83)) - Chosen 0/5000 blocks from 0 candidate containers.
2023-04-24 08:15:43,283 [BlockDeletingService#1] INFO  interfaces.ContainerDeletionChoosingPolicyTemplate (ContainerDeletionChoosingPolicyTemplate.java:chooseContainerForBlockDeletion(83)) - Chosen 0/5000 blocks from 0 candidate containers.
2023-04-24 08:15:43,296 [grpc-default-executor-3] WARN  server.GrpcLogAppender (LogUtils.java:warn(122)) - 593f1123-fce2-46ce-a0f5-50a98353a86f@group-2C65884D69A9->d7f67023-bd71-4164-8161-24a8eb75dffe-AppendLogResponseHandler: Failed appendEntries: org.apache.ratis.thirdparty.io.grpc.StatusRuntimeException: UNAVAILABLE: io exception
2023-04-24 08:15:43,296 [grpc-default-executor-2] WARN  server.GrpcLogAppender (LogUtils.java:warn(122)) - 593f1123-fce2-46ce-a0f5-50a98353a86f@group-2C65884D69A9->d7f67023-bd71-4164-8161-24a8eb75dffe-AppendLogResponseHandler: Failed appendEntries: org.apache.ratis.thirdparty.io.grpc.StatusRuntimeException: UNAVAILABLE: io exception
2023-04-24 08:15:43,297 [grpc-default-executor-3] WARN  server.GrpcLogAppender (GrpcLogAppender.java:resetClient(131)) - 593f1123-fce2-46ce-a0f5-50a98353a86f@group-2C65884D69A9->d7f67023-bd71-4164-8161-24a8eb75dffe-GrpcLogAppender: Leader has not got in touch with Follower 593f1123-fce2-46ce-a0f5-50a98353a86f@group-2C65884D69A9->d7f67023-bd71-4164-8161-24a8eb75dffe(c-1,m0,n6, attendVote=true, lastRpcSendTime=0, lastRpcResponseTime=9056) yet, just keep nextIndex unchanged and retry.
2023-04-24 08:15:43,297 [grpc-default-executor-2] WARN  server.GrpcLogAppender (GrpcLogAppender.java:resetClient(131)) - 593f1123-fce2-46ce-a0f5-50a98353a86f@group-2C65884D69A9->d7f67023-bd71-4164-8161-24a8eb75dffe-GrpcLogAppender: Leader has not got in touch with Follower 593f1123-fce2-46ce-a0f5-50a98353a86f@group-2C65884D69A9->d7f67023-bd71-4164-8161-24a8eb75dffe(c-1,m0,n6, attendVote=true, lastRpcSendTime=0, lastRpcResponseTime=9056) yet, just keep nextIndex unchanged and retry.
2023-04-24 08:15:43,383 [BlockDeletingService#2] INFO  interfaces.ContainerDeletionChoosingPolicyTemplate (ContainerDeletionChoosingPolicyTemplate.java:chooseContainerForBlockDeletion(83)) - Chosen 0/5000 blocks from 0 candidate containers.
2023-04-24 08:15:43,383 [BlockDeletingService#1] INFO  interfaces.ContainerDeletionChoosingPolicyTemplate (ContainerDeletionChoosingPolicyTemplate.java:chooseContainerForBlockDeletion(83)) - Chosen 0/5000 blocks from 0 candidate containers.
2023-04-24 08:15:43,483 [BlockDeletingService#2] INFO  interfaces.ContainerDeletionChoosingPolicyTemplate (ContainerDeletionChoosingPolicyTemplate.java:chooseContainerForBlockDeletion(83)) - Chosen 0/5000 blocks from 0 candidate containers.
2023-04-24 08:15:43,483 [BlockDeletingService#1] INFO  interfaces.ContainerDeletionChoosingPolicyTemplate (ContainerDeletionChoosingPolicyTemplate.java:chooseContainerForBlockDeletion(83)) - Chosen 0/5000 blocks from 0 candidate containers.
2023-04-24 08:15:43,486 [FixedThreadPoolWithAffinityExecutor-9-0] WARN  container.ContainerReportHandler (AbstractContainerReportHandler.java:updateContainerState(259)) - Container #1 is in OPEN state, but the datanode 593f1123-fce2-46ce-a0f5-50a98353a86f(fv-az212-956.zlodpucb4l4udavnfxg5s20dva.cx.internal.cloudapp.net/10.1.0.80) reports an CLOSED replica.
2023-04-24 08:15:43,580 [FixedThreadPoolWithAffinityExecutor-9-0] WARN  container.ContainerReportHandler (AbstractContainerReportHandler.java:updateContainerState(259)) - Container #1 is in OPEN state, but the datanode 444322bb-4321-4e38-998a-96758a8a198b(fv-az212-956.zlodpucb4l4udavnfxg5s20dva.cx.internal.cloudapp.net/10.1.0.80) reports an CLOSED replica.
2023-04-24 08:15:43,584 [BlockDeletingService#2] INFO  interfaces.ContainerDeletionChoosingPolicyTemplate (ContainerDeletionChoosingPolicyTemplate.java:chooseContainerForBlockDeletion(83)) - Chosen 0/5000 blocks from 0 candidate containers.
2023-04-24 08:15:43,584 [BlockDeletingService#1] INFO  interfaces.ContainerDeletionChoosingPolicyTemplate (ContainerDeletionChoosingPolicyTemplate.java:chooseContainerForBlockDeletion(83)) - Chosen 0/5000 blocks from 0 candidate containers.
2023-04-24 08:15:43,684 [BlockDeletingService#2] INFO  interfaces.ContainerDeletionChoosingPolicyTemplate (ContainerDeletionChoosingPolicyTemplate.java:chooseContainerForBlockDeletion(83)) - Chosen 0/5000 blocks from 0 candidate containers.
2023-04-24 08:15:43,684 [BlockDeletingService#1] INFO  interfaces.ContainerDeletionChoosingPolicyTemplate (ContainerDeletionChoosingPolicyTemplate.java:chooseContainerForBlockDeletion(83)) - Chosen 0/5000 blocks from 0 candidate containers.
2023-04-24 08:15:43,784 [BlockDeletingService#2] INFO  interfaces.ContainerDeletionChoosingPolicyTemplate (ContainerDeletionChoosingPolicyTemplate.java:chooseContainerForBlockDeletion(83)) - Chosen 0/5000 blocks from 0 candidate containers.
2023-04-24 08:15:43,784 [BlockDeletingService#1] INFO  interfaces.ContainerDeletionChoosingPolicyTemplate (ContainerDeletionChoosingPolicyTemplate.java:chooseContainerForBlockDeletion(83)) - Chosen 0/5000 blocks from 0 candidate containers.
2023-04-24 08:15:43,787 [FixedThreadPoolWithAffinityExecutor-9-0] WARN  container.ContainerReportHandler (AbstractContainerReportHandler.java:updateContainerState(259)) - Container #1 is in OPEN state, but the datanode 593f1123-fce2-46ce-a0f5-50a98353a86f(fv-az212-956.zlodpucb4l4udavnfxg5s20dva.cx.internal.cloudapp.net/10.1.0.80) reports an CLOSED replica.
2023-04-24 08:15:43,880 [FixedThreadPoolWithAffinityExecutor-9-0] WARN  container.ContainerReportHandler (AbstractContainerReportHandler.java:updateContainerState(259)) - Container #1 is in OPEN state, but the datanode 444322bb-4321-4e38-998a-96758a8a198b(fv-az212-956.zlodpucb4l4udavnfxg5s20dva.cx.internal.cloudapp.net/10.1.0.80) reports an CLOSED replica.
2023-04-24 08:15:43,887 [BlockDeletingService#1] INFO  interfaces.ContainerDeletionChoosingPolicyTemplate (ContainerDeletionChoosingPolicyTemplate.java:chooseContainerForBlockDeletion(83)) - Chosen 0/5000 blocks from 0 candidate containers.
2023-04-24 08:15:43,887 [BlockDeletingService#2] INFO  interfaces.ContainerDeletionChoosingPolicyTemplate (ContainerDeletionChoosingPolicyTemplate.java:chooseContainerForBlockDeletion(83)) - Chosen 0/5000 blocks from 0 candidate containers.
2023-04-24 08:15:43,987 [BlockDeletingService#1] INFO  interfaces.ContainerDeletionChoosingPolicyTemplate (ContainerDeletionChoosingPolicyTemplate.java:chooseContainerForBlockDeletion(83)) - Chosen 0/5000 blocks from 0 candidate containers.
2023-04-24 08:15:43,987 [BlockDeletingService#2] INFO  interfaces.ContainerDeletionChoosingPolicyTemplate (ContainerDeletionChoosingPolicyTemplate.java:chooseContainerForBlockDeletion(83)) - Chosen 0/5000 blocks from 0 candidate containers.
2023-04-24 08:15:44,088 [BlockDeletingService#1] INFO  interfaces.ContainerDeletionChoosingPolicyTemplate (ContainerDeletionChoosingPolicyTemplate.java:chooseContainerForBlockDeletion(83)) - Chosen 0/5000 blocks from 0 candidate containers.
2023-04-24 08:15:44,088 [BlockDeletingService#2] INFO  interfaces.ContainerDeletionChoosingPolicyTemplate (ContainerDeletionChoosingPolicyTemplate.java:chooseContainerForBlockDeletion(83)) - Chosen 0/5000 blocks from 0 candidate containers.
2023-04-24 08:15:44,092 [FixedThreadPoolWithAffinityExecutor-9-0] WARN  container.ContainerReportHandler (AbstractContainerReportHandler.java:updateContainerState(259)) - Container #1 is in OPEN state, but the datanode 593f1123-fce2-46ce-a0f5-50a98353a86f(fv-az212-956.zlodpucb4l4udavnfxg5s20dva.cx.internal.cloudapp.net/10.1.0.80) reports an CLOSED replica.
2023-04-24 08:15:44,181 [FixedThreadPoolWithAffinityExecutor-9-0] WARN  container.ContainerReportHandler (AbstractContainerReportHandler.java:updateContainerState(259)) - Container #1 is in OPEN state, but the datanode 444322bb-4321-4e38-998a-96758a8a198b(fv-az212-956.zlodpucb4l4udavnfxg5s20dva.cx.internal.cloudapp.net/10.1.0.80) reports an CLOSED replica.
2023-04-24 08:15:44,188 [BlockDeletingService#1] INFO  interfaces.ContainerDeletionChoosingPolicyTemplate (ContainerDeletionChoosingPolicyTemplate.java:chooseContainerForBlockDeletion(83)) - Chosen 0/5000 blocks from 0 candidate containers.
2023-04-24 08:15:44,188 [BlockDeletingService#2] INFO  interfaces.ContainerDeletionChoosingPolicyTemplate (ContainerDeletionChoosingPolicyTemplate.java:chooseContainerForBlockDeletion(83)) - Chosen 0/5000 blocks from 0 candidate containers.
2023-04-24 08:15:44,288 [BlockDeletingService#1] INFO  interfaces.ContainerDeletionChoosingPolicyTemplate (ContainerDeletionChoosingPolicyTemplate.java:chooseContainerForBlockDeletion(83)) - Chosen 0/5000 blocks from 0 candidate containers.
2023-04-24 08:15:44,288 [BlockDeletingService#2] INFO  interfaces.ContainerDeletionChoosingPolicyTemplate (ContainerDeletionChoosingPolicyTemplate.java:chooseContainerForBlockDeletion(83)) - Chosen 0/5000 blocks from 0 candidate containers.
2023-04-24 08:15:44,388 [BlockDeletingService#0] INFO  interfaces.ContainerDeletionChoosingPolicyTemplate (ContainerDeletionChoosingPolicyTemplate.java:chooseContainerForBlockDeletion(83)) - Chosen 0/5000 blocks from 0 candidate containers.
2023-04-24 08:15:44,388 [BlockDeletingService#2] INFO  interfaces.ContainerDeletionChoosingPolicyTemplate (ContainerDeletionChoosingPolicyTemplate.java:chooseContainerForBlockDeletion(83)) - Chosen 0/5000 blocks from 0 candidate containers.
2023-04-24 08:15:44,392 [FixedThreadPoolWithAffinityExecutor-9-0] WARN  container.ContainerReportHandler (AbstractContainerReportHandler.java:updateContainerState(259)) - Container #1 is in OPEN state, but the datanode 593f1123-fce2-46ce-a0f5-50a98353a86f(fv-az212-956.zlodpucb4l4udavnfxg5s20dva.cx.internal.cloudapp.net/10.1.0.80) reports an CLOSED replica.
2023-04-24 08:15:44,482 [FixedThreadPoolWithAffinityExecutor-9-0] WARN  container.ContainerReportHandler (AbstractContainerReportHandler.java:updateContainerState(259)) - Container #1 is in OPEN state, but the datanode 444322bb-4321-4e38-998a-96758a8a198b(fv-az212-956.zlodpucb4l4udavnfxg5s20dva.cx.internal.cloudapp.net/10.1.0.80) reports an CLOSED replica.
2023-04-24 08:15:44,488 [BlockDeletingService#0] INFO  interfaces.ContainerDeletionChoosingPolicyTemplate (ContainerDeletionChoosingPolicyTemplate.java:chooseContainerForBlockDeletion(83)) - Chosen 0/5000 blocks from 0 candidate containers.
2023-04-24 08:15:44,488 [BlockDeletingService#2] INFO  interfaces.ContainerDeletionChoosingPolicyTemplate (ContainerDeletionChoosingPolicyTemplate.java:chooseContainerForBlockDeletion(83)) - Chosen 0/5000 blocks from 0 candidate containers.
2023-04-24 08:15:44,547 [grpc-default-executor-2] WARN  server.GrpcLogAppender (LogUtils.java:warn(122)) - 593f1123-fce2-46ce-a0f5-50a98353a86f@group-2C65884D69A9->d7f67023-bd71-4164-8161-24a8eb75dffe-AppendLogResponseHandler: Failed appendEntries: org.apache.ratis.thirdparty.io.grpc.StatusRuntimeException: UNAVAILABLE: io exception
2023-04-24 08:15:44,547 [grpc-default-executor-3] WARN  server.GrpcLogAppender (LogUtils.java:warn(122)) - 593f1123-fce2-46ce-a0f5-50a98353a86f@group-2C65884D69A9->d7f67023-bd71-4164-8161-24a8eb75dffe-AppendLogResponseHandler: Failed appendEntries: org.apache.ratis.thirdparty.io.grpc.StatusRuntimeException: UNAVAILABLE: io exception
2023-04-24 08:15:44,548 [grpc-default-executor-2] WARN  server.GrpcLogAppender (GrpcLogAppender.java:resetClient(131)) - 593f1123-fce2-46ce-a0f5-50a98353a86f@group-2C65884D69A9->d7f67023-bd71-4164-8161-24a8eb75dffe-GrpcLogAppender: Leader has not got in touch with Follower 593f1123-fce2-46ce-a0f5-50a98353a86f@group-2C65884D69A9->d7f67023-bd71-4164-8161-24a8eb75dffe(c-1,m0,n6, attendVote=true, lastRpcSendTime=0, lastRpcResponseTime=10307) yet, just keep nextIndex unchanged and retry.
2023-04-24 08:15:44,548 [grpc-default-executor-3] WARN  server.GrpcLogAppender (GrpcLogAppender.java:resetClient(131)) - 593f1123-fce2-46ce-a0f5-50a98353a86f@group-2C65884D69A9->d7f67023-bd71-4164-8161-24a8eb75dffe-GrpcLogAppender: Leader has not got in touch with Follower 593f1123-fce2-46ce-a0f5-50a98353a86f@group-2C65884D69A9->d7f67023-bd71-4164-8161-24a8eb75dffe(c-1,m0,n6, attendVote=true, lastRpcSendTime=1, lastRpcResponseTime=10307) yet, just keep nextIndex unchanged and retry.
2023-04-24 08:15:44,589 [BlockDeletingService#0] INFO  interfaces.ContainerDeletionChoosingPolicyTemplate (ContainerDeletionChoosingPolicyTemplate.java:chooseContainerForBlockDeletion(83)) - Chosen 0/5000 blocks from 0 candidate containers.
2023-04-24 08:15:44,589 [BlockDeletingService#2] INFO  interfaces.ContainerDeletionChoosingPolicyTemplate (ContainerDeletionChoosingPolicyTemplate.java:chooseContainerForBlockDeletion(83)) - Chosen 0/5000 blocks from 0 candidate containers.
2023-04-24 08:15:44,689 [BlockDeletingService#0] INFO  interfaces.ContainerDeletionChoosingPolicyTemplate (ContainerDeletionChoosingPolicyTemplate.java:chooseContainerForBlockDeletion(83)) - Chosen 0/5000 blocks from 0 candidate containers.
2023-04-24 08:15:44,689 [BlockDeletingService#2] INFO  interfaces.ContainerDeletionChoosingPolicyTemplate (ContainerDeletionChoosingPolicyTemplate.java:chooseContainerForBlockDeletion(83)) - Chosen 0/5000 blocks from 0 candidate containers.
2023-04-24 08:15:44,694 [FixedThreadPoolWithAffinityExecutor-9-0] WARN  container.ContainerReportHandler (AbstractContainerReportHandler.java:updateContainerState(259)) - Container #1 is in OPEN state, but the datanode 593f1123-fce2-46ce-a0f5-50a98353a86f(fv-az212-956.zlodpucb4l4udavnfxg5s20dva.cx.internal.cloudapp.net/10.1.0.80) reports an CLOSED replica.
2023-04-24 08:15:44,782 [FixedThreadPoolWithAffinityExecutor-9-0] WARN  container.ContainerReportHandler (AbstractContainerReportHandler.java:updateContainerState(259)) - Container #1 is in OPEN state, but the datanode 444322bb-4321-4e38-998a-96758a8a198b(fv-az212-956.zlodpucb4l4udavnfxg5s20dva.cx.internal.cloudapp.net/10.1.0.80) reports an CLOSED replica.
2023-04-24 08:15:44,789 [BlockDeletingService#0] INFO  interfaces.ContainerDeletionChoosingPolicyTemplate (ContainerDeletionChoosingPolicyTemplate.java:chooseContainerForBlockDeletion(83)) - Chosen 0/5000 blocks from 0 candidate containers.
2023-04-24 08:15:44,789 [BlockDeletingService#2] INFO  interfaces.ContainerDeletionChoosingPolicyTemplate (ContainerDeletionChoosingPolicyTemplate.java:chooseContainerForBlockDeletion(83)) - Chosen 0/5000 blocks from 0 candidate containers.
2023-04-24 08:15:44,889 [BlockDeletingService#0] INFO  interfaces.ContainerDeletionChoosingPolicyTemplate (ContainerDeletionChoosingPolicyTemplate.java:chooseContainerForBlockDeletion(83)) - Chosen 0/5000 blocks from 0 candidate containers.
2023-04-24 08:15:44,889 [BlockDeletingService#2] INFO  interfaces.ContainerDeletionChoosingPolicyTemplate (ContainerDeletionChoosingPolicyTemplate.java:chooseContainerForBlockDeletion(83)) - Chosen 0/5000 blocks from 0 candidate containers.
2023-04-24 08:15:44,989 [BlockDeletingService#0] INFO  interfaces.ContainerDeletionChoosingPolicyTemplate (ContainerDeletionChoosingPolicyTemplate.java:chooseContainerForBlockDeletion(83)) - Chosen 0/5000 blocks from 0 candidate containers.
2023-04-24 08:15:44,989 [BlockDeletingService#2] INFO  interfaces.ContainerDeletionChoosingPolicyTemplate (ContainerDeletionChoosingPolicyTemplate.java:chooseContainerForBlockDeletion(83)) - Chosen 0/5000 blocks from 0 candidate containers.
2023-04-24 08:15:44,993 [FixedThreadPoolWithAffinityExecutor-9-0] WARN  container.ContainerReportHandler (AbstractContainerReportHandler.java:updateContainerState(259)) - Container #1 is in OPEN state, but the datanode 593f1123-fce2-46ce-a0f5-50a98353a86f(fv-az212-956.zlodpucb4l4udavnfxg5s20dva.cx.internal.cloudapp.net/10.1.0.80) reports an CLOSED replica.
2023-04-24 08:15:45,082 [FixedThreadPoolWithAffinityExecutor-9-0] WARN  container.ContainerReportHandler (AbstractContainerReportHandler.java:updateContainerState(259)) - Container #1 is in OPEN state, but the datanode 444322bb-4321-4e38-998a-96758a8a198b(fv-az212-956.zlodpucb4l4udavnfxg5s20dva.cx.internal.cloudapp.net/10.1.0.80) reports an CLOSED replica.
2023-04-24 08:15:45,090 [BlockDeletingService#0] INFO  interfaces.ContainerDeletionChoosingPolicyTemplate (ContainerDeletionChoosingPolicyTemplate.java:chooseContainerForBlockDeletion(83)) - Chosen 0/5000 blocks from 0 candidate containers.
2023-04-24 08:15:45,090 [BlockDeletingService#2] INFO  interfaces.ContainerDeletionChoosingPolicyTemplate (ContainerDeletionChoosingPolicyTemplate.java:chooseContainerForBlockDeletion(83)) - Chosen 0/5000 blocks from 0 candidate containers.
2023-04-24 08:15:45,190 [BlockDeletingService#0] INFO  interfaces.ContainerDeletionChoosingPolicyTemplate (ContainerDeletionChoosingPolicyTemplate.java:chooseContainerForBlockDeletion(83)) - Chosen 0/5000 blocks from 0 candidate containers.
2023-04-24 08:15:45,190 [BlockDeletingService#2] INFO  interfaces.ContainerDeletionChoosingPolicyTemplate (ContainerDeletionChoosingPolicyTemplate.java:chooseContainerForBlockDeletion(83)) - Chosen 0/5000 blocks from 0 candidate containers.
2023-04-24 08:15:45,290 [BlockDeletingService#0] INFO  interfaces.ContainerDeletionChoosingPolicyTemplate (ContainerDeletionChoosingPolicyTemplate.java:chooseContainerForBlockDeletion(83)) - Chosen 0/5000 blocks from 0 candidate containers.
2023-04-24 08:15:45,290 [BlockDeletingService#2] INFO  interfaces.ContainerDeletionChoosingPolicyTemplate (ContainerDeletionChoosingPolicyTemplate.java:chooseContainerForBlockDeletion(83)) - Chosen 0/5000 blocks from 0 candidate containers.
2023-04-24 08:15:45,294 [FixedThreadPoolWithAffinityExecutor-9-0] WARN  container.ContainerReportHandler (AbstractContainerReportHandler.java:updateContainerState(259)) - Container #1 is in OPEN state, but the datanode 593f1123-fce2-46ce-a0f5-50a98353a86f(fv-az212-956.zlodpucb4l4udavnfxg5s20dva.cx.internal.cloudapp.net/10.1.0.80) reports an CLOSED replica.
2023-04-24 08:15:45,383 [FixedThreadPoolWithAffinityExecutor-9-0] WARN  container.ContainerReportHandler (AbstractContainerReportHandler.java:updateContainerState(259)) - Container #1 is in OPEN state, but the datanode 444322bb-4321-4e38-998a-96758a8a198b(fv-az212-956.zlodpucb4l4udavnfxg5s20dva.cx.internal.cloudapp.net/10.1.0.80) reports an CLOSED replica.
2023-04-24 08:15:45,390 [BlockDeletingService#0] INFO  interfaces.ContainerDeletionChoosingPolicyTemplate (ContainerDeletionChoosingPolicyTemplate.java:chooseContainerForBlockDeletion(83)) - Chosen 0/5000 blocks from 0 candidate containers.
2023-04-24 08:15:45,390 [BlockDeletingService#2] INFO  interfaces.ContainerDeletionChoosingPolicyTemplate (ContainerDeletionChoosingPolicyTemplate.java:chooseContainerForBlockDeletion(83)) - Chosen 0/5000 blocks from 0 candidate containers.
2023-04-24 08:15:45,490 [BlockDeletingService#0] INFO  interfaces.ContainerDeletionChoosingPolicyTemplate (ContainerDeletionChoosingPolicyTemplate.java:chooseContainerForBlockDeletion(83)) - Chosen 0/5000 blocks from 0 candidate containers.
2023-04-24 08:15:45,490 [BlockDeletingService#2] INFO  interfaces.ContainerDeletionChoosingPolicyTemplate (ContainerDeletionChoosingPolicyTemplate.java:chooseContainerForBlockDeletion(83)) - Chosen 0/5000 blocks from 0 candidate containers.
2023-04-24 08:15:45,591 [BlockDeletingService#0] INFO  interfaces.ContainerDeletionChoosingPolicyTemplate (ContainerDeletionChoosingPolicyTemplate.java:chooseContainerForBlockDeletion(83)) - Chosen 0/5000 blocks from 0 candidate containers.
2023-04-24 08:15:45,591 [BlockDeletingService#2] INFO  interfaces.ContainerDeletionChoosingPolicyTemplate (ContainerDeletionChoosingPolicyTemplate.java:chooseContainerForBlockDeletion(83)) - Chosen 0/5000 blocks from 0 candidate containers.
2023-04-24 08:15:45,594 [FixedThreadPoolWithAffinityExecutor-9-0] WARN  container.ContainerReportHandler (AbstractContainerReportHandler.java:updateContainerState(259)) - Container #1 is in OPEN state, but the datanode 593f1123-fce2-46ce-a0f5-50a98353a86f(fv-az212-956.zlodpucb4l4udavnfxg5s20dva.cx.internal.cloudapp.net/10.1.0.80) reports an CLOSED replica.
2023-04-24 08:15:45,682 [FixedThreadPoolWithAffinityExecutor-9-0] WARN  container.ContainerReportHandler (AbstractContainerReportHandler.java:updateContainerState(259)) - Container #1 is in OPEN state, but the datanode 444322bb-4321-4e38-998a-96758a8a198b(fv-az212-956.zlodpucb4l4udavnfxg5s20dva.cx.internal.cloudapp.net/10.1.0.80) reports an CLOSED replica.
2023-04-24 08:15:45,691 [BlockDeletingService#0] INFO  interfaces.ContainerDeletionChoosingPolicyTemplate (ContainerDeletionChoosingPolicyTemplate.java:chooseContainerForBlockDeletion(83)) - Chosen 0/5000 blocks from 0 candidate containers.
2023-04-24 08:15:45,691 [BlockDeletingService#2] INFO  interfaces.ContainerDeletionChoosingPolicyTemplate (ContainerDeletionChoosingPolicyTemplate.java:chooseContainerForBlockDeletion(83)) - Chosen 0/5000 blocks from 0 candidate containers.
2023-04-24 08:15:45,791 [BlockDeletingService#0] INFO  interfaces.ContainerDeletionChoosingPolicyTemplate (ContainerDeletionChoosingPolicyTemplate.java:chooseContainerForBlockDeletion(83)) - Chosen 0/5000 blocks from 0 candidate containers.
2023-04-24 08:15:45,791 [BlockDeletingService#2] INFO  interfaces.ContainerDeletionChoosingPolicyTemplate (ContainerDeletionChoosingPolicyTemplate.java:chooseContainerForBlockDeletion(83)) - Chosen 0/5000 blocks from 0 candidate containers.
2023-04-24 08:15:45,797 [grpc-default-executor-3] WARN  server.GrpcLogAppender (LogUtils.java:warn(122)) - 593f1123-fce2-46ce-a0f5-50a98353a86f@group-2C65884D69A9->d7f67023-bd71-4164-8161-24a8eb75dffe-AppendLogResponseHandler: Failed appendEntries: org.apache.ratis.thirdparty.io.grpc.StatusRuntimeException: UNAVAILABLE: io exception
2023-04-24 08:15:45,798 [grpc-default-executor-3] WARN  server.GrpcLogAppender (GrpcLogAppender.java:resetClient(131)) - 593f1123-fce2-46ce-a0f5-50a98353a86f@group-2C65884D69A9->d7f67023-bd71-4164-8161-24a8eb75dffe-GrpcLogAppender: Leader has not got in touch with Follower 593f1123-fce2-46ce-a0f5-50a98353a86f@group-2C65884D69A9->d7f67023-bd71-4164-8161-24a8eb75dffe(c-1,m0,n6, attendVote=true, lastRpcSendTime=0, lastRpcResponseTime=11557) yet, just keep nextIndex unchanged and retry.
2023-04-24 08:15:45,797 [grpc-default-executor-2] WARN  server.GrpcLogAppender (LogUtils.java:warn(122)) - 593f1123-fce2-46ce-a0f5-50a98353a86f@group-2C65884D69A9->d7f67023-bd71-4164-8161-24a8eb75dffe-AppendLogResponseHandler: Failed appendEntries: org.apache.ratis.thirdparty.io.grpc.StatusRuntimeException: UNAVAILABLE: io exception
2023-04-24 08:15:45,798 [grpc-default-executor-2] WARN  server.GrpcLogAppender (GrpcLogAppender.java:resetClient(131)) - 593f1123-fce2-46ce-a0f5-50a98353a86f@group-2C65884D69A9->d7f67023-bd71-4164-8161-24a8eb75dffe-GrpcLogAppender: Leader has not got in touch with Follower 593f1123-fce2-46ce-a0f5-50a98353a86f@group-2C65884D69A9->d7f67023-bd71-4164-8161-24a8eb75dffe(c-1,m0,n6, attendVote=true, lastRpcSendTime=1, lastRpcResponseTime=11557) yet, just keep nextIndex unchanged and retry.
2023-04-24 08:15:45,882 [FixedThreadPoolWithAffinityExecutor-9-0] WARN  container.ContainerReportHandler (AbstractContainerReportHandler.java:updateContainerState(259)) - Container #1 is in OPEN state, but the datanode 444322bb-4321-4e38-998a-96758a8a198b(fv-az212-956.zlodpucb4l4udavnfxg5s20dva.cx.internal.cloudapp.net/10.1.0.80) reports an CLOSED replica.
2023-04-24 08:15:45,891 [BlockDeletingService#0] INFO  interfaces.ContainerDeletionChoosingPolicyTemplate (ContainerDeletionChoosingPolicyTemplate.java:chooseContainerForBlockDeletion(83)) - Chosen 0/5000 blocks from 0 candidate containers.
2023-04-24 08:15:45,891 [BlockDeletingService#2] INFO  interfaces.ContainerDeletionChoosingPolicyTemplate (ContainerDeletionChoosingPolicyTemplate.java:chooseContainerForBlockDeletion(83)) - Chosen 0/5000 blocks from 0 candidate containers.
2023-04-24 08:15:45,991 [BlockDeletingService#0] INFO  interfaces.ContainerDeletionChoosingPolicyTemplate (ContainerDeletionChoosingPolicyTemplate.java:chooseContainerForBlockDeletion(83)) - Chosen 0/5000 blocks from 0 candidate containers.
2023-04-24 08:15:45,992 [BlockDeletingService#2] INFO  interfaces.ContainerDeletionChoosingPolicyTemplate (ContainerDeletionChoosingPolicyTemplate.java:chooseContainerForBlockDeletion(83)) - Chosen 0/5000 blocks from 0 candidate containers.
2023-04-24 08:15:45,994 [FixedThreadPoolWithAffinityExecutor-9-0] WARN  container.ContainerReportHandler (AbstractContainerReportHandler.java:updateContainerState(259)) - Container #1 is in OPEN state, but the datanode 593f1123-fce2-46ce-a0f5-50a98353a86f(fv-az212-956.zlodpucb4l4udavnfxg5s20dva.cx.internal.cloudapp.net/10.1.0.80) reports an CLOSED replica.
2023-04-24 08:15:46,092 [BlockDeletingService#0] INFO  interfaces.ContainerDeletionChoosingPolicyTemplate (ContainerDeletionChoosingPolicyTemplate.java:chooseContainerForBlockDeletion(83)) - Chosen 0/5000 blocks from 0 candidate containers.
2023-04-24 08:15:46,092 [BlockDeletingService#2] INFO  interfaces.ContainerDeletionChoosingPolicyTemplate (ContainerDeletionChoosingPolicyTemplate.java:chooseContainerForBlockDeletion(83)) - Chosen 0/5000 blocks from 0 candidate containers.
2023-04-24 08:15:46,183 [FixedThreadPoolWithAffinityExecutor-9-0] WARN  container.ContainerReportHandler (AbstractContainerReportHandler.java:updateContainerState(259)) - Container #1 is in OPEN state, but the datanode 444322bb-4321-4e38-998a-96758a8a198b(fv-az212-956.zlodpucb4l4udavnfxg5s20dva.cx.internal.cloudapp.net/10.1.0.80) reports an CLOSED replica.
2023-04-24 08:15:46,192 [BlockDeletingService#0] INFO  interfaces.ContainerDeletionChoosingPolicyTemplate (ContainerDeletionChoosingPolicyTemplate.java:chooseContainerForBlockDeletion(83)) - Chosen 0/5000 blocks from 0 candidate containers.
2023-04-24 08:15:46,192 [BlockDeletingService#2] INFO  interfaces.ContainerDeletionChoosingPolicyTemplate (ContainerDeletionChoosingPolicyTemplate.java:chooseContainerForBlockDeletion(83)) - Chosen 0/5000 blocks from 0 candidate containers.
2023-04-24 08:15:46,292 [BlockDeletingService#0] INFO  interfaces.ContainerDeletionChoosingPolicyTemplate (ContainerDeletionChoosingPolicyTemplate.java:chooseContainerForBlockDeletion(83)) - Chosen 0/5000 blocks from 0 candidate containers.
2023-04-24 08:15:46,292 [BlockDeletingService#2] INFO  interfaces.ContainerDeletionChoosingPolicyTemplate (ContainerDeletionChoosingPolicyTemplate.java:chooseContainerForBlockDeletion(83)) - Chosen 0/5000 blocks from 0 candidate containers.
2023-04-24 08:15:46,294 [FixedThreadPoolWithAffinityExecutor-9-0] WARN  container.ContainerReportHandler (AbstractContainerReportHandler.java:updateContainerState(259)) - Container #1 is in OPEN state, but the datanode 593f1123-fce2-46ce-a0f5-50a98353a86f(fv-az212-956.zlodpucb4l4udavnfxg5s20dva.cx.internal.cloudapp.net/10.1.0.80) reports an CLOSED replica.
2023-04-24 08:15:46,392 [BlockDeletingService#0] INFO  interfaces.ContainerDeletionChoosingPolicyTemplate (ContainerDeletionChoosingPolicyTemplate.java:chooseContainerForBlockDeletion(83)) - Chosen 0/5000 blocks from 0 candidate containers.
2023-04-24 08:15:46,392 [BlockDeletingService#2] INFO  interfaces.ContainerDeletionChoosingPolicyTemplate (ContainerDeletionChoosingPolicyTemplate.java:chooseContainerForBlockDeletion(83)) - Chosen 0/5000 blocks from 0 candidate containers.
2023-04-24 08:15:46,483 [FixedThreadPoolWithAffinityExecutor-9-0] WARN  container.ContainerReportHandler (AbstractContainerReportHandler.java:updateContainerState(259)) - Container #1 is in OPEN state, but the datanode 444322bb-4321-4e38-998a-96758a8a198b(fv-az212-956.zlodpucb4l4udavnfxg5s20dva.cx.internal.cloudapp.net/10.1.0.80) reports an CLOSED replica.
2023-04-24 08:15:46,493 [BlockDeletingService#0] INFO  interfaces.ContainerDeletionChoosingPolicyTemplate (ContainerDeletionChoosingPolicyTemplate.java:chooseContainerForBlockDeletion(83)) - Chosen 0/5000 blocks from 0 candidate containers.
2023-04-24 08:15:46,493 [BlockDeletingService#2] INFO  interfaces.ContainerDeletionChoosingPolicyTemplate (ContainerDeletionChoosingPolicyTemplate.java:chooseContainerForBlockDeletion(83)) - Chosen 0/5000 blocks from 0 candidate containers.
2023-04-24 08:15:46,593 [FixedThreadPoolWithAffinityExecutor-9-0] WARN  container.ContainerReportHandler (AbstractContainerReportHandler.java:updateContainerState(259)) - Container #1 is in OPEN state, but the datanode 593f1123-fce2-46ce-a0f5-50a98353a86f(fv-az212-956.zlodpucb4l4udavnfxg5s20dva.cx.internal.cloudapp.net/10.1.0.80) reports an CLOSED replica.
2023-04-24 08:15:46,599 [BlockDeletingService#0] INFO  interfaces.ContainerDeletionChoosingPolicyTemplate (ContainerDeletionChoosingPolicyTemplate.java:chooseContainerForBlockDeletion(83)) - Chosen 0/5000 blocks from 0 candidate containers.
2023-04-24 08:15:46,599 [BlockDeletingService#2] INFO  interfaces.ContainerDeletionChoosingPolicyTemplate (ContainerDeletionChoosingPolicyTemplate.java:chooseContainerForBlockDeletion(83)) - Chosen 0/5000 blocks from 0 candidate containers.
2023-04-24 08:15:46,699 [BlockDeletingService#0] INFO  interfaces.ContainerDeletionChoosingPolicyTemplate (ContainerDeletionChoosingPolicyTemplate.java:chooseContainerForBlockDeletion(83)) - Chosen 0/5000 blocks from 0 candidate containers.
2023-04-24 08:15:46,700 [BlockDeletingService#2] INFO  interfaces.ContainerDeletionChoosingPolicyTemplate (ContainerDeletionChoosingPolicyTemplate.java:chooseContainerForBlockDeletion(83)) - Chosen 0/5000 blocks from 0 candidate containers.
2023-04-24 08:15:46,782 [FixedThreadPoolWithAffinityExecutor-9-0] WARN  container.ContainerReportHandler (AbstractContainerReportHandler.java:updateContainerState(259)) - Container #1 is in OPEN state, but the datanode 444322bb-4321-4e38-998a-96758a8a198b(fv-az212-956.zlodpucb4l4udavnfxg5s20dva.cx.internal.cloudapp.net/10.1.0.80) reports an CLOSED replica.
2023-04-24 08:15:46,800 [BlockDeletingService#0] INFO  interfaces.ContainerDeletionChoosingPolicyTemplate (ContainerDeletionChoosingPolicyTemplate.java:chooseContainerForBlockDeletion(83)) - Chosen 0/5000 blocks from 0 candidate containers.
2023-04-24 08:15:46,801 [BlockDeletingService#2] INFO  interfaces.ContainerDeletionChoosingPolicyTemplate (ContainerDeletionChoosingPolicyTemplate.java:chooseContainerForBlockDeletion(83)) - Chosen 0/5000 blocks from 0 candidate containers.
2023-04-24 08:15:46,893 [FixedThreadPoolWithAffinityExecutor-9-0] WARN  container.ContainerReportHandler (AbstractContainerReportHandler.java:updateContainerState(259)) - Container #1 is in OPEN state, but the datanode 593f1123-fce2-46ce-a0f5-50a98353a86f(fv-az212-956.zlodpucb4l4udavnfxg5s20dva.cx.internal.cloudapp.net/10.1.0.80) reports an CLOSED replica.
2023-04-24 08:15:46,901 [BlockDeletingService#0] INFO  interfaces.ContainerDeletionChoosingPolicyTemplate (ContainerDeletionChoosingPolicyTemplate.java:chooseContainerForBlockDeletion(83)) - Chosen 0/5000 blocks from 0 candidate containers.
2023-04-24 08:15:46,901 [BlockDeletingService#2] INFO  interfaces.ContainerDeletionChoosingPolicyTemplate (ContainerDeletionChoosingPolicyTemplate.java:chooseContainerForBlockDeletion(83)) - Chosen 0/5000 blocks from 0 candidate containers.
2023-04-24 08:15:47,001 [BlockDeletingService#0] INFO  interfaces.ContainerDeletionChoosingPolicyTemplate (ContainerDeletionChoosingPolicyTemplate.java:chooseContainerForBlockDeletion(83)) - Chosen 0/5000 blocks from 0 candidate containers.
2023-04-24 08:15:47,001 [BlockDeletingService#2] INFO  interfaces.ContainerDeletionChoosingPolicyTemplate (ContainerDeletionChoosingPolicyTemplate.java:chooseContainerForBlockDeletion(83)) - Chosen 0/5000 blocks from 0 candidate containers.
2023-04-24 08:15:47,047 [grpc-default-executor-2] WARN  server.GrpcLogAppender (LogUtils.java:warn(122)) - 593f1123-fce2-46ce-a0f5-50a98353a86f@group-2C65884D69A9->d7f67023-bd71-4164-8161-24a8eb75dffe-AppendLogResponseHandler: Failed appendEntries: org.apache.ratis.thirdparty.io.grpc.StatusRuntimeException: UNAVAILABLE: io exception
2023-04-24 08:15:47,048 [grpc-default-executor-2] WARN  server.GrpcLogAppender (GrpcLogAppender.java:resetClient(131)) - 593f1123-fce2-46ce-a0f5-50a98353a86f@group-2C65884D69A9->d7f67023-bd71-4164-8161-24a8eb75dffe-GrpcLogAppender: Leader has not got in touch with Follower 593f1123-fce2-46ce-a0f5-50a98353a86f@group-2C65884D69A9->d7f67023-bd71-4164-8161-24a8eb75dffe(c-1,m0,n6, attendVote=true, lastRpcSendTime=0, lastRpcResponseTime=12807) yet, just keep nextIndex unchanged and retry.
2023-04-24 08:15:47,048 [grpc-default-executor-3] WARN  server.GrpcLogAppender (LogUtils.java:warn(122)) - 593f1123-fce2-46ce-a0f5-50a98353a86f@group-2C65884D69A9->d7f67023-bd71-4164-8161-24a8eb75dffe-AppendLogResponseHandler: Failed appendEntries: org.apache.ratis.thirdparty.io.grpc.StatusRuntimeException: UNAVAILABLE: io exception
2023-04-24 08:15:47,049 [grpc-default-executor-3] WARN  server.GrpcLogAppender (GrpcLogAppender.java:resetClient(131)) - 593f1123-fce2-46ce-a0f5-50a98353a86f@group-2C65884D69A9->d7f67023-bd71-4164-8161-24a8eb75dffe-GrpcLogAppender: Leader has not got in touch with Follower 593f1123-fce2-46ce-a0f5-50a98353a86f@group-2C65884D69A9->d7f67023-bd71-4164-8161-24a8eb75dffe(c-1,m0,n6, attendVote=true, lastRpcSendTime=1, lastRpcResponseTime=12808) yet, just keep nextIndex unchanged and retry.
2023-04-24 08:15:47,082 [FixedThreadPoolWithAffinityExecutor-9-0] WARN  container.ContainerReportHandler (AbstractContainerReportHandler.java:updateContainerState(259)) - Container #1 is in OPEN state, but the datanode 444322bb-4321-4e38-998a-96758a8a198b(fv-az212-956.zlodpucb4l4udavnfxg5s20dva.cx.internal.cloudapp.net/10.1.0.80) reports an CLOSED replica.
2023-04-24 08:15:47,101 [BlockDeletingService#0] INFO  interfaces.ContainerDeletionChoosingPolicyTemplate (ContainerDeletionChoosingPolicyTemplate.java:chooseContainerForBlockDeletion(83)) - Chosen 0/5000 blocks from 0 candidate containers.
2023-04-24 08:15:47,101 [BlockDeletingService#2] INFO  interfaces.ContainerDeletionChoosingPolicyTemplate (ContainerDeletionChoosingPolicyTemplate.java:chooseContainerForBlockDeletion(83)) - Chosen 0/5000 blocks from 0 candidate containers.
2023-04-24 08:15:47,193 [FixedThreadPoolWithAffinityExecutor-9-0] WARN  container.ContainerReportHandler (AbstractContainerReportHandler.java:updateContainerState(259)) - Container #1 is in OPEN state, but the datanode 593f1123-fce2-46ce-a0f5-50a98353a86f(fv-az212-956.zlodpucb4l4udavnfxg5s20dva.cx.internal.cloudapp.net/10.1.0.80) reports an CLOSED replica.
2023-04-24 08:15:47,201 [BlockDeletingService#0] INFO  interfaces.ContainerDeletionChoosingPolicyTemplate (ContainerDeletionChoosingPolicyTemplate.java:chooseContainerForBlockDeletion(83)) - Chosen 0/5000 blocks from 0 candidate containers.
2023-04-24 08:15:47,201 [BlockDeletingService#2] INFO  interfaces.ContainerDeletionChoosingPolicyTemplate (ContainerDeletionChoosingPolicyTemplate.java:chooseContainerForBlockDeletion(83)) - Chosen 0/5000 blocks from 0 candidate containers.
2023-04-24 08:15:47,301 [BlockDeletingService#0] INFO  interfaces.ContainerDeletionChoosingPolicyTemplate (ContainerDeletionChoosingPolicyTemplate.java:chooseContainerForBlockDeletion(83)) - Chosen 0/5000 blocks from 0 candidate containers.
2023-04-24 08:15:47,301 [BlockDeletingService#2] INFO  interfaces.ContainerDeletionChoosingPolicyTemplate (ContainerDeletionChoosingPolicyTemplate.java:chooseContainerForBlockDeletion(83)) - Chosen 0/5000 blocks from 0 candidate containers.
2023-04-24 08:15:47,384 [FixedThreadPoolWithAffinityExecutor-9-0] WARN  container.ContainerReportHandler (AbstractContainerReportHandler.java:updateContainerState(259)) - Container #1 is in OPEN state, but the datanode 444322bb-4321-4e38-998a-96758a8a198b(fv-az212-956.zlodpucb4l4udavnfxg5s20dva.cx.internal.cloudapp.net/10.1.0.80) reports an CLOSED replica.
2023-04-24 08:15:47,402 [BlockDeletingService#0] INFO  interfaces.ContainerDeletionChoosingPolicyTemplate (ContainerDeletionChoosingPolicyTemplate.java:chooseContainerForBlockDeletion(83)) - Chosen 0/5000 blocks from 0 candidate containers.
2023-04-24 08:15:47,402 [BlockDeletingService#2] INFO  interfaces.ContainerDeletionChoosingPolicyTemplate (ContainerDeletionChoosingPolicyTemplate.java:chooseContainerForBlockDeletion(83)) - Chosen 0/5000 blocks from 0 candidate containers.
2023-04-24 08:15:47,494 [FixedThreadPoolWithAffinityExecutor-9-0] WARN  container.ContainerReportHandler (AbstractContainerReportHandler.java:updateContainerState(259)) - Container #1 is in OPEN state, but the datanode 593f1123-fce2-46ce-a0f5-50a98353a86f(fv-az212-956.zlodpucb4l4udavnfxg5s20dva.cx.internal.cloudapp.net/10.1.0.80) reports an CLOSED replica.
2023-04-24 08:15:47,502 [BlockDeletingService#0] INFO  interfaces.ContainerDeletionChoosingPolicyTemplate (ContainerDeletionChoosingPolicyTemplate.java:chooseContainerForBlockDeletion(83)) - Chosen 0/5000 blocks from 0 candidate containers.
2023-04-24 08:15:47,502 [BlockDeletingService#2] INFO  interfaces.ContainerDeletionChoosingPolicyTemplate (ContainerDeletionChoosingPolicyTemplate.java:chooseContainerForBlockDeletion(83)) - Chosen 0/5000 blocks from 0 candidate containers.
2023-04-24 08:15:47,602 [BlockDeletingService#0] INFO  interfaces.ContainerDeletionChoosingPolicyTemplate (ContainerDeletionChoosingPolicyTemplate.java:chooseContainerForBlockDeletion(83)) - Chosen 0/5000 blocks from 0 candidate containers.
2023-04-24 08:15:47,602 [BlockDeletingService#2] INFO  interfaces.ContainerDeletionChoosingPolicyTemplate (ContainerDeletionChoosingPolicyTemplate.java:chooseContainerForBlockDeletion(83)) - Chosen 0/5000 blocks from 0 candidate containers.
2023-04-24 08:15:47,684 [FixedThreadPoolWithAffinityExecutor-9-0] WARN  container.ContainerReportHandler (AbstractContainerReportHandler.java:updateContainerState(259)) - Container #1 is in OPEN state, but the datanode 444322bb-4321-4e38-998a-96758a8a198b(fv-az212-956.zlodpucb4l4udavnfxg5s20dva.cx.internal.cloudapp.net/10.1.0.80) reports an CLOSED replica.
2023-04-24 08:15:47,702 [BlockDeletingService#0] INFO  interfaces.ContainerDeletionChoosingPolicyTemplate (ContainerDeletionChoosingPolicyTemplate.java:chooseContainerForBlockDeletion(83)) - Chosen 0/5000 blocks from 0 candidate containers.
2023-04-24 08:15:47,702 [BlockDeletingService#2] INFO  interfaces.ContainerDeletionChoosingPolicyTemplate (ContainerDeletionChoosingPolicyTemplate.java:chooseContainerForBlockDeletion(83)) - Chosen 0/5000 blocks from 0 candidate containers.
2023-04-24 08:15:47,795 [FixedThreadPoolWithAffinityExecutor-9-0] WARN  container.ContainerReportHandler (AbstractContainerReportHandler.java:updateContainerState(259)) - Container #1 is in OPEN state, but the datanode 593f1123-fce2-46ce-a0f5-50a98353a86f(fv-az212-956.zlodpucb4l4udavnfxg5s20dva.cx.internal.cloudapp.net/10.1.0.80) reports an CLOSED replica.
2023-04-24 08:15:47,802 [BlockDeletingService#0] INFO  interfaces.ContainerDeletionChoosingPolicyTemplate (ContainerDeletionChoosingPolicyTemplate.java:chooseContainerForBlockDeletion(83)) - Chosen 0/5000 blocks from 0 candidate containers.
2023-04-24 08:15:47,812 [BlockDeletingService#2] INFO  interfaces.ContainerDeletionChoosingPolicyTemplate (ContainerDeletionChoosingPolicyTemplate.java:chooseContainerForBlockDeletion(83)) - Chosen 0/5000 blocks from 0 candidate containers.
2023-04-24 08:15:47,912 [BlockDeletingService#0] INFO  interfaces.ContainerDeletionChoosingPolicyTemplate (ContainerDeletionChoosingPolicyTemplate.java:chooseContainerForBlockDeletion(83)) - Chosen 0/5000 blocks from 0 candidate containers.
2023-04-24 08:15:47,912 [BlockDeletingService#2] INFO  interfaces.ContainerDeletionChoosingPolicyTemplate (ContainerDeletionChoosingPolicyTemplate.java:chooseContainerForBlockDeletion(83)) - Chosen 0/5000 blocks from 0 candidate containers.
2023-04-24 08:15:47,985 [FixedThreadPoolWithAffinityExecutor-9-0] WARN  container.ContainerReportHandler (AbstractContainerReportHandler.java:updateContainerState(259)) - Container #1 is in OPEN state, but the datanode 444322bb-4321-4e38-998a-96758a8a198b(fv-az212-956.zlodpucb4l4udavnfxg5s20dva.cx.internal.cloudapp.net/10.1.0.80) reports an CLOSED replica.
2023-04-24 08:15:48,013 [BlockDeletingService#0] INFO  interfaces.ContainerDeletionChoosingPolicyTemplate (ContainerDeletionChoosingPolicyTemplate.java:chooseContainerForBlockDeletion(83)) - Chosen 0/5000 blocks from 0 candidate containers.
2023-04-24 08:15:48,013 [BlockDeletingService#2] INFO  interfaces.ContainerDeletionChoosingPolicyTemplate (ContainerDeletionChoosingPolicyTemplate.java:chooseContainerForBlockDeletion(83)) - Chosen 0/5000 blocks from 0 candidate containers.
2023-04-24 08:15:48,096 [FixedThreadPoolWithAffinityExecutor-9-0] WARN  container.ContainerReportHandler (AbstractContainerReportHandler.java:updateContainerState(259)) - Container #1 is in OPEN state, but the datanode 593f1123-fce2-46ce-a0f5-50a98353a86f(fv-az212-956.zlodpucb4l4udavnfxg5s20dva.cx.internal.cloudapp.net/10.1.0.80) reports an CLOSED replica.
2023-04-24 08:15:48,113 [BlockDeletingService#0] INFO  interfaces.ContainerDeletionChoosingPolicyTemplate (ContainerDeletionChoosingPolicyTemplate.java:chooseContainerForBlockDeletion(83)) - Chosen 0/5000 blocks from 0 candidate containers.
2023-04-24 08:15:48,113 [BlockDeletingService#2] INFO  interfaces.ContainerDeletionChoosingPolicyTemplate (ContainerDeletionChoosingPolicyTemplate.java:chooseContainerForBlockDeletion(83)) - Chosen 0/5000 blocks from 0 candidate containers.
2023-04-24 08:15:48,213 [BlockDeletingService#0] INFO  interfaces.ContainerDeletionChoosingPolicyTemplate (ContainerDeletionChoosingPolicyTemplate.java:chooseContainerForBlockDeletion(83)) - Chosen 0/5000 blocks from 0 candidate containers.
2023-04-24 08:15:48,213 [BlockDeletingService#2] INFO  interfaces.ContainerDeletionChoosingPolicyTemplate (ContainerDeletionChoosingPolicyTemplate.java:chooseContainerForBlockDeletion(83)) - Chosen 0/5000 blocks from 0 candidate containers.
2023-04-24 08:15:48,286 [FixedThreadPoolWithAffinityExecutor-9-0] WARN  container.ContainerReportHandler (AbstractContainerReportHandler.java:updateContainerState(259)) - Container #1 is in OPEN state, but the datanode 444322bb-4321-4e38-998a-96758a8a198b(fv-az212-956.zlodpucb4l4udavnfxg5s20dva.cx.internal.cloudapp.net/10.1.0.80) reports an CLOSED replica.
2023-04-24 08:15:48,298 [grpc-default-executor-3] WARN  server.GrpcLogAppender (LogUtils.java:warn(122)) - 593f1123-fce2-46ce-a0f5-50a98353a86f@group-2C65884D69A9->d7f67023-bd71-4164-8161-24a8eb75dffe-AppendLogResponseHandler: Failed appendEntries: org.apache.ratis.thirdparty.io.grpc.StatusRuntimeException: UNAVAILABLE: io exception
2023-04-24 08:15:48,299 [grpc-default-executor-3] WARN  server.GrpcLogAppender (GrpcLogAppender.java:resetClient(131)) - 593f1123-fce2-46ce-a0f5-50a98353a86f@group-2C65884D69A9->d7f67023-bd71-4164-8161-24a8eb75dffe-GrpcLogAppender: Leader has not got in touch with Follower 593f1123-fce2-46ce-a0f5-50a98353a86f@group-2C65884D69A9->d7f67023-bd71-4164-8161-24a8eb75dffe(c-1,m0,n6, attendVote=true, lastRpcSendTime=0, lastRpcResponseTime=14058) yet, just keep nextIndex unchanged and retry.
2023-04-24 08:15:48,299 [grpc-default-executor-2] WARN  server.GrpcLogAppender (LogUtils.java:warn(122)) - 593f1123-fce2-46ce-a0f5-50a98353a86f@group-2C65884D69A9->d7f67023-bd71-4164-8161-24a8eb75dffe-AppendLogResponseHandler: Failed appendEntries: org.apache.ratis.thirdparty.io.grpc.StatusRuntimeException: UNAVAILABLE: io exception
2023-04-24 08:15:48,299 [grpc-default-executor-2] WARN  server.GrpcLogAppender (GrpcLogAppender.java:resetClient(131)) - 593f1123-fce2-46ce-a0f5-50a98353a86f@group-2C65884D69A9->d7f67023-bd71-4164-8161-24a8eb75dffe-GrpcLogAppender: Leader has not got in touch with Follower 593f1123-fce2-46ce-a0f5-50a98353a86f@group-2C65884D69A9->d7f67023-bd71-4164-8161-24a8eb75dffe(c-1,m0,n6, attendVote=true, lastRpcSendTime=1, lastRpcResponseTime=14058) yet, just keep nextIndex unchanged and retry.
2023-04-24 08:15:48,313 [BlockDeletingService#0] INFO  interfaces.ContainerDeletionChoosingPolicyTemplate (ContainerDeletionChoosingPolicyTemplate.java:chooseContainerForBlockDeletion(83)) - Chosen 0/5000 blocks from 0 candidate containers.
2023-04-24 08:15:48,313 [BlockDeletingService#2] INFO  interfaces.ContainerDeletionChoosingPolicyTemplate (ContainerDeletionChoosingPolicyTemplate.java:chooseContainerForBlockDeletion(83)) - Chosen 0/5000 blocks from 0 candidate containers.
2023-04-24 08:15:48,397 [FixedThreadPoolWithAffinityExecutor-9-0] WARN  container.ContainerReportHandler (AbstractContainerReportHandler.java:updateContainerState(259)) - Container #1 is in OPEN state, but the datanode 593f1123-fce2-46ce-a0f5-50a98353a86f(fv-az212-956.zlodpucb4l4udavnfxg5s20dva.cx.internal.cloudapp.net/10.1.0.80) reports an CLOSED replica.
2023-04-24 08:15:48,413 [BlockDeletingService#0] INFO  interfaces.ContainerDeletionChoosingPolicyTemplate (ContainerDeletionChoosingPolicyTemplate.java:chooseContainerForBlockDeletion(83)) - Chosen 0/5000 blocks from 0 candidate containers.
2023-04-24 08:15:48,413 [BlockDeletingService#2] INFO  interfaces.ContainerDeletionChoosingPolicyTemplate (ContainerDeletionChoosingPolicyTemplate.java:chooseContainerForBlockDeletion(83)) - Chosen 0/5000 blocks from 0 candidate containers.
2023-04-24 08:15:48,513 [BlockDeletingService#0] INFO  interfaces.ContainerDeletionChoosingPolicyTemplate (ContainerDeletionChoosingPolicyTemplate.java:chooseContainerForBlockDeletion(83)) - Chosen 0/5000 blocks from 0 candidate containers.
2023-04-24 08:15:48,514 [BlockDeletingService#2] INFO  interfaces.ContainerDeletionChoosingPolicyTemplate (ContainerDeletionChoosingPolicyTemplate.java:chooseContainerForBlockDeletion(83)) - Chosen 0/5000 blocks from 0 candidate containers.
2023-04-24 08:15:48,586 [FixedThreadPoolWithAffinityExecutor-9-0] WARN  container.ContainerReportHandler (AbstractContainerReportHandler.java:updateContainerState(259)) - Container #1 is in OPEN state, but the datanode 444322bb-4321-4e38-998a-96758a8a198b(fv-az212-956.zlodpucb4l4udavnfxg5s20dva.cx.internal.cloudapp.net/10.1.0.80) reports an CLOSED replica.
2023-04-24 08:15:48,614 [BlockDeletingService#0] INFO  interfaces.ContainerDeletionChoosingPolicyTemplate (ContainerDeletionChoosingPolicyTemplate.java:chooseContainerForBlockDeletion(83)) - Chosen 0/5000 blocks from 0 candidate containers.
2023-04-24 08:15:48,614 [BlockDeletingService#2] INFO  interfaces.ContainerDeletionChoosingPolicyTemplate (ContainerDeletionChoosingPolicyTemplate.java:chooseContainerForBlockDeletion(83)) - Chosen 0/5000 blocks from 0 candidate containers.
2023-04-24 08:15:48,714 [BlockDeletingService#0] INFO  interfaces.ContainerDeletionChoosingPolicyTemplate (ContainerDeletionChoosingPolicyTemplate.java:chooseContainerForBlockDeletion(83)) - Chosen 0/5000 blocks from 0 candidate containers.
2023-04-24 08:15:48,714 [BlockDeletingService#2] INFO  interfaces.ContainerDeletionChoosingPolicyTemplate (ContainerDeletionChoosingPolicyTemplate.java:chooseContainerForBlockDeletion(83)) - Chosen 0/5000 blocks from 0 candidate containers.
2023-04-24 08:15:48,796 [FixedThreadPoolWithAffinityExecutor-9-0] WARN  container.ContainerReportHandler (AbstractContainerReportHandler.java:updateContainerState(259)) - Container #1 is in OPEN state, but the datanode 593f1123-fce2-46ce-a0f5-50a98353a86f(fv-az212-956.zlodpucb4l4udavnfxg5s20dva.cx.internal.cloudapp.net/10.1.0.80) reports an CLOSED replica.
2023-04-24 08:15:48,814 [BlockDeletingService#0] INFO  interfaces.ContainerDeletionChoosingPolicyTemplate (ContainerDeletionChoosingPolicyTemplate.java:chooseContainerForBlockDeletion(83)) - Chosen 0/5000 blocks from 0 candidate containers.
2023-04-24 08:15:48,814 [BlockDeletingService#2] INFO  interfaces.ContainerDeletionChoosingPolicyTemplate (ContainerDeletionChoosingPolicyTemplate.java:chooseContainerForBlockDeletion(83)) - Chosen 0/5000 blocks from 0 candidate containers.
2023-04-24 08:15:48,886 [FixedThreadPoolWithAffinityExecutor-9-0] WARN  container.ContainerReportHandler (AbstractContainerReportHandler.java:updateContainerState(259)) - Container #1 is in OPEN state, but the datanode 444322bb-4321-4e38-998a-96758a8a198b(fv-az212-956.zlodpucb4l4udavnfxg5s20dva.cx.internal.cloudapp.net/10.1.0.80) reports an CLOSED replica.
2023-04-24 08:15:48,914 [BlockDeletingService#0] INFO  interfaces.ContainerDeletionChoosingPolicyTemplate (ContainerDeletionChoosingPolicyTemplate.java:chooseContainerForBlockDeletion(83)) - Chosen 0/5000 blocks from 0 candidate containers.
2023-04-24 08:15:48,914 [BlockDeletingService#2] INFO  interfaces.ContainerDeletionChoosingPolicyTemplate (ContainerDeletionChoosingPolicyTemplate.java:chooseContainerForBlockDeletion(83)) - Chosen 0/5000 blocks from 0 candidate containers.
2023-04-24 08:15:49,015 [BlockDeletingService#0] INFO  interfaces.ContainerDeletionChoosingPolicyTemplate (ContainerDeletionChoosingPolicyTemplate.java:chooseContainerForBlockDeletion(83)) - Chosen 0/5000 blocks from 0 candidate containers.
2023-04-24 08:15:49,015 [BlockDeletingService#2] INFO  interfaces.ContainerDeletionChoosingPolicyTemplate (ContainerDeletionChoosingPolicyTemplate.java:chooseContainerForBlockDeletion(83)) - Chosen 0/5000 blocks from 0 candidate containers.
2023-04-24 08:15:49,086 [FixedThreadPoolWithAffinityExecutor-9-0] WARN  container.ContainerReportHandler (AbstractContainerReportHandler.java:updateContainerState(259)) - Container #1 is in OPEN state, but the datanode 444322bb-4321-4e38-998a-96758a8a198b(fv-az212-956.zlodpucb4l4udavnfxg5s20dva.cx.internal.cloudapp.net/10.1.0.80) reports an CLOSED replica.
2023-04-24 08:15:49,097 [FixedThreadPoolWithAffinityExecutor-9-0] WARN  container.ContainerReportHandler (AbstractContainerReportHandler.java:updateContainerState(259)) - Container #1 is in OPEN state, but the datanode 593f1123-fce2-46ce-a0f5-50a98353a86f(fv-az212-956.zlodpucb4l4udavnfxg5s20dva.cx.internal.cloudapp.net/10.1.0.80) reports an CLOSED replica.
2023-04-24 08:15:49,115 [BlockDeletingService#0] INFO  interfaces.ContainerDeletionChoosingPolicyTemplate (ContainerDeletionChoosingPolicyTemplate.java:chooseContainerForBlockDeletion(83)) - Chosen 0/5000 blocks from 0 candidate containers.
2023-04-24 08:15:49,115 [BlockDeletingService#2] INFO  interfaces.ContainerDeletionChoosingPolicyTemplate (ContainerDeletionChoosingPolicyTemplate.java:chooseContainerForBlockDeletion(83)) - Chosen 0/5000 blocks from 0 candidate containers.
2023-04-24 08:15:49,215 [BlockDeletingService#0] INFO  interfaces.ContainerDeletionChoosingPolicyTemplate (ContainerDeletionChoosingPolicyTemplate.java:chooseContainerForBlockDeletion(83)) - Chosen 0/5000 blocks from 0 candidate containers.
2023-04-24 08:15:49,215 [BlockDeletingService#2] INFO  interfaces.ContainerDeletionChoosingPolicyTemplate (ContainerDeletionChoosingPolicyTemplate.java:chooseContainerForBlockDeletion(83)) - Chosen 0/5000 blocks from 0 candidate containers.
2023-04-24 08:15:49,315 [BlockDeletingService#0] INFO  interfaces.ContainerDeletionChoosingPolicyTemplate (ContainerDeletionChoosingPolicyTemplate.java:chooseContainerForBlockDeletion(83)) - Chosen 0/5000 blocks from 0 candidate containers.
2023-04-24 08:15:49,315 [BlockDeletingService#2] INFO  interfaces.ContainerDeletionChoosingPolicyTemplate (ContainerDeletionChoosingPolicyTemplate.java:chooseContainerForBlockDeletion(83)) - Chosen 0/5000 blocks from 0 candidate containers.
2023-04-24 08:15:49,387 [FixedThreadPoolWithAffinityExecutor-9-0] WARN  container.ContainerReportHandler (AbstractContainerReportHandler.java:updateContainerState(259)) - Container #1 is in OPEN state, but the datanode 444322bb-4321-4e38-998a-96758a8a198b(fv-az212-956.zlodpucb4l4udavnfxg5s20dva.cx.internal.cloudapp.net/10.1.0.80) reports an CLOSED replica.
2023-04-24 08:15:49,405 [FixedThreadPoolWithAffinityExecutor-9-0] WARN  container.ContainerReportHandler (AbstractContainerReportHandler.java:updateContainerState(259)) - Container #1 is in OPEN state, but the datanode 593f1123-fce2-46ce-a0f5-50a98353a86f(fv-az212-956.zlodpucb4l4udavnfxg5s20dva.cx.internal.cloudapp.net/10.1.0.80) reports an CLOSED replica.
2023-04-24 08:15:49,416 [BlockDeletingService#0] INFO  interfaces.ContainerDeletionChoosingPolicyTemplate (ContainerDeletionChoosingPolicyTemplate.java:chooseContainerForBlockDeletion(83)) - Chosen 0/5000 blocks from 0 candidate containers.
2023-04-24 08:15:49,416 [BlockDeletingService#2] INFO  interfaces.ContainerDeletionChoosingPolicyTemplate (ContainerDeletionChoosingPolicyTemplate.java:chooseContainerForBlockDeletion(83)) - Chosen 0/5000 blocks from 0 candidate containers.
2023-04-24 08:15:49,516 [BlockDeletingService#0] INFO  interfaces.ContainerDeletionChoosingPolicyTemplate (ContainerDeletionChoosingPolicyTemplate.java:chooseContainerForBlockDeletion(83)) - Chosen 0/5000 blocks from 0 candidate containers.
2023-04-24 08:15:49,517 [BlockDeletingService#2] INFO  interfaces.ContainerDeletionChoosingPolicyTemplate (ContainerDeletionChoosingPolicyTemplate.java:chooseContainerForBlockDeletion(83)) - Chosen 0/5000 blocks from 0 candidate containers.
2023-04-24 08:15:49,548 [grpc-default-executor-2] WARN  server.GrpcLogAppender (LogUtils.java:warn(122)) - 593f1123-fce2-46ce-a0f5-50a98353a86f@group-2C65884D69A9->d7f67023-bd71-4164-8161-24a8eb75dffe-AppendLogResponseHandler: Failed appendEntries: org.apache.ratis.thirdparty.io.grpc.StatusRuntimeException: UNAVAILABLE: io exception
2023-04-24 08:15:49,549 [grpc-default-executor-2] WARN  server.GrpcLogAppender (GrpcLogAppender.java:resetClient(131)) - 593f1123-fce2-46ce-a0f5-50a98353a86f@group-2C65884D69A9->d7f67023-bd71-4164-8161-24a8eb75dffe-GrpcLogAppender: Leader has not got in touch with Follower 593f1123-fce2-46ce-a0f5-50a98353a86f@group-2C65884D69A9->d7f67023-bd71-4164-8161-24a8eb75dffe(c-1,m0,n6, attendVote=true, lastRpcSendTime=0, lastRpcResponseTime=15308) yet, just keep nextIndex unchanged and retry.
2023-04-24 08:15:49,549 [grpc-default-executor-3] WARN  server.GrpcLogAppender (LogUtils.java:warn(122)) - 593f1123-fce2-46ce-a0f5-50a98353a86f@group-2C65884D69A9->d7f67023-bd71-4164-8161-24a8eb75dffe-AppendLogResponseHandler: Failed appendEntries: org.apache.ratis.thirdparty.io.grpc.StatusRuntimeException: UNAVAILABLE: io exception
2023-04-24 08:15:49,549 [grpc-default-executor-3] WARN  server.GrpcLogAppender (GrpcLogAppender.java:resetClient(131)) - 593f1123-fce2-46ce-a0f5-50a98353a86f@group-2C65884D69A9->d7f67023-bd71-4164-8161-24a8eb75dffe-GrpcLogAppender: Leader has not got in touch with Follower 593f1123-fce2-46ce-a0f5-50a98353a86f@group-2C65884D69A9->d7f67023-bd71-4164-8161-24a8eb75dffe(c-1,m0,n6, attendVote=true, lastRpcSendTime=1, lastRpcResponseTime=15308) yet, just keep nextIndex unchanged and retry.
2023-04-24 08:15:49,617 [BlockDeletingService#0] INFO  interfaces.ContainerDeletionChoosingPolicyTemplate (ContainerDeletionChoosingPolicyTemplate.java:chooseContainerForBlockDeletion(83)) - Chosen 0/5000 blocks from 0 candidate containers.
2023-04-24 08:15:49,617 [BlockDeletingService#2] INFO  interfaces.ContainerDeletionChoosingPolicyTemplate (ContainerDeletionChoosingPolicyTemplate.java:chooseContainerForBlockDeletion(83)) - Chosen 0/5000 blocks from 0 candidate containers.
2023-04-24 08:15:49,686 [FixedThreadPoolWithAffinityExecutor-9-0] WARN  container.ContainerReportHandler (AbstractContainerReportHandler.java:updateContainerState(259)) - Container #1 is in OPEN state, but the datanode 444322bb-4321-4e38-998a-96758a8a198b(fv-az212-956.zlodpucb4l4udavnfxg5s20dva.cx.internal.cloudapp.net/10.1.0.80) reports an CLOSED replica.
2023-04-24 08:15:49,705 [FixedThreadPoolWithAffinityExecutor-9-0] WARN  container.ContainerReportHandler (AbstractContainerReportHandler.java:updateContainerState(259)) - Container #1 is in OPEN state, but the datanode 593f1123-fce2-46ce-a0f5-50a98353a86f(fv-az212-956.zlodpucb4l4udavnfxg5s20dva.cx.internal.cloudapp.net/10.1.0.80) reports an CLOSED replica.
2023-04-24 08:15:49,717 [BlockDeletingService#0] INFO  interfaces.ContainerDeletionChoosingPolicyTemplate (ContainerDeletionChoosingPolicyTemplate.java:chooseContainerForBlockDeletion(83)) - Chosen 0/5000 blocks from 0 candidate containers.
2023-04-24 08:15:49,717 [BlockDeletingService#2] INFO  interfaces.ContainerDeletionChoosingPolicyTemplate (ContainerDeletionChoosingPolicyTemplate.java:chooseContainerForBlockDeletion(83)) - Chosen 0/5000 blocks from 0 candidate containers.
2023-04-24 08:15:49,817 [BlockDeletingService#0] INFO  interfaces.ContainerDeletionChoosingPolicyTemplate (ContainerDeletionChoosingPolicyTemplate.java:chooseContainerForBlockDeletion(83)) - Chosen 0/5000 blocks from 0 candidate containers.
2023-04-24 08:15:49,817 [BlockDeletingService#2] INFO  interfaces.ContainerDeletionChoosingPolicyTemplate (ContainerDeletionChoosingPolicyTemplate.java:chooseContainerForBlockDeletion(83)) - Chosen 0/5000 blocks from 0 candidate containers.
2023-04-24 08:15:49,917 [BlockDeletingService#0] INFO  interfaces.ContainerDeletionChoosingPolicyTemplate (ContainerDeletionChoosingPolicyTemplate.java:chooseContainerForBlockDeletion(83)) - Chosen 0/5000 blocks from 0 candidate containers.
2023-04-24 08:15:49,917 [BlockDeletingService#2] INFO  interfaces.ContainerDeletionChoosingPolicyTemplate (ContainerDeletionChoosingPolicyTemplate.java:chooseContainerForBlockDeletion(83)) - Chosen 0/5000 blocks from 0 candidate containers.
2023-04-24 08:15:49,987 [FixedThreadPoolWithAffinityExecutor-9-0] WARN  container.ContainerReportHandler (AbstractContainerReportHandler.java:updateContainerState(259)) - Container #1 is in OPEN state, but the datanode 444322bb-4321-4e38-998a-96758a8a198b(fv-az212-956.zlodpucb4l4udavnfxg5s20dva.cx.internal.cloudapp.net/10.1.0.80) reports an CLOSED replica.
2023-04-24 08:15:50,005 [FixedThreadPoolWithAffinityExecutor-9-0] WARN  container.ContainerReportHandler (AbstractContainerReportHandler.java:updateContainerState(259)) - Container #1 is in OPEN state, but the datanode 593f1123-fce2-46ce-a0f5-50a98353a86f(fv-az212-956.zlodpucb4l4udavnfxg5s20dva.cx.internal.cloudapp.net/10.1.0.80) reports an CLOSED replica.
2023-04-24 08:15:50,018 [BlockDeletingService#0] INFO  interfaces.ContainerDeletionChoosingPolicyTemplate (ContainerDeletionChoosingPolicyTemplate.java:chooseContainerForBlockDeletion(83)) - Chosen 0/5000 blocks from 0 candidate containers.
2023-04-24 08:15:50,018 [BlockDeletingService#2] INFO  interfaces.ContainerDeletionChoosingPolicyTemplate (ContainerDeletionChoosingPolicyTemplate.java:chooseContainerForBlockDeletion(83)) - Chosen 0/5000 blocks from 0 candidate containers.
2023-04-24 08:15:50,118 [BlockDeletingService#0] INFO  interfaces.ContainerDeletionChoosingPolicyTemplate (ContainerDeletionChoosingPolicyTemplate.java:chooseContainerForBlockDeletion(83)) - Chosen 0/5000 blocks from 0 candidate containers.
2023-04-24 08:15:50,118 [BlockDeletingService#2] INFO  interfaces.ContainerDeletionChoosingPolicyTemplate (ContainerDeletionChoosingPolicyTemplate.java:chooseContainerForBlockDeletion(83)) - Chosen 0/5000 blocks from 0 candidate containers.
2023-04-24 08:15:50,218 [BlockDeletingService#0] INFO  interfaces.ContainerDeletionChoosingPolicyTemplate (ContainerDeletionChoosingPolicyTemplate.java:chooseContainerForBlockDeletion(83)) - Chosen 0/5000 blocks from 0 candidate containers.
2023-04-24 08:15:50,218 [BlockDeletingService#2] INFO  interfaces.ContainerDeletionChoosingPolicyTemplate (ContainerDeletionChoosingPolicyTemplate.java:chooseContainerForBlockDeletion(83)) - Chosen 0/5000 blocks from 0 candidate containers.
2023-04-24 08:15:50,289 [FixedThreadPoolWithAffinityExecutor-9-0] WARN  container.ContainerReportHandler (AbstractContainerReportHandler.java:updateContainerState(259)) - Container #1 is in OPEN state, but the datanode 444322bb-4321-4e38-998a-96758a8a198b(fv-az212-956.zlodpucb4l4udavnfxg5s20dva.cx.internal.cloudapp.net/10.1.0.80) reports an CLOSED replica.
2023-04-24 08:15:50,305 [FixedThreadPoolWithAffinityExecutor-9-0] WARN  container.ContainerReportHandler (AbstractContainerReportHandler.java:updateContainerState(259)) - Container #1 is in OPEN state, but the datanode 593f1123-fce2-46ce-a0f5-50a98353a86f(fv-az212-956.zlodpucb4l4udavnfxg5s20dva.cx.internal.cloudapp.net/10.1.0.80) reports an CLOSED replica.
2023-04-24 08:15:50,318 [BlockDeletingService#0] INFO  interfaces.ContainerDeletionChoosingPolicyTemplate (ContainerDeletionChoosingPolicyTemplate.java:chooseContainerForBlockDeletion(83)) - Chosen 0/5000 blocks from 0 candidate containers.
2023-04-24 08:15:50,318 [BlockDeletingService#2] INFO  interfaces.ContainerDeletionChoosingPolicyTemplate (ContainerDeletionChoosingPolicyTemplate.java:chooseContainerForBlockDeletion(83)) - Chosen 0/5000 blocks from 0 candidate containers.
2023-04-24 08:15:50,418 [BlockDeletingService#0] INFO  interfaces.ContainerDeletionChoosingPolicyTemplate (ContainerDeletionChoosingPolicyTemplate.java:chooseContainerForBlockDeletion(83)) - Chosen 0/5000 blocks from 0 candidate containers.
2023-04-24 08:15:50,418 [BlockDeletingService#2] INFO  interfaces.ContainerDeletionChoosingPolicyTemplate (ContainerDeletionChoosingPolicyTemplate.java:chooseContainerForBlockDeletion(83)) - Chosen 0/5000 blocks from 0 candidate containers.
2023-04-24 08:15:50,519 [BlockDeletingService#0] INFO  interfaces.ContainerDeletionChoosingPolicyTemplate (ContainerDeletionChoosingPolicyTemplate.java:chooseContainerForBlockDeletion(83)) - Chosen 0/5000 blocks from 0 candidate containers.
2023-04-24 08:15:50,519 [BlockDeletingService#2] INFO  interfaces.ContainerDeletionChoosingPolicyTemplate (ContainerDeletionChoosingPolicyTemplate.java:chooseContainerForBlockDeletion(83)) - Chosen 0/5000 blocks from 0 candidate containers.
2023-04-24 08:15:50,588 [FixedThreadPoolWithAffinityExecutor-9-0] WARN  container.ContainerReportHandler (AbstractContainerReportHandler.java:updateContainerState(259)) - Container #1 is in OPEN state, but the datanode 444322bb-4321-4e38-998a-96758a8a198b(fv-az212-956.zlodpucb4l4udavnfxg5s20dva.cx.internal.cloudapp.net/10.1.0.80) reports an CLOSED replica.
2023-04-24 08:15:50,605 [FixedThreadPoolWithAffinityExecutor-9-0] WARN  container.ContainerReportHandler (AbstractContainerReportHandler.java:updateContainerState(259)) - Container #1 is in OPEN state, but the datanode 593f1123-fce2-46ce-a0f5-50a98353a86f(fv-az212-956.zlodpucb4l4udavnfxg5s20dva.cx.internal.cloudapp.net/10.1.0.80) reports an CLOSED replica.
2023-04-24 08:15:50,619 [BlockDeletingService#0] INFO  interfaces.ContainerDeletionChoosingPolicyTemplate (ContainerDeletionChoosingPolicyTemplate.java:chooseContainerForBlockDeletion(83)) - Chosen 0/5000 blocks from 0 candidate containers.
2023-04-24 08:15:50,619 [BlockDeletingService#2] INFO  interfaces.ContainerDeletionChoosingPolicyTemplate (ContainerDeletionChoosingPolicyTemplate.java:chooseContainerForBlockDeletion(83)) - Chosen 0/5000 blocks from 0 candidate containers.
2023-04-24 08:15:50,719 [BlockDeletingService#0] INFO  interfaces.ContainerDeletionChoosingPolicyTemplate (ContainerDeletionChoosingPolicyTemplate.java:chooseContainerForBlockDeletion(83)) - Chosen 0/5000 blocks from 0 candidate containers.
2023-04-24 08:15:50,719 [BlockDeletingService#2] INFO  interfaces.ContainerDeletionChoosingPolicyTemplate (ContainerDeletionChoosingPolicyTemplate.java:chooseContainerForBlockDeletion(83)) - Chosen 0/5000 blocks from 0 candidate containers.
2023-04-24 08:15:50,798 [grpc-default-executor-3] WARN  server.GrpcLogAppender (LogUtils.java:warn(122)) - 593f1123-fce2-46ce-a0f5-50a98353a86f@group-2C65884D69A9->d7f67023-bd71-4164-8161-24a8eb75dffe-AppendLogResponseHandler: Failed appendEntries: org.apache.ratis.thirdparty.io.grpc.StatusRuntimeException: UNAVAILABLE: io exception
2023-04-24 08:15:50,799 [grpc-default-executor-3] WARN  server.GrpcLogAppender (GrpcLogAppender.java:resetClient(131)) - 593f1123-fce2-46ce-a0f5-50a98353a86f@group-2C65884D69A9->d7f67023-bd71-4164-8161-24a8eb75dffe-GrpcLogAppender: Leader has not got in touch with Follower 593f1123-fce2-46ce-a0f5-50a98353a86f@group-2C65884D69A9->d7f67023-bd71-4164-8161-24a8eb75dffe(c-1,m0,n6, attendVote=true, lastRpcSendTime=0, lastRpcResponseTime=16558) yet, just keep nextIndex unchanged and retry.
2023-04-24 08:15:50,799 [grpc-default-executor-2] WARN  server.GrpcLogAppender (LogUtils.java:warn(122)) - 593f1123-fce2-46ce-a0f5-50a98353a86f@group-2C65884D69A9->d7f67023-bd71-4164-8161-24a8eb75dffe-AppendLogResponseHandler: Failed appendEntries: org.apache.ratis.thirdparty.io.grpc.StatusRuntimeException: UNAVAILABLE: io exception
2023-04-24 08:15:50,799 [grpc-default-executor-2] WARN  server.GrpcLogAppender (GrpcLogAppender.java:resetClient(131)) - 593f1123-fce2-46ce-a0f5-50a98353a86f@group-2C65884D69A9->d7f67023-bd71-4164-8161-24a8eb75dffe-GrpcLogAppender: Leader has not got in touch with Follower 593f1123-fce2-46ce-a0f5-50a98353a86f@group-2C65884D69A9->d7f67023-bd71-4164-8161-24a8eb75dffe(c-1,m0,n6, attendVote=true, lastRpcSendTime=1, lastRpcResponseTime=16559) yet, just keep nextIndex unchanged and retry.
2023-04-24 08:15:50,819 [BlockDeletingService#0] INFO  interfaces.ContainerDeletionChoosingPolicyTemplate (ContainerDeletionChoosingPolicyTemplate.java:chooseContainerForBlockDeletion(83)) - Chosen 0/5000 blocks from 0 candidate containers.
2023-04-24 08:15:50,819 [BlockDeletingService#2] INFO  interfaces.ContainerDeletionChoosingPolicyTemplate (ContainerDeletionChoosingPolicyTemplate.java:chooseContainerForBlockDeletion(83)) - Chosen 0/5000 blocks from 0 candidate containers.
2023-04-24 08:15:50,892 [FixedThreadPoolWithAffinityExecutor-9-0] WARN  container.ContainerReportHandler (AbstractContainerReportHandler.java:updateContainerState(259)) - Container #1 is in OPEN state, but the datanode 444322bb-4321-4e38-998a-96758a8a198b(fv-az212-956.zlodpucb4l4udavnfxg5s20dva.cx.internal.cloudapp.net/10.1.0.80) reports an CLOSED replica.
2023-04-24 08:15:50,906 [FixedThreadPoolWithAffinityExecutor-9-0] WARN  container.ContainerReportHandler (AbstractContainerReportHandler.java:updateContainerState(259)) - Container #1 is in OPEN state, but the datanode 593f1123-fce2-46ce-a0f5-50a98353a86f(fv-az212-956.zlodpucb4l4udavnfxg5s20dva.cx.internal.cloudapp.net/10.1.0.80) reports an CLOSED replica.
2023-04-24 08:15:50,919 [BlockDeletingService#0] INFO  interfaces.ContainerDeletionChoosingPolicyTemplate (ContainerDeletionChoosingPolicyTemplate.java:chooseContainerForBlockDeletion(83)) - Chosen 0/5000 blocks from 0 candidate containers.
2023-04-24 08:15:50,919 [BlockDeletingService#2] INFO  interfaces.ContainerDeletionChoosingPolicyTemplate (ContainerDeletionChoosingPolicyTemplate.java:chooseContainerForBlockDeletion(83)) - Chosen 0/5000 blocks from 0 candidate containers.
2023-04-24 08:15:51,020 [BlockDeletingService#0] INFO  interfaces.ContainerDeletionChoosingPolicyTemplate (ContainerDeletionChoosingPolicyTemplate.java:chooseContainerForBlockDeletion(83)) - Chosen 0/5000 blocks from 0 candidate containers.
2023-04-24 08:15:51,020 [BlockDeletingService#2] INFO  interfaces.ContainerDeletionChoosingPolicyTemplate (ContainerDeletionChoosingPolicyTemplate.java:chooseContainerForBlockDeletion(83)) - Chosen 0/5000 blocks from 0 candidate containers.
2023-04-24 08:15:51,120 [BlockDeletingService#0] INFO  interfaces.ContainerDeletionChoosingPolicyTemplate (ContainerDeletionChoosingPolicyTemplate.java:chooseContainerForBlockDeletion(83)) - Chosen 0/5000 blocks from 0 candidate containers.
2023-04-24 08:15:51,120 [BlockDeletingService#2] INFO  interfaces.ContainerDeletionChoosingPolicyTemplate (ContainerDeletionChoosingPolicyTemplate.java:chooseContainerForBlockDeletion(83)) - Chosen 0/5000 blocks from 0 candidate containers.
2023-04-24 08:15:51,191 [FixedThreadPoolWithAffinityExecutor-9-0] WARN  container.ContainerReportHandler (AbstractContainerReportHandler.java:updateContainerState(259)) - Container #1 is in OPEN state, but the datanode 444322bb-4321-4e38-998a-96758a8a198b(fv-az212-956.zlodpucb4l4udavnfxg5s20dva.cx.internal.cloudapp.net/10.1.0.80) reports an CLOSED replica.
2023-04-24 08:15:51,206 [FixedThreadPoolWithAffinityExecutor-9-0] WARN  container.ContainerReportHandler (AbstractContainerReportHandler.java:updateContainerState(259)) - Container #1 is in OPEN state, but the datanode 593f1123-fce2-46ce-a0f5-50a98353a86f(fv-az212-956.zlodpucb4l4udavnfxg5s20dva.cx.internal.cloudapp.net/10.1.0.80) reports an CLOSED replica.
2023-04-24 08:15:51,220 [BlockDeletingService#0] INFO  interfaces.ContainerDeletionChoosingPolicyTemplate (ContainerDeletionChoosingPolicyTemplate.java:chooseContainerForBlockDeletion(83)) - Chosen 0/5000 blocks from 0 candidate containers.
2023-04-24 08:15:51,220 [BlockDeletingService#2] INFO  interfaces.ContainerDeletionChoosingPolicyTemplate (ContainerDeletionChoosingPolicyTemplate.java:chooseContainerForBlockDeletion(83)) - Chosen 0/5000 blocks from 0 candidate containers.
2023-04-24 08:15:51,320 [BlockDeletingService#0] INFO  interfaces.ContainerDeletionChoosingPolicyTemplate (ContainerDeletionChoosingPolicyTemplate.java:chooseContainerForBlockDeletion(83)) - Chosen 0/5000 blocks from 0 candidate containers.
2023-04-24 08:15:51,320 [BlockDeletingService#2] INFO  interfaces.ContainerDeletionChoosingPolicyTemplate (ContainerDeletionChoosingPolicyTemplate.java:chooseContainerForBlockDeletion(83)) - Chosen 0/5000 blocks from 0 candidate containers.
2023-04-24 08:15:51,420 [BlockDeletingService#0] INFO  interfaces.ContainerDeletionChoosingPolicyTemplate (ContainerDeletionChoosingPolicyTemplate.java:chooseContainerForBlockDeletion(83)) - Chosen 0/5000 blocks from 0 candidate containers.
2023-04-24 08:15:51,420 [BlockDeletingService#2] INFO  interfaces.ContainerDeletionChoosingPolicyTemplate (ContainerDeletionChoosingPolicyTemplate.java:chooseContainerForBlockDeletion(83)) - Chosen 0/5000 blocks from 0 candidate containers.
2023-04-24 08:15:51,491 [FixedThreadPoolWithAffinityExecutor-9-0] WARN  container.ContainerReportHandler (AbstractContainerReportHandler.java:updateContainerState(259)) - Container #1 is in OPEN state, but the datanode 444322bb-4321-4e38-998a-96758a8a198b(fv-az212-956.zlodpucb4l4udavnfxg5s20dva.cx.internal.cloudapp.net/10.1.0.80) reports an CLOSED replica.
2023-04-24 08:15:51,506 [FixedThreadPoolWithAffinityExecutor-9-0] WARN  container.ContainerReportHandler (AbstractContainerReportHandler.java:updateContainerState(259)) - Container #1 is in OPEN state, but the datanode 593f1123-fce2-46ce-a0f5-50a98353a86f(fv-az212-956.zlodpucb4l4udavnfxg5s20dva.cx.internal.cloudapp.net/10.1.0.80) reports an CLOSED replica.
2023-04-24 08:15:51,521 [BlockDeletingService#0] INFO  interfaces.ContainerDeletionChoosingPolicyTemplate (ContainerDeletionChoosingPolicyTemplate.java:chooseContainerForBlockDeletion(83)) - Chosen 0/5000 blocks from 0 candidate containers.
2023-04-24 08:15:51,521 [BlockDeletingService#2] INFO  interfaces.ContainerDeletionChoosingPolicyTemplate (ContainerDeletionChoosingPolicyTemplate.java:chooseContainerForBlockDeletion(83)) - Chosen 0/5000 blocks from 0 candidate containers.
2023-04-24 08:15:51,621 [BlockDeletingService#0] INFO  interfaces.ContainerDeletionChoosingPolicyTemplate (ContainerDeletionChoosingPolicyTemplate.java:chooseContainerForBlockDeletion(83)) - Chosen 0/5000 blocks from 0 candidate containers.
2023-04-24 08:15:51,621 [BlockDeletingService#2] INFO  interfaces.ContainerDeletionChoosingPolicyTemplate (ContainerDeletionChoosingPolicyTemplate.java:chooseContainerForBlockDeletion(83)) - Chosen 0/5000 blocks from 0 candidate containers.
2023-04-24 08:15:51,721 [BlockDeletingService#0] INFO  interfaces.ContainerDeletionChoosingPolicyTemplate (ContainerDeletionChoosingPolicyTemplate.java:chooseContainerForBlockDeletion(83)) - Chosen 0/5000 blocks from 0 candidate containers.
2023-04-24 08:15:51,721 [BlockDeletingService#2] INFO  interfaces.ContainerDeletionChoosingPolicyTemplate (ContainerDeletionChoosingPolicyTemplate.java:chooseContainerForBlockDeletion(83)) - Chosen 0/5000 blocks from 0 candidate containers.
2023-04-24 08:15:51,792 [FixedThreadPoolWithAffinityExecutor-9-0] WARN  container.ContainerReportHandler (AbstractContainerReportHandler.java:updateContainerState(259)) - Container #1 is in OPEN state, but the datanode 444322bb-4321-4e38-998a-96758a8a198b(fv-az212-956.zlodpucb4l4udavnfxg5s20dva.cx.internal.cloudapp.net/10.1.0.80) reports an CLOSED replica.
2023-04-24 08:15:51,807 [FixedThreadPoolWithAffinityExecutor-9-0] WARN  container.ContainerReportHandler (AbstractContainerReportHandler.java:updateContainerState(259)) - Container #1 is in OPEN state, but the datanode 593f1123-fce2-46ce-a0f5-50a98353a86f(fv-az212-956.zlodpucb4l4udavnfxg5s20dva.cx.internal.cloudapp.net/10.1.0.80) reports an CLOSED replica.
2023-04-24 08:15:51,821 [BlockDeletingService#0] INFO  interfaces.ContainerDeletionChoosingPolicyTemplate (ContainerDeletionChoosingPolicyTemplate.java:chooseContainerForBlockDeletion(83)) - Chosen 0/5000 blocks from 0 candidate containers.
2023-04-24 08:15:51,821 [BlockDeletingService#2] INFO  interfaces.ContainerDeletionChoosingPolicyTemplate (ContainerDeletionChoosingPolicyTemplate.java:chooseContainerForBlockDeletion(83)) - Chosen 0/5000 blocks from 0 candidate containers.
2023-04-24 08:15:51,921 [BlockDeletingService#0] INFO  interfaces.ContainerDeletionChoosingPolicyTemplate (ContainerDeletionChoosingPolicyTemplate.java:chooseContainerForBlockDeletion(83)) - Chosen 0/5000 blocks from 0 candidate containers.
2023-04-24 08:15:51,921 [BlockDeletingService#2] INFO  interfaces.ContainerDeletionChoosingPolicyTemplate (ContainerDeletionChoosingPolicyTemplate.java:chooseContainerForBlockDeletion(83)) - Chosen 0/5000 blocks from 0 candidate containers.
2023-04-24 08:15:51,993 [FixedThreadPoolWithAffinityExecutor-9-0] WARN  container.ContainerReportHandler (AbstractContainerReportHandler.java:updateContainerState(259)) - Container #1 is in OPEN state, but the datanode 444322bb-4321-4e38-998a-96758a8a198b(fv-az212-956.zlodpucb4l4udavnfxg5s20dva.cx.internal.cloudapp.net/10.1.0.80) reports an CLOSED replica.
2023-04-24 08:15:52,022 [BlockDeletingService#0] INFO  interfaces.ContainerDeletionChoosingPolicyTemplate (ContainerDeletionChoosingPolicyTemplate.java:chooseContainerForBlockDeletion(83)) - Chosen 0/5000 blocks from 0 candidate containers.
2023-04-24 08:15:52,022 [BlockDeletingService#2] INFO  interfaces.ContainerDeletionChoosingPolicyTemplate (ContainerDeletionChoosingPolicyTemplate.java:chooseContainerForBlockDeletion(83)) - Chosen 0/5000 blocks from 0 candidate containers.
2023-04-24 08:15:52,049 [grpc-default-executor-2] WARN  server.GrpcLogAppender (LogUtils.java:warn(122)) - 593f1123-fce2-46ce-a0f5-50a98353a86f@group-2C65884D69A9->d7f67023-bd71-4164-8161-24a8eb75dffe-AppendLogResponseHandler: Failed appendEntries: org.apache.ratis.thirdparty.io.grpc.StatusRuntimeException: UNAVAILABLE: io exception
2023-04-24 08:15:52,049 [grpc-default-executor-3] WARN  server.GrpcLogAppender (LogUtils.java:warn(122)) - 593f1123-fce2-46ce-a0f5-50a98353a86f@group-2C65884D69A9->d7f67023-bd71-4164-8161-24a8eb75dffe-AppendLogResponseHandler: Failed appendEntries: org.apache.ratis.thirdparty.io.grpc.StatusRuntimeException: UNAVAILABLE: io exception
2023-04-24 08:15:52,050 [grpc-default-executor-2] WARN  server.GrpcLogAppender (GrpcLogAppender.java:resetClient(131)) - 593f1123-fce2-46ce-a0f5-50a98353a86f@group-2C65884D69A9->d7f67023-bd71-4164-8161-24a8eb75dffe-GrpcLogAppender: Leader has not got in touch with Follower 593f1123-fce2-46ce-a0f5-50a98353a86f@group-2C65884D69A9->d7f67023-bd71-4164-8161-24a8eb75dffe(c-1,m0,n6, attendVote=true, lastRpcSendTime=0, lastRpcResponseTime=17809) yet, just keep nextIndex unchanged and retry.
2023-04-24 08:15:52,052 [grpc-default-executor-3] WARN  server.GrpcLogAppender (GrpcLogAppender.java:resetClient(131)) - 593f1123-fce2-46ce-a0f5-50a98353a86f@group-2C65884D69A9->d7f67023-bd71-4164-8161-24a8eb75dffe-GrpcLogAppender: Leader has not got in touch with Follower 593f1123-fce2-46ce-a0f5-50a98353a86f@group-2C65884D69A9->d7f67023-bd71-4164-8161-24a8eb75dffe(c-1,m0,n6, attendVote=true, lastRpcSendTime=2, lastRpcResponseTime=17811) yet, just keep nextIndex unchanged and retry.
2023-04-24 08:15:52,122 [BlockDeletingService#0] INFO  interfaces.ContainerDeletionChoosingPolicyTemplate (ContainerDeletionChoosingPolicyTemplate.java:chooseContainerForBlockDeletion(83)) - Chosen 0/5000 blocks from 0 candidate containers.
2023-04-24 08:15:52,122 [BlockDeletingService#2] INFO  interfaces.ContainerDeletionChoosingPolicyTemplate (ContainerDeletionChoosingPolicyTemplate.java:chooseContainerForBlockDeletion(83)) - Chosen 0/5000 blocks from 0 candidate containers.
2023-04-24 08:15:52,209 [FixedThreadPoolWithAffinityExecutor-9-0] WARN  container.ContainerReportHandler (AbstractContainerReportHandler.java:updateContainerState(259)) - Container #1 is in OPEN state, but the datanode 593f1123-fce2-46ce-a0f5-50a98353a86f(fv-az212-956.zlodpucb4l4udavnfxg5s20dva.cx.internal.cloudapp.net/10.1.0.80) reports an CLOSED replica.
2023-04-24 08:15:52,222 [BlockDeletingService#0] INFO  interfaces.ContainerDeletionChoosingPolicyTemplate (ContainerDeletionChoosingPolicyTemplate.java:chooseContainerForBlockDeletion(83)) - Chosen 0/5000 blocks from 0 candidate containers.
2023-04-24 08:15:52,222 [BlockDeletingService#2] INFO  interfaces.ContainerDeletionChoosingPolicyTemplate (ContainerDeletionChoosingPolicyTemplate.java:chooseContainerForBlockDeletion(83)) - Chosen 0/5000 blocks from 0 candidate containers.
2023-04-24 08:15:52,292 [FixedThreadPoolWithAffinityExecutor-9-0] WARN  container.ContainerReportHandler (AbstractContainerReportHandler.java:updateContainerState(259)) - Container #1 is in OPEN state, but the datanode 444322bb-4321-4e38-998a-96758a8a198b(fv-az212-956.zlodpucb4l4udavnfxg5s20dva.cx.internal.cloudapp.net/10.1.0.80) reports an CLOSED replica.
2023-04-24 08:15:52,322 [BlockDeletingService#0] INFO  interfaces.ContainerDeletionChoosingPolicyTemplate (ContainerDeletionChoosingPolicyTemplate.java:chooseContainerForBlockDeletion(83)) - Chosen 0/5000 blocks from 0 candidate containers.
2023-04-24 08:15:52,323 [BlockDeletingService#2] INFO  interfaces.ContainerDeletionChoosingPolicyTemplate (ContainerDeletionChoosingPolicyTemplate.java:chooseContainerForBlockDeletion(83)) - Chosen 0/5000 blocks from 0 candidate containers.
2023-04-24 08:15:52,423 [BlockDeletingService#0] INFO  interfaces.ContainerDeletionChoosingPolicyTemplate (ContainerDeletionChoosingPolicyTemplate.java:chooseContainerForBlockDeletion(83)) - Chosen 0/5000 blocks from 0 candidate containers.
2023-04-24 08:15:52,423 [BlockDeletingService#2] INFO  interfaces.ContainerDeletionChoosingPolicyTemplate (ContainerDeletionChoosingPolicyTemplate.java:chooseContainerForBlockDeletion(83)) - Chosen 0/5000 blocks from 0 candidate containers.
2023-04-24 08:15:52,510 [FixedThreadPoolWithAffinityExecutor-9-0] WARN  container.ContainerReportHandler (AbstractContainerReportHandler.java:updateContainerState(259)) - Container #1 is in OPEN state, but the datanode 593f1123-fce2-46ce-a0f5-50a98353a86f(fv-az212-956.zlodpucb4l4udavnfxg5s20dva.cx.internal.cloudapp.net/10.1.0.80) reports an CLOSED replica.
2023-04-24 08:15:52,523 [BlockDeletingService#0] INFO  interfaces.ContainerDeletionChoosingPolicyTemplate (ContainerDeletionChoosingPolicyTemplate.java:chooseContainerForBlockDeletion(83)) - Chosen 0/5000 blocks from 0 candidate containers.
2023-04-24 08:15:52,523 [BlockDeletingService#2] INFO  interfaces.ContainerDeletionChoosingPolicyTemplate (ContainerDeletionChoosingPolicyTemplate.java:chooseContainerForBlockDeletion(83)) - Chosen 0/5000 blocks from 0 candidate containers.
2023-04-24 08:15:52,593 [FixedThreadPoolWithAffinityExecutor-9-0] WARN  container.ContainerReportHandler (AbstractContainerReportHandler.java:updateContainerState(259)) - Container #1 is in OPEN state, but the datanode 444322bb-4321-4e38-998a-96758a8a198b(fv-az212-956.zlodpucb4l4udavnfxg5s20dva.cx.internal.cloudapp.net/10.1.0.80) reports an CLOSED replica.
2023-04-24 08:15:52,623 [BlockDeletingService#0] INFO  interfaces.ContainerDeletionChoosingPolicyTemplate (ContainerDeletionChoosingPolicyTemplate.java:chooseContainerForBlockDeletion(83)) - Chosen 0/5000 blocks from 0 candidate containers.
2023-04-24 08:15:52,623 [BlockDeletingService#2] INFO  interfaces.ContainerDeletionChoosingPolicyTemplate (ContainerDeletionChoosingPolicyTemplate.java:chooseContainerForBlockDeletion(83)) - Chosen 0/5000 blocks from 0 candidate containers.
2023-04-24 08:15:52,723 [BlockDeletingService#0] INFO  interfaces.ContainerDeletionChoosingPolicyTemplate (ContainerDeletionChoosingPolicyTemplate.java:chooseContainerForBlockDeletion(83)) - Chosen 0/5000 blocks from 0 candidate containers.
2023-04-24 08:15:52,723 [BlockDeletingService#2] INFO  interfaces.ContainerDeletionChoosingPolicyTemplate (ContainerDeletionChoosingPolicyTemplate.java:chooseContainerForBlockDeletion(83)) - Chosen 0/5000 blocks from 0 candidate containers.
2023-04-24 08:15:52,810 [FixedThreadPoolWithAffinityExecutor-9-0] WARN  container.ContainerReportHandler (AbstractContainerReportHandler.java:updateContainerState(259)) - Container #1 is in OPEN state, but the datanode 593f1123-fce2-46ce-a0f5-50a98353a86f(fv-az212-956.zlodpucb4l4udavnfxg5s20dva.cx.internal.cloudapp.net/10.1.0.80) reports an CLOSED replica.
2023-04-24 08:15:52,823 [BlockDeletingService#0] INFO  interfaces.ContainerDeletionChoosingPolicyTemplate (ContainerDeletionChoosingPolicyTemplate.java:chooseContainerForBlockDeletion(83)) - Chosen 0/5000 blocks from 0 candidate containers.
2023-04-24 08:15:52,823 [BlockDeletingService#2] INFO  interfaces.ContainerDeletionChoosingPolicyTemplate (ContainerDeletionChoosingPolicyTemplate.java:chooseContainerForBlockDeletion(83)) - Chosen 0/5000 blocks from 0 candidate containers.
2023-04-24 08:15:52,893 [FixedThreadPoolWithAffinityExecutor-9-0] WARN  container.ContainerReportHandler (AbstractContainerReportHandler.java:updateContainerState(259)) - Container #1 is in OPEN state, but the datanode 444322bb-4321-4e38-998a-96758a8a198b(fv-az212-956.zlodpucb4l4udavnfxg5s20dva.cx.internal.cloudapp.net/10.1.0.80) reports an CLOSED replica.
2023-04-24 08:15:52,923 [BlockDeletingService#2] INFO  interfaces.ContainerDeletionChoosingPolicyTemplate (ContainerDeletionChoosingPolicyTemplate.java:chooseContainerForBlockDeletion(83)) - Chosen 0/5000 blocks from 0 candidate containers.
2023-04-24 08:15:52,924 [BlockDeletingService#2] INFO  interfaces.ContainerDeletionChoosingPolicyTemplate (ContainerDeletionChoosingPolicyTemplate.java:chooseContainerForBlockDeletion(83)) - Chosen 0/5000 blocks from 0 candidate containers.
2023-04-24 08:15:53,024 [BlockDeletingService#2] INFO  interfaces.ContainerDeletionChoosingPolicyTemplate (ContainerDeletionChoosingPolicyTemplate.java:chooseContainerForBlockDeletion(83)) - Chosen 0/5000 blocks from 0 candidate containers.
2023-04-24 08:15:53,024 [BlockDeletingService#2] INFO  interfaces.ContainerDeletionChoosingPolicyTemplate (ContainerDeletionChoosingPolicyTemplate.java:chooseContainerForBlockDeletion(83)) - Chosen 0/5000 blocks from 0 candidate containers.
2023-04-24 08:15:53,109 [FixedThreadPoolWithAffinityExecutor-9-0] WARN  container.ContainerReportHandler (AbstractContainerReportHandler.java:updateContainerState(259)) - Container #1 is in OPEN state, but the datanode 593f1123-fce2-46ce-a0f5-50a98353a86f(fv-az212-956.zlodpucb4l4udavnfxg5s20dva.cx.internal.cloudapp.net/10.1.0.80) reports an CLOSED replica.
2023-04-24 08:15:53,124 [BlockDeletingService#2] INFO  interfaces.ContainerDeletionChoosingPolicyTemplate (ContainerDeletionChoosingPolicyTemplate.java:chooseContainerForBlockDeletion(83)) - Chosen 0/5000 blocks from 0 candidate containers.
2023-04-24 08:15:53,124 [BlockDeletingService#2] INFO  interfaces.ContainerDeletionChoosingPolicyTemplate (ContainerDeletionChoosingPolicyTemplate.java:chooseContainerForBlockDeletion(83)) - Chosen 0/5000 blocks from 0 candidate containers.
2023-04-24 08:15:53,194 [FixedThreadPoolWithAffinityExecutor-9-0] WARN  container.ContainerReportHandler (AbstractContainerReportHandler.java:updateContainerState(259)) - Container #1 is in OPEN state, but the datanode 444322bb-4321-4e38-998a-96758a8a198b(fv-az212-956.zlodpucb4l4udavnfxg5s20dva.cx.internal.cloudapp.net/10.1.0.80) reports an CLOSED replica.
2023-04-24 08:15:53,224 [BlockDeletingService#2] INFO  interfaces.ContainerDeletionChoosingPolicyTemplate (ContainerDeletionChoosingPolicyTemplate.java:chooseContainerForBlockDeletion(83)) - Chosen 0/5000 blocks from 0 candidate containers.
2023-04-24 08:15:53,224 [BlockDeletingService#2] INFO  interfaces.ContainerDeletionChoosingPolicyTemplate (ContainerDeletionChoosingPolicyTemplate.java:chooseContainerForBlockDeletion(83)) - Chosen 0/5000 blocks from 0 candidate containers.
2023-04-24 08:15:53,300 [grpc-default-executor-3] WARN  server.GrpcLogAppender (LogUtils.java:warn(122)) - 593f1123-fce2-46ce-a0f5-50a98353a86f@group-2C65884D69A9->d7f67023-bd71-4164-8161-24a8eb75dffe-AppendLogResponseHandler: Failed appendEntries: org.apache.ratis.thirdparty.io.grpc.StatusRuntimeException: UNAVAILABLE: io exception
2023-04-24 08:15:53,300 [grpc-default-executor-3] WARN  server.GrpcLogAppender (GrpcLogAppender.java:resetClient(131)) - 593f1123-fce2-46ce-a0f5-50a98353a86f@group-2C65884D69A9->d7f67023-bd71-4164-8161-24a8eb75dffe-GrpcLogAppender: Leader has not got in touch with Follower 593f1123-fce2-46ce-a0f5-50a98353a86f@group-2C65884D69A9->d7f67023-bd71-4164-8161-24a8eb75dffe(c-1,m0,n6, attendVote=true, lastRpcSendTime=0, lastRpcResponseTime=19059) yet, just keep nextIndex unchanged and retry.
2023-04-24 08:15:53,301 [grpc-default-executor-2] WARN  server.GrpcLogAppender (LogUtils.java:warn(122)) - 593f1123-fce2-46ce-a0f5-50a98353a86f@group-2C65884D69A9->d7f67023-bd71-4164-8161-24a8eb75dffe-AppendLogResponseHandler: Failed appendEntries: org.apache.ratis.thirdparty.io.grpc.StatusRuntimeException: UNAVAILABLE: io exception
2023-04-24 08:15:53,301 [grpc-default-executor-2] WARN  server.GrpcLogAppender (GrpcLogAppender.java:resetClient(131)) - 593f1123-fce2-46ce-a0f5-50a98353a86f@group-2C65884D69A9->d7f67023-bd71-4164-8161-24a8eb75dffe-GrpcLogAppender: Leader has not got in touch with Follower 593f1123-fce2-46ce-a0f5-50a98353a86f@group-2C65884D69A9->d7f67023-bd71-4164-8161-24a8eb75dffe(c-1,m0,n6, attendVote=true, lastRpcSendTime=0, lastRpcResponseTime=19060) yet, just keep nextIndex unchanged and retry.
2023-04-24 08:15:53,324 [BlockDeletingService#2] INFO  interfaces.ContainerDeletionChoosingPolicyTemplate (ContainerDeletionChoosingPolicyTemplate.java:chooseContainerForBlockDeletion(83)) - Chosen 0/5000 blocks from 0 candidate containers.
2023-04-24 08:15:53,324 [BlockDeletingService#2] INFO  interfaces.ContainerDeletionChoosingPolicyTemplate (ContainerDeletionChoosingPolicyTemplate.java:chooseContainerForBlockDeletion(83)) - Chosen 0/5000 blocks from 0 candidate containers.
2023-04-24 08:15:53,409 [FixedThreadPoolWithAffinityExecutor-9-0] WARN  container.ContainerReportHandler (AbstractContainerReportHandler.java:updateContainerState(259)) - Container #1 is in OPEN state, but the datanode 593f1123-fce2-46ce-a0f5-50a98353a86f(fv-az212-956.zlodpucb4l4udavnfxg5s20dva.cx.internal.cloudapp.net/10.1.0.80) reports an CLOSED replica.
2023-04-24 08:15:53,424 [BlockDeletingService#2] INFO  interfaces.ContainerDeletionChoosingPolicyTemplate (ContainerDeletionChoosingPolicyTemplate.java:chooseContainerForBlockDeletion(83)) - Chosen 0/5000 blocks from 0 candidate containers.
2023-04-24 08:15:53,424 [BlockDeletingService#2] INFO  interfaces.ContainerDeletionChoosingPolicyTemplate (ContainerDeletionChoosingPolicyTemplate.java:chooseContainerForBlockDeletion(83)) - Chosen 0/5000 blocks from 0 candidate containers.
2023-04-24 08:15:53,494 [FixedThreadPoolWithAffinityExecutor-9-0] WARN  container.ContainerReportHandler (AbstractContainerReportHandler.java:updateContainerState(259)) - Container #1 is in OPEN state, but the datanode 444322bb-4321-4e38-998a-96758a8a198b(fv-az212-956.zlodpucb4l4udavnfxg5s20dva.cx.internal.cloudapp.net/10.1.0.80) reports an CLOSED replica.
2023-04-24 08:15:53,525 [BlockDeletingService#2] INFO  interfaces.ContainerDeletionChoosingPolicyTemplate (ContainerDeletionChoosingPolicyTemplate.java:chooseContainerForBlockDeletion(83)) - Chosen 0/5000 blocks from 0 candidate containers.
2023-04-24 08:15:53,525 [BlockDeletingService#2] INFO  interfaces.ContainerDeletionChoosingPolicyTemplate (ContainerDeletionChoosingPolicyTemplate.java:chooseContainerForBlockDeletion(83)) - Chosen 0/5000 blocks from 0 candidate containers.
2023-04-24 08:15:53,625 [BlockDeletingService#2] INFO  interfaces.ContainerDeletionChoosingPolicyTemplate (ContainerDeletionChoosingPolicyTemplate.java:chooseContainerForBlockDeletion(83)) - Chosen 0/5000 blocks from 0 candidate containers.
2023-04-24 08:15:53,625 [BlockDeletingService#2] INFO  interfaces.ContainerDeletionChoosingPolicyTemplate (ContainerDeletionChoosingPolicyTemplate.java:chooseContainerForBlockDeletion(83)) - Chosen 0/5000 blocks from 0 candidate containers.
2023-04-24 08:15:53,709 [FixedThreadPoolWithAffinityExecutor-9-0] WARN  container.ContainerReportHandler (AbstractContainerReportHandler.java:updateContainerState(259)) - Container #1 is in OPEN state, but the datanode 593f1123-fce2-46ce-a0f5-50a98353a86f(fv-az212-956.zlodpucb4l4udavnfxg5s20dva.cx.internal.cloudapp.net/10.1.0.80) reports an CLOSED replica.
2023-04-24 08:15:53,725 [BlockDeletingService#2] INFO  interfaces.ContainerDeletionChoosingPolicyTemplate (ContainerDeletionChoosingPolicyTemplate.java:chooseContainerForBlockDeletion(83)) - Chosen 0/5000 blocks from 0 candidate containers.
2023-04-24 08:15:53,725 [BlockDeletingService#2] INFO  interfaces.ContainerDeletionChoosingPolicyTemplate (ContainerDeletionChoosingPolicyTemplate.java:chooseContainerForBlockDeletion(83)) - Chosen 0/5000 blocks from 0 candidate containers.
2023-04-24 08:15:53,794 [FixedThreadPoolWithAffinityExecutor-9-0] WARN  container.ContainerReportHandler (AbstractContainerReportHandler.java:updateContainerState(259)) - Container #1 is in OPEN state, but the datanode 444322bb-4321-4e38-998a-96758a8a198b(fv-az212-956.zlodpucb4l4udavnfxg5s20dva.cx.internal.cloudapp.net/10.1.0.80) reports an CLOSED replica.
2023-04-24 08:15:53,825 [BlockDeletingService#2] INFO  interfaces.ContainerDeletionChoosingPolicyTemplate (ContainerDeletionChoosingPolicyTemplate.java:chooseContainerForBlockDeletion(83)) - Chosen 0/5000 blocks from 0 candidate containers.
2023-04-24 08:15:53,825 [BlockDeletingService#2] INFO  interfaces.ContainerDeletionChoosingPolicyTemplate (ContainerDeletionChoosingPolicyTemplate.java:chooseContainerForBlockDeletion(83)) - Chosen 0/5000 blocks from 0 candidate containers.
2023-04-24 08:15:53,925 [BlockDeletingService#2] INFO  interfaces.ContainerDeletionChoosingPolicyTemplate (ContainerDeletionChoosingPolicyTemplate.java:chooseContainerForBlockDeletion(83)) - Chosen 0/5000 blocks from 0 candidate containers.
2023-04-24 08:15:53,925 [BlockDeletingService#2] INFO  interfaces.ContainerDeletionChoosingPolicyTemplate (ContainerDeletionChoosingPolicyTemplate.java:chooseContainerForBlockDeletion(83)) - Chosen 0/5000 blocks from 0 candidate containers.
2023-04-24 08:15:54,009 [FixedThreadPoolWithAffinityExecutor-9-0] WARN  container.ContainerReportHandler (AbstractContainerReportHandler.java:updateContainerState(259)) - Container #1 is in OPEN state, but the datanode 593f1123-fce2-46ce-a0f5-50a98353a86f(fv-az212-956.zlodpucb4l4udavnfxg5s20dva.cx.internal.cloudapp.net/10.1.0.80) reports an CLOSED replica.
2023-04-24 08:15:54,025 [BlockDeletingService#2] INFO  interfaces.ContainerDeletionChoosingPolicyTemplate (ContainerDeletionChoosingPolicyTemplate.java:chooseContainerForBlockDeletion(83)) - Chosen 0/5000 blocks from 0 candidate containers.
2023-04-24 08:15:54,026 [BlockDeletingService#2] INFO  interfaces.ContainerDeletionChoosingPolicyTemplate (ContainerDeletionChoosingPolicyTemplate.java:chooseContainerForBlockDeletion(83)) - Chosen 0/5000 blocks from 0 candidate containers.
2023-04-24 08:15:54,100 [FixedThreadPoolWithAffinityExecutor-9-0] WARN  container.ContainerReportHandler (AbstractContainerReportHandler.java:updateContainerState(259)) - Container #1 is in OPEN state, but the datanode 444322bb-4321-4e38-998a-96758a8a198b(fv-az212-956.zlodpucb4l4udavnfxg5s20dva.cx.internal.cloudapp.net/10.1.0.80) reports an CLOSED replica.
2023-04-24 08:15:54,126 [BlockDeletingService#2] INFO  interfaces.ContainerDeletionChoosingPolicyTemplate (ContainerDeletionChoosingPolicyTemplate.java:chooseContainerForBlockDeletion(83)) - Chosen 0/5000 blocks from 0 candidate containers.
2023-04-24 08:15:54,126 [BlockDeletingService#2] INFO  interfaces.ContainerDeletionChoosingPolicyTemplate (ContainerDeletionChoosingPolicyTemplate.java:chooseContainerForBlockDeletion(83)) - Chosen 0/5000 blocks from 0 candidate containers.
2023-04-24 08:15:54,226 [BlockDeletingService#2] INFO  interfaces.ContainerDeletionChoosingPolicyTemplate (ContainerDeletionChoosingPolicyTemplate.java:chooseContainerForBlockDeletion(83)) - Chosen 0/5000 blocks from 0 candidate containers.
2023-04-24 08:15:54,226 [BlockDeletingService#2] INFO  interfaces.ContainerDeletionChoosingPolicyTemplate (ContainerDeletionChoosingPolicyTemplate.java:chooseContainerForBlockDeletion(83)) - Chosen 0/5000 blocks from 0 candidate containers.
2023-04-24 08:15:54,310 [FixedThreadPoolWithAffinityExecutor-9-0] WARN  container.ContainerReportHandler (AbstractContainerReportHandler.java:updateContainerState(259)) - Container #1 is in OPEN state, but the datanode 593f1123-fce2-46ce-a0f5-50a98353a86f(fv-az212-956.zlodpucb4l4udavnfxg5s20dva.cx.internal.cloudapp.net/10.1.0.80) reports an CLOSED replica.
2023-04-24 08:15:54,326 [BlockDeletingService#2] INFO  interfaces.ContainerDeletionChoosingPolicyTemplate (ContainerDeletionChoosingPolicyTemplate.java:chooseContainerForBlockDeletion(83)) - Chosen 0/5000 blocks from 0 candidate containers.
2023-04-24 08:15:54,326 [BlockDeletingService#2] INFO  interfaces.ContainerDeletionChoosingPolicyTemplate (ContainerDeletionChoosingPolicyTemplate.java:chooseContainerForBlockDeletion(83)) - Chosen 0/5000 blocks from 0 candidate containers.
2023-04-24 08:15:54,404 [FixedThreadPoolWithAffinityExecutor-9-0] WARN  container.ContainerReportHandler (AbstractContainerReportHandler.java:updateContainerState(259)) - Container #1 is in OPEN state, but the datanode 444322bb-4321-4e38-998a-96758a8a198b(fv-az212-956.zlodpucb4l4udavnfxg5s20dva.cx.internal.cloudapp.net/10.1.0.80) reports an CLOSED replica.
2023-04-24 08:15:54,426 [BlockDeletingService#2] INFO  interfaces.ContainerDeletionChoosingPolicyTemplate (ContainerDeletionChoosingPolicyTemplate.java:chooseContainerForBlockDeletion(83)) - Chosen 0/5000 blocks from 0 candidate containers.
2023-04-24 08:15:54,426 [BlockDeletingService#2] INFO  interfaces.ContainerDeletionChoosingPolicyTemplate (ContainerDeletionChoosingPolicyTemplate.java:chooseContainerForBlockDeletion(83)) - Chosen 0/5000 blocks from 0 candidate containers.
2023-04-24 08:15:54,526 [BlockDeletingService#2] INFO  interfaces.ContainerDeletionChoosingPolicyTemplate (ContainerDeletionChoosingPolicyTemplate.java:chooseContainerForBlockDeletion(83)) - Chosen 0/5000 blocks from 0 candidate containers.
2023-04-24 08:15:54,526 [BlockDeletingService#2] INFO  interfaces.ContainerDeletionChoosingPolicyTemplate (ContainerDeletionChoosingPolicyTemplate.java:chooseContainerForBlockDeletion(83)) - Chosen 0/5000 blocks from 0 candidate containers.
2023-04-24 08:15:54,550 [grpc-default-executor-2] WARN  server.GrpcLogAppender (LogUtils.java:warn(122)) - 593f1123-fce2-46ce-a0f5-50a98353a86f@group-2C65884D69A9->d7f67023-bd71-4164-8161-24a8eb75dffe-AppendLogResponseHandler: Failed appendEntries: org.apache.ratis.thirdparty.io.grpc.StatusRuntimeException: UNAVAILABLE: io exception
2023-04-24 08:15:54,550 [grpc-default-executor-3] WARN  server.GrpcLogAppender (LogUtils.java:warn(122)) - 593f1123-fce2-46ce-a0f5-50a98353a86f@group-2C65884D69A9->d7f67023-bd71-4164-8161-24a8eb75dffe-AppendLogResponseHandler: Failed appendEntries: org.apache.ratis.thirdparty.io.grpc.StatusRuntimeException: UNAVAILABLE: io exception
2023-04-24 08:15:54,551 [grpc-default-executor-2] WARN  server.GrpcLogAppender (GrpcLogAppender.java:resetClient(131)) - 593f1123-fce2-46ce-a0f5-50a98353a86f@group-2C65884D69A9->d7f67023-bd71-4164-8161-24a8eb75dffe-GrpcLogAppender: Leader has not got in touch with Follower 593f1123-fce2-46ce-a0f5-50a98353a86f@group-2C65884D69A9->d7f67023-bd71-4164-8161-24a8eb75dffe(c-1,m0,n6, attendVote=true, lastRpcSendTime=1251, lastRpcResponseTime=20310) yet, just keep nextIndex unchanged and retry.
2023-04-24 08:15:54,552 [grpc-default-executor-3] WARN  server.GrpcLogAppender (GrpcLogAppender.java:resetClient(131)) - 593f1123-fce2-46ce-a0f5-50a98353a86f@group-2C65884D69A9->d7f67023-bd71-4164-8161-24a8eb75dffe-GrpcLogAppender: Leader has not got in touch with Follower 593f1123-fce2-46ce-a0f5-50a98353a86f@group-2C65884D69A9->d7f67023-bd71-4164-8161-24a8eb75dffe(c-1,m0,n6, attendVote=true, lastRpcSendTime=1252, lastRpcResponseTime=20311) yet, just keep nextIndex unchanged and retry.
2023-04-24 08:15:54,554 [grpc-default-executor-1] WARN  server.GrpcLogAppender (LogUtils.java:warn(122)) - 593f1123-fce2-46ce-a0f5-50a98353a86f@group-2C65884D69A9->d7f67023-bd71-4164-8161-24a8eb75dffe-AppendLogResponseHandler: Failed appendEntries: org.apache.ratis.thirdparty.io.grpc.StatusRuntimeException: UNAVAILABLE: io exception
2023-04-24 08:15:54,555 [grpc-default-executor-1] WARN  server.GrpcLogAppender (GrpcLogAppender.java:resetClient(131)) - 593f1123-fce2-46ce-a0f5-50a98353a86f@group-2C65884D69A9->d7f67023-bd71-4164-8161-24a8eb75dffe-GrpcLogAppender: Leader has not got in touch with Follower 593f1123-fce2-46ce-a0f5-50a98353a86f@group-2C65884D69A9->d7f67023-bd71-4164-8161-24a8eb75dffe(c-1,m0,n6, attendVote=true, lastRpcSendTime=2, lastRpcResponseTime=20314) yet, just keep nextIndex unchanged and retry.
2023-04-24 08:15:54,557 [grpc-default-executor-1] WARN  server.GrpcLogAppender (LogUtils.java:warn(122)) - 593f1123-fce2-46ce-a0f5-50a98353a86f@group-2C65884D69A9->d7f67023-bd71-4164-8161-24a8eb75dffe-AppendLogResponseHandler: Failed appendEntries: org.apache.ratis.thirdparty.io.grpc.StatusRuntimeException: UNAVAILABLE: io exception
2023-04-24 08:15:54,557 [grpc-default-executor-1] WARN  server.GrpcLogAppender (GrpcLogAppender.java:resetClient(131)) - 593f1123-fce2-46ce-a0f5-50a98353a86f@group-2C65884D69A9->d7f67023-bd71-4164-8161-24a8eb75dffe-GrpcLogAppender: Leader has not got in touch with Follower 593f1123-fce2-46ce-a0f5-50a98353a86f@group-2C65884D69A9->d7f67023-bd71-4164-8161-24a8eb75dffe(c-1,m0,n6, attendVote=true, lastRpcSendTime=4, lastRpcResponseTime=20316) yet, just keep nextIndex unchanged and retry.
2023-04-24 08:15:54,610 [FixedThreadPoolWithAffinityExecutor-9-0] WARN  container.ContainerReportHandler (AbstractContainerReportHandler.java:updateContainerState(259)) - Container #1 is in OPEN state, but the datanode 593f1123-fce2-46ce-a0f5-50a98353a86f(fv-az212-956.zlodpucb4l4udavnfxg5s20dva.cx.internal.cloudapp.net/10.1.0.80) reports an CLOSED replica.
2023-04-24 08:15:54,627 [BlockDeletingService#2] INFO  interfaces.ContainerDeletionChoosingPolicyTemplate (ContainerDeletionChoosingPolicyTemplate.java:chooseContainerForBlockDeletion(83)) - Chosen 0/5000 blocks from 0 candidate containers.
2023-04-24 08:15:54,627 [BlockDeletingService#2] INFO  interfaces.ContainerDeletionChoosingPolicyTemplate (ContainerDeletionChoosingPolicyTemplate.java:chooseContainerForBlockDeletion(83)) - Chosen 0/5000 blocks from 0 candidate containers.
2023-04-24 08:15:54,701 [FixedThreadPoolWithAffinityExecutor-9-0] WARN  container.ContainerReportHandler (AbstractContainerReportHandler.java:updateContainerState(259)) - Container #1 is in OPEN state, but the datanode 444322bb-4321-4e38-998a-96758a8a198b(fv-az212-956.zlodpucb4l4udavnfxg5s20dva.cx.internal.cloudapp.net/10.1.0.80) reports an CLOSED replica.
2023-04-24 08:15:54,727 [BlockDeletingService#2] INFO  interfaces.ContainerDeletionChoosingPolicyTemplate (ContainerDeletionChoosingPolicyTemplate.java:chooseContainerForBlockDeletion(83)) - Chosen 0/5000 blocks from 0 candidate containers.
2023-04-24 08:15:54,727 [BlockDeletingService#2] INFO  interfaces.ContainerDeletionChoosingPolicyTemplate (ContainerDeletionChoosingPolicyTemplate.java:chooseContainerForBlockDeletion(83)) - Chosen 0/5000 blocks from 0 candidate containers.
2023-04-24 08:15:54,827 [BlockDeletingService#2] INFO  interfaces.ContainerDeletionChoosingPolicyTemplate (ContainerDeletionChoosingPolicyTemplate.java:chooseContainerForBlockDeletion(83)) - Chosen 0/5000 blocks from 0 candidate containers.
2023-04-24 08:15:54,827 [BlockDeletingService#2] INFO  interfaces.ContainerDeletionChoosingPolicyTemplate (ContainerDeletionChoosingPolicyTemplate.java:chooseContainerForBlockDeletion(83)) - Chosen 0/5000 blocks from 0 candidate containers.
2023-04-24 08:15:54,927 [BlockDeletingService#2] INFO  interfaces.ContainerDeletionChoosingPolicyTemplate (ContainerDeletionChoosingPolicyTemplate.java:chooseContainerForBlockDeletion(83)) - Chosen 0/5000 blocks from 0 candidate containers.
2023-04-24 08:15:54,927 [BlockDeletingService#2] INFO  interfaces.ContainerDeletionChoosingPolicyTemplate (ContainerDeletionChoosingPolicyTemplate.java:chooseContainerForBlockDeletion(83)) - Chosen 0/5000 blocks from 0 candidate containers.
2023-04-24 08:15:55,003 [FixedThreadPoolWithAffinityExecutor-9-0] WARN  container.ContainerReportHandler (AbstractContainerReportHandler.java:updateContainerState(259)) - Container #1 is in OPEN state, but the datanode 444322bb-4321-4e38-998a-96758a8a198b(fv-az212-956.zlodpucb4l4udavnfxg5s20dva.cx.internal.cloudapp.net/10.1.0.80) reports an CLOSED replica.
2023-04-24 08:15:55,010 [FixedThreadPoolWithAffinityExecutor-9-0] WARN  container.ContainerReportHandler (AbstractContainerReportHandler.java:updateContainerState(259)) - Container #1 is in OPEN state, but the datanode 593f1123-fce2-46ce-a0f5-50a98353a86f(fv-az212-956.zlodpucb4l4udavnfxg5s20dva.cx.internal.cloudapp.net/10.1.0.80) reports an CLOSED replica.
2023-04-24 08:15:55,027 [BlockDeletingService#2] INFO  interfaces.ContainerDeletionChoosingPolicyTemplate (ContainerDeletionChoosingPolicyTemplate.java:chooseContainerForBlockDeletion(83)) - Chosen 0/5000 blocks from 0 candidate containers.
2023-04-24 08:15:55,028 [BlockDeletingService#2] INFO  interfaces.ContainerDeletionChoosingPolicyTemplate (ContainerDeletionChoosingPolicyTemplate.java:chooseContainerForBlockDeletion(83)) - Chosen 0/5000 blocks from 0 candidate containers.
2023-04-24 08:15:55,128 [BlockDeletingService#2] INFO  interfaces.ContainerDeletionChoosingPolicyTemplate (ContainerDeletionChoosingPolicyTemplate.java:chooseContainerForBlockDeletion(83)) - Chosen 0/5000 blocks from 0 candidate containers.
2023-04-24 08:15:55,128 [BlockDeletingService#2] INFO  interfaces.ContainerDeletionChoosingPolicyTemplate (ContainerDeletionChoosingPolicyTemplate.java:chooseContainerForBlockDeletion(83)) - Chosen 0/5000 blocks from 0 candidate containers.
2023-04-24 08:15:55,200 [FixedThreadPoolWithAffinityExecutor-9-0] WARN  container.ContainerReportHandler (AbstractContainerReportHandler.java:updateContainerState(259)) - Container #1 is in OPEN state, but the datanode 444322bb-4321-4e38-998a-96758a8a198b(fv-az212-956.zlodpucb4l4udavnfxg5s20dva.cx.internal.cloudapp.net/10.1.0.80) reports an CLOSED replica.
2023-04-24 08:15:55,228 [BlockDeletingService#2] INFO  interfaces.ContainerDeletionChoosingPolicyTemplate (ContainerDeletionChoosingPolicyTemplate.java:chooseContainerForBlockDeletion(83)) - Chosen 0/5000 blocks from 0 candidate containers.
2023-04-24 08:15:55,228 [BlockDeletingService#2] INFO  interfaces.ContainerDeletionChoosingPolicyTemplate (ContainerDeletionChoosingPolicyTemplate.java:chooseContainerForBlockDeletion(83)) - Chosen 0/5000 blocks from 0 candidate containers.
2023-04-24 08:15:55,310 [FixedThreadPoolWithAffinityExecutor-9-0] WARN  container.ContainerReportHandler (AbstractContainerReportHandler.java:updateContainerState(259)) - Container #1 is in OPEN state, but the datanode 593f1123-fce2-46ce-a0f5-50a98353a86f(fv-az212-956.zlodpucb4l4udavnfxg5s20dva.cx.internal.cloudapp.net/10.1.0.80) reports an CLOSED replica.
2023-04-24 08:15:55,328 [BlockDeletingService#2] INFO  interfaces.ContainerDeletionChoosingPolicyTemplate (ContainerDeletionChoosingPolicyTemplate.java:chooseContainerForBlockDeletion(83)) - Chosen 0/5000 blocks from 0 candidate containers.
2023-04-24 08:15:55,328 [BlockDeletingService#2] INFO  interfaces.ContainerDeletionChoosingPolicyTemplate (ContainerDeletionChoosingPolicyTemplate.java:chooseContainerForBlockDeletion(83)) - Chosen 0/5000 blocks from 0 candidate containers.
2023-04-24 08:15:55,428 [BlockDeletingService#2] INFO  interfaces.ContainerDeletionChoosingPolicyTemplate (ContainerDeletionChoosingPolicyTemplate.java:chooseContainerForBlockDeletion(83)) - Chosen 0/5000 blocks from 0 candidate containers.
2023-04-24 08:15:55,428 [BlockDeletingService#2] INFO  interfaces.ContainerDeletionChoosingPolicyTemplate (ContainerDeletionChoosingPolicyTemplate.java:chooseContainerForBlockDeletion(83)) - Chosen 0/5000 blocks from 0 candidate containers.
2023-04-24 08:15:55,501 [FixedThreadPoolWithAffinityExecutor-9-0] WARN  container.ContainerReportHandler (AbstractContainerReportHandler.java:updateContainerState(259)) - Container #1 is in OPEN state, but the datanode 444322bb-4321-4e38-998a-96758a8a198b(fv-az212-956.zlodpucb4l4udavnfxg5s20dva.cx.internal.cloudapp.net/10.1.0.80) reports an CLOSED replica.
2023-04-24 08:15:55,528 [BlockDeletingService#2] INFO  interfaces.ContainerDeletionChoosingPolicyTemplate (ContainerDeletionChoosingPolicyTemplate.java:chooseContainerForBlockDeletion(83)) - Chosen 0/5000 blocks from 0 candidate containers.
2023-04-24 08:15:55,528 [BlockDeletingService#2] INFO  interfaces.ContainerDeletionChoosingPolicyTemplate (ContainerDeletionChoosingPolicyTemplate.java:chooseContainerForBlockDeletion(83)) - Chosen 0/5000 blocks from 0 candidate containers.
2023-04-24 08:15:55,616 [FixedThreadPoolWithAffinityExecutor-9-0] WARN  container.ContainerReportHandler (AbstractContainerReportHandler.java:updateContainerState(259)) - Container #1 is in OPEN state, but the datanode 593f1123-fce2-46ce-a0f5-50a98353a86f(fv-az212-956.zlodpucb4l4udavnfxg5s20dva.cx.internal.cloudapp.net/10.1.0.80) reports an CLOSED replica.
2023-04-24 08:15:55,629 [BlockDeletingService#2] INFO  interfaces.ContainerDeletionChoosingPolicyTemplate (ContainerDeletionChoosingPolicyTemplate.java:chooseContainerForBlockDeletion(83)) - Chosen 0/5000 blocks from 0 candidate containers.
2023-04-24 08:15:55,629 [BlockDeletingService#2] INFO  interfaces.ContainerDeletionChoosingPolicyTemplate (ContainerDeletionChoosingPolicyTemplate.java:chooseContainerForBlockDeletion(83)) - Chosen 0/5000 blocks from 0 candidate containers.
2023-04-24 08:15:55,729 [BlockDeletingService#2] INFO  interfaces.ContainerDeletionChoosingPolicyTemplate (ContainerDeletionChoosingPolicyTemplate.java:chooseContainerForBlockDeletion(83)) - Chosen 0/5000 blocks from 0 candidate containers.
2023-04-24 08:15:55,729 [BlockDeletingService#2] INFO  interfaces.ContainerDeletionChoosingPolicyTemplate (ContainerDeletionChoosingPolicyTemplate.java:chooseContainerForBlockDeletion(83)) - Chosen 0/5000 blocks from 0 candidate containers.
2023-04-24 08:15:55,801 [FixedThreadPoolWithAffinityExecutor-9-0] WARN  container.ContainerReportHandler (AbstractContainerReportHandler.java:updateContainerState(259)) - Container #1 is in OPEN state, but the datanode 444322bb-4321-4e38-998a-96758a8a198b(fv-az212-956.zlodpucb4l4udavnfxg5s20dva.cx.internal.cloudapp.net/10.1.0.80) reports an CLOSED replica.
2023-04-24 08:15:55,803 [grpc-default-executor-1] WARN  server.GrpcLogAppender (LogUtils.java:warn(122)) - 593f1123-fce2-46ce-a0f5-50a98353a86f@group-2C65884D69A9->d7f67023-bd71-4164-8161-24a8eb75dffe-AppendLogResponseHandler: Failed appendEntries: org.apache.ratis.thirdparty.io.grpc.StatusRuntimeException: UNAVAILABLE: io exception
2023-04-24 08:15:55,803 [grpc-default-executor-3] WARN  server.GrpcLogAppender (LogUtils.java:warn(122)) - 593f1123-fce2-46ce-a0f5-50a98353a86f@group-2C65884D69A9->d7f67023-bd71-4164-8161-24a8eb75dffe-AppendLogResponseHandler: Failed appendEntries: org.apache.ratis.thirdparty.io.grpc.StatusRuntimeException: UNAVAILABLE: io exception
2023-04-24 08:15:55,804 [grpc-default-executor-1] WARN  server.GrpcLogAppender (GrpcLogAppender.java:resetClient(131)) - 593f1123-fce2-46ce-a0f5-50a98353a86f@group-2C65884D69A9->d7f67023-bd71-4164-8161-24a8eb75dffe-GrpcLogAppender: Leader has not got in touch with Follower 593f1123-fce2-46ce-a0f5-50a98353a86f@group-2C65884D69A9->d7f67023-bd71-4164-8161-24a8eb75dffe(c-1,m0,n6, attendVote=true, lastRpcSendTime=1251, lastRpcResponseTime=21563) yet, just keep nextIndex unchanged and retry.
2023-04-24 08:15:55,808 [grpc-default-executor-3] WARN  server.GrpcLogAppender (GrpcLogAppender.java:resetClient(131)) - 593f1123-fce2-46ce-a0f5-50a98353a86f@group-2C65884D69A9->d7f67023-bd71-4164-8161-24a8eb75dffe-GrpcLogAppender: Leader has not got in touch with Follower 593f1123-fce2-46ce-a0f5-50a98353a86f@group-2C65884D69A9->d7f67023-bd71-4164-8161-24a8eb75dffe(c-1,m0,n6, attendVote=true, lastRpcSendTime=1255, lastRpcResponseTime=21567) yet, just keep nextIndex unchanged and retry.
2023-04-24 08:15:55,809 [grpc-default-executor-1] WARN  server.GrpcLogAppender (LogUtils.java:warn(122)) - 593f1123-fce2-46ce-a0f5-50a98353a86f@group-2C65884D69A9->d7f67023-bd71-4164-8161-24a8eb75dffe-AppendLogResponseHandler: Failed appendEntries: org.apache.ratis.thirdparty.io.grpc.StatusRuntimeException: UNAVAILABLE: io exception
2023-04-24 08:15:55,810 [grpc-default-executor-1] WARN  server.GrpcLogAppender (GrpcLogAppender.java:resetClient(131)) - 593f1123-fce2-46ce-a0f5-50a98353a86f@group-2C65884D69A9->d7f67023-bd71-4164-8161-24a8eb75dffe-GrpcLogAppender: Leader has not got in touch with Follower 593f1123-fce2-46ce-a0f5-50a98353a86f@group-2C65884D69A9->d7f67023-bd71-4164-8161-24a8eb75dffe(c-1,m0,n6, attendVote=true, lastRpcSendTime=1, lastRpcResponseTime=21569) yet, just keep nextIndex unchanged and retry.
2023-04-24 08:15:55,810 [grpc-default-executor-3] WARN  server.GrpcLogAppender (LogUtils.java:warn(122)) - 593f1123-fce2-46ce-a0f5-50a98353a86f@group-2C65884D69A9->d7f67023-bd71-4164-8161-24a8eb75dffe-AppendLogResponseHandler: Failed appendEntries: org.apache.ratis.thirdparty.io.grpc.StatusRuntimeException: UNAVAILABLE: io exception
2023-04-24 08:15:55,811 [grpc-default-executor-3] WARN  server.GrpcLogAppender (GrpcLogAppender.java:resetClient(131)) - 593f1123-fce2-46ce-a0f5-50a98353a86f@group-2C65884D69A9->d7f67023-bd71-4164-8161-24a8eb75dffe-GrpcLogAppender: Leader has not got in touch with Follower 593f1123-fce2-46ce-a0f5-50a98353a86f@group-2C65884D69A9->d7f67023-bd71-4164-8161-24a8eb75dffe(c-1,m0,n6, attendVote=true, lastRpcSendTime=2, lastRpcResponseTime=21570) yet, just keep nextIndex unchanged and retry.
2023-04-24 08:15:55,829 [BlockDeletingService#2] INFO  interfaces.ContainerDeletionChoosingPolicyTemplate (ContainerDeletionChoosingPolicyTemplate.java:chooseContainerForBlockDeletion(83)) - Chosen 0/5000 blocks from 0 candidate containers.
2023-04-24 08:15:55,829 [BlockDeletingService#2] INFO  interfaces.ContainerDeletionChoosingPolicyTemplate (ContainerDeletionChoosingPolicyTemplate.java:chooseContainerForBlockDeletion(83)) - Chosen 0/5000 blocks from 0 candidate containers.
2023-04-24 08:15:55,916 [FixedThreadPoolWithAffinityExecutor-9-0] WARN  container.ContainerReportHandler (AbstractContainerReportHandler.java:updateContainerState(259)) - Container #1 is in OPEN state, but the datanode 593f1123-fce2-46ce-a0f5-50a98353a86f(fv-az212-956.zlodpucb4l4udavnfxg5s20dva.cx.internal.cloudapp.net/10.1.0.80) reports an CLOSED replica.
2023-04-24 08:15:55,929 [BlockDeletingService#2] INFO  interfaces.ContainerDeletionChoosingPolicyTemplate (ContainerDeletionChoosingPolicyTemplate.java:chooseContainerForBlockDeletion(83)) - Chosen 0/5000 blocks from 0 candidate containers.
2023-04-24 08:15:55,929 [BlockDeletingService#2] INFO  interfaces.ContainerDeletionChoosingPolicyTemplate (ContainerDeletionChoosingPolicyTemplate.java:chooseContainerForBlockDeletion(83)) - Chosen 0/5000 blocks from 0 candidate containers.
2023-04-24 08:15:56,029 [BlockDeletingService#2] INFO  interfaces.ContainerDeletionChoosingPolicyTemplate (ContainerDeletionChoosingPolicyTemplate.java:chooseContainerForBlockDeletion(83)) - Chosen 0/5000 blocks from 0 candidate containers.
2023-04-24 08:15:56,029 [BlockDeletingService#2] INFO  interfaces.ContainerDeletionChoosingPolicyTemplate (ContainerDeletionChoosingPolicyTemplate.java:chooseContainerForBlockDeletion(83)) - Chosen 0/5000 blocks from 0 candidate containers.
2023-04-24 08:15:56,101 [FixedThreadPoolWithAffinityExecutor-9-0] WARN  container.ContainerReportHandler (AbstractContainerReportHandler.java:updateContainerState(259)) - Container #1 is in OPEN state, but the datanode 444322bb-4321-4e38-998a-96758a8a198b(fv-az212-956.zlodpucb4l4udavnfxg5s20dva.cx.internal.cloudapp.net/10.1.0.80) reports an CLOSED replica.
2023-04-24 08:15:56,129 [BlockDeletingService#2] INFO  interfaces.ContainerDeletionChoosingPolicyTemplate (ContainerDeletionChoosingPolicyTemplate.java:chooseContainerForBlockDeletion(83)) - Chosen 0/5000 blocks from 0 candidate containers.
2023-04-24 08:15:56,130 [BlockDeletingService#2] INFO  interfaces.ContainerDeletionChoosingPolicyTemplate (ContainerDeletionChoosingPolicyTemplate.java:chooseContainerForBlockDeletion(83)) - Chosen 0/5000 blocks from 0 candidate containers.
2023-04-24 08:15:56,216 [FixedThreadPoolWithAffinityExecutor-9-0] WARN  container.ContainerReportHandler (AbstractContainerReportHandler.java:updateContainerState(259)) - Container #1 is in OPEN state, but the datanode 593f1123-fce2-46ce-a0f5-50a98353a86f(fv-az212-956.zlodpucb4l4udavnfxg5s20dva.cx.internal.cloudapp.net/10.1.0.80) reports an CLOSED replica.
2023-04-24 08:15:56,230 [BlockDeletingService#2] INFO  interfaces.ContainerDeletionChoosingPolicyTemplate (ContainerDeletionChoosingPolicyTemplate.java:chooseContainerForBlockDeletion(83)) - Chosen 0/5000 blocks from 0 candidate containers.
2023-04-24 08:15:56,230 [BlockDeletingService#2] INFO  interfaces.ContainerDeletionChoosingPolicyTemplate (ContainerDeletionChoosingPolicyTemplate.java:chooseContainerForBlockDeletion(83)) - Chosen 0/5000 blocks from 0 candidate containers.
2023-04-24 08:15:56,330 [BlockDeletingService#2] INFO  interfaces.ContainerDeletionChoosingPolicyTemplate (ContainerDeletionChoosingPolicyTemplate.java:chooseContainerForBlockDeletion(83)) - Chosen 0/5000 blocks from 0 candidate containers.
2023-04-24 08:15:56,330 [BlockDeletingService#2] INFO  interfaces.ContainerDeletionChoosingPolicyTemplate (ContainerDeletionChoosingPolicyTemplate.java:chooseContainerForBlockDeletion(83)) - Chosen 0/5000 blocks from 0 candidate containers.
2023-04-24 08:15:56,401 [FixedThreadPoolWithAffinityExecutor-9-0] WARN  container.ContainerReportHandler (AbstractContainerReportHandler.java:updateContainerState(259)) - Container #1 is in OPEN state, but the datanode 444322bb-4321-4e38-998a-96758a8a198b(fv-az212-956.zlodpucb4l4udavnfxg5s20dva.cx.internal.cloudapp.net/10.1.0.80) reports an CLOSED replica.
2023-04-24 08:15:56,430 [BlockDeletingService#2] INFO  interfaces.ContainerDeletionChoosingPolicyTemplate (ContainerDeletionChoosingPolicyTemplate.java:chooseContainerForBlockDeletion(83)) - Chosen 0/5000 blocks from 0 candidate containers.
2023-04-24 08:15:56,430 [BlockDeletingService#2] INFO  interfaces.ContainerDeletionChoosingPolicyTemplate (ContainerDeletionChoosingPolicyTemplate.java:chooseContainerForBlockDeletion(83)) - Chosen 0/5000 blocks from 0 candidate containers.
2023-04-24 08:15:56,516 [FixedThreadPoolWithAffinityExecutor-9-0] WARN  container.ContainerReportHandler (AbstractContainerReportHandler.java:updateContainerState(259)) - Container #1 is in OPEN state, but the datanode 593f1123-fce2-46ce-a0f5-50a98353a86f(fv-az212-956.zlodpucb4l4udavnfxg5s20dva.cx.internal.cloudapp.net/10.1.0.80) reports an CLOSED replica.
2023-04-24 08:15:56,530 [BlockDeletingService#2] INFO  interfaces.ContainerDeletionChoosingPolicyTemplate (ContainerDeletionChoosingPolicyTemplate.java:chooseContainerForBlockDeletion(83)) - Chosen 0/5000 blocks from 0 candidate containers.
2023-04-24 08:15:56,530 [BlockDeletingService#2] INFO  interfaces.ContainerDeletionChoosingPolicyTemplate (ContainerDeletionChoosingPolicyTemplate.java:chooseContainerForBlockDeletion(83)) - Chosen 0/5000 blocks from 0 candidate containers.
2023-04-24 08:15:56,630 [BlockDeletingService#2] INFO  interfaces.ContainerDeletionChoosingPolicyTemplate (ContainerDeletionChoosingPolicyTemplate.java:chooseContainerForBlockDeletion(83)) - Chosen 0/5000 blocks from 0 candidate containers.
2023-04-24 08:15:56,630 [BlockDeletingService#2] INFO  interfaces.ContainerDeletionChoosingPolicyTemplate (ContainerDeletionChoosingPolicyTemplate.java:chooseContainerForBlockDeletion(83)) - Chosen 0/5000 blocks from 0 candidate containers.
2023-04-24 08:15:56,701 [FixedThreadPoolWithAffinityExecutor-9-0] WARN  container.ContainerReportHandler (AbstractContainerReportHandler.java:updateContainerState(259)) - Container #1 is in OPEN state, but the datanode 444322bb-4321-4e38-998a-96758a8a198b(fv-az212-956.zlodpucb4l4udavnfxg5s20dva.cx.internal.cloudapp.net/10.1.0.80) reports an CLOSED replica.
2023-04-24 08:15:56,731 [BlockDeletingService#2] INFO  interfaces.ContainerDeletionChoosingPolicyTemplate (ContainerDeletionChoosingPolicyTemplate.java:chooseContainerForBlockDeletion(83)) - Chosen 0/5000 blocks from 0 candidate containers.
2023-04-24 08:15:56,731 [BlockDeletingService#2] INFO  interfaces.ContainerDeletionChoosingPolicyTemplate (ContainerDeletionChoosingPolicyTemplate.java:chooseContainerForBlockDeletion(83)) - Chosen 0/5000 blocks from 0 candidate containers.
2023-04-24 08:15:56,816 [FixedThreadPoolWithAffinityExecutor-9-0] WARN  container.ContainerReportHandler (AbstractContainerReportHandler.java:updateContainerState(259)) - Container #1 is in OPEN state, but the datanode 593f1123-fce2-46ce-a0f5-50a98353a86f(fv-az212-956.zlodpucb4l4udavnfxg5s20dva.cx.internal.cloudapp.net/10.1.0.80) reports an CLOSED replica.
2023-04-24 08:15:56,831 [BlockDeletingService#2] INFO  interfaces.ContainerDeletionChoosingPolicyTemplate (ContainerDeletionChoosingPolicyTemplate.java:chooseContainerForBlockDeletion(83)) - Chosen 0/5000 blocks from 0 candidate containers.
2023-04-24 08:15:56,831 [BlockDeletingService#2] INFO  interfaces.ContainerDeletionChoosingPolicyTemplate (ContainerDeletionChoosingPolicyTemplate.java:chooseContainerForBlockDeletion(83)) - Chosen 0/5000 blocks from 0 candidate containers.
2023-04-24 08:15:56,931 [BlockDeletingService#2] INFO  interfaces.ContainerDeletionChoosingPolicyTemplate (ContainerDeletionChoosingPolicyTemplate.java:chooseContainerForBlockDeletion(83)) - Chosen 0/5000 blocks from 0 candidate containers.
2023-04-24 08:15:56,931 [BlockDeletingService#2] INFO  interfaces.ContainerDeletionChoosingPolicyTemplate (ContainerDeletionChoosingPolicyTemplate.java:chooseContainerForBlockDeletion(83)) - Chosen 0/5000 blocks from 0 candidate containers.
2023-04-24 08:15:57,001 [FixedThreadPoolWithAffinityExecutor-9-0] WARN  container.ContainerReportHandler (AbstractContainerReportHandler.java:updateContainerState(259)) - Container #1 is in OPEN state, but the datanode 444322bb-4321-4e38-998a-96758a8a198b(fv-az212-956.zlodpucb4l4udavnfxg5s20dva.cx.internal.cloudapp.net/10.1.0.80) reports an CLOSED replica.
2023-04-24 08:15:57,031 [BlockDeletingService#2] INFO  interfaces.ContainerDeletionChoosingPolicyTemplate (ContainerDeletionChoosingPolicyTemplate.java:chooseContainerForBlockDeletion(83)) - Chosen 0/5000 blocks from 0 candidate containers.
2023-04-24 08:15:57,031 [BlockDeletingService#2] INFO  interfaces.ContainerDeletionChoosingPolicyTemplate (ContainerDeletionChoosingPolicyTemplate.java:chooseContainerForBlockDeletion(83)) - Chosen 0/5000 blocks from 0 candidate containers.
2023-04-24 08:15:57,059 [grpc-default-executor-3] WARN  server.GrpcLogAppender (LogUtils.java:warn(122)) - 593f1123-fce2-46ce-a0f5-50a98353a86f@group-2C65884D69A9->d7f67023-bd71-4164-8161-24a8eb75dffe-AppendLogResponseHandler: Failed appendEntries: org.apache.ratis.thirdparty.io.grpc.StatusRuntimeException: UNAVAILABLE: io exception
2023-04-24 08:15:57,060 [grpc-default-executor-3] WARN  server.GrpcLogAppender (GrpcLogAppender.java:resetClient(131)) - 593f1123-fce2-46ce-a0f5-50a98353a86f@group-2C65884D69A9->d7f67023-bd71-4164-8161-24a8eb75dffe-GrpcLogAppender: Leader has not got in touch with Follower 593f1123-fce2-46ce-a0f5-50a98353a86f@group-2C65884D69A9->d7f67023-bd71-4164-8161-24a8eb75dffe(c-1,m0,n6, attendVote=true, lastRpcSendTime=0, lastRpcResponseTime=22819) yet, just keep nextIndex unchanged and retry.
2023-04-24 08:15:57,060 [grpc-default-executor-1] WARN  server.GrpcLogAppender (LogUtils.java:warn(122)) - 593f1123-fce2-46ce-a0f5-50a98353a86f@group-2C65884D69A9->d7f67023-bd71-4164-8161-24a8eb75dffe-AppendLogResponseHandler: Failed appendEntries: org.apache.ratis.thirdparty.io.grpc.StatusRuntimeException: UNAVAILABLE: io exception
2023-04-24 08:15:57,060 [grpc-default-executor-1] WARN  server.GrpcLogAppender (GrpcLogAppender.java:resetClient(131)) - 593f1123-fce2-46ce-a0f5-50a98353a86f@group-2C65884D69A9->d7f67023-bd71-4164-8161-24a8eb75dffe-GrpcLogAppender: Leader has not got in touch with Follower 593f1123-fce2-46ce-a0f5-50a98353a86f@group-2C65884D69A9->d7f67023-bd71-4164-8161-24a8eb75dffe(c-1,m0,n6, attendVote=true, lastRpcSendTime=1, lastRpcResponseTime=22819) yet, just keep nextIndex unchanged and retry.
2023-04-24 08:15:57,120 [FixedThreadPoolWithAffinityExecutor-9-0] WARN  container.ContainerReportHandler (AbstractContainerReportHandler.java:updateContainerState(259)) - Container #1 is in OPEN state, but the datanode 593f1123-fce2-46ce-a0f5-50a98353a86f(fv-az212-956.zlodpucb4l4udavnfxg5s20dva.cx.internal.cloudapp.net/10.1.0.80) reports an CLOSED replica.
2023-04-24 08:15:57,131 [BlockDeletingService#2] INFO  interfaces.ContainerDeletionChoosingPolicyTemplate (ContainerDeletionChoosingPolicyTemplate.java:chooseContainerForBlockDeletion(83)) - Chosen 0/5000 blocks from 0 candidate containers.
2023-04-24 08:15:57,131 [BlockDeletingService#2] INFO  interfaces.ContainerDeletionChoosingPolicyTemplate (ContainerDeletionChoosingPolicyTemplate.java:chooseContainerForBlockDeletion(83)) - Chosen 0/5000 blocks from 0 candidate containers.
2023-04-24 08:15:57,231 [BlockDeletingService#2] INFO  interfaces.ContainerDeletionChoosingPolicyTemplate (ContainerDeletionChoosingPolicyTemplate.java:chooseContainerForBlockDeletion(83)) - Chosen 0/5000 blocks from 0 candidate containers.
2023-04-24 08:15:57,232 [BlockDeletingService#2] INFO  interfaces.ContainerDeletionChoosingPolicyTemplate (ContainerDeletionChoosingPolicyTemplate.java:chooseContainerForBlockDeletion(83)) - Chosen 0/5000 blocks from 0 candidate containers.
2023-04-24 08:15:57,301 [FixedThreadPoolWithAffinityExecutor-9-0] WARN  container.ContainerReportHandler (AbstractContainerReportHandler.java:updateContainerState(259)) - Container #1 is in OPEN state, but the datanode 444322bb-4321-4e38-998a-96758a8a198b(fv-az212-956.zlodpucb4l4udavnfxg5s20dva.cx.internal.cloudapp.net/10.1.0.80) reports an CLOSED replica.
2023-04-24 08:15:57,332 [BlockDeletingService#2] INFO  interfaces.ContainerDeletionChoosingPolicyTemplate (ContainerDeletionChoosingPolicyTemplate.java:chooseContainerForBlockDeletion(83)) - Chosen 0/5000 blocks from 0 candidate containers.
2023-04-24 08:15:57,332 [BlockDeletingService#2] INFO  interfaces.ContainerDeletionChoosingPolicyTemplate (ContainerDeletionChoosingPolicyTemplate.java:chooseContainerForBlockDeletion(83)) - Chosen 0/5000 blocks from 0 candidate containers.
2023-04-24 08:15:57,420 [FixedThreadPoolWithAffinityExecutor-9-0] WARN  container.ContainerReportHandler (AbstractContainerReportHandler.java:updateContainerState(259)) - Container #1 is in OPEN state, but the datanode 593f1123-fce2-46ce-a0f5-50a98353a86f(fv-az212-956.zlodpucb4l4udavnfxg5s20dva.cx.internal.cloudapp.net/10.1.0.80) reports an CLOSED replica.
2023-04-24 08:15:57,432 [BlockDeletingService#2] INFO  interfaces.ContainerDeletionChoosingPolicyTemplate (ContainerDeletionChoosingPolicyTemplate.java:chooseContainerForBlockDeletion(83)) - Chosen 0/5000 blocks from 0 candidate containers.
2023-04-24 08:15:57,432 [BlockDeletingService#2] INFO  interfaces.ContainerDeletionChoosingPolicyTemplate (ContainerDeletionChoosingPolicyTemplate.java:chooseContainerForBlockDeletion(83)) - Chosen 0/5000 blocks from 0 candidate containers.
2023-04-24 08:15:57,532 [BlockDeletingService#2] INFO  interfaces.ContainerDeletionChoosingPolicyTemplate (ContainerDeletionChoosingPolicyTemplate.java:chooseContainerForBlockDeletion(83)) - Chosen 0/5000 blocks from 0 candidate containers.
2023-04-24 08:15:57,532 [BlockDeletingService#2] INFO  interfaces.ContainerDeletionChoosingPolicyTemplate (ContainerDeletionChoosingPolicyTemplate.java:chooseContainerForBlockDeletion(83)) - Chosen 0/5000 blocks from 0 candidate containers.
2023-04-24 08:15:57,601 [FixedThreadPoolWithAffinityExecutor-9-0] WARN  container.ContainerReportHandler (AbstractContainerReportHandler.java:updateContainerState(259)) - Container #1 is in OPEN state, but the datanode 444322bb-4321-4e38-998a-96758a8a198b(fv-az212-956.zlodpucb4l4udavnfxg5s20dva.cx.internal.cloudapp.net/10.1.0.80) reports an CLOSED replica.
2023-04-24 08:15:57,632 [BlockDeletingService#2] INFO  interfaces.ContainerDeletionChoosingPolicyTemplate (ContainerDeletionChoosingPolicyTemplate.java:chooseContainerForBlockDeletion(83)) - Chosen 0/5000 blocks from 0 candidate containers.
2023-04-24 08:15:57,632 [BlockDeletingService#2] INFO  interfaces.ContainerDeletionChoosingPolicyTemplate (ContainerDeletionChoosingPolicyTemplate.java:chooseContainerForBlockDeletion(83)) - Chosen 0/5000 blocks from 0 candidate containers.
2023-04-24 08:15:57,721 [FixedThreadPoolWithAffinityExecutor-9-0] WARN  container.ContainerReportHandler (AbstractContainerReportHandler.java:updateContainerState(259)) - Container #1 is in OPEN state, but the datanode 593f1123-fce2-46ce-a0f5-50a98353a86f(fv-az212-956.zlodpucb4l4udavnfxg5s20dva.cx.internal.cloudapp.net/10.1.0.80) reports an CLOSED replica.
2023-04-24 08:15:57,732 [BlockDeletingService#2] INFO  interfaces.ContainerDeletionChoosingPolicyTemplate (ContainerDeletionChoosingPolicyTemplate.java:chooseContainerForBlockDeletion(83)) - Chosen 0/5000 blocks from 0 candidate containers.
2023-04-24 08:15:57,732 [BlockDeletingService#2] INFO  interfaces.ContainerDeletionChoosingPolicyTemplate (ContainerDeletionChoosingPolicyTemplate.java:chooseContainerForBlockDeletion(83)) - Chosen 0/5000 blocks from 0 candidate containers.
2023-04-24 08:15:57,833 [BlockDeletingService#2] INFO  interfaces.ContainerDeletionChoosingPolicyTemplate (ContainerDeletionChoosingPolicyTemplate.java:chooseContainerForBlockDeletion(83)) - Chosen 0/5000 blocks from 0 candidate containers.
2023-04-24 08:15:57,833 [BlockDeletingService#2] INFO  interfaces.ContainerDeletionChoosingPolicyTemplate (ContainerDeletionChoosingPolicyTemplate.java:chooseContainerForBlockDeletion(83)) - Chosen 0/5000 blocks from 0 candidate containers.
2023-04-24 08:15:57,901 [FixedThreadPoolWithAffinityExecutor-9-0] WARN  container.ContainerReportHandler (AbstractContainerReportHandler.java:updateContainerState(259)) - Container #1 is in OPEN state, but the datanode 444322bb-4321-4e38-998a-96758a8a198b(fv-az212-956.zlodpucb4l4udavnfxg5s20dva.cx.internal.cloudapp.net/10.1.0.80) reports an CLOSED replica.
2023-04-24 08:15:57,933 [BlockDeletingService#2] INFO  interfaces.ContainerDeletionChoosingPolicyTemplate (ContainerDeletionChoosingPolicyTemplate.java:chooseContainerForBlockDeletion(83)) - Chosen 0/5000 blocks from 0 candidate containers.
2023-04-24 08:15:57,933 [BlockDeletingService#2] INFO  interfaces.ContainerDeletionChoosingPolicyTemplate (ContainerDeletionChoosingPolicyTemplate.java:chooseContainerForBlockDeletion(83)) - Chosen 0/5000 blocks from 0 candidate containers.
2023-04-24 08:15:58,033 [BlockDeletingService#2] INFO  interfaces.ContainerDeletionChoosingPolicyTemplate (ContainerDeletionChoosingPolicyTemplate.java:chooseContainerForBlockDeletion(83)) - Chosen 0/5000 blocks from 0 candidate containers.
2023-04-24 08:15:58,033 [BlockDeletingService#2] INFO  interfaces.ContainerDeletionChoosingPolicyTemplate (ContainerDeletionChoosingPolicyTemplate.java:chooseContainerForBlockDeletion(83)) - Chosen 0/5000 blocks from 0 candidate containers.
2023-04-24 08:15:58,120 [FixedThreadPoolWithAffinityExecutor-9-0] WARN  container.ContainerReportHandler (AbstractContainerReportHandler.java:updateContainerState(259)) - Container #1 is in OPEN state, but the datanode 593f1123-fce2-46ce-a0f5-50a98353a86f(fv-az212-956.zlodpucb4l4udavnfxg5s20dva.cx.internal.cloudapp.net/10.1.0.80) reports an CLOSED replica.
2023-04-24 08:15:58,133 [BlockDeletingService#2] INFO  interfaces.ContainerDeletionChoosingPolicyTemplate (ContainerDeletionChoosingPolicyTemplate.java:chooseContainerForBlockDeletion(83)) - Chosen 0/5000 blocks from 0 candidate containers.
2023-04-24 08:15:58,133 [BlockDeletingService#2] INFO  interfaces.ContainerDeletionChoosingPolicyTemplate (ContainerDeletionChoosingPolicyTemplate.java:chooseContainerForBlockDeletion(83)) - Chosen 0/5000 blocks from 0 candidate containers.
2023-04-24 08:15:58,202 [FixedThreadPoolWithAffinityExecutor-9-0] WARN  container.ContainerReportHandler (AbstractContainerReportHandler.java:updateContainerState(259)) - Container #1 is in OPEN state, but the datanode 444322bb-4321-4e38-998a-96758a8a198b(fv-az212-956.zlodpucb4l4udavnfxg5s20dva.cx.internal.cloudapp.net/10.1.0.80) reports an CLOSED replica.
2023-04-24 08:15:58,233 [BlockDeletingService#2] INFO  interfaces.ContainerDeletionChoosingPolicyTemplate (ContainerDeletionChoosingPolicyTemplate.java:chooseContainerForBlockDeletion(83)) - Chosen 0/5000 blocks from 0 candidate containers.
2023-04-24 08:15:58,233 [BlockDeletingService#2] INFO  interfaces.ContainerDeletionChoosingPolicyTemplate (ContainerDeletionChoosingPolicyTemplate.java:chooseContainerForBlockDeletion(83)) - Chosen 0/5000 blocks from 0 candidate containers.
2023-04-24 08:15:58,309 [grpc-default-executor-1] WARN  server.GrpcLogAppender (LogUtils.java:warn(122)) - 593f1123-fce2-46ce-a0f5-50a98353a86f@group-2C65884D69A9->d7f67023-bd71-4164-8161-24a8eb75dffe-AppendLogResponseHandler: Failed appendEntries: org.apache.ratis.thirdparty.io.grpc.StatusRuntimeException: UNAVAILABLE: io exception
2023-04-24 08:15:58,310 [grpc-default-executor-1] WARN  server.GrpcLogAppender (GrpcLogAppender.java:resetClient(131)) - 593f1123-fce2-46ce-a0f5-50a98353a86f@group-2C65884D69A9->d7f67023-bd71-4164-8161-24a8eb75dffe-GrpcLogAppender: Leader has not got in touch with Follower 593f1123-fce2-46ce-a0f5-50a98353a86f@group-2C65884D69A9->d7f67023-bd71-4164-8161-24a8eb75dffe(c-1,m0,n6, attendVote=true, lastRpcSendTime=0, lastRpcResponseTime=24069) yet, just keep nextIndex unchanged and retry.
2023-04-24 08:15:58,309 [grpc-default-executor-3] WARN  server.GrpcLogAppender (LogUtils.java:warn(122)) - 593f1123-fce2-46ce-a0f5-50a98353a86f@group-2C65884D69A9->d7f67023-bd71-4164-8161-24a8eb75dffe-AppendLogResponseHandler: Failed appendEntries: org.apache.ratis.thirdparty.io.grpc.StatusRuntimeException: UNAVAILABLE: io exception
2023-04-24 08:15:58,311 [grpc-default-executor-3] WARN  server.GrpcLogAppender (GrpcLogAppender.java:resetClient(131)) - 593f1123-fce2-46ce-a0f5-50a98353a86f@group-2C65884D69A9->d7f67023-bd71-4164-8161-24a8eb75dffe-GrpcLogAppender: Leader has not got in touch with Follower 593f1123-fce2-46ce-a0f5-50a98353a86f@group-2C65884D69A9->d7f67023-bd71-4164-8161-24a8eb75dffe(c-1,m0,n6, attendVote=true, lastRpcSendTime=1, lastRpcResponseTime=24070) yet, just keep nextIndex unchanged and retry.
2023-04-24 08:15:58,333 [BlockDeletingService#2] INFO  interfaces.ContainerDeletionChoosingPolicyTemplate (ContainerDeletionChoosingPolicyTemplate.java:chooseContainerForBlockDeletion(83)) - Chosen 0/5000 blocks from 0 candidate containers.
2023-04-24 08:15:58,333 [BlockDeletingService#2] INFO  interfaces.ContainerDeletionChoosingPolicyTemplate (ContainerDeletionChoosingPolicyTemplate.java:chooseContainerForBlockDeletion(83)) - Chosen 0/5000 blocks from 0 candidate containers.
2023-04-24 08:15:58,402 [FixedThreadPoolWithAffinityExecutor-9-0] WARN  container.ContainerReportHandler (AbstractContainerReportHandler.java:updateContainerState(259)) - Container #1 is in OPEN state, but the datanode 444322bb-4321-4e38-998a-96758a8a198b(fv-az212-956.zlodpucb4l4udavnfxg5s20dva.cx.internal.cloudapp.net/10.1.0.80) reports an CLOSED replica.
2023-04-24 08:15:58,425 [FixedThreadPoolWithAffinityExecutor-9-0] WARN  container.ContainerReportHandler (AbstractContainerReportHandler.java:updateContainerState(259)) - Container #1 is in OPEN state, but the datanode 593f1123-fce2-46ce-a0f5-50a98353a86f(fv-az212-956.zlodpucb4l4udavnfxg5s20dva.cx.internal.cloudapp.net/10.1.0.80) reports an CLOSED replica.
2023-04-24 08:15:58,434 [BlockDeletingService#2] INFO  interfaces.ContainerDeletionChoosingPolicyTemplate (ContainerDeletionChoosingPolicyTemplate.java:chooseContainerForBlockDeletion(83)) - Chosen 0/5000 blocks from 0 candidate containers.
2023-04-24 08:15:58,434 [BlockDeletingService#2] INFO  interfaces.ContainerDeletionChoosingPolicyTemplate (ContainerDeletionChoosingPolicyTemplate.java:chooseContainerForBlockDeletion(83)) - Chosen 0/5000 blocks from 0 candidate containers.
2023-04-24 08:15:58,534 [BlockDeletingService#2] INFO  interfaces.ContainerDeletionChoosingPolicyTemplate (ContainerDeletionChoosingPolicyTemplate.java:chooseContainerForBlockDeletion(83)) - Chosen 0/5000 blocks from 0 candidate containers.
2023-04-24 08:15:58,534 [BlockDeletingService#2] INFO  interfaces.ContainerDeletionChoosingPolicyTemplate (ContainerDeletionChoosingPolicyTemplate.java:chooseContainerForBlockDeletion(83)) - Chosen 0/5000 blocks from 0 candidate containers.
2023-04-24 08:15:58,634 [BlockDeletingService#2] INFO  interfaces.ContainerDeletionChoosingPolicyTemplate (ContainerDeletionChoosingPolicyTemplate.java:chooseContainerForBlockDeletion(83)) - Chosen 0/5000 blocks from 0 candidate containers.
2023-04-24 08:15:58,634 [BlockDeletingService#2] INFO  interfaces.ContainerDeletionChoosingPolicyTemplate (ContainerDeletionChoosingPolicyTemplate.java:chooseContainerForBlockDeletion(83)) - Chosen 0/5000 blocks from 0 candidate containers.
2023-04-24 08:15:58,704 [FixedThreadPoolWithAffinityExecutor-9-0] WARN  container.ContainerReportHandler (AbstractContainerReportHandler.java:updateContainerState(259)) - Container #1 is in OPEN state, but the datanode 444322bb-4321-4e38-998a-96758a8a198b(fv-az212-956.zlodpucb4l4udavnfxg5s20dva.cx.internal.cloudapp.net/10.1.0.80) reports an CLOSED replica.
2023-04-24 08:15:58,726 [FixedThreadPoolWithAffinityExecutor-9-0] WARN  container.ContainerReportHandler (AbstractContainerReportHandler.java:updateContainerState(259)) - Container #1 is in OPEN state, but the datanode 593f1123-fce2-46ce-a0f5-50a98353a86f(fv-az212-956.zlodpucb4l4udavnfxg5s20dva.cx.internal.cloudapp.net/10.1.0.80) reports an CLOSED replica.
2023-04-24 08:15:58,734 [BlockDeletingService#2] INFO  interfaces.ContainerDeletionChoosingPolicyTemplate (ContainerDeletionChoosingPolicyTemplate.java:chooseContainerForBlockDeletion(83)) - Chosen 0/5000 blocks from 0 candidate containers.
2023-04-24 08:15:58,734 [BlockDeletingService#2] INFO  interfaces.ContainerDeletionChoosingPolicyTemplate (ContainerDeletionChoosingPolicyTemplate.java:chooseContainerForBlockDeletion(83)) - Chosen 0/5000 blocks from 0 candidate containers.
2023-04-24 08:15:58,834 [BlockDeletingService#2] INFO  interfaces.ContainerDeletionChoosingPolicyTemplate (ContainerDeletionChoosingPolicyTemplate.java:chooseContainerForBlockDeletion(83)) - Chosen 0/5000 blocks from 0 candidate containers.
2023-04-24 08:15:58,834 [BlockDeletingService#2] INFO  interfaces.ContainerDeletionChoosingPolicyTemplate (ContainerDeletionChoosingPolicyTemplate.java:chooseContainerForBlockDeletion(83)) - Chosen 0/5000 blocks from 0 candidate containers.
2023-04-24 08:15:58,934 [BlockDeletingService#2] INFO  interfaces.ContainerDeletionChoosingPolicyTemplate (ContainerDeletionChoosingPolicyTemplate.java:chooseContainerForBlockDeletion(83)) - Chosen 0/5000 blocks from 0 candidate containers.
2023-04-24 08:15:58,934 [BlockDeletingService#2] INFO  interfaces.ContainerDeletionChoosingPolicyTemplate (ContainerDeletionChoosingPolicyTemplate.java:chooseContainerForBlockDeletion(83)) - Chosen 0/5000 blocks from 0 candidate containers.
2023-04-24 08:15:59,005 [FixedThreadPoolWithAffinityExecutor-9-0] WARN  container.ContainerReportHandler (AbstractContainerReportHandler.java:updateContainerState(259)) - Container #1 is in OPEN state, but the datanode 444322bb-4321-4e38-998a-96758a8a198b(fv-az212-956.zlodpucb4l4udavnfxg5s20dva.cx.internal.cloudapp.net/10.1.0.80) reports an CLOSED replica.
2023-04-24 08:15:59,035 [BlockDeletingService#2] INFO  interfaces.ContainerDeletionChoosingPolicyTemplate (ContainerDeletionChoosingPolicyTemplate.java:chooseContainerForBlockDeletion(83)) - Chosen 0/5000 blocks from 0 candidate containers.
2023-04-24 08:15:59,035 [BlockDeletingService#2] INFO  interfaces.ContainerDeletionChoosingPolicyTemplate (ContainerDeletionChoosingPolicyTemplate.java:chooseContainerForBlockDeletion(83)) - Chosen 0/5000 blocks from 0 candidate containers.
2023-04-24 08:15:59,037 [FixedThreadPoolWithAffinityExecutor-9-0] WARN  container.ContainerReportHandler (AbstractContainerReportHandler.java:updateContainerState(259)) - Container #1 is in OPEN state, but the datanode 593f1123-fce2-46ce-a0f5-50a98353a86f(fv-az212-956.zlodpucb4l4udavnfxg5s20dva.cx.internal.cloudapp.net/10.1.0.80) reports an CLOSED replica.
2023-04-24 08:15:59,135 [BlockDeletingService#2] INFO  interfaces.ContainerDeletionChoosingPolicyTemplate (ContainerDeletionChoosingPolicyTemplate.java:chooseContainerForBlockDeletion(83)) - Chosen 0/5000 blocks from 0 candidate containers.
2023-04-24 08:15:59,135 [BlockDeletingService#2] INFO  interfaces.ContainerDeletionChoosingPolicyTemplate (ContainerDeletionChoosingPolicyTemplate.java:chooseContainerForBlockDeletion(83)) - Chosen 0/5000 blocks from 0 candidate containers.
2023-04-24 08:15:59,235 [BlockDeletingService#2] INFO  interfaces.ContainerDeletionChoosingPolicyTemplate (ContainerDeletionChoosingPolicyTemplate.java:chooseContainerForBlockDeletion(83)) - Chosen 0/5000 blocks from 0 candidate containers.
2023-04-24 08:15:59,235 [BlockDeletingService#2] INFO  interfaces.ContainerDeletionChoosingPolicyTemplate (ContainerDeletionChoosingPolicyTemplate.java:chooseContainerForBlockDeletion(83)) - Chosen 0/5000 blocks from 0 candidate containers.
2023-04-24 08:15:59,304 [FixedThreadPoolWithAffinityExecutor-9-0] WARN  container.ContainerReportHandler (AbstractContainerReportHandler.java:updateContainerState(259)) - Container #1 is in OPEN state, but the datanode 444322bb-4321-4e38-998a-96758a8a198b(fv-az212-956.zlodpucb4l4udavnfxg5s20dva.cx.internal.cloudapp.net/10.1.0.80) reports an CLOSED replica.
2023-04-24 08:15:59,334 [FixedThreadPoolWithAffinityExecutor-9-0] WARN  container.ContainerReportHandler (AbstractContainerReportHandler.java:updateContainerState(259)) - Container #1 is in OPEN state, but the datanode 593f1123-fce2-46ce-a0f5-50a98353a86f(fv-az212-956.zlodpucb4l4udavnfxg5s20dva.cx.internal.cloudapp.net/10.1.0.80) reports an CLOSED replica.
2023-04-24 08:15:59,335 [BlockDeletingService#2] INFO  interfaces.ContainerDeletionChoosingPolicyTemplate (ContainerDeletionChoosingPolicyTemplate.java:chooseContainerForBlockDeletion(83)) - Chosen 0/5000 blocks from 0 candidate containers.
2023-04-24 08:15:59,335 [BlockDeletingService#2] INFO  interfaces.ContainerDeletionChoosingPolicyTemplate (ContainerDeletionChoosingPolicyTemplate.java:chooseContainerForBlockDeletion(83)) - Chosen 0/5000 blocks from 0 candidate containers.
2023-04-24 08:15:59,435 [BlockDeletingService#2] INFO  interfaces.ContainerDeletionChoosingPolicyTemplate (ContainerDeletionChoosingPolicyTemplate.java:chooseContainerForBlockDeletion(83)) - Chosen 0/5000 blocks from 0 candidate containers.
2023-04-24 08:15:59,436 [BlockDeletingService#2] INFO  interfaces.ContainerDeletionChoosingPolicyTemplate (ContainerDeletionChoosingPolicyTemplate.java:chooseContainerForBlockDeletion(83)) - Chosen 0/5000 blocks from 0 candidate containers.
2023-04-24 08:15:59,536 [BlockDeletingService#2] INFO  interfaces.ContainerDeletionChoosingPolicyTemplate (ContainerDeletionChoosingPolicyTemplate.java:chooseContainerForBlockDeletion(83)) - Chosen 0/5000 blocks from 0 candidate containers.
2023-04-24 08:15:59,536 [BlockDeletingService#2] INFO  interfaces.ContainerDeletionChoosingPolicyTemplate (ContainerDeletionChoosingPolicyTemplate.java:chooseContainerForBlockDeletion(83)) - Chosen 0/5000 blocks from 0 candidate containers.
2023-04-24 08:15:59,559 [grpc-default-executor-3] WARN  server.GrpcLogAppender (LogUtils.java:warn(122)) - 593f1123-fce2-46ce-a0f5-50a98353a86f@group-2C65884D69A9->d7f67023-bd71-4164-8161-24a8eb75dffe-AppendLogResponseHandler: Failed appendEntries: org.apache.ratis.thirdparty.io.grpc.StatusRuntimeException: UNAVAILABLE: io exception
2023-04-24 08:15:59,560 [grpc-default-executor-3] WARN  server.GrpcLogAppender (GrpcLogAppender.java:resetClient(131)) - 593f1123-fce2-46ce-a0f5-50a98353a86f@group-2C65884D69A9->d7f67023-bd71-4164-8161-24a8eb75dffe-GrpcLogAppender: Leader has not got in touch with Follower 593f1123-fce2-46ce-a0f5-50a98353a86f@group-2C65884D69A9->d7f67023-bd71-4164-8161-24a8eb75dffe(c-1,m0,n6, attendVote=true, lastRpcSendTime=0, lastRpcResponseTime=25319) yet, just keep nextIndex unchanged and retry.
2023-04-24 08:15:59,560 [grpc-default-executor-1] WARN  server.GrpcLogAppender (LogUtils.java:warn(122)) - 593f1123-fce2-46ce-a0f5-50a98353a86f@group-2C65884D69A9->d7f67023-bd71-4164-8161-24a8eb75dffe-AppendLogResponseHandler: Failed appendEntries: org.apache.ratis.thirdparty.io.grpc.StatusRuntimeException: UNAVAILABLE: io exception
2023-04-24 08:15:59,561 [grpc-default-executor-1] WARN  server.GrpcLogAppender (GrpcLogAppender.java:resetClient(131)) - 593f1123-fce2-46ce-a0f5-50a98353a86f@group-2C65884D69A9->d7f67023-bd71-4164-8161-24a8eb75dffe-GrpcLogAppender: Leader has not got in touch with Follower 593f1123-fce2-46ce-a0f5-50a98353a86f@group-2C65884D69A9->d7f67023-bd71-4164-8161-24a8eb75dffe(c-1,m0,n6, attendVote=true, lastRpcSendTime=1, lastRpcResponseTime=25320) yet, just keep nextIndex unchanged and retry.
2023-04-24 08:15:59,605 [FixedThreadPoolWithAffinityExecutor-9-0] WARN  container.ContainerReportHandler (AbstractContainerReportHandler.java:updateContainerState(259)) - Container #1 is in OPEN state, but the datanode 444322bb-4321-4e38-998a-96758a8a198b(fv-az212-956.zlodpucb4l4udavnfxg5s20dva.cx.internal.cloudapp.net/10.1.0.80) reports an CLOSED replica.
2023-04-24 08:15:59,635 [FixedThreadPoolWithAffinityExecutor-9-0] WARN  container.ContainerReportHandler (AbstractContainerReportHandler.java:updateContainerState(259)) - Container #1 is in OPEN state, but the datanode 593f1123-fce2-46ce-a0f5-50a98353a86f(fv-az212-956.zlodpucb4l4udavnfxg5s20dva.cx.internal.cloudapp.net/10.1.0.80) reports an CLOSED replica.
2023-04-24 08:15:59,637 [BlockDeletingService#2] INFO  interfaces.ContainerDeletionChoosingPolicyTemplate (ContainerDeletionChoosingPolicyTemplate.java:chooseContainerForBlockDeletion(83)) - Chosen 0/5000 blocks from 0 candidate containers.
2023-04-24 08:15:59,638 [BlockDeletingService#2] INFO  interfaces.ContainerDeletionChoosingPolicyTemplate (ContainerDeletionChoosingPolicyTemplate.java:chooseContainerForBlockDeletion(83)) - Chosen 0/5000 blocks from 0 candidate containers.
2023-04-24 08:15:59,738 [BlockDeletingService#2] INFO  interfaces.ContainerDeletionChoosingPolicyTemplate (ContainerDeletionChoosingPolicyTemplate.java:chooseContainerForBlockDeletion(83)) - Chosen 0/5000 blocks from 0 candidate containers.
2023-04-24 08:15:59,738 [BlockDeletingService#2] INFO  interfaces.ContainerDeletionChoosingPolicyTemplate (ContainerDeletionChoosingPolicyTemplate.java:chooseContainerForBlockDeletion(83)) - Chosen 0/5000 blocks from 0 candidate containers.
2023-04-24 08:15:59,838 [BlockDeletingService#2] INFO  interfaces.ContainerDeletionChoosingPolicyTemplate (ContainerDeletionChoosingPolicyTemplate.java:chooseContainerForBlockDeletion(83)) - Chosen 0/5000 blocks from 0 candidate containers.
2023-04-24 08:15:59,838 [BlockDeletingService#2] INFO  interfaces.ContainerDeletionChoosingPolicyTemplate (ContainerDeletionChoosingPolicyTemplate.java:chooseContainerForBlockDeletion(83)) - Chosen 0/5000 blocks from 0 candidate containers.
2023-04-24 08:15:59,906 [FixedThreadPoolWithAffinityExecutor-9-0] WARN  container.ContainerReportHandler (AbstractContainerReportHandler.java:updateContainerState(259)) - Container #1 is in OPEN state, but the datanode 444322bb-4321-4e38-998a-96758a8a198b(fv-az212-956.zlodpucb4l4udavnfxg5s20dva.cx.internal.cloudapp.net/10.1.0.80) reports an CLOSED replica.
2023-04-24 08:15:59,934 [FixedThreadPoolWithAffinityExecutor-9-0] WARN  container.ContainerReportHandler (AbstractContainerReportHandler.java:updateContainerState(259)) - Container #1 is in OPEN state, but the datanode 593f1123-fce2-46ce-a0f5-50a98353a86f(fv-az212-956.zlodpucb4l4udavnfxg5s20dva.cx.internal.cloudapp.net/10.1.0.80) reports an CLOSED replica.
2023-04-24 08:15:59,938 [BlockDeletingService#2] INFO  interfaces.ContainerDeletionChoosingPolicyTemplate (ContainerDeletionChoosingPolicyTemplate.java:chooseContainerForBlockDeletion(83)) - Chosen 0/5000 blocks from 0 candidate containers.
2023-04-24 08:15:59,938 [BlockDeletingService#2] INFO  interfaces.ContainerDeletionChoosingPolicyTemplate (ContainerDeletionChoosingPolicyTemplate.java:chooseContainerForBlockDeletion(83)) - Chosen 0/5000 blocks from 0 candidate containers.
2023-04-24 08:16:00,038 [BlockDeletingService#2] INFO  interfaces.ContainerDeletionChoosingPolicyTemplate (ContainerDeletionChoosingPolicyTemplate.java:chooseContainerForBlockDeletion(83)) - Chosen 0/5000 blocks from 0 candidate containers.
2023-04-24 08:16:00,038 [BlockDeletingService#2] INFO  interfaces.ContainerDeletionChoosingPolicyTemplate (ContainerDeletionChoosingPolicyTemplate.java:chooseContainerForBlockDeletion(83)) - Chosen 0/5000 blocks from 0 candidate containers.
2023-04-24 08:16:00,138 [BlockDeletingService#2] INFO  interfaces.ContainerDeletionChoosingPolicyTemplate (ContainerDeletionChoosingPolicyTemplate.java:chooseContainerForBlockDeletion(83)) - Chosen 0/5000 blocks from 0 candidate containers.
2023-04-24 08:16:00,139 [BlockDeletingService#2] INFO  interfaces.ContainerDeletionChoosingPolicyTemplate (ContainerDeletionChoosingPolicyTemplate.java:chooseContainerForBlockDeletion(83)) - Chosen 0/5000 blocks from 0 candidate containers.
2023-04-24 08:16:00,206 [FixedThreadPoolWithAffinityExecutor-9-0] WARN  container.ContainerReportHandler (AbstractContainerReportHandler.java:updateContainerState(259)) - Container #1 is in OPEN state, but the datanode 444322bb-4321-4e38-998a-96758a8a198b(fv-az212-956.zlodpucb4l4udavnfxg5s20dva.cx.internal.cloudapp.net/10.1.0.80) reports an CLOSED replica.
2023-04-24 08:16:00,234 [FixedThreadPoolWithAffinityExecutor-9-0] WARN  container.ContainerReportHandler (AbstractContainerReportHandler.java:updateContainerState(259)) - Container #1 is in OPEN state, but the datanode 593f1123-fce2-46ce-a0f5-50a98353a86f(fv-az212-956.zlodpucb4l4udavnfxg5s20dva.cx.internal.cloudapp.net/10.1.0.80) reports an CLOSED replica.
2023-04-24 08:16:00,239 [BlockDeletingService#2] INFO  interfaces.ContainerDeletionChoosingPolicyTemplate (ContainerDeletionChoosingPolicyTemplate.java:chooseContainerForBlockDeletion(83)) - Chosen 0/5000 blocks from 0 candidate containers.
2023-04-24 08:16:00,239 [BlockDeletingService#2] INFO  interfaces.ContainerDeletionChoosingPolicyTemplate (ContainerDeletionChoosingPolicyTemplate.java:chooseContainerForBlockDeletion(83)) - Chosen 0/5000 blocks from 0 candidate containers.
2023-04-24 08:16:00,339 [BlockDeletingService#2] INFO  interfaces.ContainerDeletionChoosingPolicyTemplate (ContainerDeletionChoosingPolicyTemplate.java:chooseContainerForBlockDeletion(83)) - Chosen 0/5000 blocks from 0 candidate containers.
2023-04-24 08:16:00,339 [BlockDeletingService#2] INFO  interfaces.ContainerDeletionChoosingPolicyTemplate (ContainerDeletionChoosingPolicyTemplate.java:chooseContainerForBlockDeletion(83)) - Chosen 0/5000 blocks from 0 candidate containers.
2023-04-24 08:16:00,439 [BlockDeletingService#2] INFO  interfaces.ContainerDeletionChoosingPolicyTemplate (ContainerDeletionChoosingPolicyTemplate.java:chooseContainerForBlockDeletion(83)) - Chosen 0/5000 blocks from 0 candidate containers.
2023-04-24 08:16:00,439 [BlockDeletingService#2] INFO  interfaces.ContainerDeletionChoosingPolicyTemplate (ContainerDeletionChoosingPolicyTemplate.java:chooseContainerForBlockDeletion(83)) - Chosen 0/5000 blocks from 0 candidate containers.
2023-04-24 08:16:00,505 [FixedThreadPoolWithAffinityExecutor-9-0] WARN  container.ContainerReportHandler (AbstractContainerReportHandler.java:updateContainerState(259)) - Container #1 is in OPEN state, but the datanode 444322bb-4321-4e38-998a-96758a8a198b(fv-az212-956.zlodpucb4l4udavnfxg5s20dva.cx.internal.cloudapp.net/10.1.0.80) reports an CLOSED replica.
2023-04-24 08:16:00,534 [FixedThreadPoolWithAffinityExecutor-9-0] WARN  container.ContainerReportHandler (AbstractContainerReportHandler.java:updateContainerState(259)) - Container #1 is in OPEN state, but the datanode 593f1123-fce2-46ce-a0f5-50a98353a86f(fv-az212-956.zlodpucb4l4udavnfxg5s20dva.cx.internal.cloudapp.net/10.1.0.80) reports an CLOSED replica.
2023-04-24 08:16:00,539 [BlockDeletingService#2] INFO  interfaces.ContainerDeletionChoosingPolicyTemplate (ContainerDeletionChoosingPolicyTemplate.java:chooseContainerForBlockDeletion(83)) - Chosen 0/5000 blocks from 0 candidate containers.
2023-04-24 08:16:00,539 [BlockDeletingService#2] INFO  interfaces.ContainerDeletionChoosingPolicyTemplate (ContainerDeletionChoosingPolicyTemplate.java:chooseContainerForBlockDeletion(83)) - Chosen 0/5000 blocks from 0 candidate containers.
2023-04-24 08:16:00,639 [BlockDeletingService#2] INFO  interfaces.ContainerDeletionChoosingPolicyTemplate (ContainerDeletionChoosingPolicyTemplate.java:chooseContainerForBlockDeletion(83)) - Chosen 0/5000 blocks from 0 candidate containers.
2023-04-24 08:16:00,640 [BlockDeletingService#2] INFO  interfaces.ContainerDeletionChoosingPolicyTemplate (ContainerDeletionChoosingPolicyTemplate.java:chooseContainerForBlockDeletion(83)) - Chosen 0/5000 blocks from 0 candidate containers.
2023-04-24 08:16:00,740 [BlockDeletingService#2] INFO  interfaces.ContainerDeletionChoosingPolicyTemplate (ContainerDeletionChoosingPolicyTemplate.java:chooseContainerForBlockDeletion(83)) - Chosen 0/5000 blocks from 0 candidate containers.
2023-04-24 08:16:00,740 [BlockDeletingService#2] INFO  interfaces.ContainerDeletionChoosingPolicyTemplate (ContainerDeletionChoosingPolicyTemplate.java:chooseContainerForBlockDeletion(83)) - Chosen 0/5000 blocks from 0 candidate containers.
2023-04-24 08:16:00,807 [FixedThreadPoolWithAffinityExecutor-9-0] WARN  container.ContainerReportHandler (AbstractContainerReportHandler.java:updateContainerState(259)) - Container #1 is in OPEN state, but the datanode 444322bb-4321-4e38-998a-96758a8a198b(fv-az212-956.zlodpucb4l4udavnfxg5s20dva.cx.internal.cloudapp.net/10.1.0.80) reports an CLOSED replica.
2023-04-24 08:16:00,810 [grpc-default-executor-1] WARN  server.GrpcLogAppender (LogUtils.java:warn(122)) - 593f1123-fce2-46ce-a0f5-50a98353a86f@group-2C65884D69A9->d7f67023-bd71-4164-8161-24a8eb75dffe-AppendLogResponseHandler: Failed appendEntries: org.apache.ratis.thirdparty.io.grpc.StatusRuntimeException: UNAVAILABLE: io exception
2023-04-24 08:16:00,810 [grpc-default-executor-3] WARN  server.GrpcLogAppender (LogUtils.java:warn(122)) - 593f1123-fce2-46ce-a0f5-50a98353a86f@group-2C65884D69A9->d7f67023-bd71-4164-8161-24a8eb75dffe-AppendLogResponseHandler: Failed appendEntries: org.apache.ratis.thirdparty.io.grpc.StatusRuntimeException: UNAVAILABLE: io exception
2023-04-24 08:16:00,811 [grpc-default-executor-1] WARN  server.GrpcLogAppender (GrpcLogAppender.java:resetClient(131)) - 593f1123-fce2-46ce-a0f5-50a98353a86f@group-2C65884D69A9->d7f67023-bd71-4164-8161-24a8eb75dffe-GrpcLogAppender: Leader has not got in touch with Follower 593f1123-fce2-46ce-a0f5-50a98353a86f@group-2C65884D69A9->d7f67023-bd71-4164-8161-24a8eb75dffe(c-1,m0,n6, attendVote=true, lastRpcSendTime=0, lastRpcResponseTime=26570) yet, just keep nextIndex unchanged and retry.
2023-04-24 08:16:00,812 [grpc-default-executor-3] WARN  server.GrpcLogAppender (GrpcLogAppender.java:resetClient(131)) - 593f1123-fce2-46ce-a0f5-50a98353a86f@group-2C65884D69A9->d7f67023-bd71-4164-8161-24a8eb75dffe-GrpcLogAppender: Leader has not got in touch with Follower 593f1123-fce2-46ce-a0f5-50a98353a86f@group-2C65884D69A9->d7f67023-bd71-4164-8161-24a8eb75dffe(c-1,m0,n6, attendVote=true, lastRpcSendTime=1, lastRpcResponseTime=26571) yet, just keep nextIndex unchanged and retry.
2023-04-24 08:16:00,835 [FixedThreadPoolWithAffinityExecutor-9-0] WARN  container.ContainerReportHandler (AbstractContainerReportHandler.java:updateContainerState(259)) - Container #1 is in OPEN state, but the datanode 593f1123-fce2-46ce-a0f5-50a98353a86f(fv-az212-956.zlodpucb4l4udavnfxg5s20dva.cx.internal.cloudapp.net/10.1.0.80) reports an CLOSED replica.
2023-04-24 08:16:00,840 [BlockDeletingService#2] INFO  interfaces.ContainerDeletionChoosingPolicyTemplate (ContainerDeletionChoosingPolicyTemplate.java:chooseContainerForBlockDeletion(83)) - Chosen 0/5000 blocks from 0 candidate containers.
2023-04-24 08:16:00,840 [BlockDeletingService#2] INFO  interfaces.ContainerDeletionChoosingPolicyTemplate (ContainerDeletionChoosingPolicyTemplate.java:chooseContainerForBlockDeletion(83)) - Chosen 0/5000 blocks from 0 candidate containers.
2023-04-24 08:16:00,940 [BlockDeletingService#2] INFO  interfaces.ContainerDeletionChoosingPolicyTemplate (ContainerDeletionChoosingPolicyTemplate.java:chooseContainerForBlockDeletion(83)) - Chosen 0/5000 blocks from 0 candidate containers.
2023-04-24 08:16:00,940 [BlockDeletingService#2] INFO  interfaces.ContainerDeletionChoosingPolicyTemplate (ContainerDeletionChoosingPolicyTemplate.java:chooseContainerForBlockDeletion(83)) - Chosen 0/5000 blocks from 0 candidate containers.
2023-04-24 08:16:01,040 [BlockDeletingService#2] INFO  interfaces.ContainerDeletionChoosingPolicyTemplate (ContainerDeletionChoosingPolicyTemplate.java:chooseContainerForBlockDeletion(83)) - Chosen 0/5000 blocks from 0 candidate containers.
2023-04-24 08:16:01,040 [BlockDeletingService#2] INFO  interfaces.ContainerDeletionChoosingPolicyTemplate (ContainerDeletionChoosingPolicyTemplate.java:chooseContainerForBlockDeletion(83)) - Chosen 0/5000 blocks from 0 candidate containers.
2023-04-24 08:16:01,107 [FixedThreadPoolWithAffinityExecutor-9-0] WARN  container.ContainerReportHandler (AbstractContainerReportHandler.java:updateContainerState(259)) - Container #1 is in OPEN state, but the datanode 444322bb-4321-4e38-998a-96758a8a198b(fv-az212-956.zlodpucb4l4udavnfxg5s20dva.cx.internal.cloudapp.net/10.1.0.80) reports an CLOSED replica.
2023-04-24 08:16:01,141 [BlockDeletingService#2] INFO  interfaces.ContainerDeletionChoosingPolicyTemplate (ContainerDeletionChoosingPolicyTemplate.java:chooseContainerForBlockDeletion(83)) - Chosen 0/5000 blocks from 0 candidate containers.
2023-04-24 08:16:01,141 [BlockDeletingService#2] INFO  interfaces.ContainerDeletionChoosingPolicyTemplate (ContainerDeletionChoosingPolicyTemplate.java:chooseContainerForBlockDeletion(83)) - Chosen 0/5000 blocks from 0 candidate containers.
2023-04-24 08:16:01,234 [FixedThreadPoolWithAffinityExecutor-9-0] WARN  container.ContainerReportHandler (AbstractContainerReportHandler.java:updateContainerState(259)) - Container #1 is in OPEN state, but the datanode 593f1123-fce2-46ce-a0f5-50a98353a86f(fv-az212-956.zlodpucb4l4udavnfxg5s20dva.cx.internal.cloudapp.net/10.1.0.80) reports an CLOSED replica.
2023-04-24 08:16:01,241 [BlockDeletingService#2] INFO  interfaces.ContainerDeletionChoosingPolicyTemplate (ContainerDeletionChoosingPolicyTemplate.java:chooseContainerForBlockDeletion(83)) - Chosen 0/5000 blocks from 0 candidate containers.
2023-04-24 08:16:01,241 [BlockDeletingService#2] INFO  interfaces.ContainerDeletionChoosingPolicyTemplate (ContainerDeletionChoosingPolicyTemplate.java:chooseContainerForBlockDeletion(83)) - Chosen 0/5000 blocks from 0 candidate containers.
2023-04-24 08:16:01,307 [FixedThreadPoolWithAffinityExecutor-9-0] WARN  container.ContainerReportHandler (AbstractContainerReportHandler.java:updateContainerState(259)) - Container #1 is in OPEN state, but the datanode 444322bb-4321-4e38-998a-96758a8a198b(fv-az212-956.zlodpucb4l4udavnfxg5s20dva.cx.internal.cloudapp.net/10.1.0.80) reports an CLOSED replica.
2023-04-24 08:16:01,341 [BlockDeletingService#2] INFO  interfaces.ContainerDeletionChoosingPolicyTemplate (ContainerDeletionChoosingPolicyTemplate.java:chooseContainerForBlockDeletion(83)) - Chosen 0/5000 blocks from 0 candidate containers.
2023-04-24 08:16:01,341 [BlockDeletingService#2] INFO  interfaces.ContainerDeletionChoosingPolicyTemplate (ContainerDeletionChoosingPolicyTemplate.java:chooseContainerForBlockDeletion(83)) - Chosen 0/5000 blocks from 0 candidate containers.
2023-04-24 08:16:01,441 [BlockDeletingService#2] INFO  interfaces.ContainerDeletionChoosingPolicyTemplate (ContainerDeletionChoosingPolicyTemplate.java:chooseContainerForBlockDeletion(83)) - Chosen 0/5000 blocks from 0 candidate containers.
2023-04-24 08:16:01,441 [BlockDeletingService#2] INFO  interfaces.ContainerDeletionChoosingPolicyTemplate (ContainerDeletionChoosingPolicyTemplate.java:chooseContainerForBlockDeletion(83)) - Chosen 0/5000 blocks from 0 candidate containers.
2023-04-24 08:16:01,534 [FixedThreadPoolWithAffinityExecutor-9-0] WARN  container.ContainerReportHandler (AbstractContainerReportHandler.java:updateContainerState(259)) - Container #1 is in OPEN state, but the datanode 593f1123-fce2-46ce-a0f5-50a98353a86f(fv-az212-956.zlodpucb4l4udavnfxg5s20dva.cx.internal.cloudapp.net/10.1.0.80) reports an CLOSED replica.
2023-04-24 08:16:01,541 [BlockDeletingService#2] INFO  interfaces.ContainerDeletionChoosingPolicyTemplate (ContainerDeletionChoosingPolicyTemplate.java:chooseContainerForBlockDeletion(83)) - Chosen 0/5000 blocks from 0 candidate containers.
2023-04-24 08:16:01,541 [BlockDeletingService#2] INFO  interfaces.ContainerDeletionChoosingPolicyTemplate (ContainerDeletionChoosingPolicyTemplate.java:chooseContainerForBlockDeletion(83)) - Chosen 0/5000 blocks from 0 candidate containers.
2023-04-24 08:16:01,608 [FixedThreadPoolWithAffinityExecutor-9-0] WARN  container.ContainerReportHandler (AbstractContainerReportHandler.java:updateContainerState(259)) - Container #1 is in OPEN state, but the datanode 444322bb-4321-4e38-998a-96758a8a198b(fv-az212-956.zlodpucb4l4udavnfxg5s20dva.cx.internal.cloudapp.net/10.1.0.80) reports an CLOSED replica.
2023-04-24 08:16:01,641 [BlockDeletingService#2] INFO  interfaces.ContainerDeletionChoosingPolicyTemplate (ContainerDeletionChoosingPolicyTemplate.java:chooseContainerForBlockDeletion(83)) - Chosen 0/5000 blocks from 0 candidate containers.
2023-04-24 08:16:01,642 [BlockDeletingService#2] INFO  interfaces.ContainerDeletionChoosingPolicyTemplate (ContainerDeletionChoosingPolicyTemplate.java:chooseContainerForBlockDeletion(83)) - Chosen 0/5000 blocks from 0 candidate containers.
2023-04-24 08:16:01,742 [BlockDeletingService#2] INFO  interfaces.ContainerDeletionChoosingPolicyTemplate (ContainerDeletionChoosingPolicyTemplate.java:chooseContainerForBlockDeletion(83)) - Chosen 0/5000 blocks from 0 candidate containers.
2023-04-24 08:16:01,742 [BlockDeletingService#2] INFO  interfaces.ContainerDeletionChoosingPolicyTemplate (ContainerDeletionChoosingPolicyTemplate.java:chooseContainerForBlockDeletion(83)) - Chosen 0/5000 blocks from 0 candidate containers.
2023-04-24 08:16:01,835 [FixedThreadPoolWithAffinityExecutor-9-0] WARN  container.ContainerReportHandler (AbstractContainerReportHandler.java:updateContainerState(259)) - Container #1 is in OPEN state, but the datanode 593f1123-fce2-46ce-a0f5-50a98353a86f(fv-az212-956.zlodpucb4l4udavnfxg5s20dva.cx.internal.cloudapp.net/10.1.0.80) reports an CLOSED replica.
2023-04-24 08:16:01,842 [BlockDeletingService#2] INFO  interfaces.ContainerDeletionChoosingPolicyTemplate (ContainerDeletionChoosingPolicyTemplate.java:chooseContainerForBlockDeletion(83)) - Chosen 0/5000 blocks from 0 candidate containers.
2023-04-24 08:16:01,842 [BlockDeletingService#2] INFO  interfaces.ContainerDeletionChoosingPolicyTemplate (ContainerDeletionChoosingPolicyTemplate.java:chooseContainerForBlockDeletion(83)) - Chosen 0/5000 blocks from 0 candidate containers.
2023-04-24 08:16:01,909 [FixedThreadPoolWithAffinityExecutor-9-0] WARN  container.ContainerReportHandler (AbstractContainerReportHandler.java:updateContainerState(259)) - Container #1 is in OPEN state, but the datanode 444322bb-4321-4e38-998a-96758a8a198b(fv-az212-956.zlodpucb4l4udavnfxg5s20dva.cx.internal.cloudapp.net/10.1.0.80) reports an CLOSED replica.
2023-04-24 08:16:01,942 [BlockDeletingService#2] INFO  interfaces.ContainerDeletionChoosingPolicyTemplate (ContainerDeletionChoosingPolicyTemplate.java:chooseContainerForBlockDeletion(83)) - Chosen 0/5000 blocks from 0 candidate containers.
2023-04-24 08:16:01,942 [BlockDeletingService#2] INFO  interfaces.ContainerDeletionChoosingPolicyTemplate (ContainerDeletionChoosingPolicyTemplate.java:chooseContainerForBlockDeletion(83)) - Chosen 0/5000 blocks from 0 candidate containers.
2023-04-24 08:16:02,042 [BlockDeletingService#2] INFO  interfaces.ContainerDeletionChoosingPolicyTemplate (ContainerDeletionChoosingPolicyTemplate.java:chooseContainerForBlockDeletion(83)) - Chosen 0/5000 blocks from 0 candidate containers.
2023-04-24 08:16:02,042 [BlockDeletingService#2] INFO  interfaces.ContainerDeletionChoosingPolicyTemplate (ContainerDeletionChoosingPolicyTemplate.java:chooseContainerForBlockDeletion(83)) - Chosen 0/5000 blocks from 0 candidate containers.
2023-04-24 08:16:02,060 [grpc-default-executor-3] WARN  server.GrpcLogAppender (LogUtils.java:warn(122)) - 593f1123-fce2-46ce-a0f5-50a98353a86f@group-2C65884D69A9->d7f67023-bd71-4164-8161-24a8eb75dffe-AppendLogResponseHandler: Failed appendEntries: org.apache.ratis.thirdparty.io.grpc.StatusRuntimeException: UNAVAILABLE: io exception
2023-04-24 08:16:02,060 [grpc-default-executor-1] WARN  server.GrpcLogAppender (LogUtils.java:warn(122)) - 593f1123-fce2-46ce-a0f5-50a98353a86f@group-2C65884D69A9->d7f67023-bd71-4164-8161-24a8eb75dffe-AppendLogResponseHandler: Failed appendEntries: org.apache.ratis.thirdparty.io.grpc.StatusRuntimeException: UNAVAILABLE: io exception
2023-04-24 08:16:02,061 [grpc-default-executor-3] WARN  server.GrpcLogAppender (GrpcLogAppender.java:resetClient(131)) - 593f1123-fce2-46ce-a0f5-50a98353a86f@group-2C65884D69A9->d7f67023-bd71-4164-8161-24a8eb75dffe-GrpcLogAppender: Leader has not got in touch with Follower 593f1123-fce2-46ce-a0f5-50a98353a86f@group-2C65884D69A9->d7f67023-bd71-4164-8161-24a8eb75dffe(c-1,m0,n6, attendVote=true, lastRpcSendTime=0, lastRpcResponseTime=27820) yet, just keep nextIndex unchanged and retry.
2023-04-24 08:16:02,061 [grpc-default-executor-1] WARN  server.GrpcLogAppender (GrpcLogAppender.java:resetClient(131)) - 593f1123-fce2-46ce-a0f5-50a98353a86f@group-2C65884D69A9->d7f67023-bd71-4164-8161-24a8eb75dffe-GrpcLogAppender: Leader has not got in touch with Follower 593f1123-fce2-46ce-a0f5-50a98353a86f@group-2C65884D69A9->d7f67023-bd71-4164-8161-24a8eb75dffe(c-1,m0,n6, attendVote=true, lastRpcSendTime=0, lastRpcResponseTime=27820) yet, just keep nextIndex unchanged and retry.
2023-04-24 08:16:02,135 [FixedThreadPoolWithAffinityExecutor-9-0] WARN  container.ContainerReportHandler (AbstractContainerReportHandler.java:updateContainerState(259)) - Container #1 is in OPEN state, but the datanode 593f1123-fce2-46ce-a0f5-50a98353a86f(fv-az212-956.zlodpucb4l4udavnfxg5s20dva.cx.internal.cloudapp.net/10.1.0.80) reports an CLOSED replica.
2023-04-24 08:16:02,142 [BlockDeletingService#2] INFO  interfaces.ContainerDeletionChoosingPolicyTemplate (ContainerDeletionChoosingPolicyTemplate.java:chooseContainerForBlockDeletion(83)) - Chosen 0/5000 blocks from 0 candidate containers.
2023-04-24 08:16:02,142 [BlockDeletingService#2] INFO  interfaces.ContainerDeletionChoosingPolicyTemplate (ContainerDeletionChoosingPolicyTemplate.java:chooseContainerForBlockDeletion(83)) - Chosen 0/5000 blocks from 0 candidate containers.
2023-04-24 08:16:02,207 [FixedThreadPoolWithAffinityExecutor-9-0] WARN  container.ContainerReportHandler (AbstractContainerReportHandler.java:updateContainerState(259)) - Container #1 is in OPEN state, but the datanode 444322bb-4321-4e38-998a-96758a8a198b(fv-az212-956.zlodpucb4l4udavnfxg5s20dva.cx.internal.cloudapp.net/10.1.0.80) reports an CLOSED replica.
2023-04-24 08:16:02,243 [BlockDeletingService#2] INFO  interfaces.ContainerDeletionChoosingPolicyTemplate (ContainerDeletionChoosingPolicyTemplate.java:chooseContainerForBlockDeletion(83)) - Chosen 0/5000 blocks from 0 candidate containers.
2023-04-24 08:16:02,243 [BlockDeletingService#2] INFO  interfaces.ContainerDeletionChoosingPolicyTemplate (ContainerDeletionChoosingPolicyTemplate.java:chooseContainerForBlockDeletion(83)) - Chosen 0/5000 blocks from 0 candidate containers.
2023-04-24 08:16:02,343 [BlockDeletingService#2] INFO  interfaces.ContainerDeletionChoosingPolicyTemplate (ContainerDeletionChoosingPolicyTemplate.java:chooseContainerForBlockDeletion(83)) - Chosen 0/5000 blocks from 0 candidate containers.
2023-04-24 08:16:02,343 [BlockDeletingService#2] INFO  interfaces.ContainerDeletionChoosingPolicyTemplate (ContainerDeletionChoosingPolicyTemplate.java:chooseContainerForBlockDeletion(83)) - Chosen 0/5000 blocks from 0 candidate containers.
2023-04-24 08:16:02,435 [FixedThreadPoolWithAffinityExecutor-9-0] WARN  container.ContainerReportHandler (AbstractContainerReportHandler.java:updateContainerState(259)) - Container #1 is in OPEN state, but the datanode 593f1123-fce2-46ce-a0f5-50a98353a86f(fv-az212-956.zlodpucb4l4udavnfxg5s20dva.cx.internal.cloudapp.net/10.1.0.80) reports an CLOSED replica.
2023-04-24 08:16:02,443 [BlockDeletingService#2] INFO  interfaces.ContainerDeletionChoosingPolicyTemplate (ContainerDeletionChoosingPolicyTemplate.java:chooseContainerForBlockDeletion(83)) - Chosen 0/5000 blocks from 0 candidate containers.
2023-04-24 08:16:02,443 [BlockDeletingService#2] INFO  interfaces.ContainerDeletionChoosingPolicyTemplate (ContainerDeletionChoosingPolicyTemplate.java:chooseContainerForBlockDeletion(83)) - Chosen 0/5000 blocks from 0 candidate containers.
2023-04-24 08:16:02,508 [FixedThreadPoolWithAffinityExecutor-9-0] WARN  container.ContainerReportHandler (AbstractContainerReportHandler.java:updateContainerState(259)) - Container #1 is in OPEN state, but the datanode 444322bb-4321-4e38-998a-96758a8a198b(fv-az212-956.zlodpucb4l4udavnfxg5s20dva.cx.internal.cloudapp.net/10.1.0.80) reports an CLOSED replica.
2023-04-24 08:16:02,543 [BlockDeletingService#2] INFO  interfaces.ContainerDeletionChoosingPolicyTemplate (ContainerDeletionChoosingPolicyTemplate.java:chooseContainerForBlockDeletion(83)) - Chosen 0/5000 blocks from 0 candidate containers.
2023-04-24 08:16:02,543 [BlockDeletingService#2] INFO  interfaces.ContainerDeletionChoosingPolicyTemplate (ContainerDeletionChoosingPolicyTemplate.java:chooseContainerForBlockDeletion(83)) - Chosen 0/5000 blocks from 0 candidate containers.
2023-04-24 08:16:02,643 [BlockDeletingService#2] INFO  interfaces.ContainerDeletionChoosingPolicyTemplate (ContainerDeletionChoosingPolicyTemplate.java:chooseContainerForBlockDeletion(83)) - Chosen 0/5000 blocks from 0 candidate containers.
2023-04-24 08:16:02,643 [BlockDeletingService#2] INFO  interfaces.ContainerDeletionChoosingPolicyTemplate (ContainerDeletionChoosingPolicyTemplate.java:chooseContainerForBlockDeletion(83)) - Chosen 0/5000 blocks from 0 candidate containers.
2023-04-24 08:16:02,735 [FixedThreadPoolWithAffinityExecutor-9-0] WARN  container.ContainerReportHandler (AbstractContainerReportHandler.java:updateContainerState(259)) - Container #1 is in OPEN state, but the datanode 593f1123-fce2-46ce-a0f5-50a98353a86f(fv-az212-956.zlodpucb4l4udavnfxg5s20dva.cx.internal.cloudapp.net/10.1.0.80) reports an CLOSED replica.
2023-04-24 08:16:02,744 [BlockDeletingService#2] INFO  interfaces.ContainerDeletionChoosingPolicyTemplate (ContainerDeletionChoosingPolicyTemplate.java:chooseContainerForBlockDeletion(83)) - Chosen 0/5000 blocks from 0 candidate containers.
2023-04-24 08:16:02,744 [BlockDeletingService#2] INFO  interfaces.ContainerDeletionChoosingPolicyTemplate (ContainerDeletionChoosingPolicyTemplate.java:chooseContainerForBlockDeletion(83)) - Chosen 0/5000 blocks from 0 candidate containers.
2023-04-24 08:16:02,812 [FixedThreadPoolWithAffinityExecutor-9-0] WARN  container.ContainerReportHandler (AbstractContainerReportHandler.java:updateContainerState(259)) - Container #1 is in OPEN state, but the datanode 444322bb-4321-4e38-998a-96758a8a198b(fv-az212-956.zlodpucb4l4udavnfxg5s20dva.cx.internal.cloudapp.net/10.1.0.80) reports an CLOSED replica.
2023-04-24 08:16:02,844 [BlockDeletingService#2] INFO  interfaces.ContainerDeletionChoosingPolicyTemplate (ContainerDeletionChoosingPolicyTemplate.java:chooseContainerForBlockDeletion(83)) - Chosen 0/5000 blocks from 0 candidate containers.
2023-04-24 08:16:02,844 [BlockDeletingService#2] INFO  interfaces.ContainerDeletionChoosingPolicyTemplate (ContainerDeletionChoosingPolicyTemplate.java:chooseContainerForBlockDeletion(83)) - Chosen 0/5000 blocks from 0 candidate containers.
2023-04-24 08:16:02,944 [BlockDeletingService#2] INFO  interfaces.ContainerDeletionChoosingPolicyTemplate (ContainerDeletionChoosingPolicyTemplate.java:chooseContainerForBlockDeletion(83)) - Chosen 0/5000 blocks from 0 candidate containers.
2023-04-24 08:16:02,944 [BlockDeletingService#2] INFO  interfaces.ContainerDeletionChoosingPolicyTemplate (ContainerDeletionChoosingPolicyTemplate.java:chooseContainerForBlockDeletion(83)) - Chosen 0/5000 blocks from 0 candidate containers.
2023-04-24 08:16:03,036 [FixedThreadPoolWithAffinityExecutor-9-0] WARN  container.ContainerReportHandler (AbstractContainerReportHandler.java:updateContainerState(259)) - Container #1 is in OPEN state, but the datanode 593f1123-fce2-46ce-a0f5-50a98353a86f(fv-az212-956.zlodpucb4l4udavnfxg5s20dva.cx.internal.cloudapp.net/10.1.0.80) reports an CLOSED replica.
2023-04-24 08:16:03,044 [BlockDeletingService#2] INFO  interfaces.ContainerDeletionChoosingPolicyTemplate (ContainerDeletionChoosingPolicyTemplate.java:chooseContainerForBlockDeletion(83)) - Chosen 0/5000 blocks from 0 candidate containers.
2023-04-24 08:16:03,044 [BlockDeletingService#2] INFO  interfaces.ContainerDeletionChoosingPolicyTemplate (ContainerDeletionChoosingPolicyTemplate.java:chooseContainerForBlockDeletion(83)) - Chosen 0/5000 blocks from 0 candidate containers.
2023-04-24 08:16:03,112 [FixedThreadPoolWithAffinityExecutor-9-0] WARN  container.ContainerReportHandler (AbstractContainerReportHandler.java:updateContainerState(259)) - Container #1 is in OPEN state, but the datanode 444322bb-4321-4e38-998a-96758a8a198b(fv-az212-956.zlodpucb4l4udavnfxg5s20dva.cx.internal.cloudapp.net/10.1.0.80) reports an CLOSED replica.
2023-04-24 08:16:03,144 [BlockDeletingService#2] INFO  interfaces.ContainerDeletionChoosingPolicyTemplate (ContainerDeletionChoosingPolicyTemplate.java:chooseContainerForBlockDeletion(83)) - Chosen 0/5000 blocks from 0 candidate containers.
2023-04-24 08:16:03,144 [BlockDeletingService#2] INFO  interfaces.ContainerDeletionChoosingPolicyTemplate (ContainerDeletionChoosingPolicyTemplate.java:chooseContainerForBlockDeletion(83)) - Chosen 0/5000 blocks from 0 candidate containers.
2023-04-24 08:16:03,244 [BlockDeletingService#2] INFO  interfaces.ContainerDeletionChoosingPolicyTemplate (ContainerDeletionChoosingPolicyTemplate.java:chooseContainerForBlockDeletion(83)) - Chosen 0/5000 blocks from 0 candidate containers.
2023-04-24 08:16:03,245 [BlockDeletingService#2] INFO  interfaces.ContainerDeletionChoosingPolicyTemplate (ContainerDeletionChoosingPolicyTemplate.java:chooseContainerForBlockDeletion(83)) - Chosen 0/5000 blocks from 0 candidate containers.
2023-04-24 08:16:03,311 [grpc-default-executor-1] WARN  server.GrpcLogAppender (LogUtils.java:warn(122)) - 593f1123-fce2-46ce-a0f5-50a98353a86f@group-2C65884D69A9->d7f67023-bd71-4164-8161-24a8eb75dffe-AppendLogResponseHandler: Failed appendEntries: org.apache.ratis.thirdparty.io.grpc.StatusRuntimeException: UNAVAILABLE: io exception
2023-04-24 08:16:03,311 [grpc-default-executor-3] WARN  server.GrpcLogAppender (LogUtils.java:warn(122)) - 593f1123-fce2-46ce-a0f5-50a98353a86f@group-2C65884D69A9->d7f67023-bd71-4164-8161-24a8eb75dffe-AppendLogResponseHandler: Failed appendEntries: org.apache.ratis.thirdparty.io.grpc.StatusRuntimeException: UNAVAILABLE: io exception
2023-04-24 08:16:03,312 [grpc-default-executor-1] WARN  server.GrpcLogAppender (GrpcLogAppender.java:resetClient(131)) - 593f1123-fce2-46ce-a0f5-50a98353a86f@group-2C65884D69A9->d7f67023-bd71-4164-8161-24a8eb75dffe-GrpcLogAppender: Leader has not got in touch with Follower 593f1123-fce2-46ce-a0f5-50a98353a86f@group-2C65884D69A9->d7f67023-bd71-4164-8161-24a8eb75dffe(c-1,m0,n6, attendVote=true, lastRpcSendTime=1, lastRpcResponseTime=29071) yet, just keep nextIndex unchanged and retry.
2023-04-24 08:16:03,312 [grpc-default-executor-3] WARN  server.GrpcLogAppender (GrpcLogAppender.java:resetClient(131)) - 593f1123-fce2-46ce-a0f5-50a98353a86f@group-2C65884D69A9->d7f67023-bd71-4164-8161-24a8eb75dffe-GrpcLogAppender: Leader has not got in touch with Follower 593f1123-fce2-46ce-a0f5-50a98353a86f@group-2C65884D69A9->d7f67023-bd71-4164-8161-24a8eb75dffe(c-1,m0,n6, attendVote=true, lastRpcSendTime=1, lastRpcResponseTime=29071) yet, just keep nextIndex unchanged and retry.
2023-04-24 08:16:03,336 [FixedThreadPoolWithAffinityExecutor-9-0] WARN  container.ContainerReportHandler (AbstractContainerReportHandler.java:updateContainerState(259)) - Container #1 is in OPEN state, but the datanode 593f1123-fce2-46ce-a0f5-50a98353a86f(fv-az212-956.zlodpucb4l4udavnfxg5s20dva.cx.internal.cloudapp.net/10.1.0.80) reports an CLOSED replica.
2023-04-24 08:16:03,345 [BlockDeletingService#2] INFO  interfaces.ContainerDeletionChoosingPolicyTemplate (ContainerDeletionChoosingPolicyTemplate.java:chooseContainerForBlockDeletion(83)) - Chosen 0/5000 blocks from 0 candidate containers.
2023-04-24 08:16:03,345 [BlockDeletingService#2] INFO  interfaces.ContainerDeletionChoosingPolicyTemplate (ContainerDeletionChoosingPolicyTemplate.java:chooseContainerForBlockDeletion(83)) - Chosen 0/5000 blocks from 0 candidate containers.
2023-04-24 08:16:03,413 [FixedThreadPoolWithAffinityExecutor-9-0] WARN  container.ContainerReportHandler (AbstractContainerReportHandler.java:updateContainerState(259)) - Container #1 is in OPEN state, but the datanode 444322bb-4321-4e38-998a-96758a8a198b(fv-az212-956.zlodpucb4l4udavnfxg5s20dva.cx.internal.cloudapp.net/10.1.0.80) reports an CLOSED replica.
2023-04-24 08:16:03,445 [BlockDeletingService#2] INFO  interfaces.ContainerDeletionChoosingPolicyTemplate (ContainerDeletionChoosingPolicyTemplate.java:chooseContainerForBlockDeletion(83)) - Chosen 0/5000 blocks from 0 candidate containers.
2023-04-24 08:16:03,445 [BlockDeletingService#2] INFO  interfaces.ContainerDeletionChoosingPolicyTemplate (ContainerDeletionChoosingPolicyTemplate.java:chooseContainerForBlockDeletion(83)) - Chosen 0/5000 blocks from 0 candidate containers.
2023-04-24 08:16:03,545 [BlockDeletingService#2] INFO  interfaces.ContainerDeletionChoosingPolicyTemplate (ContainerDeletionChoosingPolicyTemplate.java:chooseContainerForBlockDeletion(83)) - Chosen 0/5000 blocks from 0 candidate containers.
2023-04-24 08:16:03,545 [BlockDeletingService#2] INFO  interfaces.ContainerDeletionChoosingPolicyTemplate (ContainerDeletionChoosingPolicyTemplate.java:chooseContainerForBlockDeletion(83)) - Chosen 0/5000 blocks from 0 candidate containers.
2023-04-24 08:16:03,641 [FixedThreadPoolWithAffinityExecutor-9-0] WARN  container.ContainerReportHandler (AbstractContainerReportHandler.java:updateContainerState(259)) - Container #1 is in OPEN state, but the datanode 593f1123-fce2-46ce-a0f5-50a98353a86f(fv-az212-956.zlodpucb4l4udavnfxg5s20dva.cx.internal.cloudapp.net/10.1.0.80) reports an CLOSED replica.
2023-04-24 08:16:03,645 [BlockDeletingService#2] INFO  interfaces.ContainerDeletionChoosingPolicyTemplate (ContainerDeletionChoosingPolicyTemplate.java:chooseContainerForBlockDeletion(83)) - Chosen 0/5000 blocks from 0 candidate containers.
2023-04-24 08:16:03,645 [BlockDeletingService#2] INFO  interfaces.ContainerDeletionChoosingPolicyTemplate (ContainerDeletionChoosingPolicyTemplate.java:chooseContainerForBlockDeletion(83)) - Chosen 0/5000 blocks from 0 candidate containers.
2023-04-24 08:16:03,713 [FixedThreadPoolWithAffinityExecutor-9-0] WARN  container.ContainerReportHandler (AbstractContainerReportHandler.java:updateContainerState(259)) - Container #1 is in OPEN state, but the datanode 444322bb-4321-4e38-998a-96758a8a198b(fv-az212-956.zlodpucb4l4udavnfxg5s20dva.cx.internal.cloudapp.net/10.1.0.80) reports an CLOSED replica.
2023-04-24 08:16:03,745 [BlockDeletingService#2] INFO  interfaces.ContainerDeletionChoosingPolicyTemplate (ContainerDeletionChoosingPolicyTemplate.java:chooseContainerForBlockDeletion(83)) - Chosen 0/5000 blocks from 0 candidate containers.
2023-04-24 08:16:03,745 [BlockDeletingService#2] INFO  interfaces.ContainerDeletionChoosingPolicyTemplate (ContainerDeletionChoosingPolicyTemplate.java:chooseContainerForBlockDeletion(83)) - Chosen 0/5000 blocks from 0 candidate containers.
2023-04-24 08:16:03,845 [BlockDeletingService#2] INFO  interfaces.ContainerDeletionChoosingPolicyTemplate (ContainerDeletionChoosingPolicyTemplate.java:chooseContainerForBlockDeletion(83)) - Chosen 0/5000 blocks from 0 candidate containers.
2023-04-24 08:16:03,846 [BlockDeletingService#2] INFO  interfaces.ContainerDeletionChoosingPolicyTemplate (ContainerDeletionChoosingPolicyTemplate.java:chooseContainerForBlockDeletion(83)) - Chosen 0/5000 blocks from 0 candidate containers.
2023-04-24 08:16:03,940 [FixedThreadPoolWithAffinityExecutor-9-0] WARN  container.ContainerReportHandler (AbstractContainerReportHandler.java:updateContainerState(259)) - Container #1 is in OPEN state, but the datanode 593f1123-fce2-46ce-a0f5-50a98353a86f(fv-az212-956.zlodpucb4l4udavnfxg5s20dva.cx.internal.cloudapp.net/10.1.0.80) reports an CLOSED replica.
2023-04-24 08:16:03,953 [BlockDeletingService#2] INFO  interfaces.ContainerDeletionChoosingPolicyTemplate (ContainerDeletionChoosingPolicyTemplate.java:chooseContainerForBlockDeletion(83)) - Chosen 0/5000 blocks from 0 candidate containers.
2023-04-24 08:16:03,953 [BlockDeletingService#2] INFO  interfaces.ContainerDeletionChoosingPolicyTemplate (ContainerDeletionChoosingPolicyTemplate.java:chooseContainerForBlockDeletion(83)) - Chosen 0/5000 blocks from 0 candidate containers.
2023-04-24 08:16:04,014 [FixedThreadPoolWithAffinityExecutor-9-0] WARN  container.ContainerReportHandler (AbstractContainerReportHandler.java:updateContainerState(259)) - Container #1 is in OPEN state, but the datanode 444322bb-4321-4e38-998a-96758a8a198b(fv-az212-956.zlodpucb4l4udavnfxg5s20dva.cx.internal.cloudapp.net/10.1.0.80) reports an CLOSED replica.
2023-04-24 08:16:04,053 [BlockDeletingService#2] INFO  interfaces.ContainerDeletionChoosingPolicyTemplate (ContainerDeletionChoosingPolicyTemplate.java:chooseContainerForBlockDeletion(83)) - Chosen 0/5000 blocks from 0 candidate containers.
2023-04-24 08:16:04,053 [BlockDeletingService#2] INFO  interfaces.ContainerDeletionChoosingPolicyTemplate (ContainerDeletionChoosingPolicyTemplate.java:chooseContainerForBlockDeletion(83)) - Chosen 0/5000 blocks from 0 candidate containers.
2023-04-24 08:16:04,153 [BlockDeletingService#2] INFO  interfaces.ContainerDeletionChoosingPolicyTemplate (ContainerDeletionChoosingPolicyTemplate.java:chooseContainerForBlockDeletion(83)) - Chosen 0/5000 blocks from 0 candidate containers.
2023-04-24 08:16:04,153 [BlockDeletingService#2] INFO  interfaces.ContainerDeletionChoosingPolicyTemplate (ContainerDeletionChoosingPolicyTemplate.java:chooseContainerForBlockDeletion(83)) - Chosen 0/5000 blocks from 0 candidate containers.
2023-04-24 08:16:04,215 [FixedThreadPoolWithAffinityExecutor-9-0] WARN  container.ContainerReportHandler (AbstractContainerReportHandler.java:updateContainerState(259)) - Container #1 is in OPEN state, but the datanode 444322bb-4321-4e38-998a-96758a8a198b(fv-az212-956.zlodpucb4l4udavnfxg5s20dva.cx.internal.cloudapp.net/10.1.0.80) reports an CLOSED replica.
2023-04-24 08:16:04,253 [BlockDeletingService#2] INFO  interfaces.ContainerDeletionChoosingPolicyTemplate (ContainerDeletionChoosingPolicyTemplate.java:chooseContainerForBlockDeletion(83)) - Chosen 0/5000 blocks from 0 candidate containers.
2023-04-24 08:16:04,253 [BlockDeletingService#2] INFO  interfaces.ContainerDeletionChoosingPolicyTemplate (ContainerDeletionChoosingPolicyTemplate.java:chooseContainerForBlockDeletion(83)) - Chosen 0/5000 blocks from 0 candidate containers.
2023-04-24 08:16:04,341 [FixedThreadPoolWithAffinityExecutor-9-0] WARN  container.ContainerReportHandler (AbstractContainerReportHandler.java:updateContainerState(259)) - Container #1 is in OPEN state, but the datanode 593f1123-fce2-46ce-a0f5-50a98353a86f(fv-az212-956.zlodpucb4l4udavnfxg5s20dva.cx.internal.cloudapp.net/10.1.0.80) reports an CLOSED replica.
2023-04-24 08:16:04,353 [BlockDeletingService#2] INFO  interfaces.ContainerDeletionChoosingPolicyTemplate (ContainerDeletionChoosingPolicyTemplate.java:chooseContainerForBlockDeletion(83)) - Chosen 0/5000 blocks from 0 candidate containers.
2023-04-24 08:16:04,354 [BlockDeletingService#2] INFO  interfaces.ContainerDeletionChoosingPolicyTemplate (ContainerDeletionChoosingPolicyTemplate.java:chooseContainerForBlockDeletion(83)) - Chosen 0/5000 blocks from 0 candidate containers.
2023-04-24 08:16:04,454 [BlockDeletingService#2] INFO  interfaces.ContainerDeletionChoosingPolicyTemplate (ContainerDeletionChoosingPolicyTemplate.java:chooseContainerForBlockDeletion(83)) - Chosen 0/5000 blocks from 0 candidate containers.
2023-04-24 08:16:04,454 [BlockDeletingService#2] INFO  interfaces.ContainerDeletionChoosingPolicyTemplate (ContainerDeletionChoosingPolicyTemplate.java:chooseContainerForBlockDeletion(83)) - Chosen 0/5000 blocks from 0 candidate containers.
2023-04-24 08:16:04,514 [FixedThreadPoolWithAffinityExecutor-9-0] WARN  container.ContainerReportHandler (AbstractContainerReportHandler.java:updateContainerState(259)) - Container #1 is in OPEN state, but the datanode 444322bb-4321-4e38-998a-96758a8a198b(fv-az212-956.zlodpucb4l4udavnfxg5s20dva.cx.internal.cloudapp.net/10.1.0.80) reports an CLOSED replica.
2023-04-24 08:16:04,554 [BlockDeletingService#2] INFO  interfaces.ContainerDeletionChoosingPolicyTemplate (ContainerDeletionChoosingPolicyTemplate.java:chooseContainerForBlockDeletion(83)) - Chosen 0/5000 blocks from 0 candidate containers.
2023-04-24 08:16:04,554 [BlockDeletingService#2] INFO  interfaces.ContainerDeletionChoosingPolicyTemplate (ContainerDeletionChoosingPolicyTemplate.java:chooseContainerForBlockDeletion(83)) - Chosen 0/5000 blocks from 0 candidate containers.
2023-04-24 08:16:04,561 [grpc-default-executor-1] WARN  server.GrpcLogAppender (LogUtils.java:warn(122)) - 593f1123-fce2-46ce-a0f5-50a98353a86f@group-2C65884D69A9->d7f67023-bd71-4164-8161-24a8eb75dffe-AppendLogResponseHandler: Failed appendEntries: org.apache.ratis.thirdparty.io.grpc.StatusRuntimeException: UNAVAILABLE: io exception
2023-04-24 08:16:04,562 [grpc-default-executor-1] WARN  server.GrpcLogAppender (GrpcLogAppender.java:resetClient(131)) - 593f1123-fce2-46ce-a0f5-50a98353a86f@group-2C65884D69A9->d7f67023-bd71-4164-8161-24a8eb75dffe-GrpcLogAppender: Leader has not got in touch with Follower 593f1123-fce2-46ce-a0f5-50a98353a86f@group-2C65884D69A9->d7f67023-bd71-4164-8161-24a8eb75dffe(c-1,m0,n6, attendVote=true, lastRpcSendTime=1251, lastRpcResponseTime=30321) yet, just keep nextIndex unchanged and retry.
2023-04-24 08:16:04,563 [grpc-default-executor-3] WARN  server.GrpcLogAppender (LogUtils.java:warn(122)) - 593f1123-fce2-46ce-a0f5-50a98353a86f@group-2C65884D69A9->d7f67023-bd71-4164-8161-24a8eb75dffe-AppendLogResponseHandler: Failed appendEntries: org.apache.ratis.thirdparty.io.grpc.StatusRuntimeException: UNAVAILABLE: io exception
2023-04-24 08:16:04,563 [grpc-default-executor-3] WARN  server.GrpcLogAppender (GrpcLogAppender.java:resetClient(131)) - 593f1123-fce2-46ce-a0f5-50a98353a86f@group-2C65884D69A9->d7f67023-bd71-4164-8161-24a8eb75dffe-GrpcLogAppender: Leader has not got in touch with Follower 593f1123-fce2-46ce-a0f5-50a98353a86f@group-2C65884D69A9->d7f67023-bd71-4164-8161-24a8eb75dffe(c-1,m0,n6, attendVote=true, lastRpcSendTime=0, lastRpcResponseTime=30322) yet, just keep nextIndex unchanged and retry.
2023-04-24 08:16:04,564 [grpc-default-executor-1] WARN  server.GrpcLogAppender (LogUtils.java:warn(122)) - 593f1123-fce2-46ce-a0f5-50a98353a86f@group-2C65884D69A9->d7f67023-bd71-4164-8161-24a8eb75dffe-AppendLogResponseHandler: Failed appendEntries: org.apache.ratis.thirdparty.io.grpc.StatusRuntimeException: UNAVAILABLE: io exception
2023-04-24 08:16:04,564 [grpc-default-executor-1] WARN  server.GrpcLogAppender (GrpcLogAppender.java:resetClient(131)) - 593f1123-fce2-46ce-a0f5-50a98353a86f@group-2C65884D69A9->d7f67023-bd71-4164-8161-24a8eb75dffe-GrpcLogAppender: Leader has not got in touch with Follower 593f1123-fce2-46ce-a0f5-50a98353a86f@group-2C65884D69A9->d7f67023-bd71-4164-8161-24a8eb75dffe(c-1,m0,n6, attendVote=true, lastRpcSendTime=2, lastRpcResponseTime=30323) yet, just keep nextIndex unchanged and retry.
2023-04-24 08:16:04,565 [grpc-default-executor-1] WARN  server.GrpcLogAppender (LogUtils.java:warn(122)) - 593f1123-fce2-46ce-a0f5-50a98353a86f@group-2C65884D69A9->d7f67023-bd71-4164-8161-24a8eb75dffe-AppendLogResponseHandler: Failed appendEntries: org.apache.ratis.thirdparty.io.grpc.StatusRuntimeException: UNAVAILABLE: io exception
2023-04-24 08:16:04,566 [grpc-default-executor-1] WARN  server.GrpcLogAppender (GrpcLogAppender.java:resetClient(131)) - 593f1123-fce2-46ce-a0f5-50a98353a86f@group-2C65884D69A9->d7f67023-bd71-4164-8161-24a8eb75dffe-GrpcLogAppender: Leader has not got in touch with Follower 593f1123-fce2-46ce-a0f5-50a98353a86f@group-2C65884D69A9->d7f67023-bd71-4164-8161-24a8eb75dffe(c-1,m0,n6, attendVote=true, lastRpcSendTime=3, lastRpcResponseTime=30325) yet, just keep nextIndex unchanged and retry.
2023-04-24 08:16:04,641 [FixedThreadPoolWithAffinityExecutor-9-0] WARN  container.ContainerReportHandler (AbstractContainerReportHandler.java:updateContainerState(259)) - Container #1 is in OPEN state, but the datanode 593f1123-fce2-46ce-a0f5-50a98353a86f(fv-az212-956.zlodpucb4l4udavnfxg5s20dva.cx.internal.cloudapp.net/10.1.0.80) reports an CLOSED replica.
2023-04-24 08:16:04,654 [BlockDeletingService#2] INFO  interfaces.ContainerDeletionChoosingPolicyTemplate (ContainerDeletionChoosingPolicyTemplate.java:chooseContainerForBlockDeletion(83)) - Chosen 0/5000 blocks from 0 candidate containers.
2023-04-24 08:16:04,654 [BlockDeletingService#2] INFO  interfaces.ContainerDeletionChoosingPolicyTemplate (ContainerDeletionChoosingPolicyTemplate.java:chooseContainerForBlockDeletion(83)) - Chosen 0/5000 blocks from 0 candidate containers.
2023-04-24 08:16:04,754 [BlockDeletingService#2] INFO  interfaces.ContainerDeletionChoosingPolicyTemplate (ContainerDeletionChoosingPolicyTemplate.java:chooseContainerForBlockDeletion(83)) - Chosen 0/5000 blocks from 0 candidate containers.
2023-04-24 08:16:04,754 [BlockDeletingService#2] INFO  interfaces.ContainerDeletionChoosingPolicyTemplate (ContainerDeletionChoosingPolicyTemplate.java:chooseContainerForBlockDeletion(83)) - Chosen 0/5000 blocks from 0 candidate containers.
2023-04-24 08:16:04,815 [FixedThreadPoolWithAffinityExecutor-9-0] WARN  container.ContainerReportHandler (AbstractContainerReportHandler.java:updateContainerState(259)) - Container #1 is in OPEN state, but the datanode 444322bb-4321-4e38-998a-96758a8a198b(fv-az212-956.zlodpucb4l4udavnfxg5s20dva.cx.internal.cloudapp.net/10.1.0.80) reports an CLOSED replica.
2023-04-24 08:16:04,854 [BlockDeletingService#2] INFO  interfaces.ContainerDeletionChoosingPolicyTemplate (ContainerDeletionChoosingPolicyTemplate.java:chooseContainerForBlockDeletion(83)) - Chosen 0/5000 blocks from 0 candidate containers.
2023-04-24 08:16:04,855 [BlockDeletingService#2] INFO  interfaces.ContainerDeletionChoosingPolicyTemplate (ContainerDeletionChoosingPolicyTemplate.java:chooseContainerForBlockDeletion(83)) - Chosen 0/5000 blocks from 0 candidate containers.
2023-04-24 08:16:04,942 [FixedThreadPoolWithAffinityExecutor-9-0] WARN  container.ContainerReportHandler (AbstractContainerReportHandler.java:updateContainerState(259)) - Container #1 is in OPEN state, but the datanode 593f1123-fce2-46ce-a0f5-50a98353a86f(fv-az212-956.zlodpucb4l4udavnfxg5s20dva.cx.internal.cloudapp.net/10.1.0.80) reports an CLOSED replica.
2023-04-24 08:16:04,955 [BlockDeletingService#2] INFO  interfaces.ContainerDeletionChoosingPolicyTemplate (ContainerDeletionChoosingPolicyTemplate.java:chooseContainerForBlockDeletion(83)) - Chosen 0/5000 blocks from 0 candidate containers.
2023-04-24 08:16:04,955 [BlockDeletingService#2] INFO  interfaces.ContainerDeletionChoosingPolicyTemplate (ContainerDeletionChoosingPolicyTemplate.java:chooseContainerForBlockDeletion(83)) - Chosen 0/5000 blocks from 0 candidate containers.
2023-04-24 08:16:05,055 [BlockDeletingService#2] INFO  interfaces.ContainerDeletionChoosingPolicyTemplate (ContainerDeletionChoosingPolicyTemplate.java:chooseContainerForBlockDeletion(83)) - Chosen 0/5000 blocks from 0 candidate containers.
2023-04-24 08:16:05,055 [BlockDeletingService#2] INFO  interfaces.ContainerDeletionChoosingPolicyTemplate (ContainerDeletionChoosingPolicyTemplate.java:chooseContainerForBlockDeletion(83)) - Chosen 0/5000 blocks from 0 candidate containers.
2023-04-24 08:16:05,116 [FixedThreadPoolWithAffinityExecutor-9-0] WARN  container.ContainerReportHandler (AbstractContainerReportHandler.java:updateContainerState(259)) - Container #1 is in OPEN state, but the datanode 444322bb-4321-4e38-998a-96758a8a198b(fv-az212-956.zlodpucb4l4udavnfxg5s20dva.cx.internal.cloudapp.net/10.1.0.80) reports an CLOSED replica.
2023-04-24 08:16:05,155 [BlockDeletingService#2] INFO  interfaces.ContainerDeletionChoosingPolicyTemplate (ContainerDeletionChoosingPolicyTemplate.java:chooseContainerForBlockDeletion(83)) - Chosen 0/5000 blocks from 0 candidate containers.
2023-04-24 08:16:05,155 [BlockDeletingService#2] INFO  interfaces.ContainerDeletionChoosingPolicyTemplate (ContainerDeletionChoosingPolicyTemplate.java:chooseContainerForBlockDeletion(83)) - Chosen 0/5000 blocks from 0 candidate containers.
2023-04-24 08:16:05,242 [FixedThreadPoolWithAffinityExecutor-9-0] WARN  container.ContainerReportHandler (AbstractContainerReportHandler.java:updateContainerState(259)) - Container #1 is in OPEN state, but the datanode 593f1123-fce2-46ce-a0f5-50a98353a86f(fv-az212-956.zlodpucb4l4udavnfxg5s20dva.cx.internal.cloudapp.net/10.1.0.80) reports an CLOSED replica.
2023-04-24 08:16:05,255 [BlockDeletingService#2] INFO  interfaces.ContainerDeletionChoosingPolicyTemplate (ContainerDeletionChoosingPolicyTemplate.java:chooseContainerForBlockDeletion(83)) - Chosen 0/5000 blocks from 0 candidate containers.
2023-04-24 08:16:05,255 [BlockDeletingService#2] INFO  interfaces.ContainerDeletionChoosingPolicyTemplate (ContainerDeletionChoosingPolicyTemplate.java:chooseContainerForBlockDeletion(83)) - Chosen 0/5000 blocks from 0 candidate containers.
2023-04-24 08:16:05,355 [BlockDeletingService#2] INFO  interfaces.ContainerDeletionChoosingPolicyTemplate (ContainerDeletionChoosingPolicyTemplate.java:chooseContainerForBlockDeletion(83)) - Chosen 0/5000 blocks from 0 candidate containers.
2023-04-24 08:16:05,356 [BlockDeletingService#2] INFO  interfaces.ContainerDeletionChoosingPolicyTemplate (ContainerDeletionChoosingPolicyTemplate.java:chooseContainerForBlockDeletion(83)) - Chosen 0/5000 blocks from 0 candidate containers.
2023-04-24 08:16:05,415 [FixedThreadPoolWithAffinityExecutor-9-0] WARN  container.ContainerReportHandler (AbstractContainerReportHandler.java:updateContainerState(259)) - Container #1 is in OPEN state, but the datanode 444322bb-4321-4e38-998a-96758a8a198b(fv-az212-956.zlodpucb4l4udavnfxg5s20dva.cx.internal.cloudapp.net/10.1.0.80) reports an CLOSED replica.
2023-04-24 08:16:05,456 [BlockDeletingService#2] INFO  interfaces.ContainerDeletionChoosingPolicyTemplate (ContainerDeletionChoosingPolicyTemplate.java:chooseContainerForBlockDeletion(83)) - Chosen 0/5000 blocks from 0 candidate containers.
2023-04-24 08:16:05,456 [BlockDeletingService#2] INFO  interfaces.ContainerDeletionChoosingPolicyTemplate (ContainerDeletionChoosingPolicyTemplate.java:chooseContainerForBlockDeletion(83)) - Chosen 0/5000 blocks from 0 candidate containers.
2023-04-24 08:16:05,541 [FixedThreadPoolWithAffinityExecutor-9-0] WARN  container.ContainerReportHandler (AbstractContainerReportHandler.java:updateContainerState(259)) - Container #1 is in OPEN state, but the datanode 593f1123-fce2-46ce-a0f5-50a98353a86f(fv-az212-956.zlodpucb4l4udavnfxg5s20dva.cx.internal.cloudapp.net/10.1.0.80) reports an CLOSED replica.
2023-04-24 08:16:05,556 [BlockDeletingService#2] INFO  interfaces.ContainerDeletionChoosingPolicyTemplate (ContainerDeletionChoosingPolicyTemplate.java:chooseContainerForBlockDeletion(83)) - Chosen 0/5000 blocks from 0 candidate containers.
2023-04-24 08:16:05,556 [BlockDeletingService#2] INFO  interfaces.ContainerDeletionChoosingPolicyTemplate (ContainerDeletionChoosingPolicyTemplate.java:chooseContainerForBlockDeletion(83)) - Chosen 0/5000 blocks from 0 candidate containers.
2023-04-24 08:16:05,656 [BlockDeletingService#2] INFO  interfaces.ContainerDeletionChoosingPolicyTemplate (ContainerDeletionChoosingPolicyTemplate.java:chooseContainerForBlockDeletion(83)) - Chosen 0/5000 blocks from 0 candidate containers.
2023-04-24 08:16:05,656 [BlockDeletingService#2] INFO  interfaces.ContainerDeletionChoosingPolicyTemplate (ContainerDeletionChoosingPolicyTemplate.java:chooseContainerForBlockDeletion(83)) - Chosen 0/5000 blocks from 0 candidate containers.
2023-04-24 08:16:05,715 [FixedThreadPoolWithAffinityExecutor-9-0] WARN  container.ContainerReportHandler (AbstractContainerReportHandler.java:updateContainerState(259)) - Container #1 is in OPEN state, but the datanode 444322bb-4321-4e38-998a-96758a8a198b(fv-az212-956.zlodpucb4l4udavnfxg5s20dva.cx.internal.cloudapp.net/10.1.0.80) reports an CLOSED replica.
2023-04-24 08:16:05,756 [BlockDeletingService#2] INFO  interfaces.ContainerDeletionChoosingPolicyTemplate (ContainerDeletionChoosingPolicyTemplate.java:chooseContainerForBlockDeletion(83)) - Chosen 0/5000 blocks from 0 candidate containers.
2023-04-24 08:16:05,756 [BlockDeletingService#2] INFO  interfaces.ContainerDeletionChoosingPolicyTemplate (ContainerDeletionChoosingPolicyTemplate.java:chooseContainerForBlockDeletion(83)) - Chosen 0/5000 blocks from 0 candidate containers.
2023-04-24 08:16:05,813 [grpc-default-executor-1] WARN  server.GrpcLogAppender (LogUtils.java:warn(122)) - 593f1123-fce2-46ce-a0f5-50a98353a86f@group-2C65884D69A9->d7f67023-bd71-4164-8161-24a8eb75dffe-AppendLogResponseHandler: Failed appendEntries: org.apache.ratis.thirdparty.io.grpc.StatusRuntimeException: UNAVAILABLE: io exception
2023-04-24 08:16:05,813 [grpc-default-executor-3] WARN  server.GrpcLogAppender (LogUtils.java:warn(122)) - 593f1123-fce2-46ce-a0f5-50a98353a86f@group-2C65884D69A9->d7f67023-bd71-4164-8161-24a8eb75dffe-AppendLogResponseHandler: Failed appendEntries: org.apache.ratis.thirdparty.io.grpc.StatusRuntimeException: UNAVAILABLE: io exception
2023-04-24 08:16:05,814 [grpc-default-executor-1] WARN  server.GrpcLogAppender (GrpcLogAppender.java:resetClient(131)) - 593f1123-fce2-46ce-a0f5-50a98353a86f@group-2C65884D69A9->d7f67023-bd71-4164-8161-24a8eb75dffe-GrpcLogAppender: Leader has not got in touch with Follower 593f1123-fce2-46ce-a0f5-50a98353a86f@group-2C65884D69A9->d7f67023-bd71-4164-8161-24a8eb75dffe(c-1,m0,n6, attendVote=true, lastRpcSendTime=1, lastRpcResponseTime=31573) yet, just keep nextIndex unchanged and retry.
2023-04-24 08:16:05,815 [grpc-default-executor-3] WARN  server.GrpcLogAppender (GrpcLogAppender.java:resetClient(131)) - 593f1123-fce2-46ce-a0f5-50a98353a86f@group-2C65884D69A9->d7f67023-bd71-4164-8161-24a8eb75dffe-GrpcLogAppender: Leader has not got in touch with Follower 593f1123-fce2-46ce-a0f5-50a98353a86f@group-2C65884D69A9->d7f67023-bd71-4164-8161-24a8eb75dffe(c-1,m0,n6, attendVote=true, lastRpcSendTime=2, lastRpcResponseTime=31574) yet, just keep nextIndex unchanged and retry.
2023-04-24 08:16:05,848 [FixedThreadPoolWithAffinityExecutor-9-0] WARN  container.ContainerReportHandler (AbstractContainerReportHandler.java:updateContainerState(259)) - Container #1 is in OPEN state, but the datanode 593f1123-fce2-46ce-a0f5-50a98353a86f(fv-az212-956.zlodpucb4l4udavnfxg5s20dva.cx.internal.cloudapp.net/10.1.0.80) reports an CLOSED replica.
2023-04-24 08:16:05,857 [BlockDeletingService#2] INFO  interfaces.ContainerDeletionChoosingPolicyTemplate (ContainerDeletionChoosingPolicyTemplate.java:chooseContainerForBlockDeletion(83)) - Chosen 0/5000 blocks from 0 candidate containers.
2023-04-24 08:16:05,857 [BlockDeletingService#2] INFO  interfaces.ContainerDeletionChoosingPolicyTemplate (ContainerDeletionChoosingPolicyTemplate.java:chooseContainerForBlockDeletion(83)) - Chosen 0/5000 blocks from 0 candidate containers.
2023-04-24 08:16:05,957 [BlockDeletingService#2] INFO  interfaces.ContainerDeletionChoosingPolicyTemplate (ContainerDeletionChoosingPolicyTemplate.java:chooseContainerForBlockDeletion(83)) - Chosen 0/5000 blocks from 0 candidate containers.
2023-04-24 08:16:05,957 [BlockDeletingService#2] INFO  interfaces.ContainerDeletionChoosingPolicyTemplate (ContainerDeletionChoosingPolicyTemplate.java:chooseContainerForBlockDeletion(83)) - Chosen 0/5000 blocks from 0 candidate containers.
2023-04-24 08:16:06,016 [FixedThreadPoolWithAffinityExecutor-9-0] WARN  container.ContainerReportHandler (AbstractContainerReportHandler.java:updateContainerState(259)) - Container #1 is in OPEN state, but the datanode 444322bb-4321-4e38-998a-96758a8a198b(fv-az212-956.zlodpucb4l4udavnfxg5s20dva.cx.internal.cloudapp.net/10.1.0.80) reports an CLOSED replica.
2023-04-24 08:16:06,057 [BlockDeletingService#2] INFO  interfaces.ContainerDeletionChoosingPolicyTemplate (ContainerDeletionChoosingPolicyTemplate.java:chooseContainerForBlockDeletion(83)) - Chosen 0/5000 blocks from 0 candidate containers.
2023-04-24 08:16:06,057 [BlockDeletingService#2] INFO  interfaces.ContainerDeletionChoosingPolicyTemplate (ContainerDeletionChoosingPolicyTemplate.java:chooseContainerForBlockDeletion(83)) - Chosen 0/5000 blocks from 0 candidate containers.
2023-04-24 08:16:06,147 [FixedThreadPoolWithAffinityExecutor-9-0] WARN  container.ContainerReportHandler (AbstractContainerReportHandler.java:updateContainerState(259)) - Container #1 is in OPEN state, but the datanode 593f1123-fce2-46ce-a0f5-50a98353a86f(fv-az212-956.zlodpucb4l4udavnfxg5s20dva.cx.internal.cloudapp.net/10.1.0.80) reports an CLOSED replica.
2023-04-24 08:16:06,157 [BlockDeletingService#2] INFO  interfaces.ContainerDeletionChoosingPolicyTemplate (ContainerDeletionChoosingPolicyTemplate.java:chooseContainerForBlockDeletion(83)) - Chosen 0/5000 blocks from 0 candidate containers.
2023-04-24 08:16:06,157 [BlockDeletingService#2] INFO  interfaces.ContainerDeletionChoosingPolicyTemplate (ContainerDeletionChoosingPolicyTemplate.java:chooseContainerForBlockDeletion(83)) - Chosen 0/5000 blocks from 0 candidate containers.
2023-04-24 08:16:06,257 [BlockDeletingService#2] INFO  interfaces.ContainerDeletionChoosingPolicyTemplate (ContainerDeletionChoosingPolicyTemplate.java:chooseContainerForBlockDeletion(83)) - Chosen 0/5000 blocks from 0 candidate containers.
2023-04-24 08:16:06,257 [BlockDeletingService#2] INFO  interfaces.ContainerDeletionChoosingPolicyTemplate (ContainerDeletionChoosingPolicyTemplate.java:chooseContainerForBlockDeletion(83)) - Chosen 0/5000 blocks from 0 candidate containers.
2023-04-24 08:16:06,316 [FixedThreadPoolWithAffinityExecutor-9-0] WARN  container.ContainerReportHandler (AbstractContainerReportHandler.java:updateContainerState(259)) - Container #1 is in OPEN state, but the datanode 444322bb-4321-4e38-998a-96758a8a198b(fv-az212-956.zlodpucb4l4udavnfxg5s20dva.cx.internal.cloudapp.net/10.1.0.80) reports an CLOSED replica.
2023-04-24 08:16:06,358 [BlockDeletingService#2] INFO  interfaces.ContainerDeletionChoosingPolicyTemplate (ContainerDeletionChoosingPolicyTemplate.java:chooseContainerForBlockDeletion(83)) - Chosen 0/5000 blocks from 0 candidate containers.
2023-04-24 08:16:06,358 [BlockDeletingService#2] INFO  interfaces.ContainerDeletionChoosingPolicyTemplate (ContainerDeletionChoosingPolicyTemplate.java:chooseContainerForBlockDeletion(83)) - Chosen 0/5000 blocks from 0 candidate containers.
2023-04-24 08:16:06,448 [FixedThreadPoolWithAffinityExecutor-9-0] WARN  container.ContainerReportHandler (AbstractContainerReportHandler.java:updateContainerState(259)) - Container #1 is in OPEN state, but the datanode 593f1123-fce2-46ce-a0f5-50a98353a86f(fv-az212-956.zlodpucb4l4udavnfxg5s20dva.cx.internal.cloudapp.net/10.1.0.80) reports an CLOSED replica.
2023-04-24 08:16:06,458 [BlockDeletingService#2] INFO  interfaces.ContainerDeletionChoosingPolicyTemplate (ContainerDeletionChoosingPolicyTemplate.java:chooseContainerForBlockDeletion(83)) - Chosen 0/5000 blocks from 0 candidate containers.
2023-04-24 08:16:06,458 [BlockDeletingService#2] INFO  interfaces.ContainerDeletionChoosingPolicyTemplate (ContainerDeletionChoosingPolicyTemplate.java:chooseContainerForBlockDeletion(83)) - Chosen 0/5000 blocks from 0 candidate containers.
2023-04-24 08:16:06,558 [BlockDeletingService#2] INFO  interfaces.ContainerDeletionChoosingPolicyTemplate (ContainerDeletionChoosingPolicyTemplate.java:chooseContainerForBlockDeletion(83)) - Chosen 0/5000 blocks from 0 candidate containers.
2023-04-24 08:16:06,558 [BlockDeletingService#2] INFO  interfaces.ContainerDeletionChoosingPolicyTemplate (ContainerDeletionChoosingPolicyTemplate.java:chooseContainerForBlockDeletion(83)) - Chosen 0/5000 blocks from 0 candidate containers.
2023-04-24 08:16:06,615 [FixedThreadPoolWithAffinityExecutor-9-0] WARN  container.ContainerReportHandler (AbstractContainerReportHandler.java:updateContainerState(259)) - Container #1 is in OPEN state, but the datanode 444322bb-4321-4e38-998a-96758a8a198b(fv-az212-956.zlodpucb4l4udavnfxg5s20dva.cx.internal.cloudapp.net/10.1.0.80) reports an CLOSED replica.
2023-04-24 08:16:06,658 [BlockDeletingService#2] INFO  interfaces.ContainerDeletionChoosingPolicyTemplate (ContainerDeletionChoosingPolicyTemplate.java:chooseContainerForBlockDeletion(83)) - Chosen 0/5000 blocks from 0 candidate containers.
2023-04-24 08:16:06,658 [BlockDeletingService#2] INFO  interfaces.ContainerDeletionChoosingPolicyTemplate (ContainerDeletionChoosingPolicyTemplate.java:chooseContainerForBlockDeletion(83)) - Chosen 0/5000 blocks from 0 candidate containers.
2023-04-24 08:16:06,749 [FixedThreadPoolWithAffinityExecutor-9-0] WARN  container.ContainerReportHandler (AbstractContainerReportHandler.java:updateContainerState(259)) - Container #1 is in OPEN state, but the datanode 593f1123-fce2-46ce-a0f5-50a98353a86f(fv-az212-956.zlodpucb4l4udavnfxg5s20dva.cx.internal.cloudapp.net/10.1.0.80) reports an CLOSED replica.
2023-04-24 08:16:06,758 [BlockDeletingService#2] INFO  interfaces.ContainerDeletionChoosingPolicyTemplate (ContainerDeletionChoosingPolicyTemplate.java:chooseContainerForBlockDeletion(83)) - Chosen 0/5000 blocks from 0 candidate containers.
2023-04-24 08:16:06,758 [BlockDeletingService#2] INFO  interfaces.ContainerDeletionChoosingPolicyTemplate (ContainerDeletionChoosingPolicyTemplate.java:chooseContainerForBlockDeletion(83)) - Chosen 0/5000 blocks from 0 candidate containers.
2023-04-24 08:16:06,859 [BlockDeletingService#2] INFO  interfaces.ContainerDeletionChoosingPolicyTemplate (ContainerDeletionChoosingPolicyTemplate.java:chooseContainerForBlockDeletion(83)) - Chosen 0/5000 blocks from 0 candidate containers.
2023-04-24 08:16:06,859 [BlockDeletingService#2] INFO  interfaces.ContainerDeletionChoosingPolicyTemplate (ContainerDeletionChoosingPolicyTemplate.java:chooseContainerForBlockDeletion(83)) - Chosen 0/5000 blocks from 0 candidate containers.
2023-04-24 08:16:06,917 [FixedThreadPoolWithAffinityExecutor-9-0] WARN  container.ContainerReportHandler (AbstractContainerReportHandler.java:updateContainerState(259)) - Container #1 is in OPEN state, but the datanode 444322bb-4321-4e38-998a-96758a8a198b(fv-az212-956.zlodpucb4l4udavnfxg5s20dva.cx.internal.cloudapp.net/10.1.0.80) reports an CLOSED replica.
2023-04-24 08:16:06,959 [BlockDeletingService#2] INFO  interfaces.ContainerDeletionChoosingPolicyTemplate (ContainerDeletionChoosingPolicyTemplate.java:chooseContainerForBlockDeletion(83)) - Chosen 0/5000 blocks from 0 candidate containers.
2023-04-24 08:16:06,959 [BlockDeletingService#2] INFO  interfaces.ContainerDeletionChoosingPolicyTemplate (ContainerDeletionChoosingPolicyTemplate.java:chooseContainerForBlockDeletion(83)) - Chosen 0/5000 blocks from 0 candidate containers.
2023-04-24 08:16:07,049 [FixedThreadPoolWithAffinityExecutor-9-0] WARN  container.ContainerReportHandler (AbstractContainerReportHandler.java:updateContainerState(259)) - Container #1 is in OPEN state, but the datanode 593f1123-fce2-46ce-a0f5-50a98353a86f(fv-az212-956.zlodpucb4l4udavnfxg5s20dva.cx.internal.cloudapp.net/10.1.0.80) reports an CLOSED replica.
2023-04-24 08:16:07,059 [BlockDeletingService#2] INFO  interfaces.ContainerDeletionChoosingPolicyTemplate (ContainerDeletionChoosingPolicyTemplate.java:chooseContainerForBlockDeletion(83)) - Chosen 0/5000 blocks from 0 candidate containers.
2023-04-24 08:16:07,059 [BlockDeletingService#2] INFO  interfaces.ContainerDeletionChoosingPolicyTemplate (ContainerDeletionChoosingPolicyTemplate.java:chooseContainerForBlockDeletion(83)) - Chosen 0/5000 blocks from 0 candidate containers.
2023-04-24 08:16:07,063 [grpc-default-executor-3] WARN  server.GrpcLogAppender (LogUtils.java:warn(122)) - 593f1123-fce2-46ce-a0f5-50a98353a86f@group-2C65884D69A9->d7f67023-bd71-4164-8161-24a8eb75dffe-AppendLogResponseHandler: Failed appendEntries: org.apache.ratis.thirdparty.io.grpc.StatusRuntimeException: UNAVAILABLE: io exception
2023-04-24 08:16:07,063 [grpc-default-executor-1] WARN  server.GrpcLogAppender (LogUtils.java:warn(122)) - 593f1123-fce2-46ce-a0f5-50a98353a86f@group-2C65884D69A9->d7f67023-bd71-4164-8161-24a8eb75dffe-AppendLogResponseHandler: Failed appendEntries: org.apache.ratis.thirdparty.io.grpc.StatusRuntimeException: UNAVAILABLE: io exception
2023-04-24 08:16:07,064 [grpc-default-executor-3] WARN  server.GrpcLogAppender (GrpcLogAppender.java:resetClient(131)) - 593f1123-fce2-46ce-a0f5-50a98353a86f@group-2C65884D69A9->d7f67023-bd71-4164-8161-24a8eb75dffe-GrpcLogAppender: Leader has not got in touch with Follower 593f1123-fce2-46ce-a0f5-50a98353a86f@group-2C65884D69A9->d7f67023-bd71-4164-8161-24a8eb75dffe(c-1,m0,n6, attendVote=true, lastRpcSendTime=0, lastRpcResponseTime=32823) yet, just keep nextIndex unchanged and retry.
2023-04-24 08:16:07,065 [grpc-default-executor-1] WARN  server.GrpcLogAppender (GrpcLogAppender.java:resetClient(131)) - 593f1123-fce2-46ce-a0f5-50a98353a86f@group-2C65884D69A9->d7f67023-bd71-4164-8161-24a8eb75dffe-GrpcLogAppender: Leader has not got in touch with Follower 593f1123-fce2-46ce-a0f5-50a98353a86f@group-2C65884D69A9->d7f67023-bd71-4164-8161-24a8eb75dffe(c-1,m0,n6, attendVote=true, lastRpcSendTime=1, lastRpcResponseTime=32824) yet, just keep nextIndex unchanged and retry.
2023-04-24 08:16:07,159 [BlockDeletingService#2] INFO  interfaces.ContainerDeletionChoosingPolicyTemplate (ContainerDeletionChoosingPolicyTemplate.java:chooseContainerForBlockDeletion(83)) - Chosen 0/5000 blocks from 0 candidate containers.
2023-04-24 08:16:07,159 [BlockDeletingService#2] INFO  interfaces.ContainerDeletionChoosingPolicyTemplate (ContainerDeletionChoosingPolicyTemplate.java:chooseContainerForBlockDeletion(83)) - Chosen 0/5000 blocks from 0 candidate containers.
2023-04-24 08:16:07,219 [FixedThreadPoolWithAffinityExecutor-9-0] WARN  container.ContainerReportHandler (AbstractContainerReportHandler.java:updateContainerState(259)) - Container #1 is in OPEN state, but the datanode 444322bb-4321-4e38-998a-96758a8a198b(fv-az212-956.zlodpucb4l4udavnfxg5s20dva.cx.internal.cloudapp.net/10.1.0.80) reports an CLOSED replica.
2023-04-24 08:16:07,259 [BlockDeletingService#2] INFO  interfaces.ContainerDeletionChoosingPolicyTemplate (ContainerDeletionChoosingPolicyTemplate.java:chooseContainerForBlockDeletion(83)) - Chosen 0/5000 blocks from 0 candidate containers.
2023-04-24 08:16:07,260 [BlockDeletingService#2] INFO  interfaces.ContainerDeletionChoosingPolicyTemplate (ContainerDeletionChoosingPolicyTemplate.java:chooseContainerForBlockDeletion(83)) - Chosen 0/5000 blocks from 0 candidate containers.
2023-04-24 08:16:07,360 [BlockDeletingService#2] INFO  interfaces.ContainerDeletionChoosingPolicyTemplate (ContainerDeletionChoosingPolicyTemplate.java:chooseContainerForBlockDeletion(83)) - Chosen 0/5000 blocks from 0 candidate containers.
2023-04-24 08:16:07,360 [BlockDeletingService#2] INFO  interfaces.ContainerDeletionChoosingPolicyTemplate (ContainerDeletionChoosingPolicyTemplate.java:chooseContainerForBlockDeletion(83)) - Chosen 0/5000 blocks from 0 candidate containers.
2023-04-24 08:16:07,419 [FixedThreadPoolWithAffinityExecutor-9-0] WARN  container.ContainerReportHandler (AbstractContainerReportHandler.java:updateContainerState(259)) - Container #1 is in OPEN state, but the datanode 444322bb-4321-4e38-998a-96758a8a198b(fv-az212-956.zlodpucb4l4udavnfxg5s20dva.cx.internal.cloudapp.net/10.1.0.80) reports an CLOSED replica.
2023-04-24 08:16:07,450 [FixedThreadPoolWithAffinityExecutor-9-0] WARN  container.ContainerReportHandler (AbstractContainerReportHandler.java:updateContainerState(259)) - Container #1 is in OPEN state, but the datanode 593f1123-fce2-46ce-a0f5-50a98353a86f(fv-az212-956.zlodpucb4l4udavnfxg5s20dva.cx.internal.cloudapp.net/10.1.0.80) reports an CLOSED replica.
2023-04-24 08:16:07,460 [BlockDeletingService#2] INFO  interfaces.ContainerDeletionChoosingPolicyTemplate (ContainerDeletionChoosingPolicyTemplate.java:chooseContainerForBlockDeletion(83)) - Chosen 0/5000 blocks from 0 candidate containers.
2023-04-24 08:16:07,460 [BlockDeletingService#2] INFO  interfaces.ContainerDeletionChoosingPolicyTemplate (ContainerDeletionChoosingPolicyTemplate.java:chooseContainerForBlockDeletion(83)) - Chosen 0/5000 blocks from 0 candidate containers.
2023-04-24 08:16:07,560 [BlockDeletingService#2] INFO  interfaces.ContainerDeletionChoosingPolicyTemplate (ContainerDeletionChoosingPolicyTemplate.java:chooseContainerForBlockDeletion(83)) - Chosen 0/5000 blocks from 0 candidate containers.
2023-04-24 08:16:07,560 [BlockDeletingService#2] INFO  interfaces.ContainerDeletionChoosingPolicyTemplate (ContainerDeletionChoosingPolicyTemplate.java:chooseContainerForBlockDeletion(83)) - Chosen 0/5000 blocks from 0 candidate containers.
2023-04-24 08:16:07,660 [BlockDeletingService#2] INFO  interfaces.ContainerDeletionChoosingPolicyTemplate (ContainerDeletionChoosingPolicyTemplate.java:chooseContainerForBlockDeletion(83)) - Chosen 0/5000 blocks from 0 candidate containers.
2023-04-24 08:16:07,660 [BlockDeletingService#2] INFO  interfaces.ContainerDeletionChoosingPolicyTemplate (ContainerDeletionChoosingPolicyTemplate.java:chooseContainerForBlockDeletion(83)) - Chosen 0/5000 blocks from 0 candidate containers.
2023-04-24 08:16:07,720 [FixedThreadPoolWithAffinityExecutor-9-0] WARN  container.ContainerReportHandler (AbstractContainerReportHandler.java:updateContainerState(259)) - Container #1 is in OPEN state, but the datanode 444322bb-4321-4e38-998a-96758a8a198b(fv-az212-956.zlodpucb4l4udavnfxg5s20dva.cx.internal.cloudapp.net/10.1.0.80) reports an CLOSED replica.
2023-04-24 08:16:07,749 [FixedThreadPoolWithAffinityExecutor-9-0] WARN  container.ContainerReportHandler (AbstractContainerReportHandler.java:updateContainerState(259)) - Container #1 is in OPEN state, but the datanode 593f1123-fce2-46ce-a0f5-50a98353a86f(fv-az212-956.zlodpucb4l4udavnfxg5s20dva.cx.internal.cloudapp.net/10.1.0.80) reports an CLOSED replica.
2023-04-24 08:16:07,761 [BlockDeletingService#2] INFO  interfaces.ContainerDeletionChoosingPolicyTemplate (ContainerDeletionChoosingPolicyTemplate.java:chooseContainerForBlockDeletion(83)) - Chosen 0/5000 blocks from 0 candidate containers.
2023-04-24 08:16:07,761 [BlockDeletingService#2] INFO  interfaces.ContainerDeletionChoosingPolicyTemplate (ContainerDeletionChoosingPolicyTemplate.java:chooseContainerForBlockDeletion(83)) - Chosen 0/5000 blocks from 0 candidate containers.
2023-04-24 08:16:07,861 [BlockDeletingService#2] INFO  interfaces.ContainerDeletionChoosingPolicyTemplate (ContainerDeletionChoosingPolicyTemplate.java:chooseContainerForBlockDeletion(83)) - Chosen 0/5000 blocks from 0 candidate containers.
2023-04-24 08:16:07,861 [BlockDeletingService#2] INFO  interfaces.ContainerDeletionChoosingPolicyTemplate (ContainerDeletionChoosingPolicyTemplate.java:chooseContainerForBlockDeletion(83)) - Chosen 0/5000 blocks from 0 candidate containers.
2023-04-24 08:16:07,961 [BlockDeletingService#2] INFO  interfaces.ContainerDeletionChoosingPolicyTemplate (ContainerDeletionChoosingPolicyTemplate.java:chooseContainerForBlockDeletion(83)) - Chosen 0/5000 blocks from 0 candidate containers.
2023-04-24 08:16:07,961 [BlockDeletingService#2] INFO  interfaces.ContainerDeletionChoosingPolicyTemplate (ContainerDeletionChoosingPolicyTemplate.java:chooseContainerForBlockDeletion(83)) - Chosen 0/5000 blocks from 0 candidate containers.
2023-04-24 08:16:08,020 [FixedThreadPoolWithAffinityExecutor-9-0] WARN  container.ContainerReportHandler (AbstractContainerReportHandler.java:updateContainerState(259)) - Container #1 is in OPEN state, but the datanode 444322bb-4321-4e38-998a-96758a8a198b(fv-az212-956.zlodpucb4l4udavnfxg5s20dva.cx.internal.cloudapp.net/10.1.0.80) reports an CLOSED replica.
2023-04-24 08:16:08,054 [FixedThreadPoolWithAffinityExecutor-9-0] WARN  container.ContainerReportHandler (AbstractContainerReportHandler.java:updateContainerState(259)) - Container #1 is in OPEN state, but the datanode 593f1123-fce2-46ce-a0f5-50a98353a86f(fv-az212-956.zlodpucb4l4udavnfxg5s20dva.cx.internal.cloudapp.net/10.1.0.80) reports an CLOSED replica.
2023-04-24 08:16:08,061 [BlockDeletingService#2] INFO  interfaces.ContainerDeletionChoosingPolicyTemplate (ContainerDeletionChoosingPolicyTemplate.java:chooseContainerForBlockDeletion(83)) - Chosen 0/5000 blocks from 0 candidate containers.
2023-04-24 08:16:08,061 [BlockDeletingService#2] INFO  interfaces.ContainerDeletionChoosingPolicyTemplate (ContainerDeletionChoosingPolicyTemplate.java:chooseContainerForBlockDeletion(83)) - Chosen 0/5000 blocks from 0 candidate containers.
2023-04-24 08:16:08,161 [BlockDeletingService#2] INFO  interfaces.ContainerDeletionChoosingPolicyTemplate (ContainerDeletionChoosingPolicyTemplate.java:chooseContainerForBlockDeletion(83)) - Chosen 0/5000 blocks from 0 candidate containers.
2023-04-24 08:16:08,162 [BlockDeletingService#2] INFO  interfaces.ContainerDeletionChoosingPolicyTemplate (ContainerDeletionChoosingPolicyTemplate.java:chooseContainerForBlockDeletion(83)) - Chosen 0/5000 blocks from 0 candidate containers.
2023-04-24 08:16:08,262 [BlockDeletingService#2] INFO  interfaces.ContainerDeletionChoosingPolicyTemplate (ContainerDeletionChoosingPolicyTemplate.java:chooseContainerForBlockDeletion(83)) - Chosen 0/5000 blocks from 0 candidate containers.
2023-04-24 08:16:08,262 [BlockDeletingService#2] INFO  interfaces.ContainerDeletionChoosingPolicyTemplate (ContainerDeletionChoosingPolicyTemplate.java:chooseContainerForBlockDeletion(83)) - Chosen 0/5000 blocks from 0 candidate containers.
2023-04-24 08:16:08,313 [grpc-default-executor-1] WARN  server.GrpcLogAppender (LogUtils.java:warn(122)) - 593f1123-fce2-46ce-a0f5-50a98353a86f@group-2C65884D69A9->d7f67023-bd71-4164-8161-24a8eb75dffe-AppendLogResponseHandler: Failed appendEntries: org.apache.ratis.thirdparty.io.grpc.StatusRuntimeException: UNAVAILABLE: io exception
2023-04-24 08:16:08,314 [grpc-default-executor-3] WARN  server.GrpcLogAppender (LogUtils.java:warn(122)) - 593f1123-fce2-46ce-a0f5-50a98353a86f@group-2C65884D69A9->d7f67023-bd71-4164-8161-24a8eb75dffe-AppendLogResponseHandler: Failed appendEntries: org.apache.ratis.thirdparty.io.grpc.StatusRuntimeException: UNAVAILABLE: io exception
2023-04-24 08:16:08,314 [grpc-default-executor-1] WARN  server.GrpcLogAppender (GrpcLogAppender.java:resetClient(131)) - 593f1123-fce2-46ce-a0f5-50a98353a86f@group-2C65884D69A9->d7f67023-bd71-4164-8161-24a8eb75dffe-GrpcLogAppender: Leader has not got in touch with Follower 593f1123-fce2-46ce-a0f5-50a98353a86f@group-2C65884D69A9->d7f67023-bd71-4164-8161-24a8eb75dffe(c-1,m0,n6, attendVote=true, lastRpcSendTime=0, lastRpcResponseTime=34073) yet, just keep nextIndex unchanged and retry.
2023-04-24 08:16:08,315 [grpc-default-executor-3] WARN  server.GrpcLogAppender (GrpcLogAppender.java:resetClient(131)) - 593f1123-fce2-46ce-a0f5-50a98353a86f@group-2C65884D69A9->d7f67023-bd71-4164-8161-24a8eb75dffe-GrpcLogAppender: Leader has not got in touch with Follower 593f1123-fce2-46ce-a0f5-50a98353a86f@group-2C65884D69A9->d7f67023-bd71-4164-8161-24a8eb75dffe(c-1,m0,n6, attendVote=true, lastRpcSendTime=1, lastRpcResponseTime=34074) yet, just keep nextIndex unchanged and retry.
2023-04-24 08:16:08,319 [FixedThreadPoolWithAffinityExecutor-9-0] WARN  container.ContainerReportHandler (AbstractContainerReportHandler.java:updateContainerState(259)) - Container #1 is in OPEN state, but the datanode 444322bb-4321-4e38-998a-96758a8a198b(fv-az212-956.zlodpucb4l4udavnfxg5s20dva.cx.internal.cloudapp.net/10.1.0.80) reports an CLOSED replica.
2023-04-24 08:16:08,353 [FixedThreadPoolWithAffinityExecutor-9-0] WARN  container.ContainerReportHandler (AbstractContainerReportHandler.java:updateContainerState(259)) - Container #1 is in OPEN state, but the datanode 593f1123-fce2-46ce-a0f5-50a98353a86f(fv-az212-956.zlodpucb4l4udavnfxg5s20dva.cx.internal.cloudapp.net/10.1.0.80) reports an CLOSED replica.
2023-04-24 08:16:08,362 [BlockDeletingService#2] INFO  interfaces.ContainerDeletionChoosingPolicyTemplate (ContainerDeletionChoosingPolicyTemplate.java:chooseContainerForBlockDeletion(83)) - Chosen 0/5000 blocks from 0 candidate containers.
2023-04-24 08:16:08,362 [BlockDeletingService#2] INFO  interfaces.ContainerDeletionChoosingPolicyTemplate (ContainerDeletionChoosingPolicyTemplate.java:chooseContainerForBlockDeletion(83)) - Chosen 0/5000 blocks from 0 candidate containers.
2023-04-24 08:16:08,462 [BlockDeletingService#2] INFO  interfaces.ContainerDeletionChoosingPolicyTemplate (ContainerDeletionChoosingPolicyTemplate.java:chooseContainerForBlockDeletion(83)) - Chosen 0/5000 blocks from 0 candidate containers.
2023-04-24 08:16:08,462 [BlockDeletingService#2] INFO  interfaces.ContainerDeletionChoosingPolicyTemplate (ContainerDeletionChoosingPolicyTemplate.java:chooseContainerForBlockDeletion(83)) - Chosen 0/5000 blocks from 0 candidate containers.
2023-04-24 08:16:08,562 [BlockDeletingService#2] INFO  interfaces.ContainerDeletionChoosingPolicyTemplate (ContainerDeletionChoosingPolicyTemplate.java:chooseContainerForBlockDeletion(83)) - Chosen 0/5000 blocks from 0 candidate containers.
2023-04-24 08:16:08,563 [BlockDeletingService#2] INFO  interfaces.ContainerDeletionChoosingPolicyTemplate (ContainerDeletionChoosingPolicyTemplate.java:chooseContainerForBlockDeletion(83)) - Chosen 0/5000 blocks from 0 candidate containers.
2023-04-24 08:16:08,619 [FixedThreadPoolWithAffinityExecutor-9-0] WARN  container.ContainerReportHandler (AbstractContainerReportHandler.java:updateContainerState(259)) - Container #1 is in OPEN state, but the datanode 444322bb-4321-4e38-998a-96758a8a198b(fv-az212-956.zlodpucb4l4udavnfxg5s20dva.cx.internal.cloudapp.net/10.1.0.80) reports an CLOSED replica.
2023-04-24 08:16:08,652 [FixedThreadPoolWithAffinityExecutor-9-0] WARN  container.ContainerReportHandler (AbstractContainerReportHandler.java:updateContainerState(259)) - Container #1 is in OPEN state, but the datanode 593f1123-fce2-46ce-a0f5-50a98353a86f(fv-az212-956.zlodpucb4l4udavnfxg5s20dva.cx.internal.cloudapp.net/10.1.0.80) reports an CLOSED replica.
2023-04-24 08:16:08,663 [BlockDeletingService#2] INFO  interfaces.ContainerDeletionChoosingPolicyTemplate (ContainerDeletionChoosingPolicyTemplate.java:chooseContainerForBlockDeletion(83)) - Chosen 0/5000 blocks from 0 candidate containers.
2023-04-24 08:16:08,663 [BlockDeletingService#2] INFO  interfaces.ContainerDeletionChoosingPolicyTemplate (ContainerDeletionChoosingPolicyTemplate.java:chooseContainerForBlockDeletion(83)) - Chosen 0/5000 blocks from 0 candidate containers.
2023-04-24 08:16:08,763 [BlockDeletingService#2] INFO  interfaces.ContainerDeletionChoosingPolicyTemplate (ContainerDeletionChoosingPolicyTemplate.java:chooseContainerForBlockDeletion(83)) - Chosen 0/5000 blocks from 0 candidate containers.
2023-04-24 08:16:08,763 [BlockDeletingService#2] INFO  interfaces.ContainerDeletionChoosingPolicyTemplate (ContainerDeletionChoosingPolicyTemplate.java:chooseContainerForBlockDeletion(83)) - Chosen 0/5000 blocks from 0 candidate containers.
2023-04-24 08:16:08,863 [BlockDeletingService#2] INFO  interfaces.ContainerDeletionChoosingPolicyTemplate (ContainerDeletionChoosingPolicyTemplate.java:chooseContainerForBlockDeletion(83)) - Chosen 0/5000 blocks from 0 candidate containers.
2023-04-24 08:16:08,863 [BlockDeletingService#2] INFO  interfaces.ContainerDeletionChoosingPolicyTemplate (ContainerDeletionChoosingPolicyTemplate.java:chooseContainerForBlockDeletion(83)) - Chosen 0/5000 blocks from 0 candidate containers.
2023-04-24 08:16:08,920 [FixedThreadPoolWithAffinityExecutor-9-0] WARN  container.ContainerReportHandler (AbstractContainerReportHandler.java:updateContainerState(259)) - Container #1 is in OPEN state, but the datanode 444322bb-4321-4e38-998a-96758a8a198b(fv-az212-956.zlodpucb4l4udavnfxg5s20dva.cx.internal.cloudapp.net/10.1.0.80) reports an CLOSED replica.
2023-04-24 08:16:08,955 [FixedThreadPoolWithAffinityExecutor-9-0] WARN  container.ContainerReportHandler (AbstractContainerReportHandler.java:updateContainerState(259)) - Container #1 is in OPEN state, but the datanode 593f1123-fce2-46ce-a0f5-50a98353a86f(fv-az212-956.zlodpucb4l4udavnfxg5s20dva.cx.internal.cloudapp.net/10.1.0.80) reports an CLOSED replica.
2023-04-24 08:16:08,963 [BlockDeletingService#2] INFO  interfaces.ContainerDeletionChoosingPolicyTemplate (ContainerDeletionChoosingPolicyTemplate.java:chooseContainerForBlockDeletion(83)) - Chosen 0/5000 blocks from 0 candidate containers.
2023-04-24 08:16:08,963 [BlockDeletingService#2] INFO  interfaces.ContainerDeletionChoosingPolicyTemplate (ContainerDeletionChoosingPolicyTemplate.java:chooseContainerForBlockDeletion(83)) - Chosen 0/5000 blocks from 0 candidate containers.
2023-04-24 08:16:09,063 [BlockDeletingService#2] INFO  interfaces.ContainerDeletionChoosingPolicyTemplate (ContainerDeletionChoosingPolicyTemplate.java:chooseContainerForBlockDeletion(83)) - Chosen 0/5000 blocks from 0 candidate containers.
2023-04-24 08:16:09,064 [BlockDeletingService#2] INFO  interfaces.ContainerDeletionChoosingPolicyTemplate (ContainerDeletionChoosingPolicyTemplate.java:chooseContainerForBlockDeletion(83)) - Chosen 0/5000 blocks from 0 candidate containers.
2023-04-24 08:16:09,164 [BlockDeletingService#2] INFO  interfaces.ContainerDeletionChoosingPolicyTemplate (ContainerDeletionChoosingPolicyTemplate.java:chooseContainerForBlockDeletion(83)) - Chosen 0/5000 blocks from 0 candidate containers.
2023-04-24 08:16:09,164 [BlockDeletingService#2] INFO  interfaces.ContainerDeletionChoosingPolicyTemplate (ContainerDeletionChoosingPolicyTemplate.java:chooseContainerForBlockDeletion(83)) - Chosen 0/5000 blocks from 0 candidate containers.
2023-04-24 08:16:09,220 [FixedThreadPoolWithAffinityExecutor-9-0] WARN  container.ContainerReportHandler (AbstractContainerReportHandler.java:updateContainerState(259)) - Container #1 is in OPEN state, but the datanode 444322bb-4321-4e38-998a-96758a8a198b(fv-az212-956.zlodpucb4l4udavnfxg5s20dva.cx.internal.cloudapp.net/10.1.0.80) reports an CLOSED replica.
2023-04-24 08:16:09,255 [FixedThreadPoolWithAffinityExecutor-9-0] WARN  container.ContainerReportHandler (AbstractContainerReportHandler.java:updateContainerState(259)) - Container #1 is in OPEN state, but the datanode 593f1123-fce2-46ce-a0f5-50a98353a86f(fv-az212-956.zlodpucb4l4udavnfxg5s20dva.cx.internal.cloudapp.net/10.1.0.80) reports an CLOSED replica.
2023-04-24 08:16:09,264 [BlockDeletingService#2] INFO  interfaces.ContainerDeletionChoosingPolicyTemplate (ContainerDeletionChoosingPolicyTemplate.java:chooseContainerForBlockDeletion(83)) - Chosen 0/5000 blocks from 0 candidate containers.
2023-04-24 08:16:09,264 [BlockDeletingService#2] INFO  interfaces.ContainerDeletionChoosingPolicyTemplate (ContainerDeletionChoosingPolicyTemplate.java:chooseContainerForBlockDeletion(83)) - Chosen 0/5000 blocks from 0 candidate containers.
2023-04-24 08:16:09,364 [BlockDeletingService#2] INFO  interfaces.ContainerDeletionChoosingPolicyTemplate (ContainerDeletionChoosingPolicyTemplate.java:chooseContainerForBlockDeletion(83)) - Chosen 0/5000 blocks from 0 candidate containers.
2023-04-24 08:16:09,364 [BlockDeletingService#2] INFO  interfaces.ContainerDeletionChoosingPolicyTemplate (ContainerDeletionChoosingPolicyTemplate.java:chooseContainerForBlockDeletion(83)) - Chosen 0/5000 blocks from 0 candidate containers.
2023-04-24 08:16:09,464 [BlockDeletingService#2] INFO  interfaces.ContainerDeletionChoosingPolicyTemplate (ContainerDeletionChoosingPolicyTemplate.java:chooseContainerForBlockDeletion(83)) - Chosen 0/5000 blocks from 0 candidate containers.
2023-04-24 08:16:09,464 [BlockDeletingService#2] INFO  interfaces.ContainerDeletionChoosingPolicyTemplate (ContainerDeletionChoosingPolicyTemplate.java:chooseContainerForBlockDeletion(83)) - Chosen 0/5000 blocks from 0 candidate containers.
2023-04-24 08:16:09,521 [FixedThreadPoolWithAffinityExecutor-9-0] WARN  container.ContainerReportHandler (AbstractContainerReportHandler.java:updateContainerState(259)) - Container #1 is in OPEN state, but the datanode 444322bb-4321-4e38-998a-96758a8a198b(fv-az212-956.zlodpucb4l4udavnfxg5s20dva.cx.internal.cloudapp.net/10.1.0.80) reports an CLOSED replica.
2023-04-24 08:16:09,557 [FixedThreadPoolWithAffinityExecutor-9-0] WARN  container.ContainerReportHandler (AbstractContainerReportHandler.java:updateContainerState(259)) - Container #1 is in OPEN state, but the datanode 593f1123-fce2-46ce-a0f5-50a98353a86f(fv-az212-956.zlodpucb4l4udavnfxg5s20dva.cx.internal.cloudapp.net/10.1.0.80) reports an CLOSED replica.
2023-04-24 08:16:09,564 [grpc-default-executor-3] WARN  server.GrpcLogAppender (LogUtils.java:warn(122)) - 593f1123-fce2-46ce-a0f5-50a98353a86f@group-2C65884D69A9->d7f67023-bd71-4164-8161-24a8eb75dffe-AppendLogResponseHandler: Failed appendEntries: org.apache.ratis.thirdparty.io.grpc.StatusRuntimeException: UNAVAILABLE: io exception
2023-04-24 08:16:09,565 [grpc-default-executor-3] WARN  server.GrpcLogAppender (GrpcLogAppender.java:resetClient(131)) - 593f1123-fce2-46ce-a0f5-50a98353a86f@group-2C65884D69A9->d7f67023-bd71-4164-8161-24a8eb75dffe-GrpcLogAppender: Leader has not got in touch with Follower 593f1123-fce2-46ce-a0f5-50a98353a86f@group-2C65884D69A9->d7f67023-bd71-4164-8161-24a8eb75dffe(c-1,m0,n6, attendVote=true, lastRpcSendTime=0, lastRpcResponseTime=35324) yet, just keep nextIndex unchanged and retry.
2023-04-24 08:16:09,565 [grpc-default-executor-1] WARN  server.GrpcLogAppender (LogUtils.java:warn(122)) - 593f1123-fce2-46ce-a0f5-50a98353a86f@group-2C65884D69A9->d7f67023-bd71-4164-8161-24a8eb75dffe-AppendLogResponseHandler: Failed appendEntries: org.apache.ratis.thirdparty.io.grpc.StatusRuntimeException: UNAVAILABLE: io exception
2023-04-24 08:16:09,565 [BlockDeletingService#2] INFO  interfaces.ContainerDeletionChoosingPolicyTemplate (ContainerDeletionChoosingPolicyTemplate.java:chooseContainerForBlockDeletion(83)) - Chosen 0/5000 blocks from 0 candidate containers.
2023-04-24 08:16:09,565 [grpc-default-executor-1] WARN  server.GrpcLogAppender (GrpcLogAppender.java:resetClient(131)) - 593f1123-fce2-46ce-a0f5-50a98353a86f@group-2C65884D69A9->d7f67023-bd71-4164-8161-24a8eb75dffe-GrpcLogAppender: Leader has not got in touch with Follower 593f1123-fce2-46ce-a0f5-50a98353a86f@group-2C65884D69A9->d7f67023-bd71-4164-8161-24a8eb75dffe(c-1,m0,n6, attendVote=true, lastRpcSendTime=1, lastRpcResponseTime=35324) yet, just keep nextIndex unchanged and retry.
2023-04-24 08:16:09,565 [BlockDeletingService#2] INFO  interfaces.ContainerDeletionChoosingPolicyTemplate (ContainerDeletionChoosingPolicyTemplate.java:chooseContainerForBlockDeletion(83)) - Chosen 0/5000 blocks from 0 candidate containers.
2023-04-24 08:16:09,665 [BlockDeletingService#2] INFO  interfaces.ContainerDeletionChoosingPolicyTemplate (ContainerDeletionChoosingPolicyTemplate.java:chooseContainerForBlockDeletion(83)) - Chosen 0/5000 blocks from 0 candidate containers.
2023-04-24 08:16:09,665 [BlockDeletingService#2] INFO  interfaces.ContainerDeletionChoosingPolicyTemplate (ContainerDeletionChoosingPolicyTemplate.java:chooseContainerForBlockDeletion(83)) - Chosen 0/5000 blocks from 0 candidate containers.
2023-04-24 08:16:09,765 [BlockDeletingService#2] INFO  interfaces.ContainerDeletionChoosingPolicyTemplate (ContainerDeletionChoosingPolicyTemplate.java:chooseContainerForBlockDeletion(83)) - Chosen 0/5000 blocks from 0 candidate containers.
2023-04-24 08:16:09,766 [BlockDeletingService#2] INFO  interfaces.ContainerDeletionChoosingPolicyTemplate (ContainerDeletionChoosingPolicyTemplate.java:chooseContainerForBlockDeletion(83)) - Chosen 0/5000 blocks from 0 candidate containers.
2023-04-24 08:16:09,820 [FixedThreadPoolWithAffinityExecutor-9-0] WARN  container.ContainerReportHandler (AbstractContainerReportHandler.java:updateContainerState(259)) - Container #1 is in OPEN state, but the datanode 444322bb-4321-4e38-998a-96758a8a198b(fv-az212-956.zlodpucb4l4udavnfxg5s20dva.cx.internal.cloudapp.net/10.1.0.80) reports an CLOSED replica.
2023-04-24 08:16:09,856 [FixedThreadPoolWithAffinityExecutor-9-0] WARN  container.ContainerReportHandler (AbstractContainerReportHandler.java:updateContainerState(259)) - Container #1 is in OPEN state, but the datanode 593f1123-fce2-46ce-a0f5-50a98353a86f(fv-az212-956.zlodpucb4l4udavnfxg5s20dva.cx.internal.cloudapp.net/10.1.0.80) reports an CLOSED replica.
2023-04-24 08:16:09,866 [BlockDeletingService#2] INFO  interfaces.ContainerDeletionChoosingPolicyTemplate (ContainerDeletionChoosingPolicyTemplate.java:chooseContainerForBlockDeletion(83)) - Chosen 0/5000 blocks from 0 candidate containers.
2023-04-24 08:16:09,866 [BlockDeletingService#2] INFO  interfaces.ContainerDeletionChoosingPolicyTemplate (ContainerDeletionChoosingPolicyTemplate.java:chooseContainerForBlockDeletion(83)) - Chosen 0/5000 blocks from 0 candidate containers.
2023-04-24 08:16:09,966 [BlockDeletingService#2] INFO  interfaces.ContainerDeletionChoosingPolicyTemplate (ContainerDeletionChoosingPolicyTemplate.java:chooseContainerForBlockDeletion(83)) - Chosen 0/5000 blocks from 0 candidate containers.
2023-04-24 08:16:09,966 [BlockDeletingService#2] INFO  interfaces.ContainerDeletionChoosingPolicyTemplate (ContainerDeletionChoosingPolicyTemplate.java:chooseContainerForBlockDeletion(83)) - Chosen 0/5000 blocks from 0 candidate containers.
2023-04-24 08:16:10,066 [BlockDeletingService#2] INFO  interfaces.ContainerDeletionChoosingPolicyTemplate (ContainerDeletionChoosingPolicyTemplate.java:chooseContainerForBlockDeletion(83)) - Chosen 0/5000 blocks from 0 candidate containers.
2023-04-24 08:16:10,066 [BlockDeletingService#2] INFO  interfaces.ContainerDeletionChoosingPolicyTemplate (ContainerDeletionChoosingPolicyTemplate.java:chooseContainerForBlockDeletion(83)) - Chosen 0/5000 blocks from 0 candidate containers.
2023-04-24 08:16:10,120 [FixedThreadPoolWithAffinityExecutor-9-0] WARN  container.ContainerReportHandler (AbstractContainerReportHandler.java:updateContainerState(259)) - Container #1 is in OPEN state, but the datanode 444322bb-4321-4e38-998a-96758a8a198b(fv-az212-956.zlodpucb4l4udavnfxg5s20dva.cx.internal.cloudapp.net/10.1.0.80) reports an CLOSED replica.
2023-04-24 08:16:10,158 [FixedThreadPoolWithAffinityExecutor-9-0] WARN  container.ContainerReportHandler (AbstractContainerReportHandler.java:updateContainerState(259)) - Container #1 is in OPEN state, but the datanode 593f1123-fce2-46ce-a0f5-50a98353a86f(fv-az212-956.zlodpucb4l4udavnfxg5s20dva.cx.internal.cloudapp.net/10.1.0.80) reports an CLOSED replica.
2023-04-24 08:16:10,166 [BlockDeletingService#2] INFO  interfaces.ContainerDeletionChoosingPolicyTemplate (ContainerDeletionChoosingPolicyTemplate.java:chooseContainerForBlockDeletion(83)) - Chosen 0/5000 blocks from 0 candidate containers.
2023-04-24 08:16:10,166 [BlockDeletingService#2] INFO  interfaces.ContainerDeletionChoosingPolicyTemplate (ContainerDeletionChoosingPolicyTemplate.java:chooseContainerForBlockDeletion(83)) - Chosen 0/5000 blocks from 0 candidate containers.
2023-04-24 08:16:10,266 [BlockDeletingService#2] INFO  interfaces.ContainerDeletionChoosingPolicyTemplate (ContainerDeletionChoosingPolicyTemplate.java:chooseContainerForBlockDeletion(83)) - Chosen 0/5000 blocks from 0 candidate containers.
2023-04-24 08:16:10,267 [BlockDeletingService#2] INFO  interfaces.ContainerDeletionChoosingPolicyTemplate (ContainerDeletionChoosingPolicyTemplate.java:chooseContainerForBlockDeletion(83)) - Chosen 0/5000 blocks from 0 candidate containers.
2023-04-24 08:16:10,367 [BlockDeletingService#2] INFO  interfaces.ContainerDeletionChoosingPolicyTemplate (ContainerDeletionChoosingPolicyTemplate.java:chooseContainerForBlockDeletion(83)) - Chosen 0/5000 blocks from 0 candidate containers.
2023-04-24 08:16:10,367 [BlockDeletingService#2] INFO  interfaces.ContainerDeletionChoosingPolicyTemplate (ContainerDeletionChoosingPolicyTemplate.java:chooseContainerForBlockDeletion(83)) - Chosen 0/5000 blocks from 0 candidate containers.
2023-04-24 08:16:10,422 [FixedThreadPoolWithAffinityExecutor-9-0] WARN  container.ContainerReportHandler (AbstractContainerReportHandler.java:updateContainerState(259)) - Container #1 is in OPEN state, but the datanode 444322bb-4321-4e38-998a-96758a8a198b(fv-az212-956.zlodpucb4l4udavnfxg5s20dva.cx.internal.cloudapp.net/10.1.0.80) reports an CLOSED replica.
2023-04-24 08:16:10,467 [BlockDeletingService#2] INFO  interfaces.ContainerDeletionChoosingPolicyTemplate (ContainerDeletionChoosingPolicyTemplate.java:chooseContainerForBlockDeletion(83)) - Chosen 0/5000 blocks from 0 candidate containers.
2023-04-24 08:16:10,467 [BlockDeletingService#2] INFO  interfaces.ContainerDeletionChoosingPolicyTemplate (ContainerDeletionChoosingPolicyTemplate.java:chooseContainerForBlockDeletion(83)) - Chosen 0/5000 blocks from 0 candidate containers.
2023-04-24 08:16:10,558 [FixedThreadPoolWithAffinityExecutor-9-0] WARN  container.ContainerReportHandler (AbstractContainerReportHandler.java:updateContainerState(259)) - Container #1 is in OPEN state, but the datanode 593f1123-fce2-46ce-a0f5-50a98353a86f(fv-az212-956.zlodpucb4l4udavnfxg5s20dva.cx.internal.cloudapp.net/10.1.0.80) reports an CLOSED replica.
2023-04-24 08:16:10,567 [BlockDeletingService#2] INFO  interfaces.ContainerDeletionChoosingPolicyTemplate (ContainerDeletionChoosingPolicyTemplate.java:chooseContainerForBlockDeletion(83)) - Chosen 0/5000 blocks from 0 candidate containers.
2023-04-24 08:16:10,567 [BlockDeletingService#2] INFO  interfaces.ContainerDeletionChoosingPolicyTemplate (ContainerDeletionChoosingPolicyTemplate.java:chooseContainerForBlockDeletion(83)) - Chosen 0/5000 blocks from 0 candidate containers.
2023-04-24 08:16:10,621 [FixedThreadPoolWithAffinityExecutor-9-0] WARN  container.ContainerReportHandler (AbstractContainerReportHandler.java:updateContainerState(259)) - Container #1 is in OPEN state, but the datanode 444322bb-4321-4e38-998a-96758a8a198b(fv-az212-956.zlodpucb4l4udavnfxg5s20dva.cx.internal.cloudapp.net/10.1.0.80) reports an CLOSED replica.
2023-04-24 08:16:10,667 [BlockDeletingService#2] INFO  interfaces.ContainerDeletionChoosingPolicyTemplate (ContainerDeletionChoosingPolicyTemplate.java:chooseContainerForBlockDeletion(83)) - Chosen 0/5000 blocks from 0 candidate containers.
2023-04-24 08:16:10,667 [BlockDeletingService#2] INFO  interfaces.ContainerDeletionChoosingPolicyTemplate (ContainerDeletionChoosingPolicyTemplate.java:chooseContainerForBlockDeletion(83)) - Chosen 0/5000 blocks from 0 candidate containers.
2023-04-24 08:16:10,767 [BlockDeletingService#2] INFO  interfaces.ContainerDeletionChoosingPolicyTemplate (ContainerDeletionChoosingPolicyTemplate.java:chooseContainerForBlockDeletion(83)) - Chosen 0/5000 blocks from 0 candidate containers.
2023-04-24 08:16:10,768 [BlockDeletingService#2] INFO  interfaces.ContainerDeletionChoosingPolicyTemplate (ContainerDeletionChoosingPolicyTemplate.java:chooseContainerForBlockDeletion(83)) - Chosen 0/5000 blocks from 0 candidate containers.
2023-04-24 08:16:10,814 [grpc-default-executor-1] WARN  server.GrpcLogAppender (LogUtils.java:warn(122)) - 593f1123-fce2-46ce-a0f5-50a98353a86f@group-2C65884D69A9->d7f67023-bd71-4164-8161-24a8eb75dffe-AppendLogResponseHandler: Failed appendEntries: org.apache.ratis.thirdparty.io.grpc.StatusRuntimeException: UNAVAILABLE: io exception
2023-04-24 08:16:10,814 [grpc-default-executor-3] WARN  server.GrpcLogAppender (LogUtils.java:warn(122)) - 593f1123-fce2-46ce-a0f5-50a98353a86f@group-2C65884D69A9->d7f67023-bd71-4164-8161-24a8eb75dffe-AppendLogResponseHandler: Failed appendEntries: org.apache.ratis.thirdparty.io.grpc.StatusRuntimeException: UNAVAILABLE: io exception
2023-04-24 08:16:10,815 [grpc-default-executor-1] WARN  server.GrpcLogAppender (GrpcLogAppender.java:resetClient(131)) - 593f1123-fce2-46ce-a0f5-50a98353a86f@group-2C65884D69A9->d7f67023-bd71-4164-8161-24a8eb75dffe-GrpcLogAppender: Leader has not got in touch with Follower 593f1123-fce2-46ce-a0f5-50a98353a86f@group-2C65884D69A9->d7f67023-bd71-4164-8161-24a8eb75dffe(c-1,m0,n6, attendVote=true, lastRpcSendTime=0, lastRpcResponseTime=36574) yet, just keep nextIndex unchanged and retry.
2023-04-24 08:16:10,816 [grpc-default-executor-3] WARN  server.GrpcLogAppender (GrpcLogAppender.java:resetClient(131)) - 593f1123-fce2-46ce-a0f5-50a98353a86f@group-2C65884D69A9->d7f67023-bd71-4164-8161-24a8eb75dffe-GrpcLogAppender: Leader has not got in touch with Follower 593f1123-fce2-46ce-a0f5-50a98353a86f@group-2C65884D69A9->d7f67023-bd71-4164-8161-24a8eb75dffe(c-1,m0,n6, attendVote=true, lastRpcSendTime=1, lastRpcResponseTime=36575) yet, just keep nextIndex unchanged and retry.
2023-04-24 08:16:10,859 [FixedThreadPoolWithAffinityExecutor-9-0] WARN  container.ContainerReportHandler (AbstractContainerReportHandler.java:updateContainerState(259)) - Container #1 is in OPEN state, but the datanode 593f1123-fce2-46ce-a0f5-50a98353a86f(fv-az212-956.zlodpucb4l4udavnfxg5s20dva.cx.internal.cloudapp.net/10.1.0.80) reports an CLOSED replica.
2023-04-24 08:16:10,868 [BlockDeletingService#2] INFO  interfaces.ContainerDeletionChoosingPolicyTemplate (ContainerDeletionChoosingPolicyTemplate.java:chooseContainerForBlockDeletion(83)) - Chosen 0/5000 blocks from 0 candidate containers.
2023-04-24 08:16:10,868 [BlockDeletingService#2] INFO  interfaces.ContainerDeletionChoosingPolicyTemplate (ContainerDeletionChoosingPolicyTemplate.java:chooseContainerForBlockDeletion(83)) - Chosen 0/5000 blocks from 0 candidate containers.
2023-04-24 08:16:10,921 [FixedThreadPoolWithAffinityExecutor-9-0] WARN  container.ContainerReportHandler (AbstractContainerReportHandler.java:updateContainerState(259)) - Container #1 is in OPEN state, but the datanode 444322bb-4321-4e38-998a-96758a8a198b(fv-az212-956.zlodpucb4l4udavnfxg5s20dva.cx.internal.cloudapp.net/10.1.0.80) reports an CLOSED replica.
2023-04-24 08:16:10,968 [BlockDeletingService#2] INFO  interfaces.ContainerDeletionChoosingPolicyTemplate (ContainerDeletionChoosingPolicyTemplate.java:chooseContainerForBlockDeletion(83)) - Chosen 0/5000 blocks from 0 candidate containers.
2023-04-24 08:16:10,968 [BlockDeletingService#2] INFO  interfaces.ContainerDeletionChoosingPolicyTemplate (ContainerDeletionChoosingPolicyTemplate.java:chooseContainerForBlockDeletion(83)) - Chosen 0/5000 blocks from 0 candidate containers.
2023-04-24 08:16:11,068 [BlockDeletingService#2] INFO  interfaces.ContainerDeletionChoosingPolicyTemplate (ContainerDeletionChoosingPolicyTemplate.java:chooseContainerForBlockDeletion(83)) - Chosen 0/5000 blocks from 0 candidate containers.
2023-04-24 08:16:11,068 [BlockDeletingService#2] INFO  interfaces.ContainerDeletionChoosingPolicyTemplate (ContainerDeletionChoosingPolicyTemplate.java:chooseContainerForBlockDeletion(83)) - Chosen 0/5000 blocks from 0 candidate containers.
2023-04-24 08:16:11,158 [FixedThreadPoolWithAffinityExecutor-9-0] WARN  container.ContainerReportHandler (AbstractContainerReportHandler.java:updateContainerState(259)) - Container #1 is in OPEN state, but the datanode 593f1123-fce2-46ce-a0f5-50a98353a86f(fv-az212-956.zlodpucb4l4udavnfxg5s20dva.cx.internal.cloudapp.net/10.1.0.80) reports an CLOSED replica.
2023-04-24 08:16:11,168 [BlockDeletingService#2] INFO  interfaces.ContainerDeletionChoosingPolicyTemplate (ContainerDeletionChoosingPolicyTemplate.java:chooseContainerForBlockDeletion(83)) - Chosen 0/5000 blocks from 0 candidate containers.
2023-04-24 08:16:11,168 [BlockDeletingService#2] INFO  interfaces.ContainerDeletionChoosingPolicyTemplate (ContainerDeletionChoosingPolicyTemplate.java:chooseContainerForBlockDeletion(83)) - Chosen 0/5000 blocks from 0 candidate containers.
2023-04-24 08:16:11,221 [FixedThreadPoolWithAffinityExecutor-9-0] WARN  container.ContainerReportHandler (AbstractContainerReportHandler.java:updateContainerState(259)) - Container #1 is in OPEN state, but the datanode 444322bb-4321-4e38-998a-96758a8a198b(fv-az212-956.zlodpucb4l4udavnfxg5s20dva.cx.internal.cloudapp.net/10.1.0.80) reports an CLOSED replica.
2023-04-24 08:16:11,269 [BlockDeletingService#2] INFO  interfaces.ContainerDeletionChoosingPolicyTemplate (ContainerDeletionChoosingPolicyTemplate.java:chooseContainerForBlockDeletion(83)) - Chosen 0/5000 blocks from 0 candidate containers.
2023-04-24 08:16:11,269 [BlockDeletingService#2] INFO  interfaces.ContainerDeletionChoosingPolicyTemplate (ContainerDeletionChoosingPolicyTemplate.java:chooseContainerForBlockDeletion(83)) - Chosen 0/5000 blocks from 0 candidate containers.
2023-04-24 08:16:11,369 [BlockDeletingService#2] INFO  interfaces.ContainerDeletionChoosingPolicyTemplate (ContainerDeletionChoosingPolicyTemplate.java:chooseContainerForBlockDeletion(83)) - Chosen 0/5000 blocks from 0 candidate containers.
2023-04-24 08:16:11,369 [BlockDeletingService#2] INFO  interfaces.ContainerDeletionChoosingPolicyTemplate (ContainerDeletionChoosingPolicyTemplate.java:chooseContainerForBlockDeletion(83)) - Chosen 0/5000 blocks from 0 candidate containers.
2023-04-24 08:16:11,458 [FixedThreadPoolWithAffinityExecutor-9-0] WARN  container.ContainerReportHandler (AbstractContainerReportHandler.java:updateContainerState(259)) - Container #1 is in OPEN state, but the datanode 593f1123-fce2-46ce-a0f5-50a98353a86f(fv-az212-956.zlodpucb4l4udavnfxg5s20dva.cx.internal.cloudapp.net/10.1.0.80) reports an CLOSED replica.
2023-04-24 08:16:11,469 [BlockDeletingService#2] INFO  interfaces.ContainerDeletionChoosingPolicyTemplate (ContainerDeletionChoosingPolicyTemplate.java:chooseContainerForBlockDeletion(83)) - Chosen 0/5000 blocks from 0 candidate containers.
2023-04-24 08:16:11,469 [BlockDeletingService#2] INFO  interfaces.ContainerDeletionChoosingPolicyTemplate (ContainerDeletionChoosingPolicyTemplate.java:chooseContainerForBlockDeletion(83)) - Chosen 0/5000 blocks from 0 candidate containers.
2023-04-24 08:16:11,524 [FixedThreadPoolWithAffinityExecutor-9-0] WARN  container.ContainerReportHandler (AbstractContainerReportHandler.java:updateContainerState(259)) - Container #1 is in OPEN state, but the datanode 444322bb-4321-4e38-998a-96758a8a198b(fv-az212-956.zlodpucb4l4udavnfxg5s20dva.cx.internal.cloudapp.net/10.1.0.80) reports an CLOSED replica.
2023-04-24 08:16:11,569 [BlockDeletingService#2] INFO  interfaces.ContainerDeletionChoosingPolicyTemplate (ContainerDeletionChoosingPolicyTemplate.java:chooseContainerForBlockDeletion(83)) - Chosen 0/5000 blocks from 0 candidate containers.
2023-04-24 08:16:11,569 [BlockDeletingService#2] INFO  interfaces.ContainerDeletionChoosingPolicyTemplate (ContainerDeletionChoosingPolicyTemplate.java:chooseContainerForBlockDeletion(83)) - Chosen 0/5000 blocks from 0 candidate containers.
2023-04-24 08:16:11,669 [BlockDeletingService#2] INFO  interfaces.ContainerDeletionChoosingPolicyTemplate (ContainerDeletionChoosingPolicyTemplate.java:chooseContainerForBlockDeletion(83)) - Chosen 0/5000 blocks from 0 candidate containers.
2023-04-24 08:16:11,670 [BlockDeletingService#2] INFO  interfaces.ContainerDeletionChoosingPolicyTemplate (ContainerDeletionChoosingPolicyTemplate.java:chooseContainerForBlockDeletion(83)) - Chosen 0/5000 blocks from 0 candidate containers.
2023-04-24 08:16:11,759 [FixedThreadPoolWithAffinityExecutor-9-0] WARN  container.ContainerReportHandler (AbstractContainerReportHandler.java:updateContainerState(259)) - Container #1 is in OPEN state, but the datanode 593f1123-fce2-46ce-a0f5-50a98353a86f(fv-az212-956.zlodpucb4l4udavnfxg5s20dva.cx.internal.cloudapp.net/10.1.0.80) reports an CLOSED replica.
2023-04-24 08:16:11,770 [BlockDeletingService#2] INFO  interfaces.ContainerDeletionChoosingPolicyTemplate (ContainerDeletionChoosingPolicyTemplate.java:chooseContainerForBlockDeletion(83)) - Chosen 0/5000 blocks from 0 candidate containers.
2023-04-24 08:16:11,770 [BlockDeletingService#2] INFO  interfaces.ContainerDeletionChoosingPolicyTemplate (ContainerDeletionChoosingPolicyTemplate.java:chooseContainerForBlockDeletion(83)) - Chosen 0/5000 blocks from 0 candidate containers.
2023-04-24 08:16:11,825 [FixedThreadPoolWithAffinityExecutor-9-0] WARN  container.ContainerReportHandler (AbstractContainerReportHandler.java:updateContainerState(259)) - Container #1 is in OPEN state, but the datanode 444322bb-4321-4e38-998a-96758a8a198b(fv-az212-956.zlodpucb4l4udavnfxg5s20dva.cx.internal.cloudapp.net/10.1.0.80) reports an CLOSED replica.
2023-04-24 08:16:11,870 [BlockDeletingService#2] INFO  interfaces.ContainerDeletionChoosingPolicyTemplate (ContainerDeletionChoosingPolicyTemplate.java:chooseContainerForBlockDeletion(83)) - Chosen 0/5000 blocks from 0 candidate containers.
2023-04-24 08:16:11,870 [BlockDeletingService#2] INFO  interfaces.ContainerDeletionChoosingPolicyTemplate (ContainerDeletionChoosingPolicyTemplate.java:chooseContainerForBlockDeletion(83)) - Chosen 0/5000 blocks from 0 candidate containers.
2023-04-24 08:16:11,970 [BlockDeletingService#2] INFO  interfaces.ContainerDeletionChoosingPolicyTemplate (ContainerDeletionChoosingPolicyTemplate.java:chooseContainerForBlockDeletion(83)) - Chosen 0/5000 blocks from 0 candidate containers.
2023-04-24 08:16:11,970 [BlockDeletingService#2] INFO  interfaces.ContainerDeletionChoosingPolicyTemplate (ContainerDeletionChoosingPolicyTemplate.java:chooseContainerForBlockDeletion(83)) - Chosen 0/5000 blocks from 0 candidate containers.
2023-04-24 08:16:12,058 [FixedThreadPoolWithAffinityExecutor-9-0] WARN  container.ContainerReportHandler (AbstractContainerReportHandler.java:updateContainerState(259)) - Container #1 is in OPEN state, but the datanode 593f1123-fce2-46ce-a0f5-50a98353a86f(fv-az212-956.zlodpucb4l4udavnfxg5s20dva.cx.internal.cloudapp.net/10.1.0.80) reports an CLOSED replica.
2023-04-24 08:16:12,065 [grpc-default-executor-3] WARN  server.GrpcLogAppender (LogUtils.java:warn(122)) - 593f1123-fce2-46ce-a0f5-50a98353a86f@group-2C65884D69A9->d7f67023-bd71-4164-8161-24a8eb75dffe-AppendLogResponseHandler: Failed appendEntries: org.apache.ratis.thirdparty.io.grpc.StatusRuntimeException: UNAVAILABLE: io exception
2023-04-24 08:16:12,065 [grpc-default-executor-3] WARN  server.GrpcLogAppender (GrpcLogAppender.java:resetClient(131)) - 593f1123-fce2-46ce-a0f5-50a98353a86f@group-2C65884D69A9->d7f67023-bd71-4164-8161-24a8eb75dffe-GrpcLogAppender: Leader has not got in touch with Follower 593f1123-fce2-46ce-a0f5-50a98353a86f@group-2C65884D69A9->d7f67023-bd71-4164-8161-24a8eb75dffe(c-1,m0,n6, attendVote=true, lastRpcSendTime=0, lastRpcResponseTime=37824) yet, just keep nextIndex unchanged and retry.
2023-04-24 08:16:12,065 [grpc-default-executor-1] WARN  server.GrpcLogAppender (LogUtils.java:warn(122)) - 593f1123-fce2-46ce-a0f5-50a98353a86f@group-2C65884D69A9->d7f67023-bd71-4164-8161-24a8eb75dffe-AppendLogResponseHandler: Failed appendEntries: org.apache.ratis.thirdparty.io.grpc.StatusRuntimeException: UNAVAILABLE: io exception
2023-04-24 08:16:12,066 [grpc-default-executor-1] WARN  server.GrpcLogAppender (GrpcLogAppender.java:resetClient(131)) - 593f1123-fce2-46ce-a0f5-50a98353a86f@group-2C65884D69A9->d7f67023-bd71-4164-8161-24a8eb75dffe-GrpcLogAppender: Leader has not got in touch with Follower 593f1123-fce2-46ce-a0f5-50a98353a86f@group-2C65884D69A9->d7f67023-bd71-4164-8161-24a8eb75dffe(c-1,m0,n6, attendVote=true, lastRpcSendTime=1, lastRpcResponseTime=37825) yet, just keep nextIndex unchanged and retry.
2023-04-24 08:16:12,070 [BlockDeletingService#2] INFO  interfaces.ContainerDeletionChoosingPolicyTemplate (ContainerDeletionChoosingPolicyTemplate.java:chooseContainerForBlockDeletion(83)) - Chosen 0/5000 blocks from 0 candidate containers.
2023-04-24 08:16:12,070 [BlockDeletingService#2] INFO  interfaces.ContainerDeletionChoosingPolicyTemplate (ContainerDeletionChoosingPolicyTemplate.java:chooseContainerForBlockDeletion(83)) - Chosen 0/5000 blocks from 0 candidate containers.
2023-04-24 08:16:12,126 [FixedThreadPoolWithAffinityExecutor-9-0] WARN  container.ContainerReportHandler (AbstractContainerReportHandler.java:updateContainerState(259)) - Container #1 is in OPEN state, but the datanode 444322bb-4321-4e38-998a-96758a8a198b(fv-az212-956.zlodpucb4l4udavnfxg5s20dva.cx.internal.cloudapp.net/10.1.0.80) reports an CLOSED replica.
2023-04-24 08:16:12,171 [BlockDeletingService#2] INFO  interfaces.ContainerDeletionChoosingPolicyTemplate (ContainerDeletionChoosingPolicyTemplate.java:chooseContainerForBlockDeletion(83)) - Chosen 0/5000 blocks from 0 candidate containers.
2023-04-24 08:16:12,171 [BlockDeletingService#2] INFO  interfaces.ContainerDeletionChoosingPolicyTemplate (ContainerDeletionChoosingPolicyTemplate.java:chooseContainerForBlockDeletion(83)) - Chosen 0/5000 blocks from 0 candidate containers.
2023-04-24 08:16:12,271 [BlockDeletingService#2] INFO  interfaces.ContainerDeletionChoosingPolicyTemplate (ContainerDeletionChoosingPolicyTemplate.java:chooseContainerForBlockDeletion(83)) - Chosen 0/5000 blocks from 0 candidate containers.
2023-04-24 08:16:12,271 [BlockDeletingService#2] INFO  interfaces.ContainerDeletionChoosingPolicyTemplate (ContainerDeletionChoosingPolicyTemplate.java:chooseContainerForBlockDeletion(83)) - Chosen 0/5000 blocks from 0 candidate containers.
2023-04-24 08:16:12,359 [FixedThreadPoolWithAffinityExecutor-9-0] WARN  container.ContainerReportHandler (AbstractContainerReportHandler.java:updateContainerState(259)) - Container #1 is in OPEN state, but the datanode 593f1123-fce2-46ce-a0f5-50a98353a86f(fv-az212-956.zlodpucb4l4udavnfxg5s20dva.cx.internal.cloudapp.net/10.1.0.80) reports an CLOSED replica.
2023-04-24 08:16:12,371 [BlockDeletingService#2] INFO  interfaces.ContainerDeletionChoosingPolicyTemplate (ContainerDeletionChoosingPolicyTemplate.java:chooseContainerForBlockDeletion(83)) - Chosen 0/5000 blocks from 0 candidate containers.
2023-04-24 08:16:12,371 [BlockDeletingService#2] INFO  interfaces.ContainerDeletionChoosingPolicyTemplate (ContainerDeletionChoosingPolicyTemplate.java:chooseContainerForBlockDeletion(83)) - Chosen 0/5000 blocks from 0 candidate containers.
2023-04-24 08:16:12,425 [FixedThreadPoolWithAffinityExecutor-9-0] WARN  container.ContainerReportHandler (AbstractContainerReportHandler.java:updateContainerState(259)) - Container #1 is in OPEN state, but the datanode 444322bb-4321-4e38-998a-96758a8a198b(fv-az212-956.zlodpucb4l4udavnfxg5s20dva.cx.internal.cloudapp.net/10.1.0.80) reports an CLOSED replica.
2023-04-24 08:16:12,471 [BlockDeletingService#2] INFO  interfaces.ContainerDeletionChoosingPolicyTemplate (ContainerDeletionChoosingPolicyTemplate.java:chooseContainerForBlockDeletion(83)) - Chosen 0/5000 blocks from 0 candidate containers.
2023-04-24 08:16:12,471 [BlockDeletingService#2] INFO  interfaces.ContainerDeletionChoosingPolicyTemplate (ContainerDeletionChoosingPolicyTemplate.java:chooseContainerForBlockDeletion(83)) - Chosen 0/5000 blocks from 0 candidate containers.
2023-04-24 08:16:12,571 [BlockDeletingService#2] INFO  interfaces.ContainerDeletionChoosingPolicyTemplate (ContainerDeletionChoosingPolicyTemplate.java:chooseContainerForBlockDeletion(83)) - Chosen 0/5000 blocks from 0 candidate containers.
2023-04-24 08:16:12,571 [BlockDeletingService#2] INFO  interfaces.ContainerDeletionChoosingPolicyTemplate (ContainerDeletionChoosingPolicyTemplate.java:chooseContainerForBlockDeletion(83)) - Chosen 0/5000 blocks from 0 candidate containers.
2023-04-24 08:16:12,660 [FixedThreadPoolWithAffinityExecutor-9-0] WARN  container.ContainerReportHandler (AbstractContainerReportHandler.java:updateContainerState(259)) - Container #1 is in OPEN state, but the datanode 593f1123-fce2-46ce-a0f5-50a98353a86f(fv-az212-956.zlodpucb4l4udavnfxg5s20dva.cx.internal.cloudapp.net/10.1.0.80) reports an CLOSED replica.
2023-04-24 08:16:12,672 [BlockDeletingService#2] INFO  interfaces.ContainerDeletionChoosingPolicyTemplate (ContainerDeletionChoosingPolicyTemplate.java:chooseContainerForBlockDeletion(83)) - Chosen 0/5000 blocks from 0 candidate containers.
2023-04-24 08:16:12,672 [BlockDeletingService#2] INFO  interfaces.ContainerDeletionChoosingPolicyTemplate (ContainerDeletionChoosingPolicyTemplate.java:chooseContainerForBlockDeletion(83)) - Chosen 0/5000 blocks from 0 candidate containers.
2023-04-24 08:16:12,725 [FixedThreadPoolWithAffinityExecutor-9-0] WARN  container.ContainerReportHandler (AbstractContainerReportHandler.java:updateContainerState(259)) - Container #1 is in OPEN state, but the datanode 444322bb-4321-4e38-998a-96758a8a198b(fv-az212-956.zlodpucb4l4udavnfxg5s20dva.cx.internal.cloudapp.net/10.1.0.80) reports an CLOSED replica.
2023-04-24 08:16:12,772 [BlockDeletingService#2] INFO  interfaces.ContainerDeletionChoosingPolicyTemplate (ContainerDeletionChoosingPolicyTemplate.java:chooseContainerForBlockDeletion(83)) - Chosen 0/5000 blocks from 0 candidate containers.
2023-04-24 08:16:12,772 [BlockDeletingService#2] INFO  interfaces.ContainerDeletionChoosingPolicyTemplate (ContainerDeletionChoosingPolicyTemplate.java:chooseContainerForBlockDeletion(83)) - Chosen 0/5000 blocks from 0 candidate containers.
2023-04-24 08:16:12,872 [BlockDeletingService#2] INFO  interfaces.ContainerDeletionChoosingPolicyTemplate (ContainerDeletionChoosingPolicyTemplate.java:chooseContainerForBlockDeletion(83)) - Chosen 0/5000 blocks from 0 candidate containers.
2023-04-24 08:16:12,872 [BlockDeletingService#2] INFO  interfaces.ContainerDeletionChoosingPolicyTemplate (ContainerDeletionChoosingPolicyTemplate.java:chooseContainerForBlockDeletion(83)) - Chosen 0/5000 blocks from 0 candidate containers.
2023-04-24 08:16:12,960 [FixedThreadPoolWithAffinityExecutor-9-0] WARN  container.ContainerReportHandler (AbstractContainerReportHandler.java:updateContainerState(259)) - Container #1 is in OPEN state, but the datanode 593f1123-fce2-46ce-a0f5-50a98353a86f(fv-az212-956.zlodpucb4l4udavnfxg5s20dva.cx.internal.cloudapp.net/10.1.0.80) reports an CLOSED replica.
2023-04-24 08:16:12,972 [BlockDeletingService#2] INFO  interfaces.ContainerDeletionChoosingPolicyTemplate (ContainerDeletionChoosingPolicyTemplate.java:chooseContainerForBlockDeletion(83)) - Chosen 0/5000 blocks from 0 candidate containers.
2023-04-24 08:16:12,972 [BlockDeletingService#2] INFO  interfaces.ContainerDeletionChoosingPolicyTemplate (ContainerDeletionChoosingPolicyTemplate.java:chooseContainerForBlockDeletion(83)) - Chosen 0/5000 blocks from 0 candidate containers.
2023-04-24 08:16:13,025 [FixedThreadPoolWithAffinityExecutor-9-0] WARN  container.ContainerReportHandler (AbstractContainerReportHandler.java:updateContainerState(259)) - Container #1 is in OPEN state, but the datanode 444322bb-4321-4e38-998a-96758a8a198b(fv-az212-956.zlodpucb4l4udavnfxg5s20dva.cx.internal.cloudapp.net/10.1.0.80) reports an CLOSED replica.
2023-04-24 08:16:13,072 [BlockDeletingService#2] INFO  interfaces.ContainerDeletionChoosingPolicyTemplate (ContainerDeletionChoosingPolicyTemplate.java:chooseContainerForBlockDeletion(83)) - Chosen 0/5000 blocks from 0 candidate containers.
2023-04-24 08:16:13,072 [BlockDeletingService#2] INFO  interfaces.ContainerDeletionChoosingPolicyTemplate (ContainerDeletionChoosingPolicyTemplate.java:chooseContainerForBlockDeletion(83)) - Chosen 0/5000 blocks from 0 candidate containers.
2023-04-24 08:16:13,173 [BlockDeletingService#2] INFO  interfaces.ContainerDeletionChoosingPolicyTemplate (ContainerDeletionChoosingPolicyTemplate.java:chooseContainerForBlockDeletion(83)) - Chosen 0/5000 blocks from 0 candidate containers.
2023-04-24 08:16:13,173 [BlockDeletingService#2] INFO  interfaces.ContainerDeletionChoosingPolicyTemplate (ContainerDeletionChoosingPolicyTemplate.java:chooseContainerForBlockDeletion(83)) - Chosen 0/5000 blocks from 0 candidate containers.
2023-04-24 08:16:13,273 [BlockDeletingService#2] INFO  interfaces.ContainerDeletionChoosingPolicyTemplate (ContainerDeletionChoosingPolicyTemplate.java:chooseContainerForBlockDeletion(83)) - Chosen 0/5000 blocks from 0 candidate containers.
2023-04-24 08:16:13,273 [BlockDeletingService#2] INFO  interfaces.ContainerDeletionChoosingPolicyTemplate (ContainerDeletionChoosingPolicyTemplate.java:chooseContainerForBlockDeletion(83)) - Chosen 0/5000 blocks from 0 candidate containers.
2023-04-24 08:16:13,315 [grpc-default-executor-1] WARN  server.GrpcLogAppender (LogUtils.java:warn(122)) - 593f1123-fce2-46ce-a0f5-50a98353a86f@group-2C65884D69A9->d7f67023-bd71-4164-8161-24a8eb75dffe-AppendLogResponseHandler: Failed appendEntries: org.apache.ratis.thirdparty.io.grpc.StatusRuntimeException: UNAVAILABLE: io exception
2023-04-24 08:16:13,315 [grpc-default-executor-3] WARN  server.GrpcLogAppender (LogUtils.java:warn(122)) - 593f1123-fce2-46ce-a0f5-50a98353a86f@group-2C65884D69A9->d7f67023-bd71-4164-8161-24a8eb75dffe-AppendLogResponseHandler: Failed appendEntries: org.apache.ratis.thirdparty.io.grpc.StatusRuntimeException: UNAVAILABLE: io exception
2023-04-24 08:16:13,316 [grpc-default-executor-1] WARN  server.GrpcLogAppender (GrpcLogAppender.java:resetClient(131)) - 593f1123-fce2-46ce-a0f5-50a98353a86f@group-2C65884D69A9->d7f67023-bd71-4164-8161-24a8eb75dffe-GrpcLogAppender: Leader has not got in touch with Follower 593f1123-fce2-46ce-a0f5-50a98353a86f@group-2C65884D69A9->d7f67023-bd71-4164-8161-24a8eb75dffe(c-1,m0,n6, attendVote=true, lastRpcSendTime=0, lastRpcResponseTime=39075) yet, just keep nextIndex unchanged and retry.
2023-04-24 08:16:13,316 [grpc-default-executor-3] WARN  server.GrpcLogAppender (GrpcLogAppender.java:resetClient(131)) - 593f1123-fce2-46ce-a0f5-50a98353a86f@group-2C65884D69A9->d7f67023-bd71-4164-8161-24a8eb75dffe-GrpcLogAppender: Leader has not got in touch with Follower 593f1123-fce2-46ce-a0f5-50a98353a86f@group-2C65884D69A9->d7f67023-bd71-4164-8161-24a8eb75dffe(c-1,m0,n6, attendVote=true, lastRpcSendTime=0, lastRpcResponseTime=39075) yet, just keep nextIndex unchanged and retry.
2023-04-24 08:16:13,325 [FixedThreadPoolWithAffinityExecutor-9-0] WARN  container.ContainerReportHandler (AbstractContainerReportHandler.java:updateContainerState(259)) - Container #1 is in OPEN state, but the datanode 444322bb-4321-4e38-998a-96758a8a198b(fv-az212-956.zlodpucb4l4udavnfxg5s20dva.cx.internal.cloudapp.net/10.1.0.80) reports an CLOSED replica.
2023-04-24 08:16:13,367 [FixedThreadPoolWithAffinityExecutor-9-0] WARN  container.ContainerReportHandler (AbstractContainerReportHandler.java:updateContainerState(259)) - Container #1 is in OPEN state, but the datanode 593f1123-fce2-46ce-a0f5-50a98353a86f(fv-az212-956.zlodpucb4l4udavnfxg5s20dva.cx.internal.cloudapp.net/10.1.0.80) reports an CLOSED replica.
2023-04-24 08:16:13,373 [BlockDeletingService#2] INFO  interfaces.ContainerDeletionChoosingPolicyTemplate (ContainerDeletionChoosingPolicyTemplate.java:chooseContainerForBlockDeletion(83)) - Chosen 0/5000 blocks from 0 candidate containers.
2023-04-24 08:16:13,373 [BlockDeletingService#2] INFO  interfaces.ContainerDeletionChoosingPolicyTemplate (ContainerDeletionChoosingPolicyTemplate.java:chooseContainerForBlockDeletion(83)) - Chosen 0/5000 blocks from 0 candidate containers.
2023-04-24 08:16:13,473 [BlockDeletingService#2] INFO  interfaces.ContainerDeletionChoosingPolicyTemplate (ContainerDeletionChoosingPolicyTemplate.java:chooseContainerForBlockDeletion(83)) - Chosen 0/5000 blocks from 0 candidate containers.
2023-04-24 08:16:13,473 [BlockDeletingService#2] INFO  interfaces.ContainerDeletionChoosingPolicyTemplate (ContainerDeletionChoosingPolicyTemplate.java:chooseContainerForBlockDeletion(83)) - Chosen 0/5000 blocks from 0 candidate containers.
2023-04-24 08:16:13,573 [BlockDeletingService#2] INFO  interfaces.ContainerDeletionChoosingPolicyTemplate (ContainerDeletionChoosingPolicyTemplate.java:chooseContainerForBlockDeletion(83)) - Chosen 0/5000 blocks from 0 candidate containers.
2023-04-24 08:16:13,574 [BlockDeletingService#2] INFO  interfaces.ContainerDeletionChoosingPolicyTemplate (ContainerDeletionChoosingPolicyTemplate.java:chooseContainerForBlockDeletion(83)) - Chosen 0/5000 blocks from 0 candidate containers.
2023-04-24 08:16:13,625 [FixedThreadPoolWithAffinityExecutor-9-0] WARN  container.ContainerReportHandler (AbstractContainerReportHandler.java:updateContainerState(259)) - Container #1 is in OPEN state, but the datanode 444322bb-4321-4e38-998a-96758a8a198b(fv-az212-956.zlodpucb4l4udavnfxg5s20dva.cx.internal.cloudapp.net/10.1.0.80) reports an CLOSED replica.
2023-04-24 08:16:13,660 [FixedThreadPoolWithAffinityExecutor-9-0] WARN  container.ContainerReportHandler (AbstractContainerReportHandler.java:updateContainerState(259)) - Container #1 is in OPEN state, but the datanode 593f1123-fce2-46ce-a0f5-50a98353a86f(fv-az212-956.zlodpucb4l4udavnfxg5s20dva.cx.internal.cloudapp.net/10.1.0.80) reports an CLOSED replica.
2023-04-24 08:16:13,674 [BlockDeletingService#2] INFO  interfaces.ContainerDeletionChoosingPolicyTemplate (ContainerDeletionChoosingPolicyTemplate.java:chooseContainerForBlockDeletion(83)) - Chosen 0/5000 blocks from 0 candidate containers.
2023-04-24 08:16:13,674 [BlockDeletingService#2] INFO  interfaces.ContainerDeletionChoosingPolicyTemplate (ContainerDeletionChoosingPolicyTemplate.java:chooseContainerForBlockDeletion(83)) - Chosen 0/5000 blocks from 0 candidate containers.
2023-04-24 08:16:13,774 [BlockDeletingService#2] INFO  interfaces.ContainerDeletionChoosingPolicyTemplate (ContainerDeletionChoosingPolicyTemplate.java:chooseContainerForBlockDeletion(83)) - Chosen 0/5000 blocks from 0 candidate containers.
2023-04-24 08:16:13,774 [BlockDeletingService#2] INFO  interfaces.ContainerDeletionChoosingPolicyTemplate (ContainerDeletionChoosingPolicyTemplate.java:chooseContainerForBlockDeletion(83)) - Chosen 0/5000 blocks from 0 candidate containers.
2023-04-24 08:16:13,825 [FixedThreadPoolWithAffinityExecutor-9-0] WARN  container.ContainerReportHandler (AbstractContainerReportHandler.java:updateContainerState(259)) - Container #1 is in OPEN state, but the datanode 444322bb-4321-4e38-998a-96758a8a198b(fv-az212-956.zlodpucb4l4udavnfxg5s20dva.cx.internal.cloudapp.net/10.1.0.80) reports an CLOSED replica.
2023-04-24 08:16:13,874 [BlockDeletingService#2] INFO  interfaces.ContainerDeletionChoosingPolicyTemplate (ContainerDeletionChoosingPolicyTemplate.java:chooseContainerForBlockDeletion(83)) - Chosen 0/5000 blocks from 0 candidate containers.
2023-04-24 08:16:13,874 [BlockDeletingService#2] INFO  interfaces.ContainerDeletionChoosingPolicyTemplate (ContainerDeletionChoosingPolicyTemplate.java:chooseContainerForBlockDeletion(83)) - Chosen 0/5000 blocks from 0 candidate containers.
2023-04-24 08:16:13,960 [FixedThreadPoolWithAffinityExecutor-9-0] WARN  container.ContainerReportHandler (AbstractContainerReportHandler.java:updateContainerState(259)) - Container #1 is in OPEN state, but the datanode 593f1123-fce2-46ce-a0f5-50a98353a86f(fv-az212-956.zlodpucb4l4udavnfxg5s20dva.cx.internal.cloudapp.net/10.1.0.80) reports an CLOSED replica.
2023-04-24 08:16:13,974 [BlockDeletingService#2] INFO  interfaces.ContainerDeletionChoosingPolicyTemplate (ContainerDeletionChoosingPolicyTemplate.java:chooseContainerForBlockDeletion(83)) - Chosen 0/5000 blocks from 0 candidate containers.
2023-04-24 08:16:13,974 [BlockDeletingService#2] INFO  interfaces.ContainerDeletionChoosingPolicyTemplate (ContainerDeletionChoosingPolicyTemplate.java:chooseContainerForBlockDeletion(83)) - Chosen 0/5000 blocks from 0 candidate containers.
2023-04-24 08:16:14,074 [BlockDeletingService#2] INFO  interfaces.ContainerDeletionChoosingPolicyTemplate (ContainerDeletionChoosingPolicyTemplate.java:chooseContainerForBlockDeletion(83)) - Chosen 0/5000 blocks from 0 candidate containers.
2023-04-24 08:16:14,075 [BlockDeletingService#2] INFO  interfaces.ContainerDeletionChoosingPolicyTemplate (ContainerDeletionChoosingPolicyTemplate.java:chooseContainerForBlockDeletion(83)) - Chosen 0/5000 blocks from 0 candidate containers.
2023-04-24 08:16:14,127 [FixedThreadPoolWithAffinityExecutor-9-0] WARN  container.ContainerReportHandler (AbstractContainerReportHandler.java:updateContainerState(259)) - Container #1 is in OPEN state, but the datanode 444322bb-4321-4e38-998a-96758a8a198b(fv-az212-956.zlodpucb4l4udavnfxg5s20dva.cx.internal.cloudapp.net/10.1.0.80) reports an CLOSED replica.
2023-04-24 08:16:14,180 [BlockDeletingService#2] INFO  interfaces.ContainerDeletionChoosingPolicyTemplate (ContainerDeletionChoosingPolicyTemplate.java:chooseContainerForBlockDeletion(83)) - Chosen 0/5000 blocks from 0 candidate containers.
2023-04-24 08:16:14,180 [BlockDeletingService#2] INFO  interfaces.ContainerDeletionChoosingPolicyTemplate (ContainerDeletionChoosingPolicyTemplate.java:chooseContainerForBlockDeletion(83)) - Chosen 0/5000 blocks from 0 candidate containers.
2023-04-24 08:16:14,260 [FixedThreadPoolWithAffinityExecutor-9-0] WARN  container.ContainerReportHandler (AbstractContainerReportHandler.java:updateContainerState(259)) - Container #1 is in OPEN state, but the datanode 593f1123-fce2-46ce-a0f5-50a98353a86f(fv-az212-956.zlodpucb4l4udavnfxg5s20dva.cx.internal.cloudapp.net/10.1.0.80) reports an CLOSED replica.
2023-04-24 08:16:14,280 [BlockDeletingService#2] INFO  interfaces.ContainerDeletionChoosingPolicyTemplate (ContainerDeletionChoosingPolicyTemplate.java:chooseContainerForBlockDeletion(83)) - Chosen 0/5000 blocks from 0 candidate containers.
2023-04-24 08:16:14,280 [BlockDeletingService#2] INFO  interfaces.ContainerDeletionChoosingPolicyTemplate (ContainerDeletionChoosingPolicyTemplate.java:chooseContainerForBlockDeletion(83)) - Chosen 0/5000 blocks from 0 candidate containers.
2023-04-24 08:16:14,380 [BlockDeletingService#2] INFO  interfaces.ContainerDeletionChoosingPolicyTemplate (ContainerDeletionChoosingPolicyTemplate.java:chooseContainerForBlockDeletion(83)) - Chosen 0/5000 blocks from 0 candidate containers.
2023-04-24 08:16:14,380 [BlockDeletingService#2] INFO  interfaces.ContainerDeletionChoosingPolicyTemplate (ContainerDeletionChoosingPolicyTemplate.java:chooseContainerForBlockDeletion(83)) - Chosen 0/5000 blocks from 0 candidate containers.
2023-04-24 08:16:14,425 [FixedThreadPoolWithAffinityExecutor-9-0] WARN  container.ContainerReportHandler (AbstractContainerReportHandler.java:updateContainerState(259)) - Container #1 is in OPEN state, but the datanode 444322bb-4321-4e38-998a-96758a8a198b(fv-az212-956.zlodpucb4l4udavnfxg5s20dva.cx.internal.cloudapp.net/10.1.0.80) reports an CLOSED replica.
2023-04-24 08:16:14,480 [BlockDeletingService#2] INFO  interfaces.ContainerDeletionChoosingPolicyTemplate (ContainerDeletionChoosingPolicyTemplate.java:chooseContainerForBlockDeletion(83)) - Chosen 0/5000 blocks from 0 candidate containers.
2023-04-24 08:16:14,480 [BlockDeletingService#2] INFO  interfaces.ContainerDeletionChoosingPolicyTemplate (ContainerDeletionChoosingPolicyTemplate.java:chooseContainerForBlockDeletion(83)) - Chosen 0/5000 blocks from 0 candidate containers.
2023-04-24 08:16:14,560 [FixedThreadPoolWithAffinityExecutor-9-0] WARN  container.ContainerReportHandler (AbstractContainerReportHandler.java:updateContainerState(259)) - Container #1 is in OPEN state, but the datanode 593f1123-fce2-46ce-a0f5-50a98353a86f(fv-az212-956.zlodpucb4l4udavnfxg5s20dva.cx.internal.cloudapp.net/10.1.0.80) reports an CLOSED replica.
2023-04-24 08:16:14,565 [grpc-default-executor-3] WARN  server.GrpcLogAppender (LogUtils.java:warn(122)) - 593f1123-fce2-46ce-a0f5-50a98353a86f@group-2C65884D69A9->d7f67023-bd71-4164-8161-24a8eb75dffe-AppendLogResponseHandler: Failed appendEntries: org.apache.ratis.thirdparty.io.grpc.StatusRuntimeException: UNAVAILABLE: io exception
2023-04-24 08:16:14,566 [grpc-default-executor-3] WARN  server.GrpcLogAppender (GrpcLogAppender.java:resetClient(131)) - 593f1123-fce2-46ce-a0f5-50a98353a86f@group-2C65884D69A9->d7f67023-bd71-4164-8161-24a8eb75dffe-GrpcLogAppender: Leader has not got in touch with Follower 593f1123-fce2-46ce-a0f5-50a98353a86f@group-2C65884D69A9->d7f67023-bd71-4164-8161-24a8eb75dffe(c-1,m0,n6, attendVote=true, lastRpcSendTime=0, lastRpcResponseTime=40325) yet, just keep nextIndex unchanged and retry.
2023-04-24 08:16:14,565 [grpc-default-executor-1] WARN  server.GrpcLogAppender (LogUtils.java:warn(122)) - 593f1123-fce2-46ce-a0f5-50a98353a86f@group-2C65884D69A9->d7f67023-bd71-4164-8161-24a8eb75dffe-AppendLogResponseHandler: Failed appendEntries: org.apache.ratis.thirdparty.io.grpc.StatusRuntimeException: UNAVAILABLE: io exception
2023-04-24 08:16:14,567 [grpc-default-executor-1] WARN  server.GrpcLogAppender (GrpcLogAppender.java:resetClient(131)) - 593f1123-fce2-46ce-a0f5-50a98353a86f@group-2C65884D69A9->d7f67023-bd71-4164-8161-24a8eb75dffe-GrpcLogAppender: Leader has not got in touch with Follower 593f1123-fce2-46ce-a0f5-50a98353a86f@group-2C65884D69A9->d7f67023-bd71-4164-8161-24a8eb75dffe(c-1,m0,n6, attendVote=true, lastRpcSendTime=1, lastRpcResponseTime=40326) yet, just keep nextIndex unchanged and retry.
2023-04-24 08:16:14,581 [BlockDeletingService#2] INFO  interfaces.ContainerDeletionChoosingPolicyTemplate (ContainerDeletionChoosingPolicyTemplate.java:chooseContainerForBlockDeletion(83)) - Chosen 0/5000 blocks from 0 candidate containers.
2023-04-24 08:16:14,581 [BlockDeletingService#2] INFO  interfaces.ContainerDeletionChoosingPolicyTemplate (ContainerDeletionChoosingPolicyTemplate.java:chooseContainerForBlockDeletion(83)) - Chosen 0/5000 blocks from 0 candidate containers.
2023-04-24 08:16:14,681 [BlockDeletingService#2] INFO  interfaces.ContainerDeletionChoosingPolicyTemplate (ContainerDeletionChoosingPolicyTemplate.java:chooseContainerForBlockDeletion(83)) - Chosen 0/5000 blocks from 0 candidate containers.
2023-04-24 08:16:14,681 [BlockDeletingService#2] INFO  interfaces.ContainerDeletionChoosingPolicyTemplate (ContainerDeletionChoosingPolicyTemplate.java:chooseContainerForBlockDeletion(83)) - Chosen 0/5000 blocks from 0 candidate containers.
2023-04-24 08:16:14,728 [FixedThreadPoolWithAffinityExecutor-9-0] WARN  container.ContainerReportHandler (AbstractContainerReportHandler.java:updateContainerState(259)) - Container #1 is in OPEN state, but the datanode 444322bb-4321-4e38-998a-96758a8a198b(fv-az212-956.zlodpucb4l4udavnfxg5s20dva.cx.internal.cloudapp.net/10.1.0.80) reports an CLOSED replica.
2023-04-24 08:16:14,781 [BlockDeletingService#2] INFO  interfaces.ContainerDeletionChoosingPolicyTemplate (ContainerDeletionChoosingPolicyTemplate.java:chooseContainerForBlockDeletion(83)) - Chosen 0/5000 blocks from 0 candidate containers.
2023-04-24 08:16:14,781 [BlockDeletingService#2] INFO  interfaces.ContainerDeletionChoosingPolicyTemplate (ContainerDeletionChoosingPolicyTemplate.java:chooseContainerForBlockDeletion(83)) - Chosen 0/5000 blocks from 0 candidate containers.
2023-04-24 08:16:14,860 [FixedThreadPoolWithAffinityExecutor-9-0] WARN  container.ContainerReportHandler (AbstractContainerReportHandler.java:updateContainerState(259)) - Container #1 is in OPEN state, but the datanode 593f1123-fce2-46ce-a0f5-50a98353a86f(fv-az212-956.zlodpucb4l4udavnfxg5s20dva.cx.internal.cloudapp.net/10.1.0.80) reports an CLOSED replica.
2023-04-24 08:16:14,881 [BlockDeletingService#2] INFO  interfaces.ContainerDeletionChoosingPolicyTemplate (ContainerDeletionChoosingPolicyTemplate.java:chooseContainerForBlockDeletion(83)) - Chosen 0/5000 blocks from 0 candidate containers.
2023-04-24 08:16:14,881 [BlockDeletingService#2] INFO  interfaces.ContainerDeletionChoosingPolicyTemplate (ContainerDeletionChoosingPolicyTemplate.java:chooseContainerForBlockDeletion(83)) - Chosen 0/5000 blocks from 0 candidate containers.
2023-04-24 08:16:14,981 [BlockDeletingService#2] INFO  interfaces.ContainerDeletionChoosingPolicyTemplate (ContainerDeletionChoosingPolicyTemplate.java:chooseContainerForBlockDeletion(83)) - Chosen 0/5000 blocks from 0 candidate containers.
2023-04-24 08:16:14,981 [BlockDeletingService#2] INFO  interfaces.ContainerDeletionChoosingPolicyTemplate (ContainerDeletionChoosingPolicyTemplate.java:chooseContainerForBlockDeletion(83)) - Chosen 0/5000 blocks from 0 candidate containers.
2023-04-24 08:16:15,028 [FixedThreadPoolWithAffinityExecutor-9-0] WARN  container.ContainerReportHandler (AbstractContainerReportHandler.java:updateContainerState(259)) - Container #1 is in OPEN state, but the datanode 444322bb-4321-4e38-998a-96758a8a198b(fv-az212-956.zlodpucb4l4udavnfxg5s20dva.cx.internal.cloudapp.net/10.1.0.80) reports an CLOSED replica.
2023-04-24 08:16:15,082 [BlockDeletingService#2] INFO  interfaces.ContainerDeletionChoosingPolicyTemplate (ContainerDeletionChoosingPolicyTemplate.java:chooseContainerForBlockDeletion(83)) - Chosen 0/5000 blocks from 0 candidate containers.
2023-04-24 08:16:15,082 [BlockDeletingService#2] INFO  interfaces.ContainerDeletionChoosingPolicyTemplate (ContainerDeletionChoosingPolicyTemplate.java:chooseContainerForBlockDeletion(83)) - Chosen 0/5000 blocks from 0 candidate containers.
2023-04-24 08:16:15,160 [FixedThreadPoolWithAffinityExecutor-9-0] WARN  container.ContainerReportHandler (AbstractContainerReportHandler.java:updateContainerState(259)) - Container #1 is in OPEN state, but the datanode 593f1123-fce2-46ce-a0f5-50a98353a86f(fv-az212-956.zlodpucb4l4udavnfxg5s20dva.cx.internal.cloudapp.net/10.1.0.80) reports an CLOSED replica.
2023-04-24 08:16:15,182 [BlockDeletingService#2] INFO  interfaces.ContainerDeletionChoosingPolicyTemplate (ContainerDeletionChoosingPolicyTemplate.java:chooseContainerForBlockDeletion(83)) - Chosen 0/5000 blocks from 0 candidate containers.
2023-04-24 08:16:15,182 [BlockDeletingService#2] INFO  interfaces.ContainerDeletionChoosingPolicyTemplate (ContainerDeletionChoosingPolicyTemplate.java:chooseContainerForBlockDeletion(83)) - Chosen 0/5000 blocks from 0 candidate containers.
2023-04-24 08:16:15,282 [BlockDeletingService#2] INFO  interfaces.ContainerDeletionChoosingPolicyTemplate (ContainerDeletionChoosingPolicyTemplate.java:chooseContainerForBlockDeletion(83)) - Chosen 0/5000 blocks from 0 candidate containers.
2023-04-24 08:16:15,282 [BlockDeletingService#2] INFO  interfaces.ContainerDeletionChoosingPolicyTemplate (ContainerDeletionChoosingPolicyTemplate.java:chooseContainerForBlockDeletion(83)) - Chosen 0/5000 blocks from 0 candidate containers.
2023-04-24 08:16:15,328 [FixedThreadPoolWithAffinityExecutor-9-0] WARN  container.ContainerReportHandler (AbstractContainerReportHandler.java:updateContainerState(259)) - Container #1 is in OPEN state, but the datanode 444322bb-4321-4e38-998a-96758a8a198b(fv-az212-956.zlodpucb4l4udavnfxg5s20dva.cx.internal.cloudapp.net/10.1.0.80) reports an CLOSED replica.
2023-04-24 08:16:15,382 [BlockDeletingService#2] INFO  interfaces.ContainerDeletionChoosingPolicyTemplate (ContainerDeletionChoosingPolicyTemplate.java:chooseContainerForBlockDeletion(83)) - Chosen 0/5000 blocks from 0 candidate containers.
2023-04-24 08:16:15,384 [BlockDeletingService#2] INFO  interfaces.ContainerDeletionChoosingPolicyTemplate (ContainerDeletionChoosingPolicyTemplate.java:chooseContainerForBlockDeletion(83)) - Chosen 0/5000 blocks from 0 candidate containers.
2023-04-24 08:16:15,460 [FixedThreadPoolWithAffinityExecutor-9-0] WARN  container.ContainerReportHandler (AbstractContainerReportHandler.java:updateContainerState(259)) - Container #1 is in OPEN state, but the datanode 593f1123-fce2-46ce-a0f5-50a98353a86f(fv-az212-956.zlodpucb4l4udavnfxg5s20dva.cx.internal.cloudapp.net/10.1.0.80) reports an CLOSED replica.
2023-04-24 08:16:15,483 [BlockDeletingService#2] INFO  interfaces.ContainerDeletionChoosingPolicyTemplate (ContainerDeletionChoosingPolicyTemplate.java:chooseContainerForBlockDeletion(83)) - Chosen 0/5000 blocks from 0 candidate containers.
2023-04-24 08:16:15,484 [BlockDeletingService#2] INFO  interfaces.ContainerDeletionChoosingPolicyTemplate (ContainerDeletionChoosingPolicyTemplate.java:chooseContainerForBlockDeletion(83)) - Chosen 0/5000 blocks from 0 candidate containers.
2023-04-24 08:16:15,583 [BlockDeletingService#2] INFO  interfaces.ContainerDeletionChoosingPolicyTemplate (ContainerDeletionChoosingPolicyTemplate.java:chooseContainerForBlockDeletion(83)) - Chosen 0/5000 blocks from 0 candidate containers.
2023-04-24 08:16:15,585 [BlockDeletingService#2] INFO  interfaces.ContainerDeletionChoosingPolicyTemplate (ContainerDeletionChoosingPolicyTemplate.java:chooseContainerForBlockDeletion(83)) - Chosen 0/5000 blocks from 0 candidate containers.
2023-04-24 08:16:15,632 [FixedThreadPoolWithAffinityExecutor-9-0] WARN  container.ContainerReportHandler (AbstractContainerReportHandler.java:updateContainerState(259)) - Container #1 is in OPEN state, but the datanode 444322bb-4321-4e38-998a-96758a8a198b(fv-az212-956.zlodpucb4l4udavnfxg5s20dva.cx.internal.cloudapp.net/10.1.0.80) reports an CLOSED replica.
2023-04-24 08:16:15,683 [BlockDeletingService#2] INFO  interfaces.ContainerDeletionChoosingPolicyTemplate (ContainerDeletionChoosingPolicyTemplate.java:chooseContainerForBlockDeletion(83)) - Chosen 0/5000 blocks from 0 candidate containers.
2023-04-24 08:16:15,685 [BlockDeletingService#2] INFO  interfaces.ContainerDeletionChoosingPolicyTemplate (ContainerDeletionChoosingPolicyTemplate.java:chooseContainerForBlockDeletion(83)) - Chosen 0/5000 blocks from 0 candidate containers.
2023-04-24 08:16:15,760 [FixedThreadPoolWithAffinityExecutor-9-0] WARN  container.ContainerReportHandler (AbstractContainerReportHandler.java:updateContainerState(259)) - Container #1 is in OPEN state, but the datanode 593f1123-fce2-46ce-a0f5-50a98353a86f(fv-az212-956.zlodpucb4l4udavnfxg5s20dva.cx.internal.cloudapp.net/10.1.0.80) reports an CLOSED replica.
2023-04-24 08:16:15,783 [BlockDeletingService#2] INFO  interfaces.ContainerDeletionChoosingPolicyTemplate (ContainerDeletionChoosingPolicyTemplate.java:chooseContainerForBlockDeletion(83)) - Chosen 0/5000 blocks from 0 candidate containers.
2023-04-24 08:16:15,785 [BlockDeletingService#2] INFO  interfaces.ContainerDeletionChoosingPolicyTemplate (ContainerDeletionChoosingPolicyTemplate.java:chooseContainerForBlockDeletion(83)) - Chosen 0/5000 blocks from 0 candidate containers.
2023-04-24 08:16:15,816 [grpc-default-executor-1] WARN  server.GrpcLogAppender (LogUtils.java:warn(122)) - 593f1123-fce2-46ce-a0f5-50a98353a86f@group-2C65884D69A9->d7f67023-bd71-4164-8161-24a8eb75dffe-AppendLogResponseHandler: Failed appendEntries: org.apache.ratis.thirdparty.io.grpc.StatusRuntimeException: UNAVAILABLE: io exception
2023-04-24 08:16:15,817 [grpc-default-executor-1] WARN  server.GrpcLogAppender (GrpcLogAppender.java:resetClient(131)) - 593f1123-fce2-46ce-a0f5-50a98353a86f@group-2C65884D69A9->d7f67023-bd71-4164-8161-24a8eb75dffe-GrpcLogAppender: Leader has not got in touch with Follower 593f1123-fce2-46ce-a0f5-50a98353a86f@group-2C65884D69A9->d7f67023-bd71-4164-8161-24a8eb75dffe(c-1,m0,n6, attendVote=true, lastRpcSendTime=0, lastRpcResponseTime=41576) yet, just keep nextIndex unchanged and retry.
2023-04-24 08:16:15,817 [grpc-default-executor-3] WARN  server.GrpcLogAppender (LogUtils.java:warn(122)) - 593f1123-fce2-46ce-a0f5-50a98353a86f@group-2C65884D69A9->d7f67023-bd71-4164-8161-24a8eb75dffe-AppendLogResponseHandler: Failed appendEntries: org.apache.ratis.thirdparty.io.grpc.StatusRuntimeException: UNAVAILABLE: io exception
2023-04-24 08:16:15,817 [grpc-default-executor-3] WARN  server.GrpcLogAppender (GrpcLogAppender.java:resetClient(131)) - 593f1123-fce2-46ce-a0f5-50a98353a86f@group-2C65884D69A9->d7f67023-bd71-4164-8161-24a8eb75dffe-GrpcLogAppender: Leader has not got in touch with Follower 593f1123-fce2-46ce-a0f5-50a98353a86f@group-2C65884D69A9->d7f67023-bd71-4164-8161-24a8eb75dffe(c-1,m0,n6, attendVote=true, lastRpcSendTime=1, lastRpcResponseTime=41576) yet, just keep nextIndex unchanged and retry.
2023-04-24 08:16:15,884 [BlockDeletingService#2] INFO  interfaces.ContainerDeletionChoosingPolicyTemplate (ContainerDeletionChoosingPolicyTemplate.java:chooseContainerForBlockDeletion(83)) - Chosen 0/5000 blocks from 0 candidate containers.
2023-04-24 08:16:15,885 [BlockDeletingService#2] INFO  interfaces.ContainerDeletionChoosingPolicyTemplate (ContainerDeletionChoosingPolicyTemplate.java:chooseContainerForBlockDeletion(83)) - Chosen 0/5000 blocks from 0 candidate containers.
2023-04-24 08:16:15,933 [FixedThreadPoolWithAffinityExecutor-9-0] WARN  container.ContainerReportHandler (AbstractContainerReportHandler.java:updateContainerState(259)) - Container #1 is in OPEN state, but the datanode 444322bb-4321-4e38-998a-96758a8a198b(fv-az212-956.zlodpucb4l4udavnfxg5s20dva.cx.internal.cloudapp.net/10.1.0.80) reports an CLOSED replica.
2023-04-24 08:16:15,984 [BlockDeletingService#2] INFO  interfaces.ContainerDeletionChoosingPolicyTemplate (ContainerDeletionChoosingPolicyTemplate.java:chooseContainerForBlockDeletion(83)) - Chosen 0/5000 blocks from 0 candidate containers.
2023-04-24 08:16:15,985 [BlockDeletingService#2] INFO  interfaces.ContainerDeletionChoosingPolicyTemplate (ContainerDeletionChoosingPolicyTemplate.java:chooseContainerForBlockDeletion(83)) - Chosen 0/5000 blocks from 0 candidate containers.
2023-04-24 08:16:16,084 [BlockDeletingService#2] INFO  interfaces.ContainerDeletionChoosingPolicyTemplate (ContainerDeletionChoosingPolicyTemplate.java:chooseContainerForBlockDeletion(83)) - Chosen 0/5000 blocks from 0 candidate containers.
2023-04-24 08:16:16,085 [BlockDeletingService#2] INFO  interfaces.ContainerDeletionChoosingPolicyTemplate (ContainerDeletionChoosingPolicyTemplate.java:chooseContainerForBlockDeletion(83)) - Chosen 0/5000 blocks from 0 candidate containers.
2023-04-24 08:16:16,160 [FixedThreadPoolWithAffinityExecutor-9-0] WARN  container.ContainerReportHandler (AbstractContainerReportHandler.java:updateContainerState(259)) - Container #1 is in OPEN state, but the datanode 593f1123-fce2-46ce-a0f5-50a98353a86f(fv-az212-956.zlodpucb4l4udavnfxg5s20dva.cx.internal.cloudapp.net/10.1.0.80) reports an CLOSED replica.
2023-04-24 08:16:16,184 [BlockDeletingService#2] INFO  interfaces.ContainerDeletionChoosingPolicyTemplate (ContainerDeletionChoosingPolicyTemplate.java:chooseContainerForBlockDeletion(83)) - Chosen 0/5000 blocks from 0 candidate containers.
2023-04-24 08:16:16,185 [BlockDeletingService#2] INFO  interfaces.ContainerDeletionChoosingPolicyTemplate (ContainerDeletionChoosingPolicyTemplate.java:chooseContainerForBlockDeletion(83)) - Chosen 0/5000 blocks from 0 candidate containers.
2023-04-24 08:16:16,235 [FixedThreadPoolWithAffinityExecutor-9-0] WARN  container.ContainerReportHandler (AbstractContainerReportHandler.java:updateContainerState(259)) - Container #1 is in OPEN state, but the datanode 444322bb-4321-4e38-998a-96758a8a198b(fv-az212-956.zlodpucb4l4udavnfxg5s20dva.cx.internal.cloudapp.net/10.1.0.80) reports an CLOSED replica.
2023-04-24 08:16:16,284 [BlockDeletingService#2] INFO  interfaces.ContainerDeletionChoosingPolicyTemplate (ContainerDeletionChoosingPolicyTemplate.java:chooseContainerForBlockDeletion(83)) - Chosen 0/5000 blocks from 0 candidate containers.
2023-04-24 08:16:16,285 [BlockDeletingService#2] INFO  interfaces.ContainerDeletionChoosingPolicyTemplate (ContainerDeletionChoosingPolicyTemplate.java:chooseContainerForBlockDeletion(83)) - Chosen 0/5000 blocks from 0 candidate containers.
2023-04-24 08:16:16,385 [BlockDeletingService#2] INFO  interfaces.ContainerDeletionChoosingPolicyTemplate (ContainerDeletionChoosingPolicyTemplate.java:chooseContainerForBlockDeletion(83)) - Chosen 0/5000 blocks from 0 candidate containers.
2023-04-24 08:16:16,385 [BlockDeletingService#2] INFO  interfaces.ContainerDeletionChoosingPolicyTemplate (ContainerDeletionChoosingPolicyTemplate.java:chooseContainerForBlockDeletion(83)) - Chosen 0/5000 blocks from 0 candidate containers.
2023-04-24 08:16:16,460 [FixedThreadPoolWithAffinityExecutor-9-0] WARN  container.ContainerReportHandler (AbstractContainerReportHandler.java:updateContainerState(259)) - Container #1 is in OPEN state, but the datanode 593f1123-fce2-46ce-a0f5-50a98353a86f(fv-az212-956.zlodpucb4l4udavnfxg5s20dva.cx.internal.cloudapp.net/10.1.0.80) reports an CLOSED replica.
2023-04-24 08:16:16,485 [BlockDeletingService#2] INFO  interfaces.ContainerDeletionChoosingPolicyTemplate (ContainerDeletionChoosingPolicyTemplate.java:chooseContainerForBlockDeletion(83)) - Chosen 0/5000 blocks from 0 candidate containers.
2023-04-24 08:16:16,485 [BlockDeletingService#2] INFO  interfaces.ContainerDeletionChoosingPolicyTemplate (ContainerDeletionChoosingPolicyTemplate.java:chooseContainerForBlockDeletion(83)) - Chosen 0/5000 blocks from 0 candidate containers.
2023-04-24 08:16:16,534 [FixedThreadPoolWithAffinityExecutor-9-0] WARN  container.ContainerReportHandler (AbstractContainerReportHandler.java:updateContainerState(259)) - Container #1 is in OPEN state, but the datanode 444322bb-4321-4e38-998a-96758a8a198b(fv-az212-956.zlodpucb4l4udavnfxg5s20dva.cx.internal.cloudapp.net/10.1.0.80) reports an CLOSED replica.
2023-04-24 08:16:16,585 [BlockDeletingService#2] INFO  interfaces.ContainerDeletionChoosingPolicyTemplate (ContainerDeletionChoosingPolicyTemplate.java:chooseContainerForBlockDeletion(83)) - Chosen 0/5000 blocks from 0 candidate containers.
2023-04-24 08:16:16,586 [BlockDeletingService#2] INFO  interfaces.ContainerDeletionChoosingPolicyTemplate (ContainerDeletionChoosingPolicyTemplate.java:chooseContainerForBlockDeletion(83)) - Chosen 0/5000 blocks from 0 candidate containers.
2023-04-24 08:16:16,685 [BlockDeletingService#2] INFO  interfaces.ContainerDeletionChoosingPolicyTemplate (ContainerDeletionChoosingPolicyTemplate.java:chooseContainerForBlockDeletion(83)) - Chosen 0/5000 blocks from 0 candidate containers.
2023-04-24 08:16:16,686 [BlockDeletingService#2] INFO  interfaces.ContainerDeletionChoosingPolicyTemplate (ContainerDeletionChoosingPolicyTemplate.java:chooseContainerForBlockDeletion(83)) - Chosen 0/5000 blocks from 0 candidate containers.
2023-04-24 08:16:16,734 [FixedThreadPoolWithAffinityExecutor-9-0] WARN  container.ContainerReportHandler (AbstractContainerReportHandler.java:updateContainerState(259)) - Container #1 is in OPEN state, but the datanode 444322bb-4321-4e38-998a-96758a8a198b(fv-az212-956.zlodpucb4l4udavnfxg5s20dva.cx.internal.cloudapp.net/10.1.0.80) reports an CLOSED replica.
2023-04-24 08:16:16,760 [FixedThreadPoolWithAffinityExecutor-9-0] WARN  container.ContainerReportHandler (AbstractContainerReportHandler.java:updateContainerState(259)) - Container #1 is in OPEN state, but the datanode 593f1123-fce2-46ce-a0f5-50a98353a86f(fv-az212-956.zlodpucb4l4udavnfxg5s20dva.cx.internal.cloudapp.net/10.1.0.80) reports an CLOSED replica.
2023-04-24 08:16:16,787 [BlockDeletingService#2] INFO  interfaces.ContainerDeletionChoosingPolicyTemplate (ContainerDeletionChoosingPolicyTemplate.java:chooseContainerForBlockDeletion(83)) - Chosen 0/5000 blocks from 0 candidate containers.
2023-04-24 08:16:16,787 [BlockDeletingService#2] INFO  interfaces.ContainerDeletionChoosingPolicyTemplate (ContainerDeletionChoosingPolicyTemplate.java:chooseContainerForBlockDeletion(83)) - Chosen 0/5000 blocks from 0 candidate containers.
2023-04-24 08:16:16,887 [BlockDeletingService#2] INFO  interfaces.ContainerDeletionChoosingPolicyTemplate (ContainerDeletionChoosingPolicyTemplate.java:chooseContainerForBlockDeletion(83)) - Chosen 0/5000 blocks from 0 candidate containers.
2023-04-24 08:16:16,888 [BlockDeletingService#2] INFO  interfaces.ContainerDeletionChoosingPolicyTemplate (ContainerDeletionChoosingPolicyTemplate.java:chooseContainerForBlockDeletion(83)) - Chosen 0/5000 blocks from 0 candidate containers.
2023-04-24 08:16:16,988 [BlockDeletingService#2] INFO  interfaces.ContainerDeletionChoosingPolicyTemplate (ContainerDeletionChoosingPolicyTemplate.java:chooseContainerForBlockDeletion(83)) - Chosen 0/5000 blocks from 0 candidate containers.
2023-04-24 08:16:16,988 [BlockDeletingService#2] INFO  interfaces.ContainerDeletionChoosingPolicyTemplate (ContainerDeletionChoosingPolicyTemplate.java:chooseContainerForBlockDeletion(83)) - Chosen 0/5000 blocks from 0 candidate containers.
2023-04-24 08:16:17,034 [FixedThreadPoolWithAffinityExecutor-9-0] WARN  container.ContainerReportHandler (AbstractContainerReportHandler.java:updateContainerState(259)) - Container #1 is in OPEN state, but the datanode 444322bb-4321-4e38-998a-96758a8a198b(fv-az212-956.zlodpucb4l4udavnfxg5s20dva.cx.internal.cloudapp.net/10.1.0.80) reports an CLOSED replica.
2023-04-24 08:16:17,060 [FixedThreadPoolWithAffinityExecutor-9-0] WARN  container.ContainerReportHandler (AbstractContainerReportHandler.java:updateContainerState(259)) - Container #1 is in OPEN state, but the datanode 593f1123-fce2-46ce-a0f5-50a98353a86f(fv-az212-956.zlodpucb4l4udavnfxg5s20dva.cx.internal.cloudapp.net/10.1.0.80) reports an CLOSED replica.
2023-04-24 08:16:17,066 [grpc-default-executor-3] WARN  server.GrpcLogAppender (LogUtils.java:warn(122)) - 593f1123-fce2-46ce-a0f5-50a98353a86f@group-2C65884D69A9->d7f67023-bd71-4164-8161-24a8eb75dffe-AppendLogResponseHandler: Failed appendEntries: org.apache.ratis.thirdparty.io.grpc.StatusRuntimeException: UNAVAILABLE: io exception
2023-04-24 08:16:17,067 [grpc-default-executor-3] WARN  server.GrpcLogAppender (GrpcLogAppender.java:resetClient(131)) - 593f1123-fce2-46ce-a0f5-50a98353a86f@group-2C65884D69A9->d7f67023-bd71-4164-8161-24a8eb75dffe-GrpcLogAppender: Leader has not got in touch with Follower 593f1123-fce2-46ce-a0f5-50a98353a86f@group-2C65884D69A9->d7f67023-bd71-4164-8161-24a8eb75dffe(c-1,m0,n6, attendVote=true, lastRpcSendTime=0, lastRpcResponseTime=42826) yet, just keep nextIndex unchanged and retry.
2023-04-24 08:16:17,067 [grpc-default-executor-1] WARN  server.GrpcLogAppender (LogUtils.java:warn(122)) - 593f1123-fce2-46ce-a0f5-50a98353a86f@group-2C65884D69A9->d7f67023-bd71-4164-8161-24a8eb75dffe-AppendLogResponseHandler: Failed appendEntries: org.apache.ratis.thirdparty.io.grpc.StatusRuntimeException: UNAVAILABLE: io exception
2023-04-24 08:16:17,067 [grpc-default-executor-1] WARN  server.GrpcLogAppender (GrpcLogAppender.java:resetClient(131)) - 593f1123-fce2-46ce-a0f5-50a98353a86f@group-2C65884D69A9->d7f67023-bd71-4164-8161-24a8eb75dffe-GrpcLogAppender: Leader has not got in touch with Follower 593f1123-fce2-46ce-a0f5-50a98353a86f@group-2C65884D69A9->d7f67023-bd71-4164-8161-24a8eb75dffe(c-1,m0,n6, attendVote=true, lastRpcSendTime=0, lastRpcResponseTime=42826) yet, just keep nextIndex unchanged and retry.
2023-04-24 08:16:17,088 [BlockDeletingService#2] INFO  interfaces.ContainerDeletionChoosingPolicyTemplate (ContainerDeletionChoosingPolicyTemplate.java:chooseContainerForBlockDeletion(83)) - Chosen 0/5000 blocks from 0 candidate containers.
2023-04-24 08:16:17,088 [BlockDeletingService#2] INFO  interfaces.ContainerDeletionChoosingPolicyTemplate (ContainerDeletionChoosingPolicyTemplate.java:chooseContainerForBlockDeletion(83)) - Chosen 0/5000 blocks from 0 candidate containers.
2023-04-24 08:16:17,188 [BlockDeletingService#2] INFO  interfaces.ContainerDeletionChoosingPolicyTemplate (ContainerDeletionChoosingPolicyTemplate.java:chooseContainerForBlockDeletion(83)) - Chosen 0/5000 blocks from 0 candidate containers.
2023-04-24 08:16:17,188 [BlockDeletingService#2] INFO  interfaces.ContainerDeletionChoosingPolicyTemplate (ContainerDeletionChoosingPolicyTemplate.java:chooseContainerForBlockDeletion(83)) - Chosen 0/5000 blocks from 0 candidate containers.
2023-04-24 08:16:17,288 [BlockDeletingService#2] INFO  interfaces.ContainerDeletionChoosingPolicyTemplate (ContainerDeletionChoosingPolicyTemplate.java:chooseContainerForBlockDeletion(83)) - Chosen 0/5000 blocks from 0 candidate containers.
2023-04-24 08:16:17,288 [BlockDeletingService#2] INFO  interfaces.ContainerDeletionChoosingPolicyTemplate (ContainerDeletionChoosingPolicyTemplate.java:chooseContainerForBlockDeletion(83)) - Chosen 0/5000 blocks from 0 candidate containers.
2023-04-24 08:16:17,334 [FixedThreadPoolWithAffinityExecutor-9-0] WARN  container.ContainerReportHandler (AbstractContainerReportHandler.java:updateContainerState(259)) - Container #1 is in OPEN state, but the datanode 444322bb-4321-4e38-998a-96758a8a198b(fv-az212-956.zlodpucb4l4udavnfxg5s20dva.cx.internal.cloudapp.net/10.1.0.80) reports an CLOSED replica.
2023-04-24 08:16:17,360 [FixedThreadPoolWithAffinityExecutor-9-0] WARN  container.ContainerReportHandler (AbstractContainerReportHandler.java:updateContainerState(259)) - Container #1 is in OPEN state, but the datanode 593f1123-fce2-46ce-a0f5-50a98353a86f(fv-az212-956.zlodpucb4l4udavnfxg5s20dva.cx.internal.cloudapp.net/10.1.0.80) reports an CLOSED replica.
2023-04-24 08:16:17,389 [BlockDeletingService#2] INFO  interfaces.ContainerDeletionChoosingPolicyTemplate (ContainerDeletionChoosingPolicyTemplate.java:chooseContainerForBlockDeletion(83)) - Chosen 0/5000 blocks from 0 candidate containers.
2023-04-24 08:16:17,389 [BlockDeletingService#2] INFO  interfaces.ContainerDeletionChoosingPolicyTemplate (ContainerDeletionChoosingPolicyTemplate.java:chooseContainerForBlockDeletion(83)) - Chosen 0/5000 blocks from 0 candidate containers.
2023-04-24 08:16:17,489 [BlockDeletingService#2] INFO  interfaces.ContainerDeletionChoosingPolicyTemplate (ContainerDeletionChoosingPolicyTemplate.java:chooseContainerForBlockDeletion(83)) - Chosen 0/5000 blocks from 0 candidate containers.
2023-04-24 08:16:17,489 [BlockDeletingService#2] INFO  interfaces.ContainerDeletionChoosingPolicyTemplate (ContainerDeletionChoosingPolicyTemplate.java:chooseContainerForBlockDeletion(83)) - Chosen 0/5000 blocks from 0 candidate containers.
2023-04-24 08:16:17,589 [BlockDeletingService#2] INFO  interfaces.ContainerDeletionChoosingPolicyTemplate (ContainerDeletionChoosingPolicyTemplate.java:chooseContainerForBlockDeletion(83)) - Chosen 0/5000 blocks from 0 candidate containers.
2023-04-24 08:16:17,589 [BlockDeletingService#2] INFO  interfaces.ContainerDeletionChoosingPolicyTemplate (ContainerDeletionChoosingPolicyTemplate.java:chooseContainerForBlockDeletion(83)) - Chosen 0/5000 blocks from 0 candidate containers.
2023-04-24 08:16:17,634 [FixedThreadPoolWithAffinityExecutor-9-0] WARN  container.ContainerReportHandler (AbstractContainerReportHandler.java:updateContainerState(259)) - Container #1 is in OPEN state, but the datanode 444322bb-4321-4e38-998a-96758a8a198b(fv-az212-956.zlodpucb4l4udavnfxg5s20dva.cx.internal.cloudapp.net/10.1.0.80) reports an CLOSED replica.
2023-04-24 08:16:17,660 [FixedThreadPoolWithAffinityExecutor-9-0] WARN  container.ContainerReportHandler (AbstractContainerReportHandler.java:updateContainerState(259)) - Container #1 is in OPEN state, but the datanode 593f1123-fce2-46ce-a0f5-50a98353a86f(fv-az212-956.zlodpucb4l4udavnfxg5s20dva.cx.internal.cloudapp.net/10.1.0.80) reports an CLOSED replica.
2023-04-24 08:16:17,689 [BlockDeletingService#2] INFO  interfaces.ContainerDeletionChoosingPolicyTemplate (ContainerDeletionChoosingPolicyTemplate.java:chooseContainerForBlockDeletion(83)) - Chosen 0/5000 blocks from 0 candidate containers.
2023-04-24 08:16:17,689 [BlockDeletingService#2] INFO  interfaces.ContainerDeletionChoosingPolicyTemplate (ContainerDeletionChoosingPolicyTemplate.java:chooseContainerForBlockDeletion(83)) - Chosen 0/5000 blocks from 0 candidate containers.
2023-04-24 08:16:17,789 [BlockDeletingService#2] INFO  interfaces.ContainerDeletionChoosingPolicyTemplate (ContainerDeletionChoosingPolicyTemplate.java:chooseContainerForBlockDeletion(83)) - Chosen 0/5000 blocks from 0 candidate containers.
2023-04-24 08:16:17,790 [BlockDeletingService#2] INFO  interfaces.ContainerDeletionChoosingPolicyTemplate (ContainerDeletionChoosingPolicyTemplate.java:chooseContainerForBlockDeletion(83)) - Chosen 0/5000 blocks from 0 candidate containers.
2023-04-24 08:16:17,890 [BlockDeletingService#2] INFO  interfaces.ContainerDeletionChoosingPolicyTemplate (ContainerDeletionChoosingPolicyTemplate.java:chooseContainerForBlockDeletion(83)) - Chosen 0/5000 blocks from 0 candidate containers.
2023-04-24 08:16:17,890 [BlockDeletingService#2] INFO  interfaces.ContainerDeletionChoosingPolicyTemplate (ContainerDeletionChoosingPolicyTemplate.java:chooseContainerForBlockDeletion(83)) - Chosen 0/5000 blocks from 0 candidate containers.
2023-04-24 08:16:17,936 [FixedThreadPoolWithAffinityExecutor-9-0] WARN  container.ContainerReportHandler (AbstractContainerReportHandler.java:updateContainerState(259)) - Container #1 is in OPEN state, but the datanode 444322bb-4321-4e38-998a-96758a8a198b(fv-az212-956.zlodpucb4l4udavnfxg5s20dva.cx.internal.cloudapp.net/10.1.0.80) reports an CLOSED replica.
2023-04-24 08:16:17,961 [FixedThreadPoolWithAffinityExecutor-9-0] WARN  container.ContainerReportHandler (AbstractContainerReportHandler.java:updateContainerState(259)) - Container #1 is in OPEN state, but the datanode 593f1123-fce2-46ce-a0f5-50a98353a86f(fv-az212-956.zlodpucb4l4udavnfxg5s20dva.cx.internal.cloudapp.net/10.1.0.80) reports an CLOSED replica.
2023-04-24 08:16:17,990 [BlockDeletingService#2] INFO  interfaces.ContainerDeletionChoosingPolicyTemplate (ContainerDeletionChoosingPolicyTemplate.java:chooseContainerForBlockDeletion(83)) - Chosen 0/5000 blocks from 0 candidate containers.
2023-04-24 08:16:17,990 [BlockDeletingService#2] INFO  interfaces.ContainerDeletionChoosingPolicyTemplate (ContainerDeletionChoosingPolicyTemplate.java:chooseContainerForBlockDeletion(83)) - Chosen 0/5000 blocks from 0 candidate containers.
2023-04-24 08:16:18,090 [BlockDeletingService#2] INFO  interfaces.ContainerDeletionChoosingPolicyTemplate (ContainerDeletionChoosingPolicyTemplate.java:chooseContainerForBlockDeletion(83)) - Chosen 0/5000 blocks from 0 candidate containers.
2023-04-24 08:16:18,090 [BlockDeletingService#2] INFO  interfaces.ContainerDeletionChoosingPolicyTemplate (ContainerDeletionChoosingPolicyTemplate.java:chooseContainerForBlockDeletion(83)) - Chosen 0/5000 blocks from 0 candidate containers.
2023-04-24 08:16:18,190 [BlockDeletingService#2] INFO  interfaces.ContainerDeletionChoosingPolicyTemplate (ContainerDeletionChoosingPolicyTemplate.java:chooseContainerForBlockDeletion(83)) - Chosen 0/5000 blocks from 0 candidate containers.
2023-04-24 08:16:18,191 [BlockDeletingService#2] INFO  interfaces.ContainerDeletionChoosingPolicyTemplate (ContainerDeletionChoosingPolicyTemplate.java:chooseContainerForBlockDeletion(83)) - Chosen 0/5000 blocks from 0 candidate containers.
2023-04-24 08:16:18,238 [FixedThreadPoolWithAffinityExecutor-9-0] WARN  container.ContainerReportHandler (AbstractContainerReportHandler.java:updateContainerState(259)) - Container #1 is in OPEN state, but the datanode 444322bb-4321-4e38-998a-96758a8a198b(fv-az212-956.zlodpucb4l4udavnfxg5s20dva.cx.internal.cloudapp.net/10.1.0.80) reports an CLOSED replica.
2023-04-24 08:16:18,260 [FixedThreadPoolWithAffinityExecutor-9-0] WARN  container.ContainerReportHandler (AbstractContainerReportHandler.java:updateContainerState(259)) - Container #1 is in OPEN state, but the datanode 593f1123-fce2-46ce-a0f5-50a98353a86f(fv-az212-956.zlodpucb4l4udavnfxg5s20dva.cx.internal.cloudapp.net/10.1.0.80) reports an CLOSED replica.
2023-04-24 08:16:18,291 [BlockDeletingService#2] INFO  interfaces.ContainerDeletionChoosingPolicyTemplate (ContainerDeletionChoosingPolicyTemplate.java:chooseContainerForBlockDeletion(83)) - Chosen 0/5000 blocks from 0 candidate containers.
2023-04-24 08:16:18,291 [BlockDeletingService#2] INFO  interfaces.ContainerDeletionChoosingPolicyTemplate (ContainerDeletionChoosingPolicyTemplate.java:chooseContainerForBlockDeletion(83)) - Chosen 0/5000 blocks from 0 candidate containers.
2023-04-24 08:16:18,316 [grpc-default-executor-1] WARN  server.GrpcLogAppender (LogUtils.java:warn(122)) - 593f1123-fce2-46ce-a0f5-50a98353a86f@group-2C65884D69A9->d7f67023-bd71-4164-8161-24a8eb75dffe-AppendLogResponseHandler: Failed appendEntries: org.apache.ratis.thirdparty.io.grpc.StatusRuntimeException: UNAVAILABLE: io exception
2023-04-24 08:16:18,316 [grpc-default-executor-3] WARN  server.GrpcLogAppender (LogUtils.java:warn(122)) - 593f1123-fce2-46ce-a0f5-50a98353a86f@group-2C65884D69A9->d7f67023-bd71-4164-8161-24a8eb75dffe-AppendLogResponseHandler: Failed appendEntries: org.apache.ratis.thirdparty.io.grpc.StatusRuntimeException: UNAVAILABLE: io exception
2023-04-24 08:16:18,317 [grpc-default-executor-1] WARN  server.GrpcLogAppender (GrpcLogAppender.java:resetClient(131)) - 593f1123-fce2-46ce-a0f5-50a98353a86f@group-2C65884D69A9->d7f67023-bd71-4164-8161-24a8eb75dffe-GrpcLogAppender: Leader has not got in touch with Follower 593f1123-fce2-46ce-a0f5-50a98353a86f@group-2C65884D69A9->d7f67023-bd71-4164-8161-24a8eb75dffe(c-1,m0,n6, attendVote=true, lastRpcSendTime=0, lastRpcResponseTime=44076) yet, just keep nextIndex unchanged and retry.
2023-04-24 08:16:18,318 [grpc-default-executor-3] WARN  server.GrpcLogAppender (GrpcLogAppender.java:resetClient(131)) - 593f1123-fce2-46ce-a0f5-50a98353a86f@group-2C65884D69A9->d7f67023-bd71-4164-8161-24a8eb75dffe-GrpcLogAppender: Leader has not got in touch with Follower 593f1123-fce2-46ce-a0f5-50a98353a86f@group-2C65884D69A9->d7f67023-bd71-4164-8161-24a8eb75dffe(c-1,m0,n6, attendVote=true, lastRpcSendTime=1, lastRpcResponseTime=44077) yet, just keep nextIndex unchanged and retry.
2023-04-24 08:16:18,391 [BlockDeletingService#2] INFO  interfaces.ContainerDeletionChoosingPolicyTemplate (ContainerDeletionChoosingPolicyTemplate.java:chooseContainerForBlockDeletion(83)) - Chosen 0/5000 blocks from 0 candidate containers.
2023-04-24 08:16:18,391 [BlockDeletingService#2] INFO  interfaces.ContainerDeletionChoosingPolicyTemplate (ContainerDeletionChoosingPolicyTemplate.java:chooseContainerForBlockDeletion(83)) - Chosen 0/5000 blocks from 0 candidate containers.
2023-04-24 08:16:18,491 [BlockDeletingService#2] INFO  interfaces.ContainerDeletionChoosingPolicyTemplate (ContainerDeletionChoosingPolicyTemplate.java:chooseContainerForBlockDeletion(83)) - Chosen 0/5000 blocks from 0 candidate containers.
2023-04-24 08:16:18,491 [BlockDeletingService#2] INFO  interfaces.ContainerDeletionChoosingPolicyTemplate (ContainerDeletionChoosingPolicyTemplate.java:chooseContainerForBlockDeletion(83)) - Chosen 0/5000 blocks from 0 candidate containers.
2023-04-24 08:16:18,537 [FixedThreadPoolWithAffinityExecutor-9-0] WARN  container.ContainerReportHandler (AbstractContainerReportHandler.java:updateContainerState(259)) - Container #1 is in OPEN state, but the datanode 444322bb-4321-4e38-998a-96758a8a198b(fv-az212-956.zlodpucb4l4udavnfxg5s20dva.cx.internal.cloudapp.net/10.1.0.80) reports an CLOSED replica.
2023-04-24 08:16:18,561 [FixedThreadPoolWithAffinityExecutor-9-0] WARN  container.ContainerReportHandler (AbstractContainerReportHandler.java:updateContainerState(259)) - Container #1 is in OPEN state, but the datanode 593f1123-fce2-46ce-a0f5-50a98353a86f(fv-az212-956.zlodpucb4l4udavnfxg5s20dva.cx.internal.cloudapp.net/10.1.0.80) reports an CLOSED replica.
2023-04-24 08:16:18,591 [BlockDeletingService#2] INFO  interfaces.ContainerDeletionChoosingPolicyTemplate (ContainerDeletionChoosingPolicyTemplate.java:chooseContainerForBlockDeletion(83)) - Chosen 0/5000 blocks from 0 candidate containers.
2023-04-24 08:16:18,591 [BlockDeletingService#2] INFO  interfaces.ContainerDeletionChoosingPolicyTemplate (ContainerDeletionChoosingPolicyTemplate.java:chooseContainerForBlockDeletion(83)) - Chosen 0/5000 blocks from 0 candidate containers.
2023-04-24 08:16:18,691 [BlockDeletingService#2] INFO  interfaces.ContainerDeletionChoosingPolicyTemplate (ContainerDeletionChoosingPolicyTemplate.java:chooseContainerForBlockDeletion(83)) - Chosen 0/5000 blocks from 0 candidate containers.
2023-04-24 08:16:18,692 [BlockDeletingService#2] INFO  interfaces.ContainerDeletionChoosingPolicyTemplate (ContainerDeletionChoosingPolicyTemplate.java:chooseContainerForBlockDeletion(83)) - Chosen 0/5000 blocks from 0 candidate containers.
2023-04-24 08:16:18,792 [BlockDeletingService#2] INFO  interfaces.ContainerDeletionChoosingPolicyTemplate (ContainerDeletionChoosingPolicyTemplate.java:chooseContainerForBlockDeletion(83)) - Chosen 0/5000 blocks from 0 candidate containers.
2023-04-24 08:16:18,792 [BlockDeletingService#2] INFO  interfaces.ContainerDeletionChoosingPolicyTemplate (ContainerDeletionChoosingPolicyTemplate.java:chooseContainerForBlockDeletion(83)) - Chosen 0/5000 blocks from 0 candidate containers.
2023-04-24 08:16:18,838 [FixedThreadPoolWithAffinityExecutor-9-0] WARN  container.ContainerReportHandler (AbstractContainerReportHandler.java:updateContainerState(259)) - Container #1 is in OPEN state, but the datanode 444322bb-4321-4e38-998a-96758a8a198b(fv-az212-956.zlodpucb4l4udavnfxg5s20dva.cx.internal.cloudapp.net/10.1.0.80) reports an CLOSED replica.
2023-04-24 08:16:18,892 [BlockDeletingService#2] INFO  interfaces.ContainerDeletionChoosingPolicyTemplate (ContainerDeletionChoosingPolicyTemplate.java:chooseContainerForBlockDeletion(83)) - Chosen 0/5000 blocks from 0 candidate containers.
2023-04-24 08:16:18,892 [BlockDeletingService#2] INFO  interfaces.ContainerDeletionChoosingPolicyTemplate (ContainerDeletionChoosingPolicyTemplate.java:chooseContainerForBlockDeletion(83)) - Chosen 0/5000 blocks from 0 candidate containers.
2023-04-24 08:16:18,960 [FixedThreadPoolWithAffinityExecutor-9-0] WARN  container.ContainerReportHandler (AbstractContainerReportHandler.java:updateContainerState(259)) - Container #1 is in OPEN state, but the datanode 593f1123-fce2-46ce-a0f5-50a98353a86f(fv-az212-956.zlodpucb4l4udavnfxg5s20dva.cx.internal.cloudapp.net/10.1.0.80) reports an CLOSED replica.
2023-04-24 08:16:18,992 [BlockDeletingService#2] INFO  interfaces.ContainerDeletionChoosingPolicyTemplate (ContainerDeletionChoosingPolicyTemplate.java:chooseContainerForBlockDeletion(83)) - Chosen 0/5000 blocks from 0 candidate containers.
2023-04-24 08:16:18,992 [BlockDeletingService#2] INFO  interfaces.ContainerDeletionChoosingPolicyTemplate (ContainerDeletionChoosingPolicyTemplate.java:chooseContainerForBlockDeletion(83)) - Chosen 0/5000 blocks from 0 candidate containers.
2023-04-24 08:16:19,092 [BlockDeletingService#2] INFO  interfaces.ContainerDeletionChoosingPolicyTemplate (ContainerDeletionChoosingPolicyTemplate.java:chooseContainerForBlockDeletion(83)) - Chosen 0/5000 blocks from 0 candidate containers.
2023-04-24 08:16:19,093 [BlockDeletingService#2] INFO  interfaces.ContainerDeletionChoosingPolicyTemplate (ContainerDeletionChoosingPolicyTemplate.java:chooseContainerForBlockDeletion(83)) - Chosen 0/5000 blocks from 0 candidate containers.
2023-04-24 08:16:19,139 [FixedThreadPoolWithAffinityExecutor-9-0] WARN  container.ContainerReportHandler (AbstractContainerReportHandler.java:updateContainerState(259)) - Container #1 is in OPEN state, but the datanode 444322bb-4321-4e38-998a-96758a8a198b(fv-az212-956.zlodpucb4l4udavnfxg5s20dva.cx.internal.cloudapp.net/10.1.0.80) reports an CLOSED replica.
2023-04-24 08:16:19,193 [BlockDeletingService#2] INFO  interfaces.ContainerDeletionChoosingPolicyTemplate (ContainerDeletionChoosingPolicyTemplate.java:chooseContainerForBlockDeletion(83)) - Chosen 0/5000 blocks from 0 candidate containers.
2023-04-24 08:16:19,193 [BlockDeletingService#2] INFO  interfaces.ContainerDeletionChoosingPolicyTemplate (ContainerDeletionChoosingPolicyTemplate.java:chooseContainerForBlockDeletion(83)) - Chosen 0/5000 blocks from 0 candidate containers.
2023-04-24 08:16:19,260 [FixedThreadPoolWithAffinityExecutor-9-0] WARN  container.ContainerReportHandler (AbstractContainerReportHandler.java:updateContainerState(259)) - Container #1 is in OPEN state, but the datanode 593f1123-fce2-46ce-a0f5-50a98353a86f(fv-az212-956.zlodpucb4l4udavnfxg5s20dva.cx.internal.cloudapp.net/10.1.0.80) reports an CLOSED replica.
2023-04-24 08:16:19,293 [BlockDeletingService#2] INFO  interfaces.ContainerDeletionChoosingPolicyTemplate (ContainerDeletionChoosingPolicyTemplate.java:chooseContainerForBlockDeletion(83)) - Chosen 0/5000 blocks from 0 candidate containers.
2023-04-24 08:16:19,293 [BlockDeletingService#2] INFO  interfaces.ContainerDeletionChoosingPolicyTemplate (ContainerDeletionChoosingPolicyTemplate.java:chooseContainerForBlockDeletion(83)) - Chosen 0/5000 blocks from 0 candidate containers.
2023-04-24 08:16:19,393 [BlockDeletingService#2] INFO  interfaces.ContainerDeletionChoosingPolicyTemplate (ContainerDeletionChoosingPolicyTemplate.java:chooseContainerForBlockDeletion(83)) - Chosen 0/5000 blocks from 0 candidate containers.
2023-04-24 08:16:19,393 [BlockDeletingService#2] INFO  interfaces.ContainerDeletionChoosingPolicyTemplate (ContainerDeletionChoosingPolicyTemplate.java:chooseContainerForBlockDeletion(83)) - Chosen 0/5000 blocks from 0 candidate containers.
2023-04-24 08:16:19,440 [FixedThreadPoolWithAffinityExecutor-9-0] WARN  container.ContainerReportHandler (AbstractContainerReportHandler.java:updateContainerState(259)) - Container #1 is in OPEN state, but the datanode 444322bb-4321-4e38-998a-96758a8a198b(fv-az212-956.zlodpucb4l4udavnfxg5s20dva.cx.internal.cloudapp.net/10.1.0.80) reports an CLOSED replica.
2023-04-24 08:16:19,493 [BlockDeletingService#2] INFO  interfaces.ContainerDeletionChoosingPolicyTemplate (ContainerDeletionChoosingPolicyTemplate.java:chooseContainerForBlockDeletion(83)) - Chosen 0/5000 blocks from 0 candidate containers.
2023-04-24 08:16:19,493 [BlockDeletingService#2] INFO  interfaces.ContainerDeletionChoosingPolicyTemplate (ContainerDeletionChoosingPolicyTemplate.java:chooseContainerForBlockDeletion(83)) - Chosen 0/5000 blocks from 0 candidate containers.
2023-04-24 08:16:19,560 [FixedThreadPoolWithAffinityExecutor-9-0] WARN  container.ContainerReportHandler (AbstractContainerReportHandler.java:updateContainerState(259)) - Container #1 is in OPEN state, but the datanode 593f1123-fce2-46ce-a0f5-50a98353a86f(fv-az212-956.zlodpucb4l4udavnfxg5s20dva.cx.internal.cloudapp.net/10.1.0.80) reports an CLOSED replica.
2023-04-24 08:16:19,567 [grpc-default-executor-3] WARN  server.GrpcLogAppender (LogUtils.java:warn(122)) - 593f1123-fce2-46ce-a0f5-50a98353a86f@group-2C65884D69A9->d7f67023-bd71-4164-8161-24a8eb75dffe-AppendLogResponseHandler: Failed appendEntries: org.apache.ratis.thirdparty.io.grpc.StatusRuntimeException: UNAVAILABLE: io exception
2023-04-24 08:16:19,567 [grpc-default-executor-1] WARN  server.GrpcLogAppender (LogUtils.java:warn(122)) - 593f1123-fce2-46ce-a0f5-50a98353a86f@group-2C65884D69A9->d7f67023-bd71-4164-8161-24a8eb75dffe-AppendLogResponseHandler: Failed appendEntries: org.apache.ratis.thirdparty.io.grpc.StatusRuntimeException: UNAVAILABLE: io exception
2023-04-24 08:16:19,568 [grpc-default-executor-3] WARN  server.GrpcLogAppender (GrpcLogAppender.java:resetClient(131)) - 593f1123-fce2-46ce-a0f5-50a98353a86f@group-2C65884D69A9->d7f67023-bd71-4164-8161-24a8eb75dffe-GrpcLogAppender: Leader has not got in touch with Follower 593f1123-fce2-46ce-a0f5-50a98353a86f@group-2C65884D69A9->d7f67023-bd71-4164-8161-24a8eb75dffe(c-1,m0,n6, attendVote=true, lastRpcSendTime=0, lastRpcResponseTime=45327) yet, just keep nextIndex unchanged and retry.
2023-04-24 08:16:19,569 [grpc-default-executor-1] WARN  server.GrpcLogAppender (GrpcLogAppender.java:resetClient(131)) - 593f1123-fce2-46ce-a0f5-50a98353a86f@group-2C65884D69A9->d7f67023-bd71-4164-8161-24a8eb75dffe-GrpcLogAppender: Leader has not got in touch with Follower 593f1123-fce2-46ce-a0f5-50a98353a86f@group-2C65884D69A9->d7f67023-bd71-4164-8161-24a8eb75dffe(c-1,m0,n6, attendVote=true, lastRpcSendTime=1, lastRpcResponseTime=45328) yet, just keep nextIndex unchanged and retry.
2023-04-24 08:16:19,594 [BlockDeletingService#2] INFO  interfaces.ContainerDeletionChoosingPolicyTemplate (ContainerDeletionChoosingPolicyTemplate.java:chooseContainerForBlockDeletion(83)) - Chosen 0/5000 blocks from 0 candidate containers.
2023-04-24 08:16:19,594 [BlockDeletingService#2] INFO  interfaces.ContainerDeletionChoosingPolicyTemplate (ContainerDeletionChoosingPolicyTemplate.java:chooseContainerForBlockDeletion(83)) - Chosen 0/5000 blocks from 0 candidate containers.
2023-04-24 08:16:19,640 [FixedThreadPoolWithAffinityExecutor-9-0] WARN  container.ContainerReportHandler (AbstractContainerReportHandler.java:updateContainerState(259)) - Container #1 is in OPEN state, but the datanode 444322bb-4321-4e38-998a-96758a8a198b(fv-az212-956.zlodpucb4l4udavnfxg5s20dva.cx.internal.cloudapp.net/10.1.0.80) reports an CLOSED replica.
2023-04-24 08:16:19,694 [BlockDeletingService#2] INFO  interfaces.ContainerDeletionChoosingPolicyTemplate (ContainerDeletionChoosingPolicyTemplate.java:chooseContainerForBlockDeletion(83)) - Chosen 0/5000 blocks from 0 candidate containers.
2023-04-24 08:16:19,694 [BlockDeletingService#2] INFO  interfaces.ContainerDeletionChoosingPolicyTemplate (ContainerDeletionChoosingPolicyTemplate.java:chooseContainerForBlockDeletion(83)) - Chosen 0/5000 blocks from 0 candidate containers.
2023-04-24 08:16:19,794 [BlockDeletingService#2] INFO  interfaces.ContainerDeletionChoosingPolicyTemplate (ContainerDeletionChoosingPolicyTemplate.java:chooseContainerForBlockDeletion(83)) - Chosen 0/5000 blocks from 0 candidate containers.
2023-04-24 08:16:19,794 [BlockDeletingService#2] INFO  interfaces.ContainerDeletionChoosingPolicyTemplate (ContainerDeletionChoosingPolicyTemplate.java:chooseContainerForBlockDeletion(83)) - Chosen 0/5000 blocks from 0 candidate containers.
2023-04-24 08:16:19,864 [FixedThreadPoolWithAffinityExecutor-9-0] WARN  container.ContainerReportHandler (AbstractContainerReportHandler.java:updateContainerState(259)) - Container #1 is in OPEN state, but the datanode 593f1123-fce2-46ce-a0f5-50a98353a86f(fv-az212-956.zlodpucb4l4udavnfxg5s20dva.cx.internal.cloudapp.net/10.1.0.80) reports an CLOSED replica.
2023-04-24 08:16:19,894 [BlockDeletingService#2] INFO  interfaces.ContainerDeletionChoosingPolicyTemplate (ContainerDeletionChoosingPolicyTemplate.java:chooseContainerForBlockDeletion(83)) - Chosen 0/5000 blocks from 0 candidate containers.
2023-04-24 08:16:19,894 [BlockDeletingService#2] INFO  interfaces.ContainerDeletionChoosingPolicyTemplate (ContainerDeletionChoosingPolicyTemplate.java:chooseContainerForBlockDeletion(83)) - Chosen 0/5000 blocks from 0 candidate containers.
2023-04-24 08:16:19,941 [FixedThreadPoolWithAffinityExecutor-9-0] WARN  container.ContainerReportHandler (AbstractContainerReportHandler.java:updateContainerState(259)) - Container #1 is in OPEN state, but the datanode 444322bb-4321-4e38-998a-96758a8a198b(fv-az212-956.zlodpucb4l4udavnfxg5s20dva.cx.internal.cloudapp.net/10.1.0.80) reports an CLOSED replica.
2023-04-24 08:16:19,994 [BlockDeletingService#2] INFO  interfaces.ContainerDeletionChoosingPolicyTemplate (ContainerDeletionChoosingPolicyTemplate.java:chooseContainerForBlockDeletion(83)) - Chosen 0/5000 blocks from 0 candidate containers.
2023-04-24 08:16:19,995 [BlockDeletingService#2] INFO  interfaces.ContainerDeletionChoosingPolicyTemplate (ContainerDeletionChoosingPolicyTemplate.java:chooseContainerForBlockDeletion(83)) - Chosen 0/5000 blocks from 0 candidate containers.
2023-04-24 08:16:20,095 [BlockDeletingService#2] INFO  interfaces.ContainerDeletionChoosingPolicyTemplate (ContainerDeletionChoosingPolicyTemplate.java:chooseContainerForBlockDeletion(83)) - Chosen 0/5000 blocks from 0 candidate containers.
2023-04-24 08:16:20,095 [BlockDeletingService#2] INFO  interfaces.ContainerDeletionChoosingPolicyTemplate (ContainerDeletionChoosingPolicyTemplate.java:chooseContainerForBlockDeletion(83)) - Chosen 0/5000 blocks from 0 candidate containers.
2023-04-24 08:16:20,165 [FixedThreadPoolWithAffinityExecutor-9-0] WARN  container.ContainerReportHandler (AbstractContainerReportHandler.java:updateContainerState(259)) - Container #1 is in OPEN state, but the datanode 593f1123-fce2-46ce-a0f5-50a98353a86f(fv-az212-956.zlodpucb4l4udavnfxg5s20dva.cx.internal.cloudapp.net/10.1.0.80) reports an CLOSED replica.
2023-04-24 08:16:20,195 [BlockDeletingService#2] INFO  interfaces.ContainerDeletionChoosingPolicyTemplate (ContainerDeletionChoosingPolicyTemplate.java:chooseContainerForBlockDeletion(83)) - Chosen 0/5000 blocks from 0 candidate containers.
2023-04-24 08:16:20,195 [BlockDeletingService#2] INFO  interfaces.ContainerDeletionChoosingPolicyTemplate (ContainerDeletionChoosingPolicyTemplate.java:chooseContainerForBlockDeletion(83)) - Chosen 0/5000 blocks from 0 candidate containers.
2023-04-24 08:16:20,240 [FixedThreadPoolWithAffinityExecutor-9-0] WARN  container.ContainerReportHandler (AbstractContainerReportHandler.java:updateContainerState(259)) - Container #1 is in OPEN state, but the datanode 444322bb-4321-4e38-998a-96758a8a198b(fv-az212-956.zlodpucb4l4udavnfxg5s20dva.cx.internal.cloudapp.net/10.1.0.80) reports an CLOSED replica.
2023-04-24 08:16:20,295 [BlockDeletingService#2] INFO  interfaces.ContainerDeletionChoosingPolicyTemplate (ContainerDeletionChoosingPolicyTemplate.java:chooseContainerForBlockDeletion(83)) - Chosen 0/5000 blocks from 0 candidate containers.
2023-04-24 08:16:20,295 [BlockDeletingService#2] INFO  interfaces.ContainerDeletionChoosingPolicyTemplate (ContainerDeletionChoosingPolicyTemplate.java:chooseContainerForBlockDeletion(83)) - Chosen 0/5000 blocks from 0 candidate containers.
2023-04-24 08:16:20,395 [BlockDeletingService#2] INFO  interfaces.ContainerDeletionChoosingPolicyTemplate (ContainerDeletionChoosingPolicyTemplate.java:chooseContainerForBlockDeletion(83)) - Chosen 0/5000 blocks from 0 candidate containers.
2023-04-24 08:16:20,396 [BlockDeletingService#2] INFO  interfaces.ContainerDeletionChoosingPolicyTemplate (ContainerDeletionChoosingPolicyTemplate.java:chooseContainerForBlockDeletion(83)) - Chosen 0/5000 blocks from 0 candidate containers.
2023-04-24 08:16:20,465 [FixedThreadPoolWithAffinityExecutor-9-0] WARN  container.ContainerReportHandler (AbstractContainerReportHandler.java:updateContainerState(259)) - Container #1 is in OPEN state, but the datanode 593f1123-fce2-46ce-a0f5-50a98353a86f(fv-az212-956.zlodpucb4l4udavnfxg5s20dva.cx.internal.cloudapp.net/10.1.0.80) reports an CLOSED replica.
2023-04-24 08:16:20,496 [BlockDeletingService#2] INFO  interfaces.ContainerDeletionChoosingPolicyTemplate (ContainerDeletionChoosingPolicyTemplate.java:chooseContainerForBlockDeletion(83)) - Chosen 0/5000 blocks from 0 candidate containers.
2023-04-24 08:16:20,496 [BlockDeletingService#2] INFO  interfaces.ContainerDeletionChoosingPolicyTemplate (ContainerDeletionChoosingPolicyTemplate.java:chooseContainerForBlockDeletion(83)) - Chosen 0/5000 blocks from 0 candidate containers.
2023-04-24 08:16:20,540 [FixedThreadPoolWithAffinityExecutor-9-0] WARN  container.ContainerReportHandler (AbstractContainerReportHandler.java:updateContainerState(259)) - Container #1 is in OPEN state, but the datanode 444322bb-4321-4e38-998a-96758a8a198b(fv-az212-956.zlodpucb4l4udavnfxg5s20dva.cx.internal.cloudapp.net/10.1.0.80) reports an CLOSED replica.
2023-04-24 08:16:20,596 [BlockDeletingService#2] INFO  interfaces.ContainerDeletionChoosingPolicyTemplate (ContainerDeletionChoosingPolicyTemplate.java:chooseContainerForBlockDeletion(83)) - Chosen 0/5000 blocks from 0 candidate containers.
2023-04-24 08:16:20,598 [BlockDeletingService#2] INFO  interfaces.ContainerDeletionChoosingPolicyTemplate (ContainerDeletionChoosingPolicyTemplate.java:chooseContainerForBlockDeletion(83)) - Chosen 0/5000 blocks from 0 candidate containers.
2023-04-24 08:16:20,696 [BlockDeletingService#2] INFO  interfaces.ContainerDeletionChoosingPolicyTemplate (ContainerDeletionChoosingPolicyTemplate.java:chooseContainerForBlockDeletion(83)) - Chosen 0/5000 blocks from 0 candidate containers.
2023-04-24 08:16:20,698 [BlockDeletingService#2] INFO  interfaces.ContainerDeletionChoosingPolicyTemplate (ContainerDeletionChoosingPolicyTemplate.java:chooseContainerForBlockDeletion(83)) - Chosen 0/5000 blocks from 0 candidate containers.
2023-04-24 08:16:20,765 [FixedThreadPoolWithAffinityExecutor-9-0] WARN  container.ContainerReportHandler (AbstractContainerReportHandler.java:updateContainerState(259)) - Container #1 is in OPEN state, but the datanode 593f1123-fce2-46ce-a0f5-50a98353a86f(fv-az212-956.zlodpucb4l4udavnfxg5s20dva.cx.internal.cloudapp.net/10.1.0.80) reports an CLOSED replica.
2023-04-24 08:16:20,796 [BlockDeletingService#2] INFO  interfaces.ContainerDeletionChoosingPolicyTemplate (ContainerDeletionChoosingPolicyTemplate.java:chooseContainerForBlockDeletion(83)) - Chosen 0/5000 blocks from 0 candidate containers.
2023-04-24 08:16:20,798 [BlockDeletingService#2] INFO  interfaces.ContainerDeletionChoosingPolicyTemplate (ContainerDeletionChoosingPolicyTemplate.java:chooseContainerForBlockDeletion(83)) - Chosen 0/5000 blocks from 0 candidate containers.
2023-04-24 08:16:20,817 [grpc-default-executor-1] WARN  server.GrpcLogAppender (LogUtils.java:warn(122)) - 593f1123-fce2-46ce-a0f5-50a98353a86f@group-2C65884D69A9->d7f67023-bd71-4164-8161-24a8eb75dffe-AppendLogResponseHandler: Failed appendEntries: org.apache.ratis.thirdparty.io.grpc.StatusRuntimeException: UNAVAILABLE: io exception
2023-04-24 08:16:20,818 [grpc-default-executor-1] WARN  server.GrpcLogAppender (GrpcLogAppender.java:resetClient(131)) - 593f1123-fce2-46ce-a0f5-50a98353a86f@group-2C65884D69A9->d7f67023-bd71-4164-8161-24a8eb75dffe-GrpcLogAppender: Leader has not got in touch with Follower 593f1123-fce2-46ce-a0f5-50a98353a86f@group-2C65884D69A9->d7f67023-bd71-4164-8161-24a8eb75dffe(c-1,m0,n6, attendVote=true, lastRpcSendTime=0, lastRpcResponseTime=46577) yet, just keep nextIndex unchanged and retry.
2023-04-24 08:16:20,817 [grpc-default-executor-3] WARN  server.GrpcLogAppender (LogUtils.java:warn(122)) - 593f1123-fce2-46ce-a0f5-50a98353a86f@group-2C65884D69A9->d7f67023-bd71-4164-8161-24a8eb75dffe-AppendLogResponseHandler: Failed appendEntries: org.apache.ratis.thirdparty.io.grpc.StatusRuntimeException: UNAVAILABLE: io exception
2023-04-24 08:16:20,819 [grpc-default-executor-3] WARN  server.GrpcLogAppender (GrpcLogAppender.java:resetClient(131)) - 593f1123-fce2-46ce-a0f5-50a98353a86f@group-2C65884D69A9->d7f67023-bd71-4164-8161-24a8eb75dffe-GrpcLogAppender: Leader has not got in touch with Follower 593f1123-fce2-46ce-a0f5-50a98353a86f@group-2C65884D69A9->d7f67023-bd71-4164-8161-24a8eb75dffe(c-1,m0,n6, attendVote=true, lastRpcSendTime=1, lastRpcResponseTime=46578) yet, just keep nextIndex unchanged and retry.
2023-04-24 08:16:20,840 [FixedThreadPoolWithAffinityExecutor-9-0] WARN  container.ContainerReportHandler (AbstractContainerReportHandler.java:updateContainerState(259)) - Container #1 is in OPEN state, but the datanode 444322bb-4321-4e38-998a-96758a8a198b(fv-az212-956.zlodpucb4l4udavnfxg5s20dva.cx.internal.cloudapp.net/10.1.0.80) reports an CLOSED replica.
2023-04-24 08:16:20,897 [BlockDeletingService#2] INFO  interfaces.ContainerDeletionChoosingPolicyTemplate (ContainerDeletionChoosingPolicyTemplate.java:chooseContainerForBlockDeletion(83)) - Chosen 0/5000 blocks from 0 candidate containers.
2023-04-24 08:16:20,898 [BlockDeletingService#2] INFO  interfaces.ContainerDeletionChoosingPolicyTemplate (ContainerDeletionChoosingPolicyTemplate.java:chooseContainerForBlockDeletion(83)) - Chosen 0/5000 blocks from 0 candidate containers.
2023-04-24 08:16:20,997 [BlockDeletingService#2] INFO  interfaces.ContainerDeletionChoosingPolicyTemplate (ContainerDeletionChoosingPolicyTemplate.java:chooseContainerForBlockDeletion(83)) - Chosen 0/5000 blocks from 0 candidate containers.
2023-04-24 08:16:20,998 [BlockDeletingService#2] INFO  interfaces.ContainerDeletionChoosingPolicyTemplate (ContainerDeletionChoosingPolicyTemplate.java:chooseContainerForBlockDeletion(83)) - Chosen 0/5000 blocks from 0 candidate containers.
2023-04-24 08:16:21,065 [FixedThreadPoolWithAffinityExecutor-9-0] WARN  container.ContainerReportHandler (AbstractContainerReportHandler.java:updateContainerState(259)) - Container #1 is in OPEN state, but the datanode 593f1123-fce2-46ce-a0f5-50a98353a86f(fv-az212-956.zlodpucb4l4udavnfxg5s20dva.cx.internal.cloudapp.net/10.1.0.80) reports an CLOSED replica.
2023-04-24 08:16:21,097 [BlockDeletingService#2] INFO  interfaces.ContainerDeletionChoosingPolicyTemplate (ContainerDeletionChoosingPolicyTemplate.java:chooseContainerForBlockDeletion(83)) - Chosen 0/5000 blocks from 0 candidate containers.
2023-04-24 08:16:21,099 [BlockDeletingService#2] INFO  interfaces.ContainerDeletionChoosingPolicyTemplate (ContainerDeletionChoosingPolicyTemplate.java:chooseContainerForBlockDeletion(83)) - Chosen 0/5000 blocks from 0 candidate containers.
2023-04-24 08:16:21,142 [FixedThreadPoolWithAffinityExecutor-9-0] WARN  container.ContainerReportHandler (AbstractContainerReportHandler.java:updateContainerState(259)) - Container #1 is in OPEN state, but the datanode 444322bb-4321-4e38-998a-96758a8a198b(fv-az212-956.zlodpucb4l4udavnfxg5s20dva.cx.internal.cloudapp.net/10.1.0.80) reports an CLOSED replica.
2023-04-24 08:16:21,197 [BlockDeletingService#2] INFO  interfaces.ContainerDeletionChoosingPolicyTemplate (ContainerDeletionChoosingPolicyTemplate.java:chooseContainerForBlockDeletion(83)) - Chosen 0/5000 blocks from 0 candidate containers.
2023-04-24 08:16:21,199 [BlockDeletingService#2] INFO  interfaces.ContainerDeletionChoosingPolicyTemplate (ContainerDeletionChoosingPolicyTemplate.java:chooseContainerForBlockDeletion(83)) - Chosen 0/5000 blocks from 0 candidate containers.
2023-04-24 08:16:21,297 [BlockDeletingService#2] INFO  interfaces.ContainerDeletionChoosingPolicyTemplate (ContainerDeletionChoosingPolicyTemplate.java:chooseContainerForBlockDeletion(83)) - Chosen 0/5000 blocks from 0 candidate containers.
2023-04-24 08:16:21,299 [BlockDeletingService#2] INFO  interfaces.ContainerDeletionChoosingPolicyTemplate (ContainerDeletionChoosingPolicyTemplate.java:chooseContainerForBlockDeletion(83)) - Chosen 0/5000 blocks from 0 candidate containers.
2023-04-24 08:16:21,365 [FixedThreadPoolWithAffinityExecutor-9-0] WARN  container.ContainerReportHandler (AbstractContainerReportHandler.java:updateContainerState(259)) - Container #1 is in OPEN state, but the datanode 593f1123-fce2-46ce-a0f5-50a98353a86f(fv-az212-956.zlodpucb4l4udavnfxg5s20dva.cx.internal.cloudapp.net/10.1.0.80) reports an CLOSED replica.
2023-04-24 08:16:21,398 [BlockDeletingService#2] INFO  interfaces.ContainerDeletionChoosingPolicyTemplate (ContainerDeletionChoosingPolicyTemplate.java:chooseContainerForBlockDeletion(83)) - Chosen 0/5000 blocks from 0 candidate containers.
2023-04-24 08:16:21,399 [BlockDeletingService#2] INFO  interfaces.ContainerDeletionChoosingPolicyTemplate (ContainerDeletionChoosingPolicyTemplate.java:chooseContainerForBlockDeletion(83)) - Chosen 0/5000 blocks from 0 candidate containers.
2023-04-24 08:16:21,442 [FixedThreadPoolWithAffinityExecutor-9-0] WARN  container.ContainerReportHandler (AbstractContainerReportHandler.java:updateContainerState(259)) - Container #1 is in OPEN state, but the datanode 444322bb-4321-4e38-998a-96758a8a198b(fv-az212-956.zlodpucb4l4udavnfxg5s20dva.cx.internal.cloudapp.net/10.1.0.80) reports an CLOSED replica.
2023-04-24 08:16:21,498 [BlockDeletingService#2] INFO  interfaces.ContainerDeletionChoosingPolicyTemplate (ContainerDeletionChoosingPolicyTemplate.java:chooseContainerForBlockDeletion(83)) - Chosen 0/5000 blocks from 0 candidate containers.
2023-04-24 08:16:21,499 [BlockDeletingService#2] INFO  interfaces.ContainerDeletionChoosingPolicyTemplate (ContainerDeletionChoosingPolicyTemplate.java:chooseContainerForBlockDeletion(83)) - Chosen 0/5000 blocks from 0 candidate containers.
2023-04-24 08:16:21,598 [BlockDeletingService#2] INFO  interfaces.ContainerDeletionChoosingPolicyTemplate (ContainerDeletionChoosingPolicyTemplate.java:chooseContainerForBlockDeletion(83)) - Chosen 0/5000 blocks from 0 candidate containers.
2023-04-24 08:16:21,599 [BlockDeletingService#2] INFO  interfaces.ContainerDeletionChoosingPolicyTemplate (ContainerDeletionChoosingPolicyTemplate.java:chooseContainerForBlockDeletion(83)) - Chosen 0/5000 blocks from 0 candidate containers.
2023-04-24 08:16:21,665 [FixedThreadPoolWithAffinityExecutor-9-0] WARN  container.ContainerReportHandler (AbstractContainerReportHandler.java:updateContainerState(259)) - Container #1 is in OPEN state, but the datanode 593f1123-fce2-46ce-a0f5-50a98353a86f(fv-az212-956.zlodpucb4l4udavnfxg5s20dva.cx.internal.cloudapp.net/10.1.0.80) reports an CLOSED replica.
2023-04-24 08:16:21,698 [BlockDeletingService#2] INFO  interfaces.ContainerDeletionChoosingPolicyTemplate (ContainerDeletionChoosingPolicyTemplate.java:chooseContainerForBlockDeletion(83)) - Chosen 0/5000 blocks from 0 candidate containers.
2023-04-24 08:16:21,699 [BlockDeletingService#2] INFO  interfaces.ContainerDeletionChoosingPolicyTemplate (ContainerDeletionChoosingPolicyTemplate.java:chooseContainerForBlockDeletion(83)) - Chosen 0/5000 blocks from 0 candidate containers.
2023-04-24 08:16:21,743 [FixedThreadPoolWithAffinityExecutor-9-0] WARN  container.ContainerReportHandler (AbstractContainerReportHandler.java:updateContainerState(259)) - Container #1 is in OPEN state, but the datanode 444322bb-4321-4e38-998a-96758a8a198b(fv-az212-956.zlodpucb4l4udavnfxg5s20dva.cx.internal.cloudapp.net/10.1.0.80) reports an CLOSED replica.
2023-04-24 08:16:21,798 [BlockDeletingService#2] INFO  interfaces.ContainerDeletionChoosingPolicyTemplate (ContainerDeletionChoosingPolicyTemplate.java:chooseContainerForBlockDeletion(83)) - Chosen 0/5000 blocks from 0 candidate containers.
2023-04-24 08:16:21,799 [BlockDeletingService#2] INFO  interfaces.ContainerDeletionChoosingPolicyTemplate (ContainerDeletionChoosingPolicyTemplate.java:chooseContainerForBlockDeletion(83)) - Chosen 0/5000 blocks from 0 candidate containers.
2023-04-24 08:16:21,899 [BlockDeletingService#2] INFO  interfaces.ContainerDeletionChoosingPolicyTemplate (ContainerDeletionChoosingPolicyTemplate.java:chooseContainerForBlockDeletion(83)) - Chosen 0/5000 blocks from 0 candidate containers.
2023-04-24 08:16:21,900 [BlockDeletingService#2] INFO  interfaces.ContainerDeletionChoosingPolicyTemplate (ContainerDeletionChoosingPolicyTemplate.java:chooseContainerForBlockDeletion(83)) - Chosen 0/5000 blocks from 0 candidate containers.
2023-04-24 08:16:21,999 [BlockDeletingService#2] INFO  interfaces.ContainerDeletionChoosingPolicyTemplate (ContainerDeletionChoosingPolicyTemplate.java:chooseContainerForBlockDeletion(83)) - Chosen 0/5000 blocks from 0 candidate containers.
2023-04-24 08:16:22,000 [BlockDeletingService#2] INFO  interfaces.ContainerDeletionChoosingPolicyTemplate (ContainerDeletionChoosingPolicyTemplate.java:chooseContainerForBlockDeletion(83)) - Chosen 0/5000 blocks from 0 candidate containers.
2023-04-24 08:16:22,044 [FixedThreadPoolWithAffinityExecutor-9-0] WARN  container.ContainerReportHandler (AbstractContainerReportHandler.java:updateContainerState(259)) - Container #1 is in OPEN state, but the datanode 444322bb-4321-4e38-998a-96758a8a198b(fv-az212-956.zlodpucb4l4udavnfxg5s20dva.cx.internal.cloudapp.net/10.1.0.80) reports an CLOSED replica.
2023-04-24 08:16:22,068 [FixedThreadPoolWithAffinityExecutor-9-0] WARN  container.ContainerReportHandler (AbstractContainerReportHandler.java:updateContainerState(259)) - Container #1 is in OPEN state, but the datanode 593f1123-fce2-46ce-a0f5-50a98353a86f(fv-az212-956.zlodpucb4l4udavnfxg5s20dva.cx.internal.cloudapp.net/10.1.0.80) reports an CLOSED replica.
2023-04-24 08:16:22,068 [grpc-default-executor-3] WARN  server.GrpcLogAppender (LogUtils.java:warn(122)) - 593f1123-fce2-46ce-a0f5-50a98353a86f@group-2C65884D69A9->d7f67023-bd71-4164-8161-24a8eb75dffe-AppendLogResponseHandler: Failed appendEntries: org.apache.ratis.thirdparty.io.grpc.StatusRuntimeException: UNAVAILABLE: io exception
2023-04-24 08:16:22,069 [grpc-default-executor-3] WARN  server.GrpcLogAppender (GrpcLogAppender.java:resetClient(131)) - 593f1123-fce2-46ce-a0f5-50a98353a86f@group-2C65884D69A9->d7f67023-bd71-4164-8161-24a8eb75dffe-GrpcLogAppender: Leader has not got in touch with Follower 593f1123-fce2-46ce-a0f5-50a98353a86f@group-2C65884D69A9->d7f67023-bd71-4164-8161-24a8eb75dffe(c-1,m0,n6, attendVote=true, lastRpcSendTime=0, lastRpcResponseTime=47828) yet, just keep nextIndex unchanged and retry.
2023-04-24 08:16:22,069 [grpc-default-executor-1] WARN  server.GrpcLogAppender (LogUtils.java:warn(122)) - 593f1123-fce2-46ce-a0f5-50a98353a86f@group-2C65884D69A9->d7f67023-bd71-4164-8161-24a8eb75dffe-AppendLogResponseHandler: Failed appendEntries: org.apache.ratis.thirdparty.io.grpc.StatusRuntimeException: UNAVAILABLE: io exception
2023-04-24 08:16:22,069 [grpc-default-executor-1] WARN  server.GrpcLogAppender (GrpcLogAppender.java:resetClient(131)) - 593f1123-fce2-46ce-a0f5-50a98353a86f@group-2C65884D69A9->d7f67023-bd71-4164-8161-24a8eb75dffe-GrpcLogAppender: Leader has not got in touch with Follower 593f1123-fce2-46ce-a0f5-50a98353a86f@group-2C65884D69A9->d7f67023-bd71-4164-8161-24a8eb75dffe(c-1,m0,n6, attendVote=true, lastRpcSendTime=0, lastRpcResponseTime=47828) yet, just keep nextIndex unchanged and retry.
2023-04-24 08:16:22,099 [BlockDeletingService#2] INFO  interfaces.ContainerDeletionChoosingPolicyTemplate (ContainerDeletionChoosingPolicyTemplate.java:chooseContainerForBlockDeletion(83)) - Chosen 0/5000 blocks from 0 candidate containers.
2023-04-24 08:16:22,100 [BlockDeletingService#2] INFO  interfaces.ContainerDeletionChoosingPolicyTemplate (ContainerDeletionChoosingPolicyTemplate.java:chooseContainerForBlockDeletion(83)) - Chosen 0/5000 blocks from 0 candidate containers.
2023-04-24 08:16:22,199 [BlockDeletingService#2] INFO  interfaces.ContainerDeletionChoosingPolicyTemplate (ContainerDeletionChoosingPolicyTemplate.java:chooseContainerForBlockDeletion(83)) - Chosen 0/5000 blocks from 0 candidate containers.
2023-04-24 08:16:22,200 [BlockDeletingService#2] INFO  interfaces.ContainerDeletionChoosingPolicyTemplate (ContainerDeletionChoosingPolicyTemplate.java:chooseContainerForBlockDeletion(83)) - Chosen 0/5000 blocks from 0 candidate containers.
2023-04-24 08:16:22,299 [BlockDeletingService#2] INFO  interfaces.ContainerDeletionChoosingPolicyTemplate (ContainerDeletionChoosingPolicyTemplate.java:chooseContainerForBlockDeletion(83)) - Chosen 0/5000 blocks from 0 candidate containers.
2023-04-24 08:16:22,300 [BlockDeletingService#2] INFO  interfaces.ContainerDeletionChoosingPolicyTemplate (ContainerDeletionChoosingPolicyTemplate.java:chooseContainerForBlockDeletion(83)) - Chosen 0/5000 blocks from 0 candidate containers.
2023-04-24 08:16:22,344 [FixedThreadPoolWithAffinityExecutor-9-0] WARN  container.ContainerReportHandler (AbstractContainerReportHandler.java:updateContainerState(259)) - Container #1 is in OPEN state, but the datanode 444322bb-4321-4e38-998a-96758a8a198b(fv-az212-956.zlodpucb4l4udavnfxg5s20dva.cx.internal.cloudapp.net/10.1.0.80) reports an CLOSED replica.
2023-04-24 08:16:22,368 [FixedThreadPoolWithAffinityExecutor-9-0] WARN  container.ContainerReportHandler (AbstractContainerReportHandler.java:updateContainerState(259)) - Container #1 is in OPEN state, but the datanode 593f1123-fce2-46ce-a0f5-50a98353a86f(fv-az212-956.zlodpucb4l4udavnfxg5s20dva.cx.internal.cloudapp.net/10.1.0.80) reports an CLOSED replica.
2023-04-24 08:16:22,400 [BlockDeletingService#2] INFO  interfaces.ContainerDeletionChoosingPolicyTemplate (ContainerDeletionChoosingPolicyTemplate.java:chooseContainerForBlockDeletion(83)) - Chosen 0/5000 blocks from 0 candidate containers.
2023-04-24 08:16:22,400 [BlockDeletingService#2] INFO  interfaces.ContainerDeletionChoosingPolicyTemplate (ContainerDeletionChoosingPolicyTemplate.java:chooseContainerForBlockDeletion(83)) - Chosen 0/5000 blocks from 0 candidate containers.
2023-04-24 08:16:22,500 [BlockDeletingService#2] INFO  interfaces.ContainerDeletionChoosingPolicyTemplate (ContainerDeletionChoosingPolicyTemplate.java:chooseContainerForBlockDeletion(83)) - Chosen 0/5000 blocks from 0 candidate containers.
2023-04-24 08:16:22,500 [BlockDeletingService#2] INFO  interfaces.ContainerDeletionChoosingPolicyTemplate (ContainerDeletionChoosingPolicyTemplate.java:chooseContainerForBlockDeletion(83)) - Chosen 0/5000 blocks from 0 candidate containers.
2023-04-24 08:16:22,600 [BlockDeletingService#2] INFO  interfaces.ContainerDeletionChoosingPolicyTemplate (ContainerDeletionChoosingPolicyTemplate.java:chooseContainerForBlockDeletion(83)) - Chosen 0/5000 blocks from 0 candidate containers.
2023-04-24 08:16:22,600 [BlockDeletingService#2] INFO  interfaces.ContainerDeletionChoosingPolicyTemplate (ContainerDeletionChoosingPolicyTemplate.java:chooseContainerForBlockDeletion(83)) - Chosen 0/5000 blocks from 0 candidate containers.
2023-04-24 08:16:22,642 [FixedThreadPoolWithAffinityExecutor-9-0] WARN  container.ContainerReportHandler (AbstractContainerReportHandler.java:updateContainerState(259)) - Container #1 is in OPEN state, but the datanode 444322bb-4321-4e38-998a-96758a8a198b(fv-az212-956.zlodpucb4l4udavnfxg5s20dva.cx.internal.cloudapp.net/10.1.0.80) reports an CLOSED replica.
2023-04-24 08:16:22,668 [FixedThreadPoolWithAffinityExecutor-9-0] WARN  container.ContainerReportHandler (AbstractContainerReportHandler.java:updateContainerState(259)) - Container #1 is in OPEN state, but the datanode 593f1123-fce2-46ce-a0f5-50a98353a86f(fv-az212-956.zlodpucb4l4udavnfxg5s20dva.cx.internal.cloudapp.net/10.1.0.80) reports an CLOSED replica.
2023-04-24 08:16:22,700 [BlockDeletingService#2] INFO  interfaces.ContainerDeletionChoosingPolicyTemplate (ContainerDeletionChoosingPolicyTemplate.java:chooseContainerForBlockDeletion(83)) - Chosen 0/5000 blocks from 0 candidate containers.
2023-04-24 08:16:22,700 [BlockDeletingService#2] INFO  interfaces.ContainerDeletionChoosingPolicyTemplate (ContainerDeletionChoosingPolicyTemplate.java:chooseContainerForBlockDeletion(83)) - Chosen 0/5000 blocks from 0 candidate containers.
2023-04-24 08:16:22,800 [BlockDeletingService#2] INFO  interfaces.ContainerDeletionChoosingPolicyTemplate (ContainerDeletionChoosingPolicyTemplate.java:chooseContainerForBlockDeletion(83)) - Chosen 0/5000 blocks from 0 candidate containers.
2023-04-24 08:16:22,801 [BlockDeletingService#2] INFO  interfaces.ContainerDeletionChoosingPolicyTemplate (ContainerDeletionChoosingPolicyTemplate.java:chooseContainerForBlockDeletion(83)) - Chosen 0/5000 blocks from 0 candidate containers.
2023-04-24 08:16:22,842 [FixedThreadPoolWithAffinityExecutor-9-0] WARN  container.ContainerReportHandler (AbstractContainerReportHandler.java:updateContainerState(259)) - Container #1 is in OPEN state, but the datanode 444322bb-4321-4e38-998a-96758a8a198b(fv-az212-956.zlodpucb4l4udavnfxg5s20dva.cx.internal.cloudapp.net/10.1.0.80) reports an CLOSED replica.
2023-04-24 08:16:22,901 [BlockDeletingService#2] INFO  interfaces.ContainerDeletionChoosingPolicyTemplate (ContainerDeletionChoosingPolicyTemplate.java:chooseContainerForBlockDeletion(83)) - Chosen 0/5000 blocks from 0 candidate containers.
2023-04-24 08:16:22,901 [BlockDeletingService#2] INFO  interfaces.ContainerDeletionChoosingPolicyTemplate (ContainerDeletionChoosingPolicyTemplate.java:chooseContainerForBlockDeletion(83)) - Chosen 0/5000 blocks from 0 candidate containers.
2023-04-24 08:16:22,974 [FixedThreadPoolWithAffinityExecutor-9-0] WARN  container.ContainerReportHandler (AbstractContainerReportHandler.java:updateContainerState(259)) - Container #1 is in OPEN state, but the datanode 593f1123-fce2-46ce-a0f5-50a98353a86f(fv-az212-956.zlodpucb4l4udavnfxg5s20dva.cx.internal.cloudapp.net/10.1.0.80) reports an CLOSED replica.
2023-04-24 08:16:23,001 [BlockDeletingService#2] INFO  interfaces.ContainerDeletionChoosingPolicyTemplate (ContainerDeletionChoosingPolicyTemplate.java:chooseContainerForBlockDeletion(83)) - Chosen 0/5000 blocks from 0 candidate containers.
2023-04-24 08:16:23,001 [BlockDeletingService#2] INFO  interfaces.ContainerDeletionChoosingPolicyTemplate (ContainerDeletionChoosingPolicyTemplate.java:chooseContainerForBlockDeletion(83)) - Chosen 0/5000 blocks from 0 candidate containers.
2023-04-24 08:16:23,101 [BlockDeletingService#2] INFO  interfaces.ContainerDeletionChoosingPolicyTemplate (ContainerDeletionChoosingPolicyTemplate.java:chooseContainerForBlockDeletion(83)) - Chosen 0/5000 blocks from 0 candidate containers.
2023-04-24 08:16:23,101 [BlockDeletingService#2] INFO  interfaces.ContainerDeletionChoosingPolicyTemplate (ContainerDeletionChoosingPolicyTemplate.java:chooseContainerForBlockDeletion(83)) - Chosen 0/5000 blocks from 0 candidate containers.
2023-04-24 08:16:23,143 [FixedThreadPoolWithAffinityExecutor-9-0] WARN  container.ContainerReportHandler (AbstractContainerReportHandler.java:updateContainerState(259)) - Container #1 is in OPEN state, but the datanode 444322bb-4321-4e38-998a-96758a8a198b(fv-az212-956.zlodpucb4l4udavnfxg5s20dva.cx.internal.cloudapp.net/10.1.0.80) reports an CLOSED replica.
2023-04-24 08:16:23,201 [BlockDeletingService#2] INFO  interfaces.ContainerDeletionChoosingPolicyTemplate (ContainerDeletionChoosingPolicyTemplate.java:chooseContainerForBlockDeletion(83)) - Chosen 0/5000 blocks from 0 candidate containers.
2023-04-24 08:16:23,202 [BlockDeletingService#2] INFO  interfaces.ContainerDeletionChoosingPolicyTemplate (ContainerDeletionChoosingPolicyTemplate.java:chooseContainerForBlockDeletion(83)) - Chosen 0/5000 blocks from 0 candidate containers.
2023-04-24 08:16:23,274 [FixedThreadPoolWithAffinityExecutor-9-0] WARN  container.ContainerReportHandler (AbstractContainerReportHandler.java:updateContainerState(259)) - Container #1 is in OPEN state, but the datanode 593f1123-fce2-46ce-a0f5-50a98353a86f(fv-az212-956.zlodpucb4l4udavnfxg5s20dva.cx.internal.cloudapp.net/10.1.0.80) reports an CLOSED replica.
2023-04-24 08:16:23,302 [BlockDeletingService#2] INFO  interfaces.ContainerDeletionChoosingPolicyTemplate (ContainerDeletionChoosingPolicyTemplate.java:chooseContainerForBlockDeletion(83)) - Chosen 0/5000 blocks from 0 candidate containers.
2023-04-24 08:16:23,302 [BlockDeletingService#2] INFO  interfaces.ContainerDeletionChoosingPolicyTemplate (ContainerDeletionChoosingPolicyTemplate.java:chooseContainerForBlockDeletion(83)) - Chosen 0/5000 blocks from 0 candidate containers.
2023-04-24 08:16:23,319 [grpc-default-executor-1] WARN  server.GrpcLogAppender (LogUtils.java:warn(122)) - 593f1123-fce2-46ce-a0f5-50a98353a86f@group-2C65884D69A9->d7f67023-bd71-4164-8161-24a8eb75dffe-AppendLogResponseHandler: Failed appendEntries: org.apache.ratis.thirdparty.io.grpc.StatusRuntimeException: UNAVAILABLE: io exception
2023-04-24 08:16:23,319 [grpc-default-executor-3] WARN  server.GrpcLogAppender (LogUtils.java:warn(122)) - 593f1123-fce2-46ce-a0f5-50a98353a86f@group-2C65884D69A9->d7f67023-bd71-4164-8161-24a8eb75dffe-AppendLogResponseHandler: Failed appendEntries: org.apache.ratis.thirdparty.io.grpc.StatusRuntimeException: UNAVAILABLE: io exception
2023-04-24 08:16:23,319 [grpc-default-executor-1] WARN  server.GrpcLogAppender (GrpcLogAppender.java:resetClient(131)) - 593f1123-fce2-46ce-a0f5-50a98353a86f@group-2C65884D69A9->d7f67023-bd71-4164-8161-24a8eb75dffe-GrpcLogAppender: Leader has not got in touch with Follower 593f1123-fce2-46ce-a0f5-50a98353a86f@group-2C65884D69A9->d7f67023-bd71-4164-8161-24a8eb75dffe(c-1,m0,n6, attendVote=true, lastRpcSendTime=1251, lastRpcResponseTime=49079) yet, just keep nextIndex unchanged and retry.
2023-04-24 08:16:23,320 [grpc-default-executor-3] WARN  server.GrpcLogAppender (GrpcLogAppender.java:resetClient(131)) - 593f1123-fce2-46ce-a0f5-50a98353a86f@group-2C65884D69A9->d7f67023-bd71-4164-8161-24a8eb75dffe-GrpcLogAppender: Leader has not got in touch with Follower 593f1123-fce2-46ce-a0f5-50a98353a86f@group-2C65884D69A9->d7f67023-bd71-4164-8161-24a8eb75dffe(c-1,m0,n6, attendVote=true, lastRpcSendTime=1252, lastRpcResponseTime=49079) yet, just keep nextIndex unchanged and retry.
2023-04-24 08:16:23,322 [grpc-default-executor-3] WARN  server.GrpcLogAppender (LogUtils.java:warn(122)) - 593f1123-fce2-46ce-a0f5-50a98353a86f@group-2C65884D69A9->d7f67023-bd71-4164-8161-24a8eb75dffe-AppendLogResponseHandler: Failed appendEntries: org.apache.ratis.thirdparty.io.grpc.StatusRuntimeException: UNAVAILABLE: io exception
2023-04-24 08:16:23,322 [grpc-default-executor-1] WARN  server.GrpcLogAppender (LogUtils.java:warn(122)) - 593f1123-fce2-46ce-a0f5-50a98353a86f@group-2C65884D69A9->d7f67023-bd71-4164-8161-24a8eb75dffe-AppendLogResponseHandler: Failed appendEntries: org.apache.ratis.thirdparty.io.grpc.StatusRuntimeException: UNAVAILABLE: io exception
2023-04-24 08:16:23,322 [grpc-default-executor-3] WARN  server.GrpcLogAppender (GrpcLogAppender.java:resetClient(131)) - 593f1123-fce2-46ce-a0f5-50a98353a86f@group-2C65884D69A9->d7f67023-bd71-4164-8161-24a8eb75dffe-GrpcLogAppender: Leader has not got in touch with Follower 593f1123-fce2-46ce-a0f5-50a98353a86f@group-2C65884D69A9->d7f67023-bd71-4164-8161-24a8eb75dffe(c-1,m0,n6, attendVote=true, lastRpcSendTime=0, lastRpcResponseTime=49081) yet, just keep nextIndex unchanged and retry.
2023-04-24 08:16:23,322 [grpc-default-executor-1] WARN  server.GrpcLogAppender (GrpcLogAppender.java:resetClient(131)) - 593f1123-fce2-46ce-a0f5-50a98353a86f@group-2C65884D69A9->d7f67023-bd71-4164-8161-24a8eb75dffe-GrpcLogAppender: Leader has not got in touch with Follower 593f1123-fce2-46ce-a0f5-50a98353a86f@group-2C65884D69A9->d7f67023-bd71-4164-8161-24a8eb75dffe(c-1,m0,n6, attendVote=true, lastRpcSendTime=0, lastRpcResponseTime=49082) yet, just keep nextIndex unchanged and retry.
2023-04-24 08:16:23,402 [BlockDeletingService#2] INFO  interfaces.ContainerDeletionChoosingPolicyTemplate (ContainerDeletionChoosingPolicyTemplate.java:chooseContainerForBlockDeletion(83)) - Chosen 0/5000 blocks from 0 candidate containers.
2023-04-24 08:16:23,402 [BlockDeletingService#2] INFO  interfaces.ContainerDeletionChoosingPolicyTemplate (ContainerDeletionChoosingPolicyTemplate.java:chooseContainerForBlockDeletion(83)) - Chosen 0/5000 blocks from 0 candidate containers.
2023-04-24 08:16:23,442 [FixedThreadPoolWithAffinityExecutor-9-0] WARN  container.ContainerReportHandler (AbstractContainerReportHandler.java:updateContainerState(259)) - Container #1 is in OPEN state, but the datanode 444322bb-4321-4e38-998a-96758a8a198b(fv-az212-956.zlodpucb4l4udavnfxg5s20dva.cx.internal.cloudapp.net/10.1.0.80) reports an CLOSED replica.
2023-04-24 08:16:23,502 [BlockDeletingService#2] INFO  interfaces.ContainerDeletionChoosingPolicyTemplate (ContainerDeletionChoosingPolicyTemplate.java:chooseContainerForBlockDeletion(83)) - Chosen 0/5000 blocks from 0 candidate containers.
2023-04-24 08:16:23,502 [BlockDeletingService#2] INFO  interfaces.ContainerDeletionChoosingPolicyTemplate (ContainerDeletionChoosingPolicyTemplate.java:chooseContainerForBlockDeletion(83)) - Chosen 0/5000 blocks from 0 candidate containers.
2023-04-24 08:16:23,575 [FixedThreadPoolWithAffinityExecutor-9-0] WARN  container.ContainerReportHandler (AbstractContainerReportHandler.java:updateContainerState(259)) - Container #1 is in OPEN state, but the datanode 593f1123-fce2-46ce-a0f5-50a98353a86f(fv-az212-956.zlodpucb4l4udavnfxg5s20dva.cx.internal.cloudapp.net/10.1.0.80) reports an CLOSED replica.
2023-04-24 08:16:23,602 [BlockDeletingService#2] INFO  interfaces.ContainerDeletionChoosingPolicyTemplate (ContainerDeletionChoosingPolicyTemplate.java:chooseContainerForBlockDeletion(83)) - Chosen 0/5000 blocks from 0 candidate containers.
2023-04-24 08:16:23,602 [BlockDeletingService#2] INFO  interfaces.ContainerDeletionChoosingPolicyTemplate (ContainerDeletionChoosingPolicyTemplate.java:chooseContainerForBlockDeletion(83)) - Chosen 0/5000 blocks from 0 candidate containers.
2023-04-24 08:16:23,703 [BlockDeletingService#2] INFO  interfaces.ContainerDeletionChoosingPolicyTemplate (ContainerDeletionChoosingPolicyTemplate.java:chooseContainerForBlockDeletion(83)) - Chosen 0/5000 blocks from 0 candidate containers.
2023-04-24 08:16:23,703 [BlockDeletingService#2] INFO  interfaces.ContainerDeletionChoosingPolicyTemplate (ContainerDeletionChoosingPolicyTemplate.java:chooseContainerForBlockDeletion(83)) - Chosen 0/5000 blocks from 0 candidate containers.
2023-04-24 08:16:23,742 [FixedThreadPoolWithAffinityExecutor-9-0] WARN  container.ContainerReportHandler (AbstractContainerReportHandler.java:updateContainerState(259)) - Container #1 is in OPEN state, but the datanode 444322bb-4321-4e38-998a-96758a8a198b(fv-az212-956.zlodpucb4l4udavnfxg5s20dva.cx.internal.cloudapp.net/10.1.0.80) reports an CLOSED replica.
2023-04-24 08:16:23,803 [BlockDeletingService#2] INFO  interfaces.ContainerDeletionChoosingPolicyTemplate (ContainerDeletionChoosingPolicyTemplate.java:chooseContainerForBlockDeletion(83)) - Chosen 0/5000 blocks from 0 candidate containers.
2023-04-24 08:16:23,803 [BlockDeletingService#2] INFO  interfaces.ContainerDeletionChoosingPolicyTemplate (ContainerDeletionChoosingPolicyTemplate.java:chooseContainerForBlockDeletion(83)) - Chosen 0/5000 blocks from 0 candidate containers.
2023-04-24 08:16:23,874 [FixedThreadPoolWithAffinityExecutor-9-0] WARN  container.ContainerReportHandler (AbstractContainerReportHandler.java:updateContainerState(259)) - Container #1 is in OPEN state, but the datanode 593f1123-fce2-46ce-a0f5-50a98353a86f(fv-az212-956.zlodpucb4l4udavnfxg5s20dva.cx.internal.cloudapp.net/10.1.0.80) reports an CLOSED replica.
2023-04-24 08:16:23,903 [BlockDeletingService#2] INFO  interfaces.ContainerDeletionChoosingPolicyTemplate (ContainerDeletionChoosingPolicyTemplate.java:chooseContainerForBlockDeletion(83)) - Chosen 0/5000 blocks from 0 candidate containers.
2023-04-24 08:16:23,903 [BlockDeletingService#2] INFO  interfaces.ContainerDeletionChoosingPolicyTemplate (ContainerDeletionChoosingPolicyTemplate.java:chooseContainerForBlockDeletion(83)) - Chosen 0/5000 blocks from 0 candidate containers.
2023-04-24 08:16:24,003 [BlockDeletingService#2] INFO  interfaces.ContainerDeletionChoosingPolicyTemplate (ContainerDeletionChoosingPolicyTemplate.java:chooseContainerForBlockDeletion(83)) - Chosen 0/5000 blocks from 0 candidate containers.
2023-04-24 08:16:24,003 [BlockDeletingService#2] INFO  interfaces.ContainerDeletionChoosingPolicyTemplate (ContainerDeletionChoosingPolicyTemplate.java:chooseContainerForBlockDeletion(83)) - Chosen 0/5000 blocks from 0 candidate containers.
2023-04-24 08:16:24,044 [FixedThreadPoolWithAffinityExecutor-9-0] WARN  container.ContainerReportHandler (AbstractContainerReportHandler.java:updateContainerState(259)) - Container #1 is in OPEN state, but the datanode 444322bb-4321-4e38-998a-96758a8a198b(fv-az212-956.zlodpucb4l4udavnfxg5s20dva.cx.internal.cloudapp.net/10.1.0.80) reports an CLOSED replica.
2023-04-24 08:16:24,103 [BlockDeletingService#2] INFO  interfaces.ContainerDeletionChoosingPolicyTemplate (ContainerDeletionChoosingPolicyTemplate.java:chooseContainerForBlockDeletion(83)) - Chosen 0/5000 blocks from 0 candidate containers.
2023-04-24 08:16:24,104 [BlockDeletingService#2] INFO  interfaces.ContainerDeletionChoosingPolicyTemplate (ContainerDeletionChoosingPolicyTemplate.java:chooseContainerForBlockDeletion(83)) - Chosen 0/5000 blocks from 0 candidate containers.
2023-04-24 08:16:24,174 [FixedThreadPoolWithAffinityExecutor-9-0] WARN  container.ContainerReportHandler (AbstractContainerReportHandler.java:updateContainerState(259)) - Container #1 is in OPEN state, but the datanode 593f1123-fce2-46ce-a0f5-50a98353a86f(fv-az212-956.zlodpucb4l4udavnfxg5s20dva.cx.internal.cloudapp.net/10.1.0.80) reports an CLOSED replica.
2023-04-24 08:16:24,204 [BlockDeletingService#2] INFO  interfaces.ContainerDeletionChoosingPolicyTemplate (ContainerDeletionChoosingPolicyTemplate.java:chooseContainerForBlockDeletion(83)) - Chosen 0/5000 blocks from 0 candidate containers.
2023-04-24 08:16:24,204 [BlockDeletingService#2] INFO  interfaces.ContainerDeletionChoosingPolicyTemplate (ContainerDeletionChoosingPolicyTemplate.java:chooseContainerForBlockDeletion(83)) - Chosen 0/5000 blocks from 0 candidate containers.
2023-04-24 08:16:24,304 [BlockDeletingService#2] INFO  interfaces.ContainerDeletionChoosingPolicyTemplate (ContainerDeletionChoosingPolicyTemplate.java:chooseContainerForBlockDeletion(83)) - Chosen 0/5000 blocks from 0 candidate containers.
2023-04-24 08:16:24,304 [BlockDeletingService#2] INFO  interfaces.ContainerDeletionChoosingPolicyTemplate (ContainerDeletionChoosingPolicyTemplate.java:chooseContainerForBlockDeletion(83)) - Chosen 0/5000 blocks from 0 candidate containers.
2023-04-24 08:16:24,345 [FixedThreadPoolWithAffinityExecutor-9-0] WARN  container.ContainerReportHandler (AbstractContainerReportHandler.java:updateContainerState(259)) - Container #1 is in OPEN state, but the datanode 444322bb-4321-4e38-998a-96758a8a198b(fv-az212-956.zlodpucb4l4udavnfxg5s20dva.cx.internal.cloudapp.net/10.1.0.80) reports an CLOSED replica.
2023-04-24 08:16:24,404 [BlockDeletingService#2] INFO  interfaces.ContainerDeletionChoosingPolicyTemplate (ContainerDeletionChoosingPolicyTemplate.java:chooseContainerForBlockDeletion(83)) - Chosen 0/5000 blocks from 0 candidate containers.
2023-04-24 08:16:24,404 [BlockDeletingService#2] INFO  interfaces.ContainerDeletionChoosingPolicyTemplate (ContainerDeletionChoosingPolicyTemplate.java:chooseContainerForBlockDeletion(83)) - Chosen 0/5000 blocks from 0 candidate containers.
2023-04-24 08:16:24,474 [FixedThreadPoolWithAffinityExecutor-9-0] WARN  container.ContainerReportHandler (AbstractContainerReportHandler.java:updateContainerState(259)) - Container #1 is in OPEN state, but the datanode 593f1123-fce2-46ce-a0f5-50a98353a86f(fv-az212-956.zlodpucb4l4udavnfxg5s20dva.cx.internal.cloudapp.net/10.1.0.80) reports an CLOSED replica.
2023-04-24 08:16:24,514 [BlockDeletingService#2] INFO  interfaces.ContainerDeletionChoosingPolicyTemplate (ContainerDeletionChoosingPolicyTemplate.java:chooseContainerForBlockDeletion(83)) - Chosen 0/5000 blocks from 0 candidate containers.
2023-04-24 08:16:24,514 [BlockDeletingService#2] INFO  interfaces.ContainerDeletionChoosingPolicyTemplate (ContainerDeletionChoosingPolicyTemplate.java:chooseContainerForBlockDeletion(83)) - Chosen 0/5000 blocks from 0 candidate containers.
2023-04-24 08:16:24,572 [grpc-default-executor-3] WARN  server.GrpcLogAppender (LogUtils.java:warn(122)) - 593f1123-fce2-46ce-a0f5-50a98353a86f@group-2C65884D69A9->d7f67023-bd71-4164-8161-24a8eb75dffe-AppendLogResponseHandler: Failed appendEntries: org.apache.ratis.thirdparty.io.grpc.StatusRuntimeException: UNAVAILABLE: io exception
2023-04-24 08:16:24,573 [grpc-default-executor-3] WARN  server.GrpcLogAppender (GrpcLogAppender.java:resetClient(131)) - 593f1123-fce2-46ce-a0f5-50a98353a86f@group-2C65884D69A9->d7f67023-bd71-4164-8161-24a8eb75dffe-GrpcLogAppender: Leader has not got in touch with Follower 593f1123-fce2-46ce-a0f5-50a98353a86f@group-2C65884D69A9->d7f67023-bd71-4164-8161-24a8eb75dffe(c-1,m0,n6, attendVote=true, lastRpcSendTime=0, lastRpcResponseTime=50332) yet, just keep nextIndex unchanged and retry.
2023-04-24 08:16:24,572 [grpc-default-executor-1] WARN  server.GrpcLogAppender (LogUtils.java:warn(122)) - 593f1123-fce2-46ce-a0f5-50a98353a86f@group-2C65884D69A9->d7f67023-bd71-4164-8161-24a8eb75dffe-AppendLogResponseHandler: Failed appendEntries: org.apache.ratis.thirdparty.io.grpc.StatusRuntimeException: UNAVAILABLE: io exception
2023-04-24 08:16:24,574 [grpc-default-executor-1] WARN  server.GrpcLogAppender (GrpcLogAppender.java:resetClient(131)) - 593f1123-fce2-46ce-a0f5-50a98353a86f@group-2C65884D69A9->d7f67023-bd71-4164-8161-24a8eb75dffe-GrpcLogAppender: Leader has not got in touch with Follower 593f1123-fce2-46ce-a0f5-50a98353a86f@group-2C65884D69A9->d7f67023-bd71-4164-8161-24a8eb75dffe(c-1,m0,n6, attendVote=true, lastRpcSendTime=1, lastRpcResponseTime=50333) yet, just keep nextIndex unchanged and retry.
2023-04-24 08:16:24,614 [BlockDeletingService#2] INFO  interfaces.ContainerDeletionChoosingPolicyTemplate (ContainerDeletionChoosingPolicyTemplate.java:chooseContainerForBlockDeletion(83)) - Chosen 0/5000 blocks from 0 candidate containers.
2023-04-24 08:16:24,614 [BlockDeletingService#2] INFO  interfaces.ContainerDeletionChoosingPolicyTemplate (ContainerDeletionChoosingPolicyTemplate.java:chooseContainerForBlockDeletion(83)) - Chosen 0/5000 blocks from 0 candidate containers.
2023-04-24 08:16:24,645 [FixedThreadPoolWithAffinityExecutor-9-0] WARN  container.ContainerReportHandler (AbstractContainerReportHandler.java:updateContainerState(259)) - Container #1 is in OPEN state, but the datanode 444322bb-4321-4e38-998a-96758a8a198b(fv-az212-956.zlodpucb4l4udavnfxg5s20dva.cx.internal.cloudapp.net/10.1.0.80) reports an CLOSED replica.
2023-04-24 08:16:24,715 [BlockDeletingService#2] INFO  interfaces.ContainerDeletionChoosingPolicyTemplate (ContainerDeletionChoosingPolicyTemplate.java:chooseContainerForBlockDeletion(83)) - Chosen 0/5000 blocks from 0 candidate containers.
2023-04-24 08:16:24,715 [BlockDeletingService#2] INFO  interfaces.ContainerDeletionChoosingPolicyTemplate (ContainerDeletionChoosingPolicyTemplate.java:chooseContainerForBlockDeletion(83)) - Chosen 0/5000 blocks from 0 candidate containers.
2023-04-24 08:16:24,774 [FixedThreadPoolWithAffinityExecutor-9-0] WARN  container.ContainerReportHandler (AbstractContainerReportHandler.java:updateContainerState(259)) - Container #1 is in OPEN state, but the datanode 593f1123-fce2-46ce-a0f5-50a98353a86f(fv-az212-956.zlodpucb4l4udavnfxg5s20dva.cx.internal.cloudapp.net/10.1.0.80) reports an CLOSED replica.
2023-04-24 08:16:24,815 [BlockDeletingService#2] INFO  interfaces.ContainerDeletionChoosingPolicyTemplate (ContainerDeletionChoosingPolicyTemplate.java:chooseContainerForBlockDeletion(83)) - Chosen 0/5000 blocks from 0 candidate containers.
2023-04-24 08:16:24,815 [BlockDeletingService#2] INFO  interfaces.ContainerDeletionChoosingPolicyTemplate (ContainerDeletionChoosingPolicyTemplate.java:chooseContainerForBlockDeletion(83)) - Chosen 0/5000 blocks from 0 candidate containers.
2023-04-24 08:16:24,915 [BlockDeletingService#2] INFO  interfaces.ContainerDeletionChoosingPolicyTemplate (ContainerDeletionChoosingPolicyTemplate.java:chooseContainerForBlockDeletion(83)) - Chosen 0/5000 blocks from 0 candidate containers.
2023-04-24 08:16:24,915 [BlockDeletingService#2] INFO  interfaces.ContainerDeletionChoosingPolicyTemplate (ContainerDeletionChoosingPolicyTemplate.java:chooseContainerForBlockDeletion(83)) - Chosen 0/5000 blocks from 0 candidate containers.
2023-04-24 08:16:24,945 [FixedThreadPoolWithAffinityExecutor-9-0] WARN  container.ContainerReportHandler (AbstractContainerReportHandler.java:updateContainerState(259)) - Container #1 is in OPEN state, but the datanode 444322bb-4321-4e38-998a-96758a8a198b(fv-az212-956.zlodpucb4l4udavnfxg5s20dva.cx.internal.cloudapp.net/10.1.0.80) reports an CLOSED replica.
2023-04-24 08:16:25,015 [BlockDeletingService#2] INFO  interfaces.ContainerDeletionChoosingPolicyTemplate (ContainerDeletionChoosingPolicyTemplate.java:chooseContainerForBlockDeletion(83)) - Chosen 0/5000 blocks from 0 candidate containers.
2023-04-24 08:16:25,015 [BlockDeletingService#2] INFO  interfaces.ContainerDeletionChoosingPolicyTemplate (ContainerDeletionChoosingPolicyTemplate.java:chooseContainerForBlockDeletion(83)) - Chosen 0/5000 blocks from 0 candidate containers.
2023-04-24 08:16:25,115 [BlockDeletingService#2] INFO  interfaces.ContainerDeletionChoosingPolicyTemplate (ContainerDeletionChoosingPolicyTemplate.java:chooseContainerForBlockDeletion(83)) - Chosen 0/5000 blocks from 0 candidate containers.
2023-04-24 08:16:25,116 [BlockDeletingService#2] INFO  interfaces.ContainerDeletionChoosingPolicyTemplate (ContainerDeletionChoosingPolicyTemplate.java:chooseContainerForBlockDeletion(83)) - Chosen 0/5000 blocks from 0 candidate containers.
2023-04-24 08:16:25,176 [FixedThreadPoolWithAffinityExecutor-9-0] WARN  container.ContainerReportHandler (AbstractContainerReportHandler.java:updateContainerState(259)) - Container #1 is in OPEN state, but the datanode 593f1123-fce2-46ce-a0f5-50a98353a86f(fv-az212-956.zlodpucb4l4udavnfxg5s20dva.cx.internal.cloudapp.net/10.1.0.80) reports an CLOSED replica.
2023-04-24 08:16:25,216 [BlockDeletingService#2] INFO  interfaces.ContainerDeletionChoosingPolicyTemplate (ContainerDeletionChoosingPolicyTemplate.java:chooseContainerForBlockDeletion(83)) - Chosen 0/5000 blocks from 0 candidate containers.
2023-04-24 08:16:25,216 [BlockDeletingService#2] INFO  interfaces.ContainerDeletionChoosingPolicyTemplate (ContainerDeletionChoosingPolicyTemplate.java:chooseContainerForBlockDeletion(83)) - Chosen 0/5000 blocks from 0 candidate containers.
2023-04-24 08:16:25,246 [FixedThreadPoolWithAffinityExecutor-9-0] WARN  container.ContainerReportHandler (AbstractContainerReportHandler.java:updateContainerState(259)) - Container #1 is in OPEN state, but the datanode 444322bb-4321-4e38-998a-96758a8a198b(fv-az212-956.zlodpucb4l4udavnfxg5s20dva.cx.internal.cloudapp.net/10.1.0.80) reports an CLOSED replica.
2023-04-24 08:16:25,316 [BlockDeletingService#2] INFO  interfaces.ContainerDeletionChoosingPolicyTemplate (ContainerDeletionChoosingPolicyTemplate.java:chooseContainerForBlockDeletion(83)) - Chosen 0/5000 blocks from 0 candidate containers.
2023-04-24 08:16:25,316 [BlockDeletingService#2] INFO  interfaces.ContainerDeletionChoosingPolicyTemplate (ContainerDeletionChoosingPolicyTemplate.java:chooseContainerForBlockDeletion(83)) - Chosen 0/5000 blocks from 0 candidate containers.
2023-04-24 08:16:25,416 [BlockDeletingService#2] INFO  interfaces.ContainerDeletionChoosingPolicyTemplate (ContainerDeletionChoosingPolicyTemplate.java:chooseContainerForBlockDeletion(83)) - Chosen 0/5000 blocks from 0 candidate containers.
2023-04-24 08:16:25,416 [BlockDeletingService#2] INFO  interfaces.ContainerDeletionChoosingPolicyTemplate (ContainerDeletionChoosingPolicyTemplate.java:chooseContainerForBlockDeletion(83)) - Chosen 0/5000 blocks from 0 candidate containers.
2023-04-24 08:16:25,476 [FixedThreadPoolWithAffinityExecutor-9-0] WARN  container.ContainerReportHandler (AbstractContainerReportHandler.java:updateContainerState(259)) - Container #1 is in OPEN state, but the datanode 593f1123-fce2-46ce-a0f5-50a98353a86f(fv-az212-956.zlodpucb4l4udavnfxg5s20dva.cx.internal.cloudapp.net/10.1.0.80) reports an CLOSED replica.
2023-04-24 08:16:25,516 [BlockDeletingService#2] INFO  interfaces.ContainerDeletionChoosingPolicyTemplate (ContainerDeletionChoosingPolicyTemplate.java:chooseContainerForBlockDeletion(83)) - Chosen 0/5000 blocks from 0 candidate containers.
2023-04-24 08:16:25,516 [BlockDeletingService#2] INFO  interfaces.ContainerDeletionChoosingPolicyTemplate (ContainerDeletionChoosingPolicyTemplate.java:chooseContainerForBlockDeletion(83)) - Chosen 0/5000 blocks from 0 candidate containers.
2023-04-24 08:16:25,546 [FixedThreadPoolWithAffinityExecutor-9-0] WARN  container.ContainerReportHandler (AbstractContainerReportHandler.java:updateContainerState(259)) - Container #1 is in OPEN state, but the datanode 444322bb-4321-4e38-998a-96758a8a198b(fv-az212-956.zlodpucb4l4udavnfxg5s20dva.cx.internal.cloudapp.net/10.1.0.80) reports an CLOSED replica.
2023-04-24 08:16:25,617 [BlockDeletingService#2] INFO  interfaces.ContainerDeletionChoosingPolicyTemplate (ContainerDeletionChoosingPolicyTemplate.java:chooseContainerForBlockDeletion(83)) - Chosen 0/5000 blocks from 0 candidate containers.
2023-04-24 08:16:25,617 [BlockDeletingService#2] INFO  interfaces.ContainerDeletionChoosingPolicyTemplate (ContainerDeletionChoosingPolicyTemplate.java:chooseContainerForBlockDeletion(83)) - Chosen 0/5000 blocks from 0 candidate containers.
2023-04-24 08:16:25,717 [BlockDeletingService#2] INFO  interfaces.ContainerDeletionChoosingPolicyTemplate (ContainerDeletionChoosingPolicyTemplate.java:chooseContainerForBlockDeletion(83)) - Chosen 0/5000 blocks from 0 candidate containers.
2023-04-24 08:16:25,717 [BlockDeletingService#2] INFO  interfaces.ContainerDeletionChoosingPolicyTemplate (ContainerDeletionChoosingPolicyTemplate.java:chooseContainerForBlockDeletion(83)) - Chosen 0/5000 blocks from 0 candidate containers.
2023-04-24 08:16:25,776 [FixedThreadPoolWithAffinityExecutor-9-0] WARN  container.ContainerReportHandler (AbstractContainerReportHandler.java:updateContainerState(259)) - Container #1 is in OPEN state, but the datanode 593f1123-fce2-46ce-a0f5-50a98353a86f(fv-az212-956.zlodpucb4l4udavnfxg5s20dva.cx.internal.cloudapp.net/10.1.0.80) reports an CLOSED replica.
2023-04-24 08:16:25,817 [BlockDeletingService#2] INFO  interfaces.ContainerDeletionChoosingPolicyTemplate (ContainerDeletionChoosingPolicyTemplate.java:chooseContainerForBlockDeletion(83)) - Chosen 0/5000 blocks from 0 candidate containers.
2023-04-24 08:16:25,817 [BlockDeletingService#2] INFO  interfaces.ContainerDeletionChoosingPolicyTemplate (ContainerDeletionChoosingPolicyTemplate.java:chooseContainerForBlockDeletion(83)) - Chosen 0/5000 blocks from 0 candidate containers.
2023-04-24 08:16:25,822 [grpc-default-executor-3] WARN  server.GrpcLogAppender (LogUtils.java:warn(122)) - 593f1123-fce2-46ce-a0f5-50a98353a86f@group-2C65884D69A9->d7f67023-bd71-4164-8161-24a8eb75dffe-AppendLogResponseHandler: Failed appendEntries: org.apache.ratis.thirdparty.io.grpc.StatusRuntimeException: UNAVAILABLE: io exception
2023-04-24 08:16:25,822 [grpc-default-executor-1] WARN  server.GrpcLogAppender (LogUtils.java:warn(122)) - 593f1123-fce2-46ce-a0f5-50a98353a86f@group-2C65884D69A9->d7f67023-bd71-4164-8161-24a8eb75dffe-AppendLogResponseHandler: Failed appendEntries: org.apache.ratis.thirdparty.io.grpc.StatusRuntimeException: UNAVAILABLE: io exception
2023-04-24 08:16:25,823 [grpc-default-executor-3] WARN  server.GrpcLogAppender (GrpcLogAppender.java:resetClient(131)) - 593f1123-fce2-46ce-a0f5-50a98353a86f@group-2C65884D69A9->d7f67023-bd71-4164-8161-24a8eb75dffe-GrpcLogAppender: Leader has not got in touch with Follower 593f1123-fce2-46ce-a0f5-50a98353a86f@group-2C65884D69A9->d7f67023-bd71-4164-8161-24a8eb75dffe(c-1,m0,n6, attendVote=true, lastRpcSendTime=1250, lastRpcResponseTime=51582) yet, just keep nextIndex unchanged and retry.
2023-04-24 08:16:25,823 [grpc-default-executor-1] WARN  server.GrpcLogAppender (GrpcLogAppender.java:resetClient(131)) - 593f1123-fce2-46ce-a0f5-50a98353a86f@group-2C65884D69A9->d7f67023-bd71-4164-8161-24a8eb75dffe-GrpcLogAppender: Leader has not got in touch with Follower 593f1123-fce2-46ce-a0f5-50a98353a86f@group-2C65884D69A9->d7f67023-bd71-4164-8161-24a8eb75dffe(c-1,m0,n6, attendVote=true, lastRpcSendTime=1251, lastRpcResponseTime=51583) yet, just keep nextIndex unchanged and retry.
2023-04-24 08:16:25,827 [grpc-default-executor-1] WARN  server.GrpcLogAppender (LogUtils.java:warn(122)) - 593f1123-fce2-46ce-a0f5-50a98353a86f@group-2C65884D69A9->d7f67023-bd71-4164-8161-24a8eb75dffe-AppendLogResponseHandler: Failed appendEntries: org.apache.ratis.thirdparty.io.grpc.StatusRuntimeException: UNAVAILABLE: io exception
2023-04-24 08:16:25,827 [grpc-default-executor-3] WARN  server.GrpcLogAppender (LogUtils.java:warn(122)) - 593f1123-fce2-46ce-a0f5-50a98353a86f@group-2C65884D69A9->d7f67023-bd71-4164-8161-24a8eb75dffe-AppendLogResponseHandler: Failed appendEntries: org.apache.ratis.thirdparty.io.grpc.StatusRuntimeException: UNAVAILABLE: io exception
2023-04-24 08:16:25,828 [grpc-default-executor-1] WARN  server.GrpcLogAppender (GrpcLogAppender.java:resetClient(131)) - 593f1123-fce2-46ce-a0f5-50a98353a86f@group-2C65884D69A9->d7f67023-bd71-4164-8161-24a8eb75dffe-GrpcLogAppender: Leader has not got in touch with Follower 593f1123-fce2-46ce-a0f5-50a98353a86f@group-2C65884D69A9->d7f67023-bd71-4164-8161-24a8eb75dffe(c-1,m0,n6, attendVote=true, lastRpcSendTime=0, lastRpcResponseTime=51587) yet, just keep nextIndex unchanged and retry.
2023-04-24 08:16:25,828 [grpc-default-executor-3] WARN  server.GrpcLogAppender (GrpcLogAppender.java:resetClient(131)) - 593f1123-fce2-46ce-a0f5-50a98353a86f@group-2C65884D69A9->d7f67023-bd71-4164-8161-24a8eb75dffe-GrpcLogAppender: Leader has not got in touch with Follower 593f1123-fce2-46ce-a0f5-50a98353a86f@group-2C65884D69A9->d7f67023-bd71-4164-8161-24a8eb75dffe(c-1,m0,n6, attendVote=true, lastRpcSendTime=0, lastRpcResponseTime=51587) yet, just keep nextIndex unchanged and retry.
2023-04-24 08:16:25,845 [FixedThreadPoolWithAffinityExecutor-9-0] WARN  container.ContainerReportHandler (AbstractContainerReportHandler.java:updateContainerState(259)) - Container #1 is in OPEN state, but the datanode 444322bb-4321-4e38-998a-96758a8a198b(fv-az212-956.zlodpucb4l4udavnfxg5s20dva.cx.internal.cloudapp.net/10.1.0.80) reports an CLOSED replica.
2023-04-24 08:16:25,917 [BlockDeletingService#2] INFO  interfaces.ContainerDeletionChoosingPolicyTemplate (ContainerDeletionChoosingPolicyTemplate.java:chooseContainerForBlockDeletion(83)) - Chosen 0/5000 blocks from 0 candidate containers.
2023-04-24 08:16:25,917 [BlockDeletingService#2] INFO  interfaces.ContainerDeletionChoosingPolicyTemplate (ContainerDeletionChoosingPolicyTemplate.java:chooseContainerForBlockDeletion(83)) - Chosen 0/5000 blocks from 0 candidate containers.
2023-04-24 08:16:26,017 [BlockDeletingService#2] INFO  interfaces.ContainerDeletionChoosingPolicyTemplate (ContainerDeletionChoosingPolicyTemplate.java:chooseContainerForBlockDeletion(83)) - Chosen 0/5000 blocks from 0 candidate containers.
2023-04-24 08:16:26,017 [BlockDeletingService#2] INFO  interfaces.ContainerDeletionChoosingPolicyTemplate (ContainerDeletionChoosingPolicyTemplate.java:chooseContainerForBlockDeletion(83)) - Chosen 0/5000 blocks from 0 candidate containers.
2023-04-24 08:16:26,045 [FixedThreadPoolWithAffinityExecutor-9-0] WARN  container.ContainerReportHandler (AbstractContainerReportHandler.java:updateContainerState(259)) - Container #1 is in OPEN state, but the datanode 444322bb-4321-4e38-998a-96758a8a198b(fv-az212-956.zlodpucb4l4udavnfxg5s20dva.cx.internal.cloudapp.net/10.1.0.80) reports an CLOSED replica.
2023-04-24 08:16:26,076 [FixedThreadPoolWithAffinityExecutor-9-0] WARN  container.ContainerReportHandler (AbstractContainerReportHandler.java:updateContainerState(259)) - Container #1 is in OPEN state, but the datanode 593f1123-fce2-46ce-a0f5-50a98353a86f(fv-az212-956.zlodpucb4l4udavnfxg5s20dva.cx.internal.cloudapp.net/10.1.0.80) reports an CLOSED replica.
2023-04-24 08:16:26,118 [BlockDeletingService#2] INFO  interfaces.ContainerDeletionChoosingPolicyTemplate (ContainerDeletionChoosingPolicyTemplate.java:chooseContainerForBlockDeletion(83)) - Chosen 0/5000 blocks from 0 candidate containers.
2023-04-24 08:16:26,118 [BlockDeletingService#2] INFO  interfaces.ContainerDeletionChoosingPolicyTemplate (ContainerDeletionChoosingPolicyTemplate.java:chooseContainerForBlockDeletion(83)) - Chosen 0/5000 blocks from 0 candidate containers.
2023-04-24 08:16:26,218 [BlockDeletingService#2] INFO  interfaces.ContainerDeletionChoosingPolicyTemplate (ContainerDeletionChoosingPolicyTemplate.java:chooseContainerForBlockDeletion(83)) - Chosen 0/5000 blocks from 0 candidate containers.
2023-04-24 08:16:26,218 [BlockDeletingService#2] INFO  interfaces.ContainerDeletionChoosingPolicyTemplate (ContainerDeletionChoosingPolicyTemplate.java:chooseContainerForBlockDeletion(83)) - Chosen 0/5000 blocks from 0 candidate containers.
2023-04-24 08:16:26,318 [BlockDeletingService#2] INFO  interfaces.ContainerDeletionChoosingPolicyTemplate (ContainerDeletionChoosingPolicyTemplate.java:chooseContainerForBlockDeletion(83)) - Chosen 0/5000 blocks from 0 candidate containers.
2023-04-24 08:16:26,318 [BlockDeletingService#2] INFO  interfaces.ContainerDeletionChoosingPolicyTemplate (ContainerDeletionChoosingPolicyTemplate.java:chooseContainerForBlockDeletion(83)) - Chosen 0/5000 blocks from 0 candidate containers.
2023-04-24 08:16:26,346 [FixedThreadPoolWithAffinityExecutor-9-0] WARN  container.ContainerReportHandler (AbstractContainerReportHandler.java:updateContainerState(259)) - Container #1 is in OPEN state, but the datanode 444322bb-4321-4e38-998a-96758a8a198b(fv-az212-956.zlodpucb4l4udavnfxg5s20dva.cx.internal.cloudapp.net/10.1.0.80) reports an CLOSED replica.
2023-04-24 08:16:26,376 [FixedThreadPoolWithAffinityExecutor-9-0] WARN  container.ContainerReportHandler (AbstractContainerReportHandler.java:updateContainerState(259)) - Container #1 is in OPEN state, but the datanode 593f1123-fce2-46ce-a0f5-50a98353a86f(fv-az212-956.zlodpucb4l4udavnfxg5s20dva.cx.internal.cloudapp.net/10.1.0.80) reports an CLOSED replica.
2023-04-24 08:16:26,418 [BlockDeletingService#2] INFO  interfaces.ContainerDeletionChoosingPolicyTemplate (ContainerDeletionChoosingPolicyTemplate.java:chooseContainerForBlockDeletion(83)) - Chosen 0/5000 blocks from 0 candidate containers.
2023-04-24 08:16:26,418 [BlockDeletingService#2] INFO  interfaces.ContainerDeletionChoosingPolicyTemplate (ContainerDeletionChoosingPolicyTemplate.java:chooseContainerForBlockDeletion(83)) - Chosen 0/5000 blocks from 0 candidate containers.
2023-04-24 08:16:26,518 [BlockDeletingService#8] INFO  interfaces.ContainerDeletionChoosingPolicyTemplate (ContainerDeletionChoosingPolicyTemplate.java:chooseContainerForBlockDeletion(83)) - Chosen 0/5000 blocks from 0 candidate containers.
2023-04-24 08:16:26,519 [BlockDeletingService#2] INFO  interfaces.ContainerDeletionChoosingPolicyTemplate (ContainerDeletionChoosingPolicyTemplate.java:chooseContainerForBlockDeletion(83)) - Chosen 0/5000 blocks from 0 candidate containers.
2023-04-24 08:16:26,619 [BlockDeletingService#8] INFO  interfaces.ContainerDeletionChoosingPolicyTemplate (ContainerDeletionChoosingPolicyTemplate.java:chooseContainerForBlockDeletion(83)) - Chosen 0/5000 blocks from 0 candidate containers.
2023-04-24 08:16:26,619 [BlockDeletingService#2] INFO  interfaces.ContainerDeletionChoosingPolicyTemplate (ContainerDeletionChoosingPolicyTemplate.java:chooseContainerForBlockDeletion(83)) - Chosen 0/5000 blocks from 0 candidate containers.
2023-04-24 08:16:26,645 [FixedThreadPoolWithAffinityExecutor-9-0] WARN  container.ContainerReportHandler (AbstractContainerReportHandler.java:updateContainerState(259)) - Container #1 is in OPEN state, but the datanode 444322bb-4321-4e38-998a-96758a8a198b(fv-az212-956.zlodpucb4l4udavnfxg5s20dva.cx.internal.cloudapp.net/10.1.0.80) reports an CLOSED replica.
2023-04-24 08:16:26,676 [FixedThreadPoolWithAffinityExecutor-9-0] WARN  container.ContainerReportHandler (AbstractContainerReportHandler.java:updateContainerState(259)) - Container #1 is in OPEN state, but the datanode 593f1123-fce2-46ce-a0f5-50a98353a86f(fv-az212-956.zlodpucb4l4udavnfxg5s20dva.cx.internal.cloudapp.net/10.1.0.80) reports an CLOSED replica.
2023-04-24 08:16:26,719 [BlockDeletingService#8] INFO  interfaces.ContainerDeletionChoosingPolicyTemplate (ContainerDeletionChoosingPolicyTemplate.java:chooseContainerForBlockDeletion(83)) - Chosen 0/5000 blocks from 0 candidate containers.
2023-04-24 08:16:26,719 [BlockDeletingService#2] INFO  interfaces.ContainerDeletionChoosingPolicyTemplate (ContainerDeletionChoosingPolicyTemplate.java:chooseContainerForBlockDeletion(83)) - Chosen 0/5000 blocks from 0 candidate containers.
2023-04-24 08:16:26,819 [BlockDeletingService#8] INFO  interfaces.ContainerDeletionChoosingPolicyTemplate (ContainerDeletionChoosingPolicyTemplate.java:chooseContainerForBlockDeletion(83)) - Chosen 0/5000 blocks from 0 candidate containers.
2023-04-24 08:16:26,819 [BlockDeletingService#2] INFO  interfaces.ContainerDeletionChoosingPolicyTemplate (ContainerDeletionChoosingPolicyTemplate.java:chooseContainerForBlockDeletion(83)) - Chosen 0/5000 blocks from 0 candidate containers.
2023-04-24 08:16:26,919 [BlockDeletingService#8] INFO  interfaces.ContainerDeletionChoosingPolicyTemplate (ContainerDeletionChoosingPolicyTemplate.java:chooseContainerForBlockDeletion(83)) - Chosen 0/5000 blocks from 0 candidate containers.
2023-04-24 08:16:26,920 [BlockDeletingService#2] INFO  interfaces.ContainerDeletionChoosingPolicyTemplate (ContainerDeletionChoosingPolicyTemplate.java:chooseContainerForBlockDeletion(83)) - Chosen 0/5000 blocks from 0 candidate containers.
2023-04-24 08:16:26,945 [FixedThreadPoolWithAffinityExecutor-9-0] WARN  container.ContainerReportHandler (AbstractContainerReportHandler.java:updateContainerState(259)) - Container #1 is in OPEN state, but the datanode 444322bb-4321-4e38-998a-96758a8a198b(fv-az212-956.zlodpucb4l4udavnfxg5s20dva.cx.internal.cloudapp.net/10.1.0.80) reports an CLOSED replica.
2023-04-24 08:16:26,976 [FixedThreadPoolWithAffinityExecutor-9-0] WARN  container.ContainerReportHandler (AbstractContainerReportHandler.java:updateContainerState(259)) - Container #1 is in OPEN state, but the datanode 593f1123-fce2-46ce-a0f5-50a98353a86f(fv-az212-956.zlodpucb4l4udavnfxg5s20dva.cx.internal.cloudapp.net/10.1.0.80) reports an CLOSED replica.
2023-04-24 08:16:27,020 [BlockDeletingService#8] INFO  interfaces.ContainerDeletionChoosingPolicyTemplate (ContainerDeletionChoosingPolicyTemplate.java:chooseContainerForBlockDeletion(83)) - Chosen 0/5000 blocks from 0 candidate containers.
2023-04-24 08:16:27,020 [BlockDeletingService#2] INFO  interfaces.ContainerDeletionChoosingPolicyTemplate (ContainerDeletionChoosingPolicyTemplate.java:chooseContainerForBlockDeletion(83)) - Chosen 0/5000 blocks from 0 candidate containers.
2023-04-24 08:16:27,077 [grpc-default-executor-3] WARN  server.GrpcLogAppender (LogUtils.java:warn(122)) - 593f1123-fce2-46ce-a0f5-50a98353a86f@group-2C65884D69A9->d7f67023-bd71-4164-8161-24a8eb75dffe-AppendLogResponseHandler: Failed appendEntries: org.apache.ratis.thirdparty.io.grpc.StatusRuntimeException: UNAVAILABLE: io exception
2023-04-24 08:16:27,077 [grpc-default-executor-1] WARN  server.GrpcLogAppender (LogUtils.java:warn(122)) - 593f1123-fce2-46ce-a0f5-50a98353a86f@group-2C65884D69A9->d7f67023-bd71-4164-8161-24a8eb75dffe-AppendLogResponseHandler: Failed appendEntries: org.apache.ratis.thirdparty.io.grpc.StatusRuntimeException: UNAVAILABLE: io exception
2023-04-24 08:16:27,078 [grpc-default-executor-3] WARN  server.GrpcLogAppender (GrpcLogAppender.java:resetClient(131)) - 593f1123-fce2-46ce-a0f5-50a98353a86f@group-2C65884D69A9->d7f67023-bd71-4164-8161-24a8eb75dffe-GrpcLogAppender: Leader has not got in touch with Follower 593f1123-fce2-46ce-a0f5-50a98353a86f@group-2C65884D69A9->d7f67023-bd71-4164-8161-24a8eb75dffe(c-1,m0,n6, attendVote=true, lastRpcSendTime=0, lastRpcResponseTime=52837) yet, just keep nextIndex unchanged and retry.
2023-04-24 08:16:27,079 [grpc-default-executor-1] WARN  server.GrpcLogAppender (GrpcLogAppender.java:resetClient(131)) - 593f1123-fce2-46ce-a0f5-50a98353a86f@group-2C65884D69A9->d7f67023-bd71-4164-8161-24a8eb75dffe-GrpcLogAppender: Leader has not got in touch with Follower 593f1123-fce2-46ce-a0f5-50a98353a86f@group-2C65884D69A9->d7f67023-bd71-4164-8161-24a8eb75dffe(c-1,m0,n6, attendVote=true, lastRpcSendTime=1, lastRpcResponseTime=52838) yet, just keep nextIndex unchanged and retry.
2023-04-24 08:16:27,120 [BlockDeletingService#8] INFO  interfaces.ContainerDeletionChoosingPolicyTemplate (ContainerDeletionChoosingPolicyTemplate.java:chooseContainerForBlockDeletion(83)) - Chosen 0/5000 blocks from 0 candidate containers.
2023-04-24 08:16:27,120 [BlockDeletingService#2] INFO  interfaces.ContainerDeletionChoosingPolicyTemplate (ContainerDeletionChoosingPolicyTemplate.java:chooseContainerForBlockDeletion(83)) - Chosen 0/5000 blocks from 0 candidate containers.
2023-04-24 08:16:27,220 [BlockDeletingService#8] INFO  interfaces.ContainerDeletionChoosingPolicyTemplate (ContainerDeletionChoosingPolicyTemplate.java:chooseContainerForBlockDeletion(83)) - Chosen 0/5000 blocks from 0 candidate containers.
2023-04-24 08:16:27,220 [BlockDeletingService#2] INFO  interfaces.ContainerDeletionChoosingPolicyTemplate (ContainerDeletionChoosingPolicyTemplate.java:chooseContainerForBlockDeletion(83)) - Chosen 0/5000 blocks from 0 candidate containers.
2023-04-24 08:16:27,245 [FixedThreadPoolWithAffinityExecutor-9-0] WARN  container.ContainerReportHandler (AbstractContainerReportHandler.java:updateContainerState(259)) - Container #1 is in OPEN state, but the datanode 444322bb-4321-4e38-998a-96758a8a198b(fv-az212-956.zlodpucb4l4udavnfxg5s20dva.cx.internal.cloudapp.net/10.1.0.80) reports an CLOSED replica.
2023-04-24 08:16:27,276 [FixedThreadPoolWithAffinityExecutor-9-0] WARN  container.ContainerReportHandler (AbstractContainerReportHandler.java:updateContainerState(259)) - Container #1 is in OPEN state, but the datanode 593f1123-fce2-46ce-a0f5-50a98353a86f(fv-az212-956.zlodpucb4l4udavnfxg5s20dva.cx.internal.cloudapp.net/10.1.0.80) reports an CLOSED replica.
2023-04-24 08:16:27,320 [BlockDeletingService#8] INFO  interfaces.ContainerDeletionChoosingPolicyTemplate (ContainerDeletionChoosingPolicyTemplate.java:chooseContainerForBlockDeletion(83)) - Chosen 0/5000 blocks from 0 candidate containers.
2023-04-24 08:16:27,320 [BlockDeletingService#2] INFO  interfaces.ContainerDeletionChoosingPolicyTemplate (ContainerDeletionChoosingPolicyTemplate.java:chooseContainerForBlockDeletion(83)) - Chosen 0/5000 blocks from 0 candidate containers.
2023-04-24 08:16:27,420 [BlockDeletingService#8] INFO  interfaces.ContainerDeletionChoosingPolicyTemplate (ContainerDeletionChoosingPolicyTemplate.java:chooseContainerForBlockDeletion(83)) - Chosen 0/5000 blocks from 0 candidate containers.
2023-04-24 08:16:27,421 [BlockDeletingService#2] INFO  interfaces.ContainerDeletionChoosingPolicyTemplate (ContainerDeletionChoosingPolicyTemplate.java:chooseContainerForBlockDeletion(83)) - Chosen 0/5000 blocks from 0 candidate containers.
2023-04-24 08:16:27,521 [BlockDeletingService#8] INFO  interfaces.ContainerDeletionChoosingPolicyTemplate (ContainerDeletionChoosingPolicyTemplate.java:chooseContainerForBlockDeletion(83)) - Chosen 0/5000 blocks from 0 candidate containers.
2023-04-24 08:16:27,521 [BlockDeletingService#2] INFO  interfaces.ContainerDeletionChoosingPolicyTemplate (ContainerDeletionChoosingPolicyTemplate.java:chooseContainerForBlockDeletion(83)) - Chosen 0/5000 blocks from 0 candidate containers.
2023-04-24 08:16:27,545 [FixedThreadPoolWithAffinityExecutor-9-0] WARN  container.ContainerReportHandler (AbstractContainerReportHandler.java:updateContainerState(259)) - Container #1 is in OPEN state, but the datanode 444322bb-4321-4e38-998a-96758a8a198b(fv-az212-956.zlodpucb4l4udavnfxg5s20dva.cx.internal.cloudapp.net/10.1.0.80) reports an CLOSED replica.
2023-04-24 08:16:27,576 [FixedThreadPoolWithAffinityExecutor-9-0] WARN  container.ContainerReportHandler (AbstractContainerReportHandler.java:updateContainerState(259)) - Container #1 is in OPEN state, but the datanode 593f1123-fce2-46ce-a0f5-50a98353a86f(fv-az212-956.zlodpucb4l4udavnfxg5s20dva.cx.internal.cloudapp.net/10.1.0.80) reports an CLOSED replica.
2023-04-24 08:16:27,621 [BlockDeletingService#8] INFO  interfaces.ContainerDeletionChoosingPolicyTemplate (ContainerDeletionChoosingPolicyTemplate.java:chooseContainerForBlockDeletion(83)) - Chosen 0/5000 blocks from 0 candidate containers.
2023-04-24 08:16:27,621 [BlockDeletingService#2] INFO  interfaces.ContainerDeletionChoosingPolicyTemplate (ContainerDeletionChoosingPolicyTemplate.java:chooseContainerForBlockDeletion(83)) - Chosen 0/5000 blocks from 0 candidate containers.
2023-04-24 08:16:27,721 [BlockDeletingService#8] INFO  interfaces.ContainerDeletionChoosingPolicyTemplate (ContainerDeletionChoosingPolicyTemplate.java:chooseContainerForBlockDeletion(83)) - Chosen 0/5000 blocks from 0 candidate containers.
2023-04-24 08:16:27,721 [BlockDeletingService#2] INFO  interfaces.ContainerDeletionChoosingPolicyTemplate (ContainerDeletionChoosingPolicyTemplate.java:chooseContainerForBlockDeletion(83)) - Chosen 0/5000 blocks from 0 candidate containers.
2023-04-24 08:16:27,821 [BlockDeletingService#8] INFO  interfaces.ContainerDeletionChoosingPolicyTemplate (ContainerDeletionChoosingPolicyTemplate.java:chooseContainerForBlockDeletion(83)) - Chosen 0/5000 blocks from 0 candidate containers.
2023-04-24 08:16:27,821 [BlockDeletingService#2] INFO  interfaces.ContainerDeletionChoosingPolicyTemplate (ContainerDeletionChoosingPolicyTemplate.java:chooseContainerForBlockDeletion(83)) - Chosen 0/5000 blocks from 0 candidate containers.
2023-04-24 08:16:27,845 [FixedThreadPoolWithAffinityExecutor-9-0] WARN  container.ContainerReportHandler (AbstractContainerReportHandler.java:updateContainerState(259)) - Container #1 is in OPEN state, but the datanode 444322bb-4321-4e38-998a-96758a8a198b(fv-az212-956.zlodpucb4l4udavnfxg5s20dva.cx.internal.cloudapp.net/10.1.0.80) reports an CLOSED replica.
2023-04-24 08:16:27,922 [BlockDeletingService#8] INFO  interfaces.ContainerDeletionChoosingPolicyTemplate (ContainerDeletionChoosingPolicyTemplate.java:chooseContainerForBlockDeletion(83)) - Chosen 0/5000 blocks from 0 candidate containers.
2023-04-24 08:16:27,922 [BlockDeletingService#2] INFO  interfaces.ContainerDeletionChoosingPolicyTemplate (ContainerDeletionChoosingPolicyTemplate.java:chooseContainerForBlockDeletion(83)) - Chosen 0/5000 blocks from 0 candidate containers.
2023-04-24 08:16:27,978 [FixedThreadPoolWithAffinityExecutor-9-0] WARN  container.ContainerReportHandler (AbstractContainerReportHandler.java:updateContainerState(259)) - Container #1 is in OPEN state, but the datanode 593f1123-fce2-46ce-a0f5-50a98353a86f(fv-az212-956.zlodpucb4l4udavnfxg5s20dva.cx.internal.cloudapp.net/10.1.0.80) reports an CLOSED replica.
2023-04-24 08:16:28,025 [BlockDeletingService#8] INFO  interfaces.ContainerDeletionChoosingPolicyTemplate (ContainerDeletionChoosingPolicyTemplate.java:chooseContainerForBlockDeletion(83)) - Chosen 0/5000 blocks from 0 candidate containers.
2023-04-24 08:16:28,025 [BlockDeletingService#2] INFO  interfaces.ContainerDeletionChoosingPolicyTemplate (ContainerDeletionChoosingPolicyTemplate.java:chooseContainerForBlockDeletion(83)) - Chosen 0/5000 blocks from 0 candidate containers.
2023-04-24 08:16:28,125 [BlockDeletingService#8] INFO  interfaces.ContainerDeletionChoosingPolicyTemplate (ContainerDeletionChoosingPolicyTemplate.java:chooseContainerForBlockDeletion(83)) - Chosen 0/5000 blocks from 0 candidate containers.
2023-04-24 08:16:28,125 [BlockDeletingService#2] INFO  interfaces.ContainerDeletionChoosingPolicyTemplate (ContainerDeletionChoosingPolicyTemplate.java:chooseContainerForBlockDeletion(83)) - Chosen 0/5000 blocks from 0 candidate containers.
2023-04-24 08:16:28,146 [FixedThreadPoolWithAffinityExecutor-9-0] WARN  container.ContainerReportHandler (AbstractContainerReportHandler.java:updateContainerState(259)) - Container #1 is in OPEN state, but the datanode 444322bb-4321-4e38-998a-96758a8a198b(fv-az212-956.zlodpucb4l4udavnfxg5s20dva.cx.internal.cloudapp.net/10.1.0.80) reports an CLOSED replica.
2023-04-24 08:16:28,225 [BlockDeletingService#8] INFO  interfaces.ContainerDeletionChoosingPolicyTemplate (ContainerDeletionChoosingPolicyTemplate.java:chooseContainerForBlockDeletion(83)) - Chosen 0/5000 blocks from 0 candidate containers.
2023-04-24 08:16:28,225 [BlockDeletingService#2] INFO  interfaces.ContainerDeletionChoosingPolicyTemplate (ContainerDeletionChoosingPolicyTemplate.java:chooseContainerForBlockDeletion(83)) - Chosen 0/5000 blocks from 0 candidate containers.
2023-04-24 08:16:28,280 [FixedThreadPoolWithAffinityExecutor-9-0] WARN  container.ContainerReportHandler (AbstractContainerReportHandler.java:updateContainerState(259)) - Container #1 is in OPEN state, but the datanode 593f1123-fce2-46ce-a0f5-50a98353a86f(fv-az212-956.zlodpucb4l4udavnfxg5s20dva.cx.internal.cloudapp.net/10.1.0.80) reports an CLOSED replica.
2023-04-24 08:16:28,326 [BlockDeletingService#8] INFO  interfaces.ContainerDeletionChoosingPolicyTemplate (ContainerDeletionChoosingPolicyTemplate.java:chooseContainerForBlockDeletion(83)) - Chosen 0/5000 blocks from 0 candidate containers.
2023-04-24 08:16:28,326 [BlockDeletingService#2] INFO  interfaces.ContainerDeletionChoosingPolicyTemplate (ContainerDeletionChoosingPolicyTemplate.java:chooseContainerForBlockDeletion(83)) - Chosen 0/5000 blocks from 0 candidate containers.
2023-04-24 08:16:28,328 [grpc-default-executor-1] WARN  server.GrpcLogAppender (LogUtils.java:warn(122)) - 593f1123-fce2-46ce-a0f5-50a98353a86f@group-2C65884D69A9->d7f67023-bd71-4164-8161-24a8eb75dffe-AppendLogResponseHandler: Failed appendEntries: org.apache.ratis.thirdparty.io.grpc.StatusRuntimeException: UNAVAILABLE: io exception
2023-04-24 08:16:28,328 [grpc-default-executor-1] WARN  server.GrpcLogAppender (GrpcLogAppender.java:resetClient(131)) - 593f1123-fce2-46ce-a0f5-50a98353a86f@group-2C65884D69A9->d7f67023-bd71-4164-8161-24a8eb75dffe-GrpcLogAppender: Leader has not got in touch with Follower 593f1123-fce2-46ce-a0f5-50a98353a86f@group-2C65884D69A9->d7f67023-bd71-4164-8161-24a8eb75dffe(c-1,m0,n6, attendVote=true, lastRpcSendTime=0, lastRpcResponseTime=54088) yet, just keep nextIndex unchanged and retry.
2023-04-24 08:16:28,329 [grpc-default-executor-3] WARN  server.GrpcLogAppender (LogUtils.java:warn(122)) - 593f1123-fce2-46ce-a0f5-50a98353a86f@group-2C65884D69A9->d7f67023-bd71-4164-8161-24a8eb75dffe-AppendLogResponseHandler: Failed appendEntries: org.apache.ratis.thirdparty.io.grpc.StatusRuntimeException: UNAVAILABLE: io exception
2023-04-24 08:16:28,329 [grpc-default-executor-3] WARN  server.GrpcLogAppender (GrpcLogAppender.java:resetClient(131)) - 593f1123-fce2-46ce-a0f5-50a98353a86f@group-2C65884D69A9->d7f67023-bd71-4164-8161-24a8eb75dffe-GrpcLogAppender: Leader has not got in touch with Follower 593f1123-fce2-46ce-a0f5-50a98353a86f@group-2C65884D69A9->d7f67023-bd71-4164-8161-24a8eb75dffe(c-1,m0,n6, attendVote=true, lastRpcSendTime=1, lastRpcResponseTime=54088) yet, just keep nextIndex unchanged and retry.
2023-04-24 08:16:28,426 [BlockDeletingService#8] INFO  interfaces.ContainerDeletionChoosingPolicyTemplate (ContainerDeletionChoosingPolicyTemplate.java:chooseContainerForBlockDeletion(83)) - Chosen 0/5000 blocks from 0 candidate containers.
2023-04-24 08:16:28,426 [BlockDeletingService#2] INFO  interfaces.ContainerDeletionChoosingPolicyTemplate (ContainerDeletionChoosingPolicyTemplate.java:chooseContainerForBlockDeletion(83)) - Chosen 0/5000 blocks from 0 candidate containers.
2023-04-24 08:16:28,445 [FixedThreadPoolWithAffinityExecutor-9-0] WARN  container.ContainerReportHandler (AbstractContainerReportHandler.java:updateContainerState(259)) - Container #1 is in OPEN state, but the datanode 444322bb-4321-4e38-998a-96758a8a198b(fv-az212-956.zlodpucb4l4udavnfxg5s20dva.cx.internal.cloudapp.net/10.1.0.80) reports an CLOSED replica.
2023-04-24 08:16:28,526 [BlockDeletingService#8] INFO  interfaces.ContainerDeletionChoosingPolicyTemplate (ContainerDeletionChoosingPolicyTemplate.java:chooseContainerForBlockDeletion(83)) - Chosen 0/5000 blocks from 0 candidate containers.
2023-04-24 08:16:28,526 [BlockDeletingService#2] INFO  interfaces.ContainerDeletionChoosingPolicyTemplate (ContainerDeletionChoosingPolicyTemplate.java:chooseContainerForBlockDeletion(83)) - Chosen 0/5000 blocks from 0 candidate containers.
2023-04-24 08:16:28,580 [FixedThreadPoolWithAffinityExecutor-9-0] WARN  container.ContainerReportHandler (AbstractContainerReportHandler.java:updateContainerState(259)) - Container #1 is in OPEN state, but the datanode 593f1123-fce2-46ce-a0f5-50a98353a86f(fv-az212-956.zlodpucb4l4udavnfxg5s20dva.cx.internal.cloudapp.net/10.1.0.80) reports an CLOSED replica.
2023-04-24 08:16:28,626 [BlockDeletingService#8] INFO  interfaces.ContainerDeletionChoosingPolicyTemplate (ContainerDeletionChoosingPolicyTemplate.java:chooseContainerForBlockDeletion(83)) - Chosen 0/5000 blocks from 0 candidate containers.
2023-04-24 08:16:28,626 [BlockDeletingService#2] INFO  interfaces.ContainerDeletionChoosingPolicyTemplate (ContainerDeletionChoosingPolicyTemplate.java:chooseContainerForBlockDeletion(83)) - Chosen 0/5000 blocks from 0 candidate containers.
2023-04-24 08:16:28,726 [BlockDeletingService#8] INFO  interfaces.ContainerDeletionChoosingPolicyTemplate (ContainerDeletionChoosingPolicyTemplate.java:chooseContainerForBlockDeletion(83)) - Chosen 0/5000 blocks from 0 candidate containers.
2023-04-24 08:16:28,727 [BlockDeletingService#2] INFO  interfaces.ContainerDeletionChoosingPolicyTemplate (ContainerDeletionChoosingPolicyTemplate.java:chooseContainerForBlockDeletion(83)) - Chosen 0/5000 blocks from 0 candidate containers.
2023-04-24 08:16:28,746 [FixedThreadPoolWithAffinityExecutor-9-0] WARN  container.ContainerReportHandler (AbstractContainerReportHandler.java:updateContainerState(259)) - Container #1 is in OPEN state, but the datanode 444322bb-4321-4e38-998a-96758a8a198b(fv-az212-956.zlodpucb4l4udavnfxg5s20dva.cx.internal.cloudapp.net/10.1.0.80) reports an CLOSED replica.
2023-04-24 08:16:28,827 [BlockDeletingService#8] INFO  interfaces.ContainerDeletionChoosingPolicyTemplate (ContainerDeletionChoosingPolicyTemplate.java:chooseContainerForBlockDeletion(83)) - Chosen 0/5000 blocks from 0 candidate containers.
2023-04-24 08:16:28,827 [BlockDeletingService#2] INFO  interfaces.ContainerDeletionChoosingPolicyTemplate (ContainerDeletionChoosingPolicyTemplate.java:chooseContainerForBlockDeletion(83)) - Chosen 0/5000 blocks from 0 candidate containers.
2023-04-24 08:16:28,880 [FixedThreadPoolWithAffinityExecutor-9-0] WARN  container.ContainerReportHandler (AbstractContainerReportHandler.java:updateContainerState(259)) - Container #1 is in OPEN state, but the datanode 593f1123-fce2-46ce-a0f5-50a98353a86f(fv-az212-956.zlodpucb4l4udavnfxg5s20dva.cx.internal.cloudapp.net/10.1.0.80) reports an CLOSED replica.
2023-04-24 08:16:28,927 [BlockDeletingService#8] INFO  interfaces.ContainerDeletionChoosingPolicyTemplate (ContainerDeletionChoosingPolicyTemplate.java:chooseContainerForBlockDeletion(83)) - Chosen 0/5000 blocks from 0 candidate containers.
2023-04-24 08:16:28,927 [BlockDeletingService#2] INFO  interfaces.ContainerDeletionChoosingPolicyTemplate (ContainerDeletionChoosingPolicyTemplate.java:chooseContainerForBlockDeletion(83)) - Chosen 0/5000 blocks from 0 candidate containers.
2023-04-24 08:16:29,027 [BlockDeletingService#8] INFO  interfaces.ContainerDeletionChoosingPolicyTemplate (ContainerDeletionChoosingPolicyTemplate.java:chooseContainerForBlockDeletion(83)) - Chosen 0/5000 blocks from 0 candidate containers.
2023-04-24 08:16:29,027 [BlockDeletingService#2] INFO  interfaces.ContainerDeletionChoosingPolicyTemplate (ContainerDeletionChoosingPolicyTemplate.java:chooseContainerForBlockDeletion(83)) - Chosen 0/5000 blocks from 0 candidate containers.
2023-04-24 08:16:29,046 [FixedThreadPoolWithAffinityExecutor-9-0] WARN  container.ContainerReportHandler (AbstractContainerReportHandler.java:updateContainerState(259)) - Container #1 is in OPEN state, but the datanode 444322bb-4321-4e38-998a-96758a8a198b(fv-az212-956.zlodpucb4l4udavnfxg5s20dva.cx.internal.cloudapp.net/10.1.0.80) reports an CLOSED replica.
2023-04-24 08:16:29,127 [BlockDeletingService#8] INFO  interfaces.ContainerDeletionChoosingPolicyTemplate (ContainerDeletionChoosingPolicyTemplate.java:chooseContainerForBlockDeletion(83)) - Chosen 0/5000 blocks from 0 candidate containers.
2023-04-24 08:16:29,128 [BlockDeletingService#2] INFO  interfaces.ContainerDeletionChoosingPolicyTemplate (ContainerDeletionChoosingPolicyTemplate.java:chooseContainerForBlockDeletion(83)) - Chosen 0/5000 blocks from 0 candidate containers.
2023-04-24 08:16:29,180 [FixedThreadPoolWithAffinityExecutor-9-0] WARN  container.ContainerReportHandler (AbstractContainerReportHandler.java:updateContainerState(259)) - Container #1 is in OPEN state, but the datanode 593f1123-fce2-46ce-a0f5-50a98353a86f(fv-az212-956.zlodpucb4l4udavnfxg5s20dva.cx.internal.cloudapp.net/10.1.0.80) reports an CLOSED replica.
2023-04-24 08:16:29,228 [BlockDeletingService#8] INFO  interfaces.ContainerDeletionChoosingPolicyTemplate (ContainerDeletionChoosingPolicyTemplate.java:chooseContainerForBlockDeletion(83)) - Chosen 0/5000 blocks from 0 candidate containers.
2023-04-24 08:16:29,228 [BlockDeletingService#2] INFO  interfaces.ContainerDeletionChoosingPolicyTemplate (ContainerDeletionChoosingPolicyTemplate.java:chooseContainerForBlockDeletion(83)) - Chosen 0/5000 blocks from 0 candidate containers.
2023-04-24 08:16:29,245 [FixedThreadPoolWithAffinityExecutor-9-0] WARN  container.ContainerReportHandler (AbstractContainerReportHandler.java:updateContainerState(259)) - Container #1 is in OPEN state, but the datanode 444322bb-4321-4e38-998a-96758a8a198b(fv-az212-956.zlodpucb4l4udavnfxg5s20dva.cx.internal.cloudapp.net/10.1.0.80) reports an CLOSED replica.
2023-04-24 08:16:29,328 [BlockDeletingService#8] INFO  interfaces.ContainerDeletionChoosingPolicyTemplate (ContainerDeletionChoosingPolicyTemplate.java:chooseContainerForBlockDeletion(83)) - Chosen 0/5000 blocks from 0 candidate containers.
2023-04-24 08:16:29,328 [BlockDeletingService#2] INFO  interfaces.ContainerDeletionChoosingPolicyTemplate (ContainerDeletionChoosingPolicyTemplate.java:chooseContainerForBlockDeletion(83)) - Chosen 0/5000 blocks from 0 candidate containers.
2023-04-24 08:16:29,428 [BlockDeletingService#8] INFO  interfaces.ContainerDeletionChoosingPolicyTemplate (ContainerDeletionChoosingPolicyTemplate.java:chooseContainerForBlockDeletion(83)) - Chosen 0/5000 blocks from 0 candidate containers.
2023-04-24 08:16:29,428 [BlockDeletingService#2] INFO  interfaces.ContainerDeletionChoosingPolicyTemplate (ContainerDeletionChoosingPolicyTemplate.java:chooseContainerForBlockDeletion(83)) - Chosen 0/5000 blocks from 0 candidate containers.
2023-04-24 08:16:29,485 [FixedThreadPoolWithAffinityExecutor-9-0] WARN  container.ContainerReportHandler (AbstractContainerReportHandler.java:updateContainerState(259)) - Container #1 is in OPEN state, but the datanode 593f1123-fce2-46ce-a0f5-50a98353a86f(fv-az212-956.zlodpucb4l4udavnfxg5s20dva.cx.internal.cloudapp.net/10.1.0.80) reports an CLOSED replica.
2023-04-24 08:16:29,528 [BlockDeletingService#8] INFO  interfaces.ContainerDeletionChoosingPolicyTemplate (ContainerDeletionChoosingPolicyTemplate.java:chooseContainerForBlockDeletion(83)) - Chosen 0/5000 blocks from 0 candidate containers.
2023-04-24 08:16:29,528 [BlockDeletingService#2] INFO  interfaces.ContainerDeletionChoosingPolicyTemplate (ContainerDeletionChoosingPolicyTemplate.java:chooseContainerForBlockDeletion(83)) - Chosen 0/5000 blocks from 0 candidate containers.
2023-04-24 08:16:29,545 [FixedThreadPoolWithAffinityExecutor-9-0] WARN  container.ContainerReportHandler (AbstractContainerReportHandler.java:updateContainerState(259)) - Container #1 is in OPEN state, but the datanode 444322bb-4321-4e38-998a-96758a8a198b(fv-az212-956.zlodpucb4l4udavnfxg5s20dva.cx.internal.cloudapp.net/10.1.0.80) reports an CLOSED replica.
2023-04-24 08:16:29,578 [grpc-default-executor-3] WARN  server.GrpcLogAppender (LogUtils.java:warn(122)) - 593f1123-fce2-46ce-a0f5-50a98353a86f@group-2C65884D69A9->d7f67023-bd71-4164-8161-24a8eb75dffe-AppendLogResponseHandler: Failed appendEntries: org.apache.ratis.thirdparty.io.grpc.StatusRuntimeException: UNAVAILABLE: io exception
2023-04-24 08:16:29,578 [grpc-default-executor-1] WARN  server.GrpcLogAppender (LogUtils.java:warn(122)) - 593f1123-fce2-46ce-a0f5-50a98353a86f@group-2C65884D69A9->d7f67023-bd71-4164-8161-24a8eb75dffe-AppendLogResponseHandler: Failed appendEntries: org.apache.ratis.thirdparty.io.grpc.StatusRuntimeException: UNAVAILABLE: io exception
2023-04-24 08:16:29,579 [grpc-default-executor-3] WARN  server.GrpcLogAppender (GrpcLogAppender.java:resetClient(131)) - 593f1123-fce2-46ce-a0f5-50a98353a86f@group-2C65884D69A9->d7f67023-bd71-4164-8161-24a8eb75dffe-GrpcLogAppender: Leader has not got in touch with Follower 593f1123-fce2-46ce-a0f5-50a98353a86f@group-2C65884D69A9->d7f67023-bd71-4164-8161-24a8eb75dffe(c-1,m0,n6, attendVote=true, lastRpcSendTime=0, lastRpcResponseTime=55338) yet, just keep nextIndex unchanged and retry.
2023-04-24 08:16:29,580 [grpc-default-executor-1] WARN  server.GrpcLogAppender (GrpcLogAppender.java:resetClient(131)) - 593f1123-fce2-46ce-a0f5-50a98353a86f@group-2C65884D69A9->d7f67023-bd71-4164-8161-24a8eb75dffe-GrpcLogAppender: Leader has not got in touch with Follower 593f1123-fce2-46ce-a0f5-50a98353a86f@group-2C65884D69A9->d7f67023-bd71-4164-8161-24a8eb75dffe(c-1,m0,n6, attendVote=true, lastRpcSendTime=1, lastRpcResponseTime=55339) yet, just keep nextIndex unchanged and retry.
2023-04-24 08:16:29,628 [BlockDeletingService#8] INFO  interfaces.ContainerDeletionChoosingPolicyTemplate (ContainerDeletionChoosingPolicyTemplate.java:chooseContainerForBlockDeletion(83)) - Chosen 0/5000 blocks from 0 candidate containers.
2023-04-24 08:16:29,629 [BlockDeletingService#2] INFO  interfaces.ContainerDeletionChoosingPolicyTemplate (ContainerDeletionChoosingPolicyTemplate.java:chooseContainerForBlockDeletion(83)) - Chosen 0/5000 blocks from 0 candidate containers.
2023-04-24 08:16:29,729 [BlockDeletingService#8] INFO  interfaces.ContainerDeletionChoosingPolicyTemplate (ContainerDeletionChoosingPolicyTemplate.java:chooseContainerForBlockDeletion(83)) - Chosen 0/5000 blocks from 0 candidate containers.
2023-04-24 08:16:29,729 [BlockDeletingService#2] INFO  interfaces.ContainerDeletionChoosingPolicyTemplate (ContainerDeletionChoosingPolicyTemplate.java:chooseContainerForBlockDeletion(83)) - Chosen 0/5000 blocks from 0 candidate containers.
2023-04-24 08:16:29,791 [FixedThreadPoolWithAffinityExecutor-9-0] WARN  container.ContainerReportHandler (AbstractContainerReportHandler.java:updateContainerState(259)) - Container #1 is in OPEN state, but the datanode 593f1123-fce2-46ce-a0f5-50a98353a86f(fv-az212-956.zlodpucb4l4udavnfxg5s20dva.cx.internal.cloudapp.net/10.1.0.80) reports an CLOSED replica.
2023-04-24 08:16:29,829 [BlockDeletingService#8] INFO  interfaces.ContainerDeletionChoosingPolicyTemplate (ContainerDeletionChoosingPolicyTemplate.java:chooseContainerForBlockDeletion(83)) - Chosen 0/5000 blocks from 0 candidate containers.
2023-04-24 08:16:29,829 [BlockDeletingService#2] INFO  interfaces.ContainerDeletionChoosingPolicyTemplate (ContainerDeletionChoosingPolicyTemplate.java:chooseContainerForBlockDeletion(83)) - Chosen 0/5000 blocks from 0 candidate containers.
2023-04-24 08:16:29,845 [FixedThreadPoolWithAffinityExecutor-9-0] WARN  container.ContainerReportHandler (AbstractContainerReportHandler.java:updateContainerState(259)) - Container #1 is in OPEN state, but the datanode 444322bb-4321-4e38-998a-96758a8a198b(fv-az212-956.zlodpucb4l4udavnfxg5s20dva.cx.internal.cloudapp.net/10.1.0.80) reports an CLOSED replica.
2023-04-24 08:16:29,929 [BlockDeletingService#8] INFO  interfaces.ContainerDeletionChoosingPolicyTemplate (ContainerDeletionChoosingPolicyTemplate.java:chooseContainerForBlockDeletion(83)) - Chosen 0/5000 blocks from 0 candidate containers.
2023-04-24 08:16:29,929 [BlockDeletingService#2] INFO  interfaces.ContainerDeletionChoosingPolicyTemplate (ContainerDeletionChoosingPolicyTemplate.java:chooseContainerForBlockDeletion(83)) - Chosen 0/5000 blocks from 0 candidate containers.
2023-04-24 08:16:30,029 [BlockDeletingService#8] INFO  interfaces.ContainerDeletionChoosingPolicyTemplate (ContainerDeletionChoosingPolicyTemplate.java:chooseContainerForBlockDeletion(83)) - Chosen 0/5000 blocks from 0 candidate containers.
2023-04-24 08:16:30,030 [BlockDeletingService#2] INFO  interfaces.ContainerDeletionChoosingPolicyTemplate (ContainerDeletionChoosingPolicyTemplate.java:chooseContainerForBlockDeletion(83)) - Chosen 0/5000 blocks from 0 candidate containers.
2023-04-24 08:16:30,087 [FixedThreadPoolWithAffinityExecutor-9-0] WARN  container.ContainerReportHandler (AbstractContainerReportHandler.java:updateContainerState(259)) - Container #1 is in OPEN state, but the datanode 593f1123-fce2-46ce-a0f5-50a98353a86f(fv-az212-956.zlodpucb4l4udavnfxg5s20dva.cx.internal.cloudapp.net/10.1.0.80) reports an CLOSED replica.
2023-04-24 08:16:30,130 [BlockDeletingService#8] INFO  interfaces.ContainerDeletionChoosingPolicyTemplate (ContainerDeletionChoosingPolicyTemplate.java:chooseContainerForBlockDeletion(83)) - Chosen 0/5000 blocks from 0 candidate containers.
2023-04-24 08:16:30,130 [BlockDeletingService#2] INFO  interfaces.ContainerDeletionChoosingPolicyTemplate (ContainerDeletionChoosingPolicyTemplate.java:chooseContainerForBlockDeletion(83)) - Chosen 0/5000 blocks from 0 candidate containers.
2023-04-24 08:16:30,146 [FixedThreadPoolWithAffinityExecutor-9-0] WARN  container.ContainerReportHandler (AbstractContainerReportHandler.java:updateContainerState(259)) - Container #1 is in OPEN state, but the datanode 444322bb-4321-4e38-998a-96758a8a198b(fv-az212-956.zlodpucb4l4udavnfxg5s20dva.cx.internal.cloudapp.net/10.1.0.80) reports an CLOSED replica.
2023-04-24 08:16:30,230 [BlockDeletingService#8] INFO  interfaces.ContainerDeletionChoosingPolicyTemplate (ContainerDeletionChoosingPolicyTemplate.java:chooseContainerForBlockDeletion(83)) - Chosen 0/5000 blocks from 0 candidate containers.
2023-04-24 08:16:30,230 [BlockDeletingService#2] INFO  interfaces.ContainerDeletionChoosingPolicyTemplate (ContainerDeletionChoosingPolicyTemplate.java:chooseContainerForBlockDeletion(83)) - Chosen 0/5000 blocks from 0 candidate containers.
2023-04-24 08:16:30,330 [BlockDeletingService#8] INFO  interfaces.ContainerDeletionChoosingPolicyTemplate (ContainerDeletionChoosingPolicyTemplate.java:chooseContainerForBlockDeletion(83)) - Chosen 0/5000 blocks from 0 candidate containers.
2023-04-24 08:16:30,330 [BlockDeletingService#2] INFO  interfaces.ContainerDeletionChoosingPolicyTemplate (ContainerDeletionChoosingPolicyTemplate.java:chooseContainerForBlockDeletion(83)) - Chosen 0/5000 blocks from 0 candidate containers.
2023-04-24 08:16:30,387 [FixedThreadPoolWithAffinityExecutor-9-0] WARN  container.ContainerReportHandler (AbstractContainerReportHandler.java:updateContainerState(259)) - Container #1 is in OPEN state, but the datanode 593f1123-fce2-46ce-a0f5-50a98353a86f(fv-az212-956.zlodpucb4l4udavnfxg5s20dva.cx.internal.cloudapp.net/10.1.0.80) reports an CLOSED replica.
2023-04-24 08:16:30,430 [BlockDeletingService#8] INFO  interfaces.ContainerDeletionChoosingPolicyTemplate (ContainerDeletionChoosingPolicyTemplate.java:chooseContainerForBlockDeletion(83)) - Chosen 0/5000 blocks from 0 candidate containers.
2023-04-24 08:16:30,430 [BlockDeletingService#2] INFO  interfaces.ContainerDeletionChoosingPolicyTemplate (ContainerDeletionChoosingPolicyTemplate.java:chooseContainerForBlockDeletion(83)) - Chosen 0/5000 blocks from 0 candidate containers.
2023-04-24 08:16:30,445 [FixedThreadPoolWithAffinityExecutor-9-0] WARN  container.ContainerReportHandler (AbstractContainerReportHandler.java:updateContainerState(259)) - Container #1 is in OPEN state, but the datanode 444322bb-4321-4e38-998a-96758a8a198b(fv-az212-956.zlodpucb4l4udavnfxg5s20dva.cx.internal.cloudapp.net/10.1.0.80) reports an CLOSED replica.
2023-04-24 08:16:30,530 [BlockDeletingService#8] INFO  interfaces.ContainerDeletionChoosingPolicyTemplate (ContainerDeletionChoosingPolicyTemplate.java:chooseContainerForBlockDeletion(83)) - Chosen 0/5000 blocks from 0 candidate containers.
2023-04-24 08:16:30,531 [BlockDeletingService#2] INFO  interfaces.ContainerDeletionChoosingPolicyTemplate (ContainerDeletionChoosingPolicyTemplate.java:chooseContainerForBlockDeletion(83)) - Chosen 0/5000 blocks from 0 candidate containers.
2023-04-24 08:16:30,631 [BlockDeletingService#8] INFO  interfaces.ContainerDeletionChoosingPolicyTemplate (ContainerDeletionChoosingPolicyTemplate.java:chooseContainerForBlockDeletion(83)) - Chosen 0/5000 blocks from 0 candidate containers.
2023-04-24 08:16:30,631 [BlockDeletingService#2] INFO  interfaces.ContainerDeletionChoosingPolicyTemplate (ContainerDeletionChoosingPolicyTemplate.java:chooseContainerForBlockDeletion(83)) - Chosen 0/5000 blocks from 0 candidate containers.
2023-04-24 08:16:30,687 [FixedThreadPoolWithAffinityExecutor-9-0] WARN  container.ContainerReportHandler (AbstractContainerReportHandler.java:updateContainerState(259)) - Container #1 is in OPEN state, but the datanode 593f1123-fce2-46ce-a0f5-50a98353a86f(fv-az212-956.zlodpucb4l4udavnfxg5s20dva.cx.internal.cloudapp.net/10.1.0.80) reports an CLOSED replica.
2023-04-24 08:16:30,731 [BlockDeletingService#8] INFO  interfaces.ContainerDeletionChoosingPolicyTemplate (ContainerDeletionChoosingPolicyTemplate.java:chooseContainerForBlockDeletion(83)) - Chosen 0/5000 blocks from 0 candidate containers.
2023-04-24 08:16:30,731 [BlockDeletingService#2] INFO  interfaces.ContainerDeletionChoosingPolicyTemplate (ContainerDeletionChoosingPolicyTemplate.java:chooseContainerForBlockDeletion(83)) - Chosen 0/5000 blocks from 0 candidate containers.
2023-04-24 08:16:30,749 [FixedThreadPoolWithAffinityExecutor-9-0] WARN  container.ContainerReportHandler (AbstractContainerReportHandler.java:updateContainerState(259)) - Container #1 is in OPEN state, but the datanode 444322bb-4321-4e38-998a-96758a8a198b(fv-az212-956.zlodpucb4l4udavnfxg5s20dva.cx.internal.cloudapp.net/10.1.0.80) reports an CLOSED replica.
2023-04-24 08:16:30,829 [grpc-default-executor-1] WARN  server.GrpcLogAppender (LogUtils.java:warn(122)) - 593f1123-fce2-46ce-a0f5-50a98353a86f@group-2C65884D69A9->d7f67023-bd71-4164-8161-24a8eb75dffe-AppendLogResponseHandler: Failed appendEntries: org.apache.ratis.thirdparty.io.grpc.StatusRuntimeException: UNAVAILABLE: io exception
2023-04-24 08:16:30,829 [grpc-default-executor-3] WARN  server.GrpcLogAppender (LogUtils.java:warn(122)) - 593f1123-fce2-46ce-a0f5-50a98353a86f@group-2C65884D69A9->d7f67023-bd71-4164-8161-24a8eb75dffe-AppendLogResponseHandler: Failed appendEntries: org.apache.ratis.thirdparty.io.grpc.StatusRuntimeException: UNAVAILABLE: io exception
2023-04-24 08:16:30,829 [grpc-default-executor-1] WARN  server.GrpcLogAppender (GrpcLogAppender.java:resetClient(131)) - 593f1123-fce2-46ce-a0f5-50a98353a86f@group-2C65884D69A9->d7f67023-bd71-4164-8161-24a8eb75dffe-GrpcLogAppender: Leader has not got in touch with Follower 593f1123-fce2-46ce-a0f5-50a98353a86f@group-2C65884D69A9->d7f67023-bd71-4164-8161-24a8eb75dffe(c-1,m0,n6, attendVote=true, lastRpcSendTime=0, lastRpcResponseTime=56589) yet, just keep nextIndex unchanged and retry.
2023-04-24 08:16:30,830 [grpc-default-executor-3] WARN  server.GrpcLogAppender (GrpcLogAppender.java:resetClient(131)) - 593f1123-fce2-46ce-a0f5-50a98353a86f@group-2C65884D69A9->d7f67023-bd71-4164-8161-24a8eb75dffe-GrpcLogAppender: Leader has not got in touch with Follower 593f1123-fce2-46ce-a0f5-50a98353a86f@group-2C65884D69A9->d7f67023-bd71-4164-8161-24a8eb75dffe(c-1,m0,n6, attendVote=true, lastRpcSendTime=0, lastRpcResponseTime=56589) yet, just keep nextIndex unchanged and retry.
2023-04-24 08:16:30,831 [BlockDeletingService#8] INFO  interfaces.ContainerDeletionChoosingPolicyTemplate (ContainerDeletionChoosingPolicyTemplate.java:chooseContainerForBlockDeletion(83)) - Chosen 0/5000 blocks from 0 candidate containers.
2023-04-24 08:16:30,831 [BlockDeletingService#2] INFO  interfaces.ContainerDeletionChoosingPolicyTemplate (ContainerDeletionChoosingPolicyTemplate.java:chooseContainerForBlockDeletion(83)) - Chosen 0/5000 blocks from 0 candidate containers.
2023-04-24 08:16:30,931 [BlockDeletingService#8] INFO  interfaces.ContainerDeletionChoosingPolicyTemplate (ContainerDeletionChoosingPolicyTemplate.java:chooseContainerForBlockDeletion(83)) - Chosen 0/5000 blocks from 0 candidate containers.
2023-04-24 08:16:30,932 [BlockDeletingService#2] INFO  interfaces.ContainerDeletionChoosingPolicyTemplate (ContainerDeletionChoosingPolicyTemplate.java:chooseContainerForBlockDeletion(83)) - Chosen 0/5000 blocks from 0 candidate containers.
2023-04-24 08:16:31,032 [BlockDeletingService#8] INFO  interfaces.ContainerDeletionChoosingPolicyTemplate (ContainerDeletionChoosingPolicyTemplate.java:chooseContainerForBlockDeletion(83)) - Chosen 0/5000 blocks from 0 candidate containers.
2023-04-24 08:16:31,032 [BlockDeletingService#2] INFO  interfaces.ContainerDeletionChoosingPolicyTemplate (ContainerDeletionChoosingPolicyTemplate.java:chooseContainerForBlockDeletion(83)) - Chosen 0/5000 blocks from 0 candidate containers.
2023-04-24 08:16:31,048 [FixedThreadPoolWithAffinityExecutor-9-0] WARN  container.ContainerReportHandler (AbstractContainerReportHandler.java:updateContainerState(259)) - Container #1 is in OPEN state, but the datanode 444322bb-4321-4e38-998a-96758a8a198b(fv-az212-956.zlodpucb4l4udavnfxg5s20dva.cx.internal.cloudapp.net/10.1.0.80) reports an CLOSED replica.
2023-04-24 08:16:31,087 [FixedThreadPoolWithAffinityExecutor-9-0] WARN  container.ContainerReportHandler (AbstractContainerReportHandler.java:updateContainerState(259)) - Container #1 is in OPEN state, but the datanode 593f1123-fce2-46ce-a0f5-50a98353a86f(fv-az212-956.zlodpucb4l4udavnfxg5s20dva.cx.internal.cloudapp.net/10.1.0.80) reports an CLOSED replica.
2023-04-24 08:16:31,132 [BlockDeletingService#8] INFO  interfaces.ContainerDeletionChoosingPolicyTemplate (ContainerDeletionChoosingPolicyTemplate.java:chooseContainerForBlockDeletion(83)) - Chosen 0/5000 blocks from 0 candidate containers.
2023-04-24 08:16:31,132 [BlockDeletingService#2] INFO  interfaces.ContainerDeletionChoosingPolicyTemplate (ContainerDeletionChoosingPolicyTemplate.java:chooseContainerForBlockDeletion(83)) - Chosen 0/5000 blocks from 0 candidate containers.
2023-04-24 08:16:31,232 [BlockDeletingService#8] INFO  interfaces.ContainerDeletionChoosingPolicyTemplate (ContainerDeletionChoosingPolicyTemplate.java:chooseContainerForBlockDeletion(83)) - Chosen 0/5000 blocks from 0 candidate containers.
2023-04-24 08:16:31,232 [BlockDeletingService#2] INFO  interfaces.ContainerDeletionChoosingPolicyTemplate (ContainerDeletionChoosingPolicyTemplate.java:chooseContainerForBlockDeletion(83)) - Chosen 0/5000 blocks from 0 candidate containers.
2023-04-24 08:16:31,332 [BlockDeletingService#8] INFO  interfaces.ContainerDeletionChoosingPolicyTemplate (ContainerDeletionChoosingPolicyTemplate.java:chooseContainerForBlockDeletion(83)) - Chosen 0/5000 blocks from 0 candidate containers.
2023-04-24 08:16:31,333 [BlockDeletingService#2] INFO  interfaces.ContainerDeletionChoosingPolicyTemplate (ContainerDeletionChoosingPolicyTemplate.java:chooseContainerForBlockDeletion(83)) - Chosen 0/5000 blocks from 0 candidate containers.
2023-04-24 08:16:31,348 [FixedThreadPoolWithAffinityExecutor-9-0] WARN  container.ContainerReportHandler (AbstractContainerReportHandler.java:updateContainerState(259)) - Container #1 is in OPEN state, but the datanode 444322bb-4321-4e38-998a-96758a8a198b(fv-az212-956.zlodpucb4l4udavnfxg5s20dva.cx.internal.cloudapp.net/10.1.0.80) reports an CLOSED replica.
2023-04-24 08:16:31,387 [FixedThreadPoolWithAffinityExecutor-9-0] WARN  container.ContainerReportHandler (AbstractContainerReportHandler.java:updateContainerState(259)) - Container #1 is in OPEN state, but the datanode 593f1123-fce2-46ce-a0f5-50a98353a86f(fv-az212-956.zlodpucb4l4udavnfxg5s20dva.cx.internal.cloudapp.net/10.1.0.80) reports an CLOSED replica.
2023-04-24 08:16:31,432 [BlockDeletingService#8] INFO  interfaces.ContainerDeletionChoosingPolicyTemplate (ContainerDeletionChoosingPolicyTemplate.java:chooseContainerForBlockDeletion(83)) - Chosen 0/5000 blocks from 0 candidate containers.
2023-04-24 08:16:31,433 [BlockDeletingService#2] INFO  interfaces.ContainerDeletionChoosingPolicyTemplate (ContainerDeletionChoosingPolicyTemplate.java:chooseContainerForBlockDeletion(83)) - Chosen 0/5000 blocks from 0 candidate containers.
2023-04-24 08:16:31,536 [BlockDeletingService#2] INFO  interfaces.ContainerDeletionChoosingPolicyTemplate (ContainerDeletionChoosingPolicyTemplate.java:chooseContainerForBlockDeletion(83)) - Chosen 0/5000 blocks from 0 candidate containers.
2023-04-24 08:16:31,536 [BlockDeletingService#6] INFO  interfaces.ContainerDeletionChoosingPolicyTemplate (ContainerDeletionChoosingPolicyTemplate.java:chooseContainerForBlockDeletion(83)) - Chosen 0/5000 blocks from 0 candidate containers.
2023-04-24 08:16:31,636 [BlockDeletingService#2] INFO  interfaces.ContainerDeletionChoosingPolicyTemplate (ContainerDeletionChoosingPolicyTemplate.java:chooseContainerForBlockDeletion(83)) - Chosen 0/5000 blocks from 0 candidate containers.
2023-04-24 08:16:31,636 [BlockDeletingService#6] INFO  interfaces.ContainerDeletionChoosingPolicyTemplate (ContainerDeletionChoosingPolicyTemplate.java:chooseContainerForBlockDeletion(83)) - Chosen 0/5000 blocks from 0 candidate containers.
2023-04-24 08:16:31,648 [FixedThreadPoolWithAffinityExecutor-9-0] WARN  container.ContainerReportHandler (AbstractContainerReportHandler.java:updateContainerState(259)) - Container #1 is in OPEN state, but the datanode 444322bb-4321-4e38-998a-96758a8a198b(fv-az212-956.zlodpucb4l4udavnfxg5s20dva.cx.internal.cloudapp.net/10.1.0.80) reports an CLOSED replica.
2023-04-24 08:16:31,687 [FixedThreadPoolWithAffinityExecutor-9-0] WARN  container.ContainerReportHandler (AbstractContainerReportHandler.java:updateContainerState(259)) - Container #1 is in OPEN state, but the datanode 593f1123-fce2-46ce-a0f5-50a98353a86f(fv-az212-956.zlodpucb4l4udavnfxg5s20dva.cx.internal.cloudapp.net/10.1.0.80) reports an CLOSED replica.
2023-04-24 08:16:31,736 [BlockDeletingService#2] INFO  interfaces.ContainerDeletionChoosingPolicyTemplate (ContainerDeletionChoosingPolicyTemplate.java:chooseContainerForBlockDeletion(83)) - Chosen 0/5000 blocks from 0 candidate containers.
2023-04-24 08:16:31,736 [BlockDeletingService#6] INFO  interfaces.ContainerDeletionChoosingPolicyTemplate (ContainerDeletionChoosingPolicyTemplate.java:chooseContainerForBlockDeletion(83)) - Chosen 0/5000 blocks from 0 candidate containers.
2023-04-24 08:16:31,836 [BlockDeletingService#2] INFO  interfaces.ContainerDeletionChoosingPolicyTemplate (ContainerDeletionChoosingPolicyTemplate.java:chooseContainerForBlockDeletion(83)) - Chosen 0/5000 blocks from 0 candidate containers.
2023-04-24 08:16:31,836 [BlockDeletingService#6] INFO  interfaces.ContainerDeletionChoosingPolicyTemplate (ContainerDeletionChoosingPolicyTemplate.java:chooseContainerForBlockDeletion(83)) - Chosen 0/5000 blocks from 0 candidate containers.
2023-04-24 08:16:31,936 [BlockDeletingService#2] INFO  interfaces.ContainerDeletionChoosingPolicyTemplate (ContainerDeletionChoosingPolicyTemplate.java:chooseContainerForBlockDeletion(83)) - Chosen 0/5000 blocks from 0 candidate containers.
2023-04-24 08:16:31,937 [BlockDeletingService#6] INFO  interfaces.ContainerDeletionChoosingPolicyTemplate (ContainerDeletionChoosingPolicyTemplate.java:chooseContainerForBlockDeletion(83)) - Chosen 0/5000 blocks from 0 candidate containers.
2023-04-24 08:16:31,949 [FixedThreadPoolWithAffinityExecutor-9-0] WARN  container.ContainerReportHandler (AbstractContainerReportHandler.java:updateContainerState(259)) - Container #1 is in OPEN state, but the datanode 444322bb-4321-4e38-998a-96758a8a198b(fv-az212-956.zlodpucb4l4udavnfxg5s20dva.cx.internal.cloudapp.net/10.1.0.80) reports an CLOSED replica.
2023-04-24 08:16:31,987 [FixedThreadPoolWithAffinityExecutor-9-0] WARN  container.ContainerReportHandler (AbstractContainerReportHandler.java:updateContainerState(259)) - Container #1 is in OPEN state, but the datanode 593f1123-fce2-46ce-a0f5-50a98353a86f(fv-az212-956.zlodpucb4l4udavnfxg5s20dva.cx.internal.cloudapp.net/10.1.0.80) reports an CLOSED replica.
2023-04-24 08:16:32,037 [BlockDeletingService#2] INFO  interfaces.ContainerDeletionChoosingPolicyTemplate (ContainerDeletionChoosingPolicyTemplate.java:chooseContainerForBlockDeletion(83)) - Chosen 0/5000 blocks from 0 candidate containers.
2023-04-24 08:16:32,037 [BlockDeletingService#6] INFO  interfaces.ContainerDeletionChoosingPolicyTemplate (ContainerDeletionChoosingPolicyTemplate.java:chooseContainerForBlockDeletion(83)) - Chosen 0/5000 blocks from 0 candidate containers.
2023-04-24 08:16:32,079 [grpc-default-executor-3] WARN  server.GrpcLogAppender (LogUtils.java:warn(122)) - 593f1123-fce2-46ce-a0f5-50a98353a86f@group-2C65884D69A9->d7f67023-bd71-4164-8161-24a8eb75dffe-AppendLogResponseHandler: Failed appendEntries: org.apache.ratis.thirdparty.io.grpc.StatusRuntimeException: UNAVAILABLE: io exception
2023-04-24 08:16:32,079 [grpc-default-executor-1] WARN  server.GrpcLogAppender (LogUtils.java:warn(122)) - 593f1123-fce2-46ce-a0f5-50a98353a86f@group-2C65884D69A9->d7f67023-bd71-4164-8161-24a8eb75dffe-AppendLogResponseHandler: Failed appendEntries: org.apache.ratis.thirdparty.io.grpc.StatusRuntimeException: UNAVAILABLE: io exception
2023-04-24 08:16:32,080 [grpc-default-executor-3] WARN  server.GrpcLogAppender (GrpcLogAppender.java:resetClient(131)) - 593f1123-fce2-46ce-a0f5-50a98353a86f@group-2C65884D69A9->d7f67023-bd71-4164-8161-24a8eb75dffe-GrpcLogAppender: Leader has not got in touch with Follower 593f1123-fce2-46ce-a0f5-50a98353a86f@group-2C65884D69A9->d7f67023-bd71-4164-8161-24a8eb75dffe(c-1,m0,n6, attendVote=true, lastRpcSendTime=0, lastRpcResponseTime=57839) yet, just keep nextIndex unchanged and retry.
2023-04-24 08:16:32,081 [grpc-default-executor-1] WARN  server.GrpcLogAppender (GrpcLogAppender.java:resetClient(131)) - 593f1123-fce2-46ce-a0f5-50a98353a86f@group-2C65884D69A9->d7f67023-bd71-4164-8161-24a8eb75dffe-GrpcLogAppender: Leader has not got in touch with Follower 593f1123-fce2-46ce-a0f5-50a98353a86f@group-2C65884D69A9->d7f67023-bd71-4164-8161-24a8eb75dffe(c-1,m0,n6, attendVote=true, lastRpcSendTime=1, lastRpcResponseTime=57840) yet, just keep nextIndex unchanged and retry.
2023-04-24 08:16:32,137 [BlockDeletingService#2] INFO  interfaces.ContainerDeletionChoosingPolicyTemplate (ContainerDeletionChoosingPolicyTemplate.java:chooseContainerForBlockDeletion(83)) - Chosen 0/5000 blocks from 0 candidate containers.
2023-04-24 08:16:32,137 [BlockDeletingService#6] INFO  interfaces.ContainerDeletionChoosingPolicyTemplate (ContainerDeletionChoosingPolicyTemplate.java:chooseContainerForBlockDeletion(83)) - Chosen 0/5000 blocks from 0 candidate containers.
2023-04-24 08:16:32,237 [BlockDeletingService#2] INFO  interfaces.ContainerDeletionChoosingPolicyTemplate (ContainerDeletionChoosingPolicyTemplate.java:chooseContainerForBlockDeletion(83)) - Chosen 0/5000 blocks from 0 candidate containers.
2023-04-24 08:16:32,237 [BlockDeletingService#6] INFO  interfaces.ContainerDeletionChoosingPolicyTemplate (ContainerDeletionChoosingPolicyTemplate.java:chooseContainerForBlockDeletion(83)) - Chosen 0/5000 blocks from 0 candidate containers.
2023-04-24 08:16:32,248 [FixedThreadPoolWithAffinityExecutor-9-0] WARN  container.ContainerReportHandler (AbstractContainerReportHandler.java:updateContainerState(259)) - Container #1 is in OPEN state, but the datanode 444322bb-4321-4e38-998a-96758a8a198b(fv-az212-956.zlodpucb4l4udavnfxg5s20dva.cx.internal.cloudapp.net/10.1.0.80) reports an CLOSED replica.
2023-04-24 08:16:32,287 [FixedThreadPoolWithAffinityExecutor-9-0] WARN  container.ContainerReportHandler (AbstractContainerReportHandler.java:updateContainerState(259)) - Container #1 is in OPEN state, but the datanode 593f1123-fce2-46ce-a0f5-50a98353a86f(fv-az212-956.zlodpucb4l4udavnfxg5s20dva.cx.internal.cloudapp.net/10.1.0.80) reports an CLOSED replica.
2023-04-24 08:16:32,337 [BlockDeletingService#2] INFO  interfaces.ContainerDeletionChoosingPolicyTemplate (ContainerDeletionChoosingPolicyTemplate.java:chooseContainerForBlockDeletion(83)) - Chosen 0/5000 blocks from 0 candidate containers.
2023-04-24 08:16:32,338 [BlockDeletingService#6] INFO  interfaces.ContainerDeletionChoosingPolicyTemplate (ContainerDeletionChoosingPolicyTemplate.java:chooseContainerForBlockDeletion(83)) - Chosen 0/5000 blocks from 0 candidate containers.
2023-04-24 08:16:32,438 [BlockDeletingService#2] INFO  interfaces.ContainerDeletionChoosingPolicyTemplate (ContainerDeletionChoosingPolicyTemplate.java:chooseContainerForBlockDeletion(83)) - Chosen 0/5000 blocks from 0 candidate containers.
2023-04-24 08:16:32,438 [BlockDeletingService#6] INFO  interfaces.ContainerDeletionChoosingPolicyTemplate (ContainerDeletionChoosingPolicyTemplate.java:chooseContainerForBlockDeletion(83)) - Chosen 0/5000 blocks from 0 candidate containers.
2023-04-24 08:16:32,448 [FixedThreadPoolWithAffinityExecutor-9-0] WARN  container.ContainerReportHandler (AbstractContainerReportHandler.java:updateContainerState(259)) - Container #1 is in OPEN state, but the datanode 444322bb-4321-4e38-998a-96758a8a198b(fv-az212-956.zlodpucb4l4udavnfxg5s20dva.cx.internal.cloudapp.net/10.1.0.80) reports an CLOSED replica.
2023-04-24 08:16:32,538 [BlockDeletingService#2] INFO  interfaces.ContainerDeletionChoosingPolicyTemplate (ContainerDeletionChoosingPolicyTemplate.java:chooseContainerForBlockDeletion(83)) - Chosen 0/5000 blocks from 0 candidate containers.
2023-04-24 08:16:32,538 [BlockDeletingService#6] INFO  interfaces.ContainerDeletionChoosingPolicyTemplate (ContainerDeletionChoosingPolicyTemplate.java:chooseContainerForBlockDeletion(83)) - Chosen 0/5000 blocks from 0 candidate containers.
2023-04-24 08:16:32,588 [FixedThreadPoolWithAffinityExecutor-9-0] WARN  container.ContainerReportHandler (AbstractContainerReportHandler.java:updateContainerState(259)) - Container #1 is in OPEN state, but the datanode 593f1123-fce2-46ce-a0f5-50a98353a86f(fv-az212-956.zlodpucb4l4udavnfxg5s20dva.cx.internal.cloudapp.net/10.1.0.80) reports an CLOSED replica.
2023-04-24 08:16:32,638 [BlockDeletingService#2] INFO  interfaces.ContainerDeletionChoosingPolicyTemplate (ContainerDeletionChoosingPolicyTemplate.java:chooseContainerForBlockDeletion(83)) - Chosen 0/5000 blocks from 0 candidate containers.
2023-04-24 08:16:32,638 [BlockDeletingService#6] INFO  interfaces.ContainerDeletionChoosingPolicyTemplate (ContainerDeletionChoosingPolicyTemplate.java:chooseContainerForBlockDeletion(83)) - Chosen 0/5000 blocks from 0 candidate containers.
2023-04-24 08:16:32,738 [BlockDeletingService#2] INFO  interfaces.ContainerDeletionChoosingPolicyTemplate (ContainerDeletionChoosingPolicyTemplate.java:chooseContainerForBlockDeletion(83)) - Chosen 0/5000 blocks from 0 candidate containers.
2023-04-24 08:16:32,738 [BlockDeletingService#6] INFO  interfaces.ContainerDeletionChoosingPolicyTemplate (ContainerDeletionChoosingPolicyTemplate.java:chooseContainerForBlockDeletion(83)) - Chosen 0/5000 blocks from 0 candidate containers.
2023-04-24 08:16:32,748 [FixedThreadPoolWithAffinityExecutor-9-0] WARN  container.ContainerReportHandler (AbstractContainerReportHandler.java:updateContainerState(259)) - Container #1 is in OPEN state, but the datanode 444322bb-4321-4e38-998a-96758a8a198b(fv-az212-956.zlodpucb4l4udavnfxg5s20dva.cx.internal.cloudapp.net/10.1.0.80) reports an CLOSED replica.
2023-04-24 08:16:32,839 [BlockDeletingService#2] INFO  interfaces.ContainerDeletionChoosingPolicyTemplate (ContainerDeletionChoosingPolicyTemplate.java:chooseContainerForBlockDeletion(83)) - Chosen 0/5000 blocks from 0 candidate containers.
2023-04-24 08:16:32,839 [BlockDeletingService#6] INFO  interfaces.ContainerDeletionChoosingPolicyTemplate (ContainerDeletionChoosingPolicyTemplate.java:chooseContainerForBlockDeletion(83)) - Chosen 0/5000 blocks from 0 candidate containers.
2023-04-24 08:16:32,887 [FixedThreadPoolWithAffinityExecutor-9-0] WARN  container.ContainerReportHandler (AbstractContainerReportHandler.java:updateContainerState(259)) - Container #1 is in OPEN state, but the datanode 593f1123-fce2-46ce-a0f5-50a98353a86f(fv-az212-956.zlodpucb4l4udavnfxg5s20dva.cx.internal.cloudapp.net/10.1.0.80) reports an CLOSED replica.
2023-04-24 08:16:32,939 [BlockDeletingService#2] INFO  interfaces.ContainerDeletionChoosingPolicyTemplate (ContainerDeletionChoosingPolicyTemplate.java:chooseContainerForBlockDeletion(83)) - Chosen 0/5000 blocks from 0 candidate containers.
2023-04-24 08:16:32,939 [BlockDeletingService#6] INFO  interfaces.ContainerDeletionChoosingPolicyTemplate (ContainerDeletionChoosingPolicyTemplate.java:chooseContainerForBlockDeletion(83)) - Chosen 0/5000 blocks from 0 candidate containers.
2023-04-24 08:16:33,039 [BlockDeletingService#2] INFO  interfaces.ContainerDeletionChoosingPolicyTemplate (ContainerDeletionChoosingPolicyTemplate.java:chooseContainerForBlockDeletion(83)) - Chosen 0/5000 blocks from 0 candidate containers.
2023-04-24 08:16:33,039 [BlockDeletingService#6] INFO  interfaces.ContainerDeletionChoosingPolicyTemplate (ContainerDeletionChoosingPolicyTemplate.java:chooseContainerForBlockDeletion(83)) - Chosen 0/5000 blocks from 0 candidate containers.
2023-04-24 08:16:33,049 [FixedThreadPoolWithAffinityExecutor-9-0] WARN  container.ContainerReportHandler (AbstractContainerReportHandler.java:updateContainerState(259)) - Container #1 is in OPEN state, but the datanode 444322bb-4321-4e38-998a-96758a8a198b(fv-az212-956.zlodpucb4l4udavnfxg5s20dva.cx.internal.cloudapp.net/10.1.0.80) reports an CLOSED replica.
2023-04-24 08:16:33,139 [BlockDeletingService#2] INFO  interfaces.ContainerDeletionChoosingPolicyTemplate (ContainerDeletionChoosingPolicyTemplate.java:chooseContainerForBlockDeletion(83)) - Chosen 0/5000 blocks from 0 candidate containers.
2023-04-24 08:16:33,139 [BlockDeletingService#6] INFO  interfaces.ContainerDeletionChoosingPolicyTemplate (ContainerDeletionChoosingPolicyTemplate.java:chooseContainerForBlockDeletion(83)) - Chosen 0/5000 blocks from 0 candidate containers.
2023-04-24 08:16:33,188 [FixedThreadPoolWithAffinityExecutor-9-0] WARN  container.ContainerReportHandler (AbstractContainerReportHandler.java:updateContainerState(259)) - Container #1 is in OPEN state, but the datanode 593f1123-fce2-46ce-a0f5-50a98353a86f(fv-az212-956.zlodpucb4l4udavnfxg5s20dva.cx.internal.cloudapp.net/10.1.0.80) reports an CLOSED replica.
2023-04-24 08:16:33,239 [BlockDeletingService#2] INFO  interfaces.ContainerDeletionChoosingPolicyTemplate (ContainerDeletionChoosingPolicyTemplate.java:chooseContainerForBlockDeletion(83)) - Chosen 0/5000 blocks from 0 candidate containers.
2023-04-24 08:16:33,240 [BlockDeletingService#6] INFO  interfaces.ContainerDeletionChoosingPolicyTemplate (ContainerDeletionChoosingPolicyTemplate.java:chooseContainerForBlockDeletion(83)) - Chosen 0/5000 blocks from 0 candidate containers.
2023-04-24 08:16:33,329 [grpc-default-executor-1] WARN  server.GrpcLogAppender (LogUtils.java:warn(122)) - 593f1123-fce2-46ce-a0f5-50a98353a86f@group-2C65884D69A9->d7f67023-bd71-4164-8161-24a8eb75dffe-AppendLogResponseHandler: Failed appendEntries: org.apache.ratis.thirdparty.io.grpc.StatusRuntimeException: UNAVAILABLE: io exception
2023-04-24 08:16:33,329 [grpc-default-executor-3] WARN  server.GrpcLogAppender (LogUtils.java:warn(122)) - 593f1123-fce2-46ce-a0f5-50a98353a86f@group-2C65884D69A9->d7f67023-bd71-4164-8161-24a8eb75dffe-AppendLogResponseHandler: Failed appendEntries: org.apache.ratis.thirdparty.io.grpc.StatusRuntimeException: UNAVAILABLE: io exception
2023-04-24 08:16:33,330 [grpc-default-executor-1] WARN  server.GrpcLogAppender (GrpcLogAppender.java:resetClient(131)) - 593f1123-fce2-46ce-a0f5-50a98353a86f@group-2C65884D69A9->d7f67023-bd71-4164-8161-24a8eb75dffe-GrpcLogAppender: Leader has not got in touch with Follower 593f1123-fce2-46ce-a0f5-50a98353a86f@group-2C65884D69A9->d7f67023-bd71-4164-8161-24a8eb75dffe(c-1,m0,n6, attendVote=true, lastRpcSendTime=0, lastRpcResponseTime=59089) yet, just keep nextIndex unchanged and retry.
2023-04-24 08:16:33,331 [grpc-default-executor-3] WARN  server.GrpcLogAppender (GrpcLogAppender.java:resetClient(131)) - 593f1123-fce2-46ce-a0f5-50a98353a86f@group-2C65884D69A9->d7f67023-bd71-4164-8161-24a8eb75dffe-GrpcLogAppender: Leader has not got in touch with Follower 593f1123-fce2-46ce-a0f5-50a98353a86f@group-2C65884D69A9->d7f67023-bd71-4164-8161-24a8eb75dffe(c-1,m0,n6, attendVote=true, lastRpcSendTime=1, lastRpcResponseTime=59090) yet, just keep nextIndex unchanged and retry.
2023-04-24 08:16:33,340 [BlockDeletingService#2] INFO  interfaces.ContainerDeletionChoosingPolicyTemplate (ContainerDeletionChoosingPolicyTemplate.java:chooseContainerForBlockDeletion(83)) - Chosen 0/5000 blocks from 0 candidate containers.
2023-04-24 08:16:33,340 [BlockDeletingService#6] INFO  interfaces.ContainerDeletionChoosingPolicyTemplate (ContainerDeletionChoosingPolicyTemplate.java:chooseContainerForBlockDeletion(83)) - Chosen 0/5000 blocks from 0 candidate containers.
2023-04-24 08:16:33,349 [FixedThreadPoolWithAffinityExecutor-9-0] WARN  container.ContainerReportHandler (AbstractContainerReportHandler.java:updateContainerState(259)) - Container #1 is in OPEN state, but the datanode 444322bb-4321-4e38-998a-96758a8a198b(fv-az212-956.zlodpucb4l4udavnfxg5s20dva.cx.internal.cloudapp.net/10.1.0.80) reports an CLOSED replica.
2023-04-24 08:16:33,440 [BlockDeletingService#2] INFO  interfaces.ContainerDeletionChoosingPolicyTemplate (ContainerDeletionChoosingPolicyTemplate.java:chooseContainerForBlockDeletion(83)) - Chosen 0/5000 blocks from 0 candidate containers.
2023-04-24 08:16:33,440 [BlockDeletingService#6] INFO  interfaces.ContainerDeletionChoosingPolicyTemplate (ContainerDeletionChoosingPolicyTemplate.java:chooseContainerForBlockDeletion(83)) - Chosen 0/5000 blocks from 0 candidate containers.
2023-04-24 08:16:33,488 [FixedThreadPoolWithAffinityExecutor-9-0] WARN  container.ContainerReportHandler (AbstractContainerReportHandler.java:updateContainerState(259)) - Container #1 is in OPEN state, but the datanode 593f1123-fce2-46ce-a0f5-50a98353a86f(fv-az212-956.zlodpucb4l4udavnfxg5s20dva.cx.internal.cloudapp.net/10.1.0.80) reports an CLOSED replica.
2023-04-24 08:16:33,540 [BlockDeletingService#2] INFO  interfaces.ContainerDeletionChoosingPolicyTemplate (ContainerDeletionChoosingPolicyTemplate.java:chooseContainerForBlockDeletion(83)) - Chosen 0/5000 blocks from 0 candidate containers.
2023-04-24 08:16:33,540 [BlockDeletingService#6] INFO  interfaces.ContainerDeletionChoosingPolicyTemplate (ContainerDeletionChoosingPolicyTemplate.java:chooseContainerForBlockDeletion(83)) - Chosen 0/5000 blocks from 0 candidate containers.
2023-04-24 08:16:33,640 [BlockDeletingService#2] INFO  interfaces.ContainerDeletionChoosingPolicyTemplate (ContainerDeletionChoosingPolicyTemplate.java:chooseContainerForBlockDeletion(83)) - Chosen 0/5000 blocks from 0 candidate containers.
2023-04-24 08:16:33,640 [BlockDeletingService#6] INFO  interfaces.ContainerDeletionChoosingPolicyTemplate (ContainerDeletionChoosingPolicyTemplate.java:chooseContainerForBlockDeletion(83)) - Chosen 0/5000 blocks from 0 candidate containers.
2023-04-24 08:16:33,649 [FixedThreadPoolWithAffinityExecutor-9-0] WARN  container.ContainerReportHandler (AbstractContainerReportHandler.java:updateContainerState(259)) - Container #1 is in OPEN state, but the datanode 444322bb-4321-4e38-998a-96758a8a198b(fv-az212-956.zlodpucb4l4udavnfxg5s20dva.cx.internal.cloudapp.net/10.1.0.80) reports an CLOSED replica.
2023-04-24 08:16:33,740 [BlockDeletingService#2] INFO  interfaces.ContainerDeletionChoosingPolicyTemplate (ContainerDeletionChoosingPolicyTemplate.java:chooseContainerForBlockDeletion(83)) - Chosen 0/5000 blocks from 0 candidate containers.
2023-04-24 08:16:33,741 [BlockDeletingService#6] INFO  interfaces.ContainerDeletionChoosingPolicyTemplate (ContainerDeletionChoosingPolicyTemplate.java:chooseContainerForBlockDeletion(83)) - Chosen 0/5000 blocks from 0 candidate containers.
2023-04-24 08:16:33,841 [BlockDeletingService#2] INFO  interfaces.ContainerDeletionChoosingPolicyTemplate (ContainerDeletionChoosingPolicyTemplate.java:chooseContainerForBlockDeletion(83)) - Chosen 0/5000 blocks from 0 candidate containers.
2023-04-24 08:16:33,841 [BlockDeletingService#6] INFO  interfaces.ContainerDeletionChoosingPolicyTemplate (ContainerDeletionChoosingPolicyTemplate.java:chooseContainerForBlockDeletion(83)) - Chosen 0/5000 blocks from 0 candidate containers.
2023-04-24 08:16:33,888 [FixedThreadPoolWithAffinityExecutor-9-0] WARN  container.ContainerReportHandler (AbstractContainerReportHandler.java:updateContainerState(259)) - Container #1 is in OPEN state, but the datanode 593f1123-fce2-46ce-a0f5-50a98353a86f(fv-az212-956.zlodpucb4l4udavnfxg5s20dva.cx.internal.cloudapp.net/10.1.0.80) reports an CLOSED replica.
2023-04-24 08:16:33,941 [BlockDeletingService#2] INFO  interfaces.ContainerDeletionChoosingPolicyTemplate (ContainerDeletionChoosingPolicyTemplate.java:chooseContainerForBlockDeletion(83)) - Chosen 0/5000 blocks from 0 candidate containers.
2023-04-24 08:16:33,941 [BlockDeletingService#6] INFO  interfaces.ContainerDeletionChoosingPolicyTemplate (ContainerDeletionChoosingPolicyTemplate.java:chooseContainerForBlockDeletion(83)) - Chosen 0/5000 blocks from 0 candidate containers.
2023-04-24 08:16:33,949 [FixedThreadPoolWithAffinityExecutor-9-0] WARN  container.ContainerReportHandler (AbstractContainerReportHandler.java:updateContainerState(259)) - Container #1 is in OPEN state, but the datanode 444322bb-4321-4e38-998a-96758a8a198b(fv-az212-956.zlodpucb4l4udavnfxg5s20dva.cx.internal.cloudapp.net/10.1.0.80) reports an CLOSED replica.
2023-04-24 08:16:34,041 [BlockDeletingService#2] INFO  interfaces.ContainerDeletionChoosingPolicyTemplate (ContainerDeletionChoosingPolicyTemplate.java:chooseContainerForBlockDeletion(83)) - Chosen 0/5000 blocks from 0 candidate containers.
2023-04-24 08:16:34,041 [BlockDeletingService#6] INFO  interfaces.ContainerDeletionChoosingPolicyTemplate (ContainerDeletionChoosingPolicyTemplate.java:chooseContainerForBlockDeletion(83)) - Chosen 0/5000 blocks from 0 candidate containers.
2023-04-24 08:16:34,141 [BlockDeletingService#2] INFO  interfaces.ContainerDeletionChoosingPolicyTemplate (ContainerDeletionChoosingPolicyTemplate.java:chooseContainerForBlockDeletion(83)) - Chosen 0/5000 blocks from 0 candidate containers.
2023-04-24 08:16:34,142 [BlockDeletingService#6] INFO  interfaces.ContainerDeletionChoosingPolicyTemplate (ContainerDeletionChoosingPolicyTemplate.java:chooseContainerForBlockDeletion(83)) - Chosen 0/5000 blocks from 0 candidate containers.
2023-04-24 08:16:34,189 [FixedThreadPoolWithAffinityExecutor-9-0] WARN  container.ContainerReportHandler (AbstractContainerReportHandler.java:updateContainerState(259)) - Container #1 is in OPEN state, but the datanode 593f1123-fce2-46ce-a0f5-50a98353a86f(fv-az212-956.zlodpucb4l4udavnfxg5s20dva.cx.internal.cloudapp.net/10.1.0.80) reports an CLOSED replica.
2023-04-24 08:16:34,242 [BlockDeletingService#2] INFO  interfaces.ContainerDeletionChoosingPolicyTemplate (ContainerDeletionChoosingPolicyTemplate.java:chooseContainerForBlockDeletion(83)) - Chosen 0/5000 blocks from 0 candidate containers.
2023-04-24 08:16:34,242 [BlockDeletingService#6] INFO  interfaces.ContainerDeletionChoosingPolicyTemplate (ContainerDeletionChoosingPolicyTemplate.java:chooseContainerForBlockDeletion(83)) - Chosen 0/5000 blocks from 0 candidate containers.
2023-04-24 08:16:34,250 [FixedThreadPoolWithAffinityExecutor-9-0] WARN  container.ContainerReportHandler (AbstractContainerReportHandler.java:updateContainerState(259)) - Container #1 is in OPEN state, but the datanode 444322bb-4321-4e38-998a-96758a8a198b(fv-az212-956.zlodpucb4l4udavnfxg5s20dva.cx.internal.cloudapp.net/10.1.0.80) reports an CLOSED replica.
2023-04-24 08:16:34,342 [BlockDeletingService#2] INFO  interfaces.ContainerDeletionChoosingPolicyTemplate (ContainerDeletionChoosingPolicyTemplate.java:chooseContainerForBlockDeletion(83)) - Chosen 0/5000 blocks from 0 candidate containers.
2023-04-24 08:16:34,342 [BlockDeletingService#6] INFO  interfaces.ContainerDeletionChoosingPolicyTemplate (ContainerDeletionChoosingPolicyTemplate.java:chooseContainerForBlockDeletion(83)) - Chosen 0/5000 blocks from 0 candidate containers.
2023-04-24 08:16:34,442 [BlockDeletingService#2] INFO  interfaces.ContainerDeletionChoosingPolicyTemplate (ContainerDeletionChoosingPolicyTemplate.java:chooseContainerForBlockDeletion(83)) - Chosen 0/5000 blocks from 0 candidate containers.
2023-04-24 08:16:34,442 [BlockDeletingService#6] INFO  interfaces.ContainerDeletionChoosingPolicyTemplate (ContainerDeletionChoosingPolicyTemplate.java:chooseContainerForBlockDeletion(83)) - Chosen 0/5000 blocks from 0 candidate containers.
2023-04-24 08:16:34,490 [FixedThreadPoolWithAffinityExecutor-9-0] WARN  container.ContainerReportHandler (AbstractContainerReportHandler.java:updateContainerState(259)) - Container #1 is in OPEN state, but the datanode 593f1123-fce2-46ce-a0f5-50a98353a86f(fv-az212-956.zlodpucb4l4udavnfxg5s20dva.cx.internal.cloudapp.net/10.1.0.80) reports an CLOSED replica.
2023-04-24 08:16:34,542 [BlockDeletingService#2] INFO  interfaces.ContainerDeletionChoosingPolicyTemplate (ContainerDeletionChoosingPolicyTemplate.java:chooseContainerForBlockDeletion(83)) - Chosen 0/5000 blocks from 0 candidate containers.
2023-04-24 08:16:34,542 [BlockDeletingService#6] INFO  interfaces.ContainerDeletionChoosingPolicyTemplate (ContainerDeletionChoosingPolicyTemplate.java:chooseContainerForBlockDeletion(83)) - Chosen 0/5000 blocks from 0 candidate containers.
2023-04-24 08:16:34,550 [FixedThreadPoolWithAffinityExecutor-9-0] WARN  container.ContainerReportHandler (AbstractContainerReportHandler.java:updateContainerState(259)) - Container #1 is in OPEN state, but the datanode 444322bb-4321-4e38-998a-96758a8a198b(fv-az212-956.zlodpucb4l4udavnfxg5s20dva.cx.internal.cloudapp.net/10.1.0.80) reports an CLOSED replica.
2023-04-24 08:16:34,580 [grpc-default-executor-3] WARN  server.GrpcLogAppender (LogUtils.java:warn(122)) - 593f1123-fce2-46ce-a0f5-50a98353a86f@group-2C65884D69A9->d7f67023-bd71-4164-8161-24a8eb75dffe-AppendLogResponseHandler: Failed appendEntries: org.apache.ratis.thirdparty.io.grpc.StatusRuntimeException: UNAVAILABLE: io exception
2023-04-24 08:16:34,581 [grpc-default-executor-3] WARN  server.GrpcLogAppender (GrpcLogAppender.java:resetClient(131)) - 593f1123-fce2-46ce-a0f5-50a98353a86f@group-2C65884D69A9->d7f67023-bd71-4164-8161-24a8eb75dffe-GrpcLogAppender: Leader has not got in touch with Follower 593f1123-fce2-46ce-a0f5-50a98353a86f@group-2C65884D69A9->d7f67023-bd71-4164-8161-24a8eb75dffe(c-1,m0,n6, attendVote=true, lastRpcSendTime=0, lastRpcResponseTime=60340) yet, just keep nextIndex unchanged and retry.
2023-04-24 08:16:34,580 [grpc-default-executor-1] WARN  server.GrpcLogAppender (LogUtils.java:warn(122)) - 593f1123-fce2-46ce-a0f5-50a98353a86f@group-2C65884D69A9->d7f67023-bd71-4164-8161-24a8eb75dffe-AppendLogResponseHandler: Failed appendEntries: org.apache.ratis.thirdparty.io.grpc.StatusRuntimeException: UNAVAILABLE: io exception
2023-04-24 08:16:34,582 [grpc-default-executor-1] WARN  server.GrpcLogAppender (GrpcLogAppender.java:resetClient(131)) - 593f1123-fce2-46ce-a0f5-50a98353a86f@group-2C65884D69A9->d7f67023-bd71-4164-8161-24a8eb75dffe-GrpcLogAppender: Leader has not got in touch with Follower 593f1123-fce2-46ce-a0f5-50a98353a86f@group-2C65884D69A9->d7f67023-bd71-4164-8161-24a8eb75dffe(c-1,m0,n6, attendVote=true, lastRpcSendTime=1, lastRpcResponseTime=60341) yet, just keep nextIndex unchanged and retry.
2023-04-24 08:16:34,643 [BlockDeletingService#2] INFO  interfaces.ContainerDeletionChoosingPolicyTemplate (ContainerDeletionChoosingPolicyTemplate.java:chooseContainerForBlockDeletion(83)) - Chosen 0/5000 blocks from 0 candidate containers.
2023-04-24 08:16:34,643 [BlockDeletingService#6] INFO  interfaces.ContainerDeletionChoosingPolicyTemplate (ContainerDeletionChoosingPolicyTemplate.java:chooseContainerForBlockDeletion(83)) - Chosen 0/5000 blocks from 0 candidate containers.
2023-04-24 08:16:34,743 [BlockDeletingService#2] INFO  interfaces.ContainerDeletionChoosingPolicyTemplate (ContainerDeletionChoosingPolicyTemplate.java:chooseContainerForBlockDeletion(83)) - Chosen 0/5000 blocks from 0 candidate containers.
2023-04-24 08:16:34,743 [BlockDeletingService#6] INFO  interfaces.ContainerDeletionChoosingPolicyTemplate (ContainerDeletionChoosingPolicyTemplate.java:chooseContainerForBlockDeletion(83)) - Chosen 0/5000 blocks from 0 candidate containers.
2023-04-24 08:16:34,790 [FixedThreadPoolWithAffinityExecutor-9-0] WARN  container.ContainerReportHandler (AbstractContainerReportHandler.java:updateContainerState(259)) - Container #1 is in OPEN state, but the datanode 593f1123-fce2-46ce-a0f5-50a98353a86f(fv-az212-956.zlodpucb4l4udavnfxg5s20dva.cx.internal.cloudapp.net/10.1.0.80) reports an CLOSED replica.
2023-04-24 08:16:34,843 [BlockDeletingService#2] INFO  interfaces.ContainerDeletionChoosingPolicyTemplate (ContainerDeletionChoosingPolicyTemplate.java:chooseContainerForBlockDeletion(83)) - Chosen 0/5000 blocks from 0 candidate containers.
2023-04-24 08:16:34,843 [BlockDeletingService#6] INFO  interfaces.ContainerDeletionChoosingPolicyTemplate (ContainerDeletionChoosingPolicyTemplate.java:chooseContainerForBlockDeletion(83)) - Chosen 0/5000 blocks from 0 candidate containers.
2023-04-24 08:16:34,851 [FixedThreadPoolWithAffinityExecutor-9-0] WARN  container.ContainerReportHandler (AbstractContainerReportHandler.java:updateContainerState(259)) - Container #1 is in OPEN state, but the datanode 444322bb-4321-4e38-998a-96758a8a198b(fv-az212-956.zlodpucb4l4udavnfxg5s20dva.cx.internal.cloudapp.net/10.1.0.80) reports an CLOSED replica.
2023-04-24 08:16:34,943 [BlockDeletingService#2] INFO  interfaces.ContainerDeletionChoosingPolicyTemplate (ContainerDeletionChoosingPolicyTemplate.java:chooseContainerForBlockDeletion(83)) - Chosen 0/5000 blocks from 0 candidate containers.
2023-04-24 08:16:34,943 [BlockDeletingService#6] INFO  interfaces.ContainerDeletionChoosingPolicyTemplate (ContainerDeletionChoosingPolicyTemplate.java:chooseContainerForBlockDeletion(83)) - Chosen 0/5000 blocks from 0 candidate containers.
2023-04-24 08:16:35,043 [BlockDeletingService#2] INFO  interfaces.ContainerDeletionChoosingPolicyTemplate (ContainerDeletionChoosingPolicyTemplate.java:chooseContainerForBlockDeletion(83)) - Chosen 0/5000 blocks from 0 candidate containers.
2023-04-24 08:16:35,045 [BlockDeletingService#6] INFO  interfaces.ContainerDeletionChoosingPolicyTemplate (ContainerDeletionChoosingPolicyTemplate.java:chooseContainerForBlockDeletion(83)) - Chosen 0/5000 blocks from 0 candidate containers.
2023-04-24 08:16:35,091 [FixedThreadPoolWithAffinityExecutor-9-0] WARN  container.ContainerReportHandler (AbstractContainerReportHandler.java:updateContainerState(259)) - Container #1 is in OPEN state, but the datanode 593f1123-fce2-46ce-a0f5-50a98353a86f(fv-az212-956.zlodpucb4l4udavnfxg5s20dva.cx.internal.cloudapp.net/10.1.0.80) reports an CLOSED replica.
2023-04-24 08:16:35,144 [BlockDeletingService#2] INFO  interfaces.ContainerDeletionChoosingPolicyTemplate (ContainerDeletionChoosingPolicyTemplate.java:chooseContainerForBlockDeletion(83)) - Chosen 0/5000 blocks from 0 candidate containers.
2023-04-24 08:16:35,145 [BlockDeletingService#6] INFO  interfaces.ContainerDeletionChoosingPolicyTemplate (ContainerDeletionChoosingPolicyTemplate.java:chooseContainerForBlockDeletion(83)) - Chosen 0/5000 blocks from 0 candidate containers.
2023-04-24 08:16:35,152 [FixedThreadPoolWithAffinityExecutor-9-0] WARN  container.ContainerReportHandler (AbstractContainerReportHandler.java:updateContainerState(259)) - Container #1 is in OPEN state, but the datanode 444322bb-4321-4e38-998a-96758a8a198b(fv-az212-956.zlodpucb4l4udavnfxg5s20dva.cx.internal.cloudapp.net/10.1.0.80) reports an CLOSED replica.
2023-04-24 08:16:35,244 [BlockDeletingService#2] INFO  interfaces.ContainerDeletionChoosingPolicyTemplate (ContainerDeletionChoosingPolicyTemplate.java:chooseContainerForBlockDeletion(83)) - Chosen 0/5000 blocks from 0 candidate containers.
2023-04-24 08:16:35,246 [BlockDeletingService#6] INFO  interfaces.ContainerDeletionChoosingPolicyTemplate (ContainerDeletionChoosingPolicyTemplate.java:chooseContainerForBlockDeletion(83)) - Chosen 0/5000 blocks from 0 candidate containers.
2023-04-24 08:16:35,344 [BlockDeletingService#2] INFO  interfaces.ContainerDeletionChoosingPolicyTemplate (ContainerDeletionChoosingPolicyTemplate.java:chooseContainerForBlockDeletion(83)) - Chosen 0/5000 blocks from 0 candidate containers.
2023-04-24 08:16:35,346 [BlockDeletingService#6] INFO  interfaces.ContainerDeletionChoosingPolicyTemplate (ContainerDeletionChoosingPolicyTemplate.java:chooseContainerForBlockDeletion(83)) - Chosen 0/5000 blocks from 0 candidate containers.
2023-04-24 08:16:35,352 [FixedThreadPoolWithAffinityExecutor-9-0] WARN  container.ContainerReportHandler (AbstractContainerReportHandler.java:updateContainerState(259)) - Container #1 is in OPEN state, but the datanode 444322bb-4321-4e38-998a-96758a8a198b(fv-az212-956.zlodpucb4l4udavnfxg5s20dva.cx.internal.cloudapp.net/10.1.0.80) reports an CLOSED replica.
2023-04-24 08:16:35,391 [FixedThreadPoolWithAffinityExecutor-9-0] WARN  container.ContainerReportHandler (AbstractContainerReportHandler.java:updateContainerState(259)) - Container #1 is in OPEN state, but the datanode 593f1123-fce2-46ce-a0f5-50a98353a86f(fv-az212-956.zlodpucb4l4udavnfxg5s20dva.cx.internal.cloudapp.net/10.1.0.80) reports an CLOSED replica.
2023-04-24 08:16:35,444 [BlockDeletingService#2] INFO  interfaces.ContainerDeletionChoosingPolicyTemplate (ContainerDeletionChoosingPolicyTemplate.java:chooseContainerForBlockDeletion(83)) - Chosen 0/5000 blocks from 0 candidate containers.
2023-04-24 08:16:35,446 [BlockDeletingService#6] INFO  interfaces.ContainerDeletionChoosingPolicyTemplate (ContainerDeletionChoosingPolicyTemplate.java:chooseContainerForBlockDeletion(83)) - Chosen 0/5000 blocks from 0 candidate containers.
2023-04-24 08:16:35,544 [BlockDeletingService#2] INFO  interfaces.ContainerDeletionChoosingPolicyTemplate (ContainerDeletionChoosingPolicyTemplate.java:chooseContainerForBlockDeletion(83)) - Chosen 0/5000 blocks from 0 candidate containers.
2023-04-24 08:16:35,546 [BlockDeletingService#6] INFO  interfaces.ContainerDeletionChoosingPolicyTemplate (ContainerDeletionChoosingPolicyTemplate.java:chooseContainerForBlockDeletion(83)) - Chosen 0/5000 blocks from 0 candidate containers.
2023-04-24 08:16:35,645 [BlockDeletingService#2] INFO  interfaces.ContainerDeletionChoosingPolicyTemplate (ContainerDeletionChoosingPolicyTemplate.java:chooseContainerForBlockDeletion(83)) - Chosen 0/5000 blocks from 0 candidate containers.
2023-04-24 08:16:35,646 [BlockDeletingService#6] INFO  interfaces.ContainerDeletionChoosingPolicyTemplate (ContainerDeletionChoosingPolicyTemplate.java:chooseContainerForBlockDeletion(83)) - Chosen 0/5000 blocks from 0 candidate containers.
2023-04-24 08:16:35,652 [FixedThreadPoolWithAffinityExecutor-9-0] WARN  container.ContainerReportHandler (AbstractContainerReportHandler.java:updateContainerState(259)) - Container #1 is in OPEN state, but the datanode 444322bb-4321-4e38-998a-96758a8a198b(fv-az212-956.zlodpucb4l4udavnfxg5s20dva.cx.internal.cloudapp.net/10.1.0.80) reports an CLOSED replica.
2023-04-24 08:16:35,697 [FixedThreadPoolWithAffinityExecutor-9-0] WARN  container.ContainerReportHandler (AbstractContainerReportHandler.java:updateContainerState(259)) - Container #1 is in OPEN state, but the datanode 593f1123-fce2-46ce-a0f5-50a98353a86f(fv-az212-956.zlodpucb4l4udavnfxg5s20dva.cx.internal.cloudapp.net/10.1.0.80) reports an CLOSED replica.
2023-04-24 08:16:35,745 [BlockDeletingService#2] INFO  interfaces.ContainerDeletionChoosingPolicyTemplate (ContainerDeletionChoosingPolicyTemplate.java:chooseContainerForBlockDeletion(83)) - Chosen 0/5000 blocks from 0 candidate containers.
2023-04-24 08:16:35,746 [BlockDeletingService#6] INFO  interfaces.ContainerDeletionChoosingPolicyTemplate (ContainerDeletionChoosingPolicyTemplate.java:chooseContainerForBlockDeletion(83)) - Chosen 0/5000 blocks from 0 candidate containers.
2023-04-24 08:16:35,830 [grpc-default-executor-3] WARN  server.GrpcLogAppender (LogUtils.java:warn(122)) - 593f1123-fce2-46ce-a0f5-50a98353a86f@group-2C65884D69A9->d7f67023-bd71-4164-8161-24a8eb75dffe-AppendLogResponseHandler: Failed appendEntries: org.apache.ratis.thirdparty.io.grpc.StatusRuntimeException: UNAVAILABLE: io exception
2023-04-24 08:16:35,831 [grpc-default-executor-3] WARN  server.GrpcLogAppender (GrpcLogAppender.java:resetClient(131)) - 593f1123-fce2-46ce-a0f5-50a98353a86f@group-2C65884D69A9->d7f67023-bd71-4164-8161-24a8eb75dffe-GrpcLogAppender: Leader has not got in touch with Follower 593f1123-fce2-46ce-a0f5-50a98353a86f@group-2C65884D69A9->d7f67023-bd71-4164-8161-24a8eb75dffe(c-1,m0,n6, attendVote=true, lastRpcSendTime=0, lastRpcResponseTime=61590) yet, just keep nextIndex unchanged and retry.
2023-04-24 08:16:35,831 [grpc-default-executor-1] WARN  server.GrpcLogAppender (LogUtils.java:warn(122)) - 593f1123-fce2-46ce-a0f5-50a98353a86f@group-2C65884D69A9->d7f67023-bd71-4164-8161-24a8eb75dffe-AppendLogResponseHandler: Failed appendEntries: org.apache.ratis.thirdparty.io.grpc.StatusRuntimeException: UNAVAILABLE: io exception
2023-04-24 08:16:35,831 [grpc-default-executor-1] WARN  server.GrpcLogAppender (GrpcLogAppender.java:resetClient(131)) - 593f1123-fce2-46ce-a0f5-50a98353a86f@group-2C65884D69A9->d7f67023-bd71-4164-8161-24a8eb75dffe-GrpcLogAppender: Leader has not got in touch with Follower 593f1123-fce2-46ce-a0f5-50a98353a86f@group-2C65884D69A9->d7f67023-bd71-4164-8161-24a8eb75dffe(c-1,m0,n6, attendVote=true, lastRpcSendTime=1, lastRpcResponseTime=61590) yet, just keep nextIndex unchanged and retry.
2023-04-24 08:16:35,845 [BlockDeletingService#2] INFO  interfaces.ContainerDeletionChoosingPolicyTemplate (ContainerDeletionChoosingPolicyTemplate.java:chooseContainerForBlockDeletion(83)) - Chosen 0/5000 blocks from 0 candidate containers.
2023-04-24 08:16:35,846 [BlockDeletingService#6] INFO  interfaces.ContainerDeletionChoosingPolicyTemplate (ContainerDeletionChoosingPolicyTemplate.java:chooseContainerForBlockDeletion(83)) - Chosen 0/5000 blocks from 0 candidate containers.
2023-04-24 08:16:35,945 [BlockDeletingService#2] INFO  interfaces.ContainerDeletionChoosingPolicyTemplate (ContainerDeletionChoosingPolicyTemplate.java:chooseContainerForBlockDeletion(83)) - Chosen 0/5000 blocks from 0 candidate containers.
2023-04-24 08:16:35,946 [BlockDeletingService#6] INFO  interfaces.ContainerDeletionChoosingPolicyTemplate (ContainerDeletionChoosingPolicyTemplate.java:chooseContainerForBlockDeletion(83)) - Chosen 0/5000 blocks from 0 candidate containers.
2023-04-24 08:16:35,953 [FixedThreadPoolWithAffinityExecutor-9-0] WARN  container.ContainerReportHandler (AbstractContainerReportHandler.java:updateContainerState(259)) - Container #1 is in OPEN state, but the datanode 444322bb-4321-4e38-998a-96758a8a198b(fv-az212-956.zlodpucb4l4udavnfxg5s20dva.cx.internal.cloudapp.net/10.1.0.80) reports an CLOSED replica.
2023-04-24 08:16:35,997 [FixedThreadPoolWithAffinityExecutor-9-0] WARN  container.ContainerReportHandler (AbstractContainerReportHandler.java:updateContainerState(259)) - Container #1 is in OPEN state, but the datanode 593f1123-fce2-46ce-a0f5-50a98353a86f(fv-az212-956.zlodpucb4l4udavnfxg5s20dva.cx.internal.cloudapp.net/10.1.0.80) reports an CLOSED replica.
2023-04-24 08:16:36,045 [BlockDeletingService#2] INFO  interfaces.ContainerDeletionChoosingPolicyTemplate (ContainerDeletionChoosingPolicyTemplate.java:chooseContainerForBlockDeletion(83)) - Chosen 0/5000 blocks from 0 candidate containers.
2023-04-24 08:16:36,046 [BlockDeletingService#6] INFO  interfaces.ContainerDeletionChoosingPolicyTemplate (ContainerDeletionChoosingPolicyTemplate.java:chooseContainerForBlockDeletion(83)) - Chosen 0/5000 blocks from 0 candidate containers.
2023-04-24 08:16:36,146 [BlockDeletingService#2] INFO  interfaces.ContainerDeletionChoosingPolicyTemplate (ContainerDeletionChoosingPolicyTemplate.java:chooseContainerForBlockDeletion(83)) - Chosen 0/5000 blocks from 0 candidate containers.
2023-04-24 08:16:36,147 [BlockDeletingService#6] INFO  interfaces.ContainerDeletionChoosingPolicyTemplate (ContainerDeletionChoosingPolicyTemplate.java:chooseContainerForBlockDeletion(83)) - Chosen 0/5000 blocks from 0 candidate containers.
2023-04-24 08:16:36,246 [BlockDeletingService#2] INFO  interfaces.ContainerDeletionChoosingPolicyTemplate (ContainerDeletionChoosingPolicyTemplate.java:chooseContainerForBlockDeletion(83)) - Chosen 0/5000 blocks from 0 candidate containers.
2023-04-24 08:16:36,247 [BlockDeletingService#6] INFO  interfaces.ContainerDeletionChoosingPolicyTemplate (ContainerDeletionChoosingPolicyTemplate.java:chooseContainerForBlockDeletion(83)) - Chosen 0/5000 blocks from 0 candidate containers.
2023-04-24 08:16:36,253 [FixedThreadPoolWithAffinityExecutor-9-0] WARN  container.ContainerReportHandler (AbstractContainerReportHandler.java:updateContainerState(259)) - Container #1 is in OPEN state, but the datanode 444322bb-4321-4e38-998a-96758a8a198b(fv-az212-956.zlodpucb4l4udavnfxg5s20dva.cx.internal.cloudapp.net/10.1.0.80) reports an CLOSED replica.
2023-04-24 08:16:36,297 [FixedThreadPoolWithAffinityExecutor-9-0] WARN  container.ContainerReportHandler (AbstractContainerReportHandler.java:updateContainerState(259)) - Container #1 is in OPEN state, but the datanode 593f1123-fce2-46ce-a0f5-50a98353a86f(fv-az212-956.zlodpucb4l4udavnfxg5s20dva.cx.internal.cloudapp.net/10.1.0.80) reports an CLOSED replica.
2023-04-24 08:16:36,346 [BlockDeletingService#2] INFO  interfaces.ContainerDeletionChoosingPolicyTemplate (ContainerDeletionChoosingPolicyTemplate.java:chooseContainerForBlockDeletion(83)) - Chosen 0/5000 blocks from 0 candidate containers.
2023-04-24 08:16:36,347 [BlockDeletingService#6] INFO  interfaces.ContainerDeletionChoosingPolicyTemplate (ContainerDeletionChoosingPolicyTemplate.java:chooseContainerForBlockDeletion(83)) - Chosen 0/5000 blocks from 0 candidate containers.
2023-04-24 08:16:36,446 [BlockDeletingService#2] INFO  interfaces.ContainerDeletionChoosingPolicyTemplate (ContainerDeletionChoosingPolicyTemplate.java:chooseContainerForBlockDeletion(83)) - Chosen 0/5000 blocks from 0 candidate containers.
2023-04-24 08:16:36,447 [BlockDeletingService#6] INFO  interfaces.ContainerDeletionChoosingPolicyTemplate (ContainerDeletionChoosingPolicyTemplate.java:chooseContainerForBlockDeletion(83)) - Chosen 0/5000 blocks from 0 candidate containers.
2023-04-24 08:16:36,547 [BlockDeletingService#2] INFO  interfaces.ContainerDeletionChoosingPolicyTemplate (ContainerDeletionChoosingPolicyTemplate.java:chooseContainerForBlockDeletion(83)) - Chosen 0/5000 blocks from 0 candidate containers.
2023-04-24 08:16:36,547 [BlockDeletingService#6] INFO  interfaces.ContainerDeletionChoosingPolicyTemplate (ContainerDeletionChoosingPolicyTemplate.java:chooseContainerForBlockDeletion(83)) - Chosen 0/5000 blocks from 0 candidate containers.
2023-04-24 08:16:36,553 [FixedThreadPoolWithAffinityExecutor-9-0] WARN  container.ContainerReportHandler (AbstractContainerReportHandler.java:updateContainerState(259)) - Container #1 is in OPEN state, but the datanode 444322bb-4321-4e38-998a-96758a8a198b(fv-az212-956.zlodpucb4l4udavnfxg5s20dva.cx.internal.cloudapp.net/10.1.0.80) reports an CLOSED replica.
2023-04-24 08:16:36,598 [FixedThreadPoolWithAffinityExecutor-9-0] WARN  container.ContainerReportHandler (AbstractContainerReportHandler.java:updateContainerState(259)) - Container #1 is in OPEN state, but the datanode 593f1123-fce2-46ce-a0f5-50a98353a86f(fv-az212-956.zlodpucb4l4udavnfxg5s20dva.cx.internal.cloudapp.net/10.1.0.80) reports an CLOSED replica.
2023-04-24 08:16:36,647 [BlockDeletingService#2] INFO  interfaces.ContainerDeletionChoosingPolicyTemplate (ContainerDeletionChoosingPolicyTemplate.java:chooseContainerForBlockDeletion(83)) - Chosen 0/5000 blocks from 0 candidate containers.
2023-04-24 08:16:36,647 [BlockDeletingService#6] INFO  interfaces.ContainerDeletionChoosingPolicyTemplate (ContainerDeletionChoosingPolicyTemplate.java:chooseContainerForBlockDeletion(83)) - Chosen 0/5000 blocks from 0 candidate containers.
2023-04-24 08:16:36,747 [BlockDeletingService#2] INFO  interfaces.ContainerDeletionChoosingPolicyTemplate (ContainerDeletionChoosingPolicyTemplate.java:chooseContainerForBlockDeletion(83)) - Chosen 0/5000 blocks from 0 candidate containers.
2023-04-24 08:16:36,747 [BlockDeletingService#6] INFO  interfaces.ContainerDeletionChoosingPolicyTemplate (ContainerDeletionChoosingPolicyTemplate.java:chooseContainerForBlockDeletion(83)) - Chosen 0/5000 blocks from 0 candidate containers.
2023-04-24 08:16:36,847 [BlockDeletingService#2] INFO  interfaces.ContainerDeletionChoosingPolicyTemplate (ContainerDeletionChoosingPolicyTemplate.java:chooseContainerForBlockDeletion(83)) - Chosen 0/5000 blocks from 0 candidate containers.
2023-04-24 08:16:36,847 [BlockDeletingService#6] INFO  interfaces.ContainerDeletionChoosingPolicyTemplate (ContainerDeletionChoosingPolicyTemplate.java:chooseContainerForBlockDeletion(83)) - Chosen 0/5000 blocks from 0 candidate containers.
2023-04-24 08:16:36,853 [FixedThreadPoolWithAffinityExecutor-9-0] WARN  container.ContainerReportHandler (AbstractContainerReportHandler.java:updateContainerState(259)) - Container #1 is in OPEN state, but the datanode 444322bb-4321-4e38-998a-96758a8a198b(fv-az212-956.zlodpucb4l4udavnfxg5s20dva.cx.internal.cloudapp.net/10.1.0.80) reports an CLOSED replica.
2023-04-24 08:16:36,947 [BlockDeletingService#2] INFO  interfaces.ContainerDeletionChoosingPolicyTemplate (ContainerDeletionChoosingPolicyTemplate.java:chooseContainerForBlockDeletion(83)) - Chosen 0/5000 blocks from 0 candidate containers.
2023-04-24 08:16:36,948 [BlockDeletingService#6] INFO  interfaces.ContainerDeletionChoosingPolicyTemplate (ContainerDeletionChoosingPolicyTemplate.java:chooseContainerForBlockDeletion(83)) - Chosen 0/5000 blocks from 0 candidate containers.
2023-04-24 08:16:36,998 [FixedThreadPoolWithAffinityExecutor-9-0] WARN  container.ContainerReportHandler (AbstractContainerReportHandler.java:updateContainerState(259)) - Container #1 is in OPEN state, but the datanode 593f1123-fce2-46ce-a0f5-50a98353a86f(fv-az212-956.zlodpucb4l4udavnfxg5s20dva.cx.internal.cloudapp.net/10.1.0.80) reports an CLOSED replica.
2023-04-24 08:16:37,048 [BlockDeletingService#2] INFO  interfaces.ContainerDeletionChoosingPolicyTemplate (ContainerDeletionChoosingPolicyTemplate.java:chooseContainerForBlockDeletion(83)) - Chosen 0/5000 blocks from 0 candidate containers.
2023-04-24 08:16:37,048 [BlockDeletingService#6] INFO  interfaces.ContainerDeletionChoosingPolicyTemplate (ContainerDeletionChoosingPolicyTemplate.java:chooseContainerForBlockDeletion(83)) - Chosen 0/5000 blocks from 0 candidate containers.
2023-04-24 08:16:37,081 [grpc-default-executor-1] WARN  server.GrpcLogAppender (LogUtils.java:warn(122)) - 593f1123-fce2-46ce-a0f5-50a98353a86f@group-2C65884D69A9->d7f67023-bd71-4164-8161-24a8eb75dffe-AppendLogResponseHandler: Failed appendEntries: org.apache.ratis.thirdparty.io.grpc.StatusRuntimeException: UNAVAILABLE: io exception
2023-04-24 08:16:37,081 [grpc-default-executor-1] WARN  server.GrpcLogAppender (GrpcLogAppender.java:resetClient(131)) - 593f1123-fce2-46ce-a0f5-50a98353a86f@group-2C65884D69A9->d7f67023-bd71-4164-8161-24a8eb75dffe-GrpcLogAppender: Leader has not got in touch with Follower 593f1123-fce2-46ce-a0f5-50a98353a86f@group-2C65884D69A9->d7f67023-bd71-4164-8161-24a8eb75dffe(c-1,m0,n6, attendVote=true, lastRpcSendTime=0, lastRpcResponseTime=62840) yet, just keep nextIndex unchanged and retry.
2023-04-24 08:16:37,081 [grpc-default-executor-3] WARN  server.GrpcLogAppender (LogUtils.java:warn(122)) - 593f1123-fce2-46ce-a0f5-50a98353a86f@group-2C65884D69A9->d7f67023-bd71-4164-8161-24a8eb75dffe-AppendLogResponseHandler: Failed appendEntries: org.apache.ratis.thirdparty.io.grpc.StatusRuntimeException: UNAVAILABLE: io exception
2023-04-24 08:16:37,082 [grpc-default-executor-3] WARN  server.GrpcLogAppender (GrpcLogAppender.java:resetClient(131)) - 593f1123-fce2-46ce-a0f5-50a98353a86f@group-2C65884D69A9->d7f67023-bd71-4164-8161-24a8eb75dffe-GrpcLogAppender: Leader has not got in touch with Follower 593f1123-fce2-46ce-a0f5-50a98353a86f@group-2C65884D69A9->d7f67023-bd71-4164-8161-24a8eb75dffe(c-1,m0,n6, attendVote=true, lastRpcSendTime=1, lastRpcResponseTime=62841) yet, just keep nextIndex unchanged and retry.
2023-04-24 08:16:37,148 [BlockDeletingService#2] INFO  interfaces.ContainerDeletionChoosingPolicyTemplate (ContainerDeletionChoosingPolicyTemplate.java:chooseContainerForBlockDeletion(83)) - Chosen 0/5000 blocks from 0 candidate containers.
2023-04-24 08:16:37,148 [BlockDeletingService#6] INFO  interfaces.ContainerDeletionChoosingPolicyTemplate (ContainerDeletionChoosingPolicyTemplate.java:chooseContainerForBlockDeletion(83)) - Chosen 0/5000 blocks from 0 candidate containers.
2023-04-24 08:16:37,153 [FixedThreadPoolWithAffinityExecutor-9-0] WARN  container.ContainerReportHandler (AbstractContainerReportHandler.java:updateContainerState(259)) - Container #1 is in OPEN state, but the datanode 444322bb-4321-4e38-998a-96758a8a198b(fv-az212-956.zlodpucb4l4udavnfxg5s20dva.cx.internal.cloudapp.net/10.1.0.80) reports an CLOSED replica.
2023-04-24 08:16:37,248 [BlockDeletingService#2] INFO  interfaces.ContainerDeletionChoosingPolicyTemplate (ContainerDeletionChoosingPolicyTemplate.java:chooseContainerForBlockDeletion(83)) - Chosen 0/5000 blocks from 0 candidate containers.
2023-04-24 08:16:37,248 [BlockDeletingService#6] INFO  interfaces.ContainerDeletionChoosingPolicyTemplate (ContainerDeletionChoosingPolicyTemplate.java:chooseContainerForBlockDeletion(83)) - Chosen 0/5000 blocks from 0 candidate containers.
2023-04-24 08:16:37,298 [FixedThreadPoolWithAffinityExecutor-9-0] WARN  container.ContainerReportHandler (AbstractContainerReportHandler.java:updateContainerState(259)) - Container #1 is in OPEN state, but the datanode 593f1123-fce2-46ce-a0f5-50a98353a86f(fv-az212-956.zlodpucb4l4udavnfxg5s20dva.cx.internal.cloudapp.net/10.1.0.80) reports an CLOSED replica.
2023-04-24 08:16:37,348 [BlockDeletingService#2] INFO  interfaces.ContainerDeletionChoosingPolicyTemplate (ContainerDeletionChoosingPolicyTemplate.java:chooseContainerForBlockDeletion(83)) - Chosen 0/5000 blocks from 0 candidate containers.
2023-04-24 08:16:37,349 [BlockDeletingService#6] INFO  interfaces.ContainerDeletionChoosingPolicyTemplate (ContainerDeletionChoosingPolicyTemplate.java:chooseContainerForBlockDeletion(83)) - Chosen 0/5000 blocks from 0 candidate containers.
2023-04-24 08:16:37,449 [BlockDeletingService#2] INFO  interfaces.ContainerDeletionChoosingPolicyTemplate (ContainerDeletionChoosingPolicyTemplate.java:chooseContainerForBlockDeletion(83)) - Chosen 0/5000 blocks from 0 candidate containers.
2023-04-24 08:16:37,449 [BlockDeletingService#6] INFO  interfaces.ContainerDeletionChoosingPolicyTemplate (ContainerDeletionChoosingPolicyTemplate.java:chooseContainerForBlockDeletion(83)) - Chosen 0/5000 blocks from 0 candidate containers.
2023-04-24 08:16:37,453 [FixedThreadPoolWithAffinityExecutor-9-0] WARN  container.ContainerReportHandler (AbstractContainerReportHandler.java:updateContainerState(259)) - Container #1 is in OPEN state, but the datanode 444322bb-4321-4e38-998a-96758a8a198b(fv-az212-956.zlodpucb4l4udavnfxg5s20dva.cx.internal.cloudapp.net/10.1.0.80) reports an CLOSED replica.
2023-04-24 08:16:37,549 [BlockDeletingService#2] INFO  interfaces.ContainerDeletionChoosingPolicyTemplate (ContainerDeletionChoosingPolicyTemplate.java:chooseContainerForBlockDeletion(83)) - Chosen 0/5000 blocks from 0 candidate containers.
2023-04-24 08:16:37,549 [BlockDeletingService#6] INFO  interfaces.ContainerDeletionChoosingPolicyTemplate (ContainerDeletionChoosingPolicyTemplate.java:chooseContainerForBlockDeletion(83)) - Chosen 0/5000 blocks from 0 candidate containers.
2023-04-24 08:16:37,598 [FixedThreadPoolWithAffinityExecutor-9-0] WARN  container.ContainerReportHandler (AbstractContainerReportHandler.java:updateContainerState(259)) - Container #1 is in OPEN state, but the datanode 593f1123-fce2-46ce-a0f5-50a98353a86f(fv-az212-956.zlodpucb4l4udavnfxg5s20dva.cx.internal.cloudapp.net/10.1.0.80) reports an CLOSED replica.
2023-04-24 08:16:37,649 [BlockDeletingService#2] INFO  interfaces.ContainerDeletionChoosingPolicyTemplate (ContainerDeletionChoosingPolicyTemplate.java:chooseContainerForBlockDeletion(83)) - Chosen 0/5000 blocks from 0 candidate containers.
2023-04-24 08:16:37,649 [BlockDeletingService#6] INFO  interfaces.ContainerDeletionChoosingPolicyTemplate (ContainerDeletionChoosingPolicyTemplate.java:chooseContainerForBlockDeletion(83)) - Chosen 0/5000 blocks from 0 candidate containers.
2023-04-24 08:16:37,749 [BlockDeletingService#2] INFO  interfaces.ContainerDeletionChoosingPolicyTemplate (ContainerDeletionChoosingPolicyTemplate.java:chooseContainerForBlockDeletion(83)) - Chosen 0/5000 blocks from 0 candidate containers.
2023-04-24 08:16:37,749 [BlockDeletingService#6] INFO  interfaces.ContainerDeletionChoosingPolicyTemplate (ContainerDeletionChoosingPolicyTemplate.java:chooseContainerForBlockDeletion(83)) - Chosen 0/5000 blocks from 0 candidate containers.
2023-04-24 08:16:37,753 [FixedThreadPoolWithAffinityExecutor-9-0] WARN  container.ContainerReportHandler (AbstractContainerReportHandler.java:updateContainerState(259)) - Container #1 is in OPEN state, but the datanode 444322bb-4321-4e38-998a-96758a8a198b(fv-az212-956.zlodpucb4l4udavnfxg5s20dva.cx.internal.cloudapp.net/10.1.0.80) reports an CLOSED replica.
2023-04-24 08:16:37,849 [BlockDeletingService#2] INFO  interfaces.ContainerDeletionChoosingPolicyTemplate (ContainerDeletionChoosingPolicyTemplate.java:chooseContainerForBlockDeletion(83)) - Chosen 0/5000 blocks from 0 candidate containers.
2023-04-24 08:16:37,849 [BlockDeletingService#6] INFO  interfaces.ContainerDeletionChoosingPolicyTemplate (ContainerDeletionChoosingPolicyTemplate.java:chooseContainerForBlockDeletion(83)) - Chosen 0/5000 blocks from 0 candidate containers.
2023-04-24 08:16:37,899 [FixedThreadPoolWithAffinityExecutor-9-0] WARN  container.ContainerReportHandler (AbstractContainerReportHandler.java:updateContainerState(259)) - Container #1 is in OPEN state, but the datanode 593f1123-fce2-46ce-a0f5-50a98353a86f(fv-az212-956.zlodpucb4l4udavnfxg5s20dva.cx.internal.cloudapp.net/10.1.0.80) reports an CLOSED replica.
2023-04-24 08:16:37,950 [BlockDeletingService#2] INFO  interfaces.ContainerDeletionChoosingPolicyTemplate (ContainerDeletionChoosingPolicyTemplate.java:chooseContainerForBlockDeletion(83)) - Chosen 0/5000 blocks from 0 candidate containers.
2023-04-24 08:16:37,950 [BlockDeletingService#6] INFO  interfaces.ContainerDeletionChoosingPolicyTemplate (ContainerDeletionChoosingPolicyTemplate.java:chooseContainerForBlockDeletion(83)) - Chosen 0/5000 blocks from 0 candidate containers.
2023-04-24 08:16:38,050 [BlockDeletingService#2] INFO  interfaces.ContainerDeletionChoosingPolicyTemplate (ContainerDeletionChoosingPolicyTemplate.java:chooseContainerForBlockDeletion(83)) - Chosen 0/5000 blocks from 0 candidate containers.
2023-04-24 08:16:38,050 [BlockDeletingService#6] INFO  interfaces.ContainerDeletionChoosingPolicyTemplate (ContainerDeletionChoosingPolicyTemplate.java:chooseContainerForBlockDeletion(83)) - Chosen 0/5000 blocks from 0 candidate containers.
2023-04-24 08:16:38,053 [FixedThreadPoolWithAffinityExecutor-9-0] WARN  container.ContainerReportHandler (AbstractContainerReportHandler.java:updateContainerState(259)) - Container #1 is in OPEN state, but the datanode 444322bb-4321-4e38-998a-96758a8a198b(fv-az212-956.zlodpucb4l4udavnfxg5s20dva.cx.internal.cloudapp.net/10.1.0.80) reports an CLOSED replica.
2023-04-24 08:16:38,150 [BlockDeletingService#2] INFO  interfaces.ContainerDeletionChoosingPolicyTemplate (ContainerDeletionChoosingPolicyTemplate.java:chooseContainerForBlockDeletion(83)) - Chosen 0/5000 blocks from 0 candidate containers.
2023-04-24 08:16:38,150 [BlockDeletingService#6] INFO  interfaces.ContainerDeletionChoosingPolicyTemplate (ContainerDeletionChoosingPolicyTemplate.java:chooseContainerForBlockDeletion(83)) - Chosen 0/5000 blocks from 0 candidate containers.
2023-04-24 08:16:38,199 [FixedThreadPoolWithAffinityExecutor-9-0] WARN  container.ContainerReportHandler (AbstractContainerReportHandler.java:updateContainerState(259)) - Container #1 is in OPEN state, but the datanode 593f1123-fce2-46ce-a0f5-50a98353a86f(fv-az212-956.zlodpucb4l4udavnfxg5s20dva.cx.internal.cloudapp.net/10.1.0.80) reports an CLOSED replica.
2023-04-24 08:16:38,250 [BlockDeletingService#2] INFO  interfaces.ContainerDeletionChoosingPolicyTemplate (ContainerDeletionChoosingPolicyTemplate.java:chooseContainerForBlockDeletion(83)) - Chosen 0/5000 blocks from 0 candidate containers.
2023-04-24 08:16:38,250 [BlockDeletingService#6] INFO  interfaces.ContainerDeletionChoosingPolicyTemplate (ContainerDeletionChoosingPolicyTemplate.java:chooseContainerForBlockDeletion(83)) - Chosen 0/5000 blocks from 0 candidate containers.
2023-04-24 08:16:38,331 [grpc-default-executor-3] WARN  server.GrpcLogAppender (LogUtils.java:warn(122)) - 593f1123-fce2-46ce-a0f5-50a98353a86f@group-2C65884D69A9->d7f67023-bd71-4164-8161-24a8eb75dffe-AppendLogResponseHandler: Failed appendEntries: org.apache.ratis.thirdparty.io.grpc.StatusRuntimeException: UNAVAILABLE: io exception
2023-04-24 08:16:38,331 [grpc-default-executor-1] WARN  server.GrpcLogAppender (LogUtils.java:warn(122)) - 593f1123-fce2-46ce-a0f5-50a98353a86f@group-2C65884D69A9->d7f67023-bd71-4164-8161-24a8eb75dffe-AppendLogResponseHandler: Failed appendEntries: org.apache.ratis.thirdparty.io.grpc.StatusRuntimeException: UNAVAILABLE: io exception
2023-04-24 08:16:38,332 [grpc-default-executor-3] WARN  server.GrpcLogAppender (GrpcLogAppender.java:resetClient(131)) - 593f1123-fce2-46ce-a0f5-50a98353a86f@group-2C65884D69A9->d7f67023-bd71-4164-8161-24a8eb75dffe-GrpcLogAppender: Leader has not got in touch with Follower 593f1123-fce2-46ce-a0f5-50a98353a86f@group-2C65884D69A9->d7f67023-bd71-4164-8161-24a8eb75dffe(c-1,m0,n6, attendVote=true, lastRpcSendTime=0, lastRpcResponseTime=64091) yet, just keep nextIndex unchanged and retry.
2023-04-24 08:16:38,332 [grpc-default-executor-1] WARN  server.GrpcLogAppender (GrpcLogAppender.java:resetClient(131)) - 593f1123-fce2-46ce-a0f5-50a98353a86f@group-2C65884D69A9->d7f67023-bd71-4164-8161-24a8eb75dffe-GrpcLogAppender: Leader has not got in touch with Follower 593f1123-fce2-46ce-a0f5-50a98353a86f@group-2C65884D69A9->d7f67023-bd71-4164-8161-24a8eb75dffe(c-1,m0,n6, attendVote=true, lastRpcSendTime=1, lastRpcResponseTime=64091) yet, just keep nextIndex unchanged and retry.
2023-04-24 08:16:38,350 [BlockDeletingService#2] INFO  interfaces.ContainerDeletionChoosingPolicyTemplate (ContainerDeletionChoosingPolicyTemplate.java:chooseContainerForBlockDeletion(83)) - Chosen 0/5000 blocks from 0 candidate containers.
2023-04-24 08:16:38,351 [BlockDeletingService#6] INFO  interfaces.ContainerDeletionChoosingPolicyTemplate (ContainerDeletionChoosingPolicyTemplate.java:chooseContainerForBlockDeletion(83)) - Chosen 0/5000 blocks from 0 candidate containers.
2023-04-24 08:16:38,353 [FixedThreadPoolWithAffinityExecutor-9-0] WARN  container.ContainerReportHandler (AbstractContainerReportHandler.java:updateContainerState(259)) - Container #1 is in OPEN state, but the datanode 444322bb-4321-4e38-998a-96758a8a198b(fv-az212-956.zlodpucb4l4udavnfxg5s20dva.cx.internal.cloudapp.net/10.1.0.80) reports an CLOSED replica.
2023-04-24 08:16:38,451 [BlockDeletingService#2] INFO  interfaces.ContainerDeletionChoosingPolicyTemplate (ContainerDeletionChoosingPolicyTemplate.java:chooseContainerForBlockDeletion(83)) - Chosen 0/5000 blocks from 0 candidate containers.
2023-04-24 08:16:38,451 [BlockDeletingService#6] INFO  interfaces.ContainerDeletionChoosingPolicyTemplate (ContainerDeletionChoosingPolicyTemplate.java:chooseContainerForBlockDeletion(83)) - Chosen 0/5000 blocks from 0 candidate containers.
2023-04-24 08:16:38,499 [FixedThreadPoolWithAffinityExecutor-9-0] WARN  container.ContainerReportHandler (AbstractContainerReportHandler.java:updateContainerState(259)) - Container #1 is in OPEN state, but the datanode 593f1123-fce2-46ce-a0f5-50a98353a86f(fv-az212-956.zlodpucb4l4udavnfxg5s20dva.cx.internal.cloudapp.net/10.1.0.80) reports an CLOSED replica.
2023-04-24 08:16:38,551 [BlockDeletingService#2] INFO  interfaces.ContainerDeletionChoosingPolicyTemplate (ContainerDeletionChoosingPolicyTemplate.java:chooseContainerForBlockDeletion(83)) - Chosen 0/5000 blocks from 0 candidate containers.
2023-04-24 08:16:38,551 [BlockDeletingService#6] INFO  interfaces.ContainerDeletionChoosingPolicyTemplate (ContainerDeletionChoosingPolicyTemplate.java:chooseContainerForBlockDeletion(83)) - Chosen 0/5000 blocks from 0 candidate containers.
2023-04-24 08:16:38,553 [FixedThreadPoolWithAffinityExecutor-9-0] WARN  container.ContainerReportHandler (AbstractContainerReportHandler.java:updateContainerState(259)) - Container #1 is in OPEN state, but the datanode 444322bb-4321-4e38-998a-96758a8a198b(fv-az212-956.zlodpucb4l4udavnfxg5s20dva.cx.internal.cloudapp.net/10.1.0.80) reports an CLOSED replica.
2023-04-24 08:16:38,651 [BlockDeletingService#6] INFO  interfaces.ContainerDeletionChoosingPolicyTemplate (ContainerDeletionChoosingPolicyTemplate.java:chooseContainerForBlockDeletion(83)) - Chosen 0/5000 blocks from 0 candidate containers.
2023-04-24 08:16:38,651 [BlockDeletingService#2] INFO  interfaces.ContainerDeletionChoosingPolicyTemplate (ContainerDeletionChoosingPolicyTemplate.java:chooseContainerForBlockDeletion(83)) - Chosen 0/5000 blocks from 0 candidate containers.
2023-04-24 08:16:38,751 [BlockDeletingService#6] INFO  interfaces.ContainerDeletionChoosingPolicyTemplate (ContainerDeletionChoosingPolicyTemplate.java:chooseContainerForBlockDeletion(83)) - Chosen 0/5000 blocks from 0 candidate containers.
2023-04-24 08:16:38,752 [BlockDeletingService#2] INFO  interfaces.ContainerDeletionChoosingPolicyTemplate (ContainerDeletionChoosingPolicyTemplate.java:chooseContainerForBlockDeletion(83)) - Chosen 0/5000 blocks from 0 candidate containers.
2023-04-24 08:16:38,799 [FixedThreadPoolWithAffinityExecutor-9-0] WARN  container.ContainerReportHandler (AbstractContainerReportHandler.java:updateContainerState(259)) - Container #1 is in OPEN state, but the datanode 593f1123-fce2-46ce-a0f5-50a98353a86f(fv-az212-956.zlodpucb4l4udavnfxg5s20dva.cx.internal.cloudapp.net/10.1.0.80) reports an CLOSED replica.
2023-04-24 08:16:38,852 [BlockDeletingService#6] INFO  interfaces.ContainerDeletionChoosingPolicyTemplate (ContainerDeletionChoosingPolicyTemplate.java:chooseContainerForBlockDeletion(83)) - Chosen 0/5000 blocks from 0 candidate containers.
2023-04-24 08:16:38,852 [BlockDeletingService#2] INFO  interfaces.ContainerDeletionChoosingPolicyTemplate (ContainerDeletionChoosingPolicyTemplate.java:chooseContainerForBlockDeletion(83)) - Chosen 0/5000 blocks from 0 candidate containers.
2023-04-24 08:16:38,854 [FixedThreadPoolWithAffinityExecutor-9-0] WARN  container.ContainerReportHandler (AbstractContainerReportHandler.java:updateContainerState(259)) - Container #1 is in OPEN state, but the datanode 444322bb-4321-4e38-998a-96758a8a198b(fv-az212-956.zlodpucb4l4udavnfxg5s20dva.cx.internal.cloudapp.net/10.1.0.80) reports an CLOSED replica.
2023-04-24 08:16:38,952 [BlockDeletingService#6] INFO  interfaces.ContainerDeletionChoosingPolicyTemplate (ContainerDeletionChoosingPolicyTemplate.java:chooseContainerForBlockDeletion(83)) - Chosen 0/5000 blocks from 0 candidate containers.
2023-04-24 08:16:38,952 [BlockDeletingService#2] INFO  interfaces.ContainerDeletionChoosingPolicyTemplate (ContainerDeletionChoosingPolicyTemplate.java:chooseContainerForBlockDeletion(83)) - Chosen 0/5000 blocks from 0 candidate containers.
2023-04-24 08:16:39,052 [BlockDeletingService#6] INFO  interfaces.ContainerDeletionChoosingPolicyTemplate (ContainerDeletionChoosingPolicyTemplate.java:chooseContainerForBlockDeletion(83)) - Chosen 0/5000 blocks from 0 candidate containers.
2023-04-24 08:16:39,052 [BlockDeletingService#2] INFO  interfaces.ContainerDeletionChoosingPolicyTemplate (ContainerDeletionChoosingPolicyTemplate.java:chooseContainerForBlockDeletion(83)) - Chosen 0/5000 blocks from 0 candidate containers.
2023-04-24 08:16:39,099 [FixedThreadPoolWithAffinityExecutor-9-0] WARN  container.ContainerReportHandler (AbstractContainerReportHandler.java:updateContainerState(259)) - Container #1 is in OPEN state, but the datanode 593f1123-fce2-46ce-a0f5-50a98353a86f(fv-az212-956.zlodpucb4l4udavnfxg5s20dva.cx.internal.cloudapp.net/10.1.0.80) reports an CLOSED replica.
2023-04-24 08:16:39,152 [BlockDeletingService#6] INFO  interfaces.ContainerDeletionChoosingPolicyTemplate (ContainerDeletionChoosingPolicyTemplate.java:chooseContainerForBlockDeletion(83)) - Chosen 0/5000 blocks from 0 candidate containers.
2023-04-24 08:16:39,152 [BlockDeletingService#2] INFO  interfaces.ContainerDeletionChoosingPolicyTemplate (ContainerDeletionChoosingPolicyTemplate.java:chooseContainerForBlockDeletion(83)) - Chosen 0/5000 blocks from 0 candidate containers.
2023-04-24 08:16:39,154 [FixedThreadPoolWithAffinityExecutor-9-0] WARN  container.ContainerReportHandler (AbstractContainerReportHandler.java:updateContainerState(259)) - Container #1 is in OPEN state, but the datanode 444322bb-4321-4e38-998a-96758a8a198b(fv-az212-956.zlodpucb4l4udavnfxg5s20dva.cx.internal.cloudapp.net/10.1.0.80) reports an CLOSED replica.
2023-04-24 08:16:39,252 [BlockDeletingService#6] INFO  interfaces.ContainerDeletionChoosingPolicyTemplate (ContainerDeletionChoosingPolicyTemplate.java:chooseContainerForBlockDeletion(83)) - Chosen 0/5000 blocks from 0 candidate containers.
2023-04-24 08:16:39,254 [BlockDeletingService#2] INFO  interfaces.ContainerDeletionChoosingPolicyTemplate (ContainerDeletionChoosingPolicyTemplate.java:chooseContainerForBlockDeletion(83)) - Chosen 0/5000 blocks from 0 candidate containers.
2023-04-24 08:16:39,353 [BlockDeletingService#6] INFO  interfaces.ContainerDeletionChoosingPolicyTemplate (ContainerDeletionChoosingPolicyTemplate.java:chooseContainerForBlockDeletion(83)) - Chosen 0/5000 blocks from 0 candidate containers.
2023-04-24 08:16:39,354 [BlockDeletingService#2] INFO  interfaces.ContainerDeletionChoosingPolicyTemplate (ContainerDeletionChoosingPolicyTemplate.java:chooseContainerForBlockDeletion(83)) - Chosen 0/5000 blocks from 0 candidate containers.
2023-04-24 08:16:39,399 [FixedThreadPoolWithAffinityExecutor-9-0] WARN  container.ContainerReportHandler (AbstractContainerReportHandler.java:updateContainerState(259)) - Container #1 is in OPEN state, but the datanode 593f1123-fce2-46ce-a0f5-50a98353a86f(fv-az212-956.zlodpucb4l4udavnfxg5s20dva.cx.internal.cloudapp.net/10.1.0.80) reports an CLOSED replica.
2023-04-24 08:16:39,453 [BlockDeletingService#6] INFO  interfaces.ContainerDeletionChoosingPolicyTemplate (ContainerDeletionChoosingPolicyTemplate.java:chooseContainerForBlockDeletion(83)) - Chosen 0/5000 blocks from 0 candidate containers.
2023-04-24 08:16:39,454 [BlockDeletingService#2] INFO  interfaces.ContainerDeletionChoosingPolicyTemplate (ContainerDeletionChoosingPolicyTemplate.java:chooseContainerForBlockDeletion(83)) - Chosen 0/5000 blocks from 0 candidate containers.
2023-04-24 08:16:39,455 [FixedThreadPoolWithAffinityExecutor-9-0] WARN  container.ContainerReportHandler (AbstractContainerReportHandler.java:updateContainerState(259)) - Container #1 is in OPEN state, but the datanode 444322bb-4321-4e38-998a-96758a8a198b(fv-az212-956.zlodpucb4l4udavnfxg5s20dva.cx.internal.cloudapp.net/10.1.0.80) reports an CLOSED replica.
2023-04-24 08:16:39,553 [BlockDeletingService#6] INFO  interfaces.ContainerDeletionChoosingPolicyTemplate (ContainerDeletionChoosingPolicyTemplate.java:chooseContainerForBlockDeletion(83)) - Chosen 0/5000 blocks from 0 candidate containers.
2023-04-24 08:16:39,554 [BlockDeletingService#2] INFO  interfaces.ContainerDeletionChoosingPolicyTemplate (ContainerDeletionChoosingPolicyTemplate.java:chooseContainerForBlockDeletion(83)) - Chosen 0/5000 blocks from 0 candidate containers.
2023-04-24 08:16:39,581 [grpc-default-executor-1] WARN  server.GrpcLogAppender (LogUtils.java:warn(122)) - 593f1123-fce2-46ce-a0f5-50a98353a86f@group-2C65884D69A9->d7f67023-bd71-4164-8161-24a8eb75dffe-AppendLogResponseHandler: Failed appendEntries: org.apache.ratis.thirdparty.io.grpc.StatusRuntimeException: UNAVAILABLE: io exception
2023-04-24 08:16:39,582 [grpc-default-executor-1] WARN  server.GrpcLogAppender (GrpcLogAppender.java:resetClient(131)) - 593f1123-fce2-46ce-a0f5-50a98353a86f@group-2C65884D69A9->d7f67023-bd71-4164-8161-24a8eb75dffe-GrpcLogAppender: Leader has not got in touch with Follower 593f1123-fce2-46ce-a0f5-50a98353a86f@group-2C65884D69A9->d7f67023-bd71-4164-8161-24a8eb75dffe(c-1,m0,n6, attendVote=true, lastRpcSendTime=0, lastRpcResponseTime=65341) yet, just keep nextIndex unchanged and retry.
2023-04-24 08:16:39,581 [grpc-default-executor-3] WARN  server.GrpcLogAppender (LogUtils.java:warn(122)) - 593f1123-fce2-46ce-a0f5-50a98353a86f@group-2C65884D69A9->d7f67023-bd71-4164-8161-24a8eb75dffe-AppendLogResponseHandler: Failed appendEntries: org.apache.ratis.thirdparty.io.grpc.StatusRuntimeException: UNAVAILABLE: io exception
2023-04-24 08:16:39,583 [grpc-default-executor-3] WARN  server.GrpcLogAppender (GrpcLogAppender.java:resetClient(131)) - 593f1123-fce2-46ce-a0f5-50a98353a86f@group-2C65884D69A9->d7f67023-bd71-4164-8161-24a8eb75dffe-GrpcLogAppender: Leader has not got in touch with Follower 593f1123-fce2-46ce-a0f5-50a98353a86f@group-2C65884D69A9->d7f67023-bd71-4164-8161-24a8eb75dffe(c-1,m0,n6, attendVote=true, lastRpcSendTime=1, lastRpcResponseTime=65342) yet, just keep nextIndex unchanged and retry.
2023-04-24 08:16:39,653 [BlockDeletingService#6] INFO  interfaces.ContainerDeletionChoosingPolicyTemplate (ContainerDeletionChoosingPolicyTemplate.java:chooseContainerForBlockDeletion(83)) - Chosen 0/5000 blocks from 0 candidate containers.
2023-04-24 08:16:39,654 [BlockDeletingService#2] INFO  interfaces.ContainerDeletionChoosingPolicyTemplate (ContainerDeletionChoosingPolicyTemplate.java:chooseContainerForBlockDeletion(83)) - Chosen 0/5000 blocks from 0 candidate containers.
2023-04-24 08:16:39,754 [BlockDeletingService#6] INFO  interfaces.ContainerDeletionChoosingPolicyTemplate (ContainerDeletionChoosingPolicyTemplate.java:chooseContainerForBlockDeletion(83)) - Chosen 0/5000 blocks from 0 candidate containers.
2023-04-24 08:16:39,754 [BlockDeletingService#2] INFO  interfaces.ContainerDeletionChoosingPolicyTemplate (ContainerDeletionChoosingPolicyTemplate.java:chooseContainerForBlockDeletion(83)) - Chosen 0/5000 blocks from 0 candidate containers.
2023-04-24 08:16:39,755 [FixedThreadPoolWithAffinityExecutor-9-0] WARN  container.ContainerReportHandler (AbstractContainerReportHandler.java:updateContainerState(259)) - Container #1 is in OPEN state, but the datanode 444322bb-4321-4e38-998a-96758a8a198b(fv-az212-956.zlodpucb4l4udavnfxg5s20dva.cx.internal.cloudapp.net/10.1.0.80) reports an CLOSED replica.
2023-04-24 08:16:39,799 [FixedThreadPoolWithAffinityExecutor-9-0] WARN  container.ContainerReportHandler (AbstractContainerReportHandler.java:updateContainerState(259)) - Container #1 is in OPEN state, but the datanode 593f1123-fce2-46ce-a0f5-50a98353a86f(fv-az212-956.zlodpucb4l4udavnfxg5s20dva.cx.internal.cloudapp.net/10.1.0.80) reports an CLOSED replica.
2023-04-24 08:16:39,854 [BlockDeletingService#6] INFO  interfaces.ContainerDeletionChoosingPolicyTemplate (ContainerDeletionChoosingPolicyTemplate.java:chooseContainerForBlockDeletion(83)) - Chosen 0/5000 blocks from 0 candidate containers.
2023-04-24 08:16:39,854 [BlockDeletingService#2] INFO  interfaces.ContainerDeletionChoosingPolicyTemplate (ContainerDeletionChoosingPolicyTemplate.java:chooseContainerForBlockDeletion(83)) - Chosen 0/5000 blocks from 0 candidate containers.
2023-04-24 08:16:39,954 [BlockDeletingService#6] INFO  interfaces.ContainerDeletionChoosingPolicyTemplate (ContainerDeletionChoosingPolicyTemplate.java:chooseContainerForBlockDeletion(83)) - Chosen 0/5000 blocks from 0 candidate containers.
2023-04-24 08:16:39,956 [BlockDeletingService#2] INFO  interfaces.ContainerDeletionChoosingPolicyTemplate (ContainerDeletionChoosingPolicyTemplate.java:chooseContainerForBlockDeletion(83)) - Chosen 0/5000 blocks from 0 candidate containers.
2023-04-24 08:16:40,054 [BlockDeletingService#6] INFO  interfaces.ContainerDeletionChoosingPolicyTemplate (ContainerDeletionChoosingPolicyTemplate.java:chooseContainerForBlockDeletion(83)) - Chosen 0/5000 blocks from 0 candidate containers.
2023-04-24 08:16:40,056 [BlockDeletingService#2] INFO  interfaces.ContainerDeletionChoosingPolicyTemplate (ContainerDeletionChoosingPolicyTemplate.java:chooseContainerForBlockDeletion(83)) - Chosen 0/5000 blocks from 0 candidate containers.
2023-04-24 08:16:40,057 [FixedThreadPoolWithAffinityExecutor-9-0] WARN  container.ContainerReportHandler (AbstractContainerReportHandler.java:updateContainerState(259)) - Container #1 is in OPEN state, but the datanode 444322bb-4321-4e38-998a-96758a8a198b(fv-az212-956.zlodpucb4l4udavnfxg5s20dva.cx.internal.cloudapp.net/10.1.0.80) reports an CLOSED replica.
2023-04-24 08:16:40,099 [FixedThreadPoolWithAffinityExecutor-9-0] WARN  container.ContainerReportHandler (AbstractContainerReportHandler.java:updateContainerState(259)) - Container #1 is in OPEN state, but the datanode 593f1123-fce2-46ce-a0f5-50a98353a86f(fv-az212-956.zlodpucb4l4udavnfxg5s20dva.cx.internal.cloudapp.net/10.1.0.80) reports an CLOSED replica.
2023-04-24 08:16:40,154 [BlockDeletingService#6] INFO  interfaces.ContainerDeletionChoosingPolicyTemplate (ContainerDeletionChoosingPolicyTemplate.java:chooseContainerForBlockDeletion(83)) - Chosen 0/5000 blocks from 0 candidate containers.
2023-04-24 08:16:40,157 [BlockDeletingService#2] INFO  interfaces.ContainerDeletionChoosingPolicyTemplate (ContainerDeletionChoosingPolicyTemplate.java:chooseContainerForBlockDeletion(83)) - Chosen 0/5000 blocks from 0 candidate containers.
2023-04-24 08:16:40,255 [BlockDeletingService#6] INFO  interfaces.ContainerDeletionChoosingPolicyTemplate (ContainerDeletionChoosingPolicyTemplate.java:chooseContainerForBlockDeletion(83)) - Chosen 0/5000 blocks from 0 candidate containers.
2023-04-24 08:16:40,257 [BlockDeletingService#2] INFO  interfaces.ContainerDeletionChoosingPolicyTemplate (ContainerDeletionChoosingPolicyTemplate.java:chooseContainerForBlockDeletion(83)) - Chosen 0/5000 blocks from 0 candidate containers.
2023-04-24 08:16:40,355 [BlockDeletingService#6] INFO  interfaces.ContainerDeletionChoosingPolicyTemplate (ContainerDeletionChoosingPolicyTemplate.java:chooseContainerForBlockDeletion(83)) - Chosen 0/5000 blocks from 0 candidate containers.
2023-04-24 08:16:40,357 [BlockDeletingService#2] INFO  interfaces.ContainerDeletionChoosingPolicyTemplate (ContainerDeletionChoosingPolicyTemplate.java:chooseContainerForBlockDeletion(83)) - Chosen 0/5000 blocks from 0 candidate containers.
2023-04-24 08:16:40,357 [FixedThreadPoolWithAffinityExecutor-9-0] WARN  container.ContainerReportHandler (AbstractContainerReportHandler.java:updateContainerState(259)) - Container #1 is in OPEN state, but the datanode 444322bb-4321-4e38-998a-96758a8a198b(fv-az212-956.zlodpucb4l4udavnfxg5s20dva.cx.internal.cloudapp.net/10.1.0.80) reports an CLOSED replica.
2023-04-24 08:16:40,404 [FixedThreadPoolWithAffinityExecutor-9-0] WARN  container.ContainerReportHandler (AbstractContainerReportHandler.java:updateContainerState(259)) - Container #1 is in OPEN state, but the datanode 593f1123-fce2-46ce-a0f5-50a98353a86f(fv-az212-956.zlodpucb4l4udavnfxg5s20dva.cx.internal.cloudapp.net/10.1.0.80) reports an CLOSED replica.
2023-04-24 08:16:40,455 [BlockDeletingService#6] INFO  interfaces.ContainerDeletionChoosingPolicyTemplate (ContainerDeletionChoosingPolicyTemplate.java:chooseContainerForBlockDeletion(83)) - Chosen 0/5000 blocks from 0 candidate containers.
2023-04-24 08:16:40,457 [BlockDeletingService#2] INFO  interfaces.ContainerDeletionChoosingPolicyTemplate (ContainerDeletionChoosingPolicyTemplate.java:chooseContainerForBlockDeletion(83)) - Chosen 0/5000 blocks from 0 candidate containers.
2023-04-24 08:16:40,555 [BlockDeletingService#6] INFO  interfaces.ContainerDeletionChoosingPolicyTemplate (ContainerDeletionChoosingPolicyTemplate.java:chooseContainerForBlockDeletion(83)) - Chosen 0/5000 blocks from 0 candidate containers.
2023-04-24 08:16:40,557 [BlockDeletingService#2] INFO  interfaces.ContainerDeletionChoosingPolicyTemplate (ContainerDeletionChoosingPolicyTemplate.java:chooseContainerForBlockDeletion(83)) - Chosen 0/5000 blocks from 0 candidate containers.
2023-04-24 08:16:40,655 [BlockDeletingService#6] INFO  interfaces.ContainerDeletionChoosingPolicyTemplate (ContainerDeletionChoosingPolicyTemplate.java:chooseContainerForBlockDeletion(83)) - Chosen 0/5000 blocks from 0 candidate containers.
2023-04-24 08:16:40,658 [FixedThreadPoolWithAffinityExecutor-9-0] WARN  container.ContainerReportHandler (AbstractContainerReportHandler.java:updateContainerState(259)) - Container #1 is in OPEN state, but the datanode 444322bb-4321-4e38-998a-96758a8a198b(fv-az212-956.zlodpucb4l4udavnfxg5s20dva.cx.internal.cloudapp.net/10.1.0.80) reports an CLOSED replica.
2023-04-24 08:16:40,658 [BlockDeletingService#2] INFO  interfaces.ContainerDeletionChoosingPolicyTemplate (ContainerDeletionChoosingPolicyTemplate.java:chooseContainerForBlockDeletion(83)) - Chosen 0/5000 blocks from 0 candidate containers.
2023-04-24 08:16:40,699 [FixedThreadPoolWithAffinityExecutor-9-0] WARN  container.ContainerReportHandler (AbstractContainerReportHandler.java:updateContainerState(259)) - Container #1 is in OPEN state, but the datanode 593f1123-fce2-46ce-a0f5-50a98353a86f(fv-az212-956.zlodpucb4l4udavnfxg5s20dva.cx.internal.cloudapp.net/10.1.0.80) reports an CLOSED replica.
2023-04-24 08:16:40,756 [BlockDeletingService#7] INFO  interfaces.ContainerDeletionChoosingPolicyTemplate (ContainerDeletionChoosingPolicyTemplate.java:chooseContainerForBlockDeletion(83)) - Chosen 0/5000 blocks from 0 candidate containers.
2023-04-24 08:16:40,758 [BlockDeletingService#2] INFO  interfaces.ContainerDeletionChoosingPolicyTemplate (ContainerDeletionChoosingPolicyTemplate.java:chooseContainerForBlockDeletion(83)) - Chosen 0/5000 blocks from 0 candidate containers.
2023-04-24 08:16:40,832 [grpc-default-executor-3] WARN  server.GrpcLogAppender (LogUtils.java:warn(122)) - 593f1123-fce2-46ce-a0f5-50a98353a86f@group-2C65884D69A9->d7f67023-bd71-4164-8161-24a8eb75dffe-AppendLogResponseHandler: Failed appendEntries: org.apache.ratis.thirdparty.io.grpc.StatusRuntimeException: UNAVAILABLE: io exception
2023-04-24 08:16:40,832 [grpc-default-executor-1] WARN  server.GrpcLogAppender (LogUtils.java:warn(122)) - 593f1123-fce2-46ce-a0f5-50a98353a86f@group-2C65884D69A9->d7f67023-bd71-4164-8161-24a8eb75dffe-AppendLogResponseHandler: Failed appendEntries: org.apache.ratis.thirdparty.io.grpc.StatusRuntimeException: UNAVAILABLE: io exception
2023-04-24 08:16:40,832 [grpc-default-executor-3] WARN  server.GrpcLogAppender (GrpcLogAppender.java:resetClient(131)) - 593f1123-fce2-46ce-a0f5-50a98353a86f@group-2C65884D69A9->d7f67023-bd71-4164-8161-24a8eb75dffe-GrpcLogAppender: Leader has not got in touch with Follower 593f1123-fce2-46ce-a0f5-50a98353a86f@group-2C65884D69A9->d7f67023-bd71-4164-8161-24a8eb75dffe(c-1,m0,n6, attendVote=true, lastRpcSendTime=0, lastRpcResponseTime=66591) yet, just keep nextIndex unchanged and retry.
2023-04-24 08:16:40,833 [grpc-default-executor-1] WARN  server.GrpcLogAppender (GrpcLogAppender.java:resetClient(131)) - 593f1123-fce2-46ce-a0f5-50a98353a86f@group-2C65884D69A9->d7f67023-bd71-4164-8161-24a8eb75dffe-GrpcLogAppender: Leader has not got in touch with Follower 593f1123-fce2-46ce-a0f5-50a98353a86f@group-2C65884D69A9->d7f67023-bd71-4164-8161-24a8eb75dffe(c-1,m0,n6, attendVote=true, lastRpcSendTime=1, lastRpcResponseTime=66592) yet, just keep nextIndex unchanged and retry.
2023-04-24 08:16:40,856 [BlockDeletingService#7] INFO  interfaces.ContainerDeletionChoosingPolicyTemplate (ContainerDeletionChoosingPolicyTemplate.java:chooseContainerForBlockDeletion(83)) - Chosen 0/5000 blocks from 0 candidate containers.
2023-04-24 08:16:40,858 [BlockDeletingService#2] INFO  interfaces.ContainerDeletionChoosingPolicyTemplate (ContainerDeletionChoosingPolicyTemplate.java:chooseContainerForBlockDeletion(83)) - Chosen 0/5000 blocks from 0 candidate containers.
2023-04-24 08:16:40,956 [BlockDeletingService#7] INFO  interfaces.ContainerDeletionChoosingPolicyTemplate (ContainerDeletionChoosingPolicyTemplate.java:chooseContainerForBlockDeletion(83)) - Chosen 0/5000 blocks from 0 candidate containers.
2023-04-24 08:16:40,957 [FixedThreadPoolWithAffinityExecutor-9-0] WARN  container.ContainerReportHandler (AbstractContainerReportHandler.java:updateContainerState(259)) - Container #1 is in OPEN state, but the datanode 444322bb-4321-4e38-998a-96758a8a198b(fv-az212-956.zlodpucb4l4udavnfxg5s20dva.cx.internal.cloudapp.net/10.1.0.80) reports an CLOSED replica.
2023-04-24 08:16:40,958 [BlockDeletingService#4] INFO  interfaces.ContainerDeletionChoosingPolicyTemplate (ContainerDeletionChoosingPolicyTemplate.java:chooseContainerForBlockDeletion(83)) - Chosen 0/5000 blocks from 0 candidate containers.
2023-04-24 08:16:40,999 [FixedThreadPoolWithAffinityExecutor-9-0] WARN  container.ContainerReportHandler (AbstractContainerReportHandler.java:updateContainerState(259)) - Container #1 is in OPEN state, but the datanode 593f1123-fce2-46ce-a0f5-50a98353a86f(fv-az212-956.zlodpucb4l4udavnfxg5s20dva.cx.internal.cloudapp.net/10.1.0.80) reports an CLOSED replica.
2023-04-24 08:16:41,057 [BlockDeletingService#7] INFO  interfaces.ContainerDeletionChoosingPolicyTemplate (ContainerDeletionChoosingPolicyTemplate.java:chooseContainerForBlockDeletion(83)) - Chosen 0/5000 blocks from 0 candidate containers.
2023-04-24 08:16:41,058 [BlockDeletingService#4] INFO  interfaces.ContainerDeletionChoosingPolicyTemplate (ContainerDeletionChoosingPolicyTemplate.java:chooseContainerForBlockDeletion(83)) - Chosen 0/5000 blocks from 0 candidate containers.
2023-04-24 08:16:41,157 [BlockDeletingService#7] INFO  interfaces.ContainerDeletionChoosingPolicyTemplate (ContainerDeletionChoosingPolicyTemplate.java:chooseContainerForBlockDeletion(83)) - Chosen 0/5000 blocks from 0 candidate containers.
2023-04-24 08:16:41,158 [BlockDeletingService#4] INFO  interfaces.ContainerDeletionChoosingPolicyTemplate (ContainerDeletionChoosingPolicyTemplate.java:chooseContainerForBlockDeletion(83)) - Chosen 0/5000 blocks from 0 candidate containers.
2023-04-24 08:16:41,257 [FixedThreadPoolWithAffinityExecutor-9-0] WARN  container.ContainerReportHandler (AbstractContainerReportHandler.java:updateContainerState(259)) - Container #1 is in OPEN state, but the datanode 444322bb-4321-4e38-998a-96758a8a198b(fv-az212-956.zlodpucb4l4udavnfxg5s20dva.cx.internal.cloudapp.net/10.1.0.80) reports an CLOSED replica.
2023-04-24 08:16:41,257 [BlockDeletingService#7] INFO  interfaces.ContainerDeletionChoosingPolicyTemplate (ContainerDeletionChoosingPolicyTemplate.java:chooseContainerForBlockDeletion(83)) - Chosen 0/5000 blocks from 0 candidate containers.
2023-04-24 08:16:41,259 [BlockDeletingService#4] INFO  interfaces.ContainerDeletionChoosingPolicyTemplate (ContainerDeletionChoosingPolicyTemplate.java:chooseContainerForBlockDeletion(83)) - Chosen 0/5000 blocks from 0 candidate containers.
2023-04-24 08:16:41,299 [FixedThreadPoolWithAffinityExecutor-9-0] WARN  container.ContainerReportHandler (AbstractContainerReportHandler.java:updateContainerState(259)) - Container #1 is in OPEN state, but the datanode 593f1123-fce2-46ce-a0f5-50a98353a86f(fv-az212-956.zlodpucb4l4udavnfxg5s20dva.cx.internal.cloudapp.net/10.1.0.80) reports an CLOSED replica.
2023-04-24 08:16:41,357 [BlockDeletingService#7] INFO  interfaces.ContainerDeletionChoosingPolicyTemplate (ContainerDeletionChoosingPolicyTemplate.java:chooseContainerForBlockDeletion(83)) - Chosen 0/5000 blocks from 0 candidate containers.
2023-04-24 08:16:41,359 [BlockDeletingService#4] INFO  interfaces.ContainerDeletionChoosingPolicyTemplate (ContainerDeletionChoosingPolicyTemplate.java:chooseContainerForBlockDeletion(83)) - Chosen 0/5000 blocks from 0 candidate containers.
2023-04-24 08:16:41,458 [BlockDeletingService#7] INFO  interfaces.ContainerDeletionChoosingPolicyTemplate (ContainerDeletionChoosingPolicyTemplate.java:chooseContainerForBlockDeletion(83)) - Chosen 0/5000 blocks from 0 candidate containers.
2023-04-24 08:16:41,459 [BlockDeletingService#4] INFO  interfaces.ContainerDeletionChoosingPolicyTemplate (ContainerDeletionChoosingPolicyTemplate.java:chooseContainerForBlockDeletion(83)) - Chosen 0/5000 blocks from 0 candidate containers.
2023-04-24 08:16:41,557 [FixedThreadPoolWithAffinityExecutor-9-0] WARN  container.ContainerReportHandler (AbstractContainerReportHandler.java:updateContainerState(259)) - Container #1 is in OPEN state, but the datanode 444322bb-4321-4e38-998a-96758a8a198b(fv-az212-956.zlodpucb4l4udavnfxg5s20dva.cx.internal.cloudapp.net/10.1.0.80) reports an CLOSED replica.
2023-04-24 08:16:41,558 [BlockDeletingService#7] INFO  interfaces.ContainerDeletionChoosingPolicyTemplate (ContainerDeletionChoosingPolicyTemplate.java:chooseContainerForBlockDeletion(83)) - Chosen 0/5000 blocks from 0 candidate containers.
2023-04-24 08:16:41,559 [BlockDeletingService#4] INFO  interfaces.ContainerDeletionChoosingPolicyTemplate (ContainerDeletionChoosingPolicyTemplate.java:chooseContainerForBlockDeletion(83)) - Chosen 0/5000 blocks from 0 candidate containers.
2023-04-24 08:16:41,599 [FixedThreadPoolWithAffinityExecutor-9-0] WARN  container.ContainerReportHandler (AbstractContainerReportHandler.java:updateContainerState(259)) - Container #1 is in OPEN state, but the datanode 593f1123-fce2-46ce-a0f5-50a98353a86f(fv-az212-956.zlodpucb4l4udavnfxg5s20dva.cx.internal.cloudapp.net/10.1.0.80) reports an CLOSED replica.
2023-04-24 08:16:41,658 [BlockDeletingService#7] INFO  interfaces.ContainerDeletionChoosingPolicyTemplate (ContainerDeletionChoosingPolicyTemplate.java:chooseContainerForBlockDeletion(83)) - Chosen 0/5000 blocks from 0 candidate containers.
2023-04-24 08:16:41,659 [BlockDeletingService#4] INFO  interfaces.ContainerDeletionChoosingPolicyTemplate (ContainerDeletionChoosingPolicyTemplate.java:chooseContainerForBlockDeletion(83)) - Chosen 0/5000 blocks from 0 candidate containers.
2023-04-24 08:16:41,758 [FixedThreadPoolWithAffinityExecutor-9-0] WARN  container.ContainerReportHandler (AbstractContainerReportHandler.java:updateContainerState(259)) - Container #1 is in OPEN state, but the datanode 444322bb-4321-4e38-998a-96758a8a198b(fv-az212-956.zlodpucb4l4udavnfxg5s20dva.cx.internal.cloudapp.net/10.1.0.80) reports an CLOSED replica.
2023-04-24 08:16:41,758 [BlockDeletingService#7] INFO  interfaces.ContainerDeletionChoosingPolicyTemplate (ContainerDeletionChoosingPolicyTemplate.java:chooseContainerForBlockDeletion(83)) - Chosen 0/5000 blocks from 0 candidate containers.
2023-04-24 08:16:41,759 [BlockDeletingService#4] INFO  interfaces.ContainerDeletionChoosingPolicyTemplate (ContainerDeletionChoosingPolicyTemplate.java:chooseContainerForBlockDeletion(83)) - Chosen 0/5000 blocks from 0 candidate containers.
2023-04-24 08:16:41,858 [BlockDeletingService#7] INFO  interfaces.ContainerDeletionChoosingPolicyTemplate (ContainerDeletionChoosingPolicyTemplate.java:chooseContainerForBlockDeletion(83)) - Chosen 0/5000 blocks from 0 candidate containers.
2023-04-24 08:16:41,859 [BlockDeletingService#4] INFO  interfaces.ContainerDeletionChoosingPolicyTemplate (ContainerDeletionChoosingPolicyTemplate.java:chooseContainerForBlockDeletion(83)) - Chosen 0/5000 blocks from 0 candidate containers.
2023-04-24 08:16:41,899 [FixedThreadPoolWithAffinityExecutor-9-0] WARN  container.ContainerReportHandler (AbstractContainerReportHandler.java:updateContainerState(259)) - Container #1 is in OPEN state, but the datanode 593f1123-fce2-46ce-a0f5-50a98353a86f(fv-az212-956.zlodpucb4l4udavnfxg5s20dva.cx.internal.cloudapp.net/10.1.0.80) reports an CLOSED replica.
2023-04-24 08:16:41,959 [BlockDeletingService#7] INFO  interfaces.ContainerDeletionChoosingPolicyTemplate (ContainerDeletionChoosingPolicyTemplate.java:chooseContainerForBlockDeletion(83)) - Chosen 0/5000 blocks from 0 candidate containers.
2023-04-24 08:16:41,960 [BlockDeletingService#4] INFO  interfaces.ContainerDeletionChoosingPolicyTemplate (ContainerDeletionChoosingPolicyTemplate.java:chooseContainerForBlockDeletion(83)) - Chosen 0/5000 blocks from 0 candidate containers.
2023-04-24 08:16:42,060 [BlockDeletingService#7] INFO  interfaces.ContainerDeletionChoosingPolicyTemplate (ContainerDeletionChoosingPolicyTemplate.java:chooseContainerForBlockDeletion(83)) - Chosen 0/5000 blocks from 0 candidate containers.
2023-04-24 08:16:42,060 [BlockDeletingService#4] INFO  interfaces.ContainerDeletionChoosingPolicyTemplate (ContainerDeletionChoosingPolicyTemplate.java:chooseContainerForBlockDeletion(83)) - Chosen 0/5000 blocks from 0 candidate containers.
2023-04-24 08:16:42,060 [FixedThreadPoolWithAffinityExecutor-9-0] WARN  container.ContainerReportHandler (AbstractContainerReportHandler.java:updateContainerState(259)) - Container #1 is in OPEN state, but the datanode 444322bb-4321-4e38-998a-96758a8a198b(fv-az212-956.zlodpucb4l4udavnfxg5s20dva.cx.internal.cloudapp.net/10.1.0.80) reports an CLOSED replica.
2023-04-24 08:16:42,082 [grpc-default-executor-1] WARN  server.GrpcLogAppender (LogUtils.java:warn(122)) - 593f1123-fce2-46ce-a0f5-50a98353a86f@group-2C65884D69A9->d7f67023-bd71-4164-8161-24a8eb75dffe-AppendLogResponseHandler: Failed appendEntries: org.apache.ratis.thirdparty.io.grpc.StatusRuntimeException: UNAVAILABLE: io exception
2023-04-24 08:16:42,083 [grpc-default-executor-1] WARN  server.GrpcLogAppender (GrpcLogAppender.java:resetClient(131)) - 593f1123-fce2-46ce-a0f5-50a98353a86f@group-2C65884D69A9->d7f67023-bd71-4164-8161-24a8eb75dffe-GrpcLogAppender: Leader has not got in touch with Follower 593f1123-fce2-46ce-a0f5-50a98353a86f@group-2C65884D69A9->d7f67023-bd71-4164-8161-24a8eb75dffe(c-1,m0,n6, attendVote=true, lastRpcSendTime=0, lastRpcResponseTime=67842) yet, just keep nextIndex unchanged and retry.
2023-04-24 08:16:42,083 [grpc-default-executor-3] WARN  server.GrpcLogAppender (LogUtils.java:warn(122)) - 593f1123-fce2-46ce-a0f5-50a98353a86f@group-2C65884D69A9->d7f67023-bd71-4164-8161-24a8eb75dffe-AppendLogResponseHandler: Failed appendEntries: org.apache.ratis.thirdparty.io.grpc.StatusRuntimeException: UNAVAILABLE: io exception
2023-04-24 08:16:42,083 [grpc-default-executor-3] WARN  server.GrpcLogAppender (GrpcLogAppender.java:resetClient(131)) - 593f1123-fce2-46ce-a0f5-50a98353a86f@group-2C65884D69A9->d7f67023-bd71-4164-8161-24a8eb75dffe-GrpcLogAppender: Leader has not got in touch with Follower 593f1123-fce2-46ce-a0f5-50a98353a86f@group-2C65884D69A9->d7f67023-bd71-4164-8161-24a8eb75dffe(c-1,m0,n6, attendVote=true, lastRpcSendTime=1, lastRpcResponseTime=67842) yet, just keep nextIndex unchanged and retry.
2023-04-24 08:16:42,160 [BlockDeletingService#7] INFO  interfaces.ContainerDeletionChoosingPolicyTemplate (ContainerDeletionChoosingPolicyTemplate.java:chooseContainerForBlockDeletion(83)) - Chosen 0/5000 blocks from 0 candidate containers.
2023-04-24 08:16:42,160 [BlockDeletingService#4] INFO  interfaces.ContainerDeletionChoosingPolicyTemplate (ContainerDeletionChoosingPolicyTemplate.java:chooseContainerForBlockDeletion(83)) - Chosen 0/5000 blocks from 0 candidate containers.
2023-04-24 08:16:42,205 [FixedThreadPoolWithAffinityExecutor-9-0] WARN  container.ContainerReportHandler (AbstractContainerReportHandler.java:updateContainerState(259)) - Container #1 is in OPEN state, but the datanode 593f1123-fce2-46ce-a0f5-50a98353a86f(fv-az212-956.zlodpucb4l4udavnfxg5s20dva.cx.internal.cloudapp.net/10.1.0.80) reports an CLOSED replica.
2023-04-24 08:16:42,260 [BlockDeletingService#4] INFO  interfaces.ContainerDeletionChoosingPolicyTemplate (ContainerDeletionChoosingPolicyTemplate.java:chooseContainerForBlockDeletion(83)) - Chosen 0/5000 blocks from 0 candidate containers.
2023-04-24 08:16:42,260 [BlockDeletingService#7] INFO  interfaces.ContainerDeletionChoosingPolicyTemplate (ContainerDeletionChoosingPolicyTemplate.java:chooseContainerForBlockDeletion(83)) - Chosen 0/5000 blocks from 0 candidate containers.
2023-04-24 08:16:42,360 [FixedThreadPoolWithAffinityExecutor-9-0] WARN  container.ContainerReportHandler (AbstractContainerReportHandler.java:updateContainerState(259)) - Container #1 is in OPEN state, but the datanode 444322bb-4321-4e38-998a-96758a8a198b(fv-az212-956.zlodpucb4l4udavnfxg5s20dva.cx.internal.cloudapp.net/10.1.0.80) reports an CLOSED replica.
2023-04-24 08:16:42,361 [BlockDeletingService#4] INFO  interfaces.ContainerDeletionChoosingPolicyTemplate (ContainerDeletionChoosingPolicyTemplate.java:chooseContainerForBlockDeletion(83)) - Chosen 0/5000 blocks from 0 candidate containers.
2023-04-24 08:16:42,361 [BlockDeletingService#7] INFO  interfaces.ContainerDeletionChoosingPolicyTemplate (ContainerDeletionChoosingPolicyTemplate.java:chooseContainerForBlockDeletion(83)) - Chosen 0/5000 blocks from 0 candidate containers.
2023-04-24 08:16:42,461 [BlockDeletingService#4] INFO  interfaces.ContainerDeletionChoosingPolicyTemplate (ContainerDeletionChoosingPolicyTemplate.java:chooseContainerForBlockDeletion(83)) - Chosen 0/5000 blocks from 0 candidate containers.
2023-04-24 08:16:42,461 [BlockDeletingService#7] INFO  interfaces.ContainerDeletionChoosingPolicyTemplate (ContainerDeletionChoosingPolicyTemplate.java:chooseContainerForBlockDeletion(83)) - Chosen 0/5000 blocks from 0 candidate containers.
2023-04-24 08:16:42,505 [FixedThreadPoolWithAffinityExecutor-9-0] WARN  container.ContainerReportHandler (AbstractContainerReportHandler.java:updateContainerState(259)) - Container #1 is in OPEN state, but the datanode 593f1123-fce2-46ce-a0f5-50a98353a86f(fv-az212-956.zlodpucb4l4udavnfxg5s20dva.cx.internal.cloudapp.net/10.1.0.80) reports an CLOSED replica.
2023-04-24 08:16:42,561 [BlockDeletingService#4] INFO  interfaces.ContainerDeletionChoosingPolicyTemplate (ContainerDeletionChoosingPolicyTemplate.java:chooseContainerForBlockDeletion(83)) - Chosen 0/5000 blocks from 0 candidate containers.
2023-04-24 08:16:42,561 [BlockDeletingService#7] INFO  interfaces.ContainerDeletionChoosingPolicyTemplate (ContainerDeletionChoosingPolicyTemplate.java:chooseContainerForBlockDeletion(83)) - Chosen 0/5000 blocks from 0 candidate containers.
2023-04-24 08:16:42,660 [FixedThreadPoolWithAffinityExecutor-9-0] WARN  container.ContainerReportHandler (AbstractContainerReportHandler.java:updateContainerState(259)) - Container #1 is in OPEN state, but the datanode 444322bb-4321-4e38-998a-96758a8a198b(fv-az212-956.zlodpucb4l4udavnfxg5s20dva.cx.internal.cloudapp.net/10.1.0.80) reports an CLOSED replica.
2023-04-24 08:16:42,661 [BlockDeletingService#4] INFO  interfaces.ContainerDeletionChoosingPolicyTemplate (ContainerDeletionChoosingPolicyTemplate.java:chooseContainerForBlockDeletion(83)) - Chosen 0/5000 blocks from 0 candidate containers.
2023-04-24 08:16:42,661 [BlockDeletingService#7] INFO  interfaces.ContainerDeletionChoosingPolicyTemplate (ContainerDeletionChoosingPolicyTemplate.java:chooseContainerForBlockDeletion(83)) - Chosen 0/5000 blocks from 0 candidate containers.
2023-04-24 08:16:42,761 [BlockDeletingService#4] INFO  interfaces.ContainerDeletionChoosingPolicyTemplate (ContainerDeletionChoosingPolicyTemplate.java:chooseContainerForBlockDeletion(83)) - Chosen 0/5000 blocks from 0 candidate containers.
2023-04-24 08:16:42,761 [BlockDeletingService#7] INFO  interfaces.ContainerDeletionChoosingPolicyTemplate (ContainerDeletionChoosingPolicyTemplate.java:chooseContainerForBlockDeletion(83)) - Chosen 0/5000 blocks from 0 candidate containers.
2023-04-24 08:16:42,862 [BlockDeletingService#4] INFO  interfaces.ContainerDeletionChoosingPolicyTemplate (ContainerDeletionChoosingPolicyTemplate.java:chooseContainerForBlockDeletion(83)) - Chosen 0/5000 blocks from 0 candidate containers.
2023-04-24 08:16:42,862 [BlockDeletingService#7] INFO  interfaces.ContainerDeletionChoosingPolicyTemplate (ContainerDeletionChoosingPolicyTemplate.java:chooseContainerForBlockDeletion(83)) - Chosen 0/5000 blocks from 0 candidate containers.
2023-04-24 08:16:42,906 [FixedThreadPoolWithAffinityExecutor-9-0] WARN  container.ContainerReportHandler (AbstractContainerReportHandler.java:updateContainerState(259)) - Container #1 is in OPEN state, but the datanode 593f1123-fce2-46ce-a0f5-50a98353a86f(fv-az212-956.zlodpucb4l4udavnfxg5s20dva.cx.internal.cloudapp.net/10.1.0.80) reports an CLOSED replica.
2023-04-24 08:16:42,960 [FixedThreadPoolWithAffinityExecutor-9-0] WARN  container.ContainerReportHandler (AbstractContainerReportHandler.java:updateContainerState(259)) - Container #1 is in OPEN state, but the datanode 444322bb-4321-4e38-998a-96758a8a198b(fv-az212-956.zlodpucb4l4udavnfxg5s20dva.cx.internal.cloudapp.net/10.1.0.80) reports an CLOSED replica.
2023-04-24 08:16:42,962 [BlockDeletingService#4] INFO  interfaces.ContainerDeletionChoosingPolicyTemplate (ContainerDeletionChoosingPolicyTemplate.java:chooseContainerForBlockDeletion(83)) - Chosen 0/5000 blocks from 0 candidate containers.
2023-04-24 08:16:42,962 [BlockDeletingService#7] INFO  interfaces.ContainerDeletionChoosingPolicyTemplate (ContainerDeletionChoosingPolicyTemplate.java:chooseContainerForBlockDeletion(83)) - Chosen 0/5000 blocks from 0 candidate containers.
2023-04-24 08:16:43,062 [BlockDeletingService#4] INFO  interfaces.ContainerDeletionChoosingPolicyTemplate (ContainerDeletionChoosingPolicyTemplate.java:chooseContainerForBlockDeletion(83)) - Chosen 0/5000 blocks from 0 candidate containers.
2023-04-24 08:16:43,062 [BlockDeletingService#7] INFO  interfaces.ContainerDeletionChoosingPolicyTemplate (ContainerDeletionChoosingPolicyTemplate.java:chooseContainerForBlockDeletion(83)) - Chosen 0/5000 blocks from 0 candidate containers.
2023-04-24 08:16:43,162 [BlockDeletingService#4] INFO  interfaces.ContainerDeletionChoosingPolicyTemplate (ContainerDeletionChoosingPolicyTemplate.java:chooseContainerForBlockDeletion(83)) - Chosen 0/5000 blocks from 0 candidate containers.
2023-04-24 08:16:43,162 [BlockDeletingService#7] INFO  interfaces.ContainerDeletionChoosingPolicyTemplate (ContainerDeletionChoosingPolicyTemplate.java:chooseContainerForBlockDeletion(83)) - Chosen 0/5000 blocks from 0 candidate containers.
2023-04-24 08:16:43,206 [FixedThreadPoolWithAffinityExecutor-9-0] WARN  container.ContainerReportHandler (AbstractContainerReportHandler.java:updateContainerState(259)) - Container #1 is in OPEN state, but the datanode 593f1123-fce2-46ce-a0f5-50a98353a86f(fv-az212-956.zlodpucb4l4udavnfxg5s20dva.cx.internal.cloudapp.net/10.1.0.80) reports an CLOSED replica.
2023-04-24 08:16:43,260 [FixedThreadPoolWithAffinityExecutor-9-0] WARN  container.ContainerReportHandler (AbstractContainerReportHandler.java:updateContainerState(259)) - Container #1 is in OPEN state, but the datanode 444322bb-4321-4e38-998a-96758a8a198b(fv-az212-956.zlodpucb4l4udavnfxg5s20dva.cx.internal.cloudapp.net/10.1.0.80) reports an CLOSED replica.
2023-04-24 08:16:43,262 [BlockDeletingService#4] INFO  interfaces.ContainerDeletionChoosingPolicyTemplate (ContainerDeletionChoosingPolicyTemplate.java:chooseContainerForBlockDeletion(83)) - Chosen 0/5000 blocks from 0 candidate containers.
2023-04-24 08:16:43,263 [BlockDeletingService#7] INFO  interfaces.ContainerDeletionChoosingPolicyTemplate (ContainerDeletionChoosingPolicyTemplate.java:chooseContainerForBlockDeletion(83)) - Chosen 0/5000 blocks from 0 candidate containers.
2023-04-24 08:16:43,332 [grpc-default-executor-3] WARN  server.GrpcLogAppender (LogUtils.java:warn(122)) - 593f1123-fce2-46ce-a0f5-50a98353a86f@group-2C65884D69A9->d7f67023-bd71-4164-8161-24a8eb75dffe-AppendLogResponseHandler: Failed appendEntries: org.apache.ratis.thirdparty.io.grpc.StatusRuntimeException: UNAVAILABLE: io exception
2023-04-24 08:16:43,332 [grpc-default-executor-1] WARN  server.GrpcLogAppender (LogUtils.java:warn(122)) - 593f1123-fce2-46ce-a0f5-50a98353a86f@group-2C65884D69A9->d7f67023-bd71-4164-8161-24a8eb75dffe-AppendLogResponseHandler: Failed appendEntries: org.apache.ratis.thirdparty.io.grpc.StatusRuntimeException: UNAVAILABLE: io exception
2023-04-24 08:16:43,333 [grpc-default-executor-3] WARN  server.GrpcLogAppender (GrpcLogAppender.java:resetClient(131)) - 593f1123-fce2-46ce-a0f5-50a98353a86f@group-2C65884D69A9->d7f67023-bd71-4164-8161-24a8eb75dffe-GrpcLogAppender: Leader has not got in touch with Follower 593f1123-fce2-46ce-a0f5-50a98353a86f@group-2C65884D69A9->d7f67023-bd71-4164-8161-24a8eb75dffe(c-1,m0,n6, attendVote=true, lastRpcSendTime=0, lastRpcResponseTime=69092) yet, just keep nextIndex unchanged and retry.
2023-04-24 08:16:43,333 [grpc-default-executor-1] WARN  server.GrpcLogAppender (GrpcLogAppender.java:resetClient(131)) - 593f1123-fce2-46ce-a0f5-50a98353a86f@group-2C65884D69A9->d7f67023-bd71-4164-8161-24a8eb75dffe-GrpcLogAppender: Leader has not got in touch with Follower 593f1123-fce2-46ce-a0f5-50a98353a86f@group-2C65884D69A9->d7f67023-bd71-4164-8161-24a8eb75dffe(c-1,m0,n6, attendVote=true, lastRpcSendTime=0, lastRpcResponseTime=69092) yet, just keep nextIndex unchanged and retry.
2023-04-24 08:16:43,363 [BlockDeletingService#7] INFO  interfaces.ContainerDeletionChoosingPolicyTemplate (ContainerDeletionChoosingPolicyTemplate.java:chooseContainerForBlockDeletion(83)) - Chosen 0/5000 blocks from 0 candidate containers.
2023-04-24 08:16:43,363 [BlockDeletingService#7] INFO  interfaces.ContainerDeletionChoosingPolicyTemplate (ContainerDeletionChoosingPolicyTemplate.java:chooseContainerForBlockDeletion(83)) - Chosen 0/5000 blocks from 0 candidate containers.
2023-04-24 08:16:43,463 [BlockDeletingService#7] INFO  interfaces.ContainerDeletionChoosingPolicyTemplate (ContainerDeletionChoosingPolicyTemplate.java:chooseContainerForBlockDeletion(83)) - Chosen 0/5000 blocks from 0 candidate containers.
2023-04-24 08:16:43,463 [BlockDeletingService#7] INFO  interfaces.ContainerDeletionChoosingPolicyTemplate (ContainerDeletionChoosingPolicyTemplate.java:chooseContainerForBlockDeletion(83)) - Chosen 0/5000 blocks from 0 candidate containers.
2023-04-24 08:16:43,507 [FixedThreadPoolWithAffinityExecutor-9-0] WARN  container.ContainerReportHandler (AbstractContainerReportHandler.java:updateContainerState(259)) - Container #1 is in OPEN state, but the datanode 593f1123-fce2-46ce-a0f5-50a98353a86f(fv-az212-956.zlodpucb4l4udavnfxg5s20dva.cx.internal.cloudapp.net/10.1.0.80) reports an CLOSED replica.
2023-04-24 08:16:43,561 [FixedThreadPoolWithAffinityExecutor-9-0] WARN  container.ContainerReportHandler (AbstractContainerReportHandler.java:updateContainerState(259)) - Container #1 is in OPEN state, but the datanode 444322bb-4321-4e38-998a-96758a8a198b(fv-az212-956.zlodpucb4l4udavnfxg5s20dva.cx.internal.cloudapp.net/10.1.0.80) reports an CLOSED replica.
2023-04-24 08:16:43,563 [BlockDeletingService#7] INFO  interfaces.ContainerDeletionChoosingPolicyTemplate (ContainerDeletionChoosingPolicyTemplate.java:chooseContainerForBlockDeletion(83)) - Chosen 0/5000 blocks from 0 candidate containers.
2023-04-24 08:16:43,563 [BlockDeletingService#7] INFO  interfaces.ContainerDeletionChoosingPolicyTemplate (ContainerDeletionChoosingPolicyTemplate.java:chooseContainerForBlockDeletion(83)) - Chosen 0/5000 blocks from 0 candidate containers.
2023-04-24 08:16:43,663 [BlockDeletingService#7] INFO  interfaces.ContainerDeletionChoosingPolicyTemplate (ContainerDeletionChoosingPolicyTemplate.java:chooseContainerForBlockDeletion(83)) - Chosen 0/5000 blocks from 0 candidate containers.
2023-04-24 08:16:43,663 [BlockDeletingService#7] INFO  interfaces.ContainerDeletionChoosingPolicyTemplate (ContainerDeletionChoosingPolicyTemplate.java:chooseContainerForBlockDeletion(83)) - Chosen 0/5000 blocks from 0 candidate containers.
2023-04-24 08:16:43,763 [BlockDeletingService#7] INFO  interfaces.ContainerDeletionChoosingPolicyTemplate (ContainerDeletionChoosingPolicyTemplate.java:chooseContainerForBlockDeletion(83)) - Chosen 0/5000 blocks from 0 candidate containers.
2023-04-24 08:16:43,764 [BlockDeletingService#7] INFO  interfaces.ContainerDeletionChoosingPolicyTemplate (ContainerDeletionChoosingPolicyTemplate.java:chooseContainerForBlockDeletion(83)) - Chosen 0/5000 blocks from 0 candidate containers.
2023-04-24 08:16:43,807 [FixedThreadPoolWithAffinityExecutor-9-0] WARN  container.ContainerReportHandler (AbstractContainerReportHandler.java:updateContainerState(259)) - Container #1 is in OPEN state, but the datanode 593f1123-fce2-46ce-a0f5-50a98353a86f(fv-az212-956.zlodpucb4l4udavnfxg5s20dva.cx.internal.cloudapp.net/10.1.0.80) reports an CLOSED replica.
2023-04-24 08:16:43,861 [FixedThreadPoolWithAffinityExecutor-9-0] WARN  container.ContainerReportHandler (AbstractContainerReportHandler.java:updateContainerState(259)) - Container #1 is in OPEN state, but the datanode 444322bb-4321-4e38-998a-96758a8a198b(fv-az212-956.zlodpucb4l4udavnfxg5s20dva.cx.internal.cloudapp.net/10.1.0.80) reports an CLOSED replica.
2023-04-24 08:16:43,864 [BlockDeletingService#7] INFO  interfaces.ContainerDeletionChoosingPolicyTemplate (ContainerDeletionChoosingPolicyTemplate.java:chooseContainerForBlockDeletion(83)) - Chosen 0/5000 blocks from 0 candidate containers.
2023-04-24 08:16:43,864 [BlockDeletingService#7] INFO  interfaces.ContainerDeletionChoosingPolicyTemplate (ContainerDeletionChoosingPolicyTemplate.java:chooseContainerForBlockDeletion(83)) - Chosen 0/5000 blocks from 0 candidate containers.
2023-04-24 08:16:43,964 [BlockDeletingService#7] INFO  interfaces.ContainerDeletionChoosingPolicyTemplate (ContainerDeletionChoosingPolicyTemplate.java:chooseContainerForBlockDeletion(83)) - Chosen 0/5000 blocks from 0 candidate containers.
2023-04-24 08:16:43,964 [BlockDeletingService#7] INFO  interfaces.ContainerDeletionChoosingPolicyTemplate (ContainerDeletionChoosingPolicyTemplate.java:chooseContainerForBlockDeletion(83)) - Chosen 0/5000 blocks from 0 candidate containers.
2023-04-24 08:16:44,064 [BlockDeletingService#7] INFO  interfaces.ContainerDeletionChoosingPolicyTemplate (ContainerDeletionChoosingPolicyTemplate.java:chooseContainerForBlockDeletion(83)) - Chosen 0/5000 blocks from 0 candidate containers.
2023-04-24 08:16:44,064 [BlockDeletingService#7] INFO  interfaces.ContainerDeletionChoosingPolicyTemplate (ContainerDeletionChoosingPolicyTemplate.java:chooseContainerForBlockDeletion(83)) - Chosen 0/5000 blocks from 0 candidate containers.
2023-04-24 08:16:44,108 [FixedThreadPoolWithAffinityExecutor-9-0] WARN  container.ContainerReportHandler (AbstractContainerReportHandler.java:updateContainerState(259)) - Container #1 is in OPEN state, but the datanode 593f1123-fce2-46ce-a0f5-50a98353a86f(fv-az212-956.zlodpucb4l4udavnfxg5s20dva.cx.internal.cloudapp.net/10.1.0.80) reports an CLOSED replica.
2023-04-24 08:16:44,162 [FixedThreadPoolWithAffinityExecutor-9-0] WARN  container.ContainerReportHandler (AbstractContainerReportHandler.java:updateContainerState(259)) - Container #1 is in OPEN state, but the datanode 444322bb-4321-4e38-998a-96758a8a198b(fv-az212-956.zlodpucb4l4udavnfxg5s20dva.cx.internal.cloudapp.net/10.1.0.80) reports an CLOSED replica.
2023-04-24 08:16:44,164 [BlockDeletingService#7] INFO  interfaces.ContainerDeletionChoosingPolicyTemplate (ContainerDeletionChoosingPolicyTemplate.java:chooseContainerForBlockDeletion(83)) - Chosen 0/5000 blocks from 0 candidate containers.
2023-04-24 08:16:44,164 [BlockDeletingService#7] INFO  interfaces.ContainerDeletionChoosingPolicyTemplate (ContainerDeletionChoosingPolicyTemplate.java:chooseContainerForBlockDeletion(83)) - Chosen 0/5000 blocks from 0 candidate containers.
2023-04-24 08:16:44,264 [BlockDeletingService#7] INFO  interfaces.ContainerDeletionChoosingPolicyTemplate (ContainerDeletionChoosingPolicyTemplate.java:chooseContainerForBlockDeletion(83)) - Chosen 0/5000 blocks from 0 candidate containers.
2023-04-24 08:16:44,264 [BlockDeletingService#7] INFO  interfaces.ContainerDeletionChoosingPolicyTemplate (ContainerDeletionChoosingPolicyTemplate.java:chooseContainerForBlockDeletion(83)) - Chosen 0/5000 blocks from 0 candidate containers.
2023-04-24 08:16:44,365 [BlockDeletingService#7] INFO  interfaces.ContainerDeletionChoosingPolicyTemplate (ContainerDeletionChoosingPolicyTemplate.java:chooseContainerForBlockDeletion(83)) - Chosen 0/5000 blocks from 0 candidate containers.
2023-04-24 08:16:44,365 [BlockDeletingService#7] INFO  interfaces.ContainerDeletionChoosingPolicyTemplate (ContainerDeletionChoosingPolicyTemplate.java:chooseContainerForBlockDeletion(83)) - Chosen 0/5000 blocks from 0 candidate containers.
2023-04-24 08:16:44,408 [FixedThreadPoolWithAffinityExecutor-9-0] WARN  container.ContainerReportHandler (AbstractContainerReportHandler.java:updateContainerState(259)) - Container #1 is in OPEN state, but the datanode 593f1123-fce2-46ce-a0f5-50a98353a86f(fv-az212-956.zlodpucb4l4udavnfxg5s20dva.cx.internal.cloudapp.net/10.1.0.80) reports an CLOSED replica.
2023-04-24 08:16:44,463 [FixedThreadPoolWithAffinityExecutor-9-0] WARN  container.ContainerReportHandler (AbstractContainerReportHandler.java:updateContainerState(259)) - Container #1 is in OPEN state, but the datanode 444322bb-4321-4e38-998a-96758a8a198b(fv-az212-956.zlodpucb4l4udavnfxg5s20dva.cx.internal.cloudapp.net/10.1.0.80) reports an CLOSED replica.
2023-04-24 08:16:44,465 [BlockDeletingService#7] INFO  interfaces.ContainerDeletionChoosingPolicyTemplate (ContainerDeletionChoosingPolicyTemplate.java:chooseContainerForBlockDeletion(83)) - Chosen 0/5000 blocks from 0 candidate containers.
2023-04-24 08:16:44,465 [BlockDeletingService#7] INFO  interfaces.ContainerDeletionChoosingPolicyTemplate (ContainerDeletionChoosingPolicyTemplate.java:chooseContainerForBlockDeletion(83)) - Chosen 0/5000 blocks from 0 candidate containers.
2023-04-24 08:16:44,565 [BlockDeletingService#7] INFO  interfaces.ContainerDeletionChoosingPolicyTemplate (ContainerDeletionChoosingPolicyTemplate.java:chooseContainerForBlockDeletion(83)) - Chosen 0/5000 blocks from 0 candidate containers.
2023-04-24 08:16:44,565 [BlockDeletingService#7] INFO  interfaces.ContainerDeletionChoosingPolicyTemplate (ContainerDeletionChoosingPolicyTemplate.java:chooseContainerForBlockDeletion(83)) - Chosen 0/5000 blocks from 0 candidate containers.
2023-04-24 08:16:44,583 [grpc-default-executor-3] WARN  server.GrpcLogAppender (LogUtils.java:warn(122)) - 593f1123-fce2-46ce-a0f5-50a98353a86f@group-2C65884D69A9->d7f67023-bd71-4164-8161-24a8eb75dffe-AppendLogResponseHandler: Failed appendEntries: org.apache.ratis.thirdparty.io.grpc.StatusRuntimeException: UNAVAILABLE: io exception
2023-04-24 08:16:44,583 [grpc-default-executor-1] WARN  server.GrpcLogAppender (LogUtils.java:warn(122)) - 593f1123-fce2-46ce-a0f5-50a98353a86f@group-2C65884D69A9->d7f67023-bd71-4164-8161-24a8eb75dffe-AppendLogResponseHandler: Failed appendEntries: org.apache.ratis.thirdparty.io.grpc.StatusRuntimeException: UNAVAILABLE: io exception
2023-04-24 08:16:44,584 [grpc-default-executor-3] WARN  server.GrpcLogAppender (GrpcLogAppender.java:resetClient(131)) - 593f1123-fce2-46ce-a0f5-50a98353a86f@group-2C65884D69A9->d7f67023-bd71-4164-8161-24a8eb75dffe-GrpcLogAppender: Leader has not got in touch with Follower 593f1123-fce2-46ce-a0f5-50a98353a86f@group-2C65884D69A9->d7f67023-bd71-4164-8161-24a8eb75dffe(c-1,m0,n6, attendVote=true, lastRpcSendTime=1251, lastRpcResponseTime=70343) yet, just keep nextIndex unchanged and retry.
2023-04-24 08:16:44,585 [grpc-default-executor-1] WARN  server.GrpcLogAppender (GrpcLogAppender.java:resetClient(131)) - 593f1123-fce2-46ce-a0f5-50a98353a86f@group-2C65884D69A9->d7f67023-bd71-4164-8161-24a8eb75dffe-GrpcLogAppender: Leader has not got in touch with Follower 593f1123-fce2-46ce-a0f5-50a98353a86f@group-2C65884D69A9->d7f67023-bd71-4164-8161-24a8eb75dffe(c-1,m0,n6, attendVote=true, lastRpcSendTime=1252, lastRpcResponseTime=70344) yet, just keep nextIndex unchanged and retry.
2023-04-24 08:16:44,586 [grpc-default-executor-1] WARN  server.GrpcLogAppender (LogUtils.java:warn(122)) - 593f1123-fce2-46ce-a0f5-50a98353a86f@group-2C65884D69A9->d7f67023-bd71-4164-8161-24a8eb75dffe-AppendLogResponseHandler: Failed appendEntries: org.apache.ratis.thirdparty.io.grpc.StatusRuntimeException: UNAVAILABLE: io exception
2023-04-24 08:16:44,586 [grpc-default-executor-3] WARN  server.GrpcLogAppender (LogUtils.java:warn(122)) - 593f1123-fce2-46ce-a0f5-50a98353a86f@group-2C65884D69A9->d7f67023-bd71-4164-8161-24a8eb75dffe-AppendLogResponseHandler: Failed appendEntries: org.apache.ratis.thirdparty.io.grpc.StatusRuntimeException: UNAVAILABLE: io exception
2023-04-24 08:16:44,586 [grpc-default-executor-1] WARN  server.GrpcLogAppender (GrpcLogAppender.java:resetClient(131)) - 593f1123-fce2-46ce-a0f5-50a98353a86f@group-2C65884D69A9->d7f67023-bd71-4164-8161-24a8eb75dffe-GrpcLogAppender: Leader has not got in touch with Follower 593f1123-fce2-46ce-a0f5-50a98353a86f@group-2C65884D69A9->d7f67023-bd71-4164-8161-24a8eb75dffe(c-1,m0,n6, attendVote=true, lastRpcSendTime=0, lastRpcResponseTime=70345) yet, just keep nextIndex unchanged and retry.
2023-04-24 08:16:44,587 [grpc-default-executor-3] WARN  server.GrpcLogAppender (GrpcLogAppender.java:resetClient(131)) - 593f1123-fce2-46ce-a0f5-50a98353a86f@group-2C65884D69A9->d7f67023-bd71-4164-8161-24a8eb75dffe-GrpcLogAppender: Leader has not got in touch with Follower 593f1123-fce2-46ce-a0f5-50a98353a86f@group-2C65884D69A9->d7f67023-bd71-4164-8161-24a8eb75dffe(c-1,m0,n6, attendVote=true, lastRpcSendTime=0, lastRpcResponseTime=70346) yet, just keep nextIndex unchanged and retry.
2023-04-24 08:16:44,665 [BlockDeletingService#7] INFO  interfaces.ContainerDeletionChoosingPolicyTemplate (ContainerDeletionChoosingPolicyTemplate.java:chooseContainerForBlockDeletion(83)) - Chosen 0/5000 blocks from 0 candidate containers.
2023-04-24 08:16:44,665 [BlockDeletingService#7] INFO  interfaces.ContainerDeletionChoosingPolicyTemplate (ContainerDeletionChoosingPolicyTemplate.java:chooseContainerForBlockDeletion(83)) - Chosen 0/5000 blocks from 0 candidate containers.
2023-04-24 08:16:44,709 [FixedThreadPoolWithAffinityExecutor-9-0] WARN  container.ContainerReportHandler (AbstractContainerReportHandler.java:updateContainerState(259)) - Container #1 is in OPEN state, but the datanode 593f1123-fce2-46ce-a0f5-50a98353a86f(fv-az212-956.zlodpucb4l4udavnfxg5s20dva.cx.internal.cloudapp.net/10.1.0.80) reports an CLOSED replica.
2023-04-24 08:16:44,762 [FixedThreadPoolWithAffinityExecutor-9-0] WARN  container.ContainerReportHandler (AbstractContainerReportHandler.java:updateContainerState(259)) - Container #1 is in OPEN state, but the datanode 444322bb-4321-4e38-998a-96758a8a198b(fv-az212-956.zlodpucb4l4udavnfxg5s20dva.cx.internal.cloudapp.net/10.1.0.80) reports an CLOSED replica.
2023-04-24 08:16:44,765 [BlockDeletingService#7] INFO  interfaces.ContainerDeletionChoosingPolicyTemplate (ContainerDeletionChoosingPolicyTemplate.java:chooseContainerForBlockDeletion(83)) - Chosen 0/5000 blocks from 0 candidate containers.
2023-04-24 08:16:44,765 [BlockDeletingService#7] INFO  interfaces.ContainerDeletionChoosingPolicyTemplate (ContainerDeletionChoosingPolicyTemplate.java:chooseContainerForBlockDeletion(83)) - Chosen 0/5000 blocks from 0 candidate containers.
2023-04-24 08:16:44,865 [BlockDeletingService#7] INFO  interfaces.ContainerDeletionChoosingPolicyTemplate (ContainerDeletionChoosingPolicyTemplate.java:chooseContainerForBlockDeletion(83)) - Chosen 0/5000 blocks from 0 candidate containers.
2023-04-24 08:16:44,866 [BlockDeletingService#7] INFO  interfaces.ContainerDeletionChoosingPolicyTemplate (ContainerDeletionChoosingPolicyTemplate.java:chooseContainerForBlockDeletion(83)) - Chosen 0/5000 blocks from 0 candidate containers.
2023-04-24 08:16:44,963 [FixedThreadPoolWithAffinityExecutor-9-0] WARN  container.ContainerReportHandler (AbstractContainerReportHandler.java:updateContainerState(259)) - Container #1 is in OPEN state, but the datanode 444322bb-4321-4e38-998a-96758a8a198b(fv-az212-956.zlodpucb4l4udavnfxg5s20dva.cx.internal.cloudapp.net/10.1.0.80) reports an CLOSED replica.
2023-04-24 08:16:44,966 [BlockDeletingService#7] INFO  interfaces.ContainerDeletionChoosingPolicyTemplate (ContainerDeletionChoosingPolicyTemplate.java:chooseContainerForBlockDeletion(83)) - Chosen 0/5000 blocks from 0 candidate containers.
2023-04-24 08:16:44,966 [BlockDeletingService#7] INFO  interfaces.ContainerDeletionChoosingPolicyTemplate (ContainerDeletionChoosingPolicyTemplate.java:chooseContainerForBlockDeletion(83)) - Chosen 0/5000 blocks from 0 candidate containers.
2023-04-24 08:16:45,008 [FixedThreadPoolWithAffinityExecutor-9-0] WARN  container.ContainerReportHandler (AbstractContainerReportHandler.java:updateContainerState(259)) - Container #1 is in OPEN state, but the datanode 593f1123-fce2-46ce-a0f5-50a98353a86f(fv-az212-956.zlodpucb4l4udavnfxg5s20dva.cx.internal.cloudapp.net/10.1.0.80) reports an CLOSED replica.
2023-04-24 08:16:45,066 [BlockDeletingService#7] INFO  interfaces.ContainerDeletionChoosingPolicyTemplate (ContainerDeletionChoosingPolicyTemplate.java:chooseContainerForBlockDeletion(83)) - Chosen 0/5000 blocks from 0 candidate containers.
2023-04-24 08:16:45,066 [BlockDeletingService#7] INFO  interfaces.ContainerDeletionChoosingPolicyTemplate (ContainerDeletionChoosingPolicyTemplate.java:chooseContainerForBlockDeletion(83)) - Chosen 0/5000 blocks from 0 candidate containers.
2023-04-24 08:16:45,166 [BlockDeletingService#7] INFO  interfaces.ContainerDeletionChoosingPolicyTemplate (ContainerDeletionChoosingPolicyTemplate.java:chooseContainerForBlockDeletion(83)) - Chosen 0/5000 blocks from 0 candidate containers.
2023-04-24 08:16:45,166 [BlockDeletingService#7] INFO  interfaces.ContainerDeletionChoosingPolicyTemplate (ContainerDeletionChoosingPolicyTemplate.java:chooseContainerForBlockDeletion(83)) - Chosen 0/5000 blocks from 0 candidate containers.
2023-04-24 08:16:45,263 [FixedThreadPoolWithAffinityExecutor-9-0] WARN  container.ContainerReportHandler (AbstractContainerReportHandler.java:updateContainerState(259)) - Container #1 is in OPEN state, but the datanode 444322bb-4321-4e38-998a-96758a8a198b(fv-az212-956.zlodpucb4l4udavnfxg5s20dva.cx.internal.cloudapp.net/10.1.0.80) reports an CLOSED replica.
2023-04-24 08:16:45,266 [BlockDeletingService#7] INFO  interfaces.ContainerDeletionChoosingPolicyTemplate (ContainerDeletionChoosingPolicyTemplate.java:chooseContainerForBlockDeletion(83)) - Chosen 0/5000 blocks from 0 candidate containers.
2023-04-24 08:16:45,266 [BlockDeletingService#7] INFO  interfaces.ContainerDeletionChoosingPolicyTemplate (ContainerDeletionChoosingPolicyTemplate.java:chooseContainerForBlockDeletion(83)) - Chosen 0/5000 blocks from 0 candidate containers.
2023-04-24 08:16:45,308 [FixedThreadPoolWithAffinityExecutor-9-0] WARN  container.ContainerReportHandler (AbstractContainerReportHandler.java:updateContainerState(259)) - Container #1 is in OPEN state, but the datanode 593f1123-fce2-46ce-a0f5-50a98353a86f(fv-az212-956.zlodpucb4l4udavnfxg5s20dva.cx.internal.cloudapp.net/10.1.0.80) reports an CLOSED replica.
2023-04-24 08:16:45,367 [BlockDeletingService#7] INFO  interfaces.ContainerDeletionChoosingPolicyTemplate (ContainerDeletionChoosingPolicyTemplate.java:chooseContainerForBlockDeletion(83)) - Chosen 0/5000 blocks from 0 candidate containers.
2023-04-24 08:16:45,367 [BlockDeletingService#7] INFO  interfaces.ContainerDeletionChoosingPolicyTemplate (ContainerDeletionChoosingPolicyTemplate.java:chooseContainerForBlockDeletion(83)) - Chosen 0/5000 blocks from 0 candidate containers.
2023-04-24 08:16:45,467 [BlockDeletingService#7] INFO  interfaces.ContainerDeletionChoosingPolicyTemplate (ContainerDeletionChoosingPolicyTemplate.java:chooseContainerForBlockDeletion(83)) - Chosen 0/5000 blocks from 0 candidate containers.
2023-04-24 08:16:45,467 [BlockDeletingService#7] INFO  interfaces.ContainerDeletionChoosingPolicyTemplate (ContainerDeletionChoosingPolicyTemplate.java:chooseContainerForBlockDeletion(83)) - Chosen 0/5000 blocks from 0 candidate containers.
2023-04-24 08:16:45,564 [FixedThreadPoolWithAffinityExecutor-9-0] WARN  container.ContainerReportHandler (AbstractContainerReportHandler.java:updateContainerState(259)) - Container #1 is in OPEN state, but the datanode 444322bb-4321-4e38-998a-96758a8a198b(fv-az212-956.zlodpucb4l4udavnfxg5s20dva.cx.internal.cloudapp.net/10.1.0.80) reports an CLOSED replica.
2023-04-24 08:16:45,567 [BlockDeletingService#7] INFO  interfaces.ContainerDeletionChoosingPolicyTemplate (ContainerDeletionChoosingPolicyTemplate.java:chooseContainerForBlockDeletion(83)) - Chosen 0/5000 blocks from 0 candidate containers.
2023-04-24 08:16:45,567 [BlockDeletingService#7] INFO  interfaces.ContainerDeletionChoosingPolicyTemplate (ContainerDeletionChoosingPolicyTemplate.java:chooseContainerForBlockDeletion(83)) - Chosen 0/5000 blocks from 0 candidate containers.
2023-04-24 08:16:45,667 [BlockDeletingService#7] INFO  interfaces.ContainerDeletionChoosingPolicyTemplate (ContainerDeletionChoosingPolicyTemplate.java:chooseContainerForBlockDeletion(83)) - Chosen 0/5000 blocks from 0 candidate containers.
2023-04-24 08:16:45,667 [BlockDeletingService#7] INFO  interfaces.ContainerDeletionChoosingPolicyTemplate (ContainerDeletionChoosingPolicyTemplate.java:chooseContainerForBlockDeletion(83)) - Chosen 0/5000 blocks from 0 candidate containers.
2023-04-24 08:16:45,708 [FixedThreadPoolWithAffinityExecutor-9-0] WARN  container.ContainerReportHandler (AbstractContainerReportHandler.java:updateContainerState(259)) - Container #1 is in OPEN state, but the datanode 593f1123-fce2-46ce-a0f5-50a98353a86f(fv-az212-956.zlodpucb4l4udavnfxg5s20dva.cx.internal.cloudapp.net/10.1.0.80) reports an CLOSED replica.
2023-04-24 08:16:45,769 [BlockDeletingService#7] INFO  interfaces.ContainerDeletionChoosingPolicyTemplate (ContainerDeletionChoosingPolicyTemplate.java:chooseContainerForBlockDeletion(83)) - Chosen 0/5000 blocks from 0 candidate containers.
2023-04-24 08:16:45,769 [BlockDeletingService#7] INFO  interfaces.ContainerDeletionChoosingPolicyTemplate (ContainerDeletionChoosingPolicyTemplate.java:chooseContainerForBlockDeletion(83)) - Chosen 0/5000 blocks from 0 candidate containers.
2023-04-24 08:16:45,836 [grpc-default-executor-3] WARN  server.GrpcLogAppender (LogUtils.java:warn(122)) - 593f1123-fce2-46ce-a0f5-50a98353a86f@group-2C65884D69A9->d7f67023-bd71-4164-8161-24a8eb75dffe-AppendLogResponseHandler: Failed appendEntries: org.apache.ratis.thirdparty.io.grpc.StatusRuntimeException: UNAVAILABLE: io exception
2023-04-24 08:16:45,836 [grpc-default-executor-1] WARN  server.GrpcLogAppender (LogUtils.java:warn(122)) - 593f1123-fce2-46ce-a0f5-50a98353a86f@group-2C65884D69A9->d7f67023-bd71-4164-8161-24a8eb75dffe-AppendLogResponseHandler: Failed appendEntries: org.apache.ratis.thirdparty.io.grpc.StatusRuntimeException: UNAVAILABLE: io exception
2023-04-24 08:16:45,837 [grpc-default-executor-3] WARN  server.GrpcLogAppender (GrpcLogAppender.java:resetClient(131)) - 593f1123-fce2-46ce-a0f5-50a98353a86f@group-2C65884D69A9->d7f67023-bd71-4164-8161-24a8eb75dffe-GrpcLogAppender: Leader has not got in touch with Follower 593f1123-fce2-46ce-a0f5-50a98353a86f@group-2C65884D69A9->d7f67023-bd71-4164-8161-24a8eb75dffe(c-1,m0,n6, attendVote=true, lastRpcSendTime=1250, lastRpcResponseTime=71596) yet, just keep nextIndex unchanged and retry.
2023-04-24 08:16:45,841 [grpc-default-executor-1] WARN  server.GrpcLogAppender (GrpcLogAppender.java:resetClient(131)) - 593f1123-fce2-46ce-a0f5-50a98353a86f@group-2C65884D69A9->d7f67023-bd71-4164-8161-24a8eb75dffe-GrpcLogAppender: Leader has not got in touch with Follower 593f1123-fce2-46ce-a0f5-50a98353a86f@group-2C65884D69A9->d7f67023-bd71-4164-8161-24a8eb75dffe(c-1,m0,n6, attendVote=true, lastRpcSendTime=1254, lastRpcResponseTime=71600) yet, just keep nextIndex unchanged and retry.
2023-04-24 08:16:45,841 [grpc-default-executor-1] WARN  server.GrpcLogAppender (LogUtils.java:warn(122)) - 593f1123-fce2-46ce-a0f5-50a98353a86f@group-2C65884D69A9->d7f67023-bd71-4164-8161-24a8eb75dffe-AppendLogResponseHandler: Failed appendEntries: org.apache.ratis.thirdparty.io.grpc.StatusRuntimeException: UNAVAILABLE: io exception
2023-04-24 08:16:45,842 [grpc-default-executor-1] WARN  server.GrpcLogAppender (GrpcLogAppender.java:resetClient(131)) - 593f1123-fce2-46ce-a0f5-50a98353a86f@group-2C65884D69A9->d7f67023-bd71-4164-8161-24a8eb75dffe-GrpcLogAppender: Leader has not got in touch with Follower 593f1123-fce2-46ce-a0f5-50a98353a86f@group-2C65884D69A9->d7f67023-bd71-4164-8161-24a8eb75dffe(c-1,m0,n6, attendVote=true, lastRpcSendTime=0, lastRpcResponseTime=71601) yet, just keep nextIndex unchanged and retry.
2023-04-24 08:16:45,843 [grpc-default-executor-1] WARN  server.GrpcLogAppender (LogUtils.java:warn(122)) - 593f1123-fce2-46ce-a0f5-50a98353a86f@group-2C65884D69A9->d7f67023-bd71-4164-8161-24a8eb75dffe-AppendLogResponseHandler: Failed appendEntries: org.apache.ratis.thirdparty.io.grpc.StatusRuntimeException: UNAVAILABLE: io exception
2023-04-24 08:16:45,844 [grpc-default-executor-1] WARN  server.GrpcLogAppender (GrpcLogAppender.java:resetClient(131)) - 593f1123-fce2-46ce-a0f5-50a98353a86f@group-2C65884D69A9->d7f67023-bd71-4164-8161-24a8eb75dffe-GrpcLogAppender: Leader has not got in touch with Follower 593f1123-fce2-46ce-a0f5-50a98353a86f@group-2C65884D69A9->d7f67023-bd71-4164-8161-24a8eb75dffe(c-1,m0,n6, attendVote=true, lastRpcSendTime=2, lastRpcResponseTime=71603) yet, just keep nextIndex unchanged and retry.
2023-04-24 08:16:45,863 [FixedThreadPoolWithAffinityExecutor-9-0] WARN  container.ContainerReportHandler (AbstractContainerReportHandler.java:updateContainerState(259)) - Container #1 is in OPEN state, but the datanode 444322bb-4321-4e38-998a-96758a8a198b(fv-az212-956.zlodpucb4l4udavnfxg5s20dva.cx.internal.cloudapp.net/10.1.0.80) reports an CLOSED replica.
2023-04-24 08:16:45,869 [BlockDeletingService#7] INFO  interfaces.ContainerDeletionChoosingPolicyTemplate (ContainerDeletionChoosingPolicyTemplate.java:chooseContainerForBlockDeletion(83)) - Chosen 0/5000 blocks from 0 candidate containers.
2023-04-24 08:16:45,869 [BlockDeletingService#7] INFO  interfaces.ContainerDeletionChoosingPolicyTemplate (ContainerDeletionChoosingPolicyTemplate.java:chooseContainerForBlockDeletion(83)) - Chosen 0/5000 blocks from 0 candidate containers.
2023-04-24 08:16:45,969 [BlockDeletingService#7] INFO  interfaces.ContainerDeletionChoosingPolicyTemplate (ContainerDeletionChoosingPolicyTemplate.java:chooseContainerForBlockDeletion(83)) - Chosen 0/5000 blocks from 0 candidate containers.
2023-04-24 08:16:45,970 [BlockDeletingService#7] INFO  interfaces.ContainerDeletionChoosingPolicyTemplate (ContainerDeletionChoosingPolicyTemplate.java:chooseContainerForBlockDeletion(83)) - Chosen 0/5000 blocks from 0 candidate containers.
2023-04-24 08:16:46,009 [FixedThreadPoolWithAffinityExecutor-9-0] WARN  container.ContainerReportHandler (AbstractContainerReportHandler.java:updateContainerState(259)) - Container #1 is in OPEN state, but the datanode 593f1123-fce2-46ce-a0f5-50a98353a86f(fv-az212-956.zlodpucb4l4udavnfxg5s20dva.cx.internal.cloudapp.net/10.1.0.80) reports an CLOSED replica.
2023-04-24 08:16:46,070 [BlockDeletingService#7] INFO  interfaces.ContainerDeletionChoosingPolicyTemplate (ContainerDeletionChoosingPolicyTemplate.java:chooseContainerForBlockDeletion(83)) - Chosen 0/5000 blocks from 0 candidate containers.
2023-04-24 08:16:46,070 [BlockDeletingService#7] INFO  interfaces.ContainerDeletionChoosingPolicyTemplate (ContainerDeletionChoosingPolicyTemplate.java:chooseContainerForBlockDeletion(83)) - Chosen 0/5000 blocks from 0 candidate containers.
2023-04-24 08:16:46,164 [FixedThreadPoolWithAffinityExecutor-9-0] WARN  container.ContainerReportHandler (AbstractContainerReportHandler.java:updateContainerState(259)) - Container #1 is in OPEN state, but the datanode 444322bb-4321-4e38-998a-96758a8a198b(fv-az212-956.zlodpucb4l4udavnfxg5s20dva.cx.internal.cloudapp.net/10.1.0.80) reports an CLOSED replica.
2023-04-24 08:16:46,170 [BlockDeletingService#7] INFO  interfaces.ContainerDeletionChoosingPolicyTemplate (ContainerDeletionChoosingPolicyTemplate.java:chooseContainerForBlockDeletion(83)) - Chosen 0/5000 blocks from 0 candidate containers.
2023-04-24 08:16:46,170 [BlockDeletingService#7] INFO  interfaces.ContainerDeletionChoosingPolicyTemplate (ContainerDeletionChoosingPolicyTemplate.java:chooseContainerForBlockDeletion(83)) - Chosen 0/5000 blocks from 0 candidate containers.
2023-04-24 08:16:46,270 [BlockDeletingService#7] INFO  interfaces.ContainerDeletionChoosingPolicyTemplate (ContainerDeletionChoosingPolicyTemplate.java:chooseContainerForBlockDeletion(83)) - Chosen 0/5000 blocks from 0 candidate containers.
2023-04-24 08:16:46,270 [BlockDeletingService#7] INFO  interfaces.ContainerDeletionChoosingPolicyTemplate (ContainerDeletionChoosingPolicyTemplate.java:chooseContainerForBlockDeletion(83)) - Chosen 0/5000 blocks from 0 candidate containers.
2023-04-24 08:16:46,309 [FixedThreadPoolWithAffinityExecutor-9-0] WARN  container.ContainerReportHandler (AbstractContainerReportHandler.java:updateContainerState(259)) - Container #1 is in OPEN state, but the datanode 593f1123-fce2-46ce-a0f5-50a98353a86f(fv-az212-956.zlodpucb4l4udavnfxg5s20dva.cx.internal.cloudapp.net/10.1.0.80) reports an CLOSED replica.
2023-04-24 08:16:46,370 [BlockDeletingService#7] INFO  interfaces.ContainerDeletionChoosingPolicyTemplate (ContainerDeletionChoosingPolicyTemplate.java:chooseContainerForBlockDeletion(83)) - Chosen 0/5000 blocks from 0 candidate containers.
2023-04-24 08:16:46,370 [BlockDeletingService#7] INFO  interfaces.ContainerDeletionChoosingPolicyTemplate (ContainerDeletionChoosingPolicyTemplate.java:chooseContainerForBlockDeletion(83)) - Chosen 0/5000 blocks from 0 candidate containers.
2023-04-24 08:16:46,464 [FixedThreadPoolWithAffinityExecutor-9-0] WARN  container.ContainerReportHandler (AbstractContainerReportHandler.java:updateContainerState(259)) - Container #1 is in OPEN state, but the datanode 444322bb-4321-4e38-998a-96758a8a198b(fv-az212-956.zlodpucb4l4udavnfxg5s20dva.cx.internal.cloudapp.net/10.1.0.80) reports an CLOSED replica.
2023-04-24 08:16:46,471 [BlockDeletingService#7] INFO  interfaces.ContainerDeletionChoosingPolicyTemplate (ContainerDeletionChoosingPolicyTemplate.java:chooseContainerForBlockDeletion(83)) - Chosen 0/5000 blocks from 0 candidate containers.
2023-04-24 08:16:46,471 [BlockDeletingService#7] INFO  interfaces.ContainerDeletionChoosingPolicyTemplate (ContainerDeletionChoosingPolicyTemplate.java:chooseContainerForBlockDeletion(83)) - Chosen 0/5000 blocks from 0 candidate containers.
2023-04-24 08:16:46,571 [BlockDeletingService#7] INFO  interfaces.ContainerDeletionChoosingPolicyTemplate (ContainerDeletionChoosingPolicyTemplate.java:chooseContainerForBlockDeletion(83)) - Chosen 0/5000 blocks from 0 candidate containers.
2023-04-24 08:16:46,571 [BlockDeletingService#7] INFO  interfaces.ContainerDeletionChoosingPolicyTemplate (ContainerDeletionChoosingPolicyTemplate.java:chooseContainerForBlockDeletion(83)) - Chosen 0/5000 blocks from 0 candidate containers.
2023-04-24 08:16:46,609 [FixedThreadPoolWithAffinityExecutor-9-0] WARN  container.ContainerReportHandler (AbstractContainerReportHandler.java:updateContainerState(259)) - Container #1 is in OPEN state, but the datanode 593f1123-fce2-46ce-a0f5-50a98353a86f(fv-az212-956.zlodpucb4l4udavnfxg5s20dva.cx.internal.cloudapp.net/10.1.0.80) reports an CLOSED replica.
2023-04-24 08:16:46,671 [BlockDeletingService#7] INFO  interfaces.ContainerDeletionChoosingPolicyTemplate (ContainerDeletionChoosingPolicyTemplate.java:chooseContainerForBlockDeletion(83)) - Chosen 0/5000 blocks from 0 candidate containers.
2023-04-24 08:16:46,671 [BlockDeletingService#7] INFO  interfaces.ContainerDeletionChoosingPolicyTemplate (ContainerDeletionChoosingPolicyTemplate.java:chooseContainerForBlockDeletion(83)) - Chosen 0/5000 blocks from 0 candidate containers.
2023-04-24 08:16:46,765 [FixedThreadPoolWithAffinityExecutor-9-0] WARN  container.ContainerReportHandler (AbstractContainerReportHandler.java:updateContainerState(259)) - Container #1 is in OPEN state, but the datanode 444322bb-4321-4e38-998a-96758a8a198b(fv-az212-956.zlodpucb4l4udavnfxg5s20dva.cx.internal.cloudapp.net/10.1.0.80) reports an CLOSED replica.
2023-04-24 08:16:46,771 [BlockDeletingService#7] INFO  interfaces.ContainerDeletionChoosingPolicyTemplate (ContainerDeletionChoosingPolicyTemplate.java:chooseContainerForBlockDeletion(83)) - Chosen 0/5000 blocks from 0 candidate containers.
2023-04-24 08:16:46,771 [BlockDeletingService#7] INFO  interfaces.ContainerDeletionChoosingPolicyTemplate (ContainerDeletionChoosingPolicyTemplate.java:chooseContainerForBlockDeletion(83)) - Chosen 0/5000 blocks from 0 candidate containers.
2023-04-24 08:16:46,871 [BlockDeletingService#7] INFO  interfaces.ContainerDeletionChoosingPolicyTemplate (ContainerDeletionChoosingPolicyTemplate.java:chooseContainerForBlockDeletion(83)) - Chosen 0/5000 blocks from 0 candidate containers.
2023-04-24 08:16:46,871 [BlockDeletingService#7] INFO  interfaces.ContainerDeletionChoosingPolicyTemplate (ContainerDeletionChoosingPolicyTemplate.java:chooseContainerForBlockDeletion(83)) - Chosen 0/5000 blocks from 0 candidate containers.
2023-04-24 08:16:46,910 [FixedThreadPoolWithAffinityExecutor-9-0] WARN  container.ContainerReportHandler (AbstractContainerReportHandler.java:updateContainerState(259)) - Container #1 is in OPEN state, but the datanode 593f1123-fce2-46ce-a0f5-50a98353a86f(fv-az212-956.zlodpucb4l4udavnfxg5s20dva.cx.internal.cloudapp.net/10.1.0.80) reports an CLOSED replica.
2023-04-24 08:16:46,971 [BlockDeletingService#7] INFO  interfaces.ContainerDeletionChoosingPolicyTemplate (ContainerDeletionChoosingPolicyTemplate.java:chooseContainerForBlockDeletion(83)) - Chosen 0/5000 blocks from 0 candidate containers.
2023-04-24 08:16:46,972 [BlockDeletingService#7] INFO  interfaces.ContainerDeletionChoosingPolicyTemplate (ContainerDeletionChoosingPolicyTemplate.java:chooseContainerForBlockDeletion(83)) - Chosen 0/5000 blocks from 0 candidate containers.
2023-04-24 08:16:47,065 [FixedThreadPoolWithAffinityExecutor-9-0] WARN  container.ContainerReportHandler (AbstractContainerReportHandler.java:updateContainerState(259)) - Container #1 is in OPEN state, but the datanode 444322bb-4321-4e38-998a-96758a8a198b(fv-az212-956.zlodpucb4l4udavnfxg5s20dva.cx.internal.cloudapp.net/10.1.0.80) reports an CLOSED replica.
2023-04-24 08:16:47,072 [BlockDeletingService#7] INFO  interfaces.ContainerDeletionChoosingPolicyTemplate (ContainerDeletionChoosingPolicyTemplate.java:chooseContainerForBlockDeletion(83)) - Chosen 0/5000 blocks from 0 candidate containers.
2023-04-24 08:16:47,072 [BlockDeletingService#7] INFO  interfaces.ContainerDeletionChoosingPolicyTemplate (ContainerDeletionChoosingPolicyTemplate.java:chooseContainerForBlockDeletion(83)) - Chosen 0/5000 blocks from 0 candidate containers.
2023-04-24 08:16:47,092 [grpc-default-executor-1] WARN  server.GrpcLogAppender (LogUtils.java:warn(122)) - 593f1123-fce2-46ce-a0f5-50a98353a86f@group-2C65884D69A9->d7f67023-bd71-4164-8161-24a8eb75dffe-AppendLogResponseHandler: Failed appendEntries: org.apache.ratis.thirdparty.io.grpc.StatusRuntimeException: UNAVAILABLE: io exception
2023-04-24 08:16:47,093 [grpc-default-executor-1] WARN  server.GrpcLogAppender (GrpcLogAppender.java:resetClient(131)) - 593f1123-fce2-46ce-a0f5-50a98353a86f@group-2C65884D69A9->d7f67023-bd71-4164-8161-24a8eb75dffe-GrpcLogAppender: Leader has not got in touch with Follower 593f1123-fce2-46ce-a0f5-50a98353a86f@group-2C65884D69A9->d7f67023-bd71-4164-8161-24a8eb75dffe(c-1,m0,n6, attendVote=true, lastRpcSendTime=1, lastRpcResponseTime=72852) yet, just keep nextIndex unchanged and retry.
2023-04-24 08:16:47,093 [grpc-default-executor-3] WARN  server.GrpcLogAppender (LogUtils.java:warn(122)) - 593f1123-fce2-46ce-a0f5-50a98353a86f@group-2C65884D69A9->d7f67023-bd71-4164-8161-24a8eb75dffe-AppendLogResponseHandler: Failed appendEntries: org.apache.ratis.thirdparty.io.grpc.StatusRuntimeException: UNAVAILABLE: io exception
2023-04-24 08:16:47,093 [grpc-default-executor-3] WARN  server.GrpcLogAppender (GrpcLogAppender.java:resetClient(131)) - 593f1123-fce2-46ce-a0f5-50a98353a86f@group-2C65884D69A9->d7f67023-bd71-4164-8161-24a8eb75dffe-GrpcLogAppender: Leader has not got in touch with Follower 593f1123-fce2-46ce-a0f5-50a98353a86f@group-2C65884D69A9->d7f67023-bd71-4164-8161-24a8eb75dffe(c-1,m0,n6, attendVote=true, lastRpcSendTime=1, lastRpcResponseTime=72852) yet, just keep nextIndex unchanged and retry.
2023-04-24 08:16:47,172 [BlockDeletingService#7] INFO  interfaces.ContainerDeletionChoosingPolicyTemplate (ContainerDeletionChoosingPolicyTemplate.java:chooseContainerForBlockDeletion(83)) - Chosen 0/5000 blocks from 0 candidate containers.
2023-04-24 08:16:47,172 [BlockDeletingService#7] INFO  interfaces.ContainerDeletionChoosingPolicyTemplate (ContainerDeletionChoosingPolicyTemplate.java:chooseContainerForBlockDeletion(83)) - Chosen 0/5000 blocks from 0 candidate containers.
2023-04-24 08:16:47,210 [FixedThreadPoolWithAffinityExecutor-9-0] WARN  container.ContainerReportHandler (AbstractContainerReportHandler.java:updateContainerState(259)) - Container #1 is in OPEN state, but the datanode 593f1123-fce2-46ce-a0f5-50a98353a86f(fv-az212-956.zlodpucb4l4udavnfxg5s20dva.cx.internal.cloudapp.net/10.1.0.80) reports an CLOSED replica.
2023-04-24 08:16:47,272 [BlockDeletingService#7] INFO  interfaces.ContainerDeletionChoosingPolicyTemplate (ContainerDeletionChoosingPolicyTemplate.java:chooseContainerForBlockDeletion(83)) - Chosen 0/5000 blocks from 0 candidate containers.
2023-04-24 08:16:47,272 [BlockDeletingService#7] INFO  interfaces.ContainerDeletionChoosingPolicyTemplate (ContainerDeletionChoosingPolicyTemplate.java:chooseContainerForBlockDeletion(83)) - Chosen 0/5000 blocks from 0 candidate containers.
2023-04-24 08:16:47,366 [FixedThreadPoolWithAffinityExecutor-9-0] WARN  container.ContainerReportHandler (AbstractContainerReportHandler.java:updateContainerState(259)) - Container #1 is in OPEN state, but the datanode 444322bb-4321-4e38-998a-96758a8a198b(fv-az212-956.zlodpucb4l4udavnfxg5s20dva.cx.internal.cloudapp.net/10.1.0.80) reports an CLOSED replica.
2023-04-24 08:16:47,372 [BlockDeletingService#7] INFO  interfaces.ContainerDeletionChoosingPolicyTemplate (ContainerDeletionChoosingPolicyTemplate.java:chooseContainerForBlockDeletion(83)) - Chosen 0/5000 blocks from 0 candidate containers.
2023-04-24 08:16:47,372 [BlockDeletingService#7] INFO  interfaces.ContainerDeletionChoosingPolicyTemplate (ContainerDeletionChoosingPolicyTemplate.java:chooseContainerForBlockDeletion(83)) - Chosen 0/5000 blocks from 0 candidate containers.
2023-04-24 08:16:47,473 [BlockDeletingService#7] INFO  interfaces.ContainerDeletionChoosingPolicyTemplate (ContainerDeletionChoosingPolicyTemplate.java:chooseContainerForBlockDeletion(83)) - Chosen 0/5000 blocks from 0 candidate containers.
2023-04-24 08:16:47,473 [BlockDeletingService#7] INFO  interfaces.ContainerDeletionChoosingPolicyTemplate (ContainerDeletionChoosingPolicyTemplate.java:chooseContainerForBlockDeletion(83)) - Chosen 0/5000 blocks from 0 candidate containers.
2023-04-24 08:16:47,510 [FixedThreadPoolWithAffinityExecutor-9-0] WARN  container.ContainerReportHandler (AbstractContainerReportHandler.java:updateContainerState(259)) - Container #1 is in OPEN state, but the datanode 593f1123-fce2-46ce-a0f5-50a98353a86f(fv-az212-956.zlodpucb4l4udavnfxg5s20dva.cx.internal.cloudapp.net/10.1.0.80) reports an CLOSED replica.
2023-04-24 08:16:47,578 [BlockDeletingService#7] INFO  interfaces.ContainerDeletionChoosingPolicyTemplate (ContainerDeletionChoosingPolicyTemplate.java:chooseContainerForBlockDeletion(83)) - Chosen 0/5000 blocks from 0 candidate containers.
2023-04-24 08:16:47,578 [BlockDeletingService#7] INFO  interfaces.ContainerDeletionChoosingPolicyTemplate (ContainerDeletionChoosingPolicyTemplate.java:chooseContainerForBlockDeletion(83)) - Chosen 0/5000 blocks from 0 candidate containers.
2023-04-24 08:16:47,665 [FixedThreadPoolWithAffinityExecutor-9-0] WARN  container.ContainerReportHandler (AbstractContainerReportHandler.java:updateContainerState(259)) - Container #1 is in OPEN state, but the datanode 444322bb-4321-4e38-998a-96758a8a198b(fv-az212-956.zlodpucb4l4udavnfxg5s20dva.cx.internal.cloudapp.net/10.1.0.80) reports an CLOSED replica.
2023-04-24 08:16:47,678 [BlockDeletingService#7] INFO  interfaces.ContainerDeletionChoosingPolicyTemplate (ContainerDeletionChoosingPolicyTemplate.java:chooseContainerForBlockDeletion(83)) - Chosen 0/5000 blocks from 0 candidate containers.
2023-04-24 08:16:47,678 [BlockDeletingService#7] INFO  interfaces.ContainerDeletionChoosingPolicyTemplate (ContainerDeletionChoosingPolicyTemplate.java:chooseContainerForBlockDeletion(83)) - Chosen 0/5000 blocks from 0 candidate containers.
2023-04-24 08:16:47,778 [BlockDeletingService#7] INFO  interfaces.ContainerDeletionChoosingPolicyTemplate (ContainerDeletionChoosingPolicyTemplate.java:chooseContainerForBlockDeletion(83)) - Chosen 0/5000 blocks from 0 candidate containers.
2023-04-24 08:16:47,779 [BlockDeletingService#7] INFO  interfaces.ContainerDeletionChoosingPolicyTemplate (ContainerDeletionChoosingPolicyTemplate.java:chooseContainerForBlockDeletion(83)) - Chosen 0/5000 blocks from 0 candidate containers.
2023-04-24 08:16:47,810 [FixedThreadPoolWithAffinityExecutor-9-0] WARN  container.ContainerReportHandler (AbstractContainerReportHandler.java:updateContainerState(259)) - Container #1 is in OPEN state, but the datanode 593f1123-fce2-46ce-a0f5-50a98353a86f(fv-az212-956.zlodpucb4l4udavnfxg5s20dva.cx.internal.cloudapp.net/10.1.0.80) reports an CLOSED replica.
2023-04-24 08:16:47,865 [FixedThreadPoolWithAffinityExecutor-9-0] WARN  container.ContainerReportHandler (AbstractContainerReportHandler.java:updateContainerState(259)) - Container #1 is in OPEN state, but the datanode 444322bb-4321-4e38-998a-96758a8a198b(fv-az212-956.zlodpucb4l4udavnfxg5s20dva.cx.internal.cloudapp.net/10.1.0.80) reports an CLOSED replica.
2023-04-24 08:16:47,879 [BlockDeletingService#7] INFO  interfaces.ContainerDeletionChoosingPolicyTemplate (ContainerDeletionChoosingPolicyTemplate.java:chooseContainerForBlockDeletion(83)) - Chosen 0/5000 blocks from 0 candidate containers.
2023-04-24 08:16:47,879 [BlockDeletingService#7] INFO  interfaces.ContainerDeletionChoosingPolicyTemplate (ContainerDeletionChoosingPolicyTemplate.java:chooseContainerForBlockDeletion(83)) - Chosen 0/5000 blocks from 0 candidate containers.
2023-04-24 08:16:47,979 [BlockDeletingService#7] INFO  interfaces.ContainerDeletionChoosingPolicyTemplate (ContainerDeletionChoosingPolicyTemplate.java:chooseContainerForBlockDeletion(83)) - Chosen 0/5000 blocks from 0 candidate containers.
2023-04-24 08:16:47,979 [BlockDeletingService#7] INFO  interfaces.ContainerDeletionChoosingPolicyTemplate (ContainerDeletionChoosingPolicyTemplate.java:chooseContainerForBlockDeletion(83)) - Chosen 0/5000 blocks from 0 candidate containers.
2023-04-24 08:16:48,079 [BlockDeletingService#7] INFO  interfaces.ContainerDeletionChoosingPolicyTemplate (ContainerDeletionChoosingPolicyTemplate.java:chooseContainerForBlockDeletion(83)) - Chosen 0/5000 blocks from 0 candidate containers.
2023-04-24 08:16:48,079 [BlockDeletingService#7] INFO  interfaces.ContainerDeletionChoosingPolicyTemplate (ContainerDeletionChoosingPolicyTemplate.java:chooseContainerForBlockDeletion(83)) - Chosen 0/5000 blocks from 0 candidate containers.
2023-04-24 08:16:48,112 [FixedThreadPoolWithAffinityExecutor-9-0] WARN  container.ContainerReportHandler (AbstractContainerReportHandler.java:updateContainerState(259)) - Container #1 is in OPEN state, but the datanode 593f1123-fce2-46ce-a0f5-50a98353a86f(fv-az212-956.zlodpucb4l4udavnfxg5s20dva.cx.internal.cloudapp.net/10.1.0.80) reports an CLOSED replica.
2023-04-24 08:16:48,168 [FixedThreadPoolWithAffinityExecutor-9-0] WARN  container.ContainerReportHandler (AbstractContainerReportHandler.java:updateContainerState(259)) - Container #1 is in OPEN state, but the datanode 444322bb-4321-4e38-998a-96758a8a198b(fv-az212-956.zlodpucb4l4udavnfxg5s20dva.cx.internal.cloudapp.net/10.1.0.80) reports an CLOSED replica.
2023-04-24 08:16:48,179 [BlockDeletingService#7] INFO  interfaces.ContainerDeletionChoosingPolicyTemplate (ContainerDeletionChoosingPolicyTemplate.java:chooseContainerForBlockDeletion(83)) - Chosen 0/5000 blocks from 0 candidate containers.
2023-04-24 08:16:48,179 [BlockDeletingService#7] INFO  interfaces.ContainerDeletionChoosingPolicyTemplate (ContainerDeletionChoosingPolicyTemplate.java:chooseContainerForBlockDeletion(83)) - Chosen 0/5000 blocks from 0 candidate containers.
2023-04-24 08:16:48,279 [BlockDeletingService#7] INFO  interfaces.ContainerDeletionChoosingPolicyTemplate (ContainerDeletionChoosingPolicyTemplate.java:chooseContainerForBlockDeletion(83)) - Chosen 0/5000 blocks from 0 candidate containers.
2023-04-24 08:16:48,280 [BlockDeletingService#7] INFO  interfaces.ContainerDeletionChoosingPolicyTemplate (ContainerDeletionChoosingPolicyTemplate.java:chooseContainerForBlockDeletion(83)) - Chosen 0/5000 blocks from 0 candidate containers.
2023-04-24 08:16:48,342 [grpc-default-executor-3] WARN  server.GrpcLogAppender (LogUtils.java:warn(122)) - 593f1123-fce2-46ce-a0f5-50a98353a86f@group-2C65884D69A9->d7f67023-bd71-4164-8161-24a8eb75dffe-AppendLogResponseHandler: Failed appendEntries: org.apache.ratis.thirdparty.io.grpc.StatusRuntimeException: UNAVAILABLE: io exception
2023-04-24 08:16:48,342 [grpc-default-executor-1] WARN  server.GrpcLogAppender (LogUtils.java:warn(122)) - 593f1123-fce2-46ce-a0f5-50a98353a86f@group-2C65884D69A9->d7f67023-bd71-4164-8161-24a8eb75dffe-AppendLogResponseHandler: Failed appendEntries: org.apache.ratis.thirdparty.io.grpc.StatusRuntimeException: UNAVAILABLE: io exception
2023-04-24 08:16:48,342 [grpc-default-executor-3] WARN  server.GrpcLogAppender (GrpcLogAppender.java:resetClient(131)) - 593f1123-fce2-46ce-a0f5-50a98353a86f@group-2C65884D69A9->d7f67023-bd71-4164-8161-24a8eb75dffe-GrpcLogAppender: Leader has not got in touch with Follower 593f1123-fce2-46ce-a0f5-50a98353a86f@group-2C65884D69A9->d7f67023-bd71-4164-8161-24a8eb75dffe(c-1,m0,n6, attendVote=true, lastRpcSendTime=0, lastRpcResponseTime=74102) yet, just keep nextIndex unchanged and retry.
2023-04-24 08:16:48,348 [grpc-default-executor-1] WARN  server.GrpcLogAppender (GrpcLogAppender.java:resetClient(131)) - 593f1123-fce2-46ce-a0f5-50a98353a86f@group-2C65884D69A9->d7f67023-bd71-4164-8161-24a8eb75dffe-GrpcLogAppender: Leader has not got in touch with Follower 593f1123-fce2-46ce-a0f5-50a98353a86f@group-2C65884D69A9->d7f67023-bd71-4164-8161-24a8eb75dffe(c-1,m0,n6, attendVote=true, lastRpcSendTime=5, lastRpcResponseTime=74107) yet, just keep nextIndex unchanged and retry.
2023-04-24 08:16:48,380 [BlockDeletingService#7] INFO  interfaces.ContainerDeletionChoosingPolicyTemplate (ContainerDeletionChoosingPolicyTemplate.java:chooseContainerForBlockDeletion(83)) - Chosen 0/5000 blocks from 0 candidate containers.
2023-04-24 08:16:48,380 [BlockDeletingService#7] INFO  interfaces.ContainerDeletionChoosingPolicyTemplate (ContainerDeletionChoosingPolicyTemplate.java:chooseContainerForBlockDeletion(83)) - Chosen 0/5000 blocks from 0 candidate containers.
2023-04-24 08:16:48,412 [FixedThreadPoolWithAffinityExecutor-9-0] WARN  container.ContainerReportHandler (AbstractContainerReportHandler.java:updateContainerState(259)) - Container #1 is in OPEN state, but the datanode 593f1123-fce2-46ce-a0f5-50a98353a86f(fv-az212-956.zlodpucb4l4udavnfxg5s20dva.cx.internal.cloudapp.net/10.1.0.80) reports an CLOSED replica.
2023-04-24 08:16:48,468 [FixedThreadPoolWithAffinityExecutor-9-0] WARN  container.ContainerReportHandler (AbstractContainerReportHandler.java:updateContainerState(259)) - Container #1 is in OPEN state, but the datanode 444322bb-4321-4e38-998a-96758a8a198b(fv-az212-956.zlodpucb4l4udavnfxg5s20dva.cx.internal.cloudapp.net/10.1.0.80) reports an CLOSED replica.
2023-04-24 08:16:48,480 [BlockDeletingService#7] INFO  interfaces.ContainerDeletionChoosingPolicyTemplate (ContainerDeletionChoosingPolicyTemplate.java:chooseContainerForBlockDeletion(83)) - Chosen 0/5000 blocks from 0 candidate containers.
2023-04-24 08:16:48,480 [BlockDeletingService#7] INFO  interfaces.ContainerDeletionChoosingPolicyTemplate (ContainerDeletionChoosingPolicyTemplate.java:chooseContainerForBlockDeletion(83)) - Chosen 0/5000 blocks from 0 candidate containers.
2023-04-24 08:16:48,580 [BlockDeletingService#7] INFO  interfaces.ContainerDeletionChoosingPolicyTemplate (ContainerDeletionChoosingPolicyTemplate.java:chooseContainerForBlockDeletion(83)) - Chosen 0/5000 blocks from 0 candidate containers.
2023-04-24 08:16:48,580 [BlockDeletingService#7] INFO  interfaces.ContainerDeletionChoosingPolicyTemplate (ContainerDeletionChoosingPolicyTemplate.java:chooseContainerForBlockDeletion(83)) - Chosen 0/5000 blocks from 0 candidate containers.
2023-04-24 08:16:48,680 [BlockDeletingService#7] INFO  interfaces.ContainerDeletionChoosingPolicyTemplate (ContainerDeletionChoosingPolicyTemplate.java:chooseContainerForBlockDeletion(83)) - Chosen 0/5000 blocks from 0 candidate containers.
2023-04-24 08:16:48,680 [BlockDeletingService#7] INFO  interfaces.ContainerDeletionChoosingPolicyTemplate (ContainerDeletionChoosingPolicyTemplate.java:chooseContainerForBlockDeletion(83)) - Chosen 0/5000 blocks from 0 candidate containers.
2023-04-24 08:16:48,769 [FixedThreadPoolWithAffinityExecutor-9-0] WARN  container.ContainerReportHandler (AbstractContainerReportHandler.java:updateContainerState(259)) - Container #1 is in OPEN state, but the datanode 444322bb-4321-4e38-998a-96758a8a198b(fv-az212-956.zlodpucb4l4udavnfxg5s20dva.cx.internal.cloudapp.net/10.1.0.80) reports an CLOSED replica.
2023-04-24 08:16:48,781 [BlockDeletingService#7] INFO  interfaces.ContainerDeletionChoosingPolicyTemplate (ContainerDeletionChoosingPolicyTemplate.java:chooseContainerForBlockDeletion(83)) - Chosen 0/5000 blocks from 0 candidate containers.
2023-04-24 08:16:48,781 [BlockDeletingService#7] INFO  interfaces.ContainerDeletionChoosingPolicyTemplate (ContainerDeletionChoosingPolicyTemplate.java:chooseContainerForBlockDeletion(83)) - Chosen 0/5000 blocks from 0 candidate containers.
2023-04-24 08:16:48,812 [FixedThreadPoolWithAffinityExecutor-9-0] WARN  container.ContainerReportHandler (AbstractContainerReportHandler.java:updateContainerState(259)) - Container #1 is in OPEN state, but the datanode 593f1123-fce2-46ce-a0f5-50a98353a86f(fv-az212-956.zlodpucb4l4udavnfxg5s20dva.cx.internal.cloudapp.net/10.1.0.80) reports an CLOSED replica.
2023-04-24 08:16:48,881 [BlockDeletingService#7] INFO  interfaces.ContainerDeletionChoosingPolicyTemplate (ContainerDeletionChoosingPolicyTemplate.java:chooseContainerForBlockDeletion(83)) - Chosen 0/5000 blocks from 0 candidate containers.
2023-04-24 08:16:48,881 [BlockDeletingService#7] INFO  interfaces.ContainerDeletionChoosingPolicyTemplate (ContainerDeletionChoosingPolicyTemplate.java:chooseContainerForBlockDeletion(83)) - Chosen 0/5000 blocks from 0 candidate containers.
2023-04-24 08:16:48,981 [BlockDeletingService#7] INFO  interfaces.ContainerDeletionChoosingPolicyTemplate (ContainerDeletionChoosingPolicyTemplate.java:chooseContainerForBlockDeletion(83)) - Chosen 0/5000 blocks from 0 candidate containers.
2023-04-24 08:16:48,981 [BlockDeletingService#7] INFO  interfaces.ContainerDeletionChoosingPolicyTemplate (ContainerDeletionChoosingPolicyTemplate.java:chooseContainerForBlockDeletion(83)) - Chosen 0/5000 blocks from 0 candidate containers.
2023-04-24 08:16:49,069 [FixedThreadPoolWithAffinityExecutor-9-0] WARN  container.ContainerReportHandler (AbstractContainerReportHandler.java:updateContainerState(259)) - Container #1 is in OPEN state, but the datanode 444322bb-4321-4e38-998a-96758a8a198b(fv-az212-956.zlodpucb4l4udavnfxg5s20dva.cx.internal.cloudapp.net/10.1.0.80) reports an CLOSED replica.
2023-04-24 08:16:49,081 [BlockDeletingService#7] INFO  interfaces.ContainerDeletionChoosingPolicyTemplate (ContainerDeletionChoosingPolicyTemplate.java:chooseContainerForBlockDeletion(83)) - Chosen 0/5000 blocks from 0 candidate containers.
2023-04-24 08:16:49,081 [BlockDeletingService#7] INFO  interfaces.ContainerDeletionChoosingPolicyTemplate (ContainerDeletionChoosingPolicyTemplate.java:chooseContainerForBlockDeletion(83)) - Chosen 0/5000 blocks from 0 candidate containers.
2023-04-24 08:16:49,113 [FixedThreadPoolWithAffinityExecutor-9-0] WARN  container.ContainerReportHandler (AbstractContainerReportHandler.java:updateContainerState(259)) - Container #1 is in OPEN state, but the datanode 593f1123-fce2-46ce-a0f5-50a98353a86f(fv-az212-956.zlodpucb4l4udavnfxg5s20dva.cx.internal.cloudapp.net/10.1.0.80) reports an CLOSED replica.
2023-04-24 08:16:49,181 [BlockDeletingService#7] INFO  interfaces.ContainerDeletionChoosingPolicyTemplate (ContainerDeletionChoosingPolicyTemplate.java:chooseContainerForBlockDeletion(83)) - Chosen 0/5000 blocks from 0 candidate containers.
2023-04-24 08:16:49,182 [BlockDeletingService#7] INFO  interfaces.ContainerDeletionChoosingPolicyTemplate (ContainerDeletionChoosingPolicyTemplate.java:chooseContainerForBlockDeletion(83)) - Chosen 0/5000 blocks from 0 candidate containers.
2023-04-24 08:16:49,282 [BlockDeletingService#7] INFO  interfaces.ContainerDeletionChoosingPolicyTemplate (ContainerDeletionChoosingPolicyTemplate.java:chooseContainerForBlockDeletion(83)) - Chosen 0/5000 blocks from 0 candidate containers.
2023-04-24 08:16:49,282 [BlockDeletingService#7] INFO  interfaces.ContainerDeletionChoosingPolicyTemplate (ContainerDeletionChoosingPolicyTemplate.java:chooseContainerForBlockDeletion(83)) - Chosen 0/5000 blocks from 0 candidate containers.
2023-04-24 08:16:49,371 [FixedThreadPoolWithAffinityExecutor-9-0] WARN  container.ContainerReportHandler (AbstractContainerReportHandler.java:updateContainerState(259)) - Container #1 is in OPEN state, but the datanode 444322bb-4321-4e38-998a-96758a8a198b(fv-az212-956.zlodpucb4l4udavnfxg5s20dva.cx.internal.cloudapp.net/10.1.0.80) reports an CLOSED replica.
2023-04-24 08:16:49,382 [BlockDeletingService#7] INFO  interfaces.ContainerDeletionChoosingPolicyTemplate (ContainerDeletionChoosingPolicyTemplate.java:chooseContainerForBlockDeletion(83)) - Chosen 0/5000 blocks from 0 candidate containers.
2023-04-24 08:16:49,382 [BlockDeletingService#7] INFO  interfaces.ContainerDeletionChoosingPolicyTemplate (ContainerDeletionChoosingPolicyTemplate.java:chooseContainerForBlockDeletion(83)) - Chosen 0/5000 blocks from 0 candidate containers.
2023-04-24 08:16:49,412 [FixedThreadPoolWithAffinityExecutor-9-0] WARN  container.ContainerReportHandler (AbstractContainerReportHandler.java:updateContainerState(259)) - Container #1 is in OPEN state, but the datanode 593f1123-fce2-46ce-a0f5-50a98353a86f(fv-az212-956.zlodpucb4l4udavnfxg5s20dva.cx.internal.cloudapp.net/10.1.0.80) reports an CLOSED replica.
2023-04-24 08:16:49,482 [BlockDeletingService#7] INFO  interfaces.ContainerDeletionChoosingPolicyTemplate (ContainerDeletionChoosingPolicyTemplate.java:chooseContainerForBlockDeletion(83)) - Chosen 0/5000 blocks from 0 candidate containers.
2023-04-24 08:16:49,482 [BlockDeletingService#7] INFO  interfaces.ContainerDeletionChoosingPolicyTemplate (ContainerDeletionChoosingPolicyTemplate.java:chooseContainerForBlockDeletion(83)) - Chosen 0/5000 blocks from 0 candidate containers.
2023-04-24 08:16:49,582 [BlockDeletingService#7] INFO  interfaces.ContainerDeletionChoosingPolicyTemplate (ContainerDeletionChoosingPolicyTemplate.java:chooseContainerForBlockDeletion(83)) - Chosen 0/5000 blocks from 0 candidate containers.
2023-04-24 08:16:49,582 [BlockDeletingService#7] INFO  interfaces.ContainerDeletionChoosingPolicyTemplate (ContainerDeletionChoosingPolicyTemplate.java:chooseContainerForBlockDeletion(83)) - Chosen 0/5000 blocks from 0 candidate containers.
2023-04-24 08:16:49,592 [grpc-default-executor-1] WARN  server.GrpcLogAppender (LogUtils.java:warn(122)) - 593f1123-fce2-46ce-a0f5-50a98353a86f@group-2C65884D69A9->d7f67023-bd71-4164-8161-24a8eb75dffe-AppendLogResponseHandler: Failed appendEntries: org.apache.ratis.thirdparty.io.grpc.StatusRuntimeException: UNAVAILABLE: io exception
2023-04-24 08:16:49,593 [grpc-default-executor-3] WARN  server.GrpcLogAppender (LogUtils.java:warn(122)) - 593f1123-fce2-46ce-a0f5-50a98353a86f@group-2C65884D69A9->d7f67023-bd71-4164-8161-24a8eb75dffe-AppendLogResponseHandler: Failed appendEntries: org.apache.ratis.thirdparty.io.grpc.StatusRuntimeException: UNAVAILABLE: io exception
2023-04-24 08:16:49,593 [grpc-default-executor-1] WARN  server.GrpcLogAppender (GrpcLogAppender.java:resetClient(131)) - 593f1123-fce2-46ce-a0f5-50a98353a86f@group-2C65884D69A9->d7f67023-bd71-4164-8161-24a8eb75dffe-GrpcLogAppender: Leader has not got in touch with Follower 593f1123-fce2-46ce-a0f5-50a98353a86f@group-2C65884D69A9->d7f67023-bd71-4164-8161-24a8eb75dffe(c-1,m0,n6, attendVote=true, lastRpcSendTime=0, lastRpcResponseTime=75352) yet, just keep nextIndex unchanged and retry.
2023-04-24 08:16:49,595 [grpc-default-executor-3] WARN  server.GrpcLogAppender (GrpcLogAppender.java:resetClient(131)) - 593f1123-fce2-46ce-a0f5-50a98353a86f@group-2C65884D69A9->d7f67023-bd71-4164-8161-24a8eb75dffe-GrpcLogAppender: Leader has not got in touch with Follower 593f1123-fce2-46ce-a0f5-50a98353a86f@group-2C65884D69A9->d7f67023-bd71-4164-8161-24a8eb75dffe(c-1,m0,n6, attendVote=true, lastRpcSendTime=2, lastRpcResponseTime=75354) yet, just keep nextIndex unchanged and retry.
2023-04-24 08:16:49,670 [FixedThreadPoolWithAffinityExecutor-9-0] WARN  container.ContainerReportHandler (AbstractContainerReportHandler.java:updateContainerState(259)) - Container #1 is in OPEN state, but the datanode 444322bb-4321-4e38-998a-96758a8a198b(fv-az212-956.zlodpucb4l4udavnfxg5s20dva.cx.internal.cloudapp.net/10.1.0.80) reports an CLOSED replica.
2023-04-24 08:16:49,682 [BlockDeletingService#7] INFO  interfaces.ContainerDeletionChoosingPolicyTemplate (ContainerDeletionChoosingPolicyTemplate.java:chooseContainerForBlockDeletion(83)) - Chosen 0/5000 blocks from 0 candidate containers.
2023-04-24 08:16:49,683 [BlockDeletingService#7] INFO  interfaces.ContainerDeletionChoosingPolicyTemplate (ContainerDeletionChoosingPolicyTemplate.java:chooseContainerForBlockDeletion(83)) - Chosen 0/5000 blocks from 0 candidate containers.
2023-04-24 08:16:49,713 [FixedThreadPoolWithAffinityExecutor-9-0] WARN  container.ContainerReportHandler (AbstractContainerReportHandler.java:updateContainerState(259)) - Container #1 is in OPEN state, but the datanode 593f1123-fce2-46ce-a0f5-50a98353a86f(fv-az212-956.zlodpucb4l4udavnfxg5s20dva.cx.internal.cloudapp.net/10.1.0.80) reports an CLOSED replica.
2023-04-24 08:16:49,783 [BlockDeletingService#7] INFO  interfaces.ContainerDeletionChoosingPolicyTemplate (ContainerDeletionChoosingPolicyTemplate.java:chooseContainerForBlockDeletion(83)) - Chosen 0/5000 blocks from 0 candidate containers.
2023-04-24 08:16:49,783 [BlockDeletingService#7] INFO  interfaces.ContainerDeletionChoosingPolicyTemplate (ContainerDeletionChoosingPolicyTemplate.java:chooseContainerForBlockDeletion(83)) - Chosen 0/5000 blocks from 0 candidate containers.
2023-04-24 08:16:49,883 [BlockDeletingService#7] INFO  interfaces.ContainerDeletionChoosingPolicyTemplate (ContainerDeletionChoosingPolicyTemplate.java:chooseContainerForBlockDeletion(83)) - Chosen 0/5000 blocks from 0 candidate containers.
2023-04-24 08:16:49,883 [BlockDeletingService#7] INFO  interfaces.ContainerDeletionChoosingPolicyTemplate (ContainerDeletionChoosingPolicyTemplate.java:chooseContainerForBlockDeletion(83)) - Chosen 0/5000 blocks from 0 candidate containers.
2023-04-24 08:16:49,971 [FixedThreadPoolWithAffinityExecutor-9-0] WARN  container.ContainerReportHandler (AbstractContainerReportHandler.java:updateContainerState(259)) - Container #1 is in OPEN state, but the datanode 444322bb-4321-4e38-998a-96758a8a198b(fv-az212-956.zlodpucb4l4udavnfxg5s20dva.cx.internal.cloudapp.net/10.1.0.80) reports an CLOSED replica.
2023-04-24 08:16:49,983 [BlockDeletingService#7] INFO  interfaces.ContainerDeletionChoosingPolicyTemplate (ContainerDeletionChoosingPolicyTemplate.java:chooseContainerForBlockDeletion(83)) - Chosen 0/5000 blocks from 0 candidate containers.
2023-04-24 08:16:49,983 [BlockDeletingService#7] INFO  interfaces.ContainerDeletionChoosingPolicyTemplate (ContainerDeletionChoosingPolicyTemplate.java:chooseContainerForBlockDeletion(83)) - Chosen 0/5000 blocks from 0 candidate containers.
2023-04-24 08:16:50,013 [FixedThreadPoolWithAffinityExecutor-9-0] WARN  container.ContainerReportHandler (AbstractContainerReportHandler.java:updateContainerState(259)) - Container #1 is in OPEN state, but the datanode 593f1123-fce2-46ce-a0f5-50a98353a86f(fv-az212-956.zlodpucb4l4udavnfxg5s20dva.cx.internal.cloudapp.net/10.1.0.80) reports an CLOSED replica.
2023-04-24 08:16:50,083 [BlockDeletingService#7] INFO  interfaces.ContainerDeletionChoosingPolicyTemplate (ContainerDeletionChoosingPolicyTemplate.java:chooseContainerForBlockDeletion(83)) - Chosen 0/5000 blocks from 0 candidate containers.
2023-04-24 08:16:50,083 [BlockDeletingService#7] INFO  interfaces.ContainerDeletionChoosingPolicyTemplate (ContainerDeletionChoosingPolicyTemplate.java:chooseContainerForBlockDeletion(83)) - Chosen 0/5000 blocks from 0 candidate containers.
2023-04-24 08:16:50,183 [BlockDeletingService#7] INFO  interfaces.ContainerDeletionChoosingPolicyTemplate (ContainerDeletionChoosingPolicyTemplate.java:chooseContainerForBlockDeletion(83)) - Chosen 0/5000 blocks from 0 candidate containers.
2023-04-24 08:16:50,184 [BlockDeletingService#7] INFO  interfaces.ContainerDeletionChoosingPolicyTemplate (ContainerDeletionChoosingPolicyTemplate.java:chooseContainerForBlockDeletion(83)) - Chosen 0/5000 blocks from 0 candidate containers.
2023-04-24 08:16:50,271 [FixedThreadPoolWithAffinityExecutor-9-0] WARN  container.ContainerReportHandler (AbstractContainerReportHandler.java:updateContainerState(259)) - Container #1 is in OPEN state, but the datanode 444322bb-4321-4e38-998a-96758a8a198b(fv-az212-956.zlodpucb4l4udavnfxg5s20dva.cx.internal.cloudapp.net/10.1.0.80) reports an CLOSED replica.
2023-04-24 08:16:50,284 [BlockDeletingService#7] INFO  interfaces.ContainerDeletionChoosingPolicyTemplate (ContainerDeletionChoosingPolicyTemplate.java:chooseContainerForBlockDeletion(83)) - Chosen 0/5000 blocks from 0 candidate containers.
2023-04-24 08:16:50,284 [BlockDeletingService#7] INFO  interfaces.ContainerDeletionChoosingPolicyTemplate (ContainerDeletionChoosingPolicyTemplate.java:chooseContainerForBlockDeletion(83)) - Chosen 0/5000 blocks from 0 candidate containers.
2023-04-24 08:16:50,316 [FixedThreadPoolWithAffinityExecutor-9-0] WARN  container.ContainerReportHandler (AbstractContainerReportHandler.java:updateContainerState(259)) - Container #1 is in OPEN state, but the datanode 593f1123-fce2-46ce-a0f5-50a98353a86f(fv-az212-956.zlodpucb4l4udavnfxg5s20dva.cx.internal.cloudapp.net/10.1.0.80) reports an CLOSED replica.
2023-04-24 08:16:50,384 [BlockDeletingService#7] INFO  interfaces.ContainerDeletionChoosingPolicyTemplate (ContainerDeletionChoosingPolicyTemplate.java:chooseContainerForBlockDeletion(83)) - Chosen 0/5000 blocks from 0 candidate containers.
2023-04-24 08:16:50,384 [BlockDeletingService#7] INFO  interfaces.ContainerDeletionChoosingPolicyTemplate (ContainerDeletionChoosingPolicyTemplate.java:chooseContainerForBlockDeletion(83)) - Chosen 0/5000 blocks from 0 candidate containers.
2023-04-24 08:16:50,484 [BlockDeletingService#7] INFO  interfaces.ContainerDeletionChoosingPolicyTemplate (ContainerDeletionChoosingPolicyTemplate.java:chooseContainerForBlockDeletion(83)) - Chosen 0/5000 blocks from 0 candidate containers.
2023-04-24 08:16:50,484 [BlockDeletingService#7] INFO  interfaces.ContainerDeletionChoosingPolicyTemplate (ContainerDeletionChoosingPolicyTemplate.java:chooseContainerForBlockDeletion(83)) - Chosen 0/5000 blocks from 0 candidate containers.
2023-04-24 08:16:50,571 [FixedThreadPoolWithAffinityExecutor-9-0] WARN  container.ContainerReportHandler (AbstractContainerReportHandler.java:updateContainerState(259)) - Container #1 is in OPEN state, but the datanode 444322bb-4321-4e38-998a-96758a8a198b(fv-az212-956.zlodpucb4l4udavnfxg5s20dva.cx.internal.cloudapp.net/10.1.0.80) reports an CLOSED replica.
2023-04-24 08:16:50,584 [BlockDeletingService#7] INFO  interfaces.ContainerDeletionChoosingPolicyTemplate (ContainerDeletionChoosingPolicyTemplate.java:chooseContainerForBlockDeletion(83)) - Chosen 0/5000 blocks from 0 candidate containers.
2023-04-24 08:16:50,584 [BlockDeletingService#7] INFO  interfaces.ContainerDeletionChoosingPolicyTemplate (ContainerDeletionChoosingPolicyTemplate.java:chooseContainerForBlockDeletion(83)) - Chosen 0/5000 blocks from 0 candidate containers.
2023-04-24 08:16:50,616 [FixedThreadPoolWithAffinityExecutor-9-0] WARN  container.ContainerReportHandler (AbstractContainerReportHandler.java:updateContainerState(259)) - Container #1 is in OPEN state, but the datanode 593f1123-fce2-46ce-a0f5-50a98353a86f(fv-az212-956.zlodpucb4l4udavnfxg5s20dva.cx.internal.cloudapp.net/10.1.0.80) reports an CLOSED replica.
2023-04-24 08:16:50,684 [BlockDeletingService#7] INFO  interfaces.ContainerDeletionChoosingPolicyTemplate (ContainerDeletionChoosingPolicyTemplate.java:chooseContainerForBlockDeletion(83)) - Chosen 0/5000 blocks from 0 candidate containers.
2023-04-24 08:16:50,684 [BlockDeletingService#7] INFO  interfaces.ContainerDeletionChoosingPolicyTemplate (ContainerDeletionChoosingPolicyTemplate.java:chooseContainerForBlockDeletion(83)) - Chosen 0/5000 blocks from 0 candidate containers.
2023-04-24 08:16:50,785 [BlockDeletingService#7] INFO  interfaces.ContainerDeletionChoosingPolicyTemplate (ContainerDeletionChoosingPolicyTemplate.java:chooseContainerForBlockDeletion(83)) - Chosen 0/5000 blocks from 0 candidate containers.
2023-04-24 08:16:50,785 [BlockDeletingService#7] INFO  interfaces.ContainerDeletionChoosingPolicyTemplate (ContainerDeletionChoosingPolicyTemplate.java:chooseContainerForBlockDeletion(83)) - Chosen 0/5000 blocks from 0 candidate containers.
2023-04-24 08:16:50,843 [grpc-default-executor-3] WARN  server.GrpcLogAppender (LogUtils.java:warn(122)) - 593f1123-fce2-46ce-a0f5-50a98353a86f@group-2C65884D69A9->d7f67023-bd71-4164-8161-24a8eb75dffe-AppendLogResponseHandler: Failed appendEntries: org.apache.ratis.thirdparty.io.grpc.StatusRuntimeException: UNAVAILABLE: io exception
2023-04-24 08:16:50,843 [grpc-default-executor-1] WARN  server.GrpcLogAppender (LogUtils.java:warn(122)) - 593f1123-fce2-46ce-a0f5-50a98353a86f@group-2C65884D69A9->d7f67023-bd71-4164-8161-24a8eb75dffe-AppendLogResponseHandler: Failed appendEntries: org.apache.ratis.thirdparty.io.grpc.StatusRuntimeException: UNAVAILABLE: io exception
2023-04-24 08:16:50,844 [grpc-default-executor-3] WARN  server.GrpcLogAppender (GrpcLogAppender.java:resetClient(131)) - 593f1123-fce2-46ce-a0f5-50a98353a86f@group-2C65884D69A9->d7f67023-bd71-4164-8161-24a8eb75dffe-GrpcLogAppender: Leader has not got in touch with Follower 593f1123-fce2-46ce-a0f5-50a98353a86f@group-2C65884D69A9->d7f67023-bd71-4164-8161-24a8eb75dffe(c-1,m0,n6, attendVote=true, lastRpcSendTime=1251, lastRpcResponseTime=76603) yet, just keep nextIndex unchanged and retry.
2023-04-24 08:16:50,845 [grpc-default-executor-1] WARN  server.GrpcLogAppender (GrpcLogAppender.java:resetClient(131)) - 593f1123-fce2-46ce-a0f5-50a98353a86f@group-2C65884D69A9->d7f67023-bd71-4164-8161-24a8eb75dffe-GrpcLogAppender: Leader has not got in touch with Follower 593f1123-fce2-46ce-a0f5-50a98353a86f@group-2C65884D69A9->d7f67023-bd71-4164-8161-24a8eb75dffe(c-1,m0,n6, attendVote=true, lastRpcSendTime=1252, lastRpcResponseTime=76604) yet, just keep nextIndex unchanged and retry.
2023-04-24 08:16:50,845 [grpc-default-executor-1] WARN  server.GrpcLogAppender (LogUtils.java:warn(122)) - 593f1123-fce2-46ce-a0f5-50a98353a86f@group-2C65884D69A9->d7f67023-bd71-4164-8161-24a8eb75dffe-AppendLogResponseHandler: Failed appendEntries: org.apache.ratis.thirdparty.io.grpc.StatusRuntimeException: UNAVAILABLE: io exception
2023-04-24 08:16:50,846 [grpc-default-executor-1] WARN  server.GrpcLogAppender (GrpcLogAppender.java:resetClient(131)) - 593f1123-fce2-46ce-a0f5-50a98353a86f@group-2C65884D69A9->d7f67023-bd71-4164-8161-24a8eb75dffe-GrpcLogAppender: Leader has not got in touch with Follower 593f1123-fce2-46ce-a0f5-50a98353a86f@group-2C65884D69A9->d7f67023-bd71-4164-8161-24a8eb75dffe(c-1,m0,n6, attendVote=true, lastRpcSendTime=0, lastRpcResponseTime=76605) yet, just keep nextIndex unchanged and retry.
2023-04-24 08:16:50,846 [grpc-default-executor-1] WARN  server.GrpcLogAppender (LogUtils.java:warn(122)) - 593f1123-fce2-46ce-a0f5-50a98353a86f@group-2C65884D69A9->d7f67023-bd71-4164-8161-24a8eb75dffe-AppendLogResponseHandler: Failed appendEntries: org.apache.ratis.thirdparty.io.grpc.StatusRuntimeException: UNAVAILABLE: io exception
2023-04-24 08:16:50,847 [grpc-default-executor-1] WARN  server.GrpcLogAppender (GrpcLogAppender.java:resetClient(131)) - 593f1123-fce2-46ce-a0f5-50a98353a86f@group-2C65884D69A9->d7f67023-bd71-4164-8161-24a8eb75dffe-GrpcLogAppender: Leader has not got in touch with Follower 593f1123-fce2-46ce-a0f5-50a98353a86f@group-2C65884D69A9->d7f67023-bd71-4164-8161-24a8eb75dffe(c-1,m0,n6, attendVote=true, lastRpcSendTime=1, lastRpcResponseTime=76606) yet, just keep nextIndex unchanged and retry.
2023-04-24 08:16:50,871 [FixedThreadPoolWithAffinityExecutor-9-0] WARN  container.ContainerReportHandler (AbstractContainerReportHandler.java:updateContainerState(259)) - Container #1 is in OPEN state, but the datanode 444322bb-4321-4e38-998a-96758a8a198b(fv-az212-956.zlodpucb4l4udavnfxg5s20dva.cx.internal.cloudapp.net/10.1.0.80) reports an CLOSED replica.
2023-04-24 08:16:50,885 [BlockDeletingService#7] INFO  interfaces.ContainerDeletionChoosingPolicyTemplate (ContainerDeletionChoosingPolicyTemplate.java:chooseContainerForBlockDeletion(83)) - Chosen 0/5000 blocks from 0 candidate containers.
2023-04-24 08:16:50,885 [BlockDeletingService#7] INFO  interfaces.ContainerDeletionChoosingPolicyTemplate (ContainerDeletionChoosingPolicyTemplate.java:chooseContainerForBlockDeletion(83)) - Chosen 0/5000 blocks from 0 candidate containers.
2023-04-24 08:16:50,916 [FixedThreadPoolWithAffinityExecutor-9-0] WARN  container.ContainerReportHandler (AbstractContainerReportHandler.java:updateContainerState(259)) - Container #1 is in OPEN state, but the datanode 593f1123-fce2-46ce-a0f5-50a98353a86f(fv-az212-956.zlodpucb4l4udavnfxg5s20dva.cx.internal.cloudapp.net/10.1.0.80) reports an CLOSED replica.
2023-04-24 08:16:50,985 [BlockDeletingService#7] INFO  interfaces.ContainerDeletionChoosingPolicyTemplate (ContainerDeletionChoosingPolicyTemplate.java:chooseContainerForBlockDeletion(83)) - Chosen 0/5000 blocks from 0 candidate containers.
2023-04-24 08:16:50,985 [BlockDeletingService#7] INFO  interfaces.ContainerDeletionChoosingPolicyTemplate (ContainerDeletionChoosingPolicyTemplate.java:chooseContainerForBlockDeletion(83)) - Chosen 0/5000 blocks from 0 candidate containers.
2023-04-24 08:16:51,071 [FixedThreadPoolWithAffinityExecutor-9-0] WARN  container.ContainerReportHandler (AbstractContainerReportHandler.java:updateContainerState(259)) - Container #1 is in OPEN state, but the datanode 444322bb-4321-4e38-998a-96758a8a198b(fv-az212-956.zlodpucb4l4udavnfxg5s20dva.cx.internal.cloudapp.net/10.1.0.80) reports an CLOSED replica.
2023-04-24 08:16:51,085 [BlockDeletingService#7] INFO  interfaces.ContainerDeletionChoosingPolicyTemplate (ContainerDeletionChoosingPolicyTemplate.java:chooseContainerForBlockDeletion(83)) - Chosen 0/5000 blocks from 0 candidate containers.
2023-04-24 08:16:51,085 [BlockDeletingService#7] INFO  interfaces.ContainerDeletionChoosingPolicyTemplate (ContainerDeletionChoosingPolicyTemplate.java:chooseContainerForBlockDeletion(83)) - Chosen 0/5000 blocks from 0 candidate containers.
2023-04-24 08:16:51,185 [BlockDeletingService#7] INFO  interfaces.ContainerDeletionChoosingPolicyTemplate (ContainerDeletionChoosingPolicyTemplate.java:chooseContainerForBlockDeletion(83)) - Chosen 0/5000 blocks from 0 candidate containers.
2023-04-24 08:16:51,186 [BlockDeletingService#7] INFO  interfaces.ContainerDeletionChoosingPolicyTemplate (ContainerDeletionChoosingPolicyTemplate.java:chooseContainerForBlockDeletion(83)) - Chosen 0/5000 blocks from 0 candidate containers.
2023-04-24 08:16:51,216 [FixedThreadPoolWithAffinityExecutor-9-0] WARN  container.ContainerReportHandler (AbstractContainerReportHandler.java:updateContainerState(259)) - Container #1 is in OPEN state, but the datanode 593f1123-fce2-46ce-a0f5-50a98353a86f(fv-az212-956.zlodpucb4l4udavnfxg5s20dva.cx.internal.cloudapp.net/10.1.0.80) reports an CLOSED replica.
2023-04-24 08:16:51,286 [BlockDeletingService#7] INFO  interfaces.ContainerDeletionChoosingPolicyTemplate (ContainerDeletionChoosingPolicyTemplate.java:chooseContainerForBlockDeletion(83)) - Chosen 0/5000 blocks from 0 candidate containers.
2023-04-24 08:16:51,286 [BlockDeletingService#7] INFO  interfaces.ContainerDeletionChoosingPolicyTemplate (ContainerDeletionChoosingPolicyTemplate.java:chooseContainerForBlockDeletion(83)) - Chosen 0/5000 blocks from 0 candidate containers.
2023-04-24 08:16:51,371 [FixedThreadPoolWithAffinityExecutor-9-0] WARN  container.ContainerReportHandler (AbstractContainerReportHandler.java:updateContainerState(259)) - Container #1 is in OPEN state, but the datanode 444322bb-4321-4e38-998a-96758a8a198b(fv-az212-956.zlodpucb4l4udavnfxg5s20dva.cx.internal.cloudapp.net/10.1.0.80) reports an CLOSED replica.
2023-04-24 08:16:51,386 [BlockDeletingService#7] INFO  interfaces.ContainerDeletionChoosingPolicyTemplate (ContainerDeletionChoosingPolicyTemplate.java:chooseContainerForBlockDeletion(83)) - Chosen 0/5000 blocks from 0 candidate containers.
2023-04-24 08:16:51,386 [BlockDeletingService#7] INFO  interfaces.ContainerDeletionChoosingPolicyTemplate (ContainerDeletionChoosingPolicyTemplate.java:chooseContainerForBlockDeletion(83)) - Chosen 0/5000 blocks from 0 candidate containers.
2023-04-24 08:16:51,486 [BlockDeletingService#7] INFO  interfaces.ContainerDeletionChoosingPolicyTemplate (ContainerDeletionChoosingPolicyTemplate.java:chooseContainerForBlockDeletion(83)) - Chosen 0/5000 blocks from 0 candidate containers.
2023-04-24 08:16:51,486 [BlockDeletingService#7] INFO  interfaces.ContainerDeletionChoosingPolicyTemplate (ContainerDeletionChoosingPolicyTemplate.java:chooseContainerForBlockDeletion(83)) - Chosen 0/5000 blocks from 0 candidate containers.
2023-04-24 08:16:51,519 [FixedThreadPoolWithAffinityExecutor-9-0] WARN  container.ContainerReportHandler (AbstractContainerReportHandler.java:updateContainerState(259)) - Container #1 is in OPEN state, but the datanode 593f1123-fce2-46ce-a0f5-50a98353a86f(fv-az212-956.zlodpucb4l4udavnfxg5s20dva.cx.internal.cloudapp.net/10.1.0.80) reports an CLOSED replica.
2023-04-24 08:16:51,586 [BlockDeletingService#7] INFO  interfaces.ContainerDeletionChoosingPolicyTemplate (ContainerDeletionChoosingPolicyTemplate.java:chooseContainerForBlockDeletion(83)) - Chosen 0/5000 blocks from 0 candidate containers.
2023-04-24 08:16:51,586 [BlockDeletingService#7] INFO  interfaces.ContainerDeletionChoosingPolicyTemplate (ContainerDeletionChoosingPolicyTemplate.java:chooseContainerForBlockDeletion(83)) - Chosen 0/5000 blocks from 0 candidate containers.
2023-04-24 08:16:51,671 [FixedThreadPoolWithAffinityExecutor-9-0] WARN  container.ContainerReportHandler (AbstractContainerReportHandler.java:updateContainerState(259)) - Container #1 is in OPEN state, but the datanode 444322bb-4321-4e38-998a-96758a8a198b(fv-az212-956.zlodpucb4l4udavnfxg5s20dva.cx.internal.cloudapp.net/10.1.0.80) reports an CLOSED replica.
2023-04-24 08:16:51,686 [BlockDeletingService#7] INFO  interfaces.ContainerDeletionChoosingPolicyTemplate (ContainerDeletionChoosingPolicyTemplate.java:chooseContainerForBlockDeletion(83)) - Chosen 0/5000 blocks from 0 candidate containers.
2023-04-24 08:16:51,687 [BlockDeletingService#7] INFO  interfaces.ContainerDeletionChoosingPolicyTemplate (ContainerDeletionChoosingPolicyTemplate.java:chooseContainerForBlockDeletion(83)) - Chosen 0/5000 blocks from 0 candidate containers.
2023-04-24 08:16:51,787 [BlockDeletingService#7] INFO  interfaces.ContainerDeletionChoosingPolicyTemplate (ContainerDeletionChoosingPolicyTemplate.java:chooseContainerForBlockDeletion(83)) - Chosen 0/5000 blocks from 0 candidate containers.
2023-04-24 08:16:51,787 [BlockDeletingService#7] INFO  interfaces.ContainerDeletionChoosingPolicyTemplate (ContainerDeletionChoosingPolicyTemplate.java:chooseContainerForBlockDeletion(83)) - Chosen 0/5000 blocks from 0 candidate containers.
2023-04-24 08:16:51,887 [BlockDeletingService#7] INFO  interfaces.ContainerDeletionChoosingPolicyTemplate (ContainerDeletionChoosingPolicyTemplate.java:chooseContainerForBlockDeletion(83)) - Chosen 0/5000 blocks from 0 candidate containers.
2023-04-24 08:16:51,887 [BlockDeletingService#7] INFO  interfaces.ContainerDeletionChoosingPolicyTemplate (ContainerDeletionChoosingPolicyTemplate.java:chooseContainerForBlockDeletion(83)) - Chosen 0/5000 blocks from 0 candidate containers.
2023-04-24 08:16:51,919 [FixedThreadPoolWithAffinityExecutor-9-0] WARN  container.ContainerReportHandler (AbstractContainerReportHandler.java:updateContainerState(259)) - Container #1 is in OPEN state, but the datanode 593f1123-fce2-46ce-a0f5-50a98353a86f(fv-az212-956.zlodpucb4l4udavnfxg5s20dva.cx.internal.cloudapp.net/10.1.0.80) reports an CLOSED replica.
2023-04-24 08:16:51,971 [FixedThreadPoolWithAffinityExecutor-9-0] WARN  container.ContainerReportHandler (AbstractContainerReportHandler.java:updateContainerState(259)) - Container #1 is in OPEN state, but the datanode 444322bb-4321-4e38-998a-96758a8a198b(fv-az212-956.zlodpucb4l4udavnfxg5s20dva.cx.internal.cloudapp.net/10.1.0.80) reports an CLOSED replica.
2023-04-24 08:16:51,987 [BlockDeletingService#7] INFO  interfaces.ContainerDeletionChoosingPolicyTemplate (ContainerDeletionChoosingPolicyTemplate.java:chooseContainerForBlockDeletion(83)) - Chosen 0/5000 blocks from 0 candidate containers.
2023-04-24 08:16:51,987 [BlockDeletingService#7] INFO  interfaces.ContainerDeletionChoosingPolicyTemplate (ContainerDeletionChoosingPolicyTemplate.java:chooseContainerForBlockDeletion(83)) - Chosen 0/5000 blocks from 0 candidate containers.
2023-04-24 08:16:52,087 [BlockDeletingService#7] INFO  interfaces.ContainerDeletionChoosingPolicyTemplate (ContainerDeletionChoosingPolicyTemplate.java:chooseContainerForBlockDeletion(83)) - Chosen 0/5000 blocks from 0 candidate containers.
2023-04-24 08:16:52,087 [BlockDeletingService#7] INFO  interfaces.ContainerDeletionChoosingPolicyTemplate (ContainerDeletionChoosingPolicyTemplate.java:chooseContainerForBlockDeletion(83)) - Chosen 0/5000 blocks from 0 candidate containers.
2023-04-24 08:16:52,095 [grpc-default-executor-3] WARN  server.GrpcLogAppender (LogUtils.java:warn(122)) - 593f1123-fce2-46ce-a0f5-50a98353a86f@group-2C65884D69A9->d7f67023-bd71-4164-8161-24a8eb75dffe-AppendLogResponseHandler: Failed appendEntries: org.apache.ratis.thirdparty.io.grpc.StatusRuntimeException: UNAVAILABLE: io exception
2023-04-24 08:16:52,096 [grpc-default-executor-1] WARN  server.GrpcLogAppender (LogUtils.java:warn(122)) - 593f1123-fce2-46ce-a0f5-50a98353a86f@group-2C65884D69A9->d7f67023-bd71-4164-8161-24a8eb75dffe-AppendLogResponseHandler: Failed appendEntries: org.apache.ratis.thirdparty.io.grpc.StatusRuntimeException: UNAVAILABLE: io exception
2023-04-24 08:16:52,096 [grpc-default-executor-3] WARN  server.GrpcLogAppender (GrpcLogAppender.java:resetClient(131)) - 593f1123-fce2-46ce-a0f5-50a98353a86f@group-2C65884D69A9->d7f67023-bd71-4164-8161-24a8eb75dffe-GrpcLogAppender: Leader has not got in touch with Follower 593f1123-fce2-46ce-a0f5-50a98353a86f@group-2C65884D69A9->d7f67023-bd71-4164-8161-24a8eb75dffe(c-1,m0,n6, attendVote=true, lastRpcSendTime=1250, lastRpcResponseTime=77855) yet, just keep nextIndex unchanged and retry.
2023-04-24 08:16:52,097 [grpc-default-executor-1] WARN  server.GrpcLogAppender (GrpcLogAppender.java:resetClient(131)) - 593f1123-fce2-46ce-a0f5-50a98353a86f@group-2C65884D69A9->d7f67023-bd71-4164-8161-24a8eb75dffe-GrpcLogAppender: Leader has not got in touch with Follower 593f1123-fce2-46ce-a0f5-50a98353a86f@group-2C65884D69A9->d7f67023-bd71-4164-8161-24a8eb75dffe(c-1,m0,n6, attendVote=true, lastRpcSendTime=1251, lastRpcResponseTime=77856) yet, just keep nextIndex unchanged and retry.
2023-04-24 08:16:52,097 [grpc-default-executor-3] WARN  server.GrpcLogAppender (LogUtils.java:warn(122)) - 593f1123-fce2-46ce-a0f5-50a98353a86f@group-2C65884D69A9->d7f67023-bd71-4164-8161-24a8eb75dffe-AppendLogResponseHandler: Failed appendEntries: org.apache.ratis.thirdparty.io.grpc.StatusRuntimeException: UNAVAILABLE: io exception
2023-04-24 08:16:52,098 [grpc-default-executor-3] WARN  server.GrpcLogAppender (GrpcLogAppender.java:resetClient(131)) - 593f1123-fce2-46ce-a0f5-50a98353a86f@group-2C65884D69A9->d7f67023-bd71-4164-8161-24a8eb75dffe-GrpcLogAppender: Leader has not got in touch with Follower 593f1123-fce2-46ce-a0f5-50a98353a86f@group-2C65884D69A9->d7f67023-bd71-4164-8161-24a8eb75dffe(c-1,m0,n6, attendVote=true, lastRpcSendTime=1252, lastRpcResponseTime=77857) yet, just keep nextIndex unchanged and retry.
2023-04-24 08:16:52,098 [grpc-default-executor-3] WARN  server.GrpcLogAppender (LogUtils.java:warn(122)) - 593f1123-fce2-46ce-a0f5-50a98353a86f@group-2C65884D69A9->d7f67023-bd71-4164-8161-24a8eb75dffe-AppendLogResponseHandler: Failed appendEntries: org.apache.ratis.thirdparty.io.grpc.StatusRuntimeException: UNAVAILABLE: io exception
2023-04-24 08:16:52,098 [grpc-default-executor-3] WARN  server.GrpcLogAppender (GrpcLogAppender.java:resetClient(131)) - 593f1123-fce2-46ce-a0f5-50a98353a86f@group-2C65884D69A9->d7f67023-bd71-4164-8161-24a8eb75dffe-GrpcLogAppender: Leader has not got in touch with Follower 593f1123-fce2-46ce-a0f5-50a98353a86f@group-2C65884D69A9->d7f67023-bd71-4164-8161-24a8eb75dffe(c-1,m0,n6, attendVote=true, lastRpcSendTime=1253, lastRpcResponseTime=77857) yet, just keep nextIndex unchanged and retry.
2023-04-24 08:16:52,099 [grpc-default-executor-3] WARN  server.GrpcLogAppender (LogUtils.java:warn(122)) - 593f1123-fce2-46ce-a0f5-50a98353a86f@group-2C65884D69A9->d7f67023-bd71-4164-8161-24a8eb75dffe-AppendLogResponseHandler: Failed appendEntries: org.apache.ratis.thirdparty.io.grpc.StatusRuntimeException: UNAVAILABLE: io exception
2023-04-24 08:16:52,099 [grpc-default-executor-3] WARN  server.GrpcLogAppender (GrpcLogAppender.java:resetClient(131)) - 593f1123-fce2-46ce-a0f5-50a98353a86f@group-2C65884D69A9->d7f67023-bd71-4164-8161-24a8eb75dffe-GrpcLogAppender: Leader has not got in touch with Follower 593f1123-fce2-46ce-a0f5-50a98353a86f@group-2C65884D69A9->d7f67023-bd71-4164-8161-24a8eb75dffe(c-1,m0,n6, attendVote=true, lastRpcSendTime=1254, lastRpcResponseTime=77858) yet, just keep nextIndex unchanged and retry.
2023-04-24 08:16:52,100 [grpc-default-executor-2] WARN  server.GrpcLogAppender (LogUtils.java:warn(122)) - 593f1123-fce2-46ce-a0f5-50a98353a86f@group-2C65884D69A9->d7f67023-bd71-4164-8161-24a8eb75dffe-AppendLogResponseHandler: Failed appendEntries: org.apache.ratis.thirdparty.io.grpc.StatusRuntimeException: UNAVAILABLE: io exception
2023-04-24 08:16:52,100 [grpc-default-executor-2] WARN  server.GrpcLogAppender (GrpcLogAppender.java:resetClient(131)) - 593f1123-fce2-46ce-a0f5-50a98353a86f@group-2C65884D69A9->d7f67023-bd71-4164-8161-24a8eb75dffe-GrpcLogAppender: Leader has not got in touch with Follower 593f1123-fce2-46ce-a0f5-50a98353a86f@group-2C65884D69A9->d7f67023-bd71-4164-8161-24a8eb75dffe(c-1,m0,n6, attendVote=true, lastRpcSendTime=0, lastRpcResponseTime=77859) yet, just keep nextIndex unchanged and retry.
2023-04-24 08:16:52,100 [grpc-default-executor-1] WARN  server.GrpcLogAppender (LogUtils.java:warn(122)) - 593f1123-fce2-46ce-a0f5-50a98353a86f@group-2C65884D69A9->d7f67023-bd71-4164-8161-24a8eb75dffe-AppendLogResponseHandler: Failed appendEntries: org.apache.ratis.thirdparty.io.grpc.StatusRuntimeException: UNAVAILABLE: io exception
2023-04-24 08:16:52,100 [grpc-default-executor-1] WARN  server.GrpcLogAppender (GrpcLogAppender.java:resetClient(131)) - 593f1123-fce2-46ce-a0f5-50a98353a86f@group-2C65884D69A9->d7f67023-bd71-4164-8161-24a8eb75dffe-GrpcLogAppender: Leader has not got in touch with Follower 593f1123-fce2-46ce-a0f5-50a98353a86f@group-2C65884D69A9->d7f67023-bd71-4164-8161-24a8eb75dffe(c-1,m0,n6, attendVote=true, lastRpcSendTime=0, lastRpcResponseTime=77859) yet, just keep nextIndex unchanged and retry.
2023-04-24 08:16:52,101 [grpc-default-executor-1] WARN  server.GrpcLogAppender (LogUtils.java:warn(122)) - 593f1123-fce2-46ce-a0f5-50a98353a86f@group-2C65884D69A9->d7f67023-bd71-4164-8161-24a8eb75dffe-AppendLogResponseHandler: Failed appendEntries: org.apache.ratis.thirdparty.io.grpc.StatusRuntimeException: UNAVAILABLE: io exception
2023-04-24 08:16:52,101 [grpc-default-executor-1] WARN  server.GrpcLogAppender (GrpcLogAppender.java:resetClient(131)) - 593f1123-fce2-46ce-a0f5-50a98353a86f@group-2C65884D69A9->d7f67023-bd71-4164-8161-24a8eb75dffe-GrpcLogAppender: Leader has not got in touch with Follower 593f1123-fce2-46ce-a0f5-50a98353a86f@group-2C65884D69A9->d7f67023-bd71-4164-8161-24a8eb75dffe(c-1,m0,n6, attendVote=true, lastRpcSendTime=1, lastRpcResponseTime=77860) yet, just keep nextIndex unchanged and retry.
2023-04-24 08:16:52,105 [grpc-default-executor-1] WARN  server.GrpcLogAppender (LogUtils.java:warn(122)) - 593f1123-fce2-46ce-a0f5-50a98353a86f@group-2C65884D69A9->d7f67023-bd71-4164-8161-24a8eb75dffe-AppendLogResponseHandler: Failed appendEntries: org.apache.ratis.thirdparty.io.grpc.StatusRuntimeException: UNAVAILABLE: io exception
2023-04-24 08:16:52,106 [grpc-default-executor-1] WARN  server.GrpcLogAppender (GrpcLogAppender.java:resetClient(131)) - 593f1123-fce2-46ce-a0f5-50a98353a86f@group-2C65884D69A9->d7f67023-bd71-4164-8161-24a8eb75dffe-GrpcLogAppender: Leader has not got in touch with Follower 593f1123-fce2-46ce-a0f5-50a98353a86f@group-2C65884D69A9->d7f67023-bd71-4164-8161-24a8eb75dffe(c-1,m0,n6, attendVote=true, lastRpcSendTime=6, lastRpcResponseTime=77865) yet, just keep nextIndex unchanged and retry.
2023-04-24 08:16:52,106 [grpc-default-executor-1] WARN  server.GrpcLogAppender (LogUtils.java:warn(122)) - 593f1123-fce2-46ce-a0f5-50a98353a86f@group-2C65884D69A9->d7f67023-bd71-4164-8161-24a8eb75dffe-AppendLogResponseHandler: Failed appendEntries: org.apache.ratis.thirdparty.io.grpc.StatusRuntimeException: UNAVAILABLE: io exception
2023-04-24 08:16:52,106 [grpc-default-executor-1] WARN  server.GrpcLogAppender (GrpcLogAppender.java:resetClient(131)) - 593f1123-fce2-46ce-a0f5-50a98353a86f@group-2C65884D69A9->d7f67023-bd71-4164-8161-24a8eb75dffe-GrpcLogAppender: Leader has not got in touch with Follower 593f1123-fce2-46ce-a0f5-50a98353a86f@group-2C65884D69A9->d7f67023-bd71-4164-8161-24a8eb75dffe(c-1,m0,n6, attendVote=true, lastRpcSendTime=6, lastRpcResponseTime=77866) yet, just keep nextIndex unchanged and retry.
2023-04-24 08:16:52,188 [BlockDeletingService#7] INFO  interfaces.ContainerDeletionChoosingPolicyTemplate (ContainerDeletionChoosingPolicyTemplate.java:chooseContainerForBlockDeletion(83)) - Chosen 0/5000 blocks from 0 candidate containers.
2023-04-24 08:16:52,188 [BlockDeletingService#7] INFO  interfaces.ContainerDeletionChoosingPolicyTemplate (ContainerDeletionChoosingPolicyTemplate.java:chooseContainerForBlockDeletion(83)) - Chosen 0/5000 blocks from 0 candidate containers.
2023-04-24 08:16:52,221 [FixedThreadPoolWithAffinityExecutor-9-0] WARN  container.ContainerReportHandler (AbstractContainerReportHandler.java:updateContainerState(259)) - Container #1 is in OPEN state, but the datanode 593f1123-fce2-46ce-a0f5-50a98353a86f(fv-az212-956.zlodpucb4l4udavnfxg5s20dva.cx.internal.cloudapp.net/10.1.0.80) reports an CLOSED replica.
2023-04-24 08:16:52,271 [FixedThreadPoolWithAffinityExecutor-9-0] WARN  container.ContainerReportHandler (AbstractContainerReportHandler.java:updateContainerState(259)) - Container #1 is in OPEN state, but the datanode 444322bb-4321-4e38-998a-96758a8a198b(fv-az212-956.zlodpucb4l4udavnfxg5s20dva.cx.internal.cloudapp.net/10.1.0.80) reports an CLOSED replica.
2023-04-24 08:16:52,288 [BlockDeletingService#7] INFO  interfaces.ContainerDeletionChoosingPolicyTemplate (ContainerDeletionChoosingPolicyTemplate.java:chooseContainerForBlockDeletion(83)) - Chosen 0/5000 blocks from 0 candidate containers.
2023-04-24 08:16:52,288 [BlockDeletingService#7] INFO  interfaces.ContainerDeletionChoosingPolicyTemplate (ContainerDeletionChoosingPolicyTemplate.java:chooseContainerForBlockDeletion(83)) - Chosen 0/5000 blocks from 0 candidate containers.
2023-04-24 08:16:52,388 [BlockDeletingService#7] INFO  interfaces.ContainerDeletionChoosingPolicyTemplate (ContainerDeletionChoosingPolicyTemplate.java:chooseContainerForBlockDeletion(83)) - Chosen 0/5000 blocks from 0 candidate containers.
2023-04-24 08:16:52,388 [BlockDeletingService#7] INFO  interfaces.ContainerDeletionChoosingPolicyTemplate (ContainerDeletionChoosingPolicyTemplate.java:chooseContainerForBlockDeletion(83)) - Chosen 0/5000 blocks from 0 candidate containers.
2023-04-24 08:16:52,488 [BlockDeletingService#7] INFO  interfaces.ContainerDeletionChoosingPolicyTemplate (ContainerDeletionChoosingPolicyTemplate.java:chooseContainerForBlockDeletion(83)) - Chosen 0/5000 blocks from 0 candidate containers.
2023-04-24 08:16:52,488 [BlockDeletingService#7] INFO  interfaces.ContainerDeletionChoosingPolicyTemplate (ContainerDeletionChoosingPolicyTemplate.java:chooseContainerForBlockDeletion(83)) - Chosen 0/5000 blocks from 0 candidate containers.
2023-04-24 08:16:52,521 [FixedThreadPoolWithAffinityExecutor-9-0] WARN  container.ContainerReportHandler (AbstractContainerReportHandler.java:updateContainerState(259)) - Container #1 is in OPEN state, but the datanode 593f1123-fce2-46ce-a0f5-50a98353a86f(fv-az212-956.zlodpucb4l4udavnfxg5s20dva.cx.internal.cloudapp.net/10.1.0.80) reports an CLOSED replica.
2023-04-24 08:16:52,571 [FixedThreadPoolWithAffinityExecutor-9-0] WARN  container.ContainerReportHandler (AbstractContainerReportHandler.java:updateContainerState(259)) - Container #1 is in OPEN state, but the datanode 444322bb-4321-4e38-998a-96758a8a198b(fv-az212-956.zlodpucb4l4udavnfxg5s20dva.cx.internal.cloudapp.net/10.1.0.80) reports an CLOSED replica.
2023-04-24 08:16:52,588 [BlockDeletingService#7] INFO  interfaces.ContainerDeletionChoosingPolicyTemplate (ContainerDeletionChoosingPolicyTemplate.java:chooseContainerForBlockDeletion(83)) - Chosen 0/5000 blocks from 0 candidate containers.
2023-04-24 08:16:52,588 [BlockDeletingService#7] INFO  interfaces.ContainerDeletionChoosingPolicyTemplate (ContainerDeletionChoosingPolicyTemplate.java:chooseContainerForBlockDeletion(83)) - Chosen 0/5000 blocks from 0 candidate containers.
2023-04-24 08:16:52,689 [BlockDeletingService#7] INFO  interfaces.ContainerDeletionChoosingPolicyTemplate (ContainerDeletionChoosingPolicyTemplate.java:chooseContainerForBlockDeletion(83)) - Chosen 0/5000 blocks from 0 candidate containers.
2023-04-24 08:16:52,689 [BlockDeletingService#7] INFO  interfaces.ContainerDeletionChoosingPolicyTemplate (ContainerDeletionChoosingPolicyTemplate.java:chooseContainerForBlockDeletion(83)) - Chosen 0/5000 blocks from 0 candidate containers.
2023-04-24 08:16:52,789 [BlockDeletingService#7] INFO  interfaces.ContainerDeletionChoosingPolicyTemplate (ContainerDeletionChoosingPolicyTemplate.java:chooseContainerForBlockDeletion(83)) - Chosen 0/5000 blocks from 0 candidate containers.
2023-04-24 08:16:52,789 [BlockDeletingService#7] INFO  interfaces.ContainerDeletionChoosingPolicyTemplate (ContainerDeletionChoosingPolicyTemplate.java:chooseContainerForBlockDeletion(83)) - Chosen 0/5000 blocks from 0 candidate containers.
2023-04-24 08:16:52,820 [FixedThreadPoolWithAffinityExecutor-9-0] WARN  container.ContainerReportHandler (AbstractContainerReportHandler.java:updateContainerState(259)) - Container #1 is in OPEN state, but the datanode 593f1123-fce2-46ce-a0f5-50a98353a86f(fv-az212-956.zlodpucb4l4udavnfxg5s20dva.cx.internal.cloudapp.net/10.1.0.80) reports an CLOSED replica.
2023-04-24 08:16:52,872 [FixedThreadPoolWithAffinityExecutor-9-0] WARN  container.ContainerReportHandler (AbstractContainerReportHandler.java:updateContainerState(259)) - Container #1 is in OPEN state, but the datanode 444322bb-4321-4e38-998a-96758a8a198b(fv-az212-956.zlodpucb4l4udavnfxg5s20dva.cx.internal.cloudapp.net/10.1.0.80) reports an CLOSED replica.
2023-04-24 08:16:52,889 [BlockDeletingService#7] INFO  interfaces.ContainerDeletionChoosingPolicyTemplate (ContainerDeletionChoosingPolicyTemplate.java:chooseContainerForBlockDeletion(83)) - Chosen 0/5000 blocks from 0 candidate containers.
2023-04-24 08:16:52,889 [BlockDeletingService#7] INFO  interfaces.ContainerDeletionChoosingPolicyTemplate (ContainerDeletionChoosingPolicyTemplate.java:chooseContainerForBlockDeletion(83)) - Chosen 0/5000 blocks from 0 candidate containers.
2023-04-24 08:16:52,989 [BlockDeletingService#7] INFO  interfaces.ContainerDeletionChoosingPolicyTemplate (ContainerDeletionChoosingPolicyTemplate.java:chooseContainerForBlockDeletion(83)) - Chosen 0/5000 blocks from 0 candidate containers.
2023-04-24 08:16:52,989 [BlockDeletingService#7] INFO  interfaces.ContainerDeletionChoosingPolicyTemplate (ContainerDeletionChoosingPolicyTemplate.java:chooseContainerForBlockDeletion(83)) - Chosen 0/5000 blocks from 0 candidate containers.
2023-04-24 08:16:53,089 [BlockDeletingService#7] INFO  interfaces.ContainerDeletionChoosingPolicyTemplate (ContainerDeletionChoosingPolicyTemplate.java:chooseContainerForBlockDeletion(83)) - Chosen 0/5000 blocks from 0 candidate containers.
2023-04-24 08:16:53,090 [BlockDeletingService#7] INFO  interfaces.ContainerDeletionChoosingPolicyTemplate (ContainerDeletionChoosingPolicyTemplate.java:chooseContainerForBlockDeletion(83)) - Chosen 0/5000 blocks from 0 candidate containers.
2023-04-24 08:16:53,121 [FixedThreadPoolWithAffinityExecutor-9-0] WARN  container.ContainerReportHandler (AbstractContainerReportHandler.java:updateContainerState(259)) - Container #1 is in OPEN state, but the datanode 593f1123-fce2-46ce-a0f5-50a98353a86f(fv-az212-956.zlodpucb4l4udavnfxg5s20dva.cx.internal.cloudapp.net/10.1.0.80) reports an CLOSED replica.
2023-04-24 08:16:53,172 [FixedThreadPoolWithAffinityExecutor-9-0] WARN  container.ContainerReportHandler (AbstractContainerReportHandler.java:updateContainerState(259)) - Container #1 is in OPEN state, but the datanode 444322bb-4321-4e38-998a-96758a8a198b(fv-az212-956.zlodpucb4l4udavnfxg5s20dva.cx.internal.cloudapp.net/10.1.0.80) reports an CLOSED replica.
2023-04-24 08:16:53,190 [BlockDeletingService#7] INFO  interfaces.ContainerDeletionChoosingPolicyTemplate (ContainerDeletionChoosingPolicyTemplate.java:chooseContainerForBlockDeletion(83)) - Chosen 0/5000 blocks from 0 candidate containers.
2023-04-24 08:16:53,190 [BlockDeletingService#7] INFO  interfaces.ContainerDeletionChoosingPolicyTemplate (ContainerDeletionChoosingPolicyTemplate.java:chooseContainerForBlockDeletion(83)) - Chosen 0/5000 blocks from 0 candidate containers.
2023-04-24 08:16:53,290 [BlockDeletingService#7] INFO  interfaces.ContainerDeletionChoosingPolicyTemplate (ContainerDeletionChoosingPolicyTemplate.java:chooseContainerForBlockDeletion(83)) - Chosen 0/5000 blocks from 0 candidate containers.
2023-04-24 08:16:53,290 [BlockDeletingService#7] INFO  interfaces.ContainerDeletionChoosingPolicyTemplate (ContainerDeletionChoosingPolicyTemplate.java:chooseContainerForBlockDeletion(83)) - Chosen 0/5000 blocks from 0 candidate containers.
2023-04-24 08:16:53,350 [grpc-default-executor-1] WARN  server.GrpcLogAppender (LogUtils.java:warn(122)) - 593f1123-fce2-46ce-a0f5-50a98353a86f@group-2C65884D69A9->d7f67023-bd71-4164-8161-24a8eb75dffe-AppendLogResponseHandler: Failed appendEntries: org.apache.ratis.thirdparty.io.grpc.StatusRuntimeException: UNAVAILABLE: io exception
2023-04-24 08:16:53,351 [grpc-default-executor-1] WARN  server.GrpcLogAppender (GrpcLogAppender.java:resetClient(131)) - 593f1123-fce2-46ce-a0f5-50a98353a86f@group-2C65884D69A9->d7f67023-bd71-4164-8161-24a8eb75dffe-GrpcLogAppender: Leader has not got in touch with Follower 593f1123-fce2-46ce-a0f5-50a98353a86f@group-2C65884D69A9->d7f67023-bd71-4164-8161-24a8eb75dffe(c-1,m0,n6, attendVote=true, lastRpcSendTime=1250, lastRpcResponseTime=79110) yet, just keep nextIndex unchanged and retry.
2023-04-24 08:16:53,351 [grpc-default-executor-5] WARN  server.GrpcLogAppender (LogUtils.java:warn(122)) - 593f1123-fce2-46ce-a0f5-50a98353a86f@group-2C65884D69A9->d7f67023-bd71-4164-8161-24a8eb75dffe-AppendLogResponseHandler: Failed appendEntries: org.apache.ratis.thirdparty.io.grpc.StatusRuntimeException: UNAVAILABLE: io exception
2023-04-24 08:16:53,351 [grpc-default-executor-5] WARN  server.GrpcLogAppender (GrpcLogAppender.java:resetClient(131)) - 593f1123-fce2-46ce-a0f5-50a98353a86f@group-2C65884D69A9->d7f67023-bd71-4164-8161-24a8eb75dffe-GrpcLogAppender: Leader has not got in touch with Follower 593f1123-fce2-46ce-a0f5-50a98353a86f@group-2C65884D69A9->d7f67023-bd71-4164-8161-24a8eb75dffe(c-1,m0,n6, attendVote=true, lastRpcSendTime=0, lastRpcResponseTime=79110) yet, just keep nextIndex unchanged and retry.
2023-04-24 08:16:53,352 [grpc-default-executor-1] WARN  server.GrpcLogAppender (LogUtils.java:warn(122)) - 593f1123-fce2-46ce-a0f5-50a98353a86f@group-2C65884D69A9->d7f67023-bd71-4164-8161-24a8eb75dffe-AppendLogResponseHandler: Failed appendEntries: org.apache.ratis.thirdparty.io.grpc.StatusRuntimeException: UNAVAILABLE: io exception
2023-04-24 08:16:53,353 [grpc-default-executor-1] WARN  server.GrpcLogAppender (GrpcLogAppender.java:resetClient(131)) - 593f1123-fce2-46ce-a0f5-50a98353a86f@group-2C65884D69A9->d7f67023-bd71-4164-8161-24a8eb75dffe-GrpcLogAppender: Leader has not got in touch with Follower 593f1123-fce2-46ce-a0f5-50a98353a86f@group-2C65884D69A9->d7f67023-bd71-4164-8161-24a8eb75dffe(c-1,m0,n6, attendVote=true, lastRpcSendTime=1, lastRpcResponseTime=79112) yet, just keep nextIndex unchanged and retry.
2023-04-24 08:16:53,353 [grpc-default-executor-5] WARN  server.GrpcLogAppender (LogUtils.java:warn(122)) - 593f1123-fce2-46ce-a0f5-50a98353a86f@group-2C65884D69A9->d7f67023-bd71-4164-8161-24a8eb75dffe-AppendLogResponseHandler: Failed appendEntries: org.apache.ratis.thirdparty.io.grpc.StatusRuntimeException: UNAVAILABLE: io exception
2023-04-24 08:16:53,354 [grpc-default-executor-5] WARN  server.GrpcLogAppender (GrpcLogAppender.java:resetClient(131)) - 593f1123-fce2-46ce-a0f5-50a98353a86f@group-2C65884D69A9->d7f67023-bd71-4164-8161-24a8eb75dffe-GrpcLogAppender: Leader has not got in touch with Follower 593f1123-fce2-46ce-a0f5-50a98353a86f@group-2C65884D69A9->d7f67023-bd71-4164-8161-24a8eb75dffe(c-1,m0,n6, attendVote=true, lastRpcSendTime=3, lastRpcResponseTime=79113) yet, just keep nextIndex unchanged and retry.
2023-04-24 08:16:53,390 [BlockDeletingService#7] INFO  interfaces.ContainerDeletionChoosingPolicyTemplate (ContainerDeletionChoosingPolicyTemplate.java:chooseContainerForBlockDeletion(83)) - Chosen 0/5000 blocks from 0 candidate containers.
2023-04-24 08:16:53,395 [BlockDeletingService#7] INFO  interfaces.ContainerDeletionChoosingPolicyTemplate (ContainerDeletionChoosingPolicyTemplate.java:chooseContainerForBlockDeletion(83)) - Chosen 0/5000 blocks from 0 candidate containers.
2023-04-24 08:16:53,421 [FixedThreadPoolWithAffinityExecutor-9-0] WARN  container.ContainerReportHandler (AbstractContainerReportHandler.java:updateContainerState(259)) - Container #1 is in OPEN state, but the datanode 593f1123-fce2-46ce-a0f5-50a98353a86f(fv-az212-956.zlodpucb4l4udavnfxg5s20dva.cx.internal.cloudapp.net/10.1.0.80) reports an CLOSED replica.
2023-04-24 08:16:53,472 [FixedThreadPoolWithAffinityExecutor-9-0] WARN  container.ContainerReportHandler (AbstractContainerReportHandler.java:updateContainerState(259)) - Container #1 is in OPEN state, but the datanode 444322bb-4321-4e38-998a-96758a8a198b(fv-az212-956.zlodpucb4l4udavnfxg5s20dva.cx.internal.cloudapp.net/10.1.0.80) reports an CLOSED replica.
2023-04-24 08:16:53,490 [BlockDeletingService#7] INFO  interfaces.ContainerDeletionChoosingPolicyTemplate (ContainerDeletionChoosingPolicyTemplate.java:chooseContainerForBlockDeletion(83)) - Chosen 0/5000 blocks from 0 candidate containers.
2023-04-24 08:16:53,495 [BlockDeletingService#7] INFO  interfaces.ContainerDeletionChoosingPolicyTemplate (ContainerDeletionChoosingPolicyTemplate.java:chooseContainerForBlockDeletion(83)) - Chosen 0/5000 blocks from 0 candidate containers.
2023-04-24 08:16:53,591 [BlockDeletingService#7] INFO  interfaces.ContainerDeletionChoosingPolicyTemplate (ContainerDeletionChoosingPolicyTemplate.java:chooseContainerForBlockDeletion(83)) - Chosen 0/5000 blocks from 0 candidate containers.
2023-04-24 08:16:53,595 [BlockDeletingService#7] INFO  interfaces.ContainerDeletionChoosingPolicyTemplate (ContainerDeletionChoosingPolicyTemplate.java:chooseContainerForBlockDeletion(83)) - Chosen 0/5000 blocks from 0 candidate containers.
2023-04-24 08:16:53,691 [BlockDeletingService#7] INFO  interfaces.ContainerDeletionChoosingPolicyTemplate (ContainerDeletionChoosingPolicyTemplate.java:chooseContainerForBlockDeletion(83)) - Chosen 0/5000 blocks from 0 candidate containers.
2023-04-24 08:16:53,695 [BlockDeletingService#7] INFO  interfaces.ContainerDeletionChoosingPolicyTemplate (ContainerDeletionChoosingPolicyTemplate.java:chooseContainerForBlockDeletion(83)) - Chosen 0/5000 blocks from 0 candidate containers.
2023-04-24 08:16:53,721 [FixedThreadPoolWithAffinityExecutor-9-0] WARN  container.ContainerReportHandler (AbstractContainerReportHandler.java:updateContainerState(259)) - Container #1 is in OPEN state, but the datanode 593f1123-fce2-46ce-a0f5-50a98353a86f(fv-az212-956.zlodpucb4l4udavnfxg5s20dva.cx.internal.cloudapp.net/10.1.0.80) reports an CLOSED replica.
2023-04-24 08:16:53,772 [FixedThreadPoolWithAffinityExecutor-9-0] WARN  container.ContainerReportHandler (AbstractContainerReportHandler.java:updateContainerState(259)) - Container #1 is in OPEN state, but the datanode 444322bb-4321-4e38-998a-96758a8a198b(fv-az212-956.zlodpucb4l4udavnfxg5s20dva.cx.internal.cloudapp.net/10.1.0.80) reports an CLOSED replica.
2023-04-24 08:16:53,791 [BlockDeletingService#7] INFO  interfaces.ContainerDeletionChoosingPolicyTemplate (ContainerDeletionChoosingPolicyTemplate.java:chooseContainerForBlockDeletion(83)) - Chosen 0/5000 blocks from 0 candidate containers.
2023-04-24 08:16:53,795 [BlockDeletingService#7] INFO  interfaces.ContainerDeletionChoosingPolicyTemplate (ContainerDeletionChoosingPolicyTemplate.java:chooseContainerForBlockDeletion(83)) - Chosen 0/5000 blocks from 0 candidate containers.
2023-04-24 08:16:53,891 [BlockDeletingService#7] INFO  interfaces.ContainerDeletionChoosingPolicyTemplate (ContainerDeletionChoosingPolicyTemplate.java:chooseContainerForBlockDeletion(83)) - Chosen 0/5000 blocks from 0 candidate containers.
2023-04-24 08:16:53,896 [BlockDeletingService#7] INFO  interfaces.ContainerDeletionChoosingPolicyTemplate (ContainerDeletionChoosingPolicyTemplate.java:chooseContainerForBlockDeletion(83)) - Chosen 0/5000 blocks from 0 candidate containers.
2023-04-24 08:16:53,991 [BlockDeletingService#7] INFO  interfaces.ContainerDeletionChoosingPolicyTemplate (ContainerDeletionChoosingPolicyTemplate.java:chooseContainerForBlockDeletion(83)) - Chosen 0/5000 blocks from 0 candidate containers.
2023-04-24 08:16:53,996 [BlockDeletingService#7] INFO  interfaces.ContainerDeletionChoosingPolicyTemplate (ContainerDeletionChoosingPolicyTemplate.java:chooseContainerForBlockDeletion(83)) - Chosen 0/5000 blocks from 0 candidate containers.
2023-04-24 08:16:54,021 [FixedThreadPoolWithAffinityExecutor-9-0] WARN  container.ContainerReportHandler (AbstractContainerReportHandler.java:updateContainerState(259)) - Container #1 is in OPEN state, but the datanode 593f1123-fce2-46ce-a0f5-50a98353a86f(fv-az212-956.zlodpucb4l4udavnfxg5s20dva.cx.internal.cloudapp.net/10.1.0.80) reports an CLOSED replica.
2023-04-24 08:16:54,071 [FixedThreadPoolWithAffinityExecutor-9-0] WARN  container.ContainerReportHandler (AbstractContainerReportHandler.java:updateContainerState(259)) - Container #1 is in OPEN state, but the datanode 444322bb-4321-4e38-998a-96758a8a198b(fv-az212-956.zlodpucb4l4udavnfxg5s20dva.cx.internal.cloudapp.net/10.1.0.80) reports an CLOSED replica.
2023-04-24 08:16:54,092 [BlockDeletingService#7] INFO  interfaces.ContainerDeletionChoosingPolicyTemplate (ContainerDeletionChoosingPolicyTemplate.java:chooseContainerForBlockDeletion(83)) - Chosen 0/5000 blocks from 0 candidate containers.
2023-04-24 08:16:54,096 [BlockDeletingService#7] INFO  interfaces.ContainerDeletionChoosingPolicyTemplate (ContainerDeletionChoosingPolicyTemplate.java:chooseContainerForBlockDeletion(83)) - Chosen 0/5000 blocks from 0 candidate containers.
2023-04-24 08:16:54,192 [BlockDeletingService#7] INFO  interfaces.ContainerDeletionChoosingPolicyTemplate (ContainerDeletionChoosingPolicyTemplate.java:chooseContainerForBlockDeletion(83)) - Chosen 0/5000 blocks from 0 candidate containers.
2023-04-24 08:16:54,196 [BlockDeletingService#7] INFO  interfaces.ContainerDeletionChoosingPolicyTemplate (ContainerDeletionChoosingPolicyTemplate.java:chooseContainerForBlockDeletion(83)) - Chosen 0/5000 blocks from 0 candidate containers.
2023-04-24 08:16:54,272 [FixedThreadPoolWithAffinityExecutor-9-0] WARN  container.ContainerReportHandler (AbstractContainerReportHandler.java:updateContainerState(259)) - Container #1 is in OPEN state, but the datanode 444322bb-4321-4e38-998a-96758a8a198b(fv-az212-956.zlodpucb4l4udavnfxg5s20dva.cx.internal.cloudapp.net/10.1.0.80) reports an CLOSED replica.
2023-04-24 08:16:54,292 [BlockDeletingService#7] INFO  interfaces.ContainerDeletionChoosingPolicyTemplate (ContainerDeletionChoosingPolicyTemplate.java:chooseContainerForBlockDeletion(83)) - Chosen 0/5000 blocks from 0 candidate containers.
2023-04-24 08:16:54,296 [BlockDeletingService#7] INFO  interfaces.ContainerDeletionChoosingPolicyTemplate (ContainerDeletionChoosingPolicyTemplate.java:chooseContainerForBlockDeletion(83)) - Chosen 0/5000 blocks from 0 candidate containers.
2023-04-24 08:16:54,321 [FixedThreadPoolWithAffinityExecutor-9-0] WARN  container.ContainerReportHandler (AbstractContainerReportHandler.java:updateContainerState(259)) - Container #1 is in OPEN state, but the datanode 593f1123-fce2-46ce-a0f5-50a98353a86f(fv-az212-956.zlodpucb4l4udavnfxg5s20dva.cx.internal.cloudapp.net/10.1.0.80) reports an CLOSED replica.
2023-04-24 08:16:54,392 [BlockDeletingService#7] INFO  interfaces.ContainerDeletionChoosingPolicyTemplate (ContainerDeletionChoosingPolicyTemplate.java:chooseContainerForBlockDeletion(83)) - Chosen 0/5000 blocks from 0 candidate containers.
2023-04-24 08:16:54,396 [BlockDeletingService#7] INFO  interfaces.ContainerDeletionChoosingPolicyTemplate (ContainerDeletionChoosingPolicyTemplate.java:chooseContainerForBlockDeletion(83)) - Chosen 0/5000 blocks from 0 candidate containers.
2023-04-24 08:16:54,492 [BlockDeletingService#7] INFO  interfaces.ContainerDeletionChoosingPolicyTemplate (ContainerDeletionChoosingPolicyTemplate.java:chooseContainerForBlockDeletion(83)) - Chosen 0/5000 blocks from 0 candidate containers.
2023-04-24 08:16:54,496 [BlockDeletingService#7] INFO  interfaces.ContainerDeletionChoosingPolicyTemplate (ContainerDeletionChoosingPolicyTemplate.java:chooseContainerForBlockDeletion(83)) - Chosen 0/5000 blocks from 0 candidate containers.
2023-04-24 08:16:54,576 [FixedThreadPoolWithAffinityExecutor-9-0] WARN  container.ContainerReportHandler (AbstractContainerReportHandler.java:updateContainerState(259)) - Container #1 is in OPEN state, but the datanode 444322bb-4321-4e38-998a-96758a8a198b(fv-az212-956.zlodpucb4l4udavnfxg5s20dva.cx.internal.cloudapp.net/10.1.0.80) reports an CLOSED replica.
2023-04-24 08:16:54,593 [BlockDeletingService#7] INFO  interfaces.ContainerDeletionChoosingPolicyTemplate (ContainerDeletionChoosingPolicyTemplate.java:chooseContainerForBlockDeletion(83)) - Chosen 0/5000 blocks from 0 candidate containers.
2023-04-24 08:16:54,596 [BlockDeletingService#7] INFO  interfaces.ContainerDeletionChoosingPolicyTemplate (ContainerDeletionChoosingPolicyTemplate.java:chooseContainerForBlockDeletion(83)) - Chosen 0/5000 blocks from 0 candidate containers.
2023-04-24 08:16:54,601 [grpc-default-executor-5] WARN  server.GrpcLogAppender (LogUtils.java:warn(122)) - 593f1123-fce2-46ce-a0f5-50a98353a86f@group-2C65884D69A9->d7f67023-bd71-4164-8161-24a8eb75dffe-AppendLogResponseHandler: Failed appendEntries: org.apache.ratis.thirdparty.io.grpc.StatusRuntimeException: UNAVAILABLE: io exception
2023-04-24 08:16:54,602 [grpc-default-executor-1] WARN  server.GrpcLogAppender (LogUtils.java:warn(122)) - 593f1123-fce2-46ce-a0f5-50a98353a86f@group-2C65884D69A9->d7f67023-bd71-4164-8161-24a8eb75dffe-AppendLogResponseHandler: Failed appendEntries: org.apache.ratis.thirdparty.io.grpc.StatusRuntimeException: UNAVAILABLE: io exception
2023-04-24 08:16:54,603 [grpc-default-executor-5] WARN  server.GrpcLogAppender (GrpcLogAppender.java:resetClient(131)) - 593f1123-fce2-46ce-a0f5-50a98353a86f@group-2C65884D69A9->d7f67023-bd71-4164-8161-24a8eb75dffe-GrpcLogAppender: Leader has not got in touch with Follower 593f1123-fce2-46ce-a0f5-50a98353a86f@group-2C65884D69A9->d7f67023-bd71-4164-8161-24a8eb75dffe(c-1,m0,n6, attendVote=true, lastRpcSendTime=0, lastRpcResponseTime=80362) yet, just keep nextIndex unchanged and retry.
2023-04-24 08:16:54,604 [grpc-default-executor-1] WARN  server.GrpcLogAppender (GrpcLogAppender.java:resetClient(131)) - 593f1123-fce2-46ce-a0f5-50a98353a86f@group-2C65884D69A9->d7f67023-bd71-4164-8161-24a8eb75dffe-GrpcLogAppender: Leader has not got in touch with Follower 593f1123-fce2-46ce-a0f5-50a98353a86f@group-2C65884D69A9->d7f67023-bd71-4164-8161-24a8eb75dffe(c-1,m0,n6, attendVote=true, lastRpcSendTime=1, lastRpcResponseTime=80363) yet, just keep nextIndex unchanged and retry.
2023-04-24 08:16:54,693 [BlockDeletingService#7] INFO  interfaces.ContainerDeletionChoosingPolicyTemplate (ContainerDeletionChoosingPolicyTemplate.java:chooseContainerForBlockDeletion(83)) - Chosen 0/5000 blocks from 0 candidate containers.
2023-04-24 08:16:54,697 [BlockDeletingService#7] INFO  interfaces.ContainerDeletionChoosingPolicyTemplate (ContainerDeletionChoosingPolicyTemplate.java:chooseContainerForBlockDeletion(83)) - Chosen 0/5000 blocks from 0 candidate containers.
2023-04-24 08:16:54,722 [FixedThreadPoolWithAffinityExecutor-9-0] WARN  container.ContainerReportHandler (AbstractContainerReportHandler.java:updateContainerState(259)) - Container #1 is in OPEN state, but the datanode 593f1123-fce2-46ce-a0f5-50a98353a86f(fv-az212-956.zlodpucb4l4udavnfxg5s20dva.cx.internal.cloudapp.net/10.1.0.80) reports an CLOSED replica.
2023-04-24 08:16:54,794 [BlockDeletingService#7] INFO  interfaces.ContainerDeletionChoosingPolicyTemplate (ContainerDeletionChoosingPolicyTemplate.java:chooseContainerForBlockDeletion(83)) - Chosen 0/5000 blocks from 0 candidate containers.
2023-04-24 08:16:54,797 [BlockDeletingService#7] INFO  interfaces.ContainerDeletionChoosingPolicyTemplate (ContainerDeletionChoosingPolicyTemplate.java:chooseContainerForBlockDeletion(83)) - Chosen 0/5000 blocks from 0 candidate containers.
2023-04-24 08:16:54,876 [FixedThreadPoolWithAffinityExecutor-9-0] WARN  container.ContainerReportHandler (AbstractContainerReportHandler.java:updateContainerState(259)) - Container #1 is in OPEN state, but the datanode 444322bb-4321-4e38-998a-96758a8a198b(fv-az212-956.zlodpucb4l4udavnfxg5s20dva.cx.internal.cloudapp.net/10.1.0.80) reports an CLOSED replica.
2023-04-24 08:16:54,895 [BlockDeletingService#7] INFO  interfaces.ContainerDeletionChoosingPolicyTemplate (ContainerDeletionChoosingPolicyTemplate.java:chooseContainerForBlockDeletion(83)) - Chosen 0/5000 blocks from 0 candidate containers.
2023-04-24 08:16:54,897 [BlockDeletingService#7] INFO  interfaces.ContainerDeletionChoosingPolicyTemplate (ContainerDeletionChoosingPolicyTemplate.java:chooseContainerForBlockDeletion(83)) - Chosen 0/5000 blocks from 0 candidate containers.
2023-04-24 08:16:54,995 [BlockDeletingService#7] INFO  interfaces.ContainerDeletionChoosingPolicyTemplate (ContainerDeletionChoosingPolicyTemplate.java:chooseContainerForBlockDeletion(83)) - Chosen 0/5000 blocks from 0 candidate containers.
2023-04-24 08:16:54,997 [BlockDeletingService#7] INFO  interfaces.ContainerDeletionChoosingPolicyTemplate (ContainerDeletionChoosingPolicyTemplate.java:chooseContainerForBlockDeletion(83)) - Chosen 0/5000 blocks from 0 candidate containers.
2023-04-24 08:16:55,022 [FixedThreadPoolWithAffinityExecutor-9-0] WARN  container.ContainerReportHandler (AbstractContainerReportHandler.java:updateContainerState(259)) - Container #1 is in OPEN state, but the datanode 593f1123-fce2-46ce-a0f5-50a98353a86f(fv-az212-956.zlodpucb4l4udavnfxg5s20dva.cx.internal.cloudapp.net/10.1.0.80) reports an CLOSED replica.
2023-04-24 08:16:55,095 [BlockDeletingService#7] INFO  interfaces.ContainerDeletionChoosingPolicyTemplate (ContainerDeletionChoosingPolicyTemplate.java:chooseContainerForBlockDeletion(83)) - Chosen 0/5000 blocks from 0 candidate containers.
2023-04-24 08:16:55,097 [BlockDeletingService#7] INFO  interfaces.ContainerDeletionChoosingPolicyTemplate (ContainerDeletionChoosingPolicyTemplate.java:chooseContainerForBlockDeletion(83)) - Chosen 0/5000 blocks from 0 candidate containers.
2023-04-24 08:16:55,176 [FixedThreadPoolWithAffinityExecutor-9-0] WARN  container.ContainerReportHandler (AbstractContainerReportHandler.java:updateContainerState(259)) - Container #1 is in OPEN state, but the datanode 444322bb-4321-4e38-998a-96758a8a198b(fv-az212-956.zlodpucb4l4udavnfxg5s20dva.cx.internal.cloudapp.net/10.1.0.80) reports an CLOSED replica.
2023-04-24 08:16:55,195 [BlockDeletingService#7] INFO  interfaces.ContainerDeletionChoosingPolicyTemplate (ContainerDeletionChoosingPolicyTemplate.java:chooseContainerForBlockDeletion(83)) - Chosen 0/5000 blocks from 0 candidate containers.
2023-04-24 08:16:55,197 [BlockDeletingService#7] INFO  interfaces.ContainerDeletionChoosingPolicyTemplate (ContainerDeletionChoosingPolicyTemplate.java:chooseContainerForBlockDeletion(83)) - Chosen 0/5000 blocks from 0 candidate containers.
2023-04-24 08:16:55,295 [BlockDeletingService#7] INFO  interfaces.ContainerDeletionChoosingPolicyTemplate (ContainerDeletionChoosingPolicyTemplate.java:chooseContainerForBlockDeletion(83)) - Chosen 0/5000 blocks from 0 candidate containers.
2023-04-24 08:16:55,297 [BlockDeletingService#7] INFO  interfaces.ContainerDeletionChoosingPolicyTemplate (ContainerDeletionChoosingPolicyTemplate.java:chooseContainerForBlockDeletion(83)) - Chosen 0/5000 blocks from 0 candidate containers.
2023-04-24 08:16:55,328 [FixedThreadPoolWithAffinityExecutor-9-0] WARN  container.ContainerReportHandler (AbstractContainerReportHandler.java:updateContainerState(259)) - Container #1 is in OPEN state, but the datanode 593f1123-fce2-46ce-a0f5-50a98353a86f(fv-az212-956.zlodpucb4l4udavnfxg5s20dva.cx.internal.cloudapp.net/10.1.0.80) reports an CLOSED replica.
2023-04-24 08:16:55,396 [BlockDeletingService#7] INFO  interfaces.ContainerDeletionChoosingPolicyTemplate (ContainerDeletionChoosingPolicyTemplate.java:chooseContainerForBlockDeletion(83)) - Chosen 0/5000 blocks from 0 candidate containers.
2023-04-24 08:16:55,397 [BlockDeletingService#7] INFO  interfaces.ContainerDeletionChoosingPolicyTemplate (ContainerDeletionChoosingPolicyTemplate.java:chooseContainerForBlockDeletion(83)) - Chosen 0/5000 blocks from 0 candidate containers.
2023-04-24 08:16:55,476 [FixedThreadPoolWithAffinityExecutor-9-0] WARN  container.ContainerReportHandler (AbstractContainerReportHandler.java:updateContainerState(259)) - Container #1 is in OPEN state, but the datanode 444322bb-4321-4e38-998a-96758a8a198b(fv-az212-956.zlodpucb4l4udavnfxg5s20dva.cx.internal.cloudapp.net/10.1.0.80) reports an CLOSED replica.
2023-04-24 08:16:55,496 [BlockDeletingService#7] INFO  interfaces.ContainerDeletionChoosingPolicyTemplate (ContainerDeletionChoosingPolicyTemplate.java:chooseContainerForBlockDeletion(83)) - Chosen 0/5000 blocks from 0 candidate containers.
2023-04-24 08:16:55,497 [BlockDeletingService#7] INFO  interfaces.ContainerDeletionChoosingPolicyTemplate (ContainerDeletionChoosingPolicyTemplate.java:chooseContainerForBlockDeletion(83)) - Chosen 0/5000 blocks from 0 candidate containers.
2023-04-24 08:16:55,596 [BlockDeletingService#7] INFO  interfaces.ContainerDeletionChoosingPolicyTemplate (ContainerDeletionChoosingPolicyTemplate.java:chooseContainerForBlockDeletion(83)) - Chosen 0/5000 blocks from 0 candidate containers.
2023-04-24 08:16:55,598 [BlockDeletingService#7] INFO  interfaces.ContainerDeletionChoosingPolicyTemplate (ContainerDeletionChoosingPolicyTemplate.java:chooseContainerForBlockDeletion(83)) - Chosen 0/5000 blocks from 0 candidate containers.
2023-04-24 08:16:55,622 [FixedThreadPoolWithAffinityExecutor-9-0] WARN  container.ContainerReportHandler (AbstractContainerReportHandler.java:updateContainerState(259)) - Container #1 is in OPEN state, but the datanode 593f1123-fce2-46ce-a0f5-50a98353a86f(fv-az212-956.zlodpucb4l4udavnfxg5s20dva.cx.internal.cloudapp.net/10.1.0.80) reports an CLOSED replica.
2023-04-24 08:16:55,696 [BlockDeletingService#7] INFO  interfaces.ContainerDeletionChoosingPolicyTemplate (ContainerDeletionChoosingPolicyTemplate.java:chooseContainerForBlockDeletion(83)) - Chosen 0/5000 blocks from 0 candidate containers.
2023-04-24 08:16:55,698 [BlockDeletingService#7] INFO  interfaces.ContainerDeletionChoosingPolicyTemplate (ContainerDeletionChoosingPolicyTemplate.java:chooseContainerForBlockDeletion(83)) - Chosen 0/5000 blocks from 0 candidate containers.
2023-04-24 08:16:55,777 [FixedThreadPoolWithAffinityExecutor-9-0] WARN  container.ContainerReportHandler (AbstractContainerReportHandler.java:updateContainerState(259)) - Container #1 is in OPEN state, but the datanode 444322bb-4321-4e38-998a-96758a8a198b(fv-az212-956.zlodpucb4l4udavnfxg5s20dva.cx.internal.cloudapp.net/10.1.0.80) reports an CLOSED replica.
2023-04-24 08:16:55,796 [BlockDeletingService#7] INFO  interfaces.ContainerDeletionChoosingPolicyTemplate (ContainerDeletionChoosingPolicyTemplate.java:chooseContainerForBlockDeletion(83)) - Chosen 0/5000 blocks from 0 candidate containers.
2023-04-24 08:16:55,798 [BlockDeletingService#7] INFO  interfaces.ContainerDeletionChoosingPolicyTemplate (ContainerDeletionChoosingPolicyTemplate.java:chooseContainerForBlockDeletion(83)) - Chosen 0/5000 blocks from 0 candidate containers.
2023-04-24 08:16:55,853 [grpc-default-executor-1] WARN  server.GrpcLogAppender (LogUtils.java:warn(122)) - 593f1123-fce2-46ce-a0f5-50a98353a86f@group-2C65884D69A9->d7f67023-bd71-4164-8161-24a8eb75dffe-AppendLogResponseHandler: Failed appendEntries: org.apache.ratis.thirdparty.io.grpc.StatusRuntimeException: UNAVAILABLE: io exception
2023-04-24 08:16:55,853 [grpc-default-executor-5] WARN  server.GrpcLogAppender (LogUtils.java:warn(122)) - 593f1123-fce2-46ce-a0f5-50a98353a86f@group-2C65884D69A9->d7f67023-bd71-4164-8161-24a8eb75dffe-AppendLogResponseHandler: Failed appendEntries: org.apache.ratis.thirdparty.io.grpc.StatusRuntimeException: UNAVAILABLE: io exception
2023-04-24 08:16:55,853 [grpc-default-executor-1] WARN  server.GrpcLogAppender (GrpcLogAppender.java:resetClient(131)) - 593f1123-fce2-46ce-a0f5-50a98353a86f@group-2C65884D69A9->d7f67023-bd71-4164-8161-24a8eb75dffe-GrpcLogAppender: Leader has not got in touch with Follower 593f1123-fce2-46ce-a0f5-50a98353a86f@group-2C65884D69A9->d7f67023-bd71-4164-8161-24a8eb75dffe(c-1,m0,n6, attendVote=true, lastRpcSendTime=0, lastRpcResponseTime=81612) yet, just keep nextIndex unchanged and retry.
2023-04-24 08:16:55,853 [grpc-default-executor-5] WARN  server.GrpcLogAppender (GrpcLogAppender.java:resetClient(131)) - 593f1123-fce2-46ce-a0f5-50a98353a86f@group-2C65884D69A9->d7f67023-bd71-4164-8161-24a8eb75dffe-GrpcLogAppender: Leader has not got in touch with Follower 593f1123-fce2-46ce-a0f5-50a98353a86f@group-2C65884D69A9->d7f67023-bd71-4164-8161-24a8eb75dffe(c-1,m0,n6, attendVote=true, lastRpcSendTime=0, lastRpcResponseTime=81613) yet, just keep nextIndex unchanged and retry.
2023-04-24 08:16:55,897 [BlockDeletingService#7] INFO  interfaces.ContainerDeletionChoosingPolicyTemplate (ContainerDeletionChoosingPolicyTemplate.java:chooseContainerForBlockDeletion(83)) - Chosen 0/5000 blocks from 0 candidate containers.
2023-04-24 08:16:55,898 [BlockDeletingService#7] INFO  interfaces.ContainerDeletionChoosingPolicyTemplate (ContainerDeletionChoosingPolicyTemplate.java:chooseContainerForBlockDeletion(83)) - Chosen 0/5000 blocks from 0 candidate containers.
2023-04-24 08:16:55,923 [FixedThreadPoolWithAffinityExecutor-9-0] WARN  container.ContainerReportHandler (AbstractContainerReportHandler.java:updateContainerState(259)) - Container #1 is in OPEN state, but the datanode 593f1123-fce2-46ce-a0f5-50a98353a86f(fv-az212-956.zlodpucb4l4udavnfxg5s20dva.cx.internal.cloudapp.net/10.1.0.80) reports an CLOSED replica.
2023-04-24 08:16:55,997 [BlockDeletingService#7] INFO  interfaces.ContainerDeletionChoosingPolicyTemplate (ContainerDeletionChoosingPolicyTemplate.java:chooseContainerForBlockDeletion(83)) - Chosen 0/5000 blocks from 0 candidate containers.
2023-04-24 08:16:55,998 [BlockDeletingService#7] INFO  interfaces.ContainerDeletionChoosingPolicyTemplate (ContainerDeletionChoosingPolicyTemplate.java:chooseContainerForBlockDeletion(83)) - Chosen 0/5000 blocks from 0 candidate containers.
2023-04-24 08:16:56,076 [FixedThreadPoolWithAffinityExecutor-9-0] WARN  container.ContainerReportHandler (AbstractContainerReportHandler.java:updateContainerState(259)) - Container #1 is in OPEN state, but the datanode 444322bb-4321-4e38-998a-96758a8a198b(fv-az212-956.zlodpucb4l4udavnfxg5s20dva.cx.internal.cloudapp.net/10.1.0.80) reports an CLOSED replica.
2023-04-24 08:16:56,097 [BlockDeletingService#7] INFO  interfaces.ContainerDeletionChoosingPolicyTemplate (ContainerDeletionChoosingPolicyTemplate.java:chooseContainerForBlockDeletion(83)) - Chosen 0/5000 blocks from 0 candidate containers.
2023-04-24 08:16:56,098 [BlockDeletingService#7] INFO  interfaces.ContainerDeletionChoosingPolicyTemplate (ContainerDeletionChoosingPolicyTemplate.java:chooseContainerForBlockDeletion(83)) - Chosen 0/5000 blocks from 0 candidate containers.
2023-04-24 08:16:56,197 [BlockDeletingService#7] INFO  interfaces.ContainerDeletionChoosingPolicyTemplate (ContainerDeletionChoosingPolicyTemplate.java:chooseContainerForBlockDeletion(83)) - Chosen 0/5000 blocks from 0 candidate containers.
2023-04-24 08:16:56,198 [BlockDeletingService#7] INFO  interfaces.ContainerDeletionChoosingPolicyTemplate (ContainerDeletionChoosingPolicyTemplate.java:chooseContainerForBlockDeletion(83)) - Chosen 0/5000 blocks from 0 candidate containers.
2023-04-24 08:16:56,223 [FixedThreadPoolWithAffinityExecutor-9-0] WARN  container.ContainerReportHandler (AbstractContainerReportHandler.java:updateContainerState(259)) - Container #1 is in OPEN state, but the datanode 593f1123-fce2-46ce-a0f5-50a98353a86f(fv-az212-956.zlodpucb4l4udavnfxg5s20dva.cx.internal.cloudapp.net/10.1.0.80) reports an CLOSED replica.
2023-04-24 08:16:56,297 [BlockDeletingService#7] INFO  interfaces.ContainerDeletionChoosingPolicyTemplate (ContainerDeletionChoosingPolicyTemplate.java:chooseContainerForBlockDeletion(83)) - Chosen 0/5000 blocks from 0 candidate containers.
2023-04-24 08:16:56,298 [BlockDeletingService#7] INFO  interfaces.ContainerDeletionChoosingPolicyTemplate (ContainerDeletionChoosingPolicyTemplate.java:chooseContainerForBlockDeletion(83)) - Chosen 0/5000 blocks from 0 candidate containers.
2023-04-24 08:16:56,376 [FixedThreadPoolWithAffinityExecutor-9-0] WARN  container.ContainerReportHandler (AbstractContainerReportHandler.java:updateContainerState(259)) - Container #1 is in OPEN state, but the datanode 444322bb-4321-4e38-998a-96758a8a198b(fv-az212-956.zlodpucb4l4udavnfxg5s20dva.cx.internal.cloudapp.net/10.1.0.80) reports an CLOSED replica.
2023-04-24 08:16:56,398 [BlockDeletingService#7] INFO  interfaces.ContainerDeletionChoosingPolicyTemplate (ContainerDeletionChoosingPolicyTemplate.java:chooseContainerForBlockDeletion(83)) - Chosen 0/5000 blocks from 0 candidate containers.
2023-04-24 08:16:56,399 [BlockDeletingService#7] INFO  interfaces.ContainerDeletionChoosingPolicyTemplate (ContainerDeletionChoosingPolicyTemplate.java:chooseContainerForBlockDeletion(83)) - Chosen 0/5000 blocks from 0 candidate containers.
2023-04-24 08:16:56,498 [BlockDeletingService#7] INFO  interfaces.ContainerDeletionChoosingPolicyTemplate (ContainerDeletionChoosingPolicyTemplate.java:chooseContainerForBlockDeletion(83)) - Chosen 0/5000 blocks from 0 candidate containers.
2023-04-24 08:16:56,499 [BlockDeletingService#7] INFO  interfaces.ContainerDeletionChoosingPolicyTemplate (ContainerDeletionChoosingPolicyTemplate.java:chooseContainerForBlockDeletion(83)) - Chosen 0/5000 blocks from 0 candidate containers.
2023-04-24 08:16:56,523 [FixedThreadPoolWithAffinityExecutor-9-0] WARN  container.ContainerReportHandler (AbstractContainerReportHandler.java:updateContainerState(259)) - Container #1 is in OPEN state, but the datanode 593f1123-fce2-46ce-a0f5-50a98353a86f(fv-az212-956.zlodpucb4l4udavnfxg5s20dva.cx.internal.cloudapp.net/10.1.0.80) reports an CLOSED replica.
2023-04-24 08:16:56,600 [BlockDeletingService#7] INFO  interfaces.ContainerDeletionChoosingPolicyTemplate (ContainerDeletionChoosingPolicyTemplate.java:chooseContainerForBlockDeletion(83)) - Chosen 0/5000 blocks from 0 candidate containers.
2023-04-24 08:16:56,600 [BlockDeletingService#7] INFO  interfaces.ContainerDeletionChoosingPolicyTemplate (ContainerDeletionChoosingPolicyTemplate.java:chooseContainerForBlockDeletion(83)) - Chosen 0/5000 blocks from 0 candidate containers.
2023-04-24 08:16:56,677 [FixedThreadPoolWithAffinityExecutor-9-0] WARN  container.ContainerReportHandler (AbstractContainerReportHandler.java:updateContainerState(259)) - Container #1 is in OPEN state, but the datanode 444322bb-4321-4e38-998a-96758a8a198b(fv-az212-956.zlodpucb4l4udavnfxg5s20dva.cx.internal.cloudapp.net/10.1.0.80) reports an CLOSED replica.
2023-04-24 08:16:56,700 [BlockDeletingService#7] INFO  interfaces.ContainerDeletionChoosingPolicyTemplate (ContainerDeletionChoosingPolicyTemplate.java:chooseContainerForBlockDeletion(83)) - Chosen 0/5000 blocks from 0 candidate containers.
2023-04-24 08:16:56,701 [BlockDeletingService#7] INFO  interfaces.ContainerDeletionChoosingPolicyTemplate (ContainerDeletionChoosingPolicyTemplate.java:chooseContainerForBlockDeletion(83)) - Chosen 0/5000 blocks from 0 candidate containers.
2023-04-24 08:16:56,801 [BlockDeletingService#7] INFO  interfaces.ContainerDeletionChoosingPolicyTemplate (ContainerDeletionChoosingPolicyTemplate.java:chooseContainerForBlockDeletion(83)) - Chosen 0/5000 blocks from 0 candidate containers.
2023-04-24 08:16:56,801 [BlockDeletingService#7] INFO  interfaces.ContainerDeletionChoosingPolicyTemplate (ContainerDeletionChoosingPolicyTemplate.java:chooseContainerForBlockDeletion(83)) - Chosen 0/5000 blocks from 0 candidate containers.
2023-04-24 08:16:56,825 [FixedThreadPoolWithAffinityExecutor-9-0] WARN  container.ContainerReportHandler (AbstractContainerReportHandler.java:updateContainerState(259)) - Container #1 is in OPEN state, but the datanode 593f1123-fce2-46ce-a0f5-50a98353a86f(fv-az212-956.zlodpucb4l4udavnfxg5s20dva.cx.internal.cloudapp.net/10.1.0.80) reports an CLOSED replica.
2023-04-24 08:16:56,901 [BlockDeletingService#7] INFO  interfaces.ContainerDeletionChoosingPolicyTemplate (ContainerDeletionChoosingPolicyTemplate.java:chooseContainerForBlockDeletion(83)) - Chosen 0/5000 blocks from 0 candidate containers.
2023-04-24 08:16:56,901 [BlockDeletingService#7] INFO  interfaces.ContainerDeletionChoosingPolicyTemplate (ContainerDeletionChoosingPolicyTemplate.java:chooseContainerForBlockDeletion(83)) - Chosen 0/5000 blocks from 0 candidate containers.
2023-04-24 08:16:56,977 [FixedThreadPoolWithAffinityExecutor-9-0] WARN  container.ContainerReportHandler (AbstractContainerReportHandler.java:updateContainerState(259)) - Container #1 is in OPEN state, but the datanode 444322bb-4321-4e38-998a-96758a8a198b(fv-az212-956.zlodpucb4l4udavnfxg5s20dva.cx.internal.cloudapp.net/10.1.0.80) reports an CLOSED replica.
2023-04-24 08:16:57,001 [BlockDeletingService#7] INFO  interfaces.ContainerDeletionChoosingPolicyTemplate (ContainerDeletionChoosingPolicyTemplate.java:chooseContainerForBlockDeletion(83)) - Chosen 0/5000 blocks from 0 candidate containers.
2023-04-24 08:16:57,002 [BlockDeletingService#7] INFO  interfaces.ContainerDeletionChoosingPolicyTemplate (ContainerDeletionChoosingPolicyTemplate.java:chooseContainerForBlockDeletion(83)) - Chosen 0/5000 blocks from 0 candidate containers.
2023-04-24 08:16:57,101 [BlockDeletingService#7] INFO  interfaces.ContainerDeletionChoosingPolicyTemplate (ContainerDeletionChoosingPolicyTemplate.java:chooseContainerForBlockDeletion(83)) - Chosen 0/5000 blocks from 0 candidate containers.
2023-04-24 08:16:57,102 [BlockDeletingService#7] INFO  interfaces.ContainerDeletionChoosingPolicyTemplate (ContainerDeletionChoosingPolicyTemplate.java:chooseContainerForBlockDeletion(83)) - Chosen 0/5000 blocks from 0 candidate containers.
2023-04-24 08:16:57,103 [grpc-default-executor-5] WARN  server.GrpcLogAppender (LogUtils.java:warn(122)) - 593f1123-fce2-46ce-a0f5-50a98353a86f@group-2C65884D69A9->d7f67023-bd71-4164-8161-24a8eb75dffe-AppendLogResponseHandler: Failed appendEntries: org.apache.ratis.thirdparty.io.grpc.StatusRuntimeException: UNAVAILABLE: io exception
2023-04-24 08:16:57,104 [grpc-default-executor-5] WARN  server.GrpcLogAppender (GrpcLogAppender.java:resetClient(131)) - 593f1123-fce2-46ce-a0f5-50a98353a86f@group-2C65884D69A9->d7f67023-bd71-4164-8161-24a8eb75dffe-GrpcLogAppender: Leader has not got in touch with Follower 593f1123-fce2-46ce-a0f5-50a98353a86f@group-2C65884D69A9->d7f67023-bd71-4164-8161-24a8eb75dffe(c-1,m0,n6, attendVote=true, lastRpcSendTime=0, lastRpcResponseTime=82863) yet, just keep nextIndex unchanged and retry.
2023-04-24 08:16:57,104 [grpc-default-executor-1] WARN  server.GrpcLogAppender (LogUtils.java:warn(122)) - 593f1123-fce2-46ce-a0f5-50a98353a86f@group-2C65884D69A9->d7f67023-bd71-4164-8161-24a8eb75dffe-AppendLogResponseHandler: Failed appendEntries: org.apache.ratis.thirdparty.io.grpc.StatusRuntimeException: UNAVAILABLE: io exception
2023-04-24 08:16:57,104 [grpc-default-executor-1] WARN  server.GrpcLogAppender (GrpcLogAppender.java:resetClient(131)) - 593f1123-fce2-46ce-a0f5-50a98353a86f@group-2C65884D69A9->d7f67023-bd71-4164-8161-24a8eb75dffe-GrpcLogAppender: Leader has not got in touch with Follower 593f1123-fce2-46ce-a0f5-50a98353a86f@group-2C65884D69A9->d7f67023-bd71-4164-8161-24a8eb75dffe(c-1,m0,n6, attendVote=true, lastRpcSendTime=0, lastRpcResponseTime=82863) yet, just keep nextIndex unchanged and retry.
2023-04-24 08:16:57,125 [FixedThreadPoolWithAffinityExecutor-9-0] WARN  container.ContainerReportHandler (AbstractContainerReportHandler.java:updateContainerState(259)) - Container #1 is in OPEN state, but the datanode 593f1123-fce2-46ce-a0f5-50a98353a86f(fv-az212-956.zlodpucb4l4udavnfxg5s20dva.cx.internal.cloudapp.net/10.1.0.80) reports an CLOSED replica.
2023-04-24 08:16:57,177 [FixedThreadPoolWithAffinityExecutor-9-0] WARN  container.ContainerReportHandler (AbstractContainerReportHandler.java:updateContainerState(259)) - Container #1 is in OPEN state, but the datanode 444322bb-4321-4e38-998a-96758a8a198b(fv-az212-956.zlodpucb4l4udavnfxg5s20dva.cx.internal.cloudapp.net/10.1.0.80) reports an CLOSED replica.
2023-04-24 08:16:57,202 [BlockDeletingService#7] INFO  interfaces.ContainerDeletionChoosingPolicyTemplate (ContainerDeletionChoosingPolicyTemplate.java:chooseContainerForBlockDeletion(83)) - Chosen 0/5000 blocks from 0 candidate containers.
2023-04-24 08:16:57,202 [BlockDeletingService#7] INFO  interfaces.ContainerDeletionChoosingPolicyTemplate (ContainerDeletionChoosingPolicyTemplate.java:chooseContainerForBlockDeletion(83)) - Chosen 0/5000 blocks from 0 candidate containers.
2023-04-24 08:16:57,302 [BlockDeletingService#7] INFO  interfaces.ContainerDeletionChoosingPolicyTemplate (ContainerDeletionChoosingPolicyTemplate.java:chooseContainerForBlockDeletion(83)) - Chosen 0/5000 blocks from 0 candidate containers.
2023-04-24 08:16:57,302 [BlockDeletingService#7] INFO  interfaces.ContainerDeletionChoosingPolicyTemplate (ContainerDeletionChoosingPolicyTemplate.java:chooseContainerForBlockDeletion(83)) - Chosen 0/5000 blocks from 0 candidate containers.
2023-04-24 08:16:57,402 [BlockDeletingService#7] INFO  interfaces.ContainerDeletionChoosingPolicyTemplate (ContainerDeletionChoosingPolicyTemplate.java:chooseContainerForBlockDeletion(83)) - Chosen 0/5000 blocks from 0 candidate containers.
2023-04-24 08:16:57,402 [BlockDeletingService#7] INFO  interfaces.ContainerDeletionChoosingPolicyTemplate (ContainerDeletionChoosingPolicyTemplate.java:chooseContainerForBlockDeletion(83)) - Chosen 0/5000 blocks from 0 candidate containers.
2023-04-24 08:16:57,477 [FixedThreadPoolWithAffinityExecutor-9-0] WARN  container.ContainerReportHandler (AbstractContainerReportHandler.java:updateContainerState(259)) - Container #1 is in OPEN state, but the datanode 444322bb-4321-4e38-998a-96758a8a198b(fv-az212-956.zlodpucb4l4udavnfxg5s20dva.cx.internal.cloudapp.net/10.1.0.80) reports an CLOSED replica.
2023-04-24 08:16:57,502 [BlockDeletingService#7] INFO  interfaces.ContainerDeletionChoosingPolicyTemplate (ContainerDeletionChoosingPolicyTemplate.java:chooseContainerForBlockDeletion(83)) - Chosen 0/5000 blocks from 0 candidate containers.
2023-04-24 08:16:57,503 [BlockDeletingService#7] INFO  interfaces.ContainerDeletionChoosingPolicyTemplate (ContainerDeletionChoosingPolicyTemplate.java:chooseContainerForBlockDeletion(83)) - Chosen 0/5000 blocks from 0 candidate containers.
2023-04-24 08:16:57,526 [FixedThreadPoolWithAffinityExecutor-9-0] WARN  container.ContainerReportHandler (AbstractContainerReportHandler.java:updateContainerState(259)) - Container #1 is in OPEN state, but the datanode 593f1123-fce2-46ce-a0f5-50a98353a86f(fv-az212-956.zlodpucb4l4udavnfxg5s20dva.cx.internal.cloudapp.net/10.1.0.80) reports an CLOSED replica.
2023-04-24 08:16:57,602 [BlockDeletingService#7] INFO  interfaces.ContainerDeletionChoosingPolicyTemplate (ContainerDeletionChoosingPolicyTemplate.java:chooseContainerForBlockDeletion(83)) - Chosen 0/5000 blocks from 0 candidate containers.
2023-04-24 08:16:57,603 [BlockDeletingService#7] INFO  interfaces.ContainerDeletionChoosingPolicyTemplate (ContainerDeletionChoosingPolicyTemplate.java:chooseContainerForBlockDeletion(83)) - Chosen 0/5000 blocks from 0 candidate containers.
2023-04-24 08:16:57,703 [BlockDeletingService#7] INFO  interfaces.ContainerDeletionChoosingPolicyTemplate (ContainerDeletionChoosingPolicyTemplate.java:chooseContainerForBlockDeletion(83)) - Chosen 0/5000 blocks from 0 candidate containers.
2023-04-24 08:16:57,703 [BlockDeletingService#7] INFO  interfaces.ContainerDeletionChoosingPolicyTemplate (ContainerDeletionChoosingPolicyTemplate.java:chooseContainerForBlockDeletion(83)) - Chosen 0/5000 blocks from 0 candidate containers.
2023-04-24 08:16:57,777 [FixedThreadPoolWithAffinityExecutor-9-0] WARN  container.ContainerReportHandler (AbstractContainerReportHandler.java:updateContainerState(259)) - Container #1 is in OPEN state, but the datanode 444322bb-4321-4e38-998a-96758a8a198b(fv-az212-956.zlodpucb4l4udavnfxg5s20dva.cx.internal.cloudapp.net/10.1.0.80) reports an CLOSED replica.
2023-04-24 08:16:57,803 [BlockDeletingService#7] INFO  interfaces.ContainerDeletionChoosingPolicyTemplate (ContainerDeletionChoosingPolicyTemplate.java:chooseContainerForBlockDeletion(83)) - Chosen 0/5000 blocks from 0 candidate containers.
2023-04-24 08:16:57,803 [BlockDeletingService#7] INFO  interfaces.ContainerDeletionChoosingPolicyTemplate (ContainerDeletionChoosingPolicyTemplate.java:chooseContainerForBlockDeletion(83)) - Chosen 0/5000 blocks from 0 candidate containers.
2023-04-24 08:16:57,826 [FixedThreadPoolWithAffinityExecutor-9-0] WARN  container.ContainerReportHandler (AbstractContainerReportHandler.java:updateContainerState(259)) - Container #1 is in OPEN state, but the datanode 593f1123-fce2-46ce-a0f5-50a98353a86f(fv-az212-956.zlodpucb4l4udavnfxg5s20dva.cx.internal.cloudapp.net/10.1.0.80) reports an CLOSED replica.
2023-04-24 08:16:57,903 [BlockDeletingService#7] INFO  interfaces.ContainerDeletionChoosingPolicyTemplate (ContainerDeletionChoosingPolicyTemplate.java:chooseContainerForBlockDeletion(83)) - Chosen 0/5000 blocks from 0 candidate containers.
2023-04-24 08:16:57,903 [BlockDeletingService#7] INFO  interfaces.ContainerDeletionChoosingPolicyTemplate (ContainerDeletionChoosingPolicyTemplate.java:chooseContainerForBlockDeletion(83)) - Chosen 0/5000 blocks from 0 candidate containers.
2023-04-24 08:16:58,003 [BlockDeletingService#7] INFO  interfaces.ContainerDeletionChoosingPolicyTemplate (ContainerDeletionChoosingPolicyTemplate.java:chooseContainerForBlockDeletion(83)) - Chosen 0/5000 blocks from 0 candidate containers.
2023-04-24 08:16:58,003 [BlockDeletingService#7] INFO  interfaces.ContainerDeletionChoosingPolicyTemplate (ContainerDeletionChoosingPolicyTemplate.java:chooseContainerForBlockDeletion(83)) - Chosen 0/5000 blocks from 0 candidate containers.
2023-04-24 08:16:58,077 [FixedThreadPoolWithAffinityExecutor-9-0] WARN  container.ContainerReportHandler (AbstractContainerReportHandler.java:updateContainerState(259)) - Container #1 is in OPEN state, but the datanode 444322bb-4321-4e38-998a-96758a8a198b(fv-az212-956.zlodpucb4l4udavnfxg5s20dva.cx.internal.cloudapp.net/10.1.0.80) reports an CLOSED replica.
2023-04-24 08:16:58,104 [BlockDeletingService#7] INFO  interfaces.ContainerDeletionChoosingPolicyTemplate (ContainerDeletionChoosingPolicyTemplate.java:chooseContainerForBlockDeletion(83)) - Chosen 0/5000 blocks from 0 candidate containers.
2023-04-24 08:16:58,104 [BlockDeletingService#7] INFO  interfaces.ContainerDeletionChoosingPolicyTemplate (ContainerDeletionChoosingPolicyTemplate.java:chooseContainerForBlockDeletion(83)) - Chosen 0/5000 blocks from 0 candidate containers.
2023-04-24 08:16:58,127 [FixedThreadPoolWithAffinityExecutor-9-0] WARN  container.ContainerReportHandler (AbstractContainerReportHandler.java:updateContainerState(259)) - Container #1 is in OPEN state, but the datanode 593f1123-fce2-46ce-a0f5-50a98353a86f(fv-az212-956.zlodpucb4l4udavnfxg5s20dva.cx.internal.cloudapp.net/10.1.0.80) reports an CLOSED replica.
2023-04-24 08:16:58,204 [BlockDeletingService#7] INFO  interfaces.ContainerDeletionChoosingPolicyTemplate (ContainerDeletionChoosingPolicyTemplate.java:chooseContainerForBlockDeletion(83)) - Chosen 0/5000 blocks from 0 candidate containers.
2023-04-24 08:16:58,204 [BlockDeletingService#4] INFO  interfaces.ContainerDeletionChoosingPolicyTemplate (ContainerDeletionChoosingPolicyTemplate.java:chooseContainerForBlockDeletion(83)) - Chosen 0/5000 blocks from 0 candidate containers.
2023-04-24 08:16:58,304 [BlockDeletingService#7] INFO  interfaces.ContainerDeletionChoosingPolicyTemplate (ContainerDeletionChoosingPolicyTemplate.java:chooseContainerForBlockDeletion(83)) - Chosen 0/5000 blocks from 0 candidate containers.
2023-04-24 08:16:58,304 [BlockDeletingService#4] INFO  interfaces.ContainerDeletionChoosingPolicyTemplate (ContainerDeletionChoosingPolicyTemplate.java:chooseContainerForBlockDeletion(83)) - Chosen 0/5000 blocks from 0 candidate containers.
2023-04-24 08:16:58,353 [grpc-default-executor-1] WARN  server.GrpcLogAppender (LogUtils.java:warn(122)) - 593f1123-fce2-46ce-a0f5-50a98353a86f@group-2C65884D69A9->d7f67023-bd71-4164-8161-24a8eb75dffe-AppendLogResponseHandler: Failed appendEntries: org.apache.ratis.thirdparty.io.grpc.StatusRuntimeException: UNAVAILABLE: io exception
2023-04-24 08:16:58,353 [grpc-default-executor-5] WARN  server.GrpcLogAppender (LogUtils.java:warn(122)) - 593f1123-fce2-46ce-a0f5-50a98353a86f@group-2C65884D69A9->d7f67023-bd71-4164-8161-24a8eb75dffe-AppendLogResponseHandler: Failed appendEntries: org.apache.ratis.thirdparty.io.grpc.StatusRuntimeException: UNAVAILABLE: io exception
2023-04-24 08:16:58,354 [grpc-default-executor-1] WARN  server.GrpcLogAppender (GrpcLogAppender.java:resetClient(131)) - 593f1123-fce2-46ce-a0f5-50a98353a86f@group-2C65884D69A9->d7f67023-bd71-4164-8161-24a8eb75dffe-GrpcLogAppender: Leader has not got in touch with Follower 593f1123-fce2-46ce-a0f5-50a98353a86f@group-2C65884D69A9->d7f67023-bd71-4164-8161-24a8eb75dffe(c-1,m0,n6, attendVote=true, lastRpcSendTime=0, lastRpcResponseTime=84113) yet, just keep nextIndex unchanged and retry.
2023-04-24 08:16:58,355 [grpc-default-executor-5] WARN  server.GrpcLogAppender (GrpcLogAppender.java:resetClient(131)) - 593f1123-fce2-46ce-a0f5-50a98353a86f@group-2C65884D69A9->d7f67023-bd71-4164-8161-24a8eb75dffe-GrpcLogAppender: Leader has not got in touch with Follower 593f1123-fce2-46ce-a0f5-50a98353a86f@group-2C65884D69A9->d7f67023-bd71-4164-8161-24a8eb75dffe(c-1,m0,n6, attendVote=true, lastRpcSendTime=1, lastRpcResponseTime=84114) yet, just keep nextIndex unchanged and retry.
2023-04-24 08:16:58,382 [FixedThreadPoolWithAffinityExecutor-9-0] WARN  container.ContainerReportHandler (AbstractContainerReportHandler.java:updateContainerState(259)) - Container #1 is in OPEN state, but the datanode 444322bb-4321-4e38-998a-96758a8a198b(fv-az212-956.zlodpucb4l4udavnfxg5s20dva.cx.internal.cloudapp.net/10.1.0.80) reports an CLOSED replica.
2023-04-24 08:16:58,404 [BlockDeletingService#7] INFO  interfaces.ContainerDeletionChoosingPolicyTemplate (ContainerDeletionChoosingPolicyTemplate.java:chooseContainerForBlockDeletion(83)) - Chosen 0/5000 blocks from 0 candidate containers.
2023-04-24 08:16:58,404 [BlockDeletingService#4] INFO  interfaces.ContainerDeletionChoosingPolicyTemplate (ContainerDeletionChoosingPolicyTemplate.java:chooseContainerForBlockDeletion(83)) - Chosen 0/5000 blocks from 0 candidate containers.
2023-04-24 08:16:58,426 [FixedThreadPoolWithAffinityExecutor-9-0] WARN  container.ContainerReportHandler (AbstractContainerReportHandler.java:updateContainerState(259)) - Container #1 is in OPEN state, but the datanode 593f1123-fce2-46ce-a0f5-50a98353a86f(fv-az212-956.zlodpucb4l4udavnfxg5s20dva.cx.internal.cloudapp.net/10.1.0.80) reports an CLOSED replica.
2023-04-24 08:16:58,504 [BlockDeletingService#7] INFO  interfaces.ContainerDeletionChoosingPolicyTemplate (ContainerDeletionChoosingPolicyTemplate.java:chooseContainerForBlockDeletion(83)) - Chosen 0/5000 blocks from 0 candidate containers.
2023-04-24 08:16:58,504 [BlockDeletingService#4] INFO  interfaces.ContainerDeletionChoosingPolicyTemplate (ContainerDeletionChoosingPolicyTemplate.java:chooseContainerForBlockDeletion(83)) - Chosen 0/5000 blocks from 0 candidate containers.
2023-04-24 08:16:58,605 [BlockDeletingService#7] INFO  interfaces.ContainerDeletionChoosingPolicyTemplate (ContainerDeletionChoosingPolicyTemplate.java:chooseContainerForBlockDeletion(83)) - Chosen 0/5000 blocks from 0 candidate containers.
2023-04-24 08:16:58,605 [BlockDeletingService#4] INFO  interfaces.ContainerDeletionChoosingPolicyTemplate (ContainerDeletionChoosingPolicyTemplate.java:chooseContainerForBlockDeletion(83)) - Chosen 0/5000 blocks from 0 candidate containers.
2023-04-24 08:16:58,677 [FixedThreadPoolWithAffinityExecutor-9-0] WARN  container.ContainerReportHandler (AbstractContainerReportHandler.java:updateContainerState(259)) - Container #1 is in OPEN state, but the datanode 444322bb-4321-4e38-998a-96758a8a198b(fv-az212-956.zlodpucb4l4udavnfxg5s20dva.cx.internal.cloudapp.net/10.1.0.80) reports an CLOSED replica.
2023-04-24 08:16:58,705 [BlockDeletingService#7] INFO  interfaces.ContainerDeletionChoosingPolicyTemplate (ContainerDeletionChoosingPolicyTemplate.java:chooseContainerForBlockDeletion(83)) - Chosen 0/5000 blocks from 0 candidate containers.
2023-04-24 08:16:58,705 [BlockDeletingService#4] INFO  interfaces.ContainerDeletionChoosingPolicyTemplate (ContainerDeletionChoosingPolicyTemplate.java:chooseContainerForBlockDeletion(83)) - Chosen 0/5000 blocks from 0 candidate containers.
2023-04-24 08:16:58,726 [FixedThreadPoolWithAffinityExecutor-9-0] WARN  container.ContainerReportHandler (AbstractContainerReportHandler.java:updateContainerState(259)) - Container #1 is in OPEN state, but the datanode 593f1123-fce2-46ce-a0f5-50a98353a86f(fv-az212-956.zlodpucb4l4udavnfxg5s20dva.cx.internal.cloudapp.net/10.1.0.80) reports an CLOSED replica.
2023-04-24 08:16:58,805 [BlockDeletingService#7] INFO  interfaces.ContainerDeletionChoosingPolicyTemplate (ContainerDeletionChoosingPolicyTemplate.java:chooseContainerForBlockDeletion(83)) - Chosen 0/5000 blocks from 0 candidate containers.
2023-04-24 08:16:58,805 [BlockDeletingService#4] INFO  interfaces.ContainerDeletionChoosingPolicyTemplate (ContainerDeletionChoosingPolicyTemplate.java:chooseContainerForBlockDeletion(83)) - Chosen 0/5000 blocks from 0 candidate containers.
2023-04-24 08:16:58,905 [BlockDeletingService#7] INFO  interfaces.ContainerDeletionChoosingPolicyTemplate (ContainerDeletionChoosingPolicyTemplate.java:chooseContainerForBlockDeletion(83)) - Chosen 0/5000 blocks from 0 candidate containers.
2023-04-24 08:16:58,905 [BlockDeletingService#4] INFO  interfaces.ContainerDeletionChoosingPolicyTemplate (ContainerDeletionChoosingPolicyTemplate.java:chooseContainerForBlockDeletion(83)) - Chosen 0/5000 blocks from 0 candidate containers.
2023-04-24 08:16:58,977 [FixedThreadPoolWithAffinityExecutor-9-0] WARN  container.ContainerReportHandler (AbstractContainerReportHandler.java:updateContainerState(259)) - Container #1 is in OPEN state, but the datanode 444322bb-4321-4e38-998a-96758a8a198b(fv-az212-956.zlodpucb4l4udavnfxg5s20dva.cx.internal.cloudapp.net/10.1.0.80) reports an CLOSED replica.
2023-04-24 08:16:59,005 [BlockDeletingService#7] INFO  interfaces.ContainerDeletionChoosingPolicyTemplate (ContainerDeletionChoosingPolicyTemplate.java:chooseContainerForBlockDeletion(83)) - Chosen 0/5000 blocks from 0 candidate containers.
2023-04-24 08:16:59,005 [BlockDeletingService#4] INFO  interfaces.ContainerDeletionChoosingPolicyTemplate (ContainerDeletionChoosingPolicyTemplate.java:chooseContainerForBlockDeletion(83)) - Chosen 0/5000 blocks from 0 candidate containers.
2023-04-24 08:16:59,027 [FixedThreadPoolWithAffinityExecutor-9-0] WARN  container.ContainerReportHandler (AbstractContainerReportHandler.java:updateContainerState(259)) - Container #1 is in OPEN state, but the datanode 593f1123-fce2-46ce-a0f5-50a98353a86f(fv-az212-956.zlodpucb4l4udavnfxg5s20dva.cx.internal.cloudapp.net/10.1.0.80) reports an CLOSED replica.
2023-04-24 08:16:59,106 [BlockDeletingService#7] INFO  interfaces.ContainerDeletionChoosingPolicyTemplate (ContainerDeletionChoosingPolicyTemplate.java:chooseContainerForBlockDeletion(83)) - Chosen 0/5000 blocks from 0 candidate containers.
2023-04-24 08:16:59,106 [BlockDeletingService#4] INFO  interfaces.ContainerDeletionChoosingPolicyTemplate (ContainerDeletionChoosingPolicyTemplate.java:chooseContainerForBlockDeletion(83)) - Chosen 0/5000 blocks from 0 candidate containers.
2023-04-24 08:16:59,206 [BlockDeletingService#7] INFO  interfaces.ContainerDeletionChoosingPolicyTemplate (ContainerDeletionChoosingPolicyTemplate.java:chooseContainerForBlockDeletion(83)) - Chosen 0/5000 blocks from 0 candidate containers.
2023-04-24 08:16:59,206 [BlockDeletingService#4] INFO  interfaces.ContainerDeletionChoosingPolicyTemplate (ContainerDeletionChoosingPolicyTemplate.java:chooseContainerForBlockDeletion(83)) - Chosen 0/5000 blocks from 0 candidate containers.
2023-04-24 08:16:59,277 [FixedThreadPoolWithAffinityExecutor-9-0] WARN  container.ContainerReportHandler (AbstractContainerReportHandler.java:updateContainerState(259)) - Container #1 is in OPEN state, but the datanode 444322bb-4321-4e38-998a-96758a8a198b(fv-az212-956.zlodpucb4l4udavnfxg5s20dva.cx.internal.cloudapp.net/10.1.0.80) reports an CLOSED replica.
2023-04-24 08:16:59,306 [BlockDeletingService#7] INFO  interfaces.ContainerDeletionChoosingPolicyTemplate (ContainerDeletionChoosingPolicyTemplate.java:chooseContainerForBlockDeletion(83)) - Chosen 0/5000 blocks from 0 candidate containers.
2023-04-24 08:16:59,306 [BlockDeletingService#4] INFO  interfaces.ContainerDeletionChoosingPolicyTemplate (ContainerDeletionChoosingPolicyTemplate.java:chooseContainerForBlockDeletion(83)) - Chosen 0/5000 blocks from 0 candidate containers.
2023-04-24 08:16:59,328 [FixedThreadPoolWithAffinityExecutor-9-0] WARN  container.ContainerReportHandler (AbstractContainerReportHandler.java:updateContainerState(259)) - Container #1 is in OPEN state, but the datanode 593f1123-fce2-46ce-a0f5-50a98353a86f(fv-az212-956.zlodpucb4l4udavnfxg5s20dva.cx.internal.cloudapp.net/10.1.0.80) reports an CLOSED replica.
2023-04-24 08:16:59,406 [BlockDeletingService#7] INFO  interfaces.ContainerDeletionChoosingPolicyTemplate (ContainerDeletionChoosingPolicyTemplate.java:chooseContainerForBlockDeletion(83)) - Chosen 0/5000 blocks from 0 candidate containers.
2023-04-24 08:16:59,406 [BlockDeletingService#4] INFO  interfaces.ContainerDeletionChoosingPolicyTemplate (ContainerDeletionChoosingPolicyTemplate.java:chooseContainerForBlockDeletion(83)) - Chosen 0/5000 blocks from 0 candidate containers.
2023-04-24 08:16:59,507 [BlockDeletingService#7] INFO  interfaces.ContainerDeletionChoosingPolicyTemplate (ContainerDeletionChoosingPolicyTemplate.java:chooseContainerForBlockDeletion(83)) - Chosen 0/5000 blocks from 0 candidate containers.
2023-04-24 08:16:59,507 [BlockDeletingService#4] INFO  interfaces.ContainerDeletionChoosingPolicyTemplate (ContainerDeletionChoosingPolicyTemplate.java:chooseContainerForBlockDeletion(83)) - Chosen 0/5000 blocks from 0 candidate containers.
2023-04-24 08:16:59,577 [FixedThreadPoolWithAffinityExecutor-9-0] WARN  container.ContainerReportHandler (AbstractContainerReportHandler.java:updateContainerState(259)) - Container #1 is in OPEN state, but the datanode 444322bb-4321-4e38-998a-96758a8a198b(fv-az212-956.zlodpucb4l4udavnfxg5s20dva.cx.internal.cloudapp.net/10.1.0.80) reports an CLOSED replica.
2023-04-24 08:16:59,604 [grpc-default-executor-5] WARN  server.GrpcLogAppender (LogUtils.java:warn(122)) - 593f1123-fce2-46ce-a0f5-50a98353a86f@group-2C65884D69A9->d7f67023-bd71-4164-8161-24a8eb75dffe-AppendLogResponseHandler: Failed appendEntries: org.apache.ratis.thirdparty.io.grpc.StatusRuntimeException: UNAVAILABLE: io exception
2023-04-24 08:16:59,605 [grpc-default-executor-5] WARN  server.GrpcLogAppender (GrpcLogAppender.java:resetClient(131)) - 593f1123-fce2-46ce-a0f5-50a98353a86f@group-2C65884D69A9->d7f67023-bd71-4164-8161-24a8eb75dffe-GrpcLogAppender: Leader has not got in touch with Follower 593f1123-fce2-46ce-a0f5-50a98353a86f@group-2C65884D69A9->d7f67023-bd71-4164-8161-24a8eb75dffe(c-1,m0,n6, attendVote=true, lastRpcSendTime=0, lastRpcResponseTime=85364) yet, just keep nextIndex unchanged and retry.
2023-04-24 08:16:59,604 [grpc-default-executor-1] WARN  server.GrpcLogAppender (LogUtils.java:warn(122)) - 593f1123-fce2-46ce-a0f5-50a98353a86f@group-2C65884D69A9->d7f67023-bd71-4164-8161-24a8eb75dffe-AppendLogResponseHandler: Failed appendEntries: org.apache.ratis.thirdparty.io.grpc.StatusRuntimeException: UNAVAILABLE: io exception
2023-04-24 08:16:59,606 [grpc-default-executor-1] WARN  server.GrpcLogAppender (GrpcLogAppender.java:resetClient(131)) - 593f1123-fce2-46ce-a0f5-50a98353a86f@group-2C65884D69A9->d7f67023-bd71-4164-8161-24a8eb75dffe-GrpcLogAppender: Leader has not got in touch with Follower 593f1123-fce2-46ce-a0f5-50a98353a86f@group-2C65884D69A9->d7f67023-bd71-4164-8161-24a8eb75dffe(c-1,m0,n6, attendVote=true, lastRpcSendTime=1, lastRpcResponseTime=85365) yet, just keep nextIndex unchanged and retry.
2023-04-24 08:16:59,607 [BlockDeletingService#7] INFO  interfaces.ContainerDeletionChoosingPolicyTemplate (ContainerDeletionChoosingPolicyTemplate.java:chooseContainerForBlockDeletion(83)) - Chosen 0/5000 blocks from 0 candidate containers.
2023-04-24 08:16:59,607 [BlockDeletingService#4] INFO  interfaces.ContainerDeletionChoosingPolicyTemplate (ContainerDeletionChoosingPolicyTemplate.java:chooseContainerForBlockDeletion(83)) - Chosen 0/5000 blocks from 0 candidate containers.
2023-04-24 08:16:59,628 [FixedThreadPoolWithAffinityExecutor-9-0] WARN  container.ContainerReportHandler (AbstractContainerReportHandler.java:updateContainerState(259)) - Container #1 is in OPEN state, but the datanode 593f1123-fce2-46ce-a0f5-50a98353a86f(fv-az212-956.zlodpucb4l4udavnfxg5s20dva.cx.internal.cloudapp.net/10.1.0.80) reports an CLOSED replica.
2023-04-24 08:16:59,707 [BlockDeletingService#7] INFO  interfaces.ContainerDeletionChoosingPolicyTemplate (ContainerDeletionChoosingPolicyTemplate.java:chooseContainerForBlockDeletion(83)) - Chosen 0/5000 blocks from 0 candidate containers.
2023-04-24 08:16:59,707 [BlockDeletingService#4] INFO  interfaces.ContainerDeletionChoosingPolicyTemplate (ContainerDeletionChoosingPolicyTemplate.java:chooseContainerForBlockDeletion(83)) - Chosen 0/5000 blocks from 0 candidate containers.
2023-04-24 08:16:59,807 [BlockDeletingService#7] INFO  interfaces.ContainerDeletionChoosingPolicyTemplate (ContainerDeletionChoosingPolicyTemplate.java:chooseContainerForBlockDeletion(83)) - Chosen 0/5000 blocks from 0 candidate containers.
2023-04-24 08:16:59,808 [BlockDeletingService#4] INFO  interfaces.ContainerDeletionChoosingPolicyTemplate (ContainerDeletionChoosingPolicyTemplate.java:chooseContainerForBlockDeletion(83)) - Chosen 0/5000 blocks from 0 candidate containers.
2023-04-24 08:16:59,877 [FixedThreadPoolWithAffinityExecutor-9-0] WARN  container.ContainerReportHandler (AbstractContainerReportHandler.java:updateContainerState(259)) - Container #1 is in OPEN state, but the datanode 444322bb-4321-4e38-998a-96758a8a198b(fv-az212-956.zlodpucb4l4udavnfxg5s20dva.cx.internal.cloudapp.net/10.1.0.80) reports an CLOSED replica.
2023-04-24 08:16:59,907 [BlockDeletingService#7] INFO  interfaces.ContainerDeletionChoosingPolicyTemplate (ContainerDeletionChoosingPolicyTemplate.java:chooseContainerForBlockDeletion(83)) - Chosen 0/5000 blocks from 0 candidate containers.
2023-04-24 08:16:59,908 [BlockDeletingService#4] INFO  interfaces.ContainerDeletionChoosingPolicyTemplate (ContainerDeletionChoosingPolicyTemplate.java:chooseContainerForBlockDeletion(83)) - Chosen 0/5000 blocks from 0 candidate containers.
2023-04-24 08:16:59,928 [FixedThreadPoolWithAffinityExecutor-9-0] WARN  container.ContainerReportHandler (AbstractContainerReportHandler.java:updateContainerState(259)) - Container #1 is in OPEN state, but the datanode 593f1123-fce2-46ce-a0f5-50a98353a86f(fv-az212-956.zlodpucb4l4udavnfxg5s20dva.cx.internal.cloudapp.net/10.1.0.80) reports an CLOSED replica.
2023-04-24 08:17:00,008 [BlockDeletingService#7] INFO  interfaces.ContainerDeletionChoosingPolicyTemplate (ContainerDeletionChoosingPolicyTemplate.java:chooseContainerForBlockDeletion(83)) - Chosen 0/5000 blocks from 0 candidate containers.
2023-04-24 08:17:00,008 [BlockDeletingService#4] INFO  interfaces.ContainerDeletionChoosingPolicyTemplate (ContainerDeletionChoosingPolicyTemplate.java:chooseContainerForBlockDeletion(83)) - Chosen 0/5000 blocks from 0 candidate containers.
2023-04-24 08:17:00,108 [BlockDeletingService#7] INFO  interfaces.ContainerDeletionChoosingPolicyTemplate (ContainerDeletionChoosingPolicyTemplate.java:chooseContainerForBlockDeletion(83)) - Chosen 0/5000 blocks from 0 candidate containers.
2023-04-24 08:17:00,108 [BlockDeletingService#4] INFO  interfaces.ContainerDeletionChoosingPolicyTemplate (ContainerDeletionChoosingPolicyTemplate.java:chooseContainerForBlockDeletion(83)) - Chosen 0/5000 blocks from 0 candidate containers.
2023-04-24 08:17:00,183 [FixedThreadPoolWithAffinityExecutor-9-0] WARN  container.ContainerReportHandler (AbstractContainerReportHandler.java:updateContainerState(259)) - Container #1 is in OPEN state, but the datanode 444322bb-4321-4e38-998a-96758a8a198b(fv-az212-956.zlodpucb4l4udavnfxg5s20dva.cx.internal.cloudapp.net/10.1.0.80) reports an CLOSED replica.
2023-04-24 08:17:00,208 [BlockDeletingService#7] INFO  interfaces.ContainerDeletionChoosingPolicyTemplate (ContainerDeletionChoosingPolicyTemplate.java:chooseContainerForBlockDeletion(83)) - Chosen 0/5000 blocks from 0 candidate containers.
2023-04-24 08:17:00,208 [BlockDeletingService#4] INFO  interfaces.ContainerDeletionChoosingPolicyTemplate (ContainerDeletionChoosingPolicyTemplate.java:chooseContainerForBlockDeletion(83)) - Chosen 0/5000 blocks from 0 candidate containers.
2023-04-24 08:17:00,228 [FixedThreadPoolWithAffinityExecutor-9-0] WARN  container.ContainerReportHandler (AbstractContainerReportHandler.java:updateContainerState(259)) - Container #1 is in OPEN state, but the datanode 593f1123-fce2-46ce-a0f5-50a98353a86f(fv-az212-956.zlodpucb4l4udavnfxg5s20dva.cx.internal.cloudapp.net/10.1.0.80) reports an CLOSED replica.
2023-04-24 08:17:00,308 [BlockDeletingService#7] INFO  interfaces.ContainerDeletionChoosingPolicyTemplate (ContainerDeletionChoosingPolicyTemplate.java:chooseContainerForBlockDeletion(83)) - Chosen 0/5000 blocks from 0 candidate containers.
2023-04-24 08:17:00,308 [BlockDeletingService#4] INFO  interfaces.ContainerDeletionChoosingPolicyTemplate (ContainerDeletionChoosingPolicyTemplate.java:chooseContainerForBlockDeletion(83)) - Chosen 0/5000 blocks from 0 candidate containers.
2023-04-24 08:17:00,377 [FixedThreadPoolWithAffinityExecutor-9-0] WARN  container.ContainerReportHandler (AbstractContainerReportHandler.java:updateContainerState(259)) - Container #1 is in OPEN state, but the datanode 444322bb-4321-4e38-998a-96758a8a198b(fv-az212-956.zlodpucb4l4udavnfxg5s20dva.cx.internal.cloudapp.net/10.1.0.80) reports an CLOSED replica.
2023-04-24 08:17:00,408 [BlockDeletingService#7] INFO  interfaces.ContainerDeletionChoosingPolicyTemplate (ContainerDeletionChoosingPolicyTemplate.java:chooseContainerForBlockDeletion(83)) - Chosen 0/5000 blocks from 0 candidate containers.
2023-04-24 08:17:00,408 [BlockDeletingService#4] INFO  interfaces.ContainerDeletionChoosingPolicyTemplate (ContainerDeletionChoosingPolicyTemplate.java:chooseContainerForBlockDeletion(83)) - Chosen 0/5000 blocks from 0 candidate containers.
2023-04-24 08:17:00,509 [BlockDeletingService#7] INFO  interfaces.ContainerDeletionChoosingPolicyTemplate (ContainerDeletionChoosingPolicyTemplate.java:chooseContainerForBlockDeletion(83)) - Chosen 0/5000 blocks from 0 candidate containers.
2023-04-24 08:17:00,509 [BlockDeletingService#4] INFO  interfaces.ContainerDeletionChoosingPolicyTemplate (ContainerDeletionChoosingPolicyTemplate.java:chooseContainerForBlockDeletion(83)) - Chosen 0/5000 blocks from 0 candidate containers.
2023-04-24 08:17:00,609 [BlockDeletingService#7] INFO  interfaces.ContainerDeletionChoosingPolicyTemplate (ContainerDeletionChoosingPolicyTemplate.java:chooseContainerForBlockDeletion(83)) - Chosen 0/5000 blocks from 0 candidate containers.
2023-04-24 08:17:00,609 [BlockDeletingService#4] INFO  interfaces.ContainerDeletionChoosingPolicyTemplate (ContainerDeletionChoosingPolicyTemplate.java:chooseContainerForBlockDeletion(83)) - Chosen 0/5000 blocks from 0 candidate containers.
2023-04-24 08:17:00,628 [FixedThreadPoolWithAffinityExecutor-9-0] WARN  container.ContainerReportHandler (AbstractContainerReportHandler.java:updateContainerState(259)) - Container #1 is in OPEN state, but the datanode 593f1123-fce2-46ce-a0f5-50a98353a86f(fv-az212-956.zlodpucb4l4udavnfxg5s20dva.cx.internal.cloudapp.net/10.1.0.80) reports an CLOSED replica.
2023-04-24 08:17:00,678 [FixedThreadPoolWithAffinityExecutor-9-0] WARN  container.ContainerReportHandler (AbstractContainerReportHandler.java:updateContainerState(259)) - Container #1 is in OPEN state, but the datanode 444322bb-4321-4e38-998a-96758a8a198b(fv-az212-956.zlodpucb4l4udavnfxg5s20dva.cx.internal.cloudapp.net/10.1.0.80) reports an CLOSED replica.
2023-04-24 08:17:00,709 [BlockDeletingService#7] INFO  interfaces.ContainerDeletionChoosingPolicyTemplate (ContainerDeletionChoosingPolicyTemplate.java:chooseContainerForBlockDeletion(83)) - Chosen 0/5000 blocks from 0 candidate containers.
2023-04-24 08:17:00,709 [BlockDeletingService#4] INFO  interfaces.ContainerDeletionChoosingPolicyTemplate (ContainerDeletionChoosingPolicyTemplate.java:chooseContainerForBlockDeletion(83)) - Chosen 0/5000 blocks from 0 candidate containers.
2023-04-24 08:17:00,809 [BlockDeletingService#7] INFO  interfaces.ContainerDeletionChoosingPolicyTemplate (ContainerDeletionChoosingPolicyTemplate.java:chooseContainerForBlockDeletion(83)) - Chosen 0/5000 blocks from 0 candidate containers.
2023-04-24 08:17:00,809 [BlockDeletingService#4] INFO  interfaces.ContainerDeletionChoosingPolicyTemplate (ContainerDeletionChoosingPolicyTemplate.java:chooseContainerForBlockDeletion(83)) - Chosen 0/5000 blocks from 0 candidate containers.
2023-04-24 08:17:00,854 [grpc-default-executor-1] WARN  server.GrpcLogAppender (LogUtils.java:warn(122)) - 593f1123-fce2-46ce-a0f5-50a98353a86f@group-2C65884D69A9->d7f67023-bd71-4164-8161-24a8eb75dffe-AppendLogResponseHandler: Failed appendEntries: org.apache.ratis.thirdparty.io.grpc.StatusRuntimeException: UNAVAILABLE: io exception
2023-04-24 08:17:00,855 [grpc-default-executor-5] WARN  server.GrpcLogAppender (LogUtils.java:warn(122)) - 593f1123-fce2-46ce-a0f5-50a98353a86f@group-2C65884D69A9->d7f67023-bd71-4164-8161-24a8eb75dffe-AppendLogResponseHandler: Failed appendEntries: org.apache.ratis.thirdparty.io.grpc.StatusRuntimeException: UNAVAILABLE: io exception
2023-04-24 08:17:00,855 [grpc-default-executor-1] WARN  server.GrpcLogAppender (GrpcLogAppender.java:resetClient(131)) - 593f1123-fce2-46ce-a0f5-50a98353a86f@group-2C65884D69A9->d7f67023-bd71-4164-8161-24a8eb75dffe-GrpcLogAppender: Leader has not got in touch with Follower 593f1123-fce2-46ce-a0f5-50a98353a86f@group-2C65884D69A9->d7f67023-bd71-4164-8161-24a8eb75dffe(c-1,m0,n6, attendVote=true, lastRpcSendTime=0, lastRpcResponseTime=86614) yet, just keep nextIndex unchanged and retry.
2023-04-24 08:17:00,857 [grpc-default-executor-5] WARN  server.GrpcLogAppender (GrpcLogAppender.java:resetClient(131)) - 593f1123-fce2-46ce-a0f5-50a98353a86f@group-2C65884D69A9->d7f67023-bd71-4164-8161-24a8eb75dffe-GrpcLogAppender: Leader has not got in touch with Follower 593f1123-fce2-46ce-a0f5-50a98353a86f@group-2C65884D69A9->d7f67023-bd71-4164-8161-24a8eb75dffe(c-1,m0,n6, attendVote=true, lastRpcSendTime=1, lastRpcResponseTime=86616) yet, just keep nextIndex unchanged and retry.
2023-04-24 08:17:00,909 [BlockDeletingService#7] INFO  interfaces.ContainerDeletionChoosingPolicyTemplate (ContainerDeletionChoosingPolicyTemplate.java:chooseContainerForBlockDeletion(83)) - Chosen 0/5000 blocks from 0 candidate containers.
2023-04-24 08:17:00,910 [BlockDeletingService#4] INFO  interfaces.ContainerDeletionChoosingPolicyTemplate (ContainerDeletionChoosingPolicyTemplate.java:chooseContainerForBlockDeletion(83)) - Chosen 0/5000 blocks from 0 candidate containers.
2023-04-24 08:17:00,928 [FixedThreadPoolWithAffinityExecutor-9-0] WARN  container.ContainerReportHandler (AbstractContainerReportHandler.java:updateContainerState(259)) - Container #1 is in OPEN state, but the datanode 593f1123-fce2-46ce-a0f5-50a98353a86f(fv-az212-956.zlodpucb4l4udavnfxg5s20dva.cx.internal.cloudapp.net/10.1.0.80) reports an CLOSED replica.
2023-04-24 08:17:00,980 [FixedThreadPoolWithAffinityExecutor-9-0] WARN  container.ContainerReportHandler (AbstractContainerReportHandler.java:updateContainerState(259)) - Container #1 is in OPEN state, but the datanode 444322bb-4321-4e38-998a-96758a8a198b(fv-az212-956.zlodpucb4l4udavnfxg5s20dva.cx.internal.cloudapp.net/10.1.0.80) reports an CLOSED replica.
2023-04-24 08:17:01,010 [BlockDeletingService#7] INFO  interfaces.ContainerDeletionChoosingPolicyTemplate (ContainerDeletionChoosingPolicyTemplate.java:chooseContainerForBlockDeletion(83)) - Chosen 0/5000 blocks from 0 candidate containers.
2023-04-24 08:17:01,010 [BlockDeletingService#4] INFO  interfaces.ContainerDeletionChoosingPolicyTemplate (ContainerDeletionChoosingPolicyTemplate.java:chooseContainerForBlockDeletion(83)) - Chosen 0/5000 blocks from 0 candidate containers.
2023-04-24 08:17:01,110 [BlockDeletingService#7] INFO  interfaces.ContainerDeletionChoosingPolicyTemplate (ContainerDeletionChoosingPolicyTemplate.java:chooseContainerForBlockDeletion(83)) - Chosen 0/5000 blocks from 0 candidate containers.
2023-04-24 08:17:01,110 [BlockDeletingService#4] INFO  interfaces.ContainerDeletionChoosingPolicyTemplate (ContainerDeletionChoosingPolicyTemplate.java:chooseContainerForBlockDeletion(83)) - Chosen 0/5000 blocks from 0 candidate containers.
2023-04-24 08:17:01,210 [BlockDeletingService#7] INFO  interfaces.ContainerDeletionChoosingPolicyTemplate (ContainerDeletionChoosingPolicyTemplate.java:chooseContainerForBlockDeletion(83)) - Chosen 0/5000 blocks from 0 candidate containers.
2023-04-24 08:17:01,210 [BlockDeletingService#4] INFO  interfaces.ContainerDeletionChoosingPolicyTemplate (ContainerDeletionChoosingPolicyTemplate.java:chooseContainerForBlockDeletion(83)) - Chosen 0/5000 blocks from 0 candidate containers.
2023-04-24 08:17:01,229 [FixedThreadPoolWithAffinityExecutor-9-0] WARN  container.ContainerReportHandler (AbstractContainerReportHandler.java:updateContainerState(259)) - Container #1 is in OPEN state, but the datanode 593f1123-fce2-46ce-a0f5-50a98353a86f(fv-az212-956.zlodpucb4l4udavnfxg5s20dva.cx.internal.cloudapp.net/10.1.0.80) reports an CLOSED replica.
2023-04-24 08:17:01,280 [FixedThreadPoolWithAffinityExecutor-9-0] WARN  container.ContainerReportHandler (AbstractContainerReportHandler.java:updateContainerState(259)) - Container #1 is in OPEN state, but the datanode 444322bb-4321-4e38-998a-96758a8a198b(fv-az212-956.zlodpucb4l4udavnfxg5s20dva.cx.internal.cloudapp.net/10.1.0.80) reports an CLOSED replica.
2023-04-24 08:17:01,310 [BlockDeletingService#7] INFO  interfaces.ContainerDeletionChoosingPolicyTemplate (ContainerDeletionChoosingPolicyTemplate.java:chooseContainerForBlockDeletion(83)) - Chosen 0/5000 blocks from 0 candidate containers.
2023-04-24 08:17:01,310 [BlockDeletingService#4] INFO  interfaces.ContainerDeletionChoosingPolicyTemplate (ContainerDeletionChoosingPolicyTemplate.java:chooseContainerForBlockDeletion(83)) - Chosen 0/5000 blocks from 0 candidate containers.
2023-04-24 08:17:01,411 [BlockDeletingService#7] INFO  interfaces.ContainerDeletionChoosingPolicyTemplate (ContainerDeletionChoosingPolicyTemplate.java:chooseContainerForBlockDeletion(83)) - Chosen 0/5000 blocks from 0 candidate containers.
2023-04-24 08:17:01,411 [BlockDeletingService#4] INFO  interfaces.ContainerDeletionChoosingPolicyTemplate (ContainerDeletionChoosingPolicyTemplate.java:chooseContainerForBlockDeletion(83)) - Chosen 0/5000 blocks from 0 candidate containers.
2023-04-24 08:17:01,511 [BlockDeletingService#7] INFO  interfaces.ContainerDeletionChoosingPolicyTemplate (ContainerDeletionChoosingPolicyTemplate.java:chooseContainerForBlockDeletion(83)) - Chosen 0/5000 blocks from 0 candidate containers.
2023-04-24 08:17:01,511 [BlockDeletingService#4] INFO  interfaces.ContainerDeletionChoosingPolicyTemplate (ContainerDeletionChoosingPolicyTemplate.java:chooseContainerForBlockDeletion(83)) - Chosen 0/5000 blocks from 0 candidate containers.
2023-04-24 08:17:01,528 [FixedThreadPoolWithAffinityExecutor-9-0] WARN  container.ContainerReportHandler (AbstractContainerReportHandler.java:updateContainerState(259)) - Container #1 is in OPEN state, but the datanode 593f1123-fce2-46ce-a0f5-50a98353a86f(fv-az212-956.zlodpucb4l4udavnfxg5s20dva.cx.internal.cloudapp.net/10.1.0.80) reports an CLOSED replica.
2023-04-24 08:17:01,581 [FixedThreadPoolWithAffinityExecutor-9-0] WARN  container.ContainerReportHandler (AbstractContainerReportHandler.java:updateContainerState(259)) - Container #1 is in OPEN state, but the datanode 444322bb-4321-4e38-998a-96758a8a198b(fv-az212-956.zlodpucb4l4udavnfxg5s20dva.cx.internal.cloudapp.net/10.1.0.80) reports an CLOSED replica.
2023-04-24 08:17:01,611 [BlockDeletingService#7] INFO  interfaces.ContainerDeletionChoosingPolicyTemplate (ContainerDeletionChoosingPolicyTemplate.java:chooseContainerForBlockDeletion(83)) - Chosen 0/5000 blocks from 0 candidate containers.
2023-04-24 08:17:01,611 [BlockDeletingService#4] INFO  interfaces.ContainerDeletionChoosingPolicyTemplate (ContainerDeletionChoosingPolicyTemplate.java:chooseContainerForBlockDeletion(83)) - Chosen 0/5000 blocks from 0 candidate containers.
2023-04-24 08:17:01,711 [BlockDeletingService#7] INFO  interfaces.ContainerDeletionChoosingPolicyTemplate (ContainerDeletionChoosingPolicyTemplate.java:chooseContainerForBlockDeletion(83)) - Chosen 0/5000 blocks from 0 candidate containers.
2023-04-24 08:17:01,711 [BlockDeletingService#4] INFO  interfaces.ContainerDeletionChoosingPolicyTemplate (ContainerDeletionChoosingPolicyTemplate.java:chooseContainerForBlockDeletion(83)) - Chosen 0/5000 blocks from 0 candidate containers.
2023-04-24 08:17:01,811 [BlockDeletingService#4] INFO  interfaces.ContainerDeletionChoosingPolicyTemplate (ContainerDeletionChoosingPolicyTemplate.java:chooseContainerForBlockDeletion(83)) - Chosen 0/5000 blocks from 0 candidate containers.
2023-04-24 08:17:01,812 [BlockDeletingService#7] INFO  interfaces.ContainerDeletionChoosingPolicyTemplate (ContainerDeletionChoosingPolicyTemplate.java:chooseContainerForBlockDeletion(83)) - Chosen 0/5000 blocks from 0 candidate containers.
2023-04-24 08:17:01,828 [FixedThreadPoolWithAffinityExecutor-9-0] WARN  container.ContainerReportHandler (AbstractContainerReportHandler.java:updateContainerState(259)) - Container #1 is in OPEN state, but the datanode 593f1123-fce2-46ce-a0f5-50a98353a86f(fv-az212-956.zlodpucb4l4udavnfxg5s20dva.cx.internal.cloudapp.net/10.1.0.80) reports an CLOSED replica.
2023-04-24 08:17:01,880 [FixedThreadPoolWithAffinityExecutor-9-0] WARN  container.ContainerReportHandler (AbstractContainerReportHandler.java:updateContainerState(259)) - Container #1 is in OPEN state, but the datanode 444322bb-4321-4e38-998a-96758a8a198b(fv-az212-956.zlodpucb4l4udavnfxg5s20dva.cx.internal.cloudapp.net/10.1.0.80) reports an CLOSED replica.
2023-04-24 08:17:01,912 [BlockDeletingService#4] INFO  interfaces.ContainerDeletionChoosingPolicyTemplate (ContainerDeletionChoosingPolicyTemplate.java:chooseContainerForBlockDeletion(83)) - Chosen 0/5000 blocks from 0 candidate containers.
2023-04-24 08:17:01,912 [BlockDeletingService#7] INFO  interfaces.ContainerDeletionChoosingPolicyTemplate (ContainerDeletionChoosingPolicyTemplate.java:chooseContainerForBlockDeletion(83)) - Chosen 0/5000 blocks from 0 candidate containers.
2023-04-24 08:17:02,012 [BlockDeletingService#4] INFO  interfaces.ContainerDeletionChoosingPolicyTemplate (ContainerDeletionChoosingPolicyTemplate.java:chooseContainerForBlockDeletion(83)) - Chosen 0/5000 blocks from 0 candidate containers.
2023-04-24 08:17:02,012 [BlockDeletingService#7] INFO  interfaces.ContainerDeletionChoosingPolicyTemplate (ContainerDeletionChoosingPolicyTemplate.java:chooseContainerForBlockDeletion(83)) - Chosen 0/5000 blocks from 0 candidate containers.
2023-04-24 08:17:02,105 [grpc-default-executor-5] WARN  server.GrpcLogAppender (LogUtils.java:warn(122)) - 593f1123-fce2-46ce-a0f5-50a98353a86f@group-2C65884D69A9->d7f67023-bd71-4164-8161-24a8eb75dffe-AppendLogResponseHandler: Failed appendEntries: org.apache.ratis.thirdparty.io.grpc.StatusRuntimeException: UNAVAILABLE: io exception
2023-04-24 08:17:02,105 [grpc-default-executor-1] WARN  server.GrpcLogAppender (LogUtils.java:warn(122)) - 593f1123-fce2-46ce-a0f5-50a98353a86f@group-2C65884D69A9->d7f67023-bd71-4164-8161-24a8eb75dffe-AppendLogResponseHandler: Failed appendEntries: org.apache.ratis.thirdparty.io.grpc.StatusRuntimeException: UNAVAILABLE: io exception
2023-04-24 08:17:02,106 [grpc-default-executor-5] WARN  server.GrpcLogAppender (GrpcLogAppender.java:resetClient(131)) - 593f1123-fce2-46ce-a0f5-50a98353a86f@group-2C65884D69A9->d7f67023-bd71-4164-8161-24a8eb75dffe-GrpcLogAppender: Leader has not got in touch with Follower 593f1123-fce2-46ce-a0f5-50a98353a86f@group-2C65884D69A9->d7f67023-bd71-4164-8161-24a8eb75dffe(c-1,m0,n6, attendVote=true, lastRpcSendTime=1251, lastRpcResponseTime=87865) yet, just keep nextIndex unchanged and retry.
2023-04-24 08:17:02,106 [grpc-default-executor-1] WARN  server.GrpcLogAppender (GrpcLogAppender.java:resetClient(131)) - 593f1123-fce2-46ce-a0f5-50a98353a86f@group-2C65884D69A9->d7f67023-bd71-4164-8161-24a8eb75dffe-GrpcLogAppender: Leader has not got in touch with Follower 593f1123-fce2-46ce-a0f5-50a98353a86f@group-2C65884D69A9->d7f67023-bd71-4164-8161-24a8eb75dffe(c-1,m0,n6, attendVote=true, lastRpcSendTime=1251, lastRpcResponseTime=87866) yet, just keep nextIndex unchanged and retry.
2023-04-24 08:17:02,107 [grpc-default-executor-1] WARN  server.GrpcLogAppender (LogUtils.java:warn(122)) - 593f1123-fce2-46ce-a0f5-50a98353a86f@group-2C65884D69A9->d7f67023-bd71-4164-8161-24a8eb75dffe-AppendLogResponseHandler: Failed appendEntries: org.apache.ratis.thirdparty.io.grpc.StatusRuntimeException: UNAVAILABLE: io exception
2023-04-24 08:17:02,107 [grpc-default-executor-1] WARN  server.GrpcLogAppender (GrpcLogAppender.java:resetClient(131)) - 593f1123-fce2-46ce-a0f5-50a98353a86f@group-2C65884D69A9->d7f67023-bd71-4164-8161-24a8eb75dffe-GrpcLogAppender: Leader has not got in touch with Follower 593f1123-fce2-46ce-a0f5-50a98353a86f@group-2C65884D69A9->d7f67023-bd71-4164-8161-24a8eb75dffe(c-1,m0,n6, attendVote=true, lastRpcSendTime=0, lastRpcResponseTime=87866) yet, just keep nextIndex unchanged and retry.
2023-04-24 08:17:02,107 [grpc-default-executor-5] WARN  server.GrpcLogAppender (LogUtils.java:warn(122)) - 593f1123-fce2-46ce-a0f5-50a98353a86f@group-2C65884D69A9->d7f67023-bd71-4164-8161-24a8eb75dffe-AppendLogResponseHandler: Failed appendEntries: org.apache.ratis.thirdparty.io.grpc.StatusRuntimeException: UNAVAILABLE: io exception
2023-04-24 08:17:02,108 [grpc-default-executor-5] WARN  server.GrpcLogAppender (GrpcLogAppender.java:resetClient(131)) - 593f1123-fce2-46ce-a0f5-50a98353a86f@group-2C65884D69A9->d7f67023-bd71-4164-8161-24a8eb75dffe-GrpcLogAppender: Leader has not got in touch with Follower 593f1123-fce2-46ce-a0f5-50a98353a86f@group-2C65884D69A9->d7f67023-bd71-4164-8161-24a8eb75dffe(c-1,m0,n6, attendVote=true, lastRpcSendTime=0, lastRpcResponseTime=87867) yet, just keep nextIndex unchanged and retry.
2023-04-24 08:17:02,112 [BlockDeletingService#4] INFO  interfaces.ContainerDeletionChoosingPolicyTemplate (ContainerDeletionChoosingPolicyTemplate.java:chooseContainerForBlockDeletion(83)) - Chosen 0/5000 blocks from 0 candidate containers.
2023-04-24 08:17:02,112 [BlockDeletingService#7] INFO  interfaces.ContainerDeletionChoosingPolicyTemplate (ContainerDeletionChoosingPolicyTemplate.java:chooseContainerForBlockDeletion(83)) - Chosen 0/5000 blocks from 0 candidate containers.
2023-04-24 08:17:02,128 [FixedThreadPoolWithAffinityExecutor-9-0] WARN  container.ContainerReportHandler (AbstractContainerReportHandler.java:updateContainerState(259)) - Container #1 is in OPEN state, but the datanode 593f1123-fce2-46ce-a0f5-50a98353a86f(fv-az212-956.zlodpucb4l4udavnfxg5s20dva.cx.internal.cloudapp.net/10.1.0.80) reports an CLOSED replica.
2023-04-24 08:17:02,184 [FixedThreadPoolWithAffinityExecutor-9-0] WARN  container.ContainerReportHandler (AbstractContainerReportHandler.java:updateContainerState(259)) - Container #1 is in OPEN state, but the datanode 444322bb-4321-4e38-998a-96758a8a198b(fv-az212-956.zlodpucb4l4udavnfxg5s20dva.cx.internal.cloudapp.net/10.1.0.80) reports an CLOSED replica.
2023-04-24 08:17:02,212 [BlockDeletingService#4] INFO  interfaces.ContainerDeletionChoosingPolicyTemplate (ContainerDeletionChoosingPolicyTemplate.java:chooseContainerForBlockDeletion(83)) - Chosen 0/5000 blocks from 0 candidate containers.
2023-04-24 08:17:02,212 [BlockDeletingService#7] INFO  interfaces.ContainerDeletionChoosingPolicyTemplate (ContainerDeletionChoosingPolicyTemplate.java:chooseContainerForBlockDeletion(83)) - Chosen 0/5000 blocks from 0 candidate containers.
2023-04-24 08:17:02,313 [BlockDeletingService#4] INFO  interfaces.ContainerDeletionChoosingPolicyTemplate (ContainerDeletionChoosingPolicyTemplate.java:chooseContainerForBlockDeletion(83)) - Chosen 0/5000 blocks from 0 candidate containers.
2023-04-24 08:17:02,313 [BlockDeletingService#7] INFO  interfaces.ContainerDeletionChoosingPolicyTemplate (ContainerDeletionChoosingPolicyTemplate.java:chooseContainerForBlockDeletion(83)) - Chosen 0/5000 blocks from 0 candidate containers.
2023-04-24 08:17:02,413 [BlockDeletingService#4] INFO  interfaces.ContainerDeletionChoosingPolicyTemplate (ContainerDeletionChoosingPolicyTemplate.java:chooseContainerForBlockDeletion(83)) - Chosen 0/5000 blocks from 0 candidate containers.
2023-04-24 08:17:02,413 [BlockDeletingService#7] INFO  interfaces.ContainerDeletionChoosingPolicyTemplate (ContainerDeletionChoosingPolicyTemplate.java:chooseContainerForBlockDeletion(83)) - Chosen 0/5000 blocks from 0 candidate containers.
2023-04-24 08:17:02,428 [FixedThreadPoolWithAffinityExecutor-9-0] WARN  container.ContainerReportHandler (AbstractContainerReportHandler.java:updateContainerState(259)) - Container #1 is in OPEN state, but the datanode 593f1123-fce2-46ce-a0f5-50a98353a86f(fv-az212-956.zlodpucb4l4udavnfxg5s20dva.cx.internal.cloudapp.net/10.1.0.80) reports an CLOSED replica.
2023-04-24 08:17:02,484 [FixedThreadPoolWithAffinityExecutor-9-0] WARN  container.ContainerReportHandler (AbstractContainerReportHandler.java:updateContainerState(259)) - Container #1 is in OPEN state, but the datanode 444322bb-4321-4e38-998a-96758a8a198b(fv-az212-956.zlodpucb4l4udavnfxg5s20dva.cx.internal.cloudapp.net/10.1.0.80) reports an CLOSED replica.
2023-04-24 08:17:02,513 [BlockDeletingService#4] INFO  interfaces.ContainerDeletionChoosingPolicyTemplate (ContainerDeletionChoosingPolicyTemplate.java:chooseContainerForBlockDeletion(83)) - Chosen 0/5000 blocks from 0 candidate containers.
2023-04-24 08:17:02,513 [BlockDeletingService#7] INFO  interfaces.ContainerDeletionChoosingPolicyTemplate (ContainerDeletionChoosingPolicyTemplate.java:chooseContainerForBlockDeletion(83)) - Chosen 0/5000 blocks from 0 candidate containers.
2023-04-24 08:17:02,613 [BlockDeletingService#4] INFO  interfaces.ContainerDeletionChoosingPolicyTemplate (ContainerDeletionChoosingPolicyTemplate.java:chooseContainerForBlockDeletion(83)) - Chosen 0/5000 blocks from 0 candidate containers.
2023-04-24 08:17:02,613 [BlockDeletingService#7] INFO  interfaces.ContainerDeletionChoosingPolicyTemplate (ContainerDeletionChoosingPolicyTemplate.java:chooseContainerForBlockDeletion(83)) - Chosen 0/5000 blocks from 0 candidate containers.
2023-04-24 08:17:02,713 [BlockDeletingService#4] INFO  interfaces.ContainerDeletionChoosingPolicyTemplate (ContainerDeletionChoosingPolicyTemplate.java:chooseContainerForBlockDeletion(83)) - Chosen 0/5000 blocks from 0 candidate containers.
2023-04-24 08:17:02,713 [BlockDeletingService#7] INFO  interfaces.ContainerDeletionChoosingPolicyTemplate (ContainerDeletionChoosingPolicyTemplate.java:chooseContainerForBlockDeletion(83)) - Chosen 0/5000 blocks from 0 candidate containers.
2023-04-24 08:17:02,728 [FixedThreadPoolWithAffinityExecutor-9-0] WARN  container.ContainerReportHandler (AbstractContainerReportHandler.java:updateContainerState(259)) - Container #1 is in OPEN state, but the datanode 593f1123-fce2-46ce-a0f5-50a98353a86f(fv-az212-956.zlodpucb4l4udavnfxg5s20dva.cx.internal.cloudapp.net/10.1.0.80) reports an CLOSED replica.
2023-04-24 08:17:02,784 [FixedThreadPoolWithAffinityExecutor-9-0] WARN  container.ContainerReportHandler (AbstractContainerReportHandler.java:updateContainerState(259)) - Container #1 is in OPEN state, but the datanode 444322bb-4321-4e38-998a-96758a8a198b(fv-az212-956.zlodpucb4l4udavnfxg5s20dva.cx.internal.cloudapp.net/10.1.0.80) reports an CLOSED replica.
2023-04-24 08:17:02,814 [BlockDeletingService#4] INFO  interfaces.ContainerDeletionChoosingPolicyTemplate (ContainerDeletionChoosingPolicyTemplate.java:chooseContainerForBlockDeletion(83)) - Chosen 0/5000 blocks from 0 candidate containers.
2023-04-24 08:17:02,814 [BlockDeletingService#7] INFO  interfaces.ContainerDeletionChoosingPolicyTemplate (ContainerDeletionChoosingPolicyTemplate.java:chooseContainerForBlockDeletion(83)) - Chosen 0/5000 blocks from 0 candidate containers.
2023-04-24 08:17:02,914 [BlockDeletingService#4] INFO  interfaces.ContainerDeletionChoosingPolicyTemplate (ContainerDeletionChoosingPolicyTemplate.java:chooseContainerForBlockDeletion(83)) - Chosen 0/5000 blocks from 0 candidate containers.
2023-04-24 08:17:02,914 [BlockDeletingService#7] INFO  interfaces.ContainerDeletionChoosingPolicyTemplate (ContainerDeletionChoosingPolicyTemplate.java:chooseContainerForBlockDeletion(83)) - Chosen 0/5000 blocks from 0 candidate containers.
2023-04-24 08:17:03,014 [BlockDeletingService#4] INFO  interfaces.ContainerDeletionChoosingPolicyTemplate (ContainerDeletionChoosingPolicyTemplate.java:chooseContainerForBlockDeletion(83)) - Chosen 0/5000 blocks from 0 candidate containers.
2023-04-24 08:17:03,014 [BlockDeletingService#7] INFO  interfaces.ContainerDeletionChoosingPolicyTemplate (ContainerDeletionChoosingPolicyTemplate.java:chooseContainerForBlockDeletion(83)) - Chosen 0/5000 blocks from 0 candidate containers.
2023-04-24 08:17:03,029 [FixedThreadPoolWithAffinityExecutor-9-0] WARN  container.ContainerReportHandler (AbstractContainerReportHandler.java:updateContainerState(259)) - Container #1 is in OPEN state, but the datanode 593f1123-fce2-46ce-a0f5-50a98353a86f(fv-az212-956.zlodpucb4l4udavnfxg5s20dva.cx.internal.cloudapp.net/10.1.0.80) reports an CLOSED replica.
2023-04-24 08:17:03,085 [FixedThreadPoolWithAffinityExecutor-9-0] WARN  container.ContainerReportHandler (AbstractContainerReportHandler.java:updateContainerState(259)) - Container #1 is in OPEN state, but the datanode 444322bb-4321-4e38-998a-96758a8a198b(fv-az212-956.zlodpucb4l4udavnfxg5s20dva.cx.internal.cloudapp.net/10.1.0.80) reports an CLOSED replica.
2023-04-24 08:17:03,114 [BlockDeletingService#4] INFO  interfaces.ContainerDeletionChoosingPolicyTemplate (ContainerDeletionChoosingPolicyTemplate.java:chooseContainerForBlockDeletion(83)) - Chosen 0/5000 blocks from 0 candidate containers.
2023-04-24 08:17:03,114 [BlockDeletingService#7] INFO  interfaces.ContainerDeletionChoosingPolicyTemplate (ContainerDeletionChoosingPolicyTemplate.java:chooseContainerForBlockDeletion(83)) - Chosen 0/5000 blocks from 0 candidate containers.
2023-04-24 08:17:03,214 [BlockDeletingService#4] INFO  interfaces.ContainerDeletionChoosingPolicyTemplate (ContainerDeletionChoosingPolicyTemplate.java:chooseContainerForBlockDeletion(83)) - Chosen 0/5000 blocks from 0 candidate containers.
2023-04-24 08:17:03,214 [BlockDeletingService#7] INFO  interfaces.ContainerDeletionChoosingPolicyTemplate (ContainerDeletionChoosingPolicyTemplate.java:chooseContainerForBlockDeletion(83)) - Chosen 0/5000 blocks from 0 candidate containers.
2023-04-24 08:17:03,315 [BlockDeletingService#4] INFO  interfaces.ContainerDeletionChoosingPolicyTemplate (ContainerDeletionChoosingPolicyTemplate.java:chooseContainerForBlockDeletion(83)) - Chosen 0/5000 blocks from 0 candidate containers.
2023-04-24 08:17:03,315 [BlockDeletingService#7] INFO  interfaces.ContainerDeletionChoosingPolicyTemplate (ContainerDeletionChoosingPolicyTemplate.java:chooseContainerForBlockDeletion(83)) - Chosen 0/5000 blocks from 0 candidate containers.
2023-04-24 08:17:03,357 [grpc-default-executor-1] WARN  server.GrpcLogAppender (LogUtils.java:warn(122)) - 593f1123-fce2-46ce-a0f5-50a98353a86f@group-2C65884D69A9->d7f67023-bd71-4164-8161-24a8eb75dffe-AppendLogResponseHandler: Failed appendEntries: org.apache.ratis.thirdparty.io.grpc.StatusRuntimeException: UNAVAILABLE: io exception
2023-04-24 08:17:03,358 [grpc-default-executor-1] WARN  server.GrpcLogAppender (GrpcLogAppender.java:resetClient(131)) - 593f1123-fce2-46ce-a0f5-50a98353a86f@group-2C65884D69A9->d7f67023-bd71-4164-8161-24a8eb75dffe-GrpcLogAppender: Leader has not got in touch with Follower 593f1123-fce2-46ce-a0f5-50a98353a86f@group-2C65884D69A9->d7f67023-bd71-4164-8161-24a8eb75dffe(c-1,m0,n6, attendVote=true, lastRpcSendTime=1251, lastRpcResponseTime=89117) yet, just keep nextIndex unchanged and retry.
2023-04-24 08:17:03,357 [grpc-default-executor-5] WARN  server.GrpcLogAppender (LogUtils.java:warn(122)) - 593f1123-fce2-46ce-a0f5-50a98353a86f@group-2C65884D69A9->d7f67023-bd71-4164-8161-24a8eb75dffe-AppendLogResponseHandler: Failed appendEntries: org.apache.ratis.thirdparty.io.grpc.StatusRuntimeException: UNAVAILABLE: io exception
2023-04-24 08:17:03,358 [grpc-default-executor-5] WARN  server.GrpcLogAppender (GrpcLogAppender.java:resetClient(131)) - 593f1123-fce2-46ce-a0f5-50a98353a86f@group-2C65884D69A9->d7f67023-bd71-4164-8161-24a8eb75dffe-GrpcLogAppender: Leader has not got in touch with Follower 593f1123-fce2-46ce-a0f5-50a98353a86f@group-2C65884D69A9->d7f67023-bd71-4164-8161-24a8eb75dffe(c-1,m0,n6, attendVote=true, lastRpcSendTime=0, lastRpcResponseTime=89117) yet, just keep nextIndex unchanged and retry.
2023-04-24 08:17:03,361 [grpc-default-executor-6] WARN  server.GrpcLogAppender (LogUtils.java:warn(122)) - 593f1123-fce2-46ce-a0f5-50a98353a86f@group-2C65884D69A9->d7f67023-bd71-4164-8161-24a8eb75dffe-AppendLogResponseHandler: Failed appendEntries: org.apache.ratis.thirdparty.io.grpc.StatusRuntimeException: UNAVAILABLE: io exception
2023-04-24 08:17:03,361 [grpc-default-executor-6] WARN  server.GrpcLogAppender (GrpcLogAppender.java:resetClient(131)) - 593f1123-fce2-46ce-a0f5-50a98353a86f@group-2C65884D69A9->d7f67023-bd71-4164-8161-24a8eb75dffe-GrpcLogAppender: Leader has not got in touch with Follower 593f1123-fce2-46ce-a0f5-50a98353a86f@group-2C65884D69A9->d7f67023-bd71-4164-8161-24a8eb75dffe(c-1,m0,n6, attendVote=true, lastRpcSendTime=3, lastRpcResponseTime=89120) yet, just keep nextIndex unchanged and retry.
2023-04-24 08:17:03,362 [grpc-default-executor-6] WARN  server.GrpcLogAppender (LogUtils.java:warn(122)) - 593f1123-fce2-46ce-a0f5-50a98353a86f@group-2C65884D69A9->d7f67023-bd71-4164-8161-24a8eb75dffe-AppendLogResponseHandler: Failed appendEntries: org.apache.ratis.thirdparty.io.grpc.StatusRuntimeException: UNAVAILABLE: io exception
2023-04-24 08:17:03,362 [grpc-default-executor-6] WARN  server.GrpcLogAppender (GrpcLogAppender.java:resetClient(131)) - 593f1123-fce2-46ce-a0f5-50a98353a86f@group-2C65884D69A9->d7f67023-bd71-4164-8161-24a8eb75dffe-GrpcLogAppender: Leader has not got in touch with Follower 593f1123-fce2-46ce-a0f5-50a98353a86f@group-2C65884D69A9->d7f67023-bd71-4164-8161-24a8eb75dffe(c-1,m0,n6, attendVote=true, lastRpcSendTime=4, lastRpcResponseTime=89121) yet, just keep nextIndex unchanged and retry.
2023-04-24 08:17:03,385 [FixedThreadPoolWithAffinityExecutor-9-0] WARN  container.ContainerReportHandler (AbstractContainerReportHandler.java:updateContainerState(259)) - Container #1 is in OPEN state, but the datanode 444322bb-4321-4e38-998a-96758a8a198b(fv-az212-956.zlodpucb4l4udavnfxg5s20dva.cx.internal.cloudapp.net/10.1.0.80) reports an CLOSED replica.
2023-04-24 08:17:03,415 [BlockDeletingService#4] INFO  interfaces.ContainerDeletionChoosingPolicyTemplate (ContainerDeletionChoosingPolicyTemplate.java:chooseContainerForBlockDeletion(83)) - Chosen 0/5000 blocks from 0 candidate containers.
2023-04-24 08:17:03,415 [BlockDeletingService#7] INFO  interfaces.ContainerDeletionChoosingPolicyTemplate (ContainerDeletionChoosingPolicyTemplate.java:chooseContainerForBlockDeletion(83)) - Chosen 0/5000 blocks from 0 candidate containers.
2023-04-24 08:17:03,429 [FixedThreadPoolWithAffinityExecutor-9-0] WARN  container.ContainerReportHandler (AbstractContainerReportHandler.java:updateContainerState(259)) - Container #1 is in OPEN state, but the datanode 593f1123-fce2-46ce-a0f5-50a98353a86f(fv-az212-956.zlodpucb4l4udavnfxg5s20dva.cx.internal.cloudapp.net/10.1.0.80) reports an CLOSED replica.
2023-04-24 08:17:03,515 [BlockDeletingService#4] INFO  interfaces.ContainerDeletionChoosingPolicyTemplate (ContainerDeletionChoosingPolicyTemplate.java:chooseContainerForBlockDeletion(83)) - Chosen 0/5000 blocks from 0 candidate containers.
2023-04-24 08:17:03,515 [BlockDeletingService#7] INFO  interfaces.ContainerDeletionChoosingPolicyTemplate (ContainerDeletionChoosingPolicyTemplate.java:chooseContainerForBlockDeletion(83)) - Chosen 0/5000 blocks from 0 candidate containers.
2023-04-24 08:17:03,585 [FixedThreadPoolWithAffinityExecutor-9-0] WARN  container.ContainerReportHandler (AbstractContainerReportHandler.java:updateContainerState(259)) - Container #1 is in OPEN state, but the datanode 444322bb-4321-4e38-998a-96758a8a198b(fv-az212-956.zlodpucb4l4udavnfxg5s20dva.cx.internal.cloudapp.net/10.1.0.80) reports an CLOSED replica.
2023-04-24 08:17:03,615 [BlockDeletingService#4] INFO  interfaces.ContainerDeletionChoosingPolicyTemplate (ContainerDeletionChoosingPolicyTemplate.java:chooseContainerForBlockDeletion(83)) - Chosen 0/5000 blocks from 0 candidate containers.
2023-04-24 08:17:03,615 [BlockDeletingService#7] INFO  interfaces.ContainerDeletionChoosingPolicyTemplate (ContainerDeletionChoosingPolicyTemplate.java:chooseContainerForBlockDeletion(83)) - Chosen 0/5000 blocks from 0 candidate containers.
2023-04-24 08:17:03,715 [BlockDeletingService#4] INFO  interfaces.ContainerDeletionChoosingPolicyTemplate (ContainerDeletionChoosingPolicyTemplate.java:chooseContainerForBlockDeletion(83)) - Chosen 0/5000 blocks from 0 candidate containers.
2023-04-24 08:17:03,716 [BlockDeletingService#7] INFO  interfaces.ContainerDeletionChoosingPolicyTemplate (ContainerDeletionChoosingPolicyTemplate.java:chooseContainerForBlockDeletion(83)) - Chosen 0/5000 blocks from 0 candidate containers.
2023-04-24 08:17:03,730 [FixedThreadPoolWithAffinityExecutor-9-0] WARN  container.ContainerReportHandler (AbstractContainerReportHandler.java:updateContainerState(259)) - Container #1 is in OPEN state, but the datanode 593f1123-fce2-46ce-a0f5-50a98353a86f(fv-az212-956.zlodpucb4l4udavnfxg5s20dva.cx.internal.cloudapp.net/10.1.0.80) reports an CLOSED replica.
2023-04-24 08:17:03,816 [BlockDeletingService#4] INFO  interfaces.ContainerDeletionChoosingPolicyTemplate (ContainerDeletionChoosingPolicyTemplate.java:chooseContainerForBlockDeletion(83)) - Chosen 0/5000 blocks from 0 candidate containers.
2023-04-24 08:17:03,816 [BlockDeletingService#7] INFO  interfaces.ContainerDeletionChoosingPolicyTemplate (ContainerDeletionChoosingPolicyTemplate.java:chooseContainerForBlockDeletion(83)) - Chosen 0/5000 blocks from 0 candidate containers.
2023-04-24 08:17:03,885 [FixedThreadPoolWithAffinityExecutor-9-0] WARN  container.ContainerReportHandler (AbstractContainerReportHandler.java:updateContainerState(259)) - Container #1 is in OPEN state, but the datanode 444322bb-4321-4e38-998a-96758a8a198b(fv-az212-956.zlodpucb4l4udavnfxg5s20dva.cx.internal.cloudapp.net/10.1.0.80) reports an CLOSED replica.
2023-04-24 08:17:03,916 [BlockDeletingService#4] INFO  interfaces.ContainerDeletionChoosingPolicyTemplate (ContainerDeletionChoosingPolicyTemplate.java:chooseContainerForBlockDeletion(83)) - Chosen 0/5000 blocks from 0 candidate containers.
2023-04-24 08:17:03,916 [BlockDeletingService#7] INFO  interfaces.ContainerDeletionChoosingPolicyTemplate (ContainerDeletionChoosingPolicyTemplate.java:chooseContainerForBlockDeletion(83)) - Chosen 0/5000 blocks from 0 candidate containers.
2023-04-24 08:17:04,016 [BlockDeletingService#4] INFO  interfaces.ContainerDeletionChoosingPolicyTemplate (ContainerDeletionChoosingPolicyTemplate.java:chooseContainerForBlockDeletion(83)) - Chosen 0/5000 blocks from 0 candidate containers.
2023-04-24 08:17:04,016 [BlockDeletingService#7] INFO  interfaces.ContainerDeletionChoosingPolicyTemplate (ContainerDeletionChoosingPolicyTemplate.java:chooseContainerForBlockDeletion(83)) - Chosen 0/5000 blocks from 0 candidate containers.
2023-04-24 08:17:04,029 [FixedThreadPoolWithAffinityExecutor-9-0] WARN  container.ContainerReportHandler (AbstractContainerReportHandler.java:updateContainerState(259)) - Container #1 is in OPEN state, but the datanode 593f1123-fce2-46ce-a0f5-50a98353a86f(fv-az212-956.zlodpucb4l4udavnfxg5s20dva.cx.internal.cloudapp.net/10.1.0.80) reports an CLOSED replica.
2023-04-24 08:17:04,116 [BlockDeletingService#4] INFO  interfaces.ContainerDeletionChoosingPolicyTemplate (ContainerDeletionChoosingPolicyTemplate.java:chooseContainerForBlockDeletion(83)) - Chosen 0/5000 blocks from 0 candidate containers.
2023-04-24 08:17:04,117 [BlockDeletingService#7] INFO  interfaces.ContainerDeletionChoosingPolicyTemplate (ContainerDeletionChoosingPolicyTemplate.java:chooseContainerForBlockDeletion(83)) - Chosen 0/5000 blocks from 0 candidate containers.
2023-04-24 08:17:04,186 [FixedThreadPoolWithAffinityExecutor-9-0] WARN  container.ContainerReportHandler (AbstractContainerReportHandler.java:updateContainerState(259)) - Container #1 is in OPEN state, but the datanode 444322bb-4321-4e38-998a-96758a8a198b(fv-az212-956.zlodpucb4l4udavnfxg5s20dva.cx.internal.cloudapp.net/10.1.0.80) reports an CLOSED replica.
2023-04-24 08:17:04,217 [BlockDeletingService#4] INFO  interfaces.ContainerDeletionChoosingPolicyTemplate (ContainerDeletionChoosingPolicyTemplate.java:chooseContainerForBlockDeletion(83)) - Chosen 0/5000 blocks from 0 candidate containers.
2023-04-24 08:17:04,217 [BlockDeletingService#7] INFO  interfaces.ContainerDeletionChoosingPolicyTemplate (ContainerDeletionChoosingPolicyTemplate.java:chooseContainerForBlockDeletion(83)) - Chosen 0/5000 blocks from 0 candidate containers.
2023-04-24 08:17:04,317 [BlockDeletingService#4] INFO  interfaces.ContainerDeletionChoosingPolicyTemplate (ContainerDeletionChoosingPolicyTemplate.java:chooseContainerForBlockDeletion(83)) - Chosen 0/5000 blocks from 0 candidate containers.
2023-04-24 08:17:04,317 [BlockDeletingService#7] INFO  interfaces.ContainerDeletionChoosingPolicyTemplate (ContainerDeletionChoosingPolicyTemplate.java:chooseContainerForBlockDeletion(83)) - Chosen 0/5000 blocks from 0 candidate containers.
2023-04-24 08:17:04,330 [FixedThreadPoolWithAffinityExecutor-9-0] WARN  container.ContainerReportHandler (AbstractContainerReportHandler.java:updateContainerState(259)) - Container #1 is in OPEN state, but the datanode 593f1123-fce2-46ce-a0f5-50a98353a86f(fv-az212-956.zlodpucb4l4udavnfxg5s20dva.cx.internal.cloudapp.net/10.1.0.80) reports an CLOSED replica.
2023-04-24 08:17:04,417 [BlockDeletingService#4] INFO  interfaces.ContainerDeletionChoosingPolicyTemplate (ContainerDeletionChoosingPolicyTemplate.java:chooseContainerForBlockDeletion(83)) - Chosen 0/5000 blocks from 0 candidate containers.
2023-04-24 08:17:04,417 [BlockDeletingService#7] INFO  interfaces.ContainerDeletionChoosingPolicyTemplate (ContainerDeletionChoosingPolicyTemplate.java:chooseContainerForBlockDeletion(83)) - Chosen 0/5000 blocks from 0 candidate containers.
2023-04-24 08:17:04,485 [FixedThreadPoolWithAffinityExecutor-9-0] WARN  container.ContainerReportHandler (AbstractContainerReportHandler.java:updateContainerState(259)) - Container #1 is in OPEN state, but the datanode 444322bb-4321-4e38-998a-96758a8a198b(fv-az212-956.zlodpucb4l4udavnfxg5s20dva.cx.internal.cloudapp.net/10.1.0.80) reports an CLOSED replica.
2023-04-24 08:17:04,517 [BlockDeletingService#4] INFO  interfaces.ContainerDeletionChoosingPolicyTemplate (ContainerDeletionChoosingPolicyTemplate.java:chooseContainerForBlockDeletion(83)) - Chosen 0/5000 blocks from 0 candidate containers.
2023-04-24 08:17:04,517 [BlockDeletingService#7] INFO  interfaces.ContainerDeletionChoosingPolicyTemplate (ContainerDeletionChoosingPolicyTemplate.java:chooseContainerForBlockDeletion(83)) - Chosen 0/5000 blocks from 0 candidate containers.
2023-04-24 08:17:04,609 [grpc-default-executor-6] WARN  server.GrpcLogAppender (LogUtils.java:warn(122)) - 593f1123-fce2-46ce-a0f5-50a98353a86f@group-2C65884D69A9->d7f67023-bd71-4164-8161-24a8eb75dffe-AppendLogResponseHandler: Failed appendEntries: org.apache.ratis.thirdparty.io.grpc.StatusRuntimeException: UNAVAILABLE: io exception
2023-04-24 08:17:04,609 [grpc-default-executor-6] WARN  server.GrpcLogAppender (GrpcLogAppender.java:resetClient(131)) - 593f1123-fce2-46ce-a0f5-50a98353a86f@group-2C65884D69A9->d7f67023-bd71-4164-8161-24a8eb75dffe-GrpcLogAppender: Leader has not got in touch with Follower 593f1123-fce2-46ce-a0f5-50a98353a86f@group-2C65884D69A9->d7f67023-bd71-4164-8161-24a8eb75dffe(c-1,m0,n6, attendVote=true, lastRpcSendTime=0, lastRpcResponseTime=90368) yet, just keep nextIndex unchanged and retry.
2023-04-24 08:17:04,609 [grpc-default-executor-1] WARN  server.GrpcLogAppender (LogUtils.java:warn(122)) - 593f1123-fce2-46ce-a0f5-50a98353a86f@group-2C65884D69A9->d7f67023-bd71-4164-8161-24a8eb75dffe-AppendLogResponseHandler: Failed appendEntries: org.apache.ratis.thirdparty.io.grpc.StatusRuntimeException: UNAVAILABLE: io exception
2023-04-24 08:17:04,609 [grpc-default-executor-1] WARN  server.GrpcLogAppender (GrpcLogAppender.java:resetClient(131)) - 593f1123-fce2-46ce-a0f5-50a98353a86f@group-2C65884D69A9->d7f67023-bd71-4164-8161-24a8eb75dffe-GrpcLogAppender: Leader has not got in touch with Follower 593f1123-fce2-46ce-a0f5-50a98353a86f@group-2C65884D69A9->d7f67023-bd71-4164-8161-24a8eb75dffe(c-1,m0,n6, attendVote=true, lastRpcSendTime=0, lastRpcResponseTime=90369) yet, just keep nextIndex unchanged and retry.
2023-04-24 08:17:04,618 [BlockDeletingService#4] INFO  interfaces.ContainerDeletionChoosingPolicyTemplate (ContainerDeletionChoosingPolicyTemplate.java:chooseContainerForBlockDeletion(83)) - Chosen 0/5000 blocks from 0 candidate containers.
2023-04-24 08:17:04,618 [BlockDeletingService#7] INFO  interfaces.ContainerDeletionChoosingPolicyTemplate (ContainerDeletionChoosingPolicyTemplate.java:chooseContainerForBlockDeletion(83)) - Chosen 0/5000 blocks from 0 candidate containers.
2023-04-24 08:17:04,630 [FixedThreadPoolWithAffinityExecutor-9-0] WARN  container.ContainerReportHandler (AbstractContainerReportHandler.java:updateContainerState(259)) - Container #1 is in OPEN state, but the datanode 593f1123-fce2-46ce-a0f5-50a98353a86f(fv-az212-956.zlodpucb4l4udavnfxg5s20dva.cx.internal.cloudapp.net/10.1.0.80) reports an CLOSED replica.
2023-04-24 08:17:04,718 [BlockDeletingService#4] INFO  interfaces.ContainerDeletionChoosingPolicyTemplate (ContainerDeletionChoosingPolicyTemplate.java:chooseContainerForBlockDeletion(83)) - Chosen 0/5000 blocks from 0 candidate containers.
2023-04-24 08:17:04,718 [BlockDeletingService#7] INFO  interfaces.ContainerDeletionChoosingPolicyTemplate (ContainerDeletionChoosingPolicyTemplate.java:chooseContainerForBlockDeletion(83)) - Chosen 0/5000 blocks from 0 candidate containers.
2023-04-24 08:17:04,785 [FixedThreadPoolWithAffinityExecutor-9-0] WARN  container.ContainerReportHandler (AbstractContainerReportHandler.java:updateContainerState(259)) - Container #1 is in OPEN state, but the datanode 444322bb-4321-4e38-998a-96758a8a198b(fv-az212-956.zlodpucb4l4udavnfxg5s20dva.cx.internal.cloudapp.net/10.1.0.80) reports an CLOSED replica.
2023-04-24 08:17:04,818 [BlockDeletingService#4] INFO  interfaces.ContainerDeletionChoosingPolicyTemplate (ContainerDeletionChoosingPolicyTemplate.java:chooseContainerForBlockDeletion(83)) - Chosen 0/5000 blocks from 0 candidate containers.
2023-04-24 08:17:04,818 [BlockDeletingService#7] INFO  interfaces.ContainerDeletionChoosingPolicyTemplate (ContainerDeletionChoosingPolicyTemplate.java:chooseContainerForBlockDeletion(83)) - Chosen 0/5000 blocks from 0 candidate containers.
2023-04-24 08:17:04,918 [BlockDeletingService#4] INFO  interfaces.ContainerDeletionChoosingPolicyTemplate (ContainerDeletionChoosingPolicyTemplate.java:chooseContainerForBlockDeletion(83)) - Chosen 0/5000 blocks from 0 candidate containers.
2023-04-24 08:17:04,918 [BlockDeletingService#7] INFO  interfaces.ContainerDeletionChoosingPolicyTemplate (ContainerDeletionChoosingPolicyTemplate.java:chooseContainerForBlockDeletion(83)) - Chosen 0/5000 blocks from 0 candidate containers.
2023-04-24 08:17:04,930 [FixedThreadPoolWithAffinityExecutor-9-0] WARN  container.ContainerReportHandler (AbstractContainerReportHandler.java:updateContainerState(259)) - Container #1 is in OPEN state, but the datanode 593f1123-fce2-46ce-a0f5-50a98353a86f(fv-az212-956.zlodpucb4l4udavnfxg5s20dva.cx.internal.cloudapp.net/10.1.0.80) reports an CLOSED replica.
2023-04-24 08:17:05,018 [BlockDeletingService#4] INFO  interfaces.ContainerDeletionChoosingPolicyTemplate (ContainerDeletionChoosingPolicyTemplate.java:chooseContainerForBlockDeletion(83)) - Chosen 0/5000 blocks from 0 candidate containers.
2023-04-24 08:17:05,018 [BlockDeletingService#7] INFO  interfaces.ContainerDeletionChoosingPolicyTemplate (ContainerDeletionChoosingPolicyTemplate.java:chooseContainerForBlockDeletion(83)) - Chosen 0/5000 blocks from 0 candidate containers.
2023-04-24 08:17:05,085 [FixedThreadPoolWithAffinityExecutor-9-0] WARN  container.ContainerReportHandler (AbstractContainerReportHandler.java:updateContainerState(259)) - Container #1 is in OPEN state, but the datanode 444322bb-4321-4e38-998a-96758a8a198b(fv-az212-956.zlodpucb4l4udavnfxg5s20dva.cx.internal.cloudapp.net/10.1.0.80) reports an CLOSED replica.
2023-04-24 08:17:05,119 [BlockDeletingService#4] INFO  interfaces.ContainerDeletionChoosingPolicyTemplate (ContainerDeletionChoosingPolicyTemplate.java:chooseContainerForBlockDeletion(83)) - Chosen 0/5000 blocks from 0 candidate containers.
2023-04-24 08:17:05,120 [BlockDeletingService#7] INFO  interfaces.ContainerDeletionChoosingPolicyTemplate (ContainerDeletionChoosingPolicyTemplate.java:chooseContainerForBlockDeletion(83)) - Chosen 0/5000 blocks from 0 candidate containers.
2023-04-24 08:17:05,219 [BlockDeletingService#4] INFO  interfaces.ContainerDeletionChoosingPolicyTemplate (ContainerDeletionChoosingPolicyTemplate.java:chooseContainerForBlockDeletion(83)) - Chosen 0/5000 blocks from 0 candidate containers.
2023-04-24 08:17:05,220 [BlockDeletingService#7] INFO  interfaces.ContainerDeletionChoosingPolicyTemplate (ContainerDeletionChoosingPolicyTemplate.java:chooseContainerForBlockDeletion(83)) - Chosen 0/5000 blocks from 0 candidate containers.
2023-04-24 08:17:05,230 [FixedThreadPoolWithAffinityExecutor-9-0] WARN  container.ContainerReportHandler (AbstractContainerReportHandler.java:updateContainerState(259)) - Container #1 is in OPEN state, but the datanode 593f1123-fce2-46ce-a0f5-50a98353a86f(fv-az212-956.zlodpucb4l4udavnfxg5s20dva.cx.internal.cloudapp.net/10.1.0.80) reports an CLOSED replica.
2023-04-24 08:17:05,319 [BlockDeletingService#4] INFO  interfaces.ContainerDeletionChoosingPolicyTemplate (ContainerDeletionChoosingPolicyTemplate.java:chooseContainerForBlockDeletion(83)) - Chosen 0/5000 blocks from 0 candidate containers.
2023-04-24 08:17:05,320 [BlockDeletingService#7] INFO  interfaces.ContainerDeletionChoosingPolicyTemplate (ContainerDeletionChoosingPolicyTemplate.java:chooseContainerForBlockDeletion(83)) - Chosen 0/5000 blocks from 0 candidate containers.
2023-04-24 08:17:05,385 [FixedThreadPoolWithAffinityExecutor-9-0] WARN  container.ContainerReportHandler (AbstractContainerReportHandler.java:updateContainerState(259)) - Container #1 is in OPEN state, but the datanode 444322bb-4321-4e38-998a-96758a8a198b(fv-az212-956.zlodpucb4l4udavnfxg5s20dva.cx.internal.cloudapp.net/10.1.0.80) reports an CLOSED replica.
2023-04-24 08:17:05,419 [BlockDeletingService#4] INFO  interfaces.ContainerDeletionChoosingPolicyTemplate (ContainerDeletionChoosingPolicyTemplate.java:chooseContainerForBlockDeletion(83)) - Chosen 0/5000 blocks from 0 candidate containers.
2023-04-24 08:17:05,420 [BlockDeletingService#7] INFO  interfaces.ContainerDeletionChoosingPolicyTemplate (ContainerDeletionChoosingPolicyTemplate.java:chooseContainerForBlockDeletion(83)) - Chosen 0/5000 blocks from 0 candidate containers.
2023-04-24 08:17:05,519 [BlockDeletingService#4] INFO  interfaces.ContainerDeletionChoosingPolicyTemplate (ContainerDeletionChoosingPolicyTemplate.java:chooseContainerForBlockDeletion(83)) - Chosen 0/5000 blocks from 0 candidate containers.
2023-04-24 08:17:05,520 [BlockDeletingService#7] INFO  interfaces.ContainerDeletionChoosingPolicyTemplate (ContainerDeletionChoosingPolicyTemplate.java:chooseContainerForBlockDeletion(83)) - Chosen 0/5000 blocks from 0 candidate containers.
2023-04-24 08:17:05,533 [FixedThreadPoolWithAffinityExecutor-9-0] WARN  container.ContainerReportHandler (AbstractContainerReportHandler.java:updateContainerState(259)) - Container #1 is in OPEN state, but the datanode 593f1123-fce2-46ce-a0f5-50a98353a86f(fv-az212-956.zlodpucb4l4udavnfxg5s20dva.cx.internal.cloudapp.net/10.1.0.80) reports an CLOSED replica.
2023-04-24 08:17:05,620 [BlockDeletingService#4] INFO  interfaces.ContainerDeletionChoosingPolicyTemplate (ContainerDeletionChoosingPolicyTemplate.java:chooseContainerForBlockDeletion(83)) - Chosen 0/5000 blocks from 0 candidate containers.
2023-04-24 08:17:05,620 [BlockDeletingService#7] INFO  interfaces.ContainerDeletionChoosingPolicyTemplate (ContainerDeletionChoosingPolicyTemplate.java:chooseContainerForBlockDeletion(83)) - Chosen 0/5000 blocks from 0 candidate containers.
2023-04-24 08:17:05,686 [FixedThreadPoolWithAffinityExecutor-9-0] WARN  container.ContainerReportHandler (AbstractContainerReportHandler.java:updateContainerState(259)) - Container #1 is in OPEN state, but the datanode 444322bb-4321-4e38-998a-96758a8a198b(fv-az212-956.zlodpucb4l4udavnfxg5s20dva.cx.internal.cloudapp.net/10.1.0.80) reports an CLOSED replica.
2023-04-24 08:17:05,720 [BlockDeletingService#4] INFO  interfaces.ContainerDeletionChoosingPolicyTemplate (ContainerDeletionChoosingPolicyTemplate.java:chooseContainerForBlockDeletion(83)) - Chosen 0/5000 blocks from 0 candidate containers.
2023-04-24 08:17:05,720 [BlockDeletingService#7] INFO  interfaces.ContainerDeletionChoosingPolicyTemplate (ContainerDeletionChoosingPolicyTemplate.java:chooseContainerForBlockDeletion(83)) - Chosen 0/5000 blocks from 0 candidate containers.
2023-04-24 08:17:05,820 [BlockDeletingService#4] INFO  interfaces.ContainerDeletionChoosingPolicyTemplate (ContainerDeletionChoosingPolicyTemplate.java:chooseContainerForBlockDeletion(83)) - Chosen 0/5000 blocks from 0 candidate containers.
2023-04-24 08:17:05,820 [BlockDeletingService#7] INFO  interfaces.ContainerDeletionChoosingPolicyTemplate (ContainerDeletionChoosingPolicyTemplate.java:chooseContainerForBlockDeletion(83)) - Chosen 0/5000 blocks from 0 candidate containers.
2023-04-24 08:17:05,831 [FixedThreadPoolWithAffinityExecutor-9-0] WARN  container.ContainerReportHandler (AbstractContainerReportHandler.java:updateContainerState(259)) - Container #1 is in OPEN state, but the datanode 593f1123-fce2-46ce-a0f5-50a98353a86f(fv-az212-956.zlodpucb4l4udavnfxg5s20dva.cx.internal.cloudapp.net/10.1.0.80) reports an CLOSED replica.
2023-04-24 08:17:05,859 [grpc-default-executor-1] WARN  server.GrpcLogAppender (LogUtils.java:warn(122)) - 593f1123-fce2-46ce-a0f5-50a98353a86f@group-2C65884D69A9->d7f67023-bd71-4164-8161-24a8eb75dffe-AppendLogResponseHandler: Failed appendEntries: org.apache.ratis.thirdparty.io.grpc.StatusRuntimeException: UNAVAILABLE: io exception
2023-04-24 08:17:05,859 [grpc-default-executor-6] WARN  server.GrpcLogAppender (LogUtils.java:warn(122)) - 593f1123-fce2-46ce-a0f5-50a98353a86f@group-2C65884D69A9->d7f67023-bd71-4164-8161-24a8eb75dffe-AppendLogResponseHandler: Failed appendEntries: org.apache.ratis.thirdparty.io.grpc.StatusRuntimeException: UNAVAILABLE: io exception
2023-04-24 08:17:05,860 [grpc-default-executor-1] WARN  server.GrpcLogAppender (GrpcLogAppender.java:resetClient(131)) - 593f1123-fce2-46ce-a0f5-50a98353a86f@group-2C65884D69A9->d7f67023-bd71-4164-8161-24a8eb75dffe-GrpcLogAppender: Leader has not got in touch with Follower 593f1123-fce2-46ce-a0f5-50a98353a86f@group-2C65884D69A9->d7f67023-bd71-4164-8161-24a8eb75dffe(c-1,m0,n6, attendVote=true, lastRpcSendTime=0, lastRpcResponseTime=91619) yet, just keep nextIndex unchanged and retry.
2023-04-24 08:17:05,860 [grpc-default-executor-6] WARN  server.GrpcLogAppender (GrpcLogAppender.java:resetClient(131)) - 593f1123-fce2-46ce-a0f5-50a98353a86f@group-2C65884D69A9->d7f67023-bd71-4164-8161-24a8eb75dffe-GrpcLogAppender: Leader has not got in touch with Follower 593f1123-fce2-46ce-a0f5-50a98353a86f@group-2C65884D69A9->d7f67023-bd71-4164-8161-24a8eb75dffe(c-1,m0,n6, attendVote=true, lastRpcSendTime=1, lastRpcResponseTime=91619) yet, just keep nextIndex unchanged and retry.
2023-04-24 08:17:05,920 [BlockDeletingService#4] INFO  interfaces.ContainerDeletionChoosingPolicyTemplate (ContainerDeletionChoosingPolicyTemplate.java:chooseContainerForBlockDeletion(83)) - Chosen 0/5000 blocks from 0 candidate containers.
2023-04-24 08:17:05,920 [BlockDeletingService#7] INFO  interfaces.ContainerDeletionChoosingPolicyTemplate (ContainerDeletionChoosingPolicyTemplate.java:chooseContainerForBlockDeletion(83)) - Chosen 0/5000 blocks from 0 candidate containers.
2023-04-24 08:17:05,986 [FixedThreadPoolWithAffinityExecutor-9-0] WARN  container.ContainerReportHandler (AbstractContainerReportHandler.java:updateContainerState(259)) - Container #1 is in OPEN state, but the datanode 444322bb-4321-4e38-998a-96758a8a198b(fv-az212-956.zlodpucb4l4udavnfxg5s20dva.cx.internal.cloudapp.net/10.1.0.80) reports an CLOSED replica.
2023-04-24 08:17:06,021 [BlockDeletingService#4] INFO  interfaces.ContainerDeletionChoosingPolicyTemplate (ContainerDeletionChoosingPolicyTemplate.java:chooseContainerForBlockDeletion(83)) - Chosen 0/5000 blocks from 0 candidate containers.
2023-04-24 08:17:06,021 [BlockDeletingService#7] INFO  interfaces.ContainerDeletionChoosingPolicyTemplate (ContainerDeletionChoosingPolicyTemplate.java:chooseContainerForBlockDeletion(83)) - Chosen 0/5000 blocks from 0 candidate containers.
2023-04-24 08:17:06,121 [BlockDeletingService#4] INFO  interfaces.ContainerDeletionChoosingPolicyTemplate (ContainerDeletionChoosingPolicyTemplate.java:chooseContainerForBlockDeletion(83)) - Chosen 0/5000 blocks from 0 candidate containers.
2023-04-24 08:17:06,121 [BlockDeletingService#7] INFO  interfaces.ContainerDeletionChoosingPolicyTemplate (ContainerDeletionChoosingPolicyTemplate.java:chooseContainerForBlockDeletion(83)) - Chosen 0/5000 blocks from 0 candidate containers.
2023-04-24 08:17:06,221 [BlockDeletingService#4] INFO  interfaces.ContainerDeletionChoosingPolicyTemplate (ContainerDeletionChoosingPolicyTemplate.java:chooseContainerForBlockDeletion(83)) - Chosen 0/5000 blocks from 0 candidate containers.
2023-04-24 08:17:06,221 [BlockDeletingService#7] INFO  interfaces.ContainerDeletionChoosingPolicyTemplate (ContainerDeletionChoosingPolicyTemplate.java:chooseContainerForBlockDeletion(83)) - Chosen 0/5000 blocks from 0 candidate containers.
2023-04-24 08:17:06,231 [FixedThreadPoolWithAffinityExecutor-9-0] WARN  container.ContainerReportHandler (AbstractContainerReportHandler.java:updateContainerState(259)) - Container #1 is in OPEN state, but the datanode 593f1123-fce2-46ce-a0f5-50a98353a86f(fv-az212-956.zlodpucb4l4udavnfxg5s20dva.cx.internal.cloudapp.net/10.1.0.80) reports an CLOSED replica.
2023-04-24 08:17:06,286 [FixedThreadPoolWithAffinityExecutor-9-0] WARN  container.ContainerReportHandler (AbstractContainerReportHandler.java:updateContainerState(259)) - Container #1 is in OPEN state, but the datanode 444322bb-4321-4e38-998a-96758a8a198b(fv-az212-956.zlodpucb4l4udavnfxg5s20dva.cx.internal.cloudapp.net/10.1.0.80) reports an CLOSED replica.
2023-04-24 08:17:06,321 [BlockDeletingService#4] INFO  interfaces.ContainerDeletionChoosingPolicyTemplate (ContainerDeletionChoosingPolicyTemplate.java:chooseContainerForBlockDeletion(83)) - Chosen 0/5000 blocks from 0 candidate containers.
2023-04-24 08:17:06,321 [BlockDeletingService#7] INFO  interfaces.ContainerDeletionChoosingPolicyTemplate (ContainerDeletionChoosingPolicyTemplate.java:chooseContainerForBlockDeletion(83)) - Chosen 0/5000 blocks from 0 candidate containers.
2023-04-24 08:17:06,421 [BlockDeletingService#4] INFO  interfaces.ContainerDeletionChoosingPolicyTemplate (ContainerDeletionChoosingPolicyTemplate.java:chooseContainerForBlockDeletion(83)) - Chosen 0/5000 blocks from 0 candidate containers.
2023-04-24 08:17:06,421 [BlockDeletingService#7] INFO  interfaces.ContainerDeletionChoosingPolicyTemplate (ContainerDeletionChoosingPolicyTemplate.java:chooseContainerForBlockDeletion(83)) - Chosen 0/5000 blocks from 0 candidate containers.
2023-04-24 08:17:06,522 [BlockDeletingService#7] INFO  interfaces.ContainerDeletionChoosingPolicyTemplate (ContainerDeletionChoosingPolicyTemplate.java:chooseContainerForBlockDeletion(83)) - Chosen 0/5000 blocks from 0 candidate containers.
2023-04-24 08:17:06,522 [BlockDeletingService#4] INFO  interfaces.ContainerDeletionChoosingPolicyTemplate (ContainerDeletionChoosingPolicyTemplate.java:chooseContainerForBlockDeletion(83)) - Chosen 0/5000 blocks from 0 candidate containers.
2023-04-24 08:17:06,531 [FixedThreadPoolWithAffinityExecutor-9-0] WARN  container.ContainerReportHandler (AbstractContainerReportHandler.java:updateContainerState(259)) - Container #1 is in OPEN state, but the datanode 593f1123-fce2-46ce-a0f5-50a98353a86f(fv-az212-956.zlodpucb4l4udavnfxg5s20dva.cx.internal.cloudapp.net/10.1.0.80) reports an CLOSED replica.
2023-04-24 08:17:06,586 [FixedThreadPoolWithAffinityExecutor-9-0] WARN  container.ContainerReportHandler (AbstractContainerReportHandler.java:updateContainerState(259)) - Container #1 is in OPEN state, but the datanode 444322bb-4321-4e38-998a-96758a8a198b(fv-az212-956.zlodpucb4l4udavnfxg5s20dva.cx.internal.cloudapp.net/10.1.0.80) reports an CLOSED replica.
2023-04-24 08:17:06,622 [BlockDeletingService#7] INFO  interfaces.ContainerDeletionChoosingPolicyTemplate (ContainerDeletionChoosingPolicyTemplate.java:chooseContainerForBlockDeletion(83)) - Chosen 0/5000 blocks from 0 candidate containers.
2023-04-24 08:17:06,622 [BlockDeletingService#4] INFO  interfaces.ContainerDeletionChoosingPolicyTemplate (ContainerDeletionChoosingPolicyTemplate.java:chooseContainerForBlockDeletion(83)) - Chosen 0/5000 blocks from 0 candidate containers.
2023-04-24 08:17:06,722 [BlockDeletingService#7] INFO  interfaces.ContainerDeletionChoosingPolicyTemplate (ContainerDeletionChoosingPolicyTemplate.java:chooseContainerForBlockDeletion(83)) - Chosen 0/5000 blocks from 0 candidate containers.
2023-04-24 08:17:06,722 [BlockDeletingService#4] INFO  interfaces.ContainerDeletionChoosingPolicyTemplate (ContainerDeletionChoosingPolicyTemplate.java:chooseContainerForBlockDeletion(83)) - Chosen 0/5000 blocks from 0 candidate containers.
2023-04-24 08:17:06,797 [FixedThreadPoolWithAffinityExecutor-9-0] WARN  container.ContainerReportHandler (AbstractContainerReportHandler.java:updateContainerState(259)) - Container #1 is in OPEN state, but the datanode 444322bb-4321-4e38-998a-96758a8a198b(fv-az212-956.zlodpucb4l4udavnfxg5s20dva.cx.internal.cloudapp.net/10.1.0.80) reports an CLOSED replica.
2023-04-24 08:17:06,822 [BlockDeletingService#7] INFO  interfaces.ContainerDeletionChoosingPolicyTemplate (ContainerDeletionChoosingPolicyTemplate.java:chooseContainerForBlockDeletion(83)) - Chosen 0/5000 blocks from 0 candidate containers.
2023-04-24 08:17:06,822 [BlockDeletingService#4] INFO  interfaces.ContainerDeletionChoosingPolicyTemplate (ContainerDeletionChoosingPolicyTemplate.java:chooseContainerForBlockDeletion(83)) - Chosen 0/5000 blocks from 0 candidate containers.
2023-04-24 08:17:06,832 [FixedThreadPoolWithAffinityExecutor-9-0] WARN  container.ContainerReportHandler (AbstractContainerReportHandler.java:updateContainerState(259)) - Container #1 is in OPEN state, but the datanode 593f1123-fce2-46ce-a0f5-50a98353a86f(fv-az212-956.zlodpucb4l4udavnfxg5s20dva.cx.internal.cloudapp.net/10.1.0.80) reports an CLOSED replica.
2023-04-24 08:17:06,922 [BlockDeletingService#4] INFO  interfaces.ContainerDeletionChoosingPolicyTemplate (ContainerDeletionChoosingPolicyTemplate.java:chooseContainerForBlockDeletion(83)) - Chosen 0/5000 blocks from 0 candidate containers.
2023-04-24 08:17:06,922 [BlockDeletingService#7] INFO  interfaces.ContainerDeletionChoosingPolicyTemplate (ContainerDeletionChoosingPolicyTemplate.java:chooseContainerForBlockDeletion(83)) - Chosen 0/5000 blocks from 0 candidate containers.
2023-04-24 08:17:07,022 [BlockDeletingService#4] INFO  interfaces.ContainerDeletionChoosingPolicyTemplate (ContainerDeletionChoosingPolicyTemplate.java:chooseContainerForBlockDeletion(83)) - Chosen 0/5000 blocks from 0 candidate containers.
2023-04-24 08:17:07,023 [BlockDeletingService#7] INFO  interfaces.ContainerDeletionChoosingPolicyTemplate (ContainerDeletionChoosingPolicyTemplate.java:chooseContainerForBlockDeletion(83)) - Chosen 0/5000 blocks from 0 candidate containers.
2023-04-24 08:17:07,086 [FixedThreadPoolWithAffinityExecutor-9-0] WARN  container.ContainerReportHandler (AbstractContainerReportHandler.java:updateContainerState(259)) - Container #1 is in OPEN state, but the datanode 444322bb-4321-4e38-998a-96758a8a198b(fv-az212-956.zlodpucb4l4udavnfxg5s20dva.cx.internal.cloudapp.net/10.1.0.80) reports an CLOSED replica.
2023-04-24 08:17:07,110 [grpc-default-executor-6] WARN  server.GrpcLogAppender (LogUtils.java:warn(122)) - 593f1123-fce2-46ce-a0f5-50a98353a86f@group-2C65884D69A9->d7f67023-bd71-4164-8161-24a8eb75dffe-AppendLogResponseHandler: Failed appendEntries: org.apache.ratis.thirdparty.io.grpc.StatusRuntimeException: UNAVAILABLE: io exception
2023-04-24 08:17:07,110 [grpc-default-executor-6] WARN  server.GrpcLogAppender (GrpcLogAppender.java:resetClient(131)) - 593f1123-fce2-46ce-a0f5-50a98353a86f@group-2C65884D69A9->d7f67023-bd71-4164-8161-24a8eb75dffe-GrpcLogAppender: Leader has not got in touch with Follower 593f1123-fce2-46ce-a0f5-50a98353a86f@group-2C65884D69A9->d7f67023-bd71-4164-8161-24a8eb75dffe(c-1,m0,n6, attendVote=true, lastRpcSendTime=1, lastRpcResponseTime=92869) yet, just keep nextIndex unchanged and retry.
2023-04-24 08:17:07,111 [grpc-default-executor-1] WARN  server.GrpcLogAppender (LogUtils.java:warn(122)) - 593f1123-fce2-46ce-a0f5-50a98353a86f@group-2C65884D69A9->d7f67023-bd71-4164-8161-24a8eb75dffe-AppendLogResponseHandler: Failed appendEntries: org.apache.ratis.thirdparty.io.grpc.StatusRuntimeException: UNAVAILABLE: io exception
2023-04-24 08:17:07,111 [grpc-default-executor-1] WARN  server.GrpcLogAppender (GrpcLogAppender.java:resetClient(131)) - 593f1123-fce2-46ce-a0f5-50a98353a86f@group-2C65884D69A9->d7f67023-bd71-4164-8161-24a8eb75dffe-GrpcLogAppender: Leader has not got in touch with Follower 593f1123-fce2-46ce-a0f5-50a98353a86f@group-2C65884D69A9->d7f67023-bd71-4164-8161-24a8eb75dffe(c-1,m0,n6, attendVote=true, lastRpcSendTime=1, lastRpcResponseTime=92870) yet, just keep nextIndex unchanged and retry.
2023-04-24 08:17:07,123 [BlockDeletingService#4] INFO  interfaces.ContainerDeletionChoosingPolicyTemplate (ContainerDeletionChoosingPolicyTemplate.java:chooseContainerForBlockDeletion(83)) - Chosen 0/5000 blocks from 0 candidate containers.
2023-04-24 08:17:07,123 [BlockDeletingService#7] INFO  interfaces.ContainerDeletionChoosingPolicyTemplate (ContainerDeletionChoosingPolicyTemplate.java:chooseContainerForBlockDeletion(83)) - Chosen 0/5000 blocks from 0 candidate containers.
2023-04-24 08:17:07,133 [FixedThreadPoolWithAffinityExecutor-9-0] WARN  container.ContainerReportHandler (AbstractContainerReportHandler.java:updateContainerState(259)) - Container #1 is in OPEN state, but the datanode 593f1123-fce2-46ce-a0f5-50a98353a86f(fv-az212-956.zlodpucb4l4udavnfxg5s20dva.cx.internal.cloudapp.net/10.1.0.80) reports an CLOSED replica.
2023-04-24 08:17:07,223 [BlockDeletingService#4] INFO  interfaces.ContainerDeletionChoosingPolicyTemplate (ContainerDeletionChoosingPolicyTemplate.java:chooseContainerForBlockDeletion(83)) - Chosen 0/5000 blocks from 0 candidate containers.
2023-04-24 08:17:07,223 [BlockDeletingService#7] INFO  interfaces.ContainerDeletionChoosingPolicyTemplate (ContainerDeletionChoosingPolicyTemplate.java:chooseContainerForBlockDeletion(83)) - Chosen 0/5000 blocks from 0 candidate containers.
2023-04-24 08:17:07,323 [BlockDeletingService#4] INFO  interfaces.ContainerDeletionChoosingPolicyTemplate (ContainerDeletionChoosingPolicyTemplate.java:chooseContainerForBlockDeletion(83)) - Chosen 0/5000 blocks from 0 candidate containers.
2023-04-24 08:17:07,323 [BlockDeletingService#7] INFO  interfaces.ContainerDeletionChoosingPolicyTemplate (ContainerDeletionChoosingPolicyTemplate.java:chooseContainerForBlockDeletion(83)) - Chosen 0/5000 blocks from 0 candidate containers.
2023-04-24 08:17:07,393 [FixedThreadPoolWithAffinityExecutor-9-0] WARN  container.ContainerReportHandler (AbstractContainerReportHandler.java:updateContainerState(259)) - Container #1 is in OPEN state, but the datanode 444322bb-4321-4e38-998a-96758a8a198b(fv-az212-956.zlodpucb4l4udavnfxg5s20dva.cx.internal.cloudapp.net/10.1.0.80) reports an CLOSED replica.
2023-04-24 08:17:07,423 [BlockDeletingService#4] INFO  interfaces.ContainerDeletionChoosingPolicyTemplate (ContainerDeletionChoosingPolicyTemplate.java:chooseContainerForBlockDeletion(83)) - Chosen 0/5000 blocks from 0 candidate containers.
2023-04-24 08:17:07,423 [BlockDeletingService#7] INFO  interfaces.ContainerDeletionChoosingPolicyTemplate (ContainerDeletionChoosingPolicyTemplate.java:chooseContainerForBlockDeletion(83)) - Chosen 0/5000 blocks from 0 candidate containers.
2023-04-24 08:17:07,433 [FixedThreadPoolWithAffinityExecutor-9-0] WARN  container.ContainerReportHandler (AbstractContainerReportHandler.java:updateContainerState(259)) - Container #1 is in OPEN state, but the datanode 593f1123-fce2-46ce-a0f5-50a98353a86f(fv-az212-956.zlodpucb4l4udavnfxg5s20dva.cx.internal.cloudapp.net/10.1.0.80) reports an CLOSED replica.
2023-04-24 08:17:07,523 [BlockDeletingService#4] INFO  interfaces.ContainerDeletionChoosingPolicyTemplate (ContainerDeletionChoosingPolicyTemplate.java:chooseContainerForBlockDeletion(83)) - Chosen 0/5000 blocks from 0 candidate containers.
2023-04-24 08:17:07,523 [BlockDeletingService#7] INFO  interfaces.ContainerDeletionChoosingPolicyTemplate (ContainerDeletionChoosingPolicyTemplate.java:chooseContainerForBlockDeletion(83)) - Chosen 0/5000 blocks from 0 candidate containers.
2023-04-24 08:17:07,623 [BlockDeletingService#4] INFO  interfaces.ContainerDeletionChoosingPolicyTemplate (ContainerDeletionChoosingPolicyTemplate.java:chooseContainerForBlockDeletion(83)) - Chosen 0/5000 blocks from 0 candidate containers.
2023-04-24 08:17:07,624 [BlockDeletingService#7] INFO  interfaces.ContainerDeletionChoosingPolicyTemplate (ContainerDeletionChoosingPolicyTemplate.java:chooseContainerForBlockDeletion(83)) - Chosen 0/5000 blocks from 0 candidate containers.
2023-04-24 08:17:07,688 [FixedThreadPoolWithAffinityExecutor-9-0] WARN  container.ContainerReportHandler (AbstractContainerReportHandler.java:updateContainerState(259)) - Container #1 is in OPEN state, but the datanode 444322bb-4321-4e38-998a-96758a8a198b(fv-az212-956.zlodpucb4l4udavnfxg5s20dva.cx.internal.cloudapp.net/10.1.0.80) reports an CLOSED replica.
2023-04-24 08:17:07,724 [BlockDeletingService#4] INFO  interfaces.ContainerDeletionChoosingPolicyTemplate (ContainerDeletionChoosingPolicyTemplate.java:chooseContainerForBlockDeletion(83)) - Chosen 0/5000 blocks from 0 candidate containers.
2023-04-24 08:17:07,724 [BlockDeletingService#7] INFO  interfaces.ContainerDeletionChoosingPolicyTemplate (ContainerDeletionChoosingPolicyTemplate.java:chooseContainerForBlockDeletion(83)) - Chosen 0/5000 blocks from 0 candidate containers.
2023-04-24 08:17:07,733 [FixedThreadPoolWithAffinityExecutor-9-0] WARN  container.ContainerReportHandler (AbstractContainerReportHandler.java:updateContainerState(259)) - Container #1 is in OPEN state, but the datanode 593f1123-fce2-46ce-a0f5-50a98353a86f(fv-az212-956.zlodpucb4l4udavnfxg5s20dva.cx.internal.cloudapp.net/10.1.0.80) reports an CLOSED replica.
2023-04-24 08:17:07,824 [BlockDeletingService#7] INFO  interfaces.ContainerDeletionChoosingPolicyTemplate (ContainerDeletionChoosingPolicyTemplate.java:chooseContainerForBlockDeletion(83)) - Chosen 0/5000 blocks from 0 candidate containers.
2023-04-24 08:17:07,824 [BlockDeletingService#4] INFO  interfaces.ContainerDeletionChoosingPolicyTemplate (ContainerDeletionChoosingPolicyTemplate.java:chooseContainerForBlockDeletion(83)) - Chosen 0/5000 blocks from 0 candidate containers.
2023-04-24 08:17:07,924 [BlockDeletingService#7] INFO  interfaces.ContainerDeletionChoosingPolicyTemplate (ContainerDeletionChoosingPolicyTemplate.java:chooseContainerForBlockDeletion(83)) - Chosen 0/5000 blocks from 0 candidate containers.
2023-04-24 08:17:07,924 [BlockDeletingService#4] INFO  interfaces.ContainerDeletionChoosingPolicyTemplate (ContainerDeletionChoosingPolicyTemplate.java:chooseContainerForBlockDeletion(83)) - Chosen 0/5000 blocks from 0 candidate containers.
2023-04-24 08:17:07,988 [FixedThreadPoolWithAffinityExecutor-9-0] WARN  container.ContainerReportHandler (AbstractContainerReportHandler.java:updateContainerState(259)) - Container #1 is in OPEN state, but the datanode 444322bb-4321-4e38-998a-96758a8a198b(fv-az212-956.zlodpucb4l4udavnfxg5s20dva.cx.internal.cloudapp.net/10.1.0.80) reports an CLOSED replica.
2023-04-24 08:17:08,024 [BlockDeletingService#7] INFO  interfaces.ContainerDeletionChoosingPolicyTemplate (ContainerDeletionChoosingPolicyTemplate.java:chooseContainerForBlockDeletion(83)) - Chosen 0/5000 blocks from 0 candidate containers.
2023-04-24 08:17:08,024 [BlockDeletingService#4] INFO  interfaces.ContainerDeletionChoosingPolicyTemplate (ContainerDeletionChoosingPolicyTemplate.java:chooseContainerForBlockDeletion(83)) - Chosen 0/5000 blocks from 0 candidate containers.
2023-04-24 08:17:08,033 [FixedThreadPoolWithAffinityExecutor-9-0] WARN  container.ContainerReportHandler (AbstractContainerReportHandler.java:updateContainerState(259)) - Container #1 is in OPEN state, but the datanode 593f1123-fce2-46ce-a0f5-50a98353a86f(fv-az212-956.zlodpucb4l4udavnfxg5s20dva.cx.internal.cloudapp.net/10.1.0.80) reports an CLOSED replica.
2023-04-24 08:17:08,124 [BlockDeletingService#7] INFO  interfaces.ContainerDeletionChoosingPolicyTemplate (ContainerDeletionChoosingPolicyTemplate.java:chooseContainerForBlockDeletion(83)) - Chosen 0/5000 blocks from 0 candidate containers.
2023-04-24 08:17:08,127 [BlockDeletingService#4] INFO  interfaces.ContainerDeletionChoosingPolicyTemplate (ContainerDeletionChoosingPolicyTemplate.java:chooseContainerForBlockDeletion(83)) - Chosen 0/5000 blocks from 0 candidate containers.
2023-04-24 08:17:08,225 [BlockDeletingService#7] INFO  interfaces.ContainerDeletionChoosingPolicyTemplate (ContainerDeletionChoosingPolicyTemplate.java:chooseContainerForBlockDeletion(83)) - Chosen 0/5000 blocks from 0 candidate containers.
2023-04-24 08:17:08,227 [BlockDeletingService#4] INFO  interfaces.ContainerDeletionChoosingPolicyTemplate (ContainerDeletionChoosingPolicyTemplate.java:chooseContainerForBlockDeletion(83)) - Chosen 0/5000 blocks from 0 candidate containers.
2023-04-24 08:17:08,288 [FixedThreadPoolWithAffinityExecutor-9-0] WARN  container.ContainerReportHandler (AbstractContainerReportHandler.java:updateContainerState(259)) - Container #1 is in OPEN state, but the datanode 444322bb-4321-4e38-998a-96758a8a198b(fv-az212-956.zlodpucb4l4udavnfxg5s20dva.cx.internal.cloudapp.net/10.1.0.80) reports an CLOSED replica.
2023-04-24 08:17:08,325 [BlockDeletingService#7] INFO  interfaces.ContainerDeletionChoosingPolicyTemplate (ContainerDeletionChoosingPolicyTemplate.java:chooseContainerForBlockDeletion(83)) - Chosen 0/5000 blocks from 0 candidate containers.
2023-04-24 08:17:08,327 [BlockDeletingService#4] INFO  interfaces.ContainerDeletionChoosingPolicyTemplate (ContainerDeletionChoosingPolicyTemplate.java:chooseContainerForBlockDeletion(83)) - Chosen 0/5000 blocks from 0 candidate containers.
2023-04-24 08:17:08,336 [FixedThreadPoolWithAffinityExecutor-9-0] WARN  container.ContainerReportHandler (AbstractContainerReportHandler.java:updateContainerState(259)) - Container #1 is in OPEN state, but the datanode 593f1123-fce2-46ce-a0f5-50a98353a86f(fv-az212-956.zlodpucb4l4udavnfxg5s20dva.cx.internal.cloudapp.net/10.1.0.80) reports an CLOSED replica.
2023-04-24 08:17:08,360 [grpc-default-executor-1] WARN  server.GrpcLogAppender (LogUtils.java:warn(122)) - 593f1123-fce2-46ce-a0f5-50a98353a86f@group-2C65884D69A9->d7f67023-bd71-4164-8161-24a8eb75dffe-AppendLogResponseHandler: Failed appendEntries: org.apache.ratis.thirdparty.io.grpc.StatusRuntimeException: UNAVAILABLE: io exception
2023-04-24 08:17:08,360 [grpc-default-executor-6] WARN  server.GrpcLogAppender (LogUtils.java:warn(122)) - 593f1123-fce2-46ce-a0f5-50a98353a86f@group-2C65884D69A9->d7f67023-bd71-4164-8161-24a8eb75dffe-AppendLogResponseHandler: Failed appendEntries: org.apache.ratis.thirdparty.io.grpc.StatusRuntimeException: UNAVAILABLE: io exception
2023-04-24 08:17:08,360 [grpc-default-executor-1] WARN  server.GrpcLogAppender (GrpcLogAppender.java:resetClient(131)) - 593f1123-fce2-46ce-a0f5-50a98353a86f@group-2C65884D69A9->d7f67023-bd71-4164-8161-24a8eb75dffe-GrpcLogAppender: Leader has not got in touch with Follower 593f1123-fce2-46ce-a0f5-50a98353a86f@group-2C65884D69A9->d7f67023-bd71-4164-8161-24a8eb75dffe(c-1,m0,n6, attendVote=true, lastRpcSendTime=0, lastRpcResponseTime=94119) yet, just keep nextIndex unchanged and retry.
2023-04-24 08:17:08,361 [grpc-default-executor-6] WARN  server.GrpcLogAppender (GrpcLogAppender.java:resetClient(131)) - 593f1123-fce2-46ce-a0f5-50a98353a86f@group-2C65884D69A9->d7f67023-bd71-4164-8161-24a8eb75dffe-GrpcLogAppender: Leader has not got in touch with Follower 593f1123-fce2-46ce-a0f5-50a98353a86f@group-2C65884D69A9->d7f67023-bd71-4164-8161-24a8eb75dffe(c-1,m0,n6, attendVote=true, lastRpcSendTime=1, lastRpcResponseTime=94120) yet, just keep nextIndex unchanged and retry.
2023-04-24 08:17:08,425 [BlockDeletingService#7] INFO  interfaces.ContainerDeletionChoosingPolicyTemplate (ContainerDeletionChoosingPolicyTemplate.java:chooseContainerForBlockDeletion(83)) - Chosen 0/5000 blocks from 0 candidate containers.
2023-04-24 08:17:08,427 [BlockDeletingService#4] INFO  interfaces.ContainerDeletionChoosingPolicyTemplate (ContainerDeletionChoosingPolicyTemplate.java:chooseContainerForBlockDeletion(83)) - Chosen 0/5000 blocks from 0 candidate containers.
2023-04-24 08:17:08,525 [BlockDeletingService#7] INFO  interfaces.ContainerDeletionChoosingPolicyTemplate (ContainerDeletionChoosingPolicyTemplate.java:chooseContainerForBlockDeletion(83)) - Chosen 0/5000 blocks from 0 candidate containers.
2023-04-24 08:17:08,527 [BlockDeletingService#4] INFO  interfaces.ContainerDeletionChoosingPolicyTemplate (ContainerDeletionChoosingPolicyTemplate.java:chooseContainerForBlockDeletion(83)) - Chosen 0/5000 blocks from 0 candidate containers.
2023-04-24 08:17:08,592 [FixedThreadPoolWithAffinityExecutor-9-0] WARN  container.ContainerReportHandler (AbstractContainerReportHandler.java:updateContainerState(259)) - Container #1 is in OPEN state, but the datanode 444322bb-4321-4e38-998a-96758a8a198b(fv-az212-956.zlodpucb4l4udavnfxg5s20dva.cx.internal.cloudapp.net/10.1.0.80) reports an CLOSED replica.
2023-04-24 08:17:08,625 [BlockDeletingService#7] INFO  interfaces.ContainerDeletionChoosingPolicyTemplate (ContainerDeletionChoosingPolicyTemplate.java:chooseContainerForBlockDeletion(83)) - Chosen 0/5000 blocks from 0 candidate containers.
2023-04-24 08:17:08,627 [BlockDeletingService#4] INFO  interfaces.ContainerDeletionChoosingPolicyTemplate (ContainerDeletionChoosingPolicyTemplate.java:chooseContainerForBlockDeletion(83)) - Chosen 0/5000 blocks from 0 candidate containers.
2023-04-24 08:17:08,636 [FixedThreadPoolWithAffinityExecutor-9-0] WARN  container.ContainerReportHandler (AbstractContainerReportHandler.java:updateContainerState(259)) - Container #1 is in OPEN state, but the datanode 593f1123-fce2-46ce-a0f5-50a98353a86f(fv-az212-956.zlodpucb4l4udavnfxg5s20dva.cx.internal.cloudapp.net/10.1.0.80) reports an CLOSED replica.
2023-04-24 08:17:08,726 [BlockDeletingService#7] INFO  interfaces.ContainerDeletionChoosingPolicyTemplate (ContainerDeletionChoosingPolicyTemplate.java:chooseContainerForBlockDeletion(83)) - Chosen 0/5000 blocks from 0 candidate containers.
2023-04-24 08:17:08,727 [BlockDeletingService#4] INFO  interfaces.ContainerDeletionChoosingPolicyTemplate (ContainerDeletionChoosingPolicyTemplate.java:chooseContainerForBlockDeletion(83)) - Chosen 0/5000 blocks from 0 candidate containers.
2023-04-24 08:17:08,826 [BlockDeletingService#7] INFO  interfaces.ContainerDeletionChoosingPolicyTemplate (ContainerDeletionChoosingPolicyTemplate.java:chooseContainerForBlockDeletion(83)) - Chosen 0/5000 blocks from 0 candidate containers.
2023-04-24 08:17:08,828 [BlockDeletingService#4] INFO  interfaces.ContainerDeletionChoosingPolicyTemplate (ContainerDeletionChoosingPolicyTemplate.java:chooseContainerForBlockDeletion(83)) - Chosen 0/5000 blocks from 0 candidate containers.
2023-04-24 08:17:08,892 [FixedThreadPoolWithAffinityExecutor-9-0] WARN  container.ContainerReportHandler (AbstractContainerReportHandler.java:updateContainerState(259)) - Container #1 is in OPEN state, but the datanode 444322bb-4321-4e38-998a-96758a8a198b(fv-az212-956.zlodpucb4l4udavnfxg5s20dva.cx.internal.cloudapp.net/10.1.0.80) reports an CLOSED replica.
2023-04-24 08:17:08,926 [BlockDeletingService#7] INFO  interfaces.ContainerDeletionChoosingPolicyTemplate (ContainerDeletionChoosingPolicyTemplate.java:chooseContainerForBlockDeletion(83)) - Chosen 0/5000 blocks from 0 candidate containers.
2023-04-24 08:17:08,928 [BlockDeletingService#4] INFO  interfaces.ContainerDeletionChoosingPolicyTemplate (ContainerDeletionChoosingPolicyTemplate.java:chooseContainerForBlockDeletion(83)) - Chosen 0/5000 blocks from 0 candidate containers.
2023-04-24 08:17:08,936 [FixedThreadPoolWithAffinityExecutor-9-0] WARN  container.ContainerReportHandler (AbstractContainerReportHandler.java:updateContainerState(259)) - Container #1 is in OPEN state, but the datanode 593f1123-fce2-46ce-a0f5-50a98353a86f(fv-az212-956.zlodpucb4l4udavnfxg5s20dva.cx.internal.cloudapp.net/10.1.0.80) reports an CLOSED replica.
2023-04-24 08:17:09,026 [BlockDeletingService#7] INFO  interfaces.ContainerDeletionChoosingPolicyTemplate (ContainerDeletionChoosingPolicyTemplate.java:chooseContainerForBlockDeletion(83)) - Chosen 0/5000 blocks from 0 candidate containers.
2023-04-24 08:17:09,028 [BlockDeletingService#4] INFO  interfaces.ContainerDeletionChoosingPolicyTemplate (ContainerDeletionChoosingPolicyTemplate.java:chooseContainerForBlockDeletion(83)) - Chosen 0/5000 blocks from 0 candidate containers.
2023-04-24 08:17:09,126 [BlockDeletingService#7] INFO  interfaces.ContainerDeletionChoosingPolicyTemplate (ContainerDeletionChoosingPolicyTemplate.java:chooseContainerForBlockDeletion(83)) - Chosen 0/5000 blocks from 0 candidate containers.
2023-04-24 08:17:09,128 [BlockDeletingService#4] INFO  interfaces.ContainerDeletionChoosingPolicyTemplate (ContainerDeletionChoosingPolicyTemplate.java:chooseContainerForBlockDeletion(83)) - Chosen 0/5000 blocks from 0 candidate containers.
2023-04-24 08:17:09,197 [FixedThreadPoolWithAffinityExecutor-9-0] WARN  container.ContainerReportHandler (AbstractContainerReportHandler.java:updateContainerState(259)) - Container #1 is in OPEN state, but the datanode 444322bb-4321-4e38-998a-96758a8a198b(fv-az212-956.zlodpucb4l4udavnfxg5s20dva.cx.internal.cloudapp.net/10.1.0.80) reports an CLOSED replica.
2023-04-24 08:17:09,226 [BlockDeletingService#7] INFO  interfaces.ContainerDeletionChoosingPolicyTemplate (ContainerDeletionChoosingPolicyTemplate.java:chooseContainerForBlockDeletion(83)) - Chosen 0/5000 blocks from 0 candidate containers.
2023-04-24 08:17:09,228 [BlockDeletingService#4] INFO  interfaces.ContainerDeletionChoosingPolicyTemplate (ContainerDeletionChoosingPolicyTemplate.java:chooseContainerForBlockDeletion(83)) - Chosen 0/5000 blocks from 0 candidate containers.
2023-04-24 08:17:09,326 [BlockDeletingService#7] INFO  interfaces.ContainerDeletionChoosingPolicyTemplate (ContainerDeletionChoosingPolicyTemplate.java:chooseContainerForBlockDeletion(83)) - Chosen 0/5000 blocks from 0 candidate containers.
2023-04-24 08:17:09,328 [BlockDeletingService#4] INFO  interfaces.ContainerDeletionChoosingPolicyTemplate (ContainerDeletionChoosingPolicyTemplate.java:chooseContainerForBlockDeletion(83)) - Chosen 0/5000 blocks from 0 candidate containers.
2023-04-24 08:17:09,340 [FixedThreadPoolWithAffinityExecutor-9-0] WARN  container.ContainerReportHandler (AbstractContainerReportHandler.java:updateContainerState(259)) - Container #1 is in OPEN state, but the datanode 593f1123-fce2-46ce-a0f5-50a98353a86f(fv-az212-956.zlodpucb4l4udavnfxg5s20dva.cx.internal.cloudapp.net/10.1.0.80) reports an CLOSED replica.
2023-04-24 08:17:09,427 [BlockDeletingService#7] INFO  interfaces.ContainerDeletionChoosingPolicyTemplate (ContainerDeletionChoosingPolicyTemplate.java:chooseContainerForBlockDeletion(83)) - Chosen 0/5000 blocks from 0 candidate containers.
2023-04-24 08:17:09,428 [BlockDeletingService#4] INFO  interfaces.ContainerDeletionChoosingPolicyTemplate (ContainerDeletionChoosingPolicyTemplate.java:chooseContainerForBlockDeletion(83)) - Chosen 0/5000 blocks from 0 candidate containers.
2023-04-24 08:17:09,497 [FixedThreadPoolWithAffinityExecutor-9-0] WARN  container.ContainerReportHandler (AbstractContainerReportHandler.java:updateContainerState(259)) - Container #1 is in OPEN state, but the datanode 444322bb-4321-4e38-998a-96758a8a198b(fv-az212-956.zlodpucb4l4udavnfxg5s20dva.cx.internal.cloudapp.net/10.1.0.80) reports an CLOSED replica.
2023-04-24 08:17:09,527 [BlockDeletingService#7] INFO  interfaces.ContainerDeletionChoosingPolicyTemplate (ContainerDeletionChoosingPolicyTemplate.java:chooseContainerForBlockDeletion(83)) - Chosen 0/5000 blocks from 0 candidate containers.
2023-04-24 08:17:09,528 [BlockDeletingService#4] INFO  interfaces.ContainerDeletionChoosingPolicyTemplate (ContainerDeletionChoosingPolicyTemplate.java:chooseContainerForBlockDeletion(83)) - Chosen 0/5000 blocks from 0 candidate containers.
2023-04-24 08:17:09,610 [grpc-default-executor-6] WARN  server.GrpcLogAppender (LogUtils.java:warn(122)) - 593f1123-fce2-46ce-a0f5-50a98353a86f@group-2C65884D69A9->d7f67023-bd71-4164-8161-24a8eb75dffe-AppendLogResponseHandler: Failed appendEntries: org.apache.ratis.thirdparty.io.grpc.StatusRuntimeException: UNAVAILABLE: io exception
2023-04-24 08:17:09,611 [grpc-default-executor-6] WARN  server.GrpcLogAppender (GrpcLogAppender.java:resetClient(131)) - 593f1123-fce2-46ce-a0f5-50a98353a86f@group-2C65884D69A9->d7f67023-bd71-4164-8161-24a8eb75dffe-GrpcLogAppender: Leader has not got in touch with Follower 593f1123-fce2-46ce-a0f5-50a98353a86f@group-2C65884D69A9->d7f67023-bd71-4164-8161-24a8eb75dffe(c-1,m0,n6, attendVote=true, lastRpcSendTime=0, lastRpcResponseTime=95370) yet, just keep nextIndex unchanged and retry.
2023-04-24 08:17:09,611 [grpc-default-executor-1] WARN  server.GrpcLogAppender (LogUtils.java:warn(122)) - 593f1123-fce2-46ce-a0f5-50a98353a86f@group-2C65884D69A9->d7f67023-bd71-4164-8161-24a8eb75dffe-AppendLogResponseHandler: Failed appendEntries: org.apache.ratis.thirdparty.io.grpc.StatusRuntimeException: UNAVAILABLE: io exception
2023-04-24 08:17:09,611 [grpc-default-executor-1] WARN  server.GrpcLogAppender (GrpcLogAppender.java:resetClient(131)) - 593f1123-fce2-46ce-a0f5-50a98353a86f@group-2C65884D69A9->d7f67023-bd71-4164-8161-24a8eb75dffe-GrpcLogAppender: Leader has not got in touch with Follower 593f1123-fce2-46ce-a0f5-50a98353a86f@group-2C65884D69A9->d7f67023-bd71-4164-8161-24a8eb75dffe(c-1,m0,n6, attendVote=true, lastRpcSendTime=0, lastRpcResponseTime=95370) yet, just keep nextIndex unchanged and retry.
2023-04-24 08:17:09,627 [BlockDeletingService#7] INFO  interfaces.ContainerDeletionChoosingPolicyTemplate (ContainerDeletionChoosingPolicyTemplate.java:chooseContainerForBlockDeletion(83)) - Chosen 0/5000 blocks from 0 candidate containers.
2023-04-24 08:17:09,628 [BlockDeletingService#4] INFO  interfaces.ContainerDeletionChoosingPolicyTemplate (ContainerDeletionChoosingPolicyTemplate.java:chooseContainerForBlockDeletion(83)) - Chosen 0/5000 blocks from 0 candidate containers.
2023-04-24 08:17:09,640 [FixedThreadPoolWithAffinityExecutor-9-0] WARN  container.ContainerReportHandler (AbstractContainerReportHandler.java:updateContainerState(259)) - Container #1 is in OPEN state, but the datanode 593f1123-fce2-46ce-a0f5-50a98353a86f(fv-az212-956.zlodpucb4l4udavnfxg5s20dva.cx.internal.cloudapp.net/10.1.0.80) reports an CLOSED replica.
2023-04-24 08:17:09,697 [FixedThreadPoolWithAffinityExecutor-9-0] WARN  container.ContainerReportHandler (AbstractContainerReportHandler.java:updateContainerState(259)) - Container #1 is in OPEN state, but the datanode 444322bb-4321-4e38-998a-96758a8a198b(fv-az212-956.zlodpucb4l4udavnfxg5s20dva.cx.internal.cloudapp.net/10.1.0.80) reports an CLOSED replica.
2023-04-24 08:17:09,727 [BlockDeletingService#7] INFO  interfaces.ContainerDeletionChoosingPolicyTemplate (ContainerDeletionChoosingPolicyTemplate.java:chooseContainerForBlockDeletion(83)) - Chosen 0/5000 blocks from 0 candidate containers.
2023-04-24 08:17:09,728 [BlockDeletingService#4] INFO  interfaces.ContainerDeletionChoosingPolicyTemplate (ContainerDeletionChoosingPolicyTemplate.java:chooseContainerForBlockDeletion(83)) - Chosen 0/5000 blocks from 0 candidate containers.
2023-04-24 08:17:09,827 [BlockDeletingService#7] INFO  interfaces.ContainerDeletionChoosingPolicyTemplate (ContainerDeletionChoosingPolicyTemplate.java:chooseContainerForBlockDeletion(83)) - Chosen 0/5000 blocks from 0 candidate containers.
2023-04-24 08:17:09,829 [BlockDeletingService#4] INFO  interfaces.ContainerDeletionChoosingPolicyTemplate (ContainerDeletionChoosingPolicyTemplate.java:chooseContainerForBlockDeletion(83)) - Chosen 0/5000 blocks from 0 candidate containers.
2023-04-24 08:17:09,927 [BlockDeletingService#7] INFO  interfaces.ContainerDeletionChoosingPolicyTemplate (ContainerDeletionChoosingPolicyTemplate.java:chooseContainerForBlockDeletion(83)) - Chosen 0/5000 blocks from 0 candidate containers.
2023-04-24 08:17:09,929 [BlockDeletingService#4] INFO  interfaces.ContainerDeletionChoosingPolicyTemplate (ContainerDeletionChoosingPolicyTemplate.java:chooseContainerForBlockDeletion(83)) - Chosen 0/5000 blocks from 0 candidate containers.
2023-04-24 08:17:09,940 [FixedThreadPoolWithAffinityExecutor-9-0] WARN  container.ContainerReportHandler (AbstractContainerReportHandler.java:updateContainerState(259)) - Container #1 is in OPEN state, but the datanode 593f1123-fce2-46ce-a0f5-50a98353a86f(fv-az212-956.zlodpucb4l4udavnfxg5s20dva.cx.internal.cloudapp.net/10.1.0.80) reports an CLOSED replica.
2023-04-24 08:17:09,997 [FixedThreadPoolWithAffinityExecutor-9-0] WARN  container.ContainerReportHandler (AbstractContainerReportHandler.java:updateContainerState(259)) - Container #1 is in OPEN state, but the datanode 444322bb-4321-4e38-998a-96758a8a198b(fv-az212-956.zlodpucb4l4udavnfxg5s20dva.cx.internal.cloudapp.net/10.1.0.80) reports an CLOSED replica.
2023-04-24 08:17:10,028 [BlockDeletingService#7] INFO  interfaces.ContainerDeletionChoosingPolicyTemplate (ContainerDeletionChoosingPolicyTemplate.java:chooseContainerForBlockDeletion(83)) - Chosen 0/5000 blocks from 0 candidate containers.
2023-04-24 08:17:10,029 [BlockDeletingService#4] INFO  interfaces.ContainerDeletionChoosingPolicyTemplate (ContainerDeletionChoosingPolicyTemplate.java:chooseContainerForBlockDeletion(83)) - Chosen 0/5000 blocks from 0 candidate containers.
2023-04-24 08:17:10,128 [BlockDeletingService#7] INFO  interfaces.ContainerDeletionChoosingPolicyTemplate (ContainerDeletionChoosingPolicyTemplate.java:chooseContainerForBlockDeletion(83)) - Chosen 0/5000 blocks from 0 candidate containers.
2023-04-24 08:17:10,129 [BlockDeletingService#4] INFO  interfaces.ContainerDeletionChoosingPolicyTemplate (ContainerDeletionChoosingPolicyTemplate.java:chooseContainerForBlockDeletion(83)) - Chosen 0/5000 blocks from 0 candidate containers.
2023-04-24 08:17:10,228 [BlockDeletingService#7] INFO  interfaces.ContainerDeletionChoosingPolicyTemplate (ContainerDeletionChoosingPolicyTemplate.java:chooseContainerForBlockDeletion(83)) - Chosen 0/5000 blocks from 0 candidate containers.
2023-04-24 08:17:10,229 [BlockDeletingService#4] INFO  interfaces.ContainerDeletionChoosingPolicyTemplate (ContainerDeletionChoosingPolicyTemplate.java:chooseContainerForBlockDeletion(83)) - Chosen 0/5000 blocks from 0 candidate containers.
2023-04-24 08:17:10,240 [FixedThreadPoolWithAffinityExecutor-9-0] WARN  container.ContainerReportHandler (AbstractContainerReportHandler.java:updateContainerState(259)) - Container #1 is in OPEN state, but the datanode 593f1123-fce2-46ce-a0f5-50a98353a86f(fv-az212-956.zlodpucb4l4udavnfxg5s20dva.cx.internal.cloudapp.net/10.1.0.80) reports an CLOSED replica.
2023-04-24 08:17:10,298 [FixedThreadPoolWithAffinityExecutor-9-0] WARN  container.ContainerReportHandler (AbstractContainerReportHandler.java:updateContainerState(259)) - Container #1 is in OPEN state, but the datanode 444322bb-4321-4e38-998a-96758a8a198b(fv-az212-956.zlodpucb4l4udavnfxg5s20dva.cx.internal.cloudapp.net/10.1.0.80) reports an CLOSED replica.
2023-04-24 08:17:10,328 [BlockDeletingService#7] INFO  interfaces.ContainerDeletionChoosingPolicyTemplate (ContainerDeletionChoosingPolicyTemplate.java:chooseContainerForBlockDeletion(83)) - Chosen 0/5000 blocks from 0 candidate containers.
2023-04-24 08:17:10,329 [BlockDeletingService#4] INFO  interfaces.ContainerDeletionChoosingPolicyTemplate (ContainerDeletionChoosingPolicyTemplate.java:chooseContainerForBlockDeletion(83)) - Chosen 0/5000 blocks from 0 candidate containers.
2023-04-24 08:17:10,428 [BlockDeletingService#7] INFO  interfaces.ContainerDeletionChoosingPolicyTemplate (ContainerDeletionChoosingPolicyTemplate.java:chooseContainerForBlockDeletion(83)) - Chosen 0/5000 blocks from 0 candidate containers.
2023-04-24 08:17:10,429 [BlockDeletingService#4] INFO  interfaces.ContainerDeletionChoosingPolicyTemplate (ContainerDeletionChoosingPolicyTemplate.java:chooseContainerForBlockDeletion(83)) - Chosen 0/5000 blocks from 0 candidate containers.
2023-04-24 08:17:10,528 [BlockDeletingService#7] INFO  interfaces.ContainerDeletionChoosingPolicyTemplate (ContainerDeletionChoosingPolicyTemplate.java:chooseContainerForBlockDeletion(83)) - Chosen 0/5000 blocks from 0 candidate containers.
2023-04-24 08:17:10,529 [BlockDeletingService#4] INFO  interfaces.ContainerDeletionChoosingPolicyTemplate (ContainerDeletionChoosingPolicyTemplate.java:chooseContainerForBlockDeletion(83)) - Chosen 0/5000 blocks from 0 candidate containers.
2023-04-24 08:17:10,540 [FixedThreadPoolWithAffinityExecutor-9-0] WARN  container.ContainerReportHandler (AbstractContainerReportHandler.java:updateContainerState(259)) - Container #1 is in OPEN state, but the datanode 593f1123-fce2-46ce-a0f5-50a98353a86f(fv-az212-956.zlodpucb4l4udavnfxg5s20dva.cx.internal.cloudapp.net/10.1.0.80) reports an CLOSED replica.
2023-04-24 08:17:10,599 [FixedThreadPoolWithAffinityExecutor-9-0] WARN  container.ContainerReportHandler (AbstractContainerReportHandler.java:updateContainerState(259)) - Container #1 is in OPEN state, but the datanode 444322bb-4321-4e38-998a-96758a8a198b(fv-az212-956.zlodpucb4l4udavnfxg5s20dva.cx.internal.cloudapp.net/10.1.0.80) reports an CLOSED replica.
2023-04-24 08:17:10,629 [BlockDeletingService#7] INFO  interfaces.ContainerDeletionChoosingPolicyTemplate (ContainerDeletionChoosingPolicyTemplate.java:chooseContainerForBlockDeletion(83)) - Chosen 0/5000 blocks from 0 candidate containers.
2023-04-24 08:17:10,630 [BlockDeletingService#4] INFO  interfaces.ContainerDeletionChoosingPolicyTemplate (ContainerDeletionChoosingPolicyTemplate.java:chooseContainerForBlockDeletion(83)) - Chosen 0/5000 blocks from 0 candidate containers.
2023-04-24 08:17:10,729 [BlockDeletingService#7] INFO  interfaces.ContainerDeletionChoosingPolicyTemplate (ContainerDeletionChoosingPolicyTemplate.java:chooseContainerForBlockDeletion(83)) - Chosen 0/5000 blocks from 0 candidate containers.
2023-04-24 08:17:10,730 [BlockDeletingService#4] INFO  interfaces.ContainerDeletionChoosingPolicyTemplate (ContainerDeletionChoosingPolicyTemplate.java:chooseContainerForBlockDeletion(83)) - Chosen 0/5000 blocks from 0 candidate containers.
2023-04-24 08:17:10,829 [BlockDeletingService#7] INFO  interfaces.ContainerDeletionChoosingPolicyTemplate (ContainerDeletionChoosingPolicyTemplate.java:chooseContainerForBlockDeletion(83)) - Chosen 0/5000 blocks from 0 candidate containers.
2023-04-24 08:17:10,830 [BlockDeletingService#4] INFO  interfaces.ContainerDeletionChoosingPolicyTemplate (ContainerDeletionChoosingPolicyTemplate.java:chooseContainerForBlockDeletion(83)) - Chosen 0/5000 blocks from 0 candidate containers.
2023-04-24 08:17:10,840 [FixedThreadPoolWithAffinityExecutor-9-0] WARN  container.ContainerReportHandler (AbstractContainerReportHandler.java:updateContainerState(259)) - Container #1 is in OPEN state, but the datanode 593f1123-fce2-46ce-a0f5-50a98353a86f(fv-az212-956.zlodpucb4l4udavnfxg5s20dva.cx.internal.cloudapp.net/10.1.0.80) reports an CLOSED replica.
2023-04-24 08:17:10,860 [grpc-default-executor-1] WARN  server.GrpcLogAppender (LogUtils.java:warn(122)) - 593f1123-fce2-46ce-a0f5-50a98353a86f@group-2C65884D69A9->d7f67023-bd71-4164-8161-24a8eb75dffe-AppendLogResponseHandler: Failed appendEntries: org.apache.ratis.thirdparty.io.grpc.StatusRuntimeException: UNAVAILABLE: io exception
2023-04-24 08:17:10,860 [grpc-default-executor-6] WARN  server.GrpcLogAppender (LogUtils.java:warn(122)) - 593f1123-fce2-46ce-a0f5-50a98353a86f@group-2C65884D69A9->d7f67023-bd71-4164-8161-24a8eb75dffe-AppendLogResponseHandler: Failed appendEntries: org.apache.ratis.thirdparty.io.grpc.StatusRuntimeException: UNAVAILABLE: io exception
2023-04-24 08:17:10,861 [grpc-default-executor-1] WARN  server.GrpcLogAppender (GrpcLogAppender.java:resetClient(131)) - 593f1123-fce2-46ce-a0f5-50a98353a86f@group-2C65884D69A9->d7f67023-bd71-4164-8161-24a8eb75dffe-GrpcLogAppender: Leader has not got in touch with Follower 593f1123-fce2-46ce-a0f5-50a98353a86f@group-2C65884D69A9->d7f67023-bd71-4164-8161-24a8eb75dffe(c-1,m0,n6, attendVote=true, lastRpcSendTime=0, lastRpcResponseTime=96620) yet, just keep nextIndex unchanged and retry.
2023-04-24 08:17:10,861 [grpc-default-executor-6] WARN  server.GrpcLogAppender (GrpcLogAppender.java:resetClient(131)) - 593f1123-fce2-46ce-a0f5-50a98353a86f@group-2C65884D69A9->d7f67023-bd71-4164-8161-24a8eb75dffe-GrpcLogAppender: Leader has not got in touch with Follower 593f1123-fce2-46ce-a0f5-50a98353a86f@group-2C65884D69A9->d7f67023-bd71-4164-8161-24a8eb75dffe(c-1,m0,n6, attendVote=true, lastRpcSendTime=0, lastRpcResponseTime=96621) yet, just keep nextIndex unchanged and retry.
2023-04-24 08:17:10,900 [FixedThreadPoolWithAffinityExecutor-9-0] WARN  container.ContainerReportHandler (AbstractContainerReportHandler.java:updateContainerState(259)) - Container #1 is in OPEN state, but the datanode 444322bb-4321-4e38-998a-96758a8a198b(fv-az212-956.zlodpucb4l4udavnfxg5s20dva.cx.internal.cloudapp.net/10.1.0.80) reports an CLOSED replica.
2023-04-24 08:17:10,929 [BlockDeletingService#7] INFO  interfaces.ContainerDeletionChoosingPolicyTemplate (ContainerDeletionChoosingPolicyTemplate.java:chooseContainerForBlockDeletion(83)) - Chosen 0/5000 blocks from 0 candidate containers.
2023-04-24 08:17:10,930 [BlockDeletingService#4] INFO  interfaces.ContainerDeletionChoosingPolicyTemplate (ContainerDeletionChoosingPolicyTemplate.java:chooseContainerForBlockDeletion(83)) - Chosen 0/5000 blocks from 0 candidate containers.
2023-04-24 08:17:11,029 [BlockDeletingService#7] INFO  interfaces.ContainerDeletionChoosingPolicyTemplate (ContainerDeletionChoosingPolicyTemplate.java:chooseContainerForBlockDeletion(83)) - Chosen 0/5000 blocks from 0 candidate containers.
2023-04-24 08:17:11,030 [BlockDeletingService#4] INFO  interfaces.ContainerDeletionChoosingPolicyTemplate (ContainerDeletionChoosingPolicyTemplate.java:chooseContainerForBlockDeletion(83)) - Chosen 0/5000 blocks from 0 candidate containers.
2023-04-24 08:17:11,129 [BlockDeletingService#7] INFO  interfaces.ContainerDeletionChoosingPolicyTemplate (ContainerDeletionChoosingPolicyTemplate.java:chooseContainerForBlockDeletion(83)) - Chosen 0/5000 blocks from 0 candidate containers.
2023-04-24 08:17:11,130 [BlockDeletingService#4] INFO  interfaces.ContainerDeletionChoosingPolicyTemplate (ContainerDeletionChoosingPolicyTemplate.java:chooseContainerForBlockDeletion(83)) - Chosen 0/5000 blocks from 0 candidate containers.
2023-04-24 08:17:11,141 [FixedThreadPoolWithAffinityExecutor-9-0] WARN  container.ContainerReportHandler (AbstractContainerReportHandler.java:updateContainerState(259)) - Container #1 is in OPEN state, but the datanode 593f1123-fce2-46ce-a0f5-50a98353a86f(fv-az212-956.zlodpucb4l4udavnfxg5s20dva.cx.internal.cloudapp.net/10.1.0.80) reports an CLOSED replica.
2023-04-24 08:17:11,200 [FixedThreadPoolWithAffinityExecutor-9-0] WARN  container.ContainerReportHandler (AbstractContainerReportHandler.java:updateContainerState(259)) - Container #1 is in OPEN state, but the datanode 444322bb-4321-4e38-998a-96758a8a198b(fv-az212-956.zlodpucb4l4udavnfxg5s20dva.cx.internal.cloudapp.net/10.1.0.80) reports an CLOSED replica.
2023-04-24 08:17:11,230 [BlockDeletingService#7] INFO  interfaces.ContainerDeletionChoosingPolicyTemplate (ContainerDeletionChoosingPolicyTemplate.java:chooseContainerForBlockDeletion(83)) - Chosen 0/5000 blocks from 0 candidate containers.
2023-04-24 08:17:11,230 [BlockDeletingService#4] INFO  interfaces.ContainerDeletionChoosingPolicyTemplate (ContainerDeletionChoosingPolicyTemplate.java:chooseContainerForBlockDeletion(83)) - Chosen 0/5000 blocks from 0 candidate containers.
2023-04-24 08:17:11,330 [BlockDeletingService#7] INFO  interfaces.ContainerDeletionChoosingPolicyTemplate (ContainerDeletionChoosingPolicyTemplate.java:chooseContainerForBlockDeletion(83)) - Chosen 0/5000 blocks from 0 candidate containers.
2023-04-24 08:17:11,330 [BlockDeletingService#4] INFO  interfaces.ContainerDeletionChoosingPolicyTemplate (ContainerDeletionChoosingPolicyTemplate.java:chooseContainerForBlockDeletion(83)) - Chosen 0/5000 blocks from 0 candidate containers.
2023-04-24 08:17:11,430 [BlockDeletingService#7] INFO  interfaces.ContainerDeletionChoosingPolicyTemplate (ContainerDeletionChoosingPolicyTemplate.java:chooseContainerForBlockDeletion(83)) - Chosen 0/5000 blocks from 0 candidate containers.
2023-04-24 08:17:11,430 [BlockDeletingService#4] INFO  interfaces.ContainerDeletionChoosingPolicyTemplate (ContainerDeletionChoosingPolicyTemplate.java:chooseContainerForBlockDeletion(83)) - Chosen 0/5000 blocks from 0 candidate containers.
2023-04-24 08:17:11,441 [FixedThreadPoolWithAffinityExecutor-9-0] WARN  container.ContainerReportHandler (AbstractContainerReportHandler.java:updateContainerState(259)) - Container #1 is in OPEN state, but the datanode 593f1123-fce2-46ce-a0f5-50a98353a86f(fv-az212-956.zlodpucb4l4udavnfxg5s20dva.cx.internal.cloudapp.net/10.1.0.80) reports an CLOSED replica.
2023-04-24 08:17:11,502 [FixedThreadPoolWithAffinityExecutor-9-0] WARN  container.ContainerReportHandler (AbstractContainerReportHandler.java:updateContainerState(259)) - Container #1 is in OPEN state, but the datanode 444322bb-4321-4e38-998a-96758a8a198b(fv-az212-956.zlodpucb4l4udavnfxg5s20dva.cx.internal.cloudapp.net/10.1.0.80) reports an CLOSED replica.
2023-04-24 08:17:11,530 [BlockDeletingService#7] INFO  interfaces.ContainerDeletionChoosingPolicyTemplate (ContainerDeletionChoosingPolicyTemplate.java:chooseContainerForBlockDeletion(83)) - Chosen 0/5000 blocks from 0 candidate containers.
2023-04-24 08:17:11,530 [BlockDeletingService#4] INFO  interfaces.ContainerDeletionChoosingPolicyTemplate (ContainerDeletionChoosingPolicyTemplate.java:chooseContainerForBlockDeletion(83)) - Chosen 0/5000 blocks from 0 candidate containers.
2023-04-24 08:17:11,630 [BlockDeletingService#7] INFO  interfaces.ContainerDeletionChoosingPolicyTemplate (ContainerDeletionChoosingPolicyTemplate.java:chooseContainerForBlockDeletion(83)) - Chosen 0/5000 blocks from 0 candidate containers.
2023-04-24 08:17:11,631 [BlockDeletingService#4] INFO  interfaces.ContainerDeletionChoosingPolicyTemplate (ContainerDeletionChoosingPolicyTemplate.java:chooseContainerForBlockDeletion(83)) - Chosen 0/5000 blocks from 0 candidate containers.
2023-04-24 08:17:11,730 [BlockDeletingService#7] INFO  interfaces.ContainerDeletionChoosingPolicyTemplate (ContainerDeletionChoosingPolicyTemplate.java:chooseContainerForBlockDeletion(83)) - Chosen 0/5000 blocks from 0 candidate containers.
2023-04-24 08:17:11,731 [BlockDeletingService#4] INFO  interfaces.ContainerDeletionChoosingPolicyTemplate (ContainerDeletionChoosingPolicyTemplate.java:chooseContainerForBlockDeletion(83)) - Chosen 0/5000 blocks from 0 candidate containers.
2023-04-24 08:17:11,741 [FixedThreadPoolWithAffinityExecutor-9-0] WARN  container.ContainerReportHandler (AbstractContainerReportHandler.java:updateContainerState(259)) - Container #1 is in OPEN state, but the datanode 593f1123-fce2-46ce-a0f5-50a98353a86f(fv-az212-956.zlodpucb4l4udavnfxg5s20dva.cx.internal.cloudapp.net/10.1.0.80) reports an CLOSED replica.
2023-04-24 08:17:11,802 [FixedThreadPoolWithAffinityExecutor-9-0] WARN  container.ContainerReportHandler (AbstractContainerReportHandler.java:updateContainerState(259)) - Container #1 is in OPEN state, but the datanode 444322bb-4321-4e38-998a-96758a8a198b(fv-az212-956.zlodpucb4l4udavnfxg5s20dva.cx.internal.cloudapp.net/10.1.0.80) reports an CLOSED replica.
2023-04-24 08:17:11,831 [BlockDeletingService#7] INFO  interfaces.ContainerDeletionChoosingPolicyTemplate (ContainerDeletionChoosingPolicyTemplate.java:chooseContainerForBlockDeletion(83)) - Chosen 0/5000 blocks from 0 candidate containers.
2023-04-24 08:17:11,831 [BlockDeletingService#4] INFO  interfaces.ContainerDeletionChoosingPolicyTemplate (ContainerDeletionChoosingPolicyTemplate.java:chooseContainerForBlockDeletion(83)) - Chosen 0/5000 blocks from 0 candidate containers.
2023-04-24 08:17:11,931 [BlockDeletingService#7] INFO  interfaces.ContainerDeletionChoosingPolicyTemplate (ContainerDeletionChoosingPolicyTemplate.java:chooseContainerForBlockDeletion(83)) - Chosen 0/5000 blocks from 0 candidate containers.
2023-04-24 08:17:11,931 [BlockDeletingService#4] INFO  interfaces.ContainerDeletionChoosingPolicyTemplate (ContainerDeletionChoosingPolicyTemplate.java:chooseContainerForBlockDeletion(83)) - Chosen 0/5000 blocks from 0 candidate containers.
2023-04-24 08:17:12,031 [BlockDeletingService#7] INFO  interfaces.ContainerDeletionChoosingPolicyTemplate (ContainerDeletionChoosingPolicyTemplate.java:chooseContainerForBlockDeletion(83)) - Chosen 0/5000 blocks from 0 candidate containers.
2023-04-24 08:17:12,031 [BlockDeletingService#4] INFO  interfaces.ContainerDeletionChoosingPolicyTemplate (ContainerDeletionChoosingPolicyTemplate.java:chooseContainerForBlockDeletion(83)) - Chosen 0/5000 blocks from 0 candidate containers.
2023-04-24 08:17:12,102 [FixedThreadPoolWithAffinityExecutor-9-0] WARN  container.ContainerReportHandler (AbstractContainerReportHandler.java:updateContainerState(259)) - Container #1 is in OPEN state, but the datanode 444322bb-4321-4e38-998a-96758a8a198b(fv-az212-956.zlodpucb4l4udavnfxg5s20dva.cx.internal.cloudapp.net/10.1.0.80) reports an CLOSED replica.
2023-04-24 08:17:12,111 [grpc-default-executor-6] WARN  server.GrpcLogAppender (LogUtils.java:warn(122)) - 593f1123-fce2-46ce-a0f5-50a98353a86f@group-2C65884D69A9->d7f67023-bd71-4164-8161-24a8eb75dffe-AppendLogResponseHandler: Failed appendEntries: org.apache.ratis.thirdparty.io.grpc.StatusRuntimeException: UNAVAILABLE: io exception
2023-04-24 08:17:12,111 [grpc-default-executor-1] WARN  server.GrpcLogAppender (LogUtils.java:warn(122)) - 593f1123-fce2-46ce-a0f5-50a98353a86f@group-2C65884D69A9->d7f67023-bd71-4164-8161-24a8eb75dffe-AppendLogResponseHandler: Failed appendEntries: org.apache.ratis.thirdparty.io.grpc.StatusRuntimeException: UNAVAILABLE: io exception
2023-04-24 08:17:12,111 [grpc-default-executor-6] WARN  server.GrpcLogAppender (GrpcLogAppender.java:resetClient(131)) - 593f1123-fce2-46ce-a0f5-50a98353a86f@group-2C65884D69A9->d7f67023-bd71-4164-8161-24a8eb75dffe-GrpcLogAppender: Leader has not got in touch with Follower 593f1123-fce2-46ce-a0f5-50a98353a86f@group-2C65884D69A9->d7f67023-bd71-4164-8161-24a8eb75dffe(c-1,m0,n6, attendVote=true, lastRpcSendTime=0, lastRpcResponseTime=97870) yet, just keep nextIndex unchanged and retry.
2023-04-24 08:17:12,112 [grpc-default-executor-1] WARN  server.GrpcLogAppender (GrpcLogAppender.java:resetClient(131)) - 593f1123-fce2-46ce-a0f5-50a98353a86f@group-2C65884D69A9->d7f67023-bd71-4164-8161-24a8eb75dffe-GrpcLogAppender: Leader has not got in touch with Follower 593f1123-fce2-46ce-a0f5-50a98353a86f@group-2C65884D69A9->d7f67023-bd71-4164-8161-24a8eb75dffe(c-1,m0,n6, attendVote=true, lastRpcSendTime=1, lastRpcResponseTime=97871) yet, just keep nextIndex unchanged and retry.
2023-04-24 08:17:12,131 [BlockDeletingService#7] INFO  interfaces.ContainerDeletionChoosingPolicyTemplate (ContainerDeletionChoosingPolicyTemplate.java:chooseContainerForBlockDeletion(83)) - Chosen 0/5000 blocks from 0 candidate containers.
2023-04-24 08:17:12,131 [BlockDeletingService#4] INFO  interfaces.ContainerDeletionChoosingPolicyTemplate (ContainerDeletionChoosingPolicyTemplate.java:chooseContainerForBlockDeletion(83)) - Chosen 0/5000 blocks from 0 candidate containers.
2023-04-24 08:17:12,141 [FixedThreadPoolWithAffinityExecutor-9-0] WARN  container.ContainerReportHandler (AbstractContainerReportHandler.java:updateContainerState(259)) - Container #1 is in OPEN state, but the datanode 593f1123-fce2-46ce-a0f5-50a98353a86f(fv-az212-956.zlodpucb4l4udavnfxg5s20dva.cx.internal.cloudapp.net/10.1.0.80) reports an CLOSED replica.
2023-04-24 08:17:12,231 [BlockDeletingService#7] INFO  interfaces.ContainerDeletionChoosingPolicyTemplate (ContainerDeletionChoosingPolicyTemplate.java:chooseContainerForBlockDeletion(83)) - Chosen 0/5000 blocks from 0 candidate containers.
2023-04-24 08:17:12,231 [BlockDeletingService#4] INFO  interfaces.ContainerDeletionChoosingPolicyTemplate (ContainerDeletionChoosingPolicyTemplate.java:chooseContainerForBlockDeletion(83)) - Chosen 0/5000 blocks from 0 candidate containers.
2023-04-24 08:17:12,331 [BlockDeletingService#7] INFO  interfaces.ContainerDeletionChoosingPolicyTemplate (ContainerDeletionChoosingPolicyTemplate.java:chooseContainerForBlockDeletion(83)) - Chosen 0/5000 blocks from 0 candidate containers.
2023-04-24 08:17:12,332 [BlockDeletingService#4] INFO  interfaces.ContainerDeletionChoosingPolicyTemplate (ContainerDeletionChoosingPolicyTemplate.java:chooseContainerForBlockDeletion(83)) - Chosen 0/5000 blocks from 0 candidate containers.
2023-04-24 08:17:12,403 [FixedThreadPoolWithAffinityExecutor-9-0] WARN  container.ContainerReportHandler (AbstractContainerReportHandler.java:updateContainerState(259)) - Container #1 is in OPEN state, but the datanode 444322bb-4321-4e38-998a-96758a8a198b(fv-az212-956.zlodpucb4l4udavnfxg5s20dva.cx.internal.cloudapp.net/10.1.0.80) reports an CLOSED replica.
2023-04-24 08:17:12,432 [BlockDeletingService#7] INFO  interfaces.ContainerDeletionChoosingPolicyTemplate (ContainerDeletionChoosingPolicyTemplate.java:chooseContainerForBlockDeletion(83)) - Chosen 0/5000 blocks from 0 candidate containers.
2023-04-24 08:17:12,432 [BlockDeletingService#4] INFO  interfaces.ContainerDeletionChoosingPolicyTemplate (ContainerDeletionChoosingPolicyTemplate.java:chooseContainerForBlockDeletion(83)) - Chosen 0/5000 blocks from 0 candidate containers.
2023-04-24 08:17:12,443 [FixedThreadPoolWithAffinityExecutor-9-0] WARN  container.ContainerReportHandler (AbstractContainerReportHandler.java:updateContainerState(259)) - Container #1 is in OPEN state, but the datanode 593f1123-fce2-46ce-a0f5-50a98353a86f(fv-az212-956.zlodpucb4l4udavnfxg5s20dva.cx.internal.cloudapp.net/10.1.0.80) reports an CLOSED replica.
2023-04-24 08:17:12,532 [BlockDeletingService#7] INFO  interfaces.ContainerDeletionChoosingPolicyTemplate (ContainerDeletionChoosingPolicyTemplate.java:chooseContainerForBlockDeletion(83)) - Chosen 0/5000 blocks from 0 candidate containers.
2023-04-24 08:17:12,532 [BlockDeletingService#4] INFO  interfaces.ContainerDeletionChoosingPolicyTemplate (ContainerDeletionChoosingPolicyTemplate.java:chooseContainerForBlockDeletion(83)) - Chosen 0/5000 blocks from 0 candidate containers.
2023-04-24 08:17:12,601 [FixedThreadPoolWithAffinityExecutor-9-0] WARN  container.ContainerReportHandler (AbstractContainerReportHandler.java:updateContainerState(259)) - Container #1 is in OPEN state, but the datanode 444322bb-4321-4e38-998a-96758a8a198b(fv-az212-956.zlodpucb4l4udavnfxg5s20dva.cx.internal.cloudapp.net/10.1.0.80) reports an CLOSED replica.
2023-04-24 08:17:12,632 [BlockDeletingService#7] INFO  interfaces.ContainerDeletionChoosingPolicyTemplate (ContainerDeletionChoosingPolicyTemplate.java:chooseContainerForBlockDeletion(83)) - Chosen 0/5000 blocks from 0 candidate containers.
2023-04-24 08:17:12,632 [BlockDeletingService#4] INFO  interfaces.ContainerDeletionChoosingPolicyTemplate (ContainerDeletionChoosingPolicyTemplate.java:chooseContainerForBlockDeletion(83)) - Chosen 0/5000 blocks from 0 candidate containers.
2023-04-24 08:17:12,732 [BlockDeletingService#7] INFO  interfaces.ContainerDeletionChoosingPolicyTemplate (ContainerDeletionChoosingPolicyTemplate.java:chooseContainerForBlockDeletion(83)) - Chosen 0/5000 blocks from 0 candidate containers.
2023-04-24 08:17:12,732 [BlockDeletingService#4] INFO  interfaces.ContainerDeletionChoosingPolicyTemplate (ContainerDeletionChoosingPolicyTemplate.java:chooseContainerForBlockDeletion(83)) - Chosen 0/5000 blocks from 0 candidate containers.
2023-04-24 08:17:12,743 [FixedThreadPoolWithAffinityExecutor-9-0] WARN  container.ContainerReportHandler (AbstractContainerReportHandler.java:updateContainerState(259)) - Container #1 is in OPEN state, but the datanode 593f1123-fce2-46ce-a0f5-50a98353a86f(fv-az212-956.zlodpucb4l4udavnfxg5s20dva.cx.internal.cloudapp.net/10.1.0.80) reports an CLOSED replica.
2023-04-24 08:17:12,832 [BlockDeletingService#7] INFO  interfaces.ContainerDeletionChoosingPolicyTemplate (ContainerDeletionChoosingPolicyTemplate.java:chooseContainerForBlockDeletion(83)) - Chosen 0/5000 blocks from 0 candidate containers.
2023-04-24 08:17:12,832 [BlockDeletingService#4] INFO  interfaces.ContainerDeletionChoosingPolicyTemplate (ContainerDeletionChoosingPolicyTemplate.java:chooseContainerForBlockDeletion(83)) - Chosen 0/5000 blocks from 0 candidate containers.
2023-04-24 08:17:12,903 [FixedThreadPoolWithAffinityExecutor-9-0] WARN  container.ContainerReportHandler (AbstractContainerReportHandler.java:updateContainerState(259)) - Container #1 is in OPEN state, but the datanode 444322bb-4321-4e38-998a-96758a8a198b(fv-az212-956.zlodpucb4l4udavnfxg5s20dva.cx.internal.cloudapp.net/10.1.0.80) reports an CLOSED replica.
2023-04-24 08:17:12,933 [BlockDeletingService#7] INFO  interfaces.ContainerDeletionChoosingPolicyTemplate (ContainerDeletionChoosingPolicyTemplate.java:chooseContainerForBlockDeletion(83)) - Chosen 0/5000 blocks from 0 candidate containers.
2023-04-24 08:17:12,933 [BlockDeletingService#4] INFO  interfaces.ContainerDeletionChoosingPolicyTemplate (ContainerDeletionChoosingPolicyTemplate.java:chooseContainerForBlockDeletion(83)) - Chosen 0/5000 blocks from 0 candidate containers.
2023-04-24 08:17:13,033 [BlockDeletingService#7] INFO  interfaces.ContainerDeletionChoosingPolicyTemplate (ContainerDeletionChoosingPolicyTemplate.java:chooseContainerForBlockDeletion(83)) - Chosen 0/5000 blocks from 0 candidate containers.
2023-04-24 08:17:13,033 [BlockDeletingService#4] INFO  interfaces.ContainerDeletionChoosingPolicyTemplate (ContainerDeletionChoosingPolicyTemplate.java:chooseContainerForBlockDeletion(83)) - Chosen 0/5000 blocks from 0 candidate containers.
2023-04-24 08:17:13,043 [FixedThreadPoolWithAffinityExecutor-9-0] WARN  container.ContainerReportHandler (AbstractContainerReportHandler.java:updateContainerState(259)) - Container #1 is in OPEN state, but the datanode 593f1123-fce2-46ce-a0f5-50a98353a86f(fv-az212-956.zlodpucb4l4udavnfxg5s20dva.cx.internal.cloudapp.net/10.1.0.80) reports an CLOSED replica.
2023-04-24 08:17:13,133 [BlockDeletingService#7] INFO  interfaces.ContainerDeletionChoosingPolicyTemplate (ContainerDeletionChoosingPolicyTemplate.java:chooseContainerForBlockDeletion(83)) - Chosen 0/5000 blocks from 0 candidate containers.
2023-04-24 08:17:13,133 [BlockDeletingService#4] INFO  interfaces.ContainerDeletionChoosingPolicyTemplate (ContainerDeletionChoosingPolicyTemplate.java:chooseContainerForBlockDeletion(83)) - Chosen 0/5000 blocks from 0 candidate containers.
2023-04-24 08:17:13,204 [FixedThreadPoolWithAffinityExecutor-9-0] WARN  container.ContainerReportHandler (AbstractContainerReportHandler.java:updateContainerState(259)) - Container #1 is in OPEN state, but the datanode 444322bb-4321-4e38-998a-96758a8a198b(fv-az212-956.zlodpucb4l4udavnfxg5s20dva.cx.internal.cloudapp.net/10.1.0.80) reports an CLOSED replica.
2023-04-24 08:17:13,233 [BlockDeletingService#7] INFO  interfaces.ContainerDeletionChoosingPolicyTemplate (ContainerDeletionChoosingPolicyTemplate.java:chooseContainerForBlockDeletion(83)) - Chosen 0/5000 blocks from 0 candidate containers.
2023-04-24 08:17:13,233 [BlockDeletingService#4] INFO  interfaces.ContainerDeletionChoosingPolicyTemplate (ContainerDeletionChoosingPolicyTemplate.java:chooseContainerForBlockDeletion(83)) - Chosen 0/5000 blocks from 0 candidate containers.
2023-04-24 08:17:13,333 [BlockDeletingService#7] INFO  interfaces.ContainerDeletionChoosingPolicyTemplate (ContainerDeletionChoosingPolicyTemplate.java:chooseContainerForBlockDeletion(83)) - Chosen 0/5000 blocks from 0 candidate containers.
2023-04-24 08:17:13,333 [BlockDeletingService#4] INFO  interfaces.ContainerDeletionChoosingPolicyTemplate (ContainerDeletionChoosingPolicyTemplate.java:chooseContainerForBlockDeletion(83)) - Chosen 0/5000 blocks from 0 candidate containers.
2023-04-24 08:17:13,343 [FixedThreadPoolWithAffinityExecutor-9-0] WARN  container.ContainerReportHandler (AbstractContainerReportHandler.java:updateContainerState(259)) - Container #1 is in OPEN state, but the datanode 593f1123-fce2-46ce-a0f5-50a98353a86f(fv-az212-956.zlodpucb4l4udavnfxg5s20dva.cx.internal.cloudapp.net/10.1.0.80) reports an CLOSED replica.
2023-04-24 08:17:13,361 [grpc-default-executor-1] WARN  server.GrpcLogAppender (LogUtils.java:warn(122)) - 593f1123-fce2-46ce-a0f5-50a98353a86f@group-2C65884D69A9->d7f67023-bd71-4164-8161-24a8eb75dffe-AppendLogResponseHandler: Failed appendEntries: org.apache.ratis.thirdparty.io.grpc.StatusRuntimeException: UNAVAILABLE: io exception
2023-04-24 08:17:13,362 [grpc-default-executor-1] WARN  server.GrpcLogAppender (GrpcLogAppender.java:resetClient(131)) - 593f1123-fce2-46ce-a0f5-50a98353a86f@group-2C65884D69A9->d7f67023-bd71-4164-8161-24a8eb75dffe-GrpcLogAppender: Leader has not got in touch with Follower 593f1123-fce2-46ce-a0f5-50a98353a86f@group-2C65884D69A9->d7f67023-bd71-4164-8161-24a8eb75dffe(c-1,m0,n6, attendVote=true, lastRpcSendTime=1250, lastRpcResponseTime=99121) yet, just keep nextIndex unchanged and retry.
2023-04-24 08:17:13,362 [grpc-default-executor-6] WARN  server.GrpcLogAppender (LogUtils.java:warn(122)) - 593f1123-fce2-46ce-a0f5-50a98353a86f@group-2C65884D69A9->d7f67023-bd71-4164-8161-24a8eb75dffe-AppendLogResponseHandler: Failed appendEntries: org.apache.ratis.thirdparty.io.grpc.StatusRuntimeException: UNAVAILABLE: io exception
2023-04-24 08:17:13,362 [grpc-default-executor-1] WARN  server.GrpcLogAppender (LogUtils.java:warn(122)) - 593f1123-fce2-46ce-a0f5-50a98353a86f@group-2C65884D69A9->d7f67023-bd71-4164-8161-24a8eb75dffe-AppendLogResponseHandler: Failed appendEntries: org.apache.ratis.thirdparty.io.grpc.StatusRuntimeException: UNAVAILABLE: io exception
2023-04-24 08:17:13,362 [grpc-default-executor-5] WARN  server.GrpcLogAppender (LogUtils.java:warn(122)) - 593f1123-fce2-46ce-a0f5-50a98353a86f@group-2C65884D69A9->d7f67023-bd71-4164-8161-24a8eb75dffe-AppendLogResponseHandler: Failed appendEntries: org.apache.ratis.thirdparty.io.grpc.StatusRuntimeException: UNAVAILABLE: io exception
2023-04-24 08:17:13,363 [grpc-default-executor-6] WARN  server.GrpcLogAppender (GrpcLogAppender.java:resetClient(131)) - 593f1123-fce2-46ce-a0f5-50a98353a86f@group-2C65884D69A9->d7f67023-bd71-4164-8161-24a8eb75dffe-GrpcLogAppender: Leader has not got in touch with Follower 593f1123-fce2-46ce-a0f5-50a98353a86f@group-2C65884D69A9->d7f67023-bd71-4164-8161-24a8eb75dffe(c-1,m0,n6, attendVote=true, lastRpcSendTime=0, lastRpcResponseTime=99122) yet, just keep nextIndex unchanged and retry.
2023-04-24 08:17:13,364 [grpc-default-executor-1] WARN  server.GrpcLogAppender (GrpcLogAppender.java:resetClient(131)) - 593f1123-fce2-46ce-a0f5-50a98353a86f@group-2C65884D69A9->d7f67023-bd71-4164-8161-24a8eb75dffe-GrpcLogAppender: Leader has not got in touch with Follower 593f1123-fce2-46ce-a0f5-50a98353a86f@group-2C65884D69A9->d7f67023-bd71-4164-8161-24a8eb75dffe(c-1,m0,n6, attendVote=true, lastRpcSendTime=1, lastRpcResponseTime=99123) yet, just keep nextIndex unchanged and retry.
2023-04-24 08:17:13,364 [grpc-default-executor-5] WARN  server.GrpcLogAppender (GrpcLogAppender.java:resetClient(131)) - 593f1123-fce2-46ce-a0f5-50a98353a86f@group-2C65884D69A9->d7f67023-bd71-4164-8161-24a8eb75dffe-GrpcLogAppender: Leader has not got in touch with Follower 593f1123-fce2-46ce-a0f5-50a98353a86f@group-2C65884D69A9->d7f67023-bd71-4164-8161-24a8eb75dffe(c-1,m0,n6, attendVote=true, lastRpcSendTime=1, lastRpcResponseTime=99123) yet, just keep nextIndex unchanged and retry.
2023-04-24 08:17:13,434 [BlockDeletingService#7] INFO  interfaces.ContainerDeletionChoosingPolicyTemplate (ContainerDeletionChoosingPolicyTemplate.java:chooseContainerForBlockDeletion(83)) - Chosen 0/5000 blocks from 0 candidate containers.
2023-04-24 08:17:13,434 [BlockDeletingService#4] INFO  interfaces.ContainerDeletionChoosingPolicyTemplate (ContainerDeletionChoosingPolicyTemplate.java:chooseContainerForBlockDeletion(83)) - Chosen 0/5000 blocks from 0 candidate containers.
2023-04-24 08:17:13,504 [FixedThreadPoolWithAffinityExecutor-9-0] WARN  container.ContainerReportHandler (AbstractContainerReportHandler.java:updateContainerState(259)) - Container #1 is in OPEN state, but the datanode 444322bb-4321-4e38-998a-96758a8a198b(fv-az212-956.zlodpucb4l4udavnfxg5s20dva.cx.internal.cloudapp.net/10.1.0.80) reports an CLOSED replica.
2023-04-24 08:17:13,534 [BlockDeletingService#7] INFO  interfaces.ContainerDeletionChoosingPolicyTemplate (ContainerDeletionChoosingPolicyTemplate.java:chooseContainerForBlockDeletion(83)) - Chosen 0/5000 blocks from 0 candidate containers.
2023-04-24 08:17:13,534 [BlockDeletingService#4] INFO  interfaces.ContainerDeletionChoosingPolicyTemplate (ContainerDeletionChoosingPolicyTemplate.java:chooseContainerForBlockDeletion(83)) - Chosen 0/5000 blocks from 0 candidate containers.
2023-04-24 08:17:13,634 [BlockDeletingService#7] INFO  interfaces.ContainerDeletionChoosingPolicyTemplate (ContainerDeletionChoosingPolicyTemplate.java:chooseContainerForBlockDeletion(83)) - Chosen 0/5000 blocks from 0 candidate containers.
2023-04-24 08:17:13,634 [BlockDeletingService#4] INFO  interfaces.ContainerDeletionChoosingPolicyTemplate (ContainerDeletionChoosingPolicyTemplate.java:chooseContainerForBlockDeletion(83)) - Chosen 0/5000 blocks from 0 candidate containers.
2023-04-24 08:17:13,643 [FixedThreadPoolWithAffinityExecutor-9-0] WARN  container.ContainerReportHandler (AbstractContainerReportHandler.java:updateContainerState(259)) - Container #1 is in OPEN state, but the datanode 593f1123-fce2-46ce-a0f5-50a98353a86f(fv-az212-956.zlodpucb4l4udavnfxg5s20dva.cx.internal.cloudapp.net/10.1.0.80) reports an CLOSED replica.
2023-04-24 08:17:13,734 [BlockDeletingService#7] INFO  interfaces.ContainerDeletionChoosingPolicyTemplate (ContainerDeletionChoosingPolicyTemplate.java:chooseContainerForBlockDeletion(83)) - Chosen 0/5000 blocks from 0 candidate containers.
2023-04-24 08:17:13,734 [BlockDeletingService#4] INFO  interfaces.ContainerDeletionChoosingPolicyTemplate (ContainerDeletionChoosingPolicyTemplate.java:chooseContainerForBlockDeletion(83)) - Chosen 0/5000 blocks from 0 candidate containers.
2023-04-24 08:17:13,804 [FixedThreadPoolWithAffinityExecutor-9-0] WARN  container.ContainerReportHandler (AbstractContainerReportHandler.java:updateContainerState(259)) - Container #1 is in OPEN state, but the datanode 444322bb-4321-4e38-998a-96758a8a198b(fv-az212-956.zlodpucb4l4udavnfxg5s20dva.cx.internal.cloudapp.net/10.1.0.80) reports an CLOSED replica.
2023-04-24 08:17:13,834 [BlockDeletingService#7] INFO  interfaces.ContainerDeletionChoosingPolicyTemplate (ContainerDeletionChoosingPolicyTemplate.java:chooseContainerForBlockDeletion(83)) - Chosen 0/5000 blocks from 0 candidate containers.
2023-04-24 08:17:13,834 [BlockDeletingService#4] INFO  interfaces.ContainerDeletionChoosingPolicyTemplate (ContainerDeletionChoosingPolicyTemplate.java:chooseContainerForBlockDeletion(83)) - Chosen 0/5000 blocks from 0 candidate containers.
2023-04-24 08:17:13,934 [BlockDeletingService#7] INFO  interfaces.ContainerDeletionChoosingPolicyTemplate (ContainerDeletionChoosingPolicyTemplate.java:chooseContainerForBlockDeletion(83)) - Chosen 0/5000 blocks from 0 candidate containers.
2023-04-24 08:17:13,934 [BlockDeletingService#4] INFO  interfaces.ContainerDeletionChoosingPolicyTemplate (ContainerDeletionChoosingPolicyTemplate.java:chooseContainerForBlockDeletion(83)) - Chosen 0/5000 blocks from 0 candidate containers.
2023-04-24 08:17:13,943 [FixedThreadPoolWithAffinityExecutor-9-0] WARN  container.ContainerReportHandler (AbstractContainerReportHandler.java:updateContainerState(259)) - Container #1 is in OPEN state, but the datanode 593f1123-fce2-46ce-a0f5-50a98353a86f(fv-az212-956.zlodpucb4l4udavnfxg5s20dva.cx.internal.cloudapp.net/10.1.0.80) reports an CLOSED replica.
2023-04-24 08:17:14,035 [BlockDeletingService#7] INFO  interfaces.ContainerDeletionChoosingPolicyTemplate (ContainerDeletionChoosingPolicyTemplate.java:chooseContainerForBlockDeletion(83)) - Chosen 0/5000 blocks from 0 candidate containers.
2023-04-24 08:17:14,035 [BlockDeletingService#4] INFO  interfaces.ContainerDeletionChoosingPolicyTemplate (ContainerDeletionChoosingPolicyTemplate.java:chooseContainerForBlockDeletion(83)) - Chosen 0/5000 blocks from 0 candidate containers.
2023-04-24 08:17:14,105 [FixedThreadPoolWithAffinityExecutor-9-0] WARN  container.ContainerReportHandler (AbstractContainerReportHandler.java:updateContainerState(259)) - Container #1 is in OPEN state, but the datanode 444322bb-4321-4e38-998a-96758a8a198b(fv-az212-956.zlodpucb4l4udavnfxg5s20dva.cx.internal.cloudapp.net/10.1.0.80) reports an CLOSED replica.
2023-04-24 08:17:14,135 [BlockDeletingService#7] INFO  interfaces.ContainerDeletionChoosingPolicyTemplate (ContainerDeletionChoosingPolicyTemplate.java:chooseContainerForBlockDeletion(83)) - Chosen 0/5000 blocks from 0 candidate containers.
2023-04-24 08:17:14,135 [BlockDeletingService#4] INFO  interfaces.ContainerDeletionChoosingPolicyTemplate (ContainerDeletionChoosingPolicyTemplate.java:chooseContainerForBlockDeletion(83)) - Chosen 0/5000 blocks from 0 candidate containers.
2023-04-24 08:17:14,235 [BlockDeletingService#4] INFO  interfaces.ContainerDeletionChoosingPolicyTemplate (ContainerDeletionChoosingPolicyTemplate.java:chooseContainerForBlockDeletion(83)) - Chosen 0/5000 blocks from 0 candidate containers.
2023-04-24 08:17:14,235 [BlockDeletingService#7] INFO  interfaces.ContainerDeletionChoosingPolicyTemplate (ContainerDeletionChoosingPolicyTemplate.java:chooseContainerForBlockDeletion(83)) - Chosen 0/5000 blocks from 0 candidate containers.
2023-04-24 08:17:14,243 [FixedThreadPoolWithAffinityExecutor-9-0] WARN  container.ContainerReportHandler (AbstractContainerReportHandler.java:updateContainerState(259)) - Container #1 is in OPEN state, but the datanode 593f1123-fce2-46ce-a0f5-50a98353a86f(fv-az212-956.zlodpucb4l4udavnfxg5s20dva.cx.internal.cloudapp.net/10.1.0.80) reports an CLOSED replica.
2023-04-24 08:17:14,335 [BlockDeletingService#4] INFO  interfaces.ContainerDeletionChoosingPolicyTemplate (ContainerDeletionChoosingPolicyTemplate.java:chooseContainerForBlockDeletion(83)) - Chosen 0/5000 blocks from 0 candidate containers.
2023-04-24 08:17:14,335 [BlockDeletingService#7] INFO  interfaces.ContainerDeletionChoosingPolicyTemplate (ContainerDeletionChoosingPolicyTemplate.java:chooseContainerForBlockDeletion(83)) - Chosen 0/5000 blocks from 0 candidate containers.
2023-04-24 08:17:14,405 [FixedThreadPoolWithAffinityExecutor-9-0] WARN  container.ContainerReportHandler (AbstractContainerReportHandler.java:updateContainerState(259)) - Container #1 is in OPEN state, but the datanode 444322bb-4321-4e38-998a-96758a8a198b(fv-az212-956.zlodpucb4l4udavnfxg5s20dva.cx.internal.cloudapp.net/10.1.0.80) reports an CLOSED replica.
2023-04-24 08:17:14,435 [BlockDeletingService#4] INFO  interfaces.ContainerDeletionChoosingPolicyTemplate (ContainerDeletionChoosingPolicyTemplate.java:chooseContainerForBlockDeletion(83)) - Chosen 0/5000 blocks from 0 candidate containers.
2023-04-24 08:17:14,435 [BlockDeletingService#7] INFO  interfaces.ContainerDeletionChoosingPolicyTemplate (ContainerDeletionChoosingPolicyTemplate.java:chooseContainerForBlockDeletion(83)) - Chosen 0/5000 blocks from 0 candidate containers.
2023-04-24 08:17:14,535 [BlockDeletingService#7] INFO  interfaces.ContainerDeletionChoosingPolicyTemplate (ContainerDeletionChoosingPolicyTemplate.java:chooseContainerForBlockDeletion(83)) - Chosen 0/5000 blocks from 0 candidate containers.
2023-04-24 08:17:14,535 [BlockDeletingService#4] INFO  interfaces.ContainerDeletionChoosingPolicyTemplate (ContainerDeletionChoosingPolicyTemplate.java:chooseContainerForBlockDeletion(83)) - Chosen 0/5000 blocks from 0 candidate containers.
2023-04-24 08:17:14,543 [FixedThreadPoolWithAffinityExecutor-9-0] WARN  container.ContainerReportHandler (AbstractContainerReportHandler.java:updateContainerState(259)) - Container #1 is in OPEN state, but the datanode 593f1123-fce2-46ce-a0f5-50a98353a86f(fv-az212-956.zlodpucb4l4udavnfxg5s20dva.cx.internal.cloudapp.net/10.1.0.80) reports an CLOSED replica.
2023-04-24 08:17:14,613 [grpc-default-executor-5] WARN  server.GrpcLogAppender (LogUtils.java:warn(122)) - 593f1123-fce2-46ce-a0f5-50a98353a86f@group-2C65884D69A9->d7f67023-bd71-4164-8161-24a8eb75dffe-AppendLogResponseHandler: Failed appendEntries: org.apache.ratis.thirdparty.io.grpc.StatusRuntimeException: UNAVAILABLE: io exception
2023-04-24 08:17:14,613 [grpc-default-executor-5] WARN  server.GrpcLogAppender (GrpcLogAppender.java:resetClient(131)) - 593f1123-fce2-46ce-a0f5-50a98353a86f@group-2C65884D69A9->d7f67023-bd71-4164-8161-24a8eb75dffe-GrpcLogAppender: Leader has not got in touch with Follower 593f1123-fce2-46ce-a0f5-50a98353a86f@group-2C65884D69A9->d7f67023-bd71-4164-8161-24a8eb75dffe(c-1,m0,n6, attendVote=true, lastRpcSendTime=0, lastRpcResponseTime=100373) yet, just keep nextIndex unchanged and retry.
2023-04-24 08:17:14,614 [grpc-default-executor-1] WARN  server.GrpcLogAppender (LogUtils.java:warn(122)) - 593f1123-fce2-46ce-a0f5-50a98353a86f@group-2C65884D69A9->d7f67023-bd71-4164-8161-24a8eb75dffe-AppendLogResponseHandler: Failed appendEntries: org.apache.ratis.thirdparty.io.grpc.StatusRuntimeException: UNAVAILABLE: io exception
2023-04-24 08:17:14,614 [grpc-default-executor-1] WARN  server.GrpcLogAppender (GrpcLogAppender.java:resetClient(131)) - 593f1123-fce2-46ce-a0f5-50a98353a86f@group-2C65884D69A9->d7f67023-bd71-4164-8161-24a8eb75dffe-GrpcLogAppender: Leader has not got in touch with Follower 593f1123-fce2-46ce-a0f5-50a98353a86f@group-2C65884D69A9->d7f67023-bd71-4164-8161-24a8eb75dffe(c-1,m0,n6, attendVote=true, lastRpcSendTime=1, lastRpcResponseTime=100373) yet, just keep nextIndex unchanged and retry.
2023-04-24 08:17:14,636 [BlockDeletingService#7] INFO  interfaces.ContainerDeletionChoosingPolicyTemplate (ContainerDeletionChoosingPolicyTemplate.java:chooseContainerForBlockDeletion(83)) - Chosen 0/5000 blocks from 0 candidate containers.
2023-04-24 08:17:14,636 [BlockDeletingService#4] INFO  interfaces.ContainerDeletionChoosingPolicyTemplate (ContainerDeletionChoosingPolicyTemplate.java:chooseContainerForBlockDeletion(83)) - Chosen 0/5000 blocks from 0 candidate containers.
2023-04-24 08:17:14,707 [FixedThreadPoolWithAffinityExecutor-9-0] WARN  container.ContainerReportHandler (AbstractContainerReportHandler.java:updateContainerState(259)) - Container #1 is in OPEN state, but the datanode 444322bb-4321-4e38-998a-96758a8a198b(fv-az212-956.zlodpucb4l4udavnfxg5s20dva.cx.internal.cloudapp.net/10.1.0.80) reports an CLOSED replica.
2023-04-24 08:17:14,736 [BlockDeletingService#7] INFO  interfaces.ContainerDeletionChoosingPolicyTemplate (ContainerDeletionChoosingPolicyTemplate.java:chooseContainerForBlockDeletion(83)) - Chosen 0/5000 blocks from 0 candidate containers.
2023-04-24 08:17:14,736 [BlockDeletingService#4] INFO  interfaces.ContainerDeletionChoosingPolicyTemplate (ContainerDeletionChoosingPolicyTemplate.java:chooseContainerForBlockDeletion(83)) - Chosen 0/5000 blocks from 0 candidate containers.
2023-04-24 08:17:14,836 [BlockDeletingService#7] INFO  interfaces.ContainerDeletionChoosingPolicyTemplate (ContainerDeletionChoosingPolicyTemplate.java:chooseContainerForBlockDeletion(83)) - Chosen 0/5000 blocks from 0 candidate containers.
2023-04-24 08:17:14,836 [BlockDeletingService#4] INFO  interfaces.ContainerDeletionChoosingPolicyTemplate (ContainerDeletionChoosingPolicyTemplate.java:chooseContainerForBlockDeletion(83)) - Chosen 0/5000 blocks from 0 candidate containers.
2023-04-24 08:17:14,936 [BlockDeletingService#7] INFO  interfaces.ContainerDeletionChoosingPolicyTemplate (ContainerDeletionChoosingPolicyTemplate.java:chooseContainerForBlockDeletion(83)) - Chosen 0/5000 blocks from 0 candidate containers.
2023-04-24 08:17:14,936 [BlockDeletingService#4] INFO  interfaces.ContainerDeletionChoosingPolicyTemplate (ContainerDeletionChoosingPolicyTemplate.java:chooseContainerForBlockDeletion(83)) - Chosen 0/5000 blocks from 0 candidate containers.
2023-04-24 08:17:14,943 [FixedThreadPoolWithAffinityExecutor-9-0] WARN  container.ContainerReportHandler (AbstractContainerReportHandler.java:updateContainerState(259)) - Container #1 is in OPEN state, but the datanode 593f1123-fce2-46ce-a0f5-50a98353a86f(fv-az212-956.zlodpucb4l4udavnfxg5s20dva.cx.internal.cloudapp.net/10.1.0.80) reports an CLOSED replica.
2023-04-24 08:17:15,007 [FixedThreadPoolWithAffinityExecutor-9-0] WARN  container.ContainerReportHandler (AbstractContainerReportHandler.java:updateContainerState(259)) - Container #1 is in OPEN state, but the datanode 444322bb-4321-4e38-998a-96758a8a198b(fv-az212-956.zlodpucb4l4udavnfxg5s20dva.cx.internal.cloudapp.net/10.1.0.80) reports an CLOSED replica.
2023-04-24 08:17:15,036 [BlockDeletingService#7] INFO  interfaces.ContainerDeletionChoosingPolicyTemplate (ContainerDeletionChoosingPolicyTemplate.java:chooseContainerForBlockDeletion(83)) - Chosen 0/5000 blocks from 0 candidate containers.
2023-04-24 08:17:15,036 [BlockDeletingService#4] INFO  interfaces.ContainerDeletionChoosingPolicyTemplate (ContainerDeletionChoosingPolicyTemplate.java:chooseContainerForBlockDeletion(83)) - Chosen 0/5000 blocks from 0 candidate containers.
2023-04-24 08:17:15,136 [BlockDeletingService#7] INFO  interfaces.ContainerDeletionChoosingPolicyTemplate (ContainerDeletionChoosingPolicyTemplate.java:chooseContainerForBlockDeletion(83)) - Chosen 0/5000 blocks from 0 candidate containers.
2023-04-24 08:17:15,137 [BlockDeletingService#4] INFO  interfaces.ContainerDeletionChoosingPolicyTemplate (ContainerDeletionChoosingPolicyTemplate.java:chooseContainerForBlockDeletion(83)) - Chosen 0/5000 blocks from 0 candidate containers.
2023-04-24 08:17:15,237 [BlockDeletingService#7] INFO  interfaces.ContainerDeletionChoosingPolicyTemplate (ContainerDeletionChoosingPolicyTemplate.java:chooseContainerForBlockDeletion(83)) - Chosen 0/5000 blocks from 0 candidate containers.
2023-04-24 08:17:15,237 [BlockDeletingService#4] INFO  interfaces.ContainerDeletionChoosingPolicyTemplate (ContainerDeletionChoosingPolicyTemplate.java:chooseContainerForBlockDeletion(83)) - Chosen 0/5000 blocks from 0 candidate containers.
2023-04-24 08:17:15,244 [FixedThreadPoolWithAffinityExecutor-9-0] WARN  container.ContainerReportHandler (AbstractContainerReportHandler.java:updateContainerState(259)) - Container #1 is in OPEN state, but the datanode 593f1123-fce2-46ce-a0f5-50a98353a86f(fv-az212-956.zlodpucb4l4udavnfxg5s20dva.cx.internal.cloudapp.net/10.1.0.80) reports an CLOSED replica.
2023-04-24 08:17:15,307 [FixedThreadPoolWithAffinityExecutor-9-0] WARN  container.ContainerReportHandler (AbstractContainerReportHandler.java:updateContainerState(259)) - Container #1 is in OPEN state, but the datanode 444322bb-4321-4e38-998a-96758a8a198b(fv-az212-956.zlodpucb4l4udavnfxg5s20dva.cx.internal.cloudapp.net/10.1.0.80) reports an CLOSED replica.
2023-04-24 08:17:15,337 [BlockDeletingService#7] INFO  interfaces.ContainerDeletionChoosingPolicyTemplate (ContainerDeletionChoosingPolicyTemplate.java:chooseContainerForBlockDeletion(83)) - Chosen 0/5000 blocks from 0 candidate containers.
2023-04-24 08:17:15,337 [BlockDeletingService#4] INFO  interfaces.ContainerDeletionChoosingPolicyTemplate (ContainerDeletionChoosingPolicyTemplate.java:chooseContainerForBlockDeletion(83)) - Chosen 0/5000 blocks from 0 candidate containers.
2023-04-24 08:17:15,437 [BlockDeletingService#7] INFO  interfaces.ContainerDeletionChoosingPolicyTemplate (ContainerDeletionChoosingPolicyTemplate.java:chooseContainerForBlockDeletion(83)) - Chosen 0/5000 blocks from 0 candidate containers.
2023-04-24 08:17:15,437 [BlockDeletingService#4] INFO  interfaces.ContainerDeletionChoosingPolicyTemplate (ContainerDeletionChoosingPolicyTemplate.java:chooseContainerForBlockDeletion(83)) - Chosen 0/5000 blocks from 0 candidate containers.
2023-04-24 08:17:15,537 [BlockDeletingService#7] INFO  interfaces.ContainerDeletionChoosingPolicyTemplate (ContainerDeletionChoosingPolicyTemplate.java:chooseContainerForBlockDeletion(83)) - Chosen 0/5000 blocks from 0 candidate containers.
2023-04-24 08:17:15,539 [BlockDeletingService#4] INFO  interfaces.ContainerDeletionChoosingPolicyTemplate (ContainerDeletionChoosingPolicyTemplate.java:chooseContainerForBlockDeletion(83)) - Chosen 0/5000 blocks from 0 candidate containers.
2023-04-24 08:17:15,544 [FixedThreadPoolWithAffinityExecutor-9-0] WARN  container.ContainerReportHandler (AbstractContainerReportHandler.java:updateContainerState(259)) - Container #1 is in OPEN state, but the datanode 593f1123-fce2-46ce-a0f5-50a98353a86f(fv-az212-956.zlodpucb4l4udavnfxg5s20dva.cx.internal.cloudapp.net/10.1.0.80) reports an CLOSED replica.
2023-04-24 08:17:15,607 [FixedThreadPoolWithAffinityExecutor-9-0] WARN  container.ContainerReportHandler (AbstractContainerReportHandler.java:updateContainerState(259)) - Container #1 is in OPEN state, but the datanode 444322bb-4321-4e38-998a-96758a8a198b(fv-az212-956.zlodpucb4l4udavnfxg5s20dva.cx.internal.cloudapp.net/10.1.0.80) reports an CLOSED replica.
2023-04-24 08:17:15,637 [BlockDeletingService#7] INFO  interfaces.ContainerDeletionChoosingPolicyTemplate (ContainerDeletionChoosingPolicyTemplate.java:chooseContainerForBlockDeletion(83)) - Chosen 0/5000 blocks from 0 candidate containers.
2023-04-24 08:17:15,639 [BlockDeletingService#4] INFO  interfaces.ContainerDeletionChoosingPolicyTemplate (ContainerDeletionChoosingPolicyTemplate.java:chooseContainerForBlockDeletion(83)) - Chosen 0/5000 blocks from 0 candidate containers.
2023-04-24 08:17:15,737 [BlockDeletingService#7] INFO  interfaces.ContainerDeletionChoosingPolicyTemplate (ContainerDeletionChoosingPolicyTemplate.java:chooseContainerForBlockDeletion(83)) - Chosen 0/5000 blocks from 0 candidate containers.
2023-04-24 08:17:15,739 [BlockDeletingService#4] INFO  interfaces.ContainerDeletionChoosingPolicyTemplate (ContainerDeletionChoosingPolicyTemplate.java:chooseContainerForBlockDeletion(83)) - Chosen 0/5000 blocks from 0 candidate containers.
2023-04-24 08:17:15,811 [FixedThreadPoolWithAffinityExecutor-9-0] WARN  container.ContainerReportHandler (AbstractContainerReportHandler.java:updateContainerState(259)) - Container #1 is in OPEN state, but the datanode 444322bb-4321-4e38-998a-96758a8a198b(fv-az212-956.zlodpucb4l4udavnfxg5s20dva.cx.internal.cloudapp.net/10.1.0.80) reports an CLOSED replica.
2023-04-24 08:17:15,838 [BlockDeletingService#7] INFO  interfaces.ContainerDeletionChoosingPolicyTemplate (ContainerDeletionChoosingPolicyTemplate.java:chooseContainerForBlockDeletion(83)) - Chosen 0/5000 blocks from 0 candidate containers.
2023-04-24 08:17:15,839 [BlockDeletingService#4] INFO  interfaces.ContainerDeletionChoosingPolicyTemplate (ContainerDeletionChoosingPolicyTemplate.java:chooseContainerForBlockDeletion(83)) - Chosen 0/5000 blocks from 0 candidate containers.
2023-04-24 08:17:15,844 [FixedThreadPoolWithAffinityExecutor-9-0] WARN  container.ContainerReportHandler (AbstractContainerReportHandler.java:updateContainerState(259)) - Container #1 is in OPEN state, but the datanode 593f1123-fce2-46ce-a0f5-50a98353a86f(fv-az212-956.zlodpucb4l4udavnfxg5s20dva.cx.internal.cloudapp.net/10.1.0.80) reports an CLOSED replica.
2023-04-24 08:17:15,847 [EventQueue-StaleNodeForStaleNodeHandler] INFO  node.StaleNodeHandler (StaleNodeHandler.java:onMessage(59)) - Datanode d7f67023-bd71-4164-8161-24a8eb75dffe(fv-az212-956.zlodpucb4l4udavnfxg5s20dva.cx.internal.cloudapp.net/10.1.0.80) moved to stale state. Finalizing its pipelines [PipelineID=710e0519-16a5-4108-b64d-255fca681ca6, PipelineID=28a339a4-75ef-4360-898e-2c65884d69a9]
2023-04-24 08:17:15,848 [EventQueue-StaleNodeForStaleNodeHandler] INFO  pipeline.PipelineManagerImpl (PipelineManagerImpl.java:closePipeline(442)) - Pipeline Pipeline[ Id: 710e0519-16a5-4108-b64d-255fca681ca6, Nodes: d7f67023-bd71-4164-8161-24a8eb75dffe(fv-az212-956.zlodpucb4l4udavnfxg5s20dva.cx.internal.cloudapp.net/10.1.0.80), ReplicationConfig: RATIS/ONE, State:OPEN, leaderId:d7f67023-bd71-4164-8161-24a8eb75dffe, CreationTimestamp2023-04-24T08:15:25.453Z[Etc/UTC]] moved to CLOSED state
2023-04-24 08:17:15,851 [EventQueue-StaleNodeForStaleNodeHandler] INFO  pipeline.PipelineManagerImpl (PipelineManagerImpl.java:closeContainersForPipeline(421)) - Container #1 closed for pipeline=PipelineID=28a339a4-75ef-4360-898e-2c65884d69a9
2023-04-24 08:17:15,851 [EventQueue-StaleNodeForStaleNodeHandler] INFO  pipeline.PipelineManagerImpl (PipelineManagerImpl.java:closePipeline(442)) - Pipeline Pipeline[ Id: 28a339a4-75ef-4360-898e-2c65884d69a9, Nodes: 444322bb-4321-4e38-998a-96758a8a198b(fv-az212-956.zlodpucb4l4udavnfxg5s20dva.cx.internal.cloudapp.net/10.1.0.80)593f1123-fce2-46ce-a0f5-50a98353a86f(fv-az212-956.zlodpucb4l4udavnfxg5s20dva.cx.internal.cloudapp.net/10.1.0.80)d7f67023-bd71-4164-8161-24a8eb75dffe(fv-az212-956.zlodpucb4l4udavnfxg5s20dva.cx.internal.cloudapp.net/10.1.0.80), ReplicationConfig: RATIS/THREE, State:OPEN, leaderId:593f1123-fce2-46ce-a0f5-50a98353a86f, CreationTimestamp2023-04-24T08:15:25.916Z[Etc/UTC]] moved to CLOSED state
2023-04-24 08:17:15,851 [EventQueue-CloseContainerForCloseContainerEventHandler] INFO  container.CloseContainerEventHandler (CloseContainerEventHandler.java:onMessage(89)) - Close container Event triggered for container : #1, current state: CLOSING
2023-04-24 08:17:15,863 [grpc-default-executor-1] WARN  server.GrpcLogAppender (LogUtils.java:warn(122)) - 593f1123-fce2-46ce-a0f5-50a98353a86f@group-2C65884D69A9->d7f67023-bd71-4164-8161-24a8eb75dffe-AppendLogResponseHandler: Failed appendEntries: org.apache.ratis.thirdparty.io.grpc.StatusRuntimeException: UNAVAILABLE: io exception
2023-04-24 08:17:15,864 [grpc-default-executor-5] WARN  server.GrpcLogAppender (LogUtils.java:warn(122)) - 593f1123-fce2-46ce-a0f5-50a98353a86f@group-2C65884D69A9->d7f67023-bd71-4164-8161-24a8eb75dffe-AppendLogResponseHandler: Failed appendEntries: org.apache.ratis.thirdparty.io.grpc.StatusRuntimeException: UNAVAILABLE: io exception
2023-04-24 08:17:15,864 [grpc-default-executor-1] WARN  server.GrpcLogAppender (GrpcLogAppender.java:resetClient(131)) - 593f1123-fce2-46ce-a0f5-50a98353a86f@group-2C65884D69A9->d7f67023-bd71-4164-8161-24a8eb75dffe-GrpcLogAppender: Leader has not got in touch with Follower 593f1123-fce2-46ce-a0f5-50a98353a86f@group-2C65884D69A9->d7f67023-bd71-4164-8161-24a8eb75dffe(c-1,m0,n6, attendVote=true, lastRpcSendTime=1, lastRpcResponseTime=101623) yet, just keep nextIndex unchanged and retry.
2023-04-24 08:17:15,864 [grpc-default-executor-5] WARN  server.GrpcLogAppender (GrpcLogAppender.java:resetClient(131)) - 593f1123-fce2-46ce-a0f5-50a98353a86f@group-2C65884D69A9->d7f67023-bd71-4164-8161-24a8eb75dffe-GrpcLogAppender: Leader has not got in touch with Follower 593f1123-fce2-46ce-a0f5-50a98353a86f@group-2C65884D69A9->d7f67023-bd71-4164-8161-24a8eb75dffe(c-1,m0,n6, attendVote=true, lastRpcSendTime=1, lastRpcResponseTime=101624) yet, just keep nextIndex unchanged and retry.
2023-04-24 08:17:15,938 [BlockDeletingService#7] INFO  interfaces.ContainerDeletionChoosingPolicyTemplate (ContainerDeletionChoosingPolicyTemplate.java:chooseContainerForBlockDeletion(83)) - Chosen 0/5000 blocks from 0 candidate containers.
2023-04-24 08:17:15,939 [BlockDeletingService#4] INFO  interfaces.ContainerDeletionChoosingPolicyTemplate (ContainerDeletionChoosingPolicyTemplate.java:chooseContainerForBlockDeletion(83)) - Chosen 0/5000 blocks from 0 candidate containers.
2023-04-24 08:17:16,038 [BlockDeletingService#7] INFO  interfaces.ContainerDeletionChoosingPolicyTemplate (ContainerDeletionChoosingPolicyTemplate.java:chooseContainerForBlockDeletion(83)) - Chosen 0/5000 blocks from 0 candidate containers.
2023-04-24 08:17:16,039 [BlockDeletingService#4] INFO  interfaces.ContainerDeletionChoosingPolicyTemplate (ContainerDeletionChoosingPolicyTemplate.java:chooseContainerForBlockDeletion(83)) - Chosen 0/5000 blocks from 0 candidate containers.
2023-04-24 08:17:16,111 [FixedThreadPoolWithAffinityExecutor-9-0] INFO  container.ContainerReportHandler (AbstractContainerReportHandler.java:updateContainerState(292)) - Moving container #1 to CLOSED state, datanode 444322bb-4321-4e38-998a-96758a8a198b(fv-az212-956.zlodpucb4l4udavnfxg5s20dva.cx.internal.cloudapp.net/10.1.0.80) reported CLOSED replica.
2023-04-24 08:17:16,138 [BlockDeletingService#7] INFO  interfaces.ContainerDeletionChoosingPolicyTemplate (ContainerDeletionChoosingPolicyTemplate.java:chooseContainerForBlockDeletion(83)) - Chosen 0/5000 blocks from 0 candidate containers.
2023-04-24 08:17:16,139 [BlockDeletingService#4] INFO  interfaces.ContainerDeletionChoosingPolicyTemplate (ContainerDeletionChoosingPolicyTemplate.java:chooseContainerForBlockDeletion(83)) - Chosen 0/5000 blocks from 0 candidate containers.
2023-04-24 08:17:16,238 [BlockDeletingService#7] INFO  interfaces.ContainerDeletionChoosingPolicyTemplate (ContainerDeletionChoosingPolicyTemplate.java:chooseContainerForBlockDeletion(83)) - Chosen 0/5000 blocks from 0 candidate containers.
2023-04-24 08:17:16,239 [BlockDeletingService#4] INFO  interfaces.ContainerDeletionChoosingPolicyTemplate (ContainerDeletionChoosingPolicyTemplate.java:chooseContainerForBlockDeletion(83)) - Chosen 0/5000 blocks from 0 candidate containers.
2023-04-24 08:17:16,339 [BlockDeletingService#7] INFO  interfaces.ContainerDeletionChoosingPolicyTemplate (ContainerDeletionChoosingPolicyTemplate.java:chooseContainerForBlockDeletion(83)) - Chosen 0/5000 blocks from 0 candidate containers.
2023-04-24 08:17:16,340 [BlockDeletingService#4] INFO  interfaces.ContainerDeletionChoosingPolicyTemplate (ContainerDeletionChoosingPolicyTemplate.java:chooseContainerForBlockDeletion(83)) - Chosen 0/5000 blocks from 0 candidate containers.
2023-04-24 08:17:16,439 [BlockDeletingService#7] INFO  interfaces.ContainerDeletionChoosingPolicyTemplate (ContainerDeletionChoosingPolicyTemplate.java:chooseContainerForBlockDeletion(83)) - Chosen 0/5000 blocks from 0 candidate containers.
2023-04-24 08:17:16,440 [BlockDeletingService#4] INFO  interfaces.ContainerDeletionChoosingPolicyTemplate (ContainerDeletionChoosingPolicyTemplate.java:chooseContainerForBlockDeletion(83)) - Chosen 0/5000 blocks from 0 candidate containers.
2023-04-24 08:17:16,539 [BlockDeletingService#7] INFO  interfaces.ContainerDeletionChoosingPolicyTemplate (ContainerDeletionChoosingPolicyTemplate.java:chooseContainerForBlockDeletion(83)) - Chosen 0/5000 blocks from 0 candidate containers.
2023-04-24 08:17:16,540 [BlockDeletingService#4] INFO  interfaces.ContainerDeletionChoosingPolicyTemplate (ContainerDeletionChoosingPolicyTemplate.java:chooseContainerForBlockDeletion(83)) - Chosen 0/5000 blocks from 0 candidate containers.
2023-04-24 08:17:16,639 [BlockDeletingService#7] INFO  interfaces.ContainerDeletionChoosingPolicyTemplate (ContainerDeletionChoosingPolicyTemplate.java:chooseContainerForBlockDeletion(83)) - Chosen 0/5000 blocks from 0 candidate containers.
2023-04-24 08:17:16,640 [BlockDeletingService#4] INFO  interfaces.ContainerDeletionChoosingPolicyTemplate (ContainerDeletionChoosingPolicyTemplate.java:chooseContainerForBlockDeletion(83)) - Chosen 0/5000 blocks from 0 candidate containers.
2023-04-24 08:17:16,739 [BlockDeletingService#7] INFO  interfaces.ContainerDeletionChoosingPolicyTemplate (ContainerDeletionChoosingPolicyTemplate.java:chooseContainerForBlockDeletion(83)) - Chosen 0/5000 blocks from 0 candidate containers.
2023-04-24 08:17:16,740 [BlockDeletingService#4] INFO  interfaces.ContainerDeletionChoosingPolicyTemplate (ContainerDeletionChoosingPolicyTemplate.java:chooseContainerForBlockDeletion(83)) - Chosen 0/5000 blocks from 0 candidate containers.
2023-04-24 08:17:16,839 [BlockDeletingService#7] INFO  interfaces.ContainerDeletionChoosingPolicyTemplate (ContainerDeletionChoosingPolicyTemplate.java:chooseContainerForBlockDeletion(83)) - Chosen 0/5000 blocks from 0 candidate containers.
2023-04-24 08:17:16,840 [BlockDeletingService#4] INFO  interfaces.ContainerDeletionChoosingPolicyTemplate (ContainerDeletionChoosingPolicyTemplate.java:chooseContainerForBlockDeletion(83)) - Chosen 0/5000 blocks from 0 candidate containers.
2023-04-24 08:17:16,940 [BlockDeletingService#7] INFO  interfaces.ContainerDeletionChoosingPolicyTemplate (ContainerDeletionChoosingPolicyTemplate.java:chooseContainerForBlockDeletion(83)) - Chosen 0/5000 blocks from 0 candidate containers.
2023-04-24 08:17:16,940 [BlockDeletingService#4] INFO  interfaces.ContainerDeletionChoosingPolicyTemplate (ContainerDeletionChoosingPolicyTemplate.java:chooseContainerForBlockDeletion(83)) - Chosen 0/5000 blocks from 0 candidate containers.
2023-04-24 08:17:17,040 [BlockDeletingService#7] INFO  interfaces.ContainerDeletionChoosingPolicyTemplate (ContainerDeletionChoosingPolicyTemplate.java:chooseContainerForBlockDeletion(83)) - Chosen 0/5000 blocks from 0 candidate containers.
2023-04-24 08:17:17,040 [BlockDeletingService#4] INFO  interfaces.ContainerDeletionChoosingPolicyTemplate (ContainerDeletionChoosingPolicyTemplate.java:chooseContainerForBlockDeletion(83)) - Chosen 0/5000 blocks from 0 candidate containers.
2023-04-24 08:17:17,058 [SCMBlockDeletingService#0] INFO  block.SCMBlockDeletingService (SCMBlockDeletingService.java:call(198)) - Totally added 2 blocks to be deleted for 2 datanodes, task elapsed time: 1ms
2023-04-24 08:17:17,113 [grpc-default-executor-5] WARN  server.GrpcLogAppender (LogUtils.java:warn(122)) - 593f1123-fce2-46ce-a0f5-50a98353a86f@group-2C65884D69A9->d7f67023-bd71-4164-8161-24a8eb75dffe-AppendLogResponseHandler: Failed appendEntries: org.apache.ratis.thirdparty.io.grpc.StatusRuntimeException: UNAVAILABLE: io exception
2023-04-24 08:17:17,113 [grpc-default-executor-1] WARN  server.GrpcLogAppender (LogUtils.java:warn(122)) - 593f1123-fce2-46ce-a0f5-50a98353a86f@group-2C65884D69A9->d7f67023-bd71-4164-8161-24a8eb75dffe-AppendLogResponseHandler: Failed appendEntries: org.apache.ratis.thirdparty.io.grpc.StatusRuntimeException: UNAVAILABLE: io exception
2023-04-24 08:17:17,114 [grpc-default-executor-5] WARN  server.GrpcLogAppender (GrpcLogAppender.java:resetClient(131)) - 593f1123-fce2-46ce-a0f5-50a98353a86f@group-2C65884D69A9->d7f67023-bd71-4164-8161-24a8eb75dffe-GrpcLogAppender: Leader has not got in touch with Follower 593f1123-fce2-46ce-a0f5-50a98353a86f@group-2C65884D69A9->d7f67023-bd71-4164-8161-24a8eb75dffe(c-1,m0,n6, attendVote=true, lastRpcSendTime=1250, lastRpcResponseTime=102873) yet, just keep nextIndex unchanged and retry.
2023-04-24 08:17:17,116 [grpc-default-executor-1] WARN  server.GrpcLogAppender (GrpcLogAppender.java:resetClient(131)) - 593f1123-fce2-46ce-a0f5-50a98353a86f@group-2C65884D69A9->d7f67023-bd71-4164-8161-24a8eb75dffe-GrpcLogAppender: Leader has not got in touch with Follower 593f1123-fce2-46ce-a0f5-50a98353a86f@group-2C65884D69A9->d7f67023-bd71-4164-8161-24a8eb75dffe(c-1,m0,n6, attendVote=true, lastRpcSendTime=1252, lastRpcResponseTime=102875) yet, just keep nextIndex unchanged and retry.
2023-04-24 08:17:17,117 [grpc-default-executor-6] WARN  server.GrpcLogAppender (LogUtils.java:warn(122)) - 593f1123-fce2-46ce-a0f5-50a98353a86f@group-2C65884D69A9->d7f67023-bd71-4164-8161-24a8eb75dffe-AppendLogResponseHandler: Failed appendEntries: org.apache.ratis.thirdparty.io.grpc.StatusRuntimeException: UNAVAILABLE: io exception
2023-04-24 08:17:17,117 [grpc-default-executor-6] WARN  server.GrpcLogAppender (GrpcLogAppender.java:resetClient(131)) - 593f1123-fce2-46ce-a0f5-50a98353a86f@group-2C65884D69A9->d7f67023-bd71-4164-8161-24a8eb75dffe-GrpcLogAppender: Leader has not got in touch with Follower 593f1123-fce2-46ce-a0f5-50a98353a86f@group-2C65884D69A9->d7f67023-bd71-4164-8161-24a8eb75dffe(c-1,m0,n6, attendVote=true, lastRpcSendTime=1, lastRpcResponseTime=102876) yet, just keep nextIndex unchanged and retry.
2023-04-24 08:17:17,117 [grpc-default-executor-1] WARN  server.GrpcLogAppender (LogUtils.java:warn(122)) - 593f1123-fce2-46ce-a0f5-50a98353a86f@group-2C65884D69A9->d7f67023-bd71-4164-8161-24a8eb75dffe-AppendLogResponseHandler: Failed appendEntries: org.apache.ratis.thirdparty.io.grpc.StatusRuntimeException: UNAVAILABLE: io exception
2023-04-24 08:17:17,117 [grpc-default-executor-1] WARN  server.GrpcLogAppender (GrpcLogAppender.java:resetClient(131)) - 593f1123-fce2-46ce-a0f5-50a98353a86f@group-2C65884D69A9->d7f67023-bd71-4164-8161-24a8eb75dffe-GrpcLogAppender: Leader has not got in touch with Follower 593f1123-fce2-46ce-a0f5-50a98353a86f@group-2C65884D69A9->d7f67023-bd71-4164-8161-24a8eb75dffe(c-1,m0,n6, attendVote=true, lastRpcSendTime=1, lastRpcResponseTime=102877) yet, just keep nextIndex unchanged and retry.
2023-04-24 08:17:17,140 [BlockDeletingService#7] INFO  interfaces.ContainerDeletionChoosingPolicyTemplate (ContainerDeletionChoosingPolicyTemplate.java:chooseContainerForBlockDeletion(83)) - Chosen 0/5000 blocks from 0 candidate containers.
2023-04-24 08:17:17,140 [BlockDeletingService#4] INFO  interfaces.ContainerDeletionChoosingPolicyTemplate (ContainerDeletionChoosingPolicyTemplate.java:chooseContainerForBlockDeletion(83)) - Chosen 0/5000 blocks from 0 candidate containers.
2023-04-24 08:17:17,240 [BlockDeletingService#7] INFO  interfaces.ContainerDeletionChoosingPolicyTemplate (ContainerDeletionChoosingPolicyTemplate.java:chooseContainerForBlockDeletion(83)) - Chosen 0/5000 blocks from 0 candidate containers.
2023-04-24 08:17:17,240 [BlockDeletingService#4] INFO  interfaces.ContainerDeletionChoosingPolicyTemplate (ContainerDeletionChoosingPolicyTemplate.java:chooseContainerForBlockDeletion(83)) - Chosen 0/5000 blocks from 0 candidate containers.
2023-04-24 08:17:17,340 [BlockDeletingService#7] INFO  interfaces.ContainerDeletionChoosingPolicyTemplate (ContainerDeletionChoosingPolicyTemplate.java:chooseContainerForBlockDeletion(83)) - Chosen 0/5000 blocks from 0 candidate containers.
2023-04-24 08:17:17,341 [BlockDeletingService#4] INFO  interfaces.ContainerDeletionChoosingPolicyTemplate (ContainerDeletionChoosingPolicyTemplate.java:chooseContainerForBlockDeletion(83)) - Chosen 0/5000 blocks from 0 candidate containers.
2023-04-24 08:17:17,440 [BlockDeletingService#7] INFO  interfaces.ContainerDeletionChoosingPolicyTemplate (ContainerDeletionChoosingPolicyTemplate.java:chooseContainerForBlockDeletion(83)) - Chosen 0/5000 blocks from 0 candidate containers.
2023-04-24 08:17:17,441 [BlockDeletingService#4] INFO  interfaces.ContainerDeletionChoosingPolicyTemplate (ContainerDeletionChoosingPolicyTemplate.java:chooseContainerForBlockDeletion(83)) - Chosen 0/5000 blocks from 0 candidate containers.
2023-04-24 08:17:17,541 [BlockDeletingService#7] INFO  interfaces.ContainerDeletionChoosingPolicyTemplate (ContainerDeletionChoosingPolicyTemplate.java:chooseContainerForBlockDeletion(83)) - Chosen 0/5000 blocks from 0 candidate containers.
2023-04-24 08:17:17,541 [BlockDeletingService#4] INFO  interfaces.ContainerDeletionChoosingPolicyTemplate (ContainerDeletionChoosingPolicyTemplate.java:chooseContainerForBlockDeletion(83)) - Chosen 0/5000 blocks from 0 candidate containers.
2023-04-24 08:17:17,641 [BlockDeletingService#7] INFO  interfaces.ContainerDeletionChoosingPolicyTemplate (ContainerDeletionChoosingPolicyTemplate.java:chooseContainerForBlockDeletion(83)) - Chosen 0/5000 blocks from 0 candidate containers.
2023-04-24 08:17:17,641 [BlockDeletingService#4] INFO  interfaces.ContainerDeletionChoosingPolicyTemplate (ContainerDeletionChoosingPolicyTemplate.java:chooseContainerForBlockDeletion(83)) - Chosen 0/5000 blocks from 0 candidate containers.
2023-04-24 08:17:17,741 [BlockDeletingService#7] INFO  interfaces.ContainerDeletionChoosingPolicyTemplate (ContainerDeletionChoosingPolicyTemplate.java:chooseContainerForBlockDeletion(83)) - Chosen 0/5000 blocks from 0 candidate containers.
2023-04-24 08:17:17,741 [BlockDeletingService#4] INFO  interfaces.ContainerDeletionChoosingPolicyTemplate (ContainerDeletionChoosingPolicyTemplate.java:chooseContainerForBlockDeletion(83)) - Chosen 0/5000 blocks from 0 candidate containers.
2023-04-24 08:17:17,779 [org.apache.hadoop.ozone.container.common.statemachine.commandhandler.DeleteBlocksCommandHandler$DeleteCmdWorker@34993f6d] INFO  commandhandler.DeleteBlocksCommandHandler (DeleteBlocksCommandHandler.java:processCmd(275)) - Start to delete container blocks, TXIDs=[1(0)], numOfContainers=1, numOfBlocks=1
2023-04-24 08:17:17,841 [BlockDeletingService#7] INFO  interfaces.ContainerDeletionChoosingPolicyTemplate (ContainerDeletionChoosingPolicyTemplate.java:chooseContainerForBlockDeletion(83)) - Chosen 0/5000 blocks from 0 candidate containers.
2023-04-24 08:17:17,861 [BlockDeletingService#4] INFO  interfaces.ContainerDeletionChoosingPolicyTemplate (ContainerDeletionChoosingPolicyTemplate.java:chooseContainerForBlockDeletion(83)) - Chosen 1/4999 blocks from 1 candidate containers.
2023-04-24 08:17:17,872 [BlockDeletingService#4] INFO  impl.FilePerBlockStrategy (FilePerBlockStrategy.java:deleteChunk(254)) - Deleted block file: /home/runner/work/ozone/ozone/hadoop-ozone/integration-test/target/test-dir/MiniOzoneClusterImpl-f6153afd-65ae-4a30-a1a8-75442c8cb6d9/datanode-2/data-0/containers/hdds/f6153afd-65ae-4a30-a1a8-75442c8cb6d9/current/containerDir0/1/chunks/111677748019200001.block
2023-04-24 08:17:17,941 [BlockDeletingService#7] INFO  interfaces.ContainerDeletionChoosingPolicyTemplate (ContainerDeletionChoosingPolicyTemplate.java:chooseContainerForBlockDeletion(83)) - Chosen 0/5000 blocks from 0 candidate containers.
]]></system-out>
  </testcase>
</testsuite>