<?xml version="1.0" encoding="UTF-8"?>
<testsuite xmlns:xsi="http://www.w3.org/2001/XMLSchema-instance" xsi:noNamespaceSchemaLocation="https://maven.apache.org/surefire/maven-surefire-plugin/xsd/surefire-test-report.xsd" name="org.apache.hadoop.ozone.scm.TestSCMInstallSnapshotWithHA" time="196.931" tests="3" errors="1" skipped="0" failures="0">
  <properties>
    <property name="awt.toolkit" value="sun.awt.X11.XToolkit"/>
    <property name="file.encoding.pkg" value="sun.io"/>
    <property name="java.specification.version" value="1.8"/>
    <property name="sun.cpu.isalist" value=""/>
    <property name="sun.jnu.encoding" value="UTF-8"/>
    <property name="java.class.path" value="/home/runner/work/ozone/ozone/hadoop-ozone/integration-test/target/test-classes:/home/runner/work/ozone/ozone/hadoop-ozone/integration-test/target/classes:/home/runner/.m2/repository/org/apache/ozone/ozone-common/1.3.0-SNAPSHOT/ozone-common-1.3.0-SNAPSHOT.jar:/home/runner/.m2/repository/org/apache/commons/commons-compress/1.21/commons-compress-1.21.jar:/home/runner/.m2/repository/org/apache/ozone/hdds-common/1.3.0-SNAPSHOT/hdds-common-1.3.0-SNAPSHOT.jar:/home/runner/.m2/repository/org/apache/ozone/hdds-client/1.3.0-SNAPSHOT/hdds-client-1.3.0-SNAPSHOT.jar:/home/runner/.m2/repository/org/apache/ozone/ozone-interface-client/1.3.0-SNAPSHOT/ozone-interface-client-1.3.0-SNAPSHOT.jar:/home/runner/.m2/repository/org/apache/ozone/hdds-test-utils/1.3.0-SNAPSHOT/hdds-test-utils-1.3.0-SNAPSHOT.jar:/home/runner/.m2/repository/com/google/guava/guava/30.1.1-jre/guava-30.1.1-jre.jar:/home/runner/.m2/repository/com/google/guava/failureaccess/1.0.1/failureaccess-1.0.1.jar:/home/runner/.m2/repository/com/google/guava/listenablefuture/9999.0-empty-to-avoid-conflict-with-guava/listenablefuture-9999.0-empty-to-avoid-conflict-with-guava.jar:/home/runner/.m2/repository/com/google/code/findbugs/jsr305/3.0.0/jsr305-3.0.0.jar:/home/runner/.m2/repository/org/checkerframework/checker-qual/3.8.0/checker-qual-3.8.0.jar:/home/runner/.m2/repository/com/google/errorprone/error_prone_annotations/2.2.0/error_prone_annotations-2.2.0.jar:/home/runner/.m2/repository/com/google/j2objc/j2objc-annotations/1.3/j2objc-annotations-1.3.jar:/home/runner/.m2/repository/commons-io/commons-io/2.11.0/commons-io-2.11.0.jar:/home/runner/.m2/repository/commons-logging/commons-logging/1.2/commons-logging-1.2.jar:/home/runner/.m2/repository/log4j/log4j/1.2.17/log4j-1.2.17.jar:/home/runner/.m2/repository/org/slf4j/slf4j-api/1.7.30/slf4j-api-1.7.30.jar:/home/runner/.m2/repository/org/apache/ozone/hdds-server-scm/1.3.0-SNAPSHOT/hdds-server-scm-1.3.0-SNAPSHOT.jar:/home/runner/.m2/repository/org/apache/ozone/hdds-container-service/1.3.0-SNAPSHOT/hdds-container-service-1.3.0-SNAPSHOT.jar:/home/runner/.m2/repository/org/apache/ozone/hdds-hadoop-dependency-server/1.3.0-SNAPSHOT/hdds-hadoop-dependency-server-1.3.0-SNAPSHOT.jar:/home/runner/.m2/repository/org/apache/hadoop/hadoop-hdfs/3.3.1/hadoop-hdfs-3.3.1.jar:/home/runner/.m2/repository/org/apache/ozone/hdds-server-framework/1.3.0-SNAPSHOT/hdds-server-framework-1.3.0-SNAPSHOT.jar:/home/runner/.m2/repository/org/apache/ozone/hdds-interface-server/1.3.0-SNAPSHOT/hdds-interface-server-1.3.0-SNAPSHOT.jar:/home/runner/.m2/repository/org/eclipse/jetty/jetty-servlet/9.4.43.v20210629/jetty-servlet-9.4.43.v20210629.jar:/home/runner/.m2/repository/org/eclipse/jetty/jetty-security/9.4.43.v20210629/jetty-security-9.4.43.v20210629.jar:/home/runner/.m2/repository/org/rocksdb/rocksdbjni/6.25.3/rocksdbjni-6.25.3.jar:/home/runner/.m2/repository/io/prometheus/simpleclient_dropwizard/0.7.0/simpleclient_dropwizard-0.7.0.jar:/home/runner/.m2/repository/io/prometheus/simpleclient/0.7.0/simpleclient-0.7.0.jar:/home/runner/.m2/repository/io/prometheus/simpleclient_common/0.7.0/simpleclient_common-0.7.0.jar:/home/runner/.m2/repository/com/fasterxml/jackson/datatype/jackson-datatype-jsr310/2.12.1/jackson-datatype-jsr310-2.12.1.jar:/home/runner/.m2/repository/io/dropwizard/metrics/metrics-core/3.2.4/metrics-core-3.2.4.jar:/home/runner/.m2/repository/org/apache/hadoop/hadoop-hdfs-client/3.3.1/hadoop-hdfs-client-3.3.1.jar:/home/runner/.m2/repository/org/bouncycastle/bcprov-jdk15on/1.67/bcprov-jdk15on-1.67.jar:/home/runner/.m2/repository/com/google/protobuf/protobuf-java/2.5.0/protobuf-java-2.5.0.jar:/home/runner/.m2/repository/org/apache/ozone/ozone-manager/1.3.0-SNAPSHOT/ozone-manager-1.3.0-SNAPSHOT.jar:/home/runner/.m2/repository/org/aspectj/aspectjrt/1.9.7/aspectjrt-1.9.7.jar:/home/runner/.m2/repository/org/aspectj/aspectjweaver/1.9.7/aspectjweaver-1.9.7.jar:/home/runner/.m2/repository/org/apache/ozone/hdds-interface-client/1.3.0-SNAPSHOT/hdds-interface-client-1.3.0-SNAPSHOT.jar:/home/runner/.m2/repository/org/apache/hadoop/thirdparty/hadoop-shaded-protobuf_3_7/1.1.1/hadoop-shaded-protobuf_3_7-1.1.1.jar:/home/runner/.m2/repository/org/apache/ozone/ozone-interface-storage/1.3.0-SNAPSHOT/ozone-interface-storage-1.3.0-SNAPSHOT.jar:/home/runner/.m2/repository/org/reflections/reflections/0.9.11/reflections-0.9.11.jar:/home/runner/.m2/repository/org/apache/hadoop/hadoop-minikdc/3.3.1/hadoop-minikdc-3.3.1.jar:/home/runner/.m2/repository/org/apache/kerby/kerb-simplekdc/1.0.1/kerb-simplekdc-1.0.1.jar:/home/runner/.m2/repository/org/apache/kerby/kerb-client/1.0.1/kerb-client-1.0.1.jar:/home/runner/.m2/repository/org/apache/kerby/kerby-config/1.0.1/kerby-config-1.0.1.jar:/home/runner/.m2/repository/org/apache/kerby/kerb-common/1.0.1/kerb-common-1.0.1.jar:/home/runner/.m2/repository/org/apache/kerby/kerb-crypto/1.0.1/kerb-crypto-1.0.1.jar:/home/runner/.m2/repository/org/apache/kerby/kerb-util/1.0.1/kerb-util-1.0.1.jar:/home/runner/.m2/repository/org/apache/kerby/token-provider/1.0.1/token-provider-1.0.1.jar:/home/runner/.m2/repository/org/apache/kerby/kerb-admin/1.0.1/kerb-admin-1.0.1.jar:/home/runner/.m2/repository/org/apache/kerby/kerb-server/1.0.1/kerb-server-1.0.1.jar:/home/runner/.m2/repository/org/apache/kerby/kerb-identity/1.0.1/kerb-identity-1.0.1.jar:/home/runner/.m2/repository/org/apache/kerby/kerby-xdr/1.0.1/kerby-xdr-1.0.1.jar:/home/runner/.m2/repository/org/slf4j/slf4j-log4j12/1.7.30/slf4j-log4j12-1.7.30.jar:/home/runner/.m2/repository/org/apache/ozone/ozone-s3gateway/1.3.0-SNAPSHOT/ozone-s3gateway-1.3.0-SNAPSHOT.jar:/home/runner/.m2/repository/org/javassist/javassist/3.21.0-GA/javassist-3.21.0-GA.jar:/home/runner/.m2/repository/org/jboss/weld/servlet/weld-servlet/2.4.7.Final/weld-servlet-2.4.7.Final.jar:/home/runner/.m2/repository/org/glassfish/jersey/containers/jersey-container-servlet-core/2.33/jersey-container-servlet-core-2.33.jar:/home/runner/.m2/repository/org/glassfish/hk2/external/jakarta.inject/2.6.1/jakarta.inject-2.6.1.jar:/home/runner/.m2/repository/org/glassfish/jersey/core/jersey-common/2.33/jersey-common-2.33.jar:/home/runner/.m2/repository/jakarta/ws/rs/jakarta.ws.rs-api/2.1.6/jakarta.ws.rs-api-2.1.6.jar:/home/runner/.m2/repository/org/glassfish/jersey/ext/cdi/jersey-cdi1x/2.33/jersey-cdi1x-2.33.jar:/home/runner/.m2/repository/org/glassfish/jersey/inject/jersey-hk2/2.33/jersey-hk2-2.33.jar:/home/runner/.m2/repository/org/glassfish/hk2/hk2-locator/2.6.1/hk2-locator-2.6.1.jar:/home/runner/.m2/repository/org/glassfish/jersey/media/jersey-media-jaxb/2.33/jersey-media-jaxb-2.33.jar:/home/runner/.m2/repository/org/glassfish/hk2/osgi-resource-locator/1.0.3/osgi-resource-locator-1.0.3.jar:/home/runner/.m2/repository/org/glassfish/hk2/hk2-api/2.5.0/hk2-api-2.5.0.jar:/home/runner/.m2/repository/org/glassfish/hk2/hk2-utils/2.5.0/hk2-utils-2.5.0.jar:/home/runner/.m2/repository/org/glassfish/hk2/external/aopalliance-repackaged/2.5.0/aopalliance-repackaged-2.5.0.jar:/home/runner/.m2/repository/com/fasterxml/jackson/dataformat/jackson-dataformat-xml/2.12.1/jackson-dataformat-xml-2.12.1.jar:/home/runner/.m2/repository/com/fasterxml/jackson/core/jackson-core/2.12.1/jackson-core-2.12.1.jar:/home/runner/.m2/repository/com/fasterxml/jackson/module/jackson-module-jaxb-annotations/2.12.1/jackson-module-jaxb-annotations-2.12.1.jar:/home/runner/.m2/repository/jakarta/xml/bind/jakarta.xml.bind-api/2.3.2/jakarta.xml.bind-api-2.3.2.jar:/home/runner/.m2/repository/org/codehaus/woodstox/stax2-api/3.1.4/stax2-api-3.1.4.jar:/home/runner/.m2/repository/com/fasterxml/woodstox/woodstox-core/5.0.3/woodstox-core-5.0.3.jar:/home/runner/.m2/repository/javax/enterprise/cdi-api/1.2/cdi-api-1.2.jar:/home/runner/.m2/repository/javax/el/javax.el-api/3.0.0/javax.el-api-3.0.0.jar:/home/runner/.m2/repository/javax/interceptor/javax.interceptor-api/1.2/javax.interceptor-api-1.2.jar:/home/runner/.m2/repository/javax/inject/javax.inject/1/javax.inject-1.jar:/home/runner/.m2/repository/javax/xml/bind/jaxb-api/2.3.0/jaxb-api-2.3.0.jar:/home/runner/.m2/repository/org/glassfish/jaxb/jaxb-runtime/2.3.0.1/jaxb-runtime-2.3.0.1.jar:/home/runner/.m2/repository/org/glassfish/jaxb/jaxb-core/2.3.0.1/jaxb-core-2.3.0.1.jar:/home/runner/.m2/repository/org/glassfish/jaxb/txw2/2.3.0.1/txw2-2.3.0.1.jar:/home/runner/.m2/repository/com/sun/istack/istack-commons-runtime/3.0.5/istack-commons-runtime-3.0.5.jar:/home/runner/.m2/repository/org/jvnet/staxex/stax-ex/1.7.8/stax-ex-1.7.8.jar:/home/runner/.m2/repository/com/sun/xml/fastinfoset/FastInfoset/1.2.13/FastInfoset-1.2.13.jar:/home/runner/.m2/repository/javax/activation/activation/1.1.1/activation-1.1.1.jar:/home/runner/.m2/repository/org/apache/ozone/ozone-csi/1.3.0-SNAPSHOT/ozone-csi-1.3.0-SNAPSHOT.jar:/home/runner/.m2/repository/com/google/protobuf/protobuf-java-util/3.12.0/protobuf-java-util-3.12.0.jar:/home/runner/.m2/repository/com/google/code/gson/gson/2.2.4/gson-2.2.4.jar:/home/runner/.m2/repository/org/apache/ozone/hdds-config/1.3.0-SNAPSHOT/hdds-config-1.3.0-SNAPSHOT.jar:/home/runner/.m2/repository/io/grpc/grpc-netty/1.33.0/grpc-netty-1.33.0.jar:/home/runner/.m2/repository/io/grpc/grpc-core/1.33.0/grpc-core-1.33.0.jar:/home/runner/.m2/repository/com/google/android/annotations/4.1.1.4/annotations-4.1.1.4.jar:/home/runner/.m2/repository/io/netty/netty-codec-http2/4.1.63.Final/netty-codec-http2-4.1.63.Final.jar:/home/runner/.m2/repository/io/netty/netty-codec-http/4.1.63.Final/netty-codec-http-4.1.63.Final.jar:/home/runner/.m2/repository/io/netty/netty-handler-proxy/4.1.63.Final/netty-handler-proxy-4.1.63.Final.jar:/home/runner/.m2/repository/io/netty/netty-codec-socks/4.1.63.Final/netty-codec-socks-4.1.63.Final.jar:/home/runner/.m2/repository/io/perfmark/perfmark-api/0.19.0/perfmark-api-0.19.0.jar:/home/runner/.m2/repository/org/codehaus/mojo/animal-sniffer-annotations/1.18/animal-sniffer-annotations-1.18.jar:/home/runner/.m2/repository/io/netty/netty-transport-native-epoll/4.1.63.Final/netty-transport-native-epoll-4.1.63.Final.jar:/home/runner/.m2/repository/io/netty/netty-common/4.1.63.Final/netty-common-4.1.63.Final.jar:/home/runner/.m2/repository/io/netty/netty-buffer/4.1.63.Final/netty-buffer-4.1.63.Final.jar:/home/runner/.m2/repository/io/netty/netty-transport-native-unix-common/4.1.63.Final/netty-transport-native-unix-common-4.1.63.Final.jar:/home/runner/.m2/repository/io/grpc/grpc-protobuf/1.33.0/grpc-protobuf-1.33.0.jar:/home/runner/.m2/repository/io/grpc/grpc-api/1.33.0/grpc-api-1.33.0.jar:/home/runner/.m2/repository/io/grpc/grpc-context/1.33.0/grpc-context-1.33.0.jar:/home/runner/.m2/repository/com/google/api/grpc/proto-google-common-protos/1.17.0/proto-google-common-protos-1.17.0.jar:/home/runner/.m2/repository/io/grpc/grpc-protobuf-lite/1.33.0/grpc-protobuf-lite-1.33.0.jar:/home/runner/.m2/repository/io/grpc/grpc-stub/1.33.0/grpc-stub-1.33.0.jar:/home/runner/.m2/repository/org/apache/ozone/ozone-recon/1.3.0-SNAPSHOT/ozone-recon-1.3.0-SNAPSHOT.jar:/home/runner/.m2/repository/org/apache/ozone/ozone-reconcodegen/1.3.0-SNAPSHOT/ozone-reconcodegen-1.3.0-SNAPSHOT.jar:/home/runner/.m2/repository/com/google/inject/extensions/guice-multibindings/4.0/guice-multibindings-4.0.jar:/home/runner/.m2/repository/com/google/inject/guice/4.0/guice-4.0.jar:/home/runner/.m2/repository/aopalliance/aopalliance/1.0/aopalliance-1.0.jar:/home/runner/.m2/repository/com/google/inject/extensions/guice-assistedinject/4.0/guice-assistedinject-4.0.jar:/home/runner/.m2/repository/com/google/inject/extensions/guice-servlet/4.0/guice-servlet-4.0.jar:/home/runner/.m2/repository/org/glassfish/jersey/containers/jersey-container-servlet/2.33/jersey-container-servlet-2.33.jar:/home/runner/.m2/repository/org/glassfish/hk2/guice-bridge/2.5.0/guice-bridge-2.5.0.jar:/home/runner/.m2/repository/org/glassfish/jersey/core/jersey-server/2.33/jersey-server-2.33.jar:/home/runner/.m2/repository/org/glassfish/jersey/core/jersey-client/2.33/jersey-client-2.33.jar:/home/runner/.m2/repository/jakarta/annotation/jakarta.annotation-api/1.3.5/jakarta.annotation-api-1.3.5.jar:/home/runner/.m2/repository/jakarta/validation/jakarta.validation-api/2.0.2/jakarta.validation-api-2.0.2.jar:/home/runner/.m2/repository/org/glassfish/jersey/media/jersey-media-json-jackson/2.33/jersey-media-json-jackson-2.33.jar:/home/runner/.m2/repository/org/glassfish/jersey/ext/jersey-entity-filtering/2.33/jersey-entity-filtering-2.33.jar:/home/runner/.m2/repository/org/jooq/jooq/3.11.10/jooq-3.11.10.jar:/home/runner/.m2/repository/org/jooq/jooq-meta/3.11.10/jooq-meta-3.11.10.jar:/home/runner/.m2/repository/org/jooq/jooq-codegen/3.11.10/jooq-codegen-3.11.10.jar:/home/runner/.m2/repository/com/jolbox/bonecp/0.8.0.RELEASE/bonecp-0.8.0.RELEASE.jar:/home/runner/.m2/repository/org/apache/derby/derby/10.14.2.0/derby-10.14.2.0.jar:/home/runner/.m2/repository/org/xerial/sqlite-jdbc/3.25.2/sqlite-jdbc-3.25.2.jar:/home/runner/.m2/repository/org/springframework/spring-jdbc/5.2.18.RELEASE/spring-jdbc-5.2.18.RELEASE.jar:/home/runner/.m2/repository/org/springframework/spring-beans/5.2.18.RELEASE/spring-beans-5.2.18.RELEASE.jar:/home/runner/.m2/repository/org/springframework/spring-core/5.2.18.RELEASE/spring-core-5.2.18.RELEASE.jar:/home/runner/.m2/repository/org/springframework/spring-jcl/5.2.18.RELEASE/spring-jcl-5.2.18.RELEASE.jar:/home/runner/.m2/repository/org/springframework/spring-tx/5.2.18.RELEASE/spring-tx-5.2.18.RELEASE.jar:/home/runner/.m2/repository/org/apache/ozone/ozone-client/1.3.0-SNAPSHOT/ozone-client-1.3.0-SNAPSHOT.jar:/home/runner/.m2/repository/org/apache/ozone/ozone-filesystem/1.3.0-SNAPSHOT/ozone-filesystem-1.3.0-SNAPSHOT.jar:/home/runner/.m2/repository/org/apache/ozone/ozone-filesystem-common/1.3.0-SNAPSHOT/ozone-filesystem-common-1.3.0-SNAPSHOT.jar:/home/runner/.m2/repository/org/apache/ozone/ozone-tools/1.3.0-SNAPSHOT/ozone-tools-1.3.0-SNAPSHOT.jar:/home/runner/.m2/repository/org/apache/ratis/ratis-tools/2.2.0/ratis-tools-2.2.0.jar:/home/runner/.m2/repository/com/amazonaws/aws-java-sdk-core/1.12.124/aws-java-sdk-core-1.12.124.jar:/home/runner/.m2/repository/org/apache/httpcomponents/httpclient/4.5.13/httpclient-4.5.13.jar:/home/runner/.m2/repository/org/apache/httpcomponents/httpcore/4.4.13/httpcore-4.4.13.jar:/home/runner/.m2/repository/software/amazon/ion/ion-java/1.0.2/ion-java-1.0.2.jar:/home/runner/.m2/repository/com/fasterxml/jackson/dataformat/jackson-dataformat-cbor/2.12.1/jackson-dataformat-cbor-2.12.1.jar:/home/runner/.m2/repository/joda-time/joda-time/2.8.1/joda-time-2.8.1.jar:/home/runner/.m2/repository/com/amazonaws/aws-java-sdk-s3/1.12.124/aws-java-sdk-s3-1.12.124.jar:/home/runner/.m2/repository/com/amazonaws/aws-java-sdk-kms/1.12.124/aws-java-sdk-kms-1.12.124.jar:/home/runner/.m2/repository/com/amazonaws/jmespath-java/1.12.124/jmespath-java-1.12.124.jar:/home/runner/.m2/repository/org/kohsuke/metainf-services/metainf-services/1.8/metainf-services-1.8.jar:/home/runner/.m2/repository/org/apache/ozone/hdds-tools/1.3.0-SNAPSHOT/hdds-tools-1.3.0-SNAPSHOT.jar:/home/runner/.m2/repository/commons-cli/commons-cli/1.2/commons-cli-1.2.jar:/home/runner/.m2/repository/org/apache/commons/commons-lang3/3.7/commons-lang3-3.7.jar:/home/runner/.m2/repository/org/apache/ozone/ozone-manager/1.3.0-SNAPSHOT/ozone-manager-1.3.0-SNAPSHOT-tests.jar:/home/runner/.m2/repository/org/apache/ozone/hdds-common/1.3.0-SNAPSHOT/hdds-common-1.3.0-SNAPSHOT-tests.jar:/home/runner/.m2/repository/org/apache/ozone/hdds-hadoop-dependency-client/1.3.0-SNAPSHOT/hdds-hadoop-dependency-client-1.3.0-SNAPSHOT.jar:/home/runner/.m2/repository/info/picocli/picocli/4.6.1/picocli-4.6.1.jar:/home/runner/.m2/repository/com/fasterxml/jackson/core/jackson-annotations/2.12.1/jackson-annotations-2.12.1.jar:/home/runner/.m2/repository/javax/annotation/javax.annotation-api/1.2/javax.annotation-api-1.2.jar:/home/runner/.m2/repository/org/apache/ratis/ratis-server/2.2.0/ratis-server-2.2.0.jar:/home/runner/.m2/repository/org/apache/ratis/ratis-client/2.2.0/ratis-client-2.2.0.jar:/home/runner/.m2/repository/org/apache/ratis/ratis-server-api/2.2.0/ratis-server-api-2.2.0.jar:/home/runner/.m2/repository/org/apache/ratis/ratis-metrics/2.2.0/ratis-metrics-2.2.0.jar:/home/runner/.m2/repository/org/apache/ratis/ratis-netty/2.2.0/ratis-netty-2.2.0.jar:/home/runner/.m2/repository/org/apache/ratis/ratis-grpc/2.2.0/ratis-grpc-2.2.0.jar:/home/runner/.m2/repository/org/apache/logging/log4j/log4j-api/2.17.1/log4j-api-2.17.1.jar:/home/runner/.m2/repository/org/apache/logging/log4j/log4j-core/2.17.1/log4j-core-2.17.1.jar:/home/runner/.m2/repository/com/lmax/disruptor/3.4.2/disruptor-3.4.2.jar:/home/runner/.m2/repository/org/apache/commons/commons-pool2/2.6.0/commons-pool2-2.6.0.jar:/home/runner/.m2/repository/org/bouncycastle/bcpkix-jdk15on/1.67/bcpkix-jdk15on-1.67.jar:/home/runner/.m2/repository/commons-validator/commons-validator/1.6/commons-validator-1.6.jar:/home/runner/.m2/repository/commons-beanutils/commons-beanutils/1.9.4/commons-beanutils-1.9.4.jar:/home/runner/.m2/repository/commons-digester/commons-digester/1.8.1/commons-digester-1.8.1.jar:/home/runner/.m2/repository/commons-collections/commons-collections/3.2.2/commons-collections-3.2.2.jar:/home/runner/.m2/repository/io/jaegertracing/jaeger-client/1.6.0/jaeger-client-1.6.0.jar:/home/runner/.m2/repository/io/jaegertracing/jaeger-thrift/1.6.0/jaeger-thrift-1.6.0.jar:/home/runner/.m2/repository/org/apache/thrift/libthrift/0.14.1/libthrift-0.14.1.jar:/home/runner/.m2/repository/com/squareup/okhttp3/okhttp/4.9.0/okhttp-4.9.0.jar:/home/runner/.m2/repository/com/squareup/okio/okio/2.8.0/okio-2.8.0.jar:/home/runner/.m2/repository/io/jaegertracing/jaeger-core/1.6.0/jaeger-core-1.6.0.jar:/home/runner/.m2/repository/io/jaegertracing/jaeger-tracerresolver/1.6.0/jaeger-tracerresolver-1.6.0.jar:/home/runner/.m2/repository/io/opentracing/contrib/opentracing-tracerresolver/0.1.8/opentracing-tracerresolver-0.1.8.jar:/home/runner/.m2/repository/org/jetbrains/kotlin/kotlin-stdlib/1.4.31/kotlin-stdlib-1.4.31.jar:/home/runner/.m2/repository/org/jetbrains/kotlin/kotlin-stdlib-common/1.4.31/kotlin-stdlib-common-1.4.31.jar:/home/runner/.m2/repository/org/jetbrains/annotations/13.0/annotations-13.0.jar:/home/runner/.m2/repository/io/opentracing/opentracing-util/0.33.0/opentracing-util-0.33.0.jar:/home/runner/.m2/repository/io/opentracing/opentracing-api/0.33.0/opentracing-api-0.33.0.jar:/home/runner/.m2/repository/io/opentracing/opentracing-noop/0.33.0/opentracing-noop-0.33.0.jar:/home/runner/.m2/repository/org/yaml/snakeyaml/1.26/snakeyaml-1.26.jar:/home/runner/.m2/repository/org/apache/ozone/hdds-interface-admin/1.3.0-SNAPSHOT/hdds-interface-admin-1.3.0-SNAPSHOT.jar:/home/runner/.m2/repository/junit/junit/4.13.1/junit-4.13.1.jar:/home/runner/.m2/repository/org/hamcrest/hamcrest-core/1.3/hamcrest-core-1.3.jar:/home/runner/.m2/repository/org/junit/jupiter/junit-jupiter-api/5.7.0/junit-jupiter-api-5.7.0.jar:/home/runner/.m2/repository/org/apiguardian/apiguardian-api/1.1.0/apiguardian-api-1.1.0.jar:/home/runner/.m2/repository/org/opentest4j/opentest4j/1.2.0/opentest4j-1.2.0.jar:/home/runner/.m2/repository/org/junit/platform/junit-platform-commons/1.7.0/junit-platform-commons-1.7.0.jar:/home/runner/.m2/repository/org/junit/jupiter/junit-jupiter-engine/5.7.0/junit-jupiter-engine-5.7.0.jar:/home/runner/.m2/repository/org/junit/platform/junit-platform-engine/1.7.0/junit-platform-engine-1.7.0.jar:/home/runner/.m2/repository/org/junit/vintage/junit-vintage-engine/5.7.0/junit-vintage-engine-5.7.0.jar:/home/runner/.m2/repository/org/junit/platform/junit-platform-launcher/1.7.0/junit-platform-launcher-1.7.0.jar:/home/runner/.m2/repository/org/openjdk/jmh/jmh-core/1.19/jmh-core-1.19.jar:/home/runner/.m2/repository/net/sf/jopt-simple/jopt-simple/4.6/jopt-simple-4.6.jar:/home/runner/.m2/repository/org/apache/commons/commons-math3/3.1.1/commons-math3-3.1.1.jar:/home/runner/.m2/repository/org/openjdk/jmh/jmh-generator-annprocess/1.19/jmh-generator-annprocess-1.19.jar:/home/runner/.m2/repository/org/mockito/mockito-core/2.28.2/mockito-core-2.28.2.jar:/home/runner/.m2/repository/net/bytebuddy/byte-buddy/1.9.10/byte-buddy-1.9.10.jar:/home/runner/.m2/repository/net/bytebuddy/byte-buddy-agent/1.9.10/byte-buddy-agent-1.9.10.jar:/home/runner/.m2/repository/org/objenesis/objenesis/1.0/objenesis-1.0.jar:/home/runner/.m2/repository/org/apache/hadoop/hadoop-kms/3.3.1/hadoop-kms-3.3.1.jar:/home/runner/.m2/repository/org/apache/hadoop/hadoop-auth/3.3.1/hadoop-auth-3.3.1.jar:/home/runner/.m2/repository/com/nimbusds/nimbus-jose-jwt/7.9/nimbus-jose-jwt-7.9.jar:/home/runner/.m2/repository/com/github/stephenc/jcip/jcip-annotations/1.0-1/jcip-annotations-1.0-1.jar:/home/runner/.m2/repository/net/minidev/json-smart/2.3.1/json-smart-2.3.1.jar:/home/runner/.m2/repository/net/minidev/accessors-smart/2.3.1/accessors-smart-2.3.1.jar:/home/runner/.m2/repository/org/ow2/asm/asm/5.0.4/asm-5.0.4.jar:/home/runner/.m2/repository/org/apache/zookeeper/zookeeper/3.5.6/zookeeper-3.5.6.jar:/home/runner/.m2/repository/org/apache/zookeeper/zookeeper-jute/3.5.6/zookeeper-jute-3.5.6.jar:/home/runner/.m2/repository/org/apache/yetus/audience-annotations/0.5.0/audience-annotations-0.5.0.jar:/home/runner/.m2/repository/org/apache/curator/curator-framework/4.2.0/curator-framework-4.2.0.jar:/home/runner/.m2/repository/org/apache/hadoop/thirdparty/hadoop-shaded-guava/1.1.1/hadoop-shaded-guava-1.1.1.jar:/home/runner/.m2/repository/com/sun/jersey/jersey-core/1.19/jersey-core-1.19.jar:/home/runner/.m2/repository/javax/ws/rs/jsr311-api/1.1.1/jsr311-api-1.1.1.jar:/home/runner/.m2/repository/com/sun/jersey/jersey-server/1.19/jersey-server-1.19.jar:/home/runner/.m2/repository/javax/servlet/javax.servlet-api/3.1.0/javax.servlet-api-3.1.0.jar:/home/runner/.m2/repository/org/eclipse/jetty/jetty-server/9.4.43.v20210629/jetty-server-9.4.43.v20210629.jar:/home/runner/.m2/repository/org/eclipse/jetty/jetty-http/9.4.43.v20210629/jetty-http-9.4.43.v20210629.jar:/home/runner/.m2/repository/org/eclipse/jetty/jetty-io/9.4.43.v20210629/jetty-io-9.4.43.v20210629.jar:/home/runner/.m2/repository/org/eclipse/jetty/jetty-webapp/9.4.43.v20210629/jetty-webapp-9.4.43.v20210629.jar:/home/runner/.m2/repository/org/eclipse/jetty/jetty-xml/9.4.43.v20210629/jetty-xml-9.4.43.v20210629.jar:/home/runner/.m2/repository/org/apache/hadoop/hadoop-common/3.3.1/hadoop-common-3.3.1.jar:/home/runner/.m2/repository/commons-net/commons-net/3.6/commons-net-3.6.jar:/home/runner/.m2/repository/jakarta/activation/jakarta.activation-api/1.2.1/jakarta.activation-api-1.2.1.jar:/home/runner/.m2/repository/com/sun/jersey/jersey-servlet/1.19/jersey-servlet-1.19.jar:/home/runner/.m2/repository/com/sun/jersey/jersey-json/1.19/jersey-json-1.19.jar:/home/runner/.m2/repository/org/codehaus/jettison/jettison/1.1/jettison-1.1.jar:/home/runner/.m2/repository/com/sun/xml/bind/jaxb-impl/2.2.3-1/jaxb-impl-2.2.3-1.jar:/home/runner/.m2/repository/org/codehaus/jackson/jackson-jaxrs/1.9.2/jackson-jaxrs-1.9.2.jar:/home/runner/.m2/repository/org/codehaus/jackson/jackson-xc/1.9.2/jackson-xc-1.9.2.jar:/home/runner/.m2/repository/org/apache/commons/commons-configuration2/2.1.1/commons-configuration2-2.1.1.jar:/home/runner/.m2/repository/org/apache/commons/commons-text/1.4/commons-text-1.4.jar:/home/runner/.m2/repository/com/google/re2j/re2j/1.1/re2j-1.1.jar:/home/runner/.m2/repository/com/jcraft/jsch/0.1.54/jsch-0.1.54.jar:/home/runner/.m2/repository/org/apache/curator/curator-client/4.2.0/curator-client-4.2.0.jar:/home/runner/.m2/repository/org/apache/curator/curator-recipes/4.2.0/curator-recipes-4.2.0.jar:/home/runner/.m2/repository/org/apache/kerby/kerb-core/1.0.1/kerb-core-1.0.1.jar:/home/runner/.m2/repository/org/apache/kerby/kerby-pkix/1.0.1/kerby-pkix-1.0.1.jar:/home/runner/.m2/repository/org/apache/kerby/kerby-asn1/1.0.1/kerby-asn1-1.0.1.jar:/home/runner/.m2/repository/org/apache/kerby/kerby-util/1.0.1/kerby-util-1.0.1.jar:/home/runner/.m2/repository/dnsjava/dnsjava/2.1.7/dnsjava-2.1.7.jar:/home/runner/.m2/repository/org/xerial/snappy/snappy-java/1.1.8.2/snappy-java-1.1.8.2.jar:/home/runner/.m2/repository/org/slf4j/jul-to-slf4j/1.7.30/jul-to-slf4j-1.7.30.jar:/home/runner/.m2/repository/org/eclipse/jetty/jetty-util/9.4.43.v20210629/jetty-util-9.4.43.v20210629.jar:/home/runner/.m2/repository/com/fasterxml/jackson/core/jackson-databind/2.12.1/jackson-databind-2.12.1.jar:/home/runner/.m2/repository/org/apache/hadoop/hadoop-kms/3.3.1/hadoop-kms-3.3.1-tests.jar:/home/runner/.m2/repository/org/apache/ozone/hdds-server-scm/1.3.0-SNAPSHOT/hdds-server-scm-1.3.0-SNAPSHOT-tests.jar:/home/runner/.m2/repository/org/apache/ozone/hdds-container-service/1.3.0-SNAPSHOT/hdds-container-service-1.3.0-SNAPSHOT-tests.jar:/home/runner/.m2/repository/commons-codec/commons-codec/1.11/commons-codec-1.11.jar:/home/runner/.m2/repository/io/netty/netty-transport/4.1.63.Final/netty-transport-4.1.63.Final.jar:/home/runner/.m2/repository/io/netty/netty-resolver/4.1.63.Final/netty-resolver-4.1.63.Final.jar:/home/runner/.m2/repository/io/netty/netty-codec/4.1.63.Final/netty-codec-4.1.63.Final.jar:/home/runner/.m2/repository/io/netty/netty-handler/4.1.63.Final/netty-handler-4.1.63.Final.jar:/home/runner/.m2/repository/org/apache/ozone/hdds-hadoop-dependency-test/1.3.0-SNAPSHOT/hdds-hadoop-dependency-test-1.3.0-SNAPSHOT.jar:/home/runner/.m2/repository/org/apache/hadoop/hadoop-common/3.3.1/hadoop-common-3.3.1-tests.jar:/home/runner/.m2/repository/org/assertj/assertj-core/3.12.2/assertj-core-3.12.2.jar:/home/runner/.m2/repository/org/apache/hadoop/hadoop-hdfs/3.3.1/hadoop-hdfs-3.3.1-tests.jar:/home/runner/.m2/repository/org/eclipse/jetty/jetty-util-ajax/9.4.43.v20210629/jetty-util-ajax-9.4.43.v20210629.jar:/home/runner/.m2/repository/commons-daemon/commons-daemon/1.0.13/commons-daemon-1.0.13.jar:/home/runner/.m2/repository/io/netty/netty/3.10.6.Final/netty-3.10.6.Final.jar:/home/runner/.m2/repository/io/netty/netty-all/4.1.63.Final/netty-all-4.1.63.Final.jar:/home/runner/.m2/repository/org/apache/htrace/htrace-core4/4.1.0-incubating/htrace-core4-4.1.0-incubating.jar:/home/runner/.m2/repository/org/fusesource/leveldbjni/leveldbjni-all/1.8/leveldbjni-all-1.8.jar:/home/runner/.m2/repository/org/apache/hadoop/hadoop-distcp/3.3.1/hadoop-distcp-3.3.1.jar:/home/runner/.m2/repository/org/apache/hadoop/hadoop-mapreduce-client-jobclient/3.3.1/hadoop-mapreduce-client-jobclient-3.3.1.jar:/home/runner/.m2/repository/org/apache/hadoop/hadoop-mapreduce-client-common/3.3.1/hadoop-mapreduce-client-common-3.3.1.jar:/home/runner/.m2/repository/org/apache/hadoop/hadoop-yarn-common/3.3.1/hadoop-yarn-common-3.3.1.jar:/home/runner/.m2/repository/org/apache/hadoop/hadoop-yarn-api/3.3.1/hadoop-yarn-api-3.3.1.jar:/home/runner/.m2/repository/com/sun/jersey/jersey-client/1.19/jersey-client-1.19.jar:/home/runner/.m2/repository/com/sun/jersey/contribs/jersey-guice/1.19/jersey-guice-1.19.jar:/home/runner/.m2/repository/com/fasterxml/jackson/jaxrs/jackson-jaxrs-json-provider/2.12.1/jackson-jaxrs-json-provider-2.12.1.jar:/home/runner/.m2/repository/com/fasterxml/jackson/jaxrs/jackson-jaxrs-base/2.12.1/jackson-jaxrs-base-2.12.1.jar:/home/runner/.m2/repository/org/apache/hadoop/hadoop-yarn-client/3.3.1/hadoop-yarn-client-3.3.1.jar:/home/runner/.m2/repository/org/eclipse/jetty/websocket/websocket-client/9.4.40.v20210413/websocket-client-9.4.40.v20210413.jar:/home/runner/.m2/repository/org/eclipse/jetty/jetty-client/9.4.40.v20210413/jetty-client-9.4.40.v20210413.jar:/home/runner/.m2/repository/org/eclipse/jetty/websocket/websocket-common/9.4.40.v20210413/websocket-common-9.4.40.v20210413.jar:/home/runner/.m2/repository/org/eclipse/jetty/websocket/websocket-api/9.4.40.v20210413/websocket-api-9.4.40.v20210413.jar:/home/runner/.m2/repository/org/jline/jline/3.9.0/jline-3.9.0.jar:/home/runner/.m2/repository/org/apache/hadoop/hadoop-mapreduce-client-core/3.3.1/hadoop-mapreduce-client-core-3.3.1.jar:/home/runner/.m2/repository/org/apache/avro/avro/1.7.7/avro-1.7.7.jar:/home/runner/.m2/repository/org/codehaus/jackson/jackson-core-asl/1.9.13/jackson-core-asl-1.9.13.jar:/home/runner/.m2/repository/org/codehaus/jackson/jackson-mapper-asl/1.9.13/jackson-mapper-asl-1.9.13.jar:/home/runner/.m2/repository/com/thoughtworks/paranamer/paranamer/2.3/paranamer-2.3.jar:/home/runner/.m2/repository/org/apache/hadoop/hadoop-annotations/3.3.1/hadoop-annotations-3.3.1.jar:/usr/lib/jvm/adoptopenjdk-8-hotspot-amd64/jre/../lib/tools.jar:/home/runner/.m2/repository/org/apache/hadoop/hadoop-distcp/3.3.1/hadoop-distcp-3.3.1-tests.jar:/home/runner/.m2/repository/org/apache/ratis/ratis-common/2.2.0/ratis-common-2.2.0.jar:/home/runner/.m2/repository/org/apache/ratis/ratis-thirdparty-misc/0.7.0/ratis-thirdparty-misc-0.7.0.jar:/home/runner/.m2/repository/org/apache/ratis/ratis-proto/2.2.0/ratis-proto-2.2.0.jar:"/>
    <property name="java.vm.vendor" value="AdoptOpenJDK"/>
    <property name="sun.arch.data.model" value="64"/>
    <property name="test.build.dir" value="/home/runner/work/ozone/ozone/hadoop-ozone/integration-test/target/test-dir"/>
    <property name="test.cache.data" value=""/>
    <property name="java.vendor.url" value="https://adoptopenjdk.net/"/>
    <property name="user.timezone" value=""/>
    <property name="java.vm.specification.version" value="1.8"/>
    <property name="os.name" value="Linux"/>
    <property name="test.build.data" value="/home/runner/work/ozone/ozone/hadoop-ozone/integration-test/target/test-dir"/>
    <property name="sun.java.launcher" value="SUN_STANDARD"/>
    <property name="sun.boot.library.path" value="/usr/lib/jvm/adoptopenjdk-8-hotspot-amd64/jre/lib/amd64"/>
    <property name="sun.java.command" value="/home/runner/work/ozone/ozone/hadoop-ozone/integration-test/target/surefire/surefirebooter126149401483055889.jar /home/runner/work/ozone/ozone/hadoop-ozone/integration-test/target/surefire 2022-01-08T12-48-48_827-jvmRun1 surefire6581171640319327593tmp surefire_24846226936013341261tmp"/>
    <property name="surefire.test.class.path" value="/home/runner/work/ozone/ozone/hadoop-ozone/integration-test/target/test-classes:/home/runner/work/ozone/ozone/hadoop-ozone/integration-test/target/classes:/home/runner/.m2/repository/org/apache/ozone/ozone-common/1.3.0-SNAPSHOT/ozone-common-1.3.0-SNAPSHOT.jar:/home/runner/.m2/repository/org/apache/commons/commons-compress/1.21/commons-compress-1.21.jar:/home/runner/.m2/repository/org/apache/ozone/hdds-common/1.3.0-SNAPSHOT/hdds-common-1.3.0-SNAPSHOT.jar:/home/runner/.m2/repository/org/apache/ozone/hdds-client/1.3.0-SNAPSHOT/hdds-client-1.3.0-SNAPSHOT.jar:/home/runner/.m2/repository/org/apache/ozone/ozone-interface-client/1.3.0-SNAPSHOT/ozone-interface-client-1.3.0-SNAPSHOT.jar:/home/runner/.m2/repository/org/apache/ozone/hdds-test-utils/1.3.0-SNAPSHOT/hdds-test-utils-1.3.0-SNAPSHOT.jar:/home/runner/.m2/repository/com/google/guava/guava/30.1.1-jre/guava-30.1.1-jre.jar:/home/runner/.m2/repository/com/google/guava/failureaccess/1.0.1/failureaccess-1.0.1.jar:/home/runner/.m2/repository/com/google/guava/listenablefuture/9999.0-empty-to-avoid-conflict-with-guava/listenablefuture-9999.0-empty-to-avoid-conflict-with-guava.jar:/home/runner/.m2/repository/com/google/code/findbugs/jsr305/3.0.0/jsr305-3.0.0.jar:/home/runner/.m2/repository/org/checkerframework/checker-qual/3.8.0/checker-qual-3.8.0.jar:/home/runner/.m2/repository/com/google/errorprone/error_prone_annotations/2.2.0/error_prone_annotations-2.2.0.jar:/home/runner/.m2/repository/com/google/j2objc/j2objc-annotations/1.3/j2objc-annotations-1.3.jar:/home/runner/.m2/repository/commons-io/commons-io/2.11.0/commons-io-2.11.0.jar:/home/runner/.m2/repository/commons-logging/commons-logging/1.2/commons-logging-1.2.jar:/home/runner/.m2/repository/log4j/log4j/1.2.17/log4j-1.2.17.jar:/home/runner/.m2/repository/org/slf4j/slf4j-api/1.7.30/slf4j-api-1.7.30.jar:/home/runner/.m2/repository/org/apache/ozone/hdds-server-scm/1.3.0-SNAPSHOT/hdds-server-scm-1.3.0-SNAPSHOT.jar:/home/runner/.m2/repository/org/apache/ozone/hdds-container-service/1.3.0-SNAPSHOT/hdds-container-service-1.3.0-SNAPSHOT.jar:/home/runner/.m2/repository/org/apache/ozone/hdds-hadoop-dependency-server/1.3.0-SNAPSHOT/hdds-hadoop-dependency-server-1.3.0-SNAPSHOT.jar:/home/runner/.m2/repository/org/apache/hadoop/hadoop-hdfs/3.3.1/hadoop-hdfs-3.3.1.jar:/home/runner/.m2/repository/org/apache/ozone/hdds-server-framework/1.3.0-SNAPSHOT/hdds-server-framework-1.3.0-SNAPSHOT.jar:/home/runner/.m2/repository/org/apache/ozone/hdds-interface-server/1.3.0-SNAPSHOT/hdds-interface-server-1.3.0-SNAPSHOT.jar:/home/runner/.m2/repository/org/eclipse/jetty/jetty-servlet/9.4.43.v20210629/jetty-servlet-9.4.43.v20210629.jar:/home/runner/.m2/repository/org/eclipse/jetty/jetty-security/9.4.43.v20210629/jetty-security-9.4.43.v20210629.jar:/home/runner/.m2/repository/org/rocksdb/rocksdbjni/6.25.3/rocksdbjni-6.25.3.jar:/home/runner/.m2/repository/io/prometheus/simpleclient_dropwizard/0.7.0/simpleclient_dropwizard-0.7.0.jar:/home/runner/.m2/repository/io/prometheus/simpleclient/0.7.0/simpleclient-0.7.0.jar:/home/runner/.m2/repository/io/prometheus/simpleclient_common/0.7.0/simpleclient_common-0.7.0.jar:/home/runner/.m2/repository/com/fasterxml/jackson/datatype/jackson-datatype-jsr310/2.12.1/jackson-datatype-jsr310-2.12.1.jar:/home/runner/.m2/repository/io/dropwizard/metrics/metrics-core/3.2.4/metrics-core-3.2.4.jar:/home/runner/.m2/repository/org/apache/hadoop/hadoop-hdfs-client/3.3.1/hadoop-hdfs-client-3.3.1.jar:/home/runner/.m2/repository/org/bouncycastle/bcprov-jdk15on/1.67/bcprov-jdk15on-1.67.jar:/home/runner/.m2/repository/com/google/protobuf/protobuf-java/2.5.0/protobuf-java-2.5.0.jar:/home/runner/.m2/repository/org/apache/ozone/ozone-manager/1.3.0-SNAPSHOT/ozone-manager-1.3.0-SNAPSHOT.jar:/home/runner/.m2/repository/org/aspectj/aspectjrt/1.9.7/aspectjrt-1.9.7.jar:/home/runner/.m2/repository/org/aspectj/aspectjweaver/1.9.7/aspectjweaver-1.9.7.jar:/home/runner/.m2/repository/org/apache/ozone/hdds-interface-client/1.3.0-SNAPSHOT/hdds-interface-client-1.3.0-SNAPSHOT.jar:/home/runner/.m2/repository/org/apache/hadoop/thirdparty/hadoop-shaded-protobuf_3_7/1.1.1/hadoop-shaded-protobuf_3_7-1.1.1.jar:/home/runner/.m2/repository/org/apache/ozone/ozone-interface-storage/1.3.0-SNAPSHOT/ozone-interface-storage-1.3.0-SNAPSHOT.jar:/home/runner/.m2/repository/org/reflections/reflections/0.9.11/reflections-0.9.11.jar:/home/runner/.m2/repository/org/apache/hadoop/hadoop-minikdc/3.3.1/hadoop-minikdc-3.3.1.jar:/home/runner/.m2/repository/org/apache/kerby/kerb-simplekdc/1.0.1/kerb-simplekdc-1.0.1.jar:/home/runner/.m2/repository/org/apache/kerby/kerb-client/1.0.1/kerb-client-1.0.1.jar:/home/runner/.m2/repository/org/apache/kerby/kerby-config/1.0.1/kerby-config-1.0.1.jar:/home/runner/.m2/repository/org/apache/kerby/kerb-common/1.0.1/kerb-common-1.0.1.jar:/home/runner/.m2/repository/org/apache/kerby/kerb-crypto/1.0.1/kerb-crypto-1.0.1.jar:/home/runner/.m2/repository/org/apache/kerby/kerb-util/1.0.1/kerb-util-1.0.1.jar:/home/runner/.m2/repository/org/apache/kerby/token-provider/1.0.1/token-provider-1.0.1.jar:/home/runner/.m2/repository/org/apache/kerby/kerb-admin/1.0.1/kerb-admin-1.0.1.jar:/home/runner/.m2/repository/org/apache/kerby/kerb-server/1.0.1/kerb-server-1.0.1.jar:/home/runner/.m2/repository/org/apache/kerby/kerb-identity/1.0.1/kerb-identity-1.0.1.jar:/home/runner/.m2/repository/org/apache/kerby/kerby-xdr/1.0.1/kerby-xdr-1.0.1.jar:/home/runner/.m2/repository/org/slf4j/slf4j-log4j12/1.7.30/slf4j-log4j12-1.7.30.jar:/home/runner/.m2/repository/org/apache/ozone/ozone-s3gateway/1.3.0-SNAPSHOT/ozone-s3gateway-1.3.0-SNAPSHOT.jar:/home/runner/.m2/repository/org/javassist/javassist/3.21.0-GA/javassist-3.21.0-GA.jar:/home/runner/.m2/repository/org/jboss/weld/servlet/weld-servlet/2.4.7.Final/weld-servlet-2.4.7.Final.jar:/home/runner/.m2/repository/org/glassfish/jersey/containers/jersey-container-servlet-core/2.33/jersey-container-servlet-core-2.33.jar:/home/runner/.m2/repository/org/glassfish/hk2/external/jakarta.inject/2.6.1/jakarta.inject-2.6.1.jar:/home/runner/.m2/repository/org/glassfish/jersey/core/jersey-common/2.33/jersey-common-2.33.jar:/home/runner/.m2/repository/jakarta/ws/rs/jakarta.ws.rs-api/2.1.6/jakarta.ws.rs-api-2.1.6.jar:/home/runner/.m2/repository/org/glassfish/jersey/ext/cdi/jersey-cdi1x/2.33/jersey-cdi1x-2.33.jar:/home/runner/.m2/repository/org/glassfish/jersey/inject/jersey-hk2/2.33/jersey-hk2-2.33.jar:/home/runner/.m2/repository/org/glassfish/hk2/hk2-locator/2.6.1/hk2-locator-2.6.1.jar:/home/runner/.m2/repository/org/glassfish/jersey/media/jersey-media-jaxb/2.33/jersey-media-jaxb-2.33.jar:/home/runner/.m2/repository/org/glassfish/hk2/osgi-resource-locator/1.0.3/osgi-resource-locator-1.0.3.jar:/home/runner/.m2/repository/org/glassfish/hk2/hk2-api/2.5.0/hk2-api-2.5.0.jar:/home/runner/.m2/repository/org/glassfish/hk2/hk2-utils/2.5.0/hk2-utils-2.5.0.jar:/home/runner/.m2/repository/org/glassfish/hk2/external/aopalliance-repackaged/2.5.0/aopalliance-repackaged-2.5.0.jar:/home/runner/.m2/repository/com/fasterxml/jackson/dataformat/jackson-dataformat-xml/2.12.1/jackson-dataformat-xml-2.12.1.jar:/home/runner/.m2/repository/com/fasterxml/jackson/core/jackson-core/2.12.1/jackson-core-2.12.1.jar:/home/runner/.m2/repository/com/fasterxml/jackson/module/jackson-module-jaxb-annotations/2.12.1/jackson-module-jaxb-annotations-2.12.1.jar:/home/runner/.m2/repository/jakarta/xml/bind/jakarta.xml.bind-api/2.3.2/jakarta.xml.bind-api-2.3.2.jar:/home/runner/.m2/repository/org/codehaus/woodstox/stax2-api/3.1.4/stax2-api-3.1.4.jar:/home/runner/.m2/repository/com/fasterxml/woodstox/woodstox-core/5.0.3/woodstox-core-5.0.3.jar:/home/runner/.m2/repository/javax/enterprise/cdi-api/1.2/cdi-api-1.2.jar:/home/runner/.m2/repository/javax/el/javax.el-api/3.0.0/javax.el-api-3.0.0.jar:/home/runner/.m2/repository/javax/interceptor/javax.interceptor-api/1.2/javax.interceptor-api-1.2.jar:/home/runner/.m2/repository/javax/inject/javax.inject/1/javax.inject-1.jar:/home/runner/.m2/repository/javax/xml/bind/jaxb-api/2.3.0/jaxb-api-2.3.0.jar:/home/runner/.m2/repository/org/glassfish/jaxb/jaxb-runtime/2.3.0.1/jaxb-runtime-2.3.0.1.jar:/home/runner/.m2/repository/org/glassfish/jaxb/jaxb-core/2.3.0.1/jaxb-core-2.3.0.1.jar:/home/runner/.m2/repository/org/glassfish/jaxb/txw2/2.3.0.1/txw2-2.3.0.1.jar:/home/runner/.m2/repository/com/sun/istack/istack-commons-runtime/3.0.5/istack-commons-runtime-3.0.5.jar:/home/runner/.m2/repository/org/jvnet/staxex/stax-ex/1.7.8/stax-ex-1.7.8.jar:/home/runner/.m2/repository/com/sun/xml/fastinfoset/FastInfoset/1.2.13/FastInfoset-1.2.13.jar:/home/runner/.m2/repository/javax/activation/activation/1.1.1/activation-1.1.1.jar:/home/runner/.m2/repository/org/apache/ozone/ozone-csi/1.3.0-SNAPSHOT/ozone-csi-1.3.0-SNAPSHOT.jar:/home/runner/.m2/repository/com/google/protobuf/protobuf-java-util/3.12.0/protobuf-java-util-3.12.0.jar:/home/runner/.m2/repository/com/google/code/gson/gson/2.2.4/gson-2.2.4.jar:/home/runner/.m2/repository/org/apache/ozone/hdds-config/1.3.0-SNAPSHOT/hdds-config-1.3.0-SNAPSHOT.jar:/home/runner/.m2/repository/io/grpc/grpc-netty/1.33.0/grpc-netty-1.33.0.jar:/home/runner/.m2/repository/io/grpc/grpc-core/1.33.0/grpc-core-1.33.0.jar:/home/runner/.m2/repository/com/google/android/annotations/4.1.1.4/annotations-4.1.1.4.jar:/home/runner/.m2/repository/io/netty/netty-codec-http2/4.1.63.Final/netty-codec-http2-4.1.63.Final.jar:/home/runner/.m2/repository/io/netty/netty-codec-http/4.1.63.Final/netty-codec-http-4.1.63.Final.jar:/home/runner/.m2/repository/io/netty/netty-handler-proxy/4.1.63.Final/netty-handler-proxy-4.1.63.Final.jar:/home/runner/.m2/repository/io/netty/netty-codec-socks/4.1.63.Final/netty-codec-socks-4.1.63.Final.jar:/home/runner/.m2/repository/io/perfmark/perfmark-api/0.19.0/perfmark-api-0.19.0.jar:/home/runner/.m2/repository/org/codehaus/mojo/animal-sniffer-annotations/1.18/animal-sniffer-annotations-1.18.jar:/home/runner/.m2/repository/io/netty/netty-transport-native-epoll/4.1.63.Final/netty-transport-native-epoll-4.1.63.Final.jar:/home/runner/.m2/repository/io/netty/netty-common/4.1.63.Final/netty-common-4.1.63.Final.jar:/home/runner/.m2/repository/io/netty/netty-buffer/4.1.63.Final/netty-buffer-4.1.63.Final.jar:/home/runner/.m2/repository/io/netty/netty-transport-native-unix-common/4.1.63.Final/netty-transport-native-unix-common-4.1.63.Final.jar:/home/runner/.m2/repository/io/grpc/grpc-protobuf/1.33.0/grpc-protobuf-1.33.0.jar:/home/runner/.m2/repository/io/grpc/grpc-api/1.33.0/grpc-api-1.33.0.jar:/home/runner/.m2/repository/io/grpc/grpc-context/1.33.0/grpc-context-1.33.0.jar:/home/runner/.m2/repository/com/google/api/grpc/proto-google-common-protos/1.17.0/proto-google-common-protos-1.17.0.jar:/home/runner/.m2/repository/io/grpc/grpc-protobuf-lite/1.33.0/grpc-protobuf-lite-1.33.0.jar:/home/runner/.m2/repository/io/grpc/grpc-stub/1.33.0/grpc-stub-1.33.0.jar:/home/runner/.m2/repository/org/apache/ozone/ozone-recon/1.3.0-SNAPSHOT/ozone-recon-1.3.0-SNAPSHOT.jar:/home/runner/.m2/repository/org/apache/ozone/ozone-reconcodegen/1.3.0-SNAPSHOT/ozone-reconcodegen-1.3.0-SNAPSHOT.jar:/home/runner/.m2/repository/com/google/inject/extensions/guice-multibindings/4.0/guice-multibindings-4.0.jar:/home/runner/.m2/repository/com/google/inject/guice/4.0/guice-4.0.jar:/home/runner/.m2/repository/aopalliance/aopalliance/1.0/aopalliance-1.0.jar:/home/runner/.m2/repository/com/google/inject/extensions/guice-assistedinject/4.0/guice-assistedinject-4.0.jar:/home/runner/.m2/repository/com/google/inject/extensions/guice-servlet/4.0/guice-servlet-4.0.jar:/home/runner/.m2/repository/org/glassfish/jersey/containers/jersey-container-servlet/2.33/jersey-container-servlet-2.33.jar:/home/runner/.m2/repository/org/glassfish/hk2/guice-bridge/2.5.0/guice-bridge-2.5.0.jar:/home/runner/.m2/repository/org/glassfish/jersey/core/jersey-server/2.33/jersey-server-2.33.jar:/home/runner/.m2/repository/org/glassfish/jersey/core/jersey-client/2.33/jersey-client-2.33.jar:/home/runner/.m2/repository/jakarta/annotation/jakarta.annotation-api/1.3.5/jakarta.annotation-api-1.3.5.jar:/home/runner/.m2/repository/jakarta/validation/jakarta.validation-api/2.0.2/jakarta.validation-api-2.0.2.jar:/home/runner/.m2/repository/org/glassfish/jersey/media/jersey-media-json-jackson/2.33/jersey-media-json-jackson-2.33.jar:/home/runner/.m2/repository/org/glassfish/jersey/ext/jersey-entity-filtering/2.33/jersey-entity-filtering-2.33.jar:/home/runner/.m2/repository/org/jooq/jooq/3.11.10/jooq-3.11.10.jar:/home/runner/.m2/repository/org/jooq/jooq-meta/3.11.10/jooq-meta-3.11.10.jar:/home/runner/.m2/repository/org/jooq/jooq-codegen/3.11.10/jooq-codegen-3.11.10.jar:/home/runner/.m2/repository/com/jolbox/bonecp/0.8.0.RELEASE/bonecp-0.8.0.RELEASE.jar:/home/runner/.m2/repository/org/apache/derby/derby/10.14.2.0/derby-10.14.2.0.jar:/home/runner/.m2/repository/org/xerial/sqlite-jdbc/3.25.2/sqlite-jdbc-3.25.2.jar:/home/runner/.m2/repository/org/springframework/spring-jdbc/5.2.18.RELEASE/spring-jdbc-5.2.18.RELEASE.jar:/home/runner/.m2/repository/org/springframework/spring-beans/5.2.18.RELEASE/spring-beans-5.2.18.RELEASE.jar:/home/runner/.m2/repository/org/springframework/spring-core/5.2.18.RELEASE/spring-core-5.2.18.RELEASE.jar:/home/runner/.m2/repository/org/springframework/spring-jcl/5.2.18.RELEASE/spring-jcl-5.2.18.RELEASE.jar:/home/runner/.m2/repository/org/springframework/spring-tx/5.2.18.RELEASE/spring-tx-5.2.18.RELEASE.jar:/home/runner/.m2/repository/org/apache/ozone/ozone-client/1.3.0-SNAPSHOT/ozone-client-1.3.0-SNAPSHOT.jar:/home/runner/.m2/repository/org/apache/ozone/ozone-filesystem/1.3.0-SNAPSHOT/ozone-filesystem-1.3.0-SNAPSHOT.jar:/home/runner/.m2/repository/org/apache/ozone/ozone-filesystem-common/1.3.0-SNAPSHOT/ozone-filesystem-common-1.3.0-SNAPSHOT.jar:/home/runner/.m2/repository/org/apache/ozone/ozone-tools/1.3.0-SNAPSHOT/ozone-tools-1.3.0-SNAPSHOT.jar:/home/runner/.m2/repository/org/apache/ratis/ratis-tools/2.2.0/ratis-tools-2.2.0.jar:/home/runner/.m2/repository/com/amazonaws/aws-java-sdk-core/1.12.124/aws-java-sdk-core-1.12.124.jar:/home/runner/.m2/repository/org/apache/httpcomponents/httpclient/4.5.13/httpclient-4.5.13.jar:/home/runner/.m2/repository/org/apache/httpcomponents/httpcore/4.4.13/httpcore-4.4.13.jar:/home/runner/.m2/repository/software/amazon/ion/ion-java/1.0.2/ion-java-1.0.2.jar:/home/runner/.m2/repository/com/fasterxml/jackson/dataformat/jackson-dataformat-cbor/2.12.1/jackson-dataformat-cbor-2.12.1.jar:/home/runner/.m2/repository/joda-time/joda-time/2.8.1/joda-time-2.8.1.jar:/home/runner/.m2/repository/com/amazonaws/aws-java-sdk-s3/1.12.124/aws-java-sdk-s3-1.12.124.jar:/home/runner/.m2/repository/com/amazonaws/aws-java-sdk-kms/1.12.124/aws-java-sdk-kms-1.12.124.jar:/home/runner/.m2/repository/com/amazonaws/jmespath-java/1.12.124/jmespath-java-1.12.124.jar:/home/runner/.m2/repository/org/kohsuke/metainf-services/metainf-services/1.8/metainf-services-1.8.jar:/home/runner/.m2/repository/org/apache/ozone/hdds-tools/1.3.0-SNAPSHOT/hdds-tools-1.3.0-SNAPSHOT.jar:/home/runner/.m2/repository/commons-cli/commons-cli/1.2/commons-cli-1.2.jar:/home/runner/.m2/repository/org/apache/commons/commons-lang3/3.7/commons-lang3-3.7.jar:/home/runner/.m2/repository/org/apache/ozone/ozone-manager/1.3.0-SNAPSHOT/ozone-manager-1.3.0-SNAPSHOT-tests.jar:/home/runner/.m2/repository/org/apache/ozone/hdds-common/1.3.0-SNAPSHOT/hdds-common-1.3.0-SNAPSHOT-tests.jar:/home/runner/.m2/repository/org/apache/ozone/hdds-hadoop-dependency-client/1.3.0-SNAPSHOT/hdds-hadoop-dependency-client-1.3.0-SNAPSHOT.jar:/home/runner/.m2/repository/info/picocli/picocli/4.6.1/picocli-4.6.1.jar:/home/runner/.m2/repository/com/fasterxml/jackson/core/jackson-annotations/2.12.1/jackson-annotations-2.12.1.jar:/home/runner/.m2/repository/javax/annotation/javax.annotation-api/1.2/javax.annotation-api-1.2.jar:/home/runner/.m2/repository/org/apache/ratis/ratis-server/2.2.0/ratis-server-2.2.0.jar:/home/runner/.m2/repository/org/apache/ratis/ratis-client/2.2.0/ratis-client-2.2.0.jar:/home/runner/.m2/repository/org/apache/ratis/ratis-server-api/2.2.0/ratis-server-api-2.2.0.jar:/home/runner/.m2/repository/org/apache/ratis/ratis-metrics/2.2.0/ratis-metrics-2.2.0.jar:/home/runner/.m2/repository/org/apache/ratis/ratis-netty/2.2.0/ratis-netty-2.2.0.jar:/home/runner/.m2/repository/org/apache/ratis/ratis-grpc/2.2.0/ratis-grpc-2.2.0.jar:/home/runner/.m2/repository/org/apache/logging/log4j/log4j-api/2.17.1/log4j-api-2.17.1.jar:/home/runner/.m2/repository/org/apache/logging/log4j/log4j-core/2.17.1/log4j-core-2.17.1.jar:/home/runner/.m2/repository/com/lmax/disruptor/3.4.2/disruptor-3.4.2.jar:/home/runner/.m2/repository/org/apache/commons/commons-pool2/2.6.0/commons-pool2-2.6.0.jar:/home/runner/.m2/repository/org/bouncycastle/bcpkix-jdk15on/1.67/bcpkix-jdk15on-1.67.jar:/home/runner/.m2/repository/commons-validator/commons-validator/1.6/commons-validator-1.6.jar:/home/runner/.m2/repository/commons-beanutils/commons-beanutils/1.9.4/commons-beanutils-1.9.4.jar:/home/runner/.m2/repository/commons-digester/commons-digester/1.8.1/commons-digester-1.8.1.jar:/home/runner/.m2/repository/commons-collections/commons-collections/3.2.2/commons-collections-3.2.2.jar:/home/runner/.m2/repository/io/jaegertracing/jaeger-client/1.6.0/jaeger-client-1.6.0.jar:/home/runner/.m2/repository/io/jaegertracing/jaeger-thrift/1.6.0/jaeger-thrift-1.6.0.jar:/home/runner/.m2/repository/org/apache/thrift/libthrift/0.14.1/libthrift-0.14.1.jar:/home/runner/.m2/repository/com/squareup/okhttp3/okhttp/4.9.0/okhttp-4.9.0.jar:/home/runner/.m2/repository/com/squareup/okio/okio/2.8.0/okio-2.8.0.jar:/home/runner/.m2/repository/io/jaegertracing/jaeger-core/1.6.0/jaeger-core-1.6.0.jar:/home/runner/.m2/repository/io/jaegertracing/jaeger-tracerresolver/1.6.0/jaeger-tracerresolver-1.6.0.jar:/home/runner/.m2/repository/io/opentracing/contrib/opentracing-tracerresolver/0.1.8/opentracing-tracerresolver-0.1.8.jar:/home/runner/.m2/repository/org/jetbrains/kotlin/kotlin-stdlib/1.4.31/kotlin-stdlib-1.4.31.jar:/home/runner/.m2/repository/org/jetbrains/kotlin/kotlin-stdlib-common/1.4.31/kotlin-stdlib-common-1.4.31.jar:/home/runner/.m2/repository/org/jetbrains/annotations/13.0/annotations-13.0.jar:/home/runner/.m2/repository/io/opentracing/opentracing-util/0.33.0/opentracing-util-0.33.0.jar:/home/runner/.m2/repository/io/opentracing/opentracing-api/0.33.0/opentracing-api-0.33.0.jar:/home/runner/.m2/repository/io/opentracing/opentracing-noop/0.33.0/opentracing-noop-0.33.0.jar:/home/runner/.m2/repository/org/yaml/snakeyaml/1.26/snakeyaml-1.26.jar:/home/runner/.m2/repository/org/apache/ozone/hdds-interface-admin/1.3.0-SNAPSHOT/hdds-interface-admin-1.3.0-SNAPSHOT.jar:/home/runner/.m2/repository/junit/junit/4.13.1/junit-4.13.1.jar:/home/runner/.m2/repository/org/hamcrest/hamcrest-core/1.3/hamcrest-core-1.3.jar:/home/runner/.m2/repository/org/junit/jupiter/junit-jupiter-api/5.7.0/junit-jupiter-api-5.7.0.jar:/home/runner/.m2/repository/org/apiguardian/apiguardian-api/1.1.0/apiguardian-api-1.1.0.jar:/home/runner/.m2/repository/org/opentest4j/opentest4j/1.2.0/opentest4j-1.2.0.jar:/home/runner/.m2/repository/org/junit/platform/junit-platform-commons/1.7.0/junit-platform-commons-1.7.0.jar:/home/runner/.m2/repository/org/junit/jupiter/junit-jupiter-engine/5.7.0/junit-jupiter-engine-5.7.0.jar:/home/runner/.m2/repository/org/junit/platform/junit-platform-engine/1.7.0/junit-platform-engine-1.7.0.jar:/home/runner/.m2/repository/org/junit/vintage/junit-vintage-engine/5.7.0/junit-vintage-engine-5.7.0.jar:/home/runner/.m2/repository/org/junit/platform/junit-platform-launcher/1.7.0/junit-platform-launcher-1.7.0.jar:/home/runner/.m2/repository/org/openjdk/jmh/jmh-core/1.19/jmh-core-1.19.jar:/home/runner/.m2/repository/net/sf/jopt-simple/jopt-simple/4.6/jopt-simple-4.6.jar:/home/runner/.m2/repository/org/apache/commons/commons-math3/3.1.1/commons-math3-3.1.1.jar:/home/runner/.m2/repository/org/openjdk/jmh/jmh-generator-annprocess/1.19/jmh-generator-annprocess-1.19.jar:/home/runner/.m2/repository/org/mockito/mockito-core/2.28.2/mockito-core-2.28.2.jar:/home/runner/.m2/repository/net/bytebuddy/byte-buddy/1.9.10/byte-buddy-1.9.10.jar:/home/runner/.m2/repository/net/bytebuddy/byte-buddy-agent/1.9.10/byte-buddy-agent-1.9.10.jar:/home/runner/.m2/repository/org/objenesis/objenesis/1.0/objenesis-1.0.jar:/home/runner/.m2/repository/org/apache/hadoop/hadoop-kms/3.3.1/hadoop-kms-3.3.1.jar:/home/runner/.m2/repository/org/apache/hadoop/hadoop-auth/3.3.1/hadoop-auth-3.3.1.jar:/home/runner/.m2/repository/com/nimbusds/nimbus-jose-jwt/7.9/nimbus-jose-jwt-7.9.jar:/home/runner/.m2/repository/com/github/stephenc/jcip/jcip-annotations/1.0-1/jcip-annotations-1.0-1.jar:/home/runner/.m2/repository/net/minidev/json-smart/2.3.1/json-smart-2.3.1.jar:/home/runner/.m2/repository/net/minidev/accessors-smart/2.3.1/accessors-smart-2.3.1.jar:/home/runner/.m2/repository/org/ow2/asm/asm/5.0.4/asm-5.0.4.jar:/home/runner/.m2/repository/org/apache/zookeeper/zookeeper/3.5.6/zookeeper-3.5.6.jar:/home/runner/.m2/repository/org/apache/zookeeper/zookeeper-jute/3.5.6/zookeeper-jute-3.5.6.jar:/home/runner/.m2/repository/org/apache/yetus/audience-annotations/0.5.0/audience-annotations-0.5.0.jar:/home/runner/.m2/repository/org/apache/curator/curator-framework/4.2.0/curator-framework-4.2.0.jar:/home/runner/.m2/repository/org/apache/hadoop/thirdparty/hadoop-shaded-guava/1.1.1/hadoop-shaded-guava-1.1.1.jar:/home/runner/.m2/repository/com/sun/jersey/jersey-core/1.19/jersey-core-1.19.jar:/home/runner/.m2/repository/javax/ws/rs/jsr311-api/1.1.1/jsr311-api-1.1.1.jar:/home/runner/.m2/repository/com/sun/jersey/jersey-server/1.19/jersey-server-1.19.jar:/home/runner/.m2/repository/javax/servlet/javax.servlet-api/3.1.0/javax.servlet-api-3.1.0.jar:/home/runner/.m2/repository/org/eclipse/jetty/jetty-server/9.4.43.v20210629/jetty-server-9.4.43.v20210629.jar:/home/runner/.m2/repository/org/eclipse/jetty/jetty-http/9.4.43.v20210629/jetty-http-9.4.43.v20210629.jar:/home/runner/.m2/repository/org/eclipse/jetty/jetty-io/9.4.43.v20210629/jetty-io-9.4.43.v20210629.jar:/home/runner/.m2/repository/org/eclipse/jetty/jetty-webapp/9.4.43.v20210629/jetty-webapp-9.4.43.v20210629.jar:/home/runner/.m2/repository/org/eclipse/jetty/jetty-xml/9.4.43.v20210629/jetty-xml-9.4.43.v20210629.jar:/home/runner/.m2/repository/org/apache/hadoop/hadoop-common/3.3.1/hadoop-common-3.3.1.jar:/home/runner/.m2/repository/commons-net/commons-net/3.6/commons-net-3.6.jar:/home/runner/.m2/repository/jakarta/activation/jakarta.activation-api/1.2.1/jakarta.activation-api-1.2.1.jar:/home/runner/.m2/repository/com/sun/jersey/jersey-servlet/1.19/jersey-servlet-1.19.jar:/home/runner/.m2/repository/com/sun/jersey/jersey-json/1.19/jersey-json-1.19.jar:/home/runner/.m2/repository/org/codehaus/jettison/jettison/1.1/jettison-1.1.jar:/home/runner/.m2/repository/com/sun/xml/bind/jaxb-impl/2.2.3-1/jaxb-impl-2.2.3-1.jar:/home/runner/.m2/repository/org/codehaus/jackson/jackson-jaxrs/1.9.2/jackson-jaxrs-1.9.2.jar:/home/runner/.m2/repository/org/codehaus/jackson/jackson-xc/1.9.2/jackson-xc-1.9.2.jar:/home/runner/.m2/repository/org/apache/commons/commons-configuration2/2.1.1/commons-configuration2-2.1.1.jar:/home/runner/.m2/repository/org/apache/commons/commons-text/1.4/commons-text-1.4.jar:/home/runner/.m2/repository/com/google/re2j/re2j/1.1/re2j-1.1.jar:/home/runner/.m2/repository/com/jcraft/jsch/0.1.54/jsch-0.1.54.jar:/home/runner/.m2/repository/org/apache/curator/curator-client/4.2.0/curator-client-4.2.0.jar:/home/runner/.m2/repository/org/apache/curator/curator-recipes/4.2.0/curator-recipes-4.2.0.jar:/home/runner/.m2/repository/org/apache/kerby/kerb-core/1.0.1/kerb-core-1.0.1.jar:/home/runner/.m2/repository/org/apache/kerby/kerby-pkix/1.0.1/kerby-pkix-1.0.1.jar:/home/runner/.m2/repository/org/apache/kerby/kerby-asn1/1.0.1/kerby-asn1-1.0.1.jar:/home/runner/.m2/repository/org/apache/kerby/kerby-util/1.0.1/kerby-util-1.0.1.jar:/home/runner/.m2/repository/dnsjava/dnsjava/2.1.7/dnsjava-2.1.7.jar:/home/runner/.m2/repository/org/xerial/snappy/snappy-java/1.1.8.2/snappy-java-1.1.8.2.jar:/home/runner/.m2/repository/org/slf4j/jul-to-slf4j/1.7.30/jul-to-slf4j-1.7.30.jar:/home/runner/.m2/repository/org/eclipse/jetty/jetty-util/9.4.43.v20210629/jetty-util-9.4.43.v20210629.jar:/home/runner/.m2/repository/com/fasterxml/jackson/core/jackson-databind/2.12.1/jackson-databind-2.12.1.jar:/home/runner/.m2/repository/org/apache/hadoop/hadoop-kms/3.3.1/hadoop-kms-3.3.1-tests.jar:/home/runner/.m2/repository/org/apache/ozone/hdds-server-scm/1.3.0-SNAPSHOT/hdds-server-scm-1.3.0-SNAPSHOT-tests.jar:/home/runner/.m2/repository/org/apache/ozone/hdds-container-service/1.3.0-SNAPSHOT/hdds-container-service-1.3.0-SNAPSHOT-tests.jar:/home/runner/.m2/repository/commons-codec/commons-codec/1.11/commons-codec-1.11.jar:/home/runner/.m2/repository/io/netty/netty-transport/4.1.63.Final/netty-transport-4.1.63.Final.jar:/home/runner/.m2/repository/io/netty/netty-resolver/4.1.63.Final/netty-resolver-4.1.63.Final.jar:/home/runner/.m2/repository/io/netty/netty-codec/4.1.63.Final/netty-codec-4.1.63.Final.jar:/home/runner/.m2/repository/io/netty/netty-handler/4.1.63.Final/netty-handler-4.1.63.Final.jar:/home/runner/.m2/repository/org/apache/ozone/hdds-hadoop-dependency-test/1.3.0-SNAPSHOT/hdds-hadoop-dependency-test-1.3.0-SNAPSHOT.jar:/home/runner/.m2/repository/org/apache/hadoop/hadoop-common/3.3.1/hadoop-common-3.3.1-tests.jar:/home/runner/.m2/repository/org/assertj/assertj-core/3.12.2/assertj-core-3.12.2.jar:/home/runner/.m2/repository/org/apache/hadoop/hadoop-hdfs/3.3.1/hadoop-hdfs-3.3.1-tests.jar:/home/runner/.m2/repository/org/eclipse/jetty/jetty-util-ajax/9.4.43.v20210629/jetty-util-ajax-9.4.43.v20210629.jar:/home/runner/.m2/repository/commons-daemon/commons-daemon/1.0.13/commons-daemon-1.0.13.jar:/home/runner/.m2/repository/io/netty/netty/3.10.6.Final/netty-3.10.6.Final.jar:/home/runner/.m2/repository/io/netty/netty-all/4.1.63.Final/netty-all-4.1.63.Final.jar:/home/runner/.m2/repository/org/apache/htrace/htrace-core4/4.1.0-incubating/htrace-core4-4.1.0-incubating.jar:/home/runner/.m2/repository/org/fusesource/leveldbjni/leveldbjni-all/1.8/leveldbjni-all-1.8.jar:/home/runner/.m2/repository/org/apache/hadoop/hadoop-distcp/3.3.1/hadoop-distcp-3.3.1.jar:/home/runner/.m2/repository/org/apache/hadoop/hadoop-mapreduce-client-jobclient/3.3.1/hadoop-mapreduce-client-jobclient-3.3.1.jar:/home/runner/.m2/repository/org/apache/hadoop/hadoop-mapreduce-client-common/3.3.1/hadoop-mapreduce-client-common-3.3.1.jar:/home/runner/.m2/repository/org/apache/hadoop/hadoop-yarn-common/3.3.1/hadoop-yarn-common-3.3.1.jar:/home/runner/.m2/repository/org/apache/hadoop/hadoop-yarn-api/3.3.1/hadoop-yarn-api-3.3.1.jar:/home/runner/.m2/repository/com/sun/jersey/jersey-client/1.19/jersey-client-1.19.jar:/home/runner/.m2/repository/com/sun/jersey/contribs/jersey-guice/1.19/jersey-guice-1.19.jar:/home/runner/.m2/repository/com/fasterxml/jackson/jaxrs/jackson-jaxrs-json-provider/2.12.1/jackson-jaxrs-json-provider-2.12.1.jar:/home/runner/.m2/repository/com/fasterxml/jackson/jaxrs/jackson-jaxrs-base/2.12.1/jackson-jaxrs-base-2.12.1.jar:/home/runner/.m2/repository/org/apache/hadoop/hadoop-yarn-client/3.3.1/hadoop-yarn-client-3.3.1.jar:/home/runner/.m2/repository/org/eclipse/jetty/websocket/websocket-client/9.4.40.v20210413/websocket-client-9.4.40.v20210413.jar:/home/runner/.m2/repository/org/eclipse/jetty/jetty-client/9.4.40.v20210413/jetty-client-9.4.40.v20210413.jar:/home/runner/.m2/repository/org/eclipse/jetty/websocket/websocket-common/9.4.40.v20210413/websocket-common-9.4.40.v20210413.jar:/home/runner/.m2/repository/org/eclipse/jetty/websocket/websocket-api/9.4.40.v20210413/websocket-api-9.4.40.v20210413.jar:/home/runner/.m2/repository/org/jline/jline/3.9.0/jline-3.9.0.jar:/home/runner/.m2/repository/org/apache/hadoop/hadoop-mapreduce-client-core/3.3.1/hadoop-mapreduce-client-core-3.3.1.jar:/home/runner/.m2/repository/org/apache/avro/avro/1.7.7/avro-1.7.7.jar:/home/runner/.m2/repository/org/codehaus/jackson/jackson-core-asl/1.9.13/jackson-core-asl-1.9.13.jar:/home/runner/.m2/repository/org/codehaus/jackson/jackson-mapper-asl/1.9.13/jackson-mapper-asl-1.9.13.jar:/home/runner/.m2/repository/com/thoughtworks/paranamer/paranamer/2.3/paranamer-2.3.jar:/home/runner/.m2/repository/org/apache/hadoop/hadoop-annotations/3.3.1/hadoop-annotations-3.3.1.jar:/usr/lib/jvm/adoptopenjdk-8-hotspot-amd64/jre/../lib/tools.jar:/home/runner/.m2/repository/org/apache/hadoop/hadoop-distcp/3.3.1/hadoop-distcp-3.3.1-tests.jar:/home/runner/.m2/repository/org/apache/ratis/ratis-common/2.2.0/ratis-common-2.2.0.jar:/home/runner/.m2/repository/org/apache/ratis/ratis-thirdparty-misc/0.7.0/ratis-thirdparty-misc-0.7.0.jar:/home/runner/.m2/repository/org/apache/ratis/ratis-proto/2.2.0/ratis-proto-2.2.0.jar:"/>
    <property name="sun.cpu.endian" value="little"/>
    <property name="user.home" value="/home/runner"/>
    <property name="user.language" value="en"/>
    <property name="java.specification.vendor" value="Oracle Corporation"/>
    <property name="java.home" value="/usr/lib/jvm/adoptopenjdk-8-hotspot-amd64/jre"/>
    <property name="java.security.krb5.conf" value="/home/runner/work/ozone/ozone/hadoop-ozone/integration-test/target/test-classes/krb5.conf"/>
    <property name="basedir" value="/home/runner/work/ozone/ozone/hadoop-ozone/integration-test"/>
    <property name="file.separator" value="/"/>
    <property name="line.separator" value="&#10;"/>
    <property name="java.vm.specification.vendor" value="Oracle Corporation"/>
    <property name="java.specification.name" value="Java Platform API Specification"/>
    <property name="java.awt.graphicsenv" value="sun.awt.X11GraphicsEnvironment"/>
    <property name="skip.installnpx" value="true"/>
    <property name="surefire.real.class.path" value="/home/runner/work/ozone/ozone/hadoop-ozone/integration-test/target/surefire/surefirebooter126149401483055889.jar:/home/runner/.m2/repository/org/jacoco/org.jacoco.agent/0.8.5/org.jacoco.agent-0.8.5-runtime.jar"/>
    <property name="hadoop.log.dir" value="/home/runner/work/ozone/ozone/hadoop-ozone/integration-test/target/log"/>
    <property name="sun.boot.class.path" value="/usr/lib/jvm/adoptopenjdk-8-hotspot-amd64/jre/lib/resources.jar:/usr/lib/jvm/adoptopenjdk-8-hotspot-amd64/jre/lib/rt.jar:/usr/lib/jvm/adoptopenjdk-8-hotspot-amd64/jre/lib/sunrsasign.jar:/usr/lib/jvm/adoptopenjdk-8-hotspot-amd64/jre/lib/jsse.jar:/usr/lib/jvm/adoptopenjdk-8-hotspot-amd64/jre/lib/jce.jar:/usr/lib/jvm/adoptopenjdk-8-hotspot-amd64/jre/lib/charsets.jar:/usr/lib/jvm/adoptopenjdk-8-hotspot-amd64/jre/lib/jfr.jar:/usr/lib/jvm/adoptopenjdk-8-hotspot-amd64/jre/classes"/>
    <property name="sun.management.compiler" value="HotSpot 64-Bit Tiered Compilers"/>
    <property name="skip.npx" value="true"/>
    <property name="java.runtime.version" value="1.8.0_292-b10"/>
    <property name="java.net.preferIPv4Stack" value="true"/>
    <property name="user.name" value="runner"/>
    <property name="path.separator" value=":"/>
    <property name="java.security.egd" value="file:///dev/urandom"/>
    <property name="os.version" value="5.4.0-1064-azure"/>
    <property name="java.endorsed.dirs" value="/usr/lib/jvm/adoptopenjdk-8-hotspot-amd64/jre/lib/endorsed"/>
    <property name="java.runtime.name" value="OpenJDK Runtime Environment"/>
    <property name="file.encoding" value="UTF-8"/>
    <property name="java.vm.name" value="OpenJDK 64-Bit Server VM"/>
    <property name="test.build.webapps" value=""/>
    <property name="localRepository" value="/home/runner/.m2/repository"/>
    <property name="java.vendor.url.bug" value="https://github.com/AdoptOpenJDK/openjdk-support/issues"/>
    <property name="java.io.tmpdir" value="/tmp"/>
    <property name="require.test.libhadoop" value=""/>
    <property name="java.version" value="1.8.0_292"/>
    <property name="user.dir" value="/home/runner/work/ozone/ozone/hadoop-ozone/integration-test"/>
    <property name="os.arch" value="amd64"/>
    <property name="java.vm.specification.name" value="Java Virtual Machine Specification"/>
    <property name="test.build.classes" value="/home/runner/work/ozone/ozone/hadoop-ozone/integration-test/target/test-classes"/>
    <property name="java.awt.printerjob" value="sun.print.PSPrinterJob"/>
    <property name="sun.os.patch.level" value="unknown"/>
    <property name="hadoop.tmp.dir" value="/home/runner/work/ozone/ozone/hadoop-ozone/integration-test/target/tmp"/>
    <property name="java.library.path" value="/usr/java/packages/lib/amd64:/usr/lib64:/lib64:/lib:/usr/lib"/>
    <property name="java.vm.info" value="mixed mode"/>
    <property name="java.vendor" value="AdoptOpenJDK"/>
    <property name="java.vm.version" value="25.292-b10"/>
    <property name="java.ext.dirs" value="/usr/lib/jvm/adoptopenjdk-8-hotspot-amd64/jre/lib/ext:/usr/java/packages/lib/ext"/>
    <property name="sun.io.unicode.encoding" value="UnicodeLittle"/>
    <property name="java.class.version" value="52.0"/>
  </properties>
  <testcase name="testInstallSnapshot" classname="org.apache.hadoop.ozone.scm.TestSCMInstallSnapshotWithHA" time="76.997"/>
  <testcase name="testInstallOldCheckpointFailure" classname="org.apache.hadoop.ozone.scm.TestSCMInstallSnapshotWithHA" time="59.826">
    <error message="Failed to start Grpc server" type="org.apache.ratis.util.ExitUtils$ExitException">org.apache.ratis.util.ExitUtils$ExitException: Failed to start Grpc server
	at org.apache.ratis.util.ExitUtils.terminate(ExitUtils.java:141)
	at org.apache.ratis.util.ExitUtils.terminate(ExitUtils.java:151)
	at org.apache.ratis.grpc.server.GrpcService.startImpl(GrpcService.java:251)
	at org.apache.ratis.util.LifeCycle.startAndTransition(LifeCycle.java:270)
	at org.apache.ratis.server.RaftServerRpcWithProxy.start(RaftServerRpcWithProxy.java:72)
	at org.apache.ratis.server.impl.RaftServerProxy.lambda$start$5(RaftServerProxy.java:375)
	at org.apache.ratis.util.LifeCycle.startAndTransition(LifeCycle.java:270)
	at org.apache.ratis.server.impl.RaftServerProxy.start(RaftServerProxy.java:373)
	at org.apache.hadoop.hdds.scm.ha.SCMRatisServerImpl.start(SCMRatisServerImpl.java:178)
	at org.apache.hadoop.hdds.scm.ha.SCMHAManagerImpl.start(SCMHAManagerImpl.java:101)
	at org.apache.hadoop.hdds.scm.server.StorageContainerManager.start(StorageContainerManager.java:1308)
	at org.apache.hadoop.ozone.MiniOzoneHAClusterImpl$MiniOzoneHAService.startInactiveService(MiniOzoneHAClusterImpl.java:992)
	at org.apache.hadoop.ozone.MiniOzoneHAClusterImpl.startInactiveSCM(MiniOzoneHAClusterImpl.java:235)
	at org.apache.hadoop.ozone.scm.TestSCMInstallSnapshotWithHA.testInstallOldCheckpointFailure(TestSCMInstallSnapshotWithHA.java:166)
	at sun.reflect.NativeMethodAccessorImpl.invoke0(Native Method)
	at sun.reflect.NativeMethodAccessorImpl.invoke(NativeMethodAccessorImpl.java:62)
	at sun.reflect.DelegatingMethodAccessorImpl.invoke(DelegatingMethodAccessorImpl.java:43)
	at java.lang.reflect.Method.invoke(Method.java:498)
	at org.junit.platform.commons.util.ReflectionUtils.invokeMethod(ReflectionUtils.java:688)
	at org.junit.jupiter.engine.execution.MethodInvocation.proceed(MethodInvocation.java:60)
	at org.junit.jupiter.engine.execution.InvocationInterceptorChain$ValidatingInvocation.proceed(InvocationInterceptorChain.java:131)
	at org.junit.jupiter.engine.extension.TimeoutInvocation.proceed(TimeoutInvocation.java:46)
	at org.junit.jupiter.engine.extension.TimeoutExtension.intercept(TimeoutExtension.java:149)
	at org.junit.jupiter.engine.extension.TimeoutExtension.interceptTestableMethod(TimeoutExtension.java:140)
	at org.junit.jupiter.engine.extension.TimeoutExtension.interceptTestMethod(TimeoutExtension.java:84)
	at org.junit.jupiter.engine.execution.ExecutableInvoker$ReflectiveInterceptorCall.lambda$ofVoidMethod$0(ExecutableInvoker.java:115)
	at org.junit.jupiter.engine.execution.ExecutableInvoker.lambda$invoke$0(ExecutableInvoker.java:105)
	at org.junit.jupiter.engine.execution.InvocationInterceptorChain$InterceptedInvocation.proceed(InvocationInterceptorChain.java:106)
	at org.junit.jupiter.engine.execution.InvocationInterceptorChain.proceed(InvocationInterceptorChain.java:64)
	at org.junit.jupiter.engine.execution.InvocationInterceptorChain.chainAndInvoke(InvocationInterceptorChain.java:45)
	at org.junit.jupiter.engine.execution.InvocationInterceptorChain.invoke(InvocationInterceptorChain.java:37)
	at org.junit.jupiter.engine.execution.ExecutableInvoker.invoke(ExecutableInvoker.java:104)
	at org.junit.jupiter.engine.execution.ExecutableInvoker.invoke(ExecutableInvoker.java:98)
	at org.junit.jupiter.engine.descriptor.TestMethodTestDescriptor.lambda$invokeTestMethod$6(TestMethodTestDescriptor.java:210)
	at org.junit.platform.engine.support.hierarchical.ThrowableCollector.execute(ThrowableCollector.java:73)
	at org.junit.jupiter.engine.descriptor.TestMethodTestDescriptor.invokeTestMethod(TestMethodTestDescriptor.java:206)
	at org.junit.jupiter.engine.descriptor.TestMethodTestDescriptor.execute(TestMethodTestDescriptor.java:131)
	at org.junit.jupiter.engine.descriptor.TestMethodTestDescriptor.execute(TestMethodTestDescriptor.java:65)
	at org.junit.platform.engine.support.hierarchical.NodeTestTask.lambda$executeRecursively$5(NodeTestTask.java:139)
	at org.junit.platform.engine.support.hierarchical.ThrowableCollector.execute(ThrowableCollector.java:73)
	at org.junit.platform.engine.support.hierarchical.NodeTestTask.lambda$executeRecursively$7(NodeTestTask.java:129)
	at org.junit.platform.engine.support.hierarchical.Node.around(Node.java:137)
	at org.junit.platform.engine.support.hierarchical.NodeTestTask.lambda$executeRecursively$8(NodeTestTask.java:127)
	at org.junit.platform.engine.support.hierarchical.ThrowableCollector.execute(ThrowableCollector.java:73)
	at org.junit.platform.engine.support.hierarchical.NodeTestTask.executeRecursively(NodeTestTask.java:126)
	at org.junit.platform.engine.support.hierarchical.NodeTestTask.execute(NodeTestTask.java:84)
	at java.util.ArrayList.forEach(ArrayList.java:1259)
	at org.junit.platform.engine.support.hierarchical.SameThreadHierarchicalTestExecutorService.invokeAll(SameThreadHierarchicalTestExecutorService.java:38)
	at org.junit.platform.engine.support.hierarchical.NodeTestTask.lambda$executeRecursively$5(NodeTestTask.java:143)
	at org.junit.platform.engine.support.hierarchical.ThrowableCollector.execute(ThrowableCollector.java:73)
	at org.junit.platform.engine.support.hierarchical.NodeTestTask.lambda$executeRecursively$7(NodeTestTask.java:129)
	at org.junit.platform.engine.support.hierarchical.Node.around(Node.java:137)
	at org.junit.platform.engine.support.hierarchical.NodeTestTask.lambda$executeRecursively$8(NodeTestTask.java:127)
	at org.junit.platform.engine.support.hierarchical.ThrowableCollector.execute(ThrowableCollector.java:73)
	at org.junit.platform.engine.support.hierarchical.NodeTestTask.executeRecursively(NodeTestTask.java:126)
	at org.junit.platform.engine.support.hierarchical.NodeTestTask.execute(NodeTestTask.java:84)
	at java.util.ArrayList.forEach(ArrayList.java:1259)
	at org.junit.platform.engine.support.hierarchical.SameThreadHierarchicalTestExecutorService.invokeAll(SameThreadHierarchicalTestExecutorService.java:38)
	at org.junit.platform.engine.support.hierarchical.NodeTestTask.lambda$executeRecursively$5(NodeTestTask.java:143)
	at org.junit.platform.engine.support.hierarchical.ThrowableCollector.execute(ThrowableCollector.java:73)
	at org.junit.platform.engine.support.hierarchical.NodeTestTask.lambda$executeRecursively$7(NodeTestTask.java:129)
	at org.junit.platform.engine.support.hierarchical.Node.around(Node.java:137)
	at org.junit.platform.engine.support.hierarchical.NodeTestTask.lambda$executeRecursively$8(NodeTestTask.java:127)
	at org.junit.platform.engine.support.hierarchical.ThrowableCollector.execute(ThrowableCollector.java:73)
	at org.junit.platform.engine.support.hierarchical.NodeTestTask.executeRecursively(NodeTestTask.java:126)
	at org.junit.platform.engine.support.hierarchical.NodeTestTask.execute(NodeTestTask.java:84)
	at org.junit.platform.engine.support.hierarchical.SameThreadHierarchicalTestExecutorService.submit(SameThreadHierarchicalTestExecutorService.java:32)
	at org.junit.platform.engine.support.hierarchical.HierarchicalTestExecutor.execute(HierarchicalTestExecutor.java:57)
	at org.junit.platform.engine.support.hierarchical.HierarchicalTestEngine.execute(HierarchicalTestEngine.java:51)
	at org.junit.platform.launcher.core.EngineExecutionOrchestrator.execute(EngineExecutionOrchestrator.java:108)
	at org.junit.platform.launcher.core.EngineExecutionOrchestrator.execute(EngineExecutionOrchestrator.java:88)
	at org.junit.platform.launcher.core.EngineExecutionOrchestrator.lambda$execute$0(EngineExecutionOrchestrator.java:54)
	at org.junit.platform.launcher.core.EngineExecutionOrchestrator.withInterceptedStreams(EngineExecutionOrchestrator.java:67)
	at org.junit.platform.launcher.core.EngineExecutionOrchestrator.execute(EngineExecutionOrchestrator.java:52)
	at org.junit.platform.launcher.core.DefaultLauncher.execute(DefaultLauncher.java:96)
	at org.junit.platform.launcher.core.DefaultLauncher.execute(DefaultLauncher.java:75)
	at org.apache.maven.surefire.junitplatform.JUnitPlatformProvider.invokeAllTests(JUnitPlatformProvider.java:142)
	at org.apache.maven.surefire.junitplatform.JUnitPlatformProvider.invoke(JUnitPlatformProvider.java:113)
	at org.apache.maven.surefire.booter.ForkedBooter.invokeProviderInSameClassLoader(ForkedBooter.java:384)
	at org.apache.maven.surefire.booter.ForkedBooter.runSuitesInProcess(ForkedBooter.java:345)
	at org.apache.maven.surefire.booter.ForkedBooter.execute(ForkedBooter.java:126)
	at org.apache.maven.surefire.booter.ForkedBooter.main(ForkedBooter.java:418)
Caused by: java.io.IOException: Failed to bind
	at org.apache.ratis.thirdparty.io.grpc.netty.NettyServer.start(NettyServer.java:264)
	at org.apache.ratis.thirdparty.io.grpc.internal.ServerImpl.start(ServerImpl.java:183)
	at org.apache.ratis.thirdparty.io.grpc.internal.ServerImpl.start(ServerImpl.java:90)
	at org.apache.ratis.grpc.server.GrpcService.startImpl(GrpcService.java:249)
	... 79 more
Caused by: org.apache.ratis.thirdparty.io.netty.channel.unix.Errors$NativeIoException: bind(..) failed: Address already in use
</error>
    <system-out><![CDATA[2022-01-08 13:17:52,628 [Listener at 127.0.0.1/11352] WARN  server.ServerUtils (ServerUtils.java:getScmDbDir(148)) - ozone.scm.db.dirs is not configured. We recommend adding this setting. Falling back to ozone.metadata.dirs instead.
2022-01-08 13:17:52,628 [Listener at 127.0.0.1/11352] INFO  ha.SCMHANodeDetails (SCMHANodeDetails.java:loadSCMHAConfig(157)) - ServiceID for StorageContainerManager is scm-service-test1
2022-01-08 13:17:52,639 [Listener at 127.0.0.1/11352] INFO  ha.SCMHANodeDetails (SCMHANodeDetails.java:loadSCMHAConfig(168)) - ServiceID for StorageContainerManager is scm-service-test1
2022-01-08 13:17:52,639 [Listener at 127.0.0.1/11352] WARN  scm.ScmUtils (ScmUtils.java:logWarn(179)) - ConfigKey ozone.scm.block.client.address is deprecated, For configuring different ports for each SCM use PortConfigKey ozone.scm.block.client.port appended with serviceId and nodeId. If want to configure same port configure ozone.scm.block.client.port
2022-01-08 13:17:52,639 [Listener at 127.0.0.1/11352] WARN  scm.ScmUtils (ScmUtils.java:logWarn(179)) - ConfigKey ozone.scm.client.address is deprecated, For configuring different ports for each SCM use PortConfigKey ozone.scm.client.port appended with serviceId and nodeId. If want to configure same port configure ozone.scm.client.port
2022-01-08 13:17:52,639 [Listener at 127.0.0.1/11352] WARN  scm.ScmUtils (ScmUtils.java:logWarn(179)) - ConfigKey ozone.scm.datanode.address is deprecated, For configuring different ports for each SCM use PortConfigKey ozone.scm.datanode.port appended with serviceId and nodeId. If want to configure same port configure ozone.scm.datanode.port
2022-01-08 13:17:52,640 [Listener at 127.0.0.1/11352] WARN  scm.ScmUtils (ScmUtils.java:logWarn(179)) - ConfigKey ozone.scm.block.client.address is deprecated, For configuring different ports for each SCM use PortConfigKey ozone.scm.block.client.port appended with serviceId and nodeId. If want to configure same port configure ozone.scm.block.client.port
2022-01-08 13:17:52,640 [Listener at 127.0.0.1/11352] WARN  scm.ScmUtils (ScmUtils.java:logWarn(179)) - ConfigKey ozone.scm.client.address is deprecated, For configuring different ports for each SCM use PortConfigKey ozone.scm.client.port appended with serviceId and nodeId. If want to configure same port configure ozone.scm.client.port
2022-01-08 13:17:52,640 [Listener at 127.0.0.1/11352] WARN  scm.ScmUtils (ScmUtils.java:logWarn(179)) - ConfigKey ozone.scm.datanode.address is deprecated, For configuring different ports for each SCM use PortConfigKey ozone.scm.datanode.port appended with serviceId and nodeId. If want to configure same port configure ozone.scm.datanode.port
2022-01-08 13:17:52,640 [Listener at 127.0.0.1/11352] INFO  ha.SCMHANodeDetails (SCMHANodeDetails.java:loadSCMHAConfig(250)) - Found matching SCM address with SCMServiceId: scm-service-test1, SCMNodeId: scmNode-1, RPC Address: localhost:12080 and Ratis port: 12080
2022-01-08 13:17:52,640 [Listener at 127.0.0.1/11352] INFO  ha.SCMHANodeDetails (ConfUtils.java:setNodeSpecificConfigs(108)) - Setting configuration key ozone.scm.datanode.address with value of key ozone.scm.datanode.address.scm-service-test1.scmNode-1: 127.0.0.1:12081
2022-01-08 13:17:52,640 [Listener at 127.0.0.1/11352] INFO  ha.SCMHANodeDetails (ConfUtils.java:setNodeSpecificConfigs(108)) - Setting configuration key ozone.scm.block.client.address with value of key ozone.scm.block.client.address.scm-service-test1.scmNode-1: 127.0.0.1:12082
2022-01-08 13:17:52,641 [Listener at 127.0.0.1/11352] INFO  ha.SCMHANodeDetails (ConfUtils.java:setNodeSpecificConfigs(108)) - Setting configuration key ozone.scm.client.address with value of key ozone.scm.client.address.scm-service-test1.scmNode-1: 127.0.0.1:12083
2022-01-08 13:17:52,641 [Listener at 127.0.0.1/11352] INFO  ha.SCMHANodeDetails (ConfUtils.java:setNodeSpecificConfigs(108)) - Setting configuration key ozone.scm.ratis.port with value of key ozone.scm.ratis.port.scm-service-test1.scmNode-1: 12080
2022-01-08 13:17:52,641 [Listener at 127.0.0.1/11352] INFO  ha.SCMHANodeDetails (ConfUtils.java:setNodeSpecificConfigs(108)) - Setting configuration key ozone.scm.grpc.port with value of key ozone.scm.grpc.port.scm-service-test1.scmNode-1: 12084
2022-01-08 13:17:52,641 [Listener at 127.0.0.1/11352] INFO  ha.SCMHANodeDetails (ConfUtils.java:setNodeSpecificConfigs(108)) - Setting configuration key ozone.scm.http-address with value of key ozone.scm.http-address.scm-service-test1.scmNode-1: 127.0.0.1:12078
2022-01-08 13:17:52,641 [Listener at 127.0.0.1/11352] INFO  ha.SCMHANodeDetails (ConfUtils.java:setNodeSpecificConfigs(108)) - Setting configuration key ozone.scm.https-address with value of key ozone.scm.https-address.scm-service-test1.scmNode-1: 127.0.0.1:12079
2022-01-08 13:17:52,641 [Listener at 127.0.0.1/11352] INFO  ha.SCMHANodeDetails (ConfUtils.java:setNodeSpecificConfigs(108)) - Setting configuration key ozone.scm.address with value of key ozone.scm.address.scm-service-test1.scmNode-1: 127.0.0.1
2022-01-08 13:17:52,641 [Listener at 127.0.0.1/11352] WARN  scm.ScmUtils (ScmUtils.java:logWarn(179)) - ConfigKey ozone.scm.block.client.address is deprecated, For configuring different ports for each SCM use PortConfigKey ozone.scm.block.client.port appended with serviceId and nodeId. If want to configure same port configure ozone.scm.block.client.port
2022-01-08 13:17:52,641 [Listener at 127.0.0.1/11352] WARN  scm.ScmUtils (ScmUtils.java:logWarn(179)) - ConfigKey ozone.scm.client.address is deprecated, For configuring different ports for each SCM use PortConfigKey ozone.scm.client.port appended with serviceId and nodeId. If want to configure same port configure ozone.scm.client.port
2022-01-08 13:17:52,641 [Listener at 127.0.0.1/11352] WARN  scm.ScmUtils (ScmUtils.java:logWarn(179)) - ConfigKey ozone.scm.datanode.address is deprecated, For configuring different ports for each SCM use PortConfigKey ozone.scm.datanode.port appended with serviceId and nodeId. If want to configure same port configure ozone.scm.datanode.port
2022-01-08 13:17:52,647 [Listener at 127.0.0.1/11352] INFO  server.RaftServer (ConfUtils.java:logGet(44)) - raft.rpc.type = GRPC (default)
2022-01-08 13:17:52,647 [Listener at 127.0.0.1/11352] INFO  grpc.GrpcFactory (GrpcFactory.java:checkPooledByteBufAllocatorUseCacheForAllThreads(48)) - PERFORMANCE WARNING: useCacheForAllThreads is true that may cause Netty to create a lot garbage objects and, as a result, trigger GC.
	It is recommended to disable useCacheForAllThreads by setting -Dorg.apache.ratis.thirdparty.io.netty.allocator.useCacheForAllThreads=false in command line.
2022-01-08 13:17:52,647 [Listener at 127.0.0.1/11352] INFO  grpc.GrpcConfigKeys (ConfUtils.java:logGet(44)) - raft.grpc.admin.port = -1 (default)
2022-01-08 13:17:52,647 [Listener at 127.0.0.1/11352] INFO  grpc.GrpcConfigKeys (ConfUtils.java:logGet(44)) - raft.grpc.server.port = 12080 (custom)
2022-01-08 13:17:52,648 [Listener at 127.0.0.1/11352] INFO  grpc.GrpcConfigKeys (ConfUtils.java:logGet(44)) - raft.grpc.client.port = -1 (default)
2022-01-08 13:17:52,648 [Listener at 127.0.0.1/11352] INFO  grpc.GrpcConfigKeys (ConfUtils.java:logGet(44)) - raft.grpc.server.port = 12080 (custom)
2022-01-08 13:17:52,648 [Listener at 127.0.0.1/11352] INFO  grpc.GrpcConfigKeys (ConfUtils.java:logGet(44)) - raft.grpc.server.port = 12080 (custom)
2022-01-08 13:17:52,648 [Listener at 127.0.0.1/11352] INFO  server.GrpcService (ConfUtils.java:logGet(44)) - raft.grpc.message.size.max = 32m (=33554432) (custom)
2022-01-08 13:17:52,648 [Listener at 127.0.0.1/11352] INFO  server.RaftServerConfigKeys (ConfUtils.java:logGet(44)) - raft.server.log.appender.buffer.byte-limit = 33554432 (custom)
2022-01-08 13:17:52,648 [Listener at 127.0.0.1/11352] INFO  server.GrpcService (ConfUtils.java:logGet(44)) - raft.grpc.flow.control.window = 1MB (=1048576) (default)
2022-01-08 13:17:52,648 [Listener at 127.0.0.1/11352] INFO  server.RaftServerConfigKeys (ConfUtils.java:logGet(44)) - raft.server.rpc.request.timeout = 30000ms (custom)
2022-01-08 13:17:52,650 [Listener at 127.0.0.1/11352] INFO  impl.DataStreamServerImpl (ConfUtils.java:logGet(44)) - raft.datastream.type = DISABLED (default)
2022-01-08 13:17:52,650 [Listener at 127.0.0.1/11352] INFO  server.RaftServerConfigKeys (ConfUtils.java:logGet(44)) - raft.server.rpc.slowness.timeout = 120000ms (custom)
2022-01-08 13:17:52,650 [Listener at 127.0.0.1/11352] INFO  server.RaftServerConfigKeys (ConfUtils.java:logGet(44)) - raft.server.leaderelection.leader.step-down.wait-time = 10s (default)
2022-01-08 13:17:52,650 [Listener at 127.0.0.1/11352] INFO  server.RaftServerConfigKeys (ConfUtils.java:logGet(44)) - raft.server.storage.dir = [/home/runner/work/ozone/ozone/hadoop-ozone/integration-test/target/test-dir/MiniOzoneClusterImpl-96dde82e-0bdc-4c97-ae5c-ef816938392d/scmNode-1/scm-ha] (custom)
2022-01-08 13:17:52,654 [Listener at 127.0.0.1/11352] INFO  server.RaftServer (RaftServerProxy.java:addNew(95)) - 222ceec3-fd71-41f2-aa08-53f50be8376f: addNew group-EF816938392D:[222ceec3-fd71-41f2-aa08-53f50be8376f|rpc:localhost:12080|priority:0] returns group-EF816938392D:java.util.concurrent.CompletableFuture@27e9ac69[Not completed]
2022-01-08 13:17:52,654 [pool-195-thread-1] INFO  server.RaftServer$Division (RaftServerImpl.java:<init>(184)) - 222ceec3-fd71-41f2-aa08-53f50be8376f: new RaftServerImpl for group-EF816938392D:[222ceec3-fd71-41f2-aa08-53f50be8376f|rpc:localhost:12080|priority:0] with SCMStateMachine:uninitialized
2022-01-08 13:17:52,665 [pool-195-thread-1] INFO  server.RaftServerConfigKeys (ConfUtils.java:logGet(44)) - raft.server.rpc.timeout.min = 5000ms (custom)
2022-01-08 13:17:52,665 [pool-195-thread-1] INFO  server.RaftServerConfigKeys (ConfUtils.java:logGet(44)) - raft.server.rpc.timeout.max = 5200ms (custom)
2022-01-08 13:17:52,665 [pool-195-thread-1] INFO  server.RaftServerConfigKeys (ConfUtils.java:logGet(44)) - raft.server.rpc.sleep.time = 25ms (default)
2022-01-08 13:17:52,665 [pool-195-thread-1] INFO  server.RaftServerConfigKeys (ConfUtils.java:logGet(44)) - raft.server.rpc.slowness.timeout = 120000ms (custom)
2022-01-08 13:17:52,665 [pool-195-thread-1] INFO  server.RaftServerConfigKeys (ConfUtils.java:logGet(44)) - raft.server.leaderelection.leader.step-down.wait-time = 10s (default)
2022-01-08 13:17:52,665 [pool-195-thread-1] INFO  server.RaftServerConfigKeys (ConfUtils.java:logGet(44)) - raft.server.sleep.deviation.threshold = 300ms (default)
2022-01-08 13:17:52,665 [pool-195-thread-1] INFO  server.RaftServerConfigKeys (ConfUtils.java:logGet(44)) - raft.server.log.appender.install.snapshot.enabled = false (custom)
2022-01-08 13:17:52,666 [pool-195-thread-1] INFO  server.RaftServer$Division (ServerState.java:<init>(105)) - 222ceec3-fd71-41f2-aa08-53f50be8376f@group-EF816938392D: ConfigurationManager, init=-1: [222ceec3-fd71-41f2-aa08-53f50be8376f|rpc:localhost:12080|priority:0], old=null, confs=<EMPTY_MAP>
2022-01-08 13:17:52,666 [pool-195-thread-1] INFO  server.RaftServerConfigKeys (ConfUtils.java:logGet(44)) - raft.server.storage.dir = [/home/runner/work/ozone/ozone/hadoop-ozone/integration-test/target/test-dir/MiniOzoneClusterImpl-96dde82e-0bdc-4c97-ae5c-ef816938392d/scmNode-1/scm-ha] (custom)
2022-01-08 13:17:52,666 [pool-195-thread-1] INFO  server.RaftServerConfigKeys (ConfUtils.java:logGet(44)) - raft.server.log.corruption.policy = EXCEPTION (default)
2022-01-08 13:17:52,666 [pool-195-thread-1] INFO  server.RaftServerConfigKeys (ConfUtils.java:logGet(44)) - raft.server.storage.free-space.min = 0MB (=0) (default)
2022-01-08 13:17:52,666 [pool-195-thread-1] INFO  storage.RaftStorageDirectory (RaftStorageDirectoryImpl.java:analyzeStorage(135)) - The storage directory /home/runner/work/ozone/ozone/hadoop-ozone/integration-test/target/test-dir/MiniOzoneClusterImpl-96dde82e-0bdc-4c97-ae5c-ef816938392d/scmNode-1/scm-ha/96dde82e-0bdc-4c97-ae5c-ef816938392d does not exist. Creating ...
2022-01-08 13:17:52,668 [pool-195-thread-1] INFO  storage.RaftStorageDirectory (RaftStorageDirectoryImpl.java:tryLock(230)) - Lock on /home/runner/work/ozone/ozone/hadoop-ozone/integration-test/target/test-dir/MiniOzoneClusterImpl-96dde82e-0bdc-4c97-ae5c-ef816938392d/scmNode-1/scm-ha/96dde82e-0bdc-4c97-ae5c-ef816938392d/in_use.lock acquired by nodename 7755@fv-az195-8
2022-01-08 13:17:52,669 [pool-195-thread-1] INFO  storage.RaftStorage (RaftStorageImpl.java:format(89)) - Storage directory /home/runner/work/ozone/ozone/hadoop-ozone/integration-test/target/test-dir/MiniOzoneClusterImpl-96dde82e-0bdc-4c97-ae5c-ef816938392d/scmNode-1/scm-ha/96dde82e-0bdc-4c97-ae5c-ef816938392d has been successfully formatted.
2022-01-08 13:17:52,670 [pool-195-thread-1] INFO  server.RaftServerConfigKeys (ConfUtils.java:logGet(44)) - raft.server.notification.no-leader.timeout = 60s (default)
2022-01-08 13:17:52,670 [pool-195-thread-1] INFO  server.RaftServerConfigKeys (ConfUtils.java:logGet(44)) - raft.server.log.use.memory = false (default)
2022-01-08 13:17:52,670 [pool-195-thread-1] INFO  server.RaftServerConfigKeys (ConfUtils.java:logGet(44)) - raft.server.log.purge.gap = 5 (custom)
2022-01-08 13:17:52,670 [pool-195-thread-1] INFO  server.RaftServerConfigKeys (ConfUtils.java:logGet(44)) - raft.server.log.appender.buffer.byte-limit = 33554432 (custom)
2022-01-08 13:17:52,670 [pool-195-thread-1] INFO  server.RaftServerConfigKeys (ConfUtils.java:logGet(44)) - raft.server.log.segment.size.max = 4194304 (custom)
2022-01-08 13:17:52,670 [pool-195-thread-1] INFO  server.RaftServerConfigKeys (ConfUtils.java:logGet(44)) - raft.server.log.segment.cache.num.max = 2 (custom)
2022-01-08 13:17:52,670 [pool-195-thread-1] INFO  server.RaftServerConfigKeys (ConfUtils.java:logGet(44)) - raft.server.log.segment.cache.size.max = 200MB (=209715200) (default)
2022-01-08 13:17:52,670 [pool-195-thread-1] INFO  segmented.SegmentedRaftLogWorker (SegmentedRaftLogWorker.java:<init>(182)) - new 222ceec3-fd71-41f2-aa08-53f50be8376f@group-EF816938392D-SegmentedRaftLogWorker for RaftStorageImpl:Storage Directory /home/runner/work/ozone/ozone/hadoop-ozone/integration-test/target/test-dir/MiniOzoneClusterImpl-96dde82e-0bdc-4c97-ae5c-ef816938392d/scmNode-1/scm-ha/96dde82e-0bdc-4c97-ae5c-ef816938392d
2022-01-08 13:17:52,670 [pool-195-thread-1] INFO  server.RaftServerConfigKeys (ConfUtils.java:logGet(44)) - raft.server.log.queue.byte-limit = 64MB (=67108864) (default)
2022-01-08 13:17:52,671 [pool-195-thread-1] INFO  server.RaftServerConfigKeys (ConfUtils.java:logGet(44)) - raft.server.log.queue.element-limit = 4096 (default)
2022-01-08 13:17:52,671 [pool-195-thread-1] INFO  server.RaftServerConfigKeys (ConfUtils.java:logGet(44)) - raft.server.log.segment.size.max = 4194304 (custom)
2022-01-08 13:17:52,671 [pool-195-thread-1] INFO  server.RaftServerConfigKeys (ConfUtils.java:logGet(44)) - raft.server.log.preallocated.size = 4194304 (custom)
2022-01-08 13:17:52,671 [pool-195-thread-1] INFO  server.RaftServerConfigKeys (ConfUtils.java:logGet(44)) - raft.server.log.force.sync.num = 128 (default)
2022-01-08 13:17:52,671 [pool-195-thread-1] INFO  server.RaftServerConfigKeys (ConfUtils.java:logGet(44)) - raft.server.log.statemachine.data.sync = true (default)
2022-01-08 13:17:52,671 [pool-195-thread-1] INFO  server.RaftServerConfigKeys (ConfUtils.java:logGet(44)) - raft.server.log.statemachine.data.sync.timeout = 10s (default)
2022-01-08 13:17:52,671 [pool-195-thread-1] INFO  server.RaftServerConfigKeys (ConfUtils.java:logGet(44)) - raft.server.log.statemachine.data.sync.timeout.retry = -1 (default)
2022-01-08 13:17:52,671 [pool-195-thread-1] INFO  server.RaftServerConfigKeys (ConfUtils.java:logGet(44)) - raft.server.log.write.buffer.size = 64KB (=65536) (default)
2022-01-08 13:17:52,671 [pool-195-thread-1] INFO  server.RaftServerConfigKeys (ConfUtils.java:logGet(44)) - raft.server.log.statemachine.data.caching.enabled = false (default)
2022-01-08 13:17:52,671 [pool-195-thread-1] INFO  segmented.SegmentedRaftLogWorker (SegmentedRaftLogWorker.java:lambda$new$0(133)) - 222ceec3-fd71-41f2-aa08-53f50be8376f@group-EF816938392D-SegmentedRaftLogWorker: flushIndex: setUnconditionally 0 -> -1
2022-01-08 13:17:52,672 [pool-195-thread-1] INFO  segmented.SegmentedRaftLogWorker (SegmentedRaftLogWorker.java:lambda$new$0(133)) - 222ceec3-fd71-41f2-aa08-53f50be8376f@group-EF816938392D-SegmentedRaftLogWorker: safeCacheEvictIndex: setUnconditionally 0 -> -1
2022-01-08 13:17:52,683 [pool-195-thread-1] INFO  server.RaftServerConfigKeys (ConfUtils.java:logGet(44)) - raft.server.snapshot.auto.trigger.enabled = true (custom)
2022-01-08 13:17:52,683 [pool-195-thread-1] INFO  server.RaftServerConfigKeys (ConfUtils.java:logGet(44)) - raft.server.snapshot.auto.trigger.threshold = 5 (custom)
2022-01-08 13:17:52,683 [pool-195-thread-1] INFO  server.RaftServerConfigKeys (ConfUtils.java:logGet(44)) - raft.server.snapshot.retention.file.num = -1 (default)
2022-01-08 13:17:52,683 [pool-195-thread-1] INFO  server.RaftServerConfigKeys (ConfUtils.java:logGet(44)) - raft.server.log.purge.upto.snapshot.index = true (custom)
2022-01-08 13:17:52,683 [pool-195-thread-1] INFO  server.RaftServerConfigKeys (ConfUtils.java:logGet(44)) - raft.server.retrycache.expirytime = 60000ms (default)
2022-01-08 13:17:52,683 [pool-195-thread-1] INFO  server.RaftServerConfigKeys (ConfUtils.java:logGet(44)) - raft.server.retrycache.statistics.expirytime = 100μs (default)
2022-01-08 13:17:52,684 [Listener at 127.0.0.1/11352] INFO  server.RaftServer$Division (RaftServerImpl.java:start(301)) - 222ceec3-fd71-41f2-aa08-53f50be8376f@group-EF816938392D: start as a follower, conf=-1: [222ceec3-fd71-41f2-aa08-53f50be8376f|rpc:localhost:12080|priority:0], old=null
2022-01-08 13:17:52,684 [Listener at 127.0.0.1/11352] INFO  server.RaftServer$Division (RaftServerImpl.java:setRole(290)) - 222ceec3-fd71-41f2-aa08-53f50be8376f@group-EF816938392D: changes role from      null to FOLLOWER at term 0 for startAsFollower
2022-01-08 13:17:52,685 [Listener at 127.0.0.1/11352] INFO  impl.RoleInfo (RoleInfo.java:updateAndGet(130)) - 222ceec3-fd71-41f2-aa08-53f50be8376f: start 222ceec3-fd71-41f2-aa08-53f50be8376f@group-EF816938392D-FollowerState
2022-01-08 13:17:52,691 [Listener at 127.0.0.1/11352] INFO  util.JmxRegister (JmxRegister.java:tryRegister(44)) - Successfully registered JMX Bean with object name Ratis:service=RaftServer,group=group-EF816938392D,id=222ceec3-fd71-41f2-aa08-53f50be8376f
2022-01-08 13:17:52,695 [Listener at 127.0.0.1/11352] INFO  server.RaftServer (RaftServerProxy.java:lambda$start$5(374)) - 222ceec3-fd71-41f2-aa08-53f50be8376f: start RPC server
2022-01-08 13:17:52,696 [Listener at 127.0.0.1/11352] INFO  server.GrpcService (GrpcService.java:startImpl(253)) - 222ceec3-fd71-41f2-aa08-53f50be8376f: GrpcService started, listening on 12080
2022-01-08 13:17:52,707 [org.apache.ratis.util.JvmPauseMonitor$$Lambda$500/2122256138@23184551] INFO  util.JvmPauseMonitor (JvmPauseMonitor.java:run(103)) - JvmPauseMonitor-222ceec3-fd71-41f2-aa08-53f50be8376f: Started
2022-01-08 13:17:53,543 [EndpointStateMachine task thread for /127.0.0.1:15217 - 0 ] INFO  ipc.Client (Client.java:handleConnectionFailure(977)) - Retrying connect to server: localhost/127.0.0.1:15217. Already tried 7 time(s); retry policy is RetryUpToMaximumCountWithFixedSleep(maxRetries=15, sleepTime=1000 MILLISECONDS)
2022-01-08 13:17:53,544 [EndpointStateMachine task thread for /127.0.0.1:15227 - 0 ] INFO  ipc.Client (Client.java:handleConnectionFailure(977)) - Retrying connect to server: localhost/127.0.0.1:15227. Already tried 4 time(s); retry policy is RetryUpToMaximumCountWithFixedSleep(maxRetries=15, sleepTime=1000 MILLISECONDS)
2022-01-08 13:17:53,549 [EndpointStateMachine task thread for /127.0.0.1:15237 - 0 ] INFO  ipc.Client (Client.java:handleConnectionFailure(977)) - Retrying connect to server: localhost/127.0.0.1:15237. Already tried 4 time(s); retry policy is RetryUpToMaximumCountWithFixedSleep(maxRetries=15, sleepTime=1000 MILLISECONDS)
2022-01-08 13:17:54,544 [EndpointStateMachine task thread for /127.0.0.1:15217 - 0 ] INFO  ipc.Client (Client.java:handleConnectionFailure(977)) - Retrying connect to server: localhost/127.0.0.1:15217. Already tried 8 time(s); retry policy is RetryUpToMaximumCountWithFixedSleep(maxRetries=15, sleepTime=1000 MILLISECONDS)
2022-01-08 13:17:54,545 [EndpointStateMachine task thread for /127.0.0.1:15227 - 0 ] INFO  ipc.Client (Client.java:handleConnectionFailure(977)) - Retrying connect to server: localhost/127.0.0.1:15227. Already tried 5 time(s); retry policy is RetryUpToMaximumCountWithFixedSleep(maxRetries=15, sleepTime=1000 MILLISECONDS)
2022-01-08 13:17:54,549 [EndpointStateMachine task thread for /127.0.0.1:15237 - 0 ] INFO  ipc.Client (Client.java:handleConnectionFailure(977)) - Retrying connect to server: localhost/127.0.0.1:15237. Already tried 5 time(s); retry policy is RetryUpToMaximumCountWithFixedSleep(maxRetries=15, sleepTime=1000 MILLISECONDS)
2022-01-08 13:17:55,545 [EndpointStateMachine task thread for /127.0.0.1:15217 - 0 ] INFO  ipc.Client (Client.java:handleConnectionFailure(977)) - Retrying connect to server: localhost/127.0.0.1:15217. Already tried 9 time(s); retry policy is RetryUpToMaximumCountWithFixedSleep(maxRetries=15, sleepTime=1000 MILLISECONDS)
2022-01-08 13:17:55,545 [EndpointStateMachine task thread for /127.0.0.1:15227 - 0 ] INFO  ipc.Client (Client.java:handleConnectionFailure(977)) - Retrying connect to server: localhost/127.0.0.1:15227. Already tried 6 time(s); retry policy is RetryUpToMaximumCountWithFixedSleep(maxRetries=15, sleepTime=1000 MILLISECONDS)
2022-01-08 13:17:55,550 [EndpointStateMachine task thread for /127.0.0.1:15237 - 0 ] INFO  ipc.Client (Client.java:handleConnectionFailure(977)) - Retrying connect to server: localhost/127.0.0.1:15237. Already tried 6 time(s); retry policy is RetryUpToMaximumCountWithFixedSleep(maxRetries=15, sleepTime=1000 MILLISECONDS)
2022-01-08 13:17:56,545 [EndpointStateMachine task thread for /127.0.0.1:15217 - 0 ] INFO  ipc.Client (Client.java:handleConnectionFailure(977)) - Retrying connect to server: localhost/127.0.0.1:15217. Already tried 10 time(s); retry policy is RetryUpToMaximumCountWithFixedSleep(maxRetries=15, sleepTime=1000 MILLISECONDS)
2022-01-08 13:17:56,546 [EndpointStateMachine task thread for /127.0.0.1:15227 - 0 ] INFO  ipc.Client (Client.java:handleConnectionFailure(977)) - Retrying connect to server: localhost/127.0.0.1:15227. Already tried 7 time(s); retry policy is RetryUpToMaximumCountWithFixedSleep(maxRetries=15, sleepTime=1000 MILLISECONDS)
2022-01-08 13:17:56,550 [EndpointStateMachine task thread for /127.0.0.1:15237 - 0 ] INFO  ipc.Client (Client.java:handleConnectionFailure(977)) - Retrying connect to server: localhost/127.0.0.1:15237. Already tried 7 time(s); retry policy is RetryUpToMaximumCountWithFixedSleep(maxRetries=15, sleepTime=1000 MILLISECONDS)
2022-01-08 13:17:57,546 [EndpointStateMachine task thread for /127.0.0.1:15217 - 0 ] INFO  ipc.Client (Client.java:handleConnectionFailure(977)) - Retrying connect to server: localhost/127.0.0.1:15217. Already tried 11 time(s); retry policy is RetryUpToMaximumCountWithFixedSleep(maxRetries=15, sleepTime=1000 MILLISECONDS)
2022-01-08 13:17:57,547 [EndpointStateMachine task thread for /127.0.0.1:15227 - 0 ] INFO  ipc.Client (Client.java:handleConnectionFailure(977)) - Retrying connect to server: localhost/127.0.0.1:15227. Already tried 8 time(s); retry policy is RetryUpToMaximumCountWithFixedSleep(maxRetries=15, sleepTime=1000 MILLISECONDS)
2022-01-08 13:17:57,550 [EndpointStateMachine task thread for /127.0.0.1:15237 - 0 ] INFO  ipc.Client (Client.java:handleConnectionFailure(977)) - Retrying connect to server: localhost/127.0.0.1:15237. Already tried 8 time(s); retry policy is RetryUpToMaximumCountWithFixedSleep(maxRetries=15, sleepTime=1000 MILLISECONDS)
2022-01-08 13:17:57,705 [222ceec3-fd71-41f2-aa08-53f50be8376f@group-EF816938392D-FollowerState] INFO  impl.FollowerState (FollowerState.java:run(134)) - 222ceec3-fd71-41f2-aa08-53f50be8376f@group-EF816938392D-FollowerState: change to CANDIDATE, lastRpcElapsedTime:5019959424ns, electionTimeout:5013ms
2022-01-08 13:17:57,705 [222ceec3-fd71-41f2-aa08-53f50be8376f@group-EF816938392D-FollowerState] INFO  impl.RoleInfo (RoleInfo.java:shutdownFollowerState(108)) - 222ceec3-fd71-41f2-aa08-53f50be8376f: shutdown 222ceec3-fd71-41f2-aa08-53f50be8376f@group-EF816938392D-FollowerState
2022-01-08 13:17:57,705 [222ceec3-fd71-41f2-aa08-53f50be8376f@group-EF816938392D-FollowerState] INFO  server.RaftServer$Division (RaftServerImpl.java:setRole(290)) - 222ceec3-fd71-41f2-aa08-53f50be8376f@group-EF816938392D: changes role from  FOLLOWER to CANDIDATE at term 0 for changeToCandidate
2022-01-08 13:17:57,705 [222ceec3-fd71-41f2-aa08-53f50be8376f@group-EF816938392D-FollowerState] INFO  server.RaftServerConfigKeys (ConfUtils.java:logGet(44)) - raft.server.leaderelection.pre-vote = false (custom)
2022-01-08 13:17:57,705 [222ceec3-fd71-41f2-aa08-53f50be8376f@group-EF816938392D-FollowerState] INFO  impl.RoleInfo (RoleInfo.java:updateAndGet(130)) - 222ceec3-fd71-41f2-aa08-53f50be8376f: start 222ceec3-fd71-41f2-aa08-53f50be8376f@group-EF816938392D-LeaderElection17
2022-01-08 13:17:57,719 [222ceec3-fd71-41f2-aa08-53f50be8376f@group-EF816938392D-LeaderElection17] INFO  impl.LeaderElection (LeaderElection.java:askForVotes(306)) - 222ceec3-fd71-41f2-aa08-53f50be8376f@group-EF816938392D-LeaderElection17 ELECTION round 0: submit vote requests at term 1 for -1: [222ceec3-fd71-41f2-aa08-53f50be8376f|rpc:localhost:12080|priority:0], old=null
2022-01-08 13:17:57,719 [222ceec3-fd71-41f2-aa08-53f50be8376f@group-EF816938392D-LeaderElection17] INFO  impl.LeaderElection (LeaderElection.java:askForVotes(308)) - 222ceec3-fd71-41f2-aa08-53f50be8376f@group-EF816938392D-LeaderElection17 ELECTION round 0: result PASSED (term=1)
2022-01-08 13:17:57,720 [222ceec3-fd71-41f2-aa08-53f50be8376f@group-EF816938392D-LeaderElection17] INFO  impl.RoleInfo (RoleInfo.java:shutdownLeaderElection(121)) - 222ceec3-fd71-41f2-aa08-53f50be8376f: shutdown 222ceec3-fd71-41f2-aa08-53f50be8376f@group-EF816938392D-LeaderElection17
2022-01-08 13:17:57,720 [222ceec3-fd71-41f2-aa08-53f50be8376f@group-EF816938392D-LeaderElection17] INFO  server.RaftServer$Division (RaftServerImpl.java:setRole(290)) - 222ceec3-fd71-41f2-aa08-53f50be8376f@group-EF816938392D: changes role from CANDIDATE to LEADER at term 1 for changeToLeader
2022-01-08 13:17:57,720 [222ceec3-fd71-41f2-aa08-53f50be8376f@group-EF816938392D-LeaderElection17] INFO  server.RaftServer$Division (ServerState.java:setLeader(285)) - 222ceec3-fd71-41f2-aa08-53f50be8376f@group-EF816938392D: change Leader from null to 222ceec3-fd71-41f2-aa08-53f50be8376f at term 1 for becomeLeader, leader elected after 5050ms
2022-01-08 13:17:57,720 [222ceec3-fd71-41f2-aa08-53f50be8376f@group-EF816938392D-LeaderElection17] INFO  server.RaftServerConfigKeys (ConfUtils.java:logGet(44)) - raft.server.staging.catchup.gap = 1000 (default)
2022-01-08 13:17:57,727 [222ceec3-fd71-41f2-aa08-53f50be8376f@group-EF816938392D-LeaderElection17] INFO  server.RaftServerConfigKeys (ConfUtils.java:logGet(44)) - raft.server.write.element-limit = 4096 (default)
2022-01-08 13:17:57,727 [222ceec3-fd71-41f2-aa08-53f50be8376f@group-EF816938392D-LeaderElection17] INFO  server.RaftServerConfigKeys (ConfUtils.java:logGet(44)) - raft.server.write.byte-limit = 64MB (=67108864) (default)
2022-01-08 13:17:57,727 [222ceec3-fd71-41f2-aa08-53f50be8376f@group-EF816938392D-LeaderElection17] INFO  server.RaftServerConfigKeys (ConfUtils.java:logGet(44)) - raft.server.watch.timeout = 10s (default)
2022-01-08 13:17:57,728 [222ceec3-fd71-41f2-aa08-53f50be8376f@group-EF816938392D-LeaderElection17] INFO  server.RaftServerConfigKeys (ConfUtils.java:logGet(44)) - raft.server.watch.timeout.denomination = 1s (default)
2022-01-08 13:17:57,728 [222ceec3-fd71-41f2-aa08-53f50be8376f@group-EF816938392D-LeaderElection17] INFO  server.RaftServerConfigKeys (ConfUtils.java:logGet(44)) - raft.server.watch.element-limit = 65536 (default)
2022-01-08 13:17:57,728 [222ceec3-fd71-41f2-aa08-53f50be8376f@group-EF816938392D-LeaderElection17] INFO  server.RaftServerConfigKeys (ConfUtils.java:logGet(44)) - raft.server.write.element-limit = 4096 (default)
2022-01-08 13:17:57,728 [222ceec3-fd71-41f2-aa08-53f50be8376f@group-EF816938392D-LeaderElection17] INFO  server.RaftServerConfigKeys (ConfUtils.java:logGet(44)) - raft.server.write.follower.gap.ratio.max = -1.0 (default)
2022-01-08 13:17:57,728 [222ceec3-fd71-41f2-aa08-53f50be8376f@group-EF816938392D-LeaderElection17] INFO  impl.RoleInfo (RoleInfo.java:updateAndGet(130)) - 222ceec3-fd71-41f2-aa08-53f50be8376f: start 222ceec3-fd71-41f2-aa08-53f50be8376f@group-EF816938392D-LeaderStateImpl
2022-01-08 13:17:57,728 [222ceec3-fd71-41f2-aa08-53f50be8376f@group-EF816938392D-LeaderElection17] INFO  segmented.SegmentedRaftLogWorker (SegmentedRaftLogWorker.java:startLogSegment(394)) - 222ceec3-fd71-41f2-aa08-53f50be8376f@group-EF816938392D-SegmentedRaftLogWorker: Starting segment from index:0
2022-01-08 13:17:57,738 [222ceec3-fd71-41f2-aa08-53f50be8376f@group-EF816938392D-SegmentedRaftLogWorker] INFO  segmented.SegmentedRaftLogWorker (SegmentedRaftLogWorker.java:execute(601)) - 222ceec3-fd71-41f2-aa08-53f50be8376f@group-EF816938392D-SegmentedRaftLogWorker: created new log segment /home/runner/work/ozone/ozone/hadoop-ozone/integration-test/target/test-dir/MiniOzoneClusterImpl-96dde82e-0bdc-4c97-ae5c-ef816938392d/scmNode-1/scm-ha/96dde82e-0bdc-4c97-ae5c-ef816938392d/current/log_inprogress_0
2022-01-08 13:17:57,747 [222ceec3-fd71-41f2-aa08-53f50be8376f@group-EF816938392D-LeaderElection17] INFO  server.RaftServer$Division (ServerState.java:setRaftConf(387)) - 222ceec3-fd71-41f2-aa08-53f50be8376f@group-EF816938392D: set configuration 0: [222ceec3-fd71-41f2-aa08-53f50be8376f|rpc:localhost:12080|admin:|client:|dataStream:|priority:0], old=null
2022-01-08 13:17:58,547 [EndpointStateMachine task thread for /127.0.0.1:15217 - 0 ] INFO  ipc.Client (Client.java:handleConnectionFailure(977)) - Retrying connect to server: localhost/127.0.0.1:15217. Already tried 12 time(s); retry policy is RetryUpToMaximumCountWithFixedSleep(maxRetries=15, sleepTime=1000 MILLISECONDS)
2022-01-08 13:17:58,547 [EndpointStateMachine task thread for /127.0.0.1:15227 - 0 ] INFO  ipc.Client (Client.java:handleConnectionFailure(977)) - Retrying connect to server: localhost/127.0.0.1:15227. Already tried 9 time(s); retry policy is RetryUpToMaximumCountWithFixedSleep(maxRetries=15, sleepTime=1000 MILLISECONDS)
2022-01-08 13:17:58,551 [EndpointStateMachine task thread for /127.0.0.1:15237 - 0 ] INFO  ipc.Client (Client.java:handleConnectionFailure(977)) - Retrying connect to server: localhost/127.0.0.1:15237. Already tried 9 time(s); retry policy is RetryUpToMaximumCountWithFixedSleep(maxRetries=15, sleepTime=1000 MILLISECONDS)
2022-01-08 13:17:58,707 [Listener at 127.0.0.1/11352] INFO  server.RaftServer (RaftServerProxy.java:lambda$close$6(391)) - 222ceec3-fd71-41f2-aa08-53f50be8376f: close
2022-01-08 13:17:58,708 [Listener at 127.0.0.1/11352] INFO  server.RaftServer$Division (RaftServerImpl.java:lambda$close$4(412)) - 222ceec3-fd71-41f2-aa08-53f50be8376f@group-EF816938392D: shutdown
2022-01-08 13:17:58,708 [Listener at 127.0.0.1/11352] INFO  util.JmxRegister (JmxRegister.java:unregister(73)) - Successfully un-registered JMX Bean with object name Ratis:service=RaftServer,group=group-EF816938392D,id=222ceec3-fd71-41f2-aa08-53f50be8376f
2022-01-08 13:17:58,708 [Listener at 127.0.0.1/11352] INFO  impl.RoleInfo (RoleInfo.java:shutdownLeaderState(91)) - 222ceec3-fd71-41f2-aa08-53f50be8376f: shutdown 222ceec3-fd71-41f2-aa08-53f50be8376f@group-EF816938392D-LeaderStateImpl
2022-01-08 13:17:58,708 [Listener at 127.0.0.1/11352] INFO  impl.PendingRequests (PendingRequests.java:sendNotLeaderResponses(282)) - 222ceec3-fd71-41f2-aa08-53f50be8376f@group-EF816938392D-PendingRequests: sendNotLeaderResponses
2022-01-08 13:17:58,709 [Listener at 127.0.0.1/11352] INFO  impl.StateMachineUpdater (StateMachineUpdater.java:stopAndJoin(149)) - 222ceec3-fd71-41f2-aa08-53f50be8376f@group-EF816938392D-StateMachineUpdater: set stopIndex = 0
2022-01-08 13:17:58,709 [222ceec3-fd71-41f2-aa08-53f50be8376f@group-EF816938392D-StateMachineUpdater] INFO  impl.StateMachineUpdater (StateMachineUpdater.java:takeSnapshot(281)) - 222ceec3-fd71-41f2-aa08-53f50be8376f@group-EF816938392D-StateMachineUpdater: Took a snapshot at index 0
2022-01-08 13:17:58,709 [222ceec3-fd71-41f2-aa08-53f50be8376f@group-EF816938392D-StateMachineUpdater] INFO  impl.StateMachineUpdater (StateMachineUpdater.java:lambda$new$0(89)) - 222ceec3-fd71-41f2-aa08-53f50be8376f@group-EF816938392D-StateMachineUpdater: snapshotIndex: updateIncreasingly -1 -> 0
2022-01-08 13:17:58,709 [Listener at 127.0.0.1/11352] INFO  server.RaftServer$Division (ServerState.java:close(419)) - 222ceec3-fd71-41f2-aa08-53f50be8376f@group-EF816938392D: closes. applyIndex: 0
2022-01-08 13:17:58,710 [222ceec3-fd71-41f2-aa08-53f50be8376f@group-EF816938392D-SegmentedRaftLogWorker] INFO  segmented.SegmentedRaftLogWorker (SegmentedRaftLogWorker.java:run(327)) - 222ceec3-fd71-41f2-aa08-53f50be8376f@group-EF816938392D-SegmentedRaftLogWorker was interrupted, exiting. There are 0 tasks remaining in the queue.
2022-01-08 13:17:58,719 [Listener at 127.0.0.1/11352] INFO  segmented.SegmentedRaftLogWorker (SegmentedRaftLogWorker.java:close(237)) - 222ceec3-fd71-41f2-aa08-53f50be8376f@group-EF816938392D-SegmentedRaftLogWorker close()
2022-01-08 13:17:58,724 [Listener at 127.0.0.1/11352] INFO  server.GrpcService (GrpcService.java:closeImpl(262)) - 222ceec3-fd71-41f2-aa08-53f50be8376f: shutdown server with port 12080 now
2022-01-08 13:17:58,731 [Listener at 127.0.0.1/11352] INFO  server.GrpcService (GrpcService.java:closeImpl(271)) - 222ceec3-fd71-41f2-aa08-53f50be8376f: shutdown server with port 12080 successfully
2022-01-08 13:17:58,731 [org.apache.ratis.util.JvmPauseMonitor$$Lambda$500/2122256138@23184551] INFO  util.JvmPauseMonitor (JvmPauseMonitor.java:run(109)) - JvmPauseMonitor-222ceec3-fd71-41f2-aa08-53f50be8376f: Stopped
2022-01-08 13:17:58,731 [Listener at 127.0.0.1/11352] WARN  server.ServerUtils (ServerUtils.java:getScmDbDir(148)) - ozone.scm.db.dirs is not configured. We recommend adding this setting. Falling back to ozone.metadata.dirs instead.
2022-01-08 13:17:58,733 [Listener at 127.0.0.1/11352] INFO  server.StorageContainerManager (StorageContainerManager.java:scmInit(1083)) - SCM initialization succeeded. Current cluster id for sd=/home/runner/work/ozone/ozone/hadoop-ozone/integration-test/target/test-dir/MiniOzoneClusterImpl-96dde82e-0bdc-4c97-ae5c-ef816938392d/scmNode-1/scm; cid=96dde82e-0bdc-4c97-ae5c-ef816938392d; layoutVersion=2; scmId=222ceec3-fd71-41f2-aa08-53f50be8376f
2022-01-08 13:17:58,733 [Listener at 127.0.0.1/11352] INFO  ha.SCMHANodeDetails (SCMHANodeDetails.java:loadSCMHAConfig(157)) - ServiceID for StorageContainerManager is scm-service-test1
2022-01-08 13:17:58,733 [Listener at 127.0.0.1/11352] INFO  ha.SCMHANodeDetails (SCMHANodeDetails.java:loadSCMHAConfig(168)) - ServiceID for StorageContainerManager is scm-service-test1
2022-01-08 13:17:58,734 [Listener at 127.0.0.1/11352] WARN  scm.ScmUtils (ScmUtils.java:logWarn(179)) - ConfigKey ozone.scm.block.client.address is deprecated, For configuring different ports for each SCM use PortConfigKey ozone.scm.block.client.port appended with serviceId and nodeId. If want to configure same port configure ozone.scm.block.client.port
2022-01-08 13:17:58,734 [Listener at 127.0.0.1/11352] WARN  scm.ScmUtils (ScmUtils.java:logWarn(179)) - ConfigKey ozone.scm.client.address is deprecated, For configuring different ports for each SCM use PortConfigKey ozone.scm.client.port appended with serviceId and nodeId. If want to configure same port configure ozone.scm.client.port
2022-01-08 13:17:58,734 [Listener at 127.0.0.1/11352] WARN  scm.ScmUtils (ScmUtils.java:logWarn(179)) - ConfigKey ozone.scm.datanode.address is deprecated, For configuring different ports for each SCM use PortConfigKey ozone.scm.datanode.port appended with serviceId and nodeId. If want to configure same port configure ozone.scm.datanode.port
2022-01-08 13:17:58,734 [Listener at 127.0.0.1/11352] WARN  scm.ScmUtils (ScmUtils.java:logWarn(179)) - ConfigKey ozone.scm.block.client.address is deprecated, For configuring different ports for each SCM use PortConfigKey ozone.scm.block.client.port appended with serviceId and nodeId. If want to configure same port configure ozone.scm.block.client.port
2022-01-08 13:17:58,734 [Listener at 127.0.0.1/11352] WARN  scm.ScmUtils (ScmUtils.java:logWarn(179)) - ConfigKey ozone.scm.client.address is deprecated, For configuring different ports for each SCM use PortConfigKey ozone.scm.client.port appended with serviceId and nodeId. If want to configure same port configure ozone.scm.client.port
2022-01-08 13:17:58,734 [Listener at 127.0.0.1/11352] WARN  scm.ScmUtils (ScmUtils.java:logWarn(179)) - ConfigKey ozone.scm.datanode.address is deprecated, For configuring different ports for each SCM use PortConfigKey ozone.scm.datanode.port appended with serviceId and nodeId. If want to configure same port configure ozone.scm.datanode.port
2022-01-08 13:17:58,734 [Listener at 127.0.0.1/11352] INFO  ha.SCMHANodeDetails (SCMHANodeDetails.java:loadSCMHAConfig(250)) - Found matching SCM address with SCMServiceId: scm-service-test1, SCMNodeId: scmNode-1, RPC Address: localhost:12080 and Ratis port: 12080
2022-01-08 13:17:58,735 [Listener at 127.0.0.1/11352] INFO  ha.SCMHANodeDetails (ConfUtils.java:setNodeSpecificConfigs(108)) - Setting configuration key ozone.scm.datanode.address with value of key ozone.scm.datanode.address.scm-service-test1.scmNode-1: 127.0.0.1:12081
2022-01-08 13:17:58,735 [Listener at 127.0.0.1/11352] INFO  ha.SCMHANodeDetails (ConfUtils.java:setNodeSpecificConfigs(108)) - Setting configuration key ozone.scm.block.client.address with value of key ozone.scm.block.client.address.scm-service-test1.scmNode-1: 127.0.0.1:12082
2022-01-08 13:17:58,735 [Listener at 127.0.0.1/11352] INFO  ha.SCMHANodeDetails (ConfUtils.java:setNodeSpecificConfigs(108)) - Setting configuration key ozone.scm.client.address with value of key ozone.scm.client.address.scm-service-test1.scmNode-1: 127.0.0.1:12083
2022-01-08 13:17:58,735 [Listener at 127.0.0.1/11352] INFO  ha.SCMHANodeDetails (ConfUtils.java:setNodeSpecificConfigs(108)) - Setting configuration key ozone.scm.ratis.port with value of key ozone.scm.ratis.port.scm-service-test1.scmNode-1: 12080
2022-01-08 13:17:58,735 [Listener at 127.0.0.1/11352] INFO  ha.SCMHANodeDetails (ConfUtils.java:setNodeSpecificConfigs(108)) - Setting configuration key ozone.scm.grpc.port with value of key ozone.scm.grpc.port.scm-service-test1.scmNode-1: 12084
2022-01-08 13:17:58,735 [Listener at 127.0.0.1/11352] INFO  ha.SCMHANodeDetails (ConfUtils.java:setNodeSpecificConfigs(108)) - Setting configuration key ozone.scm.http-address with value of key ozone.scm.http-address.scm-service-test1.scmNode-1: 127.0.0.1:12078
2022-01-08 13:17:58,735 [Listener at 127.0.0.1/11352] INFO  ha.SCMHANodeDetails (ConfUtils.java:setNodeSpecificConfigs(108)) - Setting configuration key ozone.scm.https-address with value of key ozone.scm.https-address.scm-service-test1.scmNode-1: 127.0.0.1:12079
2022-01-08 13:17:58,735 [Listener at 127.0.0.1/11352] INFO  ha.SCMHANodeDetails (ConfUtils.java:setNodeSpecificConfigs(108)) - Setting configuration key ozone.scm.address with value of key ozone.scm.address.scm-service-test1.scmNode-1: 127.0.0.1
2022-01-08 13:17:58,735 [Listener at 127.0.0.1/11352] WARN  scm.ScmUtils (ScmUtils.java:logWarn(179)) - ConfigKey ozone.scm.block.client.address is deprecated, For configuring different ports for each SCM use PortConfigKey ozone.scm.block.client.port appended with serviceId and nodeId. If want to configure same port configure ozone.scm.block.client.port
2022-01-08 13:17:58,736 [Listener at 127.0.0.1/11352] WARN  scm.ScmUtils (ScmUtils.java:logWarn(179)) - ConfigKey ozone.scm.client.address is deprecated, For configuring different ports for each SCM use PortConfigKey ozone.scm.client.port appended with serviceId and nodeId. If want to configure same port configure ozone.scm.client.port
2022-01-08 13:17:58,736 [Listener at 127.0.0.1/11352] WARN  scm.ScmUtils (ScmUtils.java:logWarn(179)) - ConfigKey ozone.scm.datanode.address is deprecated, For configuring different ports for each SCM use PortConfigKey ozone.scm.datanode.port appended with serviceId and nodeId. If want to configure same port configure ozone.scm.datanode.port
2022-01-08 13:17:58,736 [Listener at 127.0.0.1/11352] WARN  server.ServerUtils (ServerUtils.java:getScmDbDir(148)) - ozone.scm.db.dirs is not configured. We recommend adding this setting. Falling back to ozone.metadata.dirs instead.
2022-01-08 13:17:58,736 [Listener at 127.0.0.1/11352] INFO  upgrade.AbstractLayoutVersionManager (AbstractLayoutVersionManager.java:init(79)) - Initializing Layout version manager with metadata layout = SCM_HA (version = 2), software layout = SCM_HA (version = 2)
2022-01-08 13:17:58,811 [Listener at 127.0.0.1/11352] INFO  reflections.Reflections (Reflections.java:scan(232)) - Reflections took 74 ms to scan 7 urls, producing 119 keys and 279 values 
2022-01-08 13:17:58,812 [Listener at 127.0.0.1/11352] WARN  utils.HAUtils (HAUtils.java:getMetaDir(342)) - ozone.scm.db.dirs is not configured. We recommend adding this setting. Falling back to ozone.metadata.dirs instead.
2022-01-08 13:17:58,814 [Listener at 127.0.0.1/11352] WARN  db.DBStoreBuilder (DBStoreBuilder.java:applyDBDefinition(145)) - ozone.scm.db.dirs is not configured. We recommend adding this setting. Falling back to ozone.metadata.dirs instead.
2022-01-08 13:17:58,939 [Listener at 127.0.0.1/11352] INFO  net.NodeSchemaLoader (NodeSchemaLoader.java:loadSchemaFromFile(129)) - Loading schema from [jar:file:/home/runner/.m2/repository/org/apache/ozone/hdds-common/1.3.0-SNAPSHOT/hdds-common-1.3.0-SNAPSHOT.jar!/network-topology-default.xml]
2022-01-08 13:17:58,939 [Listener at 127.0.0.1/11352] INFO  net.NodeSchemaLoader (NodeSchemaLoader.java:loadSchema(176)) - Loading network topology layer schema file
2022-01-08 13:17:58,942 [Listener at 127.0.0.1/11352] INFO  ha.SCMRatisServerImpl (SCMRatisServerImpl.java:<init>(87)) - starting Raft server for scm:222ceec3-fd71-41f2-aa08-53f50be8376f
2022-01-08 13:17:58,951 [Listener at 127.0.0.1/11352] INFO  server.RaftServer (ConfUtils.java:logGet(44)) - raft.rpc.type = GRPC (default)
2022-01-08 13:17:58,951 [Listener at 127.0.0.1/11352] INFO  grpc.GrpcFactory (GrpcFactory.java:checkPooledByteBufAllocatorUseCacheForAllThreads(48)) - PERFORMANCE WARNING: useCacheForAllThreads is true that may cause Netty to create a lot garbage objects and, as a result, trigger GC.
	It is recommended to disable useCacheForAllThreads by setting -Dorg.apache.ratis.thirdparty.io.netty.allocator.useCacheForAllThreads=false in command line.
2022-01-08 13:17:58,952 [Listener at 127.0.0.1/11352] INFO  grpc.GrpcConfigKeys (ConfUtils.java:logGet(44)) - raft.grpc.admin.port = -1 (default)
2022-01-08 13:17:58,952 [Listener at 127.0.0.1/11352] INFO  grpc.GrpcConfigKeys (ConfUtils.java:logGet(44)) - raft.grpc.server.port = 12080 (custom)
2022-01-08 13:17:58,952 [Listener at 127.0.0.1/11352] INFO  grpc.GrpcConfigKeys (ConfUtils.java:logGet(44)) - raft.grpc.client.port = -1 (default)
2022-01-08 13:17:58,952 [Listener at 127.0.0.1/11352] INFO  grpc.GrpcConfigKeys (ConfUtils.java:logGet(44)) - raft.grpc.server.port = 12080 (custom)
2022-01-08 13:17:58,952 [Listener at 127.0.0.1/11352] INFO  grpc.GrpcConfigKeys (ConfUtils.java:logGet(44)) - raft.grpc.server.port = 12080 (custom)
2022-01-08 13:17:58,952 [Listener at 127.0.0.1/11352] INFO  server.GrpcService (ConfUtils.java:logGet(44)) - raft.grpc.message.size.max = 32m (=33554432) (custom)
2022-01-08 13:17:58,953 [Listener at 127.0.0.1/11352] INFO  server.RaftServerConfigKeys (ConfUtils.java:logGet(44)) - raft.server.log.appender.buffer.byte-limit = 33554432 (custom)
2022-01-08 13:17:58,953 [Listener at 127.0.0.1/11352] INFO  server.GrpcService (ConfUtils.java:logGet(44)) - raft.grpc.flow.control.window = 1MB (=1048576) (default)
2022-01-08 13:17:58,953 [Listener at 127.0.0.1/11352] INFO  server.RaftServerConfigKeys (ConfUtils.java:logGet(44)) - raft.server.rpc.request.timeout = 30000ms (custom)
2022-01-08 13:17:58,954 [Listener at 127.0.0.1/11352] INFO  impl.DataStreamServerImpl (ConfUtils.java:logGet(44)) - raft.datastream.type = DISABLED (default)
2022-01-08 13:17:58,954 [Listener at 127.0.0.1/11352] INFO  server.RaftServerConfigKeys (ConfUtils.java:logGet(44)) - raft.server.rpc.slowness.timeout = 120000ms (custom)
2022-01-08 13:17:58,954 [Listener at 127.0.0.1/11352] INFO  server.RaftServerConfigKeys (ConfUtils.java:logGet(44)) - raft.server.leaderelection.leader.step-down.wait-time = 10s (default)
2022-01-08 13:17:58,955 [Listener at 127.0.0.1/11352] INFO  server.RaftServerConfigKeys (ConfUtils.java:logGet(44)) - raft.server.storage.dir = [/home/runner/work/ozone/ozone/hadoop-ozone/integration-test/target/test-dir/MiniOzoneClusterImpl-96dde82e-0bdc-4c97-ae5c-ef816938392d/scmNode-1/scm-ha] (custom)
2022-01-08 13:17:58,955 [Listener at 127.0.0.1/11352] INFO  server.RaftServer (RaftServerProxy.java:lambda$null$1(235)) - 222ceec3-fd71-41f2-aa08-53f50be8376f: found a subdirectory /home/runner/work/ozone/ozone/hadoop-ozone/integration-test/target/test-dir/MiniOzoneClusterImpl-96dde82e-0bdc-4c97-ae5c-ef816938392d/scmNode-1/scm-ha/96dde82e-0bdc-4c97-ae5c-ef816938392d
2022-01-08 13:17:58,958 [Listener at 127.0.0.1/11352] INFO  server.RaftServer (RaftServerProxy.java:addNew(95)) - 222ceec3-fd71-41f2-aa08-53f50be8376f: addNew group-EF816938392D:[] returns group-EF816938392D:java.util.concurrent.CompletableFuture@39ae8a75[Not completed]
2022-01-08 13:17:58,958 [pool-210-thread-1] INFO  server.RaftServer$Division (RaftServerImpl.java:<init>(184)) - 222ceec3-fd71-41f2-aa08-53f50be8376f: new RaftServerImpl for group-EF816938392D:[] with SCMStateMachine:uninitialized
2022-01-08 13:17:58,968 [pool-210-thread-1] INFO  server.RaftServerConfigKeys (ConfUtils.java:logGet(44)) - raft.server.rpc.timeout.min = 5000ms (custom)
2022-01-08 13:17:58,968 [pool-210-thread-1] INFO  server.RaftServerConfigKeys (ConfUtils.java:logGet(44)) - raft.server.rpc.timeout.max = 5200ms (custom)
2022-01-08 13:17:58,968 [pool-210-thread-1] INFO  server.RaftServerConfigKeys (ConfUtils.java:logGet(44)) - raft.server.rpc.sleep.time = 25ms (default)
2022-01-08 13:17:58,968 [pool-210-thread-1] INFO  server.RaftServerConfigKeys (ConfUtils.java:logGet(44)) - raft.server.rpc.slowness.timeout = 120000ms (custom)
2022-01-08 13:17:58,968 [pool-210-thread-1] INFO  server.RaftServerConfigKeys (ConfUtils.java:logGet(44)) - raft.server.leaderelection.leader.step-down.wait-time = 10s (default)
2022-01-08 13:17:58,968 [pool-210-thread-1] INFO  server.RaftServerConfigKeys (ConfUtils.java:logGet(44)) - raft.server.sleep.deviation.threshold = 300ms (default)
2022-01-08 13:17:58,968 [pool-210-thread-1] INFO  server.RaftServerConfigKeys (ConfUtils.java:logGet(44)) - raft.server.log.appender.install.snapshot.enabled = false (custom)
2022-01-08 13:17:58,969 [pool-210-thread-1] INFO  server.RaftServer$Division (ServerState.java:<init>(105)) - 222ceec3-fd71-41f2-aa08-53f50be8376f@group-EF816938392D: ConfigurationManager, init=-1: [], old=null, confs=<EMPTY_MAP>
2022-01-08 13:17:58,969 [pool-210-thread-1] INFO  server.RaftServerConfigKeys (ConfUtils.java:logGet(44)) - raft.server.storage.dir = [/home/runner/work/ozone/ozone/hadoop-ozone/integration-test/target/test-dir/MiniOzoneClusterImpl-96dde82e-0bdc-4c97-ae5c-ef816938392d/scmNode-1/scm-ha] (custom)
2022-01-08 13:17:58,969 [pool-210-thread-1] INFO  server.RaftServerConfigKeys (ConfUtils.java:logGet(44)) - raft.server.log.corruption.policy = EXCEPTION (default)
2022-01-08 13:17:58,969 [pool-210-thread-1] INFO  server.RaftServerConfigKeys (ConfUtils.java:logGet(44)) - raft.server.storage.free-space.min = 0MB (=0) (default)
2022-01-08 13:17:58,970 [pool-210-thread-1] INFO  storage.RaftStorageDirectory (RaftStorageDirectoryImpl.java:tryLock(230)) - Lock on /home/runner/work/ozone/ozone/hadoop-ozone/integration-test/target/test-dir/MiniOzoneClusterImpl-96dde82e-0bdc-4c97-ae5c-ef816938392d/scmNode-1/scm-ha/96dde82e-0bdc-4c97-ae5c-ef816938392d/in_use.lock acquired by nodename 7755@fv-az195-8
2022-01-08 13:17:58,970 [pool-210-thread-1] INFO  storage.RaftStorage (RaftStorageImpl.java:analyzeAndRecoverStorage(110)) - Read RaftStorageMetadata{term=1, votedFor=222ceec3-fd71-41f2-aa08-53f50be8376f} from /home/runner/work/ozone/ozone/hadoop-ozone/integration-test/target/test-dir/MiniOzoneClusterImpl-96dde82e-0bdc-4c97-ae5c-ef816938392d/scmNode-1/scm-ha/96dde82e-0bdc-4c97-ae5c-ef816938392d/current/raft-meta
2022-01-08 13:17:58,971 [pool-210-thread-1] INFO  server.RaftServer$Division (ServerState.java:setRaftConf(387)) - 222ceec3-fd71-41f2-aa08-53f50be8376f@group-EF816938392D: set configuration 0: [222ceec3-fd71-41f2-aa08-53f50be8376f|rpc:localhost:12080|admin:|client:|dataStream:|priority:0], old=null
2022-01-08 13:17:58,971 [pool-210-thread-1] INFO  server.RaftServerConfigKeys (ConfUtils.java:logGet(44)) - raft.server.notification.no-leader.timeout = 60s (default)
2022-01-08 13:17:58,971 [pool-210-thread-1] INFO  server.RaftServerConfigKeys (ConfUtils.java:logGet(44)) - raft.server.log.use.memory = false (default)
2022-01-08 13:17:58,971 [pool-210-thread-1] INFO  server.RaftServerConfigKeys (ConfUtils.java:logGet(44)) - raft.server.log.purge.gap = 5 (custom)
2022-01-08 13:17:58,971 [pool-210-thread-1] INFO  server.RaftServerConfigKeys (ConfUtils.java:logGet(44)) - raft.server.log.appender.buffer.byte-limit = 33554432 (custom)
2022-01-08 13:17:58,971 [pool-210-thread-1] INFO  server.RaftServerConfigKeys (ConfUtils.java:logGet(44)) - raft.server.log.segment.size.max = 4194304 (custom)
2022-01-08 13:17:58,972 [pool-210-thread-1] INFO  server.RaftServerConfigKeys (ConfUtils.java:logGet(44)) - raft.server.log.segment.cache.num.max = 2 (custom)
2022-01-08 13:17:58,972 [pool-210-thread-1] INFO  server.RaftServerConfigKeys (ConfUtils.java:logGet(44)) - raft.server.log.segment.cache.size.max = 200MB (=209715200) (default)
2022-01-08 13:17:58,972 [pool-210-thread-1] INFO  segmented.SegmentedRaftLogWorker (SegmentedRaftLogWorker.java:<init>(182)) - new 222ceec3-fd71-41f2-aa08-53f50be8376f@group-EF816938392D-SegmentedRaftLogWorker for RaftStorageImpl:Storage Directory /home/runner/work/ozone/ozone/hadoop-ozone/integration-test/target/test-dir/MiniOzoneClusterImpl-96dde82e-0bdc-4c97-ae5c-ef816938392d/scmNode-1/scm-ha/96dde82e-0bdc-4c97-ae5c-ef816938392d
2022-01-08 13:17:58,972 [pool-210-thread-1] INFO  server.RaftServerConfigKeys (ConfUtils.java:logGet(44)) - raft.server.log.queue.byte-limit = 64MB (=67108864) (default)
2022-01-08 13:17:58,972 [pool-210-thread-1] INFO  server.RaftServerConfigKeys (ConfUtils.java:logGet(44)) - raft.server.log.queue.element-limit = 4096 (default)
2022-01-08 13:17:58,972 [pool-210-thread-1] INFO  server.RaftServerConfigKeys (ConfUtils.java:logGet(44)) - raft.server.log.segment.size.max = 4194304 (custom)
2022-01-08 13:17:58,972 [pool-210-thread-1] INFO  server.RaftServerConfigKeys (ConfUtils.java:logGet(44)) - raft.server.log.preallocated.size = 4194304 (custom)
2022-01-08 13:17:58,972 [pool-210-thread-1] INFO  server.RaftServerConfigKeys (ConfUtils.java:logGet(44)) - raft.server.log.force.sync.num = 128 (default)
2022-01-08 13:17:58,972 [pool-210-thread-1] INFO  server.RaftServerConfigKeys (ConfUtils.java:logGet(44)) - raft.server.log.statemachine.data.sync = true (default)
2022-01-08 13:17:58,972 [pool-210-thread-1] INFO  server.RaftServerConfigKeys (ConfUtils.java:logGet(44)) - raft.server.log.statemachine.data.sync.timeout = 10s (default)
2022-01-08 13:17:58,972 [pool-210-thread-1] INFO  server.RaftServerConfigKeys (ConfUtils.java:logGet(44)) - raft.server.log.statemachine.data.sync.timeout.retry = -1 (default)
2022-01-08 13:17:58,973 [pool-210-thread-1] INFO  server.RaftServerConfigKeys (ConfUtils.java:logGet(44)) - raft.server.log.write.buffer.size = 64KB (=65536) (default)
2022-01-08 13:17:58,973 [pool-210-thread-1] INFO  server.RaftServerConfigKeys (ConfUtils.java:logGet(44)) - raft.server.log.statemachine.data.caching.enabled = false (default)
2022-01-08 13:17:58,974 [pool-210-thread-1] INFO  server.RaftServer$Division (ServerState.java:setRaftConf(387)) - 222ceec3-fd71-41f2-aa08-53f50be8376f@group-EF816938392D: set configuration 0: [222ceec3-fd71-41f2-aa08-53f50be8376f|rpc:localhost:12080|admin:|client:|dataStream:|priority:0], old=null
2022-01-08 13:17:58,975 [pool-210-thread-1] INFO  segmented.LogSegment (LogSegment.java:loadSegment(173)) - Successfully read 1 entries from segment file /home/runner/work/ozone/ozone/hadoop-ozone/integration-test/target/test-dir/MiniOzoneClusterImpl-96dde82e-0bdc-4c97-ae5c-ef816938392d/scmNode-1/scm-ha/96dde82e-0bdc-4c97-ae5c-ef816938392d/current/log_inprogress_0
2022-01-08 13:17:58,975 [pool-210-thread-1] INFO  segmented.SegmentedRaftLogWorker (SegmentedRaftLogWorker.java:lambda$new$0(133)) - 222ceec3-fd71-41f2-aa08-53f50be8376f@group-EF816938392D-SegmentedRaftLogWorker: flushIndex: setUnconditionally 0 -> 0
2022-01-08 13:17:58,975 [pool-210-thread-1] INFO  segmented.SegmentedRaftLogWorker (SegmentedRaftLogWorker.java:lambda$new$0(133)) - 222ceec3-fd71-41f2-aa08-53f50be8376f@group-EF816938392D-SegmentedRaftLogWorker: safeCacheEvictIndex: setUnconditionally 0 -> -1
2022-01-08 13:17:58,975 [pool-210-thread-1] INFO  server.RaftServerConfigKeys (ConfUtils.java:logGet(44)) - raft.server.snapshot.auto.trigger.enabled = true (custom)
2022-01-08 13:17:58,975 [pool-210-thread-1] INFO  server.RaftServerConfigKeys (ConfUtils.java:logGet(44)) - raft.server.snapshot.auto.trigger.threshold = 5 (custom)
2022-01-08 13:17:58,975 [pool-210-thread-1] INFO  server.RaftServerConfigKeys (ConfUtils.java:logGet(44)) - raft.server.snapshot.retention.file.num = -1 (default)
2022-01-08 13:17:58,975 [pool-210-thread-1] INFO  server.RaftServerConfigKeys (ConfUtils.java:logGet(44)) - raft.server.log.purge.upto.snapshot.index = true (custom)
2022-01-08 13:17:58,975 [pool-210-thread-1] INFO  server.RaftServerConfigKeys (ConfUtils.java:logGet(44)) - raft.server.retrycache.expirytime = 60000ms (default)
2022-01-08 13:17:58,975 [pool-210-thread-1] INFO  server.RaftServerConfigKeys (ConfUtils.java:logGet(44)) - raft.server.retrycache.statistics.expirytime = 100μs (default)
2022-01-08 13:17:58,976 [Listener at 127.0.0.1/11352] INFO  ha.SCMSnapshotProvider (SCMSnapshotProvider.java:<init>(66)) - Initializing SCM Snapshot Provider
2022-01-08 13:17:58,976 [Listener at 127.0.0.1/11352] WARN  server.ServerUtils (ServerUtils.java:getDefaultRatisDirectory(237)) - Storage directory for Ratis is not configured. It is a good idea to map this to an SSD disk. Falling back to ozone.metadata.dirs
2022-01-08 13:17:58,977 [Listener at 127.0.0.1/11352] WARN  ha.SCMHAUtils (SCMHAUtils.java:getSCMRatisSnapshotDirectory(146)) - SCM snapshot dir is not configured. Falling back to ozone.metadata.dirs config
2022-01-08 13:17:58,978 [Listener at 127.0.0.1/11352] INFO  ha.SequenceIdGenerator (SequenceIdGenerator.java:upgradeToSequenceId(347)) - upgrade localId to 109611004723200000
2022-01-08 13:17:58,978 [Listener at 127.0.0.1/11352] INFO  ha.SequenceIdGenerator (SequenceIdGenerator.java:upgradeToSequenceId(357)) - upgrade delTxnId to 0
2022-01-08 13:17:58,978 [Listener at 127.0.0.1/11352] INFO  ha.SequenceIdGenerator (SequenceIdGenerator.java:upgradeToSequenceId(371)) - upgrade containerId to 0
2022-01-08 13:17:58,978 [Listener at 127.0.0.1/11352] INFO  ha.SequenceIdGenerator (SequenceIdGenerator.java:<init>(218)) - Init the HA SequenceIdGenerator.
2022-01-08 13:17:58,983 [Listener at 127.0.0.1/11352] INFO  node.SCMNodeManager (SCMNodeManager.java:<init>(144)) - Entering startup safe mode.
2022-01-08 13:17:58,983 [Listener at 127.0.0.1/11352] INFO  algorithms.ContainerPlacementPolicyFactory (ContainerPlacementPolicyFactory.java:getPolicy(60)) - Create container placement policy of type org.apache.hadoop.hdds.scm.container.placement.algorithms.SCMContainerPlacementRandom
2022-01-08 13:17:58,983 [Listener at 127.0.0.1/11352] INFO  pipeline.PipelineStateManagerImpl (PipelineStateManagerImpl.java:initialize(78)) - No pipeline exists in current db
2022-01-08 13:17:58,983 [Listener at 127.0.0.1/11352] INFO  algorithms.LeaderChoosePolicyFactory (LeaderChoosePolicyFactory.java:getPolicy(57)) - Create leader choose policy of type org.apache.hadoop.hdds.scm.pipeline.leader.choose.algorithms.MinLeaderCountChoosePolicy
2022-01-08 13:17:58,984 [Listener at 127.0.0.1/11352] INFO  ha.SCMServiceManager (SCMServiceManager.java:register(43)) - Registering service BackgroundPipelineCreator.
2022-01-08 13:17:58,984 [Listener at 127.0.0.1/11352] INFO  pipeline.BackgroundPipelineCreator (BackgroundPipelineCreator.java:start(130)) - Starting RatisPipelineUtilsThread.
2022-01-08 13:17:58,987 [Listener at 127.0.0.1/11352] INFO  algorithms.PipelineChoosePolicyFactory (PipelineChoosePolicyFactory.java:createPipelineChoosePolicyFromClass(73)) - Create pipeline choose policy of type org.apache.hadoop.hdds.scm.pipeline.choose.algorithms.RandomPipelineChoosePolicy
2022-01-08 13:17:58,991 [Listener at 127.0.0.1/11352] INFO  ha.SCMServiceManager (SCMServiceManager.java:register(43)) - Registering service SCMBlockDeletingService.
2022-01-08 13:17:58,991 [Listener at 127.0.0.1/11352] INFO  ha.SCMServiceManager (SCMServiceManager.java:register(43)) - Registering service ReplicationManager.
2022-01-08 13:17:58,992 [Listener at 127.0.0.1/11352] INFO  container.ReplicationManager (ReplicationManager.java:start(319)) - Starting Replication Monitor Thread.
2022-01-08 13:17:59,000 [ReplicationMonitor] INFO  container.ReplicationManager (ReplicationManager.java:processAll(371)) - Replication Monitor Thread took 0 milliseconds for processing 0 containers.
2022-01-08 13:17:59,001 [Listener at 127.0.0.1/11352] INFO  safemode.ContainerSafeModeRule (ContainerSafeModeRule.java:<init>(89)) - containers with one replica threshold count 0
2022-01-08 13:17:59,001 [Listener at 127.0.0.1/11352] INFO  safemode.HealthyPipelineSafeModeRule (HealthyPipelineSafeModeRule.java:initializeRule(156)) - Total pipeline count is 0, healthy pipeline threshold count is 1
2022-01-08 13:17:59,002 [Listener at 127.0.0.1/11352] INFO  safemode.OneReplicaPipelineSafeModeRule (OneReplicaPipelineSafeModeRule.java:initializeRule(180)) - Total pipeline count is 0, pipeline's with at least one datanode reported threshold count is 0
2022-01-08 13:17:59,007 [Listener at 127.0.0.1/11352] INFO  ipc.CallQueueManager (CallQueueManager.java:<init>(90)) - Using callQueue: class java.util.concurrent.LinkedBlockingQueue, queueCapacity: 10000, scheduler: class org.apache.hadoop.ipc.DefaultRpcScheduler, ipcBackoff: false.
2022-01-08 13:17:59,010 [Socket Reader #1 for port 12081] INFO  ipc.Server (Server.java:run(1265)) - Starting Socket Reader #1 for port 12081
2022-01-08 13:17:59,019 [Listener at 0.0.0.0/12081] INFO  ipc.CallQueueManager (CallQueueManager.java:<init>(90)) - Using callQueue: class java.util.concurrent.LinkedBlockingQueue, queueCapacity: 10000, scheduler: class org.apache.hadoop.ipc.DefaultRpcScheduler, ipcBackoff: false.
2022-01-08 13:17:59,031 [Socket Reader #1 for port 12082] INFO  ipc.Server (Server.java:run(1265)) - Starting Socket Reader #1 for port 12082
2022-01-08 13:17:59,036 [Listener at 0.0.0.0/12082] INFO  ipc.CallQueueManager (CallQueueManager.java:<init>(90)) - Using callQueue: class java.util.concurrent.LinkedBlockingQueue, queueCapacity: 10000, scheduler: class org.apache.hadoop.ipc.DefaultRpcScheduler, ipcBackoff: false.
2022-01-08 13:17:59,043 [Socket Reader #1 for port 12083] INFO  ipc.Server (Server.java:run(1265)) - Starting Socket Reader #1 for port 12083
2022-01-08 13:17:59,087 [Listener at 0.0.0.0/12083] INFO  algorithms.ContainerPlacementPolicyFactory (ContainerPlacementPolicyFactory.java:getPolicy(60)) - Create container placement policy of type org.apache.hadoop.hdds.scm.container.placement.algorithms.SCMContainerPlacementRandom
2022-01-08 13:17:59,088 [Listener at 0.0.0.0/12083] INFO  server.StorageContainerManager (StorageContainerManager.java:<init>(388)) - 
Container Balancer status:
Key                            Value
Running                        false
Container Balancer Configuration values:
Key                                                Value
Threshold                                          0.1
Max Datanodes to Involve per Iteration(ratio)      0.2
Max Size to Move per Iteration                     30GB
Max Size Entering Target per Iteration             26GB
Max Size Leaving Source per Iteration              26GB

2022-01-08 13:17:59,088 [Listener at 0.0.0.0/12083] WARN  events.EventQueue (EventQueue.java:fireEvent(194)) - No event handler registered for event TypedEvent{payloadType=SafeModeStatus, name='Safe mode status'}
2022-01-08 13:17:59,088 [Listener at 0.0.0.0/12083] INFO  ha.SCMContext (SCMContext.java:updateSafeModeStatus(211)) - Update SafeModeStatus from SafeModeStatus{safeModeStatus=true, preCheckPassed=false} to SafeModeStatus{safeModeStatus=true, preCheckPassed=false}.
2022-01-08 13:17:59,088 [Listener at 0.0.0.0/12083] INFO  server.StorageContainerManager (StorageContainerManager.java:start(1303)) - StorageContainerLocationProtocol RPC server is listening at /0.0.0.0:12083
2022-01-08 13:17:59,089 [Listener at 0.0.0.0/12083] INFO  ha.SCMRatisServerImpl (SCMRatisServerImpl.java:start(177)) - starting ratis server 0.0.0.0:12080
2022-01-08 13:17:59,089 [Listener at 0.0.0.0/12083] INFO  server.RaftServer$Division (RaftServerImpl.java:start(301)) - 222ceec3-fd71-41f2-aa08-53f50be8376f@group-EF816938392D: start as a follower, conf=0: [222ceec3-fd71-41f2-aa08-53f50be8376f|rpc:localhost:12080|admin:|client:|dataStream:|priority:0], old=null
2022-01-08 13:17:59,089 [Listener at 0.0.0.0/12083] INFO  server.RaftServer$Division (RaftServerImpl.java:setRole(290)) - 222ceec3-fd71-41f2-aa08-53f50be8376f@group-EF816938392D: changes role from      null to FOLLOWER at term 1 for startAsFollower
2022-01-08 13:17:59,089 [Listener at 0.0.0.0/12083] INFO  impl.RoleInfo (RoleInfo.java:updateAndGet(130)) - 222ceec3-fd71-41f2-aa08-53f50be8376f: start 222ceec3-fd71-41f2-aa08-53f50be8376f@group-EF816938392D-FollowerState
2022-01-08 13:17:59,099 [Listener at 0.0.0.0/12083] INFO  util.JmxRegister (JmxRegister.java:tryRegister(44)) - Successfully registered JMX Bean with object name Ratis:service=RaftServer,group=group-EF816938392D,id=222ceec3-fd71-41f2-aa08-53f50be8376f
2022-01-08 13:17:59,107 [Listener at 0.0.0.0/12083] INFO  server.RaftServer (RaftServerProxy.java:lambda$start$5(374)) - 222ceec3-fd71-41f2-aa08-53f50be8376f: start RPC server
2022-01-08 13:17:59,107 [Listener at 0.0.0.0/12083] INFO  server.GrpcService (GrpcService.java:startImpl(253)) - 222ceec3-fd71-41f2-aa08-53f50be8376f: GrpcService started, listening on 12080
2022-01-08 13:17:59,108 [Listener at 0.0.0.0/12083] INFO  ha.SCMHAManagerImpl (SCMHAManagerImpl.java:start(120)) -  scm role is FOLLOWER peers [222ceec3-fd71-41f2-aa08-53f50be8376f|rpc:localhost:12080|admin:|client:|dataStream:|priority:0]
2022-01-08 13:17:59,108 [Listener at 0.0.0.0/12083] INFO  ha.InterSCMGrpcService (InterSCMGrpcProtocolService.java:start(94)) - Starting SCM Grpc Service at port 12084
2022-01-08 13:17:59,113 [Listener at 0.0.0.0/12083] WARN  impl.MetricsConfig (MetricsConfig.java:loadFirst(136)) - Cannot locate configuration: tried hadoop-metrics2-storagecontainermanager.properties,hadoop-metrics2.properties
2022-01-08 13:17:59,114 [org.apache.ratis.util.JvmPauseMonitor$$Lambda$500/2122256138@4aaa6e62] INFO  util.JvmPauseMonitor (JvmPauseMonitor.java:run(103)) - JvmPauseMonitor-222ceec3-fd71-41f2-aa08-53f50be8376f: Started
2022-01-08 13:17:59,120 [Listener at 0.0.0.0/12083] INFO  impl.MetricsSystemImpl (MetricsSystemImpl.java:startTimer(378)) - Scheduled Metric snapshot period at 10 second(s).
2022-01-08 13:17:59,120 [Listener at 0.0.0.0/12083] INFO  impl.MetricsSystemImpl (MetricsSystemImpl.java:start(191)) - StorageContainerManager metrics system started
2022-01-08 13:17:59,156 [Listener at 0.0.0.0/12083] INFO  impl.MetricsSinkAdapter (MetricsSinkAdapter.java:start(204)) - Sink prometheus started
2022-01-08 13:17:59,167 [Listener at 0.0.0.0/12083] INFO  impl.MetricsSystemImpl (MetricsSystemImpl.java:registerSink(305)) - Registered sink prometheus
2022-01-08 13:17:59,207 [Listener at 0.0.0.0/12083] INFO  server.SCMClientProtocolServer (SCMClientProtocolServer.java:start(164)) - RPC server for Client  is listening at /0.0.0.0:12083
2022-01-08 13:17:59,215 [IPC Server Responder] INFO  ipc.Server (Server.java:run(1507)) - IPC Server Responder: starting
2022-01-08 13:17:59,215 [IPC Server listener on 12083] INFO  ipc.Server (Server.java:run(1344)) - IPC Server listener on 12083: starting
2022-01-08 13:17:59,296 [Listener at 0.0.0.0/12083] INFO  server.StorageContainerManager (StorageContainerManager.java:start(1318)) - ScmBlockLocationProtocol RPC server is listening at /0.0.0.0:12082
2022-01-08 13:17:59,296 [Listener at 0.0.0.0/12083] INFO  server.SCMBlockProtocolServer (SCMBlockProtocolServer.java:start(151)) - RPC server for Block Protocol is listening at /0.0.0.0:12082
2022-01-08 13:17:59,297 [IPC Server Responder] INFO  ipc.Server (Server.java:run(1507)) - IPC Server Responder: starting
2022-01-08 13:17:59,297 [IPC Server listener on 12082] INFO  ipc.Server (Server.java:run(1344)) - IPC Server listener on 12082: starting
2022-01-08 13:17:59,311 [org.apache.hadoop.util.JvmPauseMonitor$Monitor@202684ba] INFO  util.JvmPauseMonitor (JvmPauseMonitor.java:run(188)) - Starting JVM pause monitor
2022-01-08 13:17:59,311 [Listener at 0.0.0.0/12083] INFO  http.BaseHttpServer (BaseHttpServer.java:newHttpServer2BuilderForOzone(209)) - Starting Web-server for scm at: http://0.0.0.0:12078
2022-01-08 13:17:59,311 [Listener at 0.0.0.0/12083] INFO  http.BaseHttpServer (BaseHttpServer.java:<init>(107)) - Hadoop Security Enabled: false Ozone Security Enabled: false Ozone HTTP Security Enabled: false 
2022-01-08 13:17:59,313 [Listener at 0.0.0.0/12083] INFO  server.AuthenticationFilter (AuthenticationFilter.java:constructSecretProvider(240)) - Unable to initialize FileSignerSecretProvider, falling back to use random secrets.
2022-01-08 13:17:59,323 [Listener at 0.0.0.0/12083] WARN  http.HttpRequestLog (HttpRequestLog.java:getRequestLog(103)) - Jetty request log can only be enabled using Log4j
2022-01-08 13:17:59,324 [Listener at 0.0.0.0/12083] INFO  http.HttpServer2 (HttpServer2.java:addGlobalFilter(1030)) - Added global filter 'safety' (class=org.apache.hadoop.hdds.server.http.HttpServer2$QuotingInputFilter)
2022-01-08 13:17:59,325 [Listener at 0.0.0.0/12083] INFO  http.HttpServer2 (HttpServer2.java:addFilter(1006)) - Added filter static_user_filter (class=org.apache.hadoop.http.lib.StaticUserWebFilter$StaticUserFilter) to context scm
2022-01-08 13:17:59,325 [Listener at 0.0.0.0/12083] INFO  http.HttpServer2 (HttpServer2.java:addFilter(1014)) - Added filter static_user_filter (class=org.apache.hadoop.http.lib.StaticUserWebFilter$StaticUserFilter) to context logs
2022-01-08 13:17:59,325 [Listener at 0.0.0.0/12083] INFO  http.HttpServer2 (HttpServer2.java:addFilter(1014)) - Added filter static_user_filter (class=org.apache.hadoop.http.lib.StaticUserWebFilter$StaticUserFilter) to context static
2022-01-08 13:17:59,326 [Listener at 0.0.0.0/12083] INFO  http.HttpServer2 (HttpServer2.java:bindListener(1249)) - Jetty bound to port 12078
2022-01-08 13:17:59,326 [Listener at 0.0.0.0/12083] INFO  server.Server (Server.java:doStart(375)) - jetty-9.4.43.v20210629; built: 2021-06-30T11:07:22.254Z; git: 526006ecfa3af7f1a27ef3a288e2bef7ea9dd7e8; jvm 1.8.0_292-b10
2022-01-08 13:17:59,352 [Listener at 0.0.0.0/12083] INFO  server.session (DefaultSessionIdManager.java:doStart(334)) - DefaultSessionIdManager workerName=node0
2022-01-08 13:17:59,353 [Listener at 0.0.0.0/12083] INFO  server.session (DefaultSessionIdManager.java:doStart(339)) - No SessionScavenger set, using defaults
2022-01-08 13:17:59,353 [Listener at 0.0.0.0/12083] INFO  server.session (HouseKeeper.java:startScavenging(132)) - node0 Scavenging every 600000ms
2022-01-08 13:17:59,357 [Listener at 0.0.0.0/12083] INFO  handler.ContextHandler (ContextHandler.java:doStart(915)) - Started o.e.j.s.ServletContextHandler@59de6f39{logs,/logs,file:///home/runner/work/ozone/ozone/hadoop-ozone/integration-test/target/log,AVAILABLE}
2022-01-08 13:17:59,357 [Listener at 0.0.0.0/12083] INFO  handler.ContextHandler (ContextHandler.java:doStart(915)) - Started o.e.j.s.ServletContextHandler@66bd32b1{static,/static,file:///home/runner/work/ozone/ozone/hadoop-ozone/integration-test/target/test-classes/webapps/static,AVAILABLE}
2022-01-08 13:17:59,361 [Listener at 0.0.0.0/12083] INFO  handler.ContextHandler (ContextHandler.java:doStart(915)) - Started o.e.j.w.WebAppContext@c2b2b92{scm,/,file:///home/runner/work/ozone/ozone/hadoop-ozone/integration-test/target/test-classes/webapps/scm/,AVAILABLE}{file:/home/runner/work/ozone/ozone/hadoop-ozone/integration-test/target/test-classes/webapps/scm}
2022-01-08 13:17:59,363 [Listener at 0.0.0.0/12083] INFO  server.AbstractConnector (AbstractConnector.java:doStart(331)) - Started ServerConnector@42bc7ca2{HTTP/1.1, (http/1.1)}{0.0.0.0:12078}
2022-01-08 13:17:59,363 [Listener at 0.0.0.0/12083] INFO  server.Server (Server.java:doStart(415)) - Started @84759ms
2022-01-08 13:17:59,363 [Listener at 0.0.0.0/12083] WARN  impl.MetricsSystemImpl (MetricsSystemImpl.java:register(279)) - Sink prometheus already exists!
2022-01-08 13:17:59,364 [Listener at 0.0.0.0/12083] INFO  http.BaseHttpServer (BaseHttpServer.java:updateConnectorAddress(329)) - HTTP server of scm listening at http://0.0.0.0:12078
2022-01-08 13:17:59,364 [Listener at 0.0.0.0/12083] INFO  ozone.MiniOzoneHAClusterImpl (MiniOzoneHAClusterImpl.java:createSCMService(577)) - Started SCM RPC server at org.apache.hadoop.hdds.scm.server.SCMClientProtocolServer@36e73413
2022-01-08 13:17:59,364 [Listener at 0.0.0.0/12083] INFO  ha.SCMHANodeDetails (SCMHANodeDetails.java:loadSCMHAConfig(157)) - ServiceID for StorageContainerManager is scm-service-test1
2022-01-08 13:17:59,365 [Listener at 0.0.0.0/12083] INFO  ha.SCMHANodeDetails (SCMHANodeDetails.java:loadSCMHAConfig(168)) - ServiceID for StorageContainerManager is scm-service-test1
2022-01-08 13:17:59,365 [Listener at 0.0.0.0/12083] WARN  scm.ScmUtils (ScmUtils.java:logWarn(179)) - ConfigKey ozone.scm.block.client.address is deprecated, For configuring different ports for each SCM use PortConfigKey ozone.scm.block.client.port appended with serviceId and nodeId. If want to configure same port configure ozone.scm.block.client.port
2022-01-08 13:17:59,365 [Listener at 0.0.0.0/12083] WARN  scm.ScmUtils (ScmUtils.java:logWarn(179)) - ConfigKey ozone.scm.client.address is deprecated, For configuring different ports for each SCM use PortConfigKey ozone.scm.client.port appended with serviceId and nodeId. If want to configure same port configure ozone.scm.client.port
2022-01-08 13:17:59,365 [Listener at 0.0.0.0/12083] WARN  scm.ScmUtils (ScmUtils.java:logWarn(179)) - ConfigKey ozone.scm.datanode.address is deprecated, For configuring different ports for each SCM use PortConfigKey ozone.scm.datanode.port appended with serviceId and nodeId. If want to configure same port configure ozone.scm.datanode.port
2022-01-08 13:17:59,365 [Listener at 0.0.0.0/12083] WARN  scm.ScmUtils (ScmUtils.java:logWarn(179)) - ConfigKey ozone.scm.block.client.address is deprecated, For configuring different ports for each SCM use PortConfigKey ozone.scm.block.client.port appended with serviceId and nodeId. If want to configure same port configure ozone.scm.block.client.port
2022-01-08 13:17:59,366 [Listener at 0.0.0.0/12083] WARN  scm.ScmUtils (ScmUtils.java:logWarn(179)) - ConfigKey ozone.scm.client.address is deprecated, For configuring different ports for each SCM use PortConfigKey ozone.scm.client.port appended with serviceId and nodeId. If want to configure same port configure ozone.scm.client.port
2022-01-08 13:17:59,366 [Listener at 0.0.0.0/12083] WARN  scm.ScmUtils (ScmUtils.java:logWarn(179)) - ConfigKey ozone.scm.datanode.address is deprecated, For configuring different ports for each SCM use PortConfigKey ozone.scm.datanode.port appended with serviceId and nodeId. If want to configure same port configure ozone.scm.datanode.port
2022-01-08 13:17:59,366 [Listener at 0.0.0.0/12083] INFO  ha.SCMHANodeDetails (SCMHANodeDetails.java:loadSCMHAConfig(250)) - Found matching SCM address with SCMServiceId: scm-service-test1, SCMNodeId: scmNode-2, RPC Address: localhost:12090 and Ratis port: 12090
2022-01-08 13:17:59,366 [Listener at 0.0.0.0/12083] INFO  ha.SCMHANodeDetails (ConfUtils.java:setNodeSpecificConfigs(108)) - Setting configuration key ozone.scm.datanode.address with value of key ozone.scm.datanode.address.scm-service-test1.scmNode-2: 127.0.0.1:12091
2022-01-08 13:17:59,366 [Listener at 0.0.0.0/12083] INFO  ha.SCMHANodeDetails (ConfUtils.java:setNodeSpecificConfigs(108)) - Setting configuration key ozone.scm.block.client.address with value of key ozone.scm.block.client.address.scm-service-test1.scmNode-2: 127.0.0.1:12092
2022-01-08 13:17:59,366 [Listener at 0.0.0.0/12083] INFO  ha.SCMHANodeDetails (ConfUtils.java:setNodeSpecificConfigs(108)) - Setting configuration key ozone.scm.client.address with value of key ozone.scm.client.address.scm-service-test1.scmNode-2: 127.0.0.1:12093
2022-01-08 13:17:59,366 [Listener at 0.0.0.0/12083] INFO  ha.SCMHANodeDetails (ConfUtils.java:setNodeSpecificConfigs(108)) - Setting configuration key ozone.scm.ratis.port with value of key ozone.scm.ratis.port.scm-service-test1.scmNode-2: 12090
2022-01-08 13:17:59,366 [Listener at 0.0.0.0/12083] INFO  ha.SCMHANodeDetails (ConfUtils.java:setNodeSpecificConfigs(108)) - Setting configuration key ozone.scm.grpc.port with value of key ozone.scm.grpc.port.scm-service-test1.scmNode-2: 12094
2022-01-08 13:17:59,373 [Listener at 0.0.0.0/12083] INFO  ha.SCMHANodeDetails (ConfUtils.java:setNodeSpecificConfigs(108)) - Setting configuration key ozone.scm.http-address with value of key ozone.scm.http-address.scm-service-test1.scmNode-2: 127.0.0.1:12088
2022-01-08 13:17:59,373 [Listener at 0.0.0.0/12083] INFO  ha.SCMHANodeDetails (ConfUtils.java:setNodeSpecificConfigs(108)) - Setting configuration key ozone.scm.https-address with value of key ozone.scm.https-address.scm-service-test1.scmNode-2: 127.0.0.1:12089
2022-01-08 13:17:59,373 [Listener at 0.0.0.0/12083] INFO  ha.SCMHANodeDetails (ConfUtils.java:setNodeSpecificConfigs(108)) - Setting configuration key ozone.scm.address with value of key ozone.scm.address.scm-service-test1.scmNode-2: 127.0.0.1
2022-01-08 13:17:59,373 [Listener at 0.0.0.0/12083] WARN  scm.ScmUtils (ScmUtils.java:logWarn(179)) - ConfigKey ozone.scm.block.client.address is deprecated, For configuring different ports for each SCM use PortConfigKey ozone.scm.block.client.port appended with serviceId and nodeId. If want to configure same port configure ozone.scm.block.client.port
2022-01-08 13:17:59,373 [Listener at 0.0.0.0/12083] WARN  scm.ScmUtils (ScmUtils.java:logWarn(179)) - ConfigKey ozone.scm.client.address is deprecated, For configuring different ports for each SCM use PortConfigKey ozone.scm.client.port appended with serviceId and nodeId. If want to configure same port configure ozone.scm.client.port
2022-01-08 13:17:59,373 [Listener at 0.0.0.0/12083] WARN  scm.ScmUtils (ScmUtils.java:logWarn(179)) - ConfigKey ozone.scm.datanode.address is deprecated, For configuring different ports for each SCM use PortConfigKey ozone.scm.datanode.port appended with serviceId and nodeId. If want to configure same port configure ozone.scm.datanode.port
2022-01-08 13:17:59,374 [Listener at 0.0.0.0/12083] WARN  server.ServerUtils (ServerUtils.java:getScmDbDir(148)) - ozone.scm.db.dirs is not configured. We recommend adding this setting. Falling back to ozone.metadata.dirs instead.
2022-01-08 13:17:59,375 [Listener at 0.0.0.0/12083] INFO  ha.SCMNodeInfo (SCMNodeInfo.java:getPort(197)) - ConfigKey ozone.scm.client.address is deprecated, For configuring different ports for each SCM use PortConfigKey ozone.scm.client.port appended with serviceId and nodeId
2022-01-08 13:17:59,375 [Listener at 0.0.0.0/12083] INFO  ha.SCMNodeInfo (SCMNodeInfo.java:getPort(197)) - ConfigKey ozone.scm.block.client.address is deprecated, For configuring different ports for each SCM use PortConfigKey ozone.scm.block.client.port appended with serviceId and nodeId
2022-01-08 13:17:59,375 [Listener at 0.0.0.0/12083] INFO  ha.SCMNodeInfo (SCMNodeInfo.java:getPort(197)) - ConfigKey ozone.scm.datanode.address is deprecated, For configuring different ports for each SCM use PortConfigKey ozone.scm.datanode.port appended with serviceId and nodeId
2022-01-08 13:17:59,376 [Listener at 0.0.0.0/12083] INFO  ha.SCMNodeInfo (SCMNodeInfo.java:getPort(197)) - ConfigKey ozone.scm.client.address is deprecated, For configuring different ports for each SCM use PortConfigKey ozone.scm.client.port appended with serviceId and nodeId
2022-01-08 13:17:59,376 [Listener at 0.0.0.0/12083] INFO  ha.SCMNodeInfo (SCMNodeInfo.java:getPort(197)) - ConfigKey ozone.scm.block.client.address is deprecated, For configuring different ports for each SCM use PortConfigKey ozone.scm.block.client.port appended with serviceId and nodeId
2022-01-08 13:17:59,376 [Listener at 0.0.0.0/12083] INFO  ha.SCMNodeInfo (SCMNodeInfo.java:getPort(197)) - ConfigKey ozone.scm.datanode.address is deprecated, For configuring different ports for each SCM use PortConfigKey ozone.scm.datanode.port appended with serviceId and nodeId
2022-01-08 13:17:59,383 [Listener at 0.0.0.0/12083] INFO  ha.SCMNodeInfo (SCMNodeInfo.java:getPort(197)) - ConfigKey ozone.scm.client.address is deprecated, For configuring different ports for each SCM use PortConfigKey ozone.scm.client.port appended with serviceId and nodeId
2022-01-08 13:17:59,383 [Listener at 0.0.0.0/12083] INFO  ha.SCMNodeInfo (SCMNodeInfo.java:getPort(197)) - ConfigKey ozone.scm.block.client.address is deprecated, For configuring different ports for each SCM use PortConfigKey ozone.scm.block.client.port appended with serviceId and nodeId
2022-01-08 13:17:59,383 [Listener at 0.0.0.0/12083] INFO  ha.SCMNodeInfo (SCMNodeInfo.java:getPort(197)) - ConfigKey ozone.scm.datanode.address is deprecated, For configuring different ports for each SCM use PortConfigKey ozone.scm.datanode.port appended with serviceId and nodeId
2022-01-08 13:17:59,547 [EndpointStateMachine task thread for /127.0.0.1:15217 - 0 ] INFO  ipc.Client (Client.java:handleConnectionFailure(977)) - Retrying connect to server: localhost/127.0.0.1:15217. Already tried 13 time(s); retry policy is RetryUpToMaximumCountWithFixedSleep(maxRetries=15, sleepTime=1000 MILLISECONDS)
2022-01-08 13:17:59,548 [EndpointStateMachine task thread for /127.0.0.1:15227 - 0 ] INFO  ipc.Client (Client.java:handleConnectionFailure(977)) - Retrying connect to server: localhost/127.0.0.1:15227. Already tried 10 time(s); retry policy is RetryUpToMaximumCountWithFixedSleep(maxRetries=15, sleepTime=1000 MILLISECONDS)
2022-01-08 13:17:59,551 [EndpointStateMachine task thread for /127.0.0.1:15237 - 0 ] INFO  ipc.Client (Client.java:handleConnectionFailure(977)) - Retrying connect to server: localhost/127.0.0.1:15237. Already tried 10 time(s); retry policy is RetryUpToMaximumCountWithFixedSleep(maxRetries=15, sleepTime=1000 MILLISECONDS)
2022-01-08 13:18:00,548 [EndpointStateMachine task thread for /127.0.0.1:15217 - 0 ] INFO  ipc.Client (Client.java:handleConnectionFailure(977)) - Retrying connect to server: localhost/127.0.0.1:15217. Already tried 14 time(s); retry policy is RetryUpToMaximumCountWithFixedSleep(maxRetries=15, sleepTime=1000 MILLISECONDS)
2022-01-08 13:18:00,548 [EndpointStateMachine task thread for /127.0.0.1:15227 - 0 ] INFO  ipc.Client (Client.java:handleConnectionFailure(977)) - Retrying connect to server: localhost/127.0.0.1:15227. Already tried 11 time(s); retry policy is RetryUpToMaximumCountWithFixedSleep(maxRetries=15, sleepTime=1000 MILLISECONDS)
2022-01-08 13:18:00,551 [EndpointStateMachine task thread for /127.0.0.1:15237 - 0 ] INFO  ipc.Client (Client.java:handleConnectionFailure(977)) - Retrying connect to server: localhost/127.0.0.1:15237. Already tried 11 time(s); retry policy is RetryUpToMaximumCountWithFixedSleep(maxRetries=15, sleepTime=1000 MILLISECONDS)
2022-01-08 13:18:01,419 [Listener at 0.0.0.0/12083] INFO  retry.RetryInvocationHandler (RetryInvocationHandler.java:log(411)) - com.google.protobuf.ServiceException: java.net.ConnectException: Call From fv-az195-8/10.1.0.5 to localhost:12092 failed on connection exception: java.net.ConnectException: Connection refused; For more details see:  http://wiki.apache.org/hadoop/ConnectionRefused, while invoking $Proxy39.send over nodeId=scmNode-2,nodeAddress=/127.0.0.1:12092 after 1 failover attempts. Trying to failover after sleeping for 2000ms.
2022-01-08 13:18:01,549 [EndpointStateMachine task thread for /127.0.0.1:15227 - 0 ] INFO  ipc.Client (Client.java:handleConnectionFailure(977)) - Retrying connect to server: localhost/127.0.0.1:15227. Already tried 12 time(s); retry policy is RetryUpToMaximumCountWithFixedSleep(maxRetries=15, sleepTime=1000 MILLISECONDS)
2022-01-08 13:18:01,551 [EndpointStateMachine task thread for /127.0.0.1:15217 - 0 ] INFO  ipc.Client (Client.java:handleConnectionFailure(977)) - Retrying connect to server: localhost/127.0.0.1:15217. Already tried 0 time(s); retry policy is RetryUpToMaximumCountWithFixedSleep(maxRetries=15, sleepTime=1000 MILLISECONDS)
2022-01-08 13:18:01,552 [EndpointStateMachine task thread for /127.0.0.1:15237 - 0 ] INFO  ipc.Client (Client.java:handleConnectionFailure(977)) - Retrying connect to server: localhost/127.0.0.1:15237. Already tried 12 time(s); retry policy is RetryUpToMaximumCountWithFixedSleep(maxRetries=15, sleepTime=1000 MILLISECONDS)
2022-01-08 13:18:02,549 [EndpointStateMachine task thread for /127.0.0.1:15227 - 0 ] INFO  ipc.Client (Client.java:handleConnectionFailure(977)) - Retrying connect to server: localhost/127.0.0.1:15227. Already tried 13 time(s); retry policy is RetryUpToMaximumCountWithFixedSleep(maxRetries=15, sleepTime=1000 MILLISECONDS)
2022-01-08 13:18:02,551 [EndpointStateMachine task thread for /127.0.0.1:15217 - 0 ] INFO  ipc.Client (Client.java:handleConnectionFailure(977)) - Retrying connect to server: localhost/127.0.0.1:15217. Already tried 1 time(s); retry policy is RetryUpToMaximumCountWithFixedSleep(maxRetries=15, sleepTime=1000 MILLISECONDS)
2022-01-08 13:18:02,552 [EndpointStateMachine task thread for /127.0.0.1:15237 - 0 ] INFO  ipc.Client (Client.java:handleConnectionFailure(977)) - Retrying connect to server: localhost/127.0.0.1:15237. Already tried 13 time(s); retry policy is RetryUpToMaximumCountWithFixedSleep(maxRetries=15, sleepTime=1000 MILLISECONDS)
2022-01-08 13:18:03,421 [Listener at 0.0.0.0/12083] INFO  retry.RetryInvocationHandler (RetryInvocationHandler.java:log(411)) - com.google.protobuf.ServiceException: java.net.ConnectException: Call From fv-az195-8/10.1.0.5 to localhost:12102 failed on connection exception: java.net.ConnectException: Connection refused; For more details see:  http://wiki.apache.org/hadoop/ConnectionRefused, while invoking $Proxy39.send over nodeId=scmNode-3,nodeAddress=/127.0.0.1:12102 after 2 failover attempts. Trying to failover after sleeping for 2000ms.
2022-01-08 13:18:03,550 [EndpointStateMachine task thread for /127.0.0.1:15227 - 0 ] INFO  ipc.Client (Client.java:handleConnectionFailure(977)) - Retrying connect to server: localhost/127.0.0.1:15227. Already tried 14 time(s); retry policy is RetryUpToMaximumCountWithFixedSleep(maxRetries=15, sleepTime=1000 MILLISECONDS)
2022-01-08 13:18:03,553 [EndpointStateMachine task thread for /127.0.0.1:15217 - 0 ] INFO  ipc.Client (Client.java:handleConnectionFailure(977)) - Retrying connect to server: localhost/127.0.0.1:15217. Already tried 2 time(s); retry policy is RetryUpToMaximumCountWithFixedSleep(maxRetries=15, sleepTime=1000 MILLISECONDS)
2022-01-08 13:18:03,554 [EndpointStateMachine task thread for /127.0.0.1:15237 - 0 ] INFO  ipc.Client (Client.java:handleConnectionFailure(977)) - Retrying connect to server: localhost/127.0.0.1:15237. Already tried 14 time(s); retry policy is RetryUpToMaximumCountWithFixedSleep(maxRetries=15, sleepTime=1000 MILLISECONDS)
2022-01-08 13:18:04,253 [222ceec3-fd71-41f2-aa08-53f50be8376f@group-EF816938392D-FollowerState] INFO  impl.FollowerState (FollowerState.java:run(134)) - 222ceec3-fd71-41f2-aa08-53f50be8376f@group-EF816938392D-FollowerState: change to CANDIDATE, lastRpcElapsedTime:5163786938ns, electionTimeout:5154ms
2022-01-08 13:18:04,253 [222ceec3-fd71-41f2-aa08-53f50be8376f@group-EF816938392D-FollowerState] INFO  impl.RoleInfo (RoleInfo.java:shutdownFollowerState(108)) - 222ceec3-fd71-41f2-aa08-53f50be8376f: shutdown 222ceec3-fd71-41f2-aa08-53f50be8376f@group-EF816938392D-FollowerState
2022-01-08 13:18:04,253 [222ceec3-fd71-41f2-aa08-53f50be8376f@group-EF816938392D-FollowerState] INFO  server.RaftServer$Division (RaftServerImpl.java:setRole(290)) - 222ceec3-fd71-41f2-aa08-53f50be8376f@group-EF816938392D: changes role from  FOLLOWER to CANDIDATE at term 1 for changeToCandidate
2022-01-08 13:18:04,253 [222ceec3-fd71-41f2-aa08-53f50be8376f@group-EF816938392D-FollowerState] INFO  server.RaftServerConfigKeys (ConfUtils.java:logGet(44)) - raft.server.leaderelection.pre-vote = false (custom)
2022-01-08 13:18:04,253 [222ceec3-fd71-41f2-aa08-53f50be8376f@group-EF816938392D-FollowerState] INFO  impl.RoleInfo (RoleInfo.java:updateAndGet(130)) - 222ceec3-fd71-41f2-aa08-53f50be8376f: start 222ceec3-fd71-41f2-aa08-53f50be8376f@group-EF816938392D-LeaderElection18
2022-01-08 13:18:04,280 [222ceec3-fd71-41f2-aa08-53f50be8376f@group-EF816938392D-LeaderElection18] INFO  impl.LeaderElection (LeaderElection.java:askForVotes(306)) - 222ceec3-fd71-41f2-aa08-53f50be8376f@group-EF816938392D-LeaderElection18 ELECTION round 0: submit vote requests at term 2 for 0: [222ceec3-fd71-41f2-aa08-53f50be8376f|rpc:localhost:12080|admin:|client:|dataStream:|priority:0], old=null
2022-01-08 13:18:04,280 [222ceec3-fd71-41f2-aa08-53f50be8376f@group-EF816938392D-LeaderElection18] INFO  impl.LeaderElection (LeaderElection.java:askForVotes(308)) - 222ceec3-fd71-41f2-aa08-53f50be8376f@group-EF816938392D-LeaderElection18 ELECTION round 0: result PASSED (term=2)
2022-01-08 13:18:04,280 [222ceec3-fd71-41f2-aa08-53f50be8376f@group-EF816938392D-LeaderElection18] INFO  impl.RoleInfo (RoleInfo.java:shutdownLeaderElection(121)) - 222ceec3-fd71-41f2-aa08-53f50be8376f: shutdown 222ceec3-fd71-41f2-aa08-53f50be8376f@group-EF816938392D-LeaderElection18
2022-01-08 13:18:04,280 [222ceec3-fd71-41f2-aa08-53f50be8376f@group-EF816938392D-LeaderElection18] INFO  server.RaftServer$Division (RaftServerImpl.java:setRole(290)) - 222ceec3-fd71-41f2-aa08-53f50be8376f@group-EF816938392D: changes role from CANDIDATE to LEADER at term 2 for changeToLeader
2022-01-08 13:18:04,280 [222ceec3-fd71-41f2-aa08-53f50be8376f@group-EF816938392D-LeaderElection18] INFO  ha.SCMStateMachine (SCMStateMachine.java:notifyLeaderChanged(259)) - current SCM becomes leader of term 2.
2022-01-08 13:18:04,280 [222ceec3-fd71-41f2-aa08-53f50be8376f@group-EF816938392D-LeaderElection18] INFO  ha.SCMContext (SCMContext.java:updateLeaderAndTerm(90)) - update <isLeader,term> from <false,0> to <true,2>
2022-01-08 13:18:04,280 [222ceec3-fd71-41f2-aa08-53f50be8376f@group-EF816938392D-LeaderElection18] INFO  server.RaftServer$Division (ServerState.java:setLeader(285)) - 222ceec3-fd71-41f2-aa08-53f50be8376f@group-EF816938392D: change Leader from null to 222ceec3-fd71-41f2-aa08-53f50be8376f at term 2 for becomeLeader, leader elected after 5309ms
2022-01-08 13:18:04,280 [222ceec3-fd71-41f2-aa08-53f50be8376f@group-EF816938392D-LeaderElection18] INFO  server.RaftServerConfigKeys (ConfUtils.java:logGet(44)) - raft.server.staging.catchup.gap = 1000 (default)
2022-01-08 13:18:04,281 [222ceec3-fd71-41f2-aa08-53f50be8376f@group-EF816938392D-LeaderElection18] INFO  server.RaftServerConfigKeys (ConfUtils.java:logGet(44)) - raft.server.write.element-limit = 4096 (default)
2022-01-08 13:18:04,281 [222ceec3-fd71-41f2-aa08-53f50be8376f@group-EF816938392D-LeaderElection18] INFO  server.RaftServerConfigKeys (ConfUtils.java:logGet(44)) - raft.server.write.byte-limit = 64MB (=67108864) (default)
2022-01-08 13:18:04,281 [222ceec3-fd71-41f2-aa08-53f50be8376f@group-EF816938392D-LeaderElection18] INFO  server.RaftServerConfigKeys (ConfUtils.java:logGet(44)) - raft.server.watch.timeout = 10s (default)
2022-01-08 13:18:04,281 [222ceec3-fd71-41f2-aa08-53f50be8376f@group-EF816938392D-LeaderElection18] INFO  server.RaftServerConfigKeys (ConfUtils.java:logGet(44)) - raft.server.watch.timeout.denomination = 1s (default)
2022-01-08 13:18:04,281 [222ceec3-fd71-41f2-aa08-53f50be8376f@group-EF816938392D-LeaderElection18] INFO  server.RaftServerConfigKeys (ConfUtils.java:logGet(44)) - raft.server.watch.element-limit = 65536 (default)
2022-01-08 13:18:04,281 [222ceec3-fd71-41f2-aa08-53f50be8376f@group-EF816938392D-LeaderElection18] INFO  server.RaftServerConfigKeys (ConfUtils.java:logGet(44)) - raft.server.write.element-limit = 4096 (default)
2022-01-08 13:18:04,281 [222ceec3-fd71-41f2-aa08-53f50be8376f@group-EF816938392D-LeaderElection18] INFO  server.RaftServerConfigKeys (ConfUtils.java:logGet(44)) - raft.server.write.follower.gap.ratio.max = -1.0 (default)
2022-01-08 13:18:04,281 [222ceec3-fd71-41f2-aa08-53f50be8376f@group-EF816938392D-LeaderElection18] INFO  impl.RoleInfo (RoleInfo.java:updateAndGet(130)) - 222ceec3-fd71-41f2-aa08-53f50be8376f: start 222ceec3-fd71-41f2-aa08-53f50be8376f@group-EF816938392D-LeaderStateImpl
2022-01-08 13:18:04,282 [222ceec3-fd71-41f2-aa08-53f50be8376f@group-EF816938392D-LeaderElection18] INFO  segmented.SegmentedRaftLogWorker (SegmentedRaftLogWorker.java:rollLogSegment(399)) - 222ceec3-fd71-41f2-aa08-53f50be8376f@group-EF816938392D-SegmentedRaftLogWorker: Rolling segment log-0_0 to index:0
2022-01-08 13:18:04,291 [222ceec3-fd71-41f2-aa08-53f50be8376f@group-EF816938392D-SegmentedRaftLogWorker] INFO  segmented.SegmentedRaftLogWorker (SegmentedRaftLogWorker.java:execute(558)) - 222ceec3-fd71-41f2-aa08-53f50be8376f@group-EF816938392D-SegmentedRaftLogWorker: Rolled log segment from /home/runner/work/ozone/ozone/hadoop-ozone/integration-test/target/test-dir/MiniOzoneClusterImpl-96dde82e-0bdc-4c97-ae5c-ef816938392d/scmNode-1/scm-ha/96dde82e-0bdc-4c97-ae5c-ef816938392d/current/log_inprogress_0 to /home/runner/work/ozone/ozone/hadoop-ozone/integration-test/target/test-dir/MiniOzoneClusterImpl-96dde82e-0bdc-4c97-ae5c-ef816938392d/scmNode-1/scm-ha/96dde82e-0bdc-4c97-ae5c-ef816938392d/current/log_0-0
2022-01-08 13:18:04,295 [222ceec3-fd71-41f2-aa08-53f50be8376f@group-EF816938392D-LeaderElection18] INFO  server.RaftServer$Division (ServerState.java:setRaftConf(387)) - 222ceec3-fd71-41f2-aa08-53f50be8376f@group-EF816938392D: set configuration 1: [222ceec3-fd71-41f2-aa08-53f50be8376f|rpc:localhost:12080|admin:|client:|dataStream:|priority:0], old=null
2022-01-08 13:18:04,302 [222ceec3-fd71-41f2-aa08-53f50be8376f@group-EF816938392D-SegmentedRaftLogWorker] INFO  segmented.SegmentedRaftLogWorker (SegmentedRaftLogWorker.java:execute(601)) - 222ceec3-fd71-41f2-aa08-53f50be8376f@group-EF816938392D-SegmentedRaftLogWorker: created new log segment /home/runner/work/ozone/ozone/hadoop-ozone/integration-test/target/test-dir/MiniOzoneClusterImpl-96dde82e-0bdc-4c97-ae5c-ef816938392d/scmNode-1/scm-ha/96dde82e-0bdc-4c97-ae5c-ef816938392d/current/log_inprogress_1
2022-01-08 13:18:04,304 [222ceec3-fd71-41f2-aa08-53f50be8376f@group-EF816938392D-StateMachineUpdater] INFO  ha.SCMContext (SCMContext.java:setLeaderReady(117)) - update <isLeaderReady> from <false> to <true>
2022-01-08 13:18:04,304 [222ceec3-fd71-41f2-aa08-53f50be8376f@group-EF816938392D-StateMachineUpdater] INFO  pipeline.BackgroundPipelineCreator (BackgroundPipelineCreator.java:notifyStatusChanged(264)) - Service BackgroundPipelineCreator transitions to RUNNING.
2022-01-08 13:18:04,305 [222ceec3-fd71-41f2-aa08-53f50be8376f@group-EF816938392D-StateMachineUpdater] INFO  safemode.HealthyPipelineSafeModeRule (HealthyPipelineSafeModeRule.java:initializeRule(152)) - Refreshed total pipeline count is 0, healthy pipeline threshold count is 1
2022-01-08 13:18:04,305 [222ceec3-fd71-41f2-aa08-53f50be8376f@group-EF816938392D-StateMachineUpdater] INFO  safemode.ContainerSafeModeRule (ContainerSafeModeRule.java:reInitializeRule(177)) - Refreshed one replica container threshold 0, currentThreshold 0
2022-01-08 13:18:04,305 [222ceec3-fd71-41f2-aa08-53f50be8376f@group-EF816938392D-StateMachineUpdater] INFO  safemode.OneReplicaPipelineSafeModeRule (OneReplicaPipelineSafeModeRule.java:initializeRule(176)) - Refreshed Total pipeline count is 0, pipeline's with at least one datanode reported threshold count is 0
2022-01-08 13:18:04,305 [222ceec3-fd71-41f2-aa08-53f50be8376f@group-EF816938392D-StateMachineUpdater] INFO  server.SCMDatanodeProtocolServer (SCMDatanodeProtocolServer.java:start(181)) - ScmDatanodeProtocol RPC server for DataNodes is listening at /0.0.0.0:12081
2022-01-08 13:18:04,307 [IPC Server listener on 12081] INFO  ipc.Server (Server.java:run(1344)) - IPC Server listener on 12081: starting
2022-01-08 13:18:04,331 [IPC Server Responder] INFO  ipc.Server (Server.java:run(1507)) - IPC Server Responder: starting
2022-01-08 13:18:04,552 [EndpointStateMachine task thread for /127.0.0.1:15227 - 0 ] INFO  ipc.Client (Client.java:handleConnectionFailure(977)) - Retrying connect to server: localhost/127.0.0.1:15227. Already tried 0 time(s); retry policy is RetryUpToMaximumCountWithFixedSleep(maxRetries=15, sleepTime=1000 MILLISECONDS)
2022-01-08 13:18:04,553 [EndpointStateMachine task thread for /127.0.0.1:15217 - 0 ] INFO  ipc.Client (Client.java:handleConnectionFailure(977)) - Retrying connect to server: localhost/127.0.0.1:15217. Already tried 3 time(s); retry policy is RetryUpToMaximumCountWithFixedSleep(maxRetries=15, sleepTime=1000 MILLISECONDS)
2022-01-08 13:18:04,554 [EndpointStateMachine task thread for /127.0.0.1:15237 - 0 ] INFO  ipc.Client (Client.java:handleConnectionFailure(977)) - Retrying connect to server: localhost/127.0.0.1:15237. Already tried 0 time(s); retry policy is RetryUpToMaximumCountWithFixedSleep(maxRetries=15, sleepTime=1000 MILLISECONDS)
2022-01-08 13:18:05,429 [Listener at 0.0.0.0/12083] INFO  server.StorageContainerManager (StorageContainerManager.java:scmBootstrap(987)) - SCM BootStrap  is successful for ClusterID 96dde82e-0bdc-4c97-ae5c-ef816938392d, SCMID 40a4bb05-3d2f-4358-aa13-75cfde41e6e0
2022-01-08 13:18:05,429 [Listener at 0.0.0.0/12083] INFO  server.StorageContainerManager (StorageContainerManager.java:scmBootstrap(989)) - Primary SCM Node ID 222ceec3-fd71-41f2-aa08-53f50be8376f
2022-01-08 13:18:05,429 [Listener at 0.0.0.0/12083] INFO  ha.SCMHANodeDetails (SCMHANodeDetails.java:loadSCMHAConfig(157)) - ServiceID for StorageContainerManager is scm-service-test1
2022-01-08 13:18:05,429 [Listener at 0.0.0.0/12083] INFO  ha.SCMHANodeDetails (SCMHANodeDetails.java:loadSCMHAConfig(168)) - ServiceID for StorageContainerManager is scm-service-test1
2022-01-08 13:18:05,430 [Listener at 0.0.0.0/12083] WARN  scm.ScmUtils (ScmUtils.java:logWarn(179)) - ConfigKey ozone.scm.block.client.address is deprecated, For configuring different ports for each SCM use PortConfigKey ozone.scm.block.client.port appended with serviceId and nodeId. If want to configure same port configure ozone.scm.block.client.port
2022-01-08 13:18:05,430 [Listener at 0.0.0.0/12083] WARN  scm.ScmUtils (ScmUtils.java:logWarn(179)) - ConfigKey ozone.scm.client.address is deprecated, For configuring different ports for each SCM use PortConfigKey ozone.scm.client.port appended with serviceId and nodeId. If want to configure same port configure ozone.scm.client.port
2022-01-08 13:18:05,430 [Listener at 0.0.0.0/12083] WARN  scm.ScmUtils (ScmUtils.java:logWarn(179)) - ConfigKey ozone.scm.datanode.address is deprecated, For configuring different ports for each SCM use PortConfigKey ozone.scm.datanode.port appended with serviceId and nodeId. If want to configure same port configure ozone.scm.datanode.port
2022-01-08 13:18:05,430 [Listener at 0.0.0.0/12083] WARN  scm.ScmUtils (ScmUtils.java:logWarn(179)) - ConfigKey ozone.scm.block.client.address is deprecated, For configuring different ports for each SCM use PortConfigKey ozone.scm.block.client.port appended with serviceId and nodeId. If want to configure same port configure ozone.scm.block.client.port
2022-01-08 13:18:05,430 [Listener at 0.0.0.0/12083] WARN  scm.ScmUtils (ScmUtils.java:logWarn(179)) - ConfigKey ozone.scm.client.address is deprecated, For configuring different ports for each SCM use PortConfigKey ozone.scm.client.port appended with serviceId and nodeId. If want to configure same port configure ozone.scm.client.port
2022-01-08 13:18:05,430 [Listener at 0.0.0.0/12083] WARN  scm.ScmUtils (ScmUtils.java:logWarn(179)) - ConfigKey ozone.scm.datanode.address is deprecated, For configuring different ports for each SCM use PortConfigKey ozone.scm.datanode.port appended with serviceId and nodeId. If want to configure same port configure ozone.scm.datanode.port
2022-01-08 13:18:05,430 [Listener at 0.0.0.0/12083] INFO  ha.SCMHANodeDetails (SCMHANodeDetails.java:loadSCMHAConfig(250)) - Found matching SCM address with SCMServiceId: scm-service-test1, SCMNodeId: scmNode-2, RPC Address: localhost:12090 and Ratis port: 12090
2022-01-08 13:18:05,431 [Listener at 0.0.0.0/12083] INFO  ha.SCMHANodeDetails (ConfUtils.java:setNodeSpecificConfigs(108)) - Setting configuration key ozone.scm.datanode.address with value of key ozone.scm.datanode.address.scm-service-test1.scmNode-2: 127.0.0.1:12091
2022-01-08 13:18:05,431 [Listener at 0.0.0.0/12083] INFO  ha.SCMHANodeDetails (ConfUtils.java:setNodeSpecificConfigs(108)) - Setting configuration key ozone.scm.block.client.address with value of key ozone.scm.block.client.address.scm-service-test1.scmNode-2: 127.0.0.1:12092
2022-01-08 13:18:05,431 [Listener at 0.0.0.0/12083] INFO  ha.SCMHANodeDetails (ConfUtils.java:setNodeSpecificConfigs(108)) - Setting configuration key ozone.scm.client.address with value of key ozone.scm.client.address.scm-service-test1.scmNode-2: 127.0.0.1:12093
2022-01-08 13:18:05,431 [Listener at 0.0.0.0/12083] INFO  ha.SCMHANodeDetails (ConfUtils.java:setNodeSpecificConfigs(108)) - Setting configuration key ozone.scm.ratis.port with value of key ozone.scm.ratis.port.scm-service-test1.scmNode-2: 12090
2022-01-08 13:18:05,431 [Listener at 0.0.0.0/12083] INFO  ha.SCMHANodeDetails (ConfUtils.java:setNodeSpecificConfigs(108)) - Setting configuration key ozone.scm.grpc.port with value of key ozone.scm.grpc.port.scm-service-test1.scmNode-2: 12094
2022-01-08 13:18:05,431 [Listener at 0.0.0.0/12083] INFO  ha.SCMHANodeDetails (ConfUtils.java:setNodeSpecificConfigs(108)) - Setting configuration key ozone.scm.http-address with value of key ozone.scm.http-address.scm-service-test1.scmNode-2: 127.0.0.1:12088
2022-01-08 13:18:05,431 [Listener at 0.0.0.0/12083] INFO  ha.SCMHANodeDetails (ConfUtils.java:setNodeSpecificConfigs(108)) - Setting configuration key ozone.scm.https-address with value of key ozone.scm.https-address.scm-service-test1.scmNode-2: 127.0.0.1:12089
2022-01-08 13:18:05,431 [Listener at 0.0.0.0/12083] INFO  ha.SCMHANodeDetails (ConfUtils.java:setNodeSpecificConfigs(108)) - Setting configuration key ozone.scm.address with value of key ozone.scm.address.scm-service-test1.scmNode-2: 127.0.0.1
2022-01-08 13:18:05,431 [Listener at 0.0.0.0/12083] WARN  scm.ScmUtils (ScmUtils.java:logWarn(179)) - ConfigKey ozone.scm.block.client.address is deprecated, For configuring different ports for each SCM use PortConfigKey ozone.scm.block.client.port appended with serviceId and nodeId. If want to configure same port configure ozone.scm.block.client.port
2022-01-08 13:18:05,431 [Listener at 0.0.0.0/12083] WARN  scm.ScmUtils (ScmUtils.java:logWarn(179)) - ConfigKey ozone.scm.client.address is deprecated, For configuring different ports for each SCM use PortConfigKey ozone.scm.client.port appended with serviceId and nodeId. If want to configure same port configure ozone.scm.client.port
2022-01-08 13:18:05,433 [Listener at 0.0.0.0/12083] WARN  scm.ScmUtils (ScmUtils.java:logWarn(179)) - ConfigKey ozone.scm.datanode.address is deprecated, For configuring different ports for each SCM use PortConfigKey ozone.scm.datanode.port appended with serviceId and nodeId. If want to configure same port configure ozone.scm.datanode.port
2022-01-08 13:18:05,434 [Listener at 0.0.0.0/12083] WARN  server.ServerUtils (ServerUtils.java:getScmDbDir(148)) - ozone.scm.db.dirs is not configured. We recommend adding this setting. Falling back to ozone.metadata.dirs instead.
2022-01-08 13:18:05,434 [Listener at 0.0.0.0/12083] INFO  upgrade.AbstractLayoutVersionManager (AbstractLayoutVersionManager.java:init(79)) - Initializing Layout version manager with metadata layout = SCM_HA (version = 2), software layout = SCM_HA (version = 2)
2022-01-08 13:18:05,527 [Listener at 0.0.0.0/12083] INFO  reflections.Reflections (Reflections.java:scan(232)) - Reflections took 90 ms to scan 7 urls, producing 119 keys and 279 values 
2022-01-08 13:18:05,530 [Listener at 0.0.0.0/12083] WARN  utils.HAUtils (HAUtils.java:getMetaDir(342)) - ozone.scm.db.dirs is not configured. We recommend adding this setting. Falling back to ozone.metadata.dirs instead.
2022-01-08 13:18:05,536 [Listener at 0.0.0.0/12083] WARN  db.DBStoreBuilder (DBStoreBuilder.java:applyDBDefinition(145)) - ozone.scm.db.dirs is not configured. We recommend adding this setting. Falling back to ozone.metadata.dirs instead.
2022-01-08 13:18:05,553 [EndpointStateMachine task thread for /127.0.0.1:15227 - 0 ] INFO  ipc.Client (Client.java:handleConnectionFailure(977)) - Retrying connect to server: localhost/127.0.0.1:15227. Already tried 1 time(s); retry policy is RetryUpToMaximumCountWithFixedSleep(maxRetries=15, sleepTime=1000 MILLISECONDS)
2022-01-08 13:18:05,554 [EndpointStateMachine task thread for /127.0.0.1:15217 - 0 ] INFO  ipc.Client (Client.java:handleConnectionFailure(977)) - Retrying connect to server: localhost/127.0.0.1:15217. Already tried 4 time(s); retry policy is RetryUpToMaximumCountWithFixedSleep(maxRetries=15, sleepTime=1000 MILLISECONDS)
2022-01-08 13:18:05,555 [EndpointStateMachine task thread for /127.0.0.1:15237 - 0 ] INFO  ipc.Client (Client.java:handleConnectionFailure(977)) - Retrying connect to server: localhost/127.0.0.1:15237. Already tried 1 time(s); retry policy is RetryUpToMaximumCountWithFixedSleep(maxRetries=15, sleepTime=1000 MILLISECONDS)
2022-01-08 13:18:05,667 [Listener at 0.0.0.0/12083] INFO  net.NodeSchemaLoader (NodeSchemaLoader.java:loadSchemaFromFile(129)) - Loading schema from [jar:file:/home/runner/.m2/repository/org/apache/ozone/hdds-common/1.3.0-SNAPSHOT/hdds-common-1.3.0-SNAPSHOT.jar!/network-topology-default.xml]
2022-01-08 13:18:05,675 [Listener at 0.0.0.0/12083] INFO  net.NodeSchemaLoader (NodeSchemaLoader.java:loadSchema(176)) - Loading network topology layer schema file
2022-01-08 13:18:05,685 [Listener at 0.0.0.0/12083] WARN  impl.MetricRegistriesImpl (MetricRegistriesImpl.java:addReporterRegistration(111)) - New reporters are added after registries were created. Some metrics will be missing from the reporter. Please add reporter before adding any new registry.
2022-01-08 13:18:05,686 [Listener at 0.0.0.0/12083] WARN  impl.MetricRegistriesImpl (MetricRegistriesImpl.java:addReporterRegistration(111)) - New reporters are added after registries were created. Some metrics will be missing from the reporter. Please add reporter before adding any new registry.
2022-01-08 13:18:05,687 [Listener at 0.0.0.0/12083] INFO  ha.SCMRatisServerImpl (SCMRatisServerImpl.java:<init>(87)) - starting Raft server for scm:40a4bb05-3d2f-4358-aa13-75cfde41e6e0
2022-01-08 13:18:05,688 [Listener at 0.0.0.0/12083] INFO  server.RaftServer (ConfUtils.java:logGet(44)) - raft.rpc.type = GRPC (default)
2022-01-08 13:18:05,689 [Listener at 0.0.0.0/12083] INFO  grpc.GrpcFactory (GrpcFactory.java:checkPooledByteBufAllocatorUseCacheForAllThreads(48)) - PERFORMANCE WARNING: useCacheForAllThreads is true that may cause Netty to create a lot garbage objects and, as a result, trigger GC.
	It is recommended to disable useCacheForAllThreads by setting -Dorg.apache.ratis.thirdparty.io.netty.allocator.useCacheForAllThreads=false in command line.
2022-01-08 13:18:05,689 [Listener at 0.0.0.0/12083] INFO  grpc.GrpcConfigKeys (ConfUtils.java:logGet(44)) - raft.grpc.admin.port = -1 (default)
2022-01-08 13:18:05,690 [Listener at 0.0.0.0/12083] INFO  grpc.GrpcConfigKeys (ConfUtils.java:logGet(44)) - raft.grpc.server.port = 12090 (custom)
2022-01-08 13:18:05,690 [Listener at 0.0.0.0/12083] INFO  grpc.GrpcConfigKeys (ConfUtils.java:logGet(44)) - raft.grpc.client.port = -1 (default)
2022-01-08 13:18:05,690 [Listener at 0.0.0.0/12083] INFO  grpc.GrpcConfigKeys (ConfUtils.java:logGet(44)) - raft.grpc.server.port = 12090 (custom)
2022-01-08 13:18:05,690 [Listener at 0.0.0.0/12083] INFO  grpc.GrpcConfigKeys (ConfUtils.java:logGet(44)) - raft.grpc.server.port = 12090 (custom)
2022-01-08 13:18:05,690 [Listener at 0.0.0.0/12083] INFO  server.GrpcService (ConfUtils.java:logGet(44)) - raft.grpc.message.size.max = 32m (=33554432) (custom)
2022-01-08 13:18:05,690 [Listener at 0.0.0.0/12083] INFO  server.RaftServerConfigKeys (ConfUtils.java:logGet(44)) - raft.server.log.appender.buffer.byte-limit = 33554432 (custom)
2022-01-08 13:18:05,690 [Listener at 0.0.0.0/12083] INFO  server.GrpcService (ConfUtils.java:logGet(44)) - raft.grpc.flow.control.window = 1MB (=1048576) (default)
2022-01-08 13:18:05,691 [Listener at 0.0.0.0/12083] INFO  server.RaftServerConfigKeys (ConfUtils.java:logGet(44)) - raft.server.rpc.request.timeout = 30000ms (custom)
2022-01-08 13:18:05,692 [Listener at 0.0.0.0/12083] INFO  impl.DataStreamServerImpl (ConfUtils.java:logGet(44)) - raft.datastream.type = DISABLED (default)
2022-01-08 13:18:05,703 [Listener at 0.0.0.0/12083] INFO  server.RaftServerConfigKeys (ConfUtils.java:logGet(44)) - raft.server.rpc.slowness.timeout = 120000ms (custom)
2022-01-08 13:18:05,703 [Listener at 0.0.0.0/12083] INFO  server.RaftServerConfigKeys (ConfUtils.java:logGet(44)) - raft.server.leaderelection.leader.step-down.wait-time = 10s (default)
2022-01-08 13:18:05,703 [Listener at 0.0.0.0/12083] INFO  server.RaftServerConfigKeys (ConfUtils.java:logGet(44)) - raft.server.storage.dir = [/home/runner/work/ozone/ozone/hadoop-ozone/integration-test/target/test-dir/MiniOzoneClusterImpl-96dde82e-0bdc-4c97-ae5c-ef816938392d/scmNode-2/scm-ha] (custom)
2022-01-08 13:18:05,707 [Listener at 0.0.0.0/12083] INFO  server.RaftServer (RaftServerProxy.java:addNew(95)) - 40a4bb05-3d2f-4358-aa13-75cfde41e6e0: addNew group-EF816938392D:[] returns group-EF816938392D:java.util.concurrent.CompletableFuture@70dbde75[Not completed]
2022-01-08 13:18:05,707 [pool-229-thread-1] INFO  server.RaftServer$Division (RaftServerImpl.java:<init>(184)) - 40a4bb05-3d2f-4358-aa13-75cfde41e6e0: new RaftServerImpl for group-EF816938392D:[] with SCMStateMachine:uninitialized
2022-01-08 13:18:05,710 [pool-229-thread-1] INFO  server.RaftServerConfigKeys (ConfUtils.java:logGet(44)) - raft.server.rpc.timeout.min = 5000ms (custom)
2022-01-08 13:18:05,710 [pool-229-thread-1] INFO  server.RaftServerConfigKeys (ConfUtils.java:logGet(44)) - raft.server.rpc.timeout.max = 5200ms (custom)
2022-01-08 13:18:05,711 [pool-229-thread-1] INFO  server.RaftServerConfigKeys (ConfUtils.java:logGet(44)) - raft.server.rpc.sleep.time = 25ms (default)
2022-01-08 13:18:05,711 [pool-229-thread-1] INFO  server.RaftServerConfigKeys (ConfUtils.java:logGet(44)) - raft.server.rpc.slowness.timeout = 120000ms (custom)
2022-01-08 13:18:05,711 [pool-229-thread-1] INFO  server.RaftServerConfigKeys (ConfUtils.java:logGet(44)) - raft.server.leaderelection.leader.step-down.wait-time = 10s (default)
2022-01-08 13:18:05,711 [pool-229-thread-1] INFO  server.RaftServerConfigKeys (ConfUtils.java:logGet(44)) - raft.server.sleep.deviation.threshold = 300ms (default)
2022-01-08 13:18:05,711 [pool-229-thread-1] INFO  server.RaftServerConfigKeys (ConfUtils.java:logGet(44)) - raft.server.log.appender.install.snapshot.enabled = false (custom)
2022-01-08 13:18:05,711 [pool-229-thread-1] INFO  server.RaftServer$Division (ServerState.java:<init>(105)) - 40a4bb05-3d2f-4358-aa13-75cfde41e6e0@group-EF816938392D: ConfigurationManager, init=-1: [], old=null, confs=<EMPTY_MAP>
2022-01-08 13:18:05,712 [pool-229-thread-1] INFO  server.RaftServerConfigKeys (ConfUtils.java:logGet(44)) - raft.server.storage.dir = [/home/runner/work/ozone/ozone/hadoop-ozone/integration-test/target/test-dir/MiniOzoneClusterImpl-96dde82e-0bdc-4c97-ae5c-ef816938392d/scmNode-2/scm-ha] (custom)
2022-01-08 13:18:05,712 [pool-229-thread-1] INFO  server.RaftServerConfigKeys (ConfUtils.java:logGet(44)) - raft.server.log.corruption.policy = EXCEPTION (default)
2022-01-08 13:18:05,712 [pool-229-thread-1] INFO  server.RaftServerConfigKeys (ConfUtils.java:logGet(44)) - raft.server.storage.free-space.min = 0MB (=0) (default)
2022-01-08 13:18:05,712 [pool-229-thread-1] INFO  storage.RaftStorageDirectory (RaftStorageDirectoryImpl.java:analyzeStorage(135)) - The storage directory /home/runner/work/ozone/ozone/hadoop-ozone/integration-test/target/test-dir/MiniOzoneClusterImpl-96dde82e-0bdc-4c97-ae5c-ef816938392d/scmNode-2/scm-ha/96dde82e-0bdc-4c97-ae5c-ef816938392d does not exist. Creating ...
2022-01-08 13:18:05,716 [pool-229-thread-1] INFO  storage.RaftStorageDirectory (RaftStorageDirectoryImpl.java:tryLock(230)) - Lock on /home/runner/work/ozone/ozone/hadoop-ozone/integration-test/target/test-dir/MiniOzoneClusterImpl-96dde82e-0bdc-4c97-ae5c-ef816938392d/scmNode-2/scm-ha/96dde82e-0bdc-4c97-ae5c-ef816938392d/in_use.lock acquired by nodename 7755@fv-az195-8
2022-01-08 13:18:05,718 [pool-229-thread-1] INFO  storage.RaftStorage (RaftStorageImpl.java:format(89)) - Storage directory /home/runner/work/ozone/ozone/hadoop-ozone/integration-test/target/test-dir/MiniOzoneClusterImpl-96dde82e-0bdc-4c97-ae5c-ef816938392d/scmNode-2/scm-ha/96dde82e-0bdc-4c97-ae5c-ef816938392d has been successfully formatted.
2022-01-08 13:18:05,718 [pool-229-thread-1] INFO  server.RaftServerConfigKeys (ConfUtils.java:logGet(44)) - raft.server.notification.no-leader.timeout = 60s (default)
2022-01-08 13:18:05,718 [pool-229-thread-1] INFO  server.RaftServerConfigKeys (ConfUtils.java:logGet(44)) - raft.server.log.use.memory = false (default)
2022-01-08 13:18:05,718 [pool-229-thread-1] INFO  server.RaftServerConfigKeys (ConfUtils.java:logGet(44)) - raft.server.log.purge.gap = 5 (custom)
2022-01-08 13:18:05,718 [pool-229-thread-1] INFO  server.RaftServerConfigKeys (ConfUtils.java:logGet(44)) - raft.server.log.appender.buffer.byte-limit = 33554432 (custom)
2022-01-08 13:18:05,718 [pool-229-thread-1] INFO  server.RaftServerConfigKeys (ConfUtils.java:logGet(44)) - raft.server.log.segment.size.max = 4194304 (custom)
2022-01-08 13:18:05,719 [pool-229-thread-1] INFO  server.RaftServerConfigKeys (ConfUtils.java:logGet(44)) - raft.server.log.segment.cache.num.max = 2 (custom)
2022-01-08 13:18:05,719 [pool-229-thread-1] INFO  server.RaftServerConfigKeys (ConfUtils.java:logGet(44)) - raft.server.log.segment.cache.size.max = 200MB (=209715200) (default)
2022-01-08 13:18:05,719 [pool-229-thread-1] INFO  segmented.SegmentedRaftLogWorker (SegmentedRaftLogWorker.java:<init>(182)) - new 40a4bb05-3d2f-4358-aa13-75cfde41e6e0@group-EF816938392D-SegmentedRaftLogWorker for RaftStorageImpl:Storage Directory /home/runner/work/ozone/ozone/hadoop-ozone/integration-test/target/test-dir/MiniOzoneClusterImpl-96dde82e-0bdc-4c97-ae5c-ef816938392d/scmNode-2/scm-ha/96dde82e-0bdc-4c97-ae5c-ef816938392d
2022-01-08 13:18:05,719 [pool-229-thread-1] INFO  server.RaftServerConfigKeys (ConfUtils.java:logGet(44)) - raft.server.log.queue.byte-limit = 64MB (=67108864) (default)
2022-01-08 13:18:05,719 [pool-229-thread-1] INFO  server.RaftServerConfigKeys (ConfUtils.java:logGet(44)) - raft.server.log.queue.element-limit = 4096 (default)
2022-01-08 13:18:05,719 [pool-229-thread-1] INFO  server.RaftServerConfigKeys (ConfUtils.java:logGet(44)) - raft.server.log.segment.size.max = 4194304 (custom)
2022-01-08 13:18:05,719 [pool-229-thread-1] INFO  server.RaftServerConfigKeys (ConfUtils.java:logGet(44)) - raft.server.log.preallocated.size = 4194304 (custom)
2022-01-08 13:18:05,719 [pool-229-thread-1] INFO  server.RaftServerConfigKeys (ConfUtils.java:logGet(44)) - raft.server.log.force.sync.num = 128 (default)
2022-01-08 13:18:05,719 [pool-229-thread-1] INFO  server.RaftServerConfigKeys (ConfUtils.java:logGet(44)) - raft.server.log.statemachine.data.sync = true (default)
2022-01-08 13:18:05,719 [pool-229-thread-1] INFO  server.RaftServerConfigKeys (ConfUtils.java:logGet(44)) - raft.server.log.statemachine.data.sync.timeout = 10s (default)
2022-01-08 13:18:05,719 [pool-229-thread-1] INFO  server.RaftServerConfigKeys (ConfUtils.java:logGet(44)) - raft.server.log.statemachine.data.sync.timeout.retry = -1 (default)
2022-01-08 13:18:05,720 [pool-229-thread-1] INFO  server.RaftServerConfigKeys (ConfUtils.java:logGet(44)) - raft.server.log.write.buffer.size = 64KB (=65536) (default)
2022-01-08 13:18:05,720 [pool-229-thread-1] INFO  server.RaftServerConfigKeys (ConfUtils.java:logGet(44)) - raft.server.log.statemachine.data.caching.enabled = false (default)
2022-01-08 13:18:05,720 [pool-229-thread-1] INFO  segmented.SegmentedRaftLogWorker (SegmentedRaftLogWorker.java:lambda$new$0(133)) - 40a4bb05-3d2f-4358-aa13-75cfde41e6e0@group-EF816938392D-SegmentedRaftLogWorker: flushIndex: setUnconditionally 0 -> -1
2022-01-08 13:18:05,720 [pool-229-thread-1] INFO  segmented.SegmentedRaftLogWorker (SegmentedRaftLogWorker.java:lambda$new$0(133)) - 40a4bb05-3d2f-4358-aa13-75cfde41e6e0@group-EF816938392D-SegmentedRaftLogWorker: safeCacheEvictIndex: setUnconditionally 0 -> -1
2022-01-08 13:18:05,731 [pool-229-thread-1] INFO  server.RaftServerConfigKeys (ConfUtils.java:logGet(44)) - raft.server.snapshot.auto.trigger.enabled = true (custom)
2022-01-08 13:18:05,731 [pool-229-thread-1] INFO  server.RaftServerConfigKeys (ConfUtils.java:logGet(44)) - raft.server.snapshot.auto.trigger.threshold = 5 (custom)
2022-01-08 13:18:05,731 [pool-229-thread-1] INFO  server.RaftServerConfigKeys (ConfUtils.java:logGet(44)) - raft.server.snapshot.retention.file.num = -1 (default)
2022-01-08 13:18:05,731 [pool-229-thread-1] INFO  server.RaftServerConfigKeys (ConfUtils.java:logGet(44)) - raft.server.log.purge.upto.snapshot.index = true (custom)
2022-01-08 13:18:05,731 [pool-229-thread-1] INFO  server.RaftServerConfigKeys (ConfUtils.java:logGet(44)) - raft.server.retrycache.expirytime = 60000ms (default)
2022-01-08 13:18:05,731 [pool-229-thread-1] INFO  server.RaftServerConfigKeys (ConfUtils.java:logGet(44)) - raft.server.retrycache.statistics.expirytime = 100μs (default)
2022-01-08 13:18:05,732 [Listener at 0.0.0.0/12083] INFO  ha.SCMSnapshotProvider (SCMSnapshotProvider.java:<init>(66)) - Initializing SCM Snapshot Provider
2022-01-08 13:18:05,732 [Listener at 0.0.0.0/12083] WARN  server.ServerUtils (ServerUtils.java:getDefaultRatisDirectory(237)) - Storage directory for Ratis is not configured. It is a good idea to map this to an SSD disk. Falling back to ozone.metadata.dirs
2022-01-08 13:18:05,732 [Listener at 0.0.0.0/12083] WARN  ha.SCMHAUtils (SCMHAUtils.java:getSCMRatisSnapshotDirectory(146)) - SCM snapshot dir is not configured. Falling back to ozone.metadata.dirs config
2022-01-08 13:18:05,734 [Listener at 0.0.0.0/12083] INFO  ha.SequenceIdGenerator (SequenceIdGenerator.java:upgradeToSequenceId(347)) - upgrade localId to 109611004723200000
2022-01-08 13:18:05,734 [Listener at 0.0.0.0/12083] INFO  ha.SequenceIdGenerator (SequenceIdGenerator.java:upgradeToSequenceId(357)) - upgrade delTxnId to 0
2022-01-08 13:18:05,734 [Listener at 0.0.0.0/12083] INFO  ha.SequenceIdGenerator (SequenceIdGenerator.java:upgradeToSequenceId(371)) - upgrade containerId to 0
2022-01-08 13:18:05,734 [Listener at 0.0.0.0/12083] INFO  ha.SequenceIdGenerator (SequenceIdGenerator.java:<init>(218)) - Init the HA SequenceIdGenerator.
2022-01-08 13:18:05,735 [Listener at 0.0.0.0/12083] WARN  server.ServerUtils (ServerUtils.java:sanitizeUserArgs(73)) - ozone.scm.stale.node.interval value = 300000 is larger than max = 100000 based on the key value of ozone.scm.heartbeat.thread.interval, reset to the max value 100000.
2022-01-08 13:18:05,735 [Listener at 0.0.0.0/12083] WARN  server.ServerUtils (ServerUtils.java:sanitizeUserArgs(73)) - ozone.scm.stale.node.interval value = 300000 is larger than max = 100000 based on the key value of ozone.scm.heartbeat.thread.interval, reset to the max value 100000.
2022-01-08 13:18:05,740 [Listener at 0.0.0.0/12083] INFO  node.SCMNodeManager (SCMNodeManager.java:<init>(144)) - Entering startup safe mode.
2022-01-08 13:18:05,741 [Listener at 0.0.0.0/12083] INFO  algorithms.ContainerPlacementPolicyFactory (ContainerPlacementPolicyFactory.java:getPolicy(60)) - Create container placement policy of type org.apache.hadoop.hdds.scm.container.placement.algorithms.SCMContainerPlacementRandom
2022-01-08 13:18:05,742 [Listener at 0.0.0.0/12083] INFO  pipeline.PipelineStateManagerImpl (PipelineStateManagerImpl.java:initialize(78)) - No pipeline exists in current db
2022-01-08 13:18:05,742 [Listener at 0.0.0.0/12083] INFO  algorithms.LeaderChoosePolicyFactory (LeaderChoosePolicyFactory.java:getPolicy(57)) - Create leader choose policy of type org.apache.hadoop.hdds.scm.pipeline.leader.choose.algorithms.MinLeaderCountChoosePolicy
2022-01-08 13:18:05,742 [Listener at 0.0.0.0/12083] INFO  ha.SCMServiceManager (SCMServiceManager.java:register(43)) - Registering service BackgroundPipelineCreator.
2022-01-08 13:18:05,742 [Listener at 0.0.0.0/12083] INFO  pipeline.BackgroundPipelineCreator (BackgroundPipelineCreator.java:start(130)) - Starting RatisPipelineUtilsThread.
2022-01-08 13:18:05,747 [Listener at 0.0.0.0/12083] INFO  algorithms.PipelineChoosePolicyFactory (PipelineChoosePolicyFactory.java:createPipelineChoosePolicyFromClass(73)) - Create pipeline choose policy of type org.apache.hadoop.hdds.scm.pipeline.choose.algorithms.RandomPipelineChoosePolicy
2022-01-08 13:18:05,747 [Listener at 0.0.0.0/12083] INFO  ha.SCMServiceManager (SCMServiceManager.java:register(43)) - Registering service SCMBlockDeletingService.
2022-01-08 13:18:05,747 [Listener at 0.0.0.0/12083] INFO  ha.SCMServiceManager (SCMServiceManager.java:register(43)) - Registering service ReplicationManager.
2022-01-08 13:18:05,748 [Listener at 0.0.0.0/12083] INFO  container.ReplicationManager (ReplicationManager.java:start(319)) - Starting Replication Monitor Thread.
2022-01-08 13:18:05,752 [Listener at 0.0.0.0/12083] INFO  safemode.ContainerSafeModeRule (ContainerSafeModeRule.java:<init>(89)) - containers with one replica threshold count 0
2022-01-08 13:18:05,753 [Listener at 0.0.0.0/12083] INFO  safemode.HealthyPipelineSafeModeRule (HealthyPipelineSafeModeRule.java:initializeRule(156)) - Total pipeline count is 0, healthy pipeline threshold count is 1
2022-01-08 13:18:05,753 [Listener at 0.0.0.0/12083] INFO  safemode.OneReplicaPipelineSafeModeRule (OneReplicaPipelineSafeModeRule.java:initializeRule(180)) - Total pipeline count is 0, pipeline's with at least one datanode reported threshold count is 0
2022-01-08 13:18:05,763 [ReplicationMonitor] INFO  container.ReplicationManager (ReplicationManager.java:processAll(371)) - Replication Monitor Thread took 0 milliseconds for processing 0 containers.
2022-01-08 13:18:05,769 [Listener at 0.0.0.0/12083] INFO  ipc.CallQueueManager (CallQueueManager.java:<init>(90)) - Using callQueue: class java.util.concurrent.LinkedBlockingQueue, queueCapacity: 2000, scheduler: class org.apache.hadoop.ipc.DefaultRpcScheduler, ipcBackoff: false.
2022-01-08 13:18:05,779 [Socket Reader #1 for port 12091] INFO  ipc.Server (Server.java:run(1265)) - Starting Socket Reader #1 for port 12091
2022-01-08 13:18:05,780 [Listener at 0.0.0.0/12091] INFO  ipc.CallQueueManager (CallQueueManager.java:<init>(90)) - Using callQueue: class java.util.concurrent.LinkedBlockingQueue, queueCapacity: 2000, scheduler: class org.apache.hadoop.ipc.DefaultRpcScheduler, ipcBackoff: false.
2022-01-08 13:18:05,781 [Socket Reader #1 for port 12092] INFO  ipc.Server (Server.java:run(1265)) - Starting Socket Reader #1 for port 12092
2022-01-08 13:18:05,787 [Listener at 0.0.0.0/12092] INFO  ipc.CallQueueManager (CallQueueManager.java:<init>(90)) - Using callQueue: class java.util.concurrent.LinkedBlockingQueue, queueCapacity: 2000, scheduler: class org.apache.hadoop.ipc.DefaultRpcScheduler, ipcBackoff: false.
2022-01-08 13:18:05,795 [Socket Reader #1 for port 12093] INFO  ipc.Server (Server.java:run(1265)) - Starting Socket Reader #1 for port 12093
2022-01-08 13:18:05,837 [Listener at 0.0.0.0/12093] INFO  algorithms.ContainerPlacementPolicyFactory (ContainerPlacementPolicyFactory.java:getPolicy(60)) - Create container placement policy of type org.apache.hadoop.hdds.scm.container.placement.algorithms.SCMContainerPlacementRandom
2022-01-08 13:18:05,839 [Listener at 0.0.0.0/12093] INFO  server.StorageContainerManager (StorageContainerManager.java:<init>(388)) - 
Container Balancer status:
Key                            Value
Running                        false
Container Balancer Configuration values:
Key                                                Value
Threshold                                          0.1
Max Datanodes to Involve per Iteration(ratio)      0.2
Max Size to Move per Iteration                     30GB
Max Size Entering Target per Iteration             26GB
Max Size Leaving Source per Iteration              26GB

2022-01-08 13:18:05,840 [Listener at 0.0.0.0/12093] WARN  events.EventQueue (EventQueue.java:fireEvent(194)) - No event handler registered for event TypedEvent{payloadType=SafeModeStatus, name='Safe mode status'}
2022-01-08 13:18:05,840 [Listener at 0.0.0.0/12093] INFO  ha.SCMContext (SCMContext.java:updateSafeModeStatus(211)) - Update SafeModeStatus from SafeModeStatus{safeModeStatus=true, preCheckPassed=false} to SafeModeStatus{safeModeStatus=true, preCheckPassed=false}.
2022-01-08 13:18:05,841 [Listener at 0.0.0.0/12093] INFO  server.StorageContainerManager (StorageContainerManager.java:start(1303)) - StorageContainerLocationProtocol RPC server is listening at /0.0.0.0:12093
2022-01-08 13:18:05,841 [Listener at 0.0.0.0/12093] INFO  ha.SCMRatisServerImpl (SCMRatisServerImpl.java:start(177)) - starting ratis server 0.0.0.0:12090
2022-01-08 13:18:05,841 [Listener at 0.0.0.0/12093] INFO  server.RaftServer$Division (RaftServerImpl.java:start(304)) - 40a4bb05-3d2f-4358-aa13-75cfde41e6e0@group-EF816938392D: start with initializing state, conf=-1: [], old=null
2022-01-08 13:18:05,841 [Listener at 0.0.0.0/12093] INFO  server.RaftServer$Division (RaftServerImpl.java:setRole(290)) - 40a4bb05-3d2f-4358-aa13-75cfde41e6e0@group-EF816938392D: changes role from      null to FOLLOWER at term 0 for startInitializing
2022-01-08 13:18:05,841 [Listener at 0.0.0.0/12093] INFO  util.JmxRegister (JmxRegister.java:tryRegister(44)) - Successfully registered JMX Bean with object name Ratis:service=RaftServer,group=group-EF816938392D,id=40a4bb05-3d2f-4358-aa13-75cfde41e6e0
2022-01-08 13:18:05,845 [Listener at 0.0.0.0/12093] INFO  server.RaftServer (RaftServerProxy.java:lambda$start$5(374)) - 40a4bb05-3d2f-4358-aa13-75cfde41e6e0: start RPC server
2022-01-08 13:18:05,846 [Listener at 0.0.0.0/12093] INFO  server.GrpcService (GrpcService.java:startImpl(253)) - 40a4bb05-3d2f-4358-aa13-75cfde41e6e0: GrpcService started, listening on 12090
2022-01-08 13:18:05,860 [Listener at 0.0.0.0/12093] INFO  ha.SCMNodeInfo (SCMNodeInfo.java:getPort(197)) - ConfigKey ozone.scm.client.address is deprecated, For configuring different ports for each SCM use PortConfigKey ozone.scm.client.port appended with serviceId and nodeId
2022-01-08 13:18:05,860 [Listener at 0.0.0.0/12093] INFO  ha.SCMNodeInfo (SCMNodeInfo.java:getPort(197)) - ConfigKey ozone.scm.block.client.address is deprecated, For configuring different ports for each SCM use PortConfigKey ozone.scm.block.client.port appended with serviceId and nodeId
2022-01-08 13:18:05,860 [Listener at 0.0.0.0/12093] INFO  ha.SCMNodeInfo (SCMNodeInfo.java:getPort(197)) - ConfigKey ozone.scm.datanode.address is deprecated, For configuring different ports for each SCM use PortConfigKey ozone.scm.datanode.port appended with serviceId and nodeId
2022-01-08 13:18:05,860 [Listener at 0.0.0.0/12093] INFO  ha.SCMNodeInfo (SCMNodeInfo.java:getPort(197)) - ConfigKey ozone.scm.client.address is deprecated, For configuring different ports for each SCM use PortConfigKey ozone.scm.client.port appended with serviceId and nodeId
2022-01-08 13:18:05,860 [Listener at 0.0.0.0/12093] INFO  ha.SCMNodeInfo (SCMNodeInfo.java:getPort(197)) - ConfigKey ozone.scm.block.client.address is deprecated, For configuring different ports for each SCM use PortConfigKey ozone.scm.block.client.port appended with serviceId and nodeId
2022-01-08 13:18:05,860 [Listener at 0.0.0.0/12093] INFO  ha.SCMNodeInfo (SCMNodeInfo.java:getPort(197)) - ConfigKey ozone.scm.datanode.address is deprecated, For configuring different ports for each SCM use PortConfigKey ozone.scm.datanode.port appended with serviceId and nodeId
2022-01-08 13:18:05,861 [Listener at 0.0.0.0/12093] INFO  ha.SCMNodeInfo (SCMNodeInfo.java:getPort(197)) - ConfigKey ozone.scm.client.address is deprecated, For configuring different ports for each SCM use PortConfigKey ozone.scm.client.port appended with serviceId and nodeId
2022-01-08 13:18:05,861 [org.apache.ratis.util.JvmPauseMonitor$$Lambda$500/2122256138@18a59ef8] INFO  util.JvmPauseMonitor (JvmPauseMonitor.java:run(103)) - JvmPauseMonitor-40a4bb05-3d2f-4358-aa13-75cfde41e6e0: Started
2022-01-08 13:18:05,861 [Listener at 0.0.0.0/12093] INFO  ha.SCMNodeInfo (SCMNodeInfo.java:getPort(197)) - ConfigKey ozone.scm.block.client.address is deprecated, For configuring different ports for each SCM use PortConfigKey ozone.scm.block.client.port appended with serviceId and nodeId
2022-01-08 13:18:05,861 [Listener at 0.0.0.0/12093] INFO  ha.SCMNodeInfo (SCMNodeInfo.java:getPort(197)) - ConfigKey ozone.scm.datanode.address is deprecated, For configuring different ports for each SCM use PortConfigKey ozone.scm.datanode.port appended with serviceId and nodeId
2022-01-08 13:18:05,868 [IPC Server handler 2 on default port 12082] INFO  ha.SCMRatisServerImpl (SCMRatisServerImpl.java:addSCM(291)) - 222ceec3-fd71-41f2-aa08-53f50be8376f: Submitting SetConfiguration request to Ratis server with new SCM peers list: [222ceec3-fd71-41f2-aa08-53f50be8376f|rpc:localhost:12080|admin:|client:|dataStream:|priority:0, 40a4bb05-3d2f-4358-aa13-75cfde41e6e0|rpc:localhost:12090|priority:0]
2022-01-08 13:18:05,869 [IPC Server handler 2 on default port 12082] INFO  server.RaftServer$Division (RaftServerImpl.java:setConfigurationAsync(974)) - 222ceec3-fd71-41f2-aa08-53f50be8376f@group-EF816938392D: receive setConfiguration SetConfigurationRequest:client-61019BFB149B->222ceec3-fd71-41f2-aa08-53f50be8376f@group-EF816938392D, cid=0, seq=0, RW, null, peers:[222ceec3-fd71-41f2-aa08-53f50be8376f|rpc:localhost:12080|admin:|client:|dataStream:|priority:0, 40a4bb05-3d2f-4358-aa13-75cfde41e6e0|rpc:localhost:12090|priority:0]
2022-01-08 13:18:05,869 [IPC Server handler 2 on default port 12082] INFO  server.RaftServer$Division (LeaderStateImpl.java:startSetConfiguration(358)) - 222ceec3-fd71-41f2-aa08-53f50be8376f@group-EF816938392D-LeaderStateImpl: startSetConfiguration SetConfigurationRequest:client-61019BFB149B->222ceec3-fd71-41f2-aa08-53f50be8376f@group-EF816938392D, cid=0, seq=0, RW, null, peers:[222ceec3-fd71-41f2-aa08-53f50be8376f|rpc:localhost:12080|admin:|client:|dataStream:|priority:0, 40a4bb05-3d2f-4358-aa13-75cfde41e6e0|rpc:localhost:12090|priority:0]
2022-01-08 13:18:05,869 [IPC Server handler 2 on default port 12082] INFO  server.RaftServerConfigKeys (ConfUtils.java:logGet(44)) - raft.server.log.appender.snapshot.chunk.size.max = 16MB (=16777216) (default)
2022-01-08 13:18:05,869 [IPC Server handler 2 on default port 12082] INFO  server.RaftServerConfigKeys (ConfUtils.java:logGet(44)) - raft.server.log.appender.buffer.byte-limit = 33554432 (custom)
2022-01-08 13:18:05,869 [IPC Server handler 2 on default port 12082] INFO  server.RaftServerConfigKeys (ConfUtils.java:logGet(44)) - raft.server.log.appender.buffer.element-limit = 1024 (custom)
2022-01-08 13:18:05,870 [IPC Server handler 2 on default port 12082] INFO  grpc.GrpcConfigKeys (ConfUtils.java:logGet(44)) - raft.grpc.server.leader.outstanding.appends.max = 128 (default)
2022-01-08 13:18:05,870 [IPC Server handler 2 on default port 12082] INFO  server.RaftServerConfigKeys (ConfUtils.java:logGet(44)) - raft.server.rpc.request.timeout = 30000ms (custom)
2022-01-08 13:18:05,870 [IPC Server handler 2 on default port 12082] INFO  server.RaftServerConfigKeys (ConfUtils.java:logGet(44)) - raft.server.log.appender.install.snapshot.enabled = false (custom)
2022-01-08 13:18:05,888 [222ceec3-fd71-41f2-aa08-53f50be8376f@group-EF816938392D->40a4bb05-3d2f-4358-aa13-75cfde41e6e0-GrpcLogAppender-LogAppenderDaemon] INFO  server.GrpcLogAppender (GrpcLogAppender.java:installSnapshot(550)) - 222ceec3-fd71-41f2-aa08-53f50be8376f@group-EF816938392D->40a4bb05-3d2f-4358-aa13-75cfde41e6e0-GrpcLogAppender: followerNextIndex = 0 but logStartIndex = 0, notify follower to install snapshot-(t:2, i:2)
2022-01-08 13:18:05,888 [222ceec3-fd71-41f2-aa08-53f50be8376f@group-EF816938392D->40a4bb05-3d2f-4358-aa13-75cfde41e6e0-GrpcLogAppender-LogAppenderDaemon] INFO  server.GrpcLogAppender (GrpcLogAppender.java:installSnapshot(558)) - 222ceec3-fd71-41f2-aa08-53f50be8376f@group-EF816938392D->40a4bb05-3d2f-4358-aa13-75cfde41e6e0-GrpcLogAppender: send 222ceec3-fd71-41f2-aa08-53f50be8376f->40a4bb05-3d2f-4358-aa13-75cfde41e6e0#0-t2,notify:(t:2, i:2)
2022-01-08 13:18:05,935 [grpc-default-executor-2] INFO  server.RaftServer$Division (RaftServerImpl.java:installSnapshot(1332)) - 40a4bb05-3d2f-4358-aa13-75cfde41e6e0@group-EF816938392D: receive installSnapshot: 222ceec3-fd71-41f2-aa08-53f50be8376f->40a4bb05-3d2f-4358-aa13-75cfde41e6e0#0-t2,notify:(t:2, i:2)
2022-01-08 13:18:05,938 [grpc-default-executor-2] INFO  ha.SCMStateMachine (SCMStateMachine.java:notifyLeaderChanged(255)) - leader changed, yet current SCM is still follower.
2022-01-08 13:18:05,938 [grpc-default-executor-2] INFO  server.RaftServer$Division (ServerState.java:setLeader(285)) - 40a4bb05-3d2f-4358-aa13-75cfde41e6e0@group-EF816938392D: change Leader from null to 222ceec3-fd71-41f2-aa08-53f50be8376f at term 2 for installSnapshot, leader elected after 220ms
2022-01-08 13:18:05,938 [grpc-default-executor-2] INFO  server.RaftServer$Division (RaftServerImpl.java:notifyStateMachineToInstallSnapshot(1551)) - 40a4bb05-3d2f-4358-aa13-75cfde41e6e0@group-EF816938392D: Received notification to install snapshot at index 2
2022-01-08 13:18:05,939 [grpc-default-executor-2] INFO  server.RaftServer$Division (RaftServerImpl.java:notifyStateMachineToInstallSnapshot(1582)) - 40a4bb05-3d2f-4358-aa13-75cfde41e6e0@group-EF816938392D: notifyInstallSnapshot: nextIndex is 0 but the leader's first available index is 2.
2022-01-08 13:18:05,942 [grpc-default-executor-2] INFO  ha.SCMStateMachine (SCMStateMachine.java:notifyInstallSnapshotFromLeader(219)) - Received install snapshot notification from SCM leader: localhost:12080 with term index: (t:2, i:2)
2022-01-08 13:18:05,942 [pool-230-thread-1] INFO  ha.SCMHAManagerImpl (SCMHAManagerImpl.java:getDBCheckpointFromLeader(206)) - Downloading checkpoint from leader SCM scmNode-1 and reloading state from the checkpoint.
2022-01-08 13:18:05,960 [grpc-default-executor-3] INFO  ha.SCMDBCheckpointProvider (SCMDBCheckpointProvider.java:writeDBCheckPointToSream(48)) - Received request to obtain SCM DB checkpoint snapshot
2022-01-08 13:18:05,970 [grpc-default-executor-3] INFO  db.RDBCheckpointManager (RDBCheckpointManager.java:createCheckpoint(86)) - Created checkpoint at /home/runner/work/ozone/ozone/hadoop-ozone/integration-test/target/test-dir/MiniOzoneClusterImpl-96dde82e-0bdc-4c97-ae5c-ef816938392d/scmNode-1/db.checkpoints/scm.db_checkpoint_1641647885960 in 10 milliseconds
2022-01-08 13:18:05,979 [grpc-default-executor-3] INFO  ha.SCMGrpcOutputStream (SCMGrpcOutputStream.java:close(111)) - Sent 4418 bytes for cluster 96dde82e-0bdc-4c97-ae5c-ef816938392d
2022-01-08 13:18:05,980 [grpc-default-executor-3] INFO  ha.SCMDBCheckpointProvider (SCMDBCheckpointProvider.java:writeDBCheckPointToSream(73)) - Time taken to write the checkpoint to response output stream: 9 milliseconds
2022-01-08 13:18:05,980 [grpc-default-executor-3] INFO  db.RocksDBCheckpoint (RocksDBCheckpoint.java:cleanupCheckpoint(78)) - Cleaning up RocksDB checkpoint at /home/runner/work/ozone/ozone/hadoop-ozone/integration-test/target/test-dir/MiniOzoneClusterImpl-96dde82e-0bdc-4c97-ae5c-ef816938392d/scmNode-1/db.checkpoints/scm.db_checkpoint_1641647885960
2022-01-08 13:18:05,981 [grpc-default-executor-1] INFO  ha.InterSCMGrpcClient (InterSCMGrpcClient.java:onCompleted(173)) - Checkpoint is downloaded to /home/runner/work/ozone/ozone/hadoop-ozone/integration-test/target/test-dir/MiniOzoneClusterImpl-96dde82e-0bdc-4c97-ae5c-ef816938392d/scmNode-2/snapshot/scm.db-scmNode-1-1641647885942.tar.gz
2022-01-08 13:18:06,003 [pool-230-thread-1] INFO  ha.SCMSnapshotProvider (SCMSnapshotProvider.java:getSCMDBSnapshot(131)) - Successfully downloaded latest checkpoint from leader SCM: scmNode-1 path /home/runner/work/ozone/ozone/hadoop-ozone/integration-test/target/test-dir/MiniOzoneClusterImpl-96dde82e-0bdc-4c97-ae5c-ef816938392d/scmNode-2/snapshot/scm.db-scmNode-1-1641647885942
2022-01-08 13:18:06,003 [pool-230-thread-1] INFO  ha.SCMHAManagerImpl (SCMHAManagerImpl.java:downloadCheckpointFromLeader(158)) - Downloaded checkpoint from Leader scmNode-1 to the location /home/runner/work/ozone/ozone/hadoop-ozone/integration-test/target/test-dir/MiniOzoneClusterImpl-96dde82e-0bdc-4c97-ae5c-ef816938392d/scmNode-2/snapshot/scm.db-scmNode-1-1641647885942
2022-01-08 13:18:06,097 [pool-230-thread-1] INFO  ha.SCMHAManagerImpl (SCMHAManagerImpl.java:verifyCheckpointFromLeader(172)) - Installing checkpoint with SCMTransactionInfo 2#2
2022-01-08 13:18:06,097 [pool-230-thread-1] INFO  server.RaftServer$Division (RaftServerImpl.java:lambda$notifyStateMachineToInstallSnapshot$30(1595)) - 40a4bb05-3d2f-4358-aa13-75cfde41e6e0@group-EF816938392D: StateMachine successfully installed snapshot index 2. Reloading the StateMachine.
2022-01-08 13:18:06,097 [pool-230-thread-1] INFO  segmented.SegmentedRaftLogWorker (SegmentedRaftLogWorker.java:lambda$new$0(133)) - 40a4bb05-3d2f-4358-aa13-75cfde41e6e0@group-EF816938392D-SegmentedRaftLogWorker: flushIndex: setUnconditionally -1 -> 2
2022-01-08 13:18:06,097 [pool-230-thread-1] INFO  segmented.SegmentedRaftLogWorker (SegmentedRaftLogWorker.java:lambda$new$0(133)) - 40a4bb05-3d2f-4358-aa13-75cfde41e6e0@group-EF816938392D-SegmentedRaftLogWorker: safeCacheEvictIndex: setUnconditionally -1 -> 2
2022-01-08 13:18:06,097 [pool-230-thread-1] INFO  raftlog.RaftLog (RaftLogBase.java:lambda$new$0(53)) - 40a4bb05-3d2f-4358-aa13-75cfde41e6e0@group-EF816938392D-SegmentedRaftLog: snapshotIndex: updateIncreasingly -1 -> 2
2022-01-08 13:18:06,110 [grpc-default-executor-2] INFO  server.RaftServer$Division (RaftServerImpl.java:notifyStateMachineToInstallSnapshot(1638)) - 40a4bb05-3d2f-4358-aa13-75cfde41e6e0@group-EF816938392D: InstallSnapshot notification result: SNAPSHOT_INSTALLED, at index: 2
2022-01-08 13:18:06,110 [grpc-default-executor-2] INFO  server.RaftServer$Division (RaftServerImpl.java:installSnapshotImpl(1462)) - 40a4bb05-3d2f-4358-aa13-75cfde41e6e0@group-EF816938392D: set new configuration index: 1
configurationEntry {
  peers {
    id: "222ceec3-fd71-41f2-aa08-53f50be8376f"
    address: "localhost:12080"
  }
}
 from snapshot
2022-01-08 13:18:06,112 [grpc-default-executor-2] INFO  server.RaftServer$Division (ServerState.java:setRaftConf(387)) - 40a4bb05-3d2f-4358-aa13-75cfde41e6e0@group-EF816938392D: set configuration 1: [222ceec3-fd71-41f2-aa08-53f50be8376f|rpc:localhost:12080|admin:|client:|dataStream:|priority:0], old=null
2022-01-08 13:18:06,112 [grpc-default-executor-2] INFO  server.RaftServer$Division (RaftServerImpl.java:installSnapshot(1343)) - 40a4bb05-3d2f-4358-aa13-75cfde41e6e0@group-EF816938392D: reply installSnapshot: 222ceec3-fd71-41f2-aa08-53f50be8376f<-40a4bb05-3d2f-4358-aa13-75cfde41e6e0#0:FAIL-t0,SNAPSHOT_INSTALLED,snapshotIndex=2
2022-01-08 13:18:06,112 [grpc-default-executor-2] INFO  server.GrpcServerProtocolService (GrpcServerProtocolService.java:onCompleted(140)) - 40a4bb05-3d2f-4358-aa13-75cfde41e6e0: Completed INSTALL_SNAPSHOT, lastRequest: 222ceec3-fd71-41f2-aa08-53f50be8376f->40a4bb05-3d2f-4358-aa13-75cfde41e6e0#0-t2,notify:(t:2, i:2)
2022-01-08 13:18:06,119 [grpc-default-executor-3] INFO  server.GrpcLogAppender (GrpcLogAppender.java:onNext(410)) - 222ceec3-fd71-41f2-aa08-53f50be8376f@group-EF816938392D->40a4bb05-3d2f-4358-aa13-75cfde41e6e0-InstallSnapshotResponseHandler: received the first reply 222ceec3-fd71-41f2-aa08-53f50be8376f<-40a4bb05-3d2f-4358-aa13-75cfde41e6e0#0:FAIL-t0,SNAPSHOT_INSTALLED,snapshotIndex=2
2022-01-08 13:18:06,119 [grpc-default-executor-3] INFO  server.GrpcLogAppender (GrpcLogAppender.java:onNext(450)) - 222ceec3-fd71-41f2-aa08-53f50be8376f@group-EF816938392D->40a4bb05-3d2f-4358-aa13-75cfde41e6e0-InstallSnapshotResponseHandler: Follower installed snapshot at index 2
2022-01-08 13:18:06,119 [grpc-default-executor-3] INFO  leader.FollowerInfo (FollowerInfoImpl.java:lambda$new$0(47)) - 222ceec3-fd71-41f2-aa08-53f50be8376f@group-EF816938392D->40a4bb05-3d2f-4358-aa13-75cfde41e6e0: snapshotIndex: setUnconditionally 0 -> 2
2022-01-08 13:18:06,119 [grpc-default-executor-3] INFO  leader.FollowerInfo (FollowerInfoImpl.java:lambda$new$0(47)) - 222ceec3-fd71-41f2-aa08-53f50be8376f@group-EF816938392D->40a4bb05-3d2f-4358-aa13-75cfde41e6e0: matchIndex: setUnconditionally 0 -> 2
2022-01-08 13:18:06,120 [grpc-default-executor-3] INFO  leader.FollowerInfo (FollowerInfoImpl.java:lambda$new$0(47)) - 222ceec3-fd71-41f2-aa08-53f50be8376f@group-EF816938392D->40a4bb05-3d2f-4358-aa13-75cfde41e6e0: nextIndex: setUnconditionally 0 -> 3
2022-01-08 13:18:06,120 [grpc-default-executor-3] INFO  leader.FollowerInfo (FollowerInfoImpl.java:setAttemptedToInstallSnapshot(116)) - Follower 222ceec3-fd71-41f2-aa08-53f50be8376f@group-EF816938392D->40a4bb05-3d2f-4358-aa13-75cfde41e6e0 acknowledged installing snapshot
2022-01-08 13:18:06,120 [grpc-default-executor-3] INFO  leader.FollowerInfo (FollowerInfoImpl.java:lambda$new$0(47)) - 222ceec3-fd71-41f2-aa08-53f50be8376f@group-EF816938392D->40a4bb05-3d2f-4358-aa13-75cfde41e6e0: nextIndex: updateToMax old=3, new=3, updated? false
2022-01-08 13:18:06,136 [grpc-default-executor-2] INFO  impl.RoleInfo (RoleInfo.java:updateAndGet(130)) - 40a4bb05-3d2f-4358-aa13-75cfde41e6e0: start 40a4bb05-3d2f-4358-aa13-75cfde41e6e0@group-EF816938392D-FollowerState
2022-01-08 13:18:06,220 [40a4bb05-3d2f-4358-aa13-75cfde41e6e0@group-EF816938392D-StateMachineUpdater] INFO  ha.SCMHAManagerImpl (SCMHAManagerImpl.java:installCheckpoint(227)) - Installing checkpoint with SCMTransactionInfo 2#2
2022-01-08 13:18:06,222 [40a4bb05-3d2f-4358-aa13-75cfde41e6e0@group-EF816938392D-StateMachineUpdater] INFO  ha.SCMHAManagerImpl (SCMHAManagerImpl.java:installCheckpoint(266)) - Replaced DB with checkpoint, term: 2, index: 2
2022-01-08 13:18:06,222 [40a4bb05-3d2f-4358-aa13-75cfde41e6e0@group-EF816938392D-StateMachineUpdater] WARN  utils.HAUtils (HAUtils.java:getMetaDir(342)) - ozone.scm.db.dirs is not configured. We recommend adding this setting. Falling back to ozone.metadata.dirs instead.
2022-01-08 13:18:06,223 [40a4bb05-3d2f-4358-aa13-75cfde41e6e0@group-EF816938392D-StateMachineUpdater] WARN  db.DBStoreBuilder (DBStoreBuilder.java:applyDBDefinition(145)) - ozone.scm.db.dirs is not configured. We recommend adding this setting. Falling back to ozone.metadata.dirs instead.
2022-01-08 13:18:06,319 [40a4bb05-3d2f-4358-aa13-75cfde41e6e0@group-EF816938392D-StateMachineUpdater] INFO  ha.SequenceIdGenerator (SequenceIdGenerator.java:reinitialize(166)) - reinitialize SequenceIdGenerator.
2022-01-08 13:18:06,325 [40a4bb05-3d2f-4358-aa13-75cfde41e6e0@group-EF816938392D-StateMachineUpdater] INFO  pipeline.PipelineStateManagerImpl (PipelineStateManagerImpl.java:initialize(78)) - No pipeline exists in current db
2022-01-08 13:18:06,325 [40a4bb05-3d2f-4358-aa13-75cfde41e6e0@group-EF816938392D-StateMachineUpdater] INFO  ha.SCMHAManagerImpl (SCMHAManagerImpl.java:installCheckpoint(277)) - Reloaded SCM state with Term: 2 and Index: 2
2022-01-08 13:18:06,326 [40a4bb05-3d2f-4358-aa13-75cfde41e6e0@group-EF816938392D-StateMachineUpdater] INFO  impl.StateMachineUpdater (StateMachineUpdater.java:lambda$new$0(89)) - 40a4bb05-3d2f-4358-aa13-75cfde41e6e0@group-EF816938392D-StateMachineUpdater: snapshotIndex: setUnconditionally -1 -> 2
2022-01-08 13:18:06,326 [40a4bb05-3d2f-4358-aa13-75cfde41e6e0@group-EF816938392D-StateMachineUpdater] INFO  impl.StateMachineUpdater (StateMachineUpdater.java:lambda$new$0(89)) - 40a4bb05-3d2f-4358-aa13-75cfde41e6e0@group-EF816938392D-StateMachineUpdater: appliedIndex: setUnconditionally -1 -> 2
2022-01-08 13:18:06,554 [EndpointStateMachine task thread for /127.0.0.1:15227 - 0 ] INFO  ipc.Client (Client.java:handleConnectionFailure(977)) - Retrying connect to server: localhost/127.0.0.1:15227. Already tried 2 time(s); retry policy is RetryUpToMaximumCountWithFixedSleep(maxRetries=15, sleepTime=1000 MILLISECONDS)
2022-01-08 13:18:06,554 [EndpointStateMachine task thread for /127.0.0.1:15217 - 0 ] INFO  ipc.Client (Client.java:handleConnectionFailure(977)) - Retrying connect to server: localhost/127.0.0.1:15217. Already tried 5 time(s); retry policy is RetryUpToMaximumCountWithFixedSleep(maxRetries=15, sleepTime=1000 MILLISECONDS)
2022-01-08 13:18:06,556 [EndpointStateMachine task thread for /127.0.0.1:15237 - 0 ] INFO  ipc.Client (Client.java:handleConnectionFailure(977)) - Retrying connect to server: localhost/127.0.0.1:15237. Already tried 2 time(s); retry policy is RetryUpToMaximumCountWithFixedSleep(maxRetries=15, sleepTime=1000 MILLISECONDS)
2022-01-08 13:18:07,554 [EndpointStateMachine task thread for /127.0.0.1:15227 - 0 ] INFO  ipc.Client (Client.java:handleConnectionFailure(977)) - Retrying connect to server: localhost/127.0.0.1:15227. Already tried 3 time(s); retry policy is RetryUpToMaximumCountWithFixedSleep(maxRetries=15, sleepTime=1000 MILLISECONDS)
2022-01-08 13:18:07,556 [EndpointStateMachine task thread for /127.0.0.1:15217 - 0 ] INFO  ipc.Client (Client.java:handleConnectionFailure(977)) - Retrying connect to server: localhost/127.0.0.1:15217. Already tried 6 time(s); retry policy is RetryUpToMaximumCountWithFixedSleep(maxRetries=15, sleepTime=1000 MILLISECONDS)
2022-01-08 13:18:07,557 [EndpointStateMachine task thread for /127.0.0.1:15237 - 0 ] INFO  ipc.Client (Client.java:handleConnectionFailure(977)) - Retrying connect to server: localhost/127.0.0.1:15237. Already tried 3 time(s); retry policy is RetryUpToMaximumCountWithFixedSleep(maxRetries=15, sleepTime=1000 MILLISECONDS)
2022-01-08 13:18:08,555 [EndpointStateMachine task thread for /127.0.0.1:15227 - 0 ] INFO  ipc.Client (Client.java:handleConnectionFailure(977)) - Retrying connect to server: localhost/127.0.0.1:15227. Already tried 4 time(s); retry policy is RetryUpToMaximumCountWithFixedSleep(maxRetries=15, sleepTime=1000 MILLISECONDS)
2022-01-08 13:18:08,557 [EndpointStateMachine task thread for /127.0.0.1:15237 - 0 ] INFO  ipc.Client (Client.java:handleConnectionFailure(977)) - Retrying connect to server: localhost/127.0.0.1:15237. Already tried 4 time(s); retry policy is RetryUpToMaximumCountWithFixedSleep(maxRetries=15, sleepTime=1000 MILLISECONDS)
2022-01-08 13:18:08,557 [EndpointStateMachine task thread for /127.0.0.1:15217 - 0 ] INFO  ipc.Client (Client.java:handleConnectionFailure(977)) - Retrying connect to server: localhost/127.0.0.1:15217. Already tried 7 time(s); retry policy is RetryUpToMaximumCountWithFixedSleep(maxRetries=15, sleepTime=1000 MILLISECONDS)
2022-01-08 13:18:09,530 [222ceec3-fd71-41f2-aa08-53f50be8376f@group-EF816938392D-LeaderStateImpl] INFO  server.RaftServer$Division (ServerState.java:setRaftConf(387)) - 222ceec3-fd71-41f2-aa08-53f50be8376f@group-EF816938392D: set configuration 3: [222ceec3-fd71-41f2-aa08-53f50be8376f|rpc:localhost:12080|admin:|client:|dataStream:|priority:0, 40a4bb05-3d2f-4358-aa13-75cfde41e6e0|rpc:localhost:12090|priority:0], old=[222ceec3-fd71-41f2-aa08-53f50be8376f|rpc:localhost:12080|admin:|client:|dataStream:|priority:0]
2022-01-08 13:18:09,535 [grpc-default-executor-2] INFO  server.RaftServer$Division (ServerState.java:setRaftConf(387)) - 40a4bb05-3d2f-4358-aa13-75cfde41e6e0@group-EF816938392D: set configuration 3: [222ceec3-fd71-41f2-aa08-53f50be8376f|rpc:localhost:12080|admin:|client:|dataStream:|priority:0, 40a4bb05-3d2f-4358-aa13-75cfde41e6e0|rpc:localhost:12090|admin:|client:|dataStream:|priority:0], old=[222ceec3-fd71-41f2-aa08-53f50be8376f|rpc:localhost:12080|admin:|client:|dataStream:|priority:0]
2022-01-08 13:18:09,536 [grpc-default-executor-2] INFO  segmented.SegmentedRaftLogWorker (SegmentedRaftLogWorker.java:startLogSegment(394)) - 40a4bb05-3d2f-4358-aa13-75cfde41e6e0@group-EF816938392D-SegmentedRaftLogWorker: Starting segment from index:3
2022-01-08 13:18:09,546 [40a4bb05-3d2f-4358-aa13-75cfde41e6e0@group-EF816938392D-SegmentedRaftLogWorker] INFO  segmented.SegmentedRaftLogWorker (SegmentedRaftLogWorker.java:execute(601)) - 40a4bb05-3d2f-4358-aa13-75cfde41e6e0@group-EF816938392D-SegmentedRaftLogWorker: created new log segment /home/runner/work/ozone/ozone/hadoop-ozone/integration-test/target/test-dir/MiniOzoneClusterImpl-96dde82e-0bdc-4c97-ae5c-ef816938392d/scmNode-2/scm-ha/96dde82e-0bdc-4c97-ae5c-ef816938392d/current/log_inprogress_3
2022-01-08 13:18:09,549 [222ceec3-fd71-41f2-aa08-53f50be8376f@group-EF816938392D-LeaderStateImpl] INFO  server.RaftServer$Division (ServerState.java:setRaftConf(387)) - 222ceec3-fd71-41f2-aa08-53f50be8376f@group-EF816938392D: set configuration 5: [222ceec3-fd71-41f2-aa08-53f50be8376f|rpc:localhost:12080|admin:|client:|dataStream:|priority:0, 40a4bb05-3d2f-4358-aa13-75cfde41e6e0|rpc:localhost:12090|priority:0], old=null
2022-01-08 13:18:09,550 [grpc-default-executor-2] INFO  server.RaftServer$Division (ServerState.java:setRaftConf(387)) - 40a4bb05-3d2f-4358-aa13-75cfde41e6e0@group-EF816938392D: set configuration 5: [222ceec3-fd71-41f2-aa08-53f50be8376f|rpc:localhost:12080|admin:|client:|dataStream:|priority:0, 40a4bb05-3d2f-4358-aa13-75cfde41e6e0|rpc:localhost:12090|admin:|client:|dataStream:|priority:0], old=null
2022-01-08 13:18:09,556 [EndpointStateMachine task thread for /127.0.0.1:15227 - 0 ] INFO  ipc.Client (Client.java:handleConnectionFailure(977)) - Retrying connect to server: localhost/127.0.0.1:15227. Already tried 5 time(s); retry policy is RetryUpToMaximumCountWithFixedSleep(maxRetries=15, sleepTime=1000 MILLISECONDS)
2022-01-08 13:18:09,556 [40a4bb05-3d2f-4358-aa13-75cfde41e6e0@group-EF816938392D-StateMachineUpdater] INFO  safemode.HealthyPipelineSafeModeRule (HealthyPipelineSafeModeRule.java:initializeRule(152)) - Refreshed total pipeline count is 0, healthy pipeline threshold count is 1
2022-01-08 13:18:09,556 [40a4bb05-3d2f-4358-aa13-75cfde41e6e0@group-EF816938392D-StateMachineUpdater] INFO  safemode.ContainerSafeModeRule (ContainerSafeModeRule.java:reInitializeRule(177)) - Refreshed one replica container threshold 0, currentThreshold 0
2022-01-08 13:18:09,556 [40a4bb05-3d2f-4358-aa13-75cfde41e6e0@group-EF816938392D-StateMachineUpdater] INFO  safemode.OneReplicaPipelineSafeModeRule (OneReplicaPipelineSafeModeRule.java:initializeRule(176)) - Refreshed Total pipeline count is 0, pipeline's with at least one datanode reported threshold count is 0
2022-01-08 13:18:09,556 [40a4bb05-3d2f-4358-aa13-75cfde41e6e0@group-EF816938392D-StateMachineUpdater] INFO  server.SCMDatanodeProtocolServer (SCMDatanodeProtocolServer.java:start(181)) - ScmDatanodeProtocol RPC server for DataNodes is listening at /0.0.0.0:12091
2022-01-08 13:18:09,561 [IPC Server listener on 12091] INFO  ipc.Server (Server.java:run(1344)) - IPC Server listener on 12091: starting
2022-01-08 13:18:09,567 [IPC Server Responder] INFO  ipc.Server (Server.java:run(1507)) - IPC Server Responder: starting
2022-01-08 13:18:09,567 [EndpointStateMachine task thread for /127.0.0.1:15237 - 0 ] INFO  ipc.Client (Client.java:handleConnectionFailure(977)) - Retrying connect to server: localhost/127.0.0.1:15237. Already tried 5 time(s); retry policy is RetryUpToMaximumCountWithFixedSleep(maxRetries=15, sleepTime=1000 MILLISECONDS)
2022-01-08 13:18:09,567 [EndpointStateMachine task thread for /127.0.0.1:15217 - 0 ] INFO  ipc.Client (Client.java:handleConnectionFailure(977)) - Retrying connect to server: localhost/127.0.0.1:15217. Already tried 8 time(s); retry policy is RetryUpToMaximumCountWithFixedSleep(maxRetries=15, sleepTime=1000 MILLISECONDS)
2022-01-08 13:18:09,572 [222ceec3-fd71-41f2-aa08-53f50be8376f@group-EF816938392D-StateMachineUpdater] INFO  ha.SCMStateMachine (SCMStateMachine.java:takeSnapshot(297)) - Current Snapshot Index 5, takeSnapshot took 1 ms
2022-01-08 13:18:09,569 [IPC Server handler 2 on default port 12082] INFO  ha.SCMRatisServerImpl (SCMRatisServerImpl.java:addSCM(302)) - Successfully added new SCM: 40a4bb05-3d2f-4358-aa13-75cfde41e6e0.
2022-01-08 13:18:09,579 [222ceec3-fd71-41f2-aa08-53f50be8376f@group-EF816938392D-StateMachineUpdater] INFO  impl.StateMachineUpdater (StateMachineUpdater.java:takeSnapshot(281)) - 222ceec3-fd71-41f2-aa08-53f50be8376f@group-EF816938392D-StateMachineUpdater: Took a snapshot at index 5
2022-01-08 13:18:09,579 [222ceec3-fd71-41f2-aa08-53f50be8376f@group-EF816938392D-StateMachineUpdater] INFO  impl.StateMachineUpdater (StateMachineUpdater.java:lambda$new$0(89)) - 222ceec3-fd71-41f2-aa08-53f50be8376f@group-EF816938392D-StateMachineUpdater: snapshotIndex: updateIncreasingly -1 -> 5
2022-01-08 13:18:09,579 [222ceec3-fd71-41f2-aa08-53f50be8376f@group-EF816938392D-StateMachineUpdater] INFO  raftlog.RaftLog (RaftLogBase.java:purge(306)) - 222ceec3-fd71-41f2-aa08-53f50be8376f@group-EF816938392D-SegmentedRaftLog: purge 5
2022-01-08 13:18:09,579 [222ceec3-fd71-41f2-aa08-53f50be8376f@group-EF816938392D-StateMachineUpdater] INFO  raftlog.RaftLog (RaftLogBase.java:lambda$new$0(53)) - 222ceec3-fd71-41f2-aa08-53f50be8376f@group-EF816938392D-SegmentedRaftLog: snapshotIndex: updateIncreasingly -1 -> 5
2022-01-08 13:18:09,580 [222ceec3-fd71-41f2-aa08-53f50be8376f@group-EF816938392D-SegmentedRaftLogWorker] INFO  raftlog.RaftLog (RaftLogBase.java:lambda$new$0(53)) - 222ceec3-fd71-41f2-aa08-53f50be8376f@group-EF816938392D-SegmentedRaftLog: purgeIndex: updateToMax old=-1, new=0, updated? true
2022-01-08 13:18:09,582 [Listener at 0.0.0.0/12093] INFO  ha.SCMHAManagerImpl (SCMHAManagerImpl.java:start(116)) - Successfully added SCM scmNode-2 to group group-EF816938392D:[222ceec3-fd71-41f2-aa08-53f50be8376f|rpc:localhost:12080|admin:|client:|dataStream:|priority:0, 40a4bb05-3d2f-4358-aa13-75cfde41e6e0|rpc:localhost:12090|admin:|client:|dataStream:|priority:0]
2022-01-08 13:18:09,583 [Listener at 0.0.0.0/12093] INFO  ha.InterSCMGrpcService (InterSCMGrpcProtocolService.java:start(94)) - Starting SCM Grpc Service at port 12094
2022-01-08 13:18:09,587 [Listener at 0.0.0.0/12093] INFO  impl.MetricsSystemImpl (MetricsSystemImpl.java:init(158)) - StorageContainerManager metrics system started (again)
2022-01-08 13:18:09,627 [Listener at 0.0.0.0/12093] INFO  server.SCMClientProtocolServer (SCMClientProtocolServer.java:start(164)) - RPC server for Client  is listening at /0.0.0.0:12093
2022-01-08 13:18:09,627 [IPC Server Responder] INFO  ipc.Server (Server.java:run(1507)) - IPC Server Responder: starting
2022-01-08 13:18:09,635 [IPC Server listener on 12093] INFO  ipc.Server (Server.java:run(1344)) - IPC Server listener on 12093: starting
2022-01-08 13:18:09,642 [Listener at 0.0.0.0/12093] INFO  server.StorageContainerManager (StorageContainerManager.java:start(1318)) - ScmBlockLocationProtocol RPC server is listening at /0.0.0.0:12092
2022-01-08 13:18:09,643 [Listener at 0.0.0.0/12093] INFO  server.SCMBlockProtocolServer (SCMBlockProtocolServer.java:start(151)) - RPC server for Block Protocol is listening at /0.0.0.0:12092
2022-01-08 13:18:09,647 [IPC Server Responder] INFO  ipc.Server (Server.java:run(1507)) - IPC Server Responder: starting
2022-01-08 13:18:09,651 [IPC Server listener on 12092] INFO  ipc.Server (Server.java:run(1344)) - IPC Server listener on 12092: starting
2022-01-08 13:18:09,736 [org.apache.hadoop.util.JvmPauseMonitor$Monitor@24270e65] INFO  util.JvmPauseMonitor (JvmPauseMonitor.java:run(188)) - Starting JVM pause monitor
2022-01-08 13:18:09,739 [Listener at 0.0.0.0/12093] INFO  http.BaseHttpServer (BaseHttpServer.java:newHttpServer2BuilderForOzone(209)) - Starting Web-server for scm at: http://0.0.0.0:12088
2022-01-08 13:18:09,739 [Listener at 0.0.0.0/12093] INFO  http.BaseHttpServer (BaseHttpServer.java:<init>(107)) - Hadoop Security Enabled: false Ozone Security Enabled: false Ozone HTTP Security Enabled: false 
2022-01-08 13:18:09,742 [Listener at 0.0.0.0/12093] INFO  server.AuthenticationFilter (AuthenticationFilter.java:constructSecretProvider(240)) - Unable to initialize FileSignerSecretProvider, falling back to use random secrets.
2022-01-08 13:18:09,743 [Listener at 0.0.0.0/12093] WARN  http.HttpRequestLog (HttpRequestLog.java:getRequestLog(103)) - Jetty request log can only be enabled using Log4j
2022-01-08 13:18:09,744 [Listener at 0.0.0.0/12093] INFO  http.HttpServer2 (HttpServer2.java:addGlobalFilter(1030)) - Added global filter 'safety' (class=org.apache.hadoop.hdds.server.http.HttpServer2$QuotingInputFilter)
2022-01-08 13:18:09,745 [Listener at 0.0.0.0/12093] INFO  http.HttpServer2 (HttpServer2.java:addFilter(1006)) - Added filter static_user_filter (class=org.apache.hadoop.http.lib.StaticUserWebFilter$StaticUserFilter) to context scm
2022-01-08 13:18:09,745 [Listener at 0.0.0.0/12093] INFO  http.HttpServer2 (HttpServer2.java:addFilter(1014)) - Added filter static_user_filter (class=org.apache.hadoop.http.lib.StaticUserWebFilter$StaticUserFilter) to context logs
2022-01-08 13:18:09,745 [Listener at 0.0.0.0/12093] INFO  http.HttpServer2 (HttpServer2.java:addFilter(1014)) - Added filter static_user_filter (class=org.apache.hadoop.http.lib.StaticUserWebFilter$StaticUserFilter) to context static
2022-01-08 13:18:09,745 [Listener at 0.0.0.0/12093] INFO  http.HttpServer2 (HttpServer2.java:bindListener(1249)) - Jetty bound to port 12088
2022-01-08 13:18:09,746 [Listener at 0.0.0.0/12093] INFO  server.Server (Server.java:doStart(375)) - jetty-9.4.43.v20210629; built: 2021-06-30T11:07:22.254Z; git: 526006ecfa3af7f1a27ef3a288e2bef7ea9dd7e8; jvm 1.8.0_292-b10
2022-01-08 13:18:09,748 [Listener at 0.0.0.0/12093] INFO  server.session (DefaultSessionIdManager.java:doStart(334)) - DefaultSessionIdManager workerName=node0
2022-01-08 13:18:09,748 [Listener at 0.0.0.0/12093] INFO  server.session (DefaultSessionIdManager.java:doStart(339)) - No SessionScavenger set, using defaults
2022-01-08 13:18:09,748 [Listener at 0.0.0.0/12093] INFO  server.session (HouseKeeper.java:startScavenging(132)) - node0 Scavenging every 660000ms
2022-01-08 13:18:09,749 [Listener at 0.0.0.0/12093] INFO  handler.ContextHandler (ContextHandler.java:doStart(915)) - Started o.e.j.s.ServletContextHandler@40009de0{logs,/logs,file:///home/runner/work/ozone/ozone/hadoop-ozone/integration-test/target/log,AVAILABLE}
2022-01-08 13:18:09,749 [Listener at 0.0.0.0/12093] INFO  handler.ContextHandler (ContextHandler.java:doStart(915)) - Started o.e.j.s.ServletContextHandler@4c0ac628{static,/static,file:///home/runner/work/ozone/ozone/hadoop-ozone/integration-test/target/test-classes/webapps/static,AVAILABLE}
2022-01-08 13:18:09,752 [Listener at 0.0.0.0/12093] INFO  handler.ContextHandler (ContextHandler.java:doStart(915)) - Started o.e.j.w.WebAppContext@47d41516{scm,/,file:///home/runner/work/ozone/ozone/hadoop-ozone/integration-test/target/test-classes/webapps/scm/,AVAILABLE}{file:/home/runner/work/ozone/ozone/hadoop-ozone/integration-test/target/test-classes/webapps/scm}
2022-01-08 13:18:09,767 [Listener at 0.0.0.0/12093] INFO  server.AbstractConnector (AbstractConnector.java:doStart(331)) - Started ServerConnector@7484236d{HTTP/1.1, (http/1.1)}{0.0.0.0:12088}
2022-01-08 13:18:09,767 [Listener at 0.0.0.0/12093] INFO  server.Server (Server.java:doStart(415)) - Started @95163ms
2022-01-08 13:18:09,767 [Listener at 0.0.0.0/12093] WARN  impl.MetricsSystemImpl (MetricsSystemImpl.java:register(279)) - Sink prometheus already exists!
2022-01-08 13:18:09,768 [Listener at 0.0.0.0/12093] INFO  http.BaseHttpServer (BaseHttpServer.java:updateConnectorAddress(329)) - HTTP server of scm listening at http://0.0.0.0:12088
2022-01-08 13:18:09,768 [Listener at 0.0.0.0/12093] INFO  ozone.MiniOzoneHAClusterImpl (MiniOzoneHAClusterImpl.java:createSCMService(577)) - Started SCM RPC server at org.apache.hadoop.hdds.scm.server.SCMClientProtocolServer@1040bcfb
2022-01-08 13:18:09,769 [Listener at 0.0.0.0/12093] INFO  ha.SCMHANodeDetails (SCMHANodeDetails.java:loadSCMHAConfig(157)) - ServiceID for StorageContainerManager is scm-service-test1
2022-01-08 13:18:09,769 [Listener at 0.0.0.0/12093] INFO  ha.SCMHANodeDetails (SCMHANodeDetails.java:loadSCMHAConfig(168)) - ServiceID for StorageContainerManager is scm-service-test1
2022-01-08 13:18:09,769 [Listener at 0.0.0.0/12093] WARN  scm.ScmUtils (ScmUtils.java:logWarn(179)) - ConfigKey ozone.scm.block.client.address is deprecated, For configuring different ports for each SCM use PortConfigKey ozone.scm.block.client.port appended with serviceId and nodeId. If want to configure same port configure ozone.scm.block.client.port
2022-01-08 13:18:09,769 [Listener at 0.0.0.0/12093] WARN  scm.ScmUtils (ScmUtils.java:logWarn(179)) - ConfigKey ozone.scm.client.address is deprecated, For configuring different ports for each SCM use PortConfigKey ozone.scm.client.port appended with serviceId and nodeId. If want to configure same port configure ozone.scm.client.port
2022-01-08 13:18:09,769 [Listener at 0.0.0.0/12093] WARN  scm.ScmUtils (ScmUtils.java:logWarn(179)) - ConfigKey ozone.scm.datanode.address is deprecated, For configuring different ports for each SCM use PortConfigKey ozone.scm.datanode.port appended with serviceId and nodeId. If want to configure same port configure ozone.scm.datanode.port
2022-01-08 13:18:09,769 [Listener at 0.0.0.0/12093] WARN  scm.ScmUtils (ScmUtils.java:logWarn(179)) - ConfigKey ozone.scm.block.client.address is deprecated, For configuring different ports for each SCM use PortConfigKey ozone.scm.block.client.port appended with serviceId and nodeId. If want to configure same port configure ozone.scm.block.client.port
2022-01-08 13:18:09,769 [Listener at 0.0.0.0/12093] WARN  scm.ScmUtils (ScmUtils.java:logWarn(179)) - ConfigKey ozone.scm.client.address is deprecated, For configuring different ports for each SCM use PortConfigKey ozone.scm.client.port appended with serviceId and nodeId. If want to configure same port configure ozone.scm.client.port
2022-01-08 13:18:09,770 [Listener at 0.0.0.0/12093] WARN  scm.ScmUtils (ScmUtils.java:logWarn(179)) - ConfigKey ozone.scm.datanode.address is deprecated, For configuring different ports for each SCM use PortConfigKey ozone.scm.datanode.port appended with serviceId and nodeId. If want to configure same port configure ozone.scm.datanode.port
2022-01-08 13:18:09,770 [Listener at 0.0.0.0/12093] INFO  ha.SCMHANodeDetails (SCMHANodeDetails.java:loadSCMHAConfig(250)) - Found matching SCM address with SCMServiceId: scm-service-test1, SCMNodeId: scmNode-3, RPC Address: localhost:12100 and Ratis port: 12100
2022-01-08 13:18:09,770 [Listener at 0.0.0.0/12093] INFO  ha.SCMHANodeDetails (ConfUtils.java:setNodeSpecificConfigs(108)) - Setting configuration key ozone.scm.datanode.address with value of key ozone.scm.datanode.address.scm-service-test1.scmNode-3: 127.0.0.1:12101
2022-01-08 13:18:09,770 [Listener at 0.0.0.0/12093] INFO  ha.SCMHANodeDetails (ConfUtils.java:setNodeSpecificConfigs(108)) - Setting configuration key ozone.scm.block.client.address with value of key ozone.scm.block.client.address.scm-service-test1.scmNode-3: 127.0.0.1:12102
2022-01-08 13:18:09,770 [Listener at 0.0.0.0/12093] INFO  ha.SCMHANodeDetails (ConfUtils.java:setNodeSpecificConfigs(108)) - Setting configuration key ozone.scm.client.address with value of key ozone.scm.client.address.scm-service-test1.scmNode-3: 127.0.0.1:12103
2022-01-08 13:18:09,770 [Listener at 0.0.0.0/12093] INFO  ha.SCMHANodeDetails (ConfUtils.java:setNodeSpecificConfigs(108)) - Setting configuration key ozone.scm.ratis.port with value of key ozone.scm.ratis.port.scm-service-test1.scmNode-3: 12100
2022-01-08 13:18:09,770 [Listener at 0.0.0.0/12093] INFO  ha.SCMHANodeDetails (ConfUtils.java:setNodeSpecificConfigs(108)) - Setting configuration key ozone.scm.grpc.port with value of key ozone.scm.grpc.port.scm-service-test1.scmNode-3: 12104
2022-01-08 13:18:09,770 [Listener at 0.0.0.0/12093] INFO  ha.SCMHANodeDetails (ConfUtils.java:setNodeSpecificConfigs(108)) - Setting configuration key ozone.scm.http-address with value of key ozone.scm.http-address.scm-service-test1.scmNode-3: 127.0.0.1:12098
2022-01-08 13:18:09,770 [Listener at 0.0.0.0/12093] INFO  ha.SCMHANodeDetails (ConfUtils.java:setNodeSpecificConfigs(108)) - Setting configuration key ozone.scm.https-address with value of key ozone.scm.https-address.scm-service-test1.scmNode-3: 127.0.0.1:12099
2022-01-08 13:18:09,770 [Listener at 0.0.0.0/12093] INFO  ha.SCMHANodeDetails (ConfUtils.java:setNodeSpecificConfigs(108)) - Setting configuration key ozone.scm.address with value of key ozone.scm.address.scm-service-test1.scmNode-3: 127.0.0.1
2022-01-08 13:18:09,771 [Listener at 0.0.0.0/12093] WARN  scm.ScmUtils (ScmUtils.java:logWarn(179)) - ConfigKey ozone.scm.block.client.address is deprecated, For configuring different ports for each SCM use PortConfigKey ozone.scm.block.client.port appended with serviceId and nodeId. If want to configure same port configure ozone.scm.block.client.port
2022-01-08 13:18:09,776 [Listener at 0.0.0.0/12093] WARN  scm.ScmUtils (ScmUtils.java:logWarn(179)) - ConfigKey ozone.scm.client.address is deprecated, For configuring different ports for each SCM use PortConfigKey ozone.scm.client.port appended with serviceId and nodeId. If want to configure same port configure ozone.scm.client.port
2022-01-08 13:18:09,776 [Listener at 0.0.0.0/12093] WARN  scm.ScmUtils (ScmUtils.java:logWarn(179)) - ConfigKey ozone.scm.datanode.address is deprecated, For configuring different ports for each SCM use PortConfigKey ozone.scm.datanode.port appended with serviceId and nodeId. If want to configure same port configure ozone.scm.datanode.port
2022-01-08 13:18:09,783 [Listener at 0.0.0.0/12093] WARN  server.ServerUtils (ServerUtils.java:getScmDbDir(148)) - ozone.scm.db.dirs is not configured. We recommend adding this setting. Falling back to ozone.metadata.dirs instead.
2022-01-08 13:18:09,785 [Listener at 0.0.0.0/12093] INFO  ha.SCMNodeInfo (SCMNodeInfo.java:getPort(197)) - ConfigKey ozone.scm.client.address is deprecated, For configuring different ports for each SCM use PortConfigKey ozone.scm.client.port appended with serviceId and nodeId
2022-01-08 13:18:09,785 [Listener at 0.0.0.0/12093] INFO  ha.SCMNodeInfo (SCMNodeInfo.java:getPort(197)) - ConfigKey ozone.scm.block.client.address is deprecated, For configuring different ports for each SCM use PortConfigKey ozone.scm.block.client.port appended with serviceId and nodeId
2022-01-08 13:18:09,785 [Listener at 0.0.0.0/12093] INFO  ha.SCMNodeInfo (SCMNodeInfo.java:getPort(197)) - ConfigKey ozone.scm.datanode.address is deprecated, For configuring different ports for each SCM use PortConfigKey ozone.scm.datanode.port appended with serviceId and nodeId
2022-01-08 13:18:09,785 [Listener at 0.0.0.0/12093] INFO  ha.SCMNodeInfo (SCMNodeInfo.java:getPort(197)) - ConfigKey ozone.scm.client.address is deprecated, For configuring different ports for each SCM use PortConfigKey ozone.scm.client.port appended with serviceId and nodeId
2022-01-08 13:18:09,786 [Listener at 0.0.0.0/12093] INFO  ha.SCMNodeInfo (SCMNodeInfo.java:getPort(197)) - ConfigKey ozone.scm.block.client.address is deprecated, For configuring different ports for each SCM use PortConfigKey ozone.scm.block.client.port appended with serviceId and nodeId
2022-01-08 13:18:09,789 [Listener at 0.0.0.0/12093] INFO  ha.SCMNodeInfo (SCMNodeInfo.java:getPort(197)) - ConfigKey ozone.scm.datanode.address is deprecated, For configuring different ports for each SCM use PortConfigKey ozone.scm.datanode.port appended with serviceId and nodeId
2022-01-08 13:18:09,789 [Listener at 0.0.0.0/12093] INFO  ha.SCMNodeInfo (SCMNodeInfo.java:getPort(197)) - ConfigKey ozone.scm.client.address is deprecated, For configuring different ports for each SCM use PortConfigKey ozone.scm.client.port appended with serviceId and nodeId
2022-01-08 13:18:09,789 [Listener at 0.0.0.0/12093] INFO  ha.SCMNodeInfo (SCMNodeInfo.java:getPort(197)) - ConfigKey ozone.scm.block.client.address is deprecated, For configuring different ports for each SCM use PortConfigKey ozone.scm.block.client.port appended with serviceId and nodeId
2022-01-08 13:18:09,790 [Listener at 0.0.0.0/12093] INFO  ha.SCMNodeInfo (SCMNodeInfo.java:getPort(197)) - ConfigKey ozone.scm.datanode.address is deprecated, For configuring different ports for each SCM use PortConfigKey ozone.scm.datanode.port appended with serviceId and nodeId
2022-01-08 13:18:09,831 [Listener at 0.0.0.0/12093] INFO  server.StorageContainerManager (StorageContainerManager.java:scmBootstrap(987)) - SCM BootStrap  is successful for ClusterID 96dde82e-0bdc-4c97-ae5c-ef816938392d, SCMID 80897d92-89af-48c4-babf-7f0662bb9972
2022-01-08 13:18:09,831 [Listener at 0.0.0.0/12093] INFO  server.StorageContainerManager (StorageContainerManager.java:scmBootstrap(989)) - Primary SCM Node ID 222ceec3-fd71-41f2-aa08-53f50be8376f
2022-01-08 13:18:09,832 [Listener at 0.0.0.0/12093] INFO  ha.SCMHANodeDetails (SCMHANodeDetails.java:loadSCMHAConfig(157)) - ServiceID for StorageContainerManager is scm-service-test1
2022-01-08 13:18:09,832 [Listener at 0.0.0.0/12093] INFO  ha.SCMHANodeDetails (SCMHANodeDetails.java:loadSCMHAConfig(168)) - ServiceID for StorageContainerManager is scm-service-test1
2022-01-08 13:18:09,832 [Listener at 0.0.0.0/12093] WARN  scm.ScmUtils (ScmUtils.java:logWarn(179)) - ConfigKey ozone.scm.block.client.address is deprecated, For configuring different ports for each SCM use PortConfigKey ozone.scm.block.client.port appended with serviceId and nodeId. If want to configure same port configure ozone.scm.block.client.port
2022-01-08 13:18:09,832 [Listener at 0.0.0.0/12093] WARN  scm.ScmUtils (ScmUtils.java:logWarn(179)) - ConfigKey ozone.scm.client.address is deprecated, For configuring different ports for each SCM use PortConfigKey ozone.scm.client.port appended with serviceId and nodeId. If want to configure same port configure ozone.scm.client.port
2022-01-08 13:18:09,832 [Listener at 0.0.0.0/12093] WARN  scm.ScmUtils (ScmUtils.java:logWarn(179)) - ConfigKey ozone.scm.datanode.address is deprecated, For configuring different ports for each SCM use PortConfigKey ozone.scm.datanode.port appended with serviceId and nodeId. If want to configure same port configure ozone.scm.datanode.port
2022-01-08 13:18:09,832 [Listener at 0.0.0.0/12093] WARN  scm.ScmUtils (ScmUtils.java:logWarn(179)) - ConfigKey ozone.scm.block.client.address is deprecated, For configuring different ports for each SCM use PortConfigKey ozone.scm.block.client.port appended with serviceId and nodeId. If want to configure same port configure ozone.scm.block.client.port
2022-01-08 13:18:09,833 [Listener at 0.0.0.0/12093] WARN  scm.ScmUtils (ScmUtils.java:logWarn(179)) - ConfigKey ozone.scm.client.address is deprecated, For configuring different ports for each SCM use PortConfigKey ozone.scm.client.port appended with serviceId and nodeId. If want to configure same port configure ozone.scm.client.port
2022-01-08 13:18:09,833 [Listener at 0.0.0.0/12093] WARN  scm.ScmUtils (ScmUtils.java:logWarn(179)) - ConfigKey ozone.scm.datanode.address is deprecated, For configuring different ports for each SCM use PortConfigKey ozone.scm.datanode.port appended with serviceId and nodeId. If want to configure same port configure ozone.scm.datanode.port
2022-01-08 13:18:09,833 [Listener at 0.0.0.0/12093] INFO  ha.SCMHANodeDetails (SCMHANodeDetails.java:loadSCMHAConfig(250)) - Found matching SCM address with SCMServiceId: scm-service-test1, SCMNodeId: scmNode-3, RPC Address: localhost:12100 and Ratis port: 12100
2022-01-08 13:18:09,833 [Listener at 0.0.0.0/12093] INFO  ha.SCMHANodeDetails (ConfUtils.java:setNodeSpecificConfigs(108)) - Setting configuration key ozone.scm.datanode.address with value of key ozone.scm.datanode.address.scm-service-test1.scmNode-3: 127.0.0.1:12101
2022-01-08 13:18:09,833 [Listener at 0.0.0.0/12093] INFO  ha.SCMHANodeDetails (ConfUtils.java:setNodeSpecificConfigs(108)) - Setting configuration key ozone.scm.block.client.address with value of key ozone.scm.block.client.address.scm-service-test1.scmNode-3: 127.0.0.1:12102
2022-01-08 13:18:09,833 [Listener at 0.0.0.0/12093] INFO  ha.SCMHANodeDetails (ConfUtils.java:setNodeSpecificConfigs(108)) - Setting configuration key ozone.scm.client.address with value of key ozone.scm.client.address.scm-service-test1.scmNode-3: 127.0.0.1:12103
2022-01-08 13:18:09,833 [Listener at 0.0.0.0/12093] INFO  ha.SCMHANodeDetails (ConfUtils.java:setNodeSpecificConfigs(108)) - Setting configuration key ozone.scm.ratis.port with value of key ozone.scm.ratis.port.scm-service-test1.scmNode-3: 12100
2022-01-08 13:18:09,833 [Listener at 0.0.0.0/12093] INFO  ha.SCMHANodeDetails (ConfUtils.java:setNodeSpecificConfigs(108)) - Setting configuration key ozone.scm.grpc.port with value of key ozone.scm.grpc.port.scm-service-test1.scmNode-3: 12104
2022-01-08 13:18:09,833 [Listener at 0.0.0.0/12093] INFO  ha.SCMHANodeDetails (ConfUtils.java:setNodeSpecificConfigs(108)) - Setting configuration key ozone.scm.http-address with value of key ozone.scm.http-address.scm-service-test1.scmNode-3: 127.0.0.1:12098
2022-01-08 13:18:09,833 [Listener at 0.0.0.0/12093] INFO  ha.SCMHANodeDetails (ConfUtils.java:setNodeSpecificConfigs(108)) - Setting configuration key ozone.scm.https-address with value of key ozone.scm.https-address.scm-service-test1.scmNode-3: 127.0.0.1:12099
2022-01-08 13:18:09,833 [Listener at 0.0.0.0/12093] INFO  ha.SCMHANodeDetails (ConfUtils.java:setNodeSpecificConfigs(108)) - Setting configuration key ozone.scm.address with value of key ozone.scm.address.scm-service-test1.scmNode-3: 127.0.0.1
2022-01-08 13:18:09,834 [Listener at 0.0.0.0/12093] WARN  scm.ScmUtils (ScmUtils.java:logWarn(179)) - ConfigKey ozone.scm.block.client.address is deprecated, For configuring different ports for each SCM use PortConfigKey ozone.scm.block.client.port appended with serviceId and nodeId. If want to configure same port configure ozone.scm.block.client.port
2022-01-08 13:18:09,834 [Listener at 0.0.0.0/12093] WARN  scm.ScmUtils (ScmUtils.java:logWarn(179)) - ConfigKey ozone.scm.client.address is deprecated, For configuring different ports for each SCM use PortConfigKey ozone.scm.client.port appended with serviceId and nodeId. If want to configure same port configure ozone.scm.client.port
2022-01-08 13:18:09,834 [Listener at 0.0.0.0/12093] WARN  scm.ScmUtils (ScmUtils.java:logWarn(179)) - ConfigKey ozone.scm.datanode.address is deprecated, For configuring different ports for each SCM use PortConfigKey ozone.scm.datanode.port appended with serviceId and nodeId. If want to configure same port configure ozone.scm.datanode.port
2022-01-08 13:18:09,834 [Listener at 0.0.0.0/12093] WARN  server.ServerUtils (ServerUtils.java:getScmDbDir(148)) - ozone.scm.db.dirs is not configured. We recommend adding this setting. Falling back to ozone.metadata.dirs instead.
2022-01-08 13:18:09,839 [Listener at 0.0.0.0/12093] INFO  upgrade.AbstractLayoutVersionManager (AbstractLayoutVersionManager.java:init(79)) - Initializing Layout version manager with metadata layout = SCM_HA (version = 2), software layout = SCM_HA (version = 2)
2022-01-08 13:18:09,947 [Listener at 0.0.0.0/12093] INFO  reflections.Reflections (Reflections.java:scan(232)) - Reflections took 107 ms to scan 7 urls, producing 119 keys and 279 values 
2022-01-08 13:18:09,965 [Listener at 0.0.0.0/12093] WARN  utils.HAUtils (HAUtils.java:getMetaDir(342)) - ozone.scm.db.dirs is not configured. We recommend adding this setting. Falling back to ozone.metadata.dirs instead.
2022-01-08 13:18:09,966 [Listener at 0.0.0.0/12093] WARN  db.DBStoreBuilder (DBStoreBuilder.java:applyDBDefinition(145)) - ozone.scm.db.dirs is not configured. We recommend adding this setting. Falling back to ozone.metadata.dirs instead.
2022-01-08 13:18:10,126 [Listener at 0.0.0.0/12093] INFO  net.NodeSchemaLoader (NodeSchemaLoader.java:loadSchemaFromFile(129)) - Loading schema from [jar:file:/home/runner/.m2/repository/org/apache/ozone/hdds-common/1.3.0-SNAPSHOT/hdds-common-1.3.0-SNAPSHOT.jar!/network-topology-default.xml]
2022-01-08 13:18:10,126 [Listener at 0.0.0.0/12093] INFO  net.NodeSchemaLoader (NodeSchemaLoader.java:loadSchema(176)) - Loading network topology layer schema file
2022-01-08 13:18:10,141 [Listener at 0.0.0.0/12093] WARN  impl.MetricRegistriesImpl (MetricRegistriesImpl.java:addReporterRegistration(111)) - New reporters are added after registries were created. Some metrics will be missing from the reporter. Please add reporter before adding any new registry.
2022-01-08 13:18:10,142 [Listener at 0.0.0.0/12093] WARN  impl.MetricRegistriesImpl (MetricRegistriesImpl.java:addReporterRegistration(111)) - New reporters are added after registries were created. Some metrics will be missing from the reporter. Please add reporter before adding any new registry.
2022-01-08 13:18:10,143 [Listener at 0.0.0.0/12093] INFO  ha.SCMRatisServerImpl (SCMRatisServerImpl.java:<init>(87)) - starting Raft server for scm:80897d92-89af-48c4-babf-7f0662bb9972
2022-01-08 13:18:10,143 [Listener at 0.0.0.0/12093] INFO  server.RaftServer (ConfUtils.java:logGet(44)) - raft.rpc.type = GRPC (default)
2022-01-08 13:18:10,144 [Listener at 0.0.0.0/12093] INFO  grpc.GrpcFactory (GrpcFactory.java:checkPooledByteBufAllocatorUseCacheForAllThreads(48)) - PERFORMANCE WARNING: useCacheForAllThreads is true that may cause Netty to create a lot garbage objects and, as a result, trigger GC.
	It is recommended to disable useCacheForAllThreads by setting -Dorg.apache.ratis.thirdparty.io.netty.allocator.useCacheForAllThreads=false in command line.
2022-01-08 13:18:10,144 [Listener at 0.0.0.0/12093] INFO  grpc.GrpcConfigKeys (ConfUtils.java:logGet(44)) - raft.grpc.admin.port = -1 (default)
2022-01-08 13:18:10,147 [Listener at 0.0.0.0/12093] INFO  grpc.GrpcConfigKeys (ConfUtils.java:logGet(44)) - raft.grpc.server.port = 12100 (custom)
2022-01-08 13:18:10,147 [Listener at 0.0.0.0/12093] INFO  grpc.GrpcConfigKeys (ConfUtils.java:logGet(44)) - raft.grpc.client.port = -1 (default)
2022-01-08 13:18:10,147 [Listener at 0.0.0.0/12093] INFO  grpc.GrpcConfigKeys (ConfUtils.java:logGet(44)) - raft.grpc.server.port = 12100 (custom)
2022-01-08 13:18:10,147 [Listener at 0.0.0.0/12093] INFO  grpc.GrpcConfigKeys (ConfUtils.java:logGet(44)) - raft.grpc.server.port = 12100 (custom)
2022-01-08 13:18:10,147 [Listener at 0.0.0.0/12093] INFO  server.GrpcService (ConfUtils.java:logGet(44)) - raft.grpc.message.size.max = 32m (=33554432) (custom)
2022-01-08 13:18:10,155 [Listener at 0.0.0.0/12093] INFO  server.RaftServerConfigKeys (ConfUtils.java:logGet(44)) - raft.server.log.appender.buffer.byte-limit = 33554432 (custom)
2022-01-08 13:18:10,155 [Listener at 0.0.0.0/12093] INFO  server.GrpcService (ConfUtils.java:logGet(44)) - raft.grpc.flow.control.window = 1MB (=1048576) (default)
2022-01-08 13:18:10,155 [Listener at 0.0.0.0/12093] INFO  server.RaftServerConfigKeys (ConfUtils.java:logGet(44)) - raft.server.rpc.request.timeout = 30000ms (custom)
2022-01-08 13:18:10,156 [Listener at 0.0.0.0/12093] INFO  impl.DataStreamServerImpl (ConfUtils.java:logGet(44)) - raft.datastream.type = DISABLED (default)
2022-01-08 13:18:10,157 [Listener at 0.0.0.0/12093] INFO  server.RaftServerConfigKeys (ConfUtils.java:logGet(44)) - raft.server.rpc.slowness.timeout = 120000ms (custom)
2022-01-08 13:18:10,157 [Listener at 0.0.0.0/12093] INFO  server.RaftServerConfigKeys (ConfUtils.java:logGet(44)) - raft.server.leaderelection.leader.step-down.wait-time = 10s (default)
2022-01-08 13:18:10,157 [Listener at 0.0.0.0/12093] INFO  server.RaftServerConfigKeys (ConfUtils.java:logGet(44)) - raft.server.storage.dir = [/home/runner/work/ozone/ozone/hadoop-ozone/integration-test/target/test-dir/MiniOzoneClusterImpl-96dde82e-0bdc-4c97-ae5c-ef816938392d/scmNode-3/scm-ha] (custom)
2022-01-08 13:18:10,175 [Listener at 0.0.0.0/12093] INFO  server.RaftServer (RaftServerProxy.java:addNew(95)) - 80897d92-89af-48c4-babf-7f0662bb9972: addNew group-EF816938392D:[] returns group-EF816938392D:java.util.concurrent.CompletableFuture@301f5aaf[Not completed]
2022-01-08 13:18:10,175 [pool-263-thread-1] INFO  server.RaftServer$Division (RaftServerImpl.java:<init>(184)) - 80897d92-89af-48c4-babf-7f0662bb9972: new RaftServerImpl for group-EF816938392D:[] with SCMStateMachine:uninitialized
2022-01-08 13:18:10,188 [pool-263-thread-1] INFO  server.RaftServerConfigKeys (ConfUtils.java:logGet(44)) - raft.server.rpc.timeout.min = 5000ms (custom)
2022-01-08 13:18:10,189 [pool-263-thread-1] INFO  server.RaftServerConfigKeys (ConfUtils.java:logGet(44)) - raft.server.rpc.timeout.max = 5200ms (custom)
2022-01-08 13:18:10,189 [pool-263-thread-1] INFO  server.RaftServerConfigKeys (ConfUtils.java:logGet(44)) - raft.server.rpc.sleep.time = 25ms (default)
2022-01-08 13:18:10,189 [pool-263-thread-1] INFO  server.RaftServerConfigKeys (ConfUtils.java:logGet(44)) - raft.server.rpc.slowness.timeout = 120000ms (custom)
2022-01-08 13:18:10,189 [pool-263-thread-1] INFO  server.RaftServerConfigKeys (ConfUtils.java:logGet(44)) - raft.server.leaderelection.leader.step-down.wait-time = 10s (default)
2022-01-08 13:18:10,189 [pool-263-thread-1] INFO  server.RaftServerConfigKeys (ConfUtils.java:logGet(44)) - raft.server.sleep.deviation.threshold = 300ms (default)
2022-01-08 13:18:10,189 [pool-263-thread-1] INFO  server.RaftServerConfigKeys (ConfUtils.java:logGet(44)) - raft.server.log.appender.install.snapshot.enabled = false (custom)
2022-01-08 13:18:10,189 [pool-263-thread-1] INFO  server.RaftServer$Division (ServerState.java:<init>(105)) - 80897d92-89af-48c4-babf-7f0662bb9972@group-EF816938392D: ConfigurationManager, init=-1: [], old=null, confs=<EMPTY_MAP>
2022-01-08 13:18:10,189 [pool-263-thread-1] INFO  server.RaftServerConfigKeys (ConfUtils.java:logGet(44)) - raft.server.storage.dir = [/home/runner/work/ozone/ozone/hadoop-ozone/integration-test/target/test-dir/MiniOzoneClusterImpl-96dde82e-0bdc-4c97-ae5c-ef816938392d/scmNode-3/scm-ha] (custom)
2022-01-08 13:18:10,189 [pool-263-thread-1] INFO  server.RaftServerConfigKeys (ConfUtils.java:logGet(44)) - raft.server.log.corruption.policy = EXCEPTION (default)
2022-01-08 13:18:10,189 [pool-263-thread-1] INFO  server.RaftServerConfigKeys (ConfUtils.java:logGet(44)) - raft.server.storage.free-space.min = 0MB (=0) (default)
2022-01-08 13:18:10,189 [pool-263-thread-1] INFO  storage.RaftStorageDirectory (RaftStorageDirectoryImpl.java:analyzeStorage(135)) - The storage directory /home/runner/work/ozone/ozone/hadoop-ozone/integration-test/target/test-dir/MiniOzoneClusterImpl-96dde82e-0bdc-4c97-ae5c-ef816938392d/scmNode-3/scm-ha/96dde82e-0bdc-4c97-ae5c-ef816938392d does not exist. Creating ...
2022-01-08 13:18:10,191 [pool-263-thread-1] INFO  storage.RaftStorageDirectory (RaftStorageDirectoryImpl.java:tryLock(230)) - Lock on /home/runner/work/ozone/ozone/hadoop-ozone/integration-test/target/test-dir/MiniOzoneClusterImpl-96dde82e-0bdc-4c97-ae5c-ef816938392d/scmNode-3/scm-ha/96dde82e-0bdc-4c97-ae5c-ef816938392d/in_use.lock acquired by nodename 7755@fv-az195-8
2022-01-08 13:18:10,192 [pool-263-thread-1] INFO  storage.RaftStorage (RaftStorageImpl.java:format(89)) - Storage directory /home/runner/work/ozone/ozone/hadoop-ozone/integration-test/target/test-dir/MiniOzoneClusterImpl-96dde82e-0bdc-4c97-ae5c-ef816938392d/scmNode-3/scm-ha/96dde82e-0bdc-4c97-ae5c-ef816938392d has been successfully formatted.
2022-01-08 13:18:10,192 [pool-263-thread-1] INFO  server.RaftServerConfigKeys (ConfUtils.java:logGet(44)) - raft.server.notification.no-leader.timeout = 60s (default)
2022-01-08 13:18:10,192 [pool-263-thread-1] INFO  server.RaftServerConfigKeys (ConfUtils.java:logGet(44)) - raft.server.log.use.memory = false (default)
2022-01-08 13:18:10,192 [pool-263-thread-1] INFO  server.RaftServerConfigKeys (ConfUtils.java:logGet(44)) - raft.server.log.purge.gap = 5 (custom)
2022-01-08 13:18:10,192 [pool-263-thread-1] INFO  server.RaftServerConfigKeys (ConfUtils.java:logGet(44)) - raft.server.log.appender.buffer.byte-limit = 33554432 (custom)
2022-01-08 13:18:10,193 [pool-263-thread-1] INFO  server.RaftServerConfigKeys (ConfUtils.java:logGet(44)) - raft.server.log.segment.size.max = 4194304 (custom)
2022-01-08 13:18:10,193 [pool-263-thread-1] INFO  server.RaftServerConfigKeys (ConfUtils.java:logGet(44)) - raft.server.log.segment.cache.num.max = 2 (custom)
2022-01-08 13:18:10,193 [pool-263-thread-1] INFO  server.RaftServerConfigKeys (ConfUtils.java:logGet(44)) - raft.server.log.segment.cache.size.max = 200MB (=209715200) (default)
2022-01-08 13:18:10,193 [pool-263-thread-1] INFO  segmented.SegmentedRaftLogWorker (SegmentedRaftLogWorker.java:<init>(182)) - new 80897d92-89af-48c4-babf-7f0662bb9972@group-EF816938392D-SegmentedRaftLogWorker for RaftStorageImpl:Storage Directory /home/runner/work/ozone/ozone/hadoop-ozone/integration-test/target/test-dir/MiniOzoneClusterImpl-96dde82e-0bdc-4c97-ae5c-ef816938392d/scmNode-3/scm-ha/96dde82e-0bdc-4c97-ae5c-ef816938392d
2022-01-08 13:18:10,193 [pool-263-thread-1] INFO  server.RaftServerConfigKeys (ConfUtils.java:logGet(44)) - raft.server.log.queue.byte-limit = 64MB (=67108864) (default)
2022-01-08 13:18:10,193 [pool-263-thread-1] INFO  server.RaftServerConfigKeys (ConfUtils.java:logGet(44)) - raft.server.log.queue.element-limit = 4096 (default)
2022-01-08 13:18:10,193 [pool-263-thread-1] INFO  server.RaftServerConfigKeys (ConfUtils.java:logGet(44)) - raft.server.log.segment.size.max = 4194304 (custom)
2022-01-08 13:18:10,193 [pool-263-thread-1] INFO  server.RaftServerConfigKeys (ConfUtils.java:logGet(44)) - raft.server.log.preallocated.size = 4194304 (custom)
2022-01-08 13:18:10,193 [pool-263-thread-1] INFO  server.RaftServerConfigKeys (ConfUtils.java:logGet(44)) - raft.server.log.force.sync.num = 128 (default)
2022-01-08 13:18:10,193 [pool-263-thread-1] INFO  server.RaftServerConfigKeys (ConfUtils.java:logGet(44)) - raft.server.log.statemachine.data.sync = true (default)
2022-01-08 13:18:10,193 [pool-263-thread-1] INFO  server.RaftServerConfigKeys (ConfUtils.java:logGet(44)) - raft.server.log.statemachine.data.sync.timeout = 10s (default)
2022-01-08 13:18:10,193 [pool-263-thread-1] INFO  server.RaftServerConfigKeys (ConfUtils.java:logGet(44)) - raft.server.log.statemachine.data.sync.timeout.retry = -1 (default)
2022-01-08 13:18:10,194 [pool-263-thread-1] INFO  server.RaftServerConfigKeys (ConfUtils.java:logGet(44)) - raft.server.log.write.buffer.size = 64KB (=65536) (default)
2022-01-08 13:18:10,194 [pool-263-thread-1] INFO  server.RaftServerConfigKeys (ConfUtils.java:logGet(44)) - raft.server.log.statemachine.data.caching.enabled = false (default)
2022-01-08 13:18:10,194 [pool-263-thread-1] INFO  segmented.SegmentedRaftLogWorker (SegmentedRaftLogWorker.java:lambda$new$0(133)) - 80897d92-89af-48c4-babf-7f0662bb9972@group-EF816938392D-SegmentedRaftLogWorker: flushIndex: setUnconditionally 0 -> -1
2022-01-08 13:18:10,194 [pool-263-thread-1] INFO  segmented.SegmentedRaftLogWorker (SegmentedRaftLogWorker.java:lambda$new$0(133)) - 80897d92-89af-48c4-babf-7f0662bb9972@group-EF816938392D-SegmentedRaftLogWorker: safeCacheEvictIndex: setUnconditionally 0 -> -1
2022-01-08 13:18:10,203 [pool-263-thread-1] INFO  server.RaftServerConfigKeys (ConfUtils.java:logGet(44)) - raft.server.snapshot.auto.trigger.enabled = true (custom)
2022-01-08 13:18:10,203 [pool-263-thread-1] INFO  server.RaftServerConfigKeys (ConfUtils.java:logGet(44)) - raft.server.snapshot.auto.trigger.threshold = 5 (custom)
2022-01-08 13:18:10,203 [pool-263-thread-1] INFO  server.RaftServerConfigKeys (ConfUtils.java:logGet(44)) - raft.server.snapshot.retention.file.num = -1 (default)
2022-01-08 13:18:10,203 [pool-263-thread-1] INFO  server.RaftServerConfigKeys (ConfUtils.java:logGet(44)) - raft.server.log.purge.upto.snapshot.index = true (custom)
2022-01-08 13:18:10,203 [pool-263-thread-1] INFO  server.RaftServerConfigKeys (ConfUtils.java:logGet(44)) - raft.server.retrycache.expirytime = 60000ms (default)
2022-01-08 13:18:10,203 [pool-263-thread-1] INFO  server.RaftServerConfigKeys (ConfUtils.java:logGet(44)) - raft.server.retrycache.statistics.expirytime = 100μs (default)
2022-01-08 13:18:10,204 [Listener at 0.0.0.0/12093] INFO  ha.SCMSnapshotProvider (SCMSnapshotProvider.java:<init>(66)) - Initializing SCM Snapshot Provider
2022-01-08 13:18:10,204 [Listener at 0.0.0.0/12093] WARN  server.ServerUtils (ServerUtils.java:getDefaultRatisDirectory(237)) - Storage directory for Ratis is not configured. It is a good idea to map this to an SSD disk. Falling back to ozone.metadata.dirs
2022-01-08 13:18:10,205 [Listener at 0.0.0.0/12093] WARN  ha.SCMHAUtils (SCMHAUtils.java:getSCMRatisSnapshotDirectory(146)) - SCM snapshot dir is not configured. Falling back to ozone.metadata.dirs config
2022-01-08 13:18:10,206 [Listener at 0.0.0.0/12093] INFO  ha.SequenceIdGenerator (SequenceIdGenerator.java:upgradeToSequenceId(347)) - upgrade localId to 109611004723200000
2022-01-08 13:18:10,206 [Listener at 0.0.0.0/12093] INFO  ha.SequenceIdGenerator (SequenceIdGenerator.java:upgradeToSequenceId(357)) - upgrade delTxnId to 0
2022-01-08 13:18:10,207 [Listener at 0.0.0.0/12093] INFO  ha.SequenceIdGenerator (SequenceIdGenerator.java:upgradeToSequenceId(371)) - upgrade containerId to 0
2022-01-08 13:18:10,207 [Listener at 0.0.0.0/12093] INFO  ha.SequenceIdGenerator (SequenceIdGenerator.java:<init>(218)) - Init the HA SequenceIdGenerator.
2022-01-08 13:18:10,207 [Listener at 0.0.0.0/12093] WARN  server.ServerUtils (ServerUtils.java:sanitizeUserArgs(73)) - ozone.scm.stale.node.interval value = 300000 is larger than max = 100000 based on the key value of ozone.scm.heartbeat.thread.interval, reset to the max value 100000.
2022-01-08 13:18:10,207 [Listener at 0.0.0.0/12093] WARN  server.ServerUtils (ServerUtils.java:sanitizeUserArgs(73)) - ozone.scm.stale.node.interval value = 300000 is larger than max = 100000 based on the key value of ozone.scm.heartbeat.thread.interval, reset to the max value 100000.
2022-01-08 13:18:10,215 [Listener at 0.0.0.0/12093] INFO  node.SCMNodeManager (SCMNodeManager.java:<init>(144)) - Entering startup safe mode.
2022-01-08 13:18:10,216 [Listener at 0.0.0.0/12093] INFO  algorithms.ContainerPlacementPolicyFactory (ContainerPlacementPolicyFactory.java:getPolicy(60)) - Create container placement policy of type org.apache.hadoop.hdds.scm.container.placement.algorithms.SCMContainerPlacementRandom
2022-01-08 13:18:10,216 [Listener at 0.0.0.0/12093] INFO  pipeline.PipelineStateManagerImpl (PipelineStateManagerImpl.java:initialize(78)) - No pipeline exists in current db
2022-01-08 13:18:10,216 [Listener at 0.0.0.0/12093] INFO  algorithms.LeaderChoosePolicyFactory (LeaderChoosePolicyFactory.java:getPolicy(57)) - Create leader choose policy of type org.apache.hadoop.hdds.scm.pipeline.leader.choose.algorithms.MinLeaderCountChoosePolicy
2022-01-08 13:18:10,216 [Listener at 0.0.0.0/12093] INFO  ha.SCMServiceManager (SCMServiceManager.java:register(43)) - Registering service BackgroundPipelineCreator.
2022-01-08 13:18:10,216 [Listener at 0.0.0.0/12093] INFO  pipeline.BackgroundPipelineCreator (BackgroundPipelineCreator.java:start(130)) - Starting RatisPipelineUtilsThread.
2022-01-08 13:18:10,219 [Listener at 0.0.0.0/12093] INFO  algorithms.PipelineChoosePolicyFactory (PipelineChoosePolicyFactory.java:createPipelineChoosePolicyFromClass(73)) - Create pipeline choose policy of type org.apache.hadoop.hdds.scm.pipeline.choose.algorithms.RandomPipelineChoosePolicy
2022-01-08 13:18:10,220 [Listener at 0.0.0.0/12093] INFO  ha.SCMServiceManager (SCMServiceManager.java:register(43)) - Registering service SCMBlockDeletingService.
2022-01-08 13:18:10,220 [Listener at 0.0.0.0/12093] INFO  ha.SCMServiceManager (SCMServiceManager.java:register(43)) - Registering service ReplicationManager.
2022-01-08 13:18:10,220 [Listener at 0.0.0.0/12093] INFO  container.ReplicationManager (ReplicationManager.java:start(319)) - Starting Replication Monitor Thread.
2022-01-08 13:18:10,223 [Listener at 0.0.0.0/12093] INFO  safemode.ContainerSafeModeRule (ContainerSafeModeRule.java:<init>(89)) - containers with one replica threshold count 0
2022-01-08 13:18:10,224 [Listener at 0.0.0.0/12093] INFO  safemode.HealthyPipelineSafeModeRule (HealthyPipelineSafeModeRule.java:initializeRule(156)) - Total pipeline count is 0, healthy pipeline threshold count is 1
2022-01-08 13:18:10,224 [Listener at 0.0.0.0/12093] INFO  safemode.OneReplicaPipelineSafeModeRule (OneReplicaPipelineSafeModeRule.java:initializeRule(180)) - Total pipeline count is 0, pipeline's with at least one datanode reported threshold count is 0
2022-01-08 13:18:10,239 [Listener at 0.0.0.0/12093] INFO  ipc.CallQueueManager (CallQueueManager.java:<init>(90)) - Using callQueue: class java.util.concurrent.LinkedBlockingQueue, queueCapacity: 2000, scheduler: class org.apache.hadoop.ipc.DefaultRpcScheduler, ipcBackoff: false.
2022-01-08 13:18:10,246 [Socket Reader #1 for port 12101] INFO  ipc.Server (Server.java:run(1265)) - Starting Socket Reader #1 for port 12101
2022-01-08 13:18:10,250 [Listener at 0.0.0.0/12101] INFO  ipc.CallQueueManager (CallQueueManager.java:<init>(90)) - Using callQueue: class java.util.concurrent.LinkedBlockingQueue, queueCapacity: 2000, scheduler: class org.apache.hadoop.ipc.DefaultRpcScheduler, ipcBackoff: false.
2022-01-08 13:18:10,256 [ReplicationMonitor] INFO  container.ReplicationManager (ReplicationManager.java:processAll(371)) - Replication Monitor Thread took 0 milliseconds for processing 0 containers.
2022-01-08 13:18:10,259 [Socket Reader #1 for port 12102] INFO  ipc.Server (Server.java:run(1265)) - Starting Socket Reader #1 for port 12102
2022-01-08 13:18:10,272 [Listener at 0.0.0.0/12102] INFO  ipc.CallQueueManager (CallQueueManager.java:<init>(90)) - Using callQueue: class java.util.concurrent.LinkedBlockingQueue, queueCapacity: 2000, scheduler: class org.apache.hadoop.ipc.DefaultRpcScheduler, ipcBackoff: false.
2022-01-08 13:18:10,278 [Socket Reader #1 for port 12103] INFO  ipc.Server (Server.java:run(1265)) - Starting Socket Reader #1 for port 12103
2022-01-08 13:18:10,333 [Listener at 0.0.0.0/12103] INFO  algorithms.ContainerPlacementPolicyFactory (ContainerPlacementPolicyFactory.java:getPolicy(60)) - Create container placement policy of type org.apache.hadoop.hdds.scm.container.placement.algorithms.SCMContainerPlacementRandom
2022-01-08 13:18:10,338 [Listener at 0.0.0.0/12103] INFO  server.StorageContainerManager (StorageContainerManager.java:<init>(388)) - 
Container Balancer status:
Key                            Value
Running                        false
Container Balancer Configuration values:
Key                                                Value
Threshold                                          0.1
Max Datanodes to Involve per Iteration(ratio)      0.2
Max Size to Move per Iteration                     30GB
Max Size Entering Target per Iteration             26GB
Max Size Leaving Source per Iteration              26GB

2022-01-08 13:18:10,338 [Listener at 0.0.0.0/12103] WARN  events.EventQueue (EventQueue.java:fireEvent(194)) - No event handler registered for event TypedEvent{payloadType=SafeModeStatus, name='Safe mode status'}
2022-01-08 13:18:10,339 [Listener at 0.0.0.0/12103] INFO  ha.SCMContext (SCMContext.java:updateSafeModeStatus(211)) - Update SafeModeStatus from SafeModeStatus{safeModeStatus=true, preCheckPassed=false} to SafeModeStatus{safeModeStatus=true, preCheckPassed=false}.
2022-01-08 13:18:10,339 [Listener at 0.0.0.0/12103] INFO  ozone.MiniOzoneHAClusterImpl (MiniOzoneHAClusterImpl.java:createSCMService(581)) - Intialized SCM at org.apache.hadoop.hdds.scm.server.SCMClientProtocolServer@5db33742. This SCM is currently inactive (not running).
2022-01-08 13:18:10,340 [Listener at 0.0.0.0/12103] INFO  ha.OMHANodeDetails (OMHANodeDetails.java:loadOMHAConfig(118)) - ServiceID for OzoneManager is om-service-test1
2022-01-08 13:18:10,341 [Listener at 0.0.0.0/12103] INFO  ha.OMHANodeDetails (OMHANodeDetails.java:loadOMHAConfig(193)) - Found matching OM address with OMServiceId: om-service-test1, OMNodeId: omNode-1, RPC Address: localhost:12096 and Ratis port: 12100
2022-01-08 13:18:10,341 [Listener at 0.0.0.0/12103] INFO  ha.OMHANodeDetails (ConfUtils.java:setNodeSpecificConfigs(108)) - Setting configuration key ozone.om.http-address with value of key ozone.om.http-address.om-service-test1.omNode-1: 127.0.0.1:12098
2022-01-08 13:18:10,341 [Listener at 0.0.0.0/12103] INFO  ha.OMHANodeDetails (ConfUtils.java:setNodeSpecificConfigs(108)) - Setting configuration key ozone.om.https-address with value of key ozone.om.https-address.om-service-test1.omNode-1: 127.0.0.1:12099
2022-01-08 13:18:10,342 [Listener at 0.0.0.0/12103] INFO  ha.OMHANodeDetails (ConfUtils.java:setNodeSpecificConfigs(108)) - Setting configuration key ozone.om.address with value of key ozone.om.address.om-service-test1.omNode-1: 127.0.0.1:12096
2022-01-08 13:18:10,342 [Listener at 0.0.0.0/12103] WARN  server.ServerUtils (ServerUtils.java:getDBPath(225)) - ozone.om.db.dirs is not configured. We recommend adding this setting. Falling back to ozone.metadata.dirs instead.
2022-01-08 13:18:10,343 [Listener at 0.0.0.0/12103] INFO  ha.SCMNodeInfo (SCMNodeInfo.java:getPort(197)) - ConfigKey ozone.scm.client.address is deprecated, For configuring different ports for each SCM use PortConfigKey ozone.scm.client.port appended with serviceId and nodeId
2022-01-08 13:18:10,344 [Listener at 0.0.0.0/12103] INFO  ha.SCMNodeInfo (SCMNodeInfo.java:getPort(197)) - ConfigKey ozone.scm.block.client.address is deprecated, For configuring different ports for each SCM use PortConfigKey ozone.scm.block.client.port appended with serviceId and nodeId
2022-01-08 13:18:10,345 [Listener at 0.0.0.0/12103] INFO  ha.SCMNodeInfo (SCMNodeInfo.java:getPort(197)) - ConfigKey ozone.scm.datanode.address is deprecated, For configuring different ports for each SCM use PortConfigKey ozone.scm.datanode.port appended with serviceId and nodeId
2022-01-08 13:18:10,345 [Listener at 0.0.0.0/12103] INFO  ha.SCMNodeInfo (SCMNodeInfo.java:getPort(197)) - ConfigKey ozone.scm.client.address is deprecated, For configuring different ports for each SCM use PortConfigKey ozone.scm.client.port appended with serviceId and nodeId
2022-01-08 13:18:10,345 [Listener at 0.0.0.0/12103] INFO  ha.SCMNodeInfo (SCMNodeInfo.java:getPort(197)) - ConfigKey ozone.scm.block.client.address is deprecated, For configuring different ports for each SCM use PortConfigKey ozone.scm.block.client.port appended with serviceId and nodeId
2022-01-08 13:18:10,345 [Listener at 0.0.0.0/12103] INFO  ha.SCMNodeInfo (SCMNodeInfo.java:getPort(197)) - ConfigKey ozone.scm.datanode.address is deprecated, For configuring different ports for each SCM use PortConfigKey ozone.scm.datanode.port appended with serviceId and nodeId
2022-01-08 13:18:10,345 [Listener at 0.0.0.0/12103] INFO  ha.SCMNodeInfo (SCMNodeInfo.java:getPort(197)) - ConfigKey ozone.scm.client.address is deprecated, For configuring different ports for each SCM use PortConfigKey ozone.scm.client.port appended with serviceId and nodeId
2022-01-08 13:18:10,345 [Listener at 0.0.0.0/12103] INFO  ha.SCMNodeInfo (SCMNodeInfo.java:getPort(197)) - ConfigKey ozone.scm.block.client.address is deprecated, For configuring different ports for each SCM use PortConfigKey ozone.scm.block.client.port appended with serviceId and nodeId
2022-01-08 13:18:10,345 [Listener at 0.0.0.0/12103] INFO  ha.SCMNodeInfo (SCMNodeInfo.java:getPort(197)) - ConfigKey ozone.scm.datanode.address is deprecated, For configuring different ports for each SCM use PortConfigKey ozone.scm.datanode.port appended with serviceId and nodeId
OM initialization succeeded.Current cluster id for sd=/home/runner/work/ozone/ozone/hadoop-ozone/integration-test/target/test-dir/MiniOzoneClusterImpl-96dde82e-0bdc-4c97-ae5c-ef816938392d/omNode-1/om;cid=96dde82e-0bdc-4c97-ae5c-ef816938392d;layoutVersion=0
2022-01-08 13:18:10,375 [Listener at 0.0.0.0/12103] INFO  ha.OMHANodeDetails (OMHANodeDetails.java:loadOMHAConfig(118)) - ServiceID for OzoneManager is om-service-test1
2022-01-08 13:18:10,375 [Listener at 0.0.0.0/12103] INFO  ha.OMHANodeDetails (OMHANodeDetails.java:loadOMHAConfig(193)) - Found matching OM address with OMServiceId: om-service-test1, OMNodeId: omNode-1, RPC Address: localhost:12096 and Ratis port: 12100
2022-01-08 13:18:10,376 [Listener at 0.0.0.0/12103] INFO  ha.OMHANodeDetails (ConfUtils.java:setNodeSpecificConfigs(108)) - Setting configuration key ozone.om.http-address with value of key ozone.om.http-address.om-service-test1.omNode-1: 127.0.0.1:12098
2022-01-08 13:18:10,376 [Listener at 0.0.0.0/12103] INFO  ha.OMHANodeDetails (ConfUtils.java:setNodeSpecificConfigs(108)) - Setting configuration key ozone.om.https-address with value of key ozone.om.https-address.om-service-test1.omNode-1: 127.0.0.1:12099
2022-01-08 13:18:10,376 [Listener at 0.0.0.0/12103] INFO  ha.OMHANodeDetails (ConfUtils.java:setNodeSpecificConfigs(108)) - Setting configuration key ozone.om.address with value of key ozone.om.address.om-service-test1.omNode-1: 127.0.0.1:12096
2022-01-08 13:18:10,376 [Listener at 0.0.0.0/12103] WARN  server.ServerUtils (ServerUtils.java:getDBPath(225)) - ozone.om.db.dirs is not configured. We recommend adding this setting. Falling back to ozone.metadata.dirs instead.
2022-01-08 13:18:10,376 [Listener at 0.0.0.0/12103] INFO  upgrade.AbstractLayoutVersionManager (AbstractLayoutVersionManager.java:init(79)) - Initializing Layout version manager with metadata layout = INITIAL_VERSION (version = 0), software layout = INITIAL_VERSION (version = 0)
2022-01-08 13:18:10,485 [Listener at 0.0.0.0/12103] INFO  reflections.Reflections (Reflections.java:scan(232)) - Reflections took 108 ms to scan 2 urls, producing 133 keys and 345 values [using 2 cores]
2022-01-08 13:18:10,485 [Listener at 0.0.0.0/12103] INFO  upgrade.OMLayoutVersionManager (OMLayoutVersionManager.java:lambda$0(115)) - Skipping Upgrade Action MockOmUpgradeAction since it has been finalized.
2022-01-08 13:18:10,485 [Listener at 0.0.0.0/12103] WARN  server.ServerUtils (ServerUtils.java:getDBPath(225)) - ozone.om.db.dirs is not configured. We recommend adding this setting. Falling back to ozone.metadata.dirs instead.
2022-01-08 13:18:10,486 [Listener at 0.0.0.0/12103] INFO  ha.SCMNodeInfo (SCMNodeInfo.java:getPort(197)) - ConfigKey ozone.scm.client.address is deprecated, For configuring different ports for each SCM use PortConfigKey ozone.scm.client.port appended with serviceId and nodeId
2022-01-08 13:18:10,486 [Listener at 0.0.0.0/12103] INFO  ha.SCMNodeInfo (SCMNodeInfo.java:getPort(197)) - ConfigKey ozone.scm.block.client.address is deprecated, For configuring different ports for each SCM use PortConfigKey ozone.scm.block.client.port appended with serviceId and nodeId
2022-01-08 13:18:10,486 [Listener at 0.0.0.0/12103] INFO  ha.SCMNodeInfo (SCMNodeInfo.java:getPort(197)) - ConfigKey ozone.scm.datanode.address is deprecated, For configuring different ports for each SCM use PortConfigKey ozone.scm.datanode.port appended with serviceId and nodeId
2022-01-08 13:18:10,486 [Listener at 0.0.0.0/12103] INFO  ha.SCMNodeInfo (SCMNodeInfo.java:getPort(197)) - ConfigKey ozone.scm.client.address is deprecated, For configuring different ports for each SCM use PortConfigKey ozone.scm.client.port appended with serviceId and nodeId
2022-01-08 13:18:10,486 [Listener at 0.0.0.0/12103] INFO  ha.SCMNodeInfo (SCMNodeInfo.java:getPort(197)) - ConfigKey ozone.scm.block.client.address is deprecated, For configuring different ports for each SCM use PortConfigKey ozone.scm.block.client.port appended with serviceId and nodeId
2022-01-08 13:18:10,486 [Listener at 0.0.0.0/12103] INFO  ha.SCMNodeInfo (SCMNodeInfo.java:getPort(197)) - ConfigKey ozone.scm.datanode.address is deprecated, For configuring different ports for each SCM use PortConfigKey ozone.scm.datanode.port appended with serviceId and nodeId
2022-01-08 13:18:10,486 [Listener at 0.0.0.0/12103] INFO  ha.SCMNodeInfo (SCMNodeInfo.java:getPort(197)) - ConfigKey ozone.scm.client.address is deprecated, For configuring different ports for each SCM use PortConfigKey ozone.scm.client.port appended with serviceId and nodeId
2022-01-08 13:18:10,486 [Listener at 0.0.0.0/12103] INFO  ha.SCMNodeInfo (SCMNodeInfo.java:getPort(197)) - ConfigKey ozone.scm.block.client.address is deprecated, For configuring different ports for each SCM use PortConfigKey ozone.scm.block.client.port appended with serviceId and nodeId
2022-01-08 13:18:10,486 [Listener at 0.0.0.0/12103] INFO  ha.SCMNodeInfo (SCMNodeInfo.java:getPort(197)) - ConfigKey ozone.scm.datanode.address is deprecated, For configuring different ports for each SCM use PortConfigKey ozone.scm.datanode.port appended with serviceId and nodeId
2022-01-08 13:18:10,487 [Listener at 0.0.0.0/12103] INFO  ha.SCMNodeInfo (SCMNodeInfo.java:getPort(197)) - ConfigKey ozone.scm.client.address is deprecated, For configuring different ports for each SCM use PortConfigKey ozone.scm.client.port appended with serviceId and nodeId
2022-01-08 13:18:10,487 [Listener at 0.0.0.0/12103] INFO  ha.SCMNodeInfo (SCMNodeInfo.java:getPort(197)) - ConfigKey ozone.scm.block.client.address is deprecated, For configuring different ports for each SCM use PortConfigKey ozone.scm.block.client.port appended with serviceId and nodeId
2022-01-08 13:18:10,487 [Listener at 0.0.0.0/12103] INFO  ha.SCMNodeInfo (SCMNodeInfo.java:getPort(197)) - ConfigKey ozone.scm.datanode.address is deprecated, For configuring different ports for each SCM use PortConfigKey ozone.scm.datanode.port appended with serviceId and nodeId
2022-01-08 13:18:10,487 [Listener at 0.0.0.0/12103] INFO  ha.SCMNodeInfo (SCMNodeInfo.java:getPort(197)) - ConfigKey ozone.scm.client.address is deprecated, For configuring different ports for each SCM use PortConfigKey ozone.scm.client.port appended with serviceId and nodeId
2022-01-08 13:18:10,487 [Listener at 0.0.0.0/12103] INFO  ha.SCMNodeInfo (SCMNodeInfo.java:getPort(197)) - ConfigKey ozone.scm.block.client.address is deprecated, For configuring different ports for each SCM use PortConfigKey ozone.scm.block.client.port appended with serviceId and nodeId
2022-01-08 13:18:10,487 [Listener at 0.0.0.0/12103] INFO  ha.SCMNodeInfo (SCMNodeInfo.java:getPort(197)) - ConfigKey ozone.scm.datanode.address is deprecated, For configuring different ports for each SCM use PortConfigKey ozone.scm.datanode.port appended with serviceId and nodeId
2022-01-08 13:18:10,487 [Listener at 0.0.0.0/12103] INFO  ha.SCMNodeInfo (SCMNodeInfo.java:getPort(197)) - ConfigKey ozone.scm.client.address is deprecated, For configuring different ports for each SCM use PortConfigKey ozone.scm.client.port appended with serviceId and nodeId
2022-01-08 13:18:10,488 [Listener at 0.0.0.0/12103] INFO  ha.SCMNodeInfo (SCMNodeInfo.java:getPort(197)) - ConfigKey ozone.scm.block.client.address is deprecated, For configuring different ports for each SCM use PortConfigKey ozone.scm.block.client.port appended with serviceId and nodeId
2022-01-08 13:18:10,488 [Listener at 0.0.0.0/12103] INFO  ha.SCMNodeInfo (SCMNodeInfo.java:getPort(197)) - ConfigKey ozone.scm.datanode.address is deprecated, For configuring different ports for each SCM use PortConfigKey ozone.scm.datanode.port appended with serviceId and nodeId
2022-01-08 13:18:10,488 [Listener at 0.0.0.0/12103] INFO  ha.SCMNodeInfo (SCMNodeInfo.java:getPort(197)) - ConfigKey ozone.scm.client.address is deprecated, For configuring different ports for each SCM use PortConfigKey ozone.scm.client.port appended with serviceId and nodeId
2022-01-08 13:18:10,488 [Listener at 0.0.0.0/12103] INFO  ha.SCMNodeInfo (SCMNodeInfo.java:getPort(197)) - ConfigKey ozone.scm.block.client.address is deprecated, For configuring different ports for each SCM use PortConfigKey ozone.scm.block.client.port appended with serviceId and nodeId
2022-01-08 13:18:10,489 [Listener at 0.0.0.0/12103] INFO  ha.SCMNodeInfo (SCMNodeInfo.java:getPort(197)) - ConfigKey ozone.scm.datanode.address is deprecated, For configuring different ports for each SCM use PortConfigKey ozone.scm.datanode.port appended with serviceId and nodeId
2022-01-08 13:18:10,489 [Listener at 0.0.0.0/12103] INFO  ha.SCMNodeInfo (SCMNodeInfo.java:getPort(197)) - ConfigKey ozone.scm.client.address is deprecated, For configuring different ports for each SCM use PortConfigKey ozone.scm.client.port appended with serviceId and nodeId
2022-01-08 13:18:10,489 [Listener at 0.0.0.0/12103] INFO  ha.SCMNodeInfo (SCMNodeInfo.java:getPort(197)) - ConfigKey ozone.scm.block.client.address is deprecated, For configuring different ports for each SCM use PortConfigKey ozone.scm.block.client.port appended with serviceId and nodeId
2022-01-08 13:18:10,489 [Listener at 0.0.0.0/12103] INFO  ha.SCMNodeInfo (SCMNodeInfo.java:getPort(197)) - ConfigKey ozone.scm.datanode.address is deprecated, For configuring different ports for each SCM use PortConfigKey ozone.scm.datanode.port appended with serviceId and nodeId
2022-01-08 13:18:10,489 [Listener at 0.0.0.0/12103] INFO  ha.SCMNodeInfo (SCMNodeInfo.java:getPort(197)) - ConfigKey ozone.scm.client.address is deprecated, For configuring different ports for each SCM use PortConfigKey ozone.scm.client.port appended with serviceId and nodeId
2022-01-08 13:18:10,489 [Listener at 0.0.0.0/12103] INFO  ha.SCMNodeInfo (SCMNodeInfo.java:getPort(197)) - ConfigKey ozone.scm.block.client.address is deprecated, For configuring different ports for each SCM use PortConfigKey ozone.scm.block.client.port appended with serviceId and nodeId
2022-01-08 13:18:10,489 [Listener at 0.0.0.0/12103] INFO  ha.SCMNodeInfo (SCMNodeInfo.java:getPort(197)) - ConfigKey ozone.scm.datanode.address is deprecated, For configuring different ports for each SCM use PortConfigKey ozone.scm.datanode.port appended with serviceId and nodeId
2022-01-08 13:18:10,532 [Listener at 0.0.0.0/12103] WARN  server.ServerUtils (ServerUtils.java:getDBPath(225)) - ozone.om.db.dirs is not configured. We recommend adding this setting. Falling back to ozone.metadata.dirs instead.
2022-01-08 13:18:10,532 [Listener at 0.0.0.0/12103] INFO  codec.OmKeyInfoCodec (OmKeyInfoCodec.java:<init>(50)) - OmKeyInfoCodec ignorePipeline = true
2022-01-08 13:18:10,532 [Listener at 0.0.0.0/12103] INFO  codec.RepeatedOmKeyInfoCodec (RepeatedOmKeyInfoCodec.java:<init>(42)) - RepeatedOmKeyInfoCodec ignorePipeline = true
2022-01-08 13:18:10,556 [EndpointStateMachine task thread for /127.0.0.1:15227 - 0 ] INFO  ipc.Client (Client.java:handleConnectionFailure(977)) - Retrying connect to server: localhost/127.0.0.1:15227. Already tried 6 time(s); retry policy is RetryUpToMaximumCountWithFixedSleep(maxRetries=15, sleepTime=1000 MILLISECONDS)
2022-01-08 13:18:10,579 [EndpointStateMachine task thread for /127.0.0.1:15237 - 0 ] INFO  ipc.Client (Client.java:handleConnectionFailure(977)) - Retrying connect to server: localhost/127.0.0.1:15237. Already tried 6 time(s); retry policy is RetryUpToMaximumCountWithFixedSleep(maxRetries=15, sleepTime=1000 MILLISECONDS)
2022-01-08 13:18:10,579 [EndpointStateMachine task thread for /127.0.0.1:15217 - 0 ] INFO  ipc.Client (Client.java:handleConnectionFailure(977)) - Retrying connect to server: localhost/127.0.0.1:15217. Already tried 9 time(s); retry policy is RetryUpToMaximumCountWithFixedSleep(maxRetries=15, sleepTime=1000 MILLISECONDS)
2022-01-08 13:18:10,769 [Listener at 0.0.0.0/12103] INFO  om.OzoneManager (OzoneManager.java:addS3GVolumeToDB(3728)) - Created Volume s3v With Owner runner required for S3Gateway operations.
2022-01-08 13:18:10,775 [Listener at 0.0.0.0/12103] WARN  server.ServerUtils (ServerUtils.java:getDefaultRatisDirectory(237)) - Storage directory for Ratis is not configured. It is a good idea to map this to an SSD disk. Falling back to ozone.metadata.dirs
2022-01-08 13:18:10,775 [Listener at 0.0.0.0/12103] WARN  utils.OzoneManagerRatisUtils (OzoneManagerRatisUtils.java:getOMRatisSnapshotDirectory(323)) - ozone.om.ratis.snapshot.dir is not configured. Falling back to ozone.metadata.dirs config
2022-01-08 13:18:10,775 [Listener at 0.0.0.0/12103] WARN  impl.MetricRegistriesImpl (MetricRegistriesImpl.java:addReporterRegistration(111)) - New reporters are added after registries were created. Some metrics will be missing from the reporter. Please add reporter before adding any new registry.
2022-01-08 13:18:10,776 [Listener at 0.0.0.0/12103] WARN  impl.MetricRegistriesImpl (MetricRegistriesImpl.java:addReporterRegistration(111)) - New reporters are added after registries were created. Some metrics will be missing from the reporter. Please add reporter before adding any new registry.
2022-01-08 13:18:10,776 [Listener at 0.0.0.0/12103] WARN  server.ServerUtils (ServerUtils.java:getDefaultRatisDirectory(237)) - Storage directory for Ratis is not configured. It is a good idea to map this to an SSD disk. Falling back to ozone.metadata.dirs
2022-01-08 13:18:10,777 [Listener at 0.0.0.0/12103] INFO  ratis.OzoneManagerRatisServer (OzoneManagerRatisServer.java:<init>(159)) - Instantiating OM Ratis server with groupID: om-service-test1 and peers: localhost:12100
2022-01-08 13:18:10,777 [Listener at 0.0.0.0/12103] INFO  ratis.OzoneManagerStateMachine (OzoneManagerStateMachine.java:loadSnapshotInfoFromDB(605)) - LastAppliedIndex is set from TransactionInfo from OM DB as (t:0, i:~)
2022-01-08 13:18:10,791 [Listener at 0.0.0.0/12103] INFO  server.RaftServer (ConfUtils.java:logGet(44)) - raft.rpc.type = GRPC (default)
2022-01-08 13:18:10,791 [Listener at 0.0.0.0/12103] INFO  grpc.GrpcFactory (GrpcFactory.java:checkPooledByteBufAllocatorUseCacheForAllThreads(48)) - PERFORMANCE WARNING: useCacheForAllThreads is true that may cause Netty to create a lot garbage objects and, as a result, trigger GC.
	It is recommended to disable useCacheForAllThreads by setting -Dorg.apache.ratis.thirdparty.io.netty.allocator.useCacheForAllThreads=false in command line.
2022-01-08 13:18:10,791 [Listener at 0.0.0.0/12103] INFO  grpc.GrpcConfigKeys (ConfUtils.java:logGet(44)) - raft.grpc.admin.port = -1 (default)
2022-01-08 13:18:10,791 [Listener at 0.0.0.0/12103] INFO  grpc.GrpcConfigKeys (ConfUtils.java:logGet(44)) - raft.grpc.server.port = 12100 (custom)
2022-01-08 13:18:10,791 [Listener at 0.0.0.0/12103] INFO  grpc.GrpcConfigKeys (ConfUtils.java:logGet(44)) - raft.grpc.client.port = -1 (default)
2022-01-08 13:18:10,792 [Listener at 0.0.0.0/12103] INFO  grpc.GrpcConfigKeys (ConfUtils.java:logGet(44)) - raft.grpc.server.port = 12100 (custom)
2022-01-08 13:18:10,792 [Listener at 0.0.0.0/12103] INFO  grpc.GrpcConfigKeys (ConfUtils.java:logGet(44)) - raft.grpc.server.port = 12100 (custom)
2022-01-08 13:18:10,792 [Listener at 0.0.0.0/12103] INFO  server.GrpcService (ConfUtils.java:logGet(44)) - raft.grpc.message.size.max = 33554432 (custom)
2022-01-08 13:18:10,792 [Listener at 0.0.0.0/12103] INFO  server.RaftServerConfigKeys (ConfUtils.java:logGet(44)) - raft.server.log.appender.buffer.byte-limit = 33554432 (custom)
2022-01-08 13:18:10,792 [Listener at 0.0.0.0/12103] INFO  server.GrpcService (ConfUtils.java:logGet(44)) - raft.grpc.flow.control.window = 1MB (=1048576) (default)
2022-01-08 13:18:10,792 [Listener at 0.0.0.0/12103] INFO  server.RaftServerConfigKeys (ConfUtils.java:logGet(44)) - raft.server.rpc.request.timeout = 3000ms (default)
2022-01-08 13:18:10,793 [Listener at 0.0.0.0/12103] INFO  impl.DataStreamServerImpl (ConfUtils.java:logGet(44)) - raft.datastream.type = DISABLED (default)
2022-01-08 13:18:10,794 [Listener at 0.0.0.0/12103] INFO  server.RaftServerConfigKeys (ConfUtils.java:logGet(44)) - raft.server.rpc.slowness.timeout = 2s (custom)
2022-01-08 13:18:10,794 [Listener at 0.0.0.0/12103] INFO  server.RaftServerConfigKeys (ConfUtils.java:logGet(44)) - raft.server.leaderelection.leader.step-down.wait-time = 10s (default)
2022-01-08 13:18:10,794 [Listener at 0.0.0.0/12103] INFO  server.RaftServerConfigKeys (ConfUtils.java:logGet(44)) - raft.server.storage.dir = [/home/runner/work/ozone/ozone/hadoop-ozone/integration-test/target/test-dir/MiniOzoneClusterImpl-96dde82e-0bdc-4c97-ae5c-ef816938392d/omNode-1/ratis] (custom)
2022-01-08 13:18:10,794 [Listener at 0.0.0.0/12103] INFO  server.RaftServer (RaftServerProxy.java:addNew(95)) - omNode-1: addNew group-523986131536:[omNode-1|rpc:localhost:12100|priority:0] returns group-523986131536:java.util.concurrent.CompletableFuture@699f5e36[Not completed]
2022-01-08 13:18:10,795 [Listener at 0.0.0.0/12103] INFO  om.OzoneManager (OzoneManager.java:initializeRatisServer(1834)) - OzoneManager Ratis server initialized at port 12100
2022-01-08 13:18:10,796 [Listener at 0.0.0.0/12103] INFO  ipc.CallQueueManager (CallQueueManager.java:<init>(90)) - Using callQueue: class java.util.concurrent.LinkedBlockingQueue, queueCapacity: 2000, scheduler: class org.apache.hadoop.ipc.DefaultRpcScheduler, ipcBackoff: false.
2022-01-08 13:18:10,796 [pool-287-thread-1] INFO  server.RaftServer$Division (RaftServerImpl.java:<init>(184)) - omNode-1: new RaftServerImpl for group-523986131536:[omNode-1|rpc:localhost:12100|priority:0] with OzoneManagerStateMachine:uninitialized
2022-01-08 13:18:10,799 [Socket Reader #1 for port 12096] INFO  ipc.Server (Server.java:run(1265)) - Starting Socket Reader #1 for port 12096
2022-01-08 13:18:10,813 [pool-287-thread-1] INFO  server.RaftServerConfigKeys (ConfUtils.java:logGet(44)) - raft.server.rpc.timeout.min = 1s (custom)
2022-01-08 13:18:10,813 [pool-287-thread-1] INFO  server.RaftServerConfigKeys (ConfUtils.java:logGet(44)) - raft.server.rpc.timeout.max = 1200ms (custom)
2022-01-08 13:18:10,813 [pool-287-thread-1] INFO  server.RaftServerConfigKeys (ConfUtils.java:logGet(44)) - raft.server.rpc.sleep.time = 25ms (default)
2022-01-08 13:18:10,813 [pool-287-thread-1] INFO  server.RaftServerConfigKeys (ConfUtils.java:logGet(44)) - raft.server.rpc.slowness.timeout = 2s (custom)
2022-01-08 13:18:10,813 [pool-287-thread-1] INFO  server.RaftServerConfigKeys (ConfUtils.java:logGet(44)) - raft.server.leaderelection.leader.step-down.wait-time = 10s (default)
2022-01-08 13:18:10,813 [pool-287-thread-1] INFO  server.RaftServerConfigKeys (ConfUtils.java:logGet(44)) - raft.server.sleep.deviation.threshold = 300ms (default)
2022-01-08 13:18:10,813 [pool-287-thread-1] INFO  server.RaftServerConfigKeys (ConfUtils.java:logGet(44)) - raft.server.log.appender.install.snapshot.enabled = false (custom)
2022-01-08 13:18:10,813 [pool-287-thread-1] INFO  server.RaftServer$Division (ServerState.java:<init>(105)) - omNode-1@group-523986131536: ConfigurationManager, init=-1: [omNode-1|rpc:localhost:12100|priority:0], old=null, confs=<EMPTY_MAP>
2022-01-08 13:18:10,813 [pool-287-thread-1] INFO  server.RaftServerConfigKeys (ConfUtils.java:logGet(44)) - raft.server.storage.dir = [/home/runner/work/ozone/ozone/hadoop-ozone/integration-test/target/test-dir/MiniOzoneClusterImpl-96dde82e-0bdc-4c97-ae5c-ef816938392d/omNode-1/ratis] (custom)
2022-01-08 13:18:10,814 [pool-287-thread-1] INFO  server.RaftServerConfigKeys (ConfUtils.java:logGet(44)) - raft.server.log.corruption.policy = EXCEPTION (default)
2022-01-08 13:18:10,814 [pool-287-thread-1] INFO  server.RaftServerConfigKeys (ConfUtils.java:logGet(44)) - raft.server.storage.free-space.min = 0MB (=0) (default)
2022-01-08 13:18:10,814 [pool-287-thread-1] INFO  storage.RaftStorageDirectory (RaftStorageDirectoryImpl.java:analyzeStorage(135)) - The storage directory /home/runner/work/ozone/ozone/hadoop-ozone/integration-test/target/test-dir/MiniOzoneClusterImpl-96dde82e-0bdc-4c97-ae5c-ef816938392d/omNode-1/ratis/c9bc4cf4-3bc3-3c60-a66b-523986131536 does not exist. Creating ...
2022-01-08 13:18:10,815 [pool-287-thread-1] INFO  storage.RaftStorageDirectory (RaftStorageDirectoryImpl.java:tryLock(230)) - Lock on /home/runner/work/ozone/ozone/hadoop-ozone/integration-test/target/test-dir/MiniOzoneClusterImpl-96dde82e-0bdc-4c97-ae5c-ef816938392d/omNode-1/ratis/c9bc4cf4-3bc3-3c60-a66b-523986131536/in_use.lock acquired by nodename 7755@fv-az195-8
2022-01-08 13:18:10,819 [pool-287-thread-1] INFO  storage.RaftStorage (RaftStorageImpl.java:format(89)) - Storage directory /home/runner/work/ozone/ozone/hadoop-ozone/integration-test/target/test-dir/MiniOzoneClusterImpl-96dde82e-0bdc-4c97-ae5c-ef816938392d/omNode-1/ratis/c9bc4cf4-3bc3-3c60-a66b-523986131536 has been successfully formatted.
2022-01-08 13:18:10,820 [pool-287-thread-1] INFO  server.RaftServerConfigKeys (ConfUtils.java:logGet(44)) - raft.server.notification.no-leader.timeout = 2s (custom)
2022-01-08 13:18:10,820 [pool-287-thread-1] INFO  server.RaftServerConfigKeys (ConfUtils.java:logGet(44)) - raft.server.log.use.memory = false (default)
2022-01-08 13:18:10,820 [pool-287-thread-1] INFO  server.RaftServerConfigKeys (ConfUtils.java:logGet(44)) - raft.server.log.purge.gap = 1000000 (custom)
2022-01-08 13:18:10,820 [pool-287-thread-1] INFO  server.RaftServerConfigKeys (ConfUtils.java:logGet(44)) - raft.server.log.appender.buffer.byte-limit = 33554432 (custom)
2022-01-08 13:18:10,820 [pool-287-thread-1] INFO  server.RaftServerConfigKeys (ConfUtils.java:logGet(44)) - raft.server.log.segment.size.max = 4194304 (custom)
2022-01-08 13:18:10,820 [pool-287-thread-1] INFO  server.RaftServerConfigKeys (ConfUtils.java:logGet(44)) - raft.server.log.segment.cache.num.max = 2 (custom)
2022-01-08 13:18:10,820 [pool-287-thread-1] INFO  server.RaftServerConfigKeys (ConfUtils.java:logGet(44)) - raft.server.log.segment.cache.size.max = 200MB (=209715200) (default)
2022-01-08 13:18:10,821 [pool-287-thread-1] INFO  segmented.SegmentedRaftLogWorker (SegmentedRaftLogWorker.java:<init>(182)) - new omNode-1@group-523986131536-SegmentedRaftLogWorker for RaftStorageImpl:Storage Directory /home/runner/work/ozone/ozone/hadoop-ozone/integration-test/target/test-dir/MiniOzoneClusterImpl-96dde82e-0bdc-4c97-ae5c-ef816938392d/omNode-1/ratis/c9bc4cf4-3bc3-3c60-a66b-523986131536
2022-01-08 13:18:10,821 [pool-287-thread-1] INFO  server.RaftServerConfigKeys (ConfUtils.java:logGet(44)) - raft.server.log.queue.byte-limit = 64MB (=67108864) (default)
2022-01-08 13:18:10,821 [pool-287-thread-1] INFO  server.RaftServerConfigKeys (ConfUtils.java:logGet(44)) - raft.server.log.queue.element-limit = 4096 (default)
2022-01-08 13:18:10,821 [pool-287-thread-1] INFO  server.RaftServerConfigKeys (ConfUtils.java:logGet(44)) - raft.server.log.segment.size.max = 4194304 (custom)
2022-01-08 13:18:10,821 [pool-287-thread-1] INFO  server.RaftServerConfigKeys (ConfUtils.java:logGet(44)) - raft.server.log.preallocated.size = 4194304 (custom)
2022-01-08 13:18:10,821 [pool-287-thread-1] INFO  server.RaftServerConfigKeys (ConfUtils.java:logGet(44)) - raft.server.log.force.sync.num = 128 (default)
2022-01-08 13:18:10,821 [pool-287-thread-1] INFO  server.RaftServerConfigKeys (ConfUtils.java:logGet(44)) - raft.server.log.statemachine.data.sync = true (default)
2022-01-08 13:18:10,821 [pool-287-thread-1] INFO  server.RaftServerConfigKeys (ConfUtils.java:logGet(44)) - raft.server.log.statemachine.data.sync.timeout = 10s (default)
2022-01-08 13:18:10,821 [pool-287-thread-1] INFO  server.RaftServerConfigKeys (ConfUtils.java:logGet(44)) - raft.server.log.statemachine.data.sync.timeout.retry = -1 (default)
2022-01-08 13:18:10,821 [pool-287-thread-1] INFO  server.RaftServerConfigKeys (ConfUtils.java:logGet(44)) - raft.server.log.write.buffer.size = 64KB (=65536) (default)
2022-01-08 13:18:10,822 [pool-287-thread-1] INFO  server.RaftServerConfigKeys (ConfUtils.java:logGet(44)) - raft.server.log.statemachine.data.caching.enabled = false (default)
2022-01-08 13:18:10,822 [pool-287-thread-1] INFO  segmented.SegmentedRaftLogWorker (SegmentedRaftLogWorker.java:lambda$new$0(133)) - omNode-1@group-523986131536-SegmentedRaftLogWorker: flushIndex: setUnconditionally 0 -> -1
2022-01-08 13:18:10,822 [pool-287-thread-1] INFO  segmented.SegmentedRaftLogWorker (SegmentedRaftLogWorker.java:lambda$new$0(133)) - omNode-1@group-523986131536-SegmentedRaftLogWorker: safeCacheEvictIndex: setUnconditionally 0 -> -1
2022-01-08 13:18:10,827 [pool-287-thread-1] INFO  server.RaftServerConfigKeys (ConfUtils.java:logGet(44)) - raft.server.snapshot.auto.trigger.enabled = true (custom)
2022-01-08 13:18:10,827 [pool-287-thread-1] INFO  server.RaftServerConfigKeys (ConfUtils.java:logGet(44)) - raft.server.snapshot.auto.trigger.threshold = 400000 (default)
2022-01-08 13:18:10,827 [pool-287-thread-1] INFO  server.RaftServerConfigKeys (ConfUtils.java:logGet(44)) - raft.server.snapshot.retention.file.num = -1 (default)
2022-01-08 13:18:10,827 [pool-287-thread-1] INFO  server.RaftServerConfigKeys (ConfUtils.java:logGet(44)) - raft.server.log.purge.upto.snapshot.index = true (custom)
2022-01-08 13:18:10,827 [pool-287-thread-1] INFO  server.RaftServerConfigKeys (ConfUtils.java:logGet(44)) - raft.server.retrycache.expirytime = 300s (custom)
2022-01-08 13:18:10,827 [pool-287-thread-1] INFO  server.RaftServerConfigKeys (ConfUtils.java:logGet(44)) - raft.server.retrycache.statistics.expirytime = 100μs (default)
2022-01-08 13:18:10,851 [Listener at 127.0.0.1/12096] INFO  impl.MetricsSystemImpl (MetricsSystemImpl.java:init(158)) - OzoneManager metrics system started (again)
2022-01-08 13:18:10,874 [Listener at 127.0.0.1/12096] INFO  om.OzoneManager (OzoneManager.java:start(1365)) - OzoneManager RPC server is listening at localhost/127.0.0.1:12096
2022-01-08 13:18:10,874 [Listener at 127.0.0.1/12096] INFO  ratis.OzoneManagerRatisServer (OzoneManagerRatisServer.java:start(554)) - Starting OzoneManagerRatisServer omNode-1 at port 12100
2022-01-08 13:18:10,877 [Listener at 127.0.0.1/12096] INFO  server.RaftServer$Division (RaftServerImpl.java:start(301)) - omNode-1@group-523986131536: start as a follower, conf=-1: [omNode-1|rpc:localhost:12100|priority:0], old=null
2022-01-08 13:18:10,878 [Listener at 127.0.0.1/12096] INFO  server.RaftServer$Division (RaftServerImpl.java:setRole(290)) - omNode-1@group-523986131536: changes role from      null to FOLLOWER at term 0 for startAsFollower
2022-01-08 13:18:10,878 [Listener at 127.0.0.1/12096] INFO  impl.RoleInfo (RoleInfo.java:updateAndGet(130)) - omNode-1: start omNode-1@group-523986131536-FollowerState
2022-01-08 13:18:10,887 [Listener at 127.0.0.1/12096] INFO  util.JmxRegister (JmxRegister.java:tryRegister(44)) - Successfully registered JMX Bean with object name Ratis:service=RaftServer,group=group-523986131536,id=omNode-1
2022-01-08 13:18:10,888 [Listener at 127.0.0.1/12096] INFO  server.RaftServer (RaftServerProxy.java:lambda$start$5(374)) - omNode-1: start RPC server
2022-01-08 13:18:10,891 [Listener at 127.0.0.1/12096] INFO  server.GrpcService (GrpcService.java:startImpl(253)) - omNode-1: GrpcService started, listening on 12100
2022-01-08 13:18:10,891 [Listener at 127.0.0.1/12096] INFO  om.OzoneManager (OzoneManager.java:start(1381)) - Version File has different layout version (0) than OM DB (null). That is expected if this OM has never been finalized to a newer layout version.
2022-01-08 13:18:10,895 [org.apache.ratis.util.JvmPauseMonitor$$Lambda$500/2122256138@3447daf1] INFO  util.JvmPauseMonitor (JvmPauseMonitor.java:run(103)) - JvmPauseMonitor-omNode-1: Started
2022-01-08 13:18:10,927 [Listener at 127.0.0.1/12096] INFO  http.BaseHttpServer (BaseHttpServer.java:newHttpServer2BuilderForOzone(209)) - Starting Web-server for ozoneManager at: http://0.0.0.0:12098
2022-01-08 13:18:10,927 [Listener at 127.0.0.1/12096] INFO  http.BaseHttpServer (BaseHttpServer.java:<init>(107)) - Hadoop Security Enabled: false Ozone Security Enabled: false Ozone HTTP Security Enabled: false 
2022-01-08 13:18:10,928 [Listener at 127.0.0.1/12096] INFO  server.AuthenticationFilter (AuthenticationFilter.java:constructSecretProvider(240)) - Unable to initialize FileSignerSecretProvider, falling back to use random secrets.
2022-01-08 13:18:10,934 [Listener at 127.0.0.1/12096] WARN  http.HttpRequestLog (HttpRequestLog.java:getRequestLog(103)) - Jetty request log can only be enabled using Log4j
2022-01-08 13:18:10,937 [Listener at 127.0.0.1/12096] INFO  http.HttpServer2 (HttpServer2.java:addGlobalFilter(1030)) - Added global filter 'safety' (class=org.apache.hadoop.hdds.server.http.HttpServer2$QuotingInputFilter)
2022-01-08 13:18:10,938 [Listener at 127.0.0.1/12096] INFO  http.HttpServer2 (HttpServer2.java:addFilter(1006)) - Added filter static_user_filter (class=org.apache.hadoop.http.lib.StaticUserWebFilter$StaticUserFilter) to context ozoneManager
2022-01-08 13:18:10,938 [Listener at 127.0.0.1/12096] INFO  http.HttpServer2 (HttpServer2.java:addFilter(1014)) - Added filter static_user_filter (class=org.apache.hadoop.http.lib.StaticUserWebFilter$StaticUserFilter) to context logs
2022-01-08 13:18:10,938 [Listener at 127.0.0.1/12096] INFO  http.HttpServer2 (HttpServer2.java:addFilter(1014)) - Added filter static_user_filter (class=org.apache.hadoop.http.lib.StaticUserWebFilter$StaticUserFilter) to context static
2022-01-08 13:18:10,938 [Listener at 127.0.0.1/12096] INFO  http.HttpServer2 (HttpServer2.java:bindListener(1249)) - Jetty bound to port 12098
2022-01-08 13:18:10,939 [Listener at 127.0.0.1/12096] INFO  server.Server (Server.java:doStart(375)) - jetty-9.4.43.v20210629; built: 2021-06-30T11:07:22.254Z; git: 526006ecfa3af7f1a27ef3a288e2bef7ea9dd7e8; jvm 1.8.0_292-b10
2022-01-08 13:18:10,972 [Listener at 127.0.0.1/12096] INFO  server.session (DefaultSessionIdManager.java:doStart(334)) - DefaultSessionIdManager workerName=node0
2022-01-08 13:18:10,972 [Listener at 127.0.0.1/12096] INFO  server.session (DefaultSessionIdManager.java:doStart(339)) - No SessionScavenger set, using defaults
2022-01-08 13:18:10,973 [Listener at 127.0.0.1/12096] INFO  server.session (HouseKeeper.java:startScavenging(132)) - node0 Scavenging every 600000ms
2022-01-08 13:18:10,974 [Listener at 127.0.0.1/12096] INFO  handler.ContextHandler (ContextHandler.java:doStart(915)) - Started o.e.j.s.ServletContextHandler@7778822b{logs,/logs,file:///home/runner/work/ozone/ozone/hadoop-ozone/integration-test/target/log,AVAILABLE}
2022-01-08 13:18:10,974 [Listener at 127.0.0.1/12096] INFO  handler.ContextHandler (ContextHandler.java:doStart(915)) - Started o.e.j.s.ServletContextHandler@4e218fec{static,/static,file:///home/runner/work/ozone/ozone/hadoop-ozone/integration-test/target/test-classes/webapps/static,AVAILABLE}
2022-01-08 13:18:10,977 [Listener at 127.0.0.1/12096] INFO  handler.ContextHandler (ContextHandler.java:doStart(915)) - Started o.e.j.w.WebAppContext@6608c8d5{ozoneManager,/,file:///home/runner/work/ozone/ozone/hadoop-ozone/integration-test/target/test-classes/webapps/ozoneManager/,AVAILABLE}{file:/home/runner/work/ozone/ozone/hadoop-ozone/integration-test/target/test-classes/webapps/ozoneManager}
2022-01-08 13:18:10,991 [Listener at 127.0.0.1/12096] INFO  server.AbstractConnector (AbstractConnector.java:doStart(331)) - Started ServerConnector@5df0e5f0{HTTP/1.1, (http/1.1)}{0.0.0.0:12098}
2022-01-08 13:18:10,991 [Listener at 127.0.0.1/12096] INFO  server.Server (Server.java:doStart(415)) - Started @96388ms
2022-01-08 13:18:10,991 [Listener at 127.0.0.1/12096] WARN  impl.MetricsSystemImpl (MetricsSystemImpl.java:register(279)) - Sink prometheus already exists!
2022-01-08 13:18:10,992 [Listener at 127.0.0.1/12096] INFO  http.BaseHttpServer (BaseHttpServer.java:updateConnectorAddress(329)) - HTTP server of ozoneManager listening at http://0.0.0.0:12098
2022-01-08 13:18:10,997 [IPC Server Responder] INFO  ipc.Server (Server.java:run(1507)) - IPC Server Responder: starting
2022-01-08 13:18:11,002 [IPC Server listener on 12096] INFO  ipc.Server (Server.java:run(1344)) - IPC Server listener on 12096: starting
2022-01-08 13:18:11,006 [Listener at 127.0.0.1/12096] INFO  om.OzoneManager (OzoneManager.java:startTrashEmptier(1792)) - Trash Interval set to 0. Files deleted will not move to trash
2022-01-08 13:18:11,007 [Listener at 127.0.0.1/12096] INFO  ozone.MiniOzoneHAClusterImpl (MiniOzoneHAClusterImpl.java:createOMService(503)) - Started OzoneManager omNode-1 RPC server at localhost/127.0.0.1:12096
2022-01-08 13:18:11,033 [org.apache.hadoop.util.JvmPauseMonitor$Monitor@3ce3a01] INFO  util.JvmPauseMonitor (JvmPauseMonitor.java:run(188)) - Starting JVM pause monitor
2022-01-08 13:18:11,037 [Listener at 127.0.0.1/12096] WARN  impl.MetricRegistriesImpl (MetricRegistriesImpl.java:addReporterRegistration(111)) - New reporters are added after registries were created. Some metrics will be missing from the reporter. Please add reporter before adding any new registry.
2022-01-08 13:18:11,037 [Listener at 127.0.0.1/12096] WARN  impl.MetricRegistriesImpl (MetricRegistriesImpl.java:addReporterRegistration(111)) - New reporters are added after registries were created. Some metrics will be missing from the reporter. Please add reporter before adding any new registry.
2022-01-08 13:18:11,038 [Listener at 127.0.0.1/12096] INFO  impl.MetricsSystemImpl (MetricsSystemImpl.java:init(158)) - HddsDatanode metrics system started (again)
2022-01-08 13:18:11,079 [Listener at 127.0.0.1/12096] INFO  ozone.HddsDatanodeService (HddsDatanodeService.java:start(234)) - HddsDatanodeService host:fv-az195-8.u3nnjwd0vyge1bu22idnsdeq2e.cx.internal.cloudapp.net ip:10.1.0.5
2022-01-08 13:18:11,109 [Listener at 127.0.0.1/12096] INFO  upgrade.AbstractLayoutVersionManager (AbstractLayoutVersionManager.java:init(79)) - Initializing Layout version manager with metadata layout = SCM_HA (version = 2), software layout = SCM_HA (version = 2)
2022-01-08 13:18:11,166 [Listener at 127.0.0.1/12096] INFO  reflections.Reflections (Reflections.java:scan(232)) - Reflections took 55 ms to scan 7 urls, producing 119 keys and 279 values 
2022-01-08 13:18:11,178 [Listener at 127.0.0.1/12096] INFO  ha.SCMNodeInfo (SCMNodeInfo.java:getPort(197)) - ConfigKey ozone.scm.client.address is deprecated, For configuring different ports for each SCM use PortConfigKey ozone.scm.client.port appended with serviceId and nodeId
2022-01-08 13:18:11,181 [Listener at 127.0.0.1/12096] INFO  ha.SCMNodeInfo (SCMNodeInfo.java:getPort(197)) - ConfigKey ozone.scm.block.client.address is deprecated, For configuring different ports for each SCM use PortConfigKey ozone.scm.block.client.port appended with serviceId and nodeId
2022-01-08 13:18:11,181 [Listener at 127.0.0.1/12096] INFO  ha.SCMNodeInfo (SCMNodeInfo.java:getPort(197)) - ConfigKey ozone.scm.datanode.address is deprecated, For configuring different ports for each SCM use PortConfigKey ozone.scm.datanode.port appended with serviceId and nodeId
2022-01-08 13:18:11,181 [Listener at 127.0.0.1/12096] INFO  ha.SCMNodeInfo (SCMNodeInfo.java:getPort(197)) - ConfigKey ozone.scm.client.address is deprecated, For configuring different ports for each SCM use PortConfigKey ozone.scm.client.port appended with serviceId and nodeId
2022-01-08 13:18:11,181 [Listener at 127.0.0.1/12096] INFO  ha.SCMNodeInfo (SCMNodeInfo.java:getPort(197)) - ConfigKey ozone.scm.block.client.address is deprecated, For configuring different ports for each SCM use PortConfigKey ozone.scm.block.client.port appended with serviceId and nodeId
2022-01-08 13:18:11,181 [Listener at 127.0.0.1/12096] INFO  ha.SCMNodeInfo (SCMNodeInfo.java:getPort(197)) - ConfigKey ozone.scm.datanode.address is deprecated, For configuring different ports for each SCM use PortConfigKey ozone.scm.datanode.port appended with serviceId and nodeId
2022-01-08 13:18:11,181 [Listener at 127.0.0.1/12096] INFO  ha.SCMNodeInfo (SCMNodeInfo.java:getPort(197)) - ConfigKey ozone.scm.client.address is deprecated, For configuring different ports for each SCM use PortConfigKey ozone.scm.client.port appended with serviceId and nodeId
2022-01-08 13:18:11,187 [Listener at 127.0.0.1/12096] INFO  ha.SCMNodeInfo (SCMNodeInfo.java:getPort(197)) - ConfigKey ozone.scm.block.client.address is deprecated, For configuring different ports for each SCM use PortConfigKey ozone.scm.block.client.port appended with serviceId and nodeId
2022-01-08 13:18:11,191 [Listener at 127.0.0.1/12096] INFO  ha.SCMNodeInfo (SCMNodeInfo.java:getPort(197)) - ConfigKey ozone.scm.datanode.address is deprecated, For configuring different ports for each SCM use PortConfigKey ozone.scm.datanode.port appended with serviceId and nodeId
2022-01-08 13:18:11,191 [Listener at 127.0.0.1/12096] INFO  statemachine.DatanodeStateMachine (DatanodeStateMachine.java:getEndPointTaskThreadPoolSize(219)) - Datanode State Machine Task Thread Pool size 4
2022-01-08 13:18:11,198 [Listener at 127.0.0.1/12096] INFO  volume.HddsVolume (HddsVolume.java:<init>(120)) - Creating HddsVolume: /home/runner/work/ozone/ozone/hadoop-ozone/integration-test/target/test-dir/MiniOzoneClusterImpl-96dde82e-0bdc-4c97-ae5c-ef816938392d/datanode-0/data-0/containers/hdds of storage type : DISK capacity : 9223372036854775807
2022-01-08 13:18:11,198 [Listener at 127.0.0.1/12096] INFO  volume.MutableVolumeSet (MutableVolumeSet.java:initializeVolumeSet(168)) - Added Volume : /home/runner/work/ozone/ozone/hadoop-ozone/integration-test/target/test-dir/MiniOzoneClusterImpl-96dde82e-0bdc-4c97-ae5c-ef816938392d/datanode-0/data-0/containers/hdds to VolumeSet
2022-01-08 13:18:11,199 [Listener at 127.0.0.1/12096] INFO  volume.ThrottledAsyncChecker (ThrottledAsyncChecker.java:schedule(141)) - Scheduling a check for /home/runner/work/ozone/ozone/hadoop-ozone/integration-test/target/test-dir/MiniOzoneClusterImpl-96dde82e-0bdc-4c97-ae5c-ef816938392d/datanode-0/data-0/containers/hdds
2022-01-08 13:18:11,208 [Listener at 127.0.0.1/12096] INFO  volume.StorageVolumeChecker (StorageVolumeChecker.java:checkAllVolumes(202)) - Scheduled health check for volume /home/runner/work/ozone/ozone/hadoop-ozone/integration-test/target/test-dir/MiniOzoneClusterImpl-96dde82e-0bdc-4c97-ae5c-ef816938392d/datanode-0/data-0/containers/hdds
2022-01-08 13:18:11,223 [Listener at 127.0.0.1/12096] INFO  volume.MutableVolumeSet (MutableVolumeSet.java:initializeVolumeSet(168)) - Added Volume : /home/runner/work/ozone/ozone/hadoop-ozone/integration-test/target/test-dir/MiniOzoneClusterImpl-96dde82e-0bdc-4c97-ae5c-ef816938392d/datanode-0/data/ratis to VolumeSet
2022-01-08 13:18:11,223 [Listener at 127.0.0.1/12096] INFO  volume.ThrottledAsyncChecker (ThrottledAsyncChecker.java:schedule(141)) - Scheduling a check for /home/runner/work/ozone/ozone/hadoop-ozone/integration-test/target/test-dir/MiniOzoneClusterImpl-96dde82e-0bdc-4c97-ae5c-ef816938392d/datanode-0/data/ratis
2022-01-08 13:18:11,223 [Listener at 127.0.0.1/12096] INFO  volume.StorageVolumeChecker (StorageVolumeChecker.java:checkAllVolumes(202)) - Scheduled health check for volume /home/runner/work/ozone/ozone/hadoop-ozone/integration-test/target/test-dir/MiniOzoneClusterImpl-96dde82e-0bdc-4c97-ae5c-ef816938392d/datanode-0/data/ratis
2022-01-08 13:18:11,233 [Thread-1470] INFO  ozoneimpl.ContainerReader (ContainerReader.java:readVolume(172)) - Finish verifying containers on volume /home/runner/work/ozone/ozone/hadoop-ozone/integration-test/target/test-dir/MiniOzoneClusterImpl-96dde82e-0bdc-4c97-ae5c-ef816938392d/datanode-0/data-0/containers/hdds
2022-01-08 13:18:11,234 [Listener at 127.0.0.1/12096] INFO  ozoneimpl.OzoneContainer (OzoneContainer.java:buildContainerSet(237)) - Build ContainerSet costs 0s
2022-01-08 13:18:11,236 [Listener at 127.0.0.1/12096] INFO  server.RaftServer (ConfUtils.java:logGet(44)) - raft.rpc.type = GRPC (default)
2022-01-08 13:18:11,236 [Listener at 127.0.0.1/12096] INFO  grpc.GrpcFactory (GrpcFactory.java:checkPooledByteBufAllocatorUseCacheForAllThreads(48)) - PERFORMANCE WARNING: useCacheForAllThreads is true that may cause Netty to create a lot garbage objects and, as a result, trigger GC.
	It is recommended to disable useCacheForAllThreads by setting -Dorg.apache.ratis.thirdparty.io.netty.allocator.useCacheForAllThreads=false in command line.
2022-01-08 13:18:11,236 [Listener at 127.0.0.1/12096] INFO  grpc.GrpcConfigKeys (ConfUtils.java:logGet(44)) - raft.grpc.admin.port = 0 (custom)
2022-01-08 13:18:11,236 [Listener at 127.0.0.1/12096] INFO  grpc.GrpcConfigKeys (ConfUtils.java:logGet(44)) - raft.grpc.client.port = 0 (custom)
2022-01-08 13:18:11,237 [Listener at 127.0.0.1/12096] INFO  grpc.GrpcConfigKeys (ConfUtils.java:logGet(44)) - raft.grpc.server.port = 0 (default)
2022-01-08 13:18:11,237 [Listener at 127.0.0.1/12096] INFO  server.GrpcService (ConfUtils.java:logGet(44)) - raft.grpc.message.size.max = 32MB (=33554432) (custom)
2022-01-08 13:18:11,237 [Listener at 127.0.0.1/12096] INFO  server.RaftServerConfigKeys (ConfUtils.java:logGet(44)) - raft.server.log.appender.buffer.byte-limit = 33554432 (custom)
2022-01-08 13:18:11,237 [Listener at 127.0.0.1/12096] INFO  server.GrpcService (ConfUtils.java:logGet(44)) - raft.grpc.flow.control.window = 5MB (=5242880) (custom)
2022-01-08 13:18:11,237 [Listener at 127.0.0.1/12096] INFO  server.RaftServerConfigKeys (ConfUtils.java:logGet(44)) - raft.server.rpc.request.timeout = 60s (custom)
2022-01-08 13:18:11,241 [Listener at 127.0.0.1/12096] INFO  impl.DataStreamServerImpl (ConfUtils.java:logGet(44)) - raft.datastream.type = DISABLED (default)
2022-01-08 13:18:11,241 [Listener at 127.0.0.1/12096] INFO  server.RaftServerConfigKeys (ConfUtils.java:logGet(44)) - raft.server.rpc.slowness.timeout = 300s (custom)
2022-01-08 13:18:11,241 [Listener at 127.0.0.1/12096] INFO  server.RaftServerConfigKeys (ConfUtils.java:logGet(44)) - raft.server.leaderelection.leader.step-down.wait-time = 10s (default)
2022-01-08 13:18:11,242 [Listener at 127.0.0.1/12096] INFO  server.RaftServerConfigKeys (ConfUtils.java:logGet(44)) - raft.server.storage.dir = [/home/runner/work/ozone/ozone/hadoop-ozone/integration-test/target/test-dir/MiniOzoneClusterImpl-96dde82e-0bdc-4c97-ae5c-ef816938392d/datanode-0/data/ratis] (custom)
2022-01-08 13:18:11,255 [Listener at 127.0.0.1/12096] INFO  server.XceiverServerGrpc (XceiverServerGrpc.java:<init>(132)) - GrpcServer channel type EpollServerSocketChannel
2022-01-08 13:18:11,268 [Listener at 127.0.0.1/12096] INFO  http.BaseHttpServer (BaseHttpServer.java:newHttpServer2BuilderForOzone(209)) - Starting Web-server for hddsDatanode at: http://0.0.0.0:0
2022-01-08 13:18:11,268 [Listener at 127.0.0.1/12096] INFO  http.BaseHttpServer (BaseHttpServer.java:<init>(107)) - Hadoop Security Enabled: false Ozone Security Enabled: false Ozone HTTP Security Enabled: false 
2022-01-08 13:18:11,270 [Listener at 127.0.0.1/12096] INFO  server.AuthenticationFilter (AuthenticationFilter.java:constructSecretProvider(240)) - Unable to initialize FileSignerSecretProvider, falling back to use random secrets.
2022-01-08 13:18:11,273 [Listener at 127.0.0.1/12096] WARN  http.HttpRequestLog (HttpRequestLog.java:getRequestLog(103)) - Jetty request log can only be enabled using Log4j
2022-01-08 13:18:11,274 [Listener at 127.0.0.1/12096] INFO  http.HttpServer2 (HttpServer2.java:addGlobalFilter(1030)) - Added global filter 'safety' (class=org.apache.hadoop.hdds.server.http.HttpServer2$QuotingInputFilter)
2022-01-08 13:18:11,275 [Listener at 127.0.0.1/12096] INFO  http.HttpServer2 (HttpServer2.java:addFilter(1006)) - Added filter static_user_filter (class=org.apache.hadoop.http.lib.StaticUserWebFilter$StaticUserFilter) to context hddsDatanode
2022-01-08 13:18:11,276 [Listener at 127.0.0.1/12096] INFO  http.HttpServer2 (HttpServer2.java:addFilter(1014)) - Added filter static_user_filter (class=org.apache.hadoop.http.lib.StaticUserWebFilter$StaticUserFilter) to context static
2022-01-08 13:18:11,276 [Listener at 127.0.0.1/12096] INFO  http.HttpServer2 (HttpServer2.java:addFilter(1014)) - Added filter static_user_filter (class=org.apache.hadoop.http.lib.StaticUserWebFilter$StaticUserFilter) to context logs
2022-01-08 13:18:11,276 [Listener at 127.0.0.1/12096] INFO  http.HttpServer2 (HttpServer2.java:bindListener(1249)) - Jetty bound to port 38349
2022-01-08 13:18:11,276 [Listener at 127.0.0.1/12096] INFO  server.Server (Server.java:doStart(375)) - jetty-9.4.43.v20210629; built: 2021-06-30T11:07:22.254Z; git: 526006ecfa3af7f1a27ef3a288e2bef7ea9dd7e8; jvm 1.8.0_292-b10
2022-01-08 13:18:11,311 [Listener at 127.0.0.1/12096] INFO  server.session (DefaultSessionIdManager.java:doStart(334)) - DefaultSessionIdManager workerName=node0
2022-01-08 13:18:11,311 [Listener at 127.0.0.1/12096] INFO  server.session (DefaultSessionIdManager.java:doStart(339)) - No SessionScavenger set, using defaults
2022-01-08 13:18:11,311 [Listener at 127.0.0.1/12096] INFO  server.session (HouseKeeper.java:startScavenging(132)) - node0 Scavenging every 600000ms
2022-01-08 13:18:11,313 [Listener at 127.0.0.1/12096] INFO  handler.ContextHandler (ContextHandler.java:doStart(915)) - Started o.e.j.s.ServletContextHandler@56c7ec0a{logs,/logs,file:///home/runner/work/ozone/ozone/hadoop-ozone/integration-test/target/log,AVAILABLE}
2022-01-08 13:18:11,314 [Listener at 127.0.0.1/12096] INFO  handler.ContextHandler (ContextHandler.java:doStart(915)) - Started o.e.j.s.ServletContextHandler@3486cb21{static,/static,jar:file:/home/runner/.m2/repository/org/apache/ozone/hdds-container-service/1.3.0-SNAPSHOT/hdds-container-service-1.3.0-SNAPSHOT.jar!/webapps/static,AVAILABLE}
2022-01-08 13:18:11,391 [Listener at 127.0.0.1/12096] INFO  handler.ContextHandler (ContextHandler.java:doStart(915)) - Started o.e.j.w.WebAppContext@4757e01{hddsDatanode,/,file:///tmp/jetty-0_0_0_0-38349-hdds-container-service-1_3_0-SNAPSHOT_jar-_-any-825949609596233063/webapp/,AVAILABLE}{jar:file:/home/runner/.m2/repository/org/apache/ozone/hdds-container-service/1.3.0-SNAPSHOT/hdds-container-service-1.3.0-SNAPSHOT.jar!/webapps/hddsDatanode}
2022-01-08 13:18:11,403 [Listener at 127.0.0.1/12096] INFO  server.AbstractConnector (AbstractConnector.java:doStart(331)) - Started ServerConnector@69f4fa56{HTTP/1.1, (http/1.1)}{0.0.0.0:38349}
2022-01-08 13:18:11,403 [Listener at 127.0.0.1/12096] INFO  server.Server (Server.java:doStart(415)) - Started @96800ms
2022-01-08 13:18:11,403 [Listener at 127.0.0.1/12096] WARN  impl.MetricsSystemImpl (MetricsSystemImpl.java:register(279)) - Sink prometheus already exists!
2022-01-08 13:18:11,404 [Listener at 127.0.0.1/12096] INFO  http.BaseHttpServer (BaseHttpServer.java:updateConnectorAddress(329)) - HTTP server of hddsDatanode listening at http://0.0.0.0:38349
2022-01-08 13:18:11,410 [Listener at 127.0.0.1/12096] WARN  impl.MetricRegistriesImpl (MetricRegistriesImpl.java:addReporterRegistration(111)) - New reporters are added after registries were created. Some metrics will be missing from the reporter. Please add reporter before adding any new registry.
2022-01-08 13:18:11,410 [Listener at 127.0.0.1/12096] WARN  impl.MetricRegistriesImpl (MetricRegistriesImpl.java:addReporterRegistration(111)) - New reporters are added after registries were created. Some metrics will be missing from the reporter. Please add reporter before adding any new registry.
2022-01-08 13:18:11,410 [Listener at 127.0.0.1/12096] INFO  impl.MetricsSystemImpl (MetricsSystemImpl.java:init(158)) - HddsDatanode metrics system started (again)
2022-01-08 13:18:11,415 [Datanode State Machine Daemon Thread] INFO  statemachine.DatanodeStateMachine (DatanodeStateMachine.java:lambda$startDaemon$0(467)) - Ozone container server started.
2022-01-08 13:18:11,437 [Listener at 127.0.0.1/12096] INFO  ozone.HddsDatanodeService (HddsDatanodeService.java:start(234)) - HddsDatanodeService host:fv-az195-8.u3nnjwd0vyge1bu22idnsdeq2e.cx.internal.cloudapp.net ip:10.1.0.5
2022-01-08 13:18:11,466 [org.apache.hadoop.util.JvmPauseMonitor$Monitor@4afb159e] INFO  util.JvmPauseMonitor (JvmPauseMonitor.java:run(188)) - Starting JVM pause monitor
2022-01-08 13:18:11,468 [Listener at 127.0.0.1/12096] INFO  upgrade.AbstractLayoutVersionManager (AbstractLayoutVersionManager.java:init(79)) - Initializing Layout version manager with metadata layout = SCM_HA (version = 2), software layout = SCM_HA (version = 2)
2022-01-08 13:18:11,475 [Datanode State Machine Task Thread - 0] INFO  ha.SCMNodeInfo (SCMNodeInfo.java:getPort(197)) - ConfigKey ozone.scm.client.address is deprecated, For configuring different ports for each SCM use PortConfigKey ozone.scm.client.port appended with serviceId and nodeId
2022-01-08 13:18:11,484 [Datanode State Machine Task Thread - 0] INFO  ha.SCMNodeInfo (SCMNodeInfo.java:getPort(197)) - ConfigKey ozone.scm.block.client.address is deprecated, For configuring different ports for each SCM use PortConfigKey ozone.scm.block.client.port appended with serviceId and nodeId
2022-01-08 13:18:11,484 [Datanode State Machine Task Thread - 0] INFO  ha.SCMNodeInfo (SCMNodeInfo.java:getPort(197)) - ConfigKey ozone.scm.datanode.address is deprecated, For configuring different ports for each SCM use PortConfigKey ozone.scm.datanode.port appended with serviceId and nodeId
2022-01-08 13:18:11,484 [Datanode State Machine Task Thread - 0] INFO  ha.SCMNodeInfo (SCMNodeInfo.java:getPort(197)) - ConfigKey ozone.scm.client.address is deprecated, For configuring different ports for each SCM use PortConfigKey ozone.scm.client.port appended with serviceId and nodeId
2022-01-08 13:18:11,484 [Datanode State Machine Task Thread - 0] INFO  ha.SCMNodeInfo (SCMNodeInfo.java:getPort(197)) - ConfigKey ozone.scm.block.client.address is deprecated, For configuring different ports for each SCM use PortConfigKey ozone.scm.block.client.port appended with serviceId and nodeId
2022-01-08 13:18:11,484 [Datanode State Machine Task Thread - 0] INFO  ha.SCMNodeInfo (SCMNodeInfo.java:getPort(197)) - ConfigKey ozone.scm.datanode.address is deprecated, For configuring different ports for each SCM use PortConfigKey ozone.scm.datanode.port appended with serviceId and nodeId
2022-01-08 13:18:11,484 [Datanode State Machine Task Thread - 0] INFO  ha.SCMNodeInfo (SCMNodeInfo.java:getPort(197)) - ConfigKey ozone.scm.client.address is deprecated, For configuring different ports for each SCM use PortConfigKey ozone.scm.client.port appended with serviceId and nodeId
2022-01-08 13:18:11,484 [Datanode State Machine Task Thread - 0] INFO  ha.SCMNodeInfo (SCMNodeInfo.java:getPort(197)) - ConfigKey ozone.scm.block.client.address is deprecated, For configuring different ports for each SCM use PortConfigKey ozone.scm.block.client.port appended with serviceId and nodeId
2022-01-08 13:18:11,484 [Datanode State Machine Task Thread - 0] INFO  ha.SCMNodeInfo (SCMNodeInfo.java:getPort(197)) - ConfigKey ozone.scm.datanode.address is deprecated, For configuring different ports for each SCM use PortConfigKey ozone.scm.datanode.port appended with serviceId and nodeId
2022-01-08 13:18:11,488 [Datanode State Machine Task Thread - 0] INFO  datanode.InitDatanodeState (InitDatanodeState.java:persistContainerDatanodeDetails(145)) - DatanodeDetails is persisted to /home/runner/work/ozone/ozone/hadoop-ozone/integration-test/target/test-dir/MiniOzoneClusterImpl-96dde82e-0bdc-4c97-ae5c-ef816938392d/datanode-0/meta/datanode.id
2022-01-08 13:18:11,519 [Listener at 127.0.0.1/12096] INFO  reflections.Reflections (Reflections.java:scan(232)) - Reflections took 47 ms to scan 7 urls, producing 119 keys and 279 values 
2022-01-08 13:18:11,521 [Listener at 127.0.0.1/12096] INFO  ha.SCMNodeInfo (SCMNodeInfo.java:getPort(197)) - ConfigKey ozone.scm.client.address is deprecated, For configuring different ports for each SCM use PortConfigKey ozone.scm.client.port appended with serviceId and nodeId
2022-01-08 13:18:11,521 [Listener at 127.0.0.1/12096] INFO  ha.SCMNodeInfo (SCMNodeInfo.java:getPort(197)) - ConfigKey ozone.scm.block.client.address is deprecated, For configuring different ports for each SCM use PortConfigKey ozone.scm.block.client.port appended with serviceId and nodeId
2022-01-08 13:18:11,521 [Listener at 127.0.0.1/12096] INFO  ha.SCMNodeInfo (SCMNodeInfo.java:getPort(197)) - ConfigKey ozone.scm.datanode.address is deprecated, For configuring different ports for each SCM use PortConfigKey ozone.scm.datanode.port appended with serviceId and nodeId
2022-01-08 13:18:11,521 [Listener at 127.0.0.1/12096] INFO  ha.SCMNodeInfo (SCMNodeInfo.java:getPort(197)) - ConfigKey ozone.scm.client.address is deprecated, For configuring different ports for each SCM use PortConfigKey ozone.scm.client.port appended with serviceId and nodeId
2022-01-08 13:18:11,521 [Listener at 127.0.0.1/12096] INFO  ha.SCMNodeInfo (SCMNodeInfo.java:getPort(197)) - ConfigKey ozone.scm.block.client.address is deprecated, For configuring different ports for each SCM use PortConfigKey ozone.scm.block.client.port appended with serviceId and nodeId
2022-01-08 13:18:11,522 [Listener at 127.0.0.1/12096] INFO  ha.SCMNodeInfo (SCMNodeInfo.java:getPort(197)) - ConfigKey ozone.scm.datanode.address is deprecated, For configuring different ports for each SCM use PortConfigKey ozone.scm.datanode.port appended with serviceId and nodeId
2022-01-08 13:18:11,522 [Listener at 127.0.0.1/12096] INFO  ha.SCMNodeInfo (SCMNodeInfo.java:getPort(197)) - ConfigKey ozone.scm.client.address is deprecated, For configuring different ports for each SCM use PortConfigKey ozone.scm.client.port appended with serviceId and nodeId
2022-01-08 13:18:11,522 [Listener at 127.0.0.1/12096] INFO  ha.SCMNodeInfo (SCMNodeInfo.java:getPort(197)) - ConfigKey ozone.scm.block.client.address is deprecated, For configuring different ports for each SCM use PortConfigKey ozone.scm.block.client.port appended with serviceId and nodeId
2022-01-08 13:18:11,522 [Listener at 127.0.0.1/12096] INFO  ha.SCMNodeInfo (SCMNodeInfo.java:getPort(197)) - ConfigKey ozone.scm.datanode.address is deprecated, For configuring different ports for each SCM use PortConfigKey ozone.scm.datanode.port appended with serviceId and nodeId
2022-01-08 13:18:11,522 [Listener at 127.0.0.1/12096] INFO  statemachine.DatanodeStateMachine (DatanodeStateMachine.java:getEndPointTaskThreadPoolSize(219)) - Datanode State Machine Task Thread Pool size 4
2022-01-08 13:18:11,531 [Listener at 127.0.0.1/12096] INFO  volume.HddsVolume (HddsVolume.java:<init>(120)) - Creating HddsVolume: /home/runner/work/ozone/ozone/hadoop-ozone/integration-test/target/test-dir/MiniOzoneClusterImpl-96dde82e-0bdc-4c97-ae5c-ef816938392d/datanode-1/data-0/containers/hdds of storage type : DISK capacity : 9223372036854775807
2022-01-08 13:18:11,532 [Listener at 127.0.0.1/12096] INFO  volume.MutableVolumeSet (MutableVolumeSet.java:initializeVolumeSet(168)) - Added Volume : /home/runner/work/ozone/ozone/hadoop-ozone/integration-test/target/test-dir/MiniOzoneClusterImpl-96dde82e-0bdc-4c97-ae5c-ef816938392d/datanode-1/data-0/containers/hdds to VolumeSet
2022-01-08 13:18:11,532 [Listener at 127.0.0.1/12096] INFO  volume.ThrottledAsyncChecker (ThrottledAsyncChecker.java:schedule(141)) - Scheduling a check for /home/runner/work/ozone/ozone/hadoop-ozone/integration-test/target/test-dir/MiniOzoneClusterImpl-96dde82e-0bdc-4c97-ae5c-ef816938392d/datanode-1/data-0/containers/hdds
2022-01-08 13:18:11,541 [Listener at 127.0.0.1/12096] INFO  volume.StorageVolumeChecker (StorageVolumeChecker.java:checkAllVolumes(202)) - Scheduled health check for volume /home/runner/work/ozone/ozone/hadoop-ozone/integration-test/target/test-dir/MiniOzoneClusterImpl-96dde82e-0bdc-4c97-ae5c-ef816938392d/datanode-1/data-0/containers/hdds
2022-01-08 13:18:11,557 [EndpointStateMachine task thread for /127.0.0.1:15227 - 0 ] INFO  ipc.Client (Client.java:handleConnectionFailure(977)) - Retrying connect to server: localhost/127.0.0.1:15227. Already tried 7 time(s); retry policy is RetryUpToMaximumCountWithFixedSleep(maxRetries=15, sleepTime=1000 MILLISECONDS)
2022-01-08 13:18:11,559 [Listener at 127.0.0.1/12096] INFO  volume.MutableVolumeSet (MutableVolumeSet.java:initializeVolumeSet(168)) - Added Volume : /home/runner/work/ozone/ozone/hadoop-ozone/integration-test/target/test-dir/MiniOzoneClusterImpl-96dde82e-0bdc-4c97-ae5c-ef816938392d/datanode-1/data/ratis to VolumeSet
2022-01-08 13:18:11,559 [Listener at 127.0.0.1/12096] INFO  volume.ThrottledAsyncChecker (ThrottledAsyncChecker.java:schedule(141)) - Scheduling a check for /home/runner/work/ozone/ozone/hadoop-ozone/integration-test/target/test-dir/MiniOzoneClusterImpl-96dde82e-0bdc-4c97-ae5c-ef816938392d/datanode-1/data/ratis
2022-01-08 13:18:11,559 [Listener at 127.0.0.1/12096] INFO  volume.StorageVolumeChecker (StorageVolumeChecker.java:checkAllVolumes(202)) - Scheduled health check for volume /home/runner/work/ozone/ozone/hadoop-ozone/integration-test/target/test-dir/MiniOzoneClusterImpl-96dde82e-0bdc-4c97-ae5c-ef816938392d/datanode-1/data/ratis
2022-01-08 13:18:11,580 [EndpointStateMachine task thread for /127.0.0.1:15237 - 0 ] INFO  ipc.Client (Client.java:handleConnectionFailure(977)) - Retrying connect to server: localhost/127.0.0.1:15237. Already tried 7 time(s); retry policy is RetryUpToMaximumCountWithFixedSleep(maxRetries=15, sleepTime=1000 MILLISECONDS)
2022-01-08 13:18:11,580 [EndpointStateMachine task thread for /127.0.0.1:15217 - 0 ] INFO  ipc.Client (Client.java:handleConnectionFailure(977)) - Retrying connect to server: localhost/127.0.0.1:15217. Already tried 10 time(s); retry policy is RetryUpToMaximumCountWithFixedSleep(maxRetries=15, sleepTime=1000 MILLISECONDS)
2022-01-08 13:18:11,591 [Thread-1482] INFO  ozoneimpl.ContainerReader (ContainerReader.java:readVolume(172)) - Finish verifying containers on volume /home/runner/work/ozone/ozone/hadoop-ozone/integration-test/target/test-dir/MiniOzoneClusterImpl-96dde82e-0bdc-4c97-ae5c-ef816938392d/datanode-1/data-0/containers/hdds
2022-01-08 13:18:11,591 [Listener at 127.0.0.1/12096] INFO  ozoneimpl.OzoneContainer (OzoneContainer.java:buildContainerSet(237)) - Build ContainerSet costs 0s
2022-01-08 13:18:11,597 [Listener at 127.0.0.1/12096] INFO  server.RaftServer (ConfUtils.java:logGet(44)) - raft.rpc.type = GRPC (default)
2022-01-08 13:18:11,597 [Listener at 127.0.0.1/12096] INFO  grpc.GrpcFactory (GrpcFactory.java:checkPooledByteBufAllocatorUseCacheForAllThreads(48)) - PERFORMANCE WARNING: useCacheForAllThreads is true that may cause Netty to create a lot garbage objects and, as a result, trigger GC.
	It is recommended to disable useCacheForAllThreads by setting -Dorg.apache.ratis.thirdparty.io.netty.allocator.useCacheForAllThreads=false in command line.
2022-01-08 13:18:11,597 [Listener at 127.0.0.1/12096] INFO  grpc.GrpcConfigKeys (ConfUtils.java:logGet(44)) - raft.grpc.admin.port = 0 (custom)
2022-01-08 13:18:11,597 [Listener at 127.0.0.1/12096] INFO  grpc.GrpcConfigKeys (ConfUtils.java:logGet(44)) - raft.grpc.client.port = 0 (custom)
2022-01-08 13:18:11,598 [Listener at 127.0.0.1/12096] INFO  grpc.GrpcConfigKeys (ConfUtils.java:logGet(44)) - raft.grpc.server.port = 0 (default)
2022-01-08 13:18:11,598 [Listener at 127.0.0.1/12096] INFO  server.GrpcService (ConfUtils.java:logGet(44)) - raft.grpc.message.size.max = 32MB (=33554432) (custom)
2022-01-08 13:18:11,598 [Listener at 127.0.0.1/12096] INFO  server.RaftServerConfigKeys (ConfUtils.java:logGet(44)) - raft.server.log.appender.buffer.byte-limit = 33554432 (custom)
2022-01-08 13:18:11,598 [Listener at 127.0.0.1/12096] INFO  server.GrpcService (ConfUtils.java:logGet(44)) - raft.grpc.flow.control.window = 5MB (=5242880) (custom)
2022-01-08 13:18:11,598 [Listener at 127.0.0.1/12096] INFO  server.RaftServerConfigKeys (ConfUtils.java:logGet(44)) - raft.server.rpc.request.timeout = 60s (custom)
2022-01-08 13:18:11,599 [Listener at 127.0.0.1/12096] INFO  impl.DataStreamServerImpl (ConfUtils.java:logGet(44)) - raft.datastream.type = DISABLED (default)
2022-01-08 13:18:11,600 [Listener at 127.0.0.1/12096] INFO  server.RaftServerConfigKeys (ConfUtils.java:logGet(44)) - raft.server.rpc.slowness.timeout = 300s (custom)
2022-01-08 13:18:11,600 [Listener at 127.0.0.1/12096] INFO  server.RaftServerConfigKeys (ConfUtils.java:logGet(44)) - raft.server.leaderelection.leader.step-down.wait-time = 10s (default)
2022-01-08 13:18:11,600 [Listener at 127.0.0.1/12096] INFO  server.RaftServerConfigKeys (ConfUtils.java:logGet(44)) - raft.server.storage.dir = [/home/runner/work/ozone/ozone/hadoop-ozone/integration-test/target/test-dir/MiniOzoneClusterImpl-96dde82e-0bdc-4c97-ae5c-ef816938392d/datanode-1/data/ratis] (custom)
2022-01-08 13:18:11,601 [Listener at 127.0.0.1/12096] INFO  server.XceiverServerGrpc (XceiverServerGrpc.java:<init>(132)) - GrpcServer channel type EpollServerSocketChannel
2022-01-08 13:18:11,628 [Listener at 127.0.0.1/12096] INFO  http.BaseHttpServer (BaseHttpServer.java:newHttpServer2BuilderForOzone(209)) - Starting Web-server for hddsDatanode at: http://0.0.0.0:0
2022-01-08 13:18:11,628 [Listener at 127.0.0.1/12096] INFO  http.BaseHttpServer (BaseHttpServer.java:<init>(107)) - Hadoop Security Enabled: false Ozone Security Enabled: false Ozone HTTP Security Enabled: false 
2022-01-08 13:18:11,630 [Listener at 127.0.0.1/12096] INFO  server.AuthenticationFilter (AuthenticationFilter.java:constructSecretProvider(240)) - Unable to initialize FileSignerSecretProvider, falling back to use random secrets.
2022-01-08 13:18:11,641 [Listener at 127.0.0.1/12096] WARN  http.HttpRequestLog (HttpRequestLog.java:getRequestLog(103)) - Jetty request log can only be enabled using Log4j
2022-01-08 13:18:11,642 [Listener at 127.0.0.1/12096] INFO  http.HttpServer2 (HttpServer2.java:addGlobalFilter(1030)) - Added global filter 'safety' (class=org.apache.hadoop.hdds.server.http.HttpServer2$QuotingInputFilter)
2022-01-08 13:18:11,643 [Listener at 127.0.0.1/12096] INFO  http.HttpServer2 (HttpServer2.java:addFilter(1006)) - Added filter static_user_filter (class=org.apache.hadoop.http.lib.StaticUserWebFilter$StaticUserFilter) to context hddsDatanode
2022-01-08 13:18:11,643 [Listener at 127.0.0.1/12096] INFO  http.HttpServer2 (HttpServer2.java:addFilter(1014)) - Added filter static_user_filter (class=org.apache.hadoop.http.lib.StaticUserWebFilter$StaticUserFilter) to context static
2022-01-08 13:18:11,643 [Listener at 127.0.0.1/12096] INFO  http.HttpServer2 (HttpServer2.java:addFilter(1014)) - Added filter static_user_filter (class=org.apache.hadoop.http.lib.StaticUserWebFilter$StaticUserFilter) to context logs
2022-01-08 13:18:11,644 [Listener at 127.0.0.1/12096] INFO  http.HttpServer2 (HttpServer2.java:bindListener(1249)) - Jetty bound to port 33781
2022-01-08 13:18:11,644 [Listener at 127.0.0.1/12096] INFO  server.Server (Server.java:doStart(375)) - jetty-9.4.43.v20210629; built: 2021-06-30T11:07:22.254Z; git: 526006ecfa3af7f1a27ef3a288e2bef7ea9dd7e8; jvm 1.8.0_292-b10
2022-01-08 13:18:11,661 [Listener at 127.0.0.1/12096] INFO  server.session (DefaultSessionIdManager.java:doStart(334)) - DefaultSessionIdManager workerName=node0
2022-01-08 13:18:11,662 [Listener at 127.0.0.1/12096] INFO  server.session (DefaultSessionIdManager.java:doStart(339)) - No SessionScavenger set, using defaults
2022-01-08 13:18:11,662 [Listener at 127.0.0.1/12096] INFO  server.session (HouseKeeper.java:startScavenging(132)) - node0 Scavenging every 660000ms
2022-01-08 13:18:11,663 [Listener at 127.0.0.1/12096] INFO  handler.ContextHandler (ContextHandler.java:doStart(915)) - Started o.e.j.s.ServletContextHandler@618ffc7a{logs,/logs,file:///home/runner/work/ozone/ozone/hadoop-ozone/integration-test/target/log,AVAILABLE}
2022-01-08 13:18:11,663 [Listener at 127.0.0.1/12096] INFO  handler.ContextHandler (ContextHandler.java:doStart(915)) - Started o.e.j.s.ServletContextHandler@3c4c595e{static,/static,jar:file:/home/runner/.m2/repository/org/apache/ozone/hdds-container-service/1.3.0-SNAPSHOT/hdds-container-service-1.3.0-SNAPSHOT.jar!/webapps/static,AVAILABLE}
2022-01-08 13:18:11,743 [Listener at 127.0.0.1/12096] INFO  handler.ContextHandler (ContextHandler.java:doStart(915)) - Started o.e.j.w.WebAppContext@48bff6ff{hddsDatanode,/,file:///tmp/jetty-0_0_0_0-33781-hdds-container-service-1_3_0-SNAPSHOT_jar-_-any-3629826541678108644/webapp/,AVAILABLE}{jar:file:/home/runner/.m2/repository/org/apache/ozone/hdds-container-service/1.3.0-SNAPSHOT/hdds-container-service-1.3.0-SNAPSHOT.jar!/webapps/hddsDatanode}
2022-01-08 13:18:11,749 [Listener at 127.0.0.1/12096] INFO  server.AbstractConnector (AbstractConnector.java:doStart(331)) - Started ServerConnector@4fa5fae0{HTTP/1.1, (http/1.1)}{0.0.0.0:33781}
2022-01-08 13:18:11,751 [Listener at 127.0.0.1/12096] INFO  server.Server (Server.java:doStart(415)) - Started @97147ms
2022-01-08 13:18:11,751 [Listener at 127.0.0.1/12096] WARN  impl.MetricsSystemImpl (MetricsSystemImpl.java:register(279)) - Sink prometheus already exists!
2022-01-08 13:18:11,751 [Listener at 127.0.0.1/12096] INFO  http.BaseHttpServer (BaseHttpServer.java:updateConnectorAddress(329)) - HTTP server of hddsDatanode listening at http://0.0.0.0:33781
2022-01-08 13:18:11,760 [Listener at 127.0.0.1/12096] WARN  impl.MetricRegistriesImpl (MetricRegistriesImpl.java:addReporterRegistration(111)) - New reporters are added after registries were created. Some metrics will be missing from the reporter. Please add reporter before adding any new registry.
2022-01-08 13:18:11,761 [Listener at 127.0.0.1/12096] WARN  impl.MetricRegistriesImpl (MetricRegistriesImpl.java:addReporterRegistration(111)) - New reporters are added after registries were created. Some metrics will be missing from the reporter. Please add reporter before adding any new registry.
2022-01-08 13:18:11,761 [Listener at 127.0.0.1/12096] INFO  impl.MetricsSystemImpl (MetricsSystemImpl.java:init(158)) - HddsDatanode metrics system started (again)
2022-01-08 13:18:11,764 [Datanode State Machine Daemon Thread] INFO  statemachine.DatanodeStateMachine (DatanodeStateMachine.java:lambda$startDaemon$0(467)) - Ozone container server started.
2022-01-08 13:18:11,784 [Listener at 127.0.0.1/12096] INFO  ozone.HddsDatanodeService (HddsDatanodeService.java:start(234)) - HddsDatanodeService host:fv-az195-8.u3nnjwd0vyge1bu22idnsdeq2e.cx.internal.cloudapp.net ip:10.1.0.5
2022-01-08 13:18:11,828 [Listener at 127.0.0.1/12096] INFO  upgrade.AbstractLayoutVersionManager (AbstractLayoutVersionManager.java:init(79)) - Initializing Layout version manager with metadata layout = SCM_HA (version = 2), software layout = SCM_HA (version = 2)
2022-01-08 13:18:11,847 [org.apache.hadoop.util.JvmPauseMonitor$Monitor@13d4dc5f] INFO  util.JvmPauseMonitor (JvmPauseMonitor.java:run(188)) - Starting JVM pause monitor
2022-01-08 13:18:11,855 [Datanode State Machine Task Thread - 0] INFO  ha.SCMNodeInfo (SCMNodeInfo.java:getPort(197)) - ConfigKey ozone.scm.client.address is deprecated, For configuring different ports for each SCM use PortConfigKey ozone.scm.client.port appended with serviceId and nodeId
2022-01-08 13:18:11,855 [Datanode State Machine Task Thread - 0] INFO  ha.SCMNodeInfo (SCMNodeInfo.java:getPort(197)) - ConfigKey ozone.scm.block.client.address is deprecated, For configuring different ports for each SCM use PortConfigKey ozone.scm.block.client.port appended with serviceId and nodeId
2022-01-08 13:18:11,855 [Datanode State Machine Task Thread - 0] INFO  ha.SCMNodeInfo (SCMNodeInfo.java:getPort(197)) - ConfigKey ozone.scm.datanode.address is deprecated, For configuring different ports for each SCM use PortConfigKey ozone.scm.datanode.port appended with serviceId and nodeId
2022-01-08 13:18:11,855 [Datanode State Machine Task Thread - 0] INFO  ha.SCMNodeInfo (SCMNodeInfo.java:getPort(197)) - ConfigKey ozone.scm.client.address is deprecated, For configuring different ports for each SCM use PortConfigKey ozone.scm.client.port appended with serviceId and nodeId
2022-01-08 13:18:11,855 [Datanode State Machine Task Thread - 0] INFO  ha.SCMNodeInfo (SCMNodeInfo.java:getPort(197)) - ConfigKey ozone.scm.block.client.address is deprecated, For configuring different ports for each SCM use PortConfigKey ozone.scm.block.client.port appended with serviceId and nodeId
2022-01-08 13:18:11,855 [Datanode State Machine Task Thread - 0] INFO  ha.SCMNodeInfo (SCMNodeInfo.java:getPort(197)) - ConfigKey ozone.scm.datanode.address is deprecated, For configuring different ports for each SCM use PortConfigKey ozone.scm.datanode.port appended with serviceId and nodeId
2022-01-08 13:18:11,855 [Datanode State Machine Task Thread - 0] INFO  ha.SCMNodeInfo (SCMNodeInfo.java:getPort(197)) - ConfigKey ozone.scm.client.address is deprecated, For configuring different ports for each SCM use PortConfigKey ozone.scm.client.port appended with serviceId and nodeId
2022-01-08 13:18:11,855 [Datanode State Machine Task Thread - 0] INFO  ha.SCMNodeInfo (SCMNodeInfo.java:getPort(197)) - ConfigKey ozone.scm.block.client.address is deprecated, For configuring different ports for each SCM use PortConfigKey ozone.scm.block.client.port appended with serviceId and nodeId
2022-01-08 13:18:11,855 [Datanode State Machine Task Thread - 0] INFO  ha.SCMNodeInfo (SCMNodeInfo.java:getPort(197)) - ConfigKey ozone.scm.datanode.address is deprecated, For configuring different ports for each SCM use PortConfigKey ozone.scm.datanode.port appended with serviceId and nodeId
2022-01-08 13:18:11,858 [Datanode State Machine Task Thread - 0] INFO  datanode.InitDatanodeState (InitDatanodeState.java:persistContainerDatanodeDetails(145)) - DatanodeDetails is persisted to /home/runner/work/ozone/ozone/hadoop-ozone/integration-test/target/test-dir/MiniOzoneClusterImpl-96dde82e-0bdc-4c97-ae5c-ef816938392d/datanode-1/meta/datanode.id
2022-01-08 13:18:11,888 [Listener at 127.0.0.1/12096] INFO  reflections.Reflections (Reflections.java:scan(232)) - Reflections took 58 ms to scan 7 urls, producing 119 keys and 279 values 
2022-01-08 13:18:11,891 [Listener at 127.0.0.1/12096] INFO  ha.SCMNodeInfo (SCMNodeInfo.java:getPort(197)) - ConfigKey ozone.scm.client.address is deprecated, For configuring different ports for each SCM use PortConfigKey ozone.scm.client.port appended with serviceId and nodeId
2022-01-08 13:18:11,891 [Listener at 127.0.0.1/12096] INFO  ha.SCMNodeInfo (SCMNodeInfo.java:getPort(197)) - ConfigKey ozone.scm.block.client.address is deprecated, For configuring different ports for each SCM use PortConfigKey ozone.scm.block.client.port appended with serviceId and nodeId
2022-01-08 13:18:11,892 [Listener at 127.0.0.1/12096] INFO  ha.SCMNodeInfo (SCMNodeInfo.java:getPort(197)) - ConfigKey ozone.scm.datanode.address is deprecated, For configuring different ports for each SCM use PortConfigKey ozone.scm.datanode.port appended with serviceId and nodeId
2022-01-08 13:18:11,892 [Listener at 127.0.0.1/12096] INFO  ha.SCMNodeInfo (SCMNodeInfo.java:getPort(197)) - ConfigKey ozone.scm.client.address is deprecated, For configuring different ports for each SCM use PortConfigKey ozone.scm.client.port appended with serviceId and nodeId
2022-01-08 13:18:11,892 [Listener at 127.0.0.1/12096] INFO  ha.SCMNodeInfo (SCMNodeInfo.java:getPort(197)) - ConfigKey ozone.scm.block.client.address is deprecated, For configuring different ports for each SCM use PortConfigKey ozone.scm.block.client.port appended with serviceId and nodeId
2022-01-08 13:18:11,892 [Listener at 127.0.0.1/12096] INFO  ha.SCMNodeInfo (SCMNodeInfo.java:getPort(197)) - ConfigKey ozone.scm.datanode.address is deprecated, For configuring different ports for each SCM use PortConfigKey ozone.scm.datanode.port appended with serviceId and nodeId
2022-01-08 13:18:11,892 [Listener at 127.0.0.1/12096] INFO  ha.SCMNodeInfo (SCMNodeInfo.java:getPort(197)) - ConfigKey ozone.scm.client.address is deprecated, For configuring different ports for each SCM use PortConfigKey ozone.scm.client.port appended with serviceId and nodeId
2022-01-08 13:18:11,892 [Listener at 127.0.0.1/12096] INFO  ha.SCMNodeInfo (SCMNodeInfo.java:getPort(197)) - ConfigKey ozone.scm.block.client.address is deprecated, For configuring different ports for each SCM use PortConfigKey ozone.scm.block.client.port appended with serviceId and nodeId
2022-01-08 13:18:11,892 [Listener at 127.0.0.1/12096] INFO  ha.SCMNodeInfo (SCMNodeInfo.java:getPort(197)) - ConfigKey ozone.scm.datanode.address is deprecated, For configuring different ports for each SCM use PortConfigKey ozone.scm.datanode.port appended with serviceId and nodeId
2022-01-08 13:18:11,892 [Listener at 127.0.0.1/12096] INFO  statemachine.DatanodeStateMachine (DatanodeStateMachine.java:getEndPointTaskThreadPoolSize(219)) - Datanode State Machine Task Thread Pool size 4
2022-01-08 13:18:11,894 [Listener at 127.0.0.1/12096] INFO  volume.HddsVolume (HddsVolume.java:<init>(120)) - Creating HddsVolume: /home/runner/work/ozone/ozone/hadoop-ozone/integration-test/target/test-dir/MiniOzoneClusterImpl-96dde82e-0bdc-4c97-ae5c-ef816938392d/datanode-2/data-0/containers/hdds of storage type : DISK capacity : 9223372036854775807
2022-01-08 13:18:11,894 [Listener at 127.0.0.1/12096] INFO  volume.MutableVolumeSet (MutableVolumeSet.java:initializeVolumeSet(168)) - Added Volume : /home/runner/work/ozone/ozone/hadoop-ozone/integration-test/target/test-dir/MiniOzoneClusterImpl-96dde82e-0bdc-4c97-ae5c-ef816938392d/datanode-2/data-0/containers/hdds to VolumeSet
2022-01-08 13:18:11,894 [Listener at 127.0.0.1/12096] INFO  volume.ThrottledAsyncChecker (ThrottledAsyncChecker.java:schedule(141)) - Scheduling a check for /home/runner/work/ozone/ozone/hadoop-ozone/integration-test/target/test-dir/MiniOzoneClusterImpl-96dde82e-0bdc-4c97-ae5c-ef816938392d/datanode-2/data-0/containers/hdds
2022-01-08 13:18:11,895 [Listener at 127.0.0.1/12096] INFO  volume.StorageVolumeChecker (StorageVolumeChecker.java:checkAllVolumes(202)) - Scheduled health check for volume /home/runner/work/ozone/ozone/hadoop-ozone/integration-test/target/test-dir/MiniOzoneClusterImpl-96dde82e-0bdc-4c97-ae5c-ef816938392d/datanode-2/data-0/containers/hdds
2022-01-08 13:18:11,910 [Listener at 127.0.0.1/12096] INFO  volume.MutableVolumeSet (MutableVolumeSet.java:initializeVolumeSet(168)) - Added Volume : /home/runner/work/ozone/ozone/hadoop-ozone/integration-test/target/test-dir/MiniOzoneClusterImpl-96dde82e-0bdc-4c97-ae5c-ef816938392d/datanode-2/data/ratis to VolumeSet
2022-01-08 13:18:11,910 [Listener at 127.0.0.1/12096] INFO  volume.ThrottledAsyncChecker (ThrottledAsyncChecker.java:schedule(141)) - Scheduling a check for /home/runner/work/ozone/ozone/hadoop-ozone/integration-test/target/test-dir/MiniOzoneClusterImpl-96dde82e-0bdc-4c97-ae5c-ef816938392d/datanode-2/data/ratis
2022-01-08 13:18:11,910 [Listener at 127.0.0.1/12096] INFO  volume.StorageVolumeChecker (StorageVolumeChecker.java:checkAllVolumes(202)) - Scheduled health check for volume /home/runner/work/ozone/ozone/hadoop-ozone/integration-test/target/test-dir/MiniOzoneClusterImpl-96dde82e-0bdc-4c97-ae5c-ef816938392d/datanode-2/data/ratis
2022-01-08 13:18:11,928 [Thread-1494] INFO  ozoneimpl.ContainerReader (ContainerReader.java:readVolume(172)) - Finish verifying containers on volume /home/runner/work/ozone/ozone/hadoop-ozone/integration-test/target/test-dir/MiniOzoneClusterImpl-96dde82e-0bdc-4c97-ae5c-ef816938392d/datanode-2/data-0/containers/hdds
2022-01-08 13:18:11,929 [Listener at 127.0.0.1/12096] INFO  ozoneimpl.OzoneContainer (OzoneContainer.java:buildContainerSet(237)) - Build ContainerSet costs 0s
2022-01-08 13:18:11,931 [Listener at 127.0.0.1/12096] INFO  server.RaftServer (ConfUtils.java:logGet(44)) - raft.rpc.type = GRPC (default)
2022-01-08 13:18:11,931 [Listener at 127.0.0.1/12096] INFO  grpc.GrpcFactory (GrpcFactory.java:checkPooledByteBufAllocatorUseCacheForAllThreads(48)) - PERFORMANCE WARNING: useCacheForAllThreads is true that may cause Netty to create a lot garbage objects and, as a result, trigger GC.
	It is recommended to disable useCacheForAllThreads by setting -Dorg.apache.ratis.thirdparty.io.netty.allocator.useCacheForAllThreads=false in command line.
2022-01-08 13:18:11,931 [Listener at 127.0.0.1/12096] INFO  grpc.GrpcConfigKeys (ConfUtils.java:logGet(44)) - raft.grpc.admin.port = 0 (custom)
2022-01-08 13:18:11,931 [Listener at 127.0.0.1/12096] INFO  grpc.GrpcConfigKeys (ConfUtils.java:logGet(44)) - raft.grpc.client.port = 0 (custom)
2022-01-08 13:18:11,932 [Listener at 127.0.0.1/12096] INFO  grpc.GrpcConfigKeys (ConfUtils.java:logGet(44)) - raft.grpc.server.port = 0 (default)
2022-01-08 13:18:11,932 [Listener at 127.0.0.1/12096] INFO  server.GrpcService (ConfUtils.java:logGet(44)) - raft.grpc.message.size.max = 32MB (=33554432) (custom)
2022-01-08 13:18:11,932 [Listener at 127.0.0.1/12096] INFO  server.RaftServerConfigKeys (ConfUtils.java:logGet(44)) - raft.server.log.appender.buffer.byte-limit = 33554432 (custom)
2022-01-08 13:18:11,932 [Listener at 127.0.0.1/12096] INFO  server.GrpcService (ConfUtils.java:logGet(44)) - raft.grpc.flow.control.window = 5MB (=5242880) (custom)
2022-01-08 13:18:11,932 [Listener at 127.0.0.1/12096] INFO  server.RaftServerConfigKeys (ConfUtils.java:logGet(44)) - raft.server.rpc.request.timeout = 60s (custom)
2022-01-08 13:18:11,933 [Listener at 127.0.0.1/12096] INFO  impl.DataStreamServerImpl (ConfUtils.java:logGet(44)) - raft.datastream.type = DISABLED (default)
2022-01-08 13:18:11,934 [Listener at 127.0.0.1/12096] INFO  server.RaftServerConfigKeys (ConfUtils.java:logGet(44)) - raft.server.rpc.slowness.timeout = 300s (custom)
2022-01-08 13:18:11,934 [Listener at 127.0.0.1/12096] INFO  server.RaftServerConfigKeys (ConfUtils.java:logGet(44)) - raft.server.leaderelection.leader.step-down.wait-time = 10s (default)
2022-01-08 13:18:11,934 [Listener at 127.0.0.1/12096] INFO  server.RaftServerConfigKeys (ConfUtils.java:logGet(44)) - raft.server.storage.dir = [/home/runner/work/ozone/ozone/hadoop-ozone/integration-test/target/test-dir/MiniOzoneClusterImpl-96dde82e-0bdc-4c97-ae5c-ef816938392d/datanode-2/data/ratis] (custom)
2022-01-08 13:18:11,940 [Listener at 127.0.0.1/12096] INFO  server.XceiverServerGrpc (XceiverServerGrpc.java:<init>(132)) - GrpcServer channel type EpollServerSocketChannel
2022-01-08 13:18:11,945 [Listener at 127.0.0.1/12096] INFO  http.BaseHttpServer (BaseHttpServer.java:newHttpServer2BuilderForOzone(209)) - Starting Web-server for hddsDatanode at: http://0.0.0.0:0
2022-01-08 13:18:11,945 [Listener at 127.0.0.1/12096] INFO  http.BaseHttpServer (BaseHttpServer.java:<init>(107)) - Hadoop Security Enabled: false Ozone Security Enabled: false Ozone HTTP Security Enabled: false 
2022-01-08 13:18:11,946 [Listener at 127.0.0.1/12096] INFO  server.AuthenticationFilter (AuthenticationFilter.java:constructSecretProvider(240)) - Unable to initialize FileSignerSecretProvider, falling back to use random secrets.
2022-01-08 13:18:11,951 [Listener at 127.0.0.1/12096] WARN  http.HttpRequestLog (HttpRequestLog.java:getRequestLog(103)) - Jetty request log can only be enabled using Log4j
2022-01-08 13:18:11,952 [Listener at 127.0.0.1/12096] INFO  http.HttpServer2 (HttpServer2.java:addGlobalFilter(1030)) - Added global filter 'safety' (class=org.apache.hadoop.hdds.server.http.HttpServer2$QuotingInputFilter)
2022-01-08 13:18:11,952 [Listener at 127.0.0.1/12096] INFO  http.HttpServer2 (HttpServer2.java:addFilter(1006)) - Added filter static_user_filter (class=org.apache.hadoop.http.lib.StaticUserWebFilter$StaticUserFilter) to context hddsDatanode
2022-01-08 13:18:11,952 [Listener at 127.0.0.1/12096] INFO  http.HttpServer2 (HttpServer2.java:addFilter(1014)) - Added filter static_user_filter (class=org.apache.hadoop.http.lib.StaticUserWebFilter$StaticUserFilter) to context logs
2022-01-08 13:18:11,952 [Listener at 127.0.0.1/12096] INFO  http.HttpServer2 (HttpServer2.java:addFilter(1014)) - Added filter static_user_filter (class=org.apache.hadoop.http.lib.StaticUserWebFilter$StaticUserFilter) to context static
2022-01-08 13:18:11,953 [Listener at 127.0.0.1/12096] INFO  http.HttpServer2 (HttpServer2.java:bindListener(1249)) - Jetty bound to port 42711
2022-01-08 13:18:11,953 [Listener at 127.0.0.1/12096] INFO  server.Server (Server.java:doStart(375)) - jetty-9.4.43.v20210629; built: 2021-06-30T11:07:22.254Z; git: 526006ecfa3af7f1a27ef3a288e2bef7ea9dd7e8; jvm 1.8.0_292-b10
2022-01-08 13:18:11,955 [Listener at 127.0.0.1/12096] INFO  server.session (DefaultSessionIdManager.java:doStart(334)) - DefaultSessionIdManager workerName=node0
2022-01-08 13:18:11,955 [Listener at 127.0.0.1/12096] INFO  server.session (DefaultSessionIdManager.java:doStart(339)) - No SessionScavenger set, using defaults
2022-01-08 13:18:11,956 [Listener at 127.0.0.1/12096] INFO  server.session (HouseKeeper.java:startScavenging(132)) - node0 Scavenging every 660000ms
2022-01-08 13:18:11,966 [Listener at 127.0.0.1/12096] INFO  handler.ContextHandler (ContextHandler.java:doStart(915)) - Started o.e.j.s.ServletContextHandler@3bbb450b{logs,/logs,file:///home/runner/work/ozone/ozone/hadoop-ozone/integration-test/target/log,AVAILABLE}
2022-01-08 13:18:11,967 [Listener at 127.0.0.1/12096] INFO  handler.ContextHandler (ContextHandler.java:doStart(915)) - Started o.e.j.s.ServletContextHandler@39a7bdd9{static,/static,jar:file:/home/runner/.m2/repository/org/apache/ozone/hdds-container-service/1.3.0-SNAPSHOT/hdds-container-service-1.3.0-SNAPSHOT.jar!/webapps/static,AVAILABLE}
2022-01-08 13:18:12,047 [Listener at 127.0.0.1/12096] INFO  handler.ContextHandler (ContextHandler.java:doStart(915)) - Started o.e.j.w.WebAppContext@27af34df{hddsDatanode,/,file:///tmp/jetty-0_0_0_0-42711-hdds-container-service-1_3_0-SNAPSHOT_jar-_-any-4132114696453580491/webapp/,AVAILABLE}{jar:file:/home/runner/.m2/repository/org/apache/ozone/hdds-container-service/1.3.0-SNAPSHOT/hdds-container-service-1.3.0-SNAPSHOT.jar!/webapps/hddsDatanode}
2022-01-08 13:18:12,063 [omNode-1@group-523986131536-FollowerState] INFO  impl.FollowerState (FollowerState.java:run(134)) - omNode-1@group-523986131536-FollowerState: change to CANDIDATE, lastRpcElapsedTime:1185054629ns, electionTimeout:1175ms
2022-01-08 13:18:12,063 [omNode-1@group-523986131536-FollowerState] INFO  impl.RoleInfo (RoleInfo.java:shutdownFollowerState(108)) - omNode-1: shutdown omNode-1@group-523986131536-FollowerState
2022-01-08 13:18:12,063 [omNode-1@group-523986131536-FollowerState] INFO  server.RaftServer$Division (RaftServerImpl.java:setRole(290)) - omNode-1@group-523986131536: changes role from  FOLLOWER to CANDIDATE at term 0 for changeToCandidate
2022-01-08 13:18:12,064 [omNode-1@group-523986131536-FollowerState] INFO  server.RaftServerConfigKeys (ConfUtils.java:logGet(44)) - raft.server.leaderelection.pre-vote = false (custom)
2022-01-08 13:18:12,064 [omNode-1@group-523986131536-FollowerState] INFO  impl.RoleInfo (RoleInfo.java:updateAndGet(130)) - omNode-1: start omNode-1@group-523986131536-LeaderElection19
2022-01-08 13:18:12,072 [Listener at 127.0.0.1/12096] INFO  server.AbstractConnector (AbstractConnector.java:doStart(331)) - Started ServerConnector@67e38ad7{HTTP/1.1, (http/1.1)}{0.0.0.0:42711}
2022-01-08 13:18:12,072 [Listener at 127.0.0.1/12096] INFO  server.Server (Server.java:doStart(415)) - Started @97469ms
2022-01-08 13:18:12,072 [Listener at 127.0.0.1/12096] WARN  impl.MetricsSystemImpl (MetricsSystemImpl.java:register(279)) - Sink prometheus already exists!
2022-01-08 13:18:12,074 [Listener at 127.0.0.1/12096] INFO  http.BaseHttpServer (BaseHttpServer.java:updateConnectorAddress(329)) - HTTP server of hddsDatanode listening at http://0.0.0.0:42711
2022-01-08 13:18:12,076 [Listener at 127.0.0.1/12096] INFO  ozone.MiniOzoneClusterImpl (MiniOzoneClusterImpl.java:lambda$waitForClusterToBeReady$0(235)) - Waiting for nodes to be ready. Got 0 of 3 DN Heartbeats.
2022-01-08 13:18:12,076 [Listener at 127.0.0.1/12096] INFO  ozone.MiniOzoneClusterImpl (MiniOzoneClusterImpl.java:lambda$waitForClusterToBeReady$0(238)) - Waiting for cluster to exit safe mode
2022-01-08 13:18:12,076 [Listener at 127.0.0.1/12096] INFO  ozone.MiniOzoneClusterImpl (MiniOzoneClusterImpl.java:lambda$waitForClusterToBeReady$0(240)) - SCM became leader
2022-01-08 13:18:12,077 [Datanode State Machine Daemon Thread] INFO  statemachine.DatanodeStateMachine (DatanodeStateMachine.java:lambda$startDaemon$0(467)) - Ozone container server started.
2022-01-08 13:18:12,108 [omNode-1@group-523986131536-LeaderElection19] INFO  impl.LeaderElection (LeaderElection.java:askForVotes(306)) - omNode-1@group-523986131536-LeaderElection19 ELECTION round 0: submit vote requests at term 1 for -1: [omNode-1|rpc:localhost:12100|priority:0], old=null
2022-01-08 13:18:12,108 [omNode-1@group-523986131536-LeaderElection19] INFO  impl.LeaderElection (LeaderElection.java:askForVotes(308)) - omNode-1@group-523986131536-LeaderElection19 ELECTION round 0: result PASSED (term=1)
2022-01-08 13:18:12,108 [omNode-1@group-523986131536-LeaderElection19] INFO  impl.RoleInfo (RoleInfo.java:shutdownLeaderElection(121)) - omNode-1: shutdown omNode-1@group-523986131536-LeaderElection19
2022-01-08 13:18:12,108 [omNode-1@group-523986131536-LeaderElection19] INFO  server.RaftServer$Division (RaftServerImpl.java:setRole(290)) - omNode-1@group-523986131536: changes role from CANDIDATE to LEADER at term 1 for changeToLeader
2022-01-08 13:18:12,108 [omNode-1@group-523986131536-LeaderElection19] INFO  server.RaftServer$Division (ServerState.java:setLeader(285)) - omNode-1@group-523986131536: change Leader from null to omNode-1 at term 1 for becomeLeader, leader elected after 1288ms
2022-01-08 13:18:12,108 [omNode-1@group-523986131536-LeaderElection19] INFO  server.RaftServerConfigKeys (ConfUtils.java:logGet(44)) - raft.server.staging.catchup.gap = 1000 (default)
2022-01-08 13:18:12,110 [omNode-1@group-523986131536-LeaderElection19] INFO  server.RaftServerConfigKeys (ConfUtils.java:logGet(44)) - raft.server.write.element-limit = 4096 (default)
2022-01-08 13:18:12,110 [omNode-1@group-523986131536-LeaderElection19] INFO  server.RaftServerConfigKeys (ConfUtils.java:logGet(44)) - raft.server.write.byte-limit = 64MB (=67108864) (default)
2022-01-08 13:18:12,111 [omNode-1@group-523986131536-LeaderElection19] INFO  server.RaftServerConfigKeys (ConfUtils.java:logGet(44)) - raft.server.watch.timeout = 10s (default)
2022-01-08 13:18:12,111 [omNode-1@group-523986131536-LeaderElection19] INFO  server.RaftServerConfigKeys (ConfUtils.java:logGet(44)) - raft.server.watch.timeout.denomination = 1s (default)
2022-01-08 13:18:12,111 [omNode-1@group-523986131536-LeaderElection19] INFO  server.RaftServerConfigKeys (ConfUtils.java:logGet(44)) - raft.server.watch.element-limit = 65536 (default)
2022-01-08 13:18:12,111 [omNode-1@group-523986131536-LeaderElection19] INFO  server.RaftServerConfigKeys (ConfUtils.java:logGet(44)) - raft.server.write.element-limit = 4096 (default)
2022-01-08 13:18:12,111 [omNode-1@group-523986131536-LeaderElection19] INFO  server.RaftServerConfigKeys (ConfUtils.java:logGet(44)) - raft.server.write.follower.gap.ratio.max = -1.0 (default)
2022-01-08 13:18:12,111 [omNode-1@group-523986131536-LeaderElection19] INFO  impl.RoleInfo (RoleInfo.java:updateAndGet(130)) - omNode-1: start omNode-1@group-523986131536-LeaderStateImpl
2022-01-08 13:18:12,112 [omNode-1@group-523986131536-LeaderElection19] INFO  segmented.SegmentedRaftLogWorker (SegmentedRaftLogWorker.java:startLogSegment(394)) - omNode-1@group-523986131536-SegmentedRaftLogWorker: Starting segment from index:0
2022-01-08 13:18:12,138 [org.apache.hadoop.util.JvmPauseMonitor$Monitor@fc59803] INFO  util.JvmPauseMonitor (JvmPauseMonitor.java:run(188)) - Starting JVM pause monitor
2022-01-08 13:18:12,143 [Datanode State Machine Task Thread - 0] INFO  ha.SCMNodeInfo (SCMNodeInfo.java:getPort(197)) - ConfigKey ozone.scm.client.address is deprecated, For configuring different ports for each SCM use PortConfigKey ozone.scm.client.port appended with serviceId and nodeId
2022-01-08 13:18:12,143 [Datanode State Machine Task Thread - 0] INFO  ha.SCMNodeInfo (SCMNodeInfo.java:getPort(197)) - ConfigKey ozone.scm.block.client.address is deprecated, For configuring different ports for each SCM use PortConfigKey ozone.scm.block.client.port appended with serviceId and nodeId
2022-01-08 13:18:12,143 [Datanode State Machine Task Thread - 0] INFO  ha.SCMNodeInfo (SCMNodeInfo.java:getPort(197)) - ConfigKey ozone.scm.datanode.address is deprecated, For configuring different ports for each SCM use PortConfigKey ozone.scm.datanode.port appended with serviceId and nodeId
2022-01-08 13:18:12,143 [Datanode State Machine Task Thread - 0] INFO  ha.SCMNodeInfo (SCMNodeInfo.java:getPort(197)) - ConfigKey ozone.scm.client.address is deprecated, For configuring different ports for each SCM use PortConfigKey ozone.scm.client.port appended with serviceId and nodeId
2022-01-08 13:18:12,143 [Datanode State Machine Task Thread - 0] INFO  ha.SCMNodeInfo (SCMNodeInfo.java:getPort(197)) - ConfigKey ozone.scm.block.client.address is deprecated, For configuring different ports for each SCM use PortConfigKey ozone.scm.block.client.port appended with serviceId and nodeId
2022-01-08 13:18:12,143 [Datanode State Machine Task Thread - 0] INFO  ha.SCMNodeInfo (SCMNodeInfo.java:getPort(197)) - ConfigKey ozone.scm.datanode.address is deprecated, For configuring different ports for each SCM use PortConfigKey ozone.scm.datanode.port appended with serviceId and nodeId
2022-01-08 13:18:12,143 [Datanode State Machine Task Thread - 0] INFO  ha.SCMNodeInfo (SCMNodeInfo.java:getPort(197)) - ConfigKey ozone.scm.client.address is deprecated, For configuring different ports for each SCM use PortConfigKey ozone.scm.client.port appended with serviceId and nodeId
2022-01-08 13:18:12,143 [Datanode State Machine Task Thread - 0] INFO  ha.SCMNodeInfo (SCMNodeInfo.java:getPort(197)) - ConfigKey ozone.scm.block.client.address is deprecated, For configuring different ports for each SCM use PortConfigKey ozone.scm.block.client.port appended with serviceId and nodeId
2022-01-08 13:18:12,143 [Datanode State Machine Task Thread - 0] INFO  ha.SCMNodeInfo (SCMNodeInfo.java:getPort(197)) - ConfigKey ozone.scm.datanode.address is deprecated, For configuring different ports for each SCM use PortConfigKey ozone.scm.datanode.port appended with serviceId and nodeId
2022-01-08 13:18:12,152 [Datanode State Machine Task Thread - 0] INFO  datanode.InitDatanodeState (InitDatanodeState.java:persistContainerDatanodeDetails(145)) - DatanodeDetails is persisted to /home/runner/work/ozone/ozone/hadoop-ozone/integration-test/target/test-dir/MiniOzoneClusterImpl-96dde82e-0bdc-4c97-ae5c-ef816938392d/datanode-2/meta/datanode.id
2022-01-08 13:18:12,164 [omNode-1@group-523986131536-LeaderElection19] INFO  server.RaftServer$Division (ServerState.java:setRaftConf(387)) - omNode-1@group-523986131536: set configuration 0: [omNode-1|rpc:localhost:12100|admin:|client:|dataStream:|priority:0], old=null
2022-01-08 13:18:12,172 [omNode-1@group-523986131536-SegmentedRaftLogWorker] INFO  segmented.SegmentedRaftLogWorker (SegmentedRaftLogWorker.java:execute(601)) - omNode-1@group-523986131536-SegmentedRaftLogWorker: created new log segment /home/runner/work/ozone/ozone/hadoop-ozone/integration-test/target/test-dir/MiniOzoneClusterImpl-96dde82e-0bdc-4c97-ae5c-ef816938392d/omNode-1/ratis/c9bc4cf4-3bc3-3c60-a66b-523986131536/current/log_inprogress_0
2022-01-08 13:18:12,174 [omNode-1@group-523986131536-StateMachineUpdater] INFO  ratis.OzoneManagerStateMachine (OzoneManagerStateMachine.java:notifyConfigurationChanged(188)) - Received Configuration change notification from Ratis. New Peer list:
[id: "omNode-1"
address: "localhost:12100"
]
2022-01-08 13:18:12,558 [EndpointStateMachine task thread for /127.0.0.1:15227 - 0 ] INFO  ipc.Client (Client.java:handleConnectionFailure(977)) - Retrying connect to server: localhost/127.0.0.1:15227. Already tried 8 time(s); retry policy is RetryUpToMaximumCountWithFixedSleep(maxRetries=15, sleepTime=1000 MILLISECONDS)
2022-01-08 13:18:12,580 [EndpointStateMachine task thread for /127.0.0.1:15237 - 0 ] INFO  ipc.Client (Client.java:handleConnectionFailure(977)) - Retrying connect to server: localhost/127.0.0.1:15237. Already tried 8 time(s); retry policy is RetryUpToMaximumCountWithFixedSleep(maxRetries=15, sleepTime=1000 MILLISECONDS)
2022-01-08 13:18:12,581 [EndpointStateMachine task thread for /127.0.0.1:15217 - 0 ] INFO  ipc.Client (Client.java:handleConnectionFailure(977)) - Retrying connect to server: localhost/127.0.0.1:15217. Already tried 11 time(s); retry policy is RetryUpToMaximumCountWithFixedSleep(maxRetries=15, sleepTime=1000 MILLISECONDS)
2022-01-08 13:18:13,077 [Listener at 127.0.0.1/12096] INFO  ozone.MiniOzoneClusterImpl (MiniOzoneClusterImpl.java:lambda$waitForClusterToBeReady$0(235)) - Waiting for nodes to be ready. Got 0 of 3 DN Heartbeats.
2022-01-08 13:18:13,077 [Listener at 127.0.0.1/12096] INFO  ozone.MiniOzoneClusterImpl (MiniOzoneClusterImpl.java:lambda$waitForClusterToBeReady$0(238)) - Waiting for cluster to exit safe mode
2022-01-08 13:18:13,077 [Listener at 127.0.0.1/12096] INFO  ozone.MiniOzoneClusterImpl (MiniOzoneClusterImpl.java:lambda$waitForClusterToBeReady$0(240)) - SCM became leader
2022-01-08 13:18:13,508 [EndpointStateMachine task thread for /127.0.0.1:12081 - 0 ] INFO  ozoneimpl.OzoneContainer (OzoneContainer.java:start(315)) - Attempting to start container services.
2022-01-08 13:18:13,509 [EndpointStateMachine task thread for /127.0.0.1:12081 - 0 ] INFO  ozoneimpl.OzoneContainer (OzoneContainer.java:startContainerScrub(250)) - Background container scanner has been disabled.
2022-01-08 13:18:13,509 [EndpointStateMachine task thread for /127.0.0.1:12081 - 0 ] INFO  replication.ReplicationServer (ReplicationServer.java:start(107)) - ReplicationServer is started using port 35313
2022-01-08 13:18:13,510 [EndpointStateMachine task thread for /127.0.0.1:12081 - 0 ] INFO  ratis.XceiverServerRatis (XceiverServerRatis.java:start(484)) - Starting XceiverServerRatis 737545ee-dc45-4e08-9429-983c1d4f2632
2022-01-08 13:18:13,524 [EndpointStateMachine task thread for /127.0.0.1:12081 - 0 ] INFO  server.RaftServer (RaftServerProxy.java:lambda$start$5(374)) - 737545ee-dc45-4e08-9429-983c1d4f2632: start RPC server
2022-01-08 13:18:13,525 [EndpointStateMachine task thread for /127.0.0.1:12081 - 0 ] INFO  server.GrpcService (GrpcService.java:startImpl(253)) - 737545ee-dc45-4e08-9429-983c1d4f2632: GrpcService started, listening on 46773
2022-01-08 13:18:13,526 [EndpointStateMachine task thread for /127.0.0.1:12081 - 0 ] INFO  ratis.XceiverServerRatis (XceiverServerRatis.java:getRealPort(505)) - XceiverServerRatis 737545ee-dc45-4e08-9429-983c1d4f2632 is started using port 46773 for RATIS
2022-01-08 13:18:13,526 [EndpointStateMachine task thread for /127.0.0.1:12081 - 0 ] INFO  ratis.XceiverServerRatis (XceiverServerRatis.java:getRealPort(505)) - XceiverServerRatis 737545ee-dc45-4e08-9429-983c1d4f2632 is started using port 46773 for RATIS_ADMIN
2022-01-08 13:18:13,526 [EndpointStateMachine task thread for /127.0.0.1:12081 - 0 ] INFO  ratis.XceiverServerRatis (XceiverServerRatis.java:getRealPort(505)) - XceiverServerRatis 737545ee-dc45-4e08-9429-983c1d4f2632 is started using port 46773 for RATIS_SERVER
2022-01-08 13:18:13,526 [org.apache.ratis.util.JvmPauseMonitor$$Lambda$500/2122256138@35ccf670] INFO  util.JvmPauseMonitor (JvmPauseMonitor.java:run(103)) - JvmPauseMonitor-737545ee-dc45-4e08-9429-983c1d4f2632: Started
2022-01-08 13:18:13,527 [EndpointStateMachine task thread for /127.0.0.1:12081 - 0 ] INFO  server.XceiverServerGrpc (XceiverServerGrpc.java:start(180)) - XceiverServerGrpc 737545ee-dc45-4e08-9429-983c1d4f2632 is started using port 42829
2022-01-08 13:18:13,543 [EndpointStateMachine task thread for /127.0.0.1:12091 - 0 ] INFO  ozoneimpl.OzoneContainer (OzoneContainer.java:start(311)) - Ignore. OzoneContainer already started.
2022-01-08 13:18:13,558 [EndpointStateMachine task thread for /127.0.0.1:15227 - 0 ] INFO  ipc.Client (Client.java:handleConnectionFailure(977)) - Retrying connect to server: localhost/127.0.0.1:15227. Already tried 9 time(s); retry policy is RetryUpToMaximumCountWithFixedSleep(maxRetries=15, sleepTime=1000 MILLISECONDS)
2022-01-08 13:18:13,581 [EndpointStateMachine task thread for /127.0.0.1:15237 - 0 ] INFO  ipc.Client (Client.java:handleConnectionFailure(977)) - Retrying connect to server: localhost/127.0.0.1:15237. Already tried 9 time(s); retry policy is RetryUpToMaximumCountWithFixedSleep(maxRetries=15, sleepTime=1000 MILLISECONDS)
2022-01-08 13:18:13,581 [EndpointStateMachine task thread for /127.0.0.1:15217 - 0 ] INFO  ipc.Client (Client.java:handleConnectionFailure(977)) - Retrying connect to server: localhost/127.0.0.1:15217. Already tried 12 time(s); retry policy is RetryUpToMaximumCountWithFixedSleep(maxRetries=15, sleepTime=1000 MILLISECONDS)
2022-01-08 13:18:13,864 [EndpointStateMachine task thread for /127.0.0.1:12081 - 0 ] INFO  ozoneimpl.OzoneContainer (OzoneContainer.java:start(315)) - Attempting to start container services.
2022-01-08 13:18:13,864 [EndpointStateMachine task thread for /127.0.0.1:12081 - 0 ] INFO  ozoneimpl.OzoneContainer (OzoneContainer.java:startContainerScrub(250)) - Background container scanner has been disabled.
2022-01-08 13:18:13,865 [EndpointStateMachine task thread for /127.0.0.1:12081 - 0 ] INFO  replication.ReplicationServer (ReplicationServer.java:start(107)) - ReplicationServer is started using port 44221
2022-01-08 13:18:13,866 [EndpointStateMachine task thread for /127.0.0.1:12081 - 0 ] INFO  ratis.XceiverServerRatis (XceiverServerRatis.java:start(484)) - Starting XceiverServerRatis f4bd9712-e444-41ba-bddc-dab6ab48249e
2022-01-08 13:18:13,878 [EndpointStateMachine task thread for /127.0.0.1:12081 - 0 ] INFO  server.RaftServer (RaftServerProxy.java:lambda$start$5(374)) - f4bd9712-e444-41ba-bddc-dab6ab48249e: start RPC server
2022-01-08 13:18:13,878 [EndpointStateMachine task thread for /127.0.0.1:12081 - 0 ] INFO  server.GrpcService (GrpcService.java:startImpl(253)) - f4bd9712-e444-41ba-bddc-dab6ab48249e: GrpcService started, listening on 34435
2022-01-08 13:18:13,880 [EndpointStateMachine task thread for /127.0.0.1:12081 - 0 ] INFO  ratis.XceiverServerRatis (XceiverServerRatis.java:getRealPort(505)) - XceiverServerRatis f4bd9712-e444-41ba-bddc-dab6ab48249e is started using port 34435 for RATIS
2022-01-08 13:18:13,880 [EndpointStateMachine task thread for /127.0.0.1:12081 - 0 ] INFO  ratis.XceiverServerRatis (XceiverServerRatis.java:getRealPort(505)) - XceiverServerRatis f4bd9712-e444-41ba-bddc-dab6ab48249e is started using port 34435 for RATIS_ADMIN
2022-01-08 13:18:13,880 [EndpointStateMachine task thread for /127.0.0.1:12081 - 0 ] INFO  ratis.XceiverServerRatis (XceiverServerRatis.java:getRealPort(505)) - XceiverServerRatis f4bd9712-e444-41ba-bddc-dab6ab48249e is started using port 34435 for RATIS_SERVER
2022-01-08 13:18:13,883 [org.apache.ratis.util.JvmPauseMonitor$$Lambda$500/2122256138@4388fe40] INFO  util.JvmPauseMonitor (JvmPauseMonitor.java:run(103)) - JvmPauseMonitor-f4bd9712-e444-41ba-bddc-dab6ab48249e: Started
2022-01-08 13:18:13,886 [EndpointStateMachine task thread for /127.0.0.1:12081 - 0 ] INFO  server.XceiverServerGrpc (XceiverServerGrpc.java:start(180)) - XceiverServerGrpc f4bd9712-e444-41ba-bddc-dab6ab48249e is started using port 35259
2022-01-08 13:18:13,888 [EndpointStateMachine task thread for /127.0.0.1:12091 - 0 ] INFO  ozoneimpl.OzoneContainer (OzoneContainer.java:start(311)) - Ignore. OzoneContainer already started.
2022-01-08 13:18:14,077 [Listener at 127.0.0.1/12096] INFO  ozone.MiniOzoneClusterImpl (MiniOzoneClusterImpl.java:lambda$waitForClusterToBeReady$0(235)) - Waiting for nodes to be ready. Got 0 of 3 DN Heartbeats.
2022-01-08 13:18:14,078 [Listener at 127.0.0.1/12096] INFO  ozone.MiniOzoneClusterImpl (MiniOzoneClusterImpl.java:lambda$waitForClusterToBeReady$0(238)) - Waiting for cluster to exit safe mode
2022-01-08 13:18:14,078 [Listener at 127.0.0.1/12096] INFO  ozone.MiniOzoneClusterImpl (MiniOzoneClusterImpl.java:lambda$waitForClusterToBeReady$0(240)) - SCM became leader
2022-01-08 13:18:14,186 [EndpointStateMachine task thread for /127.0.0.1:12091 - 0 ] INFO  ozoneimpl.OzoneContainer (OzoneContainer.java:start(315)) - Attempting to start container services.
2022-01-08 13:18:14,187 [EndpointStateMachine task thread for /127.0.0.1:12091 - 0 ] INFO  ozoneimpl.OzoneContainer (OzoneContainer.java:startContainerScrub(250)) - Background container scanner has been disabled.
2022-01-08 13:18:14,187 [EndpointStateMachine task thread for /127.0.0.1:12091 - 0 ] INFO  replication.ReplicationServer (ReplicationServer.java:start(107)) - ReplicationServer is started using port 39967
2022-01-08 13:18:14,196 [EndpointStateMachine task thread for /127.0.0.1:12091 - 0 ] INFO  ratis.XceiverServerRatis (XceiverServerRatis.java:start(484)) - Starting XceiverServerRatis c0322a57-4f2b-423f-b02f-0677e9b7408d
2022-01-08 13:18:14,200 [EndpointStateMachine task thread for /127.0.0.1:12091 - 0 ] INFO  server.RaftServer (RaftServerProxy.java:lambda$start$5(374)) - c0322a57-4f2b-423f-b02f-0677e9b7408d: start RPC server
2022-01-08 13:18:14,202 [EndpointStateMachine task thread for /127.0.0.1:12091 - 0 ] INFO  server.GrpcService (GrpcService.java:startImpl(253)) - c0322a57-4f2b-423f-b02f-0677e9b7408d: GrpcService started, listening on 43283
2022-01-08 13:18:14,205 [EndpointStateMachine task thread for /127.0.0.1:12091 - 0 ] INFO  ratis.XceiverServerRatis (XceiverServerRatis.java:getRealPort(505)) - XceiverServerRatis c0322a57-4f2b-423f-b02f-0677e9b7408d is started using port 43283 for RATIS
2022-01-08 13:18:14,205 [EndpointStateMachine task thread for /127.0.0.1:12091 - 0 ] INFO  ratis.XceiverServerRatis (XceiverServerRatis.java:getRealPort(505)) - XceiverServerRatis c0322a57-4f2b-423f-b02f-0677e9b7408d is started using port 43283 for RATIS_ADMIN
2022-01-08 13:18:14,205 [EndpointStateMachine task thread for /127.0.0.1:12091 - 0 ] INFO  ratis.XceiverServerRatis (XceiverServerRatis.java:getRealPort(505)) - XceiverServerRatis c0322a57-4f2b-423f-b02f-0677e9b7408d is started using port 43283 for RATIS_SERVER
2022-01-08 13:18:14,212 [EndpointStateMachine task thread for /127.0.0.1:12091 - 0 ] INFO  server.XceiverServerGrpc (XceiverServerGrpc.java:start(180)) - XceiverServerGrpc c0322a57-4f2b-423f-b02f-0677e9b7408d is started using port 38745
2022-01-08 13:18:14,215 [org.apache.ratis.util.JvmPauseMonitor$$Lambda$500/2122256138@794ed8d5] INFO  util.JvmPauseMonitor (JvmPauseMonitor.java:run(103)) - JvmPauseMonitor-c0322a57-4f2b-423f-b02f-0677e9b7408d: Started
2022-01-08 13:18:14,217 [EndpointStateMachine task thread for /127.0.0.1:12081 - 0 ] INFO  ozoneimpl.OzoneContainer (OzoneContainer.java:start(311)) - Ignore. OzoneContainer already started.
2022-01-08 13:18:14,559 [EndpointStateMachine task thread for /127.0.0.1:15227 - 0 ] INFO  ipc.Client (Client.java:handleConnectionFailure(977)) - Retrying connect to server: localhost/127.0.0.1:15227. Already tried 10 time(s); retry policy is RetryUpToMaximumCountWithFixedSleep(maxRetries=15, sleepTime=1000 MILLISECONDS)
2022-01-08 13:18:14,581 [EndpointStateMachine task thread for /127.0.0.1:15237 - 0 ] INFO  ipc.Client (Client.java:handleConnectionFailure(977)) - Retrying connect to server: localhost/127.0.0.1:15237. Already tried 10 time(s); retry policy is RetryUpToMaximumCountWithFixedSleep(maxRetries=15, sleepTime=1000 MILLISECONDS)
2022-01-08 13:18:14,582 [EndpointStateMachine task thread for /127.0.0.1:15217 - 0 ] INFO  ipc.Client (Client.java:handleConnectionFailure(977)) - Retrying connect to server: localhost/127.0.0.1:15217. Already tried 13 time(s); retry policy is RetryUpToMaximumCountWithFixedSleep(maxRetries=15, sleepTime=1000 MILLISECONDS)
2022-01-08 13:18:15,078 [Listener at 127.0.0.1/12096] INFO  ozone.MiniOzoneClusterImpl (MiniOzoneClusterImpl.java:lambda$waitForClusterToBeReady$0(235)) - Waiting for nodes to be ready. Got 0 of 3 DN Heartbeats.
2022-01-08 13:18:15,078 [Listener at 127.0.0.1/12096] INFO  ozone.MiniOzoneClusterImpl (MiniOzoneClusterImpl.java:lambda$waitForClusterToBeReady$0(238)) - Waiting for cluster to exit safe mode
2022-01-08 13:18:15,079 [Listener at 127.0.0.1/12096] INFO  ozone.MiniOzoneClusterImpl (MiniOzoneClusterImpl.java:lambda$waitForClusterToBeReady$0(240)) - SCM became leader
2022-01-08 13:18:15,469 [IPC Server handler 1 on default port 12081] INFO  net.NetworkTopologyImpl (NetworkTopologyImpl.java:add(112)) - Added a new node: /default-rack/737545ee-dc45-4e08-9429-983c1d4f2632
2022-01-08 13:18:15,469 [IPC Server handler 1 on default port 12081] INFO  node.SCMNodeManager (SCMNodeManager.java:register(389)) - Registered Data node : 737545ee-dc45-4e08-9429-983c1d4f2632{ip: 127.0.0.1, host: localhost, ports: [REPLICATION=35313, RATIS=46773, RATIS_ADMIN=46773, RATIS_SERVER=46773, STANDALONE=42829], networkLocation: /default-rack, certSerialId: null, persistedOpState: null, persistedOpStateExpiryEpochSec: 0}
2022-01-08 13:18:15,470 [EventQueue-NewNodeForNewNodeHandler] INFO  pipeline.BackgroundPipelineCreator (BackgroundPipelineCreator.java:notifyEventTriggered(285)) - trigger a one-shot run on RatisPipelineUtilsThread.
2022-01-08 13:18:15,471 [EventQueue-NodeRegistrationContainerReportForDataNodeSafeModeRule] INFO  safemode.SCMSafeModeManager (DataNodeSafeModeRule.java:process(71)) - SCM in safe mode. 1 DataNodes registered, 3 required.
2022-01-08 13:18:15,473 [EventQueue-NodeRegistrationContainerReportForContainerSafeModeRule] INFO  safemode.SCMSafeModeManager (SCMSafeModeManager.java:validateSafeModeExitRules(204)) - ContainerSafeModeRule rule is successfully validated
2022-01-08 13:18:15,472 [RatisPipelineUtilsThread - 0] INFO  pipeline.RatisPipelineProvider (RatisPipelineProvider.java:lambda$create$0(183)) - Sending CreatePipelineCommand for pipeline:PipelineID=8c20c318-9b92-4f4d-b229-e77a0e4fd1d6 to datanode:737545ee-dc45-4e08-9429-983c1d4f2632
2022-01-08 13:18:15,480 [IPC Server handler 2 on default port 12091] INFO  net.NetworkTopologyImpl (NetworkTopologyImpl.java:add(112)) - Added a new node: /default-rack/737545ee-dc45-4e08-9429-983c1d4f2632
2022-01-08 13:18:15,481 [IPC Server handler 2 on default port 12091] INFO  node.SCMNodeManager (SCMNodeManager.java:register(389)) - Registered Data node : 737545ee-dc45-4e08-9429-983c1d4f2632{ip: 127.0.0.1, host: localhost, ports: [REPLICATION=35313, RATIS=46773, RATIS_ADMIN=46773, RATIS_SERVER=46773, STANDALONE=42829], networkLocation: /default-rack, certSerialId: null, persistedOpState: null, persistedOpStateExpiryEpochSec: 0}
2022-01-08 13:18:15,488 [EventQueue-PipelineReportForOneReplicaPipelineSafeModeRule] INFO  safemode.SCMSafeModeManager (SCMSafeModeManager.java:validateSafeModeExitRules(204)) - AtleastOneDatanodeReportedRule rule is successfully validated
2022-01-08 13:18:15,492 [EventQueue-NewNodeForNewNodeHandler] INFO  pipeline.BackgroundPipelineCreator (BackgroundPipelineCreator.java:notifyEventTriggered(279)) - ignore, not leader SCM.
2022-01-08 13:18:15,515 [EventQueue-NodeRegistrationContainerReportForContainerSafeModeRule] INFO  safemode.SCMSafeModeManager (SCMSafeModeManager.java:validateSafeModeExitRules(204)) - ContainerSafeModeRule rule is successfully validated
2022-01-08 13:18:15,519 [EventQueue-PipelineReportForOneReplicaPipelineSafeModeRule] INFO  safemode.SCMSafeModeManager (SCMSafeModeManager.java:validateSafeModeExitRules(204)) - AtleastOneDatanodeReportedRule rule is successfully validated
2022-01-08 13:18:15,519 [EventQueue-NodeRegistrationContainerReportForDataNodeSafeModeRule] INFO  safemode.SCMSafeModeManager (DataNodeSafeModeRule.java:process(71)) - SCM in safe mode. 1 DataNodes registered, 3 required.
2022-01-08 13:18:15,536 [222ceec3-fd71-41f2-aa08-53f50be8376f@group-EF816938392D-StateMachineUpdater] INFO  pipeline.PipelineStateManagerImpl (PipelineStateManagerImpl.java:addPipeline(101)) - Created pipeline Pipeline[ Id: 8c20c318-9b92-4f4d-b229-e77a0e4fd1d6, Nodes: 737545ee-dc45-4e08-9429-983c1d4f2632{ip: 127.0.0.1, host: localhost, ports: [REPLICATION=35313, RATIS=46773, RATIS_ADMIN=46773, RATIS_SERVER=46773, STANDALONE=42829], networkLocation: /default-rack, certSerialId: null, persistedOpState: IN_SERVICE, persistedOpStateExpiryEpochSec: 0}, ReplicationConfig: RATIS/ONE, State:ALLOCATED, leaderId:, CreationTimestamp2022-01-08T13:18:15.472Z[Etc/UTC]].
2022-01-08 13:18:15,537 [222ceec3-fd71-41f2-aa08-53f50be8376f@group-EF816938392D-StateMachineUpdater] INFO  safemode.HealthyPipelineSafeModeRule (HealthyPipelineSafeModeRule.java:initializeRule(152)) - Refreshed total pipeline count is 0, healthy pipeline threshold count is 1
2022-01-08 13:18:15,540 [RatisPipelineUtilsThread - 0] INFO  ha.SCMHAInvocationHandler (SCMHAInvocationHandler.java:invokeRatis(113)) - Invoking method public abstract void org.apache.hadoop.hdds.scm.pipeline.PipelineStateManager.addPipeline(org.apache.hadoop.hdds.protocol.proto.HddsProtos$Pipeline) throws java.io.IOException on target org.apache.hadoop.hdds.scm.ha.SCMRatisServerImpl@4c7e36e2, cost 66790.233us
2022-01-08 13:18:15,548 [40a4bb05-3d2f-4358-aa13-75cfde41e6e0@group-EF816938392D-StateMachineUpdater] INFO  pipeline.PipelineStateManagerImpl (PipelineStateManagerImpl.java:addPipeline(101)) - Created pipeline Pipeline[ Id: 8c20c318-9b92-4f4d-b229-e77a0e4fd1d6, Nodes: 737545ee-dc45-4e08-9429-983c1d4f2632{ip: 127.0.0.1, host: localhost, ports: [REPLICATION=35313, RATIS=46773, RATIS_ADMIN=46773, RATIS_SERVER=46773, STANDALONE=42829], networkLocation: /default-rack, certSerialId: null, persistedOpState: IN_SERVICE, persistedOpStateExpiryEpochSec: 0}, ReplicationConfig: RATIS/ONE, State:ALLOCATED, leaderId:, CreationTimestamp2022-01-08T13:18:15.472Z[Etc/UTC]].
2022-01-08 13:18:15,548 [40a4bb05-3d2f-4358-aa13-75cfde41e6e0@group-EF816938392D-StateMachineUpdater] INFO  safemode.HealthyPipelineSafeModeRule (HealthyPipelineSafeModeRule.java:initializeRule(152)) - Refreshed total pipeline count is 0, healthy pipeline threshold count is 1
2022-01-08 13:18:15,548 [40a4bb05-3d2f-4358-aa13-75cfde41e6e0@group-EF816938392D-StateMachineUpdater] INFO  ha.SCMStateMachine (SCMStateMachine.java:takeSnapshot(297)) - Current Snapshot Index 7, takeSnapshot took 0 ms
2022-01-08 13:18:15,548 [40a4bb05-3d2f-4358-aa13-75cfde41e6e0@group-EF816938392D-StateMachineUpdater] INFO  impl.StateMachineUpdater (StateMachineUpdater.java:takeSnapshot(281)) - 40a4bb05-3d2f-4358-aa13-75cfde41e6e0@group-EF816938392D-StateMachineUpdater: Took a snapshot at index 7
2022-01-08 13:18:15,549 [40a4bb05-3d2f-4358-aa13-75cfde41e6e0@group-EF816938392D-StateMachineUpdater] INFO  impl.StateMachineUpdater (StateMachineUpdater.java:lambda$new$0(89)) - 40a4bb05-3d2f-4358-aa13-75cfde41e6e0@group-EF816938392D-StateMachineUpdater: snapshotIndex: updateIncreasingly 2 -> 7
2022-01-08 13:18:15,549 [40a4bb05-3d2f-4358-aa13-75cfde41e6e0@group-EF816938392D-StateMachineUpdater] INFO  raftlog.RaftLog (RaftLogBase.java:purge(306)) - 40a4bb05-3d2f-4358-aa13-75cfde41e6e0@group-EF816938392D-SegmentedRaftLog: purge 7
2022-01-08 13:18:15,549 [40a4bb05-3d2f-4358-aa13-75cfde41e6e0@group-EF816938392D-StateMachineUpdater] INFO  raftlog.RaftLog (RaftLogBase.java:lambda$new$0(53)) - 40a4bb05-3d2f-4358-aa13-75cfde41e6e0@group-EF816938392D-SegmentedRaftLog: snapshotIndex: updateIncreasingly 2 -> 7
2022-01-08 13:18:15,549 [40a4bb05-3d2f-4358-aa13-75cfde41e6e0@group-EF816938392D-StateMachineUpdater] INFO  raftlog.RaftLog (RaftLogBase.java:lambda$new$0(53)) - 40a4bb05-3d2f-4358-aa13-75cfde41e6e0@group-EF816938392D-SegmentedRaftLog: purgeIndex: updateToMax old=-1, new=7, updated? true
2022-01-08 13:18:15,559 [EndpointStateMachine task thread for /127.0.0.1:15227 - 0 ] INFO  ipc.Client (Client.java:handleConnectionFailure(977)) - Retrying connect to server: localhost/127.0.0.1:15227. Already tried 11 time(s); retry policy is RetryUpToMaximumCountWithFixedSleep(maxRetries=15, sleepTime=1000 MILLISECONDS)
2022-01-08 13:18:15,582 [EndpointStateMachine task thread for /127.0.0.1:15237 - 0 ] INFO  ipc.Client (Client.java:handleConnectionFailure(977)) - Retrying connect to server: localhost/127.0.0.1:15237. Already tried 11 time(s); retry policy is RetryUpToMaximumCountWithFixedSleep(maxRetries=15, sleepTime=1000 MILLISECONDS)
2022-01-08 13:18:15,582 [EndpointStateMachine task thread for /127.0.0.1:15217 - 0 ] INFO  ipc.Client (Client.java:handleConnectionFailure(977)) - Retrying connect to server: localhost/127.0.0.1:15217. Already tried 14 time(s); retry policy is RetryUpToMaximumCountWithFixedSleep(maxRetries=15, sleepTime=1000 MILLISECONDS)
2022-01-08 13:18:15,850 [IPC Server handler 0 on default port 12081] INFO  net.NetworkTopologyImpl (NetworkTopologyImpl.java:add(112)) - Added a new node: /default-rack/f4bd9712-e444-41ba-bddc-dab6ab48249e
2022-01-08 13:18:15,850 [IPC Server handler 0 on default port 12081] INFO  node.SCMNodeManager (SCMNodeManager.java:register(389)) - Registered Data node : f4bd9712-e444-41ba-bddc-dab6ab48249e{ip: 127.0.0.1, host: localhost, ports: [REPLICATION=44221, RATIS=34435, RATIS_ADMIN=34435, RATIS_SERVER=34435, STANDALONE=35259], networkLocation: /default-rack, certSerialId: null, persistedOpState: null, persistedOpStateExpiryEpochSec: 0}
2022-01-08 13:18:15,851 [EventQueue-NewNodeForNewNodeHandler] INFO  pipeline.BackgroundPipelineCreator (BackgroundPipelineCreator.java:notifyEventTriggered(285)) - trigger a one-shot run on RatisPipelineUtilsThread.
2022-01-08 13:18:15,855 [EventQueue-NodeRegistrationContainerReportForDataNodeSafeModeRule] INFO  safemode.SCMSafeModeManager (DataNodeSafeModeRule.java:process(71)) - SCM in safe mode. 2 DataNodes registered, 3 required.
2022-01-08 13:18:15,857 [RatisPipelineUtilsThread - 0] INFO  pipeline.RatisPipelineProvider (RatisPipelineProvider.java:lambda$create$0(183)) - Sending CreatePipelineCommand for pipeline:PipelineID=7ab29acc-ae1a-46cd-9dd9-113664083ab3 to datanode:f4bd9712-e444-41ba-bddc-dab6ab48249e
2022-01-08 13:18:15,859 [IPC Server handler 0 on default port 12091] INFO  net.NetworkTopologyImpl (NetworkTopologyImpl.java:add(112)) - Added a new node: /default-rack/f4bd9712-e444-41ba-bddc-dab6ab48249e
2022-01-08 13:18:15,859 [IPC Server handler 0 on default port 12091] INFO  node.SCMNodeManager (SCMNodeManager.java:register(389)) - Registered Data node : f4bd9712-e444-41ba-bddc-dab6ab48249e{ip: 127.0.0.1, host: localhost, ports: [REPLICATION=44221, RATIS=34435, RATIS_ADMIN=34435, RATIS_SERVER=34435, STANDALONE=35259], networkLocation: /default-rack, certSerialId: null, persistedOpState: null, persistedOpStateExpiryEpochSec: 0}
2022-01-08 13:18:15,860 [EventQueue-NewNodeForNewNodeHandler] INFO  pipeline.BackgroundPipelineCreator (BackgroundPipelineCreator.java:notifyEventTriggered(279)) - ignore, not leader SCM.
2022-01-08 13:18:15,867 [EventQueue-NodeRegistrationContainerReportForDataNodeSafeModeRule] INFO  safemode.SCMSafeModeManager (DataNodeSafeModeRule.java:process(71)) - SCM in safe mode. 2 DataNodes registered, 3 required.
2022-01-08 13:18:15,884 [222ceec3-fd71-41f2-aa08-53f50be8376f@group-EF816938392D-StateMachineUpdater] INFO  pipeline.PipelineStateManagerImpl (PipelineStateManagerImpl.java:addPipeline(101)) - Created pipeline Pipeline[ Id: 7ab29acc-ae1a-46cd-9dd9-113664083ab3, Nodes: f4bd9712-e444-41ba-bddc-dab6ab48249e{ip: 127.0.0.1, host: localhost, ports: [REPLICATION=44221, RATIS=34435, RATIS_ADMIN=34435, RATIS_SERVER=34435, STANDALONE=35259], networkLocation: /default-rack, certSerialId: null, persistedOpState: IN_SERVICE, persistedOpStateExpiryEpochSec: 0}, ReplicationConfig: RATIS/ONE, State:ALLOCATED, leaderId:, CreationTimestamp2022-01-08T13:18:15.856Z[Etc/UTC]].
2022-01-08 13:18:15,885 [222ceec3-fd71-41f2-aa08-53f50be8376f@group-EF816938392D-StateMachineUpdater] INFO  safemode.HealthyPipelineSafeModeRule (HealthyPipelineSafeModeRule.java:initializeRule(152)) - Refreshed total pipeline count is 0, healthy pipeline threshold count is 1
2022-01-08 13:18:15,886 [RatisPipelineUtilsThread - 0] INFO  ha.SCMHAInvocationHandler (SCMHAInvocationHandler.java:invokeRatis(113)) - Invoking method public abstract void org.apache.hadoop.hdds.scm.pipeline.PipelineStateManager.addPipeline(org.apache.hadoop.hdds.protocol.proto.HddsProtos$Pipeline) throws java.io.IOException on target org.apache.hadoop.hdds.scm.ha.SCMRatisServerImpl@4c7e36e2, cost 28776.574us
2022-01-08 13:18:15,887 [40a4bb05-3d2f-4358-aa13-75cfde41e6e0@group-EF816938392D-StateMachineUpdater] INFO  pipeline.PipelineStateManagerImpl (PipelineStateManagerImpl.java:addPipeline(101)) - Created pipeline Pipeline[ Id: 7ab29acc-ae1a-46cd-9dd9-113664083ab3, Nodes: f4bd9712-e444-41ba-bddc-dab6ab48249e{ip: 127.0.0.1, host: localhost, ports: [REPLICATION=44221, RATIS=34435, RATIS_ADMIN=34435, RATIS_SERVER=34435, STANDALONE=35259], networkLocation: /default-rack, certSerialId: null, persistedOpState: IN_SERVICE, persistedOpStateExpiryEpochSec: 0}, ReplicationConfig: RATIS/ONE, State:ALLOCATED, leaderId:, CreationTimestamp2022-01-08T13:18:15.856Z[Etc/UTC]].
2022-01-08 13:18:15,888 [40a4bb05-3d2f-4358-aa13-75cfde41e6e0@group-EF816938392D-StateMachineUpdater] INFO  safemode.HealthyPipelineSafeModeRule (HealthyPipelineSafeModeRule.java:initializeRule(152)) - Refreshed total pipeline count is 0, healthy pipeline threshold count is 1
2022-01-08 13:18:15,889 [222ceec3-fd71-41f2-aa08-53f50be8376f@group-EF816938392D-StateMachineUpdater] INFO  ha.SCMStateMachine (SCMStateMachine.java:takeSnapshot(297)) - Current Snapshot Index 10, takeSnapshot took 0 ms
2022-01-08 13:18:15,889 [222ceec3-fd71-41f2-aa08-53f50be8376f@group-EF816938392D-StateMachineUpdater] INFO  impl.StateMachineUpdater (StateMachineUpdater.java:takeSnapshot(281)) - 222ceec3-fd71-41f2-aa08-53f50be8376f@group-EF816938392D-StateMachineUpdater: Took a snapshot at index 10
2022-01-08 13:18:15,889 [222ceec3-fd71-41f2-aa08-53f50be8376f@group-EF816938392D-StateMachineUpdater] INFO  impl.StateMachineUpdater (StateMachineUpdater.java:lambda$new$0(89)) - 222ceec3-fd71-41f2-aa08-53f50be8376f@group-EF816938392D-StateMachineUpdater: snapshotIndex: updateIncreasingly 5 -> 10
2022-01-08 13:18:15,889 [222ceec3-fd71-41f2-aa08-53f50be8376f@group-EF816938392D-StateMachineUpdater] INFO  raftlog.RaftLog (RaftLogBase.java:purge(306)) - 222ceec3-fd71-41f2-aa08-53f50be8376f@group-EF816938392D-SegmentedRaftLog: purge 10
2022-01-08 13:18:15,889 [222ceec3-fd71-41f2-aa08-53f50be8376f@group-EF816938392D-StateMachineUpdater] INFO  raftlog.RaftLog (RaftLogBase.java:lambda$new$0(53)) - 222ceec3-fd71-41f2-aa08-53f50be8376f@group-EF816938392D-SegmentedRaftLog: snapshotIndex: updateIncreasingly 5 -> 10
2022-01-08 13:18:15,889 [222ceec3-fd71-41f2-aa08-53f50be8376f@group-EF816938392D-StateMachineUpdater] INFO  raftlog.RaftLog (RaftLogBase.java:lambda$new$0(53)) - 222ceec3-fd71-41f2-aa08-53f50be8376f@group-EF816938392D-SegmentedRaftLog: purgeIndex: updateToMax old=0, new=10, updated? true
2022-01-08 13:18:16,079 [Listener at 127.0.0.1/12096] INFO  ozone.MiniOzoneClusterImpl (MiniOzoneClusterImpl.java:lambda$waitForClusterToBeReady$0(235)) - Waiting for nodes to be ready. Got 2 of 3 DN Heartbeats.
2022-01-08 13:18:16,079 [Listener at 127.0.0.1/12096] INFO  ozone.MiniOzoneClusterImpl (MiniOzoneClusterImpl.java:lambda$waitForClusterToBeReady$0(238)) - Waiting for cluster to exit safe mode
2022-01-08 13:18:16,079 [Listener at 127.0.0.1/12096] INFO  ozone.MiniOzoneClusterImpl (MiniOzoneClusterImpl.java:lambda$waitForClusterToBeReady$0(240)) - SCM became leader
2022-01-08 13:18:16,166 [IPC Server handler 2 on default port 12081] INFO  net.NetworkTopologyImpl (NetworkTopologyImpl.java:add(112)) - Added a new node: /default-rack/c0322a57-4f2b-423f-b02f-0677e9b7408d
2022-01-08 13:18:16,167 [IPC Server handler 2 on default port 12081] INFO  node.SCMNodeManager (SCMNodeManager.java:register(389)) - Registered Data node : c0322a57-4f2b-423f-b02f-0677e9b7408d{ip: 127.0.0.1, host: localhost, ports: [REPLICATION=39967, RATIS=43283, RATIS_ADMIN=43283, RATIS_SERVER=43283, STANDALONE=38745], networkLocation: /default-rack, certSerialId: null, persistedOpState: null, persistedOpStateExpiryEpochSec: 0}
2022-01-08 13:18:16,167 [EventQueue-NewNodeForNewNodeHandler] INFO  pipeline.BackgroundPipelineCreator (BackgroundPipelineCreator.java:notifyEventTriggered(285)) - trigger a one-shot run on RatisPipelineUtilsThread.
2022-01-08 13:18:16,166 [IPC Server handler 1 on default port 12091] INFO  net.NetworkTopologyImpl (NetworkTopologyImpl.java:add(112)) - Added a new node: /default-rack/c0322a57-4f2b-423f-b02f-0677e9b7408d
2022-01-08 13:18:16,168 [IPC Server handler 1 on default port 12091] INFO  node.SCMNodeManager (SCMNodeManager.java:register(389)) - Registered Data node : c0322a57-4f2b-423f-b02f-0677e9b7408d{ip: 127.0.0.1, host: localhost, ports: [REPLICATION=39967, RATIS=43283, RATIS_ADMIN=43283, RATIS_SERVER=43283, STANDALONE=38745], networkLocation: /default-rack, certSerialId: null, persistedOpState: null, persistedOpStateExpiryEpochSec: 0}
2022-01-08 13:18:16,168 [EventQueue-NewNodeForNewNodeHandler] INFO  pipeline.BackgroundPipelineCreator (BackgroundPipelineCreator.java:notifyEventTriggered(279)) - ignore, not leader SCM.
2022-01-08 13:18:16,171 [EventQueue-NodeRegistrationContainerReportForDataNodeSafeModeRule] INFO  safemode.SCMSafeModeManager (DataNodeSafeModeRule.java:process(71)) - SCM in safe mode. 3 DataNodes registered, 3 required.
2022-01-08 13:18:16,171 [EventQueue-NodeRegistrationContainerReportForDataNodeSafeModeRule] INFO  safemode.SCMSafeModeManager (SCMSafeModeManager.java:validateSafeModeExitRules(204)) - DataNodeSafeModeRule rule is successfully validated
2022-01-08 13:18:16,171 [EventQueue-NodeRegistrationContainerReportForDataNodeSafeModeRule] INFO  safemode.SCMSafeModeManager (SCMSafeModeManager.java:completePreCheck(233)) - All SCM safe mode pre check rules have passed
2022-01-08 13:18:16,171 [EventQueue-NodeRegistrationContainerReportForDataNodeSafeModeRule] WARN  events.EventQueue (EventQueue.java:fireEvent(194)) - No event handler registered for event TypedEvent{payloadType=SafeModeStatus, name='Safe mode status'}
2022-01-08 13:18:16,171 [EventQueue-NodeRegistrationContainerReportForDataNodeSafeModeRule] INFO  ha.SCMContext (SCMContext.java:updateSafeModeStatus(211)) - Update SafeModeStatus from SafeModeStatus{safeModeStatus=true, preCheckPassed=false} to SafeModeStatus{safeModeStatus=true, preCheckPassed=true}.
2022-01-08 13:18:16,171 [EventQueue-NodeRegistrationContainerReportForDataNodeSafeModeRule] INFO  pipeline.BackgroundPipelineCreator (BackgroundPipelineCreator.java:notifyEventTriggered(285)) - trigger a one-shot run on RatisPipelineUtilsThread.
2022-01-08 13:18:16,176 [RatisPipelineUtilsThread - 0] INFO  pipeline.RatisPipelineProvider (RatisPipelineProvider.java:lambda$create$0(183)) - Sending CreatePipelineCommand for pipeline:PipelineID=d50a1c30-1eb4-42e6-9dee-85640173ba8f to datanode:c0322a57-4f2b-423f-b02f-0677e9b7408d
2022-01-08 13:18:16,179 [EventQueue-NodeRegistrationContainerReportForDataNodeSafeModeRule] INFO  safemode.SCMSafeModeManager (DataNodeSafeModeRule.java:process(71)) - SCM in safe mode. 3 DataNodes registered, 3 required.
2022-01-08 13:18:16,179 [EventQueue-NodeRegistrationContainerReportForDataNodeSafeModeRule] INFO  safemode.SCMSafeModeManager (SCMSafeModeManager.java:validateSafeModeExitRules(204)) - DataNodeSafeModeRule rule is successfully validated
2022-01-08 13:18:16,179 [EventQueue-NodeRegistrationContainerReportForDataNodeSafeModeRule] INFO  safemode.SCMSafeModeManager (SCMSafeModeManager.java:completePreCheck(233)) - All SCM safe mode pre check rules have passed
2022-01-08 13:18:16,179 [EventQueue-NodeRegistrationContainerReportForDataNodeSafeModeRule] WARN  events.EventQueue (EventQueue.java:fireEvent(194)) - No event handler registered for event TypedEvent{payloadType=SafeModeStatus, name='Safe mode status'}
2022-01-08 13:18:16,179 [EventQueue-NodeRegistrationContainerReportForDataNodeSafeModeRule] INFO  ha.SCMContext (SCMContext.java:updateSafeModeStatus(211)) - Update SafeModeStatus from SafeModeStatus{safeModeStatus=true, preCheckPassed=false} to SafeModeStatus{safeModeStatus=true, preCheckPassed=true}.
2022-01-08 13:18:16,179 [EventQueue-NodeRegistrationContainerReportForDataNodeSafeModeRule] INFO  pipeline.BackgroundPipelineCreator (BackgroundPipelineCreator.java:notifyEventTriggered(279)) - ignore, not leader SCM.
2022-01-08 13:18:16,192 [222ceec3-fd71-41f2-aa08-53f50be8376f@group-EF816938392D-StateMachineUpdater] INFO  pipeline.PipelineStateManagerImpl (PipelineStateManagerImpl.java:addPipeline(101)) - Created pipeline Pipeline[ Id: d50a1c30-1eb4-42e6-9dee-85640173ba8f, Nodes: c0322a57-4f2b-423f-b02f-0677e9b7408d{ip: 127.0.0.1, host: localhost, ports: [REPLICATION=39967, RATIS=43283, RATIS_ADMIN=43283, RATIS_SERVER=43283, STANDALONE=38745], networkLocation: /default-rack, certSerialId: null, persistedOpState: IN_SERVICE, persistedOpStateExpiryEpochSec: 0}, ReplicationConfig: RATIS/ONE, State:ALLOCATED, leaderId:, CreationTimestamp2022-01-08T13:18:16.176Z[Etc/UTC]].
2022-01-08 13:18:16,192 [222ceec3-fd71-41f2-aa08-53f50be8376f@group-EF816938392D-StateMachineUpdater] INFO  safemode.HealthyPipelineSafeModeRule (HealthyPipelineSafeModeRule.java:initializeRule(152)) - Refreshed total pipeline count is 0, healthy pipeline threshold count is 1
2022-01-08 13:18:16,192 [RatisPipelineUtilsThread - 0] INFO  ha.SCMHAInvocationHandler (SCMHAInvocationHandler.java:invokeRatis(113)) - Invoking method public abstract void org.apache.hadoop.hdds.scm.pipeline.PipelineStateManager.addPipeline(org.apache.hadoop.hdds.protocol.proto.HddsProtos$Pipeline) throws java.io.IOException on target org.apache.hadoop.hdds.scm.ha.SCMRatisServerImpl@4c7e36e2, cost 16440.628us
2022-01-08 13:18:16,193 [RatisPipelineUtilsThread - 0] INFO  pipeline.RatisPipelineProvider (RatisPipelineProvider.java:lambda$create$0(183)) - Sending CreatePipelineCommand for pipeline:PipelineID=d6dbbfe3-3ab8-4abf-9991-58f3da5fb7b7 to datanode:c0322a57-4f2b-423f-b02f-0677e9b7408d
2022-01-08 13:18:16,193 [RatisPipelineUtilsThread - 0] INFO  pipeline.RatisPipelineProvider (RatisPipelineProvider.java:lambda$create$0(183)) - Sending CreatePipelineCommand for pipeline:PipelineID=d6dbbfe3-3ab8-4abf-9991-58f3da5fb7b7 to datanode:f4bd9712-e444-41ba-bddc-dab6ab48249e
2022-01-08 13:18:16,193 [RatisPipelineUtilsThread - 0] INFO  pipeline.RatisPipelineProvider (RatisPipelineProvider.java:lambda$create$0(183)) - Sending CreatePipelineCommand for pipeline:PipelineID=d6dbbfe3-3ab8-4abf-9991-58f3da5fb7b7 to datanode:737545ee-dc45-4e08-9429-983c1d4f2632
2022-01-08 13:18:16,204 [40a4bb05-3d2f-4358-aa13-75cfde41e6e0@group-EF816938392D-StateMachineUpdater] INFO  pipeline.PipelineStateManagerImpl (PipelineStateManagerImpl.java:addPipeline(101)) - Created pipeline Pipeline[ Id: d50a1c30-1eb4-42e6-9dee-85640173ba8f, Nodes: c0322a57-4f2b-423f-b02f-0677e9b7408d{ip: 127.0.0.1, host: localhost, ports: [REPLICATION=39967, RATIS=43283, RATIS_ADMIN=43283, RATIS_SERVER=43283, STANDALONE=38745], networkLocation: /default-rack, certSerialId: null, persistedOpState: IN_SERVICE, persistedOpStateExpiryEpochSec: 0}, ReplicationConfig: RATIS/ONE, State:ALLOCATED, leaderId:, CreationTimestamp2022-01-08T13:18:16.176Z[Etc/UTC]].
2022-01-08 13:18:16,204 [40a4bb05-3d2f-4358-aa13-75cfde41e6e0@group-EF816938392D-StateMachineUpdater] INFO  safemode.HealthyPipelineSafeModeRule (HealthyPipelineSafeModeRule.java:initializeRule(152)) - Refreshed total pipeline count is 0, healthy pipeline threshold count is 1
2022-01-08 13:18:16,220 [222ceec3-fd71-41f2-aa08-53f50be8376f@group-EF816938392D-StateMachineUpdater] INFO  pipeline.PipelineStateManagerImpl (PipelineStateManagerImpl.java:addPipeline(101)) - Created pipeline Pipeline[ Id: d6dbbfe3-3ab8-4abf-9991-58f3da5fb7b7, Nodes: c0322a57-4f2b-423f-b02f-0677e9b7408d{ip: 127.0.0.1, host: localhost, ports: [REPLICATION=39967, RATIS=43283, RATIS_ADMIN=43283, RATIS_SERVER=43283, STANDALONE=38745], networkLocation: /default-rack, certSerialId: null, persistedOpState: IN_SERVICE, persistedOpStateExpiryEpochSec: 0}f4bd9712-e444-41ba-bddc-dab6ab48249e{ip: 127.0.0.1, host: localhost, ports: [REPLICATION=44221, RATIS=34435, RATIS_ADMIN=34435, RATIS_SERVER=34435, STANDALONE=35259], networkLocation: /default-rack, certSerialId: null, persistedOpState: IN_SERVICE, persistedOpStateExpiryEpochSec: 0}737545ee-dc45-4e08-9429-983c1d4f2632{ip: 127.0.0.1, host: localhost, ports: [REPLICATION=35313, RATIS=46773, RATIS_ADMIN=46773, RATIS_SERVER=46773, STANDALONE=42829], networkLocation: /default-rack, certSerialId: null, persistedOpState: IN_SERVICE, persistedOpStateExpiryEpochSec: 0}, ReplicationConfig: RATIS/THREE, State:ALLOCATED, leaderId:, CreationTimestamp2022-01-08T13:18:16.193Z[Etc/UTC]].
2022-01-08 13:18:16,220 [222ceec3-fd71-41f2-aa08-53f50be8376f@group-EF816938392D-StateMachineUpdater] INFO  safemode.HealthyPipelineSafeModeRule (HealthyPipelineSafeModeRule.java:initializeRule(152)) - Refreshed total pipeline count is 0, healthy pipeline threshold count is 1
2022-01-08 13:18:16,220 [RatisPipelineUtilsThread - 0] INFO  ha.SCMHAInvocationHandler (SCMHAInvocationHandler.java:invokeRatis(113)) - Invoking method public abstract void org.apache.hadoop.hdds.scm.pipeline.PipelineStateManager.addPipeline(org.apache.hadoop.hdds.protocol.proto.HddsProtos$Pipeline) throws java.io.IOException on target org.apache.hadoop.hdds.scm.ha.SCMRatisServerImpl@4c7e36e2, cost 27232.944us
2022-01-08 13:18:16,221 [RatisPipelineUtilsThread - 0] INFO  pipeline.RatisPipelineProvider (RatisPipelineProvider.java:lambda$create$0(183)) - Sending CreatePipelineCommand for pipeline:PipelineID=f9f2e218-2216-472b-9998-ce302ea33cc7 to datanode:737545ee-dc45-4e08-9429-983c1d4f2632
2022-01-08 13:18:16,221 [RatisPipelineUtilsThread - 0] INFO  pipeline.RatisPipelineProvider (RatisPipelineProvider.java:lambda$create$0(183)) - Sending CreatePipelineCommand for pipeline:PipelineID=f9f2e218-2216-472b-9998-ce302ea33cc7 to datanode:f4bd9712-e444-41ba-bddc-dab6ab48249e
2022-01-08 13:18:16,221 [RatisPipelineUtilsThread - 0] INFO  pipeline.RatisPipelineProvider (RatisPipelineProvider.java:lambda$create$0(183)) - Sending CreatePipelineCommand for pipeline:PipelineID=f9f2e218-2216-472b-9998-ce302ea33cc7 to datanode:c0322a57-4f2b-423f-b02f-0677e9b7408d
2022-01-08 13:18:16,228 [40a4bb05-3d2f-4358-aa13-75cfde41e6e0@group-EF816938392D-StateMachineUpdater] INFO  pipeline.PipelineStateManagerImpl (PipelineStateManagerImpl.java:addPipeline(101)) - Created pipeline Pipeline[ Id: d6dbbfe3-3ab8-4abf-9991-58f3da5fb7b7, Nodes: c0322a57-4f2b-423f-b02f-0677e9b7408d{ip: 127.0.0.1, host: localhost, ports: [REPLICATION=39967, RATIS=43283, RATIS_ADMIN=43283, RATIS_SERVER=43283, STANDALONE=38745], networkLocation: /default-rack, certSerialId: null, persistedOpState: IN_SERVICE, persistedOpStateExpiryEpochSec: 0}f4bd9712-e444-41ba-bddc-dab6ab48249e{ip: 127.0.0.1, host: localhost, ports: [REPLICATION=44221, RATIS=34435, RATIS_ADMIN=34435, RATIS_SERVER=34435, STANDALONE=35259], networkLocation: /default-rack, certSerialId: null, persistedOpState: IN_SERVICE, persistedOpStateExpiryEpochSec: 0}737545ee-dc45-4e08-9429-983c1d4f2632{ip: 127.0.0.1, host: localhost, ports: [REPLICATION=35313, RATIS=46773, RATIS_ADMIN=46773, RATIS_SERVER=46773, STANDALONE=42829], networkLocation: /default-rack, certSerialId: null, persistedOpState: IN_SERVICE, persistedOpStateExpiryEpochSec: 0}, ReplicationConfig: RATIS/THREE, State:ALLOCATED, leaderId:, CreationTimestamp2022-01-08T13:18:16.193Z[Etc/UTC]].
2022-01-08 13:18:16,229 [40a4bb05-3d2f-4358-aa13-75cfde41e6e0@group-EF816938392D-StateMachineUpdater] INFO  safemode.HealthyPipelineSafeModeRule (HealthyPipelineSafeModeRule.java:initializeRule(152)) - Refreshed total pipeline count is 0, healthy pipeline threshold count is 1
2022-01-08 13:18:16,230 [40a4bb05-3d2f-4358-aa13-75cfde41e6e0@group-EF816938392D-StateMachineUpdater] INFO  ha.SCMStateMachine (SCMStateMachine.java:takeSnapshot(297)) - Current Snapshot Index 13, takeSnapshot took 0 ms
2022-01-08 13:18:16,230 [40a4bb05-3d2f-4358-aa13-75cfde41e6e0@group-EF816938392D-StateMachineUpdater] INFO  impl.StateMachineUpdater (StateMachineUpdater.java:takeSnapshot(281)) - 40a4bb05-3d2f-4358-aa13-75cfde41e6e0@group-EF816938392D-StateMachineUpdater: Took a snapshot at index 13
2022-01-08 13:18:16,230 [40a4bb05-3d2f-4358-aa13-75cfde41e6e0@group-EF816938392D-StateMachineUpdater] INFO  impl.StateMachineUpdater (StateMachineUpdater.java:lambda$new$0(89)) - 40a4bb05-3d2f-4358-aa13-75cfde41e6e0@group-EF816938392D-StateMachineUpdater: snapshotIndex: updateIncreasingly 7 -> 13
2022-01-08 13:18:16,230 [40a4bb05-3d2f-4358-aa13-75cfde41e6e0@group-EF816938392D-StateMachineUpdater] INFO  raftlog.RaftLog (RaftLogBase.java:purge(306)) - 40a4bb05-3d2f-4358-aa13-75cfde41e6e0@group-EF816938392D-SegmentedRaftLog: purge 13
2022-01-08 13:18:16,230 [40a4bb05-3d2f-4358-aa13-75cfde41e6e0@group-EF816938392D-StateMachineUpdater] INFO  raftlog.RaftLog (RaftLogBase.java:lambda$new$0(53)) - 40a4bb05-3d2f-4358-aa13-75cfde41e6e0@group-EF816938392D-SegmentedRaftLog: snapshotIndex: updateIncreasingly 7 -> 13
2022-01-08 13:18:16,230 [40a4bb05-3d2f-4358-aa13-75cfde41e6e0@group-EF816938392D-StateMachineUpdater] INFO  raftlog.RaftLog (RaftLogBase.java:lambda$new$0(53)) - 40a4bb05-3d2f-4358-aa13-75cfde41e6e0@group-EF816938392D-SegmentedRaftLog: purgeIndex: updateToMax old=7, new=13, updated? true
2022-01-08 13:18:16,232 [222ceec3-fd71-41f2-aa08-53f50be8376f@group-EF816938392D-StateMachineUpdater] INFO  pipeline.PipelineStateManagerImpl (PipelineStateManagerImpl.java:addPipeline(101)) - Created pipeline Pipeline[ Id: f9f2e218-2216-472b-9998-ce302ea33cc7, Nodes: 737545ee-dc45-4e08-9429-983c1d4f2632{ip: 127.0.0.1, host: localhost, ports: [REPLICATION=35313, RATIS=46773, RATIS_ADMIN=46773, RATIS_SERVER=46773, STANDALONE=42829], networkLocation: /default-rack, certSerialId: null, persistedOpState: IN_SERVICE, persistedOpStateExpiryEpochSec: 0}f4bd9712-e444-41ba-bddc-dab6ab48249e{ip: 127.0.0.1, host: localhost, ports: [REPLICATION=44221, RATIS=34435, RATIS_ADMIN=34435, RATIS_SERVER=34435, STANDALONE=35259], networkLocation: /default-rack, certSerialId: null, persistedOpState: IN_SERVICE, persistedOpStateExpiryEpochSec: 0}c0322a57-4f2b-423f-b02f-0677e9b7408d{ip: 127.0.0.1, host: localhost, ports: [REPLICATION=39967, RATIS=43283, RATIS_ADMIN=43283, RATIS_SERVER=43283, STANDALONE=38745], networkLocation: /default-rack, certSerialId: null, persistedOpState: IN_SERVICE, persistedOpStateExpiryEpochSec: 0}, ReplicationConfig: RATIS/THREE, State:ALLOCATED, leaderId:, CreationTimestamp2022-01-08T13:18:16.221Z[Etc/UTC]].
2022-01-08 13:18:16,232 [222ceec3-fd71-41f2-aa08-53f50be8376f@group-EF816938392D-StateMachineUpdater] INFO  safemode.HealthyPipelineSafeModeRule (HealthyPipelineSafeModeRule.java:initializeRule(152)) - Refreshed total pipeline count is 0, healthy pipeline threshold count is 1
2022-01-08 13:18:16,232 [RatisPipelineUtilsThread - 0] INFO  ha.SCMHAInvocationHandler (SCMHAInvocationHandler.java:invokeRatis(113)) - Invoking method public abstract void org.apache.hadoop.hdds.scm.pipeline.PipelineStateManager.addPipeline(org.apache.hadoop.hdds.protocol.proto.HddsProtos$Pipeline) throws java.io.IOException on target org.apache.hadoop.hdds.scm.ha.SCMRatisServerImpl@4c7e36e2, cost 11234.424us
2022-01-08 13:18:16,232 [222ceec3-fd71-41f2-aa08-53f50be8376f@group-EF816938392D-StateMachineUpdater] INFO  ha.SCMStateMachine (SCMStateMachine.java:takeSnapshot(297)) - Current Snapshot Index 15, takeSnapshot took 0 ms
2022-01-08 13:18:16,233 [222ceec3-fd71-41f2-aa08-53f50be8376f@group-EF816938392D-StateMachineUpdater] INFO  impl.StateMachineUpdater (StateMachineUpdater.java:takeSnapshot(281)) - 222ceec3-fd71-41f2-aa08-53f50be8376f@group-EF816938392D-StateMachineUpdater: Took a snapshot at index 15
2022-01-08 13:18:16,233 [222ceec3-fd71-41f2-aa08-53f50be8376f@group-EF816938392D-StateMachineUpdater] INFO  impl.StateMachineUpdater (StateMachineUpdater.java:lambda$new$0(89)) - 222ceec3-fd71-41f2-aa08-53f50be8376f@group-EF816938392D-StateMachineUpdater: snapshotIndex: updateIncreasingly 10 -> 15
2022-01-08 13:18:16,233 [RatisPipelineUtilsThread - 0] INFO  pipeline.PipelineManagerImpl (PipelineManagerImpl.java:recordMetricsForPipeline(639)) - Pipeline: PipelineID=f9f2e218-2216-472b-9998-ce302ea33cc7 contains same datanodes as previous pipelines: PipelineID=d6dbbfe3-3ab8-4abf-9991-58f3da5fb7b7 nodeIds: 737545ee-dc45-4e08-9429-983c1d4f2632, f4bd9712-e444-41ba-bddc-dab6ab48249e, c0322a57-4f2b-423f-b02f-0677e9b7408d
2022-01-08 13:18:16,233 [222ceec3-fd71-41f2-aa08-53f50be8376f@group-EF816938392D-StateMachineUpdater] INFO  raftlog.RaftLog (RaftLogBase.java:purge(306)) - 222ceec3-fd71-41f2-aa08-53f50be8376f@group-EF816938392D-SegmentedRaftLog: purge 15
2022-01-08 13:18:16,233 [222ceec3-fd71-41f2-aa08-53f50be8376f@group-EF816938392D-StateMachineUpdater] INFO  raftlog.RaftLog (RaftLogBase.java:lambda$new$0(53)) - 222ceec3-fd71-41f2-aa08-53f50be8376f@group-EF816938392D-SegmentedRaftLog: snapshotIndex: updateIncreasingly 10 -> 15
2022-01-08 13:18:16,233 [222ceec3-fd71-41f2-aa08-53f50be8376f@group-EF816938392D-StateMachineUpdater] INFO  raftlog.RaftLog (RaftLogBase.java:lambda$new$0(53)) - 222ceec3-fd71-41f2-aa08-53f50be8376f@group-EF816938392D-SegmentedRaftLog: purgeIndex: updateToMax old=10, new=15, updated? true
2022-01-08 13:18:16,240 [40a4bb05-3d2f-4358-aa13-75cfde41e6e0@group-EF816938392D-StateMachineUpdater] INFO  pipeline.PipelineStateManagerImpl (PipelineStateManagerImpl.java:addPipeline(101)) - Created pipeline Pipeline[ Id: f9f2e218-2216-472b-9998-ce302ea33cc7, Nodes: 737545ee-dc45-4e08-9429-983c1d4f2632{ip: 127.0.0.1, host: localhost, ports: [REPLICATION=35313, RATIS=46773, RATIS_ADMIN=46773, RATIS_SERVER=46773, STANDALONE=42829], networkLocation: /default-rack, certSerialId: null, persistedOpState: IN_SERVICE, persistedOpStateExpiryEpochSec: 0}f4bd9712-e444-41ba-bddc-dab6ab48249e{ip: 127.0.0.1, host: localhost, ports: [REPLICATION=44221, RATIS=34435, RATIS_ADMIN=34435, RATIS_SERVER=34435, STANDALONE=35259], networkLocation: /default-rack, certSerialId: null, persistedOpState: IN_SERVICE, persistedOpStateExpiryEpochSec: 0}c0322a57-4f2b-423f-b02f-0677e9b7408d{ip: 127.0.0.1, host: localhost, ports: [REPLICATION=39967, RATIS=43283, RATIS_ADMIN=43283, RATIS_SERVER=43283, STANDALONE=38745], networkLocation: /default-rack, certSerialId: null, persistedOpState: IN_SERVICE, persistedOpStateExpiryEpochSec: 0}, ReplicationConfig: RATIS/THREE, State:ALLOCATED, leaderId:, CreationTimestamp2022-01-08T13:18:16.221Z[Etc/UTC]].
2022-01-08 13:18:16,240 [40a4bb05-3d2f-4358-aa13-75cfde41e6e0@group-EF816938392D-StateMachineUpdater] INFO  safemode.HealthyPipelineSafeModeRule (HealthyPipelineSafeModeRule.java:initializeRule(152)) - Refreshed total pipeline count is 0, healthy pipeline threshold count is 1
2022-01-08 13:18:16,560 [EndpointStateMachine task thread for /127.0.0.1:15227 - 0 ] INFO  ipc.Client (Client.java:handleConnectionFailure(977)) - Retrying connect to server: localhost/127.0.0.1:15227. Already tried 12 time(s); retry policy is RetryUpToMaximumCountWithFixedSleep(maxRetries=15, sleepTime=1000 MILLISECONDS)
2022-01-08 13:18:16,583 [EndpointStateMachine task thread for /127.0.0.1:15217 - 0 ] INFO  ipc.Client (Client.java:handleConnectionFailure(977)) - Retrying connect to server: localhost/127.0.0.1:15217. Already tried 0 time(s); retry policy is RetryUpToMaximumCountWithFixedSleep(maxRetries=15, sleepTime=1000 MILLISECONDS)
2022-01-08 13:18:16,591 [EndpointStateMachine task thread for /127.0.0.1:15237 - 0 ] INFO  ipc.Client (Client.java:handleConnectionFailure(977)) - Retrying connect to server: localhost/127.0.0.1:15237. Already tried 12 time(s); retry policy is RetryUpToMaximumCountWithFixedSleep(maxRetries=15, sleepTime=1000 MILLISECONDS)
2022-01-08 13:18:17,079 [Listener at 127.0.0.1/12096] INFO  ozone.MiniOzoneClusterImpl (MiniOzoneClusterImpl.java:lambda$waitForClusterToBeReady$0(235)) - Nodes are ready. Got 3 of 3 DN Heartbeats.
2022-01-08 13:18:17,080 [Listener at 127.0.0.1/12096] INFO  ozone.MiniOzoneClusterImpl (MiniOzoneClusterImpl.java:lambda$waitForClusterToBeReady$0(238)) - Waiting for cluster to exit safe mode
2022-01-08 13:18:17,080 [Listener at 127.0.0.1/12096] INFO  ozone.MiniOzoneClusterImpl (MiniOzoneClusterImpl.java:lambda$waitForClusterToBeReady$0(240)) - SCM became leader
2022-01-08 13:18:17,466 [Datanode State Machine Daemon Thread] ERROR datanode.RunningDatanodeState (RunningDatanodeState.java:computeNextContainerState(199)) - Error in executing end point task.
java.util.concurrent.ExecutionException: java.util.concurrent.TimeoutException
	at java.util.concurrent.FutureTask.report(FutureTask.java:122)
	at java.util.concurrent.FutureTask.get(FutureTask.java:192)
	at org.apache.hadoop.ozone.container.common.states.datanode.RunningDatanodeState.computeNextContainerState(RunningDatanodeState.java:191)
	at org.apache.hadoop.ozone.container.common.states.datanode.RunningDatanodeState.await(RunningDatanodeState.java:231)
	at org.apache.hadoop.ozone.container.common.states.datanode.RunningDatanodeState.await(RunningDatanodeState.java:50)
	at org.apache.hadoop.ozone.container.common.statemachine.StateContext.execute(StateContext.java:633)
	at org.apache.hadoop.ozone.container.common.statemachine.DatanodeStateMachine.start(DatanodeStateMachine.java:280)
	at org.apache.hadoop.ozone.container.common.statemachine.DatanodeStateMachine.lambda$startDaemon$0(DatanodeStateMachine.java:468)
	at java.lang.Thread.run(Thread.java:748)
Caused by: java.util.concurrent.TimeoutException
	at java.util.concurrent.FutureTask.get(FutureTask.java:205)
	at org.apache.hadoop.ozone.container.common.states.datanode.RunningDatanodeState.lambda$execute$0(RunningDatanodeState.java:149)
	at java.util.concurrent.FutureTask.run(FutureTask.java:266)
	at java.util.concurrent.Executors$RunnableAdapter.call(Executors.java:511)
	at java.util.concurrent.FutureTask.run(FutureTask.java:266)
	at java.util.concurrent.ThreadPoolExecutor.runWorker(ThreadPoolExecutor.java:1149)
	at java.util.concurrent.ThreadPoolExecutor$Worker.run(ThreadPoolExecutor.java:624)
	... 1 more
2022-01-08 13:18:17,560 [EndpointStateMachine task thread for /127.0.0.1:15227 - 0 ] INFO  ipc.Client (Client.java:handleConnectionFailure(977)) - Retrying connect to server: localhost/127.0.0.1:15227. Already tried 13 time(s); retry policy is RetryUpToMaximumCountWithFixedSleep(maxRetries=15, sleepTime=1000 MILLISECONDS)
2022-01-08 13:18:17,584 [EndpointStateMachine task thread for /127.0.0.1:15217 - 0 ] INFO  ipc.Client (Client.java:handleConnectionFailure(977)) - Retrying connect to server: localhost/127.0.0.1:15217. Already tried 1 time(s); retry policy is RetryUpToMaximumCountWithFixedSleep(maxRetries=15, sleepTime=1000 MILLISECONDS)
2022-01-08 13:18:17,591 [EndpointStateMachine task thread for /127.0.0.1:15237 - 0 ] INFO  ipc.Client (Client.java:handleConnectionFailure(977)) - Retrying connect to server: localhost/127.0.0.1:15237. Already tried 13 time(s); retry policy is RetryUpToMaximumCountWithFixedSleep(maxRetries=15, sleepTime=1000 MILLISECONDS)
2022-01-08 13:18:17,849 [Datanode State Machine Daemon Thread] ERROR datanode.RunningDatanodeState (RunningDatanodeState.java:computeNextContainerState(199)) - Error in executing end point task.
java.util.concurrent.ExecutionException: java.util.concurrent.TimeoutException
	at java.util.concurrent.FutureTask.report(FutureTask.java:122)
	at java.util.concurrent.FutureTask.get(FutureTask.java:192)
	at org.apache.hadoop.ozone.container.common.states.datanode.RunningDatanodeState.computeNextContainerState(RunningDatanodeState.java:191)
	at org.apache.hadoop.ozone.container.common.states.datanode.RunningDatanodeState.await(RunningDatanodeState.java:231)
	at org.apache.hadoop.ozone.container.common.states.datanode.RunningDatanodeState.await(RunningDatanodeState.java:50)
	at org.apache.hadoop.ozone.container.common.statemachine.StateContext.execute(StateContext.java:633)
	at org.apache.hadoop.ozone.container.common.statemachine.DatanodeStateMachine.start(DatanodeStateMachine.java:280)
	at org.apache.hadoop.ozone.container.common.statemachine.DatanodeStateMachine.lambda$startDaemon$0(DatanodeStateMachine.java:468)
	at java.lang.Thread.run(Thread.java:748)
Caused by: java.util.concurrent.TimeoutException
	at java.util.concurrent.FutureTask.get(FutureTask.java:205)
	at org.apache.hadoop.ozone.container.common.states.datanode.RunningDatanodeState.lambda$execute$0(RunningDatanodeState.java:149)
	at java.util.concurrent.FutureTask.run(FutureTask.java:266)
	at java.util.concurrent.Executors$RunnableAdapter.call(Executors.java:511)
	at java.util.concurrent.FutureTask.run(FutureTask.java:266)
	at java.util.concurrent.ThreadPoolExecutor.runWorker(ThreadPoolExecutor.java:1149)
	at java.util.concurrent.ThreadPoolExecutor$Worker.run(ThreadPoolExecutor.java:624)
	... 1 more
2022-01-08 13:18:18,080 [Listener at 127.0.0.1/12096] INFO  ozone.MiniOzoneClusterImpl (MiniOzoneClusterImpl.java:lambda$waitForClusterToBeReady$0(235)) - Nodes are ready. Got 3 of 3 DN Heartbeats.
2022-01-08 13:18:18,080 [Listener at 127.0.0.1/12096] INFO  ozone.MiniOzoneClusterImpl (MiniOzoneClusterImpl.java:lambda$waitForClusterToBeReady$0(238)) - Waiting for cluster to exit safe mode
2022-01-08 13:18:18,081 [Listener at 127.0.0.1/12096] INFO  ozone.MiniOzoneClusterImpl (MiniOzoneClusterImpl.java:lambda$waitForClusterToBeReady$0(240)) - SCM became leader
2022-01-08 13:18:18,468 [Command processor thread] INFO  server.RaftServer (RaftServerProxy.java:addNew(95)) - 737545ee-dc45-4e08-9429-983c1d4f2632: addNew group-E77A0E4FD1D6:[737545ee-dc45-4e08-9429-983c1d4f2632|rpc:127.0.0.1:46773|priority:1] returns group-E77A0E4FD1D6:java.util.concurrent.CompletableFuture@32983673[Not completed]
2022-01-08 13:18:18,468 [Datanode State Machine Daemon Thread] ERROR datanode.RunningDatanodeState (RunningDatanodeState.java:computeNextContainerState(199)) - Error in executing end point task.
java.util.concurrent.ExecutionException: java.util.concurrent.TimeoutException
	at java.util.concurrent.FutureTask.report(FutureTask.java:122)
	at java.util.concurrent.FutureTask.get(FutureTask.java:192)
	at org.apache.hadoop.ozone.container.common.states.datanode.RunningDatanodeState.computeNextContainerState(RunningDatanodeState.java:191)
	at org.apache.hadoop.ozone.container.common.states.datanode.RunningDatanodeState.await(RunningDatanodeState.java:231)
	at org.apache.hadoop.ozone.container.common.states.datanode.RunningDatanodeState.await(RunningDatanodeState.java:50)
	at org.apache.hadoop.ozone.container.common.statemachine.StateContext.execute(StateContext.java:633)
	at org.apache.hadoop.ozone.container.common.statemachine.DatanodeStateMachine.start(DatanodeStateMachine.java:280)
	at org.apache.hadoop.ozone.container.common.statemachine.DatanodeStateMachine.lambda$startDaemon$0(DatanodeStateMachine.java:468)
	at java.lang.Thread.run(Thread.java:748)
Caused by: java.util.concurrent.TimeoutException
	at java.util.concurrent.FutureTask.get(FutureTask.java:205)
	at org.apache.hadoop.ozone.container.common.states.datanode.RunningDatanodeState.lambda$execute$0(RunningDatanodeState.java:149)
	at java.util.concurrent.FutureTask.run(FutureTask.java:266)
	at java.util.concurrent.Executors$RunnableAdapter.call(Executors.java:511)
	at java.util.concurrent.FutureTask.run(FutureTask.java:266)
	at java.util.concurrent.ThreadPoolExecutor.runWorker(ThreadPoolExecutor.java:1149)
	at java.util.concurrent.ThreadPoolExecutor$Worker.run(ThreadPoolExecutor.java:624)
	... 1 more
2022-01-08 13:18:18,480 [pool-300-thread-1] INFO  server.RaftServer$Division (RaftServerImpl.java:<init>(184)) - 737545ee-dc45-4e08-9429-983c1d4f2632: new RaftServerImpl for group-E77A0E4FD1D6:[737545ee-dc45-4e08-9429-983c1d4f2632|rpc:127.0.0.1:46773|priority:1] with ContainerStateMachine:uninitialized
2022-01-08 13:18:18,486 [pool-300-thread-1] INFO  server.RaftServerConfigKeys (ConfUtils.java:logGet(44)) - raft.server.rpc.timeout.min = 5s (custom)
2022-01-08 13:18:18,486 [pool-300-thread-1] INFO  server.RaftServerConfigKeys (ConfUtils.java:logGet(44)) - raft.server.rpc.timeout.max = 5200ms (custom)
2022-01-08 13:18:18,486 [pool-300-thread-1] INFO  server.RaftServerConfigKeys (ConfUtils.java:logGet(44)) - raft.server.rpc.sleep.time = 25ms (default)
2022-01-08 13:18:18,486 [pool-300-thread-1] INFO  server.RaftServerConfigKeys (ConfUtils.java:logGet(44)) - raft.server.rpc.slowness.timeout = 300s (custom)
2022-01-08 13:18:18,486 [pool-300-thread-1] INFO  server.RaftServerConfigKeys (ConfUtils.java:logGet(44)) - raft.server.leaderelection.leader.step-down.wait-time = 10s (default)
2022-01-08 13:18:18,486 [pool-300-thread-1] INFO  server.RaftServerConfigKeys (ConfUtils.java:logGet(44)) - raft.server.sleep.deviation.threshold = 300ms (default)
2022-01-08 13:18:18,486 [pool-300-thread-1] INFO  server.RaftServerConfigKeys (ConfUtils.java:logGet(44)) - raft.server.log.appender.install.snapshot.enabled = false (custom)
2022-01-08 13:18:18,486 [pool-300-thread-1] INFO  server.RaftServer$Division (ServerState.java:<init>(105)) - 737545ee-dc45-4e08-9429-983c1d4f2632@group-E77A0E4FD1D6: ConfigurationManager, init=-1: [737545ee-dc45-4e08-9429-983c1d4f2632|rpc:127.0.0.1:46773|priority:1], old=null, confs=<EMPTY_MAP>
2022-01-08 13:18:18,487 [pool-300-thread-1] INFO  server.RaftServerConfigKeys (ConfUtils.java:logGet(44)) - raft.server.storage.dir = [/home/runner/work/ozone/ozone/hadoop-ozone/integration-test/target/test-dir/MiniOzoneClusterImpl-96dde82e-0bdc-4c97-ae5c-ef816938392d/datanode-0/data/ratis] (custom)
2022-01-08 13:18:18,487 [pool-300-thread-1] INFO  server.RaftServerConfigKeys (ConfUtils.java:logGet(44)) - raft.server.log.corruption.policy = EXCEPTION (default)
2022-01-08 13:18:18,487 [pool-300-thread-1] INFO  server.RaftServerConfigKeys (ConfUtils.java:logGet(44)) - raft.server.storage.free-space.min = 0MB (=0) (default)
2022-01-08 13:18:18,487 [pool-300-thread-1] INFO  storage.RaftStorageDirectory (RaftStorageDirectoryImpl.java:analyzeStorage(135)) - The storage directory /home/runner/work/ozone/ozone/hadoop-ozone/integration-test/target/test-dir/MiniOzoneClusterImpl-96dde82e-0bdc-4c97-ae5c-ef816938392d/datanode-0/data/ratis/8c20c318-9b92-4f4d-b229-e77a0e4fd1d6 does not exist. Creating ...
2022-01-08 13:18:18,488 [pool-300-thread-1] INFO  storage.RaftStorageDirectory (RaftStorageDirectoryImpl.java:tryLock(230)) - Lock on /home/runner/work/ozone/ozone/hadoop-ozone/integration-test/target/test-dir/MiniOzoneClusterImpl-96dde82e-0bdc-4c97-ae5c-ef816938392d/datanode-0/data/ratis/8c20c318-9b92-4f4d-b229-e77a0e4fd1d6/in_use.lock acquired by nodename 7755@fv-az195-8
2022-01-08 13:18:18,499 [pool-300-thread-1] INFO  storage.RaftStorage (RaftStorageImpl.java:format(89)) - Storage directory /home/runner/work/ozone/ozone/hadoop-ozone/integration-test/target/test-dir/MiniOzoneClusterImpl-96dde82e-0bdc-4c97-ae5c-ef816938392d/datanode-0/data/ratis/8c20c318-9b92-4f4d-b229-e77a0e4fd1d6 has been successfully formatted.
2022-01-08 13:18:18,500 [pool-300-thread-1] INFO  ratis.ContainerStateMachine (ContainerStateMachine.java:loadSnapshot(231)) - group-E77A0E4FD1D6: The snapshot info is null. Setting the last applied indexto:(t:0, i:~)
2022-01-08 13:18:18,500 [pool-300-thread-1] INFO  server.RaftServerConfigKeys (ConfUtils.java:logGet(44)) - raft.server.notification.no-leader.timeout = 300s (custom)
2022-01-08 13:18:18,500 [pool-300-thread-1] INFO  server.RaftServerConfigKeys (ConfUtils.java:logGet(44)) - raft.server.log.use.memory = false (default)
2022-01-08 13:18:18,500 [pool-300-thread-1] INFO  server.RaftServerConfigKeys (ConfUtils.java:logGet(44)) - raft.server.log.purge.gap = 1000000 (custom)
2022-01-08 13:18:18,500 [pool-300-thread-1] INFO  server.RaftServerConfigKeys (ConfUtils.java:logGet(44)) - raft.server.log.appender.buffer.byte-limit = 33554432 (custom)
2022-01-08 13:18:18,500 [pool-300-thread-1] INFO  server.RaftServerConfigKeys (ConfUtils.java:logGet(44)) - raft.server.log.segment.size.max = 1048576 (custom)
2022-01-08 13:18:18,501 [pool-300-thread-1] INFO  server.RaftServerConfigKeys (ConfUtils.java:logGet(44)) - raft.server.log.segment.cache.num.max = 2 (custom)
2022-01-08 13:18:18,501 [pool-300-thread-1] INFO  server.RaftServerConfigKeys (ConfUtils.java:logGet(44)) - raft.server.log.segment.cache.size.max = 200MB (=209715200) (default)
2022-01-08 13:18:18,501 [pool-300-thread-1] INFO  segmented.SegmentedRaftLogWorker (SegmentedRaftLogWorker.java:<init>(182)) - new 737545ee-dc45-4e08-9429-983c1d4f2632@group-E77A0E4FD1D6-SegmentedRaftLogWorker for RaftStorageImpl:Storage Directory /home/runner/work/ozone/ozone/hadoop-ozone/integration-test/target/test-dir/MiniOzoneClusterImpl-96dde82e-0bdc-4c97-ae5c-ef816938392d/datanode-0/data/ratis/8c20c318-9b92-4f4d-b229-e77a0e4fd1d6
2022-01-08 13:18:18,501 [pool-300-thread-1] INFO  server.RaftServerConfigKeys (ConfUtils.java:logGet(44)) - raft.server.log.queue.byte-limit = 2147483647 (custom)
2022-01-08 13:18:18,501 [pool-300-thread-1] INFO  server.RaftServerConfigKeys (ConfUtils.java:logGet(44)) - raft.server.log.queue.element-limit = 1024 (custom)
2022-01-08 13:18:18,501 [pool-300-thread-1] INFO  server.RaftServerConfigKeys (ConfUtils.java:logGet(44)) - raft.server.log.segment.size.max = 1048576 (custom)
2022-01-08 13:18:18,501 [pool-300-thread-1] INFO  server.RaftServerConfigKeys (ConfUtils.java:logGet(44)) - raft.server.log.preallocated.size = 16384 (custom)
2022-01-08 13:18:18,501 [pool-300-thread-1] INFO  server.RaftServerConfigKeys (ConfUtils.java:logGet(44)) - raft.server.log.force.sync.num = 128 (default)
2022-01-08 13:18:18,501 [pool-300-thread-1] INFO  server.RaftServerConfigKeys (ConfUtils.java:logGet(44)) - raft.server.log.statemachine.data.sync = true (default)
2022-01-08 13:18:18,501 [pool-300-thread-1] INFO  server.RaftServerConfigKeys (ConfUtils.java:logGet(44)) - raft.server.log.statemachine.data.sync.timeout = 10s (default)
2022-01-08 13:18:18,501 [pool-300-thread-1] INFO  server.RaftServerConfigKeys (ConfUtils.java:logGet(44)) - raft.server.log.statemachine.data.sync.timeout.retry = -1 (default)
2022-01-08 13:18:18,502 [EventQueue-PipelineReportForPipelineReportHandler] INFO  pipeline.PipelineManagerImpl (PipelineManagerImpl.java:openPipeline(291)) - Pipeline Pipeline[ Id: 8c20c318-9b92-4f4d-b229-e77a0e4fd1d6, Nodes: 737545ee-dc45-4e08-9429-983c1d4f2632{ip: 127.0.0.1, host: localhost, ports: [REPLICATION=35313, RATIS=46773, RATIS_ADMIN=46773, RATIS_SERVER=46773, STANDALONE=42829], networkLocation: /default-rack, certSerialId: null, persistedOpState: IN_SERVICE, persistedOpStateExpiryEpochSec: 0}, ReplicationConfig: RATIS/ONE, State:ALLOCATED, leaderId:737545ee-dc45-4e08-9429-983c1d4f2632, CreationTimestamp2022-01-08T13:18:15.472Z[Etc/UTC]] moved to OPEN state
2022-01-08 13:18:18,502 [pool-300-thread-1] INFO  server.RaftServerConfigKeys (ConfUtils.java:logGet(44)) - raft.server.log.write.buffer.size = 1048576 (custom)
2022-01-08 13:18:18,502 [pool-300-thread-1] INFO  server.RaftServerConfigKeys (ConfUtils.java:logGet(44)) - raft.server.log.statemachine.data.caching.enabled = true (custom)
2022-01-08 13:18:18,502 [pool-300-thread-1] INFO  segmented.SegmentedRaftLogWorker (SegmentedRaftLogWorker.java:lambda$new$0(133)) - 737545ee-dc45-4e08-9429-983c1d4f2632@group-E77A0E4FD1D6-SegmentedRaftLogWorker: flushIndex: setUnconditionally 0 -> -1
2022-01-08 13:18:18,502 [pool-300-thread-1] INFO  segmented.SegmentedRaftLogWorker (SegmentedRaftLogWorker.java:lambda$new$0(133)) - 737545ee-dc45-4e08-9429-983c1d4f2632@group-E77A0E4FD1D6-SegmentedRaftLogWorker: safeCacheEvictIndex: setUnconditionally 0 -> -1
2022-01-08 13:18:18,503 [EventQueue-PipelineReportForPipelineReportHandler] INFO  pipeline.PipelineManagerImpl (PipelineManagerImpl.java:openPipeline(291)) - Pipeline Pipeline[ Id: 8c20c318-9b92-4f4d-b229-e77a0e4fd1d6, Nodes: 737545ee-dc45-4e08-9429-983c1d4f2632{ip: 127.0.0.1, host: localhost, ports: [REPLICATION=35313, RATIS=46773, RATIS_ADMIN=46773, RATIS_SERVER=46773, STANDALONE=42829], networkLocation: /default-rack, certSerialId: null, persistedOpState: IN_SERVICE, persistedOpStateExpiryEpochSec: 0}, ReplicationConfig: RATIS/ONE, State:ALLOCATED, leaderId:737545ee-dc45-4e08-9429-983c1d4f2632, CreationTimestamp2022-01-08T13:18:15.472Z[Etc/UTC]] moved to OPEN state
2022-01-08 13:18:18,508 [EndpointStateMachine task thread for /127.0.0.1:12101 - 0 ] WARN  statemachine.EndpointStateMachine (EndpointStateMachine.java:logIfNeeded(236)) - Unable to communicate to SCM server at 127.0.0.1:12101 for past 0 seconds.
java.net.SocketTimeoutException: Call From fv-az195-8/10.1.0.5 to localhost:12101 failed on socket timeout exception: java.net.SocketTimeoutException: 5000 millis timeout while waiting for channel to be ready for read. ch : java.nio.channels.SocketChannel[connected local=/127.0.0.1:46102 remote=/127.0.0.1:12101]; For more details see:  http://wiki.apache.org/hadoop/SocketTimeout
	at sun.reflect.GeneratedConstructorAccessor31.newInstance(Unknown Source)
	at sun.reflect.DelegatingConstructorAccessorImpl.newInstance(DelegatingConstructorAccessorImpl.java:45)
	at java.lang.reflect.Constructor.newInstance(Constructor.java:423)
	at org.apache.hadoop.net.NetUtils.wrapWithMessage(NetUtils.java:913)
	at org.apache.hadoop.net.NetUtils.wrapException(NetUtils.java:848)
	at org.apache.hadoop.ipc.Client.getRpcResponse(Client.java:1577)
	at org.apache.hadoop.ipc.Client.call(Client.java:1519)
	at org.apache.hadoop.ipc.Client.call(Client.java:1416)
	at org.apache.hadoop.ipc.ProtobufRpcEngine$Invoker.invoke(ProtobufRpcEngine.java:236)
	at org.apache.hadoop.ipc.ProtobufRpcEngine$Invoker.invoke(ProtobufRpcEngine.java:123)
	at com.sun.proxy.$Proxy48.submitRequest(Unknown Source)
	at org.apache.hadoop.ozone.protocolPB.StorageContainerDatanodeProtocolClientSideTranslatorPB.submitRequest(StorageContainerDatanodeProtocolClientSideTranslatorPB.java:117)
	at org.apache.hadoop.ozone.protocolPB.StorageContainerDatanodeProtocolClientSideTranslatorPB.getVersion(StorageContainerDatanodeProtocolClientSideTranslatorPB.java:133)
	at org.apache.hadoop.ozone.container.common.states.endpoint.VersionEndpointTask.call(VersionEndpointTask.java:71)
	at org.apache.hadoop.ozone.container.common.states.endpoint.VersionEndpointTask.call(VersionEndpointTask.java:42)
	at java.util.concurrent.FutureTask.run(FutureTask.java:266)
	at java.util.concurrent.ThreadPoolExecutor.runWorker(ThreadPoolExecutor.java:1149)
	at java.util.concurrent.ThreadPoolExecutor$Worker.run(ThreadPoolExecutor.java:624)
	at java.lang.Thread.run(Thread.java:748)
Caused by: java.net.SocketTimeoutException: 5000 millis timeout while waiting for channel to be ready for read. ch : java.nio.channels.SocketChannel[connected local=/127.0.0.1:46102 remote=/127.0.0.1:12101]
	at org.apache.hadoop.net.SocketIOWithTimeout.doIO(SocketIOWithTimeout.java:164)
	at org.apache.hadoop.net.SocketInputStream.read(SocketInputStream.java:161)
	at org.apache.hadoop.net.SocketInputStream.read(SocketInputStream.java:131)
	at java.io.FilterInputStream.read(FilterInputStream.java:133)
	at java.io.BufferedInputStream.fill(BufferedInputStream.java:246)
	at java.io.BufferedInputStream.read(BufferedInputStream.java:265)
	at java.io.FilterInputStream.read(FilterInputStream.java:83)
	at java.io.FilterInputStream.read(FilterInputStream.java:83)
	at org.apache.hadoop.ipc.Client$Connection$PingInputStream.read(Client.java:563)
	at java.io.DataInputStream.readInt(DataInputStream.java:387)
	at org.apache.hadoop.ipc.Client$IpcStreams.readResponse(Client.java:1892)
	at org.apache.hadoop.ipc.Client$Connection.receiveRpcResponse(Client.java:1202)
	at org.apache.hadoop.ipc.Client$Connection.run(Client.java:1098)
2022-01-08 13:18:18,509 [EndpointStateMachine task thread for /127.0.0.1:12101 - 0 ] WARN  statemachine.EndpointStateMachine (EndpointStateMachine.java:logIfNeeded(236)) - Unable to communicate to SCM server at localhost:12101 for past 0 seconds.
java.net.SocketTimeoutException: Call From fv-az195-8/10.1.0.5 to localhost:12101 failed on socket timeout exception: java.net.SocketTimeoutException: 5000 millis timeout while waiting for channel to be ready for read. ch : java.nio.channels.SocketChannel[connected local=/127.0.0.1:46102 remote=/127.0.0.1:12101]; For more details see:  http://wiki.apache.org/hadoop/SocketTimeout
	at sun.reflect.GeneratedConstructorAccessor31.newInstance(Unknown Source)
	at sun.reflect.DelegatingConstructorAccessorImpl.newInstance(DelegatingConstructorAccessorImpl.java:45)
	at java.lang.reflect.Constructor.newInstance(Constructor.java:423)
	at org.apache.hadoop.net.NetUtils.wrapWithMessage(NetUtils.java:913)
	at org.apache.hadoop.net.NetUtils.wrapException(NetUtils.java:848)
	at org.apache.hadoop.ipc.Client.getRpcResponse(Client.java:1577)
	at org.apache.hadoop.ipc.Client.call(Client.java:1519)
	at org.apache.hadoop.ipc.Client.call(Client.java:1416)
	at org.apache.hadoop.ipc.ProtobufRpcEngine$Invoker.invoke(ProtobufRpcEngine.java:236)
	at org.apache.hadoop.ipc.ProtobufRpcEngine$Invoker.invoke(ProtobufRpcEngine.java:123)
	at com.sun.proxy.$Proxy48.submitRequest(Unknown Source)
	at org.apache.hadoop.ozone.protocolPB.StorageContainerDatanodeProtocolClientSideTranslatorPB.submitRequest(StorageContainerDatanodeProtocolClientSideTranslatorPB.java:117)
	at org.apache.hadoop.ozone.protocolPB.StorageContainerDatanodeProtocolClientSideTranslatorPB.getVersion(StorageContainerDatanodeProtocolClientSideTranslatorPB.java:133)
	at org.apache.hadoop.ozone.container.common.states.endpoint.VersionEndpointTask.call(VersionEndpointTask.java:71)
	at org.apache.hadoop.ozone.container.common.states.endpoint.VersionEndpointTask.call(VersionEndpointTask.java:42)
	at java.util.concurrent.FutureTask.run(FutureTask.java:266)
	at java.util.concurrent.ThreadPoolExecutor.runWorker(ThreadPoolExecutor.java:1149)
	at java.util.concurrent.ThreadPoolExecutor$Worker.run(ThreadPoolExecutor.java:624)
	at java.lang.Thread.run(Thread.java:748)
Caused by: java.net.SocketTimeoutException: 5000 millis timeout while waiting for channel to be ready for read. ch : java.nio.channels.SocketChannel[connected local=/127.0.0.1:46102 remote=/127.0.0.1:12101]
	at org.apache.hadoop.net.SocketIOWithTimeout.doIO(SocketIOWithTimeout.java:164)
	at org.apache.hadoop.net.SocketInputStream.read(SocketInputStream.java:161)
	at org.apache.hadoop.net.SocketInputStream.read(SocketInputStream.java:131)
	at java.io.FilterInputStream.read(FilterInputStream.java:133)
	at java.io.BufferedInputStream.fill(BufferedInputStream.java:246)
	at java.io.BufferedInputStream.read(BufferedInputStream.java:265)
	at java.io.FilterInputStream.read(FilterInputStream.java:83)
	at java.io.FilterInputStream.read(FilterInputStream.java:83)
	at org.apache.hadoop.ipc.Client$Connection$PingInputStream.read(Client.java:563)
	at java.io.DataInputStream.readInt(DataInputStream.java:387)
	at org.apache.hadoop.ipc.Client$IpcStreams.readResponse(Client.java:1892)
	at org.apache.hadoop.ipc.Client$Connection.receiveRpcResponse(Client.java:1202)
	at org.apache.hadoop.ipc.Client$Connection.run(Client.java:1098)
2022-01-08 13:18:18,509 [EndpointStateMachine task thread for /127.0.0.1:12101 - 0 ] WARN  statemachine.EndpointStateMachine (EndpointStateMachine.java:logIfNeeded(236)) - Unable to communicate to SCM server at 127.0.0.1:12101 for past 0 seconds.
java.net.SocketTimeoutException: Call From fv-az195-8/10.1.0.5 to localhost:12101 failed on socket timeout exception: java.net.SocketTimeoutException: 5000 millis timeout while waiting for channel to be ready for read. ch : java.nio.channels.SocketChannel[connected local=/127.0.0.1:46102 remote=/127.0.0.1:12101]; For more details see:  http://wiki.apache.org/hadoop/SocketTimeout
	at sun.reflect.GeneratedConstructorAccessor31.newInstance(Unknown Source)
	at sun.reflect.DelegatingConstructorAccessorImpl.newInstance(DelegatingConstructorAccessorImpl.java:45)
	at java.lang.reflect.Constructor.newInstance(Constructor.java:423)
	at org.apache.hadoop.net.NetUtils.wrapWithMessage(NetUtils.java:913)
	at org.apache.hadoop.net.NetUtils.wrapException(NetUtils.java:848)
	at org.apache.hadoop.ipc.Client.getRpcResponse(Client.java:1577)
	at org.apache.hadoop.ipc.Client.call(Client.java:1519)
	at org.apache.hadoop.ipc.Client.call(Client.java:1416)
	at org.apache.hadoop.ipc.ProtobufRpcEngine$Invoker.invoke(ProtobufRpcEngine.java:236)
	at org.apache.hadoop.ipc.ProtobufRpcEngine$Invoker.invoke(ProtobufRpcEngine.java:123)
	at com.sun.proxy.$Proxy48.submitRequest(Unknown Source)
	at org.apache.hadoop.ozone.protocolPB.StorageContainerDatanodeProtocolClientSideTranslatorPB.submitRequest(StorageContainerDatanodeProtocolClientSideTranslatorPB.java:117)
	at org.apache.hadoop.ozone.protocolPB.StorageContainerDatanodeProtocolClientSideTranslatorPB.getVersion(StorageContainerDatanodeProtocolClientSideTranslatorPB.java:133)
	at org.apache.hadoop.ozone.container.common.states.endpoint.VersionEndpointTask.call(VersionEndpointTask.java:71)
	at org.apache.hadoop.ozone.container.common.states.endpoint.VersionEndpointTask.call(VersionEndpointTask.java:42)
	at java.util.concurrent.FutureTask.run(FutureTask.java:266)
	at java.util.concurrent.ThreadPoolExecutor.runWorker(ThreadPoolExecutor.java:1149)
	at java.util.concurrent.ThreadPoolExecutor$Worker.run(ThreadPoolExecutor.java:624)
	at java.lang.Thread.run(Thread.java:748)
Caused by: java.net.SocketTimeoutException: 5000 millis timeout while waiting for channel to be ready for read. ch : java.nio.channels.SocketChannel[connected local=/127.0.0.1:46102 remote=/127.0.0.1:12101]
	at org.apache.hadoop.net.SocketIOWithTimeout.doIO(SocketIOWithTimeout.java:164)
	at org.apache.hadoop.net.SocketInputStream.read(SocketInputStream.java:161)
	at org.apache.hadoop.net.SocketInputStream.read(SocketInputStream.java:131)
	at java.io.FilterInputStream.read(FilterInputStream.java:133)
	at java.io.BufferedInputStream.fill(BufferedInputStream.java:246)
	at java.io.BufferedInputStream.read(BufferedInputStream.java:265)
	at java.io.FilterInputStream.read(FilterInputStream.java:83)
	at java.io.FilterInputStream.read(FilterInputStream.java:83)
	at org.apache.hadoop.ipc.Client$Connection$PingInputStream.read(Client.java:563)
	at java.io.DataInputStream.readInt(DataInputStream.java:387)
	at org.apache.hadoop.ipc.Client$IpcStreams.readResponse(Client.java:1892)
	at org.apache.hadoop.ipc.Client$Connection.receiveRpcResponse(Client.java:1202)
	at org.apache.hadoop.ipc.Client$Connection.run(Client.java:1098)
2022-01-08 13:18:18,524 [pool-300-thread-1] INFO  server.RaftServerConfigKeys (ConfUtils.java:logGet(44)) - raft.server.snapshot.auto.trigger.enabled = true (custom)
2022-01-08 13:18:18,535 [pool-300-thread-1] INFO  server.RaftServerConfigKeys (ConfUtils.java:logGet(44)) - raft.server.snapshot.auto.trigger.threshold = 10000 (custom)
2022-01-08 13:18:18,535 [pool-300-thread-1] INFO  server.RaftServerConfigKeys (ConfUtils.java:logGet(44)) - raft.server.snapshot.retention.file.num = 5 (custom)
2022-01-08 13:18:18,535 [pool-300-thread-1] INFO  server.RaftServerConfigKeys (ConfUtils.java:logGet(44)) - raft.server.log.purge.upto.snapshot.index = false (default)
2022-01-08 13:18:18,535 [pool-300-thread-1] INFO  server.RaftServerConfigKeys (ConfUtils.java:logGet(44)) - raft.server.retrycache.expirytime = 600000ms (custom)
2022-01-08 13:18:18,535 [pool-300-thread-1] INFO  server.RaftServerConfigKeys (ConfUtils.java:logGet(44)) - raft.server.retrycache.statistics.expirytime = 100μs (default)
2022-01-08 13:18:18,555 [EventQueue-PipelineReportForPipelineReportHandler] INFO  ha.SCMHAInvocationHandler (SCMHAInvocationHandler.java:invokeRatis(113)) - Invoking method public abstract void org.apache.hadoop.hdds.scm.pipeline.PipelineStateManager.updatePipelineState(org.apache.hadoop.hdds.protocol.proto.HddsProtos$PipelineID,org.apache.hadoop.hdds.protocol.proto.HddsProtos$PipelineState) throws java.io.IOException on target org.apache.hadoop.hdds.scm.ha.SCMRatisServerImpl@739fb24d, cost 53147.159us
2022-01-08 13:18:18,555 [pool-300-thread-1] INFO  server.RaftServer$Division (RaftServerImpl.java:start(301)) - 737545ee-dc45-4e08-9429-983c1d4f2632@group-E77A0E4FD1D6: start as a follower, conf=-1: [737545ee-dc45-4e08-9429-983c1d4f2632|rpc:127.0.0.1:46773|priority:1], old=null
2022-01-08 13:18:18,555 [pool-300-thread-1] INFO  server.RaftServer$Division (RaftServerImpl.java:setRole(290)) - 737545ee-dc45-4e08-9429-983c1d4f2632@group-E77A0E4FD1D6: changes role from      null to FOLLOWER at term 0 for startAsFollower
2022-01-08 13:18:18,555 [pool-300-thread-1] INFO  impl.RoleInfo (RoleInfo.java:updateAndGet(130)) - 737545ee-dc45-4e08-9429-983c1d4f2632: start 737545ee-dc45-4e08-9429-983c1d4f2632@group-E77A0E4FD1D6-FollowerState
2022-01-08 13:18:18,557 [222ceec3-fd71-41f2-aa08-53f50be8376f@group-EF816938392D-StateMachineUpdater] INFO  safemode.HealthyPipelineSafeModeRule (HealthyPipelineSafeModeRule.java:initializeRule(152)) - Refreshed total pipeline count is 0, healthy pipeline threshold count is 1
2022-01-08 13:18:18,557 [EventQueue-PipelineReportForPipelineReportHandler] INFO  ha.SCMHAInvocationHandler (SCMHAInvocationHandler.java:invokeRatis(113)) - Invoking method public abstract void org.apache.hadoop.hdds.scm.pipeline.PipelineStateManager.updatePipelineState(org.apache.hadoop.hdds.protocol.proto.HddsProtos$PipelineID,org.apache.hadoop.hdds.protocol.proto.HddsProtos$PipelineState) throws java.io.IOException on target org.apache.hadoop.hdds.scm.ha.SCMRatisServerImpl@4c7e36e2, cost 53607.568us
2022-01-08 13:18:18,561 [EndpointStateMachine task thread for /127.0.0.1:15227 - 0 ] INFO  ipc.Client (Client.java:handleConnectionFailure(977)) - Retrying connect to server: localhost/127.0.0.1:15227. Already tried 14 time(s); retry policy is RetryUpToMaximumCountWithFixedSleep(maxRetries=15, sleepTime=1000 MILLISECONDS)
2022-01-08 13:18:18,567 [pool-300-thread-1] INFO  util.JmxRegister (JmxRegister.java:tryRegister(44)) - Successfully registered JMX Bean with object name Ratis:service=RaftServer,group=group-E77A0E4FD1D6,id=737545ee-dc45-4e08-9429-983c1d4f2632
2022-01-08 13:18:18,575 [Command processor thread] INFO  ratis.XceiverServerRatis (XceiverServerRatis.java:addGroup(768)) - Created group PipelineID=8c20c318-9b92-4f4d-b229-e77a0e4fd1d6
2022-01-08 13:18:18,575 [Command processor thread] INFO  commandhandler.CreatePipelineCommandHandler (CreatePipelineCommandHandler.java:handle(106)) - Created Pipeline RATIS ONE PipelineID=8c20c318-9b92-4f4d-b229-e77a0e4fd1d6.
2022-01-08 13:18:18,575 [Command processor thread] INFO  server.RaftServer (RaftServerProxy.java:addNew(95)) - 737545ee-dc45-4e08-9429-983c1d4f2632: addNew group-58F3DA5FB7B7:[c0322a57-4f2b-423f-b02f-0677e9b7408d|rpc:127.0.0.1:43283|priority:1, f4bd9712-e444-41ba-bddc-dab6ab48249e|rpc:127.0.0.1:34435|priority:0, 737545ee-dc45-4e08-9429-983c1d4f2632|rpc:127.0.0.1:46773|priority:0] returns group-58F3DA5FB7B7:java.util.concurrent.CompletableFuture@36a7b4f8[Not completed]
2022-01-08 13:18:18,577 [pool-300-thread-1] INFO  server.RaftServer$Division (RaftServerImpl.java:<init>(184)) - 737545ee-dc45-4e08-9429-983c1d4f2632: new RaftServerImpl for group-58F3DA5FB7B7:[c0322a57-4f2b-423f-b02f-0677e9b7408d|rpc:127.0.0.1:43283|priority:1, f4bd9712-e444-41ba-bddc-dab6ab48249e|rpc:127.0.0.1:34435|priority:0, 737545ee-dc45-4e08-9429-983c1d4f2632|rpc:127.0.0.1:46773|priority:0] with ContainerStateMachine:uninitialized
2022-01-08 13:18:18,577 [pool-300-thread-1] INFO  server.RaftServerConfigKeys (ConfUtils.java:logGet(44)) - raft.server.rpc.timeout.min = 5s (custom)
2022-01-08 13:18:18,577 [pool-300-thread-1] INFO  server.RaftServerConfigKeys (ConfUtils.java:logGet(44)) - raft.server.rpc.timeout.max = 5200ms (custom)
2022-01-08 13:18:18,577 [pool-300-thread-1] INFO  server.RaftServerConfigKeys (ConfUtils.java:logGet(44)) - raft.server.rpc.sleep.time = 25ms (default)
2022-01-08 13:18:18,577 [pool-300-thread-1] INFO  server.RaftServerConfigKeys (ConfUtils.java:logGet(44)) - raft.server.rpc.slowness.timeout = 300s (custom)
2022-01-08 13:18:18,577 [pool-300-thread-1] INFO  server.RaftServerConfigKeys (ConfUtils.java:logGet(44)) - raft.server.leaderelection.leader.step-down.wait-time = 10s (default)
2022-01-08 13:18:18,577 [pool-300-thread-1] INFO  server.RaftServerConfigKeys (ConfUtils.java:logGet(44)) - raft.server.sleep.deviation.threshold = 300ms (default)
2022-01-08 13:18:18,577 [pool-300-thread-1] INFO  server.RaftServerConfigKeys (ConfUtils.java:logGet(44)) - raft.server.log.appender.install.snapshot.enabled = false (custom)
2022-01-08 13:18:18,577 [pool-300-thread-1] INFO  server.RaftServer$Division (ServerState.java:<init>(105)) - 737545ee-dc45-4e08-9429-983c1d4f2632@group-58F3DA5FB7B7: ConfigurationManager, init=-1: [c0322a57-4f2b-423f-b02f-0677e9b7408d|rpc:127.0.0.1:43283|priority:1, f4bd9712-e444-41ba-bddc-dab6ab48249e|rpc:127.0.0.1:34435|priority:0, 737545ee-dc45-4e08-9429-983c1d4f2632|rpc:127.0.0.1:46773|priority:0], old=null, confs=<EMPTY_MAP>
2022-01-08 13:18:18,577 [pool-300-thread-1] INFO  server.RaftServerConfigKeys (ConfUtils.java:logGet(44)) - raft.server.storage.dir = [/home/runner/work/ozone/ozone/hadoop-ozone/integration-test/target/test-dir/MiniOzoneClusterImpl-96dde82e-0bdc-4c97-ae5c-ef816938392d/datanode-0/data/ratis] (custom)
2022-01-08 13:18:18,578 [pool-300-thread-1] INFO  server.RaftServerConfigKeys (ConfUtils.java:logGet(44)) - raft.server.log.corruption.policy = EXCEPTION (default)
2022-01-08 13:18:18,578 [pool-300-thread-1] INFO  server.RaftServerConfigKeys (ConfUtils.java:logGet(44)) - raft.server.storage.free-space.min = 0MB (=0) (default)
2022-01-08 13:18:18,578 [pool-300-thread-1] INFO  storage.RaftStorageDirectory (RaftStorageDirectoryImpl.java:analyzeStorage(135)) - The storage directory /home/runner/work/ozone/ozone/hadoop-ozone/integration-test/target/test-dir/MiniOzoneClusterImpl-96dde82e-0bdc-4c97-ae5c-ef816938392d/datanode-0/data/ratis/d6dbbfe3-3ab8-4abf-9991-58f3da5fb7b7 does not exist. Creating ...
2022-01-08 13:18:18,584 [pool-300-thread-1] INFO  storage.RaftStorageDirectory (RaftStorageDirectoryImpl.java:tryLock(230)) - Lock on /home/runner/work/ozone/ozone/hadoop-ozone/integration-test/target/test-dir/MiniOzoneClusterImpl-96dde82e-0bdc-4c97-ae5c-ef816938392d/datanode-0/data/ratis/d6dbbfe3-3ab8-4abf-9991-58f3da5fb7b7/in_use.lock acquired by nodename 7755@fv-az195-8
2022-01-08 13:18:18,584 [EndpointStateMachine task thread for /127.0.0.1:15217 - 0 ] INFO  ipc.Client (Client.java:handleConnectionFailure(977)) - Retrying connect to server: localhost/127.0.0.1:15217. Already tried 2 time(s); retry policy is RetryUpToMaximumCountWithFixedSleep(maxRetries=15, sleepTime=1000 MILLISECONDS)
2022-01-08 13:18:18,585 [40a4bb05-3d2f-4358-aa13-75cfde41e6e0@group-EF816938392D-StateMachineUpdater] INFO  safemode.HealthyPipelineSafeModeRule (HealthyPipelineSafeModeRule.java:initializeRule(152)) - Refreshed total pipeline count is 0, healthy pipeline threshold count is 1
2022-01-08 13:18:18,587 [pool-300-thread-1] INFO  storage.RaftStorage (RaftStorageImpl.java:format(89)) - Storage directory /home/runner/work/ozone/ozone/hadoop-ozone/integration-test/target/test-dir/MiniOzoneClusterImpl-96dde82e-0bdc-4c97-ae5c-ef816938392d/datanode-0/data/ratis/d6dbbfe3-3ab8-4abf-9991-58f3da5fb7b7 has been successfully formatted.
2022-01-08 13:18:18,587 [pool-300-thread-1] INFO  ratis.ContainerStateMachine (ContainerStateMachine.java:loadSnapshot(231)) - group-58F3DA5FB7B7: The snapshot info is null. Setting the last applied indexto:(t:0, i:~)
2022-01-08 13:18:18,587 [pool-300-thread-1] INFO  server.RaftServerConfigKeys (ConfUtils.java:logGet(44)) - raft.server.notification.no-leader.timeout = 300s (custom)
2022-01-08 13:18:18,587 [pool-300-thread-1] INFO  server.RaftServerConfigKeys (ConfUtils.java:logGet(44)) - raft.server.log.use.memory = false (default)
2022-01-08 13:18:18,587 [pool-300-thread-1] INFO  server.RaftServerConfigKeys (ConfUtils.java:logGet(44)) - raft.server.log.purge.gap = 1000000 (custom)
2022-01-08 13:18:18,587 [pool-300-thread-1] INFO  server.RaftServerConfigKeys (ConfUtils.java:logGet(44)) - raft.server.log.appender.buffer.byte-limit = 33554432 (custom)
2022-01-08 13:18:18,587 [pool-300-thread-1] INFO  server.RaftServerConfigKeys (ConfUtils.java:logGet(44)) - raft.server.log.segment.size.max = 1048576 (custom)
2022-01-08 13:18:18,588 [pool-300-thread-1] INFO  server.RaftServerConfigKeys (ConfUtils.java:logGet(44)) - raft.server.log.segment.cache.num.max = 2 (custom)
2022-01-08 13:18:18,588 [pool-300-thread-1] INFO  server.RaftServerConfigKeys (ConfUtils.java:logGet(44)) - raft.server.log.segment.cache.size.max = 200MB (=209715200) (default)
2022-01-08 13:18:18,588 [pool-300-thread-1] INFO  segmented.SegmentedRaftLogWorker (SegmentedRaftLogWorker.java:<init>(182)) - new 737545ee-dc45-4e08-9429-983c1d4f2632@group-58F3DA5FB7B7-SegmentedRaftLogWorker for RaftStorageImpl:Storage Directory /home/runner/work/ozone/ozone/hadoop-ozone/integration-test/target/test-dir/MiniOzoneClusterImpl-96dde82e-0bdc-4c97-ae5c-ef816938392d/datanode-0/data/ratis/d6dbbfe3-3ab8-4abf-9991-58f3da5fb7b7
2022-01-08 13:18:18,588 [pool-300-thread-1] INFO  server.RaftServerConfigKeys (ConfUtils.java:logGet(44)) - raft.server.log.queue.byte-limit = 2147483647 (custom)
2022-01-08 13:18:18,588 [pool-300-thread-1] INFO  server.RaftServerConfigKeys (ConfUtils.java:logGet(44)) - raft.server.log.queue.element-limit = 1024 (custom)
2022-01-08 13:18:18,588 [pool-300-thread-1] INFO  server.RaftServerConfigKeys (ConfUtils.java:logGet(44)) - raft.server.log.segment.size.max = 1048576 (custom)
2022-01-08 13:18:18,588 [pool-300-thread-1] INFO  server.RaftServerConfigKeys (ConfUtils.java:logGet(44)) - raft.server.log.preallocated.size = 16384 (custom)
2022-01-08 13:18:18,588 [pool-300-thread-1] INFO  server.RaftServerConfigKeys (ConfUtils.java:logGet(44)) - raft.server.log.force.sync.num = 128 (default)
2022-01-08 13:18:18,588 [pool-300-thread-1] INFO  server.RaftServerConfigKeys (ConfUtils.java:logGet(44)) - raft.server.log.statemachine.data.sync = true (default)
2022-01-08 13:18:18,588 [pool-300-thread-1] INFO  server.RaftServerConfigKeys (ConfUtils.java:logGet(44)) - raft.server.log.statemachine.data.sync.timeout = 10s (default)
2022-01-08 13:18:18,588 [pool-300-thread-1] INFO  server.RaftServerConfigKeys (ConfUtils.java:logGet(44)) - raft.server.log.statemachine.data.sync.timeout.retry = -1 (default)
2022-01-08 13:18:18,589 [pool-300-thread-1] INFO  server.RaftServerConfigKeys (ConfUtils.java:logGet(44)) - raft.server.log.write.buffer.size = 1048576 (custom)
2022-01-08 13:18:18,590 [pool-300-thread-1] INFO  server.RaftServerConfigKeys (ConfUtils.java:logGet(44)) - raft.server.log.statemachine.data.caching.enabled = true (custom)
2022-01-08 13:18:18,590 [pool-300-thread-1] INFO  segmented.SegmentedRaftLogWorker (SegmentedRaftLogWorker.java:lambda$new$0(133)) - 737545ee-dc45-4e08-9429-983c1d4f2632@group-58F3DA5FB7B7-SegmentedRaftLogWorker: flushIndex: setUnconditionally 0 -> -1
2022-01-08 13:18:18,590 [pool-300-thread-1] INFO  segmented.SegmentedRaftLogWorker (SegmentedRaftLogWorker.java:lambda$new$0(133)) - 737545ee-dc45-4e08-9429-983c1d4f2632@group-58F3DA5FB7B7-SegmentedRaftLogWorker: safeCacheEvictIndex: setUnconditionally 0 -> -1
2022-01-08 13:18:18,592 [EndpointStateMachine task thread for /127.0.0.1:15237 - 0 ] INFO  ipc.Client (Client.java:handleConnectionFailure(977)) - Retrying connect to server: localhost/127.0.0.1:15237. Already tried 14 time(s); retry policy is RetryUpToMaximumCountWithFixedSleep(maxRetries=15, sleepTime=1000 MILLISECONDS)
2022-01-08 13:18:18,592 [EventQueue-OpenPipelineForHealthyPipelineSafeModeRule] INFO  safemode.SCMSafeModeManager (HealthyPipelineSafeModeRule.java:process(124)) - SCM in safe mode. Healthy pipelines reported count is 0, required healthy pipeline reported count is 1
2022-01-08 13:18:18,592 [EventQueue-OpenPipelineForHealthyPipelineSafeModeRule] INFO  safemode.SCMSafeModeManager (HealthyPipelineSafeModeRule.java:process(124)) - SCM in safe mode. Healthy pipelines reported count is 0, required healthy pipeline reported count is 1
2022-01-08 13:18:18,593 [pool-300-thread-1] INFO  server.RaftServerConfigKeys (ConfUtils.java:logGet(44)) - raft.server.snapshot.auto.trigger.enabled = true (custom)
2022-01-08 13:18:18,603 [pool-300-thread-1] INFO  server.RaftServerConfigKeys (ConfUtils.java:logGet(44)) - raft.server.snapshot.auto.trigger.threshold = 10000 (custom)
2022-01-08 13:18:18,603 [pool-300-thread-1] INFO  server.RaftServerConfigKeys (ConfUtils.java:logGet(44)) - raft.server.snapshot.retention.file.num = 5 (custom)
2022-01-08 13:18:18,603 [pool-300-thread-1] INFO  server.RaftServerConfigKeys (ConfUtils.java:logGet(44)) - raft.server.log.purge.upto.snapshot.index = false (default)
2022-01-08 13:18:18,603 [pool-300-thread-1] INFO  server.RaftServerConfigKeys (ConfUtils.java:logGet(44)) - raft.server.retrycache.expirytime = 600000ms (custom)
2022-01-08 13:18:18,603 [pool-300-thread-1] INFO  server.RaftServerConfigKeys (ConfUtils.java:logGet(44)) - raft.server.retrycache.statistics.expirytime = 100μs (default)
2022-01-08 13:18:18,604 [pool-300-thread-1] INFO  server.RaftServer$Division (RaftServerImpl.java:start(301)) - 737545ee-dc45-4e08-9429-983c1d4f2632@group-58F3DA5FB7B7: start as a follower, conf=-1: [c0322a57-4f2b-423f-b02f-0677e9b7408d|rpc:127.0.0.1:43283|priority:1, f4bd9712-e444-41ba-bddc-dab6ab48249e|rpc:127.0.0.1:34435|priority:0, 737545ee-dc45-4e08-9429-983c1d4f2632|rpc:127.0.0.1:46773|priority:0], old=null
2022-01-08 13:18:18,604 [pool-300-thread-1] INFO  server.RaftServer$Division (RaftServerImpl.java:setRole(290)) - 737545ee-dc45-4e08-9429-983c1d4f2632@group-58F3DA5FB7B7: changes role from      null to FOLLOWER at term 0 for startAsFollower
2022-01-08 13:18:18,604 [pool-300-thread-1] INFO  impl.RoleInfo (RoleInfo.java:updateAndGet(130)) - 737545ee-dc45-4e08-9429-983c1d4f2632: start 737545ee-dc45-4e08-9429-983c1d4f2632@group-58F3DA5FB7B7-FollowerState
2022-01-08 13:18:18,605 [pool-300-thread-1] INFO  util.JmxRegister (JmxRegister.java:tryRegister(44)) - Successfully registered JMX Bean with object name Ratis:service=RaftServer,group=group-58F3DA5FB7B7,id=737545ee-dc45-4e08-9429-983c1d4f2632
2022-01-08 13:18:18,607 [EventQueue-OpenPipelineForHealthyPipelineSafeModeRule] INFO  safemode.SCMSafeModeManager (HealthyPipelineSafeModeRule.java:process(124)) - SCM in safe mode. Healthy pipelines reported count is 0, required healthy pipeline reported count is 1
2022-01-08 13:18:18,620 [Command processor thread] INFO  ratis.XceiverServerRatis (XceiverServerRatis.java:addGroup(768)) - Created group PipelineID=d6dbbfe3-3ab8-4abf-9991-58f3da5fb7b7
2022-01-08 13:18:18,636 [grpc-default-executor-2] INFO  server.RaftServer (RaftServerProxy.java:addNew(95)) - c0322a57-4f2b-423f-b02f-0677e9b7408d: addNew group-58F3DA5FB7B7:[c0322a57-4f2b-423f-b02f-0677e9b7408d|rpc:127.0.0.1:43283|dataStream:|priority:1, f4bd9712-e444-41ba-bddc-dab6ab48249e|rpc:127.0.0.1:34435|dataStream:|priority:0, 737545ee-dc45-4e08-9429-983c1d4f2632|rpc:127.0.0.1:46773|dataStream:|priority:0] returns group-58F3DA5FB7B7:java.util.concurrent.CompletableFuture@1eb2b58d[Not completed]
2022-01-08 13:18:18,637 [pool-346-thread-1] INFO  server.RaftServer$Division (RaftServerImpl.java:<init>(184)) - c0322a57-4f2b-423f-b02f-0677e9b7408d: new RaftServerImpl for group-58F3DA5FB7B7:[c0322a57-4f2b-423f-b02f-0677e9b7408d|rpc:127.0.0.1:43283|dataStream:|priority:1, f4bd9712-e444-41ba-bddc-dab6ab48249e|rpc:127.0.0.1:34435|dataStream:|priority:0, 737545ee-dc45-4e08-9429-983c1d4f2632|rpc:127.0.0.1:46773|dataStream:|priority:0] with ContainerStateMachine:uninitialized
2022-01-08 13:18:18,637 [pool-346-thread-1] INFO  server.RaftServerConfigKeys (ConfUtils.java:logGet(44)) - raft.server.rpc.timeout.min = 5s (custom)
2022-01-08 13:18:18,638 [pool-346-thread-1] INFO  server.RaftServerConfigKeys (ConfUtils.java:logGet(44)) - raft.server.rpc.timeout.max = 5200ms (custom)
2022-01-08 13:18:18,638 [pool-346-thread-1] INFO  server.RaftServerConfigKeys (ConfUtils.java:logGet(44)) - raft.server.rpc.sleep.time = 25ms (default)
2022-01-08 13:18:18,638 [pool-346-thread-1] INFO  server.RaftServerConfigKeys (ConfUtils.java:logGet(44)) - raft.server.rpc.slowness.timeout = 300s (custom)
2022-01-08 13:18:18,638 [pool-346-thread-1] INFO  server.RaftServerConfigKeys (ConfUtils.java:logGet(44)) - raft.server.leaderelection.leader.step-down.wait-time = 10s (default)
2022-01-08 13:18:18,638 [pool-346-thread-1] INFO  server.RaftServerConfigKeys (ConfUtils.java:logGet(44)) - raft.server.sleep.deviation.threshold = 300ms (default)
2022-01-08 13:18:18,638 [pool-346-thread-1] INFO  server.RaftServerConfigKeys (ConfUtils.java:logGet(44)) - raft.server.log.appender.install.snapshot.enabled = false (custom)
2022-01-08 13:18:18,638 [pool-346-thread-1] INFO  server.RaftServer$Division (ServerState.java:<init>(105)) - c0322a57-4f2b-423f-b02f-0677e9b7408d@group-58F3DA5FB7B7: ConfigurationManager, init=-1: [c0322a57-4f2b-423f-b02f-0677e9b7408d|rpc:127.0.0.1:43283|dataStream:|priority:1, f4bd9712-e444-41ba-bddc-dab6ab48249e|rpc:127.0.0.1:34435|dataStream:|priority:0, 737545ee-dc45-4e08-9429-983c1d4f2632|rpc:127.0.0.1:46773|dataStream:|priority:0], old=null, confs=<EMPTY_MAP>
2022-01-08 13:18:18,638 [pool-346-thread-1] INFO  server.RaftServerConfigKeys (ConfUtils.java:logGet(44)) - raft.server.storage.dir = [/home/runner/work/ozone/ozone/hadoop-ozone/integration-test/target/test-dir/MiniOzoneClusterImpl-96dde82e-0bdc-4c97-ae5c-ef816938392d/datanode-2/data/ratis] (custom)
2022-01-08 13:18:18,638 [pool-346-thread-1] INFO  server.RaftServerConfigKeys (ConfUtils.java:logGet(44)) - raft.server.log.corruption.policy = EXCEPTION (default)
2022-01-08 13:18:18,638 [pool-346-thread-1] INFO  server.RaftServerConfigKeys (ConfUtils.java:logGet(44)) - raft.server.storage.free-space.min = 0MB (=0) (default)
2022-01-08 13:18:18,638 [pool-346-thread-1] INFO  storage.RaftStorageDirectory (RaftStorageDirectoryImpl.java:analyzeStorage(135)) - The storage directory /home/runner/work/ozone/ozone/hadoop-ozone/integration-test/target/test-dir/MiniOzoneClusterImpl-96dde82e-0bdc-4c97-ae5c-ef816938392d/datanode-2/data/ratis/d6dbbfe3-3ab8-4abf-9991-58f3da5fb7b7 does not exist. Creating ...
2022-01-08 13:18:18,644 [pool-346-thread-1] INFO  storage.RaftStorageDirectory (RaftStorageDirectoryImpl.java:tryLock(230)) - Lock on /home/runner/work/ozone/ozone/hadoop-ozone/integration-test/target/test-dir/MiniOzoneClusterImpl-96dde82e-0bdc-4c97-ae5c-ef816938392d/datanode-2/data/ratis/d6dbbfe3-3ab8-4abf-9991-58f3da5fb7b7/in_use.lock acquired by nodename 7755@fv-az195-8
2022-01-08 13:18:18,645 [pool-346-thread-1] INFO  storage.RaftStorage (RaftStorageImpl.java:format(89)) - Storage directory /home/runner/work/ozone/ozone/hadoop-ozone/integration-test/target/test-dir/MiniOzoneClusterImpl-96dde82e-0bdc-4c97-ae5c-ef816938392d/datanode-2/data/ratis/d6dbbfe3-3ab8-4abf-9991-58f3da5fb7b7 has been successfully formatted.
2022-01-08 13:18:18,646 [pool-346-thread-1] INFO  ratis.ContainerStateMachine (ContainerStateMachine.java:loadSnapshot(231)) - group-58F3DA5FB7B7: The snapshot info is null. Setting the last applied indexto:(t:0, i:~)
2022-01-08 13:18:18,646 [pool-346-thread-1] INFO  server.RaftServerConfigKeys (ConfUtils.java:logGet(44)) - raft.server.notification.no-leader.timeout = 300s (custom)
2022-01-08 13:18:18,646 [pool-346-thread-1] INFO  server.RaftServerConfigKeys (ConfUtils.java:logGet(44)) - raft.server.log.use.memory = false (default)
2022-01-08 13:18:18,646 [pool-346-thread-1] INFO  server.RaftServerConfigKeys (ConfUtils.java:logGet(44)) - raft.server.log.purge.gap = 1000000 (custom)
2022-01-08 13:18:18,646 [pool-346-thread-1] INFO  server.RaftServerConfigKeys (ConfUtils.java:logGet(44)) - raft.server.log.appender.buffer.byte-limit = 33554432 (custom)
2022-01-08 13:18:18,646 [pool-346-thread-1] INFO  server.RaftServerConfigKeys (ConfUtils.java:logGet(44)) - raft.server.log.segment.size.max = 1048576 (custom)
2022-01-08 13:18:18,649 [pool-346-thread-1] INFO  server.RaftServerConfigKeys (ConfUtils.java:logGet(44)) - raft.server.log.segment.cache.num.max = 2 (custom)
2022-01-08 13:18:18,649 [pool-346-thread-1] INFO  server.RaftServerConfigKeys (ConfUtils.java:logGet(44)) - raft.server.log.segment.cache.size.max = 200MB (=209715200) (default)
2022-01-08 13:18:18,649 [pool-346-thread-1] INFO  segmented.SegmentedRaftLogWorker (SegmentedRaftLogWorker.java:<init>(182)) - new c0322a57-4f2b-423f-b02f-0677e9b7408d@group-58F3DA5FB7B7-SegmentedRaftLogWorker for RaftStorageImpl:Storage Directory /home/runner/work/ozone/ozone/hadoop-ozone/integration-test/target/test-dir/MiniOzoneClusterImpl-96dde82e-0bdc-4c97-ae5c-ef816938392d/datanode-2/data/ratis/d6dbbfe3-3ab8-4abf-9991-58f3da5fb7b7
2022-01-08 13:18:18,649 [pool-346-thread-1] INFO  server.RaftServerConfigKeys (ConfUtils.java:logGet(44)) - raft.server.log.queue.byte-limit = 2147483647 (custom)
2022-01-08 13:18:18,649 [pool-346-thread-1] INFO  server.RaftServerConfigKeys (ConfUtils.java:logGet(44)) - raft.server.log.queue.element-limit = 1024 (custom)
2022-01-08 13:18:18,649 [pool-346-thread-1] INFO  server.RaftServerConfigKeys (ConfUtils.java:logGet(44)) - raft.server.log.segment.size.max = 1048576 (custom)
2022-01-08 13:18:18,649 [pool-346-thread-1] INFO  server.RaftServerConfigKeys (ConfUtils.java:logGet(44)) - raft.server.log.preallocated.size = 16384 (custom)
2022-01-08 13:18:18,650 [pool-346-thread-1] INFO  server.RaftServerConfigKeys (ConfUtils.java:logGet(44)) - raft.server.log.force.sync.num = 128 (default)
2022-01-08 13:18:18,650 [pool-346-thread-1] INFO  server.RaftServerConfigKeys (ConfUtils.java:logGet(44)) - raft.server.log.statemachine.data.sync = true (default)
2022-01-08 13:18:18,650 [pool-346-thread-1] INFO  server.RaftServerConfigKeys (ConfUtils.java:logGet(44)) - raft.server.log.statemachine.data.sync.timeout = 10s (default)
2022-01-08 13:18:18,650 [pool-346-thread-1] INFO  server.RaftServerConfigKeys (ConfUtils.java:logGet(44)) - raft.server.log.statemachine.data.sync.timeout.retry = -1 (default)
2022-01-08 13:18:18,650 [pool-346-thread-1] INFO  server.RaftServerConfigKeys (ConfUtils.java:logGet(44)) - raft.server.log.write.buffer.size = 1048576 (custom)
2022-01-08 13:18:18,653 [pool-346-thread-1] INFO  server.RaftServerConfigKeys (ConfUtils.java:logGet(44)) - raft.server.log.statemachine.data.caching.enabled = true (custom)
2022-01-08 13:18:18,653 [pool-346-thread-1] INFO  segmented.SegmentedRaftLogWorker (SegmentedRaftLogWorker.java:lambda$new$0(133)) - c0322a57-4f2b-423f-b02f-0677e9b7408d@group-58F3DA5FB7B7-SegmentedRaftLogWorker: flushIndex: setUnconditionally 0 -> -1
2022-01-08 13:18:18,653 [pool-346-thread-1] INFO  segmented.SegmentedRaftLogWorker (SegmentedRaftLogWorker.java:lambda$new$0(133)) - c0322a57-4f2b-423f-b02f-0677e9b7408d@group-58F3DA5FB7B7-SegmentedRaftLogWorker: safeCacheEvictIndex: setUnconditionally 0 -> -1
2022-01-08 13:18:18,663 [pool-346-thread-1] INFO  server.RaftServerConfigKeys (ConfUtils.java:logGet(44)) - raft.server.snapshot.auto.trigger.enabled = true (custom)
2022-01-08 13:18:18,663 [pool-346-thread-1] INFO  server.RaftServerConfigKeys (ConfUtils.java:logGet(44)) - raft.server.snapshot.auto.trigger.threshold = 10000 (custom)
2022-01-08 13:18:18,663 [pool-346-thread-1] INFO  server.RaftServerConfigKeys (ConfUtils.java:logGet(44)) - raft.server.snapshot.retention.file.num = 5 (custom)
2022-01-08 13:18:18,663 [pool-346-thread-1] INFO  server.RaftServerConfigKeys (ConfUtils.java:logGet(44)) - raft.server.log.purge.upto.snapshot.index = false (default)
2022-01-08 13:18:18,663 [pool-346-thread-1] INFO  server.RaftServerConfigKeys (ConfUtils.java:logGet(44)) - raft.server.retrycache.expirytime = 600000ms (custom)
2022-01-08 13:18:18,663 [pool-346-thread-1] INFO  server.RaftServerConfigKeys (ConfUtils.java:logGet(44)) - raft.server.retrycache.statistics.expirytime = 100μs (default)
2022-01-08 13:18:18,664 [pool-346-thread-1] INFO  server.RaftServer$Division (RaftServerImpl.java:start(301)) - c0322a57-4f2b-423f-b02f-0677e9b7408d@group-58F3DA5FB7B7: start as a follower, conf=-1: [c0322a57-4f2b-423f-b02f-0677e9b7408d|rpc:127.0.0.1:43283|dataStream:|priority:1, f4bd9712-e444-41ba-bddc-dab6ab48249e|rpc:127.0.0.1:34435|dataStream:|priority:0, 737545ee-dc45-4e08-9429-983c1d4f2632|rpc:127.0.0.1:46773|dataStream:|priority:0], old=null
2022-01-08 13:18:18,664 [pool-346-thread-1] INFO  server.RaftServer$Division (RaftServerImpl.java:setRole(290)) - c0322a57-4f2b-423f-b02f-0677e9b7408d@group-58F3DA5FB7B7: changes role from      null to FOLLOWER at term 0 for startAsFollower
2022-01-08 13:18:18,664 [pool-346-thread-1] INFO  impl.RoleInfo (RoleInfo.java:updateAndGet(130)) - c0322a57-4f2b-423f-b02f-0677e9b7408d: start c0322a57-4f2b-423f-b02f-0677e9b7408d@group-58F3DA5FB7B7-FollowerState
2022-01-08 13:18:18,670 [pool-346-thread-1] INFO  util.JmxRegister (JmxRegister.java:tryRegister(44)) - Successfully registered JMX Bean with object name Ratis:service=RaftServer,group=group-58F3DA5FB7B7,id=c0322a57-4f2b-423f-b02f-0677e9b7408d
2022-01-08 13:18:18,718 [grpc-default-executor-2] INFO  server.RaftServer (RaftServerProxy.java:addNew(95)) - f4bd9712-e444-41ba-bddc-dab6ab48249e: addNew group-58F3DA5FB7B7:[c0322a57-4f2b-423f-b02f-0677e9b7408d|rpc:127.0.0.1:43283|dataStream:|priority:1, f4bd9712-e444-41ba-bddc-dab6ab48249e|rpc:127.0.0.1:34435|dataStream:|priority:0, 737545ee-dc45-4e08-9429-983c1d4f2632|rpc:127.0.0.1:46773|dataStream:|priority:0] returns group-58F3DA5FB7B7:java.util.concurrent.CompletableFuture@798ef7b4[Not completed]
2022-01-08 13:18:18,722 [pool-323-thread-1] INFO  server.RaftServer$Division (RaftServerImpl.java:<init>(184)) - f4bd9712-e444-41ba-bddc-dab6ab48249e: new RaftServerImpl for group-58F3DA5FB7B7:[c0322a57-4f2b-423f-b02f-0677e9b7408d|rpc:127.0.0.1:43283|dataStream:|priority:1, f4bd9712-e444-41ba-bddc-dab6ab48249e|rpc:127.0.0.1:34435|dataStream:|priority:0, 737545ee-dc45-4e08-9429-983c1d4f2632|rpc:127.0.0.1:46773|dataStream:|priority:0] with ContainerStateMachine:uninitialized
2022-01-08 13:18:18,722 [pool-323-thread-1] INFO  server.RaftServerConfigKeys (ConfUtils.java:logGet(44)) - raft.server.rpc.timeout.min = 5s (custom)
2022-01-08 13:18:18,722 [pool-323-thread-1] INFO  server.RaftServerConfigKeys (ConfUtils.java:logGet(44)) - raft.server.rpc.timeout.max = 5200ms (custom)
2022-01-08 13:18:18,722 [pool-323-thread-1] INFO  server.RaftServerConfigKeys (ConfUtils.java:logGet(44)) - raft.server.rpc.sleep.time = 25ms (default)
2022-01-08 13:18:18,722 [pool-323-thread-1] INFO  server.RaftServerConfigKeys (ConfUtils.java:logGet(44)) - raft.server.rpc.slowness.timeout = 300s (custom)
2022-01-08 13:18:18,722 [pool-323-thread-1] INFO  server.RaftServerConfigKeys (ConfUtils.java:logGet(44)) - raft.server.leaderelection.leader.step-down.wait-time = 10s (default)
2022-01-08 13:18:18,722 [pool-323-thread-1] INFO  server.RaftServerConfigKeys (ConfUtils.java:logGet(44)) - raft.server.sleep.deviation.threshold = 300ms (default)
2022-01-08 13:18:18,722 [pool-323-thread-1] INFO  server.RaftServerConfigKeys (ConfUtils.java:logGet(44)) - raft.server.log.appender.install.snapshot.enabled = false (custom)
2022-01-08 13:18:18,722 [pool-323-thread-1] INFO  server.RaftServer$Division (ServerState.java:<init>(105)) - f4bd9712-e444-41ba-bddc-dab6ab48249e@group-58F3DA5FB7B7: ConfigurationManager, init=-1: [c0322a57-4f2b-423f-b02f-0677e9b7408d|rpc:127.0.0.1:43283|dataStream:|priority:1, f4bd9712-e444-41ba-bddc-dab6ab48249e|rpc:127.0.0.1:34435|dataStream:|priority:0, 737545ee-dc45-4e08-9429-983c1d4f2632|rpc:127.0.0.1:46773|dataStream:|priority:0], old=null, confs=<EMPTY_MAP>
2022-01-08 13:18:18,722 [pool-323-thread-1] INFO  server.RaftServerConfigKeys (ConfUtils.java:logGet(44)) - raft.server.storage.dir = [/home/runner/work/ozone/ozone/hadoop-ozone/integration-test/target/test-dir/MiniOzoneClusterImpl-96dde82e-0bdc-4c97-ae5c-ef816938392d/datanode-1/data/ratis] (custom)
2022-01-08 13:18:18,723 [pool-323-thread-1] INFO  server.RaftServerConfigKeys (ConfUtils.java:logGet(44)) - raft.server.log.corruption.policy = EXCEPTION (default)
2022-01-08 13:18:18,723 [pool-323-thread-1] INFO  server.RaftServerConfigKeys (ConfUtils.java:logGet(44)) - raft.server.storage.free-space.min = 0MB (=0) (default)
2022-01-08 13:18:18,723 [pool-323-thread-1] INFO  storage.RaftStorageDirectory (RaftStorageDirectoryImpl.java:analyzeStorage(135)) - The storage directory /home/runner/work/ozone/ozone/hadoop-ozone/integration-test/target/test-dir/MiniOzoneClusterImpl-96dde82e-0bdc-4c97-ae5c-ef816938392d/datanode-1/data/ratis/d6dbbfe3-3ab8-4abf-9991-58f3da5fb7b7 does not exist. Creating ...
2022-01-08 13:18:18,725 [pool-323-thread-1] INFO  storage.RaftStorageDirectory (RaftStorageDirectoryImpl.java:tryLock(230)) - Lock on /home/runner/work/ozone/ozone/hadoop-ozone/integration-test/target/test-dir/MiniOzoneClusterImpl-96dde82e-0bdc-4c97-ae5c-ef816938392d/datanode-1/data/ratis/d6dbbfe3-3ab8-4abf-9991-58f3da5fb7b7/in_use.lock acquired by nodename 7755@fv-az195-8
2022-01-08 13:18:18,726 [pool-323-thread-1] INFO  storage.RaftStorage (RaftStorageImpl.java:format(89)) - Storage directory /home/runner/work/ozone/ozone/hadoop-ozone/integration-test/target/test-dir/MiniOzoneClusterImpl-96dde82e-0bdc-4c97-ae5c-ef816938392d/datanode-1/data/ratis/d6dbbfe3-3ab8-4abf-9991-58f3da5fb7b7 has been successfully formatted.
2022-01-08 13:18:18,727 [pool-323-thread-1] INFO  ratis.ContainerStateMachine (ContainerStateMachine.java:loadSnapshot(231)) - group-58F3DA5FB7B7: The snapshot info is null. Setting the last applied indexto:(t:0, i:~)
2022-01-08 13:18:18,728 [pool-323-thread-1] INFO  server.RaftServerConfigKeys (ConfUtils.java:logGet(44)) - raft.server.notification.no-leader.timeout = 300s (custom)
2022-01-08 13:18:18,728 [pool-323-thread-1] INFO  server.RaftServerConfigKeys (ConfUtils.java:logGet(44)) - raft.server.log.use.memory = false (default)
2022-01-08 13:18:18,728 [pool-323-thread-1] INFO  server.RaftServerConfigKeys (ConfUtils.java:logGet(44)) - raft.server.log.purge.gap = 1000000 (custom)
2022-01-08 13:18:18,728 [pool-323-thread-1] INFO  server.RaftServerConfigKeys (ConfUtils.java:logGet(44)) - raft.server.log.appender.buffer.byte-limit = 33554432 (custom)
2022-01-08 13:18:18,729 [pool-323-thread-1] INFO  server.RaftServerConfigKeys (ConfUtils.java:logGet(44)) - raft.server.log.segment.size.max = 1048576 (custom)
2022-01-08 13:18:18,735 [pool-323-thread-1] INFO  server.RaftServerConfigKeys (ConfUtils.java:logGet(44)) - raft.server.log.segment.cache.num.max = 2 (custom)
2022-01-08 13:18:18,735 [pool-323-thread-1] INFO  server.RaftServerConfigKeys (ConfUtils.java:logGet(44)) - raft.server.log.segment.cache.size.max = 200MB (=209715200) (default)
2022-01-08 13:18:18,735 [pool-323-thread-1] INFO  segmented.SegmentedRaftLogWorker (SegmentedRaftLogWorker.java:<init>(182)) - new f4bd9712-e444-41ba-bddc-dab6ab48249e@group-58F3DA5FB7B7-SegmentedRaftLogWorker for RaftStorageImpl:Storage Directory /home/runner/work/ozone/ozone/hadoop-ozone/integration-test/target/test-dir/MiniOzoneClusterImpl-96dde82e-0bdc-4c97-ae5c-ef816938392d/datanode-1/data/ratis/d6dbbfe3-3ab8-4abf-9991-58f3da5fb7b7
2022-01-08 13:18:18,735 [pool-323-thread-1] INFO  server.RaftServerConfigKeys (ConfUtils.java:logGet(44)) - raft.server.log.queue.byte-limit = 2147483647 (custom)
2022-01-08 13:18:18,735 [pool-323-thread-1] INFO  server.RaftServerConfigKeys (ConfUtils.java:logGet(44)) - raft.server.log.queue.element-limit = 1024 (custom)
2022-01-08 13:18:18,735 [pool-323-thread-1] INFO  server.RaftServerConfigKeys (ConfUtils.java:logGet(44)) - raft.server.log.segment.size.max = 1048576 (custom)
2022-01-08 13:18:18,735 [pool-323-thread-1] INFO  server.RaftServerConfigKeys (ConfUtils.java:logGet(44)) - raft.server.log.preallocated.size = 16384 (custom)
2022-01-08 13:18:18,735 [pool-323-thread-1] INFO  server.RaftServerConfigKeys (ConfUtils.java:logGet(44)) - raft.server.log.force.sync.num = 128 (default)
2022-01-08 13:18:18,735 [pool-323-thread-1] INFO  server.RaftServerConfigKeys (ConfUtils.java:logGet(44)) - raft.server.log.statemachine.data.sync = true (default)
2022-01-08 13:18:18,736 [pool-323-thread-1] INFO  server.RaftServerConfigKeys (ConfUtils.java:logGet(44)) - raft.server.log.statemachine.data.sync.timeout = 10s (default)
2022-01-08 13:18:18,736 [pool-323-thread-1] INFO  server.RaftServerConfigKeys (ConfUtils.java:logGet(44)) - raft.server.log.statemachine.data.sync.timeout.retry = -1 (default)
2022-01-08 13:18:18,736 [pool-323-thread-1] INFO  server.RaftServerConfigKeys (ConfUtils.java:logGet(44)) - raft.server.log.write.buffer.size = 1048576 (custom)
2022-01-08 13:18:18,737 [pool-323-thread-1] INFO  server.RaftServerConfigKeys (ConfUtils.java:logGet(44)) - raft.server.log.statemachine.data.caching.enabled = true (custom)
2022-01-08 13:18:18,740 [pool-323-thread-1] INFO  segmented.SegmentedRaftLogWorker (SegmentedRaftLogWorker.java:lambda$new$0(133)) - f4bd9712-e444-41ba-bddc-dab6ab48249e@group-58F3DA5FB7B7-SegmentedRaftLogWorker: flushIndex: setUnconditionally 0 -> -1
2022-01-08 13:18:18,740 [pool-323-thread-1] INFO  segmented.SegmentedRaftLogWorker (SegmentedRaftLogWorker.java:lambda$new$0(133)) - f4bd9712-e444-41ba-bddc-dab6ab48249e@group-58F3DA5FB7B7-SegmentedRaftLogWorker: safeCacheEvictIndex: setUnconditionally 0 -> -1
2022-01-08 13:18:18,751 [pool-323-thread-1] INFO  server.RaftServerConfigKeys (ConfUtils.java:logGet(44)) - raft.server.snapshot.auto.trigger.enabled = true (custom)
2022-01-08 13:18:18,751 [pool-323-thread-1] INFO  server.RaftServerConfigKeys (ConfUtils.java:logGet(44)) - raft.server.snapshot.auto.trigger.threshold = 10000 (custom)
2022-01-08 13:18:18,751 [pool-323-thread-1] INFO  server.RaftServerConfigKeys (ConfUtils.java:logGet(44)) - raft.server.snapshot.retention.file.num = 5 (custom)
2022-01-08 13:18:18,751 [pool-323-thread-1] INFO  server.RaftServerConfigKeys (ConfUtils.java:logGet(44)) - raft.server.log.purge.upto.snapshot.index = false (default)
2022-01-08 13:18:18,751 [pool-323-thread-1] INFO  server.RaftServerConfigKeys (ConfUtils.java:logGet(44)) - raft.server.retrycache.expirytime = 600000ms (custom)
2022-01-08 13:18:18,751 [pool-323-thread-1] INFO  server.RaftServerConfigKeys (ConfUtils.java:logGet(44)) - raft.server.retrycache.statistics.expirytime = 100μs (default)
2022-01-08 13:18:18,752 [pool-323-thread-1] INFO  server.RaftServer$Division (RaftServerImpl.java:start(301)) - f4bd9712-e444-41ba-bddc-dab6ab48249e@group-58F3DA5FB7B7: start as a follower, conf=-1: [c0322a57-4f2b-423f-b02f-0677e9b7408d|rpc:127.0.0.1:43283|dataStream:|priority:1, f4bd9712-e444-41ba-bddc-dab6ab48249e|rpc:127.0.0.1:34435|dataStream:|priority:0, 737545ee-dc45-4e08-9429-983c1d4f2632|rpc:127.0.0.1:46773|dataStream:|priority:0], old=null
2022-01-08 13:18:18,752 [pool-323-thread-1] INFO  server.RaftServer$Division (RaftServerImpl.java:setRole(290)) - f4bd9712-e444-41ba-bddc-dab6ab48249e@group-58F3DA5FB7B7: changes role from      null to FOLLOWER at term 0 for startAsFollower
2022-01-08 13:18:18,752 [pool-323-thread-1] INFO  impl.RoleInfo (RoleInfo.java:updateAndGet(130)) - f4bd9712-e444-41ba-bddc-dab6ab48249e: start f4bd9712-e444-41ba-bddc-dab6ab48249e@group-58F3DA5FB7B7-FollowerState
2022-01-08 13:18:18,753 [pool-323-thread-1] INFO  util.JmxRegister (JmxRegister.java:tryRegister(44)) - Successfully registered JMX Bean with object name Ratis:service=RaftServer,group=group-58F3DA5FB7B7,id=f4bd9712-e444-41ba-bddc-dab6ab48249e
2022-01-08 13:18:18,774 [Command processor thread] INFO  commandhandler.CreatePipelineCommandHandler (CreatePipelineCommandHandler.java:handle(106)) - Created Pipeline RATIS THREE PipelineID=d6dbbfe3-3ab8-4abf-9991-58f3da5fb7b7.
2022-01-08 13:18:18,774 [Command processor thread] INFO  server.RaftServer (RaftServerProxy.java:addNew(95)) - 737545ee-dc45-4e08-9429-983c1d4f2632: addNew group-CE302EA33CC7:[c0322a57-4f2b-423f-b02f-0677e9b7408d|rpc:127.0.0.1:43283|priority:0, f4bd9712-e444-41ba-bddc-dab6ab48249e|rpc:127.0.0.1:34435|priority:1, 737545ee-dc45-4e08-9429-983c1d4f2632|rpc:127.0.0.1:46773|priority:0] returns group-CE302EA33CC7:java.util.concurrent.CompletableFuture@4d8c6273[Not completed]
2022-01-08 13:18:18,775 [pool-300-thread-1] INFO  server.RaftServer$Division (RaftServerImpl.java:<init>(184)) - 737545ee-dc45-4e08-9429-983c1d4f2632: new RaftServerImpl for group-CE302EA33CC7:[c0322a57-4f2b-423f-b02f-0677e9b7408d|rpc:127.0.0.1:43283|priority:0, f4bd9712-e444-41ba-bddc-dab6ab48249e|rpc:127.0.0.1:34435|priority:1, 737545ee-dc45-4e08-9429-983c1d4f2632|rpc:127.0.0.1:46773|priority:0] with ContainerStateMachine:uninitialized
2022-01-08 13:18:18,775 [pool-300-thread-1] INFO  server.RaftServerConfigKeys (ConfUtils.java:logGet(44)) - raft.server.rpc.timeout.min = 5s (custom)
2022-01-08 13:18:18,775 [pool-300-thread-1] INFO  server.RaftServerConfigKeys (ConfUtils.java:logGet(44)) - raft.server.rpc.timeout.max = 5200ms (custom)
2022-01-08 13:18:18,775 [pool-300-thread-1] INFO  server.RaftServerConfigKeys (ConfUtils.java:logGet(44)) - raft.server.rpc.sleep.time = 25ms (default)
2022-01-08 13:18:18,775 [pool-300-thread-1] INFO  server.RaftServerConfigKeys (ConfUtils.java:logGet(44)) - raft.server.rpc.slowness.timeout = 300s (custom)
2022-01-08 13:18:18,775 [pool-300-thread-1] INFO  server.RaftServerConfigKeys (ConfUtils.java:logGet(44)) - raft.server.leaderelection.leader.step-down.wait-time = 10s (default)
2022-01-08 13:18:18,775 [pool-300-thread-1] INFO  server.RaftServerConfigKeys (ConfUtils.java:logGet(44)) - raft.server.sleep.deviation.threshold = 300ms (default)
2022-01-08 13:18:18,775 [pool-300-thread-1] INFO  server.RaftServerConfigKeys (ConfUtils.java:logGet(44)) - raft.server.log.appender.install.snapshot.enabled = false (custom)
2022-01-08 13:18:18,775 [pool-300-thread-1] INFO  server.RaftServer$Division (ServerState.java:<init>(105)) - 737545ee-dc45-4e08-9429-983c1d4f2632@group-CE302EA33CC7: ConfigurationManager, init=-1: [c0322a57-4f2b-423f-b02f-0677e9b7408d|rpc:127.0.0.1:43283|priority:0, f4bd9712-e444-41ba-bddc-dab6ab48249e|rpc:127.0.0.1:34435|priority:1, 737545ee-dc45-4e08-9429-983c1d4f2632|rpc:127.0.0.1:46773|priority:0], old=null, confs=<EMPTY_MAP>
2022-01-08 13:18:18,775 [pool-300-thread-1] INFO  server.RaftServerConfigKeys (ConfUtils.java:logGet(44)) - raft.server.storage.dir = [/home/runner/work/ozone/ozone/hadoop-ozone/integration-test/target/test-dir/MiniOzoneClusterImpl-96dde82e-0bdc-4c97-ae5c-ef816938392d/datanode-0/data/ratis] (custom)
2022-01-08 13:18:18,776 [pool-300-thread-1] INFO  server.RaftServerConfigKeys (ConfUtils.java:logGet(44)) - raft.server.log.corruption.policy = EXCEPTION (default)
2022-01-08 13:18:18,776 [pool-300-thread-1] INFO  server.RaftServerConfigKeys (ConfUtils.java:logGet(44)) - raft.server.storage.free-space.min = 0MB (=0) (default)
2022-01-08 13:18:18,776 [pool-300-thread-1] INFO  storage.RaftStorageDirectory (RaftStorageDirectoryImpl.java:analyzeStorage(135)) - The storage directory /home/runner/work/ozone/ozone/hadoop-ozone/integration-test/target/test-dir/MiniOzoneClusterImpl-96dde82e-0bdc-4c97-ae5c-ef816938392d/datanode-0/data/ratis/f9f2e218-2216-472b-9998-ce302ea33cc7 does not exist. Creating ...
2022-01-08 13:18:18,777 [pool-300-thread-1] INFO  storage.RaftStorageDirectory (RaftStorageDirectoryImpl.java:tryLock(230)) - Lock on /home/runner/work/ozone/ozone/hadoop-ozone/integration-test/target/test-dir/MiniOzoneClusterImpl-96dde82e-0bdc-4c97-ae5c-ef816938392d/datanode-0/data/ratis/f9f2e218-2216-472b-9998-ce302ea33cc7/in_use.lock acquired by nodename 7755@fv-az195-8
2022-01-08 13:18:18,779 [pool-300-thread-1] INFO  storage.RaftStorage (RaftStorageImpl.java:format(89)) - Storage directory /home/runner/work/ozone/ozone/hadoop-ozone/integration-test/target/test-dir/MiniOzoneClusterImpl-96dde82e-0bdc-4c97-ae5c-ef816938392d/datanode-0/data/ratis/f9f2e218-2216-472b-9998-ce302ea33cc7 has been successfully formatted.
2022-01-08 13:18:18,783 [EventQueue-OpenPipelineForHealthyPipelineSafeModeRule] INFO  safemode.SCMSafeModeManager (HealthyPipelineSafeModeRule.java:process(124)) - SCM in safe mode. Healthy pipelines reported count is 0, required healthy pipeline reported count is 1
2022-01-08 13:18:18,783 [pool-300-thread-1] INFO  ratis.ContainerStateMachine (ContainerStateMachine.java:loadSnapshot(231)) - group-CE302EA33CC7: The snapshot info is null. Setting the last applied indexto:(t:0, i:~)
2022-01-08 13:18:18,784 [pool-300-thread-1] INFO  server.RaftServerConfigKeys (ConfUtils.java:logGet(44)) - raft.server.notification.no-leader.timeout = 300s (custom)
2022-01-08 13:18:18,784 [pool-300-thread-1] INFO  server.RaftServerConfigKeys (ConfUtils.java:logGet(44)) - raft.server.log.use.memory = false (default)
2022-01-08 13:18:18,784 [pool-300-thread-1] INFO  server.RaftServerConfigKeys (ConfUtils.java:logGet(44)) - raft.server.log.purge.gap = 1000000 (custom)
2022-01-08 13:18:18,784 [pool-300-thread-1] INFO  server.RaftServerConfigKeys (ConfUtils.java:logGet(44)) - raft.server.log.appender.buffer.byte-limit = 33554432 (custom)
2022-01-08 13:18:18,784 [pool-300-thread-1] INFO  server.RaftServerConfigKeys (ConfUtils.java:logGet(44)) - raft.server.log.segment.size.max = 1048576 (custom)
2022-01-08 13:18:18,785 [pool-300-thread-1] INFO  server.RaftServerConfigKeys (ConfUtils.java:logGet(44)) - raft.server.log.segment.cache.num.max = 2 (custom)
2022-01-08 13:18:18,785 [pool-300-thread-1] INFO  server.RaftServerConfigKeys (ConfUtils.java:logGet(44)) - raft.server.log.segment.cache.size.max = 200MB (=209715200) (default)
2022-01-08 13:18:18,785 [pool-300-thread-1] INFO  segmented.SegmentedRaftLogWorker (SegmentedRaftLogWorker.java:<init>(182)) - new 737545ee-dc45-4e08-9429-983c1d4f2632@group-CE302EA33CC7-SegmentedRaftLogWorker for RaftStorageImpl:Storage Directory /home/runner/work/ozone/ozone/hadoop-ozone/integration-test/target/test-dir/MiniOzoneClusterImpl-96dde82e-0bdc-4c97-ae5c-ef816938392d/datanode-0/data/ratis/f9f2e218-2216-472b-9998-ce302ea33cc7
2022-01-08 13:18:18,787 [pool-300-thread-1] INFO  server.RaftServerConfigKeys (ConfUtils.java:logGet(44)) - raft.server.log.queue.byte-limit = 2147483647 (custom)
2022-01-08 13:18:18,787 [pool-300-thread-1] INFO  server.RaftServerConfigKeys (ConfUtils.java:logGet(44)) - raft.server.log.queue.element-limit = 1024 (custom)
2022-01-08 13:18:18,787 [pool-300-thread-1] INFO  server.RaftServerConfigKeys (ConfUtils.java:logGet(44)) - raft.server.log.segment.size.max = 1048576 (custom)
2022-01-08 13:18:18,787 [pool-300-thread-1] INFO  server.RaftServerConfigKeys (ConfUtils.java:logGet(44)) - raft.server.log.preallocated.size = 16384 (custom)
2022-01-08 13:18:18,787 [pool-300-thread-1] INFO  server.RaftServerConfigKeys (ConfUtils.java:logGet(44)) - raft.server.log.force.sync.num = 128 (default)
2022-01-08 13:18:18,787 [pool-300-thread-1] INFO  server.RaftServerConfigKeys (ConfUtils.java:logGet(44)) - raft.server.log.statemachine.data.sync = true (default)
2022-01-08 13:18:18,787 [pool-300-thread-1] INFO  server.RaftServerConfigKeys (ConfUtils.java:logGet(44)) - raft.server.log.statemachine.data.sync.timeout = 10s (default)
2022-01-08 13:18:18,787 [pool-300-thread-1] INFO  server.RaftServerConfigKeys (ConfUtils.java:logGet(44)) - raft.server.log.statemachine.data.sync.timeout.retry = -1 (default)
2022-01-08 13:18:18,788 [pool-300-thread-1] INFO  server.RaftServerConfigKeys (ConfUtils.java:logGet(44)) - raft.server.log.write.buffer.size = 1048576 (custom)
2022-01-08 13:18:18,789 [pool-300-thread-1] INFO  server.RaftServerConfigKeys (ConfUtils.java:logGet(44)) - raft.server.log.statemachine.data.caching.enabled = true (custom)
2022-01-08 13:18:18,795 [pool-300-thread-1] INFO  segmented.SegmentedRaftLogWorker (SegmentedRaftLogWorker.java:lambda$new$0(133)) - 737545ee-dc45-4e08-9429-983c1d4f2632@group-CE302EA33CC7-SegmentedRaftLogWorker: flushIndex: setUnconditionally 0 -> -1
2022-01-08 13:18:18,795 [pool-300-thread-1] INFO  segmented.SegmentedRaftLogWorker (SegmentedRaftLogWorker.java:lambda$new$0(133)) - 737545ee-dc45-4e08-9429-983c1d4f2632@group-CE302EA33CC7-SegmentedRaftLogWorker: safeCacheEvictIndex: setUnconditionally 0 -> -1
2022-01-08 13:18:18,809 [pool-300-thread-1] INFO  server.RaftServerConfigKeys (ConfUtils.java:logGet(44)) - raft.server.snapshot.auto.trigger.enabled = true (custom)
2022-01-08 13:18:18,809 [pool-300-thread-1] INFO  server.RaftServerConfigKeys (ConfUtils.java:logGet(44)) - raft.server.snapshot.auto.trigger.threshold = 10000 (custom)
2022-01-08 13:18:18,809 [pool-300-thread-1] INFO  server.RaftServerConfigKeys (ConfUtils.java:logGet(44)) - raft.server.snapshot.retention.file.num = 5 (custom)
2022-01-08 13:18:18,809 [pool-300-thread-1] INFO  server.RaftServerConfigKeys (ConfUtils.java:logGet(44)) - raft.server.log.purge.upto.snapshot.index = false (default)
2022-01-08 13:18:18,809 [pool-300-thread-1] INFO  server.RaftServerConfigKeys (ConfUtils.java:logGet(44)) - raft.server.retrycache.expirytime = 600000ms (custom)
2022-01-08 13:18:18,809 [pool-300-thread-1] INFO  server.RaftServerConfigKeys (ConfUtils.java:logGet(44)) - raft.server.retrycache.statistics.expirytime = 100μs (default)
2022-01-08 13:18:18,810 [pool-300-thread-1] INFO  server.RaftServer$Division (RaftServerImpl.java:start(301)) - 737545ee-dc45-4e08-9429-983c1d4f2632@group-CE302EA33CC7: start as a follower, conf=-1: [c0322a57-4f2b-423f-b02f-0677e9b7408d|rpc:127.0.0.1:43283|priority:0, f4bd9712-e444-41ba-bddc-dab6ab48249e|rpc:127.0.0.1:34435|priority:1, 737545ee-dc45-4e08-9429-983c1d4f2632|rpc:127.0.0.1:46773|priority:0], old=null
2022-01-08 13:18:18,810 [pool-300-thread-1] INFO  server.RaftServer$Division (RaftServerImpl.java:setRole(290)) - 737545ee-dc45-4e08-9429-983c1d4f2632@group-CE302EA33CC7: changes role from      null to FOLLOWER at term 0 for startAsFollower
2022-01-08 13:18:18,810 [pool-300-thread-1] INFO  impl.RoleInfo (RoleInfo.java:updateAndGet(130)) - 737545ee-dc45-4e08-9429-983c1d4f2632: start 737545ee-dc45-4e08-9429-983c1d4f2632@group-CE302EA33CC7-FollowerState
2022-01-08 13:18:18,819 [pool-300-thread-1] INFO  util.JmxRegister (JmxRegister.java:tryRegister(44)) - Successfully registered JMX Bean with object name Ratis:service=RaftServer,group=group-CE302EA33CC7,id=737545ee-dc45-4e08-9429-983c1d4f2632
2022-01-08 13:18:18,820 [Command processor thread] INFO  ratis.XceiverServerRatis (XceiverServerRatis.java:addGroup(768)) - Created group PipelineID=f9f2e218-2216-472b-9998-ce302ea33cc7
2022-01-08 13:18:18,831 [grpc-default-executor-2] INFO  server.RaftServer (RaftServerProxy.java:addNew(95)) - f4bd9712-e444-41ba-bddc-dab6ab48249e: addNew group-CE302EA33CC7:[c0322a57-4f2b-423f-b02f-0677e9b7408d|rpc:127.0.0.1:43283|dataStream:|priority:0, f4bd9712-e444-41ba-bddc-dab6ab48249e|rpc:127.0.0.1:34435|dataStream:|priority:1, 737545ee-dc45-4e08-9429-983c1d4f2632|rpc:127.0.0.1:46773|dataStream:|priority:0] returns group-CE302EA33CC7:java.util.concurrent.CompletableFuture@252cd088[Not completed]
2022-01-08 13:18:18,832 [pool-323-thread-1] INFO  server.RaftServer$Division (RaftServerImpl.java:<init>(184)) - f4bd9712-e444-41ba-bddc-dab6ab48249e: new RaftServerImpl for group-CE302EA33CC7:[c0322a57-4f2b-423f-b02f-0677e9b7408d|rpc:127.0.0.1:43283|dataStream:|priority:0, f4bd9712-e444-41ba-bddc-dab6ab48249e|rpc:127.0.0.1:34435|dataStream:|priority:1, 737545ee-dc45-4e08-9429-983c1d4f2632|rpc:127.0.0.1:46773|dataStream:|priority:0] with ContainerStateMachine:uninitialized
2022-01-08 13:18:18,832 [pool-323-thread-1] INFO  server.RaftServerConfigKeys (ConfUtils.java:logGet(44)) - raft.server.rpc.timeout.min = 5s (custom)
2022-01-08 13:18:18,832 [pool-323-thread-1] INFO  server.RaftServerConfigKeys (ConfUtils.java:logGet(44)) - raft.server.rpc.timeout.max = 5200ms (custom)
2022-01-08 13:18:18,832 [pool-323-thread-1] INFO  server.RaftServerConfigKeys (ConfUtils.java:logGet(44)) - raft.server.rpc.sleep.time = 25ms (default)
2022-01-08 13:18:18,832 [pool-323-thread-1] INFO  server.RaftServerConfigKeys (ConfUtils.java:logGet(44)) - raft.server.rpc.slowness.timeout = 300s (custom)
2022-01-08 13:18:18,832 [pool-323-thread-1] INFO  server.RaftServerConfigKeys (ConfUtils.java:logGet(44)) - raft.server.leaderelection.leader.step-down.wait-time = 10s (default)
2022-01-08 13:18:18,832 [pool-323-thread-1] INFO  server.RaftServerConfigKeys (ConfUtils.java:logGet(44)) - raft.server.sleep.deviation.threshold = 300ms (default)
2022-01-08 13:18:18,832 [pool-323-thread-1] INFO  server.RaftServerConfigKeys (ConfUtils.java:logGet(44)) - raft.server.log.appender.install.snapshot.enabled = false (custom)
2022-01-08 13:18:18,832 [pool-323-thread-1] INFO  server.RaftServer$Division (ServerState.java:<init>(105)) - f4bd9712-e444-41ba-bddc-dab6ab48249e@group-CE302EA33CC7: ConfigurationManager, init=-1: [c0322a57-4f2b-423f-b02f-0677e9b7408d|rpc:127.0.0.1:43283|dataStream:|priority:0, f4bd9712-e444-41ba-bddc-dab6ab48249e|rpc:127.0.0.1:34435|dataStream:|priority:1, 737545ee-dc45-4e08-9429-983c1d4f2632|rpc:127.0.0.1:46773|dataStream:|priority:0], old=null, confs=<EMPTY_MAP>
2022-01-08 13:18:18,832 [pool-323-thread-1] INFO  server.RaftServerConfigKeys (ConfUtils.java:logGet(44)) - raft.server.storage.dir = [/home/runner/work/ozone/ozone/hadoop-ozone/integration-test/target/test-dir/MiniOzoneClusterImpl-96dde82e-0bdc-4c97-ae5c-ef816938392d/datanode-1/data/ratis] (custom)
2022-01-08 13:18:18,833 [pool-323-thread-1] INFO  server.RaftServerConfigKeys (ConfUtils.java:logGet(44)) - raft.server.log.corruption.policy = EXCEPTION (default)
2022-01-08 13:18:18,833 [pool-323-thread-1] INFO  server.RaftServerConfigKeys (ConfUtils.java:logGet(44)) - raft.server.storage.free-space.min = 0MB (=0) (default)
2022-01-08 13:18:18,833 [pool-323-thread-1] INFO  storage.RaftStorageDirectory (RaftStorageDirectoryImpl.java:analyzeStorage(135)) - The storage directory /home/runner/work/ozone/ozone/hadoop-ozone/integration-test/target/test-dir/MiniOzoneClusterImpl-96dde82e-0bdc-4c97-ae5c-ef816938392d/datanode-1/data/ratis/f9f2e218-2216-472b-9998-ce302ea33cc7 does not exist. Creating ...
2022-01-08 13:18:18,834 [pool-323-thread-1] INFO  storage.RaftStorageDirectory (RaftStorageDirectoryImpl.java:tryLock(230)) - Lock on /home/runner/work/ozone/ozone/hadoop-ozone/integration-test/target/test-dir/MiniOzoneClusterImpl-96dde82e-0bdc-4c97-ae5c-ef816938392d/datanode-1/data/ratis/f9f2e218-2216-472b-9998-ce302ea33cc7/in_use.lock acquired by nodename 7755@fv-az195-8
2022-01-08 13:18:18,835 [pool-323-thread-1] INFO  storage.RaftStorage (RaftStorageImpl.java:format(89)) - Storage directory /home/runner/work/ozone/ozone/hadoop-ozone/integration-test/target/test-dir/MiniOzoneClusterImpl-96dde82e-0bdc-4c97-ae5c-ef816938392d/datanode-1/data/ratis/f9f2e218-2216-472b-9998-ce302ea33cc7 has been successfully formatted.
2022-01-08 13:18:18,835 [pool-323-thread-1] INFO  ratis.ContainerStateMachine (ContainerStateMachine.java:loadSnapshot(231)) - group-CE302EA33CC7: The snapshot info is null. Setting the last applied indexto:(t:0, i:~)
2022-01-08 13:18:18,838 [pool-323-thread-1] INFO  server.RaftServerConfigKeys (ConfUtils.java:logGet(44)) - raft.server.notification.no-leader.timeout = 300s (custom)
2022-01-08 13:18:18,838 [pool-323-thread-1] INFO  server.RaftServerConfigKeys (ConfUtils.java:logGet(44)) - raft.server.log.use.memory = false (default)
2022-01-08 13:18:18,838 [pool-323-thread-1] INFO  server.RaftServerConfigKeys (ConfUtils.java:logGet(44)) - raft.server.log.purge.gap = 1000000 (custom)
2022-01-08 13:18:18,838 [pool-323-thread-1] INFO  server.RaftServerConfigKeys (ConfUtils.java:logGet(44)) - raft.server.log.appender.buffer.byte-limit = 33554432 (custom)
2022-01-08 13:18:18,838 [pool-323-thread-1] INFO  server.RaftServerConfigKeys (ConfUtils.java:logGet(44)) - raft.server.log.segment.size.max = 1048576 (custom)
2022-01-08 13:18:18,840 [pool-323-thread-1] INFO  server.RaftServerConfigKeys (ConfUtils.java:logGet(44)) - raft.server.log.segment.cache.num.max = 2 (custom)
2022-01-08 13:18:18,841 [pool-323-thread-1] INFO  server.RaftServerConfigKeys (ConfUtils.java:logGet(44)) - raft.server.log.segment.cache.size.max = 200MB (=209715200) (default)
2022-01-08 13:18:18,841 [pool-323-thread-1] INFO  segmented.SegmentedRaftLogWorker (SegmentedRaftLogWorker.java:<init>(182)) - new f4bd9712-e444-41ba-bddc-dab6ab48249e@group-CE302EA33CC7-SegmentedRaftLogWorker for RaftStorageImpl:Storage Directory /home/runner/work/ozone/ozone/hadoop-ozone/integration-test/target/test-dir/MiniOzoneClusterImpl-96dde82e-0bdc-4c97-ae5c-ef816938392d/datanode-1/data/ratis/f9f2e218-2216-472b-9998-ce302ea33cc7
2022-01-08 13:18:18,841 [pool-323-thread-1] INFO  server.RaftServerConfigKeys (ConfUtils.java:logGet(44)) - raft.server.log.queue.byte-limit = 2147483647 (custom)
2022-01-08 13:18:18,841 [pool-323-thread-1] INFO  server.RaftServerConfigKeys (ConfUtils.java:logGet(44)) - raft.server.log.queue.element-limit = 1024 (custom)
2022-01-08 13:18:18,841 [pool-323-thread-1] INFO  server.RaftServerConfigKeys (ConfUtils.java:logGet(44)) - raft.server.log.segment.size.max = 1048576 (custom)
2022-01-08 13:18:18,841 [pool-323-thread-1] INFO  server.RaftServerConfigKeys (ConfUtils.java:logGet(44)) - raft.server.log.preallocated.size = 16384 (custom)
2022-01-08 13:18:18,841 [pool-323-thread-1] INFO  server.RaftServerConfigKeys (ConfUtils.java:logGet(44)) - raft.server.log.force.sync.num = 128 (default)
2022-01-08 13:18:18,841 [pool-323-thread-1] INFO  server.RaftServerConfigKeys (ConfUtils.java:logGet(44)) - raft.server.log.statemachine.data.sync = true (default)
2022-01-08 13:18:18,841 [pool-323-thread-1] INFO  server.RaftServerConfigKeys (ConfUtils.java:logGet(44)) - raft.server.log.statemachine.data.sync.timeout = 10s (default)
2022-01-08 13:18:18,841 [pool-323-thread-1] INFO  server.RaftServerConfigKeys (ConfUtils.java:logGet(44)) - raft.server.log.statemachine.data.sync.timeout.retry = -1 (default)
2022-01-08 13:18:18,842 [pool-323-thread-1] INFO  server.RaftServerConfigKeys (ConfUtils.java:logGet(44)) - raft.server.log.write.buffer.size = 1048576 (custom)
2022-01-08 13:18:18,843 [pool-323-thread-1] INFO  server.RaftServerConfigKeys (ConfUtils.java:logGet(44)) - raft.server.log.statemachine.data.caching.enabled = true (custom)
2022-01-08 13:18:18,843 [pool-323-thread-1] INFO  segmented.SegmentedRaftLogWorker (SegmentedRaftLogWorker.java:lambda$new$0(133)) - f4bd9712-e444-41ba-bddc-dab6ab48249e@group-CE302EA33CC7-SegmentedRaftLogWorker: flushIndex: setUnconditionally 0 -> -1
2022-01-08 13:18:18,843 [pool-323-thread-1] INFO  segmented.SegmentedRaftLogWorker (SegmentedRaftLogWorker.java:lambda$new$0(133)) - f4bd9712-e444-41ba-bddc-dab6ab48249e@group-CE302EA33CC7-SegmentedRaftLogWorker: safeCacheEvictIndex: setUnconditionally 0 -> -1
2022-01-08 13:18:18,849 [Command processor thread] INFO  server.RaftServer (RaftServerProxy.java:addNew(95)) - f4bd9712-e444-41ba-bddc-dab6ab48249e: addNew group-113664083AB3:[f4bd9712-e444-41ba-bddc-dab6ab48249e|rpc:127.0.0.1:34435|priority:1] returns group-113664083AB3:java.util.concurrent.CompletableFuture@37bbd70[Not completed]
2022-01-08 13:18:18,853 [pool-323-thread-1] INFO  server.RaftServerConfigKeys (ConfUtils.java:logGet(44)) - raft.server.snapshot.auto.trigger.enabled = true (custom)
2022-01-08 13:18:18,853 [pool-323-thread-1] INFO  server.RaftServerConfigKeys (ConfUtils.java:logGet(44)) - raft.server.snapshot.auto.trigger.threshold = 10000 (custom)
2022-01-08 13:18:18,853 [pool-323-thread-1] INFO  server.RaftServerConfigKeys (ConfUtils.java:logGet(44)) - raft.server.snapshot.retention.file.num = 5 (custom)
2022-01-08 13:18:18,853 [pool-323-thread-1] INFO  server.RaftServerConfigKeys (ConfUtils.java:logGet(44)) - raft.server.log.purge.upto.snapshot.index = false (default)
2022-01-08 13:18:18,853 [pool-323-thread-1] INFO  server.RaftServerConfigKeys (ConfUtils.java:logGet(44)) - raft.server.retrycache.expirytime = 600000ms (custom)
2022-01-08 13:18:18,853 [pool-323-thread-1] INFO  server.RaftServerConfigKeys (ConfUtils.java:logGet(44)) - raft.server.retrycache.statistics.expirytime = 100μs (default)
2022-01-08 13:18:18,855 [pool-323-thread-1] INFO  server.RaftServer$Division (RaftServerImpl.java:<init>(184)) - f4bd9712-e444-41ba-bddc-dab6ab48249e: new RaftServerImpl for group-113664083AB3:[f4bd9712-e444-41ba-bddc-dab6ab48249e|rpc:127.0.0.1:34435|priority:1] with ContainerStateMachine:uninitialized
2022-01-08 13:18:18,855 [pool-323-thread-1] INFO  server.RaftServerConfigKeys (ConfUtils.java:logGet(44)) - raft.server.rpc.timeout.min = 5s (custom)
2022-01-08 13:18:18,855 [pool-323-thread-1] INFO  server.RaftServerConfigKeys (ConfUtils.java:logGet(44)) - raft.server.rpc.timeout.max = 5200ms (custom)
2022-01-08 13:18:18,855 [pool-323-thread-1] INFO  server.RaftServerConfigKeys (ConfUtils.java:logGet(44)) - raft.server.rpc.sleep.time = 25ms (default)
2022-01-08 13:18:18,855 [pool-323-thread-1] INFO  server.RaftServerConfigKeys (ConfUtils.java:logGet(44)) - raft.server.rpc.slowness.timeout = 300s (custom)
2022-01-08 13:18:18,855 [pool-323-thread-1] INFO  server.RaftServerConfigKeys (ConfUtils.java:logGet(44)) - raft.server.leaderelection.leader.step-down.wait-time = 10s (default)
2022-01-08 13:18:18,855 [pool-323-thread-1] INFO  server.RaftServerConfigKeys (ConfUtils.java:logGet(44)) - raft.server.sleep.deviation.threshold = 300ms (default)
2022-01-08 13:18:18,855 [pool-323-thread-1] INFO  server.RaftServerConfigKeys (ConfUtils.java:logGet(44)) - raft.server.log.appender.install.snapshot.enabled = false (custom)
2022-01-08 13:18:18,855 [pool-323-thread-1] INFO  server.RaftServer$Division (ServerState.java:<init>(105)) - f4bd9712-e444-41ba-bddc-dab6ab48249e@group-113664083AB3: ConfigurationManager, init=-1: [f4bd9712-e444-41ba-bddc-dab6ab48249e|rpc:127.0.0.1:34435|priority:1], old=null, confs=<EMPTY_MAP>
2022-01-08 13:18:18,855 [pool-323-thread-1] INFO  server.RaftServerConfigKeys (ConfUtils.java:logGet(44)) - raft.server.storage.dir = [/home/runner/work/ozone/ozone/hadoop-ozone/integration-test/target/test-dir/MiniOzoneClusterImpl-96dde82e-0bdc-4c97-ae5c-ef816938392d/datanode-1/data/ratis] (custom)
2022-01-08 13:18:18,855 [pool-323-thread-1] INFO  server.RaftServerConfigKeys (ConfUtils.java:logGet(44)) - raft.server.log.corruption.policy = EXCEPTION (default)
2022-01-08 13:18:18,855 [pool-323-thread-1] INFO  server.RaftServerConfigKeys (ConfUtils.java:logGet(44)) - raft.server.storage.free-space.min = 0MB (=0) (default)
2022-01-08 13:18:18,856 [pool-323-thread-1] INFO  storage.RaftStorageDirectory (RaftStorageDirectoryImpl.java:analyzeStorage(135)) - The storage directory /home/runner/work/ozone/ozone/hadoop-ozone/integration-test/target/test-dir/MiniOzoneClusterImpl-96dde82e-0bdc-4c97-ae5c-ef816938392d/datanode-1/data/ratis/7ab29acc-ae1a-46cd-9dd9-113664083ab3 does not exist. Creating ...
2022-01-08 13:18:18,856 [pool-323-thread-1] INFO  storage.RaftStorageDirectory (RaftStorageDirectoryImpl.java:tryLock(230)) - Lock on /home/runner/work/ozone/ozone/hadoop-ozone/integration-test/target/test-dir/MiniOzoneClusterImpl-96dde82e-0bdc-4c97-ae5c-ef816938392d/datanode-1/data/ratis/7ab29acc-ae1a-46cd-9dd9-113664083ab3/in_use.lock acquired by nodename 7755@fv-az195-8
2022-01-08 13:18:18,858 [pool-323-thread-1] INFO  storage.RaftStorage (RaftStorageImpl.java:format(89)) - Storage directory /home/runner/work/ozone/ozone/hadoop-ozone/integration-test/target/test-dir/MiniOzoneClusterImpl-96dde82e-0bdc-4c97-ae5c-ef816938392d/datanode-1/data/ratis/7ab29acc-ae1a-46cd-9dd9-113664083ab3 has been successfully formatted.
2022-01-08 13:18:18,859 [pool-323-thread-1] INFO  ratis.ContainerStateMachine (ContainerStateMachine.java:loadSnapshot(231)) - group-113664083AB3: The snapshot info is null. Setting the last applied indexto:(t:0, i:~)
2022-01-08 13:18:18,861 [pool-323-thread-1] INFO  server.RaftServerConfigKeys (ConfUtils.java:logGet(44)) - raft.server.notification.no-leader.timeout = 300s (custom)
2022-01-08 13:18:18,861 [pool-323-thread-1] INFO  server.RaftServerConfigKeys (ConfUtils.java:logGet(44)) - raft.server.log.use.memory = false (default)
2022-01-08 13:18:18,861 [pool-323-thread-1] INFO  server.RaftServerConfigKeys (ConfUtils.java:logGet(44)) - raft.server.log.purge.gap = 1000000 (custom)
2022-01-08 13:18:18,861 [pool-323-thread-1] INFO  server.RaftServerConfigKeys (ConfUtils.java:logGet(44)) - raft.server.log.appender.buffer.byte-limit = 33554432 (custom)
2022-01-08 13:18:18,861 [pool-323-thread-1] INFO  server.RaftServerConfigKeys (ConfUtils.java:logGet(44)) - raft.server.log.segment.size.max = 1048576 (custom)
2022-01-08 13:18:18,861 [pool-323-thread-1] INFO  server.RaftServerConfigKeys (ConfUtils.java:logGet(44)) - raft.server.log.segment.cache.num.max = 2 (custom)
2022-01-08 13:18:18,861 [pool-323-thread-1] INFO  server.RaftServerConfigKeys (ConfUtils.java:logGet(44)) - raft.server.log.segment.cache.size.max = 200MB (=209715200) (default)
2022-01-08 13:18:18,861 [pool-323-thread-1] INFO  segmented.SegmentedRaftLogWorker (SegmentedRaftLogWorker.java:<init>(182)) - new f4bd9712-e444-41ba-bddc-dab6ab48249e@group-113664083AB3-SegmentedRaftLogWorker for RaftStorageImpl:Storage Directory /home/runner/work/ozone/ozone/hadoop-ozone/integration-test/target/test-dir/MiniOzoneClusterImpl-96dde82e-0bdc-4c97-ae5c-ef816938392d/datanode-1/data/ratis/7ab29acc-ae1a-46cd-9dd9-113664083ab3
2022-01-08 13:18:18,862 [pool-323-thread-1] INFO  server.RaftServerConfigKeys (ConfUtils.java:logGet(44)) - raft.server.log.queue.byte-limit = 2147483647 (custom)
2022-01-08 13:18:18,862 [pool-323-thread-1] INFO  server.RaftServerConfigKeys (ConfUtils.java:logGet(44)) - raft.server.log.queue.element-limit = 1024 (custom)
2022-01-08 13:18:18,862 [pool-323-thread-1] INFO  server.RaftServerConfigKeys (ConfUtils.java:logGet(44)) - raft.server.log.segment.size.max = 1048576 (custom)
2022-01-08 13:18:18,862 [pool-323-thread-1] INFO  server.RaftServerConfigKeys (ConfUtils.java:logGet(44)) - raft.server.log.preallocated.size = 16384 (custom)
2022-01-08 13:18:18,862 [pool-323-thread-1] INFO  server.RaftServerConfigKeys (ConfUtils.java:logGet(44)) - raft.server.log.force.sync.num = 128 (default)
2022-01-08 13:18:18,862 [pool-323-thread-1] INFO  server.RaftServerConfigKeys (ConfUtils.java:logGet(44)) - raft.server.log.statemachine.data.sync = true (default)
2022-01-08 13:18:18,862 [pool-323-thread-1] INFO  server.RaftServerConfigKeys (ConfUtils.java:logGet(44)) - raft.server.log.statemachine.data.sync.timeout = 10s (default)
2022-01-08 13:18:18,862 [EventQueue-PipelineReportForPipelineReportHandler] INFO  pipeline.PipelineManagerImpl (PipelineManagerImpl.java:openPipeline(291)) - Pipeline Pipeline[ Id: 7ab29acc-ae1a-46cd-9dd9-113664083ab3, Nodes: f4bd9712-e444-41ba-bddc-dab6ab48249e{ip: 127.0.0.1, host: localhost, ports: [REPLICATION=44221, RATIS=34435, RATIS_ADMIN=34435, RATIS_SERVER=34435, STANDALONE=35259], networkLocation: /default-rack, certSerialId: null, persistedOpState: IN_SERVICE, persistedOpStateExpiryEpochSec: 0}, ReplicationConfig: RATIS/ONE, State:ALLOCATED, leaderId:f4bd9712-e444-41ba-bddc-dab6ab48249e, CreationTimestamp2022-01-08T13:18:15.856Z[Etc/UTC]] moved to OPEN state
2022-01-08 13:18:18,862 [pool-323-thread-1] INFO  server.RaftServerConfigKeys (ConfUtils.java:logGet(44)) - raft.server.log.statemachine.data.sync.timeout.retry = -1 (default)
2022-01-08 13:18:18,863 [pool-323-thread-1] INFO  server.RaftServerConfigKeys (ConfUtils.java:logGet(44)) - raft.server.log.write.buffer.size = 1048576 (custom)
2022-01-08 13:18:18,863 [pool-323-thread-1] INFO  server.RaftServerConfigKeys (ConfUtils.java:logGet(44)) - raft.server.log.statemachine.data.caching.enabled = true (custom)
2022-01-08 13:18:18,864 [EventQueue-PipelineReportForPipelineReportHandler] INFO  pipeline.PipelineManagerImpl (PipelineManagerImpl.java:openPipeline(291)) - Pipeline Pipeline[ Id: 7ab29acc-ae1a-46cd-9dd9-113664083ab3, Nodes: f4bd9712-e444-41ba-bddc-dab6ab48249e{ip: 127.0.0.1, host: localhost, ports: [REPLICATION=44221, RATIS=34435, RATIS_ADMIN=34435, RATIS_SERVER=34435, STANDALONE=35259], networkLocation: /default-rack, certSerialId: null, persistedOpState: IN_SERVICE, persistedOpStateExpiryEpochSec: 0}, ReplicationConfig: RATIS/ONE, State:ALLOCATED, leaderId:f4bd9712-e444-41ba-bddc-dab6ab48249e, CreationTimestamp2022-01-08T13:18:15.856Z[Etc/UTC]] moved to OPEN state
2022-01-08 13:18:18,866 [EventQueue-PipelineReportForPipelineReportHandler] INFO  ha.SCMHAInvocationHandler (SCMHAInvocationHandler.java:invokeRatis(113)) - Invoking method public abstract void org.apache.hadoop.hdds.scm.pipeline.PipelineStateManager.updatePipelineState(org.apache.hadoop.hdds.protocol.proto.HddsProtos$PipelineID,org.apache.hadoop.hdds.protocol.proto.HddsProtos$PipelineState) throws java.io.IOException on target org.apache.hadoop.hdds.scm.ha.SCMRatisServerImpl@739fb24d, cost 217.504us
2022-01-08 13:18:18,866 [pool-323-thread-1] INFO  segmented.SegmentedRaftLogWorker (SegmentedRaftLogWorker.java:lambda$new$0(133)) - f4bd9712-e444-41ba-bddc-dab6ab48249e@group-113664083AB3-SegmentedRaftLogWorker: flushIndex: setUnconditionally 0 -> -1
2022-01-08 13:18:18,866 [pool-323-thread-1] INFO  segmented.SegmentedRaftLogWorker (SegmentedRaftLogWorker.java:lambda$new$0(133)) - f4bd9712-e444-41ba-bddc-dab6ab48249e@group-113664083AB3-SegmentedRaftLogWorker: safeCacheEvictIndex: setUnconditionally 0 -> -1
2022-01-08 13:18:18,883 [pool-323-thread-1] INFO  server.RaftServerConfigKeys (ConfUtils.java:logGet(44)) - raft.server.snapshot.auto.trigger.enabled = true (custom)
2022-01-08 13:18:18,883 [pool-323-thread-1] INFO  server.RaftServerConfigKeys (ConfUtils.java:logGet(44)) - raft.server.snapshot.auto.trigger.threshold = 10000 (custom)
2022-01-08 13:18:18,883 [pool-323-thread-1] INFO  server.RaftServerConfigKeys (ConfUtils.java:logGet(44)) - raft.server.snapshot.retention.file.num = 5 (custom)
2022-01-08 13:18:18,883 [pool-323-thread-1] INFO  server.RaftServerConfigKeys (ConfUtils.java:logGet(44)) - raft.server.log.purge.upto.snapshot.index = false (default)
2022-01-08 13:18:18,883 [pool-323-thread-1] INFO  server.RaftServerConfigKeys (ConfUtils.java:logGet(44)) - raft.server.retrycache.expirytime = 600000ms (custom)
2022-01-08 13:18:18,883 [pool-323-thread-1] INFO  server.RaftServerConfigKeys (ConfUtils.java:logGet(44)) - raft.server.retrycache.statistics.expirytime = 100μs (default)
2022-01-08 13:18:18,884 [pool-323-thread-1] INFO  server.RaftServer$Division (RaftServerImpl.java:start(301)) - f4bd9712-e444-41ba-bddc-dab6ab48249e@group-CE302EA33CC7: start as a follower, conf=-1: [c0322a57-4f2b-423f-b02f-0677e9b7408d|rpc:127.0.0.1:43283|dataStream:|priority:0, f4bd9712-e444-41ba-bddc-dab6ab48249e|rpc:127.0.0.1:34435|dataStream:|priority:1, 737545ee-dc45-4e08-9429-983c1d4f2632|rpc:127.0.0.1:46773|dataStream:|priority:0], old=null
2022-01-08 13:18:18,884 [pool-323-thread-1] INFO  server.RaftServer$Division (RaftServerImpl.java:setRole(290)) - f4bd9712-e444-41ba-bddc-dab6ab48249e@group-CE302EA33CC7: changes role from      null to FOLLOWER at term 0 for startAsFollower
2022-01-08 13:18:18,884 [pool-323-thread-1] INFO  impl.RoleInfo (RoleInfo.java:updateAndGet(130)) - f4bd9712-e444-41ba-bddc-dab6ab48249e: start f4bd9712-e444-41ba-bddc-dab6ab48249e@group-CE302EA33CC7-FollowerState
2022-01-08 13:18:18,891 [pool-323-thread-1] INFO  util.JmxRegister (JmxRegister.java:tryRegister(44)) - Successfully registered JMX Bean with object name Ratis:service=RaftServer,group=group-CE302EA33CC7,id=f4bd9712-e444-41ba-bddc-dab6ab48249e
2022-01-08 13:18:18,892 [40a4bb05-3d2f-4358-aa13-75cfde41e6e0@group-EF816938392D-StateMachineUpdater] INFO  ha.SCMStateMachine (SCMStateMachine.java:takeSnapshot(297)) - Current Snapshot Index 18, takeSnapshot took 1 ms
2022-01-08 13:18:18,892 [40a4bb05-3d2f-4358-aa13-75cfde41e6e0@group-EF816938392D-StateMachineUpdater] INFO  impl.StateMachineUpdater (StateMachineUpdater.java:takeSnapshot(281)) - 40a4bb05-3d2f-4358-aa13-75cfde41e6e0@group-EF816938392D-StateMachineUpdater: Took a snapshot at index 18
2022-01-08 13:18:18,892 [40a4bb05-3d2f-4358-aa13-75cfde41e6e0@group-EF816938392D-StateMachineUpdater] INFO  impl.StateMachineUpdater (StateMachineUpdater.java:lambda$new$0(89)) - 40a4bb05-3d2f-4358-aa13-75cfde41e6e0@group-EF816938392D-StateMachineUpdater: snapshotIndex: updateIncreasingly 13 -> 18
2022-01-08 13:18:18,892 [40a4bb05-3d2f-4358-aa13-75cfde41e6e0@group-EF816938392D-StateMachineUpdater] INFO  raftlog.RaftLog (RaftLogBase.java:purge(306)) - 40a4bb05-3d2f-4358-aa13-75cfde41e6e0@group-EF816938392D-SegmentedRaftLog: purge 18
2022-01-08 13:18:18,892 [40a4bb05-3d2f-4358-aa13-75cfde41e6e0@group-EF816938392D-StateMachineUpdater] INFO  raftlog.RaftLog (RaftLogBase.java:lambda$new$0(53)) - 40a4bb05-3d2f-4358-aa13-75cfde41e6e0@group-EF816938392D-SegmentedRaftLog: snapshotIndex: updateIncreasingly 13 -> 18
2022-01-08 13:18:18,892 [40a4bb05-3d2f-4358-aa13-75cfde41e6e0@group-EF816938392D-StateMachineUpdater] INFO  raftlog.RaftLog (RaftLogBase.java:lambda$new$0(53)) - 40a4bb05-3d2f-4358-aa13-75cfde41e6e0@group-EF816938392D-SegmentedRaftLog: purgeIndex: updateToMax old=13, new=18, updated? true
2022-01-08 13:18:18,895 [222ceec3-fd71-41f2-aa08-53f50be8376f@group-EF816938392D-StateMachineUpdater] INFO  safemode.HealthyPipelineSafeModeRule (HealthyPipelineSafeModeRule.java:initializeRule(152)) - Refreshed total pipeline count is 0, healthy pipeline threshold count is 1
2022-01-08 13:18:18,895 [EventQueue-PipelineReportForPipelineReportHandler] INFO  ha.SCMHAInvocationHandler (SCMHAInvocationHandler.java:invokeRatis(113)) - Invoking method public abstract void org.apache.hadoop.hdds.scm.pipeline.PipelineStateManager.updatePipelineState(org.apache.hadoop.hdds.protocol.proto.HddsProtos$PipelineID,org.apache.hadoop.hdds.protocol.proto.HddsProtos$PipelineState) throws java.io.IOException on target org.apache.hadoop.hdds.scm.ha.SCMRatisServerImpl@4c7e36e2, cost 33238.262us
2022-01-08 13:18:18,895 [EventQueue-OpenPipelineForHealthyPipelineSafeModeRule] INFO  safemode.SCMSafeModeManager (HealthyPipelineSafeModeRule.java:process(124)) - SCM in safe mode. Healthy pipelines reported count is 0, required healthy pipeline reported count is 1
2022-01-08 13:18:18,914 [pool-323-thread-1] INFO  server.RaftServer$Division (RaftServerImpl.java:start(301)) - f4bd9712-e444-41ba-bddc-dab6ab48249e@group-113664083AB3: start as a follower, conf=-1: [f4bd9712-e444-41ba-bddc-dab6ab48249e|rpc:127.0.0.1:34435|priority:1], old=null
2022-01-08 13:18:18,915 [pool-323-thread-1] INFO  server.RaftServer$Division (RaftServerImpl.java:setRole(290)) - f4bd9712-e444-41ba-bddc-dab6ab48249e@group-113664083AB3: changes role from      null to FOLLOWER at term 0 for startAsFollower
2022-01-08 13:18:18,915 [pool-323-thread-1] INFO  impl.RoleInfo (RoleInfo.java:updateAndGet(130)) - f4bd9712-e444-41ba-bddc-dab6ab48249e: start f4bd9712-e444-41ba-bddc-dab6ab48249e@group-113664083AB3-FollowerState
2022-01-08 13:18:18,919 [pool-323-thread-1] INFO  util.JmxRegister (JmxRegister.java:tryRegister(44)) - Successfully registered JMX Bean with object name Ratis:service=RaftServer,group=group-113664083AB3,id=f4bd9712-e444-41ba-bddc-dab6ab48249e
2022-01-08 13:18:18,928 [40a4bb05-3d2f-4358-aa13-75cfde41e6e0@group-EF816938392D-StateMachineUpdater] INFO  safemode.HealthyPipelineSafeModeRule (HealthyPipelineSafeModeRule.java:initializeRule(152)) - Refreshed total pipeline count is 0, healthy pipeline threshold count is 1
2022-01-08 13:18:18,939 [Command processor thread] INFO  ratis.XceiverServerRatis (XceiverServerRatis.java:addGroup(768)) - Created group PipelineID=7ab29acc-ae1a-46cd-9dd9-113664083ab3
2022-01-08 13:18:18,939 [Command processor thread] INFO  commandhandler.CreatePipelineCommandHandler (CreatePipelineCommandHandler.java:handle(106)) - Created Pipeline RATIS ONE PipelineID=7ab29acc-ae1a-46cd-9dd9-113664083ab3.
2022-01-08 13:18:18,952 [222ceec3-fd71-41f2-aa08-53f50be8376f@group-EF816938392D-StateMachineUpdater] INFO  ha.SCMStateMachine (SCMStateMachine.java:takeSnapshot(297)) - Current Snapshot Index 20, takeSnapshot took 1 ms
2022-01-08 13:18:18,952 [222ceec3-fd71-41f2-aa08-53f50be8376f@group-EF816938392D-StateMachineUpdater] INFO  impl.StateMachineUpdater (StateMachineUpdater.java:takeSnapshot(281)) - 222ceec3-fd71-41f2-aa08-53f50be8376f@group-EF816938392D-StateMachineUpdater: Took a snapshot at index 20
2022-01-08 13:18:18,952 [222ceec3-fd71-41f2-aa08-53f50be8376f@group-EF816938392D-StateMachineUpdater] INFO  impl.StateMachineUpdater (StateMachineUpdater.java:lambda$new$0(89)) - 222ceec3-fd71-41f2-aa08-53f50be8376f@group-EF816938392D-StateMachineUpdater: snapshotIndex: updateIncreasingly 15 -> 20
2022-01-08 13:18:18,952 [222ceec3-fd71-41f2-aa08-53f50be8376f@group-EF816938392D-StateMachineUpdater] INFO  raftlog.RaftLog (RaftLogBase.java:purge(306)) - 222ceec3-fd71-41f2-aa08-53f50be8376f@group-EF816938392D-SegmentedRaftLog: purge 20
2022-01-08 13:18:18,952 [222ceec3-fd71-41f2-aa08-53f50be8376f@group-EF816938392D-StateMachineUpdater] INFO  raftlog.RaftLog (RaftLogBase.java:lambda$new$0(53)) - 222ceec3-fd71-41f2-aa08-53f50be8376f@group-EF816938392D-SegmentedRaftLog: snapshotIndex: updateIncreasingly 15 -> 20
2022-01-08 13:18:18,952 [222ceec3-fd71-41f2-aa08-53f50be8376f@group-EF816938392D-StateMachineUpdater] INFO  raftlog.RaftLog (RaftLogBase.java:lambda$new$0(53)) - 222ceec3-fd71-41f2-aa08-53f50be8376f@group-EF816938392D-SegmentedRaftLog: purgeIndex: updateToMax old=15, new=20, updated? true
2022-01-08 13:18:18,969 [grpc-default-executor-2] INFO  server.RaftServer (RaftServerProxy.java:addNew(95)) - c0322a57-4f2b-423f-b02f-0677e9b7408d: addNew group-CE302EA33CC7:[c0322a57-4f2b-423f-b02f-0677e9b7408d|rpc:127.0.0.1:43283|dataStream:|priority:0, f4bd9712-e444-41ba-bddc-dab6ab48249e|rpc:127.0.0.1:34435|dataStream:|priority:1, 737545ee-dc45-4e08-9429-983c1d4f2632|rpc:127.0.0.1:46773|dataStream:|priority:0] returns group-CE302EA33CC7:java.util.concurrent.CompletableFuture@1ddff343[Not completed]
2022-01-08 13:18:18,970 [pool-346-thread-1] INFO  server.RaftServer$Division (RaftServerImpl.java:<init>(184)) - c0322a57-4f2b-423f-b02f-0677e9b7408d: new RaftServerImpl for group-CE302EA33CC7:[c0322a57-4f2b-423f-b02f-0677e9b7408d|rpc:127.0.0.1:43283|dataStream:|priority:0, f4bd9712-e444-41ba-bddc-dab6ab48249e|rpc:127.0.0.1:34435|dataStream:|priority:1, 737545ee-dc45-4e08-9429-983c1d4f2632|rpc:127.0.0.1:46773|dataStream:|priority:0] with ContainerStateMachine:uninitialized
2022-01-08 13:18:18,970 [pool-346-thread-1] INFO  server.RaftServerConfigKeys (ConfUtils.java:logGet(44)) - raft.server.rpc.timeout.min = 5s (custom)
2022-01-08 13:18:18,970 [pool-346-thread-1] INFO  server.RaftServerConfigKeys (ConfUtils.java:logGet(44)) - raft.server.rpc.timeout.max = 5200ms (custom)
2022-01-08 13:18:18,970 [pool-346-thread-1] INFO  server.RaftServerConfigKeys (ConfUtils.java:logGet(44)) - raft.server.rpc.sleep.time = 25ms (default)
2022-01-08 13:18:18,970 [pool-346-thread-1] INFO  server.RaftServerConfigKeys (ConfUtils.java:logGet(44)) - raft.server.rpc.slowness.timeout = 300s (custom)
2022-01-08 13:18:18,970 [pool-346-thread-1] INFO  server.RaftServerConfigKeys (ConfUtils.java:logGet(44)) - raft.server.leaderelection.leader.step-down.wait-time = 10s (default)
2022-01-08 13:18:18,970 [pool-346-thread-1] INFO  server.RaftServerConfigKeys (ConfUtils.java:logGet(44)) - raft.server.sleep.deviation.threshold = 300ms (default)
2022-01-08 13:18:18,970 [pool-346-thread-1] INFO  server.RaftServerConfigKeys (ConfUtils.java:logGet(44)) - raft.server.log.appender.install.snapshot.enabled = false (custom)
2022-01-08 13:18:18,970 [pool-346-thread-1] INFO  server.RaftServer$Division (ServerState.java:<init>(105)) - c0322a57-4f2b-423f-b02f-0677e9b7408d@group-CE302EA33CC7: ConfigurationManager, init=-1: [c0322a57-4f2b-423f-b02f-0677e9b7408d|rpc:127.0.0.1:43283|dataStream:|priority:0, f4bd9712-e444-41ba-bddc-dab6ab48249e|rpc:127.0.0.1:34435|dataStream:|priority:1, 737545ee-dc45-4e08-9429-983c1d4f2632|rpc:127.0.0.1:46773|dataStream:|priority:0], old=null, confs=<EMPTY_MAP>
2022-01-08 13:18:18,970 [pool-346-thread-1] INFO  server.RaftServerConfigKeys (ConfUtils.java:logGet(44)) - raft.server.storage.dir = [/home/runner/work/ozone/ozone/hadoop-ozone/integration-test/target/test-dir/MiniOzoneClusterImpl-96dde82e-0bdc-4c97-ae5c-ef816938392d/datanode-2/data/ratis] (custom)
2022-01-08 13:18:18,971 [pool-346-thread-1] INFO  server.RaftServerConfigKeys (ConfUtils.java:logGet(44)) - raft.server.log.corruption.policy = EXCEPTION (default)
2022-01-08 13:18:18,971 [pool-346-thread-1] INFO  server.RaftServerConfigKeys (ConfUtils.java:logGet(44)) - raft.server.storage.free-space.min = 0MB (=0) (default)
2022-01-08 13:18:18,971 [pool-346-thread-1] INFO  storage.RaftStorageDirectory (RaftStorageDirectoryImpl.java:analyzeStorage(135)) - The storage directory /home/runner/work/ozone/ozone/hadoop-ozone/integration-test/target/test-dir/MiniOzoneClusterImpl-96dde82e-0bdc-4c97-ae5c-ef816938392d/datanode-2/data/ratis/f9f2e218-2216-472b-9998-ce302ea33cc7 does not exist. Creating ...
2022-01-08 13:18:18,972 [pool-346-thread-1] INFO  storage.RaftStorageDirectory (RaftStorageDirectoryImpl.java:tryLock(230)) - Lock on /home/runner/work/ozone/ozone/hadoop-ozone/integration-test/target/test-dir/MiniOzoneClusterImpl-96dde82e-0bdc-4c97-ae5c-ef816938392d/datanode-2/data/ratis/f9f2e218-2216-472b-9998-ce302ea33cc7/in_use.lock acquired by nodename 7755@fv-az195-8
2022-01-08 13:18:18,973 [pool-346-thread-1] INFO  storage.RaftStorage (RaftStorageImpl.java:format(89)) - Storage directory /home/runner/work/ozone/ozone/hadoop-ozone/integration-test/target/test-dir/MiniOzoneClusterImpl-96dde82e-0bdc-4c97-ae5c-ef816938392d/datanode-2/data/ratis/f9f2e218-2216-472b-9998-ce302ea33cc7 has been successfully formatted.
2022-01-08 13:18:18,973 [pool-346-thread-1] INFO  ratis.ContainerStateMachine (ContainerStateMachine.java:loadSnapshot(231)) - group-CE302EA33CC7: The snapshot info is null. Setting the last applied indexto:(t:0, i:~)
2022-01-08 13:18:18,974 [pool-346-thread-1] INFO  server.RaftServerConfigKeys (ConfUtils.java:logGet(44)) - raft.server.notification.no-leader.timeout = 300s (custom)
2022-01-08 13:18:18,975 [pool-346-thread-1] INFO  server.RaftServerConfigKeys (ConfUtils.java:logGet(44)) - raft.server.log.use.memory = false (default)
2022-01-08 13:18:18,975 [pool-346-thread-1] INFO  server.RaftServerConfigKeys (ConfUtils.java:logGet(44)) - raft.server.log.purge.gap = 1000000 (custom)
2022-01-08 13:18:18,976 [pool-346-thread-1] INFO  server.RaftServerConfigKeys (ConfUtils.java:logGet(44)) - raft.server.log.appender.buffer.byte-limit = 33554432 (custom)
2022-01-08 13:18:18,976 [pool-346-thread-1] INFO  server.RaftServerConfigKeys (ConfUtils.java:logGet(44)) - raft.server.log.segment.size.max = 1048576 (custom)
2022-01-08 13:18:18,976 [pool-346-thread-1] INFO  server.RaftServerConfigKeys (ConfUtils.java:logGet(44)) - raft.server.log.segment.cache.num.max = 2 (custom)
2022-01-08 13:18:18,976 [pool-346-thread-1] INFO  server.RaftServerConfigKeys (ConfUtils.java:logGet(44)) - raft.server.log.segment.cache.size.max = 200MB (=209715200) (default)
2022-01-08 13:18:18,976 [pool-346-thread-1] INFO  segmented.SegmentedRaftLogWorker (SegmentedRaftLogWorker.java:<init>(182)) - new c0322a57-4f2b-423f-b02f-0677e9b7408d@group-CE302EA33CC7-SegmentedRaftLogWorker for RaftStorageImpl:Storage Directory /home/runner/work/ozone/ozone/hadoop-ozone/integration-test/target/test-dir/MiniOzoneClusterImpl-96dde82e-0bdc-4c97-ae5c-ef816938392d/datanode-2/data/ratis/f9f2e218-2216-472b-9998-ce302ea33cc7
2022-01-08 13:18:18,976 [pool-346-thread-1] INFO  server.RaftServerConfigKeys (ConfUtils.java:logGet(44)) - raft.server.log.queue.byte-limit = 2147483647 (custom)
2022-01-08 13:18:18,976 [pool-346-thread-1] INFO  server.RaftServerConfigKeys (ConfUtils.java:logGet(44)) - raft.server.log.queue.element-limit = 1024 (custom)
2022-01-08 13:18:18,976 [pool-346-thread-1] INFO  server.RaftServerConfigKeys (ConfUtils.java:logGet(44)) - raft.server.log.segment.size.max = 1048576 (custom)
2022-01-08 13:18:18,976 [pool-346-thread-1] INFO  server.RaftServerConfigKeys (ConfUtils.java:logGet(44)) - raft.server.log.preallocated.size = 16384 (custom)
2022-01-08 13:18:18,977 [pool-346-thread-1] INFO  server.RaftServerConfigKeys (ConfUtils.java:logGet(44)) - raft.server.log.force.sync.num = 128 (default)
2022-01-08 13:18:18,977 [pool-346-thread-1] INFO  server.RaftServerConfigKeys (ConfUtils.java:logGet(44)) - raft.server.log.statemachine.data.sync = true (default)
2022-01-08 13:18:18,977 [pool-346-thread-1] INFO  server.RaftServerConfigKeys (ConfUtils.java:logGet(44)) - raft.server.log.statemachine.data.sync.timeout = 10s (default)
2022-01-08 13:18:18,977 [pool-346-thread-1] INFO  server.RaftServerConfigKeys (ConfUtils.java:logGet(44)) - raft.server.log.statemachine.data.sync.timeout.retry = -1 (default)
2022-01-08 13:18:18,978 [pool-346-thread-1] INFO  server.RaftServerConfigKeys (ConfUtils.java:logGet(44)) - raft.server.log.write.buffer.size = 1048576 (custom)
2022-01-08 13:18:18,978 [pool-346-thread-1] INFO  server.RaftServerConfigKeys (ConfUtils.java:logGet(44)) - raft.server.log.statemachine.data.caching.enabled = true (custom)
2022-01-08 13:18:18,979 [pool-346-thread-1] INFO  segmented.SegmentedRaftLogWorker (SegmentedRaftLogWorker.java:lambda$new$0(133)) - c0322a57-4f2b-423f-b02f-0677e9b7408d@group-CE302EA33CC7-SegmentedRaftLogWorker: flushIndex: setUnconditionally 0 -> -1
2022-01-08 13:18:18,979 [pool-346-thread-1] INFO  segmented.SegmentedRaftLogWorker (SegmentedRaftLogWorker.java:lambda$new$0(133)) - c0322a57-4f2b-423f-b02f-0677e9b7408d@group-CE302EA33CC7-SegmentedRaftLogWorker: safeCacheEvictIndex: setUnconditionally 0 -> -1
2022-01-08 13:18:18,984 [pool-346-thread-1] INFO  server.RaftServerConfigKeys (ConfUtils.java:logGet(44)) - raft.server.snapshot.auto.trigger.enabled = true (custom)
2022-01-08 13:18:18,984 [pool-346-thread-1] INFO  server.RaftServerConfigKeys (ConfUtils.java:logGet(44)) - raft.server.snapshot.auto.trigger.threshold = 10000 (custom)
2022-01-08 13:18:18,984 [pool-346-thread-1] INFO  server.RaftServerConfigKeys (ConfUtils.java:logGet(44)) - raft.server.snapshot.retention.file.num = 5 (custom)
2022-01-08 13:18:18,984 [pool-346-thread-1] INFO  server.RaftServerConfigKeys (ConfUtils.java:logGet(44)) - raft.server.log.purge.upto.snapshot.index = false (default)
2022-01-08 13:18:18,984 [pool-346-thread-1] INFO  server.RaftServerConfigKeys (ConfUtils.java:logGet(44)) - raft.server.retrycache.expirytime = 600000ms (custom)
2022-01-08 13:18:18,984 [pool-346-thread-1] INFO  server.RaftServerConfigKeys (ConfUtils.java:logGet(44)) - raft.server.retrycache.statistics.expirytime = 100μs (default)
2022-01-08 13:18:18,985 [pool-346-thread-1] INFO  server.RaftServer$Division (RaftServerImpl.java:start(301)) - c0322a57-4f2b-423f-b02f-0677e9b7408d@group-CE302EA33CC7: start as a follower, conf=-1: [c0322a57-4f2b-423f-b02f-0677e9b7408d|rpc:127.0.0.1:43283|dataStream:|priority:0, f4bd9712-e444-41ba-bddc-dab6ab48249e|rpc:127.0.0.1:34435|dataStream:|priority:1, 737545ee-dc45-4e08-9429-983c1d4f2632|rpc:127.0.0.1:46773|dataStream:|priority:0], old=null
2022-01-08 13:18:18,985 [pool-346-thread-1] INFO  server.RaftServer$Division (RaftServerImpl.java:setRole(290)) - c0322a57-4f2b-423f-b02f-0677e9b7408d@group-CE302EA33CC7: changes role from      null to FOLLOWER at term 0 for startAsFollower
2022-01-08 13:18:18,985 [pool-346-thread-1] INFO  impl.RoleInfo (RoleInfo.java:updateAndGet(130)) - c0322a57-4f2b-423f-b02f-0677e9b7408d: start c0322a57-4f2b-423f-b02f-0677e9b7408d@group-CE302EA33CC7-FollowerState
2022-01-08 13:18:18,987 [pool-346-thread-1] INFO  util.JmxRegister (JmxRegister.java:tryRegister(44)) - Successfully registered JMX Bean with object name Ratis:service=RaftServer,group=group-CE302EA33CC7,id=c0322a57-4f2b-423f-b02f-0677e9b7408d
2022-01-08 13:18:19,012 [Command processor thread] INFO  commandhandler.CreatePipelineCommandHandler (CreatePipelineCommandHandler.java:handle(106)) - Created Pipeline RATIS THREE PipelineID=f9f2e218-2216-472b-9998-ce302ea33cc7.
2022-01-08 13:18:19,081 [Listener at 127.0.0.1/12096] INFO  ozone.MiniOzoneClusterImpl (MiniOzoneClusterImpl.java:lambda$waitForClusterToBeReady$0(235)) - Nodes are ready. Got 3 of 3 DN Heartbeats.
2022-01-08 13:18:19,081 [Listener at 127.0.0.1/12096] INFO  ozone.MiniOzoneClusterImpl (MiniOzoneClusterImpl.java:lambda$waitForClusterToBeReady$0(238)) - Waiting for cluster to exit safe mode
2022-01-08 13:18:19,081 [Listener at 127.0.0.1/12096] INFO  ozone.MiniOzoneClusterImpl (MiniOzoneClusterImpl.java:lambda$waitForClusterToBeReady$0(240)) - SCM became leader
2022-01-08 13:18:19,161 [Command processor thread] INFO  server.RaftServer (RaftServerProxy.java:addNew(95)) - c0322a57-4f2b-423f-b02f-0677e9b7408d: addNew group-85640173BA8F:[c0322a57-4f2b-423f-b02f-0677e9b7408d|rpc:127.0.0.1:43283|priority:1] returns group-85640173BA8F:java.util.concurrent.CompletableFuture@54d5e098[Not completed]
2022-01-08 13:18:19,162 [pool-346-thread-1] INFO  server.RaftServer$Division (RaftServerImpl.java:<init>(184)) - c0322a57-4f2b-423f-b02f-0677e9b7408d: new RaftServerImpl for group-85640173BA8F:[c0322a57-4f2b-423f-b02f-0677e9b7408d|rpc:127.0.0.1:43283|priority:1] with ContainerStateMachine:uninitialized
2022-01-08 13:18:19,162 [pool-346-thread-1] INFO  server.RaftServerConfigKeys (ConfUtils.java:logGet(44)) - raft.server.rpc.timeout.min = 5s (custom)
2022-01-08 13:18:19,162 [pool-346-thread-1] INFO  server.RaftServerConfigKeys (ConfUtils.java:logGet(44)) - raft.server.rpc.timeout.max = 5200ms (custom)
2022-01-08 13:18:19,162 [pool-346-thread-1] INFO  server.RaftServerConfigKeys (ConfUtils.java:logGet(44)) - raft.server.rpc.sleep.time = 25ms (default)
2022-01-08 13:18:19,162 [pool-346-thread-1] INFO  server.RaftServerConfigKeys (ConfUtils.java:logGet(44)) - raft.server.rpc.slowness.timeout = 300s (custom)
2022-01-08 13:18:19,162 [pool-346-thread-1] INFO  server.RaftServerConfigKeys (ConfUtils.java:logGet(44)) - raft.server.leaderelection.leader.step-down.wait-time = 10s (default)
2022-01-08 13:18:19,162 [pool-346-thread-1] INFO  server.RaftServerConfigKeys (ConfUtils.java:logGet(44)) - raft.server.sleep.deviation.threshold = 300ms (default)
2022-01-08 13:18:19,162 [pool-346-thread-1] INFO  server.RaftServerConfigKeys (ConfUtils.java:logGet(44)) - raft.server.log.appender.install.snapshot.enabled = false (custom)
2022-01-08 13:18:19,162 [pool-346-thread-1] INFO  server.RaftServer$Division (ServerState.java:<init>(105)) - c0322a57-4f2b-423f-b02f-0677e9b7408d@group-85640173BA8F: ConfigurationManager, init=-1: [c0322a57-4f2b-423f-b02f-0677e9b7408d|rpc:127.0.0.1:43283|priority:1], old=null, confs=<EMPTY_MAP>
2022-01-08 13:18:19,163 [pool-346-thread-1] INFO  server.RaftServerConfigKeys (ConfUtils.java:logGet(44)) - raft.server.storage.dir = [/home/runner/work/ozone/ozone/hadoop-ozone/integration-test/target/test-dir/MiniOzoneClusterImpl-96dde82e-0bdc-4c97-ae5c-ef816938392d/datanode-2/data/ratis] (custom)
2022-01-08 13:18:19,163 [pool-346-thread-1] INFO  server.RaftServerConfigKeys (ConfUtils.java:logGet(44)) - raft.server.log.corruption.policy = EXCEPTION (default)
2022-01-08 13:18:19,163 [pool-346-thread-1] INFO  server.RaftServerConfigKeys (ConfUtils.java:logGet(44)) - raft.server.storage.free-space.min = 0MB (=0) (default)
2022-01-08 13:18:19,163 [pool-346-thread-1] INFO  storage.RaftStorageDirectory (RaftStorageDirectoryImpl.java:analyzeStorage(135)) - The storage directory /home/runner/work/ozone/ozone/hadoop-ozone/integration-test/target/test-dir/MiniOzoneClusterImpl-96dde82e-0bdc-4c97-ae5c-ef816938392d/datanode-2/data/ratis/d50a1c30-1eb4-42e6-9dee-85640173ba8f does not exist. Creating ...
2022-01-08 13:18:19,164 [pool-346-thread-1] INFO  storage.RaftStorageDirectory (RaftStorageDirectoryImpl.java:tryLock(230)) - Lock on /home/runner/work/ozone/ozone/hadoop-ozone/integration-test/target/test-dir/MiniOzoneClusterImpl-96dde82e-0bdc-4c97-ae5c-ef816938392d/datanode-2/data/ratis/d50a1c30-1eb4-42e6-9dee-85640173ba8f/in_use.lock acquired by nodename 7755@fv-az195-8
2022-01-08 13:18:19,166 [pool-346-thread-1] INFO  storage.RaftStorage (RaftStorageImpl.java:format(89)) - Storage directory /home/runner/work/ozone/ozone/hadoop-ozone/integration-test/target/test-dir/MiniOzoneClusterImpl-96dde82e-0bdc-4c97-ae5c-ef816938392d/datanode-2/data/ratis/d50a1c30-1eb4-42e6-9dee-85640173ba8f has been successfully formatted.
2022-01-08 13:18:19,166 [pool-346-thread-1] INFO  ratis.ContainerStateMachine (ContainerStateMachine.java:loadSnapshot(231)) - group-85640173BA8F: The snapshot info is null. Setting the last applied indexto:(t:0, i:~)
2022-01-08 13:18:19,166 [pool-346-thread-1] INFO  server.RaftServerConfigKeys (ConfUtils.java:logGet(44)) - raft.server.notification.no-leader.timeout = 300s (custom)
2022-01-08 13:18:19,166 [pool-346-thread-1] INFO  server.RaftServerConfigKeys (ConfUtils.java:logGet(44)) - raft.server.log.use.memory = false (default)
2022-01-08 13:18:19,166 [pool-346-thread-1] INFO  server.RaftServerConfigKeys (ConfUtils.java:logGet(44)) - raft.server.log.purge.gap = 1000000 (custom)
2022-01-08 13:18:19,166 [pool-346-thread-1] INFO  server.RaftServerConfigKeys (ConfUtils.java:logGet(44)) - raft.server.log.appender.buffer.byte-limit = 33554432 (custom)
2022-01-08 13:18:19,167 [pool-346-thread-1] INFO  server.RaftServerConfigKeys (ConfUtils.java:logGet(44)) - raft.server.log.segment.size.max = 1048576 (custom)
2022-01-08 13:18:19,167 [pool-346-thread-1] INFO  server.RaftServerConfigKeys (ConfUtils.java:logGet(44)) - raft.server.log.segment.cache.num.max = 2 (custom)
2022-01-08 13:18:19,167 [pool-346-thread-1] INFO  server.RaftServerConfigKeys (ConfUtils.java:logGet(44)) - raft.server.log.segment.cache.size.max = 200MB (=209715200) (default)
2022-01-08 13:18:19,167 [pool-346-thread-1] INFO  segmented.SegmentedRaftLogWorker (SegmentedRaftLogWorker.java:<init>(182)) - new c0322a57-4f2b-423f-b02f-0677e9b7408d@group-85640173BA8F-SegmentedRaftLogWorker for RaftStorageImpl:Storage Directory /home/runner/work/ozone/ozone/hadoop-ozone/integration-test/target/test-dir/MiniOzoneClusterImpl-96dde82e-0bdc-4c97-ae5c-ef816938392d/datanode-2/data/ratis/d50a1c30-1eb4-42e6-9dee-85640173ba8f
2022-01-08 13:18:19,167 [pool-346-thread-1] INFO  server.RaftServerConfigKeys (ConfUtils.java:logGet(44)) - raft.server.log.queue.byte-limit = 2147483647 (custom)
2022-01-08 13:18:19,167 [pool-346-thread-1] INFO  server.RaftServerConfigKeys (ConfUtils.java:logGet(44)) - raft.server.log.queue.element-limit = 1024 (custom)
2022-01-08 13:18:19,167 [pool-346-thread-1] INFO  server.RaftServerConfigKeys (ConfUtils.java:logGet(44)) - raft.server.log.segment.size.max = 1048576 (custom)
2022-01-08 13:18:19,167 [pool-346-thread-1] INFO  server.RaftServerConfigKeys (ConfUtils.java:logGet(44)) - raft.server.log.preallocated.size = 16384 (custom)
2022-01-08 13:18:19,168 [pool-346-thread-1] INFO  server.RaftServerConfigKeys (ConfUtils.java:logGet(44)) - raft.server.log.force.sync.num = 128 (default)
2022-01-08 13:18:19,168 [pool-346-thread-1] INFO  server.RaftServerConfigKeys (ConfUtils.java:logGet(44)) - raft.server.log.statemachine.data.sync = true (default)
2022-01-08 13:18:19,168 [pool-346-thread-1] INFO  server.RaftServerConfigKeys (ConfUtils.java:logGet(44)) - raft.server.log.statemachine.data.sync.timeout = 10s (default)
2022-01-08 13:18:19,168 [pool-346-thread-1] INFO  server.RaftServerConfigKeys (ConfUtils.java:logGet(44)) - raft.server.log.statemachine.data.sync.timeout.retry = -1 (default)
2022-01-08 13:18:19,168 [EventQueue-PipelineReportForPipelineReportHandler] INFO  pipeline.PipelineManagerImpl (PipelineManagerImpl.java:openPipeline(291)) - Pipeline Pipeline[ Id: d50a1c30-1eb4-42e6-9dee-85640173ba8f, Nodes: c0322a57-4f2b-423f-b02f-0677e9b7408d{ip: 127.0.0.1, host: localhost, ports: [REPLICATION=39967, RATIS=43283, RATIS_ADMIN=43283, RATIS_SERVER=43283, STANDALONE=38745], networkLocation: /default-rack, certSerialId: null, persistedOpState: IN_SERVICE, persistedOpStateExpiryEpochSec: 0}, ReplicationConfig: RATIS/ONE, State:ALLOCATED, leaderId:c0322a57-4f2b-423f-b02f-0677e9b7408d, CreationTimestamp2022-01-08T13:18:16.176Z[Etc/UTC]] moved to OPEN state
2022-01-08 13:18:19,168 [pool-346-thread-1] INFO  server.RaftServerConfigKeys (ConfUtils.java:logGet(44)) - raft.server.log.write.buffer.size = 1048576 (custom)
2022-01-08 13:18:19,169 [pool-346-thread-1] INFO  server.RaftServerConfigKeys (ConfUtils.java:logGet(44)) - raft.server.log.statemachine.data.caching.enabled = true (custom)
2022-01-08 13:18:19,170 [pool-346-thread-1] INFO  segmented.SegmentedRaftLogWorker (SegmentedRaftLogWorker.java:lambda$new$0(133)) - c0322a57-4f2b-423f-b02f-0677e9b7408d@group-85640173BA8F-SegmentedRaftLogWorker: flushIndex: setUnconditionally 0 -> -1
2022-01-08 13:18:19,170 [pool-346-thread-1] INFO  segmented.SegmentedRaftLogWorker (SegmentedRaftLogWorker.java:lambda$new$0(133)) - c0322a57-4f2b-423f-b02f-0677e9b7408d@group-85640173BA8F-SegmentedRaftLogWorker: safeCacheEvictIndex: setUnconditionally 0 -> -1
2022-01-08 13:18:19,184 [EventQueue-PipelineReportForPipelineReportHandler] INFO  pipeline.PipelineManagerImpl (PipelineManagerImpl.java:openPipeline(291)) - Pipeline Pipeline[ Id: d50a1c30-1eb4-42e6-9dee-85640173ba8f, Nodes: c0322a57-4f2b-423f-b02f-0677e9b7408d{ip: 127.0.0.1, host: localhost, ports: [REPLICATION=39967, RATIS=43283, RATIS_ADMIN=43283, RATIS_SERVER=43283, STANDALONE=38745], networkLocation: /default-rack, certSerialId: null, persistedOpState: IN_SERVICE, persistedOpStateExpiryEpochSec: 0}, ReplicationConfig: RATIS/ONE, State:ALLOCATED, leaderId:c0322a57-4f2b-423f-b02f-0677e9b7408d, CreationTimestamp2022-01-08T13:18:16.176Z[Etc/UTC]] moved to OPEN state
2022-01-08 13:18:19,184 [EventQueue-PipelineReportForPipelineReportHandler] INFO  ha.SCMHAInvocationHandler (SCMHAInvocationHandler.java:invokeRatis(113)) - Invoking method public abstract void org.apache.hadoop.hdds.scm.pipeline.PipelineStateManager.updatePipelineState(org.apache.hadoop.hdds.protocol.proto.HddsProtos$PipelineID,org.apache.hadoop.hdds.protocol.proto.HddsProtos$PipelineState) throws java.io.IOException on target org.apache.hadoop.hdds.scm.ha.SCMRatisServerImpl@739fb24d, cost 240.704us
2022-01-08 13:18:19,194 [222ceec3-fd71-41f2-aa08-53f50be8376f@group-EF816938392D-StateMachineUpdater] INFO  safemode.HealthyPipelineSafeModeRule (HealthyPipelineSafeModeRule.java:initializeRule(152)) - Refreshed total pipeline count is 0, healthy pipeline threshold count is 1
2022-01-08 13:18:19,195 [EventQueue-PipelineReportForPipelineReportHandler] INFO  ha.SCMHAInvocationHandler (SCMHAInvocationHandler.java:invokeRatis(113)) - Invoking method public abstract void org.apache.hadoop.hdds.scm.pipeline.PipelineStateManager.updatePipelineState(org.apache.hadoop.hdds.protocol.proto.HddsProtos$PipelineID,org.apache.hadoop.hdds.protocol.proto.HddsProtos$PipelineState) throws java.io.IOException on target org.apache.hadoop.hdds.scm.ha.SCMRatisServerImpl@4c7e36e2, cost 26326.624us
2022-01-08 13:18:19,195 [EventQueue-OpenPipelineForHealthyPipelineSafeModeRule] INFO  safemode.SCMSafeModeManager (HealthyPipelineSafeModeRule.java:process(124)) - SCM in safe mode. Healthy pipelines reported count is 0, required healthy pipeline reported count is 1
2022-01-08 13:18:19,203 [pool-346-thread-1] INFO  server.RaftServerConfigKeys (ConfUtils.java:logGet(44)) - raft.server.snapshot.auto.trigger.enabled = true (custom)
2022-01-08 13:18:19,203 [pool-346-thread-1] INFO  server.RaftServerConfigKeys (ConfUtils.java:logGet(44)) - raft.server.snapshot.auto.trigger.threshold = 10000 (custom)
2022-01-08 13:18:19,203 [pool-346-thread-1] INFO  server.RaftServerConfigKeys (ConfUtils.java:logGet(44)) - raft.server.snapshot.retention.file.num = 5 (custom)
2022-01-08 13:18:19,203 [pool-346-thread-1] INFO  server.RaftServerConfigKeys (ConfUtils.java:logGet(44)) - raft.server.log.purge.upto.snapshot.index = false (default)
2022-01-08 13:18:19,206 [pool-346-thread-1] INFO  server.RaftServerConfigKeys (ConfUtils.java:logGet(44)) - raft.server.retrycache.expirytime = 600000ms (custom)
2022-01-08 13:18:19,207 [pool-346-thread-1] INFO  server.RaftServerConfigKeys (ConfUtils.java:logGet(44)) - raft.server.retrycache.statistics.expirytime = 100μs (default)
2022-01-08 13:18:19,208 [pool-346-thread-1] INFO  server.RaftServer$Division (RaftServerImpl.java:start(301)) - c0322a57-4f2b-423f-b02f-0677e9b7408d@group-85640173BA8F: start as a follower, conf=-1: [c0322a57-4f2b-423f-b02f-0677e9b7408d|rpc:127.0.0.1:43283|priority:1], old=null
2022-01-08 13:18:19,208 [pool-346-thread-1] INFO  server.RaftServer$Division (RaftServerImpl.java:setRole(290)) - c0322a57-4f2b-423f-b02f-0677e9b7408d@group-85640173BA8F: changes role from      null to FOLLOWER at term 0 for startAsFollower
2022-01-08 13:18:19,208 [pool-346-thread-1] INFO  impl.RoleInfo (RoleInfo.java:updateAndGet(130)) - c0322a57-4f2b-423f-b02f-0677e9b7408d: start c0322a57-4f2b-423f-b02f-0677e9b7408d@group-85640173BA8F-FollowerState
2022-01-08 13:18:19,208 [40a4bb05-3d2f-4358-aa13-75cfde41e6e0@group-EF816938392D-StateMachineUpdater] INFO  safemode.HealthyPipelineSafeModeRule (HealthyPipelineSafeModeRule.java:initializeRule(152)) - Refreshed total pipeline count is 0, healthy pipeline threshold count is 1
2022-01-08 13:18:19,224 [pool-346-thread-1] INFO  util.JmxRegister (JmxRegister.java:tryRegister(44)) - Successfully registered JMX Bean with object name Ratis:service=RaftServer,group=group-85640173BA8F,id=c0322a57-4f2b-423f-b02f-0677e9b7408d
2022-01-08 13:18:19,231 [Command processor thread] INFO  ratis.XceiverServerRatis (XceiverServerRatis.java:addGroup(768)) - Created group PipelineID=d50a1c30-1eb4-42e6-9dee-85640173ba8f
2022-01-08 13:18:19,231 [Command processor thread] INFO  commandhandler.CreatePipelineCommandHandler (CreatePipelineCommandHandler.java:handle(106)) - Created Pipeline RATIS ONE PipelineID=d50a1c30-1eb4-42e6-9dee-85640173ba8f.
2022-01-08 13:18:19,472 [EventQueue-OpenPipelineForHealthyPipelineSafeModeRule] INFO  safemode.SCMSafeModeManager (HealthyPipelineSafeModeRule.java:process(124)) - SCM in safe mode. Healthy pipelines reported count is 0, required healthy pipeline reported count is 1
2022-01-08 13:18:19,575 [EndpointStateMachine task thread for /127.0.0.1:15227 - 0 ] INFO  ipc.Client (Client.java:handleConnectionFailure(977)) - Retrying connect to server: localhost/127.0.0.1:15227. Already tried 0 time(s); retry policy is RetryUpToMaximumCountWithFixedSleep(maxRetries=15, sleepTime=1000 MILLISECONDS)
2022-01-08 13:18:19,585 [EndpointStateMachine task thread for /127.0.0.1:15217 - 0 ] INFO  ipc.Client (Client.java:handleConnectionFailure(977)) - Retrying connect to server: localhost/127.0.0.1:15217. Already tried 3 time(s); retry policy is RetryUpToMaximumCountWithFixedSleep(maxRetries=15, sleepTime=1000 MILLISECONDS)
2022-01-08 13:18:19,619 [EndpointStateMachine task thread for /127.0.0.1:15237 - 0 ] INFO  ipc.Client (Client.java:handleConnectionFailure(977)) - Retrying connect to server: localhost/127.0.0.1:15237. Already tried 0 time(s); retry policy is RetryUpToMaximumCountWithFixedSleep(maxRetries=15, sleepTime=1000 MILLISECONDS)
2022-01-08 13:18:19,860 [Datanode State Machine Daemon Thread] ERROR datanode.RunningDatanodeState (RunningDatanodeState.java:computeNextContainerState(199)) - Error in executing end point task.
java.util.concurrent.ExecutionException: java.util.concurrent.TimeoutException
	at java.util.concurrent.FutureTask.report(FutureTask.java:122)
	at java.util.concurrent.FutureTask.get(FutureTask.java:192)
	at org.apache.hadoop.ozone.container.common.states.datanode.RunningDatanodeState.computeNextContainerState(RunningDatanodeState.java:191)
	at org.apache.hadoop.ozone.container.common.states.datanode.RunningDatanodeState.await(RunningDatanodeState.java:231)
	at org.apache.hadoop.ozone.container.common.states.datanode.RunningDatanodeState.await(RunningDatanodeState.java:50)
	at org.apache.hadoop.ozone.container.common.statemachine.StateContext.execute(StateContext.java:633)
	at org.apache.hadoop.ozone.container.common.statemachine.DatanodeStateMachine.start(DatanodeStateMachine.java:280)
	at org.apache.hadoop.ozone.container.common.statemachine.DatanodeStateMachine.lambda$startDaemon$0(DatanodeStateMachine.java:468)
	at java.lang.Thread.run(Thread.java:748)
Caused by: java.util.concurrent.TimeoutException
	at java.util.concurrent.FutureTask.get(FutureTask.java:205)
	at org.apache.hadoop.ozone.container.common.states.datanode.RunningDatanodeState.lambda$execute$0(RunningDatanodeState.java:149)
	at java.util.concurrent.FutureTask.run(FutureTask.java:266)
	at java.util.concurrent.Executors$RunnableAdapter.call(Executors.java:511)
	at java.util.concurrent.FutureTask.run(FutureTask.java:266)
	at java.util.concurrent.ThreadPoolExecutor.runWorker(ThreadPoolExecutor.java:1149)
	at java.util.concurrent.ThreadPoolExecutor$Worker.run(ThreadPoolExecutor.java:624)
	... 1 more
2022-01-08 13:18:20,081 [Listener at 127.0.0.1/12096] INFO  ozone.MiniOzoneClusterImpl (MiniOzoneClusterImpl.java:lambda$waitForClusterToBeReady$0(235)) - Nodes are ready. Got 3 of 3 DN Heartbeats.
2022-01-08 13:18:20,082 [Listener at 127.0.0.1/12096] INFO  ozone.MiniOzoneClusterImpl (MiniOzoneClusterImpl.java:lambda$waitForClusterToBeReady$0(238)) - Waiting for cluster to exit safe mode
2022-01-08 13:18:20,082 [Listener at 127.0.0.1/12096] INFO  ozone.MiniOzoneClusterImpl (MiniOzoneClusterImpl.java:lambda$waitForClusterToBeReady$0(240)) - SCM became leader
2022-01-08 13:18:20,167 [Datanode State Machine Daemon Thread] ERROR datanode.RunningDatanodeState (RunningDatanodeState.java:computeNextContainerState(199)) - Error in executing end point task.
java.util.concurrent.ExecutionException: java.util.concurrent.TimeoutException
	at java.util.concurrent.FutureTask.report(FutureTask.java:122)
	at java.util.concurrent.FutureTask.get(FutureTask.java:192)
	at org.apache.hadoop.ozone.container.common.states.datanode.RunningDatanodeState.computeNextContainerState(RunningDatanodeState.java:191)
	at org.apache.hadoop.ozone.container.common.states.datanode.RunningDatanodeState.await(RunningDatanodeState.java:231)
	at org.apache.hadoop.ozone.container.common.states.datanode.RunningDatanodeState.await(RunningDatanodeState.java:50)
	at org.apache.hadoop.ozone.container.common.statemachine.StateContext.execute(StateContext.java:633)
	at org.apache.hadoop.ozone.container.common.statemachine.DatanodeStateMachine.start(DatanodeStateMachine.java:280)
	at org.apache.hadoop.ozone.container.common.statemachine.DatanodeStateMachine.lambda$startDaemon$0(DatanodeStateMachine.java:468)
	at java.lang.Thread.run(Thread.java:748)
Caused by: java.util.concurrent.TimeoutException
	at java.util.concurrent.FutureTask.get(FutureTask.java:205)
	at org.apache.hadoop.ozone.container.common.states.datanode.RunningDatanodeState.lambda$execute$0(RunningDatanodeState.java:149)
	at java.util.concurrent.FutureTask.run(FutureTask.java:266)
	at java.util.concurrent.Executors$RunnableAdapter.call(Executors.java:511)
	at java.util.concurrent.FutureTask.run(FutureTask.java:266)
	at java.util.concurrent.ThreadPoolExecutor.runWorker(ThreadPoolExecutor.java:1149)
	at java.util.concurrent.ThreadPoolExecutor$Worker.run(ThreadPoolExecutor.java:624)
	... 1 more
2022-01-08 13:18:20,576 [EndpointStateMachine task thread for /127.0.0.1:15227 - 0 ] INFO  ipc.Client (Client.java:handleConnectionFailure(977)) - Retrying connect to server: localhost/127.0.0.1:15227. Already tried 1 time(s); retry policy is RetryUpToMaximumCountWithFixedSleep(maxRetries=15, sleepTime=1000 MILLISECONDS)
2022-01-08 13:18:20,585 [EndpointStateMachine task thread for /127.0.0.1:15217 - 0 ] INFO  ipc.Client (Client.java:handleConnectionFailure(977)) - Retrying connect to server: localhost/127.0.0.1:15217. Already tried 4 time(s); retry policy is RetryUpToMaximumCountWithFixedSleep(maxRetries=15, sleepTime=1000 MILLISECONDS)
2022-01-08 13:18:20,620 [EndpointStateMachine task thread for /127.0.0.1:15237 - 0 ] INFO  ipc.Client (Client.java:handleConnectionFailure(977)) - Retrying connect to server: localhost/127.0.0.1:15237. Already tried 1 time(s); retry policy is RetryUpToMaximumCountWithFixedSleep(maxRetries=15, sleepTime=1000 MILLISECONDS)
2022-01-08 13:18:20,783 [Datanode State Machine Daemon Thread] ERROR datanode.RunningDatanodeState (RunningDatanodeState.java:computeNextContainerState(199)) - Error in executing end point task.
java.util.concurrent.ExecutionException: java.util.concurrent.TimeoutException
	at java.util.concurrent.FutureTask.report(FutureTask.java:122)
	at java.util.concurrent.FutureTask.get(FutureTask.java:192)
	at org.apache.hadoop.ozone.container.common.states.datanode.RunningDatanodeState.computeNextContainerState(RunningDatanodeState.java:191)
	at org.apache.hadoop.ozone.container.common.states.datanode.RunningDatanodeState.await(RunningDatanodeState.java:231)
	at org.apache.hadoop.ozone.container.common.states.datanode.RunningDatanodeState.await(RunningDatanodeState.java:50)
	at org.apache.hadoop.ozone.container.common.statemachine.StateContext.execute(StateContext.java:633)
	at org.apache.hadoop.ozone.container.common.statemachine.DatanodeStateMachine.start(DatanodeStateMachine.java:280)
	at org.apache.hadoop.ozone.container.common.statemachine.DatanodeStateMachine.lambda$startDaemon$0(DatanodeStateMachine.java:468)
	at java.lang.Thread.run(Thread.java:748)
Caused by: java.util.concurrent.TimeoutException
	at java.util.concurrent.FutureTask.get(FutureTask.java:205)
	at org.apache.hadoop.ozone.container.common.states.datanode.RunningDatanodeState.lambda$execute$0(RunningDatanodeState.java:149)
	at java.util.concurrent.FutureTask.run(FutureTask.java:266)
	at java.util.concurrent.Executors$RunnableAdapter.call(Executors.java:511)
	at java.util.concurrent.FutureTask.run(FutureTask.java:266)
	at java.util.concurrent.ThreadPoolExecutor.runWorker(ThreadPoolExecutor.java:1149)
	at java.util.concurrent.ThreadPoolExecutor$Worker.run(ThreadPoolExecutor.java:624)
	... 1 more
2022-01-08 13:18:21,082 [Listener at 127.0.0.1/12096] INFO  ozone.MiniOzoneClusterImpl (MiniOzoneClusterImpl.java:lambda$waitForClusterToBeReady$0(235)) - Nodes are ready. Got 3 of 3 DN Heartbeats.
2022-01-08 13:18:21,082 [Listener at 127.0.0.1/12096] INFO  ozone.MiniOzoneClusterImpl (MiniOzoneClusterImpl.java:lambda$waitForClusterToBeReady$0(238)) - Waiting for cluster to exit safe mode
2022-01-08 13:18:21,083 [Listener at 127.0.0.1/12096] INFO  ozone.MiniOzoneClusterImpl (MiniOzoneClusterImpl.java:lambda$waitForClusterToBeReady$0(240)) - SCM became leader
2022-01-08 13:18:21,169 [Datanode State Machine Daemon Thread] ERROR datanode.RunningDatanodeState (RunningDatanodeState.java:computeNextContainerState(199)) - Error in executing end point task.
java.util.concurrent.ExecutionException: java.util.concurrent.TimeoutException
	at java.util.concurrent.FutureTask.report(FutureTask.java:122)
	at java.util.concurrent.FutureTask.get(FutureTask.java:192)
	at org.apache.hadoop.ozone.container.common.states.datanode.RunningDatanodeState.computeNextContainerState(RunningDatanodeState.java:191)
	at org.apache.hadoop.ozone.container.common.states.datanode.RunningDatanodeState.await(RunningDatanodeState.java:231)
	at org.apache.hadoop.ozone.container.common.states.datanode.RunningDatanodeState.await(RunningDatanodeState.java:50)
	at org.apache.hadoop.ozone.container.common.statemachine.StateContext.execute(StateContext.java:633)
	at org.apache.hadoop.ozone.container.common.statemachine.DatanodeStateMachine.start(DatanodeStateMachine.java:280)
	at org.apache.hadoop.ozone.container.common.statemachine.DatanodeStateMachine.lambda$startDaemon$0(DatanodeStateMachine.java:468)
	at java.lang.Thread.run(Thread.java:748)
Caused by: java.util.concurrent.TimeoutException
	at java.util.concurrent.FutureTask.get(FutureTask.java:205)
	at org.apache.hadoop.ozone.container.common.states.datanode.RunningDatanodeState.lambda$execute$0(RunningDatanodeState.java:149)
	at java.util.concurrent.FutureTask.run(FutureTask.java:266)
	at java.util.concurrent.Executors$RunnableAdapter.call(Executors.java:511)
	at java.util.concurrent.FutureTask.run(FutureTask.java:266)
	at java.util.concurrent.ThreadPoolExecutor.runWorker(ThreadPoolExecutor.java:1149)
	at java.util.concurrent.ThreadPoolExecutor$Worker.run(ThreadPoolExecutor.java:624)
	... 1 more
2022-01-08 13:18:21,576 [EndpointStateMachine task thread for /127.0.0.1:15227 - 0 ] INFO  ipc.Client (Client.java:handleConnectionFailure(977)) - Retrying connect to server: localhost/127.0.0.1:15227. Already tried 2 time(s); retry policy is RetryUpToMaximumCountWithFixedSleep(maxRetries=15, sleepTime=1000 MILLISECONDS)
2022-01-08 13:18:21,586 [EndpointStateMachine task thread for /127.0.0.1:15217 - 0 ] INFO  ipc.Client (Client.java:handleConnectionFailure(977)) - Retrying connect to server: localhost/127.0.0.1:15217. Already tried 5 time(s); retry policy is RetryUpToMaximumCountWithFixedSleep(maxRetries=15, sleepTime=1000 MILLISECONDS)
2022-01-08 13:18:21,620 [EndpointStateMachine task thread for /127.0.0.1:15237 - 0 ] INFO  ipc.Client (Client.java:handleConnectionFailure(977)) - Retrying connect to server: localhost/127.0.0.1:15237. Already tried 2 time(s); retry policy is RetryUpToMaximumCountWithFixedSleep(maxRetries=15, sleepTime=1000 MILLISECONDS)
2022-01-08 13:18:22,083 [Listener at 127.0.0.1/12096] INFO  ozone.MiniOzoneClusterImpl (MiniOzoneClusterImpl.java:lambda$waitForClusterToBeReady$0(235)) - Nodes are ready. Got 3 of 3 DN Heartbeats.
2022-01-08 13:18:22,083 [Listener at 127.0.0.1/12096] INFO  ozone.MiniOzoneClusterImpl (MiniOzoneClusterImpl.java:lambda$waitForClusterToBeReady$0(238)) - Waiting for cluster to exit safe mode
2022-01-08 13:18:22,083 [Listener at 127.0.0.1/12096] INFO  ozone.MiniOzoneClusterImpl (MiniOzoneClusterImpl.java:lambda$waitForClusterToBeReady$0(240)) - SCM became leader
2022-01-08 13:18:22,577 [EndpointStateMachine task thread for /127.0.0.1:15227 - 0 ] INFO  ipc.Client (Client.java:handleConnectionFailure(977)) - Retrying connect to server: localhost/127.0.0.1:15227. Already tried 3 time(s); retry policy is RetryUpToMaximumCountWithFixedSleep(maxRetries=15, sleepTime=1000 MILLISECONDS)
2022-01-08 13:18:22,586 [EndpointStateMachine task thread for /127.0.0.1:15217 - 0 ] INFO  ipc.Client (Client.java:handleConnectionFailure(977)) - Retrying connect to server: localhost/127.0.0.1:15217. Already tried 6 time(s); retry policy is RetryUpToMaximumCountWithFixedSleep(maxRetries=15, sleepTime=1000 MILLISECONDS)
2022-01-08 13:18:22,621 [EndpointStateMachine task thread for /127.0.0.1:15237 - 0 ] INFO  ipc.Client (Client.java:handleConnectionFailure(977)) - Retrying connect to server: localhost/127.0.0.1:15237. Already tried 3 time(s); retry policy is RetryUpToMaximumCountWithFixedSleep(maxRetries=15, sleepTime=1000 MILLISECONDS)
2022-01-08 13:18:22,792 [Datanode State Machine Daemon Thread] ERROR datanode.RunningDatanodeState (RunningDatanodeState.java:computeNextContainerState(199)) - Error in executing end point task.
java.util.concurrent.ExecutionException: java.util.concurrent.TimeoutException
	at java.util.concurrent.FutureTask.report(FutureTask.java:122)
	at java.util.concurrent.FutureTask.get(FutureTask.java:192)
	at org.apache.hadoop.ozone.container.common.states.datanode.RunningDatanodeState.computeNextContainerState(RunningDatanodeState.java:191)
	at org.apache.hadoop.ozone.container.common.states.datanode.RunningDatanodeState.await(RunningDatanodeState.java:231)
	at org.apache.hadoop.ozone.container.common.states.datanode.RunningDatanodeState.await(RunningDatanodeState.java:50)
	at org.apache.hadoop.ozone.container.common.statemachine.StateContext.execute(StateContext.java:633)
	at org.apache.hadoop.ozone.container.common.statemachine.DatanodeStateMachine.start(DatanodeStateMachine.java:280)
	at org.apache.hadoop.ozone.container.common.statemachine.DatanodeStateMachine.lambda$startDaemon$0(DatanodeStateMachine.java:468)
	at java.lang.Thread.run(Thread.java:748)
Caused by: java.util.concurrent.TimeoutException
	at java.util.concurrent.FutureTask.get(FutureTask.java:205)
	at org.apache.hadoop.ozone.container.common.states.datanode.RunningDatanodeState.lambda$execute$0(RunningDatanodeState.java:149)
	at java.util.concurrent.FutureTask.run(FutureTask.java:266)
	at java.util.concurrent.Executors$RunnableAdapter.call(Executors.java:511)
	at java.util.concurrent.FutureTask.run(FutureTask.java:266)
	at java.util.concurrent.ThreadPoolExecutor.runWorker(ThreadPoolExecutor.java:1149)
	at java.util.concurrent.ThreadPoolExecutor$Worker.run(ThreadPoolExecutor.java:624)
	... 1 more
2022-01-08 13:18:23,083 [Listener at 127.0.0.1/12096] INFO  ozone.MiniOzoneClusterImpl (MiniOzoneClusterImpl.java:lambda$waitForClusterToBeReady$0(235)) - Nodes are ready. Got 3 of 3 DN Heartbeats.
2022-01-08 13:18:23,084 [Listener at 127.0.0.1/12096] INFO  ozone.MiniOzoneClusterImpl (MiniOzoneClusterImpl.java:lambda$waitForClusterToBeReady$0(238)) - Waiting for cluster to exit safe mode
2022-01-08 13:18:23,084 [Listener at 127.0.0.1/12096] INFO  ozone.MiniOzoneClusterImpl (MiniOzoneClusterImpl.java:lambda$waitForClusterToBeReady$0(240)) - SCM became leader
2022-01-08 13:18:23,172 [Datanode State Machine Daemon Thread] ERROR datanode.RunningDatanodeState (RunningDatanodeState.java:computeNextContainerState(199)) - Error in executing end point task.
java.util.concurrent.ExecutionException: java.util.concurrent.TimeoutException
	at java.util.concurrent.FutureTask.report(FutureTask.java:122)
	at java.util.concurrent.FutureTask.get(FutureTask.java:192)
	at org.apache.hadoop.ozone.container.common.states.datanode.RunningDatanodeState.computeNextContainerState(RunningDatanodeState.java:191)
	at org.apache.hadoop.ozone.container.common.states.datanode.RunningDatanodeState.await(RunningDatanodeState.java:231)
	at org.apache.hadoop.ozone.container.common.states.datanode.RunningDatanodeState.await(RunningDatanodeState.java:50)
	at org.apache.hadoop.ozone.container.common.statemachine.StateContext.execute(StateContext.java:633)
	at org.apache.hadoop.ozone.container.common.statemachine.DatanodeStateMachine.start(DatanodeStateMachine.java:280)
	at org.apache.hadoop.ozone.container.common.statemachine.DatanodeStateMachine.lambda$startDaemon$0(DatanodeStateMachine.java:468)
	at java.lang.Thread.run(Thread.java:748)
Caused by: java.util.concurrent.TimeoutException
	at java.util.concurrent.FutureTask.get(FutureTask.java:205)
	at org.apache.hadoop.ozone.container.common.states.datanode.RunningDatanodeState.lambda$execute$0(RunningDatanodeState.java:149)
	at java.util.concurrent.FutureTask.run(FutureTask.java:266)
	at java.util.concurrent.Executors$RunnableAdapter.call(Executors.java:511)
	at java.util.concurrent.FutureTask.run(FutureTask.java:266)
	at java.util.concurrent.ThreadPoolExecutor.runWorker(ThreadPoolExecutor.java:1149)
	at java.util.concurrent.ThreadPoolExecutor$Worker.run(ThreadPoolExecutor.java:624)
	... 1 more
2022-01-08 13:18:23,577 [EndpointStateMachine task thread for /127.0.0.1:15227 - 0 ] INFO  ipc.Client (Client.java:handleConnectionFailure(977)) - Retrying connect to server: localhost/127.0.0.1:15227. Already tried 4 time(s); retry policy is RetryUpToMaximumCountWithFixedSleep(maxRetries=15, sleepTime=1000 MILLISECONDS)
2022-01-08 13:18:23,587 [EndpointStateMachine task thread for /127.0.0.1:15217 - 0 ] INFO  ipc.Client (Client.java:handleConnectionFailure(977)) - Retrying connect to server: localhost/127.0.0.1:15217. Already tried 7 time(s); retry policy is RetryUpToMaximumCountWithFixedSleep(maxRetries=15, sleepTime=1000 MILLISECONDS)
2022-01-08 13:18:23,621 [EndpointStateMachine task thread for /127.0.0.1:15237 - 0 ] INFO  ipc.Client (Client.java:handleConnectionFailure(977)) - Retrying connect to server: localhost/127.0.0.1:15237. Already tried 4 time(s); retry policy is RetryUpToMaximumCountWithFixedSleep(maxRetries=15, sleepTime=1000 MILLISECONDS)
2022-01-08 13:18:23,653 [737545ee-dc45-4e08-9429-983c1d4f2632@group-58F3DA5FB7B7-FollowerState] INFO  impl.FollowerState (FollowerState.java:run(134)) - 737545ee-dc45-4e08-9429-983c1d4f2632@group-58F3DA5FB7B7-FollowerState: change to CANDIDATE, lastRpcElapsedTime:5049114493ns, electionTimeout:5048ms
2022-01-08 13:18:23,654 [737545ee-dc45-4e08-9429-983c1d4f2632@group-58F3DA5FB7B7-FollowerState] INFO  impl.RoleInfo (RoleInfo.java:shutdownFollowerState(108)) - 737545ee-dc45-4e08-9429-983c1d4f2632: shutdown 737545ee-dc45-4e08-9429-983c1d4f2632@group-58F3DA5FB7B7-FollowerState
2022-01-08 13:18:23,654 [737545ee-dc45-4e08-9429-983c1d4f2632@group-58F3DA5FB7B7-FollowerState] INFO  server.RaftServer$Division (RaftServerImpl.java:setRole(290)) - 737545ee-dc45-4e08-9429-983c1d4f2632@group-58F3DA5FB7B7: changes role from  FOLLOWER to CANDIDATE at term 0 for changeToCandidate
2022-01-08 13:18:23,655 [737545ee-dc45-4e08-9429-983c1d4f2632@group-58F3DA5FB7B7-FollowerState] INFO  server.RaftServerConfigKeys (ConfUtils.java:logGet(44)) - raft.server.leaderelection.pre-vote = false (custom)
2022-01-08 13:18:23,655 [737545ee-dc45-4e08-9429-983c1d4f2632@group-58F3DA5FB7B7-FollowerState] INFO  impl.RoleInfo (RoleInfo.java:updateAndGet(130)) - 737545ee-dc45-4e08-9429-983c1d4f2632: start 737545ee-dc45-4e08-9429-983c1d4f2632@group-58F3DA5FB7B7-LeaderElection20
2022-01-08 13:18:23,672 [737545ee-dc45-4e08-9429-983c1d4f2632@group-58F3DA5FB7B7-LeaderElection20] INFO  impl.LeaderElection (LeaderElection.java:askForVotes(306)) - 737545ee-dc45-4e08-9429-983c1d4f2632@group-58F3DA5FB7B7-LeaderElection20 ELECTION round 0: submit vote requests at term 1 for -1: [c0322a57-4f2b-423f-b02f-0677e9b7408d|rpc:127.0.0.1:43283|priority:1, f4bd9712-e444-41ba-bddc-dab6ab48249e|rpc:127.0.0.1:34435|priority:0, 737545ee-dc45-4e08-9429-983c1d4f2632|rpc:127.0.0.1:46773|priority:0], old=null
2022-01-08 13:18:23,700 [grpc-default-executor-2] INFO  server.RaftServer$Division (RaftServerImpl.java:requestVote(1046)) - c0322a57-4f2b-423f-b02f-0677e9b7408d@group-58F3DA5FB7B7: receive requestVote(ELECTION, 737545ee-dc45-4e08-9429-983c1d4f2632, group-58F3DA5FB7B7, 1, (t:0, i:0))
2022-01-08 13:18:23,700 [grpc-default-executor-2] INFO  impl.VoteContext (VoteContext.java:log(48)) - c0322a57-4f2b-423f-b02f-0677e9b7408d@group-58F3DA5FB7B7-FOLLOWER: reject ELECTION from 737545ee-dc45-4e08-9429-983c1d4f2632: our priority 1 > candidate's priority 0
2022-01-08 13:18:23,700 [grpc-default-executor-2] INFO  server.RaftServer$Division (RaftServerImpl.java:setRole(290)) - c0322a57-4f2b-423f-b02f-0677e9b7408d@group-58F3DA5FB7B7: changes role from  FOLLOWER to FOLLOWER at term 1 for candidate:737545ee-dc45-4e08-9429-983c1d4f2632
2022-01-08 13:18:23,700 [grpc-default-executor-2] INFO  impl.RoleInfo (RoleInfo.java:shutdownFollowerState(108)) - c0322a57-4f2b-423f-b02f-0677e9b7408d: shutdown c0322a57-4f2b-423f-b02f-0677e9b7408d@group-58F3DA5FB7B7-FollowerState
2022-01-08 13:18:23,700 [c0322a57-4f2b-423f-b02f-0677e9b7408d@group-58F3DA5FB7B7-FollowerState] INFO  impl.FollowerState (FollowerState.java:run(143)) - c0322a57-4f2b-423f-b02f-0677e9b7408d@group-58F3DA5FB7B7-FollowerState was interrupted: {}
java.lang.InterruptedException: sleep interrupted
	at java.lang.Thread.sleep(Native Method)
	at java.lang.Thread.sleep(Thread.java:340)
	at java.util.concurrent.TimeUnit.sleep(TimeUnit.java:386)
	at org.apache.ratis.util.TimeDuration.sleep(TimeDuration.java:324)
	at org.apache.ratis.util.TimeDuration.sleep(TimeDuration.java:309)
	at org.apache.ratis.server.impl.FollowerState.run(FollowerState.java:118)
2022-01-08 13:18:23,700 [grpc-default-executor-2] INFO  impl.RoleInfo (RoleInfo.java:updateAndGet(130)) - c0322a57-4f2b-423f-b02f-0677e9b7408d: start c0322a57-4f2b-423f-b02f-0677e9b7408d@group-58F3DA5FB7B7-FollowerState
2022-01-08 13:18:23,711 [737545ee-dc45-4e08-9429-983c1d4f2632@group-E77A0E4FD1D6-FollowerState] INFO  impl.FollowerState (FollowerState.java:run(134)) - 737545ee-dc45-4e08-9429-983c1d4f2632@group-E77A0E4FD1D6-FollowerState: change to CANDIDATE, lastRpcElapsedTime:5155684412ns, electionTimeout:5137ms
2022-01-08 13:18:23,711 [737545ee-dc45-4e08-9429-983c1d4f2632@group-E77A0E4FD1D6-FollowerState] INFO  impl.RoleInfo (RoleInfo.java:shutdownFollowerState(108)) - 737545ee-dc45-4e08-9429-983c1d4f2632: shutdown 737545ee-dc45-4e08-9429-983c1d4f2632@group-E77A0E4FD1D6-FollowerState
2022-01-08 13:18:23,711 [737545ee-dc45-4e08-9429-983c1d4f2632@group-E77A0E4FD1D6-FollowerState] INFO  server.RaftServer$Division (RaftServerImpl.java:setRole(290)) - 737545ee-dc45-4e08-9429-983c1d4f2632@group-E77A0E4FD1D6: changes role from  FOLLOWER to CANDIDATE at term 0 for changeToCandidate
2022-01-08 13:18:23,724 [737545ee-dc45-4e08-9429-983c1d4f2632@group-E77A0E4FD1D6-FollowerState] INFO  server.RaftServerConfigKeys (ConfUtils.java:logGet(44)) - raft.server.leaderelection.pre-vote = false (custom)
2022-01-08 13:18:23,724 [737545ee-dc45-4e08-9429-983c1d4f2632@group-E77A0E4FD1D6-FollowerState] INFO  impl.RoleInfo (RoleInfo.java:updateAndGet(130)) - 737545ee-dc45-4e08-9429-983c1d4f2632: start 737545ee-dc45-4e08-9429-983c1d4f2632@group-E77A0E4FD1D6-LeaderElection21
2022-01-08 13:18:23,726 [grpc-default-executor-2] INFO  server.RaftServer$Division (RaftServerImpl.java:requestVote(1078)) - c0322a57-4f2b-423f-b02f-0677e9b7408d@group-58F3DA5FB7B7 replies to ELECTION vote request: 737545ee-dc45-4e08-9429-983c1d4f2632<-c0322a57-4f2b-423f-b02f-0677e9b7408d#0:FAIL-t1. Peer's state: c0322a57-4f2b-423f-b02f-0677e9b7408d@group-58F3DA5FB7B7:t1, leader=null, voted=null, raftlog=c0322a57-4f2b-423f-b02f-0677e9b7408d@group-58F3DA5FB7B7-SegmentedRaftLog:OPENED:c-1, conf=-1: [c0322a57-4f2b-423f-b02f-0677e9b7408d|rpc:127.0.0.1:43283|dataStream:|priority:1, f4bd9712-e444-41ba-bddc-dab6ab48249e|rpc:127.0.0.1:34435|dataStream:|priority:0, 737545ee-dc45-4e08-9429-983c1d4f2632|rpc:127.0.0.1:46773|dataStream:|priority:0], old=null
2022-01-08 13:18:23,740 [737545ee-dc45-4e08-9429-983c1d4f2632@group-58F3DA5FB7B7-LeaderElection20] INFO  impl.LeaderElection (LeaderElection.java:logAndReturn(89)) - 737545ee-dc45-4e08-9429-983c1d4f2632@group-58F3DA5FB7B7-LeaderElection20: ELECTION REJECTED received 1 response(s) and 0 exception(s):
2022-01-08 13:18:23,740 [737545ee-dc45-4e08-9429-983c1d4f2632@group-58F3DA5FB7B7-LeaderElection20] INFO  impl.LeaderElection (LeaderElection.java:logAndReturn(93)) -   Response 0: 737545ee-dc45-4e08-9429-983c1d4f2632<-c0322a57-4f2b-423f-b02f-0677e9b7408d#0:FAIL-t1
2022-01-08 13:18:23,741 [737545ee-dc45-4e08-9429-983c1d4f2632@group-58F3DA5FB7B7-LeaderElection20] INFO  impl.LeaderElection (LeaderElection.java:askForVotes(308)) - 737545ee-dc45-4e08-9429-983c1d4f2632@group-58F3DA5FB7B7-LeaderElection20 ELECTION round 0: result REJECTED
2022-01-08 13:18:23,741 [737545ee-dc45-4e08-9429-983c1d4f2632@group-58F3DA5FB7B7-LeaderElection20] INFO  server.RaftServer$Division (RaftServerImpl.java:setRole(290)) - 737545ee-dc45-4e08-9429-983c1d4f2632@group-58F3DA5FB7B7: changes role from CANDIDATE to FOLLOWER at term 1 for REJECTED
2022-01-08 13:18:23,741 [737545ee-dc45-4e08-9429-983c1d4f2632@group-58F3DA5FB7B7-LeaderElection20] INFO  impl.RoleInfo (RoleInfo.java:shutdownLeaderElection(121)) - 737545ee-dc45-4e08-9429-983c1d4f2632: shutdown 737545ee-dc45-4e08-9429-983c1d4f2632@group-58F3DA5FB7B7-LeaderElection20
2022-01-08 13:18:23,741 [737545ee-dc45-4e08-9429-983c1d4f2632@group-58F3DA5FB7B7-LeaderElection20] INFO  impl.RoleInfo (RoleInfo.java:updateAndGet(130)) - 737545ee-dc45-4e08-9429-983c1d4f2632: start 737545ee-dc45-4e08-9429-983c1d4f2632@group-58F3DA5FB7B7-FollowerState
2022-01-08 13:18:23,742 [grpc-default-executor-3] INFO  server.RaftServer$Division (RaftServerImpl.java:requestVote(1046)) - f4bd9712-e444-41ba-bddc-dab6ab48249e@group-58F3DA5FB7B7: receive requestVote(ELECTION, 737545ee-dc45-4e08-9429-983c1d4f2632, group-58F3DA5FB7B7, 1, (t:0, i:0))
2022-01-08 13:18:23,742 [grpc-default-executor-3] INFO  impl.VoteContext (VoteContext.java:log(48)) - f4bd9712-e444-41ba-bddc-dab6ab48249e@group-58F3DA5FB7B7-FOLLOWER: accept ELECTION from 737545ee-dc45-4e08-9429-983c1d4f2632: our priority 0 <= candidate's priority 0
2022-01-08 13:18:23,743 [grpc-default-executor-3] INFO  server.RaftServer$Division (RaftServerImpl.java:setRole(290)) - f4bd9712-e444-41ba-bddc-dab6ab48249e@group-58F3DA5FB7B7: changes role from  FOLLOWER to FOLLOWER at term 1 for candidate:737545ee-dc45-4e08-9429-983c1d4f2632
2022-01-08 13:18:23,743 [grpc-default-executor-3] INFO  impl.RoleInfo (RoleInfo.java:shutdownFollowerState(108)) - f4bd9712-e444-41ba-bddc-dab6ab48249e: shutdown f4bd9712-e444-41ba-bddc-dab6ab48249e@group-58F3DA5FB7B7-FollowerState
2022-01-08 13:18:23,743 [grpc-default-executor-3] INFO  impl.RoleInfo (RoleInfo.java:updateAndGet(130)) - f4bd9712-e444-41ba-bddc-dab6ab48249e: start f4bd9712-e444-41ba-bddc-dab6ab48249e@group-58F3DA5FB7B7-FollowerState
2022-01-08 13:18:23,743 [f4bd9712-e444-41ba-bddc-dab6ab48249e@group-58F3DA5FB7B7-FollowerState] INFO  impl.FollowerState (FollowerState.java:run(143)) - f4bd9712-e444-41ba-bddc-dab6ab48249e@group-58F3DA5FB7B7-FollowerState was interrupted: {}
java.lang.InterruptedException: sleep interrupted
	at java.lang.Thread.sleep(Native Method)
	at java.lang.Thread.sleep(Thread.java:340)
	at java.util.concurrent.TimeUnit.sleep(TimeUnit.java:386)
	at org.apache.ratis.util.TimeDuration.sleep(TimeDuration.java:324)
	at org.apache.ratis.util.TimeDuration.sleep(TimeDuration.java:309)
	at org.apache.ratis.server.impl.FollowerState.run(FollowerState.java:118)
2022-01-08 13:18:23,771 [grpc-default-executor-3] INFO  server.RaftServer$Division (RaftServerImpl.java:requestVote(1078)) - f4bd9712-e444-41ba-bddc-dab6ab48249e@group-58F3DA5FB7B7 replies to ELECTION vote request: 737545ee-dc45-4e08-9429-983c1d4f2632<-f4bd9712-e444-41ba-bddc-dab6ab48249e#0:OK-t1. Peer's state: f4bd9712-e444-41ba-bddc-dab6ab48249e@group-58F3DA5FB7B7:t1, leader=null, voted=737545ee-dc45-4e08-9429-983c1d4f2632, raftlog=f4bd9712-e444-41ba-bddc-dab6ab48249e@group-58F3DA5FB7B7-SegmentedRaftLog:OPENED:c-1, conf=-1: [c0322a57-4f2b-423f-b02f-0677e9b7408d|rpc:127.0.0.1:43283|dataStream:|priority:1, f4bd9712-e444-41ba-bddc-dab6ab48249e|rpc:127.0.0.1:34435|dataStream:|priority:0, 737545ee-dc45-4e08-9429-983c1d4f2632|rpc:127.0.0.1:46773|dataStream:|priority:0], old=null
2022-01-08 13:18:23,775 [737545ee-dc45-4e08-9429-983c1d4f2632@group-E77A0E4FD1D6-LeaderElection21] INFO  impl.LeaderElection (LeaderElection.java:askForVotes(306)) - 737545ee-dc45-4e08-9429-983c1d4f2632@group-E77A0E4FD1D6-LeaderElection21 ELECTION round 0: submit vote requests at term 1 for -1: [737545ee-dc45-4e08-9429-983c1d4f2632|rpc:127.0.0.1:46773|priority:1], old=null
2022-01-08 13:18:23,775 [737545ee-dc45-4e08-9429-983c1d4f2632@group-E77A0E4FD1D6-LeaderElection21] INFO  impl.LeaderElection (LeaderElection.java:askForVotes(308)) - 737545ee-dc45-4e08-9429-983c1d4f2632@group-E77A0E4FD1D6-LeaderElection21 ELECTION round 0: result PASSED (term=1)
2022-01-08 13:18:23,775 [737545ee-dc45-4e08-9429-983c1d4f2632@group-E77A0E4FD1D6-LeaderElection21] INFO  impl.RoleInfo (RoleInfo.java:shutdownLeaderElection(121)) - 737545ee-dc45-4e08-9429-983c1d4f2632: shutdown 737545ee-dc45-4e08-9429-983c1d4f2632@group-E77A0E4FD1D6-LeaderElection21
2022-01-08 13:18:23,775 [737545ee-dc45-4e08-9429-983c1d4f2632@group-E77A0E4FD1D6-LeaderElection21] INFO  server.RaftServer$Division (RaftServerImpl.java:setRole(290)) - 737545ee-dc45-4e08-9429-983c1d4f2632@group-E77A0E4FD1D6: changes role from CANDIDATE to LEADER at term 1 for changeToLeader
2022-01-08 13:18:23,775 [737545ee-dc45-4e08-9429-983c1d4f2632@group-E77A0E4FD1D6-LeaderElection21] INFO  ratis.XceiverServerRatis (XceiverServerRatis.java:handleLeaderChangedNotification(866)) - Leader change notification received for group: group-E77A0E4FD1D6 with new leaderId: 737545ee-dc45-4e08-9429-983c1d4f2632
2022-01-08 13:18:23,776 [737545ee-dc45-4e08-9429-983c1d4f2632@group-E77A0E4FD1D6-LeaderElection21] INFO  server.RaftServer$Division (ServerState.java:setLeader(285)) - 737545ee-dc45-4e08-9429-983c1d4f2632@group-E77A0E4FD1D6: change Leader from null to 737545ee-dc45-4e08-9429-983c1d4f2632 at term 1 for becomeLeader, leader elected after 5275ms
2022-01-08 13:18:23,776 [737545ee-dc45-4e08-9429-983c1d4f2632@group-E77A0E4FD1D6-LeaderElection21] INFO  server.RaftServerConfigKeys (ConfUtils.java:logGet(44)) - raft.server.staging.catchup.gap = 1000 (default)
2022-01-08 13:18:23,776 [737545ee-dc45-4e08-9429-983c1d4f2632@group-E77A0E4FD1D6-LeaderElection21] INFO  server.RaftServerConfigKeys (ConfUtils.java:logGet(44)) - raft.server.write.element-limit = 1024 (custom)
2022-01-08 13:18:23,776 [737545ee-dc45-4e08-9429-983c1d4f2632@group-E77A0E4FD1D6-LeaderElection21] INFO  server.RaftServerConfigKeys (ConfUtils.java:logGet(44)) - raft.server.write.byte-limit = 1024 M (=1073741824) (custom)
2022-01-08 13:18:23,776 [737545ee-dc45-4e08-9429-983c1d4f2632@group-E77A0E4FD1D6-LeaderElection21] INFO  server.RaftServerConfigKeys (ConfUtils.java:logGet(44)) - raft.server.watch.timeout = 180s (custom)
2022-01-08 13:18:23,776 [737545ee-dc45-4e08-9429-983c1d4f2632@group-E77A0E4FD1D6-LeaderElection21] INFO  server.RaftServerConfigKeys (ConfUtils.java:logGet(44)) - raft.server.watch.timeout.denomination = 1s (default)
2022-01-08 13:18:23,776 [737545ee-dc45-4e08-9429-983c1d4f2632@group-E77A0E4FD1D6-LeaderElection21] INFO  server.RaftServerConfigKeys (ConfUtils.java:logGet(44)) - raft.server.watch.element-limit = 65536 (default)
2022-01-08 13:18:23,776 [737545ee-dc45-4e08-9429-983c1d4f2632@group-E77A0E4FD1D6-LeaderElection21] INFO  server.RaftServerConfigKeys (ConfUtils.java:logGet(44)) - raft.server.write.element-limit = 1024 (custom)
2022-01-08 13:18:23,776 [737545ee-dc45-4e08-9429-983c1d4f2632@group-E77A0E4FD1D6-LeaderElection21] INFO  server.RaftServerConfigKeys (ConfUtils.java:logGet(44)) - raft.server.write.follower.gap.ratio.max = -1.0 (default)
2022-01-08 13:18:23,776 [737545ee-dc45-4e08-9429-983c1d4f2632@group-E77A0E4FD1D6-LeaderElection21] INFO  impl.RoleInfo (RoleInfo.java:updateAndGet(130)) - 737545ee-dc45-4e08-9429-983c1d4f2632: start 737545ee-dc45-4e08-9429-983c1d4f2632@group-E77A0E4FD1D6-LeaderStateImpl
2022-01-08 13:18:23,777 [737545ee-dc45-4e08-9429-983c1d4f2632@group-E77A0E4FD1D6-LeaderElection21] INFO  segmented.SegmentedRaftLogWorker (SegmentedRaftLogWorker.java:startLogSegment(394)) - 737545ee-dc45-4e08-9429-983c1d4f2632@group-E77A0E4FD1D6-SegmentedRaftLogWorker: Starting segment from index:0
2022-01-08 13:18:23,777 [EventQueue-OpenPipelineForHealthyPipelineSafeModeRule] INFO  safemode.SCMSafeModeManager (HealthyPipelineSafeModeRule.java:process(124)) - SCM in safe mode. Healthy pipelines reported count is 0, required healthy pipeline reported count is 1
2022-01-08 13:18:23,782 [EventQueue-OpenPipelineForHealthyPipelineSafeModeRule] INFO  safemode.SCMSafeModeManager (HealthyPipelineSafeModeRule.java:process(124)) - SCM in safe mode. Healthy pipelines reported count is 0, required healthy pipeline reported count is 1
2022-01-08 13:18:23,782 [737545ee-dc45-4e08-9429-983c1d4f2632@group-E77A0E4FD1D6-SegmentedRaftLogWorker] INFO  segmented.SegmentedRaftLogWorker (SegmentedRaftLogWorker.java:execute(601)) - 737545ee-dc45-4e08-9429-983c1d4f2632@group-E77A0E4FD1D6-SegmentedRaftLogWorker: created new log segment /home/runner/work/ozone/ozone/hadoop-ozone/integration-test/target/test-dir/MiniOzoneClusterImpl-96dde82e-0bdc-4c97-ae5c-ef816938392d/datanode-0/data/ratis/8c20c318-9b92-4f4d-b229-e77a0e4fd1d6/current/log_inprogress_0
2022-01-08 13:18:23,795 [737545ee-dc45-4e08-9429-983c1d4f2632@group-E77A0E4FD1D6-LeaderElection21] INFO  server.RaftServer$Division (ServerState.java:setRaftConf(387)) - 737545ee-dc45-4e08-9429-983c1d4f2632@group-E77A0E4FD1D6: set configuration 0: [737545ee-dc45-4e08-9429-983c1d4f2632|rpc:127.0.0.1:46773|dataStream:|priority:1], old=null
2022-01-08 13:18:23,872 [Datanode State Machine Daemon Thread] ERROR datanode.RunningDatanodeState (RunningDatanodeState.java:computeNextContainerState(199)) - Error in executing end point task.
java.util.concurrent.ExecutionException: java.util.concurrent.TimeoutException
	at java.util.concurrent.FutureTask.report(FutureTask.java:122)
	at java.util.concurrent.FutureTask.get(FutureTask.java:192)
	at org.apache.hadoop.ozone.container.common.states.datanode.RunningDatanodeState.computeNextContainerState(RunningDatanodeState.java:191)
	at org.apache.hadoop.ozone.container.common.states.datanode.RunningDatanodeState.await(RunningDatanodeState.java:231)
	at org.apache.hadoop.ozone.container.common.states.datanode.RunningDatanodeState.await(RunningDatanodeState.java:50)
	at org.apache.hadoop.ozone.container.common.statemachine.StateContext.execute(StateContext.java:633)
	at org.apache.hadoop.ozone.container.common.statemachine.DatanodeStateMachine.start(DatanodeStateMachine.java:280)
	at org.apache.hadoop.ozone.container.common.statemachine.DatanodeStateMachine.lambda$startDaemon$0(DatanodeStateMachine.java:468)
	at java.lang.Thread.run(Thread.java:748)
Caused by: java.util.concurrent.TimeoutException
	at java.util.concurrent.FutureTask.get(FutureTask.java:205)
	at org.apache.hadoop.ozone.container.common.states.datanode.RunningDatanodeState.lambda$execute$0(RunningDatanodeState.java:149)
	at java.util.concurrent.FutureTask.run(FutureTask.java:266)
	at java.util.concurrent.Executors$RunnableAdapter.call(Executors.java:511)
	at java.util.concurrent.FutureTask.run(FutureTask.java:266)
	at java.util.concurrent.ThreadPoolExecutor.runWorker(ThreadPoolExecutor.java:1149)
	at java.util.concurrent.ThreadPoolExecutor$Worker.run(ThreadPoolExecutor.java:624)
	... 1 more
2022-01-08 13:18:23,948 [737545ee-dc45-4e08-9429-983c1d4f2632@group-CE302EA33CC7-FollowerState] INFO  impl.FollowerState (FollowerState.java:run(134)) - 737545ee-dc45-4e08-9429-983c1d4f2632@group-CE302EA33CC7-FollowerState: change to CANDIDATE, lastRpcElapsedTime:5137600535ns, electionTimeout:5128ms
2022-01-08 13:18:23,948 [737545ee-dc45-4e08-9429-983c1d4f2632@group-CE302EA33CC7-FollowerState] INFO  impl.RoleInfo (RoleInfo.java:shutdownFollowerState(108)) - 737545ee-dc45-4e08-9429-983c1d4f2632: shutdown 737545ee-dc45-4e08-9429-983c1d4f2632@group-CE302EA33CC7-FollowerState
2022-01-08 13:18:23,948 [737545ee-dc45-4e08-9429-983c1d4f2632@group-CE302EA33CC7-FollowerState] INFO  server.RaftServer$Division (RaftServerImpl.java:setRole(290)) - 737545ee-dc45-4e08-9429-983c1d4f2632@group-CE302EA33CC7: changes role from  FOLLOWER to CANDIDATE at term 0 for changeToCandidate
2022-01-08 13:18:23,949 [737545ee-dc45-4e08-9429-983c1d4f2632@group-CE302EA33CC7-FollowerState] INFO  server.RaftServerConfigKeys (ConfUtils.java:logGet(44)) - raft.server.leaderelection.pre-vote = false (custom)
2022-01-08 13:18:23,949 [737545ee-dc45-4e08-9429-983c1d4f2632@group-CE302EA33CC7-FollowerState] INFO  impl.RoleInfo (RoleInfo.java:updateAndGet(130)) - 737545ee-dc45-4e08-9429-983c1d4f2632: start 737545ee-dc45-4e08-9429-983c1d4f2632@group-CE302EA33CC7-LeaderElection22
2022-01-08 13:18:23,965 [737545ee-dc45-4e08-9429-983c1d4f2632@group-CE302EA33CC7-LeaderElection22] INFO  impl.LeaderElection (LeaderElection.java:askForVotes(306)) - 737545ee-dc45-4e08-9429-983c1d4f2632@group-CE302EA33CC7-LeaderElection22 ELECTION round 0: submit vote requests at term 1 for -1: [c0322a57-4f2b-423f-b02f-0677e9b7408d|rpc:127.0.0.1:43283|priority:0, f4bd9712-e444-41ba-bddc-dab6ab48249e|rpc:127.0.0.1:34435|priority:1, 737545ee-dc45-4e08-9429-983c1d4f2632|rpc:127.0.0.1:46773|priority:0], old=null
2022-01-08 13:18:23,980 [grpc-default-executor-3] INFO  server.RaftServer$Division (RaftServerImpl.java:requestVote(1046)) - c0322a57-4f2b-423f-b02f-0677e9b7408d@group-CE302EA33CC7: receive requestVote(ELECTION, 737545ee-dc45-4e08-9429-983c1d4f2632, group-CE302EA33CC7, 1, (t:0, i:0))
2022-01-08 13:18:23,980 [grpc-default-executor-3] INFO  impl.VoteContext (VoteContext.java:log(48)) - c0322a57-4f2b-423f-b02f-0677e9b7408d@group-CE302EA33CC7-FOLLOWER: accept ELECTION from 737545ee-dc45-4e08-9429-983c1d4f2632: our priority 0 <= candidate's priority 0
2022-01-08 13:18:23,980 [grpc-default-executor-3] INFO  server.RaftServer$Division (RaftServerImpl.java:setRole(290)) - c0322a57-4f2b-423f-b02f-0677e9b7408d@group-CE302EA33CC7: changes role from  FOLLOWER to FOLLOWER at term 1 for candidate:737545ee-dc45-4e08-9429-983c1d4f2632
2022-01-08 13:18:23,980 [grpc-default-executor-3] INFO  impl.RoleInfo (RoleInfo.java:shutdownFollowerState(108)) - c0322a57-4f2b-423f-b02f-0677e9b7408d: shutdown c0322a57-4f2b-423f-b02f-0677e9b7408d@group-CE302EA33CC7-FollowerState
2022-01-08 13:18:23,980 [grpc-default-executor-3] INFO  impl.RoleInfo (RoleInfo.java:updateAndGet(130)) - c0322a57-4f2b-423f-b02f-0677e9b7408d: start c0322a57-4f2b-423f-b02f-0677e9b7408d@group-CE302EA33CC7-FollowerState
2022-01-08 13:18:23,980 [c0322a57-4f2b-423f-b02f-0677e9b7408d@group-CE302EA33CC7-FollowerState] INFO  impl.FollowerState (FollowerState.java:run(143)) - c0322a57-4f2b-423f-b02f-0677e9b7408d@group-CE302EA33CC7-FollowerState was interrupted: {}
java.lang.InterruptedException: sleep interrupted
	at java.lang.Thread.sleep(Native Method)
	at java.lang.Thread.sleep(Thread.java:340)
	at java.util.concurrent.TimeUnit.sleep(TimeUnit.java:386)
	at org.apache.ratis.util.TimeDuration.sleep(TimeDuration.java:324)
	at org.apache.ratis.util.TimeDuration.sleep(TimeDuration.java:309)
	at org.apache.ratis.server.impl.FollowerState.run(FollowerState.java:118)
2022-01-08 13:18:23,989 [grpc-default-executor-2] INFO  server.RaftServer$Division (RaftServerImpl.java:requestVote(1046)) - f4bd9712-e444-41ba-bddc-dab6ab48249e@group-CE302EA33CC7: receive requestVote(ELECTION, 737545ee-dc45-4e08-9429-983c1d4f2632, group-CE302EA33CC7, 1, (t:0, i:0))
2022-01-08 13:18:23,989 [grpc-default-executor-2] INFO  impl.VoteContext (VoteContext.java:log(48)) - f4bd9712-e444-41ba-bddc-dab6ab48249e@group-CE302EA33CC7-FOLLOWER: reject ELECTION from 737545ee-dc45-4e08-9429-983c1d4f2632: our priority 1 > candidate's priority 0
2022-01-08 13:18:23,989 [grpc-default-executor-2] INFO  server.RaftServer$Division (RaftServerImpl.java:setRole(290)) - f4bd9712-e444-41ba-bddc-dab6ab48249e@group-CE302EA33CC7: changes role from  FOLLOWER to FOLLOWER at term 1 for candidate:737545ee-dc45-4e08-9429-983c1d4f2632
2022-01-08 13:18:23,989 [grpc-default-executor-2] INFO  impl.RoleInfo (RoleInfo.java:shutdownFollowerState(108)) - f4bd9712-e444-41ba-bddc-dab6ab48249e: shutdown f4bd9712-e444-41ba-bddc-dab6ab48249e@group-CE302EA33CC7-FollowerState
2022-01-08 13:18:23,989 [grpc-default-executor-2] INFO  impl.RoleInfo (RoleInfo.java:updateAndGet(130)) - f4bd9712-e444-41ba-bddc-dab6ab48249e: start f4bd9712-e444-41ba-bddc-dab6ab48249e@group-CE302EA33CC7-FollowerState
2022-01-08 13:18:23,989 [f4bd9712-e444-41ba-bddc-dab6ab48249e@group-CE302EA33CC7-FollowerState] INFO  impl.FollowerState (FollowerState.java:run(143)) - f4bd9712-e444-41ba-bddc-dab6ab48249e@group-CE302EA33CC7-FollowerState was interrupted: {}
java.lang.InterruptedException: sleep interrupted
	at java.lang.Thread.sleep(Native Method)
	at java.lang.Thread.sleep(Thread.java:340)
	at java.util.concurrent.TimeUnit.sleep(TimeUnit.java:386)
	at org.apache.ratis.util.TimeDuration.sleep(TimeDuration.java:324)
	at org.apache.ratis.util.TimeDuration.sleep(TimeDuration.java:309)
	at org.apache.ratis.server.impl.FollowerState.run(FollowerState.java:118)
2022-01-08 13:18:23,993 [grpc-default-executor-3] INFO  server.RaftServer$Division (RaftServerImpl.java:requestVote(1078)) - c0322a57-4f2b-423f-b02f-0677e9b7408d@group-CE302EA33CC7 replies to ELECTION vote request: 737545ee-dc45-4e08-9429-983c1d4f2632<-c0322a57-4f2b-423f-b02f-0677e9b7408d#0:OK-t1. Peer's state: c0322a57-4f2b-423f-b02f-0677e9b7408d@group-CE302EA33CC7:t1, leader=null, voted=737545ee-dc45-4e08-9429-983c1d4f2632, raftlog=c0322a57-4f2b-423f-b02f-0677e9b7408d@group-CE302EA33CC7-SegmentedRaftLog:OPENED:c-1, conf=-1: [c0322a57-4f2b-423f-b02f-0677e9b7408d|rpc:127.0.0.1:43283|dataStream:|priority:0, f4bd9712-e444-41ba-bddc-dab6ab48249e|rpc:127.0.0.1:34435|dataStream:|priority:1, 737545ee-dc45-4e08-9429-983c1d4f2632|rpc:127.0.0.1:46773|dataStream:|priority:0], old=null
2022-01-08 13:18:24,000 [grpc-default-executor-2] INFO  server.RaftServer$Division (RaftServerImpl.java:requestVote(1078)) - f4bd9712-e444-41ba-bddc-dab6ab48249e@group-CE302EA33CC7 replies to ELECTION vote request: 737545ee-dc45-4e08-9429-983c1d4f2632<-f4bd9712-e444-41ba-bddc-dab6ab48249e#0:FAIL-t1. Peer's state: f4bd9712-e444-41ba-bddc-dab6ab48249e@group-CE302EA33CC7:t1, leader=null, voted=null, raftlog=f4bd9712-e444-41ba-bddc-dab6ab48249e@group-CE302EA33CC7-SegmentedRaftLog:OPENED:c-1, conf=-1: [c0322a57-4f2b-423f-b02f-0677e9b7408d|rpc:127.0.0.1:43283|dataStream:|priority:0, f4bd9712-e444-41ba-bddc-dab6ab48249e|rpc:127.0.0.1:34435|dataStream:|priority:1, 737545ee-dc45-4e08-9429-983c1d4f2632|rpc:127.0.0.1:46773|dataStream:|priority:0], old=null
2022-01-08 13:18:24,001 [737545ee-dc45-4e08-9429-983c1d4f2632@group-CE302EA33CC7-LeaderElection22] INFO  impl.LeaderElection (LeaderElection.java:logAndReturn(89)) - 737545ee-dc45-4e08-9429-983c1d4f2632@group-CE302EA33CC7-LeaderElection22: ELECTION REJECTED received 2 response(s) and 0 exception(s):
2022-01-08 13:18:24,001 [737545ee-dc45-4e08-9429-983c1d4f2632@group-CE302EA33CC7-LeaderElection22] INFO  impl.LeaderElection (LeaderElection.java:logAndReturn(93)) -   Response 0: 737545ee-dc45-4e08-9429-983c1d4f2632<-c0322a57-4f2b-423f-b02f-0677e9b7408d#0:OK-t1
2022-01-08 13:18:24,001 [737545ee-dc45-4e08-9429-983c1d4f2632@group-CE302EA33CC7-LeaderElection22] INFO  impl.LeaderElection (LeaderElection.java:logAndReturn(93)) -   Response 1: 737545ee-dc45-4e08-9429-983c1d4f2632<-f4bd9712-e444-41ba-bddc-dab6ab48249e#0:FAIL-t1
2022-01-08 13:18:24,001 [737545ee-dc45-4e08-9429-983c1d4f2632@group-CE302EA33CC7-LeaderElection22] INFO  impl.LeaderElection (LeaderElection.java:askForVotes(308)) - 737545ee-dc45-4e08-9429-983c1d4f2632@group-CE302EA33CC7-LeaderElection22 ELECTION round 0: result REJECTED
2022-01-08 13:18:24,001 [737545ee-dc45-4e08-9429-983c1d4f2632@group-CE302EA33CC7-LeaderElection22] INFO  server.RaftServer$Division (RaftServerImpl.java:setRole(290)) - 737545ee-dc45-4e08-9429-983c1d4f2632@group-CE302EA33CC7: changes role from CANDIDATE to FOLLOWER at term 1 for REJECTED
2022-01-08 13:18:24,001 [737545ee-dc45-4e08-9429-983c1d4f2632@group-CE302EA33CC7-LeaderElection22] INFO  impl.RoleInfo (RoleInfo.java:shutdownLeaderElection(121)) - 737545ee-dc45-4e08-9429-983c1d4f2632: shutdown 737545ee-dc45-4e08-9429-983c1d4f2632@group-CE302EA33CC7-LeaderElection22
2022-01-08 13:18:24,001 [737545ee-dc45-4e08-9429-983c1d4f2632@group-CE302EA33CC7-LeaderElection22] INFO  impl.RoleInfo (RoleInfo.java:updateAndGet(130)) - 737545ee-dc45-4e08-9429-983c1d4f2632: start 737545ee-dc45-4e08-9429-983c1d4f2632@group-CE302EA33CC7-FollowerState
2022-01-08 13:18:24,048 [f4bd9712-e444-41ba-bddc-dab6ab48249e@group-113664083AB3-FollowerState] INFO  impl.FollowerState (FollowerState.java:run(134)) - f4bd9712-e444-41ba-bddc-dab6ab48249e@group-113664083AB3-FollowerState: change to CANDIDATE, lastRpcElapsedTime:5132841633ns, electionTimeout:5128ms
2022-01-08 13:18:24,048 [f4bd9712-e444-41ba-bddc-dab6ab48249e@group-113664083AB3-FollowerState] INFO  impl.RoleInfo (RoleInfo.java:shutdownFollowerState(108)) - f4bd9712-e444-41ba-bddc-dab6ab48249e: shutdown f4bd9712-e444-41ba-bddc-dab6ab48249e@group-113664083AB3-FollowerState
2022-01-08 13:18:24,048 [f4bd9712-e444-41ba-bddc-dab6ab48249e@group-113664083AB3-FollowerState] INFO  server.RaftServer$Division (RaftServerImpl.java:setRole(290)) - f4bd9712-e444-41ba-bddc-dab6ab48249e@group-113664083AB3: changes role from  FOLLOWER to CANDIDATE at term 0 for changeToCandidate
2022-01-08 13:18:24,049 [f4bd9712-e444-41ba-bddc-dab6ab48249e@group-113664083AB3-FollowerState] INFO  server.RaftServerConfigKeys (ConfUtils.java:logGet(44)) - raft.server.leaderelection.pre-vote = false (custom)
2022-01-08 13:18:24,050 [f4bd9712-e444-41ba-bddc-dab6ab48249e@group-113664083AB3-FollowerState] INFO  impl.RoleInfo (RoleInfo.java:updateAndGet(130)) - f4bd9712-e444-41ba-bddc-dab6ab48249e: start f4bd9712-e444-41ba-bddc-dab6ab48249e@group-113664083AB3-LeaderElection23
2022-01-08 13:18:24,067 [f4bd9712-e444-41ba-bddc-dab6ab48249e@group-113664083AB3-LeaderElection23] INFO  impl.LeaderElection (LeaderElection.java:askForVotes(306)) - f4bd9712-e444-41ba-bddc-dab6ab48249e@group-113664083AB3-LeaderElection23 ELECTION round 0: submit vote requests at term 1 for -1: [f4bd9712-e444-41ba-bddc-dab6ab48249e|rpc:127.0.0.1:34435|priority:1], old=null
2022-01-08 13:18:24,067 [f4bd9712-e444-41ba-bddc-dab6ab48249e@group-113664083AB3-LeaderElection23] INFO  impl.LeaderElection (LeaderElection.java:askForVotes(308)) - f4bd9712-e444-41ba-bddc-dab6ab48249e@group-113664083AB3-LeaderElection23 ELECTION round 0: result PASSED (term=1)
2022-01-08 13:18:24,067 [f4bd9712-e444-41ba-bddc-dab6ab48249e@group-113664083AB3-LeaderElection23] INFO  impl.RoleInfo (RoleInfo.java:shutdownLeaderElection(121)) - f4bd9712-e444-41ba-bddc-dab6ab48249e: shutdown f4bd9712-e444-41ba-bddc-dab6ab48249e@group-113664083AB3-LeaderElection23
2022-01-08 13:18:24,067 [f4bd9712-e444-41ba-bddc-dab6ab48249e@group-113664083AB3-LeaderElection23] INFO  server.RaftServer$Division (RaftServerImpl.java:setRole(290)) - f4bd9712-e444-41ba-bddc-dab6ab48249e@group-113664083AB3: changes role from CANDIDATE to LEADER at term 1 for changeToLeader
2022-01-08 13:18:24,067 [f4bd9712-e444-41ba-bddc-dab6ab48249e@group-113664083AB3-LeaderElection23] INFO  ratis.XceiverServerRatis (XceiverServerRatis.java:handleLeaderChangedNotification(866)) - Leader change notification received for group: group-113664083AB3 with new leaderId: f4bd9712-e444-41ba-bddc-dab6ab48249e
2022-01-08 13:18:24,068 [f4bd9712-e444-41ba-bddc-dab6ab48249e@group-113664083AB3-LeaderElection23] INFO  server.RaftServer$Division (ServerState.java:setLeader(285)) - f4bd9712-e444-41ba-bddc-dab6ab48249e@group-113664083AB3: change Leader from null to f4bd9712-e444-41ba-bddc-dab6ab48249e at term 1 for becomeLeader, leader elected after 5206ms
2022-01-08 13:18:24,068 [f4bd9712-e444-41ba-bddc-dab6ab48249e@group-113664083AB3-LeaderElection23] INFO  server.RaftServerConfigKeys (ConfUtils.java:logGet(44)) - raft.server.staging.catchup.gap = 1000 (default)
2022-01-08 13:18:24,068 [f4bd9712-e444-41ba-bddc-dab6ab48249e@group-113664083AB3-LeaderElection23] INFO  server.RaftServerConfigKeys (ConfUtils.java:logGet(44)) - raft.server.write.element-limit = 1024 (custom)
2022-01-08 13:18:24,068 [f4bd9712-e444-41ba-bddc-dab6ab48249e@group-113664083AB3-LeaderElection23] INFO  server.RaftServerConfigKeys (ConfUtils.java:logGet(44)) - raft.server.write.byte-limit = 1024 M (=1073741824) (custom)
2022-01-08 13:18:24,068 [f4bd9712-e444-41ba-bddc-dab6ab48249e@group-113664083AB3-LeaderElection23] INFO  server.RaftServerConfigKeys (ConfUtils.java:logGet(44)) - raft.server.watch.timeout = 180s (custom)
2022-01-08 13:18:24,068 [f4bd9712-e444-41ba-bddc-dab6ab48249e@group-113664083AB3-LeaderElection23] INFO  server.RaftServerConfigKeys (ConfUtils.java:logGet(44)) - raft.server.watch.timeout.denomination = 1s (default)
2022-01-08 13:18:24,068 [f4bd9712-e444-41ba-bddc-dab6ab48249e@group-113664083AB3-LeaderElection23] INFO  server.RaftServerConfigKeys (ConfUtils.java:logGet(44)) - raft.server.watch.element-limit = 65536 (default)
2022-01-08 13:18:24,068 [f4bd9712-e444-41ba-bddc-dab6ab48249e@group-113664083AB3-LeaderElection23] INFO  server.RaftServerConfigKeys (ConfUtils.java:logGet(44)) - raft.server.write.element-limit = 1024 (custom)
2022-01-08 13:18:24,069 [f4bd9712-e444-41ba-bddc-dab6ab48249e@group-113664083AB3-LeaderElection23] INFO  server.RaftServerConfigKeys (ConfUtils.java:logGet(44)) - raft.server.write.follower.gap.ratio.max = -1.0 (default)
2022-01-08 13:18:24,069 [f4bd9712-e444-41ba-bddc-dab6ab48249e@group-113664083AB3-LeaderElection23] INFO  impl.RoleInfo (RoleInfo.java:updateAndGet(130)) - f4bd9712-e444-41ba-bddc-dab6ab48249e: start f4bd9712-e444-41ba-bddc-dab6ab48249e@group-113664083AB3-LeaderStateImpl
2022-01-08 13:18:24,069 [f4bd9712-e444-41ba-bddc-dab6ab48249e@group-113664083AB3-LeaderElection23] INFO  segmented.SegmentedRaftLogWorker (SegmentedRaftLogWorker.java:startLogSegment(394)) - f4bd9712-e444-41ba-bddc-dab6ab48249e@group-113664083AB3-SegmentedRaftLogWorker: Starting segment from index:0
2022-01-08 13:18:24,071 [f4bd9712-e444-41ba-bddc-dab6ab48249e@group-113664083AB3-SegmentedRaftLogWorker] INFO  segmented.SegmentedRaftLogWorker (SegmentedRaftLogWorker.java:execute(601)) - f4bd9712-e444-41ba-bddc-dab6ab48249e@group-113664083AB3-SegmentedRaftLogWorker: created new log segment /home/runner/work/ozone/ozone/hadoop-ozone/integration-test/target/test-dir/MiniOzoneClusterImpl-96dde82e-0bdc-4c97-ae5c-ef816938392d/datanode-1/data/ratis/7ab29acc-ae1a-46cd-9dd9-113664083ab3/current/log_inprogress_0
2022-01-08 13:18:24,072 [EventQueue-OpenPipelineForHealthyPipelineSafeModeRule] INFO  safemode.SCMSafeModeManager (HealthyPipelineSafeModeRule.java:process(124)) - SCM in safe mode. Healthy pipelines reported count is 0, required healthy pipeline reported count is 1
2022-01-08 13:18:24,080 [EventQueue-OpenPipelineForHealthyPipelineSafeModeRule] INFO  safemode.SCMSafeModeManager (HealthyPipelineSafeModeRule.java:process(124)) - SCM in safe mode. Healthy pipelines reported count is 0, required healthy pipeline reported count is 1
2022-01-08 13:18:24,081 [f4bd9712-e444-41ba-bddc-dab6ab48249e@group-113664083AB3-LeaderElection23] INFO  server.RaftServer$Division (ServerState.java:setRaftConf(387)) - f4bd9712-e444-41ba-bddc-dab6ab48249e@group-113664083AB3: set configuration 0: [f4bd9712-e444-41ba-bddc-dab6ab48249e|rpc:127.0.0.1:34435|dataStream:|priority:1], old=null
2022-01-08 13:18:24,084 [Listener at 127.0.0.1/12096] INFO  ozone.MiniOzoneClusterImpl (MiniOzoneClusterImpl.java:lambda$waitForClusterToBeReady$0(235)) - Nodes are ready. Got 3 of 3 DN Heartbeats.
2022-01-08 13:18:24,084 [Listener at 127.0.0.1/12096] INFO  ozone.MiniOzoneClusterImpl (MiniOzoneClusterImpl.java:lambda$waitForClusterToBeReady$0(238)) - Waiting for cluster to exit safe mode
2022-01-08 13:18:24,084 [Listener at 127.0.0.1/12096] INFO  ozone.MiniOzoneClusterImpl (MiniOzoneClusterImpl.java:lambda$waitForClusterToBeReady$0(240)) - SCM became leader
2022-01-08 13:18:24,422 [c0322a57-4f2b-423f-b02f-0677e9b7408d@group-85640173BA8F-FollowerState] INFO  impl.FollowerState (FollowerState.java:run(134)) - c0322a57-4f2b-423f-b02f-0677e9b7408d@group-85640173BA8F-FollowerState: change to CANDIDATE, lastRpcElapsedTime:5214622232ns, electionTimeout:5198ms
2022-01-08 13:18:24,423 [c0322a57-4f2b-423f-b02f-0677e9b7408d@group-85640173BA8F-FollowerState] INFO  impl.RoleInfo (RoleInfo.java:shutdownFollowerState(108)) - c0322a57-4f2b-423f-b02f-0677e9b7408d: shutdown c0322a57-4f2b-423f-b02f-0677e9b7408d@group-85640173BA8F-FollowerState
2022-01-08 13:18:24,423 [c0322a57-4f2b-423f-b02f-0677e9b7408d@group-85640173BA8F-FollowerState] INFO  server.RaftServer$Division (RaftServerImpl.java:setRole(290)) - c0322a57-4f2b-423f-b02f-0677e9b7408d@group-85640173BA8F: changes role from  FOLLOWER to CANDIDATE at term 0 for changeToCandidate
2022-01-08 13:18:24,424 [c0322a57-4f2b-423f-b02f-0677e9b7408d@group-85640173BA8F-FollowerState] INFO  server.RaftServerConfigKeys (ConfUtils.java:logGet(44)) - raft.server.leaderelection.pre-vote = false (custom)
2022-01-08 13:18:24,424 [c0322a57-4f2b-423f-b02f-0677e9b7408d@group-85640173BA8F-FollowerState] INFO  impl.RoleInfo (RoleInfo.java:updateAndGet(130)) - c0322a57-4f2b-423f-b02f-0677e9b7408d: start c0322a57-4f2b-423f-b02f-0677e9b7408d@group-85640173BA8F-LeaderElection24
2022-01-08 13:18:24,437 [c0322a57-4f2b-423f-b02f-0677e9b7408d@group-85640173BA8F-LeaderElection24] INFO  impl.LeaderElection (LeaderElection.java:askForVotes(306)) - c0322a57-4f2b-423f-b02f-0677e9b7408d@group-85640173BA8F-LeaderElection24 ELECTION round 0: submit vote requests at term 1 for -1: [c0322a57-4f2b-423f-b02f-0677e9b7408d|rpc:127.0.0.1:43283|priority:1], old=null
2022-01-08 13:18:24,437 [c0322a57-4f2b-423f-b02f-0677e9b7408d@group-85640173BA8F-LeaderElection24] INFO  impl.LeaderElection (LeaderElection.java:askForVotes(308)) - c0322a57-4f2b-423f-b02f-0677e9b7408d@group-85640173BA8F-LeaderElection24 ELECTION round 0: result PASSED (term=1)
2022-01-08 13:18:24,437 [c0322a57-4f2b-423f-b02f-0677e9b7408d@group-85640173BA8F-LeaderElection24] INFO  impl.RoleInfo (RoleInfo.java:shutdownLeaderElection(121)) - c0322a57-4f2b-423f-b02f-0677e9b7408d: shutdown c0322a57-4f2b-423f-b02f-0677e9b7408d@group-85640173BA8F-LeaderElection24
2022-01-08 13:18:24,437 [c0322a57-4f2b-423f-b02f-0677e9b7408d@group-85640173BA8F-LeaderElection24] INFO  server.RaftServer$Division (RaftServerImpl.java:setRole(290)) - c0322a57-4f2b-423f-b02f-0677e9b7408d@group-85640173BA8F: changes role from CANDIDATE to LEADER at term 1 for changeToLeader
2022-01-08 13:18:24,437 [c0322a57-4f2b-423f-b02f-0677e9b7408d@group-85640173BA8F-LeaderElection24] INFO  ratis.XceiverServerRatis (XceiverServerRatis.java:handleLeaderChangedNotification(866)) - Leader change notification received for group: group-85640173BA8F with new leaderId: c0322a57-4f2b-423f-b02f-0677e9b7408d
2022-01-08 13:18:24,437 [c0322a57-4f2b-423f-b02f-0677e9b7408d@group-85640173BA8F-LeaderElection24] INFO  server.RaftServer$Division (ServerState.java:setLeader(285)) - c0322a57-4f2b-423f-b02f-0677e9b7408d@group-85640173BA8F: change Leader from null to c0322a57-4f2b-423f-b02f-0677e9b7408d at term 1 for becomeLeader, leader elected after 5271ms
2022-01-08 13:18:24,438 [c0322a57-4f2b-423f-b02f-0677e9b7408d@group-85640173BA8F-LeaderElection24] INFO  server.RaftServerConfigKeys (ConfUtils.java:logGet(44)) - raft.server.staging.catchup.gap = 1000 (default)
2022-01-08 13:18:24,438 [c0322a57-4f2b-423f-b02f-0677e9b7408d@group-85640173BA8F-LeaderElection24] INFO  server.RaftServerConfigKeys (ConfUtils.java:logGet(44)) - raft.server.write.element-limit = 1024 (custom)
2022-01-08 13:18:24,438 [c0322a57-4f2b-423f-b02f-0677e9b7408d@group-85640173BA8F-LeaderElection24] INFO  server.RaftServerConfigKeys (ConfUtils.java:logGet(44)) - raft.server.write.byte-limit = 1024 M (=1073741824) (custom)
2022-01-08 13:18:24,438 [c0322a57-4f2b-423f-b02f-0677e9b7408d@group-85640173BA8F-LeaderElection24] INFO  server.RaftServerConfigKeys (ConfUtils.java:logGet(44)) - raft.server.watch.timeout = 180s (custom)
2022-01-08 13:18:24,438 [c0322a57-4f2b-423f-b02f-0677e9b7408d@group-85640173BA8F-LeaderElection24] INFO  server.RaftServerConfigKeys (ConfUtils.java:logGet(44)) - raft.server.watch.timeout.denomination = 1s (default)
2022-01-08 13:18:24,438 [c0322a57-4f2b-423f-b02f-0677e9b7408d@group-85640173BA8F-LeaderElection24] INFO  server.RaftServerConfigKeys (ConfUtils.java:logGet(44)) - raft.server.watch.element-limit = 65536 (default)
2022-01-08 13:18:24,438 [c0322a57-4f2b-423f-b02f-0677e9b7408d@group-85640173BA8F-LeaderElection24] INFO  server.RaftServerConfigKeys (ConfUtils.java:logGet(44)) - raft.server.write.element-limit = 1024 (custom)
2022-01-08 13:18:24,438 [c0322a57-4f2b-423f-b02f-0677e9b7408d@group-85640173BA8F-LeaderElection24] INFO  server.RaftServerConfigKeys (ConfUtils.java:logGet(44)) - raft.server.write.follower.gap.ratio.max = -1.0 (default)
2022-01-08 13:18:24,440 [EventQueue-OpenPipelineForHealthyPipelineSafeModeRule] INFO  safemode.SCMSafeModeManager (HealthyPipelineSafeModeRule.java:process(124)) - SCM in safe mode. Healthy pipelines reported count is 0, required healthy pipeline reported count is 1
2022-01-08 13:18:24,440 [EventQueue-OpenPipelineForHealthyPipelineSafeModeRule] INFO  safemode.SCMSafeModeManager (HealthyPipelineSafeModeRule.java:process(124)) - SCM in safe mode. Healthy pipelines reported count is 0, required healthy pipeline reported count is 1
2022-01-08 13:18:24,440 [c0322a57-4f2b-423f-b02f-0677e9b7408d@group-85640173BA8F-LeaderElection24] INFO  impl.RoleInfo (RoleInfo.java:updateAndGet(130)) - c0322a57-4f2b-423f-b02f-0677e9b7408d: start c0322a57-4f2b-423f-b02f-0677e9b7408d@group-85640173BA8F-LeaderStateImpl
2022-01-08 13:18:24,440 [c0322a57-4f2b-423f-b02f-0677e9b7408d@group-85640173BA8F-LeaderElection24] INFO  segmented.SegmentedRaftLogWorker (SegmentedRaftLogWorker.java:startLogSegment(394)) - c0322a57-4f2b-423f-b02f-0677e9b7408d@group-85640173BA8F-SegmentedRaftLogWorker: Starting segment from index:0
2022-01-08 13:18:24,443 [c0322a57-4f2b-423f-b02f-0677e9b7408d@group-85640173BA8F-SegmentedRaftLogWorker] INFO  segmented.SegmentedRaftLogWorker (SegmentedRaftLogWorker.java:execute(601)) - c0322a57-4f2b-423f-b02f-0677e9b7408d@group-85640173BA8F-SegmentedRaftLogWorker: created new log segment /home/runner/work/ozone/ozone/hadoop-ozone/integration-test/target/test-dir/MiniOzoneClusterImpl-96dde82e-0bdc-4c97-ae5c-ef816938392d/datanode-2/data/ratis/d50a1c30-1eb4-42e6-9dee-85640173ba8f/current/log_inprogress_0
2022-01-08 13:18:24,455 [c0322a57-4f2b-423f-b02f-0677e9b7408d@group-85640173BA8F-LeaderElection24] INFO  server.RaftServer$Division (ServerState.java:setRaftConf(387)) - c0322a57-4f2b-423f-b02f-0677e9b7408d@group-85640173BA8F: set configuration 0: [c0322a57-4f2b-423f-b02f-0677e9b7408d|rpc:127.0.0.1:43283|dataStream:|priority:1], old=null
2022-01-08 13:18:24,579 [EndpointStateMachine task thread for /127.0.0.1:15227 - 0 ] INFO  ipc.Client (Client.java:handleConnectionFailure(977)) - Retrying connect to server: localhost/127.0.0.1:15227. Already tried 5 time(s); retry policy is RetryUpToMaximumCountWithFixedSleep(maxRetries=15, sleepTime=1000 MILLISECONDS)
2022-01-08 13:18:24,587 [EndpointStateMachine task thread for /127.0.0.1:15217 - 0 ] INFO  ipc.Client (Client.java:handleConnectionFailure(977)) - Retrying connect to server: localhost/127.0.0.1:15217. Already tried 8 time(s); retry policy is RetryUpToMaximumCountWithFixedSleep(maxRetries=15, sleepTime=1000 MILLISECONDS)
2022-01-08 13:18:24,622 [EndpointStateMachine task thread for /127.0.0.1:15237 - 0 ] INFO  ipc.Client (Client.java:handleConnectionFailure(977)) - Retrying connect to server: localhost/127.0.0.1:15237. Already tried 5 time(s); retry policy is RetryUpToMaximumCountWithFixedSleep(maxRetries=15, sleepTime=1000 MILLISECONDS)
2022-01-08 13:18:24,776 [Datanode State Machine Daemon Thread] ERROR datanode.RunningDatanodeState (RunningDatanodeState.java:computeNextContainerState(199)) - Error in executing end point task.
java.util.concurrent.ExecutionException: java.util.concurrent.TimeoutException
	at java.util.concurrent.FutureTask.report(FutureTask.java:122)
	at java.util.concurrent.FutureTask.get(FutureTask.java:192)
	at org.apache.hadoop.ozone.container.common.states.datanode.RunningDatanodeState.computeNextContainerState(RunningDatanodeState.java:191)
	at org.apache.hadoop.ozone.container.common.states.datanode.RunningDatanodeState.await(RunningDatanodeState.java:231)
	at org.apache.hadoop.ozone.container.common.states.datanode.RunningDatanodeState.await(RunningDatanodeState.java:50)
	at org.apache.hadoop.ozone.container.common.statemachine.StateContext.execute(StateContext.java:633)
	at org.apache.hadoop.ozone.container.common.statemachine.DatanodeStateMachine.start(DatanodeStateMachine.java:280)
	at org.apache.hadoop.ozone.container.common.statemachine.DatanodeStateMachine.lambda$startDaemon$0(DatanodeStateMachine.java:468)
	at java.lang.Thread.run(Thread.java:748)
Caused by: java.util.concurrent.TimeoutException
	at java.util.concurrent.FutureTask.get(FutureTask.java:205)
	at org.apache.hadoop.ozone.container.common.states.datanode.RunningDatanodeState.lambda$execute$0(RunningDatanodeState.java:149)
	at java.util.concurrent.FutureTask.run(FutureTask.java:266)
	at java.util.concurrent.Executors$RunnableAdapter.call(Executors.java:511)
	at java.util.concurrent.FutureTask.run(FutureTask.java:266)
	at java.util.concurrent.ThreadPoolExecutor.runWorker(ThreadPoolExecutor.java:1149)
	at java.util.concurrent.ThreadPoolExecutor$Worker.run(ThreadPoolExecutor.java:624)
	... 1 more
2022-01-08 13:18:25,085 [Listener at 127.0.0.1/12096] INFO  ozone.MiniOzoneClusterImpl (MiniOzoneClusterImpl.java:lambda$waitForClusterToBeReady$0(235)) - Nodes are ready. Got 3 of 3 DN Heartbeats.
2022-01-08 13:18:25,085 [Listener at 127.0.0.1/12096] INFO  ozone.MiniOzoneClusterImpl (MiniOzoneClusterImpl.java:lambda$waitForClusterToBeReady$0(238)) - Waiting for cluster to exit safe mode
2022-01-08 13:18:25,085 [Listener at 127.0.0.1/12096] INFO  ozone.MiniOzoneClusterImpl (MiniOzoneClusterImpl.java:lambda$waitForClusterToBeReady$0(240)) - SCM became leader
2022-01-08 13:18:25,438 [Datanode State Machine Daemon Thread] ERROR datanode.RunningDatanodeState (RunningDatanodeState.java:computeNextContainerState(199)) - Error in executing end point task.
java.util.concurrent.ExecutionException: java.util.concurrent.TimeoutException
	at java.util.concurrent.FutureTask.report(FutureTask.java:122)
	at java.util.concurrent.FutureTask.get(FutureTask.java:192)
	at org.apache.hadoop.ozone.container.common.states.datanode.RunningDatanodeState.computeNextContainerState(RunningDatanodeState.java:191)
	at org.apache.hadoop.ozone.container.common.states.datanode.RunningDatanodeState.await(RunningDatanodeState.java:231)
	at org.apache.hadoop.ozone.container.common.states.datanode.RunningDatanodeState.await(RunningDatanodeState.java:50)
	at org.apache.hadoop.ozone.container.common.statemachine.StateContext.execute(StateContext.java:633)
	at org.apache.hadoop.ozone.container.common.statemachine.DatanodeStateMachine.start(DatanodeStateMachine.java:280)
	at org.apache.hadoop.ozone.container.common.statemachine.DatanodeStateMachine.lambda$startDaemon$0(DatanodeStateMachine.java:468)
	at java.lang.Thread.run(Thread.java:748)
Caused by: java.util.concurrent.TimeoutException
	at java.util.concurrent.FutureTask.get(FutureTask.java:205)
	at org.apache.hadoop.ozone.container.common.states.datanode.RunningDatanodeState.lambda$execute$0(RunningDatanodeState.java:149)
	at java.util.concurrent.FutureTask.run(FutureTask.java:266)
	at java.util.concurrent.Executors$RunnableAdapter.call(Executors.java:511)
	at java.util.concurrent.FutureTask.run(FutureTask.java:266)
	at java.util.concurrent.ThreadPoolExecutor.runWorker(ThreadPoolExecutor.java:1149)
	at java.util.concurrent.ThreadPoolExecutor$Worker.run(ThreadPoolExecutor.java:624)
	... 1 more
2022-01-08 13:18:25,579 [EndpointStateMachine task thread for /127.0.0.1:15227 - 0 ] INFO  ipc.Client (Client.java:handleConnectionFailure(977)) - Retrying connect to server: localhost/127.0.0.1:15227. Already tried 6 time(s); retry policy is RetryUpToMaximumCountWithFixedSleep(maxRetries=15, sleepTime=1000 MILLISECONDS)
2022-01-08 13:18:25,588 [EndpointStateMachine task thread for /127.0.0.1:15217 - 0 ] INFO  ipc.Client (Client.java:handleConnectionFailure(977)) - Retrying connect to server: localhost/127.0.0.1:15217. Already tried 9 time(s); retry policy is RetryUpToMaximumCountWithFixedSleep(maxRetries=15, sleepTime=1000 MILLISECONDS)
2022-01-08 13:18:25,623 [EndpointStateMachine task thread for /127.0.0.1:15237 - 0 ] INFO  ipc.Client (Client.java:handleConnectionFailure(977)) - Retrying connect to server: localhost/127.0.0.1:15237. Already tried 6 time(s); retry policy is RetryUpToMaximumCountWithFixedSleep(maxRetries=15, sleepTime=1000 MILLISECONDS)
2022-01-08 13:18:26,072 [Datanode State Machine Daemon Thread] ERROR datanode.RunningDatanodeState (RunningDatanodeState.java:computeNextContainerState(199)) - Error in executing end point task.
java.util.concurrent.ExecutionException: java.util.concurrent.TimeoutException
	at java.util.concurrent.FutureTask.report(FutureTask.java:122)
	at java.util.concurrent.FutureTask.get(FutureTask.java:192)
	at org.apache.hadoop.ozone.container.common.states.datanode.RunningDatanodeState.computeNextContainerState(RunningDatanodeState.java:191)
	at org.apache.hadoop.ozone.container.common.states.datanode.RunningDatanodeState.await(RunningDatanodeState.java:231)
	at org.apache.hadoop.ozone.container.common.states.datanode.RunningDatanodeState.await(RunningDatanodeState.java:50)
	at org.apache.hadoop.ozone.container.common.statemachine.StateContext.execute(StateContext.java:633)
	at org.apache.hadoop.ozone.container.common.statemachine.DatanodeStateMachine.start(DatanodeStateMachine.java:280)
	at org.apache.hadoop.ozone.container.common.statemachine.DatanodeStateMachine.lambda$startDaemon$0(DatanodeStateMachine.java:468)
	at java.lang.Thread.run(Thread.java:748)
Caused by: java.util.concurrent.TimeoutException
	at java.util.concurrent.FutureTask.get(FutureTask.java:205)
	at org.apache.hadoop.ozone.container.common.states.datanode.RunningDatanodeState.lambda$execute$0(RunningDatanodeState.java:149)
	at java.util.concurrent.FutureTask.run(FutureTask.java:266)
	at java.util.concurrent.Executors$RunnableAdapter.call(Executors.java:511)
	at java.util.concurrent.FutureTask.run(FutureTask.java:266)
	at java.util.concurrent.ThreadPoolExecutor.runWorker(ThreadPoolExecutor.java:1149)
	at java.util.concurrent.ThreadPoolExecutor$Worker.run(ThreadPoolExecutor.java:624)
	... 1 more
2022-01-08 13:18:26,085 [Listener at 127.0.0.1/12096] INFO  ozone.MiniOzoneClusterImpl (MiniOzoneClusterImpl.java:lambda$waitForClusterToBeReady$0(235)) - Nodes are ready. Got 3 of 3 DN Heartbeats.
2022-01-08 13:18:26,085 [Listener at 127.0.0.1/12096] INFO  ozone.MiniOzoneClusterImpl (MiniOzoneClusterImpl.java:lambda$waitForClusterToBeReady$0(238)) - Waiting for cluster to exit safe mode
2022-01-08 13:18:26,086 [Listener at 127.0.0.1/12096] INFO  ozone.MiniOzoneClusterImpl (MiniOzoneClusterImpl.java:lambda$waitForClusterToBeReady$0(240)) - SCM became leader
2022-01-08 13:18:26,580 [EndpointStateMachine task thread for /127.0.0.1:15227 - 0 ] INFO  ipc.Client (Client.java:handleConnectionFailure(977)) - Retrying connect to server: localhost/127.0.0.1:15227. Already tried 7 time(s); retry policy is RetryUpToMaximumCountWithFixedSleep(maxRetries=15, sleepTime=1000 MILLISECONDS)
2022-01-08 13:18:26,588 [EndpointStateMachine task thread for /127.0.0.1:15217 - 0 ] INFO  ipc.Client (Client.java:handleConnectionFailure(977)) - Retrying connect to server: localhost/127.0.0.1:15217. Already tried 10 time(s); retry policy is RetryUpToMaximumCountWithFixedSleep(maxRetries=15, sleepTime=1000 MILLISECONDS)
2022-01-08 13:18:26,623 [EndpointStateMachine task thread for /127.0.0.1:15237 - 0 ] INFO  ipc.Client (Client.java:handleConnectionFailure(977)) - Retrying connect to server: localhost/127.0.0.1:15237. Already tried 7 time(s); retry policy is RetryUpToMaximumCountWithFixedSleep(maxRetries=15, sleepTime=1000 MILLISECONDS)
2022-01-08 13:18:26,778 [Datanode State Machine Daemon Thread] ERROR datanode.RunningDatanodeState (RunningDatanodeState.java:computeNextContainerState(199)) - Error in executing end point task.
java.util.concurrent.ExecutionException: java.util.concurrent.TimeoutException
	at java.util.concurrent.FutureTask.report(FutureTask.java:122)
	at java.util.concurrent.FutureTask.get(FutureTask.java:192)
	at org.apache.hadoop.ozone.container.common.states.datanode.RunningDatanodeState.computeNextContainerState(RunningDatanodeState.java:191)
	at org.apache.hadoop.ozone.container.common.states.datanode.RunningDatanodeState.await(RunningDatanodeState.java:231)
	at org.apache.hadoop.ozone.container.common.states.datanode.RunningDatanodeState.await(RunningDatanodeState.java:50)
	at org.apache.hadoop.ozone.container.common.statemachine.StateContext.execute(StateContext.java:633)
	at org.apache.hadoop.ozone.container.common.statemachine.DatanodeStateMachine.start(DatanodeStateMachine.java:280)
	at org.apache.hadoop.ozone.container.common.statemachine.DatanodeStateMachine.lambda$startDaemon$0(DatanodeStateMachine.java:468)
	at java.lang.Thread.run(Thread.java:748)
Caused by: java.util.concurrent.TimeoutException
	at java.util.concurrent.FutureTask.get(FutureTask.java:205)
	at org.apache.hadoop.ozone.container.common.states.datanode.RunningDatanodeState.lambda$execute$0(RunningDatanodeState.java:149)
	at java.util.concurrent.FutureTask.run(FutureTask.java:266)
	at java.util.concurrent.Executors$RunnableAdapter.call(Executors.java:511)
	at java.util.concurrent.FutureTask.run(FutureTask.java:266)
	at java.util.concurrent.ThreadPoolExecutor.runWorker(ThreadPoolExecutor.java:1149)
	at java.util.concurrent.ThreadPoolExecutor$Worker.run(ThreadPoolExecutor.java:624)
	... 1 more
2022-01-08 13:18:27,074 [Datanode State Machine Daemon Thread] ERROR datanode.RunningDatanodeState (RunningDatanodeState.java:computeNextContainerState(199)) - Error in executing end point task.
java.util.concurrent.ExecutionException: java.util.concurrent.TimeoutException
	at java.util.concurrent.FutureTask.report(FutureTask.java:122)
	at java.util.concurrent.FutureTask.get(FutureTask.java:192)
	at org.apache.hadoop.ozone.container.common.states.datanode.RunningDatanodeState.computeNextContainerState(RunningDatanodeState.java:191)
	at org.apache.hadoop.ozone.container.common.states.datanode.RunningDatanodeState.await(RunningDatanodeState.java:231)
	at org.apache.hadoop.ozone.container.common.states.datanode.RunningDatanodeState.await(RunningDatanodeState.java:50)
	at org.apache.hadoop.ozone.container.common.statemachine.StateContext.execute(StateContext.java:633)
	at org.apache.hadoop.ozone.container.common.statemachine.DatanodeStateMachine.start(DatanodeStateMachine.java:280)
	at org.apache.hadoop.ozone.container.common.statemachine.DatanodeStateMachine.lambda$startDaemon$0(DatanodeStateMachine.java:468)
	at java.lang.Thread.run(Thread.java:748)
Caused by: java.util.concurrent.TimeoutException
	at java.util.concurrent.FutureTask.get(FutureTask.java:205)
	at org.apache.hadoop.ozone.container.common.states.datanode.RunningDatanodeState.lambda$execute$0(RunningDatanodeState.java:149)
	at java.util.concurrent.FutureTask.run(FutureTask.java:266)
	at java.util.concurrent.Executors$RunnableAdapter.call(Executors.java:511)
	at java.util.concurrent.FutureTask.run(FutureTask.java:266)
	at java.util.concurrent.ThreadPoolExecutor.runWorker(ThreadPoolExecutor.java:1149)
	at java.util.concurrent.ThreadPoolExecutor$Worker.run(ThreadPoolExecutor.java:624)
	... 1 more
2022-01-08 13:18:27,086 [Listener at 127.0.0.1/12096] INFO  ozone.MiniOzoneClusterImpl (MiniOzoneClusterImpl.java:lambda$waitForClusterToBeReady$0(235)) - Nodes are ready. Got 3 of 3 DN Heartbeats.
2022-01-08 13:18:27,086 [Listener at 127.0.0.1/12096] INFO  ozone.MiniOzoneClusterImpl (MiniOzoneClusterImpl.java:lambda$waitForClusterToBeReady$0(238)) - Waiting for cluster to exit safe mode
2022-01-08 13:18:27,086 [Listener at 127.0.0.1/12096] INFO  ozone.MiniOzoneClusterImpl (MiniOzoneClusterImpl.java:lambda$waitForClusterToBeReady$0(240)) - SCM became leader
2022-01-08 13:18:27,581 [EndpointStateMachine task thread for /127.0.0.1:15227 - 0 ] INFO  ipc.Client (Client.java:handleConnectionFailure(977)) - Retrying connect to server: localhost/127.0.0.1:15227. Already tried 8 time(s); retry policy is RetryUpToMaximumCountWithFixedSleep(maxRetries=15, sleepTime=1000 MILLISECONDS)
2022-01-08 13:18:27,589 [EndpointStateMachine task thread for /127.0.0.1:15217 - 0 ] INFO  ipc.Client (Client.java:handleConnectionFailure(977)) - Retrying connect to server: localhost/127.0.0.1:15217. Already tried 11 time(s); retry policy is RetryUpToMaximumCountWithFixedSleep(maxRetries=15, sleepTime=1000 MILLISECONDS)
2022-01-08 13:18:27,624 [EndpointStateMachine task thread for /127.0.0.1:15237 - 0 ] INFO  ipc.Client (Client.java:handleConnectionFailure(977)) - Retrying connect to server: localhost/127.0.0.1:15237. Already tried 8 time(s); retry policy is RetryUpToMaximumCountWithFixedSleep(maxRetries=15, sleepTime=1000 MILLISECONDS)
2022-01-08 13:18:27,780 [Datanode State Machine Daemon Thread] ERROR datanode.RunningDatanodeState (RunningDatanodeState.java:computeNextContainerState(199)) - Error in executing end point task.
java.util.concurrent.ExecutionException: java.util.concurrent.TimeoutException
	at java.util.concurrent.FutureTask.report(FutureTask.java:122)
	at java.util.concurrent.FutureTask.get(FutureTask.java:192)
	at org.apache.hadoop.ozone.container.common.states.datanode.RunningDatanodeState.computeNextContainerState(RunningDatanodeState.java:191)
	at org.apache.hadoop.ozone.container.common.states.datanode.RunningDatanodeState.await(RunningDatanodeState.java:231)
	at org.apache.hadoop.ozone.container.common.states.datanode.RunningDatanodeState.await(RunningDatanodeState.java:50)
	at org.apache.hadoop.ozone.container.common.statemachine.StateContext.execute(StateContext.java:633)
	at org.apache.hadoop.ozone.container.common.statemachine.DatanodeStateMachine.start(DatanodeStateMachine.java:280)
	at org.apache.hadoop.ozone.container.common.statemachine.DatanodeStateMachine.lambda$startDaemon$0(DatanodeStateMachine.java:468)
	at java.lang.Thread.run(Thread.java:748)
Caused by: java.util.concurrent.TimeoutException
	at java.util.concurrent.FutureTask.get(FutureTask.java:205)
	at org.apache.hadoop.ozone.container.common.states.datanode.RunningDatanodeState.lambda$execute$0(RunningDatanodeState.java:149)
	at java.util.concurrent.FutureTask.run(FutureTask.java:266)
	at java.util.concurrent.Executors$RunnableAdapter.call(Executors.java:511)
	at java.util.concurrent.FutureTask.run(FutureTask.java:266)
	at java.util.concurrent.ThreadPoolExecutor.runWorker(ThreadPoolExecutor.java:1149)
	at java.util.concurrent.ThreadPoolExecutor$Worker.run(ThreadPoolExecutor.java:624)
	... 1 more
2022-01-08 13:18:28,086 [Listener at 127.0.0.1/12096] INFO  ozone.MiniOzoneClusterImpl (MiniOzoneClusterImpl.java:lambda$waitForClusterToBeReady$0(235)) - Nodes are ready. Got 3 of 3 DN Heartbeats.
2022-01-08 13:18:28,087 [Listener at 127.0.0.1/12096] INFO  ozone.MiniOzoneClusterImpl (MiniOzoneClusterImpl.java:lambda$waitForClusterToBeReady$0(238)) - Waiting for cluster to exit safe mode
2022-01-08 13:18:28,087 [Listener at 127.0.0.1/12096] INFO  ozone.MiniOzoneClusterImpl (MiniOzoneClusterImpl.java:lambda$waitForClusterToBeReady$0(240)) - SCM became leader
2022-01-08 13:18:28,439 [Datanode State Machine Daemon Thread] ERROR datanode.RunningDatanodeState (RunningDatanodeState.java:computeNextContainerState(199)) - Error in executing end point task.
java.util.concurrent.ExecutionException: java.util.concurrent.TimeoutException
	at java.util.concurrent.FutureTask.report(FutureTask.java:122)
	at java.util.concurrent.FutureTask.get(FutureTask.java:192)
	at org.apache.hadoop.ozone.container.common.states.datanode.RunningDatanodeState.computeNextContainerState(RunningDatanodeState.java:191)
	at org.apache.hadoop.ozone.container.common.states.datanode.RunningDatanodeState.await(RunningDatanodeState.java:231)
	at org.apache.hadoop.ozone.container.common.states.datanode.RunningDatanodeState.await(RunningDatanodeState.java:50)
	at org.apache.hadoop.ozone.container.common.statemachine.StateContext.execute(StateContext.java:633)
	at org.apache.hadoop.ozone.container.common.statemachine.DatanodeStateMachine.start(DatanodeStateMachine.java:280)
	at org.apache.hadoop.ozone.container.common.statemachine.DatanodeStateMachine.lambda$startDaemon$0(DatanodeStateMachine.java:468)
	at java.lang.Thread.run(Thread.java:748)
Caused by: java.util.concurrent.TimeoutException
	at java.util.concurrent.FutureTask.get(FutureTask.java:205)
	at org.apache.hadoop.ozone.container.common.states.datanode.RunningDatanodeState.lambda$execute$0(RunningDatanodeState.java:149)
	at java.util.concurrent.FutureTask.run(FutureTask.java:266)
	at java.util.concurrent.Executors$RunnableAdapter.call(Executors.java:511)
	at java.util.concurrent.FutureTask.run(FutureTask.java:266)
	at java.util.concurrent.ThreadPoolExecutor.runWorker(ThreadPoolExecutor.java:1149)
	at java.util.concurrent.ThreadPoolExecutor$Worker.run(ThreadPoolExecutor.java:624)
	... 1 more
2022-01-08 13:18:28,581 [EndpointStateMachine task thread for /127.0.0.1:15227 - 0 ] INFO  ipc.Client (Client.java:handleConnectionFailure(977)) - Retrying connect to server: localhost/127.0.0.1:15227. Already tried 9 time(s); retry policy is RetryUpToMaximumCountWithFixedSleep(maxRetries=15, sleepTime=1000 MILLISECONDS)
2022-01-08 13:18:28,589 [EndpointStateMachine task thread for /127.0.0.1:15217 - 0 ] INFO  ipc.Client (Client.java:handleConnectionFailure(977)) - Retrying connect to server: localhost/127.0.0.1:15217. Already tried 12 time(s); retry policy is RetryUpToMaximumCountWithFixedSleep(maxRetries=15, sleepTime=1000 MILLISECONDS)
2022-01-08 13:18:28,624 [EndpointStateMachine task thread for /127.0.0.1:15237 - 0 ] INFO  ipc.Client (Client.java:handleConnectionFailure(977)) - Retrying connect to server: localhost/127.0.0.1:15237. Already tried 9 time(s); retry policy is RetryUpToMaximumCountWithFixedSleep(maxRetries=15, sleepTime=1000 MILLISECONDS)
2022-01-08 13:18:28,744 [c0322a57-4f2b-423f-b02f-0677e9b7408d@group-58F3DA5FB7B7-FollowerState] INFO  impl.FollowerState (FollowerState.java:run(134)) - c0322a57-4f2b-423f-b02f-0677e9b7408d@group-58F3DA5FB7B7-FollowerState: change to CANDIDATE, lastRpcElapsedTime:5044038827ns, electionTimeout:5019ms
2022-01-08 13:18:28,744 [c0322a57-4f2b-423f-b02f-0677e9b7408d@group-58F3DA5FB7B7-FollowerState] INFO  impl.RoleInfo (RoleInfo.java:shutdownFollowerState(108)) - c0322a57-4f2b-423f-b02f-0677e9b7408d: shutdown c0322a57-4f2b-423f-b02f-0677e9b7408d@group-58F3DA5FB7B7-FollowerState
2022-01-08 13:18:28,745 [c0322a57-4f2b-423f-b02f-0677e9b7408d@group-58F3DA5FB7B7-FollowerState] INFO  server.RaftServer$Division (RaftServerImpl.java:setRole(290)) - c0322a57-4f2b-423f-b02f-0677e9b7408d@group-58F3DA5FB7B7: changes role from  FOLLOWER to CANDIDATE at term 1 for changeToCandidate
2022-01-08 13:18:28,745 [c0322a57-4f2b-423f-b02f-0677e9b7408d@group-58F3DA5FB7B7-FollowerState] INFO  server.RaftServerConfigKeys (ConfUtils.java:logGet(44)) - raft.server.leaderelection.pre-vote = false (custom)
2022-01-08 13:18:28,745 [c0322a57-4f2b-423f-b02f-0677e9b7408d@group-58F3DA5FB7B7-FollowerState] INFO  impl.RoleInfo (RoleInfo.java:updateAndGet(130)) - c0322a57-4f2b-423f-b02f-0677e9b7408d: start c0322a57-4f2b-423f-b02f-0677e9b7408d@group-58F3DA5FB7B7-LeaderElection25
2022-01-08 13:18:28,779 [737545ee-dc45-4e08-9429-983c1d4f2632@group-58F3DA5FB7B7-FollowerState] INFO  impl.FollowerState (FollowerState.java:run(134)) - 737545ee-dc45-4e08-9429-983c1d4f2632@group-58F3DA5FB7B7-FollowerState: change to CANDIDATE, lastRpcElapsedTime:5038067905ns, electionTimeout:5018ms
2022-01-08 13:18:28,779 [737545ee-dc45-4e08-9429-983c1d4f2632@group-58F3DA5FB7B7-FollowerState] INFO  impl.RoleInfo (RoleInfo.java:shutdownFollowerState(108)) - 737545ee-dc45-4e08-9429-983c1d4f2632: shutdown 737545ee-dc45-4e08-9429-983c1d4f2632@group-58F3DA5FB7B7-FollowerState
2022-01-08 13:18:28,779 [737545ee-dc45-4e08-9429-983c1d4f2632@group-58F3DA5FB7B7-FollowerState] INFO  server.RaftServer$Division (RaftServerImpl.java:setRole(290)) - 737545ee-dc45-4e08-9429-983c1d4f2632@group-58F3DA5FB7B7: changes role from  FOLLOWER to CANDIDATE at term 1 for changeToCandidate
2022-01-08 13:18:28,779 [737545ee-dc45-4e08-9429-983c1d4f2632@group-58F3DA5FB7B7-FollowerState] INFO  server.RaftServerConfigKeys (ConfUtils.java:logGet(44)) - raft.server.leaderelection.pre-vote = false (custom)
2022-01-08 13:18:28,787 [737545ee-dc45-4e08-9429-983c1d4f2632@group-58F3DA5FB7B7-FollowerState] INFO  impl.RoleInfo (RoleInfo.java:updateAndGet(130)) - 737545ee-dc45-4e08-9429-983c1d4f2632: start 737545ee-dc45-4e08-9429-983c1d4f2632@group-58F3DA5FB7B7-LeaderElection26
2022-01-08 13:18:28,782 [Datanode State Machine Daemon Thread] ERROR datanode.RunningDatanodeState (RunningDatanodeState.java:computeNextContainerState(199)) - Error in executing end point task.
java.util.concurrent.ExecutionException: java.util.concurrent.TimeoutException
	at java.util.concurrent.FutureTask.report(FutureTask.java:122)
	at java.util.concurrent.FutureTask.get(FutureTask.java:192)
	at org.apache.hadoop.ozone.container.common.states.datanode.RunningDatanodeState.computeNextContainerState(RunningDatanodeState.java:191)
	at org.apache.hadoop.ozone.container.common.states.datanode.RunningDatanodeState.await(RunningDatanodeState.java:231)
	at org.apache.hadoop.ozone.container.common.states.datanode.RunningDatanodeState.await(RunningDatanodeState.java:50)
	at org.apache.hadoop.ozone.container.common.statemachine.StateContext.execute(StateContext.java:633)
	at org.apache.hadoop.ozone.container.common.statemachine.DatanodeStateMachine.start(DatanodeStateMachine.java:280)
	at org.apache.hadoop.ozone.container.common.statemachine.DatanodeStateMachine.lambda$startDaemon$0(DatanodeStateMachine.java:468)
	at java.lang.Thread.run(Thread.java:748)
Caused by: java.util.concurrent.TimeoutException
	at java.util.concurrent.FutureTask.get(FutureTask.java:205)
	at org.apache.hadoop.ozone.container.common.states.datanode.RunningDatanodeState.lambda$execute$0(RunningDatanodeState.java:149)
	at java.util.concurrent.FutureTask.run(FutureTask.java:266)
	at java.util.concurrent.Executors$RunnableAdapter.call(Executors.java:511)
	at java.util.concurrent.FutureTask.run(FutureTask.java:266)
	at java.util.concurrent.ThreadPoolExecutor.runWorker(ThreadPoolExecutor.java:1149)
	at java.util.concurrent.ThreadPoolExecutor$Worker.run(ThreadPoolExecutor.java:624)
	... 1 more
2022-01-08 13:18:28,782 [c0322a57-4f2b-423f-b02f-0677e9b7408d@group-58F3DA5FB7B7-LeaderElection25] INFO  impl.LeaderElection (LeaderElection.java:askForVotes(306)) - c0322a57-4f2b-423f-b02f-0677e9b7408d@group-58F3DA5FB7B7-LeaderElection25 ELECTION round 0: submit vote requests at term 2 for -1: [c0322a57-4f2b-423f-b02f-0677e9b7408d|rpc:127.0.0.1:43283|dataStream:|priority:1, f4bd9712-e444-41ba-bddc-dab6ab48249e|rpc:127.0.0.1:34435|dataStream:|priority:0, 737545ee-dc45-4e08-9429-983c1d4f2632|rpc:127.0.0.1:46773|dataStream:|priority:0], old=null
2022-01-08 13:18:28,820 [737545ee-dc45-4e08-9429-983c1d4f2632@group-58F3DA5FB7B7-LeaderElection26] INFO  impl.LeaderElection (LeaderElection.java:askForVotes(306)) - 737545ee-dc45-4e08-9429-983c1d4f2632@group-58F3DA5FB7B7-LeaderElection26 ELECTION round 0: submit vote requests at term 2 for -1: [c0322a57-4f2b-423f-b02f-0677e9b7408d|rpc:127.0.0.1:43283|priority:1, f4bd9712-e444-41ba-bddc-dab6ab48249e|rpc:127.0.0.1:34435|priority:0, 737545ee-dc45-4e08-9429-983c1d4f2632|rpc:127.0.0.1:46773|priority:0], old=null
2022-01-08 13:18:28,856 [grpc-default-executor-3] INFO  server.RaftServer$Division (RaftServerImpl.java:requestVote(1046)) - f4bd9712-e444-41ba-bddc-dab6ab48249e@group-58F3DA5FB7B7: receive requestVote(ELECTION, c0322a57-4f2b-423f-b02f-0677e9b7408d, group-58F3DA5FB7B7, 2, (t:0, i:0))
2022-01-08 13:18:28,856 [grpc-default-executor-3] INFO  impl.VoteContext (VoteContext.java:log(48)) - f4bd9712-e444-41ba-bddc-dab6ab48249e@group-58F3DA5FB7B7-FOLLOWER: accept ELECTION from c0322a57-4f2b-423f-b02f-0677e9b7408d: our priority 0 <= candidate's priority 1
2022-01-08 13:18:28,856 [grpc-default-executor-3] INFO  server.RaftServer$Division (RaftServerImpl.java:setRole(290)) - f4bd9712-e444-41ba-bddc-dab6ab48249e@group-58F3DA5FB7B7: changes role from  FOLLOWER to FOLLOWER at term 2 for candidate:c0322a57-4f2b-423f-b02f-0677e9b7408d
2022-01-08 13:18:28,856 [grpc-default-executor-3] INFO  impl.RoleInfo (RoleInfo.java:shutdownFollowerState(108)) - f4bd9712-e444-41ba-bddc-dab6ab48249e: shutdown f4bd9712-e444-41ba-bddc-dab6ab48249e@group-58F3DA5FB7B7-FollowerState
2022-01-08 13:18:28,856 [grpc-default-executor-3] INFO  impl.RoleInfo (RoleInfo.java:updateAndGet(130)) - f4bd9712-e444-41ba-bddc-dab6ab48249e: start f4bd9712-e444-41ba-bddc-dab6ab48249e@group-58F3DA5FB7B7-FollowerState
2022-01-08 13:18:28,856 [f4bd9712-e444-41ba-bddc-dab6ab48249e@group-58F3DA5FB7B7-FollowerState] INFO  impl.FollowerState (FollowerState.java:run(143)) - f4bd9712-e444-41ba-bddc-dab6ab48249e@group-58F3DA5FB7B7-FollowerState was interrupted: {}
java.lang.InterruptedException: sleep interrupted
	at java.lang.Thread.sleep(Native Method)
	at java.lang.Thread.sleep(Thread.java:340)
	at java.util.concurrent.TimeUnit.sleep(TimeUnit.java:386)
	at org.apache.ratis.util.TimeDuration.sleep(TimeDuration.java:324)
	at org.apache.ratis.util.TimeDuration.sleep(TimeDuration.java:309)
	at org.apache.ratis.server.impl.FollowerState.run(FollowerState.java:118)
2022-01-08 13:18:28,857 [grpc-default-executor-1] INFO  server.RaftServer$Division (RaftServerImpl.java:requestVote(1046)) - c0322a57-4f2b-423f-b02f-0677e9b7408d@group-58F3DA5FB7B7: receive requestVote(ELECTION, 737545ee-dc45-4e08-9429-983c1d4f2632, group-58F3DA5FB7B7, 2, (t:0, i:0))
2022-01-08 13:18:28,857 [grpc-default-executor-1] INFO  impl.VoteContext (VoteContext.java:log(48)) - c0322a57-4f2b-423f-b02f-0677e9b7408d@group-58F3DA5FB7B7-CANDIDATE: reject ELECTION from 737545ee-dc45-4e08-9429-983c1d4f2632: already has voted for c0322a57-4f2b-423f-b02f-0677e9b7408d at current term 2
2022-01-08 13:18:28,857 [grpc-default-executor-1] INFO  server.RaftServer$Division (RaftServerImpl.java:requestVote(1078)) - c0322a57-4f2b-423f-b02f-0677e9b7408d@group-58F3DA5FB7B7 replies to ELECTION vote request: 737545ee-dc45-4e08-9429-983c1d4f2632<-c0322a57-4f2b-423f-b02f-0677e9b7408d#0:FAIL-t2. Peer's state: c0322a57-4f2b-423f-b02f-0677e9b7408d@group-58F3DA5FB7B7:t2, leader=null, voted=c0322a57-4f2b-423f-b02f-0677e9b7408d, raftlog=c0322a57-4f2b-423f-b02f-0677e9b7408d@group-58F3DA5FB7B7-SegmentedRaftLog:OPENED:c-1, conf=-1: [c0322a57-4f2b-423f-b02f-0677e9b7408d|rpc:127.0.0.1:43283|dataStream:|priority:1, f4bd9712-e444-41ba-bddc-dab6ab48249e|rpc:127.0.0.1:34435|dataStream:|priority:0, 737545ee-dc45-4e08-9429-983c1d4f2632|rpc:127.0.0.1:46773|dataStream:|priority:0], old=null
2022-01-08 13:18:28,857 [grpc-default-executor-2] INFO  server.RaftServer$Division (RaftServerImpl.java:requestVote(1046)) - 737545ee-dc45-4e08-9429-983c1d4f2632@group-58F3DA5FB7B7: receive requestVote(ELECTION, c0322a57-4f2b-423f-b02f-0677e9b7408d, group-58F3DA5FB7B7, 2, (t:0, i:0))
2022-01-08 13:18:28,858 [grpc-default-executor-2] INFO  impl.VoteContext (VoteContext.java:log(48)) - 737545ee-dc45-4e08-9429-983c1d4f2632@group-58F3DA5FB7B7-CANDIDATE: reject ELECTION from c0322a57-4f2b-423f-b02f-0677e9b7408d: already has voted for 737545ee-dc45-4e08-9429-983c1d4f2632 at current term 2
2022-01-08 13:18:28,858 [grpc-default-executor-2] INFO  server.RaftServer$Division (RaftServerImpl.java:requestVote(1078)) - 737545ee-dc45-4e08-9429-983c1d4f2632@group-58F3DA5FB7B7 replies to ELECTION vote request: c0322a57-4f2b-423f-b02f-0677e9b7408d<-737545ee-dc45-4e08-9429-983c1d4f2632#0:FAIL-t2. Peer's state: 737545ee-dc45-4e08-9429-983c1d4f2632@group-58F3DA5FB7B7:t2, leader=null, voted=737545ee-dc45-4e08-9429-983c1d4f2632, raftlog=737545ee-dc45-4e08-9429-983c1d4f2632@group-58F3DA5FB7B7-SegmentedRaftLog:OPENED:c-1, conf=-1: [c0322a57-4f2b-423f-b02f-0677e9b7408d|rpc:127.0.0.1:43283|priority:1, f4bd9712-e444-41ba-bddc-dab6ab48249e|rpc:127.0.0.1:34435|priority:0, 737545ee-dc45-4e08-9429-983c1d4f2632|rpc:127.0.0.1:46773|priority:0], old=null
2022-01-08 13:18:28,868 [grpc-default-executor-3] INFO  server.RaftServer$Division (RaftServerImpl.java:requestVote(1078)) - f4bd9712-e444-41ba-bddc-dab6ab48249e@group-58F3DA5FB7B7 replies to ELECTION vote request: c0322a57-4f2b-423f-b02f-0677e9b7408d<-f4bd9712-e444-41ba-bddc-dab6ab48249e#0:OK-t2. Peer's state: f4bd9712-e444-41ba-bddc-dab6ab48249e@group-58F3DA5FB7B7:t2, leader=null, voted=c0322a57-4f2b-423f-b02f-0677e9b7408d, raftlog=f4bd9712-e444-41ba-bddc-dab6ab48249e@group-58F3DA5FB7B7-SegmentedRaftLog:OPENED:c-1, conf=-1: [c0322a57-4f2b-423f-b02f-0677e9b7408d|rpc:127.0.0.1:43283|dataStream:|priority:1, f4bd9712-e444-41ba-bddc-dab6ab48249e|rpc:127.0.0.1:34435|dataStream:|priority:0, 737545ee-dc45-4e08-9429-983c1d4f2632|rpc:127.0.0.1:46773|dataStream:|priority:0], old=null
2022-01-08 13:18:28,877 [737545ee-dc45-4e08-9429-983c1d4f2632@group-58F3DA5FB7B7-LeaderElection26] INFO  impl.LeaderElection (LeaderElection.java:logAndReturn(89)) - 737545ee-dc45-4e08-9429-983c1d4f2632@group-58F3DA5FB7B7-LeaderElection26: ELECTION REJECTED received 1 response(s) and 0 exception(s):
2022-01-08 13:18:28,877 [737545ee-dc45-4e08-9429-983c1d4f2632@group-58F3DA5FB7B7-LeaderElection26] INFO  impl.LeaderElection (LeaderElection.java:logAndReturn(93)) -   Response 0: 737545ee-dc45-4e08-9429-983c1d4f2632<-c0322a57-4f2b-423f-b02f-0677e9b7408d#0:FAIL-t2
2022-01-08 13:18:28,878 [737545ee-dc45-4e08-9429-983c1d4f2632@group-58F3DA5FB7B7-LeaderElection26] INFO  impl.LeaderElection (LeaderElection.java:askForVotes(308)) - 737545ee-dc45-4e08-9429-983c1d4f2632@group-58F3DA5FB7B7-LeaderElection26 ELECTION round 0: result REJECTED
2022-01-08 13:18:28,878 [737545ee-dc45-4e08-9429-983c1d4f2632@group-58F3DA5FB7B7-LeaderElection26] INFO  server.RaftServer$Division (RaftServerImpl.java:setRole(290)) - 737545ee-dc45-4e08-9429-983c1d4f2632@group-58F3DA5FB7B7: changes role from CANDIDATE to FOLLOWER at term 2 for REJECTED
2022-01-08 13:18:28,878 [737545ee-dc45-4e08-9429-983c1d4f2632@group-58F3DA5FB7B7-LeaderElection26] INFO  impl.RoleInfo (RoleInfo.java:shutdownLeaderElection(121)) - 737545ee-dc45-4e08-9429-983c1d4f2632: shutdown 737545ee-dc45-4e08-9429-983c1d4f2632@group-58F3DA5FB7B7-LeaderElection26
2022-01-08 13:18:28,878 [737545ee-dc45-4e08-9429-983c1d4f2632@group-58F3DA5FB7B7-LeaderElection26] INFO  impl.RoleInfo (RoleInfo.java:updateAndGet(130)) - 737545ee-dc45-4e08-9429-983c1d4f2632: start 737545ee-dc45-4e08-9429-983c1d4f2632@group-58F3DA5FB7B7-FollowerState
2022-01-08 13:18:28,879 [grpc-default-executor-0] INFO  server.RaftServer$Division (RaftServerImpl.java:requestVote(1046)) - f4bd9712-e444-41ba-bddc-dab6ab48249e@group-58F3DA5FB7B7: receive requestVote(ELECTION, 737545ee-dc45-4e08-9429-983c1d4f2632, group-58F3DA5FB7B7, 2, (t:0, i:0))
2022-01-08 13:18:28,891 [grpc-default-executor-0] INFO  impl.VoteContext (VoteContext.java:log(48)) - f4bd9712-e444-41ba-bddc-dab6ab48249e@group-58F3DA5FB7B7-FOLLOWER: reject ELECTION from 737545ee-dc45-4e08-9429-983c1d4f2632: already has voted for c0322a57-4f2b-423f-b02f-0677e9b7408d at current term 2
2022-01-08 13:18:28,892 [grpc-default-executor-0] INFO  server.RaftServer$Division (RaftServerImpl.java:requestVote(1078)) - f4bd9712-e444-41ba-bddc-dab6ab48249e@group-58F3DA5FB7B7 replies to ELECTION vote request: 737545ee-dc45-4e08-9429-983c1d4f2632<-f4bd9712-e444-41ba-bddc-dab6ab48249e#0:FAIL-t2. Peer's state: f4bd9712-e444-41ba-bddc-dab6ab48249e@group-58F3DA5FB7B7:t2, leader=null, voted=c0322a57-4f2b-423f-b02f-0677e9b7408d, raftlog=f4bd9712-e444-41ba-bddc-dab6ab48249e@group-58F3DA5FB7B7-SegmentedRaftLog:OPENED:c-1, conf=-1: [c0322a57-4f2b-423f-b02f-0677e9b7408d|rpc:127.0.0.1:43283|dataStream:|priority:1, f4bd9712-e444-41ba-bddc-dab6ab48249e|rpc:127.0.0.1:34435|dataStream:|priority:0, 737545ee-dc45-4e08-9429-983c1d4f2632|rpc:127.0.0.1:46773|dataStream:|priority:0], old=null
2022-01-08 13:18:28,895 [c0322a57-4f2b-423f-b02f-0677e9b7408d@group-58F3DA5FB7B7-LeaderElection25] INFO  impl.LeaderElection (LeaderElection.java:logAndReturn(89)) - c0322a57-4f2b-423f-b02f-0677e9b7408d@group-58F3DA5FB7B7-LeaderElection25: ELECTION PASSED received 2 response(s) and 0 exception(s):
2022-01-08 13:18:28,895 [c0322a57-4f2b-423f-b02f-0677e9b7408d@group-58F3DA5FB7B7-LeaderElection25] INFO  impl.LeaderElection (LeaderElection.java:logAndReturn(93)) -   Response 0: c0322a57-4f2b-423f-b02f-0677e9b7408d<-f4bd9712-e444-41ba-bddc-dab6ab48249e#0:OK-t2
2022-01-08 13:18:28,895 [c0322a57-4f2b-423f-b02f-0677e9b7408d@group-58F3DA5FB7B7-LeaderElection25] INFO  impl.LeaderElection (LeaderElection.java:logAndReturn(93)) -   Response 1: c0322a57-4f2b-423f-b02f-0677e9b7408d<-737545ee-dc45-4e08-9429-983c1d4f2632#0:FAIL-t2
2022-01-08 13:18:28,895 [c0322a57-4f2b-423f-b02f-0677e9b7408d@group-58F3DA5FB7B7-LeaderElection25] INFO  impl.LeaderElection (LeaderElection.java:askForVotes(308)) - c0322a57-4f2b-423f-b02f-0677e9b7408d@group-58F3DA5FB7B7-LeaderElection25 ELECTION round 0: result PASSED
2022-01-08 13:18:28,895 [c0322a57-4f2b-423f-b02f-0677e9b7408d@group-58F3DA5FB7B7-LeaderElection25] INFO  impl.RoleInfo (RoleInfo.java:shutdownLeaderElection(121)) - c0322a57-4f2b-423f-b02f-0677e9b7408d: shutdown c0322a57-4f2b-423f-b02f-0677e9b7408d@group-58F3DA5FB7B7-LeaderElection25
2022-01-08 13:18:28,895 [c0322a57-4f2b-423f-b02f-0677e9b7408d@group-58F3DA5FB7B7-LeaderElection25] INFO  server.RaftServer$Division (RaftServerImpl.java:setRole(290)) - c0322a57-4f2b-423f-b02f-0677e9b7408d@group-58F3DA5FB7B7: changes role from CANDIDATE to LEADER at term 2 for changeToLeader
2022-01-08 13:18:28,895 [c0322a57-4f2b-423f-b02f-0677e9b7408d@group-58F3DA5FB7B7-LeaderElection25] INFO  ratis.XceiverServerRatis (XceiverServerRatis.java:handleLeaderChangedNotification(866)) - Leader change notification received for group: group-58F3DA5FB7B7 with new leaderId: c0322a57-4f2b-423f-b02f-0677e9b7408d
2022-01-08 13:18:28,896 [c0322a57-4f2b-423f-b02f-0677e9b7408d@group-58F3DA5FB7B7-LeaderElection25] INFO  server.RaftServer$Division (ServerState.java:setLeader(285)) - c0322a57-4f2b-423f-b02f-0677e9b7408d@group-58F3DA5FB7B7: change Leader from null to c0322a57-4f2b-423f-b02f-0677e9b7408d at term 2 for becomeLeader, leader elected after 10249ms
2022-01-08 13:18:28,896 [c0322a57-4f2b-423f-b02f-0677e9b7408d@group-58F3DA5FB7B7-LeaderElection25] INFO  server.RaftServerConfigKeys (ConfUtils.java:logGet(44)) - raft.server.staging.catchup.gap = 1000 (default)
2022-01-08 13:18:28,896 [c0322a57-4f2b-423f-b02f-0677e9b7408d@group-58F3DA5FB7B7-LeaderElection25] INFO  server.RaftServerConfigKeys (ConfUtils.java:logGet(44)) - raft.server.write.element-limit = 1024 (custom)
2022-01-08 13:18:28,896 [c0322a57-4f2b-423f-b02f-0677e9b7408d@group-58F3DA5FB7B7-LeaderElection25] INFO  server.RaftServerConfigKeys (ConfUtils.java:logGet(44)) - raft.server.write.byte-limit = 1024 M (=1073741824) (custom)
2022-01-08 13:18:28,896 [c0322a57-4f2b-423f-b02f-0677e9b7408d@group-58F3DA5FB7B7-LeaderElection25] INFO  server.RaftServerConfigKeys (ConfUtils.java:logGet(44)) - raft.server.watch.timeout = 180s (custom)
2022-01-08 13:18:28,896 [c0322a57-4f2b-423f-b02f-0677e9b7408d@group-58F3DA5FB7B7-LeaderElection25] INFO  server.RaftServerConfigKeys (ConfUtils.java:logGet(44)) - raft.server.watch.timeout.denomination = 1s (default)
2022-01-08 13:18:28,896 [c0322a57-4f2b-423f-b02f-0677e9b7408d@group-58F3DA5FB7B7-LeaderElection25] INFO  server.RaftServerConfigKeys (ConfUtils.java:logGet(44)) - raft.server.watch.element-limit = 65536 (default)
2022-01-08 13:18:28,896 [c0322a57-4f2b-423f-b02f-0677e9b7408d@group-58F3DA5FB7B7-LeaderElection25] INFO  server.RaftServerConfigKeys (ConfUtils.java:logGet(44)) - raft.server.write.element-limit = 1024 (custom)
2022-01-08 13:18:28,896 [c0322a57-4f2b-423f-b02f-0677e9b7408d@group-58F3DA5FB7B7-LeaderElection25] INFO  server.RaftServerConfigKeys (ConfUtils.java:logGet(44)) - raft.server.write.follower.gap.ratio.max = -1.0 (default)
2022-01-08 13:18:28,896 [c0322a57-4f2b-423f-b02f-0677e9b7408d@group-58F3DA5FB7B7-LeaderElection25] INFO  server.RaftServerConfigKeys (ConfUtils.java:logGet(44)) - raft.server.log.appender.snapshot.chunk.size.max = 16MB (=16777216) (default)
2022-01-08 13:18:28,897 [c0322a57-4f2b-423f-b02f-0677e9b7408d@group-58F3DA5FB7B7-LeaderElection25] INFO  server.RaftServerConfigKeys (ConfUtils.java:logGet(44)) - raft.server.log.appender.buffer.byte-limit = 33554432 (custom)
2022-01-08 13:18:28,897 [c0322a57-4f2b-423f-b02f-0677e9b7408d@group-58F3DA5FB7B7-LeaderElection25] INFO  server.RaftServerConfigKeys (ConfUtils.java:logGet(44)) - raft.server.log.appender.buffer.element-limit = 1 (custom)
2022-01-08 13:18:28,897 [c0322a57-4f2b-423f-b02f-0677e9b7408d@group-58F3DA5FB7B7-LeaderElection25] INFO  grpc.GrpcConfigKeys (ConfUtils.java:logGet(44)) - raft.grpc.server.leader.outstanding.appends.max = 128 (default)
2022-01-08 13:18:28,897 [c0322a57-4f2b-423f-b02f-0677e9b7408d@group-58F3DA5FB7B7-LeaderElection25] INFO  server.RaftServerConfigKeys (ConfUtils.java:logGet(44)) - raft.server.rpc.request.timeout = 60s (custom)
2022-01-08 13:18:28,897 [c0322a57-4f2b-423f-b02f-0677e9b7408d@group-58F3DA5FB7B7-LeaderElection25] INFO  server.RaftServerConfigKeys (ConfUtils.java:logGet(44)) - raft.server.log.appender.install.snapshot.enabled = false (custom)
2022-01-08 13:18:28,897 [c0322a57-4f2b-423f-b02f-0677e9b7408d@group-58F3DA5FB7B7-LeaderElection25] INFO  server.RaftServerConfigKeys (ConfUtils.java:logGet(44)) - raft.server.log.appender.snapshot.chunk.size.max = 16MB (=16777216) (default)
2022-01-08 13:18:28,898 [c0322a57-4f2b-423f-b02f-0677e9b7408d@group-58F3DA5FB7B7-LeaderElection25] INFO  server.RaftServerConfigKeys (ConfUtils.java:logGet(44)) - raft.server.log.appender.buffer.byte-limit = 33554432 (custom)
2022-01-08 13:18:28,898 [c0322a57-4f2b-423f-b02f-0677e9b7408d@group-58F3DA5FB7B7-LeaderElection25] INFO  server.RaftServerConfigKeys (ConfUtils.java:logGet(44)) - raft.server.log.appender.buffer.element-limit = 1 (custom)
2022-01-08 13:18:28,898 [c0322a57-4f2b-423f-b02f-0677e9b7408d@group-58F3DA5FB7B7-LeaderElection25] INFO  grpc.GrpcConfigKeys (ConfUtils.java:logGet(44)) - raft.grpc.server.leader.outstanding.appends.max = 128 (default)
2022-01-08 13:18:28,898 [c0322a57-4f2b-423f-b02f-0677e9b7408d@group-58F3DA5FB7B7-LeaderElection25] INFO  server.RaftServerConfigKeys (ConfUtils.java:logGet(44)) - raft.server.rpc.request.timeout = 60s (custom)
2022-01-08 13:18:28,898 [c0322a57-4f2b-423f-b02f-0677e9b7408d@group-58F3DA5FB7B7-LeaderElection25] INFO  server.RaftServerConfigKeys (ConfUtils.java:logGet(44)) - raft.server.log.appender.install.snapshot.enabled = false (custom)
2022-01-08 13:18:28,898 [c0322a57-4f2b-423f-b02f-0677e9b7408d@group-58F3DA5FB7B7-LeaderElection25] INFO  impl.RoleInfo (RoleInfo.java:updateAndGet(130)) - c0322a57-4f2b-423f-b02f-0677e9b7408d: start c0322a57-4f2b-423f-b02f-0677e9b7408d@group-58F3DA5FB7B7-LeaderStateImpl
2022-01-08 13:18:28,900 [c0322a57-4f2b-423f-b02f-0677e9b7408d@group-58F3DA5FB7B7-LeaderElection25] INFO  segmented.SegmentedRaftLogWorker (SegmentedRaftLogWorker.java:startLogSegment(394)) - c0322a57-4f2b-423f-b02f-0677e9b7408d@group-58F3DA5FB7B7-SegmentedRaftLogWorker: Starting segment from index:0
2022-01-08 13:18:28,901 [EventQueue-PipelineReportForPipelineReportHandler] INFO  pipeline.PipelineManagerImpl (PipelineManagerImpl.java:openPipeline(291)) - Pipeline Pipeline[ Id: d6dbbfe3-3ab8-4abf-9991-58f3da5fb7b7, Nodes: c0322a57-4f2b-423f-b02f-0677e9b7408d{ip: 127.0.0.1, host: localhost, ports: [REPLICATION=39967, RATIS=43283, RATIS_ADMIN=43283, RATIS_SERVER=43283, STANDALONE=38745], networkLocation: /default-rack, certSerialId: null, persistedOpState: IN_SERVICE, persistedOpStateExpiryEpochSec: 0}f4bd9712-e444-41ba-bddc-dab6ab48249e{ip: 127.0.0.1, host: localhost, ports: [REPLICATION=44221, RATIS=34435, RATIS_ADMIN=34435, RATIS_SERVER=34435, STANDALONE=35259], networkLocation: /default-rack, certSerialId: null, persistedOpState: IN_SERVICE, persistedOpStateExpiryEpochSec: 0}737545ee-dc45-4e08-9429-983c1d4f2632{ip: 127.0.0.1, host: localhost, ports: [REPLICATION=35313, RATIS=46773, RATIS_ADMIN=46773, RATIS_SERVER=46773, STANDALONE=42829], networkLocation: /default-rack, certSerialId: null, persistedOpState: IN_SERVICE, persistedOpStateExpiryEpochSec: 0}, ReplicationConfig: RATIS/THREE, State:ALLOCATED, leaderId:c0322a57-4f2b-423f-b02f-0677e9b7408d, CreationTimestamp2022-01-08T13:18:16.193Z[Etc/UTC]] moved to OPEN state
2022-01-08 13:18:28,901 [EventQueue-PipelineReportForPipelineReportHandler] INFO  pipeline.PipelineManagerImpl (PipelineManagerImpl.java:openPipeline(291)) - Pipeline Pipeline[ Id: d6dbbfe3-3ab8-4abf-9991-58f3da5fb7b7, Nodes: c0322a57-4f2b-423f-b02f-0677e9b7408d{ip: 127.0.0.1, host: localhost, ports: [REPLICATION=39967, RATIS=43283, RATIS_ADMIN=43283, RATIS_SERVER=43283, STANDALONE=38745], networkLocation: /default-rack, certSerialId: null, persistedOpState: IN_SERVICE, persistedOpStateExpiryEpochSec: 0}f4bd9712-e444-41ba-bddc-dab6ab48249e{ip: 127.0.0.1, host: localhost, ports: [REPLICATION=44221, RATIS=34435, RATIS_ADMIN=34435, RATIS_SERVER=34435, STANDALONE=35259], networkLocation: /default-rack, certSerialId: null, persistedOpState: IN_SERVICE, persistedOpStateExpiryEpochSec: 0}737545ee-dc45-4e08-9429-983c1d4f2632{ip: 127.0.0.1, host: localhost, ports: [REPLICATION=35313, RATIS=46773, RATIS_ADMIN=46773, RATIS_SERVER=46773, STANDALONE=42829], networkLocation: /default-rack, certSerialId: null, persistedOpState: IN_SERVICE, persistedOpStateExpiryEpochSec: 0}, ReplicationConfig: RATIS/THREE, State:ALLOCATED, leaderId:c0322a57-4f2b-423f-b02f-0677e9b7408d, CreationTimestamp2022-01-08T13:18:16.193Z[Etc/UTC]] moved to OPEN state
2022-01-08 13:18:28,901 [EventQueue-PipelineReportForPipelineReportHandler] INFO  ha.SCMHAInvocationHandler (SCMHAInvocationHandler.java:invokeRatis(113)) - Invoking method public abstract void org.apache.hadoop.hdds.scm.pipeline.PipelineStateManager.updatePipelineState(org.apache.hadoop.hdds.protocol.proto.HddsProtos$PipelineID,org.apache.hadoop.hdds.protocol.proto.HddsProtos$PipelineState) throws java.io.IOException on target org.apache.hadoop.hdds.scm.ha.SCMRatisServerImpl@739fb24d, cost 210.104us
2022-01-08 13:18:28,901 [EventQueue-OpenPipelineForHealthyPipelineSafeModeRule] INFO  safemode.SCMSafeModeManager (HealthyPipelineSafeModeRule.java:process(124)) - SCM in safe mode. Healthy pipelines reported count is 0, required healthy pipeline reported count is 1
2022-01-08 13:18:28,904 [c0322a57-4f2b-423f-b02f-0677e9b7408d@group-58F3DA5FB7B7-SegmentedRaftLogWorker] INFO  segmented.SegmentedRaftLogWorker (SegmentedRaftLogWorker.java:execute(601)) - c0322a57-4f2b-423f-b02f-0677e9b7408d@group-58F3DA5FB7B7-SegmentedRaftLogWorker: created new log segment /home/runner/work/ozone/ozone/hadoop-ozone/integration-test/target/test-dir/MiniOzoneClusterImpl-96dde82e-0bdc-4c97-ae5c-ef816938392d/datanode-2/data/ratis/d6dbbfe3-3ab8-4abf-9991-58f3da5fb7b7/current/log_inprogress_0
2022-01-08 13:18:28,917 [grpc-default-executor-2] INFO  ratis.XceiverServerRatis (XceiverServerRatis.java:handleLeaderChangedNotification(866)) - Leader change notification received for group: group-58F3DA5FB7B7 with new leaderId: c0322a57-4f2b-423f-b02f-0677e9b7408d
2022-01-08 13:18:28,917 [grpc-default-executor-2] INFO  server.RaftServer$Division (ServerState.java:setLeader(285)) - 737545ee-dc45-4e08-9429-983c1d4f2632@group-58F3DA5FB7B7: change Leader from null to c0322a57-4f2b-423f-b02f-0677e9b7408d at term 2 for appendEntries, leader elected after 10329ms
2022-01-08 13:18:28,926 [222ceec3-fd71-41f2-aa08-53f50be8376f@group-EF816938392D-StateMachineUpdater] INFO  safemode.HealthyPipelineSafeModeRule (HealthyPipelineSafeModeRule.java:initializeRule(152)) - Refreshed total pipeline count is 1, healthy pipeline threshold count is 1
2022-01-08 13:18:28,926 [EventQueue-PipelineReportForPipelineReportHandler] INFO  ha.SCMHAInvocationHandler (SCMHAInvocationHandler.java:invokeRatis(113)) - Invoking method public abstract void org.apache.hadoop.hdds.scm.pipeline.PipelineStateManager.updatePipelineState(org.apache.hadoop.hdds.protocol.proto.HddsProtos$PipelineID,org.apache.hadoop.hdds.protocol.proto.HddsProtos$PipelineState) throws java.io.IOException on target org.apache.hadoop.hdds.scm.ha.SCMRatisServerImpl@4c7e36e2, cost 25139.497us
2022-01-08 13:18:28,926 [EventQueue-OpenPipelineForHealthyPipelineSafeModeRule] INFO  safemode.SCMSafeModeManager (HealthyPipelineSafeModeRule.java:process(124)) - SCM in safe mode. Healthy pipelines reported count is 1, required healthy pipeline reported count is 1
2022-01-08 13:18:28,927 [EventQueue-OpenPipelineForHealthyPipelineSafeModeRule] INFO  safemode.SCMSafeModeManager (SCMSafeModeManager.java:validateSafeModeExitRules(204)) - HealthyPipelineSafeModeRule rule is successfully validated
2022-01-08 13:18:28,927 [EventQueue-OpenPipelineForHealthyPipelineSafeModeRule] INFO  safemode.SCMSafeModeManager (SCMSafeModeManager.java:validateSafeModeExitRules(219)) - ScmSafeModeManager, all rules are successfully validated
2022-01-08 13:18:28,927 [EventQueue-OpenPipelineForHealthyPipelineSafeModeRule] INFO  safemode.SCMSafeModeManager (SCMSafeModeManager.java:exitSafeMode(248)) - SCM exiting safe mode.
2022-01-08 13:18:28,927 [EventQueue-OpenPipelineForHealthyPipelineSafeModeRule] WARN  events.EventQueue (EventQueue.java:fireEvent(194)) - No event handler registered for event TypedEvent{payloadType=SafeModeStatus, name='Safe mode status'}
2022-01-08 13:18:28,927 [EventQueue-OpenPipelineForHealthyPipelineSafeModeRule] INFO  ha.SCMContext (SCMContext.java:updateSafeModeStatus(211)) - Update SafeModeStatus from SafeModeStatus{safeModeStatus=true, preCheckPassed=true} to SafeModeStatus{safeModeStatus=false, preCheckPassed=true}.
2022-01-08 13:18:28,927 [EventQueue-OpenPipelineForHealthyPipelineSafeModeRule] INFO  container.ReplicationManager (ReplicationManager.java:notifyStatusChanged(1758)) - Service ReplicationManager transitions to RUNNING.
2022-01-08 13:18:28,928 [grpc-default-executor-2] INFO  server.RaftServer$Division (ServerState.java:setRaftConf(387)) - 737545ee-dc45-4e08-9429-983c1d4f2632@group-58F3DA5FB7B7: set configuration 0: [c0322a57-4f2b-423f-b02f-0677e9b7408d|rpc:127.0.0.1:43283|dataStream:|priority:1, f4bd9712-e444-41ba-bddc-dab6ab48249e|rpc:127.0.0.1:34435|dataStream:|priority:0, 737545ee-dc45-4e08-9429-983c1d4f2632|rpc:127.0.0.1:46773|dataStream:|priority:0], old=null
2022-01-08 13:18:28,928 [grpc-default-executor-2] INFO  segmented.SegmentedRaftLogWorker (SegmentedRaftLogWorker.java:startLogSegment(394)) - 737545ee-dc45-4e08-9429-983c1d4f2632@group-58F3DA5FB7B7-SegmentedRaftLogWorker: Starting segment from index:0
2022-01-08 13:18:28,929 [c0322a57-4f2b-423f-b02f-0677e9b7408d@group-58F3DA5FB7B7-LeaderElection25] INFO  server.RaftServer$Division (ServerState.java:setRaftConf(387)) - c0322a57-4f2b-423f-b02f-0677e9b7408d@group-58F3DA5FB7B7: set configuration 0: [c0322a57-4f2b-423f-b02f-0677e9b7408d|rpc:127.0.0.1:43283|dataStream:|priority:1, f4bd9712-e444-41ba-bddc-dab6ab48249e|rpc:127.0.0.1:34435|dataStream:|priority:0, 737545ee-dc45-4e08-9429-983c1d4f2632|rpc:127.0.0.1:46773|dataStream:|priority:0], old=null
2022-01-08 13:18:28,932 [grpc-default-executor-0] INFO  ratis.XceiverServerRatis (XceiverServerRatis.java:handleLeaderChangedNotification(866)) - Leader change notification received for group: group-58F3DA5FB7B7 with new leaderId: c0322a57-4f2b-423f-b02f-0677e9b7408d
2022-01-08 13:18:28,932 [grpc-default-executor-0] INFO  server.RaftServer$Division (ServerState.java:setLeader(285)) - f4bd9712-e444-41ba-bddc-dab6ab48249e@group-58F3DA5FB7B7: change Leader from null to c0322a57-4f2b-423f-b02f-0677e9b7408d at term 2 for appendEntries, leader elected after 10204ms
2022-01-08 13:18:28,932 [737545ee-dc45-4e08-9429-983c1d4f2632@group-58F3DA5FB7B7-SegmentedRaftLogWorker] INFO  segmented.SegmentedRaftLogWorker (SegmentedRaftLogWorker.java:execute(601)) - 737545ee-dc45-4e08-9429-983c1d4f2632@group-58F3DA5FB7B7-SegmentedRaftLogWorker: created new log segment /home/runner/work/ozone/ozone/hadoop-ozone/integration-test/target/test-dir/MiniOzoneClusterImpl-96dde82e-0bdc-4c97-ae5c-ef816938392d/datanode-0/data/ratis/d6dbbfe3-3ab8-4abf-9991-58f3da5fb7b7/current/log_inprogress_0
2022-01-08 13:18:28,934 [40a4bb05-3d2f-4358-aa13-75cfde41e6e0@group-EF816938392D-StateMachineUpdater] INFO  safemode.HealthyPipelineSafeModeRule (HealthyPipelineSafeModeRule.java:initializeRule(152)) - Refreshed total pipeline count is 1, healthy pipeline threshold count is 1
2022-01-08 13:18:28,934 [40a4bb05-3d2f-4358-aa13-75cfde41e6e0@group-EF816938392D-StateMachineUpdater] INFO  ha.SCMStateMachine (SCMStateMachine.java:takeSnapshot(297)) - Current Snapshot Index 23, takeSnapshot took 0 ms
2022-01-08 13:18:28,934 [40a4bb05-3d2f-4358-aa13-75cfde41e6e0@group-EF816938392D-StateMachineUpdater] INFO  impl.StateMachineUpdater (StateMachineUpdater.java:takeSnapshot(281)) - 40a4bb05-3d2f-4358-aa13-75cfde41e6e0@group-EF816938392D-StateMachineUpdater: Took a snapshot at index 23
2022-01-08 13:18:28,934 [40a4bb05-3d2f-4358-aa13-75cfde41e6e0@group-EF816938392D-StateMachineUpdater] INFO  impl.StateMachineUpdater (StateMachineUpdater.java:lambda$new$0(89)) - 40a4bb05-3d2f-4358-aa13-75cfde41e6e0@group-EF816938392D-StateMachineUpdater: snapshotIndex: updateIncreasingly 18 -> 23
2022-01-08 13:18:28,934 [40a4bb05-3d2f-4358-aa13-75cfde41e6e0@group-EF816938392D-StateMachineUpdater] INFO  raftlog.RaftLog (RaftLogBase.java:purge(306)) - 40a4bb05-3d2f-4358-aa13-75cfde41e6e0@group-EF816938392D-SegmentedRaftLog: purge 23
2022-01-08 13:18:28,934 [40a4bb05-3d2f-4358-aa13-75cfde41e6e0@group-EF816938392D-StateMachineUpdater] INFO  raftlog.RaftLog (RaftLogBase.java:lambda$new$0(53)) - 40a4bb05-3d2f-4358-aa13-75cfde41e6e0@group-EF816938392D-SegmentedRaftLog: snapshotIndex: updateIncreasingly 18 -> 23
2022-01-08 13:18:28,934 [40a4bb05-3d2f-4358-aa13-75cfde41e6e0@group-EF816938392D-StateMachineUpdater] INFO  raftlog.RaftLog (RaftLogBase.java:lambda$new$0(53)) - 40a4bb05-3d2f-4358-aa13-75cfde41e6e0@group-EF816938392D-SegmentedRaftLog: purgeIndex: updateToMax old=18, new=23, updated? true
2022-01-08 13:18:28,951 [grpc-default-executor-0] INFO  server.RaftServer$Division (ServerState.java:setRaftConf(387)) - f4bd9712-e444-41ba-bddc-dab6ab48249e@group-58F3DA5FB7B7: set configuration 0: [c0322a57-4f2b-423f-b02f-0677e9b7408d|rpc:127.0.0.1:43283|dataStream:|priority:1, f4bd9712-e444-41ba-bddc-dab6ab48249e|rpc:127.0.0.1:34435|dataStream:|priority:0, 737545ee-dc45-4e08-9429-983c1d4f2632|rpc:127.0.0.1:46773|dataStream:|priority:0], old=null
2022-01-08 13:18:28,951 [grpc-default-executor-0] INFO  segmented.SegmentedRaftLogWorker (SegmentedRaftLogWorker.java:startLogSegment(394)) - f4bd9712-e444-41ba-bddc-dab6ab48249e@group-58F3DA5FB7B7-SegmentedRaftLogWorker: Starting segment from index:0
2022-01-08 13:18:28,953 [f4bd9712-e444-41ba-bddc-dab6ab48249e@group-58F3DA5FB7B7-SegmentedRaftLogWorker] INFO  segmented.SegmentedRaftLogWorker (SegmentedRaftLogWorker.java:execute(601)) - f4bd9712-e444-41ba-bddc-dab6ab48249e@group-58F3DA5FB7B7-SegmentedRaftLogWorker: created new log segment /home/runner/work/ozone/ozone/hadoop-ozone/integration-test/target/test-dir/MiniOzoneClusterImpl-96dde82e-0bdc-4c97-ae5c-ef816938392d/datanode-1/data/ratis/d6dbbfe3-3ab8-4abf-9991-58f3da5fb7b7/current/log_inprogress_0
2022-01-08 13:18:29,036 [737545ee-dc45-4e08-9429-983c1d4f2632@group-CE302EA33CC7-FollowerState] INFO  impl.FollowerState (FollowerState.java:run(134)) - 737545ee-dc45-4e08-9429-983c1d4f2632@group-CE302EA33CC7-FollowerState: change to CANDIDATE, lastRpcElapsedTime:5035445634ns, electionTimeout:5029ms
2022-01-08 13:18:29,037 [737545ee-dc45-4e08-9429-983c1d4f2632@group-CE302EA33CC7-FollowerState] INFO  impl.RoleInfo (RoleInfo.java:shutdownFollowerState(108)) - 737545ee-dc45-4e08-9429-983c1d4f2632: shutdown 737545ee-dc45-4e08-9429-983c1d4f2632@group-CE302EA33CC7-FollowerState
2022-01-08 13:18:29,037 [737545ee-dc45-4e08-9429-983c1d4f2632@group-CE302EA33CC7-FollowerState] INFO  server.RaftServer$Division (RaftServerImpl.java:setRole(290)) - 737545ee-dc45-4e08-9429-983c1d4f2632@group-CE302EA33CC7: changes role from  FOLLOWER to CANDIDATE at term 1 for changeToCandidate
2022-01-08 13:18:29,037 [737545ee-dc45-4e08-9429-983c1d4f2632@group-CE302EA33CC7-FollowerState] INFO  server.RaftServerConfigKeys (ConfUtils.java:logGet(44)) - raft.server.leaderelection.pre-vote = false (custom)
2022-01-08 13:18:29,037 [737545ee-dc45-4e08-9429-983c1d4f2632@group-CE302EA33CC7-FollowerState] INFO  impl.RoleInfo (RoleInfo.java:updateAndGet(130)) - 737545ee-dc45-4e08-9429-983c1d4f2632: start 737545ee-dc45-4e08-9429-983c1d4f2632@group-CE302EA33CC7-LeaderElection27
2022-01-08 13:18:29,053 [737545ee-dc45-4e08-9429-983c1d4f2632@group-CE302EA33CC7-LeaderElection27] INFO  impl.LeaderElection (LeaderElection.java:askForVotes(306)) - 737545ee-dc45-4e08-9429-983c1d4f2632@group-CE302EA33CC7-LeaderElection27 ELECTION round 0: submit vote requests at term 2 for -1: [c0322a57-4f2b-423f-b02f-0677e9b7408d|rpc:127.0.0.1:43283|priority:0, f4bd9712-e444-41ba-bddc-dab6ab48249e|rpc:127.0.0.1:34435|priority:1, 737545ee-dc45-4e08-9429-983c1d4f2632|rpc:127.0.0.1:46773|priority:0], old=null
2022-01-08 13:18:29,068 [f4bd9712-e444-41ba-bddc-dab6ab48249e@group-CE302EA33CC7-FollowerState] INFO  impl.FollowerState (FollowerState.java:run(134)) - f4bd9712-e444-41ba-bddc-dab6ab48249e@group-CE302EA33CC7-FollowerState: change to CANDIDATE, lastRpcElapsedTime:5078727591ns, electionTimeout:5058ms
2022-01-08 13:18:29,068 [grpc-default-executor-2] INFO  server.RaftServer$Division (RaftServerImpl.java:requestVote(1046)) - c0322a57-4f2b-423f-b02f-0677e9b7408d@group-CE302EA33CC7: receive requestVote(ELECTION, 737545ee-dc45-4e08-9429-983c1d4f2632, group-CE302EA33CC7, 2, (t:0, i:0))
2022-01-08 13:18:29,068 [grpc-default-executor-2] INFO  impl.VoteContext (VoteContext.java:log(48)) - c0322a57-4f2b-423f-b02f-0677e9b7408d@group-CE302EA33CC7-FOLLOWER: accept ELECTION from 737545ee-dc45-4e08-9429-983c1d4f2632: our priority 0 <= candidate's priority 0
2022-01-08 13:18:29,068 [f4bd9712-e444-41ba-bddc-dab6ab48249e@group-CE302EA33CC7-FollowerState] INFO  impl.RoleInfo (RoleInfo.java:shutdownFollowerState(108)) - f4bd9712-e444-41ba-bddc-dab6ab48249e: shutdown f4bd9712-e444-41ba-bddc-dab6ab48249e@group-CE302EA33CC7-FollowerState
2022-01-08 13:18:29,068 [grpc-default-executor-2] INFO  server.RaftServer$Division (RaftServerImpl.java:setRole(290)) - c0322a57-4f2b-423f-b02f-0677e9b7408d@group-CE302EA33CC7: changes role from  FOLLOWER to FOLLOWER at term 2 for candidate:737545ee-dc45-4e08-9429-983c1d4f2632
2022-01-08 13:18:29,068 [f4bd9712-e444-41ba-bddc-dab6ab48249e@group-CE302EA33CC7-FollowerState] INFO  server.RaftServer$Division (RaftServerImpl.java:setRole(290)) - f4bd9712-e444-41ba-bddc-dab6ab48249e@group-CE302EA33CC7: changes role from  FOLLOWER to CANDIDATE at term 1 for changeToCandidate
2022-01-08 13:18:29,068 [grpc-default-executor-2] INFO  impl.RoleInfo (RoleInfo.java:shutdownFollowerState(108)) - c0322a57-4f2b-423f-b02f-0677e9b7408d: shutdown c0322a57-4f2b-423f-b02f-0677e9b7408d@group-CE302EA33CC7-FollowerState
2022-01-08 13:18:29,069 [f4bd9712-e444-41ba-bddc-dab6ab48249e@group-CE302EA33CC7-FollowerState] INFO  server.RaftServerConfigKeys (ConfUtils.java:logGet(44)) - raft.server.leaderelection.pre-vote = false (custom)
2022-01-08 13:18:29,069 [c0322a57-4f2b-423f-b02f-0677e9b7408d@group-CE302EA33CC7-FollowerState] INFO  impl.FollowerState (FollowerState.java:run(143)) - c0322a57-4f2b-423f-b02f-0677e9b7408d@group-CE302EA33CC7-FollowerState was interrupted: {}
java.lang.InterruptedException: sleep interrupted
	at java.lang.Thread.sleep(Native Method)
	at java.lang.Thread.sleep(Thread.java:340)
	at java.util.concurrent.TimeUnit.sleep(TimeUnit.java:386)
	at org.apache.ratis.util.TimeDuration.sleep(TimeDuration.java:324)
	at org.apache.ratis.util.TimeDuration.sleep(TimeDuration.java:309)
	at org.apache.ratis.server.impl.FollowerState.run(FollowerState.java:118)
2022-01-08 13:18:29,069 [grpc-default-executor-2] INFO  impl.RoleInfo (RoleInfo.java:updateAndGet(130)) - c0322a57-4f2b-423f-b02f-0677e9b7408d: start c0322a57-4f2b-423f-b02f-0677e9b7408d@group-CE302EA33CC7-FollowerState
2022-01-08 13:18:29,069 [f4bd9712-e444-41ba-bddc-dab6ab48249e@group-CE302EA33CC7-FollowerState] INFO  impl.RoleInfo (RoleInfo.java:updateAndGet(130)) - f4bd9712-e444-41ba-bddc-dab6ab48249e: start f4bd9712-e444-41ba-bddc-dab6ab48249e@group-CE302EA33CC7-LeaderElection28
2022-01-08 13:18:29,077 [Datanode State Machine Daemon Thread] ERROR datanode.RunningDatanodeState (RunningDatanodeState.java:computeNextContainerState(199)) - Error in executing end point task.
java.util.concurrent.ExecutionException: java.util.concurrent.TimeoutException
	at java.util.concurrent.FutureTask.report(FutureTask.java:122)
	at java.util.concurrent.FutureTask.get(FutureTask.java:192)
	at org.apache.hadoop.ozone.container.common.states.datanode.RunningDatanodeState.computeNextContainerState(RunningDatanodeState.java:191)
	at org.apache.hadoop.ozone.container.common.states.datanode.RunningDatanodeState.await(RunningDatanodeState.java:231)
	at org.apache.hadoop.ozone.container.common.states.datanode.RunningDatanodeState.await(RunningDatanodeState.java:50)
	at org.apache.hadoop.ozone.container.common.statemachine.StateContext.execute(StateContext.java:633)
	at org.apache.hadoop.ozone.container.common.statemachine.DatanodeStateMachine.start(DatanodeStateMachine.java:280)
	at org.apache.hadoop.ozone.container.common.statemachine.DatanodeStateMachine.lambda$startDaemon$0(DatanodeStateMachine.java:468)
	at java.lang.Thread.run(Thread.java:748)
Caused by: java.util.concurrent.TimeoutException
	at java.util.concurrent.FutureTask.get(FutureTask.java:205)
	at org.apache.hadoop.ozone.container.common.states.datanode.RunningDatanodeState.lambda$execute$0(RunningDatanodeState.java:149)
	at java.util.concurrent.FutureTask.run(FutureTask.java:266)
	at java.util.concurrent.Executors$RunnableAdapter.call(Executors.java:511)
	at java.util.concurrent.FutureTask.run(FutureTask.java:266)
	at java.util.concurrent.ThreadPoolExecutor.runWorker(ThreadPoolExecutor.java:1149)
	at java.util.concurrent.ThreadPoolExecutor$Worker.run(ThreadPoolExecutor.java:624)
	... 1 more
2022-01-08 13:18:29,093 [grpc-default-executor-0] INFO  server.RaftServer$Division (RaftServerImpl.java:requestVote(1046)) - f4bd9712-e444-41ba-bddc-dab6ab48249e@group-CE302EA33CC7: receive requestVote(ELECTION, 737545ee-dc45-4e08-9429-983c1d4f2632, group-CE302EA33CC7, 2, (t:0, i:0))
2022-01-08 13:18:29,093 [grpc-default-executor-2] INFO  server.RaftServer$Division (RaftServerImpl.java:requestVote(1078)) - c0322a57-4f2b-423f-b02f-0677e9b7408d@group-CE302EA33CC7 replies to ELECTION vote request: 737545ee-dc45-4e08-9429-983c1d4f2632<-c0322a57-4f2b-423f-b02f-0677e9b7408d#0:OK-t2. Peer's state: c0322a57-4f2b-423f-b02f-0677e9b7408d@group-CE302EA33CC7:t2, leader=null, voted=737545ee-dc45-4e08-9429-983c1d4f2632, raftlog=c0322a57-4f2b-423f-b02f-0677e9b7408d@group-CE302EA33CC7-SegmentedRaftLog:OPENED:c-1, conf=-1: [c0322a57-4f2b-423f-b02f-0677e9b7408d|rpc:127.0.0.1:43283|dataStream:|priority:0, f4bd9712-e444-41ba-bddc-dab6ab48249e|rpc:127.0.0.1:34435|dataStream:|priority:1, 737545ee-dc45-4e08-9429-983c1d4f2632|rpc:127.0.0.1:46773|dataStream:|priority:0], old=null
2022-01-08 13:18:29,087 [Listener at 127.0.0.1/12096] INFO  ozone.MiniOzoneClusterImpl (MiniOzoneClusterImpl.java:lambda$waitForClusterToBeReady$0(235)) - Nodes are ready. Got 3 of 3 DN Heartbeats.
2022-01-08 13:18:29,094 [Listener at 127.0.0.1/12096] INFO  ozone.MiniOzoneClusterImpl (MiniOzoneClusterImpl.java:lambda$waitForClusterToBeReady$0(238)) - Cluster exits safe mode
2022-01-08 13:18:29,094 [Listener at 127.0.0.1/12096] INFO  ozone.MiniOzoneClusterImpl (MiniOzoneClusterImpl.java:lambda$waitForClusterToBeReady$0(240)) - SCM became leader
2022-01-08 13:18:29,094 [Listener at 127.0.0.1/12096] INFO  server.StorageContainerManager (StorageContainerManager.java:start(1303)) - StorageContainerLocationProtocol RPC server is listening at /0.0.0.0:12103
2022-01-08 13:18:29,094 [Listener at 127.0.0.1/12096] INFO  ha.SCMRatisServerImpl (SCMRatisServerImpl.java:start(177)) - starting ratis server 0.0.0.0:12100
2022-01-08 13:18:29,094 [Listener at 127.0.0.1/12096] INFO  server.RaftServer$Division (RaftServerImpl.java:start(304)) - 80897d92-89af-48c4-babf-7f0662bb9972@group-EF816938392D: start with initializing state, conf=-1: [], old=null
2022-01-08 13:18:29,094 [Listener at 127.0.0.1/12096] INFO  server.RaftServer$Division (RaftServerImpl.java:setRole(290)) - 80897d92-89af-48c4-babf-7f0662bb9972@group-EF816938392D: changes role from      null to FOLLOWER at term 0 for startInitializing
2022-01-08 13:18:29,095 [Listener at 127.0.0.1/12096] INFO  util.JmxRegister (JmxRegister.java:tryRegister(44)) - Successfully registered JMX Bean with object name Ratis:service=RaftServer,group=group-EF816938392D,id=80897d92-89af-48c4-babf-7f0662bb9972
2022-01-08 13:18:29,096 [grpc-default-executor-0] INFO  impl.VoteContext (VoteContext.java:log(48)) - f4bd9712-e444-41ba-bddc-dab6ab48249e@group-CE302EA33CC7-CANDIDATE: reject ELECTION from 737545ee-dc45-4e08-9429-983c1d4f2632: our priority 1 > candidate's priority 0
2022-01-08 13:18:29,096 [grpc-default-executor-0] INFO  server.RaftServer$Division (RaftServerImpl.java:setRole(290)) - f4bd9712-e444-41ba-bddc-dab6ab48249e@group-CE302EA33CC7: changes role from CANDIDATE to FOLLOWER at term 2 for candidate:737545ee-dc45-4e08-9429-983c1d4f2632
2022-01-08 13:18:29,096 [grpc-default-executor-0] INFO  impl.RoleInfo (RoleInfo.java:shutdownLeaderElection(121)) - f4bd9712-e444-41ba-bddc-dab6ab48249e: shutdown f4bd9712-e444-41ba-bddc-dab6ab48249e@group-CE302EA33CC7-LeaderElection28
2022-01-08 13:18:29,096 [grpc-default-executor-0] INFO  impl.RoleInfo (RoleInfo.java:updateAndGet(130)) - f4bd9712-e444-41ba-bddc-dab6ab48249e: start f4bd9712-e444-41ba-bddc-dab6ab48249e@group-CE302EA33CC7-FollowerState
2022-01-08 13:18:29,096 [f4bd9712-e444-41ba-bddc-dab6ab48249e@group-CE302EA33CC7-LeaderElection28] INFO  impl.LeaderElection (LeaderElection.java:run(230)) - f4bd9712-e444-41ba-bddc-dab6ab48249e@group-CE302EA33CC7-LeaderElection28: skip running since this is already CLOSING
2022-01-08 13:18:29,097 [Listener at 127.0.0.1/12096] INFO  server.RaftServer (RaftServerProxy.java:lambda$start$5(374)) - 80897d92-89af-48c4-babf-7f0662bb9972: start RPC server
2022-01-08 13:18:29,099 [grpc-default-executor-0] INFO  server.RaftServer$Division (RaftServerImpl.java:requestVote(1078)) - f4bd9712-e444-41ba-bddc-dab6ab48249e@group-CE302EA33CC7 replies to ELECTION vote request: 737545ee-dc45-4e08-9429-983c1d4f2632<-f4bd9712-e444-41ba-bddc-dab6ab48249e#0:FAIL-t2. Peer's state: f4bd9712-e444-41ba-bddc-dab6ab48249e@group-CE302EA33CC7:t2, leader=null, voted=null, raftlog=f4bd9712-e444-41ba-bddc-dab6ab48249e@group-CE302EA33CC7-SegmentedRaftLog:OPENED:c-1, conf=-1: [c0322a57-4f2b-423f-b02f-0677e9b7408d|rpc:127.0.0.1:43283|dataStream:|priority:0, f4bd9712-e444-41ba-bddc-dab6ab48249e|rpc:127.0.0.1:34435|dataStream:|priority:1, 737545ee-dc45-4e08-9429-983c1d4f2632|rpc:127.0.0.1:46773|dataStream:|priority:0], old=null
2022-01-08 13:18:29,102 [Listener at 127.0.0.1/12096] ERROR server.GrpcService (ExitUtils.java:terminate(133)) - Terminating with exit status 1: Failed to start Grpc server
java.io.IOException: Failed to bind
	at org.apache.ratis.thirdparty.io.grpc.netty.NettyServer.start(NettyServer.java:264)
	at org.apache.ratis.thirdparty.io.grpc.internal.ServerImpl.start(ServerImpl.java:183)
	at org.apache.ratis.thirdparty.io.grpc.internal.ServerImpl.start(ServerImpl.java:90)
	at org.apache.ratis.grpc.server.GrpcService.startImpl(GrpcService.java:249)
	at org.apache.ratis.util.LifeCycle.startAndTransition(LifeCycle.java:270)
	at org.apache.ratis.server.RaftServerRpcWithProxy.start(RaftServerRpcWithProxy.java:72)
	at org.apache.ratis.server.impl.RaftServerProxy.lambda$start$5(RaftServerProxy.java:375)
	at org.apache.ratis.util.LifeCycle.startAndTransition(LifeCycle.java:270)
	at org.apache.ratis.server.impl.RaftServerProxy.start(RaftServerProxy.java:373)
	at org.apache.hadoop.hdds.scm.ha.SCMRatisServerImpl.start(SCMRatisServerImpl.java:178)
	at org.apache.hadoop.hdds.scm.ha.SCMHAManagerImpl.start(SCMHAManagerImpl.java:101)
	at org.apache.hadoop.hdds.scm.server.StorageContainerManager.start(StorageContainerManager.java:1308)
	at org.apache.hadoop.ozone.MiniOzoneHAClusterImpl$MiniOzoneHAService.startInactiveService(MiniOzoneHAClusterImpl.java:992)
	at org.apache.hadoop.ozone.MiniOzoneHAClusterImpl.startInactiveSCM(MiniOzoneHAClusterImpl.java:235)
	at org.apache.hadoop.ozone.scm.TestSCMInstallSnapshotWithHA.testInstallOldCheckpointFailure(TestSCMInstallSnapshotWithHA.java:166)
	at sun.reflect.NativeMethodAccessorImpl.invoke0(Native Method)
	at sun.reflect.NativeMethodAccessorImpl.invoke(NativeMethodAccessorImpl.java:62)
	at sun.reflect.DelegatingMethodAccessorImpl.invoke(DelegatingMethodAccessorImpl.java:43)
	at java.lang.reflect.Method.invoke(Method.java:498)
	at org.junit.platform.commons.util.ReflectionUtils.invokeMethod(ReflectionUtils.java:688)
	at org.junit.jupiter.engine.execution.MethodInvocation.proceed(MethodInvocation.java:60)
	at org.junit.jupiter.engine.execution.InvocationInterceptorChain$ValidatingInvocation.proceed(InvocationInterceptorChain.java:131)
	at org.junit.jupiter.engine.extension.TimeoutInvocation.proceed(TimeoutInvocation.java:46)
	at org.junit.jupiter.engine.extension.TimeoutExtension.intercept(TimeoutExtension.java:149)
	at org.junit.jupiter.engine.extension.TimeoutExtension.interceptTestableMethod(TimeoutExtension.java:140)
	at org.junit.jupiter.engine.extension.TimeoutExtension.interceptTestMethod(TimeoutExtension.java:84)
	at org.junit.jupiter.engine.execution.ExecutableInvoker$ReflectiveInterceptorCall.lambda$ofVoidMethod$0(ExecutableInvoker.java:115)
	at org.junit.jupiter.engine.execution.ExecutableInvoker.lambda$invoke$0(ExecutableInvoker.java:105)
	at org.junit.jupiter.engine.execution.InvocationInterceptorChain$InterceptedInvocation.proceed(InvocationInterceptorChain.java:106)
	at org.junit.jupiter.engine.execution.InvocationInterceptorChain.proceed(InvocationInterceptorChain.java:64)
	at org.junit.jupiter.engine.execution.InvocationInterceptorChain.chainAndInvoke(InvocationInterceptorChain.java:45)
	at org.junit.jupiter.engine.execution.InvocationInterceptorChain.invoke(InvocationInterceptorChain.java:37)
	at org.junit.jupiter.engine.execution.ExecutableInvoker.invoke(ExecutableInvoker.java:104)
	at org.junit.jupiter.engine.execution.ExecutableInvoker.invoke(ExecutableInvoker.java:98)
	at org.junit.jupiter.engine.descriptor.TestMethodTestDescriptor.lambda$invokeTestMethod$6(TestMethodTestDescriptor.java:210)
	at org.junit.platform.engine.support.hierarchical.ThrowableCollector.execute(ThrowableCollector.java:73)
	at org.junit.jupiter.engine.descriptor.TestMethodTestDescriptor.invokeTestMethod(TestMethodTestDescriptor.java:206)
	at org.junit.jupiter.engine.descriptor.TestMethodTestDescriptor.execute(TestMethodTestDescriptor.java:131)
	at org.junit.jupiter.engine.descriptor.TestMethodTestDescriptor.execute(TestMethodTestDescriptor.java:65)
	at org.junit.platform.engine.support.hierarchical.NodeTestTask.lambda$executeRecursively$5(NodeTestTask.java:139)
	at org.junit.platform.engine.support.hierarchical.ThrowableCollector.execute(ThrowableCollector.java:73)
	at org.junit.platform.engine.support.hierarchical.NodeTestTask.lambda$executeRecursively$7(NodeTestTask.java:129)
	at org.junit.platform.engine.support.hierarchical.Node.around(Node.java:137)
	at org.junit.platform.engine.support.hierarchical.NodeTestTask.lambda$executeRecursively$8(NodeTestTask.java:127)
	at org.junit.platform.engine.support.hierarchical.ThrowableCollector.execute(ThrowableCollector.java:73)
	at org.junit.platform.engine.support.hierarchical.NodeTestTask.executeRecursively(NodeTestTask.java:126)
	at org.junit.platform.engine.support.hierarchical.NodeTestTask.execute(NodeTestTask.java:84)
	at java.util.ArrayList.forEach(ArrayList.java:1259)
	at org.junit.platform.engine.support.hierarchical.SameThreadHierarchicalTestExecutorService.invokeAll(SameThreadHierarchicalTestExecutorService.java:38)
	at org.junit.platform.engine.support.hierarchical.NodeTestTask.lambda$executeRecursively$5(NodeTestTask.java:143)
	at org.junit.platform.engine.support.hierarchical.ThrowableCollector.execute(ThrowableCollector.java:73)
	at org.junit.platform.engine.support.hierarchical.NodeTestTask.lambda$executeRecursively$7(NodeTestTask.java:129)
	at org.junit.platform.engine.support.hierarchical.Node.around(Node.java:137)
	at org.junit.platform.engine.support.hierarchical.NodeTestTask.lambda$executeRecursively$8(NodeTestTask.java:127)
	at org.junit.platform.engine.support.hierarchical.ThrowableCollector.execute(ThrowableCollector.java:73)
	at org.junit.platform.engine.support.hierarchical.NodeTestTask.executeRecursively(NodeTestTask.java:126)
	at org.junit.platform.engine.support.hierarchical.NodeTestTask.execute(NodeTestTask.java:84)
	at java.util.ArrayList.forEach(ArrayList.java:1259)
	at org.junit.platform.engine.support.hierarchical.SameThreadHierarchicalTestExecutorService.invokeAll(SameThreadHierarchicalTestExecutorService.java:38)
	at org.junit.platform.engine.support.hierarchical.NodeTestTask.lambda$executeRecursively$5(NodeTestTask.java:143)
	at org.junit.platform.engine.support.hierarchical.ThrowableCollector.execute(ThrowableCollector.java:73)
	at org.junit.platform.engine.support.hierarchical.NodeTestTask.lambda$executeRecursively$7(NodeTestTask.java:129)
	at org.junit.platform.engine.support.hierarchical.Node.around(Node.java:137)
	at org.junit.platform.engine.support.hierarchical.NodeTestTask.lambda$executeRecursively$8(NodeTestTask.java:127)
	at org.junit.platform.engine.support.hierarchical.ThrowableCollector.execute(ThrowableCollector.java:73)
	at org.junit.platform.engine.support.hierarchical.NodeTestTask.executeRecursively(NodeTestTask.java:126)
	at org.junit.platform.engine.support.hierarchical.NodeTestTask.execute(NodeTestTask.java:84)
	at org.junit.platform.engine.support.hierarchical.SameThreadHierarchicalTestExecutorService.submit(SameThreadHierarchicalTestExecutorService.java:32)
	at org.junit.platform.engine.support.hierarchical.HierarchicalTestExecutor.execute(HierarchicalTestExecutor.java:57)
	at org.junit.platform.engine.support.hierarchical.HierarchicalTestEngine.execute(HierarchicalTestEngine.java:51)
	at org.junit.platform.launcher.core.EngineExecutionOrchestrator.execute(EngineExecutionOrchestrator.java:108)
	at org.junit.platform.launcher.core.EngineExecutionOrchestrator.execute(EngineExecutionOrchestrator.java:88)
	at org.junit.platform.launcher.core.EngineExecutionOrchestrator.lambda$execute$0(EngineExecutionOrchestrator.java:54)
	at org.junit.platform.launcher.core.EngineExecutionOrchestrator.withInterceptedStreams(EngineExecutionOrchestrator.java:67)
	at org.junit.platform.launcher.core.EngineExecutionOrchestrator.execute(EngineExecutionOrchestrator.java:52)
	at org.junit.platform.launcher.core.DefaultLauncher.execute(DefaultLauncher.java:96)
	at org.junit.platform.launcher.core.DefaultLauncher.execute(DefaultLauncher.java:75)
	at org.apache.maven.surefire.junitplatform.JUnitPlatformProvider.invokeAllTests(JUnitPlatformProvider.java:142)
	at org.apache.maven.surefire.junitplatform.JUnitPlatformProvider.invoke(JUnitPlatformProvider.java:113)
	at org.apache.maven.surefire.booter.ForkedBooter.invokeProviderInSameClassLoader(ForkedBooter.java:384)
	at org.apache.maven.surefire.booter.ForkedBooter.runSuitesInProcess(ForkedBooter.java:345)
	at org.apache.maven.surefire.booter.ForkedBooter.execute(ForkedBooter.java:126)
	at org.apache.maven.surefire.booter.ForkedBooter.main(ForkedBooter.java:418)
Caused by: org.apache.ratis.thirdparty.io.netty.channel.unix.Errors$NativeIoException: bind(..) failed: Address already in use
2022-01-08 13:18:29,107 [737545ee-dc45-4e08-9429-983c1d4f2632@group-CE302EA33CC7-LeaderElection27] INFO  impl.LeaderElection (LeaderElection.java:logAndReturn(89)) - 737545ee-dc45-4e08-9429-983c1d4f2632@group-CE302EA33CC7-LeaderElection27: ELECTION REJECTED received 2 response(s) and 0 exception(s):
2022-01-08 13:18:29,107 [737545ee-dc45-4e08-9429-983c1d4f2632@group-CE302EA33CC7-LeaderElection27] INFO  impl.LeaderElection (LeaderElection.java:logAndReturn(93)) -   Response 0: 737545ee-dc45-4e08-9429-983c1d4f2632<-c0322a57-4f2b-423f-b02f-0677e9b7408d#0:OK-t2
2022-01-08 13:18:29,107 [737545ee-dc45-4e08-9429-983c1d4f2632@group-CE302EA33CC7-LeaderElection27] INFO  impl.LeaderElection (LeaderElection.java:logAndReturn(93)) -   Response 1: 737545ee-dc45-4e08-9429-983c1d4f2632<-f4bd9712-e444-41ba-bddc-dab6ab48249e#0:FAIL-t2
2022-01-08 13:18:29,107 [737545ee-dc45-4e08-9429-983c1d4f2632@group-CE302EA33CC7-LeaderElection27] INFO  impl.LeaderElection (LeaderElection.java:askForVotes(308)) - 737545ee-dc45-4e08-9429-983c1d4f2632@group-CE302EA33CC7-LeaderElection27 ELECTION round 0: result REJECTED
2022-01-08 13:18:29,107 [737545ee-dc45-4e08-9429-983c1d4f2632@group-CE302EA33CC7-LeaderElection27] INFO  server.RaftServer$Division (RaftServerImpl.java:setRole(290)) - 737545ee-dc45-4e08-9429-983c1d4f2632@group-CE302EA33CC7: changes role from CANDIDATE to FOLLOWER at term 2 for REJECTED
2022-01-08 13:18:29,107 [737545ee-dc45-4e08-9429-983c1d4f2632@group-CE302EA33CC7-LeaderElection27] INFO  impl.RoleInfo (RoleInfo.java:shutdownLeaderElection(121)) - 737545ee-dc45-4e08-9429-983c1d4f2632: shutdown 737545ee-dc45-4e08-9429-983c1d4f2632@group-CE302EA33CC7-LeaderElection27
2022-01-08 13:18:29,108 [737545ee-dc45-4e08-9429-983c1d4f2632@group-CE302EA33CC7-LeaderElection27] INFO  impl.RoleInfo (RoleInfo.java:updateAndGet(130)) - 737545ee-dc45-4e08-9429-983c1d4f2632: start 737545ee-dc45-4e08-9429-983c1d4f2632@group-CE302EA33CC7-FollowerState
2022-01-08 13:18:29,109 [Listener at 127.0.0.1/12096] INFO  ozone.MiniOzoneClusterImpl (MiniOzoneClusterImpl.java:shutdown(453)) - Shutting down the Mini Ozone Cluster
2022-01-08 13:18:29,109 [Listener at 127.0.0.1/12096] INFO  ozone.MiniOzoneHAClusterImpl (MiniOzoneHAClusterImpl.java:stop(316)) - Stopping the OzoneManager omNode-1
2022-01-08 13:18:29,109 [Listener at 127.0.0.1/12096] INFO  om.OzoneManager (OzoneManager.java:stop(1893)) - omNode-1[localhost:12096]: Stopping Ozone Manager
2022-01-08 13:18:29,109 [Listener at 127.0.0.1/12096] INFO  ipc.Server (Server.java:stop(3414)) - Stopping server on 12096
2022-01-08 13:18:29,140 [IPC Server Responder] INFO  ipc.Server (Server.java:run(1512)) - Stopping IPC Server Responder
2022-01-08 13:18:29,141 [IPC Server listener on 12096] INFO  ipc.Server (Server.java:run(1376)) - Stopping IPC Server listener on 12096
2022-01-08 13:18:29,147 [Listener at 127.0.0.1/12096] INFO  server.RaftServer (RaftServerProxy.java:lambda$close$6(391)) - omNode-1: close
2022-01-08 13:18:29,147 [Listener at 127.0.0.1/12096] INFO  server.RaftServer$Division (RaftServerImpl.java:lambda$close$4(412)) - omNode-1@group-523986131536: shutdown
2022-01-08 13:18:29,147 [Listener at 127.0.0.1/12096] INFO  util.JmxRegister (JmxRegister.java:unregister(73)) - Successfully un-registered JMX Bean with object name Ratis:service=RaftServer,group=group-523986131536,id=omNode-1
2022-01-08 13:18:29,147 [Listener at 127.0.0.1/12096] INFO  impl.RoleInfo (RoleInfo.java:shutdownLeaderState(91)) - omNode-1: shutdown omNode-1@group-523986131536-LeaderStateImpl
2022-01-08 13:18:29,147 [Listener at 127.0.0.1/12096] INFO  impl.PendingRequests (PendingRequests.java:sendNotLeaderResponses(282)) - omNode-1@group-523986131536-PendingRequests: sendNotLeaderResponses
2022-01-08 13:18:29,148 [Listener at 127.0.0.1/12096] INFO  impl.StateMachineUpdater (StateMachineUpdater.java:stopAndJoin(149)) - omNode-1@group-523986131536-StateMachineUpdater: set stopIndex = 0
2022-01-08 13:18:29,148 [omNode-1@group-523986131536-StateMachineUpdater] INFO  ratis.OzoneManagerStateMachine (OzoneManagerStateMachine.java:takeSnapshot(417)) - Current Snapshot Index (t:1, i:0)
2022-01-08 13:18:29,149 [omNode-1@group-523986131536-StateMachineUpdater] INFO  impl.StateMachineUpdater (StateMachineUpdater.java:takeSnapshot(281)) - omNode-1@group-523986131536-StateMachineUpdater: Took a snapshot at index 0
2022-01-08 13:18:29,149 [omNode-1@group-523986131536-StateMachineUpdater] INFO  impl.StateMachineUpdater (StateMachineUpdater.java:lambda$new$0(89)) - omNode-1@group-523986131536-StateMachineUpdater: snapshotIndex: updateIncreasingly -1 -> 0
2022-01-08 13:18:29,149 [omNode-1@group-523986131536-StateMachineUpdater] INFO  ratis.OzoneManagerStateMachine (OzoneManagerStateMachine.java:close(471)) - StateMachine has shutdown. Shutdown OzoneManager if not already shutdown.
2022-01-08 13:18:29,149 [Listener at 127.0.0.1/12096] INFO  server.RaftServer$Division (ServerState.java:close(419)) - omNode-1@group-523986131536: closes. applyIndex: 0
2022-01-08 13:18:29,152 [omNode-1@group-523986131536-SegmentedRaftLogWorker] INFO  segmented.SegmentedRaftLogWorker (SegmentedRaftLogWorker.java:run(327)) - omNode-1@group-523986131536-SegmentedRaftLogWorker was interrupted, exiting. There are 0 tasks remaining in the queue.
2022-01-08 13:18:29,157 [Listener at 127.0.0.1/12096] INFO  segmented.SegmentedRaftLogWorker (SegmentedRaftLogWorker.java:close(237)) - omNode-1@group-523986131536-SegmentedRaftLogWorker close()
2022-01-08 13:18:29,159 [Listener at 127.0.0.1/12096] INFO  server.GrpcService (GrpcService.java:closeImpl(262)) - omNode-1: shutdown server with port 12100 now
2022-01-08 13:18:29,159 [Listener at 127.0.0.1/12096] INFO  server.GrpcService (GrpcService.java:closeImpl(271)) - omNode-1: shutdown server with port 12100 successfully
2022-01-08 13:18:29,159 [org.apache.ratis.util.JvmPauseMonitor$$Lambda$500/2122256138@3447daf1] INFO  util.JvmPauseMonitor (JvmPauseMonitor.java:run(109)) - JvmPauseMonitor-omNode-1: Stopped
2022-01-08 13:18:29,160 [Listener at 127.0.0.1/12096] INFO  ratis.OzoneManagerDoubleBuffer (OzoneManagerDoubleBuffer.java:stop(437)) - Stopping OMDoubleBuffer flush thread
2022-01-08 13:18:29,161 [OMDoubleBufferFlushThread] INFO  ratis.OzoneManagerDoubleBuffer (OzoneManagerDoubleBuffer.java:flushTransactions(356)) - OMDoubleBuffer flush thread OMDoubleBufferFlushThread is interrupted and will exit. OMDoubleBufferFlushThread
2022-01-08 13:18:29,161 [Listener at 127.0.0.1/12096] INFO  utils.BackgroundService (BackgroundService.java:shutdown(132)) - Shutting down service KeyDeletingService
2022-01-08 13:18:29,161 [Listener at 127.0.0.1/12096] INFO  utils.BackgroundService (BackgroundService.java:shutdown(132)) - Shutting down service DirectoryDeletingService
2022-01-08 13:18:29,167 [Listener at 127.0.0.1/12096] INFO  handler.ContextHandler (ContextHandler.java:doStop(1153)) - Stopped o.e.j.w.WebAppContext@6608c8d5{ozoneManager,/,null,STOPPED}{file:/home/runner/work/ozone/ozone/hadoop-ozone/integration-test/target/test-classes/webapps/ozoneManager}
2022-01-08 13:18:29,169 [Listener at 127.0.0.1/12096] INFO  server.AbstractConnector (AbstractConnector.java:doStop(381)) - Stopped ServerConnector@5df0e5f0{HTTP/1.1, (http/1.1)}{0.0.0.0:12098}
2022-01-08 13:18:29,169 [Listener at 127.0.0.1/12096] INFO  server.session (HouseKeeper.java:stopScavenging(149)) - node0 Stopped scavenging
2022-01-08 13:18:29,170 [Listener at 127.0.0.1/12096] INFO  handler.ContextHandler (ContextHandler.java:doStop(1153)) - Stopped o.e.j.s.ServletContextHandler@4e218fec{static,/static,file:///home/runner/work/ozone/ozone/hadoop-ozone/integration-test/target/test-classes/webapps/static,STOPPED}
2022-01-08 13:18:29,170 [Listener at 127.0.0.1/12096] INFO  handler.ContextHandler (ContextHandler.java:doStop(1153)) - Stopped o.e.j.s.ServletContextHandler@7778822b{logs,/logs,file:///home/runner/work/ozone/ozone/hadoop-ozone/integration-test/target/log,STOPPED}
2022-01-08 13:18:29,193 [Listener at 127.0.0.1/12096] INFO  ozone.MiniOzoneHAClusterImpl (MiniOzoneHAClusterImpl.java:stop(324)) - Stopping the StorageContainerManager 80897d92-89af-48c4-babf-7f0662bb9972
2022-01-08 13:18:29,194 [Listener at 127.0.0.1/12096] INFO  server.StorageContainerManager (StorageContainerManager.java:stop(1390)) - Stopping Container Balancer service.
2022-01-08 13:18:29,194 [Listener at 127.0.0.1/12096] INFO  balancer.ContainerBalancer (ContainerBalancer.java:stop(748)) - Container Balancer is not running.
2022-01-08 13:18:29,194 [Listener at 127.0.0.1/12096] INFO  server.StorageContainerManager (StorageContainerManager.java:stop(1397)) - Stopping Replication Manager Service.
2022-01-08 13:18:29,194 [Listener at 127.0.0.1/12096] INFO  container.ReplicationManager (ReplicationManager.java:stop(350)) - Stopping Replication Monitor Thread.
2022-01-08 13:18:29,194 [Listener at 127.0.0.1/12096] INFO  server.StorageContainerManager (StorageContainerManager.java:stop(1404)) - Stopping the Datanode Admin Monitor.
2022-01-08 13:18:29,194 [Listener at 127.0.0.1/12096] INFO  server.StorageContainerManager (StorageContainerManager.java:stop(1411)) - Stopping Lease Manager of the command watchers
2022-01-08 13:18:29,195 [Listener at 127.0.0.1/12096] ERROR server.StorageContainerManager (StorageContainerManager.java:stop(1414)) - Lease Manager of the command watchers stop failed
2022-01-08 13:18:29,195 [Listener at 127.0.0.1/12096] INFO  server.StorageContainerManager (StorageContainerManager.java:stop(1418)) - Stopping datanode service RPC server
2022-01-08 13:18:29,195 [Listener at 127.0.0.1/12096] INFO  server.SCMDatanodeProtocolServer (SCMDatanodeProtocolServer.java:stop(390)) - Stopping the RPC server for DataNodes
2022-01-08 13:18:29,195 [Listener at 127.0.0.1/12096] INFO  ipc.Server (Server.java:stop(3414)) - Stopping server on 12101
2022-01-08 13:18:29,279 [SCM Heartbeat Processing Thread - 0] WARN  node.NodeStateManager (NodeStateManager.java:scheduleNextHealthCheck(799)) - Current Thread is interrupted, shutting down HB processing thread for Node Manager.
2022-01-08 13:18:29,280 [Listener at 127.0.0.1/12096] INFO  server.StorageContainerManager (StorageContainerManager.java:stop(1426)) - Stopping block service RPC server
2022-01-08 13:18:29,280 [Listener at 127.0.0.1/12096] INFO  server.SCMBlockProtocolServer (SCMBlockProtocolServer.java:stop(160)) - Stopping the RPC server for Block Protocol
2022-01-08 13:18:29,280 [Listener at 127.0.0.1/12096] INFO  ipc.Server (Server.java:stop(3414)) - Stopping server on 12102
2022-01-08 13:18:29,281 [Listener at 127.0.0.1/12096] INFO  server.StorageContainerManager (StorageContainerManager.java:stop(1433)) - Stopping the StorageContainerLocationProtocol RPC server
2022-01-08 13:18:29,281 [Listener at 127.0.0.1/12096] INFO  server.SCMClientProtocolServer (SCMClientProtocolServer.java:stop(173)) - Stopping the RPC server for Client Protocol
2022-01-08 13:18:29,281 [Listener at 127.0.0.1/12096] INFO  ipc.Server (Server.java:stop(3414)) - Stopping server on 12103
2022-01-08 13:18:29,281 [Listener at 127.0.0.1/12096] INFO  server.StorageContainerManager (StorageContainerManager.java:stop(1440)) - Stopping Storage Container Manager HTTP server.
2022-01-08 13:18:29,282 [Listener at 127.0.0.1/12096] ERROR server.StorageContainerManager (StorageContainerManager.java:stop(1443)) - Storage Container Manager HTTP server stop failed.
java.lang.NullPointerException
	at org.apache.hadoop.hdds.scm.server.StorageContainerManager.stop(StorageContainerManager.java:1441)
	at org.apache.hadoop.ozone.MiniOzoneHAClusterImpl.stop(MiniOzoneHAClusterImpl.java:325)
	at org.apache.hadoop.ozone.MiniOzoneClusterImpl.shutdown(MiniOzoneClusterImpl.java:457)
	at org.apache.hadoop.ozone.scm.TestSCMInstallSnapshotWithHA.shutdown(TestSCMInstallSnapshotWithHA.java:113)
	at sun.reflect.NativeMethodAccessorImpl.invoke0(Native Method)
	at sun.reflect.NativeMethodAccessorImpl.invoke(NativeMethodAccessorImpl.java:62)
	at sun.reflect.DelegatingMethodAccessorImpl.invoke(DelegatingMethodAccessorImpl.java:43)
	at java.lang.reflect.Method.invoke(Method.java:498)
	at org.junit.platform.commons.util.ReflectionUtils.invokeMethod(ReflectionUtils.java:688)
	at org.junit.jupiter.engine.execution.MethodInvocation.proceed(MethodInvocation.java:60)
	at org.junit.jupiter.engine.execution.InvocationInterceptorChain$ValidatingInvocation.proceed(InvocationInterceptorChain.java:131)
	at org.junit.jupiter.engine.extension.TimeoutExtension.intercept(TimeoutExtension.java:149)
	at org.junit.jupiter.engine.extension.TimeoutExtension.interceptLifecycleMethod(TimeoutExtension.java:126)
	at org.junit.jupiter.engine.extension.TimeoutExtension.interceptAfterEachMethod(TimeoutExtension.java:108)
	at org.junit.jupiter.engine.execution.ExecutableInvoker$ReflectiveInterceptorCall.lambda$ofVoidMethod$0(ExecutableInvoker.java:115)
	at org.junit.jupiter.engine.execution.ExecutableInvoker.lambda$invoke$0(ExecutableInvoker.java:105)
	at org.junit.jupiter.engine.execution.InvocationInterceptorChain$InterceptedInvocation.proceed(InvocationInterceptorChain.java:106)
	at org.junit.jupiter.engine.execution.InvocationInterceptorChain.proceed(InvocationInterceptorChain.java:64)
	at org.junit.jupiter.engine.execution.InvocationInterceptorChain.chainAndInvoke(InvocationInterceptorChain.java:45)
	at org.junit.jupiter.engine.execution.InvocationInterceptorChain.invoke(InvocationInterceptorChain.java:37)
	at org.junit.jupiter.engine.execution.ExecutableInvoker.invoke(ExecutableInvoker.java:104)
	at org.junit.jupiter.engine.execution.ExecutableInvoker.invoke(ExecutableInvoker.java:98)
	at org.junit.jupiter.engine.descriptor.ClassBasedTestDescriptor.invokeMethodInExtensionContext(ClassBasedTestDescriptor.java:490)
	at org.junit.jupiter.engine.descriptor.ClassBasedTestDescriptor.lambda$synthesizeAfterEachMethodAdapter$20(ClassBasedTestDescriptor.java:480)
	at org.junit.jupiter.engine.descriptor.TestMethodTestDescriptor.lambda$invokeAfterEachMethods$9(TestMethodTestDescriptor.java:236)
	at org.junit.jupiter.engine.descriptor.TestMethodTestDescriptor.lambda$invokeAllAfterMethodsOrCallbacks$12(TestMethodTestDescriptor.java:269)
	at org.junit.platform.engine.support.hierarchical.ThrowableCollector.execute(ThrowableCollector.java:73)
	at org.junit.jupiter.engine.descriptor.TestMethodTestDescriptor.lambda$invokeAllAfterMethodsOrCallbacks$13(TestMethodTestDescriptor.java:269)
	at java.util.ArrayList.forEach(ArrayList.java:1259)
	at org.junit.jupiter.engine.descriptor.TestMethodTestDescriptor.invokeAllAfterMethodsOrCallbacks(TestMethodTestDescriptor.java:268)
	at org.junit.jupiter.engine.descriptor.TestMethodTestDescriptor.invokeAfterEachMethods(TestMethodTestDescriptor.java:234)
	at org.junit.jupiter.engine.descriptor.TestMethodTestDescriptor.execute(TestMethodTestDescriptor.java:135)
	at org.junit.jupiter.engine.descriptor.TestMethodTestDescriptor.execute(TestMethodTestDescriptor.java:65)
	at org.junit.platform.engine.support.hierarchical.NodeTestTask.lambda$executeRecursively$5(NodeTestTask.java:139)
	at org.junit.platform.engine.support.hierarchical.ThrowableCollector.execute(ThrowableCollector.java:73)
	at org.junit.platform.engine.support.hierarchical.NodeTestTask.lambda$executeRecursively$7(NodeTestTask.java:129)
	at org.junit.platform.engine.support.hierarchical.Node.around(Node.java:137)
	at org.junit.platform.engine.support.hierarchical.NodeTestTask.lambda$executeRecursively$8(NodeTestTask.java:127)
	at org.junit.platform.engine.support.hierarchical.ThrowableCollector.execute(ThrowableCollector.java:73)
	at org.junit.platform.engine.support.hierarchical.NodeTestTask.executeRecursively(NodeTestTask.java:126)
	at org.junit.platform.engine.support.hierarchical.NodeTestTask.execute(NodeTestTask.java:84)
	at java.util.ArrayList.forEach(ArrayList.java:1259)
	at org.junit.platform.engine.support.hierarchical.SameThreadHierarchicalTestExecutorService.invokeAll(SameThreadHierarchicalTestExecutorService.java:38)
	at org.junit.platform.engine.support.hierarchical.NodeTestTask.lambda$executeRecursively$5(NodeTestTask.java:143)
	at org.junit.platform.engine.support.hierarchical.ThrowableCollector.execute(ThrowableCollector.java:73)
	at org.junit.platform.engine.support.hierarchical.NodeTestTask.lambda$executeRecursively$7(NodeTestTask.java:129)
	at org.junit.platform.engine.support.hierarchical.Node.around(Node.java:137)
	at org.junit.platform.engine.support.hierarchical.NodeTestTask.lambda$executeRecursively$8(NodeTestTask.java:127)
	at org.junit.platform.engine.support.hierarchical.ThrowableCollector.execute(ThrowableCollector.java:73)
	at org.junit.platform.engine.support.hierarchical.NodeTestTask.executeRecursively(NodeTestTask.java:126)
	at org.junit.platform.engine.support.hierarchical.NodeTestTask.execute(NodeTestTask.java:84)
	at java.util.ArrayList.forEach(ArrayList.java:1259)
	at org.junit.platform.engine.support.hierarchical.SameThreadHierarchicalTestExecutorService.invokeAll(SameThreadHierarchicalTestExecutorService.java:38)
	at org.junit.platform.engine.support.hierarchical.NodeTestTask.lambda$executeRecursively$5(NodeTestTask.java:143)
	at org.junit.platform.engine.support.hierarchical.ThrowableCollector.execute(ThrowableCollector.java:73)
	at org.junit.platform.engine.support.hierarchical.NodeTestTask.lambda$executeRecursively$7(NodeTestTask.java:129)
	at org.junit.platform.engine.support.hierarchical.Node.around(Node.java:137)
	at org.junit.platform.engine.support.hierarchical.NodeTestTask.lambda$executeRecursively$8(NodeTestTask.java:127)
	at org.junit.platform.engine.support.hierarchical.ThrowableCollector.execute(ThrowableCollector.java:73)
	at org.junit.platform.engine.support.hierarchical.NodeTestTask.executeRecursively(NodeTestTask.java:126)
	at org.junit.platform.engine.support.hierarchical.NodeTestTask.execute(NodeTestTask.java:84)
	at org.junit.platform.engine.support.hierarchical.SameThreadHierarchicalTestExecutorService.submit(SameThreadHierarchicalTestExecutorService.java:32)
	at org.junit.platform.engine.support.hierarchical.HierarchicalTestExecutor.execute(HierarchicalTestExecutor.java:57)
	at org.junit.platform.engine.support.hierarchical.HierarchicalTestEngine.execute(HierarchicalTestEngine.java:51)
	at org.junit.platform.launcher.core.EngineExecutionOrchestrator.execute(EngineExecutionOrchestrator.java:108)
	at org.junit.platform.launcher.core.EngineExecutionOrchestrator.execute(EngineExecutionOrchestrator.java:88)
	at org.junit.platform.launcher.core.EngineExecutionOrchestrator.lambda$execute$0(EngineExecutionOrchestrator.java:54)
	at org.junit.platform.launcher.core.EngineExecutionOrchestrator.withInterceptedStreams(EngineExecutionOrchestrator.java:67)
	at org.junit.platform.launcher.core.EngineExecutionOrchestrator.execute(EngineExecutionOrchestrator.java:52)
	at org.junit.platform.launcher.core.DefaultLauncher.execute(DefaultLauncher.java:96)
	at org.junit.platform.launcher.core.DefaultLauncher.execute(DefaultLauncher.java:75)
	at org.apache.maven.surefire.junitplatform.JUnitPlatformProvider.invokeAllTests(JUnitPlatformProvider.java:142)
	at org.apache.maven.surefire.junitplatform.JUnitPlatformProvider.invoke(JUnitPlatformProvider.java:113)
	at org.apache.maven.surefire.booter.ForkedBooter.invokeProviderInSameClassLoader(ForkedBooter.java:384)
	at org.apache.maven.surefire.booter.ForkedBooter.runSuitesInProcess(ForkedBooter.java:345)
	at org.apache.maven.surefire.booter.ForkedBooter.execute(ForkedBooter.java:126)
	at org.apache.maven.surefire.booter.ForkedBooter.main(ForkedBooter.java:418)
2022-01-08 13:18:29,282 [Listener at 127.0.0.1/12096] INFO  server.StorageContainerManager (StorageContainerManager.java:stop(1451)) - Stopping Block Manager Service.
2022-01-08 13:18:29,282 [Listener at 127.0.0.1/12096] INFO  utils.BackgroundService (BackgroundService.java:shutdown(132)) - Shutting down service SCMBlockDeletingService
2022-01-08 13:18:29,282 [Listener at 127.0.0.1/12096] INFO  utils.BackgroundService (BackgroundService.java:shutdown(132)) - Shutting down service SCMBlockDeletingService
2022-01-08 13:18:29,283 [Listener at 127.0.0.1/12096] INFO  server.StorageContainerManager (StorageContainerManager.java:stop(1478)) - Stopping SCM Event Queue.
2022-01-08 13:18:29,283 [Listener at 127.0.0.1/12096] INFO  server.StorageContainerManager (StorageContainerManager.java:stop(1489)) - Stopping SCM HA services.
2022-01-08 13:18:29,283 [Listener at 127.0.0.1/12096] INFO  ha.SCMRatisServerImpl (SCMRatisServerImpl.java:stop(236)) - stopping ratis server 0.0.0.0:12100
2022-01-08 13:18:29,283 [Listener at 127.0.0.1/12096] INFO  server.RaftServer (RaftServerProxy.java:lambda$close$6(391)) - 80897d92-89af-48c4-babf-7f0662bb9972: close
2022-01-08 13:18:29,284 [Listener at 127.0.0.1/12096] INFO  server.RaftServer$Division (RaftServerImpl.java:lambda$close$4(412)) - 80897d92-89af-48c4-babf-7f0662bb9972@group-EF816938392D: shutdown
2022-01-08 13:18:29,284 [Listener at 127.0.0.1/12096] INFO  util.JmxRegister (JmxRegister.java:unregister(73)) - Successfully un-registered JMX Bean with object name Ratis:service=RaftServer,group=group-EF816938392D,id=80897d92-89af-48c4-babf-7f0662bb9972
2022-01-08 13:18:29,284 [Listener at 127.0.0.1/12096] INFO  impl.StateMachineUpdater (StateMachineUpdater.java:stopAndJoin(149)) - 80897d92-89af-48c4-babf-7f0662bb9972@group-EF816938392D-StateMachineUpdater: set stopIndex = -1
2022-01-08 13:18:29,284 [Listener at 127.0.0.1/12096] INFO  server.RaftServer$Division (ServerState.java:close(419)) - 80897d92-89af-48c4-babf-7f0662bb9972@group-EF816938392D: closes. applyIndex: -1
2022-01-08 13:18:29,285 [80897d92-89af-48c4-babf-7f0662bb9972@group-EF816938392D-SegmentedRaftLogWorker] INFO  segmented.SegmentedRaftLogWorker (SegmentedRaftLogWorker.java:run(327)) - 80897d92-89af-48c4-babf-7f0662bb9972@group-EF816938392D-SegmentedRaftLogWorker was interrupted, exiting. There are 0 tasks remaining in the queue.
2022-01-08 13:18:29,285 [Listener at 127.0.0.1/12096] INFO  segmented.SegmentedRaftLogWorker (SegmentedRaftLogWorker.java:close(237)) - 80897d92-89af-48c4-babf-7f0662bb9972@group-EF816938392D-SegmentedRaftLogWorker close()
2022-01-08 13:18:29,292 [Listener at 127.0.0.1/12096] ERROR server.StorageContainerManager (StorageContainerManager.java:stop(1492)) - SCM HA Manager stop failed
java.lang.IllegalStateException: Not started
	at org.apache.ratis.thirdparty.com.google.common.base.Preconditions.checkState(Preconditions.java:508)
	at org.apache.ratis.thirdparty.io.grpc.internal.ServerImpl.getPort(ServerImpl.java:196)
	at org.apache.ratis.grpc.server.GrpcService.closeImpl(GrpcService.java:261)
	at org.apache.ratis.util.LifeCycle.lambda$checkStateAndClose$4(LifeCycle.java:299)
	at org.apache.ratis.util.LifeCycle.checkStateAndClose(LifeCycle.java:319)
	at org.apache.ratis.util.LifeCycle.checkStateAndClose(LifeCycle.java:297)
	at org.apache.ratis.server.RaftServerRpcWithProxy.close(RaftServerRpcWithProxy.java:80)
	at org.apache.ratis.server.impl.RaftServerProxy.lambda$close$6(RaftServerProxy.java:395)
	at org.apache.ratis.util.LifeCycle.lambda$checkStateAndClose$4(LifeCycle.java:299)
	at org.apache.ratis.util.LifeCycle.checkStateAndClose(LifeCycle.java:319)
	at org.apache.ratis.util.LifeCycle.checkStateAndClose(LifeCycle.java:297)
	at org.apache.ratis.server.impl.RaftServerProxy.close(RaftServerProxy.java:390)
	at org.apache.hadoop.hdds.scm.ha.SCMRatisServerImpl.stop(SCMRatisServerImpl.java:237)
	at org.apache.hadoop.hdds.scm.ha.SCMHAManagerImpl.shutdown(SCMHAManagerImpl.java:326)
	at org.apache.hadoop.hdds.scm.server.StorageContainerManager.stop(StorageContainerManager.java:1490)
	at org.apache.hadoop.ozone.MiniOzoneHAClusterImpl.stop(MiniOzoneHAClusterImpl.java:325)
	at org.apache.hadoop.ozone.MiniOzoneClusterImpl.shutdown(MiniOzoneClusterImpl.java:457)
	at org.apache.hadoop.ozone.scm.TestSCMInstallSnapshotWithHA.shutdown(TestSCMInstallSnapshotWithHA.java:113)
	at sun.reflect.NativeMethodAccessorImpl.invoke0(Native Method)
	at sun.reflect.NativeMethodAccessorImpl.invoke(NativeMethodAccessorImpl.java:62)
	at sun.reflect.DelegatingMethodAccessorImpl.invoke(DelegatingMethodAccessorImpl.java:43)
	at java.lang.reflect.Method.invoke(Method.java:498)
	at org.junit.platform.commons.util.ReflectionUtils.invokeMethod(ReflectionUtils.java:688)
	at org.junit.jupiter.engine.execution.MethodInvocation.proceed(MethodInvocation.java:60)
	at org.junit.jupiter.engine.execution.InvocationInterceptorChain$ValidatingInvocation.proceed(InvocationInterceptorChain.java:131)
	at org.junit.jupiter.engine.extension.TimeoutExtension.intercept(TimeoutExtension.java:149)
	at org.junit.jupiter.engine.extension.TimeoutExtension.interceptLifecycleMethod(TimeoutExtension.java:126)
	at org.junit.jupiter.engine.extension.TimeoutExtension.interceptAfterEachMethod(TimeoutExtension.java:108)
	at org.junit.jupiter.engine.execution.ExecutableInvoker$ReflectiveInterceptorCall.lambda$ofVoidMethod$0(ExecutableInvoker.java:115)
	at org.junit.jupiter.engine.execution.ExecutableInvoker.lambda$invoke$0(ExecutableInvoker.java:105)
	at org.junit.jupiter.engine.execution.InvocationInterceptorChain$InterceptedInvocation.proceed(InvocationInterceptorChain.java:106)
	at org.junit.jupiter.engine.execution.InvocationInterceptorChain.proceed(InvocationInterceptorChain.java:64)
	at org.junit.jupiter.engine.execution.InvocationInterceptorChain.chainAndInvoke(InvocationInterceptorChain.java:45)
	at org.junit.jupiter.engine.execution.InvocationInterceptorChain.invoke(InvocationInterceptorChain.java:37)
	at org.junit.jupiter.engine.execution.ExecutableInvoker.invoke(ExecutableInvoker.java:104)
	at org.junit.jupiter.engine.execution.ExecutableInvoker.invoke(ExecutableInvoker.java:98)
	at org.junit.jupiter.engine.descriptor.ClassBasedTestDescriptor.invokeMethodInExtensionContext(ClassBasedTestDescriptor.java:490)
	at org.junit.jupiter.engine.descriptor.ClassBasedTestDescriptor.lambda$synthesizeAfterEachMethodAdapter$20(ClassBasedTestDescriptor.java:480)
	at org.junit.jupiter.engine.descriptor.TestMethodTestDescriptor.lambda$invokeAfterEachMethods$9(TestMethodTestDescriptor.java:236)
	at org.junit.jupiter.engine.descriptor.TestMethodTestDescriptor.lambda$invokeAllAfterMethodsOrCallbacks$12(TestMethodTestDescriptor.java:269)
	at org.junit.platform.engine.support.hierarchical.ThrowableCollector.execute(ThrowableCollector.java:73)
	at org.junit.jupiter.engine.descriptor.TestMethodTestDescriptor.lambda$invokeAllAfterMethodsOrCallbacks$13(TestMethodTestDescriptor.java:269)
	at java.util.ArrayList.forEach(ArrayList.java:1259)
	at org.junit.jupiter.engine.descriptor.TestMethodTestDescriptor.invokeAllAfterMethodsOrCallbacks(TestMethodTestDescriptor.java:268)
	at org.junit.jupiter.engine.descriptor.TestMethodTestDescriptor.invokeAfterEachMethods(TestMethodTestDescriptor.java:234)
	at org.junit.jupiter.engine.descriptor.TestMethodTestDescriptor.execute(TestMethodTestDescriptor.java:135)
	at org.junit.jupiter.engine.descriptor.TestMethodTestDescriptor.execute(TestMethodTestDescriptor.java:65)
	at org.junit.platform.engine.support.hierarchical.NodeTestTask.lambda$executeRecursively$5(NodeTestTask.java:139)
	at org.junit.platform.engine.support.hierarchical.ThrowableCollector.execute(ThrowableCollector.java:73)
	at org.junit.platform.engine.support.hierarchical.NodeTestTask.lambda$executeRecursively$7(NodeTestTask.java:129)
	at org.junit.platform.engine.support.hierarchical.Node.around(Node.java:137)
	at org.junit.platform.engine.support.hierarchical.NodeTestTask.lambda$executeRecursively$8(NodeTestTask.java:127)
	at org.junit.platform.engine.support.hierarchical.ThrowableCollector.execute(ThrowableCollector.java:73)
	at org.junit.platform.engine.support.hierarchical.NodeTestTask.executeRecursively(NodeTestTask.java:126)
	at org.junit.platform.engine.support.hierarchical.NodeTestTask.execute(NodeTestTask.java:84)
	at java.util.ArrayList.forEach(ArrayList.java:1259)
	at org.junit.platform.engine.support.hierarchical.SameThreadHierarchicalTestExecutorService.invokeAll(SameThreadHierarchicalTestExecutorService.java:38)
	at org.junit.platform.engine.support.hierarchical.NodeTestTask.lambda$executeRecursively$5(NodeTestTask.java:143)
	at org.junit.platform.engine.support.hierarchical.ThrowableCollector.execute(ThrowableCollector.java:73)
	at org.junit.platform.engine.support.hierarchical.NodeTestTask.lambda$executeRecursively$7(NodeTestTask.java:129)
	at org.junit.platform.engine.support.hierarchical.Node.around(Node.java:137)
	at org.junit.platform.engine.support.hierarchical.NodeTestTask.lambda$executeRecursively$8(NodeTestTask.java:127)
	at org.junit.platform.engine.support.hierarchical.ThrowableCollector.execute(ThrowableCollector.java:73)
	at org.junit.platform.engine.support.hierarchical.NodeTestTask.executeRecursively(NodeTestTask.java:126)
	at org.junit.platform.engine.support.hierarchical.NodeTestTask.execute(NodeTestTask.java:84)
	at java.util.ArrayList.forEach(ArrayList.java:1259)
	at org.junit.platform.engine.support.hierarchical.SameThreadHierarchicalTestExecutorService.invokeAll(SameThreadHierarchicalTestExecutorService.java:38)
	at org.junit.platform.engine.support.hierarchical.NodeTestTask.lambda$executeRecursively$5(NodeTestTask.java:143)
	at org.junit.platform.engine.support.hierarchical.ThrowableCollector.execute(ThrowableCollector.java:73)
	at org.junit.platform.engine.support.hierarchical.NodeTestTask.lambda$executeRecursively$7(NodeTestTask.java:129)
	at org.junit.platform.engine.support.hierarchical.Node.around(Node.java:137)
	at org.junit.platform.engine.support.hierarchical.NodeTestTask.lambda$executeRecursively$8(NodeTestTask.java:127)
	at org.junit.platform.engine.support.hierarchical.ThrowableCollector.execute(ThrowableCollector.java:73)
	at org.junit.platform.engine.support.hierarchical.NodeTestTask.executeRecursively(NodeTestTask.java:126)
	at org.junit.platform.engine.support.hierarchical.NodeTestTask.execute(NodeTestTask.java:84)
	at org.junit.platform.engine.support.hierarchical.SameThreadHierarchicalTestExecutorService.submit(SameThreadHierarchicalTestExecutorService.java:32)
	at org.junit.platform.engine.support.hierarchical.HierarchicalTestExecutor.execute(HierarchicalTestExecutor.java:57)
	at org.junit.platform.engine.support.hierarchical.HierarchicalTestEngine.execute(HierarchicalTestEngine.java:51)
	at org.junit.platform.launcher.core.EngineExecutionOrchestrator.execute(EngineExecutionOrchestrator.java:108)
	at org.junit.platform.launcher.core.EngineExecutionOrchestrator.execute(EngineExecutionOrchestrator.java:88)
	at org.junit.platform.launcher.core.EngineExecutionOrchestrator.lambda$execute$0(EngineExecutionOrchestrator.java:54)
	at org.junit.platform.launcher.core.EngineExecutionOrchestrator.withInterceptedStreams(EngineExecutionOrchestrator.java:67)
	at org.junit.platform.launcher.core.EngineExecutionOrchestrator.execute(EngineExecutionOrchestrator.java:52)
	at org.junit.platform.launcher.core.DefaultLauncher.execute(DefaultLauncher.java:96)
	at org.junit.platform.launcher.core.DefaultLauncher.execute(DefaultLauncher.java:75)
	at org.apache.maven.surefire.junitplatform.JUnitPlatformProvider.invokeAllTests(JUnitPlatformProvider.java:142)
	at org.apache.maven.surefire.junitplatform.JUnitPlatformProvider.invoke(JUnitPlatformProvider.java:113)
	at org.apache.maven.surefire.booter.ForkedBooter.invokeProviderInSameClassLoader(ForkedBooter.java:384)
	at org.apache.maven.surefire.booter.ForkedBooter.runSuitesInProcess(ForkedBooter.java:345)
	at org.apache.maven.surefire.booter.ForkedBooter.execute(ForkedBooter.java:126)
	at org.apache.maven.surefire.booter.ForkedBooter.main(ForkedBooter.java:418)
2022-01-08 13:18:29,293 [Listener at 127.0.0.1/12096] INFO  pipeline.BackgroundPipelineCreator (BackgroundPipelineCreator.java:stop(158)) - Stopping RatisPipelineUtilsThread.
2022-01-08 13:18:29,293 [Listener at 127.0.0.1/12096] INFO  server.StorageContainerManager (StorageContainerManager.java:stop(1499)) - Stopping SCM MetadataStore.
2022-01-08 13:18:29,294 [Listener at 127.0.0.1/12096] INFO  ozone.MiniOzoneHAClusterImpl (MiniOzoneHAClusterImpl.java:stop(324)) - Stopping the StorageContainerManager 222ceec3-fd71-41f2-aa08-53f50be8376f
2022-01-08 13:18:29,294 [Listener at 127.0.0.1/12096] INFO  server.StorageContainerManager (StorageContainerManager.java:stop(1390)) - Stopping Container Balancer service.
2022-01-08 13:18:29,294 [Listener at 127.0.0.1/12096] INFO  balancer.ContainerBalancer (ContainerBalancer.java:stop(748)) - Container Balancer is not running.
2022-01-08 13:18:29,295 [Listener at 127.0.0.1/12096] INFO  server.StorageContainerManager (StorageContainerManager.java:stop(1397)) - Stopping Replication Manager Service.
2022-01-08 13:18:29,295 [Listener at 127.0.0.1/12096] INFO  container.ReplicationManager (ReplicationManager.java:stop(350)) - Stopping Replication Monitor Thread.
2022-01-08 13:18:29,295 [Listener at 127.0.0.1/12096] INFO  server.StorageContainerManager (StorageContainerManager.java:stop(1404)) - Stopping the Datanode Admin Monitor.
2022-01-08 13:18:29,295 [Listener at 127.0.0.1/12096] INFO  server.StorageContainerManager (StorageContainerManager.java:stop(1411)) - Stopping Lease Manager of the command watchers
2022-01-08 13:18:29,295 [Listener at 127.0.0.1/12096] INFO  server.StorageContainerManager (StorageContainerManager.java:stop(1418)) - Stopping datanode service RPC server
2022-01-08 13:18:29,296 [Listener at 127.0.0.1/12096] INFO  server.SCMDatanodeProtocolServer (SCMDatanodeProtocolServer.java:stop(390)) - Stopping the RPC server for DataNodes
2022-01-08 13:18:29,296 [Listener at 127.0.0.1/12096] INFO  ipc.Server (Server.java:stop(3414)) - Stopping server on 12081
2022-01-08 13:18:29,306 [IPC Server listener on 12081] INFO  ipc.Server (Server.java:run(1376)) - Stopping IPC Server listener on 12081
2022-01-08 13:18:29,307 [IPC Server Responder] INFO  ipc.Server (Server.java:run(1512)) - Stopping IPC Server Responder
2022-01-08 13:18:29,582 [EndpointStateMachine task thread for /127.0.0.1:15227 - 0 ] INFO  ipc.Client (Client.java:handleConnectionFailure(977)) - Retrying connect to server: localhost/127.0.0.1:15227. Already tried 10 time(s); retry policy is RetryUpToMaximumCountWithFixedSleep(maxRetries=15, sleepTime=1000 MILLISECONDS)
2022-01-08 13:18:29,590 [EndpointStateMachine task thread for /127.0.0.1:15217 - 0 ] INFO  ipc.Client (Client.java:handleConnectionFailure(977)) - Retrying connect to server: localhost/127.0.0.1:15217. Already tried 13 time(s); retry policy is RetryUpToMaximumCountWithFixedSleep(maxRetries=15, sleepTime=1000 MILLISECONDS)
2022-01-08 13:18:29,625 [EndpointStateMachine task thread for /127.0.0.1:15237 - 0 ] INFO  ipc.Client (Client.java:handleConnectionFailure(977)) - Retrying connect to server: localhost/127.0.0.1:15237. Already tried 10 time(s); retry policy is RetryUpToMaximumCountWithFixedSleep(maxRetries=15, sleepTime=1000 MILLISECONDS)
2022-01-08 13:18:29,804 [EndpointStateMachine task thread for /127.0.0.1:12081 - 0 ] WARN  statemachine.EndpointStateMachine (EndpointStateMachine.java:logIfNeeded(236)) - Unable to communicate to SCM server at localhost:12081 for past 0 seconds.
java.io.EOFException: End of File Exception between local host is: "fv-az195-8/10.1.0.5"; destination host is: "localhost":12081; : java.io.EOFException; For more details see:  http://wiki.apache.org/hadoop/EOFException
	at sun.reflect.NativeConstructorAccessorImpl.newInstance0(Native Method)
	at sun.reflect.NativeConstructorAccessorImpl.newInstance(NativeConstructorAccessorImpl.java:62)
	at sun.reflect.DelegatingConstructorAccessorImpl.newInstance(DelegatingConstructorAccessorImpl.java:45)
	at java.lang.reflect.Constructor.newInstance(Constructor.java:423)
	at org.apache.hadoop.net.NetUtils.wrapWithMessage(NetUtils.java:913)
	at org.apache.hadoop.net.NetUtils.wrapException(NetUtils.java:862)
	at org.apache.hadoop.ipc.Client.getRpcResponse(Client.java:1577)
	at org.apache.hadoop.ipc.Client.call(Client.java:1519)
	at org.apache.hadoop.ipc.Client.call(Client.java:1416)
	at org.apache.hadoop.ipc.ProtobufRpcEngine$Invoker.invoke(ProtobufRpcEngine.java:236)
	at org.apache.hadoop.ipc.ProtobufRpcEngine$Invoker.invoke(ProtobufRpcEngine.java:123)
	at com.sun.proxy.$Proxy48.submitRequest(Unknown Source)
	at org.apache.hadoop.ozone.protocolPB.StorageContainerDatanodeProtocolClientSideTranslatorPB.submitRequest(StorageContainerDatanodeProtocolClientSideTranslatorPB.java:117)
	at org.apache.hadoop.ozone.protocolPB.StorageContainerDatanodeProtocolClientSideTranslatorPB.sendHeartbeat(StorageContainerDatanodeProtocolClientSideTranslatorPB.java:149)
	at org.apache.hadoop.ozone.container.common.states.endpoint.HeartbeatEndpointTask.call(HeartbeatEndpointTask.java:179)
	at org.apache.hadoop.ozone.container.common.states.endpoint.HeartbeatEndpointTask.call(HeartbeatEndpointTask.java:82)
	at java.util.concurrent.FutureTask.run(FutureTask.java:266)
	at java.util.concurrent.ThreadPoolExecutor.runWorker(ThreadPoolExecutor.java:1149)
	at java.util.concurrent.ThreadPoolExecutor$Worker.run(ThreadPoolExecutor.java:624)
	at java.lang.Thread.run(Thread.java:748)
Caused by: java.io.EOFException
	at java.io.DataInputStream.readInt(DataInputStream.java:392)
	at org.apache.hadoop.ipc.Client$IpcStreams.readResponse(Client.java:1892)
	at org.apache.hadoop.ipc.Client$Connection.receiveRpcResponse(Client.java:1202)
	at org.apache.hadoop.ipc.Client$Connection.run(Client.java:1098)
2022-01-08 13:18:30,093 [Datanode State Machine Daemon Thread] ERROR datanode.RunningDatanodeState (RunningDatanodeState.java:computeNextContainerState(199)) - Error in executing end point task.
java.util.concurrent.ExecutionException: java.util.concurrent.TimeoutException
	at java.util.concurrent.FutureTask.report(FutureTask.java:122)
	at java.util.concurrent.FutureTask.get(FutureTask.java:192)
	at org.apache.hadoop.ozone.container.common.states.datanode.RunningDatanodeState.computeNextContainerState(RunningDatanodeState.java:191)
	at org.apache.hadoop.ozone.container.common.states.datanode.RunningDatanodeState.await(RunningDatanodeState.java:231)
	at org.apache.hadoop.ozone.container.common.states.datanode.RunningDatanodeState.await(RunningDatanodeState.java:50)
	at org.apache.hadoop.ozone.container.common.statemachine.StateContext.execute(StateContext.java:633)
	at org.apache.hadoop.ozone.container.common.statemachine.DatanodeStateMachine.start(DatanodeStateMachine.java:280)
	at org.apache.hadoop.ozone.container.common.statemachine.DatanodeStateMachine.lambda$startDaemon$0(DatanodeStateMachine.java:468)
	at java.lang.Thread.run(Thread.java:748)
Caused by: java.util.concurrent.TimeoutException
	at java.util.concurrent.FutureTask.get(FutureTask.java:205)
	at org.apache.hadoop.ozone.container.common.states.datanode.RunningDatanodeState.lambda$execute$0(RunningDatanodeState.java:149)
	at java.util.concurrent.FutureTask.run(FutureTask.java:266)
	at java.util.concurrent.Executors$RunnableAdapter.call(Executors.java:511)
	at java.util.concurrent.FutureTask.run(FutureTask.java:266)
	at java.util.concurrent.ThreadPoolExecutor.runWorker(ThreadPoolExecutor.java:1149)
	at java.util.concurrent.ThreadPoolExecutor$Worker.run(ThreadPoolExecutor.java:624)
	... 1 more
2022-01-08 13:18:30,200 [EndpointStateMachine task thread for /127.0.0.1:12101 - 0 ] INFO  ipc.Client (Client.java:handleConnectionFailure(977)) - Retrying connect to server: localhost/127.0.0.1:12101. Already tried 0 time(s); retry policy is RetryUpToMaximumCountWithFixedSleep(maxRetries=15, sleepTime=1000 MILLISECONDS)
2022-01-08 13:18:30,582 [EndpointStateMachine task thread for /127.0.0.1:15227 - 0 ] INFO  ipc.Client (Client.java:handleConnectionFailure(977)) - Retrying connect to server: localhost/127.0.0.1:15227. Already tried 11 time(s); retry policy is RetryUpToMaximumCountWithFixedSleep(maxRetries=15, sleepTime=1000 MILLISECONDS)
2022-01-08 13:18:30,590 [EndpointStateMachine task thread for /127.0.0.1:15217 - 0 ] INFO  ipc.Client (Client.java:handleConnectionFailure(977)) - Retrying connect to server: localhost/127.0.0.1:15217. Already tried 14 time(s); retry policy is RetryUpToMaximumCountWithFixedSleep(maxRetries=15, sleepTime=1000 MILLISECONDS)
2022-01-08 13:18:30,625 [EndpointStateMachine task thread for /127.0.0.1:15237 - 0 ] INFO  ipc.Client (Client.java:handleConnectionFailure(977)) - Retrying connect to server: localhost/127.0.0.1:15237. Already tried 11 time(s); retry policy is RetryUpToMaximumCountWithFixedSleep(maxRetries=15, sleepTime=1000 MILLISECONDS)
2022-01-08 13:18:30,903 [EndpointStateMachine task thread for /127.0.0.1:12081 - 0 ] INFO  ipc.Client (Client.java:handleConnectionFailure(977)) - Retrying connect to server: localhost/127.0.0.1:12081. Already tried 0 time(s); retry policy is RetryUpToMaximumCountWithFixedSleep(maxRetries=15, sleepTime=1000 MILLISECONDS)
2022-01-08 13:18:31,200 [EndpointStateMachine task thread for /127.0.0.1:12101 - 0 ] INFO  ipc.Client (Client.java:handleConnectionFailure(977)) - Retrying connect to server: localhost/127.0.0.1:12101. Already tried 1 time(s); retry policy is RetryUpToMaximumCountWithFixedSleep(maxRetries=15, sleepTime=1000 MILLISECONDS)
2022-01-08 13:18:31,583 [EndpointStateMachine task thread for /127.0.0.1:15227 - 0 ] INFO  ipc.Client (Client.java:handleConnectionFailure(977)) - Retrying connect to server: localhost/127.0.0.1:15227. Already tried 12 time(s); retry policy is RetryUpToMaximumCountWithFixedSleep(maxRetries=15, sleepTime=1000 MILLISECONDS)
2022-01-08 13:18:31,591 [EndpointStateMachine task thread for /127.0.0.1:15217 - 0 ] INFO  ipc.Client (Client.java:handleConnectionFailure(977)) - Retrying connect to server: localhost/127.0.0.1:15217. Already tried 0 time(s); retry policy is RetryUpToMaximumCountWithFixedSleep(maxRetries=15, sleepTime=1000 MILLISECONDS)
2022-01-08 13:18:31,626 [EndpointStateMachine task thread for /127.0.0.1:15237 - 0 ] INFO  ipc.Client (Client.java:handleConnectionFailure(977)) - Retrying connect to server: localhost/127.0.0.1:15237. Already tried 12 time(s); retry policy is RetryUpToMaximumCountWithFixedSleep(maxRetries=15, sleepTime=1000 MILLISECONDS)
2022-01-08 13:18:31,903 [EndpointStateMachine task thread for /127.0.0.1:12081 - 0 ] INFO  ipc.Client (Client.java:handleConnectionFailure(977)) - Retrying connect to server: localhost/127.0.0.1:12081. Already tried 1 time(s); retry policy is RetryUpToMaximumCountWithFixedSleep(maxRetries=15, sleepTime=1000 MILLISECONDS)
2022-01-08 13:18:31,988 [SCM Heartbeat Processing Thread - 0] WARN  node.NodeStateManager (NodeStateManager.java:scheduleNextHealthCheck(799)) - Current Thread is interrupted, shutting down HB processing thread for Node Manager.
2022-01-08 13:18:31,988 [Listener at 127.0.0.1/12096] INFO  server.StorageContainerManager (StorageContainerManager.java:stop(1426)) - Stopping block service RPC server
2022-01-08 13:18:31,989 [Listener at 127.0.0.1/12096] INFO  server.SCMBlockProtocolServer (SCMBlockProtocolServer.java:stop(160)) - Stopping the RPC server for Block Protocol
2022-01-08 13:18:31,989 [Listener at 127.0.0.1/12096] INFO  ipc.Server (Server.java:stop(3414)) - Stopping server on 12082
2022-01-08 13:18:31,992 [IPC Server listener on 12082] INFO  ipc.Server (Server.java:run(1376)) - Stopping IPC Server listener on 12082
2022-01-08 13:18:31,997 [Listener at 127.0.0.1/12096] INFO  server.StorageContainerManager (StorageContainerManager.java:stop(1433)) - Stopping the StorageContainerLocationProtocol RPC server
2022-01-08 13:18:31,997 [Listener at 127.0.0.1/12096] INFO  server.SCMClientProtocolServer (SCMClientProtocolServer.java:stop(173)) - Stopping the RPC server for Client Protocol
2022-01-08 13:18:31,997 [Listener at 127.0.0.1/12096] INFO  ipc.Server (Server.java:stop(3414)) - Stopping server on 12083
2022-01-08 13:18:31,998 [IPC Server Responder] INFO  ipc.Server (Server.java:run(1512)) - Stopping IPC Server Responder
2022-01-08 13:18:32,007 [IPC Server listener on 12083] INFO  ipc.Server (Server.java:run(1376)) - Stopping IPC Server listener on 12083
2022-01-08 13:18:32,010 [IPC Server Responder] INFO  ipc.Server (Server.java:run(1512)) - Stopping IPC Server Responder
2022-01-08 13:18:32,010 [Listener at 127.0.0.1/12096] INFO  server.StorageContainerManager (StorageContainerManager.java:stop(1440)) - Stopping Storage Container Manager HTTP server.
2022-01-08 13:18:32,011 [Listener at 127.0.0.1/12096] INFO  handler.ContextHandler (ContextHandler.java:doStop(1153)) - Stopped o.e.j.w.WebAppContext@c2b2b92{scm,/,null,STOPPED}{file:/home/runner/work/ozone/ozone/hadoop-ozone/integration-test/target/test-classes/webapps/scm}
2022-01-08 13:18:32,012 [Listener at 127.0.0.1/12096] INFO  server.AbstractConnector (AbstractConnector.java:doStop(381)) - Stopped ServerConnector@42bc7ca2{HTTP/1.1, (http/1.1)}{0.0.0.0:12078}
2022-01-08 13:18:32,012 [Listener at 127.0.0.1/12096] INFO  server.session (HouseKeeper.java:stopScavenging(149)) - node0 Stopped scavenging
2022-01-08 13:18:32,012 [Listener at 127.0.0.1/12096] INFO  handler.ContextHandler (ContextHandler.java:doStop(1153)) - Stopped o.e.j.s.ServletContextHandler@66bd32b1{static,/static,file:///home/runner/work/ozone/ozone/hadoop-ozone/integration-test/target/test-classes/webapps/static,STOPPED}
2022-01-08 13:18:32,013 [Listener at 127.0.0.1/12096] INFO  handler.ContextHandler (ContextHandler.java:doStop(1153)) - Stopped o.e.j.s.ServletContextHandler@59de6f39{logs,/logs,file:///home/runner/work/ozone/ozone/hadoop-ozone/integration-test/target/log,STOPPED}
2022-01-08 13:18:32,015 [Listener at 127.0.0.1/12096] INFO  server.StorageContainerManager (StorageContainerManager.java:stop(1451)) - Stopping Block Manager Service.
2022-01-08 13:18:32,015 [Listener at 127.0.0.1/12096] INFO  utils.BackgroundService (BackgroundService.java:shutdown(132)) - Shutting down service SCMBlockDeletingService
2022-01-08 13:18:32,015 [Listener at 127.0.0.1/12096] INFO  utils.BackgroundService (BackgroundService.java:shutdown(132)) - Shutting down service SCMBlockDeletingService
2022-01-08 13:18:32,015 [Listener at 127.0.0.1/12096] INFO  server.StorageContainerManager (StorageContainerManager.java:stop(1478)) - Stopping SCM Event Queue.
2022-01-08 13:18:32,022 [Listener at 127.0.0.1/12096] INFO  server.StorageContainerManager (StorageContainerManager.java:stop(1489)) - Stopping SCM HA services.
2022-01-08 13:18:32,022 [Listener at 127.0.0.1/12096] INFO  ha.SCMRatisServerImpl (SCMRatisServerImpl.java:stop(236)) - stopping ratis server 0.0.0.0:12080
2022-01-08 13:18:32,022 [Listener at 127.0.0.1/12096] INFO  server.RaftServer (RaftServerProxy.java:lambda$close$6(391)) - 222ceec3-fd71-41f2-aa08-53f50be8376f: close
2022-01-08 13:18:32,022 [Listener at 127.0.0.1/12096] INFO  server.RaftServer$Division (RaftServerImpl.java:lambda$close$4(412)) - 222ceec3-fd71-41f2-aa08-53f50be8376f@group-EF816938392D: shutdown
2022-01-08 13:18:32,023 [Listener at 127.0.0.1/12096] INFO  util.JmxRegister (JmxRegister.java:unregister(73)) - Successfully un-registered JMX Bean with object name Ratis:service=RaftServer,group=group-EF816938392D,id=222ceec3-fd71-41f2-aa08-53f50be8376f
2022-01-08 13:18:32,023 [Listener at 127.0.0.1/12096] INFO  impl.RoleInfo (RoleInfo.java:shutdownLeaderState(91)) - 222ceec3-fd71-41f2-aa08-53f50be8376f: shutdown 222ceec3-fd71-41f2-aa08-53f50be8376f@group-EF816938392D-LeaderStateImpl
2022-01-08 13:18:32,023 [Listener at 127.0.0.1/12096] INFO  impl.PendingRequests (PendingRequests.java:sendNotLeaderResponses(282)) - 222ceec3-fd71-41f2-aa08-53f50be8376f@group-EF816938392D-PendingRequests: sendNotLeaderResponses
2022-01-08 13:18:32,023 [222ceec3-fd71-41f2-aa08-53f50be8376f@group-EF816938392D->40a4bb05-3d2f-4358-aa13-75cfde41e6e0-GrpcLogAppender-LogAppenderDaemon] WARN  server.GrpcLogAppender (GrpcLogAppender.java:mayWait(177)) - 222ceec3-fd71-41f2-aa08-53f50be8376f@group-EF816938392D->40a4bb05-3d2f-4358-aa13-75cfde41e6e0-GrpcLogAppender: Wait interrupted by java.lang.InterruptedException
2022-01-08 13:18:32,023 [Listener at 127.0.0.1/12096] INFO  ha.SCMStateMachine (SCMStateMachine.java:notifyNotLeader(190)) - current leader SCM steps down.
2022-01-08 13:18:32,023 [Listener at 127.0.0.1/12096] INFO  ha.SCMContext (SCMContext.java:updateLeaderAndTerm(90)) - update <isLeader,term> from <true,2> to <false,0>
2022-01-08 13:18:32,024 [Listener at 127.0.0.1/12096] INFO  ha.SCMContext (SCMContext.java:updateLeaderAndTerm(97)) - update <isLeaderReady> from <false> to <false>
2022-01-08 13:18:32,024 [grpc-default-executor-0] INFO  server.GrpcServerProtocolService (GrpcServerProtocolService.java:onCompleted(140)) - 40a4bb05-3d2f-4358-aa13-75cfde41e6e0: Completed APPEND_ENTRIES, lastRequest: 222ceec3-fd71-41f2-aa08-53f50be8376f->40a4bb05-3d2f-4358-aa13-75cfde41e6e0#865-t2,previous=(t:2, i:23),leaderCommit=23,initializing? true,entries: size=1, first=(t:2, i:24), METADATAENTRY(c:23)
2022-01-08 13:18:32,025 [grpc-default-executor-2] INFO  server.GrpcLogAppender (GrpcLogAppender.java:onCompleted(346)) - 222ceec3-fd71-41f2-aa08-53f50be8376f@group-EF816938392D->40a4bb05-3d2f-4358-aa13-75cfde41e6e0-AppendLogResponseHandler: follower responses appendEntries COMPLETED
2022-01-08 13:18:32,025 [grpc-default-executor-2] INFO  leader.FollowerInfo (FollowerInfoImpl.java:lambda$new$0(47)) - 222ceec3-fd71-41f2-aa08-53f50be8376f@group-EF816938392D->40a4bb05-3d2f-4358-aa13-75cfde41e6e0: nextIndex: updateUnconditionally 25 -> 24
2022-01-08 13:18:32,026 [Listener at 127.0.0.1/12096] INFO  impl.StateMachineUpdater (StateMachineUpdater.java:stopAndJoin(149)) - 222ceec3-fd71-41f2-aa08-53f50be8376f@group-EF816938392D-StateMachineUpdater: set stopIndex = 24
2022-01-08 13:18:32,027 [222ceec3-fd71-41f2-aa08-53f50be8376f@group-EF816938392D-StateMachineUpdater] INFO  ha.SCMStateMachine (SCMStateMachine.java:takeSnapshot(297)) - Current Snapshot Index 24, takeSnapshot took 0 ms
2022-01-08 13:18:32,027 [222ceec3-fd71-41f2-aa08-53f50be8376f@group-EF816938392D-StateMachineUpdater] INFO  impl.StateMachineUpdater (StateMachineUpdater.java:takeSnapshot(281)) - 222ceec3-fd71-41f2-aa08-53f50be8376f@group-EF816938392D-StateMachineUpdater: Took a snapshot at index 24
2022-01-08 13:18:32,027 [222ceec3-fd71-41f2-aa08-53f50be8376f@group-EF816938392D-StateMachineUpdater] INFO  impl.StateMachineUpdater (StateMachineUpdater.java:lambda$new$0(89)) - 222ceec3-fd71-41f2-aa08-53f50be8376f@group-EF816938392D-StateMachineUpdater: snapshotIndex: updateIncreasingly 20 -> 24
2022-01-08 13:18:32,034 [Listener at 127.0.0.1/12096] INFO  server.RaftServer$Division (ServerState.java:close(419)) - 222ceec3-fd71-41f2-aa08-53f50be8376f@group-EF816938392D: closes. applyIndex: 24
2022-01-08 13:18:32,035 [222ceec3-fd71-41f2-aa08-53f50be8376f@group-EF816938392D-SegmentedRaftLogWorker] INFO  segmented.SegmentedRaftLogWorker (SegmentedRaftLogWorker.java:run(327)) - 222ceec3-fd71-41f2-aa08-53f50be8376f@group-EF816938392D-SegmentedRaftLogWorker was interrupted, exiting. There are 0 tasks remaining in the queue.
2022-01-08 13:18:32,038 [Listener at 127.0.0.1/12096] INFO  segmented.SegmentedRaftLogWorker (SegmentedRaftLogWorker.java:close(237)) - 222ceec3-fd71-41f2-aa08-53f50be8376f@group-EF816938392D-SegmentedRaftLogWorker close()
2022-01-08 13:18:32,039 [Listener at 127.0.0.1/12096] INFO  server.GrpcService (GrpcService.java:closeImpl(262)) - 222ceec3-fd71-41f2-aa08-53f50be8376f: shutdown server with port 12080 now
2022-01-08 13:18:32,043 [Listener at 127.0.0.1/12096] INFO  server.GrpcService (GrpcService.java:closeImpl(271)) - 222ceec3-fd71-41f2-aa08-53f50be8376f: shutdown server with port 12080 successfully
2022-01-08 13:18:32,043 [org.apache.ratis.util.JvmPauseMonitor$$Lambda$500/2122256138@4aaa6e62] INFO  util.JvmPauseMonitor (JvmPauseMonitor.java:run(109)) - JvmPauseMonitor-222ceec3-fd71-41f2-aa08-53f50be8376f: Stopped
2022-01-08 13:18:32,044 [Listener at 127.0.0.1/12096] INFO  pipeline.BackgroundPipelineCreator (BackgroundPipelineCreator.java:stop(158)) - Stopping RatisPipelineUtilsThread.
2022-01-08 13:18:32,045 [Listener at 127.0.0.1/12096] INFO  server.StorageContainerManager (StorageContainerManager.java:stop(1499)) - Stopping SCM MetadataStore.
2022-01-08 13:18:32,046 [Listener at 127.0.0.1/12096] INFO  impl.MetricsSystemImpl (MetricsSystemImpl.java:stop(210)) - Stopping HddsDatanode metrics system...
2022-01-08 13:18:32,051 [prometheus] INFO  impl.MetricsSinkAdapter (MetricsSinkAdapter.java:publishMetricsFromQueue(141)) - prometheus thread interrupted.
2022-01-08 13:18:32,051 [Listener at 127.0.0.1/12096] INFO  impl.MetricsSystemImpl (MetricsSystemImpl.java:stop(216)) - HddsDatanode metrics system stopped.
2022-01-08 13:18:32,051 [Listener at 127.0.0.1/12096] INFO  ozone.MiniOzoneHAClusterImpl (MiniOzoneHAClusterImpl.java:stop(324)) - Stopping the StorageContainerManager 40a4bb05-3d2f-4358-aa13-75cfde41e6e0
2022-01-08 13:18:32,052 [Listener at 127.0.0.1/12096] INFO  server.StorageContainerManager (StorageContainerManager.java:stop(1390)) - Stopping Container Balancer service.
2022-01-08 13:18:32,052 [Listener at 127.0.0.1/12096] INFO  balancer.ContainerBalancer (ContainerBalancer.java:stop(748)) - Container Balancer is not running.
2022-01-08 13:18:32,052 [Listener at 127.0.0.1/12096] INFO  server.StorageContainerManager (StorageContainerManager.java:stop(1397)) - Stopping Replication Manager Service.
2022-01-08 13:18:32,052 [Listener at 127.0.0.1/12096] INFO  container.ReplicationManager (ReplicationManager.java:stop(350)) - Stopping Replication Monitor Thread.
2022-01-08 13:18:32,052 [Listener at 127.0.0.1/12096] INFO  server.StorageContainerManager (StorageContainerManager.java:stop(1404)) - Stopping the Datanode Admin Monitor.
2022-01-08 13:18:32,052 [Listener at 127.0.0.1/12096] INFO  server.StorageContainerManager (StorageContainerManager.java:stop(1411)) - Stopping Lease Manager of the command watchers
2022-01-08 13:18:32,053 [Listener at 127.0.0.1/12096] INFO  server.StorageContainerManager (StorageContainerManager.java:stop(1418)) - Stopping datanode service RPC server
2022-01-08 13:18:32,062 [Listener at 127.0.0.1/12096] INFO  server.SCMDatanodeProtocolServer (SCMDatanodeProtocolServer.java:stop(390)) - Stopping the RPC server for DataNodes
2022-01-08 13:18:32,063 [Listener at 127.0.0.1/12096] INFO  ipc.Server (Server.java:stop(3414)) - Stopping server on 12091
2022-01-08 13:18:32,064 [IPC Server listener on 12091] INFO  ipc.Server (Server.java:run(1376)) - Stopping IPC Server listener on 12091
2022-01-08 13:18:32,070 [IPC Server Responder] INFO  ipc.Server (Server.java:run(1512)) - Stopping IPC Server Responder
2022-01-08 13:18:32,083 [SCM Heartbeat Processing Thread - 0] WARN  node.NodeStateManager (NodeStateManager.java:scheduleNextHealthCheck(799)) - Current Thread is interrupted, shutting down HB processing thread for Node Manager.
2022-01-08 13:18:32,083 [Listener at 127.0.0.1/12096] INFO  server.StorageContainerManager (StorageContainerManager.java:stop(1426)) - Stopping block service RPC server
2022-01-08 13:18:32,083 [Listener at 127.0.0.1/12096] INFO  server.SCMBlockProtocolServer (SCMBlockProtocolServer.java:stop(160)) - Stopping the RPC server for Block Protocol
2022-01-08 13:18:32,083 [Listener at 127.0.0.1/12096] INFO  ipc.Server (Server.java:stop(3414)) - Stopping server on 12092
2022-01-08 13:18:32,086 [IPC Server listener on 12092] INFO  ipc.Server (Server.java:run(1376)) - Stopping IPC Server listener on 12092
2022-01-08 13:18:32,086 [Listener at 127.0.0.1/12096] INFO  server.StorageContainerManager (StorageContainerManager.java:stop(1433)) - Stopping the StorageContainerLocationProtocol RPC server
2022-01-08 13:18:32,086 [Listener at 127.0.0.1/12096] INFO  server.SCMClientProtocolServer (SCMClientProtocolServer.java:stop(173)) - Stopping the RPC server for Client Protocol
2022-01-08 13:18:32,086 [Listener at 127.0.0.1/12096] INFO  ipc.Server (Server.java:stop(3414)) - Stopping server on 12093
2022-01-08 13:18:32,086 [IPC Server Responder] INFO  ipc.Server (Server.java:run(1512)) - Stopping IPC Server Responder
2022-01-08 13:18:32,097 [Listener at 127.0.0.1/12096] INFO  server.StorageContainerManager (StorageContainerManager.java:stop(1440)) - Stopping Storage Container Manager HTTP server.
2022-01-08 13:18:32,097 [Listener at 127.0.0.1/12096] INFO  handler.ContextHandler (ContextHandler.java:doStop(1153)) - Stopped o.e.j.w.WebAppContext@47d41516{scm,/,null,STOPPED}{file:/home/runner/work/ozone/ozone/hadoop-ozone/integration-test/target/test-classes/webapps/scm}
2022-01-08 13:18:32,099 [IPC Server Responder] INFO  ipc.Server (Server.java:run(1512)) - Stopping IPC Server Responder
2022-01-08 13:18:32,099 [IPC Server listener on 12093] INFO  ipc.Server (Server.java:run(1376)) - Stopping IPC Server listener on 12093
2022-01-08 13:18:32,103 [EndpointStateMachine task thread for /127.0.0.1:12091 - 0 ] WARN  statemachine.EndpointStateMachine (EndpointStateMachine.java:logIfNeeded(236)) - Unable to communicate to SCM server at 127.0.0.1:12091 for past 0 seconds.
java.io.EOFException: End of File Exception between local host is: "fv-az195-8/10.1.0.5"; destination host is: "localhost":12091; : java.io.EOFException; For more details see:  http://wiki.apache.org/hadoop/EOFException
	at sun.reflect.NativeConstructorAccessorImpl.newInstance0(Native Method)
	at sun.reflect.NativeConstructorAccessorImpl.newInstance(NativeConstructorAccessorImpl.java:62)
	at sun.reflect.DelegatingConstructorAccessorImpl.newInstance(DelegatingConstructorAccessorImpl.java:45)
	at java.lang.reflect.Constructor.newInstance(Constructor.java:423)
	at org.apache.hadoop.net.NetUtils.wrapWithMessage(NetUtils.java:913)
	at org.apache.hadoop.net.NetUtils.wrapException(NetUtils.java:862)
	at org.apache.hadoop.ipc.Client.getRpcResponse(Client.java:1577)
	at org.apache.hadoop.ipc.Client.call(Client.java:1519)
	at org.apache.hadoop.ipc.Client.call(Client.java:1416)
	at org.apache.hadoop.ipc.ProtobufRpcEngine$Invoker.invoke(ProtobufRpcEngine.java:236)
	at org.apache.hadoop.ipc.ProtobufRpcEngine$Invoker.invoke(ProtobufRpcEngine.java:123)
	at com.sun.proxy.$Proxy48.submitRequest(Unknown Source)
	at org.apache.hadoop.ozone.protocolPB.StorageContainerDatanodeProtocolClientSideTranslatorPB.submitRequest(StorageContainerDatanodeProtocolClientSideTranslatorPB.java:117)
	at org.apache.hadoop.ozone.protocolPB.StorageContainerDatanodeProtocolClientSideTranslatorPB.sendHeartbeat(StorageContainerDatanodeProtocolClientSideTranslatorPB.java:149)
	at org.apache.hadoop.ozone.container.common.states.endpoint.HeartbeatEndpointTask.call(HeartbeatEndpointTask.java:179)
	at org.apache.hadoop.ozone.container.common.states.endpoint.HeartbeatEndpointTask.call(HeartbeatEndpointTask.java:82)
	at java.util.concurrent.FutureTask.run(FutureTask.java:266)
	at java.util.concurrent.ThreadPoolExecutor.runWorker(ThreadPoolExecutor.java:1149)
	at java.util.concurrent.ThreadPoolExecutor$Worker.run(ThreadPoolExecutor.java:624)
	at java.lang.Thread.run(Thread.java:748)
Caused by: java.io.EOFException
	at java.io.DataInputStream.readInt(DataInputStream.java:392)
	at org.apache.hadoop.ipc.Client$IpcStreams.readResponse(Client.java:1892)
	at org.apache.hadoop.ipc.Client$Connection.receiveRpcResponse(Client.java:1202)
	at org.apache.hadoop.ipc.Client$Connection.run(Client.java:1098)
2022-01-08 13:18:32,109 [Listener at 127.0.0.1/12096] INFO  server.AbstractConnector (AbstractConnector.java:doStop(381)) - Stopped ServerConnector@7484236d{HTTP/1.1, (http/1.1)}{0.0.0.0:12088}
2022-01-08 13:18:32,113 [Listener at 127.0.0.1/12096] INFO  server.session (HouseKeeper.java:stopScavenging(149)) - node0 Stopped scavenging
2022-01-08 13:18:32,113 [Listener at 127.0.0.1/12096] INFO  handler.ContextHandler (ContextHandler.java:doStop(1153)) - Stopped o.e.j.s.ServletContextHandler@4c0ac628{static,/static,file:///home/runner/work/ozone/ozone/hadoop-ozone/integration-test/target/test-classes/webapps/static,STOPPED}
2022-01-08 13:18:32,113 [Listener at 127.0.0.1/12096] INFO  handler.ContextHandler (ContextHandler.java:doStop(1153)) - Stopped o.e.j.s.ServletContextHandler@40009de0{logs,/logs,file:///home/runner/work/ozone/ozone/hadoop-ozone/integration-test/target/log,STOPPED}
2022-01-08 13:18:32,119 [Listener at 127.0.0.1/12096] INFO  server.StorageContainerManager (StorageContainerManager.java:stop(1451)) - Stopping Block Manager Service.
2022-01-08 13:18:32,119 [Listener at 127.0.0.1/12096] INFO  utils.BackgroundService (BackgroundService.java:shutdown(132)) - Shutting down service SCMBlockDeletingService
2022-01-08 13:18:32,119 [Listener at 127.0.0.1/12096] INFO  utils.BackgroundService (BackgroundService.java:shutdown(132)) - Shutting down service SCMBlockDeletingService
2022-01-08 13:18:32,119 [Listener at 127.0.0.1/12096] INFO  server.StorageContainerManager (StorageContainerManager.java:stop(1478)) - Stopping SCM Event Queue.
2022-01-08 13:18:32,120 [Listener at 127.0.0.1/12096] INFO  server.StorageContainerManager (StorageContainerManager.java:stop(1489)) - Stopping SCM HA services.
2022-01-08 13:18:32,120 [Listener at 127.0.0.1/12096] INFO  ha.SCMRatisServerImpl (SCMRatisServerImpl.java:stop(236)) - stopping ratis server 0.0.0.0:12090
2022-01-08 13:18:32,121 [Listener at 127.0.0.1/12096] INFO  server.RaftServer (RaftServerProxy.java:lambda$close$6(391)) - 40a4bb05-3d2f-4358-aa13-75cfde41e6e0: close
2022-01-08 13:18:32,121 [Listener at 127.0.0.1/12096] INFO  server.RaftServer$Division (RaftServerImpl.java:lambda$close$4(412)) - 40a4bb05-3d2f-4358-aa13-75cfde41e6e0@group-EF816938392D: shutdown
2022-01-08 13:18:32,121 [Listener at 127.0.0.1/12096] INFO  util.JmxRegister (JmxRegister.java:unregister(73)) - Successfully un-registered JMX Bean with object name Ratis:service=RaftServer,group=group-EF816938392D,id=40a4bb05-3d2f-4358-aa13-75cfde41e6e0
2022-01-08 13:18:32,121 [Listener at 127.0.0.1/12096] INFO  impl.RoleInfo (RoleInfo.java:shutdownFollowerState(108)) - 40a4bb05-3d2f-4358-aa13-75cfde41e6e0: shutdown 40a4bb05-3d2f-4358-aa13-75cfde41e6e0@group-EF816938392D-FollowerState
2022-01-08 13:18:32,121 [40a4bb05-3d2f-4358-aa13-75cfde41e6e0@group-EF816938392D-FollowerState] INFO  impl.FollowerState (FollowerState.java:run(143)) - 40a4bb05-3d2f-4358-aa13-75cfde41e6e0@group-EF816938392D-FollowerState was interrupted: {}
java.lang.InterruptedException: sleep interrupted
	at java.lang.Thread.sleep(Native Method)
	at java.lang.Thread.sleep(Thread.java:340)
	at java.util.concurrent.TimeUnit.sleep(TimeUnit.java:386)
	at org.apache.ratis.util.TimeDuration.sleep(TimeDuration.java:324)
	at org.apache.ratis.util.TimeDuration.sleep(TimeDuration.java:309)
	at org.apache.ratis.server.impl.FollowerState.run(FollowerState.java:118)
2022-01-08 13:18:32,121 [Listener at 127.0.0.1/12096] INFO  impl.StateMachineUpdater (StateMachineUpdater.java:stopAndJoin(149)) - 40a4bb05-3d2f-4358-aa13-75cfde41e6e0@group-EF816938392D-StateMachineUpdater: set stopIndex = 24
2022-01-08 13:18:32,121 [40a4bb05-3d2f-4358-aa13-75cfde41e6e0@group-EF816938392D-StateMachineUpdater] INFO  ha.SCMStateMachine (SCMStateMachine.java:takeSnapshot(297)) - Current Snapshot Index 24, takeSnapshot took 0 ms
2022-01-08 13:18:32,122 [40a4bb05-3d2f-4358-aa13-75cfde41e6e0@group-EF816938392D-StateMachineUpdater] INFO  impl.StateMachineUpdater (StateMachineUpdater.java:takeSnapshot(281)) - 40a4bb05-3d2f-4358-aa13-75cfde41e6e0@group-EF816938392D-StateMachineUpdater: Took a snapshot at index 24
2022-01-08 13:18:32,122 [40a4bb05-3d2f-4358-aa13-75cfde41e6e0@group-EF816938392D-StateMachineUpdater] INFO  impl.StateMachineUpdater (StateMachineUpdater.java:lambda$new$0(89)) - 40a4bb05-3d2f-4358-aa13-75cfde41e6e0@group-EF816938392D-StateMachineUpdater: snapshotIndex: updateIncreasingly 23 -> 24
2022-01-08 13:18:32,122 [Listener at 127.0.0.1/12096] INFO  server.RaftServer$Division (ServerState.java:close(419)) - 40a4bb05-3d2f-4358-aa13-75cfde41e6e0@group-EF816938392D: closes. applyIndex: 24
2022-01-08 13:18:32,122 [40a4bb05-3d2f-4358-aa13-75cfde41e6e0@group-EF816938392D-SegmentedRaftLogWorker] INFO  segmented.SegmentedRaftLogWorker (SegmentedRaftLogWorker.java:run(327)) - 40a4bb05-3d2f-4358-aa13-75cfde41e6e0@group-EF816938392D-SegmentedRaftLogWorker was interrupted, exiting. There are 0 tasks remaining in the queue.
2022-01-08 13:18:32,130 [Listener at 127.0.0.1/12096] INFO  segmented.SegmentedRaftLogWorker (SegmentedRaftLogWorker.java:close(237)) - 40a4bb05-3d2f-4358-aa13-75cfde41e6e0@group-EF816938392D-SegmentedRaftLogWorker close()
2022-01-08 13:18:32,131 [Listener at 127.0.0.1/12096] INFO  server.GrpcService (GrpcService.java:closeImpl(262)) - 40a4bb05-3d2f-4358-aa13-75cfde41e6e0: shutdown server with port 12090 now
2022-01-08 13:18:32,134 [Listener at 127.0.0.1/12096] INFO  server.GrpcService (GrpcService.java:closeImpl(271)) - 40a4bb05-3d2f-4358-aa13-75cfde41e6e0: shutdown server with port 12090 successfully
2022-01-08 13:18:32,135 [org.apache.ratis.util.JvmPauseMonitor$$Lambda$500/2122256138@18a59ef8] INFO  util.JvmPauseMonitor (JvmPauseMonitor.java:run(109)) - JvmPauseMonitor-40a4bb05-3d2f-4358-aa13-75cfde41e6e0: Stopped
2022-01-08 13:18:32,136 [Listener at 127.0.0.1/12096] INFO  pipeline.BackgroundPipelineCreator (BackgroundPipelineCreator.java:stop(158)) - Stopping RatisPipelineUtilsThread.
2022-01-08 13:18:32,139 [Listener at 127.0.0.1/12096] INFO  server.StorageContainerManager (StorageContainerManager.java:stop(1499)) - Stopping SCM MetadataStore.
2022-01-08 13:18:32,140 [Listener at 127.0.0.1/12096] INFO  impl.MetricsSystemImpl (MetricsSystemImpl.java:stop(205)) - HddsDatanode metrics system stopped (again)
2022-01-08 13:18:32,140 [Listener at 127.0.0.1/12096] INFO  ozone.MiniOzoneClusterImpl (MiniOzoneClusterImpl.java:stop(468)) - Stopping the Mini Ozone Cluster
2022-01-08 13:18:32,140 [Listener at 127.0.0.1/12096] INFO  ozone.MiniOzoneClusterImpl (MiniOzoneClusterImpl.java:stopDatanodes(527)) - Stopping the HddsDatanodes
2022-01-08 13:18:32,201 [EndpointStateMachine task thread for /127.0.0.1:12101 - 0 ] INFO  ipc.Client (Client.java:handleConnectionFailure(977)) - Retrying connect to server: localhost/127.0.0.1:12101. Already tried 2 time(s); retry policy is RetryUpToMaximumCountWithFixedSleep(maxRetries=15, sleepTime=1000 MILLISECONDS)
2022-01-08 13:18:32,585 [EndpointStateMachine task thread for /127.0.0.1:15227 - 0 ] INFO  ipc.Client (Client.java:handleConnectionFailure(977)) - Retrying connect to server: localhost/127.0.0.1:15227. Already tried 13 time(s); retry policy is RetryUpToMaximumCountWithFixedSleep(maxRetries=15, sleepTime=1000 MILLISECONDS)
2022-01-08 13:18:32,592 [EndpointStateMachine task thread for /127.0.0.1:15217 - 0 ] INFO  ipc.Client (Client.java:handleConnectionFailure(977)) - Retrying connect to server: localhost/127.0.0.1:15217. Already tried 1 time(s); retry policy is RetryUpToMaximumCountWithFixedSleep(maxRetries=15, sleepTime=1000 MILLISECONDS)
2022-01-08 13:18:32,626 [EndpointStateMachine task thread for /127.0.0.1:15237 - 0 ] INFO  ipc.Client (Client.java:handleConnectionFailure(977)) - Retrying connect to server: localhost/127.0.0.1:15237. Already tried 13 time(s); retry policy is RetryUpToMaximumCountWithFixedSleep(maxRetries=15, sleepTime=1000 MILLISECONDS)
2022-01-08 13:18:32,806 [Datanode State Machine Daemon Thread] ERROR datanode.RunningDatanodeState (RunningDatanodeState.java:computeNextContainerState(199)) - Error in executing end point task.
java.util.concurrent.ExecutionException: java.util.concurrent.TimeoutException
	at java.util.concurrent.FutureTask.report(FutureTask.java:122)
	at java.util.concurrent.FutureTask.get(FutureTask.java:192)
	at org.apache.hadoop.ozone.container.common.states.datanode.RunningDatanodeState.computeNextContainerState(RunningDatanodeState.java:191)
	at org.apache.hadoop.ozone.container.common.states.datanode.RunningDatanodeState.await(RunningDatanodeState.java:231)
	at org.apache.hadoop.ozone.container.common.states.datanode.RunningDatanodeState.await(RunningDatanodeState.java:50)
	at org.apache.hadoop.ozone.container.common.statemachine.StateContext.execute(StateContext.java:633)
	at org.apache.hadoop.ozone.container.common.statemachine.DatanodeStateMachine.start(DatanodeStateMachine.java:280)
	at org.apache.hadoop.ozone.container.common.statemachine.DatanodeStateMachine.lambda$startDaemon$0(DatanodeStateMachine.java:468)
	at java.lang.Thread.run(Thread.java:748)
Caused by: java.util.concurrent.TimeoutException
	at java.util.concurrent.FutureTask.get(FutureTask.java:205)
	at org.apache.hadoop.ozone.container.common.states.datanode.RunningDatanodeState.lambda$execute$0(RunningDatanodeState.java:149)
	at java.util.concurrent.FutureTask.run(FutureTask.java:266)
	at java.util.concurrent.Executors$RunnableAdapter.call(Executors.java:511)
	at java.util.concurrent.FutureTask.run(FutureTask.java:266)
	at java.util.concurrent.ThreadPoolExecutor.runWorker(ThreadPoolExecutor.java:1149)
	at java.util.concurrent.ThreadPoolExecutor$Worker.run(ThreadPoolExecutor.java:624)
	... 1 more
2022-01-08 13:18:32,806 [Datanode State Machine Daemon Thread] WARN  statemachine.StateContext (StateContext.java:setState(249)) - Ignore disallowed transition from SHUTDOWN to RUNNING
2022-01-08 13:18:32,904 [EndpointStateMachine task thread for /127.0.0.1:12081 - 0 ] INFO  ipc.Client (Client.java:handleConnectionFailure(977)) - Retrying connect to server: localhost/127.0.0.1:12081. Already tried 2 time(s); retry policy is RetryUpToMaximumCountWithFixedSleep(maxRetries=15, sleepTime=1000 MILLISECONDS)
2022-01-08 13:18:32,904 [Datanode State Machine Daemon Thread] ERROR datanode.RunningDatanodeState (RunningDatanodeState.java:computeNextContainerState(199)) - Error in executing end point task.
java.util.concurrent.ExecutionException: java.util.concurrent.TimeoutException
	at java.util.concurrent.FutureTask.report(FutureTask.java:122)
	at java.util.concurrent.FutureTask.get(FutureTask.java:192)
	at org.apache.hadoop.ozone.container.common.states.datanode.RunningDatanodeState.computeNextContainerState(RunningDatanodeState.java:191)
	at org.apache.hadoop.ozone.container.common.states.datanode.RunningDatanodeState.await(RunningDatanodeState.java:231)
	at org.apache.hadoop.ozone.container.common.states.datanode.RunningDatanodeState.await(RunningDatanodeState.java:50)
	at org.apache.hadoop.ozone.container.common.statemachine.StateContext.execute(StateContext.java:633)
	at org.apache.hadoop.ozone.container.common.statemachine.DatanodeStateMachine.start(DatanodeStateMachine.java:280)
	at org.apache.hadoop.ozone.container.common.statemachine.DatanodeStateMachine.lambda$startDaemon$0(DatanodeStateMachine.java:468)
	at java.lang.Thread.run(Thread.java:748)
Caused by: java.util.concurrent.TimeoutException
	at java.util.concurrent.FutureTask.get(FutureTask.java:205)
	at org.apache.hadoop.ozone.container.common.states.datanode.RunningDatanodeState.lambda$execute$0(RunningDatanodeState.java:149)
	at java.util.concurrent.FutureTask.run(FutureTask.java:266)
	at java.util.concurrent.Executors$RunnableAdapter.call(Executors.java:511)
	at java.util.concurrent.FutureTask.run(FutureTask.java:266)
	at java.util.concurrent.ThreadPoolExecutor.runWorker(ThreadPoolExecutor.java:1149)
	at java.util.concurrent.ThreadPoolExecutor$Worker.run(ThreadPoolExecutor.java:624)
	... 1 more
2022-01-08 13:18:33,101 [Datanode State Machine Daemon Thread] ERROR datanode.RunningDatanodeState (RunningDatanodeState.java:computeNextContainerState(199)) - Error in executing end point task.
java.util.concurrent.ExecutionException: java.util.concurrent.TimeoutException
	at java.util.concurrent.FutureTask.report(FutureTask.java:122)
	at java.util.concurrent.FutureTask.get(FutureTask.java:192)
	at org.apache.hadoop.ozone.container.common.states.datanode.RunningDatanodeState.computeNextContainerState(RunningDatanodeState.java:191)
	at org.apache.hadoop.ozone.container.common.states.datanode.RunningDatanodeState.await(RunningDatanodeState.java:231)
	at org.apache.hadoop.ozone.container.common.states.datanode.RunningDatanodeState.await(RunningDatanodeState.java:50)
	at org.apache.hadoop.ozone.container.common.statemachine.StateContext.execute(StateContext.java:633)
	at org.apache.hadoop.ozone.container.common.statemachine.DatanodeStateMachine.start(DatanodeStateMachine.java:280)
	at org.apache.hadoop.ozone.container.common.statemachine.DatanodeStateMachine.lambda$startDaemon$0(DatanodeStateMachine.java:468)
	at java.lang.Thread.run(Thread.java:748)
Caused by: java.util.concurrent.TimeoutException
	at java.util.concurrent.FutureTask.get(FutureTask.java:205)
	at org.apache.hadoop.ozone.container.common.states.datanode.RunningDatanodeState.lambda$execute$0(RunningDatanodeState.java:149)
	at java.util.concurrent.FutureTask.run(FutureTask.java:266)
	at java.util.concurrent.Executors$RunnableAdapter.call(Executors.java:511)
	at java.util.concurrent.FutureTask.run(FutureTask.java:266)
	at java.util.concurrent.ThreadPoolExecutor.runWorker(ThreadPoolExecutor.java:1149)
	at java.util.concurrent.ThreadPoolExecutor$Worker.run(ThreadPoolExecutor.java:624)
	... 1 more
2022-01-08 13:18:33,103 [Datanode State Machine Daemon Thread] WARN  statemachine.StateContext (StateContext.java:setState(249)) - Ignore disallowed transition from SHUTDOWN to RUNNING
2022-01-08 13:18:33,202 [EndpointStateMachine task thread for /127.0.0.1:12101 - 0 ] INFO  ipc.Client (Client.java:handleConnectionFailure(977)) - Retrying connect to server: localhost/127.0.0.1:12101. Already tried 3 time(s); retry policy is RetryUpToMaximumCountWithFixedSleep(maxRetries=15, sleepTime=1000 MILLISECONDS)
2022-01-08 13:18:33,585 [EndpointStateMachine task thread for /127.0.0.1:15227 - 0 ] INFO  ipc.Client (Client.java:handleConnectionFailure(977)) - Retrying connect to server: localhost/127.0.0.1:15227. Already tried 14 time(s); retry policy is RetryUpToMaximumCountWithFixedSleep(maxRetries=15, sleepTime=1000 MILLISECONDS)
2022-01-08 13:18:33,592 [EndpointStateMachine task thread for /127.0.0.1:15217 - 0 ] INFO  ipc.Client (Client.java:handleConnectionFailure(977)) - Retrying connect to server: localhost/127.0.0.1:15217. Already tried 2 time(s); retry policy is RetryUpToMaximumCountWithFixedSleep(maxRetries=15, sleepTime=1000 MILLISECONDS)
2022-01-08 13:18:33,629 [EndpointStateMachine task thread for /127.0.0.1:15237 - 0 ] INFO  ipc.Client (Client.java:handleConnectionFailure(977)) - Retrying connect to server: localhost/127.0.0.1:15237. Already tried 14 time(s); retry policy is RetryUpToMaximumCountWithFixedSleep(maxRetries=15, sleepTime=1000 MILLISECONDS)
2022-01-08 13:18:33,904 [EndpointStateMachine task thread for /127.0.0.1:12081 - 0 ] INFO  ipc.Client (Client.java:handleConnectionFailure(977)) - Retrying connect to server: localhost/127.0.0.1:12081. Already tried 3 time(s); retry policy is RetryUpToMaximumCountWithFixedSleep(maxRetries=15, sleepTime=1000 MILLISECONDS)
2022-01-08 13:18:33,906 [EndpointStateMachine task thread for /127.0.0.1:12091 - 0 ] INFO  ipc.Client (Client.java:handleConnectionFailure(977)) - Retrying connect to server: localhost/127.0.0.1:12091. Already tried 0 time(s); retry policy is RetryUpToMaximumCountWithFixedSleep(maxRetries=15, sleepTime=1000 MILLISECONDS)
2022-01-08 13:18:34,202 [EndpointStateMachine task thread for /127.0.0.1:12101 - 0 ] INFO  ipc.Client (Client.java:handleConnectionFailure(977)) - Retrying connect to server: localhost/127.0.0.1:12101. Already tried 4 time(s); retry policy is RetryUpToMaximumCountWithFixedSleep(maxRetries=15, sleepTime=1000 MILLISECONDS)
2022-01-08 13:18:34,204 [f4bd9712-e444-41ba-bddc-dab6ab48249e@group-CE302EA33CC7-FollowerState] INFO  impl.FollowerState (FollowerState.java:run(134)) - f4bd9712-e444-41ba-bddc-dab6ab48249e@group-CE302EA33CC7-FollowerState: change to CANDIDATE, lastRpcElapsedTime:5107821499ns, electionTimeout:5107ms
2022-01-08 13:18:34,204 [f4bd9712-e444-41ba-bddc-dab6ab48249e@group-CE302EA33CC7-FollowerState] INFO  impl.RoleInfo (RoleInfo.java:shutdownFollowerState(108)) - f4bd9712-e444-41ba-bddc-dab6ab48249e: shutdown f4bd9712-e444-41ba-bddc-dab6ab48249e@group-CE302EA33CC7-FollowerState
2022-01-08 13:18:34,204 [f4bd9712-e444-41ba-bddc-dab6ab48249e@group-CE302EA33CC7-FollowerState] INFO  server.RaftServer$Division (RaftServerImpl.java:setRole(290)) - f4bd9712-e444-41ba-bddc-dab6ab48249e@group-CE302EA33CC7: changes role from  FOLLOWER to CANDIDATE at term 2 for changeToCandidate
2022-01-08 13:18:34,204 [f4bd9712-e444-41ba-bddc-dab6ab48249e@group-CE302EA33CC7-FollowerState] INFO  server.RaftServerConfigKeys (ConfUtils.java:logGet(44)) - raft.server.leaderelection.pre-vote = false (custom)
2022-01-08 13:18:34,204 [f4bd9712-e444-41ba-bddc-dab6ab48249e@group-CE302EA33CC7-FollowerState] INFO  impl.RoleInfo (RoleInfo.java:updateAndGet(130)) - f4bd9712-e444-41ba-bddc-dab6ab48249e: start f4bd9712-e444-41ba-bddc-dab6ab48249e@group-CE302EA33CC7-LeaderElection29
2022-01-08 13:18:34,218 [f4bd9712-e444-41ba-bddc-dab6ab48249e@group-CE302EA33CC7-LeaderElection29] INFO  impl.LeaderElection (LeaderElection.java:askForVotes(306)) - f4bd9712-e444-41ba-bddc-dab6ab48249e@group-CE302EA33CC7-LeaderElection29 ELECTION round 0: submit vote requests at term 3 for -1: [c0322a57-4f2b-423f-b02f-0677e9b7408d|rpc:127.0.0.1:43283|dataStream:|priority:0, f4bd9712-e444-41ba-bddc-dab6ab48249e|rpc:127.0.0.1:34435|dataStream:|priority:1, 737545ee-dc45-4e08-9429-983c1d4f2632|rpc:127.0.0.1:46773|dataStream:|priority:0], old=null
2022-01-08 13:18:34,221 [737545ee-dc45-4e08-9429-983c1d4f2632@group-CE302EA33CC7-FollowerState] INFO  impl.FollowerState (FollowerState.java:run(134)) - 737545ee-dc45-4e08-9429-983c1d4f2632@group-CE302EA33CC7-FollowerState: change to CANDIDATE, lastRpcElapsedTime:5113549210ns, electionTimeout:5088ms
2022-01-08 13:18:34,221 [737545ee-dc45-4e08-9429-983c1d4f2632@group-CE302EA33CC7-FollowerState] INFO  impl.RoleInfo (RoleInfo.java:shutdownFollowerState(108)) - 737545ee-dc45-4e08-9429-983c1d4f2632: shutdown 737545ee-dc45-4e08-9429-983c1d4f2632@group-CE302EA33CC7-FollowerState
2022-01-08 13:18:34,221 [737545ee-dc45-4e08-9429-983c1d4f2632@group-CE302EA33CC7-FollowerState] INFO  server.RaftServer$Division (RaftServerImpl.java:setRole(290)) - 737545ee-dc45-4e08-9429-983c1d4f2632@group-CE302EA33CC7: changes role from  FOLLOWER to CANDIDATE at term 2 for changeToCandidate
2022-01-08 13:18:34,235 [737545ee-dc45-4e08-9429-983c1d4f2632@group-CE302EA33CC7-FollowerState] INFO  server.RaftServerConfigKeys (ConfUtils.java:logGet(44)) - raft.server.leaderelection.pre-vote = false (custom)
2022-01-08 13:18:34,236 [737545ee-dc45-4e08-9429-983c1d4f2632@group-CE302EA33CC7-FollowerState] INFO  impl.RoleInfo (RoleInfo.java:updateAndGet(130)) - 737545ee-dc45-4e08-9429-983c1d4f2632: start 737545ee-dc45-4e08-9429-983c1d4f2632@group-CE302EA33CC7-LeaderElection30
2022-01-08 13:18:34,244 [grpc-default-executor-2] INFO  server.RaftServer$Division (RaftServerImpl.java:requestVote(1046)) - 737545ee-dc45-4e08-9429-983c1d4f2632@group-CE302EA33CC7: receive requestVote(ELECTION, f4bd9712-e444-41ba-bddc-dab6ab48249e, group-CE302EA33CC7, 3, (t:0, i:0))
2022-01-08 13:18:34,245 [grpc-default-executor-0] INFO  server.RaftServer$Division (RaftServerImpl.java:requestVote(1046)) - c0322a57-4f2b-423f-b02f-0677e9b7408d@group-CE302EA33CC7: receive requestVote(ELECTION, f4bd9712-e444-41ba-bddc-dab6ab48249e, group-CE302EA33CC7, 3, (t:0, i:0))
2022-01-08 13:18:34,245 [grpc-default-executor-0] INFO  impl.VoteContext (VoteContext.java:log(48)) - c0322a57-4f2b-423f-b02f-0677e9b7408d@group-CE302EA33CC7-FOLLOWER: accept ELECTION from f4bd9712-e444-41ba-bddc-dab6ab48249e: our priority 0 <= candidate's priority 1
2022-01-08 13:18:34,245 [grpc-default-executor-0] INFO  server.RaftServer$Division (RaftServerImpl.java:setRole(290)) - c0322a57-4f2b-423f-b02f-0677e9b7408d@group-CE302EA33CC7: changes role from  FOLLOWER to FOLLOWER at term 3 for candidate:f4bd9712-e444-41ba-bddc-dab6ab48249e
2022-01-08 13:18:34,245 [grpc-default-executor-0] INFO  impl.RoleInfo (RoleInfo.java:shutdownFollowerState(108)) - c0322a57-4f2b-423f-b02f-0677e9b7408d: shutdown c0322a57-4f2b-423f-b02f-0677e9b7408d@group-CE302EA33CC7-FollowerState
2022-01-08 13:18:34,245 [grpc-default-executor-0] INFO  impl.RoleInfo (RoleInfo.java:updateAndGet(130)) - c0322a57-4f2b-423f-b02f-0677e9b7408d: start c0322a57-4f2b-423f-b02f-0677e9b7408d@group-CE302EA33CC7-FollowerState
2022-01-08 13:18:34,245 [c0322a57-4f2b-423f-b02f-0677e9b7408d@group-CE302EA33CC7-FollowerState] INFO  impl.FollowerState (FollowerState.java:run(143)) - c0322a57-4f2b-423f-b02f-0677e9b7408d@group-CE302EA33CC7-FollowerState was interrupted: {}
java.lang.InterruptedException: sleep interrupted
	at java.lang.Thread.sleep(Native Method)
	at java.lang.Thread.sleep(Thread.java:340)
	at java.util.concurrent.TimeUnit.sleep(TimeUnit.java:386)
	at org.apache.ratis.util.TimeDuration.sleep(TimeDuration.java:324)
	at org.apache.ratis.util.TimeDuration.sleep(TimeDuration.java:309)
	at org.apache.ratis.server.impl.FollowerState.run(FollowerState.java:118)
2022-01-08 13:18:34,247 [grpc-default-executor-0] INFO  server.RaftServer$Division (RaftServerImpl.java:requestVote(1078)) - c0322a57-4f2b-423f-b02f-0677e9b7408d@group-CE302EA33CC7 replies to ELECTION vote request: f4bd9712-e444-41ba-bddc-dab6ab48249e<-c0322a57-4f2b-423f-b02f-0677e9b7408d#0:OK-t3. Peer's state: c0322a57-4f2b-423f-b02f-0677e9b7408d@group-CE302EA33CC7:t3, leader=null, voted=f4bd9712-e444-41ba-bddc-dab6ab48249e, raftlog=c0322a57-4f2b-423f-b02f-0677e9b7408d@group-CE302EA33CC7-SegmentedRaftLog:OPENED:c-1, conf=-1: [c0322a57-4f2b-423f-b02f-0677e9b7408d|rpc:127.0.0.1:43283|dataStream:|priority:0, f4bd9712-e444-41ba-bddc-dab6ab48249e|rpc:127.0.0.1:34435|dataStream:|priority:1, 737545ee-dc45-4e08-9429-983c1d4f2632|rpc:127.0.0.1:46773|dataStream:|priority:0], old=null
2022-01-08 13:18:34,250 [grpc-default-executor-2] INFO  impl.VoteContext (VoteContext.java:log(48)) - 737545ee-dc45-4e08-9429-983c1d4f2632@group-CE302EA33CC7-CANDIDATE: reject ELECTION from f4bd9712-e444-41ba-bddc-dab6ab48249e: already has voted for 737545ee-dc45-4e08-9429-983c1d4f2632 at current term 3
2022-01-08 13:18:34,250 [grpc-default-executor-2] INFO  server.RaftServer$Division (RaftServerImpl.java:requestVote(1078)) - 737545ee-dc45-4e08-9429-983c1d4f2632@group-CE302EA33CC7 replies to ELECTION vote request: f4bd9712-e444-41ba-bddc-dab6ab48249e<-737545ee-dc45-4e08-9429-983c1d4f2632#0:FAIL-t3. Peer's state: 737545ee-dc45-4e08-9429-983c1d4f2632@group-CE302EA33CC7:t3, leader=null, voted=737545ee-dc45-4e08-9429-983c1d4f2632, raftlog=737545ee-dc45-4e08-9429-983c1d4f2632@group-CE302EA33CC7-SegmentedRaftLog:OPENED:c-1, conf=-1: [c0322a57-4f2b-423f-b02f-0677e9b7408d|rpc:127.0.0.1:43283|priority:0, f4bd9712-e444-41ba-bddc-dab6ab48249e|rpc:127.0.0.1:34435|priority:1, 737545ee-dc45-4e08-9429-983c1d4f2632|rpc:127.0.0.1:46773|priority:0], old=null
2022-01-08 13:18:34,250 [737545ee-dc45-4e08-9429-983c1d4f2632@group-CE302EA33CC7-LeaderElection30] INFO  impl.LeaderElection (LeaderElection.java:askForVotes(306)) - 737545ee-dc45-4e08-9429-983c1d4f2632@group-CE302EA33CC7-LeaderElection30 ELECTION round 0: submit vote requests at term 3 for -1: [c0322a57-4f2b-423f-b02f-0677e9b7408d|rpc:127.0.0.1:43283|priority:0, f4bd9712-e444-41ba-bddc-dab6ab48249e|rpc:127.0.0.1:34435|priority:1, 737545ee-dc45-4e08-9429-983c1d4f2632|rpc:127.0.0.1:46773|priority:0], old=null
2022-01-08 13:18:34,258 [f4bd9712-e444-41ba-bddc-dab6ab48249e@group-CE302EA33CC7-LeaderElection29] INFO  impl.LeaderElection (LeaderElection.java:logAndReturn(89)) - f4bd9712-e444-41ba-bddc-dab6ab48249e@group-CE302EA33CC7-LeaderElection29: ELECTION PASSED received 1 response(s) and 0 exception(s):
2022-01-08 13:18:34,258 [f4bd9712-e444-41ba-bddc-dab6ab48249e@group-CE302EA33CC7-LeaderElection29] INFO  impl.LeaderElection (LeaderElection.java:logAndReturn(93)) -   Response 0: f4bd9712-e444-41ba-bddc-dab6ab48249e<-c0322a57-4f2b-423f-b02f-0677e9b7408d#0:OK-t3
2022-01-08 13:18:34,258 [f4bd9712-e444-41ba-bddc-dab6ab48249e@group-CE302EA33CC7-LeaderElection29] INFO  impl.LeaderElection (LeaderElection.java:askForVotes(308)) - f4bd9712-e444-41ba-bddc-dab6ab48249e@group-CE302EA33CC7-LeaderElection29 ELECTION round 0: result PASSED
2022-01-08 13:18:34,258 [f4bd9712-e444-41ba-bddc-dab6ab48249e@group-CE302EA33CC7-LeaderElection29] INFO  impl.RoleInfo (RoleInfo.java:shutdownLeaderElection(121)) - f4bd9712-e444-41ba-bddc-dab6ab48249e: shutdown f4bd9712-e444-41ba-bddc-dab6ab48249e@group-CE302EA33CC7-LeaderElection29
2022-01-08 13:18:34,259 [f4bd9712-e444-41ba-bddc-dab6ab48249e@group-CE302EA33CC7-LeaderElection29] INFO  server.RaftServer$Division (RaftServerImpl.java:setRole(290)) - f4bd9712-e444-41ba-bddc-dab6ab48249e@group-CE302EA33CC7: changes role from CANDIDATE to LEADER at term 3 for changeToLeader
2022-01-08 13:18:34,259 [f4bd9712-e444-41ba-bddc-dab6ab48249e@group-CE302EA33CC7-LeaderElection29] INFO  ratis.XceiverServerRatis (XceiverServerRatis.java:handleLeaderChangedNotification(866)) - Leader change notification received for group: group-CE302EA33CC7 with new leaderId: f4bd9712-e444-41ba-bddc-dab6ab48249e
2022-01-08 13:18:34,259 [f4bd9712-e444-41ba-bddc-dab6ab48249e@group-CE302EA33CC7-LeaderElection29] INFO  server.RaftServer$Division (ServerState.java:setLeader(285)) - f4bd9712-e444-41ba-bddc-dab6ab48249e@group-CE302EA33CC7: change Leader from null to f4bd9712-e444-41ba-bddc-dab6ab48249e at term 3 for becomeLeader, leader elected after 15420ms
2022-01-08 13:18:34,259 [f4bd9712-e444-41ba-bddc-dab6ab48249e@group-CE302EA33CC7-LeaderElection29] INFO  server.RaftServerConfigKeys (ConfUtils.java:logGet(44)) - raft.server.staging.catchup.gap = 1000 (default)
2022-01-08 13:18:34,263 [f4bd9712-e444-41ba-bddc-dab6ab48249e@group-CE302EA33CC7-LeaderElection29] INFO  server.RaftServerConfigKeys (ConfUtils.java:logGet(44)) - raft.server.write.element-limit = 1024 (custom)
2022-01-08 13:18:34,263 [f4bd9712-e444-41ba-bddc-dab6ab48249e@group-CE302EA33CC7-LeaderElection29] INFO  server.RaftServerConfigKeys (ConfUtils.java:logGet(44)) - raft.server.write.byte-limit = 1024 M (=1073741824) (custom)
2022-01-08 13:18:34,263 [f4bd9712-e444-41ba-bddc-dab6ab48249e@group-CE302EA33CC7-LeaderElection29] INFO  server.RaftServerConfigKeys (ConfUtils.java:logGet(44)) - raft.server.watch.timeout = 180s (custom)
2022-01-08 13:18:34,263 [f4bd9712-e444-41ba-bddc-dab6ab48249e@group-CE302EA33CC7-LeaderElection29] INFO  server.RaftServerConfigKeys (ConfUtils.java:logGet(44)) - raft.server.watch.timeout.denomination = 1s (default)
2022-01-08 13:18:34,263 [f4bd9712-e444-41ba-bddc-dab6ab48249e@group-CE302EA33CC7-LeaderElection29] INFO  server.RaftServerConfigKeys (ConfUtils.java:logGet(44)) - raft.server.watch.element-limit = 65536 (default)
2022-01-08 13:18:34,263 [f4bd9712-e444-41ba-bddc-dab6ab48249e@group-CE302EA33CC7-LeaderElection29] INFO  server.RaftServerConfigKeys (ConfUtils.java:logGet(44)) - raft.server.write.element-limit = 1024 (custom)
2022-01-08 13:18:34,263 [f4bd9712-e444-41ba-bddc-dab6ab48249e@group-CE302EA33CC7-LeaderElection29] INFO  server.RaftServerConfigKeys (ConfUtils.java:logGet(44)) - raft.server.write.follower.gap.ratio.max = -1.0 (default)
2022-01-08 13:18:34,264 [f4bd9712-e444-41ba-bddc-dab6ab48249e@group-CE302EA33CC7-LeaderElection29] INFO  server.RaftServerConfigKeys (ConfUtils.java:logGet(44)) - raft.server.log.appender.snapshot.chunk.size.max = 16MB (=16777216) (default)
2022-01-08 13:18:34,264 [f4bd9712-e444-41ba-bddc-dab6ab48249e@group-CE302EA33CC7-LeaderElection29] INFO  server.RaftServerConfigKeys (ConfUtils.java:logGet(44)) - raft.server.log.appender.buffer.byte-limit = 33554432 (custom)
2022-01-08 13:18:34,264 [f4bd9712-e444-41ba-bddc-dab6ab48249e@group-CE302EA33CC7-LeaderElection29] INFO  server.RaftServerConfigKeys (ConfUtils.java:logGet(44)) - raft.server.log.appender.buffer.element-limit = 1 (custom)
2022-01-08 13:18:34,264 [f4bd9712-e444-41ba-bddc-dab6ab48249e@group-CE302EA33CC7-LeaderElection29] INFO  grpc.GrpcConfigKeys (ConfUtils.java:logGet(44)) - raft.grpc.server.leader.outstanding.appends.max = 128 (default)
2022-01-08 13:18:34,264 [f4bd9712-e444-41ba-bddc-dab6ab48249e@group-CE302EA33CC7-LeaderElection29] INFO  server.RaftServerConfigKeys (ConfUtils.java:logGet(44)) - raft.server.rpc.request.timeout = 60s (custom)
2022-01-08 13:18:34,264 [f4bd9712-e444-41ba-bddc-dab6ab48249e@group-CE302EA33CC7-LeaderElection29] INFO  server.RaftServerConfigKeys (ConfUtils.java:logGet(44)) - raft.server.log.appender.install.snapshot.enabled = false (custom)
2022-01-08 13:18:34,267 [f4bd9712-e444-41ba-bddc-dab6ab48249e@group-CE302EA33CC7-LeaderElection29] INFO  server.RaftServerConfigKeys (ConfUtils.java:logGet(44)) - raft.server.log.appender.snapshot.chunk.size.max = 16MB (=16777216) (default)
2022-01-08 13:18:34,267 [grpc-default-executor-2] INFO  server.RaftServer$Division (RaftServerImpl.java:requestVote(1046)) - f4bd9712-e444-41ba-bddc-dab6ab48249e@group-CE302EA33CC7: receive requestVote(ELECTION, 737545ee-dc45-4e08-9429-983c1d4f2632, group-CE302EA33CC7, 3, (t:0, i:0))
2022-01-08 13:18:34,267 [f4bd9712-e444-41ba-bddc-dab6ab48249e@group-CE302EA33CC7-LeaderElection29] INFO  server.RaftServerConfigKeys (ConfUtils.java:logGet(44)) - raft.server.log.appender.buffer.byte-limit = 33554432 (custom)
2022-01-08 13:18:34,268 [f4bd9712-e444-41ba-bddc-dab6ab48249e@group-CE302EA33CC7-LeaderElection29] INFO  server.RaftServerConfigKeys (ConfUtils.java:logGet(44)) - raft.server.log.appender.buffer.element-limit = 1 (custom)
2022-01-08 13:18:34,268 [f4bd9712-e444-41ba-bddc-dab6ab48249e@group-CE302EA33CC7-LeaderElection29] INFO  grpc.GrpcConfigKeys (ConfUtils.java:logGet(44)) - raft.grpc.server.leader.outstanding.appends.max = 128 (default)
2022-01-08 13:18:34,269 [f4bd9712-e444-41ba-bddc-dab6ab48249e@group-CE302EA33CC7-LeaderElection29] INFO  server.RaftServerConfigKeys (ConfUtils.java:logGet(44)) - raft.server.rpc.request.timeout = 60s (custom)
2022-01-08 13:18:34,269 [f4bd9712-e444-41ba-bddc-dab6ab48249e@group-CE302EA33CC7-LeaderElection29] INFO  server.RaftServerConfigKeys (ConfUtils.java:logGet(44)) - raft.server.log.appender.install.snapshot.enabled = false (custom)
2022-01-08 13:18:34,270 [f4bd9712-e444-41ba-bddc-dab6ab48249e@group-CE302EA33CC7-LeaderElection29] INFO  impl.RoleInfo (RoleInfo.java:updateAndGet(130)) - f4bd9712-e444-41ba-bddc-dab6ab48249e: start f4bd9712-e444-41ba-bddc-dab6ab48249e@group-CE302EA33CC7-LeaderStateImpl
2022-01-08 13:18:34,270 [f4bd9712-e444-41ba-bddc-dab6ab48249e@group-CE302EA33CC7-LeaderElection29] INFO  segmented.SegmentedRaftLogWorker (SegmentedRaftLogWorker.java:startLogSegment(394)) - f4bd9712-e444-41ba-bddc-dab6ab48249e@group-CE302EA33CC7-SegmentedRaftLogWorker: Starting segment from index:0
2022-01-08 13:18:34,272 [f4bd9712-e444-41ba-bddc-dab6ab48249e@group-CE302EA33CC7-SegmentedRaftLogWorker] INFO  segmented.SegmentedRaftLogWorker (SegmentedRaftLogWorker.java:execute(601)) - f4bd9712-e444-41ba-bddc-dab6ab48249e@group-CE302EA33CC7-SegmentedRaftLogWorker: created new log segment /home/runner/work/ozone/ozone/hadoop-ozone/integration-test/target/test-dir/MiniOzoneClusterImpl-96dde82e-0bdc-4c97-ae5c-ef816938392d/datanode-1/data/ratis/f9f2e218-2216-472b-9998-ce302ea33cc7/current/log_inprogress_0
2022-01-08 13:18:34,282 [grpc-default-executor-1] INFO  server.RaftServer$Division (RaftServerImpl.java:setRole(290)) - 737545ee-dc45-4e08-9429-983c1d4f2632@group-CE302EA33CC7: changes role from CANDIDATE to FOLLOWER at term 3 for appendEntries
2022-01-08 13:18:34,282 [grpc-default-executor-1] INFO  impl.RoleInfo (RoleInfo.java:shutdownLeaderElection(121)) - 737545ee-dc45-4e08-9429-983c1d4f2632: shutdown 737545ee-dc45-4e08-9429-983c1d4f2632@group-CE302EA33CC7-LeaderElection30
2022-01-08 13:18:34,283 [f4bd9712-e444-41ba-bddc-dab6ab48249e@group-CE302EA33CC7-LeaderElection29] INFO  server.RaftServer$Division (ServerState.java:setRaftConf(387)) - f4bd9712-e444-41ba-bddc-dab6ab48249e@group-CE302EA33CC7: set configuration 0: [c0322a57-4f2b-423f-b02f-0677e9b7408d|rpc:127.0.0.1:43283|dataStream:|priority:0, f4bd9712-e444-41ba-bddc-dab6ab48249e|rpc:127.0.0.1:34435|dataStream:|priority:1, 737545ee-dc45-4e08-9429-983c1d4f2632|rpc:127.0.0.1:46773|dataStream:|priority:0], old=null
2022-01-08 13:18:34,287 [grpc-default-executor-0] INFO  server.RaftServer$Division (RaftServerImpl.java:requestVote(1046)) - c0322a57-4f2b-423f-b02f-0677e9b7408d@group-CE302EA33CC7: receive requestVote(ELECTION, 737545ee-dc45-4e08-9429-983c1d4f2632, group-CE302EA33CC7, 3, (t:0, i:0))
2022-01-08 13:18:34,287 [grpc-default-executor-0] INFO  impl.VoteContext (VoteContext.java:log(48)) - c0322a57-4f2b-423f-b02f-0677e9b7408d@group-CE302EA33CC7-FOLLOWER: reject ELECTION from 737545ee-dc45-4e08-9429-983c1d4f2632: already has voted for f4bd9712-e444-41ba-bddc-dab6ab48249e at current term 3
2022-01-08 13:18:34,287 [grpc-default-executor-0] INFO  server.RaftServer$Division (RaftServerImpl.java:requestVote(1078)) - c0322a57-4f2b-423f-b02f-0677e9b7408d@group-CE302EA33CC7 replies to ELECTION vote request: 737545ee-dc45-4e08-9429-983c1d4f2632<-c0322a57-4f2b-423f-b02f-0677e9b7408d#0:FAIL-t3. Peer's state: c0322a57-4f2b-423f-b02f-0677e9b7408d@group-CE302EA33CC7:t3, leader=null, voted=f4bd9712-e444-41ba-bddc-dab6ab48249e, raftlog=c0322a57-4f2b-423f-b02f-0677e9b7408d@group-CE302EA33CC7-SegmentedRaftLog:OPENED:c-1, conf=-1: [c0322a57-4f2b-423f-b02f-0677e9b7408d|rpc:127.0.0.1:43283|dataStream:|priority:0, f4bd9712-e444-41ba-bddc-dab6ab48249e|rpc:127.0.0.1:34435|dataStream:|priority:1, 737545ee-dc45-4e08-9429-983c1d4f2632|rpc:127.0.0.1:46773|dataStream:|priority:0], old=null
2022-01-08 13:18:34,288 [737545ee-dc45-4e08-9429-983c1d4f2632@group-CE302EA33CC7-LeaderElection30] INFO  impl.LeaderElection (LeaderElection.java:logAndReturn(89)) - 737545ee-dc45-4e08-9429-983c1d4f2632@group-CE302EA33CC7-LeaderElection30: ELECTION REJECTED received 1 response(s) and 0 exception(s):
2022-01-08 13:18:34,288 [737545ee-dc45-4e08-9429-983c1d4f2632@group-CE302EA33CC7-LeaderElection30] INFO  impl.LeaderElection (LeaderElection.java:logAndReturn(93)) -   Response 0: 737545ee-dc45-4e08-9429-983c1d4f2632<-c0322a57-4f2b-423f-b02f-0677e9b7408d#0:FAIL-t3
2022-01-08 13:18:34,288 [737545ee-dc45-4e08-9429-983c1d4f2632@group-CE302EA33CC7-LeaderElection30] INFO  impl.LeaderElection (LeaderElection.java:askForVotes(308)) - 737545ee-dc45-4e08-9429-983c1d4f2632@group-CE302EA33CC7-LeaderElection30 ELECTION round 0: result REJECTED
2022-01-08 13:18:34,291 [grpc-default-executor-2] INFO  impl.VoteContext (VoteContext.java:log(48)) - f4bd9712-e444-41ba-bddc-dab6ab48249e@group-CE302EA33CC7-LEADER: reject ELECTION from 737545ee-dc45-4e08-9429-983c1d4f2632: already has voted for f4bd9712-e444-41ba-bddc-dab6ab48249e at current term 3
2022-01-08 13:18:34,291 [grpc-default-executor-2] INFO  server.RaftServer$Division (RaftServerImpl.java:requestVote(1078)) - f4bd9712-e444-41ba-bddc-dab6ab48249e@group-CE302EA33CC7 replies to ELECTION vote request: 737545ee-dc45-4e08-9429-983c1d4f2632<-f4bd9712-e444-41ba-bddc-dab6ab48249e#0:FAIL-t3. Peer's state: f4bd9712-e444-41ba-bddc-dab6ab48249e@group-CE302EA33CC7:t3, leader=f4bd9712-e444-41ba-bddc-dab6ab48249e, voted=f4bd9712-e444-41ba-bddc-dab6ab48249e, raftlog=f4bd9712-e444-41ba-bddc-dab6ab48249e@group-CE302EA33CC7-SegmentedRaftLog:OPENED:c0, conf=0: [c0322a57-4f2b-423f-b02f-0677e9b7408d|rpc:127.0.0.1:43283|dataStream:|priority:0, f4bd9712-e444-41ba-bddc-dab6ab48249e|rpc:127.0.0.1:34435|dataStream:|priority:1, 737545ee-dc45-4e08-9429-983c1d4f2632|rpc:127.0.0.1:46773|dataStream:|priority:0], old=null
2022-01-08 13:18:34,291 [grpc-default-executor-1] INFO  impl.RoleInfo (RoleInfo.java:updateAndGet(130)) - 737545ee-dc45-4e08-9429-983c1d4f2632: start 737545ee-dc45-4e08-9429-983c1d4f2632@group-CE302EA33CC7-FollowerState
2022-01-08 13:18:34,297 [grpc-default-executor-0] INFO  ratis.XceiverServerRatis (XceiverServerRatis.java:handleLeaderChangedNotification(866)) - Leader change notification received for group: group-CE302EA33CC7 with new leaderId: f4bd9712-e444-41ba-bddc-dab6ab48249e
2022-01-08 13:18:34,297 [grpc-default-executor-0] INFO  server.RaftServer$Division (ServerState.java:setLeader(285)) - c0322a57-4f2b-423f-b02f-0677e9b7408d@group-CE302EA33CC7: change Leader from null to f4bd9712-e444-41ba-bddc-dab6ab48249e at term 3 for appendEntries, leader elected after 15323ms
2022-01-08 13:18:34,299 [grpc-default-executor-1] INFO  ratis.XceiverServerRatis (XceiverServerRatis.java:handleLeaderChangedNotification(866)) - Leader change notification received for group: group-CE302EA33CC7 with new leaderId: f4bd9712-e444-41ba-bddc-dab6ab48249e
2022-01-08 13:18:34,299 [grpc-default-executor-1] INFO  server.RaftServer$Division (ServerState.java:setLeader(285)) - 737545ee-dc45-4e08-9429-983c1d4f2632@group-CE302EA33CC7: change Leader from null to f4bd9712-e444-41ba-bddc-dab6ab48249e at term 3 for appendEntries, leader elected after 15515ms
2022-01-08 13:18:34,300 [grpc-default-executor-0] INFO  server.RaftServer$Division (ServerState.java:setRaftConf(387)) - c0322a57-4f2b-423f-b02f-0677e9b7408d@group-CE302EA33CC7: set configuration 0: [c0322a57-4f2b-423f-b02f-0677e9b7408d|rpc:127.0.0.1:43283|dataStream:|priority:0, f4bd9712-e444-41ba-bddc-dab6ab48249e|rpc:127.0.0.1:34435|dataStream:|priority:1, 737545ee-dc45-4e08-9429-983c1d4f2632|rpc:127.0.0.1:46773|dataStream:|priority:0], old=null
2022-01-08 13:18:34,300 [grpc-default-executor-0] INFO  segmented.SegmentedRaftLogWorker (SegmentedRaftLogWorker.java:startLogSegment(394)) - c0322a57-4f2b-423f-b02f-0677e9b7408d@group-CE302EA33CC7-SegmentedRaftLogWorker: Starting segment from index:0
2022-01-08 13:18:34,310 [c0322a57-4f2b-423f-b02f-0677e9b7408d@group-CE302EA33CC7-SegmentedRaftLogWorker] INFO  segmented.SegmentedRaftLogWorker (SegmentedRaftLogWorker.java:execute(601)) - c0322a57-4f2b-423f-b02f-0677e9b7408d@group-CE302EA33CC7-SegmentedRaftLogWorker: created new log segment /home/runner/work/ozone/ozone/hadoop-ozone/integration-test/target/test-dir/MiniOzoneClusterImpl-96dde82e-0bdc-4c97-ae5c-ef816938392d/datanode-2/data/ratis/f9f2e218-2216-472b-9998-ce302ea33cc7/current/log_inprogress_0
2022-01-08 13:18:34,312 [grpc-default-executor-0] INFO  server.RaftServer$Division (ServerState.java:setRaftConf(387)) - 737545ee-dc45-4e08-9429-983c1d4f2632@group-CE302EA33CC7: set configuration 0: [c0322a57-4f2b-423f-b02f-0677e9b7408d|rpc:127.0.0.1:43283|dataStream:|priority:0, f4bd9712-e444-41ba-bddc-dab6ab48249e|rpc:127.0.0.1:34435|dataStream:|priority:1, 737545ee-dc45-4e08-9429-983c1d4f2632|rpc:127.0.0.1:46773|dataStream:|priority:0], old=null
2022-01-08 13:18:34,312 [grpc-default-executor-0] INFO  segmented.SegmentedRaftLogWorker (SegmentedRaftLogWorker.java:startLogSegment(394)) - 737545ee-dc45-4e08-9429-983c1d4f2632@group-CE302EA33CC7-SegmentedRaftLogWorker: Starting segment from index:0
2022-01-08 13:18:34,323 [737545ee-dc45-4e08-9429-983c1d4f2632@group-CE302EA33CC7-SegmentedRaftLogWorker] INFO  segmented.SegmentedRaftLogWorker (SegmentedRaftLogWorker.java:execute(601)) - 737545ee-dc45-4e08-9429-983c1d4f2632@group-CE302EA33CC7-SegmentedRaftLogWorker: created new log segment /home/runner/work/ozone/ozone/hadoop-ozone/integration-test/target/test-dir/MiniOzoneClusterImpl-96dde82e-0bdc-4c97-ae5c-ef816938392d/datanode-0/data/ratis/f9f2e218-2216-472b-9998-ce302ea33cc7/current/log_inprogress_0
2022-01-08 13:18:34,586 [EndpointStateMachine task thread for /127.0.0.1:15227 - 0 ] INFO  ipc.Client (Client.java:handleConnectionFailure(977)) - Retrying connect to server: localhost/127.0.0.1:15227. Already tried 0 time(s); retry policy is RetryUpToMaximumCountWithFixedSleep(maxRetries=15, sleepTime=1000 MILLISECONDS)
2022-01-08 13:18:34,593 [EndpointStateMachine task thread for /127.0.0.1:15217 - 0 ] INFO  ipc.Client (Client.java:handleConnectionFailure(977)) - Retrying connect to server: localhost/127.0.0.1:15217. Already tried 3 time(s); retry policy is RetryUpToMaximumCountWithFixedSleep(maxRetries=15, sleepTime=1000 MILLISECONDS)
2022-01-08 13:18:34,630 [EndpointStateMachine task thread for /127.0.0.1:15237 - 0 ] INFO  ipc.Client (Client.java:handleConnectionFailure(977)) - Retrying connect to server: localhost/127.0.0.1:15237. Already tried 0 time(s); retry policy is RetryUpToMaximumCountWithFixedSleep(maxRetries=15, sleepTime=1000 MILLISECONDS)
2022-01-08 13:18:34,905 [EndpointStateMachine task thread for /127.0.0.1:12081 - 0 ] INFO  ipc.Client (Client.java:handleConnectionFailure(977)) - Retrying connect to server: localhost/127.0.0.1:12081. Already tried 4 time(s); retry policy is RetryUpToMaximumCountWithFixedSleep(maxRetries=15, sleepTime=1000 MILLISECONDS)
2022-01-08 13:18:34,907 [EndpointStateMachine task thread for /127.0.0.1:12091 - 0 ] INFO  ipc.Client (Client.java:handleConnectionFailure(977)) - Retrying connect to server: localhost/127.0.0.1:12091. Already tried 1 time(s); retry policy is RetryUpToMaximumCountWithFixedSleep(maxRetries=15, sleepTime=1000 MILLISECONDS)
2022-01-08 13:18:35,203 [EndpointStateMachine task thread for /127.0.0.1:12101 - 0 ] INFO  ipc.Client (Client.java:handleConnectionFailure(977)) - Retrying connect to server: localhost/127.0.0.1:12101. Already tried 5 time(s); retry policy is RetryUpToMaximumCountWithFixedSleep(maxRetries=15, sleepTime=1000 MILLISECONDS)
2022-01-08 13:18:35,587 [EndpointStateMachine task thread for /127.0.0.1:15227 - 0 ] INFO  ipc.Client (Client.java:handleConnectionFailure(977)) - Retrying connect to server: localhost/127.0.0.1:15227. Already tried 1 time(s); retry policy is RetryUpToMaximumCountWithFixedSleep(maxRetries=15, sleepTime=1000 MILLISECONDS)
2022-01-08 13:18:35,593 [EndpointStateMachine task thread for /127.0.0.1:15217 - 0 ] INFO  ipc.Client (Client.java:handleConnectionFailure(977)) - Retrying connect to server: localhost/127.0.0.1:15217. Already tried 4 time(s); retry policy is RetryUpToMaximumCountWithFixedSleep(maxRetries=15, sleepTime=1000 MILLISECONDS)
2022-01-08 13:18:35,631 [EndpointStateMachine task thread for /127.0.0.1:15237 - 0 ] INFO  ipc.Client (Client.java:handleConnectionFailure(977)) - Retrying connect to server: localhost/127.0.0.1:15237. Already tried 1 time(s); retry policy is RetryUpToMaximumCountWithFixedSleep(maxRetries=15, sleepTime=1000 MILLISECONDS)
2022-01-08 13:18:35,905 [EndpointStateMachine task thread for /127.0.0.1:12081 - 0 ] INFO  ipc.Client (Client.java:handleConnectionFailure(977)) - Retrying connect to server: localhost/127.0.0.1:12081. Already tried 5 time(s); retry policy is RetryUpToMaximumCountWithFixedSleep(maxRetries=15, sleepTime=1000 MILLISECONDS)
2022-01-08 13:18:35,907 [EndpointStateMachine task thread for /127.0.0.1:12091 - 0 ] INFO  ipc.Client (Client.java:handleConnectionFailure(977)) - Retrying connect to server: localhost/127.0.0.1:12091. Already tried 2 time(s); retry policy is RetryUpToMaximumCountWithFixedSleep(maxRetries=15, sleepTime=1000 MILLISECONDS)
2022-01-08 13:18:36,204 [EndpointStateMachine task thread for /127.0.0.1:12101 - 0 ] INFO  ipc.Client (Client.java:handleConnectionFailure(977)) - Retrying connect to server: localhost/127.0.0.1:12101. Already tried 6 time(s); retry policy is RetryUpToMaximumCountWithFixedSleep(maxRetries=15, sleepTime=1000 MILLISECONDS)
2022-01-08 13:18:36,588 [EndpointStateMachine task thread for /127.0.0.1:15227 - 0 ] INFO  ipc.Client (Client.java:handleConnectionFailure(977)) - Retrying connect to server: localhost/127.0.0.1:15227. Already tried 2 time(s); retry policy is RetryUpToMaximumCountWithFixedSleep(maxRetries=15, sleepTime=1000 MILLISECONDS)
2022-01-08 13:18:36,594 [EndpointStateMachine task thread for /127.0.0.1:15217 - 0 ] INFO  ipc.Client (Client.java:handleConnectionFailure(977)) - Retrying connect to server: localhost/127.0.0.1:15217. Already tried 5 time(s); retry policy is RetryUpToMaximumCountWithFixedSleep(maxRetries=15, sleepTime=1000 MILLISECONDS)
2022-01-08 13:18:36,632 [EndpointStateMachine task thread for /127.0.0.1:15237 - 0 ] INFO  ipc.Client (Client.java:handleConnectionFailure(977)) - Retrying connect to server: localhost/127.0.0.1:15237. Already tried 2 time(s); retry policy is RetryUpToMaximumCountWithFixedSleep(maxRetries=15, sleepTime=1000 MILLISECONDS)
2022-01-08 13:18:36,906 [EndpointStateMachine task thread for /127.0.0.1:12081 - 0 ] INFO  ipc.Client (Client.java:handleConnectionFailure(977)) - Retrying connect to server: localhost/127.0.0.1:12081. Already tried 6 time(s); retry policy is RetryUpToMaximumCountWithFixedSleep(maxRetries=15, sleepTime=1000 MILLISECONDS)
2022-01-08 13:18:36,908 [EndpointStateMachine task thread for /127.0.0.1:12091 - 0 ] INFO  ipc.Client (Client.java:handleConnectionFailure(977)) - Retrying connect to server: localhost/127.0.0.1:12091. Already tried 3 time(s); retry policy is RetryUpToMaximumCountWithFixedSleep(maxRetries=15, sleepTime=1000 MILLISECONDS)
2022-01-08 13:18:37,141 [ForkJoinPool.commonPool-worker-0] INFO  ozoneimpl.OzoneContainer (OzoneContainer.java:stop(336)) - Attempting to stop container services.
2022-01-08 13:18:37,143 [ForkJoinPool.commonPool-worker-0] INFO  server.RaftServer (RaftServerProxy.java:lambda$close$6(391)) - 737545ee-dc45-4e08-9429-983c1d4f2632: close
2022-01-08 13:18:37,143 [Listener at 127.0.0.1/12096] INFO  ozoneimpl.OzoneContainer (OzoneContainer.java:stop(336)) - Attempting to stop container services.
2022-01-08 13:18:37,143 [ForkJoinPool.commonPool-worker-0] INFO  server.RaftServer$Division (RaftServerImpl.java:lambda$close$4(412)) - 737545ee-dc45-4e08-9429-983c1d4f2632@group-58F3DA5FB7B7: shutdown
2022-01-08 13:18:37,144 [ForkJoinPool.commonPool-worker-0] INFO  util.JmxRegister (JmxRegister.java:unregister(73)) - Successfully un-registered JMX Bean with object name Ratis:service=RaftServer,group=group-58F3DA5FB7B7,id=737545ee-dc45-4e08-9429-983c1d4f2632
2022-01-08 13:18:37,144 [ForkJoinPool.commonPool-worker-0] INFO  impl.RoleInfo (RoleInfo.java:shutdownFollowerState(108)) - 737545ee-dc45-4e08-9429-983c1d4f2632: shutdown 737545ee-dc45-4e08-9429-983c1d4f2632@group-58F3DA5FB7B7-FollowerState
2022-01-08 13:18:37,144 [ForkJoinPool.commonPool-worker-0] INFO  impl.StateMachineUpdater (StateMachineUpdater.java:stopAndJoin(149)) - 737545ee-dc45-4e08-9429-983c1d4f2632@group-58F3DA5FB7B7-StateMachineUpdater: set stopIndex = 0
2022-01-08 13:18:37,144 [737545ee-dc45-4e08-9429-983c1d4f2632@group-58F3DA5FB7B7-StateMachineUpdater] INFO  ratis.ContainerStateMachine (ContainerStateMachine.java:takeSnapshot(299)) - group-58F3DA5FB7B7: Taking a snapshot at:(t:2, i:0) file /home/runner/work/ozone/ozone/hadoop-ozone/integration-test/target/test-dir/MiniOzoneClusterImpl-96dde82e-0bdc-4c97-ae5c-ef816938392d/datanode-0/data/ratis/d6dbbfe3-3ab8-4abf-9991-58f3da5fb7b7/sm/snapshot.2_0
2022-01-08 13:18:37,144 [737545ee-dc45-4e08-9429-983c1d4f2632@group-58F3DA5FB7B7-FollowerState] INFO  impl.FollowerState (FollowerState.java:run(143)) - 737545ee-dc45-4e08-9429-983c1d4f2632@group-58F3DA5FB7B7-FollowerState was interrupted: {}
java.lang.InterruptedException: sleep interrupted
	at java.lang.Thread.sleep(Native Method)
	at java.lang.Thread.sleep(Thread.java:340)
	at java.util.concurrent.TimeUnit.sleep(TimeUnit.java:386)
	at org.apache.ratis.util.TimeDuration.sleep(TimeDuration.java:324)
	at org.apache.ratis.util.TimeDuration.sleep(TimeDuration.java:309)
	at org.apache.ratis.server.impl.FollowerState.run(FollowerState.java:118)
2022-01-08 13:18:37,146 [737545ee-dc45-4e08-9429-983c1d4f2632@group-58F3DA5FB7B7-StateMachineUpdater] INFO  ratis.ContainerStateMachine (ContainerStateMachine.java:takeSnapshot(310)) - group-58F3DA5FB7B7: Finished taking a snapshot at:(t:2, i:0) file:/home/runner/work/ozone/ozone/hadoop-ozone/integration-test/target/test-dir/MiniOzoneClusterImpl-96dde82e-0bdc-4c97-ae5c-ef816938392d/datanode-0/data/ratis/d6dbbfe3-3ab8-4abf-9991-58f3da5fb7b7/sm/snapshot.2_0 took: 1 ms
2022-01-08 13:18:37,146 [737545ee-dc45-4e08-9429-983c1d4f2632@group-58F3DA5FB7B7-StateMachineUpdater] INFO  impl.StateMachineUpdater (StateMachineUpdater.java:takeSnapshot(281)) - 737545ee-dc45-4e08-9429-983c1d4f2632@group-58F3DA5FB7B7-StateMachineUpdater: Took a snapshot at index 0
2022-01-08 13:18:37,146 [737545ee-dc45-4e08-9429-983c1d4f2632@group-58F3DA5FB7B7-StateMachineUpdater] INFO  impl.StateMachineUpdater (StateMachineUpdater.java:lambda$new$0(89)) - 737545ee-dc45-4e08-9429-983c1d4f2632@group-58F3DA5FB7B7-StateMachineUpdater: snapshotIndex: updateIncreasingly -1 -> 0
2022-01-08 13:18:37,146 [ForkJoinPool.commonPool-worker-0] INFO  server.RaftServer$Division (ServerState.java:close(419)) - 737545ee-dc45-4e08-9429-983c1d4f2632@group-58F3DA5FB7B7: closes. applyIndex: 0
2022-01-08 13:18:37,146 [737545ee-dc45-4e08-9429-983c1d4f2632@group-58F3DA5FB7B7-SegmentedRaftLogWorker] INFO  segmented.SegmentedRaftLogWorker (SegmentedRaftLogWorker.java:run(327)) - 737545ee-dc45-4e08-9429-983c1d4f2632@group-58F3DA5FB7B7-SegmentedRaftLogWorker was interrupted, exiting. There are 0 tasks remaining in the queue.
2022-01-08 13:18:37,147 [ForkJoinPool.commonPool-worker-0] INFO  segmented.SegmentedRaftLogWorker (SegmentedRaftLogWorker.java:close(237)) - 737545ee-dc45-4e08-9429-983c1d4f2632@group-58F3DA5FB7B7-SegmentedRaftLogWorker close()
2022-01-08 13:18:37,148 [Listener at 127.0.0.1/12096] INFO  server.RaftServer (RaftServerProxy.java:lambda$close$6(391)) - f4bd9712-e444-41ba-bddc-dab6ab48249e: close
2022-01-08 13:18:37,148 [ForkJoinPool.commonPool-worker-0] INFO  server.RaftServer$Division (RaftServerImpl.java:lambda$close$4(412)) - 737545ee-dc45-4e08-9429-983c1d4f2632@group-CE302EA33CC7: shutdown
2022-01-08 13:18:37,148 [Listener at 127.0.0.1/12096] INFO  server.RaftServer$Division (RaftServerImpl.java:lambda$close$4(412)) - f4bd9712-e444-41ba-bddc-dab6ab48249e@group-58F3DA5FB7B7: shutdown
2022-01-08 13:18:37,148 [ForkJoinPool.commonPool-worker-0] INFO  util.JmxRegister (JmxRegister.java:unregister(73)) - Successfully un-registered JMX Bean with object name Ratis:service=RaftServer,group=group-CE302EA33CC7,id=737545ee-dc45-4e08-9429-983c1d4f2632
2022-01-08 13:18:37,148 [ForkJoinPool.commonPool-worker-0] INFO  impl.RoleInfo (RoleInfo.java:shutdownFollowerState(108)) - 737545ee-dc45-4e08-9429-983c1d4f2632: shutdown 737545ee-dc45-4e08-9429-983c1d4f2632@group-CE302EA33CC7-FollowerState
2022-01-08 13:18:37,148 [ForkJoinPool.commonPool-worker-0] INFO  impl.StateMachineUpdater (StateMachineUpdater.java:stopAndJoin(149)) - 737545ee-dc45-4e08-9429-983c1d4f2632@group-CE302EA33CC7-StateMachineUpdater: set stopIndex = 0
2022-01-08 13:18:37,148 [737545ee-dc45-4e08-9429-983c1d4f2632@group-CE302EA33CC7-StateMachineUpdater] INFO  ratis.ContainerStateMachine (ContainerStateMachine.java:takeSnapshot(299)) - group-CE302EA33CC7: Taking a snapshot at:(t:3, i:0) file /home/runner/work/ozone/ozone/hadoop-ozone/integration-test/target/test-dir/MiniOzoneClusterImpl-96dde82e-0bdc-4c97-ae5c-ef816938392d/datanode-0/data/ratis/f9f2e218-2216-472b-9998-ce302ea33cc7/sm/snapshot.3_0
2022-01-08 13:18:37,149 [737545ee-dc45-4e08-9429-983c1d4f2632@group-CE302EA33CC7-FollowerState] INFO  impl.FollowerState (FollowerState.java:run(143)) - 737545ee-dc45-4e08-9429-983c1d4f2632@group-CE302EA33CC7-FollowerState was interrupted: {}
java.lang.InterruptedException: sleep interrupted
	at java.lang.Thread.sleep(Native Method)
	at java.lang.Thread.sleep(Thread.java:340)
	at java.util.concurrent.TimeUnit.sleep(TimeUnit.java:386)
	at org.apache.ratis.util.TimeDuration.sleep(TimeDuration.java:324)
	at org.apache.ratis.util.TimeDuration.sleep(TimeDuration.java:309)
	at org.apache.ratis.server.impl.FollowerState.run(FollowerState.java:118)
2022-01-08 13:18:37,148 [Listener at 127.0.0.1/12096] INFO  util.JmxRegister (JmxRegister.java:unregister(73)) - Successfully un-registered JMX Bean with object name Ratis:service=RaftServer,group=group-58F3DA5FB7B7,id=f4bd9712-e444-41ba-bddc-dab6ab48249e
2022-01-08 13:18:37,154 [Listener at 127.0.0.1/12096] INFO  impl.RoleInfo (RoleInfo.java:shutdownFollowerState(108)) - f4bd9712-e444-41ba-bddc-dab6ab48249e: shutdown f4bd9712-e444-41ba-bddc-dab6ab48249e@group-58F3DA5FB7B7-FollowerState
2022-01-08 13:18:37,149 [737545ee-dc45-4e08-9429-983c1d4f2632@group-CE302EA33CC7-StateMachineUpdater] INFO  ratis.ContainerStateMachine (ContainerStateMachine.java:takeSnapshot(310)) - group-CE302EA33CC7: Finished taking a snapshot at:(t:3, i:0) file:/home/runner/work/ozone/ozone/hadoop-ozone/integration-test/target/test-dir/MiniOzoneClusterImpl-96dde82e-0bdc-4c97-ae5c-ef816938392d/datanode-0/data/ratis/f9f2e218-2216-472b-9998-ce302ea33cc7/sm/snapshot.3_0 took: 1 ms
2022-01-08 13:18:37,155 [f4bd9712-e444-41ba-bddc-dab6ab48249e@group-58F3DA5FB7B7-StateMachineUpdater] INFO  ratis.ContainerStateMachine (ContainerStateMachine.java:takeSnapshot(299)) - group-58F3DA5FB7B7: Taking a snapshot at:(t:2, i:0) file /home/runner/work/ozone/ozone/hadoop-ozone/integration-test/target/test-dir/MiniOzoneClusterImpl-96dde82e-0bdc-4c97-ae5c-ef816938392d/datanode-1/data/ratis/d6dbbfe3-3ab8-4abf-9991-58f3da5fb7b7/sm/snapshot.2_0
2022-01-08 13:18:37,155 [f4bd9712-e444-41ba-bddc-dab6ab48249e@group-58F3DA5FB7B7-FollowerState] INFO  impl.FollowerState (FollowerState.java:run(143)) - f4bd9712-e444-41ba-bddc-dab6ab48249e@group-58F3DA5FB7B7-FollowerState was interrupted: {}
java.lang.InterruptedException: sleep interrupted
	at java.lang.Thread.sleep(Native Method)
	at java.lang.Thread.sleep(Thread.java:340)
	at java.util.concurrent.TimeUnit.sleep(TimeUnit.java:386)
	at org.apache.ratis.util.TimeDuration.sleep(TimeDuration.java:324)
	at org.apache.ratis.util.TimeDuration.sleep(TimeDuration.java:309)
	at org.apache.ratis.server.impl.FollowerState.run(FollowerState.java:118)
2022-01-08 13:18:37,155 [Listener at 127.0.0.1/12096] INFO  impl.StateMachineUpdater (StateMachineUpdater.java:stopAndJoin(149)) - f4bd9712-e444-41ba-bddc-dab6ab48249e@group-58F3DA5FB7B7-StateMachineUpdater: set stopIndex = 0
2022-01-08 13:18:37,155 [f4bd9712-e444-41ba-bddc-dab6ab48249e@group-58F3DA5FB7B7-StateMachineUpdater] INFO  ratis.ContainerStateMachine (ContainerStateMachine.java:takeSnapshot(310)) - group-58F3DA5FB7B7: Finished taking a snapshot at:(t:2, i:0) file:/home/runner/work/ozone/ozone/hadoop-ozone/integration-test/target/test-dir/MiniOzoneClusterImpl-96dde82e-0bdc-4c97-ae5c-ef816938392d/datanode-1/data/ratis/d6dbbfe3-3ab8-4abf-9991-58f3da5fb7b7/sm/snapshot.2_0 took: 0 ms
2022-01-08 13:18:37,155 [737545ee-dc45-4e08-9429-983c1d4f2632@group-CE302EA33CC7-StateMachineUpdater] INFO  impl.StateMachineUpdater (StateMachineUpdater.java:takeSnapshot(281)) - 737545ee-dc45-4e08-9429-983c1d4f2632@group-CE302EA33CC7-StateMachineUpdater: Took a snapshot at index 0
2022-01-08 13:18:37,156 [737545ee-dc45-4e08-9429-983c1d4f2632@group-CE302EA33CC7-StateMachineUpdater] INFO  impl.StateMachineUpdater (StateMachineUpdater.java:lambda$new$0(89)) - 737545ee-dc45-4e08-9429-983c1d4f2632@group-CE302EA33CC7-StateMachineUpdater: snapshotIndex: updateIncreasingly -1 -> 0
2022-01-08 13:18:37,156 [f4bd9712-e444-41ba-bddc-dab6ab48249e@group-58F3DA5FB7B7-StateMachineUpdater] INFO  impl.StateMachineUpdater (StateMachineUpdater.java:takeSnapshot(281)) - f4bd9712-e444-41ba-bddc-dab6ab48249e@group-58F3DA5FB7B7-StateMachineUpdater: Took a snapshot at index 0
2022-01-08 13:18:37,156 [f4bd9712-e444-41ba-bddc-dab6ab48249e@group-58F3DA5FB7B7-StateMachineUpdater] INFO  impl.StateMachineUpdater (StateMachineUpdater.java:lambda$new$0(89)) - f4bd9712-e444-41ba-bddc-dab6ab48249e@group-58F3DA5FB7B7-StateMachineUpdater: snapshotIndex: updateIncreasingly -1 -> 0
2022-01-08 13:18:37,156 [ForkJoinPool.commonPool-worker-0] INFO  server.RaftServer$Division (ServerState.java:close(419)) - 737545ee-dc45-4e08-9429-983c1d4f2632@group-CE302EA33CC7: closes. applyIndex: 0
2022-01-08 13:18:37,156 [Listener at 127.0.0.1/12096] INFO  server.RaftServer$Division (ServerState.java:close(419)) - f4bd9712-e444-41ba-bddc-dab6ab48249e@group-58F3DA5FB7B7: closes. applyIndex: 0
2022-01-08 13:18:37,156 [737545ee-dc45-4e08-9429-983c1d4f2632@group-CE302EA33CC7-SegmentedRaftLogWorker] INFO  segmented.SegmentedRaftLogWorker (SegmentedRaftLogWorker.java:run(327)) - 737545ee-dc45-4e08-9429-983c1d4f2632@group-CE302EA33CC7-SegmentedRaftLogWorker was interrupted, exiting. There are 0 tasks remaining in the queue.
2022-01-08 13:18:37,157 [ForkJoinPool.commonPool-worker-0] INFO  segmented.SegmentedRaftLogWorker (SegmentedRaftLogWorker.java:close(237)) - 737545ee-dc45-4e08-9429-983c1d4f2632@group-CE302EA33CC7-SegmentedRaftLogWorker close()
2022-01-08 13:18:37,158 [ForkJoinPool.commonPool-worker-0] INFO  server.RaftServer$Division (RaftServerImpl.java:lambda$close$4(412)) - 737545ee-dc45-4e08-9429-983c1d4f2632@group-E77A0E4FD1D6: shutdown
2022-01-08 13:18:37,158 [ForkJoinPool.commonPool-worker-0] INFO  util.JmxRegister (JmxRegister.java:unregister(73)) - Successfully un-registered JMX Bean with object name Ratis:service=RaftServer,group=group-E77A0E4FD1D6,id=737545ee-dc45-4e08-9429-983c1d4f2632
2022-01-08 13:18:37,158 [ForkJoinPool.commonPool-worker-0] INFO  impl.RoleInfo (RoleInfo.java:shutdownLeaderState(91)) - 737545ee-dc45-4e08-9429-983c1d4f2632: shutdown 737545ee-dc45-4e08-9429-983c1d4f2632@group-E77A0E4FD1D6-LeaderStateImpl
2022-01-08 13:18:37,158 [ForkJoinPool.commonPool-worker-0] INFO  impl.PendingRequests (PendingRequests.java:sendNotLeaderResponses(282)) - 737545ee-dc45-4e08-9429-983c1d4f2632@group-E77A0E4FD1D6-PendingRequests: sendNotLeaderResponses
2022-01-08 13:18:37,159 [ForkJoinPool.commonPool-worker-0] INFO  impl.StateMachineUpdater (StateMachineUpdater.java:stopAndJoin(149)) - 737545ee-dc45-4e08-9429-983c1d4f2632@group-E77A0E4FD1D6-StateMachineUpdater: set stopIndex = 0
2022-01-08 13:18:37,159 [737545ee-dc45-4e08-9429-983c1d4f2632@group-E77A0E4FD1D6-StateMachineUpdater] INFO  ratis.ContainerStateMachine (ContainerStateMachine.java:takeSnapshot(299)) - group-E77A0E4FD1D6: Taking a snapshot at:(t:1, i:0) file /home/runner/work/ozone/ozone/hadoop-ozone/integration-test/target/test-dir/MiniOzoneClusterImpl-96dde82e-0bdc-4c97-ae5c-ef816938392d/datanode-0/data/ratis/8c20c318-9b92-4f4d-b229-e77a0e4fd1d6/sm/snapshot.1_0
2022-01-08 13:18:37,160 [737545ee-dc45-4e08-9429-983c1d4f2632@group-E77A0E4FD1D6-StateMachineUpdater] INFO  ratis.ContainerStateMachine (ContainerStateMachine.java:takeSnapshot(310)) - group-E77A0E4FD1D6: Finished taking a snapshot at:(t:1, i:0) file:/home/runner/work/ozone/ozone/hadoop-ozone/integration-test/target/test-dir/MiniOzoneClusterImpl-96dde82e-0bdc-4c97-ae5c-ef816938392d/datanode-0/data/ratis/8c20c318-9b92-4f4d-b229-e77a0e4fd1d6/sm/snapshot.1_0 took: 0 ms
2022-01-08 13:18:37,160 [737545ee-dc45-4e08-9429-983c1d4f2632@group-E77A0E4FD1D6-StateMachineUpdater] INFO  impl.StateMachineUpdater (StateMachineUpdater.java:takeSnapshot(281)) - 737545ee-dc45-4e08-9429-983c1d4f2632@group-E77A0E4FD1D6-StateMachineUpdater: Took a snapshot at index 0
2022-01-08 13:18:37,160 [737545ee-dc45-4e08-9429-983c1d4f2632@group-E77A0E4FD1D6-StateMachineUpdater] INFO  impl.StateMachineUpdater (StateMachineUpdater.java:lambda$new$0(89)) - 737545ee-dc45-4e08-9429-983c1d4f2632@group-E77A0E4FD1D6-StateMachineUpdater: snapshotIndex: updateIncreasingly -1 -> 0
2022-01-08 13:18:37,160 [ForkJoinPool.commonPool-worker-0] INFO  server.RaftServer$Division (ServerState.java:close(419)) - 737545ee-dc45-4e08-9429-983c1d4f2632@group-E77A0E4FD1D6: closes. applyIndex: 0
2022-01-08 13:18:37,160 [737545ee-dc45-4e08-9429-983c1d4f2632@group-E77A0E4FD1D6-SegmentedRaftLogWorker] INFO  segmented.SegmentedRaftLogWorker (SegmentedRaftLogWorker.java:run(327)) - 737545ee-dc45-4e08-9429-983c1d4f2632@group-E77A0E4FD1D6-SegmentedRaftLogWorker was interrupted, exiting. There are 0 tasks remaining in the queue.
2022-01-08 13:18:37,161 [f4bd9712-e444-41ba-bddc-dab6ab48249e@group-58F3DA5FB7B7-SegmentedRaftLogWorker] INFO  segmented.SegmentedRaftLogWorker (SegmentedRaftLogWorker.java:run(327)) - f4bd9712-e444-41ba-bddc-dab6ab48249e@group-58F3DA5FB7B7-SegmentedRaftLogWorker was interrupted, exiting. There are 0 tasks remaining in the queue.
2022-01-08 13:18:37,161 [ForkJoinPool.commonPool-worker-0] INFO  segmented.SegmentedRaftLogWorker (SegmentedRaftLogWorker.java:close(237)) - 737545ee-dc45-4e08-9429-983c1d4f2632@group-E77A0E4FD1D6-SegmentedRaftLogWorker close()
2022-01-08 13:18:37,161 [Listener at 127.0.0.1/12096] INFO  segmented.SegmentedRaftLogWorker (SegmentedRaftLogWorker.java:close(237)) - f4bd9712-e444-41ba-bddc-dab6ab48249e@group-58F3DA5FB7B7-SegmentedRaftLogWorker close()
2022-01-08 13:18:37,161 [ForkJoinPool.commonPool-worker-0] INFO  server.GrpcService (GrpcService.java:closeImpl(262)) - 737545ee-dc45-4e08-9429-983c1d4f2632: shutdown server with port 46773 now
2022-01-08 13:18:37,162 [Listener at 127.0.0.1/12096] INFO  server.RaftServer$Division (RaftServerImpl.java:lambda$close$4(412)) - f4bd9712-e444-41ba-bddc-dab6ab48249e@group-CE302EA33CC7: shutdown
2022-01-08 13:18:37,165 [Listener at 127.0.0.1/12096] INFO  util.JmxRegister (JmxRegister.java:unregister(73)) - Successfully un-registered JMX Bean with object name Ratis:service=RaftServer,group=group-CE302EA33CC7,id=f4bd9712-e444-41ba-bddc-dab6ab48249e
2022-01-08 13:18:37,165 [Listener at 127.0.0.1/12096] INFO  impl.RoleInfo (RoleInfo.java:shutdownLeaderState(91)) - f4bd9712-e444-41ba-bddc-dab6ab48249e: shutdown f4bd9712-e444-41ba-bddc-dab6ab48249e@group-CE302EA33CC7-LeaderStateImpl
2022-01-08 13:18:37,166 [Listener at 127.0.0.1/12096] INFO  impl.PendingRequests (PendingRequests.java:sendNotLeaderResponses(282)) - f4bd9712-e444-41ba-bddc-dab6ab48249e@group-CE302EA33CC7-PendingRequests: sendNotLeaderResponses
2022-01-08 13:18:37,166 [Listener at 127.0.0.1/12096] INFO  impl.StateMachineUpdater (StateMachineUpdater.java:stopAndJoin(149)) - f4bd9712-e444-41ba-bddc-dab6ab48249e@group-CE302EA33CC7-StateMachineUpdater: set stopIndex = 0
2022-01-08 13:18:37,167 [f4bd9712-e444-41ba-bddc-dab6ab48249e@group-CE302EA33CC7->737545ee-dc45-4e08-9429-983c1d4f2632-GrpcLogAppender-LogAppenderDaemon] WARN  server.GrpcLogAppender (GrpcLogAppender.java:mayWait(177)) - f4bd9712-e444-41ba-bddc-dab6ab48249e@group-CE302EA33CC7->737545ee-dc45-4e08-9429-983c1d4f2632-GrpcLogAppender: Wait interrupted by java.lang.InterruptedException
2022-01-08 13:18:37,167 [f4bd9712-e444-41ba-bddc-dab6ab48249e@group-CE302EA33CC7->c0322a57-4f2b-423f-b02f-0677e9b7408d-GrpcLogAppender-LogAppenderDaemon] WARN  server.GrpcLogAppender (GrpcLogAppender.java:mayWait(177)) - f4bd9712-e444-41ba-bddc-dab6ab48249e@group-CE302EA33CC7->c0322a57-4f2b-423f-b02f-0677e9b7408d-GrpcLogAppender: Wait interrupted by java.lang.InterruptedException
2022-01-08 13:18:37,167 [f4bd9712-e444-41ba-bddc-dab6ab48249e@group-CE302EA33CC7-StateMachineUpdater] INFO  ratis.ContainerStateMachine (ContainerStateMachine.java:takeSnapshot(299)) - group-CE302EA33CC7: Taking a snapshot at:(t:3, i:0) file /home/runner/work/ozone/ozone/hadoop-ozone/integration-test/target/test-dir/MiniOzoneClusterImpl-96dde82e-0bdc-4c97-ae5c-ef816938392d/datanode-1/data/ratis/f9f2e218-2216-472b-9998-ce302ea33cc7/sm/snapshot.3_0
2022-01-08 13:18:37,167 [grpc-default-executor-0] INFO  server.GrpcServerProtocolService (GrpcServerProtocolService.java:onCompleted(140)) - 737545ee-dc45-4e08-9429-983c1d4f2632: Completed APPEND_ENTRIES, lastRequest: f4bd9712-e444-41ba-bddc-dab6ab48249e->737545ee-dc45-4e08-9429-983c1d4f2632#1-t3,previous=(t:0, i:0),leaderCommit=-1,initializing? true,entries: size=1, first=(t:3, i:0), CONFIGURATIONENTRY
2022-01-08 13:18:37,168 [grpc-default-executor-1] INFO  server.GrpcServerProtocolService (GrpcServerProtocolService.java:onCompleted(140)) - c0322a57-4f2b-423f-b02f-0677e9b7408d: Completed APPEND_ENTRIES, lastRequest: f4bd9712-e444-41ba-bddc-dab6ab48249e->c0322a57-4f2b-423f-b02f-0677e9b7408d#1-t3,previous=(t:0, i:0),leaderCommit=0,initializing? true,entries: size=1, first=(t:3, i:0), CONFIGURATIONENTRY
2022-01-08 13:18:37,168 [f4bd9712-e444-41ba-bddc-dab6ab48249e@group-CE302EA33CC7-StateMachineUpdater] INFO  ratis.ContainerStateMachine (ContainerStateMachine.java:takeSnapshot(310)) - group-CE302EA33CC7: Finished taking a snapshot at:(t:3, i:0) file:/home/runner/work/ozone/ozone/hadoop-ozone/integration-test/target/test-dir/MiniOzoneClusterImpl-96dde82e-0bdc-4c97-ae5c-ef816938392d/datanode-1/data/ratis/f9f2e218-2216-472b-9998-ce302ea33cc7/sm/snapshot.3_0 took: 1 ms
2022-01-08 13:18:37,168 [f4bd9712-e444-41ba-bddc-dab6ab48249e@group-CE302EA33CC7-StateMachineUpdater] INFO  impl.StateMachineUpdater (StateMachineUpdater.java:takeSnapshot(281)) - f4bd9712-e444-41ba-bddc-dab6ab48249e@group-CE302EA33CC7-StateMachineUpdater: Took a snapshot at index 0
2022-01-08 13:18:37,168 [f4bd9712-e444-41ba-bddc-dab6ab48249e@group-CE302EA33CC7-StateMachineUpdater] INFO  impl.StateMachineUpdater (StateMachineUpdater.java:lambda$new$0(89)) - f4bd9712-e444-41ba-bddc-dab6ab48249e@group-CE302EA33CC7-StateMachineUpdater: snapshotIndex: updateIncreasingly -1 -> 0
2022-01-08 13:18:37,168 [grpc-default-executor-2] INFO  server.GrpcLogAppender (GrpcLogAppender.java:onCompleted(346)) - f4bd9712-e444-41ba-bddc-dab6ab48249e@group-CE302EA33CC7->737545ee-dc45-4e08-9429-983c1d4f2632-AppendLogResponseHandler: follower responses appendEntries COMPLETED
2022-01-08 13:18:37,168 [grpc-default-executor-3] INFO  server.GrpcLogAppender (GrpcLogAppender.java:onCompleted(346)) - f4bd9712-e444-41ba-bddc-dab6ab48249e@group-CE302EA33CC7->c0322a57-4f2b-423f-b02f-0677e9b7408d-AppendLogResponseHandler: follower responses appendEntries COMPLETED
2022-01-08 13:18:37,169 [grpc-default-executor-3] INFO  leader.FollowerInfo (FollowerInfoImpl.java:lambda$new$0(47)) - f4bd9712-e444-41ba-bddc-dab6ab48249e@group-CE302EA33CC7->c0322a57-4f2b-423f-b02f-0677e9b7408d: nextIndex: updateUnconditionally 1 -> 0
2022-01-08 13:18:37,168 [grpc-default-executor-2] INFO  leader.FollowerInfo (FollowerInfoImpl.java:lambda$new$0(47)) - f4bd9712-e444-41ba-bddc-dab6ab48249e@group-CE302EA33CC7->737545ee-dc45-4e08-9429-983c1d4f2632: nextIndex: updateUnconditionally 1 -> 0
2022-01-08 13:18:37,169 [Listener at 127.0.0.1/12096] INFO  server.RaftServer$Division (ServerState.java:close(419)) - f4bd9712-e444-41ba-bddc-dab6ab48249e@group-CE302EA33CC7: closes. applyIndex: 0
2022-01-08 13:18:37,173 [f4bd9712-e444-41ba-bddc-dab6ab48249e@group-CE302EA33CC7-SegmentedRaftLogWorker] INFO  segmented.SegmentedRaftLogWorker (SegmentedRaftLogWorker.java:run(327)) - f4bd9712-e444-41ba-bddc-dab6ab48249e@group-CE302EA33CC7-SegmentedRaftLogWorker was interrupted, exiting. There are 0 tasks remaining in the queue.
2022-01-08 13:18:37,176 [Listener at 127.0.0.1/12096] INFO  segmented.SegmentedRaftLogWorker (SegmentedRaftLogWorker.java:close(237)) - f4bd9712-e444-41ba-bddc-dab6ab48249e@group-CE302EA33CC7-SegmentedRaftLogWorker close()
2022-01-08 13:18:37,177 [Listener at 127.0.0.1/12096] INFO  server.RaftServer$Division (RaftServerImpl.java:lambda$close$4(412)) - f4bd9712-e444-41ba-bddc-dab6ab48249e@group-113664083AB3: shutdown
2022-01-08 13:18:37,177 [Listener at 127.0.0.1/12096] INFO  util.JmxRegister (JmxRegister.java:unregister(73)) - Successfully un-registered JMX Bean with object name Ratis:service=RaftServer,group=group-113664083AB3,id=f4bd9712-e444-41ba-bddc-dab6ab48249e
2022-01-08 13:18:37,177 [Listener at 127.0.0.1/12096] INFO  impl.RoleInfo (RoleInfo.java:shutdownLeaderState(91)) - f4bd9712-e444-41ba-bddc-dab6ab48249e: shutdown f4bd9712-e444-41ba-bddc-dab6ab48249e@group-113664083AB3-LeaderStateImpl
2022-01-08 13:18:37,178 [Listener at 127.0.0.1/12096] INFO  impl.PendingRequests (PendingRequests.java:sendNotLeaderResponses(282)) - f4bd9712-e444-41ba-bddc-dab6ab48249e@group-113664083AB3-PendingRequests: sendNotLeaderResponses
2022-01-08 13:18:37,179 [grpc-default-executor-1] WARN  server.GrpcServerProtocolService (LogUtils.java:warn(122)) - 737545ee-dc45-4e08-9429-983c1d4f2632: installSnapshot onError, lastRequest: c0322a57-4f2b-423f-b02f-0677e9b7408d->737545ee-dc45-4e08-9429-983c1d4f2632#1-t2,previous=(t:0, i:0),leaderCommit=-1,initializing? true,entries: size=1, first=(t:2, i:0), CONFIGURATIONENTRY: org.apache.ratis.thirdparty.io.grpc.StatusRuntimeException: CANCELLED: client cancelled
2022-01-08 13:18:37,180 [grpc-default-executor-1] WARN  server.GrpcLogAppender (LogUtils.java:warn(122)) - c0322a57-4f2b-423f-b02f-0677e9b7408d@group-58F3DA5FB7B7->737545ee-dc45-4e08-9429-983c1d4f2632-AppendLogResponseHandler: Failed appendEntries: org.apache.ratis.thirdparty.io.grpc.StatusRuntimeException: CANCELLED: HTTP/2 error code: CANCEL
Received Rst Stream
2022-01-08 13:18:37,181 [grpc-default-executor-1] WARN  server.GrpcLogAppender (GrpcLogAppender.java:resetClient(110)) - c0322a57-4f2b-423f-b02f-0677e9b7408d@group-58F3DA5FB7B7->737545ee-dc45-4e08-9429-983c1d4f2632-GrpcLogAppender: Leader has not got in touch with Follower c0322a57-4f2b-423f-b02f-0677e9b7408d@group-58F3DA5FB7B7->737545ee-dc45-4e08-9429-983c1d4f2632(c0,m0,n1, attendVote=true, lastRpcSendTime=723, lastRpcResponseTime=701) yet, just keep nextIndex unchanged and retry.
2022-01-08 13:18:37,182 [f4bd9712-e444-41ba-bddc-dab6ab48249e@group-113664083AB3-StateMachineUpdater] INFO  ratis.ContainerStateMachine (ContainerStateMachine.java:takeSnapshot(299)) - group-113664083AB3: Taking a snapshot at:(t:1, i:0) file /home/runner/work/ozone/ozone/hadoop-ozone/integration-test/target/test-dir/MiniOzoneClusterImpl-96dde82e-0bdc-4c97-ae5c-ef816938392d/datanode-1/data/ratis/7ab29acc-ae1a-46cd-9dd9-113664083ab3/sm/snapshot.1_0
2022-01-08 13:18:37,182 [Listener at 127.0.0.1/12096] INFO  impl.StateMachineUpdater (StateMachineUpdater.java:stopAndJoin(149)) - f4bd9712-e444-41ba-bddc-dab6ab48249e@group-113664083AB3-StateMachineUpdater: set stopIndex = 0
2022-01-08 13:18:37,184 [ForkJoinPool.commonPool-worker-0] INFO  server.GrpcService (GrpcService.java:closeImpl(271)) - 737545ee-dc45-4e08-9429-983c1d4f2632: shutdown server with port 46773 successfully
2022-01-08 13:18:37,184 [org.apache.ratis.util.JvmPauseMonitor$$Lambda$500/2122256138@35ccf670] INFO  util.JvmPauseMonitor (JvmPauseMonitor.java:run(109)) - JvmPauseMonitor-737545ee-dc45-4e08-9429-983c1d4f2632: Stopped
2022-01-08 13:18:37,185 [f4bd9712-e444-41ba-bddc-dab6ab48249e@group-113664083AB3-StateMachineUpdater] INFO  ratis.ContainerStateMachine (ContainerStateMachine.java:takeSnapshot(310)) - group-113664083AB3: Finished taking a snapshot at:(t:1, i:0) file:/home/runner/work/ozone/ozone/hadoop-ozone/integration-test/target/test-dir/MiniOzoneClusterImpl-96dde82e-0bdc-4c97-ae5c-ef816938392d/datanode-1/data/ratis/7ab29acc-ae1a-46cd-9dd9-113664083ab3/sm/snapshot.1_0 took: 3 ms
2022-01-08 13:18:37,185 [f4bd9712-e444-41ba-bddc-dab6ab48249e@group-113664083AB3-StateMachineUpdater] INFO  impl.StateMachineUpdater (StateMachineUpdater.java:takeSnapshot(281)) - f4bd9712-e444-41ba-bddc-dab6ab48249e@group-113664083AB3-StateMachineUpdater: Took a snapshot at index 0
2022-01-08 13:18:37,185 [f4bd9712-e444-41ba-bddc-dab6ab48249e@group-113664083AB3-StateMachineUpdater] INFO  impl.StateMachineUpdater (StateMachineUpdater.java:lambda$new$0(89)) - f4bd9712-e444-41ba-bddc-dab6ab48249e@group-113664083AB3-StateMachineUpdater: snapshotIndex: updateIncreasingly -1 -> 0
2022-01-08 13:18:37,191 [Listener at 127.0.0.1/12096] INFO  server.RaftServer$Division (ServerState.java:close(419)) - f4bd9712-e444-41ba-bddc-dab6ab48249e@group-113664083AB3: closes. applyIndex: 0
2022-01-08 13:18:37,191 [f4bd9712-e444-41ba-bddc-dab6ab48249e@group-113664083AB3-SegmentedRaftLogWorker] INFO  segmented.SegmentedRaftLogWorker (SegmentedRaftLogWorker.java:run(327)) - f4bd9712-e444-41ba-bddc-dab6ab48249e@group-113664083AB3-SegmentedRaftLogWorker was interrupted, exiting. There are 0 tasks remaining in the queue.
2022-01-08 13:18:37,199 [Listener at 127.0.0.1/12096] INFO  segmented.SegmentedRaftLogWorker (SegmentedRaftLogWorker.java:close(237)) - f4bd9712-e444-41ba-bddc-dab6ab48249e@group-113664083AB3-SegmentedRaftLogWorker close()
2022-01-08 13:18:37,202 [Listener at 127.0.0.1/12096] INFO  server.GrpcService (GrpcService.java:closeImpl(262)) - f4bd9712-e444-41ba-bddc-dab6ab48249e: shutdown server with port 34435 now
2022-01-08 13:18:37,205 [EndpointStateMachine task thread for /127.0.0.1:12101 - 0 ] INFO  ipc.Client (Client.java:handleConnectionFailure(977)) - Retrying connect to server: localhost/127.0.0.1:12101. Already tried 7 time(s); retry policy is RetryUpToMaximumCountWithFixedSleep(maxRetries=15, sleepTime=1000 MILLISECONDS)
2022-01-08 13:18:37,228 [grpc-default-executor-1] WARN  server.GrpcServerProtocolService (LogUtils.java:warn(122)) - f4bd9712-e444-41ba-bddc-dab6ab48249e: installSnapshot onError, lastRequest: c0322a57-4f2b-423f-b02f-0677e9b7408d->f4bd9712-e444-41ba-bddc-dab6ab48249e#1-t2,previous=(t:0, i:0),leaderCommit=0,initializing? true,entries: size=1, first=(t:2, i:0), CONFIGURATIONENTRY: org.apache.ratis.thirdparty.io.grpc.StatusRuntimeException: CANCELLED: client cancelled
2022-01-08 13:18:37,228 [grpc-default-executor-3] WARN  server.GrpcLogAppender (LogUtils.java:warn(122)) - c0322a57-4f2b-423f-b02f-0677e9b7408d@group-58F3DA5FB7B7->f4bd9712-e444-41ba-bddc-dab6ab48249e-AppendLogResponseHandler: Failed appendEntries: org.apache.ratis.thirdparty.io.grpc.StatusRuntimeException: CANCELLED: HTTP/2 error code: CANCEL
Received Rst Stream
2022-01-08 13:18:37,228 [grpc-default-executor-3] WARN  server.GrpcLogAppender (GrpcLogAppender.java:resetClient(110)) - c0322a57-4f2b-423f-b02f-0677e9b7408d@group-58F3DA5FB7B7->f4bd9712-e444-41ba-bddc-dab6ab48249e-GrpcLogAppender: Leader has not got in touch with Follower c0322a57-4f2b-423f-b02f-0677e9b7408d@group-58F3DA5FB7B7->f4bd9712-e444-41ba-bddc-dab6ab48249e(c0,m0,n1, attendVote=true, lastRpcSendTime=730, lastRpcResponseTime=727) yet, just keep nextIndex unchanged and retry.
2022-01-08 13:18:37,239 [Listener at 127.0.0.1/12096] INFO  server.GrpcService (GrpcService.java:closeImpl(271)) - f4bd9712-e444-41ba-bddc-dab6ab48249e: shutdown server with port 34435 successfully
2022-01-08 13:18:37,239 [org.apache.ratis.util.JvmPauseMonitor$$Lambda$500/2122256138@4388fe40] INFO  util.JvmPauseMonitor (JvmPauseMonitor.java:run(109)) - JvmPauseMonitor-f4bd9712-e444-41ba-bddc-dab6ab48249e: Stopped
2022-01-08 13:18:37,588 [EndpointStateMachine task thread for /127.0.0.1:15227 - 0 ] INFO  ipc.Client (Client.java:handleConnectionFailure(977)) - Retrying connect to server: localhost/127.0.0.1:15227. Already tried 3 time(s); retry policy is RetryUpToMaximumCountWithFixedSleep(maxRetries=15, sleepTime=1000 MILLISECONDS)
2022-01-08 13:18:37,594 [EndpointStateMachine task thread for /127.0.0.1:15217 - 0 ] INFO  ipc.Client (Client.java:handleConnectionFailure(977)) - Retrying connect to server: localhost/127.0.0.1:15217. Already tried 6 time(s); retry policy is RetryUpToMaximumCountWithFixedSleep(maxRetries=15, sleepTime=1000 MILLISECONDS)
2022-01-08 13:18:37,632 [EndpointStateMachine task thread for /127.0.0.1:15237 - 0 ] INFO  ipc.Client (Client.java:handleConnectionFailure(977)) - Retrying connect to server: localhost/127.0.0.1:15237. Already tried 3 time(s); retry policy is RetryUpToMaximumCountWithFixedSleep(maxRetries=15, sleepTime=1000 MILLISECONDS)
2022-01-08 13:18:37,909 [EndpointStateMachine task thread for /127.0.0.1:12091 - 0 ] INFO  ipc.Client (Client.java:handleConnectionFailure(977)) - Retrying connect to server: localhost/127.0.0.1:12091. Already tried 4 time(s); retry policy is RetryUpToMaximumCountWithFixedSleep(maxRetries=15, sleepTime=1000 MILLISECONDS)
2022-01-08 13:18:37,909 [EndpointStateMachine task thread for /127.0.0.1:12081 - 0 ] INFO  ipc.Client (Client.java:handleConnectionFailure(977)) - Retrying connect to server: localhost/127.0.0.1:12081. Already tried 7 time(s); retry policy is RetryUpToMaximumCountWithFixedSleep(maxRetries=15, sleepTime=1000 MILLISECONDS)
2022-01-08 13:18:38,205 [EndpointStateMachine task thread for /127.0.0.1:12101 - 0 ] INFO  ipc.Client (Client.java:handleConnectionFailure(977)) - Retrying connect to server: localhost/127.0.0.1:12101. Already tried 8 time(s); retry policy is RetryUpToMaximumCountWithFixedSleep(maxRetries=15, sleepTime=1000 MILLISECONDS)
2022-01-08 13:18:38,589 [EndpointStateMachine task thread for /127.0.0.1:15227 - 0 ] INFO  ipc.Client (Client.java:handleConnectionFailure(977)) - Retrying connect to server: localhost/127.0.0.1:15227. Already tried 4 time(s); retry policy is RetryUpToMaximumCountWithFixedSleep(maxRetries=15, sleepTime=1000 MILLISECONDS)
2022-01-08 13:18:38,610 [EndpointStateMachine task thread for /127.0.0.1:15217 - 0 ] INFO  ipc.Client (Client.java:handleConnectionFailure(977)) - Retrying connect to server: localhost/127.0.0.1:15217. Already tried 7 time(s); retry policy is RetryUpToMaximumCountWithFixedSleep(maxRetries=15, sleepTime=1000 MILLISECONDS)
2022-01-08 13:18:38,633 [EndpointStateMachine task thread for /127.0.0.1:15237 - 0 ] INFO  ipc.Client (Client.java:handleConnectionFailure(977)) - Retrying connect to server: localhost/127.0.0.1:15237. Already tried 4 time(s); retry policy is RetryUpToMaximumCountWithFixedSleep(maxRetries=15, sleepTime=1000 MILLISECONDS)
2022-01-08 13:18:38,909 [EndpointStateMachine task thread for /127.0.0.1:12091 - 0 ] INFO  ipc.Client (Client.java:handleConnectionFailure(977)) - Retrying connect to server: localhost/127.0.0.1:12091. Already tried 5 time(s); retry policy is RetryUpToMaximumCountWithFixedSleep(maxRetries=15, sleepTime=1000 MILLISECONDS)
2022-01-08 13:18:38,910 [EndpointStateMachine task thread for /127.0.0.1:12081 - 0 ] INFO  ipc.Client (Client.java:handleConnectionFailure(977)) - Retrying connect to server: localhost/127.0.0.1:12081. Already tried 8 time(s); retry policy is RetryUpToMaximumCountWithFixedSleep(maxRetries=15, sleepTime=1000 MILLISECONDS)
2022-01-08 13:18:39,011 [grpc-default-executor-1] WARN  server.GrpcLogAppender (LogUtils.java:warn(122)) - c0322a57-4f2b-423f-b02f-0677e9b7408d@group-58F3DA5FB7B7->737545ee-dc45-4e08-9429-983c1d4f2632-AppendLogResponseHandler: Failed appendEntries: org.apache.ratis.thirdparty.io.grpc.StatusRuntimeException: UNAVAILABLE: io exception
2022-01-08 13:18:39,012 [grpc-default-executor-1] WARN  server.GrpcLogAppender (GrpcLogAppender.java:resetClient(110)) - c0322a57-4f2b-423f-b02f-0677e9b7408d@group-58F3DA5FB7B7->737545ee-dc45-4e08-9429-983c1d4f2632-GrpcLogAppender: Leader has not got in touch with Follower c0322a57-4f2b-423f-b02f-0677e9b7408d@group-58F3DA5FB7B7->737545ee-dc45-4e08-9429-983c1d4f2632(c0,m0,n1, attendVote=true, lastRpcSendTime=1, lastRpcResponseTime=2532) yet, just keep nextIndex unchanged and retry.
2022-01-08 13:18:39,016 [grpc-default-executor-1] WARN  server.GrpcLogAppender (LogUtils.java:warn(122)) - c0322a57-4f2b-423f-b02f-0677e9b7408d@group-58F3DA5FB7B7->f4bd9712-e444-41ba-bddc-dab6ab48249e-AppendLogResponseHandler: Failed appendEntries: org.apache.ratis.thirdparty.io.grpc.StatusRuntimeException: UNAVAILABLE: io exception
2022-01-08 13:18:39,016 [grpc-default-executor-1] WARN  server.GrpcLogAppender (GrpcLogAppender.java:resetClient(110)) - c0322a57-4f2b-423f-b02f-0677e9b7408d@group-58F3DA5FB7B7->f4bd9712-e444-41ba-bddc-dab6ab48249e-GrpcLogAppender: Leader has not got in touch with Follower c0322a57-4f2b-423f-b02f-0677e9b7408d@group-58F3DA5FB7B7->f4bd9712-e444-41ba-bddc-dab6ab48249e(c0,m0,n1, attendVote=true, lastRpcSendTime=3, lastRpcResponseTime=2515) yet, just keep nextIndex unchanged and retry.
2022-01-08 13:18:39,206 [EndpointStateMachine task thread for /127.0.0.1:12101 - 0 ] INFO  ipc.Client (Client.java:handleConnectionFailure(977)) - Retrying connect to server: localhost/127.0.0.1:12101. Already tried 9 time(s); retry policy is RetryUpToMaximumCountWithFixedSleep(maxRetries=15, sleepTime=1000 MILLISECONDS)
2022-01-08 13:18:39,227 [ForkJoinPool.commonPool-worker-0] INFO  utils.BackgroundService (BackgroundService.java:shutdown(132)) - Shutting down service BlockDeletingService
2022-01-08 13:18:39,279 [Listener at 127.0.0.1/12096] INFO  utils.BackgroundService (BackgroundService.java:shutdown(132)) - Shutting down service BlockDeletingService
2022-01-08 13:18:39,590 [EndpointStateMachine task thread for /127.0.0.1:15227 - 0 ] INFO  ipc.Client (Client.java:handleConnectionFailure(977)) - Retrying connect to server: localhost/127.0.0.1:15227. Already tried 5 time(s); retry policy is RetryUpToMaximumCountWithFixedSleep(maxRetries=15, sleepTime=1000 MILLISECONDS)
2022-01-08 13:18:39,611 [EndpointStateMachine task thread for /127.0.0.1:15217 - 0 ] INFO  ipc.Client (Client.java:handleConnectionFailure(977)) - Retrying connect to server: localhost/127.0.0.1:15217. Already tried 8 time(s); retry policy is RetryUpToMaximumCountWithFixedSleep(maxRetries=15, sleepTime=1000 MILLISECONDS)
2022-01-08 13:18:39,633 [EndpointStateMachine task thread for /127.0.0.1:15237 - 0 ] INFO  ipc.Client (Client.java:handleConnectionFailure(977)) - Retrying connect to server: localhost/127.0.0.1:15237. Already tried 5 time(s); retry policy is RetryUpToMaximumCountWithFixedSleep(maxRetries=15, sleepTime=1000 MILLISECONDS)
2022-01-08 13:18:39,910 [EndpointStateMachine task thread for /127.0.0.1:12091 - 0 ] INFO  ipc.Client (Client.java:handleConnectionFailure(977)) - Retrying connect to server: localhost/127.0.0.1:12091. Already tried 6 time(s); retry policy is RetryUpToMaximumCountWithFixedSleep(maxRetries=15, sleepTime=1000 MILLISECONDS)
2022-01-08 13:18:39,911 [EndpointStateMachine task thread for /127.0.0.1:12081 - 0 ] INFO  ipc.Client (Client.java:handleConnectionFailure(977)) - Retrying connect to server: localhost/127.0.0.1:12081. Already tried 9 time(s); retry policy is RetryUpToMaximumCountWithFixedSleep(maxRetries=15, sleepTime=1000 MILLISECONDS)
2022-01-08 13:18:40,208 [EndpointStateMachine task thread for /127.0.0.1:12101 - 0 ] INFO  ipc.Client (Client.java:handleConnectionFailure(977)) - Retrying connect to server: localhost/127.0.0.1:12101. Already tried 10 time(s); retry policy is RetryUpToMaximumCountWithFixedSleep(maxRetries=15, sleepTime=1000 MILLISECONDS)
2022-01-08 13:18:40,590 [EndpointStateMachine task thread for /127.0.0.1:15227 - 0 ] INFO  ipc.Client (Client.java:handleConnectionFailure(977)) - Retrying connect to server: localhost/127.0.0.1:15227. Already tried 6 time(s); retry policy is RetryUpToMaximumCountWithFixedSleep(maxRetries=15, sleepTime=1000 MILLISECONDS)
2022-01-08 13:18:40,612 [EndpointStateMachine task thread for /127.0.0.1:15217 - 0 ] INFO  ipc.Client (Client.java:handleConnectionFailure(977)) - Retrying connect to server: localhost/127.0.0.1:15217. Already tried 9 time(s); retry policy is RetryUpToMaximumCountWithFixedSleep(maxRetries=15, sleepTime=1000 MILLISECONDS)
2022-01-08 13:18:40,634 [EndpointStateMachine task thread for /127.0.0.1:15237 - 0 ] INFO  ipc.Client (Client.java:handleConnectionFailure(977)) - Retrying connect to server: localhost/127.0.0.1:15237. Already tried 6 time(s); retry policy is RetryUpToMaximumCountWithFixedSleep(maxRetries=15, sleepTime=1000 MILLISECONDS)
2022-01-08 13:18:40,911 [EndpointStateMachine task thread for /127.0.0.1:12091 - 0 ] INFO  ipc.Client (Client.java:handleConnectionFailure(977)) - Retrying connect to server: localhost/127.0.0.1:12091. Already tried 7 time(s); retry policy is RetryUpToMaximumCountWithFixedSleep(maxRetries=15, sleepTime=1000 MILLISECONDS)
2022-01-08 13:18:40,911 [EndpointStateMachine task thread for /127.0.0.1:12081 - 0 ] INFO  ipc.Client (Client.java:handleConnectionFailure(977)) - Retrying connect to server: localhost/127.0.0.1:12081. Already tried 10 time(s); retry policy is RetryUpToMaximumCountWithFixedSleep(maxRetries=15, sleepTime=1000 MILLISECONDS)
2022-01-08 13:18:41,215 [EndpointStateMachine task thread for /127.0.0.1:12101 - 0 ] INFO  ipc.Client (Client.java:handleConnectionFailure(977)) - Retrying connect to server: localhost/127.0.0.1:12101. Already tried 11 time(s); retry policy is RetryUpToMaximumCountWithFixedSleep(maxRetries=15, sleepTime=1000 MILLISECONDS)
2022-01-08 13:18:41,515 [grpc-default-executor-1] WARN  server.GrpcLogAppender (LogUtils.java:warn(122)) - c0322a57-4f2b-423f-b02f-0677e9b7408d@group-58F3DA5FB7B7->f4bd9712-e444-41ba-bddc-dab6ab48249e-AppendLogResponseHandler: Failed appendEntries: org.apache.ratis.thirdparty.io.grpc.StatusRuntimeException: UNAVAILABLE: io exception
2022-01-08 13:18:41,516 [grpc-default-executor-1] WARN  server.GrpcLogAppender (GrpcLogAppender.java:resetClient(110)) - c0322a57-4f2b-423f-b02f-0677e9b7408d@group-58F3DA5FB7B7->f4bd9712-e444-41ba-bddc-dab6ab48249e-GrpcLogAppender: Leader has not got in touch with Follower c0322a57-4f2b-423f-b02f-0677e9b7408d@group-58F3DA5FB7B7->f4bd9712-e444-41ba-bddc-dab6ab48249e(c0,m0,n1, attendVote=true, lastRpcSendTime=0, lastRpcResponseTime=5015) yet, just keep nextIndex unchanged and retry.
2022-01-08 13:18:41,518 [grpc-default-executor-1] WARN  server.GrpcLogAppender (LogUtils.java:warn(122)) - c0322a57-4f2b-423f-b02f-0677e9b7408d@group-58F3DA5FB7B7->737545ee-dc45-4e08-9429-983c1d4f2632-AppendLogResponseHandler: Failed appendEntries: org.apache.ratis.thirdparty.io.grpc.StatusRuntimeException: UNAVAILABLE: io exception
2022-01-08 13:18:41,519 [grpc-default-executor-1] WARN  server.GrpcLogAppender (GrpcLogAppender.java:resetClient(110)) - c0322a57-4f2b-423f-b02f-0677e9b7408d@group-58F3DA5FB7B7->737545ee-dc45-4e08-9429-983c1d4f2632-GrpcLogAppender: Leader has not got in touch with Follower c0322a57-4f2b-423f-b02f-0677e9b7408d@group-58F3DA5FB7B7->737545ee-dc45-4e08-9429-983c1d4f2632(c0,m0,n1, attendVote=true, lastRpcSendTime=0, lastRpcResponseTime=5039) yet, just keep nextIndex unchanged and retry.
2022-01-08 13:18:41,603 [EndpointStateMachine task thread for /127.0.0.1:15227 - 0 ] INFO  ipc.Client (Client.java:handleConnectionFailure(977)) - Retrying connect to server: localhost/127.0.0.1:15227. Already tried 7 time(s); retry policy is RetryUpToMaximumCountWithFixedSleep(maxRetries=15, sleepTime=1000 MILLISECONDS)
2022-01-08 13:18:41,612 [EndpointStateMachine task thread for /127.0.0.1:15217 - 0 ] INFO  ipc.Client (Client.java:handleConnectionFailure(977)) - Retrying connect to server: localhost/127.0.0.1:15217. Already tried 10 time(s); retry policy is RetryUpToMaximumCountWithFixedSleep(maxRetries=15, sleepTime=1000 MILLISECONDS)
2022-01-08 13:18:41,634 [EndpointStateMachine task thread for /127.0.0.1:15237 - 0 ] INFO  ipc.Client (Client.java:handleConnectionFailure(977)) - Retrying connect to server: localhost/127.0.0.1:15237. Already tried 7 time(s); retry policy is RetryUpToMaximumCountWithFixedSleep(maxRetries=15, sleepTime=1000 MILLISECONDS)
2022-01-08 13:18:41,911 [EndpointStateMachine task thread for /127.0.0.1:12091 - 0 ] INFO  ipc.Client (Client.java:handleConnectionFailure(977)) - Retrying connect to server: localhost/127.0.0.1:12091. Already tried 8 time(s); retry policy is RetryUpToMaximumCountWithFixedSleep(maxRetries=15, sleepTime=1000 MILLISECONDS)
2022-01-08 13:18:41,912 [EndpointStateMachine task thread for /127.0.0.1:12081 - 0 ] INFO  ipc.Client (Client.java:handleConnectionFailure(977)) - Retrying connect to server: localhost/127.0.0.1:12081. Already tried 11 time(s); retry policy is RetryUpToMaximumCountWithFixedSleep(maxRetries=15, sleepTime=1000 MILLISECONDS)
2022-01-08 13:18:42,218 [EndpointStateMachine task thread for /127.0.0.1:12101 - 0 ] INFO  ipc.Client (Client.java:handleConnectionFailure(977)) - Retrying connect to server: localhost/127.0.0.1:12101. Already tried 12 time(s); retry policy is RetryUpToMaximumCountWithFixedSleep(maxRetries=15, sleepTime=1000 MILLISECONDS)
2022-01-08 13:18:42,231 [ForkJoinPool.commonPool-worker-0] INFO  statemachine.DatanodeStateMachine (DatanodeStateMachine.java:stopDaemon(526)) - Ozone container server stopped.
2022-01-08 13:18:42,233 [ForkJoinPool.commonPool-worker-0] INFO  handler.ContextHandler (ContextHandler.java:doStop(1153)) - Stopped o.e.j.w.WebAppContext@4757e01{hddsDatanode,/,null,STOPPED}{jar:file:/home/runner/.m2/repository/org/apache/ozone/hdds-container-service/1.3.0-SNAPSHOT/hdds-container-service-1.3.0-SNAPSHOT.jar!/webapps/hddsDatanode}
2022-01-08 13:18:42,235 [ForkJoinPool.commonPool-worker-0] INFO  server.AbstractConnector (AbstractConnector.java:doStop(381)) - Stopped ServerConnector@69f4fa56{HTTP/1.1, (http/1.1)}{0.0.0.0:0}
2022-01-08 13:18:42,235 [ForkJoinPool.commonPool-worker-0] INFO  server.session (HouseKeeper.java:stopScavenging(149)) - node0 Stopped scavenging
2022-01-08 13:18:42,236 [ForkJoinPool.commonPool-worker-0] INFO  handler.ContextHandler (ContextHandler.java:doStop(1153)) - Stopped o.e.j.s.ServletContextHandler@3486cb21{static,/static,jar:file:/home/runner/.m2/repository/org/apache/ozone/hdds-container-service/1.3.0-SNAPSHOT/hdds-container-service-1.3.0-SNAPSHOT.jar!/webapps/static,STOPPED}
2022-01-08 13:18:42,236 [ForkJoinPool.commonPool-worker-0] INFO  handler.ContextHandler (ContextHandler.java:doStop(1153)) - Stopped o.e.j.s.ServletContextHandler@56c7ec0a{logs,/logs,file:///home/runner/work/ozone/ozone/hadoop-ozone/integration-test/target/log,STOPPED}
2022-01-08 13:18:42,299 [Listener at 127.0.0.1/12096] INFO  statemachine.DatanodeStateMachine (DatanodeStateMachine.java:stopDaemon(526)) - Ozone container server stopped.
2022-01-08 13:18:42,300 [Listener at 127.0.0.1/12096] INFO  handler.ContextHandler (ContextHandler.java:doStop(1153)) - Stopped o.e.j.w.WebAppContext@48bff6ff{hddsDatanode,/,null,STOPPED}{jar:file:/home/runner/.m2/repository/org/apache/ozone/hdds-container-service/1.3.0-SNAPSHOT/hdds-container-service-1.3.0-SNAPSHOT.jar!/webapps/hddsDatanode}
2022-01-08 13:18:42,302 [Listener at 127.0.0.1/12096] INFO  server.AbstractConnector (AbstractConnector.java:doStop(381)) - Stopped ServerConnector@4fa5fae0{HTTP/1.1, (http/1.1)}{0.0.0.0:0}
2022-01-08 13:18:42,302 [Listener at 127.0.0.1/12096] INFO  server.session (HouseKeeper.java:stopScavenging(149)) - node0 Stopped scavenging
2022-01-08 13:18:42,302 [Listener at 127.0.0.1/12096] INFO  handler.ContextHandler (ContextHandler.java:doStop(1153)) - Stopped o.e.j.s.ServletContextHandler@3c4c595e{static,/static,jar:file:/home/runner/.m2/repository/org/apache/ozone/hdds-container-service/1.3.0-SNAPSHOT/hdds-container-service-1.3.0-SNAPSHOT.jar!/webapps/static,STOPPED}
2022-01-08 13:18:42,303 [Listener at 127.0.0.1/12096] INFO  handler.ContextHandler (ContextHandler.java:doStop(1153)) - Stopped o.e.j.s.ServletContextHandler@618ffc7a{logs,/logs,file:///home/runner/work/ozone/ozone/hadoop-ozone/integration-test/target/log,STOPPED}
2022-01-08 13:18:42,603 [EndpointStateMachine task thread for /127.0.0.1:15227 - 0 ] INFO  ipc.Client (Client.java:handleConnectionFailure(977)) - Retrying connect to server: localhost/127.0.0.1:15227. Already tried 8 time(s); retry policy is RetryUpToMaximumCountWithFixedSleep(maxRetries=15, sleepTime=1000 MILLISECONDS)
2022-01-08 13:18:42,613 [EndpointStateMachine task thread for /127.0.0.1:15217 - 0 ] INFO  ipc.Client (Client.java:handleConnectionFailure(977)) - Retrying connect to server: localhost/127.0.0.1:15217. Already tried 11 time(s); retry policy is RetryUpToMaximumCountWithFixedSleep(maxRetries=15, sleepTime=1000 MILLISECONDS)
2022-01-08 13:18:42,635 [EndpointStateMachine task thread for /127.0.0.1:15237 - 0 ] INFO  ipc.Client (Client.java:handleConnectionFailure(977)) - Retrying connect to server: localhost/127.0.0.1:15237. Already tried 8 time(s); retry policy is RetryUpToMaximumCountWithFixedSleep(maxRetries=15, sleepTime=1000 MILLISECONDS)
2022-01-08 13:18:42,911 [Datanode State Machine Daemon Thread] WARN  statemachine.StateContext (StateContext.java:setState(249)) - Ignore disallowed transition from SHUTDOWN to RUNNING
2022-01-08 13:18:42,915 [EndpointStateMachine task thread for /127.0.0.1:12091 - 0 ] INFO  ipc.Client (Client.java:handleConnectionFailure(977)) - Retrying connect to server: localhost/127.0.0.1:12091. Already tried 9 time(s); retry policy is RetryUpToMaximumCountWithFixedSleep(maxRetries=15, sleepTime=1000 MILLISECONDS)
2022-01-08 13:18:42,915 [EndpointStateMachine task thread for /127.0.0.1:12081 - 0 ] INFO  ipc.Client (Client.java:handleConnectionFailure(977)) - Retrying connect to server: localhost/127.0.0.1:12081. Already tried 12 time(s); retry policy is RetryUpToMaximumCountWithFixedSleep(maxRetries=15, sleepTime=1000 MILLISECONDS)
2022-01-08 13:18:43,218 [EndpointStateMachine task thread for /127.0.0.1:12101 - 0 ] INFO  ipc.Client (Client.java:handleConnectionFailure(977)) - Retrying connect to server: localhost/127.0.0.1:12101. Already tried 13 time(s); retry policy is RetryUpToMaximumCountWithFixedSleep(maxRetries=15, sleepTime=1000 MILLISECONDS)
2022-01-08 13:18:43,604 [EndpointStateMachine task thread for /127.0.0.1:15227 - 0 ] INFO  ipc.Client (Client.java:handleConnectionFailure(977)) - Retrying connect to server: localhost/127.0.0.1:15227. Already tried 9 time(s); retry policy is RetryUpToMaximumCountWithFixedSleep(maxRetries=15, sleepTime=1000 MILLISECONDS)
2022-01-08 13:18:43,613 [EndpointStateMachine task thread for /127.0.0.1:15217 - 0 ] INFO  ipc.Client (Client.java:handleConnectionFailure(977)) - Retrying connect to server: localhost/127.0.0.1:15217. Already tried 12 time(s); retry policy is RetryUpToMaximumCountWithFixedSleep(maxRetries=15, sleepTime=1000 MILLISECONDS)
2022-01-08 13:18:43,636 [EndpointStateMachine task thread for /127.0.0.1:15237 - 0 ] INFO  ipc.Client (Client.java:handleConnectionFailure(977)) - Retrying connect to server: localhost/127.0.0.1:15237. Already tried 9 time(s); retry policy is RetryUpToMaximumCountWithFixedSleep(maxRetries=15, sleepTime=1000 MILLISECONDS)
2022-01-08 13:18:43,915 [EndpointStateMachine task thread for /127.0.0.1:12091 - 0 ] INFO  ipc.Client (Client.java:handleConnectionFailure(977)) - Retrying connect to server: localhost/127.0.0.1:12091. Already tried 10 time(s); retry policy is RetryUpToMaximumCountWithFixedSleep(maxRetries=15, sleepTime=1000 MILLISECONDS)
2022-01-08 13:18:43,916 [EndpointStateMachine task thread for /127.0.0.1:12081 - 0 ] INFO  ipc.Client (Client.java:handleConnectionFailure(977)) - Retrying connect to server: localhost/127.0.0.1:12081. Already tried 13 time(s); retry policy is RetryUpToMaximumCountWithFixedSleep(maxRetries=15, sleepTime=1000 MILLISECONDS)
2022-01-08 13:18:44,023 [grpc-default-executor-1] WARN  server.GrpcLogAppender (LogUtils.java:warn(122)) - c0322a57-4f2b-423f-b02f-0677e9b7408d@group-58F3DA5FB7B7->f4bd9712-e444-41ba-bddc-dab6ab48249e-AppendLogResponseHandler: Failed appendEntries: org.apache.ratis.thirdparty.io.grpc.StatusRuntimeException: UNAVAILABLE: io exception
2022-01-08 13:18:44,024 [grpc-default-executor-1] WARN  server.GrpcLogAppender (GrpcLogAppender.java:resetClient(110)) - c0322a57-4f2b-423f-b02f-0677e9b7408d@group-58F3DA5FB7B7->f4bd9712-e444-41ba-bddc-dab6ab48249e-GrpcLogAppender: Leader has not got in touch with Follower c0322a57-4f2b-423f-b02f-0677e9b7408d@group-58F3DA5FB7B7->f4bd9712-e444-41ba-bddc-dab6ab48249e(c0,m0,n1, attendVote=true, lastRpcSendTime=2508, lastRpcResponseTime=7523) yet, just keep nextIndex unchanged and retry.
2022-01-08 13:18:44,028 [grpc-default-executor-1] WARN  server.GrpcLogAppender (LogUtils.java:warn(122)) - c0322a57-4f2b-423f-b02f-0677e9b7408d@group-58F3DA5FB7B7->737545ee-dc45-4e08-9429-983c1d4f2632-AppendLogResponseHandler: Failed appendEntries: org.apache.ratis.thirdparty.io.grpc.StatusRuntimeException: UNAVAILABLE: io exception
2022-01-08 13:18:44,029 [grpc-default-executor-1] WARN  server.GrpcLogAppender (GrpcLogAppender.java:resetClient(110)) - c0322a57-4f2b-423f-b02f-0677e9b7408d@group-58F3DA5FB7B7->737545ee-dc45-4e08-9429-983c1d4f2632-GrpcLogAppender: Leader has not got in touch with Follower c0322a57-4f2b-423f-b02f-0677e9b7408d@group-58F3DA5FB7B7->737545ee-dc45-4e08-9429-983c1d4f2632(c0,m0,n1, attendVote=true, lastRpcSendTime=2510, lastRpcResponseTime=7549) yet, just keep nextIndex unchanged and retry.
2022-01-08 13:18:44,223 [EndpointStateMachine task thread for /127.0.0.1:12101 - 0 ] INFO  ipc.Client (Client.java:handleConnectionFailure(977)) - Retrying connect to server: localhost/127.0.0.1:12101. Already tried 14 time(s); retry policy is RetryUpToMaximumCountWithFixedSleep(maxRetries=15, sleepTime=1000 MILLISECONDS)
2022-01-08 13:18:44,530 [c0322a57-4f2b-423f-b02f-0677e9b7408d@group-CE302EA33CC7-FollowerState] INFO  impl.FollowerState (FollowerState.java:run(134)) - c0322a57-4f2b-423f-b02f-0677e9b7408d@group-CE302EA33CC7-FollowerState: change to CANDIDATE, lastRpcElapsedTime:7670505408ns, electionTimeout:5200ms
2022-01-08 13:18:44,530 [c0322a57-4f2b-423f-b02f-0677e9b7408d@group-CE302EA33CC7-FollowerState] INFO  impl.RoleInfo (RoleInfo.java:shutdownFollowerState(108)) - c0322a57-4f2b-423f-b02f-0677e9b7408d: shutdown c0322a57-4f2b-423f-b02f-0677e9b7408d@group-CE302EA33CC7-FollowerState
2022-01-08 13:18:44,530 [c0322a57-4f2b-423f-b02f-0677e9b7408d@group-CE302EA33CC7-FollowerState] INFO  server.RaftServer$Division (RaftServerImpl.java:setRole(290)) - c0322a57-4f2b-423f-b02f-0677e9b7408d@group-CE302EA33CC7: changes role from  FOLLOWER to CANDIDATE at term 3 for changeToCandidate
2022-01-08 13:18:44,530 [c0322a57-4f2b-423f-b02f-0677e9b7408d@group-CE302EA33CC7-FollowerState] INFO  server.RaftServerConfigKeys (ConfUtils.java:logGet(44)) - raft.server.leaderelection.pre-vote = false (custom)
2022-01-08 13:18:44,530 [c0322a57-4f2b-423f-b02f-0677e9b7408d@group-CE302EA33CC7-FollowerState] INFO  impl.RoleInfo (RoleInfo.java:updateAndGet(130)) - c0322a57-4f2b-423f-b02f-0677e9b7408d: start c0322a57-4f2b-423f-b02f-0677e9b7408d@group-CE302EA33CC7-LeaderElection31
2022-01-08 13:18:44,537 [c0322a57-4f2b-423f-b02f-0677e9b7408d@group-58F3DA5FB7B7-LeaderStateImpl] WARN  server.RaftServer$Division (LeaderStateImpl.java:checkLeadership(974)) - c0322a57-4f2b-423f-b02f-0677e9b7408d@group-58F3DA5FB7B7-LeaderStateImpl: Lost leadership on term: 2. Election timeout: 5200ms. In charge for: 15641ms. Conf: 0: [c0322a57-4f2b-423f-b02f-0677e9b7408d|rpc:127.0.0.1:43283|dataStream:|priority:1, f4bd9712-e444-41ba-bddc-dab6ab48249e|rpc:127.0.0.1:34435|dataStream:|priority:0, 737545ee-dc45-4e08-9429-983c1d4f2632|rpc:127.0.0.1:46773|dataStream:|priority:0], old=null
2022-01-08 13:18:44,538 [c0322a57-4f2b-423f-b02f-0677e9b7408d@group-58F3DA5FB7B7-LeaderStateImpl] WARN  server.RaftServer$Division (LeaderStateImpl.java:lambda$checkLeadership$15(978)) - Follower c0322a57-4f2b-423f-b02f-0677e9b7408d@group-58F3DA5FB7B7->f4bd9712-e444-41ba-bddc-dab6ab48249e(c0,m0,n1, attendVote=true, lastRpcSendTime=513, lastRpcResponseTime=8036)
2022-01-08 13:18:44,538 [c0322a57-4f2b-423f-b02f-0677e9b7408d@group-58F3DA5FB7B7-LeaderStateImpl] WARN  server.RaftServer$Division (LeaderStateImpl.java:lambda$checkLeadership$15(978)) - Follower c0322a57-4f2b-423f-b02f-0677e9b7408d@group-58F3DA5FB7B7->737545ee-dc45-4e08-9429-983c1d4f2632(c0,m0,n1, attendVote=true, lastRpcSendTime=507, lastRpcResponseTime=8058)
2022-01-08 13:18:44,538 [c0322a57-4f2b-423f-b02f-0677e9b7408d@group-58F3DA5FB7B7-LeaderStateImpl] INFO  server.RaftServer$Division (RaftServerImpl.java:setRole(290)) - c0322a57-4f2b-423f-b02f-0677e9b7408d@group-58F3DA5FB7B7: changes role from    LEADER to FOLLOWER at term 2 for StepDownReason:LOST_MAJORITY_HEARTBEATS
2022-01-08 13:18:44,538 [c0322a57-4f2b-423f-b02f-0677e9b7408d@group-58F3DA5FB7B7-LeaderStateImpl] INFO  impl.RoleInfo (RoleInfo.java:shutdownLeaderState(91)) - c0322a57-4f2b-423f-b02f-0677e9b7408d: shutdown c0322a57-4f2b-423f-b02f-0677e9b7408d@group-58F3DA5FB7B7-LeaderStateImpl
2022-01-08 13:18:44,547 [c0322a57-4f2b-423f-b02f-0677e9b7408d@group-58F3DA5FB7B7-LeaderStateImpl] INFO  impl.PendingRequests (PendingRequests.java:sendNotLeaderResponses(282)) - c0322a57-4f2b-423f-b02f-0677e9b7408d@group-58F3DA5FB7B7-PendingRequests: sendNotLeaderResponses
2022-01-08 13:18:44,548 [c0322a57-4f2b-423f-b02f-0677e9b7408d@group-58F3DA5FB7B7-LeaderStateImpl] INFO  impl.RoleInfo (RoleInfo.java:updateAndGet(130)) - c0322a57-4f2b-423f-b02f-0677e9b7408d: start c0322a57-4f2b-423f-b02f-0677e9b7408d@group-58F3DA5FB7B7-FollowerState
2022-01-08 13:18:44,555 [c0322a57-4f2b-423f-b02f-0677e9b7408d@group-CE302EA33CC7-LeaderElection31] INFO  server.RaftServer$Division (ServerState.java:setLeader(285)) - c0322a57-4f2b-423f-b02f-0677e9b7408d@group-CE302EA33CC7: change Leader from f4bd9712-e444-41ba-bddc-dab6ab48249e to null at term 3 for ELECTION
2022-01-08 13:18:44,559 [c0322a57-4f2b-423f-b02f-0677e9b7408d@group-CE302EA33CC7-LeaderElection31] INFO  impl.LeaderElection (LeaderElection.java:askForVotes(306)) - c0322a57-4f2b-423f-b02f-0677e9b7408d@group-CE302EA33CC7-LeaderElection31 ELECTION round 0: submit vote requests at term 4 for 0: [c0322a57-4f2b-423f-b02f-0677e9b7408d|rpc:127.0.0.1:43283|dataStream:|priority:0, f4bd9712-e444-41ba-bddc-dab6ab48249e|rpc:127.0.0.1:34435|dataStream:|priority:1, 737545ee-dc45-4e08-9429-983c1d4f2632|rpc:127.0.0.1:46773|dataStream:|priority:0], old=null
2022-01-08 13:18:44,563 [c0322a57-4f2b-423f-b02f-0677e9b7408d@group-CE302EA33CC7-LeaderElection31] INFO  impl.LeaderElection (LogUtils.java:infoOrTrace(137)) - c0322a57-4f2b-423f-b02f-0677e9b7408d@group-CE302EA33CC7-LeaderElection31 got exception when requesting votes: java.util.concurrent.ExecutionException: org.apache.ratis.thirdparty.io.grpc.StatusRuntimeException: UNAVAILABLE: io exception
2022-01-08 13:18:44,579 [c0322a57-4f2b-423f-b02f-0677e9b7408d@group-CE302EA33CC7-LeaderElection31] INFO  impl.LeaderElection (LogUtils.java:infoOrTrace(137)) - c0322a57-4f2b-423f-b02f-0677e9b7408d@group-CE302EA33CC7-LeaderElection31 got exception when requesting votes: java.util.concurrent.ExecutionException: org.apache.ratis.thirdparty.io.grpc.StatusRuntimeException: UNAVAILABLE: io exception
2022-01-08 13:18:44,579 [c0322a57-4f2b-423f-b02f-0677e9b7408d@group-CE302EA33CC7-LeaderElection31] INFO  impl.LeaderElection (LeaderElection.java:logAndReturn(89)) - c0322a57-4f2b-423f-b02f-0677e9b7408d@group-CE302EA33CC7-LeaderElection31: ELECTION REJECTED received 0 response(s) and 2 exception(s):
2022-01-08 13:18:44,579 [c0322a57-4f2b-423f-b02f-0677e9b7408d@group-CE302EA33CC7-LeaderElection31] INFO  impl.LeaderElection (LogUtils.java:infoOrTrace(137)) -   Exception 0: java.util.concurrent.ExecutionException: org.apache.ratis.thirdparty.io.grpc.StatusRuntimeException: UNAVAILABLE: io exception
2022-01-08 13:18:44,579 [c0322a57-4f2b-423f-b02f-0677e9b7408d@group-CE302EA33CC7-LeaderElection31] INFO  impl.LeaderElection (LogUtils.java:infoOrTrace(137)) -   Exception 1: java.util.concurrent.ExecutionException: org.apache.ratis.thirdparty.io.grpc.StatusRuntimeException: UNAVAILABLE: io exception
2022-01-08 13:18:44,579 [c0322a57-4f2b-423f-b02f-0677e9b7408d@group-CE302EA33CC7-LeaderElection31] INFO  impl.LeaderElection (LeaderElection.java:askForVotes(308)) - c0322a57-4f2b-423f-b02f-0677e9b7408d@group-CE302EA33CC7-LeaderElection31 ELECTION round 0: result REJECTED
2022-01-08 13:18:44,579 [c0322a57-4f2b-423f-b02f-0677e9b7408d@group-CE302EA33CC7-LeaderElection31] INFO  server.RaftServer$Division (RaftServerImpl.java:setRole(290)) - c0322a57-4f2b-423f-b02f-0677e9b7408d@group-CE302EA33CC7: changes role from CANDIDATE to FOLLOWER at term 4 for REJECTED
2022-01-08 13:18:44,579 [c0322a57-4f2b-423f-b02f-0677e9b7408d@group-CE302EA33CC7-LeaderElection31] INFO  impl.RoleInfo (RoleInfo.java:shutdownLeaderElection(121)) - c0322a57-4f2b-423f-b02f-0677e9b7408d: shutdown c0322a57-4f2b-423f-b02f-0677e9b7408d@group-CE302EA33CC7-LeaderElection31
2022-01-08 13:18:44,579 [c0322a57-4f2b-423f-b02f-0677e9b7408d@group-CE302EA33CC7-LeaderElection31] INFO  impl.RoleInfo (RoleInfo.java:updateAndGet(130)) - c0322a57-4f2b-423f-b02f-0677e9b7408d: start c0322a57-4f2b-423f-b02f-0677e9b7408d@group-CE302EA33CC7-FollowerState
2022-01-08 13:18:44,607 [EndpointStateMachine task thread for /127.0.0.1:15227 - 0 ] INFO  ipc.Client (Client.java:handleConnectionFailure(977)) - Retrying connect to server: localhost/127.0.0.1:15227. Already tried 10 time(s); retry policy is RetryUpToMaximumCountWithFixedSleep(maxRetries=15, sleepTime=1000 MILLISECONDS)
2022-01-08 13:18:44,614 [EndpointStateMachine task thread for /127.0.0.1:15217 - 0 ] INFO  ipc.Client (Client.java:handleConnectionFailure(977)) - Retrying connect to server: localhost/127.0.0.1:15217. Already tried 13 time(s); retry policy is RetryUpToMaximumCountWithFixedSleep(maxRetries=15, sleepTime=1000 MILLISECONDS)
2022-01-08 13:18:44,639 [EndpointStateMachine task thread for /127.0.0.1:15237 - 0 ] INFO  ipc.Client (Client.java:handleConnectionFailure(977)) - Retrying connect to server: localhost/127.0.0.1:15237. Already tried 10 time(s); retry policy is RetryUpToMaximumCountWithFixedSleep(maxRetries=15, sleepTime=1000 MILLISECONDS)
2022-01-08 13:18:44,916 [EndpointStateMachine task thread for /127.0.0.1:12091 - 0 ] INFO  ipc.Client (Client.java:handleConnectionFailure(977)) - Retrying connect to server: localhost/127.0.0.1:12091. Already tried 11 time(s); retry policy is RetryUpToMaximumCountWithFixedSleep(maxRetries=15, sleepTime=1000 MILLISECONDS)
2022-01-08 13:18:44,916 [EndpointStateMachine task thread for /127.0.0.1:12081 - 0 ] INFO  ipc.Client (Client.java:handleConnectionFailure(977)) - Retrying connect to server: localhost/127.0.0.1:12081. Already tried 14 time(s); retry policy is RetryUpToMaximumCountWithFixedSleep(maxRetries=15, sleepTime=1000 MILLISECONDS)
2022-01-08 13:18:44,917 [EndpointStateMachine task thread for /127.0.0.1:12081 - 0 ] WARN  statemachine.EndpointStateMachine (EndpointStateMachine.java:logIfNeeded(236)) - Unable to communicate to SCM server at localhost:12081 for past 0 seconds.
java.net.ConnectException: Call From fv-az195-8/10.1.0.5 to localhost:12081 failed on connection exception: java.net.ConnectException: Connection refused; For more details see:  http://wiki.apache.org/hadoop/ConnectionRefused
	at sun.reflect.GeneratedConstructorAccessor42.newInstance(Unknown Source)
	at sun.reflect.DelegatingConstructorAccessorImpl.newInstance(DelegatingConstructorAccessorImpl.java:45)
	at java.lang.reflect.Constructor.newInstance(Constructor.java:423)
	at org.apache.hadoop.net.NetUtils.wrapWithMessage(NetUtils.java:913)
	at org.apache.hadoop.net.NetUtils.wrapException(NetUtils.java:828)
	at org.apache.hadoop.ipc.Client.getRpcResponse(Client.java:1577)
	at org.apache.hadoop.ipc.Client.call(Client.java:1519)
	at org.apache.hadoop.ipc.Client.call(Client.java:1416)
	at org.apache.hadoop.ipc.ProtobufRpcEngine$Invoker.invoke(ProtobufRpcEngine.java:236)
	at org.apache.hadoop.ipc.ProtobufRpcEngine$Invoker.invoke(ProtobufRpcEngine.java:123)
	at com.sun.proxy.$Proxy48.submitRequest(Unknown Source)
	at org.apache.hadoop.ozone.protocolPB.StorageContainerDatanodeProtocolClientSideTranslatorPB.submitRequest(StorageContainerDatanodeProtocolClientSideTranslatorPB.java:117)
	at org.apache.hadoop.ozone.protocolPB.StorageContainerDatanodeProtocolClientSideTranslatorPB.sendHeartbeat(StorageContainerDatanodeProtocolClientSideTranslatorPB.java:149)
	at org.apache.hadoop.ozone.container.common.states.endpoint.HeartbeatEndpointTask.call(HeartbeatEndpointTask.java:179)
	at org.apache.hadoop.ozone.container.common.states.endpoint.HeartbeatEndpointTask.call(HeartbeatEndpointTask.java:82)
	at java.util.concurrent.FutureTask.run(FutureTask.java:266)
	at java.util.concurrent.ThreadPoolExecutor.runWorker(ThreadPoolExecutor.java:1149)
	at java.util.concurrent.ThreadPoolExecutor$Worker.run(ThreadPoolExecutor.java:624)
	at java.lang.Thread.run(Thread.java:748)
Caused by: java.net.ConnectException: Connection refused
	at sun.nio.ch.SocketChannelImpl.checkConnect(Native Method)
	at sun.nio.ch.SocketChannelImpl.finishConnect(SocketChannelImpl.java:716)
	at org.apache.hadoop.net.SocketIOWithTimeout.connect(SocketIOWithTimeout.java:206)
	at org.apache.hadoop.net.NetUtils.connect(NetUtils.java:586)
	at org.apache.hadoop.ipc.Client$Connection.setupConnection(Client.java:701)
	at org.apache.hadoop.ipc.Client$Connection.setupIOstreams(Client.java:822)
	at org.apache.hadoop.ipc.Client$Connection.access$3800(Client.java:414)
	at org.apache.hadoop.ipc.Client.getConnection(Client.java:1647)
	at org.apache.hadoop.ipc.Client.call(Client.java:1463)
	... 12 more
2022-01-08 13:18:45,224 [EndpointStateMachine task thread for /127.0.0.1:12101 - 0 ] INFO  ipc.Client (Client.java:handleConnectionFailure(977)) - Retrying connect to server: localhost/127.0.0.1:12101. Already tried 0 time(s); retry policy is RetryUpToMaximumCountWithFixedSleep(maxRetries=15, sleepTime=1000 MILLISECONDS)
2022-01-08 13:18:45,607 [EndpointStateMachine task thread for /127.0.0.1:15227 - 0 ] INFO  ipc.Client (Client.java:handleConnectionFailure(977)) - Retrying connect to server: localhost/127.0.0.1:15227. Already tried 11 time(s); retry policy is RetryUpToMaximumCountWithFixedSleep(maxRetries=15, sleepTime=1000 MILLISECONDS)
2022-01-08 13:18:45,614 [EndpointStateMachine task thread for /127.0.0.1:15217 - 0 ] INFO  ipc.Client (Client.java:handleConnectionFailure(977)) - Retrying connect to server: localhost/127.0.0.1:15217. Already tried 14 time(s); retry policy is RetryUpToMaximumCountWithFixedSleep(maxRetries=15, sleepTime=1000 MILLISECONDS)
2022-01-08 13:18:45,615 [EndpointStateMachine task thread for /127.0.0.1:15217 - 0 ] WARN  statemachine.EndpointStateMachine (EndpointStateMachine.java:logIfNeeded(236)) - Unable to communicate to SCM server at localhost:15217 for past 0 seconds.
java.net.ConnectException: Call From fv-az195-8/10.1.0.5 to localhost:15217 failed on connection exception: java.net.ConnectException: Connection refused; For more details see:  http://wiki.apache.org/hadoop/ConnectionRefused
	at sun.reflect.GeneratedConstructorAccessor42.newInstance(Unknown Source)
	at sun.reflect.DelegatingConstructorAccessorImpl.newInstance(DelegatingConstructorAccessorImpl.java:45)
	at java.lang.reflect.Constructor.newInstance(Constructor.java:423)
	at org.apache.hadoop.net.NetUtils.wrapWithMessage(NetUtils.java:913)
	at org.apache.hadoop.net.NetUtils.wrapException(NetUtils.java:828)
	at org.apache.hadoop.ipc.Client.getRpcResponse(Client.java:1577)
	at org.apache.hadoop.ipc.Client.call(Client.java:1519)
	at org.apache.hadoop.ipc.Client.call(Client.java:1416)
	at org.apache.hadoop.ipc.ProtobufRpcEngine$Invoker.invoke(ProtobufRpcEngine.java:236)
	at org.apache.hadoop.ipc.ProtobufRpcEngine$Invoker.invoke(ProtobufRpcEngine.java:123)
	at com.sun.proxy.$Proxy48.submitRequest(Unknown Source)
	at org.apache.hadoop.ozone.protocolPB.StorageContainerDatanodeProtocolClientSideTranslatorPB.submitRequest(StorageContainerDatanodeProtocolClientSideTranslatorPB.java:117)
	at org.apache.hadoop.ozone.protocolPB.StorageContainerDatanodeProtocolClientSideTranslatorPB.sendHeartbeat(StorageContainerDatanodeProtocolClientSideTranslatorPB.java:149)
	at org.apache.hadoop.ozone.container.common.states.endpoint.HeartbeatEndpointTask.call(HeartbeatEndpointTask.java:179)
	at org.apache.hadoop.ozone.container.common.states.endpoint.HeartbeatEndpointTask.call(HeartbeatEndpointTask.java:82)
	at java.util.concurrent.FutureTask.run(FutureTask.java:266)
	at java.util.concurrent.ThreadPoolExecutor.runWorker(ThreadPoolExecutor.java:1149)
	at java.util.concurrent.ThreadPoolExecutor$Worker.run(ThreadPoolExecutor.java:624)
	at java.lang.Thread.run(Thread.java:748)
Caused by: java.net.ConnectException: Connection refused
	at sun.nio.ch.SocketChannelImpl.checkConnect(Native Method)
	at sun.nio.ch.SocketChannelImpl.finishConnect(SocketChannelImpl.java:716)
	at org.apache.hadoop.net.SocketIOWithTimeout.connect(SocketIOWithTimeout.java:206)
	at org.apache.hadoop.net.NetUtils.connect(NetUtils.java:586)
	at org.apache.hadoop.ipc.Client$Connection.setupConnection(Client.java:701)
	at org.apache.hadoop.ipc.Client$Connection.setupIOstreams(Client.java:822)
	at org.apache.hadoop.ipc.Client$Connection.access$3800(Client.java:414)
	at org.apache.hadoop.ipc.Client.getConnection(Client.java:1647)
	at org.apache.hadoop.ipc.Client.call(Client.java:1463)
	... 12 more
2022-01-08 13:18:45,639 [EndpointStateMachine task thread for /127.0.0.1:15237 - 0 ] INFO  ipc.Client (Client.java:handleConnectionFailure(977)) - Retrying connect to server: localhost/127.0.0.1:15237. Already tried 11 time(s); retry policy is RetryUpToMaximumCountWithFixedSleep(maxRetries=15, sleepTime=1000 MILLISECONDS)
2022-01-08 13:18:45,916 [EndpointStateMachine task thread for /127.0.0.1:12091 - 0 ] INFO  ipc.Client (Client.java:handleConnectionFailure(977)) - Retrying connect to server: localhost/127.0.0.1:12091. Already tried 12 time(s); retry policy is RetryUpToMaximumCountWithFixedSleep(maxRetries=15, sleepTime=1000 MILLISECONDS)
2022-01-08 13:18:45,917 [EndpointStateMachine task thread for /127.0.0.1:12081 - 0 ] INFO  ipc.Client (Client.java:handleConnectionFailure(977)) - Retrying connect to server: localhost/127.0.0.1:12081. Already tried 0 time(s); retry policy is RetryUpToMaximumCountWithFixedSleep(maxRetries=15, sleepTime=1000 MILLISECONDS)
2022-01-08 13:18:46,224 [EndpointStateMachine task thread for /127.0.0.1:12101 - 0 ] INFO  ipc.Client (Client.java:handleConnectionFailure(977)) - Retrying connect to server: localhost/127.0.0.1:12101. Already tried 1 time(s); retry policy is RetryUpToMaximumCountWithFixedSleep(maxRetries=15, sleepTime=1000 MILLISECONDS)
2022-01-08 13:18:46,608 [EndpointStateMachine task thread for /127.0.0.1:15227 - 0 ] INFO  ipc.Client (Client.java:handleConnectionFailure(977)) - Retrying connect to server: localhost/127.0.0.1:15227. Already tried 12 time(s); retry policy is RetryUpToMaximumCountWithFixedSleep(maxRetries=15, sleepTime=1000 MILLISECONDS)
2022-01-08 13:18:46,615 [EndpointStateMachine task thread for /127.0.0.1:15217 - 0 ] INFO  ipc.Client (Client.java:handleConnectionFailure(977)) - Retrying connect to server: localhost/127.0.0.1:15217. Already tried 0 time(s); retry policy is RetryUpToMaximumCountWithFixedSleep(maxRetries=15, sleepTime=1000 MILLISECONDS)
2022-01-08 13:18:46,640 [EndpointStateMachine task thread for /127.0.0.1:15237 - 0 ] INFO  ipc.Client (Client.java:handleConnectionFailure(977)) - Retrying connect to server: localhost/127.0.0.1:15237. Already tried 12 time(s); retry policy is RetryUpToMaximumCountWithFixedSleep(maxRetries=15, sleepTime=1000 MILLISECONDS)
2022-01-08 13:18:46,917 [EndpointStateMachine task thread for /127.0.0.1:12091 - 0 ] INFO  ipc.Client (Client.java:handleConnectionFailure(977)) - Retrying connect to server: localhost/127.0.0.1:12091. Already tried 13 time(s); retry policy is RetryUpToMaximumCountWithFixedSleep(maxRetries=15, sleepTime=1000 MILLISECONDS)
2022-01-08 13:18:46,917 [EndpointStateMachine task thread for /127.0.0.1:12081 - 0 ] INFO  ipc.Client (Client.java:handleConnectionFailure(977)) - Retrying connect to server: localhost/127.0.0.1:12081. Already tried 1 time(s); retry policy is RetryUpToMaximumCountWithFixedSleep(maxRetries=15, sleepTime=1000 MILLISECONDS)
2022-01-08 13:18:47,225 [EndpointStateMachine task thread for /127.0.0.1:12101 - 0 ] INFO  ipc.Client (Client.java:handleConnectionFailure(977)) - Retrying connect to server: localhost/127.0.0.1:12101. Already tried 2 time(s); retry policy is RetryUpToMaximumCountWithFixedSleep(maxRetries=15, sleepTime=1000 MILLISECONDS)
2022-01-08 13:18:47,238 [ForkJoinPool.commonPool-worker-0] INFO  ozoneimpl.OzoneContainer (OzoneContainer.java:stop(336)) - Attempting to stop container services.
2022-01-08 13:18:47,239 [ForkJoinPool.commonPool-worker-0] INFO  server.RaftServer (RaftServerProxy.java:lambda$close$6(391)) - c0322a57-4f2b-423f-b02f-0677e9b7408d: close
2022-01-08 13:18:47,239 [ForkJoinPool.commonPool-worker-0] INFO  server.RaftServer$Division (RaftServerImpl.java:lambda$close$4(412)) - c0322a57-4f2b-423f-b02f-0677e9b7408d@group-58F3DA5FB7B7: shutdown
2022-01-08 13:18:47,239 [ForkJoinPool.commonPool-worker-0] INFO  util.JmxRegister (JmxRegister.java:unregister(73)) - Successfully un-registered JMX Bean with object name Ratis:service=RaftServer,group=group-58F3DA5FB7B7,id=c0322a57-4f2b-423f-b02f-0677e9b7408d
2022-01-08 13:18:47,239 [ForkJoinPool.commonPool-worker-0] INFO  impl.RoleInfo (RoleInfo.java:shutdownFollowerState(108)) - c0322a57-4f2b-423f-b02f-0677e9b7408d: shutdown c0322a57-4f2b-423f-b02f-0677e9b7408d@group-58F3DA5FB7B7-FollowerState
2022-01-08 13:18:47,239 [ForkJoinPool.commonPool-worker-0] INFO  impl.StateMachineUpdater (StateMachineUpdater.java:stopAndJoin(149)) - c0322a57-4f2b-423f-b02f-0677e9b7408d@group-58F3DA5FB7B7-StateMachineUpdater: set stopIndex = 0
2022-01-08 13:18:47,239 [c0322a57-4f2b-423f-b02f-0677e9b7408d@group-58F3DA5FB7B7-FollowerState] INFO  impl.FollowerState (FollowerState.java:run(143)) - c0322a57-4f2b-423f-b02f-0677e9b7408d@group-58F3DA5FB7B7-FollowerState was interrupted: {}
java.lang.InterruptedException: sleep interrupted
	at java.lang.Thread.sleep(Native Method)
	at java.lang.Thread.sleep(Thread.java:340)
	at java.util.concurrent.TimeUnit.sleep(TimeUnit.java:386)
	at org.apache.ratis.util.TimeDuration.sleep(TimeDuration.java:324)
	at org.apache.ratis.util.TimeDuration.sleep(TimeDuration.java:309)
	at org.apache.ratis.server.impl.FollowerState.run(FollowerState.java:118)
2022-01-08 13:18:47,239 [c0322a57-4f2b-423f-b02f-0677e9b7408d@group-58F3DA5FB7B7-StateMachineUpdater] INFO  ratis.ContainerStateMachine (ContainerStateMachine.java:takeSnapshot(299)) - group-58F3DA5FB7B7: Taking a snapshot at:(t:2, i:0) file /home/runner/work/ozone/ozone/hadoop-ozone/integration-test/target/test-dir/MiniOzoneClusterImpl-96dde82e-0bdc-4c97-ae5c-ef816938392d/datanode-2/data/ratis/d6dbbfe3-3ab8-4abf-9991-58f3da5fb7b7/sm/snapshot.2_0
2022-01-08 13:18:47,241 [c0322a57-4f2b-423f-b02f-0677e9b7408d@group-58F3DA5FB7B7-StateMachineUpdater] INFO  ratis.ContainerStateMachine (ContainerStateMachine.java:takeSnapshot(310)) - group-58F3DA5FB7B7: Finished taking a snapshot at:(t:2, i:0) file:/home/runner/work/ozone/ozone/hadoop-ozone/integration-test/target/test-dir/MiniOzoneClusterImpl-96dde82e-0bdc-4c97-ae5c-ef816938392d/datanode-2/data/ratis/d6dbbfe3-3ab8-4abf-9991-58f3da5fb7b7/sm/snapshot.2_0 took: 1 ms
2022-01-08 13:18:47,241 [c0322a57-4f2b-423f-b02f-0677e9b7408d@group-58F3DA5FB7B7-StateMachineUpdater] INFO  impl.StateMachineUpdater (StateMachineUpdater.java:takeSnapshot(281)) - c0322a57-4f2b-423f-b02f-0677e9b7408d@group-58F3DA5FB7B7-StateMachineUpdater: Took a snapshot at index 0
2022-01-08 13:18:47,241 [c0322a57-4f2b-423f-b02f-0677e9b7408d@group-58F3DA5FB7B7-StateMachineUpdater] INFO  impl.StateMachineUpdater (StateMachineUpdater.java:lambda$new$0(89)) - c0322a57-4f2b-423f-b02f-0677e9b7408d@group-58F3DA5FB7B7-StateMachineUpdater: snapshotIndex: updateIncreasingly -1 -> 0
2022-01-08 13:18:47,241 [ForkJoinPool.commonPool-worker-0] INFO  server.RaftServer$Division (ServerState.java:close(419)) - c0322a57-4f2b-423f-b02f-0677e9b7408d@group-58F3DA5FB7B7: closes. applyIndex: 0
2022-01-08 13:18:47,241 [c0322a57-4f2b-423f-b02f-0677e9b7408d@group-58F3DA5FB7B7-SegmentedRaftLogWorker] INFO  segmented.SegmentedRaftLogWorker (SegmentedRaftLogWorker.java:run(327)) - c0322a57-4f2b-423f-b02f-0677e9b7408d@group-58F3DA5FB7B7-SegmentedRaftLogWorker was interrupted, exiting. There are 0 tasks remaining in the queue.
2022-01-08 13:18:47,242 [ForkJoinPool.commonPool-worker-0] INFO  segmented.SegmentedRaftLogWorker (SegmentedRaftLogWorker.java:close(237)) - c0322a57-4f2b-423f-b02f-0677e9b7408d@group-58F3DA5FB7B7-SegmentedRaftLogWorker close()
2022-01-08 13:18:47,242 [ForkJoinPool.commonPool-worker-0] INFO  server.RaftServer$Division (RaftServerImpl.java:lambda$close$4(412)) - c0322a57-4f2b-423f-b02f-0677e9b7408d@group-CE302EA33CC7: shutdown
2022-01-08 13:18:47,242 [ForkJoinPool.commonPool-worker-0] INFO  util.JmxRegister (JmxRegister.java:unregister(73)) - Successfully un-registered JMX Bean with object name Ratis:service=RaftServer,group=group-CE302EA33CC7,id=c0322a57-4f2b-423f-b02f-0677e9b7408d
2022-01-08 13:18:47,242 [ForkJoinPool.commonPool-worker-0] INFO  impl.RoleInfo (RoleInfo.java:shutdownFollowerState(108)) - c0322a57-4f2b-423f-b02f-0677e9b7408d: shutdown c0322a57-4f2b-423f-b02f-0677e9b7408d@group-CE302EA33CC7-FollowerState
2022-01-08 13:18:47,242 [ForkJoinPool.commonPool-worker-0] INFO  impl.StateMachineUpdater (StateMachineUpdater.java:stopAndJoin(149)) - c0322a57-4f2b-423f-b02f-0677e9b7408d@group-CE302EA33CC7-StateMachineUpdater: set stopIndex = 0
2022-01-08 13:18:47,242 [c0322a57-4f2b-423f-b02f-0677e9b7408d@group-CE302EA33CC7-FollowerState] INFO  impl.FollowerState (FollowerState.java:run(143)) - c0322a57-4f2b-423f-b02f-0677e9b7408d@group-CE302EA33CC7-FollowerState was interrupted: {}
java.lang.InterruptedException: sleep interrupted
	at java.lang.Thread.sleep(Native Method)
	at java.lang.Thread.sleep(Thread.java:340)
	at java.util.concurrent.TimeUnit.sleep(TimeUnit.java:386)
	at org.apache.ratis.util.TimeDuration.sleep(TimeDuration.java:324)
	at org.apache.ratis.util.TimeDuration.sleep(TimeDuration.java:309)
	at org.apache.ratis.server.impl.FollowerState.run(FollowerState.java:118)
2022-01-08 13:18:47,242 [c0322a57-4f2b-423f-b02f-0677e9b7408d@group-CE302EA33CC7-StateMachineUpdater] INFO  ratis.ContainerStateMachine (ContainerStateMachine.java:takeSnapshot(299)) - group-CE302EA33CC7: Taking a snapshot at:(t:3, i:0) file /home/runner/work/ozone/ozone/hadoop-ozone/integration-test/target/test-dir/MiniOzoneClusterImpl-96dde82e-0bdc-4c97-ae5c-ef816938392d/datanode-2/data/ratis/f9f2e218-2216-472b-9998-ce302ea33cc7/sm/snapshot.3_0
2022-01-08 13:18:47,255 [c0322a57-4f2b-423f-b02f-0677e9b7408d@group-CE302EA33CC7-StateMachineUpdater] INFO  ratis.ContainerStateMachine (ContainerStateMachine.java:takeSnapshot(310)) - group-CE302EA33CC7: Finished taking a snapshot at:(t:3, i:0) file:/home/runner/work/ozone/ozone/hadoop-ozone/integration-test/target/test-dir/MiniOzoneClusterImpl-96dde82e-0bdc-4c97-ae5c-ef816938392d/datanode-2/data/ratis/f9f2e218-2216-472b-9998-ce302ea33cc7/sm/snapshot.3_0 took: 13 ms
2022-01-08 13:18:47,255 [c0322a57-4f2b-423f-b02f-0677e9b7408d@group-CE302EA33CC7-StateMachineUpdater] INFO  impl.StateMachineUpdater (StateMachineUpdater.java:takeSnapshot(281)) - c0322a57-4f2b-423f-b02f-0677e9b7408d@group-CE302EA33CC7-StateMachineUpdater: Took a snapshot at index 0
2022-01-08 13:18:47,255 [c0322a57-4f2b-423f-b02f-0677e9b7408d@group-CE302EA33CC7-StateMachineUpdater] INFO  impl.StateMachineUpdater (StateMachineUpdater.java:lambda$new$0(89)) - c0322a57-4f2b-423f-b02f-0677e9b7408d@group-CE302EA33CC7-StateMachineUpdater: snapshotIndex: updateIncreasingly -1 -> 0
2022-01-08 13:18:47,256 [ForkJoinPool.commonPool-worker-0] INFO  server.RaftServer$Division (ServerState.java:close(419)) - c0322a57-4f2b-423f-b02f-0677e9b7408d@group-CE302EA33CC7: closes. applyIndex: 0
2022-01-08 13:18:47,256 [c0322a57-4f2b-423f-b02f-0677e9b7408d@group-CE302EA33CC7-SegmentedRaftLogWorker] INFO  segmented.SegmentedRaftLogWorker (SegmentedRaftLogWorker.java:run(327)) - c0322a57-4f2b-423f-b02f-0677e9b7408d@group-CE302EA33CC7-SegmentedRaftLogWorker was interrupted, exiting. There are 0 tasks remaining in the queue.
2022-01-08 13:18:47,256 [ForkJoinPool.commonPool-worker-0] INFO  segmented.SegmentedRaftLogWorker (SegmentedRaftLogWorker.java:close(237)) - c0322a57-4f2b-423f-b02f-0677e9b7408d@group-CE302EA33CC7-SegmentedRaftLogWorker close()
2022-01-08 13:18:47,257 [ForkJoinPool.commonPool-worker-0] INFO  server.RaftServer$Division (RaftServerImpl.java:lambda$close$4(412)) - c0322a57-4f2b-423f-b02f-0677e9b7408d@group-85640173BA8F: shutdown
2022-01-08 13:18:47,257 [ForkJoinPool.commonPool-worker-0] INFO  util.JmxRegister (JmxRegister.java:unregister(73)) - Successfully un-registered JMX Bean with object name Ratis:service=RaftServer,group=group-85640173BA8F,id=c0322a57-4f2b-423f-b02f-0677e9b7408d
2022-01-08 13:18:47,257 [ForkJoinPool.commonPool-worker-0] INFO  impl.RoleInfo (RoleInfo.java:shutdownLeaderState(91)) - c0322a57-4f2b-423f-b02f-0677e9b7408d: shutdown c0322a57-4f2b-423f-b02f-0677e9b7408d@group-85640173BA8F-LeaderStateImpl
2022-01-08 13:18:47,257 [ForkJoinPool.commonPool-worker-0] INFO  impl.PendingRequests (PendingRequests.java:sendNotLeaderResponses(282)) - c0322a57-4f2b-423f-b02f-0677e9b7408d@group-85640173BA8F-PendingRequests: sendNotLeaderResponses
2022-01-08 13:18:47,257 [ForkJoinPool.commonPool-worker-0] INFO  impl.StateMachineUpdater (StateMachineUpdater.java:stopAndJoin(149)) - c0322a57-4f2b-423f-b02f-0677e9b7408d@group-85640173BA8F-StateMachineUpdater: set stopIndex = 0
2022-01-08 13:18:47,257 [c0322a57-4f2b-423f-b02f-0677e9b7408d@group-85640173BA8F-StateMachineUpdater] INFO  ratis.ContainerStateMachine (ContainerStateMachine.java:takeSnapshot(299)) - group-85640173BA8F: Taking a snapshot at:(t:1, i:0) file /home/runner/work/ozone/ozone/hadoop-ozone/integration-test/target/test-dir/MiniOzoneClusterImpl-96dde82e-0bdc-4c97-ae5c-ef816938392d/datanode-2/data/ratis/d50a1c30-1eb4-42e6-9dee-85640173ba8f/sm/snapshot.1_0
2022-01-08 13:18:47,258 [c0322a57-4f2b-423f-b02f-0677e9b7408d@group-85640173BA8F-StateMachineUpdater] INFO  ratis.ContainerStateMachine (ContainerStateMachine.java:takeSnapshot(310)) - group-85640173BA8F: Finished taking a snapshot at:(t:1, i:0) file:/home/runner/work/ozone/ozone/hadoop-ozone/integration-test/target/test-dir/MiniOzoneClusterImpl-96dde82e-0bdc-4c97-ae5c-ef816938392d/datanode-2/data/ratis/d50a1c30-1eb4-42e6-9dee-85640173ba8f/sm/snapshot.1_0 took: 1 ms
2022-01-08 13:18:47,258 [c0322a57-4f2b-423f-b02f-0677e9b7408d@group-85640173BA8F-StateMachineUpdater] INFO  impl.StateMachineUpdater (StateMachineUpdater.java:takeSnapshot(281)) - c0322a57-4f2b-423f-b02f-0677e9b7408d@group-85640173BA8F-StateMachineUpdater: Took a snapshot at index 0
2022-01-08 13:18:47,258 [c0322a57-4f2b-423f-b02f-0677e9b7408d@group-85640173BA8F-StateMachineUpdater] INFO  impl.StateMachineUpdater (StateMachineUpdater.java:lambda$new$0(89)) - c0322a57-4f2b-423f-b02f-0677e9b7408d@group-85640173BA8F-StateMachineUpdater: snapshotIndex: updateIncreasingly -1 -> 0
2022-01-08 13:18:47,267 [ForkJoinPool.commonPool-worker-0] INFO  server.RaftServer$Division (ServerState.java:close(419)) - c0322a57-4f2b-423f-b02f-0677e9b7408d@group-85640173BA8F: closes. applyIndex: 0
2022-01-08 13:18:47,267 [c0322a57-4f2b-423f-b02f-0677e9b7408d@group-85640173BA8F-SegmentedRaftLogWorker] INFO  segmented.SegmentedRaftLogWorker (SegmentedRaftLogWorker.java:run(327)) - c0322a57-4f2b-423f-b02f-0677e9b7408d@group-85640173BA8F-SegmentedRaftLogWorker was interrupted, exiting. There are 0 tasks remaining in the queue.
2022-01-08 13:18:47,267 [ForkJoinPool.commonPool-worker-0] INFO  segmented.SegmentedRaftLogWorker (SegmentedRaftLogWorker.java:close(237)) - c0322a57-4f2b-423f-b02f-0677e9b7408d@group-85640173BA8F-SegmentedRaftLogWorker close()
2022-01-08 13:18:47,267 [ForkJoinPool.commonPool-worker-0] INFO  server.GrpcService (GrpcService.java:closeImpl(262)) - c0322a57-4f2b-423f-b02f-0677e9b7408d: shutdown server with port 43283 now
2022-01-08 13:18:47,285 [ForkJoinPool.commonPool-worker-0] INFO  server.GrpcService (GrpcService.java:closeImpl(271)) - c0322a57-4f2b-423f-b02f-0677e9b7408d: shutdown server with port 43283 successfully
2022-01-08 13:18:47,285 [org.apache.ratis.util.JvmPauseMonitor$$Lambda$500/2122256138@794ed8d5] INFO  util.JvmPauseMonitor (JvmPauseMonitor.java:run(109)) - JvmPauseMonitor-c0322a57-4f2b-423f-b02f-0677e9b7408d: Stopped
2022-01-08 13:18:47,609 [EndpointStateMachine task thread for /127.0.0.1:15227 - 0 ] INFO  ipc.Client (Client.java:handleConnectionFailure(977)) - Retrying connect to server: localhost/127.0.0.1:15227. Already tried 13 time(s); retry policy is RetryUpToMaximumCountWithFixedSleep(maxRetries=15, sleepTime=1000 MILLISECONDS)
2022-01-08 13:18:47,616 [EndpointStateMachine task thread for /127.0.0.1:15217 - 0 ] INFO  ipc.Client (Client.java:handleConnectionFailure(977)) - Retrying connect to server: localhost/127.0.0.1:15217. Already tried 1 time(s); retry policy is RetryUpToMaximumCountWithFixedSleep(maxRetries=15, sleepTime=1000 MILLISECONDS)
2022-01-08 13:18:47,640 [EndpointStateMachine task thread for /127.0.0.1:15237 - 0 ] INFO  ipc.Client (Client.java:handleConnectionFailure(977)) - Retrying connect to server: localhost/127.0.0.1:15237. Already tried 13 time(s); retry policy is RetryUpToMaximumCountWithFixedSleep(maxRetries=15, sleepTime=1000 MILLISECONDS)
2022-01-08 13:18:47,918 [EndpointStateMachine task thread for /127.0.0.1:12081 - 0 ] INFO  ipc.Client (Client.java:handleConnectionFailure(977)) - Retrying connect to server: localhost/127.0.0.1:12081. Already tried 2 time(s); retry policy is RetryUpToMaximumCountWithFixedSleep(maxRetries=15, sleepTime=1000 MILLISECONDS)
2022-01-08 13:18:47,918 [EndpointStateMachine task thread for /127.0.0.1:12091 - 0 ] INFO  ipc.Client (Client.java:handleConnectionFailure(977)) - Retrying connect to server: localhost/127.0.0.1:12091. Already tried 14 time(s); retry policy is RetryUpToMaximumCountWithFixedSleep(maxRetries=15, sleepTime=1000 MILLISECONDS)
2022-01-08 13:18:47,919 [EndpointStateMachine task thread for /127.0.0.1:12091 - 0 ] WARN  statemachine.EndpointStateMachine (EndpointStateMachine.java:logIfNeeded(236)) - Unable to communicate to SCM server at localhost:12091 for past 0 seconds.
java.net.ConnectException: Call From fv-az195-8/10.1.0.5 to localhost:12091 failed on connection exception: java.net.ConnectException: Connection refused; For more details see:  http://wiki.apache.org/hadoop/ConnectionRefused
	at sun.reflect.GeneratedConstructorAccessor42.newInstance(Unknown Source)
	at sun.reflect.DelegatingConstructorAccessorImpl.newInstance(DelegatingConstructorAccessorImpl.java:45)
	at java.lang.reflect.Constructor.newInstance(Constructor.java:423)
	at org.apache.hadoop.net.NetUtils.wrapWithMessage(NetUtils.java:913)
	at org.apache.hadoop.net.NetUtils.wrapException(NetUtils.java:828)
	at org.apache.hadoop.ipc.Client.getRpcResponse(Client.java:1577)
	at org.apache.hadoop.ipc.Client.call(Client.java:1519)
	at org.apache.hadoop.ipc.Client.call(Client.java:1416)
	at org.apache.hadoop.ipc.ProtobufRpcEngine$Invoker.invoke(ProtobufRpcEngine.java:236)
	at org.apache.hadoop.ipc.ProtobufRpcEngine$Invoker.invoke(ProtobufRpcEngine.java:123)
	at com.sun.proxy.$Proxy48.submitRequest(Unknown Source)
	at org.apache.hadoop.ozone.protocolPB.StorageContainerDatanodeProtocolClientSideTranslatorPB.submitRequest(StorageContainerDatanodeProtocolClientSideTranslatorPB.java:117)
	at org.apache.hadoop.ozone.protocolPB.StorageContainerDatanodeProtocolClientSideTranslatorPB.sendHeartbeat(StorageContainerDatanodeProtocolClientSideTranslatorPB.java:149)
	at org.apache.hadoop.ozone.container.common.states.endpoint.HeartbeatEndpointTask.call(HeartbeatEndpointTask.java:179)
	at org.apache.hadoop.ozone.container.common.states.endpoint.HeartbeatEndpointTask.call(HeartbeatEndpointTask.java:82)
	at java.util.concurrent.FutureTask.run(FutureTask.java:266)
	at java.util.concurrent.ThreadPoolExecutor.runWorker(ThreadPoolExecutor.java:1149)
	at java.util.concurrent.ThreadPoolExecutor$Worker.run(ThreadPoolExecutor.java:624)
	at java.lang.Thread.run(Thread.java:748)
Caused by: java.net.ConnectException: Connection refused
	at sun.nio.ch.SocketChannelImpl.checkConnect(Native Method)
	at sun.nio.ch.SocketChannelImpl.finishConnect(SocketChannelImpl.java:716)
	at org.apache.hadoop.net.SocketIOWithTimeout.connect(SocketIOWithTimeout.java:206)
	at org.apache.hadoop.net.NetUtils.connect(NetUtils.java:586)
	at org.apache.hadoop.ipc.Client$Connection.setupConnection(Client.java:701)
	at org.apache.hadoop.ipc.Client$Connection.setupIOstreams(Client.java:822)
	at org.apache.hadoop.ipc.Client$Connection.access$3800(Client.java:414)
	at org.apache.hadoop.ipc.Client.getConnection(Client.java:1647)
	at org.apache.hadoop.ipc.Client.call(Client.java:1463)
	... 12 more
2022-01-08 13:18:48,225 [EndpointStateMachine task thread for /127.0.0.1:12101 - 0 ] INFO  ipc.Client (Client.java:handleConnectionFailure(977)) - Retrying connect to server: localhost/127.0.0.1:12101. Already tried 3 time(s); retry policy is RetryUpToMaximumCountWithFixedSleep(maxRetries=15, sleepTime=1000 MILLISECONDS)
2022-01-08 13:18:48,609 [EndpointStateMachine task thread for /127.0.0.1:15227 - 0 ] INFO  ipc.Client (Client.java:handleConnectionFailure(977)) - Retrying connect to server: localhost/127.0.0.1:15227. Already tried 14 time(s); retry policy is RetryUpToMaximumCountWithFixedSleep(maxRetries=15, sleepTime=1000 MILLISECONDS)
2022-01-08 13:18:48,616 [EndpointStateMachine task thread for /127.0.0.1:15217 - 0 ] INFO  ipc.Client (Client.java:handleConnectionFailure(977)) - Retrying connect to server: localhost/127.0.0.1:15217. Already tried 2 time(s); retry policy is RetryUpToMaximumCountWithFixedSleep(maxRetries=15, sleepTime=1000 MILLISECONDS)
2022-01-08 13:18:48,641 [EndpointStateMachine task thread for /127.0.0.1:15237 - 0 ] INFO  ipc.Client (Client.java:handleConnectionFailure(977)) - Retrying connect to server: localhost/127.0.0.1:15237. Already tried 14 time(s); retry policy is RetryUpToMaximumCountWithFixedSleep(maxRetries=15, sleepTime=1000 MILLISECONDS)
2022-01-08 13:18:48,918 [EndpointStateMachine task thread for /127.0.0.1:12081 - 0 ] INFO  ipc.Client (Client.java:handleConnectionFailure(977)) - Retrying connect to server: localhost/127.0.0.1:12081. Already tried 3 time(s); retry policy is RetryUpToMaximumCountWithFixedSleep(maxRetries=15, sleepTime=1000 MILLISECONDS)
2022-01-08 13:18:48,919 [EndpointStateMachine task thread for /127.0.0.1:12091 - 0 ] INFO  ipc.Client (Client.java:handleConnectionFailure(977)) - Retrying connect to server: localhost/127.0.0.1:12091. Already tried 0 time(s); retry policy is RetryUpToMaximumCountWithFixedSleep(maxRetries=15, sleepTime=1000 MILLISECONDS)
2022-01-08 13:18:49,226 [EndpointStateMachine task thread for /127.0.0.1:12101 - 0 ] INFO  ipc.Client (Client.java:handleConnectionFailure(977)) - Retrying connect to server: localhost/127.0.0.1:12101. Already tried 4 time(s); retry policy is RetryUpToMaximumCountWithFixedSleep(maxRetries=15, sleepTime=1000 MILLISECONDS)
2022-01-08 13:18:49,314 [ForkJoinPool.commonPool-worker-0] INFO  utils.BackgroundService (BackgroundService.java:shutdown(132)) - Shutting down service BlockDeletingService
2022-01-08 13:18:49,610 [EndpointStateMachine task thread for /127.0.0.1:15227 - 0 ] INFO  ipc.Client (Client.java:handleConnectionFailure(977)) - Retrying connect to server: localhost/127.0.0.1:15227. Already tried 0 time(s); retry policy is RetryUpToMaximumCountWithFixedSleep(maxRetries=15, sleepTime=1000 MILLISECONDS)
2022-01-08 13:18:49,616 [EndpointStateMachine task thread for /127.0.0.1:15217 - 0 ] INFO  ipc.Client (Client.java:handleConnectionFailure(977)) - Retrying connect to server: localhost/127.0.0.1:15217. Already tried 3 time(s); retry policy is RetryUpToMaximumCountWithFixedSleep(maxRetries=15, sleepTime=1000 MILLISECONDS)
2022-01-08 13:18:49,643 [EndpointStateMachine task thread for /127.0.0.1:15237 - 0 ] INFO  ipc.Client (Client.java:handleConnectionFailure(977)) - Retrying connect to server: localhost/127.0.0.1:15237. Already tried 0 time(s); retry policy is RetryUpToMaximumCountWithFixedSleep(maxRetries=15, sleepTime=1000 MILLISECONDS)
2022-01-08 13:18:49,919 [EndpointStateMachine task thread for /127.0.0.1:12081 - 0 ] INFO  ipc.Client (Client.java:handleConnectionFailure(977)) - Retrying connect to server: localhost/127.0.0.1:12081. Already tried 4 time(s); retry policy is RetryUpToMaximumCountWithFixedSleep(maxRetries=15, sleepTime=1000 MILLISECONDS)
2022-01-08 13:18:49,920 [EndpointStateMachine task thread for /127.0.0.1:12091 - 0 ] INFO  ipc.Client (Client.java:handleConnectionFailure(977)) - Retrying connect to server: localhost/127.0.0.1:12091. Already tried 1 time(s); retry policy is RetryUpToMaximumCountWithFixedSleep(maxRetries=15, sleepTime=1000 MILLISECONDS)
2022-01-08 13:18:50,227 [EndpointStateMachine task thread for /127.0.0.1:12101 - 0 ] INFO  ipc.Client (Client.java:handleConnectionFailure(977)) - Retrying connect to server: localhost/127.0.0.1:12101. Already tried 5 time(s); retry policy is RetryUpToMaximumCountWithFixedSleep(maxRetries=15, sleepTime=1000 MILLISECONDS)
2022-01-08 13:18:50,611 [EndpointStateMachine task thread for /127.0.0.1:15227 - 0 ] INFO  ipc.Client (Client.java:handleConnectionFailure(977)) - Retrying connect to server: localhost/127.0.0.1:15227. Already tried 1 time(s); retry policy is RetryUpToMaximumCountWithFixedSleep(maxRetries=15, sleepTime=1000 MILLISECONDS)
2022-01-08 13:18:50,617 [EndpointStateMachine task thread for /127.0.0.1:15217 - 0 ] INFO  ipc.Client (Client.java:handleConnectionFailure(977)) - Retrying connect to server: localhost/127.0.0.1:15217. Already tried 4 time(s); retry policy is RetryUpToMaximumCountWithFixedSleep(maxRetries=15, sleepTime=1000 MILLISECONDS)
2022-01-08 13:18:50,643 [EndpointStateMachine task thread for /127.0.0.1:15237 - 0 ] INFO  ipc.Client (Client.java:handleConnectionFailure(977)) - Retrying connect to server: localhost/127.0.0.1:15237. Already tried 1 time(s); retry policy is RetryUpToMaximumCountWithFixedSleep(maxRetries=15, sleepTime=1000 MILLISECONDS)
2022-01-08 13:18:50,920 [EndpointStateMachine task thread for /127.0.0.1:12081 - 0 ] INFO  ipc.Client (Client.java:handleConnectionFailure(977)) - Retrying connect to server: localhost/127.0.0.1:12081. Already tried 5 time(s); retry policy is RetryUpToMaximumCountWithFixedSleep(maxRetries=15, sleepTime=1000 MILLISECONDS)
2022-01-08 13:18:50,920 [EndpointStateMachine task thread for /127.0.0.1:12091 - 0 ] INFO  ipc.Client (Client.java:handleConnectionFailure(977)) - Retrying connect to server: localhost/127.0.0.1:12091. Already tried 2 time(s); retry policy is RetryUpToMaximumCountWithFixedSleep(maxRetries=15, sleepTime=1000 MILLISECONDS)
2022-01-08 13:18:51,229 [EndpointStateMachine task thread for /127.0.0.1:12101 - 0 ] INFO  ipc.Client (Client.java:handleConnectionFailure(977)) - Retrying connect to server: localhost/127.0.0.1:12101. Already tried 6 time(s); retry policy is RetryUpToMaximumCountWithFixedSleep(maxRetries=15, sleepTime=1000 MILLISECONDS)
2022-01-08 13:18:51,612 [EndpointStateMachine task thread for /127.0.0.1:15227 - 0 ] INFO  ipc.Client (Client.java:handleConnectionFailure(977)) - Retrying connect to server: localhost/127.0.0.1:15227. Already tried 2 time(s); retry policy is RetryUpToMaximumCountWithFixedSleep(maxRetries=15, sleepTime=1000 MILLISECONDS)
2022-01-08 13:18:51,617 [EndpointStateMachine task thread for /127.0.0.1:15217 - 0 ] INFO  ipc.Client (Client.java:handleConnectionFailure(977)) - Retrying connect to server: localhost/127.0.0.1:15217. Already tried 5 time(s); retry policy is RetryUpToMaximumCountWithFixedSleep(maxRetries=15, sleepTime=1000 MILLISECONDS)
2022-01-08 13:18:51,644 [EndpointStateMachine task thread for /127.0.0.1:15237 - 0 ] INFO  ipc.Client (Client.java:handleConnectionFailure(977)) - Retrying connect to server: localhost/127.0.0.1:15237. Already tried 2 time(s); retry policy is RetryUpToMaximumCountWithFixedSleep(maxRetries=15, sleepTime=1000 MILLISECONDS)
2022-01-08 13:18:51,920 [EndpointStateMachine task thread for /127.0.0.1:12081 - 0 ] INFO  ipc.Client (Client.java:handleConnectionFailure(977)) - Retrying connect to server: localhost/127.0.0.1:12081. Already tried 6 time(s); retry policy is RetryUpToMaximumCountWithFixedSleep(maxRetries=15, sleepTime=1000 MILLISECONDS)
2022-01-08 13:18:51,921 [EndpointStateMachine task thread for /127.0.0.1:12091 - 0 ] INFO  ipc.Client (Client.java:handleConnectionFailure(977)) - Retrying connect to server: localhost/127.0.0.1:12091. Already tried 3 time(s); retry policy is RetryUpToMaximumCountWithFixedSleep(maxRetries=15, sleepTime=1000 MILLISECONDS)
2022-01-08 13:18:52,229 [EndpointStateMachine task thread for /127.0.0.1:12101 - 0 ] INFO  ipc.Client (Client.java:handleConnectionFailure(977)) - Retrying connect to server: localhost/127.0.0.1:12101. Already tried 7 time(s); retry policy is RetryUpToMaximumCountWithFixedSleep(maxRetries=15, sleepTime=1000 MILLISECONDS)
2022-01-08 13:18:52,320 [ForkJoinPool.commonPool-worker-0] INFO  statemachine.DatanodeStateMachine (DatanodeStateMachine.java:stopDaemon(526)) - Ozone container server stopped.
2022-01-08 13:18:52,323 [ForkJoinPool.commonPool-worker-0] INFO  handler.ContextHandler (ContextHandler.java:doStop(1153)) - Stopped o.e.j.w.WebAppContext@27af34df{hddsDatanode,/,null,STOPPED}{jar:file:/home/runner/.m2/repository/org/apache/ozone/hdds-container-service/1.3.0-SNAPSHOT/hdds-container-service-1.3.0-SNAPSHOT.jar!/webapps/hddsDatanode}
2022-01-08 13:18:52,323 [ForkJoinPool.commonPool-worker-0] INFO  server.AbstractConnector (AbstractConnector.java:doStop(381)) - Stopped ServerConnector@67e38ad7{HTTP/1.1, (http/1.1)}{0.0.0.0:0}
2022-01-08 13:18:52,324 [ForkJoinPool.commonPool-worker-0] INFO  server.session (HouseKeeper.java:stopScavenging(149)) - node0 Stopped scavenging
2022-01-08 13:18:52,324 [ForkJoinPool.commonPool-worker-0] INFO  handler.ContextHandler (ContextHandler.java:doStop(1153)) - Stopped o.e.j.s.ServletContextHandler@39a7bdd9{static,/static,jar:file:/home/runner/.m2/repository/org/apache/ozone/hdds-container-service/1.3.0-SNAPSHOT/hdds-container-service-1.3.0-SNAPSHOT.jar!/webapps/static,STOPPED}
2022-01-08 13:18:52,325 [ForkJoinPool.commonPool-worker-0] INFO  handler.ContextHandler (ContextHandler.java:doStop(1153)) - Stopped o.e.j.s.ServletContextHandler@3bbb450b{logs,/logs,file:///home/runner/work/ozone/ozone/hadoop-ozone/integration-test/target/log,STOPPED}
]]></system-out>
  </testcase>
  <testcase name="testInstallCorruptedCheckpointFailure" classname="org.apache.hadoop.ozone.scm.TestSCMInstallSnapshotWithHA" time="60.067"/>
</testsuite>