<?xml version="1.0" encoding="UTF-8"?>
<testsuite xmlns:xsi="http://www.w3.org/2001/XMLSchema-instance" xsi:noNamespaceSchemaLocation="https://maven.apache.org/surefire/maven-surefire-plugin/xsd/surefire-test-report.xsd" name="org.apache.hadoop.ozone.client.rpc.TestReadRetries" time="55.404" tests="1" errors="0" skipped="0" failures="1">
  <properties>
    <property name="awt.toolkit" value="sun.awt.X11.XToolkit"/>
    <property name="file.encoding.pkg" value="sun.io"/>
    <property name="java.specification.version" value="1.8"/>
    <property name="sun.cpu.isalist" value=""/>
    <property name="sun.jnu.encoding" value="ANSI_X3.4-1968"/>
    <property name="java.class.path" value="/github/workspace/mnt/ozone/hadoop-ozone/integration-test/target/test-classes:/github/workspace/mnt/ozone/hadoop-ozone/integration-test/target/classes:/home/user/.m2/repository/org/apache/hadoop/hadoop-ozone-common/0.6.0-SNAPSHOT/hadoop-ozone-common-0.6.0-SNAPSHOT.jar:/home/user/.m2/repository/org/apache/commons/commons-compress/1.4.1/commons-compress-1.4.1.jar:/home/user/.m2/repository/org/tukaani/xz/1.0/xz-1.0.jar:/home/user/.m2/repository/org/apache/hadoop/hadoop-hdds-common/0.6.0-SNAPSHOT/hadoop-hdds-common-0.6.0-SNAPSHOT.jar:/home/user/.m2/repository/info/picocli/picocli/3.9.6/picocli-3.9.6.jar:/home/user/.m2/repository/com/fasterxml/jackson/core/jackson-annotations/2.10.3/jackson-annotations-2.10.3.jar:/home/user/.m2/repository/javax/annotation/javax.annotation-api/1.2/javax.annotation-api-1.2.jar:/home/user/.m2/repository/org/apache/ratis/ratis-server/0.6.0-cac3336-SNAPSHOT/ratis-server-0.6.0-cac3336-SNAPSHOT.jar:/home/user/.m2/repository/org/apache/ratis/ratis-thirdparty-misc/0.4.0/ratis-thirdparty-misc-0.4.0.jar:/home/user/.m2/repository/org/apache/ratis/ratis-client/0.6.0-cac3336-SNAPSHOT/ratis-client-0.6.0-cac3336-SNAPSHOT.jar:/home/user/.m2/repository/org/apache/ratis/ratis-metrics/0.6.0-cac3336-SNAPSHOT/ratis-metrics-0.6.0-cac3336-SNAPSHOT.jar:/home/user/.m2/repository/org/apache/ratis/ratis-netty/0.6.0-cac3336-SNAPSHOT/ratis-netty-0.6.0-cac3336-SNAPSHOT.jar:/home/user/.m2/repository/org/apache/ratis/ratis-grpc/0.6.0-cac3336-SNAPSHOT/ratis-grpc-0.6.0-cac3336-SNAPSHOT.jar:/home/user/.m2/repository/org/apache/logging/log4j/log4j-api/2.11.0/log4j-api-2.11.0.jar:/home/user/.m2/repository/org/apache/logging/log4j/log4j-core/2.11.0/log4j-core-2.11.0.jar:/home/user/.m2/repository/com/lmax/disruptor/3.4.2/disruptor-3.4.2.jar:/home/user/.m2/repository/org/apache/commons/commons-pool2/2.6.0/commons-pool2-2.6.0.jar:/home/user/.m2/repository/org/bouncycastle/bcpkix-jdk15on/1.60/bcpkix-jdk15on-1.60.jar:/home/user/.m2/repository/commons-validator/commons-validator/1.6/commons-validator-1.6.jar:/home/user/.m2/repository/commons-digester/commons-digester/1.8.1/commons-digester-1.8.1.jar:/home/user/.m2/repository/io/jaegertracing/jaeger-client/1.2.0/jaeger-client-1.2.0.jar:/home/user/.m2/repository/io/jaegertracing/jaeger-thrift/1.2.0/jaeger-thrift-1.2.0.jar:/home/user/.m2/repository/org/apache/thrift/libthrift/0.13.0/libthrift-0.13.0.jar:/home/user/.m2/repository/com/squareup/okhttp3/okhttp/4.2.2/okhttp-4.2.2.jar:/home/user/.m2/repository/com/squareup/okio/okio/2.2.2/okio-2.2.2.jar:/home/user/.m2/repository/org/jetbrains/kotlin/kotlin-stdlib/1.3.50/kotlin-stdlib-1.3.50.jar:/home/user/.m2/repository/org/jetbrains/kotlin/kotlin-stdlib-common/1.3.50/kotlin-stdlib-common-1.3.50.jar:/home/user/.m2/repository/org/jetbrains/annotations/13.0/annotations-13.0.jar:/home/user/.m2/repository/io/jaegertracing/jaeger-core/1.2.0/jaeger-core-1.2.0.jar:/home/user/.m2/repository/io/jaegertracing/jaeger-tracerresolver/1.2.0/jaeger-tracerresolver-1.2.0.jar:/home/user/.m2/repository/io/opentracing/contrib/opentracing-tracerresolver/0.1.8/opentracing-tracerresolver-0.1.8.jar:/home/user/.m2/repository/io/opentracing/opentracing-util/0.33.0/opentracing-util-0.33.0.jar:/home/user/.m2/repository/io/opentracing/opentracing-api/0.33.0/opentracing-api-0.33.0.jar:/home/user/.m2/repository/io/opentracing/opentracing-noop/0.33.0/opentracing-noop-0.33.0.jar:/home/user/.m2/repository/org/apache/hadoop/hadoop-hdds-client/0.6.0-SNAPSHOT/hadoop-hdds-client-0.6.0-SNAPSHOT.jar:/home/user/.m2/repository/org/apache/hadoop/hadoop-hdds-test-utils/0.6.0-SNAPSHOT/hadoop-hdds-test-utils-0.6.0-SNAPSHOT.jar:/home/user/.m2/repository/com/google/guava/guava/28.2-jre/guava-28.2-jre.jar:/home/user/.m2/repository/com/google/guava/failureaccess/1.0.1/failureaccess-1.0.1.jar:/home/user/.m2/repository/com/google/guava/listenablefuture/9999.0-empty-to-avoid-conflict-with-guava/listenablefuture-9999.0-empty-to-avoid-conflict-with-guava.jar:/home/user/.m2/repository/com/google/code/findbugs/jsr305/3.0.0/jsr305-3.0.0.jar:/home/user/.m2/repository/org/checkerframework/checker-qual/2.10.0/checker-qual-2.10.0.jar:/home/user/.m2/repository/com/google/errorprone/error_prone_annotations/2.2.0/error_prone_annotations-2.2.0.jar:/home/user/.m2/repository/com/google/j2objc/j2objc-annotations/1.3/j2objc-annotations-1.3.jar:/home/user/.m2/repository/commons-io/commons-io/2.5/commons-io-2.5.jar:/home/user/.m2/repository/commons-logging/commons-logging/1.2/commons-logging-1.2.jar:/home/user/.m2/repository/log4j/log4j/1.2.17/log4j-1.2.17.jar:/home/user/.m2/repository/org/slf4j/slf4j-api/1.7.25/slf4j-api-1.7.25.jar:/home/user/.m2/repository/org/apache/hadoop/hadoop-hdds-server-scm/0.6.0-SNAPSHOT/hadoop-hdds-server-scm-0.6.0-SNAPSHOT.jar:/home/user/.m2/repository/org/apache/hadoop/hadoop-hdds-container-service/0.6.0-SNAPSHOT/hadoop-hdds-container-service-0.6.0-SNAPSHOT.jar:/home/user/.m2/repository/org/apache/hadoop/hadoop-hdds-hadoop-dependency-server/0.6.0-SNAPSHOT/hadoop-hdds-hadoop-dependency-server-0.6.0-SNAPSHOT.jar:/home/user/.m2/repository/org/apache/hadoop/hadoop-hdds-server-framework/0.6.0-SNAPSHOT/hadoop-hdds-server-framework-0.6.0-SNAPSHOT.jar:/home/user/.m2/repository/org/rocksdb/rocksdbjni/6.6.4/rocksdbjni-6.6.4.jar:/home/user/.m2/repository/io/prometheus/simpleclient_dropwizard/0.7.0/simpleclient_dropwizard-0.7.0.jar:/home/user/.m2/repository/io/prometheus/simpleclient/0.7.0/simpleclient-0.7.0.jar:/home/user/.m2/repository/io/prometheus/simpleclient_common/0.7.0/simpleclient_common-0.7.0.jar:/home/user/.m2/repository/com/fasterxml/jackson/datatype/jackson-datatype-jsr310/2.10.3/jackson-datatype-jsr310-2.10.3.jar:/home/user/.m2/repository/org/apache/hadoop/hadoop-hdds-docs/0.6.0-SNAPSHOT/hadoop-hdds-docs-0.6.0-SNAPSHOT.jar:/home/user/.m2/repository/io/dropwizard/metrics/metrics-core/3.2.4/metrics-core-3.2.4.jar:/home/user/.m2/repository/org/apache/hadoop/hadoop-hdfs-client/3.2.0/hadoop-hdfs-client-3.2.0.jar:/home/user/.m2/repository/org/bouncycastle/bcprov-jdk15on/1.60/bcprov-jdk15on-1.60.jar:/home/user/.m2/repository/org/apache/hadoop/hadoop-ozone-ozone-manager/0.6.0-SNAPSHOT/hadoop-ozone-ozone-manager-0.6.0-SNAPSHOT.jar:/home/user/.m2/repository/org/apache/hadoop/hadoop-minikdc/3.2.0/hadoop-minikdc-3.2.0.jar:/home/user/.m2/repository/org/apache/kerby/kerb-simplekdc/1.0.1/kerb-simplekdc-1.0.1.jar:/home/user/.m2/repository/org/apache/kerby/kerb-client/1.0.1/kerb-client-1.0.1.jar:/home/user/.m2/repository/org/apache/kerby/kerby-config/1.0.1/kerby-config-1.0.1.jar:/home/user/.m2/repository/org/apache/kerby/kerb-core/1.0.1/kerb-core-1.0.1.jar:/home/user/.m2/repository/org/apache/kerby/kerby-pkix/1.0.1/kerby-pkix-1.0.1.jar:/home/user/.m2/repository/org/apache/kerby/kerby-asn1/1.0.1/kerby-asn1-1.0.1.jar:/home/user/.m2/repository/org/apache/kerby/kerby-util/1.0.1/kerby-util-1.0.1.jar:/home/user/.m2/repository/org/apache/kerby/kerb-common/1.0.1/kerb-common-1.0.1.jar:/home/user/.m2/repository/org/apache/kerby/kerb-crypto/1.0.1/kerb-crypto-1.0.1.jar:/home/user/.m2/repository/org/apache/kerby/kerb-util/1.0.1/kerb-util-1.0.1.jar:/home/user/.m2/repository/org/apache/kerby/token-provider/1.0.1/token-provider-1.0.1.jar:/home/user/.m2/repository/org/apache/kerby/kerb-admin/1.0.1/kerb-admin-1.0.1.jar:/home/user/.m2/repository/org/apache/kerby/kerb-server/1.0.1/kerb-server-1.0.1.jar:/home/user/.m2/repository/org/apache/kerby/kerb-identity/1.0.1/kerb-identity-1.0.1.jar:/home/user/.m2/repository/org/apache/kerby/kerby-xdr/1.0.1/kerby-xdr-1.0.1.jar:/home/user/.m2/repository/org/slf4j/slf4j-log4j12/1.7.25/slf4j-log4j12-1.7.25.jar:/home/user/.m2/repository/org/apache/hadoop/hadoop-ozone-s3gateway/0.6.0-SNAPSHOT/hadoop-ozone-s3gateway-0.6.0-SNAPSHOT.jar:/home/user/.m2/repository/org/jboss/weld/servlet/weld-servlet/2.4.7.Final/weld-servlet-2.4.7.Final.jar:/home/user/.m2/repository/org/glassfish/jersey/containers/jersey-container-servlet-core/2.27/jersey-container-servlet-core-2.27.jar:/home/user/.m2/repository/org/glassfish/hk2/external/javax.inject/2.5.0-b42/javax.inject-2.5.0-b42.jar:/home/user/.m2/repository/org/glassfish/jersey/core/jersey-common/2.27/jersey-common-2.27.jar:/home/user/.m2/repository/org/glassfish/hk2/osgi-resource-locator/1.0.1/osgi-resource-locator-1.0.1.jar:/home/user/.m2/repository/javax/ws/rs/javax.ws.rs-api/2.1/javax.ws.rs-api-2.1.jar:/home/user/.m2/repository/org/glassfish/jersey/ext/cdi/jersey-cdi1x/2.27/jersey-cdi1x-2.27.jar:/home/user/.m2/repository/org/glassfish/jersey/inject/jersey-hk2/2.27/jersey-hk2-2.27.jar:/home/user/.m2/repository/org/glassfish/hk2/hk2-locator/2.5.0-b42/hk2-locator-2.5.0-b42.jar:/home/user/.m2/repository/org/javassist/javassist/3.22.0-CR2/javassist-3.22.0-CR2.jar:/home/user/.m2/repository/org/glassfish/hk2/hk2-api/2.5.0/hk2-api-2.5.0.jar:/home/user/.m2/repository/org/glassfish/hk2/external/jakarta.inject/2.5.0/jakarta.inject-2.5.0.jar:/home/user/.m2/repository/org/glassfish/hk2/hk2-utils/2.5.0/hk2-utils-2.5.0.jar:/home/user/.m2/repository/jakarta/annotation/jakarta.annotation-api/1.3.4/jakarta.annotation-api-1.3.4.jar:/home/user/.m2/repository/org/glassfish/hk2/external/aopalliance-repackaged/2.5.0/aopalliance-repackaged-2.5.0.jar:/home/user/.m2/repository/com/fasterxml/jackson/dataformat/jackson-dataformat-xml/2.10.3/jackson-dataformat-xml-2.10.3.jar:/home/user/.m2/repository/com/fasterxml/jackson/core/jackson-core/2.10.3/jackson-core-2.10.3.jar:/home/user/.m2/repository/com/fasterxml/jackson/module/jackson-module-jaxb-annotations/2.10.3/jackson-module-jaxb-annotations-2.10.3.jar:/home/user/.m2/repository/jakarta/xml/bind/jakarta.xml.bind-api/2.3.2/jakarta.xml.bind-api-2.3.2.jar:/home/user/.m2/repository/jakarta/activation/jakarta.activation-api/1.2.1/jakarta.activation-api-1.2.1.jar:/home/user/.m2/repository/org/codehaus/woodstox/stax2-api/3.1.4/stax2-api-3.1.4.jar:/home/user/.m2/repository/com/fasterxml/woodstox/woodstox-core/5.0.3/woodstox-core-5.0.3.jar:/home/user/.m2/repository/javax/enterprise/cdi-api/1.2/cdi-api-1.2.jar:/home/user/.m2/repository/javax/el/javax.el-api/3.0.0/javax.el-api-3.0.0.jar:/home/user/.m2/repository/javax/interceptor/javax.interceptor-api/1.2/javax.interceptor-api-1.2.jar:/home/user/.m2/repository/javax/inject/javax.inject/1/javax.inject-1.jar:/home/user/.m2/repository/com/sun/xml/bind/jaxb-impl/2.3.0.1/jaxb-impl-2.3.0.1.jar:/home/user/.m2/repository/com/sun/xml/bind/jaxb-core/2.3.0.1/jaxb-core-2.3.0.1.jar:/home/user/.m2/repository/javax/xml/bind/jaxb-api/2.3.0/jaxb-api-2.3.0.jar:/home/user/.m2/repository/javax/activation/activation/1.1.1/activation-1.1.1.jar:/home/user/.m2/repository/org/apache/hadoop/hadoop-ozone-csi/0.6.0-SNAPSHOT/hadoop-ozone-csi-0.6.0-SNAPSHOT.jar:/home/user/.m2/repository/com/google/protobuf/protobuf-java-util/3.11.0/protobuf-java-util-3.11.0.jar:/home/user/.m2/repository/com/google/code/gson/gson/2.2.4/gson-2.2.4.jar:/home/user/.m2/repository/org/apache/hadoop/hadoop-hdds-config/0.6.0-SNAPSHOT/hadoop-hdds-config-0.6.0-SNAPSHOT.jar:/home/user/.m2/repository/com/google/protobuf/protobuf-java/2.5.0/protobuf-java-2.5.0.jar:/home/user/.m2/repository/io/grpc/grpc-netty/1.28.1/grpc-netty-1.28.1.jar:/home/user/.m2/repository/io/grpc/grpc-core/1.28.1/grpc-core-1.28.1.jar:/home/user/.m2/repository/com/google/android/annotations/4.1.1.4/annotations-4.1.1.4.jar:/home/user/.m2/repository/io/perfmark/perfmark-api/0.19.0/perfmark-api-0.19.0.jar:/home/user/.m2/repository/io/netty/netty-codec-http2/4.1.45.Final/netty-codec-http2-4.1.45.Final.jar:/home/user/.m2/repository/io/netty/netty-codec/4.1.45.Final/netty-codec-4.1.45.Final.jar:/home/user/.m2/repository/io/netty/netty-handler/4.1.45.Final/netty-handler-4.1.45.Final.jar:/home/user/.m2/repository/io/netty/netty-codec-http/4.1.45.Final/netty-codec-http-4.1.45.Final.jar:/home/user/.m2/repository/io/netty/netty-handler-proxy/4.1.45.Final/netty-handler-proxy-4.1.45.Final.jar:/home/user/.m2/repository/io/netty/netty-codec-socks/4.1.45.Final/netty-codec-socks-4.1.45.Final.jar:/home/user/.m2/repository/io/netty/netty-transport-native-epoll/4.1.48.Final/netty-transport-native-epoll-4.1.48.Final.jar:/home/user/.m2/repository/io/netty/netty-common/4.1.48.Final/netty-common-4.1.48.Final.jar:/home/user/.m2/repository/io/netty/netty-buffer/4.1.48.Final/netty-buffer-4.1.48.Final.jar:/home/user/.m2/repository/io/netty/netty-transport/4.1.48.Final/netty-transport-4.1.48.Final.jar:/home/user/.m2/repository/io/netty/netty-resolver/4.1.48.Final/netty-resolver-4.1.48.Final.jar:/home/user/.m2/repository/io/netty/netty-transport-native-unix-common/4.1.48.Final/netty-transport-native-unix-common-4.1.48.Final.jar:/home/user/.m2/repository/io/grpc/grpc-protobuf/1.28.1/grpc-protobuf-1.28.1.jar:/home/user/.m2/repository/io/grpc/grpc-api/1.28.1/grpc-api-1.28.1.jar:/home/user/.m2/repository/io/grpc/grpc-context/1.28.1/grpc-context-1.28.1.jar:/home/user/.m2/repository/org/codehaus/mojo/animal-sniffer-annotations/1.18/animal-sniffer-annotations-1.18.jar:/home/user/.m2/repository/com/google/api/grpc/proto-google-common-protos/1.17.0/proto-google-common-protos-1.17.0.jar:/home/user/.m2/repository/io/grpc/grpc-protobuf-lite/1.28.1/grpc-protobuf-lite-1.28.1.jar:/home/user/.m2/repository/io/grpc/grpc-stub/1.28.1/grpc-stub-1.28.1.jar:/home/user/.m2/repository/org/apache/hadoop/hadoop-ozone-recon/0.6.0-SNAPSHOT/hadoop-ozone-recon-0.6.0-SNAPSHOT.jar:/home/user/.m2/repository/org/apache/hadoop/hadoop-ozone-reconcodegen/0.6.0-SNAPSHOT/hadoop-ozone-reconcodegen-0.6.0-SNAPSHOT.jar:/home/user/.m2/repository/com/google/inject/extensions/guice-multibindings/4.0/guice-multibindings-4.0.jar:/home/user/.m2/repository/com/google/inject/guice/4.0/guice-4.0.jar:/home/user/.m2/repository/aopalliance/aopalliance/1.0/aopalliance-1.0.jar:/home/user/.m2/repository/com/google/inject/extensions/guice-assistedinject/4.0/guice-assistedinject-4.0.jar:/home/user/.m2/repository/com/google/inject/extensions/guice-servlet/4.0/guice-servlet-4.0.jar:/home/user/.m2/repository/org/glassfish/jersey/containers/jersey-container-servlet/2.27/jersey-container-servlet-2.27.jar:/home/user/.m2/repository/org/glassfish/hk2/guice-bridge/2.5.0/guice-bridge-2.5.0.jar:/home/user/.m2/repository/org/glassfish/jersey/core/jersey-server/2.27/jersey-server-2.27.jar:/home/user/.m2/repository/org/glassfish/jersey/core/jersey-client/2.27/jersey-client-2.27.jar:/home/user/.m2/repository/org/glassfish/jersey/media/jersey-media-jaxb/2.27/jersey-media-jaxb-2.27.jar:/home/user/.m2/repository/javax/validation/validation-api/1.1.0.Final/validation-api-1.1.0.Final.jar:/home/user/.m2/repository/org/glassfish/jersey/media/jersey-media-json-jackson/2.27/jersey-media-json-jackson-2.27.jar:/home/user/.m2/repository/org/glassfish/jersey/ext/jersey-entity-filtering/2.27/jersey-entity-filtering-2.27.jar:/home/user/.m2/repository/org/jooq/jooq/3.11.10/jooq-3.11.10.jar:/home/user/.m2/repository/org/jooq/jooq-meta/3.11.10/jooq-meta-3.11.10.jar:/home/user/.m2/repository/org/jooq/jooq-codegen/3.11.10/jooq-codegen-3.11.10.jar:/home/user/.m2/repository/com/jolbox/bonecp/0.8.0.RELEASE/bonecp-0.8.0.RELEASE.jar:/home/user/.m2/repository/org/apache/derby/derby/10.14.2.0/derby-10.14.2.0.jar:/home/user/.m2/repository/org/xerial/sqlite-jdbc/3.25.2/sqlite-jdbc-3.25.2.jar:/home/user/.m2/repository/org/springframework/spring-jdbc/5.2.5.RELEASE/spring-jdbc-5.2.5.RELEASE.jar:/home/user/.m2/repository/org/springframework/spring-beans/5.2.5.RELEASE/spring-beans-5.2.5.RELEASE.jar:/home/user/.m2/repository/org/springframework/spring-core/5.2.5.RELEASE/spring-core-5.2.5.RELEASE.jar:/home/user/.m2/repository/org/springframework/spring-jcl/5.2.5.RELEASE/spring-jcl-5.2.5.RELEASE.jar:/home/user/.m2/repository/org/springframework/spring-tx/5.2.5.RELEASE/spring-tx-5.2.5.RELEASE.jar:/home/user/.m2/repository/org/apache/hadoop/hadoop-ozone-client/0.6.0-SNAPSHOT/hadoop-ozone-client-0.6.0-SNAPSHOT.jar:/home/user/.m2/repository/org/apache/hadoop/hadoop-ozone-filesystem/0.6.0-SNAPSHOT/hadoop-ozone-filesystem-0.6.0-SNAPSHOT.jar:/home/user/.m2/repository/org/apache/hadoop/hadoop-hdds-hadoop-dependency-client/0.6.0-SNAPSHOT/hadoop-hdds-hadoop-dependency-client-0.6.0-SNAPSHOT.jar:/home/user/.m2/repository/org/apache/hadoop/hadoop-ozone-tools/0.6.0-SNAPSHOT/hadoop-ozone-tools-0.6.0-SNAPSHOT.jar:/home/user/.m2/repository/org/apache/hadoop/hadoop-hdfs/3.2.0/hadoop-hdfs-3.2.0.jar:/home/user/.m2/repository/org/apache/ratis/ratis-tools/0.6.0-cac3336-SNAPSHOT/ratis-tools-0.6.0-cac3336-SNAPSHOT.jar:/home/user/.m2/repository/org/apache/ratis/ratis-proto/0.6.0-cac3336-SNAPSHOT/ratis-proto-0.6.0-cac3336-SNAPSHOT.jar:/home/user/.m2/repository/org/apache/ratis/ratis-common/0.6.0-cac3336-SNAPSHOT/ratis-common-0.6.0-cac3336-SNAPSHOT.jar:/home/user/.m2/repository/com/amazonaws/aws-java-sdk-core/1.11.615/aws-java-sdk-core-1.11.615.jar:/home/user/.m2/repository/org/apache/httpcomponents/httpclient/4.5.2/httpclient-4.5.2.jar:/home/user/.m2/repository/org/apache/httpcomponents/httpcore/4.4.4/httpcore-4.4.4.jar:/home/user/.m2/repository/software/amazon/ion/ion-java/1.0.2/ion-java-1.0.2.jar:/home/user/.m2/repository/com/fasterxml/jackson/dataformat/jackson-dataformat-cbor/2.10.3/jackson-dataformat-cbor-2.10.3.jar:/home/user/.m2/repository/joda-time/joda-time/2.9.9/joda-time-2.9.9.jar:/home/user/.m2/repository/com/amazonaws/aws-java-sdk-s3/1.11.615/aws-java-sdk-s3-1.11.615.jar:/home/user/.m2/repository/com/amazonaws/aws-java-sdk-kms/1.11.615/aws-java-sdk-kms-1.11.615.jar:/home/user/.m2/repository/com/amazonaws/jmespath-java/1.11.615/jmespath-java-1.11.615.jar:/home/user/.m2/repository/org/apache/hadoop/hadoop-hdds-tools/0.6.0-SNAPSHOT/hadoop-hdds-tools-0.6.0-SNAPSHOT.jar:/home/user/.m2/repository/commons-cli/commons-cli/1.2/commons-cli-1.2.jar:/home/user/.m2/repository/org/apache/commons/commons-lang3/3.7/commons-lang3-3.7.jar:/home/user/.m2/repository/org/apache/hadoop/hadoop-ozone-ozone-manager/0.6.0-SNAPSHOT/hadoop-ozone-ozone-manager-0.6.0-SNAPSHOT-tests.jar:/home/user/.m2/repository/junit/junit/4.11/junit-4.11.jar:/home/user/.m2/repository/org/hamcrest/hamcrest-core/1.3/hamcrest-core-1.3.jar:/home/user/.m2/repository/org/openjdk/jmh/jmh-core/1.19/jmh-core-1.19.jar:/home/user/.m2/repository/net/sf/jopt-simple/jopt-simple/4.6/jopt-simple-4.6.jar:/home/user/.m2/repository/org/apache/commons/commons-math3/3.1.1/commons-math3-3.1.1.jar:/home/user/.m2/repository/org/openjdk/jmh/jmh-generator-annprocess/1.19/jmh-generator-annprocess-1.19.jar:/home/user/.m2/repository/org/mockito/mockito-all/1.8.5/mockito-all-1.8.5.jar:/home/user/.m2/repository/org/apache/hadoop/hadoop-kms/3.2.0/hadoop-kms-3.2.0.jar:/home/user/.m2/repository/org/apache/hadoop/hadoop-auth/3.2.0/hadoop-auth-3.2.0.jar:/home/user/.m2/repository/com/nimbusds/nimbus-jose-jwt/7.9/nimbus-jose-jwt-7.9.jar:/home/user/.m2/repository/com/github/stephenc/jcip/jcip-annotations/1.0-1/jcip-annotations-1.0-1.jar:/home/user/.m2/repository/net/minidev/json-smart/2.3/json-smart-2.3.jar:/home/user/.m2/repository/net/minidev/accessors-smart/1.2/accessors-smart-1.2.jar:/home/user/.m2/repository/org/ow2/asm/asm/5.0.4/asm-5.0.4.jar:/home/user/.m2/repository/org/apache/zookeeper/zookeeper/3.4.13/zookeeper-3.4.13.jar:/home/user/.m2/repository/org/apache/yetus/audience-annotations/0.5.0/audience-annotations-0.5.0.jar:/home/user/.m2/repository/org/apache/curator/curator-framework/2.12.0/curator-framework-2.12.0.jar:/home/user/.m2/repository/com/sun/jersey/jersey-core/1.19/jersey-core-1.19.jar:/home/user/.m2/repository/javax/ws/rs/jsr311-api/1.1.1/jsr311-api-1.1.1.jar:/home/user/.m2/repository/com/sun/jersey/jersey-server/1.19/jersey-server-1.19.jar:/home/user/.m2/repository/javax/servlet/javax.servlet-api/3.1.0/javax.servlet-api-3.1.0.jar:/home/user/.m2/repository/org/eclipse/jetty/jetty-server/9.4.26.v20200117/jetty-server-9.4.26.v20200117.jar:/home/user/.m2/repository/org/eclipse/jetty/jetty-http/9.4.26.v20200117/jetty-http-9.4.26.v20200117.jar:/home/user/.m2/repository/org/eclipse/jetty/jetty-io/9.4.26.v20200117/jetty-io-9.4.26.v20200117.jar:/home/user/.m2/repository/org/eclipse/jetty/jetty-webapp/9.4.26.v20200117/jetty-webapp-9.4.26.v20200117.jar:/home/user/.m2/repository/org/eclipse/jetty/jetty-xml/9.4.26.v20200117/jetty-xml-9.4.26.v20200117.jar:/home/user/.m2/repository/org/eclipse/jetty/jetty-servlet/9.4.26.v20200117/jetty-servlet-9.4.26.v20200117.jar:/home/user/.m2/repository/org/eclipse/jetty/jetty-security/9.4.26.v20200117/jetty-security-9.4.26.v20200117.jar:/home/user/.m2/repository/org/apache/hadoop/hadoop-common/3.2.0/hadoop-common-3.2.0.jar:/home/user/.m2/repository/commons-net/commons-net/3.6/commons-net-3.6.jar:/home/user/.m2/repository/commons-collections/commons-collections/3.2.2/commons-collections-3.2.2.jar:/home/user/.m2/repository/com/sun/jersey/jersey-servlet/1.19/jersey-servlet-1.19.jar:/home/user/.m2/repository/com/sun/jersey/jersey-json/1.19/jersey-json-1.19.jar:/home/user/.m2/repository/org/codehaus/jettison/jettison/1.1/jettison-1.1.jar:/home/user/.m2/repository/org/codehaus/jackson/jackson-jaxrs/1.9.2/jackson-jaxrs-1.9.2.jar:/home/user/.m2/repository/org/codehaus/jackson/jackson-xc/1.9.2/jackson-xc-1.9.2.jar:/home/user/.m2/repository/commons-beanutils/commons-beanutils/1.9.4/commons-beanutils-1.9.4.jar:/home/user/.m2/repository/org/apache/commons/commons-configuration2/2.1.1/commons-configuration2-2.1.1.jar:/home/user/.m2/repository/org/apache/commons/commons-text/1.4/commons-text-1.4.jar:/home/user/.m2/repository/com/google/re2j/re2j/1.1/re2j-1.1.jar:/home/user/.m2/repository/com/jcraft/jsch/0.1.54/jsch-0.1.54.jar:/home/user/.m2/repository/org/apache/curator/curator-client/2.12.0/curator-client-2.12.0.jar:/home/user/.m2/repository/org/apache/curator/curator-recipes/2.12.0/curator-recipes-2.12.0.jar:/home/user/.m2/repository/dnsjava/dnsjava/2.1.7/dnsjava-2.1.7.jar:/home/user/.m2/repository/org/slf4j/jul-to-slf4j/1.7.25/jul-to-slf4j-1.7.25.jar:/home/user/.m2/repository/org/eclipse/jetty/jetty-util/9.4.26.v20200117/jetty-util-9.4.26.v20200117.jar:/home/user/.m2/repository/com/fasterxml/jackson/core/jackson-databind/2.10.3/jackson-databind-2.10.3.jar:/home/user/.m2/repository/org/apache/hadoop/hadoop-kms/3.2.0/hadoop-kms-3.2.0-tests.jar:/home/user/.m2/repository/org/apache/hadoop/hadoop-hdds-server-scm/0.6.0-SNAPSHOT/hadoop-hdds-server-scm-0.6.0-SNAPSHOT-tests.jar:/home/user/.m2/repository/org/apache/hadoop/hadoop-hdds-container-service/0.6.0-SNAPSHOT/hadoop-hdds-container-service-0.6.0-SNAPSHOT-tests.jar:/home/user/.m2/repository/org/apache/hadoop/hadoop-hdds-common/0.6.0-SNAPSHOT/hadoop-hdds-common-0.6.0-SNAPSHOT-tests.jar:/home/user/.m2/repository/org/yaml/snakeyaml/1.16/snakeyaml-1.16.jar:/home/user/.m2/repository/org/apache/hadoop/hadoop-hdds-hadoop-dependency-test/0.6.0-SNAPSHOT/hadoop-hdds-hadoop-dependency-test-0.6.0-SNAPSHOT.jar:/home/user/.m2/repository/org/apache/hadoop/hadoop-common/3.2.0/hadoop-common-3.2.0-tests.jar:/home/user/.m2/repository/javax/servlet/jsp/jsp-api/2.1/jsp-api-2.1.jar:/home/user/.m2/repository/org/apache/hadoop/hadoop-hdfs/3.2.0/hadoop-hdfs-3.2.0-tests.jar:/home/user/.m2/repository/org/eclipse/jetty/jetty-util-ajax/9.4.26.v20200117/jetty-util-ajax-9.4.26.v20200117.jar:/home/user/.m2/repository/commons-codec/commons-codec/1.11/commons-codec-1.11.jar:/home/user/.m2/repository/commons-daemon/commons-daemon/1.0.13/commons-daemon-1.0.13.jar:/home/user/.m2/repository/io/netty/netty/3.10.5.Final/netty-3.10.5.Final.jar:/home/user/.m2/repository/io/netty/netty-all/4.1.48.Final/netty-all-4.1.48.Final.jar:/home/user/.m2/repository/org/apache/htrace/htrace-core4/4.1.0-incubating/htrace-core4-4.1.0-incubating.jar:/home/user/.m2/repository/org/fusesource/leveldbjni/leveldbjni-all/1.8/leveldbjni-all-1.8.jar:/home/user/.m2/repository/org/apache/hadoop/hadoop-distcp/3.2.0/hadoop-distcp-3.2.0.jar:/home/user/.m2/repository/org/apache/hadoop/hadoop-mapreduce-client-jobclient/3.2.0/hadoop-mapreduce-client-jobclient-3.2.0.jar:/home/user/.m2/repository/org/apache/hadoop/hadoop-mapreduce-client-common/3.2.0/hadoop-mapreduce-client-common-3.2.0.jar:/home/user/.m2/repository/org/apache/hadoop/hadoop-yarn-common/3.2.0/hadoop-yarn-common-3.2.0.jar:/home/user/.m2/repository/org/apache/hadoop/hadoop-yarn-api/3.2.0/hadoop-yarn-api-3.2.0.jar:/home/user/.m2/repository/com/sun/jersey/jersey-client/1.19/jersey-client-1.19.jar:/home/user/.m2/repository/com/sun/jersey/contribs/jersey-guice/1.19/jersey-guice-1.19.jar:/home/user/.m2/repository/com/fasterxml/jackson/jaxrs/jackson-jaxrs-json-provider/2.10.3/jackson-jaxrs-json-provider-2.10.3.jar:/home/user/.m2/repository/com/fasterxml/jackson/jaxrs/jackson-jaxrs-base/2.10.3/jackson-jaxrs-base-2.10.3.jar:/home/user/.m2/repository/org/apache/hadoop/hadoop-yarn-client/3.2.0/hadoop-yarn-client-3.2.0.jar:/home/user/.m2/repository/org/apache/hadoop/hadoop-mapreduce-client-core/3.2.0/hadoop-mapreduce-client-core-3.2.0.jar:/home/user/.m2/repository/org/apache/avro/avro/1.7.7/avro-1.7.7.jar:/home/user/.m2/repository/org/codehaus/jackson/jackson-core-asl/1.9.13/jackson-core-asl-1.9.13.jar:/home/user/.m2/repository/org/codehaus/jackson/jackson-mapper-asl/1.9.13/jackson-mapper-asl-1.9.13.jar:/home/user/.m2/repository/com/thoughtworks/paranamer/paranamer/2.3/paranamer-2.3.jar:/home/user/.m2/repository/org/xerial/snappy/snappy-java/1.0.5/snappy-java-1.0.5.jar:/home/user/.m2/repository/org/apache/hadoop/hadoop-annotations/3.2.0/hadoop-annotations-3.2.0.jar:/usr/lib/jvm/java-1.8.0-openjdk-1.8.0.232.b09-0.el7_7.x86_64/jre/../lib/tools.jar:/home/user/.m2/repository/org/apache/hadoop/hadoop-distcp/3.2.0/hadoop-distcp-3.2.0-tests.jar:"/>
    <property name="java.vm.vendor" value="Oracle Corporation"/>
    <property name="sun.arch.data.model" value="64"/>
    <property name="test.build.dir" value="/github/workspace/mnt/ozone/hadoop-ozone/integration-test/target/test-dir"/>
    <property name="test.cache.data" value=""/>
    <property name="java.vendor.url" value="http://java.oracle.com/"/>
    <property name="user.timezone" value=""/>
    <property name="java.vm.specification.version" value="1.8"/>
    <property name="os.name" value="Linux"/>
    <property name="test.build.data" value="/github/workspace/mnt/ozone/hadoop-ozone/integration-test/target/test-dir"/>
    <property name="user.country" value="US"/>
    <property name="sun.java.launcher" value="SUN_STANDARD"/>
    <property name="sun.boot.library.path" value="/usr/lib/jvm/java-1.8.0-openjdk-1.8.0.232.b09-0.el7_7.x86_64/jre/lib/amd64"/>
    <property name="sun.java.command" value="/github/workspace/mnt/ozone/hadoop-ozone/integration-test/target/surefire/surefirebooter1108637276591324000.jar /github/workspace/mnt/ozone/hadoop-ozone/integration-test/target/surefire 2020-05-07T00-37-36_884-jvmRun1 surefire7833966803605854861tmp surefire_53860316914511779499tmp"/>
    <property name="surefire.test.class.path" value="/github/workspace/mnt/ozone/hadoop-ozone/integration-test/target/test-classes:/github/workspace/mnt/ozone/hadoop-ozone/integration-test/target/classes:/home/user/.m2/repository/org/apache/hadoop/hadoop-ozone-common/0.6.0-SNAPSHOT/hadoop-ozone-common-0.6.0-SNAPSHOT.jar:/home/user/.m2/repository/org/apache/commons/commons-compress/1.4.1/commons-compress-1.4.1.jar:/home/user/.m2/repository/org/tukaani/xz/1.0/xz-1.0.jar:/home/user/.m2/repository/org/apache/hadoop/hadoop-hdds-common/0.6.0-SNAPSHOT/hadoop-hdds-common-0.6.0-SNAPSHOT.jar:/home/user/.m2/repository/info/picocli/picocli/3.9.6/picocli-3.9.6.jar:/home/user/.m2/repository/com/fasterxml/jackson/core/jackson-annotations/2.10.3/jackson-annotations-2.10.3.jar:/home/user/.m2/repository/javax/annotation/javax.annotation-api/1.2/javax.annotation-api-1.2.jar:/home/user/.m2/repository/org/apache/ratis/ratis-server/0.6.0-cac3336-SNAPSHOT/ratis-server-0.6.0-cac3336-SNAPSHOT.jar:/home/user/.m2/repository/org/apache/ratis/ratis-thirdparty-misc/0.4.0/ratis-thirdparty-misc-0.4.0.jar:/home/user/.m2/repository/org/apache/ratis/ratis-client/0.6.0-cac3336-SNAPSHOT/ratis-client-0.6.0-cac3336-SNAPSHOT.jar:/home/user/.m2/repository/org/apache/ratis/ratis-metrics/0.6.0-cac3336-SNAPSHOT/ratis-metrics-0.6.0-cac3336-SNAPSHOT.jar:/home/user/.m2/repository/org/apache/ratis/ratis-netty/0.6.0-cac3336-SNAPSHOT/ratis-netty-0.6.0-cac3336-SNAPSHOT.jar:/home/user/.m2/repository/org/apache/ratis/ratis-grpc/0.6.0-cac3336-SNAPSHOT/ratis-grpc-0.6.0-cac3336-SNAPSHOT.jar:/home/user/.m2/repository/org/apache/logging/log4j/log4j-api/2.11.0/log4j-api-2.11.0.jar:/home/user/.m2/repository/org/apache/logging/log4j/log4j-core/2.11.0/log4j-core-2.11.0.jar:/home/user/.m2/repository/com/lmax/disruptor/3.4.2/disruptor-3.4.2.jar:/home/user/.m2/repository/org/apache/commons/commons-pool2/2.6.0/commons-pool2-2.6.0.jar:/home/user/.m2/repository/org/bouncycastle/bcpkix-jdk15on/1.60/bcpkix-jdk15on-1.60.jar:/home/user/.m2/repository/commons-validator/commons-validator/1.6/commons-validator-1.6.jar:/home/user/.m2/repository/commons-digester/commons-digester/1.8.1/commons-digester-1.8.1.jar:/home/user/.m2/repository/io/jaegertracing/jaeger-client/1.2.0/jaeger-client-1.2.0.jar:/home/user/.m2/repository/io/jaegertracing/jaeger-thrift/1.2.0/jaeger-thrift-1.2.0.jar:/home/user/.m2/repository/org/apache/thrift/libthrift/0.13.0/libthrift-0.13.0.jar:/home/user/.m2/repository/com/squareup/okhttp3/okhttp/4.2.2/okhttp-4.2.2.jar:/home/user/.m2/repository/com/squareup/okio/okio/2.2.2/okio-2.2.2.jar:/home/user/.m2/repository/org/jetbrains/kotlin/kotlin-stdlib/1.3.50/kotlin-stdlib-1.3.50.jar:/home/user/.m2/repository/org/jetbrains/kotlin/kotlin-stdlib-common/1.3.50/kotlin-stdlib-common-1.3.50.jar:/home/user/.m2/repository/org/jetbrains/annotations/13.0/annotations-13.0.jar:/home/user/.m2/repository/io/jaegertracing/jaeger-core/1.2.0/jaeger-core-1.2.0.jar:/home/user/.m2/repository/io/jaegertracing/jaeger-tracerresolver/1.2.0/jaeger-tracerresolver-1.2.0.jar:/home/user/.m2/repository/io/opentracing/contrib/opentracing-tracerresolver/0.1.8/opentracing-tracerresolver-0.1.8.jar:/home/user/.m2/repository/io/opentracing/opentracing-util/0.33.0/opentracing-util-0.33.0.jar:/home/user/.m2/repository/io/opentracing/opentracing-api/0.33.0/opentracing-api-0.33.0.jar:/home/user/.m2/repository/io/opentracing/opentracing-noop/0.33.0/opentracing-noop-0.33.0.jar:/home/user/.m2/repository/org/apache/hadoop/hadoop-hdds-client/0.6.0-SNAPSHOT/hadoop-hdds-client-0.6.0-SNAPSHOT.jar:/home/user/.m2/repository/org/apache/hadoop/hadoop-hdds-test-utils/0.6.0-SNAPSHOT/hadoop-hdds-test-utils-0.6.0-SNAPSHOT.jar:/home/user/.m2/repository/com/google/guava/guava/28.2-jre/guava-28.2-jre.jar:/home/user/.m2/repository/com/google/guava/failureaccess/1.0.1/failureaccess-1.0.1.jar:/home/user/.m2/repository/com/google/guava/listenablefuture/9999.0-empty-to-avoid-conflict-with-guava/listenablefuture-9999.0-empty-to-avoid-conflict-with-guava.jar:/home/user/.m2/repository/com/google/code/findbugs/jsr305/3.0.0/jsr305-3.0.0.jar:/home/user/.m2/repository/org/checkerframework/checker-qual/2.10.0/checker-qual-2.10.0.jar:/home/user/.m2/repository/com/google/errorprone/error_prone_annotations/2.2.0/error_prone_annotations-2.2.0.jar:/home/user/.m2/repository/com/google/j2objc/j2objc-annotations/1.3/j2objc-annotations-1.3.jar:/home/user/.m2/repository/commons-io/commons-io/2.5/commons-io-2.5.jar:/home/user/.m2/repository/commons-logging/commons-logging/1.2/commons-logging-1.2.jar:/home/user/.m2/repository/log4j/log4j/1.2.17/log4j-1.2.17.jar:/home/user/.m2/repository/org/slf4j/slf4j-api/1.7.25/slf4j-api-1.7.25.jar:/home/user/.m2/repository/org/apache/hadoop/hadoop-hdds-server-scm/0.6.0-SNAPSHOT/hadoop-hdds-server-scm-0.6.0-SNAPSHOT.jar:/home/user/.m2/repository/org/apache/hadoop/hadoop-hdds-container-service/0.6.0-SNAPSHOT/hadoop-hdds-container-service-0.6.0-SNAPSHOT.jar:/home/user/.m2/repository/org/apache/hadoop/hadoop-hdds-hadoop-dependency-server/0.6.0-SNAPSHOT/hadoop-hdds-hadoop-dependency-server-0.6.0-SNAPSHOT.jar:/home/user/.m2/repository/org/apache/hadoop/hadoop-hdds-server-framework/0.6.0-SNAPSHOT/hadoop-hdds-server-framework-0.6.0-SNAPSHOT.jar:/home/user/.m2/repository/org/rocksdb/rocksdbjni/6.6.4/rocksdbjni-6.6.4.jar:/home/user/.m2/repository/io/prometheus/simpleclient_dropwizard/0.7.0/simpleclient_dropwizard-0.7.0.jar:/home/user/.m2/repository/io/prometheus/simpleclient/0.7.0/simpleclient-0.7.0.jar:/home/user/.m2/repository/io/prometheus/simpleclient_common/0.7.0/simpleclient_common-0.7.0.jar:/home/user/.m2/repository/com/fasterxml/jackson/datatype/jackson-datatype-jsr310/2.10.3/jackson-datatype-jsr310-2.10.3.jar:/home/user/.m2/repository/org/apache/hadoop/hadoop-hdds-docs/0.6.0-SNAPSHOT/hadoop-hdds-docs-0.6.0-SNAPSHOT.jar:/home/user/.m2/repository/io/dropwizard/metrics/metrics-core/3.2.4/metrics-core-3.2.4.jar:/home/user/.m2/repository/org/apache/hadoop/hadoop-hdfs-client/3.2.0/hadoop-hdfs-client-3.2.0.jar:/home/user/.m2/repository/org/bouncycastle/bcprov-jdk15on/1.60/bcprov-jdk15on-1.60.jar:/home/user/.m2/repository/org/apache/hadoop/hadoop-ozone-ozone-manager/0.6.0-SNAPSHOT/hadoop-ozone-ozone-manager-0.6.0-SNAPSHOT.jar:/home/user/.m2/repository/org/apache/hadoop/hadoop-minikdc/3.2.0/hadoop-minikdc-3.2.0.jar:/home/user/.m2/repository/org/apache/kerby/kerb-simplekdc/1.0.1/kerb-simplekdc-1.0.1.jar:/home/user/.m2/repository/org/apache/kerby/kerb-client/1.0.1/kerb-client-1.0.1.jar:/home/user/.m2/repository/org/apache/kerby/kerby-config/1.0.1/kerby-config-1.0.1.jar:/home/user/.m2/repository/org/apache/kerby/kerb-core/1.0.1/kerb-core-1.0.1.jar:/home/user/.m2/repository/org/apache/kerby/kerby-pkix/1.0.1/kerby-pkix-1.0.1.jar:/home/user/.m2/repository/org/apache/kerby/kerby-asn1/1.0.1/kerby-asn1-1.0.1.jar:/home/user/.m2/repository/org/apache/kerby/kerby-util/1.0.1/kerby-util-1.0.1.jar:/home/user/.m2/repository/org/apache/kerby/kerb-common/1.0.1/kerb-common-1.0.1.jar:/home/user/.m2/repository/org/apache/kerby/kerb-crypto/1.0.1/kerb-crypto-1.0.1.jar:/home/user/.m2/repository/org/apache/kerby/kerb-util/1.0.1/kerb-util-1.0.1.jar:/home/user/.m2/repository/org/apache/kerby/token-provider/1.0.1/token-provider-1.0.1.jar:/home/user/.m2/repository/org/apache/kerby/kerb-admin/1.0.1/kerb-admin-1.0.1.jar:/home/user/.m2/repository/org/apache/kerby/kerb-server/1.0.1/kerb-server-1.0.1.jar:/home/user/.m2/repository/org/apache/kerby/kerb-identity/1.0.1/kerb-identity-1.0.1.jar:/home/user/.m2/repository/org/apache/kerby/kerby-xdr/1.0.1/kerby-xdr-1.0.1.jar:/home/user/.m2/repository/org/slf4j/slf4j-log4j12/1.7.25/slf4j-log4j12-1.7.25.jar:/home/user/.m2/repository/org/apache/hadoop/hadoop-ozone-s3gateway/0.6.0-SNAPSHOT/hadoop-ozone-s3gateway-0.6.0-SNAPSHOT.jar:/home/user/.m2/repository/org/jboss/weld/servlet/weld-servlet/2.4.7.Final/weld-servlet-2.4.7.Final.jar:/home/user/.m2/repository/org/glassfish/jersey/containers/jersey-container-servlet-core/2.27/jersey-container-servlet-core-2.27.jar:/home/user/.m2/repository/org/glassfish/hk2/external/javax.inject/2.5.0-b42/javax.inject-2.5.0-b42.jar:/home/user/.m2/repository/org/glassfish/jersey/core/jersey-common/2.27/jersey-common-2.27.jar:/home/user/.m2/repository/org/glassfish/hk2/osgi-resource-locator/1.0.1/osgi-resource-locator-1.0.1.jar:/home/user/.m2/repository/javax/ws/rs/javax.ws.rs-api/2.1/javax.ws.rs-api-2.1.jar:/home/user/.m2/repository/org/glassfish/jersey/ext/cdi/jersey-cdi1x/2.27/jersey-cdi1x-2.27.jar:/home/user/.m2/repository/org/glassfish/jersey/inject/jersey-hk2/2.27/jersey-hk2-2.27.jar:/home/user/.m2/repository/org/glassfish/hk2/hk2-locator/2.5.0-b42/hk2-locator-2.5.0-b42.jar:/home/user/.m2/repository/org/javassist/javassist/3.22.0-CR2/javassist-3.22.0-CR2.jar:/home/user/.m2/repository/org/glassfish/hk2/hk2-api/2.5.0/hk2-api-2.5.0.jar:/home/user/.m2/repository/org/glassfish/hk2/external/jakarta.inject/2.5.0/jakarta.inject-2.5.0.jar:/home/user/.m2/repository/org/glassfish/hk2/hk2-utils/2.5.0/hk2-utils-2.5.0.jar:/home/user/.m2/repository/jakarta/annotation/jakarta.annotation-api/1.3.4/jakarta.annotation-api-1.3.4.jar:/home/user/.m2/repository/org/glassfish/hk2/external/aopalliance-repackaged/2.5.0/aopalliance-repackaged-2.5.0.jar:/home/user/.m2/repository/com/fasterxml/jackson/dataformat/jackson-dataformat-xml/2.10.3/jackson-dataformat-xml-2.10.3.jar:/home/user/.m2/repository/com/fasterxml/jackson/core/jackson-core/2.10.3/jackson-core-2.10.3.jar:/home/user/.m2/repository/com/fasterxml/jackson/module/jackson-module-jaxb-annotations/2.10.3/jackson-module-jaxb-annotations-2.10.3.jar:/home/user/.m2/repository/jakarta/xml/bind/jakarta.xml.bind-api/2.3.2/jakarta.xml.bind-api-2.3.2.jar:/home/user/.m2/repository/jakarta/activation/jakarta.activation-api/1.2.1/jakarta.activation-api-1.2.1.jar:/home/user/.m2/repository/org/codehaus/woodstox/stax2-api/3.1.4/stax2-api-3.1.4.jar:/home/user/.m2/repository/com/fasterxml/woodstox/woodstox-core/5.0.3/woodstox-core-5.0.3.jar:/home/user/.m2/repository/javax/enterprise/cdi-api/1.2/cdi-api-1.2.jar:/home/user/.m2/repository/javax/el/javax.el-api/3.0.0/javax.el-api-3.0.0.jar:/home/user/.m2/repository/javax/interceptor/javax.interceptor-api/1.2/javax.interceptor-api-1.2.jar:/home/user/.m2/repository/javax/inject/javax.inject/1/javax.inject-1.jar:/home/user/.m2/repository/com/sun/xml/bind/jaxb-impl/2.3.0.1/jaxb-impl-2.3.0.1.jar:/home/user/.m2/repository/com/sun/xml/bind/jaxb-core/2.3.0.1/jaxb-core-2.3.0.1.jar:/home/user/.m2/repository/javax/xml/bind/jaxb-api/2.3.0/jaxb-api-2.3.0.jar:/home/user/.m2/repository/javax/activation/activation/1.1.1/activation-1.1.1.jar:/home/user/.m2/repository/org/apache/hadoop/hadoop-ozone-csi/0.6.0-SNAPSHOT/hadoop-ozone-csi-0.6.0-SNAPSHOT.jar:/home/user/.m2/repository/com/google/protobuf/protobuf-java-util/3.11.0/protobuf-java-util-3.11.0.jar:/home/user/.m2/repository/com/google/code/gson/gson/2.2.4/gson-2.2.4.jar:/home/user/.m2/repository/org/apache/hadoop/hadoop-hdds-config/0.6.0-SNAPSHOT/hadoop-hdds-config-0.6.0-SNAPSHOT.jar:/home/user/.m2/repository/com/google/protobuf/protobuf-java/2.5.0/protobuf-java-2.5.0.jar:/home/user/.m2/repository/io/grpc/grpc-netty/1.28.1/grpc-netty-1.28.1.jar:/home/user/.m2/repository/io/grpc/grpc-core/1.28.1/grpc-core-1.28.1.jar:/home/user/.m2/repository/com/google/android/annotations/4.1.1.4/annotations-4.1.1.4.jar:/home/user/.m2/repository/io/perfmark/perfmark-api/0.19.0/perfmark-api-0.19.0.jar:/home/user/.m2/repository/io/netty/netty-codec-http2/4.1.45.Final/netty-codec-http2-4.1.45.Final.jar:/home/user/.m2/repository/io/netty/netty-codec/4.1.45.Final/netty-codec-4.1.45.Final.jar:/home/user/.m2/repository/io/netty/netty-handler/4.1.45.Final/netty-handler-4.1.45.Final.jar:/home/user/.m2/repository/io/netty/netty-codec-http/4.1.45.Final/netty-codec-http-4.1.45.Final.jar:/home/user/.m2/repository/io/netty/netty-handler-proxy/4.1.45.Final/netty-handler-proxy-4.1.45.Final.jar:/home/user/.m2/repository/io/netty/netty-codec-socks/4.1.45.Final/netty-codec-socks-4.1.45.Final.jar:/home/user/.m2/repository/io/netty/netty-transport-native-epoll/4.1.48.Final/netty-transport-native-epoll-4.1.48.Final.jar:/home/user/.m2/repository/io/netty/netty-common/4.1.48.Final/netty-common-4.1.48.Final.jar:/home/user/.m2/repository/io/netty/netty-buffer/4.1.48.Final/netty-buffer-4.1.48.Final.jar:/home/user/.m2/repository/io/netty/netty-transport/4.1.48.Final/netty-transport-4.1.48.Final.jar:/home/user/.m2/repository/io/netty/netty-resolver/4.1.48.Final/netty-resolver-4.1.48.Final.jar:/home/user/.m2/repository/io/netty/netty-transport-native-unix-common/4.1.48.Final/netty-transport-native-unix-common-4.1.48.Final.jar:/home/user/.m2/repository/io/grpc/grpc-protobuf/1.28.1/grpc-protobuf-1.28.1.jar:/home/user/.m2/repository/io/grpc/grpc-api/1.28.1/grpc-api-1.28.1.jar:/home/user/.m2/repository/io/grpc/grpc-context/1.28.1/grpc-context-1.28.1.jar:/home/user/.m2/repository/org/codehaus/mojo/animal-sniffer-annotations/1.18/animal-sniffer-annotations-1.18.jar:/home/user/.m2/repository/com/google/api/grpc/proto-google-common-protos/1.17.0/proto-google-common-protos-1.17.0.jar:/home/user/.m2/repository/io/grpc/grpc-protobuf-lite/1.28.1/grpc-protobuf-lite-1.28.1.jar:/home/user/.m2/repository/io/grpc/grpc-stub/1.28.1/grpc-stub-1.28.1.jar:/home/user/.m2/repository/org/apache/hadoop/hadoop-ozone-recon/0.6.0-SNAPSHOT/hadoop-ozone-recon-0.6.0-SNAPSHOT.jar:/home/user/.m2/repository/org/apache/hadoop/hadoop-ozone-reconcodegen/0.6.0-SNAPSHOT/hadoop-ozone-reconcodegen-0.6.0-SNAPSHOT.jar:/home/user/.m2/repository/com/google/inject/extensions/guice-multibindings/4.0/guice-multibindings-4.0.jar:/home/user/.m2/repository/com/google/inject/guice/4.0/guice-4.0.jar:/home/user/.m2/repository/aopalliance/aopalliance/1.0/aopalliance-1.0.jar:/home/user/.m2/repository/com/google/inject/extensions/guice-assistedinject/4.0/guice-assistedinject-4.0.jar:/home/user/.m2/repository/com/google/inject/extensions/guice-servlet/4.0/guice-servlet-4.0.jar:/home/user/.m2/repository/org/glassfish/jersey/containers/jersey-container-servlet/2.27/jersey-container-servlet-2.27.jar:/home/user/.m2/repository/org/glassfish/hk2/guice-bridge/2.5.0/guice-bridge-2.5.0.jar:/home/user/.m2/repository/org/glassfish/jersey/core/jersey-server/2.27/jersey-server-2.27.jar:/home/user/.m2/repository/org/glassfish/jersey/core/jersey-client/2.27/jersey-client-2.27.jar:/home/user/.m2/repository/org/glassfish/jersey/media/jersey-media-jaxb/2.27/jersey-media-jaxb-2.27.jar:/home/user/.m2/repository/javax/validation/validation-api/1.1.0.Final/validation-api-1.1.0.Final.jar:/home/user/.m2/repository/org/glassfish/jersey/media/jersey-media-json-jackson/2.27/jersey-media-json-jackson-2.27.jar:/home/user/.m2/repository/org/glassfish/jersey/ext/jersey-entity-filtering/2.27/jersey-entity-filtering-2.27.jar:/home/user/.m2/repository/org/jooq/jooq/3.11.10/jooq-3.11.10.jar:/home/user/.m2/repository/org/jooq/jooq-meta/3.11.10/jooq-meta-3.11.10.jar:/home/user/.m2/repository/org/jooq/jooq-codegen/3.11.10/jooq-codegen-3.11.10.jar:/home/user/.m2/repository/com/jolbox/bonecp/0.8.0.RELEASE/bonecp-0.8.0.RELEASE.jar:/home/user/.m2/repository/org/apache/derby/derby/10.14.2.0/derby-10.14.2.0.jar:/home/user/.m2/repository/org/xerial/sqlite-jdbc/3.25.2/sqlite-jdbc-3.25.2.jar:/home/user/.m2/repository/org/springframework/spring-jdbc/5.2.5.RELEASE/spring-jdbc-5.2.5.RELEASE.jar:/home/user/.m2/repository/org/springframework/spring-beans/5.2.5.RELEASE/spring-beans-5.2.5.RELEASE.jar:/home/user/.m2/repository/org/springframework/spring-core/5.2.5.RELEASE/spring-core-5.2.5.RELEASE.jar:/home/user/.m2/repository/org/springframework/spring-jcl/5.2.5.RELEASE/spring-jcl-5.2.5.RELEASE.jar:/home/user/.m2/repository/org/springframework/spring-tx/5.2.5.RELEASE/spring-tx-5.2.5.RELEASE.jar:/home/user/.m2/repository/org/apache/hadoop/hadoop-ozone-client/0.6.0-SNAPSHOT/hadoop-ozone-client-0.6.0-SNAPSHOT.jar:/home/user/.m2/repository/org/apache/hadoop/hadoop-ozone-filesystem/0.6.0-SNAPSHOT/hadoop-ozone-filesystem-0.6.0-SNAPSHOT.jar:/home/user/.m2/repository/org/apache/hadoop/hadoop-hdds-hadoop-dependency-client/0.6.0-SNAPSHOT/hadoop-hdds-hadoop-dependency-client-0.6.0-SNAPSHOT.jar:/home/user/.m2/repository/org/apache/hadoop/hadoop-ozone-tools/0.6.0-SNAPSHOT/hadoop-ozone-tools-0.6.0-SNAPSHOT.jar:/home/user/.m2/repository/org/apache/hadoop/hadoop-hdfs/3.2.0/hadoop-hdfs-3.2.0.jar:/home/user/.m2/repository/org/apache/ratis/ratis-tools/0.6.0-cac3336-SNAPSHOT/ratis-tools-0.6.0-cac3336-SNAPSHOT.jar:/home/user/.m2/repository/org/apache/ratis/ratis-proto/0.6.0-cac3336-SNAPSHOT/ratis-proto-0.6.0-cac3336-SNAPSHOT.jar:/home/user/.m2/repository/org/apache/ratis/ratis-common/0.6.0-cac3336-SNAPSHOT/ratis-common-0.6.0-cac3336-SNAPSHOT.jar:/home/user/.m2/repository/com/amazonaws/aws-java-sdk-core/1.11.615/aws-java-sdk-core-1.11.615.jar:/home/user/.m2/repository/org/apache/httpcomponents/httpclient/4.5.2/httpclient-4.5.2.jar:/home/user/.m2/repository/org/apache/httpcomponents/httpcore/4.4.4/httpcore-4.4.4.jar:/home/user/.m2/repository/software/amazon/ion/ion-java/1.0.2/ion-java-1.0.2.jar:/home/user/.m2/repository/com/fasterxml/jackson/dataformat/jackson-dataformat-cbor/2.10.3/jackson-dataformat-cbor-2.10.3.jar:/home/user/.m2/repository/joda-time/joda-time/2.9.9/joda-time-2.9.9.jar:/home/user/.m2/repository/com/amazonaws/aws-java-sdk-s3/1.11.615/aws-java-sdk-s3-1.11.615.jar:/home/user/.m2/repository/com/amazonaws/aws-java-sdk-kms/1.11.615/aws-java-sdk-kms-1.11.615.jar:/home/user/.m2/repository/com/amazonaws/jmespath-java/1.11.615/jmespath-java-1.11.615.jar:/home/user/.m2/repository/org/apache/hadoop/hadoop-hdds-tools/0.6.0-SNAPSHOT/hadoop-hdds-tools-0.6.0-SNAPSHOT.jar:/home/user/.m2/repository/commons-cli/commons-cli/1.2/commons-cli-1.2.jar:/home/user/.m2/repository/org/apache/commons/commons-lang3/3.7/commons-lang3-3.7.jar:/home/user/.m2/repository/org/apache/hadoop/hadoop-ozone-ozone-manager/0.6.0-SNAPSHOT/hadoop-ozone-ozone-manager-0.6.0-SNAPSHOT-tests.jar:/home/user/.m2/repository/junit/junit/4.11/junit-4.11.jar:/home/user/.m2/repository/org/hamcrest/hamcrest-core/1.3/hamcrest-core-1.3.jar:/home/user/.m2/repository/org/openjdk/jmh/jmh-core/1.19/jmh-core-1.19.jar:/home/user/.m2/repository/net/sf/jopt-simple/jopt-simple/4.6/jopt-simple-4.6.jar:/home/user/.m2/repository/org/apache/commons/commons-math3/3.1.1/commons-math3-3.1.1.jar:/home/user/.m2/repository/org/openjdk/jmh/jmh-generator-annprocess/1.19/jmh-generator-annprocess-1.19.jar:/home/user/.m2/repository/org/mockito/mockito-all/1.8.5/mockito-all-1.8.5.jar:/home/user/.m2/repository/org/apache/hadoop/hadoop-kms/3.2.0/hadoop-kms-3.2.0.jar:/home/user/.m2/repository/org/apache/hadoop/hadoop-auth/3.2.0/hadoop-auth-3.2.0.jar:/home/user/.m2/repository/com/nimbusds/nimbus-jose-jwt/7.9/nimbus-jose-jwt-7.9.jar:/home/user/.m2/repository/com/github/stephenc/jcip/jcip-annotations/1.0-1/jcip-annotations-1.0-1.jar:/home/user/.m2/repository/net/minidev/json-smart/2.3/json-smart-2.3.jar:/home/user/.m2/repository/net/minidev/accessors-smart/1.2/accessors-smart-1.2.jar:/home/user/.m2/repository/org/ow2/asm/asm/5.0.4/asm-5.0.4.jar:/home/user/.m2/repository/org/apache/zookeeper/zookeeper/3.4.13/zookeeper-3.4.13.jar:/home/user/.m2/repository/org/apache/yetus/audience-annotations/0.5.0/audience-annotations-0.5.0.jar:/home/user/.m2/repository/org/apache/curator/curator-framework/2.12.0/curator-framework-2.12.0.jar:/home/user/.m2/repository/com/sun/jersey/jersey-core/1.19/jersey-core-1.19.jar:/home/user/.m2/repository/javax/ws/rs/jsr311-api/1.1.1/jsr311-api-1.1.1.jar:/home/user/.m2/repository/com/sun/jersey/jersey-server/1.19/jersey-server-1.19.jar:/home/user/.m2/repository/javax/servlet/javax.servlet-api/3.1.0/javax.servlet-api-3.1.0.jar:/home/user/.m2/repository/org/eclipse/jetty/jetty-server/9.4.26.v20200117/jetty-server-9.4.26.v20200117.jar:/home/user/.m2/repository/org/eclipse/jetty/jetty-http/9.4.26.v20200117/jetty-http-9.4.26.v20200117.jar:/home/user/.m2/repository/org/eclipse/jetty/jetty-io/9.4.26.v20200117/jetty-io-9.4.26.v20200117.jar:/home/user/.m2/repository/org/eclipse/jetty/jetty-webapp/9.4.26.v20200117/jetty-webapp-9.4.26.v20200117.jar:/home/user/.m2/repository/org/eclipse/jetty/jetty-xml/9.4.26.v20200117/jetty-xml-9.4.26.v20200117.jar:/home/user/.m2/repository/org/eclipse/jetty/jetty-servlet/9.4.26.v20200117/jetty-servlet-9.4.26.v20200117.jar:/home/user/.m2/repository/org/eclipse/jetty/jetty-security/9.4.26.v20200117/jetty-security-9.4.26.v20200117.jar:/home/user/.m2/repository/org/apache/hadoop/hadoop-common/3.2.0/hadoop-common-3.2.0.jar:/home/user/.m2/repository/commons-net/commons-net/3.6/commons-net-3.6.jar:/home/user/.m2/repository/commons-collections/commons-collections/3.2.2/commons-collections-3.2.2.jar:/home/user/.m2/repository/com/sun/jersey/jersey-servlet/1.19/jersey-servlet-1.19.jar:/home/user/.m2/repository/com/sun/jersey/jersey-json/1.19/jersey-json-1.19.jar:/home/user/.m2/repository/org/codehaus/jettison/jettison/1.1/jettison-1.1.jar:/home/user/.m2/repository/org/codehaus/jackson/jackson-jaxrs/1.9.2/jackson-jaxrs-1.9.2.jar:/home/user/.m2/repository/org/codehaus/jackson/jackson-xc/1.9.2/jackson-xc-1.9.2.jar:/home/user/.m2/repository/commons-beanutils/commons-beanutils/1.9.4/commons-beanutils-1.9.4.jar:/home/user/.m2/repository/org/apache/commons/commons-configuration2/2.1.1/commons-configuration2-2.1.1.jar:/home/user/.m2/repository/org/apache/commons/commons-text/1.4/commons-text-1.4.jar:/home/user/.m2/repository/com/google/re2j/re2j/1.1/re2j-1.1.jar:/home/user/.m2/repository/com/jcraft/jsch/0.1.54/jsch-0.1.54.jar:/home/user/.m2/repository/org/apache/curator/curator-client/2.12.0/curator-client-2.12.0.jar:/home/user/.m2/repository/org/apache/curator/curator-recipes/2.12.0/curator-recipes-2.12.0.jar:/home/user/.m2/repository/dnsjava/dnsjava/2.1.7/dnsjava-2.1.7.jar:/home/user/.m2/repository/org/slf4j/jul-to-slf4j/1.7.25/jul-to-slf4j-1.7.25.jar:/home/user/.m2/repository/org/eclipse/jetty/jetty-util/9.4.26.v20200117/jetty-util-9.4.26.v20200117.jar:/home/user/.m2/repository/com/fasterxml/jackson/core/jackson-databind/2.10.3/jackson-databind-2.10.3.jar:/home/user/.m2/repository/org/apache/hadoop/hadoop-kms/3.2.0/hadoop-kms-3.2.0-tests.jar:/home/user/.m2/repository/org/apache/hadoop/hadoop-hdds-server-scm/0.6.0-SNAPSHOT/hadoop-hdds-server-scm-0.6.0-SNAPSHOT-tests.jar:/home/user/.m2/repository/org/apache/hadoop/hadoop-hdds-container-service/0.6.0-SNAPSHOT/hadoop-hdds-container-service-0.6.0-SNAPSHOT-tests.jar:/home/user/.m2/repository/org/apache/hadoop/hadoop-hdds-common/0.6.0-SNAPSHOT/hadoop-hdds-common-0.6.0-SNAPSHOT-tests.jar:/home/user/.m2/repository/org/yaml/snakeyaml/1.16/snakeyaml-1.16.jar:/home/user/.m2/repository/org/apache/hadoop/hadoop-hdds-hadoop-dependency-test/0.6.0-SNAPSHOT/hadoop-hdds-hadoop-dependency-test-0.6.0-SNAPSHOT.jar:/home/user/.m2/repository/org/apache/hadoop/hadoop-common/3.2.0/hadoop-common-3.2.0-tests.jar:/home/user/.m2/repository/javax/servlet/jsp/jsp-api/2.1/jsp-api-2.1.jar:/home/user/.m2/repository/org/apache/hadoop/hadoop-hdfs/3.2.0/hadoop-hdfs-3.2.0-tests.jar:/home/user/.m2/repository/org/eclipse/jetty/jetty-util-ajax/9.4.26.v20200117/jetty-util-ajax-9.4.26.v20200117.jar:/home/user/.m2/repository/commons-codec/commons-codec/1.11/commons-codec-1.11.jar:/home/user/.m2/repository/commons-daemon/commons-daemon/1.0.13/commons-daemon-1.0.13.jar:/home/user/.m2/repository/io/netty/netty/3.10.5.Final/netty-3.10.5.Final.jar:/home/user/.m2/repository/io/netty/netty-all/4.1.48.Final/netty-all-4.1.48.Final.jar:/home/user/.m2/repository/org/apache/htrace/htrace-core4/4.1.0-incubating/htrace-core4-4.1.0-incubating.jar:/home/user/.m2/repository/org/fusesource/leveldbjni/leveldbjni-all/1.8/leveldbjni-all-1.8.jar:/home/user/.m2/repository/org/apache/hadoop/hadoop-distcp/3.2.0/hadoop-distcp-3.2.0.jar:/home/user/.m2/repository/org/apache/hadoop/hadoop-mapreduce-client-jobclient/3.2.0/hadoop-mapreduce-client-jobclient-3.2.0.jar:/home/user/.m2/repository/org/apache/hadoop/hadoop-mapreduce-client-common/3.2.0/hadoop-mapreduce-client-common-3.2.0.jar:/home/user/.m2/repository/org/apache/hadoop/hadoop-yarn-common/3.2.0/hadoop-yarn-common-3.2.0.jar:/home/user/.m2/repository/org/apache/hadoop/hadoop-yarn-api/3.2.0/hadoop-yarn-api-3.2.0.jar:/home/user/.m2/repository/com/sun/jersey/jersey-client/1.19/jersey-client-1.19.jar:/home/user/.m2/repository/com/sun/jersey/contribs/jersey-guice/1.19/jersey-guice-1.19.jar:/home/user/.m2/repository/com/fasterxml/jackson/jaxrs/jackson-jaxrs-json-provider/2.10.3/jackson-jaxrs-json-provider-2.10.3.jar:/home/user/.m2/repository/com/fasterxml/jackson/jaxrs/jackson-jaxrs-base/2.10.3/jackson-jaxrs-base-2.10.3.jar:/home/user/.m2/repository/org/apache/hadoop/hadoop-yarn-client/3.2.0/hadoop-yarn-client-3.2.0.jar:/home/user/.m2/repository/org/apache/hadoop/hadoop-mapreduce-client-core/3.2.0/hadoop-mapreduce-client-core-3.2.0.jar:/home/user/.m2/repository/org/apache/avro/avro/1.7.7/avro-1.7.7.jar:/home/user/.m2/repository/org/codehaus/jackson/jackson-core-asl/1.9.13/jackson-core-asl-1.9.13.jar:/home/user/.m2/repository/org/codehaus/jackson/jackson-mapper-asl/1.9.13/jackson-mapper-asl-1.9.13.jar:/home/user/.m2/repository/com/thoughtworks/paranamer/paranamer/2.3/paranamer-2.3.jar:/home/user/.m2/repository/org/xerial/snappy/snappy-java/1.0.5/snappy-java-1.0.5.jar:/home/user/.m2/repository/org/apache/hadoop/hadoop-annotations/3.2.0/hadoop-annotations-3.2.0.jar:/usr/lib/jvm/java-1.8.0-openjdk-1.8.0.232.b09-0.el7_7.x86_64/jre/../lib/tools.jar:/home/user/.m2/repository/org/apache/hadoop/hadoop-distcp/3.2.0/hadoop-distcp-3.2.0-tests.jar:"/>
    <property name="sun.cpu.endian" value="little"/>
    <property name="user.home" value="/home/user"/>
    <property name="user.language" value="en"/>
    <property name="java.specification.vendor" value="Oracle Corporation"/>
    <property name="java.home" value="/usr/lib/jvm/java-1.8.0-openjdk-1.8.0.232.b09-0.el7_7.x86_64/jre"/>
    <property name="java.security.krb5.conf" value="/github/workspace/mnt/ozone/hadoop-ozone/integration-test/target/test-classes/krb5.conf"/>
    <property name="basedir" value="/github/workspace/mnt/ozone/hadoop-ozone/integration-test"/>
    <property name="file.separator" value="/"/>
    <property name="line.separator" value="&#10;"/>
    <property name="java.vm.specification.vendor" value="Oracle Corporation"/>
    <property name="java.specification.name" value="Java Platform API Specification"/>
    <property name="java.awt.graphicsenv" value="sun.awt.X11GraphicsEnvironment"/>
    <property name="surefire.real.class.path" value="/github/workspace/mnt/ozone/hadoop-ozone/integration-test/target/surefire/surefirebooter1108637276591324000.jar:/home/user/.m2/repository/org/jacoco/org.jacoco.agent/0.8.3/org.jacoco.agent-0.8.3-runtime.jar"/>
    <property name="hadoop.log.dir" value="/github/workspace/mnt/ozone/hadoop-ozone/integration-test/target/log"/>
    <property name="sun.boot.class.path" value="/usr/lib/jvm/java-1.8.0-openjdk-1.8.0.232.b09-0.el7_7.x86_64/jre/lib/resources.jar:/usr/lib/jvm/java-1.8.0-openjdk-1.8.0.232.b09-0.el7_7.x86_64/jre/lib/rt.jar:/usr/lib/jvm/java-1.8.0-openjdk-1.8.0.232.b09-0.el7_7.x86_64/jre/lib/sunrsasign.jar:/usr/lib/jvm/java-1.8.0-openjdk-1.8.0.232.b09-0.el7_7.x86_64/jre/lib/jsse.jar:/usr/lib/jvm/java-1.8.0-openjdk-1.8.0.232.b09-0.el7_7.x86_64/jre/lib/jce.jar:/usr/lib/jvm/java-1.8.0-openjdk-1.8.0.232.b09-0.el7_7.x86_64/jre/lib/charsets.jar:/usr/lib/jvm/java-1.8.0-openjdk-1.8.0.232.b09-0.el7_7.x86_64/jre/lib/jfr.jar:/usr/lib/jvm/java-1.8.0-openjdk-1.8.0.232.b09-0.el7_7.x86_64/jre/classes"/>
    <property name="sun.management.compiler" value="HotSpot 64-Bit Tiered Compilers"/>
    <property name="java.runtime.version" value="1.8.0_232-b09"/>
    <property name="java.net.preferIPv4Stack" value="true"/>
    <property name="user.name" value="jenkins1001"/>
    <property name="path.separator" value=":"/>
    <property name="java.security.egd" value="file:///dev/urandom"/>
    <property name="os.version" value="5.0.0-1035-azure"/>
    <property name="java.endorsed.dirs" value="/usr/lib/jvm/java-1.8.0-openjdk-1.8.0.232.b09-0.el7_7.x86_64/jre/lib/endorsed"/>
    <property name="java.runtime.name" value="OpenJDK Runtime Environment"/>
    <property name="file.encoding" value="ANSI_X3.4-1968"/>
    <property name="java.vm.name" value="OpenJDK 64-Bit Server VM"/>
    <property name="test.build.webapps" value=""/>
    <property name="localRepository" value="/home/user/.m2/repository"/>
    <property name="java.vendor.url.bug" value="http://bugreport.sun.com/bugreport/"/>
    <property name="java.io.tmpdir" value="/tmp"/>
    <property name="require.test.libhadoop" value=""/>
    <property name="java.version" value="1.8.0_232"/>
    <property name="user.dir" value="/github/workspace/mnt/ozone/hadoop-ozone/integration-test"/>
    <property name="os.arch" value="amd64"/>
    <property name="java.vm.specification.name" value="Java Virtual Machine Specification"/>
    <property name="test.build.classes" value="/github/workspace/mnt/ozone/hadoop-ozone/integration-test/target/test-classes"/>
    <property name="java.awt.printerjob" value="sun.print.PSPrinterJob"/>
    <property name="sun.os.patch.level" value="unknown"/>
    <property name="hadoop.tmp.dir" value="/github/workspace/mnt/ozone/hadoop-ozone/integration-test/target/tmp"/>
    <property name="java.library.path" value="/usr/lib:/usr/java/packages/lib/amd64:/usr/lib64:/lib64:/lib:/usr/lib"/>
    <property name="java.vm.info" value="mixed mode"/>
    <property name="java.vendor" value="Oracle Corporation"/>
    <property name="java.vm.version" value="25.232-b09"/>
    <property name="java.ext.dirs" value="/usr/lib/jvm/java-1.8.0-openjdk-1.8.0.232.b09-0.el7_7.x86_64/jre/lib/ext:/usr/java/packages/lib/ext"/>
    <property name="sun.io.unicode.encoding" value="UnicodeLittle"/>
    <property name="java.class.version" value="52.0"/>
  </properties>
  <testcase name="testPutKeyAndGetKeyThreeNodes" classname="org.apache.hadoop.ozone.client.rpc.TestReadRetries" time="10.08">
    <failure type="java.lang.AssertionError">java.lang.AssertionError
	at org.junit.Assert.fail(Assert.java:86)
	at org.junit.Assert.assertTrue(Assert.java:41)
	at org.junit.Assert.assertTrue(Assert.java:52)
	at org.apache.hadoop.ozone.client.rpc.TestReadRetries.testPutKeyAndGetKeyThreeNodes(TestReadRetries.java:181)
	at sun.reflect.NativeMethodAccessorImpl.invoke0(Native Method)
	at sun.reflect.NativeMethodAccessorImpl.invoke(NativeMethodAccessorImpl.java:62)
	at sun.reflect.DelegatingMethodAccessorImpl.invoke(DelegatingMethodAccessorImpl.java:43)
	at java.lang.reflect.Method.invoke(Method.java:498)
	at org.junit.runners.model.FrameworkMethod$1.runReflectiveCall(FrameworkMethod.java:47)
	at org.junit.internal.runners.model.ReflectiveCallable.run(ReflectiveCallable.java:12)
	at org.junit.runners.model.FrameworkMethod.invokeExplosively(FrameworkMethod.java:44)
	at org.junit.internal.runners.statements.InvokeMethod.evaluate(InvokeMethod.java:17)
	at org.junit.rules.ExpectedException$ExpectedExceptionStatement.evaluate(ExpectedException.java:168)
	at org.junit.rules.RunRules.evaluate(RunRules.java:20)
	at org.junit.runners.ParentRunner.runLeaf(ParentRunner.java:271)
	at org.junit.runners.BlockJUnit4ClassRunner.runChild(BlockJUnit4ClassRunner.java:70)
	at org.junit.runners.BlockJUnit4ClassRunner.runChild(BlockJUnit4ClassRunner.java:50)
	at org.junit.runners.ParentRunner$3.run(ParentRunner.java:238)
	at org.junit.runners.ParentRunner$1.schedule(ParentRunner.java:63)
	at org.junit.runners.ParentRunner.runChildren(ParentRunner.java:236)
	at org.junit.runners.ParentRunner.access$000(ParentRunner.java:53)
	at org.junit.runners.ParentRunner$2.evaluate(ParentRunner.java:229)
	at org.junit.internal.runners.statements.RunBefores.evaluate(RunBefores.java:26)
	at org.junit.internal.runners.statements.RunAfters.evaluate(RunAfters.java:27)
	at org.junit.runners.ParentRunner.run(ParentRunner.java:309)
	at org.apache.maven.surefire.junit4.JUnit4Provider.execute(JUnit4Provider.java:365)
	at org.apache.maven.surefire.junit4.JUnit4Provider.executeWithRerun(JUnit4Provider.java:273)
	at org.apache.maven.surefire.junit4.JUnit4Provider.executeTestSet(JUnit4Provider.java:238)
	at org.apache.maven.surefire.junit4.JUnit4Provider.invoke(JUnit4Provider.java:159)
	at org.apache.maven.surefire.booter.ForkedBooter.invokeProviderInSameClassLoader(ForkedBooter.java:384)
	at org.apache.maven.surefire.booter.ForkedBooter.runSuitesInProcess(ForkedBooter.java:345)
	at org.apache.maven.surefire.booter.ForkedBooter.execute(ForkedBooter.java:126)
	at org.apache.maven.surefire.booter.ForkedBooter.main(ForkedBooter.java:418)
</failure>
    <system-out><![CDATA[2020-05-07 00:41:06,617 [main] WARN  server.ServerUtils (ServerUtils.java:getScmDbDir(148)) - ozone.scm.db.dirs is not configured. We recommend adding this setting. Falling back to ozone.metadata.dirs instead.
2020-05-07 00:41:06,720 [main] WARN  server.ServerUtils (ServerUtils.java:getScmDbDir(148)) - ozone.scm.db.dirs is not configured. We recommend adding this setting. Falling back to ozone.metadata.dirs instead.
2020-05-07 00:41:06,839 [main] WARN  db.DBStoreBuilder (DBStoreBuilder.java:createDBStoreBuilder(277)) - ozone.scm.db.dirs is not configured. We recommend adding this setting. Falling back to ozone.metadata.dirs instead.
2020-05-07 00:41:06,998 [main] INFO  net.NodeSchemaLoader (NodeSchemaLoader.java:loadSchemaFromFile(126)) - Loading file from sun.misc.CompoundEnumeration@2762253e
2020-05-07 00:41:07,001 [main] INFO  net.NodeSchemaLoader (NodeSchemaLoader.java:loadSchema(172)) - Loading network topology layer schema file
2020-05-07 00:41:07,083 [main] WARN  server.ServerUtils (ServerUtils.java:sanitizeUserArgs(73)) - ozone.scm.stale.node.interval value = 300000 is larger than max = 100000 based on the key value of ozone.scm.heartbeat.thread.interval, reset to the max value 100000.
2020-05-07 00:41:07,083 [main] WARN  server.ServerUtils (ServerUtils.java:sanitizeUserArgs(73)) - ozone.scm.stale.node.interval value = 300000 is larger than max = 100000 based on the key value of ozone.scm.heartbeat.thread.interval, reset to the max value 100000.
2020-05-07 00:41:07,092 [main] INFO  node.SCMNodeManager (SCMNodeManager.java:<init>(116)) - Entering startup safe mode.
2020-05-07 00:41:07,262 [main] INFO  algorithms.ContainerPlacementPolicyFactory (ContainerPlacementPolicyFactory.java:getPolicy(60)) - Create container placement policy of type org.apache.hadoop.hdds.scm.container.placement.algorithms.SCMContainerPlacementRandom
2020-05-07 00:41:07,292 [main] INFO  pipeline.SCMPipelineManager (SCMPipelineManager.java:initializePipelineState(158)) - No pipeline exists in current db
2020-05-07 00:41:07,374 [main] INFO  safemode.HealthyPipelineSafeModeRule (HealthyPipelineSafeModeRule.java:<init>(89)) - Total pipeline count is 0, healthy pipeline threshold count is 0
2020-05-07 00:41:07,381 [main] INFO  safemode.OneReplicaPipelineSafeModeRule (OneReplicaPipelineSafeModeRule.java:<init>(79)) - Total pipeline count is 0, pipeline's with at least one datanode reported threshold count is 0
2020-05-07 00:41:07,425 [RatisPipelineUtilsThread] ERROR pipeline.SCMPipelineManager (SCMPipelineManager.java:createPipeline(222)) - Failed to create pipeline of type RATIS and factor ONE. Exception: Cannot create pipeline of factor 1 using 0 nodes. Used 0 nodes. Healthy nodes 0
2020-05-07 00:41:08,011 [main] INFO  ipc.CallQueueManager (CallQueueManager.java:<init>(84)) - Using callQueue: class java.util.concurrent.LinkedBlockingQueue, queueCapacity: 2000, scheduler: class org.apache.hadoop.ipc.DefaultRpcScheduler, ipcBackoff: false.
2020-05-07 00:41:08,064 [Socket Reader #1 for port 37495] INFO  ipc.Server (Server.java:run(1074)) - Starting Socket Reader #1 for port 37495
2020-05-07 00:41:08,106 [main] INFO  ipc.CallQueueManager (CallQueueManager.java:<init>(84)) - Using callQueue: class java.util.concurrent.LinkedBlockingQueue, queueCapacity: 2000, scheduler: class org.apache.hadoop.ipc.DefaultRpcScheduler, ipcBackoff: false.
2020-05-07 00:41:08,107 [Socket Reader #1 for port 44689] INFO  ipc.Server (Server.java:run(1074)) - Starting Socket Reader #1 for port 44689
2020-05-07 00:41:08,119 [main] INFO  ipc.CallQueueManager (CallQueueManager.java:<init>(84)) - Using callQueue: class java.util.concurrent.LinkedBlockingQueue, queueCapacity: 2000, scheduler: class org.apache.hadoop.ipc.DefaultRpcScheduler, ipcBackoff: false.
2020-05-07 00:41:08,123 [Socket Reader #1 for port 46403] INFO  ipc.Server (Server.java:run(1074)) - Starting Socket Reader #1 for port 46403
2020-05-07 00:41:08,155 [main] INFO  http.BaseHttpServer (BaseHttpServer.java:newHttpServer2BuilderForOzone(205)) - Starting Web-server for scm at: http://0.0.0.0:0
2020-05-07 00:41:08,155 [main] INFO  http.BaseHttpServer (BaseHttpServer.java:<init>(106)) - Hadoop Security Enabled: false Ozone Security Enabled: false Ozone HTTP Security Enabled: false 
2020-05-07 00:41:08,208 [main] INFO  util.log (Log.java:initialized(169)) - Logging initialized @3040ms to org.eclipse.jetty.util.log.Slf4jLog
2020-05-07 00:41:08,470 [main] INFO  server.AuthenticationFilter (AuthenticationFilter.java:constructSecretProvider(240)) - Unable to initialize FileSignerSecretProvider, falling back to use random secrets.
2020-05-07 00:41:08,510 [main] WARN  http.HttpRequestLog (HttpRequestLog.java:getRequestLog(103)) - Jetty request log can only be enabled using Log4j
2020-05-07 00:41:08,516 [main] INFO  http.HttpServer2 (HttpServer2.java:addGlobalFilter(993)) - Added global filter 'safety' (class=org.apache.hadoop.hdds.server.http.HttpServer2$QuotingInputFilter)
2020-05-07 00:41:08,518 [main] INFO  http.HttpServer2 (HttpServer2.java:addFilter(969)) - Added filter authentication (class=org.apache.hadoop.security.authentication.server.AuthenticationFilter) to context scm
2020-05-07 00:41:08,519 [main] INFO  http.HttpServer2 (HttpServer2.java:addFilter(977)) - Added filter authentication (class=org.apache.hadoop.security.authentication.server.AuthenticationFilter) to context static
2020-05-07 00:41:08,519 [main] INFO  http.HttpServer2 (HttpServer2.java:addFilter(977)) - Added filter authentication (class=org.apache.hadoop.security.authentication.server.AuthenticationFilter) to context logs
2020-05-07 00:41:08,583 [main] INFO  server.StorageContainerManager (StorageContainerManager.java:start(781)) - StorageContainerLocationProtocol RPC server is listening at /0.0.0.0:46403
2020-05-07 00:41:08,665 [main] WARN  impl.MetricsConfig (MetricsConfig.java:loadFirst(134)) - Cannot locate configuration: tried hadoop-metrics2-storagecontainermanager.properties,hadoop-metrics2.properties
2020-05-07 00:41:08,683 [main] INFO  impl.MetricsSystemImpl (MetricsSystemImpl.java:startTimer(374)) - Scheduled Metric snapshot period at 10 second(s).
2020-05-07 00:41:08,683 [main] INFO  impl.MetricsSystemImpl (MetricsSystemImpl.java:start(191)) - StorageContainerManager metrics system started
2020-05-07 00:41:09,076 [main] INFO  server.SCMClientProtocolServer (SCMClientProtocolServer.java:start(157)) - RPC server for Client  is listening at /0.0.0.0:46403
2020-05-07 00:41:09,078 [IPC Server Responder] INFO  ipc.Server (Server.java:run(1314)) - IPC Server Responder: starting
2020-05-07 00:41:09,084 [IPC Server listener on 46403] INFO  ipc.Server (Server.java:run(1153)) - IPC Server listener on 46403: starting
2020-05-07 00:41:09,163 [main] INFO  server.StorageContainerManager (StorageContainerManager.java:start(793)) - ScmBlockLocationProtocol RPC server is listening at /0.0.0.0:44689
2020-05-07 00:41:09,164 [main] INFO  server.SCMBlockProtocolServer (SCMBlockProtocolServer.java:start(149)) - RPC server for Block Protocol is listening at /0.0.0.0:44689
2020-05-07 00:41:09,167 [IPC Server Responder] INFO  ipc.Server (Server.java:run(1314)) - IPC Server Responder: starting
2020-05-07 00:41:09,171 [IPC Server listener on 44689] INFO  ipc.Server (Server.java:run(1153)) - IPC Server listener on 44689: starting
2020-05-07 00:41:09,255 [main] INFO  server.StorageContainerManager (StorageContainerManager.java:start(799)) - ScmDatanodeProtocl RPC server is listening at /0.0.0.0:37495
2020-05-07 00:41:09,255 [main] INFO  server.SCMDatanodeProtocolServer (SCMDatanodeProtocolServer.java:start(172)) - RPC server for DataNodes is listening at /0.0.0.0:37495
2020-05-07 00:41:09,259 [IPC Server Responder] INFO  ipc.Server (Server.java:run(1314)) - IPC Server Responder: starting
2020-05-07 00:41:09,263 [IPC Server listener on 37495] INFO  ipc.Server (Server.java:run(1153)) - IPC Server listener on 37495: starting
2020-05-07 00:41:09,356 [main] INFO  http.HttpServer2 (HttpServer2.java:bindListener(1211)) - Jetty bound to port 41719
2020-05-07 00:41:09,358 [main] INFO  server.Server (Server.java:doStart(359)) - jetty-9.4.26.v20200117; built: 2020-01-17T12:35:33.676Z; git: 7b38981d25d14afb4a12ff1f2596756144edf695; jvm 1.8.0_232-b09
2020-05-07 00:41:09,437 [main] INFO  server.session (DefaultSessionIdManager.java:doStart(333)) - DefaultSessionIdManager workerName=node0
2020-05-07 00:41:09,437 [main] INFO  server.session (DefaultSessionIdManager.java:doStart(338)) - No SessionScavenger set, using defaults
2020-05-07 00:41:09,439 [main] INFO  server.session (HouseKeeper.java:startScavenging(140)) - node0 Scavenging every 660000ms
2020-05-07 00:41:09,460 [main] INFO  server.AuthenticationFilter (AuthenticationFilter.java:constructSecretProvider(240)) - Unable to initialize FileSignerSecretProvider, falling back to use random secrets.
2020-05-07 00:41:09,464 [main] INFO  handler.ContextHandler (ContextHandler.java:doStart(825)) - Started o.e.j.s.ServletContextHandler@6e886e25{logs,/logs,file:///github/workspace/mnt/ozone/hadoop-ozone/integration-test/target/log,AVAILABLE}
2020-05-07 00:41:09,466 [main] INFO  handler.ContextHandler (ContextHandler.java:doStart(825)) - Started o.e.j.s.ServletContextHandler@41019f9d{static,/static,file:///github/workspace/mnt/ozone/hadoop-ozone/integration-test/target/test-classes/webapps/static,AVAILABLE}
2020-05-07 00:41:09,539 [main] INFO  handler.ContextHandler (ContextHandler.java:doStart(825)) - Started o.e.j.w.WebAppContext@75293ab6{scm,/,file:///github/workspace/mnt/ozone/hadoop-ozone/integration-test/target/test-classes/webapps/scm/,AVAILABLE}{file:/github/workspace/mnt/ozone/hadoop-ozone/integration-test/target/test-classes/webapps/scm}
2020-05-07 00:41:09,552 [main] INFO  server.AbstractConnector (AbstractConnector.java:doStart(330)) - Started ServerConnector@6ebdbe96{HTTP/1.1,[http/1.1]}{0.0.0.0:41719}
2020-05-07 00:41:09,553 [main] INFO  server.Server (Server.java:doStart(399)) - Started @4385ms
2020-05-07 00:41:09,559 [main] INFO  impl.MetricsSinkAdapter (MetricsSinkAdapter.java:start(204)) - Sink prometheus started
2020-05-07 00:41:09,559 [main] INFO  impl.MetricsSystemImpl (MetricsSystemImpl.java:registerSink(301)) - Registered sink prometheus
2020-05-07 00:41:09,564 [main] INFO  http.BaseHttpServer (BaseHttpServer.java:updateConnectorAddress(325)) - HTTP server of scm listening at http://0.0.0.0:41719
2020-05-07 00:41:09,575 [main] WARN  server.ServerUtils (ServerUtils.java:getDBPath(225)) - ozone.om.db.dirs is not configured. We recommend adding this setting. Falling back to ozone.metadata.dirs instead.
2020-05-07 00:41:09,587 [org.apache.hadoop.util.JvmPauseMonitor$Monitor@21ee9923] INFO  util.JvmPauseMonitor (JvmPauseMonitor.java:run(188)) - Starting JVM pause monitor
2020-05-07 00:41:09,748 [main] INFO  ha.OMHANodeDetails (OMHANodeDetails.java:loadOMHAConfig(104)) - ozone.om.internal.service.id is not defined, falling back to ozone.om.service.ids to find serviceID for OzoneManager if it is HA enabled cluster
2020-05-07 00:41:09,750 [main] INFO  ha.OMHANodeDetails (OMHANodeDetails.java:loadOMHAConfig(207)) - Configuration either no ozone.om.address set. Falling back to the default OM address /127.0.0.1:0
2020-05-07 00:41:09,750 [main] INFO  ha.OMHANodeDetails (OMHANodeDetails.java:getOMNodeDetails(237)) - OM Service ID is not set. Setting it to the default ID: omServiceIdDefault
2020-05-07 00:41:09,752 [main] WARN  server.ServerUtils (ServerUtils.java:getDBPath(225)) - ozone.om.db.dirs is not configured. We recommend adding this setting. Falling back to ozone.metadata.dirs instead.
2020-05-07 00:41:09,753 [main] WARN  server.ServerUtils (ServerUtils.java:getDBPath(225)) - ozone.om.db.dirs is not configured. We recommend adding this setting. Falling back to ozone.metadata.dirs instead.
2020-05-07 00:41:10,625 [main] WARN  server.ServerUtils (ServerUtils.java:getDBPath(225)) - ozone.om.db.dirs is not configured. We recommend adding this setting. Falling back to ozone.metadata.dirs instead.
2020-05-07 00:41:10,751 [main] INFO  ipc.CallQueueManager (CallQueueManager.java:<init>(84)) - Using callQueue: class java.util.concurrent.LinkedBlockingQueue, queueCapacity: 2000, scheduler: class org.apache.hadoop.ipc.DefaultRpcScheduler, ipcBackoff: false.
2020-05-07 00:41:10,755 [Socket Reader #1 for port 45579] INFO  ipc.Server (Server.java:run(1074)) - Starting Socket Reader #1 for port 45579
2020-05-07 00:41:10,825 [main] INFO  impl.MetricsSystemImpl (MetricsSystemImpl.java:init(158)) - OzoneManager metrics system started (again)
2020-05-07 00:41:10,828 [main] INFO  om.OzoneManager (OzoneManager.java:start(1107)) - OzoneManager RPC server is listening at localhost/127.0.0.1:45579
2020-05-07 00:41:10,863 [IPC Server Responder] INFO  ipc.Server (Server.java:run(1314)) - IPC Server Responder: starting
2020-05-07 00:41:10,871 [IPC Server listener on 45579] INFO  ipc.Server (Server.java:run(1153)) - IPC Server listener on 45579: starting
2020-05-07 00:41:10,906 [main] INFO  http.BaseHttpServer (BaseHttpServer.java:newHttpServer2BuilderForOzone(205)) - Starting Web-server for ozoneManager at: http://0.0.0.0:0
2020-05-07 00:41:10,906 [main] INFO  http.BaseHttpServer (BaseHttpServer.java:<init>(106)) - Hadoop Security Enabled: false Ozone Security Enabled: false Ozone HTTP Security Enabled: false 
2020-05-07 00:41:10,908 [main] INFO  server.AuthenticationFilter (AuthenticationFilter.java:constructSecretProvider(240)) - Unable to initialize FileSignerSecretProvider, falling back to use random secrets.
2020-05-07 00:41:10,909 [main] WARN  http.HttpRequestLog (HttpRequestLog.java:getRequestLog(103)) - Jetty request log can only be enabled using Log4j
2020-05-07 00:41:10,910 [main] INFO  http.HttpServer2 (HttpServer2.java:addGlobalFilter(993)) - Added global filter 'safety' (class=org.apache.hadoop.hdds.server.http.HttpServer2$QuotingInputFilter)
2020-05-07 00:41:10,911 [main] INFO  http.HttpServer2 (HttpServer2.java:addFilter(969)) - Added filter authentication (class=org.apache.hadoop.security.authentication.server.AuthenticationFilter) to context ozoneManager
2020-05-07 00:41:10,911 [main] INFO  http.HttpServer2 (HttpServer2.java:addFilter(977)) - Added filter authentication (class=org.apache.hadoop.security.authentication.server.AuthenticationFilter) to context logs
2020-05-07 00:41:10,911 [main] INFO  http.HttpServer2 (HttpServer2.java:addFilter(977)) - Added filter authentication (class=org.apache.hadoop.security.authentication.server.AuthenticationFilter) to context static
2020-05-07 00:41:10,914 [main] INFO  http.HttpServer2 (HttpServer2.java:bindListener(1211)) - Jetty bound to port 36867
2020-05-07 00:41:10,914 [main] INFO  server.Server (Server.java:doStart(359)) - jetty-9.4.26.v20200117; built: 2020-01-17T12:35:33.676Z; git: 7b38981d25d14afb4a12ff1f2596756144edf695; jvm 1.8.0_232-b09
2020-05-07 00:41:10,942 [main] INFO  server.session (DefaultSessionIdManager.java:doStart(333)) - DefaultSessionIdManager workerName=node0
2020-05-07 00:41:10,942 [main] INFO  server.session (DefaultSessionIdManager.java:doStart(338)) - No SessionScavenger set, using defaults
2020-05-07 00:41:10,942 [main] INFO  server.session (HouseKeeper.java:startScavenging(140)) - node0 Scavenging every 660000ms
2020-05-07 00:41:10,944 [main] INFO  server.AuthenticationFilter (AuthenticationFilter.java:constructSecretProvider(240)) - Unable to initialize FileSignerSecretProvider, falling back to use random secrets.
2020-05-07 00:41:10,945 [main] INFO  handler.ContextHandler (ContextHandler.java:doStart(825)) - Started o.e.j.s.ServletContextHandler@1a38040{logs,/logs,file:///github/workspace/mnt/ozone/hadoop-ozone/integration-test/target/log,AVAILABLE}
2020-05-07 00:41:10,946 [main] INFO  handler.ContextHandler (ContextHandler.java:doStart(825)) - Started o.e.j.s.ServletContextHandler@92078b5{static,/static,file:///github/workspace/mnt/ozone/hadoop-ozone/integration-test/target/test-classes/webapps/static,AVAILABLE}
2020-05-07 00:41:10,951 [main] INFO  handler.ContextHandler (ContextHandler.java:doStart(825)) - Started o.e.j.w.WebAppContext@3e74527{ozoneManager,/,file:///github/workspace/mnt/ozone/hadoop-ozone/integration-test/target/test-classes/webapps/ozoneManager/,AVAILABLE}{file:/github/workspace/mnt/ozone/hadoop-ozone/integration-test/target/test-classes/webapps/ozoneManager}
2020-05-07 00:41:10,952 [main] INFO  server.AbstractConnector (AbstractConnector.java:doStart(330)) - Started ServerConnector@45d90866{HTTP/1.1,[http/1.1]}{0.0.0.0:36867}
2020-05-07 00:41:10,952 [main] INFO  server.Server (Server.java:doStart(399)) - Started @5784ms
2020-05-07 00:41:10,953 [main] WARN  impl.MetricsSystemImpl (MetricsSystemImpl.java:register(276)) - Sink prometheus already exists!
2020-05-07 00:41:10,959 [main] INFO  http.BaseHttpServer (BaseHttpServer.java:updateConnectorAddress(325)) - HTTP server of ozoneManager listening at http://0.0.0.0:36867
2020-05-07 00:41:11,135 [main] INFO  metrics.MetricRegistries (MetricRegistriesLoader.java:load(64)) - Loaded MetricRegistries class org.apache.ratis.metrics.impl.MetricRegistriesImpl
2020-05-07 00:41:11,136 [main] INFO  impl.MetricsSystemImpl (MetricsSystemImpl.java:init(158)) - HddsDatanode metrics system started (again)
2020-05-07 00:41:11,141 [main] INFO  ozone.HddsDatanodeService (HddsDatanodeService.java:start(204)) - HddsDatanodeService host:7fe1756622b5 ip:172.17.0.2
2020-05-07 00:41:11,186 [main] INFO  volume.HddsVolume (HddsVolume.java:<init>(176)) - Creating Volume: /github/workspace/mnt/ozone/hadoop-ozone/integration-test/target/test-dir/MiniOzoneClusterImpl-4309656b-5406-4bc5-8c34-9a373aba7a4c/datanode-0/data-0/containers/hdds of storage type : DISK and capacity : 9223372036854775807
2020-05-07 00:41:11,188 [main] INFO  volume.MutableVolumeSet (MutableVolumeSet.java:initializeVolumeSet(181)) - Added Volume : /github/workspace/mnt/ozone/hadoop-ozone/integration-test/target/test-dir/MiniOzoneClusterImpl-4309656b-5406-4bc5-8c34-9a373aba7a4c/datanode-0/data-0/containers/hdds to VolumeSet
2020-05-07 00:41:11,190 [main] INFO  volume.ThrottledAsyncChecker (ThrottledAsyncChecker.java:schedule(141)) - Scheduling a check for /github/workspace/mnt/ozone/hadoop-ozone/integration-test/target/test-dir/MiniOzoneClusterImpl-4309656b-5406-4bc5-8c34-9a373aba7a4c/datanode-0/data-0/containers/hdds
2020-05-07 00:41:11,212 [main] INFO  volume.HddsVolumeChecker (HddsVolumeChecker.java:checkAllVolumes(200)) - Scheduled health check for volume /github/workspace/mnt/ozone/hadoop-ozone/integration-test/target/test-dir/MiniOzoneClusterImpl-4309656b-5406-4bc5-8c34-9a373aba7a4c/datanode-0/data-0/containers/hdds
2020-05-07 00:41:11,399 [main] INFO  impl.RaftServerProxy (ConfUtils.java:logGet(44)) - raft.rpc.type = GRPC (default)
2020-05-07 00:41:11,510 [main] INFO  grpc.GrpcFactory (GrpcFactory.java:checkPooledByteBufAllocatorUseCacheForAllThreads(45)) - PERFORMANCE WARNING: useCacheForAllThreads is true that may cause Netty to create a lot garbage objects and, as a result, trigger GC.
	It is recommended to disable useCacheForAllThreads by setting -Dorg.apache.ratis.thirdparty.io.netty.allocator.useCacheForAllThreads=false in command line.
2020-05-07 00:41:11,517 [main] INFO  grpc.GrpcConfigKeys (ConfUtils.java:logGet(44)) - raft.grpc.server.port = 0 (default)
2020-05-07 00:41:11,519 [main] INFO  server.GrpcService (ConfUtils.java:logGet(44)) - raft.grpc.message.size.max = 32MB (=33554432) (custom)
2020-05-07 00:41:11,520 [main] INFO  server.RaftServerConfigKeys (ConfUtils.java:logGet(44)) - raft.server.log.appender.buffer.byte-limit = 33554432 (custom)
2020-05-07 00:41:11,521 [main] INFO  server.GrpcService (ConfUtils.java:logGet(44)) - raft.grpc.flow.control.window = 5MB (=5242880) (custom)
2020-05-07 00:41:11,523 [main] INFO  server.RaftServerConfigKeys (ConfUtils.java:logGet(44)) - raft.server.rpc.request.timeout = 60s (custom)
2020-05-07 00:41:11,790 [main] INFO  server.RaftServerConfigKeys (ConfUtils.java:logGet(44)) - raft.server.storage.dir = [/github/workspace/mnt/ozone/hadoop-ozone/integration-test/target/test-dir/MiniOzoneClusterImpl-4309656b-5406-4bc5-8c34-9a373aba7a4c/datanode-0/data/ratis] (custom)
2020-05-07 00:41:11,864 [main] INFO  http.BaseHttpServer (BaseHttpServer.java:newHttpServer2BuilderForOzone(205)) - Starting Web-server for hddsDatanode at: http://0.0.0.0:0
2020-05-07 00:41:11,864 [main] INFO  http.BaseHttpServer (BaseHttpServer.java:<init>(106)) - Hadoop Security Enabled: false Ozone Security Enabled: false Ozone HTTP Security Enabled: false 
2020-05-07 00:41:11,866 [main] INFO  server.AuthenticationFilter (AuthenticationFilter.java:constructSecretProvider(240)) - Unable to initialize FileSignerSecretProvider, falling back to use random secrets.
2020-05-07 00:41:11,867 [main] WARN  http.HttpRequestLog (HttpRequestLog.java:getRequestLog(103)) - Jetty request log can only be enabled using Log4j
2020-05-07 00:41:11,868 [main] INFO  http.HttpServer2 (HttpServer2.java:addGlobalFilter(993)) - Added global filter 'safety' (class=org.apache.hadoop.hdds.server.http.HttpServer2$QuotingInputFilter)
2020-05-07 00:41:11,869 [main] INFO  http.HttpServer2 (HttpServer2.java:addFilter(969)) - Added filter authentication (class=org.apache.hadoop.security.authentication.server.AuthenticationFilter) to context hddsDatanode
2020-05-07 00:41:11,869 [main] INFO  http.HttpServer2 (HttpServer2.java:addFilter(977)) - Added filter authentication (class=org.apache.hadoop.security.authentication.server.AuthenticationFilter) to context static
2020-05-07 00:41:11,869 [main] INFO  http.HttpServer2 (HttpServer2.java:addFilter(977)) - Added filter authentication (class=org.apache.hadoop.security.authentication.server.AuthenticationFilter) to context logs
2020-05-07 00:41:11,870 [main] INFO  http.HttpServer2 (HttpServer2.java:bindListener(1211)) - Jetty bound to port 32775
2020-05-07 00:41:11,870 [main] INFO  server.Server (Server.java:doStart(359)) - jetty-9.4.26.v20200117; built: 2020-01-17T12:35:33.676Z; git: 7b38981d25d14afb4a12ff1f2596756144edf695; jvm 1.8.0_232-b09
2020-05-07 00:41:11,899 [main] INFO  server.session (DefaultSessionIdManager.java:doStart(333)) - DefaultSessionIdManager workerName=node0
2020-05-07 00:41:11,899 [main] INFO  server.session (DefaultSessionIdManager.java:doStart(338)) - No SessionScavenger set, using defaults
2020-05-07 00:41:11,899 [main] INFO  server.session (HouseKeeper.java:startScavenging(140)) - node0 Scavenging every 600000ms
2020-05-07 00:41:11,903 [main] INFO  server.AuthenticationFilter (AuthenticationFilter.java:constructSecretProvider(240)) - Unable to initialize FileSignerSecretProvider, falling back to use random secrets.
2020-05-07 00:41:11,906 [main] INFO  handler.ContextHandler (ContextHandler.java:doStart(825)) - Started o.e.j.s.ServletContextHandler@405a36a{logs,/logs,file:///github/workspace/mnt/ozone/hadoop-ozone/integration-test/target/log,AVAILABLE}
2020-05-07 00:41:11,907 [main] INFO  handler.ContextHandler (ContextHandler.java:doStart(825)) - Started o.e.j.s.ServletContextHandler@8ca92ee{static,/static,jar:file:/home/user/.m2/repository/org/apache/hadoop/hadoop-hdds-container-service/0.6.0-SNAPSHOT/hadoop-hdds-container-service-0.6.0-SNAPSHOT.jar!/webapps/static,AVAILABLE}
2020-05-07 00:41:11,940 [main] INFO  handler.ContextHandler (ContextHandler.java:doStart(825)) - Started o.e.j.w.WebAppContext@5c1222da{hddsDatanode,/,file:///tmp/jetty-0_0_0_0-32775-hadoop-hdds-container-service-0_6_0-SNAPSHOT_jar-_-any-2834216406832833301.dir/webapp/,AVAILABLE}{jar:file:/home/user/.m2/repository/org/apache/hadoop/hadoop-hdds-container-service/0.6.0-SNAPSHOT/hadoop-hdds-container-service-0.6.0-SNAPSHOT.jar!/webapps/hddsDatanode}
2020-05-07 00:41:11,942 [main] INFO  server.AbstractConnector (AbstractConnector.java:doStart(330)) - Started ServerConnector@cc42b44{HTTP/1.1,[http/1.1]}{0.0.0.0:32775}
2020-05-07 00:41:11,942 [main] INFO  server.Server (Server.java:doStart(399)) - Started @6774ms
2020-05-07 00:41:11,942 [main] WARN  impl.MetricsSystemImpl (MetricsSystemImpl.java:register(276)) - Sink prometheus already exists!
2020-05-07 00:41:11,946 [main] INFO  http.BaseHttpServer (BaseHttpServer.java:updateConnectorAddress(325)) - HTTP server of hddsDatanode listening at http://0.0.0.0:32775
2020-05-07 00:41:11,951 [main] INFO  impl.MetricsSystemImpl (MetricsSystemImpl.java:init(158)) - HddsDatanode metrics system started (again)
2020-05-07 00:41:11,953 [main] INFO  ozone.HddsDatanodeService (HddsDatanodeService.java:start(204)) - HddsDatanodeService host:7fe1756622b5 ip:172.17.0.2
2020-05-07 00:41:11,960 [main] INFO  volume.HddsVolume (HddsVolume.java:<init>(176)) - Creating Volume: /github/workspace/mnt/ozone/hadoop-ozone/integration-test/target/test-dir/MiniOzoneClusterImpl-4309656b-5406-4bc5-8c34-9a373aba7a4c/datanode-1/data-0/containers/hdds of storage type : DISK and capacity : 9223372036854775807
2020-05-07 00:41:11,960 [main] INFO  volume.MutableVolumeSet (MutableVolumeSet.java:initializeVolumeSet(181)) - Added Volume : /github/workspace/mnt/ozone/hadoop-ozone/integration-test/target/test-dir/MiniOzoneClusterImpl-4309656b-5406-4bc5-8c34-9a373aba7a4c/datanode-1/data-0/containers/hdds to VolumeSet
2020-05-07 00:41:11,960 [main] INFO  volume.ThrottledAsyncChecker (ThrottledAsyncChecker.java:schedule(141)) - Scheduling a check for /github/workspace/mnt/ozone/hadoop-ozone/integration-test/target/test-dir/MiniOzoneClusterImpl-4309656b-5406-4bc5-8c34-9a373aba7a4c/datanode-1/data-0/containers/hdds
2020-05-07 00:41:11,962 [main] INFO  volume.HddsVolumeChecker (HddsVolumeChecker.java:checkAllVolumes(200)) - Scheduled health check for volume /github/workspace/mnt/ozone/hadoop-ozone/integration-test/target/test-dir/MiniOzoneClusterImpl-4309656b-5406-4bc5-8c34-9a373aba7a4c/datanode-1/data-0/containers/hdds
2020-05-07 00:41:11,982 [org.apache.hadoop.util.JvmPauseMonitor$Monitor@6ea14eeb] INFO  util.JvmPauseMonitor (JvmPauseMonitor.java:run(188)) - Starting JVM pause monitor
2020-05-07 00:41:11,997 [main] INFO  impl.RaftServerProxy (ConfUtils.java:logGet(44)) - raft.rpc.type = GRPC (default)
2020-05-07 00:41:11,999 [main] INFO  grpc.GrpcFactory (GrpcFactory.java:checkPooledByteBufAllocatorUseCacheForAllThreads(45)) - PERFORMANCE WARNING: useCacheForAllThreads is true that may cause Netty to create a lot garbage objects and, as a result, trigger GC.
	It is recommended to disable useCacheForAllThreads by setting -Dorg.apache.ratis.thirdparty.io.netty.allocator.useCacheForAllThreads=false in command line.
2020-05-07 00:41:11,999 [main] INFO  grpc.GrpcConfigKeys (ConfUtils.java:logGet(44)) - raft.grpc.server.port = 0 (default)
2020-05-07 00:41:11,999 [main] INFO  server.GrpcService (ConfUtils.java:logGet(44)) - raft.grpc.message.size.max = 32MB (=33554432) (custom)
2020-05-07 00:41:11,999 [main] INFO  server.RaftServerConfigKeys (ConfUtils.java:logGet(44)) - raft.server.log.appender.buffer.byte-limit = 33554432 (custom)
2020-05-07 00:41:12,000 [main] INFO  server.GrpcService (ConfUtils.java:logGet(44)) - raft.grpc.flow.control.window = 5MB (=5242880) (custom)
2020-05-07 00:41:12,000 [main] INFO  server.RaftServerConfigKeys (ConfUtils.java:logGet(44)) - raft.server.rpc.request.timeout = 60s (custom)
2020-05-07 00:41:12,001 [main] INFO  server.RaftServerConfigKeys (ConfUtils.java:logGet(44)) - raft.server.storage.dir = [/github/workspace/mnt/ozone/hadoop-ozone/integration-test/target/test-dir/MiniOzoneClusterImpl-4309656b-5406-4bc5-8c34-9a373aba7a4c/datanode-1/data/ratis] (custom)
2020-05-07 00:41:12,008 [main] INFO  http.BaseHttpServer (BaseHttpServer.java:newHttpServer2BuilderForOzone(205)) - Starting Web-server for hddsDatanode at: http://0.0.0.0:0
2020-05-07 00:41:12,008 [main] INFO  http.BaseHttpServer (BaseHttpServer.java:<init>(106)) - Hadoop Security Enabled: false Ozone Security Enabled: false Ozone HTTP Security Enabled: false 
2020-05-07 00:41:12,009 [main] INFO  server.AuthenticationFilter (AuthenticationFilter.java:constructSecretProvider(240)) - Unable to initialize FileSignerSecretProvider, falling back to use random secrets.
2020-05-07 00:41:12,011 [main] WARN  http.HttpRequestLog (HttpRequestLog.java:getRequestLog(103)) - Jetty request log can only be enabled using Log4j
2020-05-07 00:41:12,012 [main] INFO  http.HttpServer2 (HttpServer2.java:addGlobalFilter(993)) - Added global filter 'safety' (class=org.apache.hadoop.hdds.server.http.HttpServer2$QuotingInputFilter)
2020-05-07 00:41:12,013 [main] INFO  http.HttpServer2 (HttpServer2.java:addFilter(969)) - Added filter authentication (class=org.apache.hadoop.security.authentication.server.AuthenticationFilter) to context hddsDatanode
2020-05-07 00:41:12,013 [main] INFO  http.HttpServer2 (HttpServer2.java:addFilter(977)) - Added filter authentication (class=org.apache.hadoop.security.authentication.server.AuthenticationFilter) to context static
2020-05-07 00:41:12,013 [main] INFO  http.HttpServer2 (HttpServer2.java:addFilter(977)) - Added filter authentication (class=org.apache.hadoop.security.authentication.server.AuthenticationFilter) to context logs
2020-05-07 00:41:12,014 [main] INFO  http.HttpServer2 (HttpServer2.java:bindListener(1211)) - Jetty bound to port 41971
2020-05-07 00:41:12,014 [main] INFO  server.Server (Server.java:doStart(359)) - jetty-9.4.26.v20200117; built: 2020-01-17T12:35:33.676Z; git: 7b38981d25d14afb4a12ff1f2596756144edf695; jvm 1.8.0_232-b09
2020-05-07 00:41:12,018 [main] INFO  server.session (DefaultSessionIdManager.java:doStart(333)) - DefaultSessionIdManager workerName=node0
2020-05-07 00:41:12,018 [main] INFO  server.session (DefaultSessionIdManager.java:doStart(338)) - No SessionScavenger set, using defaults
2020-05-07 00:41:12,018 [main] INFO  server.session (HouseKeeper.java:startScavenging(140)) - node0 Scavenging every 660000ms
2020-05-07 00:41:12,023 [main] INFO  server.AuthenticationFilter (AuthenticationFilter.java:constructSecretProvider(240)) - Unable to initialize FileSignerSecretProvider, falling back to use random secrets.
2020-05-07 00:41:12,026 [main] INFO  handler.ContextHandler (ContextHandler.java:doStart(825)) - Started o.e.j.s.ServletContextHandler@539d0da2{logs,/logs,file:///github/workspace/mnt/ozone/hadoop-ozone/integration-test/target/log,AVAILABLE}
2020-05-07 00:41:12,027 [main] INFO  handler.ContextHandler (ContextHandler.java:doStart(825)) - Started o.e.j.s.ServletContextHandler@51b360bf{static,/static,jar:file:/home/user/.m2/repository/org/apache/hadoop/hadoop-hdds-container-service/0.6.0-SNAPSHOT/hadoop-hdds-container-service-0.6.0-SNAPSHOT.jar!/webapps/static,AVAILABLE}
2020-05-07 00:41:12,073 [main] INFO  handler.ContextHandler (ContextHandler.java:doStart(825)) - Started o.e.j.w.WebAppContext@7d2b3933{hddsDatanode,/,file:///tmp/jetty-0_0_0_0-41971-hadoop-hdds-container-service-0_6_0-SNAPSHOT_jar-_-any-8286654591304092745.dir/webapp/,AVAILABLE}{jar:file:/home/user/.m2/repository/org/apache/hadoop/hadoop-hdds-container-service/0.6.0-SNAPSHOT/hadoop-hdds-container-service-0.6.0-SNAPSHOT.jar!/webapps/hddsDatanode}
2020-05-07 00:41:12,075 [main] INFO  server.AbstractConnector (AbstractConnector.java:doStart(330)) - Started ServerConnector@1c3b4cb{HTTP/1.1,[http/1.1]}{0.0.0.0:41971}
2020-05-07 00:41:12,075 [main] INFO  server.Server (Server.java:doStart(399)) - Started @6907ms
2020-05-07 00:41:12,075 [main] WARN  impl.MetricsSystemImpl (MetricsSystemImpl.java:register(276)) - Sink prometheus already exists!
2020-05-07 00:41:12,079 [main] INFO  http.BaseHttpServer (BaseHttpServer.java:updateConnectorAddress(325)) - HTTP server of hddsDatanode listening at http://0.0.0.0:41971
2020-05-07 00:41:12,084 [main] INFO  impl.MetricsSystemImpl (MetricsSystemImpl.java:init(158)) - HddsDatanode metrics system started (again)
2020-05-07 00:41:12,088 [main] INFO  ozone.HddsDatanodeService (HddsDatanodeService.java:start(204)) - HddsDatanodeService host:7fe1756622b5 ip:172.17.0.2
2020-05-07 00:41:12,095 [main] INFO  volume.HddsVolume (HddsVolume.java:<init>(176)) - Creating Volume: /github/workspace/mnt/ozone/hadoop-ozone/integration-test/target/test-dir/MiniOzoneClusterImpl-4309656b-5406-4bc5-8c34-9a373aba7a4c/datanode-2/data-0/containers/hdds of storage type : DISK and capacity : 9223372036854775807
2020-05-07 00:41:12,095 [main] INFO  volume.MutableVolumeSet (MutableVolumeSet.java:initializeVolumeSet(181)) - Added Volume : /github/workspace/mnt/ozone/hadoop-ozone/integration-test/target/test-dir/MiniOzoneClusterImpl-4309656b-5406-4bc5-8c34-9a373aba7a4c/datanode-2/data-0/containers/hdds to VolumeSet
2020-05-07 00:41:12,095 [main] INFO  volume.ThrottledAsyncChecker (ThrottledAsyncChecker.java:schedule(141)) - Scheduling a check for /github/workspace/mnt/ozone/hadoop-ozone/integration-test/target/test-dir/MiniOzoneClusterImpl-4309656b-5406-4bc5-8c34-9a373aba7a4c/datanode-2/data-0/containers/hdds
2020-05-07 00:41:12,099 [main] INFO  volume.HddsVolumeChecker (HddsVolumeChecker.java:checkAllVolumes(200)) - Scheduled health check for volume /github/workspace/mnt/ozone/hadoop-ozone/integration-test/target/test-dir/MiniOzoneClusterImpl-4309656b-5406-4bc5-8c34-9a373aba7a4c/datanode-2/data-0/containers/hdds
2020-05-07 00:41:12,147 [org.apache.hadoop.util.JvmPauseMonitor$Monitor@65719c90] INFO  util.JvmPauseMonitor (JvmPauseMonitor.java:run(188)) - Starting JVM pause monitor
2020-05-07 00:41:12,184 [main] INFO  impl.RaftServerProxy (ConfUtils.java:logGet(44)) - raft.rpc.type = GRPC (default)
2020-05-07 00:41:12,185 [main] INFO  grpc.GrpcFactory (GrpcFactory.java:checkPooledByteBufAllocatorUseCacheForAllThreads(45)) - PERFORMANCE WARNING: useCacheForAllThreads is true that may cause Netty to create a lot garbage objects and, as a result, trigger GC.
	It is recommended to disable useCacheForAllThreads by setting -Dorg.apache.ratis.thirdparty.io.netty.allocator.useCacheForAllThreads=false in command line.
2020-05-07 00:41:12,185 [main] INFO  grpc.GrpcConfigKeys (ConfUtils.java:logGet(44)) - raft.grpc.server.port = 0 (default)
2020-05-07 00:41:12,185 [main] INFO  server.GrpcService (ConfUtils.java:logGet(44)) - raft.grpc.message.size.max = 32MB (=33554432) (custom)
2020-05-07 00:41:12,185 [main] INFO  server.RaftServerConfigKeys (ConfUtils.java:logGet(44)) - raft.server.log.appender.buffer.byte-limit = 33554432 (custom)
2020-05-07 00:41:12,186 [main] INFO  server.GrpcService (ConfUtils.java:logGet(44)) - raft.grpc.flow.control.window = 5MB (=5242880) (custom)
2020-05-07 00:41:12,186 [main] INFO  server.RaftServerConfigKeys (ConfUtils.java:logGet(44)) - raft.server.rpc.request.timeout = 60s (custom)
2020-05-07 00:41:12,187 [main] INFO  server.RaftServerConfigKeys (ConfUtils.java:logGet(44)) - raft.server.storage.dir = [/github/workspace/mnt/ozone/hadoop-ozone/integration-test/target/test-dir/MiniOzoneClusterImpl-4309656b-5406-4bc5-8c34-9a373aba7a4c/datanode-2/data/ratis] (custom)
2020-05-07 00:41:12,194 [main] INFO  http.BaseHttpServer (BaseHttpServer.java:newHttpServer2BuilderForOzone(205)) - Starting Web-server for hddsDatanode at: http://0.0.0.0:0
2020-05-07 00:41:12,194 [main] INFO  http.BaseHttpServer (BaseHttpServer.java:<init>(106)) - Hadoop Security Enabled: false Ozone Security Enabled: false Ozone HTTP Security Enabled: false 
2020-05-07 00:41:12,196 [main] INFO  server.AuthenticationFilter (AuthenticationFilter.java:constructSecretProvider(240)) - Unable to initialize FileSignerSecretProvider, falling back to use random secrets.
2020-05-07 00:41:12,206 [main] WARN  http.HttpRequestLog (HttpRequestLog.java:getRequestLog(103)) - Jetty request log can only be enabled using Log4j
2020-05-07 00:41:12,207 [main] INFO  http.HttpServer2 (HttpServer2.java:addGlobalFilter(993)) - Added global filter 'safety' (class=org.apache.hadoop.hdds.server.http.HttpServer2$QuotingInputFilter)
2020-05-07 00:41:12,208 [main] INFO  http.HttpServer2 (HttpServer2.java:addFilter(969)) - Added filter authentication (class=org.apache.hadoop.security.authentication.server.AuthenticationFilter) to context hddsDatanode
2020-05-07 00:41:12,209 [main] INFO  http.HttpServer2 (HttpServer2.java:addFilter(977)) - Added filter authentication (class=org.apache.hadoop.security.authentication.server.AuthenticationFilter) to context logs
2020-05-07 00:41:12,209 [main] INFO  http.HttpServer2 (HttpServer2.java:addFilter(977)) - Added filter authentication (class=org.apache.hadoop.security.authentication.server.AuthenticationFilter) to context static
2020-05-07 00:41:12,209 [main] INFO  http.HttpServer2 (HttpServer2.java:bindListener(1211)) - Jetty bound to port 35115
2020-05-07 00:41:12,210 [main] INFO  server.Server (Server.java:doStart(359)) - jetty-9.4.26.v20200117; built: 2020-01-17T12:35:33.676Z; git: 7b38981d25d14afb4a12ff1f2596756144edf695; jvm 1.8.0_232-b09
2020-05-07 00:41:12,235 [main] INFO  server.session (DefaultSessionIdManager.java:doStart(333)) - DefaultSessionIdManager workerName=node0
2020-05-07 00:41:12,235 [main] INFO  server.session (DefaultSessionIdManager.java:doStart(338)) - No SessionScavenger set, using defaults
2020-05-07 00:41:12,235 [main] INFO  server.session (HouseKeeper.java:startScavenging(140)) - node0 Scavenging every 600000ms
2020-05-07 00:41:12,236 [main] INFO  server.AuthenticationFilter (AuthenticationFilter.java:constructSecretProvider(240)) - Unable to initialize FileSignerSecretProvider, falling back to use random secrets.
2020-05-07 00:41:12,237 [main] INFO  handler.ContextHandler (ContextHandler.java:doStart(825)) - Started o.e.j.s.ServletContextHandler@1955a811{logs,/logs,file:///github/workspace/mnt/ozone/hadoop-ozone/integration-test/target/log,AVAILABLE}
2020-05-07 00:41:12,238 [main] INFO  handler.ContextHandler (ContextHandler.java:doStart(825)) - Started o.e.j.s.ServletContextHandler@b242e8b{static,/static,jar:file:/home/user/.m2/repository/org/apache/hadoop/hadoop-hdds-container-service/0.6.0-SNAPSHOT/hadoop-hdds-container-service-0.6.0-SNAPSHOT.jar!/webapps/static,AVAILABLE}
2020-05-07 00:41:12,275 [main] INFO  handler.ContextHandler (ContextHandler.java:doStart(825)) - Started o.e.j.w.WebAppContext@6099e6ec{hddsDatanode,/,file:///tmp/jetty-0_0_0_0-35115-hadoop-hdds-container-service-0_6_0-SNAPSHOT_jar-_-any-3288190798468793978.dir/webapp/,AVAILABLE}{jar:file:/home/user/.m2/repository/org/apache/hadoop/hadoop-hdds-container-service/0.6.0-SNAPSHOT/hadoop-hdds-container-service-0.6.0-SNAPSHOT.jar!/webapps/hddsDatanode}
2020-05-07 00:41:12,277 [main] INFO  server.AbstractConnector (AbstractConnector.java:doStart(330)) - Started ServerConnector@7807d756{HTTP/1.1,[http/1.1]}{0.0.0.0:35115}
2020-05-07 00:41:12,278 [main] INFO  server.Server (Server.java:doStart(399)) - Started @7110ms
2020-05-07 00:41:12,278 [main] WARN  impl.MetricsSystemImpl (MetricsSystemImpl.java:register(276)) - Sink prometheus already exists!
2020-05-07 00:41:12,277 [Datanode State Machine Thread - 0] INFO  datanode.InitDatanodeState (InitDatanodeState.java:persistContainerDatanodeDetails(145)) - DatanodeDetails is persisted to /github/workspace/mnt/ozone/hadoop-ozone/integration-test/target/test-dir/MiniOzoneClusterImpl-4309656b-5406-4bc5-8c34-9a373aba7a4c/datanode-0/meta/datanode.id
2020-05-07 00:41:12,280 [Datanode State Machine Thread - 0] INFO  datanode.InitDatanodeState (InitDatanodeState.java:persistContainerDatanodeDetails(145)) - DatanodeDetails is persisted to /github/workspace/mnt/ozone/hadoop-ozone/integration-test/target/test-dir/MiniOzoneClusterImpl-4309656b-5406-4bc5-8c34-9a373aba7a4c/datanode-1/meta/datanode.id
2020-05-07 00:41:12,284 [main] INFO  http.BaseHttpServer (BaseHttpServer.java:updateConnectorAddress(325)) - HTTP server of hddsDatanode listening at http://0.0.0.0:35115
2020-05-07 00:41:12,284 [main] INFO  impl.MetricsSystemImpl (MetricsSystemImpl.java:init(158)) - HddsDatanode metrics system started (again)
2020-05-07 00:41:12,288 [main] INFO  ozone.HddsDatanodeService (HddsDatanodeService.java:start(204)) - HddsDatanodeService host:7fe1756622b5 ip:172.17.0.2
2020-05-07 00:41:12,292 [main] INFO  volume.HddsVolume (HddsVolume.java:<init>(176)) - Creating Volume: /github/workspace/mnt/ozone/hadoop-ozone/integration-test/target/test-dir/MiniOzoneClusterImpl-4309656b-5406-4bc5-8c34-9a373aba7a4c/datanode-3/data-0/containers/hdds of storage type : DISK and capacity : 9223372036854775807
2020-05-07 00:41:12,292 [main] INFO  volume.MutableVolumeSet (MutableVolumeSet.java:initializeVolumeSet(181)) - Added Volume : /github/workspace/mnt/ozone/hadoop-ozone/integration-test/target/test-dir/MiniOzoneClusterImpl-4309656b-5406-4bc5-8c34-9a373aba7a4c/datanode-3/data-0/containers/hdds to VolumeSet
2020-05-07 00:41:12,293 [main] INFO  volume.ThrottledAsyncChecker (ThrottledAsyncChecker.java:schedule(141)) - Scheduling a check for /github/workspace/mnt/ozone/hadoop-ozone/integration-test/target/test-dir/MiniOzoneClusterImpl-4309656b-5406-4bc5-8c34-9a373aba7a4c/datanode-3/data-0/containers/hdds
2020-05-07 00:41:12,294 [main] INFO  volume.HddsVolumeChecker (HddsVolumeChecker.java:checkAllVolumes(200)) - Scheduled health check for volume /github/workspace/mnt/ozone/hadoop-ozone/integration-test/target/test-dir/MiniOzoneClusterImpl-4309656b-5406-4bc5-8c34-9a373aba7a4c/datanode-3/data-0/containers/hdds
2020-05-07 00:41:12,315 [org.apache.hadoop.util.JvmPauseMonitor$Monitor@285d79d] INFO  util.JvmPauseMonitor (JvmPauseMonitor.java:run(188)) - Starting JVM pause monitor
2020-05-07 00:41:12,318 [Datanode State Machine Thread - 0] INFO  datanode.InitDatanodeState (InitDatanodeState.java:persistContainerDatanodeDetails(145)) - DatanodeDetails is persisted to /github/workspace/mnt/ozone/hadoop-ozone/integration-test/target/test-dir/MiniOzoneClusterImpl-4309656b-5406-4bc5-8c34-9a373aba7a4c/datanode-2/meta/datanode.id
2020-05-07 00:41:12,325 [main] INFO  impl.RaftServerProxy (ConfUtils.java:logGet(44)) - raft.rpc.type = GRPC (default)
2020-05-07 00:41:12,325 [main] INFO  grpc.GrpcFactory (GrpcFactory.java:checkPooledByteBufAllocatorUseCacheForAllThreads(45)) - PERFORMANCE WARNING: useCacheForAllThreads is true that may cause Netty to create a lot garbage objects and, as a result, trigger GC.
	It is recommended to disable useCacheForAllThreads by setting -Dorg.apache.ratis.thirdparty.io.netty.allocator.useCacheForAllThreads=false in command line.
2020-05-07 00:41:12,326 [main] INFO  grpc.GrpcConfigKeys (ConfUtils.java:logGet(44)) - raft.grpc.server.port = 0 (default)
2020-05-07 00:41:12,326 [main] INFO  server.GrpcService (ConfUtils.java:logGet(44)) - raft.grpc.message.size.max = 32MB (=33554432) (custom)
2020-05-07 00:41:12,326 [main] INFO  server.RaftServerConfigKeys (ConfUtils.java:logGet(44)) - raft.server.log.appender.buffer.byte-limit = 33554432 (custom)
2020-05-07 00:41:12,326 [main] INFO  server.GrpcService (ConfUtils.java:logGet(44)) - raft.grpc.flow.control.window = 5MB (=5242880) (custom)
2020-05-07 00:41:12,327 [main] INFO  server.RaftServerConfigKeys (ConfUtils.java:logGet(44)) - raft.server.rpc.request.timeout = 60s (custom)
2020-05-07 00:41:12,328 [main] INFO  server.RaftServerConfigKeys (ConfUtils.java:logGet(44)) - raft.server.storage.dir = [/github/workspace/mnt/ozone/hadoop-ozone/integration-test/target/test-dir/MiniOzoneClusterImpl-4309656b-5406-4bc5-8c34-9a373aba7a4c/datanode-3/data/ratis] (custom)
2020-05-07 00:41:12,333 [main] INFO  http.BaseHttpServer (BaseHttpServer.java:newHttpServer2BuilderForOzone(205)) - Starting Web-server for hddsDatanode at: http://0.0.0.0:0
2020-05-07 00:41:12,333 [main] INFO  http.BaseHttpServer (BaseHttpServer.java:<init>(106)) - Hadoop Security Enabled: false Ozone Security Enabled: false Ozone HTTP Security Enabled: false 
2020-05-07 00:41:12,334 [main] INFO  server.AuthenticationFilter (AuthenticationFilter.java:constructSecretProvider(240)) - Unable to initialize FileSignerSecretProvider, falling back to use random secrets.
2020-05-07 00:41:12,335 [main] WARN  http.HttpRequestLog (HttpRequestLog.java:getRequestLog(103)) - Jetty request log can only be enabled using Log4j
2020-05-07 00:41:12,336 [main] INFO  http.HttpServer2 (HttpServer2.java:addGlobalFilter(993)) - Added global filter 'safety' (class=org.apache.hadoop.hdds.server.http.HttpServer2$QuotingInputFilter)
2020-05-07 00:41:12,337 [main] INFO  http.HttpServer2 (HttpServer2.java:addFilter(969)) - Added filter authentication (class=org.apache.hadoop.security.authentication.server.AuthenticationFilter) to context hddsDatanode
2020-05-07 00:41:12,337 [main] INFO  http.HttpServer2 (HttpServer2.java:addFilter(977)) - Added filter authentication (class=org.apache.hadoop.security.authentication.server.AuthenticationFilter) to context logs
2020-05-07 00:41:12,337 [main] INFO  http.HttpServer2 (HttpServer2.java:addFilter(977)) - Added filter authentication (class=org.apache.hadoop.security.authentication.server.AuthenticationFilter) to context static
2020-05-07 00:41:12,338 [main] INFO  http.HttpServer2 (HttpServer2.java:bindListener(1211)) - Jetty bound to port 40569
2020-05-07 00:41:12,338 [main] INFO  server.Server (Server.java:doStart(359)) - jetty-9.4.26.v20200117; built: 2020-01-17T12:35:33.676Z; git: 7b38981d25d14afb4a12ff1f2596756144edf695; jvm 1.8.0_232-b09
2020-05-07 00:41:12,340 [main] INFO  server.session (DefaultSessionIdManager.java:doStart(333)) - DefaultSessionIdManager workerName=node0
2020-05-07 00:41:12,340 [main] INFO  server.session (DefaultSessionIdManager.java:doStart(338)) - No SessionScavenger set, using defaults
2020-05-07 00:41:12,340 [main] INFO  server.session (HouseKeeper.java:startScavenging(140)) - node0 Scavenging every 660000ms
2020-05-07 00:41:12,342 [main] INFO  server.AuthenticationFilter (AuthenticationFilter.java:constructSecretProvider(240)) - Unable to initialize FileSignerSecretProvider, falling back to use random secrets.
2020-05-07 00:41:12,342 [main] INFO  handler.ContextHandler (ContextHandler.java:doStart(825)) - Started o.e.j.s.ServletContextHandler@25acc9dd{logs,/logs,file:///github/workspace/mnt/ozone/hadoop-ozone/integration-test/target/log,AVAILABLE}
2020-05-07 00:41:12,343 [main] INFO  handler.ContextHandler (ContextHandler.java:doStart(825)) - Started o.e.j.s.ServletContextHandler@2b78a31c{static,/static,jar:file:/home/user/.m2/repository/org/apache/hadoop/hadoop-hdds-container-service/0.6.0-SNAPSHOT/hadoop-hdds-container-service-0.6.0-SNAPSHOT.jar!/webapps/static,AVAILABLE}
2020-05-07 00:41:12,372 [main] INFO  handler.ContextHandler (ContextHandler.java:doStart(825)) - Started o.e.j.w.WebAppContext@104b3e27{hddsDatanode,/,file:///tmp/jetty-0_0_0_0-40569-hadoop-hdds-container-service-0_6_0-SNAPSHOT_jar-_-any-3928859088792143608.dir/webapp/,AVAILABLE}{jar:file:/home/user/.m2/repository/org/apache/hadoop/hadoop-hdds-container-service/0.6.0-SNAPSHOT/hadoop-hdds-container-service-0.6.0-SNAPSHOT.jar!/webapps/hddsDatanode}
2020-05-07 00:41:12,374 [main] INFO  server.AbstractConnector (AbstractConnector.java:doStart(330)) - Started ServerConnector@62f5fbd3{HTTP/1.1,[http/1.1]}{0.0.0.0:40569}
2020-05-07 00:41:12,380 [main] INFO  server.Server (Server.java:doStart(399)) - Started @7212ms
2020-05-07 00:41:12,380 [main] WARN  impl.MetricsSystemImpl (MetricsSystemImpl.java:register(276)) - Sink prometheus already exists!
2020-05-07 00:41:12,383 [main] INFO  http.BaseHttpServer (BaseHttpServer.java:updateConnectorAddress(325)) - HTTP server of hddsDatanode listening at http://0.0.0.0:40569
2020-05-07 00:41:12,383 [main] INFO  impl.MetricsSystemImpl (MetricsSystemImpl.java:init(158)) - HddsDatanode metrics system started (again)
2020-05-07 00:41:12,385 [main] INFO  ozone.HddsDatanodeService (HddsDatanodeService.java:start(204)) - HddsDatanodeService host:7fe1756622b5 ip:172.17.0.2
2020-05-07 00:41:12,390 [main] INFO  volume.HddsVolume (HddsVolume.java:<init>(176)) - Creating Volume: /github/workspace/mnt/ozone/hadoop-ozone/integration-test/target/test-dir/MiniOzoneClusterImpl-4309656b-5406-4bc5-8c34-9a373aba7a4c/datanode-4/data-0/containers/hdds of storage type : DISK and capacity : 9223372036854775807
2020-05-07 00:41:12,391 [main] INFO  volume.MutableVolumeSet (MutableVolumeSet.java:initializeVolumeSet(181)) - Added Volume : /github/workspace/mnt/ozone/hadoop-ozone/integration-test/target/test-dir/MiniOzoneClusterImpl-4309656b-5406-4bc5-8c34-9a373aba7a4c/datanode-4/data-0/containers/hdds to VolumeSet
2020-05-07 00:41:12,391 [main] INFO  volume.ThrottledAsyncChecker (ThrottledAsyncChecker.java:schedule(141)) - Scheduling a check for /github/workspace/mnt/ozone/hadoop-ozone/integration-test/target/test-dir/MiniOzoneClusterImpl-4309656b-5406-4bc5-8c34-9a373aba7a4c/datanode-4/data-0/containers/hdds
2020-05-07 00:41:12,391 [main] INFO  volume.HddsVolumeChecker (HddsVolumeChecker.java:checkAllVolumes(200)) - Scheduled health check for volume /github/workspace/mnt/ozone/hadoop-ozone/integration-test/target/test-dir/MiniOzoneClusterImpl-4309656b-5406-4bc5-8c34-9a373aba7a4c/datanode-4/data-0/containers/hdds
2020-05-07 00:41:12,415 [org.apache.hadoop.util.JvmPauseMonitor$Monitor@26056158] INFO  util.JvmPauseMonitor (JvmPauseMonitor.java:run(188)) - Starting JVM pause monitor
2020-05-07 00:41:12,421 [main] INFO  impl.RaftServerProxy (ConfUtils.java:logGet(44)) - raft.rpc.type = GRPC (default)
2020-05-07 00:41:12,421 [main] INFO  grpc.GrpcFactory (GrpcFactory.java:checkPooledByteBufAllocatorUseCacheForAllThreads(45)) - PERFORMANCE WARNING: useCacheForAllThreads is true that may cause Netty to create a lot garbage objects and, as a result, trigger GC.
	It is recommended to disable useCacheForAllThreads by setting -Dorg.apache.ratis.thirdparty.io.netty.allocator.useCacheForAllThreads=false in command line.
2020-05-07 00:41:12,421 [main] INFO  grpc.GrpcConfigKeys (ConfUtils.java:logGet(44)) - raft.grpc.server.port = 0 (default)
2020-05-07 00:41:12,421 [main] INFO  server.GrpcService (ConfUtils.java:logGet(44)) - raft.grpc.message.size.max = 32MB (=33554432) (custom)
2020-05-07 00:41:12,422 [main] INFO  server.RaftServerConfigKeys (ConfUtils.java:logGet(44)) - raft.server.log.appender.buffer.byte-limit = 33554432 (custom)
2020-05-07 00:41:12,422 [main] INFO  server.GrpcService (ConfUtils.java:logGet(44)) - raft.grpc.flow.control.window = 5MB (=5242880) (custom)
2020-05-07 00:41:12,423 [main] INFO  server.RaftServerConfigKeys (ConfUtils.java:logGet(44)) - raft.server.rpc.request.timeout = 60s (custom)
2020-05-07 00:41:12,424 [main] INFO  server.RaftServerConfigKeys (ConfUtils.java:logGet(44)) - raft.server.storage.dir = [/github/workspace/mnt/ozone/hadoop-ozone/integration-test/target/test-dir/MiniOzoneClusterImpl-4309656b-5406-4bc5-8c34-9a373aba7a4c/datanode-4/data/ratis] (custom)
2020-05-07 00:41:12,427 [Datanode State Machine Thread - 0] INFO  datanode.InitDatanodeState (InitDatanodeState.java:persistContainerDatanodeDetails(145)) - DatanodeDetails is persisted to /github/workspace/mnt/ozone/hadoop-ozone/integration-test/target/test-dir/MiniOzoneClusterImpl-4309656b-5406-4bc5-8c34-9a373aba7a4c/datanode-3/meta/datanode.id
2020-05-07 00:41:12,433 [main] INFO  http.BaseHttpServer (BaseHttpServer.java:newHttpServer2BuilderForOzone(205)) - Starting Web-server for hddsDatanode at: http://0.0.0.0:0
2020-05-07 00:41:12,433 [main] INFO  http.BaseHttpServer (BaseHttpServer.java:<init>(106)) - Hadoop Security Enabled: false Ozone Security Enabled: false Ozone HTTP Security Enabled: false 
2020-05-07 00:41:12,435 [main] INFO  server.AuthenticationFilter (AuthenticationFilter.java:constructSecretProvider(240)) - Unable to initialize FileSignerSecretProvider, falling back to use random secrets.
2020-05-07 00:41:12,436 [main] WARN  http.HttpRequestLog (HttpRequestLog.java:getRequestLog(103)) - Jetty request log can only be enabled using Log4j
2020-05-07 00:41:12,438 [main] INFO  http.HttpServer2 (HttpServer2.java:addGlobalFilter(993)) - Added global filter 'safety' (class=org.apache.hadoop.hdds.server.http.HttpServer2$QuotingInputFilter)
2020-05-07 00:41:12,439 [main] INFO  http.HttpServer2 (HttpServer2.java:addFilter(969)) - Added filter authentication (class=org.apache.hadoop.security.authentication.server.AuthenticationFilter) to context hddsDatanode
2020-05-07 00:41:12,439 [main] INFO  http.HttpServer2 (HttpServer2.java:addFilter(977)) - Added filter authentication (class=org.apache.hadoop.security.authentication.server.AuthenticationFilter) to context static
2020-05-07 00:41:12,440 [main] INFO  http.HttpServer2 (HttpServer2.java:addFilter(977)) - Added filter authentication (class=org.apache.hadoop.security.authentication.server.AuthenticationFilter) to context logs
2020-05-07 00:41:12,441 [main] INFO  http.HttpServer2 (HttpServer2.java:bindListener(1211)) - Jetty bound to port 41403
2020-05-07 00:41:12,442 [main] INFO  server.Server (Server.java:doStart(359)) - jetty-9.4.26.v20200117; built: 2020-01-17T12:35:33.676Z; git: 7b38981d25d14afb4a12ff1f2596756144edf695; jvm 1.8.0_232-b09
2020-05-07 00:41:12,454 [main] INFO  server.session (DefaultSessionIdManager.java:doStart(333)) - DefaultSessionIdManager workerName=node0
2020-05-07 00:41:12,454 [main] INFO  server.session (DefaultSessionIdManager.java:doStart(338)) - No SessionScavenger set, using defaults
2020-05-07 00:41:12,454 [main] INFO  server.session (HouseKeeper.java:startScavenging(140)) - node0 Scavenging every 660000ms
2020-05-07 00:41:12,455 [main] INFO  server.AuthenticationFilter (AuthenticationFilter.java:constructSecretProvider(240)) - Unable to initialize FileSignerSecretProvider, falling back to use random secrets.
2020-05-07 00:41:12,456 [main] INFO  handler.ContextHandler (ContextHandler.java:doStart(825)) - Started o.e.j.s.ServletContextHandler@2b614ab0{logs,/logs,file:///github/workspace/mnt/ozone/hadoop-ozone/integration-test/target/log,AVAILABLE}
2020-05-07 00:41:12,456 [main] INFO  handler.ContextHandler (ContextHandler.java:doStart(825)) - Started o.e.j.s.ServletContextHandler@4afe953e{static,/static,jar:file:/home/user/.m2/repository/org/apache/hadoop/hadoop-hdds-container-service/0.6.0-SNAPSHOT/hadoop-hdds-container-service-0.6.0-SNAPSHOT.jar!/webapps/static,AVAILABLE}
2020-05-07 00:41:12,486 [main] INFO  handler.ContextHandler (ContextHandler.java:doStart(825)) - Started o.e.j.w.WebAppContext@a4b8770{hddsDatanode,/,file:///tmp/jetty-0_0_0_0-41403-hadoop-hdds-container-service-0_6_0-SNAPSHOT_jar-_-any-8192866782753500826.dir/webapp/,AVAILABLE}{jar:file:/home/user/.m2/repository/org/apache/hadoop/hadoop-hdds-container-service/0.6.0-SNAPSHOT/hadoop-hdds-container-service-0.6.0-SNAPSHOT.jar!/webapps/hddsDatanode}
2020-05-07 00:41:12,491 [main] INFO  server.AbstractConnector (AbstractConnector.java:doStart(330)) - Started ServerConnector@1bbf8390{HTTP/1.1,[http/1.1]}{0.0.0.0:41403}
2020-05-07 00:41:12,491 [main] INFO  server.Server (Server.java:doStart(399)) - Started @7323ms
2020-05-07 00:41:12,491 [main] WARN  impl.MetricsSystemImpl (MetricsSystemImpl.java:register(276)) - Sink prometheus already exists!
2020-05-07 00:41:12,495 [main] INFO  http.BaseHttpServer (BaseHttpServer.java:updateConnectorAddress(325)) - HTTP server of hddsDatanode listening at http://0.0.0.0:41403
2020-05-07 00:41:12,495 [main] INFO  impl.MetricsSystemImpl (MetricsSystemImpl.java:init(158)) - HddsDatanode metrics system started (again)
2020-05-07 00:41:12,497 [main] INFO  ozone.HddsDatanodeService (HddsDatanodeService.java:start(204)) - HddsDatanodeService host:7fe1756622b5 ip:172.17.0.2
2020-05-07 00:41:12,499 [main] INFO  volume.HddsVolume (HddsVolume.java:<init>(176)) - Creating Volume: /github/workspace/mnt/ozone/hadoop-ozone/integration-test/target/test-dir/MiniOzoneClusterImpl-4309656b-5406-4bc5-8c34-9a373aba7a4c/datanode-5/data-0/containers/hdds of storage type : DISK and capacity : 9223372036854775807
2020-05-07 00:41:12,499 [main] INFO  volume.MutableVolumeSet (MutableVolumeSet.java:initializeVolumeSet(181)) - Added Volume : /github/workspace/mnt/ozone/hadoop-ozone/integration-test/target/test-dir/MiniOzoneClusterImpl-4309656b-5406-4bc5-8c34-9a373aba7a4c/datanode-5/data-0/containers/hdds to VolumeSet
2020-05-07 00:41:12,499 [main] INFO  volume.ThrottledAsyncChecker (ThrottledAsyncChecker.java:schedule(141)) - Scheduling a check for /github/workspace/mnt/ozone/hadoop-ozone/integration-test/target/test-dir/MiniOzoneClusterImpl-4309656b-5406-4bc5-8c34-9a373aba7a4c/datanode-5/data-0/containers/hdds
2020-05-07 00:41:12,500 [main] INFO  volume.HddsVolumeChecker (HddsVolumeChecker.java:checkAllVolumes(200)) - Scheduled health check for volume /github/workspace/mnt/ozone/hadoop-ozone/integration-test/target/test-dir/MiniOzoneClusterImpl-4309656b-5406-4bc5-8c34-9a373aba7a4c/datanode-5/data-0/containers/hdds
2020-05-07 00:41:12,522 [main] INFO  impl.RaftServerProxy (ConfUtils.java:logGet(44)) - raft.rpc.type = GRPC (default)
2020-05-07 00:41:12,522 [main] INFO  grpc.GrpcFactory (GrpcFactory.java:checkPooledByteBufAllocatorUseCacheForAllThreads(45)) - PERFORMANCE WARNING: useCacheForAllThreads is true that may cause Netty to create a lot garbage objects and, as a result, trigger GC.
	It is recommended to disable useCacheForAllThreads by setting -Dorg.apache.ratis.thirdparty.io.netty.allocator.useCacheForAllThreads=false in command line.
2020-05-07 00:41:12,522 [main] INFO  grpc.GrpcConfigKeys (ConfUtils.java:logGet(44)) - raft.grpc.server.port = 0 (default)
2020-05-07 00:41:12,522 [main] INFO  server.GrpcService (ConfUtils.java:logGet(44)) - raft.grpc.message.size.max = 32MB (=33554432) (custom)
2020-05-07 00:41:12,523 [main] INFO  server.RaftServerConfigKeys (ConfUtils.java:logGet(44)) - raft.server.log.appender.buffer.byte-limit = 33554432 (custom)
2020-05-07 00:41:12,523 [main] INFO  server.GrpcService (ConfUtils.java:logGet(44)) - raft.grpc.flow.control.window = 5MB (=5242880) (custom)
2020-05-07 00:41:12,523 [main] INFO  server.RaftServerConfigKeys (ConfUtils.java:logGet(44)) - raft.server.rpc.request.timeout = 60s (custom)
2020-05-07 00:41:12,524 [main] INFO  server.RaftServerConfigKeys (ConfUtils.java:logGet(44)) - raft.server.storage.dir = [/github/workspace/mnt/ozone/hadoop-ozone/integration-test/target/test-dir/MiniOzoneClusterImpl-4309656b-5406-4bc5-8c34-9a373aba7a4c/datanode-5/data/ratis] (custom)
2020-05-07 00:41:12,531 [org.apache.hadoop.util.JvmPauseMonitor$Monitor@8994555] INFO  util.JvmPauseMonitor (JvmPauseMonitor.java:run(188)) - Starting JVM pause monitor
2020-05-07 00:41:12,537 [main] INFO  http.BaseHttpServer (BaseHttpServer.java:newHttpServer2BuilderForOzone(205)) - Starting Web-server for hddsDatanode at: http://0.0.0.0:0
2020-05-07 00:41:12,537 [main] INFO  http.BaseHttpServer (BaseHttpServer.java:<init>(106)) - Hadoop Security Enabled: false Ozone Security Enabled: false Ozone HTTP Security Enabled: false 
2020-05-07 00:41:12,538 [main] INFO  server.AuthenticationFilter (AuthenticationFilter.java:constructSecretProvider(240)) - Unable to initialize FileSignerSecretProvider, falling back to use random secrets.
2020-05-07 00:41:12,540 [main] WARN  http.HttpRequestLog (HttpRequestLog.java:getRequestLog(103)) - Jetty request log can only be enabled using Log4j
2020-05-07 00:41:12,541 [main] INFO  http.HttpServer2 (HttpServer2.java:addGlobalFilter(993)) - Added global filter 'safety' (class=org.apache.hadoop.hdds.server.http.HttpServer2$QuotingInputFilter)
2020-05-07 00:41:12,542 [main] INFO  http.HttpServer2 (HttpServer2.java:addFilter(969)) - Added filter authentication (class=org.apache.hadoop.security.authentication.server.AuthenticationFilter) to context hddsDatanode
2020-05-07 00:41:12,542 [main] INFO  http.HttpServer2 (HttpServer2.java:addFilter(977)) - Added filter authentication (class=org.apache.hadoop.security.authentication.server.AuthenticationFilter) to context logs
2020-05-07 00:41:12,542 [main] INFO  http.HttpServer2 (HttpServer2.java:addFilter(977)) - Added filter authentication (class=org.apache.hadoop.security.authentication.server.AuthenticationFilter) to context static
2020-05-07 00:41:12,543 [main] INFO  http.HttpServer2 (HttpServer2.java:bindListener(1211)) - Jetty bound to port 37043
2020-05-07 00:41:12,544 [Datanode State Machine Thread - 0] INFO  datanode.InitDatanodeState (InitDatanodeState.java:persistContainerDatanodeDetails(145)) - DatanodeDetails is persisted to /github/workspace/mnt/ozone/hadoop-ozone/integration-test/target/test-dir/MiniOzoneClusterImpl-4309656b-5406-4bc5-8c34-9a373aba7a4c/datanode-4/meta/datanode.id
2020-05-07 00:41:12,546 [main] INFO  server.Server (Server.java:doStart(359)) - jetty-9.4.26.v20200117; built: 2020-01-17T12:35:33.676Z; git: 7b38981d25d14afb4a12ff1f2596756144edf695; jvm 1.8.0_232-b09
2020-05-07 00:41:12,549 [main] INFO  server.session (DefaultSessionIdManager.java:doStart(333)) - DefaultSessionIdManager workerName=node0
2020-05-07 00:41:12,549 [main] INFO  server.session (DefaultSessionIdManager.java:doStart(338)) - No SessionScavenger set, using defaults
2020-05-07 00:41:12,549 [main] INFO  server.session (HouseKeeper.java:startScavenging(140)) - node0 Scavenging every 600000ms
2020-05-07 00:41:12,551 [main] INFO  server.AuthenticationFilter (AuthenticationFilter.java:constructSecretProvider(240)) - Unable to initialize FileSignerSecretProvider, falling back to use random secrets.
2020-05-07 00:41:12,551 [main] INFO  handler.ContextHandler (ContextHandler.java:doStart(825)) - Started o.e.j.s.ServletContextHandler@191803e0{logs,/logs,file:///github/workspace/mnt/ozone/hadoop-ozone/integration-test/target/log,AVAILABLE}
2020-05-07 00:41:12,552 [main] INFO  handler.ContextHandler (ContextHandler.java:doStart(825)) - Started o.e.j.s.ServletContextHandler@4ddc44d2{static,/static,jar:file:/home/user/.m2/repository/org/apache/hadoop/hadoop-hdds-container-service/0.6.0-SNAPSHOT/hadoop-hdds-container-service-0.6.0-SNAPSHOT.jar!/webapps/static,AVAILABLE}
2020-05-07 00:41:12,582 [main] INFO  handler.ContextHandler (ContextHandler.java:doStart(825)) - Started o.e.j.w.WebAppContext@1ee17952{hddsDatanode,/,file:///tmp/jetty-0_0_0_0-37043-hadoop-hdds-container-service-0_6_0-SNAPSHOT_jar-_-any-1730864332120624210.dir/webapp/,AVAILABLE}{jar:file:/home/user/.m2/repository/org/apache/hadoop/hadoop-hdds-container-service/0.6.0-SNAPSHOT/hadoop-hdds-container-service-0.6.0-SNAPSHOT.jar!/webapps/hddsDatanode}
2020-05-07 00:41:12,583 [main] INFO  server.AbstractConnector (AbstractConnector.java:doStart(330)) - Started ServerConnector@6d1655b3{HTTP/1.1,[http/1.1]}{0.0.0.0:37043}
2020-05-07 00:41:12,583 [main] INFO  server.Server (Server.java:doStart(399)) - Started @7415ms
2020-05-07 00:41:12,583 [main] WARN  impl.MetricsSystemImpl (MetricsSystemImpl.java:register(276)) - Sink prometheus already exists!
2020-05-07 00:41:12,586 [main] INFO  http.BaseHttpServer (BaseHttpServer.java:updateConnectorAddress(325)) - HTTP server of hddsDatanode listening at http://0.0.0.0:37043
2020-05-07 00:41:12,587 [main] INFO  impl.MetricsSystemImpl (MetricsSystemImpl.java:init(158)) - HddsDatanode metrics system started (again)
2020-05-07 00:41:12,589 [main] INFO  ozone.HddsDatanodeService (HddsDatanodeService.java:start(204)) - HddsDatanodeService host:7fe1756622b5 ip:172.17.0.2
2020-05-07 00:41:12,590 [main] INFO  volume.HddsVolume (HddsVolume.java:<init>(176)) - Creating Volume: /github/workspace/mnt/ozone/hadoop-ozone/integration-test/target/test-dir/MiniOzoneClusterImpl-4309656b-5406-4bc5-8c34-9a373aba7a4c/datanode-6/data-0/containers/hdds of storage type : DISK and capacity : 9223372036854775807
2020-05-07 00:41:12,590 [main] INFO  volume.MutableVolumeSet (MutableVolumeSet.java:initializeVolumeSet(181)) - Added Volume : /github/workspace/mnt/ozone/hadoop-ozone/integration-test/target/test-dir/MiniOzoneClusterImpl-4309656b-5406-4bc5-8c34-9a373aba7a4c/datanode-6/data-0/containers/hdds to VolumeSet
2020-05-07 00:41:12,590 [main] INFO  volume.ThrottledAsyncChecker (ThrottledAsyncChecker.java:schedule(141)) - Scheduling a check for /github/workspace/mnt/ozone/hadoop-ozone/integration-test/target/test-dir/MiniOzoneClusterImpl-4309656b-5406-4bc5-8c34-9a373aba7a4c/datanode-6/data-0/containers/hdds
2020-05-07 00:41:12,591 [main] INFO  volume.HddsVolumeChecker (HddsVolumeChecker.java:checkAllVolumes(200)) - Scheduled health check for volume /github/workspace/mnt/ozone/hadoop-ozone/integration-test/target/test-dir/MiniOzoneClusterImpl-4309656b-5406-4bc5-8c34-9a373aba7a4c/datanode-6/data-0/containers/hdds
2020-05-07 00:41:12,616 [org.apache.hadoop.util.JvmPauseMonitor$Monitor@56e405ea] INFO  util.JvmPauseMonitor (JvmPauseMonitor.java:run(188)) - Starting JVM pause monitor
2020-05-07 00:41:12,618 [Datanode State Machine Thread - 0] INFO  datanode.InitDatanodeState (InitDatanodeState.java:persistContainerDatanodeDetails(145)) - DatanodeDetails is persisted to /github/workspace/mnt/ozone/hadoop-ozone/integration-test/target/test-dir/MiniOzoneClusterImpl-4309656b-5406-4bc5-8c34-9a373aba7a4c/datanode-5/meta/datanode.id
2020-05-07 00:41:12,630 [main] INFO  impl.RaftServerProxy (ConfUtils.java:logGet(44)) - raft.rpc.type = GRPC (default)
2020-05-07 00:41:12,630 [main] INFO  grpc.GrpcFactory (GrpcFactory.java:checkPooledByteBufAllocatorUseCacheForAllThreads(45)) - PERFORMANCE WARNING: useCacheForAllThreads is true that may cause Netty to create a lot garbage objects and, as a result, trigger GC.
	It is recommended to disable useCacheForAllThreads by setting -Dorg.apache.ratis.thirdparty.io.netty.allocator.useCacheForAllThreads=false in command line.
2020-05-07 00:41:12,630 [main] INFO  grpc.GrpcConfigKeys (ConfUtils.java:logGet(44)) - raft.grpc.server.port = 0 (default)
2020-05-07 00:41:12,634 [main] INFO  server.GrpcService (ConfUtils.java:logGet(44)) - raft.grpc.message.size.max = 32MB (=33554432) (custom)
2020-05-07 00:41:12,634 [main] INFO  server.RaftServerConfigKeys (ConfUtils.java:logGet(44)) - raft.server.log.appender.buffer.byte-limit = 33554432 (custom)
2020-05-07 00:41:12,634 [main] INFO  server.GrpcService (ConfUtils.java:logGet(44)) - raft.grpc.flow.control.window = 5MB (=5242880) (custom)
2020-05-07 00:41:12,634 [main] INFO  server.RaftServerConfigKeys (ConfUtils.java:logGet(44)) - raft.server.rpc.request.timeout = 60s (custom)
2020-05-07 00:41:12,636 [main] INFO  server.RaftServerConfigKeys (ConfUtils.java:logGet(44)) - raft.server.storage.dir = [/github/workspace/mnt/ozone/hadoop-ozone/integration-test/target/test-dir/MiniOzoneClusterImpl-4309656b-5406-4bc5-8c34-9a373aba7a4c/datanode-6/data/ratis] (custom)
2020-05-07 00:41:12,640 [main] INFO  http.BaseHttpServer (BaseHttpServer.java:newHttpServer2BuilderForOzone(205)) - Starting Web-server for hddsDatanode at: http://0.0.0.0:0
2020-05-07 00:41:12,640 [main] INFO  http.BaseHttpServer (BaseHttpServer.java:<init>(106)) - Hadoop Security Enabled: false Ozone Security Enabled: false Ozone HTTP Security Enabled: false 
2020-05-07 00:41:12,642 [main] INFO  server.AuthenticationFilter (AuthenticationFilter.java:constructSecretProvider(240)) - Unable to initialize FileSignerSecretProvider, falling back to use random secrets.
2020-05-07 00:41:12,642 [main] WARN  http.HttpRequestLog (HttpRequestLog.java:getRequestLog(103)) - Jetty request log can only be enabled using Log4j
2020-05-07 00:41:12,643 [main] INFO  http.HttpServer2 (HttpServer2.java:addGlobalFilter(993)) - Added global filter 'safety' (class=org.apache.hadoop.hdds.server.http.HttpServer2$QuotingInputFilter)
2020-05-07 00:41:12,644 [main] INFO  http.HttpServer2 (HttpServer2.java:addFilter(969)) - Added filter authentication (class=org.apache.hadoop.security.authentication.server.AuthenticationFilter) to context hddsDatanode
2020-05-07 00:41:12,644 [main] INFO  http.HttpServer2 (HttpServer2.java:addFilter(977)) - Added filter authentication (class=org.apache.hadoop.security.authentication.server.AuthenticationFilter) to context logs
2020-05-07 00:41:12,644 [main] INFO  http.HttpServer2 (HttpServer2.java:addFilter(977)) - Added filter authentication (class=org.apache.hadoop.security.authentication.server.AuthenticationFilter) to context static
2020-05-07 00:41:12,645 [main] INFO  http.HttpServer2 (HttpServer2.java:bindListener(1211)) - Jetty bound to port 43939
2020-05-07 00:41:12,645 [main] INFO  server.Server (Server.java:doStart(359)) - jetty-9.4.26.v20200117; built: 2020-01-17T12:35:33.676Z; git: 7b38981d25d14afb4a12ff1f2596756144edf695; jvm 1.8.0_232-b09
2020-05-07 00:41:12,648 [main] INFO  server.session (DefaultSessionIdManager.java:doStart(333)) - DefaultSessionIdManager workerName=node0
2020-05-07 00:41:12,648 [main] INFO  server.session (DefaultSessionIdManager.java:doStart(338)) - No SessionScavenger set, using defaults
2020-05-07 00:41:12,649 [main] INFO  server.session (HouseKeeper.java:startScavenging(140)) - node0 Scavenging every 600000ms
2020-05-07 00:41:12,649 [main] INFO  server.AuthenticationFilter (AuthenticationFilter.java:constructSecretProvider(240)) - Unable to initialize FileSignerSecretProvider, falling back to use random secrets.
2020-05-07 00:41:12,650 [main] INFO  handler.ContextHandler (ContextHandler.java:doStart(825)) - Started o.e.j.s.ServletContextHandler@4c47e8a7{logs,/logs,file:///github/workspace/mnt/ozone/hadoop-ozone/integration-test/target/log,AVAILABLE}
2020-05-07 00:41:12,650 [main] INFO  handler.ContextHandler (ContextHandler.java:doStart(825)) - Started o.e.j.s.ServletContextHandler@795d1321{static,/static,jar:file:/home/user/.m2/repository/org/apache/hadoop/hadoop-hdds-container-service/0.6.0-SNAPSHOT/hadoop-hdds-container-service-0.6.0-SNAPSHOT.jar!/webapps/static,AVAILABLE}
2020-05-07 00:41:12,679 [main] INFO  handler.ContextHandler (ContextHandler.java:doStart(825)) - Started o.e.j.w.WebAppContext@c8536b3{hddsDatanode,/,file:///tmp/jetty-0_0_0_0-43939-hadoop-hdds-container-service-0_6_0-SNAPSHOT_jar-_-any-2416749872954740694.dir/webapp/,AVAILABLE}{jar:file:/home/user/.m2/repository/org/apache/hadoop/hadoop-hdds-container-service/0.6.0-SNAPSHOT/hadoop-hdds-container-service-0.6.0-SNAPSHOT.jar!/webapps/hddsDatanode}
2020-05-07 00:41:12,681 [main] INFO  server.AbstractConnector (AbstractConnector.java:doStart(330)) - Started ServerConnector@2005afd0{HTTP/1.1,[http/1.1]}{0.0.0.0:43939}
2020-05-07 00:41:12,681 [main] INFO  server.Server (Server.java:doStart(399)) - Started @7513ms
2020-05-07 00:41:12,681 [main] WARN  impl.MetricsSystemImpl (MetricsSystemImpl.java:register(276)) - Sink prometheus already exists!
2020-05-07 00:41:12,684 [main] INFO  http.BaseHttpServer (BaseHttpServer.java:updateConnectorAddress(325)) - HTTP server of hddsDatanode listening at http://0.0.0.0:43939
2020-05-07 00:41:12,685 [main] INFO  impl.MetricsSystemImpl (MetricsSystemImpl.java:init(158)) - HddsDatanode metrics system started (again)
2020-05-07 00:41:12,687 [main] INFO  ozone.HddsDatanodeService (HddsDatanodeService.java:start(204)) - HddsDatanodeService host:7fe1756622b5 ip:172.17.0.2
2020-05-07 00:41:12,688 [main] INFO  volume.HddsVolume (HddsVolume.java:<init>(176)) - Creating Volume: /github/workspace/mnt/ozone/hadoop-ozone/integration-test/target/test-dir/MiniOzoneClusterImpl-4309656b-5406-4bc5-8c34-9a373aba7a4c/datanode-7/data-0/containers/hdds of storage type : DISK and capacity : 9223372036854775807
2020-05-07 00:41:12,688 [main] INFO  volume.MutableVolumeSet (MutableVolumeSet.java:initializeVolumeSet(181)) - Added Volume : /github/workspace/mnt/ozone/hadoop-ozone/integration-test/target/test-dir/MiniOzoneClusterImpl-4309656b-5406-4bc5-8c34-9a373aba7a4c/datanode-7/data-0/containers/hdds to VolumeSet
2020-05-07 00:41:12,688 [main] INFO  volume.ThrottledAsyncChecker (ThrottledAsyncChecker.java:schedule(141)) - Scheduling a check for /github/workspace/mnt/ozone/hadoop-ozone/integration-test/target/test-dir/MiniOzoneClusterImpl-4309656b-5406-4bc5-8c34-9a373aba7a4c/datanode-7/data-0/containers/hdds
2020-05-07 00:41:12,690 [main] INFO  volume.HddsVolumeChecker (HddsVolumeChecker.java:checkAllVolumes(200)) - Scheduled health check for volume /github/workspace/mnt/ozone/hadoop-ozone/integration-test/target/test-dir/MiniOzoneClusterImpl-4309656b-5406-4bc5-8c34-9a373aba7a4c/datanode-7/data-0/containers/hdds
2020-05-07 00:41:12,746 [main] INFO  impl.RaftServerProxy (ConfUtils.java:logGet(44)) - raft.rpc.type = GRPC (default)
2020-05-07 00:41:12,746 [main] INFO  grpc.GrpcFactory (GrpcFactory.java:checkPooledByteBufAllocatorUseCacheForAllThreads(45)) - PERFORMANCE WARNING: useCacheForAllThreads is true that may cause Netty to create a lot garbage objects and, as a result, trigger GC.
	It is recommended to disable useCacheForAllThreads by setting -Dorg.apache.ratis.thirdparty.io.netty.allocator.useCacheForAllThreads=false in command line.
2020-05-07 00:41:12,747 [main] INFO  grpc.GrpcConfigKeys (ConfUtils.java:logGet(44)) - raft.grpc.server.port = 0 (default)
2020-05-07 00:41:12,748 [main] INFO  server.GrpcService (ConfUtils.java:logGet(44)) - raft.grpc.message.size.max = 32MB (=33554432) (custom)
2020-05-07 00:41:12,748 [main] INFO  server.RaftServerConfigKeys (ConfUtils.java:logGet(44)) - raft.server.log.appender.buffer.byte-limit = 33554432 (custom)
2020-05-07 00:41:12,748 [main] INFO  server.GrpcService (ConfUtils.java:logGet(44)) - raft.grpc.flow.control.window = 5MB (=5242880) (custom)
2020-05-07 00:41:12,748 [main] INFO  server.RaftServerConfigKeys (ConfUtils.java:logGet(44)) - raft.server.rpc.request.timeout = 60s (custom)
2020-05-07 00:41:12,749 [main] INFO  server.RaftServerConfigKeys (ConfUtils.java:logGet(44)) - raft.server.storage.dir = [/github/workspace/mnt/ozone/hadoop-ozone/integration-test/target/test-dir/MiniOzoneClusterImpl-4309656b-5406-4bc5-8c34-9a373aba7a4c/datanode-7/data/ratis] (custom)
2020-05-07 00:41:12,775 [org.apache.hadoop.util.JvmPauseMonitor$Monitor@3f1bf26a] INFO  util.JvmPauseMonitor (JvmPauseMonitor.java:run(188)) - Starting JVM pause monitor
2020-05-07 00:41:12,776 [Datanode State Machine Thread - 0] INFO  datanode.InitDatanodeState (InitDatanodeState.java:persistContainerDatanodeDetails(145)) - DatanodeDetails is persisted to /github/workspace/mnt/ozone/hadoop-ozone/integration-test/target/test-dir/MiniOzoneClusterImpl-4309656b-5406-4bc5-8c34-9a373aba7a4c/datanode-6/meta/datanode.id
2020-05-07 00:41:12,778 [main] INFO  http.BaseHttpServer (BaseHttpServer.java:newHttpServer2BuilderForOzone(205)) - Starting Web-server for hddsDatanode at: http://0.0.0.0:0
2020-05-07 00:41:12,778 [main] INFO  http.BaseHttpServer (BaseHttpServer.java:<init>(106)) - Hadoop Security Enabled: false Ozone Security Enabled: false Ozone HTTP Security Enabled: false 
2020-05-07 00:41:12,793 [main] INFO  server.AuthenticationFilter (AuthenticationFilter.java:constructSecretProvider(240)) - Unable to initialize FileSignerSecretProvider, falling back to use random secrets.
2020-05-07 00:41:12,794 [main] WARN  http.HttpRequestLog (HttpRequestLog.java:getRequestLog(103)) - Jetty request log can only be enabled using Log4j
2020-05-07 00:41:12,795 [main] INFO  http.HttpServer2 (HttpServer2.java:addGlobalFilter(993)) - Added global filter 'safety' (class=org.apache.hadoop.hdds.server.http.HttpServer2$QuotingInputFilter)
2020-05-07 00:41:12,796 [main] INFO  http.HttpServer2 (HttpServer2.java:addFilter(969)) - Added filter authentication (class=org.apache.hadoop.security.authentication.server.AuthenticationFilter) to context hddsDatanode
2020-05-07 00:41:12,796 [main] INFO  http.HttpServer2 (HttpServer2.java:addFilter(977)) - Added filter authentication (class=org.apache.hadoop.security.authentication.server.AuthenticationFilter) to context static
2020-05-07 00:41:12,796 [main] INFO  http.HttpServer2 (HttpServer2.java:addFilter(977)) - Added filter authentication (class=org.apache.hadoop.security.authentication.server.AuthenticationFilter) to context logs
2020-05-07 00:41:12,797 [main] INFO  http.HttpServer2 (HttpServer2.java:bindListener(1211)) - Jetty bound to port 39999
2020-05-07 00:41:12,797 [main] INFO  server.Server (Server.java:doStart(359)) - jetty-9.4.26.v20200117; built: 2020-01-17T12:35:33.676Z; git: 7b38981d25d14afb4a12ff1f2596756144edf695; jvm 1.8.0_232-b09
2020-05-07 00:41:12,809 [main] INFO  server.session (DefaultSessionIdManager.java:doStart(333)) - DefaultSessionIdManager workerName=node0
2020-05-07 00:41:12,809 [main] INFO  server.session (DefaultSessionIdManager.java:doStart(338)) - No SessionScavenger set, using defaults
2020-05-07 00:41:12,809 [main] INFO  server.session (HouseKeeper.java:startScavenging(140)) - node0 Scavenging every 600000ms
2020-05-07 00:41:12,812 [main] INFO  server.AuthenticationFilter (AuthenticationFilter.java:constructSecretProvider(240)) - Unable to initialize FileSignerSecretProvider, falling back to use random secrets.
2020-05-07 00:41:12,813 [main] INFO  handler.ContextHandler (ContextHandler.java:doStart(825)) - Started o.e.j.s.ServletContextHandler@2db7dbe8{logs,/logs,file:///github/workspace/mnt/ozone/hadoop-ozone/integration-test/target/log,AVAILABLE}
2020-05-07 00:41:12,814 [main] INFO  handler.ContextHandler (ContextHandler.java:doStart(825)) - Started o.e.j.s.ServletContextHandler@563782a6{static,/static,jar:file:/home/user/.m2/repository/org/apache/hadoop/hadoop-hdds-container-service/0.6.0-SNAPSHOT/hadoop-hdds-container-service-0.6.0-SNAPSHOT.jar!/webapps/static,AVAILABLE}
2020-05-07 00:41:12,848 [main] INFO  handler.ContextHandler (ContextHandler.java:doStart(825)) - Started o.e.j.w.WebAppContext@6e639132{hddsDatanode,/,file:///tmp/jetty-0_0_0_0-39999-hadoop-hdds-container-service-0_6_0-SNAPSHOT_jar-_-any-3006116714615825641.dir/webapp/,AVAILABLE}{jar:file:/home/user/.m2/repository/org/apache/hadoop/hadoop-hdds-container-service/0.6.0-SNAPSHOT/hadoop-hdds-container-service-0.6.0-SNAPSHOT.jar!/webapps/hddsDatanode}
2020-05-07 00:41:12,850 [main] INFO  server.AbstractConnector (AbstractConnector.java:doStart(330)) - Started ServerConnector@ba3010d{HTTP/1.1,[http/1.1]}{0.0.0.0:39999}
2020-05-07 00:41:12,850 [main] INFO  server.Server (Server.java:doStart(399)) - Started @7682ms
2020-05-07 00:41:12,850 [main] WARN  impl.MetricsSystemImpl (MetricsSystemImpl.java:register(276)) - Sink prometheus already exists!
2020-05-07 00:41:12,854 [main] INFO  http.BaseHttpServer (BaseHttpServer.java:updateConnectorAddress(325)) - HTTP server of hddsDatanode listening at http://0.0.0.0:39999
2020-05-07 00:41:12,855 [main] INFO  impl.MetricsSystemImpl (MetricsSystemImpl.java:init(158)) - HddsDatanode metrics system started (again)
2020-05-07 00:41:12,857 [main] INFO  ozone.HddsDatanodeService (HddsDatanodeService.java:start(204)) - HddsDatanodeService host:7fe1756622b5 ip:172.17.0.2
2020-05-07 00:41:12,859 [main] INFO  volume.HddsVolume (HddsVolume.java:<init>(176)) - Creating Volume: /github/workspace/mnt/ozone/hadoop-ozone/integration-test/target/test-dir/MiniOzoneClusterImpl-4309656b-5406-4bc5-8c34-9a373aba7a4c/datanode-8/data-0/containers/hdds of storage type : DISK and capacity : 9223372036854775807
2020-05-07 00:41:12,860 [main] INFO  volume.MutableVolumeSet (MutableVolumeSet.java:initializeVolumeSet(181)) - Added Volume : /github/workspace/mnt/ozone/hadoop-ozone/integration-test/target/test-dir/MiniOzoneClusterImpl-4309656b-5406-4bc5-8c34-9a373aba7a4c/datanode-8/data-0/containers/hdds to VolumeSet
2020-05-07 00:41:12,860 [main] INFO  volume.ThrottledAsyncChecker (ThrottledAsyncChecker.java:schedule(141)) - Scheduling a check for /github/workspace/mnt/ozone/hadoop-ozone/integration-test/target/test-dir/MiniOzoneClusterImpl-4309656b-5406-4bc5-8c34-9a373aba7a4c/datanode-8/data-0/containers/hdds
2020-05-07 00:41:12,867 [main] INFO  volume.HddsVolumeChecker (HddsVolumeChecker.java:checkAllVolumes(200)) - Scheduled health check for volume /github/workspace/mnt/ozone/hadoop-ozone/integration-test/target/test-dir/MiniOzoneClusterImpl-4309656b-5406-4bc5-8c34-9a373aba7a4c/datanode-8/data-0/containers/hdds
2020-05-07 00:41:12,867 [org.apache.hadoop.util.JvmPauseMonitor$Monitor@21cf38c1] INFO  util.JvmPauseMonitor (JvmPauseMonitor.java:run(188)) - Starting JVM pause monitor
2020-05-07 00:41:12,868 [Datanode State Machine Thread - 0] INFO  datanode.InitDatanodeState (InitDatanodeState.java:persistContainerDatanodeDetails(145)) - DatanodeDetails is persisted to /github/workspace/mnt/ozone/hadoop-ozone/integration-test/target/test-dir/MiniOzoneClusterImpl-4309656b-5406-4bc5-8c34-9a373aba7a4c/datanode-7/meta/datanode.id
2020-05-07 00:41:12,886 [main] INFO  impl.RaftServerProxy (ConfUtils.java:logGet(44)) - raft.rpc.type = GRPC (default)
2020-05-07 00:41:12,887 [main] INFO  grpc.GrpcFactory (GrpcFactory.java:checkPooledByteBufAllocatorUseCacheForAllThreads(45)) - PERFORMANCE WARNING: useCacheForAllThreads is true that may cause Netty to create a lot garbage objects and, as a result, trigger GC.
	It is recommended to disable useCacheForAllThreads by setting -Dorg.apache.ratis.thirdparty.io.netty.allocator.useCacheForAllThreads=false in command line.
2020-05-07 00:41:12,887 [main] INFO  grpc.GrpcConfigKeys (ConfUtils.java:logGet(44)) - raft.grpc.server.port = 0 (default)
2020-05-07 00:41:12,887 [main] INFO  server.GrpcService (ConfUtils.java:logGet(44)) - raft.grpc.message.size.max = 32MB (=33554432) (custom)
2020-05-07 00:41:12,887 [main] INFO  server.RaftServerConfigKeys (ConfUtils.java:logGet(44)) - raft.server.log.appender.buffer.byte-limit = 33554432 (custom)
2020-05-07 00:41:12,887 [main] INFO  server.GrpcService (ConfUtils.java:logGet(44)) - raft.grpc.flow.control.window = 5MB (=5242880) (custom)
2020-05-07 00:41:12,888 [main] INFO  server.RaftServerConfigKeys (ConfUtils.java:logGet(44)) - raft.server.rpc.request.timeout = 60s (custom)
2020-05-07 00:41:12,889 [main] INFO  server.RaftServerConfigKeys (ConfUtils.java:logGet(44)) - raft.server.storage.dir = [/github/workspace/mnt/ozone/hadoop-ozone/integration-test/target/test-dir/MiniOzoneClusterImpl-4309656b-5406-4bc5-8c34-9a373aba7a4c/datanode-8/data/ratis] (custom)
2020-05-07 00:41:12,893 [main] INFO  http.BaseHttpServer (BaseHttpServer.java:newHttpServer2BuilderForOzone(205)) - Starting Web-server for hddsDatanode at: http://0.0.0.0:0
2020-05-07 00:41:12,893 [main] INFO  http.BaseHttpServer (BaseHttpServer.java:<init>(106)) - Hadoop Security Enabled: false Ozone Security Enabled: false Ozone HTTP Security Enabled: false 
2020-05-07 00:41:12,895 [main] INFO  server.AuthenticationFilter (AuthenticationFilter.java:constructSecretProvider(240)) - Unable to initialize FileSignerSecretProvider, falling back to use random secrets.
2020-05-07 00:41:12,895 [main] WARN  http.HttpRequestLog (HttpRequestLog.java:getRequestLog(103)) - Jetty request log can only be enabled using Log4j
2020-05-07 00:41:12,896 [main] INFO  http.HttpServer2 (HttpServer2.java:addGlobalFilter(993)) - Added global filter 'safety' (class=org.apache.hadoop.hdds.server.http.HttpServer2$QuotingInputFilter)
2020-05-07 00:41:12,897 [main] INFO  http.HttpServer2 (HttpServer2.java:addFilter(969)) - Added filter authentication (class=org.apache.hadoop.security.authentication.server.AuthenticationFilter) to context hddsDatanode
2020-05-07 00:41:12,897 [main] INFO  http.HttpServer2 (HttpServer2.java:addFilter(977)) - Added filter authentication (class=org.apache.hadoop.security.authentication.server.AuthenticationFilter) to context logs
2020-05-07 00:41:12,897 [main] INFO  http.HttpServer2 (HttpServer2.java:addFilter(977)) - Added filter authentication (class=org.apache.hadoop.security.authentication.server.AuthenticationFilter) to context static
2020-05-07 00:41:12,898 [main] INFO  http.HttpServer2 (HttpServer2.java:bindListener(1211)) - Jetty bound to port 44369
2020-05-07 00:41:12,898 [main] INFO  server.Server (Server.java:doStart(359)) - jetty-9.4.26.v20200117; built: 2020-01-17T12:35:33.676Z; git: 7b38981d25d14afb4a12ff1f2596756144edf695; jvm 1.8.0_232-b09
2020-05-07 00:41:12,902 [main] INFO  server.session (DefaultSessionIdManager.java:doStart(333)) - DefaultSessionIdManager workerName=node0
2020-05-07 00:41:12,902 [main] INFO  server.session (DefaultSessionIdManager.java:doStart(338)) - No SessionScavenger set, using defaults
2020-05-07 00:41:12,902 [main] INFO  server.session (HouseKeeper.java:startScavenging(140)) - node0 Scavenging every 660000ms
2020-05-07 00:41:12,905 [main] INFO  server.AuthenticationFilter (AuthenticationFilter.java:constructSecretProvider(240)) - Unable to initialize FileSignerSecretProvider, falling back to use random secrets.
2020-05-07 00:41:12,905 [main] INFO  handler.ContextHandler (ContextHandler.java:doStart(825)) - Started o.e.j.s.ServletContextHandler@70484d71{logs,/logs,file:///github/workspace/mnt/ozone/hadoop-ozone/integration-test/target/log,AVAILABLE}
2020-05-07 00:41:12,906 [main] INFO  handler.ContextHandler (ContextHandler.java:doStart(825)) - Started o.e.j.s.ServletContextHandler@70796165{static,/static,jar:file:/home/user/.m2/repository/org/apache/hadoop/hadoop-hdds-container-service/0.6.0-SNAPSHOT/hadoop-hdds-container-service-0.6.0-SNAPSHOT.jar!/webapps/static,AVAILABLE}
2020-05-07 00:41:12,935 [main] INFO  handler.ContextHandler (ContextHandler.java:doStart(825)) - Started o.e.j.w.WebAppContext@459d199b{hddsDatanode,/,file:///tmp/jetty-0_0_0_0-44369-hadoop-hdds-container-service-0_6_0-SNAPSHOT_jar-_-any-8725974204549024874.dir/webapp/,AVAILABLE}{jar:file:/home/user/.m2/repository/org/apache/hadoop/hadoop-hdds-container-service/0.6.0-SNAPSHOT/hadoop-hdds-container-service-0.6.0-SNAPSHOT.jar!/webapps/hddsDatanode}
2020-05-07 00:41:12,939 [main] INFO  server.AbstractConnector (AbstractConnector.java:doStart(330)) - Started ServerConnector@660b6a4d{HTTP/1.1,[http/1.1]}{0.0.0.0:44369}
2020-05-07 00:41:12,939 [main] INFO  server.Server (Server.java:doStart(399)) - Started @7771ms
2020-05-07 00:41:12,939 [main] WARN  impl.MetricsSystemImpl (MetricsSystemImpl.java:register(276)) - Sink prometheus already exists!
2020-05-07 00:41:12,942 [main] INFO  http.BaseHttpServer (BaseHttpServer.java:updateConnectorAddress(325)) - HTTP server of hddsDatanode listening at http://0.0.0.0:44369
2020-05-07 00:41:12,943 [main] INFO  impl.MetricsSystemImpl (MetricsSystemImpl.java:init(158)) - HddsDatanode metrics system started (again)
2020-05-07 00:41:12,946 [main] INFO  ozone.HddsDatanodeService (HddsDatanodeService.java:start(204)) - HddsDatanodeService host:7fe1756622b5 ip:172.17.0.2
2020-05-07 00:41:12,951 [main] INFO  volume.HddsVolume (HddsVolume.java:<init>(176)) - Creating Volume: /github/workspace/mnt/ozone/hadoop-ozone/integration-test/target/test-dir/MiniOzoneClusterImpl-4309656b-5406-4bc5-8c34-9a373aba7a4c/datanode-9/data-0/containers/hdds of storage type : DISK and capacity : 9223372036854775807
2020-05-07 00:41:12,952 [main] INFO  volume.MutableVolumeSet (MutableVolumeSet.java:initializeVolumeSet(181)) - Added Volume : /github/workspace/mnt/ozone/hadoop-ozone/integration-test/target/test-dir/MiniOzoneClusterImpl-4309656b-5406-4bc5-8c34-9a373aba7a4c/datanode-9/data-0/containers/hdds to VolumeSet
2020-05-07 00:41:12,952 [main] INFO  volume.ThrottledAsyncChecker (ThrottledAsyncChecker.java:schedule(141)) - Scheduling a check for /github/workspace/mnt/ozone/hadoop-ozone/integration-test/target/test-dir/MiniOzoneClusterImpl-4309656b-5406-4bc5-8c34-9a373aba7a4c/datanode-9/data-0/containers/hdds
2020-05-07 00:41:12,953 [main] INFO  volume.HddsVolumeChecker (HddsVolumeChecker.java:checkAllVolumes(200)) - Scheduled health check for volume /github/workspace/mnt/ozone/hadoop-ozone/integration-test/target/test-dir/MiniOzoneClusterImpl-4309656b-5406-4bc5-8c34-9a373aba7a4c/datanode-9/data-0/containers/hdds
2020-05-07 00:41:12,959 [org.apache.hadoop.util.JvmPauseMonitor$Monitor@6bc1e300] INFO  util.JvmPauseMonitor (JvmPauseMonitor.java:run(188)) - Starting JVM pause monitor
2020-05-07 00:41:12,972 [Datanode State Machine Thread - 0] INFO  datanode.InitDatanodeState (InitDatanodeState.java:persistContainerDatanodeDetails(145)) - DatanodeDetails is persisted to /github/workspace/mnt/ozone/hadoop-ozone/integration-test/target/test-dir/MiniOzoneClusterImpl-4309656b-5406-4bc5-8c34-9a373aba7a4c/datanode-8/meta/datanode.id
2020-05-07 00:41:12,975 [main] INFO  impl.RaftServerProxy (ConfUtils.java:logGet(44)) - raft.rpc.type = GRPC (default)
2020-05-07 00:41:12,975 [main] INFO  grpc.GrpcFactory (GrpcFactory.java:checkPooledByteBufAllocatorUseCacheForAllThreads(45)) - PERFORMANCE WARNING: useCacheForAllThreads is true that may cause Netty to create a lot garbage objects and, as a result, trigger GC.
	It is recommended to disable useCacheForAllThreads by setting -Dorg.apache.ratis.thirdparty.io.netty.allocator.useCacheForAllThreads=false in command line.
2020-05-07 00:41:12,975 [main] INFO  grpc.GrpcConfigKeys (ConfUtils.java:logGet(44)) - raft.grpc.server.port = 0 (default)
2020-05-07 00:41:12,975 [main] INFO  server.GrpcService (ConfUtils.java:logGet(44)) - raft.grpc.message.size.max = 32MB (=33554432) (custom)
2020-05-07 00:41:12,975 [main] INFO  server.RaftServerConfigKeys (ConfUtils.java:logGet(44)) - raft.server.log.appender.buffer.byte-limit = 33554432 (custom)
2020-05-07 00:41:12,975 [main] INFO  server.GrpcService (ConfUtils.java:logGet(44)) - raft.grpc.flow.control.window = 5MB (=5242880) (custom)
2020-05-07 00:41:12,976 [main] INFO  server.RaftServerConfigKeys (ConfUtils.java:logGet(44)) - raft.server.rpc.request.timeout = 60s (custom)
2020-05-07 00:41:12,977 [main] INFO  server.RaftServerConfigKeys (ConfUtils.java:logGet(44)) - raft.server.storage.dir = [/github/workspace/mnt/ozone/hadoop-ozone/integration-test/target/test-dir/MiniOzoneClusterImpl-4309656b-5406-4bc5-8c34-9a373aba7a4c/datanode-9/data/ratis] (custom)
2020-05-07 00:41:12,982 [main] INFO  http.BaseHttpServer (BaseHttpServer.java:newHttpServer2BuilderForOzone(205)) - Starting Web-server for hddsDatanode at: http://0.0.0.0:0
2020-05-07 00:41:12,982 [main] INFO  http.BaseHttpServer (BaseHttpServer.java:<init>(106)) - Hadoop Security Enabled: false Ozone Security Enabled: false Ozone HTTP Security Enabled: false 
2020-05-07 00:41:12,983 [main] INFO  server.AuthenticationFilter (AuthenticationFilter.java:constructSecretProvider(240)) - Unable to initialize FileSignerSecretProvider, falling back to use random secrets.
2020-05-07 00:41:12,984 [main] WARN  http.HttpRequestLog (HttpRequestLog.java:getRequestLog(103)) - Jetty request log can only be enabled using Log4j
2020-05-07 00:41:12,984 [main] INFO  http.HttpServer2 (HttpServer2.java:addGlobalFilter(993)) - Added global filter 'safety' (class=org.apache.hadoop.hdds.server.http.HttpServer2$QuotingInputFilter)
2020-05-07 00:41:12,985 [main] INFO  http.HttpServer2 (HttpServer2.java:addFilter(969)) - Added filter authentication (class=org.apache.hadoop.security.authentication.server.AuthenticationFilter) to context hddsDatanode
2020-05-07 00:41:12,985 [main] INFO  http.HttpServer2 (HttpServer2.java:addFilter(977)) - Added filter authentication (class=org.apache.hadoop.security.authentication.server.AuthenticationFilter) to context static
2020-05-07 00:41:12,986 [main] INFO  http.HttpServer2 (HttpServer2.java:addFilter(977)) - Added filter authentication (class=org.apache.hadoop.security.authentication.server.AuthenticationFilter) to context logs
2020-05-07 00:41:12,986 [main] INFO  http.HttpServer2 (HttpServer2.java:bindListener(1211)) - Jetty bound to port 40343
2020-05-07 00:41:12,986 [main] INFO  server.Server (Server.java:doStart(359)) - jetty-9.4.26.v20200117; built: 2020-01-17T12:35:33.676Z; git: 7b38981d25d14afb4a12ff1f2596756144edf695; jvm 1.8.0_232-b09
2020-05-07 00:41:12,998 [main] INFO  server.session (DefaultSessionIdManager.java:doStart(333)) - DefaultSessionIdManager workerName=node0
2020-05-07 00:41:12,998 [main] INFO  server.session (DefaultSessionIdManager.java:doStart(338)) - No SessionScavenger set, using defaults
2020-05-07 00:41:12,998 [main] INFO  server.session (HouseKeeper.java:startScavenging(140)) - node0 Scavenging every 660000ms
2020-05-07 00:41:12,999 [main] INFO  server.AuthenticationFilter (AuthenticationFilter.java:constructSecretProvider(240)) - Unable to initialize FileSignerSecretProvider, falling back to use random secrets.
2020-05-07 00:41:13,001 [main] INFO  handler.ContextHandler (ContextHandler.java:doStart(825)) - Started o.e.j.s.ServletContextHandler@71d0e9a{logs,/logs,file:///github/workspace/mnt/ozone/hadoop-ozone/integration-test/target/log,AVAILABLE}
2020-05-07 00:41:13,002 [main] INFO  handler.ContextHandler (ContextHandler.java:doStart(825)) - Started o.e.j.s.ServletContextHandler@442bca3b{static,/static,jar:file:/home/user/.m2/repository/org/apache/hadoop/hadoop-hdds-container-service/0.6.0-SNAPSHOT/hadoop-hdds-container-service-0.6.0-SNAPSHOT.jar!/webapps/static,AVAILABLE}
2020-05-07 00:41:13,031 [main] INFO  handler.ContextHandler (ContextHandler.java:doStart(825)) - Started o.e.j.w.WebAppContext@1504bdb4{hddsDatanode,/,file:///tmp/jetty-0_0_0_0-40343-hadoop-hdds-container-service-0_6_0-SNAPSHOT_jar-_-any-4941768031584818397.dir/webapp/,AVAILABLE}{jar:file:/home/user/.m2/repository/org/apache/hadoop/hadoop-hdds-container-service/0.6.0-SNAPSHOT/hadoop-hdds-container-service-0.6.0-SNAPSHOT.jar!/webapps/hddsDatanode}
2020-05-07 00:41:13,032 [main] INFO  server.AbstractConnector (AbstractConnector.java:doStart(330)) - Started ServerConnector@1d74284d{HTTP/1.1,[http/1.1]}{0.0.0.0:40343}
2020-05-07 00:41:13,032 [main] INFO  server.Server (Server.java:doStart(399)) - Started @7864ms
2020-05-07 00:41:13,033 [main] WARN  impl.MetricsSystemImpl (MetricsSystemImpl.java:register(276)) - Sink prometheus already exists!
2020-05-07 00:41:13,036 [main] INFO  http.BaseHttpServer (BaseHttpServer.java:updateConnectorAddress(325)) - HTTP server of hddsDatanode listening at http://0.0.0.0:40343
2020-05-07 00:41:13,037 [main] INFO  ozone.MiniOzoneClusterImpl (MiniOzoneClusterImpl.java:lambda$waitForClusterToBeReady$0(177)) - Waiting for nodes to be ready. Got 0 of 10 DN Heartbeats.
2020-05-07 00:41:13,037 [main] INFO  ozone.MiniOzoneClusterImpl (MiniOzoneClusterImpl.java:lambda$waitForClusterToBeReady$0(180)) - Waiting for cluster to exit safe mode
2020-05-07 00:41:13,043 [org.apache.hadoop.util.JvmPauseMonitor$Monitor@2ea23318] INFO  util.JvmPauseMonitor (JvmPauseMonitor.java:run(188)) - Starting JVM pause monitor
2020-05-07 00:41:13,045 [Datanode State Machine Thread - 0] INFO  datanode.InitDatanodeState (InitDatanodeState.java:persistContainerDatanodeDetails(145)) - DatanodeDetails is persisted to /github/workspace/mnt/ozone/hadoop-ozone/integration-test/target/test-dir/MiniOzoneClusterImpl-4309656b-5406-4bc5-8c34-9a373aba7a4c/datanode-9/meta/datanode.id
2020-05-07 00:41:14,037 [main] INFO  ozone.MiniOzoneClusterImpl (MiniOzoneClusterImpl.java:lambda$waitForClusterToBeReady$0(177)) - Waiting for nodes to be ready. Got 0 of 10 DN Heartbeats.
2020-05-07 00:41:14,037 [main] INFO  ozone.MiniOzoneClusterImpl (MiniOzoneClusterImpl.java:lambda$waitForClusterToBeReady$0(180)) - Waiting for cluster to exit safe mode
2020-05-07 00:41:14,041 [Datanode State Machine Thread - 0] INFO  ozoneimpl.OzoneContainer (OzoneContainer.java:start(232)) - Attempting to start container services.
2020-05-07 00:41:14,042 [Datanode State Machine Thread - 0] INFO  ozoneimpl.OzoneContainer (OzoneContainer.java:startContainerScrub(196)) - Background container scanner has been disabled.
2020-05-07 00:41:14,043 [Datanode State Machine Thread - 0] INFO  ratis.XceiverServerRatis (XceiverServerRatis.java:start(425)) - Starting XceiverServerRatis 5d0655f0-c25b-473a-a070-0d978632f858 at port 0
2020-05-07 00:41:14,064 [Datanode State Machine Thread - 0] INFO  impl.RaftServerProxy (RaftServerProxy.java:lambda$start$3(299)) - 5d0655f0-c25b-473a-a070-0d978632f858: start RPC server
2020-05-07 00:41:14,145 [Datanode State Machine Thread - 0] INFO  server.GrpcService (GrpcService.java:startImpl(159)) - 5d0655f0-c25b-473a-a070-0d978632f858: GrpcService started, listening on 0.0.0.0/0.0.0.0:33731
2020-05-07 00:41:14,150 [Datanode State Machine Thread - 0] INFO  ratis.XceiverServerRatis (XceiverServerRatis.java:start(437)) - XceiverServerRatis 5d0655f0-c25b-473a-a070-0d978632f858 is started using port 33731
2020-05-07 00:41:14,156 [Datanode State Machine Thread - 0] INFO  ozoneimpl.OzoneContainer (OzoneContainer.java:start(232)) - Attempting to start container services.
2020-05-07 00:41:14,159 [Datanode State Machine Thread - 0] INFO  server.XceiverServerGrpc (XceiverServerGrpc.java:start(145)) - XceiverServerGrpc 5d0655f0-c25b-473a-a070-0d978632f858 is started using port 42329
2020-05-07 00:41:14,161 [Datanode State Machine Thread - 0] INFO  ozoneimpl.OzoneContainer (OzoneContainer.java:startContainerScrub(196)) - Background container scanner has been disabled.
2020-05-07 00:41:14,162 [Datanode State Machine Thread - 0] INFO  ratis.XceiverServerRatis (XceiverServerRatis.java:start(425)) - Starting XceiverServerRatis 43880261-676d-47ef-b311-3d20c3a92ec2 at port 0
2020-05-07 00:41:14,163 [Datanode State Machine Thread - 0] INFO  impl.RaftServerProxy (RaftServerProxy.java:lambda$start$3(299)) - 43880261-676d-47ef-b311-3d20c3a92ec2: start RPC server
2020-05-07 00:41:14,179 [Datanode State Machine Thread - 0] INFO  server.GrpcService (GrpcService.java:startImpl(159)) - 43880261-676d-47ef-b311-3d20c3a92ec2: GrpcService started, listening on 0.0.0.0/0.0.0.0:40753
2020-05-07 00:41:14,179 [Datanode State Machine Thread - 0] INFO  ratis.XceiverServerRatis (XceiverServerRatis.java:start(437)) - XceiverServerRatis 43880261-676d-47ef-b311-3d20c3a92ec2 is started using port 40753
2020-05-07 00:41:14,190 [Datanode State Machine Thread - 0] INFO  server.XceiverServerGrpc (XceiverServerGrpc.java:start(145)) - XceiverServerGrpc 43880261-676d-47ef-b311-3d20c3a92ec2 is started using port 34149
2020-05-07 00:41:14,321 [Datanode State Machine Thread - 0] INFO  ozoneimpl.OzoneContainer (OzoneContainer.java:start(232)) - Attempting to start container services.
2020-05-07 00:41:14,321 [Datanode State Machine Thread - 0] INFO  ozoneimpl.OzoneContainer (OzoneContainer.java:startContainerScrub(196)) - Background container scanner has been disabled.
2020-05-07 00:41:14,321 [Datanode State Machine Thread - 0] INFO  ratis.XceiverServerRatis (XceiverServerRatis.java:start(425)) - Starting XceiverServerRatis bc4a541c-f62e-41d6-b4a1-614c81b276a8 at port 0
2020-05-07 00:41:14,324 [Datanode State Machine Thread - 0] INFO  impl.RaftServerProxy (RaftServerProxy.java:lambda$start$3(299)) - bc4a541c-f62e-41d6-b4a1-614c81b276a8: start RPC server
2020-05-07 00:41:14,337 [Datanode State Machine Thread - 0] INFO  server.GrpcService (GrpcService.java:startImpl(159)) - bc4a541c-f62e-41d6-b4a1-614c81b276a8: GrpcService started, listening on 0.0.0.0/0.0.0.0:44661
2020-05-07 00:41:14,337 [Datanode State Machine Thread - 0] INFO  ratis.XceiverServerRatis (XceiverServerRatis.java:start(437)) - XceiverServerRatis bc4a541c-f62e-41d6-b4a1-614c81b276a8 is started using port 44661
2020-05-07 00:41:14,338 [Datanode State Machine Thread - 0] INFO  server.XceiverServerGrpc (XceiverServerGrpc.java:start(145)) - XceiverServerGrpc bc4a541c-f62e-41d6-b4a1-614c81b276a8 is started using port 43011
2020-05-07 00:41:14,419 [Datanode State Machine Thread - 0] INFO  ozoneimpl.OzoneContainer (OzoneContainer.java:start(232)) - Attempting to start container services.
2020-05-07 00:41:14,420 [Datanode State Machine Thread - 0] INFO  ozoneimpl.OzoneContainer (OzoneContainer.java:startContainerScrub(196)) - Background container scanner has been disabled.
2020-05-07 00:41:14,420 [Datanode State Machine Thread - 0] INFO  ratis.XceiverServerRatis (XceiverServerRatis.java:start(425)) - Starting XceiverServerRatis 5d663474-0ada-4287-b8f7-0a24fe94e308 at port 0
2020-05-07 00:41:14,423 [Datanode State Machine Thread - 0] INFO  impl.RaftServerProxy (RaftServerProxy.java:lambda$start$3(299)) - 5d663474-0ada-4287-b8f7-0a24fe94e308: start RPC server
2020-05-07 00:41:14,425 [Datanode State Machine Thread - 0] INFO  server.GrpcService (GrpcService.java:startImpl(159)) - 5d663474-0ada-4287-b8f7-0a24fe94e308: GrpcService started, listening on 0.0.0.0/0.0.0.0:40025
2020-05-07 00:41:14,425 [Datanode State Machine Thread - 0] INFO  ratis.XceiverServerRatis (XceiverServerRatis.java:start(437)) - XceiverServerRatis 5d663474-0ada-4287-b8f7-0a24fe94e308 is started using port 40025
2020-05-07 00:41:14,427 [Datanode State Machine Thread - 0] INFO  server.XceiverServerGrpc (XceiverServerGrpc.java:start(145)) - XceiverServerGrpc 5d663474-0ada-4287-b8f7-0a24fe94e308 is started using port 46329
2020-05-07 00:41:14,535 [Datanode State Machine Thread - 0] INFO  ozoneimpl.OzoneContainer (OzoneContainer.java:start(232)) - Attempting to start container services.
2020-05-07 00:41:14,536 [Datanode State Machine Thread - 0] INFO  ozoneimpl.OzoneContainer (OzoneContainer.java:startContainerScrub(196)) - Background container scanner has been disabled.
2020-05-07 00:41:14,536 [Datanode State Machine Thread - 0] INFO  ratis.XceiverServerRatis (XceiverServerRatis.java:start(425)) - Starting XceiverServerRatis c457d337-7f02-4320-835f-bb92d00a572c at port 0
2020-05-07 00:41:14,537 [Datanode State Machine Thread - 0] INFO  impl.RaftServerProxy (RaftServerProxy.java:lambda$start$3(299)) - c457d337-7f02-4320-835f-bb92d00a572c: start RPC server
2020-05-07 00:41:14,539 [Datanode State Machine Thread - 0] INFO  server.GrpcService (GrpcService.java:startImpl(159)) - c457d337-7f02-4320-835f-bb92d00a572c: GrpcService started, listening on 0.0.0.0/0.0.0.0:38199
2020-05-07 00:41:14,539 [Datanode State Machine Thread - 0] INFO  ratis.XceiverServerRatis (XceiverServerRatis.java:start(437)) - XceiverServerRatis c457d337-7f02-4320-835f-bb92d00a572c is started using port 38199
2020-05-07 00:41:14,540 [Datanode State Machine Thread - 0] INFO  server.XceiverServerGrpc (XceiverServerGrpc.java:start(145)) - XceiverServerGrpc c457d337-7f02-4320-835f-bb92d00a572c is started using port 38985
2020-05-07 00:41:14,620 [Datanode State Machine Thread - 0] INFO  ozoneimpl.OzoneContainer (OzoneContainer.java:start(232)) - Attempting to start container services.
2020-05-07 00:41:14,620 [Datanode State Machine Thread - 0] INFO  ozoneimpl.OzoneContainer (OzoneContainer.java:startContainerScrub(196)) - Background container scanner has been disabled.
2020-05-07 00:41:14,621 [Datanode State Machine Thread - 0] INFO  ratis.XceiverServerRatis (XceiverServerRatis.java:start(425)) - Starting XceiverServerRatis 9e8913a8-5d01-463b-9a0c-134b51b3452a at port 0
2020-05-07 00:41:14,622 [Datanode State Machine Thread - 0] INFO  impl.RaftServerProxy (RaftServerProxy.java:lambda$start$3(299)) - 9e8913a8-5d01-463b-9a0c-134b51b3452a: start RPC server
2020-05-07 00:41:14,625 [Datanode State Machine Thread - 0] INFO  server.GrpcService (GrpcService.java:startImpl(159)) - 9e8913a8-5d01-463b-9a0c-134b51b3452a: GrpcService started, listening on 0.0.0.0/0.0.0.0:46069
2020-05-07 00:41:14,625 [Datanode State Machine Thread - 0] INFO  ratis.XceiverServerRatis (XceiverServerRatis.java:start(437)) - XceiverServerRatis 9e8913a8-5d01-463b-9a0c-134b51b3452a is started using port 46069
2020-05-07 00:41:14,629 [Datanode State Machine Thread - 0] INFO  server.XceiverServerGrpc (XceiverServerGrpc.java:start(145)) - XceiverServerGrpc 9e8913a8-5d01-463b-9a0c-134b51b3452a is started using port 39875
2020-05-07 00:41:14,747 [Datanode State Machine Thread - 0] INFO  ozoneimpl.OzoneContainer (OzoneContainer.java:start(232)) - Attempting to start container services.
2020-05-07 00:41:14,747 [Datanode State Machine Thread - 0] INFO  ozoneimpl.OzoneContainer (OzoneContainer.java:startContainerScrub(196)) - Background container scanner has been disabled.
2020-05-07 00:41:14,747 [Datanode State Machine Thread - 0] INFO  ratis.XceiverServerRatis (XceiverServerRatis.java:start(425)) - Starting XceiverServerRatis ef585da5-85b4-4e5c-8dc1-37cc22327528 at port 0
2020-05-07 00:41:14,754 [Datanode State Machine Thread - 0] INFO  impl.RaftServerProxy (RaftServerProxy.java:lambda$start$3(299)) - ef585da5-85b4-4e5c-8dc1-37cc22327528: start RPC server
2020-05-07 00:41:14,756 [Datanode State Machine Thread - 0] INFO  server.GrpcService (GrpcService.java:startImpl(159)) - ef585da5-85b4-4e5c-8dc1-37cc22327528: GrpcService started, listening on 0.0.0.0/0.0.0.0:45241
2020-05-07 00:41:14,756 [Datanode State Machine Thread - 0] INFO  ratis.XceiverServerRatis (XceiverServerRatis.java:start(437)) - XceiverServerRatis ef585da5-85b4-4e5c-8dc1-37cc22327528 is started using port 45241
2020-05-07 00:41:14,757 [Datanode State Machine Thread - 0] INFO  server.XceiverServerGrpc (XceiverServerGrpc.java:start(145)) - XceiverServerGrpc ef585da5-85b4-4e5c-8dc1-37cc22327528 is started using port 34397
2020-05-07 00:41:14,871 [Datanode State Machine Thread - 0] INFO  ozoneimpl.OzoneContainer (OzoneContainer.java:start(232)) - Attempting to start container services.
2020-05-07 00:41:14,872 [Datanode State Machine Thread - 0] INFO  ozoneimpl.OzoneContainer (OzoneContainer.java:startContainerScrub(196)) - Background container scanner has been disabled.
2020-05-07 00:41:14,872 [Datanode State Machine Thread - 0] INFO  ratis.XceiverServerRatis (XceiverServerRatis.java:start(425)) - Starting XceiverServerRatis f9d6d60b-ab5b-4a08-a0ef-ccb2f7c778b8 at port 0
2020-05-07 00:41:14,873 [Datanode State Machine Thread - 0] INFO  impl.RaftServerProxy (RaftServerProxy.java:lambda$start$3(299)) - f9d6d60b-ab5b-4a08-a0ef-ccb2f7c778b8: start RPC server
2020-05-07 00:41:14,875 [Datanode State Machine Thread - 0] INFO  server.GrpcService (GrpcService.java:startImpl(159)) - f9d6d60b-ab5b-4a08-a0ef-ccb2f7c778b8: GrpcService started, listening on 0.0.0.0/0.0.0.0:39475
2020-05-07 00:41:14,876 [Datanode State Machine Thread - 0] INFO  ratis.XceiverServerRatis (XceiverServerRatis.java:start(437)) - XceiverServerRatis f9d6d60b-ab5b-4a08-a0ef-ccb2f7c778b8 is started using port 39475
2020-05-07 00:41:14,877 [Datanode State Machine Thread - 0] INFO  server.XceiverServerGrpc (XceiverServerGrpc.java:start(145)) - XceiverServerGrpc f9d6d60b-ab5b-4a08-a0ef-ccb2f7c778b8 is started using port 38169
2020-05-07 00:41:14,967 [Datanode State Machine Thread - 0] INFO  ozoneimpl.OzoneContainer (OzoneContainer.java:start(232)) - Attempting to start container services.
2020-05-07 00:41:14,967 [Datanode State Machine Thread - 0] INFO  ozoneimpl.OzoneContainer (OzoneContainer.java:startContainerScrub(196)) - Background container scanner has been disabled.
2020-05-07 00:41:14,967 [Datanode State Machine Thread - 0] INFO  ratis.XceiverServerRatis (XceiverServerRatis.java:start(425)) - Starting XceiverServerRatis 7dd03a18-1435-4be1-bd80-9d608de327dc at port 0
2020-05-07 00:41:14,978 [Datanode State Machine Thread - 0] INFO  impl.RaftServerProxy (RaftServerProxy.java:lambda$start$3(299)) - 7dd03a18-1435-4be1-bd80-9d608de327dc: start RPC server
2020-05-07 00:41:14,980 [Datanode State Machine Thread - 0] INFO  server.GrpcService (GrpcService.java:startImpl(159)) - 7dd03a18-1435-4be1-bd80-9d608de327dc: GrpcService started, listening on 0.0.0.0/0.0.0.0:42383
2020-05-07 00:41:14,980 [Datanode State Machine Thread - 0] INFO  ratis.XceiverServerRatis (XceiverServerRatis.java:start(437)) - XceiverServerRatis 7dd03a18-1435-4be1-bd80-9d608de327dc is started using port 42383
2020-05-07 00:41:14,982 [Datanode State Machine Thread - 0] INFO  server.XceiverServerGrpc (XceiverServerGrpc.java:start(145)) - XceiverServerGrpc 7dd03a18-1435-4be1-bd80-9d608de327dc is started using port 33517
2020-05-07 00:41:15,038 [main] INFO  ozone.MiniOzoneClusterImpl (MiniOzoneClusterImpl.java:lambda$waitForClusterToBeReady$0(177)) - Waiting for nodes to be ready. Got 0 of 10 DN Heartbeats.
2020-05-07 00:41:15,038 [main] INFO  ozone.MiniOzoneClusterImpl (MiniOzoneClusterImpl.java:lambda$waitForClusterToBeReady$0(180)) - Waiting for cluster to exit safe mode
2020-05-07 00:41:15,048 [Datanode State Machine Thread - 0] INFO  ozoneimpl.OzoneContainer (OzoneContainer.java:start(232)) - Attempting to start container services.
2020-05-07 00:41:15,049 [Datanode State Machine Thread - 0] INFO  ozoneimpl.OzoneContainer (OzoneContainer.java:startContainerScrub(196)) - Background container scanner has been disabled.
2020-05-07 00:41:15,049 [Datanode State Machine Thread - 0] INFO  ratis.XceiverServerRatis (XceiverServerRatis.java:start(425)) - Starting XceiverServerRatis 0f2866d9-7d54-459e-ac3c-e4a322a6b4d0 at port 0
2020-05-07 00:41:15,050 [Datanode State Machine Thread - 0] INFO  impl.RaftServerProxy (RaftServerProxy.java:lambda$start$3(299)) - 0f2866d9-7d54-459e-ac3c-e4a322a6b4d0: start RPC server
2020-05-07 00:41:15,052 [Datanode State Machine Thread - 0] INFO  server.GrpcService (GrpcService.java:startImpl(159)) - 0f2866d9-7d54-459e-ac3c-e4a322a6b4d0: GrpcService started, listening on 0.0.0.0/0.0.0.0:42883
2020-05-07 00:41:15,053 [Datanode State Machine Thread - 0] INFO  ratis.XceiverServerRatis (XceiverServerRatis.java:start(437)) - XceiverServerRatis 0f2866d9-7d54-459e-ac3c-e4a322a6b4d0 is started using port 42883
2020-05-07 00:41:15,061 [Datanode State Machine Thread - 0] INFO  server.XceiverServerGrpc (XceiverServerGrpc.java:start(145)) - XceiverServerGrpc 0f2866d9-7d54-459e-ac3c-e4a322a6b4d0 is started using port 36989
2020-05-07 00:41:16,006 [IPC Server handler 6 on 37495] INFO  net.NetworkTopology (NetworkTopologyImpl.java:add(111)) - Added a new node: /default-rack/5d0655f0-c25b-473a-a070-0d978632f858
2020-05-07 00:41:16,007 [IPC Server handler 6 on 37495] INFO  node.SCMNodeManager (SCMNodeManager.java:register(268)) - Registered Data node : 5d0655f0-c25b-473a-a070-0d978632f858{ip: 172.17.0.2, host: 7fe1756622b5, networkLocation: /default-rack, certSerialId: null}
2020-05-07 00:41:16,011 [EventQueue-NodeRegistrationContainerReportForContainerSafeModeRule] INFO  safemode.SCMSafeModeManager (SCMSafeModeManager.java:validateSafeModeExitRules(213)) - ContainerSafeModeRule rule is successfully validated
2020-05-07 00:41:16,015 [EventQueue-NodeRegistrationContainerReportForDataNodeSafeModeRule] INFO  safemode.SCMSafeModeManager (DataNodeSafeModeRule.java:process(71)) - SCM in safe mode. 1 DataNodes registered, 1 required.
2020-05-07 00:41:16,015 [EventQueue-NodeRegistrationContainerReportForDataNodeSafeModeRule] INFO  safemode.SCMSafeModeManager (SCMSafeModeManager.java:validateSafeModeExitRules(213)) - DataNodeSafeModeRule rule is successfully validated
2020-05-07 00:41:16,015 [EventQueue-NodeRegistrationContainerReportForDataNodeSafeModeRule] INFO  safemode.SCMSafeModeManager (SCMSafeModeManager.java:completePreCheck(241)) - All SCM safe mode pre check rules have passed
2020-05-07 00:41:16,029 [RatisPipelineUtilsThread] INFO  pipeline.RatisPipelineProvider (RatisPipelineProvider.java:lambda$create$0(138)) - Sending CreatePipelineCommand for pipeline:PipelineID=78cf6ed9-a17a-400a-a180-22829cb85092 to datanode:5d0655f0-c25b-473a-a070-0d978632f858
2020-05-07 00:41:16,038 [main] INFO  ozone.MiniOzoneClusterImpl (MiniOzoneClusterImpl.java:lambda$waitForClusterToBeReady$0(177)) - Waiting for nodes to be ready. Got 1 of 10 DN Heartbeats.
2020-05-07 00:41:16,038 [main] INFO  ozone.MiniOzoneClusterImpl (MiniOzoneClusterImpl.java:lambda$waitForClusterToBeReady$0(180)) - Waiting for cluster to exit safe mode
2020-05-07 00:41:16,041 [RatisPipelineUtilsThread] INFO  pipeline.PipelineStateManager (PipelineStateManager.java:addPipeline(54)) - Created pipeline Pipeline[ Id: 78cf6ed9-a17a-400a-a180-22829cb85092, Nodes: 5d0655f0-c25b-473a-a070-0d978632f858{ip: 172.17.0.2, host: 7fe1756622b5, networkLocation: /default-rack, certSerialId: null}, Type:RATIS, Factor:ONE, State:ALLOCATED, leaderId:null, CreationTimestamp2020-05-07T00:41:16.026Z]
2020-05-07 00:41:16,043 [RatisPipelineUtilsThread] ERROR pipeline.SCMPipelineManager (SCMPipelineManager.java:createPipeline(222)) - Failed to create pipeline of type RATIS and factor ONE. Exception: Cannot create pipeline of factor 1 using 0 nodes. Used 1 nodes. Healthy nodes 1
2020-05-07 00:41:16,044 [RatisPipelineUtilsThread] WARN  pipeline.PipelinePlacementPolicy (PipelinePlacementPolicy.java:filterViableNodes(132)) - Pipeline creation failed due to no sufficient healthy datanodes. Required 3. Found 1.
2020-05-07 00:41:16,044 [RatisPipelineUtilsThread] ERROR pipeline.SCMPipelineManager (SCMPipelineManager.java:createPipeline(222)) - Failed to create pipeline of type RATIS and factor THREE. Exception: Pipeline creation failed due to no sufficient healthy datanodes. Required 3. Found 1.
2020-05-07 00:41:16,153 [IPC Server handler 10 on 37495] INFO  net.NetworkTopology (NetworkTopologyImpl.java:add(111)) - Added a new node: /default-rack/43880261-676d-47ef-b311-3d20c3a92ec2
2020-05-07 00:41:16,153 [IPC Server handler 10 on 37495] INFO  node.SCMNodeManager (SCMNodeManager.java:register(268)) - Registered Data node : 43880261-676d-47ef-b311-3d20c3a92ec2{ip: 172.17.0.2, host: 7fe1756622b5, networkLocation: /default-rack, certSerialId: null}
2020-05-07 00:41:16,153 [EventQueue-NodeRegistrationContainerReportForContainerSafeModeRule] INFO  safemode.SCMSafeModeManager (SCMSafeModeManager.java:validateSafeModeExitRules(213)) - ContainerSafeModeRule rule is successfully validated
2020-05-07 00:41:16,154 [EventQueue-NodeRegistrationContainerReportForDataNodeSafeModeRule] INFO  safemode.SCMSafeModeManager (SCMSafeModeManager.java:validateSafeModeExitRules(213)) - DataNodeSafeModeRule rule is successfully validated
2020-05-07 00:41:16,157 [RatisPipelineUtilsThread] INFO  pipeline.RatisPipelineProvider (RatisPipelineProvider.java:lambda$create$0(138)) - Sending CreatePipelineCommand for pipeline:PipelineID=2ea9165f-7964-4dcf-90b9-e7fd9eedcccf to datanode:43880261-676d-47ef-b311-3d20c3a92ec2
2020-05-07 00:41:16,157 [RatisPipelineUtilsThread] INFO  pipeline.PipelineStateManager (PipelineStateManager.java:addPipeline(54)) - Created pipeline Pipeline[ Id: 2ea9165f-7964-4dcf-90b9-e7fd9eedcccf, Nodes: 43880261-676d-47ef-b311-3d20c3a92ec2{ip: 172.17.0.2, host: 7fe1756622b5, networkLocation: /default-rack, certSerialId: null}, Type:RATIS, Factor:ONE, State:ALLOCATED, leaderId:null, CreationTimestamp2020-05-07T00:41:16.157Z]
2020-05-07 00:41:16,159 [RatisPipelineUtilsThread] ERROR pipeline.SCMPipelineManager (SCMPipelineManager.java:createPipeline(222)) - Failed to create pipeline of type RATIS and factor ONE. Exception: Cannot create pipeline of factor 1 using 0 nodes. Used 2 nodes. Healthy nodes 2
2020-05-07 00:41:16,159 [RatisPipelineUtilsThread] WARN  pipeline.PipelinePlacementPolicy (PipelinePlacementPolicy.java:filterViableNodes(132)) - Pipeline creation failed due to no sufficient healthy datanodes. Required 3. Found 2.
2020-05-07 00:41:16,159 [RatisPipelineUtilsThread] ERROR pipeline.SCMPipelineManager (SCMPipelineManager.java:createPipeline(222)) - Failed to create pipeline of type RATIS and factor THREE. Exception: Pipeline creation failed due to no sufficient healthy datanodes. Required 3. Found 2.
2020-05-07 00:41:16,317 [IPC Server handler 12 on 37495] INFO  net.NetworkTopology (NetworkTopologyImpl.java:add(111)) - Added a new node: /default-rack/bc4a541c-f62e-41d6-b4a1-614c81b276a8
2020-05-07 00:41:16,318 [IPC Server handler 12 on 37495] INFO  node.SCMNodeManager (SCMNodeManager.java:register(268)) - Registered Data node : bc4a541c-f62e-41d6-b4a1-614c81b276a8{ip: 172.17.0.2, host: 7fe1756622b5, networkLocation: /default-rack, certSerialId: null}
2020-05-07 00:41:16,318 [RatisPipelineUtilsThread] INFO  pipeline.RatisPipelineProvider (RatisPipelineProvider.java:lambda$create$0(138)) - Sending CreatePipelineCommand for pipeline:PipelineID=6f288b13-cff1-4250-9296-abad5afb1cef to datanode:bc4a541c-f62e-41d6-b4a1-614c81b276a8
2020-05-07 00:41:16,319 [EventQueue-NodeRegistrationContainerReportForDataNodeSafeModeRule] INFO  safemode.SCMSafeModeManager (SCMSafeModeManager.java:validateSafeModeExitRules(213)) - DataNodeSafeModeRule rule is successfully validated
2020-05-07 00:41:16,319 [RatisPipelineUtilsThread] INFO  pipeline.PipelineStateManager (PipelineStateManager.java:addPipeline(54)) - Created pipeline Pipeline[ Id: 6f288b13-cff1-4250-9296-abad5afb1cef, Nodes: bc4a541c-f62e-41d6-b4a1-614c81b276a8{ip: 172.17.0.2, host: 7fe1756622b5, networkLocation: /default-rack, certSerialId: null}, Type:RATIS, Factor:ONE, State:ALLOCATED, leaderId:null, CreationTimestamp2020-05-07T00:41:16.318Z]
2020-05-07 00:41:16,319 [EventQueue-NodeRegistrationContainerReportForContainerSafeModeRule] INFO  safemode.SCMSafeModeManager (SCMSafeModeManager.java:validateSafeModeExitRules(213)) - ContainerSafeModeRule rule is successfully validated
2020-05-07 00:41:16,319 [RatisPipelineUtilsThread] ERROR pipeline.SCMPipelineManager (SCMPipelineManager.java:createPipeline(222)) - Failed to create pipeline of type RATIS and factor ONE. Exception: Cannot create pipeline of factor 1 using 0 nodes. Used 3 nodes. Healthy nodes 3
2020-05-07 00:41:16,324 [RatisPipelineUtilsThread] INFO  pipeline.RatisPipelineProvider (RatisPipelineProvider.java:lambda$create$0(138)) - Sending CreatePipelineCommand for pipeline:PipelineID=ff54650d-e088-4b12-a539-a95aed492fe6 to datanode:43880261-676d-47ef-b311-3d20c3a92ec2
2020-05-07 00:41:16,324 [RatisPipelineUtilsThread] INFO  pipeline.RatisPipelineProvider (RatisPipelineProvider.java:lambda$create$0(138)) - Sending CreatePipelineCommand for pipeline:PipelineID=ff54650d-e088-4b12-a539-a95aed492fe6 to datanode:bc4a541c-f62e-41d6-b4a1-614c81b276a8
2020-05-07 00:41:16,324 [RatisPipelineUtilsThread] INFO  pipeline.RatisPipelineProvider (RatisPipelineProvider.java:lambda$create$0(138)) - Sending CreatePipelineCommand for pipeline:PipelineID=ff54650d-e088-4b12-a539-a95aed492fe6 to datanode:5d0655f0-c25b-473a-a070-0d978632f858
2020-05-07 00:41:16,325 [RatisPipelineUtilsThread] INFO  pipeline.PipelineStateManager (PipelineStateManager.java:addPipeline(54)) - Created pipeline Pipeline[ Id: ff54650d-e088-4b12-a539-a95aed492fe6, Nodes: 43880261-676d-47ef-b311-3d20c3a92ec2{ip: 172.17.0.2, host: 7fe1756622b5, networkLocation: /default-rack, certSerialId: null}bc4a541c-f62e-41d6-b4a1-614c81b276a8{ip: 172.17.0.2, host: 7fe1756622b5, networkLocation: /default-rack, certSerialId: null}5d0655f0-c25b-473a-a070-0d978632f858{ip: 172.17.0.2, host: 7fe1756622b5, networkLocation: /default-rack, certSerialId: null}, Type:RATIS, Factor:THREE, State:ALLOCATED, leaderId:null, CreationTimestamp2020-05-07T00:41:16.324Z]
2020-05-07 00:41:16,325 [RatisPipelineUtilsThread] ERROR pipeline.SCMPipelineManager (SCMPipelineManager.java:createPipeline(222)) - Failed to create pipeline of type RATIS and factor THREE. Exception: Pipeline creation failed because nodes are engaged in other pipelines and every node can only be engaged in max 2 pipelines. Required 3. Found 0
2020-05-07 00:41:16,417 [IPC Server handler 0 on 37495] INFO  net.NetworkTopology (NetworkTopologyImpl.java:add(111)) - Added a new node: /default-rack/5d663474-0ada-4287-b8f7-0a24fe94e308
2020-05-07 00:41:16,418 [IPC Server handler 0 on 37495] INFO  node.SCMNodeManager (SCMNodeManager.java:register(268)) - Registered Data node : 5d663474-0ada-4287-b8f7-0a24fe94e308{ip: 172.17.0.2, host: 7fe1756622b5, networkLocation: /default-rack, certSerialId: null}
2020-05-07 00:41:16,419 [EventQueue-NodeRegistrationContainerReportForContainerSafeModeRule] INFO  safemode.SCMSafeModeManager (SCMSafeModeManager.java:validateSafeModeExitRules(213)) - ContainerSafeModeRule rule is successfully validated
2020-05-07 00:41:16,419 [EventQueue-NodeRegistrationContainerReportForDataNodeSafeModeRule] INFO  safemode.SCMSafeModeManager (SCMSafeModeManager.java:validateSafeModeExitRules(213)) - DataNodeSafeModeRule rule is successfully validated
2020-05-07 00:41:16,420 [RatisPipelineUtilsThread] INFO  pipeline.RatisPipelineProvider (RatisPipelineProvider.java:lambda$create$0(138)) - Sending CreatePipelineCommand for pipeline:PipelineID=ab48953b-8b48-49f8-a07b-dfeb4eebbd6b to datanode:5d663474-0ada-4287-b8f7-0a24fe94e308
2020-05-07 00:41:16,420 [RatisPipelineUtilsThread] INFO  pipeline.PipelineStateManager (PipelineStateManager.java:addPipeline(54)) - Created pipeline Pipeline[ Id: ab48953b-8b48-49f8-a07b-dfeb4eebbd6b, Nodes: 5d663474-0ada-4287-b8f7-0a24fe94e308{ip: 172.17.0.2, host: 7fe1756622b5, networkLocation: /default-rack, certSerialId: null}, Type:RATIS, Factor:ONE, State:ALLOCATED, leaderId:null, CreationTimestamp2020-05-07T00:41:16.420Z]
2020-05-07 00:41:16,421 [RatisPipelineUtilsThread] ERROR pipeline.SCMPipelineManager (SCMPipelineManager.java:createPipeline(222)) - Failed to create pipeline of type RATIS and factor ONE. Exception: Cannot create pipeline of factor 1 using 0 nodes. Used 4 nodes. Healthy nodes 4
2020-05-07 00:41:16,421 [RatisPipelineUtilsThread] ERROR pipeline.SCMPipelineManager (SCMPipelineManager.java:createPipeline(222)) - Failed to create pipeline of type RATIS and factor THREE. Exception: Pipeline creation failed because nodes are engaged in other pipelines and every node can only be engaged in max 2 pipelines. Required 3. Found 1
2020-05-07 00:41:16,534 [IPC Server handler 1 on 37495] INFO  net.NetworkTopology (NetworkTopologyImpl.java:add(111)) - Added a new node: /default-rack/c457d337-7f02-4320-835f-bb92d00a572c
2020-05-07 00:41:16,534 [IPC Server handler 1 on 37495] INFO  node.SCMNodeManager (SCMNodeManager.java:register(268)) - Registered Data node : c457d337-7f02-4320-835f-bb92d00a572c{ip: 172.17.0.2, host: 7fe1756622b5, networkLocation: /default-rack, certSerialId: null}
2020-05-07 00:41:16,535 [EventQueue-NodeRegistrationContainerReportForContainerSafeModeRule] INFO  safemode.SCMSafeModeManager (SCMSafeModeManager.java:validateSafeModeExitRules(213)) - ContainerSafeModeRule rule is successfully validated
2020-05-07 00:41:16,535 [EventQueue-NodeRegistrationContainerReportForDataNodeSafeModeRule] INFO  safemode.SCMSafeModeManager (SCMSafeModeManager.java:validateSafeModeExitRules(213)) - DataNodeSafeModeRule rule is successfully validated
2020-05-07 00:41:16,535 [RatisPipelineUtilsThread] INFO  pipeline.RatisPipelineProvider (RatisPipelineProvider.java:lambda$create$0(138)) - Sending CreatePipelineCommand for pipeline:PipelineID=0ea8db4c-d660-4e4c-8d75-d037098eb4c0 to datanode:c457d337-7f02-4320-835f-bb92d00a572c
2020-05-07 00:41:16,536 [RatisPipelineUtilsThread] INFO  pipeline.PipelineStateManager (PipelineStateManager.java:addPipeline(54)) - Created pipeline Pipeline[ Id: 0ea8db4c-d660-4e4c-8d75-d037098eb4c0, Nodes: c457d337-7f02-4320-835f-bb92d00a572c{ip: 172.17.0.2, host: 7fe1756622b5, networkLocation: /default-rack, certSerialId: null}, Type:RATIS, Factor:ONE, State:ALLOCATED, leaderId:null, CreationTimestamp2020-05-07T00:41:16.535Z]
2020-05-07 00:41:16,536 [RatisPipelineUtilsThread] ERROR pipeline.SCMPipelineManager (SCMPipelineManager.java:createPipeline(222)) - Failed to create pipeline of type RATIS and factor ONE. Exception: Cannot create pipeline of factor 1 using 0 nodes. Used 5 nodes. Healthy nodes 5
2020-05-07 00:41:16,536 [RatisPipelineUtilsThread] ERROR pipeline.SCMPipelineManager (SCMPipelineManager.java:createPipeline(222)) - Failed to create pipeline of type RATIS and factor THREE. Exception: Pipeline creation failed because nodes are engaged in other pipelines and every node can only be engaged in max 2 pipelines. Required 3. Found 2
2020-05-07 00:41:16,619 [IPC Server handler 2 on 37495] INFO  net.NetworkTopology (NetworkTopologyImpl.java:add(111)) - Added a new node: /default-rack/9e8913a8-5d01-463b-9a0c-134b51b3452a
2020-05-07 00:41:16,619 [IPC Server handler 2 on 37495] INFO  node.SCMNodeManager (SCMNodeManager.java:register(268)) - Registered Data node : 9e8913a8-5d01-463b-9a0c-134b51b3452a{ip: 172.17.0.2, host: 7fe1756622b5, networkLocation: /default-rack, certSerialId: null}
2020-05-07 00:41:16,620 [EventQueue-NodeRegistrationContainerReportForDataNodeSafeModeRule] INFO  safemode.SCMSafeModeManager (SCMSafeModeManager.java:validateSafeModeExitRules(213)) - DataNodeSafeModeRule rule is successfully validated
2020-05-07 00:41:16,620 [EventQueue-NodeRegistrationContainerReportForContainerSafeModeRule] INFO  safemode.SCMSafeModeManager (SCMSafeModeManager.java:validateSafeModeExitRules(213)) - ContainerSafeModeRule rule is successfully validated
2020-05-07 00:41:16,621 [RatisPipelineUtilsThread] INFO  pipeline.RatisPipelineProvider (RatisPipelineProvider.java:lambda$create$0(138)) - Sending CreatePipelineCommand for pipeline:PipelineID=0d7089be-f158-43be-ae44-2164109966de to datanode:9e8913a8-5d01-463b-9a0c-134b51b3452a
2020-05-07 00:41:16,622 [RatisPipelineUtilsThread] INFO  pipeline.PipelineStateManager (PipelineStateManager.java:addPipeline(54)) - Created pipeline Pipeline[ Id: 0d7089be-f158-43be-ae44-2164109966de, Nodes: 9e8913a8-5d01-463b-9a0c-134b51b3452a{ip: 172.17.0.2, host: 7fe1756622b5, networkLocation: /default-rack, certSerialId: null}, Type:RATIS, Factor:ONE, State:ALLOCATED, leaderId:null, CreationTimestamp2020-05-07T00:41:16.621Z]
2020-05-07 00:41:16,622 [RatisPipelineUtilsThread] ERROR pipeline.SCMPipelineManager (SCMPipelineManager.java:createPipeline(222)) - Failed to create pipeline of type RATIS and factor ONE. Exception: Cannot create pipeline of factor 1 using 0 nodes. Used 6 nodes. Healthy nodes 6
2020-05-07 00:41:16,623 [RatisPipelineUtilsThread] INFO  pipeline.RatisPipelineProvider (RatisPipelineProvider.java:lambda$create$0(138)) - Sending CreatePipelineCommand for pipeline:PipelineID=78719136-ff1e-4bef-a11d-9ce59a944174 to datanode:5d663474-0ada-4287-b8f7-0a24fe94e308
2020-05-07 00:41:16,623 [RatisPipelineUtilsThread] INFO  pipeline.RatisPipelineProvider (RatisPipelineProvider.java:lambda$create$0(138)) - Sending CreatePipelineCommand for pipeline:PipelineID=78719136-ff1e-4bef-a11d-9ce59a944174 to datanode:9e8913a8-5d01-463b-9a0c-134b51b3452a
2020-05-07 00:41:16,623 [RatisPipelineUtilsThread] INFO  pipeline.RatisPipelineProvider (RatisPipelineProvider.java:lambda$create$0(138)) - Sending CreatePipelineCommand for pipeline:PipelineID=78719136-ff1e-4bef-a11d-9ce59a944174 to datanode:c457d337-7f02-4320-835f-bb92d00a572c
2020-05-07 00:41:16,624 [RatisPipelineUtilsThread] INFO  pipeline.PipelineStateManager (PipelineStateManager.java:addPipeline(54)) - Created pipeline Pipeline[ Id: 78719136-ff1e-4bef-a11d-9ce59a944174, Nodes: 5d663474-0ada-4287-b8f7-0a24fe94e308{ip: 172.17.0.2, host: 7fe1756622b5, networkLocation: /default-rack, certSerialId: null}9e8913a8-5d01-463b-9a0c-134b51b3452a{ip: 172.17.0.2, host: 7fe1756622b5, networkLocation: /default-rack, certSerialId: null}c457d337-7f02-4320-835f-bb92d00a572c{ip: 172.17.0.2, host: 7fe1756622b5, networkLocation: /default-rack, certSerialId: null}, Type:RATIS, Factor:THREE, State:ALLOCATED, leaderId:null, CreationTimestamp2020-05-07T00:41:16.623Z]
2020-05-07 00:41:16,624 [RatisPipelineUtilsThread] ERROR pipeline.SCMPipelineManager (SCMPipelineManager.java:createPipeline(222)) - Failed to create pipeline of type RATIS and factor THREE. Exception: Pipeline creation failed because nodes are engaged in other pipelines and every node can only be engaged in max 2 pipelines. Required 3. Found 0
2020-05-07 00:41:16,745 [IPC Server handler 3 on 37495] INFO  net.NetworkTopology (NetworkTopologyImpl.java:add(111)) - Added a new node: /default-rack/ef585da5-85b4-4e5c-8dc1-37cc22327528
2020-05-07 00:41:16,746 [IPC Server handler 3 on 37495] INFO  node.SCMNodeManager (SCMNodeManager.java:register(268)) - Registered Data node : ef585da5-85b4-4e5c-8dc1-37cc22327528{ip: 172.17.0.2, host: 7fe1756622b5, networkLocation: /default-rack, certSerialId: null}
2020-05-07 00:41:16,747 [EventQueue-NodeRegistrationContainerReportForContainerSafeModeRule] INFO  safemode.SCMSafeModeManager (SCMSafeModeManager.java:validateSafeModeExitRules(213)) - ContainerSafeModeRule rule is successfully validated
2020-05-07 00:41:16,747 [EventQueue-NodeRegistrationContainerReportForDataNodeSafeModeRule] INFO  safemode.SCMSafeModeManager (SCMSafeModeManager.java:validateSafeModeExitRules(213)) - DataNodeSafeModeRule rule is successfully validated
2020-05-07 00:41:16,748 [RatisPipelineUtilsThread] INFO  pipeline.RatisPipelineProvider (RatisPipelineProvider.java:lambda$create$0(138)) - Sending CreatePipelineCommand for pipeline:PipelineID=e2b3002f-d49b-439e-be5f-2be7217acce5 to datanode:ef585da5-85b4-4e5c-8dc1-37cc22327528
2020-05-07 00:41:16,749 [RatisPipelineUtilsThread] INFO  pipeline.PipelineStateManager (PipelineStateManager.java:addPipeline(54)) - Created pipeline Pipeline[ Id: e2b3002f-d49b-439e-be5f-2be7217acce5, Nodes: ef585da5-85b4-4e5c-8dc1-37cc22327528{ip: 172.17.0.2, host: 7fe1756622b5, networkLocation: /default-rack, certSerialId: null}, Type:RATIS, Factor:ONE, State:ALLOCATED, leaderId:null, CreationTimestamp2020-05-07T00:41:16.748Z]
2020-05-07 00:41:16,750 [RatisPipelineUtilsThread] ERROR pipeline.SCMPipelineManager (SCMPipelineManager.java:createPipeline(222)) - Failed to create pipeline of type RATIS and factor ONE. Exception: Cannot create pipeline of factor 1 using 0 nodes. Used 7 nodes. Healthy nodes 7
2020-05-07 00:41:16,750 [RatisPipelineUtilsThread] ERROR pipeline.SCMPipelineManager (SCMPipelineManager.java:createPipeline(222)) - Failed to create pipeline of type RATIS and factor THREE. Exception: Pipeline creation failed because nodes are engaged in other pipelines and every node can only be engaged in max 2 pipelines. Required 3. Found 1
2020-05-07 00:41:16,871 [IPC Server handler 4 on 37495] INFO  net.NetworkTopology (NetworkTopologyImpl.java:add(111)) - Added a new node: /default-rack/f9d6d60b-ab5b-4a08-a0ef-ccb2f7c778b8
2020-05-07 00:41:16,871 [IPC Server handler 4 on 37495] INFO  node.SCMNodeManager (SCMNodeManager.java:register(268)) - Registered Data node : f9d6d60b-ab5b-4a08-a0ef-ccb2f7c778b8{ip: 172.17.0.2, host: 7fe1756622b5, networkLocation: /default-rack, certSerialId: null}
2020-05-07 00:41:16,871 [EventQueue-NodeRegistrationContainerReportForContainerSafeModeRule] INFO  safemode.SCMSafeModeManager (SCMSafeModeManager.java:validateSafeModeExitRules(213)) - ContainerSafeModeRule rule is successfully validated
2020-05-07 00:41:16,871 [EventQueue-NodeRegistrationContainerReportForDataNodeSafeModeRule] INFO  safemode.SCMSafeModeManager (SCMSafeModeManager.java:validateSafeModeExitRules(213)) - DataNodeSafeModeRule rule is successfully validated
2020-05-07 00:41:16,874 [RatisPipelineUtilsThread] INFO  pipeline.RatisPipelineProvider (RatisPipelineProvider.java:lambda$create$0(138)) - Sending CreatePipelineCommand for pipeline:PipelineID=f57aecd8-1f9d-44ed-aa79-4bbf9e627a29 to datanode:f9d6d60b-ab5b-4a08-a0ef-ccb2f7c778b8
2020-05-07 00:41:16,875 [RatisPipelineUtilsThread] INFO  pipeline.PipelineStateManager (PipelineStateManager.java:addPipeline(54)) - Created pipeline Pipeline[ Id: f57aecd8-1f9d-44ed-aa79-4bbf9e627a29, Nodes: f9d6d60b-ab5b-4a08-a0ef-ccb2f7c778b8{ip: 172.17.0.2, host: 7fe1756622b5, networkLocation: /default-rack, certSerialId: null}, Type:RATIS, Factor:ONE, State:ALLOCATED, leaderId:null, CreationTimestamp2020-05-07T00:41:16.874Z]
2020-05-07 00:41:16,876 [RatisPipelineUtilsThread] ERROR pipeline.SCMPipelineManager (SCMPipelineManager.java:createPipeline(222)) - Failed to create pipeline of type RATIS and factor ONE. Exception: Cannot create pipeline of factor 1 using 0 nodes. Used 8 nodes. Healthy nodes 8
2020-05-07 00:41:16,876 [RatisPipelineUtilsThread] ERROR pipeline.SCMPipelineManager (SCMPipelineManager.java:createPipeline(222)) - Failed to create pipeline of type RATIS and factor THREE. Exception: Pipeline creation failed because nodes are engaged in other pipelines and every node can only be engaged in max 2 pipelines. Required 3. Found 2
2020-05-07 00:41:16,967 [IPC Server handler 6 on 37495] INFO  net.NetworkTopology (NetworkTopologyImpl.java:add(111)) - Added a new node: /default-rack/7dd03a18-1435-4be1-bd80-9d608de327dc
2020-05-07 00:41:16,968 [IPC Server handler 6 on 37495] INFO  node.SCMNodeManager (SCMNodeManager.java:register(268)) - Registered Data node : 7dd03a18-1435-4be1-bd80-9d608de327dc{ip: 172.17.0.2, host: 7fe1756622b5, networkLocation: /default-rack, certSerialId: null}
2020-05-07 00:41:16,968 [EventQueue-NodeRegistrationContainerReportForContainerSafeModeRule] INFO  safemode.SCMSafeModeManager (SCMSafeModeManager.java:validateSafeModeExitRules(213)) - ContainerSafeModeRule rule is successfully validated
2020-05-07 00:41:16,968 [EventQueue-NodeRegistrationContainerReportForDataNodeSafeModeRule] INFO  safemode.SCMSafeModeManager (SCMSafeModeManager.java:validateSafeModeExitRules(213)) - DataNodeSafeModeRule rule is successfully validated
2020-05-07 00:41:16,968 [RatisPipelineUtilsThread] INFO  pipeline.RatisPipelineProvider (RatisPipelineProvider.java:lambda$create$0(138)) - Sending CreatePipelineCommand for pipeline:PipelineID=8534c0db-d580-4407-8d7f-c5ea4d8ce5c1 to datanode:7dd03a18-1435-4be1-bd80-9d608de327dc
2020-05-07 00:41:16,969 [RatisPipelineUtilsThread] INFO  pipeline.PipelineStateManager (PipelineStateManager.java:addPipeline(54)) - Created pipeline Pipeline[ Id: 8534c0db-d580-4407-8d7f-c5ea4d8ce5c1, Nodes: 7dd03a18-1435-4be1-bd80-9d608de327dc{ip: 172.17.0.2, host: 7fe1756622b5, networkLocation: /default-rack, certSerialId: null}, Type:RATIS, Factor:ONE, State:ALLOCATED, leaderId:null, CreationTimestamp2020-05-07T00:41:16.968Z]
2020-05-07 00:41:16,969 [RatisPipelineUtilsThread] ERROR pipeline.SCMPipelineManager (SCMPipelineManager.java:createPipeline(222)) - Failed to create pipeline of type RATIS and factor ONE. Exception: Cannot create pipeline of factor 1 using 0 nodes. Used 9 nodes. Healthy nodes 9
2020-05-07 00:41:16,970 [RatisPipelineUtilsThread] INFO  pipeline.RatisPipelineProvider (RatisPipelineProvider.java:lambda$create$0(138)) - Sending CreatePipelineCommand for pipeline:PipelineID=7e6b2f52-e632-4b19-9839-d89445e6143f to datanode:ef585da5-85b4-4e5c-8dc1-37cc22327528
2020-05-07 00:41:16,971 [RatisPipelineUtilsThread] INFO  pipeline.RatisPipelineProvider (RatisPipelineProvider.java:lambda$create$0(138)) - Sending CreatePipelineCommand for pipeline:PipelineID=7e6b2f52-e632-4b19-9839-d89445e6143f to datanode:7dd03a18-1435-4be1-bd80-9d608de327dc
2020-05-07 00:41:16,971 [RatisPipelineUtilsThread] INFO  pipeline.RatisPipelineProvider (RatisPipelineProvider.java:lambda$create$0(138)) - Sending CreatePipelineCommand for pipeline:PipelineID=7e6b2f52-e632-4b19-9839-d89445e6143f to datanode:f9d6d60b-ab5b-4a08-a0ef-ccb2f7c778b8
2020-05-07 00:41:16,972 [RatisPipelineUtilsThread] INFO  pipeline.PipelineStateManager (PipelineStateManager.java:addPipeline(54)) - Created pipeline Pipeline[ Id: 7e6b2f52-e632-4b19-9839-d89445e6143f, Nodes: ef585da5-85b4-4e5c-8dc1-37cc22327528{ip: 172.17.0.2, host: 7fe1756622b5, networkLocation: /default-rack, certSerialId: null}7dd03a18-1435-4be1-bd80-9d608de327dc{ip: 172.17.0.2, host: 7fe1756622b5, networkLocation: /default-rack, certSerialId: null}f9d6d60b-ab5b-4a08-a0ef-ccb2f7c778b8{ip: 172.17.0.2, host: 7fe1756622b5, networkLocation: /default-rack, certSerialId: null}, Type:RATIS, Factor:THREE, State:ALLOCATED, leaderId:null, CreationTimestamp2020-05-07T00:41:16.970Z]
2020-05-07 00:41:16,972 [RatisPipelineUtilsThread] ERROR pipeline.SCMPipelineManager (SCMPipelineManager.java:createPipeline(222)) - Failed to create pipeline of type RATIS and factor THREE. Exception: Pipeline creation failed because nodes are engaged in other pipelines and every node can only be engaged in max 2 pipelines. Required 3. Found 0
2020-05-07 00:41:17,039 [main] INFO  ozone.MiniOzoneClusterImpl (MiniOzoneClusterImpl.java:lambda$waitForClusterToBeReady$0(177)) - Waiting for nodes to be ready. Got 9 of 10 DN Heartbeats.
2020-05-07 00:41:17,040 [main] INFO  ozone.MiniOzoneClusterImpl (MiniOzoneClusterImpl.java:lambda$waitForClusterToBeReady$0(180)) - Waiting for cluster to exit safe mode
2020-05-07 00:41:17,046 [IPC Server handler 10 on 37495] INFO  net.NetworkTopology (NetworkTopologyImpl.java:add(111)) - Added a new node: /default-rack/0f2866d9-7d54-459e-ac3c-e4a322a6b4d0
2020-05-07 00:41:17,046 [IPC Server handler 10 on 37495] INFO  node.SCMNodeManager (SCMNodeManager.java:register(268)) - Registered Data node : 0f2866d9-7d54-459e-ac3c-e4a322a6b4d0{ip: 172.17.0.2, host: 7fe1756622b5, networkLocation: /default-rack, certSerialId: null}
2020-05-07 00:41:17,047 [EventQueue-NodeRegistrationContainerReportForContainerSafeModeRule] INFO  safemode.SCMSafeModeManager (SCMSafeModeManager.java:validateSafeModeExitRules(213)) - ContainerSafeModeRule rule is successfully validated
2020-05-07 00:41:17,047 [EventQueue-NodeRegistrationContainerReportForDataNodeSafeModeRule] INFO  safemode.SCMSafeModeManager (SCMSafeModeManager.java:validateSafeModeExitRules(213)) - DataNodeSafeModeRule rule is successfully validated
2020-05-07 00:41:17,048 [RatisPipelineUtilsThread] INFO  pipeline.RatisPipelineProvider (RatisPipelineProvider.java:lambda$create$0(138)) - Sending CreatePipelineCommand for pipeline:PipelineID=086742ad-7ea3-4fdd-80d0-a6c9fede2310 to datanode:0f2866d9-7d54-459e-ac3c-e4a322a6b4d0
2020-05-07 00:41:17,049 [RatisPipelineUtilsThread] INFO  pipeline.PipelineStateManager (PipelineStateManager.java:addPipeline(54)) - Created pipeline Pipeline[ Id: 086742ad-7ea3-4fdd-80d0-a6c9fede2310, Nodes: 0f2866d9-7d54-459e-ac3c-e4a322a6b4d0{ip: 172.17.0.2, host: 7fe1756622b5, networkLocation: /default-rack, certSerialId: null}, Type:RATIS, Factor:ONE, State:ALLOCATED, leaderId:null, CreationTimestamp2020-05-07T00:41:17.048Z]
2020-05-07 00:41:17,049 [RatisPipelineUtilsThread] ERROR pipeline.SCMPipelineManager (SCMPipelineManager.java:createPipeline(222)) - Failed to create pipeline of type RATIS and factor ONE. Exception: Cannot create pipeline of factor 1 using 0 nodes. Used 10 nodes. Healthy nodes 10
2020-05-07 00:41:17,050 [RatisPipelineUtilsThread] ERROR pipeline.SCMPipelineManager (SCMPipelineManager.java:createPipeline(222)) - Failed to create pipeline of type RATIS and factor THREE. Exception: Pipeline creation failed because nodes are engaged in other pipelines and every node can only be engaged in max 2 pipelines. Required 3. Found 1
2020-05-07 00:41:18,040 [main] INFO  ozone.MiniOzoneClusterImpl (MiniOzoneClusterImpl.java:lambda$waitForClusterToBeReady$0(177)) - Nodes are ready. Got 10 of 10 DN Heartbeats.
2020-05-07 00:41:18,041 [main] INFO  ozone.MiniOzoneClusterImpl (MiniOzoneClusterImpl.java:lambda$waitForClusterToBeReady$0(180)) - Waiting for cluster to exit safe mode
2020-05-07 00:41:19,006 [Command processor thread] INFO  impl.RaftServerProxy (RaftServerProxy.java:addNew(89)) - 5d0655f0-c25b-473a-a070-0d978632f858: addNew group-22829CB85092:[5d0655f0-c25b-473a-a070-0d978632f858:172.17.0.2:33731] returns group-22829CB85092:java.util.concurrent.CompletableFuture@12b51aee[Not completed]
2020-05-07 00:41:19,031 [pool-35-thread-1] INFO  impl.RaftServerImpl (RaftServerImpl.java:<init>(98)) - 5d0655f0-c25b-473a-a070-0d978632f858: new RaftServerImpl for group-22829CB85092:[5d0655f0-c25b-473a-a070-0d978632f858:172.17.0.2:33731] with ContainerStateMachine:uninitialized
2020-05-07 00:41:19,033 [pool-35-thread-1] INFO  server.RaftServerConfigKeys (ConfUtils.java:logGet(44)) - raft.server.rpc.timeout.min = 5s (custom)
2020-05-07 00:41:19,034 [pool-35-thread-1] INFO  server.RaftServerConfigKeys (ConfUtils.java:logGet(44)) - raft.server.rpc.timeout.max = 5200ms (custom)
2020-05-07 00:41:19,034 [pool-35-thread-1] INFO  server.RaftServerConfigKeys (ConfUtils.java:logGet(44)) - raft.server.rpcslowness.timeout = 300s (custom)
2020-05-07 00:41:19,035 [pool-35-thread-1] INFO  server.RaftServerConfigKeys (ConfUtils.java:logGet(44)) - raft.server.sleep.deviation.threshold = 300 (default)
2020-05-07 00:41:19,036 [pool-35-thread-1] INFO  server.RaftServerConfigKeys (ConfUtils.java:logGet(44)) - raft.server.log.appender.install.snapshot.enabled = false (custom)
2020-05-07 00:41:19,041 [main] INFO  ozone.MiniOzoneClusterImpl (MiniOzoneClusterImpl.java:lambda$waitForClusterToBeReady$0(177)) - Nodes are ready. Got 10 of 10 DN Heartbeats.
2020-05-07 00:41:19,041 [main] INFO  ozone.MiniOzoneClusterImpl (MiniOzoneClusterImpl.java:lambda$waitForClusterToBeReady$0(180)) - Waiting for cluster to exit safe mode
2020-05-07 00:41:19,056 [pool-35-thread-1] INFO  impl.RaftServerImpl (ServerState.java:<init>(103)) - 5d0655f0-c25b-473a-a070-0d978632f858@group-22829CB85092: ConfigurationManager, init=-1: [5d0655f0-c25b-473a-a070-0d978632f858:172.17.0.2:33731], old=null, confs=<EMPTY_MAP>
2020-05-07 00:41:19,056 [pool-35-thread-1] INFO  server.RaftServerConfigKeys (ConfUtils.java:logGet(44)) - raft.server.storage.dir = [/github/workspace/mnt/ozone/hadoop-ozone/integration-test/target/test-dir/MiniOzoneClusterImpl-4309656b-5406-4bc5-8c34-9a373aba7a4c/datanode-0/data/ratis] (custom)
2020-05-07 00:41:19,061 [pool-35-thread-1] INFO  server.RaftServerConfigKeys (ConfUtils.java:logGet(44)) - raft.server.log.corruption.policy = EXCEPTION (default)
2020-05-07 00:41:19,063 [pool-35-thread-1] INFO  storage.RaftStorageDirectory (RaftStorageDirectory.java:analyzeStorage(261)) - The storage directory /github/workspace/mnt/ozone/hadoop-ozone/integration-test/target/test-dir/MiniOzoneClusterImpl-4309656b-5406-4bc5-8c34-9a373aba7a4c/datanode-0/data/ratis/78cf6ed9-a17a-400a-a180-22829cb85092 does not exist. Creating ...
2020-05-07 00:41:19,069 [pool-35-thread-1] INFO  storage.RaftStorageDirectory (RaftStorageDirectory.java:tryLock(343)) - Lock on /github/workspace/mnt/ozone/hadoop-ozone/integration-test/target/test-dir/MiniOzoneClusterImpl-4309656b-5406-4bc5-8c34-9a373aba7a4c/datanode-0/data/ratis/78cf6ed9-a17a-400a-a180-22829cb85092/in_use.lock acquired by nodename 2553@7fe1756622b5
2020-05-07 00:41:19,072 [pool-35-thread-1] INFO  storage.RaftStorage (RaftStorage.java:format(84)) - Storage directory /github/workspace/mnt/ozone/hadoop-ozone/integration-test/target/test-dir/MiniOzoneClusterImpl-4309656b-5406-4bc5-8c34-9a373aba7a4c/datanode-0/data/ratis/78cf6ed9-a17a-400a-a180-22829cb85092 has been successfully formatted.
2020-05-07 00:41:19,086 [pool-35-thread-1] INFO  ratis.ContainerStateMachine (ContainerStateMachine.java:loadSnapshot(226)) - group-22829CB85092: The snapshot info is null. Setting the last applied indexto:(t:0, i:~)
2020-05-07 00:41:19,088 [pool-35-thread-1] INFO  server.RaftServerConfigKeys (ConfUtils.java:logGet(44)) - raft.server.notification.no-leader.timeout = 60s (default)
2020-05-07 00:41:19,093 [pool-35-thread-1] INFO  server.RaftServerConfigKeys (ConfUtils.java:logGet(44)) - raft.server.log.use.memory = false (default)
2020-05-07 00:41:19,098 [EventQueue-PipelineReportForPipelineReportHandler] INFO  pipeline.PipelineStateManager (PipelineStateManager.java:openPipeline(131)) - Pipeline Pipeline[ Id: 78cf6ed9-a17a-400a-a180-22829cb85092, Nodes: 5d0655f0-c25b-473a-a070-0d978632f858{ip: 172.17.0.2, host: 7fe1756622b5, networkLocation: /default-rack, certSerialId: null}, Type:RATIS, Factor:ONE, State:ALLOCATED, leaderId:5d0655f0-c25b-473a-a070-0d978632f858, CreationTimestamp2020-05-07T00:41:16.026Z] moved to OPEN state
2020-05-07 00:41:19,103 [pool-35-thread-1] INFO  server.RaftServerConfigKeys (ConfUtils.java:logGet(44)) - raft.server.log.purge.gap = 1000000 (custom)
2020-05-07 00:41:19,103 [pool-35-thread-1] INFO  server.RaftServerConfigKeys (ConfUtils.java:logGet(44)) - raft.server.log.appender.buffer.byte-limit = 33554432 (custom)
2020-05-07 00:41:19,105 [EventQueue-OpenPipelineForOneReplicaPipelineSafeModeRule] INFO  safemode.SCMSafeModeManager (SCMSafeModeManager.java:validateSafeModeExitRules(213)) - AtleastOneDatanodeReportedRule rule is successfully validated
2020-05-07 00:41:19,106 [pool-35-thread-1] INFO  server.RaftServerConfigKeys (ConfUtils.java:logGet(44)) - raft.server.log.segment.size.max = 1048576 (custom)
2020-05-07 00:41:19,111 [EventQueue-OpenPipelineForHealthyPipelineSafeModeRule] INFO  safemode.SCMSafeModeManager (HealthyPipelineSafeModeRule.java:process(132)) - SCM in safe mode. Healthy pipelines reported count is 0, required healthy pipeline reported count is 1
2020-05-07 00:41:19,115 [pool-35-thread-1] INFO  metrics.RatisMetrics (RatisMetrics.java:lambda$create$0(39)) - Creating Metrics Registry : ratis.log_worker.5d0655f0-c25b-473a-a070-0d978632f858
2020-05-07 00:41:19,134 [pool-35-thread-1] INFO  server.RaftServerConfigKeys (ConfUtils.java:logGet(44)) - raft.server.log.segment.cache.num.max = 2 (custom)
2020-05-07 00:41:19,142 [pool-35-thread-1] INFO  segmented.SegmentedRaftLogWorker (SegmentedRaftLogWorker.java:<init>(176)) - new 5d0655f0-c25b-473a-a070-0d978632f858@group-22829CB85092-SegmentedRaftLogWorker for RaftStorage:Storage Directory /github/workspace/mnt/ozone/hadoop-ozone/integration-test/target/test-dir/MiniOzoneClusterImpl-4309656b-5406-4bc5-8c34-9a373aba7a4c/datanode-0/data/ratis/78cf6ed9-a17a-400a-a180-22829cb85092
2020-05-07 00:41:19,143 [pool-35-thread-1] INFO  server.RaftServerConfigKeys (ConfUtils.java:logGet(44)) - raft.server.log.queue.byte-limit = 2147483647 (custom)
2020-05-07 00:41:19,143 [pool-35-thread-1] INFO  server.RaftServerConfigKeys (ConfUtils.java:logGet(44)) - raft.server.log.queue.element-limit = 1024 (custom)
2020-05-07 00:41:19,144 [pool-35-thread-1] INFO  server.RaftServerConfigKeys (ConfUtils.java:logGet(44)) - raft.server.log.segment.size.max = 1048576 (custom)
2020-05-07 00:41:19,145 [pool-35-thread-1] INFO  server.RaftServerConfigKeys (ConfUtils.java:logGet(44)) - raft.server.log.preallocated.size = 16384 (custom)
2020-05-07 00:41:19,145 [pool-35-thread-1] INFO  server.RaftServerConfigKeys (ConfUtils.java:logGet(44)) - raft.server.log.write.buffer.size = 1048576 (custom)
2020-05-07 00:41:19,146 [pool-35-thread-1] INFO  server.RaftServerConfigKeys (ConfUtils.java:logGet(44)) - raft.server.log.force.sync.num = 128 (default)
2020-05-07 00:41:19,147 [pool-35-thread-1] INFO  server.RaftServerConfigKeys (ConfUtils.java:logGet(44)) - raft.server.log.statemachine.data.sync = true (default)
2020-05-07 00:41:19,147 [pool-35-thread-1] INFO  server.RaftServerConfigKeys (ConfUtils.java:logGet(44)) - raft.server.log.statemachine.data.sync.timeout = 10s (default)
2020-05-07 00:41:19,148 [pool-35-thread-1] INFO  server.RaftServerConfigKeys (ConfUtils.java:logGet(44)) - raft.server.log.statemachine.data.sync.timeout.retry = -1 (default)
2020-05-07 00:41:19,152 [Command processor thread] INFO  impl.RaftServerProxy (RaftServerProxy.java:addNew(89)) - 43880261-676d-47ef-b311-3d20c3a92ec2: addNew group-E7FD9EEDCCCF:[43880261-676d-47ef-b311-3d20c3a92ec2:172.17.0.2:40753] returns group-E7FD9EEDCCCF:java.util.concurrent.CompletableFuture@1c13651[Not completed]
2020-05-07 00:41:19,162 [pool-51-thread-1] INFO  impl.RaftServerImpl (RaftServerImpl.java:<init>(98)) - 43880261-676d-47ef-b311-3d20c3a92ec2: new RaftServerImpl for group-E7FD9EEDCCCF:[43880261-676d-47ef-b311-3d20c3a92ec2:172.17.0.2:40753] with ContainerStateMachine:uninitialized
2020-05-07 00:41:19,163 [pool-51-thread-1] INFO  server.RaftServerConfigKeys (ConfUtils.java:logGet(44)) - raft.server.rpc.timeout.min = 5s (custom)
2020-05-07 00:41:19,163 [pool-51-thread-1] INFO  server.RaftServerConfigKeys (ConfUtils.java:logGet(44)) - raft.server.rpc.timeout.max = 5200ms (custom)
2020-05-07 00:41:19,163 [pool-51-thread-1] INFO  server.RaftServerConfigKeys (ConfUtils.java:logGet(44)) - raft.server.rpcslowness.timeout = 300s (custom)
2020-05-07 00:41:19,163 [pool-51-thread-1] INFO  server.RaftServerConfigKeys (ConfUtils.java:logGet(44)) - raft.server.sleep.deviation.threshold = 300 (default)
2020-05-07 00:41:19,163 [pool-51-thread-1] INFO  server.RaftServerConfigKeys (ConfUtils.java:logGet(44)) - raft.server.log.appender.install.snapshot.enabled = false (custom)
2020-05-07 00:41:19,163 [pool-51-thread-1] INFO  impl.RaftServerImpl (ServerState.java:<init>(103)) - 43880261-676d-47ef-b311-3d20c3a92ec2@group-E7FD9EEDCCCF: ConfigurationManager, init=-1: [43880261-676d-47ef-b311-3d20c3a92ec2:172.17.0.2:40753], old=null, confs=<EMPTY_MAP>
2020-05-07 00:41:19,164 [pool-51-thread-1] INFO  server.RaftServerConfigKeys (ConfUtils.java:logGet(44)) - raft.server.storage.dir = [/github/workspace/mnt/ozone/hadoop-ozone/integration-test/target/test-dir/MiniOzoneClusterImpl-4309656b-5406-4bc5-8c34-9a373aba7a4c/datanode-1/data/ratis] (custom)
2020-05-07 00:41:19,165 [pool-51-thread-1] INFO  server.RaftServerConfigKeys (ConfUtils.java:logGet(44)) - raft.server.log.corruption.policy = EXCEPTION (default)
2020-05-07 00:41:19,165 [pool-51-thread-1] INFO  storage.RaftStorageDirectory (RaftStorageDirectory.java:analyzeStorage(261)) - The storage directory /github/workspace/mnt/ozone/hadoop-ozone/integration-test/target/test-dir/MiniOzoneClusterImpl-4309656b-5406-4bc5-8c34-9a373aba7a4c/datanode-1/data/ratis/2ea9165f-7964-4dcf-90b9-e7fd9eedcccf does not exist. Creating ...
2020-05-07 00:41:19,167 [pool-51-thread-1] INFO  storage.RaftStorageDirectory (RaftStorageDirectory.java:tryLock(343)) - Lock on /github/workspace/mnt/ozone/hadoop-ozone/integration-test/target/test-dir/MiniOzoneClusterImpl-4309656b-5406-4bc5-8c34-9a373aba7a4c/datanode-1/data/ratis/2ea9165f-7964-4dcf-90b9-e7fd9eedcccf/in_use.lock acquired by nodename 2553@7fe1756622b5
2020-05-07 00:41:19,168 [pool-51-thread-1] INFO  storage.RaftStorage (RaftStorage.java:format(84)) - Storage directory /github/workspace/mnt/ozone/hadoop-ozone/integration-test/target/test-dir/MiniOzoneClusterImpl-4309656b-5406-4bc5-8c34-9a373aba7a4c/datanode-1/data/ratis/2ea9165f-7964-4dcf-90b9-e7fd9eedcccf has been successfully formatted.
2020-05-07 00:41:19,173 [EventQueue-PipelineReportForPipelineReportHandler] INFO  pipeline.PipelineStateManager (PipelineStateManager.java:openPipeline(131)) - Pipeline Pipeline[ Id: 2ea9165f-7964-4dcf-90b9-e7fd9eedcccf, Nodes: 43880261-676d-47ef-b311-3d20c3a92ec2{ip: 172.17.0.2, host: 7fe1756622b5, networkLocation: /default-rack, certSerialId: null}, Type:RATIS, Factor:ONE, State:ALLOCATED, leaderId:43880261-676d-47ef-b311-3d20c3a92ec2, CreationTimestamp2020-05-07T00:41:16.157Z] moved to OPEN state
2020-05-07 00:41:19,169 [pool-51-thread-1] INFO  ratis.ContainerStateMachine (ContainerStateMachine.java:loadSnapshot(226)) - group-E7FD9EEDCCCF: The snapshot info is null. Setting the last applied indexto:(t:0, i:~)
2020-05-07 00:41:19,175 [EventQueue-OpenPipelineForOneReplicaPipelineSafeModeRule] INFO  safemode.SCMSafeModeManager (SCMSafeModeManager.java:validateSafeModeExitRules(213)) - AtleastOneDatanodeReportedRule rule is successfully validated
2020-05-07 00:41:19,175 [EventQueue-OpenPipelineForHealthyPipelineSafeModeRule] INFO  safemode.SCMSafeModeManager (HealthyPipelineSafeModeRule.java:process(132)) - SCM in safe mode. Healthy pipelines reported count is 0, required healthy pipeline reported count is 1
2020-05-07 00:41:19,175 [pool-51-thread-1] INFO  server.RaftServerConfigKeys (ConfUtils.java:logGet(44)) - raft.server.notification.no-leader.timeout = 60s (default)
2020-05-07 00:41:19,175 [pool-51-thread-1] INFO  server.RaftServerConfigKeys (ConfUtils.java:logGet(44)) - raft.server.log.use.memory = false (default)
2020-05-07 00:41:19,175 [pool-51-thread-1] INFO  server.RaftServerConfigKeys (ConfUtils.java:logGet(44)) - raft.server.log.purge.gap = 1000000 (custom)
2020-05-07 00:41:19,176 [pool-51-thread-1] INFO  server.RaftServerConfigKeys (ConfUtils.java:logGet(44)) - raft.server.log.appender.buffer.byte-limit = 33554432 (custom)
2020-05-07 00:41:19,176 [pool-51-thread-1] INFO  server.RaftServerConfigKeys (ConfUtils.java:logGet(44)) - raft.server.log.segment.size.max = 1048576 (custom)
2020-05-07 00:41:19,176 [pool-51-thread-1] INFO  metrics.RatisMetrics (RatisMetrics.java:lambda$create$0(39)) - Creating Metrics Registry : ratis.log_worker.43880261-676d-47ef-b311-3d20c3a92ec2
2020-05-07 00:41:19,183 [pool-35-thread-1] INFO  server.RaftServerConfigKeys (ConfUtils.java:logGet(44)) - raft.server.log.statemachine.data.caching.enabled = true (custom)
2020-05-07 00:41:19,184 [pool-51-thread-1] INFO  server.RaftServerConfigKeys (ConfUtils.java:logGet(44)) - raft.server.log.segment.cache.num.max = 2 (custom)
2020-05-07 00:41:19,184 [pool-51-thread-1] INFO  segmented.SegmentedRaftLogWorker (SegmentedRaftLogWorker.java:<init>(176)) - new 43880261-676d-47ef-b311-3d20c3a92ec2@group-E7FD9EEDCCCF-SegmentedRaftLogWorker for RaftStorage:Storage Directory /github/workspace/mnt/ozone/hadoop-ozone/integration-test/target/test-dir/MiniOzoneClusterImpl-4309656b-5406-4bc5-8c34-9a373aba7a4c/datanode-1/data/ratis/2ea9165f-7964-4dcf-90b9-e7fd9eedcccf
2020-05-07 00:41:19,185 [pool-51-thread-1] INFO  server.RaftServerConfigKeys (ConfUtils.java:logGet(44)) - raft.server.log.queue.byte-limit = 2147483647 (custom)
2020-05-07 00:41:19,185 [pool-51-thread-1] INFO  server.RaftServerConfigKeys (ConfUtils.java:logGet(44)) - raft.server.log.queue.element-limit = 1024 (custom)
2020-05-07 00:41:19,185 [pool-51-thread-1] INFO  server.RaftServerConfigKeys (ConfUtils.java:logGet(44)) - raft.server.log.segment.size.max = 1048576 (custom)
2020-05-07 00:41:19,185 [pool-51-thread-1] INFO  server.RaftServerConfigKeys (ConfUtils.java:logGet(44)) - raft.server.log.preallocated.size = 16384 (custom)
2020-05-07 00:41:19,185 [pool-51-thread-1] INFO  server.RaftServerConfigKeys (ConfUtils.java:logGet(44)) - raft.server.log.write.buffer.size = 1048576 (custom)
2020-05-07 00:41:19,185 [pool-51-thread-1] INFO  server.RaftServerConfigKeys (ConfUtils.java:logGet(44)) - raft.server.log.force.sync.num = 128 (default)
2020-05-07 00:41:19,185 [pool-51-thread-1] INFO  server.RaftServerConfigKeys (ConfUtils.java:logGet(44)) - raft.server.log.statemachine.data.sync = true (default)
2020-05-07 00:41:19,185 [pool-51-thread-1] INFO  server.RaftServerConfigKeys (ConfUtils.java:logGet(44)) - raft.server.log.statemachine.data.sync.timeout = 10s (default)
2020-05-07 00:41:19,186 [pool-51-thread-1] INFO  server.RaftServerConfigKeys (ConfUtils.java:logGet(44)) - raft.server.log.statemachine.data.sync.timeout.retry = -1 (default)
2020-05-07 00:41:19,193 [pool-51-thread-1] INFO  server.RaftServerConfigKeys (ConfUtils.java:logGet(44)) - raft.server.log.statemachine.data.caching.enabled = true (custom)
2020-05-07 00:41:19,195 [pool-51-thread-1] INFO  segmented.SegmentedRaftLogWorker (SegmentedRaftLogWorker.java:lambda$new$0(129)) - 43880261-676d-47ef-b311-3d20c3a92ec2@group-E7FD9EEDCCCF-SegmentedRaftLogWorker: flushIndex: setUnconditionally 0 -> -1
2020-05-07 00:41:19,209 [pool-35-thread-1] INFO  segmented.SegmentedRaftLogWorker (SegmentedRaftLogWorker.java:lambda$new$0(129)) - 5d0655f0-c25b-473a-a070-0d978632f858@group-22829CB85092-SegmentedRaftLogWorker: flushIndex: setUnconditionally 0 -> -1
2020-05-07 00:41:19,216 [pool-51-thread-1] INFO  server.RaftServerConfigKeys (ConfUtils.java:logGet(44)) - raft.server.snapshot.auto.trigger.enabled = true (custom)
2020-05-07 00:41:19,217 [pool-35-thread-1] INFO  server.RaftServerConfigKeys (ConfUtils.java:logGet(44)) - raft.server.snapshot.auto.trigger.enabled = true (custom)
2020-05-07 00:41:19,217 [pool-35-thread-1] INFO  server.RaftServerConfigKeys (ConfUtils.java:logGet(44)) - raft.server.snapshot.auto.trigger.threshold = 10000 (custom)
2020-05-07 00:41:19,218 [pool-35-thread-1] INFO  server.RaftServerConfigKeys (ConfUtils.java:logGet(44)) - raft.server.snapshot.retention.file.num = 5 (custom)
2020-05-07 00:41:19,218 [pool-35-thread-1] INFO  server.RaftServerConfigKeys (ConfUtils.java:logGet(44)) - raft.server.log.purge.upto.snapshot.index = false (default)
2020-05-07 00:41:19,219 [pool-35-thread-1] INFO  server.RaftServerConfigKeys (ConfUtils.java:logGet(44)) - raft.server.retrycache.expirytime = 600000ms (custom)
2020-05-07 00:41:19,224 [pool-51-thread-1] INFO  server.RaftServerConfigKeys (ConfUtils.java:logGet(44)) - raft.server.snapshot.auto.trigger.threshold = 10000 (custom)
2020-05-07 00:41:19,224 [pool-51-thread-1] INFO  server.RaftServerConfigKeys (ConfUtils.java:logGet(44)) - raft.server.snapshot.retention.file.num = 5 (custom)
2020-05-07 00:41:19,224 [pool-51-thread-1] INFO  server.RaftServerConfigKeys (ConfUtils.java:logGet(44)) - raft.server.log.purge.upto.snapshot.index = false (default)
2020-05-07 00:41:19,225 [pool-51-thread-1] INFO  server.RaftServerConfigKeys (ConfUtils.java:logGet(44)) - raft.server.retrycache.expirytime = 600000ms (custom)
2020-05-07 00:41:19,252 [pool-35-thread-1] INFO  metrics.RatisMetrics (RatisMetrics.java:lambda$create$0(39)) - Creating Metrics Registry : ratis.leader_election.5d0655f0-c25b-473a-a070-0d978632f858@group-22829CB85092
2020-05-07 00:41:19,252 [pool-51-thread-1] INFO  metrics.RatisMetrics (RatisMetrics.java:lambda$create$0(39)) - Creating Metrics Registry : ratis.leader_election.43880261-676d-47ef-b311-3d20c3a92ec2@group-E7FD9EEDCCCF
2020-05-07 00:41:19,264 [pool-51-thread-1] INFO  metrics.RatisMetrics (RatisMetrics.java:lambda$create$0(39)) - Creating Metrics Registry : ratis.server.43880261-676d-47ef-b311-3d20c3a92ec2@group-E7FD9EEDCCCF
2020-05-07 00:41:19,266 [pool-35-thread-1] INFO  metrics.RatisMetrics (RatisMetrics.java:lambda$create$0(39)) - Creating Metrics Registry : ratis.server.5d0655f0-c25b-473a-a070-0d978632f858@group-22829CB85092
2020-05-07 00:41:19,271 [pool-51-thread-1] INFO  impl.RaftServerImpl (RaftServerImpl.java:start(184)) - 43880261-676d-47ef-b311-3d20c3a92ec2@group-E7FD9EEDCCCF: start as a follower, conf=-1: [43880261-676d-47ef-b311-3d20c3a92ec2:172.17.0.2:40753], old=null
2020-05-07 00:41:19,272 [pool-51-thread-1] INFO  impl.RaftServerImpl (RaftServerImpl.java:setRole(173)) - 43880261-676d-47ef-b311-3d20c3a92ec2@group-E7FD9EEDCCCF: changes role from      null to FOLLOWER at term 0 for startAsFollower
2020-05-07 00:41:19,275 [pool-51-thread-1] INFO  impl.RoleInfo (RoleInfo.java:updateAndGet(143)) - 43880261-676d-47ef-b311-3d20c3a92ec2: start FollowerState
2020-05-07 00:41:19,273 [pool-35-thread-1] INFO  impl.RaftServerImpl (RaftServerImpl.java:start(184)) - 5d0655f0-c25b-473a-a070-0d978632f858@group-22829CB85092: start as a follower, conf=-1: [5d0655f0-c25b-473a-a070-0d978632f858:172.17.0.2:33731], old=null
2020-05-07 00:41:19,275 [pool-35-thread-1] INFO  impl.RaftServerImpl (RaftServerImpl.java:setRole(173)) - 5d0655f0-c25b-473a-a070-0d978632f858@group-22829CB85092: changes role from      null to FOLLOWER at term 0 for startAsFollower
2020-05-07 00:41:19,275 [pool-35-thread-1] INFO  impl.RoleInfo (RoleInfo.java:updateAndGet(143)) - 5d0655f0-c25b-473a-a070-0d978632f858: start FollowerState
2020-05-07 00:41:19,292 [pool-51-thread-1] INFO  util.JmxRegister (JmxRegister.java:tryRegister(44)) - Successfully registered JMX Bean with object name Ratis:service=RaftServer,group=group-E7FD9EEDCCCF,id=43880261-676d-47ef-b311-3d20c3a92ec2
2020-05-07 00:41:19,294 [pool-51-thread-1] INFO  metrics.RatisMetrics (RatisMetrics.java:lambda$create$0(39)) - Creating Metrics Registry : ratis.state_machine.43880261-676d-47ef-b311-3d20c3a92ec2@group-E7FD9EEDCCCF
2020-05-07 00:41:19,292 [pool-35-thread-1] INFO  util.JmxRegister (JmxRegister.java:tryRegister(44)) - Successfully registered JMX Bean with object name Ratis:service=RaftServer,group=group-22829CB85092,id=5d0655f0-c25b-473a-a070-0d978632f858
2020-05-07 00:41:19,298 [pool-35-thread-1] INFO  metrics.RatisMetrics (RatisMetrics.java:lambda$create$0(39)) - Creating Metrics Registry : ratis.state_machine.5d0655f0-c25b-473a-a070-0d978632f858@group-22829CB85092
2020-05-07 00:41:19,316 [Command processor thread] INFO  impl.RaftServerProxy (RaftServerProxy.java:addNew(89)) - bc4a541c-f62e-41d6-b4a1-614c81b276a8: addNew group-ABAD5AFB1CEF:[bc4a541c-f62e-41d6-b4a1-614c81b276a8:172.17.0.2:44661] returns group-ABAD5AFB1CEF:java.util.concurrent.CompletableFuture@b68958d[Not completed]
2020-05-07 00:41:19,331 [Command processor thread] INFO  commandhandler.CreatePipelineCommandHandler (CreatePipelineCommandHandler.java:handle(109)) - Created Pipeline RATIS ONE #id: "78cf6ed9-a17a-400a-a180-22829cb85092"
.
2020-05-07 00:41:19,331 [Command processor thread] INFO  impl.RaftServerProxy (RaftServerProxy.java:addNew(89)) - 5d0655f0-c25b-473a-a070-0d978632f858: addNew group-A95AED492FE6:[5d0655f0-c25b-473a-a070-0d978632f858:172.17.0.2:33731, bc4a541c-f62e-41d6-b4a1-614c81b276a8:172.17.0.2:44661, 43880261-676d-47ef-b311-3d20c3a92ec2:172.17.0.2:40753] returns group-A95AED492FE6:java.util.concurrent.CompletableFuture@23db1945[Not completed]
2020-05-07 00:41:19,332 [Command processor thread] INFO  commandhandler.CreatePipelineCommandHandler (CreatePipelineCommandHandler.java:handle(109)) - Created Pipeline RATIS ONE #id: "2ea9165f-7964-4dcf-90b9-e7fd9eedcccf"
.
2020-05-07 00:41:19,338 [Command processor thread] INFO  impl.RaftServerProxy (RaftServerProxy.java:addNew(89)) - 43880261-676d-47ef-b311-3d20c3a92ec2: addNew group-A95AED492FE6:[5d0655f0-c25b-473a-a070-0d978632f858:172.17.0.2:33731, bc4a541c-f62e-41d6-b4a1-614c81b276a8:172.17.0.2:44661, 43880261-676d-47ef-b311-3d20c3a92ec2:172.17.0.2:40753] returns group-A95AED492FE6:java.util.concurrent.CompletableFuture@5feb2b1[Not completed]
2020-05-07 00:41:19,345 [pool-67-thread-1] INFO  impl.RaftServerImpl (RaftServerImpl.java:<init>(98)) - bc4a541c-f62e-41d6-b4a1-614c81b276a8: new RaftServerImpl for group-ABAD5AFB1CEF:[bc4a541c-f62e-41d6-b4a1-614c81b276a8:172.17.0.2:44661] with ContainerStateMachine:uninitialized
2020-05-07 00:41:19,345 [pool-67-thread-1] INFO  server.RaftServerConfigKeys (ConfUtils.java:logGet(44)) - raft.server.rpc.timeout.min = 5s (custom)
2020-05-07 00:41:19,345 [pool-67-thread-1] INFO  server.RaftServerConfigKeys (ConfUtils.java:logGet(44)) - raft.server.rpc.timeout.max = 5200ms (custom)
2020-05-07 00:41:19,345 [pool-67-thread-1] INFO  server.RaftServerConfigKeys (ConfUtils.java:logGet(44)) - raft.server.rpcslowness.timeout = 300s (custom)
2020-05-07 00:41:19,345 [pool-67-thread-1] INFO  server.RaftServerConfigKeys (ConfUtils.java:logGet(44)) - raft.server.sleep.deviation.threshold = 300 (default)
2020-05-07 00:41:19,345 [pool-67-thread-1] INFO  server.RaftServerConfigKeys (ConfUtils.java:logGet(44)) - raft.server.log.appender.install.snapshot.enabled = false (custom)
2020-05-07 00:41:19,345 [pool-67-thread-1] INFO  impl.RaftServerImpl (ServerState.java:<init>(103)) - bc4a541c-f62e-41d6-b4a1-614c81b276a8@group-ABAD5AFB1CEF: ConfigurationManager, init=-1: [bc4a541c-f62e-41d6-b4a1-614c81b276a8:172.17.0.2:44661], old=null, confs=<EMPTY_MAP>
2020-05-07 00:41:19,345 [pool-67-thread-1] INFO  server.RaftServerConfigKeys (ConfUtils.java:logGet(44)) - raft.server.storage.dir = [/github/workspace/mnt/ozone/hadoop-ozone/integration-test/target/test-dir/MiniOzoneClusterImpl-4309656b-5406-4bc5-8c34-9a373aba7a4c/datanode-2/data/ratis] (custom)
2020-05-07 00:41:19,346 [pool-67-thread-1] INFO  server.RaftServerConfigKeys (ConfUtils.java:logGet(44)) - raft.server.log.corruption.policy = EXCEPTION (default)
2020-05-07 00:41:19,346 [pool-67-thread-1] INFO  storage.RaftStorageDirectory (RaftStorageDirectory.java:analyzeStorage(261)) - The storage directory /github/workspace/mnt/ozone/hadoop-ozone/integration-test/target/test-dir/MiniOzoneClusterImpl-4309656b-5406-4bc5-8c34-9a373aba7a4c/datanode-2/data/ratis/6f288b13-cff1-4250-9296-abad5afb1cef does not exist. Creating ...
2020-05-07 00:41:19,348 [pool-35-thread-1] INFO  impl.RaftServerImpl (RaftServerImpl.java:<init>(98)) - 5d0655f0-c25b-473a-a070-0d978632f858: new RaftServerImpl for group-A95AED492FE6:[5d0655f0-c25b-473a-a070-0d978632f858:172.17.0.2:33731, bc4a541c-f62e-41d6-b4a1-614c81b276a8:172.17.0.2:44661, 43880261-676d-47ef-b311-3d20c3a92ec2:172.17.0.2:40753] with ContainerStateMachine:uninitialized
2020-05-07 00:41:19,348 [pool-35-thread-1] INFO  server.RaftServerConfigKeys (ConfUtils.java:logGet(44)) - raft.server.rpc.timeout.min = 5s (custom)
2020-05-07 00:41:19,348 [pool-35-thread-1] INFO  server.RaftServerConfigKeys (ConfUtils.java:logGet(44)) - raft.server.rpc.timeout.max = 5200ms (custom)
2020-05-07 00:41:19,348 [pool-35-thread-1] INFO  server.RaftServerConfigKeys (ConfUtils.java:logGet(44)) - raft.server.rpcslowness.timeout = 300s (custom)
2020-05-07 00:41:19,348 [pool-35-thread-1] INFO  server.RaftServerConfigKeys (ConfUtils.java:logGet(44)) - raft.server.sleep.deviation.threshold = 300 (default)
2020-05-07 00:41:19,348 [pool-35-thread-1] INFO  server.RaftServerConfigKeys (ConfUtils.java:logGet(44)) - raft.server.log.appender.install.snapshot.enabled = false (custom)
2020-05-07 00:41:19,348 [pool-35-thread-1] INFO  impl.RaftServerImpl (ServerState.java:<init>(103)) - 5d0655f0-c25b-473a-a070-0d978632f858@group-A95AED492FE6: ConfigurationManager, init=-1: [5d0655f0-c25b-473a-a070-0d978632f858:172.17.0.2:33731, bc4a541c-f62e-41d6-b4a1-614c81b276a8:172.17.0.2:44661, 43880261-676d-47ef-b311-3d20c3a92ec2:172.17.0.2:40753], old=null, confs=<EMPTY_MAP>
2020-05-07 00:41:19,348 [pool-35-thread-1] INFO  server.RaftServerConfigKeys (ConfUtils.java:logGet(44)) - raft.server.storage.dir = [/github/workspace/mnt/ozone/hadoop-ozone/integration-test/target/test-dir/MiniOzoneClusterImpl-4309656b-5406-4bc5-8c34-9a373aba7a4c/datanode-0/data/ratis] (custom)
2020-05-07 00:41:19,348 [pool-35-thread-1] INFO  server.RaftServerConfigKeys (ConfUtils.java:logGet(44)) - raft.server.log.corruption.policy = EXCEPTION (default)
2020-05-07 00:41:19,349 [pool-35-thread-1] INFO  storage.RaftStorageDirectory (RaftStorageDirectory.java:analyzeStorage(261)) - The storage directory /github/workspace/mnt/ozone/hadoop-ozone/integration-test/target/test-dir/MiniOzoneClusterImpl-4309656b-5406-4bc5-8c34-9a373aba7a4c/datanode-0/data/ratis/ff54650d-e088-4b12-a539-a95aed492fe6 does not exist. Creating ...
2020-05-07 00:41:19,349 [pool-51-thread-1] INFO  impl.RaftServerImpl (RaftServerImpl.java:<init>(98)) - 43880261-676d-47ef-b311-3d20c3a92ec2: new RaftServerImpl for group-A95AED492FE6:[5d0655f0-c25b-473a-a070-0d978632f858:172.17.0.2:33731, bc4a541c-f62e-41d6-b4a1-614c81b276a8:172.17.0.2:44661, 43880261-676d-47ef-b311-3d20c3a92ec2:172.17.0.2:40753] with ContainerStateMachine:uninitialized
2020-05-07 00:41:19,349 [pool-51-thread-1] INFO  server.RaftServerConfigKeys (ConfUtils.java:logGet(44)) - raft.server.rpc.timeout.min = 5s (custom)
2020-05-07 00:41:19,349 [pool-51-thread-1] INFO  server.RaftServerConfigKeys (ConfUtils.java:logGet(44)) - raft.server.rpc.timeout.max = 5200ms (custom)
2020-05-07 00:41:19,350 [pool-35-thread-1] INFO  storage.RaftStorageDirectory (RaftStorageDirectory.java:tryLock(343)) - Lock on /github/workspace/mnt/ozone/hadoop-ozone/integration-test/target/test-dir/MiniOzoneClusterImpl-4309656b-5406-4bc5-8c34-9a373aba7a4c/datanode-0/data/ratis/ff54650d-e088-4b12-a539-a95aed492fe6/in_use.lock acquired by nodename 2553@7fe1756622b5
2020-05-07 00:41:19,350 [pool-51-thread-1] INFO  server.RaftServerConfigKeys (ConfUtils.java:logGet(44)) - raft.server.rpcslowness.timeout = 300s (custom)
2020-05-07 00:41:19,350 [pool-51-thread-1] INFO  server.RaftServerConfigKeys (ConfUtils.java:logGet(44)) - raft.server.sleep.deviation.threshold = 300 (default)
2020-05-07 00:41:19,350 [pool-51-thread-1] INFO  server.RaftServerConfigKeys (ConfUtils.java:logGet(44)) - raft.server.log.appender.install.snapshot.enabled = false (custom)
2020-05-07 00:41:19,351 [pool-51-thread-1] INFO  impl.RaftServerImpl (ServerState.java:<init>(103)) - 43880261-676d-47ef-b311-3d20c3a92ec2@group-A95AED492FE6: ConfigurationManager, init=-1: [5d0655f0-c25b-473a-a070-0d978632f858:172.17.0.2:33731, bc4a541c-f62e-41d6-b4a1-614c81b276a8:172.17.0.2:44661, 43880261-676d-47ef-b311-3d20c3a92ec2:172.17.0.2:40753], old=null, confs=<EMPTY_MAP>
2020-05-07 00:41:19,351 [pool-35-thread-1] INFO  storage.RaftStorage (RaftStorage.java:format(84)) - Storage directory /github/workspace/mnt/ozone/hadoop-ozone/integration-test/target/test-dir/MiniOzoneClusterImpl-4309656b-5406-4bc5-8c34-9a373aba7a4c/datanode-0/data/ratis/ff54650d-e088-4b12-a539-a95aed492fe6 has been successfully formatted.
2020-05-07 00:41:19,351 [pool-35-thread-1] INFO  ratis.ContainerStateMachine (ContainerStateMachine.java:loadSnapshot(226)) - group-A95AED492FE6: The snapshot info is null. Setting the last applied indexto:(t:0, i:~)
2020-05-07 00:41:19,351 [pool-35-thread-1] INFO  server.RaftServerConfigKeys (ConfUtils.java:logGet(44)) - raft.server.notification.no-leader.timeout = 60s (default)
2020-05-07 00:41:19,351 [pool-35-thread-1] INFO  server.RaftServerConfigKeys (ConfUtils.java:logGet(44)) - raft.server.log.use.memory = false (default)
2020-05-07 00:41:19,351 [pool-35-thread-1] INFO  server.RaftServerConfigKeys (ConfUtils.java:logGet(44)) - raft.server.log.purge.gap = 1000000 (custom)
2020-05-07 00:41:19,351 [pool-35-thread-1] INFO  server.RaftServerConfigKeys (ConfUtils.java:logGet(44)) - raft.server.log.appender.buffer.byte-limit = 33554432 (custom)
2020-05-07 00:41:19,351 [pool-35-thread-1] INFO  server.RaftServerConfigKeys (ConfUtils.java:logGet(44)) - raft.server.log.segment.size.max = 1048576 (custom)
2020-05-07 00:41:19,352 [pool-35-thread-1] INFO  server.RaftServerConfigKeys (ConfUtils.java:logGet(44)) - raft.server.log.segment.cache.num.max = 2 (custom)
2020-05-07 00:41:19,352 [pool-35-thread-1] INFO  segmented.SegmentedRaftLogWorker (SegmentedRaftLogWorker.java:<init>(176)) - new 5d0655f0-c25b-473a-a070-0d978632f858@group-A95AED492FE6-SegmentedRaftLogWorker for RaftStorage:Storage Directory /github/workspace/mnt/ozone/hadoop-ozone/integration-test/target/test-dir/MiniOzoneClusterImpl-4309656b-5406-4bc5-8c34-9a373aba7a4c/datanode-0/data/ratis/ff54650d-e088-4b12-a539-a95aed492fe6
2020-05-07 00:41:19,352 [pool-35-thread-1] INFO  server.RaftServerConfigKeys (ConfUtils.java:logGet(44)) - raft.server.log.queue.byte-limit = 2147483647 (custom)
2020-05-07 00:41:19,352 [pool-35-thread-1] INFO  server.RaftServerConfigKeys (ConfUtils.java:logGet(44)) - raft.server.log.queue.element-limit = 1024 (custom)
2020-05-07 00:41:19,352 [pool-35-thread-1] INFO  server.RaftServerConfigKeys (ConfUtils.java:logGet(44)) - raft.server.log.segment.size.max = 1048576 (custom)
2020-05-07 00:41:19,352 [pool-35-thread-1] INFO  server.RaftServerConfigKeys (ConfUtils.java:logGet(44)) - raft.server.log.preallocated.size = 16384 (custom)
2020-05-07 00:41:19,352 [pool-35-thread-1] INFO  server.RaftServerConfigKeys (ConfUtils.java:logGet(44)) - raft.server.log.write.buffer.size = 1048576 (custom)
2020-05-07 00:41:19,352 [pool-35-thread-1] INFO  server.RaftServerConfigKeys (ConfUtils.java:logGet(44)) - raft.server.log.force.sync.num = 128 (default)
2020-05-07 00:41:19,352 [pool-35-thread-1] INFO  server.RaftServerConfigKeys (ConfUtils.java:logGet(44)) - raft.server.log.statemachine.data.sync = true (default)
2020-05-07 00:41:19,353 [pool-35-thread-1] INFO  server.RaftServerConfigKeys (ConfUtils.java:logGet(44)) - raft.server.log.statemachine.data.sync.timeout = 10s (default)
2020-05-07 00:41:19,353 [pool-35-thread-1] INFO  server.RaftServerConfigKeys (ConfUtils.java:logGet(44)) - raft.server.log.statemachine.data.sync.timeout.retry = -1 (default)
2020-05-07 00:41:19,353 [pool-35-thread-1] INFO  server.RaftServerConfigKeys (ConfUtils.java:logGet(44)) - raft.server.log.statemachine.data.caching.enabled = true (custom)
2020-05-07 00:41:19,354 [pool-35-thread-1] INFO  segmented.SegmentedRaftLogWorker (SegmentedRaftLogWorker.java:lambda$new$0(129)) - 5d0655f0-c25b-473a-a070-0d978632f858@group-A95AED492FE6-SegmentedRaftLogWorker: flushIndex: setUnconditionally 0 -> -1
2020-05-07 00:41:19,354 [pool-51-thread-1] INFO  server.RaftServerConfigKeys (ConfUtils.java:logGet(44)) - raft.server.storage.dir = [/github/workspace/mnt/ozone/hadoop-ozone/integration-test/target/test-dir/MiniOzoneClusterImpl-4309656b-5406-4bc5-8c34-9a373aba7a4c/datanode-1/data/ratis] (custom)
2020-05-07 00:41:19,354 [pool-51-thread-1] INFO  server.RaftServerConfigKeys (ConfUtils.java:logGet(44)) - raft.server.log.corruption.policy = EXCEPTION (default)
2020-05-07 00:41:19,354 [pool-51-thread-1] INFO  storage.RaftStorageDirectory (RaftStorageDirectory.java:analyzeStorage(261)) - The storage directory /github/workspace/mnt/ozone/hadoop-ozone/integration-test/target/test-dir/MiniOzoneClusterImpl-4309656b-5406-4bc5-8c34-9a373aba7a4c/datanode-1/data/ratis/ff54650d-e088-4b12-a539-a95aed492fe6 does not exist. Creating ...
2020-05-07 00:41:19,355 [pool-67-thread-1] INFO  storage.RaftStorageDirectory (RaftStorageDirectory.java:tryLock(343)) - Lock on /github/workspace/mnt/ozone/hadoop-ozone/integration-test/target/test-dir/MiniOzoneClusterImpl-4309656b-5406-4bc5-8c34-9a373aba7a4c/datanode-2/data/ratis/6f288b13-cff1-4250-9296-abad5afb1cef/in_use.lock acquired by nodename 2553@7fe1756622b5
2020-05-07 00:41:19,355 [pool-51-thread-1] INFO  storage.RaftStorageDirectory (RaftStorageDirectory.java:tryLock(343)) - Lock on /github/workspace/mnt/ozone/hadoop-ozone/integration-test/target/test-dir/MiniOzoneClusterImpl-4309656b-5406-4bc5-8c34-9a373aba7a4c/datanode-1/data/ratis/ff54650d-e088-4b12-a539-a95aed492fe6/in_use.lock acquired by nodename 2553@7fe1756622b5
2020-05-07 00:41:19,356 [pool-67-thread-1] INFO  storage.RaftStorage (RaftStorage.java:format(84)) - Storage directory /github/workspace/mnt/ozone/hadoop-ozone/integration-test/target/test-dir/MiniOzoneClusterImpl-4309656b-5406-4bc5-8c34-9a373aba7a4c/datanode-2/data/ratis/6f288b13-cff1-4250-9296-abad5afb1cef has been successfully formatted.
2020-05-07 00:41:19,359 [pool-35-thread-1] INFO  server.RaftServerConfigKeys (ConfUtils.java:logGet(44)) - raft.server.snapshot.auto.trigger.enabled = true (custom)
2020-05-07 00:41:19,364 [pool-35-thread-1] INFO  server.RaftServerConfigKeys (ConfUtils.java:logGet(44)) - raft.server.snapshot.auto.trigger.threshold = 10000 (custom)
2020-05-07 00:41:19,364 [pool-35-thread-1] INFO  server.RaftServerConfigKeys (ConfUtils.java:logGet(44)) - raft.server.snapshot.retention.file.num = 5 (custom)
2020-05-07 00:41:19,364 [pool-35-thread-1] INFO  server.RaftServerConfigKeys (ConfUtils.java:logGet(44)) - raft.server.log.purge.upto.snapshot.index = false (default)
2020-05-07 00:41:19,364 [pool-35-thread-1] INFO  server.RaftServerConfigKeys (ConfUtils.java:logGet(44)) - raft.server.retrycache.expirytime = 600000ms (custom)
2020-05-07 00:41:19,364 [pool-35-thread-1] INFO  metrics.RatisMetrics (RatisMetrics.java:lambda$create$0(39)) - Creating Metrics Registry : ratis.leader_election.5d0655f0-c25b-473a-a070-0d978632f858@group-A95AED492FE6
2020-05-07 00:41:19,365 [pool-35-thread-1] INFO  metrics.RatisMetrics (RatisMetrics.java:lambda$create$0(39)) - Creating Metrics Registry : ratis.server.5d0655f0-c25b-473a-a070-0d978632f858@group-A95AED492FE6
2020-05-07 00:41:19,367 [pool-67-thread-1] INFO  ratis.ContainerStateMachine (ContainerStateMachine.java:loadSnapshot(226)) - group-ABAD5AFB1CEF: The snapshot info is null. Setting the last applied indexto:(t:0, i:~)
2020-05-07 00:41:19,367 [pool-67-thread-1] INFO  server.RaftServerConfigKeys (ConfUtils.java:logGet(44)) - raft.server.notification.no-leader.timeout = 60s (default)
2020-05-07 00:41:19,367 [pool-67-thread-1] INFO  server.RaftServerConfigKeys (ConfUtils.java:logGet(44)) - raft.server.log.use.memory = false (default)
2020-05-07 00:41:19,368 [pool-67-thread-1] INFO  server.RaftServerConfigKeys (ConfUtils.java:logGet(44)) - raft.server.log.purge.gap = 1000000 (custom)
2020-05-07 00:41:19,368 [pool-67-thread-1] INFO  server.RaftServerConfigKeys (ConfUtils.java:logGet(44)) - raft.server.log.appender.buffer.byte-limit = 33554432 (custom)
2020-05-07 00:41:19,368 [pool-67-thread-1] INFO  server.RaftServerConfigKeys (ConfUtils.java:logGet(44)) - raft.server.log.segment.size.max = 1048576 (custom)
2020-05-07 00:41:19,368 [pool-67-thread-1] INFO  metrics.RatisMetrics (RatisMetrics.java:lambda$create$0(39)) - Creating Metrics Registry : ratis.log_worker.bc4a541c-f62e-41d6-b4a1-614c81b276a8
2020-05-07 00:41:19,368 [pool-67-thread-1] INFO  server.RaftServerConfigKeys (ConfUtils.java:logGet(44)) - raft.server.log.segment.cache.num.max = 2 (custom)
2020-05-07 00:41:19,368 [pool-67-thread-1] INFO  segmented.SegmentedRaftLogWorker (SegmentedRaftLogWorker.java:<init>(176)) - new bc4a541c-f62e-41d6-b4a1-614c81b276a8@group-ABAD5AFB1CEF-SegmentedRaftLogWorker for RaftStorage:Storage Directory /github/workspace/mnt/ozone/hadoop-ozone/integration-test/target/test-dir/MiniOzoneClusterImpl-4309656b-5406-4bc5-8c34-9a373aba7a4c/datanode-2/data/ratis/6f288b13-cff1-4250-9296-abad5afb1cef
2020-05-07 00:41:19,368 [pool-67-thread-1] INFO  server.RaftServerConfigKeys (ConfUtils.java:logGet(44)) - raft.server.log.queue.byte-limit = 2147483647 (custom)
2020-05-07 00:41:19,369 [pool-67-thread-1] INFO  server.RaftServerConfigKeys (ConfUtils.java:logGet(44)) - raft.server.log.queue.element-limit = 1024 (custom)
2020-05-07 00:41:19,369 [pool-67-thread-1] INFO  server.RaftServerConfigKeys (ConfUtils.java:logGet(44)) - raft.server.log.segment.size.max = 1048576 (custom)
2020-05-07 00:41:19,369 [pool-67-thread-1] INFO  server.RaftServerConfigKeys (ConfUtils.java:logGet(44)) - raft.server.log.preallocated.size = 16384 (custom)
2020-05-07 00:41:19,369 [pool-67-thread-1] INFO  server.RaftServerConfigKeys (ConfUtils.java:logGet(44)) - raft.server.log.write.buffer.size = 1048576 (custom)
2020-05-07 00:41:19,369 [pool-67-thread-1] INFO  server.RaftServerConfigKeys (ConfUtils.java:logGet(44)) - raft.server.log.force.sync.num = 128 (default)
2020-05-07 00:41:19,369 [pool-67-thread-1] INFO  server.RaftServerConfigKeys (ConfUtils.java:logGet(44)) - raft.server.log.statemachine.data.sync = true (default)
2020-05-07 00:41:19,369 [pool-67-thread-1] INFO  server.RaftServerConfigKeys (ConfUtils.java:logGet(44)) - raft.server.log.statemachine.data.sync.timeout = 10s (default)
2020-05-07 00:41:19,369 [pool-67-thread-1] INFO  server.RaftServerConfigKeys (ConfUtils.java:logGet(44)) - raft.server.log.statemachine.data.sync.timeout.retry = -1 (default)
2020-05-07 00:41:19,372 [pool-67-thread-1] INFO  server.RaftServerConfigKeys (ConfUtils.java:logGet(44)) - raft.server.log.statemachine.data.caching.enabled = true (custom)
2020-05-07 00:41:19,372 [pool-67-thread-1] INFO  segmented.SegmentedRaftLogWorker (SegmentedRaftLogWorker.java:lambda$new$0(129)) - bc4a541c-f62e-41d6-b4a1-614c81b276a8@group-ABAD5AFB1CEF-SegmentedRaftLogWorker: flushIndex: setUnconditionally 0 -> -1
2020-05-07 00:41:19,372 [pool-51-thread-1] INFO  storage.RaftStorage (RaftStorage.java:format(84)) - Storage directory /github/workspace/mnt/ozone/hadoop-ozone/integration-test/target/test-dir/MiniOzoneClusterImpl-4309656b-5406-4bc5-8c34-9a373aba7a4c/datanode-1/data/ratis/ff54650d-e088-4b12-a539-a95aed492fe6 has been successfully formatted.
2020-05-07 00:41:19,383 [pool-51-thread-1] INFO  ratis.ContainerStateMachine (ContainerStateMachine.java:loadSnapshot(226)) - group-A95AED492FE6: The snapshot info is null. Setting the last applied indexto:(t:0, i:~)
2020-05-07 00:41:19,383 [pool-51-thread-1] INFO  server.RaftServerConfigKeys (ConfUtils.java:logGet(44)) - raft.server.notification.no-leader.timeout = 60s (default)
2020-05-07 00:41:19,384 [pool-51-thread-1] INFO  server.RaftServerConfigKeys (ConfUtils.java:logGet(44)) - raft.server.log.use.memory = false (default)
2020-05-07 00:41:19,384 [pool-51-thread-1] INFO  server.RaftServerConfigKeys (ConfUtils.java:logGet(44)) - raft.server.log.purge.gap = 1000000 (custom)
2020-05-07 00:41:19,384 [pool-51-thread-1] INFO  server.RaftServerConfigKeys (ConfUtils.java:logGet(44)) - raft.server.log.appender.buffer.byte-limit = 33554432 (custom)
2020-05-07 00:41:19,384 [pool-51-thread-1] INFO  server.RaftServerConfigKeys (ConfUtils.java:logGet(44)) - raft.server.log.segment.size.max = 1048576 (custom)
2020-05-07 00:41:19,384 [pool-51-thread-1] INFO  server.RaftServerConfigKeys (ConfUtils.java:logGet(44)) - raft.server.log.segment.cache.num.max = 2 (custom)
2020-05-07 00:41:19,384 [pool-51-thread-1] INFO  segmented.SegmentedRaftLogWorker (SegmentedRaftLogWorker.java:<init>(176)) - new 43880261-676d-47ef-b311-3d20c3a92ec2@group-A95AED492FE6-SegmentedRaftLogWorker for RaftStorage:Storage Directory /github/workspace/mnt/ozone/hadoop-ozone/integration-test/target/test-dir/MiniOzoneClusterImpl-4309656b-5406-4bc5-8c34-9a373aba7a4c/datanode-1/data/ratis/ff54650d-e088-4b12-a539-a95aed492fe6
2020-05-07 00:41:19,384 [pool-51-thread-1] INFO  server.RaftServerConfigKeys (ConfUtils.java:logGet(44)) - raft.server.log.queue.byte-limit = 2147483647 (custom)
2020-05-07 00:41:19,384 [pool-51-thread-1] INFO  server.RaftServerConfigKeys (ConfUtils.java:logGet(44)) - raft.server.log.queue.element-limit = 1024 (custom)
2020-05-07 00:41:19,384 [pool-51-thread-1] INFO  server.RaftServerConfigKeys (ConfUtils.java:logGet(44)) - raft.server.log.segment.size.max = 1048576 (custom)
2020-05-07 00:41:19,384 [pool-51-thread-1] INFO  server.RaftServerConfigKeys (ConfUtils.java:logGet(44)) - raft.server.log.preallocated.size = 16384 (custom)
2020-05-07 00:41:19,384 [pool-51-thread-1] INFO  server.RaftServerConfigKeys (ConfUtils.java:logGet(44)) - raft.server.log.write.buffer.size = 1048576 (custom)
2020-05-07 00:41:19,384 [pool-51-thread-1] INFO  server.RaftServerConfigKeys (ConfUtils.java:logGet(44)) - raft.server.log.force.sync.num = 128 (default)
2020-05-07 00:41:19,384 [pool-51-thread-1] INFO  server.RaftServerConfigKeys (ConfUtils.java:logGet(44)) - raft.server.log.statemachine.data.sync = true (default)
2020-05-07 00:41:19,384 [pool-51-thread-1] INFO  server.RaftServerConfigKeys (ConfUtils.java:logGet(44)) - raft.server.log.statemachine.data.sync.timeout = 10s (default)
2020-05-07 00:41:19,384 [pool-51-thread-1] INFO  server.RaftServerConfigKeys (ConfUtils.java:logGet(44)) - raft.server.log.statemachine.data.sync.timeout.retry = -1 (default)
2020-05-07 00:41:19,385 [pool-51-thread-1] INFO  server.RaftServerConfigKeys (ConfUtils.java:logGet(44)) - raft.server.log.statemachine.data.caching.enabled = true (custom)
2020-05-07 00:41:19,385 [pool-51-thread-1] INFO  segmented.SegmentedRaftLogWorker (SegmentedRaftLogWorker.java:lambda$new$0(129)) - 43880261-676d-47ef-b311-3d20c3a92ec2@group-A95AED492FE6-SegmentedRaftLogWorker: flushIndex: setUnconditionally 0 -> -1
2020-05-07 00:41:19,387 [pool-51-thread-1] INFO  server.RaftServerConfigKeys (ConfUtils.java:logGet(44)) - raft.server.snapshot.auto.trigger.enabled = true (custom)
2020-05-07 00:41:19,387 [EventQueue-PipelineReportForPipelineReportHandler] INFO  pipeline.PipelineStateManager (PipelineStateManager.java:openPipeline(131)) - Pipeline Pipeline[ Id: 6f288b13-cff1-4250-9296-abad5afb1cef, Nodes: bc4a541c-f62e-41d6-b4a1-614c81b276a8{ip: 172.17.0.2, host: 7fe1756622b5, networkLocation: /default-rack, certSerialId: null}, Type:RATIS, Factor:ONE, State:ALLOCATED, leaderId:bc4a541c-f62e-41d6-b4a1-614c81b276a8, CreationTimestamp2020-05-07T00:41:16.318Z] moved to OPEN state
2020-05-07 00:41:19,387 [pool-51-thread-1] INFO  server.RaftServerConfigKeys (ConfUtils.java:logGet(44)) - raft.server.snapshot.auto.trigger.threshold = 10000 (custom)
2020-05-07 00:41:19,387 [pool-51-thread-1] INFO  server.RaftServerConfigKeys (ConfUtils.java:logGet(44)) - raft.server.snapshot.retention.file.num = 5 (custom)
2020-05-07 00:41:19,387 [pool-51-thread-1] INFO  server.RaftServerConfigKeys (ConfUtils.java:logGet(44)) - raft.server.log.purge.upto.snapshot.index = false (default)
2020-05-07 00:41:19,387 [pool-51-thread-1] INFO  server.RaftServerConfigKeys (ConfUtils.java:logGet(44)) - raft.server.retrycache.expirytime = 600000ms (custom)
2020-05-07 00:41:19,387 [pool-51-thread-1] INFO  metrics.RatisMetrics (RatisMetrics.java:lambda$create$0(39)) - Creating Metrics Registry : ratis.leader_election.43880261-676d-47ef-b311-3d20c3a92ec2@group-A95AED492FE6
2020-05-07 00:41:19,387 [EventQueue-OpenPipelineForHealthyPipelineSafeModeRule] INFO  safemode.SCMSafeModeManager (HealthyPipelineSafeModeRule.java:process(132)) - SCM in safe mode. Healthy pipelines reported count is 0, required healthy pipeline reported count is 1
2020-05-07 00:41:19,387 [EventQueue-OpenPipelineForOneReplicaPipelineSafeModeRule] INFO  safemode.SCMSafeModeManager (SCMSafeModeManager.java:validateSafeModeExitRules(213)) - AtleastOneDatanodeReportedRule rule is successfully validated
2020-05-07 00:41:19,388 [pool-67-thread-1] INFO  server.RaftServerConfigKeys (ConfUtils.java:logGet(44)) - raft.server.snapshot.auto.trigger.enabled = true (custom)
2020-05-07 00:41:19,388 [pool-67-thread-1] INFO  server.RaftServerConfigKeys (ConfUtils.java:logGet(44)) - raft.server.snapshot.auto.trigger.threshold = 10000 (custom)
2020-05-07 00:41:19,388 [pool-67-thread-1] INFO  server.RaftServerConfigKeys (ConfUtils.java:logGet(44)) - raft.server.snapshot.retention.file.num = 5 (custom)
2020-05-07 00:41:19,388 [pool-67-thread-1] INFO  server.RaftServerConfigKeys (ConfUtils.java:logGet(44)) - raft.server.log.purge.upto.snapshot.index = false (default)
2020-05-07 00:41:19,388 [pool-67-thread-1] INFO  server.RaftServerConfigKeys (ConfUtils.java:logGet(44)) - raft.server.retrycache.expirytime = 600000ms (custom)
2020-05-07 00:41:19,388 [pool-67-thread-1] INFO  metrics.RatisMetrics (RatisMetrics.java:lambda$create$0(39)) - Creating Metrics Registry : ratis.leader_election.bc4a541c-f62e-41d6-b4a1-614c81b276a8@group-ABAD5AFB1CEF
2020-05-07 00:41:19,396 [pool-67-thread-1] INFO  metrics.RatisMetrics (RatisMetrics.java:lambda$create$0(39)) - Creating Metrics Registry : ratis.server.bc4a541c-f62e-41d6-b4a1-614c81b276a8@group-ABAD5AFB1CEF
2020-05-07 00:41:19,397 [pool-51-thread-1] INFO  metrics.RatisMetrics (RatisMetrics.java:lambda$create$0(39)) - Creating Metrics Registry : ratis.server.43880261-676d-47ef-b311-3d20c3a92ec2@group-A95AED492FE6
2020-05-07 00:41:19,403 [pool-35-thread-1] INFO  impl.RaftServerImpl (RaftServerImpl.java:start(184)) - 5d0655f0-c25b-473a-a070-0d978632f858@group-A95AED492FE6: start as a follower, conf=-1: [5d0655f0-c25b-473a-a070-0d978632f858:172.17.0.2:33731, bc4a541c-f62e-41d6-b4a1-614c81b276a8:172.17.0.2:44661, 43880261-676d-47ef-b311-3d20c3a92ec2:172.17.0.2:40753], old=null
2020-05-07 00:41:19,403 [pool-35-thread-1] INFO  impl.RaftServerImpl (RaftServerImpl.java:setRole(173)) - 5d0655f0-c25b-473a-a070-0d978632f858@group-A95AED492FE6: changes role from      null to FOLLOWER at term 0 for startAsFollower
2020-05-07 00:41:19,403 [pool-35-thread-1] INFO  impl.RoleInfo (RoleInfo.java:updateAndGet(143)) - 5d0655f0-c25b-473a-a070-0d978632f858: start FollowerState
2020-05-07 00:41:19,404 [pool-51-thread-1] INFO  impl.RaftServerImpl (RaftServerImpl.java:start(184)) - 43880261-676d-47ef-b311-3d20c3a92ec2@group-A95AED492FE6: start as a follower, conf=-1: [5d0655f0-c25b-473a-a070-0d978632f858:172.17.0.2:33731, bc4a541c-f62e-41d6-b4a1-614c81b276a8:172.17.0.2:44661, 43880261-676d-47ef-b311-3d20c3a92ec2:172.17.0.2:40753], old=null
2020-05-07 00:41:19,406 [pool-51-thread-1] INFO  impl.RaftServerImpl (RaftServerImpl.java:setRole(173)) - 43880261-676d-47ef-b311-3d20c3a92ec2@group-A95AED492FE6: changes role from      null to FOLLOWER at term 0 for startAsFollower
2020-05-07 00:41:19,406 [pool-67-thread-1] INFO  impl.RaftServerImpl (RaftServerImpl.java:start(184)) - bc4a541c-f62e-41d6-b4a1-614c81b276a8@group-ABAD5AFB1CEF: start as a follower, conf=-1: [bc4a541c-f62e-41d6-b4a1-614c81b276a8:172.17.0.2:44661], old=null
2020-05-07 00:41:19,406 [pool-67-thread-1] INFO  impl.RaftServerImpl (RaftServerImpl.java:setRole(173)) - bc4a541c-f62e-41d6-b4a1-614c81b276a8@group-ABAD5AFB1CEF: changes role from      null to FOLLOWER at term 0 for startAsFollower
2020-05-07 00:41:19,406 [pool-35-thread-1] INFO  util.JmxRegister (JmxRegister.java:tryRegister(44)) - Successfully registered JMX Bean with object name Ratis:service=RaftServer,group=group-A95AED492FE6,id=5d0655f0-c25b-473a-a070-0d978632f858
2020-05-07 00:41:19,406 [pool-35-thread-1] INFO  metrics.RatisMetrics (RatisMetrics.java:lambda$create$0(39)) - Creating Metrics Registry : ratis.state_machine.5d0655f0-c25b-473a-a070-0d978632f858@group-A95AED492FE6
2020-05-07 00:41:19,414 [pool-67-thread-1] INFO  impl.RoleInfo (RoleInfo.java:updateAndGet(143)) - bc4a541c-f62e-41d6-b4a1-614c81b276a8: start FollowerState
2020-05-07 00:41:19,416 [pool-67-thread-1] INFO  util.JmxRegister (JmxRegister.java:tryRegister(44)) - Successfully registered JMX Bean with object name Ratis:service=RaftServer,group=group-ABAD5AFB1CEF,id=bc4a541c-f62e-41d6-b4a1-614c81b276a8
2020-05-07 00:41:19,416 [pool-67-thread-1] INFO  metrics.RatisMetrics (RatisMetrics.java:lambda$create$0(39)) - Creating Metrics Registry : ratis.state_machine.bc4a541c-f62e-41d6-b4a1-614c81b276a8@group-ABAD5AFB1CEF
2020-05-07 00:41:19,417 [Command processor thread] INFO  commandhandler.CreatePipelineCommandHandler (CreatePipelineCommandHandler.java:handle(109)) - Created Pipeline RATIS ONE #id: "6f288b13-cff1-4250-9296-abad5afb1cef"
.
2020-05-07 00:41:19,418 [Command processor thread] INFO  impl.RaftServerProxy (RaftServerProxy.java:addNew(89)) - bc4a541c-f62e-41d6-b4a1-614c81b276a8: addNew group-A95AED492FE6:[5d0655f0-c25b-473a-a070-0d978632f858:172.17.0.2:33731, bc4a541c-f62e-41d6-b4a1-614c81b276a8:172.17.0.2:44661, 43880261-676d-47ef-b311-3d20c3a92ec2:172.17.0.2:40753] returns group-A95AED492FE6:java.util.concurrent.CompletableFuture@f571038[Not completed]
2020-05-07 00:41:19,418 [pool-51-thread-1] INFO  impl.RoleInfo (RoleInfo.java:updateAndGet(143)) - 43880261-676d-47ef-b311-3d20c3a92ec2: start FollowerState
2020-05-07 00:41:19,420 [pool-67-thread-1] INFO  impl.RaftServerImpl (RaftServerImpl.java:<init>(98)) - bc4a541c-f62e-41d6-b4a1-614c81b276a8: new RaftServerImpl for group-A95AED492FE6:[5d0655f0-c25b-473a-a070-0d978632f858:172.17.0.2:33731, bc4a541c-f62e-41d6-b4a1-614c81b276a8:172.17.0.2:44661, 43880261-676d-47ef-b311-3d20c3a92ec2:172.17.0.2:40753] with ContainerStateMachine:uninitialized
2020-05-07 00:41:19,420 [pool-67-thread-1] INFO  server.RaftServerConfigKeys (ConfUtils.java:logGet(44)) - raft.server.rpc.timeout.min = 5s (custom)
2020-05-07 00:41:19,420 [pool-67-thread-1] INFO  server.RaftServerConfigKeys (ConfUtils.java:logGet(44)) - raft.server.rpc.timeout.max = 5200ms (custom)
2020-05-07 00:41:19,420 [pool-67-thread-1] INFO  server.RaftServerConfigKeys (ConfUtils.java:logGet(44)) - raft.server.rpcslowness.timeout = 300s (custom)
2020-05-07 00:41:19,420 [pool-67-thread-1] INFO  server.RaftServerConfigKeys (ConfUtils.java:logGet(44)) - raft.server.sleep.deviation.threshold = 300 (default)
2020-05-07 00:41:19,421 [pool-67-thread-1] INFO  server.RaftServerConfigKeys (ConfUtils.java:logGet(44)) - raft.server.log.appender.install.snapshot.enabled = false (custom)
2020-05-07 00:41:19,421 [pool-67-thread-1] INFO  impl.RaftServerImpl (ServerState.java:<init>(103)) - bc4a541c-f62e-41d6-b4a1-614c81b276a8@group-A95AED492FE6: ConfigurationManager, init=-1: [5d0655f0-c25b-473a-a070-0d978632f858:172.17.0.2:33731, bc4a541c-f62e-41d6-b4a1-614c81b276a8:172.17.0.2:44661, 43880261-676d-47ef-b311-3d20c3a92ec2:172.17.0.2:40753], old=null, confs=<EMPTY_MAP>
2020-05-07 00:41:19,421 [pool-67-thread-1] INFO  server.RaftServerConfigKeys (ConfUtils.java:logGet(44)) - raft.server.storage.dir = [/github/workspace/mnt/ozone/hadoop-ozone/integration-test/target/test-dir/MiniOzoneClusterImpl-4309656b-5406-4bc5-8c34-9a373aba7a4c/datanode-2/data/ratis] (custom)
2020-05-07 00:41:19,421 [pool-67-thread-1] INFO  server.RaftServerConfigKeys (ConfUtils.java:logGet(44)) - raft.server.log.corruption.policy = EXCEPTION (default)
2020-05-07 00:41:19,421 [pool-67-thread-1] INFO  storage.RaftStorageDirectory (RaftStorageDirectory.java:analyzeStorage(261)) - The storage directory /github/workspace/mnt/ozone/hadoop-ozone/integration-test/target/test-dir/MiniOzoneClusterImpl-4309656b-5406-4bc5-8c34-9a373aba7a4c/datanode-2/data/ratis/ff54650d-e088-4b12-a539-a95aed492fe6 does not exist. Creating ...
2020-05-07 00:41:19,426 [Command processor thread] INFO  impl.RaftServerProxy (RaftServerProxy.java:addNew(89)) - 5d663474-0ada-4287-b8f7-0a24fe94e308: addNew group-DFEB4EEBBD6B:[5d663474-0ada-4287-b8f7-0a24fe94e308:172.17.0.2:40025] returns group-DFEB4EEBBD6B:java.util.concurrent.CompletableFuture@46d06ae9[Not completed]
2020-05-07 00:41:19,426 [pool-51-thread-1] INFO  util.JmxRegister (JmxRegister.java:tryRegister(44)) - Successfully registered JMX Bean with object name Ratis:service=RaftServer,group=group-A95AED492FE6,id=43880261-676d-47ef-b311-3d20c3a92ec2
2020-05-07 00:41:19,427 [pool-51-thread-1] INFO  metrics.RatisMetrics (RatisMetrics.java:lambda$create$0(39)) - Creating Metrics Registry : ratis.state_machine.43880261-676d-47ef-b311-3d20c3a92ec2@group-A95AED492FE6
2020-05-07 00:41:19,428 [pool-83-thread-1] INFO  impl.RaftServerImpl (RaftServerImpl.java:<init>(98)) - 5d663474-0ada-4287-b8f7-0a24fe94e308: new RaftServerImpl for group-DFEB4EEBBD6B:[5d663474-0ada-4287-b8f7-0a24fe94e308:172.17.0.2:40025] with ContainerStateMachine:uninitialized
2020-05-07 00:41:19,428 [pool-83-thread-1] INFO  server.RaftServerConfigKeys (ConfUtils.java:logGet(44)) - raft.server.rpc.timeout.min = 5s (custom)
2020-05-07 00:41:19,429 [pool-83-thread-1] INFO  server.RaftServerConfigKeys (ConfUtils.java:logGet(44)) - raft.server.rpc.timeout.max = 5200ms (custom)
2020-05-07 00:41:19,429 [pool-83-thread-1] INFO  server.RaftServerConfigKeys (ConfUtils.java:logGet(44)) - raft.server.rpcslowness.timeout = 300s (custom)
2020-05-07 00:41:19,429 [pool-83-thread-1] INFO  server.RaftServerConfigKeys (ConfUtils.java:logGet(44)) - raft.server.sleep.deviation.threshold = 300 (default)
2020-05-07 00:41:19,429 [pool-83-thread-1] INFO  server.RaftServerConfigKeys (ConfUtils.java:logGet(44)) - raft.server.log.appender.install.snapshot.enabled = false (custom)
2020-05-07 00:41:19,429 [pool-83-thread-1] INFO  impl.RaftServerImpl (ServerState.java:<init>(103)) - 5d663474-0ada-4287-b8f7-0a24fe94e308@group-DFEB4EEBBD6B: ConfigurationManager, init=-1: [5d663474-0ada-4287-b8f7-0a24fe94e308:172.17.0.2:40025], old=null, confs=<EMPTY_MAP>
2020-05-07 00:41:19,429 [pool-83-thread-1] INFO  server.RaftServerConfigKeys (ConfUtils.java:logGet(44)) - raft.server.storage.dir = [/github/workspace/mnt/ozone/hadoop-ozone/integration-test/target/test-dir/MiniOzoneClusterImpl-4309656b-5406-4bc5-8c34-9a373aba7a4c/datanode-3/data/ratis] (custom)
2020-05-07 00:41:19,429 [pool-83-thread-1] INFO  server.RaftServerConfigKeys (ConfUtils.java:logGet(44)) - raft.server.log.corruption.policy = EXCEPTION (default)
2020-05-07 00:41:19,430 [pool-83-thread-1] INFO  storage.RaftStorageDirectory (RaftStorageDirectory.java:analyzeStorage(261)) - The storage directory /github/workspace/mnt/ozone/hadoop-ozone/integration-test/target/test-dir/MiniOzoneClusterImpl-4309656b-5406-4bc5-8c34-9a373aba7a4c/datanode-3/data/ratis/ab48953b-8b48-49f8-a07b-dfeb4eebbd6b does not exist. Creating ...
2020-05-07 00:41:19,431 [pool-83-thread-1] INFO  storage.RaftStorageDirectory (RaftStorageDirectory.java:tryLock(343)) - Lock on /github/workspace/mnt/ozone/hadoop-ozone/integration-test/target/test-dir/MiniOzoneClusterImpl-4309656b-5406-4bc5-8c34-9a373aba7a4c/datanode-3/data/ratis/ab48953b-8b48-49f8-a07b-dfeb4eebbd6b/in_use.lock acquired by nodename 2553@7fe1756622b5
2020-05-07 00:41:19,432 [pool-83-thread-1] INFO  storage.RaftStorage (RaftStorage.java:format(84)) - Storage directory /github/workspace/mnt/ozone/hadoop-ozone/integration-test/target/test-dir/MiniOzoneClusterImpl-4309656b-5406-4bc5-8c34-9a373aba7a4c/datanode-3/data/ratis/ab48953b-8b48-49f8-a07b-dfeb4eebbd6b has been successfully formatted.
2020-05-07 00:41:19,432 [pool-67-thread-1] INFO  storage.RaftStorageDirectory (RaftStorageDirectory.java:tryLock(343)) - Lock on /github/workspace/mnt/ozone/hadoop-ozone/integration-test/target/test-dir/MiniOzoneClusterImpl-4309656b-5406-4bc5-8c34-9a373aba7a4c/datanode-2/data/ratis/ff54650d-e088-4b12-a539-a95aed492fe6/in_use.lock acquired by nodename 2553@7fe1756622b5
2020-05-07 00:41:19,438 [pool-83-thread-1] INFO  ratis.ContainerStateMachine (ContainerStateMachine.java:loadSnapshot(226)) - group-DFEB4EEBBD6B: The snapshot info is null. Setting the last applied indexto:(t:0, i:~)
2020-05-07 00:41:19,438 [pool-83-thread-1] INFO  server.RaftServerConfigKeys (ConfUtils.java:logGet(44)) - raft.server.notification.no-leader.timeout = 60s (default)
2020-05-07 00:41:19,438 [pool-83-thread-1] INFO  server.RaftServerConfigKeys (ConfUtils.java:logGet(44)) - raft.server.log.use.memory = false (default)
2020-05-07 00:41:19,438 [EventQueue-PipelineReportForPipelineReportHandler] INFO  pipeline.PipelineStateManager (PipelineStateManager.java:openPipeline(131)) - Pipeline Pipeline[ Id: ab48953b-8b48-49f8-a07b-dfeb4eebbd6b, Nodes: 5d663474-0ada-4287-b8f7-0a24fe94e308{ip: 172.17.0.2, host: 7fe1756622b5, networkLocation: /default-rack, certSerialId: null}, Type:RATIS, Factor:ONE, State:ALLOCATED, leaderId:5d663474-0ada-4287-b8f7-0a24fe94e308, CreationTimestamp2020-05-07T00:41:16.420Z] moved to OPEN state
2020-05-07 00:41:19,439 [EventQueue-OpenPipelineForOneReplicaPipelineSafeModeRule] INFO  safemode.SCMSafeModeManager (SCMSafeModeManager.java:validateSafeModeExitRules(213)) - AtleastOneDatanodeReportedRule rule is successfully validated
2020-05-07 00:41:19,439 [EventQueue-OpenPipelineForHealthyPipelineSafeModeRule] INFO  safemode.SCMSafeModeManager (HealthyPipelineSafeModeRule.java:process(132)) - SCM in safe mode. Healthy pipelines reported count is 0, required healthy pipeline reported count is 1
2020-05-07 00:41:19,439 [pool-83-thread-1] INFO  server.RaftServerConfigKeys (ConfUtils.java:logGet(44)) - raft.server.log.purge.gap = 1000000 (custom)
2020-05-07 00:41:19,439 [pool-83-thread-1] INFO  server.RaftServerConfigKeys (ConfUtils.java:logGet(44)) - raft.server.log.appender.buffer.byte-limit = 33554432 (custom)
2020-05-07 00:41:19,439 [pool-83-thread-1] INFO  server.RaftServerConfigKeys (ConfUtils.java:logGet(44)) - raft.server.log.segment.size.max = 1048576 (custom)
2020-05-07 00:41:19,439 [pool-83-thread-1] INFO  metrics.RatisMetrics (RatisMetrics.java:lambda$create$0(39)) - Creating Metrics Registry : ratis.log_worker.5d663474-0ada-4287-b8f7-0a24fe94e308
2020-05-07 00:41:19,439 [pool-83-thread-1] INFO  server.RaftServerConfigKeys (ConfUtils.java:logGet(44)) - raft.server.log.segment.cache.num.max = 2 (custom)
2020-05-07 00:41:19,439 [pool-83-thread-1] INFO  segmented.SegmentedRaftLogWorker (SegmentedRaftLogWorker.java:<init>(176)) - new 5d663474-0ada-4287-b8f7-0a24fe94e308@group-DFEB4EEBBD6B-SegmentedRaftLogWorker for RaftStorage:Storage Directory /github/workspace/mnt/ozone/hadoop-ozone/integration-test/target/test-dir/MiniOzoneClusterImpl-4309656b-5406-4bc5-8c34-9a373aba7a4c/datanode-3/data/ratis/ab48953b-8b48-49f8-a07b-dfeb4eebbd6b
2020-05-07 00:41:19,439 [pool-83-thread-1] INFO  server.RaftServerConfigKeys (ConfUtils.java:logGet(44)) - raft.server.log.queue.byte-limit = 2147483647 (custom)
2020-05-07 00:41:19,440 [pool-83-thread-1] INFO  server.RaftServerConfigKeys (ConfUtils.java:logGet(44)) - raft.server.log.queue.element-limit = 1024 (custom)
2020-05-07 00:41:19,440 [pool-83-thread-1] INFO  server.RaftServerConfigKeys (ConfUtils.java:logGet(44)) - raft.server.log.segment.size.max = 1048576 (custom)
2020-05-07 00:41:19,440 [pool-83-thread-1] INFO  server.RaftServerConfigKeys (ConfUtils.java:logGet(44)) - raft.server.log.preallocated.size = 16384 (custom)
2020-05-07 00:41:19,440 [pool-83-thread-1] INFO  server.RaftServerConfigKeys (ConfUtils.java:logGet(44)) - raft.server.log.write.buffer.size = 1048576 (custom)
2020-05-07 00:41:19,440 [pool-83-thread-1] INFO  server.RaftServerConfigKeys (ConfUtils.java:logGet(44)) - raft.server.log.force.sync.num = 128 (default)
2020-05-07 00:41:19,440 [pool-83-thread-1] INFO  server.RaftServerConfigKeys (ConfUtils.java:logGet(44)) - raft.server.log.statemachine.data.sync = true (default)
2020-05-07 00:41:19,440 [pool-83-thread-1] INFO  server.RaftServerConfigKeys (ConfUtils.java:logGet(44)) - raft.server.log.statemachine.data.sync.timeout = 10s (default)
2020-05-07 00:41:19,440 [pool-83-thread-1] INFO  server.RaftServerConfigKeys (ConfUtils.java:logGet(44)) - raft.server.log.statemachine.data.sync.timeout.retry = -1 (default)
2020-05-07 00:41:19,443 [pool-83-thread-1] INFO  server.RaftServerConfigKeys (ConfUtils.java:logGet(44)) - raft.server.log.statemachine.data.caching.enabled = true (custom)
2020-05-07 00:41:19,443 [pool-83-thread-1] INFO  segmented.SegmentedRaftLogWorker (SegmentedRaftLogWorker.java:lambda$new$0(129)) - 5d663474-0ada-4287-b8f7-0a24fe94e308@group-DFEB4EEBBD6B-SegmentedRaftLogWorker: flushIndex: setUnconditionally 0 -> -1
2020-05-07 00:41:19,443 [pool-67-thread-1] INFO  storage.RaftStorage (RaftStorage.java:format(84)) - Storage directory /github/workspace/mnt/ozone/hadoop-ozone/integration-test/target/test-dir/MiniOzoneClusterImpl-4309656b-5406-4bc5-8c34-9a373aba7a4c/datanode-2/data/ratis/ff54650d-e088-4b12-a539-a95aed492fe6 has been successfully formatted.
2020-05-07 00:41:19,444 [pool-67-thread-1] INFO  ratis.ContainerStateMachine (ContainerStateMachine.java:loadSnapshot(226)) - group-A95AED492FE6: The snapshot info is null. Setting the last applied indexto:(t:0, i:~)
2020-05-07 00:41:19,444 [pool-67-thread-1] INFO  server.RaftServerConfigKeys (ConfUtils.java:logGet(44)) - raft.server.notification.no-leader.timeout = 60s (default)
2020-05-07 00:41:19,444 [pool-67-thread-1] INFO  server.RaftServerConfigKeys (ConfUtils.java:logGet(44)) - raft.server.log.use.memory = false (default)
2020-05-07 00:41:19,444 [pool-67-thread-1] INFO  server.RaftServerConfigKeys (ConfUtils.java:logGet(44)) - raft.server.log.purge.gap = 1000000 (custom)
2020-05-07 00:41:19,444 [pool-67-thread-1] INFO  server.RaftServerConfigKeys (ConfUtils.java:logGet(44)) - raft.server.log.appender.buffer.byte-limit = 33554432 (custom)
2020-05-07 00:41:19,444 [pool-67-thread-1] INFO  server.RaftServerConfigKeys (ConfUtils.java:logGet(44)) - raft.server.log.segment.size.max = 1048576 (custom)
2020-05-07 00:41:19,444 [pool-67-thread-1] INFO  server.RaftServerConfigKeys (ConfUtils.java:logGet(44)) - raft.server.log.segment.cache.num.max = 2 (custom)
2020-05-07 00:41:19,444 [pool-67-thread-1] INFO  segmented.SegmentedRaftLogWorker (SegmentedRaftLogWorker.java:<init>(176)) - new bc4a541c-f62e-41d6-b4a1-614c81b276a8@group-A95AED492FE6-SegmentedRaftLogWorker for RaftStorage:Storage Directory /github/workspace/mnt/ozone/hadoop-ozone/integration-test/target/test-dir/MiniOzoneClusterImpl-4309656b-5406-4bc5-8c34-9a373aba7a4c/datanode-2/data/ratis/ff54650d-e088-4b12-a539-a95aed492fe6
2020-05-07 00:41:19,444 [pool-67-thread-1] INFO  server.RaftServerConfigKeys (ConfUtils.java:logGet(44)) - raft.server.log.queue.byte-limit = 2147483647 (custom)
2020-05-07 00:41:19,444 [pool-67-thread-1] INFO  server.RaftServerConfigKeys (ConfUtils.java:logGet(44)) - raft.server.log.queue.element-limit = 1024 (custom)
2020-05-07 00:41:19,444 [pool-67-thread-1] INFO  server.RaftServerConfigKeys (ConfUtils.java:logGet(44)) - raft.server.log.segment.size.max = 1048576 (custom)
2020-05-07 00:41:19,444 [pool-67-thread-1] INFO  server.RaftServerConfigKeys (ConfUtils.java:logGet(44)) - raft.server.log.preallocated.size = 16384 (custom)
2020-05-07 00:41:19,444 [pool-67-thread-1] INFO  server.RaftServerConfigKeys (ConfUtils.java:logGet(44)) - raft.server.log.write.buffer.size = 1048576 (custom)
2020-05-07 00:41:19,444 [pool-67-thread-1] INFO  server.RaftServerConfigKeys (ConfUtils.java:logGet(44)) - raft.server.log.force.sync.num = 128 (default)
2020-05-07 00:41:19,445 [pool-67-thread-1] INFO  server.RaftServerConfigKeys (ConfUtils.java:logGet(44)) - raft.server.log.statemachine.data.sync = true (default)
2020-05-07 00:41:19,445 [pool-67-thread-1] INFO  server.RaftServerConfigKeys (ConfUtils.java:logGet(44)) - raft.server.log.statemachine.data.sync.timeout = 10s (default)
2020-05-07 00:41:19,445 [pool-67-thread-1] INFO  server.RaftServerConfigKeys (ConfUtils.java:logGet(44)) - raft.server.log.statemachine.data.sync.timeout.retry = -1 (default)
2020-05-07 00:41:19,446 [pool-67-thread-1] INFO  server.RaftServerConfigKeys (ConfUtils.java:logGet(44)) - raft.server.log.statemachine.data.caching.enabled = true (custom)
2020-05-07 00:41:19,451 [pool-83-thread-1] INFO  server.RaftServerConfigKeys (ConfUtils.java:logGet(44)) - raft.server.snapshot.auto.trigger.enabled = true (custom)
2020-05-07 00:41:19,451 [pool-67-thread-1] INFO  segmented.SegmentedRaftLogWorker (SegmentedRaftLogWorker.java:lambda$new$0(129)) - bc4a541c-f62e-41d6-b4a1-614c81b276a8@group-A95AED492FE6-SegmentedRaftLogWorker: flushIndex: setUnconditionally 0 -> -1
2020-05-07 00:41:19,451 [pool-83-thread-1] INFO  server.RaftServerConfigKeys (ConfUtils.java:logGet(44)) - raft.server.snapshot.auto.trigger.threshold = 10000 (custom)
2020-05-07 00:41:19,452 [pool-83-thread-1] INFO  server.RaftServerConfigKeys (ConfUtils.java:logGet(44)) - raft.server.snapshot.retention.file.num = 5 (custom)
2020-05-07 00:41:19,452 [pool-67-thread-1] INFO  server.RaftServerConfigKeys (ConfUtils.java:logGet(44)) - raft.server.snapshot.auto.trigger.enabled = true (custom)
2020-05-07 00:41:19,452 [pool-67-thread-1] INFO  server.RaftServerConfigKeys (ConfUtils.java:logGet(44)) - raft.server.snapshot.auto.trigger.threshold = 10000 (custom)
2020-05-07 00:41:19,452 [pool-67-thread-1] INFO  server.RaftServerConfigKeys (ConfUtils.java:logGet(44)) - raft.server.snapshot.retention.file.num = 5 (custom)
2020-05-07 00:41:19,452 [pool-67-thread-1] INFO  server.RaftServerConfigKeys (ConfUtils.java:logGet(44)) - raft.server.log.purge.upto.snapshot.index = false (default)
2020-05-07 00:41:19,452 [pool-67-thread-1] INFO  server.RaftServerConfigKeys (ConfUtils.java:logGet(44)) - raft.server.retrycache.expirytime = 600000ms (custom)
2020-05-07 00:41:19,452 [pool-67-thread-1] INFO  metrics.RatisMetrics (RatisMetrics.java:lambda$create$0(39)) - Creating Metrics Registry : ratis.leader_election.bc4a541c-f62e-41d6-b4a1-614c81b276a8@group-A95AED492FE6
2020-05-07 00:41:19,452 [pool-83-thread-1] INFO  server.RaftServerConfigKeys (ConfUtils.java:logGet(44)) - raft.server.log.purge.upto.snapshot.index = false (default)
2020-05-07 00:41:19,452 [pool-83-thread-1] INFO  server.RaftServerConfigKeys (ConfUtils.java:logGet(44)) - raft.server.retrycache.expirytime = 600000ms (custom)
2020-05-07 00:41:19,453 [pool-83-thread-1] INFO  metrics.RatisMetrics (RatisMetrics.java:lambda$create$0(39)) - Creating Metrics Registry : ratis.leader_election.5d663474-0ada-4287-b8f7-0a24fe94e308@group-DFEB4EEBBD6B
2020-05-07 00:41:19,463 [pool-67-thread-1] INFO  metrics.RatisMetrics (RatisMetrics.java:lambda$create$0(39)) - Creating Metrics Registry : ratis.server.bc4a541c-f62e-41d6-b4a1-614c81b276a8@group-A95AED492FE6
2020-05-07 00:41:19,469 [pool-67-thread-1] INFO  impl.RaftServerImpl (RaftServerImpl.java:start(184)) - bc4a541c-f62e-41d6-b4a1-614c81b276a8@group-A95AED492FE6: start as a follower, conf=-1: [5d0655f0-c25b-473a-a070-0d978632f858:172.17.0.2:33731, bc4a541c-f62e-41d6-b4a1-614c81b276a8:172.17.0.2:44661, 43880261-676d-47ef-b311-3d20c3a92ec2:172.17.0.2:40753], old=null
2020-05-07 00:41:19,469 [pool-67-thread-1] INFO  impl.RaftServerImpl (RaftServerImpl.java:setRole(173)) - bc4a541c-f62e-41d6-b4a1-614c81b276a8@group-A95AED492FE6: changes role from      null to FOLLOWER at term 0 for startAsFollower
2020-05-07 00:41:19,469 [pool-67-thread-1] INFO  impl.RoleInfo (RoleInfo.java:updateAndGet(143)) - bc4a541c-f62e-41d6-b4a1-614c81b276a8: start FollowerState
2020-05-07 00:41:19,475 [pool-83-thread-1] INFO  metrics.RatisMetrics (RatisMetrics.java:lambda$create$0(39)) - Creating Metrics Registry : ratis.server.5d663474-0ada-4287-b8f7-0a24fe94e308@group-DFEB4EEBBD6B
2020-05-07 00:41:19,476 [pool-83-thread-1] INFO  impl.RaftServerImpl (RaftServerImpl.java:start(184)) - 5d663474-0ada-4287-b8f7-0a24fe94e308@group-DFEB4EEBBD6B: start as a follower, conf=-1: [5d663474-0ada-4287-b8f7-0a24fe94e308:172.17.0.2:40025], old=null
2020-05-07 00:41:19,476 [pool-83-thread-1] INFO  impl.RaftServerImpl (RaftServerImpl.java:setRole(173)) - 5d663474-0ada-4287-b8f7-0a24fe94e308@group-DFEB4EEBBD6B: changes role from      null to FOLLOWER at term 0 for startAsFollower
2020-05-07 00:41:19,479 [pool-67-thread-1] INFO  util.JmxRegister (JmxRegister.java:tryRegister(44)) - Successfully registered JMX Bean with object name Ratis:service=RaftServer,group=group-A95AED492FE6,id=bc4a541c-f62e-41d6-b4a1-614c81b276a8
2020-05-07 00:41:19,479 [pool-67-thread-1] INFO  metrics.RatisMetrics (RatisMetrics.java:lambda$create$0(39)) - Creating Metrics Registry : ratis.state_machine.bc4a541c-f62e-41d6-b4a1-614c81b276a8@group-A95AED492FE6
2020-05-07 00:41:19,493 [pool-83-thread-1] INFO  impl.RoleInfo (RoleInfo.java:updateAndGet(143)) - 5d663474-0ada-4287-b8f7-0a24fe94e308: start FollowerState
2020-05-07 00:41:19,516 [pool-83-thread-1] INFO  util.JmxRegister (JmxRegister.java:tryRegister(44)) - Successfully registered JMX Bean with object name Ratis:service=RaftServer,group=group-DFEB4EEBBD6B,id=5d663474-0ada-4287-b8f7-0a24fe94e308
2020-05-07 00:41:19,516 [pool-83-thread-1] INFO  metrics.RatisMetrics (RatisMetrics.java:lambda$create$0(39)) - Creating Metrics Registry : ratis.state_machine.5d663474-0ada-4287-b8f7-0a24fe94e308@group-DFEB4EEBBD6B
2020-05-07 00:41:19,518 [Command processor thread] INFO  commandhandler.CreatePipelineCommandHandler (CreatePipelineCommandHandler.java:handle(109)) - Created Pipeline RATIS ONE #id: "ab48953b-8b48-49f8-a07b-dfeb4eebbd6b"
.
2020-05-07 00:41:19,518 [Command processor thread] INFO  impl.RaftServerProxy (RaftServerProxy.java:addNew(89)) - 5d663474-0ada-4287-b8f7-0a24fe94e308: addNew group-9CE59A944174:[5d663474-0ada-4287-b8f7-0a24fe94e308:172.17.0.2:40025, 9e8913a8-5d01-463b-9a0c-134b51b3452a:172.17.0.2:46069, c457d337-7f02-4320-835f-bb92d00a572c:172.17.0.2:38199] returns group-9CE59A944174:java.util.concurrent.CompletableFuture@42efe6eb[Not completed]
2020-05-07 00:41:19,519 [pool-83-thread-1] INFO  impl.RaftServerImpl (RaftServerImpl.java:<init>(98)) - 5d663474-0ada-4287-b8f7-0a24fe94e308: new RaftServerImpl for group-9CE59A944174:[5d663474-0ada-4287-b8f7-0a24fe94e308:172.17.0.2:40025, 9e8913a8-5d01-463b-9a0c-134b51b3452a:172.17.0.2:46069, c457d337-7f02-4320-835f-bb92d00a572c:172.17.0.2:38199] with ContainerStateMachine:uninitialized
2020-05-07 00:41:19,519 [pool-83-thread-1] INFO  server.RaftServerConfigKeys (ConfUtils.java:logGet(44)) - raft.server.rpc.timeout.min = 5s (custom)
2020-05-07 00:41:19,520 [pool-83-thread-1] INFO  server.RaftServerConfigKeys (ConfUtils.java:logGet(44)) - raft.server.rpc.timeout.max = 5200ms (custom)
2020-05-07 00:41:19,520 [pool-83-thread-1] INFO  server.RaftServerConfigKeys (ConfUtils.java:logGet(44)) - raft.server.rpcslowness.timeout = 300s (custom)
2020-05-07 00:41:19,520 [pool-83-thread-1] INFO  server.RaftServerConfigKeys (ConfUtils.java:logGet(44)) - raft.server.sleep.deviation.threshold = 300 (default)
2020-05-07 00:41:19,520 [pool-83-thread-1] INFO  server.RaftServerConfigKeys (ConfUtils.java:logGet(44)) - raft.server.log.appender.install.snapshot.enabled = false (custom)
2020-05-07 00:41:19,520 [pool-83-thread-1] INFO  impl.RaftServerImpl (ServerState.java:<init>(103)) - 5d663474-0ada-4287-b8f7-0a24fe94e308@group-9CE59A944174: ConfigurationManager, init=-1: [5d663474-0ada-4287-b8f7-0a24fe94e308:172.17.0.2:40025, 9e8913a8-5d01-463b-9a0c-134b51b3452a:172.17.0.2:46069, c457d337-7f02-4320-835f-bb92d00a572c:172.17.0.2:38199], old=null, confs=<EMPTY_MAP>
2020-05-07 00:41:19,520 [pool-83-thread-1] INFO  server.RaftServerConfigKeys (ConfUtils.java:logGet(44)) - raft.server.storage.dir = [/github/workspace/mnt/ozone/hadoop-ozone/integration-test/target/test-dir/MiniOzoneClusterImpl-4309656b-5406-4bc5-8c34-9a373aba7a4c/datanode-3/data/ratis] (custom)
2020-05-07 00:41:19,520 [pool-83-thread-1] INFO  server.RaftServerConfigKeys (ConfUtils.java:logGet(44)) - raft.server.log.corruption.policy = EXCEPTION (default)
2020-05-07 00:41:19,520 [pool-83-thread-1] INFO  storage.RaftStorageDirectory (RaftStorageDirectory.java:analyzeStorage(261)) - The storage directory /github/workspace/mnt/ozone/hadoop-ozone/integration-test/target/test-dir/MiniOzoneClusterImpl-4309656b-5406-4bc5-8c34-9a373aba7a4c/datanode-3/data/ratis/78719136-ff1e-4bef-a11d-9ce59a944174 does not exist. Creating ...
2020-05-07 00:41:19,521 [pool-83-thread-1] INFO  storage.RaftStorageDirectory (RaftStorageDirectory.java:tryLock(343)) - Lock on /github/workspace/mnt/ozone/hadoop-ozone/integration-test/target/test-dir/MiniOzoneClusterImpl-4309656b-5406-4bc5-8c34-9a373aba7a4c/datanode-3/data/ratis/78719136-ff1e-4bef-a11d-9ce59a944174/in_use.lock acquired by nodename 2553@7fe1756622b5
2020-05-07 00:41:19,523 [pool-83-thread-1] INFO  storage.RaftStorage (RaftStorage.java:format(84)) - Storage directory /github/workspace/mnt/ozone/hadoop-ozone/integration-test/target/test-dir/MiniOzoneClusterImpl-4309656b-5406-4bc5-8c34-9a373aba7a4c/datanode-3/data/ratis/78719136-ff1e-4bef-a11d-9ce59a944174 has been successfully formatted.
2020-05-07 00:41:19,524 [pool-83-thread-1] INFO  ratis.ContainerStateMachine (ContainerStateMachine.java:loadSnapshot(226)) - group-9CE59A944174: The snapshot info is null. Setting the last applied indexto:(t:0, i:~)
2020-05-07 00:41:19,524 [pool-83-thread-1] INFO  server.RaftServerConfigKeys (ConfUtils.java:logGet(44)) - raft.server.notification.no-leader.timeout = 60s (default)
2020-05-07 00:41:19,525 [pool-83-thread-1] INFO  server.RaftServerConfigKeys (ConfUtils.java:logGet(44)) - raft.server.log.use.memory = false (default)
2020-05-07 00:41:19,525 [pool-83-thread-1] INFO  server.RaftServerConfigKeys (ConfUtils.java:logGet(44)) - raft.server.log.purge.gap = 1000000 (custom)
2020-05-07 00:41:19,525 [pool-83-thread-1] INFO  server.RaftServerConfigKeys (ConfUtils.java:logGet(44)) - raft.server.log.appender.buffer.byte-limit = 33554432 (custom)
2020-05-07 00:41:19,525 [pool-83-thread-1] INFO  server.RaftServerConfigKeys (ConfUtils.java:logGet(44)) - raft.server.log.segment.size.max = 1048576 (custom)
2020-05-07 00:41:19,525 [pool-83-thread-1] INFO  server.RaftServerConfigKeys (ConfUtils.java:logGet(44)) - raft.server.log.segment.cache.num.max = 2 (custom)
2020-05-07 00:41:19,526 [pool-83-thread-1] INFO  segmented.SegmentedRaftLogWorker (SegmentedRaftLogWorker.java:<init>(176)) - new 5d663474-0ada-4287-b8f7-0a24fe94e308@group-9CE59A944174-SegmentedRaftLogWorker for RaftStorage:Storage Directory /github/workspace/mnt/ozone/hadoop-ozone/integration-test/target/test-dir/MiniOzoneClusterImpl-4309656b-5406-4bc5-8c34-9a373aba7a4c/datanode-3/data/ratis/78719136-ff1e-4bef-a11d-9ce59a944174
2020-05-07 00:41:19,526 [pool-83-thread-1] INFO  server.RaftServerConfigKeys (ConfUtils.java:logGet(44)) - raft.server.log.queue.byte-limit = 2147483647 (custom)
2020-05-07 00:41:19,526 [pool-83-thread-1] INFO  server.RaftServerConfigKeys (ConfUtils.java:logGet(44)) - raft.server.log.queue.element-limit = 1024 (custom)
2020-05-07 00:41:19,526 [pool-83-thread-1] INFO  server.RaftServerConfigKeys (ConfUtils.java:logGet(44)) - raft.server.log.segment.size.max = 1048576 (custom)
2020-05-07 00:41:19,526 [pool-83-thread-1] INFO  server.RaftServerConfigKeys (ConfUtils.java:logGet(44)) - raft.server.log.preallocated.size = 16384 (custom)
2020-05-07 00:41:19,526 [pool-83-thread-1] INFO  server.RaftServerConfigKeys (ConfUtils.java:logGet(44)) - raft.server.log.write.buffer.size = 1048576 (custom)
2020-05-07 00:41:19,526 [pool-83-thread-1] INFO  server.RaftServerConfigKeys (ConfUtils.java:logGet(44)) - raft.server.log.force.sync.num = 128 (default)
2020-05-07 00:41:19,526 [pool-83-thread-1] INFO  server.RaftServerConfigKeys (ConfUtils.java:logGet(44)) - raft.server.log.statemachine.data.sync = true (default)
2020-05-07 00:41:19,526 [pool-83-thread-1] INFO  server.RaftServerConfigKeys (ConfUtils.java:logGet(44)) - raft.server.log.statemachine.data.sync.timeout = 10s (default)
2020-05-07 00:41:19,527 [pool-83-thread-1] INFO  server.RaftServerConfigKeys (ConfUtils.java:logGet(44)) - raft.server.log.statemachine.data.sync.timeout.retry = -1 (default)
2020-05-07 00:41:19,528 [pool-83-thread-1] INFO  server.RaftServerConfigKeys (ConfUtils.java:logGet(44)) - raft.server.log.statemachine.data.caching.enabled = true (custom)
2020-05-07 00:41:19,529 [pool-83-thread-1] INFO  segmented.SegmentedRaftLogWorker (SegmentedRaftLogWorker.java:lambda$new$0(129)) - 5d663474-0ada-4287-b8f7-0a24fe94e308@group-9CE59A944174-SegmentedRaftLogWorker: flushIndex: setUnconditionally 0 -> -1
2020-05-07 00:41:19,530 [pool-83-thread-1] INFO  server.RaftServerConfigKeys (ConfUtils.java:logGet(44)) - raft.server.snapshot.auto.trigger.enabled = true (custom)
2020-05-07 00:41:19,530 [pool-83-thread-1] INFO  server.RaftServerConfigKeys (ConfUtils.java:logGet(44)) - raft.server.snapshot.auto.trigger.threshold = 10000 (custom)
2020-05-07 00:41:19,530 [pool-83-thread-1] INFO  server.RaftServerConfigKeys (ConfUtils.java:logGet(44)) - raft.server.snapshot.retention.file.num = 5 (custom)
2020-05-07 00:41:19,530 [pool-83-thread-1] INFO  server.RaftServerConfigKeys (ConfUtils.java:logGet(44)) - raft.server.log.purge.upto.snapshot.index = false (default)
2020-05-07 00:41:19,530 [pool-83-thread-1] INFO  server.RaftServerConfigKeys (ConfUtils.java:logGet(44)) - raft.server.retrycache.expirytime = 600000ms (custom)
2020-05-07 00:41:19,530 [pool-83-thread-1] INFO  metrics.RatisMetrics (RatisMetrics.java:lambda$create$0(39)) - Creating Metrics Registry : ratis.leader_election.5d663474-0ada-4287-b8f7-0a24fe94e308@group-9CE59A944174
2020-05-07 00:41:19,531 [pool-83-thread-1] INFO  metrics.RatisMetrics (RatisMetrics.java:lambda$create$0(39)) - Creating Metrics Registry : ratis.server.5d663474-0ada-4287-b8f7-0a24fe94e308@group-9CE59A944174
2020-05-07 00:41:19,532 [Command processor thread] INFO  impl.RaftServerProxy (RaftServerProxy.java:addNew(89)) - c457d337-7f02-4320-835f-bb92d00a572c: addNew group-D037098EB4C0:[c457d337-7f02-4320-835f-bb92d00a572c:172.17.0.2:38199] returns group-D037098EB4C0:java.util.concurrent.CompletableFuture@4e5629cc[Not completed]
2020-05-07 00:41:19,544 [pool-83-thread-1] INFO  impl.RaftServerImpl (RaftServerImpl.java:start(184)) - 5d663474-0ada-4287-b8f7-0a24fe94e308@group-9CE59A944174: start as a follower, conf=-1: [5d663474-0ada-4287-b8f7-0a24fe94e308:172.17.0.2:40025, 9e8913a8-5d01-463b-9a0c-134b51b3452a:172.17.0.2:46069, c457d337-7f02-4320-835f-bb92d00a572c:172.17.0.2:38199], old=null
2020-05-07 00:41:19,544 [pool-83-thread-1] INFO  impl.RaftServerImpl (RaftServerImpl.java:setRole(173)) - 5d663474-0ada-4287-b8f7-0a24fe94e308@group-9CE59A944174: changes role from      null to FOLLOWER at term 0 for startAsFollower
2020-05-07 00:41:19,544 [pool-83-thread-1] INFO  impl.RoleInfo (RoleInfo.java:updateAndGet(143)) - 5d663474-0ada-4287-b8f7-0a24fe94e308: start FollowerState
2020-05-07 00:41:19,545 [pool-99-thread-1] INFO  impl.RaftServerImpl (RaftServerImpl.java:<init>(98)) - c457d337-7f02-4320-835f-bb92d00a572c: new RaftServerImpl for group-D037098EB4C0:[c457d337-7f02-4320-835f-bb92d00a572c:172.17.0.2:38199] with ContainerStateMachine:uninitialized
2020-05-07 00:41:19,545 [pool-99-thread-1] INFO  server.RaftServerConfigKeys (ConfUtils.java:logGet(44)) - raft.server.rpc.timeout.min = 5s (custom)
2020-05-07 00:41:19,545 [pool-99-thread-1] INFO  server.RaftServerConfigKeys (ConfUtils.java:logGet(44)) - raft.server.rpc.timeout.max = 5200ms (custom)
2020-05-07 00:41:19,545 [pool-99-thread-1] INFO  server.RaftServerConfigKeys (ConfUtils.java:logGet(44)) - raft.server.rpcslowness.timeout = 300s (custom)
2020-05-07 00:41:19,545 [pool-99-thread-1] INFO  server.RaftServerConfigKeys (ConfUtils.java:logGet(44)) - raft.server.sleep.deviation.threshold = 300 (default)
2020-05-07 00:41:19,545 [pool-99-thread-1] INFO  server.RaftServerConfigKeys (ConfUtils.java:logGet(44)) - raft.server.log.appender.install.snapshot.enabled = false (custom)
2020-05-07 00:41:19,545 [pool-99-thread-1] INFO  impl.RaftServerImpl (ServerState.java:<init>(103)) - c457d337-7f02-4320-835f-bb92d00a572c@group-D037098EB4C0: ConfigurationManager, init=-1: [c457d337-7f02-4320-835f-bb92d00a572c:172.17.0.2:38199], old=null, confs=<EMPTY_MAP>
2020-05-07 00:41:19,546 [pool-99-thread-1] INFO  server.RaftServerConfigKeys (ConfUtils.java:logGet(44)) - raft.server.storage.dir = [/github/workspace/mnt/ozone/hadoop-ozone/integration-test/target/test-dir/MiniOzoneClusterImpl-4309656b-5406-4bc5-8c34-9a373aba7a4c/datanode-4/data/ratis] (custom)
2020-05-07 00:41:19,546 [pool-99-thread-1] INFO  server.RaftServerConfigKeys (ConfUtils.java:logGet(44)) - raft.server.log.corruption.policy = EXCEPTION (default)
2020-05-07 00:41:19,546 [pool-99-thread-1] INFO  storage.RaftStorageDirectory (RaftStorageDirectory.java:analyzeStorage(261)) - The storage directory /github/workspace/mnt/ozone/hadoop-ozone/integration-test/target/test-dir/MiniOzoneClusterImpl-4309656b-5406-4bc5-8c34-9a373aba7a4c/datanode-4/data/ratis/0ea8db4c-d660-4e4c-8d75-d037098eb4c0 does not exist. Creating ...
2020-05-07 00:41:19,549 [pool-83-thread-1] INFO  util.JmxRegister (JmxRegister.java:tryRegister(44)) - Successfully registered JMX Bean with object name Ratis:service=RaftServer,group=group-9CE59A944174,id=5d663474-0ada-4287-b8f7-0a24fe94e308
2020-05-07 00:41:19,549 [pool-83-thread-1] INFO  metrics.RatisMetrics (RatisMetrics.java:lambda$create$0(39)) - Creating Metrics Registry : ratis.state_machine.5d663474-0ada-4287-b8f7-0a24fe94e308@group-9CE59A944174
2020-05-07 00:41:19,557 [pool-99-thread-1] INFO  storage.RaftStorageDirectory (RaftStorageDirectory.java:tryLock(343)) - Lock on /github/workspace/mnt/ozone/hadoop-ozone/integration-test/target/test-dir/MiniOzoneClusterImpl-4309656b-5406-4bc5-8c34-9a373aba7a4c/datanode-4/data/ratis/0ea8db4c-d660-4e4c-8d75-d037098eb4c0/in_use.lock acquired by nodename 2553@7fe1756622b5
2020-05-07 00:41:19,562 [pool-99-thread-1] INFO  storage.RaftStorage (RaftStorage.java:format(84)) - Storage directory /github/workspace/mnt/ozone/hadoop-ozone/integration-test/target/test-dir/MiniOzoneClusterImpl-4309656b-5406-4bc5-8c34-9a373aba7a4c/datanode-4/data/ratis/0ea8db4c-d660-4e4c-8d75-d037098eb4c0 has been successfully formatted.
2020-05-07 00:41:19,571 [pool-99-thread-1] INFO  ratis.ContainerStateMachine (ContainerStateMachine.java:loadSnapshot(226)) - group-D037098EB4C0: The snapshot info is null. Setting the last applied indexto:(t:0, i:~)
2020-05-07 00:41:19,571 [pool-99-thread-1] INFO  server.RaftServerConfigKeys (ConfUtils.java:logGet(44)) - raft.server.notification.no-leader.timeout = 60s (default)
2020-05-07 00:41:19,571 [pool-99-thread-1] INFO  server.RaftServerConfigKeys (ConfUtils.java:logGet(44)) - raft.server.log.use.memory = false (default)
2020-05-07 00:41:19,572 [pool-99-thread-1] INFO  server.RaftServerConfigKeys (ConfUtils.java:logGet(44)) - raft.server.log.purge.gap = 1000000 (custom)
2020-05-07 00:41:19,572 [pool-99-thread-1] INFO  server.RaftServerConfigKeys (ConfUtils.java:logGet(44)) - raft.server.log.appender.buffer.byte-limit = 33554432 (custom)
2020-05-07 00:41:19,572 [pool-99-thread-1] INFO  server.RaftServerConfigKeys (ConfUtils.java:logGet(44)) - raft.server.log.segment.size.max = 1048576 (custom)
2020-05-07 00:41:19,572 [pool-99-thread-1] INFO  metrics.RatisMetrics (RatisMetrics.java:lambda$create$0(39)) - Creating Metrics Registry : ratis.log_worker.c457d337-7f02-4320-835f-bb92d00a572c
2020-05-07 00:41:19,572 [EventQueue-PipelineReportForPipelineReportHandler] INFO  pipeline.PipelineStateManager (PipelineStateManager.java:openPipeline(131)) - Pipeline Pipeline[ Id: 0ea8db4c-d660-4e4c-8d75-d037098eb4c0, Nodes: c457d337-7f02-4320-835f-bb92d00a572c{ip: 172.17.0.2, host: 7fe1756622b5, networkLocation: /default-rack, certSerialId: null}, Type:RATIS, Factor:ONE, State:ALLOCATED, leaderId:c457d337-7f02-4320-835f-bb92d00a572c, CreationTimestamp2020-05-07T00:41:16.535Z] moved to OPEN state
2020-05-07 00:41:19,573 [EventQueue-OpenPipelineForOneReplicaPipelineSafeModeRule] INFO  safemode.SCMSafeModeManager (SCMSafeModeManager.java:validateSafeModeExitRules(213)) - AtleastOneDatanodeReportedRule rule is successfully validated
2020-05-07 00:41:19,573 [EventQueue-OpenPipelineForHealthyPipelineSafeModeRule] INFO  safemode.SCMSafeModeManager (HealthyPipelineSafeModeRule.java:process(132)) - SCM in safe mode. Healthy pipelines reported count is 0, required healthy pipeline reported count is 1
2020-05-07 00:41:19,582 [pool-99-thread-1] INFO  server.RaftServerConfigKeys (ConfUtils.java:logGet(44)) - raft.server.log.segment.cache.num.max = 2 (custom)
2020-05-07 00:41:19,583 [pool-99-thread-1] INFO  segmented.SegmentedRaftLogWorker (SegmentedRaftLogWorker.java:<init>(176)) - new c457d337-7f02-4320-835f-bb92d00a572c@group-D037098EB4C0-SegmentedRaftLogWorker for RaftStorage:Storage Directory /github/workspace/mnt/ozone/hadoop-ozone/integration-test/target/test-dir/MiniOzoneClusterImpl-4309656b-5406-4bc5-8c34-9a373aba7a4c/datanode-4/data/ratis/0ea8db4c-d660-4e4c-8d75-d037098eb4c0
2020-05-07 00:41:19,583 [pool-99-thread-1] INFO  server.RaftServerConfigKeys (ConfUtils.java:logGet(44)) - raft.server.log.queue.byte-limit = 2147483647 (custom)
2020-05-07 00:41:19,583 [pool-99-thread-1] INFO  server.RaftServerConfigKeys (ConfUtils.java:logGet(44)) - raft.server.log.queue.element-limit = 1024 (custom)
2020-05-07 00:41:19,583 [pool-99-thread-1] INFO  server.RaftServerConfigKeys (ConfUtils.java:logGet(44)) - raft.server.log.segment.size.max = 1048576 (custom)
2020-05-07 00:41:19,583 [pool-99-thread-1] INFO  server.RaftServerConfigKeys (ConfUtils.java:logGet(44)) - raft.server.log.preallocated.size = 16384 (custom)
2020-05-07 00:41:19,583 [pool-99-thread-1] INFO  server.RaftServerConfigKeys (ConfUtils.java:logGet(44)) - raft.server.log.write.buffer.size = 1048576 (custom)
2020-05-07 00:41:19,583 [pool-99-thread-1] INFO  server.RaftServerConfigKeys (ConfUtils.java:logGet(44)) - raft.server.log.force.sync.num = 128 (default)
2020-05-07 00:41:19,583 [pool-99-thread-1] INFO  server.RaftServerConfigKeys (ConfUtils.java:logGet(44)) - raft.server.log.statemachine.data.sync = true (default)
2020-05-07 00:41:19,583 [pool-99-thread-1] INFO  server.RaftServerConfigKeys (ConfUtils.java:logGet(44)) - raft.server.log.statemachine.data.sync.timeout = 10s (default)
2020-05-07 00:41:19,584 [pool-99-thread-1] INFO  server.RaftServerConfigKeys (ConfUtils.java:logGet(44)) - raft.server.log.statemachine.data.sync.timeout.retry = -1 (default)
2020-05-07 00:41:19,585 [pool-99-thread-1] INFO  server.RaftServerConfigKeys (ConfUtils.java:logGet(44)) - raft.server.log.statemachine.data.caching.enabled = true (custom)
2020-05-07 00:41:19,586 [pool-99-thread-1] INFO  segmented.SegmentedRaftLogWorker (SegmentedRaftLogWorker.java:lambda$new$0(129)) - c457d337-7f02-4320-835f-bb92d00a572c@group-D037098EB4C0-SegmentedRaftLogWorker: flushIndex: setUnconditionally 0 -> -1
2020-05-07 00:41:19,586 [pool-99-thread-1] INFO  server.RaftServerConfigKeys (ConfUtils.java:logGet(44)) - raft.server.snapshot.auto.trigger.enabled = true (custom)
2020-05-07 00:41:19,586 [pool-99-thread-1] INFO  server.RaftServerConfigKeys (ConfUtils.java:logGet(44)) - raft.server.snapshot.auto.trigger.threshold = 10000 (custom)
2020-05-07 00:41:19,586 [pool-99-thread-1] INFO  server.RaftServerConfigKeys (ConfUtils.java:logGet(44)) - raft.server.snapshot.retention.file.num = 5 (custom)
2020-05-07 00:41:19,586 [pool-99-thread-1] INFO  server.RaftServerConfigKeys (ConfUtils.java:logGet(44)) - raft.server.log.purge.upto.snapshot.index = false (default)
2020-05-07 00:41:19,587 [pool-99-thread-1] INFO  server.RaftServerConfigKeys (ConfUtils.java:logGet(44)) - raft.server.retrycache.expirytime = 600000ms (custom)
2020-05-07 00:41:19,587 [pool-99-thread-1] INFO  metrics.RatisMetrics (RatisMetrics.java:lambda$create$0(39)) - Creating Metrics Registry : ratis.leader_election.c457d337-7f02-4320-835f-bb92d00a572c@group-D037098EB4C0
2020-05-07 00:41:19,587 [pool-99-thread-1] INFO  metrics.RatisMetrics (RatisMetrics.java:lambda$create$0(39)) - Creating Metrics Registry : ratis.server.c457d337-7f02-4320-835f-bb92d00a572c@group-D037098EB4C0
2020-05-07 00:41:19,588 [pool-99-thread-1] INFO  impl.RaftServerImpl (RaftServerImpl.java:start(184)) - c457d337-7f02-4320-835f-bb92d00a572c@group-D037098EB4C0: start as a follower, conf=-1: [c457d337-7f02-4320-835f-bb92d00a572c:172.17.0.2:38199], old=null
2020-05-07 00:41:19,589 [pool-99-thread-1] INFO  impl.RaftServerImpl (RaftServerImpl.java:setRole(173)) - c457d337-7f02-4320-835f-bb92d00a572c@group-D037098EB4C0: changes role from      null to FOLLOWER at term 0 for startAsFollower
2020-05-07 00:41:19,589 [pool-99-thread-1] INFO  impl.RoleInfo (RoleInfo.java:updateAndGet(143)) - c457d337-7f02-4320-835f-bb92d00a572c: start FollowerState
2020-05-07 00:41:19,594 [pool-99-thread-1] INFO  util.JmxRegister (JmxRegister.java:tryRegister(44)) - Successfully registered JMX Bean with object name Ratis:service=RaftServer,group=group-D037098EB4C0,id=c457d337-7f02-4320-835f-bb92d00a572c
2020-05-07 00:41:19,595 [pool-99-thread-1] INFO  metrics.RatisMetrics (RatisMetrics.java:lambda$create$0(39)) - Creating Metrics Registry : ratis.state_machine.c457d337-7f02-4320-835f-bb92d00a572c@group-D037098EB4C0
2020-05-07 00:41:19,600 [Command processor thread] INFO  commandhandler.CreatePipelineCommandHandler (CreatePipelineCommandHandler.java:handle(109)) - Created Pipeline RATIS ONE #id: "0ea8db4c-d660-4e4c-8d75-d037098eb4c0"
.
2020-05-07 00:41:19,601 [Command processor thread] INFO  impl.RaftServerProxy (RaftServerProxy.java:addNew(89)) - c457d337-7f02-4320-835f-bb92d00a572c: addNew group-9CE59A944174:[5d663474-0ada-4287-b8f7-0a24fe94e308:172.17.0.2:40025, 9e8913a8-5d01-463b-9a0c-134b51b3452a:172.17.0.2:46069, c457d337-7f02-4320-835f-bb92d00a572c:172.17.0.2:38199] returns group-9CE59A944174:java.util.concurrent.CompletableFuture@4a69a4de[Not completed]
2020-05-07 00:41:19,609 [pool-99-thread-1] INFO  impl.RaftServerImpl (RaftServerImpl.java:<init>(98)) - c457d337-7f02-4320-835f-bb92d00a572c: new RaftServerImpl for group-9CE59A944174:[5d663474-0ada-4287-b8f7-0a24fe94e308:172.17.0.2:40025, 9e8913a8-5d01-463b-9a0c-134b51b3452a:172.17.0.2:46069, c457d337-7f02-4320-835f-bb92d00a572c:172.17.0.2:38199] with ContainerStateMachine:uninitialized
2020-05-07 00:41:19,609 [pool-99-thread-1] INFO  server.RaftServerConfigKeys (ConfUtils.java:logGet(44)) - raft.server.rpc.timeout.min = 5s (custom)
2020-05-07 00:41:19,609 [pool-99-thread-1] INFO  server.RaftServerConfigKeys (ConfUtils.java:logGet(44)) - raft.server.rpc.timeout.max = 5200ms (custom)
2020-05-07 00:41:19,610 [pool-99-thread-1] INFO  server.RaftServerConfigKeys (ConfUtils.java:logGet(44)) - raft.server.rpcslowness.timeout = 300s (custom)
2020-05-07 00:41:19,610 [pool-99-thread-1] INFO  server.RaftServerConfigKeys (ConfUtils.java:logGet(44)) - raft.server.sleep.deviation.threshold = 300 (default)
2020-05-07 00:41:19,610 [pool-99-thread-1] INFO  server.RaftServerConfigKeys (ConfUtils.java:logGet(44)) - raft.server.log.appender.install.snapshot.enabled = false (custom)
2020-05-07 00:41:19,610 [pool-99-thread-1] INFO  impl.RaftServerImpl (ServerState.java:<init>(103)) - c457d337-7f02-4320-835f-bb92d00a572c@group-9CE59A944174: ConfigurationManager, init=-1: [5d663474-0ada-4287-b8f7-0a24fe94e308:172.17.0.2:40025, 9e8913a8-5d01-463b-9a0c-134b51b3452a:172.17.0.2:46069, c457d337-7f02-4320-835f-bb92d00a572c:172.17.0.2:38199], old=null, confs=<EMPTY_MAP>
2020-05-07 00:41:19,610 [pool-99-thread-1] INFO  server.RaftServerConfigKeys (ConfUtils.java:logGet(44)) - raft.server.storage.dir = [/github/workspace/mnt/ozone/hadoop-ozone/integration-test/target/test-dir/MiniOzoneClusterImpl-4309656b-5406-4bc5-8c34-9a373aba7a4c/datanode-4/data/ratis] (custom)
2020-05-07 00:41:19,611 [pool-99-thread-1] INFO  server.RaftServerConfigKeys (ConfUtils.java:logGet(44)) - raft.server.log.corruption.policy = EXCEPTION (default)
2020-05-07 00:41:19,611 [pool-99-thread-1] INFO  storage.RaftStorageDirectory (RaftStorageDirectory.java:analyzeStorage(261)) - The storage directory /github/workspace/mnt/ozone/hadoop-ozone/integration-test/target/test-dir/MiniOzoneClusterImpl-4309656b-5406-4bc5-8c34-9a373aba7a4c/datanode-4/data/ratis/78719136-ff1e-4bef-a11d-9ce59a944174 does not exist. Creating ...
2020-05-07 00:41:19,612 [pool-99-thread-1] INFO  storage.RaftStorageDirectory (RaftStorageDirectory.java:tryLock(343)) - Lock on /github/workspace/mnt/ozone/hadoop-ozone/integration-test/target/test-dir/MiniOzoneClusterImpl-4309656b-5406-4bc5-8c34-9a373aba7a4c/datanode-4/data/ratis/78719136-ff1e-4bef-a11d-9ce59a944174/in_use.lock acquired by nodename 2553@7fe1756622b5
2020-05-07 00:41:19,613 [pool-99-thread-1] INFO  storage.RaftStorage (RaftStorage.java:format(84)) - Storage directory /github/workspace/mnt/ozone/hadoop-ozone/integration-test/target/test-dir/MiniOzoneClusterImpl-4309656b-5406-4bc5-8c34-9a373aba7a4c/datanode-4/data/ratis/78719136-ff1e-4bef-a11d-9ce59a944174 has been successfully formatted.
2020-05-07 00:41:19,621 [Command processor thread] INFO  impl.RaftServerProxy (RaftServerProxy.java:addNew(89)) - 9e8913a8-5d01-463b-9a0c-134b51b3452a: addNew group-2164109966DE:[9e8913a8-5d01-463b-9a0c-134b51b3452a:172.17.0.2:46069] returns group-2164109966DE:java.util.concurrent.CompletableFuture@2da82179[Not completed]
2020-05-07 00:41:19,622 [pool-99-thread-1] INFO  ratis.ContainerStateMachine (ContainerStateMachine.java:loadSnapshot(226)) - group-9CE59A944174: The snapshot info is null. Setting the last applied indexto:(t:0, i:~)
2020-05-07 00:41:19,622 [pool-99-thread-1] INFO  server.RaftServerConfigKeys (ConfUtils.java:logGet(44)) - raft.server.notification.no-leader.timeout = 60s (default)
2020-05-07 00:41:19,622 [pool-99-thread-1] INFO  server.RaftServerConfigKeys (ConfUtils.java:logGet(44)) - raft.server.log.use.memory = false (default)
2020-05-07 00:41:19,622 [pool-99-thread-1] INFO  server.RaftServerConfigKeys (ConfUtils.java:logGet(44)) - raft.server.log.purge.gap = 1000000 (custom)
2020-05-07 00:41:19,622 [pool-99-thread-1] INFO  server.RaftServerConfigKeys (ConfUtils.java:logGet(44)) - raft.server.log.appender.buffer.byte-limit = 33554432 (custom)
2020-05-07 00:41:19,622 [pool-99-thread-1] INFO  server.RaftServerConfigKeys (ConfUtils.java:logGet(44)) - raft.server.log.segment.size.max = 1048576 (custom)
2020-05-07 00:41:19,622 [pool-99-thread-1] INFO  server.RaftServerConfigKeys (ConfUtils.java:logGet(44)) - raft.server.log.segment.cache.num.max = 2 (custom)
2020-05-07 00:41:19,622 [pool-99-thread-1] INFO  segmented.SegmentedRaftLogWorker (SegmentedRaftLogWorker.java:<init>(176)) - new c457d337-7f02-4320-835f-bb92d00a572c@group-9CE59A944174-SegmentedRaftLogWorker for RaftStorage:Storage Directory /github/workspace/mnt/ozone/hadoop-ozone/integration-test/target/test-dir/MiniOzoneClusterImpl-4309656b-5406-4bc5-8c34-9a373aba7a4c/datanode-4/data/ratis/78719136-ff1e-4bef-a11d-9ce59a944174
2020-05-07 00:41:19,622 [pool-99-thread-1] INFO  server.RaftServerConfigKeys (ConfUtils.java:logGet(44)) - raft.server.log.queue.byte-limit = 2147483647 (custom)
2020-05-07 00:41:19,622 [pool-99-thread-1] INFO  server.RaftServerConfigKeys (ConfUtils.java:logGet(44)) - raft.server.log.queue.element-limit = 1024 (custom)
2020-05-07 00:41:19,622 [pool-99-thread-1] INFO  server.RaftServerConfigKeys (ConfUtils.java:logGet(44)) - raft.server.log.segment.size.max = 1048576 (custom)
2020-05-07 00:41:19,622 [pool-99-thread-1] INFO  server.RaftServerConfigKeys (ConfUtils.java:logGet(44)) - raft.server.log.preallocated.size = 16384 (custom)
2020-05-07 00:41:19,623 [pool-99-thread-1] INFO  server.RaftServerConfigKeys (ConfUtils.java:logGet(44)) - raft.server.log.write.buffer.size = 1048576 (custom)
2020-05-07 00:41:19,623 [pool-99-thread-1] INFO  server.RaftServerConfigKeys (ConfUtils.java:logGet(44)) - raft.server.log.force.sync.num = 128 (default)
2020-05-07 00:41:19,623 [pool-99-thread-1] INFO  server.RaftServerConfigKeys (ConfUtils.java:logGet(44)) - raft.server.log.statemachine.data.sync = true (default)
2020-05-07 00:41:19,623 [pool-99-thread-1] INFO  server.RaftServerConfigKeys (ConfUtils.java:logGet(44)) - raft.server.log.statemachine.data.sync.timeout = 10s (default)
2020-05-07 00:41:19,623 [pool-99-thread-1] INFO  server.RaftServerConfigKeys (ConfUtils.java:logGet(44)) - raft.server.log.statemachine.data.sync.timeout.retry = -1 (default)
2020-05-07 00:41:19,624 [pool-99-thread-1] INFO  server.RaftServerConfigKeys (ConfUtils.java:logGet(44)) - raft.server.log.statemachine.data.caching.enabled = true (custom)
2020-05-07 00:41:19,625 [pool-99-thread-1] INFO  segmented.SegmentedRaftLogWorker (SegmentedRaftLogWorker.java:lambda$new$0(129)) - c457d337-7f02-4320-835f-bb92d00a572c@group-9CE59A944174-SegmentedRaftLogWorker: flushIndex: setUnconditionally 0 -> -1
2020-05-07 00:41:19,630 [pool-115-thread-1] INFO  impl.RaftServerImpl (RaftServerImpl.java:<init>(98)) - 9e8913a8-5d01-463b-9a0c-134b51b3452a: new RaftServerImpl for group-2164109966DE:[9e8913a8-5d01-463b-9a0c-134b51b3452a:172.17.0.2:46069] with ContainerStateMachine:uninitialized
2020-05-07 00:41:19,631 [pool-115-thread-1] INFO  server.RaftServerConfigKeys (ConfUtils.java:logGet(44)) - raft.server.rpc.timeout.min = 5s (custom)
2020-05-07 00:41:19,631 [pool-115-thread-1] INFO  server.RaftServerConfigKeys (ConfUtils.java:logGet(44)) - raft.server.rpc.timeout.max = 5200ms (custom)
2020-05-07 00:41:19,631 [pool-115-thread-1] INFO  server.RaftServerConfigKeys (ConfUtils.java:logGet(44)) - raft.server.rpcslowness.timeout = 300s (custom)
2020-05-07 00:41:19,631 [pool-115-thread-1] INFO  server.RaftServerConfigKeys (ConfUtils.java:logGet(44)) - raft.server.sleep.deviation.threshold = 300 (default)
2020-05-07 00:41:19,631 [pool-115-thread-1] INFO  server.RaftServerConfigKeys (ConfUtils.java:logGet(44)) - raft.server.log.appender.install.snapshot.enabled = false (custom)
2020-05-07 00:41:19,631 [pool-115-thread-1] INFO  impl.RaftServerImpl (ServerState.java:<init>(103)) - 9e8913a8-5d01-463b-9a0c-134b51b3452a@group-2164109966DE: ConfigurationManager, init=-1: [9e8913a8-5d01-463b-9a0c-134b51b3452a:172.17.0.2:46069], old=null, confs=<EMPTY_MAP>
2020-05-07 00:41:19,631 [pool-115-thread-1] INFO  server.RaftServerConfigKeys (ConfUtils.java:logGet(44)) - raft.server.storage.dir = [/github/workspace/mnt/ozone/hadoop-ozone/integration-test/target/test-dir/MiniOzoneClusterImpl-4309656b-5406-4bc5-8c34-9a373aba7a4c/datanode-5/data/ratis] (custom)
2020-05-07 00:41:19,632 [pool-115-thread-1] INFO  server.RaftServerConfigKeys (ConfUtils.java:logGet(44)) - raft.server.log.corruption.policy = EXCEPTION (default)
2020-05-07 00:41:19,632 [pool-115-thread-1] INFO  storage.RaftStorageDirectory (RaftStorageDirectory.java:analyzeStorage(261)) - The storage directory /github/workspace/mnt/ozone/hadoop-ozone/integration-test/target/test-dir/MiniOzoneClusterImpl-4309656b-5406-4bc5-8c34-9a373aba7a4c/datanode-5/data/ratis/0d7089be-f158-43be-ae44-2164109966de does not exist. Creating ...
2020-05-07 00:41:19,634 [pool-99-thread-1] INFO  server.RaftServerConfigKeys (ConfUtils.java:logGet(44)) - raft.server.snapshot.auto.trigger.enabled = true (custom)
2020-05-07 00:41:19,634 [pool-99-thread-1] INFO  server.RaftServerConfigKeys (ConfUtils.java:logGet(44)) - raft.server.snapshot.auto.trigger.threshold = 10000 (custom)
2020-05-07 00:41:19,634 [pool-99-thread-1] INFO  server.RaftServerConfigKeys (ConfUtils.java:logGet(44)) - raft.server.snapshot.retention.file.num = 5 (custom)
2020-05-07 00:41:19,634 [pool-99-thread-1] INFO  server.RaftServerConfigKeys (ConfUtils.java:logGet(44)) - raft.server.log.purge.upto.snapshot.index = false (default)
2020-05-07 00:41:19,634 [pool-99-thread-1] INFO  server.RaftServerConfigKeys (ConfUtils.java:logGet(44)) - raft.server.retrycache.expirytime = 600000ms (custom)
2020-05-07 00:41:19,634 [pool-99-thread-1] INFO  metrics.RatisMetrics (RatisMetrics.java:lambda$create$0(39)) - Creating Metrics Registry : ratis.leader_election.c457d337-7f02-4320-835f-bb92d00a572c@group-9CE59A944174
2020-05-07 00:41:19,635 [pool-99-thread-1] INFO  metrics.RatisMetrics (RatisMetrics.java:lambda$create$0(39)) - Creating Metrics Registry : ratis.server.c457d337-7f02-4320-835f-bb92d00a572c@group-9CE59A944174
2020-05-07 00:41:19,636 [pool-99-thread-1] INFO  impl.RaftServerImpl (RaftServerImpl.java:start(184)) - c457d337-7f02-4320-835f-bb92d00a572c@group-9CE59A944174: start as a follower, conf=-1: [5d663474-0ada-4287-b8f7-0a24fe94e308:172.17.0.2:40025, 9e8913a8-5d01-463b-9a0c-134b51b3452a:172.17.0.2:46069, c457d337-7f02-4320-835f-bb92d00a572c:172.17.0.2:38199], old=null
2020-05-07 00:41:19,636 [pool-99-thread-1] INFO  impl.RaftServerImpl (RaftServerImpl.java:setRole(173)) - c457d337-7f02-4320-835f-bb92d00a572c@group-9CE59A944174: changes role from      null to FOLLOWER at term 0 for startAsFollower
2020-05-07 00:41:19,640 [pool-99-thread-1] INFO  impl.RoleInfo (RoleInfo.java:updateAndGet(143)) - c457d337-7f02-4320-835f-bb92d00a572c: start FollowerState
2020-05-07 00:41:19,640 [pool-115-thread-1] INFO  storage.RaftStorageDirectory (RaftStorageDirectory.java:tryLock(343)) - Lock on /github/workspace/mnt/ozone/hadoop-ozone/integration-test/target/test-dir/MiniOzoneClusterImpl-4309656b-5406-4bc5-8c34-9a373aba7a4c/datanode-5/data/ratis/0d7089be-f158-43be-ae44-2164109966de/in_use.lock acquired by nodename 2553@7fe1756622b5
2020-05-07 00:41:19,641 [pool-115-thread-1] INFO  storage.RaftStorage (RaftStorage.java:format(84)) - Storage directory /github/workspace/mnt/ozone/hadoop-ozone/integration-test/target/test-dir/MiniOzoneClusterImpl-4309656b-5406-4bc5-8c34-9a373aba7a4c/datanode-5/data/ratis/0d7089be-f158-43be-ae44-2164109966de has been successfully formatted.
2020-05-07 00:41:19,655 [pool-115-thread-1] INFO  ratis.ContainerStateMachine (ContainerStateMachine.java:loadSnapshot(226)) - group-2164109966DE: The snapshot info is null. Setting the last applied indexto:(t:0, i:~)
2020-05-07 00:41:19,655 [pool-115-thread-1] INFO  server.RaftServerConfigKeys (ConfUtils.java:logGet(44)) - raft.server.notification.no-leader.timeout = 60s (default)
2020-05-07 00:41:19,655 [pool-115-thread-1] INFO  server.RaftServerConfigKeys (ConfUtils.java:logGet(44)) - raft.server.log.use.memory = false (default)
2020-05-07 00:41:19,656 [pool-115-thread-1] INFO  server.RaftServerConfigKeys (ConfUtils.java:logGet(44)) - raft.server.log.purge.gap = 1000000 (custom)
2020-05-07 00:41:19,659 [pool-99-thread-1] INFO  util.JmxRegister (JmxRegister.java:tryRegister(44)) - Successfully registered JMX Bean with object name Ratis:service=RaftServer,group=group-9CE59A944174,id=c457d337-7f02-4320-835f-bb92d00a572c
2020-05-07 00:41:19,659 [pool-99-thread-1] INFO  metrics.RatisMetrics (RatisMetrics.java:lambda$create$0(39)) - Creating Metrics Registry : ratis.state_machine.c457d337-7f02-4320-835f-bb92d00a572c@group-9CE59A944174
2020-05-07 00:41:19,664 [pool-115-thread-1] INFO  server.RaftServerConfigKeys (ConfUtils.java:logGet(44)) - raft.server.log.appender.buffer.byte-limit = 33554432 (custom)
2020-05-07 00:41:19,664 [pool-115-thread-1] INFO  server.RaftServerConfigKeys (ConfUtils.java:logGet(44)) - raft.server.log.segment.size.max = 1048576 (custom)
2020-05-07 00:41:19,664 [pool-115-thread-1] INFO  metrics.RatisMetrics (RatisMetrics.java:lambda$create$0(39)) - Creating Metrics Registry : ratis.log_worker.9e8913a8-5d01-463b-9a0c-134b51b3452a
2020-05-07 00:41:19,665 [pool-115-thread-1] INFO  server.RaftServerConfigKeys (ConfUtils.java:logGet(44)) - raft.server.log.segment.cache.num.max = 2 (custom)
2020-05-07 00:41:19,665 [pool-115-thread-1] INFO  segmented.SegmentedRaftLogWorker (SegmentedRaftLogWorker.java:<init>(176)) - new 9e8913a8-5d01-463b-9a0c-134b51b3452a@group-2164109966DE-SegmentedRaftLogWorker for RaftStorage:Storage Directory /github/workspace/mnt/ozone/hadoop-ozone/integration-test/target/test-dir/MiniOzoneClusterImpl-4309656b-5406-4bc5-8c34-9a373aba7a4c/datanode-5/data/ratis/0d7089be-f158-43be-ae44-2164109966de
2020-05-07 00:41:19,665 [pool-115-thread-1] INFO  server.RaftServerConfigKeys (ConfUtils.java:logGet(44)) - raft.server.log.queue.byte-limit = 2147483647 (custom)
2020-05-07 00:41:19,665 [pool-115-thread-1] INFO  server.RaftServerConfigKeys (ConfUtils.java:logGet(44)) - raft.server.log.queue.element-limit = 1024 (custom)
2020-05-07 00:41:19,665 [pool-115-thread-1] INFO  server.RaftServerConfigKeys (ConfUtils.java:logGet(44)) - raft.server.log.segment.size.max = 1048576 (custom)
2020-05-07 00:41:19,665 [pool-115-thread-1] INFO  server.RaftServerConfigKeys (ConfUtils.java:logGet(44)) - raft.server.log.preallocated.size = 16384 (custom)
2020-05-07 00:41:19,665 [pool-115-thread-1] INFO  server.RaftServerConfigKeys (ConfUtils.java:logGet(44)) - raft.server.log.write.buffer.size = 1048576 (custom)
2020-05-07 00:41:19,665 [pool-115-thread-1] INFO  server.RaftServerConfigKeys (ConfUtils.java:logGet(44)) - raft.server.log.force.sync.num = 128 (default)
2020-05-07 00:41:19,665 [pool-115-thread-1] INFO  server.RaftServerConfigKeys (ConfUtils.java:logGet(44)) - raft.server.log.statemachine.data.sync = true (default)
2020-05-07 00:41:19,665 [pool-115-thread-1] INFO  server.RaftServerConfigKeys (ConfUtils.java:logGet(44)) - raft.server.log.statemachine.data.sync.timeout = 10s (default)
2020-05-07 00:41:19,665 [pool-115-thread-1] INFO  server.RaftServerConfigKeys (ConfUtils.java:logGet(44)) - raft.server.log.statemachine.data.sync.timeout.retry = -1 (default)
2020-05-07 00:41:19,671 [EventQueue-PipelineReportForPipelineReportHandler] INFO  pipeline.PipelineStateManager (PipelineStateManager.java:openPipeline(131)) - Pipeline Pipeline[ Id: 0d7089be-f158-43be-ae44-2164109966de, Nodes: 9e8913a8-5d01-463b-9a0c-134b51b3452a{ip: 172.17.0.2, host: 7fe1756622b5, networkLocation: /default-rack, certSerialId: null}, Type:RATIS, Factor:ONE, State:ALLOCATED, leaderId:9e8913a8-5d01-463b-9a0c-134b51b3452a, CreationTimestamp2020-05-07T00:41:16.621Z] moved to OPEN state
2020-05-07 00:41:19,672 [EventQueue-OpenPipelineForOneReplicaPipelineSafeModeRule] INFO  safemode.SCMSafeModeManager (SCMSafeModeManager.java:validateSafeModeExitRules(213)) - AtleastOneDatanodeReportedRule rule is successfully validated
2020-05-07 00:41:19,672 [EventQueue-OpenPipelineForHealthyPipelineSafeModeRule] INFO  safemode.SCMSafeModeManager (HealthyPipelineSafeModeRule.java:process(132)) - SCM in safe mode. Healthy pipelines reported count is 0, required healthy pipeline reported count is 1
2020-05-07 00:41:19,677 [pool-115-thread-1] INFO  server.RaftServerConfigKeys (ConfUtils.java:logGet(44)) - raft.server.log.statemachine.data.caching.enabled = true (custom)
2020-05-07 00:41:19,677 [pool-115-thread-1] INFO  segmented.SegmentedRaftLogWorker (SegmentedRaftLogWorker.java:lambda$new$0(129)) - 9e8913a8-5d01-463b-9a0c-134b51b3452a@group-2164109966DE-SegmentedRaftLogWorker: flushIndex: setUnconditionally 0 -> -1
2020-05-07 00:41:19,678 [pool-115-thread-1] INFO  server.RaftServerConfigKeys (ConfUtils.java:logGet(44)) - raft.server.snapshot.auto.trigger.enabled = true (custom)
2020-05-07 00:41:19,678 [pool-115-thread-1] INFO  server.RaftServerConfigKeys (ConfUtils.java:logGet(44)) - raft.server.snapshot.auto.trigger.threshold = 10000 (custom)
2020-05-07 00:41:19,678 [pool-115-thread-1] INFO  server.RaftServerConfigKeys (ConfUtils.java:logGet(44)) - raft.server.snapshot.retention.file.num = 5 (custom)
2020-05-07 00:41:19,678 [pool-115-thread-1] INFO  server.RaftServerConfigKeys (ConfUtils.java:logGet(44)) - raft.server.log.purge.upto.snapshot.index = false (default)
2020-05-07 00:41:19,678 [pool-115-thread-1] INFO  server.RaftServerConfigKeys (ConfUtils.java:logGet(44)) - raft.server.retrycache.expirytime = 600000ms (custom)
2020-05-07 00:41:19,679 [pool-115-thread-1] INFO  metrics.RatisMetrics (RatisMetrics.java:lambda$create$0(39)) - Creating Metrics Registry : ratis.leader_election.9e8913a8-5d01-463b-9a0c-134b51b3452a@group-2164109966DE
2020-05-07 00:41:19,680 [pool-115-thread-1] INFO  metrics.RatisMetrics (RatisMetrics.java:lambda$create$0(39)) - Creating Metrics Registry : ratis.server.9e8913a8-5d01-463b-9a0c-134b51b3452a@group-2164109966DE
2020-05-07 00:41:19,681 [pool-115-thread-1] INFO  impl.RaftServerImpl (RaftServerImpl.java:start(184)) - 9e8913a8-5d01-463b-9a0c-134b51b3452a@group-2164109966DE: start as a follower, conf=-1: [9e8913a8-5d01-463b-9a0c-134b51b3452a:172.17.0.2:46069], old=null
2020-05-07 00:41:19,681 [pool-115-thread-1] INFO  impl.RaftServerImpl (RaftServerImpl.java:setRole(173)) - 9e8913a8-5d01-463b-9a0c-134b51b3452a@group-2164109966DE: changes role from      null to FOLLOWER at term 0 for startAsFollower
2020-05-07 00:41:19,682 [pool-115-thread-1] INFO  impl.RoleInfo (RoleInfo.java:updateAndGet(143)) - 9e8913a8-5d01-463b-9a0c-134b51b3452a: start FollowerState
2020-05-07 00:41:19,699 [pool-115-thread-1] INFO  util.JmxRegister (JmxRegister.java:tryRegister(44)) - Successfully registered JMX Bean with object name Ratis:service=RaftServer,group=group-2164109966DE,id=9e8913a8-5d01-463b-9a0c-134b51b3452a
2020-05-07 00:41:19,699 [pool-115-thread-1] INFO  metrics.RatisMetrics (RatisMetrics.java:lambda$create$0(39)) - Creating Metrics Registry : ratis.state_machine.9e8913a8-5d01-463b-9a0c-134b51b3452a@group-2164109966DE
2020-05-07 00:41:19,711 [Command processor thread] INFO  commandhandler.CreatePipelineCommandHandler (CreatePipelineCommandHandler.java:handle(109)) - Created Pipeline RATIS ONE #id: "0d7089be-f158-43be-ae44-2164109966de"
.
2020-05-07 00:41:19,714 [Command processor thread] INFO  impl.RaftServerProxy (RaftServerProxy.java:addNew(89)) - 9e8913a8-5d01-463b-9a0c-134b51b3452a: addNew group-9CE59A944174:[5d663474-0ada-4287-b8f7-0a24fe94e308:172.17.0.2:40025, 9e8913a8-5d01-463b-9a0c-134b51b3452a:172.17.0.2:46069, c457d337-7f02-4320-835f-bb92d00a572c:172.17.0.2:38199] returns group-9CE59A944174:java.util.concurrent.CompletableFuture@2997b014[Not completed]
2020-05-07 00:41:19,715 [pool-115-thread-1] INFO  impl.RaftServerImpl (RaftServerImpl.java:<init>(98)) - 9e8913a8-5d01-463b-9a0c-134b51b3452a: new RaftServerImpl for group-9CE59A944174:[5d663474-0ada-4287-b8f7-0a24fe94e308:172.17.0.2:40025, 9e8913a8-5d01-463b-9a0c-134b51b3452a:172.17.0.2:46069, c457d337-7f02-4320-835f-bb92d00a572c:172.17.0.2:38199] with ContainerStateMachine:uninitialized
2020-05-07 00:41:19,716 [pool-115-thread-1] INFO  server.RaftServerConfigKeys (ConfUtils.java:logGet(44)) - raft.server.rpc.timeout.min = 5s (custom)
2020-05-07 00:41:19,716 [pool-115-thread-1] INFO  server.RaftServerConfigKeys (ConfUtils.java:logGet(44)) - raft.server.rpc.timeout.max = 5200ms (custom)
2020-05-07 00:41:19,716 [pool-115-thread-1] INFO  server.RaftServerConfigKeys (ConfUtils.java:logGet(44)) - raft.server.rpcslowness.timeout = 300s (custom)
2020-05-07 00:41:19,716 [pool-115-thread-1] INFO  server.RaftServerConfigKeys (ConfUtils.java:logGet(44)) - raft.server.sleep.deviation.threshold = 300 (default)
2020-05-07 00:41:19,717 [pool-115-thread-1] INFO  server.RaftServerConfigKeys (ConfUtils.java:logGet(44)) - raft.server.log.appender.install.snapshot.enabled = false (custom)
2020-05-07 00:41:19,717 [pool-115-thread-1] INFO  impl.RaftServerImpl (ServerState.java:<init>(103)) - 9e8913a8-5d01-463b-9a0c-134b51b3452a@group-9CE59A944174: ConfigurationManager, init=-1: [5d663474-0ada-4287-b8f7-0a24fe94e308:172.17.0.2:40025, 9e8913a8-5d01-463b-9a0c-134b51b3452a:172.17.0.2:46069, c457d337-7f02-4320-835f-bb92d00a572c:172.17.0.2:38199], old=null, confs=<EMPTY_MAP>
2020-05-07 00:41:19,717 [pool-115-thread-1] INFO  server.RaftServerConfigKeys (ConfUtils.java:logGet(44)) - raft.server.storage.dir = [/github/workspace/mnt/ozone/hadoop-ozone/integration-test/target/test-dir/MiniOzoneClusterImpl-4309656b-5406-4bc5-8c34-9a373aba7a4c/datanode-5/data/ratis] (custom)
2020-05-07 00:41:19,717 [pool-115-thread-1] INFO  server.RaftServerConfigKeys (ConfUtils.java:logGet(44)) - raft.server.log.corruption.policy = EXCEPTION (default)
2020-05-07 00:41:19,718 [pool-115-thread-1] INFO  storage.RaftStorageDirectory (RaftStorageDirectory.java:analyzeStorage(261)) - The storage directory /github/workspace/mnt/ozone/hadoop-ozone/integration-test/target/test-dir/MiniOzoneClusterImpl-4309656b-5406-4bc5-8c34-9a373aba7a4c/datanode-5/data/ratis/78719136-ff1e-4bef-a11d-9ce59a944174 does not exist. Creating ...
2020-05-07 00:41:19,720 [pool-115-thread-1] INFO  storage.RaftStorageDirectory (RaftStorageDirectory.java:tryLock(343)) - Lock on /github/workspace/mnt/ozone/hadoop-ozone/integration-test/target/test-dir/MiniOzoneClusterImpl-4309656b-5406-4bc5-8c34-9a373aba7a4c/datanode-5/data/ratis/78719136-ff1e-4bef-a11d-9ce59a944174/in_use.lock acquired by nodename 2553@7fe1756622b5
2020-05-07 00:41:19,721 [pool-115-thread-1] INFO  storage.RaftStorage (RaftStorage.java:format(84)) - Storage directory /github/workspace/mnt/ozone/hadoop-ozone/integration-test/target/test-dir/MiniOzoneClusterImpl-4309656b-5406-4bc5-8c34-9a373aba7a4c/datanode-5/data/ratis/78719136-ff1e-4bef-a11d-9ce59a944174 has been successfully formatted.
2020-05-07 00:41:19,722 [pool-115-thread-1] INFO  ratis.ContainerStateMachine (ContainerStateMachine.java:loadSnapshot(226)) - group-9CE59A944174: The snapshot info is null. Setting the last applied indexto:(t:0, i:~)
2020-05-07 00:41:19,722 [pool-115-thread-1] INFO  server.RaftServerConfigKeys (ConfUtils.java:logGet(44)) - raft.server.notification.no-leader.timeout = 60s (default)
2020-05-07 00:41:19,722 [pool-115-thread-1] INFO  server.RaftServerConfigKeys (ConfUtils.java:logGet(44)) - raft.server.log.use.memory = false (default)
2020-05-07 00:41:19,722 [pool-115-thread-1] INFO  server.RaftServerConfigKeys (ConfUtils.java:logGet(44)) - raft.server.log.purge.gap = 1000000 (custom)
2020-05-07 00:41:19,722 [pool-115-thread-1] INFO  server.RaftServerConfigKeys (ConfUtils.java:logGet(44)) - raft.server.log.appender.buffer.byte-limit = 33554432 (custom)
2020-05-07 00:41:19,722 [pool-115-thread-1] INFO  server.RaftServerConfigKeys (ConfUtils.java:logGet(44)) - raft.server.log.segment.size.max = 1048576 (custom)
2020-05-07 00:41:19,722 [pool-115-thread-1] INFO  server.RaftServerConfigKeys (ConfUtils.java:logGet(44)) - raft.server.log.segment.cache.num.max = 2 (custom)
2020-05-07 00:41:19,726 [pool-115-thread-1] INFO  segmented.SegmentedRaftLogWorker (SegmentedRaftLogWorker.java:<init>(176)) - new 9e8913a8-5d01-463b-9a0c-134b51b3452a@group-9CE59A944174-SegmentedRaftLogWorker for RaftStorage:Storage Directory /github/workspace/mnt/ozone/hadoop-ozone/integration-test/target/test-dir/MiniOzoneClusterImpl-4309656b-5406-4bc5-8c34-9a373aba7a4c/datanode-5/data/ratis/78719136-ff1e-4bef-a11d-9ce59a944174
2020-05-07 00:41:19,731 [pool-115-thread-1] INFO  server.RaftServerConfigKeys (ConfUtils.java:logGet(44)) - raft.server.log.queue.byte-limit = 2147483647 (custom)
2020-05-07 00:41:19,731 [pool-115-thread-1] INFO  server.RaftServerConfigKeys (ConfUtils.java:logGet(44)) - raft.server.log.queue.element-limit = 1024 (custom)
2020-05-07 00:41:19,731 [pool-115-thread-1] INFO  server.RaftServerConfigKeys (ConfUtils.java:logGet(44)) - raft.server.log.segment.size.max = 1048576 (custom)
2020-05-07 00:41:19,733 [pool-115-thread-1] INFO  server.RaftServerConfigKeys (ConfUtils.java:logGet(44)) - raft.server.log.preallocated.size = 16384 (custom)
2020-05-07 00:41:19,733 [pool-115-thread-1] INFO  server.RaftServerConfigKeys (ConfUtils.java:logGet(44)) - raft.server.log.write.buffer.size = 1048576 (custom)
2020-05-07 00:41:19,733 [pool-115-thread-1] INFO  server.RaftServerConfigKeys (ConfUtils.java:logGet(44)) - raft.server.log.force.sync.num = 128 (default)
2020-05-07 00:41:19,743 [pool-115-thread-1] INFO  server.RaftServerConfigKeys (ConfUtils.java:logGet(44)) - raft.server.log.statemachine.data.sync = true (default)
2020-05-07 00:41:19,743 [pool-115-thread-1] INFO  server.RaftServerConfigKeys (ConfUtils.java:logGet(44)) - raft.server.log.statemachine.data.sync.timeout = 10s (default)
2020-05-07 00:41:19,743 [pool-115-thread-1] INFO  server.RaftServerConfigKeys (ConfUtils.java:logGet(44)) - raft.server.log.statemachine.data.sync.timeout.retry = -1 (default)
2020-05-07 00:41:19,744 [pool-115-thread-1] INFO  server.RaftServerConfigKeys (ConfUtils.java:logGet(44)) - raft.server.log.statemachine.data.caching.enabled = true (custom)
2020-05-07 00:41:19,744 [pool-115-thread-1] INFO  segmented.SegmentedRaftLogWorker (SegmentedRaftLogWorker.java:lambda$new$0(129)) - 9e8913a8-5d01-463b-9a0c-134b51b3452a@group-9CE59A944174-SegmentedRaftLogWorker: flushIndex: setUnconditionally 0 -> -1
2020-05-07 00:41:19,745 [pool-115-thread-1] INFO  server.RaftServerConfigKeys (ConfUtils.java:logGet(44)) - raft.server.snapshot.auto.trigger.enabled = true (custom)
2020-05-07 00:41:19,745 [pool-115-thread-1] INFO  server.RaftServerConfigKeys (ConfUtils.java:logGet(44)) - raft.server.snapshot.auto.trigger.threshold = 10000 (custom)
2020-05-07 00:41:19,745 [pool-115-thread-1] INFO  server.RaftServerConfigKeys (ConfUtils.java:logGet(44)) - raft.server.snapshot.retention.file.num = 5 (custom)
2020-05-07 00:41:19,745 [pool-115-thread-1] INFO  server.RaftServerConfigKeys (ConfUtils.java:logGet(44)) - raft.server.log.purge.upto.snapshot.index = false (default)
2020-05-07 00:41:19,745 [pool-115-thread-1] INFO  server.RaftServerConfigKeys (ConfUtils.java:logGet(44)) - raft.server.retrycache.expirytime = 600000ms (custom)
2020-05-07 00:41:19,745 [pool-115-thread-1] INFO  metrics.RatisMetrics (RatisMetrics.java:lambda$create$0(39)) - Creating Metrics Registry : ratis.leader_election.9e8913a8-5d01-463b-9a0c-134b51b3452a@group-9CE59A944174
2020-05-07 00:41:19,746 [pool-115-thread-1] INFO  metrics.RatisMetrics (RatisMetrics.java:lambda$create$0(39)) - Creating Metrics Registry : ratis.server.9e8913a8-5d01-463b-9a0c-134b51b3452a@group-9CE59A944174
2020-05-07 00:41:19,748 [pool-115-thread-1] INFO  impl.RaftServerImpl (RaftServerImpl.java:start(184)) - 9e8913a8-5d01-463b-9a0c-134b51b3452a@group-9CE59A944174: start as a follower, conf=-1: [5d663474-0ada-4287-b8f7-0a24fe94e308:172.17.0.2:40025, 9e8913a8-5d01-463b-9a0c-134b51b3452a:172.17.0.2:46069, c457d337-7f02-4320-835f-bb92d00a572c:172.17.0.2:38199], old=null
2020-05-07 00:41:19,748 [pool-115-thread-1] INFO  impl.RaftServerImpl (RaftServerImpl.java:setRole(173)) - 9e8913a8-5d01-463b-9a0c-134b51b3452a@group-9CE59A944174: changes role from      null to FOLLOWER at term 0 for startAsFollower
2020-05-07 00:41:19,748 [pool-115-thread-1] INFO  impl.RoleInfo (RoleInfo.java:updateAndGet(143)) - 9e8913a8-5d01-463b-9a0c-134b51b3452a: start FollowerState
2020-05-07 00:41:19,759 [pool-115-thread-1] INFO  util.JmxRegister (JmxRegister.java:tryRegister(44)) - Successfully registered JMX Bean with object name Ratis:service=RaftServer,group=group-9CE59A944174,id=9e8913a8-5d01-463b-9a0c-134b51b3452a
2020-05-07 00:41:19,759 [pool-115-thread-1] INFO  metrics.RatisMetrics (RatisMetrics.java:lambda$create$0(39)) - Creating Metrics Registry : ratis.state_machine.9e8913a8-5d01-463b-9a0c-134b51b3452a@group-9CE59A944174
2020-05-07 00:41:19,781 [Command processor thread] INFO  impl.RaftServerProxy (RaftServerProxy.java:addNew(89)) - ef585da5-85b4-4e5c-8dc1-37cc22327528: addNew group-2BE7217ACCE5:[ef585da5-85b4-4e5c-8dc1-37cc22327528:172.17.0.2:45241] returns group-2BE7217ACCE5:java.util.concurrent.CompletableFuture@26a5bd3f[Not completed]
2020-05-07 00:41:19,792 [pool-131-thread-1] INFO  impl.RaftServerImpl (RaftServerImpl.java:<init>(98)) - ef585da5-85b4-4e5c-8dc1-37cc22327528: new RaftServerImpl for group-2BE7217ACCE5:[ef585da5-85b4-4e5c-8dc1-37cc22327528:172.17.0.2:45241] with ContainerStateMachine:uninitialized
2020-05-07 00:41:19,792 [pool-131-thread-1] INFO  server.RaftServerConfigKeys (ConfUtils.java:logGet(44)) - raft.server.rpc.timeout.min = 5s (custom)
2020-05-07 00:41:19,792 [pool-131-thread-1] INFO  server.RaftServerConfigKeys (ConfUtils.java:logGet(44)) - raft.server.rpc.timeout.max = 5200ms (custom)
2020-05-07 00:41:19,792 [pool-131-thread-1] INFO  server.RaftServerConfigKeys (ConfUtils.java:logGet(44)) - raft.server.rpcslowness.timeout = 300s (custom)
2020-05-07 00:41:19,792 [pool-131-thread-1] INFO  server.RaftServerConfigKeys (ConfUtils.java:logGet(44)) - raft.server.sleep.deviation.threshold = 300 (default)
2020-05-07 00:41:19,792 [pool-131-thread-1] INFO  server.RaftServerConfigKeys (ConfUtils.java:logGet(44)) - raft.server.log.appender.install.snapshot.enabled = false (custom)
2020-05-07 00:41:19,792 [pool-131-thread-1] INFO  impl.RaftServerImpl (ServerState.java:<init>(103)) - ef585da5-85b4-4e5c-8dc1-37cc22327528@group-2BE7217ACCE5: ConfigurationManager, init=-1: [ef585da5-85b4-4e5c-8dc1-37cc22327528:172.17.0.2:45241], old=null, confs=<EMPTY_MAP>
2020-05-07 00:41:19,793 [pool-131-thread-1] INFO  server.RaftServerConfigKeys (ConfUtils.java:logGet(44)) - raft.server.storage.dir = [/github/workspace/mnt/ozone/hadoop-ozone/integration-test/target/test-dir/MiniOzoneClusterImpl-4309656b-5406-4bc5-8c34-9a373aba7a4c/datanode-6/data/ratis] (custom)
2020-05-07 00:41:19,793 [pool-131-thread-1] INFO  server.RaftServerConfigKeys (ConfUtils.java:logGet(44)) - raft.server.log.corruption.policy = EXCEPTION (default)
2020-05-07 00:41:19,793 [pool-131-thread-1] INFO  storage.RaftStorageDirectory (RaftStorageDirectory.java:analyzeStorage(261)) - The storage directory /github/workspace/mnt/ozone/hadoop-ozone/integration-test/target/test-dir/MiniOzoneClusterImpl-4309656b-5406-4bc5-8c34-9a373aba7a4c/datanode-6/data/ratis/e2b3002f-d49b-439e-be5f-2be7217acce5 does not exist. Creating ...
2020-05-07 00:41:19,810 [pool-131-thread-1] INFO  storage.RaftStorageDirectory (RaftStorageDirectory.java:tryLock(343)) - Lock on /github/workspace/mnt/ozone/hadoop-ozone/integration-test/target/test-dir/MiniOzoneClusterImpl-4309656b-5406-4bc5-8c34-9a373aba7a4c/datanode-6/data/ratis/e2b3002f-d49b-439e-be5f-2be7217acce5/in_use.lock acquired by nodename 2553@7fe1756622b5
2020-05-07 00:41:19,812 [pool-131-thread-1] INFO  storage.RaftStorage (RaftStorage.java:format(84)) - Storage directory /github/workspace/mnt/ozone/hadoop-ozone/integration-test/target/test-dir/MiniOzoneClusterImpl-4309656b-5406-4bc5-8c34-9a373aba7a4c/datanode-6/data/ratis/e2b3002f-d49b-439e-be5f-2be7217acce5 has been successfully formatted.
2020-05-07 00:41:19,816 [pool-131-thread-1] INFO  ratis.ContainerStateMachine (ContainerStateMachine.java:loadSnapshot(226)) - group-2BE7217ACCE5: The snapshot info is null. Setting the last applied indexto:(t:0, i:~)
2020-05-07 00:41:19,816 [pool-131-thread-1] INFO  server.RaftServerConfigKeys (ConfUtils.java:logGet(44)) - raft.server.notification.no-leader.timeout = 60s (default)
2020-05-07 00:41:19,816 [pool-131-thread-1] INFO  server.RaftServerConfigKeys (ConfUtils.java:logGet(44)) - raft.server.log.use.memory = false (default)
2020-05-07 00:41:19,816 [pool-131-thread-1] INFO  server.RaftServerConfigKeys (ConfUtils.java:logGet(44)) - raft.server.log.purge.gap = 1000000 (custom)
2020-05-07 00:41:19,817 [pool-131-thread-1] INFO  server.RaftServerConfigKeys (ConfUtils.java:logGet(44)) - raft.server.log.appender.buffer.byte-limit = 33554432 (custom)
2020-05-07 00:41:19,818 [EventQueue-PipelineReportForPipelineReportHandler] INFO  pipeline.PipelineStateManager (PipelineStateManager.java:openPipeline(131)) - Pipeline Pipeline[ Id: e2b3002f-d49b-439e-be5f-2be7217acce5, Nodes: ef585da5-85b4-4e5c-8dc1-37cc22327528{ip: 172.17.0.2, host: 7fe1756622b5, networkLocation: /default-rack, certSerialId: null}, Type:RATIS, Factor:ONE, State:ALLOCATED, leaderId:ef585da5-85b4-4e5c-8dc1-37cc22327528, CreationTimestamp2020-05-07T00:41:16.748Z] moved to OPEN state
2020-05-07 00:41:19,820 [pool-131-thread-1] INFO  server.RaftServerConfigKeys (ConfUtils.java:logGet(44)) - raft.server.log.segment.size.max = 1048576 (custom)
2020-05-07 00:41:19,820 [EventQueue-OpenPipelineForHealthyPipelineSafeModeRule] INFO  safemode.SCMSafeModeManager (HealthyPipelineSafeModeRule.java:process(132)) - SCM in safe mode. Healthy pipelines reported count is 0, required healthy pipeline reported count is 1
2020-05-07 00:41:19,820 [EventQueue-OpenPipelineForOneReplicaPipelineSafeModeRule] INFO  safemode.SCMSafeModeManager (SCMSafeModeManager.java:validateSafeModeExitRules(213)) - AtleastOneDatanodeReportedRule rule is successfully validated
2020-05-07 00:41:19,820 [pool-131-thread-1] INFO  metrics.RatisMetrics (RatisMetrics.java:lambda$create$0(39)) - Creating Metrics Registry : ratis.log_worker.ef585da5-85b4-4e5c-8dc1-37cc22327528
2020-05-07 00:41:19,821 [pool-131-thread-1] INFO  server.RaftServerConfigKeys (ConfUtils.java:logGet(44)) - raft.server.log.segment.cache.num.max = 2 (custom)
2020-05-07 00:41:19,821 [pool-131-thread-1] INFO  segmented.SegmentedRaftLogWorker (SegmentedRaftLogWorker.java:<init>(176)) - new ef585da5-85b4-4e5c-8dc1-37cc22327528@group-2BE7217ACCE5-SegmentedRaftLogWorker for RaftStorage:Storage Directory /github/workspace/mnt/ozone/hadoop-ozone/integration-test/target/test-dir/MiniOzoneClusterImpl-4309656b-5406-4bc5-8c34-9a373aba7a4c/datanode-6/data/ratis/e2b3002f-d49b-439e-be5f-2be7217acce5
2020-05-07 00:41:19,821 [pool-131-thread-1] INFO  server.RaftServerConfigKeys (ConfUtils.java:logGet(44)) - raft.server.log.queue.byte-limit = 2147483647 (custom)
2020-05-07 00:41:19,821 [pool-131-thread-1] INFO  server.RaftServerConfigKeys (ConfUtils.java:logGet(44)) - raft.server.log.queue.element-limit = 1024 (custom)
2020-05-07 00:41:19,821 [pool-131-thread-1] INFO  server.RaftServerConfigKeys (ConfUtils.java:logGet(44)) - raft.server.log.segment.size.max = 1048576 (custom)
2020-05-07 00:41:19,821 [pool-131-thread-1] INFO  server.RaftServerConfigKeys (ConfUtils.java:logGet(44)) - raft.server.log.preallocated.size = 16384 (custom)
2020-05-07 00:41:19,821 [pool-131-thread-1] INFO  server.RaftServerConfigKeys (ConfUtils.java:logGet(44)) - raft.server.log.write.buffer.size = 1048576 (custom)
2020-05-07 00:41:19,822 [pool-131-thread-1] INFO  server.RaftServerConfigKeys (ConfUtils.java:logGet(44)) - raft.server.log.force.sync.num = 128 (default)
2020-05-07 00:41:19,822 [pool-131-thread-1] INFO  server.RaftServerConfigKeys (ConfUtils.java:logGet(44)) - raft.server.log.statemachine.data.sync = true (default)
2020-05-07 00:41:19,822 [pool-131-thread-1] INFO  server.RaftServerConfigKeys (ConfUtils.java:logGet(44)) - raft.server.log.statemachine.data.sync.timeout = 10s (default)
2020-05-07 00:41:19,822 [pool-131-thread-1] INFO  server.RaftServerConfigKeys (ConfUtils.java:logGet(44)) - raft.server.log.statemachine.data.sync.timeout.retry = -1 (default)
2020-05-07 00:41:19,824 [pool-131-thread-1] INFO  server.RaftServerConfigKeys (ConfUtils.java:logGet(44)) - raft.server.log.statemachine.data.caching.enabled = true (custom)
2020-05-07 00:41:19,825 [pool-131-thread-1] INFO  segmented.SegmentedRaftLogWorker (SegmentedRaftLogWorker.java:lambda$new$0(129)) - ef585da5-85b4-4e5c-8dc1-37cc22327528@group-2BE7217ACCE5-SegmentedRaftLogWorker: flushIndex: setUnconditionally 0 -> -1
2020-05-07 00:41:19,838 [pool-131-thread-1] INFO  server.RaftServerConfigKeys (ConfUtils.java:logGet(44)) - raft.server.snapshot.auto.trigger.enabled = true (custom)
2020-05-07 00:41:19,839 [pool-131-thread-1] INFO  server.RaftServerConfigKeys (ConfUtils.java:logGet(44)) - raft.server.snapshot.auto.trigger.threshold = 10000 (custom)
2020-05-07 00:41:19,839 [pool-131-thread-1] INFO  server.RaftServerConfigKeys (ConfUtils.java:logGet(44)) - raft.server.snapshot.retention.file.num = 5 (custom)
2020-05-07 00:41:19,839 [pool-131-thread-1] INFO  server.RaftServerConfigKeys (ConfUtils.java:logGet(44)) - raft.server.log.purge.upto.snapshot.index = false (default)
2020-05-07 00:41:19,839 [pool-131-thread-1] INFO  server.RaftServerConfigKeys (ConfUtils.java:logGet(44)) - raft.server.retrycache.expirytime = 600000ms (custom)
2020-05-07 00:41:19,839 [pool-131-thread-1] INFO  metrics.RatisMetrics (RatisMetrics.java:lambda$create$0(39)) - Creating Metrics Registry : ratis.leader_election.ef585da5-85b4-4e5c-8dc1-37cc22327528@group-2BE7217ACCE5
2020-05-07 00:41:19,840 [pool-131-thread-1] INFO  metrics.RatisMetrics (RatisMetrics.java:lambda$create$0(39)) - Creating Metrics Registry : ratis.server.ef585da5-85b4-4e5c-8dc1-37cc22327528@group-2BE7217ACCE5
2020-05-07 00:41:19,840 [pool-131-thread-1] INFO  impl.RaftServerImpl (RaftServerImpl.java:start(184)) - ef585da5-85b4-4e5c-8dc1-37cc22327528@group-2BE7217ACCE5: start as a follower, conf=-1: [ef585da5-85b4-4e5c-8dc1-37cc22327528:172.17.0.2:45241], old=null
2020-05-07 00:41:19,841 [pool-131-thread-1] INFO  impl.RaftServerImpl (RaftServerImpl.java:setRole(173)) - ef585da5-85b4-4e5c-8dc1-37cc22327528@group-2BE7217ACCE5: changes role from      null to FOLLOWER at term 0 for startAsFollower
2020-05-07 00:41:19,841 [pool-131-thread-1] INFO  impl.RoleInfo (RoleInfo.java:updateAndGet(143)) - ef585da5-85b4-4e5c-8dc1-37cc22327528: start FollowerState
2020-05-07 00:41:19,847 [pool-131-thread-1] INFO  util.JmxRegister (JmxRegister.java:tryRegister(44)) - Successfully registered JMX Bean with object name Ratis:service=RaftServer,group=group-2BE7217ACCE5,id=ef585da5-85b4-4e5c-8dc1-37cc22327528
2020-05-07 00:41:19,847 [pool-131-thread-1] INFO  metrics.RatisMetrics (RatisMetrics.java:lambda$create$0(39)) - Creating Metrics Registry : ratis.state_machine.ef585da5-85b4-4e5c-8dc1-37cc22327528@group-2BE7217ACCE5
2020-05-07 00:41:19,855 [Command processor thread] INFO  commandhandler.CreatePipelineCommandHandler (CreatePipelineCommandHandler.java:handle(109)) - Created Pipeline RATIS ONE #id: "e2b3002f-d49b-439e-be5f-2be7217acce5"
.
2020-05-07 00:41:19,855 [Command processor thread] INFO  impl.RaftServerProxy (RaftServerProxy.java:addNew(89)) - ef585da5-85b4-4e5c-8dc1-37cc22327528: addNew group-D89445E6143F:[f9d6d60b-ab5b-4a08-a0ef-ccb2f7c778b8:172.17.0.2:39475, 7dd03a18-1435-4be1-bd80-9d608de327dc:172.17.0.2:42383, ef585da5-85b4-4e5c-8dc1-37cc22327528:172.17.0.2:45241] returns group-D89445E6143F:java.util.concurrent.CompletableFuture@229a3d33[Not completed]
2020-05-07 00:41:19,857 [pool-131-thread-1] INFO  impl.RaftServerImpl (RaftServerImpl.java:<init>(98)) - ef585da5-85b4-4e5c-8dc1-37cc22327528: new RaftServerImpl for group-D89445E6143F:[f9d6d60b-ab5b-4a08-a0ef-ccb2f7c778b8:172.17.0.2:39475, 7dd03a18-1435-4be1-bd80-9d608de327dc:172.17.0.2:42383, ef585da5-85b4-4e5c-8dc1-37cc22327528:172.17.0.2:45241] with ContainerStateMachine:uninitialized
2020-05-07 00:41:19,857 [pool-131-thread-1] INFO  server.RaftServerConfigKeys (ConfUtils.java:logGet(44)) - raft.server.rpc.timeout.min = 5s (custom)
2020-05-07 00:41:19,857 [pool-131-thread-1] INFO  server.RaftServerConfigKeys (ConfUtils.java:logGet(44)) - raft.server.rpc.timeout.max = 5200ms (custom)
2020-05-07 00:41:19,857 [pool-131-thread-1] INFO  server.RaftServerConfigKeys (ConfUtils.java:logGet(44)) - raft.server.rpcslowness.timeout = 300s (custom)
2020-05-07 00:41:19,857 [pool-131-thread-1] INFO  server.RaftServerConfigKeys (ConfUtils.java:logGet(44)) - raft.server.sleep.deviation.threshold = 300 (default)
2020-05-07 00:41:19,857 [pool-131-thread-1] INFO  server.RaftServerConfigKeys (ConfUtils.java:logGet(44)) - raft.server.log.appender.install.snapshot.enabled = false (custom)
2020-05-07 00:41:19,858 [pool-131-thread-1] INFO  impl.RaftServerImpl (ServerState.java:<init>(103)) - ef585da5-85b4-4e5c-8dc1-37cc22327528@group-D89445E6143F: ConfigurationManager, init=-1: [f9d6d60b-ab5b-4a08-a0ef-ccb2f7c778b8:172.17.0.2:39475, 7dd03a18-1435-4be1-bd80-9d608de327dc:172.17.0.2:42383, ef585da5-85b4-4e5c-8dc1-37cc22327528:172.17.0.2:45241], old=null, confs=<EMPTY_MAP>
2020-05-07 00:41:19,858 [pool-131-thread-1] INFO  server.RaftServerConfigKeys (ConfUtils.java:logGet(44)) - raft.server.storage.dir = [/github/workspace/mnt/ozone/hadoop-ozone/integration-test/target/test-dir/MiniOzoneClusterImpl-4309656b-5406-4bc5-8c34-9a373aba7a4c/datanode-6/data/ratis] (custom)
2020-05-07 00:41:19,858 [pool-131-thread-1] INFO  server.RaftServerConfigKeys (ConfUtils.java:logGet(44)) - raft.server.log.corruption.policy = EXCEPTION (default)
2020-05-07 00:41:19,858 [pool-131-thread-1] INFO  storage.RaftStorageDirectory (RaftStorageDirectory.java:analyzeStorage(261)) - The storage directory /github/workspace/mnt/ozone/hadoop-ozone/integration-test/target/test-dir/MiniOzoneClusterImpl-4309656b-5406-4bc5-8c34-9a373aba7a4c/datanode-6/data/ratis/7e6b2f52-e632-4b19-9839-d89445e6143f does not exist. Creating ...
2020-05-07 00:41:19,859 [pool-131-thread-1] INFO  storage.RaftStorageDirectory (RaftStorageDirectory.java:tryLock(343)) - Lock on /github/workspace/mnt/ozone/hadoop-ozone/integration-test/target/test-dir/MiniOzoneClusterImpl-4309656b-5406-4bc5-8c34-9a373aba7a4c/datanode-6/data/ratis/7e6b2f52-e632-4b19-9839-d89445e6143f/in_use.lock acquired by nodename 2553@7fe1756622b5
2020-05-07 00:41:19,861 [pool-131-thread-1] INFO  storage.RaftStorage (RaftStorage.java:format(84)) - Storage directory /github/workspace/mnt/ozone/hadoop-ozone/integration-test/target/test-dir/MiniOzoneClusterImpl-4309656b-5406-4bc5-8c34-9a373aba7a4c/datanode-6/data/ratis/7e6b2f52-e632-4b19-9839-d89445e6143f has been successfully formatted.
2020-05-07 00:41:19,861 [pool-131-thread-1] INFO  ratis.ContainerStateMachine (ContainerStateMachine.java:loadSnapshot(226)) - group-D89445E6143F: The snapshot info is null. Setting the last applied indexto:(t:0, i:~)
2020-05-07 00:41:19,861 [pool-131-thread-1] INFO  server.RaftServerConfigKeys (ConfUtils.java:logGet(44)) - raft.server.notification.no-leader.timeout = 60s (default)
2020-05-07 00:41:19,861 [pool-131-thread-1] INFO  server.RaftServerConfigKeys (ConfUtils.java:logGet(44)) - raft.server.log.use.memory = false (default)
2020-05-07 00:41:19,863 [pool-131-thread-1] INFO  server.RaftServerConfigKeys (ConfUtils.java:logGet(44)) - raft.server.log.purge.gap = 1000000 (custom)
2020-05-07 00:41:19,863 [pool-131-thread-1] INFO  server.RaftServerConfigKeys (ConfUtils.java:logGet(44)) - raft.server.log.appender.buffer.byte-limit = 33554432 (custom)
2020-05-07 00:41:19,864 [pool-131-thread-1] INFO  server.RaftServerConfigKeys (ConfUtils.java:logGet(44)) - raft.server.log.segment.size.max = 1048576 (custom)
2020-05-07 00:41:19,864 [pool-131-thread-1] INFO  server.RaftServerConfigKeys (ConfUtils.java:logGet(44)) - raft.server.log.segment.cache.num.max = 2 (custom)
2020-05-07 00:41:19,864 [pool-131-thread-1] INFO  segmented.SegmentedRaftLogWorker (SegmentedRaftLogWorker.java:<init>(176)) - new ef585da5-85b4-4e5c-8dc1-37cc22327528@group-D89445E6143F-SegmentedRaftLogWorker for RaftStorage:Storage Directory /github/workspace/mnt/ozone/hadoop-ozone/integration-test/target/test-dir/MiniOzoneClusterImpl-4309656b-5406-4bc5-8c34-9a373aba7a4c/datanode-6/data/ratis/7e6b2f52-e632-4b19-9839-d89445e6143f
2020-05-07 00:41:19,864 [pool-131-thread-1] INFO  server.RaftServerConfigKeys (ConfUtils.java:logGet(44)) - raft.server.log.queue.byte-limit = 2147483647 (custom)
2020-05-07 00:41:19,864 [pool-131-thread-1] INFO  server.RaftServerConfigKeys (ConfUtils.java:logGet(44)) - raft.server.log.queue.element-limit = 1024 (custom)
2020-05-07 00:41:19,864 [pool-131-thread-1] INFO  server.RaftServerConfigKeys (ConfUtils.java:logGet(44)) - raft.server.log.segment.size.max = 1048576 (custom)
2020-05-07 00:41:19,864 [pool-131-thread-1] INFO  server.RaftServerConfigKeys (ConfUtils.java:logGet(44)) - raft.server.log.preallocated.size = 16384 (custom)
2020-05-07 00:41:19,864 [pool-131-thread-1] INFO  server.RaftServerConfigKeys (ConfUtils.java:logGet(44)) - raft.server.log.write.buffer.size = 1048576 (custom)
2020-05-07 00:41:19,864 [pool-131-thread-1] INFO  server.RaftServerConfigKeys (ConfUtils.java:logGet(44)) - raft.server.log.force.sync.num = 128 (default)
2020-05-07 00:41:19,864 [pool-131-thread-1] INFO  server.RaftServerConfigKeys (ConfUtils.java:logGet(44)) - raft.server.log.statemachine.data.sync = true (default)
2020-05-07 00:41:19,865 [pool-131-thread-1] INFO  server.RaftServerConfigKeys (ConfUtils.java:logGet(44)) - raft.server.log.statemachine.data.sync.timeout = 10s (default)
2020-05-07 00:41:19,865 [pool-131-thread-1] INFO  server.RaftServerConfigKeys (ConfUtils.java:logGet(44)) - raft.server.log.statemachine.data.sync.timeout.retry = -1 (default)
2020-05-07 00:41:19,865 [pool-131-thread-1] INFO  server.RaftServerConfigKeys (ConfUtils.java:logGet(44)) - raft.server.log.statemachine.data.caching.enabled = true (custom)
2020-05-07 00:41:19,866 [pool-131-thread-1] INFO  segmented.SegmentedRaftLogWorker (SegmentedRaftLogWorker.java:lambda$new$0(129)) - ef585da5-85b4-4e5c-8dc1-37cc22327528@group-D89445E6143F-SegmentedRaftLogWorker: flushIndex: setUnconditionally 0 -> -1
2020-05-07 00:41:19,887 [Command processor thread] INFO  impl.RaftServerProxy (RaftServerProxy.java:addNew(89)) - f9d6d60b-ab5b-4a08-a0ef-ccb2f7c778b8: addNew group-4BBF9E627A29:[f9d6d60b-ab5b-4a08-a0ef-ccb2f7c778b8:172.17.0.2:39475] returns group-4BBF9E627A29:java.util.concurrent.CompletableFuture@e2dde06[Not completed]
2020-05-07 00:41:19,894 [pool-131-thread-1] INFO  server.RaftServerConfigKeys (ConfUtils.java:logGet(44)) - raft.server.snapshot.auto.trigger.enabled = true (custom)
2020-05-07 00:41:19,895 [pool-131-thread-1] INFO  server.RaftServerConfigKeys (ConfUtils.java:logGet(44)) - raft.server.snapshot.auto.trigger.threshold = 10000 (custom)
2020-05-07 00:41:19,895 [pool-131-thread-1] INFO  server.RaftServerConfigKeys (ConfUtils.java:logGet(44)) - raft.server.snapshot.retention.file.num = 5 (custom)
2020-05-07 00:41:19,895 [pool-131-thread-1] INFO  server.RaftServerConfigKeys (ConfUtils.java:logGet(44)) - raft.server.log.purge.upto.snapshot.index = false (default)
2020-05-07 00:41:19,895 [pool-131-thread-1] INFO  server.RaftServerConfigKeys (ConfUtils.java:logGet(44)) - raft.server.retrycache.expirytime = 600000ms (custom)
2020-05-07 00:41:19,895 [pool-131-thread-1] INFO  metrics.RatisMetrics (RatisMetrics.java:lambda$create$0(39)) - Creating Metrics Registry : ratis.leader_election.ef585da5-85b4-4e5c-8dc1-37cc22327528@group-D89445E6143F
2020-05-07 00:41:19,895 [pool-131-thread-1] INFO  metrics.RatisMetrics (RatisMetrics.java:lambda$create$0(39)) - Creating Metrics Registry : ratis.server.ef585da5-85b4-4e5c-8dc1-37cc22327528@group-D89445E6143F
2020-05-07 00:41:19,896 [pool-131-thread-1] INFO  impl.RaftServerImpl (RaftServerImpl.java:start(184)) - ef585da5-85b4-4e5c-8dc1-37cc22327528@group-D89445E6143F: start as a follower, conf=-1: [f9d6d60b-ab5b-4a08-a0ef-ccb2f7c778b8:172.17.0.2:39475, 7dd03a18-1435-4be1-bd80-9d608de327dc:172.17.0.2:42383, ef585da5-85b4-4e5c-8dc1-37cc22327528:172.17.0.2:45241], old=null
2020-05-07 00:41:19,896 [pool-131-thread-1] INFO  impl.RaftServerImpl (RaftServerImpl.java:setRole(173)) - ef585da5-85b4-4e5c-8dc1-37cc22327528@group-D89445E6143F: changes role from      null to FOLLOWER at term 0 for startAsFollower
2020-05-07 00:41:19,897 [pool-131-thread-1] INFO  impl.RoleInfo (RoleInfo.java:updateAndGet(143)) - ef585da5-85b4-4e5c-8dc1-37cc22327528: start FollowerState
2020-05-07 00:41:19,898 [pool-131-thread-1] INFO  util.JmxRegister (JmxRegister.java:tryRegister(44)) - Successfully registered JMX Bean with object name Ratis:service=RaftServer,group=group-D89445E6143F,id=ef585da5-85b4-4e5c-8dc1-37cc22327528
2020-05-07 00:41:19,899 [pool-131-thread-1] INFO  metrics.RatisMetrics (RatisMetrics.java:lambda$create$0(39)) - Creating Metrics Registry : ratis.state_machine.ef585da5-85b4-4e5c-8dc1-37cc22327528@group-D89445E6143F
2020-05-07 00:41:19,940 [pool-147-thread-1] INFO  impl.RaftServerImpl (RaftServerImpl.java:<init>(98)) - f9d6d60b-ab5b-4a08-a0ef-ccb2f7c778b8: new RaftServerImpl for group-4BBF9E627A29:[f9d6d60b-ab5b-4a08-a0ef-ccb2f7c778b8:172.17.0.2:39475] with ContainerStateMachine:uninitialized
2020-05-07 00:41:19,940 [pool-147-thread-1] INFO  server.RaftServerConfigKeys (ConfUtils.java:logGet(44)) - raft.server.rpc.timeout.min = 5s (custom)
2020-05-07 00:41:19,940 [pool-147-thread-1] INFO  server.RaftServerConfigKeys (ConfUtils.java:logGet(44)) - raft.server.rpc.timeout.max = 5200ms (custom)
2020-05-07 00:41:19,940 [pool-147-thread-1] INFO  server.RaftServerConfigKeys (ConfUtils.java:logGet(44)) - raft.server.rpcslowness.timeout = 300s (custom)
2020-05-07 00:41:19,940 [pool-147-thread-1] INFO  server.RaftServerConfigKeys (ConfUtils.java:logGet(44)) - raft.server.sleep.deviation.threshold = 300 (default)
2020-05-07 00:41:19,940 [pool-147-thread-1] INFO  server.RaftServerConfigKeys (ConfUtils.java:logGet(44)) - raft.server.log.appender.install.snapshot.enabled = false (custom)
2020-05-07 00:41:19,940 [pool-147-thread-1] INFO  impl.RaftServerImpl (ServerState.java:<init>(103)) - f9d6d60b-ab5b-4a08-a0ef-ccb2f7c778b8@group-4BBF9E627A29: ConfigurationManager, init=-1: [f9d6d60b-ab5b-4a08-a0ef-ccb2f7c778b8:172.17.0.2:39475], old=null, confs=<EMPTY_MAP>
2020-05-07 00:41:19,940 [pool-147-thread-1] INFO  server.RaftServerConfigKeys (ConfUtils.java:logGet(44)) - raft.server.storage.dir = [/github/workspace/mnt/ozone/hadoop-ozone/integration-test/target/test-dir/MiniOzoneClusterImpl-4309656b-5406-4bc5-8c34-9a373aba7a4c/datanode-7/data/ratis] (custom)
2020-05-07 00:41:19,941 [pool-147-thread-1] INFO  server.RaftServerConfigKeys (ConfUtils.java:logGet(44)) - raft.server.log.corruption.policy = EXCEPTION (default)
2020-05-07 00:41:19,941 [pool-147-thread-1] INFO  storage.RaftStorageDirectory (RaftStorageDirectory.java:analyzeStorage(261)) - The storage directory /github/workspace/mnt/ozone/hadoop-ozone/integration-test/target/test-dir/MiniOzoneClusterImpl-4309656b-5406-4bc5-8c34-9a373aba7a4c/datanode-7/data/ratis/f57aecd8-1f9d-44ed-aa79-4bbf9e627a29 does not exist. Creating ...
2020-05-07 00:41:19,950 [pool-147-thread-1] INFO  storage.RaftStorageDirectory (RaftStorageDirectory.java:tryLock(343)) - Lock on /github/workspace/mnt/ozone/hadoop-ozone/integration-test/target/test-dir/MiniOzoneClusterImpl-4309656b-5406-4bc5-8c34-9a373aba7a4c/datanode-7/data/ratis/f57aecd8-1f9d-44ed-aa79-4bbf9e627a29/in_use.lock acquired by nodename 2553@7fe1756622b5
2020-05-07 00:41:19,952 [pool-147-thread-1] INFO  storage.RaftStorage (RaftStorage.java:format(84)) - Storage directory /github/workspace/mnt/ozone/hadoop-ozone/integration-test/target/test-dir/MiniOzoneClusterImpl-4309656b-5406-4bc5-8c34-9a373aba7a4c/datanode-7/data/ratis/f57aecd8-1f9d-44ed-aa79-4bbf9e627a29 has been successfully formatted.
2020-05-07 00:41:19,958 [pool-147-thread-1] INFO  ratis.ContainerStateMachine (ContainerStateMachine.java:loadSnapshot(226)) - group-4BBF9E627A29: The snapshot info is null. Setting the last applied indexto:(t:0, i:~)
2020-05-07 00:41:19,958 [pool-147-thread-1] INFO  server.RaftServerConfigKeys (ConfUtils.java:logGet(44)) - raft.server.notification.no-leader.timeout = 60s (default)
2020-05-07 00:41:19,958 [pool-147-thread-1] INFO  server.RaftServerConfigKeys (ConfUtils.java:logGet(44)) - raft.server.log.use.memory = false (default)
2020-05-07 00:41:19,958 [pool-147-thread-1] INFO  server.RaftServerConfigKeys (ConfUtils.java:logGet(44)) - raft.server.log.purge.gap = 1000000 (custom)
2020-05-07 00:41:19,959 [pool-147-thread-1] INFO  server.RaftServerConfigKeys (ConfUtils.java:logGet(44)) - raft.server.log.appender.buffer.byte-limit = 33554432 (custom)
2020-05-07 00:41:19,959 [EventQueue-PipelineReportForPipelineReportHandler] INFO  pipeline.PipelineStateManager (PipelineStateManager.java:openPipeline(131)) - Pipeline Pipeline[ Id: f57aecd8-1f9d-44ed-aa79-4bbf9e627a29, Nodes: f9d6d60b-ab5b-4a08-a0ef-ccb2f7c778b8{ip: 172.17.0.2, host: 7fe1756622b5, networkLocation: /default-rack, certSerialId: null}, Type:RATIS, Factor:ONE, State:ALLOCATED, leaderId:f9d6d60b-ab5b-4a08-a0ef-ccb2f7c778b8, CreationTimestamp2020-05-07T00:41:16.874Z] moved to OPEN state
2020-05-07 00:41:19,959 [pool-147-thread-1] INFO  server.RaftServerConfigKeys (ConfUtils.java:logGet(44)) - raft.server.log.segment.size.max = 1048576 (custom)
2020-05-07 00:41:19,959 [EventQueue-OpenPipelineForOneReplicaPipelineSafeModeRule] INFO  safemode.SCMSafeModeManager (SCMSafeModeManager.java:validateSafeModeExitRules(213)) - AtleastOneDatanodeReportedRule rule is successfully validated
2020-05-07 00:41:19,960 [pool-147-thread-1] INFO  metrics.RatisMetrics (RatisMetrics.java:lambda$create$0(39)) - Creating Metrics Registry : ratis.log_worker.f9d6d60b-ab5b-4a08-a0ef-ccb2f7c778b8
2020-05-07 00:41:19,959 [EventQueue-OpenPipelineForHealthyPipelineSafeModeRule] INFO  safemode.SCMSafeModeManager (HealthyPipelineSafeModeRule.java:process(132)) - SCM in safe mode. Healthy pipelines reported count is 0, required healthy pipeline reported count is 1
2020-05-07 00:41:19,960 [pool-147-thread-1] INFO  server.RaftServerConfigKeys (ConfUtils.java:logGet(44)) - raft.server.log.segment.cache.num.max = 2 (custom)
2020-05-07 00:41:19,960 [pool-147-thread-1] INFO  segmented.SegmentedRaftLogWorker (SegmentedRaftLogWorker.java:<init>(176)) - new f9d6d60b-ab5b-4a08-a0ef-ccb2f7c778b8@group-4BBF9E627A29-SegmentedRaftLogWorker for RaftStorage:Storage Directory /github/workspace/mnt/ozone/hadoop-ozone/integration-test/target/test-dir/MiniOzoneClusterImpl-4309656b-5406-4bc5-8c34-9a373aba7a4c/datanode-7/data/ratis/f57aecd8-1f9d-44ed-aa79-4bbf9e627a29
2020-05-07 00:41:19,961 [pool-147-thread-1] INFO  server.RaftServerConfigKeys (ConfUtils.java:logGet(44)) - raft.server.log.queue.byte-limit = 2147483647 (custom)
2020-05-07 00:41:19,961 [pool-147-thread-1] INFO  server.RaftServerConfigKeys (ConfUtils.java:logGet(44)) - raft.server.log.queue.element-limit = 1024 (custom)
2020-05-07 00:41:19,961 [pool-147-thread-1] INFO  server.RaftServerConfigKeys (ConfUtils.java:logGet(44)) - raft.server.log.segment.size.max = 1048576 (custom)
2020-05-07 00:41:19,961 [pool-147-thread-1] INFO  server.RaftServerConfigKeys (ConfUtils.java:logGet(44)) - raft.server.log.preallocated.size = 16384 (custom)
2020-05-07 00:41:19,961 [pool-147-thread-1] INFO  server.RaftServerConfigKeys (ConfUtils.java:logGet(44)) - raft.server.log.write.buffer.size = 1048576 (custom)
2020-05-07 00:41:19,961 [pool-147-thread-1] INFO  server.RaftServerConfigKeys (ConfUtils.java:logGet(44)) - raft.server.log.force.sync.num = 128 (default)
2020-05-07 00:41:19,961 [pool-147-thread-1] INFO  server.RaftServerConfigKeys (ConfUtils.java:logGet(44)) - raft.server.log.statemachine.data.sync = true (default)
2020-05-07 00:41:19,961 [pool-147-thread-1] INFO  server.RaftServerConfigKeys (ConfUtils.java:logGet(44)) - raft.server.log.statemachine.data.sync.timeout = 10s (default)
2020-05-07 00:41:19,961 [pool-147-thread-1] INFO  server.RaftServerConfigKeys (ConfUtils.java:logGet(44)) - raft.server.log.statemachine.data.sync.timeout.retry = -1 (default)
2020-05-07 00:41:19,965 [pool-147-thread-1] INFO  server.RaftServerConfigKeys (ConfUtils.java:logGet(44)) - raft.server.log.statemachine.data.caching.enabled = true (custom)
2020-05-07 00:41:19,970 [Command processor thread] INFO  impl.RaftServerProxy (RaftServerProxy.java:addNew(89)) - 7dd03a18-1435-4be1-bd80-9d608de327dc: addNew group-C5EA4D8CE5C1:[7dd03a18-1435-4be1-bd80-9d608de327dc:172.17.0.2:42383] returns group-C5EA4D8CE5C1:java.util.concurrent.CompletableFuture@c42f158[Not completed]
2020-05-07 00:41:19,996 [pool-163-thread-1] INFO  impl.RaftServerImpl (RaftServerImpl.java:<init>(98)) - 7dd03a18-1435-4be1-bd80-9d608de327dc: new RaftServerImpl for group-C5EA4D8CE5C1:[7dd03a18-1435-4be1-bd80-9d608de327dc:172.17.0.2:42383] with ContainerStateMachine:uninitialized
2020-05-07 00:41:19,996 [pool-163-thread-1] INFO  server.RaftServerConfigKeys (ConfUtils.java:logGet(44)) - raft.server.rpc.timeout.min = 5s (custom)
2020-05-07 00:41:19,996 [pool-163-thread-1] INFO  server.RaftServerConfigKeys (ConfUtils.java:logGet(44)) - raft.server.rpc.timeout.max = 5200ms (custom)
2020-05-07 00:41:19,997 [pool-163-thread-1] INFO  server.RaftServerConfigKeys (ConfUtils.java:logGet(44)) - raft.server.rpcslowness.timeout = 300s (custom)
2020-05-07 00:41:19,997 [pool-163-thread-1] INFO  server.RaftServerConfigKeys (ConfUtils.java:logGet(44)) - raft.server.sleep.deviation.threshold = 300 (default)
2020-05-07 00:41:19,997 [pool-163-thread-1] INFO  server.RaftServerConfigKeys (ConfUtils.java:logGet(44)) - raft.server.log.appender.install.snapshot.enabled = false (custom)
2020-05-07 00:41:19,997 [pool-163-thread-1] INFO  impl.RaftServerImpl (ServerState.java:<init>(103)) - 7dd03a18-1435-4be1-bd80-9d608de327dc@group-C5EA4D8CE5C1: ConfigurationManager, init=-1: [7dd03a18-1435-4be1-bd80-9d608de327dc:172.17.0.2:42383], old=null, confs=<EMPTY_MAP>
2020-05-07 00:41:19,997 [pool-163-thread-1] INFO  server.RaftServerConfigKeys (ConfUtils.java:logGet(44)) - raft.server.storage.dir = [/github/workspace/mnt/ozone/hadoop-ozone/integration-test/target/test-dir/MiniOzoneClusterImpl-4309656b-5406-4bc5-8c34-9a373aba7a4c/datanode-8/data/ratis] (custom)
2020-05-07 00:41:19,997 [pool-163-thread-1] INFO  server.RaftServerConfigKeys (ConfUtils.java:logGet(44)) - raft.server.log.corruption.policy = EXCEPTION (default)
2020-05-07 00:41:19,997 [pool-163-thread-1] INFO  storage.RaftStorageDirectory (RaftStorageDirectory.java:analyzeStorage(261)) - The storage directory /github/workspace/mnt/ozone/hadoop-ozone/integration-test/target/test-dir/MiniOzoneClusterImpl-4309656b-5406-4bc5-8c34-9a373aba7a4c/datanode-8/data/ratis/8534c0db-d580-4407-8d7f-c5ea4d8ce5c1 does not exist. Creating ...
2020-05-07 00:41:19,998 [pool-163-thread-1] INFO  storage.RaftStorageDirectory (RaftStorageDirectory.java:tryLock(343)) - Lock on /github/workspace/mnt/ozone/hadoop-ozone/integration-test/target/test-dir/MiniOzoneClusterImpl-4309656b-5406-4bc5-8c34-9a373aba7a4c/datanode-8/data/ratis/8534c0db-d580-4407-8d7f-c5ea4d8ce5c1/in_use.lock acquired by nodename 2553@7fe1756622b5
2020-05-07 00:41:19,999 [pool-163-thread-1] INFO  storage.RaftStorage (RaftStorage.java:format(84)) - Storage directory /github/workspace/mnt/ozone/hadoop-ozone/integration-test/target/test-dir/MiniOzoneClusterImpl-4309656b-5406-4bc5-8c34-9a373aba7a4c/datanode-8/data/ratis/8534c0db-d580-4407-8d7f-c5ea4d8ce5c1 has been successfully formatted.
2020-05-07 00:41:20,000 [pool-147-thread-1] INFO  segmented.SegmentedRaftLogWorker (SegmentedRaftLogWorker.java:lambda$new$0(129)) - f9d6d60b-ab5b-4a08-a0ef-ccb2f7c778b8@group-4BBF9E627A29-SegmentedRaftLogWorker: flushIndex: setUnconditionally 0 -> -1
2020-05-07 00:41:20,000 [pool-163-thread-1] INFO  ratis.ContainerStateMachine (ContainerStateMachine.java:loadSnapshot(226)) - group-C5EA4D8CE5C1: The snapshot info is null. Setting the last applied indexto:(t:0, i:~)
2020-05-07 00:41:20,001 [pool-163-thread-1] INFO  server.RaftServerConfigKeys (ConfUtils.java:logGet(44)) - raft.server.notification.no-leader.timeout = 60s (default)
2020-05-07 00:41:20,001 [pool-163-thread-1] INFO  server.RaftServerConfigKeys (ConfUtils.java:logGet(44)) - raft.server.log.use.memory = false (default)
2020-05-07 00:41:20,001 [pool-163-thread-1] INFO  server.RaftServerConfigKeys (ConfUtils.java:logGet(44)) - raft.server.log.purge.gap = 1000000 (custom)
2020-05-07 00:41:20,001 [pool-163-thread-1] INFO  server.RaftServerConfigKeys (ConfUtils.java:logGet(44)) - raft.server.log.appender.buffer.byte-limit = 33554432 (custom)
2020-05-07 00:41:20,001 [pool-163-thread-1] INFO  server.RaftServerConfigKeys (ConfUtils.java:logGet(44)) - raft.server.log.segment.size.max = 1048576 (custom)
2020-05-07 00:41:20,001 [pool-163-thread-1] INFO  metrics.RatisMetrics (RatisMetrics.java:lambda$create$0(39)) - Creating Metrics Registry : ratis.log_worker.7dd03a18-1435-4be1-bd80-9d608de327dc
2020-05-07 00:41:20,001 [pool-163-thread-1] INFO  server.RaftServerConfigKeys (ConfUtils.java:logGet(44)) - raft.server.log.segment.cache.num.max = 2 (custom)
2020-05-07 00:41:20,001 [pool-163-thread-1] INFO  segmented.SegmentedRaftLogWorker (SegmentedRaftLogWorker.java:<init>(176)) - new 7dd03a18-1435-4be1-bd80-9d608de327dc@group-C5EA4D8CE5C1-SegmentedRaftLogWorker for RaftStorage:Storage Directory /github/workspace/mnt/ozone/hadoop-ozone/integration-test/target/test-dir/MiniOzoneClusterImpl-4309656b-5406-4bc5-8c34-9a373aba7a4c/datanode-8/data/ratis/8534c0db-d580-4407-8d7f-c5ea4d8ce5c1
2020-05-07 00:41:20,001 [pool-163-thread-1] INFO  server.RaftServerConfigKeys (ConfUtils.java:logGet(44)) - raft.server.log.queue.byte-limit = 2147483647 (custom)
2020-05-07 00:41:20,002 [pool-163-thread-1] INFO  server.RaftServerConfigKeys (ConfUtils.java:logGet(44)) - raft.server.log.queue.element-limit = 1024 (custom)
2020-05-07 00:41:20,002 [pool-163-thread-1] INFO  server.RaftServerConfigKeys (ConfUtils.java:logGet(44)) - raft.server.log.segment.size.max = 1048576 (custom)
2020-05-07 00:41:20,002 [pool-163-thread-1] INFO  server.RaftServerConfigKeys (ConfUtils.java:logGet(44)) - raft.server.log.preallocated.size = 16384 (custom)
2020-05-07 00:41:20,002 [pool-163-thread-1] INFO  server.RaftServerConfigKeys (ConfUtils.java:logGet(44)) - raft.server.log.write.buffer.size = 1048576 (custom)
2020-05-07 00:41:20,002 [pool-163-thread-1] INFO  server.RaftServerConfigKeys (ConfUtils.java:logGet(44)) - raft.server.log.force.sync.num = 128 (default)
2020-05-07 00:41:20,002 [pool-163-thread-1] INFO  server.RaftServerConfigKeys (ConfUtils.java:logGet(44)) - raft.server.log.statemachine.data.sync = true (default)
2020-05-07 00:41:20,002 [pool-163-thread-1] INFO  server.RaftServerConfigKeys (ConfUtils.java:logGet(44)) - raft.server.log.statemachine.data.sync.timeout = 10s (default)
2020-05-07 00:41:20,002 [pool-163-thread-1] INFO  server.RaftServerConfigKeys (ConfUtils.java:logGet(44)) - raft.server.log.statemachine.data.sync.timeout.retry = -1 (default)
2020-05-07 00:41:20,004 [pool-163-thread-1] INFO  server.RaftServerConfigKeys (ConfUtils.java:logGet(44)) - raft.server.log.statemachine.data.caching.enabled = true (custom)
2020-05-07 00:41:20,004 [pool-163-thread-1] INFO  segmented.SegmentedRaftLogWorker (SegmentedRaftLogWorker.java:lambda$new$0(129)) - 7dd03a18-1435-4be1-bd80-9d608de327dc@group-C5EA4D8CE5C1-SegmentedRaftLogWorker: flushIndex: setUnconditionally 0 -> -1
2020-05-07 00:41:20,007 [EventQueue-PipelineReportForPipelineReportHandler] INFO  pipeline.PipelineStateManager (PipelineStateManager.java:openPipeline(131)) - Pipeline Pipeline[ Id: 8534c0db-d580-4407-8d7f-c5ea4d8ce5c1, Nodes: 7dd03a18-1435-4be1-bd80-9d608de327dc{ip: 172.17.0.2, host: 7fe1756622b5, networkLocation: /default-rack, certSerialId: null}, Type:RATIS, Factor:ONE, State:ALLOCATED, leaderId:7dd03a18-1435-4be1-bd80-9d608de327dc, CreationTimestamp2020-05-07T00:41:16.968Z] moved to OPEN state
2020-05-07 00:41:20,007 [pool-163-thread-1] INFO  server.RaftServerConfigKeys (ConfUtils.java:logGet(44)) - raft.server.snapshot.auto.trigger.enabled = true (custom)
2020-05-07 00:41:20,008 [pool-163-thread-1] INFO  server.RaftServerConfigKeys (ConfUtils.java:logGet(44)) - raft.server.snapshot.auto.trigger.threshold = 10000 (custom)
2020-05-07 00:41:20,007 [EventQueue-OpenPipelineForHealthyPipelineSafeModeRule] INFO  safemode.SCMSafeModeManager (HealthyPipelineSafeModeRule.java:process(132)) - SCM in safe mode. Healthy pipelines reported count is 0, required healthy pipeline reported count is 1
2020-05-07 00:41:20,007 [EventQueue-OpenPipelineForOneReplicaPipelineSafeModeRule] INFO  safemode.SCMSafeModeManager (SCMSafeModeManager.java:validateSafeModeExitRules(213)) - AtleastOneDatanodeReportedRule rule is successfully validated
2020-05-07 00:41:20,008 [pool-163-thread-1] INFO  server.RaftServerConfigKeys (ConfUtils.java:logGet(44)) - raft.server.snapshot.retention.file.num = 5 (custom)
2020-05-07 00:41:20,008 [pool-163-thread-1] INFO  server.RaftServerConfigKeys (ConfUtils.java:logGet(44)) - raft.server.log.purge.upto.snapshot.index = false (default)
2020-05-07 00:41:20,008 [pool-163-thread-1] INFO  server.RaftServerConfigKeys (ConfUtils.java:logGet(44)) - raft.server.retrycache.expirytime = 600000ms (custom)
2020-05-07 00:41:20,014 [pool-147-thread-1] INFO  server.RaftServerConfigKeys (ConfUtils.java:logGet(44)) - raft.server.snapshot.auto.trigger.enabled = true (custom)
2020-05-07 00:41:20,014 [pool-147-thread-1] INFO  server.RaftServerConfigKeys (ConfUtils.java:logGet(44)) - raft.server.snapshot.auto.trigger.threshold = 10000 (custom)
2020-05-07 00:41:20,014 [pool-147-thread-1] INFO  server.RaftServerConfigKeys (ConfUtils.java:logGet(44)) - raft.server.snapshot.retention.file.num = 5 (custom)
2020-05-07 00:41:20,014 [pool-147-thread-1] INFO  server.RaftServerConfigKeys (ConfUtils.java:logGet(44)) - raft.server.log.purge.upto.snapshot.index = false (default)
2020-05-07 00:41:20,014 [pool-147-thread-1] INFO  server.RaftServerConfigKeys (ConfUtils.java:logGet(44)) - raft.server.retrycache.expirytime = 600000ms (custom)
2020-05-07 00:41:20,014 [pool-163-thread-1] INFO  metrics.RatisMetrics (RatisMetrics.java:lambda$create$0(39)) - Creating Metrics Registry : ratis.leader_election.7dd03a18-1435-4be1-bd80-9d608de327dc@group-C5EA4D8CE5C1
2020-05-07 00:41:20,014 [pool-147-thread-1] INFO  metrics.RatisMetrics (RatisMetrics.java:lambda$create$0(39)) - Creating Metrics Registry : ratis.leader_election.f9d6d60b-ab5b-4a08-a0ef-ccb2f7c778b8@group-4BBF9E627A29
2020-05-07 00:41:20,185 [main] INFO  ozone.MiniOzoneClusterImpl (MiniOzoneClusterImpl.java:lambda$waitForClusterToBeReady$0(177)) - Nodes are ready. Got 10 of 10 DN Heartbeats.
2020-05-07 00:41:20,185 [main] INFO  ozone.MiniOzoneClusterImpl (MiniOzoneClusterImpl.java:lambda$waitForClusterToBeReady$0(180)) - Waiting for cluster to exit safe mode
2020-05-07 00:41:20,188 [pool-163-thread-1] INFO  metrics.RatisMetrics (RatisMetrics.java:lambda$create$0(39)) - Creating Metrics Registry : ratis.server.7dd03a18-1435-4be1-bd80-9d608de327dc@group-C5EA4D8CE5C1
2020-05-07 00:41:20,189 [pool-163-thread-1] INFO  impl.RaftServerImpl (RaftServerImpl.java:start(184)) - 7dd03a18-1435-4be1-bd80-9d608de327dc@group-C5EA4D8CE5C1: start as a follower, conf=-1: [7dd03a18-1435-4be1-bd80-9d608de327dc:172.17.0.2:42383], old=null
2020-05-07 00:41:20,189 [pool-163-thread-1] INFO  impl.RaftServerImpl (RaftServerImpl.java:setRole(173)) - 7dd03a18-1435-4be1-bd80-9d608de327dc@group-C5EA4D8CE5C1: changes role from      null to FOLLOWER at term 0 for startAsFollower
2020-05-07 00:41:20,189 [pool-163-thread-1] INFO  impl.RoleInfo (RoleInfo.java:updateAndGet(143)) - 7dd03a18-1435-4be1-bd80-9d608de327dc: start FollowerState
2020-05-07 00:41:20,190 [pool-147-thread-1] INFO  metrics.RatisMetrics (RatisMetrics.java:lambda$create$0(39)) - Creating Metrics Registry : ratis.server.f9d6d60b-ab5b-4a08-a0ef-ccb2f7c778b8@group-4BBF9E627A29
2020-05-07 00:41:20,191 [pool-147-thread-1] INFO  impl.RaftServerImpl (RaftServerImpl.java:start(184)) - f9d6d60b-ab5b-4a08-a0ef-ccb2f7c778b8@group-4BBF9E627A29: start as a follower, conf=-1: [f9d6d60b-ab5b-4a08-a0ef-ccb2f7c778b8:172.17.0.2:39475], old=null
2020-05-07 00:41:20,191 [pool-147-thread-1] INFO  impl.RaftServerImpl (RaftServerImpl.java:setRole(173)) - f9d6d60b-ab5b-4a08-a0ef-ccb2f7c778b8@group-4BBF9E627A29: changes role from      null to FOLLOWER at term 0 for startAsFollower
2020-05-07 00:41:20,201 [pool-147-thread-1] INFO  impl.RoleInfo (RoleInfo.java:updateAndGet(143)) - f9d6d60b-ab5b-4a08-a0ef-ccb2f7c778b8: start FollowerState
2020-05-07 00:41:20,207 [pool-147-thread-1] INFO  util.JmxRegister (JmxRegister.java:tryRegister(44)) - Successfully registered JMX Bean with object name Ratis:service=RaftServer,group=group-4BBF9E627A29,id=f9d6d60b-ab5b-4a08-a0ef-ccb2f7c778b8
2020-05-07 00:41:20,207 [pool-147-thread-1] INFO  metrics.RatisMetrics (RatisMetrics.java:lambda$create$0(39)) - Creating Metrics Registry : ratis.state_machine.f9d6d60b-ab5b-4a08-a0ef-ccb2f7c778b8@group-4BBF9E627A29
2020-05-07 00:41:20,208 [Command processor thread] INFO  commandhandler.CreatePipelineCommandHandler (CreatePipelineCommandHandler.java:handle(109)) - Created Pipeline RATIS ONE #id: "f57aecd8-1f9d-44ed-aa79-4bbf9e627a29"
.
2020-05-07 00:41:20,209 [Command processor thread] INFO  impl.RaftServerProxy (RaftServerProxy.java:addNew(89)) - f9d6d60b-ab5b-4a08-a0ef-ccb2f7c778b8: addNew group-D89445E6143F:[f9d6d60b-ab5b-4a08-a0ef-ccb2f7c778b8:172.17.0.2:39475, 7dd03a18-1435-4be1-bd80-9d608de327dc:172.17.0.2:42383, ef585da5-85b4-4e5c-8dc1-37cc22327528:172.17.0.2:45241] returns group-D89445E6143F:java.util.concurrent.CompletableFuture@a124b1b[Not completed]
2020-05-07 00:41:20,210 [pool-147-thread-1] INFO  impl.RaftServerImpl (RaftServerImpl.java:<init>(98)) - f9d6d60b-ab5b-4a08-a0ef-ccb2f7c778b8: new RaftServerImpl for group-D89445E6143F:[f9d6d60b-ab5b-4a08-a0ef-ccb2f7c778b8:172.17.0.2:39475, 7dd03a18-1435-4be1-bd80-9d608de327dc:172.17.0.2:42383, ef585da5-85b4-4e5c-8dc1-37cc22327528:172.17.0.2:45241] with ContainerStateMachine:uninitialized
2020-05-07 00:41:20,210 [pool-163-thread-1] INFO  util.JmxRegister (JmxRegister.java:tryRegister(44)) - Successfully registered JMX Bean with object name Ratis:service=RaftServer,group=group-C5EA4D8CE5C1,id=7dd03a18-1435-4be1-bd80-9d608de327dc
2020-05-07 00:41:20,211 [pool-163-thread-1] INFO  metrics.RatisMetrics (RatisMetrics.java:lambda$create$0(39)) - Creating Metrics Registry : ratis.state_machine.7dd03a18-1435-4be1-bd80-9d608de327dc@group-C5EA4D8CE5C1
2020-05-07 00:41:20,211 [pool-147-thread-1] INFO  server.RaftServerConfigKeys (ConfUtils.java:logGet(44)) - raft.server.rpc.timeout.min = 5s (custom)
2020-05-07 00:41:20,211 [pool-147-thread-1] INFO  server.RaftServerConfigKeys (ConfUtils.java:logGet(44)) - raft.server.rpc.timeout.max = 5200ms (custom)
2020-05-07 00:41:20,211 [pool-147-thread-1] INFO  server.RaftServerConfigKeys (ConfUtils.java:logGet(44)) - raft.server.rpcslowness.timeout = 300s (custom)
2020-05-07 00:41:20,211 [pool-147-thread-1] INFO  server.RaftServerConfigKeys (ConfUtils.java:logGet(44)) - raft.server.sleep.deviation.threshold = 300 (default)
2020-05-07 00:41:20,211 [pool-147-thread-1] INFO  server.RaftServerConfigKeys (ConfUtils.java:logGet(44)) - raft.server.log.appender.install.snapshot.enabled = false (custom)
2020-05-07 00:41:20,211 [pool-147-thread-1] INFO  impl.RaftServerImpl (ServerState.java:<init>(103)) - f9d6d60b-ab5b-4a08-a0ef-ccb2f7c778b8@group-D89445E6143F: ConfigurationManager, init=-1: [f9d6d60b-ab5b-4a08-a0ef-ccb2f7c778b8:172.17.0.2:39475, 7dd03a18-1435-4be1-bd80-9d608de327dc:172.17.0.2:42383, ef585da5-85b4-4e5c-8dc1-37cc22327528:172.17.0.2:45241], old=null, confs=<EMPTY_MAP>
2020-05-07 00:41:20,212 [pool-147-thread-1] INFO  server.RaftServerConfigKeys (ConfUtils.java:logGet(44)) - raft.server.storage.dir = [/github/workspace/mnt/ozone/hadoop-ozone/integration-test/target/test-dir/MiniOzoneClusterImpl-4309656b-5406-4bc5-8c34-9a373aba7a4c/datanode-7/data/ratis] (custom)
2020-05-07 00:41:20,212 [pool-147-thread-1] INFO  server.RaftServerConfigKeys (ConfUtils.java:logGet(44)) - raft.server.log.corruption.policy = EXCEPTION (default)
2020-05-07 00:41:20,212 [pool-147-thread-1] INFO  storage.RaftStorageDirectory (RaftStorageDirectory.java:analyzeStorage(261)) - The storage directory /github/workspace/mnt/ozone/hadoop-ozone/integration-test/target/test-dir/MiniOzoneClusterImpl-4309656b-5406-4bc5-8c34-9a373aba7a4c/datanode-7/data/ratis/7e6b2f52-e632-4b19-9839-d89445e6143f does not exist. Creating ...
2020-05-07 00:41:20,220 [pool-147-thread-1] INFO  storage.RaftStorageDirectory (RaftStorageDirectory.java:tryLock(343)) - Lock on /github/workspace/mnt/ozone/hadoop-ozone/integration-test/target/test-dir/MiniOzoneClusterImpl-4309656b-5406-4bc5-8c34-9a373aba7a4c/datanode-7/data/ratis/7e6b2f52-e632-4b19-9839-d89445e6143f/in_use.lock acquired by nodename 2553@7fe1756622b5
2020-05-07 00:41:20,221 [pool-147-thread-1] INFO  storage.RaftStorage (RaftStorage.java:format(84)) - Storage directory /github/workspace/mnt/ozone/hadoop-ozone/integration-test/target/test-dir/MiniOzoneClusterImpl-4309656b-5406-4bc5-8c34-9a373aba7a4c/datanode-7/data/ratis/7e6b2f52-e632-4b19-9839-d89445e6143f has been successfully formatted.
2020-05-07 00:41:20,224 [Command processor thread] INFO  impl.RaftServerProxy (RaftServerProxy.java:addNew(89)) - 0f2866d9-7d54-459e-ac3c-e4a322a6b4d0: addNew group-A6C9FEDE2310:[0f2866d9-7d54-459e-ac3c-e4a322a6b4d0:172.17.0.2:42883] returns group-A6C9FEDE2310:java.util.concurrent.CompletableFuture@61c70785[Not completed]
2020-05-07 00:41:20,225 [pool-147-thread-1] INFO  ratis.ContainerStateMachine (ContainerStateMachine.java:loadSnapshot(226)) - group-D89445E6143F: The snapshot info is null. Setting the last applied indexto:(t:0, i:~)
2020-05-07 00:41:20,225 [pool-147-thread-1] INFO  server.RaftServerConfigKeys (ConfUtils.java:logGet(44)) - raft.server.notification.no-leader.timeout = 60s (default)
2020-05-07 00:41:20,225 [pool-147-thread-1] INFO  server.RaftServerConfigKeys (ConfUtils.java:logGet(44)) - raft.server.log.use.memory = false (default)
2020-05-07 00:41:20,225 [pool-147-thread-1] INFO  server.RaftServerConfigKeys (ConfUtils.java:logGet(44)) - raft.server.log.purge.gap = 1000000 (custom)
2020-05-07 00:41:20,225 [pool-147-thread-1] INFO  server.RaftServerConfigKeys (ConfUtils.java:logGet(44)) - raft.server.log.appender.buffer.byte-limit = 33554432 (custom)
2020-05-07 00:41:20,226 [pool-147-thread-1] INFO  server.RaftServerConfigKeys (ConfUtils.java:logGet(44)) - raft.server.log.segment.size.max = 1048576 (custom)
2020-05-07 00:41:20,226 [pool-147-thread-1] INFO  server.RaftServerConfigKeys (ConfUtils.java:logGet(44)) - raft.server.log.segment.cache.num.max = 2 (custom)
2020-05-07 00:41:20,226 [pool-147-thread-1] INFO  segmented.SegmentedRaftLogWorker (SegmentedRaftLogWorker.java:<init>(176)) - new f9d6d60b-ab5b-4a08-a0ef-ccb2f7c778b8@group-D89445E6143F-SegmentedRaftLogWorker for RaftStorage:Storage Directory /github/workspace/mnt/ozone/hadoop-ozone/integration-test/target/test-dir/MiniOzoneClusterImpl-4309656b-5406-4bc5-8c34-9a373aba7a4c/datanode-7/data/ratis/7e6b2f52-e632-4b19-9839-d89445e6143f
2020-05-07 00:41:20,227 [pool-147-thread-1] INFO  server.RaftServerConfigKeys (ConfUtils.java:logGet(44)) - raft.server.log.queue.byte-limit = 2147483647 (custom)
2020-05-07 00:41:20,227 [pool-147-thread-1] INFO  server.RaftServerConfigKeys (ConfUtils.java:logGet(44)) - raft.server.log.queue.element-limit = 1024 (custom)
2020-05-07 00:41:20,227 [pool-147-thread-1] INFO  server.RaftServerConfigKeys (ConfUtils.java:logGet(44)) - raft.server.log.segment.size.max = 1048576 (custom)
2020-05-07 00:41:20,227 [pool-147-thread-1] INFO  server.RaftServerConfigKeys (ConfUtils.java:logGet(44)) - raft.server.log.preallocated.size = 16384 (custom)
2020-05-07 00:41:20,227 [pool-147-thread-1] INFO  server.RaftServerConfigKeys (ConfUtils.java:logGet(44)) - raft.server.log.write.buffer.size = 1048576 (custom)
2020-05-07 00:41:20,227 [pool-147-thread-1] INFO  server.RaftServerConfigKeys (ConfUtils.java:logGet(44)) - raft.server.log.force.sync.num = 128 (default)
2020-05-07 00:41:20,227 [pool-147-thread-1] INFO  server.RaftServerConfigKeys (ConfUtils.java:logGet(44)) - raft.server.log.statemachine.data.sync = true (default)
2020-05-07 00:41:20,227 [pool-147-thread-1] INFO  server.RaftServerConfigKeys (ConfUtils.java:logGet(44)) - raft.server.log.statemachine.data.sync.timeout = 10s (default)
2020-05-07 00:41:20,227 [pool-147-thread-1] INFO  server.RaftServerConfigKeys (ConfUtils.java:logGet(44)) - raft.server.log.statemachine.data.sync.timeout.retry = -1 (default)
2020-05-07 00:41:20,230 [pool-179-thread-1] INFO  impl.RaftServerImpl (RaftServerImpl.java:<init>(98)) - 0f2866d9-7d54-459e-ac3c-e4a322a6b4d0: new RaftServerImpl for group-A6C9FEDE2310:[0f2866d9-7d54-459e-ac3c-e4a322a6b4d0:172.17.0.2:42883] with ContainerStateMachine:uninitialized
2020-05-07 00:41:20,231 [pool-179-thread-1] INFO  server.RaftServerConfigKeys (ConfUtils.java:logGet(44)) - raft.server.rpc.timeout.min = 5s (custom)
2020-05-07 00:41:20,231 [pool-179-thread-1] INFO  server.RaftServerConfigKeys (ConfUtils.java:logGet(44)) - raft.server.rpc.timeout.max = 5200ms (custom)
2020-05-07 00:41:20,232 [pool-179-thread-1] INFO  server.RaftServerConfigKeys (ConfUtils.java:logGet(44)) - raft.server.rpcslowness.timeout = 300s (custom)
2020-05-07 00:41:20,232 [pool-179-thread-1] INFO  server.RaftServerConfigKeys (ConfUtils.java:logGet(44)) - raft.server.sleep.deviation.threshold = 300 (default)
2020-05-07 00:41:20,232 [pool-179-thread-1] INFO  server.RaftServerConfigKeys (ConfUtils.java:logGet(44)) - raft.server.log.appender.install.snapshot.enabled = false (custom)
2020-05-07 00:41:20,232 [pool-179-thread-1] INFO  impl.RaftServerImpl (ServerState.java:<init>(103)) - 0f2866d9-7d54-459e-ac3c-e4a322a6b4d0@group-A6C9FEDE2310: ConfigurationManager, init=-1: [0f2866d9-7d54-459e-ac3c-e4a322a6b4d0:172.17.0.2:42883], old=null, confs=<EMPTY_MAP>
2020-05-07 00:41:20,232 [pool-179-thread-1] INFO  server.RaftServerConfigKeys (ConfUtils.java:logGet(44)) - raft.server.storage.dir = [/github/workspace/mnt/ozone/hadoop-ozone/integration-test/target/test-dir/MiniOzoneClusterImpl-4309656b-5406-4bc5-8c34-9a373aba7a4c/datanode-9/data/ratis] (custom)
2020-05-07 00:41:20,233 [pool-179-thread-1] INFO  server.RaftServerConfigKeys (ConfUtils.java:logGet(44)) - raft.server.log.corruption.policy = EXCEPTION (default)
2020-05-07 00:41:20,234 [pool-179-thread-1] INFO  storage.RaftStorageDirectory (RaftStorageDirectory.java:analyzeStorage(261)) - The storage directory /github/workspace/mnt/ozone/hadoop-ozone/integration-test/target/test-dir/MiniOzoneClusterImpl-4309656b-5406-4bc5-8c34-9a373aba7a4c/datanode-9/data/ratis/086742ad-7ea3-4fdd-80d0-a6c9fede2310 does not exist. Creating ...
2020-05-07 00:41:20,236 [Command processor thread] INFO  commandhandler.CreatePipelineCommandHandler (CreatePipelineCommandHandler.java:handle(109)) - Created Pipeline RATIS ONE #id: "8534c0db-d580-4407-8d7f-c5ea4d8ce5c1"
.
2020-05-07 00:41:20,236 [Command processor thread] INFO  impl.RaftServerProxy (RaftServerProxy.java:addNew(89)) - 7dd03a18-1435-4be1-bd80-9d608de327dc: addNew group-D89445E6143F:[f9d6d60b-ab5b-4a08-a0ef-ccb2f7c778b8:172.17.0.2:39475, 7dd03a18-1435-4be1-bd80-9d608de327dc:172.17.0.2:42383, ef585da5-85b4-4e5c-8dc1-37cc22327528:172.17.0.2:45241] returns group-D89445E6143F:java.util.concurrent.CompletableFuture@87d7408[Not completed]
2020-05-07 00:41:20,236 [pool-147-thread-1] INFO  server.RaftServerConfigKeys (ConfUtils.java:logGet(44)) - raft.server.log.statemachine.data.caching.enabled = true (custom)
2020-05-07 00:41:20,237 [pool-147-thread-1] INFO  segmented.SegmentedRaftLogWorker (SegmentedRaftLogWorker.java:lambda$new$0(129)) - f9d6d60b-ab5b-4a08-a0ef-ccb2f7c778b8@group-D89445E6143F-SegmentedRaftLogWorker: flushIndex: setUnconditionally 0 -> -1
2020-05-07 00:41:20,237 [pool-179-thread-1] INFO  storage.RaftStorageDirectory (RaftStorageDirectory.java:tryLock(343)) - Lock on /github/workspace/mnt/ozone/hadoop-ozone/integration-test/target/test-dir/MiniOzoneClusterImpl-4309656b-5406-4bc5-8c34-9a373aba7a4c/datanode-9/data/ratis/086742ad-7ea3-4fdd-80d0-a6c9fede2310/in_use.lock acquired by nodename 2553@7fe1756622b5
2020-05-07 00:41:20,237 [pool-163-thread-1] INFO  impl.RaftServerImpl (RaftServerImpl.java:<init>(98)) - 7dd03a18-1435-4be1-bd80-9d608de327dc: new RaftServerImpl for group-D89445E6143F:[f9d6d60b-ab5b-4a08-a0ef-ccb2f7c778b8:172.17.0.2:39475, 7dd03a18-1435-4be1-bd80-9d608de327dc:172.17.0.2:42383, ef585da5-85b4-4e5c-8dc1-37cc22327528:172.17.0.2:45241] with ContainerStateMachine:uninitialized
2020-05-07 00:41:20,238 [pool-163-thread-1] INFO  server.RaftServerConfigKeys (ConfUtils.java:logGet(44)) - raft.server.rpc.timeout.min = 5s (custom)
2020-05-07 00:41:20,238 [pool-163-thread-1] INFO  server.RaftServerConfigKeys (ConfUtils.java:logGet(44)) - raft.server.rpc.timeout.max = 5200ms (custom)
2020-05-07 00:41:20,238 [pool-163-thread-1] INFO  server.RaftServerConfigKeys (ConfUtils.java:logGet(44)) - raft.server.rpcslowness.timeout = 300s (custom)
2020-05-07 00:41:20,238 [pool-163-thread-1] INFO  server.RaftServerConfigKeys (ConfUtils.java:logGet(44)) - raft.server.sleep.deviation.threshold = 300 (default)
2020-05-07 00:41:20,238 [pool-163-thread-1] INFO  server.RaftServerConfigKeys (ConfUtils.java:logGet(44)) - raft.server.log.appender.install.snapshot.enabled = false (custom)
2020-05-07 00:41:20,238 [pool-163-thread-1] INFO  impl.RaftServerImpl (ServerState.java:<init>(103)) - 7dd03a18-1435-4be1-bd80-9d608de327dc@group-D89445E6143F: ConfigurationManager, init=-1: [f9d6d60b-ab5b-4a08-a0ef-ccb2f7c778b8:172.17.0.2:39475, 7dd03a18-1435-4be1-bd80-9d608de327dc:172.17.0.2:42383, ef585da5-85b4-4e5c-8dc1-37cc22327528:172.17.0.2:45241], old=null, confs=<EMPTY_MAP>
2020-05-07 00:41:20,238 [pool-163-thread-1] INFO  server.RaftServerConfigKeys (ConfUtils.java:logGet(44)) - raft.server.storage.dir = [/github/workspace/mnt/ozone/hadoop-ozone/integration-test/target/test-dir/MiniOzoneClusterImpl-4309656b-5406-4bc5-8c34-9a373aba7a4c/datanode-8/data/ratis] (custom)
2020-05-07 00:41:20,238 [pool-163-thread-1] INFO  server.RaftServerConfigKeys (ConfUtils.java:logGet(44)) - raft.server.log.corruption.policy = EXCEPTION (default)
2020-05-07 00:41:20,238 [pool-163-thread-1] INFO  storage.RaftStorageDirectory (RaftStorageDirectory.java:analyzeStorage(261)) - The storage directory /github/workspace/mnt/ozone/hadoop-ozone/integration-test/target/test-dir/MiniOzoneClusterImpl-4309656b-5406-4bc5-8c34-9a373aba7a4c/datanode-8/data/ratis/7e6b2f52-e632-4b19-9839-d89445e6143f does not exist. Creating ...
2020-05-07 00:41:20,239 [pool-163-thread-1] INFO  storage.RaftStorageDirectory (RaftStorageDirectory.java:tryLock(343)) - Lock on /github/workspace/mnt/ozone/hadoop-ozone/integration-test/target/test-dir/MiniOzoneClusterImpl-4309656b-5406-4bc5-8c34-9a373aba7a4c/datanode-8/data/ratis/7e6b2f52-e632-4b19-9839-d89445e6143f/in_use.lock acquired by nodename 2553@7fe1756622b5
2020-05-07 00:41:20,241 [pool-163-thread-1] INFO  storage.RaftStorage (RaftStorage.java:format(84)) - Storage directory /github/workspace/mnt/ozone/hadoop-ozone/integration-test/target/test-dir/MiniOzoneClusterImpl-4309656b-5406-4bc5-8c34-9a373aba7a4c/datanode-8/data/ratis/7e6b2f52-e632-4b19-9839-d89445e6143f has been successfully formatted.
2020-05-07 00:41:20,241 [pool-179-thread-1] INFO  storage.RaftStorage (RaftStorage.java:format(84)) - Storage directory /github/workspace/mnt/ozone/hadoop-ozone/integration-test/target/test-dir/MiniOzoneClusterImpl-4309656b-5406-4bc5-8c34-9a373aba7a4c/datanode-9/data/ratis/086742ad-7ea3-4fdd-80d0-a6c9fede2310 has been successfully formatted.
2020-05-07 00:41:20,241 [pool-147-thread-1] INFO  server.RaftServerConfigKeys (ConfUtils.java:logGet(44)) - raft.server.snapshot.auto.trigger.enabled = true (custom)
2020-05-07 00:41:20,241 [pool-147-thread-1] INFO  server.RaftServerConfigKeys (ConfUtils.java:logGet(44)) - raft.server.snapshot.auto.trigger.threshold = 10000 (custom)
2020-05-07 00:41:20,241 [pool-147-thread-1] INFO  server.RaftServerConfigKeys (ConfUtils.java:logGet(44)) - raft.server.snapshot.retention.file.num = 5 (custom)
2020-05-07 00:41:20,242 [pool-147-thread-1] INFO  server.RaftServerConfigKeys (ConfUtils.java:logGet(44)) - raft.server.log.purge.upto.snapshot.index = false (default)
2020-05-07 00:41:20,242 [pool-147-thread-1] INFO  server.RaftServerConfigKeys (ConfUtils.java:logGet(44)) - raft.server.retrycache.expirytime = 600000ms (custom)
2020-05-07 00:41:20,242 [pool-147-thread-1] INFO  metrics.RatisMetrics (RatisMetrics.java:lambda$create$0(39)) - Creating Metrics Registry : ratis.leader_election.f9d6d60b-ab5b-4a08-a0ef-ccb2f7c778b8@group-D89445E6143F
2020-05-07 00:41:20,243 [pool-163-thread-1] INFO  ratis.ContainerStateMachine (ContainerStateMachine.java:loadSnapshot(226)) - group-D89445E6143F: The snapshot info is null. Setting the last applied indexto:(t:0, i:~)
2020-05-07 00:41:20,243 [pool-163-thread-1] INFO  server.RaftServerConfigKeys (ConfUtils.java:logGet(44)) - raft.server.notification.no-leader.timeout = 60s (default)
2020-05-07 00:41:20,243 [pool-163-thread-1] INFO  server.RaftServerConfigKeys (ConfUtils.java:logGet(44)) - raft.server.log.use.memory = false (default)
2020-05-07 00:41:20,243 [pool-163-thread-1] INFO  server.RaftServerConfigKeys (ConfUtils.java:logGet(44)) - raft.server.log.purge.gap = 1000000 (custom)
2020-05-07 00:41:20,243 [pool-163-thread-1] INFO  server.RaftServerConfigKeys (ConfUtils.java:logGet(44)) - raft.server.log.appender.buffer.byte-limit = 33554432 (custom)
2020-05-07 00:41:20,243 [pool-163-thread-1] INFO  server.RaftServerConfigKeys (ConfUtils.java:logGet(44)) - raft.server.log.segment.size.max = 1048576 (custom)
2020-05-07 00:41:20,243 [pool-163-thread-1] INFO  server.RaftServerConfigKeys (ConfUtils.java:logGet(44)) - raft.server.log.segment.cache.num.max = 2 (custom)
2020-05-07 00:41:20,243 [pool-163-thread-1] INFO  segmented.SegmentedRaftLogWorker (SegmentedRaftLogWorker.java:<init>(176)) - new 7dd03a18-1435-4be1-bd80-9d608de327dc@group-D89445E6143F-SegmentedRaftLogWorker for RaftStorage:Storage Directory /github/workspace/mnt/ozone/hadoop-ozone/integration-test/target/test-dir/MiniOzoneClusterImpl-4309656b-5406-4bc5-8c34-9a373aba7a4c/datanode-8/data/ratis/7e6b2f52-e632-4b19-9839-d89445e6143f
2020-05-07 00:41:20,243 [pool-163-thread-1] INFO  server.RaftServerConfigKeys (ConfUtils.java:logGet(44)) - raft.server.log.queue.byte-limit = 2147483647 (custom)
2020-05-07 00:41:20,243 [pool-163-thread-1] INFO  server.RaftServerConfigKeys (ConfUtils.java:logGet(44)) - raft.server.log.queue.element-limit = 1024 (custom)
2020-05-07 00:41:20,243 [pool-163-thread-1] INFO  server.RaftServerConfigKeys (ConfUtils.java:logGet(44)) - raft.server.log.segment.size.max = 1048576 (custom)
2020-05-07 00:41:20,243 [pool-163-thread-1] INFO  server.RaftServerConfigKeys (ConfUtils.java:logGet(44)) - raft.server.log.preallocated.size = 16384 (custom)
2020-05-07 00:41:20,243 [pool-163-thread-1] INFO  server.RaftServerConfigKeys (ConfUtils.java:logGet(44)) - raft.server.log.write.buffer.size = 1048576 (custom)
2020-05-07 00:41:20,243 [pool-163-thread-1] INFO  server.RaftServerConfigKeys (ConfUtils.java:logGet(44)) - raft.server.log.force.sync.num = 128 (default)
2020-05-07 00:41:20,244 [pool-163-thread-1] INFO  server.RaftServerConfigKeys (ConfUtils.java:logGet(44)) - raft.server.log.statemachine.data.sync = true (default)
2020-05-07 00:41:20,244 [pool-163-thread-1] INFO  server.RaftServerConfigKeys (ConfUtils.java:logGet(44)) - raft.server.log.statemachine.data.sync.timeout = 10s (default)
2020-05-07 00:41:20,244 [pool-163-thread-1] INFO  server.RaftServerConfigKeys (ConfUtils.java:logGet(44)) - raft.server.log.statemachine.data.sync.timeout.retry = -1 (default)
2020-05-07 00:41:20,244 [pool-147-thread-1] INFO  metrics.RatisMetrics (RatisMetrics.java:lambda$create$0(39)) - Creating Metrics Registry : ratis.server.f9d6d60b-ab5b-4a08-a0ef-ccb2f7c778b8@group-D89445E6143F
2020-05-07 00:41:20,245 [pool-147-thread-1] INFO  impl.RaftServerImpl (RaftServerImpl.java:start(184)) - f9d6d60b-ab5b-4a08-a0ef-ccb2f7c778b8@group-D89445E6143F: start as a follower, conf=-1: [f9d6d60b-ab5b-4a08-a0ef-ccb2f7c778b8:172.17.0.2:39475, 7dd03a18-1435-4be1-bd80-9d608de327dc:172.17.0.2:42383, ef585da5-85b4-4e5c-8dc1-37cc22327528:172.17.0.2:45241], old=null
2020-05-07 00:41:20,245 [pool-147-thread-1] INFO  impl.RaftServerImpl (RaftServerImpl.java:setRole(173)) - f9d6d60b-ab5b-4a08-a0ef-ccb2f7c778b8@group-D89445E6143F: changes role from      null to FOLLOWER at term 0 for startAsFollower
2020-05-07 00:41:20,245 [pool-147-thread-1] INFO  impl.RoleInfo (RoleInfo.java:updateAndGet(143)) - f9d6d60b-ab5b-4a08-a0ef-ccb2f7c778b8: start FollowerState
2020-05-07 00:41:20,246 [pool-163-thread-1] INFO  server.RaftServerConfigKeys (ConfUtils.java:logGet(44)) - raft.server.log.statemachine.data.caching.enabled = true (custom)
2020-05-07 00:41:20,248 [pool-163-thread-1] INFO  segmented.SegmentedRaftLogWorker (SegmentedRaftLogWorker.java:lambda$new$0(129)) - 7dd03a18-1435-4be1-bd80-9d608de327dc@group-D89445E6143F-SegmentedRaftLogWorker: flushIndex: setUnconditionally 0 -> -1
2020-05-07 00:41:20,260 [pool-179-thread-1] INFO  ratis.ContainerStateMachine (ContainerStateMachine.java:loadSnapshot(226)) - group-A6C9FEDE2310: The snapshot info is null. Setting the last applied indexto:(t:0, i:~)
2020-05-07 00:41:20,261 [EventQueue-PipelineReportForPipelineReportHandler] INFO  pipeline.PipelineStateManager (PipelineStateManager.java:openPipeline(131)) - Pipeline Pipeline[ Id: 086742ad-7ea3-4fdd-80d0-a6c9fede2310, Nodes: 0f2866d9-7d54-459e-ac3c-e4a322a6b4d0{ip: 172.17.0.2, host: 7fe1756622b5, networkLocation: /default-rack, certSerialId: null}, Type:RATIS, Factor:ONE, State:ALLOCATED, leaderId:0f2866d9-7d54-459e-ac3c-e4a322a6b4d0, CreationTimestamp2020-05-07T00:41:17.048Z] moved to OPEN state
2020-05-07 00:41:20,261 [EventQueue-OpenPipelineForOneReplicaPipelineSafeModeRule] INFO  safemode.SCMSafeModeManager (SCMSafeModeManager.java:validateSafeModeExitRules(213)) - AtleastOneDatanodeReportedRule rule is successfully validated
2020-05-07 00:41:20,261 [EventQueue-OpenPipelineForHealthyPipelineSafeModeRule] INFO  safemode.SCMSafeModeManager (HealthyPipelineSafeModeRule.java:process(132)) - SCM in safe mode. Healthy pipelines reported count is 0, required healthy pipeline reported count is 1
2020-05-07 00:41:20,262 [pool-179-thread-1] INFO  server.RaftServerConfigKeys (ConfUtils.java:logGet(44)) - raft.server.notification.no-leader.timeout = 60s (default)
2020-05-07 00:41:20,262 [pool-179-thread-1] INFO  server.RaftServerConfigKeys (ConfUtils.java:logGet(44)) - raft.server.log.use.memory = false (default)
2020-05-07 00:41:20,262 [pool-179-thread-1] INFO  server.RaftServerConfigKeys (ConfUtils.java:logGet(44)) - raft.server.log.purge.gap = 1000000 (custom)
2020-05-07 00:41:20,262 [pool-179-thread-1] INFO  server.RaftServerConfigKeys (ConfUtils.java:logGet(44)) - raft.server.log.appender.buffer.byte-limit = 33554432 (custom)
2020-05-07 00:41:20,262 [pool-179-thread-1] INFO  server.RaftServerConfigKeys (ConfUtils.java:logGet(44)) - raft.server.log.segment.size.max = 1048576 (custom)
2020-05-07 00:41:20,262 [pool-179-thread-1] INFO  metrics.RatisMetrics (RatisMetrics.java:lambda$create$0(39)) - Creating Metrics Registry : ratis.log_worker.0f2866d9-7d54-459e-ac3c-e4a322a6b4d0
2020-05-07 00:41:20,262 [pool-179-thread-1] INFO  server.RaftServerConfigKeys (ConfUtils.java:logGet(44)) - raft.server.log.segment.cache.num.max = 2 (custom)
2020-05-07 00:41:20,262 [pool-179-thread-1] INFO  segmented.SegmentedRaftLogWorker (SegmentedRaftLogWorker.java:<init>(176)) - new 0f2866d9-7d54-459e-ac3c-e4a322a6b4d0@group-A6C9FEDE2310-SegmentedRaftLogWorker for RaftStorage:Storage Directory /github/workspace/mnt/ozone/hadoop-ozone/integration-test/target/test-dir/MiniOzoneClusterImpl-4309656b-5406-4bc5-8c34-9a373aba7a4c/datanode-9/data/ratis/086742ad-7ea3-4fdd-80d0-a6c9fede2310
2020-05-07 00:41:20,262 [pool-179-thread-1] INFO  server.RaftServerConfigKeys (ConfUtils.java:logGet(44)) - raft.server.log.queue.byte-limit = 2147483647 (custom)
2020-05-07 00:41:20,262 [pool-179-thread-1] INFO  server.RaftServerConfigKeys (ConfUtils.java:logGet(44)) - raft.server.log.queue.element-limit = 1024 (custom)
2020-05-07 00:41:20,262 [pool-179-thread-1] INFO  server.RaftServerConfigKeys (ConfUtils.java:logGet(44)) - raft.server.log.segment.size.max = 1048576 (custom)
2020-05-07 00:41:20,262 [pool-179-thread-1] INFO  server.RaftServerConfigKeys (ConfUtils.java:logGet(44)) - raft.server.log.preallocated.size = 16384 (custom)
2020-05-07 00:41:20,262 [pool-179-thread-1] INFO  server.RaftServerConfigKeys (ConfUtils.java:logGet(44)) - raft.server.log.write.buffer.size = 1048576 (custom)
2020-05-07 00:41:20,263 [pool-179-thread-1] INFO  server.RaftServerConfigKeys (ConfUtils.java:logGet(44)) - raft.server.log.force.sync.num = 128 (default)
2020-05-07 00:41:20,263 [pool-179-thread-1] INFO  server.RaftServerConfigKeys (ConfUtils.java:logGet(44)) - raft.server.log.statemachine.data.sync = true (default)
2020-05-07 00:41:20,263 [pool-179-thread-1] INFO  server.RaftServerConfigKeys (ConfUtils.java:logGet(44)) - raft.server.log.statemachine.data.sync.timeout = 10s (default)
2020-05-07 00:41:20,263 [pool-179-thread-1] INFO  server.RaftServerConfigKeys (ConfUtils.java:logGet(44)) - raft.server.log.statemachine.data.sync.timeout.retry = -1 (default)
2020-05-07 00:41:20,264 [pool-179-thread-1] INFO  server.RaftServerConfigKeys (ConfUtils.java:logGet(44)) - raft.server.log.statemachine.data.caching.enabled = true (custom)
2020-05-07 00:41:20,265 [pool-179-thread-1] INFO  segmented.SegmentedRaftLogWorker (SegmentedRaftLogWorker.java:lambda$new$0(129)) - 0f2866d9-7d54-459e-ac3c-e4a322a6b4d0@group-A6C9FEDE2310-SegmentedRaftLogWorker: flushIndex: setUnconditionally 0 -> -1
2020-05-07 00:41:20,265 [pool-179-thread-1] INFO  server.RaftServerConfigKeys (ConfUtils.java:logGet(44)) - raft.server.snapshot.auto.trigger.enabled = true (custom)
2020-05-07 00:41:20,265 [pool-179-thread-1] INFO  server.RaftServerConfigKeys (ConfUtils.java:logGet(44)) - raft.server.snapshot.auto.trigger.threshold = 10000 (custom)
2020-05-07 00:41:20,265 [pool-179-thread-1] INFO  server.RaftServerConfigKeys (ConfUtils.java:logGet(44)) - raft.server.snapshot.retention.file.num = 5 (custom)
2020-05-07 00:41:20,265 [pool-179-thread-1] INFO  server.RaftServerConfigKeys (ConfUtils.java:logGet(44)) - raft.server.log.purge.upto.snapshot.index = false (default)
2020-05-07 00:41:20,265 [pool-179-thread-1] INFO  server.RaftServerConfigKeys (ConfUtils.java:logGet(44)) - raft.server.retrycache.expirytime = 600000ms (custom)
2020-05-07 00:41:20,265 [pool-179-thread-1] INFO  metrics.RatisMetrics (RatisMetrics.java:lambda$create$0(39)) - Creating Metrics Registry : ratis.leader_election.0f2866d9-7d54-459e-ac3c-e4a322a6b4d0@group-A6C9FEDE2310
2020-05-07 00:41:20,266 [pool-179-thread-1] INFO  metrics.RatisMetrics (RatisMetrics.java:lambda$create$0(39)) - Creating Metrics Registry : ratis.server.0f2866d9-7d54-459e-ac3c-e4a322a6b4d0@group-A6C9FEDE2310
2020-05-07 00:41:20,267 [pool-179-thread-1] INFO  impl.RaftServerImpl (RaftServerImpl.java:start(184)) - 0f2866d9-7d54-459e-ac3c-e4a322a6b4d0@group-A6C9FEDE2310: start as a follower, conf=-1: [0f2866d9-7d54-459e-ac3c-e4a322a6b4d0:172.17.0.2:42883], old=null
2020-05-07 00:41:20,267 [pool-179-thread-1] INFO  impl.RaftServerImpl (RaftServerImpl.java:setRole(173)) - 0f2866d9-7d54-459e-ac3c-e4a322a6b4d0@group-A6C9FEDE2310: changes role from      null to FOLLOWER at term 0 for startAsFollower
2020-05-07 00:41:20,267 [pool-179-thread-1] INFO  impl.RoleInfo (RoleInfo.java:updateAndGet(143)) - 0f2866d9-7d54-459e-ac3c-e4a322a6b4d0: start FollowerState
2020-05-07 00:41:20,267 [pool-179-thread-1] INFO  util.JmxRegister (JmxRegister.java:tryRegister(44)) - Successfully registered JMX Bean with object name Ratis:service=RaftServer,group=group-A6C9FEDE2310,id=0f2866d9-7d54-459e-ac3c-e4a322a6b4d0
2020-05-07 00:41:20,267 [pool-179-thread-1] INFO  metrics.RatisMetrics (RatisMetrics.java:lambda$create$0(39)) - Creating Metrics Registry : ratis.state_machine.0f2866d9-7d54-459e-ac3c-e4a322a6b4d0@group-A6C9FEDE2310
2020-05-07 00:41:20,268 [Command processor thread] INFO  commandhandler.CreatePipelineCommandHandler (CreatePipelineCommandHandler.java:handle(109)) - Created Pipeline RATIS ONE #id: "086742ad-7ea3-4fdd-80d0-a6c9fede2310"
.
2020-05-07 00:41:20,275 [pool-147-thread-1] INFO  util.JmxRegister (JmxRegister.java:tryRegister(44)) - Successfully registered JMX Bean with object name Ratis:service=RaftServer,group=group-D89445E6143F,id=f9d6d60b-ab5b-4a08-a0ef-ccb2f7c778b8
2020-05-07 00:41:20,275 [pool-147-thread-1] INFO  metrics.RatisMetrics (RatisMetrics.java:lambda$create$0(39)) - Creating Metrics Registry : ratis.state_machine.f9d6d60b-ab5b-4a08-a0ef-ccb2f7c778b8@group-D89445E6143F
2020-05-07 00:41:20,287 [pool-163-thread-1] INFO  server.RaftServerConfigKeys (ConfUtils.java:logGet(44)) - raft.server.snapshot.auto.trigger.enabled = true (custom)
2020-05-07 00:41:20,287 [pool-163-thread-1] INFO  server.RaftServerConfigKeys (ConfUtils.java:logGet(44)) - raft.server.snapshot.auto.trigger.threshold = 10000 (custom)
2020-05-07 00:41:20,287 [pool-163-thread-1] INFO  server.RaftServerConfigKeys (ConfUtils.java:logGet(44)) - raft.server.snapshot.retention.file.num = 5 (custom)
2020-05-07 00:41:20,287 [pool-163-thread-1] INFO  server.RaftServerConfigKeys (ConfUtils.java:logGet(44)) - raft.server.log.purge.upto.snapshot.index = false (default)
2020-05-07 00:41:20,311 [pool-163-thread-1] INFO  server.RaftServerConfigKeys (ConfUtils.java:logGet(44)) - raft.server.retrycache.expirytime = 600000ms (custom)
2020-05-07 00:41:20,311 [pool-163-thread-1] INFO  metrics.RatisMetrics (RatisMetrics.java:lambda$create$0(39)) - Creating Metrics Registry : ratis.leader_election.7dd03a18-1435-4be1-bd80-9d608de327dc@group-D89445E6143F
2020-05-07 00:41:20,311 [pool-163-thread-1] INFO  metrics.RatisMetrics (RatisMetrics.java:lambda$create$0(39)) - Creating Metrics Registry : ratis.server.7dd03a18-1435-4be1-bd80-9d608de327dc@group-D89445E6143F
2020-05-07 00:41:20,312 [pool-163-thread-1] INFO  impl.RaftServerImpl (RaftServerImpl.java:start(184)) - 7dd03a18-1435-4be1-bd80-9d608de327dc@group-D89445E6143F: start as a follower, conf=-1: [f9d6d60b-ab5b-4a08-a0ef-ccb2f7c778b8:172.17.0.2:39475, 7dd03a18-1435-4be1-bd80-9d608de327dc:172.17.0.2:42383, ef585da5-85b4-4e5c-8dc1-37cc22327528:172.17.0.2:45241], old=null
2020-05-07 00:41:20,312 [pool-163-thread-1] INFO  impl.RaftServerImpl (RaftServerImpl.java:setRole(173)) - 7dd03a18-1435-4be1-bd80-9d608de327dc@group-D89445E6143F: changes role from      null to FOLLOWER at term 0 for startAsFollower
2020-05-07 00:41:20,312 [pool-163-thread-1] INFO  impl.RoleInfo (RoleInfo.java:updateAndGet(143)) - 7dd03a18-1435-4be1-bd80-9d608de327dc: start FollowerState
2020-05-07 00:41:20,314 [pool-163-thread-1] INFO  util.JmxRegister (JmxRegister.java:tryRegister(44)) - Successfully registered JMX Bean with object name Ratis:service=RaftServer,group=group-D89445E6143F,id=7dd03a18-1435-4be1-bd80-9d608de327dc
2020-05-07 00:41:20,315 [pool-163-thread-1] INFO  metrics.RatisMetrics (RatisMetrics.java:lambda$create$0(39)) - Creating Metrics Registry : ratis.state_machine.7dd03a18-1435-4be1-bd80-9d608de327dc@group-D89445E6143F
2020-05-07 00:41:20,922 [Command processor thread] INFO  commandhandler.CreatePipelineCommandHandler (CreatePipelineCommandHandler.java:handle(109)) - Created Pipeline RATIS THREE #id: "7e6b2f52-e632-4b19-9839-d89445e6143f"
.
2020-05-07 00:41:20,930 [Command processor thread] INFO  commandhandler.CreatePipelineCommandHandler (CreatePipelineCommandHandler.java:handle(109)) - Created Pipeline RATIS THREE #id: "ff54650d-e088-4b12-a539-a95aed492fe6"
.
2020-05-07 00:41:20,945 [Command processor thread] INFO  commandhandler.CreatePipelineCommandHandler (CreatePipelineCommandHandler.java:handle(109)) - Created Pipeline RATIS THREE #id: "7e6b2f52-e632-4b19-9839-d89445e6143f"
.
2020-05-07 00:41:20,949 [Command processor thread] INFO  commandhandler.CreatePipelineCommandHandler (CreatePipelineCommandHandler.java:handle(109)) - Created Pipeline RATIS THREE #id: "7e6b2f52-e632-4b19-9839-d89445e6143f"
.
2020-05-07 00:41:20,953 [Command processor thread] INFO  commandhandler.CreatePipelineCommandHandler (CreatePipelineCommandHandler.java:handle(109)) - Created Pipeline RATIS THREE #id: "78719136-ff1e-4bef-a11d-9ce59a944174"
.
2020-05-07 00:41:20,958 [Command processor thread] INFO  commandhandler.CreatePipelineCommandHandler (CreatePipelineCommandHandler.java:handle(109)) - Created Pipeline RATIS THREE #id: "ff54650d-e088-4b12-a539-a95aed492fe6"
.
2020-05-07 00:41:20,960 [Command processor thread] INFO  commandhandler.CreatePipelineCommandHandler (CreatePipelineCommandHandler.java:handle(109)) - Created Pipeline RATIS THREE #id: "78719136-ff1e-4bef-a11d-9ce59a944174"
.
2020-05-07 00:41:20,962 [Command processor thread] INFO  commandhandler.CreatePipelineCommandHandler (CreatePipelineCommandHandler.java:handle(109)) - Created Pipeline RATIS THREE #id: "78719136-ff1e-4bef-a11d-9ce59a944174"
.
2020-05-07 00:41:20,963 [Command processor thread] INFO  commandhandler.CreatePipelineCommandHandler (CreatePipelineCommandHandler.java:handle(109)) - Created Pipeline RATIS THREE #id: "ff54650d-e088-4b12-a539-a95aed492fe6"
.
2020-05-07 00:41:21,185 [main] INFO  ozone.MiniOzoneClusterImpl (MiniOzoneClusterImpl.java:lambda$waitForClusterToBeReady$0(177)) - Nodes are ready. Got 10 of 10 DN Heartbeats.
2020-05-07 00:41:21,185 [main] INFO  ozone.MiniOzoneClusterImpl (MiniOzoneClusterImpl.java:lambda$waitForClusterToBeReady$0(180)) - Waiting for cluster to exit safe mode
2020-05-07 00:41:22,186 [main] INFO  ozone.MiniOzoneClusterImpl (MiniOzoneClusterImpl.java:lambda$waitForClusterToBeReady$0(177)) - Nodes are ready. Got 10 of 10 DN Heartbeats.
2020-05-07 00:41:22,186 [main] INFO  ozone.MiniOzoneClusterImpl (MiniOzoneClusterImpl.java:lambda$waitForClusterToBeReady$0(180)) - Waiting for cluster to exit safe mode
2020-05-07 00:41:23,187 [main] INFO  ozone.MiniOzoneClusterImpl (MiniOzoneClusterImpl.java:lambda$waitForClusterToBeReady$0(177)) - Nodes are ready. Got 10 of 10 DN Heartbeats.
2020-05-07 00:41:23,187 [main] INFO  ozone.MiniOzoneClusterImpl (MiniOzoneClusterImpl.java:lambda$waitForClusterToBeReady$0(180)) - Waiting for cluster to exit safe mode
2020-05-07 00:41:24,188 [main] INFO  ozone.MiniOzoneClusterImpl (MiniOzoneClusterImpl.java:lambda$waitForClusterToBeReady$0(177)) - Nodes are ready. Got 10 of 10 DN Heartbeats.
2020-05-07 00:41:24,188 [main] INFO  ozone.MiniOzoneClusterImpl (MiniOzoneClusterImpl.java:lambda$waitForClusterToBeReady$0(180)) - Waiting for cluster to exit safe mode
2020-05-07 00:41:24,477 [Thread-269] INFO  impl.FollowerState (FollowerState.java:run(108)) - 43880261-676d-47ef-b311-3d20c3a92ec2@group-E7FD9EEDCCCF-FollowerState: change to CANDIDATE, lastRpcTime:5202ms, electionTimeout:5179ms
2020-05-07 00:41:24,480 [Thread-269] INFO  impl.RoleInfo (RoleInfo.java:shutdownFollowerState(121)) - 43880261-676d-47ef-b311-3d20c3a92ec2: shutdown FollowerState
2020-05-07 00:41:24,480 [Thread-269] INFO  impl.RaftServerImpl (RaftServerImpl.java:setRole(173)) - 43880261-676d-47ef-b311-3d20c3a92ec2@group-E7FD9EEDCCCF: changes role from  FOLLOWER to CANDIDATE at term 0 for changeToCandidate
2020-05-07 00:41:24,484 [Thread-269] INFO  impl.RoleInfo (RoleInfo.java:updateAndGet(143)) - 43880261-676d-47ef-b311-3d20c3a92ec2: start LeaderElection
2020-05-07 00:41:24,492 [Thread-270] INFO  impl.FollowerState (FollowerState.java:run(108)) - 5d0655f0-c25b-473a-a070-0d978632f858@group-22829CB85092-FollowerState: change to CANDIDATE, lastRpcTime:5216ms, electionTimeout:5200ms
2020-05-07 00:41:24,494 [Thread-270] INFO  impl.RoleInfo (RoleInfo.java:shutdownFollowerState(121)) - 5d0655f0-c25b-473a-a070-0d978632f858: shutdown FollowerState
2020-05-07 00:41:24,495 [Thread-270] INFO  impl.RaftServerImpl (RaftServerImpl.java:setRole(173)) - 5d0655f0-c25b-473a-a070-0d978632f858@group-22829CB85092: changes role from  FOLLOWER to CANDIDATE at term 0 for changeToCandidate
2020-05-07 00:41:24,495 [Thread-270] INFO  impl.RoleInfo (RoleInfo.java:updateAndGet(143)) - 5d0655f0-c25b-473a-a070-0d978632f858: start LeaderElection
2020-05-07 00:41:24,496 [Thread-276] INFO  impl.FollowerState (FollowerState.java:run(108)) - bc4a541c-f62e-41d6-b4a1-614c81b276a8@group-ABAD5AFB1CEF-FollowerState: change to CANDIDATE, lastRpcTime:5081ms, electionTimeout:5076ms
2020-05-07 00:41:24,496 [Thread-276] INFO  impl.RoleInfo (RoleInfo.java:shutdownFollowerState(121)) - bc4a541c-f62e-41d6-b4a1-614c81b276a8: shutdown FollowerState
2020-05-07 00:41:24,496 [Thread-276] INFO  impl.RaftServerImpl (RaftServerImpl.java:setRole(173)) - bc4a541c-f62e-41d6-b4a1-614c81b276a8@group-ABAD5AFB1CEF: changes role from  FOLLOWER to CANDIDATE at term 0 for changeToCandidate
2020-05-07 00:41:24,496 [Thread-276] INFO  impl.RoleInfo (RoleInfo.java:updateAndGet(143)) - bc4a541c-f62e-41d6-b4a1-614c81b276a8: start LeaderElection
2020-05-07 00:41:24,510 [5d0655f0-c25b-473a-a070-0d978632f858@group-22829CB85092-LeaderElection2] INFO  impl.LeaderElection (LeaderElection.java:askForVotes(206)) - 5d0655f0-c25b-473a-a070-0d978632f858@group-22829CB85092-LeaderElection2: begin an election at term 1 for -1: [5d0655f0-c25b-473a-a070-0d978632f858:172.17.0.2:33731], old=null
2020-05-07 00:41:24,511 [5d0655f0-c25b-473a-a070-0d978632f858@group-22829CB85092-LeaderElection2] INFO  impl.RoleInfo (RoleInfo.java:shutdownLeaderElection(134)) - 5d0655f0-c25b-473a-a070-0d978632f858: shutdown LeaderElection
2020-05-07 00:41:24,511 [5d0655f0-c25b-473a-a070-0d978632f858@group-22829CB85092-LeaderElection2] INFO  impl.RaftServerImpl (RaftServerImpl.java:setRole(173)) - 5d0655f0-c25b-473a-a070-0d978632f858@group-22829CB85092: changes role from CANDIDATE to LEADER at term 1 for changeToLeader
2020-05-07 00:41:24,511 [5d0655f0-c25b-473a-a070-0d978632f858@group-22829CB85092-LeaderElection2] INFO  ratis.XceiverServerRatis (XceiverServerRatis.java:handleLeaderChangedNotification(762)) - Leader change notification received for group: group-22829CB85092 with new leaderId: 5d0655f0-c25b-473a-a070-0d978632f858
2020-05-07 00:41:24,512 [5d0655f0-c25b-473a-a070-0d978632f858@group-22829CB85092-LeaderElection2] INFO  impl.RaftServerImpl (ServerState.java:setLeader(255)) - 5d0655f0-c25b-473a-a070-0d978632f858@group-22829CB85092: change Leader from null to 5d0655f0-c25b-473a-a070-0d978632f858 at term 1 for becomeLeader, leader elected after 5424ms
2020-05-07 00:41:24,514 [43880261-676d-47ef-b311-3d20c3a92ec2@group-E7FD9EEDCCCF-LeaderElection1] INFO  impl.LeaderElection (LeaderElection.java:askForVotes(206)) - 43880261-676d-47ef-b311-3d20c3a92ec2@group-E7FD9EEDCCCF-LeaderElection1: begin an election at term 1 for -1: [43880261-676d-47ef-b311-3d20c3a92ec2:172.17.0.2:40753], old=null
2020-05-07 00:41:24,516 [43880261-676d-47ef-b311-3d20c3a92ec2@group-E7FD9EEDCCCF-LeaderElection1] INFO  impl.RoleInfo (RoleInfo.java:shutdownLeaderElection(134)) - 43880261-676d-47ef-b311-3d20c3a92ec2: shutdown LeaderElection
2020-05-07 00:41:24,516 [43880261-676d-47ef-b311-3d20c3a92ec2@group-E7FD9EEDCCCF-LeaderElection1] INFO  impl.RaftServerImpl (RaftServerImpl.java:setRole(173)) - 43880261-676d-47ef-b311-3d20c3a92ec2@group-E7FD9EEDCCCF: changes role from CANDIDATE to LEADER at term 1 for changeToLeader
2020-05-07 00:41:24,516 [43880261-676d-47ef-b311-3d20c3a92ec2@group-E7FD9EEDCCCF-LeaderElection1] INFO  ratis.XceiverServerRatis (XceiverServerRatis.java:handleLeaderChangedNotification(762)) - Leader change notification received for group: group-E7FD9EEDCCCF with new leaderId: 43880261-676d-47ef-b311-3d20c3a92ec2
2020-05-07 00:41:24,517 [43880261-676d-47ef-b311-3d20c3a92ec2@group-E7FD9EEDCCCF-LeaderElection1] INFO  impl.RaftServerImpl (ServerState.java:setLeader(255)) - 43880261-676d-47ef-b311-3d20c3a92ec2@group-E7FD9EEDCCCF: change Leader from null to 43880261-676d-47ef-b311-3d20c3a92ec2 at term 1 for becomeLeader, leader elected after 5341ms
2020-05-07 00:41:24,517 [bc4a541c-f62e-41d6-b4a1-614c81b276a8@group-ABAD5AFB1CEF-LeaderElection3] INFO  impl.LeaderElection (LeaderElection.java:askForVotes(206)) - bc4a541c-f62e-41d6-b4a1-614c81b276a8@group-ABAD5AFB1CEF-LeaderElection3: begin an election at term 1 for -1: [bc4a541c-f62e-41d6-b4a1-614c81b276a8:172.17.0.2:44661], old=null
2020-05-07 00:41:24,517 [bc4a541c-f62e-41d6-b4a1-614c81b276a8@group-ABAD5AFB1CEF-LeaderElection3] INFO  impl.RoleInfo (RoleInfo.java:shutdownLeaderElection(134)) - bc4a541c-f62e-41d6-b4a1-614c81b276a8: shutdown LeaderElection
2020-05-07 00:41:24,517 [bc4a541c-f62e-41d6-b4a1-614c81b276a8@group-ABAD5AFB1CEF-LeaderElection3] INFO  impl.RaftServerImpl (RaftServerImpl.java:setRole(173)) - bc4a541c-f62e-41d6-b4a1-614c81b276a8@group-ABAD5AFB1CEF: changes role from CANDIDATE to LEADER at term 1 for changeToLeader
2020-05-07 00:41:24,517 [bc4a541c-f62e-41d6-b4a1-614c81b276a8@group-ABAD5AFB1CEF-LeaderElection3] INFO  ratis.XceiverServerRatis (XceiverServerRatis.java:handleLeaderChangedNotification(762)) - Leader change notification received for group: group-ABAD5AFB1CEF with new leaderId: bc4a541c-f62e-41d6-b4a1-614c81b276a8
2020-05-07 00:41:24,518 [bc4a541c-f62e-41d6-b4a1-614c81b276a8@group-ABAD5AFB1CEF-LeaderElection3] INFO  impl.RaftServerImpl (ServerState.java:setLeader(255)) - bc4a541c-f62e-41d6-b4a1-614c81b276a8@group-ABAD5AFB1CEF: change Leader from null to bc4a541c-f62e-41d6-b4a1-614c81b276a8 at term 1 for becomeLeader, leader elected after 5150ms
2020-05-07 00:41:24,525 [43880261-676d-47ef-b311-3d20c3a92ec2@group-E7FD9EEDCCCF-LeaderElection1] INFO  server.RaftServerConfigKeys (ConfUtils.java:logGet(44)) - raft.server.staging.catchup.gap = 1000 (default)
2020-05-07 00:41:24,525 [43880261-676d-47ef-b311-3d20c3a92ec2@group-E7FD9EEDCCCF-LeaderElection1] INFO  server.RaftServerConfigKeys (ConfUtils.java:logGet(44)) - raft.server.rpc.sleep.time = 25ms (default)
2020-05-07 00:41:24,528 [43880261-676d-47ef-b311-3d20c3a92ec2@group-E7FD9EEDCCCF-LeaderElection1] INFO  metrics.RatisMetrics (RatisMetrics.java:lambda$create$0(39)) - Creating Metrics Registry : ratis.log_appender.43880261-676d-47ef-b311-3d20c3a92ec2@group-E7FD9EEDCCCF
2020-05-07 00:41:24,530 [43880261-676d-47ef-b311-3d20c3a92ec2@group-E7FD9EEDCCCF-LeaderElection1] INFO  server.RaftServerConfigKeys (ConfUtils.java:logGet(44)) - raft.server.write.element-limit = 1024 (custom)
2020-05-07 00:41:24,530 [Thread-274] INFO  impl.FollowerState (FollowerState.java:run(108)) - 5d0655f0-c25b-473a-a070-0d978632f858@group-A95AED492FE6-FollowerState: change to CANDIDATE, lastRpcTime:5127ms, electionTimeout:5123ms
2020-05-07 00:41:24,530 [43880261-676d-47ef-b311-3d20c3a92ec2@group-E7FD9EEDCCCF-LeaderElection1] INFO  server.RaftServerConfigKeys (ConfUtils.java:logGet(44)) - raft.server.write.byte-limit = 1073741824 (custom)
2020-05-07 00:41:24,531 [Thread-274] INFO  impl.RoleInfo (RoleInfo.java:shutdownFollowerState(121)) - 5d0655f0-c25b-473a-a070-0d978632f858: shutdown FollowerState
2020-05-07 00:41:24,531 [Thread-274] INFO  impl.RaftServerImpl (RaftServerImpl.java:setRole(173)) - 5d0655f0-c25b-473a-a070-0d978632f858@group-A95AED492FE6: changes role from  FOLLOWER to CANDIDATE at term 0 for changeToCandidate
2020-05-07 00:41:24,531 [Thread-274] INFO  impl.RoleInfo (RoleInfo.java:updateAndGet(143)) - 5d0655f0-c25b-473a-a070-0d978632f858: start LeaderElection
2020-05-07 00:41:24,537 [43880261-676d-47ef-b311-3d20c3a92ec2@group-E7FD9EEDCCCF-LeaderElection1] INFO  server.RaftServerConfigKeys (ConfUtils.java:logGet(44)) - raft.server.watch.timeout = 180s (custom)
2020-05-07 00:41:24,538 [43880261-676d-47ef-b311-3d20c3a92ec2@group-E7FD9EEDCCCF-LeaderElection1] INFO  server.RaftServerConfigKeys (ConfUtils.java:logGet(44)) - raft.server.watch.timeout.denomination = 1s (default)
2020-05-07 00:41:24,543 [43880261-676d-47ef-b311-3d20c3a92ec2@group-E7FD9EEDCCCF-LeaderElection1] INFO  server.RaftServerConfigKeys (ConfUtils.java:logGet(44)) - raft.server.watch.element-limit = 65536 (default)
2020-05-07 00:41:24,545 [bc4a541c-f62e-41d6-b4a1-614c81b276a8@group-ABAD5AFB1CEF-LeaderElection3] INFO  server.RaftServerConfigKeys (ConfUtils.java:logGet(44)) - raft.server.staging.catchup.gap = 1000 (default)
2020-05-07 00:41:24,545 [bc4a541c-f62e-41d6-b4a1-614c81b276a8@group-ABAD5AFB1CEF-LeaderElection3] INFO  server.RaftServerConfigKeys (ConfUtils.java:logGet(44)) - raft.server.rpc.sleep.time = 25ms (default)
2020-05-07 00:41:24,545 [bc4a541c-f62e-41d6-b4a1-614c81b276a8@group-ABAD5AFB1CEF-LeaderElection3] INFO  metrics.RatisMetrics (RatisMetrics.java:lambda$create$0(39)) - Creating Metrics Registry : ratis.log_appender.bc4a541c-f62e-41d6-b4a1-614c81b276a8@group-ABAD5AFB1CEF
2020-05-07 00:41:24,545 [bc4a541c-f62e-41d6-b4a1-614c81b276a8@group-ABAD5AFB1CEF-LeaderElection3] INFO  server.RaftServerConfigKeys (ConfUtils.java:logGet(44)) - raft.server.write.element-limit = 1024 (custom)
2020-05-07 00:41:24,545 [bc4a541c-f62e-41d6-b4a1-614c81b276a8@group-ABAD5AFB1CEF-LeaderElection3] INFO  server.RaftServerConfigKeys (ConfUtils.java:logGet(44)) - raft.server.write.byte-limit = 1073741824 (custom)
2020-05-07 00:41:24,546 [bc4a541c-f62e-41d6-b4a1-614c81b276a8@group-ABAD5AFB1CEF-LeaderElection3] INFO  server.RaftServerConfigKeys (ConfUtils.java:logGet(44)) - raft.server.watch.timeout = 180s (custom)
2020-05-07 00:41:24,543 [5d0655f0-c25b-473a-a070-0d978632f858@group-22829CB85092-LeaderElection2] INFO  server.RaftServerConfigKeys (ConfUtils.java:logGet(44)) - raft.server.staging.catchup.gap = 1000 (default)
2020-05-07 00:41:24,547 [5d0655f0-c25b-473a-a070-0d978632f858@group-22829CB85092-LeaderElection2] INFO  server.RaftServerConfigKeys (ConfUtils.java:logGet(44)) - raft.server.rpc.sleep.time = 25ms (default)
2020-05-07 00:41:24,546 [bc4a541c-f62e-41d6-b4a1-614c81b276a8@group-ABAD5AFB1CEF-LeaderElection3] INFO  server.RaftServerConfigKeys (ConfUtils.java:logGet(44)) - raft.server.watch.timeout.denomination = 1s (default)
2020-05-07 00:41:24,547 [5d0655f0-c25b-473a-a070-0d978632f858@group-22829CB85092-LeaderElection2] INFO  metrics.RatisMetrics (RatisMetrics.java:lambda$create$0(39)) - Creating Metrics Registry : ratis.log_appender.5d0655f0-c25b-473a-a070-0d978632f858@group-22829CB85092
2020-05-07 00:41:24,547 [bc4a541c-f62e-41d6-b4a1-614c81b276a8@group-ABAD5AFB1CEF-LeaderElection3] INFO  server.RaftServerConfigKeys (ConfUtils.java:logGet(44)) - raft.server.watch.element-limit = 65536 (default)
2020-05-07 00:41:24,547 [5d0655f0-c25b-473a-a070-0d978632f858@group-22829CB85092-LeaderElection2] INFO  server.RaftServerConfigKeys (ConfUtils.java:logGet(44)) - raft.server.write.element-limit = 1024 (custom)
2020-05-07 00:41:24,547 [5d0655f0-c25b-473a-a070-0d978632f858@group-22829CB85092-LeaderElection2] INFO  server.RaftServerConfigKeys (ConfUtils.java:logGet(44)) - raft.server.write.byte-limit = 1073741824 (custom)
2020-05-07 00:41:24,548 [5d0655f0-c25b-473a-a070-0d978632f858@group-A95AED492FE6-LeaderElection4] INFO  impl.LeaderElection (LeaderElection.java:askForVotes(206)) - 5d0655f0-c25b-473a-a070-0d978632f858@group-A95AED492FE6-LeaderElection4: begin an election at term 1 for -1: [5d0655f0-c25b-473a-a070-0d978632f858:172.17.0.2:33731, bc4a541c-f62e-41d6-b4a1-614c81b276a8:172.17.0.2:44661, 43880261-676d-47ef-b311-3d20c3a92ec2:172.17.0.2:40753], old=null
2020-05-07 00:41:24,548 [5d0655f0-c25b-473a-a070-0d978632f858@group-22829CB85092-LeaderElection2] INFO  server.RaftServerConfigKeys (ConfUtils.java:logGet(44)) - raft.server.watch.timeout = 180s (custom)
2020-05-07 00:41:24,548 [5d0655f0-c25b-473a-a070-0d978632f858@group-22829CB85092-LeaderElection2] INFO  server.RaftServerConfigKeys (ConfUtils.java:logGet(44)) - raft.server.watch.timeout.denomination = 1s (default)
2020-05-07 00:41:24,548 [5d0655f0-c25b-473a-a070-0d978632f858@group-22829CB85092-LeaderElection2] INFO  server.RaftServerConfigKeys (ConfUtils.java:logGet(44)) - raft.server.watch.element-limit = 65536 (default)
2020-05-07 00:41:24,567 [bc4a541c-f62e-41d6-b4a1-614c81b276a8@group-ABAD5AFB1CEF-LeaderElection3] INFO  impl.RoleInfo (RoleInfo.java:updateAndGet(143)) - bc4a541c-f62e-41d6-b4a1-614c81b276a8: start LeaderState
2020-05-07 00:41:24,571 [5d0655f0-c25b-473a-a070-0d978632f858@group-22829CB85092-LeaderElection2] INFO  impl.RoleInfo (RoleInfo.java:updateAndGet(143)) - 5d0655f0-c25b-473a-a070-0d978632f858: start LeaderState
2020-05-07 00:41:24,576 [43880261-676d-47ef-b311-3d20c3a92ec2@group-E7FD9EEDCCCF-LeaderElection1] INFO  impl.RoleInfo (RoleInfo.java:updateAndGet(143)) - 43880261-676d-47ef-b311-3d20c3a92ec2: start LeaderState
2020-05-07 00:41:24,590 [Thread-275] INFO  impl.FollowerState (FollowerState.java:run(108)) - 43880261-676d-47ef-b311-3d20c3a92ec2@group-A95AED492FE6-FollowerState: change to CANDIDATE, lastRpcTime:5171ms, electionTimeout:5157ms
2020-05-07 00:41:24,590 [Thread-275] INFO  impl.RoleInfo (RoleInfo.java:shutdownFollowerState(121)) - 43880261-676d-47ef-b311-3d20c3a92ec2: shutdown FollowerState
2020-05-07 00:41:24,590 [Thread-275] INFO  impl.RaftServerImpl (RaftServerImpl.java:setRole(173)) - 43880261-676d-47ef-b311-3d20c3a92ec2@group-A95AED492FE6: changes role from  FOLLOWER to CANDIDATE at term 0 for changeToCandidate
2020-05-07 00:41:24,590 [Thread-275] INFO  impl.RoleInfo (RoleInfo.java:updateAndGet(143)) - 43880261-676d-47ef-b311-3d20c3a92ec2: start LeaderElection
2020-05-07 00:41:24,609 [5d0655f0-c25b-473a-a070-0d978632f858@group-22829CB85092-LeaderElection2] INFO  segmented.SegmentedRaftLogWorker (SegmentedRaftLogWorker.java:startLogSegment(391)) - 5d0655f0-c25b-473a-a070-0d978632f858@group-22829CB85092-SegmentedRaftLogWorker: Starting segment from index:0
2020-05-07 00:41:24,609 [43880261-676d-47ef-b311-3d20c3a92ec2@group-E7FD9EEDCCCF-LeaderElection1] INFO  segmented.SegmentedRaftLogWorker (SegmentedRaftLogWorker.java:startLogSegment(391)) - 43880261-676d-47ef-b311-3d20c3a92ec2@group-E7FD9EEDCCCF-SegmentedRaftLogWorker: Starting segment from index:0
2020-05-07 00:41:24,613 [bc4a541c-f62e-41d6-b4a1-614c81b276a8@group-ABAD5AFB1CEF-LeaderElection3] INFO  segmented.SegmentedRaftLogWorker (SegmentedRaftLogWorker.java:startLogSegment(391)) - bc4a541c-f62e-41d6-b4a1-614c81b276a8@group-ABAD5AFB1CEF-SegmentedRaftLogWorker: Starting segment from index:0
2020-05-07 00:41:24,615 [Thread-279] INFO  impl.FollowerState (FollowerState.java:run(108)) - bc4a541c-f62e-41d6-b4a1-614c81b276a8@group-A95AED492FE6-FollowerState: change to CANDIDATE, lastRpcTime:5146ms, electionTimeout:5136ms
2020-05-07 00:41:24,615 [Thread-279] INFO  impl.RoleInfo (RoleInfo.java:shutdownFollowerState(121)) - bc4a541c-f62e-41d6-b4a1-614c81b276a8: shutdown FollowerState
2020-05-07 00:41:24,615 [Thread-279] INFO  impl.RaftServerImpl (RaftServerImpl.java:setRole(173)) - bc4a541c-f62e-41d6-b4a1-614c81b276a8@group-A95AED492FE6: changes role from  FOLLOWER to CANDIDATE at term 0 for changeToCandidate
2020-05-07 00:41:24,615 [Thread-279] INFO  impl.RoleInfo (RoleInfo.java:updateAndGet(143)) - bc4a541c-f62e-41d6-b4a1-614c81b276a8: start LeaderElection
2020-05-07 00:41:24,628 [43880261-676d-47ef-b311-3d20c3a92ec2@group-A95AED492FE6-LeaderElection5] INFO  impl.LeaderElection (LeaderElection.java:askForVotes(206)) - 43880261-676d-47ef-b311-3d20c3a92ec2@group-A95AED492FE6-LeaderElection5: begin an election at term 1 for -1: [5d0655f0-c25b-473a-a070-0d978632f858:172.17.0.2:33731, bc4a541c-f62e-41d6-b4a1-614c81b276a8:172.17.0.2:44661, 43880261-676d-47ef-b311-3d20c3a92ec2:172.17.0.2:40753], old=null
2020-05-07 00:41:24,631 [bc4a541c-f62e-41d6-b4a1-614c81b276a8@group-ABAD5AFB1CEF-LeaderElection3] INFO  impl.RaftServerImpl (ServerState.java:setRaftConf(356)) - bc4a541c-f62e-41d6-b4a1-614c81b276a8@group-ABAD5AFB1CEF: set configuration 0: [bc4a541c-f62e-41d6-b4a1-614c81b276a8:172.17.0.2:44661], old=null at 0
2020-05-07 00:41:24,632 [Thread-284] INFO  impl.FollowerState (FollowerState.java:run(108)) - c457d337-7f02-4320-835f-bb92d00a572c@group-D037098EB4C0-FollowerState: change to CANDIDATE, lastRpcTime:5043ms, electionTimeout:5032ms
2020-05-07 00:41:24,632 [Thread-284] INFO  impl.RoleInfo (RoleInfo.java:shutdownFollowerState(121)) - c457d337-7f02-4320-835f-bb92d00a572c: shutdown FollowerState
2020-05-07 00:41:24,632 [Thread-284] INFO  impl.RaftServerImpl (RaftServerImpl.java:setRole(173)) - c457d337-7f02-4320-835f-bb92d00a572c@group-D037098EB4C0: changes role from  FOLLOWER to CANDIDATE at term 0 for changeToCandidate
2020-05-07 00:41:24,634 [Thread-284] INFO  impl.RoleInfo (RoleInfo.java:updateAndGet(143)) - c457d337-7f02-4320-835f-bb92d00a572c: start LeaderElection
2020-05-07 00:41:24,634 [43880261-676d-47ef-b311-3d20c3a92ec2@group-E7FD9EEDCCCF-LeaderElection1] INFO  impl.RaftServerImpl (ServerState.java:setRaftConf(356)) - 43880261-676d-47ef-b311-3d20c3a92ec2@group-E7FD9EEDCCCF: set configuration 0: [43880261-676d-47ef-b311-3d20c3a92ec2:172.17.0.2:40753], old=null at 0
2020-05-07 00:41:24,636 [5d0655f0-c25b-473a-a070-0d978632f858@group-22829CB85092-LeaderElection2] INFO  impl.RaftServerImpl (ServerState.java:setRaftConf(356)) - 5d0655f0-c25b-473a-a070-0d978632f858@group-22829CB85092: set configuration 0: [5d0655f0-c25b-473a-a070-0d978632f858:172.17.0.2:33731], old=null at 0
2020-05-07 00:41:24,658 [c457d337-7f02-4320-835f-bb92d00a572c@group-D037098EB4C0-LeaderElection7] INFO  impl.LeaderElection (LeaderElection.java:askForVotes(206)) - c457d337-7f02-4320-835f-bb92d00a572c@group-D037098EB4C0-LeaderElection7: begin an election at term 1 for -1: [c457d337-7f02-4320-835f-bb92d00a572c:172.17.0.2:38199], old=null
2020-05-07 00:41:24,658 [c457d337-7f02-4320-835f-bb92d00a572c@group-D037098EB4C0-LeaderElection7] INFO  impl.RoleInfo (RoleInfo.java:shutdownLeaderElection(134)) - c457d337-7f02-4320-835f-bb92d00a572c: shutdown LeaderElection
2020-05-07 00:41:24,658 [c457d337-7f02-4320-835f-bb92d00a572c@group-D037098EB4C0-LeaderElection7] INFO  impl.RaftServerImpl (RaftServerImpl.java:setRole(173)) - c457d337-7f02-4320-835f-bb92d00a572c@group-D037098EB4C0: changes role from CANDIDATE to LEADER at term 1 for changeToLeader
2020-05-07 00:41:24,658 [c457d337-7f02-4320-835f-bb92d00a572c@group-D037098EB4C0-LeaderElection7] INFO  ratis.XceiverServerRatis (XceiverServerRatis.java:handleLeaderChangedNotification(762)) - Leader change notification received for group: group-D037098EB4C0 with new leaderId: c457d337-7f02-4320-835f-bb92d00a572c
2020-05-07 00:41:24,659 [c457d337-7f02-4320-835f-bb92d00a572c@group-D037098EB4C0-LeaderElection7] INFO  impl.RaftServerImpl (ServerState.java:setLeader(255)) - c457d337-7f02-4320-835f-bb92d00a572c@group-D037098EB4C0: change Leader from null to c457d337-7f02-4320-835f-bb92d00a572c at term 1 for becomeLeader, leader elected after 5087ms
2020-05-07 00:41:24,662 [grpc-default-executor-1] INFO  impl.RaftServerImpl (RaftServerImpl.java:setRole(173)) - bc4a541c-f62e-41d6-b4a1-614c81b276a8@group-A95AED492FE6: changes role from CANDIDATE to FOLLOWER at term 1 for recognizeCandidate:5d0655f0-c25b-473a-a070-0d978632f858
2020-05-07 00:41:24,662 [grpc-default-executor-1] INFO  impl.RoleInfo (RoleInfo.java:shutdownLeaderElection(134)) - bc4a541c-f62e-41d6-b4a1-614c81b276a8: shutdown LeaderElection
2020-05-07 00:41:24,662 [grpc-default-executor-1] INFO  impl.RoleInfo (RoleInfo.java:updateAndGet(143)) - bc4a541c-f62e-41d6-b4a1-614c81b276a8: start FollowerState
2020-05-07 00:41:24,677 [Thread-280] INFO  impl.FollowerState (FollowerState.java:run(108)) - 5d663474-0ada-4287-b8f7-0a24fe94e308@group-DFEB4EEBBD6B-FollowerState: change to CANDIDATE, lastRpcTime:5191ms, electionTimeout:5159ms
2020-05-07 00:41:24,677 [Thread-280] INFO  impl.RoleInfo (RoleInfo.java:shutdownFollowerState(121)) - 5d663474-0ada-4287-b8f7-0a24fe94e308: shutdown FollowerState
2020-05-07 00:41:24,677 [Thread-280] INFO  impl.RaftServerImpl (RaftServerImpl.java:setRole(173)) - 5d663474-0ada-4287-b8f7-0a24fe94e308@group-DFEB4EEBBD6B: changes role from  FOLLOWER to CANDIDATE at term 0 for changeToCandidate
2020-05-07 00:41:24,677 [Thread-280] INFO  impl.RoleInfo (RoleInfo.java:updateAndGet(143)) - 5d663474-0ada-4287-b8f7-0a24fe94e308: start LeaderElection
2020-05-07 00:41:24,677 [c457d337-7f02-4320-835f-bb92d00a572c@group-D037098EB4C0-LeaderElection7] INFO  server.RaftServerConfigKeys (ConfUtils.java:logGet(44)) - raft.server.staging.catchup.gap = 1000 (default)
2020-05-07 00:41:24,678 [c457d337-7f02-4320-835f-bb92d00a572c@group-D037098EB4C0-LeaderElection7] INFO  server.RaftServerConfigKeys (ConfUtils.java:logGet(44)) - raft.server.rpc.sleep.time = 25ms (default)
2020-05-07 00:41:24,688 [Thread-286] INFO  impl.FollowerState (FollowerState.java:run(108)) - c457d337-7f02-4320-835f-bb92d00a572c@group-9CE59A944174-FollowerState: change to CANDIDATE, lastRpcTime:5048ms, electionTimeout:5022ms
2020-05-07 00:41:24,689 [Thread-286] INFO  impl.RoleInfo (RoleInfo.java:shutdownFollowerState(121)) - c457d337-7f02-4320-835f-bb92d00a572c: shutdown FollowerState
2020-05-07 00:41:24,689 [Thread-286] INFO  impl.RaftServerImpl (RaftServerImpl.java:setRole(173)) - c457d337-7f02-4320-835f-bb92d00a572c@group-9CE59A944174: changes role from  FOLLOWER to CANDIDATE at term 0 for changeToCandidate
2020-05-07 00:41:24,689 [Thread-286] INFO  impl.RoleInfo (RoleInfo.java:updateAndGet(143)) - c457d337-7f02-4320-835f-bb92d00a572c: start LeaderElection
2020-05-07 00:41:24,698 [c457d337-7f02-4320-835f-bb92d00a572c@group-D037098EB4C0-LeaderElection7] INFO  metrics.RatisMetrics (RatisMetrics.java:lambda$create$0(39)) - Creating Metrics Registry : ratis.log_appender.c457d337-7f02-4320-835f-bb92d00a572c@group-D037098EB4C0
2020-05-07 00:41:24,698 [c457d337-7f02-4320-835f-bb92d00a572c@group-D037098EB4C0-LeaderElection7] INFO  server.RaftServerConfigKeys (ConfUtils.java:logGet(44)) - raft.server.write.element-limit = 1024 (custom)
2020-05-07 00:41:24,698 [c457d337-7f02-4320-835f-bb92d00a572c@group-D037098EB4C0-LeaderElection7] INFO  server.RaftServerConfigKeys (ConfUtils.java:logGet(44)) - raft.server.write.byte-limit = 1073741824 (custom)
2020-05-07 00:41:24,698 [c457d337-7f02-4320-835f-bb92d00a572c@group-D037098EB4C0-LeaderElection7] INFO  server.RaftServerConfigKeys (ConfUtils.java:logGet(44)) - raft.server.watch.timeout = 180s (custom)
2020-05-07 00:41:24,698 [c457d337-7f02-4320-835f-bb92d00a572c@group-D037098EB4C0-LeaderElection7] INFO  server.RaftServerConfigKeys (ConfUtils.java:logGet(44)) - raft.server.watch.timeout.denomination = 1s (default)
2020-05-07 00:41:24,698 [c457d337-7f02-4320-835f-bb92d00a572c@group-D037098EB4C0-LeaderElection7] INFO  server.RaftServerConfigKeys (ConfUtils.java:logGet(44)) - raft.server.watch.element-limit = 65536 (default)
2020-05-07 00:41:24,699 [c457d337-7f02-4320-835f-bb92d00a572c@group-D037098EB4C0-LeaderElection7] INFO  impl.RoleInfo (RoleInfo.java:updateAndGet(143)) - c457d337-7f02-4320-835f-bb92d00a572c: start LeaderState
2020-05-07 00:41:24,699 [c457d337-7f02-4320-835f-bb92d00a572c@group-D037098EB4C0-LeaderElection7] INFO  segmented.SegmentedRaftLogWorker (SegmentedRaftLogWorker.java:startLogSegment(391)) - c457d337-7f02-4320-835f-bb92d00a572c@group-D037098EB4C0-SegmentedRaftLogWorker: Starting segment from index:0
2020-05-07 00:41:24,700 [grpc-default-executor-4] INFO  impl.RaftServerImpl (RaftServerImpl.java:setRole(173)) - bc4a541c-f62e-41d6-b4a1-614c81b276a8@group-A95AED492FE6: changes role from  FOLLOWER to FOLLOWER at term 1 for recognizeCandidate:43880261-676d-47ef-b311-3d20c3a92ec2
2020-05-07 00:41:24,700 [grpc-default-executor-4] INFO  impl.RoleInfo (RoleInfo.java:shutdownFollowerState(121)) - bc4a541c-f62e-41d6-b4a1-614c81b276a8: shutdown FollowerState
2020-05-07 00:41:24,706 [c457d337-7f02-4320-835f-bb92d00a572c@group-D037098EB4C0-LeaderElection7] INFO  impl.RaftServerImpl (ServerState.java:setRaftConf(356)) - c457d337-7f02-4320-835f-bb92d00a572c@group-D037098EB4C0: set configuration 0: [c457d337-7f02-4320-835f-bb92d00a572c:172.17.0.2:38199], old=null at 0
2020-05-07 00:41:24,709 [grpc-default-executor-4] INFO  impl.RoleInfo (RoleInfo.java:updateAndGet(143)) - bc4a541c-f62e-41d6-b4a1-614c81b276a8: start FollowerState
2020-05-07 00:41:24,709 [Thread-337] INFO  impl.FollowerState (FollowerState.java:run(117)) - bc4a541c-f62e-41d6-b4a1-614c81b276a8@group-A95AED492FE6-FollowerState was interrupted: java.lang.InterruptedException: sleep interrupted
2020-05-07 00:41:24,713 [Thread-282] INFO  impl.FollowerState (FollowerState.java:run(108)) - 5d663474-0ada-4287-b8f7-0a24fe94e308@group-9CE59A944174-FollowerState: change to CANDIDATE, lastRpcTime:5169ms, electionTimeout:5155ms
2020-05-07 00:41:24,713 [Thread-282] INFO  impl.RoleInfo (RoleInfo.java:shutdownFollowerState(121)) - 5d663474-0ada-4287-b8f7-0a24fe94e308: shutdown FollowerState
2020-05-07 00:41:24,714 [Thread-282] INFO  impl.RaftServerImpl (RaftServerImpl.java:setRole(173)) - 5d663474-0ada-4287-b8f7-0a24fe94e308@group-9CE59A944174: changes role from  FOLLOWER to CANDIDATE at term 0 for changeToCandidate
2020-05-07 00:41:24,723 [Thread-282] INFO  impl.RoleInfo (RoleInfo.java:updateAndGet(143)) - 5d663474-0ada-4287-b8f7-0a24fe94e308: start LeaderElection
2020-05-07 00:41:24,725 [5d0655f0-c25b-473a-a070-0d978632f858@group-A95AED492FE6-LeaderElection4] INFO  impl.LeaderElection (LeaderElection.java:logAndReturn(61)) - 5d0655f0-c25b-473a-a070-0d978632f858@group-A95AED492FE6-LeaderElection4: Election REJECTED; received 2 response(s) [5d0655f0-c25b-473a-a070-0d978632f858<-bc4a541c-f62e-41d6-b4a1-614c81b276a8#0:FAIL-t1, 5d0655f0-c25b-473a-a070-0d978632f858<-43880261-676d-47ef-b311-3d20c3a92ec2#0:FAIL-t1] and 0 exception(s); 5d0655f0-c25b-473a-a070-0d978632f858@group-A95AED492FE6:t1, leader=null, voted=5d0655f0-c25b-473a-a070-0d978632f858, raftlog=5d0655f0-c25b-473a-a070-0d978632f858@group-A95AED492FE6-SegmentedRaftLog:OPENED:c-1,f-1,i0, conf=-1: [5d0655f0-c25b-473a-a070-0d978632f858:172.17.0.2:33731, bc4a541c-f62e-41d6-b4a1-614c81b276a8:172.17.0.2:44661, 43880261-676d-47ef-b311-3d20c3a92ec2:172.17.0.2:40753], old=null
2020-05-07 00:41:24,733 [5d0655f0-c25b-473a-a070-0d978632f858@group-A95AED492FE6-LeaderElection4] INFO  impl.RaftServerImpl (RaftServerImpl.java:setRole(173)) - 5d0655f0-c25b-473a-a070-0d978632f858@group-A95AED492FE6: changes role from CANDIDATE to FOLLOWER at term 1 for DISCOVERED_A_NEW_TERM
2020-05-07 00:41:24,734 [5d0655f0-c25b-473a-a070-0d978632f858@group-A95AED492FE6-LeaderElection4] INFO  impl.RoleInfo (RoleInfo.java:shutdownLeaderElection(134)) - 5d0655f0-c25b-473a-a070-0d978632f858: shutdown LeaderElection
2020-05-07 00:41:24,734 [5d0655f0-c25b-473a-a070-0d978632f858@group-A95AED492FE6-LeaderElection4] INFO  impl.RoleInfo (RoleInfo.java:updateAndGet(143)) - 5d0655f0-c25b-473a-a070-0d978632f858: start FollowerState
2020-05-07 00:41:24,734 [bc4a541c-f62e-41d6-b4a1-614c81b276a8@group-A95AED492FE6-LeaderElection6] INFO  impl.LeaderElection (LeaderElection.java:askForVotes(206)) - bc4a541c-f62e-41d6-b4a1-614c81b276a8@group-A95AED492FE6-LeaderElection6: begin an election at term 2 for -1: [5d0655f0-c25b-473a-a070-0d978632f858:172.17.0.2:33731, bc4a541c-f62e-41d6-b4a1-614c81b276a8:172.17.0.2:44661, 43880261-676d-47ef-b311-3d20c3a92ec2:172.17.0.2:40753], old=null
2020-05-07 00:41:24,734 [5d663474-0ada-4287-b8f7-0a24fe94e308@group-DFEB4EEBBD6B-LeaderElection8] INFO  impl.LeaderElection (LeaderElection.java:askForVotes(206)) - 5d663474-0ada-4287-b8f7-0a24fe94e308@group-DFEB4EEBBD6B-LeaderElection8: begin an election at term 1 for -1: [5d663474-0ada-4287-b8f7-0a24fe94e308:172.17.0.2:40025], old=null
2020-05-07 00:41:24,744 [5d663474-0ada-4287-b8f7-0a24fe94e308@group-DFEB4EEBBD6B-LeaderElection8] INFO  impl.RoleInfo (RoleInfo.java:shutdownLeaderElection(134)) - 5d663474-0ada-4287-b8f7-0a24fe94e308: shutdown LeaderElection
2020-05-07 00:41:24,744 [5d663474-0ada-4287-b8f7-0a24fe94e308@group-DFEB4EEBBD6B-LeaderElection8] INFO  impl.RaftServerImpl (RaftServerImpl.java:setRole(173)) - 5d663474-0ada-4287-b8f7-0a24fe94e308@group-DFEB4EEBBD6B: changes role from CANDIDATE to LEADER at term 1 for changeToLeader
2020-05-07 00:41:24,744 [5d663474-0ada-4287-b8f7-0a24fe94e308@group-DFEB4EEBBD6B-LeaderElection8] INFO  ratis.XceiverServerRatis (XceiverServerRatis.java:handleLeaderChangedNotification(762)) - Leader change notification received for group: group-DFEB4EEBBD6B with new leaderId: 5d663474-0ada-4287-b8f7-0a24fe94e308
2020-05-07 00:41:24,734 [c457d337-7f02-4320-835f-bb92d00a572c@group-9CE59A944174-LeaderElection9] INFO  impl.LeaderElection (LeaderElection.java:askForVotes(206)) - c457d337-7f02-4320-835f-bb92d00a572c@group-9CE59A944174-LeaderElection9: begin an election at term 1 for -1: [5d663474-0ada-4287-b8f7-0a24fe94e308:172.17.0.2:40025, 9e8913a8-5d01-463b-9a0c-134b51b3452a:172.17.0.2:46069, c457d337-7f02-4320-835f-bb92d00a572c:172.17.0.2:38199], old=null
2020-05-07 00:41:24,746 [bc4a541c-f62e-41d6-b4a1-614c81b276a8@group-A95AED492FE6-LeaderElection6] INFO  impl.LeaderElection (LeaderElection.java:logAndReturn(61)) - bc4a541c-f62e-41d6-b4a1-614c81b276a8@group-A95AED492FE6-LeaderElection6: Election REJECTED; received 0 response(s) [] and 0 exception(s); bc4a541c-f62e-41d6-b4a1-614c81b276a8@group-A95AED492FE6:t2, leader=null, voted=bc4a541c-f62e-41d6-b4a1-614c81b276a8, raftlog=bc4a541c-f62e-41d6-b4a1-614c81b276a8@group-A95AED492FE6-SegmentedRaftLog:OPENED:c-1,f-1,i0, conf=-1: [5d0655f0-c25b-473a-a070-0d978632f858:172.17.0.2:33731, bc4a541c-f62e-41d6-b4a1-614c81b276a8:172.17.0.2:44661, 43880261-676d-47ef-b311-3d20c3a92ec2:172.17.0.2:40753], old=null
2020-05-07 00:41:24,747 [Thread-288] INFO  impl.FollowerState (FollowerState.java:run(108)) - 9e8913a8-5d01-463b-9a0c-134b51b3452a@group-2164109966DE-FollowerState: change to CANDIDATE, lastRpcTime:5064ms, electionTimeout:5043ms
2020-05-07 00:41:24,747 [Thread-288] INFO  impl.RoleInfo (RoleInfo.java:shutdownFollowerState(121)) - 9e8913a8-5d01-463b-9a0c-134b51b3452a: shutdown FollowerState
2020-05-07 00:41:24,747 [Thread-288] INFO  impl.RaftServerImpl (RaftServerImpl.java:setRole(173)) - 9e8913a8-5d01-463b-9a0c-134b51b3452a@group-2164109966DE: changes role from  FOLLOWER to CANDIDATE at term 0 for changeToCandidate
2020-05-07 00:41:24,747 [Thread-288] INFO  impl.RoleInfo (RoleInfo.java:updateAndGet(143)) - 9e8913a8-5d01-463b-9a0c-134b51b3452a: start LeaderElection
2020-05-07 00:41:24,750 [5d663474-0ada-4287-b8f7-0a24fe94e308@group-DFEB4EEBBD6B-LeaderElection8] INFO  impl.RaftServerImpl (ServerState.java:setLeader(255)) - 5d663474-0ada-4287-b8f7-0a24fe94e308@group-DFEB4EEBBD6B: change Leader from null to 5d663474-0ada-4287-b8f7-0a24fe94e308 at term 1 for becomeLeader, leader elected after 5305ms
2020-05-07 00:41:24,763 [9e8913a8-5d01-463b-9a0c-134b51b3452a@group-2164109966DE-LeaderElection11] INFO  impl.LeaderElection (LeaderElection.java:askForVotes(206)) - 9e8913a8-5d01-463b-9a0c-134b51b3452a@group-2164109966DE-LeaderElection11: begin an election at term 1 for -1: [9e8913a8-5d01-463b-9a0c-134b51b3452a:172.17.0.2:46069], old=null
2020-05-07 00:41:24,763 [9e8913a8-5d01-463b-9a0c-134b51b3452a@group-2164109966DE-LeaderElection11] INFO  impl.RoleInfo (RoleInfo.java:shutdownLeaderElection(134)) - 9e8913a8-5d01-463b-9a0c-134b51b3452a: shutdown LeaderElection
2020-05-07 00:41:24,763 [9e8913a8-5d01-463b-9a0c-134b51b3452a@group-2164109966DE-LeaderElection11] INFO  impl.RaftServerImpl (RaftServerImpl.java:setRole(173)) - 9e8913a8-5d01-463b-9a0c-134b51b3452a@group-2164109966DE: changes role from CANDIDATE to LEADER at term 1 for changeToLeader
2020-05-07 00:41:24,763 [9e8913a8-5d01-463b-9a0c-134b51b3452a@group-2164109966DE-LeaderElection11] INFO  ratis.XceiverServerRatis (XceiverServerRatis.java:handleLeaderChangedNotification(762)) - Leader change notification received for group: group-2164109966DE with new leaderId: 9e8913a8-5d01-463b-9a0c-134b51b3452a
2020-05-07 00:41:24,763 [9e8913a8-5d01-463b-9a0c-134b51b3452a@group-2164109966DE-LeaderElection11] INFO  impl.RaftServerImpl (ServerState.java:setLeader(255)) - 9e8913a8-5d01-463b-9a0c-134b51b3452a@group-2164109966DE: change Leader from null to 9e8913a8-5d01-463b-9a0c-134b51b3452a at term 1 for becomeLeader, leader elected after 5108ms
2020-05-07 00:41:24,769 [43880261-676d-47ef-b311-3d20c3a92ec2@group-A95AED492FE6-LeaderElection5] INFO  impl.LeaderElection (LeaderElection.java:logAndReturn(61)) - 43880261-676d-47ef-b311-3d20c3a92ec2@group-A95AED492FE6-LeaderElection5: Election PASSED; received 2 response(s) [43880261-676d-47ef-b311-3d20c3a92ec2<-5d0655f0-c25b-473a-a070-0d978632f858#0:FAIL-t1, 43880261-676d-47ef-b311-3d20c3a92ec2<-bc4a541c-f62e-41d6-b4a1-614c81b276a8#0:OK-t1] and 0 exception(s); 43880261-676d-47ef-b311-3d20c3a92ec2@group-A95AED492FE6:t1, leader=null, voted=43880261-676d-47ef-b311-3d20c3a92ec2, raftlog=43880261-676d-47ef-b311-3d20c3a92ec2@group-A95AED492FE6-SegmentedRaftLog:OPENED:c-1,f-1,i0, conf=-1: [5d0655f0-c25b-473a-a070-0d978632f858:172.17.0.2:33731, bc4a541c-f62e-41d6-b4a1-614c81b276a8:172.17.0.2:44661, 43880261-676d-47ef-b311-3d20c3a92ec2:172.17.0.2:40753], old=null
2020-05-07 00:41:24,769 [43880261-676d-47ef-b311-3d20c3a92ec2@group-A95AED492FE6-LeaderElection5] INFO  impl.RoleInfo (RoleInfo.java:shutdownLeaderElection(134)) - 43880261-676d-47ef-b311-3d20c3a92ec2: shutdown LeaderElection
2020-05-07 00:41:24,769 [43880261-676d-47ef-b311-3d20c3a92ec2@group-A95AED492FE6-LeaderElection5] INFO  impl.RaftServerImpl (RaftServerImpl.java:setRole(173)) - 43880261-676d-47ef-b311-3d20c3a92ec2@group-A95AED492FE6: changes role from CANDIDATE to LEADER at term 1 for changeToLeader
2020-05-07 00:41:24,769 [43880261-676d-47ef-b311-3d20c3a92ec2@group-A95AED492FE6-LeaderElection5] INFO  ratis.XceiverServerRatis (XceiverServerRatis.java:handleLeaderChangedNotification(762)) - Leader change notification received for group: group-A95AED492FE6 with new leaderId: 43880261-676d-47ef-b311-3d20c3a92ec2
2020-05-07 00:41:24,769 [43880261-676d-47ef-b311-3d20c3a92ec2@group-A95AED492FE6-LeaderElection5] INFO  impl.RaftServerImpl (ServerState.java:setLeader(255)) - 43880261-676d-47ef-b311-3d20c3a92ec2@group-A95AED492FE6: change Leader from null to 43880261-676d-47ef-b311-3d20c3a92ec2 at term 1 for becomeLeader, leader elected after 5385ms
2020-05-07 00:41:24,769 [43880261-676d-47ef-b311-3d20c3a92ec2@group-A95AED492FE6-LeaderElection5] INFO  server.RaftServerConfigKeys (ConfUtils.java:logGet(44)) - raft.server.staging.catchup.gap = 1000 (default)
2020-05-07 00:41:24,770 [43880261-676d-47ef-b311-3d20c3a92ec2@group-A95AED492FE6-LeaderElection5] INFO  server.RaftServerConfigKeys (ConfUtils.java:logGet(44)) - raft.server.rpc.sleep.time = 25ms (default)
2020-05-07 00:41:24,770 [43880261-676d-47ef-b311-3d20c3a92ec2@group-A95AED492FE6-LeaderElection5] INFO  metrics.RatisMetrics (RatisMetrics.java:lambda$create$0(39)) - Creating Metrics Registry : ratis.log_appender.43880261-676d-47ef-b311-3d20c3a92ec2@group-A95AED492FE6
2020-05-07 00:41:24,770 [43880261-676d-47ef-b311-3d20c3a92ec2@group-A95AED492FE6-LeaderElection5] INFO  server.RaftServerConfigKeys (ConfUtils.java:logGet(44)) - raft.server.write.element-limit = 1024 (custom)
2020-05-07 00:41:24,770 [43880261-676d-47ef-b311-3d20c3a92ec2@group-A95AED492FE6-LeaderElection5] INFO  server.RaftServerConfigKeys (ConfUtils.java:logGet(44)) - raft.server.write.byte-limit = 1073741824 (custom)
2020-05-07 00:41:24,770 [43880261-676d-47ef-b311-3d20c3a92ec2@group-A95AED492FE6-LeaderElection5] INFO  server.RaftServerConfigKeys (ConfUtils.java:logGet(44)) - raft.server.watch.timeout = 180s (custom)
2020-05-07 00:41:24,771 [43880261-676d-47ef-b311-3d20c3a92ec2@group-A95AED492FE6-LeaderElection5] INFO  server.RaftServerConfigKeys (ConfUtils.java:logGet(44)) - raft.server.watch.timeout.denomination = 1s (default)
2020-05-07 00:41:24,771 [43880261-676d-47ef-b311-3d20c3a92ec2@group-A95AED492FE6-LeaderElection5] INFO  server.RaftServerConfigKeys (ConfUtils.java:logGet(44)) - raft.server.watch.element-limit = 65536 (default)
2020-05-07 00:41:24,773 [5d663474-0ada-4287-b8f7-0a24fe94e308@group-DFEB4EEBBD6B-LeaderElection8] INFO  server.RaftServerConfigKeys (ConfUtils.java:logGet(44)) - raft.server.staging.catchup.gap = 1000 (default)
2020-05-07 00:41:24,783 [5d663474-0ada-4287-b8f7-0a24fe94e308@group-DFEB4EEBBD6B-LeaderElection8] INFO  server.RaftServerConfigKeys (ConfUtils.java:logGet(44)) - raft.server.rpc.sleep.time = 25ms (default)
2020-05-07 00:41:24,784 [5d663474-0ada-4287-b8f7-0a24fe94e308@group-DFEB4EEBBD6B-LeaderElection8] INFO  metrics.RatisMetrics (RatisMetrics.java:lambda$create$0(39)) - Creating Metrics Registry : ratis.log_appender.5d663474-0ada-4287-b8f7-0a24fe94e308@group-DFEB4EEBBD6B
2020-05-07 00:41:24,784 [43880261-676d-47ef-b311-3d20c3a92ec2@group-A95AED492FE6-LeaderElection5] INFO  server.RaftServerConfigKeys (ConfUtils.java:logGet(44)) - raft.server.log.appender.snapshot.chunk.size.max = 16MB (=16777216) (default)
2020-05-07 00:41:24,784 [43880261-676d-47ef-b311-3d20c3a92ec2@group-A95AED492FE6-LeaderElection5] INFO  server.RaftServerConfigKeys (ConfUtils.java:logGet(44)) - raft.server.log.appender.buffer.byte-limit = 33554432 (custom)
2020-05-07 00:41:24,774 [EventQueue-PipelineReportForPipelineReportHandler] INFO  pipeline.PipelineStateManager (PipelineStateManager.java:openPipeline(131)) - Pipeline Pipeline[ Id: ff54650d-e088-4b12-a539-a95aed492fe6, Nodes: 43880261-676d-47ef-b311-3d20c3a92ec2{ip: 172.17.0.2, host: 7fe1756622b5, networkLocation: /default-rack, certSerialId: null}bc4a541c-f62e-41d6-b4a1-614c81b276a8{ip: 172.17.0.2, host: 7fe1756622b5, networkLocation: /default-rack, certSerialId: null}5d0655f0-c25b-473a-a070-0d978632f858{ip: 172.17.0.2, host: 7fe1756622b5, networkLocation: /default-rack, certSerialId: null}, Type:RATIS, Factor:THREE, State:ALLOCATED, leaderId:43880261-676d-47ef-b311-3d20c3a92ec2, CreationTimestamp2020-05-07T00:41:16.324Z] moved to OPEN state
2020-05-07 00:41:24,784 [43880261-676d-47ef-b311-3d20c3a92ec2@group-A95AED492FE6-LeaderElection5] INFO  server.RaftServerConfigKeys (ConfUtils.java:logGet(44)) - raft.server.log.appender.buffer.element-limit = 1 (custom)
2020-05-07 00:41:24,773 [grpc-default-executor-4] INFO  impl.RaftServerImpl (RaftServerImpl.java:setRole(173)) - 5d0655f0-c25b-473a-a070-0d978632f858@group-A95AED492FE6: changes role from  FOLLOWER to FOLLOWER at term 2 for recognizeCandidate:bc4a541c-f62e-41d6-b4a1-614c81b276a8
2020-05-07 00:41:24,785 [grpc-default-executor-4] INFO  impl.RoleInfo (RoleInfo.java:shutdownFollowerState(121)) - 5d0655f0-c25b-473a-a070-0d978632f858: shutdown FollowerState
2020-05-07 00:41:24,785 [grpc-default-executor-4] INFO  impl.RoleInfo (RoleInfo.java:updateAndGet(143)) - 5d0655f0-c25b-473a-a070-0d978632f858: start FollowerState
2020-05-07 00:41:24,773 [5d663474-0ada-4287-b8f7-0a24fe94e308@group-9CE59A944174-LeaderElection10] INFO  impl.LeaderElection (LeaderElection.java:askForVotes(206)) - 5d663474-0ada-4287-b8f7-0a24fe94e308@group-9CE59A944174-LeaderElection10: begin an election at term 1 for -1: [5d663474-0ada-4287-b8f7-0a24fe94e308:172.17.0.2:40025, 9e8913a8-5d01-463b-9a0c-134b51b3452a:172.17.0.2:46069, c457d337-7f02-4320-835f-bb92d00a572c:172.17.0.2:38199], old=null
2020-05-07 00:41:24,773 [9e8913a8-5d01-463b-9a0c-134b51b3452a@group-2164109966DE-LeaderElection11] INFO  server.RaftServerConfigKeys (ConfUtils.java:logGet(44)) - raft.server.staging.catchup.gap = 1000 (default)
2020-05-07 00:41:24,786 [9e8913a8-5d01-463b-9a0c-134b51b3452a@group-2164109966DE-LeaderElection11] INFO  server.RaftServerConfigKeys (ConfUtils.java:logGet(44)) - raft.server.rpc.sleep.time = 25ms (default)
2020-05-07 00:41:24,785 [Thread-343] INFO  impl.FollowerState (FollowerState.java:run(117)) - 5d0655f0-c25b-473a-a070-0d978632f858@group-A95AED492FE6-FollowerState was interrupted: java.lang.InterruptedException: sleep interrupted
2020-05-07 00:41:24,784 [5d663474-0ada-4287-b8f7-0a24fe94e308@group-DFEB4EEBBD6B-LeaderElection8] INFO  server.RaftServerConfigKeys (ConfUtils.java:logGet(44)) - raft.server.write.element-limit = 1024 (custom)
2020-05-07 00:41:24,786 [5d663474-0ada-4287-b8f7-0a24fe94e308@group-DFEB4EEBBD6B-LeaderElection8] INFO  server.RaftServerConfigKeys (ConfUtils.java:logGet(44)) - raft.server.write.byte-limit = 1073741824 (custom)
2020-05-07 00:41:24,786 [5d663474-0ada-4287-b8f7-0a24fe94e308@group-DFEB4EEBBD6B-LeaderElection8] INFO  server.RaftServerConfigKeys (ConfUtils.java:logGet(44)) - raft.server.watch.timeout = 180s (custom)
2020-05-07 00:41:24,786 [5d663474-0ada-4287-b8f7-0a24fe94e308@group-DFEB4EEBBD6B-LeaderElection8] INFO  server.RaftServerConfigKeys (ConfUtils.java:logGet(44)) - raft.server.watch.timeout.denomination = 1s (default)
2020-05-07 00:41:24,786 [5d663474-0ada-4287-b8f7-0a24fe94e308@group-DFEB4EEBBD6B-LeaderElection8] INFO  server.RaftServerConfigKeys (ConfUtils.java:logGet(44)) - raft.server.watch.element-limit = 65536 (default)
2020-05-07 00:41:24,786 [5d663474-0ada-4287-b8f7-0a24fe94e308@group-DFEB4EEBBD6B-LeaderElection8] INFO  impl.RoleInfo (RoleInfo.java:updateAndGet(143)) - 5d663474-0ada-4287-b8f7-0a24fe94e308: start LeaderState
2020-05-07 00:41:24,787 [5d663474-0ada-4287-b8f7-0a24fe94e308@group-DFEB4EEBBD6B-LeaderElection8] INFO  segmented.SegmentedRaftLogWorker (SegmentedRaftLogWorker.java:startLogSegment(391)) - 5d663474-0ada-4287-b8f7-0a24fe94e308@group-DFEB4EEBBD6B-SegmentedRaftLogWorker: Starting segment from index:0
2020-05-07 00:41:24,802 [5d663474-0ada-4287-b8f7-0a24fe94e308@group-DFEB4EEBBD6B-LeaderElection8] INFO  impl.RaftServerImpl (ServerState.java:setRaftConf(356)) - 5d663474-0ada-4287-b8f7-0a24fe94e308@group-DFEB4EEBBD6B: set configuration 0: [5d663474-0ada-4287-b8f7-0a24fe94e308:172.17.0.2:40025], old=null at 0
2020-05-07 00:41:24,803 [9e8913a8-5d01-463b-9a0c-134b51b3452a@group-2164109966DE-LeaderElection11] INFO  metrics.RatisMetrics (RatisMetrics.java:lambda$create$0(39)) - Creating Metrics Registry : ratis.log_appender.9e8913a8-5d01-463b-9a0c-134b51b3452a@group-2164109966DE
2020-05-07 00:41:24,803 [9e8913a8-5d01-463b-9a0c-134b51b3452a@group-2164109966DE-LeaderElection11] INFO  server.RaftServerConfigKeys (ConfUtils.java:logGet(44)) - raft.server.write.element-limit = 1024 (custom)
2020-05-07 00:41:24,803 [9e8913a8-5d01-463b-9a0c-134b51b3452a@group-2164109966DE-LeaderElection11] INFO  server.RaftServerConfigKeys (ConfUtils.java:logGet(44)) - raft.server.write.byte-limit = 1073741824 (custom)
2020-05-07 00:41:24,803 [9e8913a8-5d01-463b-9a0c-134b51b3452a@group-2164109966DE-LeaderElection11] INFO  server.RaftServerConfigKeys (ConfUtils.java:logGet(44)) - raft.server.watch.timeout = 180s (custom)
2020-05-07 00:41:24,803 [9e8913a8-5d01-463b-9a0c-134b51b3452a@group-2164109966DE-LeaderElection11] INFO  server.RaftServerConfigKeys (ConfUtils.java:logGet(44)) - raft.server.watch.timeout.denomination = 1s (default)
2020-05-07 00:41:24,803 [9e8913a8-5d01-463b-9a0c-134b51b3452a@group-2164109966DE-LeaderElection11] INFO  server.RaftServerConfigKeys (ConfUtils.java:logGet(44)) - raft.server.watch.element-limit = 65536 (default)
2020-05-07 00:41:24,804 [9e8913a8-5d01-463b-9a0c-134b51b3452a@group-2164109966DE-LeaderElection11] INFO  impl.RoleInfo (RoleInfo.java:updateAndGet(143)) - 9e8913a8-5d01-463b-9a0c-134b51b3452a: start LeaderState
2020-05-07 00:41:24,804 [9e8913a8-5d01-463b-9a0c-134b51b3452a@group-2164109966DE-LeaderElection11] INFO  segmented.SegmentedRaftLogWorker (SegmentedRaftLogWorker.java:startLogSegment(391)) - 9e8913a8-5d01-463b-9a0c-134b51b3452a@group-2164109966DE-SegmentedRaftLogWorker: Starting segment from index:0
2020-05-07 00:41:24,806 [EventQueue-OpenPipelineForHealthyPipelineSafeModeRule] INFO  safemode.SCMSafeModeManager (HealthyPipelineSafeModeRule.java:process(132)) - SCM in safe mode. Healthy pipelines reported count is 1, required healthy pipeline reported count is 1
2020-05-07 00:41:24,807 [EventQueue-OpenPipelineForHealthyPipelineSafeModeRule] INFO  safemode.SCMSafeModeManager (SCMSafeModeManager.java:validateSafeModeExitRules(213)) - HealthyPipelineSafeModeRule rule is successfully validated
2020-05-07 00:41:24,807 [EventQueue-OpenPipelineForHealthyPipelineSafeModeRule] INFO  safemode.SCMSafeModeManager (SCMSafeModeManager.java:validateSafeModeExitRules(227)) - ScmSafeModeManager, all rules are successfully validated
2020-05-07 00:41:24,807 [EventQueue-OpenPipelineForHealthyPipelineSafeModeRule] INFO  safemode.SCMSafeModeManager (SCMSafeModeManager.java:exitSafeMode(256)) - SCM exiting safe mode.
2020-05-07 00:41:24,809 [Thread-290] INFO  impl.FollowerState (FollowerState.java:run(108)) - 9e8913a8-5d01-463b-9a0c-134b51b3452a@group-9CE59A944174-FollowerState: change to CANDIDATE, lastRpcTime:5061ms, electionTimeout:5049ms
2020-05-07 00:41:24,810 [Thread-290] INFO  impl.RoleInfo (RoleInfo.java:shutdownFollowerState(121)) - 9e8913a8-5d01-463b-9a0c-134b51b3452a: shutdown FollowerState
2020-05-07 00:41:24,810 [Thread-290] INFO  impl.RaftServerImpl (RaftServerImpl.java:setRole(173)) - 9e8913a8-5d01-463b-9a0c-134b51b3452a@group-9CE59A944174: changes role from  FOLLOWER to CANDIDATE at term 0 for changeToCandidate
2020-05-07 00:41:24,813 [Thread-290] INFO  impl.RoleInfo (RoleInfo.java:updateAndGet(143)) - 9e8913a8-5d01-463b-9a0c-134b51b3452a: start LeaderElection
2020-05-07 00:41:24,830 [9e8913a8-5d01-463b-9a0c-134b51b3452a@group-2164109966DE-LeaderElection11] INFO  impl.RaftServerImpl (ServerState.java:setRaftConf(356)) - 9e8913a8-5d01-463b-9a0c-134b51b3452a@group-2164109966DE: set configuration 0: [9e8913a8-5d01-463b-9a0c-134b51b3452a:172.17.0.2:46069], old=null at 0
2020-05-07 00:41:24,841 [43880261-676d-47ef-b311-3d20c3a92ec2@group-A95AED492FE6-LeaderElection5] INFO  grpc.GrpcConfigKeys (ConfUtils.java:logGet(44)) - raft.grpc.server.leader.outstanding.appends.max = 128 (default)
2020-05-07 00:41:24,861 [43880261-676d-47ef-b311-3d20c3a92ec2@group-A95AED492FE6-LeaderElection5] INFO  server.RaftServerConfigKeys (ConfUtils.java:logGet(44)) - raft.server.rpc.request.timeout = 60s (custom)
2020-05-07 00:41:24,861 [43880261-676d-47ef-b311-3d20c3a92ec2@group-A95AED492FE6-LeaderElection5] INFO  server.RaftServerConfigKeys (ConfUtils.java:logGet(44)) - raft.server.log.appender.install.snapshot.enabled = false (custom)
2020-05-07 00:41:24,879 [43880261-676d-47ef-b311-3d20c3a92ec2@group-A95AED492FE6-LeaderElection5] INFO  server.RaftServerConfigKeys (ConfUtils.java:logGet(44)) - raft.server.log.appender.snapshot.chunk.size.max = 16MB (=16777216) (default)
2020-05-07 00:41:24,880 [43880261-676d-47ef-b311-3d20c3a92ec2@group-A95AED492FE6-LeaderElection5] INFO  server.RaftServerConfigKeys (ConfUtils.java:logGet(44)) - raft.server.log.appender.buffer.byte-limit = 33554432 (custom)
2020-05-07 00:41:24,880 [43880261-676d-47ef-b311-3d20c3a92ec2@group-A95AED492FE6-LeaderElection5] INFO  server.RaftServerConfigKeys (ConfUtils.java:logGet(44)) - raft.server.log.appender.buffer.element-limit = 1 (custom)
2020-05-07 00:41:24,880 [43880261-676d-47ef-b311-3d20c3a92ec2@group-A95AED492FE6-LeaderElection5] INFO  grpc.GrpcConfigKeys (ConfUtils.java:logGet(44)) - raft.grpc.server.leader.outstanding.appends.max = 128 (default)
2020-05-07 00:41:24,880 [43880261-676d-47ef-b311-3d20c3a92ec2@group-A95AED492FE6-LeaderElection5] INFO  server.RaftServerConfigKeys (ConfUtils.java:logGet(44)) - raft.server.rpc.request.timeout = 60s (custom)
2020-05-07 00:41:24,880 [43880261-676d-47ef-b311-3d20c3a92ec2@group-A95AED492FE6-LeaderElection5] INFO  server.RaftServerConfigKeys (ConfUtils.java:logGet(44)) - raft.server.log.appender.install.snapshot.enabled = false (custom)
2020-05-07 00:41:24,888 [43880261-676d-47ef-b311-3d20c3a92ec2@group-A95AED492FE6-LeaderElection5] INFO  impl.RoleInfo (RoleInfo.java:updateAndGet(143)) - 43880261-676d-47ef-b311-3d20c3a92ec2: start LeaderState
2020-05-07 00:41:24,888 [43880261-676d-47ef-b311-3d20c3a92ec2@group-A95AED492FE6-LeaderElection5] INFO  segmented.SegmentedRaftLogWorker (SegmentedRaftLogWorker.java:startLogSegment(391)) - 43880261-676d-47ef-b311-3d20c3a92ec2@group-A95AED492FE6-SegmentedRaftLogWorker: Starting segment from index:0
2020-05-07 00:41:24,911 [43880261-676d-47ef-b311-3d20c3a92ec2@group-A95AED492FE6-LeaderElection5] INFO  impl.RaftServerImpl (ServerState.java:setRaftConf(356)) - 43880261-676d-47ef-b311-3d20c3a92ec2@group-A95AED492FE6: set configuration 0: [5d0655f0-c25b-473a-a070-0d978632f858:172.17.0.2:33731, bc4a541c-f62e-41d6-b4a1-614c81b276a8:172.17.0.2:44661, 43880261-676d-47ef-b311-3d20c3a92ec2:172.17.0.2:40753], old=null at 0
2020-05-07 00:41:24,918 [grpc-default-executor-7] INFO  impl.RaftServerImpl (ServerState.java:setLeader(255)) - 43880261-676d-47ef-b311-3d20c3a92ec2@group-A95AED492FE6: change Leader from 43880261-676d-47ef-b311-3d20c3a92ec2 to null at term 2 for updateCurrentTerm
2020-05-07 00:41:24,918 [grpc-default-executor-7] INFO  impl.RaftServerImpl (RaftServerImpl.java:setRole(173)) - 43880261-676d-47ef-b311-3d20c3a92ec2@group-A95AED492FE6: changes role from    LEADER to FOLLOWER at term 2 for recognizeCandidate:bc4a541c-f62e-41d6-b4a1-614c81b276a8
2020-05-07 00:41:24,918 [grpc-default-executor-7] INFO  impl.RoleInfo (RoleInfo.java:shutdownLeaderState(104)) - 43880261-676d-47ef-b311-3d20c3a92ec2: shutdown LeaderState
2020-05-07 00:41:24,950 [grpc-default-executor-7] INFO  impl.PendingRequests (PendingRequests.java:sendNotLeaderResponses(242)) - 43880261-676d-47ef-b311-3d20c3a92ec2@group-A95AED492FE6-PendingRequests: sendNotLeaderResponses
2020-05-07 00:41:24,950 [9e8913a8-5d01-463b-9a0c-134b51b3452a@group-9CE59A944174-LeaderElection12] INFO  impl.LeaderElection (LeaderElection.java:askForVotes(206)) - 9e8913a8-5d01-463b-9a0c-134b51b3452a@group-9CE59A944174-LeaderElection12: begin an election at term 1 for -1: [5d663474-0ada-4287-b8f7-0a24fe94e308:172.17.0.2:40025, 9e8913a8-5d01-463b-9a0c-134b51b3452a:172.17.0.2:46069, c457d337-7f02-4320-835f-bb92d00a572c:172.17.0.2:38199], old=null
2020-05-07 00:41:24,952 [grpc-default-executor-7] INFO  metrics.RatisMetrics (RatisMetrics.java:unregister(46)) - Unregistering Metrics Registry : ratis.log_appender.43880261-676d-47ef-b311-3d20c3a92ec2@group-A95AED492FE6
2020-05-07 00:41:24,952 [Thread-292] INFO  impl.FollowerState (FollowerState.java:run(108)) - ef585da5-85b4-4e5c-8dc1-37cc22327528@group-2BE7217ACCE5-FollowerState: change to CANDIDATE, lastRpcTime:5111ms, electionTimeout:5105ms
2020-05-07 00:41:24,953 [Thread-292] INFO  impl.RoleInfo (RoleInfo.java:shutdownFollowerState(121)) - ef585da5-85b4-4e5c-8dc1-37cc22327528: shutdown FollowerState
2020-05-07 00:41:24,953 [Thread-292] INFO  impl.RaftServerImpl (RaftServerImpl.java:setRole(173)) - ef585da5-85b4-4e5c-8dc1-37cc22327528@group-2BE7217ACCE5: changes role from  FOLLOWER to CANDIDATE at term 0 for changeToCandidate
2020-05-07 00:41:24,975 [grpc-default-executor-7] INFO  impl.RoleInfo (RoleInfo.java:updateAndGet(143)) - 43880261-676d-47ef-b311-3d20c3a92ec2: start FollowerState
2020-05-07 00:41:24,977 [Thread-292] INFO  impl.RoleInfo (RoleInfo.java:updateAndGet(143)) - ef585da5-85b4-4e5c-8dc1-37cc22327528: start LeaderElection
2020-05-07 00:41:25,003 [5d663474-0ada-4287-b8f7-0a24fe94e308@group-9CE59A944174-LeaderElection10] INFO  impl.LeaderElection (LeaderElection.java:logAndReturn(61)) - 5d663474-0ada-4287-b8f7-0a24fe94e308@group-9CE59A944174-LeaderElection10: Election REJECTED; received 2 response(s) [5d663474-0ada-4287-b8f7-0a24fe94e308<-9e8913a8-5d01-463b-9a0c-134b51b3452a#0:FAIL-t1, 5d663474-0ada-4287-b8f7-0a24fe94e308<-c457d337-7f02-4320-835f-bb92d00a572c#0:FAIL-t1] and 0 exception(s); 5d663474-0ada-4287-b8f7-0a24fe94e308@group-9CE59A944174:t1, leader=null, voted=5d663474-0ada-4287-b8f7-0a24fe94e308, raftlog=5d663474-0ada-4287-b8f7-0a24fe94e308@group-9CE59A944174-SegmentedRaftLog:OPENED:c-1,f-1,i0, conf=-1: [5d663474-0ada-4287-b8f7-0a24fe94e308:172.17.0.2:40025, 9e8913a8-5d01-463b-9a0c-134b51b3452a:172.17.0.2:46069, c457d337-7f02-4320-835f-bb92d00a572c:172.17.0.2:38199], old=null
2020-05-07 00:41:25,003 [5d663474-0ada-4287-b8f7-0a24fe94e308@group-9CE59A944174-LeaderElection10] INFO  impl.RaftServerImpl (RaftServerImpl.java:setRole(173)) - 5d663474-0ada-4287-b8f7-0a24fe94e308@group-9CE59A944174: changes role from CANDIDATE to FOLLOWER at term 1 for DISCOVERED_A_NEW_TERM
2020-05-07 00:41:25,003 [5d663474-0ada-4287-b8f7-0a24fe94e308@group-9CE59A944174-LeaderElection10] INFO  impl.RoleInfo (RoleInfo.java:shutdownLeaderElection(134)) - 5d663474-0ada-4287-b8f7-0a24fe94e308: shutdown LeaderElection
2020-05-07 00:41:25,003 [5d663474-0ada-4287-b8f7-0a24fe94e308@group-9CE59A944174-LeaderElection10] INFO  impl.RoleInfo (RoleInfo.java:updateAndGet(143)) - 5d663474-0ada-4287-b8f7-0a24fe94e308: start FollowerState
2020-05-07 00:41:25,003 [c457d337-7f02-4320-835f-bb92d00a572c@group-9CE59A944174-LeaderElection9] INFO  impl.LeaderElection (LeaderElection.java:logAndReturn(61)) - c457d337-7f02-4320-835f-bb92d00a572c@group-9CE59A944174-LeaderElection9: Election REJECTED; received 2 response(s) [c457d337-7f02-4320-835f-bb92d00a572c<-5d663474-0ada-4287-b8f7-0a24fe94e308#0:FAIL-t1, c457d337-7f02-4320-835f-bb92d00a572c<-9e8913a8-5d01-463b-9a0c-134b51b3452a#0:FAIL-t1] and 0 exception(s); c457d337-7f02-4320-835f-bb92d00a572c@group-9CE59A944174:t1, leader=null, voted=c457d337-7f02-4320-835f-bb92d00a572c, raftlog=c457d337-7f02-4320-835f-bb92d00a572c@group-9CE59A944174-SegmentedRaftLog:OPENED:c-1,f-1,i0, conf=-1: [5d663474-0ada-4287-b8f7-0a24fe94e308:172.17.0.2:40025, 9e8913a8-5d01-463b-9a0c-134b51b3452a:172.17.0.2:46069, c457d337-7f02-4320-835f-bb92d00a572c:172.17.0.2:38199], old=null
2020-05-07 00:41:25,075 [c457d337-7f02-4320-835f-bb92d00a572c@group-9CE59A944174-LeaderElection9] INFO  impl.RaftServerImpl (RaftServerImpl.java:setRole(173)) - c457d337-7f02-4320-835f-bb92d00a572c@group-9CE59A944174: changes role from CANDIDATE to FOLLOWER at term 1 for DISCOVERED_A_NEW_TERM
2020-05-07 00:41:25,076 [c457d337-7f02-4320-835f-bb92d00a572c@group-9CE59A944174-LeaderElection9] INFO  impl.RoleInfo (RoleInfo.java:shutdownLeaderElection(134)) - c457d337-7f02-4320-835f-bb92d00a572c: shutdown LeaderElection
2020-05-07 00:41:25,076 [c457d337-7f02-4320-835f-bb92d00a572c@group-9CE59A944174-LeaderElection9] INFO  impl.RoleInfo (RoleInfo.java:updateAndGet(143)) - c457d337-7f02-4320-835f-bb92d00a572c: start FollowerState
2020-05-07 00:41:25,008 [grpc-default-executor-6] INFO  server.GrpcServerProtocolService (GrpcServerProtocolService.java:onCompleted(137)) - 5d0655f0-c25b-473a-a070-0d978632f858: Completed APPEND_ENTRIES, lastRequest: null
2020-05-07 00:41:25,064 [ef585da5-85b4-4e5c-8dc1-37cc22327528@group-2BE7217ACCE5-LeaderElection13] INFO  impl.LeaderElection (LeaderElection.java:askForVotes(206)) - ef585da5-85b4-4e5c-8dc1-37cc22327528@group-2BE7217ACCE5-LeaderElection13: begin an election at term 1 for -1: [ef585da5-85b4-4e5c-8dc1-37cc22327528:172.17.0.2:45241], old=null
2020-05-07 00:41:25,092 [ef585da5-85b4-4e5c-8dc1-37cc22327528@group-2BE7217ACCE5-LeaderElection13] INFO  impl.RoleInfo (RoleInfo.java:shutdownLeaderElection(134)) - ef585da5-85b4-4e5c-8dc1-37cc22327528: shutdown LeaderElection
2020-05-07 00:41:25,092 [ef585da5-85b4-4e5c-8dc1-37cc22327528@group-2BE7217ACCE5-LeaderElection13] INFO  impl.RaftServerImpl (RaftServerImpl.java:setRole(173)) - ef585da5-85b4-4e5c-8dc1-37cc22327528@group-2BE7217ACCE5: changes role from CANDIDATE to LEADER at term 1 for changeToLeader
2020-05-07 00:41:25,092 [ef585da5-85b4-4e5c-8dc1-37cc22327528@group-2BE7217ACCE5-LeaderElection13] INFO  ratis.XceiverServerRatis (XceiverServerRatis.java:handleLeaderChangedNotification(762)) - Leader change notification received for group: group-2BE7217ACCE5 with new leaderId: ef585da5-85b4-4e5c-8dc1-37cc22327528
2020-05-07 00:41:25,092 [ef585da5-85b4-4e5c-8dc1-37cc22327528@group-2BE7217ACCE5-LeaderElection13] INFO  impl.RaftServerImpl (ServerState.java:setLeader(255)) - ef585da5-85b4-4e5c-8dc1-37cc22327528@group-2BE7217ACCE5: change Leader from null to ef585da5-85b4-4e5c-8dc1-37cc22327528 at term 1 for becomeLeader, leader elected after 5275ms
2020-05-07 00:41:25,064 [Thread-294] INFO  impl.FollowerState (FollowerState.java:run(108)) - ef585da5-85b4-4e5c-8dc1-37cc22327528@group-D89445E6143F-FollowerState: change to CANDIDATE, lastRpcTime:5167ms, electionTimeout:5091ms
2020-05-07 00:41:25,093 [Thread-294] INFO  impl.RoleInfo (RoleInfo.java:shutdownFollowerState(121)) - ef585da5-85b4-4e5c-8dc1-37cc22327528: shutdown FollowerState
2020-05-07 00:41:25,093 [Thread-294] INFO  impl.RaftServerImpl (RaftServerImpl.java:setRole(173)) - ef585da5-85b4-4e5c-8dc1-37cc22327528@group-D89445E6143F: changes role from  FOLLOWER to CANDIDATE at term 0 for changeToCandidate
2020-05-07 00:41:25,093 [Thread-294] INFO  impl.RoleInfo (RoleInfo.java:updateAndGet(143)) - ef585da5-85b4-4e5c-8dc1-37cc22327528: start LeaderElection
2020-05-07 00:41:25,007 [grpc-default-executor-7] INFO  server.GrpcServerProtocolService (GrpcServerProtocolService.java:onCompleted(137)) - bc4a541c-f62e-41d6-b4a1-614c81b276a8: Completed APPEND_ENTRIES, lastRequest: null
2020-05-07 00:41:25,099 [5d0655f0-c25b-473a-a070-0d978632f858@group-22829CB85092-SegmentedRaftLogWorker] INFO  segmented.SegmentedRaftLogWorker (SegmentedRaftLogWorker.java:execute(583)) - 5d0655f0-c25b-473a-a070-0d978632f858@group-22829CB85092-SegmentedRaftLogWorker: created new log segment /github/workspace/mnt/ozone/hadoop-ozone/integration-test/target/test-dir/MiniOzoneClusterImpl-4309656b-5406-4bc5-8c34-9a373aba7a4c/datanode-0/data/ratis/78cf6ed9-a17a-400a-a180-22829cb85092/current/log_inprogress_0
2020-05-07 00:41:25,099 [43880261-676d-47ef-b311-3d20c3a92ec2@group-E7FD9EEDCCCF-SegmentedRaftLogWorker] INFO  segmented.SegmentedRaftLogWorker (SegmentedRaftLogWorker.java:execute(583)) - 43880261-676d-47ef-b311-3d20c3a92ec2@group-E7FD9EEDCCCF-SegmentedRaftLogWorker: created new log segment /github/workspace/mnt/ozone/hadoop-ozone/integration-test/target/test-dir/MiniOzoneClusterImpl-4309656b-5406-4bc5-8c34-9a373aba7a4c/datanode-1/data/ratis/2ea9165f-7964-4dcf-90b9-e7fd9eedcccf/current/log_inprogress_0
2020-05-07 00:41:25,100 [9e8913a8-5d01-463b-9a0c-134b51b3452a@group-2164109966DE-SegmentedRaftLogWorker] INFO  segmented.SegmentedRaftLogWorker (SegmentedRaftLogWorker.java:execute(583)) - 9e8913a8-5d01-463b-9a0c-134b51b3452a@group-2164109966DE-SegmentedRaftLogWorker: created new log segment /github/workspace/mnt/ozone/hadoop-ozone/integration-test/target/test-dir/MiniOzoneClusterImpl-4309656b-5406-4bc5-8c34-9a373aba7a4c/datanode-5/data/ratis/0d7089be-f158-43be-ae44-2164109966de/current/log_inprogress_0
2020-05-07 00:41:25,100 [bc4a541c-f62e-41d6-b4a1-614c81b276a8@group-ABAD5AFB1CEF-SegmentedRaftLogWorker] INFO  segmented.SegmentedRaftLogWorker (SegmentedRaftLogWorker.java:execute(583)) - bc4a541c-f62e-41d6-b4a1-614c81b276a8@group-ABAD5AFB1CEF-SegmentedRaftLogWorker: created new log segment /github/workspace/mnt/ozone/hadoop-ozone/integration-test/target/test-dir/MiniOzoneClusterImpl-4309656b-5406-4bc5-8c34-9a373aba7a4c/datanode-2/data/ratis/6f288b13-cff1-4250-9296-abad5afb1cef/current/log_inprogress_0
2020-05-07 00:41:25,101 [c457d337-7f02-4320-835f-bb92d00a572c@group-D037098EB4C0-SegmentedRaftLogWorker] INFO  segmented.SegmentedRaftLogWorker (SegmentedRaftLogWorker.java:execute(583)) - c457d337-7f02-4320-835f-bb92d00a572c@group-D037098EB4C0-SegmentedRaftLogWorker: created new log segment /github/workspace/mnt/ozone/hadoop-ozone/integration-test/target/test-dir/MiniOzoneClusterImpl-4309656b-5406-4bc5-8c34-9a373aba7a4c/datanode-4/data/ratis/0ea8db4c-d660-4e4c-8d75-d037098eb4c0/current/log_inprogress_0
2020-05-07 00:41:25,101 [5d663474-0ada-4287-b8f7-0a24fe94e308@group-DFEB4EEBBD6B-SegmentedRaftLogWorker] INFO  segmented.SegmentedRaftLogWorker (SegmentedRaftLogWorker.java:execute(583)) - 5d663474-0ada-4287-b8f7-0a24fe94e308@group-DFEB4EEBBD6B-SegmentedRaftLogWorker: created new log segment /github/workspace/mnt/ozone/hadoop-ozone/integration-test/target/test-dir/MiniOzoneClusterImpl-4309656b-5406-4bc5-8c34-9a373aba7a4c/datanode-3/data/ratis/ab48953b-8b48-49f8-a07b-dfeb4eebbd6b/current/log_inprogress_0
2020-05-07 00:41:25,102 [43880261-676d-47ef-b311-3d20c3a92ec2@group-A95AED492FE6-SegmentedRaftLogWorker] INFO  segmented.SegmentedRaftLogWorker (SegmentedRaftLogWorker.java:execute(583)) - 43880261-676d-47ef-b311-3d20c3a92ec2@group-A95AED492FE6-SegmentedRaftLogWorker: created new log segment /github/workspace/mnt/ozone/hadoop-ozone/integration-test/target/test-dir/MiniOzoneClusterImpl-4309656b-5406-4bc5-8c34-9a373aba7a4c/datanode-1/data/ratis/ff54650d-e088-4b12-a539-a95aed492fe6/current/log_inprogress_0
2020-05-07 00:41:25,120 [ef585da5-85b4-4e5c-8dc1-37cc22327528@group-2BE7217ACCE5-LeaderElection13] INFO  server.RaftServerConfigKeys (ConfUtils.java:logGet(44)) - raft.server.staging.catchup.gap = 1000 (default)
2020-05-07 00:41:25,120 [ef585da5-85b4-4e5c-8dc1-37cc22327528@group-2BE7217ACCE5-LeaderElection13] INFO  server.RaftServerConfigKeys (ConfUtils.java:logGet(44)) - raft.server.rpc.sleep.time = 25ms (default)
2020-05-07 00:41:25,120 [ef585da5-85b4-4e5c-8dc1-37cc22327528@group-2BE7217ACCE5-LeaderElection13] INFO  metrics.RatisMetrics (RatisMetrics.java:lambda$create$0(39)) - Creating Metrics Registry : ratis.log_appender.ef585da5-85b4-4e5c-8dc1-37cc22327528@group-2BE7217ACCE5
2020-05-07 00:41:25,120 [ef585da5-85b4-4e5c-8dc1-37cc22327528@group-2BE7217ACCE5-LeaderElection13] INFO  server.RaftServerConfigKeys (ConfUtils.java:logGet(44)) - raft.server.write.element-limit = 1024 (custom)
2020-05-07 00:41:25,120 [ef585da5-85b4-4e5c-8dc1-37cc22327528@group-2BE7217ACCE5-LeaderElection13] INFO  server.RaftServerConfigKeys (ConfUtils.java:logGet(44)) - raft.server.write.byte-limit = 1073741824 (custom)
2020-05-07 00:41:25,121 [ef585da5-85b4-4e5c-8dc1-37cc22327528@group-2BE7217ACCE5-LeaderElection13] INFO  server.RaftServerConfigKeys (ConfUtils.java:logGet(44)) - raft.server.watch.timeout = 180s (custom)
2020-05-07 00:41:25,121 [ef585da5-85b4-4e5c-8dc1-37cc22327528@group-2BE7217ACCE5-LeaderElection13] INFO  server.RaftServerConfigKeys (ConfUtils.java:logGet(44)) - raft.server.watch.timeout.denomination = 1s (default)
2020-05-07 00:41:25,121 [ef585da5-85b4-4e5c-8dc1-37cc22327528@group-2BE7217ACCE5-LeaderElection13] INFO  server.RaftServerConfigKeys (ConfUtils.java:logGet(44)) - raft.server.watch.element-limit = 65536 (default)
2020-05-07 00:41:25,121 [ef585da5-85b4-4e5c-8dc1-37cc22327528@group-2BE7217ACCE5-LeaderElection13] INFO  impl.RoleInfo (RoleInfo.java:updateAndGet(143)) - ef585da5-85b4-4e5c-8dc1-37cc22327528: start LeaderState
2020-05-07 00:41:25,122 [ef585da5-85b4-4e5c-8dc1-37cc22327528@group-2BE7217ACCE5-LeaderElection13] INFO  segmented.SegmentedRaftLogWorker (SegmentedRaftLogWorker.java:startLogSegment(391)) - ef585da5-85b4-4e5c-8dc1-37cc22327528@group-2BE7217ACCE5-SegmentedRaftLogWorker: Starting segment from index:0
2020-05-07 00:41:25,124 [ef585da5-85b4-4e5c-8dc1-37cc22327528@group-2BE7217ACCE5-SegmentedRaftLogWorker] INFO  segmented.SegmentedRaftLogWorker (SegmentedRaftLogWorker.java:execute(583)) - ef585da5-85b4-4e5c-8dc1-37cc22327528@group-2BE7217ACCE5-SegmentedRaftLogWorker: created new log segment /github/workspace/mnt/ozone/hadoop-ozone/integration-test/target/test-dir/MiniOzoneClusterImpl-4309656b-5406-4bc5-8c34-9a373aba7a4c/datanode-6/data/ratis/e2b3002f-d49b-439e-be5f-2be7217acce5/current/log_inprogress_0
2020-05-07 00:41:25,130 [ef585da5-85b4-4e5c-8dc1-37cc22327528@group-2BE7217ACCE5-LeaderElection13] INFO  impl.RaftServerImpl (ServerState.java:setRaftConf(356)) - ef585da5-85b4-4e5c-8dc1-37cc22327528@group-2BE7217ACCE5: set configuration 0: [ef585da5-85b4-4e5c-8dc1-37cc22327528:172.17.0.2:45241], old=null at 0
2020-05-07 00:41:25,134 [grpc-default-executor-7] INFO  server.GrpcLogAppender (GrpcLogAppender.java:onCompleted(309)) - 43880261-676d-47ef-b311-3d20c3a92ec2@group-A95AED492FE6->5d0655f0-c25b-473a-a070-0d978632f858-AppendLogResponseHandler: follower responses appendEntries COMPLETED
2020-05-07 00:41:25,136 [9e8913a8-5d01-463b-9a0c-134b51b3452a@group-9CE59A944174-LeaderElection12] INFO  impl.LeaderElection (LeaderElection.java:logAndReturn(61)) - 9e8913a8-5d01-463b-9a0c-134b51b3452a@group-9CE59A944174-LeaderElection12: Election REJECTED; received 2 response(s) [9e8913a8-5d01-463b-9a0c-134b51b3452a<-5d663474-0ada-4287-b8f7-0a24fe94e308#0:FAIL-t1, 9e8913a8-5d01-463b-9a0c-134b51b3452a<-c457d337-7f02-4320-835f-bb92d00a572c#0:FAIL-t1] and 0 exception(s); 9e8913a8-5d01-463b-9a0c-134b51b3452a@group-9CE59A944174:t1, leader=null, voted=9e8913a8-5d01-463b-9a0c-134b51b3452a, raftlog=9e8913a8-5d01-463b-9a0c-134b51b3452a@group-9CE59A944174-SegmentedRaftLog:OPENED:c-1,f-1,i0, conf=-1: [5d663474-0ada-4287-b8f7-0a24fe94e308:172.17.0.2:40025, 9e8913a8-5d01-463b-9a0c-134b51b3452a:172.17.0.2:46069, c457d337-7f02-4320-835f-bb92d00a572c:172.17.0.2:38199], old=null
2020-05-07 00:41:25,138 [9e8913a8-5d01-463b-9a0c-134b51b3452a@group-9CE59A944174-LeaderElection12] INFO  impl.RaftServerImpl (RaftServerImpl.java:setRole(173)) - 9e8913a8-5d01-463b-9a0c-134b51b3452a@group-9CE59A944174: changes role from CANDIDATE to FOLLOWER at term 1 for DISCOVERED_A_NEW_TERM
2020-05-07 00:41:25,138 [9e8913a8-5d01-463b-9a0c-134b51b3452a@group-9CE59A944174-LeaderElection12] INFO  impl.RoleInfo (RoleInfo.java:shutdownLeaderElection(134)) - 9e8913a8-5d01-463b-9a0c-134b51b3452a: shutdown LeaderElection
2020-05-07 00:41:25,138 [9e8913a8-5d01-463b-9a0c-134b51b3452a@group-9CE59A944174-LeaderElection12] INFO  impl.RoleInfo (RoleInfo.java:updateAndGet(143)) - 9e8913a8-5d01-463b-9a0c-134b51b3452a: start FollowerState
2020-05-07 00:41:25,139 [ef585da5-85b4-4e5c-8dc1-37cc22327528@group-D89445E6143F-LeaderElection14] INFO  impl.LeaderElection (LeaderElection.java:askForVotes(206)) - ef585da5-85b4-4e5c-8dc1-37cc22327528@group-D89445E6143F-LeaderElection14: begin an election at term 1 for -1: [f9d6d60b-ab5b-4a08-a0ef-ccb2f7c778b8:172.17.0.2:39475, 7dd03a18-1435-4be1-bd80-9d608de327dc:172.17.0.2:42383, ef585da5-85b4-4e5c-8dc1-37cc22327528:172.17.0.2:45241], old=null
2020-05-07 00:41:25,154 [grpc-default-executor-7] INFO  impl.FollowerInfo (FollowerInfo.java:lambda$new$0(50)) - 43880261-676d-47ef-b311-3d20c3a92ec2@group-A95AED492FE6->5d0655f0-c25b-473a-a070-0d978632f858: nextIndex: updateUnconditionally 0 -> 0
2020-05-07 00:41:25,150 [grpc-default-executor-0] INFO  server.GrpcLogAppender (GrpcLogAppender.java:onCompleted(309)) - 43880261-676d-47ef-b311-3d20c3a92ec2@group-A95AED492FE6->bc4a541c-f62e-41d6-b4a1-614c81b276a8-AppendLogResponseHandler: follower responses appendEntries COMPLETED
2020-05-07 00:41:25,176 [grpc-default-executor-0] INFO  impl.FollowerInfo (FollowerInfo.java:lambda$new$0(50)) - 43880261-676d-47ef-b311-3d20c3a92ec2@group-A95AED492FE6->bc4a541c-f62e-41d6-b4a1-614c81b276a8: nextIndex: updateUnconditionally 0 -> 0
2020-05-07 00:41:25,189 [main] INFO  ozone.MiniOzoneClusterImpl (MiniOzoneClusterImpl.java:lambda$waitForClusterToBeReady$0(177)) - Nodes are ready. Got 10 of 10 DN Heartbeats.
2020-05-07 00:41:25,189 [main] INFO  ozone.MiniOzoneClusterImpl (MiniOzoneClusterImpl.java:lambda$waitForClusterToBeReady$0(180)) - Cluster exits safe mode
2020-05-07 00:41:25,195 [grpc-default-executor-0] INFO  impl.RaftServerImpl (RaftServerImpl.java:setRole(173)) - 7dd03a18-1435-4be1-bd80-9d608de327dc@group-D89445E6143F: changes role from  FOLLOWER to FOLLOWER at term 1 for recognizeCandidate:ef585da5-85b4-4e5c-8dc1-37cc22327528
2020-05-07 00:41:25,195 [grpc-default-executor-7] INFO  impl.RaftServerImpl (RaftServerImpl.java:setRole(173)) - f9d6d60b-ab5b-4a08-a0ef-ccb2f7c778b8@group-D89445E6143F: changes role from  FOLLOWER to FOLLOWER at term 1 for recognizeCandidate:ef585da5-85b4-4e5c-8dc1-37cc22327528
2020-05-07 00:41:25,195 [grpc-default-executor-7] INFO  impl.RoleInfo (RoleInfo.java:shutdownFollowerState(121)) - f9d6d60b-ab5b-4a08-a0ef-ccb2f7c778b8: shutdown FollowerState
2020-05-07 00:41:25,195 [grpc-default-executor-0] INFO  impl.RoleInfo (RoleInfo.java:shutdownFollowerState(121)) - 7dd03a18-1435-4be1-bd80-9d608de327dc: shutdown FollowerState
2020-05-07 00:41:25,196 [Thread-300] INFO  impl.FollowerState (FollowerState.java:run(117)) - f9d6d60b-ab5b-4a08-a0ef-ccb2f7c778b8@group-D89445E6143F-FollowerState was interrupted: java.lang.InterruptedException: sleep interrupted
2020-05-07 00:41:25,195 [grpc-default-executor-7] INFO  impl.RoleInfo (RoleInfo.java:updateAndGet(143)) - f9d6d60b-ab5b-4a08-a0ef-ccb2f7c778b8: start FollowerState
2020-05-07 00:41:25,196 [Thread-304] INFO  impl.FollowerState (FollowerState.java:run(117)) - 7dd03a18-1435-4be1-bd80-9d608de327dc@group-D89445E6143F-FollowerState was interrupted: java.lang.InterruptedException: sleep interrupted
2020-05-07 00:41:25,196 [grpc-default-executor-0] INFO  impl.RoleInfo (RoleInfo.java:updateAndGet(143)) - 7dd03a18-1435-4be1-bd80-9d608de327dc: start FollowerState
2020-05-07 00:41:25,212 [ef585da5-85b4-4e5c-8dc1-37cc22327528@group-D89445E6143F-LeaderElection14] INFO  impl.LeaderElection (LeaderElection.java:logAndReturn(61)) - ef585da5-85b4-4e5c-8dc1-37cc22327528@group-D89445E6143F-LeaderElection14: Election PASSED; received 1 response(s) [ef585da5-85b4-4e5c-8dc1-37cc22327528<-f9d6d60b-ab5b-4a08-a0ef-ccb2f7c778b8#0:OK-t1] and 0 exception(s); ef585da5-85b4-4e5c-8dc1-37cc22327528@group-D89445E6143F:t1, leader=null, voted=ef585da5-85b4-4e5c-8dc1-37cc22327528, raftlog=ef585da5-85b4-4e5c-8dc1-37cc22327528@group-D89445E6143F-SegmentedRaftLog:OPENED:c-1,f-1,i0, conf=-1: [f9d6d60b-ab5b-4a08-a0ef-ccb2f7c778b8:172.17.0.2:39475, 7dd03a18-1435-4be1-bd80-9d608de327dc:172.17.0.2:42383, ef585da5-85b4-4e5c-8dc1-37cc22327528:172.17.0.2:45241], old=null
2020-05-07 00:41:25,212 [ef585da5-85b4-4e5c-8dc1-37cc22327528@group-D89445E6143F-LeaderElection14] INFO  impl.RoleInfo (RoleInfo.java:shutdownLeaderElection(134)) - ef585da5-85b4-4e5c-8dc1-37cc22327528: shutdown LeaderElection
2020-05-07 00:41:25,212 [ef585da5-85b4-4e5c-8dc1-37cc22327528@group-D89445E6143F-LeaderElection14] INFO  impl.RaftServerImpl (RaftServerImpl.java:setRole(173)) - ef585da5-85b4-4e5c-8dc1-37cc22327528@group-D89445E6143F: changes role from CANDIDATE to LEADER at term 1 for changeToLeader
2020-05-07 00:41:25,212 [ef585da5-85b4-4e5c-8dc1-37cc22327528@group-D89445E6143F-LeaderElection14] INFO  ratis.XceiverServerRatis (XceiverServerRatis.java:handleLeaderChangedNotification(762)) - Leader change notification received for group: group-D89445E6143F with new leaderId: ef585da5-85b4-4e5c-8dc1-37cc22327528
2020-05-07 00:41:25,212 [ef585da5-85b4-4e5c-8dc1-37cc22327528@group-D89445E6143F-LeaderElection14] INFO  impl.RaftServerImpl (ServerState.java:setLeader(255)) - ef585da5-85b4-4e5c-8dc1-37cc22327528@group-D89445E6143F: change Leader from null to ef585da5-85b4-4e5c-8dc1-37cc22327528 at term 1 for becomeLeader, leader elected after 5350ms
2020-05-07 00:41:25,212 [ef585da5-85b4-4e5c-8dc1-37cc22327528@group-D89445E6143F-LeaderElection14] INFO  server.RaftServerConfigKeys (ConfUtils.java:logGet(44)) - raft.server.staging.catchup.gap = 1000 (default)
2020-05-07 00:41:25,212 [ef585da5-85b4-4e5c-8dc1-37cc22327528@group-D89445E6143F-LeaderElection14] INFO  server.RaftServerConfigKeys (ConfUtils.java:logGet(44)) - raft.server.rpc.sleep.time = 25ms (default)
2020-05-07 00:41:25,212 [ef585da5-85b4-4e5c-8dc1-37cc22327528@group-D89445E6143F-LeaderElection14] INFO  metrics.RatisMetrics (RatisMetrics.java:lambda$create$0(39)) - Creating Metrics Registry : ratis.log_appender.ef585da5-85b4-4e5c-8dc1-37cc22327528@group-D89445E6143F
2020-05-07 00:41:25,213 [ef585da5-85b4-4e5c-8dc1-37cc22327528@group-D89445E6143F-LeaderElection14] INFO  server.RaftServerConfigKeys (ConfUtils.java:logGet(44)) - raft.server.write.element-limit = 1024 (custom)
2020-05-07 00:41:25,213 [ef585da5-85b4-4e5c-8dc1-37cc22327528@group-D89445E6143F-LeaderElection14] INFO  server.RaftServerConfigKeys (ConfUtils.java:logGet(44)) - raft.server.write.byte-limit = 1073741824 (custom)
2020-05-07 00:41:25,213 [ef585da5-85b4-4e5c-8dc1-37cc22327528@group-D89445E6143F-LeaderElection14] INFO  server.RaftServerConfigKeys (ConfUtils.java:logGet(44)) - raft.server.watch.timeout = 180s (custom)
2020-05-07 00:41:25,213 [ef585da5-85b4-4e5c-8dc1-37cc22327528@group-D89445E6143F-LeaderElection14] INFO  server.RaftServerConfigKeys (ConfUtils.java:logGet(44)) - raft.server.watch.timeout.denomination = 1s (default)
2020-05-07 00:41:25,213 [ef585da5-85b4-4e5c-8dc1-37cc22327528@group-D89445E6143F-LeaderElection14] INFO  server.RaftServerConfigKeys (ConfUtils.java:logGet(44)) - raft.server.watch.element-limit = 65536 (default)
2020-05-07 00:41:25,213 [ef585da5-85b4-4e5c-8dc1-37cc22327528@group-D89445E6143F-LeaderElection14] INFO  server.RaftServerConfigKeys (ConfUtils.java:logGet(44)) - raft.server.log.appender.snapshot.chunk.size.max = 16MB (=16777216) (default)
2020-05-07 00:41:25,213 [ef585da5-85b4-4e5c-8dc1-37cc22327528@group-D89445E6143F-LeaderElection14] INFO  server.RaftServerConfigKeys (ConfUtils.java:logGet(44)) - raft.server.log.appender.buffer.byte-limit = 33554432 (custom)
2020-05-07 00:41:25,213 [ef585da5-85b4-4e5c-8dc1-37cc22327528@group-D89445E6143F-LeaderElection14] INFO  server.RaftServerConfigKeys (ConfUtils.java:logGet(44)) - raft.server.log.appender.buffer.element-limit = 1 (custom)
2020-05-07 00:41:25,214 [ef585da5-85b4-4e5c-8dc1-37cc22327528@group-D89445E6143F-LeaderElection14] INFO  grpc.GrpcConfigKeys (ConfUtils.java:logGet(44)) - raft.grpc.server.leader.outstanding.appends.max = 128 (default)
2020-05-07 00:41:25,215 [ef585da5-85b4-4e5c-8dc1-37cc22327528@group-D89445E6143F-LeaderElection14] INFO  server.RaftServerConfigKeys (ConfUtils.java:logGet(44)) - raft.server.rpc.request.timeout = 60s (custom)
2020-05-07 00:41:25,215 [ef585da5-85b4-4e5c-8dc1-37cc22327528@group-D89445E6143F-LeaderElection14] INFO  server.RaftServerConfigKeys (ConfUtils.java:logGet(44)) - raft.server.log.appender.install.snapshot.enabled = false (custom)
2020-05-07 00:41:25,216 [EventQueue-PipelineReportForPipelineReportHandler] INFO  pipeline.PipelineStateManager (PipelineStateManager.java:openPipeline(131)) - Pipeline Pipeline[ Id: 7e6b2f52-e632-4b19-9839-d89445e6143f, Nodes: ef585da5-85b4-4e5c-8dc1-37cc22327528{ip: 172.17.0.2, host: 7fe1756622b5, networkLocation: /default-rack, certSerialId: null}7dd03a18-1435-4be1-bd80-9d608de327dc{ip: 172.17.0.2, host: 7fe1756622b5, networkLocation: /default-rack, certSerialId: null}f9d6d60b-ab5b-4a08-a0ef-ccb2f7c778b8{ip: 172.17.0.2, host: 7fe1756622b5, networkLocation: /default-rack, certSerialId: null}, Type:RATIS, Factor:THREE, State:ALLOCATED, leaderId:ef585da5-85b4-4e5c-8dc1-37cc22327528, CreationTimestamp2020-05-07T00:41:16.970Z] moved to OPEN state
2020-05-07 00:41:25,216 [ef585da5-85b4-4e5c-8dc1-37cc22327528@group-D89445E6143F-LeaderElection14] INFO  server.RaftServerConfigKeys (ConfUtils.java:logGet(44)) - raft.server.log.appender.snapshot.chunk.size.max = 16MB (=16777216) (default)
2020-05-07 00:41:25,219 [ef585da5-85b4-4e5c-8dc1-37cc22327528@group-D89445E6143F-LeaderElection14] INFO  server.RaftServerConfigKeys (ConfUtils.java:logGet(44)) - raft.server.log.appender.buffer.byte-limit = 33554432 (custom)
2020-05-07 00:41:25,219 [ef585da5-85b4-4e5c-8dc1-37cc22327528@group-D89445E6143F-LeaderElection14] INFO  server.RaftServerConfigKeys (ConfUtils.java:logGet(44)) - raft.server.log.appender.buffer.element-limit = 1 (custom)
2020-05-07 00:41:25,219 [ef585da5-85b4-4e5c-8dc1-37cc22327528@group-D89445E6143F-LeaderElection14] INFO  grpc.GrpcConfigKeys (ConfUtils.java:logGet(44)) - raft.grpc.server.leader.outstanding.appends.max = 128 (default)
2020-05-07 00:41:25,220 [ef585da5-85b4-4e5c-8dc1-37cc22327528@group-D89445E6143F-LeaderElection14] INFO  server.RaftServerConfigKeys (ConfUtils.java:logGet(44)) - raft.server.rpc.request.timeout = 60s (custom)
2020-05-07 00:41:25,220 [ef585da5-85b4-4e5c-8dc1-37cc22327528@group-D89445E6143F-LeaderElection14] INFO  server.RaftServerConfigKeys (ConfUtils.java:logGet(44)) - raft.server.log.appender.install.snapshot.enabled = false (custom)
2020-05-07 00:41:25,220 [ef585da5-85b4-4e5c-8dc1-37cc22327528@group-D89445E6143F-LeaderElection14] INFO  impl.RoleInfo (RoleInfo.java:updateAndGet(143)) - ef585da5-85b4-4e5c-8dc1-37cc22327528: start LeaderState
2020-05-07 00:41:25,221 [ef585da5-85b4-4e5c-8dc1-37cc22327528@group-D89445E6143F-LeaderElection14] INFO  segmented.SegmentedRaftLogWorker (SegmentedRaftLogWorker.java:startLogSegment(391)) - ef585da5-85b4-4e5c-8dc1-37cc22327528@group-D89445E6143F-SegmentedRaftLogWorker: Starting segment from index:0
2020-05-07 00:41:25,222 [ef585da5-85b4-4e5c-8dc1-37cc22327528@group-D89445E6143F-SegmentedRaftLogWorker] INFO  segmented.SegmentedRaftLogWorker (SegmentedRaftLogWorker.java:execute(583)) - ef585da5-85b4-4e5c-8dc1-37cc22327528@group-D89445E6143F-SegmentedRaftLogWorker: created new log segment /github/workspace/mnt/ozone/hadoop-ozone/integration-test/target/test-dir/MiniOzoneClusterImpl-4309656b-5406-4bc5-8c34-9a373aba7a4c/datanode-6/data/ratis/7e6b2f52-e632-4b19-9839-d89445e6143f/current/log_inprogress_0
2020-05-07 00:41:25,239 [grpc-default-executor-0] INFO  ratis.XceiverServerRatis (XceiverServerRatis.java:handleLeaderChangedNotification(762)) - Leader change notification received for group: group-D89445E6143F with new leaderId: ef585da5-85b4-4e5c-8dc1-37cc22327528
2020-05-07 00:41:25,229 [ef585da5-85b4-4e5c-8dc1-37cc22327528@group-D89445E6143F-LeaderElection14] INFO  impl.RaftServerImpl (ServerState.java:setRaftConf(356)) - ef585da5-85b4-4e5c-8dc1-37cc22327528@group-D89445E6143F: set configuration 0: [f9d6d60b-ab5b-4a08-a0ef-ccb2f7c778b8:172.17.0.2:39475, 7dd03a18-1435-4be1-bd80-9d608de327dc:172.17.0.2:42383, ef585da5-85b4-4e5c-8dc1-37cc22327528:172.17.0.2:45241], old=null at 0
2020-05-07 00:41:25,239 [grpc-default-executor-0] INFO  impl.RaftServerImpl (ServerState.java:setLeader(255)) - f9d6d60b-ab5b-4a08-a0ef-ccb2f7c778b8@group-D89445E6143F: change Leader from null to ef585da5-85b4-4e5c-8dc1-37cc22327528 at term 1 for appendEntries, leader elected after 5014ms
2020-05-07 00:41:25,240 [Thread-298] INFO  impl.FollowerState (FollowerState.java:run(108)) - f9d6d60b-ab5b-4a08-a0ef-ccb2f7c778b8@group-4BBF9E627A29-FollowerState: change to CANDIDATE, lastRpcTime:5038ms, electionTimeout:5030ms
2020-05-07 00:41:25,240 [Thread-298] INFO  impl.RoleInfo (RoleInfo.java:shutdownFollowerState(121)) - f9d6d60b-ab5b-4a08-a0ef-ccb2f7c778b8: shutdown FollowerState
2020-05-07 00:41:25,240 [Thread-298] INFO  impl.RaftServerImpl (RaftServerImpl.java:setRole(173)) - f9d6d60b-ab5b-4a08-a0ef-ccb2f7c778b8@group-4BBF9E627A29: changes role from  FOLLOWER to CANDIDATE at term 0 for changeToCandidate
2020-05-07 00:41:25,240 [Thread-298] INFO  impl.RoleInfo (RoleInfo.java:updateAndGet(143)) - f9d6d60b-ab5b-4a08-a0ef-ccb2f7c778b8: start LeaderElection
2020-05-07 00:41:25,276 [grpc-default-executor-7] INFO  ratis.XceiverServerRatis (XceiverServerRatis.java:handleLeaderChangedNotification(762)) - Leader change notification received for group: group-D89445E6143F with new leaderId: ef585da5-85b4-4e5c-8dc1-37cc22327528
2020-05-07 00:41:25,281 [grpc-default-executor-7] INFO  impl.RaftServerImpl (ServerState.java:setLeader(255)) - 7dd03a18-1435-4be1-bd80-9d608de327dc@group-D89445E6143F: change Leader from null to ef585da5-85b4-4e5c-8dc1-37cc22327528 at term 1 for appendEntries, leader elected after 5033ms
2020-05-07 00:41:25,285 [grpc-default-executor-6] INFO  impl.RaftServerImpl (ServerState.java:setRaftConf(356)) - f9d6d60b-ab5b-4a08-a0ef-ccb2f7c778b8@group-D89445E6143F: set configuration 0: [f9d6d60b-ab5b-4a08-a0ef-ccb2f7c778b8:172.17.0.2:39475, 7dd03a18-1435-4be1-bd80-9d608de327dc:172.17.0.2:42383, ef585da5-85b4-4e5c-8dc1-37cc22327528:172.17.0.2:45241], old=null at 0
2020-05-07 00:41:25,285 [grpc-default-executor-6] INFO  segmented.SegmentedRaftLogWorker (SegmentedRaftLogWorker.java:startLogSegment(391)) - f9d6d60b-ab5b-4a08-a0ef-ccb2f7c778b8@group-D89445E6143F-SegmentedRaftLogWorker: Starting segment from index:0
2020-05-07 00:41:25,287 [grpc-default-executor-0] INFO  impl.RaftServerImpl (ServerState.java:setRaftConf(356)) - 7dd03a18-1435-4be1-bd80-9d608de327dc@group-D89445E6143F: set configuration 0: [f9d6d60b-ab5b-4a08-a0ef-ccb2f7c778b8:172.17.0.2:39475, 7dd03a18-1435-4be1-bd80-9d608de327dc:172.17.0.2:42383, ef585da5-85b4-4e5c-8dc1-37cc22327528:172.17.0.2:45241], old=null at 0
2020-05-07 00:41:25,287 [grpc-default-executor-0] INFO  segmented.SegmentedRaftLogWorker (SegmentedRaftLogWorker.java:startLogSegment(391)) - 7dd03a18-1435-4be1-bd80-9d608de327dc@group-D89445E6143F-SegmentedRaftLogWorker: Starting segment from index:0
2020-05-07 00:41:25,291 [7dd03a18-1435-4be1-bd80-9d608de327dc@group-D89445E6143F-SegmentedRaftLogWorker] INFO  segmented.SegmentedRaftLogWorker (SegmentedRaftLogWorker.java:execute(583)) - 7dd03a18-1435-4be1-bd80-9d608de327dc@group-D89445E6143F-SegmentedRaftLogWorker: created new log segment /github/workspace/mnt/ozone/hadoop-ozone/integration-test/target/test-dir/MiniOzoneClusterImpl-4309656b-5406-4bc5-8c34-9a373aba7a4c/datanode-8/data/ratis/7e6b2f52-e632-4b19-9839-d89445e6143f/current/log_inprogress_0
2020-05-07 00:41:25,292 [f9d6d60b-ab5b-4a08-a0ef-ccb2f7c778b8@group-D89445E6143F-SegmentedRaftLogWorker] INFO  segmented.SegmentedRaftLogWorker (SegmentedRaftLogWorker.java:execute(583)) - f9d6d60b-ab5b-4a08-a0ef-ccb2f7c778b8@group-D89445E6143F-SegmentedRaftLogWorker: created new log segment /github/workspace/mnt/ozone/hadoop-ozone/integration-test/target/test-dir/MiniOzoneClusterImpl-4309656b-5406-4bc5-8c34-9a373aba7a4c/datanode-7/data/ratis/7e6b2f52-e632-4b19-9839-d89445e6143f/current/log_inprogress_0
2020-05-07 00:41:25,293 [f9d6d60b-ab5b-4a08-a0ef-ccb2f7c778b8@group-4BBF9E627A29-LeaderElection15] INFO  impl.LeaderElection (LeaderElection.java:askForVotes(206)) - f9d6d60b-ab5b-4a08-a0ef-ccb2f7c778b8@group-4BBF9E627A29-LeaderElection15: begin an election at term 1 for -1: [f9d6d60b-ab5b-4a08-a0ef-ccb2f7c778b8:172.17.0.2:39475], old=null
2020-05-07 00:41:25,293 [f9d6d60b-ab5b-4a08-a0ef-ccb2f7c778b8@group-4BBF9E627A29-LeaderElection15] INFO  impl.RoleInfo (RoleInfo.java:shutdownLeaderElection(134)) - f9d6d60b-ab5b-4a08-a0ef-ccb2f7c778b8: shutdown LeaderElection
2020-05-07 00:41:25,293 [f9d6d60b-ab5b-4a08-a0ef-ccb2f7c778b8@group-4BBF9E627A29-LeaderElection15] INFO  impl.RaftServerImpl (RaftServerImpl.java:setRole(173)) - f9d6d60b-ab5b-4a08-a0ef-ccb2f7c778b8@group-4BBF9E627A29: changes role from CANDIDATE to LEADER at term 1 for changeToLeader
2020-05-07 00:41:25,293 [f9d6d60b-ab5b-4a08-a0ef-ccb2f7c778b8@group-4BBF9E627A29-LeaderElection15] INFO  ratis.XceiverServerRatis (XceiverServerRatis.java:handleLeaderChangedNotification(762)) - Leader change notification received for group: group-4BBF9E627A29 with new leaderId: f9d6d60b-ab5b-4a08-a0ef-ccb2f7c778b8
2020-05-07 00:41:25,304 [f9d6d60b-ab5b-4a08-a0ef-ccb2f7c778b8@group-4BBF9E627A29-LeaderElection15] INFO  impl.RaftServerImpl (ServerState.java:setLeader(255)) - f9d6d60b-ab5b-4a08-a0ef-ccb2f7c778b8@group-4BBF9E627A29: change Leader from null to f9d6d60b-ab5b-4a08-a0ef-ccb2f7c778b8 at term 1 for becomeLeader, leader elected after 5335ms
2020-05-07 00:41:25,316 [f9d6d60b-ab5b-4a08-a0ef-ccb2f7c778b8@group-4BBF9E627A29-LeaderElection15] INFO  server.RaftServerConfigKeys (ConfUtils.java:logGet(44)) - raft.server.staging.catchup.gap = 1000 (default)
2020-05-07 00:41:25,318 [f9d6d60b-ab5b-4a08-a0ef-ccb2f7c778b8@group-4BBF9E627A29-LeaderElection15] INFO  server.RaftServerConfigKeys (ConfUtils.java:logGet(44)) - raft.server.rpc.sleep.time = 25ms (default)
2020-05-07 00:41:25,318 [f9d6d60b-ab5b-4a08-a0ef-ccb2f7c778b8@group-4BBF9E627A29-LeaderElection15] INFO  metrics.RatisMetrics (RatisMetrics.java:lambda$create$0(39)) - Creating Metrics Registry : ratis.log_appender.f9d6d60b-ab5b-4a08-a0ef-ccb2f7c778b8@group-4BBF9E627A29
2020-05-07 00:41:25,318 [f9d6d60b-ab5b-4a08-a0ef-ccb2f7c778b8@group-4BBF9E627A29-LeaderElection15] INFO  server.RaftServerConfigKeys (ConfUtils.java:logGet(44)) - raft.server.write.element-limit = 1024 (custom)
2020-05-07 00:41:25,318 [f9d6d60b-ab5b-4a08-a0ef-ccb2f7c778b8@group-4BBF9E627A29-LeaderElection15] INFO  server.RaftServerConfigKeys (ConfUtils.java:logGet(44)) - raft.server.write.byte-limit = 1073741824 (custom)
2020-05-07 00:41:25,319 [f9d6d60b-ab5b-4a08-a0ef-ccb2f7c778b8@group-4BBF9E627A29-LeaderElection15] INFO  server.RaftServerConfigKeys (ConfUtils.java:logGet(44)) - raft.server.watch.timeout = 180s (custom)
2020-05-07 00:41:25,319 [f9d6d60b-ab5b-4a08-a0ef-ccb2f7c778b8@group-4BBF9E627A29-LeaderElection15] INFO  server.RaftServerConfigKeys (ConfUtils.java:logGet(44)) - raft.server.watch.timeout.denomination = 1s (default)
2020-05-07 00:41:25,319 [f9d6d60b-ab5b-4a08-a0ef-ccb2f7c778b8@group-4BBF9E627A29-LeaderElection15] INFO  server.RaftServerConfigKeys (ConfUtils.java:logGet(44)) - raft.server.watch.element-limit = 65536 (default)
2020-05-07 00:41:25,319 [f9d6d60b-ab5b-4a08-a0ef-ccb2f7c778b8@group-4BBF9E627A29-LeaderElection15] INFO  impl.RoleInfo (RoleInfo.java:updateAndGet(143)) - f9d6d60b-ab5b-4a08-a0ef-ccb2f7c778b8: start LeaderState
2020-05-07 00:41:25,319 [f9d6d60b-ab5b-4a08-a0ef-ccb2f7c778b8@group-4BBF9E627A29-LeaderElection15] INFO  segmented.SegmentedRaftLogWorker (SegmentedRaftLogWorker.java:startLogSegment(391)) - f9d6d60b-ab5b-4a08-a0ef-ccb2f7c778b8@group-4BBF9E627A29-SegmentedRaftLogWorker: Starting segment from index:0
2020-05-07 00:41:25,320 [f9d6d60b-ab5b-4a08-a0ef-ccb2f7c778b8@group-4BBF9E627A29-SegmentedRaftLogWorker] INFO  segmented.SegmentedRaftLogWorker (SegmentedRaftLogWorker.java:execute(583)) - f9d6d60b-ab5b-4a08-a0ef-ccb2f7c778b8@group-4BBF9E627A29-SegmentedRaftLogWorker: created new log segment /github/workspace/mnt/ozone/hadoop-ozone/integration-test/target/test-dir/MiniOzoneClusterImpl-4309656b-5406-4bc5-8c34-9a373aba7a4c/datanode-7/data/ratis/f57aecd8-1f9d-44ed-aa79-4bbf9e627a29/current/log_inprogress_0
2020-05-07 00:41:25,331 [f9d6d60b-ab5b-4a08-a0ef-ccb2f7c778b8@group-4BBF9E627A29-LeaderElection15] INFO  impl.RaftServerImpl (ServerState.java:setRaftConf(356)) - f9d6d60b-ab5b-4a08-a0ef-ccb2f7c778b8@group-4BBF9E627A29: set configuration 0: [f9d6d60b-ab5b-4a08-a0ef-ccb2f7c778b8:172.17.0.2:39475], old=null at 0
2020-05-07 00:41:25,338 [Thread-297] INFO  impl.FollowerState (FollowerState.java:run(108)) - 7dd03a18-1435-4be1-bd80-9d608de327dc@group-C5EA4D8CE5C1-FollowerState: change to CANDIDATE, lastRpcTime:5148ms, electionTimeout:5136ms
2020-05-07 00:41:25,338 [Thread-297] INFO  impl.RoleInfo (RoleInfo.java:shutdownFollowerState(121)) - 7dd03a18-1435-4be1-bd80-9d608de327dc: shutdown FollowerState
2020-05-07 00:41:25,338 [Thread-297] INFO  impl.RaftServerImpl (RaftServerImpl.java:setRole(173)) - 7dd03a18-1435-4be1-bd80-9d608de327dc@group-C5EA4D8CE5C1: changes role from  FOLLOWER to CANDIDATE at term 0 for changeToCandidate
2020-05-07 00:41:25,338 [Thread-297] INFO  impl.RoleInfo (RoleInfo.java:updateAndGet(143)) - 7dd03a18-1435-4be1-bd80-9d608de327dc: start LeaderElection
2020-05-07 00:41:25,354 [Thread-302] INFO  impl.FollowerState (FollowerState.java:run(108)) - 0f2866d9-7d54-459e-ac3c-e4a322a6b4d0@group-A6C9FEDE2310-FollowerState: change to CANDIDATE, lastRpcTime:5087ms, electionTimeout:5086ms
2020-05-07 00:41:25,354 [Thread-302] INFO  impl.RoleInfo (RoleInfo.java:shutdownFollowerState(121)) - 0f2866d9-7d54-459e-ac3c-e4a322a6b4d0: shutdown FollowerState
2020-05-07 00:41:25,354 [Thread-302] INFO  impl.RaftServerImpl (RaftServerImpl.java:setRole(173)) - 0f2866d9-7d54-459e-ac3c-e4a322a6b4d0@group-A6C9FEDE2310: changes role from  FOLLOWER to CANDIDATE at term 0 for changeToCandidate
2020-05-07 00:41:25,354 [Thread-302] INFO  impl.RoleInfo (RoleInfo.java:updateAndGet(143)) - 0f2866d9-7d54-459e-ac3c-e4a322a6b4d0: start LeaderElection
2020-05-07 00:41:25,355 [7dd03a18-1435-4be1-bd80-9d608de327dc@group-C5EA4D8CE5C1-LeaderElection16] INFO  impl.LeaderElection (LeaderElection.java:askForVotes(206)) - 7dd03a18-1435-4be1-bd80-9d608de327dc@group-C5EA4D8CE5C1-LeaderElection16: begin an election at term 1 for -1: [7dd03a18-1435-4be1-bd80-9d608de327dc:172.17.0.2:42383], old=null
2020-05-07 00:41:25,355 [7dd03a18-1435-4be1-bd80-9d608de327dc@group-C5EA4D8CE5C1-LeaderElection16] INFO  impl.RoleInfo (RoleInfo.java:shutdownLeaderElection(134)) - 7dd03a18-1435-4be1-bd80-9d608de327dc: shutdown LeaderElection
2020-05-07 00:41:25,355 [7dd03a18-1435-4be1-bd80-9d608de327dc@group-C5EA4D8CE5C1-LeaderElection16] INFO  impl.RaftServerImpl (RaftServerImpl.java:setRole(173)) - 7dd03a18-1435-4be1-bd80-9d608de327dc@group-C5EA4D8CE5C1: changes role from CANDIDATE to LEADER at term 1 for changeToLeader
2020-05-07 00:41:25,355 [7dd03a18-1435-4be1-bd80-9d608de327dc@group-C5EA4D8CE5C1-LeaderElection16] INFO  ratis.XceiverServerRatis (XceiverServerRatis.java:handleLeaderChangedNotification(762)) - Leader change notification received for group: group-C5EA4D8CE5C1 with new leaderId: 7dd03a18-1435-4be1-bd80-9d608de327dc
2020-05-07 00:41:25,363 [7dd03a18-1435-4be1-bd80-9d608de327dc@group-C5EA4D8CE5C1-LeaderElection16] INFO  impl.RaftServerImpl (ServerState.java:setLeader(255)) - 7dd03a18-1435-4be1-bd80-9d608de327dc@group-C5EA4D8CE5C1: change Leader from null to 7dd03a18-1435-4be1-bd80-9d608de327dc at term 1 for becomeLeader, leader elected after 5354ms
2020-05-07 00:41:25,364 [7dd03a18-1435-4be1-bd80-9d608de327dc@group-C5EA4D8CE5C1-LeaderElection16] INFO  server.RaftServerConfigKeys (ConfUtils.java:logGet(44)) - raft.server.staging.catchup.gap = 1000 (default)
2020-05-07 00:41:25,365 [7dd03a18-1435-4be1-bd80-9d608de327dc@group-C5EA4D8CE5C1-LeaderElection16] INFO  server.RaftServerConfigKeys (ConfUtils.java:logGet(44)) - raft.server.rpc.sleep.time = 25ms (default)
2020-05-07 00:41:25,365 [7dd03a18-1435-4be1-bd80-9d608de327dc@group-C5EA4D8CE5C1-LeaderElection16] INFO  metrics.RatisMetrics (RatisMetrics.java:lambda$create$0(39)) - Creating Metrics Registry : ratis.log_appender.7dd03a18-1435-4be1-bd80-9d608de327dc@group-C5EA4D8CE5C1
2020-05-07 00:41:25,365 [7dd03a18-1435-4be1-bd80-9d608de327dc@group-C5EA4D8CE5C1-LeaderElection16] INFO  server.RaftServerConfigKeys (ConfUtils.java:logGet(44)) - raft.server.write.element-limit = 1024 (custom)
2020-05-07 00:41:25,365 [0f2866d9-7d54-459e-ac3c-e4a322a6b4d0@group-A6C9FEDE2310-LeaderElection17] INFO  impl.LeaderElection (LeaderElection.java:askForVotes(206)) - 0f2866d9-7d54-459e-ac3c-e4a322a6b4d0@group-A6C9FEDE2310-LeaderElection17: begin an election at term 1 for -1: [0f2866d9-7d54-459e-ac3c-e4a322a6b4d0:172.17.0.2:42883], old=null
2020-05-07 00:41:25,365 [7dd03a18-1435-4be1-bd80-9d608de327dc@group-C5EA4D8CE5C1-LeaderElection16] INFO  server.RaftServerConfigKeys (ConfUtils.java:logGet(44)) - raft.server.write.byte-limit = 1073741824 (custom)
2020-05-07 00:41:25,366 [0f2866d9-7d54-459e-ac3c-e4a322a6b4d0@group-A6C9FEDE2310-LeaderElection17] INFO  impl.RoleInfo (RoleInfo.java:shutdownLeaderElection(134)) - 0f2866d9-7d54-459e-ac3c-e4a322a6b4d0: shutdown LeaderElection
2020-05-07 00:41:25,366 [0f2866d9-7d54-459e-ac3c-e4a322a6b4d0@group-A6C9FEDE2310-LeaderElection17] INFO  impl.RaftServerImpl (RaftServerImpl.java:setRole(173)) - 0f2866d9-7d54-459e-ac3c-e4a322a6b4d0@group-A6C9FEDE2310: changes role from CANDIDATE to LEADER at term 1 for changeToLeader
2020-05-07 00:41:25,366 [0f2866d9-7d54-459e-ac3c-e4a322a6b4d0@group-A6C9FEDE2310-LeaderElection17] INFO  ratis.XceiverServerRatis (XceiverServerRatis.java:handleLeaderChangedNotification(762)) - Leader change notification received for group: group-A6C9FEDE2310 with new leaderId: 0f2866d9-7d54-459e-ac3c-e4a322a6b4d0
2020-05-07 00:41:25,366 [0f2866d9-7d54-459e-ac3c-e4a322a6b4d0@group-A6C9FEDE2310-LeaderElection17] INFO  impl.RaftServerImpl (ServerState.java:setLeader(255)) - 0f2866d9-7d54-459e-ac3c-e4a322a6b4d0@group-A6C9FEDE2310: change Leader from null to 0f2866d9-7d54-459e-ac3c-e4a322a6b4d0 at term 1 for becomeLeader, leader elected after 5104ms
2020-05-07 00:41:25,366 [7dd03a18-1435-4be1-bd80-9d608de327dc@group-C5EA4D8CE5C1-LeaderElection16] INFO  server.RaftServerConfigKeys (ConfUtils.java:logGet(44)) - raft.server.watch.timeout = 180s (custom)
2020-05-07 00:41:25,368 [7dd03a18-1435-4be1-bd80-9d608de327dc@group-C5EA4D8CE5C1-LeaderElection16] INFO  server.RaftServerConfigKeys (ConfUtils.java:logGet(44)) - raft.server.watch.timeout.denomination = 1s (default)
2020-05-07 00:41:25,368 [7dd03a18-1435-4be1-bd80-9d608de327dc@group-C5EA4D8CE5C1-LeaderElection16] INFO  server.RaftServerConfigKeys (ConfUtils.java:logGet(44)) - raft.server.watch.element-limit = 65536 (default)
2020-05-07 00:41:25,368 [7dd03a18-1435-4be1-bd80-9d608de327dc@group-C5EA4D8CE5C1-LeaderElection16] INFO  impl.RoleInfo (RoleInfo.java:updateAndGet(143)) - 7dd03a18-1435-4be1-bd80-9d608de327dc: start LeaderState
2020-05-07 00:41:25,368 [7dd03a18-1435-4be1-bd80-9d608de327dc@group-C5EA4D8CE5C1-LeaderElection16] INFO  segmented.SegmentedRaftLogWorker (SegmentedRaftLogWorker.java:startLogSegment(391)) - 7dd03a18-1435-4be1-bd80-9d608de327dc@group-C5EA4D8CE5C1-SegmentedRaftLogWorker: Starting segment from index:0
2020-05-07 00:41:25,367 [0f2866d9-7d54-459e-ac3c-e4a322a6b4d0@group-A6C9FEDE2310-LeaderElection17] INFO  server.RaftServerConfigKeys (ConfUtils.java:logGet(44)) - raft.server.staging.catchup.gap = 1000 (default)
2020-05-07 00:41:25,369 [0f2866d9-7d54-459e-ac3c-e4a322a6b4d0@group-A6C9FEDE2310-LeaderElection17] INFO  server.RaftServerConfigKeys (ConfUtils.java:logGet(44)) - raft.server.rpc.sleep.time = 25ms (default)
2020-05-07 00:41:25,369 [0f2866d9-7d54-459e-ac3c-e4a322a6b4d0@group-A6C9FEDE2310-LeaderElection17] INFO  metrics.RatisMetrics (RatisMetrics.java:lambda$create$0(39)) - Creating Metrics Registry : ratis.log_appender.0f2866d9-7d54-459e-ac3c-e4a322a6b4d0@group-A6C9FEDE2310
2020-05-07 00:41:25,370 [0f2866d9-7d54-459e-ac3c-e4a322a6b4d0@group-A6C9FEDE2310-LeaderElection17] INFO  server.RaftServerConfigKeys (ConfUtils.java:logGet(44)) - raft.server.write.element-limit = 1024 (custom)
2020-05-07 00:41:25,370 [0f2866d9-7d54-459e-ac3c-e4a322a6b4d0@group-A6C9FEDE2310-LeaderElection17] INFO  server.RaftServerConfigKeys (ConfUtils.java:logGet(44)) - raft.server.write.byte-limit = 1073741824 (custom)
2020-05-07 00:41:25,370 [0f2866d9-7d54-459e-ac3c-e4a322a6b4d0@group-A6C9FEDE2310-LeaderElection17] INFO  server.RaftServerConfigKeys (ConfUtils.java:logGet(44)) - raft.server.watch.timeout = 180s (custom)
2020-05-07 00:41:25,370 [0f2866d9-7d54-459e-ac3c-e4a322a6b4d0@group-A6C9FEDE2310-LeaderElection17] INFO  server.RaftServerConfigKeys (ConfUtils.java:logGet(44)) - raft.server.watch.timeout.denomination = 1s (default)
2020-05-07 00:41:25,370 [0f2866d9-7d54-459e-ac3c-e4a322a6b4d0@group-A6C9FEDE2310-LeaderElection17] INFO  server.RaftServerConfigKeys (ConfUtils.java:logGet(44)) - raft.server.watch.element-limit = 65536 (default)
2020-05-07 00:41:25,370 [0f2866d9-7d54-459e-ac3c-e4a322a6b4d0@group-A6C9FEDE2310-LeaderElection17] INFO  impl.RoleInfo (RoleInfo.java:updateAndGet(143)) - 0f2866d9-7d54-459e-ac3c-e4a322a6b4d0: start LeaderState
2020-05-07 00:41:25,371 [0f2866d9-7d54-459e-ac3c-e4a322a6b4d0@group-A6C9FEDE2310-LeaderElection17] INFO  segmented.SegmentedRaftLogWorker (SegmentedRaftLogWorker.java:startLogSegment(391)) - 0f2866d9-7d54-459e-ac3c-e4a322a6b4d0@group-A6C9FEDE2310-SegmentedRaftLogWorker: Starting segment from index:0
2020-05-07 00:41:25,371 [0f2866d9-7d54-459e-ac3c-e4a322a6b4d0@group-A6C9FEDE2310-LeaderElection17] INFO  impl.RaftServerImpl (ServerState.java:setRaftConf(356)) - 0f2866d9-7d54-459e-ac3c-e4a322a6b4d0@group-A6C9FEDE2310: set configuration 0: [0f2866d9-7d54-459e-ac3c-e4a322a6b4d0:172.17.0.2:42883], old=null at 0
2020-05-07 00:41:25,372 [7dd03a18-1435-4be1-bd80-9d608de327dc@group-C5EA4D8CE5C1-SegmentedRaftLogWorker] INFO  segmented.SegmentedRaftLogWorker (SegmentedRaftLogWorker.java:execute(583)) - 7dd03a18-1435-4be1-bd80-9d608de327dc@group-C5EA4D8CE5C1-SegmentedRaftLogWorker: created new log segment /github/workspace/mnt/ozone/hadoop-ozone/integration-test/target/test-dir/MiniOzoneClusterImpl-4309656b-5406-4bc5-8c34-9a373aba7a4c/datanode-8/data/ratis/8534c0db-d580-4407-8d7f-c5ea4d8ce5c1/current/log_inprogress_0
2020-05-07 00:41:25,373 [7dd03a18-1435-4be1-bd80-9d608de327dc@group-C5EA4D8CE5C1-LeaderElection16] INFO  impl.RaftServerImpl (ServerState.java:setRaftConf(356)) - 7dd03a18-1435-4be1-bd80-9d608de327dc@group-C5EA4D8CE5C1: set configuration 0: [7dd03a18-1435-4be1-bd80-9d608de327dc:172.17.0.2:42383], old=null at 0
2020-05-07 00:41:25,378 [0f2866d9-7d54-459e-ac3c-e4a322a6b4d0@group-A6C9FEDE2310-SegmentedRaftLogWorker] INFO  segmented.SegmentedRaftLogWorker (SegmentedRaftLogWorker.java:execute(583)) - 0f2866d9-7d54-459e-ac3c-e4a322a6b4d0@group-A6C9FEDE2310-SegmentedRaftLogWorker: created new log segment /github/workspace/mnt/ozone/hadoop-ozone/integration-test/target/test-dir/MiniOzoneClusterImpl-4309656b-5406-4bc5-8c34-9a373aba7a4c/datanode-9/data/ratis/086742ad-7ea3-4fdd-80d0-a6c9fede2310/current/log_inprogress_0
2020-05-07 00:41:25,853 [main] INFO  ozone.MiniOzoneClusterImpl (MiniOzoneClusterImpl.java:getStorageContainerLocationClient(289)) - Creating StorageContainerLocationProtocol RPC client with address /0.0.0.0:46403
2020-05-07 00:41:25,877 [main] INFO  rpc.RpcClient (RpcClient.java:createVolume(308)) - Creating Volume: 40a26822-e13a-4e9b-b824-bbc80953a253, with jenkins1001 as owner.
2020-05-07 00:41:25,949 [IPC Server handler 13 on 45579] INFO  volume.OMVolumeCreateRequest (OMVolumeCreateRequest.java:validateAndUpdateCache(208)) - created volume:40a26822-e13a-4e9b-b824-bbc80953a253 for user:jenkins1001
2020-05-07 00:41:25,980 [main] INFO  rpc.RpcClient (RpcClient.java:createBucket(448)) - Creating Bucket: 40a26822-e13a-4e9b-b824-bbc80953a253/686b869c-6b63-413b-a172-6597b41d1f44, with Versioning false and Storage Type set to DISK and Encryption set to false 
2020-05-07 00:41:26,137 [main] INFO  impl.MetricsSystemImpl (MetricsSystemImpl.java:init(158)) - XceiverClientMetrics metrics system started (again)
2020-05-07 00:41:27,843 [EventQueue-Delayed safe mode statusForReplicationManager] INFO  container.ReplicationManager (ReplicationManager.java:start(165)) - Starting Replication Monitor Thread.
2020-05-07 00:41:27,852 [ReplicationMonitor] INFO  container.ReplicationManager (ReplicationManager.java:run(228)) - Replication Monitor Thread took 3 milliseconds for processing 1 containers.
2020-05-07 00:41:27,853 [EventQueue-CloseContainerForCloseContainerEventHandler] INFO  container.CloseContainerEventHandler (CloseContainerEventHandler.java:onMessage(61)) - Close container Event triggered for container : #1
2020-05-07 00:41:29,513 [Command processor thread] ERROR commandhandler.CloseContainerCommandHandler (CloseContainerCommandHandler.java:handle(85)) - Container #1 does not exist in datanode. Container close failed.
2020-05-07 00:41:29,518 [Command processor thread] ERROR commandhandler.CloseContainerCommandHandler (CloseContainerCommandHandler.java:handle(85)) - Container #1 does not exist in datanode. Container close failed.
2020-05-07 00:41:29,774 [Command processor thread] ERROR commandhandler.CloseContainerCommandHandler (CloseContainerCommandHandler.java:handle(85)) - Container #1 does not exist in datanode. Container close failed.
2020-05-07 00:41:29,823 [Thread-341] INFO  impl.FollowerState (FollowerState.java:run(108)) - bc4a541c-f62e-41d6-b4a1-614c81b276a8@group-A95AED492FE6-FollowerState: change to CANDIDATE, lastRpcTime:5114ms, electionTimeout:5092ms
2020-05-07 00:41:29,824 [Thread-341] INFO  impl.RoleInfo (RoleInfo.java:shutdownFollowerState(121)) - bc4a541c-f62e-41d6-b4a1-614c81b276a8: shutdown FollowerState
2020-05-07 00:41:29,824 [Thread-341] INFO  impl.RaftServerImpl (RaftServerImpl.java:setRole(173)) - bc4a541c-f62e-41d6-b4a1-614c81b276a8@group-A95AED492FE6: changes role from  FOLLOWER to CANDIDATE at term 2 for changeToCandidate
2020-05-07 00:41:29,824 [Thread-341] INFO  impl.RoleInfo (RoleInfo.java:updateAndGet(143)) - bc4a541c-f62e-41d6-b4a1-614c81b276a8: start LeaderElection
2020-05-07 00:41:29,826 [bc4a541c-f62e-41d6-b4a1-614c81b276a8@group-A95AED492FE6-LeaderElection18] INFO  impl.LeaderElection (LeaderElection.java:askForVotes(206)) - bc4a541c-f62e-41d6-b4a1-614c81b276a8@group-A95AED492FE6-LeaderElection18: begin an election at term 3 for -1: [5d0655f0-c25b-473a-a070-0d978632f858:172.17.0.2:33731, bc4a541c-f62e-41d6-b4a1-614c81b276a8:172.17.0.2:44661, 43880261-676d-47ef-b311-3d20c3a92ec2:172.17.0.2:40753], old=null
2020-05-07 00:41:29,838 [grpc-default-executor-6] INFO  impl.RaftServerImpl (RaftServerImpl.java:setRole(173)) - 5d0655f0-c25b-473a-a070-0d978632f858@group-A95AED492FE6: changes role from  FOLLOWER to FOLLOWER at term 3 for recognizeCandidate:bc4a541c-f62e-41d6-b4a1-614c81b276a8
2020-05-07 00:41:29,838 [grpc-default-executor-6] INFO  impl.RoleInfo (RoleInfo.java:shutdownFollowerState(121)) - 5d0655f0-c25b-473a-a070-0d978632f858: shutdown FollowerState
2020-05-07 00:41:29,838 [grpc-default-executor-6] INFO  impl.RoleInfo (RoleInfo.java:updateAndGet(143)) - 5d0655f0-c25b-473a-a070-0d978632f858: start FollowerState
2020-05-07 00:41:29,838 [Thread-351] INFO  impl.FollowerState (FollowerState.java:run(117)) - 5d0655f0-c25b-473a-a070-0d978632f858@group-A95AED492FE6-FollowerState was interrupted: java.lang.InterruptedException: sleep interrupted
2020-05-07 00:41:29,853 [grpc-default-executor-0] INFO  impl.RaftServerImpl (RaftServerImpl.java:setRole(173)) - 43880261-676d-47ef-b311-3d20c3a92ec2@group-A95AED492FE6: changes role from  FOLLOWER to FOLLOWER at term 3 for recognizeCandidate:bc4a541c-f62e-41d6-b4a1-614c81b276a8
2020-05-07 00:41:29,853 [grpc-default-executor-0] INFO  impl.RoleInfo (RoleInfo.java:shutdownFollowerState(121)) - 43880261-676d-47ef-b311-3d20c3a92ec2: shutdown FollowerState
2020-05-07 00:41:29,853 [grpc-default-executor-0] INFO  impl.RoleInfo (RoleInfo.java:updateAndGet(143)) - 43880261-676d-47ef-b311-3d20c3a92ec2: start FollowerState
2020-05-07 00:41:29,854 [Thread-361] INFO  impl.FollowerState (FollowerState.java:run(117)) - 43880261-676d-47ef-b311-3d20c3a92ec2@group-A95AED492FE6-FollowerState was interrupted: java.lang.InterruptedException: sleep interrupted
2020-05-07 00:41:29,858 [bc4a541c-f62e-41d6-b4a1-614c81b276a8@group-A95AED492FE6-LeaderElection18] INFO  impl.LeaderElection (LeaderElection.java:logAndReturn(61)) - bc4a541c-f62e-41d6-b4a1-614c81b276a8@group-A95AED492FE6-LeaderElection18: Election PASSED; received 1 response(s) [bc4a541c-f62e-41d6-b4a1-614c81b276a8<-5d0655f0-c25b-473a-a070-0d978632f858#0:OK-t3] and 0 exception(s); bc4a541c-f62e-41d6-b4a1-614c81b276a8@group-A95AED492FE6:t3, leader=null, voted=bc4a541c-f62e-41d6-b4a1-614c81b276a8, raftlog=bc4a541c-f62e-41d6-b4a1-614c81b276a8@group-A95AED492FE6-SegmentedRaftLog:OPENED:c-1,f-1,i0, conf=-1: [5d0655f0-c25b-473a-a070-0d978632f858:172.17.0.2:33731, bc4a541c-f62e-41d6-b4a1-614c81b276a8:172.17.0.2:44661, 43880261-676d-47ef-b311-3d20c3a92ec2:172.17.0.2:40753], old=null
2020-05-07 00:41:29,858 [bc4a541c-f62e-41d6-b4a1-614c81b276a8@group-A95AED492FE6-LeaderElection18] INFO  impl.RoleInfo (RoleInfo.java:shutdownLeaderElection(134)) - bc4a541c-f62e-41d6-b4a1-614c81b276a8: shutdown LeaderElection
2020-05-07 00:41:29,858 [bc4a541c-f62e-41d6-b4a1-614c81b276a8@group-A95AED492FE6-LeaderElection18] INFO  impl.RaftServerImpl (RaftServerImpl.java:setRole(173)) - bc4a541c-f62e-41d6-b4a1-614c81b276a8@group-A95AED492FE6: changes role from CANDIDATE to LEADER at term 3 for changeToLeader
2020-05-07 00:41:29,858 [bc4a541c-f62e-41d6-b4a1-614c81b276a8@group-A95AED492FE6-LeaderElection18] INFO  ratis.XceiverServerRatis (XceiverServerRatis.java:handleLeaderChangedNotification(762)) - Leader change notification received for group: group-A95AED492FE6 with new leaderId: bc4a541c-f62e-41d6-b4a1-614c81b276a8
2020-05-07 00:41:29,858 [bc4a541c-f62e-41d6-b4a1-614c81b276a8@group-A95AED492FE6-LeaderElection18] INFO  impl.RaftServerImpl (ServerState.java:setLeader(255)) - bc4a541c-f62e-41d6-b4a1-614c81b276a8@group-A95AED492FE6: change Leader from null to bc4a541c-f62e-41d6-b4a1-614c81b276a8 at term 3 for becomeLeader, leader elected after 10414ms
2020-05-07 00:41:29,858 [bc4a541c-f62e-41d6-b4a1-614c81b276a8@group-A95AED492FE6-LeaderElection18] INFO  server.RaftServerConfigKeys (ConfUtils.java:logGet(44)) - raft.server.staging.catchup.gap = 1000 (default)
2020-05-07 00:41:29,858 [bc4a541c-f62e-41d6-b4a1-614c81b276a8@group-A95AED492FE6-LeaderElection18] INFO  server.RaftServerConfigKeys (ConfUtils.java:logGet(44)) - raft.server.rpc.sleep.time = 25ms (default)
2020-05-07 00:41:29,859 [bc4a541c-f62e-41d6-b4a1-614c81b276a8@group-A95AED492FE6-LeaderElection18] INFO  metrics.RatisMetrics (RatisMetrics.java:lambda$create$0(39)) - Creating Metrics Registry : ratis.log_appender.bc4a541c-f62e-41d6-b4a1-614c81b276a8@group-A95AED492FE6
2020-05-07 00:41:29,859 [bc4a541c-f62e-41d6-b4a1-614c81b276a8@group-A95AED492FE6-LeaderElection18] INFO  server.RaftServerConfigKeys (ConfUtils.java:logGet(44)) - raft.server.write.element-limit = 1024 (custom)
2020-05-07 00:41:29,859 [bc4a541c-f62e-41d6-b4a1-614c81b276a8@group-A95AED492FE6-LeaderElection18] INFO  server.RaftServerConfigKeys (ConfUtils.java:logGet(44)) - raft.server.write.byte-limit = 1073741824 (custom)
2020-05-07 00:41:29,859 [bc4a541c-f62e-41d6-b4a1-614c81b276a8@group-A95AED492FE6-LeaderElection18] INFO  server.RaftServerConfigKeys (ConfUtils.java:logGet(44)) - raft.server.watch.timeout = 180s (custom)
2020-05-07 00:41:29,859 [bc4a541c-f62e-41d6-b4a1-614c81b276a8@group-A95AED492FE6-LeaderElection18] INFO  server.RaftServerConfigKeys (ConfUtils.java:logGet(44)) - raft.server.watch.timeout.denomination = 1s (default)
2020-05-07 00:41:29,859 [bc4a541c-f62e-41d6-b4a1-614c81b276a8@group-A95AED492FE6-LeaderElection18] INFO  server.RaftServerConfigKeys (ConfUtils.java:logGet(44)) - raft.server.watch.element-limit = 65536 (default)
2020-05-07 00:41:29,860 [bc4a541c-f62e-41d6-b4a1-614c81b276a8@group-A95AED492FE6-LeaderElection18] INFO  server.RaftServerConfigKeys (ConfUtils.java:logGet(44)) - raft.server.log.appender.snapshot.chunk.size.max = 16MB (=16777216) (default)
2020-05-07 00:41:29,860 [bc4a541c-f62e-41d6-b4a1-614c81b276a8@group-A95AED492FE6-LeaderElection18] INFO  server.RaftServerConfigKeys (ConfUtils.java:logGet(44)) - raft.server.log.appender.buffer.byte-limit = 33554432 (custom)
2020-05-07 00:41:29,860 [bc4a541c-f62e-41d6-b4a1-614c81b276a8@group-A95AED492FE6-LeaderElection18] INFO  server.RaftServerConfigKeys (ConfUtils.java:logGet(44)) - raft.server.log.appender.buffer.element-limit = 1 (custom)
2020-05-07 00:41:29,860 [bc4a541c-f62e-41d6-b4a1-614c81b276a8@group-A95AED492FE6-LeaderElection18] INFO  grpc.GrpcConfigKeys (ConfUtils.java:logGet(44)) - raft.grpc.server.leader.outstanding.appends.max = 128 (default)
2020-05-07 00:41:29,860 [bc4a541c-f62e-41d6-b4a1-614c81b276a8@group-A95AED492FE6-LeaderElection18] INFO  server.RaftServerConfigKeys (ConfUtils.java:logGet(44)) - raft.server.rpc.request.timeout = 60s (custom)
2020-05-07 00:41:29,860 [bc4a541c-f62e-41d6-b4a1-614c81b276a8@group-A95AED492FE6-LeaderElection18] INFO  server.RaftServerConfigKeys (ConfUtils.java:logGet(44)) - raft.server.log.appender.install.snapshot.enabled = false (custom)
2020-05-07 00:41:29,861 [bc4a541c-f62e-41d6-b4a1-614c81b276a8@group-A95AED492FE6-LeaderElection18] INFO  server.RaftServerConfigKeys (ConfUtils.java:logGet(44)) - raft.server.log.appender.snapshot.chunk.size.max = 16MB (=16777216) (default)
2020-05-07 00:41:29,861 [bc4a541c-f62e-41d6-b4a1-614c81b276a8@group-A95AED492FE6-LeaderElection18] INFO  server.RaftServerConfigKeys (ConfUtils.java:logGet(44)) - raft.server.log.appender.buffer.byte-limit = 33554432 (custom)
2020-05-07 00:41:29,861 [bc4a541c-f62e-41d6-b4a1-614c81b276a8@group-A95AED492FE6-LeaderElection18] INFO  server.RaftServerConfigKeys (ConfUtils.java:logGet(44)) - raft.server.log.appender.buffer.element-limit = 1 (custom)
2020-05-07 00:41:29,861 [bc4a541c-f62e-41d6-b4a1-614c81b276a8@group-A95AED492FE6-LeaderElection18] INFO  grpc.GrpcConfigKeys (ConfUtils.java:logGet(44)) - raft.grpc.server.leader.outstanding.appends.max = 128 (default)
2020-05-07 00:41:29,861 [bc4a541c-f62e-41d6-b4a1-614c81b276a8@group-A95AED492FE6-LeaderElection18] INFO  server.RaftServerConfigKeys (ConfUtils.java:logGet(44)) - raft.server.rpc.request.timeout = 60s (custom)
2020-05-07 00:41:29,861 [bc4a541c-f62e-41d6-b4a1-614c81b276a8@group-A95AED492FE6-LeaderElection18] INFO  server.RaftServerConfigKeys (ConfUtils.java:logGet(44)) - raft.server.log.appender.install.snapshot.enabled = false (custom)
2020-05-07 00:41:29,862 [bc4a541c-f62e-41d6-b4a1-614c81b276a8@group-A95AED492FE6-LeaderElection18] INFO  impl.RoleInfo (RoleInfo.java:updateAndGet(143)) - bc4a541c-f62e-41d6-b4a1-614c81b276a8: start LeaderState
2020-05-07 00:41:29,863 [bc4a541c-f62e-41d6-b4a1-614c81b276a8@group-A95AED492FE6-LeaderElection18] INFO  segmented.SegmentedRaftLogWorker (SegmentedRaftLogWorker.java:startLogSegment(391)) - bc4a541c-f62e-41d6-b4a1-614c81b276a8@group-A95AED492FE6-SegmentedRaftLogWorker: Starting segment from index:0
2020-05-07 00:41:29,865 [bc4a541c-f62e-41d6-b4a1-614c81b276a8@group-A95AED492FE6-SegmentedRaftLogWorker] INFO  segmented.SegmentedRaftLogWorker (SegmentedRaftLogWorker.java:execute(583)) - bc4a541c-f62e-41d6-b4a1-614c81b276a8@group-A95AED492FE6-SegmentedRaftLogWorker: created new log segment /github/workspace/mnt/ozone/hadoop-ozone/integration-test/target/test-dir/MiniOzoneClusterImpl-4309656b-5406-4bc5-8c34-9a373aba7a4c/datanode-2/data/ratis/ff54650d-e088-4b12-a539-a95aed492fe6/current/log_inprogress_0
2020-05-07 00:41:29,875 [bc4a541c-f62e-41d6-b4a1-614c81b276a8@group-A95AED492FE6-LeaderElection18] INFO  impl.RaftServerImpl (ServerState.java:setRaftConf(356)) - bc4a541c-f62e-41d6-b4a1-614c81b276a8@group-A95AED492FE6: set configuration 0: [5d0655f0-c25b-473a-a070-0d978632f858:172.17.0.2:33731, bc4a541c-f62e-41d6-b4a1-614c81b276a8:172.17.0.2:44661, 43880261-676d-47ef-b311-3d20c3a92ec2:172.17.0.2:40753], old=null at 0
2020-05-07 00:41:29,888 [grpc-default-executor-6] INFO  ratis.XceiverServerRatis (XceiverServerRatis.java:handleLeaderChangedNotification(762)) - Leader change notification received for group: group-A95AED492FE6 with new leaderId: bc4a541c-f62e-41d6-b4a1-614c81b276a8
2020-05-07 00:41:29,888 [grpc-default-executor-6] INFO  impl.RaftServerImpl (ServerState.java:setLeader(255)) - 43880261-676d-47ef-b311-3d20c3a92ec2@group-A95AED492FE6: change Leader from null to bc4a541c-f62e-41d6-b4a1-614c81b276a8 at term 3 for appendEntries, leader elected after 4970ms
2020-05-07 00:41:29,892 [grpc-default-executor-6] INFO  impl.RaftServerImpl (ServerState.java:setRaftConf(356)) - 43880261-676d-47ef-b311-3d20c3a92ec2@group-A95AED492FE6: set configuration 0: [5d0655f0-c25b-473a-a070-0d978632f858:172.17.0.2:33731, bc4a541c-f62e-41d6-b4a1-614c81b276a8:172.17.0.2:44661, 43880261-676d-47ef-b311-3d20c3a92ec2:172.17.0.2:40753], old=null at 0
2020-05-07 00:41:29,895 [grpc-default-executor-6] INFO  segmented.SegmentedRaftLogWorker (SegmentedRaftLogWorker.java:truncate(407)) - 43880261-676d-47ef-b311-3d20c3a92ec2@group-A95AED492FE6-SegmentedRaftLogWorker: Truncating segments toTruncate: null
  toDelete: [(0, 0) isOpen? true, length=0, newEndIndex=-1], start index 0
2020-05-07 00:41:29,896 [grpc-default-executor-6] INFO  segmented.SegmentedRaftLogWorker (SegmentedRaftLogWorker.java:startLogSegment(391)) - 43880261-676d-47ef-b311-3d20c3a92ec2@group-A95AED492FE6-SegmentedRaftLogWorker: Starting segment from index:0
2020-05-07 00:41:29,897 [43880261-676d-47ef-b311-3d20c3a92ec2@group-A95AED492FE6-SegmentedRaftLogWorker] INFO  segmented.SegmentedRaftLogWorker (SegmentedRaftLogWorker.java:execute(650)) - 43880261-676d-47ef-b311-3d20c3a92ec2@group-A95AED492FE6-SegmentedRaftLogWorker: Deleted log file /github/workspace/mnt/ozone/hadoop-ozone/integration-test/target/test-dir/MiniOzoneClusterImpl-4309656b-5406-4bc5-8c34-9a373aba7a4c/datanode-1/data/ratis/ff54650d-e088-4b12-a539-a95aed492fe6/current/log_inprogress_0
2020-05-07 00:41:29,897 [43880261-676d-47ef-b311-3d20c3a92ec2@group-A95AED492FE6-SegmentedRaftLogWorker] INFO  segmented.SegmentedRaftLogWorker (SegmentedRaftLogWorker.java:lambda$new$0(129)) - 43880261-676d-47ef-b311-3d20c3a92ec2@group-A95AED492FE6-SegmentedRaftLogWorker: flushIndex: setUnconditionally 0 -> -1
2020-05-07 00:41:29,898 [grpc-default-executor-6] INFO  ratis.XceiverServerRatis (XceiverServerRatis.java:handleLeaderChangedNotification(762)) - Leader change notification received for group: group-A95AED492FE6 with new leaderId: bc4a541c-f62e-41d6-b4a1-614c81b276a8
2020-05-07 00:41:29,898 [grpc-default-executor-6] INFO  impl.RaftServerImpl (ServerState.java:setLeader(255)) - 5d0655f0-c25b-473a-a070-0d978632f858@group-A95AED492FE6: change Leader from null to bc4a541c-f62e-41d6-b4a1-614c81b276a8 at term 3 for appendEntries, leader elected after 10546ms
2020-05-07 00:41:29,899 [grpc-default-executor-6] INFO  impl.RaftServerImpl (ServerState.java:setRaftConf(356)) - 5d0655f0-c25b-473a-a070-0d978632f858@group-A95AED492FE6: set configuration 0: [5d0655f0-c25b-473a-a070-0d978632f858:172.17.0.2:33731, bc4a541c-f62e-41d6-b4a1-614c81b276a8:172.17.0.2:44661, 43880261-676d-47ef-b311-3d20c3a92ec2:172.17.0.2:40753], old=null at 0
2020-05-07 00:41:29,899 [grpc-default-executor-6] INFO  segmented.SegmentedRaftLogWorker (SegmentedRaftLogWorker.java:startLogSegment(391)) - 5d0655f0-c25b-473a-a070-0d978632f858@group-A95AED492FE6-SegmentedRaftLogWorker: Starting segment from index:0
2020-05-07 00:41:29,900 [5d0655f0-c25b-473a-a070-0d978632f858@group-A95AED492FE6-SegmentedRaftLogWorker] INFO  segmented.SegmentedRaftLogWorker (SegmentedRaftLogWorker.java:execute(583)) - 5d0655f0-c25b-473a-a070-0d978632f858@group-A95AED492FE6-SegmentedRaftLogWorker: created new log segment /github/workspace/mnt/ozone/hadoop-ozone/integration-test/target/test-dir/MiniOzoneClusterImpl-4309656b-5406-4bc5-8c34-9a373aba7a4c/datanode-0/data/ratis/ff54650d-e088-4b12-a539-a95aed492fe6/current/log_inprogress_0
2020-05-07 00:41:29,902 [43880261-676d-47ef-b311-3d20c3a92ec2@group-A95AED492FE6-SegmentedRaftLogWorker] INFO  segmented.SegmentedRaftLogWorker (SegmentedRaftLogWorker.java:execute(583)) - 43880261-676d-47ef-b311-3d20c3a92ec2@group-A95AED492FE6-SegmentedRaftLogWorker: created new log segment /github/workspace/mnt/ozone/hadoop-ozone/integration-test/target/test-dir/MiniOzoneClusterImpl-4309656b-5406-4bc5-8c34-9a373aba7a4c/datanode-1/data/ratis/ff54650d-e088-4b12-a539-a95aed492fe6/current/log_inprogress_0
2020-05-07 00:41:30,083 [Thread-363] INFO  impl.FollowerState (FollowerState.java:run(108)) - 5d663474-0ada-4287-b8f7-0a24fe94e308@group-9CE59A944174-FollowerState: change to CANDIDATE, lastRpcTime:5079ms, electionTimeout:5024ms
2020-05-07 00:41:30,083 [Thread-363] INFO  impl.RoleInfo (RoleInfo.java:shutdownFollowerState(121)) - 5d663474-0ada-4287-b8f7-0a24fe94e308: shutdown FollowerState
2020-05-07 00:41:30,083 [Thread-363] INFO  impl.RaftServerImpl (RaftServerImpl.java:setRole(173)) - 5d663474-0ada-4287-b8f7-0a24fe94e308@group-9CE59A944174: changes role from  FOLLOWER to CANDIDATE at term 1 for changeToCandidate
2020-05-07 00:41:30,083 [Thread-363] INFO  impl.RoleInfo (RoleInfo.java:updateAndGet(143)) - 5d663474-0ada-4287-b8f7-0a24fe94e308: start LeaderElection
2020-05-07 00:41:30,085 [5d663474-0ada-4287-b8f7-0a24fe94e308@group-9CE59A944174-LeaderElection19] INFO  impl.LeaderElection (LeaderElection.java:askForVotes(206)) - 5d663474-0ada-4287-b8f7-0a24fe94e308@group-9CE59A944174-LeaderElection19: begin an election at term 2 for -1: [5d663474-0ada-4287-b8f7-0a24fe94e308:172.17.0.2:40025, 9e8913a8-5d01-463b-9a0c-134b51b3452a:172.17.0.2:46069, c457d337-7f02-4320-835f-bb92d00a572c:172.17.0.2:38199], old=null
2020-05-07 00:41:30,090 [grpc-default-executor-6] INFO  impl.RaftServerImpl (RaftServerImpl.java:setRole(173)) - 9e8913a8-5d01-463b-9a0c-134b51b3452a@group-9CE59A944174: changes role from  FOLLOWER to FOLLOWER at term 2 for recognizeCandidate:5d663474-0ada-4287-b8f7-0a24fe94e308
2020-05-07 00:41:30,090 [grpc-default-executor-6] INFO  impl.RoleInfo (RoleInfo.java:shutdownFollowerState(121)) - 9e8913a8-5d01-463b-9a0c-134b51b3452a: shutdown FollowerState
2020-05-07 00:41:30,090 [grpc-default-executor-6] INFO  impl.RoleInfo (RoleInfo.java:updateAndGet(143)) - 9e8913a8-5d01-463b-9a0c-134b51b3452a: start FollowerState
2020-05-07 00:41:30,090 [Thread-367] INFO  impl.FollowerState (FollowerState.java:run(117)) - 9e8913a8-5d01-463b-9a0c-134b51b3452a@group-9CE59A944174-FollowerState was interrupted: java.lang.InterruptedException: sleep interrupted
2020-05-07 00:41:30,093 [5d663474-0ada-4287-b8f7-0a24fe94e308@group-9CE59A944174-LeaderElection19] INFO  impl.LeaderElection (LeaderElection.java:logAndReturn(61)) - 5d663474-0ada-4287-b8f7-0a24fe94e308@group-9CE59A944174-LeaderElection19: Election PASSED; received 1 response(s) [5d663474-0ada-4287-b8f7-0a24fe94e308<-9e8913a8-5d01-463b-9a0c-134b51b3452a#0:OK-t2] and 0 exception(s); 5d663474-0ada-4287-b8f7-0a24fe94e308@group-9CE59A944174:t2, leader=null, voted=5d663474-0ada-4287-b8f7-0a24fe94e308, raftlog=5d663474-0ada-4287-b8f7-0a24fe94e308@group-9CE59A944174-SegmentedRaftLog:OPENED:c-1,f-1,i0, conf=-1: [5d663474-0ada-4287-b8f7-0a24fe94e308:172.17.0.2:40025, 9e8913a8-5d01-463b-9a0c-134b51b3452a:172.17.0.2:46069, c457d337-7f02-4320-835f-bb92d00a572c:172.17.0.2:38199], old=null
2020-05-07 00:41:30,093 [5d663474-0ada-4287-b8f7-0a24fe94e308@group-9CE59A944174-LeaderElection19] INFO  impl.RoleInfo (RoleInfo.java:shutdownLeaderElection(134)) - 5d663474-0ada-4287-b8f7-0a24fe94e308: shutdown LeaderElection
2020-05-07 00:41:30,093 [5d663474-0ada-4287-b8f7-0a24fe94e308@group-9CE59A944174-LeaderElection19] INFO  impl.RaftServerImpl (RaftServerImpl.java:setRole(173)) - 5d663474-0ada-4287-b8f7-0a24fe94e308@group-9CE59A944174: changes role from CANDIDATE to LEADER at term 2 for changeToLeader
2020-05-07 00:41:30,093 [5d663474-0ada-4287-b8f7-0a24fe94e308@group-9CE59A944174-LeaderElection19] INFO  ratis.XceiverServerRatis (XceiverServerRatis.java:handleLeaderChangedNotification(762)) - Leader change notification received for group: group-9CE59A944174 with new leaderId: 5d663474-0ada-4287-b8f7-0a24fe94e308
2020-05-07 00:41:30,093 [5d663474-0ada-4287-b8f7-0a24fe94e308@group-9CE59A944174-LeaderElection19] INFO  impl.RaftServerImpl (ServerState.java:setLeader(255)) - 5d663474-0ada-4287-b8f7-0a24fe94e308@group-9CE59A944174: change Leader from null to 5d663474-0ada-4287-b8f7-0a24fe94e308 at term 2 for becomeLeader, leader elected after 10569ms
2020-05-07 00:41:30,093 [5d663474-0ada-4287-b8f7-0a24fe94e308@group-9CE59A944174-LeaderElection19] INFO  server.RaftServerConfigKeys (ConfUtils.java:logGet(44)) - raft.server.staging.catchup.gap = 1000 (default)
2020-05-07 00:41:30,093 [5d663474-0ada-4287-b8f7-0a24fe94e308@group-9CE59A944174-LeaderElection19] INFO  server.RaftServerConfigKeys (ConfUtils.java:logGet(44)) - raft.server.rpc.sleep.time = 25ms (default)
2020-05-07 00:41:30,093 [5d663474-0ada-4287-b8f7-0a24fe94e308@group-9CE59A944174-LeaderElection19] INFO  metrics.RatisMetrics (RatisMetrics.java:lambda$create$0(39)) - Creating Metrics Registry : ratis.log_appender.5d663474-0ada-4287-b8f7-0a24fe94e308@group-9CE59A944174
2020-05-07 00:41:30,094 [5d663474-0ada-4287-b8f7-0a24fe94e308@group-9CE59A944174-LeaderElection19] INFO  server.RaftServerConfigKeys (ConfUtils.java:logGet(44)) - raft.server.write.element-limit = 1024 (custom)
2020-05-07 00:41:30,094 [5d663474-0ada-4287-b8f7-0a24fe94e308@group-9CE59A944174-LeaderElection19] INFO  server.RaftServerConfigKeys (ConfUtils.java:logGet(44)) - raft.server.write.byte-limit = 1073741824 (custom)
2020-05-07 00:41:30,094 [5d663474-0ada-4287-b8f7-0a24fe94e308@group-9CE59A944174-LeaderElection19] INFO  server.RaftServerConfigKeys (ConfUtils.java:logGet(44)) - raft.server.watch.timeout = 180s (custom)
2020-05-07 00:41:30,094 [5d663474-0ada-4287-b8f7-0a24fe94e308@group-9CE59A944174-LeaderElection19] INFO  server.RaftServerConfigKeys (ConfUtils.java:logGet(44)) - raft.server.watch.timeout.denomination = 1s (default)
2020-05-07 00:41:30,094 [5d663474-0ada-4287-b8f7-0a24fe94e308@group-9CE59A944174-LeaderElection19] INFO  server.RaftServerConfigKeys (ConfUtils.java:logGet(44)) - raft.server.watch.element-limit = 65536 (default)
2020-05-07 00:41:30,095 [5d663474-0ada-4287-b8f7-0a24fe94e308@group-9CE59A944174-LeaderElection19] INFO  server.RaftServerConfigKeys (ConfUtils.java:logGet(44)) - raft.server.log.appender.snapshot.chunk.size.max = 16MB (=16777216) (default)
2020-05-07 00:41:30,095 [5d663474-0ada-4287-b8f7-0a24fe94e308@group-9CE59A944174-LeaderElection19] INFO  server.RaftServerConfigKeys (ConfUtils.java:logGet(44)) - raft.server.log.appender.buffer.byte-limit = 33554432 (custom)
2020-05-07 00:41:30,095 [5d663474-0ada-4287-b8f7-0a24fe94e308@group-9CE59A944174-LeaderElection19] INFO  server.RaftServerConfigKeys (ConfUtils.java:logGet(44)) - raft.server.log.appender.buffer.element-limit = 1 (custom)
2020-05-07 00:41:30,095 [5d663474-0ada-4287-b8f7-0a24fe94e308@group-9CE59A944174-LeaderElection19] INFO  grpc.GrpcConfigKeys (ConfUtils.java:logGet(44)) - raft.grpc.server.leader.outstanding.appends.max = 128 (default)
2020-05-07 00:41:30,095 [5d663474-0ada-4287-b8f7-0a24fe94e308@group-9CE59A944174-LeaderElection19] INFO  server.RaftServerConfigKeys (ConfUtils.java:logGet(44)) - raft.server.rpc.request.timeout = 60s (custom)
2020-05-07 00:41:30,095 [5d663474-0ada-4287-b8f7-0a24fe94e308@group-9CE59A944174-LeaderElection19] INFO  server.RaftServerConfigKeys (ConfUtils.java:logGet(44)) - raft.server.log.appender.install.snapshot.enabled = false (custom)
2020-05-07 00:41:30,096 [5d663474-0ada-4287-b8f7-0a24fe94e308@group-9CE59A944174-LeaderElection19] INFO  server.RaftServerConfigKeys (ConfUtils.java:logGet(44)) - raft.server.log.appender.snapshot.chunk.size.max = 16MB (=16777216) (default)
2020-05-07 00:41:30,096 [5d663474-0ada-4287-b8f7-0a24fe94e308@group-9CE59A944174-LeaderElection19] INFO  server.RaftServerConfigKeys (ConfUtils.java:logGet(44)) - raft.server.log.appender.buffer.byte-limit = 33554432 (custom)
2020-05-07 00:41:30,096 [5d663474-0ada-4287-b8f7-0a24fe94e308@group-9CE59A944174-LeaderElection19] INFO  server.RaftServerConfigKeys (ConfUtils.java:logGet(44)) - raft.server.log.appender.buffer.element-limit = 1 (custom)
2020-05-07 00:41:30,096 [5d663474-0ada-4287-b8f7-0a24fe94e308@group-9CE59A944174-LeaderElection19] INFO  grpc.GrpcConfigKeys (ConfUtils.java:logGet(44)) - raft.grpc.server.leader.outstanding.appends.max = 128 (default)
2020-05-07 00:41:30,096 [5d663474-0ada-4287-b8f7-0a24fe94e308@group-9CE59A944174-LeaderElection19] INFO  server.RaftServerConfigKeys (ConfUtils.java:logGet(44)) - raft.server.rpc.request.timeout = 60s (custom)
2020-05-07 00:41:30,096 [5d663474-0ada-4287-b8f7-0a24fe94e308@group-9CE59A944174-LeaderElection19] INFO  server.RaftServerConfigKeys (ConfUtils.java:logGet(44)) - raft.server.log.appender.install.snapshot.enabled = false (custom)
2020-05-07 00:41:30,097 [5d663474-0ada-4287-b8f7-0a24fe94e308@group-9CE59A944174-LeaderElection19] INFO  impl.RoleInfo (RoleInfo.java:updateAndGet(143)) - 5d663474-0ada-4287-b8f7-0a24fe94e308: start LeaderState
2020-05-07 00:41:30,099 [grpc-default-executor-6] INFO  impl.RaftServerImpl (RaftServerImpl.java:setRole(173)) - c457d337-7f02-4320-835f-bb92d00a572c@group-9CE59A944174: changes role from  FOLLOWER to FOLLOWER at term 2 for recognizeCandidate:5d663474-0ada-4287-b8f7-0a24fe94e308
2020-05-07 00:41:30,101 [5d663474-0ada-4287-b8f7-0a24fe94e308@group-9CE59A944174-LeaderElection19] INFO  segmented.SegmentedRaftLogWorker (SegmentedRaftLogWorker.java:startLogSegment(391)) - 5d663474-0ada-4287-b8f7-0a24fe94e308@group-9CE59A944174-SegmentedRaftLogWorker: Starting segment from index:0
2020-05-07 00:41:30,102 [EventQueue-PipelineReportForPipelineReportHandler] INFO  pipeline.PipelineStateManager (PipelineStateManager.java:openPipeline(131)) - Pipeline Pipeline[ Id: 78719136-ff1e-4bef-a11d-9ce59a944174, Nodes: 5d663474-0ada-4287-b8f7-0a24fe94e308{ip: 172.17.0.2, host: 7fe1756622b5, networkLocation: /default-rack, certSerialId: null}9e8913a8-5d01-463b-9a0c-134b51b3452a{ip: 172.17.0.2, host: 7fe1756622b5, networkLocation: /default-rack, certSerialId: null}c457d337-7f02-4320-835f-bb92d00a572c{ip: 172.17.0.2, host: 7fe1756622b5, networkLocation: /default-rack, certSerialId: null}, Type:RATIS, Factor:THREE, State:ALLOCATED, leaderId:5d663474-0ada-4287-b8f7-0a24fe94e308, CreationTimestamp2020-05-07T00:41:16.623Z] moved to OPEN state
2020-05-07 00:41:30,101 [grpc-default-executor-6] INFO  impl.RoleInfo (RoleInfo.java:shutdownFollowerState(121)) - c457d337-7f02-4320-835f-bb92d00a572c: shutdown FollowerState
2020-05-07 00:41:30,104 [grpc-default-executor-6] INFO  impl.RoleInfo (RoleInfo.java:updateAndGet(143)) - c457d337-7f02-4320-835f-bb92d00a572c: start FollowerState
2020-05-07 00:41:30,104 [Thread-364] INFO  impl.FollowerState (FollowerState.java:run(117)) - c457d337-7f02-4320-835f-bb92d00a572c@group-9CE59A944174-FollowerState was interrupted: java.lang.InterruptedException: sleep interrupted
2020-05-07 00:41:30,121 [5d663474-0ada-4287-b8f7-0a24fe94e308@group-9CE59A944174-SegmentedRaftLogWorker] INFO  segmented.SegmentedRaftLogWorker (SegmentedRaftLogWorker.java:execute(583)) - 5d663474-0ada-4287-b8f7-0a24fe94e308@group-9CE59A944174-SegmentedRaftLogWorker: created new log segment /github/workspace/mnt/ozone/hadoop-ozone/integration-test/target/test-dir/MiniOzoneClusterImpl-4309656b-5406-4bc5-8c34-9a373aba7a4c/datanode-3/data/ratis/78719136-ff1e-4bef-a11d-9ce59a944174/current/log_inprogress_0
2020-05-07 00:41:30,127 [grpc-default-executor-7] INFO  ratis.XceiverServerRatis (XceiverServerRatis.java:handleLeaderChangedNotification(762)) - Leader change notification received for group: group-9CE59A944174 with new leaderId: 5d663474-0ada-4287-b8f7-0a24fe94e308
2020-05-07 00:41:30,127 [grpc-default-executor-7] INFO  impl.RaftServerImpl (ServerState.java:setLeader(255)) - 9e8913a8-5d01-463b-9a0c-134b51b3452a@group-9CE59A944174: change Leader from null to 5d663474-0ada-4287-b8f7-0a24fe94e308 at term 2 for appendEntries, leader elected after 10405ms
2020-05-07 00:41:30,128 [5d663474-0ada-4287-b8f7-0a24fe94e308@group-9CE59A944174-LeaderElection19] INFO  impl.RaftServerImpl (ServerState.java:setRaftConf(356)) - 5d663474-0ada-4287-b8f7-0a24fe94e308@group-9CE59A944174: set configuration 0: [5d663474-0ada-4287-b8f7-0a24fe94e308:172.17.0.2:40025, 9e8913a8-5d01-463b-9a0c-134b51b3452a:172.17.0.2:46069, c457d337-7f02-4320-835f-bb92d00a572c:172.17.0.2:38199], old=null at 0
2020-05-07 00:41:30,134 [grpc-default-executor-7] INFO  impl.RaftServerImpl (ServerState.java:setRaftConf(356)) - 9e8913a8-5d01-463b-9a0c-134b51b3452a@group-9CE59A944174: set configuration 0: [5d663474-0ada-4287-b8f7-0a24fe94e308:172.17.0.2:40025, 9e8913a8-5d01-463b-9a0c-134b51b3452a:172.17.0.2:46069, c457d337-7f02-4320-835f-bb92d00a572c:172.17.0.2:38199], old=null at 0
2020-05-07 00:41:30,134 [grpc-default-executor-7] INFO  segmented.SegmentedRaftLogWorker (SegmentedRaftLogWorker.java:startLogSegment(391)) - 9e8913a8-5d01-463b-9a0c-134b51b3452a@group-9CE59A944174-SegmentedRaftLogWorker: Starting segment from index:0
2020-05-07 00:41:30,145 [9e8913a8-5d01-463b-9a0c-134b51b3452a@group-9CE59A944174-SegmentedRaftLogWorker] INFO  segmented.SegmentedRaftLogWorker (SegmentedRaftLogWorker.java:execute(583)) - 9e8913a8-5d01-463b-9a0c-134b51b3452a@group-9CE59A944174-SegmentedRaftLogWorker: created new log segment /github/workspace/mnt/ozone/hadoop-ozone/integration-test/target/test-dir/MiniOzoneClusterImpl-4309656b-5406-4bc5-8c34-9a373aba7a4c/datanode-5/data/ratis/78719136-ff1e-4bef-a11d-9ce59a944174/current/log_inprogress_0
2020-05-07 00:41:30,148 [grpc-default-executor-7] INFO  ratis.XceiverServerRatis (XceiverServerRatis.java:handleLeaderChangedNotification(762)) - Leader change notification received for group: group-9CE59A944174 with new leaderId: 5d663474-0ada-4287-b8f7-0a24fe94e308
2020-05-07 00:41:30,148 [grpc-default-executor-7] INFO  impl.RaftServerImpl (ServerState.java:setLeader(255)) - c457d337-7f02-4320-835f-bb92d00a572c@group-9CE59A944174: change Leader from null to 5d663474-0ada-4287-b8f7-0a24fe94e308 at term 2 for appendEntries, leader elected after 10526ms
2020-05-07 00:41:30,149 [grpc-default-executor-6] INFO  impl.RaftServerImpl (ServerState.java:setRaftConf(356)) - c457d337-7f02-4320-835f-bb92d00a572c@group-9CE59A944174: set configuration 0: [5d663474-0ada-4287-b8f7-0a24fe94e308:172.17.0.2:40025, 9e8913a8-5d01-463b-9a0c-134b51b3452a:172.17.0.2:46069, c457d337-7f02-4320-835f-bb92d00a572c:172.17.0.2:38199], old=null at 0
2020-05-07 00:41:30,150 [grpc-default-executor-6] INFO  segmented.SegmentedRaftLogWorker (SegmentedRaftLogWorker.java:startLogSegment(391)) - c457d337-7f02-4320-835f-bb92d00a572c@group-9CE59A944174-SegmentedRaftLogWorker: Starting segment from index:0
2020-05-07 00:41:30,151 [c457d337-7f02-4320-835f-bb92d00a572c@group-9CE59A944174-SegmentedRaftLogWorker] INFO  segmented.SegmentedRaftLogWorker (SegmentedRaftLogWorker.java:execute(583)) - c457d337-7f02-4320-835f-bb92d00a572c@group-9CE59A944174-SegmentedRaftLogWorker: created new log segment /github/workspace/mnt/ozone/hadoop-ozone/integration-test/target/test-dir/MiniOzoneClusterImpl-4309656b-5406-4bc5-8c34-9a373aba7a4c/datanode-4/data/ratis/78719136-ff1e-4bef-a11d-9ce59a944174/current/log_inprogress_0
2020-05-07 00:41:31,667 [Datanode State Machine Thread - 0] INFO  statemachine.DatanodeStateMachine (DatanodeStateMachine.java:lambda$startDaemon$0(376)) - Ozone container server started.
2020-05-07 00:41:35,841 [main] INFO  ozoneimpl.OzoneContainer (OzoneContainer.java:stop(246)) - Attempting to stop container services.
2020-05-07 00:41:35,842 [main] INFO  impl.RaftServerProxy (RaftServerProxy.java:lambda$close$4(314)) - 43880261-676d-47ef-b311-3d20c3a92ec2: close
2020-05-07 00:41:35,844 [main] INFO  impl.RaftServerImpl (RaftServerImpl.java:lambda$shutdown$3(250)) - 43880261-676d-47ef-b311-3d20c3a92ec2@group-E7FD9EEDCCCF: shutdown
2020-05-07 00:41:35,844 [main] INFO  util.JmxRegister (JmxRegister.java:unregister(73)) - Successfully un-registered JMX Bean with object name Ratis:service=RaftServer,group=group-E7FD9EEDCCCF,id=43880261-676d-47ef-b311-3d20c3a92ec2
2020-05-07 00:41:35,844 [main] INFO  impl.RoleInfo (RoleInfo.java:shutdownLeaderState(104)) - 43880261-676d-47ef-b311-3d20c3a92ec2: shutdown LeaderState
2020-05-07 00:41:35,844 [main] INFO  impl.PendingRequests (PendingRequests.java:sendNotLeaderResponses(242)) - 43880261-676d-47ef-b311-3d20c3a92ec2@group-E7FD9EEDCCCF-PendingRequests: sendNotLeaderResponses
2020-05-07 00:41:35,846 [main] INFO  metrics.RatisMetrics (RatisMetrics.java:unregister(46)) - Unregistering Metrics Registry : ratis.log_appender.43880261-676d-47ef-b311-3d20c3a92ec2@group-E7FD9EEDCCCF
2020-05-07 00:41:35,846 [main] INFO  impl.StateMachineUpdater (StateMachineUpdater.java:stopAndJoin(142)) - 43880261-676d-47ef-b311-3d20c3a92ec2@group-E7FD9EEDCCCF-StateMachineUpdater: set stopIndex = 0
2020-05-07 00:41:35,846 [43880261-676d-47ef-b311-3d20c3a92ec2@group-E7FD9EEDCCCF-StateMachineUpdater] INFO  ratis.ContainerStateMachine (ContainerStateMachine.java:takeSnapshot(288)) - group-E7FD9EEDCCCF: Taking a snapshot at:(t:1, i:0) file /github/workspace/mnt/ozone/hadoop-ozone/integration-test/target/test-dir/MiniOzoneClusterImpl-4309656b-5406-4bc5-8c34-9a373aba7a4c/datanode-1/data/ratis/2ea9165f-7964-4dcf-90b9-e7fd9eedcccf/sm/snapshot.1_0
2020-05-07 00:41:35,860 [43880261-676d-47ef-b311-3d20c3a92ec2@group-E7FD9EEDCCCF-StateMachineUpdater] INFO  ratis.ContainerStateMachine (ContainerStateMachine.java:takeSnapshot(299)) - group-E7FD9EEDCCCF: Finished taking a snapshot at:(t:1, i:0) file:/github/workspace/mnt/ozone/hadoop-ozone/integration-test/target/test-dir/MiniOzoneClusterImpl-4309656b-5406-4bc5-8c34-9a373aba7a4c/datanode-1/data/ratis/2ea9165f-7964-4dcf-90b9-e7fd9eedcccf/sm/snapshot.1_0 time:14
2020-05-07 00:41:35,863 [43880261-676d-47ef-b311-3d20c3a92ec2@group-E7FD9EEDCCCF-StateMachineUpdater] INFO  impl.StateMachineUpdater (StateMachineUpdater.java:takeSnapshot(277)) - 43880261-676d-47ef-b311-3d20c3a92ec2@group-E7FD9EEDCCCF-StateMachineUpdater: Took a snapshot at index 0
2020-05-07 00:41:35,864 [43880261-676d-47ef-b311-3d20c3a92ec2@group-E7FD9EEDCCCF-StateMachineUpdater] INFO  impl.StateMachineUpdater (StateMachineUpdater.java:lambda$new$0(87)) - 43880261-676d-47ef-b311-3d20c3a92ec2@group-E7FD9EEDCCCF-StateMachineUpdater: snapshotIndex: updateIncreasingly -1 -> 0
2020-05-07 00:41:35,868 [43880261-676d-47ef-b311-3d20c3a92ec2@group-E7FD9EEDCCCF-StateMachineUpdater] INFO  metrics.RatisMetrics (RatisMetrics.java:unregister(46)) - Unregistering Metrics Registry : ratis.state_machine.43880261-676d-47ef-b311-3d20c3a92ec2@group-E7FD9EEDCCCF
2020-05-07 00:41:35,868 [main] INFO  impl.RaftServerImpl (ServerState.java:close(387)) - 43880261-676d-47ef-b311-3d20c3a92ec2@group-E7FD9EEDCCCF: closes. applyIndex: 0
2020-05-07 00:41:35,869 [43880261-676d-47ef-b311-3d20c3a92ec2@group-E7FD9EEDCCCF-SegmentedRaftLogWorker] INFO  segmented.SegmentedRaftLogWorker (SegmentedRaftLogWorker.java:run(321)) - 43880261-676d-47ef-b311-3d20c3a92ec2@group-E7FD9EEDCCCF-SegmentedRaftLogWorker was interrupted, exiting. There are 0 tasks remaining in the queue.
2020-05-07 00:41:35,870 [main] INFO  segmented.SegmentedRaftLogWorker (SegmentedRaftLogWorker.java:close(229)) - 43880261-676d-47ef-b311-3d20c3a92ec2@group-E7FD9EEDCCCF-SegmentedRaftLogWorker close()
2020-05-07 00:41:35,872 [main] INFO  metrics.RatisMetrics (RatisMetrics.java:unregister(46)) - Unregistering Metrics Registry : ratis.log_worker.43880261-676d-47ef-b311-3d20c3a92ec2
2020-05-07 00:41:35,872 [main] INFO  metrics.RatisMetrics (RatisMetrics.java:unregister(46)) - Unregistering Metrics Registry : ratis.leader_election.43880261-676d-47ef-b311-3d20c3a92ec2@group-E7FD9EEDCCCF
2020-05-07 00:41:35,872 [main] INFO  metrics.RatisMetrics (RatisMetrics.java:unregister(46)) - Unregistering Metrics Registry : ratis.server.43880261-676d-47ef-b311-3d20c3a92ec2@group-E7FD9EEDCCCF
2020-05-07 00:41:35,872 [main] INFO  impl.RaftServerImpl (RaftServerImpl.java:lambda$shutdown$3(250)) - 43880261-676d-47ef-b311-3d20c3a92ec2@group-A95AED492FE6: shutdown
2020-05-07 00:41:35,872 [main] INFO  util.JmxRegister (JmxRegister.java:unregister(73)) - Successfully un-registered JMX Bean with object name Ratis:service=RaftServer,group=group-A95AED492FE6,id=43880261-676d-47ef-b311-3d20c3a92ec2
2020-05-07 00:41:35,873 [main] INFO  impl.RoleInfo (RoleInfo.java:shutdownFollowerState(121)) - 43880261-676d-47ef-b311-3d20c3a92ec2: shutdown FollowerState
2020-05-07 00:41:35,873 [Thread-406] INFO  impl.FollowerState (FollowerState.java:run(117)) - 43880261-676d-47ef-b311-3d20c3a92ec2@group-A95AED492FE6-FollowerState was interrupted: java.lang.InterruptedException: sleep interrupted
2020-05-07 00:41:35,874 [43880261-676d-47ef-b311-3d20c3a92ec2@group-A95AED492FE6-StateMachineUpdater] INFO  ratis.ContainerStateMachine (ContainerStateMachine.java:takeSnapshot(288)) - group-A95AED492FE6: Taking a snapshot at:(t:3, i:4) file /github/workspace/mnt/ozone/hadoop-ozone/integration-test/target/test-dir/MiniOzoneClusterImpl-4309656b-5406-4bc5-8c34-9a373aba7a4c/datanode-1/data/ratis/ff54650d-e088-4b12-a539-a95aed492fe6/sm/snapshot.3_4
2020-05-07 00:41:35,877 [main] INFO  impl.StateMachineUpdater (StateMachineUpdater.java:stopAndJoin(142)) - 43880261-676d-47ef-b311-3d20c3a92ec2@group-A95AED492FE6-StateMachineUpdater: set stopIndex = 4
2020-05-07 00:41:35,878 [43880261-676d-47ef-b311-3d20c3a92ec2@group-A95AED492FE6-StateMachineUpdater] INFO  ratis.ContainerStateMachine (ContainerStateMachine.java:takeSnapshot(299)) - group-A95AED492FE6: Finished taking a snapshot at:(t:3, i:4) file:/github/workspace/mnt/ozone/hadoop-ozone/integration-test/target/test-dir/MiniOzoneClusterImpl-4309656b-5406-4bc5-8c34-9a373aba7a4c/datanode-1/data/ratis/ff54650d-e088-4b12-a539-a95aed492fe6/sm/snapshot.3_4 time:5
2020-05-07 00:41:35,878 [43880261-676d-47ef-b311-3d20c3a92ec2@group-A95AED492FE6-StateMachineUpdater] INFO  impl.StateMachineUpdater (StateMachineUpdater.java:takeSnapshot(277)) - 43880261-676d-47ef-b311-3d20c3a92ec2@group-A95AED492FE6-StateMachineUpdater: Took a snapshot at index 4
2020-05-07 00:41:35,878 [43880261-676d-47ef-b311-3d20c3a92ec2@group-A95AED492FE6-StateMachineUpdater] INFO  impl.StateMachineUpdater (StateMachineUpdater.java:lambda$new$0(87)) - 43880261-676d-47ef-b311-3d20c3a92ec2@group-A95AED492FE6-StateMachineUpdater: snapshotIndex: updateIncreasingly -1 -> 4
2020-05-07 00:41:35,879 [43880261-676d-47ef-b311-3d20c3a92ec2@group-A95AED492FE6-StateMachineUpdater] INFO  metrics.RatisMetrics (RatisMetrics.java:unregister(46)) - Unregistering Metrics Registry : ratis.state_machine.43880261-676d-47ef-b311-3d20c3a92ec2@group-A95AED492FE6
2020-05-07 00:41:35,879 [main] INFO  impl.RaftServerImpl (ServerState.java:close(387)) - 43880261-676d-47ef-b311-3d20c3a92ec2@group-A95AED492FE6: closes. applyIndex: 4
2020-05-07 00:41:35,879 [43880261-676d-47ef-b311-3d20c3a92ec2@group-A95AED492FE6-SegmentedRaftLogWorker] INFO  segmented.SegmentedRaftLogWorker (SegmentedRaftLogWorker.java:run(321)) - 43880261-676d-47ef-b311-3d20c3a92ec2@group-A95AED492FE6-SegmentedRaftLogWorker was interrupted, exiting. There are 0 tasks remaining in the queue.
2020-05-07 00:41:35,880 [main] INFO  segmented.SegmentedRaftLogWorker (SegmentedRaftLogWorker.java:close(229)) - 43880261-676d-47ef-b311-3d20c3a92ec2@group-A95AED492FE6-SegmentedRaftLogWorker close()
2020-05-07 00:41:35,881 [main] INFO  metrics.RatisMetrics (RatisMetrics.java:unregister(46)) - Unregistering Metrics Registry : ratis.log_worker.43880261-676d-47ef-b311-3d20c3a92ec2
2020-05-07 00:41:35,881 [main] INFO  metrics.RatisMetrics (RatisMetrics.java:unregister(46)) - Unregistering Metrics Registry : ratis.leader_election.43880261-676d-47ef-b311-3d20c3a92ec2@group-A95AED492FE6
2020-05-07 00:41:35,881 [main] INFO  metrics.RatisMetrics (RatisMetrics.java:unregister(46)) - Unregistering Metrics Registry : ratis.server.43880261-676d-47ef-b311-3d20c3a92ec2@group-A95AED492FE6
2020-05-07 00:41:35,882 [main] INFO  server.GrpcService (GrpcService.java:closeImpl(165)) - 43880261-676d-47ef-b311-3d20c3a92ec2: shutdown server with port 40753 now
2020-05-07 00:41:35,887 [grpc-default-executor-7] WARN  server.GrpcServerProtocolService (LogUtils.java:warn(122)) - 43880261-676d-47ef-b311-3d20c3a92ec2: installSnapshot onError, lastRequest: bc4a541c-f62e-41d6-b4a1-614c81b276a8->43880261-676d-47ef-b311-3d20c3a92ec2#5-t3, previous=(t:3, i:3), leaderCommit=2, initializing? false, entries: size=1, first=(t:3, i:4), METADATAENTRY(c:2): org.apache.ratis.thirdparty.io.grpc.StatusRuntimeException: CANCELLED: cancelled before receiving half close
2020-05-07 00:41:35,888 [main] INFO  server.GrpcService (GrpcService.java:closeImpl(173)) - 43880261-676d-47ef-b311-3d20c3a92ec2: shutdown server with port 40753 successfully
2020-05-07 00:41:35,896 [grpc-default-executor-6] WARN  server.GrpcLogAppender (LogUtils.java:warn(122)) - bc4a541c-f62e-41d6-b4a1-614c81b276a8@group-A95AED492FE6->43880261-676d-47ef-b311-3d20c3a92ec2-AppendLogResponseHandler: Failed appendEntries: org.apache.ratis.thirdparty.io.grpc.StatusRuntimeException: CANCELLED: HTTP/2 error code: CANCEL
Received Rst Stream
2020-05-07 00:41:35,897 [grpc-default-executor-6] INFO  impl.FollowerInfo (FollowerInfo.java:lambda$new$0(50)) - bc4a541c-f62e-41d6-b4a1-614c81b276a8@group-A95AED492FE6->43880261-676d-47ef-b311-3d20c3a92ec2: nextIndex: updateUnconditionally 5 -> 4
2020-05-07 00:41:35,912 [main] INFO  utils.BackgroundService (BackgroundService.java:shutdown(157)) - Shutting down service BlockDeletingService
2020-05-07 00:41:35,915 [main] INFO  statemachine.DatanodeStateMachine (DatanodeStateMachine.java:stopDaemon(424)) - Ozone container server stopped.
2020-05-07 00:41:35,919 [main] INFO  handler.ContextHandler (ContextHandler.java:doStop(1016)) - Stopped o.e.j.w.WebAppContext@7d2b3933{hddsDatanode,/,null,UNAVAILABLE}{jar:file:/home/user/.m2/repository/org/apache/hadoop/hadoop-hdds-container-service/0.6.0-SNAPSHOT/hadoop-hdds-container-service-0.6.0-SNAPSHOT.jar!/webapps/hddsDatanode}
2020-05-07 00:41:35,925 [main] INFO  server.AbstractConnector (AbstractConnector.java:doStop(380)) - Stopped ServerConnector@1c3b4cb{HTTP/1.1,[http/1.1]}{0.0.0.0:0}
2020-05-07 00:41:35,925 [main] INFO  server.session (HouseKeeper.java:stopScavenging(158)) - node0 Stopped scavenging
2020-05-07 00:41:35,925 [main] INFO  handler.ContextHandler (ContextHandler.java:doStop(1016)) - Stopped o.e.j.s.ServletContextHandler@51b360bf{static,/static,jar:file:/home/user/.m2/repository/org/apache/hadoop/hadoop-hdds-container-service/0.6.0-SNAPSHOT/hadoop-hdds-container-service-0.6.0-SNAPSHOT.jar!/webapps/static,UNAVAILABLE}
2020-05-07 00:41:35,926 [main] INFO  handler.ContextHandler (ContextHandler.java:doStop(1016)) - Stopped o.e.j.s.ServletContextHandler@539d0da2{logs,/logs,file:///github/workspace/mnt/ozone/hadoop-ozone/integration-test/target/log,UNAVAILABLE}
]]></system-out>
    <system-err><![CDATA[ERROR StatusLogger No Log4j 2 configuration file found. Using default configuration (logging only errors to the console), or user programmatically provided configurations. Set system property 'log4j2.debug' to show Log4j 2 internal initialization logging. See https://logging.apache.org/log4j/2.x/manual/configuration.html for instructions on how to configure Log4j 2
May 07, 2020 12:41:35 AM org.apache.ratis.thirdparty.io.grpc.internal.SerializingExecutor run
SEVERE: Exception while executing runnable org.apache.ratis.thirdparty.io.grpc.internal.ServerImpl$JumpToApplicationThreadServerStreamListener$1Closed@749b1bd1
org.apache.ratis.thirdparty.io.grpc.StatusRuntimeException: CANCELLED: call already cancelled
	at org.apache.ratis.thirdparty.io.grpc.Status.asRuntimeException(Status.java:524)
	at org.apache.ratis.thirdparty.io.grpc.stub.ServerCalls$ServerCallStreamObserverImpl.onCompleted(ServerCalls.java:368)
	at org.apache.ratis.grpc.server.GrpcServerProtocolService$ServerRequestStreamObserver.onError(GrpcServerProtocolService.java:145)
	at org.apache.ratis.thirdparty.io.grpc.stub.ServerCalls$StreamingServerCallHandler$StreamingServerCallListener.onCancel(ServerCalls.java:272)
	at org.apache.ratis.thirdparty.io.grpc.internal.ServerCallImpl$ServerStreamListenerImpl.closedInternal(ServerCallImpl.java:353)
	at org.apache.ratis.thirdparty.io.grpc.internal.ServerCallImpl$ServerStreamListenerImpl.closed(ServerCallImpl.java:341)
	at org.apache.ratis.thirdparty.io.grpc.internal.ServerImpl$JumpToApplicationThreadServerStreamListener$1Closed.runInContext(ServerImpl.java:867)
	at org.apache.ratis.thirdparty.io.grpc.internal.ContextRunnable.run(ContextRunnable.java:37)
	at org.apache.ratis.thirdparty.io.grpc.internal.SerializingExecutor.run(SerializingExecutor.java:123)
	at java.util.concurrent.ThreadPoolExecutor.runWorker(ThreadPoolExecutor.java:1149)
	at java.util.concurrent.ThreadPoolExecutor$Worker.run(ThreadPoolExecutor.java:624)
	at java.lang.Thread.run(Thread.java:748)

]]></system-err>
  </testcase>
</testsuite>