<?xml version="1.0" encoding="UTF-8"?>
<testsuite xmlns:xsi="http://www.w3.org/2001/XMLSchema-instance" xsi:noNamespaceSchemaLocation="https://maven.apache.org/surefire/maven-surefire-plugin/xsd/surefire-test-report-3.0.xsd" version="3.0" name="org.apache.hadoop.hdds.scm.pipeline.TestRatisPipelineCreateAndDestroy" time="152.317" tests="3" errors="1" skipped="0" failures="0">
  <properties>
    <property name="awt.toolkit" value="sun.awt.X11.XToolkit"/>
    <property name="file.encoding.pkg" value="sun.io"/>
    <property name="java.specification.version" value="1.8"/>
    <property name="sun.cpu.isalist" value=""/>
    <property name="sun.jnu.encoding" value="UTF-8"/>
    <property name="java.class.path" value="/home/runner/work/ozone/ozone/hadoop-ozone/integration-test/target/test-classes:/home/runner/work/ozone/ozone/hadoop-ozone/integration-test/target/classes:/home/runner/.m2/repository/org/apache/ozone/ozone-common/1.3.0-SNAPSHOT/ozone-common-1.3.0-SNAPSHOT.jar:/home/runner/.m2/repository/io/grpc/grpc-netty/1.48.1/grpc-netty-1.48.1.jar:/home/runner/.m2/repository/io/grpc/grpc-core/1.48.1/grpc-core-1.48.1.jar:/home/runner/.m2/repository/com/google/android/annotations/4.1.1.4/annotations-4.1.1.4.jar:/home/runner/.m2/repository/org/codehaus/mojo/animal-sniffer-annotations/1.21/animal-sniffer-annotations-1.21.jar:/home/runner/.m2/repository/com/google/errorprone/error_prone_annotations/2.2.0/error_prone_annotations-2.2.0.jar:/home/runner/.m2/repository/io/perfmark/perfmark-api/0.25.0/perfmark-api-0.25.0.jar:/home/runner/.m2/repository/io/netty/netty-codec-http2/4.1.77.Final/netty-codec-http2-4.1.77.Final.jar:/home/runner/.m2/repository/io/netty/netty-common/4.1.77.Final/netty-common-4.1.77.Final.jar:/home/runner/.m2/repository/io/netty/netty-buffer/4.1.77.Final/netty-buffer-4.1.77.Final.jar:/home/runner/.m2/repository/io/netty/netty-codec-http/4.1.77.Final/netty-codec-http-4.1.77.Final.jar:/home/runner/.m2/repository/io/netty/netty-handler-proxy/4.1.77.Final/netty-handler-proxy-4.1.77.Final.jar:/home/runner/.m2/repository/io/netty/netty-codec-socks/4.1.77.Final/netty-codec-socks-4.1.77.Final.jar:/home/runner/.m2/repository/io/netty/netty-tcnative-boringssl-static/2.0.52.Final/netty-tcnative-boringssl-static-2.0.52.Final.jar:/home/runner/.m2/repository/io/netty/netty-tcnative-classes/2.0.52.Final/netty-tcnative-classes-2.0.52.Final.jar:/home/runner/.m2/repository/io/netty/netty-tcnative-boringssl-static/2.0.52.Final/netty-tcnative-boringssl-static-2.0.52.Final-linux-x86_64.jar:/home/runner/.m2/repository/io/netty/netty-tcnative-boringssl-static/2.0.52.Final/netty-tcnative-boringssl-static-2.0.52.Final-linux-aarch_64.jar:/home/runner/.m2/repository/io/netty/netty-tcnative-boringssl-static/2.0.52.Final/netty-tcnative-boringssl-static-2.0.52.Final-osx-x86_64.jar:/home/runner/.m2/repository/io/netty/netty-tcnative-boringssl-static/2.0.52.Final/netty-tcnative-boringssl-static-2.0.52.Final-osx-aarch_64.jar:/home/runner/.m2/repository/io/netty/netty-tcnative-boringssl-static/2.0.52.Final/netty-tcnative-boringssl-static-2.0.52.Final-windows-x86_64.jar:/home/runner/.m2/repository/org/apache/commons/commons-compress/1.21/commons-compress-1.21.jar:/home/runner/.m2/repository/org/apache/ozone/hdds-common/1.3.0-SNAPSHOT/hdds-common-1.3.0-SNAPSHOT.jar:/home/runner/.m2/repository/org/apache/ozone/hdds-client/1.3.0-SNAPSHOT/hdds-client-1.3.0-SNAPSHOT.jar:/home/runner/.m2/repository/org/apache/ozone/ozone-interface-client/1.3.0-SNAPSHOT/ozone-interface-client-1.3.0-SNAPSHOT.jar:/home/runner/.m2/repository/org/apache/ozone/hdds-test-utils/1.3.0-SNAPSHOT/hdds-test-utils-1.3.0-SNAPSHOT.jar:/home/runner/.m2/repository/com/google/guava/guava/31.1-jre/guava-31.1-jre.jar:/home/runner/.m2/repository/com/google/guava/failureaccess/1.0.1/failureaccess-1.0.1.jar:/home/runner/.m2/repository/com/google/guava/listenablefuture/9999.0-empty-to-avoid-conflict-with-guava/listenablefuture-9999.0-empty-to-avoid-conflict-with-guava.jar:/home/runner/.m2/repository/com/google/code/findbugs/jsr305/3.0.0/jsr305-3.0.0.jar:/home/runner/.m2/repository/org/checkerframework/checker-qual/3.12.0/checker-qual-3.12.0.jar:/home/runner/.m2/repository/com/google/j2objc/j2objc-annotations/1.3/j2objc-annotations-1.3.jar:/home/runner/.m2/repository/commons-io/commons-io/2.11.0/commons-io-2.11.0.jar:/home/runner/.m2/repository/commons-logging/commons-logging/1.2/commons-logging-1.2.jar:/home/runner/.m2/repository/ch/qos/reload4j/reload4j/1.2.22/reload4j-1.2.22.jar:/home/runner/.m2/repository/org/slf4j/slf4j-api/1.7.36/slf4j-api-1.7.36.jar:/home/runner/.m2/repository/org/apache/ozone/hdds-server-scm/1.3.0-SNAPSHOT/hdds-server-scm-1.3.0-SNAPSHOT.jar:/home/runner/.m2/repository/org/apache/ozone/hdds-container-service/1.3.0-SNAPSHOT/hdds-container-service-1.3.0-SNAPSHOT.jar:/home/runner/.m2/repository/org/apache/ozone/hdds-hadoop-dependency-server/1.3.0-SNAPSHOT/hdds-hadoop-dependency-server-1.3.0-SNAPSHOT.jar:/home/runner/.m2/repository/org/apache/hadoop/hadoop-hdfs/3.3.4/hadoop-hdfs-3.3.4.jar:/home/runner/.m2/repository/org/eclipse/jetty/jetty-util-ajax/9.4.49.v20220914/jetty-util-ajax-9.4.49.v20220914.jar:/home/runner/.m2/repository/commons-daemon/commons-daemon/1.0.13/commons-daemon-1.0.13.jar:/home/runner/.m2/repository/org/apache/ozone/hdds-server-framework/1.3.0-SNAPSHOT/hdds-server-framework-1.3.0-SNAPSHOT.jar:/home/runner/.m2/repository/org/apache/ozone/hdds-interface-server/1.3.0-SNAPSHOT/hdds-interface-server-1.3.0-SNAPSHOT.jar:/home/runner/.m2/repository/org/apache/commons/commons-configuration2/2.1.1/commons-configuration2-2.1.1.jar:/home/runner/.m2/repository/org/apache/logging/log4j/log4j-core/2.17.1/log4j-core-2.17.1.jar:/home/runner/.m2/repository/com/lmax/disruptor/3.4.2/disruptor-3.4.2.jar:/home/runner/.m2/repository/org/eclipse/jetty/jetty-servlet/9.4.49.v20220914/jetty-servlet-9.4.49.v20220914.jar:/home/runner/.m2/repository/org/eclipse/jetty/jetty-security/9.4.49.v20220914/jetty-security-9.4.49.v20220914.jar:/home/runner/.m2/repository/org/rocksdb/rocksdbjni/7.7.3/rocksdbjni-7.7.3.jar:/home/runner/.m2/repository/io/prometheus/simpleclient_dropwizard/0.7.0/simpleclient_dropwizard-0.7.0.jar:/home/runner/.m2/repository/io/prometheus/simpleclient/0.7.0/simpleclient-0.7.0.jar:/home/runner/.m2/repository/io/prometheus/simpleclient_common/0.7.0/simpleclient_common-0.7.0.jar:/home/runner/.m2/repository/com/github/spotbugs/spotbugs-annotations/3.1.12/spotbugs-annotations-3.1.12.jar:/home/runner/.m2/repository/io/dropwizard/metrics/metrics-core/3.2.4/metrics-core-3.2.4.jar:/home/runner/.m2/repository/org/apache/commons/commons-text/1.4/commons-text-1.4.jar:/home/runner/.m2/repository/org/apache/hadoop/hadoop-hdfs-client/3.3.4/hadoop-hdfs-client-3.3.4.jar:/home/runner/.m2/repository/com/squareup/okhttp3/okhttp/4.9.3/okhttp-4.9.3.jar:/home/runner/.m2/repository/com/squareup/okio/okio/2.8.0/okio-2.8.0.jar:/home/runner/.m2/repository/org/jetbrains/kotlin/kotlin-stdlib-common/1.4.10/kotlin-stdlib-common-1.4.10.jar:/home/runner/.m2/repository/org/bouncycastle/bcprov-jdk15on/1.67/bcprov-jdk15on-1.67.jar:/home/runner/.m2/repository/com/google/protobuf/protobuf-java/2.5.0/protobuf-java-2.5.0.jar:/home/runner/.m2/repository/org/apache/ozone/ozone-manager/1.3.0-SNAPSHOT/ozone-manager-1.3.0-SNAPSHOT.jar:/home/runner/.m2/repository/org/aspectj/aspectjrt/1.9.7/aspectjrt-1.9.7.jar:/home/runner/.m2/repository/org/aspectj/aspectjweaver/1.9.7/aspectjweaver-1.9.7.jar:/home/runner/.m2/repository/org/apache/ozone/hdds-interface-client/1.3.0-SNAPSHOT/hdds-interface-client-1.3.0-SNAPSHOT.jar:/home/runner/.m2/repository/org/apache/hadoop/thirdparty/hadoop-shaded-protobuf_3_7/1.1.1/hadoop-shaded-protobuf_3_7-1.1.1.jar:/home/runner/.m2/repository/org/apache/ozone/ozone-interface-storage/1.3.0-SNAPSHOT/ozone-interface-storage-1.3.0-SNAPSHOT.jar:/home/runner/.m2/repository/org/reflections/reflections/0.9.11/reflections-0.9.11.jar:/home/runner/.m2/repository/com/sun/jersey/jersey-client/1.19/jersey-client-1.19.jar:/home/runner/.m2/repository/org/apache/ranger/ranger-intg/2.3.0/ranger-intg-2.3.0.jar:/home/runner/.m2/repository/org/apache/ranger/ranger-plugins-common/2.3.0/ranger-plugins-common-2.3.0.jar:/home/runner/.m2/repository/commons-lang/commons-lang/2.6/commons-lang-2.6.jar:/home/runner/.m2/repository/org/codehaus/jackson/jackson-jaxrs/1.9.13/jackson-jaxrs-1.9.13.jar:/home/runner/.m2/repository/org/apache/ranger/ranger-plugins-cred/2.3.0/ranger-plugins-cred-2.3.0.jar:/home/runner/.m2/repository/org/apache/ranger/ranger-plugins-audit/2.3.0/ranger-plugins-audit-2.3.0.jar:/home/runner/.m2/repository/org/eclipse/jetty/jetty-client/9.4.31.v20200723/jetty-client-9.4.31.v20200723.jar:/home/runner/.m2/repository/org/apache/httpcomponents/httpmime/4.5.6/httpmime-4.5.6.jar:/home/runner/.m2/repository/org/apache/httpcomponents/httpcore-nio/4.4.6/httpcore-nio-4.4.6.jar:/home/runner/.m2/repository/org/apache/httpcomponents/httpasyncclient/4.1.3/httpasyncclient-4.1.3.jar:/home/runner/.m2/repository/com/carrotsearch/hppc/0.8.0/hppc-0.8.0.jar:/home/runner/.m2/repository/org/apache/orc/orc-core/1.5.8/orc-core-1.5.8.jar:/home/runner/.m2/repository/net/java/dev/jna/jna/5.2.0/jna-5.2.0.jar:/home/runner/.m2/repository/net/java/dev/jna/jna-platform/5.2.0/jna-platform-5.2.0.jar:/home/runner/.m2/repository/com/kstruct/gethostname4j/0.0.2/gethostname4j-0.0.2.jar:/home/runner/.m2/repository/org/apache/ranger/ranger-plugin-classloader/2.3.0/ranger-plugin-classloader-2.3.0.jar:/home/runner/.m2/repository/org/apache/hadoop/hadoop-minikdc/3.3.4/hadoop-minikdc-3.3.4.jar:/home/runner/.m2/repository/org/apache/kerby/kerb-simplekdc/1.0.1/kerb-simplekdc-1.0.1.jar:/home/runner/.m2/repository/org/apache/kerby/kerb-client/1.0.1/kerb-client-1.0.1.jar:/home/runner/.m2/repository/org/apache/kerby/kerby-config/1.0.1/kerby-config-1.0.1.jar:/home/runner/.m2/repository/org/apache/kerby/kerb-common/1.0.1/kerb-common-1.0.1.jar:/home/runner/.m2/repository/org/apache/kerby/kerb-crypto/1.0.1/kerb-crypto-1.0.1.jar:/home/runner/.m2/repository/org/apache/kerby/kerb-util/1.0.1/kerb-util-1.0.1.jar:/home/runner/.m2/repository/org/apache/kerby/token-provider/1.0.1/token-provider-1.0.1.jar:/home/runner/.m2/repository/org/apache/kerby/kerb-admin/1.0.1/kerb-admin-1.0.1.jar:/home/runner/.m2/repository/org/apache/kerby/kerb-server/1.0.1/kerb-server-1.0.1.jar:/home/runner/.m2/repository/org/apache/kerby/kerb-identity/1.0.1/kerb-identity-1.0.1.jar:/home/runner/.m2/repository/org/apache/kerby/kerby-xdr/1.0.1/kerby-xdr-1.0.1.jar:/home/runner/.m2/repository/org/apache/ozone/ozone-s3gateway/1.3.0-SNAPSHOT/ozone-s3gateway-1.3.0-SNAPSHOT.jar:/home/runner/.m2/repository/org/javassist/javassist/3.21.0-GA/javassist-3.21.0-GA.jar:/home/runner/.m2/repository/org/jboss/weld/servlet/weld-servlet/2.4.7.Final/weld-servlet-2.4.7.Final.jar:/home/runner/.m2/repository/org/glassfish/jersey/containers/jersey-container-servlet-core/2.34/jersey-container-servlet-core-2.34.jar:/home/runner/.m2/repository/org/glassfish/hk2/external/jakarta.inject/2.6.1/jakarta.inject-2.6.1.jar:/home/runner/.m2/repository/org/glassfish/jersey/core/jersey-common/2.34/jersey-common-2.34.jar:/home/runner/.m2/repository/jakarta/ws/rs/jakarta.ws.rs-api/2.1.6/jakarta.ws.rs-api-2.1.6.jar:/home/runner/.m2/repository/org/glassfish/jersey/ext/cdi/jersey-cdi1x/2.34/jersey-cdi1x-2.34.jar:/home/runner/.m2/repository/org/glassfish/jersey/inject/jersey-hk2/2.34/jersey-hk2-2.34.jar:/home/runner/.m2/repository/org/glassfish/hk2/hk2-locator/2.6.1/hk2-locator-2.6.1.jar:/home/runner/.m2/repository/org/glassfish/jersey/media/jersey-media-jaxb/2.34/jersey-media-jaxb-2.34.jar:/home/runner/.m2/repository/org/glassfish/hk2/osgi-resource-locator/1.0.3/osgi-resource-locator-1.0.3.jar:/home/runner/.m2/repository/org/glassfish/hk2/hk2-api/2.5.0/hk2-api-2.5.0.jar:/home/runner/.m2/repository/org/glassfish/hk2/hk2-utils/2.5.0/hk2-utils-2.5.0.jar:/home/runner/.m2/repository/org/glassfish/hk2/external/aopalliance-repackaged/2.5.0/aopalliance-repackaged-2.5.0.jar:/home/runner/.m2/repository/com/fasterxml/jackson/dataformat/jackson-dataformat-xml/2.13.4/jackson-dataformat-xml-2.13.4.jar:/home/runner/.m2/repository/com/fasterxml/jackson/core/jackson-core/2.13.4/jackson-core-2.13.4.jar:/home/runner/.m2/repository/org/codehaus/woodstox/stax2-api/4.2.1/stax2-api-4.2.1.jar:/home/runner/.m2/repository/com/fasterxml/woodstox/woodstox-core/5.4.0/woodstox-core-5.4.0.jar:/home/runner/.m2/repository/com/fasterxml/jackson/module/jackson-module-jaxb-annotations/2.13.4/jackson-module-jaxb-annotations-2.13.4.jar:/home/runner/.m2/repository/jakarta/xml/bind/jakarta.xml.bind-api/2.3.3/jakarta.xml.bind-api-2.3.3.jar:/home/runner/.m2/repository/jakarta/activation/jakarta.activation-api/1.2.1/jakarta.activation-api-1.2.1.jar:/home/runner/.m2/repository/javax/enterprise/cdi-api/1.2/cdi-api-1.2.jar:/home/runner/.m2/repository/javax/el/javax.el-api/3.0.0/javax.el-api-3.0.0.jar:/home/runner/.m2/repository/javax/interceptor/javax.interceptor-api/1.2/javax.interceptor-api-1.2.jar:/home/runner/.m2/repository/javax/inject/javax.inject/1/javax.inject-1.jar:/home/runner/.m2/repository/javax/xml/bind/jaxb-api/2.3.0/jaxb-api-2.3.0.jar:/home/runner/.m2/repository/org/glassfish/jaxb/jaxb-runtime/2.3.0.1/jaxb-runtime-2.3.0.1.jar:/home/runner/.m2/repository/org/glassfish/jaxb/jaxb-core/2.3.0.1/jaxb-core-2.3.0.1.jar:/home/runner/.m2/repository/org/glassfish/jaxb/txw2/2.3.0.1/txw2-2.3.0.1.jar:/home/runner/.m2/repository/com/sun/istack/istack-commons-runtime/3.0.5/istack-commons-runtime-3.0.5.jar:/home/runner/.m2/repository/org/jvnet/staxex/stax-ex/1.7.8/stax-ex-1.7.8.jar:/home/runner/.m2/repository/com/sun/xml/fastinfoset/FastInfoset/1.2.13/FastInfoset-1.2.13.jar:/home/runner/.m2/repository/javax/activation/activation/1.1.1/activation-1.1.1.jar:/home/runner/.m2/repository/io/grpc/grpc-protobuf/1.48.1/grpc-protobuf-1.48.1.jar:/home/runner/.m2/repository/io/grpc/grpc-api/1.48.1/grpc-api-1.48.1.jar:/home/runner/.m2/repository/io/grpc/grpc-context/1.48.1/grpc-context-1.48.1.jar:/home/runner/.m2/repository/com/google/api/grpc/proto-google-common-protos/2.9.0/proto-google-common-protos-2.9.0.jar:/home/runner/.m2/repository/io/grpc/grpc-protobuf-lite/1.48.1/grpc-protobuf-lite-1.48.1.jar:/home/runner/.m2/repository/io/grpc/grpc-stub/1.48.1/grpc-stub-1.48.1.jar:/home/runner/.m2/repository/io/netty/netty-transport/4.1.77.Final/netty-transport-4.1.77.Final.jar:/home/runner/.m2/repository/io/netty/netty-resolver/4.1.77.Final/netty-resolver-4.1.77.Final.jar:/home/runner/.m2/repository/org/apache/ozone/ozone-csi/1.3.0-SNAPSHOT/ozone-csi-1.3.0-SNAPSHOT.jar:/home/runner/.m2/repository/com/google/protobuf/protobuf-java-util/3.19.6/protobuf-java-util-3.19.6.jar:/home/runner/.m2/repository/com/google/code/gson/gson/2.9.0/gson-2.9.0.jar:/home/runner/.m2/repository/org/apache/ozone/hdds-config/1.3.0-SNAPSHOT/hdds-config-1.3.0-SNAPSHOT.jar:/home/runner/.m2/repository/io/netty/netty-transport-native-epoll/4.1.77.Final/netty-transport-native-epoll-4.1.77.Final-linux-x86_64.jar:/home/runner/.m2/repository/io/netty/netty-transport-classes-epoll/4.1.77.Final/netty-transport-classes-epoll-4.1.77.Final.jar:/home/runner/.m2/repository/io/netty/netty-transport-native-unix-common/4.1.77.Final/netty-transport-native-unix-common-4.1.77.Final.jar:/home/runner/.m2/repository/org/slf4j/slf4j-reload4j/1.7.36/slf4j-reload4j-1.7.36.jar:/home/runner/.m2/repository/org/apache/ozone/ozone-recon/1.3.0-SNAPSHOT/ozone-recon-1.3.0-SNAPSHOT.jar:/home/runner/.m2/repository/org/apache/ozone/ozone-reconcodegen/1.3.0-SNAPSHOT/ozone-reconcodegen-1.3.0-SNAPSHOT.jar:/home/runner/.m2/repository/com/google/inject/extensions/guice-multibindings/4.0/guice-multibindings-4.0.jar:/home/runner/.m2/repository/com/google/inject/guice/4.0/guice-4.0.jar:/home/runner/.m2/repository/aopalliance/aopalliance/1.0/aopalliance-1.0.jar:/home/runner/.m2/repository/com/google/inject/extensions/guice-assistedinject/4.0/guice-assistedinject-4.0.jar:/home/runner/.m2/repository/com/google/inject/extensions/guice-servlet/4.0/guice-servlet-4.0.jar:/home/runner/.m2/repository/org/glassfish/jersey/containers/jersey-container-servlet/2.34/jersey-container-servlet-2.34.jar:/home/runner/.m2/repository/org/glassfish/hk2/guice-bridge/2.5.0/guice-bridge-2.5.0.jar:/home/runner/.m2/repository/org/glassfish/jersey/core/jersey-server/2.34/jersey-server-2.34.jar:/home/runner/.m2/repository/org/glassfish/jersey/core/jersey-client/2.34/jersey-client-2.34.jar:/home/runner/.m2/repository/jakarta/annotation/jakarta.annotation-api/1.3.5/jakarta.annotation-api-1.3.5.jar:/home/runner/.m2/repository/jakarta/validation/jakarta.validation-api/2.0.2/jakarta.validation-api-2.0.2.jar:/home/runner/.m2/repository/org/glassfish/jersey/media/jersey-media-json-jackson/2.34/jersey-media-json-jackson-2.34.jar:/home/runner/.m2/repository/org/glassfish/jersey/ext/jersey-entity-filtering/2.34/jersey-entity-filtering-2.34.jar:/home/runner/.m2/repository/org/jooq/jooq/3.11.10/jooq-3.11.10.jar:/home/runner/.m2/repository/org/jooq/jooq-meta/3.11.10/jooq-meta-3.11.10.jar:/home/runner/.m2/repository/org/jooq/jooq-codegen/3.11.10/jooq-codegen-3.11.10.jar:/home/runner/.m2/repository/com/jolbox/bonecp/0.8.0.RELEASE/bonecp-0.8.0.RELEASE.jar:/home/runner/.m2/repository/org/apache/derby/derby/10.14.2.0/derby-10.14.2.0.jar:/home/runner/.m2/repository/org/xerial/sqlite-jdbc/3.25.2/sqlite-jdbc-3.25.2.jar:/home/runner/.m2/repository/org/springframework/spring-jdbc/5.3.23/spring-jdbc-5.3.23.jar:/home/runner/.m2/repository/org/springframework/spring-beans/5.3.23/spring-beans-5.3.23.jar:/home/runner/.m2/repository/org/springframework/spring-core/5.3.23/spring-core-5.3.23.jar:/home/runner/.m2/repository/org/springframework/spring-jcl/5.3.23/spring-jcl-5.3.23.jar:/home/runner/.m2/repository/org/springframework/spring-tx/5.3.23/spring-tx-5.3.23.jar:/home/runner/.m2/repository/org/apache/ozone/ozone-client/1.3.0-SNAPSHOT/ozone-client-1.3.0-SNAPSHOT.jar:/home/runner/.m2/repository/org/apache/ozone/hdds-erasurecode/1.3.0-SNAPSHOT/hdds-erasurecode-1.3.0-SNAPSHOT.jar:/home/runner/.m2/repository/org/apache/ozone/ozone-filesystem/1.3.0-SNAPSHOT/ozone-filesystem-1.3.0-SNAPSHOT.jar:/home/runner/.m2/repository/org/apache/ozone/ozone-filesystem-common/1.3.0-SNAPSHOT/ozone-filesystem-common-1.3.0-SNAPSHOT.jar:/home/runner/.m2/repository/org/apache/ozone/ozone-tools/1.3.0-SNAPSHOT/ozone-tools-1.3.0-SNAPSHOT.jar:/home/runner/.m2/repository/org/apache/ratis/ratis-tools/2.4.2-8b8bdda-SNAPSHOT/ratis-tools-2.4.2-8b8bdda-SNAPSHOT.jar:/home/runner/.m2/repository/com/amazonaws/aws-java-sdk-core/1.12.261/aws-java-sdk-core-1.12.261.jar:/home/runner/.m2/repository/org/apache/httpcomponents/httpclient/4.5.13/httpclient-4.5.13.jar:/home/runner/.m2/repository/org/apache/httpcomponents/httpcore/4.4.13/httpcore-4.4.13.jar:/home/runner/.m2/repository/software/amazon/ion/ion-java/1.0.2/ion-java-1.0.2.jar:/home/runner/.m2/repository/com/fasterxml/jackson/dataformat/jackson-dataformat-cbor/2.13.4/jackson-dataformat-cbor-2.13.4.jar:/home/runner/.m2/repository/joda-time/joda-time/2.8.1/joda-time-2.8.1.jar:/home/runner/.m2/repository/com/amazonaws/aws-java-sdk-s3/1.12.261/aws-java-sdk-s3-1.12.261.jar:/home/runner/.m2/repository/com/amazonaws/aws-java-sdk-kms/1.12.261/aws-java-sdk-kms-1.12.261.jar:/home/runner/.m2/repository/com/amazonaws/jmespath-java/1.12.261/jmespath-java-1.12.261.jar:/home/runner/.m2/repository/org/kohsuke/metainf-services/metainf-services/1.8/metainf-services-1.8.jar:/home/runner/.m2/repository/org/apache/ozone/hdds-tools/1.3.0-SNAPSHOT/hdds-tools-1.3.0-SNAPSHOT.jar:/home/runner/.m2/repository/commons-cli/commons-cli/1.2/commons-cli-1.2.jar:/home/runner/.m2/repository/org/apache/commons/commons-lang3/3.7/commons-lang3-3.7.jar:/home/runner/.m2/repository/org/apache/ozone/ozone-manager/1.3.0-SNAPSHOT/ozone-manager-1.3.0-SNAPSHOT-tests.jar:/home/runner/.m2/repository/org/apache/ozone/hdds-common/1.3.0-SNAPSHOT/hdds-common-1.3.0-SNAPSHOT-tests.jar:/home/runner/.m2/repository/org/apache/ozone/hdds-hadoop-dependency-client/1.3.0-SNAPSHOT/hdds-hadoop-dependency-client-1.3.0-SNAPSHOT.jar:/home/runner/.m2/repository/info/picocli/picocli/4.6.1/picocli-4.6.1.jar:/home/runner/.m2/repository/com/fasterxml/jackson/core/jackson-annotations/2.13.4/jackson-annotations-2.13.4.jar:/home/runner/.m2/repository/com/fasterxml/jackson/datatype/jackson-datatype-jsr310/2.13.4/jackson-datatype-jsr310-2.13.4.jar:/home/runner/.m2/repository/org/apache/ozone/hdds-annotation-processing/1.3.0-SNAPSHOT/hdds-annotation-processing-1.3.0-SNAPSHOT.jar:/home/runner/.m2/repository/javax/annotation/javax.annotation-api/1.2/javax.annotation-api-1.2.jar:/home/runner/.m2/repository/org/apache/ratis/ratis-server/2.4.2-8b8bdda-SNAPSHOT/ratis-server-2.4.2-8b8bdda-SNAPSHOT.jar:/home/runner/.m2/repository/org/apache/ratis/ratis-client/2.4.2-8b8bdda-SNAPSHOT/ratis-client-2.4.2-8b8bdda-SNAPSHOT.jar:/home/runner/.m2/repository/org/apache/ratis/ratis-server-api/2.4.2-8b8bdda-SNAPSHOT/ratis-server-api-2.4.2-8b8bdda-SNAPSHOT.jar:/home/runner/.m2/repository/org/apache/ratis/ratis-metrics/2.4.2-8b8bdda-SNAPSHOT/ratis-metrics-2.4.2-8b8bdda-SNAPSHOT.jar:/home/runner/.m2/repository/org/apache/ratis/ratis-netty/2.4.2-8b8bdda-SNAPSHOT/ratis-netty-2.4.2-8b8bdda-SNAPSHOT.jar:/home/runner/.m2/repository/org/apache/ratis/ratis-grpc/2.4.2-8b8bdda-SNAPSHOT/ratis-grpc-2.4.2-8b8bdda-SNAPSHOT.jar:/home/runner/.m2/repository/org/apache/logging/log4j/log4j-api/2.17.1/log4j-api-2.17.1.jar:/home/runner/.m2/repository/org/apache/commons/commons-pool2/2.6.0/commons-pool2-2.6.0.jar:/home/runner/.m2/repository/org/bouncycastle/bcpkix-jdk15on/1.67/bcpkix-jdk15on-1.67.jar:/home/runner/.m2/repository/commons-validator/commons-validator/1.6/commons-validator-1.6.jar:/home/runner/.m2/repository/commons-beanutils/commons-beanutils/1.9.4/commons-beanutils-1.9.4.jar:/home/runner/.m2/repository/commons-digester/commons-digester/1.8.1/commons-digester-1.8.1.jar:/home/runner/.m2/repository/commons-collections/commons-collections/3.2.2/commons-collections-3.2.2.jar:/home/runner/.m2/repository/io/jaegertracing/jaeger-client/1.6.0/jaeger-client-1.6.0.jar:/home/runner/.m2/repository/io/jaegertracing/jaeger-thrift/1.6.0/jaeger-thrift-1.6.0.jar:/home/runner/.m2/repository/org/apache/thrift/libthrift/0.14.1/libthrift-0.14.1.jar:/home/runner/.m2/repository/io/jaegertracing/jaeger-core/1.6.0/jaeger-core-1.6.0.jar:/home/runner/.m2/repository/io/jaegertracing/jaeger-tracerresolver/1.6.0/jaeger-tracerresolver-1.6.0.jar:/home/runner/.m2/repository/io/opentracing/contrib/opentracing-tracerresolver/0.1.8/opentracing-tracerresolver-0.1.8.jar:/home/runner/.m2/repository/org/jetbrains/kotlin/kotlin-stdlib/1.6.21/kotlin-stdlib-1.6.21.jar:/home/runner/.m2/repository/org/jetbrains/annotations/13.0/annotations-13.0.jar:/home/runner/.m2/repository/io/opentracing/opentracing-util/0.33.0/opentracing-util-0.33.0.jar:/home/runner/.m2/repository/io/opentracing/opentracing-api/0.33.0/opentracing-api-0.33.0.jar:/home/runner/.m2/repository/io/opentracing/opentracing-noop/0.33.0/opentracing-noop-0.33.0.jar:/home/runner/.m2/repository/org/yaml/snakeyaml/1.33/snakeyaml-1.33.jar:/home/runner/.m2/repository/org/apache/ozone/hdds-interface-admin/1.3.0-SNAPSHOT/hdds-interface-admin-1.3.0-SNAPSHOT.jar:/home/runner/.m2/repository/junit/junit/4.13.1/junit-4.13.1.jar:/home/runner/.m2/repository/org/hamcrest/hamcrest-core/1.3/hamcrest-core-1.3.jar:/home/runner/.m2/repository/org/junit/jupiter/junit-jupiter-api/5.8.2/junit-jupiter-api-5.8.2.jar:/home/runner/.m2/repository/org/opentest4j/opentest4j/1.2.0/opentest4j-1.2.0.jar:/home/runner/.m2/repository/org/junit/platform/junit-platform-commons/1.8.2/junit-platform-commons-1.8.2.jar:/home/runner/.m2/repository/org/apiguardian/apiguardian-api/1.1.2/apiguardian-api-1.1.2.jar:/home/runner/.m2/repository/org/junit/jupiter/junit-jupiter-params/5.8.2/junit-jupiter-params-5.8.2.jar:/home/runner/.m2/repository/org/junit/jupiter/junit-jupiter-migrationsupport/5.8.2/junit-jupiter-migrationsupport-5.8.2.jar:/home/runner/.m2/repository/org/junit/jupiter/junit-jupiter-engine/5.8.2/junit-jupiter-engine-5.8.2.jar:/home/runner/.m2/repository/org/junit/platform/junit-platform-engine/1.8.2/junit-platform-engine-1.8.2.jar:/home/runner/.m2/repository/org/junit/vintage/junit-vintage-engine/5.8.2/junit-vintage-engine-5.8.2.jar:/home/runner/.m2/repository/org/junit/platform/junit-platform-launcher/1.8.2/junit-platform-launcher-1.8.2.jar:/home/runner/.m2/repository/org/mockito/mockito-core/2.28.2/mockito-core-2.28.2.jar:/home/runner/.m2/repository/net/bytebuddy/byte-buddy/1.9.10/byte-buddy-1.9.10.jar:/home/runner/.m2/repository/net/bytebuddy/byte-buddy-agent/1.9.10/byte-buddy-agent-1.9.10.jar:/home/runner/.m2/repository/org/objenesis/objenesis/1.0/objenesis-1.0.jar:/home/runner/.m2/repository/org/apache/hadoop/hadoop-kms/3.3.4/hadoop-kms-3.3.4.jar:/home/runner/.m2/repository/org/apache/hadoop/hadoop-auth/3.3.4/hadoop-auth-3.3.4.jar:/home/runner/.m2/repository/com/nimbusds/nimbus-jose-jwt/9.8.1/nimbus-jose-jwt-9.8.1.jar:/home/runner/.m2/repository/com/github/stephenc/jcip/jcip-annotations/1.0-1/jcip-annotations-1.0-1.jar:/home/runner/.m2/repository/net/minidev/json-smart/2.4.7/json-smart-2.4.7.jar:/home/runner/.m2/repository/net/minidev/accessors-smart/2.4.7/accessors-smart-2.4.7.jar:/home/runner/.m2/repository/org/ow2/asm/asm/5.0.4/asm-5.0.4.jar:/home/runner/.m2/repository/org/apache/zookeeper/zookeeper/3.5.6/zookeeper-3.5.6.jar:/home/runner/.m2/repository/org/apache/zookeeper/zookeeper-jute/3.5.6/zookeeper-jute-3.5.6.jar:/home/runner/.m2/repository/org/apache/yetus/audience-annotations/0.5.0/audience-annotations-0.5.0.jar:/home/runner/.m2/repository/org/apache/curator/curator-framework/4.2.0/curator-framework-4.2.0.jar:/home/runner/.m2/repository/org/apache/hadoop/thirdparty/hadoop-shaded-guava/1.1.1/hadoop-shaded-guava-1.1.1.jar:/home/runner/.m2/repository/com/sun/jersey/jersey-core/1.19/jersey-core-1.19.jar:/home/runner/.m2/repository/javax/ws/rs/jsr311-api/1.1.1/jsr311-api-1.1.1.jar:/home/runner/.m2/repository/com/sun/jersey/jersey-server/1.19/jersey-server-1.19.jar:/home/runner/.m2/repository/javax/servlet/javax.servlet-api/3.1.0/javax.servlet-api-3.1.0.jar:/home/runner/.m2/repository/org/eclipse/jetty/jetty-server/9.4.49.v20220914/jetty-server-9.4.49.v20220914.jar:/home/runner/.m2/repository/org/eclipse/jetty/jetty-http/9.4.49.v20220914/jetty-http-9.4.49.v20220914.jar:/home/runner/.m2/repository/org/eclipse/jetty/jetty-io/9.4.49.v20220914/jetty-io-9.4.49.v20220914.jar:/home/runner/.m2/repository/org/eclipse/jetty/jetty-webapp/9.4.49.v20220914/jetty-webapp-9.4.49.v20220914.jar:/home/runner/.m2/repository/org/eclipse/jetty/jetty-xml/9.4.49.v20220914/jetty-xml-9.4.49.v20220914.jar:/home/runner/.m2/repository/org/apache/hadoop/hadoop-common/3.3.4/hadoop-common-3.3.4.jar:/home/runner/.m2/repository/org/apache/commons/commons-math3/3.1.1/commons-math3-3.1.1.jar:/home/runner/.m2/repository/commons-net/commons-net/3.9.0/commons-net-3.9.0.jar:/home/runner/.m2/repository/com/sun/jersey/jersey-servlet/1.19/jersey-servlet-1.19.jar:/home/runner/.m2/repository/com/sun/jersey/jersey-json/1.19/jersey-json-1.19.jar:/home/runner/.m2/repository/org/codehaus/jettison/jettison/1.1/jettison-1.1.jar:/home/runner/.m2/repository/com/sun/xml/bind/jaxb-impl/2.2.3-1/jaxb-impl-2.2.3-1.jar:/home/runner/.m2/repository/org/codehaus/jackson/jackson-xc/1.9.2/jackson-xc-1.9.2.jar:/home/runner/.m2/repository/com/google/re2j/re2j/1.1/re2j-1.1.jar:/home/runner/.m2/repository/com/jcraft/jsch/0.1.54/jsch-0.1.54.jar:/home/runner/.m2/repository/org/apache/curator/curator-client/4.2.0/curator-client-4.2.0.jar:/home/runner/.m2/repository/org/apache/curator/curator-recipes/4.2.0/curator-recipes-4.2.0.jar:/home/runner/.m2/repository/org/apache/kerby/kerb-core/1.0.1/kerb-core-1.0.1.jar:/home/runner/.m2/repository/org/apache/kerby/kerby-pkix/1.0.1/kerby-pkix-1.0.1.jar:/home/runner/.m2/repository/org/apache/kerby/kerby-asn1/1.0.1/kerby-asn1-1.0.1.jar:/home/runner/.m2/repository/org/apache/kerby/kerby-util/1.0.1/kerby-util-1.0.1.jar:/home/runner/.m2/repository/dnsjava/dnsjava/2.1.7/dnsjava-2.1.7.jar:/home/runner/.m2/repository/org/xerial/snappy/snappy-java/1.1.8.2/snappy-java-1.1.8.2.jar:/home/runner/.m2/repository/org/eclipse/jetty/jetty-util/9.4.49.v20220914/jetty-util-9.4.49.v20220914.jar:/home/runner/.m2/repository/com/fasterxml/jackson/core/jackson-databind/2.13.4.2/jackson-databind-2.13.4.2.jar:/home/runner/.m2/repository/org/apache/hadoop/hadoop-kms/3.3.4/hadoop-kms-3.3.4-tests.jar:/home/runner/.m2/repository/org/apache/ozone/hdds-server-scm/1.3.0-SNAPSHOT/hdds-server-scm-1.3.0-SNAPSHOT-tests.jar:/home/runner/.m2/repository/org/apache/ozone/hdds-container-service/1.3.0-SNAPSHOT/hdds-container-service-1.3.0-SNAPSHOT-tests.jar:/home/runner/.m2/repository/commons-codec/commons-codec/1.15/commons-codec-1.15.jar:/home/runner/.m2/repository/io/netty/netty-codec/4.1.77.Final/netty-codec-4.1.77.Final.jar:/home/runner/.m2/repository/io/netty/netty-handler/4.1.77.Final/netty-handler-4.1.77.Final.jar:/home/runner/.m2/repository/org/apache/ozone/hdds-hadoop-dependency-test/1.3.0-SNAPSHOT/hdds-hadoop-dependency-test-1.3.0-SNAPSHOT.jar:/home/runner/.m2/repository/org/apache/hadoop/hadoop-common/3.3.4/hadoop-common-3.3.4-tests.jar:/home/runner/.m2/repository/org/apache/hadoop/hadoop-hdfs/3.3.4/hadoop-hdfs-3.3.4-tests.jar:/home/runner/.m2/repository/org/assertj/assertj-core/3.12.2/assertj-core-3.12.2.jar:/home/runner/.m2/repository/org/apache/hadoop/hadoop-distcp/3.3.4/hadoop-distcp-3.3.4.jar:/home/runner/.m2/repository/org/apache/hadoop/hadoop-mapreduce-client-jobclient/3.3.4/hadoop-mapreduce-client-jobclient-3.3.4.jar:/home/runner/.m2/repository/org/apache/hadoop/hadoop-mapreduce-client-common/3.3.4/hadoop-mapreduce-client-common-3.3.4.jar:/home/runner/.m2/repository/org/apache/hadoop/hadoop-yarn-common/3.3.4/hadoop-yarn-common-3.3.4.jar:/home/runner/.m2/repository/org/apache/hadoop/hadoop-yarn-api/3.3.4/hadoop-yarn-api-3.3.4.jar:/home/runner/.m2/repository/com/sun/jersey/contribs/jersey-guice/1.19/jersey-guice-1.19.jar:/home/runner/.m2/repository/com/fasterxml/jackson/jaxrs/jackson-jaxrs-json-provider/2.13.4/jackson-jaxrs-json-provider-2.13.4.jar:/home/runner/.m2/repository/com/fasterxml/jackson/jaxrs/jackson-jaxrs-base/2.13.4/jackson-jaxrs-base-2.13.4.jar:/home/runner/.m2/repository/org/apache/hadoop/hadoop-yarn-client/3.3.4/hadoop-yarn-client-3.3.4.jar:/home/runner/.m2/repository/org/eclipse/jetty/websocket/websocket-client/9.4.43.v20210629/websocket-client-9.4.43.v20210629.jar:/home/runner/.m2/repository/org/eclipse/jetty/websocket/websocket-common/9.4.43.v20210629/websocket-common-9.4.43.v20210629.jar:/home/runner/.m2/repository/org/eclipse/jetty/websocket/websocket-api/9.4.43.v20210629/websocket-api-9.4.43.v20210629.jar:/home/runner/.m2/repository/org/jline/jline/3.9.0/jline-3.9.0.jar:/home/runner/.m2/repository/org/apache/hadoop/hadoop-mapreduce-client-core/3.3.4/hadoop-mapreduce-client-core-3.3.4.jar:/home/runner/.m2/repository/org/apache/avro/avro/1.7.7/avro-1.7.7.jar:/home/runner/.m2/repository/org/codehaus/jackson/jackson-core-asl/1.9.13/jackson-core-asl-1.9.13.jar:/home/runner/.m2/repository/org/codehaus/jackson/jackson-mapper-asl/1.9.13/jackson-mapper-asl-1.9.13.jar:/home/runner/.m2/repository/com/thoughtworks/paranamer/paranamer/2.3/paranamer-2.3.jar:/home/runner/.m2/repository/org/apache/hadoop/hadoop-annotations/3.3.4/hadoop-annotations-3.3.4.jar:/usr/lib/jvm/temurin-8-jdk-amd64/jre/../lib/tools.jar:/home/runner/.m2/repository/io/netty/netty/3.10.6.Final/netty-3.10.6.Final.jar:/home/runner/.m2/repository/org/apache/hadoop/hadoop-distcp/3.3.4/hadoop-distcp-3.3.4-tests.jar:/home/runner/.m2/repository/org/slf4j/jul-to-slf4j/1.7.36/jul-to-slf4j-1.7.36.jar:/home/runner/.m2/repository/org/apache/ratis/ratis-common/2.4.2-8b8bdda-SNAPSHOT/ratis-common-2.4.2-8b8bdda-SNAPSHOT.jar:/home/runner/.m2/repository/org/apache/ratis/ratis-thirdparty-misc/1.0.3/ratis-thirdparty-misc-1.0.3.jar:/home/runner/.m2/repository/org/apache/ratis/ratis-proto/2.4.2-8b8bdda-SNAPSHOT/ratis-proto-2.4.2-8b8bdda-SNAPSHOT.jar:"/>
    <property name="java.vm.vendor" value="Temurin"/>
    <property name="sun.arch.data.model" value="64"/>
    <property name="test.build.dir" value="/home/runner/work/ozone/ozone/hadoop-ozone/integration-test/target/test-dir"/>
    <property name="test.cache.data" value=""/>
    <property name="java.vendor.url" value="https://adoptium.net/"/>
    <property name="user.timezone" value="Etc/UTC"/>
    <property name="java.vm.specification.version" value="1.8"/>
    <property name="os.name" value="Linux"/>
    <property name="test.build.data" value="/home/runner/work/ozone/ozone/hadoop-ozone/integration-test/target/test-dir"/>
    <property name="sun.java.launcher" value="SUN_STANDARD"/>
    <property name="sun.boot.library.path" value="/usr/lib/jvm/temurin-8-jdk-amd64/jre/lib/amd64"/>
    <property name="sun.java.command" value="/home/runner/work/ozone/ozone/hadoop-ozone/integration-test/target/surefire/surefirebooter3230317087997131549.jar /home/runner/work/ozone/ozone/hadoop-ozone/integration-test/target/surefire 2022-12-19T18-32-07_454-jvmRun1 surefire2445058413785269821tmp surefire_88805552948146696241tmp"/>
    <property name="surefire.test.class.path" value="/home/runner/work/ozone/ozone/hadoop-ozone/integration-test/target/test-classes:/home/runner/work/ozone/ozone/hadoop-ozone/integration-test/target/classes:/home/runner/.m2/repository/org/apache/ozone/ozone-common/1.3.0-SNAPSHOT/ozone-common-1.3.0-SNAPSHOT.jar:/home/runner/.m2/repository/io/grpc/grpc-netty/1.48.1/grpc-netty-1.48.1.jar:/home/runner/.m2/repository/io/grpc/grpc-core/1.48.1/grpc-core-1.48.1.jar:/home/runner/.m2/repository/com/google/android/annotations/4.1.1.4/annotations-4.1.1.4.jar:/home/runner/.m2/repository/org/codehaus/mojo/animal-sniffer-annotations/1.21/animal-sniffer-annotations-1.21.jar:/home/runner/.m2/repository/com/google/errorprone/error_prone_annotations/2.2.0/error_prone_annotations-2.2.0.jar:/home/runner/.m2/repository/io/perfmark/perfmark-api/0.25.0/perfmark-api-0.25.0.jar:/home/runner/.m2/repository/io/netty/netty-codec-http2/4.1.77.Final/netty-codec-http2-4.1.77.Final.jar:/home/runner/.m2/repository/io/netty/netty-common/4.1.77.Final/netty-common-4.1.77.Final.jar:/home/runner/.m2/repository/io/netty/netty-buffer/4.1.77.Final/netty-buffer-4.1.77.Final.jar:/home/runner/.m2/repository/io/netty/netty-codec-http/4.1.77.Final/netty-codec-http-4.1.77.Final.jar:/home/runner/.m2/repository/io/netty/netty-handler-proxy/4.1.77.Final/netty-handler-proxy-4.1.77.Final.jar:/home/runner/.m2/repository/io/netty/netty-codec-socks/4.1.77.Final/netty-codec-socks-4.1.77.Final.jar:/home/runner/.m2/repository/io/netty/netty-tcnative-boringssl-static/2.0.52.Final/netty-tcnative-boringssl-static-2.0.52.Final.jar:/home/runner/.m2/repository/io/netty/netty-tcnative-classes/2.0.52.Final/netty-tcnative-classes-2.0.52.Final.jar:/home/runner/.m2/repository/io/netty/netty-tcnative-boringssl-static/2.0.52.Final/netty-tcnative-boringssl-static-2.0.52.Final-linux-x86_64.jar:/home/runner/.m2/repository/io/netty/netty-tcnative-boringssl-static/2.0.52.Final/netty-tcnative-boringssl-static-2.0.52.Final-linux-aarch_64.jar:/home/runner/.m2/repository/io/netty/netty-tcnative-boringssl-static/2.0.52.Final/netty-tcnative-boringssl-static-2.0.52.Final-osx-x86_64.jar:/home/runner/.m2/repository/io/netty/netty-tcnative-boringssl-static/2.0.52.Final/netty-tcnative-boringssl-static-2.0.52.Final-osx-aarch_64.jar:/home/runner/.m2/repository/io/netty/netty-tcnative-boringssl-static/2.0.52.Final/netty-tcnative-boringssl-static-2.0.52.Final-windows-x86_64.jar:/home/runner/.m2/repository/org/apache/commons/commons-compress/1.21/commons-compress-1.21.jar:/home/runner/.m2/repository/org/apache/ozone/hdds-common/1.3.0-SNAPSHOT/hdds-common-1.3.0-SNAPSHOT.jar:/home/runner/.m2/repository/org/apache/ozone/hdds-client/1.3.0-SNAPSHOT/hdds-client-1.3.0-SNAPSHOT.jar:/home/runner/.m2/repository/org/apache/ozone/ozone-interface-client/1.3.0-SNAPSHOT/ozone-interface-client-1.3.0-SNAPSHOT.jar:/home/runner/.m2/repository/org/apache/ozone/hdds-test-utils/1.3.0-SNAPSHOT/hdds-test-utils-1.3.0-SNAPSHOT.jar:/home/runner/.m2/repository/com/google/guava/guava/31.1-jre/guava-31.1-jre.jar:/home/runner/.m2/repository/com/google/guava/failureaccess/1.0.1/failureaccess-1.0.1.jar:/home/runner/.m2/repository/com/google/guava/listenablefuture/9999.0-empty-to-avoid-conflict-with-guava/listenablefuture-9999.0-empty-to-avoid-conflict-with-guava.jar:/home/runner/.m2/repository/com/google/code/findbugs/jsr305/3.0.0/jsr305-3.0.0.jar:/home/runner/.m2/repository/org/checkerframework/checker-qual/3.12.0/checker-qual-3.12.0.jar:/home/runner/.m2/repository/com/google/j2objc/j2objc-annotations/1.3/j2objc-annotations-1.3.jar:/home/runner/.m2/repository/commons-io/commons-io/2.11.0/commons-io-2.11.0.jar:/home/runner/.m2/repository/commons-logging/commons-logging/1.2/commons-logging-1.2.jar:/home/runner/.m2/repository/ch/qos/reload4j/reload4j/1.2.22/reload4j-1.2.22.jar:/home/runner/.m2/repository/org/slf4j/slf4j-api/1.7.36/slf4j-api-1.7.36.jar:/home/runner/.m2/repository/org/apache/ozone/hdds-server-scm/1.3.0-SNAPSHOT/hdds-server-scm-1.3.0-SNAPSHOT.jar:/home/runner/.m2/repository/org/apache/ozone/hdds-container-service/1.3.0-SNAPSHOT/hdds-container-service-1.3.0-SNAPSHOT.jar:/home/runner/.m2/repository/org/apache/ozone/hdds-hadoop-dependency-server/1.3.0-SNAPSHOT/hdds-hadoop-dependency-server-1.3.0-SNAPSHOT.jar:/home/runner/.m2/repository/org/apache/hadoop/hadoop-hdfs/3.3.4/hadoop-hdfs-3.3.4.jar:/home/runner/.m2/repository/org/eclipse/jetty/jetty-util-ajax/9.4.49.v20220914/jetty-util-ajax-9.4.49.v20220914.jar:/home/runner/.m2/repository/commons-daemon/commons-daemon/1.0.13/commons-daemon-1.0.13.jar:/home/runner/.m2/repository/org/apache/ozone/hdds-server-framework/1.3.0-SNAPSHOT/hdds-server-framework-1.3.0-SNAPSHOT.jar:/home/runner/.m2/repository/org/apache/ozone/hdds-interface-server/1.3.0-SNAPSHOT/hdds-interface-server-1.3.0-SNAPSHOT.jar:/home/runner/.m2/repository/org/apache/commons/commons-configuration2/2.1.1/commons-configuration2-2.1.1.jar:/home/runner/.m2/repository/org/apache/logging/log4j/log4j-core/2.17.1/log4j-core-2.17.1.jar:/home/runner/.m2/repository/com/lmax/disruptor/3.4.2/disruptor-3.4.2.jar:/home/runner/.m2/repository/org/eclipse/jetty/jetty-servlet/9.4.49.v20220914/jetty-servlet-9.4.49.v20220914.jar:/home/runner/.m2/repository/org/eclipse/jetty/jetty-security/9.4.49.v20220914/jetty-security-9.4.49.v20220914.jar:/home/runner/.m2/repository/org/rocksdb/rocksdbjni/7.7.3/rocksdbjni-7.7.3.jar:/home/runner/.m2/repository/io/prometheus/simpleclient_dropwizard/0.7.0/simpleclient_dropwizard-0.7.0.jar:/home/runner/.m2/repository/io/prometheus/simpleclient/0.7.0/simpleclient-0.7.0.jar:/home/runner/.m2/repository/io/prometheus/simpleclient_common/0.7.0/simpleclient_common-0.7.0.jar:/home/runner/.m2/repository/com/github/spotbugs/spotbugs-annotations/3.1.12/spotbugs-annotations-3.1.12.jar:/home/runner/.m2/repository/io/dropwizard/metrics/metrics-core/3.2.4/metrics-core-3.2.4.jar:/home/runner/.m2/repository/org/apache/commons/commons-text/1.4/commons-text-1.4.jar:/home/runner/.m2/repository/org/apache/hadoop/hadoop-hdfs-client/3.3.4/hadoop-hdfs-client-3.3.4.jar:/home/runner/.m2/repository/com/squareup/okhttp3/okhttp/4.9.3/okhttp-4.9.3.jar:/home/runner/.m2/repository/com/squareup/okio/okio/2.8.0/okio-2.8.0.jar:/home/runner/.m2/repository/org/jetbrains/kotlin/kotlin-stdlib-common/1.4.10/kotlin-stdlib-common-1.4.10.jar:/home/runner/.m2/repository/org/bouncycastle/bcprov-jdk15on/1.67/bcprov-jdk15on-1.67.jar:/home/runner/.m2/repository/com/google/protobuf/protobuf-java/2.5.0/protobuf-java-2.5.0.jar:/home/runner/.m2/repository/org/apache/ozone/ozone-manager/1.3.0-SNAPSHOT/ozone-manager-1.3.0-SNAPSHOT.jar:/home/runner/.m2/repository/org/aspectj/aspectjrt/1.9.7/aspectjrt-1.9.7.jar:/home/runner/.m2/repository/org/aspectj/aspectjweaver/1.9.7/aspectjweaver-1.9.7.jar:/home/runner/.m2/repository/org/apache/ozone/hdds-interface-client/1.3.0-SNAPSHOT/hdds-interface-client-1.3.0-SNAPSHOT.jar:/home/runner/.m2/repository/org/apache/hadoop/thirdparty/hadoop-shaded-protobuf_3_7/1.1.1/hadoop-shaded-protobuf_3_7-1.1.1.jar:/home/runner/.m2/repository/org/apache/ozone/ozone-interface-storage/1.3.0-SNAPSHOT/ozone-interface-storage-1.3.0-SNAPSHOT.jar:/home/runner/.m2/repository/org/reflections/reflections/0.9.11/reflections-0.9.11.jar:/home/runner/.m2/repository/com/sun/jersey/jersey-client/1.19/jersey-client-1.19.jar:/home/runner/.m2/repository/org/apache/ranger/ranger-intg/2.3.0/ranger-intg-2.3.0.jar:/home/runner/.m2/repository/org/apache/ranger/ranger-plugins-common/2.3.0/ranger-plugins-common-2.3.0.jar:/home/runner/.m2/repository/commons-lang/commons-lang/2.6/commons-lang-2.6.jar:/home/runner/.m2/repository/org/codehaus/jackson/jackson-jaxrs/1.9.13/jackson-jaxrs-1.9.13.jar:/home/runner/.m2/repository/org/apache/ranger/ranger-plugins-cred/2.3.0/ranger-plugins-cred-2.3.0.jar:/home/runner/.m2/repository/org/apache/ranger/ranger-plugins-audit/2.3.0/ranger-plugins-audit-2.3.0.jar:/home/runner/.m2/repository/org/eclipse/jetty/jetty-client/9.4.31.v20200723/jetty-client-9.4.31.v20200723.jar:/home/runner/.m2/repository/org/apache/httpcomponents/httpmime/4.5.6/httpmime-4.5.6.jar:/home/runner/.m2/repository/org/apache/httpcomponents/httpcore-nio/4.4.6/httpcore-nio-4.4.6.jar:/home/runner/.m2/repository/org/apache/httpcomponents/httpasyncclient/4.1.3/httpasyncclient-4.1.3.jar:/home/runner/.m2/repository/com/carrotsearch/hppc/0.8.0/hppc-0.8.0.jar:/home/runner/.m2/repository/org/apache/orc/orc-core/1.5.8/orc-core-1.5.8.jar:/home/runner/.m2/repository/net/java/dev/jna/jna/5.2.0/jna-5.2.0.jar:/home/runner/.m2/repository/net/java/dev/jna/jna-platform/5.2.0/jna-platform-5.2.0.jar:/home/runner/.m2/repository/com/kstruct/gethostname4j/0.0.2/gethostname4j-0.0.2.jar:/home/runner/.m2/repository/org/apache/ranger/ranger-plugin-classloader/2.3.0/ranger-plugin-classloader-2.3.0.jar:/home/runner/.m2/repository/org/apache/hadoop/hadoop-minikdc/3.3.4/hadoop-minikdc-3.3.4.jar:/home/runner/.m2/repository/org/apache/kerby/kerb-simplekdc/1.0.1/kerb-simplekdc-1.0.1.jar:/home/runner/.m2/repository/org/apache/kerby/kerb-client/1.0.1/kerb-client-1.0.1.jar:/home/runner/.m2/repository/org/apache/kerby/kerby-config/1.0.1/kerby-config-1.0.1.jar:/home/runner/.m2/repository/org/apache/kerby/kerb-common/1.0.1/kerb-common-1.0.1.jar:/home/runner/.m2/repository/org/apache/kerby/kerb-crypto/1.0.1/kerb-crypto-1.0.1.jar:/home/runner/.m2/repository/org/apache/kerby/kerb-util/1.0.1/kerb-util-1.0.1.jar:/home/runner/.m2/repository/org/apache/kerby/token-provider/1.0.1/token-provider-1.0.1.jar:/home/runner/.m2/repository/org/apache/kerby/kerb-admin/1.0.1/kerb-admin-1.0.1.jar:/home/runner/.m2/repository/org/apache/kerby/kerb-server/1.0.1/kerb-server-1.0.1.jar:/home/runner/.m2/repository/org/apache/kerby/kerb-identity/1.0.1/kerb-identity-1.0.1.jar:/home/runner/.m2/repository/org/apache/kerby/kerby-xdr/1.0.1/kerby-xdr-1.0.1.jar:/home/runner/.m2/repository/org/apache/ozone/ozone-s3gateway/1.3.0-SNAPSHOT/ozone-s3gateway-1.3.0-SNAPSHOT.jar:/home/runner/.m2/repository/org/javassist/javassist/3.21.0-GA/javassist-3.21.0-GA.jar:/home/runner/.m2/repository/org/jboss/weld/servlet/weld-servlet/2.4.7.Final/weld-servlet-2.4.7.Final.jar:/home/runner/.m2/repository/org/glassfish/jersey/containers/jersey-container-servlet-core/2.34/jersey-container-servlet-core-2.34.jar:/home/runner/.m2/repository/org/glassfish/hk2/external/jakarta.inject/2.6.1/jakarta.inject-2.6.1.jar:/home/runner/.m2/repository/org/glassfish/jersey/core/jersey-common/2.34/jersey-common-2.34.jar:/home/runner/.m2/repository/jakarta/ws/rs/jakarta.ws.rs-api/2.1.6/jakarta.ws.rs-api-2.1.6.jar:/home/runner/.m2/repository/org/glassfish/jersey/ext/cdi/jersey-cdi1x/2.34/jersey-cdi1x-2.34.jar:/home/runner/.m2/repository/org/glassfish/jersey/inject/jersey-hk2/2.34/jersey-hk2-2.34.jar:/home/runner/.m2/repository/org/glassfish/hk2/hk2-locator/2.6.1/hk2-locator-2.6.1.jar:/home/runner/.m2/repository/org/glassfish/jersey/media/jersey-media-jaxb/2.34/jersey-media-jaxb-2.34.jar:/home/runner/.m2/repository/org/glassfish/hk2/osgi-resource-locator/1.0.3/osgi-resource-locator-1.0.3.jar:/home/runner/.m2/repository/org/glassfish/hk2/hk2-api/2.5.0/hk2-api-2.5.0.jar:/home/runner/.m2/repository/org/glassfish/hk2/hk2-utils/2.5.0/hk2-utils-2.5.0.jar:/home/runner/.m2/repository/org/glassfish/hk2/external/aopalliance-repackaged/2.5.0/aopalliance-repackaged-2.5.0.jar:/home/runner/.m2/repository/com/fasterxml/jackson/dataformat/jackson-dataformat-xml/2.13.4/jackson-dataformat-xml-2.13.4.jar:/home/runner/.m2/repository/com/fasterxml/jackson/core/jackson-core/2.13.4/jackson-core-2.13.4.jar:/home/runner/.m2/repository/org/codehaus/woodstox/stax2-api/4.2.1/stax2-api-4.2.1.jar:/home/runner/.m2/repository/com/fasterxml/woodstox/woodstox-core/5.4.0/woodstox-core-5.4.0.jar:/home/runner/.m2/repository/com/fasterxml/jackson/module/jackson-module-jaxb-annotations/2.13.4/jackson-module-jaxb-annotations-2.13.4.jar:/home/runner/.m2/repository/jakarta/xml/bind/jakarta.xml.bind-api/2.3.3/jakarta.xml.bind-api-2.3.3.jar:/home/runner/.m2/repository/jakarta/activation/jakarta.activation-api/1.2.1/jakarta.activation-api-1.2.1.jar:/home/runner/.m2/repository/javax/enterprise/cdi-api/1.2/cdi-api-1.2.jar:/home/runner/.m2/repository/javax/el/javax.el-api/3.0.0/javax.el-api-3.0.0.jar:/home/runner/.m2/repository/javax/interceptor/javax.interceptor-api/1.2/javax.interceptor-api-1.2.jar:/home/runner/.m2/repository/javax/inject/javax.inject/1/javax.inject-1.jar:/home/runner/.m2/repository/javax/xml/bind/jaxb-api/2.3.0/jaxb-api-2.3.0.jar:/home/runner/.m2/repository/org/glassfish/jaxb/jaxb-runtime/2.3.0.1/jaxb-runtime-2.3.0.1.jar:/home/runner/.m2/repository/org/glassfish/jaxb/jaxb-core/2.3.0.1/jaxb-core-2.3.0.1.jar:/home/runner/.m2/repository/org/glassfish/jaxb/txw2/2.3.0.1/txw2-2.3.0.1.jar:/home/runner/.m2/repository/com/sun/istack/istack-commons-runtime/3.0.5/istack-commons-runtime-3.0.5.jar:/home/runner/.m2/repository/org/jvnet/staxex/stax-ex/1.7.8/stax-ex-1.7.8.jar:/home/runner/.m2/repository/com/sun/xml/fastinfoset/FastInfoset/1.2.13/FastInfoset-1.2.13.jar:/home/runner/.m2/repository/javax/activation/activation/1.1.1/activation-1.1.1.jar:/home/runner/.m2/repository/io/grpc/grpc-protobuf/1.48.1/grpc-protobuf-1.48.1.jar:/home/runner/.m2/repository/io/grpc/grpc-api/1.48.1/grpc-api-1.48.1.jar:/home/runner/.m2/repository/io/grpc/grpc-context/1.48.1/grpc-context-1.48.1.jar:/home/runner/.m2/repository/com/google/api/grpc/proto-google-common-protos/2.9.0/proto-google-common-protos-2.9.0.jar:/home/runner/.m2/repository/io/grpc/grpc-protobuf-lite/1.48.1/grpc-protobuf-lite-1.48.1.jar:/home/runner/.m2/repository/io/grpc/grpc-stub/1.48.1/grpc-stub-1.48.1.jar:/home/runner/.m2/repository/io/netty/netty-transport/4.1.77.Final/netty-transport-4.1.77.Final.jar:/home/runner/.m2/repository/io/netty/netty-resolver/4.1.77.Final/netty-resolver-4.1.77.Final.jar:/home/runner/.m2/repository/org/apache/ozone/ozone-csi/1.3.0-SNAPSHOT/ozone-csi-1.3.0-SNAPSHOT.jar:/home/runner/.m2/repository/com/google/protobuf/protobuf-java-util/3.19.6/protobuf-java-util-3.19.6.jar:/home/runner/.m2/repository/com/google/code/gson/gson/2.9.0/gson-2.9.0.jar:/home/runner/.m2/repository/org/apache/ozone/hdds-config/1.3.0-SNAPSHOT/hdds-config-1.3.0-SNAPSHOT.jar:/home/runner/.m2/repository/io/netty/netty-transport-native-epoll/4.1.77.Final/netty-transport-native-epoll-4.1.77.Final-linux-x86_64.jar:/home/runner/.m2/repository/io/netty/netty-transport-classes-epoll/4.1.77.Final/netty-transport-classes-epoll-4.1.77.Final.jar:/home/runner/.m2/repository/io/netty/netty-transport-native-unix-common/4.1.77.Final/netty-transport-native-unix-common-4.1.77.Final.jar:/home/runner/.m2/repository/org/slf4j/slf4j-reload4j/1.7.36/slf4j-reload4j-1.7.36.jar:/home/runner/.m2/repository/org/apache/ozone/ozone-recon/1.3.0-SNAPSHOT/ozone-recon-1.3.0-SNAPSHOT.jar:/home/runner/.m2/repository/org/apache/ozone/ozone-reconcodegen/1.3.0-SNAPSHOT/ozone-reconcodegen-1.3.0-SNAPSHOT.jar:/home/runner/.m2/repository/com/google/inject/extensions/guice-multibindings/4.0/guice-multibindings-4.0.jar:/home/runner/.m2/repository/com/google/inject/guice/4.0/guice-4.0.jar:/home/runner/.m2/repository/aopalliance/aopalliance/1.0/aopalliance-1.0.jar:/home/runner/.m2/repository/com/google/inject/extensions/guice-assistedinject/4.0/guice-assistedinject-4.0.jar:/home/runner/.m2/repository/com/google/inject/extensions/guice-servlet/4.0/guice-servlet-4.0.jar:/home/runner/.m2/repository/org/glassfish/jersey/containers/jersey-container-servlet/2.34/jersey-container-servlet-2.34.jar:/home/runner/.m2/repository/org/glassfish/hk2/guice-bridge/2.5.0/guice-bridge-2.5.0.jar:/home/runner/.m2/repository/org/glassfish/jersey/core/jersey-server/2.34/jersey-server-2.34.jar:/home/runner/.m2/repository/org/glassfish/jersey/core/jersey-client/2.34/jersey-client-2.34.jar:/home/runner/.m2/repository/jakarta/annotation/jakarta.annotation-api/1.3.5/jakarta.annotation-api-1.3.5.jar:/home/runner/.m2/repository/jakarta/validation/jakarta.validation-api/2.0.2/jakarta.validation-api-2.0.2.jar:/home/runner/.m2/repository/org/glassfish/jersey/media/jersey-media-json-jackson/2.34/jersey-media-json-jackson-2.34.jar:/home/runner/.m2/repository/org/glassfish/jersey/ext/jersey-entity-filtering/2.34/jersey-entity-filtering-2.34.jar:/home/runner/.m2/repository/org/jooq/jooq/3.11.10/jooq-3.11.10.jar:/home/runner/.m2/repository/org/jooq/jooq-meta/3.11.10/jooq-meta-3.11.10.jar:/home/runner/.m2/repository/org/jooq/jooq-codegen/3.11.10/jooq-codegen-3.11.10.jar:/home/runner/.m2/repository/com/jolbox/bonecp/0.8.0.RELEASE/bonecp-0.8.0.RELEASE.jar:/home/runner/.m2/repository/org/apache/derby/derby/10.14.2.0/derby-10.14.2.0.jar:/home/runner/.m2/repository/org/xerial/sqlite-jdbc/3.25.2/sqlite-jdbc-3.25.2.jar:/home/runner/.m2/repository/org/springframework/spring-jdbc/5.3.23/spring-jdbc-5.3.23.jar:/home/runner/.m2/repository/org/springframework/spring-beans/5.3.23/spring-beans-5.3.23.jar:/home/runner/.m2/repository/org/springframework/spring-core/5.3.23/spring-core-5.3.23.jar:/home/runner/.m2/repository/org/springframework/spring-jcl/5.3.23/spring-jcl-5.3.23.jar:/home/runner/.m2/repository/org/springframework/spring-tx/5.3.23/spring-tx-5.3.23.jar:/home/runner/.m2/repository/org/apache/ozone/ozone-client/1.3.0-SNAPSHOT/ozone-client-1.3.0-SNAPSHOT.jar:/home/runner/.m2/repository/org/apache/ozone/hdds-erasurecode/1.3.0-SNAPSHOT/hdds-erasurecode-1.3.0-SNAPSHOT.jar:/home/runner/.m2/repository/org/apache/ozone/ozone-filesystem/1.3.0-SNAPSHOT/ozone-filesystem-1.3.0-SNAPSHOT.jar:/home/runner/.m2/repository/org/apache/ozone/ozone-filesystem-common/1.3.0-SNAPSHOT/ozone-filesystem-common-1.3.0-SNAPSHOT.jar:/home/runner/.m2/repository/org/apache/ozone/ozone-tools/1.3.0-SNAPSHOT/ozone-tools-1.3.0-SNAPSHOT.jar:/home/runner/.m2/repository/org/apache/ratis/ratis-tools/2.4.2-8b8bdda-SNAPSHOT/ratis-tools-2.4.2-8b8bdda-SNAPSHOT.jar:/home/runner/.m2/repository/com/amazonaws/aws-java-sdk-core/1.12.261/aws-java-sdk-core-1.12.261.jar:/home/runner/.m2/repository/org/apache/httpcomponents/httpclient/4.5.13/httpclient-4.5.13.jar:/home/runner/.m2/repository/org/apache/httpcomponents/httpcore/4.4.13/httpcore-4.4.13.jar:/home/runner/.m2/repository/software/amazon/ion/ion-java/1.0.2/ion-java-1.0.2.jar:/home/runner/.m2/repository/com/fasterxml/jackson/dataformat/jackson-dataformat-cbor/2.13.4/jackson-dataformat-cbor-2.13.4.jar:/home/runner/.m2/repository/joda-time/joda-time/2.8.1/joda-time-2.8.1.jar:/home/runner/.m2/repository/com/amazonaws/aws-java-sdk-s3/1.12.261/aws-java-sdk-s3-1.12.261.jar:/home/runner/.m2/repository/com/amazonaws/aws-java-sdk-kms/1.12.261/aws-java-sdk-kms-1.12.261.jar:/home/runner/.m2/repository/com/amazonaws/jmespath-java/1.12.261/jmespath-java-1.12.261.jar:/home/runner/.m2/repository/org/kohsuke/metainf-services/metainf-services/1.8/metainf-services-1.8.jar:/home/runner/.m2/repository/org/apache/ozone/hdds-tools/1.3.0-SNAPSHOT/hdds-tools-1.3.0-SNAPSHOT.jar:/home/runner/.m2/repository/commons-cli/commons-cli/1.2/commons-cli-1.2.jar:/home/runner/.m2/repository/org/apache/commons/commons-lang3/3.7/commons-lang3-3.7.jar:/home/runner/.m2/repository/org/apache/ozone/ozone-manager/1.3.0-SNAPSHOT/ozone-manager-1.3.0-SNAPSHOT-tests.jar:/home/runner/.m2/repository/org/apache/ozone/hdds-common/1.3.0-SNAPSHOT/hdds-common-1.3.0-SNAPSHOT-tests.jar:/home/runner/.m2/repository/org/apache/ozone/hdds-hadoop-dependency-client/1.3.0-SNAPSHOT/hdds-hadoop-dependency-client-1.3.0-SNAPSHOT.jar:/home/runner/.m2/repository/info/picocli/picocli/4.6.1/picocli-4.6.1.jar:/home/runner/.m2/repository/com/fasterxml/jackson/core/jackson-annotations/2.13.4/jackson-annotations-2.13.4.jar:/home/runner/.m2/repository/com/fasterxml/jackson/datatype/jackson-datatype-jsr310/2.13.4/jackson-datatype-jsr310-2.13.4.jar:/home/runner/.m2/repository/org/apache/ozone/hdds-annotation-processing/1.3.0-SNAPSHOT/hdds-annotation-processing-1.3.0-SNAPSHOT.jar:/home/runner/.m2/repository/javax/annotation/javax.annotation-api/1.2/javax.annotation-api-1.2.jar:/home/runner/.m2/repository/org/apache/ratis/ratis-server/2.4.2-8b8bdda-SNAPSHOT/ratis-server-2.4.2-8b8bdda-SNAPSHOT.jar:/home/runner/.m2/repository/org/apache/ratis/ratis-client/2.4.2-8b8bdda-SNAPSHOT/ratis-client-2.4.2-8b8bdda-SNAPSHOT.jar:/home/runner/.m2/repository/org/apache/ratis/ratis-server-api/2.4.2-8b8bdda-SNAPSHOT/ratis-server-api-2.4.2-8b8bdda-SNAPSHOT.jar:/home/runner/.m2/repository/org/apache/ratis/ratis-metrics/2.4.2-8b8bdda-SNAPSHOT/ratis-metrics-2.4.2-8b8bdda-SNAPSHOT.jar:/home/runner/.m2/repository/org/apache/ratis/ratis-netty/2.4.2-8b8bdda-SNAPSHOT/ratis-netty-2.4.2-8b8bdda-SNAPSHOT.jar:/home/runner/.m2/repository/org/apache/ratis/ratis-grpc/2.4.2-8b8bdda-SNAPSHOT/ratis-grpc-2.4.2-8b8bdda-SNAPSHOT.jar:/home/runner/.m2/repository/org/apache/logging/log4j/log4j-api/2.17.1/log4j-api-2.17.1.jar:/home/runner/.m2/repository/org/apache/commons/commons-pool2/2.6.0/commons-pool2-2.6.0.jar:/home/runner/.m2/repository/org/bouncycastle/bcpkix-jdk15on/1.67/bcpkix-jdk15on-1.67.jar:/home/runner/.m2/repository/commons-validator/commons-validator/1.6/commons-validator-1.6.jar:/home/runner/.m2/repository/commons-beanutils/commons-beanutils/1.9.4/commons-beanutils-1.9.4.jar:/home/runner/.m2/repository/commons-digester/commons-digester/1.8.1/commons-digester-1.8.1.jar:/home/runner/.m2/repository/commons-collections/commons-collections/3.2.2/commons-collections-3.2.2.jar:/home/runner/.m2/repository/io/jaegertracing/jaeger-client/1.6.0/jaeger-client-1.6.0.jar:/home/runner/.m2/repository/io/jaegertracing/jaeger-thrift/1.6.0/jaeger-thrift-1.6.0.jar:/home/runner/.m2/repository/org/apache/thrift/libthrift/0.14.1/libthrift-0.14.1.jar:/home/runner/.m2/repository/io/jaegertracing/jaeger-core/1.6.0/jaeger-core-1.6.0.jar:/home/runner/.m2/repository/io/jaegertracing/jaeger-tracerresolver/1.6.0/jaeger-tracerresolver-1.6.0.jar:/home/runner/.m2/repository/io/opentracing/contrib/opentracing-tracerresolver/0.1.8/opentracing-tracerresolver-0.1.8.jar:/home/runner/.m2/repository/org/jetbrains/kotlin/kotlin-stdlib/1.6.21/kotlin-stdlib-1.6.21.jar:/home/runner/.m2/repository/org/jetbrains/annotations/13.0/annotations-13.0.jar:/home/runner/.m2/repository/io/opentracing/opentracing-util/0.33.0/opentracing-util-0.33.0.jar:/home/runner/.m2/repository/io/opentracing/opentracing-api/0.33.0/opentracing-api-0.33.0.jar:/home/runner/.m2/repository/io/opentracing/opentracing-noop/0.33.0/opentracing-noop-0.33.0.jar:/home/runner/.m2/repository/org/yaml/snakeyaml/1.33/snakeyaml-1.33.jar:/home/runner/.m2/repository/org/apache/ozone/hdds-interface-admin/1.3.0-SNAPSHOT/hdds-interface-admin-1.3.0-SNAPSHOT.jar:/home/runner/.m2/repository/junit/junit/4.13.1/junit-4.13.1.jar:/home/runner/.m2/repository/org/hamcrest/hamcrest-core/1.3/hamcrest-core-1.3.jar:/home/runner/.m2/repository/org/junit/jupiter/junit-jupiter-api/5.8.2/junit-jupiter-api-5.8.2.jar:/home/runner/.m2/repository/org/opentest4j/opentest4j/1.2.0/opentest4j-1.2.0.jar:/home/runner/.m2/repository/org/junit/platform/junit-platform-commons/1.8.2/junit-platform-commons-1.8.2.jar:/home/runner/.m2/repository/org/apiguardian/apiguardian-api/1.1.2/apiguardian-api-1.1.2.jar:/home/runner/.m2/repository/org/junit/jupiter/junit-jupiter-params/5.8.2/junit-jupiter-params-5.8.2.jar:/home/runner/.m2/repository/org/junit/jupiter/junit-jupiter-migrationsupport/5.8.2/junit-jupiter-migrationsupport-5.8.2.jar:/home/runner/.m2/repository/org/junit/jupiter/junit-jupiter-engine/5.8.2/junit-jupiter-engine-5.8.2.jar:/home/runner/.m2/repository/org/junit/platform/junit-platform-engine/1.8.2/junit-platform-engine-1.8.2.jar:/home/runner/.m2/repository/org/junit/vintage/junit-vintage-engine/5.8.2/junit-vintage-engine-5.8.2.jar:/home/runner/.m2/repository/org/junit/platform/junit-platform-launcher/1.8.2/junit-platform-launcher-1.8.2.jar:/home/runner/.m2/repository/org/mockito/mockito-core/2.28.2/mockito-core-2.28.2.jar:/home/runner/.m2/repository/net/bytebuddy/byte-buddy/1.9.10/byte-buddy-1.9.10.jar:/home/runner/.m2/repository/net/bytebuddy/byte-buddy-agent/1.9.10/byte-buddy-agent-1.9.10.jar:/home/runner/.m2/repository/org/objenesis/objenesis/1.0/objenesis-1.0.jar:/home/runner/.m2/repository/org/apache/hadoop/hadoop-kms/3.3.4/hadoop-kms-3.3.4.jar:/home/runner/.m2/repository/org/apache/hadoop/hadoop-auth/3.3.4/hadoop-auth-3.3.4.jar:/home/runner/.m2/repository/com/nimbusds/nimbus-jose-jwt/9.8.1/nimbus-jose-jwt-9.8.1.jar:/home/runner/.m2/repository/com/github/stephenc/jcip/jcip-annotations/1.0-1/jcip-annotations-1.0-1.jar:/home/runner/.m2/repository/net/minidev/json-smart/2.4.7/json-smart-2.4.7.jar:/home/runner/.m2/repository/net/minidev/accessors-smart/2.4.7/accessors-smart-2.4.7.jar:/home/runner/.m2/repository/org/ow2/asm/asm/5.0.4/asm-5.0.4.jar:/home/runner/.m2/repository/org/apache/zookeeper/zookeeper/3.5.6/zookeeper-3.5.6.jar:/home/runner/.m2/repository/org/apache/zookeeper/zookeeper-jute/3.5.6/zookeeper-jute-3.5.6.jar:/home/runner/.m2/repository/org/apache/yetus/audience-annotations/0.5.0/audience-annotations-0.5.0.jar:/home/runner/.m2/repository/org/apache/curator/curator-framework/4.2.0/curator-framework-4.2.0.jar:/home/runner/.m2/repository/org/apache/hadoop/thirdparty/hadoop-shaded-guava/1.1.1/hadoop-shaded-guava-1.1.1.jar:/home/runner/.m2/repository/com/sun/jersey/jersey-core/1.19/jersey-core-1.19.jar:/home/runner/.m2/repository/javax/ws/rs/jsr311-api/1.1.1/jsr311-api-1.1.1.jar:/home/runner/.m2/repository/com/sun/jersey/jersey-server/1.19/jersey-server-1.19.jar:/home/runner/.m2/repository/javax/servlet/javax.servlet-api/3.1.0/javax.servlet-api-3.1.0.jar:/home/runner/.m2/repository/org/eclipse/jetty/jetty-server/9.4.49.v20220914/jetty-server-9.4.49.v20220914.jar:/home/runner/.m2/repository/org/eclipse/jetty/jetty-http/9.4.49.v20220914/jetty-http-9.4.49.v20220914.jar:/home/runner/.m2/repository/org/eclipse/jetty/jetty-io/9.4.49.v20220914/jetty-io-9.4.49.v20220914.jar:/home/runner/.m2/repository/org/eclipse/jetty/jetty-webapp/9.4.49.v20220914/jetty-webapp-9.4.49.v20220914.jar:/home/runner/.m2/repository/org/eclipse/jetty/jetty-xml/9.4.49.v20220914/jetty-xml-9.4.49.v20220914.jar:/home/runner/.m2/repository/org/apache/hadoop/hadoop-common/3.3.4/hadoop-common-3.3.4.jar:/home/runner/.m2/repository/org/apache/commons/commons-math3/3.1.1/commons-math3-3.1.1.jar:/home/runner/.m2/repository/commons-net/commons-net/3.9.0/commons-net-3.9.0.jar:/home/runner/.m2/repository/com/sun/jersey/jersey-servlet/1.19/jersey-servlet-1.19.jar:/home/runner/.m2/repository/com/sun/jersey/jersey-json/1.19/jersey-json-1.19.jar:/home/runner/.m2/repository/org/codehaus/jettison/jettison/1.1/jettison-1.1.jar:/home/runner/.m2/repository/com/sun/xml/bind/jaxb-impl/2.2.3-1/jaxb-impl-2.2.3-1.jar:/home/runner/.m2/repository/org/codehaus/jackson/jackson-xc/1.9.2/jackson-xc-1.9.2.jar:/home/runner/.m2/repository/com/google/re2j/re2j/1.1/re2j-1.1.jar:/home/runner/.m2/repository/com/jcraft/jsch/0.1.54/jsch-0.1.54.jar:/home/runner/.m2/repository/org/apache/curator/curator-client/4.2.0/curator-client-4.2.0.jar:/home/runner/.m2/repository/org/apache/curator/curator-recipes/4.2.0/curator-recipes-4.2.0.jar:/home/runner/.m2/repository/org/apache/kerby/kerb-core/1.0.1/kerb-core-1.0.1.jar:/home/runner/.m2/repository/org/apache/kerby/kerby-pkix/1.0.1/kerby-pkix-1.0.1.jar:/home/runner/.m2/repository/org/apache/kerby/kerby-asn1/1.0.1/kerby-asn1-1.0.1.jar:/home/runner/.m2/repository/org/apache/kerby/kerby-util/1.0.1/kerby-util-1.0.1.jar:/home/runner/.m2/repository/dnsjava/dnsjava/2.1.7/dnsjava-2.1.7.jar:/home/runner/.m2/repository/org/xerial/snappy/snappy-java/1.1.8.2/snappy-java-1.1.8.2.jar:/home/runner/.m2/repository/org/eclipse/jetty/jetty-util/9.4.49.v20220914/jetty-util-9.4.49.v20220914.jar:/home/runner/.m2/repository/com/fasterxml/jackson/core/jackson-databind/2.13.4.2/jackson-databind-2.13.4.2.jar:/home/runner/.m2/repository/org/apache/hadoop/hadoop-kms/3.3.4/hadoop-kms-3.3.4-tests.jar:/home/runner/.m2/repository/org/apache/ozone/hdds-server-scm/1.3.0-SNAPSHOT/hdds-server-scm-1.3.0-SNAPSHOT-tests.jar:/home/runner/.m2/repository/org/apache/ozone/hdds-container-service/1.3.0-SNAPSHOT/hdds-container-service-1.3.0-SNAPSHOT-tests.jar:/home/runner/.m2/repository/commons-codec/commons-codec/1.15/commons-codec-1.15.jar:/home/runner/.m2/repository/io/netty/netty-codec/4.1.77.Final/netty-codec-4.1.77.Final.jar:/home/runner/.m2/repository/io/netty/netty-handler/4.1.77.Final/netty-handler-4.1.77.Final.jar:/home/runner/.m2/repository/org/apache/ozone/hdds-hadoop-dependency-test/1.3.0-SNAPSHOT/hdds-hadoop-dependency-test-1.3.0-SNAPSHOT.jar:/home/runner/.m2/repository/org/apache/hadoop/hadoop-common/3.3.4/hadoop-common-3.3.4-tests.jar:/home/runner/.m2/repository/org/apache/hadoop/hadoop-hdfs/3.3.4/hadoop-hdfs-3.3.4-tests.jar:/home/runner/.m2/repository/org/assertj/assertj-core/3.12.2/assertj-core-3.12.2.jar:/home/runner/.m2/repository/org/apache/hadoop/hadoop-distcp/3.3.4/hadoop-distcp-3.3.4.jar:/home/runner/.m2/repository/org/apache/hadoop/hadoop-mapreduce-client-jobclient/3.3.4/hadoop-mapreduce-client-jobclient-3.3.4.jar:/home/runner/.m2/repository/org/apache/hadoop/hadoop-mapreduce-client-common/3.3.4/hadoop-mapreduce-client-common-3.3.4.jar:/home/runner/.m2/repository/org/apache/hadoop/hadoop-yarn-common/3.3.4/hadoop-yarn-common-3.3.4.jar:/home/runner/.m2/repository/org/apache/hadoop/hadoop-yarn-api/3.3.4/hadoop-yarn-api-3.3.4.jar:/home/runner/.m2/repository/com/sun/jersey/contribs/jersey-guice/1.19/jersey-guice-1.19.jar:/home/runner/.m2/repository/com/fasterxml/jackson/jaxrs/jackson-jaxrs-json-provider/2.13.4/jackson-jaxrs-json-provider-2.13.4.jar:/home/runner/.m2/repository/com/fasterxml/jackson/jaxrs/jackson-jaxrs-base/2.13.4/jackson-jaxrs-base-2.13.4.jar:/home/runner/.m2/repository/org/apache/hadoop/hadoop-yarn-client/3.3.4/hadoop-yarn-client-3.3.4.jar:/home/runner/.m2/repository/org/eclipse/jetty/websocket/websocket-client/9.4.43.v20210629/websocket-client-9.4.43.v20210629.jar:/home/runner/.m2/repository/org/eclipse/jetty/websocket/websocket-common/9.4.43.v20210629/websocket-common-9.4.43.v20210629.jar:/home/runner/.m2/repository/org/eclipse/jetty/websocket/websocket-api/9.4.43.v20210629/websocket-api-9.4.43.v20210629.jar:/home/runner/.m2/repository/org/jline/jline/3.9.0/jline-3.9.0.jar:/home/runner/.m2/repository/org/apache/hadoop/hadoop-mapreduce-client-core/3.3.4/hadoop-mapreduce-client-core-3.3.4.jar:/home/runner/.m2/repository/org/apache/avro/avro/1.7.7/avro-1.7.7.jar:/home/runner/.m2/repository/org/codehaus/jackson/jackson-core-asl/1.9.13/jackson-core-asl-1.9.13.jar:/home/runner/.m2/repository/org/codehaus/jackson/jackson-mapper-asl/1.9.13/jackson-mapper-asl-1.9.13.jar:/home/runner/.m2/repository/com/thoughtworks/paranamer/paranamer/2.3/paranamer-2.3.jar:/home/runner/.m2/repository/org/apache/hadoop/hadoop-annotations/3.3.4/hadoop-annotations-3.3.4.jar:/usr/lib/jvm/temurin-8-jdk-amd64/jre/../lib/tools.jar:/home/runner/.m2/repository/io/netty/netty/3.10.6.Final/netty-3.10.6.Final.jar:/home/runner/.m2/repository/org/apache/hadoop/hadoop-distcp/3.3.4/hadoop-distcp-3.3.4-tests.jar:/home/runner/.m2/repository/org/slf4j/jul-to-slf4j/1.7.36/jul-to-slf4j-1.7.36.jar:/home/runner/.m2/repository/org/apache/ratis/ratis-common/2.4.2-8b8bdda-SNAPSHOT/ratis-common-2.4.2-8b8bdda-SNAPSHOT.jar:/home/runner/.m2/repository/org/apache/ratis/ratis-thirdparty-misc/1.0.3/ratis-thirdparty-misc-1.0.3.jar:/home/runner/.m2/repository/org/apache/ratis/ratis-proto/2.4.2-8b8bdda-SNAPSHOT/ratis-proto-2.4.2-8b8bdda-SNAPSHOT.jar:"/>
    <property name="sun.cpu.endian" value="little"/>
    <property name="user.home" value="/home/runner"/>
    <property name="user.language" value="en"/>
    <property name="java.specification.vendor" value="Oracle Corporation"/>
    <property name="java.home" value="/usr/lib/jvm/temurin-8-jdk-amd64/jre"/>
    <property name="java.security.krb5.conf" value="/home/runner/work/ozone/ozone/hadoop-ozone/integration-test/target/test-classes/krb5.conf"/>
    <property name="basedir" value="/home/runner/work/ozone/ozone/hadoop-ozone/integration-test"/>
    <property name="file.separator" value="/"/>
    <property name="line.separator" value="&#10;"/>
    <property name="java.vm.specification.vendor" value="Oracle Corporation"/>
    <property name="java.specification.name" value="Java Platform API Specification"/>
    <property name="java.awt.graphicsenv" value="sun.awt.X11GraphicsEnvironment"/>
    <property name="skip.installnpx" value="true"/>
    <property name="surefire.real.class.path" value="/home/runner/work/ozone/ozone/hadoop-ozone/integration-test/target/surefire/surefirebooter3230317087997131549.jar:/home/runner/.m2/repository/org/jacoco/org.jacoco.agent/0.8.5/org.jacoco.agent-0.8.5-runtime.jar"/>
    <property name="hadoop.log.dir" value="/home/runner/work/ozone/ozone/hadoop-ozone/integration-test/target/log"/>
    <property name="sun.boot.class.path" value="/usr/lib/jvm/temurin-8-jdk-amd64/jre/lib/resources.jar:/usr/lib/jvm/temurin-8-jdk-amd64/jre/lib/rt.jar:/usr/lib/jvm/temurin-8-jdk-amd64/jre/lib/sunrsasign.jar:/usr/lib/jvm/temurin-8-jdk-amd64/jre/lib/jsse.jar:/usr/lib/jvm/temurin-8-jdk-amd64/jre/lib/jce.jar:/usr/lib/jvm/temurin-8-jdk-amd64/jre/lib/charsets.jar:/usr/lib/jvm/temurin-8-jdk-amd64/jre/lib/jfr.jar:/usr/lib/jvm/temurin-8-jdk-amd64/jre/classes"/>
    <property name="sun.management.compiler" value="HotSpot 64-Bit Tiered Compilers"/>
    <property name="skip.npx" value="true"/>
    <property name="java.runtime.version" value="1.8.0_352-b08"/>
    <property name="java.net.preferIPv4Stack" value="true"/>
    <property name="user.name" value="runner"/>
    <property name="path.separator" value=":"/>
    <property name="java.security.egd" value="file:///dev/urandom"/>
    <property name="os.version" value="5.15.0-1023-azure"/>
    <property name="java.endorsed.dirs" value="/usr/lib/jvm/temurin-8-jdk-amd64/jre/lib/endorsed"/>
    <property name="java.runtime.name" value="OpenJDK Runtime Environment"/>
    <property name="file.encoding" value="UTF-8"/>
    <property name="java.vm.name" value="OpenJDK 64-Bit Server VM"/>
    <property name="test.build.webapps" value=""/>
    <property name="localRepository" value="/home/runner/.m2/repository"/>
    <property name="jetty.git.hash" value="4231a3b2e4cb8548a412a789936d640a97b1aa0a"/>
    <property name="java.vendor.url.bug" value="https://github.com/adoptium/adoptium-support/issues"/>
    <property name="java.io.tmpdir" value="/tmp"/>
    <property name="require.test.libhadoop" value=""/>
    <property name="java.version" value="1.8.0_352"/>
    <property name="user.dir" value="/home/runner/work/ozone/ozone/hadoop-ozone/integration-test"/>
    <property name="os.arch" value="amd64"/>
    <property name="java.vm.specification.name" value="Java Virtual Machine Specification"/>
    <property name="test.build.classes" value="/home/runner/work/ozone/ozone/hadoop-ozone/integration-test/target/test-classes"/>
    <property name="java.awt.printerjob" value="sun.print.PSPrinterJob"/>
    <property name="sun.os.patch.level" value="unknown"/>
    <property name="org.apache.ratis.thirdparty.io.netty.allocator.useCacheForAllThreads" value="false"/>
    <property name="hadoop.tmp.dir" value="/home/runner/work/ozone/ozone/hadoop-ozone/integration-test/target/tmp"/>
    <property name="java.library.path" value="/usr/java/packages/lib/amd64:/usr/lib64:/lib64:/lib:/usr/lib"/>
    <property name="java.vm.info" value="mixed mode"/>
    <property name="java.vendor" value="Temurin"/>
    <property name="java.vm.version" value="25.352-b08"/>
    <property name="java.specification.maintenance.version" value="4"/>
    <property name="java.ext.dirs" value="/usr/lib/jvm/temurin-8-jdk-amd64/jre/lib/ext:/usr/java/packages/lib/ext"/>
    <property name="sun.io.unicode.encoding" value="UnicodeLittle"/>
    <property name="java.class.version" value="52.0"/>
  </properties>
  <testcase name="testAutomaticPipelineCreationOnPipelineDestroy" classname="org.apache.hadoop.hdds.scm.pipeline.TestRatisPipelineCreateAndDestroy" time="42.721">
    <system-out><![CDATA[2022-12-19 18:38:33,828 [main] WARN  server.ServerUtils (ServerUtils.java:getScmDbDir(148)) - ozone.scm.db.dirs is not configured. We recommend adding this setting. Falling back to ozone.metadata.dirs instead.
2022-12-19 18:38:33,931 [main] WARN  server.ServerUtils (ServerUtils.java:getScmDbDir(148)) - ozone.scm.db.dirs is not configured. We recommend adding this setting. Falling back to ozone.metadata.dirs instead.
2022-12-19 18:38:33,938 [main] INFO  ha.SCMHANodeDetails (SCMHANodeDetails.java:loadSCMHAConfig(209)) - ServiceID for StorageContainerManager is null
2022-12-19 18:38:33,957 [main] WARN  ha.SCMHANodeDetails (SCMHANodeDetails.java:validateSCMHAConfig(182)) - Invalid config ozone.scm.ratis.enable. The config was not specified, but the default value true conflicts with the expected config value false. Falling back to the expected value. Current State of SCM: SCM is running in Non-HA without Ratis Ratis SCM -> Non Ratis SCM or Non HA SCM -> HA SCM is not supported
2022-12-19 18:38:33,957 [main] INFO  ha.SCMHANodeDetails (SCMHANodeDetails.java:loadSCMHAConfig(214)) - ozone.scm.default.service.id is not defined, falling back to ozone.scm.service.ids to find serviceID for StorageContainerManager if it is HA enabled cluster
2022-12-19 18:38:34,376 [main] WARN  utils.HAUtils (HAUtils.java:getMetaDir(342)) - ozone.scm.db.dirs is not configured. We recommend adding this setting. Falling back to ozone.metadata.dirs instead.
2022-12-19 18:38:34,503 [main] WARN  db.DBStoreBuilder (DBStoreBuilder.java:applyDBDefinition(144)) - ozone.scm.db.dirs is not configured. We recommend adding this setting. Falling back to ozone.metadata.dirs instead.
2022-12-19 18:38:34,762 [main] INFO  net.NodeSchemaLoader (NodeSchemaLoader.java:loadSchemaFromFile(129)) - Loading schema from [jar:file:/home/runner/.m2/repository/org/apache/ozone/hdds-common/1.3.0-SNAPSHOT/hdds-common-1.3.0-SNAPSHOT.jar!/network-topology-default.xml]
2022-12-19 18:38:34,764 [main] INFO  net.NodeSchemaLoader (NodeSchemaLoader.java:loadSchema(176)) - Loading network topology layer schema file
2022-12-19 18:38:34,798 [main] INFO  metrics.MetricRegistries (MetricRegistriesLoader.java:load(64)) - Loaded MetricRegistries class org.apache.ratis.metrics.impl.MetricRegistriesImpl
2022-12-19 18:38:34,804 [main] INFO  upgrade.AbstractLayoutVersionManager (AbstractLayoutVersionManager.java:init(83)) - Initializing Layout version manager with metadata layout = DATANODE_SCHEMA_V3 (version = 4), software layout = DATANODE_SCHEMA_V3 (version = 4)
2022-12-19 18:38:35,039 [main] INFO  reflections.Reflections (Reflections.java:scan(232)) - Reflections took 179 ms to scan 7 urls, producing 146 keys and 348 values 
2022-12-19 18:38:35,124 [main] INFO  ha.SequenceIdGenerator (SequenceIdGenerator.java:upgradeToSequenceId(349)) - upgrade localId to 109611004723200000
2022-12-19 18:38:35,124 [main] INFO  ha.SequenceIdGenerator (SequenceIdGenerator.java:upgradeToSequenceId(359)) - upgrade delTxnId to 0
2022-12-19 18:38:35,127 [main] INFO  ha.SequenceIdGenerator (SequenceIdGenerator.java:upgradeToSequenceId(376)) - upgrade containerId to 0
2022-12-19 18:38:35,129 [main] INFO  ha.SequenceIdGenerator (SequenceIdGenerator.java:<init>(220)) - Init the HA SequenceIdGenerator.
2022-12-19 18:38:35,179 [main] INFO  node.SCMNodeManager (SCMNodeManager.java:<init>(149)) - Entering startup safe mode.
2022-12-19 18:38:35,234 [main] INFO  algorithms.ContainerPlacementPolicyFactory (ContainerPlacementPolicyFactory.java:getPolicyInternal(86)) - Create container placement policy of type org.apache.hadoop.hdds.scm.container.placement.algorithms.SCMContainerPlacementRandom
2022-12-19 18:38:35,237 [main] INFO  algorithms.ContainerPlacementPolicyFactory (ContainerPlacementPolicyFactory.java:getPolicyInternal(86)) - Create container placement policy of type org.apache.hadoop.hdds.scm.container.placement.algorithms.SCMContainerPlacementRackScatter
2022-12-19 18:38:35,245 [main] INFO  pipeline.PipelineStateManagerImpl (PipelineStateManagerImpl.java:initialize(78)) - No pipeline exists in current db
2022-12-19 18:38:35,275 [main] INFO  algorithms.LeaderChoosePolicyFactory (LeaderChoosePolicyFactory.java:getPolicy(57)) - Create leader choose policy of type org.apache.hadoop.hdds.scm.pipeline.leader.choose.algorithms.MinLeaderCountChoosePolicy
2022-12-19 18:38:35,275 [main] INFO  algorithms.ContainerPlacementPolicyFactory (ContainerPlacementPolicyFactory.java:getPolicyInternal(86)) - Create container placement policy of type org.apache.hadoop.hdds.scm.container.placement.algorithms.SCMContainerPlacementRackScatter
2022-12-19 18:38:35,280 [main] INFO  ha.SCMServiceManager (SCMServiceManager.java:register(42)) - Registering service BackgroundPipelineCreator.
2022-12-19 18:38:35,280 [main] INFO  pipeline.BackgroundPipelineCreator (BackgroundPipelineCreator.java:start(124)) - Starting RatisPipelineUtilsThread.
2022-12-19 18:38:35,284 [main] INFO  BackgroundPipelineScrubber (BackgroundSCMService.java:start(68)) - Starting BackgroundPipelineScrubber Service.
2022-12-19 18:38:35,287 [main] INFO  ha.SCMServiceManager (SCMServiceManager.java:register(42)) - Registering service BackgroundPipelineScrubber.
2022-12-19 18:38:35,293 [main] INFO  ExpiredContainerReplicaOpScrubber (BackgroundSCMService.java:start(68)) - Starting ExpiredContainerReplicaOpScrubber Service.
2022-12-19 18:38:35,302 [main] INFO  ha.SCMServiceManager (SCMServiceManager.java:register(42)) - Registering service ExpiredContainerReplicaOpScrubber.
2022-12-19 18:38:35,344 [main] INFO  algorithms.PipelineChoosePolicyFactory (PipelineChoosePolicyFactory.java:createPipelineChoosePolicyFromClass(73)) - Create pipeline choose policy of type org.apache.hadoop.hdds.scm.pipeline.choose.algorithms.RandomPipelineChoosePolicy
2022-12-19 18:38:35,364 [main] INFO  ha.SCMServiceManager (SCMServiceManager.java:register(42)) - Registering service SCMBlockDeletingService.
2022-12-19 18:38:35,418 [main] INFO  replication.ReplicationManager (ReplicationManager.java:start(261)) - Starting Replication Monitor Thread.
2022-12-19 18:38:35,426 [main] INFO  ha.SCMServiceManager (SCMServiceManager.java:register(42)) - Registering service ReplicationManager.
2022-12-19 18:38:35,431 [ReplicationMonitor] INFO  replication.ReplicationManager (ReplicationManager.java:processAll(330)) - Replication Manager is not ready to run until 3000ms after safemode exit
2022-12-19 18:38:35,438 [main] INFO  safemode.ContainerSafeModeRule (ContainerSafeModeRule.java:<init>(89)) - containers with one replica threshold count 0
2022-12-19 18:38:35,442 [main] INFO  safemode.HealthyPipelineSafeModeRule (HealthyPipelineSafeModeRule.java:initializeRule(169)) - Total pipeline count is 0, healthy pipeline threshold count is 1
2022-12-19 18:38:35,444 [main] INFO  safemode.OneReplicaPipelineSafeModeRule (OneReplicaPipelineSafeModeRule.java:initializeRule(180)) - Total pipeline count is 0, pipeline's with at least one datanode reported threshold count is 0
2022-12-19 18:38:35,690 [main] INFO  audit.AuditLogger (AuditLogger.java:refreshDebugCmdSet(126)) - Refresh DebugCmdSet for SCMAudit to [].
2022-12-19 18:38:35,715 [main] INFO  ipc.CallQueueManager (CallQueueManager.java:<init>(90)) - Using callQueue: class java.util.concurrent.LinkedBlockingQueue, queueCapacity: 2000, scheduler: class org.apache.hadoop.ipc.DefaultRpcScheduler, ipcBackoff: false.
2022-12-19 18:38:35,748 [Socket Reader #1 for port 0] INFO  ipc.Server (Server.java:run(1273)) - Starting Socket Reader #1 for port 0
2022-12-19 18:38:35,799 [Listener at 0.0.0.0/38039] INFO  audit.AuditLogger (AuditLogger.java:refreshDebugCmdSet(126)) - Refresh DebugCmdSet for SCMAudit to [].
2022-12-19 18:38:35,804 [Listener at 0.0.0.0/38039] INFO  ipc.CallQueueManager (CallQueueManager.java:<init>(90)) - Using callQueue: class java.util.concurrent.LinkedBlockingQueue, queueCapacity: 2000, scheduler: class org.apache.hadoop.ipc.DefaultRpcScheduler, ipcBackoff: false.
2022-12-19 18:38:35,805 [Socket Reader #1 for port 0] INFO  ipc.Server (Server.java:run(1273)) - Starting Socket Reader #1 for port 0
2022-12-19 18:38:35,830 [Listener at 0.0.0.0/37015] INFO  audit.AuditLogger (AuditLogger.java:refreshDebugCmdSet(126)) - Refresh DebugCmdSet for SCMAudit to [].
2022-12-19 18:38:35,840 [Listener at 0.0.0.0/37015] INFO  ipc.CallQueueManager (CallQueueManager.java:<init>(90)) - Using callQueue: class java.util.concurrent.LinkedBlockingQueue, queueCapacity: 2000, scheduler: class org.apache.hadoop.ipc.DefaultRpcScheduler, ipcBackoff: false.
2022-12-19 18:38:35,841 [Socket Reader #1 for port 0] INFO  ipc.Server (Server.java:run(1273)) - Starting Socket Reader #1 for port 0
2022-12-19 18:38:35,872 [Listener at 0.0.0.0/45357] INFO  ha.SCMServiceManager (SCMServiceManager.java:register(42)) - Registering service ContainerBalancer.
2022-12-19 18:38:35,873 [Listener at 0.0.0.0/45357] INFO  server.StorageContainerManager (StorageContainerManager.java:<init>(398)) - 
Container Balancer status:
Key                            Value
Running                        true
Container Balancer Configuration values:
Key                                                Value
Threshold                                          10
Max Datanodes to Involve per Iteration(percent)    20
Max Size to Move per Iteration                     500GB
Max Size Entering Target per Iteration             26GB
Max Size Leaving Source per Iteration              26GB

2022-12-19 18:38:35,874 [Listener at 0.0.0.0/45357] INFO  ha.SCMContext (SCMContext.java:updateSafeModeStatus(228)) - Update SafeModeStatus from SafeModeStatus{safeModeStatus=true, preCheckPassed=false} to SafeModeStatus{safeModeStatus=true, preCheckPassed=false}.
2022-12-19 18:38:35,877 [Listener at 0.0.0.0/45357] INFO  server.StorageContainerManager (StorageContainerManager.java:start(1420)) - StorageContainerLocationProtocol RPC server is listening at /0.0.0.0:45357
2022-12-19 18:38:35,993 [Listener at 0.0.0.0/45357] WARN  impl.MetricsConfig (MetricsConfig.java:loadFirst(136)) - Cannot locate configuration: tried hadoop-metrics2-storagecontainermanager.properties,hadoop-metrics2.properties
2022-12-19 18:38:36,013 [Listener at 0.0.0.0/45357] INFO  impl.MetricsSystemImpl (MetricsSystemImpl.java:startTimer(378)) - Scheduled Metric snapshot period at 10 second(s).
2022-12-19 18:38:36,013 [Listener at 0.0.0.0/45357] INFO  impl.MetricsSystemImpl (MetricsSystemImpl.java:start(191)) - StorageContainerManager metrics system started
2022-12-19 18:38:36,224 [Listener at 0.0.0.0/45357] INFO  server.SCMClientProtocolServer (SCMClientProtocolServer.java:start(170)) - RPC server for Client  is listening at /0.0.0.0:45357
2022-12-19 18:38:36,224 [IPC Server Responder] INFO  ipc.Server (Server.java:run(1512)) - IPC Server Responder: starting
2022-12-19 18:38:36,225 [IPC Server listener on 0] INFO  ipc.Server (Server.java:run(1352)) - IPC Server listener on 0: starting
2022-12-19 18:38:36,228 [Listener at 0.0.0.0/45357] INFO  server.StorageContainerManager (StorageContainerManager.java:start(1434)) - ScmBlockLocationProtocol RPC server is listening at /0.0.0.0:37015
2022-12-19 18:38:36,228 [Listener at 0.0.0.0/45357] INFO  server.SCMBlockProtocolServer (SCMBlockProtocolServer.java:start(152)) - RPC server for Block Protocol is listening at /0.0.0.0:37015
2022-12-19 18:38:36,229 [IPC Server Responder] INFO  ipc.Server (Server.java:run(1512)) - IPC Server Responder: starting
2022-12-19 18:38:36,229 [IPC Server listener on 0] INFO  ipc.Server (Server.java:run(1352)) - IPC Server listener on 0: starting
2022-12-19 18:38:36,231 [Listener at 0.0.0.0/45357] INFO  server.SCMDatanodeProtocolServer (SCMDatanodeProtocolServer.java:start(194)) - ScmDatanodeProtocol RPC server for DataNodes is listening at /0.0.0.0:38039
2022-12-19 18:38:36,232 [IPC Server Responder] INFO  ipc.Server (Server.java:run(1512)) - IPC Server Responder: starting
2022-12-19 18:38:36,232 [IPC Server listener on 0] INFO  ipc.Server (Server.java:run(1352)) - IPC Server listener on 0: starting
2022-12-19 18:38:36,248 [org.apache.hadoop.util.JvmPauseMonitor$Monitor@5671078e] INFO  util.JvmPauseMonitor (JvmPauseMonitor.java:run(188)) - Starting JVM pause monitor
2022-12-19 18:38:36,261 [Listener at 0.0.0.0/45357] INFO  http.BaseHttpServer (BaseHttpServer.java:newHttpServer2BuilderForOzone(213)) - Starting Web-server for scm at: http://0.0.0.0:0
2022-12-19 18:38:36,261 [Listener at 0.0.0.0/45357] INFO  http.BaseHttpServer (BaseHttpServer.java:<init>(108)) - Hadoop Security Enabled: false Ozone Security Enabled: false Ozone HTTP Security Enabled: false 
2022-12-19 18:38:36,285 [Listener at 0.0.0.0/45357] INFO  util.log (Log.java:initialized(170)) - Logging initialized @3774ms to org.eclipse.jetty.util.log.Slf4jLog
2022-12-19 18:38:36,380 [Listener at 0.0.0.0/45357] WARN  server.AuthenticationFilter (AuthenticationFilter.java:constructSecretProvider(240)) - Unable to initialize FileSignerSecretProvider, falling back to use random secrets. Reason: Could not read signature secret file: /home/runner/hadoop-http-auth-signature-secret
2022-12-19 18:38:36,388 [Listener at 0.0.0.0/45357] WARN  http.HttpRequestLog (HttpRequestLog.java:getRequestLog(103)) - Jetty request log can only be enabled using Log4j
2022-12-19 18:38:36,394 [Listener at 0.0.0.0/45357] INFO  http.HttpServer2 (HttpServer2.java:addGlobalFilter(1031)) - Added global filter 'safety' (class=org.apache.hadoop.hdds.server.http.HttpServer2$QuotingInputFilter)
2022-12-19 18:38:36,396 [Listener at 0.0.0.0/45357] INFO  http.HttpServer2 (HttpServer2.java:addFilter(1007)) - Added filter static_user_filter (class=org.apache.hadoop.http.lib.StaticUserWebFilter$StaticUserFilter) to context scm
2022-12-19 18:38:36,397 [Listener at 0.0.0.0/45357] INFO  http.HttpServer2 (HttpServer2.java:addFilter(1015)) - Added filter static_user_filter (class=org.apache.hadoop.http.lib.StaticUserWebFilter$StaticUserFilter) to context static
2022-12-19 18:38:36,397 [Listener at 0.0.0.0/45357] INFO  http.HttpServer2 (HttpServer2.java:addFilter(1015)) - Added filter static_user_filter (class=org.apache.hadoop.http.lib.StaticUserWebFilter$StaticUserFilter) to context logs
2022-12-19 18:38:36,434 [Listener at 0.0.0.0/45357] INFO  http.HttpServer2 (HttpServer2.java:bindListener(1250)) - Jetty bound to port 43237
2022-12-19 18:38:36,436 [Listener at 0.0.0.0/45357] INFO  server.Server (Server.java:doStart(375)) - jetty-9.4.49.v20220914; built: 2022-09-14T01:07:36.601Z; git: 4231a3b2e4cb8548a412a789936d640a97b1aa0a; jvm 1.8.0_352-b08
2022-12-19 18:38:36,476 [Listener at 0.0.0.0/45357] INFO  server.session (DefaultSessionIdManager.java:doStart(334)) - DefaultSessionIdManager workerName=node0
2022-12-19 18:38:36,477 [Listener at 0.0.0.0/45357] INFO  server.session (DefaultSessionIdManager.java:doStart(339)) - No SessionScavenger set, using defaults
2022-12-19 18:38:36,479 [Listener at 0.0.0.0/45357] INFO  server.session (HouseKeeper.java:startScavenging(132)) - node0 Scavenging every 660000ms
2022-12-19 18:38:36,490 [Listener at 0.0.0.0/45357] INFO  handler.ContextHandler (ContextHandler.java:doStart(921)) - Started o.e.j.s.ServletContextHandler@760d6350{logs,/logs,file:///home/runner/work/ozone/ozone/hadoop-ozone/integration-test/target/log,AVAILABLE}
2022-12-19 18:38:36,491 [Listener at 0.0.0.0/45357] INFO  handler.ContextHandler (ContextHandler.java:doStart(921)) - Started o.e.j.s.ServletContextHandler@35198da3{static,/static,file:///home/runner/work/ozone/ozone/hadoop-ozone/integration-test/target/test-classes/webapps/static,AVAILABLE}
2022-12-19 18:38:36,530 [Listener at 0.0.0.0/45357] INFO  handler.ContextHandler (ContextHandler.java:doStart(921)) - Started o.e.j.w.WebAppContext@4c89c98a{scm,/,file:///home/runner/work/ozone/ozone/hadoop-ozone/integration-test/target/test-classes/webapps/scm/,AVAILABLE}{file:/home/runner/work/ozone/ozone/hadoop-ozone/integration-test/target/test-classes/webapps/scm}
2022-12-19 18:38:36,538 [Listener at 0.0.0.0/45357] INFO  server.AbstractConnector (AbstractConnector.java:doStart(333)) - Started ServerConnector@40696fc6{HTTP/1.1, (http/1.1)}{0.0.0.0:43237}
2022-12-19 18:38:36,539 [Listener at 0.0.0.0/45357] INFO  server.Server (Server.java:doStart(415)) - Started @4027ms
2022-12-19 18:38:36,540 [Listener at 0.0.0.0/45357] INFO  impl.MetricsSinkAdapter (MetricsSinkAdapter.java:start(204)) - Sink prometheus started
2022-12-19 18:38:36,541 [Listener at 0.0.0.0/45357] INFO  impl.MetricsSystemImpl (MetricsSystemImpl.java:registerSink(305)) - Registered sink prometheus
2022-12-19 18:38:36,542 [Listener at 0.0.0.0/45357] INFO  http.BaseHttpServer (BaseHttpServer.java:updateConnectorAddress(333)) - HTTP server of scm listening at http://0.0.0.0:43237
2022-12-19 18:38:36,543 [Listener at 0.0.0.0/45357] WARN  server.ServerUtils (ServerUtils.java:getDBPath(225)) - ozone.om.db.dirs is not configured. We recommend adding this setting. Falling back to ozone.metadata.dirs instead.
2022-12-19 18:38:36,597 [Listener at 0.0.0.0/45357] INFO  audit.AuditLogger (AuditLogger.java:refreshDebugCmdSet(126)) - Refresh DebugCmdSet for OMAudit to [].
2022-12-19 18:38:36,671 [Listener at 0.0.0.0/45357] INFO  ha.OMHANodeDetails (OMHANodeDetails.java:loadOMHAConfig(115)) - ozone.om.internal.service.id is not defined, falling back to ozone.om.service.ids to find serviceID for OzoneManager if it is HA enabled cluster
2022-12-19 18:38:36,674 [Listener at 0.0.0.0/45357] INFO  ha.OMHANodeDetails (OMHANodeDetails.java:loadOMHAConfig(226)) - Configuration does not have ozone.om.address set. Falling back to the default OM address /127.0.0.1:0
2022-12-19 18:38:36,674 [Listener at 0.0.0.0/45357] INFO  ha.OMHANodeDetails (OMHANodeDetails.java:getOMNodeDetailsForNonHA(254)) - OM Service ID is not set. Setting it to the default ID: omServiceIdDefault
2022-12-19 18:38:36,674 [Listener at 0.0.0.0/45357] INFO  ha.OMHANodeDetails (OMHANodeDetails.java:getOMNodeDetailsForNonHA(261)) - OM Node ID is not set. Setting it to the default ID: om1
2022-12-19 18:38:36,678 [Listener at 0.0.0.0/45357] WARN  server.ServerUtils (ServerUtils.java:getDBPath(225)) - ozone.om.db.dirs is not configured. We recommend adding this setting. Falling back to ozone.metadata.dirs instead.
2022-12-19 18:38:36,680 [Listener at 0.0.0.0/45357] INFO  upgrade.AbstractLayoutVersionManager (AbstractLayoutVersionManager.java:init(83)) - Initializing Layout version manager with metadata layout = MULTITENANCY_SCHEMA (version = 3), software layout = MULTITENANCY_SCHEMA (version = 3)
2022-12-19 18:38:36,777 [Listener at 0.0.0.0/45357] INFO  reflections.Reflections (Reflections.java:scan(232)) - Reflections took 93 ms to scan 2 urls, producing 154 keys and 428 values [using 2 cores]
2022-12-19 18:38:36,781 [Listener at 0.0.0.0/45357] INFO  upgrade.OMLayoutVersionManager (OMLayoutVersionManager.java:lambda$0(115)) - Skipping Upgrade Action MockOmUpgradeAction since it has been finalized.
2022-12-19 18:38:36,782 [Listener at 0.0.0.0/45357] WARN  server.ServerUtils (ServerUtils.java:getDBPath(225)) - ozone.om.db.dirs is not configured. We recommend adding this setting. Falling back to ozone.metadata.dirs instead.
2022-12-19 18:38:36,931 [Listener at 0.0.0.0/45357] INFO  proxy.SCMBlockLocationFailoverProxyProvider (SCMBlockLocationFailoverProxyProvider.java:<init>(114)) - Created block location fail-over proxy with 1 nodes: [nodeId=scmNodeId,nodeAddress=/0.0.0.0:37015]
2022-12-19 18:38:36,961 [Listener at 0.0.0.0/45357] INFO  proxy.SCMBlockLocationFailoverProxyProvider (SCMBlockLocationFailoverProxyProvider.java:<init>(114)) - Created block location fail-over proxy with 1 nodes: [nodeId=scmNodeId,nodeAddress=/0.0.0.0:37015]
2022-12-19 18:38:37,164 [Listener at 0.0.0.0/45357] WARN  server.ServerUtils (ServerUtils.java:getDBPath(225)) - ozone.om.db.dirs is not configured. We recommend adding this setting. Falling back to ozone.metadata.dirs instead.
2022-12-19 18:38:37,171 [Listener at 0.0.0.0/45357] INFO  codec.OmKeyInfoCodec (OmKeyInfoCodec.java:<init>(49)) - OmKeyInfoCodec ignorePipeline = true
2022-12-19 18:38:37,173 [Listener at 0.0.0.0/45357] INFO  codec.RepeatedOmKeyInfoCodec (RepeatedOmKeyInfoCodec.java:<init>(41)) - RepeatedOmKeyInfoCodec ignorePipeline = true
2022-12-19 18:38:37,366 [Listener at 0.0.0.0/45357] INFO  om.OzoneManager (OzoneManager.java:instantiateServices(715)) - S3 Multi-Tenancy is disabled
2022-12-19 18:38:37,444 [Listener at 0.0.0.0/45357] INFO  om.OzoneManager (OzoneManager.java:addS3GVolumeToDB(4400)) - Created Volume s3v With Owner runner required for S3Gateway operations.
2022-12-19 18:38:37,494 [Listener at 0.0.0.0/45357] WARN  server.ServerUtils (ServerUtils.java:getDefaultRatisDirectory(237)) - Storage directory for Ratis is not configured. It is a good idea to map this to an SSD disk. Falling back to ozone.metadata.dirs
2022-12-19 18:38:37,495 [Listener at 0.0.0.0/45357] WARN  utils.OzoneManagerRatisUtils (OzoneManagerRatisUtils.java:getOMRatisSnapshotDirectory(434)) - ozone.om.ratis.snapshot.dir is not configured. Falling back to ozone.metadata.dirs config
2022-12-19 18:38:37,514 [Listener at 0.0.0.0/45357] WARN  server.ServerUtils (ServerUtils.java:getDefaultRatisDirectory(237)) - Storage directory for Ratis is not configured. It is a good idea to map this to an SSD disk. Falling back to ozone.metadata.dirs
2022-12-19 18:38:37,542 [Listener at 0.0.0.0/45357] INFO  ratis.OzoneManagerRatisServer (OzoneManagerRatisServer.java:<init>(160)) - Instantiating OM Ratis server with groupID: omServiceIdDefault and peers: localhost:9872
2022-12-19 18:38:37,551 [Listener at 0.0.0.0/45357] INFO  ratis.OzoneManagerStateMachine (OzoneManagerStateMachine.java:loadSnapshotInfoFromDB(636)) - LastAppliedIndex is set from TransactionInfo from OM DB as (t:0, i:~)
2022-12-19 18:38:37,596 [Listener at 0.0.0.0/45357] INFO  server.RaftServer (ConfUtils.java:logGet(46)) - raft.rpc.type = GRPC (default)
2022-12-19 18:38:37,671 [Listener at 0.0.0.0/45357] INFO  grpc.GrpcConfigKeys (ConfUtils.java:logFallback(53)) - raft.grpc.admin.host = null (fallback to raft.grpc.server.host)
2022-12-19 18:38:37,672 [Listener at 0.0.0.0/45357] INFO  grpc.GrpcConfigKeys (ConfUtils.java:logFallback(53)) - raft.grpc.admin.port = 9872 (fallback to raft.grpc.server.port)
2022-12-19 18:38:37,673 [Listener at 0.0.0.0/45357] INFO  grpc.GrpcConfigKeys (ConfUtils.java:logFallback(53)) - raft.grpc.client.host = null (fallback to raft.grpc.server.host)
2022-12-19 18:38:37,673 [Listener at 0.0.0.0/45357] INFO  grpc.GrpcConfigKeys (ConfUtils.java:logFallback(53)) - raft.grpc.client.port = 9872 (fallback to raft.grpc.server.port)
2022-12-19 18:38:37,674 [Listener at 0.0.0.0/45357] INFO  grpc.GrpcConfigKeys (ConfUtils.java:logGet(46)) - raft.grpc.server.host = null (default)
2022-12-19 18:38:37,674 [Listener at 0.0.0.0/45357] INFO  grpc.GrpcConfigKeys (ConfUtils.java:logGet(46)) - raft.grpc.server.port = 9872 (custom)
2022-12-19 18:38:37,674 [Listener at 0.0.0.0/45357] INFO  server.GrpcService (ConfUtils.java:logGet(46)) - raft.grpc.message.size.max = 33554432 (custom)
2022-12-19 18:38:37,675 [Listener at 0.0.0.0/45357] INFO  server.RaftServerConfigKeys (ConfUtils.java:logGet(46)) - raft.server.log.appender.buffer.byte-limit = 33554432 (custom)
2022-12-19 18:38:37,676 [Listener at 0.0.0.0/45357] INFO  server.GrpcService (ConfUtils.java:logGet(46)) - raft.grpc.flow.control.window = 1MB (=1048576) (default)
2022-12-19 18:38:37,676 [Listener at 0.0.0.0/45357] INFO  server.RaftServerConfigKeys (ConfUtils.java:logGet(46)) - raft.server.rpc.request.timeout = 3000ms (default)
2022-12-19 18:38:37,689 [Listener at 0.0.0.0/45357] INFO  grpc.GrpcConfigKeys (ConfUtils.java:logGet(46)) - raft.grpc.server.heartbeat.channel = true (default)
2022-12-19 18:38:37,692 [Listener at 0.0.0.0/45357] INFO  grpc.GrpcConfigKeys (ConfUtils.java:logGet(46)) - raft.grpc.server.async.request.thread.pool.cached = true (default)
2022-12-19 18:38:37,692 [Listener at 0.0.0.0/45357] INFO  grpc.GrpcConfigKeys (ConfUtils.java:logGet(46)) - raft.grpc.server.async.request.thread.pool.size = 32 (default)
2022-12-19 18:38:37,946 [Listener at 0.0.0.0/45357] INFO  impl.DataStreamServerImpl (ConfUtils.java:logGet(46)) - raft.datastream.type = NETTY (custom)
2022-12-19 18:38:37,968 [Listener at 0.0.0.0/45357] INFO  server.RaftServerConfigKeys (ConfUtils.java:logGet(46)) - raft.server.data-stream.async.request.thread.pool.cached = false (default)
2022-12-19 18:38:37,968 [Listener at 0.0.0.0/45357] INFO  server.RaftServerConfigKeys (ConfUtils.java:logGet(46)) - raft.server.data-stream.async.request.thread.pool.size = 32 (default)
2022-12-19 18:38:37,969 [Listener at 0.0.0.0/45357] INFO  server.RaftServerConfigKeys (ConfUtils.java:logGet(46)) - raft.server.data-stream.async.write.thread.pool.size = 16 (default)
2022-12-19 18:38:37,970 [Listener at 0.0.0.0/45357] INFO  server.RaftServerConfigKeys (ConfUtils.java:logGet(46)) - raft.server.data-stream.client.pool.size = 10 (default)
2022-12-19 18:38:37,973 [Listener at 0.0.0.0/45357] INFO  netty.NettyConfigKeys$DataStream (ConfUtils.java:logGet(46)) - raft.netty.dataStream.server.use-epoll = false (default)
2022-12-19 18:38:37,974 [Listener at 0.0.0.0/45357] INFO  netty.NettyConfigKeys$DataStream (ConfUtils.java:logGet(46)) - raft.netty.dataStream.server.boss-group.size = 0 (default)
2022-12-19 18:38:37,981 [Listener at 0.0.0.0/45357] INFO  netty.NettyConfigKeys$DataStream (ConfUtils.java:logGet(46)) - raft.netty.dataStream.server.worker-group.size = 0 (default)
2022-12-19 18:38:37,982 [Listener at 0.0.0.0/45357] INFO  netty.NettyConfigKeys$DataStream (ConfUtils.java:logGet(46)) - raft.netty.dataStream.server.tls.conf = null (default)
2022-12-19 18:38:37,984 [Listener at 0.0.0.0/45357] INFO  netty.NettyConfigKeys$DataStream (ConfUtils.java:logGet(46)) - raft.netty.dataStream.host = null (default)
2022-12-19 18:38:37,984 [Listener at 0.0.0.0/45357] INFO  netty.NettyConfigKeys$DataStream (ConfUtils.java:logGet(46)) - raft.netty.dataStream.port = 0 (default)
2022-12-19 18:38:38,033 [Listener at 0.0.0.0/45357] INFO  server.RaftServerConfigKeys (ConfUtils.java:logGet(46)) - raft.server.threadpool.proxy.cached = true (default)
2022-12-19 18:38:38,034 [Listener at 0.0.0.0/45357] INFO  server.RaftServerConfigKeys (ConfUtils.java:logGet(46)) - raft.server.threadpool.proxy.size = 0 (default)
2022-12-19 18:38:38,034 [Listener at 0.0.0.0/45357] INFO  server.RaftServerConfigKeys (ConfUtils.java:logGet(46)) - raft.server.rpc.slowness.timeout = 120s (custom)
2022-12-19 18:38:38,034 [Listener at 0.0.0.0/45357] INFO  server.RaftServerConfigKeys (ConfUtils.java:logGet(46)) - raft.server.leaderelection.leader.step-down.wait-time = 10s (default)
2022-12-19 18:38:38,037 [Listener at 0.0.0.0/45357] INFO  server.RaftServerConfigKeys (ConfUtils.java:logGet(46)) - raft.server.storage.dir = [/home/runner/work/ozone/ozone/hadoop-ozone/integration-test/target/test-dir/MiniOzoneClusterImpl-11542299-c030-49ce-a1ef-33f98f34fc6c/ozone-meta/ratis] (custom)
2022-12-19 18:38:38,063 [Listener at 0.0.0.0/45357] INFO  server.RaftServer (RaftServerProxy.java:addNew(96)) - om1: addNew group-C5BA1605619E:[om1|rpc:localhost:9872|priority:0|startupRole:FOLLOWER] returns group-C5BA1605619E:java.util.concurrent.CompletableFuture@4670caf6[Not completed]
2022-12-19 18:38:38,064 [Listener at 0.0.0.0/45357] INFO  om.OzoneManager (OzoneManager.java:initializeRatisServer(1977)) - OzoneManager Ratis server initialized at port 9872
2022-12-19 18:38:38,072 [om1-NettyServerStreamRpc-bossGroup--thread1] INFO  logging.LoggingHandler (AbstractInternalLogger.java:log(148)) - [id: 0xbe33f442] REGISTERED
2022-12-19 18:38:38,075 [om1-NettyServerStreamRpc-bossGroup--thread1] INFO  logging.LoggingHandler (AbstractInternalLogger.java:log(148)) - [id: 0xbe33f442] BIND: 0.0.0.0/0.0.0.0:0
2022-12-19 18:38:38,085 [Listener at 0.0.0.0/45357] INFO  om.OzoneManager (OzoneManager.java:getRpcServer(1104)) - Creating RPC Server
2022-12-19 18:38:38,088 [om1-NettyServerStreamRpc-bossGroup--thread1] INFO  logging.LoggingHandler (AbstractInternalLogger.java:log(148)) - [id: 0xbe33f442, L:/0:0:0:0:0:0:0:0:42505] ACTIVE
2022-12-19 18:38:38,095 [pool-54-thread-1] INFO  server.RaftServer$Division (RaftServerImpl.java:<init>(195)) - om1: new RaftServerImpl for group-C5BA1605619E:[om1|rpc:localhost:9872|priority:0|startupRole:FOLLOWER] with OzoneManagerStateMachine:uninitialized
2022-12-19 18:38:38,097 [pool-54-thread-1] INFO  server.RaftServerConfigKeys (ConfUtils.java:logGet(46)) - raft.server.rpc.timeout.min = 1s (custom)
2022-12-19 18:38:38,117 [pool-54-thread-1] INFO  server.RaftServerConfigKeys (ConfUtils.java:logGet(46)) - raft.server.rpc.timeout.max = 1200ms (custom)
2022-12-19 18:38:38,118 [pool-54-thread-1] INFO  server.RaftServerConfigKeys (ConfUtils.java:logGet(46)) - raft.server.rpc.sleep.time = 25ms (default)
2022-12-19 18:38:38,118 [pool-54-thread-1] INFO  server.RaftServerConfigKeys (ConfUtils.java:logGet(46)) - raft.server.rpc.slowness.timeout = 120s (custom)
2022-12-19 18:38:38,118 [pool-54-thread-1] INFO  server.RaftServerConfigKeys (ConfUtils.java:logGet(46)) - raft.server.leaderelection.leader.step-down.wait-time = 10s (default)
2022-12-19 18:38:38,118 [pool-54-thread-1] INFO  server.RaftServerConfigKeys (ConfUtils.java:logGet(46)) - raft.server.sleep.deviation.threshold = 300ms (default)
2022-12-19 18:38:38,139 [pool-54-thread-1] INFO  server.RaftServer$Division (ServerState.java:<init>(118)) - om1@group-C5BA1605619E: ConfigurationManager, init=-1: peers:[om1|rpc:localhost:9872|priority:0|startupRole:FOLLOWER]|listeners:[], old=null, confs=<EMPTY_MAP>
2022-12-19 18:38:38,139 [pool-54-thread-1] INFO  server.RaftServerConfigKeys (ConfUtils.java:logGet(46)) - raft.server.storage.dir = [/home/runner/work/ozone/ozone/hadoop-ozone/integration-test/target/test-dir/MiniOzoneClusterImpl-11542299-c030-49ce-a1ef-33f98f34fc6c/ozone-meta/ratis] (custom)
2022-12-19 18:38:38,153 [pool-54-thread-1] INFO  server.RaftServerConfigKeys (ConfUtils.java:logGet(46)) - raft.server.log.corruption.policy = EXCEPTION (default)
2022-12-19 18:38:38,153 [pool-54-thread-1] INFO  server.RaftServerConfigKeys (ConfUtils.java:logGet(46)) - raft.server.storage.free-space.min = 0MB (=0) (default)
2022-12-19 18:38:38,160 [pool-54-thread-1] INFO  server.RaftServerConfigKeys (ConfUtils.java:logGet(46)) - raft.server.notification.no-leader.timeout = 120s (custom)
2022-12-19 18:38:38,162 [pool-54-thread-1] INFO  server.RaftServerConfigKeys (ConfUtils.java:logGet(46)) - raft.server.retrycache.expirytime = 300s (custom)
2022-12-19 18:38:38,162 [pool-54-thread-1] INFO  server.RaftServerConfigKeys (ConfUtils.java:logGet(46)) - raft.server.retrycache.statistics.expirytime = 100μs (default)
2022-12-19 18:38:38,244 [pool-54-thread-1] INFO  server.RaftServerConfigKeys (ConfUtils.java:logGet(46)) - raft.server.log.appender.install.snapshot.enabled = false (custom)
2022-12-19 18:38:38,246 [pool-54-thread-1] INFO  server.RaftServerConfigKeys (ConfUtils.java:logGet(46)) - raft.server.threadpool.server.cached = true (default)
2022-12-19 18:38:38,246 [pool-54-thread-1] INFO  server.RaftServerConfigKeys (ConfUtils.java:logGet(46)) - raft.server.threadpool.server.size = 0 (default)
2022-12-19 18:38:38,247 [pool-54-thread-1] INFO  server.RaftServerConfigKeys (ConfUtils.java:logGet(46)) - raft.server.threadpool.client.cached = true (default)
2022-12-19 18:38:38,247 [pool-54-thread-1] INFO  server.RaftServerConfigKeys (ConfUtils.java:logGet(46)) - raft.server.threadpool.client.size = 0 (default)
2022-12-19 18:38:38,879 [Listener at 0.0.0.0/45357] INFO  reflections.Reflections (Reflections.java:scan(232)) - Reflections took 688 ms to scan 19 urls, producing 67 keys and 4497 values [using 2 cores]
2022-12-19 18:38:39,024 [Listener at 0.0.0.0/45357] INFO  ipc.CallQueueManager (CallQueueManager.java:<init>(90)) - Using callQueue: class java.util.concurrent.LinkedBlockingQueue, queueCapacity: 2000, scheduler: class org.apache.hadoop.ipc.DefaultRpcScheduler, ipcBackoff: false.
2022-12-19 18:38:39,024 [Socket Reader #1 for port 0] INFO  ipc.Server (Server.java:run(1273)) - Starting Socket Reader #1 for port 0
2022-12-19 18:38:39,056 [Listener at 127.0.0.1/44039] INFO  impl.MetricsSystemImpl (MetricsSystemImpl.java:init(158)) - OzoneManager metrics system started (again)
2022-12-19 18:38:39,068 [Listener at 127.0.0.1/44039] INFO  om.OzoneManager (OzoneManager.java:start(1484)) - OzoneManager RPC server is listening at localhost/127.0.0.1:44039
2022-12-19 18:38:39,068 [Listener at 127.0.0.1/44039] INFO  ratis.OzoneManagerRatisServer (OzoneManagerRatisServer.java:start(555)) - Starting OzoneManagerRatisServer om1 at port 9872
2022-12-19 18:38:39,071 [om1-impl-thread1] INFO  storage.RaftStorageDirectory (RaftStorageDirectoryImpl.java:analyzeStorage(137)) - The storage directory /home/runner/work/ozone/ozone/hadoop-ozone/integration-test/target/test-dir/MiniOzoneClusterImpl-11542299-c030-49ce-a1ef-33f98f34fc6c/ozone-meta/ratis/bf265839-605b-3f16-9796-c5ba1605619e does not exist. Creating ...
2022-12-19 18:38:39,075 [om1-impl-thread1] INFO  storage.RaftStorageDirectory (RaftStorageDirectoryImpl.java:tryLock(231)) - Lock on /home/runner/work/ozone/ozone/hadoop-ozone/integration-test/target/test-dir/MiniOzoneClusterImpl-11542299-c030-49ce-a1ef-33f98f34fc6c/ozone-meta/ratis/bf265839-605b-3f16-9796-c5ba1605619e/in_use.lock acquired by nodename 10449@fv-az353-760
2022-12-19 18:38:39,081 [om1-impl-thread1] INFO  storage.RaftStorage (RaftStorageImpl.java:format(96)) - Storage directory /home/runner/work/ozone/ozone/hadoop-ozone/integration-test/target/test-dir/MiniOzoneClusterImpl-11542299-c030-49ce-a1ef-33f98f34fc6c/ozone-meta/ratis/bf265839-605b-3f16-9796-c5ba1605619e has been successfully formatted.
2022-12-19 18:38:39,083 [om1-impl-thread1] INFO  server.RaftServerConfigKeys (ConfUtils.java:logGet(46)) - raft.server.log.use.memory = false (default)
2022-12-19 18:38:39,090 [om1-impl-thread1] INFO  server.RaftServerConfigKeys (ConfUtils.java:logGet(46)) - raft.server.log.purge.gap = 1000000 (custom)
2022-12-19 18:38:39,090 [om1-impl-thread1] INFO  server.RaftServerConfigKeys (ConfUtils.java:logGet(46)) - raft.server.log.appender.buffer.byte-limit = 33554432 (custom)
2022-12-19 18:38:39,092 [om1-impl-thread1] INFO  server.RaftServerConfigKeys (ConfUtils.java:logGet(46)) - raft.server.log.statemachine.data.read.timeout = 1000ms (default)
2022-12-19 18:38:39,093 [om1-impl-thread1] INFO  server.RaftServerConfigKeys (ConfUtils.java:logGet(46)) - raft.server.log.purge.preservation.log.num = 0 (default)
2022-12-19 18:38:39,095 [om1-impl-thread1] INFO  server.RaftServerConfigKeys (ConfUtils.java:logGet(46)) - raft.server.log.segment.size.max = 4194304 (custom)
2022-12-19 18:38:39,100 [om1-impl-thread1] INFO  server.RaftServerConfigKeys (ConfUtils.java:logGet(46)) - raft.server.log.segment.cache.num.max = 2 (custom)
2022-12-19 18:38:39,100 [om1-impl-thread1] INFO  server.RaftServerConfigKeys (ConfUtils.java:logGet(46)) - raft.server.log.segment.cache.size.max = 200MB (=209715200) (default)
2022-12-19 18:38:39,106 [om1-impl-thread1] INFO  segmented.SegmentedRaftLogWorker (SegmentedRaftLogWorker.java:<init>(189)) - new om1@group-C5BA1605619E-SegmentedRaftLogWorker for RaftStorageImpl:Storage Directory /home/runner/work/ozone/ozone/hadoop-ozone/integration-test/target/test-dir/MiniOzoneClusterImpl-11542299-c030-49ce-a1ef-33f98f34fc6c/ozone-meta/ratis/bf265839-605b-3f16-9796-c5ba1605619e
2022-12-19 18:38:39,106 [om1-impl-thread1] INFO  server.RaftServerConfigKeys (ConfUtils.java:logGet(46)) - raft.server.log.queue.byte-limit = 64MB (=67108864) (default)
2022-12-19 18:38:39,107 [om1-impl-thread1] INFO  server.RaftServerConfigKeys (ConfUtils.java:logGet(46)) - raft.server.log.queue.element-limit = 4096 (default)
2022-12-19 18:38:39,108 [om1-impl-thread1] INFO  server.RaftServerConfigKeys (ConfUtils.java:logGet(46)) - raft.server.log.segment.size.max = 4194304 (custom)
2022-12-19 18:38:39,108 [om1-impl-thread1] INFO  server.RaftServerConfigKeys (ConfUtils.java:logGet(46)) - raft.server.log.preallocated.size = 4194304 (custom)
2022-12-19 18:38:39,108 [om1-impl-thread1] INFO  server.RaftServerConfigKeys (ConfUtils.java:logGet(46)) - raft.server.log.force.sync.num = 128 (default)
2022-12-19 18:38:39,109 [om1-impl-thread1] INFO  server.RaftServerConfigKeys (ConfUtils.java:logGet(46)) - raft.server.log.statemachine.data.sync = true (default)
2022-12-19 18:38:39,109 [om1-impl-thread1] INFO  server.RaftServerConfigKeys (ConfUtils.java:logGet(46)) - raft.server.log.statemachine.data.sync.timeout = 10s (default)
2022-12-19 18:38:39,109 [om1-impl-thread1] INFO  server.RaftServerConfigKeys (ConfUtils.java:logGet(46)) - raft.server.log.statemachine.data.sync.timeout.retry = -1 (default)
2022-12-19 18:38:39,117 [om1-impl-thread1] INFO  server.RaftServerConfigKeys (ConfUtils.java:logGet(46)) - raft.server.log.write.buffer.size = 64KB (=65536) (default)
2022-12-19 18:38:39,117 [om1-impl-thread1] INFO  server.RaftServerConfigKeys (ConfUtils.java:logGet(46)) - raft.server.log.appender.buffer.byte-limit = 33554432 (custom)
2022-12-19 18:38:39,120 [om1-impl-thread1] INFO  server.RaftServerConfigKeys (ConfUtils.java:logGet(46)) - raft.server.log.unsafe-flush.enabled = false (default)
2022-12-19 18:38:39,120 [om1-impl-thread1] INFO  server.RaftServerConfigKeys (ConfUtils.java:logGet(46)) - raft.server.log.async-flush.enabled = false (default)
2022-12-19 18:38:39,121 [om1-impl-thread1] INFO  server.RaftServerConfigKeys (ConfUtils.java:logGet(46)) - raft.server.log.statemachine.data.caching.enabled = false (default)
2022-12-19 18:38:39,127 [om1-impl-thread1] INFO  segmented.SegmentedRaftLogWorker (SegmentedRaftLogWorker.java:lambda$new$0(135)) - om1@group-C5BA1605619E-SegmentedRaftLogWorker: flushIndex: setUnconditionally 0 -> -1
2022-12-19 18:38:39,127 [om1-impl-thread1] INFO  segmented.SegmentedRaftLogWorker (SegmentedRaftLogWorker.java:lambda$new$0(135)) - om1@group-C5BA1605619E-SegmentedRaftLogWorker: safeCacheEvictIndex: setUnconditionally 0 -> -1
2022-12-19 18:38:39,128 [om1-impl-thread1] INFO  server.RaftServer$Division (RaftServerImpl.java:start(334)) - om1@group-C5BA1605619E: start as a follower, conf=-1: peers:[om1|rpc:localhost:9872|priority:0|startupRole:FOLLOWER]|listeners:[], old=null
2022-12-19 18:38:39,129 [om1-impl-thread1] INFO  server.RaftServer$Division (RaftServerImpl.java:setRole(321)) - om1@group-C5BA1605619E: changes role from      null to FOLLOWER at term 0 for startAsFollower
2022-12-19 18:38:39,130 [om1-impl-thread1] INFO  impl.RoleInfo (RoleInfo.java:updateAndGet(139)) - om1: start om1@group-C5BA1605619E-FollowerState
2022-12-19 18:38:39,131 [om1-impl-thread1] INFO  util.JmxRegister (JmxRegister.java:tryRegister(44)) - Successfully registered JMX Bean with object name Ratis:service=RaftServer,group=group-C5BA1605619E,id=om1
2022-12-19 18:38:39,133 [om1-impl-thread1] INFO  server.RaftServerConfigKeys (ConfUtils.java:logGet(46)) - raft.server.snapshot.auto.trigger.enabled = true (custom)
2022-12-19 18:38:39,133 [om1-impl-thread1] INFO  server.RaftServerConfigKeys (ConfUtils.java:logGet(46)) - raft.server.snapshot.auto.trigger.threshold = 400000 (default)
2022-12-19 18:38:39,134 [om1-impl-thread1] INFO  server.RaftServerConfigKeys (ConfUtils.java:logGet(46)) - raft.server.snapshot.retention.file.num = -1 (default)
2022-12-19 18:38:39,134 [om1-impl-thread1] INFO  server.RaftServerConfigKeys (ConfUtils.java:logGet(46)) - raft.server.log.purge.upto.snapshot.index = true (custom)
2022-12-19 18:38:39,137 [om1@group-C5BA1605619E-FollowerState] INFO  server.RaftServerConfigKeys (ConfUtils.java:logFallback(53)) - raft.server.rpc.first-election.timeout.min = 1s (fallback to raft.server.rpc.timeout.min)
2022-12-19 18:38:39,137 [om1@group-C5BA1605619E-FollowerState] INFO  server.RaftServerConfigKeys (ConfUtils.java:logFallback(53)) - raft.server.rpc.first-election.timeout.max = 1200ms (fallback to raft.server.rpc.timeout.max)
2022-12-19 18:38:39,139 [Listener at 127.0.0.1/44039] INFO  server.RaftServer (RaftServerProxy.java:startImpl(393)) - om1: start RPC server
2022-12-19 18:38:39,157 [Listener at 127.0.0.1/44039] INFO  server.GrpcService (GrpcService.java:startImpl(262)) - om1: GrpcService started, listening on 9872
2022-12-19 18:38:39,159 [Listener at 127.0.0.1/44039] INFO  om.OzoneManager (OzoneManager.java:start(1500)) - Version File has different layout version (3) than OM DB (null). That is expected if this OM has never been finalized to a newer layout version.
2022-12-19 18:38:39,161 [JvmPauseMonitor0] INFO  util.JvmPauseMonitor (JvmPauseMonitor.java:run(105)) - JvmPauseMonitor-om1: Started
2022-12-19 18:38:39,171 [Listener at 127.0.0.1/44039] INFO  http.BaseHttpServer (BaseHttpServer.java:newHttpServer2BuilderForOzone(213)) - Starting Web-server for ozoneManager at: http://0.0.0.0:0
2022-12-19 18:38:39,172 [Listener at 127.0.0.1/44039] INFO  http.BaseHttpServer (BaseHttpServer.java:<init>(108)) - Hadoop Security Enabled: false Ozone Security Enabled: false Ozone HTTP Security Enabled: false 
2022-12-19 18:38:39,175 [Listener at 127.0.0.1/44039] WARN  server.AuthenticationFilter (AuthenticationFilter.java:constructSecretProvider(240)) - Unable to initialize FileSignerSecretProvider, falling back to use random secrets. Reason: Could not read signature secret file: /home/runner/hadoop-http-auth-signature-secret
2022-12-19 18:38:39,178 [Listener at 127.0.0.1/44039] WARN  http.HttpRequestLog (HttpRequestLog.java:getRequestLog(103)) - Jetty request log can only be enabled using Log4j
2022-12-19 18:38:39,181 [Listener at 127.0.0.1/44039] INFO  http.HttpServer2 (HttpServer2.java:addGlobalFilter(1031)) - Added global filter 'safety' (class=org.apache.hadoop.hdds.server.http.HttpServer2$QuotingInputFilter)
2022-12-19 18:38:39,182 [Listener at 127.0.0.1/44039] INFO  http.HttpServer2 (HttpServer2.java:addFilter(1007)) - Added filter static_user_filter (class=org.apache.hadoop.http.lib.StaticUserWebFilter$StaticUserFilter) to context ozoneManager
2022-12-19 18:38:39,182 [Listener at 127.0.0.1/44039] INFO  http.HttpServer2 (HttpServer2.java:addFilter(1015)) - Added filter static_user_filter (class=org.apache.hadoop.http.lib.StaticUserWebFilter$StaticUserFilter) to context logs
2022-12-19 18:38:39,182 [Listener at 127.0.0.1/44039] INFO  http.HttpServer2 (HttpServer2.java:addFilter(1015)) - Added filter static_user_filter (class=org.apache.hadoop.http.lib.StaticUserWebFilter$StaticUserFilter) to context static
2022-12-19 18:38:39,185 [Listener at 127.0.0.1/44039] INFO  http.HttpServer2 (HttpServer2.java:bindListener(1250)) - Jetty bound to port 35795
2022-12-19 18:38:39,185 [Listener at 127.0.0.1/44039] INFO  server.Server (Server.java:doStart(375)) - jetty-9.4.49.v20220914; built: 2022-09-14T01:07:36.601Z; git: 4231a3b2e4cb8548a412a789936d640a97b1aa0a; jvm 1.8.0_352-b08
2022-12-19 18:38:39,187 [Listener at 127.0.0.1/44039] INFO  server.session (DefaultSessionIdManager.java:doStart(334)) - DefaultSessionIdManager workerName=node0
2022-12-19 18:38:39,188 [Listener at 127.0.0.1/44039] INFO  server.session (DefaultSessionIdManager.java:doStart(339)) - No SessionScavenger set, using defaults
2022-12-19 18:38:39,188 [Listener at 127.0.0.1/44039] INFO  server.session (HouseKeeper.java:startScavenging(132)) - node0 Scavenging every 660000ms
2022-12-19 18:38:39,189 [Listener at 127.0.0.1/44039] INFO  handler.ContextHandler (ContextHandler.java:doStart(921)) - Started o.e.j.s.ServletContextHandler@62e2fc61{logs,/logs,file:///home/runner/work/ozone/ozone/hadoop-ozone/integration-test/target/log,AVAILABLE}
2022-12-19 18:38:39,190 [Listener at 127.0.0.1/44039] INFO  handler.ContextHandler (ContextHandler.java:doStart(921)) - Started o.e.j.s.ServletContextHandler@41b78022{static,/static,file:///home/runner/work/ozone/ozone/hadoop-ozone/integration-test/target/test-classes/webapps/static,AVAILABLE}
2022-12-19 18:38:39,194 [Listener at 127.0.0.1/44039] INFO  handler.ContextHandler (ContextHandler.java:doStart(921)) - Started o.e.j.w.WebAppContext@509520a5{ozoneManager,/,file:///home/runner/work/ozone/ozone/hadoop-ozone/integration-test/target/test-classes/webapps/ozoneManager/,AVAILABLE}{file:/home/runner/work/ozone/ozone/hadoop-ozone/integration-test/target/test-classes/webapps/ozoneManager}
2022-12-19 18:38:39,195 [Listener at 127.0.0.1/44039] INFO  server.AbstractConnector (AbstractConnector.java:doStart(333)) - Started ServerConnector@61c53e05{HTTP/1.1, (http/1.1)}{0.0.0.0:35795}
2022-12-19 18:38:39,196 [Listener at 127.0.0.1/44039] INFO  server.Server (Server.java:doStart(415)) - Started @6684ms
2022-12-19 18:38:39,196 [Listener at 127.0.0.1/44039] WARN  impl.MetricsSystemImpl (MetricsSystemImpl.java:register(279)) - Sink prometheus already exists!
2022-12-19 18:38:39,196 [Listener at 127.0.0.1/44039] INFO  http.BaseHttpServer (BaseHttpServer.java:updateConnectorAddress(333)) - HTTP server of ozoneManager listening at http://0.0.0.0:35795
2022-12-19 18:38:39,197 [IPC Server Responder] INFO  ipc.Server (Server.java:run(1512)) - IPC Server Responder: starting
2022-12-19 18:38:39,197 [IPC Server listener on 0] INFO  ipc.Server (Server.java:run(1352)) - IPC Server listener on 0: starting
2022-12-19 18:38:39,199 [Listener at 127.0.0.1/44039] INFO  om.OzoneManager (OzoneManager.java:startTrashEmptier(1921)) - Trash Interval set to 0. Files deleted won't move to trash
2022-12-19 18:38:39,206 [org.apache.hadoop.util.JvmPauseMonitor$Monitor@1e253fa3] INFO  util.JvmPauseMonitor (JvmPauseMonitor.java:run(188)) - Starting JVM pause monitor
2022-12-19 18:38:39,339 [Listener at 127.0.0.1/44039] WARN  impl.MetricRegistriesImpl (MetricRegistriesImpl.java:addReporterRegistration(111)) - New reporters are added after registries were created. Some metrics will be missing from the reporter. Please add reporter before adding any new registry.
2022-12-19 18:38:39,339 [Listener at 127.0.0.1/44039] WARN  impl.MetricRegistriesImpl (MetricRegistriesImpl.java:addReporterRegistration(111)) - New reporters are added after registries were created. Some metrics will be missing from the reporter. Please add reporter before adding any new registry.
2022-12-19 18:38:39,340 [Listener at 127.0.0.1/44039] INFO  impl.MetricsSystemImpl (MetricsSystemImpl.java:init(158)) - HddsDatanode metrics system started (again)
2022-12-19 18:38:39,354 [Listener at 127.0.0.1/44039] INFO  ozone.HddsDatanodeService (HddsDatanodeService.java:start(236)) - HddsDatanodeService host:fv-az353-760.tkyx2seitsuu3nmpmouz2httfb.bx.internal.cloudapp.net ip:10.1.0.24
2022-12-19 18:38:39,385 [Listener at 127.0.0.1/44039] INFO  upgrade.AbstractLayoutVersionManager (AbstractLayoutVersionManager.java:init(83)) - Initializing Layout version manager with metadata layout = DATANODE_SCHEMA_V3 (version = 4), software layout = DATANODE_SCHEMA_V3 (version = 4)
2022-12-19 18:38:39,433 [Listener at 127.0.0.1/44039] INFO  reflections.Reflections (Reflections.java:scan(232)) - Reflections took 45 ms to scan 7 urls, producing 146 keys and 348 values 
2022-12-19 18:38:39,436 [Listener at 127.0.0.1/44039] INFO  statemachine.DatanodeStateMachine (DatanodeStateMachine.java:getEndPointTaskThreadPoolSize(249)) - Datanode State Machine Task Thread Pool size 2
2022-12-19 18:38:39,487 [Listener at 127.0.0.1/44039] INFO  volume.HddsVolume (HddsVolume.java:<init>(117)) - Creating HddsVolume: /home/runner/work/ozone/ozone/hadoop-ozone/integration-test/target/test-dir/MiniOzoneClusterImpl-11542299-c030-49ce-a1ef-33f98f34fc6c/datanode-0/data-0/containers/hdds of storage type : DISK capacity : 9223372036854775807
2022-12-19 18:38:39,489 [Listener at 127.0.0.1/44039] INFO  volume.MutableVolumeSet (MutableVolumeSet.java:initializeVolumeSet(174)) - Added Volume : /home/runner/work/ozone/ozone/hadoop-ozone/integration-test/target/test-dir/MiniOzoneClusterImpl-11542299-c030-49ce-a1ef-33f98f34fc6c/datanode-0/data-0/containers/hdds to VolumeSet
2022-12-19 18:38:39,490 [Listener at 127.0.0.1/44039] INFO  volume.ThrottledAsyncChecker (ThrottledAsyncChecker.java:schedule(141)) - Scheduling a check for /home/runner/work/ozone/ozone/hadoop-ozone/integration-test/target/test-dir/MiniOzoneClusterImpl-11542299-c030-49ce-a1ef-33f98f34fc6c/datanode-0/data-0/containers/hdds
2022-12-19 18:38:39,507 [Listener at 127.0.0.1/44039] INFO  volume.StorageVolumeChecker (StorageVolumeChecker.java:checkAllVolumes(202)) - Scheduled health check for volume /home/runner/work/ozone/ozone/hadoop-ozone/integration-test/target/test-dir/MiniOzoneClusterImpl-11542299-c030-49ce-a1ef-33f98f34fc6c/datanode-0/data-0/containers/hdds
2022-12-19 18:38:39,523 [Listener at 127.0.0.1/44039] INFO  volume.MutableVolumeSet (MutableVolumeSet.java:initializeVolumeSet(174)) - Added Volume : /home/runner/work/ozone/ozone/hadoop-ozone/integration-test/target/test-dir/MiniOzoneClusterImpl-11542299-c030-49ce-a1ef-33f98f34fc6c/datanode-0/data/ratis to VolumeSet
2022-12-19 18:38:39,523 [Listener at 127.0.0.1/44039] INFO  volume.ThrottledAsyncChecker (ThrottledAsyncChecker.java:schedule(141)) - Scheduling a check for /home/runner/work/ozone/ozone/hadoop-ozone/integration-test/target/test-dir/MiniOzoneClusterImpl-11542299-c030-49ce-a1ef-33f98f34fc6c/datanode-0/data/ratis
2022-12-19 18:38:39,523 [Listener at 127.0.0.1/44039] INFO  volume.StorageVolumeChecker (StorageVolumeChecker.java:checkAllVolumes(202)) - Scheduled health check for volume /home/runner/work/ozone/ozone/hadoop-ozone/integration-test/target/test-dir/MiniOzoneClusterImpl-11542299-c030-49ce-a1ef-33f98f34fc6c/datanode-0/data/ratis
2022-12-19 18:38:39,545 [Thread-136] INFO  ozoneimpl.ContainerReader (ContainerReader.java:readVolume(175)) - Finish verifying containers on volume /home/runner/work/ozone/ozone/hadoop-ozone/integration-test/target/test-dir/MiniOzoneClusterImpl-11542299-c030-49ce-a1ef-33f98f34fc6c/datanode-0/data-0/containers/hdds
2022-12-19 18:38:39,546 [Listener at 127.0.0.1/44039] INFO  ozoneimpl.OzoneContainer (OzoneContainer.java:buildContainerSet(301)) - Build ContainerSet costs 0s
2022-12-19 18:38:39,630 [Listener at 127.0.0.1/44039] INFO  audit.AuditLogger (AuditLogger.java:refreshDebugCmdSet(126)) - Refresh DebugCmdSet for DNAudit to [].
2022-12-19 18:38:39,655 [Listener at 127.0.0.1/44039] INFO  server.RaftServer (ConfUtils.java:logGet(46)) - raft.rpc.type = GRPC (default)
2022-12-19 18:38:39,656 [Listener at 127.0.0.1/44039] INFO  grpc.GrpcConfigKeys (ConfUtils.java:logFallback(53)) - raft.grpc.admin.host = null (fallback to raft.grpc.server.host)
2022-12-19 18:38:39,657 [Listener at 127.0.0.1/44039] INFO  grpc.GrpcConfigKeys (ConfUtils.java:logGet(46)) - raft.grpc.admin.port = 0 (custom)
2022-12-19 18:38:39,657 [Listener at 127.0.0.1/44039] INFO  grpc.GrpcConfigKeys (ConfUtils.java:logFallback(53)) - raft.grpc.client.host = null (fallback to raft.grpc.server.host)
2022-12-19 18:38:39,657 [Listener at 127.0.0.1/44039] INFO  grpc.GrpcConfigKeys (ConfUtils.java:logGet(46)) - raft.grpc.client.port = 0 (custom)
2022-12-19 18:38:39,657 [Listener at 127.0.0.1/44039] INFO  grpc.GrpcConfigKeys (ConfUtils.java:logGet(46)) - raft.grpc.server.host = null (default)
2022-12-19 18:38:39,657 [Listener at 127.0.0.1/44039] INFO  grpc.GrpcConfigKeys (ConfUtils.java:logGet(46)) - raft.grpc.server.port = 0 (default)
2022-12-19 18:38:39,657 [Listener at 127.0.0.1/44039] INFO  server.GrpcService (ConfUtils.java:logGet(46)) - raft.grpc.message.size.max = 32MB (=33554432) (custom)
2022-12-19 18:38:39,658 [Listener at 127.0.0.1/44039] INFO  server.RaftServerConfigKeys (ConfUtils.java:logGet(46)) - raft.server.log.appender.buffer.byte-limit = 33554432 (custom)
2022-12-19 18:38:39,658 [Listener at 127.0.0.1/44039] INFO  server.GrpcService (ConfUtils.java:logGet(46)) - raft.grpc.flow.control.window = 5MB (=5242880) (custom)
2022-12-19 18:38:39,658 [Listener at 127.0.0.1/44039] INFO  server.RaftServerConfigKeys (ConfUtils.java:logGet(46)) - raft.server.rpc.request.timeout = 60s (custom)
2022-12-19 18:38:39,658 [Listener at 127.0.0.1/44039] INFO  grpc.GrpcConfigKeys (ConfUtils.java:logGet(46)) - raft.grpc.server.heartbeat.channel = true (default)
2022-12-19 18:38:39,658 [Listener at 127.0.0.1/44039] INFO  grpc.GrpcConfigKeys (ConfUtils.java:logGet(46)) - raft.grpc.server.async.request.thread.pool.cached = true (default)
2022-12-19 18:38:39,658 [Listener at 127.0.0.1/44039] INFO  grpc.GrpcConfigKeys (ConfUtils.java:logGet(46)) - raft.grpc.server.async.request.thread.pool.size = 32 (default)
2022-12-19 18:38:39,659 [Listener at 127.0.0.1/44039] INFO  impl.DataStreamServerImpl (ConfUtils.java:logGet(46)) - raft.datastream.type = NETTY (custom)
2022-12-19 18:38:39,660 [Listener at 127.0.0.1/44039] INFO  server.RaftServerConfigKeys (ConfUtils.java:logGet(46)) - raft.server.data-stream.async.request.thread.pool.cached = false (default)
2022-12-19 18:38:39,660 [Listener at 127.0.0.1/44039] INFO  server.RaftServerConfigKeys (ConfUtils.java:logGet(46)) - raft.server.data-stream.async.request.thread.pool.size = 20 (custom)
2022-12-19 18:38:39,660 [Listener at 127.0.0.1/44039] INFO  server.RaftServerConfigKeys (ConfUtils.java:logGet(46)) - raft.server.data-stream.async.write.thread.pool.size = 16 (default)
2022-12-19 18:38:39,660 [Listener at 127.0.0.1/44039] INFO  server.RaftServerConfigKeys (ConfUtils.java:logGet(46)) - raft.server.data-stream.client.pool.size = 10 (default)
2022-12-19 18:38:39,660 [Listener at 127.0.0.1/44039] INFO  netty.NettyConfigKeys$DataStream (ConfUtils.java:logGet(46)) - raft.netty.dataStream.server.use-epoll = false (default)
2022-12-19 18:38:39,660 [Listener at 127.0.0.1/44039] INFO  netty.NettyConfigKeys$DataStream (ConfUtils.java:logGet(46)) - raft.netty.dataStream.server.boss-group.size = 0 (default)
2022-12-19 18:38:39,661 [Listener at 127.0.0.1/44039] INFO  netty.NettyConfigKeys$DataStream (ConfUtils.java:logGet(46)) - raft.netty.dataStream.server.worker-group.size = 0 (default)
2022-12-19 18:38:39,675 [Listener at 127.0.0.1/44039] INFO  netty.NettyConfigKeys$DataStream (ConfUtils.java:logGet(46)) - raft.netty.dataStream.server.tls.conf = null (default)
2022-12-19 18:38:39,675 [Listener at 127.0.0.1/44039] INFO  netty.NettyConfigKeys$DataStream (ConfUtils.java:logGet(46)) - raft.netty.dataStream.host = null (default)
2022-12-19 18:38:39,676 [Listener at 127.0.0.1/44039] INFO  netty.NettyConfigKeys$DataStream (ConfUtils.java:logGet(46)) - raft.netty.dataStream.port = 0 (default)
2022-12-19 18:38:39,676 [Listener at 127.0.0.1/44039] INFO  server.RaftServerConfigKeys (ConfUtils.java:logGet(46)) - raft.server.threadpool.proxy.cached = true (default)
2022-12-19 18:38:39,676 [Listener at 127.0.0.1/44039] INFO  server.RaftServerConfigKeys (ConfUtils.java:logGet(46)) - raft.server.threadpool.proxy.size = 0 (default)
2022-12-19 18:38:39,676 [Listener at 127.0.0.1/44039] INFO  server.RaftServerConfigKeys (ConfUtils.java:logGet(46)) - raft.server.rpc.slowness.timeout = 300s (custom)
2022-12-19 18:38:39,677 [Listener at 127.0.0.1/44039] INFO  server.RaftServerConfigKeys (ConfUtils.java:logGet(46)) - raft.server.leaderelection.leader.step-down.wait-time = 10s (default)
2022-12-19 18:38:39,677 [Listener at 127.0.0.1/44039] INFO  server.RaftServerConfigKeys (ConfUtils.java:logGet(46)) - raft.server.storage.dir = [/home/runner/work/ozone/ozone/hadoop-ozone/integration-test/target/test-dir/MiniOzoneClusterImpl-11542299-c030-49ce-a1ef-33f98f34fc6c/datanode-0/data/ratis] (custom)
2022-12-19 18:38:39,678 [89d730ca-c741-4fc9-afaf-179ceaf5b2b4-NettyServerStreamRpc-bossGroup--thread1] INFO  logging.LoggingHandler (AbstractInternalLogger.java:log(148)) - [id: 0x2dfbbf8c] REGISTERED
2022-12-19 18:38:39,678 [89d730ca-c741-4fc9-afaf-179ceaf5b2b4-NettyServerStreamRpc-bossGroup--thread1] INFO  logging.LoggingHandler (AbstractInternalLogger.java:log(148)) - [id: 0x2dfbbf8c] BIND: 0.0.0.0/0.0.0.0:0
2022-12-19 18:38:39,678 [89d730ca-c741-4fc9-afaf-179ceaf5b2b4-NettyServerStreamRpc-bossGroup--thread1] INFO  logging.LoggingHandler (AbstractInternalLogger.java:log(148)) - [id: 0x2dfbbf8c, L:/0:0:0:0:0:0:0:0:35251] ACTIVE
2022-12-19 18:38:39,694 [Listener at 127.0.0.1/44039] INFO  server.XceiverServerGrpc (XceiverServerGrpc.java:<init>(132)) - GrpcServer channel type EpollServerSocketChannel
2022-12-19 18:38:39,752 [Listener at 127.0.0.1/44039] INFO  http.BaseHttpServer (BaseHttpServer.java:newHttpServer2BuilderForOzone(213)) - Starting Web-server for hddsDatanode at: http://0.0.0.0:0
2022-12-19 18:38:39,753 [Listener at 127.0.0.1/44039] INFO  http.BaseHttpServer (BaseHttpServer.java:<init>(108)) - Hadoop Security Enabled: false Ozone Security Enabled: false Ozone HTTP Security Enabled: false 
2022-12-19 18:38:39,754 [Listener at 127.0.0.1/44039] WARN  server.AuthenticationFilter (AuthenticationFilter.java:constructSecretProvider(240)) - Unable to initialize FileSignerSecretProvider, falling back to use random secrets. Reason: Could not read signature secret file: /home/runner/hadoop-http-auth-signature-secret
2022-12-19 18:38:39,755 [Listener at 127.0.0.1/44039] WARN  http.HttpRequestLog (HttpRequestLog.java:getRequestLog(103)) - Jetty request log can only be enabled using Log4j
2022-12-19 18:38:39,756 [Listener at 127.0.0.1/44039] INFO  http.HttpServer2 (HttpServer2.java:addGlobalFilter(1031)) - Added global filter 'safety' (class=org.apache.hadoop.hdds.server.http.HttpServer2$QuotingInputFilter)
2022-12-19 18:38:39,757 [Listener at 127.0.0.1/44039] INFO  http.HttpServer2 (HttpServer2.java:addFilter(1007)) - Added filter static_user_filter (class=org.apache.hadoop.http.lib.StaticUserWebFilter$StaticUserFilter) to context hddsDatanode
2022-12-19 18:38:39,757 [Listener at 127.0.0.1/44039] INFO  http.HttpServer2 (HttpServer2.java:addFilter(1015)) - Added filter static_user_filter (class=org.apache.hadoop.http.lib.StaticUserWebFilter$StaticUserFilter) to context logs
2022-12-19 18:38:39,757 [Listener at 127.0.0.1/44039] INFO  http.HttpServer2 (HttpServer2.java:addFilter(1015)) - Added filter static_user_filter (class=org.apache.hadoop.http.lib.StaticUserWebFilter$StaticUserFilter) to context static
2022-12-19 18:38:39,758 [Listener at 127.0.0.1/44039] INFO  http.HttpServer2 (HttpServer2.java:bindListener(1250)) - Jetty bound to port 44109
2022-12-19 18:38:39,758 [Listener at 127.0.0.1/44039] INFO  server.Server (Server.java:doStart(375)) - jetty-9.4.49.v20220914; built: 2022-09-14T01:07:36.601Z; git: 4231a3b2e4cb8548a412a789936d640a97b1aa0a; jvm 1.8.0_352-b08
2022-12-19 18:38:39,770 [Listener at 127.0.0.1/44039] INFO  server.session (DefaultSessionIdManager.java:doStart(334)) - DefaultSessionIdManager workerName=node0
2022-12-19 18:38:39,770 [Listener at 127.0.0.1/44039] INFO  server.session (DefaultSessionIdManager.java:doStart(339)) - No SessionScavenger set, using defaults
2022-12-19 18:38:39,771 [Listener at 127.0.0.1/44039] INFO  server.session (HouseKeeper.java:startScavenging(132)) - node0 Scavenging every 600000ms
2022-12-19 18:38:39,771 [Listener at 127.0.0.1/44039] INFO  handler.ContextHandler (ContextHandler.java:doStart(921)) - Started o.e.j.s.ServletContextHandler@5a209683{logs,/logs,file:///home/runner/work/ozone/ozone/hadoop-ozone/integration-test/target/log,AVAILABLE}
2022-12-19 18:38:39,772 [Listener at 127.0.0.1/44039] INFO  handler.ContextHandler (ContextHandler.java:doStart(921)) - Started o.e.j.s.ServletContextHandler@24b1fc38{static,/static,jar:file:/home/runner/.m2/repository/org/apache/ozone/hdds-container-service/1.3.0-SNAPSHOT/hdds-container-service-1.3.0-SNAPSHOT.jar!/webapps/static,AVAILABLE}
2022-12-19 18:38:39,971 [Listener at 127.0.0.1/44039] INFO  handler.ContextHandler (ContextHandler.java:doStart(921)) - Started o.e.j.w.WebAppContext@6cef2367{hddsDatanode,/,file:///tmp/jetty-0_0_0_0-44109-hdds-container-service-1_3_0-SNAPSHOT_jar-_-any-8786589218024640653/webapp/,AVAILABLE}{jar:file:/home/runner/.m2/repository/org/apache/ozone/hdds-container-service/1.3.0-SNAPSHOT/hdds-container-service-1.3.0-SNAPSHOT.jar!/webapps/hddsDatanode}
2022-12-19 18:38:39,973 [Listener at 127.0.0.1/44039] INFO  server.AbstractConnector (AbstractConnector.java:doStart(333)) - Started ServerConnector@19b0707e{HTTP/1.1, (http/1.1)}{0.0.0.0:44109}
2022-12-19 18:38:39,973 [Listener at 127.0.0.1/44039] INFO  server.Server (Server.java:doStart(415)) - Started @7462ms
2022-12-19 18:38:39,973 [Listener at 127.0.0.1/44039] WARN  impl.MetricsSystemImpl (MetricsSystemImpl.java:register(279)) - Sink prometheus already exists!
2022-12-19 18:38:39,973 [Listener at 127.0.0.1/44039] INFO  http.BaseHttpServer (BaseHttpServer.java:updateConnectorAddress(333)) - HTTP server of hddsDatanode listening at http://0.0.0.0:44109
2022-12-19 18:38:39,975 [Listener at 127.0.0.1/44039] WARN  impl.MetricRegistriesImpl (MetricRegistriesImpl.java:addReporterRegistration(111)) - New reporters are added after registries were created. Some metrics will be missing from the reporter. Please add reporter before adding any new registry.
2022-12-19 18:38:39,975 [Listener at 127.0.0.1/44039] WARN  impl.MetricRegistriesImpl (MetricRegistriesImpl.java:addReporterRegistration(111)) - New reporters are added after registries were created. Some metrics will be missing from the reporter. Please add reporter before adding any new registry.
2022-12-19 18:38:39,975 [Listener at 127.0.0.1/44039] INFO  impl.MetricsSystemImpl (MetricsSystemImpl.java:init(158)) - HddsDatanode metrics system started (again)
2022-12-19 18:38:39,976 [Datanode State Machine Daemon Thread] INFO  statemachine.DatanodeStateMachine (DatanodeStateMachine.java:lambda$startDaemon$0(509)) - Ozone container server started.
2022-12-19 18:38:39,992 [org.apache.hadoop.util.JvmPauseMonitor$Monitor@7d9df76f] INFO  util.JvmPauseMonitor (JvmPauseMonitor.java:run(188)) - Starting JVM pause monitor
2022-12-19 18:38:40,014 [Listener at 127.0.0.1/44039] INFO  ozone.HddsDatanodeService (HddsDatanodeService.java:start(236)) - HddsDatanodeService host:fv-az353-760.tkyx2seitsuu3nmpmouz2httfb.bx.internal.cloudapp.net ip:10.1.0.24
2022-12-19 18:38:40,043 [Listener at 127.0.0.1/44039] INFO  upgrade.AbstractLayoutVersionManager (AbstractLayoutVersionManager.java:init(83)) - Initializing Layout version manager with metadata layout = DATANODE_SCHEMA_V3 (version = 4), software layout = DATANODE_SCHEMA_V3 (version = 4)
2022-12-19 18:38:40,075 [Datanode State Machine Task Thread - 0] INFO  datanode.InitDatanodeState (InitDatanodeState.java:persistContainerDatanodeDetails(138)) - DatanodeDetails is persisted to /home/runner/work/ozone/ozone/hadoop-ozone/integration-test/target/test-dir/MiniOzoneClusterImpl-11542299-c030-49ce-a1ef-33f98f34fc6c/datanode-0/meta/datanode.id
2022-12-19 18:38:40,122 [Listener at 127.0.0.1/44039] INFO  reflections.Reflections (Reflections.java:scan(232)) - Reflections took 78 ms to scan 7 urls, producing 146 keys and 348 values 
2022-12-19 18:38:40,128 [Listener at 127.0.0.1/44039] INFO  statemachine.DatanodeStateMachine (DatanodeStateMachine.java:getEndPointTaskThreadPoolSize(249)) - Datanode State Machine Task Thread Pool size 2
2022-12-19 18:38:40,134 [Listener at 127.0.0.1/44039] INFO  volume.HddsVolume (HddsVolume.java:<init>(117)) - Creating HddsVolume: /home/runner/work/ozone/ozone/hadoop-ozone/integration-test/target/test-dir/MiniOzoneClusterImpl-11542299-c030-49ce-a1ef-33f98f34fc6c/datanode-1/data-0/containers/hdds of storage type : DISK capacity : 9223372036854775807
2022-12-19 18:38:40,134 [Listener at 127.0.0.1/44039] INFO  volume.MutableVolumeSet (MutableVolumeSet.java:initializeVolumeSet(174)) - Added Volume : /home/runner/work/ozone/ozone/hadoop-ozone/integration-test/target/test-dir/MiniOzoneClusterImpl-11542299-c030-49ce-a1ef-33f98f34fc6c/datanode-1/data-0/containers/hdds to VolumeSet
2022-12-19 18:38:40,134 [Listener at 127.0.0.1/44039] INFO  volume.ThrottledAsyncChecker (ThrottledAsyncChecker.java:schedule(141)) - Scheduling a check for /home/runner/work/ozone/ozone/hadoop-ozone/integration-test/target/test-dir/MiniOzoneClusterImpl-11542299-c030-49ce-a1ef-33f98f34fc6c/datanode-1/data-0/containers/hdds
2022-12-19 18:38:40,138 [Listener at 127.0.0.1/44039] INFO  volume.StorageVolumeChecker (StorageVolumeChecker.java:checkAllVolumes(202)) - Scheduled health check for volume /home/runner/work/ozone/ozone/hadoop-ozone/integration-test/target/test-dir/MiniOzoneClusterImpl-11542299-c030-49ce-a1ef-33f98f34fc6c/datanode-1/data-0/containers/hdds
2022-12-19 18:38:40,154 [Listener at 127.0.0.1/44039] INFO  volume.MutableVolumeSet (MutableVolumeSet.java:initializeVolumeSet(174)) - Added Volume : /home/runner/work/ozone/ozone/hadoop-ozone/integration-test/target/test-dir/MiniOzoneClusterImpl-11542299-c030-49ce-a1ef-33f98f34fc6c/datanode-1/data/ratis to VolumeSet
2022-12-19 18:38:40,154 [Listener at 127.0.0.1/44039] INFO  volume.ThrottledAsyncChecker (ThrottledAsyncChecker.java:schedule(141)) - Scheduling a check for /home/runner/work/ozone/ozone/hadoop-ozone/integration-test/target/test-dir/MiniOzoneClusterImpl-11542299-c030-49ce-a1ef-33f98f34fc6c/datanode-1/data/ratis
2022-12-19 18:38:40,155 [Listener at 127.0.0.1/44039] INFO  volume.StorageVolumeChecker (StorageVolumeChecker.java:checkAllVolumes(202)) - Scheduled health check for volume /home/runner/work/ozone/ozone/hadoop-ozone/integration-test/target/test-dir/MiniOzoneClusterImpl-11542299-c030-49ce-a1ef-33f98f34fc6c/datanode-1/data/ratis
2022-12-19 18:38:40,166 [Thread-150] INFO  ozoneimpl.ContainerReader (ContainerReader.java:readVolume(175)) - Finish verifying containers on volume /home/runner/work/ozone/ozone/hadoop-ozone/integration-test/target/test-dir/MiniOzoneClusterImpl-11542299-c030-49ce-a1ef-33f98f34fc6c/datanode-1/data-0/containers/hdds
2022-12-19 18:38:40,167 [Listener at 127.0.0.1/44039] INFO  ozoneimpl.OzoneContainer (OzoneContainer.java:buildContainerSet(301)) - Build ContainerSet costs 0s
2022-12-19 18:38:40,170 [Listener at 127.0.0.1/44039] INFO  server.RaftServer (ConfUtils.java:logGet(46)) - raft.rpc.type = GRPC (default)
2022-12-19 18:38:40,171 [Listener at 127.0.0.1/44039] INFO  grpc.GrpcConfigKeys (ConfUtils.java:logFallback(53)) - raft.grpc.admin.host = null (fallback to raft.grpc.server.host)
2022-12-19 18:38:40,171 [Listener at 127.0.0.1/44039] INFO  grpc.GrpcConfigKeys (ConfUtils.java:logGet(46)) - raft.grpc.admin.port = 0 (custom)
2022-12-19 18:38:40,171 [Listener at 127.0.0.1/44039] INFO  grpc.GrpcConfigKeys (ConfUtils.java:logFallback(53)) - raft.grpc.client.host = null (fallback to raft.grpc.server.host)
2022-12-19 18:38:40,171 [Listener at 127.0.0.1/44039] INFO  grpc.GrpcConfigKeys (ConfUtils.java:logGet(46)) - raft.grpc.client.port = 0 (custom)
2022-12-19 18:38:40,174 [Listener at 127.0.0.1/44039] INFO  grpc.GrpcConfigKeys (ConfUtils.java:logGet(46)) - raft.grpc.server.host = null (default)
2022-12-19 18:38:40,174 [Listener at 127.0.0.1/44039] INFO  grpc.GrpcConfigKeys (ConfUtils.java:logGet(46)) - raft.grpc.server.port = 0 (default)
2022-12-19 18:38:40,174 [Listener at 127.0.0.1/44039] INFO  server.GrpcService (ConfUtils.java:logGet(46)) - raft.grpc.message.size.max = 32MB (=33554432) (custom)
2022-12-19 18:38:40,174 [Listener at 127.0.0.1/44039] INFO  server.RaftServerConfigKeys (ConfUtils.java:logGet(46)) - raft.server.log.appender.buffer.byte-limit = 33554432 (custom)
2022-12-19 18:38:40,174 [Listener at 127.0.0.1/44039] INFO  server.GrpcService (ConfUtils.java:logGet(46)) - raft.grpc.flow.control.window = 5MB (=5242880) (custom)
2022-12-19 18:38:40,174 [Listener at 127.0.0.1/44039] INFO  server.RaftServerConfigKeys (ConfUtils.java:logGet(46)) - raft.server.rpc.request.timeout = 60s (custom)
2022-12-19 18:38:40,175 [Listener at 127.0.0.1/44039] INFO  grpc.GrpcConfigKeys (ConfUtils.java:logGet(46)) - raft.grpc.server.heartbeat.channel = true (default)
2022-12-19 18:38:40,175 [Listener at 127.0.0.1/44039] INFO  grpc.GrpcConfigKeys (ConfUtils.java:logGet(46)) - raft.grpc.server.async.request.thread.pool.cached = true (default)
2022-12-19 18:38:40,175 [Listener at 127.0.0.1/44039] INFO  grpc.GrpcConfigKeys (ConfUtils.java:logGet(46)) - raft.grpc.server.async.request.thread.pool.size = 32 (default)
2022-12-19 18:38:40,176 [Listener at 127.0.0.1/44039] INFO  impl.DataStreamServerImpl (ConfUtils.java:logGet(46)) - raft.datastream.type = NETTY (custom)
2022-12-19 18:38:40,177 [Listener at 127.0.0.1/44039] INFO  server.RaftServerConfigKeys (ConfUtils.java:logGet(46)) - raft.server.data-stream.async.request.thread.pool.cached = false (default)
2022-12-19 18:38:40,178 [Listener at 127.0.0.1/44039] INFO  server.RaftServerConfigKeys (ConfUtils.java:logGet(46)) - raft.server.data-stream.async.request.thread.pool.size = 20 (custom)
2022-12-19 18:38:40,178 [Listener at 127.0.0.1/44039] INFO  server.RaftServerConfigKeys (ConfUtils.java:logGet(46)) - raft.server.data-stream.async.write.thread.pool.size = 16 (default)
2022-12-19 18:38:40,182 [Listener at 127.0.0.1/44039] INFO  server.RaftServerConfigKeys (ConfUtils.java:logGet(46)) - raft.server.data-stream.client.pool.size = 10 (default)
2022-12-19 18:38:40,182 [Listener at 127.0.0.1/44039] INFO  netty.NettyConfigKeys$DataStream (ConfUtils.java:logGet(46)) - raft.netty.dataStream.server.use-epoll = false (default)
2022-12-19 18:38:40,182 [Listener at 127.0.0.1/44039] INFO  netty.NettyConfigKeys$DataStream (ConfUtils.java:logGet(46)) - raft.netty.dataStream.server.boss-group.size = 0 (default)
2022-12-19 18:38:40,183 [Listener at 127.0.0.1/44039] INFO  netty.NettyConfigKeys$DataStream (ConfUtils.java:logGet(46)) - raft.netty.dataStream.server.worker-group.size = 0 (default)
2022-12-19 18:38:40,184 [Listener at 127.0.0.1/44039] INFO  netty.NettyConfigKeys$DataStream (ConfUtils.java:logGet(46)) - raft.netty.dataStream.server.tls.conf = null (default)
2022-12-19 18:38:40,184 [Listener at 127.0.0.1/44039] INFO  netty.NettyConfigKeys$DataStream (ConfUtils.java:logGet(46)) - raft.netty.dataStream.host = null (default)
2022-12-19 18:38:40,184 [Listener at 127.0.0.1/44039] INFO  netty.NettyConfigKeys$DataStream (ConfUtils.java:logGet(46)) - raft.netty.dataStream.port = 0 (default)
2022-12-19 18:38:40,187 [91d78431-6cd7-4796-a346-e9fe01a1de12-NettyServerStreamRpc-bossGroup--thread1] INFO  logging.LoggingHandler (AbstractInternalLogger.java:log(148)) - [id: 0xe241bb89] REGISTERED
2022-12-19 18:38:40,188 [91d78431-6cd7-4796-a346-e9fe01a1de12-NettyServerStreamRpc-bossGroup--thread1] INFO  logging.LoggingHandler (AbstractInternalLogger.java:log(148)) - [id: 0xe241bb89] BIND: 0.0.0.0/0.0.0.0:0
2022-12-19 18:38:40,188 [91d78431-6cd7-4796-a346-e9fe01a1de12-NettyServerStreamRpc-bossGroup--thread1] INFO  logging.LoggingHandler (AbstractInternalLogger.java:log(148)) - [id: 0xe241bb89, L:/0:0:0:0:0:0:0:0:33445] ACTIVE
2022-12-19 18:38:40,188 [Listener at 127.0.0.1/44039] INFO  server.RaftServerConfigKeys (ConfUtils.java:logGet(46)) - raft.server.threadpool.proxy.cached = true (default)
2022-12-19 18:38:40,192 [Listener at 127.0.0.1/44039] INFO  server.RaftServerConfigKeys (ConfUtils.java:logGet(46)) - raft.server.threadpool.proxy.size = 0 (default)
2022-12-19 18:38:40,192 [Listener at 127.0.0.1/44039] INFO  server.RaftServerConfigKeys (ConfUtils.java:logGet(46)) - raft.server.rpc.slowness.timeout = 300s (custom)
2022-12-19 18:38:40,192 [Listener at 127.0.0.1/44039] INFO  server.RaftServerConfigKeys (ConfUtils.java:logGet(46)) - raft.server.leaderelection.leader.step-down.wait-time = 10s (default)
2022-12-19 18:38:40,192 [Listener at 127.0.0.1/44039] INFO  server.RaftServerConfigKeys (ConfUtils.java:logGet(46)) - raft.server.storage.dir = [/home/runner/work/ozone/ozone/hadoop-ozone/integration-test/target/test-dir/MiniOzoneClusterImpl-11542299-c030-49ce-a1ef-33f98f34fc6c/datanode-1/data/ratis] (custom)
2022-12-19 18:38:40,194 [Listener at 127.0.0.1/44039] INFO  server.XceiverServerGrpc (XceiverServerGrpc.java:<init>(132)) - GrpcServer channel type EpollServerSocketChannel
2022-12-19 18:38:40,204 [Listener at 127.0.0.1/44039] INFO  http.BaseHttpServer (BaseHttpServer.java:newHttpServer2BuilderForOzone(213)) - Starting Web-server for hddsDatanode at: http://0.0.0.0:0
2022-12-19 18:38:40,204 [Listener at 127.0.0.1/44039] INFO  http.BaseHttpServer (BaseHttpServer.java:<init>(108)) - Hadoop Security Enabled: false Ozone Security Enabled: false Ozone HTTP Security Enabled: false 
2022-12-19 18:38:40,205 [Listener at 127.0.0.1/44039] WARN  server.AuthenticationFilter (AuthenticationFilter.java:constructSecretProvider(240)) - Unable to initialize FileSignerSecretProvider, falling back to use random secrets. Reason: Could not read signature secret file: /home/runner/hadoop-http-auth-signature-secret
2022-12-19 18:38:40,206 [Listener at 127.0.0.1/44039] WARN  http.HttpRequestLog (HttpRequestLog.java:getRequestLog(103)) - Jetty request log can only be enabled using Log4j
2022-12-19 18:38:40,208 [Listener at 127.0.0.1/44039] INFO  http.HttpServer2 (HttpServer2.java:addGlobalFilter(1031)) - Added global filter 'safety' (class=org.apache.hadoop.hdds.server.http.HttpServer2$QuotingInputFilter)
2022-12-19 18:38:40,209 [Listener at 127.0.0.1/44039] INFO  http.HttpServer2 (HttpServer2.java:addFilter(1007)) - Added filter static_user_filter (class=org.apache.hadoop.http.lib.StaticUserWebFilter$StaticUserFilter) to context hddsDatanode
2022-12-19 18:38:40,209 [Listener at 127.0.0.1/44039] INFO  http.HttpServer2 (HttpServer2.java:addFilter(1015)) - Added filter static_user_filter (class=org.apache.hadoop.http.lib.StaticUserWebFilter$StaticUserFilter) to context static
2022-12-19 18:38:40,209 [Listener at 127.0.0.1/44039] INFO  http.HttpServer2 (HttpServer2.java:addFilter(1015)) - Added filter static_user_filter (class=org.apache.hadoop.http.lib.StaticUserWebFilter$StaticUserFilter) to context logs
2022-12-19 18:38:40,210 [Listener at 127.0.0.1/44039] INFO  http.HttpServer2 (HttpServer2.java:bindListener(1250)) - Jetty bound to port 36811
2022-12-19 18:38:40,210 [Listener at 127.0.0.1/44039] INFO  server.Server (Server.java:doStart(375)) - jetty-9.4.49.v20220914; built: 2022-09-14T01:07:36.601Z; git: 4231a3b2e4cb8548a412a789936d640a97b1aa0a; jvm 1.8.0_352-b08
2022-12-19 18:38:40,217 [Listener at 127.0.0.1/44039] INFO  server.session (DefaultSessionIdManager.java:doStart(334)) - DefaultSessionIdManager workerName=node0
2022-12-19 18:38:40,217 [Listener at 127.0.0.1/44039] INFO  server.session (DefaultSessionIdManager.java:doStart(339)) - No SessionScavenger set, using defaults
2022-12-19 18:38:40,217 [Listener at 127.0.0.1/44039] INFO  server.session (HouseKeeper.java:startScavenging(132)) - node0 Scavenging every 600000ms
2022-12-19 18:38:40,218 [Listener at 127.0.0.1/44039] INFO  handler.ContextHandler (ContextHandler.java:doStart(921)) - Started o.e.j.s.ServletContextHandler@3b51334c{logs,/logs,file:///home/runner/work/ozone/ozone/hadoop-ozone/integration-test/target/log,AVAILABLE}
2022-12-19 18:38:40,219 [Listener at 127.0.0.1/44039] INFO  handler.ContextHandler (ContextHandler.java:doStart(921)) - Started o.e.j.s.ServletContextHandler@69925e55{static,/static,jar:file:/home/runner/.m2/repository/org/apache/ozone/hdds-container-service/1.3.0-SNAPSHOT/hdds-container-service-1.3.0-SNAPSHOT.jar!/webapps/static,AVAILABLE}
2022-12-19 18:38:40,270 [om1@group-C5BA1605619E-FollowerState] INFO  impl.FollowerState (FollowerState.java:run(143)) - om1@group-C5BA1605619E-FollowerState: change to CANDIDATE, lastRpcElapsedTime:1140233598ns, electionTimeout:1132ms
2022-12-19 18:38:40,271 [om1@group-C5BA1605619E-FollowerState] INFO  impl.RoleInfo (RoleInfo.java:shutdownFollowerState(110)) - om1: shutdown om1@group-C5BA1605619E-FollowerState
2022-12-19 18:38:40,272 [om1@group-C5BA1605619E-FollowerState] INFO  server.RaftServer$Division (RaftServerImpl.java:setRole(321)) - om1@group-C5BA1605619E: changes role from  FOLLOWER to CANDIDATE at term 0 for changeToCandidate
2022-12-19 18:38:40,274 [om1@group-C5BA1605619E-FollowerState] INFO  server.RaftServerConfigKeys (ConfUtils.java:logGet(46)) - raft.server.leaderelection.pre-vote = false (custom)
2022-12-19 18:38:40,274 [om1@group-C5BA1605619E-FollowerState] INFO  impl.RoleInfo (RoleInfo.java:updateAndGet(139)) - om1: start om1@group-C5BA1605619E-LeaderElection1
2022-12-19 18:38:40,287 [om1@group-C5BA1605619E-LeaderElection1] INFO  impl.LeaderElection (LeaderElection.java:askForVotes(312)) - om1@group-C5BA1605619E-LeaderElection1 ELECTION round 0: submit vote requests at term 1 for -1: peers:[om1|rpc:localhost:9872|priority:0|startupRole:FOLLOWER]|listeners:[], old=null
2022-12-19 18:38:40,288 [om1@group-C5BA1605619E-LeaderElection1] INFO  impl.LeaderElection (LeaderElection.java:askForVotes(314)) - om1@group-C5BA1605619E-LeaderElection1 ELECTION round 0: result PASSED (term=1)
2022-12-19 18:38:40,290 [om1@group-C5BA1605619E-LeaderElection1] INFO  impl.RoleInfo (RoleInfo.java:shutdownLeaderElection(130)) - om1: shutdown om1@group-C5BA1605619E-LeaderElection1
2022-12-19 18:38:40,290 [om1@group-C5BA1605619E-LeaderElection1] INFO  server.RaftServer$Division (RaftServerImpl.java:setRole(321)) - om1@group-C5BA1605619E: changes role from CANDIDATE to LEADER at term 1 for changeToLeader
2022-12-19 18:38:40,293 [om1@group-C5BA1605619E-LeaderElection1] INFO  server.RaftServer$Division (ServerState.java:setLeader(313)) - om1@group-C5BA1605619E: change Leader from null to om1 at term 1 for becomeLeader, leader elected after 2132ms
2022-12-19 18:38:40,304 [om1@group-C5BA1605619E-LeaderElection1] INFO  server.RaftServerConfigKeys (ConfUtils.java:logGet(46)) - raft.server.staging.catchup.gap = 1000 (default)
2022-12-19 18:38:40,321 [om1@group-C5BA1605619E-LeaderElection1] INFO  server.RaftServerConfigKeys (ConfUtils.java:logGet(46)) - raft.server.write.element-limit = 4096 (default)
2022-12-19 18:38:40,322 [om1@group-C5BA1605619E-LeaderElection1] INFO  server.RaftServerConfigKeys (ConfUtils.java:logGet(46)) - raft.server.write.byte-limit = 64MB (=67108864) (default)
2022-12-19 18:38:40,334 [om1@group-C5BA1605619E-LeaderElection1] INFO  server.RaftServerConfigKeys (ConfUtils.java:logGet(46)) - raft.server.watch.timeout = 10s (default)
2022-12-19 18:38:40,334 [om1@group-C5BA1605619E-LeaderElection1] INFO  server.RaftServerConfigKeys (ConfUtils.java:logGet(46)) - raft.server.watch.timeout.denomination = 1s (default)
2022-12-19 18:38:40,335 [om1@group-C5BA1605619E-LeaderElection1] INFO  server.RaftServerConfigKeys (ConfUtils.java:logGet(46)) - raft.server.watch.element-limit = 65536 (default)
2022-12-19 18:38:40,344 [om1@group-C5BA1605619E-LeaderElection1] INFO  server.RaftServerConfigKeys (ConfUtils.java:logGet(46)) - raft.server.write.element-limit = 4096 (default)
2022-12-19 18:38:40,348 [om1@group-C5BA1605619E-LeaderElection1] INFO  server.RaftServerConfigKeys (ConfUtils.java:logGet(46)) - raft.server.write.follower.gap.ratio.max = -1.0 (default)
2022-12-19 18:38:40,354 [om1@group-C5BA1605619E-LeaderElection1] INFO  impl.RoleInfo (RoleInfo.java:updateAndGet(139)) - om1: start om1@group-C5BA1605619E-LeaderStateImpl
2022-12-19 18:38:40,393 [om1@group-C5BA1605619E-LeaderElection1] INFO  segmented.SegmentedRaftLogWorker (SegmentedRaftLogWorker.java:startLogSegment(452)) - om1@group-C5BA1605619E-SegmentedRaftLogWorker: Starting segment from index:0
2022-12-19 18:38:40,426 [Listener at 127.0.0.1/44039] INFO  handler.ContextHandler (ContextHandler.java:doStart(921)) - Started o.e.j.w.WebAppContext@a0361cb{hddsDatanode,/,file:///tmp/jetty-0_0_0_0-36811-hdds-container-service-1_3_0-SNAPSHOT_jar-_-any-6430897244654181249/webapp/,AVAILABLE}{jar:file:/home/runner/.m2/repository/org/apache/ozone/hdds-container-service/1.3.0-SNAPSHOT/hdds-container-service-1.3.0-SNAPSHOT.jar!/webapps/hddsDatanode}
2022-12-19 18:38:40,428 [Listener at 127.0.0.1/44039] INFO  server.AbstractConnector (AbstractConnector.java:doStart(333)) - Started ServerConnector@59e97f75{HTTP/1.1, (http/1.1)}{0.0.0.0:36811}
2022-12-19 18:38:40,428 [Listener at 127.0.0.1/44039] INFO  server.Server (Server.java:doStart(415)) - Started @7917ms
2022-12-19 18:38:40,429 [Listener at 127.0.0.1/44039] WARN  impl.MetricsSystemImpl (MetricsSystemImpl.java:register(279)) - Sink prometheus already exists!
2022-12-19 18:38:40,430 [Listener at 127.0.0.1/44039] INFO  http.BaseHttpServer (BaseHttpServer.java:updateConnectorAddress(333)) - HTTP server of hddsDatanode listening at http://0.0.0.0:36811
2022-12-19 18:38:40,435 [Listener at 127.0.0.1/44039] WARN  impl.MetricRegistriesImpl (MetricRegistriesImpl.java:addReporterRegistration(111)) - New reporters are added after registries were created. Some metrics will be missing from the reporter. Please add reporter before adding any new registry.
2022-12-19 18:38:40,435 [Listener at 127.0.0.1/44039] WARN  impl.MetricRegistriesImpl (MetricRegistriesImpl.java:addReporterRegistration(111)) - New reporters are added after registries were created. Some metrics will be missing from the reporter. Please add reporter before adding any new registry.
2022-12-19 18:38:40,435 [Listener at 127.0.0.1/44039] INFO  impl.MetricsSystemImpl (MetricsSystemImpl.java:init(158)) - HddsDatanode metrics system started (again)
2022-12-19 18:38:40,437 [Datanode State Machine Daemon Thread] INFO  statemachine.DatanodeStateMachine (DatanodeStateMachine.java:lambda$startDaemon$0(509)) - Ozone container server started.
2022-12-19 18:38:40,457 [Listener at 127.0.0.1/44039] INFO  ozone.HddsDatanodeService (HddsDatanodeService.java:start(236)) - HddsDatanodeService host:fv-az353-760.tkyx2seitsuu3nmpmouz2httfb.bx.internal.cloudapp.net ip:10.1.0.24
2022-12-19 18:38:40,469 [om1@group-C5BA1605619E-LeaderElection1] INFO  server.RaftServer$Division (ServerState.java:setRaftConf(430)) - om1@group-C5BA1605619E: set configuration 0: peers:[om1|rpc:localhost:9872|admin:|client:|dataStream:|priority:0|startupRole:FOLLOWER]|listeners:[], old=null
2022-12-19 18:38:40,479 [org.apache.hadoop.util.JvmPauseMonitor$Monitor@6f86f09f] INFO  util.JvmPauseMonitor (JvmPauseMonitor.java:run(188)) - Starting JVM pause monitor
2022-12-19 18:38:40,497 [Listener at 127.0.0.1/44039] INFO  upgrade.AbstractLayoutVersionManager (AbstractLayoutVersionManager.java:init(83)) - Initializing Layout version manager with metadata layout = DATANODE_SCHEMA_V3 (version = 4), software layout = DATANODE_SCHEMA_V3 (version = 4)
2022-12-19 18:38:40,497 [Datanode State Machine Task Thread - 0] INFO  datanode.InitDatanodeState (InitDatanodeState.java:persistContainerDatanodeDetails(138)) - DatanodeDetails is persisted to /home/runner/work/ozone/ozone/hadoop-ozone/integration-test/target/test-dir/MiniOzoneClusterImpl-11542299-c030-49ce-a1ef-33f98f34fc6c/datanode-1/meta/datanode.id
2022-12-19 18:38:40,555 [om1@group-C5BA1605619E-SegmentedRaftLogWorker] INFO  segmented.SegmentedRaftLogWorker (SegmentedRaftLogWorker.java:execute(656)) - om1@group-C5BA1605619E-SegmentedRaftLogWorker: created new log segment /home/runner/work/ozone/ozone/hadoop-ozone/integration-test/target/test-dir/MiniOzoneClusterImpl-11542299-c030-49ce-a1ef-33f98f34fc6c/ozone-meta/ratis/bf265839-605b-3f16-9796-c5ba1605619e/current/log_inprogress_0
2022-12-19 18:38:40,592 [Listener at 127.0.0.1/44039] INFO  reflections.Reflections (Reflections.java:scan(232)) - Reflections took 92 ms to scan 7 urls, producing 146 keys and 348 values 
2022-12-19 18:38:40,601 [Listener at 127.0.0.1/44039] INFO  statemachine.DatanodeStateMachine (DatanodeStateMachine.java:getEndPointTaskThreadPoolSize(249)) - Datanode State Machine Task Thread Pool size 2
2022-12-19 18:38:40,617 [Listener at 127.0.0.1/44039] INFO  volume.HddsVolume (HddsVolume.java:<init>(117)) - Creating HddsVolume: /home/runner/work/ozone/ozone/hadoop-ozone/integration-test/target/test-dir/MiniOzoneClusterImpl-11542299-c030-49ce-a1ef-33f98f34fc6c/datanode-2/data-0/containers/hdds of storage type : DISK capacity : 9223372036854775807
2022-12-19 18:38:40,617 [Listener at 127.0.0.1/44039] INFO  volume.MutableVolumeSet (MutableVolumeSet.java:initializeVolumeSet(174)) - Added Volume : /home/runner/work/ozone/ozone/hadoop-ozone/integration-test/target/test-dir/MiniOzoneClusterImpl-11542299-c030-49ce-a1ef-33f98f34fc6c/datanode-2/data-0/containers/hdds to VolumeSet
2022-12-19 18:38:40,618 [Listener at 127.0.0.1/44039] INFO  volume.ThrottledAsyncChecker (ThrottledAsyncChecker.java:schedule(141)) - Scheduling a check for /home/runner/work/ozone/ozone/hadoop-ozone/integration-test/target/test-dir/MiniOzoneClusterImpl-11542299-c030-49ce-a1ef-33f98f34fc6c/datanode-2/data-0/containers/hdds
2022-12-19 18:38:40,628 [Listener at 127.0.0.1/44039] INFO  volume.StorageVolumeChecker (StorageVolumeChecker.java:checkAllVolumes(202)) - Scheduled health check for volume /home/runner/work/ozone/ozone/hadoop-ozone/integration-test/target/test-dir/MiniOzoneClusterImpl-11542299-c030-49ce-a1ef-33f98f34fc6c/datanode-2/data-0/containers/hdds
2022-12-19 18:38:40,644 [Listener at 127.0.0.1/44039] INFO  volume.MutableVolumeSet (MutableVolumeSet.java:initializeVolumeSet(174)) - Added Volume : /home/runner/work/ozone/ozone/hadoop-ozone/integration-test/target/test-dir/MiniOzoneClusterImpl-11542299-c030-49ce-a1ef-33f98f34fc6c/datanode-2/data/ratis to VolumeSet
2022-12-19 18:38:40,645 [Listener at 127.0.0.1/44039] INFO  volume.ThrottledAsyncChecker (ThrottledAsyncChecker.java:schedule(141)) - Scheduling a check for /home/runner/work/ozone/ozone/hadoop-ozone/integration-test/target/test-dir/MiniOzoneClusterImpl-11542299-c030-49ce-a1ef-33f98f34fc6c/datanode-2/data/ratis
2022-12-19 18:38:40,645 [Listener at 127.0.0.1/44039] INFO  volume.StorageVolumeChecker (StorageVolumeChecker.java:checkAllVolumes(202)) - Scheduled health check for volume /home/runner/work/ozone/ozone/hadoop-ozone/integration-test/target/test-dir/MiniOzoneClusterImpl-11542299-c030-49ce-a1ef-33f98f34fc6c/datanode-2/data/ratis
2022-12-19 18:38:40,679 [Thread-166] INFO  ozoneimpl.ContainerReader (ContainerReader.java:readVolume(175)) - Finish verifying containers on volume /home/runner/work/ozone/ozone/hadoop-ozone/integration-test/target/test-dir/MiniOzoneClusterImpl-11542299-c030-49ce-a1ef-33f98f34fc6c/datanode-2/data-0/containers/hdds
2022-12-19 18:38:40,679 [Listener at 127.0.0.1/44039] INFO  ozoneimpl.OzoneContainer (OzoneContainer.java:buildContainerSet(301)) - Build ContainerSet costs 0s
2022-12-19 18:38:40,686 [Listener at 127.0.0.1/44039] INFO  server.RaftServer (ConfUtils.java:logGet(46)) - raft.rpc.type = GRPC (default)
2022-12-19 18:38:40,686 [Listener at 127.0.0.1/44039] INFO  grpc.GrpcConfigKeys (ConfUtils.java:logFallback(53)) - raft.grpc.admin.host = null (fallback to raft.grpc.server.host)
2022-12-19 18:38:40,688 [Listener at 127.0.0.1/44039] INFO  grpc.GrpcConfigKeys (ConfUtils.java:logGet(46)) - raft.grpc.admin.port = 0 (custom)
2022-12-19 18:38:40,688 [Listener at 127.0.0.1/44039] INFO  grpc.GrpcConfigKeys (ConfUtils.java:logFallback(53)) - raft.grpc.client.host = null (fallback to raft.grpc.server.host)
2022-12-19 18:38:40,688 [Listener at 127.0.0.1/44039] INFO  grpc.GrpcConfigKeys (ConfUtils.java:logGet(46)) - raft.grpc.client.port = 0 (custom)
2022-12-19 18:38:40,688 [Listener at 127.0.0.1/44039] INFO  grpc.GrpcConfigKeys (ConfUtils.java:logGet(46)) - raft.grpc.server.host = null (default)
2022-12-19 18:38:40,688 [Listener at 127.0.0.1/44039] INFO  grpc.GrpcConfigKeys (ConfUtils.java:logGet(46)) - raft.grpc.server.port = 0 (default)
2022-12-19 18:38:40,688 [Listener at 127.0.0.1/44039] INFO  server.GrpcService (ConfUtils.java:logGet(46)) - raft.grpc.message.size.max = 32MB (=33554432) (custom)
2022-12-19 18:38:40,687 [om1@group-C5BA1605619E-StateMachineUpdater] INFO  ratis.OzoneManagerStateMachine (OzoneManagerStateMachine.java:notifyConfigurationChanged(192)) - Received Configuration change notification from Ratis. New Peer list:
[id: "om1"
address: "localhost:9872"
startupRole: FOLLOWER
]
2022-12-19 18:38:40,691 [Listener at 127.0.0.1/44039] INFO  server.RaftServerConfigKeys (ConfUtils.java:logGet(46)) - raft.server.log.appender.buffer.byte-limit = 33554432 (custom)
2022-12-19 18:38:40,691 [Listener at 127.0.0.1/44039] INFO  server.GrpcService (ConfUtils.java:logGet(46)) - raft.grpc.flow.control.window = 5MB (=5242880) (custom)
2022-12-19 18:38:40,691 [Listener at 127.0.0.1/44039] INFO  server.RaftServerConfigKeys (ConfUtils.java:logGet(46)) - raft.server.rpc.request.timeout = 60s (custom)
2022-12-19 18:38:40,691 [Listener at 127.0.0.1/44039] INFO  grpc.GrpcConfigKeys (ConfUtils.java:logGet(46)) - raft.grpc.server.heartbeat.channel = true (default)
2022-12-19 18:38:40,692 [Listener at 127.0.0.1/44039] INFO  grpc.GrpcConfigKeys (ConfUtils.java:logGet(46)) - raft.grpc.server.async.request.thread.pool.cached = true (default)
2022-12-19 18:38:40,692 [Listener at 127.0.0.1/44039] INFO  grpc.GrpcConfigKeys (ConfUtils.java:logGet(46)) - raft.grpc.server.async.request.thread.pool.size = 32 (default)
2022-12-19 18:38:40,692 [Listener at 127.0.0.1/44039] INFO  impl.DataStreamServerImpl (ConfUtils.java:logGet(46)) - raft.datastream.type = NETTY (custom)
2022-12-19 18:38:40,693 [Listener at 127.0.0.1/44039] INFO  server.RaftServerConfigKeys (ConfUtils.java:logGet(46)) - raft.server.data-stream.async.request.thread.pool.cached = false (default)
2022-12-19 18:38:40,693 [Listener at 127.0.0.1/44039] INFO  server.RaftServerConfigKeys (ConfUtils.java:logGet(46)) - raft.server.data-stream.async.request.thread.pool.size = 20 (custom)
2022-12-19 18:38:40,693 [Listener at 127.0.0.1/44039] INFO  server.RaftServerConfigKeys (ConfUtils.java:logGet(46)) - raft.server.data-stream.async.write.thread.pool.size = 16 (default)
2022-12-19 18:38:40,693 [Listener at 127.0.0.1/44039] INFO  server.RaftServerConfigKeys (ConfUtils.java:logGet(46)) - raft.server.data-stream.client.pool.size = 10 (default)
2022-12-19 18:38:40,693 [Listener at 127.0.0.1/44039] INFO  netty.NettyConfigKeys$DataStream (ConfUtils.java:logGet(46)) - raft.netty.dataStream.server.use-epoll = false (default)
2022-12-19 18:38:40,694 [Listener at 127.0.0.1/44039] INFO  netty.NettyConfigKeys$DataStream (ConfUtils.java:logGet(46)) - raft.netty.dataStream.server.boss-group.size = 0 (default)
2022-12-19 18:38:40,694 [Listener at 127.0.0.1/44039] INFO  netty.NettyConfigKeys$DataStream (ConfUtils.java:logGet(46)) - raft.netty.dataStream.server.worker-group.size = 0 (default)
2022-12-19 18:38:40,694 [Listener at 127.0.0.1/44039] INFO  netty.NettyConfigKeys$DataStream (ConfUtils.java:logGet(46)) - raft.netty.dataStream.server.tls.conf = null (default)
2022-12-19 18:38:40,694 [Listener at 127.0.0.1/44039] INFO  netty.NettyConfigKeys$DataStream (ConfUtils.java:logGet(46)) - raft.netty.dataStream.host = null (default)
2022-12-19 18:38:40,695 [Listener at 127.0.0.1/44039] INFO  netty.NettyConfigKeys$DataStream (ConfUtils.java:logGet(46)) - raft.netty.dataStream.port = 0 (default)
2022-12-19 18:38:40,695 [Listener at 127.0.0.1/44039] INFO  server.RaftServerConfigKeys (ConfUtils.java:logGet(46)) - raft.server.threadpool.proxy.cached = true (default)
2022-12-19 18:38:40,695 [Listener at 127.0.0.1/44039] INFO  server.RaftServerConfigKeys (ConfUtils.java:logGet(46)) - raft.server.threadpool.proxy.size = 0 (default)
2022-12-19 18:38:40,695 [Listener at 127.0.0.1/44039] INFO  server.RaftServerConfigKeys (ConfUtils.java:logGet(46)) - raft.server.rpc.slowness.timeout = 300s (custom)
2022-12-19 18:38:40,695 [Listener at 127.0.0.1/44039] INFO  server.RaftServerConfigKeys (ConfUtils.java:logGet(46)) - raft.server.leaderelection.leader.step-down.wait-time = 10s (default)
2022-12-19 18:38:40,696 [Listener at 127.0.0.1/44039] INFO  server.RaftServerConfigKeys (ConfUtils.java:logGet(46)) - raft.server.storage.dir = [/home/runner/work/ozone/ozone/hadoop-ozone/integration-test/target/test-dir/MiniOzoneClusterImpl-11542299-c030-49ce-a1ef-33f98f34fc6c/datanode-2/data/ratis] (custom)
2022-12-19 18:38:40,698 [6ea35c1f-1714-407c-a38f-a2791a2eb8d3-NettyServerStreamRpc-bossGroup--thread1] INFO  logging.LoggingHandler (AbstractInternalLogger.java:log(148)) - [id: 0xb7efd7d3] REGISTERED
2022-12-19 18:38:40,698 [6ea35c1f-1714-407c-a38f-a2791a2eb8d3-NettyServerStreamRpc-bossGroup--thread1] INFO  logging.LoggingHandler (AbstractInternalLogger.java:log(148)) - [id: 0xb7efd7d3] BIND: 0.0.0.0/0.0.0.0:0
2022-12-19 18:38:40,698 [6ea35c1f-1714-407c-a38f-a2791a2eb8d3-NettyServerStreamRpc-bossGroup--thread1] INFO  logging.LoggingHandler (AbstractInternalLogger.java:log(148)) - [id: 0xb7efd7d3, L:/0:0:0:0:0:0:0:0:36469] ACTIVE
2022-12-19 18:38:40,699 [Listener at 127.0.0.1/44039] INFO  server.XceiverServerGrpc (XceiverServerGrpc.java:<init>(132)) - GrpcServer channel type EpollServerSocketChannel
2022-12-19 18:38:40,705 [Listener at 127.0.0.1/44039] INFO  http.BaseHttpServer (BaseHttpServer.java:newHttpServer2BuilderForOzone(213)) - Starting Web-server for hddsDatanode at: http://0.0.0.0:0
2022-12-19 18:38:40,705 [Listener at 127.0.0.1/44039] INFO  http.BaseHttpServer (BaseHttpServer.java:<init>(108)) - Hadoop Security Enabled: false Ozone Security Enabled: false Ozone HTTP Security Enabled: false 
2022-12-19 18:38:40,706 [Listener at 127.0.0.1/44039] WARN  server.AuthenticationFilter (AuthenticationFilter.java:constructSecretProvider(240)) - Unable to initialize FileSignerSecretProvider, falling back to use random secrets. Reason: Could not read signature secret file: /home/runner/hadoop-http-auth-signature-secret
2022-12-19 18:38:40,707 [Listener at 127.0.0.1/44039] WARN  http.HttpRequestLog (HttpRequestLog.java:getRequestLog(103)) - Jetty request log can only be enabled using Log4j
2022-12-19 18:38:40,708 [Listener at 127.0.0.1/44039] INFO  http.HttpServer2 (HttpServer2.java:addGlobalFilter(1031)) - Added global filter 'safety' (class=org.apache.hadoop.hdds.server.http.HttpServer2$QuotingInputFilter)
2022-12-19 18:38:40,709 [Listener at 127.0.0.1/44039] INFO  http.HttpServer2 (HttpServer2.java:addFilter(1007)) - Added filter static_user_filter (class=org.apache.hadoop.http.lib.StaticUserWebFilter$StaticUserFilter) to context hddsDatanode
2022-12-19 18:38:40,709 [Listener at 127.0.0.1/44039] INFO  http.HttpServer2 (HttpServer2.java:addFilter(1015)) - Added filter static_user_filter (class=org.apache.hadoop.http.lib.StaticUserWebFilter$StaticUserFilter) to context logs
2022-12-19 18:38:40,709 [Listener at 127.0.0.1/44039] INFO  http.HttpServer2 (HttpServer2.java:addFilter(1015)) - Added filter static_user_filter (class=org.apache.hadoop.http.lib.StaticUserWebFilter$StaticUserFilter) to context static
2022-12-19 18:38:40,710 [Listener at 127.0.0.1/44039] INFO  http.HttpServer2 (HttpServer2.java:bindListener(1250)) - Jetty bound to port 34903
2022-12-19 18:38:40,710 [Listener at 127.0.0.1/44039] INFO  server.Server (Server.java:doStart(375)) - jetty-9.4.49.v20220914; built: 2022-09-14T01:07:36.601Z; git: 4231a3b2e4cb8548a412a789936d640a97b1aa0a; jvm 1.8.0_352-b08
2022-12-19 18:38:40,714 [Listener at 127.0.0.1/44039] INFO  server.session (DefaultSessionIdManager.java:doStart(334)) - DefaultSessionIdManager workerName=node0
2022-12-19 18:38:40,714 [Listener at 127.0.0.1/44039] INFO  server.session (DefaultSessionIdManager.java:doStart(339)) - No SessionScavenger set, using defaults
2022-12-19 18:38:40,714 [Listener at 127.0.0.1/44039] INFO  server.session (HouseKeeper.java:startScavenging(132)) - node0 Scavenging every 660000ms
2022-12-19 18:38:40,715 [Listener at 127.0.0.1/44039] INFO  handler.ContextHandler (ContextHandler.java:doStart(921)) - Started o.e.j.s.ServletContextHandler@32809f98{logs,/logs,file:///home/runner/work/ozone/ozone/hadoop-ozone/integration-test/target/log,AVAILABLE}
2022-12-19 18:38:40,715 [Listener at 127.0.0.1/44039] INFO  handler.ContextHandler (ContextHandler.java:doStart(921)) - Started o.e.j.s.ServletContextHandler@1005364f{static,/static,jar:file:/home/runner/.m2/repository/org/apache/ozone/hdds-container-service/1.3.0-SNAPSHOT/hdds-container-service-1.3.0-SNAPSHOT.jar!/webapps/static,AVAILABLE}
2022-12-19 18:38:40,885 [Listener at 127.0.0.1/44039] INFO  handler.ContextHandler (ContextHandler.java:doStart(921)) - Started o.e.j.w.WebAppContext@6b714533{hddsDatanode,/,file:///tmp/jetty-0_0_0_0-34903-hdds-container-service-1_3_0-SNAPSHOT_jar-_-any-7873167527652669664/webapp/,AVAILABLE}{jar:file:/home/runner/.m2/repository/org/apache/ozone/hdds-container-service/1.3.0-SNAPSHOT/hdds-container-service-1.3.0-SNAPSHOT.jar!/webapps/hddsDatanode}
2022-12-19 18:38:40,886 [Listener at 127.0.0.1/44039] INFO  server.AbstractConnector (AbstractConnector.java:doStart(333)) - Started ServerConnector@5fbf7a5d{HTTP/1.1, (http/1.1)}{0.0.0.0:34903}
2022-12-19 18:38:40,887 [Listener at 127.0.0.1/44039] INFO  server.Server (Server.java:doStart(415)) - Started @8375ms
2022-12-19 18:38:40,887 [Listener at 127.0.0.1/44039] WARN  impl.MetricsSystemImpl (MetricsSystemImpl.java:register(279)) - Sink prometheus already exists!
2022-12-19 18:38:40,887 [Listener at 127.0.0.1/44039] INFO  http.BaseHttpServer (BaseHttpServer.java:updateConnectorAddress(333)) - HTTP server of hddsDatanode listening at http://0.0.0.0:34903
2022-12-19 18:38:40,888 [Datanode State Machine Daemon Thread] INFO  statemachine.DatanodeStateMachine (DatanodeStateMachine.java:lambda$startDaemon$0(509)) - Ozone container server started.
2022-12-19 18:38:40,888 [Listener at 127.0.0.1/44039] WARN  impl.MetricRegistriesImpl (MetricRegistriesImpl.java:addReporterRegistration(111)) - New reporters are added after registries were created. Some metrics will be missing from the reporter. Please add reporter before adding any new registry.
2022-12-19 18:38:40,889 [Listener at 127.0.0.1/44039] WARN  impl.MetricRegistriesImpl (MetricRegistriesImpl.java:addReporterRegistration(111)) - New reporters are added after registries were created. Some metrics will be missing from the reporter. Please add reporter before adding any new registry.
2022-12-19 18:38:40,889 [Listener at 127.0.0.1/44039] INFO  impl.MetricsSystemImpl (MetricsSystemImpl.java:init(158)) - HddsDatanode metrics system started (again)
2022-12-19 18:38:40,903 [Listener at 127.0.0.1/44039] INFO  ozone.HddsDatanodeService (HddsDatanodeService.java:start(236)) - HddsDatanodeService host:fv-az353-760.tkyx2seitsuu3nmpmouz2httfb.bx.internal.cloudapp.net ip:10.1.0.24
2022-12-19 18:38:40,905 [org.apache.hadoop.util.JvmPauseMonitor$Monitor@6f1c819a] INFO  util.JvmPauseMonitor (JvmPauseMonitor.java:run(188)) - Starting JVM pause monitor
2022-12-19 18:38:40,916 [Datanode State Machine Task Thread - 0] INFO  datanode.InitDatanodeState (InitDatanodeState.java:persistContainerDatanodeDetails(138)) - DatanodeDetails is persisted to /home/runner/work/ozone/ozone/hadoop-ozone/integration-test/target/test-dir/MiniOzoneClusterImpl-11542299-c030-49ce-a1ef-33f98f34fc6c/datanode-2/meta/datanode.id
2022-12-19 18:38:40,931 [Listener at 127.0.0.1/44039] INFO  upgrade.AbstractLayoutVersionManager (AbstractLayoutVersionManager.java:init(83)) - Initializing Layout version manager with metadata layout = DATANODE_SCHEMA_V3 (version = 4), software layout = DATANODE_SCHEMA_V3 (version = 4)
2022-12-19 18:38:40,976 [Listener at 127.0.0.1/44039] INFO  reflections.Reflections (Reflections.java:scan(232)) - Reflections took 43 ms to scan 7 urls, producing 146 keys and 348 values 
2022-12-19 18:38:40,977 [Listener at 127.0.0.1/44039] INFO  statemachine.DatanodeStateMachine (DatanodeStateMachine.java:getEndPointTaskThreadPoolSize(249)) - Datanode State Machine Task Thread Pool size 2
2022-12-19 18:38:40,979 [Listener at 127.0.0.1/44039] INFO  volume.HddsVolume (HddsVolume.java:<init>(117)) - Creating HddsVolume: /home/runner/work/ozone/ozone/hadoop-ozone/integration-test/target/test-dir/MiniOzoneClusterImpl-11542299-c030-49ce-a1ef-33f98f34fc6c/datanode-3/data-0/containers/hdds of storage type : DISK capacity : 9223372036854775807
2022-12-19 18:38:40,979 [Listener at 127.0.0.1/44039] INFO  volume.MutableVolumeSet (MutableVolumeSet.java:initializeVolumeSet(174)) - Added Volume : /home/runner/work/ozone/ozone/hadoop-ozone/integration-test/target/test-dir/MiniOzoneClusterImpl-11542299-c030-49ce-a1ef-33f98f34fc6c/datanode-3/data-0/containers/hdds to VolumeSet
2022-12-19 18:38:40,979 [Listener at 127.0.0.1/44039] INFO  volume.ThrottledAsyncChecker (ThrottledAsyncChecker.java:schedule(141)) - Scheduling a check for /home/runner/work/ozone/ozone/hadoop-ozone/integration-test/target/test-dir/MiniOzoneClusterImpl-11542299-c030-49ce-a1ef-33f98f34fc6c/datanode-3/data-0/containers/hdds
2022-12-19 18:38:40,980 [Listener at 127.0.0.1/44039] INFO  volume.StorageVolumeChecker (StorageVolumeChecker.java:checkAllVolumes(202)) - Scheduled health check for volume /home/runner/work/ozone/ozone/hadoop-ozone/integration-test/target/test-dir/MiniOzoneClusterImpl-11542299-c030-49ce-a1ef-33f98f34fc6c/datanode-3/data-0/containers/hdds
2022-12-19 18:38:40,991 [Listener at 127.0.0.1/44039] INFO  volume.MutableVolumeSet (MutableVolumeSet.java:initializeVolumeSet(174)) - Added Volume : /home/runner/work/ozone/ozone/hadoop-ozone/integration-test/target/test-dir/MiniOzoneClusterImpl-11542299-c030-49ce-a1ef-33f98f34fc6c/datanode-3/data/ratis to VolumeSet
2022-12-19 18:38:40,991 [Listener at 127.0.0.1/44039] INFO  volume.ThrottledAsyncChecker (ThrottledAsyncChecker.java:schedule(141)) - Scheduling a check for /home/runner/work/ozone/ozone/hadoop-ozone/integration-test/target/test-dir/MiniOzoneClusterImpl-11542299-c030-49ce-a1ef-33f98f34fc6c/datanode-3/data/ratis
2022-12-19 18:38:40,992 [Listener at 127.0.0.1/44039] INFO  volume.StorageVolumeChecker (StorageVolumeChecker.java:checkAllVolumes(202)) - Scheduled health check for volume /home/runner/work/ozone/ozone/hadoop-ozone/integration-test/target/test-dir/MiniOzoneClusterImpl-11542299-c030-49ce-a1ef-33f98f34fc6c/datanode-3/data/ratis
2022-12-19 18:38:41,002 [Thread-180] INFO  ozoneimpl.ContainerReader (ContainerReader.java:readVolume(175)) - Finish verifying containers on volume /home/runner/work/ozone/ozone/hadoop-ozone/integration-test/target/test-dir/MiniOzoneClusterImpl-11542299-c030-49ce-a1ef-33f98f34fc6c/datanode-3/data-0/containers/hdds
2022-12-19 18:38:41,002 [Listener at 127.0.0.1/44039] INFO  ozoneimpl.OzoneContainer (OzoneContainer.java:buildContainerSet(301)) - Build ContainerSet costs 0s
2022-12-19 18:38:41,005 [Listener at 127.0.0.1/44039] INFO  server.RaftServer (ConfUtils.java:logGet(46)) - raft.rpc.type = GRPC (default)
2022-12-19 18:38:41,005 [Listener at 127.0.0.1/44039] INFO  grpc.GrpcConfigKeys (ConfUtils.java:logFallback(53)) - raft.grpc.admin.host = null (fallback to raft.grpc.server.host)
2022-12-19 18:38:41,006 [Listener at 127.0.0.1/44039] INFO  grpc.GrpcConfigKeys (ConfUtils.java:logGet(46)) - raft.grpc.admin.port = 0 (custom)
2022-12-19 18:38:41,006 [Listener at 127.0.0.1/44039] INFO  grpc.GrpcConfigKeys (ConfUtils.java:logFallback(53)) - raft.grpc.client.host = null (fallback to raft.grpc.server.host)
2022-12-19 18:38:41,006 [Listener at 127.0.0.1/44039] INFO  grpc.GrpcConfigKeys (ConfUtils.java:logGet(46)) - raft.grpc.client.port = 0 (custom)
2022-12-19 18:38:41,006 [Listener at 127.0.0.1/44039] INFO  grpc.GrpcConfigKeys (ConfUtils.java:logGet(46)) - raft.grpc.server.host = null (default)
2022-12-19 18:38:41,006 [Listener at 127.0.0.1/44039] INFO  grpc.GrpcConfigKeys (ConfUtils.java:logGet(46)) - raft.grpc.server.port = 0 (default)
2022-12-19 18:38:41,006 [Listener at 127.0.0.1/44039] INFO  server.GrpcService (ConfUtils.java:logGet(46)) - raft.grpc.message.size.max = 32MB (=33554432) (custom)
2022-12-19 18:38:41,006 [Listener at 127.0.0.1/44039] INFO  server.RaftServerConfigKeys (ConfUtils.java:logGet(46)) - raft.server.log.appender.buffer.byte-limit = 33554432 (custom)
2022-12-19 18:38:41,006 [Listener at 127.0.0.1/44039] INFO  server.GrpcService (ConfUtils.java:logGet(46)) - raft.grpc.flow.control.window = 5MB (=5242880) (custom)
2022-12-19 18:38:41,007 [Listener at 127.0.0.1/44039] INFO  server.RaftServerConfigKeys (ConfUtils.java:logGet(46)) - raft.server.rpc.request.timeout = 60s (custom)
2022-12-19 18:38:41,007 [Listener at 127.0.0.1/44039] INFO  grpc.GrpcConfigKeys (ConfUtils.java:logGet(46)) - raft.grpc.server.heartbeat.channel = true (default)
2022-12-19 18:38:41,007 [Listener at 127.0.0.1/44039] INFO  grpc.GrpcConfigKeys (ConfUtils.java:logGet(46)) - raft.grpc.server.async.request.thread.pool.cached = true (default)
2022-12-19 18:38:41,007 [Listener at 127.0.0.1/44039] INFO  grpc.GrpcConfigKeys (ConfUtils.java:logGet(46)) - raft.grpc.server.async.request.thread.pool.size = 32 (default)
2022-12-19 18:38:41,008 [Listener at 127.0.0.1/44039] INFO  impl.DataStreamServerImpl (ConfUtils.java:logGet(46)) - raft.datastream.type = NETTY (custom)
2022-12-19 18:38:41,008 [Listener at 127.0.0.1/44039] INFO  server.RaftServerConfigKeys (ConfUtils.java:logGet(46)) - raft.server.data-stream.async.request.thread.pool.cached = false (default)
2022-12-19 18:38:41,008 [Listener at 127.0.0.1/44039] INFO  server.RaftServerConfigKeys (ConfUtils.java:logGet(46)) - raft.server.data-stream.async.request.thread.pool.size = 20 (custom)
2022-12-19 18:38:41,008 [Listener at 127.0.0.1/44039] INFO  server.RaftServerConfigKeys (ConfUtils.java:logGet(46)) - raft.server.data-stream.async.write.thread.pool.size = 16 (default)
2022-12-19 18:38:41,009 [Listener at 127.0.0.1/44039] INFO  server.RaftServerConfigKeys (ConfUtils.java:logGet(46)) - raft.server.data-stream.client.pool.size = 10 (default)
2022-12-19 18:38:41,009 [Listener at 127.0.0.1/44039] INFO  netty.NettyConfigKeys$DataStream (ConfUtils.java:logGet(46)) - raft.netty.dataStream.server.use-epoll = false (default)
2022-12-19 18:38:41,009 [Listener at 127.0.0.1/44039] INFO  netty.NettyConfigKeys$DataStream (ConfUtils.java:logGet(46)) - raft.netty.dataStream.server.boss-group.size = 0 (default)
2022-12-19 18:38:41,009 [Listener at 127.0.0.1/44039] INFO  netty.NettyConfigKeys$DataStream (ConfUtils.java:logGet(46)) - raft.netty.dataStream.server.worker-group.size = 0 (default)
2022-12-19 18:38:41,009 [Listener at 127.0.0.1/44039] INFO  netty.NettyConfigKeys$DataStream (ConfUtils.java:logGet(46)) - raft.netty.dataStream.server.tls.conf = null (default)
2022-12-19 18:38:41,010 [Listener at 127.0.0.1/44039] INFO  netty.NettyConfigKeys$DataStream (ConfUtils.java:logGet(46)) - raft.netty.dataStream.host = null (default)
2022-12-19 18:38:41,010 [Listener at 127.0.0.1/44039] INFO  netty.NettyConfigKeys$DataStream (ConfUtils.java:logGet(46)) - raft.netty.dataStream.port = 0 (default)
2022-12-19 18:38:41,010 [Listener at 127.0.0.1/44039] INFO  server.RaftServerConfigKeys (ConfUtils.java:logGet(46)) - raft.server.threadpool.proxy.cached = true (default)
2022-12-19 18:38:41,010 [Listener at 127.0.0.1/44039] INFO  server.RaftServerConfigKeys (ConfUtils.java:logGet(46)) - raft.server.threadpool.proxy.size = 0 (default)
2022-12-19 18:38:41,010 [Listener at 127.0.0.1/44039] INFO  server.RaftServerConfigKeys (ConfUtils.java:logGet(46)) - raft.server.rpc.slowness.timeout = 300s (custom)
2022-12-19 18:38:41,010 [Listener at 127.0.0.1/44039] INFO  server.RaftServerConfigKeys (ConfUtils.java:logGet(46)) - raft.server.leaderelection.leader.step-down.wait-time = 10s (default)
2022-12-19 18:38:41,011 [Listener at 127.0.0.1/44039] INFO  server.RaftServerConfigKeys (ConfUtils.java:logGet(46)) - raft.server.storage.dir = [/home/runner/work/ozone/ozone/hadoop-ozone/integration-test/target/test-dir/MiniOzoneClusterImpl-11542299-c030-49ce-a1ef-33f98f34fc6c/datanode-3/data/ratis] (custom)
2022-12-19 18:38:41,016 [53431d8f-156a-4a42-8637-9d4e156967ab-NettyServerStreamRpc-bossGroup--thread1] INFO  logging.LoggingHandler (AbstractInternalLogger.java:log(148)) - [id: 0x096c1ef0] REGISTERED
2022-12-19 18:38:41,016 [53431d8f-156a-4a42-8637-9d4e156967ab-NettyServerStreamRpc-bossGroup--thread1] INFO  logging.LoggingHandler (AbstractInternalLogger.java:log(148)) - [id: 0x096c1ef0] BIND: 0.0.0.0/0.0.0.0:0
2022-12-19 18:38:41,016 [53431d8f-156a-4a42-8637-9d4e156967ab-NettyServerStreamRpc-bossGroup--thread1] INFO  logging.LoggingHandler (AbstractInternalLogger.java:log(148)) - [id: 0x096c1ef0, L:/0:0:0:0:0:0:0:0:37095] ACTIVE
2022-12-19 18:38:41,018 [Listener at 127.0.0.1/44039] INFO  server.XceiverServerGrpc (XceiverServerGrpc.java:<init>(132)) - GrpcServer channel type EpollServerSocketChannel
2022-12-19 18:38:41,022 [Listener at 127.0.0.1/44039] INFO  http.BaseHttpServer (BaseHttpServer.java:newHttpServer2BuilderForOzone(213)) - Starting Web-server for hddsDatanode at: http://0.0.0.0:0
2022-12-19 18:38:41,022 [Listener at 127.0.0.1/44039] INFO  http.BaseHttpServer (BaseHttpServer.java:<init>(108)) - Hadoop Security Enabled: false Ozone Security Enabled: false Ozone HTTP Security Enabled: false 
2022-12-19 18:38:41,023 [Listener at 127.0.0.1/44039] WARN  server.AuthenticationFilter (AuthenticationFilter.java:constructSecretProvider(240)) - Unable to initialize FileSignerSecretProvider, falling back to use random secrets. Reason: Could not read signature secret file: /home/runner/hadoop-http-auth-signature-secret
2022-12-19 18:38:41,024 [Listener at 127.0.0.1/44039] WARN  http.HttpRequestLog (HttpRequestLog.java:getRequestLog(103)) - Jetty request log can only be enabled using Log4j
2022-12-19 18:38:41,025 [Listener at 127.0.0.1/44039] INFO  http.HttpServer2 (HttpServer2.java:addGlobalFilter(1031)) - Added global filter 'safety' (class=org.apache.hadoop.hdds.server.http.HttpServer2$QuotingInputFilter)
2022-12-19 18:38:41,026 [Listener at 127.0.0.1/44039] INFO  http.HttpServer2 (HttpServer2.java:addFilter(1007)) - Added filter static_user_filter (class=org.apache.hadoop.http.lib.StaticUserWebFilter$StaticUserFilter) to context hddsDatanode
2022-12-19 18:38:41,026 [Listener at 127.0.0.1/44039] INFO  http.HttpServer2 (HttpServer2.java:addFilter(1015)) - Added filter static_user_filter (class=org.apache.hadoop.http.lib.StaticUserWebFilter$StaticUserFilter) to context logs
2022-12-19 18:38:41,026 [Listener at 127.0.0.1/44039] INFO  http.HttpServer2 (HttpServer2.java:addFilter(1015)) - Added filter static_user_filter (class=org.apache.hadoop.http.lib.StaticUserWebFilter$StaticUserFilter) to context static
2022-12-19 18:38:41,026 [Listener at 127.0.0.1/44039] INFO  http.HttpServer2 (HttpServer2.java:bindListener(1250)) - Jetty bound to port 38267
2022-12-19 18:38:41,027 [Listener at 127.0.0.1/44039] INFO  server.Server (Server.java:doStart(375)) - jetty-9.4.49.v20220914; built: 2022-09-14T01:07:36.601Z; git: 4231a3b2e4cb8548a412a789936d640a97b1aa0a; jvm 1.8.0_352-b08
2022-12-19 18:38:41,030 [Listener at 127.0.0.1/44039] INFO  server.session (DefaultSessionIdManager.java:doStart(334)) - DefaultSessionIdManager workerName=node0
2022-12-19 18:38:41,030 [Listener at 127.0.0.1/44039] INFO  server.session (DefaultSessionIdManager.java:doStart(339)) - No SessionScavenger set, using defaults
2022-12-19 18:38:41,031 [Listener at 127.0.0.1/44039] INFO  server.session (HouseKeeper.java:startScavenging(132)) - node0 Scavenging every 600000ms
2022-12-19 18:38:41,033 [Listener at 127.0.0.1/44039] INFO  handler.ContextHandler (ContextHandler.java:doStart(921)) - Started o.e.j.s.ServletContextHandler@5c7ad877{logs,/logs,file:///home/runner/work/ozone/ozone/hadoop-ozone/integration-test/target/log,AVAILABLE}
2022-12-19 18:38:41,034 [Listener at 127.0.0.1/44039] INFO  handler.ContextHandler (ContextHandler.java:doStart(921)) - Started o.e.j.s.ServletContextHandler@6c54c79b{static,/static,jar:file:/home/runner/.m2/repository/org/apache/ozone/hdds-container-service/1.3.0-SNAPSHOT/hdds-container-service-1.3.0-SNAPSHOT.jar!/webapps/static,AVAILABLE}
2022-12-19 18:38:41,211 [Listener at 127.0.0.1/44039] INFO  handler.ContextHandler (ContextHandler.java:doStart(921)) - Started o.e.j.w.WebAppContext@67adede9{hddsDatanode,/,file:///tmp/jetty-0_0_0_0-38267-hdds-container-service-1_3_0-SNAPSHOT_jar-_-any-5101958815154947026/webapp/,AVAILABLE}{jar:file:/home/runner/.m2/repository/org/apache/ozone/hdds-container-service/1.3.0-SNAPSHOT/hdds-container-service-1.3.0-SNAPSHOT.jar!/webapps/hddsDatanode}
2022-12-19 18:38:41,212 [Listener at 127.0.0.1/44039] INFO  server.AbstractConnector (AbstractConnector.java:doStart(333)) - Started ServerConnector@71f76e87{HTTP/1.1, (http/1.1)}{0.0.0.0:38267}
2022-12-19 18:38:41,212 [Listener at 127.0.0.1/44039] INFO  server.Server (Server.java:doStart(415)) - Started @8701ms
2022-12-19 18:38:41,212 [Listener at 127.0.0.1/44039] WARN  impl.MetricsSystemImpl (MetricsSystemImpl.java:register(279)) - Sink prometheus already exists!
2022-12-19 18:38:41,213 [Listener at 127.0.0.1/44039] INFO  http.BaseHttpServer (BaseHttpServer.java:updateConnectorAddress(333)) - HTTP server of hddsDatanode listening at http://0.0.0.0:38267
2022-12-19 18:38:41,213 [Listener at 127.0.0.1/44039] WARN  impl.MetricRegistriesImpl (MetricRegistriesImpl.java:addReporterRegistration(111)) - New reporters are added after registries were created. Some metrics will be missing from the reporter. Please add reporter before adding any new registry.
2022-12-19 18:38:41,213 [Listener at 127.0.0.1/44039] WARN  impl.MetricRegistriesImpl (MetricRegistriesImpl.java:addReporterRegistration(111)) - New reporters are added after registries were created. Some metrics will be missing from the reporter. Please add reporter before adding any new registry.
2022-12-19 18:38:41,214 [Listener at 127.0.0.1/44039] INFO  impl.MetricsSystemImpl (MetricsSystemImpl.java:init(158)) - HddsDatanode metrics system started (again)
2022-12-19 18:38:41,214 [Datanode State Machine Daemon Thread] INFO  statemachine.DatanodeStateMachine (DatanodeStateMachine.java:lambda$startDaemon$0(509)) - Ozone container server started.
2022-12-19 18:38:41,225 [Listener at 127.0.0.1/44039] INFO  ozone.HddsDatanodeService (HddsDatanodeService.java:start(236)) - HddsDatanodeService host:fv-az353-760.tkyx2seitsuu3nmpmouz2httfb.bx.internal.cloudapp.net ip:10.1.0.24
2022-12-19 18:38:41,226 [org.apache.hadoop.util.JvmPauseMonitor$Monitor@38a8a2bd] INFO  util.JvmPauseMonitor (JvmPauseMonitor.java:run(188)) - Starting JVM pause monitor
2022-12-19 18:38:41,235 [Datanode State Machine Task Thread - 0] INFO  datanode.InitDatanodeState (InitDatanodeState.java:persistContainerDatanodeDetails(138)) - DatanodeDetails is persisted to /home/runner/work/ozone/ozone/hadoop-ozone/integration-test/target/test-dir/MiniOzoneClusterImpl-11542299-c030-49ce-a1ef-33f98f34fc6c/datanode-3/meta/datanode.id
2022-12-19 18:38:41,249 [Listener at 127.0.0.1/44039] INFO  upgrade.AbstractLayoutVersionManager (AbstractLayoutVersionManager.java:init(83)) - Initializing Layout version manager with metadata layout = DATANODE_SCHEMA_V3 (version = 4), software layout = DATANODE_SCHEMA_V3 (version = 4)
2022-12-19 18:38:41,320 [Listener at 127.0.0.1/44039] INFO  reflections.Reflections (Reflections.java:scan(232)) - Reflections took 68 ms to scan 7 urls, producing 146 keys and 348 values 
2022-12-19 18:38:41,321 [Listener at 127.0.0.1/44039] INFO  statemachine.DatanodeStateMachine (DatanodeStateMachine.java:getEndPointTaskThreadPoolSize(249)) - Datanode State Machine Task Thread Pool size 2
2022-12-19 18:38:41,323 [Listener at 127.0.0.1/44039] INFO  volume.HddsVolume (HddsVolume.java:<init>(117)) - Creating HddsVolume: /home/runner/work/ozone/ozone/hadoop-ozone/integration-test/target/test-dir/MiniOzoneClusterImpl-11542299-c030-49ce-a1ef-33f98f34fc6c/datanode-4/data-0/containers/hdds of storage type : DISK capacity : 9223372036854775807
2022-12-19 18:38:41,323 [Listener at 127.0.0.1/44039] INFO  volume.MutableVolumeSet (MutableVolumeSet.java:initializeVolumeSet(174)) - Added Volume : /home/runner/work/ozone/ozone/hadoop-ozone/integration-test/target/test-dir/MiniOzoneClusterImpl-11542299-c030-49ce-a1ef-33f98f34fc6c/datanode-4/data-0/containers/hdds to VolumeSet
2022-12-19 18:38:41,324 [Listener at 127.0.0.1/44039] INFO  volume.ThrottledAsyncChecker (ThrottledAsyncChecker.java:schedule(141)) - Scheduling a check for /home/runner/work/ozone/ozone/hadoop-ozone/integration-test/target/test-dir/MiniOzoneClusterImpl-11542299-c030-49ce-a1ef-33f98f34fc6c/datanode-4/data-0/containers/hdds
2022-12-19 18:38:41,326 [Listener at 127.0.0.1/44039] INFO  volume.StorageVolumeChecker (StorageVolumeChecker.java:checkAllVolumes(202)) - Scheduled health check for volume /home/runner/work/ozone/ozone/hadoop-ozone/integration-test/target/test-dir/MiniOzoneClusterImpl-11542299-c030-49ce-a1ef-33f98f34fc6c/datanode-4/data-0/containers/hdds
2022-12-19 18:38:41,336 [Listener at 127.0.0.1/44039] INFO  volume.MutableVolumeSet (MutableVolumeSet.java:initializeVolumeSet(174)) - Added Volume : /home/runner/work/ozone/ozone/hadoop-ozone/integration-test/target/test-dir/MiniOzoneClusterImpl-11542299-c030-49ce-a1ef-33f98f34fc6c/datanode-4/data/ratis to VolumeSet
2022-12-19 18:38:41,336 [Listener at 127.0.0.1/44039] INFO  volume.ThrottledAsyncChecker (ThrottledAsyncChecker.java:schedule(141)) - Scheduling a check for /home/runner/work/ozone/ozone/hadoop-ozone/integration-test/target/test-dir/MiniOzoneClusterImpl-11542299-c030-49ce-a1ef-33f98f34fc6c/datanode-4/data/ratis
2022-12-19 18:38:41,337 [Listener at 127.0.0.1/44039] INFO  volume.StorageVolumeChecker (StorageVolumeChecker.java:checkAllVolumes(202)) - Scheduled health check for volume /home/runner/work/ozone/ozone/hadoop-ozone/integration-test/target/test-dir/MiniOzoneClusterImpl-11542299-c030-49ce-a1ef-33f98f34fc6c/datanode-4/data/ratis
2022-12-19 18:38:41,349 [Thread-194] INFO  ozoneimpl.ContainerReader (ContainerReader.java:readVolume(175)) - Finish verifying containers on volume /home/runner/work/ozone/ozone/hadoop-ozone/integration-test/target/test-dir/MiniOzoneClusterImpl-11542299-c030-49ce-a1ef-33f98f34fc6c/datanode-4/data-0/containers/hdds
2022-12-19 18:38:41,350 [Listener at 127.0.0.1/44039] INFO  ozoneimpl.OzoneContainer (OzoneContainer.java:buildContainerSet(301)) - Build ContainerSet costs 0s
2022-12-19 18:38:41,353 [Listener at 127.0.0.1/44039] INFO  server.RaftServer (ConfUtils.java:logGet(46)) - raft.rpc.type = GRPC (default)
2022-12-19 18:38:41,353 [Listener at 127.0.0.1/44039] INFO  grpc.GrpcConfigKeys (ConfUtils.java:logFallback(53)) - raft.grpc.admin.host = null (fallback to raft.grpc.server.host)
2022-12-19 18:38:41,353 [Listener at 127.0.0.1/44039] INFO  grpc.GrpcConfigKeys (ConfUtils.java:logGet(46)) - raft.grpc.admin.port = 0 (custom)
2022-12-19 18:38:41,353 [Listener at 127.0.0.1/44039] INFO  grpc.GrpcConfigKeys (ConfUtils.java:logFallback(53)) - raft.grpc.client.host = null (fallback to raft.grpc.server.host)
2022-12-19 18:38:41,353 [Listener at 127.0.0.1/44039] INFO  grpc.GrpcConfigKeys (ConfUtils.java:logGet(46)) - raft.grpc.client.port = 0 (custom)
2022-12-19 18:38:41,353 [Listener at 127.0.0.1/44039] INFO  grpc.GrpcConfigKeys (ConfUtils.java:logGet(46)) - raft.grpc.server.host = null (default)
2022-12-19 18:38:41,353 [Listener at 127.0.0.1/44039] INFO  grpc.GrpcConfigKeys (ConfUtils.java:logGet(46)) - raft.grpc.server.port = 0 (default)
2022-12-19 18:38:41,354 [Listener at 127.0.0.1/44039] INFO  server.GrpcService (ConfUtils.java:logGet(46)) - raft.grpc.message.size.max = 32MB (=33554432) (custom)
2022-12-19 18:38:41,354 [Listener at 127.0.0.1/44039] INFO  server.RaftServerConfigKeys (ConfUtils.java:logGet(46)) - raft.server.log.appender.buffer.byte-limit = 33554432 (custom)
2022-12-19 18:38:41,354 [Listener at 127.0.0.1/44039] INFO  server.GrpcService (ConfUtils.java:logGet(46)) - raft.grpc.flow.control.window = 5MB (=5242880) (custom)
2022-12-19 18:38:41,354 [Listener at 127.0.0.1/44039] INFO  server.RaftServerConfigKeys (ConfUtils.java:logGet(46)) - raft.server.rpc.request.timeout = 60s (custom)
2022-12-19 18:38:41,354 [Listener at 127.0.0.1/44039] INFO  grpc.GrpcConfigKeys (ConfUtils.java:logGet(46)) - raft.grpc.server.heartbeat.channel = true (default)
2022-12-19 18:38:41,354 [Listener at 127.0.0.1/44039] INFO  grpc.GrpcConfigKeys (ConfUtils.java:logGet(46)) - raft.grpc.server.async.request.thread.pool.cached = true (default)
2022-12-19 18:38:41,354 [Listener at 127.0.0.1/44039] INFO  grpc.GrpcConfigKeys (ConfUtils.java:logGet(46)) - raft.grpc.server.async.request.thread.pool.size = 32 (default)
2022-12-19 18:38:41,355 [Listener at 127.0.0.1/44039] INFO  impl.DataStreamServerImpl (ConfUtils.java:logGet(46)) - raft.datastream.type = NETTY (custom)
2022-12-19 18:38:41,356 [Listener at 127.0.0.1/44039] INFO  server.RaftServerConfigKeys (ConfUtils.java:logGet(46)) - raft.server.data-stream.async.request.thread.pool.cached = false (default)
2022-12-19 18:38:41,356 [Listener at 127.0.0.1/44039] INFO  server.RaftServerConfigKeys (ConfUtils.java:logGet(46)) - raft.server.data-stream.async.request.thread.pool.size = 20 (custom)
2022-12-19 18:38:41,356 [Listener at 127.0.0.1/44039] INFO  server.RaftServerConfigKeys (ConfUtils.java:logGet(46)) - raft.server.data-stream.async.write.thread.pool.size = 16 (default)
2022-12-19 18:38:41,356 [Listener at 127.0.0.1/44039] INFO  server.RaftServerConfigKeys (ConfUtils.java:logGet(46)) - raft.server.data-stream.client.pool.size = 10 (default)
2022-12-19 18:38:41,356 [Listener at 127.0.0.1/44039] INFO  netty.NettyConfigKeys$DataStream (ConfUtils.java:logGet(46)) - raft.netty.dataStream.server.use-epoll = false (default)
2022-12-19 18:38:41,356 [Listener at 127.0.0.1/44039] INFO  netty.NettyConfigKeys$DataStream (ConfUtils.java:logGet(46)) - raft.netty.dataStream.server.boss-group.size = 0 (default)
2022-12-19 18:38:41,357 [Listener at 127.0.0.1/44039] INFO  netty.NettyConfigKeys$DataStream (ConfUtils.java:logGet(46)) - raft.netty.dataStream.server.worker-group.size = 0 (default)
2022-12-19 18:38:41,357 [Listener at 127.0.0.1/44039] INFO  netty.NettyConfigKeys$DataStream (ConfUtils.java:logGet(46)) - raft.netty.dataStream.server.tls.conf = null (default)
2022-12-19 18:38:41,357 [Listener at 127.0.0.1/44039] INFO  netty.NettyConfigKeys$DataStream (ConfUtils.java:logGet(46)) - raft.netty.dataStream.host = null (default)
2022-12-19 18:38:41,357 [Listener at 127.0.0.1/44039] INFO  netty.NettyConfigKeys$DataStream (ConfUtils.java:logGet(46)) - raft.netty.dataStream.port = 0 (default)
2022-12-19 18:38:41,359 [Listener at 127.0.0.1/44039] INFO  server.RaftServerConfigKeys (ConfUtils.java:logGet(46)) - raft.server.threadpool.proxy.cached = true (default)
2022-12-19 18:38:41,359 [Listener at 127.0.0.1/44039] INFO  server.RaftServerConfigKeys (ConfUtils.java:logGet(46)) - raft.server.threadpool.proxy.size = 0 (default)
2022-12-19 18:38:41,360 [Listener at 127.0.0.1/44039] INFO  server.RaftServerConfigKeys (ConfUtils.java:logGet(46)) - raft.server.rpc.slowness.timeout = 300s (custom)
2022-12-19 18:38:41,360 [Listener at 127.0.0.1/44039] INFO  server.RaftServerConfigKeys (ConfUtils.java:logGet(46)) - raft.server.leaderelection.leader.step-down.wait-time = 10s (default)
2022-12-19 18:38:41,360 [Listener at 127.0.0.1/44039] INFO  server.RaftServerConfigKeys (ConfUtils.java:logGet(46)) - raft.server.storage.dir = [/home/runner/work/ozone/ozone/hadoop-ozone/integration-test/target/test-dir/MiniOzoneClusterImpl-11542299-c030-49ce-a1ef-33f98f34fc6c/datanode-4/data/ratis] (custom)
2022-12-19 18:38:41,364 [a138d61e-33be-4034-b658-559812d9cbdd-NettyServerStreamRpc-bossGroup--thread1] INFO  logging.LoggingHandler (AbstractInternalLogger.java:log(148)) - [id: 0x2c1d81c9] REGISTERED
2022-12-19 18:38:41,364 [a138d61e-33be-4034-b658-559812d9cbdd-NettyServerStreamRpc-bossGroup--thread1] INFO  logging.LoggingHandler (AbstractInternalLogger.java:log(148)) - [id: 0x2c1d81c9] BIND: 0.0.0.0/0.0.0.0:0
2022-12-19 18:38:41,364 [a138d61e-33be-4034-b658-559812d9cbdd-NettyServerStreamRpc-bossGroup--thread1] INFO  logging.LoggingHandler (AbstractInternalLogger.java:log(148)) - [id: 0x2c1d81c9, L:/0:0:0:0:0:0:0:0:37159] ACTIVE
2022-12-19 18:38:41,365 [Listener at 127.0.0.1/44039] INFO  server.XceiverServerGrpc (XceiverServerGrpc.java:<init>(132)) - GrpcServer channel type EpollServerSocketChannel
2022-12-19 18:38:41,369 [Listener at 127.0.0.1/44039] INFO  http.BaseHttpServer (BaseHttpServer.java:newHttpServer2BuilderForOzone(213)) - Starting Web-server for hddsDatanode at: http://0.0.0.0:0
2022-12-19 18:38:41,369 [Listener at 127.0.0.1/44039] INFO  http.BaseHttpServer (BaseHttpServer.java:<init>(108)) - Hadoop Security Enabled: false Ozone Security Enabled: false Ozone HTTP Security Enabled: false 
2022-12-19 18:38:41,371 [Listener at 127.0.0.1/44039] WARN  server.AuthenticationFilter (AuthenticationFilter.java:constructSecretProvider(240)) - Unable to initialize FileSignerSecretProvider, falling back to use random secrets. Reason: Could not read signature secret file: /home/runner/hadoop-http-auth-signature-secret
2022-12-19 18:38:41,372 [Listener at 127.0.0.1/44039] WARN  http.HttpRequestLog (HttpRequestLog.java:getRequestLog(103)) - Jetty request log can only be enabled using Log4j
2022-12-19 18:38:41,376 [Listener at 127.0.0.1/44039] INFO  http.HttpServer2 (HttpServer2.java:addGlobalFilter(1031)) - Added global filter 'safety' (class=org.apache.hadoop.hdds.server.http.HttpServer2$QuotingInputFilter)
2022-12-19 18:38:41,377 [Listener at 127.0.0.1/44039] INFO  http.HttpServer2 (HttpServer2.java:addFilter(1007)) - Added filter static_user_filter (class=org.apache.hadoop.http.lib.StaticUserWebFilter$StaticUserFilter) to context hddsDatanode
2022-12-19 18:38:41,377 [Listener at 127.0.0.1/44039] INFO  http.HttpServer2 (HttpServer2.java:addFilter(1015)) - Added filter static_user_filter (class=org.apache.hadoop.http.lib.StaticUserWebFilter$StaticUserFilter) to context static
2022-12-19 18:38:41,377 [Listener at 127.0.0.1/44039] INFO  http.HttpServer2 (HttpServer2.java:addFilter(1015)) - Added filter static_user_filter (class=org.apache.hadoop.http.lib.StaticUserWebFilter$StaticUserFilter) to context logs
2022-12-19 18:38:41,378 [Listener at 127.0.0.1/44039] INFO  http.HttpServer2 (HttpServer2.java:bindListener(1250)) - Jetty bound to port 35895
2022-12-19 18:38:41,379 [Listener at 127.0.0.1/44039] INFO  server.Server (Server.java:doStart(375)) - jetty-9.4.49.v20220914; built: 2022-09-14T01:07:36.601Z; git: 4231a3b2e4cb8548a412a789936d640a97b1aa0a; jvm 1.8.0_352-b08
2022-12-19 18:38:41,380 [Listener at 127.0.0.1/44039] INFO  server.session (DefaultSessionIdManager.java:doStart(334)) - DefaultSessionIdManager workerName=node0
2022-12-19 18:38:41,380 [Listener at 127.0.0.1/44039] INFO  server.session (DefaultSessionIdManager.java:doStart(339)) - No SessionScavenger set, using defaults
2022-12-19 18:38:41,382 [Listener at 127.0.0.1/44039] INFO  server.session (HouseKeeper.java:startScavenging(132)) - node0 Scavenging every 660000ms
2022-12-19 18:38:41,382 [Listener at 127.0.0.1/44039] INFO  handler.ContextHandler (ContextHandler.java:doStart(921)) - Started o.e.j.s.ServletContextHandler@69ec3204{logs,/logs,file:///home/runner/work/ozone/ozone/hadoop-ozone/integration-test/target/log,AVAILABLE}
2022-12-19 18:38:41,383 [Listener at 127.0.0.1/44039] INFO  handler.ContextHandler (ContextHandler.java:doStart(921)) - Started o.e.j.s.ServletContextHandler@2f568a26{static,/static,jar:file:/home/runner/.m2/repository/org/apache/ozone/hdds-container-service/1.3.0-SNAPSHOT/hdds-container-service-1.3.0-SNAPSHOT.jar!/webapps/static,AVAILABLE}
2022-12-19 18:38:41,557 [Listener at 127.0.0.1/44039] INFO  handler.ContextHandler (ContextHandler.java:doStart(921)) - Started o.e.j.w.WebAppContext@2021b349{hddsDatanode,/,file:///tmp/jetty-0_0_0_0-35895-hdds-container-service-1_3_0-SNAPSHOT_jar-_-any-4526214364513949336/webapp/,AVAILABLE}{jar:file:/home/runner/.m2/repository/org/apache/ozone/hdds-container-service/1.3.0-SNAPSHOT/hdds-container-service-1.3.0-SNAPSHOT.jar!/webapps/hddsDatanode}
2022-12-19 18:38:41,559 [Listener at 127.0.0.1/44039] INFO  server.AbstractConnector (AbstractConnector.java:doStart(333)) - Started ServerConnector@10ab8b0d{HTTP/1.1, (http/1.1)}{0.0.0.0:35895}
2022-12-19 18:38:41,559 [Listener at 127.0.0.1/44039] INFO  server.Server (Server.java:doStart(415)) - Started @9048ms
2022-12-19 18:38:41,559 [Listener at 127.0.0.1/44039] WARN  impl.MetricsSystemImpl (MetricsSystemImpl.java:register(279)) - Sink prometheus already exists!
2022-12-19 18:38:41,560 [Listener at 127.0.0.1/44039] INFO  http.BaseHttpServer (BaseHttpServer.java:updateConnectorAddress(333)) - HTTP server of hddsDatanode listening at http://0.0.0.0:35895
2022-12-19 18:38:41,560 [Datanode State Machine Daemon Thread] INFO  statemachine.DatanodeStateMachine (DatanodeStateMachine.java:lambda$startDaemon$0(509)) - Ozone container server started.
2022-12-19 18:38:41,564 [Listener at 127.0.0.1/44039] WARN  impl.MetricRegistriesImpl (MetricRegistriesImpl.java:addReporterRegistration(111)) - New reporters are added after registries were created. Some metrics will be missing from the reporter. Please add reporter before adding any new registry.
2022-12-19 18:38:41,564 [Listener at 127.0.0.1/44039] WARN  impl.MetricRegistriesImpl (MetricRegistriesImpl.java:addReporterRegistration(111)) - New reporters are added after registries were created. Some metrics will be missing from the reporter. Please add reporter before adding any new registry.
2022-12-19 18:38:41,564 [Listener at 127.0.0.1/44039] INFO  impl.MetricsSystemImpl (MetricsSystemImpl.java:init(158)) - HddsDatanode metrics system started (again)
2022-12-19 18:38:41,572 [org.apache.hadoop.util.JvmPauseMonitor$Monitor@66c80ca1] INFO  util.JvmPauseMonitor (JvmPauseMonitor.java:run(188)) - Starting JVM pause monitor
2022-12-19 18:38:41,577 [Listener at 127.0.0.1/44039] INFO  ozone.HddsDatanodeService (HddsDatanodeService.java:start(236)) - HddsDatanodeService host:fv-az353-760.tkyx2seitsuu3nmpmouz2httfb.bx.internal.cloudapp.net ip:10.1.0.24
2022-12-19 18:38:41,585 [Datanode State Machine Task Thread - 0] INFO  datanode.InitDatanodeState (InitDatanodeState.java:persistContainerDatanodeDetails(138)) - DatanodeDetails is persisted to /home/runner/work/ozone/ozone/hadoop-ozone/integration-test/target/test-dir/MiniOzoneClusterImpl-11542299-c030-49ce-a1ef-33f98f34fc6c/datanode-4/meta/datanode.id
2022-12-19 18:38:41,600 [Listener at 127.0.0.1/44039] INFO  upgrade.AbstractLayoutVersionManager (AbstractLayoutVersionManager.java:init(83)) - Initializing Layout version manager with metadata layout = DATANODE_SCHEMA_V3 (version = 4), software layout = DATANODE_SCHEMA_V3 (version = 4)
2022-12-19 18:38:41,646 [Listener at 127.0.0.1/44039] INFO  reflections.Reflections (Reflections.java:scan(232)) - Reflections took 44 ms to scan 7 urls, producing 146 keys and 348 values 
2022-12-19 18:38:41,647 [Listener at 127.0.0.1/44039] INFO  statemachine.DatanodeStateMachine (DatanodeStateMachine.java:getEndPointTaskThreadPoolSize(249)) - Datanode State Machine Task Thread Pool size 2
2022-12-19 18:38:41,655 [Listener at 127.0.0.1/44039] INFO  volume.HddsVolume (HddsVolume.java:<init>(117)) - Creating HddsVolume: /home/runner/work/ozone/ozone/hadoop-ozone/integration-test/target/test-dir/MiniOzoneClusterImpl-11542299-c030-49ce-a1ef-33f98f34fc6c/datanode-5/data-0/containers/hdds of storage type : DISK capacity : 9223372036854775807
2022-12-19 18:38:41,655 [Listener at 127.0.0.1/44039] INFO  volume.MutableVolumeSet (MutableVolumeSet.java:initializeVolumeSet(174)) - Added Volume : /home/runner/work/ozone/ozone/hadoop-ozone/integration-test/target/test-dir/MiniOzoneClusterImpl-11542299-c030-49ce-a1ef-33f98f34fc6c/datanode-5/data-0/containers/hdds to VolumeSet
2022-12-19 18:38:41,656 [Listener at 127.0.0.1/44039] INFO  volume.ThrottledAsyncChecker (ThrottledAsyncChecker.java:schedule(141)) - Scheduling a check for /home/runner/work/ozone/ozone/hadoop-ozone/integration-test/target/test-dir/MiniOzoneClusterImpl-11542299-c030-49ce-a1ef-33f98f34fc6c/datanode-5/data-0/containers/hdds
2022-12-19 18:38:41,656 [Listener at 127.0.0.1/44039] INFO  volume.StorageVolumeChecker (StorageVolumeChecker.java:checkAllVolumes(202)) - Scheduled health check for volume /home/runner/work/ozone/ozone/hadoop-ozone/integration-test/target/test-dir/MiniOzoneClusterImpl-11542299-c030-49ce-a1ef-33f98f34fc6c/datanode-5/data-0/containers/hdds
2022-12-19 18:38:41,667 [Listener at 127.0.0.1/44039] INFO  volume.MutableVolumeSet (MutableVolumeSet.java:initializeVolumeSet(174)) - Added Volume : /home/runner/work/ozone/ozone/hadoop-ozone/integration-test/target/test-dir/MiniOzoneClusterImpl-11542299-c030-49ce-a1ef-33f98f34fc6c/datanode-5/data/ratis to VolumeSet
2022-12-19 18:38:41,667 [Listener at 127.0.0.1/44039] INFO  volume.ThrottledAsyncChecker (ThrottledAsyncChecker.java:schedule(141)) - Scheduling a check for /home/runner/work/ozone/ozone/hadoop-ozone/integration-test/target/test-dir/MiniOzoneClusterImpl-11542299-c030-49ce-a1ef-33f98f34fc6c/datanode-5/data/ratis
2022-12-19 18:38:41,668 [Listener at 127.0.0.1/44039] INFO  volume.StorageVolumeChecker (StorageVolumeChecker.java:checkAllVolumes(202)) - Scheduled health check for volume /home/runner/work/ozone/ozone/hadoop-ozone/integration-test/target/test-dir/MiniOzoneClusterImpl-11542299-c030-49ce-a1ef-33f98f34fc6c/datanode-5/data/ratis
2022-12-19 18:38:41,678 [Thread-208] INFO  ozoneimpl.ContainerReader (ContainerReader.java:readVolume(175)) - Finish verifying containers on volume /home/runner/work/ozone/ozone/hadoop-ozone/integration-test/target/test-dir/MiniOzoneClusterImpl-11542299-c030-49ce-a1ef-33f98f34fc6c/datanode-5/data-0/containers/hdds
2022-12-19 18:38:41,678 [Listener at 127.0.0.1/44039] INFO  ozoneimpl.OzoneContainer (OzoneContainer.java:buildContainerSet(301)) - Build ContainerSet costs 0s
2022-12-19 18:38:41,681 [Listener at 127.0.0.1/44039] INFO  server.RaftServer (ConfUtils.java:logGet(46)) - raft.rpc.type = GRPC (default)
2022-12-19 18:38:41,681 [Listener at 127.0.0.1/44039] INFO  grpc.GrpcConfigKeys (ConfUtils.java:logFallback(53)) - raft.grpc.admin.host = null (fallback to raft.grpc.server.host)
2022-12-19 18:38:41,681 [Listener at 127.0.0.1/44039] INFO  grpc.GrpcConfigKeys (ConfUtils.java:logGet(46)) - raft.grpc.admin.port = 0 (custom)
2022-12-19 18:38:41,681 [Listener at 127.0.0.1/44039] INFO  grpc.GrpcConfigKeys (ConfUtils.java:logFallback(53)) - raft.grpc.client.host = null (fallback to raft.grpc.server.host)
2022-12-19 18:38:41,682 [Listener at 127.0.0.1/44039] INFO  grpc.GrpcConfigKeys (ConfUtils.java:logGet(46)) - raft.grpc.client.port = 0 (custom)
2022-12-19 18:38:41,682 [Listener at 127.0.0.1/44039] INFO  grpc.GrpcConfigKeys (ConfUtils.java:logGet(46)) - raft.grpc.server.host = null (default)
2022-12-19 18:38:41,682 [Listener at 127.0.0.1/44039] INFO  grpc.GrpcConfigKeys (ConfUtils.java:logGet(46)) - raft.grpc.server.port = 0 (default)
2022-12-19 18:38:41,682 [Listener at 127.0.0.1/44039] INFO  server.GrpcService (ConfUtils.java:logGet(46)) - raft.grpc.message.size.max = 32MB (=33554432) (custom)
2022-12-19 18:38:41,682 [Listener at 127.0.0.1/44039] INFO  server.RaftServerConfigKeys (ConfUtils.java:logGet(46)) - raft.server.log.appender.buffer.byte-limit = 33554432 (custom)
2022-12-19 18:38:41,682 [Listener at 127.0.0.1/44039] INFO  server.GrpcService (ConfUtils.java:logGet(46)) - raft.grpc.flow.control.window = 5MB (=5242880) (custom)
2022-12-19 18:38:41,682 [Listener at 127.0.0.1/44039] INFO  server.RaftServerConfigKeys (ConfUtils.java:logGet(46)) - raft.server.rpc.request.timeout = 60s (custom)
2022-12-19 18:38:41,682 [Listener at 127.0.0.1/44039] INFO  grpc.GrpcConfigKeys (ConfUtils.java:logGet(46)) - raft.grpc.server.heartbeat.channel = true (default)
2022-12-19 18:38:41,683 [Listener at 127.0.0.1/44039] INFO  grpc.GrpcConfigKeys (ConfUtils.java:logGet(46)) - raft.grpc.server.async.request.thread.pool.cached = true (default)
2022-12-19 18:38:41,683 [Listener at 127.0.0.1/44039] INFO  grpc.GrpcConfigKeys (ConfUtils.java:logGet(46)) - raft.grpc.server.async.request.thread.pool.size = 32 (default)
2022-12-19 18:38:41,684 [Listener at 127.0.0.1/44039] INFO  impl.DataStreamServerImpl (ConfUtils.java:logGet(46)) - raft.datastream.type = NETTY (custom)
2022-12-19 18:38:41,684 [Listener at 127.0.0.1/44039] INFO  server.RaftServerConfigKeys (ConfUtils.java:logGet(46)) - raft.server.data-stream.async.request.thread.pool.cached = false (default)
2022-12-19 18:38:41,684 [Listener at 127.0.0.1/44039] INFO  server.RaftServerConfigKeys (ConfUtils.java:logGet(46)) - raft.server.data-stream.async.request.thread.pool.size = 20 (custom)
2022-12-19 18:38:41,684 [Listener at 127.0.0.1/44039] INFO  server.RaftServerConfigKeys (ConfUtils.java:logGet(46)) - raft.server.data-stream.async.write.thread.pool.size = 16 (default)
2022-12-19 18:38:41,684 [Listener at 127.0.0.1/44039] INFO  server.RaftServerConfigKeys (ConfUtils.java:logGet(46)) - raft.server.data-stream.client.pool.size = 10 (default)
2022-12-19 18:38:41,685 [Listener at 127.0.0.1/44039] INFO  netty.NettyConfigKeys$DataStream (ConfUtils.java:logGet(46)) - raft.netty.dataStream.server.use-epoll = false (default)
2022-12-19 18:38:41,685 [Listener at 127.0.0.1/44039] INFO  netty.NettyConfigKeys$DataStream (ConfUtils.java:logGet(46)) - raft.netty.dataStream.server.boss-group.size = 0 (default)
2022-12-19 18:38:41,685 [Listener at 127.0.0.1/44039] INFO  netty.NettyConfigKeys$DataStream (ConfUtils.java:logGet(46)) - raft.netty.dataStream.server.worker-group.size = 0 (default)
2022-12-19 18:38:41,685 [Listener at 127.0.0.1/44039] INFO  netty.NettyConfigKeys$DataStream (ConfUtils.java:logGet(46)) - raft.netty.dataStream.server.tls.conf = null (default)
2022-12-19 18:38:41,686 [Listener at 127.0.0.1/44039] INFO  netty.NettyConfigKeys$DataStream (ConfUtils.java:logGet(46)) - raft.netty.dataStream.host = null (default)
2022-12-19 18:38:41,686 [Listener at 127.0.0.1/44039] INFO  netty.NettyConfigKeys$DataStream (ConfUtils.java:logGet(46)) - raft.netty.dataStream.port = 0 (default)
2022-12-19 18:38:41,686 [Listener at 127.0.0.1/44039] INFO  server.RaftServerConfigKeys (ConfUtils.java:logGet(46)) - raft.server.threadpool.proxy.cached = true (default)
2022-12-19 18:38:41,686 [Listener at 127.0.0.1/44039] INFO  server.RaftServerConfigKeys (ConfUtils.java:logGet(46)) - raft.server.threadpool.proxy.size = 0 (default)
2022-12-19 18:38:41,686 [Listener at 127.0.0.1/44039] INFO  server.RaftServerConfigKeys (ConfUtils.java:logGet(46)) - raft.server.rpc.slowness.timeout = 300s (custom)
2022-12-19 18:38:41,686 [Listener at 127.0.0.1/44039] INFO  server.RaftServerConfigKeys (ConfUtils.java:logGet(46)) - raft.server.leaderelection.leader.step-down.wait-time = 10s (default)
2022-12-19 18:38:41,687 [Listener at 127.0.0.1/44039] INFO  server.RaftServerConfigKeys (ConfUtils.java:logGet(46)) - raft.server.storage.dir = [/home/runner/work/ozone/ozone/hadoop-ozone/integration-test/target/test-dir/MiniOzoneClusterImpl-11542299-c030-49ce-a1ef-33f98f34fc6c/datanode-5/data/ratis] (custom)
2022-12-19 18:38:41,692 [577e0dac-7593-4640-b9aa-fa89f15259b7-NettyServerStreamRpc-bossGroup--thread1] INFO  logging.LoggingHandler (AbstractInternalLogger.java:log(148)) - [id: 0x4b263da9] REGISTERED
2022-12-19 18:38:41,692 [577e0dac-7593-4640-b9aa-fa89f15259b7-NettyServerStreamRpc-bossGroup--thread1] INFO  logging.LoggingHandler (AbstractInternalLogger.java:log(148)) - [id: 0x4b263da9] BIND: 0.0.0.0/0.0.0.0:0
2022-12-19 18:38:41,692 [577e0dac-7593-4640-b9aa-fa89f15259b7-NettyServerStreamRpc-bossGroup--thread1] INFO  logging.LoggingHandler (AbstractInternalLogger.java:log(148)) - [id: 0x4b263da9, L:/0:0:0:0:0:0:0:0:40327] ACTIVE
2022-12-19 18:38:41,694 [Listener at 127.0.0.1/44039] INFO  server.XceiverServerGrpc (XceiverServerGrpc.java:<init>(132)) - GrpcServer channel type EpollServerSocketChannel
2022-12-19 18:38:41,700 [Listener at 127.0.0.1/44039] INFO  http.BaseHttpServer (BaseHttpServer.java:newHttpServer2BuilderForOzone(213)) - Starting Web-server for hddsDatanode at: http://0.0.0.0:0
2022-12-19 18:38:41,700 [Listener at 127.0.0.1/44039] INFO  http.BaseHttpServer (BaseHttpServer.java:<init>(108)) - Hadoop Security Enabled: false Ozone Security Enabled: false Ozone HTTP Security Enabled: false 
2022-12-19 18:38:41,701 [Listener at 127.0.0.1/44039] WARN  server.AuthenticationFilter (AuthenticationFilter.java:constructSecretProvider(240)) - Unable to initialize FileSignerSecretProvider, falling back to use random secrets. Reason: Could not read signature secret file: /home/runner/hadoop-http-auth-signature-secret
2022-12-19 18:38:41,702 [Listener at 127.0.0.1/44039] WARN  http.HttpRequestLog (HttpRequestLog.java:getRequestLog(103)) - Jetty request log can only be enabled using Log4j
2022-12-19 18:38:41,703 [Listener at 127.0.0.1/44039] INFO  http.HttpServer2 (HttpServer2.java:addGlobalFilter(1031)) - Added global filter 'safety' (class=org.apache.hadoop.hdds.server.http.HttpServer2$QuotingInputFilter)
2022-12-19 18:38:41,704 [Listener at 127.0.0.1/44039] INFO  http.HttpServer2 (HttpServer2.java:addFilter(1007)) - Added filter static_user_filter (class=org.apache.hadoop.http.lib.StaticUserWebFilter$StaticUserFilter) to context hddsDatanode
2022-12-19 18:38:41,704 [Listener at 127.0.0.1/44039] INFO  http.HttpServer2 (HttpServer2.java:addFilter(1015)) - Added filter static_user_filter (class=org.apache.hadoop.http.lib.StaticUserWebFilter$StaticUserFilter) to context static
2022-12-19 18:38:41,704 [Listener at 127.0.0.1/44039] INFO  http.HttpServer2 (HttpServer2.java:addFilter(1015)) - Added filter static_user_filter (class=org.apache.hadoop.http.lib.StaticUserWebFilter$StaticUserFilter) to context logs
2022-12-19 18:38:41,705 [Listener at 127.0.0.1/44039] INFO  http.HttpServer2 (HttpServer2.java:bindListener(1250)) - Jetty bound to port 45849
2022-12-19 18:38:41,705 [Listener at 127.0.0.1/44039] INFO  server.Server (Server.java:doStart(375)) - jetty-9.4.49.v20220914; built: 2022-09-14T01:07:36.601Z; git: 4231a3b2e4cb8548a412a789936d640a97b1aa0a; jvm 1.8.0_352-b08
2022-12-19 18:38:41,707 [Listener at 127.0.0.1/44039] INFO  server.session (DefaultSessionIdManager.java:doStart(334)) - DefaultSessionIdManager workerName=node0
2022-12-19 18:38:41,707 [Listener at 127.0.0.1/44039] INFO  server.session (DefaultSessionIdManager.java:doStart(339)) - No SessionScavenger set, using defaults
2022-12-19 18:38:41,708 [Listener at 127.0.0.1/44039] INFO  server.session (HouseKeeper.java:startScavenging(132)) - node0 Scavenging every 600000ms
2022-12-19 18:38:41,708 [Listener at 127.0.0.1/44039] INFO  handler.ContextHandler (ContextHandler.java:doStart(921)) - Started o.e.j.s.ServletContextHandler@7e74d1ce{logs,/logs,file:///home/runner/work/ozone/ozone/hadoop-ozone/integration-test/target/log,AVAILABLE}
2022-12-19 18:38:41,709 [Listener at 127.0.0.1/44039] INFO  handler.ContextHandler (ContextHandler.java:doStart(921)) - Started o.e.j.s.ServletContextHandler@254e898e{static,/static,jar:file:/home/runner/.m2/repository/org/apache/ozone/hdds-container-service/1.3.0-SNAPSHOT/hdds-container-service-1.3.0-SNAPSHOT.jar!/webapps/static,AVAILABLE}
2022-12-19 18:38:41,885 [Listener at 127.0.0.1/44039] INFO  handler.ContextHandler (ContextHandler.java:doStart(921)) - Started o.e.j.w.WebAppContext@19eb5290{hddsDatanode,/,file:///tmp/jetty-0_0_0_0-45849-hdds-container-service-1_3_0-SNAPSHOT_jar-_-any-8348566545820657319/webapp/,AVAILABLE}{jar:file:/home/runner/.m2/repository/org/apache/ozone/hdds-container-service/1.3.0-SNAPSHOT/hdds-container-service-1.3.0-SNAPSHOT.jar!/webapps/hddsDatanode}
2022-12-19 18:38:41,886 [Listener at 127.0.0.1/44039] INFO  server.AbstractConnector (AbstractConnector.java:doStart(333)) - Started ServerConnector@64d4fde6{HTTP/1.1, (http/1.1)}{0.0.0.0:45849}
2022-12-19 18:38:41,886 [Listener at 127.0.0.1/44039] INFO  server.Server (Server.java:doStart(415)) - Started @9375ms
2022-12-19 18:38:41,886 [Listener at 127.0.0.1/44039] WARN  impl.MetricsSystemImpl (MetricsSystemImpl.java:register(279)) - Sink prometheus already exists!
2022-12-19 18:38:41,887 [Listener at 127.0.0.1/44039] INFO  http.BaseHttpServer (BaseHttpServer.java:updateConnectorAddress(333)) - HTTP server of hddsDatanode listening at http://0.0.0.0:45849
2022-12-19 18:38:41,887 [Datanode State Machine Daemon Thread] INFO  statemachine.DatanodeStateMachine (DatanodeStateMachine.java:lambda$startDaemon$0(509)) - Ozone container server started.
2022-12-19 18:38:41,899 [Listener at 127.0.0.1/44039] INFO  ozone.MiniOzoneClusterImpl (MiniOzoneClusterImpl.java:lambda$waitForClusterToBeReady$0(217)) - Waiting for nodes to be ready. Got 0 of 6 DN Heartbeats.
2022-12-19 18:38:41,899 [Listener at 127.0.0.1/44039] INFO  ozone.MiniOzoneClusterImpl (MiniOzoneClusterImpl.java:lambda$waitForClusterToBeReady$0(220)) - Waiting for cluster to exit safe mode
2022-12-19 18:38:41,899 [Listener at 127.0.0.1/44039] INFO  ozone.MiniOzoneClusterImpl (MiniOzoneClusterImpl.java:lambda$waitForClusterToBeReady$0(222)) - SCM became leader
2022-12-19 18:38:41,900 [org.apache.hadoop.util.JvmPauseMonitor$Monitor@388db00c] INFO  util.JvmPauseMonitor (JvmPauseMonitor.java:run(188)) - Starting JVM pause monitor
2022-12-19 18:38:41,901 [Datanode State Machine Task Thread - 0] INFO  datanode.InitDatanodeState (InitDatanodeState.java:persistContainerDatanodeDetails(138)) - DatanodeDetails is persisted to /home/runner/work/ozone/ozone/hadoop-ozone/integration-test/target/test-dir/MiniOzoneClusterImpl-11542299-c030-49ce-a1ef-33f98f34fc6c/datanode-5/meta/datanode.id
2022-12-19 18:38:42,094 [EndpointStateMachine task thread for /0.0.0.0:38039 - 0 ] INFO  utils.DatanodeStoreCache (DatanodeStoreCache.java:addDB(58)) - Added db /home/runner/work/ozone/ozone/hadoop-ozone/integration-test/target/test-dir/MiniOzoneClusterImpl-11542299-c030-49ce-a1ef-33f98f34fc6c/datanode-0/data-0/containers/hdds/11542299-c030-49ce-a1ef-33f98f34fc6c/DS-fbbdb355-c72b-46d4-bcba-f96abf9458a4/container.db to cache
2022-12-19 18:38:42,094 [EndpointStateMachine task thread for /0.0.0.0:38039 - 0 ] INFO  volume.HddsVolume (HddsVolume.java:createDbStore(307)) - SchemaV3 db is created and loaded at /home/runner/work/ozone/ozone/hadoop-ozone/integration-test/target/test-dir/MiniOzoneClusterImpl-11542299-c030-49ce-a1ef-33f98f34fc6c/datanode-0/data-0/containers/hdds/11542299-c030-49ce-a1ef-33f98f34fc6c/DS-fbbdb355-c72b-46d4-bcba-f96abf9458a4/container.db for volume DS-fbbdb355-c72b-46d4-bcba-f96abf9458a4
2022-12-19 18:38:42,095 [EndpointStateMachine task thread for /0.0.0.0:38039 - 0 ] INFO  ozoneimpl.OzoneContainer (OzoneContainer.java:start(395)) - Attempting to start container services.
2022-12-19 18:38:42,097 [EndpointStateMachine task thread for /0.0.0.0:38039 - 0 ] INFO  ozoneimpl.OzoneContainer (OzoneContainer.java:startContainerScrub(312)) - Scheduled background container scanners and the on-demand container scanner have been disabled.
2022-12-19 18:38:42,099 [EndpointStateMachine task thread for /0.0.0.0:38039 - 0 ] INFO  replication.ReplicationServer (ReplicationServer.java:start(106)) - ReplicationServer is started using port 33149
2022-12-19 18:38:42,101 [EndpointStateMachine task thread for /0.0.0.0:38039 - 0 ] INFO  ratis.XceiverServerRatis (XceiverServerRatis.java:start(517)) - Starting XceiverServerRatis 89d730ca-c741-4fc9-afaf-179ceaf5b2b4
2022-12-19 18:38:42,102 [EndpointStateMachine task thread for /0.0.0.0:38039 - 0 ] INFO  server.RaftServer (RaftServerProxy.java:startImpl(393)) - 89d730ca-c741-4fc9-afaf-179ceaf5b2b4: start RPC server
2022-12-19 18:38:42,105 [EndpointStateMachine task thread for /0.0.0.0:38039 - 0 ] INFO  server.GrpcService (GrpcService.java:startImpl(262)) - 89d730ca-c741-4fc9-afaf-179ceaf5b2b4: GrpcService started, listening on 40319
2022-12-19 18:38:42,105 [EndpointStateMachine task thread for /0.0.0.0:38039 - 0 ] INFO  ratis.XceiverServerRatis (XceiverServerRatis.java:getRealPort(543)) - XceiverServerRatis 89d730ca-c741-4fc9-afaf-179ceaf5b2b4 is started using port 40319 for RATIS
2022-12-19 18:38:42,105 [JvmPauseMonitor1] INFO  util.JvmPauseMonitor (JvmPauseMonitor.java:run(105)) - JvmPauseMonitor-89d730ca-c741-4fc9-afaf-179ceaf5b2b4: Started
2022-12-19 18:38:42,106 [EndpointStateMachine task thread for /0.0.0.0:38039 - 0 ] INFO  ratis.XceiverServerRatis (XceiverServerRatis.java:getRealPort(543)) - XceiverServerRatis 89d730ca-c741-4fc9-afaf-179ceaf5b2b4 is started using port 40319 for RATIS_ADMIN
2022-12-19 18:38:42,106 [EndpointStateMachine task thread for /0.0.0.0:38039 - 0 ] INFO  ratis.XceiverServerRatis (XceiverServerRatis.java:getRealPort(543)) - XceiverServerRatis 89d730ca-c741-4fc9-afaf-179ceaf5b2b4 is started using port 40319 for RATIS_SERVER
2022-12-19 18:38:42,106 [EndpointStateMachine task thread for /0.0.0.0:38039 - 0 ] INFO  ratis.XceiverServerRatis (XceiverServerRatis.java:getRealPort(543)) - XceiverServerRatis 89d730ca-c741-4fc9-afaf-179ceaf5b2b4 is started using port 35251 for RATIS_DATASTREAM
2022-12-19 18:38:42,111 [EndpointStateMachine task thread for /0.0.0.0:38039 - 0 ] INFO  server.XceiverServerGrpc (XceiverServerGrpc.java:start(180)) - XceiverServerGrpc 89d730ca-c741-4fc9-afaf-179ceaf5b2b4 is started using port 46067
2022-12-19 18:38:42,507 [EndpointStateMachine task thread for /0.0.0.0:38039 - 0 ] INFO  utils.DatanodeStoreCache (DatanodeStoreCache.java:addDB(58)) - Added db /home/runner/work/ozone/ozone/hadoop-ozone/integration-test/target/test-dir/MiniOzoneClusterImpl-11542299-c030-49ce-a1ef-33f98f34fc6c/datanode-1/data-0/containers/hdds/11542299-c030-49ce-a1ef-33f98f34fc6c/DS-0e0080e7-35b2-4c0b-8aa9-0ce448a0a8e9/container.db to cache
2022-12-19 18:38:42,507 [EndpointStateMachine task thread for /0.0.0.0:38039 - 0 ] INFO  volume.HddsVolume (HddsVolume.java:createDbStore(307)) - SchemaV3 db is created and loaded at /home/runner/work/ozone/ozone/hadoop-ozone/integration-test/target/test-dir/MiniOzoneClusterImpl-11542299-c030-49ce-a1ef-33f98f34fc6c/datanode-1/data-0/containers/hdds/11542299-c030-49ce-a1ef-33f98f34fc6c/DS-0e0080e7-35b2-4c0b-8aa9-0ce448a0a8e9/container.db for volume DS-0e0080e7-35b2-4c0b-8aa9-0ce448a0a8e9
2022-12-19 18:38:42,508 [EndpointStateMachine task thread for /0.0.0.0:38039 - 0 ] INFO  ozoneimpl.OzoneContainer (OzoneContainer.java:start(395)) - Attempting to start container services.
2022-12-19 18:38:42,508 [EndpointStateMachine task thread for /0.0.0.0:38039 - 0 ] INFO  ozoneimpl.OzoneContainer (OzoneContainer.java:startContainerScrub(312)) - Scheduled background container scanners and the on-demand container scanner have been disabled.
2022-12-19 18:38:42,509 [EndpointStateMachine task thread for /0.0.0.0:38039 - 0 ] INFO  replication.ReplicationServer (ReplicationServer.java:start(106)) - ReplicationServer is started using port 36335
2022-12-19 18:38:42,510 [EndpointStateMachine task thread for /0.0.0.0:38039 - 0 ] INFO  ratis.XceiverServerRatis (XceiverServerRatis.java:start(517)) - Starting XceiverServerRatis 91d78431-6cd7-4796-a346-e9fe01a1de12
2022-12-19 18:38:42,510 [EndpointStateMachine task thread for /0.0.0.0:38039 - 0 ] INFO  server.RaftServer (RaftServerProxy.java:startImpl(393)) - 91d78431-6cd7-4796-a346-e9fe01a1de12: start RPC server
2022-12-19 18:38:42,512 [EndpointStateMachine task thread for /0.0.0.0:38039 - 0 ] INFO  server.GrpcService (GrpcService.java:startImpl(262)) - 91d78431-6cd7-4796-a346-e9fe01a1de12: GrpcService started, listening on 43619
2022-12-19 18:38:42,512 [EndpointStateMachine task thread for /0.0.0.0:38039 - 0 ] INFO  ratis.XceiverServerRatis (XceiverServerRatis.java:getRealPort(543)) - XceiverServerRatis 91d78431-6cd7-4796-a346-e9fe01a1de12 is started using port 43619 for RATIS
2022-12-19 18:38:42,512 [EndpointStateMachine task thread for /0.0.0.0:38039 - 0 ] INFO  ratis.XceiverServerRatis (XceiverServerRatis.java:getRealPort(543)) - XceiverServerRatis 91d78431-6cd7-4796-a346-e9fe01a1de12 is started using port 43619 for RATIS_ADMIN
2022-12-19 18:38:42,512 [JvmPauseMonitor2] INFO  util.JvmPauseMonitor (JvmPauseMonitor.java:run(105)) - JvmPauseMonitor-91d78431-6cd7-4796-a346-e9fe01a1de12: Started
2022-12-19 18:38:42,512 [EndpointStateMachine task thread for /0.0.0.0:38039 - 0 ] INFO  ratis.XceiverServerRatis (XceiverServerRatis.java:getRealPort(543)) - XceiverServerRatis 91d78431-6cd7-4796-a346-e9fe01a1de12 is started using port 43619 for RATIS_SERVER
2022-12-19 18:38:42,512 [EndpointStateMachine task thread for /0.0.0.0:38039 - 0 ] INFO  ratis.XceiverServerRatis (XceiverServerRatis.java:getRealPort(543)) - XceiverServerRatis 91d78431-6cd7-4796-a346-e9fe01a1de12 is started using port 33445 for RATIS_DATASTREAM
2022-12-19 18:38:42,514 [EndpointStateMachine task thread for /0.0.0.0:38039 - 0 ] INFO  server.XceiverServerGrpc (XceiverServerGrpc.java:start(180)) - XceiverServerGrpc 91d78431-6cd7-4796-a346-e9fe01a1de12 is started using port 36883
2022-12-19 18:38:42,900 [Listener at 127.0.0.1/44039] INFO  ozone.MiniOzoneClusterImpl (MiniOzoneClusterImpl.java:lambda$waitForClusterToBeReady$0(217)) - Waiting for nodes to be ready. Got 0 of 6 DN Heartbeats.
2022-12-19 18:38:42,900 [Listener at 127.0.0.1/44039] INFO  ozone.MiniOzoneClusterImpl (MiniOzoneClusterImpl.java:lambda$waitForClusterToBeReady$0(220)) - Waiting for cluster to exit safe mode
2022-12-19 18:38:42,900 [Listener at 127.0.0.1/44039] INFO  ozone.MiniOzoneClusterImpl (MiniOzoneClusterImpl.java:lambda$waitForClusterToBeReady$0(222)) - SCM became leader
2022-12-19 18:38:42,938 [EndpointStateMachine task thread for /0.0.0.0:38039 - 0 ] INFO  utils.DatanodeStoreCache (DatanodeStoreCache.java:addDB(58)) - Added db /home/runner/work/ozone/ozone/hadoop-ozone/integration-test/target/test-dir/MiniOzoneClusterImpl-11542299-c030-49ce-a1ef-33f98f34fc6c/datanode-2/data-0/containers/hdds/11542299-c030-49ce-a1ef-33f98f34fc6c/DS-16c7b7bc-0292-4c0d-b743-f19aeb5eed79/container.db to cache
2022-12-19 18:38:42,938 [EndpointStateMachine task thread for /0.0.0.0:38039 - 0 ] INFO  volume.HddsVolume (HddsVolume.java:createDbStore(307)) - SchemaV3 db is created and loaded at /home/runner/work/ozone/ozone/hadoop-ozone/integration-test/target/test-dir/MiniOzoneClusterImpl-11542299-c030-49ce-a1ef-33f98f34fc6c/datanode-2/data-0/containers/hdds/11542299-c030-49ce-a1ef-33f98f34fc6c/DS-16c7b7bc-0292-4c0d-b743-f19aeb5eed79/container.db for volume DS-16c7b7bc-0292-4c0d-b743-f19aeb5eed79
2022-12-19 18:38:42,938 [EndpointStateMachine task thread for /0.0.0.0:38039 - 0 ] INFO  ozoneimpl.OzoneContainer (OzoneContainer.java:start(395)) - Attempting to start container services.
2022-12-19 18:38:42,938 [EndpointStateMachine task thread for /0.0.0.0:38039 - 0 ] INFO  ozoneimpl.OzoneContainer (OzoneContainer.java:startContainerScrub(312)) - Scheduled background container scanners and the on-demand container scanner have been disabled.
2022-12-19 18:38:42,940 [EndpointStateMachine task thread for /0.0.0.0:38039 - 0 ] INFO  replication.ReplicationServer (ReplicationServer.java:start(106)) - ReplicationServer is started using port 37111
2022-12-19 18:38:42,940 [EndpointStateMachine task thread for /0.0.0.0:38039 - 0 ] INFO  ratis.XceiverServerRatis (XceiverServerRatis.java:start(517)) - Starting XceiverServerRatis 6ea35c1f-1714-407c-a38f-a2791a2eb8d3
2022-12-19 18:38:42,940 [EndpointStateMachine task thread for /0.0.0.0:38039 - 0 ] INFO  server.RaftServer (RaftServerProxy.java:startImpl(393)) - 6ea35c1f-1714-407c-a38f-a2791a2eb8d3: start RPC server
2022-12-19 18:38:42,942 [EndpointStateMachine task thread for /0.0.0.0:38039 - 0 ] INFO  server.GrpcService (GrpcService.java:startImpl(262)) - 6ea35c1f-1714-407c-a38f-a2791a2eb8d3: GrpcService started, listening on 34213
2022-12-19 18:38:42,942 [EndpointStateMachine task thread for /0.0.0.0:38039 - 0 ] INFO  ratis.XceiverServerRatis (XceiverServerRatis.java:getRealPort(543)) - XceiverServerRatis 6ea35c1f-1714-407c-a38f-a2791a2eb8d3 is started using port 34213 for RATIS
2022-12-19 18:38:42,942 [EndpointStateMachine task thread for /0.0.0.0:38039 - 0 ] INFO  ratis.XceiverServerRatis (XceiverServerRatis.java:getRealPort(543)) - XceiverServerRatis 6ea35c1f-1714-407c-a38f-a2791a2eb8d3 is started using port 34213 for RATIS_ADMIN
2022-12-19 18:38:42,942 [JvmPauseMonitor3] INFO  util.JvmPauseMonitor (JvmPauseMonitor.java:run(105)) - JvmPauseMonitor-6ea35c1f-1714-407c-a38f-a2791a2eb8d3: Started
2022-12-19 18:38:42,942 [EndpointStateMachine task thread for /0.0.0.0:38039 - 0 ] INFO  ratis.XceiverServerRatis (XceiverServerRatis.java:getRealPort(543)) - XceiverServerRatis 6ea35c1f-1714-407c-a38f-a2791a2eb8d3 is started using port 34213 for RATIS_SERVER
2022-12-19 18:38:42,943 [EndpointStateMachine task thread for /0.0.0.0:38039 - 0 ] INFO  ratis.XceiverServerRatis (XceiverServerRatis.java:getRealPort(543)) - XceiverServerRatis 6ea35c1f-1714-407c-a38f-a2791a2eb8d3 is started using port 36469 for RATIS_DATASTREAM
2022-12-19 18:38:42,946 [EndpointStateMachine task thread for /0.0.0.0:38039 - 0 ] INFO  server.XceiverServerGrpc (XceiverServerGrpc.java:start(180)) - XceiverServerGrpc 6ea35c1f-1714-407c-a38f-a2791a2eb8d3 is started using port 39651
2022-12-19 18:38:43,257 [EndpointStateMachine task thread for /0.0.0.0:38039 - 0 ] INFO  utils.DatanodeStoreCache (DatanodeStoreCache.java:addDB(58)) - Added db /home/runner/work/ozone/ozone/hadoop-ozone/integration-test/target/test-dir/MiniOzoneClusterImpl-11542299-c030-49ce-a1ef-33f98f34fc6c/datanode-3/data-0/containers/hdds/11542299-c030-49ce-a1ef-33f98f34fc6c/DS-76b68827-a2ea-4595-a7b3-1c2bb338271f/container.db to cache
2022-12-19 18:38:43,259 [EndpointStateMachine task thread for /0.0.0.0:38039 - 0 ] INFO  volume.HddsVolume (HddsVolume.java:createDbStore(307)) - SchemaV3 db is created and loaded at /home/runner/work/ozone/ozone/hadoop-ozone/integration-test/target/test-dir/MiniOzoneClusterImpl-11542299-c030-49ce-a1ef-33f98f34fc6c/datanode-3/data-0/containers/hdds/11542299-c030-49ce-a1ef-33f98f34fc6c/DS-76b68827-a2ea-4595-a7b3-1c2bb338271f/container.db for volume DS-76b68827-a2ea-4595-a7b3-1c2bb338271f
2022-12-19 18:38:43,260 [EndpointStateMachine task thread for /0.0.0.0:38039 - 0 ] INFO  ozoneimpl.OzoneContainer (OzoneContainer.java:start(395)) - Attempting to start container services.
2022-12-19 18:38:43,260 [EndpointStateMachine task thread for /0.0.0.0:38039 - 0 ] INFO  ozoneimpl.OzoneContainer (OzoneContainer.java:startContainerScrub(312)) - Scheduled background container scanners and the on-demand container scanner have been disabled.
2022-12-19 18:38:43,261 [EndpointStateMachine task thread for /0.0.0.0:38039 - 0 ] INFO  replication.ReplicationServer (ReplicationServer.java:start(106)) - ReplicationServer is started using port 39375
2022-12-19 18:38:43,262 [EndpointStateMachine task thread for /0.0.0.0:38039 - 0 ] INFO  ratis.XceiverServerRatis (XceiverServerRatis.java:start(517)) - Starting XceiverServerRatis 53431d8f-156a-4a42-8637-9d4e156967ab
2022-12-19 18:38:43,267 [EndpointStateMachine task thread for /0.0.0.0:38039 - 0 ] INFO  server.RaftServer (RaftServerProxy.java:startImpl(393)) - 53431d8f-156a-4a42-8637-9d4e156967ab: start RPC server
2022-12-19 18:38:43,269 [EndpointStateMachine task thread for /0.0.0.0:38039 - 0 ] INFO  server.GrpcService (GrpcService.java:startImpl(262)) - 53431d8f-156a-4a42-8637-9d4e156967ab: GrpcService started, listening on 42575
2022-12-19 18:38:43,272 [EndpointStateMachine task thread for /0.0.0.0:38039 - 0 ] INFO  ratis.XceiverServerRatis (XceiverServerRatis.java:getRealPort(543)) - XceiverServerRatis 53431d8f-156a-4a42-8637-9d4e156967ab is started using port 42575 for RATIS
2022-12-19 18:38:43,272 [EndpointStateMachine task thread for /0.0.0.0:38039 - 0 ] INFO  ratis.XceiverServerRatis (XceiverServerRatis.java:getRealPort(543)) - XceiverServerRatis 53431d8f-156a-4a42-8637-9d4e156967ab is started using port 42575 for RATIS_ADMIN
2022-12-19 18:38:43,272 [EndpointStateMachine task thread for /0.0.0.0:38039 - 0 ] INFO  ratis.XceiverServerRatis (XceiverServerRatis.java:getRealPort(543)) - XceiverServerRatis 53431d8f-156a-4a42-8637-9d4e156967ab is started using port 42575 for RATIS_SERVER
2022-12-19 18:38:43,272 [EndpointStateMachine task thread for /0.0.0.0:38039 - 0 ] INFO  ratis.XceiverServerRatis (XceiverServerRatis.java:getRealPort(543)) - XceiverServerRatis 53431d8f-156a-4a42-8637-9d4e156967ab is started using port 37095 for RATIS_DATASTREAM
2022-12-19 18:38:43,273 [JvmPauseMonitor4] INFO  util.JvmPauseMonitor (JvmPauseMonitor.java:run(105)) - JvmPauseMonitor-53431d8f-156a-4a42-8637-9d4e156967ab: Started
2022-12-19 18:38:43,274 [EndpointStateMachine task thread for /0.0.0.0:38039 - 0 ] INFO  server.XceiverServerGrpc (XceiverServerGrpc.java:start(180)) - XceiverServerGrpc 53431d8f-156a-4a42-8637-9d4e156967ab is started using port 40771
2022-12-19 18:38:43,599 [EndpointStateMachine task thread for /0.0.0.0:38039 - 0 ] INFO  utils.DatanodeStoreCache (DatanodeStoreCache.java:addDB(58)) - Added db /home/runner/work/ozone/ozone/hadoop-ozone/integration-test/target/test-dir/MiniOzoneClusterImpl-11542299-c030-49ce-a1ef-33f98f34fc6c/datanode-4/data-0/containers/hdds/11542299-c030-49ce-a1ef-33f98f34fc6c/DS-a4075385-660b-4ce4-8e17-4a2fbaa502d7/container.db to cache
2022-12-19 18:38:43,599 [EndpointStateMachine task thread for /0.0.0.0:38039 - 0 ] INFO  volume.HddsVolume (HddsVolume.java:createDbStore(307)) - SchemaV3 db is created and loaded at /home/runner/work/ozone/ozone/hadoop-ozone/integration-test/target/test-dir/MiniOzoneClusterImpl-11542299-c030-49ce-a1ef-33f98f34fc6c/datanode-4/data-0/containers/hdds/11542299-c030-49ce-a1ef-33f98f34fc6c/DS-a4075385-660b-4ce4-8e17-4a2fbaa502d7/container.db for volume DS-a4075385-660b-4ce4-8e17-4a2fbaa502d7
2022-12-19 18:38:43,601 [EndpointStateMachine task thread for /0.0.0.0:38039 - 0 ] INFO  ozoneimpl.OzoneContainer (OzoneContainer.java:start(395)) - Attempting to start container services.
2022-12-19 18:38:43,601 [EndpointStateMachine task thread for /0.0.0.0:38039 - 0 ] INFO  ozoneimpl.OzoneContainer (OzoneContainer.java:startContainerScrub(312)) - Scheduled background container scanners and the on-demand container scanner have been disabled.
2022-12-19 18:38:43,603 [EndpointStateMachine task thread for /0.0.0.0:38039 - 0 ] INFO  replication.ReplicationServer (ReplicationServer.java:start(106)) - ReplicationServer is started using port 38045
2022-12-19 18:38:43,604 [EndpointStateMachine task thread for /0.0.0.0:38039 - 0 ] INFO  ratis.XceiverServerRatis (XceiverServerRatis.java:start(517)) - Starting XceiverServerRatis a138d61e-33be-4034-b658-559812d9cbdd
2022-12-19 18:38:43,605 [EndpointStateMachine task thread for /0.0.0.0:38039 - 0 ] INFO  server.RaftServer (RaftServerProxy.java:startImpl(393)) - a138d61e-33be-4034-b658-559812d9cbdd: start RPC server
2022-12-19 18:38:43,610 [EndpointStateMachine task thread for /0.0.0.0:38039 - 0 ] INFO  server.GrpcService (GrpcService.java:startImpl(262)) - a138d61e-33be-4034-b658-559812d9cbdd: GrpcService started, listening on 45397
2022-12-19 18:38:43,611 [EndpointStateMachine task thread for /0.0.0.0:38039 - 0 ] INFO  ratis.XceiverServerRatis (XceiverServerRatis.java:getRealPort(543)) - XceiverServerRatis a138d61e-33be-4034-b658-559812d9cbdd is started using port 45397 for RATIS
2022-12-19 18:38:43,611 [JvmPauseMonitor5] INFO  util.JvmPauseMonitor (JvmPauseMonitor.java:run(105)) - JvmPauseMonitor-a138d61e-33be-4034-b658-559812d9cbdd: Started
2022-12-19 18:38:43,611 [EndpointStateMachine task thread for /0.0.0.0:38039 - 0 ] INFO  ratis.XceiverServerRatis (XceiverServerRatis.java:getRealPort(543)) - XceiverServerRatis a138d61e-33be-4034-b658-559812d9cbdd is started using port 45397 for RATIS_ADMIN
2022-12-19 18:38:43,611 [EndpointStateMachine task thread for /0.0.0.0:38039 - 0 ] INFO  ratis.XceiverServerRatis (XceiverServerRatis.java:getRealPort(543)) - XceiverServerRatis a138d61e-33be-4034-b658-559812d9cbdd is started using port 45397 for RATIS_SERVER
2022-12-19 18:38:43,611 [EndpointStateMachine task thread for /0.0.0.0:38039 - 0 ] INFO  ratis.XceiverServerRatis (XceiverServerRatis.java:getRealPort(543)) - XceiverServerRatis a138d61e-33be-4034-b658-559812d9cbdd is started using port 37159 for RATIS_DATASTREAM
2022-12-19 18:38:43,614 [EndpointStateMachine task thread for /0.0.0.0:38039 - 0 ] INFO  server.XceiverServerGrpc (XceiverServerGrpc.java:start(180)) - XceiverServerGrpc a138d61e-33be-4034-b658-559812d9cbdd is started using port 42919
2022-12-19 18:38:43,900 [Listener at 127.0.0.1/44039] INFO  ozone.MiniOzoneClusterImpl (MiniOzoneClusterImpl.java:lambda$waitForClusterToBeReady$0(217)) - Waiting for nodes to be ready. Got 0 of 6 DN Heartbeats.
2022-12-19 18:38:43,901 [Listener at 127.0.0.1/44039] INFO  ozone.MiniOzoneClusterImpl (MiniOzoneClusterImpl.java:lambda$waitForClusterToBeReady$0(220)) - Waiting for cluster to exit safe mode
2022-12-19 18:38:43,901 [Listener at 127.0.0.1/44039] INFO  ozone.MiniOzoneClusterImpl (MiniOzoneClusterImpl.java:lambda$waitForClusterToBeReady$0(222)) - SCM became leader
2022-12-19 18:38:43,929 [EndpointStateMachine task thread for /0.0.0.0:38039 - 0 ] INFO  utils.DatanodeStoreCache (DatanodeStoreCache.java:addDB(58)) - Added db /home/runner/work/ozone/ozone/hadoop-ozone/integration-test/target/test-dir/MiniOzoneClusterImpl-11542299-c030-49ce-a1ef-33f98f34fc6c/datanode-5/data-0/containers/hdds/11542299-c030-49ce-a1ef-33f98f34fc6c/DS-6bd539dc-5f39-4f4e-b248-f0b63dae4cef/container.db to cache
2022-12-19 18:38:43,929 [EndpointStateMachine task thread for /0.0.0.0:38039 - 0 ] INFO  volume.HddsVolume (HddsVolume.java:createDbStore(307)) - SchemaV3 db is created and loaded at /home/runner/work/ozone/ozone/hadoop-ozone/integration-test/target/test-dir/MiniOzoneClusterImpl-11542299-c030-49ce-a1ef-33f98f34fc6c/datanode-5/data-0/containers/hdds/11542299-c030-49ce-a1ef-33f98f34fc6c/DS-6bd539dc-5f39-4f4e-b248-f0b63dae4cef/container.db for volume DS-6bd539dc-5f39-4f4e-b248-f0b63dae4cef
2022-12-19 18:38:43,930 [EndpointStateMachine task thread for /0.0.0.0:38039 - 0 ] INFO  ozoneimpl.OzoneContainer (OzoneContainer.java:start(395)) - Attempting to start container services.
2022-12-19 18:38:43,930 [EndpointStateMachine task thread for /0.0.0.0:38039 - 0 ] INFO  ozoneimpl.OzoneContainer (OzoneContainer.java:startContainerScrub(312)) - Scheduled background container scanners and the on-demand container scanner have been disabled.
2022-12-19 18:38:43,934 [EndpointStateMachine task thread for /0.0.0.0:38039 - 0 ] INFO  replication.ReplicationServer (ReplicationServer.java:start(106)) - ReplicationServer is started using port 37597
2022-12-19 18:38:43,935 [EndpointStateMachine task thread for /0.0.0.0:38039 - 0 ] INFO  ratis.XceiverServerRatis (XceiverServerRatis.java:start(517)) - Starting XceiverServerRatis 577e0dac-7593-4640-b9aa-fa89f15259b7
2022-12-19 18:38:43,939 [EndpointStateMachine task thread for /0.0.0.0:38039 - 0 ] INFO  server.RaftServer (RaftServerProxy.java:startImpl(393)) - 577e0dac-7593-4640-b9aa-fa89f15259b7: start RPC server
2022-12-19 18:38:43,942 [EndpointStateMachine task thread for /0.0.0.0:38039 - 0 ] INFO  server.GrpcService (GrpcService.java:startImpl(262)) - 577e0dac-7593-4640-b9aa-fa89f15259b7: GrpcService started, listening on 45135
2022-12-19 18:38:43,943 [EndpointStateMachine task thread for /0.0.0.0:38039 - 0 ] INFO  ratis.XceiverServerRatis (XceiverServerRatis.java:getRealPort(543)) - XceiverServerRatis 577e0dac-7593-4640-b9aa-fa89f15259b7 is started using port 45135 for RATIS
2022-12-19 18:38:43,943 [EndpointStateMachine task thread for /0.0.0.0:38039 - 0 ] INFO  ratis.XceiverServerRatis (XceiverServerRatis.java:getRealPort(543)) - XceiverServerRatis 577e0dac-7593-4640-b9aa-fa89f15259b7 is started using port 45135 for RATIS_ADMIN
2022-12-19 18:38:43,943 [EndpointStateMachine task thread for /0.0.0.0:38039 - 0 ] INFO  ratis.XceiverServerRatis (XceiverServerRatis.java:getRealPort(543)) - XceiverServerRatis 577e0dac-7593-4640-b9aa-fa89f15259b7 is started using port 45135 for RATIS_SERVER
2022-12-19 18:38:43,943 [EndpointStateMachine task thread for /0.0.0.0:38039 - 0 ] INFO  ratis.XceiverServerRatis (XceiverServerRatis.java:getRealPort(543)) - XceiverServerRatis 577e0dac-7593-4640-b9aa-fa89f15259b7 is started using port 40327 for RATIS_DATASTREAM
2022-12-19 18:38:43,944 [JvmPauseMonitor6] INFO  util.JvmPauseMonitor (JvmPauseMonitor.java:run(105)) - JvmPauseMonitor-577e0dac-7593-4640-b9aa-fa89f15259b7: Started
2022-12-19 18:38:43,949 [EndpointStateMachine task thread for /0.0.0.0:38039 - 0 ] INFO  server.XceiverServerGrpc (XceiverServerGrpc.java:start(180)) - XceiverServerGrpc 577e0dac-7593-4640-b9aa-fa89f15259b7 is started using port 45333
2022-12-19 18:38:44,024 [IPC Server handler 3 on default port 38039] INFO  net.NetworkTopologyImpl (NetworkTopologyImpl.java:add(112)) - Added a new node: /default-rack/89d730ca-c741-4fc9-afaf-179ceaf5b2b4
2022-12-19 18:38:44,025 [IPC Server handler 3 on default port 38039] INFO  node.SCMNodeManager (SCMNodeManager.java:register(397)) - Registered Data node : 89d730ca-c741-4fc9-afaf-179ceaf5b2b4{ip: 10.1.0.24, host: fv-az353-760.tkyx2seitsuu3nmpmouz2httfb.bx.internal.cloudapp.net, ports: [REPLICATION=33149, RATIS=40319, RATIS_ADMIN=40319, RATIS_SERVER=40319, RATIS_DATASTREAM=35251, STANDALONE=46067], networkLocation: /default-rack, certSerialId: null, persistedOpState: null, persistedOpStateExpiryEpochSec: 0}
2022-12-19 18:38:44,030 [EventQueue-NewNodeForNewNodeHandler] INFO  pipeline.BackgroundPipelineCreator (BackgroundPipelineCreator.java:notifyEventTriggered(276)) - trigger a one-shot run on RatisPipelineUtilsThread.
2022-12-19 18:38:44,030 [EventQueue-NodeRegistrationContainerReportForContainerSafeModeRule] INFO  safemode.SCMSafeModeManager (SCMSafeModeManager.java:validateSafeModeExitRules(200)) - ContainerSafeModeRule rule is successfully validated
2022-12-19 18:38:44,031 [EventQueue-NodeRegistrationContainerReportForDataNodeSafeModeRule] INFO  safemode.SCMSafeModeManager (DataNodeSafeModeRule.java:process(71)) - SCM in safe mode. 1 DataNodes registered, 3 required.
2022-12-19 18:38:44,036 [RatisPipelineUtilsThread - 0] INFO  pipeline.RatisPipelineProvider (RatisPipelineProvider.java:lambda$create$0(206)) - Sending CreatePipelineCommand for pipeline:PipelineID=ed9ae400-fd30-4244-abde-4986116cb204 to datanode:89d730ca-c741-4fc9-afaf-179ceaf5b2b4
2022-12-19 18:38:44,041 [EventQueue-PipelineReportForOneReplicaPipelineSafeModeRule] INFO  safemode.SCMSafeModeManager (SCMSafeModeManager.java:validateSafeModeExitRules(200)) - AtleastOneDatanodeReportedRule rule is successfully validated
2022-12-19 18:38:44,050 [RatisPipelineUtilsThread - 0] INFO  pipeline.PipelineStateManagerImpl (PipelineStateManagerImpl.java:addPipeline(103)) - Created pipeline Pipeline[ Id: ed9ae400-fd30-4244-abde-4986116cb204, Nodes: 89d730ca-c741-4fc9-afaf-179ceaf5b2b4{ip: 10.1.0.24, host: fv-az353-760.tkyx2seitsuu3nmpmouz2httfb.bx.internal.cloudapp.net, ports: [REPLICATION=33149, RATIS=40319, RATIS_ADMIN=40319, RATIS_SERVER=40319, RATIS_DATASTREAM=35251, STANDALONE=46067], networkLocation: /default-rack, certSerialId: null, persistedOpState: IN_SERVICE, persistedOpStateExpiryEpochSec: 0}, ReplicationConfig: RATIS/ONE, State:ALLOCATED, leaderId:, CreationTimestamp2022-12-19T18:38:44.035Z[Etc/UTC]].
2022-12-19 18:38:44,478 [IPC Server handler 1 on default port 38039] INFO  net.NetworkTopologyImpl (NetworkTopologyImpl.java:add(112)) - Added a new node: /default-rack/91d78431-6cd7-4796-a346-e9fe01a1de12
2022-12-19 18:38:44,478 [IPC Server handler 1 on default port 38039] INFO  node.SCMNodeManager (SCMNodeManager.java:register(397)) - Registered Data node : 91d78431-6cd7-4796-a346-e9fe01a1de12{ip: 10.1.0.24, host: fv-az353-760.tkyx2seitsuu3nmpmouz2httfb.bx.internal.cloudapp.net, ports: [REPLICATION=36335, RATIS=43619, RATIS_ADMIN=43619, RATIS_SERVER=43619, RATIS_DATASTREAM=33445, STANDALONE=36883], networkLocation: /default-rack, certSerialId: null, persistedOpState: null, persistedOpStateExpiryEpochSec: 0}
2022-12-19 18:38:44,479 [EventQueue-NodeRegistrationContainerReportForDataNodeSafeModeRule] INFO  safemode.SCMSafeModeManager (DataNodeSafeModeRule.java:process(71)) - SCM in safe mode. 2 DataNodes registered, 3 required.
2022-12-19 18:38:44,480 [EventQueue-NewNodeForNewNodeHandler] INFO  pipeline.BackgroundPipelineCreator (BackgroundPipelineCreator.java:notifyEventTriggered(276)) - trigger a one-shot run on RatisPipelineUtilsThread.
2022-12-19 18:38:44,481 [RatisPipelineUtilsThread - 0] INFO  pipeline.RatisPipelineProvider (RatisPipelineProvider.java:lambda$create$0(206)) - Sending CreatePipelineCommand for pipeline:PipelineID=30ac4af6-4368-4b38-8f7a-993d79b04317 to datanode:91d78431-6cd7-4796-a346-e9fe01a1de12
2022-12-19 18:38:44,482 [RatisPipelineUtilsThread - 0] INFO  pipeline.PipelineStateManagerImpl (PipelineStateManagerImpl.java:addPipeline(103)) - Created pipeline Pipeline[ Id: 30ac4af6-4368-4b38-8f7a-993d79b04317, Nodes: 91d78431-6cd7-4796-a346-e9fe01a1de12{ip: 10.1.0.24, host: fv-az353-760.tkyx2seitsuu3nmpmouz2httfb.bx.internal.cloudapp.net, ports: [REPLICATION=36335, RATIS=43619, RATIS_ADMIN=43619, RATIS_SERVER=43619, RATIS_DATASTREAM=33445, STANDALONE=36883], networkLocation: /default-rack, certSerialId: null, persistedOpState: IN_SERVICE, persistedOpStateExpiryEpochSec: 0}, ReplicationConfig: RATIS/ONE, State:ALLOCATED, leaderId:, CreationTimestamp2022-12-19T18:38:44.481Z[Etc/UTC]].
2022-12-19 18:38:44,901 [Listener at 127.0.0.1/44039] INFO  ozone.MiniOzoneClusterImpl (MiniOzoneClusterImpl.java:lambda$waitForClusterToBeReady$0(217)) - Waiting for nodes to be ready. Got 2 of 6 DN Heartbeats.
2022-12-19 18:38:44,901 [Listener at 127.0.0.1/44039] INFO  ozone.MiniOzoneClusterImpl (MiniOzoneClusterImpl.java:lambda$waitForClusterToBeReady$0(220)) - Waiting for cluster to exit safe mode
2022-12-19 18:38:44,901 [Listener at 127.0.0.1/44039] INFO  ozone.MiniOzoneClusterImpl (MiniOzoneClusterImpl.java:lambda$waitForClusterToBeReady$0(222)) - SCM became leader
2022-12-19 18:38:44,908 [IPC Server handler 3 on default port 38039] INFO  net.NetworkTopologyImpl (NetworkTopologyImpl.java:add(112)) - Added a new node: /default-rack/6ea35c1f-1714-407c-a38f-a2791a2eb8d3
2022-12-19 18:38:44,909 [IPC Server handler 3 on default port 38039] INFO  node.SCMNodeManager (SCMNodeManager.java:register(397)) - Registered Data node : 6ea35c1f-1714-407c-a38f-a2791a2eb8d3{ip: 10.1.0.24, host: fv-az353-760.tkyx2seitsuu3nmpmouz2httfb.bx.internal.cloudapp.net, ports: [REPLICATION=37111, RATIS=34213, RATIS_ADMIN=34213, RATIS_SERVER=34213, RATIS_DATASTREAM=36469, STANDALONE=39651], networkLocation: /default-rack, certSerialId: null, persistedOpState: null, persistedOpStateExpiryEpochSec: 0}
2022-12-19 18:38:44,909 [EventQueue-NewNodeForNewNodeHandler] INFO  pipeline.BackgroundPipelineCreator (BackgroundPipelineCreator.java:notifyEventTriggered(276)) - trigger a one-shot run on RatisPipelineUtilsThread.
2022-12-19 18:38:44,909 [EventQueue-NodeRegistrationContainerReportForDataNodeSafeModeRule] INFO  safemode.SCMSafeModeManager (DataNodeSafeModeRule.java:process(71)) - SCM in safe mode. 3 DataNodes registered, 3 required.
2022-12-19 18:38:44,909 [EventQueue-NodeRegistrationContainerReportForDataNodeSafeModeRule] INFO  safemode.SCMSafeModeManager (SCMSafeModeManager.java:validateSafeModeExitRules(200)) - DataNodeSafeModeRule rule is successfully validated
2022-12-19 18:38:44,909 [EventQueue-NodeRegistrationContainerReportForDataNodeSafeModeRule] INFO  safemode.SCMSafeModeManager (SCMSafeModeManager.java:completePreCheck(229)) - All SCM safe mode pre check rules have passed
2022-12-19 18:38:44,909 [EventQueue-NodeRegistrationContainerReportForDataNodeSafeModeRule] INFO  ha.SCMContext (SCMContext.java:updateSafeModeStatus(228)) - Update SafeModeStatus from SafeModeStatus{safeModeStatus=true, preCheckPassed=false} to SafeModeStatus{safeModeStatus=true, preCheckPassed=true}.
2022-12-19 18:38:44,910 [EventQueue-NodeRegistrationContainerReportForDataNodeSafeModeRule] INFO  pipeline.BackgroundPipelineCreator (BackgroundPipelineCreator.java:notifyEventTriggered(276)) - trigger a one-shot run on RatisPipelineUtilsThread.
2022-12-19 18:38:44,910 [RatisPipelineUtilsThread - 0] INFO  pipeline.RatisPipelineProvider (RatisPipelineProvider.java:lambda$create$0(206)) - Sending CreatePipelineCommand for pipeline:PipelineID=0a30ac7b-804e-4af0-8410-e6de8b2f3e98 to datanode:6ea35c1f-1714-407c-a38f-a2791a2eb8d3
2022-12-19 18:38:44,910 [RatisPipelineUtilsThread - 0] INFO  pipeline.PipelineStateManagerImpl (PipelineStateManagerImpl.java:addPipeline(103)) - Created pipeline Pipeline[ Id: 0a30ac7b-804e-4af0-8410-e6de8b2f3e98, Nodes: 6ea35c1f-1714-407c-a38f-a2791a2eb8d3{ip: 10.1.0.24, host: fv-az353-760.tkyx2seitsuu3nmpmouz2httfb.bx.internal.cloudapp.net, ports: [REPLICATION=37111, RATIS=34213, RATIS_ADMIN=34213, RATIS_SERVER=34213, RATIS_DATASTREAM=36469, STANDALONE=39651], networkLocation: /default-rack, certSerialId: null, persistedOpState: IN_SERVICE, persistedOpStateExpiryEpochSec: 0}, ReplicationConfig: RATIS/ONE, State:ALLOCATED, leaderId:, CreationTimestamp2022-12-19T18:38:44.910Z[Etc/UTC]].
2022-12-19 18:38:44,914 [RatisPipelineUtilsThread - 0] INFO  pipeline.RatisPipelineProvider (RatisPipelineProvider.java:lambda$create$0(206)) - Sending CreatePipelineCommand for pipeline:PipelineID=cf0d6ba1-a770-43ee-a51c-fea4670f50be to datanode:89d730ca-c741-4fc9-afaf-179ceaf5b2b4
2022-12-19 18:38:44,915 [RatisPipelineUtilsThread - 0] INFO  pipeline.RatisPipelineProvider (RatisPipelineProvider.java:lambda$create$0(206)) - Sending CreatePipelineCommand for pipeline:PipelineID=cf0d6ba1-a770-43ee-a51c-fea4670f50be to datanode:91d78431-6cd7-4796-a346-e9fe01a1de12
2022-12-19 18:38:44,915 [RatisPipelineUtilsThread - 0] INFO  pipeline.RatisPipelineProvider (RatisPipelineProvider.java:lambda$create$0(206)) - Sending CreatePipelineCommand for pipeline:PipelineID=cf0d6ba1-a770-43ee-a51c-fea4670f50be to datanode:6ea35c1f-1714-407c-a38f-a2791a2eb8d3
2022-12-19 18:38:44,916 [RatisPipelineUtilsThread - 0] INFO  pipeline.PipelineStateManagerImpl (PipelineStateManagerImpl.java:addPipeline(103)) - Created pipeline Pipeline[ Id: cf0d6ba1-a770-43ee-a51c-fea4670f50be, Nodes: 89d730ca-c741-4fc9-afaf-179ceaf5b2b4{ip: 10.1.0.24, host: fv-az353-760.tkyx2seitsuu3nmpmouz2httfb.bx.internal.cloudapp.net, ports: [REPLICATION=33149, RATIS=40319, RATIS_ADMIN=40319, RATIS_SERVER=40319, RATIS_DATASTREAM=35251, STANDALONE=46067], networkLocation: /default-rack, certSerialId: null, persistedOpState: IN_SERVICE, persistedOpStateExpiryEpochSec: 0}91d78431-6cd7-4796-a346-e9fe01a1de12{ip: 10.1.0.24, host: fv-az353-760.tkyx2seitsuu3nmpmouz2httfb.bx.internal.cloudapp.net, ports: [REPLICATION=36335, RATIS=43619, RATIS_ADMIN=43619, RATIS_SERVER=43619, RATIS_DATASTREAM=33445, STANDALONE=36883], networkLocation: /default-rack, certSerialId: null, persistedOpState: IN_SERVICE, persistedOpStateExpiryEpochSec: 0}6ea35c1f-1714-407c-a38f-a2791a2eb8d3{ip: 10.1.0.24, host: fv-az353-760.tkyx2seitsuu3nmpmouz2httfb.bx.internal.cloudapp.net, ports: [REPLICATION=37111, RATIS=34213, RATIS_ADMIN=34213, RATIS_SERVER=34213, RATIS_DATASTREAM=36469, STANDALONE=39651], networkLocation: /default-rack, certSerialId: null, persistedOpState: IN_SERVICE, persistedOpStateExpiryEpochSec: 0}, ReplicationConfig: RATIS/THREE, State:ALLOCATED, leaderId:, CreationTimestamp2022-12-19T18:38:44.914Z[Etc/UTC]].
2022-12-19 18:38:44,920 [RatisPipelineUtilsThread - 0] INFO  pipeline.RatisPipelineProvider (RatisPipelineProvider.java:lambda$create$0(206)) - Sending CreatePipelineCommand for pipeline:PipelineID=042af8b0-11d5-4451-92b4-9e02b72a4e3c to datanode:91d78431-6cd7-4796-a346-e9fe01a1de12
2022-12-19 18:38:44,920 [RatisPipelineUtilsThread - 0] INFO  pipeline.RatisPipelineProvider (RatisPipelineProvider.java:lambda$create$0(206)) - Sending CreatePipelineCommand for pipeline:PipelineID=042af8b0-11d5-4451-92b4-9e02b72a4e3c to datanode:89d730ca-c741-4fc9-afaf-179ceaf5b2b4
2022-12-19 18:38:44,920 [RatisPipelineUtilsThread - 0] INFO  pipeline.RatisPipelineProvider (RatisPipelineProvider.java:lambda$create$0(206)) - Sending CreatePipelineCommand for pipeline:PipelineID=042af8b0-11d5-4451-92b4-9e02b72a4e3c to datanode:6ea35c1f-1714-407c-a38f-a2791a2eb8d3
2022-12-19 18:38:44,921 [RatisPipelineUtilsThread - 0] INFO  pipeline.PipelineStateManagerImpl (PipelineStateManagerImpl.java:addPipeline(103)) - Created pipeline Pipeline[ Id: 042af8b0-11d5-4451-92b4-9e02b72a4e3c, Nodes: 91d78431-6cd7-4796-a346-e9fe01a1de12{ip: 10.1.0.24, host: fv-az353-760.tkyx2seitsuu3nmpmouz2httfb.bx.internal.cloudapp.net, ports: [REPLICATION=36335, RATIS=43619, RATIS_ADMIN=43619, RATIS_SERVER=43619, RATIS_DATASTREAM=33445, STANDALONE=36883], networkLocation: /default-rack, certSerialId: null, persistedOpState: IN_SERVICE, persistedOpStateExpiryEpochSec: 0}89d730ca-c741-4fc9-afaf-179ceaf5b2b4{ip: 10.1.0.24, host: fv-az353-760.tkyx2seitsuu3nmpmouz2httfb.bx.internal.cloudapp.net, ports: [REPLICATION=33149, RATIS=40319, RATIS_ADMIN=40319, RATIS_SERVER=40319, RATIS_DATASTREAM=35251, STANDALONE=46067], networkLocation: /default-rack, certSerialId: null, persistedOpState: IN_SERVICE, persistedOpStateExpiryEpochSec: 0}6ea35c1f-1714-407c-a38f-a2791a2eb8d3{ip: 10.1.0.24, host: fv-az353-760.tkyx2seitsuu3nmpmouz2httfb.bx.internal.cloudapp.net, ports: [REPLICATION=37111, RATIS=34213, RATIS_ADMIN=34213, RATIS_SERVER=34213, RATIS_DATASTREAM=36469, STANDALONE=39651], networkLocation: /default-rack, certSerialId: null, persistedOpState: IN_SERVICE, persistedOpStateExpiryEpochSec: 0}, ReplicationConfig: RATIS/THREE, State:ALLOCATED, leaderId:, CreationTimestamp2022-12-19T18:38:44.920Z[Etc/UTC]].
2022-12-19 18:38:44,921 [RatisPipelineUtilsThread - 0] INFO  pipeline.PipelineManagerImpl (PipelineManagerImpl.java:recordMetricsForPipeline(826)) - Pipeline: PipelineID=042af8b0-11d5-4451-92b4-9e02b72a4e3c contains same datanodes as previous pipelines: PipelineID=cf0d6ba1-a770-43ee-a51c-fea4670f50be nodeIds: 91d78431-6cd7-4796-a346-e9fe01a1de12, 89d730ca-c741-4fc9-afaf-179ceaf5b2b4, 6ea35c1f-1714-407c-a38f-a2791a2eb8d3
2022-12-19 18:38:44,922 [RatisPipelineUtilsThread - 0] WARN  pipeline.PipelinePlacementPolicy (PipelinePlacementPolicy.java:filterViableNodes(158)) - Pipeline creation failed due to no sufficient healthy datanodes. Required 3. Found 0.
2022-12-19 18:38:45,228 [IPC Server handler 4 on default port 38039] INFO  net.NetworkTopologyImpl (NetworkTopologyImpl.java:add(112)) - Added a new node: /default-rack/53431d8f-156a-4a42-8637-9d4e156967ab
2022-12-19 18:38:45,228 [IPC Server handler 4 on default port 38039] INFO  node.SCMNodeManager (SCMNodeManager.java:register(397)) - Registered Data node : 53431d8f-156a-4a42-8637-9d4e156967ab{ip: 10.1.0.24, host: fv-az353-760.tkyx2seitsuu3nmpmouz2httfb.bx.internal.cloudapp.net, ports: [REPLICATION=39375, RATIS=42575, RATIS_ADMIN=42575, RATIS_SERVER=42575, RATIS_DATASTREAM=37095, STANDALONE=40771], networkLocation: /default-rack, certSerialId: null, persistedOpState: null, persistedOpStateExpiryEpochSec: 0}
2022-12-19 18:38:45,229 [EventQueue-NewNodeForNewNodeHandler] INFO  pipeline.BackgroundPipelineCreator (BackgroundPipelineCreator.java:notifyEventTriggered(276)) - trigger a one-shot run on RatisPipelineUtilsThread.
2022-12-19 18:38:45,229 [RatisPipelineUtilsThread - 0] INFO  pipeline.RatisPipelineProvider (RatisPipelineProvider.java:lambda$create$0(206)) - Sending CreatePipelineCommand for pipeline:PipelineID=4c4ec991-a6d5-4c77-bab0-eae143fe8dc9 to datanode:53431d8f-156a-4a42-8637-9d4e156967ab
2022-12-19 18:38:45,230 [RatisPipelineUtilsThread - 0] INFO  pipeline.PipelineStateManagerImpl (PipelineStateManagerImpl.java:addPipeline(103)) - Created pipeline Pipeline[ Id: 4c4ec991-a6d5-4c77-bab0-eae143fe8dc9, Nodes: 53431d8f-156a-4a42-8637-9d4e156967ab{ip: 10.1.0.24, host: fv-az353-760.tkyx2seitsuu3nmpmouz2httfb.bx.internal.cloudapp.net, ports: [REPLICATION=39375, RATIS=42575, RATIS_ADMIN=42575, RATIS_SERVER=42575, RATIS_DATASTREAM=37095, STANDALONE=40771], networkLocation: /default-rack, certSerialId: null, persistedOpState: IN_SERVICE, persistedOpStateExpiryEpochSec: 0}, ReplicationConfig: RATIS/ONE, State:ALLOCATED, leaderId:, CreationTimestamp2022-12-19T18:38:45.229Z[Etc/UTC]].
2022-12-19 18:38:45,231 [RatisPipelineUtilsThread - 0] WARN  pipeline.PipelinePlacementPolicy (PipelinePlacementPolicy.java:filterViableNodes(158)) - Pipeline creation failed due to no sufficient healthy datanodes. Required 3. Found 1.
2022-12-19 18:38:45,574 [IPC Server handler 2 on default port 38039] INFO  net.NetworkTopologyImpl (NetworkTopologyImpl.java:add(112)) - Added a new node: /default-rack/a138d61e-33be-4034-b658-559812d9cbdd
2022-12-19 18:38:45,575 [IPC Server handler 2 on default port 38039] INFO  node.SCMNodeManager (SCMNodeManager.java:register(397)) - Registered Data node : a138d61e-33be-4034-b658-559812d9cbdd{ip: 10.1.0.24, host: fv-az353-760.tkyx2seitsuu3nmpmouz2httfb.bx.internal.cloudapp.net, ports: [REPLICATION=38045, RATIS=45397, RATIS_ADMIN=45397, RATIS_SERVER=45397, RATIS_DATASTREAM=37159, STANDALONE=42919], networkLocation: /default-rack, certSerialId: null, persistedOpState: null, persistedOpStateExpiryEpochSec: 0}
2022-12-19 18:38:45,576 [EventQueue-NewNodeForNewNodeHandler] INFO  pipeline.BackgroundPipelineCreator (BackgroundPipelineCreator.java:notifyEventTriggered(276)) - trigger a one-shot run on RatisPipelineUtilsThread.
2022-12-19 18:38:45,576 [RatisPipelineUtilsThread - 0] INFO  pipeline.RatisPipelineProvider (RatisPipelineProvider.java:lambda$create$0(206)) - Sending CreatePipelineCommand for pipeline:PipelineID=01959d57-9a45-4936-a690-af7b5c654995 to datanode:a138d61e-33be-4034-b658-559812d9cbdd
2022-12-19 18:38:45,577 [RatisPipelineUtilsThread - 0] INFO  pipeline.PipelineStateManagerImpl (PipelineStateManagerImpl.java:addPipeline(103)) - Created pipeline Pipeline[ Id: 01959d57-9a45-4936-a690-af7b5c654995, Nodes: a138d61e-33be-4034-b658-559812d9cbdd{ip: 10.1.0.24, host: fv-az353-760.tkyx2seitsuu3nmpmouz2httfb.bx.internal.cloudapp.net, ports: [REPLICATION=38045, RATIS=45397, RATIS_ADMIN=45397, RATIS_SERVER=45397, RATIS_DATASTREAM=37159, STANDALONE=42919], networkLocation: /default-rack, certSerialId: null, persistedOpState: IN_SERVICE, persistedOpStateExpiryEpochSec: 0}, ReplicationConfig: RATIS/ONE, State:ALLOCATED, leaderId:, CreationTimestamp2022-12-19T18:38:45.576Z[Etc/UTC]].
2022-12-19 18:38:45,577 [RatisPipelineUtilsThread - 0] WARN  pipeline.PipelinePlacementPolicy (PipelinePlacementPolicy.java:filterViableNodes(158)) - Pipeline creation failed due to no sufficient healthy datanodes. Required 3. Found 2.
2022-12-19 18:38:45,897 [IPC Server handler 3 on default port 38039] INFO  net.NetworkTopologyImpl (NetworkTopologyImpl.java:add(112)) - Added a new node: /default-rack/577e0dac-7593-4640-b9aa-fa89f15259b7
2022-12-19 18:38:45,898 [IPC Server handler 3 on default port 38039] INFO  node.SCMNodeManager (SCMNodeManager.java:register(397)) - Registered Data node : 577e0dac-7593-4640-b9aa-fa89f15259b7{ip: 10.1.0.24, host: fv-az353-760.tkyx2seitsuu3nmpmouz2httfb.bx.internal.cloudapp.net, ports: [REPLICATION=37597, RATIS=45135, RATIS_ADMIN=45135, RATIS_SERVER=45135, RATIS_DATASTREAM=40327, STANDALONE=45333], networkLocation: /default-rack, certSerialId: null, persistedOpState: null, persistedOpStateExpiryEpochSec: 0}
2022-12-19 18:38:45,898 [EventQueue-NewNodeForNewNodeHandler] INFO  pipeline.BackgroundPipelineCreator (BackgroundPipelineCreator.java:notifyEventTriggered(276)) - trigger a one-shot run on RatisPipelineUtilsThread.
2022-12-19 18:38:45,899 [RatisPipelineUtilsThread - 0] INFO  pipeline.RatisPipelineProvider (RatisPipelineProvider.java:lambda$create$0(206)) - Sending CreatePipelineCommand for pipeline:PipelineID=ede34861-58fc-4f13-beda-a3e775aa6c15 to datanode:577e0dac-7593-4640-b9aa-fa89f15259b7
2022-12-19 18:38:45,899 [RatisPipelineUtilsThread - 0] INFO  pipeline.PipelineStateManagerImpl (PipelineStateManagerImpl.java:addPipeline(103)) - Created pipeline Pipeline[ Id: ede34861-58fc-4f13-beda-a3e775aa6c15, Nodes: 577e0dac-7593-4640-b9aa-fa89f15259b7{ip: 10.1.0.24, host: fv-az353-760.tkyx2seitsuu3nmpmouz2httfb.bx.internal.cloudapp.net, ports: [REPLICATION=37597, RATIS=45135, RATIS_ADMIN=45135, RATIS_SERVER=45135, RATIS_DATASTREAM=40327, STANDALONE=45333], networkLocation: /default-rack, certSerialId: null, persistedOpState: IN_SERVICE, persistedOpStateExpiryEpochSec: 0}, ReplicationConfig: RATIS/ONE, State:ALLOCATED, leaderId:, CreationTimestamp2022-12-19T18:38:45.899Z[Etc/UTC]].
2022-12-19 18:38:45,900 [RatisPipelineUtilsThread - 0] INFO  pipeline.RatisPipelineProvider (RatisPipelineProvider.java:lambda$create$0(206)) - Sending CreatePipelineCommand for pipeline:PipelineID=11141a20-bb0e-415d-ac4a-402b03c4197c to datanode:a138d61e-33be-4034-b658-559812d9cbdd
2022-12-19 18:38:45,900 [RatisPipelineUtilsThread - 0] INFO  pipeline.RatisPipelineProvider (RatisPipelineProvider.java:lambda$create$0(206)) - Sending CreatePipelineCommand for pipeline:PipelineID=11141a20-bb0e-415d-ac4a-402b03c4197c to datanode:577e0dac-7593-4640-b9aa-fa89f15259b7
2022-12-19 18:38:45,900 [RatisPipelineUtilsThread - 0] INFO  pipeline.RatisPipelineProvider (RatisPipelineProvider.java:lambda$create$0(206)) - Sending CreatePipelineCommand for pipeline:PipelineID=11141a20-bb0e-415d-ac4a-402b03c4197c to datanode:53431d8f-156a-4a42-8637-9d4e156967ab
2022-12-19 18:38:45,901 [RatisPipelineUtilsThread - 0] INFO  pipeline.PipelineStateManagerImpl (PipelineStateManagerImpl.java:addPipeline(103)) - Created pipeline Pipeline[ Id: 11141a20-bb0e-415d-ac4a-402b03c4197c, Nodes: a138d61e-33be-4034-b658-559812d9cbdd{ip: 10.1.0.24, host: fv-az353-760.tkyx2seitsuu3nmpmouz2httfb.bx.internal.cloudapp.net, ports: [REPLICATION=38045, RATIS=45397, RATIS_ADMIN=45397, RATIS_SERVER=45397, RATIS_DATASTREAM=37159, STANDALONE=42919], networkLocation: /default-rack, certSerialId: null, persistedOpState: IN_SERVICE, persistedOpStateExpiryEpochSec: 0}577e0dac-7593-4640-b9aa-fa89f15259b7{ip: 10.1.0.24, host: fv-az353-760.tkyx2seitsuu3nmpmouz2httfb.bx.internal.cloudapp.net, ports: [REPLICATION=37597, RATIS=45135, RATIS_ADMIN=45135, RATIS_SERVER=45135, RATIS_DATASTREAM=40327, STANDALONE=45333], networkLocation: /default-rack, certSerialId: null, persistedOpState: IN_SERVICE, persistedOpStateExpiryEpochSec: 0}53431d8f-156a-4a42-8637-9d4e156967ab{ip: 10.1.0.24, host: fv-az353-760.tkyx2seitsuu3nmpmouz2httfb.bx.internal.cloudapp.net, ports: [REPLICATION=39375, RATIS=42575, RATIS_ADMIN=42575, RATIS_SERVER=42575, RATIS_DATASTREAM=37095, STANDALONE=40771], networkLocation: /default-rack, certSerialId: null, persistedOpState: IN_SERVICE, persistedOpStateExpiryEpochSec: 0}, ReplicationConfig: RATIS/THREE, State:ALLOCATED, leaderId:, CreationTimestamp2022-12-19T18:38:45.900Z[Etc/UTC]].
2022-12-19 18:38:45,902 [Listener at 127.0.0.1/44039] INFO  ozone.MiniOzoneClusterImpl (MiniOzoneClusterImpl.java:lambda$waitForClusterToBeReady$0(217)) - Nodes are ready. Got 6 of 6 DN Heartbeats.
2022-12-19 18:38:45,902 [Listener at 127.0.0.1/44039] INFO  ozone.MiniOzoneClusterImpl (MiniOzoneClusterImpl.java:lambda$waitForClusterToBeReady$0(220)) - Waiting for cluster to exit safe mode
2022-12-19 18:38:45,902 [Listener at 127.0.0.1/44039] INFO  ozone.MiniOzoneClusterImpl (MiniOzoneClusterImpl.java:lambda$waitForClusterToBeReady$0(222)) - SCM became leader
2022-12-19 18:38:45,903 [RatisPipelineUtilsThread - 0] INFO  pipeline.RatisPipelineProvider (RatisPipelineProvider.java:lambda$create$0(206)) - Sending CreatePipelineCommand for pipeline:PipelineID=f2fe750a-536e-4391-947d-6c568f008c3a to datanode:a138d61e-33be-4034-b658-559812d9cbdd
2022-12-19 18:38:45,904 [RatisPipelineUtilsThread - 0] INFO  pipeline.RatisPipelineProvider (RatisPipelineProvider.java:lambda$create$0(206)) - Sending CreatePipelineCommand for pipeline:PipelineID=f2fe750a-536e-4391-947d-6c568f008c3a to datanode:577e0dac-7593-4640-b9aa-fa89f15259b7
2022-12-19 18:38:45,904 [RatisPipelineUtilsThread - 0] INFO  pipeline.RatisPipelineProvider (RatisPipelineProvider.java:lambda$create$0(206)) - Sending CreatePipelineCommand for pipeline:PipelineID=f2fe750a-536e-4391-947d-6c568f008c3a to datanode:53431d8f-156a-4a42-8637-9d4e156967ab
2022-12-19 18:38:45,905 [RatisPipelineUtilsThread - 0] INFO  pipeline.PipelineStateManagerImpl (PipelineStateManagerImpl.java:addPipeline(103)) - Created pipeline Pipeline[ Id: f2fe750a-536e-4391-947d-6c568f008c3a, Nodes: a138d61e-33be-4034-b658-559812d9cbdd{ip: 10.1.0.24, host: fv-az353-760.tkyx2seitsuu3nmpmouz2httfb.bx.internal.cloudapp.net, ports: [REPLICATION=38045, RATIS=45397, RATIS_ADMIN=45397, RATIS_SERVER=45397, RATIS_DATASTREAM=37159, STANDALONE=42919], networkLocation: /default-rack, certSerialId: null, persistedOpState: IN_SERVICE, persistedOpStateExpiryEpochSec: 0}577e0dac-7593-4640-b9aa-fa89f15259b7{ip: 10.1.0.24, host: fv-az353-760.tkyx2seitsuu3nmpmouz2httfb.bx.internal.cloudapp.net, ports: [REPLICATION=37597, RATIS=45135, RATIS_ADMIN=45135, RATIS_SERVER=45135, RATIS_DATASTREAM=40327, STANDALONE=45333], networkLocation: /default-rack, certSerialId: null, persistedOpState: IN_SERVICE, persistedOpStateExpiryEpochSec: 0}53431d8f-156a-4a42-8637-9d4e156967ab{ip: 10.1.0.24, host: fv-az353-760.tkyx2seitsuu3nmpmouz2httfb.bx.internal.cloudapp.net, ports: [REPLICATION=39375, RATIS=42575, RATIS_ADMIN=42575, RATIS_SERVER=42575, RATIS_DATASTREAM=37095, STANDALONE=40771], networkLocation: /default-rack, certSerialId: null, persistedOpState: IN_SERVICE, persistedOpStateExpiryEpochSec: 0}, ReplicationConfig: RATIS/THREE, State:ALLOCATED, leaderId:, CreationTimestamp2022-12-19T18:38:45.903Z[Etc/UTC]].
2022-12-19 18:38:45,905 [RatisPipelineUtilsThread - 0] INFO  pipeline.PipelineManagerImpl (PipelineManagerImpl.java:recordMetricsForPipeline(826)) - Pipeline: PipelineID=f2fe750a-536e-4391-947d-6c568f008c3a contains same datanodes as previous pipelines: PipelineID=11141a20-bb0e-415d-ac4a-402b03c4197c nodeIds: a138d61e-33be-4034-b658-559812d9cbdd, 577e0dac-7593-4640-b9aa-fa89f15259b7, 53431d8f-156a-4a42-8637-9d4e156967ab
2022-12-19 18:38:45,906 [RatisPipelineUtilsThread - 0] WARN  pipeline.PipelinePlacementPolicy (PipelinePlacementPolicy.java:filterViableNodes(158)) - Pipeline creation failed due to no sufficient healthy datanodes. Required 3. Found 0.
2022-12-19 18:38:46,002 [EventQueue-CommandQueueReportForCommandQueueReportHandler] WARN  events.EventQueue (EventQueue.java:fireEvent(216)) - No event handler registered for event TypedEvent{payloadType=DatanodeDetails, name='Datanode_Command_Queue_Updated'}
2022-12-19 18:38:46,478 [EventQueue-CommandQueueReportForCommandQueueReportHandler] WARN  events.EventQueue (EventQueue.java:fireEvent(216)) - No event handler registered for event TypedEvent{payloadType=DatanodeDetails, name='Datanode_Command_Queue_Updated'}
2022-12-19 18:38:46,903 [Listener at 127.0.0.1/44039] INFO  ozone.MiniOzoneClusterImpl (MiniOzoneClusterImpl.java:lambda$waitForClusterToBeReady$0(217)) - Nodes are ready. Got 6 of 6 DN Heartbeats.
2022-12-19 18:38:46,903 [Listener at 127.0.0.1/44039] INFO  ozone.MiniOzoneClusterImpl (MiniOzoneClusterImpl.java:lambda$waitForClusterToBeReady$0(220)) - Waiting for cluster to exit safe mode
2022-12-19 18:38:46,903 [Listener at 127.0.0.1/44039] INFO  ozone.MiniOzoneClusterImpl (MiniOzoneClusterImpl.java:lambda$waitForClusterToBeReady$0(222)) - SCM became leader
2022-12-19 18:38:46,910 [EventQueue-CommandQueueReportForCommandQueueReportHandler] WARN  events.EventQueue (EventQueue.java:fireEvent(216)) - No event handler registered for event TypedEvent{payloadType=DatanodeDetails, name='Datanode_Command_Queue_Updated'}
2022-12-19 18:38:47,021 [Command processor thread] INFO  server.RaftServer (RaftServerProxy.java:addNew(96)) - 89d730ca-c741-4fc9-afaf-179ceaf5b2b4: addNew group-4986116CB204:[89d730ca-c741-4fc9-afaf-179ceaf5b2b4|rpc:10.1.0.24:40319|dataStream:10.1.0.24:35251|priority:1|startupRole:FOLLOWER] returns group-4986116CB204:java.util.concurrent.CompletableFuture@6f364179[Not completed]
2022-12-19 18:38:47,032 [pool-71-thread-1] INFO  server.RaftServer$Division (RaftServerImpl.java:<init>(195)) - 89d730ca-c741-4fc9-afaf-179ceaf5b2b4: new RaftServerImpl for group-4986116CB204:[89d730ca-c741-4fc9-afaf-179ceaf5b2b4|rpc:10.1.0.24:40319|dataStream:10.1.0.24:35251|priority:1|startupRole:FOLLOWER] with ContainerStateMachine:uninitialized
2022-12-19 18:38:47,032 [pool-71-thread-1] INFO  server.RaftServerConfigKeys (ConfUtils.java:logGet(46)) - raft.server.rpc.timeout.min = 5s (custom)
2022-12-19 18:38:47,032 [pool-71-thread-1] INFO  server.RaftServerConfigKeys (ConfUtils.java:logGet(46)) - raft.server.rpc.timeout.max = 5200ms (custom)
2022-12-19 18:38:47,032 [pool-71-thread-1] INFO  server.RaftServerConfigKeys (ConfUtils.java:logGet(46)) - raft.server.rpc.sleep.time = 25ms (default)
2022-12-19 18:38:47,032 [pool-71-thread-1] INFO  server.RaftServerConfigKeys (ConfUtils.java:logGet(46)) - raft.server.rpc.slowness.timeout = 300s (custom)
2022-12-19 18:38:47,032 [pool-71-thread-1] INFO  server.RaftServerConfigKeys (ConfUtils.java:logGet(46)) - raft.server.leaderelection.leader.step-down.wait-time = 10s (default)
2022-12-19 18:38:47,032 [pool-71-thread-1] INFO  server.RaftServerConfigKeys (ConfUtils.java:logGet(46)) - raft.server.sleep.deviation.threshold = 300ms (default)
2022-12-19 18:38:47,032 [pool-71-thread-1] INFO  server.RaftServer$Division (ServerState.java:<init>(118)) - 89d730ca-c741-4fc9-afaf-179ceaf5b2b4@group-4986116CB204: ConfigurationManager, init=-1: peers:[89d730ca-c741-4fc9-afaf-179ceaf5b2b4|rpc:10.1.0.24:40319|dataStream:10.1.0.24:35251|priority:1|startupRole:FOLLOWER]|listeners:[], old=null, confs=<EMPTY_MAP>
2022-12-19 18:38:47,033 [pool-71-thread-1] INFO  server.RaftServerConfigKeys (ConfUtils.java:logGet(46)) - raft.server.storage.dir = [/home/runner/work/ozone/ozone/hadoop-ozone/integration-test/target/test-dir/MiniOzoneClusterImpl-11542299-c030-49ce-a1ef-33f98f34fc6c/datanode-0/data/ratis] (custom)
2022-12-19 18:38:47,033 [pool-71-thread-1] INFO  server.RaftServerConfigKeys (ConfUtils.java:logGet(46)) - raft.server.log.corruption.policy = EXCEPTION (default)
2022-12-19 18:38:47,033 [pool-71-thread-1] INFO  server.RaftServerConfigKeys (ConfUtils.java:logGet(46)) - raft.server.storage.free-space.min = 0MB (=0) (default)
2022-12-19 18:38:47,033 [pool-71-thread-1] INFO  server.RaftServerConfigKeys (ConfUtils.java:logGet(46)) - raft.server.notification.no-leader.timeout = 300s (custom)
2022-12-19 18:38:47,033 [pool-71-thread-1] INFO  server.RaftServerConfigKeys (ConfUtils.java:logGet(46)) - raft.server.retrycache.expirytime = 600000ms (custom)
2022-12-19 18:38:47,033 [pool-71-thread-1] INFO  server.RaftServerConfigKeys (ConfUtils.java:logGet(46)) - raft.server.retrycache.statistics.expirytime = 100μs (default)
2022-12-19 18:38:47,038 [pool-71-thread-1] INFO  server.RaftServerConfigKeys (ConfUtils.java:logGet(46)) - raft.server.log.appender.install.snapshot.enabled = false (custom)
2022-12-19 18:38:47,038 [pool-71-thread-1] INFO  server.RaftServerConfigKeys (ConfUtils.java:logGet(46)) - raft.server.threadpool.server.cached = true (default)
2022-12-19 18:38:47,038 [pool-71-thread-1] INFO  server.RaftServerConfigKeys (ConfUtils.java:logGet(46)) - raft.server.threadpool.server.size = 0 (default)
2022-12-19 18:38:47,038 [pool-71-thread-1] INFO  server.RaftServerConfigKeys (ConfUtils.java:logGet(46)) - raft.server.threadpool.client.cached = true (default)
2022-12-19 18:38:47,038 [pool-71-thread-1] INFO  server.RaftServerConfigKeys (ConfUtils.java:logGet(46)) - raft.server.threadpool.client.size = 0 (default)
2022-12-19 18:38:47,038 [pool-71-thread-1] INFO  storage.RaftStorageDirectory (RaftStorageDirectoryImpl.java:analyzeStorage(137)) - The storage directory /home/runner/work/ozone/ozone/hadoop-ozone/integration-test/target/test-dir/MiniOzoneClusterImpl-11542299-c030-49ce-a1ef-33f98f34fc6c/datanode-0/data/ratis/ed9ae400-fd30-4244-abde-4986116cb204 does not exist. Creating ...
2022-12-19 18:38:47,042 [pool-71-thread-1] INFO  storage.RaftStorageDirectory (RaftStorageDirectoryImpl.java:tryLock(231)) - Lock on /home/runner/work/ozone/ozone/hadoop-ozone/integration-test/target/test-dir/MiniOzoneClusterImpl-11542299-c030-49ce-a1ef-33f98f34fc6c/datanode-0/data/ratis/ed9ae400-fd30-4244-abde-4986116cb204/in_use.lock acquired by nodename 10449@fv-az353-760
2022-12-19 18:38:47,043 [pool-71-thread-1] INFO  storage.RaftStorage (RaftStorageImpl.java:format(96)) - Storage directory /home/runner/work/ozone/ozone/hadoop-ozone/integration-test/target/test-dir/MiniOzoneClusterImpl-11542299-c030-49ce-a1ef-33f98f34fc6c/datanode-0/data/ratis/ed9ae400-fd30-4244-abde-4986116cb204 has been successfully formatted.
2022-12-19 18:38:47,049 [pool-71-thread-1] INFO  ratis.ContainerStateMachine (ContainerStateMachine.java:loadSnapshot(240)) - group-4986116CB204: The snapshot info is null. Setting the last applied indexto:(t:0, i:~)
2022-12-19 18:38:47,049 [pool-71-thread-1] INFO  server.RaftServerConfigKeys (ConfUtils.java:logGet(46)) - raft.server.log.use.memory = false (default)
2022-12-19 18:38:47,049 [pool-71-thread-1] INFO  server.RaftServerConfigKeys (ConfUtils.java:logGet(46)) - raft.server.log.purge.gap = 1000000 (custom)
2022-12-19 18:38:47,049 [pool-71-thread-1] INFO  server.RaftServerConfigKeys (ConfUtils.java:logGet(46)) - raft.server.log.appender.buffer.byte-limit = 33554432 (custom)
2022-12-19 18:38:47,049 [pool-71-thread-1] INFO  server.RaftServerConfigKeys (ConfUtils.java:logGet(46)) - raft.server.log.statemachine.data.read.timeout = 1000ms (default)
2022-12-19 18:38:47,050 [pool-71-thread-1] INFO  server.RaftServerConfigKeys (ConfUtils.java:logGet(46)) - raft.server.log.purge.preservation.log.num = 0 (default)
2022-12-19 18:38:47,050 [pool-71-thread-1] INFO  server.RaftServerConfigKeys (ConfUtils.java:logGet(46)) - raft.server.log.segment.size.max = 1048576 (custom)
2022-12-19 18:38:47,051 [pool-71-thread-1] INFO  server.RaftServerConfigKeys (ConfUtils.java:logGet(46)) - raft.server.log.segment.cache.num.max = 2 (custom)
2022-12-19 18:38:47,051 [pool-71-thread-1] INFO  server.RaftServerConfigKeys (ConfUtils.java:logGet(46)) - raft.server.log.segment.cache.size.max = 200MB (=209715200) (default)
2022-12-19 18:38:47,051 [pool-71-thread-1] INFO  segmented.SegmentedRaftLogWorker (SegmentedRaftLogWorker.java:<init>(189)) - new 89d730ca-c741-4fc9-afaf-179ceaf5b2b4@group-4986116CB204-SegmentedRaftLogWorker for RaftStorageImpl:Storage Directory /home/runner/work/ozone/ozone/hadoop-ozone/integration-test/target/test-dir/MiniOzoneClusterImpl-11542299-c030-49ce-a1ef-33f98f34fc6c/datanode-0/data/ratis/ed9ae400-fd30-4244-abde-4986116cb204
2022-12-19 18:38:47,051 [pool-71-thread-1] INFO  server.RaftServerConfigKeys (ConfUtils.java:logGet(46)) - raft.server.log.queue.byte-limit = 4294967296 (custom)
2022-12-19 18:38:47,051 [pool-71-thread-1] INFO  server.RaftServerConfigKeys (ConfUtils.java:logGet(46)) - raft.server.log.queue.element-limit = 1024 (custom)
2022-12-19 18:38:47,052 [pool-71-thread-1] INFO  server.RaftServerConfigKeys (ConfUtils.java:logGet(46)) - raft.server.log.segment.size.max = 1048576 (custom)
2022-12-19 18:38:47,052 [pool-71-thread-1] INFO  server.RaftServerConfigKeys (ConfUtils.java:logGet(46)) - raft.server.log.preallocated.size = 16384 (custom)
2022-12-19 18:38:47,052 [pool-71-thread-1] INFO  server.RaftServerConfigKeys (ConfUtils.java:logGet(46)) - raft.server.log.force.sync.num = 128 (default)
2022-12-19 18:38:47,052 [pool-71-thread-1] INFO  server.RaftServerConfigKeys (ConfUtils.java:logGet(46)) - raft.server.log.statemachine.data.sync = true (default)
2022-12-19 18:38:47,052 [pool-71-thread-1] INFO  server.RaftServerConfigKeys (ConfUtils.java:logGet(46)) - raft.server.log.statemachine.data.sync.timeout = 10s (default)
2022-12-19 18:38:47,052 [pool-71-thread-1] INFO  server.RaftServerConfigKeys (ConfUtils.java:logGet(46)) - raft.server.log.statemachine.data.sync.timeout.retry = -1 (default)
2022-12-19 18:38:47,053 [pool-71-thread-1] INFO  server.RaftServerConfigKeys (ConfUtils.java:logGet(46)) - raft.server.log.write.buffer.size = 1048576 (custom)
2022-12-19 18:38:47,054 [pool-71-thread-1] INFO  server.RaftServerConfigKeys (ConfUtils.java:logGet(46)) - raft.server.log.appender.buffer.byte-limit = 33554432 (custom)
2022-12-19 18:38:47,057 [pool-71-thread-1] INFO  server.RaftServerConfigKeys (ConfUtils.java:logGet(46)) - raft.server.log.unsafe-flush.enabled = false (default)
2022-12-19 18:38:47,057 [pool-71-thread-1] INFO  server.RaftServerConfigKeys (ConfUtils.java:logGet(46)) - raft.server.log.async-flush.enabled = false (default)
2022-12-19 18:38:47,057 [pool-71-thread-1] INFO  server.RaftServerConfigKeys (ConfUtils.java:logGet(46)) - raft.server.log.statemachine.data.caching.enabled = true (custom)
2022-12-19 18:38:47,057 [pool-71-thread-1] INFO  segmented.SegmentedRaftLogWorker (SegmentedRaftLogWorker.java:lambda$new$0(135)) - 89d730ca-c741-4fc9-afaf-179ceaf5b2b4@group-4986116CB204-SegmentedRaftLogWorker: flushIndex: setUnconditionally 0 -> -1
2022-12-19 18:38:47,057 [pool-71-thread-1] INFO  segmented.SegmentedRaftLogWorker (SegmentedRaftLogWorker.java:lambda$new$0(135)) - 89d730ca-c741-4fc9-afaf-179ceaf5b2b4@group-4986116CB204-SegmentedRaftLogWorker: safeCacheEvictIndex: setUnconditionally 0 -> -1
2022-12-19 18:38:47,057 [pool-71-thread-1] INFO  server.RaftServer$Division (RaftServerImpl.java:start(334)) - 89d730ca-c741-4fc9-afaf-179ceaf5b2b4@group-4986116CB204: start as a follower, conf=-1: peers:[89d730ca-c741-4fc9-afaf-179ceaf5b2b4|rpc:10.1.0.24:40319|dataStream:10.1.0.24:35251|priority:1|startupRole:FOLLOWER]|listeners:[], old=null
2022-12-19 18:38:47,057 [pool-71-thread-1] INFO  server.RaftServer$Division (RaftServerImpl.java:setRole(321)) - 89d730ca-c741-4fc9-afaf-179ceaf5b2b4@group-4986116CB204: changes role from      null to FOLLOWER at term 0 for startAsFollower
2022-12-19 18:38:47,057 [pool-71-thread-1] INFO  impl.RoleInfo (RoleInfo.java:updateAndGet(139)) - 89d730ca-c741-4fc9-afaf-179ceaf5b2b4: start 89d730ca-c741-4fc9-afaf-179ceaf5b2b4@group-4986116CB204-FollowerState
2022-12-19 18:38:47,064 [pool-71-thread-1] INFO  util.JmxRegister (JmxRegister.java:tryRegister(44)) - Successfully registered JMX Bean with object name Ratis:service=RaftServer,group=group-4986116CB204,id=89d730ca-c741-4fc9-afaf-179ceaf5b2b4
2022-12-19 18:38:47,064 [pool-71-thread-1] INFO  server.RaftServerConfigKeys (ConfUtils.java:logGet(46)) - raft.server.snapshot.auto.trigger.enabled = true (custom)
2022-12-19 18:38:47,064 [pool-71-thread-1] INFO  server.RaftServerConfigKeys (ConfUtils.java:logGet(46)) - raft.server.snapshot.auto.trigger.threshold = 10000 (custom)
2022-12-19 18:38:47,064 [pool-71-thread-1] INFO  server.RaftServerConfigKeys (ConfUtils.java:logGet(46)) - raft.server.snapshot.retention.file.num = 5 (custom)
2022-12-19 18:38:47,064 [pool-71-thread-1] INFO  server.RaftServerConfigKeys (ConfUtils.java:logGet(46)) - raft.server.log.purge.upto.snapshot.index = false (default)
2022-12-19 18:38:47,064 [89d730ca-c741-4fc9-afaf-179ceaf5b2b4@group-4986116CB204-FollowerState] INFO  server.RaftServerConfigKeys (ConfUtils.java:logFallback(53)) - raft.server.rpc.first-election.timeout.min = 5s (fallback to raft.server.rpc.timeout.min)
2022-12-19 18:38:47,066 [89d730ca-c741-4fc9-afaf-179ceaf5b2b4@group-4986116CB204-FollowerState] INFO  server.RaftServerConfigKeys (ConfUtils.java:logFallback(53)) - raft.server.rpc.first-election.timeout.max = 5200ms (fallback to raft.server.rpc.timeout.max)
2022-12-19 18:38:47,076 [EventQueue-CommandQueueReportForCommandQueueReportHandler] WARN  events.EventQueue (EventQueue.java:fireEvent(216)) - No event handler registered for event TypedEvent{payloadType=DatanodeDetails, name='Datanode_Command_Queue_Updated'}
2022-12-19 18:38:47,076 [EventQueue-PipelineReportForPipelineReportHandler] INFO  pipeline.PipelineManagerImpl (PipelineManagerImpl.java:openPipeline(367)) - Pipeline Pipeline[ Id: ed9ae400-fd30-4244-abde-4986116cb204, Nodes: 89d730ca-c741-4fc9-afaf-179ceaf5b2b4{ip: 10.1.0.24, host: fv-az353-760.tkyx2seitsuu3nmpmouz2httfb.bx.internal.cloudapp.net, ports: [REPLICATION=33149, RATIS=40319, RATIS_ADMIN=40319, RATIS_SERVER=40319, RATIS_DATASTREAM=35251, STANDALONE=46067], networkLocation: /default-rack, certSerialId: null, persistedOpState: IN_SERVICE, persistedOpStateExpiryEpochSec: 0}, ReplicationConfig: RATIS/ONE, State:ALLOCATED, leaderId:89d730ca-c741-4fc9-afaf-179ceaf5b2b4, CreationTimestamp2022-12-19T18:38:44.035Z[Etc/UTC]] moved to OPEN state
2022-12-19 18:38:47,078 [Command processor thread] INFO  ratis.XceiverServerRatis (XceiverServerRatis.java:addGroup(806)) - Created group PipelineID=ed9ae400-fd30-4244-abde-4986116cb204
2022-12-19 18:38:47,078 [Command processor thread] INFO  commandhandler.CreatePipelineCommandHandler (CreatePipelineCommandHandler.java:handle(113)) - Created Pipeline RATIS ONE PipelineID=ed9ae400-fd30-4244-abde-4986116cb204.
2022-12-19 18:38:47,079 [EventQueue-OpenPipelineForHealthyPipelineSafeModeRule] INFO  safemode.SCMSafeModeManager (HealthyPipelineSafeModeRule.java:process(137)) - SCM in safe mode. Healthy pipelines reported count is 0, required healthy pipeline reported count is 1
2022-12-19 18:38:47,082 [Command processor thread] INFO  server.RaftServer (RaftServerProxy.java:addNew(96)) - 89d730ca-c741-4fc9-afaf-179ceaf5b2b4: addNew group-FEA4670F50BE:[89d730ca-c741-4fc9-afaf-179ceaf5b2b4|rpc:10.1.0.24:40319|dataStream:10.1.0.24:35251|priority:1|startupRole:FOLLOWER, 91d78431-6cd7-4796-a346-e9fe01a1de12|rpc:10.1.0.24:43619|dataStream:10.1.0.24:33445|priority:0|startupRole:FOLLOWER, 6ea35c1f-1714-407c-a38f-a2791a2eb8d3|rpc:10.1.0.24:34213|dataStream:10.1.0.24:36469|priority:0|startupRole:FOLLOWER] returns group-FEA4670F50BE:java.util.concurrent.CompletableFuture@6c0414a1[Not completed]
2022-12-19 18:38:47,083 [pool-71-thread-1] INFO  server.RaftServer$Division (RaftServerImpl.java:<init>(195)) - 89d730ca-c741-4fc9-afaf-179ceaf5b2b4: new RaftServerImpl for group-FEA4670F50BE:[89d730ca-c741-4fc9-afaf-179ceaf5b2b4|rpc:10.1.0.24:40319|dataStream:10.1.0.24:35251|priority:1|startupRole:FOLLOWER, 91d78431-6cd7-4796-a346-e9fe01a1de12|rpc:10.1.0.24:43619|dataStream:10.1.0.24:33445|priority:0|startupRole:FOLLOWER, 6ea35c1f-1714-407c-a38f-a2791a2eb8d3|rpc:10.1.0.24:34213|dataStream:10.1.0.24:36469|priority:0|startupRole:FOLLOWER] with ContainerStateMachine:uninitialized
2022-12-19 18:38:47,083 [pool-71-thread-1] INFO  server.RaftServerConfigKeys (ConfUtils.java:logGet(46)) - raft.server.rpc.timeout.min = 5s (custom)
2022-12-19 18:38:47,083 [pool-71-thread-1] INFO  server.RaftServerConfigKeys (ConfUtils.java:logGet(46)) - raft.server.rpc.timeout.max = 5200ms (custom)
2022-12-19 18:38:47,083 [pool-71-thread-1] INFO  server.RaftServerConfigKeys (ConfUtils.java:logGet(46)) - raft.server.rpc.sleep.time = 25ms (default)
2022-12-19 18:38:47,083 [pool-71-thread-1] INFO  server.RaftServerConfigKeys (ConfUtils.java:logGet(46)) - raft.server.rpc.slowness.timeout = 300s (custom)
2022-12-19 18:38:47,083 [pool-71-thread-1] INFO  server.RaftServerConfigKeys (ConfUtils.java:logGet(46)) - raft.server.leaderelection.leader.step-down.wait-time = 10s (default)
2022-12-19 18:38:47,083 [pool-71-thread-1] INFO  server.RaftServerConfigKeys (ConfUtils.java:logGet(46)) - raft.server.sleep.deviation.threshold = 300ms (default)
2022-12-19 18:38:47,083 [pool-71-thread-1] INFO  server.RaftServer$Division (ServerState.java:<init>(118)) - 89d730ca-c741-4fc9-afaf-179ceaf5b2b4@group-FEA4670F50BE: ConfigurationManager, init=-1: peers:[89d730ca-c741-4fc9-afaf-179ceaf5b2b4|rpc:10.1.0.24:40319|dataStream:10.1.0.24:35251|priority:1|startupRole:FOLLOWER, 91d78431-6cd7-4796-a346-e9fe01a1de12|rpc:10.1.0.24:43619|dataStream:10.1.0.24:33445|priority:0|startupRole:FOLLOWER, 6ea35c1f-1714-407c-a38f-a2791a2eb8d3|rpc:10.1.0.24:34213|dataStream:10.1.0.24:36469|priority:0|startupRole:FOLLOWER]|listeners:[], old=null, confs=<EMPTY_MAP>
2022-12-19 18:38:47,084 [pool-71-thread-1] INFO  server.RaftServerConfigKeys (ConfUtils.java:logGet(46)) - raft.server.storage.dir = [/home/runner/work/ozone/ozone/hadoop-ozone/integration-test/target/test-dir/MiniOzoneClusterImpl-11542299-c030-49ce-a1ef-33f98f34fc6c/datanode-0/data/ratis] (custom)
2022-12-19 18:38:47,084 [pool-71-thread-1] INFO  server.RaftServerConfigKeys (ConfUtils.java:logGet(46)) - raft.server.log.corruption.policy = EXCEPTION (default)
2022-12-19 18:38:47,084 [pool-71-thread-1] INFO  server.RaftServerConfigKeys (ConfUtils.java:logGet(46)) - raft.server.storage.free-space.min = 0MB (=0) (default)
2022-12-19 18:38:47,084 [pool-71-thread-1] INFO  server.RaftServerConfigKeys (ConfUtils.java:logGet(46)) - raft.server.notification.no-leader.timeout = 300s (custom)
2022-12-19 18:38:47,084 [pool-71-thread-1] INFO  server.RaftServerConfigKeys (ConfUtils.java:logGet(46)) - raft.server.retrycache.expirytime = 600000ms (custom)
2022-12-19 18:38:47,084 [pool-71-thread-1] INFO  server.RaftServerConfigKeys (ConfUtils.java:logGet(46)) - raft.server.retrycache.statistics.expirytime = 100μs (default)
2022-12-19 18:38:47,086 [pool-71-thread-1] INFO  server.RaftServerConfigKeys (ConfUtils.java:logGet(46)) - raft.server.log.appender.install.snapshot.enabled = false (custom)
2022-12-19 18:38:47,086 [pool-71-thread-1] INFO  server.RaftServerConfigKeys (ConfUtils.java:logGet(46)) - raft.server.threadpool.server.cached = true (default)
2022-12-19 18:38:47,086 [pool-71-thread-1] INFO  server.RaftServerConfigKeys (ConfUtils.java:logGet(46)) - raft.server.threadpool.server.size = 0 (default)
2022-12-19 18:38:47,086 [pool-71-thread-1] INFO  server.RaftServerConfigKeys (ConfUtils.java:logGet(46)) - raft.server.threadpool.client.cached = true (default)
2022-12-19 18:38:47,086 [pool-71-thread-1] INFO  server.RaftServerConfigKeys (ConfUtils.java:logGet(46)) - raft.server.threadpool.client.size = 0 (default)
2022-12-19 18:38:47,086 [pool-71-thread-1] INFO  storage.RaftStorageDirectory (RaftStorageDirectoryImpl.java:analyzeStorage(137)) - The storage directory /home/runner/work/ozone/ozone/hadoop-ozone/integration-test/target/test-dir/MiniOzoneClusterImpl-11542299-c030-49ce-a1ef-33f98f34fc6c/datanode-0/data/ratis/cf0d6ba1-a770-43ee-a51c-fea4670f50be does not exist. Creating ...
2022-12-19 18:38:47,087 [pool-71-thread-1] INFO  storage.RaftStorageDirectory (RaftStorageDirectoryImpl.java:tryLock(231)) - Lock on /home/runner/work/ozone/ozone/hadoop-ozone/integration-test/target/test-dir/MiniOzoneClusterImpl-11542299-c030-49ce-a1ef-33f98f34fc6c/datanode-0/data/ratis/cf0d6ba1-a770-43ee-a51c-fea4670f50be/in_use.lock acquired by nodename 10449@fv-az353-760
2022-12-19 18:38:47,089 [pool-71-thread-1] INFO  storage.RaftStorage (RaftStorageImpl.java:format(96)) - Storage directory /home/runner/work/ozone/ozone/hadoop-ozone/integration-test/target/test-dir/MiniOzoneClusterImpl-11542299-c030-49ce-a1ef-33f98f34fc6c/datanode-0/data/ratis/cf0d6ba1-a770-43ee-a51c-fea4670f50be has been successfully formatted.
2022-12-19 18:38:47,089 [pool-71-thread-1] INFO  ratis.ContainerStateMachine (ContainerStateMachine.java:loadSnapshot(240)) - group-FEA4670F50BE: The snapshot info is null. Setting the last applied indexto:(t:0, i:~)
2022-12-19 18:38:47,089 [pool-71-thread-1] INFO  server.RaftServerConfigKeys (ConfUtils.java:logGet(46)) - raft.server.log.use.memory = false (default)
2022-12-19 18:38:47,089 [pool-71-thread-1] INFO  server.RaftServerConfigKeys (ConfUtils.java:logGet(46)) - raft.server.log.purge.gap = 1000000 (custom)
2022-12-19 18:38:47,090 [pool-71-thread-1] INFO  server.RaftServerConfigKeys (ConfUtils.java:logGet(46)) - raft.server.log.appender.buffer.byte-limit = 33554432 (custom)
2022-12-19 18:38:47,090 [pool-71-thread-1] INFO  server.RaftServerConfigKeys (ConfUtils.java:logGet(46)) - raft.server.log.statemachine.data.read.timeout = 1000ms (default)
2022-12-19 18:38:47,090 [pool-71-thread-1] INFO  server.RaftServerConfigKeys (ConfUtils.java:logGet(46)) - raft.server.log.purge.preservation.log.num = 0 (default)
2022-12-19 18:38:47,090 [pool-71-thread-1] INFO  server.RaftServerConfigKeys (ConfUtils.java:logGet(46)) - raft.server.log.segment.size.max = 1048576 (custom)
2022-12-19 18:38:47,091 [EventQueue-CommandQueueReportForCommandQueueReportHandler] WARN  events.EventQueue (EventQueue.java:fireEvent(216)) - No event handler registered for event TypedEvent{payloadType=DatanodeDetails, name='Datanode_Command_Queue_Updated'}
2022-12-19 18:38:47,093 [EventQueue-OpenPipelineForHealthyPipelineSafeModeRule] INFO  safemode.SCMSafeModeManager (HealthyPipelineSafeModeRule.java:process(137)) - SCM in safe mode. Healthy pipelines reported count is 0, required healthy pipeline reported count is 1
2022-12-19 18:38:47,093 [pool-71-thread-1] INFO  server.RaftServerConfigKeys (ConfUtils.java:logGet(46)) - raft.server.log.segment.cache.num.max = 2 (custom)
2022-12-19 18:38:47,093 [pool-71-thread-1] INFO  server.RaftServerConfigKeys (ConfUtils.java:logGet(46)) - raft.server.log.segment.cache.size.max = 200MB (=209715200) (default)
2022-12-19 18:38:47,093 [pool-71-thread-1] INFO  segmented.SegmentedRaftLogWorker (SegmentedRaftLogWorker.java:<init>(189)) - new 89d730ca-c741-4fc9-afaf-179ceaf5b2b4@group-FEA4670F50BE-SegmentedRaftLogWorker for RaftStorageImpl:Storage Directory /home/runner/work/ozone/ozone/hadoop-ozone/integration-test/target/test-dir/MiniOzoneClusterImpl-11542299-c030-49ce-a1ef-33f98f34fc6c/datanode-0/data/ratis/cf0d6ba1-a770-43ee-a51c-fea4670f50be
2022-12-19 18:38:47,093 [pool-71-thread-1] INFO  server.RaftServerConfigKeys (ConfUtils.java:logGet(46)) - raft.server.log.queue.byte-limit = 4294967296 (custom)
2022-12-19 18:38:47,093 [pool-71-thread-1] INFO  server.RaftServerConfigKeys (ConfUtils.java:logGet(46)) - raft.server.log.queue.element-limit = 1024 (custom)
2022-12-19 18:38:47,094 [pool-71-thread-1] INFO  server.RaftServerConfigKeys (ConfUtils.java:logGet(46)) - raft.server.log.segment.size.max = 1048576 (custom)
2022-12-19 18:38:47,094 [pool-71-thread-1] INFO  server.RaftServerConfigKeys (ConfUtils.java:logGet(46)) - raft.server.log.preallocated.size = 16384 (custom)
2022-12-19 18:38:47,094 [pool-71-thread-1] INFO  server.RaftServerConfigKeys (ConfUtils.java:logGet(46)) - raft.server.log.force.sync.num = 128 (default)
2022-12-19 18:38:47,094 [pool-71-thread-1] INFO  server.RaftServerConfigKeys (ConfUtils.java:logGet(46)) - raft.server.log.statemachine.data.sync = true (default)
2022-12-19 18:38:47,094 [pool-71-thread-1] INFO  server.RaftServerConfigKeys (ConfUtils.java:logGet(46)) - raft.server.log.statemachine.data.sync.timeout = 10s (default)
2022-12-19 18:38:47,094 [pool-71-thread-1] INFO  server.RaftServerConfigKeys (ConfUtils.java:logGet(46)) - raft.server.log.statemachine.data.sync.timeout.retry = -1 (default)
2022-12-19 18:38:47,095 [pool-71-thread-1] INFO  server.RaftServerConfigKeys (ConfUtils.java:logGet(46)) - raft.server.log.write.buffer.size = 1048576 (custom)
2022-12-19 18:38:47,095 [pool-71-thread-1] INFO  server.RaftServerConfigKeys (ConfUtils.java:logGet(46)) - raft.server.log.appender.buffer.byte-limit = 33554432 (custom)
2022-12-19 18:38:47,098 [pool-71-thread-1] INFO  server.RaftServerConfigKeys (ConfUtils.java:logGet(46)) - raft.server.log.unsafe-flush.enabled = false (default)
2022-12-19 18:38:47,098 [pool-71-thread-1] INFO  server.RaftServerConfigKeys (ConfUtils.java:logGet(46)) - raft.server.log.async-flush.enabled = false (default)
2022-12-19 18:38:47,098 [pool-71-thread-1] INFO  server.RaftServerConfigKeys (ConfUtils.java:logGet(46)) - raft.server.log.statemachine.data.caching.enabled = true (custom)
2022-12-19 18:38:47,098 [pool-71-thread-1] INFO  segmented.SegmentedRaftLogWorker (SegmentedRaftLogWorker.java:lambda$new$0(135)) - 89d730ca-c741-4fc9-afaf-179ceaf5b2b4@group-FEA4670F50BE-SegmentedRaftLogWorker: flushIndex: setUnconditionally 0 -> -1
2022-12-19 18:38:47,098 [pool-71-thread-1] INFO  segmented.SegmentedRaftLogWorker (SegmentedRaftLogWorker.java:lambda$new$0(135)) - 89d730ca-c741-4fc9-afaf-179ceaf5b2b4@group-FEA4670F50BE-SegmentedRaftLogWorker: safeCacheEvictIndex: setUnconditionally 0 -> -1
2022-12-19 18:38:47,103 [pool-71-thread-1] INFO  server.RaftServer$Division (RaftServerImpl.java:start(334)) - 89d730ca-c741-4fc9-afaf-179ceaf5b2b4@group-FEA4670F50BE: start as a follower, conf=-1: peers:[89d730ca-c741-4fc9-afaf-179ceaf5b2b4|rpc:10.1.0.24:40319|dataStream:10.1.0.24:35251|priority:1|startupRole:FOLLOWER, 91d78431-6cd7-4796-a346-e9fe01a1de12|rpc:10.1.0.24:43619|dataStream:10.1.0.24:33445|priority:0|startupRole:FOLLOWER, 6ea35c1f-1714-407c-a38f-a2791a2eb8d3|rpc:10.1.0.24:34213|dataStream:10.1.0.24:36469|priority:0|startupRole:FOLLOWER]|listeners:[], old=null
2022-12-19 18:38:47,103 [pool-71-thread-1] INFO  server.RaftServer$Division (RaftServerImpl.java:setRole(321)) - 89d730ca-c741-4fc9-afaf-179ceaf5b2b4@group-FEA4670F50BE: changes role from      null to FOLLOWER at term 0 for startAsFollower
2022-12-19 18:38:47,103 [pool-71-thread-1] INFO  impl.RoleInfo (RoleInfo.java:updateAndGet(139)) - 89d730ca-c741-4fc9-afaf-179ceaf5b2b4: start 89d730ca-c741-4fc9-afaf-179ceaf5b2b4@group-FEA4670F50BE-FollowerState
2022-12-19 18:38:47,107 [pool-71-thread-1] INFO  util.JmxRegister (JmxRegister.java:tryRegister(44)) - Successfully registered JMX Bean with object name Ratis:service=RaftServer,group=group-FEA4670F50BE,id=89d730ca-c741-4fc9-afaf-179ceaf5b2b4
2022-12-19 18:38:47,107 [pool-71-thread-1] INFO  server.RaftServerConfigKeys (ConfUtils.java:logGet(46)) - raft.server.snapshot.auto.trigger.enabled = true (custom)
2022-12-19 18:38:47,107 [pool-71-thread-1] INFO  server.RaftServerConfigKeys (ConfUtils.java:logGet(46)) - raft.server.snapshot.auto.trigger.threshold = 10000 (custom)
2022-12-19 18:38:47,108 [pool-71-thread-1] INFO  server.RaftServerConfigKeys (ConfUtils.java:logGet(46)) - raft.server.snapshot.retention.file.num = 5 (custom)
2022-12-19 18:38:47,108 [pool-71-thread-1] INFO  server.RaftServerConfigKeys (ConfUtils.java:logGet(46)) - raft.server.log.purge.upto.snapshot.index = false (default)
2022-12-19 18:38:47,108 [89d730ca-c741-4fc9-afaf-179ceaf5b2b4@group-FEA4670F50BE-FollowerState] INFO  server.RaftServerConfigKeys (ConfUtils.java:logFallback(53)) - raft.server.rpc.first-election.timeout.min = 5s (fallback to raft.server.rpc.timeout.min)
2022-12-19 18:38:47,109 [89d730ca-c741-4fc9-afaf-179ceaf5b2b4@group-FEA4670F50BE-FollowerState] INFO  server.RaftServerConfigKeys (ConfUtils.java:logFallback(53)) - raft.server.rpc.first-election.timeout.max = 5200ms (fallback to raft.server.rpc.timeout.max)
2022-12-19 18:38:47,114 [Command processor thread] INFO  ratis.XceiverServerRatis (XceiverServerRatis.java:addGroup(806)) - Created group PipelineID=cf0d6ba1-a770-43ee-a51c-fea4670f50be
2022-12-19 18:38:47,230 [EventQueue-CommandQueueReportForCommandQueueReportHandler] WARN  events.EventQueue (EventQueue.java:fireEvent(216)) - No event handler registered for event TypedEvent{payloadType=DatanodeDetails, name='Datanode_Command_Queue_Updated'}
2022-12-19 18:38:47,551 [JvmPauseMonitor6] WARN  util.JvmPauseMonitor (JvmPauseMonitor.java:detectPause(126)) - JvmPauseMonitor-577e0dac-7593-4640-b9aa-fa89f15259b7: Detected pause in JVM or host machine (eg GC): pause of approximately 106811595ns.
GC pool 'PS MarkSweep' had collection(s): count=1 time=105ms
GC pool 'PS Scavenge' had collection(s): count=1 time=26ms
2022-12-19 18:38:47,552 [JvmPauseMonitor3] WARN  util.JvmPauseMonitor (JvmPauseMonitor.java:detectPause(126)) - JvmPauseMonitor-6ea35c1f-1714-407c-a38f-a2791a2eb8d3: Detected pause in JVM or host machine (eg GC): pause of approximately 107921722ns.
GC pool 'PS MarkSweep' had collection(s): count=1 time=105ms
GC pool 'PS Scavenge' had collection(s): count=1 time=26ms
2022-12-19 18:38:47,553 [Command processor thread] INFO  server.RaftServer (RaftServerProxy.java:addNew(96)) - 91d78431-6cd7-4796-a346-e9fe01a1de12: addNew group-993D79B04317:[91d78431-6cd7-4796-a346-e9fe01a1de12|rpc:10.1.0.24:43619|dataStream:10.1.0.24:33445|priority:1|startupRole:FOLLOWER] returns group-993D79B04317:java.util.concurrent.CompletableFuture@714e3943[Not completed]
2022-12-19 18:38:47,555 [pool-94-thread-1] INFO  server.RaftServer$Division (RaftServerImpl.java:<init>(195)) - 91d78431-6cd7-4796-a346-e9fe01a1de12: new RaftServerImpl for group-993D79B04317:[91d78431-6cd7-4796-a346-e9fe01a1de12|rpc:10.1.0.24:43619|dataStream:10.1.0.24:33445|priority:1|startupRole:FOLLOWER] with ContainerStateMachine:uninitialized
2022-12-19 18:38:47,566 [pool-94-thread-1] INFO  server.RaftServerConfigKeys (ConfUtils.java:logGet(46)) - raft.server.rpc.timeout.min = 5s (custom)
2022-12-19 18:38:47,566 [pool-94-thread-1] INFO  server.RaftServerConfigKeys (ConfUtils.java:logGet(46)) - raft.server.rpc.timeout.max = 5200ms (custom)
2022-12-19 18:38:47,566 [pool-94-thread-1] INFO  server.RaftServerConfigKeys (ConfUtils.java:logGet(46)) - raft.server.rpc.sleep.time = 25ms (default)
2022-12-19 18:38:47,566 [pool-94-thread-1] INFO  server.RaftServerConfigKeys (ConfUtils.java:logGet(46)) - raft.server.rpc.slowness.timeout = 300s (custom)
2022-12-19 18:38:47,566 [pool-94-thread-1] INFO  server.RaftServerConfigKeys (ConfUtils.java:logGet(46)) - raft.server.leaderelection.leader.step-down.wait-time = 10s (default)
2022-12-19 18:38:47,566 [pool-94-thread-1] INFO  server.RaftServerConfigKeys (ConfUtils.java:logGet(46)) - raft.server.sleep.deviation.threshold = 300ms (default)
2022-12-19 18:38:47,566 [pool-94-thread-1] INFO  server.RaftServer$Division (ServerState.java:<init>(118)) - 91d78431-6cd7-4796-a346-e9fe01a1de12@group-993D79B04317: ConfigurationManager, init=-1: peers:[91d78431-6cd7-4796-a346-e9fe01a1de12|rpc:10.1.0.24:43619|dataStream:10.1.0.24:33445|priority:1|startupRole:FOLLOWER]|listeners:[], old=null, confs=<EMPTY_MAP>
2022-12-19 18:38:47,566 [pool-94-thread-1] INFO  server.RaftServerConfigKeys (ConfUtils.java:logGet(46)) - raft.server.storage.dir = [/home/runner/work/ozone/ozone/hadoop-ozone/integration-test/target/test-dir/MiniOzoneClusterImpl-11542299-c030-49ce-a1ef-33f98f34fc6c/datanode-1/data/ratis] (custom)
2022-12-19 18:38:47,567 [pool-94-thread-1] INFO  server.RaftServerConfigKeys (ConfUtils.java:logGet(46)) - raft.server.log.corruption.policy = EXCEPTION (default)
2022-12-19 18:38:47,567 [pool-94-thread-1] INFO  server.RaftServerConfigKeys (ConfUtils.java:logGet(46)) - raft.server.storage.free-space.min = 0MB (=0) (default)
2022-12-19 18:38:47,567 [pool-94-thread-1] INFO  server.RaftServerConfigKeys (ConfUtils.java:logGet(46)) - raft.server.notification.no-leader.timeout = 300s (custom)
2022-12-19 18:38:47,567 [pool-94-thread-1] INFO  server.RaftServerConfigKeys (ConfUtils.java:logGet(46)) - raft.server.retrycache.expirytime = 600000ms (custom)
2022-12-19 18:38:47,567 [pool-94-thread-1] INFO  server.RaftServerConfigKeys (ConfUtils.java:logGet(46)) - raft.server.retrycache.statistics.expirytime = 100μs (default)
2022-12-19 18:38:47,578 [pool-94-thread-1] INFO  server.RaftServerConfigKeys (ConfUtils.java:logGet(46)) - raft.server.log.appender.install.snapshot.enabled = false (custom)
2022-12-19 18:38:47,578 [pool-94-thread-1] INFO  server.RaftServerConfigKeys (ConfUtils.java:logGet(46)) - raft.server.threadpool.server.cached = true (default)
2022-12-19 18:38:47,578 [pool-94-thread-1] INFO  server.RaftServerConfigKeys (ConfUtils.java:logGet(46)) - raft.server.threadpool.server.size = 0 (default)
2022-12-19 18:38:47,578 [pool-94-thread-1] INFO  server.RaftServerConfigKeys (ConfUtils.java:logGet(46)) - raft.server.threadpool.client.cached = true (default)
2022-12-19 18:38:47,578 [pool-94-thread-1] INFO  server.RaftServerConfigKeys (ConfUtils.java:logGet(46)) - raft.server.threadpool.client.size = 0 (default)
2022-12-19 18:38:47,578 [pool-94-thread-1] INFO  storage.RaftStorageDirectory (RaftStorageDirectoryImpl.java:analyzeStorage(137)) - The storage directory /home/runner/work/ozone/ozone/hadoop-ozone/integration-test/target/test-dir/MiniOzoneClusterImpl-11542299-c030-49ce-a1ef-33f98f34fc6c/datanode-1/data/ratis/30ac4af6-4368-4b38-8f7a-993d79b04317 does not exist. Creating ...
2022-12-19 18:38:47,581 [EventQueue-CommandQueueReportForCommandQueueReportHandler] WARN  events.EventQueue (EventQueue.java:fireEvent(216)) - No event handler registered for event TypedEvent{payloadType=DatanodeDetails, name='Datanode_Command_Queue_Updated'}
2022-12-19 18:38:47,587 [pool-94-thread-1] INFO  storage.RaftStorageDirectory (RaftStorageDirectoryImpl.java:tryLock(231)) - Lock on /home/runner/work/ozone/ozone/hadoop-ozone/integration-test/target/test-dir/MiniOzoneClusterImpl-11542299-c030-49ce-a1ef-33f98f34fc6c/datanode-1/data/ratis/30ac4af6-4368-4b38-8f7a-993d79b04317/in_use.lock acquired by nodename 10449@fv-az353-760
2022-12-19 18:38:47,589 [pool-94-thread-1] INFO  storage.RaftStorage (RaftStorageImpl.java:format(96)) - Storage directory /home/runner/work/ozone/ozone/hadoop-ozone/integration-test/target/test-dir/MiniOzoneClusterImpl-11542299-c030-49ce-a1ef-33f98f34fc6c/datanode-1/data/ratis/30ac4af6-4368-4b38-8f7a-993d79b04317 has been successfully formatted.
2022-12-19 18:38:47,593 [pool-94-thread-1] INFO  ratis.ContainerStateMachine (ContainerStateMachine.java:loadSnapshot(240)) - group-993D79B04317: The snapshot info is null. Setting the last applied indexto:(t:0, i:~)
2022-12-19 18:38:47,593 [pool-94-thread-1] INFO  server.RaftServerConfigKeys (ConfUtils.java:logGet(46)) - raft.server.log.use.memory = false (default)
2022-12-19 18:38:47,593 [pool-94-thread-1] INFO  server.RaftServerConfigKeys (ConfUtils.java:logGet(46)) - raft.server.log.purge.gap = 1000000 (custom)
2022-12-19 18:38:47,594 [pool-94-thread-1] INFO  server.RaftServerConfigKeys (ConfUtils.java:logGet(46)) - raft.server.log.appender.buffer.byte-limit = 33554432 (custom)
2022-12-19 18:38:47,594 [pool-94-thread-1] INFO  server.RaftServerConfigKeys (ConfUtils.java:logGet(46)) - raft.server.log.statemachine.data.read.timeout = 1000ms (default)
2022-12-19 18:38:47,594 [pool-94-thread-1] INFO  server.RaftServerConfigKeys (ConfUtils.java:logGet(46)) - raft.server.log.purge.preservation.log.num = 0 (default)
2022-12-19 18:38:47,594 [EventQueue-CommandQueueReportForCommandQueueReportHandler] WARN  events.EventQueue (EventQueue.java:fireEvent(216)) - No event handler registered for event TypedEvent{payloadType=DatanodeDetails, name='Datanode_Command_Queue_Updated'}
2022-12-19 18:38:47,594 [pool-94-thread-1] INFO  server.RaftServerConfigKeys (ConfUtils.java:logGet(46)) - raft.server.log.segment.size.max = 1048576 (custom)
2022-12-19 18:38:47,594 [EventQueue-PipelineReportForPipelineReportHandler] INFO  pipeline.PipelineManagerImpl (PipelineManagerImpl.java:openPipeline(367)) - Pipeline Pipeline[ Id: 30ac4af6-4368-4b38-8f7a-993d79b04317, Nodes: 91d78431-6cd7-4796-a346-e9fe01a1de12{ip: 10.1.0.24, host: fv-az353-760.tkyx2seitsuu3nmpmouz2httfb.bx.internal.cloudapp.net, ports: [REPLICATION=36335, RATIS=43619, RATIS_ADMIN=43619, RATIS_SERVER=43619, RATIS_DATASTREAM=33445, STANDALONE=36883], networkLocation: /default-rack, certSerialId: null, persistedOpState: IN_SERVICE, persistedOpStateExpiryEpochSec: 0}, ReplicationConfig: RATIS/ONE, State:ALLOCATED, leaderId:91d78431-6cd7-4796-a346-e9fe01a1de12, CreationTimestamp2022-12-19T18:38:44.481Z[Etc/UTC]] moved to OPEN state
2022-12-19 18:38:47,595 [pool-94-thread-1] INFO  server.RaftServerConfigKeys (ConfUtils.java:logGet(46)) - raft.server.log.segment.cache.num.max = 2 (custom)
2022-12-19 18:38:47,595 [pool-94-thread-1] INFO  server.RaftServerConfigKeys (ConfUtils.java:logGet(46)) - raft.server.log.segment.cache.size.max = 200MB (=209715200) (default)
2022-12-19 18:38:47,595 [pool-94-thread-1] INFO  segmented.SegmentedRaftLogWorker (SegmentedRaftLogWorker.java:<init>(189)) - new 91d78431-6cd7-4796-a346-e9fe01a1de12@group-993D79B04317-SegmentedRaftLogWorker for RaftStorageImpl:Storage Directory /home/runner/work/ozone/ozone/hadoop-ozone/integration-test/target/test-dir/MiniOzoneClusterImpl-11542299-c030-49ce-a1ef-33f98f34fc6c/datanode-1/data/ratis/30ac4af6-4368-4b38-8f7a-993d79b04317
2022-12-19 18:38:47,595 [EventQueue-OpenPipelineForHealthyPipelineSafeModeRule] INFO  safemode.SCMSafeModeManager (HealthyPipelineSafeModeRule.java:process(137)) - SCM in safe mode. Healthy pipelines reported count is 0, required healthy pipeline reported count is 1
2022-12-19 18:38:47,595 [pool-94-thread-1] INFO  server.RaftServerConfigKeys (ConfUtils.java:logGet(46)) - raft.server.log.queue.byte-limit = 4294967296 (custom)
2022-12-19 18:38:47,598 [pool-94-thread-1] INFO  server.RaftServerConfigKeys (ConfUtils.java:logGet(46)) - raft.server.log.queue.element-limit = 1024 (custom)
2022-12-19 18:38:47,598 [pool-94-thread-1] INFO  server.RaftServerConfigKeys (ConfUtils.java:logGet(46)) - raft.server.log.segment.size.max = 1048576 (custom)
2022-12-19 18:38:47,598 [pool-94-thread-1] INFO  server.RaftServerConfigKeys (ConfUtils.java:logGet(46)) - raft.server.log.preallocated.size = 16384 (custom)
2022-12-19 18:38:47,598 [pool-94-thread-1] INFO  server.RaftServerConfigKeys (ConfUtils.java:logGet(46)) - raft.server.log.force.sync.num = 128 (default)
2022-12-19 18:38:47,598 [pool-94-thread-1] INFO  server.RaftServerConfigKeys (ConfUtils.java:logGet(46)) - raft.server.log.statemachine.data.sync = true (default)
2022-12-19 18:38:47,598 [pool-94-thread-1] INFO  server.RaftServerConfigKeys (ConfUtils.java:logGet(46)) - raft.server.log.statemachine.data.sync.timeout = 10s (default)
2022-12-19 18:38:47,598 [pool-94-thread-1] INFO  server.RaftServerConfigKeys (ConfUtils.java:logGet(46)) - raft.server.log.statemachine.data.sync.timeout.retry = -1 (default)
2022-12-19 18:38:47,599 [pool-94-thread-1] INFO  server.RaftServerConfigKeys (ConfUtils.java:logGet(46)) - raft.server.log.write.buffer.size = 1048576 (custom)
2022-12-19 18:38:47,600 [pool-94-thread-1] INFO  server.RaftServerConfigKeys (ConfUtils.java:logGet(46)) - raft.server.log.appender.buffer.byte-limit = 33554432 (custom)
2022-12-19 18:38:47,603 [pool-94-thread-1] INFO  server.RaftServerConfigKeys (ConfUtils.java:logGet(46)) - raft.server.log.unsafe-flush.enabled = false (default)
2022-12-19 18:38:47,603 [pool-94-thread-1] INFO  server.RaftServerConfigKeys (ConfUtils.java:logGet(46)) - raft.server.log.async-flush.enabled = false (default)
2022-12-19 18:38:47,603 [pool-94-thread-1] INFO  server.RaftServerConfigKeys (ConfUtils.java:logGet(46)) - raft.server.log.statemachine.data.caching.enabled = true (custom)
2022-12-19 18:38:47,603 [pool-94-thread-1] INFO  segmented.SegmentedRaftLogWorker (SegmentedRaftLogWorker.java:lambda$new$0(135)) - 91d78431-6cd7-4796-a346-e9fe01a1de12@group-993D79B04317-SegmentedRaftLogWorker: flushIndex: setUnconditionally 0 -> -1
2022-12-19 18:38:47,603 [pool-94-thread-1] INFO  segmented.SegmentedRaftLogWorker (SegmentedRaftLogWorker.java:lambda$new$0(135)) - 91d78431-6cd7-4796-a346-e9fe01a1de12@group-993D79B04317-SegmentedRaftLogWorker: safeCacheEvictIndex: setUnconditionally 0 -> -1
2022-12-19 18:38:47,603 [pool-94-thread-1] INFO  server.RaftServer$Division (RaftServerImpl.java:start(334)) - 91d78431-6cd7-4796-a346-e9fe01a1de12@group-993D79B04317: start as a follower, conf=-1: peers:[91d78431-6cd7-4796-a346-e9fe01a1de12|rpc:10.1.0.24:43619|dataStream:10.1.0.24:33445|priority:1|startupRole:FOLLOWER]|listeners:[], old=null
2022-12-19 18:38:47,603 [pool-94-thread-1] INFO  server.RaftServer$Division (RaftServerImpl.java:setRole(321)) - 91d78431-6cd7-4796-a346-e9fe01a1de12@group-993D79B04317: changes role from      null to FOLLOWER at term 0 for startAsFollower
2022-12-19 18:38:47,603 [pool-94-thread-1] INFO  impl.RoleInfo (RoleInfo.java:updateAndGet(139)) - 91d78431-6cd7-4796-a346-e9fe01a1de12: start 91d78431-6cd7-4796-a346-e9fe01a1de12@group-993D79B04317-FollowerState
2022-12-19 18:38:47,604 [91d78431-6cd7-4796-a346-e9fe01a1de12@group-993D79B04317-FollowerState] INFO  server.RaftServerConfigKeys (ConfUtils.java:logFallback(53)) - raft.server.rpc.first-election.timeout.min = 5s (fallback to raft.server.rpc.timeout.min)
2022-12-19 18:38:47,604 [91d78431-6cd7-4796-a346-e9fe01a1de12@group-993D79B04317-FollowerState] INFO  server.RaftServerConfigKeys (ConfUtils.java:logFallback(53)) - raft.server.rpc.first-election.timeout.max = 5200ms (fallback to raft.server.rpc.timeout.max)
2022-12-19 18:38:47,604 [pool-94-thread-1] INFO  util.JmxRegister (JmxRegister.java:tryRegister(44)) - Successfully registered JMX Bean with object name Ratis:service=RaftServer,group=group-993D79B04317,id=91d78431-6cd7-4796-a346-e9fe01a1de12
2022-12-19 18:38:47,606 [pool-94-thread-1] INFO  server.RaftServerConfigKeys (ConfUtils.java:logGet(46)) - raft.server.snapshot.auto.trigger.enabled = true (custom)
2022-12-19 18:38:47,606 [pool-94-thread-1] INFO  server.RaftServerConfigKeys (ConfUtils.java:logGet(46)) - raft.server.snapshot.auto.trigger.threshold = 10000 (custom)
2022-12-19 18:38:47,606 [pool-94-thread-1] INFO  server.RaftServerConfigKeys (ConfUtils.java:logGet(46)) - raft.server.snapshot.retention.file.num = 5 (custom)
2022-12-19 18:38:47,606 [pool-94-thread-1] INFO  server.RaftServerConfigKeys (ConfUtils.java:logGet(46)) - raft.server.log.purge.upto.snapshot.index = false (default)
2022-12-19 18:38:47,610 [Command processor thread] INFO  ratis.XceiverServerRatis (XceiverServerRatis.java:addGroup(806)) - Created group PipelineID=30ac4af6-4368-4b38-8f7a-993d79b04317
2022-12-19 18:38:47,610 [Command processor thread] INFO  commandhandler.CreatePipelineCommandHandler (CreatePipelineCommandHandler.java:handle(113)) - Created Pipeline RATIS ONE PipelineID=30ac4af6-4368-4b38-8f7a-993d79b04317.
2022-12-19 18:38:47,612 [Command processor thread] INFO  server.RaftServer (RaftServerProxy.java:addNew(96)) - 91d78431-6cd7-4796-a346-e9fe01a1de12: addNew group-FEA4670F50BE:[89d730ca-c741-4fc9-afaf-179ceaf5b2b4|rpc:10.1.0.24:40319|dataStream:10.1.0.24:35251|priority:1|startupRole:FOLLOWER, 91d78431-6cd7-4796-a346-e9fe01a1de12|rpc:10.1.0.24:43619|dataStream:10.1.0.24:33445|priority:0|startupRole:FOLLOWER, 6ea35c1f-1714-407c-a38f-a2791a2eb8d3|rpc:10.1.0.24:34213|dataStream:10.1.0.24:36469|priority:0|startupRole:FOLLOWER] returns group-FEA4670F50BE:java.util.concurrent.CompletableFuture@7571b3b2[Not completed]
2022-12-19 18:38:47,613 [pool-94-thread-1] INFO  server.RaftServer$Division (RaftServerImpl.java:<init>(195)) - 91d78431-6cd7-4796-a346-e9fe01a1de12: new RaftServerImpl for group-FEA4670F50BE:[89d730ca-c741-4fc9-afaf-179ceaf5b2b4|rpc:10.1.0.24:40319|dataStream:10.1.0.24:35251|priority:1|startupRole:FOLLOWER, 91d78431-6cd7-4796-a346-e9fe01a1de12|rpc:10.1.0.24:43619|dataStream:10.1.0.24:33445|priority:0|startupRole:FOLLOWER, 6ea35c1f-1714-407c-a38f-a2791a2eb8d3|rpc:10.1.0.24:34213|dataStream:10.1.0.24:36469|priority:0|startupRole:FOLLOWER] with ContainerStateMachine:uninitialized
2022-12-19 18:38:47,613 [pool-94-thread-1] INFO  server.RaftServerConfigKeys (ConfUtils.java:logGet(46)) - raft.server.rpc.timeout.min = 5s (custom)
2022-12-19 18:38:47,613 [pool-94-thread-1] INFO  server.RaftServerConfigKeys (ConfUtils.java:logGet(46)) - raft.server.rpc.timeout.max = 5200ms (custom)
2022-12-19 18:38:47,613 [pool-94-thread-1] INFO  server.RaftServerConfigKeys (ConfUtils.java:logGet(46)) - raft.server.rpc.sleep.time = 25ms (default)
2022-12-19 18:38:47,613 [pool-94-thread-1] INFO  server.RaftServerConfigKeys (ConfUtils.java:logGet(46)) - raft.server.rpc.slowness.timeout = 300s (custom)
2022-12-19 18:38:47,613 [pool-94-thread-1] INFO  server.RaftServerConfigKeys (ConfUtils.java:logGet(46)) - raft.server.leaderelection.leader.step-down.wait-time = 10s (default)
2022-12-19 18:38:47,613 [pool-94-thread-1] INFO  server.RaftServerConfigKeys (ConfUtils.java:logGet(46)) - raft.server.sleep.deviation.threshold = 300ms (default)
2022-12-19 18:38:47,613 [pool-94-thread-1] INFO  server.RaftServer$Division (ServerState.java:<init>(118)) - 91d78431-6cd7-4796-a346-e9fe01a1de12@group-FEA4670F50BE: ConfigurationManager, init=-1: peers:[89d730ca-c741-4fc9-afaf-179ceaf5b2b4|rpc:10.1.0.24:40319|dataStream:10.1.0.24:35251|priority:1|startupRole:FOLLOWER, 91d78431-6cd7-4796-a346-e9fe01a1de12|rpc:10.1.0.24:43619|dataStream:10.1.0.24:33445|priority:0|startupRole:FOLLOWER, 6ea35c1f-1714-407c-a38f-a2791a2eb8d3|rpc:10.1.0.24:34213|dataStream:10.1.0.24:36469|priority:0|startupRole:FOLLOWER]|listeners:[], old=null, confs=<EMPTY_MAP>
2022-12-19 18:38:47,613 [pool-94-thread-1] INFO  server.RaftServerConfigKeys (ConfUtils.java:logGet(46)) - raft.server.storage.dir = [/home/runner/work/ozone/ozone/hadoop-ozone/integration-test/target/test-dir/MiniOzoneClusterImpl-11542299-c030-49ce-a1ef-33f98f34fc6c/datanode-1/data/ratis] (custom)
2022-12-19 18:38:47,614 [pool-94-thread-1] INFO  server.RaftServerConfigKeys (ConfUtils.java:logGet(46)) - raft.server.log.corruption.policy = EXCEPTION (default)
2022-12-19 18:38:47,614 [pool-94-thread-1] INFO  server.RaftServerConfigKeys (ConfUtils.java:logGet(46)) - raft.server.storage.free-space.min = 0MB (=0) (default)
2022-12-19 18:38:47,614 [pool-94-thread-1] INFO  server.RaftServerConfigKeys (ConfUtils.java:logGet(46)) - raft.server.notification.no-leader.timeout = 300s (custom)
2022-12-19 18:38:47,614 [pool-94-thread-1] INFO  server.RaftServerConfigKeys (ConfUtils.java:logGet(46)) - raft.server.retrycache.expirytime = 600000ms (custom)
2022-12-19 18:38:47,614 [pool-94-thread-1] INFO  server.RaftServerConfigKeys (ConfUtils.java:logGet(46)) - raft.server.retrycache.statistics.expirytime = 100μs (default)
2022-12-19 18:38:47,615 [pool-94-thread-1] INFO  server.RaftServerConfigKeys (ConfUtils.java:logGet(46)) - raft.server.log.appender.install.snapshot.enabled = false (custom)
2022-12-19 18:38:47,616 [pool-94-thread-1] INFO  server.RaftServerConfigKeys (ConfUtils.java:logGet(46)) - raft.server.threadpool.server.cached = true (default)
2022-12-19 18:38:47,616 [pool-94-thread-1] INFO  server.RaftServerConfigKeys (ConfUtils.java:logGet(46)) - raft.server.threadpool.server.size = 0 (default)
2022-12-19 18:38:47,616 [pool-94-thread-1] INFO  server.RaftServerConfigKeys (ConfUtils.java:logGet(46)) - raft.server.threadpool.client.cached = true (default)
2022-12-19 18:38:47,616 [pool-94-thread-1] INFO  server.RaftServerConfigKeys (ConfUtils.java:logGet(46)) - raft.server.threadpool.client.size = 0 (default)
2022-12-19 18:38:47,616 [pool-94-thread-1] INFO  storage.RaftStorageDirectory (RaftStorageDirectoryImpl.java:analyzeStorage(137)) - The storage directory /home/runner/work/ozone/ozone/hadoop-ozone/integration-test/target/test-dir/MiniOzoneClusterImpl-11542299-c030-49ce-a1ef-33f98f34fc6c/datanode-1/data/ratis/cf0d6ba1-a770-43ee-a51c-fea4670f50be does not exist. Creating ...
2022-12-19 18:38:47,617 [pool-94-thread-1] INFO  storage.RaftStorageDirectory (RaftStorageDirectoryImpl.java:tryLock(231)) - Lock on /home/runner/work/ozone/ozone/hadoop-ozone/integration-test/target/test-dir/MiniOzoneClusterImpl-11542299-c030-49ce-a1ef-33f98f34fc6c/datanode-1/data/ratis/cf0d6ba1-a770-43ee-a51c-fea4670f50be/in_use.lock acquired by nodename 10449@fv-az353-760
2022-12-19 18:38:47,618 [pool-94-thread-1] INFO  storage.RaftStorage (RaftStorageImpl.java:format(96)) - Storage directory /home/runner/work/ozone/ozone/hadoop-ozone/integration-test/target/test-dir/MiniOzoneClusterImpl-11542299-c030-49ce-a1ef-33f98f34fc6c/datanode-1/data/ratis/cf0d6ba1-a770-43ee-a51c-fea4670f50be has been successfully formatted.
2022-12-19 18:38:47,619 [pool-94-thread-1] INFO  ratis.ContainerStateMachine (ContainerStateMachine.java:loadSnapshot(240)) - group-FEA4670F50BE: The snapshot info is null. Setting the last applied indexto:(t:0, i:~)
2022-12-19 18:38:47,619 [pool-94-thread-1] INFO  server.RaftServerConfigKeys (ConfUtils.java:logGet(46)) - raft.server.log.use.memory = false (default)
2022-12-19 18:38:47,619 [pool-94-thread-1] INFO  server.RaftServerConfigKeys (ConfUtils.java:logGet(46)) - raft.server.log.purge.gap = 1000000 (custom)
2022-12-19 18:38:47,625 [EventQueue-CommandQueueReportForCommandQueueReportHandler] WARN  events.EventQueue (EventQueue.java:fireEvent(216)) - No event handler registered for event TypedEvent{payloadType=DatanodeDetails, name='Datanode_Command_Queue_Updated'}
2022-12-19 18:38:47,625 [EventQueue-OpenPipelineForHealthyPipelineSafeModeRule] INFO  safemode.SCMSafeModeManager (HealthyPipelineSafeModeRule.java:process(137)) - SCM in safe mode. Healthy pipelines reported count is 0, required healthy pipeline reported count is 1
2022-12-19 18:38:47,627 [pool-94-thread-1] INFO  server.RaftServerConfigKeys (ConfUtils.java:logGet(46)) - raft.server.log.appender.buffer.byte-limit = 33554432 (custom)
2022-12-19 18:38:47,631 [pool-94-thread-1] INFO  server.RaftServerConfigKeys (ConfUtils.java:logGet(46)) - raft.server.log.statemachine.data.read.timeout = 1000ms (default)
2022-12-19 18:38:47,631 [pool-94-thread-1] INFO  server.RaftServerConfigKeys (ConfUtils.java:logGet(46)) - raft.server.log.purge.preservation.log.num = 0 (default)
2022-12-19 18:38:47,632 [pool-94-thread-1] INFO  server.RaftServerConfigKeys (ConfUtils.java:logGet(46)) - raft.server.log.segment.size.max = 1048576 (custom)
2022-12-19 18:38:47,634 [pool-94-thread-1] INFO  server.RaftServerConfigKeys (ConfUtils.java:logGet(46)) - raft.server.log.segment.cache.num.max = 2 (custom)
2022-12-19 18:38:47,634 [pool-94-thread-1] INFO  server.RaftServerConfigKeys (ConfUtils.java:logGet(46)) - raft.server.log.segment.cache.size.max = 200MB (=209715200) (default)
2022-12-19 18:38:47,634 [pool-94-thread-1] INFO  segmented.SegmentedRaftLogWorker (SegmentedRaftLogWorker.java:<init>(189)) - new 91d78431-6cd7-4796-a346-e9fe01a1de12@group-FEA4670F50BE-SegmentedRaftLogWorker for RaftStorageImpl:Storage Directory /home/runner/work/ozone/ozone/hadoop-ozone/integration-test/target/test-dir/MiniOzoneClusterImpl-11542299-c030-49ce-a1ef-33f98f34fc6c/datanode-1/data/ratis/cf0d6ba1-a770-43ee-a51c-fea4670f50be
2022-12-19 18:38:47,634 [pool-94-thread-1] INFO  server.RaftServerConfigKeys (ConfUtils.java:logGet(46)) - raft.server.log.queue.byte-limit = 4294967296 (custom)
2022-12-19 18:38:47,634 [pool-94-thread-1] INFO  server.RaftServerConfigKeys (ConfUtils.java:logGet(46)) - raft.server.log.queue.element-limit = 1024 (custom)
2022-12-19 18:38:47,634 [pool-94-thread-1] INFO  server.RaftServerConfigKeys (ConfUtils.java:logGet(46)) - raft.server.log.segment.size.max = 1048576 (custom)
2022-12-19 18:38:47,634 [pool-94-thread-1] INFO  server.RaftServerConfigKeys (ConfUtils.java:logGet(46)) - raft.server.log.preallocated.size = 16384 (custom)
2022-12-19 18:38:47,634 [pool-94-thread-1] INFO  server.RaftServerConfigKeys (ConfUtils.java:logGet(46)) - raft.server.log.force.sync.num = 128 (default)
2022-12-19 18:38:47,634 [pool-94-thread-1] INFO  server.RaftServerConfigKeys (ConfUtils.java:logGet(46)) - raft.server.log.statemachine.data.sync = true (default)
2022-12-19 18:38:47,634 [pool-94-thread-1] INFO  server.RaftServerConfigKeys (ConfUtils.java:logGet(46)) - raft.server.log.statemachine.data.sync.timeout = 10s (default)
2022-12-19 18:38:47,634 [pool-94-thread-1] INFO  server.RaftServerConfigKeys (ConfUtils.java:logGet(46)) - raft.server.log.statemachine.data.sync.timeout.retry = -1 (default)
2022-12-19 18:38:47,637 [pool-94-thread-1] INFO  server.RaftServerConfigKeys (ConfUtils.java:logGet(46)) - raft.server.log.write.buffer.size = 1048576 (custom)
2022-12-19 18:38:47,640 [pool-94-thread-1] INFO  server.RaftServerConfigKeys (ConfUtils.java:logGet(46)) - raft.server.log.appender.buffer.byte-limit = 33554432 (custom)
2022-12-19 18:38:47,651 [pool-94-thread-1] INFO  server.RaftServerConfigKeys (ConfUtils.java:logGet(46)) - raft.server.log.unsafe-flush.enabled = false (default)
2022-12-19 18:38:47,654 [pool-94-thread-1] INFO  server.RaftServerConfigKeys (ConfUtils.java:logGet(46)) - raft.server.log.async-flush.enabled = false (default)
2022-12-19 18:38:47,654 [pool-94-thread-1] INFO  server.RaftServerConfigKeys (ConfUtils.java:logGet(46)) - raft.server.log.statemachine.data.caching.enabled = true (custom)
2022-12-19 18:38:47,654 [pool-94-thread-1] INFO  segmented.SegmentedRaftLogWorker (SegmentedRaftLogWorker.java:lambda$new$0(135)) - 91d78431-6cd7-4796-a346-e9fe01a1de12@group-FEA4670F50BE-SegmentedRaftLogWorker: flushIndex: setUnconditionally 0 -> -1
2022-12-19 18:38:47,654 [pool-94-thread-1] INFO  segmented.SegmentedRaftLogWorker (SegmentedRaftLogWorker.java:lambda$new$0(135)) - 91d78431-6cd7-4796-a346-e9fe01a1de12@group-FEA4670F50BE-SegmentedRaftLogWorker: safeCacheEvictIndex: setUnconditionally 0 -> -1
2022-12-19 18:38:47,660 [pool-94-thread-1] INFO  server.RaftServer$Division (RaftServerImpl.java:start(334)) - 91d78431-6cd7-4796-a346-e9fe01a1de12@group-FEA4670F50BE: start as a follower, conf=-1: peers:[89d730ca-c741-4fc9-afaf-179ceaf5b2b4|rpc:10.1.0.24:40319|dataStream:10.1.0.24:35251|priority:1|startupRole:FOLLOWER, 91d78431-6cd7-4796-a346-e9fe01a1de12|rpc:10.1.0.24:43619|dataStream:10.1.0.24:33445|priority:0|startupRole:FOLLOWER, 6ea35c1f-1714-407c-a38f-a2791a2eb8d3|rpc:10.1.0.24:34213|dataStream:10.1.0.24:36469|priority:0|startupRole:FOLLOWER]|listeners:[], old=null
2022-12-19 18:38:47,660 [pool-94-thread-1] INFO  server.RaftServer$Division (RaftServerImpl.java:setRole(321)) - 91d78431-6cd7-4796-a346-e9fe01a1de12@group-FEA4670F50BE: changes role from      null to FOLLOWER at term 0 for startAsFollower
2022-12-19 18:38:47,660 [pool-94-thread-1] INFO  impl.RoleInfo (RoleInfo.java:updateAndGet(139)) - 91d78431-6cd7-4796-a346-e9fe01a1de12: start 91d78431-6cd7-4796-a346-e9fe01a1de12@group-FEA4670F50BE-FollowerState
2022-12-19 18:38:47,663 [pool-94-thread-1] INFO  util.JmxRegister (JmxRegister.java:tryRegister(44)) - Successfully registered JMX Bean with object name Ratis:service=RaftServer,group=group-FEA4670F50BE,id=91d78431-6cd7-4796-a346-e9fe01a1de12
2022-12-19 18:38:47,663 [pool-94-thread-1] INFO  server.RaftServerConfigKeys (ConfUtils.java:logGet(46)) - raft.server.snapshot.auto.trigger.enabled = true (custom)
2022-12-19 18:38:47,663 [pool-94-thread-1] INFO  server.RaftServerConfigKeys (ConfUtils.java:logGet(46)) - raft.server.snapshot.auto.trigger.threshold = 10000 (custom)
2022-12-19 18:38:47,663 [pool-94-thread-1] INFO  server.RaftServerConfigKeys (ConfUtils.java:logGet(46)) - raft.server.snapshot.retention.file.num = 5 (custom)
2022-12-19 18:38:47,664 [pool-94-thread-1] INFO  server.RaftServerConfigKeys (ConfUtils.java:logGet(46)) - raft.server.log.purge.upto.snapshot.index = false (default)
2022-12-19 18:38:47,664 [91d78431-6cd7-4796-a346-e9fe01a1de12@group-FEA4670F50BE-FollowerState] INFO  server.RaftServerConfigKeys (ConfUtils.java:logFallback(53)) - raft.server.rpc.first-election.timeout.min = 5s (fallback to raft.server.rpc.timeout.min)
2022-12-19 18:38:47,670 [91d78431-6cd7-4796-a346-e9fe01a1de12@group-FEA4670F50BE-FollowerState] INFO  server.RaftServerConfigKeys (ConfUtils.java:logFallback(53)) - raft.server.rpc.first-election.timeout.max = 5200ms (fallback to raft.server.rpc.timeout.max)
2022-12-19 18:38:47,676 [Command processor thread] INFO  ratis.XceiverServerRatis (XceiverServerRatis.java:addGroup(806)) - Created group PipelineID=cf0d6ba1-a770-43ee-a51c-fea4670f50be
2022-12-19 18:38:47,843 [grpc-default-executor-1] INFO  server.RaftServer (RaftServerProxy.java:addNew(96)) - 6ea35c1f-1714-407c-a38f-a2791a2eb8d3: addNew group-FEA4670F50BE:[89d730ca-c741-4fc9-afaf-179ceaf5b2b4|rpc:10.1.0.24:40319|dataStream:10.1.0.24:35251|priority:1|startupRole:FOLLOWER, 91d78431-6cd7-4796-a346-e9fe01a1de12|rpc:10.1.0.24:43619|dataStream:10.1.0.24:33445|priority:0|startupRole:FOLLOWER, 6ea35c1f-1714-407c-a38f-a2791a2eb8d3|rpc:10.1.0.24:34213|dataStream:10.1.0.24:36469|priority:0|startupRole:FOLLOWER] returns group-FEA4670F50BE:java.util.concurrent.CompletableFuture@6bcf21dd[Not completed]
2022-12-19 18:38:47,845 [pool-117-thread-1] INFO  server.RaftServer$Division (RaftServerImpl.java:<init>(195)) - 6ea35c1f-1714-407c-a38f-a2791a2eb8d3: new RaftServerImpl for group-FEA4670F50BE:[89d730ca-c741-4fc9-afaf-179ceaf5b2b4|rpc:10.1.0.24:40319|dataStream:10.1.0.24:35251|priority:1|startupRole:FOLLOWER, 91d78431-6cd7-4796-a346-e9fe01a1de12|rpc:10.1.0.24:43619|dataStream:10.1.0.24:33445|priority:0|startupRole:FOLLOWER, 6ea35c1f-1714-407c-a38f-a2791a2eb8d3|rpc:10.1.0.24:34213|dataStream:10.1.0.24:36469|priority:0|startupRole:FOLLOWER] with ContainerStateMachine:uninitialized
2022-12-19 18:38:47,845 [pool-117-thread-1] INFO  server.RaftServerConfigKeys (ConfUtils.java:logGet(46)) - raft.server.rpc.timeout.min = 5s (custom)
2022-12-19 18:38:47,845 [pool-117-thread-1] INFO  server.RaftServerConfigKeys (ConfUtils.java:logGet(46)) - raft.server.rpc.timeout.max = 5200ms (custom)
2022-12-19 18:38:47,845 [pool-117-thread-1] INFO  server.RaftServerConfigKeys (ConfUtils.java:logGet(46)) - raft.server.rpc.sleep.time = 25ms (default)
2022-12-19 18:38:47,845 [pool-117-thread-1] INFO  server.RaftServerConfigKeys (ConfUtils.java:logGet(46)) - raft.server.rpc.slowness.timeout = 300s (custom)
2022-12-19 18:38:47,845 [pool-117-thread-1] INFO  server.RaftServerConfigKeys (ConfUtils.java:logGet(46)) - raft.server.leaderelection.leader.step-down.wait-time = 10s (default)
2022-12-19 18:38:47,845 [pool-117-thread-1] INFO  server.RaftServerConfigKeys (ConfUtils.java:logGet(46)) - raft.server.sleep.deviation.threshold = 300ms (default)
2022-12-19 18:38:47,845 [pool-117-thread-1] INFO  server.RaftServer$Division (ServerState.java:<init>(118)) - 6ea35c1f-1714-407c-a38f-a2791a2eb8d3@group-FEA4670F50BE: ConfigurationManager, init=-1: peers:[89d730ca-c741-4fc9-afaf-179ceaf5b2b4|rpc:10.1.0.24:40319|dataStream:10.1.0.24:35251|priority:1|startupRole:FOLLOWER, 91d78431-6cd7-4796-a346-e9fe01a1de12|rpc:10.1.0.24:43619|dataStream:10.1.0.24:33445|priority:0|startupRole:FOLLOWER, 6ea35c1f-1714-407c-a38f-a2791a2eb8d3|rpc:10.1.0.24:34213|dataStream:10.1.0.24:36469|priority:0|startupRole:FOLLOWER]|listeners:[], old=null, confs=<EMPTY_MAP>
2022-12-19 18:38:47,845 [pool-117-thread-1] INFO  server.RaftServerConfigKeys (ConfUtils.java:logGet(46)) - raft.server.storage.dir = [/home/runner/work/ozone/ozone/hadoop-ozone/integration-test/target/test-dir/MiniOzoneClusterImpl-11542299-c030-49ce-a1ef-33f98f34fc6c/datanode-2/data/ratis] (custom)
2022-12-19 18:38:47,845 [pool-117-thread-1] INFO  server.RaftServerConfigKeys (ConfUtils.java:logGet(46)) - raft.server.log.corruption.policy = EXCEPTION (default)
2022-12-19 18:38:47,845 [pool-117-thread-1] INFO  server.RaftServerConfigKeys (ConfUtils.java:logGet(46)) - raft.server.storage.free-space.min = 0MB (=0) (default)
2022-12-19 18:38:47,845 [pool-117-thread-1] INFO  server.RaftServerConfigKeys (ConfUtils.java:logGet(46)) - raft.server.notification.no-leader.timeout = 300s (custom)
2022-12-19 18:38:47,846 [pool-117-thread-1] INFO  server.RaftServerConfigKeys (ConfUtils.java:logGet(46)) - raft.server.retrycache.expirytime = 600000ms (custom)
2022-12-19 18:38:47,846 [pool-117-thread-1] INFO  server.RaftServerConfigKeys (ConfUtils.java:logGet(46)) - raft.server.retrycache.statistics.expirytime = 100μs (default)
2022-12-19 18:38:47,847 [pool-117-thread-1] INFO  server.RaftServerConfigKeys (ConfUtils.java:logGet(46)) - raft.server.log.appender.install.snapshot.enabled = false (custom)
2022-12-19 18:38:47,848 [pool-117-thread-1] INFO  server.RaftServerConfigKeys (ConfUtils.java:logGet(46)) - raft.server.threadpool.server.cached = true (default)
2022-12-19 18:38:47,848 [pool-117-thread-1] INFO  server.RaftServerConfigKeys (ConfUtils.java:logGet(46)) - raft.server.threadpool.server.size = 0 (default)
2022-12-19 18:38:47,848 [pool-117-thread-1] INFO  server.RaftServerConfigKeys (ConfUtils.java:logGet(46)) - raft.server.threadpool.client.cached = true (default)
2022-12-19 18:38:47,848 [pool-117-thread-1] INFO  server.RaftServerConfigKeys (ConfUtils.java:logGet(46)) - raft.server.threadpool.client.size = 0 (default)
2022-12-19 18:38:47,848 [pool-117-thread-1] INFO  storage.RaftStorageDirectory (RaftStorageDirectoryImpl.java:analyzeStorage(137)) - The storage directory /home/runner/work/ozone/ozone/hadoop-ozone/integration-test/target/test-dir/MiniOzoneClusterImpl-11542299-c030-49ce-a1ef-33f98f34fc6c/datanode-2/data/ratis/cf0d6ba1-a770-43ee-a51c-fea4670f50be does not exist. Creating ...
2022-12-19 18:38:47,849 [pool-117-thread-1] INFO  storage.RaftStorageDirectory (RaftStorageDirectoryImpl.java:tryLock(231)) - Lock on /home/runner/work/ozone/ozone/hadoop-ozone/integration-test/target/test-dir/MiniOzoneClusterImpl-11542299-c030-49ce-a1ef-33f98f34fc6c/datanode-2/data/ratis/cf0d6ba1-a770-43ee-a51c-fea4670f50be/in_use.lock acquired by nodename 10449@fv-az353-760
2022-12-19 18:38:47,850 [pool-117-thread-1] INFO  storage.RaftStorage (RaftStorageImpl.java:format(96)) - Storage directory /home/runner/work/ozone/ozone/hadoop-ozone/integration-test/target/test-dir/MiniOzoneClusterImpl-11542299-c030-49ce-a1ef-33f98f34fc6c/datanode-2/data/ratis/cf0d6ba1-a770-43ee-a51c-fea4670f50be has been successfully formatted.
2022-12-19 18:38:47,851 [pool-117-thread-1] INFO  ratis.ContainerStateMachine (ContainerStateMachine.java:loadSnapshot(240)) - group-FEA4670F50BE: The snapshot info is null. Setting the last applied indexto:(t:0, i:~)
2022-12-19 18:38:47,851 [pool-117-thread-1] INFO  server.RaftServerConfigKeys (ConfUtils.java:logGet(46)) - raft.server.log.use.memory = false (default)
2022-12-19 18:38:47,860 [pool-117-thread-1] INFO  server.RaftServerConfigKeys (ConfUtils.java:logGet(46)) - raft.server.log.purge.gap = 1000000 (custom)
2022-12-19 18:38:47,864 [EventQueue-CommandQueueReportForCommandQueueReportHandler] WARN  events.EventQueue (EventQueue.java:fireEvent(216)) - No event handler registered for event TypedEvent{payloadType=DatanodeDetails, name='Datanode_Command_Queue_Updated'}
2022-12-19 18:38:47,868 [Command processor thread] INFO  commandhandler.CreatePipelineCommandHandler (CreatePipelineCommandHandler.java:handle(113)) - Created Pipeline RATIS THREE PipelineID=cf0d6ba1-a770-43ee-a51c-fea4670f50be.
2022-12-19 18:38:47,869 [Command processor thread] INFO  server.RaftServer (RaftServerProxy.java:addNew(96)) - 91d78431-6cd7-4796-a346-e9fe01a1de12: addNew group-9E02B72A4E3C:[89d730ca-c741-4fc9-afaf-179ceaf5b2b4|rpc:10.1.0.24:40319|dataStream:10.1.0.24:35251|priority:0|startupRole:FOLLOWER, 91d78431-6cd7-4796-a346-e9fe01a1de12|rpc:10.1.0.24:43619|dataStream:10.1.0.24:33445|priority:1|startupRole:FOLLOWER, 6ea35c1f-1714-407c-a38f-a2791a2eb8d3|rpc:10.1.0.24:34213|dataStream:10.1.0.24:36469|priority:0|startupRole:FOLLOWER] returns group-9E02B72A4E3C:java.util.concurrent.CompletableFuture@5b1a3147[Not completed]
2022-12-19 18:38:47,870 [pool-94-thread-1] INFO  server.RaftServer$Division (RaftServerImpl.java:<init>(195)) - 91d78431-6cd7-4796-a346-e9fe01a1de12: new RaftServerImpl for group-9E02B72A4E3C:[89d730ca-c741-4fc9-afaf-179ceaf5b2b4|rpc:10.1.0.24:40319|dataStream:10.1.0.24:35251|priority:0|startupRole:FOLLOWER, 91d78431-6cd7-4796-a346-e9fe01a1de12|rpc:10.1.0.24:43619|dataStream:10.1.0.24:33445|priority:1|startupRole:FOLLOWER, 6ea35c1f-1714-407c-a38f-a2791a2eb8d3|rpc:10.1.0.24:34213|dataStream:10.1.0.24:36469|priority:0|startupRole:FOLLOWER] with ContainerStateMachine:uninitialized
2022-12-19 18:38:47,870 [pool-94-thread-1] INFO  server.RaftServerConfigKeys (ConfUtils.java:logGet(46)) - raft.server.rpc.timeout.min = 5s (custom)
2022-12-19 18:38:47,870 [pool-94-thread-1] INFO  server.RaftServerConfigKeys (ConfUtils.java:logGet(46)) - raft.server.rpc.timeout.max = 5200ms (custom)
2022-12-19 18:38:47,870 [pool-94-thread-1] INFO  server.RaftServerConfigKeys (ConfUtils.java:logGet(46)) - raft.server.rpc.sleep.time = 25ms (default)
2022-12-19 18:38:47,870 [pool-94-thread-1] INFO  server.RaftServerConfigKeys (ConfUtils.java:logGet(46)) - raft.server.rpc.slowness.timeout = 300s (custom)
2022-12-19 18:38:47,870 [pool-94-thread-1] INFO  server.RaftServerConfigKeys (ConfUtils.java:logGet(46)) - raft.server.leaderelection.leader.step-down.wait-time = 10s (default)
2022-12-19 18:38:47,870 [pool-94-thread-1] INFO  server.RaftServerConfigKeys (ConfUtils.java:logGet(46)) - raft.server.sleep.deviation.threshold = 300ms (default)
2022-12-19 18:38:47,870 [pool-94-thread-1] INFO  server.RaftServer$Division (ServerState.java:<init>(118)) - 91d78431-6cd7-4796-a346-e9fe01a1de12@group-9E02B72A4E3C: ConfigurationManager, init=-1: peers:[89d730ca-c741-4fc9-afaf-179ceaf5b2b4|rpc:10.1.0.24:40319|dataStream:10.1.0.24:35251|priority:0|startupRole:FOLLOWER, 91d78431-6cd7-4796-a346-e9fe01a1de12|rpc:10.1.0.24:43619|dataStream:10.1.0.24:33445|priority:1|startupRole:FOLLOWER, 6ea35c1f-1714-407c-a38f-a2791a2eb8d3|rpc:10.1.0.24:34213|dataStream:10.1.0.24:36469|priority:0|startupRole:FOLLOWER]|listeners:[], old=null, confs=<EMPTY_MAP>
2022-12-19 18:38:47,870 [pool-94-thread-1] INFO  server.RaftServerConfigKeys (ConfUtils.java:logGet(46)) - raft.server.storage.dir = [/home/runner/work/ozone/ozone/hadoop-ozone/integration-test/target/test-dir/MiniOzoneClusterImpl-11542299-c030-49ce-a1ef-33f98f34fc6c/datanode-1/data/ratis] (custom)
2022-12-19 18:38:47,870 [pool-94-thread-1] INFO  server.RaftServerConfigKeys (ConfUtils.java:logGet(46)) - raft.server.log.corruption.policy = EXCEPTION (default)
2022-12-19 18:38:47,870 [pool-94-thread-1] INFO  server.RaftServerConfigKeys (ConfUtils.java:logGet(46)) - raft.server.storage.free-space.min = 0MB (=0) (default)
2022-12-19 18:38:47,871 [pool-94-thread-1] INFO  server.RaftServerConfigKeys (ConfUtils.java:logGet(46)) - raft.server.notification.no-leader.timeout = 300s (custom)
2022-12-19 18:38:47,871 [pool-94-thread-1] INFO  server.RaftServerConfigKeys (ConfUtils.java:logGet(46)) - raft.server.retrycache.expirytime = 600000ms (custom)
2022-12-19 18:38:47,871 [pool-94-thread-1] INFO  server.RaftServerConfigKeys (ConfUtils.java:logGet(46)) - raft.server.retrycache.statistics.expirytime = 100μs (default)
2022-12-19 18:38:47,868 [pool-117-thread-1] INFO  server.RaftServerConfigKeys (ConfUtils.java:logGet(46)) - raft.server.log.appender.buffer.byte-limit = 33554432 (custom)
2022-12-19 18:38:47,872 [pool-94-thread-1] INFO  server.RaftServerConfigKeys (ConfUtils.java:logGet(46)) - raft.server.log.appender.install.snapshot.enabled = false (custom)
2022-12-19 18:38:47,875 [pool-94-thread-1] INFO  server.RaftServerConfigKeys (ConfUtils.java:logGet(46)) - raft.server.threadpool.server.cached = true (default)
2022-12-19 18:38:47,875 [pool-94-thread-1] INFO  server.RaftServerConfigKeys (ConfUtils.java:logGet(46)) - raft.server.threadpool.server.size = 0 (default)
2022-12-19 18:38:47,875 [pool-94-thread-1] INFO  server.RaftServerConfigKeys (ConfUtils.java:logGet(46)) - raft.server.threadpool.client.cached = true (default)
2022-12-19 18:38:47,875 [pool-94-thread-1] INFO  server.RaftServerConfigKeys (ConfUtils.java:logGet(46)) - raft.server.threadpool.client.size = 0 (default)
2022-12-19 18:38:47,876 [pool-94-thread-1] INFO  storage.RaftStorageDirectory (RaftStorageDirectoryImpl.java:analyzeStorage(137)) - The storage directory /home/runner/work/ozone/ozone/hadoop-ozone/integration-test/target/test-dir/MiniOzoneClusterImpl-11542299-c030-49ce-a1ef-33f98f34fc6c/datanode-1/data/ratis/042af8b0-11d5-4451-92b4-9e02b72a4e3c does not exist. Creating ...
2022-12-19 18:38:47,876 [pool-117-thread-1] INFO  server.RaftServerConfigKeys (ConfUtils.java:logGet(46)) - raft.server.log.statemachine.data.read.timeout = 1000ms (default)
2022-12-19 18:38:47,876 [pool-117-thread-1] INFO  server.RaftServerConfigKeys (ConfUtils.java:logGet(46)) - raft.server.log.purge.preservation.log.num = 0 (default)
2022-12-19 18:38:47,876 [pool-117-thread-1] INFO  server.RaftServerConfigKeys (ConfUtils.java:logGet(46)) - raft.server.log.segment.size.max = 1048576 (custom)
2022-12-19 18:38:47,877 [pool-117-thread-1] INFO  server.RaftServerConfigKeys (ConfUtils.java:logGet(46)) - raft.server.log.segment.cache.num.max = 2 (custom)
2022-12-19 18:38:47,877 [pool-94-thread-1] INFO  storage.RaftStorageDirectory (RaftStorageDirectoryImpl.java:tryLock(231)) - Lock on /home/runner/work/ozone/ozone/hadoop-ozone/integration-test/target/test-dir/MiniOzoneClusterImpl-11542299-c030-49ce-a1ef-33f98f34fc6c/datanode-1/data/ratis/042af8b0-11d5-4451-92b4-9e02b72a4e3c/in_use.lock acquired by nodename 10449@fv-az353-760
2022-12-19 18:38:47,877 [pool-117-thread-1] INFO  server.RaftServerConfigKeys (ConfUtils.java:logGet(46)) - raft.server.log.segment.cache.size.max = 200MB (=209715200) (default)
2022-12-19 18:38:47,877 [pool-117-thread-1] INFO  segmented.SegmentedRaftLogWorker (SegmentedRaftLogWorker.java:<init>(189)) - new 6ea35c1f-1714-407c-a38f-a2791a2eb8d3@group-FEA4670F50BE-SegmentedRaftLogWorker for RaftStorageImpl:Storage Directory /home/runner/work/ozone/ozone/hadoop-ozone/integration-test/target/test-dir/MiniOzoneClusterImpl-11542299-c030-49ce-a1ef-33f98f34fc6c/datanode-2/data/ratis/cf0d6ba1-a770-43ee-a51c-fea4670f50be
2022-12-19 18:38:47,878 [pool-117-thread-1] INFO  server.RaftServerConfigKeys (ConfUtils.java:logGet(46)) - raft.server.log.queue.byte-limit = 4294967296 (custom)
2022-12-19 18:38:47,878 [pool-117-thread-1] INFO  server.RaftServerConfigKeys (ConfUtils.java:logGet(46)) - raft.server.log.queue.element-limit = 1024 (custom)
2022-12-19 18:38:47,878 [pool-117-thread-1] INFO  server.RaftServerConfigKeys (ConfUtils.java:logGet(46)) - raft.server.log.segment.size.max = 1048576 (custom)
2022-12-19 18:38:47,878 [pool-117-thread-1] INFO  server.RaftServerConfigKeys (ConfUtils.java:logGet(46)) - raft.server.log.preallocated.size = 16384 (custom)
2022-12-19 18:38:47,878 [pool-117-thread-1] INFO  server.RaftServerConfigKeys (ConfUtils.java:logGet(46)) - raft.server.log.force.sync.num = 128 (default)
2022-12-19 18:38:47,878 [pool-117-thread-1] INFO  server.RaftServerConfigKeys (ConfUtils.java:logGet(46)) - raft.server.log.statemachine.data.sync = true (default)
2022-12-19 18:38:47,878 [pool-117-thread-1] INFO  server.RaftServerConfigKeys (ConfUtils.java:logGet(46)) - raft.server.log.statemachine.data.sync.timeout = 10s (default)
2022-12-19 18:38:47,878 [pool-117-thread-1] INFO  server.RaftServerConfigKeys (ConfUtils.java:logGet(46)) - raft.server.log.statemachine.data.sync.timeout.retry = -1 (default)
2022-12-19 18:38:47,879 [pool-94-thread-1] INFO  storage.RaftStorage (RaftStorageImpl.java:format(96)) - Storage directory /home/runner/work/ozone/ozone/hadoop-ozone/integration-test/target/test-dir/MiniOzoneClusterImpl-11542299-c030-49ce-a1ef-33f98f34fc6c/datanode-1/data/ratis/042af8b0-11d5-4451-92b4-9e02b72a4e3c has been successfully formatted.
2022-12-19 18:38:47,879 [pool-94-thread-1] INFO  ratis.ContainerStateMachine (ContainerStateMachine.java:loadSnapshot(240)) - group-9E02B72A4E3C: The snapshot info is null. Setting the last applied indexto:(t:0, i:~)
2022-12-19 18:38:47,880 [pool-94-thread-1] INFO  server.RaftServerConfigKeys (ConfUtils.java:logGet(46)) - raft.server.log.use.memory = false (default)
2022-12-19 18:38:47,880 [pool-94-thread-1] INFO  server.RaftServerConfigKeys (ConfUtils.java:logGet(46)) - raft.server.log.purge.gap = 1000000 (custom)
2022-12-19 18:38:47,880 [pool-94-thread-1] INFO  server.RaftServerConfigKeys (ConfUtils.java:logGet(46)) - raft.server.log.appender.buffer.byte-limit = 33554432 (custom)
2022-12-19 18:38:47,880 [pool-94-thread-1] INFO  server.RaftServerConfigKeys (ConfUtils.java:logGet(46)) - raft.server.log.statemachine.data.read.timeout = 1000ms (default)
2022-12-19 18:38:47,880 [pool-94-thread-1] INFO  server.RaftServerConfigKeys (ConfUtils.java:logGet(46)) - raft.server.log.purge.preservation.log.num = 0 (default)
2022-12-19 18:38:47,880 [pool-94-thread-1] INFO  server.RaftServerConfigKeys (ConfUtils.java:logGet(46)) - raft.server.log.segment.size.max = 1048576 (custom)
2022-12-19 18:38:47,880 [pool-94-thread-1] INFO  server.RaftServerConfigKeys (ConfUtils.java:logGet(46)) - raft.server.log.segment.cache.num.max = 2 (custom)
2022-12-19 18:38:47,880 [pool-94-thread-1] INFO  server.RaftServerConfigKeys (ConfUtils.java:logGet(46)) - raft.server.log.segment.cache.size.max = 200MB (=209715200) (default)
2022-12-19 18:38:47,881 [pool-94-thread-1] INFO  segmented.SegmentedRaftLogWorker (SegmentedRaftLogWorker.java:<init>(189)) - new 91d78431-6cd7-4796-a346-e9fe01a1de12@group-9E02B72A4E3C-SegmentedRaftLogWorker for RaftStorageImpl:Storage Directory /home/runner/work/ozone/ozone/hadoop-ozone/integration-test/target/test-dir/MiniOzoneClusterImpl-11542299-c030-49ce-a1ef-33f98f34fc6c/datanode-1/data/ratis/042af8b0-11d5-4451-92b4-9e02b72a4e3c
2022-12-19 18:38:47,881 [pool-94-thread-1] INFO  server.RaftServerConfigKeys (ConfUtils.java:logGet(46)) - raft.server.log.queue.byte-limit = 4294967296 (custom)
2022-12-19 18:38:47,881 [pool-94-thread-1] INFO  server.RaftServerConfigKeys (ConfUtils.java:logGet(46)) - raft.server.log.queue.element-limit = 1024 (custom)
2022-12-19 18:38:47,881 [pool-94-thread-1] INFO  server.RaftServerConfigKeys (ConfUtils.java:logGet(46)) - raft.server.log.segment.size.max = 1048576 (custom)
2022-12-19 18:38:47,881 [pool-94-thread-1] INFO  server.RaftServerConfigKeys (ConfUtils.java:logGet(46)) - raft.server.log.preallocated.size = 16384 (custom)
2022-12-19 18:38:47,881 [pool-94-thread-1] INFO  server.RaftServerConfigKeys (ConfUtils.java:logGet(46)) - raft.server.log.force.sync.num = 128 (default)
2022-12-19 18:38:47,881 [pool-94-thread-1] INFO  server.RaftServerConfigKeys (ConfUtils.java:logGet(46)) - raft.server.log.statemachine.data.sync = true (default)
2022-12-19 18:38:47,881 [pool-94-thread-1] INFO  server.RaftServerConfigKeys (ConfUtils.java:logGet(46)) - raft.server.log.statemachine.data.sync.timeout = 10s (default)
2022-12-19 18:38:47,881 [pool-94-thread-1] INFO  server.RaftServerConfigKeys (ConfUtils.java:logGet(46)) - raft.server.log.statemachine.data.sync.timeout.retry = -1 (default)
2022-12-19 18:38:47,882 [pool-94-thread-1] INFO  server.RaftServerConfigKeys (ConfUtils.java:logGet(46)) - raft.server.log.write.buffer.size = 1048576 (custom)
2022-12-19 18:38:47,884 [pool-94-thread-1] INFO  server.RaftServerConfigKeys (ConfUtils.java:logGet(46)) - raft.server.log.appender.buffer.byte-limit = 33554432 (custom)
2022-12-19 18:38:47,886 [pool-94-thread-1] INFO  server.RaftServerConfigKeys (ConfUtils.java:logGet(46)) - raft.server.log.unsafe-flush.enabled = false (default)
2022-12-19 18:38:47,886 [pool-94-thread-1] INFO  server.RaftServerConfigKeys (ConfUtils.java:logGet(46)) - raft.server.log.async-flush.enabled = false (default)
2022-12-19 18:38:47,887 [pool-94-thread-1] INFO  server.RaftServerConfigKeys (ConfUtils.java:logGet(46)) - raft.server.log.statemachine.data.caching.enabled = true (custom)
2022-12-19 18:38:47,887 [pool-94-thread-1] INFO  segmented.SegmentedRaftLogWorker (SegmentedRaftLogWorker.java:lambda$new$0(135)) - 91d78431-6cd7-4796-a346-e9fe01a1de12@group-9E02B72A4E3C-SegmentedRaftLogWorker: flushIndex: setUnconditionally 0 -> -1
2022-12-19 18:38:47,887 [pool-94-thread-1] INFO  segmented.SegmentedRaftLogWorker (SegmentedRaftLogWorker.java:lambda$new$0(135)) - 91d78431-6cd7-4796-a346-e9fe01a1de12@group-9E02B72A4E3C-SegmentedRaftLogWorker: safeCacheEvictIndex: setUnconditionally 0 -> -1
2022-12-19 18:38:47,888 [EventQueue-CommandQueueReportForCommandQueueReportHandler] WARN  events.EventQueue (EventQueue.java:fireEvent(216)) - No event handler registered for event TypedEvent{payloadType=DatanodeDetails, name='Datanode_Command_Queue_Updated'}
2022-12-19 18:38:47,888 [EventQueue-OpenPipelineForHealthyPipelineSafeModeRule] INFO  safemode.SCMSafeModeManager (HealthyPipelineSafeModeRule.java:process(137)) - SCM in safe mode. Healthy pipelines reported count is 0, required healthy pipeline reported count is 1
2022-12-19 18:38:47,892 [pool-117-thread-1] INFO  server.RaftServerConfigKeys (ConfUtils.java:logGet(46)) - raft.server.log.write.buffer.size = 1048576 (custom)
2022-12-19 18:38:47,892 [pool-117-thread-1] INFO  server.RaftServerConfigKeys (ConfUtils.java:logGet(46)) - raft.server.log.appender.buffer.byte-limit = 33554432 (custom)
2022-12-19 18:38:47,895 [pool-117-thread-1] INFO  server.RaftServerConfigKeys (ConfUtils.java:logGet(46)) - raft.server.log.unsafe-flush.enabled = false (default)
2022-12-19 18:38:47,895 [pool-117-thread-1] INFO  server.RaftServerConfigKeys (ConfUtils.java:logGet(46)) - raft.server.log.async-flush.enabled = false (default)
2022-12-19 18:38:47,895 [pool-117-thread-1] INFO  server.RaftServerConfigKeys (ConfUtils.java:logGet(46)) - raft.server.log.statemachine.data.caching.enabled = true (custom)
2022-12-19 18:38:47,896 [pool-94-thread-1] INFO  server.RaftServer$Division (RaftServerImpl.java:start(334)) - 91d78431-6cd7-4796-a346-e9fe01a1de12@group-9E02B72A4E3C: start as a follower, conf=-1: peers:[89d730ca-c741-4fc9-afaf-179ceaf5b2b4|rpc:10.1.0.24:40319|dataStream:10.1.0.24:35251|priority:0|startupRole:FOLLOWER, 91d78431-6cd7-4796-a346-e9fe01a1de12|rpc:10.1.0.24:43619|dataStream:10.1.0.24:33445|priority:1|startupRole:FOLLOWER, 6ea35c1f-1714-407c-a38f-a2791a2eb8d3|rpc:10.1.0.24:34213|dataStream:10.1.0.24:36469|priority:0|startupRole:FOLLOWER]|listeners:[], old=null
2022-12-19 18:38:47,896 [pool-94-thread-1] INFO  server.RaftServer$Division (RaftServerImpl.java:setRole(321)) - 91d78431-6cd7-4796-a346-e9fe01a1de12@group-9E02B72A4E3C: changes role from      null to FOLLOWER at term 0 for startAsFollower
2022-12-19 18:38:47,896 [pool-94-thread-1] INFO  impl.RoleInfo (RoleInfo.java:updateAndGet(139)) - 91d78431-6cd7-4796-a346-e9fe01a1de12: start 91d78431-6cd7-4796-a346-e9fe01a1de12@group-9E02B72A4E3C-FollowerState
2022-12-19 18:38:47,896 [pool-117-thread-1] INFO  segmented.SegmentedRaftLogWorker (SegmentedRaftLogWorker.java:lambda$new$0(135)) - 6ea35c1f-1714-407c-a38f-a2791a2eb8d3@group-FEA4670F50BE-SegmentedRaftLogWorker: flushIndex: setUnconditionally 0 -> -1
2022-12-19 18:38:47,904 [Listener at 127.0.0.1/44039] INFO  ozone.MiniOzoneClusterImpl (MiniOzoneClusterImpl.java:lambda$waitForClusterToBeReady$0(217)) - Nodes are ready. Got 6 of 6 DN Heartbeats.
2022-12-19 18:38:47,904 [Listener at 127.0.0.1/44039] INFO  ozone.MiniOzoneClusterImpl (MiniOzoneClusterImpl.java:lambda$waitForClusterToBeReady$0(220)) - Waiting for cluster to exit safe mode
2022-12-19 18:38:47,897 [pool-94-thread-1] INFO  util.JmxRegister (JmxRegister.java:tryRegister(44)) - Successfully registered JMX Bean with object name Ratis:service=RaftServer,group=group-9E02B72A4E3C,id=91d78431-6cd7-4796-a346-e9fe01a1de12
2022-12-19 18:38:47,904 [pool-94-thread-1] INFO  server.RaftServerConfigKeys (ConfUtils.java:logGet(46)) - raft.server.snapshot.auto.trigger.enabled = true (custom)
2022-12-19 18:38:47,904 [pool-94-thread-1] INFO  server.RaftServerConfigKeys (ConfUtils.java:logGet(46)) - raft.server.snapshot.auto.trigger.threshold = 10000 (custom)
2022-12-19 18:38:47,904 [pool-94-thread-1] INFO  server.RaftServerConfigKeys (ConfUtils.java:logGet(46)) - raft.server.snapshot.retention.file.num = 5 (custom)
2022-12-19 18:38:47,904 [pool-94-thread-1] INFO  server.RaftServerConfigKeys (ConfUtils.java:logGet(46)) - raft.server.log.purge.upto.snapshot.index = false (default)
2022-12-19 18:38:47,905 [EventQueue-CommandQueueReportForCommandQueueReportHandler] WARN  events.EventQueue (EventQueue.java:fireEvent(216)) - No event handler registered for event TypedEvent{payloadType=DatanodeDetails, name='Datanode_Command_Queue_Updated'}
2022-12-19 18:38:47,905 [91d78431-6cd7-4796-a346-e9fe01a1de12@group-9E02B72A4E3C-FollowerState] INFO  server.RaftServerConfigKeys (ConfUtils.java:logFallback(53)) - raft.server.rpc.first-election.timeout.min = 5s (fallback to raft.server.rpc.timeout.min)
2022-12-19 18:38:47,905 [91d78431-6cd7-4796-a346-e9fe01a1de12@group-9E02B72A4E3C-FollowerState] INFO  server.RaftServerConfigKeys (ConfUtils.java:logFallback(53)) - raft.server.rpc.first-election.timeout.max = 5200ms (fallback to raft.server.rpc.timeout.max)
2022-12-19 18:38:47,904 [Listener at 127.0.0.1/44039] INFO  ozone.MiniOzoneClusterImpl (MiniOzoneClusterImpl.java:lambda$waitForClusterToBeReady$0(222)) - SCM became leader
2022-12-19 18:38:47,904 [pool-117-thread-1] INFO  segmented.SegmentedRaftLogWorker (SegmentedRaftLogWorker.java:lambda$new$0(135)) - 6ea35c1f-1714-407c-a38f-a2791a2eb8d3@group-FEA4670F50BE-SegmentedRaftLogWorker: safeCacheEvictIndex: setUnconditionally 0 -> -1
2022-12-19 18:38:47,905 [Command processor thread] INFO  ratis.XceiverServerRatis (XceiverServerRatis.java:addGroup(806)) - Created group PipelineID=042af8b0-11d5-4451-92b4-9e02b72a4e3c
2022-12-19 18:38:47,908 [Command processor thread] INFO  server.RaftServer (RaftServerProxy.java:addNew(96)) - 6ea35c1f-1714-407c-a38f-a2791a2eb8d3: addNew group-E6DE8B2F3E98:[6ea35c1f-1714-407c-a38f-a2791a2eb8d3|rpc:10.1.0.24:34213|dataStream:10.1.0.24:36469|priority:1|startupRole:FOLLOWER] returns group-E6DE8B2F3E98:java.util.concurrent.CompletableFuture@7635f0ea[Not completed]
2022-12-19 18:38:47,916 [pool-117-thread-1] INFO  server.RaftServer$Division (RaftServerImpl.java:start(334)) - 6ea35c1f-1714-407c-a38f-a2791a2eb8d3@group-FEA4670F50BE: start as a follower, conf=-1: peers:[89d730ca-c741-4fc9-afaf-179ceaf5b2b4|rpc:10.1.0.24:40319|dataStream:10.1.0.24:35251|priority:1|startupRole:FOLLOWER, 91d78431-6cd7-4796-a346-e9fe01a1de12|rpc:10.1.0.24:43619|dataStream:10.1.0.24:33445|priority:0|startupRole:FOLLOWER, 6ea35c1f-1714-407c-a38f-a2791a2eb8d3|rpc:10.1.0.24:34213|dataStream:10.1.0.24:36469|priority:0|startupRole:FOLLOWER]|listeners:[], old=null
2022-12-19 18:38:47,916 [pool-117-thread-1] INFO  server.RaftServer$Division (RaftServerImpl.java:setRole(321)) - 6ea35c1f-1714-407c-a38f-a2791a2eb8d3@group-FEA4670F50BE: changes role from      null to FOLLOWER at term 0 for startAsFollower
2022-12-19 18:38:47,917 [pool-117-thread-1] INFO  impl.RoleInfo (RoleInfo.java:updateAndGet(139)) - 6ea35c1f-1714-407c-a38f-a2791a2eb8d3: start 6ea35c1f-1714-407c-a38f-a2791a2eb8d3@group-FEA4670F50BE-FollowerState
2022-12-19 18:38:47,921 [pool-117-thread-1] INFO  util.JmxRegister (JmxRegister.java:tryRegister(44)) - Successfully registered JMX Bean with object name Ratis:service=RaftServer,group=group-FEA4670F50BE,id=6ea35c1f-1714-407c-a38f-a2791a2eb8d3
2022-12-19 18:38:47,921 [pool-117-thread-1] INFO  server.RaftServerConfigKeys (ConfUtils.java:logGet(46)) - raft.server.snapshot.auto.trigger.enabled = true (custom)
2022-12-19 18:38:47,921 [pool-117-thread-1] INFO  server.RaftServerConfigKeys (ConfUtils.java:logGet(46)) - raft.server.snapshot.auto.trigger.threshold = 10000 (custom)
2022-12-19 18:38:47,921 [pool-117-thread-1] INFO  server.RaftServerConfigKeys (ConfUtils.java:logGet(46)) - raft.server.snapshot.retention.file.num = 5 (custom)
2022-12-19 18:38:47,921 [pool-117-thread-1] INFO  server.RaftServerConfigKeys (ConfUtils.java:logGet(46)) - raft.server.log.purge.upto.snapshot.index = false (default)
2022-12-19 18:38:47,927 [pool-117-thread-1] INFO  server.RaftServer$Division (RaftServerImpl.java:<init>(195)) - 6ea35c1f-1714-407c-a38f-a2791a2eb8d3: new RaftServerImpl for group-E6DE8B2F3E98:[6ea35c1f-1714-407c-a38f-a2791a2eb8d3|rpc:10.1.0.24:34213|dataStream:10.1.0.24:36469|priority:1|startupRole:FOLLOWER] with ContainerStateMachine:uninitialized
2022-12-19 18:38:47,927 [pool-117-thread-1] INFO  server.RaftServerConfigKeys (ConfUtils.java:logGet(46)) - raft.server.rpc.timeout.min = 5s (custom)
2022-12-19 18:38:47,927 [pool-117-thread-1] INFO  server.RaftServerConfigKeys (ConfUtils.java:logGet(46)) - raft.server.rpc.timeout.max = 5200ms (custom)
2022-12-19 18:38:47,927 [pool-117-thread-1] INFO  server.RaftServerConfigKeys (ConfUtils.java:logGet(46)) - raft.server.rpc.sleep.time = 25ms (default)
2022-12-19 18:38:47,927 [pool-117-thread-1] INFO  server.RaftServerConfigKeys (ConfUtils.java:logGet(46)) - raft.server.rpc.slowness.timeout = 300s (custom)
2022-12-19 18:38:47,927 [pool-117-thread-1] INFO  server.RaftServerConfigKeys (ConfUtils.java:logGet(46)) - raft.server.leaderelection.leader.step-down.wait-time = 10s (default)
2022-12-19 18:38:47,927 [pool-117-thread-1] INFO  server.RaftServerConfigKeys (ConfUtils.java:logGet(46)) - raft.server.sleep.deviation.threshold = 300ms (default)
2022-12-19 18:38:47,927 [pool-117-thread-1] INFO  server.RaftServer$Division (ServerState.java:<init>(118)) - 6ea35c1f-1714-407c-a38f-a2791a2eb8d3@group-E6DE8B2F3E98: ConfigurationManager, init=-1: peers:[6ea35c1f-1714-407c-a38f-a2791a2eb8d3|rpc:10.1.0.24:34213|dataStream:10.1.0.24:36469|priority:1|startupRole:FOLLOWER]|listeners:[], old=null, confs=<EMPTY_MAP>
2022-12-19 18:38:47,927 [pool-117-thread-1] INFO  server.RaftServerConfigKeys (ConfUtils.java:logGet(46)) - raft.server.storage.dir = [/home/runner/work/ozone/ozone/hadoop-ozone/integration-test/target/test-dir/MiniOzoneClusterImpl-11542299-c030-49ce-a1ef-33f98f34fc6c/datanode-2/data/ratis] (custom)
2022-12-19 18:38:47,927 [pool-117-thread-1] INFO  server.RaftServerConfigKeys (ConfUtils.java:logGet(46)) - raft.server.log.corruption.policy = EXCEPTION (default)
2022-12-19 18:38:47,927 [pool-117-thread-1] INFO  server.RaftServerConfigKeys (ConfUtils.java:logGet(46)) - raft.server.storage.free-space.min = 0MB (=0) (default)
2022-12-19 18:38:47,927 [pool-117-thread-1] INFO  server.RaftServerConfigKeys (ConfUtils.java:logGet(46)) - raft.server.notification.no-leader.timeout = 300s (custom)
2022-12-19 18:38:47,927 [pool-117-thread-1] INFO  server.RaftServerConfigKeys (ConfUtils.java:logGet(46)) - raft.server.retrycache.expirytime = 600000ms (custom)
2022-12-19 18:38:47,928 [pool-117-thread-1] INFO  server.RaftServerConfigKeys (ConfUtils.java:logGet(46)) - raft.server.retrycache.statistics.expirytime = 100μs (default)
2022-12-19 18:38:47,930 [6ea35c1f-1714-407c-a38f-a2791a2eb8d3@group-FEA4670F50BE-FollowerState] INFO  server.RaftServerConfigKeys (ConfUtils.java:logFallback(53)) - raft.server.rpc.first-election.timeout.min = 5s (fallback to raft.server.rpc.timeout.min)
2022-12-19 18:38:47,932 [6ea35c1f-1714-407c-a38f-a2791a2eb8d3@group-FEA4670F50BE-FollowerState] INFO  server.RaftServerConfigKeys (ConfUtils.java:logFallback(53)) - raft.server.rpc.first-election.timeout.max = 5200ms (fallback to raft.server.rpc.timeout.max)
2022-12-19 18:38:47,932 [grpc-default-executor-0] INFO  server.RaftServer (RaftServerProxy.java:addNew(96)) - 89d730ca-c741-4fc9-afaf-179ceaf5b2b4: addNew group-9E02B72A4E3C:[89d730ca-c741-4fc9-afaf-179ceaf5b2b4|rpc:10.1.0.24:40319|dataStream:10.1.0.24:35251|priority:0|startupRole:FOLLOWER, 91d78431-6cd7-4796-a346-e9fe01a1de12|rpc:10.1.0.24:43619|dataStream:10.1.0.24:33445|priority:1|startupRole:FOLLOWER, 6ea35c1f-1714-407c-a38f-a2791a2eb8d3|rpc:10.1.0.24:34213|dataStream:10.1.0.24:36469|priority:0|startupRole:FOLLOWER] returns group-9E02B72A4E3C:java.util.concurrent.CompletableFuture@51d53d3f[Not completed]
2022-12-19 18:38:47,930 [pool-117-thread-1] INFO  server.RaftServerConfigKeys (ConfUtils.java:logGet(46)) - raft.server.log.appender.install.snapshot.enabled = false (custom)
2022-12-19 18:38:47,932 [pool-117-thread-1] INFO  server.RaftServerConfigKeys (ConfUtils.java:logGet(46)) - raft.server.threadpool.server.cached = true (default)
2022-12-19 18:38:47,932 [pool-117-thread-1] INFO  server.RaftServerConfigKeys (ConfUtils.java:logGet(46)) - raft.server.threadpool.server.size = 0 (default)
2022-12-19 18:38:47,932 [pool-117-thread-1] INFO  server.RaftServerConfigKeys (ConfUtils.java:logGet(46)) - raft.server.threadpool.client.cached = true (default)
2022-12-19 18:38:47,932 [pool-117-thread-1] INFO  server.RaftServerConfigKeys (ConfUtils.java:logGet(46)) - raft.server.threadpool.client.size = 0 (default)
2022-12-19 18:38:47,932 [pool-117-thread-1] INFO  storage.RaftStorageDirectory (RaftStorageDirectoryImpl.java:analyzeStorage(137)) - The storage directory /home/runner/work/ozone/ozone/hadoop-ozone/integration-test/target/test-dir/MiniOzoneClusterImpl-11542299-c030-49ce-a1ef-33f98f34fc6c/datanode-2/data/ratis/0a30ac7b-804e-4af0-8410-e6de8b2f3e98 does not exist. Creating ...
2022-12-19 18:38:47,932 [pool-71-thread-1] INFO  server.RaftServer$Division (RaftServerImpl.java:<init>(195)) - 89d730ca-c741-4fc9-afaf-179ceaf5b2b4: new RaftServerImpl for group-9E02B72A4E3C:[89d730ca-c741-4fc9-afaf-179ceaf5b2b4|rpc:10.1.0.24:40319|dataStream:10.1.0.24:35251|priority:0|startupRole:FOLLOWER, 91d78431-6cd7-4796-a346-e9fe01a1de12|rpc:10.1.0.24:43619|dataStream:10.1.0.24:33445|priority:1|startupRole:FOLLOWER, 6ea35c1f-1714-407c-a38f-a2791a2eb8d3|rpc:10.1.0.24:34213|dataStream:10.1.0.24:36469|priority:0|startupRole:FOLLOWER] with ContainerStateMachine:uninitialized
2022-12-19 18:38:47,933 [pool-117-thread-1] INFO  storage.RaftStorageDirectory (RaftStorageDirectoryImpl.java:tryLock(231)) - Lock on /home/runner/work/ozone/ozone/hadoop-ozone/integration-test/target/test-dir/MiniOzoneClusterImpl-11542299-c030-49ce-a1ef-33f98f34fc6c/datanode-2/data/ratis/0a30ac7b-804e-4af0-8410-e6de8b2f3e98/in_use.lock acquired by nodename 10449@fv-az353-760
2022-12-19 18:38:47,937 [pool-71-thread-1] INFO  server.RaftServerConfigKeys (ConfUtils.java:logGet(46)) - raft.server.rpc.timeout.min = 5s (custom)
2022-12-19 18:38:47,940 [pool-71-thread-1] INFO  server.RaftServerConfigKeys (ConfUtils.java:logGet(46)) - raft.server.rpc.timeout.max = 5200ms (custom)
2022-12-19 18:38:47,940 [pool-71-thread-1] INFO  server.RaftServerConfigKeys (ConfUtils.java:logGet(46)) - raft.server.rpc.sleep.time = 25ms (default)
2022-12-19 18:38:47,940 [pool-71-thread-1] INFO  server.RaftServerConfigKeys (ConfUtils.java:logGet(46)) - raft.server.rpc.slowness.timeout = 300s (custom)
2022-12-19 18:38:47,940 [pool-71-thread-1] INFO  server.RaftServerConfigKeys (ConfUtils.java:logGet(46)) - raft.server.leaderelection.leader.step-down.wait-time = 10s (default)
2022-12-19 18:38:47,940 [pool-71-thread-1] INFO  server.RaftServerConfigKeys (ConfUtils.java:logGet(46)) - raft.server.sleep.deviation.threshold = 300ms (default)
2022-12-19 18:38:47,940 [pool-71-thread-1] INFO  server.RaftServer$Division (ServerState.java:<init>(118)) - 89d730ca-c741-4fc9-afaf-179ceaf5b2b4@group-9E02B72A4E3C: ConfigurationManager, init=-1: peers:[89d730ca-c741-4fc9-afaf-179ceaf5b2b4|rpc:10.1.0.24:40319|dataStream:10.1.0.24:35251|priority:0|startupRole:FOLLOWER, 91d78431-6cd7-4796-a346-e9fe01a1de12|rpc:10.1.0.24:43619|dataStream:10.1.0.24:33445|priority:1|startupRole:FOLLOWER, 6ea35c1f-1714-407c-a38f-a2791a2eb8d3|rpc:10.1.0.24:34213|dataStream:10.1.0.24:36469|priority:0|startupRole:FOLLOWER]|listeners:[], old=null, confs=<EMPTY_MAP>
2022-12-19 18:38:47,940 [pool-71-thread-1] INFO  server.RaftServerConfigKeys (ConfUtils.java:logGet(46)) - raft.server.storage.dir = [/home/runner/work/ozone/ozone/hadoop-ozone/integration-test/target/test-dir/MiniOzoneClusterImpl-11542299-c030-49ce-a1ef-33f98f34fc6c/datanode-0/data/ratis] (custom)
2022-12-19 18:38:47,941 [pool-71-thread-1] INFO  server.RaftServerConfigKeys (ConfUtils.java:logGet(46)) - raft.server.log.corruption.policy = EXCEPTION (default)
2022-12-19 18:38:47,941 [pool-71-thread-1] INFO  server.RaftServerConfigKeys (ConfUtils.java:logGet(46)) - raft.server.storage.free-space.min = 0MB (=0) (default)
2022-12-19 18:38:47,941 [pool-71-thread-1] INFO  server.RaftServerConfigKeys (ConfUtils.java:logGet(46)) - raft.server.notification.no-leader.timeout = 300s (custom)
2022-12-19 18:38:47,941 [pool-71-thread-1] INFO  server.RaftServerConfigKeys (ConfUtils.java:logGet(46)) - raft.server.retrycache.expirytime = 600000ms (custom)
2022-12-19 18:38:47,941 [pool-71-thread-1] INFO  server.RaftServerConfigKeys (ConfUtils.java:logGet(46)) - raft.server.retrycache.statistics.expirytime = 100μs (default)
2022-12-19 18:38:47,942 [pool-71-thread-1] INFO  server.RaftServerConfigKeys (ConfUtils.java:logGet(46)) - raft.server.log.appender.install.snapshot.enabled = false (custom)
2022-12-19 18:38:47,942 [pool-71-thread-1] INFO  server.RaftServerConfigKeys (ConfUtils.java:logGet(46)) - raft.server.threadpool.server.cached = true (default)
2022-12-19 18:38:47,942 [pool-71-thread-1] INFO  server.RaftServerConfigKeys (ConfUtils.java:logGet(46)) - raft.server.threadpool.server.size = 0 (default)
2022-12-19 18:38:47,942 [pool-71-thread-1] INFO  server.RaftServerConfigKeys (ConfUtils.java:logGet(46)) - raft.server.threadpool.client.cached = true (default)
2022-12-19 18:38:47,942 [pool-71-thread-1] INFO  server.RaftServerConfigKeys (ConfUtils.java:logGet(46)) - raft.server.threadpool.client.size = 0 (default)
2022-12-19 18:38:47,942 [pool-71-thread-1] INFO  storage.RaftStorageDirectory (RaftStorageDirectoryImpl.java:analyzeStorage(137)) - The storage directory /home/runner/work/ozone/ozone/hadoop-ozone/integration-test/target/test-dir/MiniOzoneClusterImpl-11542299-c030-49ce-a1ef-33f98f34fc6c/datanode-0/data/ratis/042af8b0-11d5-4451-92b4-9e02b72a4e3c does not exist. Creating ...
2022-12-19 18:38:47,943 [pool-71-thread-1] INFO  storage.RaftStorageDirectory (RaftStorageDirectoryImpl.java:tryLock(231)) - Lock on /home/runner/work/ozone/ozone/hadoop-ozone/integration-test/target/test-dir/MiniOzoneClusterImpl-11542299-c030-49ce-a1ef-33f98f34fc6c/datanode-0/data/ratis/042af8b0-11d5-4451-92b4-9e02b72a4e3c/in_use.lock acquired by nodename 10449@fv-az353-760
2022-12-19 18:38:47,945 [pool-71-thread-1] INFO  storage.RaftStorage (RaftStorageImpl.java:format(96)) - Storage directory /home/runner/work/ozone/ozone/hadoop-ozone/integration-test/target/test-dir/MiniOzoneClusterImpl-11542299-c030-49ce-a1ef-33f98f34fc6c/datanode-0/data/ratis/042af8b0-11d5-4451-92b4-9e02b72a4e3c has been successfully formatted.
2022-12-19 18:38:47,945 [pool-117-thread-1] INFO  storage.RaftStorage (RaftStorageImpl.java:format(96)) - Storage directory /home/runner/work/ozone/ozone/hadoop-ozone/integration-test/target/test-dir/MiniOzoneClusterImpl-11542299-c030-49ce-a1ef-33f98f34fc6c/datanode-2/data/ratis/0a30ac7b-804e-4af0-8410-e6de8b2f3e98 has been successfully formatted.
2022-12-19 18:38:47,945 [pool-71-thread-1] INFO  ratis.ContainerStateMachine (ContainerStateMachine.java:loadSnapshot(240)) - group-9E02B72A4E3C: The snapshot info is null. Setting the last applied indexto:(t:0, i:~)
2022-12-19 18:38:47,946 [pool-71-thread-1] INFO  server.RaftServerConfigKeys (ConfUtils.java:logGet(46)) - raft.server.log.use.memory = false (default)
2022-12-19 18:38:47,946 [pool-71-thread-1] INFO  server.RaftServerConfigKeys (ConfUtils.java:logGet(46)) - raft.server.log.purge.gap = 1000000 (custom)
2022-12-19 18:38:47,946 [pool-117-thread-1] INFO  ratis.ContainerStateMachine (ContainerStateMachine.java:loadSnapshot(240)) - group-E6DE8B2F3E98: The snapshot info is null. Setting the last applied indexto:(t:0, i:~)
2022-12-19 18:38:47,946 [pool-71-thread-1] INFO  server.RaftServerConfigKeys (ConfUtils.java:logGet(46)) - raft.server.log.appender.buffer.byte-limit = 33554432 (custom)
2022-12-19 18:38:47,947 [pool-71-thread-1] INFO  server.RaftServerConfigKeys (ConfUtils.java:logGet(46)) - raft.server.log.statemachine.data.read.timeout = 1000ms (default)
2022-12-19 18:38:47,947 [pool-71-thread-1] INFO  server.RaftServerConfigKeys (ConfUtils.java:logGet(46)) - raft.server.log.purge.preservation.log.num = 0 (default)
2022-12-19 18:38:47,947 [pool-71-thread-1] INFO  server.RaftServerConfigKeys (ConfUtils.java:logGet(46)) - raft.server.log.segment.size.max = 1048576 (custom)
2022-12-19 18:38:47,947 [pool-71-thread-1] INFO  server.RaftServerConfigKeys (ConfUtils.java:logGet(46)) - raft.server.log.segment.cache.num.max = 2 (custom)
2022-12-19 18:38:47,947 [pool-71-thread-1] INFO  server.RaftServerConfigKeys (ConfUtils.java:logGet(46)) - raft.server.log.segment.cache.size.max = 200MB (=209715200) (default)
2022-12-19 18:38:47,947 [pool-71-thread-1] INFO  segmented.SegmentedRaftLogWorker (SegmentedRaftLogWorker.java:<init>(189)) - new 89d730ca-c741-4fc9-afaf-179ceaf5b2b4@group-9E02B72A4E3C-SegmentedRaftLogWorker for RaftStorageImpl:Storage Directory /home/runner/work/ozone/ozone/hadoop-ozone/integration-test/target/test-dir/MiniOzoneClusterImpl-11542299-c030-49ce-a1ef-33f98f34fc6c/datanode-0/data/ratis/042af8b0-11d5-4451-92b4-9e02b72a4e3c
2022-12-19 18:38:47,947 [pool-71-thread-1] INFO  server.RaftServerConfigKeys (ConfUtils.java:logGet(46)) - raft.server.log.queue.byte-limit = 4294967296 (custom)
2022-12-19 18:38:47,946 [pool-117-thread-1] INFO  server.RaftServerConfigKeys (ConfUtils.java:logGet(46)) - raft.server.log.use.memory = false (default)
2022-12-19 18:38:47,947 [pool-71-thread-1] INFO  server.RaftServerConfigKeys (ConfUtils.java:logGet(46)) - raft.server.log.queue.element-limit = 1024 (custom)
2022-12-19 18:38:47,948 [pool-71-thread-1] INFO  server.RaftServerConfigKeys (ConfUtils.java:logGet(46)) - raft.server.log.segment.size.max = 1048576 (custom)
2022-12-19 18:38:47,948 [pool-71-thread-1] INFO  server.RaftServerConfigKeys (ConfUtils.java:logGet(46)) - raft.server.log.preallocated.size = 16384 (custom)
2022-12-19 18:38:47,948 [pool-71-thread-1] INFO  server.RaftServerConfigKeys (ConfUtils.java:logGet(46)) - raft.server.log.force.sync.num = 128 (default)
2022-12-19 18:38:47,948 [pool-71-thread-1] INFO  server.RaftServerConfigKeys (ConfUtils.java:logGet(46)) - raft.server.log.statemachine.data.sync = true (default)
2022-12-19 18:38:47,948 [pool-71-thread-1] INFO  server.RaftServerConfigKeys (ConfUtils.java:logGet(46)) - raft.server.log.statemachine.data.sync.timeout = 10s (default)
2022-12-19 18:38:47,949 [EventQueue-CommandQueueReportForCommandQueueReportHandler] WARN  events.EventQueue (EventQueue.java:fireEvent(216)) - No event handler registered for event TypedEvent{payloadType=DatanodeDetails, name='Datanode_Command_Queue_Updated'}
2022-12-19 18:38:47,949 [pool-71-thread-1] INFO  server.RaftServerConfigKeys (ConfUtils.java:logGet(46)) - raft.server.log.statemachine.data.sync.timeout.retry = -1 (default)
2022-12-19 18:38:47,949 [EventQueue-OpenPipelineForHealthyPipelineSafeModeRule] INFO  safemode.SCMSafeModeManager (HealthyPipelineSafeModeRule.java:process(137)) - SCM in safe mode. Healthy pipelines reported count is 0, required healthy pipeline reported count is 1
2022-12-19 18:38:47,949 [pool-117-thread-1] INFO  server.RaftServerConfigKeys (ConfUtils.java:logGet(46)) - raft.server.log.purge.gap = 1000000 (custom)
2022-12-19 18:38:47,949 [pool-117-thread-1] INFO  server.RaftServerConfigKeys (ConfUtils.java:logGet(46)) - raft.server.log.appender.buffer.byte-limit = 33554432 (custom)
2022-12-19 18:38:47,949 [pool-117-thread-1] INFO  server.RaftServerConfigKeys (ConfUtils.java:logGet(46)) - raft.server.log.statemachine.data.read.timeout = 1000ms (default)
2022-12-19 18:38:47,949 [pool-117-thread-1] INFO  server.RaftServerConfigKeys (ConfUtils.java:logGet(46)) - raft.server.log.purge.preservation.log.num = 0 (default)
2022-12-19 18:38:47,949 [pool-117-thread-1] INFO  server.RaftServerConfigKeys (ConfUtils.java:logGet(46)) - raft.server.log.segment.size.max = 1048576 (custom)
2022-12-19 18:38:47,951 [EventQueue-PipelineReportForPipelineReportHandler] INFO  pipeline.PipelineManagerImpl (PipelineManagerImpl.java:openPipeline(367)) - Pipeline Pipeline[ Id: 0a30ac7b-804e-4af0-8410-e6de8b2f3e98, Nodes: 6ea35c1f-1714-407c-a38f-a2791a2eb8d3{ip: 10.1.0.24, host: fv-az353-760.tkyx2seitsuu3nmpmouz2httfb.bx.internal.cloudapp.net, ports: [REPLICATION=37111, RATIS=34213, RATIS_ADMIN=34213, RATIS_SERVER=34213, RATIS_DATASTREAM=36469, STANDALONE=39651], networkLocation: /default-rack, certSerialId: null, persistedOpState: IN_SERVICE, persistedOpStateExpiryEpochSec: 0}, ReplicationConfig: RATIS/ONE, State:ALLOCATED, leaderId:6ea35c1f-1714-407c-a38f-a2791a2eb8d3, CreationTimestamp2022-12-19T18:38:44.910Z[Etc/UTC]] moved to OPEN state
2022-12-19 18:38:47,951 [EventQueue-CommandQueueReportForCommandQueueReportHandler] WARN  events.EventQueue (EventQueue.java:fireEvent(216)) - No event handler registered for event TypedEvent{payloadType=DatanodeDetails, name='Datanode_Command_Queue_Updated'}
2022-12-19 18:38:47,951 [pool-71-thread-1] INFO  server.RaftServerConfigKeys (ConfUtils.java:logGet(46)) - raft.server.log.write.buffer.size = 1048576 (custom)
2022-12-19 18:38:47,955 [EventQueue-OpenPipelineForHealthyPipelineSafeModeRule] INFO  safemode.SCMSafeModeManager (HealthyPipelineSafeModeRule.java:process(137)) - SCM in safe mode. Healthy pipelines reported count is 0, required healthy pipeline reported count is 1
2022-12-19 18:38:47,956 [pool-71-thread-1] INFO  server.RaftServerConfigKeys (ConfUtils.java:logGet(46)) - raft.server.log.appender.buffer.byte-limit = 33554432 (custom)
2022-12-19 18:38:47,958 [pool-117-thread-1] INFO  server.RaftServerConfigKeys (ConfUtils.java:logGet(46)) - raft.server.log.segment.cache.num.max = 2 (custom)
2022-12-19 18:38:47,958 [pool-117-thread-1] INFO  server.RaftServerConfigKeys (ConfUtils.java:logGet(46)) - raft.server.log.segment.cache.size.max = 200MB (=209715200) (default)
2022-12-19 18:38:47,958 [pool-117-thread-1] INFO  segmented.SegmentedRaftLogWorker (SegmentedRaftLogWorker.java:<init>(189)) - new 6ea35c1f-1714-407c-a38f-a2791a2eb8d3@group-E6DE8B2F3E98-SegmentedRaftLogWorker for RaftStorageImpl:Storage Directory /home/runner/work/ozone/ozone/hadoop-ozone/integration-test/target/test-dir/MiniOzoneClusterImpl-11542299-c030-49ce-a1ef-33f98f34fc6c/datanode-2/data/ratis/0a30ac7b-804e-4af0-8410-e6de8b2f3e98
2022-12-19 18:38:47,958 [pool-117-thread-1] INFO  server.RaftServerConfigKeys (ConfUtils.java:logGet(46)) - raft.server.log.queue.byte-limit = 4294967296 (custom)
2022-12-19 18:38:47,958 [pool-117-thread-1] INFO  server.RaftServerConfigKeys (ConfUtils.java:logGet(46)) - raft.server.log.queue.element-limit = 1024 (custom)
2022-12-19 18:38:47,958 [pool-117-thread-1] INFO  server.RaftServerConfigKeys (ConfUtils.java:logGet(46)) - raft.server.log.segment.size.max = 1048576 (custom)
2022-12-19 18:38:47,958 [pool-117-thread-1] INFO  server.RaftServerConfigKeys (ConfUtils.java:logGet(46)) - raft.server.log.preallocated.size = 16384 (custom)
2022-12-19 18:38:47,958 [pool-117-thread-1] INFO  server.RaftServerConfigKeys (ConfUtils.java:logGet(46)) - raft.server.log.force.sync.num = 128 (default)
2022-12-19 18:38:47,958 [pool-117-thread-1] INFO  server.RaftServerConfigKeys (ConfUtils.java:logGet(46)) - raft.server.log.statemachine.data.sync = true (default)
2022-12-19 18:38:47,958 [pool-117-thread-1] INFO  server.RaftServerConfigKeys (ConfUtils.java:logGet(46)) - raft.server.log.statemachine.data.sync.timeout = 10s (default)
2022-12-19 18:38:47,958 [pool-117-thread-1] INFO  server.RaftServerConfigKeys (ConfUtils.java:logGet(46)) - raft.server.log.statemachine.data.sync.timeout.retry = -1 (default)
2022-12-19 18:38:47,959 [pool-117-thread-1] INFO  server.RaftServerConfigKeys (ConfUtils.java:logGet(46)) - raft.server.log.write.buffer.size = 1048576 (custom)
2022-12-19 18:38:47,960 [pool-117-thread-1] INFO  server.RaftServerConfigKeys (ConfUtils.java:logGet(46)) - raft.server.log.appender.buffer.byte-limit = 33554432 (custom)
2022-12-19 18:38:47,963 [pool-117-thread-1] INFO  server.RaftServerConfigKeys (ConfUtils.java:logGet(46)) - raft.server.log.unsafe-flush.enabled = false (default)
2022-12-19 18:38:47,963 [pool-117-thread-1] INFO  server.RaftServerConfigKeys (ConfUtils.java:logGet(46)) - raft.server.log.async-flush.enabled = false (default)
2022-12-19 18:38:47,963 [pool-117-thread-1] INFO  server.RaftServerConfigKeys (ConfUtils.java:logGet(46)) - raft.server.log.statemachine.data.caching.enabled = true (custom)
2022-12-19 18:38:47,963 [pool-117-thread-1] INFO  segmented.SegmentedRaftLogWorker (SegmentedRaftLogWorker.java:lambda$new$0(135)) - 6ea35c1f-1714-407c-a38f-a2791a2eb8d3@group-E6DE8B2F3E98-SegmentedRaftLogWorker: flushIndex: setUnconditionally 0 -> -1
2022-12-19 18:38:47,963 [pool-117-thread-1] INFO  segmented.SegmentedRaftLogWorker (SegmentedRaftLogWorker.java:lambda$new$0(135)) - 6ea35c1f-1714-407c-a38f-a2791a2eb8d3@group-E6DE8B2F3E98-SegmentedRaftLogWorker: safeCacheEvictIndex: setUnconditionally 0 -> -1
2022-12-19 18:38:47,965 [pool-71-thread-1] INFO  server.RaftServerConfigKeys (ConfUtils.java:logGet(46)) - raft.server.log.unsafe-flush.enabled = false (default)
2022-12-19 18:38:47,965 [pool-71-thread-1] INFO  server.RaftServerConfigKeys (ConfUtils.java:logGet(46)) - raft.server.log.async-flush.enabled = false (default)
2022-12-19 18:38:47,965 [pool-71-thread-1] INFO  server.RaftServerConfigKeys (ConfUtils.java:logGet(46)) - raft.server.log.statemachine.data.caching.enabled = true (custom)
2022-12-19 18:38:47,966 [pool-71-thread-1] INFO  segmented.SegmentedRaftLogWorker (SegmentedRaftLogWorker.java:lambda$new$0(135)) - 89d730ca-c741-4fc9-afaf-179ceaf5b2b4@group-9E02B72A4E3C-SegmentedRaftLogWorker: flushIndex: setUnconditionally 0 -> -1
2022-12-19 18:38:47,966 [pool-71-thread-1] INFO  segmented.SegmentedRaftLogWorker (SegmentedRaftLogWorker.java:lambda$new$0(135)) - 89d730ca-c741-4fc9-afaf-179ceaf5b2b4@group-9E02B72A4E3C-SegmentedRaftLogWorker: safeCacheEvictIndex: setUnconditionally 0 -> -1
2022-12-19 18:38:47,970 [pool-117-thread-1] INFO  server.RaftServer$Division (RaftServerImpl.java:start(334)) - 6ea35c1f-1714-407c-a38f-a2791a2eb8d3@group-E6DE8B2F3E98: start as a follower, conf=-1: peers:[6ea35c1f-1714-407c-a38f-a2791a2eb8d3|rpc:10.1.0.24:34213|dataStream:10.1.0.24:36469|priority:1|startupRole:FOLLOWER]|listeners:[], old=null
2022-12-19 18:38:47,970 [pool-117-thread-1] INFO  server.RaftServer$Division (RaftServerImpl.java:setRole(321)) - 6ea35c1f-1714-407c-a38f-a2791a2eb8d3@group-E6DE8B2F3E98: changes role from      null to FOLLOWER at term 0 for startAsFollower
2022-12-19 18:38:47,970 [pool-117-thread-1] INFO  impl.RoleInfo (RoleInfo.java:updateAndGet(139)) - 6ea35c1f-1714-407c-a38f-a2791a2eb8d3: start 6ea35c1f-1714-407c-a38f-a2791a2eb8d3@group-E6DE8B2F3E98-FollowerState
2022-12-19 18:38:47,971 [pool-117-thread-1] INFO  util.JmxRegister (JmxRegister.java:tryRegister(44)) - Successfully registered JMX Bean with object name Ratis:service=RaftServer,group=group-E6DE8B2F3E98,id=6ea35c1f-1714-407c-a38f-a2791a2eb8d3
2022-12-19 18:38:47,971 [pool-117-thread-1] INFO  server.RaftServerConfigKeys (ConfUtils.java:logGet(46)) - raft.server.snapshot.auto.trigger.enabled = true (custom)
2022-12-19 18:38:47,971 [pool-117-thread-1] INFO  server.RaftServerConfigKeys (ConfUtils.java:logGet(46)) - raft.server.snapshot.auto.trigger.threshold = 10000 (custom)
2022-12-19 18:38:47,971 [pool-117-thread-1] INFO  server.RaftServerConfigKeys (ConfUtils.java:logGet(46)) - raft.server.snapshot.retention.file.num = 5 (custom)
2022-12-19 18:38:47,971 [pool-117-thread-1] INFO  server.RaftServerConfigKeys (ConfUtils.java:logGet(46)) - raft.server.log.purge.upto.snapshot.index = false (default)
2022-12-19 18:38:47,972 [6ea35c1f-1714-407c-a38f-a2791a2eb8d3@group-E6DE8B2F3E98-FollowerState] INFO  server.RaftServerConfigKeys (ConfUtils.java:logFallback(53)) - raft.server.rpc.first-election.timeout.min = 5s (fallback to raft.server.rpc.timeout.min)
2022-12-19 18:38:47,972 [6ea35c1f-1714-407c-a38f-a2791a2eb8d3@group-E6DE8B2F3E98-FollowerState] INFO  server.RaftServerConfigKeys (ConfUtils.java:logFallback(53)) - raft.server.rpc.first-election.timeout.max = 5200ms (fallback to raft.server.rpc.timeout.max)
2022-12-19 18:38:47,975 [pool-71-thread-1] INFO  server.RaftServer$Division (RaftServerImpl.java:start(334)) - 89d730ca-c741-4fc9-afaf-179ceaf5b2b4@group-9E02B72A4E3C: start as a follower, conf=-1: peers:[89d730ca-c741-4fc9-afaf-179ceaf5b2b4|rpc:10.1.0.24:40319|dataStream:10.1.0.24:35251|priority:0|startupRole:FOLLOWER, 91d78431-6cd7-4796-a346-e9fe01a1de12|rpc:10.1.0.24:43619|dataStream:10.1.0.24:33445|priority:1|startupRole:FOLLOWER, 6ea35c1f-1714-407c-a38f-a2791a2eb8d3|rpc:10.1.0.24:34213|dataStream:10.1.0.24:36469|priority:0|startupRole:FOLLOWER]|listeners:[], old=null
2022-12-19 18:38:47,975 [pool-71-thread-1] INFO  server.RaftServer$Division (RaftServerImpl.java:setRole(321)) - 89d730ca-c741-4fc9-afaf-179ceaf5b2b4@group-9E02B72A4E3C: changes role from      null to FOLLOWER at term 0 for startAsFollower
2022-12-19 18:38:47,975 [pool-71-thread-1] INFO  impl.RoleInfo (RoleInfo.java:updateAndGet(139)) - 89d730ca-c741-4fc9-afaf-179ceaf5b2b4: start 89d730ca-c741-4fc9-afaf-179ceaf5b2b4@group-9E02B72A4E3C-FollowerState
2022-12-19 18:38:47,979 [pool-71-thread-1] INFO  util.JmxRegister (JmxRegister.java:tryRegister(44)) - Successfully registered JMX Bean with object name Ratis:service=RaftServer,group=group-9E02B72A4E3C,id=89d730ca-c741-4fc9-afaf-179ceaf5b2b4
2022-12-19 18:38:47,979 [pool-71-thread-1] INFO  server.RaftServerConfigKeys (ConfUtils.java:logGet(46)) - raft.server.snapshot.auto.trigger.enabled = true (custom)
2022-12-19 18:38:47,979 [pool-71-thread-1] INFO  server.RaftServerConfigKeys (ConfUtils.java:logGet(46)) - raft.server.snapshot.auto.trigger.threshold = 10000 (custom)
2022-12-19 18:38:47,979 [pool-71-thread-1] INFO  server.RaftServerConfigKeys (ConfUtils.java:logGet(46)) - raft.server.snapshot.retention.file.num = 5 (custom)
2022-12-19 18:38:47,980 [pool-71-thread-1] INFO  server.RaftServerConfigKeys (ConfUtils.java:logGet(46)) - raft.server.log.purge.upto.snapshot.index = false (default)
2022-12-19 18:38:47,980 [89d730ca-c741-4fc9-afaf-179ceaf5b2b4@group-9E02B72A4E3C-FollowerState] INFO  server.RaftServerConfigKeys (ConfUtils.java:logFallback(53)) - raft.server.rpc.first-election.timeout.min = 5s (fallback to raft.server.rpc.timeout.min)
2022-12-19 18:38:47,981 [89d730ca-c741-4fc9-afaf-179ceaf5b2b4@group-9E02B72A4E3C-FollowerState] INFO  server.RaftServerConfigKeys (ConfUtils.java:logFallback(53)) - raft.server.rpc.first-election.timeout.max = 5200ms (fallback to raft.server.rpc.timeout.max)
2022-12-19 18:38:47,995 [Command processor thread] INFO  ratis.XceiverServerRatis (XceiverServerRatis.java:addGroup(806)) - Created group PipelineID=0a30ac7b-804e-4af0-8410-e6de8b2f3e98
2022-12-19 18:38:47,995 [Command processor thread] INFO  commandhandler.CreatePipelineCommandHandler (CreatePipelineCommandHandler.java:handle(113)) - Created Pipeline RATIS ONE PipelineID=0a30ac7b-804e-4af0-8410-e6de8b2f3e98.
2022-12-19 18:38:47,995 [Command processor thread] INFO  server.RaftServer (RaftServerProxy.java:addNew(96)) - 6ea35c1f-1714-407c-a38f-a2791a2eb8d3: addNew group-9E02B72A4E3C:[89d730ca-c741-4fc9-afaf-179ceaf5b2b4|rpc:10.1.0.24:40319|dataStream:10.1.0.24:35251|priority:0|startupRole:FOLLOWER, 91d78431-6cd7-4796-a346-e9fe01a1de12|rpc:10.1.0.24:43619|dataStream:10.1.0.24:33445|priority:1|startupRole:FOLLOWER, 6ea35c1f-1714-407c-a38f-a2791a2eb8d3|rpc:10.1.0.24:34213|dataStream:10.1.0.24:36469|priority:0|startupRole:FOLLOWER] returns group-9E02B72A4E3C:java.util.concurrent.CompletableFuture@78f2005c[Not completed]
2022-12-19 18:38:47,996 [pool-117-thread-1] INFO  server.RaftServer$Division (RaftServerImpl.java:<init>(195)) - 6ea35c1f-1714-407c-a38f-a2791a2eb8d3: new RaftServerImpl for group-9E02B72A4E3C:[89d730ca-c741-4fc9-afaf-179ceaf5b2b4|rpc:10.1.0.24:40319|dataStream:10.1.0.24:35251|priority:0|startupRole:FOLLOWER, 91d78431-6cd7-4796-a346-e9fe01a1de12|rpc:10.1.0.24:43619|dataStream:10.1.0.24:33445|priority:1|startupRole:FOLLOWER, 6ea35c1f-1714-407c-a38f-a2791a2eb8d3|rpc:10.1.0.24:34213|dataStream:10.1.0.24:36469|priority:0|startupRole:FOLLOWER] with ContainerStateMachine:uninitialized
2022-12-19 18:38:47,996 [pool-117-thread-1] INFO  server.RaftServerConfigKeys (ConfUtils.java:logGet(46)) - raft.server.rpc.timeout.min = 5s (custom)
2022-12-19 18:38:47,996 [pool-117-thread-1] INFO  server.RaftServerConfigKeys (ConfUtils.java:logGet(46)) - raft.server.rpc.timeout.max = 5200ms (custom)
2022-12-19 18:38:47,996 [pool-117-thread-1] INFO  server.RaftServerConfigKeys (ConfUtils.java:logGet(46)) - raft.server.rpc.sleep.time = 25ms (default)
2022-12-19 18:38:47,997 [pool-117-thread-1] INFO  server.RaftServerConfigKeys (ConfUtils.java:logGet(46)) - raft.server.rpc.slowness.timeout = 300s (custom)
2022-12-19 18:38:47,997 [pool-117-thread-1] INFO  server.RaftServerConfigKeys (ConfUtils.java:logGet(46)) - raft.server.leaderelection.leader.step-down.wait-time = 10s (default)
2022-12-19 18:38:47,997 [pool-117-thread-1] INFO  server.RaftServerConfigKeys (ConfUtils.java:logGet(46)) - raft.server.sleep.deviation.threshold = 300ms (default)
2022-12-19 18:38:47,997 [pool-117-thread-1] INFO  server.RaftServer$Division (ServerState.java:<init>(118)) - 6ea35c1f-1714-407c-a38f-a2791a2eb8d3@group-9E02B72A4E3C: ConfigurationManager, init=-1: peers:[89d730ca-c741-4fc9-afaf-179ceaf5b2b4|rpc:10.1.0.24:40319|dataStream:10.1.0.24:35251|priority:0|startupRole:FOLLOWER, 91d78431-6cd7-4796-a346-e9fe01a1de12|rpc:10.1.0.24:43619|dataStream:10.1.0.24:33445|priority:1|startupRole:FOLLOWER, 6ea35c1f-1714-407c-a38f-a2791a2eb8d3|rpc:10.1.0.24:34213|dataStream:10.1.0.24:36469|priority:0|startupRole:FOLLOWER]|listeners:[], old=null, confs=<EMPTY_MAP>
2022-12-19 18:38:47,997 [pool-117-thread-1] INFO  server.RaftServerConfigKeys (ConfUtils.java:logGet(46)) - raft.server.storage.dir = [/home/runner/work/ozone/ozone/hadoop-ozone/integration-test/target/test-dir/MiniOzoneClusterImpl-11542299-c030-49ce-a1ef-33f98f34fc6c/datanode-2/data/ratis] (custom)
2022-12-19 18:38:47,997 [pool-117-thread-1] INFO  server.RaftServerConfigKeys (ConfUtils.java:logGet(46)) - raft.server.log.corruption.policy = EXCEPTION (default)
2022-12-19 18:38:47,997 [pool-117-thread-1] INFO  server.RaftServerConfigKeys (ConfUtils.java:logGet(46)) - raft.server.storage.free-space.min = 0MB (=0) (default)
2022-12-19 18:38:47,997 [pool-117-thread-1] INFO  server.RaftServerConfigKeys (ConfUtils.java:logGet(46)) - raft.server.notification.no-leader.timeout = 300s (custom)
2022-12-19 18:38:47,997 [pool-117-thread-1] INFO  server.RaftServerConfigKeys (ConfUtils.java:logGet(46)) - raft.server.retrycache.expirytime = 600000ms (custom)
2022-12-19 18:38:47,997 [pool-117-thread-1] INFO  server.RaftServerConfigKeys (ConfUtils.java:logGet(46)) - raft.server.retrycache.statistics.expirytime = 100μs (default)
2022-12-19 18:38:47,998 [pool-117-thread-1] INFO  server.RaftServerConfigKeys (ConfUtils.java:logGet(46)) - raft.server.log.appender.install.snapshot.enabled = false (custom)
2022-12-19 18:38:47,998 [pool-117-thread-1] INFO  server.RaftServerConfigKeys (ConfUtils.java:logGet(46)) - raft.server.threadpool.server.cached = true (default)
2022-12-19 18:38:47,998 [pool-117-thread-1] INFO  server.RaftServerConfigKeys (ConfUtils.java:logGet(46)) - raft.server.threadpool.server.size = 0 (default)
2022-12-19 18:38:47,998 [pool-117-thread-1] INFO  server.RaftServerConfigKeys (ConfUtils.java:logGet(46)) - raft.server.threadpool.client.cached = true (default)
2022-12-19 18:38:47,998 [pool-117-thread-1] INFO  server.RaftServerConfigKeys (ConfUtils.java:logGet(46)) - raft.server.threadpool.client.size = 0 (default)
2022-12-19 18:38:47,998 [pool-117-thread-1] INFO  storage.RaftStorageDirectory (RaftStorageDirectoryImpl.java:analyzeStorage(137)) - The storage directory /home/runner/work/ozone/ozone/hadoop-ozone/integration-test/target/test-dir/MiniOzoneClusterImpl-11542299-c030-49ce-a1ef-33f98f34fc6c/datanode-2/data/ratis/042af8b0-11d5-4451-92b4-9e02b72a4e3c does not exist. Creating ...
2022-12-19 18:38:48,008 [pool-117-thread-1] INFO  storage.RaftStorageDirectory (RaftStorageDirectoryImpl.java:tryLock(231)) - Lock on /home/runner/work/ozone/ozone/hadoop-ozone/integration-test/target/test-dir/MiniOzoneClusterImpl-11542299-c030-49ce-a1ef-33f98f34fc6c/datanode-2/data/ratis/042af8b0-11d5-4451-92b4-9e02b72a4e3c/in_use.lock acquired by nodename 10449@fv-az353-760
2022-12-19 18:38:48,010 [pool-117-thread-1] INFO  storage.RaftStorage (RaftStorageImpl.java:format(96)) - Storage directory /home/runner/work/ozone/ozone/hadoop-ozone/integration-test/target/test-dir/MiniOzoneClusterImpl-11542299-c030-49ce-a1ef-33f98f34fc6c/datanode-2/data/ratis/042af8b0-11d5-4451-92b4-9e02b72a4e3c has been successfully formatted.
2022-12-19 18:38:48,010 [pool-117-thread-1] INFO  ratis.ContainerStateMachine (ContainerStateMachine.java:loadSnapshot(240)) - group-9E02B72A4E3C: The snapshot info is null. Setting the last applied indexto:(t:0, i:~)
2022-12-19 18:38:48,010 [pool-117-thread-1] INFO  server.RaftServerConfigKeys (ConfUtils.java:logGet(46)) - raft.server.log.use.memory = false (default)
2022-12-19 18:38:48,010 [pool-117-thread-1] INFO  server.RaftServerConfigKeys (ConfUtils.java:logGet(46)) - raft.server.log.purge.gap = 1000000 (custom)
2022-12-19 18:38:48,010 [pool-117-thread-1] INFO  server.RaftServerConfigKeys (ConfUtils.java:logGet(46)) - raft.server.log.appender.buffer.byte-limit = 33554432 (custom)
2022-12-19 18:38:48,011 [pool-117-thread-1] INFO  server.RaftServerConfigKeys (ConfUtils.java:logGet(46)) - raft.server.log.statemachine.data.read.timeout = 1000ms (default)
2022-12-19 18:38:48,011 [pool-117-thread-1] INFO  server.RaftServerConfigKeys (ConfUtils.java:logGet(46)) - raft.server.log.purge.preservation.log.num = 0 (default)
2022-12-19 18:38:48,011 [pool-117-thread-1] INFO  server.RaftServerConfigKeys (ConfUtils.java:logGet(46)) - raft.server.log.segment.size.max = 1048576 (custom)
2022-12-19 18:38:48,011 [pool-117-thread-1] INFO  server.RaftServerConfigKeys (ConfUtils.java:logGet(46)) - raft.server.log.segment.cache.num.max = 2 (custom)
2022-12-19 18:38:48,011 [pool-117-thread-1] INFO  server.RaftServerConfigKeys (ConfUtils.java:logGet(46)) - raft.server.log.segment.cache.size.max = 200MB (=209715200) (default)
2022-12-19 18:38:48,011 [pool-117-thread-1] INFO  segmented.SegmentedRaftLogWorker (SegmentedRaftLogWorker.java:<init>(189)) - new 6ea35c1f-1714-407c-a38f-a2791a2eb8d3@group-9E02B72A4E3C-SegmentedRaftLogWorker for RaftStorageImpl:Storage Directory /home/runner/work/ozone/ozone/hadoop-ozone/integration-test/target/test-dir/MiniOzoneClusterImpl-11542299-c030-49ce-a1ef-33f98f34fc6c/datanode-2/data/ratis/042af8b0-11d5-4451-92b4-9e02b72a4e3c
2022-12-19 18:38:48,011 [pool-117-thread-1] INFO  server.RaftServerConfigKeys (ConfUtils.java:logGet(46)) - raft.server.log.queue.byte-limit = 4294967296 (custom)
2022-12-19 18:38:48,011 [pool-117-thread-1] INFO  server.RaftServerConfigKeys (ConfUtils.java:logGet(46)) - raft.server.log.queue.element-limit = 1024 (custom)
2022-12-19 18:38:48,011 [pool-117-thread-1] INFO  server.RaftServerConfigKeys (ConfUtils.java:logGet(46)) - raft.server.log.segment.size.max = 1048576 (custom)
2022-12-19 18:38:48,011 [pool-117-thread-1] INFO  server.RaftServerConfigKeys (ConfUtils.java:logGet(46)) - raft.server.log.preallocated.size = 16384 (custom)
2022-12-19 18:38:48,011 [pool-117-thread-1] INFO  server.RaftServerConfigKeys (ConfUtils.java:logGet(46)) - raft.server.log.force.sync.num = 128 (default)
2022-12-19 18:38:48,012 [pool-117-thread-1] INFO  server.RaftServerConfigKeys (ConfUtils.java:logGet(46)) - raft.server.log.statemachine.data.sync = true (default)
2022-12-19 18:38:48,012 [pool-117-thread-1] INFO  server.RaftServerConfigKeys (ConfUtils.java:logGet(46)) - raft.server.log.statemachine.data.sync.timeout = 10s (default)
2022-12-19 18:38:48,012 [pool-117-thread-1] INFO  server.RaftServerConfigKeys (ConfUtils.java:logGet(46)) - raft.server.log.statemachine.data.sync.timeout.retry = -1 (default)
2022-12-19 18:38:48,012 [pool-117-thread-1] INFO  server.RaftServerConfigKeys (ConfUtils.java:logGet(46)) - raft.server.log.write.buffer.size = 1048576 (custom)
2022-12-19 18:38:48,013 [pool-117-thread-1] INFO  server.RaftServerConfigKeys (ConfUtils.java:logGet(46)) - raft.server.log.appender.buffer.byte-limit = 33554432 (custom)
2022-12-19 18:38:48,021 [pool-117-thread-1] INFO  server.RaftServerConfigKeys (ConfUtils.java:logGet(46)) - raft.server.log.unsafe-flush.enabled = false (default)
2022-12-19 18:38:48,021 [pool-117-thread-1] INFO  server.RaftServerConfigKeys (ConfUtils.java:logGet(46)) - raft.server.log.async-flush.enabled = false (default)
2022-12-19 18:38:48,023 [pool-117-thread-1] INFO  server.RaftServerConfigKeys (ConfUtils.java:logGet(46)) - raft.server.log.statemachine.data.caching.enabled = true (custom)
2022-12-19 18:38:48,023 [pool-117-thread-1] INFO  segmented.SegmentedRaftLogWorker (SegmentedRaftLogWorker.java:lambda$new$0(135)) - 6ea35c1f-1714-407c-a38f-a2791a2eb8d3@group-9E02B72A4E3C-SegmentedRaftLogWorker: flushIndex: setUnconditionally 0 -> -1
2022-12-19 18:38:48,024 [pool-117-thread-1] INFO  segmented.SegmentedRaftLogWorker (SegmentedRaftLogWorker.java:lambda$new$0(135)) - 6ea35c1f-1714-407c-a38f-a2791a2eb8d3@group-9E02B72A4E3C-SegmentedRaftLogWorker: safeCacheEvictIndex: setUnconditionally 0 -> -1
2022-12-19 18:38:48,025 [Command processor thread] INFO  commandhandler.CreatePipelineCommandHandler (CreatePipelineCommandHandler.java:handle(113)) - Created Pipeline RATIS THREE PipelineID=cf0d6ba1-a770-43ee-a51c-fea4670f50be.
2022-12-19 18:38:48,027 [pool-117-thread-1] INFO  server.RaftServer$Division (RaftServerImpl.java:start(334)) - 6ea35c1f-1714-407c-a38f-a2791a2eb8d3@group-9E02B72A4E3C: start as a follower, conf=-1: peers:[89d730ca-c741-4fc9-afaf-179ceaf5b2b4|rpc:10.1.0.24:40319|dataStream:10.1.0.24:35251|priority:0|startupRole:FOLLOWER, 91d78431-6cd7-4796-a346-e9fe01a1de12|rpc:10.1.0.24:43619|dataStream:10.1.0.24:33445|priority:1|startupRole:FOLLOWER, 6ea35c1f-1714-407c-a38f-a2791a2eb8d3|rpc:10.1.0.24:34213|dataStream:10.1.0.24:36469|priority:0|startupRole:FOLLOWER]|listeners:[], old=null
2022-12-19 18:38:48,036 [pool-117-thread-1] INFO  server.RaftServer$Division (RaftServerImpl.java:setRole(321)) - 6ea35c1f-1714-407c-a38f-a2791a2eb8d3@group-9E02B72A4E3C: changes role from      null to FOLLOWER at term 0 for startAsFollower
2022-12-19 18:38:48,036 [pool-117-thread-1] INFO  impl.RoleInfo (RoleInfo.java:updateAndGet(139)) - 6ea35c1f-1714-407c-a38f-a2791a2eb8d3: start 6ea35c1f-1714-407c-a38f-a2791a2eb8d3@group-9E02B72A4E3C-FollowerState
2022-12-19 18:38:48,025 [EventQueue-OpenPipelineForHealthyPipelineSafeModeRule] INFO  safemode.SCMSafeModeManager (HealthyPipelineSafeModeRule.java:process(137)) - SCM in safe mode. Healthy pipelines reported count is 0, required healthy pipeline reported count is 1
2022-12-19 18:38:48,045 [6ea35c1f-1714-407c-a38f-a2791a2eb8d3@group-9E02B72A4E3C-FollowerState] INFO  server.RaftServerConfigKeys (ConfUtils.java:logFallback(53)) - raft.server.rpc.first-election.timeout.min = 5s (fallback to raft.server.rpc.timeout.min)
2022-12-19 18:38:48,045 [6ea35c1f-1714-407c-a38f-a2791a2eb8d3@group-9E02B72A4E3C-FollowerState] INFO  server.RaftServerConfigKeys (ConfUtils.java:logFallback(53)) - raft.server.rpc.first-election.timeout.max = 5200ms (fallback to raft.server.rpc.timeout.max)
2022-12-19 18:38:48,025 [EventQueue-CommandQueueReportForCommandQueueReportHandler] WARN  events.EventQueue (EventQueue.java:fireEvent(216)) - No event handler registered for event TypedEvent{payloadType=DatanodeDetails, name='Datanode_Command_Queue_Updated'}
2022-12-19 18:38:48,036 [pool-117-thread-1] INFO  util.JmxRegister (JmxRegister.java:tryRegister(44)) - Successfully registered JMX Bean with object name Ratis:service=RaftServer,group=group-9E02B72A4E3C,id=6ea35c1f-1714-407c-a38f-a2791a2eb8d3
2022-12-19 18:38:48,047 [pool-117-thread-1] INFO  server.RaftServerConfigKeys (ConfUtils.java:logGet(46)) - raft.server.snapshot.auto.trigger.enabled = true (custom)
2022-12-19 18:38:48,047 [pool-117-thread-1] INFO  server.RaftServerConfigKeys (ConfUtils.java:logGet(46)) - raft.server.snapshot.auto.trigger.threshold = 10000 (custom)
2022-12-19 18:38:48,047 [pool-117-thread-1] INFO  server.RaftServerConfigKeys (ConfUtils.java:logGet(46)) - raft.server.snapshot.retention.file.num = 5 (custom)
2022-12-19 18:38:48,047 [pool-117-thread-1] INFO  server.RaftServerConfigKeys (ConfUtils.java:logGet(46)) - raft.server.log.purge.upto.snapshot.index = false (default)
2022-12-19 18:38:48,048 [Command processor thread] INFO  ratis.XceiverServerRatis (XceiverServerRatis.java:addGroup(806)) - Created group PipelineID=042af8b0-11d5-4451-92b4-9e02b72a4e3c
2022-12-19 18:38:48,104 [Command processor thread] INFO  commandhandler.CreatePipelineCommandHandler (CreatePipelineCommandHandler.java:handle(113)) - Created Pipeline RATIS THREE PipelineID=042af8b0-11d5-4451-92b4-9e02b72a4e3c.
2022-12-19 18:38:48,127 [Command processor thread] INFO  commandhandler.CreatePipelineCommandHandler (CreatePipelineCommandHandler.java:handle(113)) - Created Pipeline RATIS THREE PipelineID=042af8b0-11d5-4451-92b4-9e02b72a4e3c.
2022-12-19 18:38:48,226 [Command processor thread] INFO  server.RaftServer (RaftServerProxy.java:addNew(96)) - 53431d8f-156a-4a42-8637-9d4e156967ab: addNew group-EAE143FE8DC9:[53431d8f-156a-4a42-8637-9d4e156967ab|rpc:10.1.0.24:42575|dataStream:10.1.0.24:37095|priority:1|startupRole:FOLLOWER] returns group-EAE143FE8DC9:java.util.concurrent.CompletableFuture@8cdb279[Not completed]
2022-12-19 18:38:48,228 [pool-140-thread-1] INFO  server.RaftServer$Division (RaftServerImpl.java:<init>(195)) - 53431d8f-156a-4a42-8637-9d4e156967ab: new RaftServerImpl for group-EAE143FE8DC9:[53431d8f-156a-4a42-8637-9d4e156967ab|rpc:10.1.0.24:42575|dataStream:10.1.0.24:37095|priority:1|startupRole:FOLLOWER] with ContainerStateMachine:uninitialized
2022-12-19 18:38:48,228 [pool-140-thread-1] INFO  server.RaftServerConfigKeys (ConfUtils.java:logGet(46)) - raft.server.rpc.timeout.min = 5s (custom)
2022-12-19 18:38:48,228 [pool-140-thread-1] INFO  server.RaftServerConfigKeys (ConfUtils.java:logGet(46)) - raft.server.rpc.timeout.max = 5200ms (custom)
2022-12-19 18:38:48,228 [pool-140-thread-1] INFO  server.RaftServerConfigKeys (ConfUtils.java:logGet(46)) - raft.server.rpc.sleep.time = 25ms (default)
2022-12-19 18:38:48,230 [pool-140-thread-1] INFO  server.RaftServerConfigKeys (ConfUtils.java:logGet(46)) - raft.server.rpc.slowness.timeout = 300s (custom)
2022-12-19 18:38:48,230 [pool-140-thread-1] INFO  server.RaftServerConfigKeys (ConfUtils.java:logGet(46)) - raft.server.leaderelection.leader.step-down.wait-time = 10s (default)
2022-12-19 18:38:48,230 [pool-140-thread-1] INFO  server.RaftServerConfigKeys (ConfUtils.java:logGet(46)) - raft.server.sleep.deviation.threshold = 300ms (default)
2022-12-19 18:38:48,230 [pool-140-thread-1] INFO  server.RaftServer$Division (ServerState.java:<init>(118)) - 53431d8f-156a-4a42-8637-9d4e156967ab@group-EAE143FE8DC9: ConfigurationManager, init=-1: peers:[53431d8f-156a-4a42-8637-9d4e156967ab|rpc:10.1.0.24:42575|dataStream:10.1.0.24:37095|priority:1|startupRole:FOLLOWER]|listeners:[], old=null, confs=<EMPTY_MAP>
2022-12-19 18:38:48,231 [pool-140-thread-1] INFO  server.RaftServerConfigKeys (ConfUtils.java:logGet(46)) - raft.server.storage.dir = [/home/runner/work/ozone/ozone/hadoop-ozone/integration-test/target/test-dir/MiniOzoneClusterImpl-11542299-c030-49ce-a1ef-33f98f34fc6c/datanode-3/data/ratis] (custom)
2022-12-19 18:38:48,231 [pool-140-thread-1] INFO  server.RaftServerConfigKeys (ConfUtils.java:logGet(46)) - raft.server.log.corruption.policy = EXCEPTION (default)
2022-12-19 18:38:48,231 [pool-140-thread-1] INFO  server.RaftServerConfigKeys (ConfUtils.java:logGet(46)) - raft.server.storage.free-space.min = 0MB (=0) (default)
2022-12-19 18:38:48,231 [pool-140-thread-1] INFO  server.RaftServerConfigKeys (ConfUtils.java:logGet(46)) - raft.server.notification.no-leader.timeout = 300s (custom)
2022-12-19 18:38:48,231 [pool-140-thread-1] INFO  server.RaftServerConfigKeys (ConfUtils.java:logGet(46)) - raft.server.retrycache.expirytime = 600000ms (custom)
2022-12-19 18:38:48,231 [pool-140-thread-1] INFO  server.RaftServerConfigKeys (ConfUtils.java:logGet(46)) - raft.server.retrycache.statistics.expirytime = 100μs (default)
2022-12-19 18:38:48,233 [pool-140-thread-1] INFO  server.RaftServerConfigKeys (ConfUtils.java:logGet(46)) - raft.server.log.appender.install.snapshot.enabled = false (custom)
2022-12-19 18:38:48,233 [pool-140-thread-1] INFO  server.RaftServerConfigKeys (ConfUtils.java:logGet(46)) - raft.server.threadpool.server.cached = true (default)
2022-12-19 18:38:48,233 [pool-140-thread-1] INFO  server.RaftServerConfigKeys (ConfUtils.java:logGet(46)) - raft.server.threadpool.server.size = 0 (default)
2022-12-19 18:38:48,233 [pool-140-thread-1] INFO  server.RaftServerConfigKeys (ConfUtils.java:logGet(46)) - raft.server.threadpool.client.cached = true (default)
2022-12-19 18:38:48,233 [pool-140-thread-1] INFO  server.RaftServerConfigKeys (ConfUtils.java:logGet(46)) - raft.server.threadpool.client.size = 0 (default)
2022-12-19 18:38:48,233 [pool-140-thread-1] INFO  storage.RaftStorageDirectory (RaftStorageDirectoryImpl.java:analyzeStorage(137)) - The storage directory /home/runner/work/ozone/ozone/hadoop-ozone/integration-test/target/test-dir/MiniOzoneClusterImpl-11542299-c030-49ce-a1ef-33f98f34fc6c/datanode-3/data/ratis/4c4ec991-a6d5-4c77-bab0-eae143fe8dc9 does not exist. Creating ...
2022-12-19 18:38:48,234 [pool-140-thread-1] INFO  storage.RaftStorageDirectory (RaftStorageDirectoryImpl.java:tryLock(231)) - Lock on /home/runner/work/ozone/ozone/hadoop-ozone/integration-test/target/test-dir/MiniOzoneClusterImpl-11542299-c030-49ce-a1ef-33f98f34fc6c/datanode-3/data/ratis/4c4ec991-a6d5-4c77-bab0-eae143fe8dc9/in_use.lock acquired by nodename 10449@fv-az353-760
2022-12-19 18:38:48,235 [pool-140-thread-1] INFO  storage.RaftStorage (RaftStorageImpl.java:format(96)) - Storage directory /home/runner/work/ozone/ozone/hadoop-ozone/integration-test/target/test-dir/MiniOzoneClusterImpl-11542299-c030-49ce-a1ef-33f98f34fc6c/datanode-3/data/ratis/4c4ec991-a6d5-4c77-bab0-eae143fe8dc9 has been successfully formatted.
2022-12-19 18:38:48,236 [pool-140-thread-1] INFO  ratis.ContainerStateMachine (ContainerStateMachine.java:loadSnapshot(240)) - group-EAE143FE8DC9: The snapshot info is null. Setting the last applied indexto:(t:0, i:~)
2022-12-19 18:38:48,236 [pool-140-thread-1] INFO  server.RaftServerConfigKeys (ConfUtils.java:logGet(46)) - raft.server.log.use.memory = false (default)
2022-12-19 18:38:48,236 [pool-140-thread-1] INFO  server.RaftServerConfigKeys (ConfUtils.java:logGet(46)) - raft.server.log.purge.gap = 1000000 (custom)
2022-12-19 18:38:48,236 [pool-140-thread-1] INFO  server.RaftServerConfigKeys (ConfUtils.java:logGet(46)) - raft.server.log.appender.buffer.byte-limit = 33554432 (custom)
2022-12-19 18:38:48,236 [pool-140-thread-1] INFO  server.RaftServerConfigKeys (ConfUtils.java:logGet(46)) - raft.server.log.statemachine.data.read.timeout = 1000ms (default)
2022-12-19 18:38:48,237 [pool-140-thread-1] INFO  server.RaftServerConfigKeys (ConfUtils.java:logGet(46)) - raft.server.log.purge.preservation.log.num = 0 (default)
2022-12-19 18:38:48,242 [pool-140-thread-1] INFO  server.RaftServerConfigKeys (ConfUtils.java:logGet(46)) - raft.server.log.segment.size.max = 1048576 (custom)
2022-12-19 18:38:48,243 [pool-140-thread-1] INFO  server.RaftServerConfigKeys (ConfUtils.java:logGet(46)) - raft.server.log.segment.cache.num.max = 2 (custom)
2022-12-19 18:38:48,243 [pool-140-thread-1] INFO  server.RaftServerConfigKeys (ConfUtils.java:logGet(46)) - raft.server.log.segment.cache.size.max = 200MB (=209715200) (default)
2022-12-19 18:38:48,243 [pool-140-thread-1] INFO  segmented.SegmentedRaftLogWorker (SegmentedRaftLogWorker.java:<init>(189)) - new 53431d8f-156a-4a42-8637-9d4e156967ab@group-EAE143FE8DC9-SegmentedRaftLogWorker for RaftStorageImpl:Storage Directory /home/runner/work/ozone/ozone/hadoop-ozone/integration-test/target/test-dir/MiniOzoneClusterImpl-11542299-c030-49ce-a1ef-33f98f34fc6c/datanode-3/data/ratis/4c4ec991-a6d5-4c77-bab0-eae143fe8dc9
2022-12-19 18:38:48,243 [pool-140-thread-1] INFO  server.RaftServerConfigKeys (ConfUtils.java:logGet(46)) - raft.server.log.queue.byte-limit = 4294967296 (custom)
2022-12-19 18:38:48,243 [pool-140-thread-1] INFO  server.RaftServerConfigKeys (ConfUtils.java:logGet(46)) - raft.server.log.queue.element-limit = 1024 (custom)
2022-12-19 18:38:48,243 [pool-140-thread-1] INFO  server.RaftServerConfigKeys (ConfUtils.java:logGet(46)) - raft.server.log.segment.size.max = 1048576 (custom)
2022-12-19 18:38:48,243 [pool-140-thread-1] INFO  server.RaftServerConfigKeys (ConfUtils.java:logGet(46)) - raft.server.log.preallocated.size = 16384 (custom)
2022-12-19 18:38:48,243 [pool-140-thread-1] INFO  server.RaftServerConfigKeys (ConfUtils.java:logGet(46)) - raft.server.log.force.sync.num = 128 (default)
2022-12-19 18:38:48,243 [pool-140-thread-1] INFO  server.RaftServerConfigKeys (ConfUtils.java:logGet(46)) - raft.server.log.statemachine.data.sync = true (default)
2022-12-19 18:38:48,243 [pool-140-thread-1] INFO  server.RaftServerConfigKeys (ConfUtils.java:logGet(46)) - raft.server.log.statemachine.data.sync.timeout = 10s (default)
2022-12-19 18:38:48,243 [EventQueue-CommandQueueReportForCommandQueueReportHandler] WARN  events.EventQueue (EventQueue.java:fireEvent(216)) - No event handler registered for event TypedEvent{payloadType=DatanodeDetails, name='Datanode_Command_Queue_Updated'}
2022-12-19 18:38:48,243 [EventQueue-PipelineReportForPipelineReportHandler] INFO  pipeline.PipelineManagerImpl (PipelineManagerImpl.java:openPipeline(367)) - Pipeline Pipeline[ Id: 4c4ec991-a6d5-4c77-bab0-eae143fe8dc9, Nodes: 53431d8f-156a-4a42-8637-9d4e156967ab{ip: 10.1.0.24, host: fv-az353-760.tkyx2seitsuu3nmpmouz2httfb.bx.internal.cloudapp.net, ports: [REPLICATION=39375, RATIS=42575, RATIS_ADMIN=42575, RATIS_SERVER=42575, RATIS_DATASTREAM=37095, STANDALONE=40771], networkLocation: /default-rack, certSerialId: null, persistedOpState: IN_SERVICE, persistedOpStateExpiryEpochSec: 0}, ReplicationConfig: RATIS/ONE, State:ALLOCATED, leaderId:53431d8f-156a-4a42-8637-9d4e156967ab, CreationTimestamp2022-12-19T18:38:45.229Z[Etc/UTC]] moved to OPEN state
2022-12-19 18:38:48,243 [pool-140-thread-1] INFO  server.RaftServerConfigKeys (ConfUtils.java:logGet(46)) - raft.server.log.statemachine.data.sync.timeout.retry = -1 (default)
2022-12-19 18:38:48,245 [pool-140-thread-1] INFO  server.RaftServerConfigKeys (ConfUtils.java:logGet(46)) - raft.server.log.write.buffer.size = 1048576 (custom)
2022-12-19 18:38:48,245 [pool-140-thread-1] INFO  server.RaftServerConfigKeys (ConfUtils.java:logGet(46)) - raft.server.log.appender.buffer.byte-limit = 33554432 (custom)
2022-12-19 18:38:48,245 [EventQueue-OpenPipelineForHealthyPipelineSafeModeRule] INFO  safemode.SCMSafeModeManager (HealthyPipelineSafeModeRule.java:process(137)) - SCM in safe mode. Healthy pipelines reported count is 0, required healthy pipeline reported count is 1
2022-12-19 18:38:48,251 [pool-140-thread-1] INFO  server.RaftServerConfigKeys (ConfUtils.java:logGet(46)) - raft.server.log.unsafe-flush.enabled = false (default)
2022-12-19 18:38:48,251 [pool-140-thread-1] INFO  server.RaftServerConfigKeys (ConfUtils.java:logGet(46)) - raft.server.log.async-flush.enabled = false (default)
2022-12-19 18:38:48,251 [pool-140-thread-1] INFO  server.RaftServerConfigKeys (ConfUtils.java:logGet(46)) - raft.server.log.statemachine.data.caching.enabled = true (custom)
2022-12-19 18:38:48,252 [pool-140-thread-1] INFO  segmented.SegmentedRaftLogWorker (SegmentedRaftLogWorker.java:lambda$new$0(135)) - 53431d8f-156a-4a42-8637-9d4e156967ab@group-EAE143FE8DC9-SegmentedRaftLogWorker: flushIndex: setUnconditionally 0 -> -1
2022-12-19 18:38:48,252 [pool-140-thread-1] INFO  segmented.SegmentedRaftLogWorker (SegmentedRaftLogWorker.java:lambda$new$0(135)) - 53431d8f-156a-4a42-8637-9d4e156967ab@group-EAE143FE8DC9-SegmentedRaftLogWorker: safeCacheEvictIndex: setUnconditionally 0 -> -1
2022-12-19 18:38:48,254 [pool-140-thread-1] INFO  server.RaftServer$Division (RaftServerImpl.java:start(334)) - 53431d8f-156a-4a42-8637-9d4e156967ab@group-EAE143FE8DC9: start as a follower, conf=-1: peers:[53431d8f-156a-4a42-8637-9d4e156967ab|rpc:10.1.0.24:42575|dataStream:10.1.0.24:37095|priority:1|startupRole:FOLLOWER]|listeners:[], old=null
2022-12-19 18:38:48,255 [pool-140-thread-1] INFO  server.RaftServer$Division (RaftServerImpl.java:setRole(321)) - 53431d8f-156a-4a42-8637-9d4e156967ab@group-EAE143FE8DC9: changes role from      null to FOLLOWER at term 0 for startAsFollower
2022-12-19 18:38:48,255 [pool-140-thread-1] INFO  impl.RoleInfo (RoleInfo.java:updateAndGet(139)) - 53431d8f-156a-4a42-8637-9d4e156967ab: start 53431d8f-156a-4a42-8637-9d4e156967ab@group-EAE143FE8DC9-FollowerState
2022-12-19 18:38:48,255 [pool-140-thread-1] INFO  util.JmxRegister (JmxRegister.java:tryRegister(44)) - Successfully registered JMX Bean with object name Ratis:service=RaftServer,group=group-EAE143FE8DC9,id=53431d8f-156a-4a42-8637-9d4e156967ab
2022-12-19 18:38:48,255 [pool-140-thread-1] INFO  server.RaftServerConfigKeys (ConfUtils.java:logGet(46)) - raft.server.snapshot.auto.trigger.enabled = true (custom)
2022-12-19 18:38:48,255 [pool-140-thread-1] INFO  server.RaftServerConfigKeys (ConfUtils.java:logGet(46)) - raft.server.snapshot.auto.trigger.threshold = 10000 (custom)
2022-12-19 18:38:48,255 [pool-140-thread-1] INFO  server.RaftServerConfigKeys (ConfUtils.java:logGet(46)) - raft.server.snapshot.retention.file.num = 5 (custom)
2022-12-19 18:38:48,255 [pool-140-thread-1] INFO  server.RaftServerConfigKeys (ConfUtils.java:logGet(46)) - raft.server.log.purge.upto.snapshot.index = false (default)
2022-12-19 18:38:48,256 [53431d8f-156a-4a42-8637-9d4e156967ab@group-EAE143FE8DC9-FollowerState] INFO  server.RaftServerConfigKeys (ConfUtils.java:logFallback(53)) - raft.server.rpc.first-election.timeout.min = 5s (fallback to raft.server.rpc.timeout.min)
2022-12-19 18:38:48,256 [53431d8f-156a-4a42-8637-9d4e156967ab@group-EAE143FE8DC9-FollowerState] INFO  server.RaftServerConfigKeys (ConfUtils.java:logFallback(53)) - raft.server.rpc.first-election.timeout.max = 5200ms (fallback to raft.server.rpc.timeout.max)
2022-12-19 18:38:48,256 [Command processor thread] INFO  ratis.XceiverServerRatis (XceiverServerRatis.java:addGroup(806)) - Created group PipelineID=4c4ec991-a6d5-4c77-bab0-eae143fe8dc9
2022-12-19 18:38:48,256 [Command processor thread] INFO  commandhandler.CreatePipelineCommandHandler (CreatePipelineCommandHandler.java:handle(113)) - Created Pipeline RATIS ONE PipelineID=4c4ec991-a6d5-4c77-bab0-eae143fe8dc9.
2022-12-19 18:38:48,256 [Command processor thread] INFO  server.RaftServer (RaftServerProxy.java:addNew(96)) - 53431d8f-156a-4a42-8637-9d4e156967ab: addNew group-402B03C4197C:[a138d61e-33be-4034-b658-559812d9cbdd|rpc:10.1.0.24:45397|dataStream:10.1.0.24:37159|priority:0|startupRole:FOLLOWER, 53431d8f-156a-4a42-8637-9d4e156967ab|rpc:10.1.0.24:42575|dataStream:10.1.0.24:37095|priority:0|startupRole:FOLLOWER, 577e0dac-7593-4640-b9aa-fa89f15259b7|rpc:10.1.0.24:45135|dataStream:10.1.0.24:40327|priority:1|startupRole:FOLLOWER] returns group-402B03C4197C:java.util.concurrent.CompletableFuture@cf237b8[Not completed]
2022-12-19 18:38:48,257 [pool-140-thread-1] INFO  server.RaftServer$Division (RaftServerImpl.java:<init>(195)) - 53431d8f-156a-4a42-8637-9d4e156967ab: new RaftServerImpl for group-402B03C4197C:[a138d61e-33be-4034-b658-559812d9cbdd|rpc:10.1.0.24:45397|dataStream:10.1.0.24:37159|priority:0|startupRole:FOLLOWER, 53431d8f-156a-4a42-8637-9d4e156967ab|rpc:10.1.0.24:42575|dataStream:10.1.0.24:37095|priority:0|startupRole:FOLLOWER, 577e0dac-7593-4640-b9aa-fa89f15259b7|rpc:10.1.0.24:45135|dataStream:10.1.0.24:40327|priority:1|startupRole:FOLLOWER] with ContainerStateMachine:uninitialized
2022-12-19 18:38:48,258 [pool-140-thread-1] INFO  server.RaftServerConfigKeys (ConfUtils.java:logGet(46)) - raft.server.rpc.timeout.min = 5s (custom)
2022-12-19 18:38:48,258 [pool-140-thread-1] INFO  server.RaftServerConfigKeys (ConfUtils.java:logGet(46)) - raft.server.rpc.timeout.max = 5200ms (custom)
2022-12-19 18:38:48,258 [pool-140-thread-1] INFO  server.RaftServerConfigKeys (ConfUtils.java:logGet(46)) - raft.server.rpc.sleep.time = 25ms (default)
2022-12-19 18:38:48,258 [pool-140-thread-1] INFO  server.RaftServerConfigKeys (ConfUtils.java:logGet(46)) - raft.server.rpc.slowness.timeout = 300s (custom)
2022-12-19 18:38:48,258 [pool-140-thread-1] INFO  server.RaftServerConfigKeys (ConfUtils.java:logGet(46)) - raft.server.leaderelection.leader.step-down.wait-time = 10s (default)
2022-12-19 18:38:48,258 [pool-140-thread-1] INFO  server.RaftServerConfigKeys (ConfUtils.java:logGet(46)) - raft.server.sleep.deviation.threshold = 300ms (default)
2022-12-19 18:38:48,258 [pool-140-thread-1] INFO  server.RaftServer$Division (ServerState.java:<init>(118)) - 53431d8f-156a-4a42-8637-9d4e156967ab@group-402B03C4197C: ConfigurationManager, init=-1: peers:[a138d61e-33be-4034-b658-559812d9cbdd|rpc:10.1.0.24:45397|dataStream:10.1.0.24:37159|priority:0|startupRole:FOLLOWER, 53431d8f-156a-4a42-8637-9d4e156967ab|rpc:10.1.0.24:42575|dataStream:10.1.0.24:37095|priority:0|startupRole:FOLLOWER, 577e0dac-7593-4640-b9aa-fa89f15259b7|rpc:10.1.0.24:45135|dataStream:10.1.0.24:40327|priority:1|startupRole:FOLLOWER]|listeners:[], old=null, confs=<EMPTY_MAP>
2022-12-19 18:38:48,258 [pool-140-thread-1] INFO  server.RaftServerConfigKeys (ConfUtils.java:logGet(46)) - raft.server.storage.dir = [/home/runner/work/ozone/ozone/hadoop-ozone/integration-test/target/test-dir/MiniOzoneClusterImpl-11542299-c030-49ce-a1ef-33f98f34fc6c/datanode-3/data/ratis] (custom)
2022-12-19 18:38:48,258 [pool-140-thread-1] INFO  server.RaftServerConfigKeys (ConfUtils.java:logGet(46)) - raft.server.log.corruption.policy = EXCEPTION (default)
2022-12-19 18:38:48,258 [pool-140-thread-1] INFO  server.RaftServerConfigKeys (ConfUtils.java:logGet(46)) - raft.server.storage.free-space.min = 0MB (=0) (default)
2022-12-19 18:38:48,258 [pool-140-thread-1] INFO  server.RaftServerConfigKeys (ConfUtils.java:logGet(46)) - raft.server.notification.no-leader.timeout = 300s (custom)
2022-12-19 18:38:48,258 [pool-140-thread-1] INFO  server.RaftServerConfigKeys (ConfUtils.java:logGet(46)) - raft.server.retrycache.expirytime = 600000ms (custom)
2022-12-19 18:38:48,258 [pool-140-thread-1] INFO  server.RaftServerConfigKeys (ConfUtils.java:logGet(46)) - raft.server.retrycache.statistics.expirytime = 100μs (default)
2022-12-19 18:38:48,259 [pool-140-thread-1] INFO  server.RaftServerConfigKeys (ConfUtils.java:logGet(46)) - raft.server.log.appender.install.snapshot.enabled = false (custom)
2022-12-19 18:38:48,259 [pool-140-thread-1] INFO  server.RaftServerConfigKeys (ConfUtils.java:logGet(46)) - raft.server.threadpool.server.cached = true (default)
2022-12-19 18:38:48,259 [pool-140-thread-1] INFO  server.RaftServerConfigKeys (ConfUtils.java:logGet(46)) - raft.server.threadpool.server.size = 0 (default)
2022-12-19 18:38:48,259 [pool-140-thread-1] INFO  server.RaftServerConfigKeys (ConfUtils.java:logGet(46)) - raft.server.threadpool.client.cached = true (default)
2022-12-19 18:38:48,259 [pool-140-thread-1] INFO  server.RaftServerConfigKeys (ConfUtils.java:logGet(46)) - raft.server.threadpool.client.size = 0 (default)
2022-12-19 18:38:48,260 [pool-140-thread-1] INFO  storage.RaftStorageDirectory (RaftStorageDirectoryImpl.java:analyzeStorage(137)) - The storage directory /home/runner/work/ozone/ozone/hadoop-ozone/integration-test/target/test-dir/MiniOzoneClusterImpl-11542299-c030-49ce-a1ef-33f98f34fc6c/datanode-3/data/ratis/11141a20-bb0e-415d-ac4a-402b03c4197c does not exist. Creating ...
2022-12-19 18:38:48,260 [pool-140-thread-1] INFO  storage.RaftStorageDirectory (RaftStorageDirectoryImpl.java:tryLock(231)) - Lock on /home/runner/work/ozone/ozone/hadoop-ozone/integration-test/target/test-dir/MiniOzoneClusterImpl-11542299-c030-49ce-a1ef-33f98f34fc6c/datanode-3/data/ratis/11141a20-bb0e-415d-ac4a-402b03c4197c/in_use.lock acquired by nodename 10449@fv-az353-760
2022-12-19 18:38:48,261 [pool-140-thread-1] INFO  storage.RaftStorage (RaftStorageImpl.java:format(96)) - Storage directory /home/runner/work/ozone/ozone/hadoop-ozone/integration-test/target/test-dir/MiniOzoneClusterImpl-11542299-c030-49ce-a1ef-33f98f34fc6c/datanode-3/data/ratis/11141a20-bb0e-415d-ac4a-402b03c4197c has been successfully formatted.
2022-12-19 18:38:48,262 [pool-140-thread-1] INFO  ratis.ContainerStateMachine (ContainerStateMachine.java:loadSnapshot(240)) - group-402B03C4197C: The snapshot info is null. Setting the last applied indexto:(t:0, i:~)
2022-12-19 18:38:48,262 [pool-140-thread-1] INFO  server.RaftServerConfigKeys (ConfUtils.java:logGet(46)) - raft.server.log.use.memory = false (default)
2022-12-19 18:38:48,262 [pool-140-thread-1] INFO  server.RaftServerConfigKeys (ConfUtils.java:logGet(46)) - raft.server.log.purge.gap = 1000000 (custom)
2022-12-19 18:38:48,262 [pool-140-thread-1] INFO  server.RaftServerConfigKeys (ConfUtils.java:logGet(46)) - raft.server.log.appender.buffer.byte-limit = 33554432 (custom)
2022-12-19 18:38:48,262 [pool-140-thread-1] INFO  server.RaftServerConfigKeys (ConfUtils.java:logGet(46)) - raft.server.log.statemachine.data.read.timeout = 1000ms (default)
2022-12-19 18:38:48,262 [pool-140-thread-1] INFO  server.RaftServerConfigKeys (ConfUtils.java:logGet(46)) - raft.server.log.purge.preservation.log.num = 0 (default)
2022-12-19 18:38:48,262 [pool-140-thread-1] INFO  server.RaftServerConfigKeys (ConfUtils.java:logGet(46)) - raft.server.log.segment.size.max = 1048576 (custom)
2022-12-19 18:38:48,265 [EventQueue-CommandQueueReportForCommandQueueReportHandler] WARN  events.EventQueue (EventQueue.java:fireEvent(216)) - No event handler registered for event TypedEvent{payloadType=DatanodeDetails, name='Datanode_Command_Queue_Updated'}
2022-12-19 18:38:48,267 [EventQueue-OpenPipelineForHealthyPipelineSafeModeRule] INFO  safemode.SCMSafeModeManager (HealthyPipelineSafeModeRule.java:process(137)) - SCM in safe mode. Healthy pipelines reported count is 0, required healthy pipeline reported count is 1
2022-12-19 18:38:48,267 [pool-140-thread-1] INFO  server.RaftServerConfigKeys (ConfUtils.java:logGet(46)) - raft.server.log.segment.cache.num.max = 2 (custom)
2022-12-19 18:38:48,267 [pool-140-thread-1] INFO  server.RaftServerConfigKeys (ConfUtils.java:logGet(46)) - raft.server.log.segment.cache.size.max = 200MB (=209715200) (default)
2022-12-19 18:38:48,267 [pool-140-thread-1] INFO  segmented.SegmentedRaftLogWorker (SegmentedRaftLogWorker.java:<init>(189)) - new 53431d8f-156a-4a42-8637-9d4e156967ab@group-402B03C4197C-SegmentedRaftLogWorker for RaftStorageImpl:Storage Directory /home/runner/work/ozone/ozone/hadoop-ozone/integration-test/target/test-dir/MiniOzoneClusterImpl-11542299-c030-49ce-a1ef-33f98f34fc6c/datanode-3/data/ratis/11141a20-bb0e-415d-ac4a-402b03c4197c
2022-12-19 18:38:48,267 [pool-140-thread-1] INFO  server.RaftServerConfigKeys (ConfUtils.java:logGet(46)) - raft.server.log.queue.byte-limit = 4294967296 (custom)
2022-12-19 18:38:48,267 [pool-140-thread-1] INFO  server.RaftServerConfigKeys (ConfUtils.java:logGet(46)) - raft.server.log.queue.element-limit = 1024 (custom)
2022-12-19 18:38:48,267 [pool-140-thread-1] INFO  server.RaftServerConfigKeys (ConfUtils.java:logGet(46)) - raft.server.log.segment.size.max = 1048576 (custom)
2022-12-19 18:38:48,267 [pool-140-thread-1] INFO  server.RaftServerConfigKeys (ConfUtils.java:logGet(46)) - raft.server.log.preallocated.size = 16384 (custom)
2022-12-19 18:38:48,267 [pool-140-thread-1] INFO  server.RaftServerConfigKeys (ConfUtils.java:logGet(46)) - raft.server.log.force.sync.num = 128 (default)
2022-12-19 18:38:48,267 [pool-140-thread-1] INFO  server.RaftServerConfigKeys (ConfUtils.java:logGet(46)) - raft.server.log.statemachine.data.sync = true (default)
2022-12-19 18:38:48,267 [pool-140-thread-1] INFO  server.RaftServerConfigKeys (ConfUtils.java:logGet(46)) - raft.server.log.statemachine.data.sync.timeout = 10s (default)
2022-12-19 18:38:48,267 [pool-140-thread-1] INFO  server.RaftServerConfigKeys (ConfUtils.java:logGet(46)) - raft.server.log.statemachine.data.sync.timeout.retry = -1 (default)
2022-12-19 18:38:48,268 [pool-140-thread-1] INFO  server.RaftServerConfigKeys (ConfUtils.java:logGet(46)) - raft.server.log.write.buffer.size = 1048576 (custom)
2022-12-19 18:38:48,269 [pool-140-thread-1] INFO  server.RaftServerConfigKeys (ConfUtils.java:logGet(46)) - raft.server.log.appender.buffer.byte-limit = 33554432 (custom)
2022-12-19 18:38:48,271 [pool-140-thread-1] INFO  server.RaftServerConfigKeys (ConfUtils.java:logGet(46)) - raft.server.log.unsafe-flush.enabled = false (default)
2022-12-19 18:38:48,271 [pool-140-thread-1] INFO  server.RaftServerConfigKeys (ConfUtils.java:logGet(46)) - raft.server.log.async-flush.enabled = false (default)
2022-12-19 18:38:48,271 [pool-140-thread-1] INFO  server.RaftServerConfigKeys (ConfUtils.java:logGet(46)) - raft.server.log.statemachine.data.caching.enabled = true (custom)
2022-12-19 18:38:48,272 [pool-140-thread-1] INFO  segmented.SegmentedRaftLogWorker (SegmentedRaftLogWorker.java:lambda$new$0(135)) - 53431d8f-156a-4a42-8637-9d4e156967ab@group-402B03C4197C-SegmentedRaftLogWorker: flushIndex: setUnconditionally 0 -> -1
2022-12-19 18:38:48,272 [pool-140-thread-1] INFO  segmented.SegmentedRaftLogWorker (SegmentedRaftLogWorker.java:lambda$new$0(135)) - 53431d8f-156a-4a42-8637-9d4e156967ab@group-402B03C4197C-SegmentedRaftLogWorker: safeCacheEvictIndex: setUnconditionally 0 -> -1
2022-12-19 18:38:48,272 [pool-140-thread-1] INFO  server.RaftServer$Division (RaftServerImpl.java:start(334)) - 53431d8f-156a-4a42-8637-9d4e156967ab@group-402B03C4197C: start as a follower, conf=-1: peers:[a138d61e-33be-4034-b658-559812d9cbdd|rpc:10.1.0.24:45397|dataStream:10.1.0.24:37159|priority:0|startupRole:FOLLOWER, 53431d8f-156a-4a42-8637-9d4e156967ab|rpc:10.1.0.24:42575|dataStream:10.1.0.24:37095|priority:0|startupRole:FOLLOWER, 577e0dac-7593-4640-b9aa-fa89f15259b7|rpc:10.1.0.24:45135|dataStream:10.1.0.24:40327|priority:1|startupRole:FOLLOWER]|listeners:[], old=null
2022-12-19 18:38:48,272 [pool-140-thread-1] INFO  server.RaftServer$Division (RaftServerImpl.java:setRole(321)) - 53431d8f-156a-4a42-8637-9d4e156967ab@group-402B03C4197C: changes role from      null to FOLLOWER at term 0 for startAsFollower
2022-12-19 18:38:48,273 [pool-140-thread-1] INFO  impl.RoleInfo (RoleInfo.java:updateAndGet(139)) - 53431d8f-156a-4a42-8637-9d4e156967ab: start 53431d8f-156a-4a42-8637-9d4e156967ab@group-402B03C4197C-FollowerState
2022-12-19 18:38:48,274 [pool-140-thread-1] INFO  util.JmxRegister (JmxRegister.java:tryRegister(44)) - Successfully registered JMX Bean with object name Ratis:service=RaftServer,group=group-402B03C4197C,id=53431d8f-156a-4a42-8637-9d4e156967ab
2022-12-19 18:38:48,274 [pool-140-thread-1] INFO  server.RaftServerConfigKeys (ConfUtils.java:logGet(46)) - raft.server.snapshot.auto.trigger.enabled = true (custom)
2022-12-19 18:38:48,274 [pool-140-thread-1] INFO  server.RaftServerConfigKeys (ConfUtils.java:logGet(46)) - raft.server.snapshot.auto.trigger.threshold = 10000 (custom)
2022-12-19 18:38:48,274 [pool-140-thread-1] INFO  server.RaftServerConfigKeys (ConfUtils.java:logGet(46)) - raft.server.snapshot.retention.file.num = 5 (custom)
2022-12-19 18:38:48,274 [pool-140-thread-1] INFO  server.RaftServerConfigKeys (ConfUtils.java:logGet(46)) - raft.server.log.purge.upto.snapshot.index = false (default)
2022-12-19 18:38:48,275 [53431d8f-156a-4a42-8637-9d4e156967ab@group-402B03C4197C-FollowerState] INFO  server.RaftServerConfigKeys (ConfUtils.java:logFallback(53)) - raft.server.rpc.first-election.timeout.min = 5s (fallback to raft.server.rpc.timeout.min)
2022-12-19 18:38:48,276 [Command processor thread] INFO  ratis.XceiverServerRatis (XceiverServerRatis.java:addGroup(806)) - Created group PipelineID=11141a20-bb0e-415d-ac4a-402b03c4197c
2022-12-19 18:38:48,276 [53431d8f-156a-4a42-8637-9d4e156967ab@group-402B03C4197C-FollowerState] INFO  server.RaftServerConfigKeys (ConfUtils.java:logFallback(53)) - raft.server.rpc.first-election.timeout.max = 5200ms (fallback to raft.server.rpc.timeout.max)
2022-12-19 18:38:48,293 [grpc-default-executor-1] INFO  server.RaftServer (RaftServerProxy.java:addNew(96)) - a138d61e-33be-4034-b658-559812d9cbdd: addNew group-402B03C4197C:[a138d61e-33be-4034-b658-559812d9cbdd|rpc:10.1.0.24:45397|dataStream:10.1.0.24:37159|priority:0|startupRole:FOLLOWER, 53431d8f-156a-4a42-8637-9d4e156967ab|rpc:10.1.0.24:42575|dataStream:10.1.0.24:37095|priority:0|startupRole:FOLLOWER, 577e0dac-7593-4640-b9aa-fa89f15259b7|rpc:10.1.0.24:45135|dataStream:10.1.0.24:40327|priority:1|startupRole:FOLLOWER] returns group-402B03C4197C:java.util.concurrent.CompletableFuture@57ccc673[Not completed]
2022-12-19 18:38:48,294 [pool-163-thread-1] INFO  server.RaftServer$Division (RaftServerImpl.java:<init>(195)) - a138d61e-33be-4034-b658-559812d9cbdd: new RaftServerImpl for group-402B03C4197C:[a138d61e-33be-4034-b658-559812d9cbdd|rpc:10.1.0.24:45397|dataStream:10.1.0.24:37159|priority:0|startupRole:FOLLOWER, 53431d8f-156a-4a42-8637-9d4e156967ab|rpc:10.1.0.24:42575|dataStream:10.1.0.24:37095|priority:0|startupRole:FOLLOWER, 577e0dac-7593-4640-b9aa-fa89f15259b7|rpc:10.1.0.24:45135|dataStream:10.1.0.24:40327|priority:1|startupRole:FOLLOWER] with ContainerStateMachine:uninitialized
2022-12-19 18:38:48,294 [pool-163-thread-1] INFO  server.RaftServerConfigKeys (ConfUtils.java:logGet(46)) - raft.server.rpc.timeout.min = 5s (custom)
2022-12-19 18:38:48,294 [pool-163-thread-1] INFO  server.RaftServerConfigKeys (ConfUtils.java:logGet(46)) - raft.server.rpc.timeout.max = 5200ms (custom)
2022-12-19 18:38:48,294 [pool-163-thread-1] INFO  server.RaftServerConfigKeys (ConfUtils.java:logGet(46)) - raft.server.rpc.sleep.time = 25ms (default)
2022-12-19 18:38:48,294 [pool-163-thread-1] INFO  server.RaftServerConfigKeys (ConfUtils.java:logGet(46)) - raft.server.rpc.slowness.timeout = 300s (custom)
2022-12-19 18:38:48,294 [pool-163-thread-1] INFO  server.RaftServerConfigKeys (ConfUtils.java:logGet(46)) - raft.server.leaderelection.leader.step-down.wait-time = 10s (default)
2022-12-19 18:38:48,294 [pool-163-thread-1] INFO  server.RaftServerConfigKeys (ConfUtils.java:logGet(46)) - raft.server.sleep.deviation.threshold = 300ms (default)
2022-12-19 18:38:48,294 [pool-163-thread-1] INFO  server.RaftServer$Division (ServerState.java:<init>(118)) - a138d61e-33be-4034-b658-559812d9cbdd@group-402B03C4197C: ConfigurationManager, init=-1: peers:[a138d61e-33be-4034-b658-559812d9cbdd|rpc:10.1.0.24:45397|dataStream:10.1.0.24:37159|priority:0|startupRole:FOLLOWER, 53431d8f-156a-4a42-8637-9d4e156967ab|rpc:10.1.0.24:42575|dataStream:10.1.0.24:37095|priority:0|startupRole:FOLLOWER, 577e0dac-7593-4640-b9aa-fa89f15259b7|rpc:10.1.0.24:45135|dataStream:10.1.0.24:40327|priority:1|startupRole:FOLLOWER]|listeners:[], old=null, confs=<EMPTY_MAP>
2022-12-19 18:38:48,294 [pool-163-thread-1] INFO  server.RaftServerConfigKeys (ConfUtils.java:logGet(46)) - raft.server.storage.dir = [/home/runner/work/ozone/ozone/hadoop-ozone/integration-test/target/test-dir/MiniOzoneClusterImpl-11542299-c030-49ce-a1ef-33f98f34fc6c/datanode-4/data/ratis] (custom)
2022-12-19 18:38:48,295 [pool-163-thread-1] INFO  server.RaftServerConfigKeys (ConfUtils.java:logGet(46)) - raft.server.log.corruption.policy = EXCEPTION (default)
2022-12-19 18:38:48,295 [pool-163-thread-1] INFO  server.RaftServerConfigKeys (ConfUtils.java:logGet(46)) - raft.server.storage.free-space.min = 0MB (=0) (default)
2022-12-19 18:38:48,295 [pool-163-thread-1] INFO  server.RaftServerConfigKeys (ConfUtils.java:logGet(46)) - raft.server.notification.no-leader.timeout = 300s (custom)
2022-12-19 18:38:48,295 [pool-163-thread-1] INFO  server.RaftServerConfigKeys (ConfUtils.java:logGet(46)) - raft.server.retrycache.expirytime = 600000ms (custom)
2022-12-19 18:38:48,295 [pool-163-thread-1] INFO  server.RaftServerConfigKeys (ConfUtils.java:logGet(46)) - raft.server.retrycache.statistics.expirytime = 100μs (default)
2022-12-19 18:38:48,297 [pool-163-thread-1] INFO  server.RaftServerConfigKeys (ConfUtils.java:logGet(46)) - raft.server.log.appender.install.snapshot.enabled = false (custom)
2022-12-19 18:38:48,297 [pool-163-thread-1] INFO  server.RaftServerConfigKeys (ConfUtils.java:logGet(46)) - raft.server.threadpool.server.cached = true (default)
2022-12-19 18:38:48,297 [pool-163-thread-1] INFO  server.RaftServerConfigKeys (ConfUtils.java:logGet(46)) - raft.server.threadpool.server.size = 0 (default)
2022-12-19 18:38:48,297 [pool-163-thread-1] INFO  server.RaftServerConfigKeys (ConfUtils.java:logGet(46)) - raft.server.threadpool.client.cached = true (default)
2022-12-19 18:38:48,297 [pool-163-thread-1] INFO  server.RaftServerConfigKeys (ConfUtils.java:logGet(46)) - raft.server.threadpool.client.size = 0 (default)
2022-12-19 18:38:48,297 [pool-163-thread-1] INFO  storage.RaftStorageDirectory (RaftStorageDirectoryImpl.java:analyzeStorage(137)) - The storage directory /home/runner/work/ozone/ozone/hadoop-ozone/integration-test/target/test-dir/MiniOzoneClusterImpl-11542299-c030-49ce-a1ef-33f98f34fc6c/datanode-4/data/ratis/11141a20-bb0e-415d-ac4a-402b03c4197c does not exist. Creating ...
2022-12-19 18:38:48,300 [pool-163-thread-1] INFO  storage.RaftStorageDirectory (RaftStorageDirectoryImpl.java:tryLock(231)) - Lock on /home/runner/work/ozone/ozone/hadoop-ozone/integration-test/target/test-dir/MiniOzoneClusterImpl-11542299-c030-49ce-a1ef-33f98f34fc6c/datanode-4/data/ratis/11141a20-bb0e-415d-ac4a-402b03c4197c/in_use.lock acquired by nodename 10449@fv-az353-760
2022-12-19 18:38:48,301 [pool-163-thread-1] INFO  storage.RaftStorage (RaftStorageImpl.java:format(96)) - Storage directory /home/runner/work/ozone/ozone/hadoop-ozone/integration-test/target/test-dir/MiniOzoneClusterImpl-11542299-c030-49ce-a1ef-33f98f34fc6c/datanode-4/data/ratis/11141a20-bb0e-415d-ac4a-402b03c4197c has been successfully formatted.
2022-12-19 18:38:48,301 [pool-163-thread-1] INFO  ratis.ContainerStateMachine (ContainerStateMachine.java:loadSnapshot(240)) - group-402B03C4197C: The snapshot info is null. Setting the last applied indexto:(t:0, i:~)
2022-12-19 18:38:48,301 [pool-163-thread-1] INFO  server.RaftServerConfigKeys (ConfUtils.java:logGet(46)) - raft.server.log.use.memory = false (default)
2022-12-19 18:38:48,301 [pool-163-thread-1] INFO  server.RaftServerConfigKeys (ConfUtils.java:logGet(46)) - raft.server.log.purge.gap = 1000000 (custom)
2022-12-19 18:38:48,303 [EventQueue-CommandQueueReportForCommandQueueReportHandler] WARN  events.EventQueue (EventQueue.java:fireEvent(216)) - No event handler registered for event TypedEvent{payloadType=DatanodeDetails, name='Datanode_Command_Queue_Updated'}
2022-12-19 18:38:48,304 [pool-163-thread-1] INFO  server.RaftServerConfigKeys (ConfUtils.java:logGet(46)) - raft.server.log.appender.buffer.byte-limit = 33554432 (custom)
2022-12-19 18:38:48,304 [pool-163-thread-1] INFO  server.RaftServerConfigKeys (ConfUtils.java:logGet(46)) - raft.server.log.statemachine.data.read.timeout = 1000ms (default)
2022-12-19 18:38:48,304 [pool-163-thread-1] INFO  server.RaftServerConfigKeys (ConfUtils.java:logGet(46)) - raft.server.log.purge.preservation.log.num = 0 (default)
2022-12-19 18:38:48,305 [pool-163-thread-1] INFO  server.RaftServerConfigKeys (ConfUtils.java:logGet(46)) - raft.server.log.segment.size.max = 1048576 (custom)
2022-12-19 18:38:48,305 [pool-163-thread-1] INFO  server.RaftServerConfigKeys (ConfUtils.java:logGet(46)) - raft.server.log.segment.cache.num.max = 2 (custom)
2022-12-19 18:38:48,305 [pool-163-thread-1] INFO  server.RaftServerConfigKeys (ConfUtils.java:logGet(46)) - raft.server.log.segment.cache.size.max = 200MB (=209715200) (default)
2022-12-19 18:38:48,305 [pool-163-thread-1] INFO  segmented.SegmentedRaftLogWorker (SegmentedRaftLogWorker.java:<init>(189)) - new a138d61e-33be-4034-b658-559812d9cbdd@group-402B03C4197C-SegmentedRaftLogWorker for RaftStorageImpl:Storage Directory /home/runner/work/ozone/ozone/hadoop-ozone/integration-test/target/test-dir/MiniOzoneClusterImpl-11542299-c030-49ce-a1ef-33f98f34fc6c/datanode-4/data/ratis/11141a20-bb0e-415d-ac4a-402b03c4197c
2022-12-19 18:38:48,305 [pool-163-thread-1] INFO  server.RaftServerConfigKeys (ConfUtils.java:logGet(46)) - raft.server.log.queue.byte-limit = 4294967296 (custom)
2022-12-19 18:38:48,305 [pool-163-thread-1] INFO  server.RaftServerConfigKeys (ConfUtils.java:logGet(46)) - raft.server.log.queue.element-limit = 1024 (custom)
2022-12-19 18:38:48,305 [pool-163-thread-1] INFO  server.RaftServerConfigKeys (ConfUtils.java:logGet(46)) - raft.server.log.segment.size.max = 1048576 (custom)
2022-12-19 18:38:48,305 [pool-163-thread-1] INFO  server.RaftServerConfigKeys (ConfUtils.java:logGet(46)) - raft.server.log.preallocated.size = 16384 (custom)
2022-12-19 18:38:48,305 [pool-163-thread-1] INFO  server.RaftServerConfigKeys (ConfUtils.java:logGet(46)) - raft.server.log.force.sync.num = 128 (default)
2022-12-19 18:38:48,305 [pool-163-thread-1] INFO  server.RaftServerConfigKeys (ConfUtils.java:logGet(46)) - raft.server.log.statemachine.data.sync = true (default)
2022-12-19 18:38:48,305 [pool-163-thread-1] INFO  server.RaftServerConfigKeys (ConfUtils.java:logGet(46)) - raft.server.log.statemachine.data.sync.timeout = 10s (default)
2022-12-19 18:38:48,305 [pool-163-thread-1] INFO  server.RaftServerConfigKeys (ConfUtils.java:logGet(46)) - raft.server.log.statemachine.data.sync.timeout.retry = -1 (default)
2022-12-19 18:38:48,306 [pool-163-thread-1] INFO  server.RaftServerConfigKeys (ConfUtils.java:logGet(46)) - raft.server.log.write.buffer.size = 1048576 (custom)
2022-12-19 18:38:48,307 [pool-163-thread-1] INFO  server.RaftServerConfigKeys (ConfUtils.java:logGet(46)) - raft.server.log.appender.buffer.byte-limit = 33554432 (custom)
2022-12-19 18:38:48,579 [Command processor thread] INFO  server.RaftServer (RaftServerProxy.java:addNew(96)) - a138d61e-33be-4034-b658-559812d9cbdd: addNew group-AF7B5C654995:[a138d61e-33be-4034-b658-559812d9cbdd|rpc:10.1.0.24:45397|dataStream:10.1.0.24:37159|priority:1|startupRole:FOLLOWER] returns group-AF7B5C654995:java.util.concurrent.CompletableFuture@4d3f5159[Not completed]
2022-12-19 18:38:48,586 [pool-163-thread-1] INFO  server.RaftServerConfigKeys (ConfUtils.java:logGet(46)) - raft.server.log.unsafe-flush.enabled = false (default)
2022-12-19 18:38:48,591 [pool-163-thread-1] INFO  server.RaftServerConfigKeys (ConfUtils.java:logGet(46)) - raft.server.log.async-flush.enabled = false (default)
2022-12-19 18:38:48,591 [pool-163-thread-1] INFO  server.RaftServerConfigKeys (ConfUtils.java:logGet(46)) - raft.server.log.statemachine.data.caching.enabled = true (custom)
2022-12-19 18:38:48,592 [pool-163-thread-1] INFO  segmented.SegmentedRaftLogWorker (SegmentedRaftLogWorker.java:lambda$new$0(135)) - a138d61e-33be-4034-b658-559812d9cbdd@group-402B03C4197C-SegmentedRaftLogWorker: flushIndex: setUnconditionally 0 -> -1
2022-12-19 18:38:48,592 [pool-163-thread-1] INFO  segmented.SegmentedRaftLogWorker (SegmentedRaftLogWorker.java:lambda$new$0(135)) - a138d61e-33be-4034-b658-559812d9cbdd@group-402B03C4197C-SegmentedRaftLogWorker: safeCacheEvictIndex: setUnconditionally 0 -> -1
2022-12-19 18:38:48,595 [pool-163-thread-1] INFO  server.RaftServer$Division (RaftServerImpl.java:start(334)) - a138d61e-33be-4034-b658-559812d9cbdd@group-402B03C4197C: start as a follower, conf=-1: peers:[a138d61e-33be-4034-b658-559812d9cbdd|rpc:10.1.0.24:45397|dataStream:10.1.0.24:37159|priority:0|startupRole:FOLLOWER, 53431d8f-156a-4a42-8637-9d4e156967ab|rpc:10.1.0.24:42575|dataStream:10.1.0.24:37095|priority:0|startupRole:FOLLOWER, 577e0dac-7593-4640-b9aa-fa89f15259b7|rpc:10.1.0.24:45135|dataStream:10.1.0.24:40327|priority:1|startupRole:FOLLOWER]|listeners:[], old=null
2022-12-19 18:38:48,595 [pool-163-thread-1] INFO  server.RaftServer$Division (RaftServerImpl.java:setRole(321)) - a138d61e-33be-4034-b658-559812d9cbdd@group-402B03C4197C: changes role from      null to FOLLOWER at term 0 for startAsFollower
2022-12-19 18:38:48,595 [pool-163-thread-1] INFO  impl.RoleInfo (RoleInfo.java:updateAndGet(139)) - a138d61e-33be-4034-b658-559812d9cbdd: start a138d61e-33be-4034-b658-559812d9cbdd@group-402B03C4197C-FollowerState
2022-12-19 18:38:48,596 [a138d61e-33be-4034-b658-559812d9cbdd@group-402B03C4197C-FollowerState] INFO  server.RaftServerConfigKeys (ConfUtils.java:logFallback(53)) - raft.server.rpc.first-election.timeout.min = 5s (fallback to raft.server.rpc.timeout.min)
2022-12-19 18:38:48,596 [pool-163-thread-1] INFO  util.JmxRegister (JmxRegister.java:tryRegister(44)) - Successfully registered JMX Bean with object name Ratis:service=RaftServer,group=group-402B03C4197C,id=a138d61e-33be-4034-b658-559812d9cbdd
2022-12-19 18:38:48,596 [a138d61e-33be-4034-b658-559812d9cbdd@group-402B03C4197C-FollowerState] INFO  server.RaftServerConfigKeys (ConfUtils.java:logFallback(53)) - raft.server.rpc.first-election.timeout.max = 5200ms (fallback to raft.server.rpc.timeout.max)
2022-12-19 18:38:48,596 [pool-163-thread-1] INFO  server.RaftServerConfigKeys (ConfUtils.java:logGet(46)) - raft.server.snapshot.auto.trigger.enabled = true (custom)
2022-12-19 18:38:48,596 [pool-163-thread-1] INFO  server.RaftServerConfigKeys (ConfUtils.java:logGet(46)) - raft.server.snapshot.auto.trigger.threshold = 10000 (custom)
2022-12-19 18:38:48,596 [pool-163-thread-1] INFO  server.RaftServerConfigKeys (ConfUtils.java:logGet(46)) - raft.server.snapshot.retention.file.num = 5 (custom)
2022-12-19 18:38:48,596 [pool-163-thread-1] INFO  server.RaftServerConfigKeys (ConfUtils.java:logGet(46)) - raft.server.log.purge.upto.snapshot.index = false (default)
2022-12-19 18:38:48,602 [pool-163-thread-1] INFO  server.RaftServer$Division (RaftServerImpl.java:<init>(195)) - a138d61e-33be-4034-b658-559812d9cbdd: new RaftServerImpl for group-AF7B5C654995:[a138d61e-33be-4034-b658-559812d9cbdd|rpc:10.1.0.24:45397|dataStream:10.1.0.24:37159|priority:1|startupRole:FOLLOWER] with ContainerStateMachine:uninitialized
2022-12-19 18:38:48,602 [pool-163-thread-1] INFO  server.RaftServerConfigKeys (ConfUtils.java:logGet(46)) - raft.server.rpc.timeout.min = 5s (custom)
2022-12-19 18:38:48,602 [pool-163-thread-1] INFO  server.RaftServerConfigKeys (ConfUtils.java:logGet(46)) - raft.server.rpc.timeout.max = 5200ms (custom)
2022-12-19 18:38:48,602 [pool-163-thread-1] INFO  server.RaftServerConfigKeys (ConfUtils.java:logGet(46)) - raft.server.rpc.sleep.time = 25ms (default)
2022-12-19 18:38:48,602 [pool-163-thread-1] INFO  server.RaftServerConfigKeys (ConfUtils.java:logGet(46)) - raft.server.rpc.slowness.timeout = 300s (custom)
2022-12-19 18:38:48,602 [pool-163-thread-1] INFO  server.RaftServerConfigKeys (ConfUtils.java:logGet(46)) - raft.server.leaderelection.leader.step-down.wait-time = 10s (default)
2022-12-19 18:38:48,602 [pool-163-thread-1] INFO  server.RaftServerConfigKeys (ConfUtils.java:logGet(46)) - raft.server.sleep.deviation.threshold = 300ms (default)
2022-12-19 18:38:48,603 [pool-163-thread-1] INFO  server.RaftServer$Division (ServerState.java:<init>(118)) - a138d61e-33be-4034-b658-559812d9cbdd@group-AF7B5C654995: ConfigurationManager, init=-1: peers:[a138d61e-33be-4034-b658-559812d9cbdd|rpc:10.1.0.24:45397|dataStream:10.1.0.24:37159|priority:1|startupRole:FOLLOWER]|listeners:[], old=null, confs=<EMPTY_MAP>
2022-12-19 18:38:48,603 [pool-163-thread-1] INFO  server.RaftServerConfigKeys (ConfUtils.java:logGet(46)) - raft.server.storage.dir = [/home/runner/work/ozone/ozone/hadoop-ozone/integration-test/target/test-dir/MiniOzoneClusterImpl-11542299-c030-49ce-a1ef-33f98f34fc6c/datanode-4/data/ratis] (custom)
2022-12-19 18:38:48,603 [pool-163-thread-1] INFO  server.RaftServerConfigKeys (ConfUtils.java:logGet(46)) - raft.server.log.corruption.policy = EXCEPTION (default)
2022-12-19 18:38:48,603 [pool-163-thread-1] INFO  server.RaftServerConfigKeys (ConfUtils.java:logGet(46)) - raft.server.storage.free-space.min = 0MB (=0) (default)
2022-12-19 18:38:48,603 [pool-163-thread-1] INFO  server.RaftServerConfigKeys (ConfUtils.java:logGet(46)) - raft.server.notification.no-leader.timeout = 300s (custom)
2022-12-19 18:38:48,603 [pool-163-thread-1] INFO  server.RaftServerConfigKeys (ConfUtils.java:logGet(46)) - raft.server.retrycache.expirytime = 600000ms (custom)
2022-12-19 18:38:48,603 [pool-163-thread-1] INFO  server.RaftServerConfigKeys (ConfUtils.java:logGet(46)) - raft.server.retrycache.statistics.expirytime = 100μs (default)
2022-12-19 18:38:48,604 [pool-163-thread-1] INFO  server.RaftServerConfigKeys (ConfUtils.java:logGet(46)) - raft.server.log.appender.install.snapshot.enabled = false (custom)
2022-12-19 18:38:48,604 [pool-163-thread-1] INFO  server.RaftServerConfigKeys (ConfUtils.java:logGet(46)) - raft.server.threadpool.server.cached = true (default)
2022-12-19 18:38:48,604 [pool-163-thread-1] INFO  server.RaftServerConfigKeys (ConfUtils.java:logGet(46)) - raft.server.threadpool.server.size = 0 (default)
2022-12-19 18:38:48,604 [pool-163-thread-1] INFO  server.RaftServerConfigKeys (ConfUtils.java:logGet(46)) - raft.server.threadpool.client.cached = true (default)
2022-12-19 18:38:48,604 [pool-163-thread-1] INFO  server.RaftServerConfigKeys (ConfUtils.java:logGet(46)) - raft.server.threadpool.client.size = 0 (default)
2022-12-19 18:38:48,604 [pool-163-thread-1] INFO  storage.RaftStorageDirectory (RaftStorageDirectoryImpl.java:analyzeStorage(137)) - The storage directory /home/runner/work/ozone/ozone/hadoop-ozone/integration-test/target/test-dir/MiniOzoneClusterImpl-11542299-c030-49ce-a1ef-33f98f34fc6c/datanode-4/data/ratis/01959d57-9a45-4936-a690-af7b5c654995 does not exist. Creating ...
2022-12-19 18:38:48,605 [pool-163-thread-1] INFO  storage.RaftStorageDirectory (RaftStorageDirectoryImpl.java:tryLock(231)) - Lock on /home/runner/work/ozone/ozone/hadoop-ozone/integration-test/target/test-dir/MiniOzoneClusterImpl-11542299-c030-49ce-a1ef-33f98f34fc6c/datanode-4/data/ratis/01959d57-9a45-4936-a690-af7b5c654995/in_use.lock acquired by nodename 10449@fv-az353-760
2022-12-19 18:38:48,606 [pool-163-thread-1] INFO  storage.RaftStorage (RaftStorageImpl.java:format(96)) - Storage directory /home/runner/work/ozone/ozone/hadoop-ozone/integration-test/target/test-dir/MiniOzoneClusterImpl-11542299-c030-49ce-a1ef-33f98f34fc6c/datanode-4/data/ratis/01959d57-9a45-4936-a690-af7b5c654995 has been successfully formatted.
2022-12-19 18:38:48,607 [pool-163-thread-1] INFO  ratis.ContainerStateMachine (ContainerStateMachine.java:loadSnapshot(240)) - group-AF7B5C654995: The snapshot info is null. Setting the last applied indexto:(t:0, i:~)
2022-12-19 18:38:48,607 [pool-163-thread-1] INFO  server.RaftServerConfigKeys (ConfUtils.java:logGet(46)) - raft.server.log.use.memory = false (default)
2022-12-19 18:38:48,607 [pool-163-thread-1] INFO  server.RaftServerConfigKeys (ConfUtils.java:logGet(46)) - raft.server.log.purge.gap = 1000000 (custom)
2022-12-19 18:38:48,607 [pool-163-thread-1] INFO  server.RaftServerConfigKeys (ConfUtils.java:logGet(46)) - raft.server.log.appender.buffer.byte-limit = 33554432 (custom)
2022-12-19 18:38:48,622 [EventQueue-PipelineReportForPipelineReportHandler] INFO  pipeline.PipelineManagerImpl (PipelineManagerImpl.java:openPipeline(367)) - Pipeline Pipeline[ Id: 01959d57-9a45-4936-a690-af7b5c654995, Nodes: a138d61e-33be-4034-b658-559812d9cbdd{ip: 10.1.0.24, host: fv-az353-760.tkyx2seitsuu3nmpmouz2httfb.bx.internal.cloudapp.net, ports: [REPLICATION=38045, RATIS=45397, RATIS_ADMIN=45397, RATIS_SERVER=45397, RATIS_DATASTREAM=37159, STANDALONE=42919], networkLocation: /default-rack, certSerialId: null, persistedOpState: IN_SERVICE, persistedOpStateExpiryEpochSec: 0}, ReplicationConfig: RATIS/ONE, State:ALLOCATED, leaderId:a138d61e-33be-4034-b658-559812d9cbdd, CreationTimestamp2022-12-19T18:38:45.576Z[Etc/UTC]] moved to OPEN state
2022-12-19 18:38:48,612 [EventQueue-CommandQueueReportForCommandQueueReportHandler] WARN  events.EventQueue (EventQueue.java:fireEvent(216)) - No event handler registered for event TypedEvent{payloadType=DatanodeDetails, name='Datanode_Command_Queue_Updated'}
2022-12-19 18:38:48,622 [pool-163-thread-1] INFO  server.RaftServerConfigKeys (ConfUtils.java:logGet(46)) - raft.server.log.statemachine.data.read.timeout = 1000ms (default)
2022-12-19 18:38:48,625 [pool-163-thread-1] INFO  server.RaftServerConfigKeys (ConfUtils.java:logGet(46)) - raft.server.log.purge.preservation.log.num = 0 (default)
2022-12-19 18:38:48,624 [EventQueue-OpenPipelineForHealthyPipelineSafeModeRule] INFO  safemode.SCMSafeModeManager (HealthyPipelineSafeModeRule.java:process(137)) - SCM in safe mode. Healthy pipelines reported count is 0, required healthy pipeline reported count is 1
2022-12-19 18:38:48,625 [pool-163-thread-1] INFO  server.RaftServerConfigKeys (ConfUtils.java:logGet(46)) - raft.server.log.segment.size.max = 1048576 (custom)
2022-12-19 18:38:48,626 [pool-163-thread-1] INFO  server.RaftServerConfigKeys (ConfUtils.java:logGet(46)) - raft.server.log.segment.cache.num.max = 2 (custom)
2022-12-19 18:38:48,626 [pool-163-thread-1] INFO  server.RaftServerConfigKeys (ConfUtils.java:logGet(46)) - raft.server.log.segment.cache.size.max = 200MB (=209715200) (default)
2022-12-19 18:38:48,626 [pool-163-thread-1] INFO  segmented.SegmentedRaftLogWorker (SegmentedRaftLogWorker.java:<init>(189)) - new a138d61e-33be-4034-b658-559812d9cbdd@group-AF7B5C654995-SegmentedRaftLogWorker for RaftStorageImpl:Storage Directory /home/runner/work/ozone/ozone/hadoop-ozone/integration-test/target/test-dir/MiniOzoneClusterImpl-11542299-c030-49ce-a1ef-33f98f34fc6c/datanode-4/data/ratis/01959d57-9a45-4936-a690-af7b5c654995
2022-12-19 18:38:48,626 [pool-163-thread-1] INFO  server.RaftServerConfigKeys (ConfUtils.java:logGet(46)) - raft.server.log.queue.byte-limit = 4294967296 (custom)
2022-12-19 18:38:48,626 [pool-163-thread-1] INFO  server.RaftServerConfigKeys (ConfUtils.java:logGet(46)) - raft.server.log.queue.element-limit = 1024 (custom)
2022-12-19 18:38:48,626 [pool-163-thread-1] INFO  server.RaftServerConfigKeys (ConfUtils.java:logGet(46)) - raft.server.log.segment.size.max = 1048576 (custom)
2022-12-19 18:38:48,626 [pool-163-thread-1] INFO  server.RaftServerConfigKeys (ConfUtils.java:logGet(46)) - raft.server.log.preallocated.size = 16384 (custom)
2022-12-19 18:38:48,626 [pool-163-thread-1] INFO  server.RaftServerConfigKeys (ConfUtils.java:logGet(46)) - raft.server.log.force.sync.num = 128 (default)
2022-12-19 18:38:48,626 [pool-163-thread-1] INFO  server.RaftServerConfigKeys (ConfUtils.java:logGet(46)) - raft.server.log.statemachine.data.sync = true (default)
2022-12-19 18:38:48,626 [pool-163-thread-1] INFO  server.RaftServerConfigKeys (ConfUtils.java:logGet(46)) - raft.server.log.statemachine.data.sync.timeout = 10s (default)
2022-12-19 18:38:48,626 [pool-163-thread-1] INFO  server.RaftServerConfigKeys (ConfUtils.java:logGet(46)) - raft.server.log.statemachine.data.sync.timeout.retry = -1 (default)
2022-12-19 18:38:48,627 [pool-163-thread-1] INFO  server.RaftServerConfigKeys (ConfUtils.java:logGet(46)) - raft.server.log.write.buffer.size = 1048576 (custom)
2022-12-19 18:38:48,629 [pool-163-thread-1] INFO  server.RaftServerConfigKeys (ConfUtils.java:logGet(46)) - raft.server.log.appender.buffer.byte-limit = 33554432 (custom)
2022-12-19 18:38:48,635 [grpc-default-executor-1] INFO  server.RaftServer (RaftServerProxy.java:addNew(96)) - 577e0dac-7593-4640-b9aa-fa89f15259b7: addNew group-402B03C4197C:[a138d61e-33be-4034-b658-559812d9cbdd|rpc:10.1.0.24:45397|dataStream:10.1.0.24:37159|priority:0|startupRole:FOLLOWER, 53431d8f-156a-4a42-8637-9d4e156967ab|rpc:10.1.0.24:42575|dataStream:10.1.0.24:37095|priority:0|startupRole:FOLLOWER, 577e0dac-7593-4640-b9aa-fa89f15259b7|rpc:10.1.0.24:45135|dataStream:10.1.0.24:40327|priority:1|startupRole:FOLLOWER] returns group-402B03C4197C:java.util.concurrent.CompletableFuture@56993701[Not completed]
2022-12-19 18:38:48,637 [pool-163-thread-1] INFO  server.RaftServerConfigKeys (ConfUtils.java:logGet(46)) - raft.server.log.unsafe-flush.enabled = false (default)
2022-12-19 18:38:48,637 [pool-163-thread-1] INFO  server.RaftServerConfigKeys (ConfUtils.java:logGet(46)) - raft.server.log.async-flush.enabled = false (default)
2022-12-19 18:38:48,637 [pool-163-thread-1] INFO  server.RaftServerConfigKeys (ConfUtils.java:logGet(46)) - raft.server.log.statemachine.data.caching.enabled = true (custom)
2022-12-19 18:38:48,637 [pool-163-thread-1] INFO  segmented.SegmentedRaftLogWorker (SegmentedRaftLogWorker.java:lambda$new$0(135)) - a138d61e-33be-4034-b658-559812d9cbdd@group-AF7B5C654995-SegmentedRaftLogWorker: flushIndex: setUnconditionally 0 -> -1
2022-12-19 18:38:48,637 [pool-163-thread-1] INFO  segmented.SegmentedRaftLogWorker (SegmentedRaftLogWorker.java:lambda$new$0(135)) - a138d61e-33be-4034-b658-559812d9cbdd@group-AF7B5C654995-SegmentedRaftLogWorker: safeCacheEvictIndex: setUnconditionally 0 -> -1
2022-12-19 18:38:48,638 [pool-163-thread-1] INFO  server.RaftServer$Division (RaftServerImpl.java:start(334)) - a138d61e-33be-4034-b658-559812d9cbdd@group-AF7B5C654995: start as a follower, conf=-1: peers:[a138d61e-33be-4034-b658-559812d9cbdd|rpc:10.1.0.24:45397|dataStream:10.1.0.24:37159|priority:1|startupRole:FOLLOWER]|listeners:[], old=null
2022-12-19 18:38:48,638 [pool-163-thread-1] INFO  server.RaftServer$Division (RaftServerImpl.java:setRole(321)) - a138d61e-33be-4034-b658-559812d9cbdd@group-AF7B5C654995: changes role from      null to FOLLOWER at term 0 for startAsFollower
2022-12-19 18:38:48,638 [pool-163-thread-1] INFO  impl.RoleInfo (RoleInfo.java:updateAndGet(139)) - a138d61e-33be-4034-b658-559812d9cbdd: start a138d61e-33be-4034-b658-559812d9cbdd@group-AF7B5C654995-FollowerState
2022-12-19 18:38:48,638 [pool-163-thread-1] INFO  util.JmxRegister (JmxRegister.java:tryRegister(44)) - Successfully registered JMX Bean with object name Ratis:service=RaftServer,group=group-AF7B5C654995,id=a138d61e-33be-4034-b658-559812d9cbdd
2022-12-19 18:38:48,639 [pool-163-thread-1] INFO  server.RaftServerConfigKeys (ConfUtils.java:logGet(46)) - raft.server.snapshot.auto.trigger.enabled = true (custom)
2022-12-19 18:38:48,639 [pool-163-thread-1] INFO  server.RaftServerConfigKeys (ConfUtils.java:logGet(46)) - raft.server.snapshot.auto.trigger.threshold = 10000 (custom)
2022-12-19 18:38:48,639 [pool-163-thread-1] INFO  server.RaftServerConfigKeys (ConfUtils.java:logGet(46)) - raft.server.snapshot.retention.file.num = 5 (custom)
2022-12-19 18:38:48,639 [pool-186-thread-1] INFO  server.RaftServer$Division (RaftServerImpl.java:<init>(195)) - 577e0dac-7593-4640-b9aa-fa89f15259b7: new RaftServerImpl for group-402B03C4197C:[a138d61e-33be-4034-b658-559812d9cbdd|rpc:10.1.0.24:45397|dataStream:10.1.0.24:37159|priority:0|startupRole:FOLLOWER, 53431d8f-156a-4a42-8637-9d4e156967ab|rpc:10.1.0.24:42575|dataStream:10.1.0.24:37095|priority:0|startupRole:FOLLOWER, 577e0dac-7593-4640-b9aa-fa89f15259b7|rpc:10.1.0.24:45135|dataStream:10.1.0.24:40327|priority:1|startupRole:FOLLOWER] with ContainerStateMachine:uninitialized
2022-12-19 18:38:48,639 [pool-163-thread-1] INFO  server.RaftServerConfigKeys (ConfUtils.java:logGet(46)) - raft.server.log.purge.upto.snapshot.index = false (default)
2022-12-19 18:38:48,639 [a138d61e-33be-4034-b658-559812d9cbdd@group-AF7B5C654995-FollowerState] INFO  server.RaftServerConfigKeys (ConfUtils.java:logFallback(53)) - raft.server.rpc.first-election.timeout.min = 5s (fallback to raft.server.rpc.timeout.min)
2022-12-19 18:38:48,644 [a138d61e-33be-4034-b658-559812d9cbdd@group-AF7B5C654995-FollowerState] INFO  server.RaftServerConfigKeys (ConfUtils.java:logFallback(53)) - raft.server.rpc.first-election.timeout.max = 5200ms (fallback to raft.server.rpc.timeout.max)
2022-12-19 18:38:48,644 [Command processor thread] INFO  ratis.XceiverServerRatis (XceiverServerRatis.java:addGroup(806)) - Created group PipelineID=01959d57-9a45-4936-a690-af7b5c654995
2022-12-19 18:38:48,644 [Command processor thread] INFO  commandhandler.CreatePipelineCommandHandler (CreatePipelineCommandHandler.java:handle(113)) - Created Pipeline RATIS ONE PipelineID=01959d57-9a45-4936-a690-af7b5c654995.
2022-12-19 18:38:48,644 [Command processor thread] INFO  server.RaftServer (RaftServerProxy.java:addNew(96)) - a138d61e-33be-4034-b658-559812d9cbdd: addNew group-6C568F008C3A:[a138d61e-33be-4034-b658-559812d9cbdd|rpc:10.1.0.24:45397|dataStream:10.1.0.24:37159|priority:1|startupRole:FOLLOWER, 53431d8f-156a-4a42-8637-9d4e156967ab|rpc:10.1.0.24:42575|dataStream:10.1.0.24:37095|priority:0|startupRole:FOLLOWER, 577e0dac-7593-4640-b9aa-fa89f15259b7|rpc:10.1.0.24:45135|dataStream:10.1.0.24:40327|priority:0|startupRole:FOLLOWER] returns group-6C568F008C3A:java.util.concurrent.CompletableFuture@43f8b68e[Not completed]
2022-12-19 18:38:48,645 [pool-163-thread-1] INFO  server.RaftServer$Division (RaftServerImpl.java:<init>(195)) - a138d61e-33be-4034-b658-559812d9cbdd: new RaftServerImpl for group-6C568F008C3A:[a138d61e-33be-4034-b658-559812d9cbdd|rpc:10.1.0.24:45397|dataStream:10.1.0.24:37159|priority:1|startupRole:FOLLOWER, 53431d8f-156a-4a42-8637-9d4e156967ab|rpc:10.1.0.24:42575|dataStream:10.1.0.24:37095|priority:0|startupRole:FOLLOWER, 577e0dac-7593-4640-b9aa-fa89f15259b7|rpc:10.1.0.24:45135|dataStream:10.1.0.24:40327|priority:0|startupRole:FOLLOWER] with ContainerStateMachine:uninitialized
2022-12-19 18:38:48,645 [pool-163-thread-1] INFO  server.RaftServerConfigKeys (ConfUtils.java:logGet(46)) - raft.server.rpc.timeout.min = 5s (custom)
2022-12-19 18:38:48,645 [pool-163-thread-1] INFO  server.RaftServerConfigKeys (ConfUtils.java:logGet(46)) - raft.server.rpc.timeout.max = 5200ms (custom)
2022-12-19 18:38:48,645 [pool-163-thread-1] INFO  server.RaftServerConfigKeys (ConfUtils.java:logGet(46)) - raft.server.rpc.sleep.time = 25ms (default)
2022-12-19 18:38:48,645 [pool-163-thread-1] INFO  server.RaftServerConfigKeys (ConfUtils.java:logGet(46)) - raft.server.rpc.slowness.timeout = 300s (custom)
2022-12-19 18:38:48,645 [pool-163-thread-1] INFO  server.RaftServerConfigKeys (ConfUtils.java:logGet(46)) - raft.server.leaderelection.leader.step-down.wait-time = 10s (default)
2022-12-19 18:38:48,645 [pool-163-thread-1] INFO  server.RaftServerConfigKeys (ConfUtils.java:logGet(46)) - raft.server.sleep.deviation.threshold = 300ms (default)
2022-12-19 18:38:48,645 [pool-163-thread-1] INFO  server.RaftServer$Division (ServerState.java:<init>(118)) - a138d61e-33be-4034-b658-559812d9cbdd@group-6C568F008C3A: ConfigurationManager, init=-1: peers:[a138d61e-33be-4034-b658-559812d9cbdd|rpc:10.1.0.24:45397|dataStream:10.1.0.24:37159|priority:1|startupRole:FOLLOWER, 53431d8f-156a-4a42-8637-9d4e156967ab|rpc:10.1.0.24:42575|dataStream:10.1.0.24:37095|priority:0|startupRole:FOLLOWER, 577e0dac-7593-4640-b9aa-fa89f15259b7|rpc:10.1.0.24:45135|dataStream:10.1.0.24:40327|priority:0|startupRole:FOLLOWER]|listeners:[], old=null, confs=<EMPTY_MAP>
2022-12-19 18:38:48,645 [pool-163-thread-1] INFO  server.RaftServerConfigKeys (ConfUtils.java:logGet(46)) - raft.server.storage.dir = [/home/runner/work/ozone/ozone/hadoop-ozone/integration-test/target/test-dir/MiniOzoneClusterImpl-11542299-c030-49ce-a1ef-33f98f34fc6c/datanode-4/data/ratis] (custom)
2022-12-19 18:38:48,646 [pool-163-thread-1] INFO  server.RaftServerConfigKeys (ConfUtils.java:logGet(46)) - raft.server.log.corruption.policy = EXCEPTION (default)
2022-12-19 18:38:48,646 [pool-163-thread-1] INFO  server.RaftServerConfigKeys (ConfUtils.java:logGet(46)) - raft.server.storage.free-space.min = 0MB (=0) (default)
2022-12-19 18:38:48,646 [pool-163-thread-1] INFO  server.RaftServerConfigKeys (ConfUtils.java:logGet(46)) - raft.server.notification.no-leader.timeout = 300s (custom)
2022-12-19 18:38:48,646 [pool-163-thread-1] INFO  server.RaftServerConfigKeys (ConfUtils.java:logGet(46)) - raft.server.retrycache.expirytime = 600000ms (custom)
2022-12-19 18:38:48,646 [pool-163-thread-1] INFO  server.RaftServerConfigKeys (ConfUtils.java:logGet(46)) - raft.server.retrycache.statistics.expirytime = 100μs (default)
2022-12-19 18:38:48,647 [pool-163-thread-1] INFO  server.RaftServerConfigKeys (ConfUtils.java:logGet(46)) - raft.server.log.appender.install.snapshot.enabled = false (custom)
2022-12-19 18:38:48,647 [pool-163-thread-1] INFO  server.RaftServerConfigKeys (ConfUtils.java:logGet(46)) - raft.server.threadpool.server.cached = true (default)
2022-12-19 18:38:48,647 [pool-163-thread-1] INFO  server.RaftServerConfigKeys (ConfUtils.java:logGet(46)) - raft.server.threadpool.server.size = 0 (default)
2022-12-19 18:38:48,647 [pool-163-thread-1] INFO  server.RaftServerConfigKeys (ConfUtils.java:logGet(46)) - raft.server.threadpool.client.cached = true (default)
2022-12-19 18:38:48,647 [pool-163-thread-1] INFO  server.RaftServerConfigKeys (ConfUtils.java:logGet(46)) - raft.server.threadpool.client.size = 0 (default)
2022-12-19 18:38:48,647 [pool-163-thread-1] INFO  storage.RaftStorageDirectory (RaftStorageDirectoryImpl.java:analyzeStorage(137)) - The storage directory /home/runner/work/ozone/ozone/hadoop-ozone/integration-test/target/test-dir/MiniOzoneClusterImpl-11542299-c030-49ce-a1ef-33f98f34fc6c/datanode-4/data/ratis/f2fe750a-536e-4391-947d-6c568f008c3a does not exist. Creating ...
2022-12-19 18:38:48,647 [pool-186-thread-1] INFO  server.RaftServerConfigKeys (ConfUtils.java:logGet(46)) - raft.server.rpc.timeout.min = 5s (custom)
2022-12-19 18:38:48,648 [pool-186-thread-1] INFO  server.RaftServerConfigKeys (ConfUtils.java:logGet(46)) - raft.server.rpc.timeout.max = 5200ms (custom)
2022-12-19 18:38:48,648 [pool-186-thread-1] INFO  server.RaftServerConfigKeys (ConfUtils.java:logGet(46)) - raft.server.rpc.sleep.time = 25ms (default)
2022-12-19 18:38:48,648 [pool-186-thread-1] INFO  server.RaftServerConfigKeys (ConfUtils.java:logGet(46)) - raft.server.rpc.slowness.timeout = 300s (custom)
2022-12-19 18:38:48,648 [pool-186-thread-1] INFO  server.RaftServerConfigKeys (ConfUtils.java:logGet(46)) - raft.server.leaderelection.leader.step-down.wait-time = 10s (default)
2022-12-19 18:38:48,648 [pool-186-thread-1] INFO  server.RaftServerConfigKeys (ConfUtils.java:logGet(46)) - raft.server.sleep.deviation.threshold = 300ms (default)
2022-12-19 18:38:48,648 [pool-186-thread-1] INFO  server.RaftServer$Division (ServerState.java:<init>(118)) - 577e0dac-7593-4640-b9aa-fa89f15259b7@group-402B03C4197C: ConfigurationManager, init=-1: peers:[a138d61e-33be-4034-b658-559812d9cbdd|rpc:10.1.0.24:45397|dataStream:10.1.0.24:37159|priority:0|startupRole:FOLLOWER, 53431d8f-156a-4a42-8637-9d4e156967ab|rpc:10.1.0.24:42575|dataStream:10.1.0.24:37095|priority:0|startupRole:FOLLOWER, 577e0dac-7593-4640-b9aa-fa89f15259b7|rpc:10.1.0.24:45135|dataStream:10.1.0.24:40327|priority:1|startupRole:FOLLOWER]|listeners:[], old=null, confs=<EMPTY_MAP>
2022-12-19 18:38:48,648 [pool-186-thread-1] INFO  server.RaftServerConfigKeys (ConfUtils.java:logGet(46)) - raft.server.storage.dir = [/home/runner/work/ozone/ozone/hadoop-ozone/integration-test/target/test-dir/MiniOzoneClusterImpl-11542299-c030-49ce-a1ef-33f98f34fc6c/datanode-5/data/ratis] (custom)
2022-12-19 18:38:48,648 [pool-186-thread-1] INFO  server.RaftServerConfigKeys (ConfUtils.java:logGet(46)) - raft.server.log.corruption.policy = EXCEPTION (default)
2022-12-19 18:38:48,648 [pool-186-thread-1] INFO  server.RaftServerConfigKeys (ConfUtils.java:logGet(46)) - raft.server.storage.free-space.min = 0MB (=0) (default)
2022-12-19 18:38:48,649 [pool-186-thread-1] INFO  server.RaftServerConfigKeys (ConfUtils.java:logGet(46)) - raft.server.notification.no-leader.timeout = 300s (custom)
2022-12-19 18:38:48,649 [pool-186-thread-1] INFO  server.RaftServerConfigKeys (ConfUtils.java:logGet(46)) - raft.server.retrycache.expirytime = 600000ms (custom)
2022-12-19 18:38:48,649 [pool-186-thread-1] INFO  server.RaftServerConfigKeys (ConfUtils.java:logGet(46)) - raft.server.retrycache.statistics.expirytime = 100μs (default)
2022-12-19 18:38:48,650 [pool-163-thread-1] INFO  storage.RaftStorageDirectory (RaftStorageDirectoryImpl.java:tryLock(231)) - Lock on /home/runner/work/ozone/ozone/hadoop-ozone/integration-test/target/test-dir/MiniOzoneClusterImpl-11542299-c030-49ce-a1ef-33f98f34fc6c/datanode-4/data/ratis/f2fe750a-536e-4391-947d-6c568f008c3a/in_use.lock acquired by nodename 10449@fv-az353-760
2022-12-19 18:38:48,650 [pool-186-thread-1] INFO  server.RaftServerConfigKeys (ConfUtils.java:logGet(46)) - raft.server.log.appender.install.snapshot.enabled = false (custom)
2022-12-19 18:38:48,651 [pool-186-thread-1] INFO  server.RaftServerConfigKeys (ConfUtils.java:logGet(46)) - raft.server.threadpool.server.cached = true (default)
2022-12-19 18:38:48,651 [pool-186-thread-1] INFO  server.RaftServerConfigKeys (ConfUtils.java:logGet(46)) - raft.server.threadpool.server.size = 0 (default)
2022-12-19 18:38:48,651 [pool-186-thread-1] INFO  server.RaftServerConfigKeys (ConfUtils.java:logGet(46)) - raft.server.threadpool.client.cached = true (default)
2022-12-19 18:38:48,651 [pool-186-thread-1] INFO  server.RaftServerConfigKeys (ConfUtils.java:logGet(46)) - raft.server.threadpool.client.size = 0 (default)
2022-12-19 18:38:48,651 [pool-186-thread-1] INFO  storage.RaftStorageDirectory (RaftStorageDirectoryImpl.java:analyzeStorage(137)) - The storage directory /home/runner/work/ozone/ozone/hadoop-ozone/integration-test/target/test-dir/MiniOzoneClusterImpl-11542299-c030-49ce-a1ef-33f98f34fc6c/datanode-5/data/ratis/11141a20-bb0e-415d-ac4a-402b03c4197c does not exist. Creating ...
2022-12-19 18:38:48,652 [pool-163-thread-1] INFO  storage.RaftStorage (RaftStorageImpl.java:format(96)) - Storage directory /home/runner/work/ozone/ozone/hadoop-ozone/integration-test/target/test-dir/MiniOzoneClusterImpl-11542299-c030-49ce-a1ef-33f98f34fc6c/datanode-4/data/ratis/f2fe750a-536e-4391-947d-6c568f008c3a has been successfully formatted.
2022-12-19 18:38:48,653 [pool-163-thread-1] INFO  ratis.ContainerStateMachine (ContainerStateMachine.java:loadSnapshot(240)) - group-6C568F008C3A: The snapshot info is null. Setting the last applied indexto:(t:0, i:~)
2022-12-19 18:38:48,653 [pool-163-thread-1] INFO  server.RaftServerConfigKeys (ConfUtils.java:logGet(46)) - raft.server.log.use.memory = false (default)
2022-12-19 18:38:48,653 [pool-163-thread-1] INFO  server.RaftServerConfigKeys (ConfUtils.java:logGet(46)) - raft.server.log.purge.gap = 1000000 (custom)
2022-12-19 18:38:48,653 [pool-163-thread-1] INFO  server.RaftServerConfigKeys (ConfUtils.java:logGet(46)) - raft.server.log.appender.buffer.byte-limit = 33554432 (custom)
2022-12-19 18:38:48,653 [pool-163-thread-1] INFO  server.RaftServerConfigKeys (ConfUtils.java:logGet(46)) - raft.server.log.statemachine.data.read.timeout = 1000ms (default)
2022-12-19 18:38:48,653 [pool-163-thread-1] INFO  server.RaftServerConfigKeys (ConfUtils.java:logGet(46)) - raft.server.log.purge.preservation.log.num = 0 (default)
2022-12-19 18:38:48,653 [pool-163-thread-1] INFO  server.RaftServerConfigKeys (ConfUtils.java:logGet(46)) - raft.server.log.segment.size.max = 1048576 (custom)
2022-12-19 18:38:48,654 [pool-163-thread-1] INFO  server.RaftServerConfigKeys (ConfUtils.java:logGet(46)) - raft.server.log.segment.cache.num.max = 2 (custom)
2022-12-19 18:38:48,654 [pool-163-thread-1] INFO  server.RaftServerConfigKeys (ConfUtils.java:logGet(46)) - raft.server.log.segment.cache.size.max = 200MB (=209715200) (default)
2022-12-19 18:38:48,654 [pool-163-thread-1] INFO  segmented.SegmentedRaftLogWorker (SegmentedRaftLogWorker.java:<init>(189)) - new a138d61e-33be-4034-b658-559812d9cbdd@group-6C568F008C3A-SegmentedRaftLogWorker for RaftStorageImpl:Storage Directory /home/runner/work/ozone/ozone/hadoop-ozone/integration-test/target/test-dir/MiniOzoneClusterImpl-11542299-c030-49ce-a1ef-33f98f34fc6c/datanode-4/data/ratis/f2fe750a-536e-4391-947d-6c568f008c3a
2022-12-19 18:38:48,654 [pool-163-thread-1] INFO  server.RaftServerConfigKeys (ConfUtils.java:logGet(46)) - raft.server.log.queue.byte-limit = 4294967296 (custom)
2022-12-19 18:38:48,654 [pool-163-thread-1] INFO  server.RaftServerConfigKeys (ConfUtils.java:logGet(46)) - raft.server.log.queue.element-limit = 1024 (custom)
2022-12-19 18:38:48,654 [pool-163-thread-1] INFO  server.RaftServerConfigKeys (ConfUtils.java:logGet(46)) - raft.server.log.segment.size.max = 1048576 (custom)
2022-12-19 18:38:48,654 [pool-163-thread-1] INFO  server.RaftServerConfigKeys (ConfUtils.java:logGet(46)) - raft.server.log.preallocated.size = 16384 (custom)
2022-12-19 18:38:48,654 [pool-163-thread-1] INFO  server.RaftServerConfigKeys (ConfUtils.java:logGet(46)) - raft.server.log.force.sync.num = 128 (default)
2022-12-19 18:38:48,656 [pool-163-thread-1] INFO  server.RaftServerConfigKeys (ConfUtils.java:logGet(46)) - raft.server.log.statemachine.data.sync = true (default)
2022-12-19 18:38:48,656 [pool-163-thread-1] INFO  server.RaftServerConfigKeys (ConfUtils.java:logGet(46)) - raft.server.log.statemachine.data.sync.timeout = 10s (default)
2022-12-19 18:38:48,656 [pool-163-thread-1] INFO  server.RaftServerConfigKeys (ConfUtils.java:logGet(46)) - raft.server.log.statemachine.data.sync.timeout.retry = -1 (default)
2022-12-19 18:38:48,656 [EventQueue-CommandQueueReportForCommandQueueReportHandler] WARN  events.EventQueue (EventQueue.java:fireEvent(216)) - No event handler registered for event TypedEvent{payloadType=DatanodeDetails, name='Datanode_Command_Queue_Updated'}
2022-12-19 18:38:48,656 [EventQueue-OpenPipelineForHealthyPipelineSafeModeRule] INFO  safemode.SCMSafeModeManager (HealthyPipelineSafeModeRule.java:process(137)) - SCM in safe mode. Healthy pipelines reported count is 0, required healthy pipeline reported count is 1
2022-12-19 18:38:48,656 [pool-186-thread-1] INFO  storage.RaftStorageDirectory (RaftStorageDirectoryImpl.java:tryLock(231)) - Lock on /home/runner/work/ozone/ozone/hadoop-ozone/integration-test/target/test-dir/MiniOzoneClusterImpl-11542299-c030-49ce-a1ef-33f98f34fc6c/datanode-5/data/ratis/11141a20-bb0e-415d-ac4a-402b03c4197c/in_use.lock acquired by nodename 10449@fv-az353-760
2022-12-19 18:38:48,657 [pool-163-thread-1] INFO  server.RaftServerConfigKeys (ConfUtils.java:logGet(46)) - raft.server.log.write.buffer.size = 1048576 (custom)
2022-12-19 18:38:48,658 [pool-163-thread-1] INFO  server.RaftServerConfigKeys (ConfUtils.java:logGet(46)) - raft.server.log.appender.buffer.byte-limit = 33554432 (custom)
2022-12-19 18:38:48,659 [pool-186-thread-1] INFO  storage.RaftStorage (RaftStorageImpl.java:format(96)) - Storage directory /home/runner/work/ozone/ozone/hadoop-ozone/integration-test/target/test-dir/MiniOzoneClusterImpl-11542299-c030-49ce-a1ef-33f98f34fc6c/datanode-5/data/ratis/11141a20-bb0e-415d-ac4a-402b03c4197c has been successfully formatted.
2022-12-19 18:38:48,662 [pool-186-thread-1] INFO  ratis.ContainerStateMachine (ContainerStateMachine.java:loadSnapshot(240)) - group-402B03C4197C: The snapshot info is null. Setting the last applied indexto:(t:0, i:~)
2022-12-19 18:38:48,662 [pool-186-thread-1] INFO  server.RaftServerConfigKeys (ConfUtils.java:logGet(46)) - raft.server.log.use.memory = false (default)
2022-12-19 18:38:48,662 [pool-186-thread-1] INFO  server.RaftServerConfigKeys (ConfUtils.java:logGet(46)) - raft.server.log.purge.gap = 1000000 (custom)
2022-12-19 18:38:48,662 [pool-186-thread-1] INFO  server.RaftServerConfigKeys (ConfUtils.java:logGet(46)) - raft.server.log.appender.buffer.byte-limit = 33554432 (custom)
2022-12-19 18:38:48,662 [pool-186-thread-1] INFO  server.RaftServerConfigKeys (ConfUtils.java:logGet(46)) - raft.server.log.statemachine.data.read.timeout = 1000ms (default)
2022-12-19 18:38:48,662 [pool-186-thread-1] INFO  server.RaftServerConfigKeys (ConfUtils.java:logGet(46)) - raft.server.log.purge.preservation.log.num = 0 (default)
2022-12-19 18:38:48,662 [pool-186-thread-1] INFO  server.RaftServerConfigKeys (ConfUtils.java:logGet(46)) - raft.server.log.segment.size.max = 1048576 (custom)
2022-12-19 18:38:48,663 [pool-186-thread-1] INFO  server.RaftServerConfigKeys (ConfUtils.java:logGet(46)) - raft.server.log.segment.cache.num.max = 2 (custom)
2022-12-19 18:38:48,663 [pool-186-thread-1] INFO  server.RaftServerConfigKeys (ConfUtils.java:logGet(46)) - raft.server.log.segment.cache.size.max = 200MB (=209715200) (default)
2022-12-19 18:38:48,663 [pool-186-thread-1] INFO  segmented.SegmentedRaftLogWorker (SegmentedRaftLogWorker.java:<init>(189)) - new 577e0dac-7593-4640-b9aa-fa89f15259b7@group-402B03C4197C-SegmentedRaftLogWorker for RaftStorageImpl:Storage Directory /home/runner/work/ozone/ozone/hadoop-ozone/integration-test/target/test-dir/MiniOzoneClusterImpl-11542299-c030-49ce-a1ef-33f98f34fc6c/datanode-5/data/ratis/11141a20-bb0e-415d-ac4a-402b03c4197c
2022-12-19 18:38:48,663 [pool-186-thread-1] INFO  server.RaftServerConfigKeys (ConfUtils.java:logGet(46)) - raft.server.log.queue.byte-limit = 4294967296 (custom)
2022-12-19 18:38:48,663 [pool-186-thread-1] INFO  server.RaftServerConfigKeys (ConfUtils.java:logGet(46)) - raft.server.log.queue.element-limit = 1024 (custom)
2022-12-19 18:38:48,663 [pool-186-thread-1] INFO  server.RaftServerConfigKeys (ConfUtils.java:logGet(46)) - raft.server.log.segment.size.max = 1048576 (custom)
2022-12-19 18:38:48,663 [pool-186-thread-1] INFO  server.RaftServerConfigKeys (ConfUtils.java:logGet(46)) - raft.server.log.preallocated.size = 16384 (custom)
2022-12-19 18:38:48,663 [pool-186-thread-1] INFO  server.RaftServerConfigKeys (ConfUtils.java:logGet(46)) - raft.server.log.force.sync.num = 128 (default)
2022-12-19 18:38:48,663 [pool-186-thread-1] INFO  server.RaftServerConfigKeys (ConfUtils.java:logGet(46)) - raft.server.log.statemachine.data.sync = true (default)
2022-12-19 18:38:48,663 [pool-186-thread-1] INFO  server.RaftServerConfigKeys (ConfUtils.java:logGet(46)) - raft.server.log.statemachine.data.sync.timeout = 10s (default)
2022-12-19 18:38:48,663 [pool-186-thread-1] INFO  server.RaftServerConfigKeys (ConfUtils.java:logGet(46)) - raft.server.log.statemachine.data.sync.timeout.retry = -1 (default)
2022-12-19 18:38:48,664 [pool-186-thread-1] INFO  server.RaftServerConfigKeys (ConfUtils.java:logGet(46)) - raft.server.log.write.buffer.size = 1048576 (custom)
2022-12-19 18:38:48,664 [pool-186-thread-1] INFO  server.RaftServerConfigKeys (ConfUtils.java:logGet(46)) - raft.server.log.appender.buffer.byte-limit = 33554432 (custom)
2022-12-19 18:38:48,667 [pool-186-thread-1] INFO  server.RaftServerConfigKeys (ConfUtils.java:logGet(46)) - raft.server.log.unsafe-flush.enabled = false (default)
2022-12-19 18:38:48,667 [pool-186-thread-1] INFO  server.RaftServerConfigKeys (ConfUtils.java:logGet(46)) - raft.server.log.async-flush.enabled = false (default)
2022-12-19 18:38:48,667 [pool-186-thread-1] INFO  server.RaftServerConfigKeys (ConfUtils.java:logGet(46)) - raft.server.log.statemachine.data.caching.enabled = true (custom)
2022-12-19 18:38:48,668 [EventQueue-CommandQueueReportForCommandQueueReportHandler] WARN  events.EventQueue (EventQueue.java:fireEvent(216)) - No event handler registered for event TypedEvent{payloadType=DatanodeDetails, name='Datanode_Command_Queue_Updated'}
2022-12-19 18:38:48,669 [pool-163-thread-1] INFO  server.RaftServerConfigKeys (ConfUtils.java:logGet(46)) - raft.server.log.unsafe-flush.enabled = false (default)
2022-12-19 18:38:48,669 [pool-163-thread-1] INFO  server.RaftServerConfigKeys (ConfUtils.java:logGet(46)) - raft.server.log.async-flush.enabled = false (default)
2022-12-19 18:38:48,670 [pool-163-thread-1] INFO  server.RaftServerConfigKeys (ConfUtils.java:logGet(46)) - raft.server.log.statemachine.data.caching.enabled = true (custom)
2022-12-19 18:38:48,670 [pool-163-thread-1] INFO  segmented.SegmentedRaftLogWorker (SegmentedRaftLogWorker.java:lambda$new$0(135)) - a138d61e-33be-4034-b658-559812d9cbdd@group-6C568F008C3A-SegmentedRaftLogWorker: flushIndex: setUnconditionally 0 -> -1
2022-12-19 18:38:48,670 [pool-163-thread-1] INFO  segmented.SegmentedRaftLogWorker (SegmentedRaftLogWorker.java:lambda$new$0(135)) - a138d61e-33be-4034-b658-559812d9cbdd@group-6C568F008C3A-SegmentedRaftLogWorker: safeCacheEvictIndex: setUnconditionally 0 -> -1
2022-12-19 18:38:48,671 [pool-186-thread-1] INFO  segmented.SegmentedRaftLogWorker (SegmentedRaftLogWorker.java:lambda$new$0(135)) - 577e0dac-7593-4640-b9aa-fa89f15259b7@group-402B03C4197C-SegmentedRaftLogWorker: flushIndex: setUnconditionally 0 -> -1
2022-12-19 18:38:48,671 [pool-186-thread-1] INFO  segmented.SegmentedRaftLogWorker (SegmentedRaftLogWorker.java:lambda$new$0(135)) - 577e0dac-7593-4640-b9aa-fa89f15259b7@group-402B03C4197C-SegmentedRaftLogWorker: safeCacheEvictIndex: setUnconditionally 0 -> -1
2022-12-19 18:38:48,671 [pool-163-thread-1] INFO  server.RaftServer$Division (RaftServerImpl.java:start(334)) - a138d61e-33be-4034-b658-559812d9cbdd@group-6C568F008C3A: start as a follower, conf=-1: peers:[a138d61e-33be-4034-b658-559812d9cbdd|rpc:10.1.0.24:45397|dataStream:10.1.0.24:37159|priority:1|startupRole:FOLLOWER, 53431d8f-156a-4a42-8637-9d4e156967ab|rpc:10.1.0.24:42575|dataStream:10.1.0.24:37095|priority:0|startupRole:FOLLOWER, 577e0dac-7593-4640-b9aa-fa89f15259b7|rpc:10.1.0.24:45135|dataStream:10.1.0.24:40327|priority:0|startupRole:FOLLOWER]|listeners:[], old=null
2022-12-19 18:38:48,671 [pool-163-thread-1] INFO  server.RaftServer$Division (RaftServerImpl.java:setRole(321)) - a138d61e-33be-4034-b658-559812d9cbdd@group-6C568F008C3A: changes role from      null to FOLLOWER at term 0 for startAsFollower
2022-12-19 18:38:48,675 [pool-186-thread-1] INFO  server.RaftServer$Division (RaftServerImpl.java:start(334)) - 577e0dac-7593-4640-b9aa-fa89f15259b7@group-402B03C4197C: start as a follower, conf=-1: peers:[a138d61e-33be-4034-b658-559812d9cbdd|rpc:10.1.0.24:45397|dataStream:10.1.0.24:37159|priority:0|startupRole:FOLLOWER, 53431d8f-156a-4a42-8637-9d4e156967ab|rpc:10.1.0.24:42575|dataStream:10.1.0.24:37095|priority:0|startupRole:FOLLOWER, 577e0dac-7593-4640-b9aa-fa89f15259b7|rpc:10.1.0.24:45135|dataStream:10.1.0.24:40327|priority:1|startupRole:FOLLOWER]|listeners:[], old=null
2022-12-19 18:38:48,681 [pool-163-thread-1] INFO  impl.RoleInfo (RoleInfo.java:updateAndGet(139)) - a138d61e-33be-4034-b658-559812d9cbdd: start a138d61e-33be-4034-b658-559812d9cbdd@group-6C568F008C3A-FollowerState
2022-12-19 18:38:48,681 [pool-186-thread-1] INFO  server.RaftServer$Division (RaftServerImpl.java:setRole(321)) - 577e0dac-7593-4640-b9aa-fa89f15259b7@group-402B03C4197C: changes role from      null to FOLLOWER at term 0 for startAsFollower
2022-12-19 18:38:48,684 [pool-186-thread-1] INFO  impl.RoleInfo (RoleInfo.java:updateAndGet(139)) - 577e0dac-7593-4640-b9aa-fa89f15259b7: start 577e0dac-7593-4640-b9aa-fa89f15259b7@group-402B03C4197C-FollowerState
2022-12-19 18:38:48,682 [a138d61e-33be-4034-b658-559812d9cbdd@group-6C568F008C3A-FollowerState] INFO  server.RaftServerConfigKeys (ConfUtils.java:logFallback(53)) - raft.server.rpc.first-election.timeout.min = 5s (fallback to raft.server.rpc.timeout.min)
2022-12-19 18:38:48,682 [pool-163-thread-1] INFO  util.JmxRegister (JmxRegister.java:tryRegister(44)) - Successfully registered JMX Bean with object name Ratis:service=RaftServer,group=group-6C568F008C3A,id=a138d61e-33be-4034-b658-559812d9cbdd
2022-12-19 18:38:48,684 [a138d61e-33be-4034-b658-559812d9cbdd@group-6C568F008C3A-FollowerState] INFO  server.RaftServerConfigKeys (ConfUtils.java:logFallback(53)) - raft.server.rpc.first-election.timeout.max = 5200ms (fallback to raft.server.rpc.timeout.max)
2022-12-19 18:38:48,684 [pool-163-thread-1] INFO  server.RaftServerConfigKeys (ConfUtils.java:logGet(46)) - raft.server.snapshot.auto.trigger.enabled = true (custom)
2022-12-19 18:38:48,684 [pool-163-thread-1] INFO  server.RaftServerConfigKeys (ConfUtils.java:logGet(46)) - raft.server.snapshot.auto.trigger.threshold = 10000 (custom)
2022-12-19 18:38:48,684 [pool-163-thread-1] INFO  server.RaftServerConfigKeys (ConfUtils.java:logGet(46)) - raft.server.snapshot.retention.file.num = 5 (custom)
2022-12-19 18:38:48,684 [pool-163-thread-1] INFO  server.RaftServerConfigKeys (ConfUtils.java:logGet(46)) - raft.server.log.purge.upto.snapshot.index = false (default)
2022-12-19 18:38:48,686 [pool-186-thread-1] INFO  util.JmxRegister (JmxRegister.java:tryRegister(44)) - Successfully registered JMX Bean with object name Ratis:service=RaftServer,group=group-402B03C4197C,id=577e0dac-7593-4640-b9aa-fa89f15259b7
2022-12-19 18:38:48,686 [577e0dac-7593-4640-b9aa-fa89f15259b7@group-402B03C4197C-FollowerState] INFO  server.RaftServerConfigKeys (ConfUtils.java:logFallback(53)) - raft.server.rpc.first-election.timeout.min = 5s (fallback to raft.server.rpc.timeout.min)
2022-12-19 18:38:48,686 [pool-186-thread-1] INFO  server.RaftServerConfigKeys (ConfUtils.java:logGet(46)) - raft.server.snapshot.auto.trigger.enabled = true (custom)
2022-12-19 18:38:48,687 [pool-186-thread-1] INFO  server.RaftServerConfigKeys (ConfUtils.java:logGet(46)) - raft.server.snapshot.auto.trigger.threshold = 10000 (custom)
2022-12-19 18:38:48,687 [pool-186-thread-1] INFO  server.RaftServerConfigKeys (ConfUtils.java:logGet(46)) - raft.server.snapshot.retention.file.num = 5 (custom)
2022-12-19 18:38:48,687 [pool-186-thread-1] INFO  server.RaftServerConfigKeys (ConfUtils.java:logGet(46)) - raft.server.log.purge.upto.snapshot.index = false (default)
2022-12-19 18:38:48,688 [Command processor thread] INFO  ratis.XceiverServerRatis (XceiverServerRatis.java:addGroup(806)) - Created group PipelineID=f2fe750a-536e-4391-947d-6c568f008c3a
2022-12-19 18:38:48,687 [577e0dac-7593-4640-b9aa-fa89f15259b7@group-402B03C4197C-FollowerState] INFO  server.RaftServerConfigKeys (ConfUtils.java:logFallback(53)) - raft.server.rpc.first-election.timeout.max = 5200ms (fallback to raft.server.rpc.timeout.max)
2022-12-19 18:38:48,700 [grpc-default-executor-1] INFO  server.RaftServer (RaftServerProxy.java:addNew(96)) - 577e0dac-7593-4640-b9aa-fa89f15259b7: addNew group-6C568F008C3A:[a138d61e-33be-4034-b658-559812d9cbdd|rpc:10.1.0.24:45397|dataStream:10.1.0.24:37159|priority:1|startupRole:FOLLOWER, 53431d8f-156a-4a42-8637-9d4e156967ab|rpc:10.1.0.24:42575|dataStream:10.1.0.24:37095|priority:0|startupRole:FOLLOWER, 577e0dac-7593-4640-b9aa-fa89f15259b7|rpc:10.1.0.24:45135|dataStream:10.1.0.24:40327|priority:0|startupRole:FOLLOWER] returns group-6C568F008C3A:java.util.concurrent.CompletableFuture@28174d1[Not completed]
2022-12-19 18:38:48,701 [pool-186-thread-1] INFO  server.RaftServer$Division (RaftServerImpl.java:<init>(195)) - 577e0dac-7593-4640-b9aa-fa89f15259b7: new RaftServerImpl for group-6C568F008C3A:[a138d61e-33be-4034-b658-559812d9cbdd|rpc:10.1.0.24:45397|dataStream:10.1.0.24:37159|priority:1|startupRole:FOLLOWER, 53431d8f-156a-4a42-8637-9d4e156967ab|rpc:10.1.0.24:42575|dataStream:10.1.0.24:37095|priority:0|startupRole:FOLLOWER, 577e0dac-7593-4640-b9aa-fa89f15259b7|rpc:10.1.0.24:45135|dataStream:10.1.0.24:40327|priority:0|startupRole:FOLLOWER] with ContainerStateMachine:uninitialized
2022-12-19 18:38:48,701 [pool-186-thread-1] INFO  server.RaftServerConfigKeys (ConfUtils.java:logGet(46)) - raft.server.rpc.timeout.min = 5s (custom)
2022-12-19 18:38:48,701 [pool-186-thread-1] INFO  server.RaftServerConfigKeys (ConfUtils.java:logGet(46)) - raft.server.rpc.timeout.max = 5200ms (custom)
2022-12-19 18:38:48,702 [pool-186-thread-1] INFO  server.RaftServerConfigKeys (ConfUtils.java:logGet(46)) - raft.server.rpc.sleep.time = 25ms (default)
2022-12-19 18:38:48,702 [pool-186-thread-1] INFO  server.RaftServerConfigKeys (ConfUtils.java:logGet(46)) - raft.server.rpc.slowness.timeout = 300s (custom)
2022-12-19 18:38:48,702 [pool-186-thread-1] INFO  server.RaftServerConfigKeys (ConfUtils.java:logGet(46)) - raft.server.leaderelection.leader.step-down.wait-time = 10s (default)
2022-12-19 18:38:48,702 [pool-186-thread-1] INFO  server.RaftServerConfigKeys (ConfUtils.java:logGet(46)) - raft.server.sleep.deviation.threshold = 300ms (default)
2022-12-19 18:38:48,702 [pool-186-thread-1] INFO  server.RaftServer$Division (ServerState.java:<init>(118)) - 577e0dac-7593-4640-b9aa-fa89f15259b7@group-6C568F008C3A: ConfigurationManager, init=-1: peers:[a138d61e-33be-4034-b658-559812d9cbdd|rpc:10.1.0.24:45397|dataStream:10.1.0.24:37159|priority:1|startupRole:FOLLOWER, 53431d8f-156a-4a42-8637-9d4e156967ab|rpc:10.1.0.24:42575|dataStream:10.1.0.24:37095|priority:0|startupRole:FOLLOWER, 577e0dac-7593-4640-b9aa-fa89f15259b7|rpc:10.1.0.24:45135|dataStream:10.1.0.24:40327|priority:0|startupRole:FOLLOWER]|listeners:[], old=null, confs=<EMPTY_MAP>
2022-12-19 18:38:48,702 [pool-186-thread-1] INFO  server.RaftServerConfigKeys (ConfUtils.java:logGet(46)) - raft.server.storage.dir = [/home/runner/work/ozone/ozone/hadoop-ozone/integration-test/target/test-dir/MiniOzoneClusterImpl-11542299-c030-49ce-a1ef-33f98f34fc6c/datanode-5/data/ratis] (custom)
2022-12-19 18:38:48,702 [pool-186-thread-1] INFO  server.RaftServerConfigKeys (ConfUtils.java:logGet(46)) - raft.server.log.corruption.policy = EXCEPTION (default)
2022-12-19 18:38:48,702 [pool-186-thread-1] INFO  server.RaftServerConfigKeys (ConfUtils.java:logGet(46)) - raft.server.storage.free-space.min = 0MB (=0) (default)
2022-12-19 18:38:48,702 [pool-186-thread-1] INFO  server.RaftServerConfigKeys (ConfUtils.java:logGet(46)) - raft.server.notification.no-leader.timeout = 300s (custom)
2022-12-19 18:38:48,702 [pool-186-thread-1] INFO  server.RaftServerConfigKeys (ConfUtils.java:logGet(46)) - raft.server.retrycache.expirytime = 600000ms (custom)
2022-12-19 18:38:48,702 [pool-186-thread-1] INFO  server.RaftServerConfigKeys (ConfUtils.java:logGet(46)) - raft.server.retrycache.statistics.expirytime = 100μs (default)
2022-12-19 18:38:48,703 [pool-186-thread-1] INFO  server.RaftServerConfigKeys (ConfUtils.java:logGet(46)) - raft.server.log.appender.install.snapshot.enabled = false (custom)
2022-12-19 18:38:48,703 [pool-186-thread-1] INFO  server.RaftServerConfigKeys (ConfUtils.java:logGet(46)) - raft.server.threadpool.server.cached = true (default)
2022-12-19 18:38:48,703 [pool-186-thread-1] INFO  server.RaftServerConfigKeys (ConfUtils.java:logGet(46)) - raft.server.threadpool.server.size = 0 (default)
2022-12-19 18:38:48,703 [pool-186-thread-1] INFO  server.RaftServerConfigKeys (ConfUtils.java:logGet(46)) - raft.server.threadpool.client.cached = true (default)
2022-12-19 18:38:48,703 [pool-186-thread-1] INFO  server.RaftServerConfigKeys (ConfUtils.java:logGet(46)) - raft.server.threadpool.client.size = 0 (default)
2022-12-19 18:38:48,703 [pool-186-thread-1] INFO  storage.RaftStorageDirectory (RaftStorageDirectoryImpl.java:analyzeStorage(137)) - The storage directory /home/runner/work/ozone/ozone/hadoop-ozone/integration-test/target/test-dir/MiniOzoneClusterImpl-11542299-c030-49ce-a1ef-33f98f34fc6c/datanode-5/data/ratis/f2fe750a-536e-4391-947d-6c568f008c3a does not exist. Creating ...
2022-12-19 18:38:48,704 [pool-186-thread-1] INFO  storage.RaftStorageDirectory (RaftStorageDirectoryImpl.java:tryLock(231)) - Lock on /home/runner/work/ozone/ozone/hadoop-ozone/integration-test/target/test-dir/MiniOzoneClusterImpl-11542299-c030-49ce-a1ef-33f98f34fc6c/datanode-5/data/ratis/f2fe750a-536e-4391-947d-6c568f008c3a/in_use.lock acquired by nodename 10449@fv-az353-760
2022-12-19 18:38:48,706 [pool-186-thread-1] INFO  storage.RaftStorage (RaftStorageImpl.java:format(96)) - Storage directory /home/runner/work/ozone/ozone/hadoop-ozone/integration-test/target/test-dir/MiniOzoneClusterImpl-11542299-c030-49ce-a1ef-33f98f34fc6c/datanode-5/data/ratis/f2fe750a-536e-4391-947d-6c568f008c3a has been successfully formatted.
2022-12-19 18:38:48,706 [pool-186-thread-1] INFO  ratis.ContainerStateMachine (ContainerStateMachine.java:loadSnapshot(240)) - group-6C568F008C3A: The snapshot info is null. Setting the last applied indexto:(t:0, i:~)
2022-12-19 18:38:48,706 [pool-186-thread-1] INFO  server.RaftServerConfigKeys (ConfUtils.java:logGet(46)) - raft.server.log.use.memory = false (default)
2022-12-19 18:38:48,706 [pool-186-thread-1] INFO  server.RaftServerConfigKeys (ConfUtils.java:logGet(46)) - raft.server.log.purge.gap = 1000000 (custom)
2022-12-19 18:38:48,706 [pool-186-thread-1] INFO  server.RaftServerConfigKeys (ConfUtils.java:logGet(46)) - raft.server.log.appender.buffer.byte-limit = 33554432 (custom)
2022-12-19 18:38:48,706 [pool-186-thread-1] INFO  server.RaftServerConfigKeys (ConfUtils.java:logGet(46)) - raft.server.log.statemachine.data.read.timeout = 1000ms (default)
2022-12-19 18:38:48,706 [pool-186-thread-1] INFO  server.RaftServerConfigKeys (ConfUtils.java:logGet(46)) - raft.server.log.purge.preservation.log.num = 0 (default)
2022-12-19 18:38:48,707 [pool-186-thread-1] INFO  server.RaftServerConfigKeys (ConfUtils.java:logGet(46)) - raft.server.log.segment.size.max = 1048576 (custom)
2022-12-19 18:38:48,707 [pool-186-thread-1] INFO  server.RaftServerConfigKeys (ConfUtils.java:logGet(46)) - raft.server.log.segment.cache.num.max = 2 (custom)
2022-12-19 18:38:48,707 [pool-186-thread-1] INFO  server.RaftServerConfigKeys (ConfUtils.java:logGet(46)) - raft.server.log.segment.cache.size.max = 200MB (=209715200) (default)
2022-12-19 18:38:48,707 [pool-186-thread-1] INFO  segmented.SegmentedRaftLogWorker (SegmentedRaftLogWorker.java:<init>(189)) - new 577e0dac-7593-4640-b9aa-fa89f15259b7@group-6C568F008C3A-SegmentedRaftLogWorker for RaftStorageImpl:Storage Directory /home/runner/work/ozone/ozone/hadoop-ozone/integration-test/target/test-dir/MiniOzoneClusterImpl-11542299-c030-49ce-a1ef-33f98f34fc6c/datanode-5/data/ratis/f2fe750a-536e-4391-947d-6c568f008c3a
2022-12-19 18:38:48,707 [pool-186-thread-1] INFO  server.RaftServerConfigKeys (ConfUtils.java:logGet(46)) - raft.server.log.queue.byte-limit = 4294967296 (custom)
2022-12-19 18:38:48,707 [pool-186-thread-1] INFO  server.RaftServerConfigKeys (ConfUtils.java:logGet(46)) - raft.server.log.queue.element-limit = 1024 (custom)
2022-12-19 18:38:48,707 [pool-186-thread-1] INFO  server.RaftServerConfigKeys (ConfUtils.java:logGet(46)) - raft.server.log.segment.size.max = 1048576 (custom)
2022-12-19 18:38:48,707 [pool-186-thread-1] INFO  server.RaftServerConfigKeys (ConfUtils.java:logGet(46)) - raft.server.log.preallocated.size = 16384 (custom)
2022-12-19 18:38:48,707 [pool-186-thread-1] INFO  server.RaftServerConfigKeys (ConfUtils.java:logGet(46)) - raft.server.log.force.sync.num = 128 (default)
2022-12-19 18:38:48,707 [pool-186-thread-1] INFO  server.RaftServerConfigKeys (ConfUtils.java:logGet(46)) - raft.server.log.statemachine.data.sync = true (default)
2022-12-19 18:38:48,707 [pool-186-thread-1] INFO  server.RaftServerConfigKeys (ConfUtils.java:logGet(46)) - raft.server.log.statemachine.data.sync.timeout = 10s (default)
2022-12-19 18:38:48,707 [pool-186-thread-1] INFO  server.RaftServerConfigKeys (ConfUtils.java:logGet(46)) - raft.server.log.statemachine.data.sync.timeout.retry = -1 (default)
2022-12-19 18:38:48,708 [pool-186-thread-1] INFO  server.RaftServerConfigKeys (ConfUtils.java:logGet(46)) - raft.server.log.write.buffer.size = 1048576 (custom)
2022-12-19 18:38:48,709 [pool-186-thread-1] INFO  server.RaftServerConfigKeys (ConfUtils.java:logGet(46)) - raft.server.log.appender.buffer.byte-limit = 33554432 (custom)
2022-12-19 18:38:48,711 [EventQueue-CommandQueueReportForCommandQueueReportHandler] WARN  events.EventQueue (EventQueue.java:fireEvent(216)) - No event handler registered for event TypedEvent{payloadType=DatanodeDetails, name='Datanode_Command_Queue_Updated'}
2022-12-19 18:38:48,713 [pool-186-thread-1] INFO  server.RaftServerConfigKeys (ConfUtils.java:logGet(46)) - raft.server.log.unsafe-flush.enabled = false (default)
2022-12-19 18:38:48,713 [pool-186-thread-1] INFO  server.RaftServerConfigKeys (ConfUtils.java:logGet(46)) - raft.server.log.async-flush.enabled = false (default)
2022-12-19 18:38:48,713 [pool-186-thread-1] INFO  server.RaftServerConfigKeys (ConfUtils.java:logGet(46)) - raft.server.log.statemachine.data.caching.enabled = true (custom)
2022-12-19 18:38:48,713 [pool-186-thread-1] INFO  segmented.SegmentedRaftLogWorker (SegmentedRaftLogWorker.java:lambda$new$0(135)) - 577e0dac-7593-4640-b9aa-fa89f15259b7@group-6C568F008C3A-SegmentedRaftLogWorker: flushIndex: setUnconditionally 0 -> -1
2022-12-19 18:38:48,713 [pool-186-thread-1] INFO  segmented.SegmentedRaftLogWorker (SegmentedRaftLogWorker.java:lambda$new$0(135)) - 577e0dac-7593-4640-b9aa-fa89f15259b7@group-6C568F008C3A-SegmentedRaftLogWorker: safeCacheEvictIndex: setUnconditionally 0 -> -1
2022-12-19 18:38:48,713 [pool-186-thread-1] INFO  server.RaftServer$Division (RaftServerImpl.java:start(334)) - 577e0dac-7593-4640-b9aa-fa89f15259b7@group-6C568F008C3A: start as a follower, conf=-1: peers:[a138d61e-33be-4034-b658-559812d9cbdd|rpc:10.1.0.24:45397|dataStream:10.1.0.24:37159|priority:1|startupRole:FOLLOWER, 53431d8f-156a-4a42-8637-9d4e156967ab|rpc:10.1.0.24:42575|dataStream:10.1.0.24:37095|priority:0|startupRole:FOLLOWER, 577e0dac-7593-4640-b9aa-fa89f15259b7|rpc:10.1.0.24:45135|dataStream:10.1.0.24:40327|priority:0|startupRole:FOLLOWER]|listeners:[], old=null
2022-12-19 18:38:48,713 [pool-186-thread-1] INFO  server.RaftServer$Division (RaftServerImpl.java:setRole(321)) - 577e0dac-7593-4640-b9aa-fa89f15259b7@group-6C568F008C3A: changes role from      null to FOLLOWER at term 0 for startAsFollower
2022-12-19 18:38:48,713 [pool-186-thread-1] INFO  impl.RoleInfo (RoleInfo.java:updateAndGet(139)) - 577e0dac-7593-4640-b9aa-fa89f15259b7: start 577e0dac-7593-4640-b9aa-fa89f15259b7@group-6C568F008C3A-FollowerState
2022-12-19 18:38:48,714 [pool-186-thread-1] INFO  util.JmxRegister (JmxRegister.java:tryRegister(44)) - Successfully registered JMX Bean with object name Ratis:service=RaftServer,group=group-6C568F008C3A,id=577e0dac-7593-4640-b9aa-fa89f15259b7
2022-12-19 18:38:48,714 [pool-186-thread-1] INFO  server.RaftServerConfigKeys (ConfUtils.java:logGet(46)) - raft.server.snapshot.auto.trigger.enabled = true (custom)
2022-12-19 18:38:48,714 [pool-186-thread-1] INFO  server.RaftServerConfigKeys (ConfUtils.java:logGet(46)) - raft.server.snapshot.auto.trigger.threshold = 10000 (custom)
2022-12-19 18:38:48,714 [pool-186-thread-1] INFO  server.RaftServerConfigKeys (ConfUtils.java:logGet(46)) - raft.server.snapshot.retention.file.num = 5 (custom)
2022-12-19 18:38:48,714 [pool-186-thread-1] INFO  server.RaftServerConfigKeys (ConfUtils.java:logGet(46)) - raft.server.log.purge.upto.snapshot.index = false (default)
2022-12-19 18:38:48,714 [577e0dac-7593-4640-b9aa-fa89f15259b7@group-6C568F008C3A-FollowerState] INFO  server.RaftServerConfigKeys (ConfUtils.java:logFallback(53)) - raft.server.rpc.first-election.timeout.min = 5s (fallback to raft.server.rpc.timeout.min)
2022-12-19 18:38:48,716 [577e0dac-7593-4640-b9aa-fa89f15259b7@group-6C568F008C3A-FollowerState] INFO  server.RaftServerConfigKeys (ConfUtils.java:logFallback(53)) - raft.server.rpc.first-election.timeout.max = 5200ms (fallback to raft.server.rpc.timeout.max)
2022-12-19 18:38:48,721 [Command processor thread] INFO  commandhandler.CreatePipelineCommandHandler (CreatePipelineCommandHandler.java:handle(113)) - Created Pipeline RATIS THREE PipelineID=11141a20-bb0e-415d-ac4a-402b03c4197c.
2022-12-19 18:38:48,721 [Command processor thread] INFO  server.RaftServer (RaftServerProxy.java:addNew(96)) - 53431d8f-156a-4a42-8637-9d4e156967ab: addNew group-6C568F008C3A:[a138d61e-33be-4034-b658-559812d9cbdd|rpc:10.1.0.24:45397|dataStream:10.1.0.24:37159|priority:1|startupRole:FOLLOWER, 53431d8f-156a-4a42-8637-9d4e156967ab|rpc:10.1.0.24:42575|dataStream:10.1.0.24:37095|priority:0|startupRole:FOLLOWER, 577e0dac-7593-4640-b9aa-fa89f15259b7|rpc:10.1.0.24:45135|dataStream:10.1.0.24:40327|priority:0|startupRole:FOLLOWER] returns group-6C568F008C3A:java.util.concurrent.CompletableFuture@13335fd2[Not completed]
2022-12-19 18:38:48,722 [pool-140-thread-1] INFO  server.RaftServer$Division (RaftServerImpl.java:<init>(195)) - 53431d8f-156a-4a42-8637-9d4e156967ab: new RaftServerImpl for group-6C568F008C3A:[a138d61e-33be-4034-b658-559812d9cbdd|rpc:10.1.0.24:45397|dataStream:10.1.0.24:37159|priority:1|startupRole:FOLLOWER, 53431d8f-156a-4a42-8637-9d4e156967ab|rpc:10.1.0.24:42575|dataStream:10.1.0.24:37095|priority:0|startupRole:FOLLOWER, 577e0dac-7593-4640-b9aa-fa89f15259b7|rpc:10.1.0.24:45135|dataStream:10.1.0.24:40327|priority:0|startupRole:FOLLOWER] with ContainerStateMachine:uninitialized
2022-12-19 18:38:48,722 [pool-140-thread-1] INFO  server.RaftServerConfigKeys (ConfUtils.java:logGet(46)) - raft.server.rpc.timeout.min = 5s (custom)
2022-12-19 18:38:48,722 [pool-140-thread-1] INFO  server.RaftServerConfigKeys (ConfUtils.java:logGet(46)) - raft.server.rpc.timeout.max = 5200ms (custom)
2022-12-19 18:38:48,722 [pool-140-thread-1] INFO  server.RaftServerConfigKeys (ConfUtils.java:logGet(46)) - raft.server.rpc.sleep.time = 25ms (default)
2022-12-19 18:38:48,722 [pool-140-thread-1] INFO  server.RaftServerConfigKeys (ConfUtils.java:logGet(46)) - raft.server.rpc.slowness.timeout = 300s (custom)
2022-12-19 18:38:48,722 [pool-140-thread-1] INFO  server.RaftServerConfigKeys (ConfUtils.java:logGet(46)) - raft.server.leaderelection.leader.step-down.wait-time = 10s (default)
2022-12-19 18:38:48,722 [pool-140-thread-1] INFO  server.RaftServerConfigKeys (ConfUtils.java:logGet(46)) - raft.server.sleep.deviation.threshold = 300ms (default)
2022-12-19 18:38:48,722 [pool-140-thread-1] INFO  server.RaftServer$Division (ServerState.java:<init>(118)) - 53431d8f-156a-4a42-8637-9d4e156967ab@group-6C568F008C3A: ConfigurationManager, init=-1: peers:[a138d61e-33be-4034-b658-559812d9cbdd|rpc:10.1.0.24:45397|dataStream:10.1.0.24:37159|priority:1|startupRole:FOLLOWER, 53431d8f-156a-4a42-8637-9d4e156967ab|rpc:10.1.0.24:42575|dataStream:10.1.0.24:37095|priority:0|startupRole:FOLLOWER, 577e0dac-7593-4640-b9aa-fa89f15259b7|rpc:10.1.0.24:45135|dataStream:10.1.0.24:40327|priority:0|startupRole:FOLLOWER]|listeners:[], old=null, confs=<EMPTY_MAP>
2022-12-19 18:38:48,722 [pool-140-thread-1] INFO  server.RaftServerConfigKeys (ConfUtils.java:logGet(46)) - raft.server.storage.dir = [/home/runner/work/ozone/ozone/hadoop-ozone/integration-test/target/test-dir/MiniOzoneClusterImpl-11542299-c030-49ce-a1ef-33f98f34fc6c/datanode-3/data/ratis] (custom)
2022-12-19 18:38:48,723 [pool-140-thread-1] INFO  server.RaftServerConfigKeys (ConfUtils.java:logGet(46)) - raft.server.log.corruption.policy = EXCEPTION (default)
2022-12-19 18:38:48,723 [pool-140-thread-1] INFO  server.RaftServerConfigKeys (ConfUtils.java:logGet(46)) - raft.server.storage.free-space.min = 0MB (=0) (default)
2022-12-19 18:38:48,723 [pool-140-thread-1] INFO  server.RaftServerConfigKeys (ConfUtils.java:logGet(46)) - raft.server.notification.no-leader.timeout = 300s (custom)
2022-12-19 18:38:48,723 [pool-140-thread-1] INFO  server.RaftServerConfigKeys (ConfUtils.java:logGet(46)) - raft.server.retrycache.expirytime = 600000ms (custom)
2022-12-19 18:38:48,723 [pool-140-thread-1] INFO  server.RaftServerConfigKeys (ConfUtils.java:logGet(46)) - raft.server.retrycache.statistics.expirytime = 100μs (default)
2022-12-19 18:38:48,723 [pool-140-thread-1] INFO  server.RaftServerConfigKeys (ConfUtils.java:logGet(46)) - raft.server.log.appender.install.snapshot.enabled = false (custom)
2022-12-19 18:38:48,724 [pool-140-thread-1] INFO  server.RaftServerConfigKeys (ConfUtils.java:logGet(46)) - raft.server.threadpool.server.cached = true (default)
2022-12-19 18:38:48,724 [pool-140-thread-1] INFO  server.RaftServerConfigKeys (ConfUtils.java:logGet(46)) - raft.server.threadpool.server.size = 0 (default)
2022-12-19 18:38:48,724 [pool-140-thread-1] INFO  server.RaftServerConfigKeys (ConfUtils.java:logGet(46)) - raft.server.threadpool.client.cached = true (default)
2022-12-19 18:38:48,724 [pool-140-thread-1] INFO  server.RaftServerConfigKeys (ConfUtils.java:logGet(46)) - raft.server.threadpool.client.size = 0 (default)
2022-12-19 18:38:48,724 [pool-140-thread-1] INFO  storage.RaftStorageDirectory (RaftStorageDirectoryImpl.java:analyzeStorage(137)) - The storage directory /home/runner/work/ozone/ozone/hadoop-ozone/integration-test/target/test-dir/MiniOzoneClusterImpl-11542299-c030-49ce-a1ef-33f98f34fc6c/datanode-3/data/ratis/f2fe750a-536e-4391-947d-6c568f008c3a does not exist. Creating ...
2022-12-19 18:38:48,725 [pool-140-thread-1] INFO  storage.RaftStorageDirectory (RaftStorageDirectoryImpl.java:tryLock(231)) - Lock on /home/runner/work/ozone/ozone/hadoop-ozone/integration-test/target/test-dir/MiniOzoneClusterImpl-11542299-c030-49ce-a1ef-33f98f34fc6c/datanode-3/data/ratis/f2fe750a-536e-4391-947d-6c568f008c3a/in_use.lock acquired by nodename 10449@fv-az353-760
2022-12-19 18:38:48,729 [pool-140-thread-1] INFO  storage.RaftStorage (RaftStorageImpl.java:format(96)) - Storage directory /home/runner/work/ozone/ozone/hadoop-ozone/integration-test/target/test-dir/MiniOzoneClusterImpl-11542299-c030-49ce-a1ef-33f98f34fc6c/datanode-3/data/ratis/f2fe750a-536e-4391-947d-6c568f008c3a has been successfully formatted.
2022-12-19 18:38:48,729 [pool-140-thread-1] INFO  ratis.ContainerStateMachine (ContainerStateMachine.java:loadSnapshot(240)) - group-6C568F008C3A: The snapshot info is null. Setting the last applied indexto:(t:0, i:~)
2022-12-19 18:38:48,729 [pool-140-thread-1] INFO  server.RaftServerConfigKeys (ConfUtils.java:logGet(46)) - raft.server.log.use.memory = false (default)
2022-12-19 18:38:48,729 [pool-140-thread-1] INFO  server.RaftServerConfigKeys (ConfUtils.java:logGet(46)) - raft.server.log.purge.gap = 1000000 (custom)
2022-12-19 18:38:48,730 [pool-140-thread-1] INFO  server.RaftServerConfigKeys (ConfUtils.java:logGet(46)) - raft.server.log.appender.buffer.byte-limit = 33554432 (custom)
2022-12-19 18:38:48,730 [pool-140-thread-1] INFO  server.RaftServerConfigKeys (ConfUtils.java:logGet(46)) - raft.server.log.statemachine.data.read.timeout = 1000ms (default)
2022-12-19 18:38:48,730 [pool-140-thread-1] INFO  server.RaftServerConfigKeys (ConfUtils.java:logGet(46)) - raft.server.log.purge.preservation.log.num = 0 (default)
2022-12-19 18:38:48,730 [pool-140-thread-1] INFO  server.RaftServerConfigKeys (ConfUtils.java:logGet(46)) - raft.server.log.segment.size.max = 1048576 (custom)
2022-12-19 18:38:48,736 [EventQueue-CommandQueueReportForCommandQueueReportHandler] WARN  events.EventQueue (EventQueue.java:fireEvent(216)) - No event handler registered for event TypedEvent{payloadType=DatanodeDetails, name='Datanode_Command_Queue_Updated'}
2022-12-19 18:38:48,738 [pool-140-thread-1] INFO  server.RaftServerConfigKeys (ConfUtils.java:logGet(46)) - raft.server.log.segment.cache.num.max = 2 (custom)
2022-12-19 18:38:48,738 [pool-140-thread-1] INFO  server.RaftServerConfigKeys (ConfUtils.java:logGet(46)) - raft.server.log.segment.cache.size.max = 200MB (=209715200) (default)
2022-12-19 18:38:48,738 [pool-140-thread-1] INFO  segmented.SegmentedRaftLogWorker (SegmentedRaftLogWorker.java:<init>(189)) - new 53431d8f-156a-4a42-8637-9d4e156967ab@group-6C568F008C3A-SegmentedRaftLogWorker for RaftStorageImpl:Storage Directory /home/runner/work/ozone/ozone/hadoop-ozone/integration-test/target/test-dir/MiniOzoneClusterImpl-11542299-c030-49ce-a1ef-33f98f34fc6c/datanode-3/data/ratis/f2fe750a-536e-4391-947d-6c568f008c3a
2022-12-19 18:38:48,738 [pool-140-thread-1] INFO  server.RaftServerConfigKeys (ConfUtils.java:logGet(46)) - raft.server.log.queue.byte-limit = 4294967296 (custom)
2022-12-19 18:38:48,738 [pool-140-thread-1] INFO  server.RaftServerConfigKeys (ConfUtils.java:logGet(46)) - raft.server.log.queue.element-limit = 1024 (custom)
2022-12-19 18:38:48,738 [pool-140-thread-1] INFO  server.RaftServerConfigKeys (ConfUtils.java:logGet(46)) - raft.server.log.segment.size.max = 1048576 (custom)
2022-12-19 18:38:48,738 [pool-140-thread-1] INFO  server.RaftServerConfigKeys (ConfUtils.java:logGet(46)) - raft.server.log.preallocated.size = 16384 (custom)
2022-12-19 18:38:48,738 [pool-140-thread-1] INFO  server.RaftServerConfigKeys (ConfUtils.java:logGet(46)) - raft.server.log.force.sync.num = 128 (default)
2022-12-19 18:38:48,738 [pool-140-thread-1] INFO  server.RaftServerConfigKeys (ConfUtils.java:logGet(46)) - raft.server.log.statemachine.data.sync = true (default)
2022-12-19 18:38:48,738 [pool-140-thread-1] INFO  server.RaftServerConfigKeys (ConfUtils.java:logGet(46)) - raft.server.log.statemachine.data.sync.timeout = 10s (default)
2022-12-19 18:38:48,738 [pool-140-thread-1] INFO  server.RaftServerConfigKeys (ConfUtils.java:logGet(46)) - raft.server.log.statemachine.data.sync.timeout.retry = -1 (default)
2022-12-19 18:38:48,739 [pool-140-thread-1] INFO  server.RaftServerConfigKeys (ConfUtils.java:logGet(46)) - raft.server.log.write.buffer.size = 1048576 (custom)
2022-12-19 18:38:48,740 [pool-140-thread-1] INFO  server.RaftServerConfigKeys (ConfUtils.java:logGet(46)) - raft.server.log.appender.buffer.byte-limit = 33554432 (custom)
2022-12-19 18:38:48,743 [EventQueue-OpenPipelineForHealthyPipelineSafeModeRule] INFO  safemode.SCMSafeModeManager (HealthyPipelineSafeModeRule.java:process(137)) - SCM in safe mode. Healthy pipelines reported count is 0, required healthy pipeline reported count is 1
2022-12-19 18:38:48,747 [pool-140-thread-1] INFO  server.RaftServerConfigKeys (ConfUtils.java:logGet(46)) - raft.server.log.unsafe-flush.enabled = false (default)
2022-12-19 18:38:48,747 [pool-140-thread-1] INFO  server.RaftServerConfigKeys (ConfUtils.java:logGet(46)) - raft.server.log.async-flush.enabled = false (default)
2022-12-19 18:38:48,747 [pool-140-thread-1] INFO  server.RaftServerConfigKeys (ConfUtils.java:logGet(46)) - raft.server.log.statemachine.data.caching.enabled = true (custom)
2022-12-19 18:38:48,747 [pool-140-thread-1] INFO  segmented.SegmentedRaftLogWorker (SegmentedRaftLogWorker.java:lambda$new$0(135)) - 53431d8f-156a-4a42-8637-9d4e156967ab@group-6C568F008C3A-SegmentedRaftLogWorker: flushIndex: setUnconditionally 0 -> -1
2022-12-19 18:38:48,748 [pool-140-thread-1] INFO  segmented.SegmentedRaftLogWorker (SegmentedRaftLogWorker.java:lambda$new$0(135)) - 53431d8f-156a-4a42-8637-9d4e156967ab@group-6C568F008C3A-SegmentedRaftLogWorker: safeCacheEvictIndex: setUnconditionally 0 -> -1
2022-12-19 18:38:48,753 [pool-140-thread-1] INFO  server.RaftServer$Division (RaftServerImpl.java:start(334)) - 53431d8f-156a-4a42-8637-9d4e156967ab@group-6C568F008C3A: start as a follower, conf=-1: peers:[a138d61e-33be-4034-b658-559812d9cbdd|rpc:10.1.0.24:45397|dataStream:10.1.0.24:37159|priority:1|startupRole:FOLLOWER, 53431d8f-156a-4a42-8637-9d4e156967ab|rpc:10.1.0.24:42575|dataStream:10.1.0.24:37095|priority:0|startupRole:FOLLOWER, 577e0dac-7593-4640-b9aa-fa89f15259b7|rpc:10.1.0.24:45135|dataStream:10.1.0.24:40327|priority:0|startupRole:FOLLOWER]|listeners:[], old=null
2022-12-19 18:38:48,753 [pool-140-thread-1] INFO  server.RaftServer$Division (RaftServerImpl.java:setRole(321)) - 53431d8f-156a-4a42-8637-9d4e156967ab@group-6C568F008C3A: changes role from      null to FOLLOWER at term 0 for startAsFollower
2022-12-19 18:38:48,753 [pool-140-thread-1] INFO  impl.RoleInfo (RoleInfo.java:updateAndGet(139)) - 53431d8f-156a-4a42-8637-9d4e156967ab: start 53431d8f-156a-4a42-8637-9d4e156967ab@group-6C568F008C3A-FollowerState
2022-12-19 18:38:48,753 [pool-140-thread-1] INFO  util.JmxRegister (JmxRegister.java:tryRegister(44)) - Successfully registered JMX Bean with object name Ratis:service=RaftServer,group=group-6C568F008C3A,id=53431d8f-156a-4a42-8637-9d4e156967ab
2022-12-19 18:38:48,753 [pool-140-thread-1] INFO  server.RaftServerConfigKeys (ConfUtils.java:logGet(46)) - raft.server.snapshot.auto.trigger.enabled = true (custom)
2022-12-19 18:38:48,753 [pool-140-thread-1] INFO  server.RaftServerConfigKeys (ConfUtils.java:logGet(46)) - raft.server.snapshot.auto.trigger.threshold = 10000 (custom)
2022-12-19 18:38:48,753 [pool-140-thread-1] INFO  server.RaftServerConfigKeys (ConfUtils.java:logGet(46)) - raft.server.snapshot.retention.file.num = 5 (custom)
2022-12-19 18:38:48,754 [pool-140-thread-1] INFO  server.RaftServerConfigKeys (ConfUtils.java:logGet(46)) - raft.server.log.purge.upto.snapshot.index = false (default)
2022-12-19 18:38:48,754 [53431d8f-156a-4a42-8637-9d4e156967ab@group-6C568F008C3A-FollowerState] INFO  server.RaftServerConfigKeys (ConfUtils.java:logFallback(53)) - raft.server.rpc.first-election.timeout.min = 5s (fallback to raft.server.rpc.timeout.min)
2022-12-19 18:38:48,754 [53431d8f-156a-4a42-8637-9d4e156967ab@group-6C568F008C3A-FollowerState] INFO  server.RaftServerConfigKeys (ConfUtils.java:logFallback(53)) - raft.server.rpc.first-election.timeout.max = 5200ms (fallback to raft.server.rpc.timeout.max)
2022-12-19 18:38:48,754 [Command processor thread] INFO  ratis.XceiverServerRatis (XceiverServerRatis.java:addGroup(806)) - Created group PipelineID=f2fe750a-536e-4391-947d-6c568f008c3a
2022-12-19 18:38:48,777 [Command processor thread] INFO  commandhandler.CreatePipelineCommandHandler (CreatePipelineCommandHandler.java:handle(113)) - Created Pipeline RATIS THREE PipelineID=f2fe750a-536e-4391-947d-6c568f008c3a.
2022-12-19 18:38:48,803 [Command processor thread] INFO  commandhandler.CreatePipelineCommandHandler (CreatePipelineCommandHandler.java:handle(113)) - Created Pipeline RATIS THREE PipelineID=f2fe750a-536e-4391-947d-6c568f008c3a.
2022-12-19 18:38:48,895 [Command processor thread] INFO  server.RaftServer (RaftServerProxy.java:addNew(96)) - 577e0dac-7593-4640-b9aa-fa89f15259b7: addNew group-A3E775AA6C15:[577e0dac-7593-4640-b9aa-fa89f15259b7|rpc:10.1.0.24:45135|dataStream:10.1.0.24:40327|priority:1|startupRole:FOLLOWER] returns group-A3E775AA6C15:java.util.concurrent.CompletableFuture@577ee554[Not completed]
2022-12-19 18:38:48,896 [pool-186-thread-1] INFO  server.RaftServer$Division (RaftServerImpl.java:<init>(195)) - 577e0dac-7593-4640-b9aa-fa89f15259b7: new RaftServerImpl for group-A3E775AA6C15:[577e0dac-7593-4640-b9aa-fa89f15259b7|rpc:10.1.0.24:45135|dataStream:10.1.0.24:40327|priority:1|startupRole:FOLLOWER] with ContainerStateMachine:uninitialized
2022-12-19 18:38:48,897 [pool-186-thread-1] INFO  server.RaftServerConfigKeys (ConfUtils.java:logGet(46)) - raft.server.rpc.timeout.min = 5s (custom)
2022-12-19 18:38:48,897 [pool-186-thread-1] INFO  server.RaftServerConfigKeys (ConfUtils.java:logGet(46)) - raft.server.rpc.timeout.max = 5200ms (custom)
2022-12-19 18:38:48,897 [pool-186-thread-1] INFO  server.RaftServerConfigKeys (ConfUtils.java:logGet(46)) - raft.server.rpc.sleep.time = 25ms (default)
2022-12-19 18:38:48,897 [pool-186-thread-1] INFO  server.RaftServerConfigKeys (ConfUtils.java:logGet(46)) - raft.server.rpc.slowness.timeout = 300s (custom)
2022-12-19 18:38:48,897 [pool-186-thread-1] INFO  server.RaftServerConfigKeys (ConfUtils.java:logGet(46)) - raft.server.leaderelection.leader.step-down.wait-time = 10s (default)
2022-12-19 18:38:48,897 [pool-186-thread-1] INFO  server.RaftServerConfigKeys (ConfUtils.java:logGet(46)) - raft.server.sleep.deviation.threshold = 300ms (default)
2022-12-19 18:38:48,897 [pool-186-thread-1] INFO  server.RaftServer$Division (ServerState.java:<init>(118)) - 577e0dac-7593-4640-b9aa-fa89f15259b7@group-A3E775AA6C15: ConfigurationManager, init=-1: peers:[577e0dac-7593-4640-b9aa-fa89f15259b7|rpc:10.1.0.24:45135|dataStream:10.1.0.24:40327|priority:1|startupRole:FOLLOWER]|listeners:[], old=null, confs=<EMPTY_MAP>
2022-12-19 18:38:48,897 [pool-186-thread-1] INFO  server.RaftServerConfigKeys (ConfUtils.java:logGet(46)) - raft.server.storage.dir = [/home/runner/work/ozone/ozone/hadoop-ozone/integration-test/target/test-dir/MiniOzoneClusterImpl-11542299-c030-49ce-a1ef-33f98f34fc6c/datanode-5/data/ratis] (custom)
2022-12-19 18:38:48,897 [pool-186-thread-1] INFO  server.RaftServerConfigKeys (ConfUtils.java:logGet(46)) - raft.server.log.corruption.policy = EXCEPTION (default)
2022-12-19 18:38:48,897 [pool-186-thread-1] INFO  server.RaftServerConfigKeys (ConfUtils.java:logGet(46)) - raft.server.storage.free-space.min = 0MB (=0) (default)
2022-12-19 18:38:48,897 [pool-186-thread-1] INFO  server.RaftServerConfigKeys (ConfUtils.java:logGet(46)) - raft.server.notification.no-leader.timeout = 300s (custom)
2022-12-19 18:38:48,897 [pool-186-thread-1] INFO  server.RaftServerConfigKeys (ConfUtils.java:logGet(46)) - raft.server.retrycache.expirytime = 600000ms (custom)
2022-12-19 18:38:48,897 [pool-186-thread-1] INFO  server.RaftServerConfigKeys (ConfUtils.java:logGet(46)) - raft.server.retrycache.statistics.expirytime = 100μs (default)
2022-12-19 18:38:48,898 [pool-186-thread-1] INFO  server.RaftServerConfigKeys (ConfUtils.java:logGet(46)) - raft.server.log.appender.install.snapshot.enabled = false (custom)
2022-12-19 18:38:48,898 [pool-186-thread-1] INFO  server.RaftServerConfigKeys (ConfUtils.java:logGet(46)) - raft.server.threadpool.server.cached = true (default)
2022-12-19 18:38:48,898 [pool-186-thread-1] INFO  server.RaftServerConfigKeys (ConfUtils.java:logGet(46)) - raft.server.threadpool.server.size = 0 (default)
2022-12-19 18:38:48,898 [pool-186-thread-1] INFO  server.RaftServerConfigKeys (ConfUtils.java:logGet(46)) - raft.server.threadpool.client.cached = true (default)
2022-12-19 18:38:48,898 [pool-186-thread-1] INFO  server.RaftServerConfigKeys (ConfUtils.java:logGet(46)) - raft.server.threadpool.client.size = 0 (default)
2022-12-19 18:38:48,898 [pool-186-thread-1] INFO  storage.RaftStorageDirectory (RaftStorageDirectoryImpl.java:analyzeStorage(137)) - The storage directory /home/runner/work/ozone/ozone/hadoop-ozone/integration-test/target/test-dir/MiniOzoneClusterImpl-11542299-c030-49ce-a1ef-33f98f34fc6c/datanode-5/data/ratis/ede34861-58fc-4f13-beda-a3e775aa6c15 does not exist. Creating ...
2022-12-19 18:38:48,899 [pool-186-thread-1] INFO  storage.RaftStorageDirectory (RaftStorageDirectoryImpl.java:tryLock(231)) - Lock on /home/runner/work/ozone/ozone/hadoop-ozone/integration-test/target/test-dir/MiniOzoneClusterImpl-11542299-c030-49ce-a1ef-33f98f34fc6c/datanode-5/data/ratis/ede34861-58fc-4f13-beda-a3e775aa6c15/in_use.lock acquired by nodename 10449@fv-az353-760
2022-12-19 18:38:48,900 [pool-186-thread-1] INFO  storage.RaftStorage (RaftStorageImpl.java:format(96)) - Storage directory /home/runner/work/ozone/ozone/hadoop-ozone/integration-test/target/test-dir/MiniOzoneClusterImpl-11542299-c030-49ce-a1ef-33f98f34fc6c/datanode-5/data/ratis/ede34861-58fc-4f13-beda-a3e775aa6c15 has been successfully formatted.
2022-12-19 18:38:48,901 [pool-186-thread-1] INFO  ratis.ContainerStateMachine (ContainerStateMachine.java:loadSnapshot(240)) - group-A3E775AA6C15: The snapshot info is null. Setting the last applied indexto:(t:0, i:~)
2022-12-19 18:38:48,901 [pool-186-thread-1] INFO  server.RaftServerConfigKeys (ConfUtils.java:logGet(46)) - raft.server.log.use.memory = false (default)
2022-12-19 18:38:48,901 [pool-186-thread-1] INFO  server.RaftServerConfigKeys (ConfUtils.java:logGet(46)) - raft.server.log.purge.gap = 1000000 (custom)
2022-12-19 18:38:48,901 [pool-186-thread-1] INFO  server.RaftServerConfigKeys (ConfUtils.java:logGet(46)) - raft.server.log.appender.buffer.byte-limit = 33554432 (custom)
2022-12-19 18:38:48,901 [pool-186-thread-1] INFO  server.RaftServerConfigKeys (ConfUtils.java:logGet(46)) - raft.server.log.statemachine.data.read.timeout = 1000ms (default)
2022-12-19 18:38:48,901 [pool-186-thread-1] INFO  server.RaftServerConfigKeys (ConfUtils.java:logGet(46)) - raft.server.log.purge.preservation.log.num = 0 (default)
2022-12-19 18:38:48,901 [pool-186-thread-1] INFO  server.RaftServerConfigKeys (ConfUtils.java:logGet(46)) - raft.server.log.segment.size.max = 1048576 (custom)
2022-12-19 18:38:48,901 [pool-186-thread-1] INFO  server.RaftServerConfigKeys (ConfUtils.java:logGet(46)) - raft.server.log.segment.cache.num.max = 2 (custom)
2022-12-19 18:38:48,901 [pool-186-thread-1] INFO  server.RaftServerConfigKeys (ConfUtils.java:logGet(46)) - raft.server.log.segment.cache.size.max = 200MB (=209715200) (default)
2022-12-19 18:38:48,902 [pool-186-thread-1] INFO  segmented.SegmentedRaftLogWorker (SegmentedRaftLogWorker.java:<init>(189)) - new 577e0dac-7593-4640-b9aa-fa89f15259b7@group-A3E775AA6C15-SegmentedRaftLogWorker for RaftStorageImpl:Storage Directory /home/runner/work/ozone/ozone/hadoop-ozone/integration-test/target/test-dir/MiniOzoneClusterImpl-11542299-c030-49ce-a1ef-33f98f34fc6c/datanode-5/data/ratis/ede34861-58fc-4f13-beda-a3e775aa6c15
2022-12-19 18:38:48,902 [pool-186-thread-1] INFO  server.RaftServerConfigKeys (ConfUtils.java:logGet(46)) - raft.server.log.queue.byte-limit = 4294967296 (custom)
2022-12-19 18:38:48,902 [pool-186-thread-1] INFO  server.RaftServerConfigKeys (ConfUtils.java:logGet(46)) - raft.server.log.queue.element-limit = 1024 (custom)
2022-12-19 18:38:48,902 [pool-186-thread-1] INFO  server.RaftServerConfigKeys (ConfUtils.java:logGet(46)) - raft.server.log.segment.size.max = 1048576 (custom)
2022-12-19 18:38:48,902 [pool-186-thread-1] INFO  server.RaftServerConfigKeys (ConfUtils.java:logGet(46)) - raft.server.log.preallocated.size = 16384 (custom)
2022-12-19 18:38:48,902 [pool-186-thread-1] INFO  server.RaftServerConfigKeys (ConfUtils.java:logGet(46)) - raft.server.log.force.sync.num = 128 (default)
2022-12-19 18:38:48,902 [pool-186-thread-1] INFO  server.RaftServerConfigKeys (ConfUtils.java:logGet(46)) - raft.server.log.statemachine.data.sync = true (default)
2022-12-19 18:38:48,903 [pool-186-thread-1] INFO  server.RaftServerConfigKeys (ConfUtils.java:logGet(46)) - raft.server.log.statemachine.data.sync.timeout = 10s (default)
2022-12-19 18:38:48,903 [pool-186-thread-1] INFO  server.RaftServerConfigKeys (ConfUtils.java:logGet(46)) - raft.server.log.statemachine.data.sync.timeout.retry = -1 (default)
2022-12-19 18:38:48,903 [pool-186-thread-1] INFO  server.RaftServerConfigKeys (ConfUtils.java:logGet(46)) - raft.server.log.write.buffer.size = 1048576 (custom)
2022-12-19 18:38:48,904 [EventQueue-PipelineReportForPipelineReportHandler] INFO  pipeline.PipelineManagerImpl (PipelineManagerImpl.java:openPipeline(367)) - Pipeline Pipeline[ Id: ede34861-58fc-4f13-beda-a3e775aa6c15, Nodes: 577e0dac-7593-4640-b9aa-fa89f15259b7{ip: 10.1.0.24, host: fv-az353-760.tkyx2seitsuu3nmpmouz2httfb.bx.internal.cloudapp.net, ports: [REPLICATION=37597, RATIS=45135, RATIS_ADMIN=45135, RATIS_SERVER=45135, RATIS_DATASTREAM=40327, STANDALONE=45333], networkLocation: /default-rack, certSerialId: null, persistedOpState: IN_SERVICE, persistedOpStateExpiryEpochSec: 0}, ReplicationConfig: RATIS/ONE, State:ALLOCATED, leaderId:577e0dac-7593-4640-b9aa-fa89f15259b7, CreationTimestamp2022-12-19T18:38:45.899Z[Etc/UTC]] moved to OPEN state
2022-12-19 18:38:48,904 [EventQueue-CommandQueueReportForCommandQueueReportHandler] WARN  events.EventQueue (EventQueue.java:fireEvent(216)) - No event handler registered for event TypedEvent{payloadType=DatanodeDetails, name='Datanode_Command_Queue_Updated'}
2022-12-19 18:38:48,905 [EventQueue-OpenPipelineForHealthyPipelineSafeModeRule] INFO  safemode.SCMSafeModeManager (HealthyPipelineSafeModeRule.java:process(137)) - SCM in safe mode. Healthy pipelines reported count is 0, required healthy pipeline reported count is 1
2022-12-19 18:38:48,905 [pool-186-thread-1] INFO  server.RaftServerConfigKeys (ConfUtils.java:logGet(46)) - raft.server.log.appender.buffer.byte-limit = 33554432 (custom)
2022-12-19 18:38:48,905 [Listener at 127.0.0.1/44039] INFO  ozone.MiniOzoneClusterImpl (MiniOzoneClusterImpl.java:lambda$waitForClusterToBeReady$0(217)) - Nodes are ready. Got 6 of 6 DN Heartbeats.
2022-12-19 18:38:48,906 [Listener at 127.0.0.1/44039] INFO  ozone.MiniOzoneClusterImpl (MiniOzoneClusterImpl.java:lambda$waitForClusterToBeReady$0(220)) - Waiting for cluster to exit safe mode
2022-12-19 18:38:48,906 [Listener at 127.0.0.1/44039] INFO  ozone.MiniOzoneClusterImpl (MiniOzoneClusterImpl.java:lambda$waitForClusterToBeReady$0(222)) - SCM became leader
2022-12-19 18:38:48,910 [pool-186-thread-1] INFO  server.RaftServerConfigKeys (ConfUtils.java:logGet(46)) - raft.server.log.unsafe-flush.enabled = false (default)
2022-12-19 18:38:48,910 [pool-186-thread-1] INFO  server.RaftServerConfigKeys (ConfUtils.java:logGet(46)) - raft.server.log.async-flush.enabled = false (default)
2022-12-19 18:38:48,910 [pool-186-thread-1] INFO  server.RaftServerConfigKeys (ConfUtils.java:logGet(46)) - raft.server.log.statemachine.data.caching.enabled = true (custom)
2022-12-19 18:38:48,910 [pool-186-thread-1] INFO  segmented.SegmentedRaftLogWorker (SegmentedRaftLogWorker.java:lambda$new$0(135)) - 577e0dac-7593-4640-b9aa-fa89f15259b7@group-A3E775AA6C15-SegmentedRaftLogWorker: flushIndex: setUnconditionally 0 -> -1
2022-12-19 18:38:48,910 [pool-186-thread-1] INFO  segmented.SegmentedRaftLogWorker (SegmentedRaftLogWorker.java:lambda$new$0(135)) - 577e0dac-7593-4640-b9aa-fa89f15259b7@group-A3E775AA6C15-SegmentedRaftLogWorker: safeCacheEvictIndex: setUnconditionally 0 -> -1
2022-12-19 18:38:48,910 [pool-186-thread-1] INFO  server.RaftServer$Division (RaftServerImpl.java:start(334)) - 577e0dac-7593-4640-b9aa-fa89f15259b7@group-A3E775AA6C15: start as a follower, conf=-1: peers:[577e0dac-7593-4640-b9aa-fa89f15259b7|rpc:10.1.0.24:45135|dataStream:10.1.0.24:40327|priority:1|startupRole:FOLLOWER]|listeners:[], old=null
2022-12-19 18:38:48,910 [pool-186-thread-1] INFO  server.RaftServer$Division (RaftServerImpl.java:setRole(321)) - 577e0dac-7593-4640-b9aa-fa89f15259b7@group-A3E775AA6C15: changes role from      null to FOLLOWER at term 0 for startAsFollower
2022-12-19 18:38:48,910 [pool-186-thread-1] INFO  impl.RoleInfo (RoleInfo.java:updateAndGet(139)) - 577e0dac-7593-4640-b9aa-fa89f15259b7: start 577e0dac-7593-4640-b9aa-fa89f15259b7@group-A3E775AA6C15-FollowerState
2022-12-19 18:38:48,910 [pool-186-thread-1] INFO  util.JmxRegister (JmxRegister.java:tryRegister(44)) - Successfully registered JMX Bean with object name Ratis:service=RaftServer,group=group-A3E775AA6C15,id=577e0dac-7593-4640-b9aa-fa89f15259b7
2022-12-19 18:38:48,910 [577e0dac-7593-4640-b9aa-fa89f15259b7@group-A3E775AA6C15-FollowerState] INFO  server.RaftServerConfigKeys (ConfUtils.java:logFallback(53)) - raft.server.rpc.first-election.timeout.min = 5s (fallback to raft.server.rpc.timeout.min)
2022-12-19 18:38:48,911 [pool-186-thread-1] INFO  server.RaftServerConfigKeys (ConfUtils.java:logGet(46)) - raft.server.snapshot.auto.trigger.enabled = true (custom)
2022-12-19 18:38:48,911 [577e0dac-7593-4640-b9aa-fa89f15259b7@group-A3E775AA6C15-FollowerState] INFO  server.RaftServerConfigKeys (ConfUtils.java:logFallback(53)) - raft.server.rpc.first-election.timeout.max = 5200ms (fallback to raft.server.rpc.timeout.max)
2022-12-19 18:38:48,911 [pool-186-thread-1] INFO  server.RaftServerConfigKeys (ConfUtils.java:logGet(46)) - raft.server.snapshot.auto.trigger.threshold = 10000 (custom)
2022-12-19 18:38:48,911 [pool-186-thread-1] INFO  server.RaftServerConfigKeys (ConfUtils.java:logGet(46)) - raft.server.snapshot.retention.file.num = 5 (custom)
2022-12-19 18:38:48,911 [pool-186-thread-1] INFO  server.RaftServerConfigKeys (ConfUtils.java:logGet(46)) - raft.server.log.purge.upto.snapshot.index = false (default)
2022-12-19 18:38:48,911 [Command processor thread] INFO  ratis.XceiverServerRatis (XceiverServerRatis.java:addGroup(806)) - Created group PipelineID=ede34861-58fc-4f13-beda-a3e775aa6c15
2022-12-19 18:38:48,911 [Command processor thread] INFO  commandhandler.CreatePipelineCommandHandler (CreatePipelineCommandHandler.java:handle(113)) - Created Pipeline RATIS ONE PipelineID=ede34861-58fc-4f13-beda-a3e775aa6c15.
2022-12-19 18:38:49,881 [EventQueue-CommandQueueReportForCommandQueueReportHandler] WARN  events.EventQueue (EventQueue.java:fireEvent(216)) - No event handler registered for event TypedEvent{payloadType=DatanodeDetails, name='Datanode_Command_Queue_Updated'}
2022-12-19 18:38:49,906 [Listener at 127.0.0.1/44039] INFO  ozone.MiniOzoneClusterImpl (MiniOzoneClusterImpl.java:lambda$waitForClusterToBeReady$0(217)) - Nodes are ready. Got 6 of 6 DN Heartbeats.
2022-12-19 18:38:49,906 [Listener at 127.0.0.1/44039] INFO  ozone.MiniOzoneClusterImpl (MiniOzoneClusterImpl.java:lambda$waitForClusterToBeReady$0(220)) - Waiting for cluster to exit safe mode
2022-12-19 18:38:49,906 [Listener at 127.0.0.1/44039] INFO  ozone.MiniOzoneClusterImpl (MiniOzoneClusterImpl.java:lambda$waitForClusterToBeReady$0(222)) - SCM became leader
2022-12-19 18:38:49,949 [EventQueue-CommandQueueReportForCommandQueueReportHandler] WARN  events.EventQueue (EventQueue.java:fireEvent(216)) - No event handler registered for event TypedEvent{payloadType=DatanodeDetails, name='Datanode_Command_Queue_Updated'}
2022-12-19 18:38:50,014 [EventQueue-CommandQueueReportForCommandQueueReportHandler] WARN  events.EventQueue (EventQueue.java:fireEvent(216)) - No event handler registered for event TypedEvent{payloadType=DatanodeDetails, name='Datanode_Command_Queue_Updated'}
2022-12-19 18:38:50,654 [EventQueue-CommandQueueReportForCommandQueueReportHandler] WARN  events.EventQueue (EventQueue.java:fireEvent(216)) - No event handler registered for event TypedEvent{payloadType=DatanodeDetails, name='Datanode_Command_Queue_Updated'}
2022-12-19 18:38:50,730 [EventQueue-CommandQueueReportForCommandQueueReportHandler] WARN  events.EventQueue (EventQueue.java:fireEvent(216)) - No event handler registered for event TypedEvent{payloadType=DatanodeDetails, name='Datanode_Command_Queue_Updated'}
2022-12-19 18:38:50,901 [EventQueue-CommandQueueReportForCommandQueueReportHandler] WARN  events.EventQueue (EventQueue.java:fireEvent(216)) - No event handler registered for event TypedEvent{payloadType=DatanodeDetails, name='Datanode_Command_Queue_Updated'}
2022-12-19 18:38:50,906 [Listener at 127.0.0.1/44039] INFO  ozone.MiniOzoneClusterImpl (MiniOzoneClusterImpl.java:lambda$waitForClusterToBeReady$0(217)) - Nodes are ready. Got 6 of 6 DN Heartbeats.
2022-12-19 18:38:50,907 [Listener at 127.0.0.1/44039] INFO  ozone.MiniOzoneClusterImpl (MiniOzoneClusterImpl.java:lambda$waitForClusterToBeReady$0(220)) - Waiting for cluster to exit safe mode
2022-12-19 18:38:50,907 [Listener at 127.0.0.1/44039] INFO  ozone.MiniOzoneClusterImpl (MiniOzoneClusterImpl.java:lambda$waitForClusterToBeReady$0(222)) - SCM became leader
2022-12-19 18:38:51,882 [EventQueue-CommandQueueReportForCommandQueueReportHandler] WARN  events.EventQueue (EventQueue.java:fireEvent(216)) - No event handler registered for event TypedEvent{payloadType=DatanodeDetails, name='Datanode_Command_Queue_Updated'}
2022-12-19 18:38:51,907 [Listener at 127.0.0.1/44039] INFO  ozone.MiniOzoneClusterImpl (MiniOzoneClusterImpl.java:lambda$waitForClusterToBeReady$0(217)) - Nodes are ready. Got 6 of 6 DN Heartbeats.
2022-12-19 18:38:51,907 [Listener at 127.0.0.1/44039] INFO  ozone.MiniOzoneClusterImpl (MiniOzoneClusterImpl.java:lambda$waitForClusterToBeReady$0(220)) - Waiting for cluster to exit safe mode
2022-12-19 18:38:51,907 [Listener at 127.0.0.1/44039] INFO  ozone.MiniOzoneClusterImpl (MiniOzoneClusterImpl.java:lambda$waitForClusterToBeReady$0(222)) - SCM became leader
2022-12-19 18:38:51,947 [EventQueue-CommandQueueReportForCommandQueueReportHandler] WARN  events.EventQueue (EventQueue.java:fireEvent(216)) - No event handler registered for event TypedEvent{payloadType=DatanodeDetails, name='Datanode_Command_Queue_Updated'}
2022-12-19 18:38:52,011 [EventQueue-CommandQueueReportForCommandQueueReportHandler] WARN  events.EventQueue (EventQueue.java:fireEvent(216)) - No event handler registered for event TypedEvent{payloadType=DatanodeDetails, name='Datanode_Command_Queue_Updated'}
2022-12-19 18:38:52,130 [89d730ca-c741-4fc9-afaf-179ceaf5b2b4@group-4986116CB204-FollowerState] INFO  impl.FollowerState (FollowerState.java:run(143)) - 89d730ca-c741-4fc9-afaf-179ceaf5b2b4@group-4986116CB204-FollowerState: change to CANDIDATE, lastRpcElapsedTime:5072785420ns, electionTimeout:5064ms
2022-12-19 18:38:52,130 [89d730ca-c741-4fc9-afaf-179ceaf5b2b4@group-4986116CB204-FollowerState] INFO  impl.RoleInfo (RoleInfo.java:shutdownFollowerState(110)) - 89d730ca-c741-4fc9-afaf-179ceaf5b2b4: shutdown 89d730ca-c741-4fc9-afaf-179ceaf5b2b4@group-4986116CB204-FollowerState
2022-12-19 18:38:52,130 [89d730ca-c741-4fc9-afaf-179ceaf5b2b4@group-4986116CB204-FollowerState] INFO  server.RaftServer$Division (RaftServerImpl.java:setRole(321)) - 89d730ca-c741-4fc9-afaf-179ceaf5b2b4@group-4986116CB204: changes role from  FOLLOWER to CANDIDATE at term 0 for changeToCandidate
2022-12-19 18:38:52,131 [89d730ca-c741-4fc9-afaf-179ceaf5b2b4@group-4986116CB204-FollowerState] INFO  server.RaftServerConfigKeys (ConfUtils.java:logGet(46)) - raft.server.leaderelection.pre-vote = false (custom)
2022-12-19 18:38:52,131 [89d730ca-c741-4fc9-afaf-179ceaf5b2b4@group-4986116CB204-FollowerState] INFO  impl.RoleInfo (RoleInfo.java:updateAndGet(139)) - 89d730ca-c741-4fc9-afaf-179ceaf5b2b4: start 89d730ca-c741-4fc9-afaf-179ceaf5b2b4@group-4986116CB204-LeaderElection2
2022-12-19 18:38:52,135 [89d730ca-c741-4fc9-afaf-179ceaf5b2b4@group-4986116CB204-LeaderElection2] INFO  impl.LeaderElection (LeaderElection.java:askForVotes(312)) - 89d730ca-c741-4fc9-afaf-179ceaf5b2b4@group-4986116CB204-LeaderElection2 ELECTION round 0: submit vote requests at term 1 for -1: peers:[89d730ca-c741-4fc9-afaf-179ceaf5b2b4|rpc:10.1.0.24:40319|dataStream:10.1.0.24:35251|priority:1|startupRole:FOLLOWER]|listeners:[], old=null
2022-12-19 18:38:52,135 [89d730ca-c741-4fc9-afaf-179ceaf5b2b4@group-4986116CB204-LeaderElection2] INFO  impl.LeaderElection (LeaderElection.java:askForVotes(314)) - 89d730ca-c741-4fc9-afaf-179ceaf5b2b4@group-4986116CB204-LeaderElection2 ELECTION round 0: result PASSED (term=1)
2022-12-19 18:38:52,135 [89d730ca-c741-4fc9-afaf-179ceaf5b2b4@group-4986116CB204-LeaderElection2] INFO  impl.RoleInfo (RoleInfo.java:shutdownLeaderElection(130)) - 89d730ca-c741-4fc9-afaf-179ceaf5b2b4: shutdown 89d730ca-c741-4fc9-afaf-179ceaf5b2b4@group-4986116CB204-LeaderElection2
2022-12-19 18:38:52,135 [89d730ca-c741-4fc9-afaf-179ceaf5b2b4@group-4986116CB204-LeaderElection2] INFO  server.RaftServer$Division (RaftServerImpl.java:setRole(321)) - 89d730ca-c741-4fc9-afaf-179ceaf5b2b4@group-4986116CB204: changes role from CANDIDATE to LEADER at term 1 for changeToLeader
2022-12-19 18:38:52,135 [89d730ca-c741-4fc9-afaf-179ceaf5b2b4@group-4986116CB204-LeaderElection2] INFO  ratis.XceiverServerRatis (XceiverServerRatis.java:handleLeaderChangedNotification(904)) - Leader change notification received for group: group-4986116CB204 with new leaderId: 89d730ca-c741-4fc9-afaf-179ceaf5b2b4
2022-12-19 18:38:52,136 [89d730ca-c741-4fc9-afaf-179ceaf5b2b4@group-4986116CB204-LeaderElection2] INFO  server.RaftServer$Division (ServerState.java:setLeader(313)) - 89d730ca-c741-4fc9-afaf-179ceaf5b2b4@group-4986116CB204: change Leader from null to 89d730ca-c741-4fc9-afaf-179ceaf5b2b4 at term 1 for becomeLeader, leader elected after 5102ms
2022-12-19 18:38:52,136 [89d730ca-c741-4fc9-afaf-179ceaf5b2b4@group-4986116CB204-LeaderElection2] INFO  server.RaftServerConfigKeys (ConfUtils.java:logGet(46)) - raft.server.staging.catchup.gap = 1000 (default)
2022-12-19 18:38:52,136 [89d730ca-c741-4fc9-afaf-179ceaf5b2b4@group-4986116CB204-LeaderElection2] INFO  server.RaftServerConfigKeys (ConfUtils.java:logGet(46)) - raft.server.write.element-limit = 1024 (custom)
2022-12-19 18:38:52,136 [89d730ca-c741-4fc9-afaf-179ceaf5b2b4@group-4986116CB204-LeaderElection2] INFO  server.RaftServerConfigKeys (ConfUtils.java:logGet(46)) - raft.server.write.byte-limit = 1024 M (=1073741824) (custom)
2022-12-19 18:38:52,137 [89d730ca-c741-4fc9-afaf-179ceaf5b2b4@group-4986116CB204-LeaderElection2] INFO  server.RaftServerConfigKeys (ConfUtils.java:logGet(46)) - raft.server.watch.timeout = 180s (custom)
2022-12-19 18:38:52,137 [89d730ca-c741-4fc9-afaf-179ceaf5b2b4@group-4986116CB204-LeaderElection2] INFO  server.RaftServerConfigKeys (ConfUtils.java:logGet(46)) - raft.server.watch.timeout.denomination = 1s (default)
2022-12-19 18:38:52,137 [89d730ca-c741-4fc9-afaf-179ceaf5b2b4@group-4986116CB204-LeaderElection2] INFO  server.RaftServerConfigKeys (ConfUtils.java:logGet(46)) - raft.server.watch.element-limit = 65536 (default)
2022-12-19 18:38:52,137 [89d730ca-c741-4fc9-afaf-179ceaf5b2b4@group-4986116CB204-LeaderElection2] INFO  server.RaftServerConfigKeys (ConfUtils.java:logGet(46)) - raft.server.write.element-limit = 1024 (custom)
2022-12-19 18:38:52,137 [EventQueue-CommandQueueReportForCommandQueueReportHandler] WARN  events.EventQueue (EventQueue.java:fireEvent(216)) - No event handler registered for event TypedEvent{payloadType=DatanodeDetails, name='Datanode_Command_Queue_Updated'}
2022-12-19 18:38:52,137 [EventQueue-OpenPipelineForHealthyPipelineSafeModeRule] INFO  safemode.SCMSafeModeManager (HealthyPipelineSafeModeRule.java:process(137)) - SCM in safe mode. Healthy pipelines reported count is 0, required healthy pipeline reported count is 1
2022-12-19 18:38:52,137 [89d730ca-c741-4fc9-afaf-179ceaf5b2b4@group-4986116CB204-LeaderElection2] INFO  server.RaftServerConfigKeys (ConfUtils.java:logGet(46)) - raft.server.write.follower.gap.ratio.max = -1.0 (default)
2022-12-19 18:38:52,137 [89d730ca-c741-4fc9-afaf-179ceaf5b2b4@group-4986116CB204-LeaderElection2] INFO  impl.RoleInfo (RoleInfo.java:updateAndGet(139)) - 89d730ca-c741-4fc9-afaf-179ceaf5b2b4: start 89d730ca-c741-4fc9-afaf-179ceaf5b2b4@group-4986116CB204-LeaderStateImpl
2022-12-19 18:38:52,138 [89d730ca-c741-4fc9-afaf-179ceaf5b2b4@group-4986116CB204-LeaderElection2] INFO  segmented.SegmentedRaftLogWorker (SegmentedRaftLogWorker.java:startLogSegment(452)) - 89d730ca-c741-4fc9-afaf-179ceaf5b2b4@group-4986116CB204-SegmentedRaftLogWorker: Starting segment from index:0
2022-12-19 18:38:52,139 [89d730ca-c741-4fc9-afaf-179ceaf5b2b4@group-4986116CB204-SegmentedRaftLogWorker] INFO  segmented.SegmentedRaftLogWorker (SegmentedRaftLogWorker.java:execute(656)) - 89d730ca-c741-4fc9-afaf-179ceaf5b2b4@group-4986116CB204-SegmentedRaftLogWorker: created new log segment /home/runner/work/ozone/ozone/hadoop-ozone/integration-test/target/test-dir/MiniOzoneClusterImpl-11542299-c030-49ce-a1ef-33f98f34fc6c/datanode-0/data/ratis/ed9ae400-fd30-4244-abde-4986116cb204/current/log_inprogress_0
2022-12-19 18:38:52,141 [89d730ca-c741-4fc9-afaf-179ceaf5b2b4@group-4986116CB204-LeaderElection2] INFO  server.RaftServer$Division (ServerState.java:setRaftConf(430)) - 89d730ca-c741-4fc9-afaf-179ceaf5b2b4@group-4986116CB204: set configuration 0: peers:[89d730ca-c741-4fc9-afaf-179ceaf5b2b4|rpc:10.1.0.24:40319|dataStream:10.1.0.24:35251|priority:1|startupRole:FOLLOWER]|listeners:[], old=null
2022-12-19 18:38:52,143 [89d730ca-c741-4fc9-afaf-179ceaf5b2b4@group-FEA4670F50BE-FollowerState] INFO  impl.FollowerState (FollowerState.java:run(143)) - 89d730ca-c741-4fc9-afaf-179ceaf5b2b4@group-FEA4670F50BE-FollowerState: change to CANDIDATE, lastRpcElapsedTime:5039553304ns, electionTimeout:5034ms
2022-12-19 18:38:52,143 [89d730ca-c741-4fc9-afaf-179ceaf5b2b4@group-FEA4670F50BE-FollowerState] INFO  impl.RoleInfo (RoleInfo.java:shutdownFollowerState(110)) - 89d730ca-c741-4fc9-afaf-179ceaf5b2b4: shutdown 89d730ca-c741-4fc9-afaf-179ceaf5b2b4@group-FEA4670F50BE-FollowerState
2022-12-19 18:38:52,143 [89d730ca-c741-4fc9-afaf-179ceaf5b2b4@group-FEA4670F50BE-FollowerState] INFO  server.RaftServer$Division (RaftServerImpl.java:setRole(321)) - 89d730ca-c741-4fc9-afaf-179ceaf5b2b4@group-FEA4670F50BE: changes role from  FOLLOWER to CANDIDATE at term 0 for changeToCandidate
2022-12-19 18:38:52,144 [89d730ca-c741-4fc9-afaf-179ceaf5b2b4@group-FEA4670F50BE-FollowerState] INFO  server.RaftServerConfigKeys (ConfUtils.java:logGet(46)) - raft.server.leaderelection.pre-vote = false (custom)
2022-12-19 18:38:52,144 [89d730ca-c741-4fc9-afaf-179ceaf5b2b4@group-FEA4670F50BE-FollowerState] INFO  impl.RoleInfo (RoleInfo.java:updateAndGet(139)) - 89d730ca-c741-4fc9-afaf-179ceaf5b2b4: start 89d730ca-c741-4fc9-afaf-179ceaf5b2b4@group-FEA4670F50BE-LeaderElection3
2022-12-19 18:38:52,146 [89d730ca-c741-4fc9-afaf-179ceaf5b2b4@group-FEA4670F50BE-LeaderElection3] INFO  impl.LeaderElection (LeaderElection.java:askForVotes(312)) - 89d730ca-c741-4fc9-afaf-179ceaf5b2b4@group-FEA4670F50BE-LeaderElection3 ELECTION round 0: submit vote requests at term 1 for -1: peers:[89d730ca-c741-4fc9-afaf-179ceaf5b2b4|rpc:10.1.0.24:40319|dataStream:10.1.0.24:35251|priority:1|startupRole:FOLLOWER, 91d78431-6cd7-4796-a346-e9fe01a1de12|rpc:10.1.0.24:43619|dataStream:10.1.0.24:33445|priority:0|startupRole:FOLLOWER, 6ea35c1f-1714-407c-a38f-a2791a2eb8d3|rpc:10.1.0.24:34213|dataStream:10.1.0.24:36469|priority:0|startupRole:FOLLOWER]|listeners:[], old=null
2022-12-19 18:38:52,151 [89d730ca-c741-4fc9-afaf-179ceaf5b2b4@group-FEA4670F50BE-LeaderElection3-1] INFO  server.GrpcServerProtocolClient (GrpcServerProtocolClient.java:<init>(63)) - Build channel for 91d78431-6cd7-4796-a346-e9fe01a1de12
2022-12-19 18:38:52,151 [89d730ca-c741-4fc9-afaf-179ceaf5b2b4@group-FEA4670F50BE-LeaderElection3-2] INFO  server.GrpcServerProtocolClient (GrpcServerProtocolClient.java:<init>(63)) - Build channel for 6ea35c1f-1714-407c-a38f-a2791a2eb8d3
2022-12-19 18:38:52,151 [89d730ca-c741-4fc9-afaf-179ceaf5b2b4@group-FEA4670F50BE-LeaderElection3] INFO  server.RaftServerConfigKeys (ConfUtils.java:logFallback(53)) - raft.server.rpc.first-election.timeout.min = 5s (fallback to raft.server.rpc.timeout.min)
2022-12-19 18:38:52,152 [89d730ca-c741-4fc9-afaf-179ceaf5b2b4@group-FEA4670F50BE-LeaderElection3] INFO  server.RaftServerConfigKeys (ConfUtils.java:logFallback(53)) - raft.server.rpc.first-election.timeout.max = 5200ms (fallback to raft.server.rpc.timeout.max)
2022-12-19 18:38:52,165 [grpc-default-executor-1] INFO  server.RaftServer$Division (RaftServerImpl.java:requestVote(1218)) - 91d78431-6cd7-4796-a346-e9fe01a1de12@group-FEA4670F50BE: receive requestVote(ELECTION, 89d730ca-c741-4fc9-afaf-179ceaf5b2b4, group-FEA4670F50BE, 1, (t:0, i:0))
2022-12-19 18:38:52,167 [grpc-default-executor-1] INFO  impl.VoteContext (VoteContext.java:log(49)) - 91d78431-6cd7-4796-a346-e9fe01a1de12@group-FEA4670F50BE-FOLLOWER: accept ELECTION from 89d730ca-c741-4fc9-afaf-179ceaf5b2b4: our priority 0 <= candidate's priority 1
2022-12-19 18:38:52,169 [grpc-default-executor-1] INFO  server.RaftServer$Division (RaftServerImpl.java:setRole(321)) - 91d78431-6cd7-4796-a346-e9fe01a1de12@group-FEA4670F50BE: changes role from  FOLLOWER to FOLLOWER at term 1 for candidate:89d730ca-c741-4fc9-afaf-179ceaf5b2b4
2022-12-19 18:38:52,169 [grpc-default-executor-1] INFO  impl.RoleInfo (RoleInfo.java:shutdownFollowerState(110)) - 91d78431-6cd7-4796-a346-e9fe01a1de12: shutdown 91d78431-6cd7-4796-a346-e9fe01a1de12@group-FEA4670F50BE-FollowerState
2022-12-19 18:38:52,170 [91d78431-6cd7-4796-a346-e9fe01a1de12@group-FEA4670F50BE-FollowerState] INFO  impl.FollowerState (FollowerState.java:run(152)) - 91d78431-6cd7-4796-a346-e9fe01a1de12@group-FEA4670F50BE-FollowerState was interrupted
2022-12-19 18:38:52,175 [grpc-default-executor-1] INFO  impl.RoleInfo (RoleInfo.java:updateAndGet(139)) - 91d78431-6cd7-4796-a346-e9fe01a1de12: start 91d78431-6cd7-4796-a346-e9fe01a1de12@group-FEA4670F50BE-FollowerState
2022-12-19 18:38:52,176 [91d78431-6cd7-4796-a346-e9fe01a1de12@group-FEA4670F50BE-FollowerState] INFO  server.RaftServerConfigKeys (ConfUtils.java:logFallback(53)) - raft.server.rpc.first-election.timeout.min = 5s (fallback to raft.server.rpc.timeout.min)
2022-12-19 18:38:52,176 [91d78431-6cd7-4796-a346-e9fe01a1de12@group-FEA4670F50BE-FollowerState] INFO  server.RaftServerConfigKeys (ConfUtils.java:logFallback(53)) - raft.server.rpc.first-election.timeout.max = 5200ms (fallback to raft.server.rpc.timeout.max)
2022-12-19 18:38:52,183 [grpc-default-executor-0] INFO  server.RaftServer$Division (RaftServerImpl.java:requestVote(1218)) - 6ea35c1f-1714-407c-a38f-a2791a2eb8d3@group-FEA4670F50BE: receive requestVote(ELECTION, 89d730ca-c741-4fc9-afaf-179ceaf5b2b4, group-FEA4670F50BE, 1, (t:0, i:0))
2022-12-19 18:38:52,183 [grpc-default-executor-1] INFO  server.RaftServer$Division (RaftServerImpl.java:requestVote(1251)) - 91d78431-6cd7-4796-a346-e9fe01a1de12@group-FEA4670F50BE replies to ELECTION vote request: 89d730ca-c741-4fc9-afaf-179ceaf5b2b4<-91d78431-6cd7-4796-a346-e9fe01a1de12#0:OK-t1. Peer's state: 91d78431-6cd7-4796-a346-e9fe01a1de12@group-FEA4670F50BE:t1, leader=null, voted=89d730ca-c741-4fc9-afaf-179ceaf5b2b4, raftlog=Memoized:91d78431-6cd7-4796-a346-e9fe01a1de12@group-FEA4670F50BE-SegmentedRaftLog:OPENED:c-1, conf=-1: peers:[89d730ca-c741-4fc9-afaf-179ceaf5b2b4|rpc:10.1.0.24:40319|dataStream:10.1.0.24:35251|priority:1|startupRole:FOLLOWER, 91d78431-6cd7-4796-a346-e9fe01a1de12|rpc:10.1.0.24:43619|dataStream:10.1.0.24:33445|priority:0|startupRole:FOLLOWER, 6ea35c1f-1714-407c-a38f-a2791a2eb8d3|rpc:10.1.0.24:34213|dataStream:10.1.0.24:36469|priority:0|startupRole:FOLLOWER]|listeners:[], old=null
2022-12-19 18:38:52,184 [grpc-default-executor-0] INFO  impl.VoteContext (VoteContext.java:log(49)) - 6ea35c1f-1714-407c-a38f-a2791a2eb8d3@group-FEA4670F50BE-FOLLOWER: accept ELECTION from 89d730ca-c741-4fc9-afaf-179ceaf5b2b4: our priority 0 <= candidate's priority 1
2022-12-19 18:38:52,184 [grpc-default-executor-0] INFO  server.RaftServer$Division (RaftServerImpl.java:setRole(321)) - 6ea35c1f-1714-407c-a38f-a2791a2eb8d3@group-FEA4670F50BE: changes role from  FOLLOWER to FOLLOWER at term 1 for candidate:89d730ca-c741-4fc9-afaf-179ceaf5b2b4
2022-12-19 18:38:52,184 [grpc-default-executor-0] INFO  impl.RoleInfo (RoleInfo.java:shutdownFollowerState(110)) - 6ea35c1f-1714-407c-a38f-a2791a2eb8d3: shutdown 6ea35c1f-1714-407c-a38f-a2791a2eb8d3@group-FEA4670F50BE-FollowerState
2022-12-19 18:38:52,184 [6ea35c1f-1714-407c-a38f-a2791a2eb8d3@group-FEA4670F50BE-FollowerState] INFO  impl.FollowerState (FollowerState.java:run(152)) - 6ea35c1f-1714-407c-a38f-a2791a2eb8d3@group-FEA4670F50BE-FollowerState was interrupted
2022-12-19 18:38:52,185 [grpc-default-executor-0] INFO  impl.RoleInfo (RoleInfo.java:updateAndGet(139)) - 6ea35c1f-1714-407c-a38f-a2791a2eb8d3: start 6ea35c1f-1714-407c-a38f-a2791a2eb8d3@group-FEA4670F50BE-FollowerState
2022-12-19 18:38:52,186 [6ea35c1f-1714-407c-a38f-a2791a2eb8d3@group-FEA4670F50BE-FollowerState] INFO  server.RaftServerConfigKeys (ConfUtils.java:logFallback(53)) - raft.server.rpc.first-election.timeout.min = 5s (fallback to raft.server.rpc.timeout.min)
2022-12-19 18:38:52,186 [6ea35c1f-1714-407c-a38f-a2791a2eb8d3@group-FEA4670F50BE-FollowerState] INFO  server.RaftServerConfigKeys (ConfUtils.java:logFallback(53)) - raft.server.rpc.first-election.timeout.max = 5200ms (fallback to raft.server.rpc.timeout.max)
2022-12-19 18:38:52,187 [grpc-default-executor-0] INFO  server.RaftServer$Division (RaftServerImpl.java:requestVote(1251)) - 6ea35c1f-1714-407c-a38f-a2791a2eb8d3@group-FEA4670F50BE replies to ELECTION vote request: 89d730ca-c741-4fc9-afaf-179ceaf5b2b4<-6ea35c1f-1714-407c-a38f-a2791a2eb8d3#0:OK-t1. Peer's state: 6ea35c1f-1714-407c-a38f-a2791a2eb8d3@group-FEA4670F50BE:t1, leader=null, voted=89d730ca-c741-4fc9-afaf-179ceaf5b2b4, raftlog=Memoized:6ea35c1f-1714-407c-a38f-a2791a2eb8d3@group-FEA4670F50BE-SegmentedRaftLog:OPENED:c-1, conf=-1: peers:[89d730ca-c741-4fc9-afaf-179ceaf5b2b4|rpc:10.1.0.24:40319|dataStream:10.1.0.24:35251|priority:1|startupRole:FOLLOWER, 91d78431-6cd7-4796-a346-e9fe01a1de12|rpc:10.1.0.24:43619|dataStream:10.1.0.24:33445|priority:0|startupRole:FOLLOWER, 6ea35c1f-1714-407c-a38f-a2791a2eb8d3|rpc:10.1.0.24:34213|dataStream:10.1.0.24:36469|priority:0|startupRole:FOLLOWER]|listeners:[], old=null
2022-12-19 18:38:52,189 [89d730ca-c741-4fc9-afaf-179ceaf5b2b4@group-FEA4670F50BE-LeaderElection3] INFO  impl.LeaderElection (LeaderElection.java:logAndReturn(90)) - 89d730ca-c741-4fc9-afaf-179ceaf5b2b4@group-FEA4670F50BE-LeaderElection3: ELECTION PASSED received 1 response(s) and 0 exception(s):
2022-12-19 18:38:52,189 [89d730ca-c741-4fc9-afaf-179ceaf5b2b4@group-FEA4670F50BE-LeaderElection3] INFO  impl.LeaderElection (LeaderElection.java:logAndReturn(94)) -   Response 0: 89d730ca-c741-4fc9-afaf-179ceaf5b2b4<-6ea35c1f-1714-407c-a38f-a2791a2eb8d3#0:OK-t1
2022-12-19 18:38:52,189 [89d730ca-c741-4fc9-afaf-179ceaf5b2b4@group-FEA4670F50BE-LeaderElection3] INFO  impl.LeaderElection (LeaderElection.java:askForVotes(314)) - 89d730ca-c741-4fc9-afaf-179ceaf5b2b4@group-FEA4670F50BE-LeaderElection3 ELECTION round 0: result PASSED
2022-12-19 18:38:52,189 [89d730ca-c741-4fc9-afaf-179ceaf5b2b4@group-FEA4670F50BE-LeaderElection3] INFO  impl.RoleInfo (RoleInfo.java:shutdownLeaderElection(130)) - 89d730ca-c741-4fc9-afaf-179ceaf5b2b4: shutdown 89d730ca-c741-4fc9-afaf-179ceaf5b2b4@group-FEA4670F50BE-LeaderElection3
2022-12-19 18:38:52,190 [89d730ca-c741-4fc9-afaf-179ceaf5b2b4@group-FEA4670F50BE-LeaderElection3] INFO  server.RaftServer$Division (RaftServerImpl.java:setRole(321)) - 89d730ca-c741-4fc9-afaf-179ceaf5b2b4@group-FEA4670F50BE: changes role from CANDIDATE to LEADER at term 1 for changeToLeader
2022-12-19 18:38:52,190 [89d730ca-c741-4fc9-afaf-179ceaf5b2b4@group-FEA4670F50BE-LeaderElection3] INFO  ratis.XceiverServerRatis (XceiverServerRatis.java:handleLeaderChangedNotification(904)) - Leader change notification received for group: group-FEA4670F50BE with new leaderId: 89d730ca-c741-4fc9-afaf-179ceaf5b2b4
2022-12-19 18:38:52,190 [89d730ca-c741-4fc9-afaf-179ceaf5b2b4@group-FEA4670F50BE-LeaderElection3] INFO  server.RaftServer$Division (ServerState.java:setLeader(313)) - 89d730ca-c741-4fc9-afaf-179ceaf5b2b4@group-FEA4670F50BE: change Leader from null to 89d730ca-c741-4fc9-afaf-179ceaf5b2b4 at term 1 for becomeLeader, leader elected after 5105ms
2022-12-19 18:38:52,190 [89d730ca-c741-4fc9-afaf-179ceaf5b2b4@group-FEA4670F50BE-LeaderElection3] INFO  server.RaftServerConfigKeys (ConfUtils.java:logGet(46)) - raft.server.staging.catchup.gap = 1000 (default)
2022-12-19 18:38:52,190 [89d730ca-c741-4fc9-afaf-179ceaf5b2b4@group-FEA4670F50BE-LeaderElection3] INFO  server.RaftServerConfigKeys (ConfUtils.java:logGet(46)) - raft.server.write.element-limit = 1024 (custom)
2022-12-19 18:38:52,190 [89d730ca-c741-4fc9-afaf-179ceaf5b2b4@group-FEA4670F50BE-LeaderElection3] INFO  server.RaftServerConfigKeys (ConfUtils.java:logGet(46)) - raft.server.write.byte-limit = 1024 M (=1073741824) (custom)
2022-12-19 18:38:52,190 [89d730ca-c741-4fc9-afaf-179ceaf5b2b4@group-FEA4670F50BE-LeaderElection3] INFO  server.RaftServerConfigKeys (ConfUtils.java:logGet(46)) - raft.server.watch.timeout = 180s (custom)
2022-12-19 18:38:52,190 [89d730ca-c741-4fc9-afaf-179ceaf5b2b4@group-FEA4670F50BE-LeaderElection3] INFO  server.RaftServerConfigKeys (ConfUtils.java:logGet(46)) - raft.server.watch.timeout.denomination = 1s (default)
2022-12-19 18:38:52,190 [89d730ca-c741-4fc9-afaf-179ceaf5b2b4@group-FEA4670F50BE-LeaderElection3] INFO  server.RaftServerConfigKeys (ConfUtils.java:logGet(46)) - raft.server.watch.element-limit = 65536 (default)
2022-12-19 18:38:52,190 [89d730ca-c741-4fc9-afaf-179ceaf5b2b4@group-FEA4670F50BE-LeaderElection3] INFO  server.RaftServerConfigKeys (ConfUtils.java:logGet(46)) - raft.server.write.element-limit = 1024 (custom)
2022-12-19 18:38:52,191 [89d730ca-c741-4fc9-afaf-179ceaf5b2b4@group-FEA4670F50BE-LeaderElection3] INFO  server.RaftServerConfigKeys (ConfUtils.java:logGet(46)) - raft.server.write.follower.gap.ratio.max = -1.0 (default)
2022-12-19 18:38:52,193 [EventQueue-CommandQueueReportForCommandQueueReportHandler] WARN  events.EventQueue (EventQueue.java:fireEvent(216)) - No event handler registered for event TypedEvent{payloadType=DatanodeDetails, name='Datanode_Command_Queue_Updated'}
2022-12-19 18:38:52,193 [EventQueue-PipelineReportForPipelineReportHandler] INFO  pipeline.PipelineManagerImpl (PipelineManagerImpl.java:openPipeline(367)) - Pipeline Pipeline[ Id: cf0d6ba1-a770-43ee-a51c-fea4670f50be, Nodes: 89d730ca-c741-4fc9-afaf-179ceaf5b2b4{ip: 10.1.0.24, host: fv-az353-760.tkyx2seitsuu3nmpmouz2httfb.bx.internal.cloudapp.net, ports: [REPLICATION=33149, RATIS=40319, RATIS_ADMIN=40319, RATIS_SERVER=40319, RATIS_DATASTREAM=35251, STANDALONE=46067], networkLocation: /default-rack, certSerialId: null, persistedOpState: IN_SERVICE, persistedOpStateExpiryEpochSec: 0}91d78431-6cd7-4796-a346-e9fe01a1de12{ip: 10.1.0.24, host: fv-az353-760.tkyx2seitsuu3nmpmouz2httfb.bx.internal.cloudapp.net, ports: [REPLICATION=36335, RATIS=43619, RATIS_ADMIN=43619, RATIS_SERVER=43619, RATIS_DATASTREAM=33445, STANDALONE=36883], networkLocation: /default-rack, certSerialId: null, persistedOpState: IN_SERVICE, persistedOpStateExpiryEpochSec: 0}6ea35c1f-1714-407c-a38f-a2791a2eb8d3{ip: 10.1.0.24, host: fv-az353-760.tkyx2seitsuu3nmpmouz2httfb.bx.internal.cloudapp.net, ports: [REPLICATION=37111, RATIS=34213, RATIS_ADMIN=34213, RATIS_SERVER=34213, RATIS_DATASTREAM=36469, STANDALONE=39651], networkLocation: /default-rack, certSerialId: null, persistedOpState: IN_SERVICE, persistedOpStateExpiryEpochSec: 0}, ReplicationConfig: RATIS/THREE, State:ALLOCATED, leaderId:89d730ca-c741-4fc9-afaf-179ceaf5b2b4, CreationTimestamp2022-12-19T18:38:44.914Z[Etc/UTC]] moved to OPEN state
2022-12-19 18:38:52,194 [EventQueue-OpenPipelineForHealthyPipelineSafeModeRule] INFO  safemode.SCMSafeModeManager (HealthyPipelineSafeModeRule.java:process(137)) - SCM in safe mode. Healthy pipelines reported count is 1, required healthy pipeline reported count is 1
2022-12-19 18:38:52,194 [EventQueue-OpenPipelineForHealthyPipelineSafeModeRule] INFO  safemode.SCMSafeModeManager (SCMSafeModeManager.java:validateSafeModeExitRules(200)) - HealthyPipelineSafeModeRule rule is successfully validated
2022-12-19 18:38:52,194 [EventQueue-OpenPipelineForHealthyPipelineSafeModeRule] INFO  safemode.SCMSafeModeManager (SCMSafeModeManager.java:validateSafeModeExitRules(215)) - ScmSafeModeManager, all rules are successfully validated
2022-12-19 18:38:52,194 [EventQueue-OpenPipelineForHealthyPipelineSafeModeRule] INFO  safemode.SCMSafeModeManager (SCMSafeModeManager.java:exitSafeMode(244)) - SCM exiting safe mode.
2022-12-19 18:38:52,194 [EventQueue-OpenPipelineForHealthyPipelineSafeModeRule] INFO  ha.SCMContext (SCMContext.java:updateSafeModeStatus(228)) - Update SafeModeStatus from SafeModeStatus{safeModeStatus=true, preCheckPassed=true} to SafeModeStatus{safeModeStatus=false, preCheckPassed=true}.
2022-12-19 18:38:52,195 [EventQueue-OpenPipelineForHealthyPipelineSafeModeRule] INFO  pipeline.BackgroundPipelineCreator (BackgroundPipelineCreator.java:notifyStatusChanged(254)) - Service BackgroundPipelineCreator transitions to RUNNING.
2022-12-19 18:38:52,195 [EventQueue-OpenPipelineForHealthyPipelineSafeModeRule] INFO  BackgroundPipelineScrubber (BackgroundSCMService.java:notifyStatusChanged(82)) - Service BackgroundPipelineScrubber transitions to RUNNING.
2022-12-19 18:38:52,195 [EventQueue-OpenPipelineForHealthyPipelineSafeModeRule] INFO  ExpiredContainerReplicaOpScrubber (BackgroundSCMService.java:notifyStatusChanged(82)) - Service ExpiredContainerReplicaOpScrubber transitions to RUNNING.
2022-12-19 18:38:52,195 [EventQueue-OpenPipelineForHealthyPipelineSafeModeRule] INFO  replication.ReplicationManager (ReplicationManager.java:notifyStatusChanged(918)) - Service ReplicationManager transitions to RUNNING.
2022-12-19 18:38:52,198 [EventQueue-OpenPipelineForHealthyPipelineSafeModeRule] WARN  balancer.ContainerBalancer (ContainerBalancer.java:shouldRun(131)) - Could not find persisted configuration for ContainerBalancer when checking if ContainerBalancer should run. ContainerBalancer should not run now.
2022-12-19 18:38:52,202 [89d730ca-c741-4fc9-afaf-179ceaf5b2b4@group-FEA4670F50BE-LeaderElection3] INFO  server.RaftServerConfigKeys (ConfUtils.java:logGet(46)) - raft.server.log.appender.snapshot.chunk.size.max = 16MB (=16777216) (default)
2022-12-19 18:38:52,202 [89d730ca-c741-4fc9-afaf-179ceaf5b2b4@group-FEA4670F50BE-LeaderElection3] INFO  server.RaftServerConfigKeys (ConfUtils.java:logGet(46)) - raft.server.log.appender.buffer.byte-limit = 33554432 (custom)
2022-12-19 18:38:52,203 [89d730ca-c741-4fc9-afaf-179ceaf5b2b4@group-FEA4670F50BE-LeaderElection3] INFO  server.RaftServerConfigKeys (ConfUtils.java:logGet(46)) - raft.server.log.appender.buffer.element-limit = 1 (custom)
2022-12-19 18:38:52,205 [89d730ca-c741-4fc9-afaf-179ceaf5b2b4@group-FEA4670F50BE-LeaderElection3] INFO  grpc.GrpcConfigKeys (ConfUtils.java:logGet(46)) - raft.grpc.server.leader.outstanding.appends.max = 128 (default)
2022-12-19 18:38:52,205 [89d730ca-c741-4fc9-afaf-179ceaf5b2b4@group-FEA4670F50BE-LeaderElection3] INFO  server.RaftServerConfigKeys (ConfUtils.java:logGet(46)) - raft.server.rpc.request.timeout = 60s (custom)
2022-12-19 18:38:52,205 [89d730ca-c741-4fc9-afaf-179ceaf5b2b4@group-FEA4670F50BE-LeaderElection3] INFO  server.RaftServerConfigKeys (ConfUtils.java:logGet(46)) - raft.server.log.appender.install.snapshot.enabled = false (custom)
2022-12-19 18:38:52,205 [89d730ca-c741-4fc9-afaf-179ceaf5b2b4@group-FEA4670F50BE-LeaderElection3] INFO  grpc.GrpcConfigKeys (ConfUtils.java:logGet(46)) - raft.grpc.server.heartbeat.channel = true (default)
2022-12-19 18:38:52,205 [89d730ca-c741-4fc9-afaf-179ceaf5b2b4@group-FEA4670F50BE-LeaderElection3] INFO  server.RaftServerConfigKeys (ConfUtils.java:logGet(46)) - raft.server.log.appender.wait-time.min = 10ms (default)
2022-12-19 18:38:52,207 [89d730ca-c741-4fc9-afaf-179ceaf5b2b4@group-FEA4670F50BE-LeaderElection3] INFO  server.RaftServerConfigKeys (ConfUtils.java:logGet(46)) - raft.server.log.appender.snapshot.chunk.size.max = 16MB (=16777216) (default)
2022-12-19 18:38:52,207 [89d730ca-c741-4fc9-afaf-179ceaf5b2b4@group-FEA4670F50BE-LeaderElection3] INFO  server.RaftServerConfigKeys (ConfUtils.java:logGet(46)) - raft.server.log.appender.buffer.byte-limit = 33554432 (custom)
2022-12-19 18:38:52,207 [89d730ca-c741-4fc9-afaf-179ceaf5b2b4@group-FEA4670F50BE-LeaderElection3] INFO  server.RaftServerConfigKeys (ConfUtils.java:logGet(46)) - raft.server.log.appender.buffer.element-limit = 1 (custom)
2022-12-19 18:38:52,207 [89d730ca-c741-4fc9-afaf-179ceaf5b2b4@group-FEA4670F50BE-LeaderElection3] INFO  grpc.GrpcConfigKeys (ConfUtils.java:logGet(46)) - raft.grpc.server.leader.outstanding.appends.max = 128 (default)
2022-12-19 18:38:52,207 [89d730ca-c741-4fc9-afaf-179ceaf5b2b4@group-FEA4670F50BE-LeaderElection3] INFO  server.RaftServerConfigKeys (ConfUtils.java:logGet(46)) - raft.server.rpc.request.timeout = 60s (custom)
2022-12-19 18:38:52,207 [89d730ca-c741-4fc9-afaf-179ceaf5b2b4@group-FEA4670F50BE-LeaderElection3] INFO  server.RaftServerConfigKeys (ConfUtils.java:logGet(46)) - raft.server.log.appender.install.snapshot.enabled = false (custom)
2022-12-19 18:38:52,207 [89d730ca-c741-4fc9-afaf-179ceaf5b2b4@group-FEA4670F50BE-LeaderElection3] INFO  grpc.GrpcConfigKeys (ConfUtils.java:logGet(46)) - raft.grpc.server.heartbeat.channel = true (default)
2022-12-19 18:38:52,207 [89d730ca-c741-4fc9-afaf-179ceaf5b2b4@group-FEA4670F50BE-LeaderElection3] INFO  server.RaftServerConfigKeys (ConfUtils.java:logGet(46)) - raft.server.log.appender.wait-time.min = 10ms (default)
2022-12-19 18:38:52,208 [89d730ca-c741-4fc9-afaf-179ceaf5b2b4@group-FEA4670F50BE-LeaderElection3] INFO  impl.RoleInfo (RoleInfo.java:updateAndGet(139)) - 89d730ca-c741-4fc9-afaf-179ceaf5b2b4: start 89d730ca-c741-4fc9-afaf-179ceaf5b2b4@group-FEA4670F50BE-LeaderStateImpl
2022-12-19 18:38:52,208 [89d730ca-c741-4fc9-afaf-179ceaf5b2b4@group-FEA4670F50BE-LeaderElection3] INFO  segmented.SegmentedRaftLogWorker (SegmentedRaftLogWorker.java:startLogSegment(452)) - 89d730ca-c741-4fc9-afaf-179ceaf5b2b4@group-FEA4670F50BE-SegmentedRaftLogWorker: Starting segment from index:0
2022-12-19 18:38:52,210 [89d730ca-c741-4fc9-afaf-179ceaf5b2b4@group-FEA4670F50BE-SegmentedRaftLogWorker] INFO  segmented.SegmentedRaftLogWorker (SegmentedRaftLogWorker.java:execute(656)) - 89d730ca-c741-4fc9-afaf-179ceaf5b2b4@group-FEA4670F50BE-SegmentedRaftLogWorker: created new log segment /home/runner/work/ozone/ozone/hadoop-ozone/integration-test/target/test-dir/MiniOzoneClusterImpl-11542299-c030-49ce-a1ef-33f98f34fc6c/datanode-0/data/ratis/cf0d6ba1-a770-43ee-a51c-fea4670f50be/current/log_inprogress_0
2022-12-19 18:38:52,216 [89d730ca-c741-4fc9-afaf-179ceaf5b2b4@group-FEA4670F50BE-LeaderElection3] INFO  server.RaftServer$Division (ServerState.java:setRaftConf(430)) - 89d730ca-c741-4fc9-afaf-179ceaf5b2b4@group-FEA4670F50BE: set configuration 0: peers:[89d730ca-c741-4fc9-afaf-179ceaf5b2b4|rpc:10.1.0.24:40319|dataStream:10.1.0.24:35251|priority:1|startupRole:FOLLOWER, 91d78431-6cd7-4796-a346-e9fe01a1de12|rpc:10.1.0.24:43619|dataStream:10.1.0.24:33445|priority:0|startupRole:FOLLOWER, 6ea35c1f-1714-407c-a38f-a2791a2eb8d3|rpc:10.1.0.24:34213|dataStream:10.1.0.24:36469|priority:0|startupRole:FOLLOWER]|listeners:[], old=null
2022-12-19 18:38:52,260 [6ea35c1f-1714-407c-a38f-a2791a2eb8d3-server-thread1] INFO  ratis.XceiverServerRatis (XceiverServerRatis.java:handleLeaderChangedNotification(904)) - Leader change notification received for group: group-FEA4670F50BE with new leaderId: 89d730ca-c741-4fc9-afaf-179ceaf5b2b4
2022-12-19 18:38:52,260 [6ea35c1f-1714-407c-a38f-a2791a2eb8d3-server-thread1] INFO  server.RaftServer$Division (ServerState.java:setLeader(313)) - 6ea35c1f-1714-407c-a38f-a2791a2eb8d3@group-FEA4670F50BE: change Leader from null to 89d730ca-c741-4fc9-afaf-179ceaf5b2b4 at term 1 for appendEntries, leader elected after 4414ms
2022-12-19 18:38:52,274 [91d78431-6cd7-4796-a346-e9fe01a1de12-server-thread1] INFO  ratis.XceiverServerRatis (XceiverServerRatis.java:handleLeaderChangedNotification(904)) - Leader change notification received for group: group-FEA4670F50BE with new leaderId: 89d730ca-c741-4fc9-afaf-179ceaf5b2b4
2022-12-19 18:38:52,275 [91d78431-6cd7-4796-a346-e9fe01a1de12-server-thread1] INFO  server.RaftServer$Division (ServerState.java:setLeader(313)) - 91d78431-6cd7-4796-a346-e9fe01a1de12@group-FEA4670F50BE: change Leader from null to 89d730ca-c741-4fc9-afaf-179ceaf5b2b4 at term 1 for appendEntries, leader elected after 4659ms
2022-12-19 18:38:52,278 [6ea35c1f-1714-407c-a38f-a2791a2eb8d3-server-thread2] INFO  server.RaftServer$Division (ServerState.java:setRaftConf(430)) - 6ea35c1f-1714-407c-a38f-a2791a2eb8d3@group-FEA4670F50BE: set configuration 0: peers:[89d730ca-c741-4fc9-afaf-179ceaf5b2b4|rpc:10.1.0.24:40319|dataStream:10.1.0.24:35251|priority:1|startupRole:FOLLOWER, 91d78431-6cd7-4796-a346-e9fe01a1de12|rpc:10.1.0.24:43619|dataStream:10.1.0.24:33445|priority:0|startupRole:FOLLOWER, 6ea35c1f-1714-407c-a38f-a2791a2eb8d3|rpc:10.1.0.24:34213|dataStream:10.1.0.24:36469|priority:0|startupRole:FOLLOWER]|listeners:[], old=null
2022-12-19 18:38:52,279 [6ea35c1f-1714-407c-a38f-a2791a2eb8d3-server-thread2] INFO  segmented.SegmentedRaftLogWorker (SegmentedRaftLogWorker.java:startLogSegment(452)) - 6ea35c1f-1714-407c-a38f-a2791a2eb8d3@group-FEA4670F50BE-SegmentedRaftLogWorker: Starting segment from index:0
2022-12-19 18:38:52,281 [91d78431-6cd7-4796-a346-e9fe01a1de12-server-thread1] INFO  server.RaftServer$Division (ServerState.java:setRaftConf(430)) - 91d78431-6cd7-4796-a346-e9fe01a1de12@group-FEA4670F50BE: set configuration 0: peers:[89d730ca-c741-4fc9-afaf-179ceaf5b2b4|rpc:10.1.0.24:40319|dataStream:10.1.0.24:35251|priority:1|startupRole:FOLLOWER, 91d78431-6cd7-4796-a346-e9fe01a1de12|rpc:10.1.0.24:43619|dataStream:10.1.0.24:33445|priority:0|startupRole:FOLLOWER, 6ea35c1f-1714-407c-a38f-a2791a2eb8d3|rpc:10.1.0.24:34213|dataStream:10.1.0.24:36469|priority:0|startupRole:FOLLOWER]|listeners:[], old=null
2022-12-19 18:38:52,281 [91d78431-6cd7-4796-a346-e9fe01a1de12-server-thread1] INFO  segmented.SegmentedRaftLogWorker (SegmentedRaftLogWorker.java:startLogSegment(452)) - 91d78431-6cd7-4796-a346-e9fe01a1de12@group-FEA4670F50BE-SegmentedRaftLogWorker: Starting segment from index:0
2022-12-19 18:38:52,283 [6ea35c1f-1714-407c-a38f-a2791a2eb8d3@group-FEA4670F50BE-SegmentedRaftLogWorker] INFO  segmented.SegmentedRaftLogWorker (SegmentedRaftLogWorker.java:execute(656)) - 6ea35c1f-1714-407c-a38f-a2791a2eb8d3@group-FEA4670F50BE-SegmentedRaftLogWorker: created new log segment /home/runner/work/ozone/ozone/hadoop-ozone/integration-test/target/test-dir/MiniOzoneClusterImpl-11542299-c030-49ce-a1ef-33f98f34fc6c/datanode-2/data/ratis/cf0d6ba1-a770-43ee-a51c-fea4670f50be/current/log_inprogress_0
2022-12-19 18:38:52,284 [91d78431-6cd7-4796-a346-e9fe01a1de12@group-FEA4670F50BE-SegmentedRaftLogWorker] INFO  segmented.SegmentedRaftLogWorker (SegmentedRaftLogWorker.java:execute(656)) - 91d78431-6cd7-4796-a346-e9fe01a1de12@group-FEA4670F50BE-SegmentedRaftLogWorker: created new log segment /home/runner/work/ozone/ozone/hadoop-ozone/integration-test/target/test-dir/MiniOzoneClusterImpl-11542299-c030-49ce-a1ef-33f98f34fc6c/datanode-1/data/ratis/cf0d6ba1-a770-43ee-a51c-fea4670f50be/current/log_inprogress_0
2022-12-19 18:38:52,616 [91d78431-6cd7-4796-a346-e9fe01a1de12@group-993D79B04317-FollowerState] INFO  impl.FollowerState (FollowerState.java:run(143)) - 91d78431-6cd7-4796-a346-e9fe01a1de12@group-993D79B04317-FollowerState: change to CANDIDATE, lastRpcElapsedTime:5012708545ns, electionTimeout:5012ms
2022-12-19 18:38:52,616 [91d78431-6cd7-4796-a346-e9fe01a1de12@group-993D79B04317-FollowerState] INFO  impl.RoleInfo (RoleInfo.java:shutdownFollowerState(110)) - 91d78431-6cd7-4796-a346-e9fe01a1de12: shutdown 91d78431-6cd7-4796-a346-e9fe01a1de12@group-993D79B04317-FollowerState
2022-12-19 18:38:52,616 [91d78431-6cd7-4796-a346-e9fe01a1de12@group-993D79B04317-FollowerState] INFO  server.RaftServer$Division (RaftServerImpl.java:setRole(321)) - 91d78431-6cd7-4796-a346-e9fe01a1de12@group-993D79B04317: changes role from  FOLLOWER to CANDIDATE at term 0 for changeToCandidate
2022-12-19 18:38:52,617 [91d78431-6cd7-4796-a346-e9fe01a1de12@group-993D79B04317-FollowerState] INFO  server.RaftServerConfigKeys (ConfUtils.java:logGet(46)) - raft.server.leaderelection.pre-vote = false (custom)
2022-12-19 18:38:52,617 [91d78431-6cd7-4796-a346-e9fe01a1de12@group-993D79B04317-FollowerState] INFO  impl.RoleInfo (RoleInfo.java:updateAndGet(139)) - 91d78431-6cd7-4796-a346-e9fe01a1de12: start 91d78431-6cd7-4796-a346-e9fe01a1de12@group-993D79B04317-LeaderElection4
2022-12-19 18:38:52,620 [91d78431-6cd7-4796-a346-e9fe01a1de12@group-993D79B04317-LeaderElection4] INFO  impl.LeaderElection (LeaderElection.java:askForVotes(312)) - 91d78431-6cd7-4796-a346-e9fe01a1de12@group-993D79B04317-LeaderElection4 ELECTION round 0: submit vote requests at term 1 for -1: peers:[91d78431-6cd7-4796-a346-e9fe01a1de12|rpc:10.1.0.24:43619|dataStream:10.1.0.24:33445|priority:1|startupRole:FOLLOWER]|listeners:[], old=null
2022-12-19 18:38:52,620 [91d78431-6cd7-4796-a346-e9fe01a1de12@group-993D79B04317-LeaderElection4] INFO  impl.LeaderElection (LeaderElection.java:askForVotes(314)) - 91d78431-6cd7-4796-a346-e9fe01a1de12@group-993D79B04317-LeaderElection4 ELECTION round 0: result PASSED (term=1)
2022-12-19 18:38:52,620 [91d78431-6cd7-4796-a346-e9fe01a1de12@group-993D79B04317-LeaderElection4] INFO  impl.RoleInfo (RoleInfo.java:shutdownLeaderElection(130)) - 91d78431-6cd7-4796-a346-e9fe01a1de12: shutdown 91d78431-6cd7-4796-a346-e9fe01a1de12@group-993D79B04317-LeaderElection4
2022-12-19 18:38:52,620 [91d78431-6cd7-4796-a346-e9fe01a1de12@group-993D79B04317-LeaderElection4] INFO  server.RaftServer$Division (RaftServerImpl.java:setRole(321)) - 91d78431-6cd7-4796-a346-e9fe01a1de12@group-993D79B04317: changes role from CANDIDATE to LEADER at term 1 for changeToLeader
2022-12-19 18:38:52,620 [91d78431-6cd7-4796-a346-e9fe01a1de12@group-993D79B04317-LeaderElection4] INFO  ratis.XceiverServerRatis (XceiverServerRatis.java:handleLeaderChangedNotification(904)) - Leader change notification received for group: group-993D79B04317 with new leaderId: 91d78431-6cd7-4796-a346-e9fe01a1de12
2022-12-19 18:38:52,620 [91d78431-6cd7-4796-a346-e9fe01a1de12@group-993D79B04317-LeaderElection4] INFO  server.RaftServer$Division (ServerState.java:setLeader(313)) - 91d78431-6cd7-4796-a346-e9fe01a1de12@group-993D79B04317: change Leader from null to 91d78431-6cd7-4796-a346-e9fe01a1de12 at term 1 for becomeLeader, leader elected after 5053ms
2022-12-19 18:38:52,621 [91d78431-6cd7-4796-a346-e9fe01a1de12@group-993D79B04317-LeaderElection4] INFO  server.RaftServerConfigKeys (ConfUtils.java:logGet(46)) - raft.server.staging.catchup.gap = 1000 (default)
2022-12-19 18:38:52,621 [91d78431-6cd7-4796-a346-e9fe01a1de12@group-993D79B04317-LeaderElection4] INFO  server.RaftServerConfigKeys (ConfUtils.java:logGet(46)) - raft.server.write.element-limit = 1024 (custom)
2022-12-19 18:38:52,621 [91d78431-6cd7-4796-a346-e9fe01a1de12@group-993D79B04317-LeaderElection4] INFO  server.RaftServerConfigKeys (ConfUtils.java:logGet(46)) - raft.server.write.byte-limit = 1024 M (=1073741824) (custom)
2022-12-19 18:38:52,621 [91d78431-6cd7-4796-a346-e9fe01a1de12@group-993D79B04317-LeaderElection4] INFO  server.RaftServerConfigKeys (ConfUtils.java:logGet(46)) - raft.server.watch.timeout = 180s (custom)
2022-12-19 18:38:52,621 [91d78431-6cd7-4796-a346-e9fe01a1de12@group-993D79B04317-LeaderElection4] INFO  server.RaftServerConfigKeys (ConfUtils.java:logGet(46)) - raft.server.watch.timeout.denomination = 1s (default)
2022-12-19 18:38:52,621 [91d78431-6cd7-4796-a346-e9fe01a1de12@group-993D79B04317-LeaderElection4] INFO  server.RaftServerConfigKeys (ConfUtils.java:logGet(46)) - raft.server.watch.element-limit = 65536 (default)
2022-12-19 18:38:52,621 [91d78431-6cd7-4796-a346-e9fe01a1de12@group-993D79B04317-LeaderElection4] INFO  server.RaftServerConfigKeys (ConfUtils.java:logGet(46)) - raft.server.write.element-limit = 1024 (custom)
2022-12-19 18:38:52,621 [91d78431-6cd7-4796-a346-e9fe01a1de12@group-993D79B04317-LeaderElection4] INFO  server.RaftServerConfigKeys (ConfUtils.java:logGet(46)) - raft.server.write.follower.gap.ratio.max = -1.0 (default)
2022-12-19 18:38:52,621 [91d78431-6cd7-4796-a346-e9fe01a1de12@group-993D79B04317-LeaderElection4] INFO  impl.RoleInfo (RoleInfo.java:updateAndGet(139)) - 91d78431-6cd7-4796-a346-e9fe01a1de12: start 91d78431-6cd7-4796-a346-e9fe01a1de12@group-993D79B04317-LeaderStateImpl
2022-12-19 18:38:52,622 [91d78431-6cd7-4796-a346-e9fe01a1de12@group-993D79B04317-LeaderElection4] INFO  segmented.SegmentedRaftLogWorker (SegmentedRaftLogWorker.java:startLogSegment(452)) - 91d78431-6cd7-4796-a346-e9fe01a1de12@group-993D79B04317-SegmentedRaftLogWorker: Starting segment from index:0
2022-12-19 18:38:52,623 [EventQueue-CommandQueueReportForCommandQueueReportHandler] WARN  events.EventQueue (EventQueue.java:fireEvent(216)) - No event handler registered for event TypedEvent{payloadType=DatanodeDetails, name='Datanode_Command_Queue_Updated'}
2022-12-19 18:38:52,623 [91d78431-6cd7-4796-a346-e9fe01a1de12@group-993D79B04317-SegmentedRaftLogWorker] INFO  segmented.SegmentedRaftLogWorker (SegmentedRaftLogWorker.java:execute(656)) - 91d78431-6cd7-4796-a346-e9fe01a1de12@group-993D79B04317-SegmentedRaftLogWorker: created new log segment /home/runner/work/ozone/ozone/hadoop-ozone/integration-test/target/test-dir/MiniOzoneClusterImpl-11542299-c030-49ce-a1ef-33f98f34fc6c/datanode-1/data/ratis/30ac4af6-4368-4b38-8f7a-993d79b04317/current/log_inprogress_0
2022-12-19 18:38:52,625 [91d78431-6cd7-4796-a346-e9fe01a1de12@group-993D79B04317-LeaderElection4] INFO  server.RaftServer$Division (ServerState.java:setRaftConf(430)) - 91d78431-6cd7-4796-a346-e9fe01a1de12@group-993D79B04317: set configuration 0: peers:[91d78431-6cd7-4796-a346-e9fe01a1de12|rpc:10.1.0.24:43619|dataStream:10.1.0.24:33445|priority:1|startupRole:FOLLOWER]|listeners:[], old=null
2022-12-19 18:38:52,653 [EventQueue-CommandQueueReportForCommandQueueReportHandler] WARN  events.EventQueue (EventQueue.java:fireEvent(216)) - No event handler registered for event TypedEvent{payloadType=DatanodeDetails, name='Datanode_Command_Queue_Updated'}
2022-12-19 18:38:52,731 [EventQueue-CommandQueueReportForCommandQueueReportHandler] WARN  events.EventQueue (EventQueue.java:fireEvent(216)) - No event handler registered for event TypedEvent{payloadType=DatanodeDetails, name='Datanode_Command_Queue_Updated'}
2022-12-19 18:38:52,901 [EventQueue-CommandQueueReportForCommandQueueReportHandler] WARN  events.EventQueue (EventQueue.java:fireEvent(216)) - No event handler registered for event TypedEvent{payloadType=DatanodeDetails, name='Datanode_Command_Queue_Updated'}
2022-12-19 18:38:52,907 [Listener at 127.0.0.1/44039] INFO  ozone.MiniOzoneClusterImpl (MiniOzoneClusterImpl.java:lambda$waitForClusterToBeReady$0(217)) - Nodes are ready. Got 6 of 6 DN Heartbeats.
2022-12-19 18:38:52,908 [Listener at 127.0.0.1/44039] INFO  ozone.MiniOzoneClusterImpl (MiniOzoneClusterImpl.java:lambda$waitForClusterToBeReady$0(220)) - Cluster exits safe mode
2022-12-19 18:38:52,908 [Listener at 127.0.0.1/44039] INFO  ozone.MiniOzoneClusterImpl (MiniOzoneClusterImpl.java:lambda$waitForClusterToBeReady$0(222)) - SCM became leader
2022-12-19 18:38:52,977 [91d78431-6cd7-4796-a346-e9fe01a1de12@group-9E02B72A4E3C-FollowerState] INFO  impl.FollowerState (FollowerState.java:run(143)) - 91d78431-6cd7-4796-a346-e9fe01a1de12@group-9E02B72A4E3C-FollowerState: change to CANDIDATE, lastRpcElapsedTime:5081390431ns, electionTimeout:5072ms
2022-12-19 18:38:52,977 [91d78431-6cd7-4796-a346-e9fe01a1de12@group-9E02B72A4E3C-FollowerState] INFO  impl.RoleInfo (RoleInfo.java:shutdownFollowerState(110)) - 91d78431-6cd7-4796-a346-e9fe01a1de12: shutdown 91d78431-6cd7-4796-a346-e9fe01a1de12@group-9E02B72A4E3C-FollowerState
2022-12-19 18:38:52,978 [91d78431-6cd7-4796-a346-e9fe01a1de12@group-9E02B72A4E3C-FollowerState] INFO  server.RaftServer$Division (RaftServerImpl.java:setRole(321)) - 91d78431-6cd7-4796-a346-e9fe01a1de12@group-9E02B72A4E3C: changes role from  FOLLOWER to CANDIDATE at term 0 for changeToCandidate
2022-12-19 18:38:52,978 [91d78431-6cd7-4796-a346-e9fe01a1de12@group-9E02B72A4E3C-FollowerState] INFO  server.RaftServerConfigKeys (ConfUtils.java:logGet(46)) - raft.server.leaderelection.pre-vote = false (custom)
2022-12-19 18:38:52,978 [91d78431-6cd7-4796-a346-e9fe01a1de12@group-9E02B72A4E3C-FollowerState] INFO  impl.RoleInfo (RoleInfo.java:updateAndGet(139)) - 91d78431-6cd7-4796-a346-e9fe01a1de12: start 91d78431-6cd7-4796-a346-e9fe01a1de12@group-9E02B72A4E3C-LeaderElection5
2022-12-19 18:38:52,982 [91d78431-6cd7-4796-a346-e9fe01a1de12@group-9E02B72A4E3C-LeaderElection5] INFO  impl.LeaderElection (LeaderElection.java:askForVotes(312)) - 91d78431-6cd7-4796-a346-e9fe01a1de12@group-9E02B72A4E3C-LeaderElection5 ELECTION round 0: submit vote requests at term 1 for -1: peers:[89d730ca-c741-4fc9-afaf-179ceaf5b2b4|rpc:10.1.0.24:40319|dataStream:10.1.0.24:35251|priority:0|startupRole:FOLLOWER, 91d78431-6cd7-4796-a346-e9fe01a1de12|rpc:10.1.0.24:43619|dataStream:10.1.0.24:33445|priority:1|startupRole:FOLLOWER, 6ea35c1f-1714-407c-a38f-a2791a2eb8d3|rpc:10.1.0.24:34213|dataStream:10.1.0.24:36469|priority:0|startupRole:FOLLOWER]|listeners:[], old=null
2022-12-19 18:38:52,982 [91d78431-6cd7-4796-a346-e9fe01a1de12@group-9E02B72A4E3C-LeaderElection5-1] INFO  server.GrpcServerProtocolClient (GrpcServerProtocolClient.java:<init>(63)) - Build channel for 89d730ca-c741-4fc9-afaf-179ceaf5b2b4
2022-12-19 18:38:52,982 [91d78431-6cd7-4796-a346-e9fe01a1de12@group-9E02B72A4E3C-LeaderElection5] INFO  server.RaftServerConfigKeys (ConfUtils.java:logFallback(53)) - raft.server.rpc.first-election.timeout.min = 5s (fallback to raft.server.rpc.timeout.min)
2022-12-19 18:38:52,982 [91d78431-6cd7-4796-a346-e9fe01a1de12@group-9E02B72A4E3C-LeaderElection5] INFO  server.RaftServerConfigKeys (ConfUtils.java:logFallback(53)) - raft.server.rpc.first-election.timeout.max = 5200ms (fallback to raft.server.rpc.timeout.max)
2022-12-19 18:38:52,982 [91d78431-6cd7-4796-a346-e9fe01a1de12@group-9E02B72A4E3C-LeaderElection5-2] INFO  server.GrpcServerProtocolClient (GrpcServerProtocolClient.java:<init>(63)) - Build channel for 6ea35c1f-1714-407c-a38f-a2791a2eb8d3
2022-12-19 18:38:52,996 [grpc-default-executor-2] INFO  server.RaftServer$Division (RaftServerImpl.java:requestVote(1218)) - 6ea35c1f-1714-407c-a38f-a2791a2eb8d3@group-9E02B72A4E3C: receive requestVote(ELECTION, 91d78431-6cd7-4796-a346-e9fe01a1de12, group-9E02B72A4E3C, 1, (t:0, i:0))
2022-12-19 18:38:52,996 [grpc-default-executor-2] INFO  impl.VoteContext (VoteContext.java:log(49)) - 6ea35c1f-1714-407c-a38f-a2791a2eb8d3@group-9E02B72A4E3C-FOLLOWER: accept ELECTION from 91d78431-6cd7-4796-a346-e9fe01a1de12: our priority 0 <= candidate's priority 1
2022-12-19 18:38:52,996 [grpc-default-executor-2] INFO  server.RaftServer$Division (RaftServerImpl.java:setRole(321)) - 6ea35c1f-1714-407c-a38f-a2791a2eb8d3@group-9E02B72A4E3C: changes role from  FOLLOWER to FOLLOWER at term 1 for candidate:91d78431-6cd7-4796-a346-e9fe01a1de12
2022-12-19 18:38:52,996 [grpc-default-executor-2] INFO  impl.RoleInfo (RoleInfo.java:shutdownFollowerState(110)) - 6ea35c1f-1714-407c-a38f-a2791a2eb8d3: shutdown 6ea35c1f-1714-407c-a38f-a2791a2eb8d3@group-9E02B72A4E3C-FollowerState
2022-12-19 18:38:52,996 [6ea35c1f-1714-407c-a38f-a2791a2eb8d3@group-9E02B72A4E3C-FollowerState] INFO  impl.FollowerState (FollowerState.java:run(152)) - 6ea35c1f-1714-407c-a38f-a2791a2eb8d3@group-9E02B72A4E3C-FollowerState was interrupted
2022-12-19 18:38:52,997 [grpc-default-executor-2] INFO  impl.RoleInfo (RoleInfo.java:updateAndGet(139)) - 6ea35c1f-1714-407c-a38f-a2791a2eb8d3: start 6ea35c1f-1714-407c-a38f-a2791a2eb8d3@group-9E02B72A4E3C-FollowerState
2022-12-19 18:38:53,000 [6ea35c1f-1714-407c-a38f-a2791a2eb8d3@group-9E02B72A4E3C-FollowerState] INFO  server.RaftServerConfigKeys (ConfUtils.java:logFallback(53)) - raft.server.rpc.first-election.timeout.min = 5s (fallback to raft.server.rpc.timeout.min)
2022-12-19 18:38:53,000 [grpc-default-executor-2] INFO  server.RaftServer$Division (RaftServerImpl.java:requestVote(1251)) - 6ea35c1f-1714-407c-a38f-a2791a2eb8d3@group-9E02B72A4E3C replies to ELECTION vote request: 91d78431-6cd7-4796-a346-e9fe01a1de12<-6ea35c1f-1714-407c-a38f-a2791a2eb8d3#0:OK-t1. Peer's state: 6ea35c1f-1714-407c-a38f-a2791a2eb8d3@group-9E02B72A4E3C:t1, leader=null, voted=91d78431-6cd7-4796-a346-e9fe01a1de12, raftlog=Memoized:6ea35c1f-1714-407c-a38f-a2791a2eb8d3@group-9E02B72A4E3C-SegmentedRaftLog:OPENED:c-1, conf=-1: peers:[89d730ca-c741-4fc9-afaf-179ceaf5b2b4|rpc:10.1.0.24:40319|dataStream:10.1.0.24:35251|priority:0|startupRole:FOLLOWER, 91d78431-6cd7-4796-a346-e9fe01a1de12|rpc:10.1.0.24:43619|dataStream:10.1.0.24:33445|priority:1|startupRole:FOLLOWER, 6ea35c1f-1714-407c-a38f-a2791a2eb8d3|rpc:10.1.0.24:34213|dataStream:10.1.0.24:36469|priority:0|startupRole:FOLLOWER]|listeners:[], old=null
2022-12-19 18:38:53,000 [6ea35c1f-1714-407c-a38f-a2791a2eb8d3@group-9E02B72A4E3C-FollowerState] INFO  server.RaftServerConfigKeys (ConfUtils.java:logFallback(53)) - raft.server.rpc.first-election.timeout.max = 5200ms (fallback to raft.server.rpc.timeout.max)
2022-12-19 18:38:53,004 [91d78431-6cd7-4796-a346-e9fe01a1de12@group-9E02B72A4E3C-LeaderElection5] INFO  impl.LeaderElection (LeaderElection.java:logAndReturn(90)) - 91d78431-6cd7-4796-a346-e9fe01a1de12@group-9E02B72A4E3C-LeaderElection5: ELECTION PASSED received 1 response(s) and 0 exception(s):
2022-12-19 18:38:53,004 [91d78431-6cd7-4796-a346-e9fe01a1de12@group-9E02B72A4E3C-LeaderElection5] INFO  impl.LeaderElection (LeaderElection.java:logAndReturn(94)) -   Response 0: 91d78431-6cd7-4796-a346-e9fe01a1de12<-6ea35c1f-1714-407c-a38f-a2791a2eb8d3#0:OK-t1
2022-12-19 18:38:53,004 [91d78431-6cd7-4796-a346-e9fe01a1de12@group-9E02B72A4E3C-LeaderElection5] INFO  impl.LeaderElection (LeaderElection.java:askForVotes(314)) - 91d78431-6cd7-4796-a346-e9fe01a1de12@group-9E02B72A4E3C-LeaderElection5 ELECTION round 0: result PASSED
2022-12-19 18:38:53,004 [91d78431-6cd7-4796-a346-e9fe01a1de12@group-9E02B72A4E3C-LeaderElection5] INFO  impl.RoleInfo (RoleInfo.java:shutdownLeaderElection(130)) - 91d78431-6cd7-4796-a346-e9fe01a1de12: shutdown 91d78431-6cd7-4796-a346-e9fe01a1de12@group-9E02B72A4E3C-LeaderElection5
2022-12-19 18:38:53,004 [91d78431-6cd7-4796-a346-e9fe01a1de12@group-9E02B72A4E3C-LeaderElection5] INFO  server.RaftServer$Division (RaftServerImpl.java:setRole(321)) - 91d78431-6cd7-4796-a346-e9fe01a1de12@group-9E02B72A4E3C: changes role from CANDIDATE to LEADER at term 1 for changeToLeader
2022-12-19 18:38:53,004 [91d78431-6cd7-4796-a346-e9fe01a1de12@group-9E02B72A4E3C-LeaderElection5] INFO  ratis.XceiverServerRatis (XceiverServerRatis.java:handleLeaderChangedNotification(904)) - Leader change notification received for group: group-9E02B72A4E3C with new leaderId: 91d78431-6cd7-4796-a346-e9fe01a1de12
2022-12-19 18:38:53,004 [91d78431-6cd7-4796-a346-e9fe01a1de12@group-9E02B72A4E3C-LeaderElection5] INFO  server.RaftServer$Division (ServerState.java:setLeader(313)) - 91d78431-6cd7-4796-a346-e9fe01a1de12@group-9E02B72A4E3C: change Leader from null to 91d78431-6cd7-4796-a346-e9fe01a1de12 at term 1 for becomeLeader, leader elected after 5133ms
2022-12-19 18:38:53,004 [91d78431-6cd7-4796-a346-e9fe01a1de12@group-9E02B72A4E3C-LeaderElection5] INFO  server.RaftServerConfigKeys (ConfUtils.java:logGet(46)) - raft.server.staging.catchup.gap = 1000 (default)
2022-12-19 18:38:53,005 [91d78431-6cd7-4796-a346-e9fe01a1de12@group-9E02B72A4E3C-LeaderElection5] INFO  server.RaftServerConfigKeys (ConfUtils.java:logGet(46)) - raft.server.write.element-limit = 1024 (custom)
2022-12-19 18:38:53,005 [91d78431-6cd7-4796-a346-e9fe01a1de12@group-9E02B72A4E3C-LeaderElection5] INFO  server.RaftServerConfigKeys (ConfUtils.java:logGet(46)) - raft.server.write.byte-limit = 1024 M (=1073741824) (custom)
2022-12-19 18:38:53,005 [91d78431-6cd7-4796-a346-e9fe01a1de12@group-9E02B72A4E3C-LeaderElection5] INFO  server.RaftServerConfigKeys (ConfUtils.java:logGet(46)) - raft.server.watch.timeout = 180s (custom)
2022-12-19 18:38:53,005 [91d78431-6cd7-4796-a346-e9fe01a1de12@group-9E02B72A4E3C-LeaderElection5] INFO  server.RaftServerConfigKeys (ConfUtils.java:logGet(46)) - raft.server.watch.timeout.denomination = 1s (default)
2022-12-19 18:38:53,005 [91d78431-6cd7-4796-a346-e9fe01a1de12@group-9E02B72A4E3C-LeaderElection5] INFO  server.RaftServerConfigKeys (ConfUtils.java:logGet(46)) - raft.server.watch.element-limit = 65536 (default)
2022-12-19 18:38:53,005 [91d78431-6cd7-4796-a346-e9fe01a1de12@group-9E02B72A4E3C-LeaderElection5] INFO  server.RaftServerConfigKeys (ConfUtils.java:logGet(46)) - raft.server.write.element-limit = 1024 (custom)
2022-12-19 18:38:53,005 [91d78431-6cd7-4796-a346-e9fe01a1de12@group-9E02B72A4E3C-LeaderElection5] INFO  server.RaftServerConfigKeys (ConfUtils.java:logGet(46)) - raft.server.write.follower.gap.ratio.max = -1.0 (default)
2022-12-19 18:38:53,005 [91d78431-6cd7-4796-a346-e9fe01a1de12@group-9E02B72A4E3C-LeaderElection5] INFO  server.RaftServerConfigKeys (ConfUtils.java:logGet(46)) - raft.server.log.appender.snapshot.chunk.size.max = 16MB (=16777216) (default)
2022-12-19 18:38:53,005 [91d78431-6cd7-4796-a346-e9fe01a1de12@group-9E02B72A4E3C-LeaderElection5] INFO  server.RaftServerConfigKeys (ConfUtils.java:logGet(46)) - raft.server.log.appender.buffer.byte-limit = 33554432 (custom)
2022-12-19 18:38:53,006 [91d78431-6cd7-4796-a346-e9fe01a1de12@group-9E02B72A4E3C-LeaderElection5] INFO  server.RaftServerConfigKeys (ConfUtils.java:logGet(46)) - raft.server.log.appender.buffer.element-limit = 1 (custom)
2022-12-19 18:38:53,008 [EventQueue-CommandQueueReportForCommandQueueReportHandler] WARN  events.EventQueue (EventQueue.java:fireEvent(216)) - No event handler registered for event TypedEvent{payloadType=DatanodeDetails, name='Datanode_Command_Queue_Updated'}
2022-12-19 18:38:53,009 [EventQueue-PipelineReportForPipelineReportHandler] INFO  pipeline.PipelineManagerImpl (PipelineManagerImpl.java:openPipeline(367)) - Pipeline Pipeline[ Id: 042af8b0-11d5-4451-92b4-9e02b72a4e3c, Nodes: 91d78431-6cd7-4796-a346-e9fe01a1de12{ip: 10.1.0.24, host: fv-az353-760.tkyx2seitsuu3nmpmouz2httfb.bx.internal.cloudapp.net, ports: [REPLICATION=36335, RATIS=43619, RATIS_ADMIN=43619, RATIS_SERVER=43619, RATIS_DATASTREAM=33445, STANDALONE=36883], networkLocation: /default-rack, certSerialId: null, persistedOpState: IN_SERVICE, persistedOpStateExpiryEpochSec: 0}89d730ca-c741-4fc9-afaf-179ceaf5b2b4{ip: 10.1.0.24, host: fv-az353-760.tkyx2seitsuu3nmpmouz2httfb.bx.internal.cloudapp.net, ports: [REPLICATION=33149, RATIS=40319, RATIS_ADMIN=40319, RATIS_SERVER=40319, RATIS_DATASTREAM=35251, STANDALONE=46067], networkLocation: /default-rack, certSerialId: null, persistedOpState: IN_SERVICE, persistedOpStateExpiryEpochSec: 0}6ea35c1f-1714-407c-a38f-a2791a2eb8d3{ip: 10.1.0.24, host: fv-az353-760.tkyx2seitsuu3nmpmouz2httfb.bx.internal.cloudapp.net, ports: [REPLICATION=37111, RATIS=34213, RATIS_ADMIN=34213, RATIS_SERVER=34213, RATIS_DATASTREAM=36469, STANDALONE=39651], networkLocation: /default-rack, certSerialId: null, persistedOpState: IN_SERVICE, persistedOpStateExpiryEpochSec: 0}, ReplicationConfig: RATIS/THREE, State:ALLOCATED, leaderId:91d78431-6cd7-4796-a346-e9fe01a1de12, CreationTimestamp2022-12-19T18:38:44.920Z[Etc/UTC]] moved to OPEN state
2022-12-19 18:38:53,006 [91d78431-6cd7-4796-a346-e9fe01a1de12@group-9E02B72A4E3C-LeaderElection5] INFO  grpc.GrpcConfigKeys (ConfUtils.java:logGet(46)) - raft.grpc.server.leader.outstanding.appends.max = 128 (default)
2022-12-19 18:38:53,012 [91d78431-6cd7-4796-a346-e9fe01a1de12@group-9E02B72A4E3C-LeaderElection5] INFO  server.RaftServerConfigKeys (ConfUtils.java:logGet(46)) - raft.server.rpc.request.timeout = 60s (custom)
2022-12-19 18:38:53,012 [91d78431-6cd7-4796-a346-e9fe01a1de12@group-9E02B72A4E3C-LeaderElection5] INFO  server.RaftServerConfigKeys (ConfUtils.java:logGet(46)) - raft.server.log.appender.install.snapshot.enabled = false (custom)
2022-12-19 18:38:53,012 [grpc-default-executor-4] INFO  server.RaftServer$Division (RaftServerImpl.java:requestVote(1218)) - 89d730ca-c741-4fc9-afaf-179ceaf5b2b4@group-9E02B72A4E3C: receive requestVote(ELECTION, 91d78431-6cd7-4796-a346-e9fe01a1de12, group-9E02B72A4E3C, 1, (t:0, i:0))
2022-12-19 18:38:53,012 [91d78431-6cd7-4796-a346-e9fe01a1de12@group-9E02B72A4E3C-LeaderElection5] INFO  grpc.GrpcConfigKeys (ConfUtils.java:logGet(46)) - raft.grpc.server.heartbeat.channel = true (default)
2022-12-19 18:38:53,012 [grpc-default-executor-4] INFO  impl.VoteContext (VoteContext.java:log(49)) - 89d730ca-c741-4fc9-afaf-179ceaf5b2b4@group-9E02B72A4E3C-FOLLOWER: accept ELECTION from 91d78431-6cd7-4796-a346-e9fe01a1de12: our priority 0 <= candidate's priority 1
2022-12-19 18:38:53,012 [91d78431-6cd7-4796-a346-e9fe01a1de12@group-9E02B72A4E3C-LeaderElection5] INFO  server.RaftServerConfigKeys (ConfUtils.java:logGet(46)) - raft.server.log.appender.wait-time.min = 10ms (default)
2022-12-19 18:38:53,012 [grpc-default-executor-4] INFO  server.RaftServer$Division (RaftServerImpl.java:setRole(321)) - 89d730ca-c741-4fc9-afaf-179ceaf5b2b4@group-9E02B72A4E3C: changes role from  FOLLOWER to FOLLOWER at term 1 for candidate:91d78431-6cd7-4796-a346-e9fe01a1de12
2022-12-19 18:38:53,012 [grpc-default-executor-4] INFO  impl.RoleInfo (RoleInfo.java:shutdownFollowerState(110)) - 89d730ca-c741-4fc9-afaf-179ceaf5b2b4: shutdown 89d730ca-c741-4fc9-afaf-179ceaf5b2b4@group-9E02B72A4E3C-FollowerState
2022-12-19 18:38:53,012 [89d730ca-c741-4fc9-afaf-179ceaf5b2b4@group-9E02B72A4E3C-FollowerState] INFO  impl.FollowerState (FollowerState.java:run(152)) - 89d730ca-c741-4fc9-afaf-179ceaf5b2b4@group-9E02B72A4E3C-FollowerState was interrupted
2022-12-19 18:38:53,013 [91d78431-6cd7-4796-a346-e9fe01a1de12@group-9E02B72A4E3C-LeaderElection5] INFO  server.RaftServerConfigKeys (ConfUtils.java:logGet(46)) - raft.server.log.appender.snapshot.chunk.size.max = 16MB (=16777216) (default)
2022-12-19 18:38:53,013 [91d78431-6cd7-4796-a346-e9fe01a1de12@group-9E02B72A4E3C-LeaderElection5] INFO  server.RaftServerConfigKeys (ConfUtils.java:logGet(46)) - raft.server.log.appender.buffer.byte-limit = 33554432 (custom)
2022-12-19 18:38:53,013 [91d78431-6cd7-4796-a346-e9fe01a1de12@group-9E02B72A4E3C-LeaderElection5] INFO  server.RaftServerConfigKeys (ConfUtils.java:logGet(46)) - raft.server.log.appender.buffer.element-limit = 1 (custom)
2022-12-19 18:38:53,013 [91d78431-6cd7-4796-a346-e9fe01a1de12@group-9E02B72A4E3C-LeaderElection5] INFO  grpc.GrpcConfigKeys (ConfUtils.java:logGet(46)) - raft.grpc.server.leader.outstanding.appends.max = 128 (default)
2022-12-19 18:38:53,013 [91d78431-6cd7-4796-a346-e9fe01a1de12@group-9E02B72A4E3C-LeaderElection5] INFO  server.RaftServerConfigKeys (ConfUtils.java:logGet(46)) - raft.server.rpc.request.timeout = 60s (custom)
2022-12-19 18:38:53,013 [91d78431-6cd7-4796-a346-e9fe01a1de12@group-9E02B72A4E3C-LeaderElection5] INFO  server.RaftServerConfigKeys (ConfUtils.java:logGet(46)) - raft.server.log.appender.install.snapshot.enabled = false (custom)
2022-12-19 18:38:53,013 [91d78431-6cd7-4796-a346-e9fe01a1de12@group-9E02B72A4E3C-LeaderElection5] INFO  grpc.GrpcConfigKeys (ConfUtils.java:logGet(46)) - raft.grpc.server.heartbeat.channel = true (default)
2022-12-19 18:38:53,013 [91d78431-6cd7-4796-a346-e9fe01a1de12@group-9E02B72A4E3C-LeaderElection5] INFO  server.RaftServerConfigKeys (ConfUtils.java:logGet(46)) - raft.server.log.appender.wait-time.min = 10ms (default)
2022-12-19 18:38:53,013 [91d78431-6cd7-4796-a346-e9fe01a1de12@group-9E02B72A4E3C-LeaderElection5] INFO  impl.RoleInfo (RoleInfo.java:updateAndGet(139)) - 91d78431-6cd7-4796-a346-e9fe01a1de12: start 91d78431-6cd7-4796-a346-e9fe01a1de12@group-9E02B72A4E3C-LeaderStateImpl
2022-12-19 18:38:53,014 [Listener at 127.0.0.1/44039] INFO  pipeline.PipelineManagerImpl (PipelineManagerImpl.java:closePipeline(442)) - Pipeline Pipeline[ Id: cf0d6ba1-a770-43ee-a51c-fea4670f50be, Nodes: 89d730ca-c741-4fc9-afaf-179ceaf5b2b4{ip: 10.1.0.24, host: fv-az353-760.tkyx2seitsuu3nmpmouz2httfb.bx.internal.cloudapp.net, ports: [REPLICATION=33149, RATIS=40319, RATIS_ADMIN=40319, RATIS_SERVER=40319, RATIS_DATASTREAM=35251, STANDALONE=46067], networkLocation: /default-rack, certSerialId: null, persistedOpState: IN_SERVICE, persistedOpStateExpiryEpochSec: 0}91d78431-6cd7-4796-a346-e9fe01a1de12{ip: 10.1.0.24, host: fv-az353-760.tkyx2seitsuu3nmpmouz2httfb.bx.internal.cloudapp.net, ports: [REPLICATION=36335, RATIS=43619, RATIS_ADMIN=43619, RATIS_SERVER=43619, RATIS_DATASTREAM=33445, STANDALONE=36883], networkLocation: /default-rack, certSerialId: null, persistedOpState: IN_SERVICE, persistedOpStateExpiryEpochSec: 0}6ea35c1f-1714-407c-a38f-a2791a2eb8d3{ip: 10.1.0.24, host: fv-az353-760.tkyx2seitsuu3nmpmouz2httfb.bx.internal.cloudapp.net, ports: [REPLICATION=37111, RATIS=34213, RATIS_ADMIN=34213, RATIS_SERVER=34213, RATIS_DATASTREAM=36469, STANDALONE=39651], networkLocation: /default-rack, certSerialId: null, persistedOpState: IN_SERVICE, persistedOpStateExpiryEpochSec: 0}, ReplicationConfig: RATIS/THREE, State:OPEN, leaderId:89d730ca-c741-4fc9-afaf-179ceaf5b2b4, CreationTimestamp2022-12-19T18:38:44.914Z[Etc/UTC]] moved to CLOSED state
2022-12-19 18:38:53,014 [Listener at 127.0.0.1/44039] INFO  pipeline.RatisPipelineProvider (RatisPipelineProvider.java:lambda$close$4(272)) - Send pipeline:PipelineID=cf0d6ba1-a770-43ee-a51c-fea4670f50be close command to datanode 89d730ca-c741-4fc9-afaf-179ceaf5b2b4
2022-12-19 18:38:53,015 [Listener at 127.0.0.1/44039] INFO  pipeline.RatisPipelineProvider (RatisPipelineProvider.java:lambda$close$4(272)) - Send pipeline:PipelineID=cf0d6ba1-a770-43ee-a51c-fea4670f50be close command to datanode 91d78431-6cd7-4796-a346-e9fe01a1de12
2022-12-19 18:38:53,017 [Listener at 127.0.0.1/44039] INFO  pipeline.RatisPipelineProvider (RatisPipelineProvider.java:lambda$close$4(272)) - Send pipeline:PipelineID=cf0d6ba1-a770-43ee-a51c-fea4670f50be close command to datanode 6ea35c1f-1714-407c-a38f-a2791a2eb8d3
2022-12-19 18:38:53,016 [grpc-default-executor-4] INFO  impl.RoleInfo (RoleInfo.java:updateAndGet(139)) - 89d730ca-c741-4fc9-afaf-179ceaf5b2b4: start 89d730ca-c741-4fc9-afaf-179ceaf5b2b4@group-9E02B72A4E3C-FollowerState
2022-12-19 18:38:53,017 [91d78431-6cd7-4796-a346-e9fe01a1de12@group-9E02B72A4E3C-LeaderElection5] INFO  segmented.SegmentedRaftLogWorker (SegmentedRaftLogWorker.java:startLogSegment(452)) - 91d78431-6cd7-4796-a346-e9fe01a1de12@group-9E02B72A4E3C-SegmentedRaftLogWorker: Starting segment from index:0
2022-12-19 18:38:53,018 [Listener at 127.0.0.1/44039] INFO  pipeline.PipelineStateManagerImpl (PipelineStateManagerImpl.java:removePipeline(245)) - Pipeline Pipeline[ Id: cf0d6ba1-a770-43ee-a51c-fea4670f50be, Nodes: 89d730ca-c741-4fc9-afaf-179ceaf5b2b4{ip: 10.1.0.24, host: fv-az353-760.tkyx2seitsuu3nmpmouz2httfb.bx.internal.cloudapp.net, ports: [REPLICATION=33149, RATIS=40319, RATIS_ADMIN=40319, RATIS_SERVER=40319, RATIS_DATASTREAM=35251, STANDALONE=46067], networkLocation: /default-rack, certSerialId: null, persistedOpState: IN_SERVICE, persistedOpStateExpiryEpochSec: 0}91d78431-6cd7-4796-a346-e9fe01a1de12{ip: 10.1.0.24, host: fv-az353-760.tkyx2seitsuu3nmpmouz2httfb.bx.internal.cloudapp.net, ports: [REPLICATION=36335, RATIS=43619, RATIS_ADMIN=43619, RATIS_SERVER=43619, RATIS_DATASTREAM=33445, STANDALONE=36883], networkLocation: /default-rack, certSerialId: null, persistedOpState: IN_SERVICE, persistedOpStateExpiryEpochSec: 0}6ea35c1f-1714-407c-a38f-a2791a2eb8d3{ip: 10.1.0.24, host: fv-az353-760.tkyx2seitsuu3nmpmouz2httfb.bx.internal.cloudapp.net, ports: [REPLICATION=37111, RATIS=34213, RATIS_ADMIN=34213, RATIS_SERVER=34213, RATIS_DATASTREAM=36469, STANDALONE=39651], networkLocation: /default-rack, certSerialId: null, persistedOpState: IN_SERVICE, persistedOpStateExpiryEpochSec: 0}, ReplicationConfig: RATIS/THREE, State:CLOSED, leaderId:89d730ca-c741-4fc9-afaf-179ceaf5b2b4, CreationTimestamp2022-12-19T18:38:44.914Z[Etc/UTC]] removed.
2022-12-19 18:38:53,018 [Listener at 127.0.0.1/44039] INFO  pipeline.PipelineManagerImpl (PipelineManagerImpl.java:closePipeline(442)) - Pipeline Pipeline[ Id: 042af8b0-11d5-4451-92b4-9e02b72a4e3c, Nodes: 91d78431-6cd7-4796-a346-e9fe01a1de12{ip: 10.1.0.24, host: fv-az353-760.tkyx2seitsuu3nmpmouz2httfb.bx.internal.cloudapp.net, ports: [REPLICATION=36335, RATIS=43619, RATIS_ADMIN=43619, RATIS_SERVER=43619, RATIS_DATASTREAM=33445, STANDALONE=36883], networkLocation: /default-rack, certSerialId: null, persistedOpState: IN_SERVICE, persistedOpStateExpiryEpochSec: 0}89d730ca-c741-4fc9-afaf-179ceaf5b2b4{ip: 10.1.0.24, host: fv-az353-760.tkyx2seitsuu3nmpmouz2httfb.bx.internal.cloudapp.net, ports: [REPLICATION=33149, RATIS=40319, RATIS_ADMIN=40319, RATIS_SERVER=40319, RATIS_DATASTREAM=35251, STANDALONE=46067], networkLocation: /default-rack, certSerialId: null, persistedOpState: IN_SERVICE, persistedOpStateExpiryEpochSec: 0}6ea35c1f-1714-407c-a38f-a2791a2eb8d3{ip: 10.1.0.24, host: fv-az353-760.tkyx2seitsuu3nmpmouz2httfb.bx.internal.cloudapp.net, ports: [REPLICATION=37111, RATIS=34213, RATIS_ADMIN=34213, RATIS_SERVER=34213, RATIS_DATASTREAM=36469, STANDALONE=39651], networkLocation: /default-rack, certSerialId: null, persistedOpState: IN_SERVICE, persistedOpStateExpiryEpochSec: 0}, ReplicationConfig: RATIS/THREE, State:OPEN, leaderId:91d78431-6cd7-4796-a346-e9fe01a1de12, CreationTimestamp2022-12-19T18:38:44.920Z[Etc/UTC]] moved to CLOSED state
2022-12-19 18:38:53,018 [Listener at 127.0.0.1/44039] INFO  pipeline.RatisPipelineProvider (RatisPipelineProvider.java:lambda$close$4(272)) - Send pipeline:PipelineID=042af8b0-11d5-4451-92b4-9e02b72a4e3c close command to datanode 91d78431-6cd7-4796-a346-e9fe01a1de12
2022-12-19 18:38:53,018 [Listener at 127.0.0.1/44039] INFO  pipeline.RatisPipelineProvider (RatisPipelineProvider.java:lambda$close$4(272)) - Send pipeline:PipelineID=042af8b0-11d5-4451-92b4-9e02b72a4e3c close command to datanode 89d730ca-c741-4fc9-afaf-179ceaf5b2b4
2022-12-19 18:38:53,018 [Listener at 127.0.0.1/44039] INFO  pipeline.RatisPipelineProvider (RatisPipelineProvider.java:lambda$close$4(272)) - Send pipeline:PipelineID=042af8b0-11d5-4451-92b4-9e02b72a4e3c close command to datanode 6ea35c1f-1714-407c-a38f-a2791a2eb8d3
2022-12-19 18:38:53,019 [Listener at 127.0.0.1/44039] INFO  pipeline.PipelineStateManagerImpl (PipelineStateManagerImpl.java:removePipeline(245)) - Pipeline Pipeline[ Id: 042af8b0-11d5-4451-92b4-9e02b72a4e3c, Nodes: 91d78431-6cd7-4796-a346-e9fe01a1de12{ip: 10.1.0.24, host: fv-az353-760.tkyx2seitsuu3nmpmouz2httfb.bx.internal.cloudapp.net, ports: [REPLICATION=36335, RATIS=43619, RATIS_ADMIN=43619, RATIS_SERVER=43619, RATIS_DATASTREAM=33445, STANDALONE=36883], networkLocation: /default-rack, certSerialId: null, persistedOpState: IN_SERVICE, persistedOpStateExpiryEpochSec: 0}89d730ca-c741-4fc9-afaf-179ceaf5b2b4{ip: 10.1.0.24, host: fv-az353-760.tkyx2seitsuu3nmpmouz2httfb.bx.internal.cloudapp.net, ports: [REPLICATION=33149, RATIS=40319, RATIS_ADMIN=40319, RATIS_SERVER=40319, RATIS_DATASTREAM=35251, STANDALONE=46067], networkLocation: /default-rack, certSerialId: null, persistedOpState: IN_SERVICE, persistedOpStateExpiryEpochSec: 0}6ea35c1f-1714-407c-a38f-a2791a2eb8d3{ip: 10.1.0.24, host: fv-az353-760.tkyx2seitsuu3nmpmouz2httfb.bx.internal.cloudapp.net, ports: [REPLICATION=37111, RATIS=34213, RATIS_ADMIN=34213, RATIS_SERVER=34213, RATIS_DATASTREAM=36469, STANDALONE=39651], networkLocation: /default-rack, certSerialId: null, persistedOpState: IN_SERVICE, persistedOpStateExpiryEpochSec: 0}, ReplicationConfig: RATIS/THREE, State:CLOSED, leaderId:91d78431-6cd7-4796-a346-e9fe01a1de12, CreationTimestamp2022-12-19T18:38:44.920Z[Etc/UTC]] removed.
2022-12-19 18:38:53,020 [89d730ca-c741-4fc9-afaf-179ceaf5b2b4@group-9E02B72A4E3C-FollowerState] INFO  server.RaftServerConfigKeys (ConfUtils.java:logFallback(53)) - raft.server.rpc.first-election.timeout.min = 5s (fallback to raft.server.rpc.timeout.min)
2022-12-19 18:38:53,020 [89d730ca-c741-4fc9-afaf-179ceaf5b2b4@group-9E02B72A4E3C-FollowerState] INFO  server.RaftServerConfigKeys (ConfUtils.java:logFallback(53)) - raft.server.rpc.first-election.timeout.max = 5200ms (fallback to raft.server.rpc.timeout.max)
2022-12-19 18:38:53,021 [grpc-default-executor-4] INFO  server.RaftServer$Division (RaftServerImpl.java:requestVote(1251)) - 89d730ca-c741-4fc9-afaf-179ceaf5b2b4@group-9E02B72A4E3C replies to ELECTION vote request: 91d78431-6cd7-4796-a346-e9fe01a1de12<-89d730ca-c741-4fc9-afaf-179ceaf5b2b4#0:OK-t1. Peer's state: 89d730ca-c741-4fc9-afaf-179ceaf5b2b4@group-9E02B72A4E3C:t1, leader=null, voted=91d78431-6cd7-4796-a346-e9fe01a1de12, raftlog=Memoized:89d730ca-c741-4fc9-afaf-179ceaf5b2b4@group-9E02B72A4E3C-SegmentedRaftLog:OPENED:c-1, conf=-1: peers:[89d730ca-c741-4fc9-afaf-179ceaf5b2b4|rpc:10.1.0.24:40319|dataStream:10.1.0.24:35251|priority:0|startupRole:FOLLOWER, 91d78431-6cd7-4796-a346-e9fe01a1de12|rpc:10.1.0.24:43619|dataStream:10.1.0.24:33445|priority:1|startupRole:FOLLOWER, 6ea35c1f-1714-407c-a38f-a2791a2eb8d3|rpc:10.1.0.24:34213|dataStream:10.1.0.24:36469|priority:0|startupRole:FOLLOWER]|listeners:[], old=null
2022-12-19 18:38:53,021 [91d78431-6cd7-4796-a346-e9fe01a1de12@group-9E02B72A4E3C-SegmentedRaftLogWorker] INFO  segmented.SegmentedRaftLogWorker (SegmentedRaftLogWorker.java:execute(656)) - 91d78431-6cd7-4796-a346-e9fe01a1de12@group-9E02B72A4E3C-SegmentedRaftLogWorker: created new log segment /home/runner/work/ozone/ozone/hadoop-ozone/integration-test/target/test-dir/MiniOzoneClusterImpl-11542299-c030-49ce-a1ef-33f98f34fc6c/datanode-1/data/ratis/042af8b0-11d5-4451-92b4-9e02b72a4e3c/current/log_inprogress_0
2022-12-19 18:38:53,035 [91d78431-6cd7-4796-a346-e9fe01a1de12@group-9E02B72A4E3C-LeaderElection5] INFO  server.RaftServer$Division (ServerState.java:setRaftConf(430)) - 91d78431-6cd7-4796-a346-e9fe01a1de12@group-9E02B72A4E3C: set configuration 0: peers:[89d730ca-c741-4fc9-afaf-179ceaf5b2b4|rpc:10.1.0.24:40319|dataStream:10.1.0.24:35251|priority:0|startupRole:FOLLOWER, 91d78431-6cd7-4796-a346-e9fe01a1de12|rpc:10.1.0.24:43619|dataStream:10.1.0.24:33445|priority:1|startupRole:FOLLOWER, 6ea35c1f-1714-407c-a38f-a2791a2eb8d3|rpc:10.1.0.24:34213|dataStream:10.1.0.24:36469|priority:0|startupRole:FOLLOWER]|listeners:[], old=null
2022-12-19 18:38:53,039 [89d730ca-c741-4fc9-afaf-179ceaf5b2b4-server-thread1] INFO  ratis.XceiverServerRatis (XceiverServerRatis.java:handleLeaderChangedNotification(904)) - Leader change notification received for group: group-9E02B72A4E3C with new leaderId: 91d78431-6cd7-4796-a346-e9fe01a1de12
2022-12-19 18:38:53,039 [89d730ca-c741-4fc9-afaf-179ceaf5b2b4-server-thread1] INFO  server.RaftServer$Division (ServerState.java:setLeader(313)) - 89d730ca-c741-4fc9-afaf-179ceaf5b2b4@group-9E02B72A4E3C: change Leader from null to 91d78431-6cd7-4796-a346-e9fe01a1de12 at term 1 for appendEntries, leader elected after 5098ms
2022-12-19 18:38:53,058 [6ea35c1f-1714-407c-a38f-a2791a2eb8d3-server-thread1] INFO  ratis.XceiverServerRatis (XceiverServerRatis.java:handleLeaderChangedNotification(904)) - Leader change notification received for group: group-9E02B72A4E3C with new leaderId: 91d78431-6cd7-4796-a346-e9fe01a1de12
2022-12-19 18:38:53,059 [6ea35c1f-1714-407c-a38f-a2791a2eb8d3-server-thread1] INFO  server.RaftServer$Division (ServerState.java:setLeader(313)) - 6ea35c1f-1714-407c-a38f-a2791a2eb8d3@group-9E02B72A4E3C: change Leader from null to 91d78431-6cd7-4796-a346-e9fe01a1de12 at term 1 for appendEntries, leader elected after 5061ms
2022-12-19 18:38:53,058 [89d730ca-c741-4fc9-afaf-179ceaf5b2b4-server-thread2] INFO  server.RaftServer$Division (ServerState.java:setRaftConf(430)) - 89d730ca-c741-4fc9-afaf-179ceaf5b2b4@group-9E02B72A4E3C: set configuration 0: peers:[89d730ca-c741-4fc9-afaf-179ceaf5b2b4|rpc:10.1.0.24:40319|dataStream:10.1.0.24:35251|priority:0|startupRole:FOLLOWER, 91d78431-6cd7-4796-a346-e9fe01a1de12|rpc:10.1.0.24:43619|dataStream:10.1.0.24:33445|priority:1|startupRole:FOLLOWER, 6ea35c1f-1714-407c-a38f-a2791a2eb8d3|rpc:10.1.0.24:34213|dataStream:10.1.0.24:36469|priority:0|startupRole:FOLLOWER]|listeners:[], old=null
2022-12-19 18:38:53,059 [89d730ca-c741-4fc9-afaf-179ceaf5b2b4-server-thread2] INFO  segmented.SegmentedRaftLogWorker (SegmentedRaftLogWorker.java:startLogSegment(452)) - 89d730ca-c741-4fc9-afaf-179ceaf5b2b4@group-9E02B72A4E3C-SegmentedRaftLogWorker: Starting segment from index:0
2022-12-19 18:38:53,064 [6ea35c1f-1714-407c-a38f-a2791a2eb8d3-server-thread2] INFO  server.RaftServer$Division (ServerState.java:setRaftConf(430)) - 6ea35c1f-1714-407c-a38f-a2791a2eb8d3@group-9E02B72A4E3C: set configuration 0: peers:[89d730ca-c741-4fc9-afaf-179ceaf5b2b4|rpc:10.1.0.24:40319|dataStream:10.1.0.24:35251|priority:0|startupRole:FOLLOWER, 91d78431-6cd7-4796-a346-e9fe01a1de12|rpc:10.1.0.24:43619|dataStream:10.1.0.24:33445|priority:1|startupRole:FOLLOWER, 6ea35c1f-1714-407c-a38f-a2791a2eb8d3|rpc:10.1.0.24:34213|dataStream:10.1.0.24:36469|priority:0|startupRole:FOLLOWER]|listeners:[], old=null
2022-12-19 18:38:53,064 [6ea35c1f-1714-407c-a38f-a2791a2eb8d3-server-thread2] INFO  segmented.SegmentedRaftLogWorker (SegmentedRaftLogWorker.java:startLogSegment(452)) - 6ea35c1f-1714-407c-a38f-a2791a2eb8d3@group-9E02B72A4E3C-SegmentedRaftLogWorker: Starting segment from index:0
2022-12-19 18:38:53,066 [89d730ca-c741-4fc9-afaf-179ceaf5b2b4@group-9E02B72A4E3C-SegmentedRaftLogWorker] INFO  segmented.SegmentedRaftLogWorker (SegmentedRaftLogWorker.java:execute(656)) - 89d730ca-c741-4fc9-afaf-179ceaf5b2b4@group-9E02B72A4E3C-SegmentedRaftLogWorker: created new log segment /home/runner/work/ozone/ozone/hadoop-ozone/integration-test/target/test-dir/MiniOzoneClusterImpl-11542299-c030-49ce-a1ef-33f98f34fc6c/datanode-0/data/ratis/042af8b0-11d5-4451-92b4-9e02b72a4e3c/current/log_inprogress_0
2022-12-19 18:38:53,066 [6ea35c1f-1714-407c-a38f-a2791a2eb8d3@group-9E02B72A4E3C-SegmentedRaftLogWorker] INFO  segmented.SegmentedRaftLogWorker (SegmentedRaftLogWorker.java:execute(656)) - 6ea35c1f-1714-407c-a38f-a2791a2eb8d3@group-9E02B72A4E3C-SegmentedRaftLogWorker: created new log segment /home/runner/work/ozone/ozone/hadoop-ozone/integration-test/target/test-dir/MiniOzoneClusterImpl-11542299-c030-49ce-a1ef-33f98f34fc6c/datanode-2/data/ratis/042af8b0-11d5-4451-92b4-9e02b72a4e3c/current/log_inprogress_0
2022-12-19 18:38:53,080 [6ea35c1f-1714-407c-a38f-a2791a2eb8d3@group-E6DE8B2F3E98-FollowerState] INFO  impl.FollowerState (FollowerState.java:run(143)) - 6ea35c1f-1714-407c-a38f-a2791a2eb8d3@group-E6DE8B2F3E98-FollowerState: change to CANDIDATE, lastRpcElapsedTime:5110080235ns, electionTimeout:5108ms
2022-12-19 18:38:53,080 [6ea35c1f-1714-407c-a38f-a2791a2eb8d3@group-E6DE8B2F3E98-FollowerState] INFO  impl.RoleInfo (RoleInfo.java:shutdownFollowerState(110)) - 6ea35c1f-1714-407c-a38f-a2791a2eb8d3: shutdown 6ea35c1f-1714-407c-a38f-a2791a2eb8d3@group-E6DE8B2F3E98-FollowerState
2022-12-19 18:38:53,080 [6ea35c1f-1714-407c-a38f-a2791a2eb8d3@group-E6DE8B2F3E98-FollowerState] INFO  server.RaftServer$Division (RaftServerImpl.java:setRole(321)) - 6ea35c1f-1714-407c-a38f-a2791a2eb8d3@group-E6DE8B2F3E98: changes role from  FOLLOWER to CANDIDATE at term 0 for changeToCandidate
2022-12-19 18:38:53,081 [6ea35c1f-1714-407c-a38f-a2791a2eb8d3@group-E6DE8B2F3E98-FollowerState] INFO  server.RaftServerConfigKeys (ConfUtils.java:logGet(46)) - raft.server.leaderelection.pre-vote = false (custom)
2022-12-19 18:38:53,081 [6ea35c1f-1714-407c-a38f-a2791a2eb8d3@group-E6DE8B2F3E98-FollowerState] INFO  impl.RoleInfo (RoleInfo.java:updateAndGet(139)) - 6ea35c1f-1714-407c-a38f-a2791a2eb8d3: start 6ea35c1f-1714-407c-a38f-a2791a2eb8d3@group-E6DE8B2F3E98-LeaderElection6
2022-12-19 18:38:53,083 [6ea35c1f-1714-407c-a38f-a2791a2eb8d3@group-E6DE8B2F3E98-LeaderElection6] INFO  impl.LeaderElection (LeaderElection.java:askForVotes(312)) - 6ea35c1f-1714-407c-a38f-a2791a2eb8d3@group-E6DE8B2F3E98-LeaderElection6 ELECTION round 0: submit vote requests at term 1 for -1: peers:[6ea35c1f-1714-407c-a38f-a2791a2eb8d3|rpc:10.1.0.24:34213|dataStream:10.1.0.24:36469|priority:1|startupRole:FOLLOWER]|listeners:[], old=null
2022-12-19 18:38:53,083 [6ea35c1f-1714-407c-a38f-a2791a2eb8d3@group-E6DE8B2F3E98-LeaderElection6] INFO  impl.LeaderElection (LeaderElection.java:askForVotes(314)) - 6ea35c1f-1714-407c-a38f-a2791a2eb8d3@group-E6DE8B2F3E98-LeaderElection6 ELECTION round 0: result PASSED (term=1)
2022-12-19 18:38:53,083 [6ea35c1f-1714-407c-a38f-a2791a2eb8d3@group-E6DE8B2F3E98-LeaderElection6] INFO  impl.RoleInfo (RoleInfo.java:shutdownLeaderElection(130)) - 6ea35c1f-1714-407c-a38f-a2791a2eb8d3: shutdown 6ea35c1f-1714-407c-a38f-a2791a2eb8d3@group-E6DE8B2F3E98-LeaderElection6
2022-12-19 18:38:53,083 [6ea35c1f-1714-407c-a38f-a2791a2eb8d3@group-E6DE8B2F3E98-LeaderElection6] INFO  server.RaftServer$Division (RaftServerImpl.java:setRole(321)) - 6ea35c1f-1714-407c-a38f-a2791a2eb8d3@group-E6DE8B2F3E98: changes role from CANDIDATE to LEADER at term 1 for changeToLeader
2022-12-19 18:38:53,083 [6ea35c1f-1714-407c-a38f-a2791a2eb8d3@group-E6DE8B2F3E98-LeaderElection6] INFO  ratis.XceiverServerRatis (XceiverServerRatis.java:handleLeaderChangedNotification(904)) - Leader change notification received for group: group-E6DE8B2F3E98 with new leaderId: 6ea35c1f-1714-407c-a38f-a2791a2eb8d3
2022-12-19 18:38:53,084 [6ea35c1f-1714-407c-a38f-a2791a2eb8d3@group-E6DE8B2F3E98-LeaderElection6] INFO  server.RaftServer$Division (ServerState.java:setLeader(313)) - 6ea35c1f-1714-407c-a38f-a2791a2eb8d3@group-E6DE8B2F3E98: change Leader from null to 6ea35c1f-1714-407c-a38f-a2791a2eb8d3 at term 1 for becomeLeader, leader elected after 5155ms
2022-12-19 18:38:53,084 [6ea35c1f-1714-407c-a38f-a2791a2eb8d3@group-E6DE8B2F3E98-LeaderElection6] INFO  server.RaftServerConfigKeys (ConfUtils.java:logGet(46)) - raft.server.staging.catchup.gap = 1000 (default)
2022-12-19 18:38:53,084 [6ea35c1f-1714-407c-a38f-a2791a2eb8d3@group-E6DE8B2F3E98-LeaderElection6] INFO  server.RaftServerConfigKeys (ConfUtils.java:logGet(46)) - raft.server.write.element-limit = 1024 (custom)
2022-12-19 18:38:53,084 [6ea35c1f-1714-407c-a38f-a2791a2eb8d3@group-E6DE8B2F3E98-LeaderElection6] INFO  server.RaftServerConfigKeys (ConfUtils.java:logGet(46)) - raft.server.write.byte-limit = 1024 M (=1073741824) (custom)
2022-12-19 18:38:53,084 [6ea35c1f-1714-407c-a38f-a2791a2eb8d3@group-E6DE8B2F3E98-LeaderElection6] INFO  server.RaftServerConfigKeys (ConfUtils.java:logGet(46)) - raft.server.watch.timeout = 180s (custom)
2022-12-19 18:38:53,084 [6ea35c1f-1714-407c-a38f-a2791a2eb8d3@group-E6DE8B2F3E98-LeaderElection6] INFO  server.RaftServerConfigKeys (ConfUtils.java:logGet(46)) - raft.server.watch.timeout.denomination = 1s (default)
2022-12-19 18:38:53,084 [6ea35c1f-1714-407c-a38f-a2791a2eb8d3@group-E6DE8B2F3E98-LeaderElection6] INFO  server.RaftServerConfigKeys (ConfUtils.java:logGet(46)) - raft.server.watch.element-limit = 65536 (default)
2022-12-19 18:38:53,084 [6ea35c1f-1714-407c-a38f-a2791a2eb8d3@group-E6DE8B2F3E98-LeaderElection6] INFO  server.RaftServerConfigKeys (ConfUtils.java:logGet(46)) - raft.server.write.element-limit = 1024 (custom)
2022-12-19 18:38:53,084 [6ea35c1f-1714-407c-a38f-a2791a2eb8d3@group-E6DE8B2F3E98-LeaderElection6] INFO  server.RaftServerConfigKeys (ConfUtils.java:logGet(46)) - raft.server.write.follower.gap.ratio.max = -1.0 (default)
2022-12-19 18:38:53,084 [6ea35c1f-1714-407c-a38f-a2791a2eb8d3@group-E6DE8B2F3E98-LeaderElection6] INFO  impl.RoleInfo (RoleInfo.java:updateAndGet(139)) - 6ea35c1f-1714-407c-a38f-a2791a2eb8d3: start 6ea35c1f-1714-407c-a38f-a2791a2eb8d3@group-E6DE8B2F3E98-LeaderStateImpl
2022-12-19 18:38:53,085 [6ea35c1f-1714-407c-a38f-a2791a2eb8d3@group-E6DE8B2F3E98-LeaderElection6] INFO  segmented.SegmentedRaftLogWorker (SegmentedRaftLogWorker.java:startLogSegment(452)) - 6ea35c1f-1714-407c-a38f-a2791a2eb8d3@group-E6DE8B2F3E98-SegmentedRaftLogWorker: Starting segment from index:0
2022-12-19 18:38:53,087 [6ea35c1f-1714-407c-a38f-a2791a2eb8d3@group-E6DE8B2F3E98-LeaderElection6] INFO  server.RaftServer$Division (ServerState.java:setRaftConf(430)) - 6ea35c1f-1714-407c-a38f-a2791a2eb8d3@group-E6DE8B2F3E98: set configuration 0: peers:[6ea35c1f-1714-407c-a38f-a2791a2eb8d3|rpc:10.1.0.24:34213|dataStream:10.1.0.24:36469|priority:1|startupRole:FOLLOWER]|listeners:[], old=null
2022-12-19 18:38:53,088 [EventQueue-CommandQueueReportForCommandQueueReportHandler] WARN  events.EventQueue (EventQueue.java:fireEvent(216)) - No event handler registered for event TypedEvent{payloadType=DatanodeDetails, name='Datanode_Command_Queue_Updated'}
2022-12-19 18:38:53,088 [EventQueue-PipelineReportForPipelineReportHandler] INFO  pipeline.PipelineReportHandler (PipelineReportHandler.java:processPipelineReport(115)) - Reported pipeline PipelineID=cf0d6ba1-a770-43ee-a51c-fea4670f50be is not found
2022-12-19 18:38:53,088 [EventQueue-PipelineReportForPipelineReportHandler] INFO  pipeline.PipelineReportHandler (PipelineReportHandler.java:processPipelineReport(115)) - Reported pipeline PipelineID=042af8b0-11d5-4451-92b4-9e02b72a4e3c is not found
2022-12-19 18:38:53,091 [6ea35c1f-1714-407c-a38f-a2791a2eb8d3@group-E6DE8B2F3E98-SegmentedRaftLogWorker] INFO  segmented.SegmentedRaftLogWorker (SegmentedRaftLogWorker.java:execute(656)) - 6ea35c1f-1714-407c-a38f-a2791a2eb8d3@group-E6DE8B2F3E98-SegmentedRaftLogWorker: created new log segment /home/runner/work/ozone/ozone/hadoop-ozone/integration-test/target/test-dir/MiniOzoneClusterImpl-11542299-c030-49ce-a1ef-33f98f34fc6c/datanode-2/data/ratis/0a30ac7b-804e-4af0-8410-e6de8b2f3e98/current/log_inprogress_0
2022-12-19 18:38:53,353 [53431d8f-156a-4a42-8637-9d4e156967ab@group-EAE143FE8DC9-FollowerState] INFO  impl.FollowerState (FollowerState.java:run(143)) - 53431d8f-156a-4a42-8637-9d4e156967ab@group-EAE143FE8DC9-FollowerState: change to CANDIDATE, lastRpcElapsedTime:5098302347ns, electionTimeout:5097ms
2022-12-19 18:38:53,353 [53431d8f-156a-4a42-8637-9d4e156967ab@group-EAE143FE8DC9-FollowerState] INFO  impl.RoleInfo (RoleInfo.java:shutdownFollowerState(110)) - 53431d8f-156a-4a42-8637-9d4e156967ab: shutdown 53431d8f-156a-4a42-8637-9d4e156967ab@group-EAE143FE8DC9-FollowerState
2022-12-19 18:38:53,353 [53431d8f-156a-4a42-8637-9d4e156967ab@group-EAE143FE8DC9-FollowerState] INFO  server.RaftServer$Division (RaftServerImpl.java:setRole(321)) - 53431d8f-156a-4a42-8637-9d4e156967ab@group-EAE143FE8DC9: changes role from  FOLLOWER to CANDIDATE at term 0 for changeToCandidate
2022-12-19 18:38:53,354 [53431d8f-156a-4a42-8637-9d4e156967ab@group-EAE143FE8DC9-FollowerState] INFO  server.RaftServerConfigKeys (ConfUtils.java:logGet(46)) - raft.server.leaderelection.pre-vote = false (custom)
2022-12-19 18:38:53,354 [53431d8f-156a-4a42-8637-9d4e156967ab@group-EAE143FE8DC9-FollowerState] INFO  impl.RoleInfo (RoleInfo.java:updateAndGet(139)) - 53431d8f-156a-4a42-8637-9d4e156967ab: start 53431d8f-156a-4a42-8637-9d4e156967ab@group-EAE143FE8DC9-LeaderElection7
2022-12-19 18:38:53,357 [53431d8f-156a-4a42-8637-9d4e156967ab@group-EAE143FE8DC9-LeaderElection7] INFO  impl.LeaderElection (LeaderElection.java:askForVotes(312)) - 53431d8f-156a-4a42-8637-9d4e156967ab@group-EAE143FE8DC9-LeaderElection7 ELECTION round 0: submit vote requests at term 1 for -1: peers:[53431d8f-156a-4a42-8637-9d4e156967ab|rpc:10.1.0.24:42575|dataStream:10.1.0.24:37095|priority:1|startupRole:FOLLOWER]|listeners:[], old=null
2022-12-19 18:38:53,357 [53431d8f-156a-4a42-8637-9d4e156967ab@group-EAE143FE8DC9-LeaderElection7] INFO  impl.LeaderElection (LeaderElection.java:askForVotes(314)) - 53431d8f-156a-4a42-8637-9d4e156967ab@group-EAE143FE8DC9-LeaderElection7 ELECTION round 0: result PASSED (term=1)
2022-12-19 18:38:53,357 [53431d8f-156a-4a42-8637-9d4e156967ab@group-EAE143FE8DC9-LeaderElection7] INFO  impl.RoleInfo (RoleInfo.java:shutdownLeaderElection(130)) - 53431d8f-156a-4a42-8637-9d4e156967ab: shutdown 53431d8f-156a-4a42-8637-9d4e156967ab@group-EAE143FE8DC9-LeaderElection7
2022-12-19 18:38:53,357 [53431d8f-156a-4a42-8637-9d4e156967ab@group-EAE143FE8DC9-LeaderElection7] INFO  server.RaftServer$Division (RaftServerImpl.java:setRole(321)) - 53431d8f-156a-4a42-8637-9d4e156967ab@group-EAE143FE8DC9: changes role from CANDIDATE to LEADER at term 1 for changeToLeader
2022-12-19 18:38:53,357 [53431d8f-156a-4a42-8637-9d4e156967ab@group-EAE143FE8DC9-LeaderElection7] INFO  ratis.XceiverServerRatis (XceiverServerRatis.java:handleLeaderChangedNotification(904)) - Leader change notification received for group: group-EAE143FE8DC9 with new leaderId: 53431d8f-156a-4a42-8637-9d4e156967ab
2022-12-19 18:38:53,357 [53431d8f-156a-4a42-8637-9d4e156967ab@group-EAE143FE8DC9-LeaderElection7] INFO  server.RaftServer$Division (ServerState.java:setLeader(313)) - 53431d8f-156a-4a42-8637-9d4e156967ab@group-EAE143FE8DC9: change Leader from null to 53431d8f-156a-4a42-8637-9d4e156967ab at term 1 for becomeLeader, leader elected after 5125ms
2022-12-19 18:38:53,357 [53431d8f-156a-4a42-8637-9d4e156967ab@group-EAE143FE8DC9-LeaderElection7] INFO  server.RaftServerConfigKeys (ConfUtils.java:logGet(46)) - raft.server.staging.catchup.gap = 1000 (default)
2022-12-19 18:38:53,357 [53431d8f-156a-4a42-8637-9d4e156967ab@group-EAE143FE8DC9-LeaderElection7] INFO  server.RaftServerConfigKeys (ConfUtils.java:logGet(46)) - raft.server.write.element-limit = 1024 (custom)
2022-12-19 18:38:53,357 [53431d8f-156a-4a42-8637-9d4e156967ab@group-EAE143FE8DC9-LeaderElection7] INFO  server.RaftServerConfigKeys (ConfUtils.java:logGet(46)) - raft.server.write.byte-limit = 1024 M (=1073741824) (custom)
2022-12-19 18:38:53,358 [53431d8f-156a-4a42-8637-9d4e156967ab@group-EAE143FE8DC9-LeaderElection7] INFO  server.RaftServerConfigKeys (ConfUtils.java:logGet(46)) - raft.server.watch.timeout = 180s (custom)
2022-12-19 18:38:53,358 [53431d8f-156a-4a42-8637-9d4e156967ab@group-EAE143FE8DC9-LeaderElection7] INFO  server.RaftServerConfigKeys (ConfUtils.java:logGet(46)) - raft.server.watch.timeout.denomination = 1s (default)
2022-12-19 18:38:53,358 [53431d8f-156a-4a42-8637-9d4e156967ab@group-EAE143FE8DC9-LeaderElection7] INFO  server.RaftServerConfigKeys (ConfUtils.java:logGet(46)) - raft.server.watch.element-limit = 65536 (default)
2022-12-19 18:38:53,358 [53431d8f-156a-4a42-8637-9d4e156967ab@group-EAE143FE8DC9-LeaderElection7] INFO  server.RaftServerConfigKeys (ConfUtils.java:logGet(46)) - raft.server.write.element-limit = 1024 (custom)
2022-12-19 18:38:53,358 [53431d8f-156a-4a42-8637-9d4e156967ab@group-EAE143FE8DC9-LeaderElection7] INFO  server.RaftServerConfigKeys (ConfUtils.java:logGet(46)) - raft.server.write.follower.gap.ratio.max = -1.0 (default)
2022-12-19 18:38:53,358 [53431d8f-156a-4a42-8637-9d4e156967ab@group-EAE143FE8DC9-LeaderElection7] INFO  impl.RoleInfo (RoleInfo.java:updateAndGet(139)) - 53431d8f-156a-4a42-8637-9d4e156967ab: start 53431d8f-156a-4a42-8637-9d4e156967ab@group-EAE143FE8DC9-LeaderStateImpl
2022-12-19 18:38:53,358 [53431d8f-156a-4a42-8637-9d4e156967ab@group-EAE143FE8DC9-LeaderElection7] INFO  segmented.SegmentedRaftLogWorker (SegmentedRaftLogWorker.java:startLogSegment(452)) - 53431d8f-156a-4a42-8637-9d4e156967ab@group-EAE143FE8DC9-SegmentedRaftLogWorker: Starting segment from index:0
2022-12-19 18:38:53,358 [EventQueue-CommandQueueReportForCommandQueueReportHandler] WARN  events.EventQueue (EventQueue.java:fireEvent(216)) - No event handler registered for event TypedEvent{payloadType=DatanodeDetails, name='Datanode_Command_Queue_Updated'}
2022-12-19 18:38:53,363 [53431d8f-156a-4a42-8637-9d4e156967ab@group-EAE143FE8DC9-LeaderElection7] INFO  server.RaftServer$Division (ServerState.java:setRaftConf(430)) - 53431d8f-156a-4a42-8637-9d4e156967ab@group-EAE143FE8DC9: set configuration 0: peers:[53431d8f-156a-4a42-8637-9d4e156967ab|rpc:10.1.0.24:42575|dataStream:10.1.0.24:37095|priority:1|startupRole:FOLLOWER]|listeners:[], old=null
2022-12-19 18:38:53,364 [53431d8f-156a-4a42-8637-9d4e156967ab@group-EAE143FE8DC9-SegmentedRaftLogWorker] INFO  segmented.SegmentedRaftLogWorker (SegmentedRaftLogWorker.java:execute(656)) - 53431d8f-156a-4a42-8637-9d4e156967ab@group-EAE143FE8DC9-SegmentedRaftLogWorker: created new log segment /home/runner/work/ozone/ozone/hadoop-ozone/integration-test/target/test-dir/MiniOzoneClusterImpl-11542299-c030-49ce-a1ef-33f98f34fc6c/datanode-3/data/ratis/4c4ec991-a6d5-4c77-bab0-eae143fe8dc9/current/log_inprogress_0
2022-12-19 18:38:53,451 [53431d8f-156a-4a42-8637-9d4e156967ab@group-402B03C4197C-FollowerState] INFO  impl.FollowerState (FollowerState.java:run(143)) - 53431d8f-156a-4a42-8637-9d4e156967ab@group-402B03C4197C-FollowerState: change to CANDIDATE, lastRpcElapsedTime:5178418014ns, electionTimeout:5175ms
2022-12-19 18:38:53,451 [53431d8f-156a-4a42-8637-9d4e156967ab@group-402B03C4197C-FollowerState] INFO  impl.RoleInfo (RoleInfo.java:shutdownFollowerState(110)) - 53431d8f-156a-4a42-8637-9d4e156967ab: shutdown 53431d8f-156a-4a42-8637-9d4e156967ab@group-402B03C4197C-FollowerState
2022-12-19 18:38:53,451 [53431d8f-156a-4a42-8637-9d4e156967ab@group-402B03C4197C-FollowerState] INFO  server.RaftServer$Division (RaftServerImpl.java:setRole(321)) - 53431d8f-156a-4a42-8637-9d4e156967ab@group-402B03C4197C: changes role from  FOLLOWER to CANDIDATE at term 0 for changeToCandidate
2022-12-19 18:38:53,452 [53431d8f-156a-4a42-8637-9d4e156967ab@group-402B03C4197C-FollowerState] INFO  server.RaftServerConfigKeys (ConfUtils.java:logGet(46)) - raft.server.leaderelection.pre-vote = false (custom)
2022-12-19 18:38:53,452 [53431d8f-156a-4a42-8637-9d4e156967ab@group-402B03C4197C-FollowerState] INFO  impl.RoleInfo (RoleInfo.java:updateAndGet(139)) - 53431d8f-156a-4a42-8637-9d4e156967ab: start 53431d8f-156a-4a42-8637-9d4e156967ab@group-402B03C4197C-LeaderElection8
2022-12-19 18:38:53,455 [53431d8f-156a-4a42-8637-9d4e156967ab@group-402B03C4197C-LeaderElection8] INFO  impl.LeaderElection (LeaderElection.java:askForVotes(312)) - 53431d8f-156a-4a42-8637-9d4e156967ab@group-402B03C4197C-LeaderElection8 ELECTION round 0: submit vote requests at term 1 for -1: peers:[a138d61e-33be-4034-b658-559812d9cbdd|rpc:10.1.0.24:45397|dataStream:10.1.0.24:37159|priority:0|startupRole:FOLLOWER, 53431d8f-156a-4a42-8637-9d4e156967ab|rpc:10.1.0.24:42575|dataStream:10.1.0.24:37095|priority:0|startupRole:FOLLOWER, 577e0dac-7593-4640-b9aa-fa89f15259b7|rpc:10.1.0.24:45135|dataStream:10.1.0.24:40327|priority:1|startupRole:FOLLOWER]|listeners:[], old=null
2022-12-19 18:38:53,455 [53431d8f-156a-4a42-8637-9d4e156967ab@group-402B03C4197C-LeaderElection8-1] INFO  server.GrpcServerProtocolClient (GrpcServerProtocolClient.java:<init>(63)) - Build channel for a138d61e-33be-4034-b658-559812d9cbdd
2022-12-19 18:38:53,457 [53431d8f-156a-4a42-8637-9d4e156967ab@group-402B03C4197C-LeaderElection8] INFO  server.RaftServerConfigKeys (ConfUtils.java:logFallback(53)) - raft.server.rpc.first-election.timeout.min = 5s (fallback to raft.server.rpc.timeout.min)
2022-12-19 18:38:53,457 [53431d8f-156a-4a42-8637-9d4e156967ab@group-402B03C4197C-LeaderElection8] INFO  server.RaftServerConfigKeys (ConfUtils.java:logFallback(53)) - raft.server.rpc.first-election.timeout.max = 5200ms (fallback to raft.server.rpc.timeout.max)
2022-12-19 18:38:53,458 [53431d8f-156a-4a42-8637-9d4e156967ab@group-402B03C4197C-LeaderElection8-2] INFO  server.GrpcServerProtocolClient (GrpcServerProtocolClient.java:<init>(63)) - Build channel for 577e0dac-7593-4640-b9aa-fa89f15259b7
2022-12-19 18:38:53,464 [grpc-default-executor-4] INFO  server.RaftServer$Division (RaftServerImpl.java:requestVote(1218)) - a138d61e-33be-4034-b658-559812d9cbdd@group-402B03C4197C: receive requestVote(ELECTION, 53431d8f-156a-4a42-8637-9d4e156967ab, group-402B03C4197C, 1, (t:0, i:0))
2022-12-19 18:38:53,464 [grpc-default-executor-4] INFO  impl.VoteContext (VoteContext.java:log(49)) - a138d61e-33be-4034-b658-559812d9cbdd@group-402B03C4197C-FOLLOWER: accept ELECTION from 53431d8f-156a-4a42-8637-9d4e156967ab: our priority 0 <= candidate's priority 0
2022-12-19 18:38:53,464 [grpc-default-executor-4] INFO  server.RaftServer$Division (RaftServerImpl.java:setRole(321)) - a138d61e-33be-4034-b658-559812d9cbdd@group-402B03C4197C: changes role from  FOLLOWER to FOLLOWER at term 1 for candidate:53431d8f-156a-4a42-8637-9d4e156967ab
2022-12-19 18:38:53,464 [grpc-default-executor-4] INFO  impl.RoleInfo (RoleInfo.java:shutdownFollowerState(110)) - a138d61e-33be-4034-b658-559812d9cbdd: shutdown a138d61e-33be-4034-b658-559812d9cbdd@group-402B03C4197C-FollowerState
2022-12-19 18:38:53,464 [a138d61e-33be-4034-b658-559812d9cbdd@group-402B03C4197C-FollowerState] INFO  impl.FollowerState (FollowerState.java:run(152)) - a138d61e-33be-4034-b658-559812d9cbdd@group-402B03C4197C-FollowerState was interrupted
2022-12-19 18:38:53,466 [grpc-default-executor-4] INFO  impl.RoleInfo (RoleInfo.java:updateAndGet(139)) - a138d61e-33be-4034-b658-559812d9cbdd: start a138d61e-33be-4034-b658-559812d9cbdd@group-402B03C4197C-FollowerState
2022-12-19 18:38:53,472 [grpc-default-executor-4] INFO  server.RaftServer$Division (RaftServerImpl.java:requestVote(1251)) - a138d61e-33be-4034-b658-559812d9cbdd@group-402B03C4197C replies to ELECTION vote request: 53431d8f-156a-4a42-8637-9d4e156967ab<-a138d61e-33be-4034-b658-559812d9cbdd#0:OK-t1. Peer's state: a138d61e-33be-4034-b658-559812d9cbdd@group-402B03C4197C:t1, leader=null, voted=53431d8f-156a-4a42-8637-9d4e156967ab, raftlog=Memoized:a138d61e-33be-4034-b658-559812d9cbdd@group-402B03C4197C-SegmentedRaftLog:OPENED:c-1, conf=-1: peers:[a138d61e-33be-4034-b658-559812d9cbdd|rpc:10.1.0.24:45397|dataStream:10.1.0.24:37159|priority:0|startupRole:FOLLOWER, 53431d8f-156a-4a42-8637-9d4e156967ab|rpc:10.1.0.24:42575|dataStream:10.1.0.24:37095|priority:0|startupRole:FOLLOWER, 577e0dac-7593-4640-b9aa-fa89f15259b7|rpc:10.1.0.24:45135|dataStream:10.1.0.24:40327|priority:1|startupRole:FOLLOWER]|listeners:[], old=null
2022-12-19 18:38:53,475 [grpc-default-executor-4] INFO  server.RaftServer$Division (RaftServerImpl.java:requestVote(1218)) - 577e0dac-7593-4640-b9aa-fa89f15259b7@group-402B03C4197C: receive requestVote(ELECTION, 53431d8f-156a-4a42-8637-9d4e156967ab, group-402B03C4197C, 1, (t:0, i:0))
2022-12-19 18:38:53,475 [grpc-default-executor-4] INFO  impl.VoteContext (VoteContext.java:log(49)) - 577e0dac-7593-4640-b9aa-fa89f15259b7@group-402B03C4197C-FOLLOWER: reject ELECTION from 53431d8f-156a-4a42-8637-9d4e156967ab: our priority 1 > candidate's priority 0
2022-12-19 18:38:53,475 [grpc-default-executor-4] INFO  server.RaftServer$Division (RaftServerImpl.java:setRole(321)) - 577e0dac-7593-4640-b9aa-fa89f15259b7@group-402B03C4197C: changes role from  FOLLOWER to FOLLOWER at term 1 for candidate:53431d8f-156a-4a42-8637-9d4e156967ab
2022-12-19 18:38:53,475 [grpc-default-executor-4] INFO  impl.RoleInfo (RoleInfo.java:shutdownFollowerState(110)) - 577e0dac-7593-4640-b9aa-fa89f15259b7: shutdown 577e0dac-7593-4640-b9aa-fa89f15259b7@group-402B03C4197C-FollowerState
2022-12-19 18:38:53,475 [grpc-default-executor-4] INFO  impl.RoleInfo (RoleInfo.java:updateAndGet(139)) - 577e0dac-7593-4640-b9aa-fa89f15259b7: start 577e0dac-7593-4640-b9aa-fa89f15259b7@group-402B03C4197C-FollowerState
2022-12-19 18:38:53,477 [577e0dac-7593-4640-b9aa-fa89f15259b7@group-402B03C4197C-FollowerState] INFO  impl.FollowerState (FollowerState.java:run(152)) - 577e0dac-7593-4640-b9aa-fa89f15259b7@group-402B03C4197C-FollowerState was interrupted
2022-12-19 18:38:53,477 [577e0dac-7593-4640-b9aa-fa89f15259b7@group-402B03C4197C-FollowerState] INFO  server.RaftServerConfigKeys (ConfUtils.java:logFallback(53)) - raft.server.rpc.first-election.timeout.min = 5s (fallback to raft.server.rpc.timeout.min)
2022-12-19 18:38:53,477 [577e0dac-7593-4640-b9aa-fa89f15259b7@group-402B03C4197C-FollowerState] INFO  server.RaftServerConfigKeys (ConfUtils.java:logFallback(53)) - raft.server.rpc.first-election.timeout.max = 5200ms (fallback to raft.server.rpc.timeout.max)
2022-12-19 18:38:53,478 [a138d61e-33be-4034-b658-559812d9cbdd@group-402B03C4197C-FollowerState] INFO  server.RaftServerConfigKeys (ConfUtils.java:logFallback(53)) - raft.server.rpc.first-election.timeout.min = 5s (fallback to raft.server.rpc.timeout.min)
2022-12-19 18:38:53,478 [a138d61e-33be-4034-b658-559812d9cbdd@group-402B03C4197C-FollowerState] INFO  server.RaftServerConfigKeys (ConfUtils.java:logFallback(53)) - raft.server.rpc.first-election.timeout.max = 5200ms (fallback to raft.server.rpc.timeout.max)
2022-12-19 18:38:53,478 [grpc-default-executor-4] INFO  server.RaftServer$Division (RaftServerImpl.java:requestVote(1251)) - 577e0dac-7593-4640-b9aa-fa89f15259b7@group-402B03C4197C replies to ELECTION vote request: 53431d8f-156a-4a42-8637-9d4e156967ab<-577e0dac-7593-4640-b9aa-fa89f15259b7#0:FAIL-t1. Peer's state: 577e0dac-7593-4640-b9aa-fa89f15259b7@group-402B03C4197C:t1, leader=null, voted=null, raftlog=Memoized:577e0dac-7593-4640-b9aa-fa89f15259b7@group-402B03C4197C-SegmentedRaftLog:OPENED:c-1, conf=-1: peers:[a138d61e-33be-4034-b658-559812d9cbdd|rpc:10.1.0.24:45397|dataStream:10.1.0.24:37159|priority:0|startupRole:FOLLOWER, 53431d8f-156a-4a42-8637-9d4e156967ab|rpc:10.1.0.24:42575|dataStream:10.1.0.24:37095|priority:0|startupRole:FOLLOWER, 577e0dac-7593-4640-b9aa-fa89f15259b7|rpc:10.1.0.24:45135|dataStream:10.1.0.24:40327|priority:1|startupRole:FOLLOWER]|listeners:[], old=null
2022-12-19 18:38:53,480 [53431d8f-156a-4a42-8637-9d4e156967ab@group-402B03C4197C-LeaderElection8] INFO  impl.LeaderElection (LeaderElection.java:logAndReturn(90)) - 53431d8f-156a-4a42-8637-9d4e156967ab@group-402B03C4197C-LeaderElection8: ELECTION REJECTED received 2 response(s) and 0 exception(s):
2022-12-19 18:38:53,480 [53431d8f-156a-4a42-8637-9d4e156967ab@group-402B03C4197C-LeaderElection8] INFO  impl.LeaderElection (LeaderElection.java:logAndReturn(94)) -   Response 0: 53431d8f-156a-4a42-8637-9d4e156967ab<-a138d61e-33be-4034-b658-559812d9cbdd#0:OK-t1
2022-12-19 18:38:53,480 [53431d8f-156a-4a42-8637-9d4e156967ab@group-402B03C4197C-LeaderElection8] INFO  impl.LeaderElection (LeaderElection.java:logAndReturn(94)) -   Response 1: 53431d8f-156a-4a42-8637-9d4e156967ab<-577e0dac-7593-4640-b9aa-fa89f15259b7#0:FAIL-t1
2022-12-19 18:38:53,480 [53431d8f-156a-4a42-8637-9d4e156967ab@group-402B03C4197C-LeaderElection8] INFO  impl.LeaderElection (LeaderElection.java:askForVotes(314)) - 53431d8f-156a-4a42-8637-9d4e156967ab@group-402B03C4197C-LeaderElection8 ELECTION round 0: result REJECTED
2022-12-19 18:38:53,480 [53431d8f-156a-4a42-8637-9d4e156967ab@group-402B03C4197C-LeaderElection8] INFO  server.RaftServer$Division (RaftServerImpl.java:setRole(321)) - 53431d8f-156a-4a42-8637-9d4e156967ab@group-402B03C4197C: changes role from CANDIDATE to FOLLOWER at term 1 for REJECTED
2022-12-19 18:38:53,480 [53431d8f-156a-4a42-8637-9d4e156967ab@group-402B03C4197C-LeaderElection8] INFO  impl.RoleInfo (RoleInfo.java:shutdownLeaderElection(130)) - 53431d8f-156a-4a42-8637-9d4e156967ab: shutdown 53431d8f-156a-4a42-8637-9d4e156967ab@group-402B03C4197C-LeaderElection8
2022-12-19 18:38:53,480 [53431d8f-156a-4a42-8637-9d4e156967ab@group-402B03C4197C-LeaderElection8] INFO  impl.RoleInfo (RoleInfo.java:updateAndGet(139)) - 53431d8f-156a-4a42-8637-9d4e156967ab: start 53431d8f-156a-4a42-8637-9d4e156967ab@group-402B03C4197C-FollowerState
2022-12-19 18:38:53,483 [53431d8f-156a-4a42-8637-9d4e156967ab@group-402B03C4197C-FollowerState] INFO  server.RaftServerConfigKeys (ConfUtils.java:logFallback(53)) - raft.server.rpc.first-election.timeout.min = 5s (fallback to raft.server.rpc.timeout.min)
2022-12-19 18:38:53,483 [53431d8f-156a-4a42-8637-9d4e156967ab@group-402B03C4197C-FollowerState] INFO  server.RaftServerConfigKeys (ConfUtils.java:logFallback(53)) - raft.server.rpc.first-election.timeout.max = 5200ms (fallback to raft.server.rpc.timeout.max)
2022-12-19 18:38:53,677 [a138d61e-33be-4034-b658-559812d9cbdd@group-AF7B5C654995-FollowerState] INFO  impl.FollowerState (FollowerState.java:run(143)) - a138d61e-33be-4034-b658-559812d9cbdd@group-AF7B5C654995-FollowerState: change to CANDIDATE, lastRpcElapsedTime:5038578681ns, electionTimeout:5033ms
2022-12-19 18:38:53,677 [a138d61e-33be-4034-b658-559812d9cbdd@group-AF7B5C654995-FollowerState] INFO  impl.RoleInfo (RoleInfo.java:shutdownFollowerState(110)) - a138d61e-33be-4034-b658-559812d9cbdd: shutdown a138d61e-33be-4034-b658-559812d9cbdd@group-AF7B5C654995-FollowerState
2022-12-19 18:38:53,677 [a138d61e-33be-4034-b658-559812d9cbdd@group-AF7B5C654995-FollowerState] INFO  server.RaftServer$Division (RaftServerImpl.java:setRole(321)) - a138d61e-33be-4034-b658-559812d9cbdd@group-AF7B5C654995: changes role from  FOLLOWER to CANDIDATE at term 0 for changeToCandidate
2022-12-19 18:38:53,677 [a138d61e-33be-4034-b658-559812d9cbdd@group-AF7B5C654995-FollowerState] INFO  server.RaftServerConfigKeys (ConfUtils.java:logGet(46)) - raft.server.leaderelection.pre-vote = false (custom)
2022-12-19 18:38:53,677 [a138d61e-33be-4034-b658-559812d9cbdd@group-AF7B5C654995-FollowerState] INFO  impl.RoleInfo (RoleInfo.java:updateAndGet(139)) - a138d61e-33be-4034-b658-559812d9cbdd: start a138d61e-33be-4034-b658-559812d9cbdd@group-AF7B5C654995-LeaderElection9
2022-12-19 18:38:53,680 [a138d61e-33be-4034-b658-559812d9cbdd@group-AF7B5C654995-LeaderElection9] INFO  impl.LeaderElection (LeaderElection.java:askForVotes(312)) - a138d61e-33be-4034-b658-559812d9cbdd@group-AF7B5C654995-LeaderElection9 ELECTION round 0: submit vote requests at term 1 for -1: peers:[a138d61e-33be-4034-b658-559812d9cbdd|rpc:10.1.0.24:45397|dataStream:10.1.0.24:37159|priority:1|startupRole:FOLLOWER]|listeners:[], old=null
2022-12-19 18:38:53,680 [a138d61e-33be-4034-b658-559812d9cbdd@group-AF7B5C654995-LeaderElection9] INFO  impl.LeaderElection (LeaderElection.java:askForVotes(314)) - a138d61e-33be-4034-b658-559812d9cbdd@group-AF7B5C654995-LeaderElection9 ELECTION round 0: result PASSED (term=1)
2022-12-19 18:38:53,680 [a138d61e-33be-4034-b658-559812d9cbdd@group-AF7B5C654995-LeaderElection9] INFO  impl.RoleInfo (RoleInfo.java:shutdownLeaderElection(130)) - a138d61e-33be-4034-b658-559812d9cbdd: shutdown a138d61e-33be-4034-b658-559812d9cbdd@group-AF7B5C654995-LeaderElection9
2022-12-19 18:38:53,681 [a138d61e-33be-4034-b658-559812d9cbdd@group-AF7B5C654995-LeaderElection9] INFO  server.RaftServer$Division (RaftServerImpl.java:setRole(321)) - a138d61e-33be-4034-b658-559812d9cbdd@group-AF7B5C654995: changes role from CANDIDATE to LEADER at term 1 for changeToLeader
2022-12-19 18:38:53,681 [a138d61e-33be-4034-b658-559812d9cbdd@group-AF7B5C654995-LeaderElection9] INFO  ratis.XceiverServerRatis (XceiverServerRatis.java:handleLeaderChangedNotification(904)) - Leader change notification received for group: group-AF7B5C654995 with new leaderId: a138d61e-33be-4034-b658-559812d9cbdd
2022-12-19 18:38:53,681 [a138d61e-33be-4034-b658-559812d9cbdd@group-AF7B5C654995-LeaderElection9] INFO  server.RaftServer$Division (ServerState.java:setLeader(313)) - a138d61e-33be-4034-b658-559812d9cbdd@group-AF7B5C654995: change Leader from null to a138d61e-33be-4034-b658-559812d9cbdd at term 1 for becomeLeader, leader elected after 5077ms
2022-12-19 18:38:53,681 [a138d61e-33be-4034-b658-559812d9cbdd@group-AF7B5C654995-LeaderElection9] INFO  server.RaftServerConfigKeys (ConfUtils.java:logGet(46)) - raft.server.staging.catchup.gap = 1000 (default)
2022-12-19 18:38:53,681 [a138d61e-33be-4034-b658-559812d9cbdd@group-AF7B5C654995-LeaderElection9] INFO  server.RaftServerConfigKeys (ConfUtils.java:logGet(46)) - raft.server.write.element-limit = 1024 (custom)
2022-12-19 18:38:53,681 [a138d61e-33be-4034-b658-559812d9cbdd@group-AF7B5C654995-LeaderElection9] INFO  server.RaftServerConfigKeys (ConfUtils.java:logGet(46)) - raft.server.write.byte-limit = 1024 M (=1073741824) (custom)
2022-12-19 18:38:53,681 [a138d61e-33be-4034-b658-559812d9cbdd@group-AF7B5C654995-LeaderElection9] INFO  server.RaftServerConfigKeys (ConfUtils.java:logGet(46)) - raft.server.watch.timeout = 180s (custom)
2022-12-19 18:38:53,681 [a138d61e-33be-4034-b658-559812d9cbdd@group-AF7B5C654995-LeaderElection9] INFO  server.RaftServerConfigKeys (ConfUtils.java:logGet(46)) - raft.server.watch.timeout.denomination = 1s (default)
2022-12-19 18:38:53,681 [a138d61e-33be-4034-b658-559812d9cbdd@group-AF7B5C654995-LeaderElection9] INFO  server.RaftServerConfigKeys (ConfUtils.java:logGet(46)) - raft.server.watch.element-limit = 65536 (default)
2022-12-19 18:38:53,682 [a138d61e-33be-4034-b658-559812d9cbdd@group-AF7B5C654995-LeaderElection9] INFO  server.RaftServerConfigKeys (ConfUtils.java:logGet(46)) - raft.server.write.element-limit = 1024 (custom)
2022-12-19 18:38:53,682 [a138d61e-33be-4034-b658-559812d9cbdd@group-AF7B5C654995-LeaderElection9] INFO  server.RaftServerConfigKeys (ConfUtils.java:logGet(46)) - raft.server.write.follower.gap.ratio.max = -1.0 (default)
2022-12-19 18:38:53,682 [EventQueue-CommandQueueReportForCommandQueueReportHandler] WARN  events.EventQueue (EventQueue.java:fireEvent(216)) - No event handler registered for event TypedEvent{payloadType=DatanodeDetails, name='Datanode_Command_Queue_Updated'}
2022-12-19 18:38:53,683 [a138d61e-33be-4034-b658-559812d9cbdd@group-AF7B5C654995-LeaderElection9] INFO  impl.RoleInfo (RoleInfo.java:updateAndGet(139)) - a138d61e-33be-4034-b658-559812d9cbdd: start a138d61e-33be-4034-b658-559812d9cbdd@group-AF7B5C654995-LeaderStateImpl
2022-12-19 18:38:53,683 [a138d61e-33be-4034-b658-559812d9cbdd@group-AF7B5C654995-LeaderElection9] INFO  segmented.SegmentedRaftLogWorker (SegmentedRaftLogWorker.java:startLogSegment(452)) - a138d61e-33be-4034-b658-559812d9cbdd@group-AF7B5C654995-SegmentedRaftLogWorker: Starting segment from index:0
2022-12-19 18:38:53,684 [a138d61e-33be-4034-b658-559812d9cbdd@group-AF7B5C654995-LeaderElection9] INFO  server.RaftServer$Division (ServerState.java:setRaftConf(430)) - a138d61e-33be-4034-b658-559812d9cbdd@group-AF7B5C654995: set configuration 0: peers:[a138d61e-33be-4034-b658-559812d9cbdd|rpc:10.1.0.24:45397|dataStream:10.1.0.24:37159|priority:1|startupRole:FOLLOWER]|listeners:[], old=null
2022-12-19 18:38:53,685 [a138d61e-33be-4034-b658-559812d9cbdd@group-AF7B5C654995-SegmentedRaftLogWorker] INFO  segmented.SegmentedRaftLogWorker (SegmentedRaftLogWorker.java:execute(656)) - a138d61e-33be-4034-b658-559812d9cbdd@group-AF7B5C654995-SegmentedRaftLogWorker: created new log segment /home/runner/work/ozone/ozone/hadoop-ozone/integration-test/target/test-dir/MiniOzoneClusterImpl-11542299-c030-49ce-a1ef-33f98f34fc6c/datanode-4/data/ratis/01959d57-9a45-4936-a690-af7b5c654995/current/log_inprogress_0
2022-12-19 18:38:53,728 [a138d61e-33be-4034-b658-559812d9cbdd@group-6C568F008C3A-FollowerState] INFO  impl.FollowerState (FollowerState.java:run(143)) - a138d61e-33be-4034-b658-559812d9cbdd@group-6C568F008C3A-FollowerState: change to CANDIDATE, lastRpcElapsedTime:5046955186ns, electionTimeout:5044ms
2022-12-19 18:38:53,728 [a138d61e-33be-4034-b658-559812d9cbdd@group-6C568F008C3A-FollowerState] INFO  impl.RoleInfo (RoleInfo.java:shutdownFollowerState(110)) - a138d61e-33be-4034-b658-559812d9cbdd: shutdown a138d61e-33be-4034-b658-559812d9cbdd@group-6C568F008C3A-FollowerState
2022-12-19 18:38:53,729 [a138d61e-33be-4034-b658-559812d9cbdd@group-6C568F008C3A-FollowerState] INFO  server.RaftServer$Division (RaftServerImpl.java:setRole(321)) - a138d61e-33be-4034-b658-559812d9cbdd@group-6C568F008C3A: changes role from  FOLLOWER to CANDIDATE at term 0 for changeToCandidate
2022-12-19 18:38:53,729 [a138d61e-33be-4034-b658-559812d9cbdd@group-6C568F008C3A-FollowerState] INFO  server.RaftServerConfigKeys (ConfUtils.java:logGet(46)) - raft.server.leaderelection.pre-vote = false (custom)
2022-12-19 18:38:53,729 [a138d61e-33be-4034-b658-559812d9cbdd@group-6C568F008C3A-FollowerState] INFO  impl.RoleInfo (RoleInfo.java:updateAndGet(139)) - a138d61e-33be-4034-b658-559812d9cbdd: start a138d61e-33be-4034-b658-559812d9cbdd@group-6C568F008C3A-LeaderElection10
2022-12-19 18:38:53,732 [a138d61e-33be-4034-b658-559812d9cbdd@group-6C568F008C3A-LeaderElection10] INFO  impl.LeaderElection (LeaderElection.java:askForVotes(312)) - a138d61e-33be-4034-b658-559812d9cbdd@group-6C568F008C3A-LeaderElection10 ELECTION round 0: submit vote requests at term 1 for -1: peers:[a138d61e-33be-4034-b658-559812d9cbdd|rpc:10.1.0.24:45397|dataStream:10.1.0.24:37159|priority:1|startupRole:FOLLOWER, 53431d8f-156a-4a42-8637-9d4e156967ab|rpc:10.1.0.24:42575|dataStream:10.1.0.24:37095|priority:0|startupRole:FOLLOWER, 577e0dac-7593-4640-b9aa-fa89f15259b7|rpc:10.1.0.24:45135|dataStream:10.1.0.24:40327|priority:0|startupRole:FOLLOWER]|listeners:[], old=null
2022-12-19 18:38:53,732 [a138d61e-33be-4034-b658-559812d9cbdd@group-6C568F008C3A-LeaderElection10-1] INFO  server.GrpcServerProtocolClient (GrpcServerProtocolClient.java:<init>(63)) - Build channel for 53431d8f-156a-4a42-8637-9d4e156967ab
2022-12-19 18:38:53,734 [a138d61e-33be-4034-b658-559812d9cbdd@group-6C568F008C3A-LeaderElection10] INFO  server.RaftServerConfigKeys (ConfUtils.java:logFallback(53)) - raft.server.rpc.first-election.timeout.min = 5s (fallback to raft.server.rpc.timeout.min)
2022-12-19 18:38:53,734 [a138d61e-33be-4034-b658-559812d9cbdd@group-6C568F008C3A-LeaderElection10] INFO  server.RaftServerConfigKeys (ConfUtils.java:logFallback(53)) - raft.server.rpc.first-election.timeout.max = 5200ms (fallback to raft.server.rpc.timeout.max)
2022-12-19 18:38:53,734 [a138d61e-33be-4034-b658-559812d9cbdd@group-6C568F008C3A-LeaderElection10-2] INFO  server.GrpcServerProtocolClient (GrpcServerProtocolClient.java:<init>(63)) - Build channel for 577e0dac-7593-4640-b9aa-fa89f15259b7
2022-12-19 18:38:53,741 [grpc-default-executor-4] INFO  server.RaftServer$Division (RaftServerImpl.java:requestVote(1218)) - 53431d8f-156a-4a42-8637-9d4e156967ab@group-6C568F008C3A: receive requestVote(ELECTION, a138d61e-33be-4034-b658-559812d9cbdd, group-6C568F008C3A, 1, (t:0, i:0))
2022-12-19 18:38:53,741 [grpc-default-executor-4] INFO  impl.VoteContext (VoteContext.java:log(49)) - 53431d8f-156a-4a42-8637-9d4e156967ab@group-6C568F008C3A-FOLLOWER: accept ELECTION from a138d61e-33be-4034-b658-559812d9cbdd: our priority 0 <= candidate's priority 1
2022-12-19 18:38:53,741 [grpc-default-executor-4] INFO  server.RaftServer$Division (RaftServerImpl.java:setRole(321)) - 53431d8f-156a-4a42-8637-9d4e156967ab@group-6C568F008C3A: changes role from  FOLLOWER to FOLLOWER at term 1 for candidate:a138d61e-33be-4034-b658-559812d9cbdd
2022-12-19 18:38:53,741 [grpc-default-executor-4] INFO  impl.RoleInfo (RoleInfo.java:shutdownFollowerState(110)) - 53431d8f-156a-4a42-8637-9d4e156967ab: shutdown 53431d8f-156a-4a42-8637-9d4e156967ab@group-6C568F008C3A-FollowerState
2022-12-19 18:38:53,741 [grpc-default-executor-4] INFO  impl.RoleInfo (RoleInfo.java:updateAndGet(139)) - 53431d8f-156a-4a42-8637-9d4e156967ab: start 53431d8f-156a-4a42-8637-9d4e156967ab@group-6C568F008C3A-FollowerState
2022-12-19 18:38:53,741 [53431d8f-156a-4a42-8637-9d4e156967ab@group-6C568F008C3A-FollowerState] INFO  impl.FollowerState (FollowerState.java:run(152)) - 53431d8f-156a-4a42-8637-9d4e156967ab@group-6C568F008C3A-FollowerState was interrupted
2022-12-19 18:38:53,742 [grpc-default-executor-2] INFO  server.RaftServer$Division (RaftServerImpl.java:requestVote(1218)) - 577e0dac-7593-4640-b9aa-fa89f15259b7@group-6C568F008C3A: receive requestVote(ELECTION, a138d61e-33be-4034-b658-559812d9cbdd, group-6C568F008C3A, 1, (t:0, i:0))
2022-12-19 18:38:53,742 [grpc-default-executor-2] INFO  impl.VoteContext (VoteContext.java:log(49)) - 577e0dac-7593-4640-b9aa-fa89f15259b7@group-6C568F008C3A-FOLLOWER: accept ELECTION from a138d61e-33be-4034-b658-559812d9cbdd: our priority 0 <= candidate's priority 1
2022-12-19 18:38:53,742 [grpc-default-executor-2] INFO  server.RaftServer$Division (RaftServerImpl.java:setRole(321)) - 577e0dac-7593-4640-b9aa-fa89f15259b7@group-6C568F008C3A: changes role from  FOLLOWER to FOLLOWER at term 1 for candidate:a138d61e-33be-4034-b658-559812d9cbdd
2022-12-19 18:38:53,742 [grpc-default-executor-2] INFO  impl.RoleInfo (RoleInfo.java:shutdownFollowerState(110)) - 577e0dac-7593-4640-b9aa-fa89f15259b7: shutdown 577e0dac-7593-4640-b9aa-fa89f15259b7@group-6C568F008C3A-FollowerState
2022-12-19 18:38:53,742 [grpc-default-executor-2] INFO  impl.RoleInfo (RoleInfo.java:updateAndGet(139)) - 577e0dac-7593-4640-b9aa-fa89f15259b7: start 577e0dac-7593-4640-b9aa-fa89f15259b7@group-6C568F008C3A-FollowerState
2022-12-19 18:38:53,742 [577e0dac-7593-4640-b9aa-fa89f15259b7@group-6C568F008C3A-FollowerState] INFO  impl.FollowerState (FollowerState.java:run(152)) - 577e0dac-7593-4640-b9aa-fa89f15259b7@group-6C568F008C3A-FollowerState was interrupted
2022-12-19 18:38:53,743 [53431d8f-156a-4a42-8637-9d4e156967ab@group-6C568F008C3A-FollowerState] INFO  server.RaftServerConfigKeys (ConfUtils.java:logFallback(53)) - raft.server.rpc.first-election.timeout.min = 5s (fallback to raft.server.rpc.timeout.min)
2022-12-19 18:38:53,743 [53431d8f-156a-4a42-8637-9d4e156967ab@group-6C568F008C3A-FollowerState] INFO  server.RaftServerConfigKeys (ConfUtils.java:logFallback(53)) - raft.server.rpc.first-election.timeout.max = 5200ms (fallback to raft.server.rpc.timeout.max)
2022-12-19 18:38:53,743 [grpc-default-executor-4] INFO  server.RaftServer$Division (RaftServerImpl.java:requestVote(1251)) - 53431d8f-156a-4a42-8637-9d4e156967ab@group-6C568F008C3A replies to ELECTION vote request: a138d61e-33be-4034-b658-559812d9cbdd<-53431d8f-156a-4a42-8637-9d4e156967ab#0:OK-t1. Peer's state: 53431d8f-156a-4a42-8637-9d4e156967ab@group-6C568F008C3A:t1, leader=null, voted=a138d61e-33be-4034-b658-559812d9cbdd, raftlog=Memoized:53431d8f-156a-4a42-8637-9d4e156967ab@group-6C568F008C3A-SegmentedRaftLog:OPENED:c-1, conf=-1: peers:[a138d61e-33be-4034-b658-559812d9cbdd|rpc:10.1.0.24:45397|dataStream:10.1.0.24:37159|priority:1|startupRole:FOLLOWER, 53431d8f-156a-4a42-8637-9d4e156967ab|rpc:10.1.0.24:42575|dataStream:10.1.0.24:37095|priority:0|startupRole:FOLLOWER, 577e0dac-7593-4640-b9aa-fa89f15259b7|rpc:10.1.0.24:45135|dataStream:10.1.0.24:40327|priority:0|startupRole:FOLLOWER]|listeners:[], old=null
2022-12-19 18:38:53,745 [grpc-default-executor-2] INFO  server.RaftServer$Division (RaftServerImpl.java:requestVote(1251)) - 577e0dac-7593-4640-b9aa-fa89f15259b7@group-6C568F008C3A replies to ELECTION vote request: a138d61e-33be-4034-b658-559812d9cbdd<-577e0dac-7593-4640-b9aa-fa89f15259b7#0:OK-t1. Peer's state: 577e0dac-7593-4640-b9aa-fa89f15259b7@group-6C568F008C3A:t1, leader=null, voted=a138d61e-33be-4034-b658-559812d9cbdd, raftlog=Memoized:577e0dac-7593-4640-b9aa-fa89f15259b7@group-6C568F008C3A-SegmentedRaftLog:OPENED:c-1, conf=-1: peers:[a138d61e-33be-4034-b658-559812d9cbdd|rpc:10.1.0.24:45397|dataStream:10.1.0.24:37159|priority:1|startupRole:FOLLOWER, 53431d8f-156a-4a42-8637-9d4e156967ab|rpc:10.1.0.24:42575|dataStream:10.1.0.24:37095|priority:0|startupRole:FOLLOWER, 577e0dac-7593-4640-b9aa-fa89f15259b7|rpc:10.1.0.24:45135|dataStream:10.1.0.24:40327|priority:0|startupRole:FOLLOWER]|listeners:[], old=null
2022-12-19 18:38:53,745 [a138d61e-33be-4034-b658-559812d9cbdd@group-6C568F008C3A-LeaderElection10] INFO  impl.LeaderElection (LeaderElection.java:logAndReturn(90)) - a138d61e-33be-4034-b658-559812d9cbdd@group-6C568F008C3A-LeaderElection10: ELECTION PASSED received 1 response(s) and 0 exception(s):
2022-12-19 18:38:53,746 [a138d61e-33be-4034-b658-559812d9cbdd@group-6C568F008C3A-LeaderElection10] INFO  impl.LeaderElection (LeaderElection.java:logAndReturn(94)) -   Response 0: a138d61e-33be-4034-b658-559812d9cbdd<-53431d8f-156a-4a42-8637-9d4e156967ab#0:OK-t1
2022-12-19 18:38:53,746 [a138d61e-33be-4034-b658-559812d9cbdd@group-6C568F008C3A-LeaderElection10] INFO  impl.LeaderElection (LeaderElection.java:askForVotes(314)) - a138d61e-33be-4034-b658-559812d9cbdd@group-6C568F008C3A-LeaderElection10 ELECTION round 0: result PASSED
2022-12-19 18:38:53,746 [a138d61e-33be-4034-b658-559812d9cbdd@group-6C568F008C3A-LeaderElection10] INFO  impl.RoleInfo (RoleInfo.java:shutdownLeaderElection(130)) - a138d61e-33be-4034-b658-559812d9cbdd: shutdown a138d61e-33be-4034-b658-559812d9cbdd@group-6C568F008C3A-LeaderElection10
2022-12-19 18:38:53,746 [a138d61e-33be-4034-b658-559812d9cbdd@group-6C568F008C3A-LeaderElection10] INFO  server.RaftServer$Division (RaftServerImpl.java:setRole(321)) - a138d61e-33be-4034-b658-559812d9cbdd@group-6C568F008C3A: changes role from CANDIDATE to LEADER at term 1 for changeToLeader
2022-12-19 18:38:53,746 [a138d61e-33be-4034-b658-559812d9cbdd@group-6C568F008C3A-LeaderElection10] INFO  ratis.XceiverServerRatis (XceiverServerRatis.java:handleLeaderChangedNotification(904)) - Leader change notification received for group: group-6C568F008C3A with new leaderId: a138d61e-33be-4034-b658-559812d9cbdd
2022-12-19 18:38:53,746 [577e0dac-7593-4640-b9aa-fa89f15259b7@group-6C568F008C3A-FollowerState] INFO  server.RaftServerConfigKeys (ConfUtils.java:logFallback(53)) - raft.server.rpc.first-election.timeout.min = 5s (fallback to raft.server.rpc.timeout.min)
2022-12-19 18:38:53,746 [a138d61e-33be-4034-b658-559812d9cbdd@group-6C568F008C3A-LeaderElection10] INFO  server.RaftServer$Division (ServerState.java:setLeader(313)) - a138d61e-33be-4034-b658-559812d9cbdd@group-6C568F008C3A: change Leader from null to a138d61e-33be-4034-b658-559812d9cbdd at term 1 for becomeLeader, leader elected after 5100ms
2022-12-19 18:38:53,746 [577e0dac-7593-4640-b9aa-fa89f15259b7@group-6C568F008C3A-FollowerState] INFO  server.RaftServerConfigKeys (ConfUtils.java:logFallback(53)) - raft.server.rpc.first-election.timeout.max = 5200ms (fallback to raft.server.rpc.timeout.max)
2022-12-19 18:38:53,746 [a138d61e-33be-4034-b658-559812d9cbdd@group-6C568F008C3A-LeaderElection10] INFO  server.RaftServerConfigKeys (ConfUtils.java:logGet(46)) - raft.server.staging.catchup.gap = 1000 (default)
2022-12-19 18:38:53,746 [a138d61e-33be-4034-b658-559812d9cbdd@group-6C568F008C3A-LeaderElection10] INFO  server.RaftServerConfigKeys (ConfUtils.java:logGet(46)) - raft.server.write.element-limit = 1024 (custom)
2022-12-19 18:38:53,746 [a138d61e-33be-4034-b658-559812d9cbdd@group-6C568F008C3A-LeaderElection10] INFO  server.RaftServerConfigKeys (ConfUtils.java:logGet(46)) - raft.server.write.byte-limit = 1024 M (=1073741824) (custom)
2022-12-19 18:38:53,746 [a138d61e-33be-4034-b658-559812d9cbdd@group-6C568F008C3A-LeaderElection10] INFO  server.RaftServerConfigKeys (ConfUtils.java:logGet(46)) - raft.server.watch.timeout = 180s (custom)
2022-12-19 18:38:53,746 [a138d61e-33be-4034-b658-559812d9cbdd@group-6C568F008C3A-LeaderElection10] INFO  server.RaftServerConfigKeys (ConfUtils.java:logGet(46)) - raft.server.watch.timeout.denomination = 1s (default)
2022-12-19 18:38:53,746 [a138d61e-33be-4034-b658-559812d9cbdd@group-6C568F008C3A-LeaderElection10] INFO  server.RaftServerConfigKeys (ConfUtils.java:logGet(46)) - raft.server.watch.element-limit = 65536 (default)
2022-12-19 18:38:53,747 [a138d61e-33be-4034-b658-559812d9cbdd@group-6C568F008C3A-LeaderElection10] INFO  server.RaftServerConfigKeys (ConfUtils.java:logGet(46)) - raft.server.write.element-limit = 1024 (custom)
2022-12-19 18:38:53,747 [a138d61e-33be-4034-b658-559812d9cbdd@group-6C568F008C3A-LeaderElection10] INFO  server.RaftServerConfigKeys (ConfUtils.java:logGet(46)) - raft.server.write.follower.gap.ratio.max = -1.0 (default)
2022-12-19 18:38:53,747 [a138d61e-33be-4034-b658-559812d9cbdd@group-6C568F008C3A-LeaderElection10] INFO  server.RaftServerConfigKeys (ConfUtils.java:logGet(46)) - raft.server.log.appender.snapshot.chunk.size.max = 16MB (=16777216) (default)
2022-12-19 18:38:53,747 [a138d61e-33be-4034-b658-559812d9cbdd@group-6C568F008C3A-LeaderElection10] INFO  server.RaftServerConfigKeys (ConfUtils.java:logGet(46)) - raft.server.log.appender.buffer.byte-limit = 33554432 (custom)
2022-12-19 18:38:53,747 [a138d61e-33be-4034-b658-559812d9cbdd@group-6C568F008C3A-LeaderElection10] INFO  server.RaftServerConfigKeys (ConfUtils.java:logGet(46)) - raft.server.log.appender.buffer.element-limit = 1 (custom)
2022-12-19 18:38:53,747 [a138d61e-33be-4034-b658-559812d9cbdd@group-6C568F008C3A-LeaderElection10] INFO  grpc.GrpcConfigKeys (ConfUtils.java:logGet(46)) - raft.grpc.server.leader.outstanding.appends.max = 128 (default)
2022-12-19 18:38:53,747 [a138d61e-33be-4034-b658-559812d9cbdd@group-6C568F008C3A-LeaderElection10] INFO  server.RaftServerConfigKeys (ConfUtils.java:logGet(46)) - raft.server.rpc.request.timeout = 60s (custom)
2022-12-19 18:38:53,747 [a138d61e-33be-4034-b658-559812d9cbdd@group-6C568F008C3A-LeaderElection10] INFO  server.RaftServerConfigKeys (ConfUtils.java:logGet(46)) - raft.server.log.appender.install.snapshot.enabled = false (custom)
2022-12-19 18:38:53,748 [a138d61e-33be-4034-b658-559812d9cbdd@group-6C568F008C3A-LeaderElection10] INFO  grpc.GrpcConfigKeys (ConfUtils.java:logGet(46)) - raft.grpc.server.heartbeat.channel = true (default)
2022-12-19 18:38:53,748 [a138d61e-33be-4034-b658-559812d9cbdd@group-6C568F008C3A-LeaderElection10] INFO  server.RaftServerConfigKeys (ConfUtils.java:logGet(46)) - raft.server.log.appender.wait-time.min = 10ms (default)
2022-12-19 18:38:53,752 [EventQueue-PipelineReportForPipelineReportHandler] INFO  pipeline.PipelineManagerImpl (PipelineManagerImpl.java:openPipeline(367)) - Pipeline Pipeline[ Id: f2fe750a-536e-4391-947d-6c568f008c3a, Nodes: a138d61e-33be-4034-b658-559812d9cbdd{ip: 10.1.0.24, host: fv-az353-760.tkyx2seitsuu3nmpmouz2httfb.bx.internal.cloudapp.net, ports: [REPLICATION=38045, RATIS=45397, RATIS_ADMIN=45397, RATIS_SERVER=45397, RATIS_DATASTREAM=37159, STANDALONE=42919], networkLocation: /default-rack, certSerialId: null, persistedOpState: IN_SERVICE, persistedOpStateExpiryEpochSec: 0}577e0dac-7593-4640-b9aa-fa89f15259b7{ip: 10.1.0.24, host: fv-az353-760.tkyx2seitsuu3nmpmouz2httfb.bx.internal.cloudapp.net, ports: [REPLICATION=37597, RATIS=45135, RATIS_ADMIN=45135, RATIS_SERVER=45135, RATIS_DATASTREAM=40327, STANDALONE=45333], networkLocation: /default-rack, certSerialId: null, persistedOpState: IN_SERVICE, persistedOpStateExpiryEpochSec: 0}53431d8f-156a-4a42-8637-9d4e156967ab{ip: 10.1.0.24, host: fv-az353-760.tkyx2seitsuu3nmpmouz2httfb.bx.internal.cloudapp.net, ports: [REPLICATION=39375, RATIS=42575, RATIS_ADMIN=42575, RATIS_SERVER=42575, RATIS_DATASTREAM=37095, STANDALONE=40771], networkLocation: /default-rack, certSerialId: null, persistedOpState: IN_SERVICE, persistedOpStateExpiryEpochSec: 0}, ReplicationConfig: RATIS/THREE, State:ALLOCATED, leaderId:a138d61e-33be-4034-b658-559812d9cbdd, CreationTimestamp2022-12-19T18:38:45.903Z[Etc/UTC]] moved to OPEN state
2022-12-19 18:38:53,752 [EventQueue-CommandQueueReportForCommandQueueReportHandler] WARN  events.EventQueue (EventQueue.java:fireEvent(216)) - No event handler registered for event TypedEvent{payloadType=DatanodeDetails, name='Datanode_Command_Queue_Updated'}
2022-12-19 18:38:53,753 [a138d61e-33be-4034-b658-559812d9cbdd@group-6C568F008C3A-LeaderElection10] INFO  server.RaftServerConfigKeys (ConfUtils.java:logGet(46)) - raft.server.log.appender.snapshot.chunk.size.max = 16MB (=16777216) (default)
2022-12-19 18:38:53,753 [a138d61e-33be-4034-b658-559812d9cbdd@group-6C568F008C3A-LeaderElection10] INFO  server.RaftServerConfigKeys (ConfUtils.java:logGet(46)) - raft.server.log.appender.buffer.byte-limit = 33554432 (custom)
2022-12-19 18:38:53,753 [a138d61e-33be-4034-b658-559812d9cbdd@group-6C568F008C3A-LeaderElection10] INFO  server.RaftServerConfigKeys (ConfUtils.java:logGet(46)) - raft.server.log.appender.buffer.element-limit = 1 (custom)
2022-12-19 18:38:53,753 [a138d61e-33be-4034-b658-559812d9cbdd@group-6C568F008C3A-LeaderElection10] INFO  grpc.GrpcConfigKeys (ConfUtils.java:logGet(46)) - raft.grpc.server.leader.outstanding.appends.max = 128 (default)
2022-12-19 18:38:53,753 [a138d61e-33be-4034-b658-559812d9cbdd@group-6C568F008C3A-LeaderElection10] INFO  server.RaftServerConfigKeys (ConfUtils.java:logGet(46)) - raft.server.rpc.request.timeout = 60s (custom)
2022-12-19 18:38:53,753 [a138d61e-33be-4034-b658-559812d9cbdd@group-6C568F008C3A-LeaderElection10] INFO  server.RaftServerConfigKeys (ConfUtils.java:logGet(46)) - raft.server.log.appender.install.snapshot.enabled = false (custom)
2022-12-19 18:38:53,753 [a138d61e-33be-4034-b658-559812d9cbdd@group-6C568F008C3A-LeaderElection10] INFO  grpc.GrpcConfigKeys (ConfUtils.java:logGet(46)) - raft.grpc.server.heartbeat.channel = true (default)
2022-12-19 18:38:53,753 [a138d61e-33be-4034-b658-559812d9cbdd@group-6C568F008C3A-LeaderElection10] INFO  server.RaftServerConfigKeys (ConfUtils.java:logGet(46)) - raft.server.log.appender.wait-time.min = 10ms (default)
2022-12-19 18:38:53,753 [a138d61e-33be-4034-b658-559812d9cbdd@group-6C568F008C3A-LeaderElection10] INFO  impl.RoleInfo (RoleInfo.java:updateAndGet(139)) - a138d61e-33be-4034-b658-559812d9cbdd: start a138d61e-33be-4034-b658-559812d9cbdd@group-6C568F008C3A-LeaderStateImpl
2022-12-19 18:38:53,754 [a138d61e-33be-4034-b658-559812d9cbdd@group-6C568F008C3A-LeaderElection10] INFO  segmented.SegmentedRaftLogWorker (SegmentedRaftLogWorker.java:startLogSegment(452)) - a138d61e-33be-4034-b658-559812d9cbdd@group-6C568F008C3A-SegmentedRaftLogWorker: Starting segment from index:0
2022-12-19 18:38:53,755 [a138d61e-33be-4034-b658-559812d9cbdd@group-6C568F008C3A-SegmentedRaftLogWorker] INFO  segmented.SegmentedRaftLogWorker (SegmentedRaftLogWorker.java:execute(656)) - a138d61e-33be-4034-b658-559812d9cbdd@group-6C568F008C3A-SegmentedRaftLogWorker: created new log segment /home/runner/work/ozone/ozone/hadoop-ozone/integration-test/target/test-dir/MiniOzoneClusterImpl-11542299-c030-49ce-a1ef-33f98f34fc6c/datanode-4/data/ratis/f2fe750a-536e-4391-947d-6c568f008c3a/current/log_inprogress_0
2022-12-19 18:38:53,762 [a138d61e-33be-4034-b658-559812d9cbdd@group-6C568F008C3A-LeaderElection10] INFO  server.RaftServer$Division (ServerState.java:setRaftConf(430)) - a138d61e-33be-4034-b658-559812d9cbdd@group-6C568F008C3A: set configuration 0: peers:[a138d61e-33be-4034-b658-559812d9cbdd|rpc:10.1.0.24:45397|dataStream:10.1.0.24:37159|priority:1|startupRole:FOLLOWER, 53431d8f-156a-4a42-8637-9d4e156967ab|rpc:10.1.0.24:42575|dataStream:10.1.0.24:37095|priority:0|startupRole:FOLLOWER, 577e0dac-7593-4640-b9aa-fa89f15259b7|rpc:10.1.0.24:45135|dataStream:10.1.0.24:40327|priority:0|startupRole:FOLLOWER]|listeners:[], old=null
2022-12-19 18:38:53,771 [577e0dac-7593-4640-b9aa-fa89f15259b7-server-thread1] INFO  ratis.XceiverServerRatis (XceiverServerRatis.java:handleLeaderChangedNotification(904)) - Leader change notification received for group: group-6C568F008C3A with new leaderId: a138d61e-33be-4034-b658-559812d9cbdd
2022-12-19 18:38:53,771 [577e0dac-7593-4640-b9aa-fa89f15259b7-server-thread1] INFO  server.RaftServer$Division (ServerState.java:setLeader(313)) - 577e0dac-7593-4640-b9aa-fa89f15259b7@group-6C568F008C3A: change Leader from null to a138d61e-33be-4034-b658-559812d9cbdd at term 1 for appendEntries, leader elected after 5068ms
2022-12-19 18:38:53,780 [577e0dac-7593-4640-b9aa-fa89f15259b7-server-thread1] INFO  server.RaftServer$Division (ServerState.java:setRaftConf(430)) - 577e0dac-7593-4640-b9aa-fa89f15259b7@group-6C568F008C3A: set configuration 0: peers:[a138d61e-33be-4034-b658-559812d9cbdd|rpc:10.1.0.24:45397|dataStream:10.1.0.24:37159|priority:1|startupRole:FOLLOWER, 53431d8f-156a-4a42-8637-9d4e156967ab|rpc:10.1.0.24:42575|dataStream:10.1.0.24:37095|priority:0|startupRole:FOLLOWER, 577e0dac-7593-4640-b9aa-fa89f15259b7|rpc:10.1.0.24:45135|dataStream:10.1.0.24:40327|priority:0|startupRole:FOLLOWER]|listeners:[], old=null
2022-12-19 18:38:53,780 [577e0dac-7593-4640-b9aa-fa89f15259b7-server-thread1] INFO  segmented.SegmentedRaftLogWorker (SegmentedRaftLogWorker.java:startLogSegment(452)) - 577e0dac-7593-4640-b9aa-fa89f15259b7@group-6C568F008C3A-SegmentedRaftLogWorker: Starting segment from index:0
2022-12-19 18:38:53,782 [577e0dac-7593-4640-b9aa-fa89f15259b7@group-6C568F008C3A-SegmentedRaftLogWorker] INFO  segmented.SegmentedRaftLogWorker (SegmentedRaftLogWorker.java:execute(656)) - 577e0dac-7593-4640-b9aa-fa89f15259b7@group-6C568F008C3A-SegmentedRaftLogWorker: created new log segment /home/runner/work/ozone/ozone/hadoop-ozone/integration-test/target/test-dir/MiniOzoneClusterImpl-11542299-c030-49ce-a1ef-33f98f34fc6c/datanode-5/data/ratis/f2fe750a-536e-4391-947d-6c568f008c3a/current/log_inprogress_0
2022-12-19 18:38:53,784 [53431d8f-156a-4a42-8637-9d4e156967ab-server-thread1] INFO  ratis.XceiverServerRatis (XceiverServerRatis.java:handleLeaderChangedNotification(904)) - Leader change notification received for group: group-6C568F008C3A with new leaderId: a138d61e-33be-4034-b658-559812d9cbdd
2022-12-19 18:38:53,784 [53431d8f-156a-4a42-8637-9d4e156967ab-server-thread1] INFO  server.RaftServer$Division (ServerState.java:setLeader(313)) - 53431d8f-156a-4a42-8637-9d4e156967ab@group-6C568F008C3A: change Leader from null to a138d61e-33be-4034-b658-559812d9cbdd at term 1 for appendEntries, leader elected after 5060ms
2022-12-19 18:38:53,785 [53431d8f-156a-4a42-8637-9d4e156967ab-server-thread1] INFO  server.RaftServer$Division (ServerState.java:setRaftConf(430)) - 53431d8f-156a-4a42-8637-9d4e156967ab@group-6C568F008C3A: set configuration 0: peers:[a138d61e-33be-4034-b658-559812d9cbdd|rpc:10.1.0.24:45397|dataStream:10.1.0.24:37159|priority:1|startupRole:FOLLOWER, 53431d8f-156a-4a42-8637-9d4e156967ab|rpc:10.1.0.24:42575|dataStream:10.1.0.24:37095|priority:0|startupRole:FOLLOWER, 577e0dac-7593-4640-b9aa-fa89f15259b7|rpc:10.1.0.24:45135|dataStream:10.1.0.24:40327|priority:0|startupRole:FOLLOWER]|listeners:[], old=null
2022-12-19 18:38:53,785 [53431d8f-156a-4a42-8637-9d4e156967ab-server-thread1] INFO  segmented.SegmentedRaftLogWorker (SegmentedRaftLogWorker.java:startLogSegment(452)) - 53431d8f-156a-4a42-8637-9d4e156967ab@group-6C568F008C3A-SegmentedRaftLogWorker: Starting segment from index:0
2022-12-19 18:38:53,786 [53431d8f-156a-4a42-8637-9d4e156967ab@group-6C568F008C3A-SegmentedRaftLogWorker] INFO  segmented.SegmentedRaftLogWorker (SegmentedRaftLogWorker.java:execute(656)) - 53431d8f-156a-4a42-8637-9d4e156967ab@group-6C568F008C3A-SegmentedRaftLogWorker: created new log segment /home/runner/work/ozone/ozone/hadoop-ozone/integration-test/target/test-dir/MiniOzoneClusterImpl-11542299-c030-49ce-a1ef-33f98f34fc6c/datanode-3/data/ratis/f2fe750a-536e-4391-947d-6c568f008c3a/current/log_inprogress_0
2022-12-19 18:38:54,016 [577e0dac-7593-4640-b9aa-fa89f15259b7@group-A3E775AA6C15-FollowerState] INFO  impl.FollowerState (FollowerState.java:run(143)) - 577e0dac-7593-4640-b9aa-fa89f15259b7@group-A3E775AA6C15-FollowerState: change to CANDIDATE, lastRpcElapsedTime:5105494720ns, electionTimeout:5105ms
2022-12-19 18:38:54,016 [577e0dac-7593-4640-b9aa-fa89f15259b7@group-A3E775AA6C15-FollowerState] INFO  impl.RoleInfo (RoleInfo.java:shutdownFollowerState(110)) - 577e0dac-7593-4640-b9aa-fa89f15259b7: shutdown 577e0dac-7593-4640-b9aa-fa89f15259b7@group-A3E775AA6C15-FollowerState
2022-12-19 18:38:54,016 [577e0dac-7593-4640-b9aa-fa89f15259b7@group-A3E775AA6C15-FollowerState] INFO  server.RaftServer$Division (RaftServerImpl.java:setRole(321)) - 577e0dac-7593-4640-b9aa-fa89f15259b7@group-A3E775AA6C15: changes role from  FOLLOWER to CANDIDATE at term 0 for changeToCandidate
2022-12-19 18:38:54,016 [577e0dac-7593-4640-b9aa-fa89f15259b7@group-A3E775AA6C15-FollowerState] INFO  server.RaftServerConfigKeys (ConfUtils.java:logGet(46)) - raft.server.leaderelection.pre-vote = false (custom)
2022-12-19 18:38:54,016 [577e0dac-7593-4640-b9aa-fa89f15259b7@group-A3E775AA6C15-FollowerState] INFO  impl.RoleInfo (RoleInfo.java:updateAndGet(139)) - 577e0dac-7593-4640-b9aa-fa89f15259b7: start 577e0dac-7593-4640-b9aa-fa89f15259b7@group-A3E775AA6C15-LeaderElection11
2022-12-19 18:38:54,020 [577e0dac-7593-4640-b9aa-fa89f15259b7@group-A3E775AA6C15-LeaderElection11] INFO  impl.LeaderElection (LeaderElection.java:askForVotes(312)) - 577e0dac-7593-4640-b9aa-fa89f15259b7@group-A3E775AA6C15-LeaderElection11 ELECTION round 0: submit vote requests at term 1 for -1: peers:[577e0dac-7593-4640-b9aa-fa89f15259b7|rpc:10.1.0.24:45135|dataStream:10.1.0.24:40327|priority:1|startupRole:FOLLOWER]|listeners:[], old=null
2022-12-19 18:38:54,020 [577e0dac-7593-4640-b9aa-fa89f15259b7@group-A3E775AA6C15-LeaderElection11] INFO  impl.LeaderElection (LeaderElection.java:askForVotes(314)) - 577e0dac-7593-4640-b9aa-fa89f15259b7@group-A3E775AA6C15-LeaderElection11 ELECTION round 0: result PASSED (term=1)
2022-12-19 18:38:54,020 [577e0dac-7593-4640-b9aa-fa89f15259b7@group-A3E775AA6C15-LeaderElection11] INFO  impl.RoleInfo (RoleInfo.java:shutdownLeaderElection(130)) - 577e0dac-7593-4640-b9aa-fa89f15259b7: shutdown 577e0dac-7593-4640-b9aa-fa89f15259b7@group-A3E775AA6C15-LeaderElection11
2022-12-19 18:38:54,021 [577e0dac-7593-4640-b9aa-fa89f15259b7@group-A3E775AA6C15-LeaderElection11] INFO  server.RaftServer$Division (RaftServerImpl.java:setRole(321)) - 577e0dac-7593-4640-b9aa-fa89f15259b7@group-A3E775AA6C15: changes role from CANDIDATE to LEADER at term 1 for changeToLeader
2022-12-19 18:38:54,021 [577e0dac-7593-4640-b9aa-fa89f15259b7@group-A3E775AA6C15-LeaderElection11] INFO  ratis.XceiverServerRatis (XceiverServerRatis.java:handleLeaderChangedNotification(904)) - Leader change notification received for group: group-A3E775AA6C15 with new leaderId: 577e0dac-7593-4640-b9aa-fa89f15259b7
2022-12-19 18:38:54,021 [577e0dac-7593-4640-b9aa-fa89f15259b7@group-A3E775AA6C15-LeaderElection11] INFO  server.RaftServer$Division (ServerState.java:setLeader(313)) - 577e0dac-7593-4640-b9aa-fa89f15259b7@group-A3E775AA6C15: change Leader from null to 577e0dac-7593-4640-b9aa-fa89f15259b7 at term 1 for becomeLeader, leader elected after 5123ms
2022-12-19 18:38:54,021 [577e0dac-7593-4640-b9aa-fa89f15259b7@group-A3E775AA6C15-LeaderElection11] INFO  server.RaftServerConfigKeys (ConfUtils.java:logGet(46)) - raft.server.staging.catchup.gap = 1000 (default)
2022-12-19 18:38:54,021 [577e0dac-7593-4640-b9aa-fa89f15259b7@group-A3E775AA6C15-LeaderElection11] INFO  server.RaftServerConfigKeys (ConfUtils.java:logGet(46)) - raft.server.write.element-limit = 1024 (custom)
2022-12-19 18:38:54,021 [577e0dac-7593-4640-b9aa-fa89f15259b7@group-A3E775AA6C15-LeaderElection11] INFO  server.RaftServerConfigKeys (ConfUtils.java:logGet(46)) - raft.server.write.byte-limit = 1024 M (=1073741824) (custom)
2022-12-19 18:38:54,022 [EventQueue-CommandQueueReportForCommandQueueReportHandler] WARN  events.EventQueue (EventQueue.java:fireEvent(216)) - No event handler registered for event TypedEvent{payloadType=DatanodeDetails, name='Datanode_Command_Queue_Updated'}
2022-12-19 18:38:54,023 [577e0dac-7593-4640-b9aa-fa89f15259b7@group-A3E775AA6C15-LeaderElection11] INFO  server.RaftServerConfigKeys (ConfUtils.java:logGet(46)) - raft.server.watch.timeout = 180s (custom)
2022-12-19 18:38:54,024 [577e0dac-7593-4640-b9aa-fa89f15259b7@group-A3E775AA6C15-LeaderElection11] INFO  server.RaftServerConfigKeys (ConfUtils.java:logGet(46)) - raft.server.watch.timeout.denomination = 1s (default)
2022-12-19 18:38:54,024 [577e0dac-7593-4640-b9aa-fa89f15259b7@group-A3E775AA6C15-LeaderElection11] INFO  server.RaftServerConfigKeys (ConfUtils.java:logGet(46)) - raft.server.watch.element-limit = 65536 (default)
2022-12-19 18:38:54,024 [577e0dac-7593-4640-b9aa-fa89f15259b7@group-A3E775AA6C15-LeaderElection11] INFO  server.RaftServerConfigKeys (ConfUtils.java:logGet(46)) - raft.server.write.element-limit = 1024 (custom)
2022-12-19 18:38:54,024 [577e0dac-7593-4640-b9aa-fa89f15259b7@group-A3E775AA6C15-LeaderElection11] INFO  server.RaftServerConfigKeys (ConfUtils.java:logGet(46)) - raft.server.write.follower.gap.ratio.max = -1.0 (default)
2022-12-19 18:38:54,024 [577e0dac-7593-4640-b9aa-fa89f15259b7@group-A3E775AA6C15-LeaderElection11] INFO  impl.RoleInfo (RoleInfo.java:updateAndGet(139)) - 577e0dac-7593-4640-b9aa-fa89f15259b7: start 577e0dac-7593-4640-b9aa-fa89f15259b7@group-A3E775AA6C15-LeaderStateImpl
2022-12-19 18:38:54,024 [577e0dac-7593-4640-b9aa-fa89f15259b7@group-A3E775AA6C15-LeaderElection11] INFO  segmented.SegmentedRaftLogWorker (SegmentedRaftLogWorker.java:startLogSegment(452)) - 577e0dac-7593-4640-b9aa-fa89f15259b7@group-A3E775AA6C15-SegmentedRaftLogWorker: Starting segment from index:0
2022-12-19 18:38:54,028 [577e0dac-7593-4640-b9aa-fa89f15259b7@group-A3E775AA6C15-LeaderElection11] INFO  server.RaftServer$Division (ServerState.java:setRaftConf(430)) - 577e0dac-7593-4640-b9aa-fa89f15259b7@group-A3E775AA6C15: set configuration 0: peers:[577e0dac-7593-4640-b9aa-fa89f15259b7|rpc:10.1.0.24:45135|dataStream:10.1.0.24:40327|priority:1|startupRole:FOLLOWER]|listeners:[], old=null
2022-12-19 18:38:54,028 [577e0dac-7593-4640-b9aa-fa89f15259b7@group-A3E775AA6C15-SegmentedRaftLogWorker] INFO  segmented.SegmentedRaftLogWorker (SegmentedRaftLogWorker.java:execute(656)) - 577e0dac-7593-4640-b9aa-fa89f15259b7@group-A3E775AA6C15-SegmentedRaftLogWorker: created new log segment /home/runner/work/ozone/ozone/hadoop-ozone/integration-test/target/test-dir/MiniOzoneClusterImpl-11542299-c030-49ce-a1ef-33f98f34fc6c/datanode-5/data/ratis/ede34861-58fc-4f13-beda-a3e775aa6c15/current/log_inprogress_0
2022-12-19 18:38:54,192 [EventQueue-CommandQueueReportForCommandQueueReportHandler] WARN  events.EventQueue (EventQueue.java:fireEvent(216)) - No event handler registered for event TypedEvent{payloadType=DatanodeDetails, name='Datanode_Command_Queue_Updated'}
2022-12-19 18:38:55,007 [EventQueue-CommandQueueReportForCommandQueueReportHandler] WARN  events.EventQueue (EventQueue.java:fireEvent(216)) - No event handler registered for event TypedEvent{payloadType=DatanodeDetails, name='Datanode_Command_Queue_Updated'}
2022-12-19 18:38:55,011 [Command processor thread] INFO  server.RaftServer (RaftServerProxy.java:remove(107)) - 6ea35c1f-1714-407c-a38f-a2791a2eb8d3: remove  FOLLOWER 6ea35c1f-1714-407c-a38f-a2791a2eb8d3@group-FEA4670F50BE:t1, leader=89d730ca-c741-4fc9-afaf-179ceaf5b2b4, voted=89d730ca-c741-4fc9-afaf-179ceaf5b2b4, raftlog=Memoized:6ea35c1f-1714-407c-a38f-a2791a2eb8d3@group-FEA4670F50BE-SegmentedRaftLog:OPENED:c0, conf=0: peers:[89d730ca-c741-4fc9-afaf-179ceaf5b2b4|rpc:10.1.0.24:40319|dataStream:10.1.0.24:35251|priority:1|startupRole:FOLLOWER, 91d78431-6cd7-4796-a346-e9fe01a1de12|rpc:10.1.0.24:43619|dataStream:10.1.0.24:33445|priority:0|startupRole:FOLLOWER, 6ea35c1f-1714-407c-a38f-a2791a2eb8d3|rpc:10.1.0.24:34213|dataStream:10.1.0.24:36469|priority:0|startupRole:FOLLOWER]|listeners:[], old=null RUNNING
2022-12-19 18:38:55,012 [Command processor thread] INFO  server.RaftServer$Division (RaftServerImpl.java:lambda$close$4(458)) - 6ea35c1f-1714-407c-a38f-a2791a2eb8d3@group-FEA4670F50BE: shutdown
2022-12-19 18:38:55,012 [Command processor thread] INFO  util.JmxRegister (JmxRegister.java:unregister(73)) - Successfully un-registered JMX Bean with object name Ratis:service=RaftServer,group=group-FEA4670F50BE,id=6ea35c1f-1714-407c-a38f-a2791a2eb8d3
2022-12-19 18:38:55,013 [Command processor thread] INFO  impl.RoleInfo (RoleInfo.java:shutdownFollowerState(110)) - 6ea35c1f-1714-407c-a38f-a2791a2eb8d3: shutdown 6ea35c1f-1714-407c-a38f-a2791a2eb8d3@group-FEA4670F50BE-FollowerState
2022-12-19 18:38:55,013 [Command processor thread] INFO  impl.StateMachineUpdater (StateMachineUpdater.java:stopAndJoin(153)) - 6ea35c1f-1714-407c-a38f-a2791a2eb8d3@group-FEA4670F50BE-StateMachineUpdater: set stopIndex = 0
2022-12-19 18:38:55,013 [6ea35c1f-1714-407c-a38f-a2791a2eb8d3@group-FEA4670F50BE-FollowerState] INFO  impl.FollowerState (FollowerState.java:run(152)) - 6ea35c1f-1714-407c-a38f-a2791a2eb8d3@group-FEA4670F50BE-FollowerState was interrupted
2022-12-19 18:38:55,015 [6ea35c1f-1714-407c-a38f-a2791a2eb8d3@group-FEA4670F50BE-StateMachineUpdater] INFO  ratis.ContainerStateMachine (ContainerStateMachine.java:takeSnapshot(308)) - group-FEA4670F50BE: Taking a snapshot at:(t:1, i:0) file /home/runner/work/ozone/ozone/hadoop-ozone/integration-test/target/test-dir/MiniOzoneClusterImpl-11542299-c030-49ce-a1ef-33f98f34fc6c/datanode-2/data/ratis/cf0d6ba1-a770-43ee-a51c-fea4670f50be/sm/snapshot.1_0
2022-12-19 18:38:55,056 [6ea35c1f-1714-407c-a38f-a2791a2eb8d3@group-FEA4670F50BE-StateMachineUpdater] INFO  ratis.ContainerStateMachine (ContainerStateMachine.java:takeSnapshot(319)) - group-FEA4670F50BE: Finished taking a snapshot at:(t:1, i:0) file:/home/runner/work/ozone/ozone/hadoop-ozone/integration-test/target/test-dir/MiniOzoneClusterImpl-11542299-c030-49ce-a1ef-33f98f34fc6c/datanode-2/data/ratis/cf0d6ba1-a770-43ee-a51c-fea4670f50be/sm/snapshot.1_0 took: 42 ms
2022-12-19 18:38:55,058 [6ea35c1f-1714-407c-a38f-a2791a2eb8d3@group-FEA4670F50BE-StateMachineUpdater] INFO  impl.StateMachineUpdater (StateMachineUpdater.java:takeSnapshot(287)) - 6ea35c1f-1714-407c-a38f-a2791a2eb8d3@group-FEA4670F50BE-StateMachineUpdater: Took a snapshot at index 0
2022-12-19 18:38:55,059 [6ea35c1f-1714-407c-a38f-a2791a2eb8d3@group-FEA4670F50BE-StateMachineUpdater] INFO  impl.StateMachineUpdater (StateMachineUpdater.java:lambda$new$0(92)) - 6ea35c1f-1714-407c-a38f-a2791a2eb8d3@group-FEA4670F50BE-StateMachineUpdater: snapshotIndex: updateIncreasingly -1 -> 0
2022-12-19 18:38:55,062 [Command processor thread] INFO  server.RaftServer$Division (ServerState.java:close(466)) - 6ea35c1f-1714-407c-a38f-a2791a2eb8d3@group-FEA4670F50BE: closes. applyIndex: 0
2022-12-19 18:38:55,063 [6ea35c1f-1714-407c-a38f-a2791a2eb8d3@group-FEA4670F50BE-SegmentedRaftLogWorker] INFO  segmented.SegmentedRaftLogWorker (SegmentedRaftLogWorker.java:run(347)) - 6ea35c1f-1714-407c-a38f-a2791a2eb8d3@group-FEA4670F50BE-SegmentedRaftLogWorker was interrupted, exiting. There are 0 tasks remaining in the queue.
2022-12-19 18:38:55,065 [Command processor thread] INFO  segmented.SegmentedRaftLogWorker (SegmentedRaftLogWorker.java:close(257)) - 6ea35c1f-1714-407c-a38f-a2791a2eb8d3@group-FEA4670F50BE-SegmentedRaftLogWorker close()
2022-12-19 18:38:55,069 [Command processor thread] INFO  server.RaftServer$Division (RaftServerImpl.java:groupRemove(428)) - 6ea35c1f-1714-407c-a38f-a2791a2eb8d3@group-FEA4670F50BE: Succeed to remove RaftStorageDirectory Storage Directory /home/runner/work/ozone/ozone/hadoop-ozone/integration-test/target/test-dir/MiniOzoneClusterImpl-11542299-c030-49ce-a1ef-33f98f34fc6c/datanode-2/data/ratis/cf0d6ba1-a770-43ee-a51c-fea4670f50be
2022-12-19 18:38:55,069 [Command processor thread] INFO  commandhandler.ClosePipelineCommandHandler (ClosePipelineCommandHandler.java:handle(78)) - Close Pipeline PipelineID=cf0d6ba1-a770-43ee-a51c-fea4670f50be command on datanode 6ea35c1f-1714-407c-a38f-a2791a2eb8d3.
2022-12-19 18:38:55,070 [Command processor thread] INFO  server.RaftServer (RaftServerProxy.java:remove(107)) - 6ea35c1f-1714-407c-a38f-a2791a2eb8d3: remove  FOLLOWER 6ea35c1f-1714-407c-a38f-a2791a2eb8d3@group-9E02B72A4E3C:t1, leader=91d78431-6cd7-4796-a346-e9fe01a1de12, voted=91d78431-6cd7-4796-a346-e9fe01a1de12, raftlog=Memoized:6ea35c1f-1714-407c-a38f-a2791a2eb8d3@group-9E02B72A4E3C-SegmentedRaftLog:OPENED:c0, conf=0: peers:[89d730ca-c741-4fc9-afaf-179ceaf5b2b4|rpc:10.1.0.24:40319|dataStream:10.1.0.24:35251|priority:0|startupRole:FOLLOWER, 91d78431-6cd7-4796-a346-e9fe01a1de12|rpc:10.1.0.24:43619|dataStream:10.1.0.24:33445|priority:1|startupRole:FOLLOWER, 6ea35c1f-1714-407c-a38f-a2791a2eb8d3|rpc:10.1.0.24:34213|dataStream:10.1.0.24:36469|priority:0|startupRole:FOLLOWER]|listeners:[], old=null RUNNING
2022-12-19 18:38:55,070 [Command processor thread] INFO  server.RaftServer$Division (RaftServerImpl.java:lambda$close$4(458)) - 6ea35c1f-1714-407c-a38f-a2791a2eb8d3@group-9E02B72A4E3C: shutdown
2022-12-19 18:38:55,070 [Command processor thread] INFO  util.JmxRegister (JmxRegister.java:unregister(73)) - Successfully un-registered JMX Bean with object name Ratis:service=RaftServer,group=group-9E02B72A4E3C,id=6ea35c1f-1714-407c-a38f-a2791a2eb8d3
2022-12-19 18:38:55,070 [Command processor thread] INFO  impl.RoleInfo (RoleInfo.java:shutdownFollowerState(110)) - 6ea35c1f-1714-407c-a38f-a2791a2eb8d3: shutdown 6ea35c1f-1714-407c-a38f-a2791a2eb8d3@group-9E02B72A4E3C-FollowerState
2022-12-19 18:38:55,070 [6ea35c1f-1714-407c-a38f-a2791a2eb8d3@group-9E02B72A4E3C-FollowerState] INFO  impl.FollowerState (FollowerState.java:run(152)) - 6ea35c1f-1714-407c-a38f-a2791a2eb8d3@group-9E02B72A4E3C-FollowerState was interrupted
2022-12-19 18:38:55,070 [6ea35c1f-1714-407c-a38f-a2791a2eb8d3@group-9E02B72A4E3C-StateMachineUpdater] INFO  ratis.ContainerStateMachine (ContainerStateMachine.java:takeSnapshot(308)) - group-9E02B72A4E3C: Taking a snapshot at:(t:1, i:0) file /home/runner/work/ozone/ozone/hadoop-ozone/integration-test/target/test-dir/MiniOzoneClusterImpl-11542299-c030-49ce-a1ef-33f98f34fc6c/datanode-2/data/ratis/042af8b0-11d5-4451-92b4-9e02b72a4e3c/sm/snapshot.1_0
2022-12-19 18:38:55,070 [Command processor thread] INFO  impl.StateMachineUpdater (StateMachineUpdater.java:stopAndJoin(153)) - 6ea35c1f-1714-407c-a38f-a2791a2eb8d3@group-9E02B72A4E3C-StateMachineUpdater: set stopIndex = 0
2022-12-19 18:38:55,071 [6ea35c1f-1714-407c-a38f-a2791a2eb8d3@group-9E02B72A4E3C-StateMachineUpdater] INFO  ratis.ContainerStateMachine (ContainerStateMachine.java:takeSnapshot(319)) - group-9E02B72A4E3C: Finished taking a snapshot at:(t:1, i:0) file:/home/runner/work/ozone/ozone/hadoop-ozone/integration-test/target/test-dir/MiniOzoneClusterImpl-11542299-c030-49ce-a1ef-33f98f34fc6c/datanode-2/data/ratis/042af8b0-11d5-4451-92b4-9e02b72a4e3c/sm/snapshot.1_0 took: 0 ms
2022-12-19 18:38:55,071 [6ea35c1f-1714-407c-a38f-a2791a2eb8d3@group-9E02B72A4E3C-StateMachineUpdater] INFO  impl.StateMachineUpdater (StateMachineUpdater.java:takeSnapshot(287)) - 6ea35c1f-1714-407c-a38f-a2791a2eb8d3@group-9E02B72A4E3C-StateMachineUpdater: Took a snapshot at index 0
2022-12-19 18:38:55,071 [6ea35c1f-1714-407c-a38f-a2791a2eb8d3@group-9E02B72A4E3C-StateMachineUpdater] INFO  impl.StateMachineUpdater (StateMachineUpdater.java:lambda$new$0(92)) - 6ea35c1f-1714-407c-a38f-a2791a2eb8d3@group-9E02B72A4E3C-StateMachineUpdater: snapshotIndex: updateIncreasingly -1 -> 0
2022-12-19 18:38:55,071 [Command processor thread] INFO  server.RaftServer$Division (ServerState.java:close(466)) - 6ea35c1f-1714-407c-a38f-a2791a2eb8d3@group-9E02B72A4E3C: closes. applyIndex: 0
2022-12-19 18:38:55,071 [6ea35c1f-1714-407c-a38f-a2791a2eb8d3@group-9E02B72A4E3C-SegmentedRaftLogWorker] INFO  segmented.SegmentedRaftLogWorker (SegmentedRaftLogWorker.java:run(347)) - 6ea35c1f-1714-407c-a38f-a2791a2eb8d3@group-9E02B72A4E3C-SegmentedRaftLogWorker was interrupted, exiting. There are 0 tasks remaining in the queue.
2022-12-19 18:38:55,072 [Command processor thread] INFO  segmented.SegmentedRaftLogWorker (SegmentedRaftLogWorker.java:close(257)) - 6ea35c1f-1714-407c-a38f-a2791a2eb8d3@group-9E02B72A4E3C-SegmentedRaftLogWorker close()
2022-12-19 18:38:55,076 [Command processor thread] INFO  server.RaftServer$Division (RaftServerImpl.java:groupRemove(428)) - 6ea35c1f-1714-407c-a38f-a2791a2eb8d3@group-9E02B72A4E3C: Succeed to remove RaftStorageDirectory Storage Directory /home/runner/work/ozone/ozone/hadoop-ozone/integration-test/target/test-dir/MiniOzoneClusterImpl-11542299-c030-49ce-a1ef-33f98f34fc6c/datanode-2/data/ratis/042af8b0-11d5-4451-92b4-9e02b72a4e3c
2022-12-19 18:38:55,076 [Command processor thread] INFO  commandhandler.ClosePipelineCommandHandler (ClosePipelineCommandHandler.java:handle(78)) - Close Pipeline PipelineID=042af8b0-11d5-4451-92b4-9e02b72a4e3c command on datanode 6ea35c1f-1714-407c-a38f-a2791a2eb8d3.
2022-12-19 18:38:55,084 [EventQueue-CommandQueueReportForCommandQueueReportHandler] WARN  events.EventQueue (EventQueue.java:fireEvent(216)) - No event handler registered for event TypedEvent{payloadType=DatanodeDetails, name='Datanode_Command_Queue_Updated'}
2022-12-19 18:38:55,190 [Command processor thread] INFO  server.RaftServer (RaftServerProxy.java:remove(107)) - 89d730ca-c741-4fc9-afaf-179ceaf5b2b4: remove    LEADER 89d730ca-c741-4fc9-afaf-179ceaf5b2b4@group-FEA4670F50BE:t1, leader=89d730ca-c741-4fc9-afaf-179ceaf5b2b4, voted=89d730ca-c741-4fc9-afaf-179ceaf5b2b4, raftlog=Memoized:89d730ca-c741-4fc9-afaf-179ceaf5b2b4@group-FEA4670F50BE-SegmentedRaftLog:OPENED:c0, conf=0: peers:[89d730ca-c741-4fc9-afaf-179ceaf5b2b4|rpc:10.1.0.24:40319|dataStream:10.1.0.24:35251|priority:1|startupRole:FOLLOWER, 91d78431-6cd7-4796-a346-e9fe01a1de12|rpc:10.1.0.24:43619|dataStream:10.1.0.24:33445|priority:0|startupRole:FOLLOWER, 6ea35c1f-1714-407c-a38f-a2791a2eb8d3|rpc:10.1.0.24:34213|dataStream:10.1.0.24:36469|priority:0|startupRole:FOLLOWER]|listeners:[], old=null RUNNING
2022-12-19 18:38:55,191 [Command processor thread] INFO  server.RaftServer$Division (RaftServerImpl.java:lambda$close$4(458)) - 89d730ca-c741-4fc9-afaf-179ceaf5b2b4@group-FEA4670F50BE: shutdown
2022-12-19 18:38:55,191 [Command processor thread] INFO  util.JmxRegister (JmxRegister.java:unregister(73)) - Successfully un-registered JMX Bean with object name Ratis:service=RaftServer,group=group-FEA4670F50BE,id=89d730ca-c741-4fc9-afaf-179ceaf5b2b4
2022-12-19 18:38:55,191 [Command processor thread] INFO  impl.RoleInfo (RoleInfo.java:shutdownLeaderState(93)) - 89d730ca-c741-4fc9-afaf-179ceaf5b2b4: shutdown 89d730ca-c741-4fc9-afaf-179ceaf5b2b4@group-FEA4670F50BE-LeaderStateImpl
2022-12-19 18:38:55,191 [89d730ca-c741-4fc9-afaf-179ceaf5b2b4@group-FEA4670F50BE->91d78431-6cd7-4796-a346-e9fe01a1de12-GrpcLogAppender-LogAppenderDaemon] WARN  server.GrpcLogAppender (GrpcLogAppender.java:mayWait(200)) - 89d730ca-c741-4fc9-afaf-179ceaf5b2b4@group-FEA4670F50BE->91d78431-6cd7-4796-a346-e9fe01a1de12-GrpcLogAppender: Wait interrupted by java.lang.InterruptedException
2022-12-19 18:38:55,191 [Command processor thread] INFO  impl.PendingRequests (PendingRequests.java:sendNotLeaderResponses(282)) - 89d730ca-c741-4fc9-afaf-179ceaf5b2b4@group-FEA4670F50BE-PendingRequests: sendNotLeaderResponses
2022-12-19 18:38:55,192 [Command processor thread] INFO  impl.StateMachineUpdater (StateMachineUpdater.java:stopAndJoin(153)) - 89d730ca-c741-4fc9-afaf-179ceaf5b2b4@group-FEA4670F50BE-StateMachineUpdater: set stopIndex = 0
2022-12-19 18:38:55,193 [grpc-default-executor-1] INFO  server.GrpcServerProtocolService (GrpcServerProtocolService.java:onCompleted(143)) - 91d78431-6cd7-4796-a346-e9fe01a1de12: Completed APPEND_ENTRIES, lastRequest: null
2022-12-19 18:38:55,194 [89d730ca-c741-4fc9-afaf-179ceaf5b2b4@group-FEA4670F50BE-StateMachineUpdater] INFO  ratis.ContainerStateMachine (ContainerStateMachine.java:takeSnapshot(308)) - group-FEA4670F50BE: Taking a snapshot at:(t:1, i:0) file /home/runner/work/ozone/ozone/hadoop-ozone/integration-test/target/test-dir/MiniOzoneClusterImpl-11542299-c030-49ce-a1ef-33f98f34fc6c/datanode-0/data/ratis/cf0d6ba1-a770-43ee-a51c-fea4670f50be/sm/snapshot.1_0
2022-12-19 18:38:55,195 [89d730ca-c741-4fc9-afaf-179ceaf5b2b4@group-FEA4670F50BE-StateMachineUpdater] INFO  ratis.ContainerStateMachine (ContainerStateMachine.java:takeSnapshot(319)) - group-FEA4670F50BE: Finished taking a snapshot at:(t:1, i:0) file:/home/runner/work/ozone/ozone/hadoop-ozone/integration-test/target/test-dir/MiniOzoneClusterImpl-11542299-c030-49ce-a1ef-33f98f34fc6c/datanode-0/data/ratis/cf0d6ba1-a770-43ee-a51c-fea4670f50be/sm/snapshot.1_0 took: 2 ms
2022-12-19 18:38:55,196 [89d730ca-c741-4fc9-afaf-179ceaf5b2b4@group-FEA4670F50BE-StateMachineUpdater] INFO  impl.StateMachineUpdater (StateMachineUpdater.java:takeSnapshot(287)) - 89d730ca-c741-4fc9-afaf-179ceaf5b2b4@group-FEA4670F50BE-StateMachineUpdater: Took a snapshot at index 0
2022-12-19 18:38:55,196 [89d730ca-c741-4fc9-afaf-179ceaf5b2b4@group-FEA4670F50BE-StateMachineUpdater] INFO  impl.StateMachineUpdater (StateMachineUpdater.java:lambda$new$0(92)) - 89d730ca-c741-4fc9-afaf-179ceaf5b2b4@group-FEA4670F50BE-StateMachineUpdater: snapshotIndex: updateIncreasingly -1 -> 0
2022-12-19 18:38:55,196 [Command processor thread] INFO  server.RaftServer$Division (ServerState.java:close(466)) - 89d730ca-c741-4fc9-afaf-179ceaf5b2b4@group-FEA4670F50BE: closes. applyIndex: 0
2022-12-19 18:38:55,196 [89d730ca-c741-4fc9-afaf-179ceaf5b2b4@group-FEA4670F50BE-SegmentedRaftLogWorker] INFO  segmented.SegmentedRaftLogWorker (SegmentedRaftLogWorker.java:run(347)) - 89d730ca-c741-4fc9-afaf-179ceaf5b2b4@group-FEA4670F50BE-SegmentedRaftLogWorker was interrupted, exiting. There are 0 tasks remaining in the queue.
2022-12-19 18:38:55,194 [89d730ca-c741-4fc9-afaf-179ceaf5b2b4@group-FEA4670F50BE->6ea35c1f-1714-407c-a38f-a2791a2eb8d3-GrpcLogAppender-LogAppenderDaemon] WARN  server.GrpcLogAppender (GrpcLogAppender.java:mayWait(200)) - 89d730ca-c741-4fc9-afaf-179ceaf5b2b4@group-FEA4670F50BE->6ea35c1f-1714-407c-a38f-a2791a2eb8d3-GrpcLogAppender: Wait interrupted by java.lang.InterruptedException
2022-12-19 18:38:55,197 [grpc-default-executor-1] INFO  server.GrpcLogAppender (GrpcLogAppender.java:onCompleted(415)) - 89d730ca-c741-4fc9-afaf-179ceaf5b2b4@group-FEA4670F50BE->91d78431-6cd7-4796-a346-e9fe01a1de12-AppendLogResponseHandler: follower responses appendEntries COMPLETED
2022-12-19 18:38:55,197 [grpc-default-executor-0] INFO  server.GrpcServerProtocolService (GrpcServerProtocolService.java:onCompleted(143)) - 91d78431-6cd7-4796-a346-e9fe01a1de12: Completed APPEND_ENTRIES, lastRequest: 89d730ca-c741-4fc9-afaf-179ceaf5b2b4->91d78431-6cd7-4796-a346-e9fe01a1de12#1-t1,previous=(t:0, i:0),leaderCommit=0,initializing? true,entries: size=1, first=(t:1, i:0), CONFIGURATIONENTRY(current:id: "89d730ca-c741-4fc9-afaf-179ceaf5b2b4"
address: "10.1.0.24:40319"
priority: 1
dataStreamAddress: "10.1.0.24:35251"
clientAddress: "10.1.0.24:40319"
adminAddress: "10.1.0.24:40319"
startupRole: FOLLOWER
,id: "91d78431-6cd7-4796-a346-e9fe01a1de12"
address: "10.1.0.24:43619"
dataStreamAddress: "10.1.0.24:33445"
clientAddress: "10.1.0.24:43619"
adminAddress: "10.1.0.24:43619"
startupRole: FOLLOWER
,id: "6ea35c1f-1714-407c-a38f-a2791a2eb8d3"
address: "10.1.0.24:34213"
dataStreamAddress: "10.1.0.24:36469"
clientAddress: "10.1.0.24:34213"
adminAddress: "10.1.0.24:34213"
startupRole: FOLLOWER
, old:)
2022-12-19 18:38:55,200 [grpc-default-executor-1] INFO  leader.FollowerInfo (FollowerInfoImpl.java:lambda$new$0(48)) - 89d730ca-c741-4fc9-afaf-179ceaf5b2b4@group-FEA4670F50BE->91d78431-6cd7-4796-a346-e9fe01a1de12: nextIndex: updateUnconditionally 1 -> 0
2022-12-19 18:38:55,200 [grpc-default-executor-2] INFO  server.GrpcServerProtocolService (GrpcServerProtocolService.java:onCompleted(143)) - 6ea35c1f-1714-407c-a38f-a2791a2eb8d3: Completed APPEND_ENTRIES, lastRequest: 89d730ca-c741-4fc9-afaf-179ceaf5b2b4->6ea35c1f-1714-407c-a38f-a2791a2eb8d3#1-t1,previous=(t:0, i:0),leaderCommit=0,initializing? true,entries: size=1, first=(t:1, i:0), CONFIGURATIONENTRY(current:id: "89d730ca-c741-4fc9-afaf-179ceaf5b2b4"
address: "10.1.0.24:40319"
priority: 1
dataStreamAddress: "10.1.0.24:35251"
clientAddress: "10.1.0.24:40319"
adminAddress: "10.1.0.24:40319"
startupRole: FOLLOWER
,id: "91d78431-6cd7-4796-a346-e9fe01a1de12"
address: "10.1.0.24:43619"
dataStreamAddress: "10.1.0.24:33445"
clientAddress: "10.1.0.24:43619"
adminAddress: "10.1.0.24:43619"
startupRole: FOLLOWER
,id: "6ea35c1f-1714-407c-a38f-a2791a2eb8d3"
address: "10.1.0.24:34213"
dataStreamAddress: "10.1.0.24:36469"
clientAddress: "10.1.0.24:34213"
adminAddress: "10.1.0.24:34213"
startupRole: FOLLOWER
, old:)
2022-12-19 18:38:55,202 [grpc-default-executor-2] INFO  server.GrpcLogAppender (GrpcLogAppender.java:onCompleted(415)) - 89d730ca-c741-4fc9-afaf-179ceaf5b2b4@group-FEA4670F50BE->6ea35c1f-1714-407c-a38f-a2791a2eb8d3-AppendLogResponseHandler: follower responses appendEntries COMPLETED
2022-12-19 18:38:55,202 [grpc-default-executor-2] INFO  leader.FollowerInfo (FollowerInfoImpl.java:lambda$new$0(48)) - 89d730ca-c741-4fc9-afaf-179ceaf5b2b4@group-FEA4670F50BE->6ea35c1f-1714-407c-a38f-a2791a2eb8d3: nextIndex: updateUnconditionally 1 -> 0
2022-12-19 18:38:55,203 [grpc-default-executor-2] INFO  server.GrpcLogAppender (GrpcLogAppender.java:onCompleted(415)) - 89d730ca-c741-4fc9-afaf-179ceaf5b2b4@group-FEA4670F50BE->91d78431-6cd7-4796-a346-e9fe01a1de12-AppendLogResponseHandler: follower responses appendEntries COMPLETED
2022-12-19 18:38:55,203 [grpc-default-executor-2] INFO  leader.FollowerInfo (FollowerInfoImpl.java:lambda$new$0(48)) - 89d730ca-c741-4fc9-afaf-179ceaf5b2b4@group-FEA4670F50BE->91d78431-6cd7-4796-a346-e9fe01a1de12: nextIndex: updateUnconditionally 0 -> 0
2022-12-19 18:38:55,203 [grpc-default-executor-0] INFO  server.GrpcServerProtocolService (GrpcServerProtocolService.java:onCompleted(143)) - 6ea35c1f-1714-407c-a38f-a2791a2eb8d3: Completed APPEND_ENTRIES, lastRequest: null
2022-12-19 18:38:55,204 [Command processor thread] INFO  segmented.SegmentedRaftLogWorker (SegmentedRaftLogWorker.java:close(257)) - 89d730ca-c741-4fc9-afaf-179ceaf5b2b4@group-FEA4670F50BE-SegmentedRaftLogWorker close()
2022-12-19 18:38:55,205 [Command processor thread] INFO  server.RaftServer$Division (RaftServerImpl.java:groupRemove(428)) - 89d730ca-c741-4fc9-afaf-179ceaf5b2b4@group-FEA4670F50BE: Succeed to remove RaftStorageDirectory Storage Directory /home/runner/work/ozone/ozone/hadoop-ozone/integration-test/target/test-dir/MiniOzoneClusterImpl-11542299-c030-49ce-a1ef-33f98f34fc6c/datanode-0/data/ratis/cf0d6ba1-a770-43ee-a51c-fea4670f50be
2022-12-19 18:38:55,205 [Command processor thread] INFO  commandhandler.ClosePipelineCommandHandler (ClosePipelineCommandHandler.java:handle(78)) - Close Pipeline PipelineID=cf0d6ba1-a770-43ee-a51c-fea4670f50be command on datanode 89d730ca-c741-4fc9-afaf-179ceaf5b2b4.
2022-12-19 18:38:55,208 [Command processor thread] INFO  server.RaftServer (RaftServerProxy.java:remove(107)) - 89d730ca-c741-4fc9-afaf-179ceaf5b2b4: remove  FOLLOWER 89d730ca-c741-4fc9-afaf-179ceaf5b2b4@group-9E02B72A4E3C:t1, leader=91d78431-6cd7-4796-a346-e9fe01a1de12, voted=91d78431-6cd7-4796-a346-e9fe01a1de12, raftlog=Memoized:89d730ca-c741-4fc9-afaf-179ceaf5b2b4@group-9E02B72A4E3C-SegmentedRaftLog:OPENED:c0, conf=0: peers:[89d730ca-c741-4fc9-afaf-179ceaf5b2b4|rpc:10.1.0.24:40319|dataStream:10.1.0.24:35251|priority:0|startupRole:FOLLOWER, 91d78431-6cd7-4796-a346-e9fe01a1de12|rpc:10.1.0.24:43619|dataStream:10.1.0.24:33445|priority:1|startupRole:FOLLOWER, 6ea35c1f-1714-407c-a38f-a2791a2eb8d3|rpc:10.1.0.24:34213|dataStream:10.1.0.24:36469|priority:0|startupRole:FOLLOWER]|listeners:[], old=null RUNNING
2022-12-19 18:38:55,208 [Command processor thread] INFO  server.RaftServer$Division (RaftServerImpl.java:lambda$close$4(458)) - 89d730ca-c741-4fc9-afaf-179ceaf5b2b4@group-9E02B72A4E3C: shutdown
2022-12-19 18:38:55,208 [Command processor thread] INFO  util.JmxRegister (JmxRegister.java:unregister(73)) - Successfully un-registered JMX Bean with object name Ratis:service=RaftServer,group=group-9E02B72A4E3C,id=89d730ca-c741-4fc9-afaf-179ceaf5b2b4
2022-12-19 18:38:55,208 [Command processor thread] INFO  impl.RoleInfo (RoleInfo.java:shutdownFollowerState(110)) - 89d730ca-c741-4fc9-afaf-179ceaf5b2b4: shutdown 89d730ca-c741-4fc9-afaf-179ceaf5b2b4@group-9E02B72A4E3C-FollowerState
2022-12-19 18:38:55,208 [Command processor thread] INFO  impl.StateMachineUpdater (StateMachineUpdater.java:stopAndJoin(153)) - 89d730ca-c741-4fc9-afaf-179ceaf5b2b4@group-9E02B72A4E3C-StateMachineUpdater: set stopIndex = 0
2022-12-19 18:38:55,208 [89d730ca-c741-4fc9-afaf-179ceaf5b2b4@group-9E02B72A4E3C-FollowerState] INFO  impl.FollowerState (FollowerState.java:run(152)) - 89d730ca-c741-4fc9-afaf-179ceaf5b2b4@group-9E02B72A4E3C-FollowerState was interrupted
2022-12-19 18:38:55,208 [89d730ca-c741-4fc9-afaf-179ceaf5b2b4@group-9E02B72A4E3C-StateMachineUpdater] INFO  ratis.ContainerStateMachine (ContainerStateMachine.java:takeSnapshot(308)) - group-9E02B72A4E3C: Taking a snapshot at:(t:1, i:0) file /home/runner/work/ozone/ozone/hadoop-ozone/integration-test/target/test-dir/MiniOzoneClusterImpl-11542299-c030-49ce-a1ef-33f98f34fc6c/datanode-0/data/ratis/042af8b0-11d5-4451-92b4-9e02b72a4e3c/sm/snapshot.1_0
2022-12-19 18:38:55,208 [grpc-default-executor-0] INFO  server.GrpcLogAppender (GrpcLogAppender.java:onCompleted(415)) - 89d730ca-c741-4fc9-afaf-179ceaf5b2b4@group-FEA4670F50BE->6ea35c1f-1714-407c-a38f-a2791a2eb8d3-AppendLogResponseHandler: follower responses appendEntries COMPLETED
2022-12-19 18:38:55,208 [grpc-default-executor-0] INFO  leader.FollowerInfo (FollowerInfoImpl.java:lambda$new$0(48)) - 89d730ca-c741-4fc9-afaf-179ceaf5b2b4@group-FEA4670F50BE->6ea35c1f-1714-407c-a38f-a2791a2eb8d3: nextIndex: updateUnconditionally 0 -> 0
2022-12-19 18:38:55,209 [89d730ca-c741-4fc9-afaf-179ceaf5b2b4@group-9E02B72A4E3C-StateMachineUpdater] INFO  ratis.ContainerStateMachine (ContainerStateMachine.java:takeSnapshot(319)) - group-9E02B72A4E3C: Finished taking a snapshot at:(t:1, i:0) file:/home/runner/work/ozone/ozone/hadoop-ozone/integration-test/target/test-dir/MiniOzoneClusterImpl-11542299-c030-49ce-a1ef-33f98f34fc6c/datanode-0/data/ratis/042af8b0-11d5-4451-92b4-9e02b72a4e3c/sm/snapshot.1_0 took: 0 ms
2022-12-19 18:38:55,209 [89d730ca-c741-4fc9-afaf-179ceaf5b2b4@group-9E02B72A4E3C-StateMachineUpdater] INFO  impl.StateMachineUpdater (StateMachineUpdater.java:takeSnapshot(287)) - 89d730ca-c741-4fc9-afaf-179ceaf5b2b4@group-9E02B72A4E3C-StateMachineUpdater: Took a snapshot at index 0
2022-12-19 18:38:55,209 [89d730ca-c741-4fc9-afaf-179ceaf5b2b4@group-9E02B72A4E3C-StateMachineUpdater] INFO  impl.StateMachineUpdater (StateMachineUpdater.java:lambda$new$0(92)) - 89d730ca-c741-4fc9-afaf-179ceaf5b2b4@group-9E02B72A4E3C-StateMachineUpdater: snapshotIndex: updateIncreasingly -1 -> 0
2022-12-19 18:38:55,209 [Command processor thread] INFO  server.RaftServer$Division (ServerState.java:close(466)) - 89d730ca-c741-4fc9-afaf-179ceaf5b2b4@group-9E02B72A4E3C: closes. applyIndex: 0
2022-12-19 18:38:55,209 [89d730ca-c741-4fc9-afaf-179ceaf5b2b4@group-9E02B72A4E3C-SegmentedRaftLogWorker] INFO  segmented.SegmentedRaftLogWorker (SegmentedRaftLogWorker.java:run(347)) - 89d730ca-c741-4fc9-afaf-179ceaf5b2b4@group-9E02B72A4E3C-SegmentedRaftLogWorker was interrupted, exiting. There are 0 tasks remaining in the queue.
2022-12-19 18:38:55,210 [Command processor thread] INFO  segmented.SegmentedRaftLogWorker (SegmentedRaftLogWorker.java:close(257)) - 89d730ca-c741-4fc9-afaf-179ceaf5b2b4@group-9E02B72A4E3C-SegmentedRaftLogWorker close()
2022-12-19 18:38:55,211 [Command processor thread] INFO  server.RaftServer$Division (RaftServerImpl.java:groupRemove(428)) - 89d730ca-c741-4fc9-afaf-179ceaf5b2b4@group-9E02B72A4E3C: Succeed to remove RaftStorageDirectory Storage Directory /home/runner/work/ozone/ozone/hadoop-ozone/integration-test/target/test-dir/MiniOzoneClusterImpl-11542299-c030-49ce-a1ef-33f98f34fc6c/datanode-0/data/ratis/042af8b0-11d5-4451-92b4-9e02b72a4e3c
2022-12-19 18:38:55,211 [Command processor thread] INFO  commandhandler.ClosePipelineCommandHandler (ClosePipelineCommandHandler.java:handle(78)) - Close Pipeline PipelineID=042af8b0-11d5-4451-92b4-9e02b72a4e3c command on datanode 89d730ca-c741-4fc9-afaf-179ceaf5b2b4.
2022-12-19 18:38:55,358 [EventQueue-CommandQueueReportForCommandQueueReportHandler] WARN  events.EventQueue (EventQueue.java:fireEvent(216)) - No event handler registered for event TypedEvent{payloadType=DatanodeDetails, name='Datanode_Command_Queue_Updated'}
2022-12-19 18:38:55,622 [Command processor thread] INFO  server.RaftServer (RaftServerProxy.java:remove(107)) - 91d78431-6cd7-4796-a346-e9fe01a1de12: remove  FOLLOWER 91d78431-6cd7-4796-a346-e9fe01a1de12@group-FEA4670F50BE:t1, leader=89d730ca-c741-4fc9-afaf-179ceaf5b2b4, voted=89d730ca-c741-4fc9-afaf-179ceaf5b2b4, raftlog=Memoized:91d78431-6cd7-4796-a346-e9fe01a1de12@group-FEA4670F50BE-SegmentedRaftLog:OPENED:c0, conf=0: peers:[89d730ca-c741-4fc9-afaf-179ceaf5b2b4|rpc:10.1.0.24:40319|dataStream:10.1.0.24:35251|priority:1|startupRole:FOLLOWER, 91d78431-6cd7-4796-a346-e9fe01a1de12|rpc:10.1.0.24:43619|dataStream:10.1.0.24:33445|priority:0|startupRole:FOLLOWER, 6ea35c1f-1714-407c-a38f-a2791a2eb8d3|rpc:10.1.0.24:34213|dataStream:10.1.0.24:36469|priority:0|startupRole:FOLLOWER]|listeners:[], old=null RUNNING
2022-12-19 18:38:55,622 [Command processor thread] INFO  server.RaftServer$Division (RaftServerImpl.java:lambda$close$4(458)) - 91d78431-6cd7-4796-a346-e9fe01a1de12@group-FEA4670F50BE: shutdown
2022-12-19 18:38:55,622 [Command processor thread] INFO  util.JmxRegister (JmxRegister.java:unregister(73)) - Successfully un-registered JMX Bean with object name Ratis:service=RaftServer,group=group-FEA4670F50BE,id=91d78431-6cd7-4796-a346-e9fe01a1de12
2022-12-19 18:38:55,622 [Command processor thread] INFO  impl.RoleInfo (RoleInfo.java:shutdownFollowerState(110)) - 91d78431-6cd7-4796-a346-e9fe01a1de12: shutdown 91d78431-6cd7-4796-a346-e9fe01a1de12@group-FEA4670F50BE-FollowerState
2022-12-19 18:38:55,622 [Command processor thread] INFO  impl.StateMachineUpdater (StateMachineUpdater.java:stopAndJoin(153)) - 91d78431-6cd7-4796-a346-e9fe01a1de12@group-FEA4670F50BE-StateMachineUpdater: set stopIndex = 0
2022-12-19 18:38:55,622 [91d78431-6cd7-4796-a346-e9fe01a1de12@group-FEA4670F50BE-FollowerState] INFO  impl.FollowerState (FollowerState.java:run(152)) - 91d78431-6cd7-4796-a346-e9fe01a1de12@group-FEA4670F50BE-FollowerState was interrupted
2022-12-19 18:38:55,623 [91d78431-6cd7-4796-a346-e9fe01a1de12@group-FEA4670F50BE-StateMachineUpdater] INFO  ratis.ContainerStateMachine (ContainerStateMachine.java:takeSnapshot(308)) - group-FEA4670F50BE: Taking a snapshot at:(t:1, i:0) file /home/runner/work/ozone/ozone/hadoop-ozone/integration-test/target/test-dir/MiniOzoneClusterImpl-11542299-c030-49ce-a1ef-33f98f34fc6c/datanode-1/data/ratis/cf0d6ba1-a770-43ee-a51c-fea4670f50be/sm/snapshot.1_0
2022-12-19 18:38:55,624 [91d78431-6cd7-4796-a346-e9fe01a1de12@group-FEA4670F50BE-StateMachineUpdater] INFO  ratis.ContainerStateMachine (ContainerStateMachine.java:takeSnapshot(319)) - group-FEA4670F50BE: Finished taking a snapshot at:(t:1, i:0) file:/home/runner/work/ozone/ozone/hadoop-ozone/integration-test/target/test-dir/MiniOzoneClusterImpl-11542299-c030-49ce-a1ef-33f98f34fc6c/datanode-1/data/ratis/cf0d6ba1-a770-43ee-a51c-fea4670f50be/sm/snapshot.1_0 took: 1 ms
2022-12-19 18:38:55,624 [91d78431-6cd7-4796-a346-e9fe01a1de12@group-FEA4670F50BE-StateMachineUpdater] INFO  impl.StateMachineUpdater (StateMachineUpdater.java:takeSnapshot(287)) - 91d78431-6cd7-4796-a346-e9fe01a1de12@group-FEA4670F50BE-StateMachineUpdater: Took a snapshot at index 0
2022-12-19 18:38:55,624 [91d78431-6cd7-4796-a346-e9fe01a1de12@group-FEA4670F50BE-StateMachineUpdater] INFO  impl.StateMachineUpdater (StateMachineUpdater.java:lambda$new$0(92)) - 91d78431-6cd7-4796-a346-e9fe01a1de12@group-FEA4670F50BE-StateMachineUpdater: snapshotIndex: updateIncreasingly -1 -> 0
2022-12-19 18:38:55,624 [Command processor thread] INFO  server.RaftServer$Division (ServerState.java:close(466)) - 91d78431-6cd7-4796-a346-e9fe01a1de12@group-FEA4670F50BE: closes. applyIndex: 0
2022-12-19 18:38:55,624 [91d78431-6cd7-4796-a346-e9fe01a1de12@group-FEA4670F50BE-SegmentedRaftLogWorker] INFO  segmented.SegmentedRaftLogWorker (SegmentedRaftLogWorker.java:run(347)) - 91d78431-6cd7-4796-a346-e9fe01a1de12@group-FEA4670F50BE-SegmentedRaftLogWorker was interrupted, exiting. There are 0 tasks remaining in the queue.
2022-12-19 18:38:55,625 [Command processor thread] INFO  segmented.SegmentedRaftLogWorker (SegmentedRaftLogWorker.java:close(257)) - 91d78431-6cd7-4796-a346-e9fe01a1de12@group-FEA4670F50BE-SegmentedRaftLogWorker close()
2022-12-19 18:38:55,627 [Command processor thread] INFO  server.RaftServer$Division (RaftServerImpl.java:groupRemove(428)) - 91d78431-6cd7-4796-a346-e9fe01a1de12@group-FEA4670F50BE: Succeed to remove RaftStorageDirectory Storage Directory /home/runner/work/ozone/ozone/hadoop-ozone/integration-test/target/test-dir/MiniOzoneClusterImpl-11542299-c030-49ce-a1ef-33f98f34fc6c/datanode-1/data/ratis/cf0d6ba1-a770-43ee-a51c-fea4670f50be
2022-12-19 18:38:55,627 [Command processor thread] INFO  commandhandler.ClosePipelineCommandHandler (ClosePipelineCommandHandler.java:handle(78)) - Close Pipeline PipelineID=cf0d6ba1-a770-43ee-a51c-fea4670f50be command on datanode 91d78431-6cd7-4796-a346-e9fe01a1de12.
2022-12-19 18:38:55,627 [Command processor thread] INFO  server.RaftServer (RaftServerProxy.java:remove(107)) - 91d78431-6cd7-4796-a346-e9fe01a1de12: remove    LEADER 91d78431-6cd7-4796-a346-e9fe01a1de12@group-9E02B72A4E3C:t1, leader=91d78431-6cd7-4796-a346-e9fe01a1de12, voted=91d78431-6cd7-4796-a346-e9fe01a1de12, raftlog=Memoized:91d78431-6cd7-4796-a346-e9fe01a1de12@group-9E02B72A4E3C-SegmentedRaftLog:OPENED:c0, conf=0: peers:[89d730ca-c741-4fc9-afaf-179ceaf5b2b4|rpc:10.1.0.24:40319|dataStream:10.1.0.24:35251|priority:0|startupRole:FOLLOWER, 91d78431-6cd7-4796-a346-e9fe01a1de12|rpc:10.1.0.24:43619|dataStream:10.1.0.24:33445|priority:1|startupRole:FOLLOWER, 6ea35c1f-1714-407c-a38f-a2791a2eb8d3|rpc:10.1.0.24:34213|dataStream:10.1.0.24:36469|priority:0|startupRole:FOLLOWER]|listeners:[], old=null RUNNING
2022-12-19 18:38:55,627 [Command processor thread] INFO  server.RaftServer$Division (RaftServerImpl.java:lambda$close$4(458)) - 91d78431-6cd7-4796-a346-e9fe01a1de12@group-9E02B72A4E3C: shutdown
2022-12-19 18:38:55,627 [Command processor thread] INFO  util.JmxRegister (JmxRegister.java:unregister(73)) - Successfully un-registered JMX Bean with object name Ratis:service=RaftServer,group=group-9E02B72A4E3C,id=91d78431-6cd7-4796-a346-e9fe01a1de12
2022-12-19 18:38:55,627 [Command processor thread] INFO  impl.RoleInfo (RoleInfo.java:shutdownLeaderState(93)) - 91d78431-6cd7-4796-a346-e9fe01a1de12: shutdown 91d78431-6cd7-4796-a346-e9fe01a1de12@group-9E02B72A4E3C-LeaderStateImpl
2022-12-19 18:38:55,627 [91d78431-6cd7-4796-a346-e9fe01a1de12@group-9E02B72A4E3C->89d730ca-c741-4fc9-afaf-179ceaf5b2b4-GrpcLogAppender-LogAppenderDaemon] WARN  server.GrpcLogAppender (GrpcLogAppender.java:mayWait(200)) - 91d78431-6cd7-4796-a346-e9fe01a1de12@group-9E02B72A4E3C->89d730ca-c741-4fc9-afaf-179ceaf5b2b4-GrpcLogAppender: Wait interrupted by java.lang.InterruptedException
2022-12-19 18:38:55,628 [91d78431-6cd7-4796-a346-e9fe01a1de12@group-9E02B72A4E3C->6ea35c1f-1714-407c-a38f-a2791a2eb8d3-GrpcLogAppender-LogAppenderDaemon] WARN  server.GrpcLogAppender (GrpcLogAppender.java:mayWait(200)) - 91d78431-6cd7-4796-a346-e9fe01a1de12@group-9E02B72A4E3C->6ea35c1f-1714-407c-a38f-a2791a2eb8d3-GrpcLogAppender: Wait interrupted by java.lang.InterruptedException
2022-12-19 18:38:55,630 [grpc-default-executor-2] INFO  server.GrpcServerProtocolService (GrpcServerProtocolService.java:onCompleted(143)) - 6ea35c1f-1714-407c-a38f-a2791a2eb8d3: Completed APPEND_ENTRIES, lastRequest: null
2022-12-19 18:38:55,631 [grpc-default-executor-1] INFO  server.GrpcServerProtocolService (GrpcServerProtocolService.java:onCompleted(143)) - 6ea35c1f-1714-407c-a38f-a2791a2eb8d3: Completed APPEND_ENTRIES, lastRequest: 91d78431-6cd7-4796-a346-e9fe01a1de12->6ea35c1f-1714-407c-a38f-a2791a2eb8d3#1-t1,previous=(t:0, i:0),leaderCommit=0,initializing? true,entries: size=1, first=(t:1, i:0), CONFIGURATIONENTRY(current:id: "89d730ca-c741-4fc9-afaf-179ceaf5b2b4"
address: "10.1.0.24:40319"
dataStreamAddress: "10.1.0.24:35251"
clientAddress: "10.1.0.24:40319"
adminAddress: "10.1.0.24:40319"
startupRole: FOLLOWER
,id: "91d78431-6cd7-4796-a346-e9fe01a1de12"
address: "10.1.0.24:43619"
priority: 1
dataStreamAddress: "10.1.0.24:33445"
clientAddress: "10.1.0.24:43619"
adminAddress: "10.1.0.24:43619"
startupRole: FOLLOWER
,id: "6ea35c1f-1714-407c-a38f-a2791a2eb8d3"
address: "10.1.0.24:34213"
dataStreamAddress: "10.1.0.24:36469"
clientAddress: "10.1.0.24:34213"
adminAddress: "10.1.0.24:34213"
startupRole: FOLLOWER
, old:)
2022-12-19 18:38:55,631 [grpc-default-executor-2] INFO  server.GrpcServerProtocolService (GrpcServerProtocolService.java:onCompleted(143)) - 89d730ca-c741-4fc9-afaf-179ceaf5b2b4: Completed APPEND_ENTRIES, lastRequest: null
2022-12-19 18:38:55,633 [grpc-default-executor-2] INFO  server.GrpcLogAppender (GrpcLogAppender.java:onCompleted(415)) - 91d78431-6cd7-4796-a346-e9fe01a1de12@group-9E02B72A4E3C->89d730ca-c741-4fc9-afaf-179ceaf5b2b4-AppendLogResponseHandler: follower responses appendEntries COMPLETED
2022-12-19 18:38:55,633 [grpc-default-executor-2] INFO  leader.FollowerInfo (FollowerInfoImpl.java:lambda$new$0(48)) - 91d78431-6cd7-4796-a346-e9fe01a1de12@group-9E02B72A4E3C->89d730ca-c741-4fc9-afaf-179ceaf5b2b4: nextIndex: updateUnconditionally 1 -> 0
2022-12-19 18:38:55,633 [grpc-default-executor-1] INFO  server.GrpcLogAppender (GrpcLogAppender.java:onCompleted(415)) - 91d78431-6cd7-4796-a346-e9fe01a1de12@group-9E02B72A4E3C->6ea35c1f-1714-407c-a38f-a2791a2eb8d3-AppendLogResponseHandler: follower responses appendEntries COMPLETED
2022-12-19 18:38:55,633 [grpc-default-executor-1] INFO  leader.FollowerInfo (FollowerInfoImpl.java:lambda$new$0(48)) - 91d78431-6cd7-4796-a346-e9fe01a1de12@group-9E02B72A4E3C->6ea35c1f-1714-407c-a38f-a2791a2eb8d3: nextIndex: updateUnconditionally 1 -> 0
2022-12-19 18:38:55,634 [grpc-default-executor-0] INFO  server.GrpcServerProtocolService (GrpcServerProtocolService.java:onCompleted(143)) - 89d730ca-c741-4fc9-afaf-179ceaf5b2b4: Completed APPEND_ENTRIES, lastRequest: 91d78431-6cd7-4796-a346-e9fe01a1de12->89d730ca-c741-4fc9-afaf-179ceaf5b2b4#1-t1,previous=(t:0, i:0),leaderCommit=0,initializing? true,entries: size=1, first=(t:1, i:0), CONFIGURATIONENTRY(current:id: "89d730ca-c741-4fc9-afaf-179ceaf5b2b4"
address: "10.1.0.24:40319"
dataStreamAddress: "10.1.0.24:35251"
clientAddress: "10.1.0.24:40319"
adminAddress: "10.1.0.24:40319"
startupRole: FOLLOWER
,id: "91d78431-6cd7-4796-a346-e9fe01a1de12"
address: "10.1.0.24:43619"
priority: 1
dataStreamAddress: "10.1.0.24:33445"
clientAddress: "10.1.0.24:43619"
adminAddress: "10.1.0.24:43619"
startupRole: FOLLOWER
,id: "6ea35c1f-1714-407c-a38f-a2791a2eb8d3"
address: "10.1.0.24:34213"
dataStreamAddress: "10.1.0.24:36469"
clientAddress: "10.1.0.24:34213"
adminAddress: "10.1.0.24:34213"
startupRole: FOLLOWER
, old:)
2022-12-19 18:38:55,634 [grpc-default-executor-0] INFO  server.GrpcLogAppender (GrpcLogAppender.java:onCompleted(415)) - 91d78431-6cd7-4796-a346-e9fe01a1de12@group-9E02B72A4E3C->89d730ca-c741-4fc9-afaf-179ceaf5b2b4-AppendLogResponseHandler: follower responses appendEntries COMPLETED
2022-12-19 18:38:55,627 [Command processor thread] INFO  impl.PendingRequests (PendingRequests.java:sendNotLeaderResponses(282)) - 91d78431-6cd7-4796-a346-e9fe01a1de12@group-9E02B72A4E3C-PendingRequests: sendNotLeaderResponses
2022-12-19 18:38:55,634 [grpc-default-executor-0] INFO  leader.FollowerInfo (FollowerInfoImpl.java:lambda$new$0(48)) - 91d78431-6cd7-4796-a346-e9fe01a1de12@group-9E02B72A4E3C->89d730ca-c741-4fc9-afaf-179ceaf5b2b4: nextIndex: updateUnconditionally 0 -> 0
2022-12-19 18:38:55,635 [Command processor thread] INFO  impl.StateMachineUpdater (StateMachineUpdater.java:stopAndJoin(153)) - 91d78431-6cd7-4796-a346-e9fe01a1de12@group-9E02B72A4E3C-StateMachineUpdater: set stopIndex = 0
2022-12-19 18:38:55,635 [grpc-default-executor-1] INFO  server.GrpcLogAppender (GrpcLogAppender.java:onCompleted(415)) - 91d78431-6cd7-4796-a346-e9fe01a1de12@group-9E02B72A4E3C->6ea35c1f-1714-407c-a38f-a2791a2eb8d3-AppendLogResponseHandler: follower responses appendEntries COMPLETED
2022-12-19 18:38:55,635 [grpc-default-executor-1] INFO  leader.FollowerInfo (FollowerInfoImpl.java:lambda$new$0(48)) - 91d78431-6cd7-4796-a346-e9fe01a1de12@group-9E02B72A4E3C->6ea35c1f-1714-407c-a38f-a2791a2eb8d3: nextIndex: updateUnconditionally 0 -> 0
2022-12-19 18:38:55,635 [91d78431-6cd7-4796-a346-e9fe01a1de12@group-9E02B72A4E3C-StateMachineUpdater] INFO  ratis.ContainerStateMachine (ContainerStateMachine.java:takeSnapshot(308)) - group-9E02B72A4E3C: Taking a snapshot at:(t:1, i:0) file /home/runner/work/ozone/ozone/hadoop-ozone/integration-test/target/test-dir/MiniOzoneClusterImpl-11542299-c030-49ce-a1ef-33f98f34fc6c/datanode-1/data/ratis/042af8b0-11d5-4451-92b4-9e02b72a4e3c/sm/snapshot.1_0
2022-12-19 18:38:55,636 [91d78431-6cd7-4796-a346-e9fe01a1de12@group-9E02B72A4E3C-StateMachineUpdater] INFO  ratis.ContainerStateMachine (ContainerStateMachine.java:takeSnapshot(319)) - group-9E02B72A4E3C: Finished taking a snapshot at:(t:1, i:0) file:/home/runner/work/ozone/ozone/hadoop-ozone/integration-test/target/test-dir/MiniOzoneClusterImpl-11542299-c030-49ce-a1ef-33f98f34fc6c/datanode-1/data/ratis/042af8b0-11d5-4451-92b4-9e02b72a4e3c/sm/snapshot.1_0 took: 1 ms
2022-12-19 18:38:55,636 [91d78431-6cd7-4796-a346-e9fe01a1de12@group-9E02B72A4E3C-StateMachineUpdater] INFO  impl.StateMachineUpdater (StateMachineUpdater.java:takeSnapshot(287)) - 91d78431-6cd7-4796-a346-e9fe01a1de12@group-9E02B72A4E3C-StateMachineUpdater: Took a snapshot at index 0
2022-12-19 18:38:55,636 [91d78431-6cd7-4796-a346-e9fe01a1de12@group-9E02B72A4E3C-StateMachineUpdater] INFO  impl.StateMachineUpdater (StateMachineUpdater.java:lambda$new$0(92)) - 91d78431-6cd7-4796-a346-e9fe01a1de12@group-9E02B72A4E3C-StateMachineUpdater: snapshotIndex: updateIncreasingly -1 -> 0
2022-12-19 18:38:55,636 [Command processor thread] INFO  server.RaftServer$Division (ServerState.java:close(466)) - 91d78431-6cd7-4796-a346-e9fe01a1de12@group-9E02B72A4E3C: closes. applyIndex: 0
2022-12-19 18:38:55,636 [91d78431-6cd7-4796-a346-e9fe01a1de12@group-9E02B72A4E3C-SegmentedRaftLogWorker] INFO  segmented.SegmentedRaftLogWorker (SegmentedRaftLogWorker.java:run(347)) - 91d78431-6cd7-4796-a346-e9fe01a1de12@group-9E02B72A4E3C-SegmentedRaftLogWorker was interrupted, exiting. There are 0 tasks remaining in the queue.
2022-12-19 18:38:55,637 [Command processor thread] INFO  segmented.SegmentedRaftLogWorker (SegmentedRaftLogWorker.java:close(257)) - 91d78431-6cd7-4796-a346-e9fe01a1de12@group-9E02B72A4E3C-SegmentedRaftLogWorker close()
2022-12-19 18:38:55,638 [Command processor thread] INFO  server.RaftServer$Division (RaftServerImpl.java:groupRemove(428)) - 91d78431-6cd7-4796-a346-e9fe01a1de12@group-9E02B72A4E3C: Succeed to remove RaftStorageDirectory Storage Directory /home/runner/work/ozone/ozone/hadoop-ozone/integration-test/target/test-dir/MiniOzoneClusterImpl-11542299-c030-49ce-a1ef-33f98f34fc6c/datanode-1/data/ratis/042af8b0-11d5-4451-92b4-9e02b72a4e3c
2022-12-19 18:38:55,638 [Command processor thread] INFO  commandhandler.ClosePipelineCommandHandler (ClosePipelineCommandHandler.java:handle(78)) - Close Pipeline PipelineID=042af8b0-11d5-4451-92b4-9e02b72a4e3c command on datanode 91d78431-6cd7-4796-a346-e9fe01a1de12.
2022-12-19 18:38:55,749 [EventQueue-CommandQueueReportForCommandQueueReportHandler] WARN  events.EventQueue (EventQueue.java:fireEvent(216)) - No event handler registered for event TypedEvent{payloadType=DatanodeDetails, name='Datanode_Command_Queue_Updated'}
2022-12-19 18:38:56,023 [EventQueue-CommandQueueReportForCommandQueueReportHandler] WARN  events.EventQueue (EventQueue.java:fireEvent(216)) - No event handler registered for event TypedEvent{payloadType=DatanodeDetails, name='Datanode_Command_Queue_Updated'}
2022-12-19 18:38:56,192 [EventQueue-CommandQueueReportForCommandQueueReportHandler] WARN  events.EventQueue (EventQueue.java:fireEvent(216)) - No event handler registered for event TypedEvent{payloadType=DatanodeDetails, name='Datanode_Command_Queue_Updated'}
2022-12-19 18:38:57,007 [EventQueue-CommandQueueReportForCommandQueueReportHandler] WARN  events.EventQueue (EventQueue.java:fireEvent(216)) - No event handler registered for event TypedEvent{payloadType=DatanodeDetails, name='Datanode_Command_Queue_Updated'}
2022-12-19 18:38:57,084 [EventQueue-CommandQueueReportForCommandQueueReportHandler] WARN  events.EventQueue (EventQueue.java:fireEvent(216)) - No event handler registered for event TypedEvent{payloadType=DatanodeDetails, name='Datanode_Command_Queue_Updated'}
2022-12-19 18:38:57,359 [EventQueue-CommandQueueReportForCommandQueueReportHandler] WARN  events.EventQueue (EventQueue.java:fireEvent(216)) - No event handler registered for event TypedEvent{payloadType=DatanodeDetails, name='Datanode_Command_Queue_Updated'}
2022-12-19 18:38:57,749 [EventQueue-CommandQueueReportForCommandQueueReportHandler] WARN  events.EventQueue (EventQueue.java:fireEvent(216)) - No event handler registered for event TypedEvent{payloadType=DatanodeDetails, name='Datanode_Command_Queue_Updated'}
2022-12-19 18:38:58,023 [EventQueue-CommandQueueReportForCommandQueueReportHandler] WARN  events.EventQueue (EventQueue.java:fireEvent(216)) - No event handler registered for event TypedEvent{payloadType=DatanodeDetails, name='Datanode_Command_Queue_Updated'}
2022-12-19 18:38:58,193 [EventQueue-CommandQueueReportForCommandQueueReportHandler] WARN  events.EventQueue (EventQueue.java:fireEvent(216)) - No event handler registered for event TypedEvent{payloadType=DatanodeDetails, name='Datanode_Command_Queue_Updated'}
2022-12-19 18:38:58,553 [53431d8f-156a-4a42-8637-9d4e156967ab@group-402B03C4197C-FollowerState] INFO  impl.FollowerState (FollowerState.java:run(143)) - 53431d8f-156a-4a42-8637-9d4e156967ab@group-402B03C4197C-FollowerState: change to CANDIDATE, lastRpcElapsedTime:5072240250ns, electionTimeout:5069ms
2022-12-19 18:38:58,553 [53431d8f-156a-4a42-8637-9d4e156967ab@group-402B03C4197C-FollowerState] INFO  impl.RoleInfo (RoleInfo.java:shutdownFollowerState(110)) - 53431d8f-156a-4a42-8637-9d4e156967ab: shutdown 53431d8f-156a-4a42-8637-9d4e156967ab@group-402B03C4197C-FollowerState
2022-12-19 18:38:58,553 [53431d8f-156a-4a42-8637-9d4e156967ab@group-402B03C4197C-FollowerState] INFO  server.RaftServer$Division (RaftServerImpl.java:setRole(321)) - 53431d8f-156a-4a42-8637-9d4e156967ab@group-402B03C4197C: changes role from  FOLLOWER to CANDIDATE at term 1 for changeToCandidate
2022-12-19 18:38:58,553 [53431d8f-156a-4a42-8637-9d4e156967ab@group-402B03C4197C-FollowerState] INFO  server.RaftServerConfigKeys (ConfUtils.java:logGet(46)) - raft.server.leaderelection.pre-vote = false (custom)
2022-12-19 18:38:58,553 [53431d8f-156a-4a42-8637-9d4e156967ab@group-402B03C4197C-FollowerState] INFO  impl.RoleInfo (RoleInfo.java:updateAndGet(139)) - 53431d8f-156a-4a42-8637-9d4e156967ab: start 53431d8f-156a-4a42-8637-9d4e156967ab@group-402B03C4197C-LeaderElection12
2022-12-19 18:38:58,555 [53431d8f-156a-4a42-8637-9d4e156967ab@group-402B03C4197C-LeaderElection12] INFO  impl.LeaderElection (LeaderElection.java:askForVotes(312)) - 53431d8f-156a-4a42-8637-9d4e156967ab@group-402B03C4197C-LeaderElection12 ELECTION round 0: submit vote requests at term 2 for -1: peers:[a138d61e-33be-4034-b658-559812d9cbdd|rpc:10.1.0.24:45397|dataStream:10.1.0.24:37159|priority:0|startupRole:FOLLOWER, 53431d8f-156a-4a42-8637-9d4e156967ab|rpc:10.1.0.24:42575|dataStream:10.1.0.24:37095|priority:0|startupRole:FOLLOWER, 577e0dac-7593-4640-b9aa-fa89f15259b7|rpc:10.1.0.24:45135|dataStream:10.1.0.24:40327|priority:1|startupRole:FOLLOWER]|listeners:[], old=null
2022-12-19 18:38:58,556 [53431d8f-156a-4a42-8637-9d4e156967ab@group-402B03C4197C-LeaderElection12] INFO  server.RaftServerConfigKeys (ConfUtils.java:logFallback(53)) - raft.server.rpc.first-election.timeout.min = 5s (fallback to raft.server.rpc.timeout.min)
2022-12-19 18:38:58,556 [53431d8f-156a-4a42-8637-9d4e156967ab@group-402B03C4197C-LeaderElection12] INFO  server.RaftServerConfigKeys (ConfUtils.java:logFallback(53)) - raft.server.rpc.first-election.timeout.max = 5200ms (fallback to raft.server.rpc.timeout.max)
2022-12-19 18:38:58,559 [grpc-default-executor-0] INFO  server.RaftServer$Division (RaftServerImpl.java:requestVote(1218)) - 577e0dac-7593-4640-b9aa-fa89f15259b7@group-402B03C4197C: receive requestVote(ELECTION, 53431d8f-156a-4a42-8637-9d4e156967ab, group-402B03C4197C, 2, (t:0, i:0))
2022-12-19 18:38:58,560 [grpc-default-executor-0] INFO  impl.VoteContext (VoteContext.java:log(49)) - 577e0dac-7593-4640-b9aa-fa89f15259b7@group-402B03C4197C-FOLLOWER: reject ELECTION from 53431d8f-156a-4a42-8637-9d4e156967ab: our priority 1 > candidate's priority 0
2022-12-19 18:38:58,560 [grpc-default-executor-0] INFO  server.RaftServer$Division (RaftServerImpl.java:setRole(321)) - 577e0dac-7593-4640-b9aa-fa89f15259b7@group-402B03C4197C: changes role from  FOLLOWER to FOLLOWER at term 2 for candidate:53431d8f-156a-4a42-8637-9d4e156967ab
2022-12-19 18:38:58,560 [grpc-default-executor-0] INFO  impl.RoleInfo (RoleInfo.java:shutdownFollowerState(110)) - 577e0dac-7593-4640-b9aa-fa89f15259b7: shutdown 577e0dac-7593-4640-b9aa-fa89f15259b7@group-402B03C4197C-FollowerState
2022-12-19 18:38:58,560 [grpc-default-executor-0] INFO  impl.RoleInfo (RoleInfo.java:updateAndGet(139)) - 577e0dac-7593-4640-b9aa-fa89f15259b7: start 577e0dac-7593-4640-b9aa-fa89f15259b7@group-402B03C4197C-FollowerState
2022-12-19 18:38:58,560 [577e0dac-7593-4640-b9aa-fa89f15259b7@group-402B03C4197C-FollowerState] INFO  impl.FollowerState (FollowerState.java:run(152)) - 577e0dac-7593-4640-b9aa-fa89f15259b7@group-402B03C4197C-FollowerState was interrupted
2022-12-19 18:38:58,561 [grpc-default-executor-1] INFO  server.RaftServer$Division (RaftServerImpl.java:requestVote(1218)) - a138d61e-33be-4034-b658-559812d9cbdd@group-402B03C4197C: receive requestVote(ELECTION, 53431d8f-156a-4a42-8637-9d4e156967ab, group-402B03C4197C, 2, (t:0, i:0))
2022-12-19 18:38:58,561 [grpc-default-executor-1] INFO  impl.VoteContext (VoteContext.java:log(49)) - a138d61e-33be-4034-b658-559812d9cbdd@group-402B03C4197C-FOLLOWER: accept ELECTION from 53431d8f-156a-4a42-8637-9d4e156967ab: our priority 0 <= candidate's priority 0
2022-12-19 18:38:58,562 [grpc-default-executor-1] INFO  server.RaftServer$Division (RaftServerImpl.java:setRole(321)) - a138d61e-33be-4034-b658-559812d9cbdd@group-402B03C4197C: changes role from  FOLLOWER to FOLLOWER at term 2 for candidate:53431d8f-156a-4a42-8637-9d4e156967ab
2022-12-19 18:38:58,562 [grpc-default-executor-1] INFO  impl.RoleInfo (RoleInfo.java:shutdownFollowerState(110)) - a138d61e-33be-4034-b658-559812d9cbdd: shutdown a138d61e-33be-4034-b658-559812d9cbdd@group-402B03C4197C-FollowerState
2022-12-19 18:38:58,562 [grpc-default-executor-1] INFO  impl.RoleInfo (RoleInfo.java:updateAndGet(139)) - a138d61e-33be-4034-b658-559812d9cbdd: start a138d61e-33be-4034-b658-559812d9cbdd@group-402B03C4197C-FollowerState
2022-12-19 18:38:58,562 [a138d61e-33be-4034-b658-559812d9cbdd@group-402B03C4197C-FollowerState] INFO  impl.FollowerState (FollowerState.java:run(152)) - a138d61e-33be-4034-b658-559812d9cbdd@group-402B03C4197C-FollowerState was interrupted
2022-12-19 18:38:58,562 [grpc-default-executor-0] INFO  server.RaftServer$Division (RaftServerImpl.java:requestVote(1251)) - 577e0dac-7593-4640-b9aa-fa89f15259b7@group-402B03C4197C replies to ELECTION vote request: 53431d8f-156a-4a42-8637-9d4e156967ab<-577e0dac-7593-4640-b9aa-fa89f15259b7#0:FAIL-t2. Peer's state: 577e0dac-7593-4640-b9aa-fa89f15259b7@group-402B03C4197C:t2, leader=null, voted=null, raftlog=Memoized:577e0dac-7593-4640-b9aa-fa89f15259b7@group-402B03C4197C-SegmentedRaftLog:OPENED:c-1, conf=-1: peers:[a138d61e-33be-4034-b658-559812d9cbdd|rpc:10.1.0.24:45397|dataStream:10.1.0.24:37159|priority:0|startupRole:FOLLOWER, 53431d8f-156a-4a42-8637-9d4e156967ab|rpc:10.1.0.24:42575|dataStream:10.1.0.24:37095|priority:0|startupRole:FOLLOWER, 577e0dac-7593-4640-b9aa-fa89f15259b7|rpc:10.1.0.24:45135|dataStream:10.1.0.24:40327|priority:1|startupRole:FOLLOWER]|listeners:[], old=null
2022-12-19 18:38:58,563 [577e0dac-7593-4640-b9aa-fa89f15259b7@group-402B03C4197C-FollowerState] INFO  server.RaftServerConfigKeys (ConfUtils.java:logFallback(53)) - raft.server.rpc.first-election.timeout.min = 5s (fallback to raft.server.rpc.timeout.min)
2022-12-19 18:38:58,563 [577e0dac-7593-4640-b9aa-fa89f15259b7@group-402B03C4197C-FollowerState] INFO  server.RaftServerConfigKeys (ConfUtils.java:logFallback(53)) - raft.server.rpc.first-election.timeout.max = 5200ms (fallback to raft.server.rpc.timeout.max)
2022-12-19 18:38:58,563 [a138d61e-33be-4034-b658-559812d9cbdd@group-402B03C4197C-FollowerState] INFO  server.RaftServerConfigKeys (ConfUtils.java:logFallback(53)) - raft.server.rpc.first-election.timeout.min = 5s (fallback to raft.server.rpc.timeout.min)
2022-12-19 18:38:58,563 [a138d61e-33be-4034-b658-559812d9cbdd@group-402B03C4197C-FollowerState] INFO  server.RaftServerConfigKeys (ConfUtils.java:logFallback(53)) - raft.server.rpc.first-election.timeout.max = 5200ms (fallback to raft.server.rpc.timeout.max)
2022-12-19 18:38:58,563 [grpc-default-executor-1] INFO  server.RaftServer$Division (RaftServerImpl.java:requestVote(1251)) - a138d61e-33be-4034-b658-559812d9cbdd@group-402B03C4197C replies to ELECTION vote request: 53431d8f-156a-4a42-8637-9d4e156967ab<-a138d61e-33be-4034-b658-559812d9cbdd#0:OK-t2. Peer's state: a138d61e-33be-4034-b658-559812d9cbdd@group-402B03C4197C:t2, leader=null, voted=53431d8f-156a-4a42-8637-9d4e156967ab, raftlog=Memoized:a138d61e-33be-4034-b658-559812d9cbdd@group-402B03C4197C-SegmentedRaftLog:OPENED:c-1, conf=-1: peers:[a138d61e-33be-4034-b658-559812d9cbdd|rpc:10.1.0.24:45397|dataStream:10.1.0.24:37159|priority:0|startupRole:FOLLOWER, 53431d8f-156a-4a42-8637-9d4e156967ab|rpc:10.1.0.24:42575|dataStream:10.1.0.24:37095|priority:0|startupRole:FOLLOWER, 577e0dac-7593-4640-b9aa-fa89f15259b7|rpc:10.1.0.24:45135|dataStream:10.1.0.24:40327|priority:1|startupRole:FOLLOWER]|listeners:[], old=null
2022-12-19 18:38:58,567 [53431d8f-156a-4a42-8637-9d4e156967ab@group-402B03C4197C-LeaderElection12] INFO  impl.LeaderElection (LeaderElection.java:logAndReturn(90)) - 53431d8f-156a-4a42-8637-9d4e156967ab@group-402B03C4197C-LeaderElection12: ELECTION REJECTED received 2 response(s) and 0 exception(s):
2022-12-19 18:38:58,567 [53431d8f-156a-4a42-8637-9d4e156967ab@group-402B03C4197C-LeaderElection12] INFO  impl.LeaderElection (LeaderElection.java:logAndReturn(94)) -   Response 0: 53431d8f-156a-4a42-8637-9d4e156967ab<-a138d61e-33be-4034-b658-559812d9cbdd#0:OK-t2
2022-12-19 18:38:58,567 [53431d8f-156a-4a42-8637-9d4e156967ab@group-402B03C4197C-LeaderElection12] INFO  impl.LeaderElection (LeaderElection.java:logAndReturn(94)) -   Response 1: 53431d8f-156a-4a42-8637-9d4e156967ab<-577e0dac-7593-4640-b9aa-fa89f15259b7#0:FAIL-t2
2022-12-19 18:38:58,567 [53431d8f-156a-4a42-8637-9d4e156967ab@group-402B03C4197C-LeaderElection12] INFO  impl.LeaderElection (LeaderElection.java:askForVotes(314)) - 53431d8f-156a-4a42-8637-9d4e156967ab@group-402B03C4197C-LeaderElection12 ELECTION round 0: result REJECTED
2022-12-19 18:38:58,567 [53431d8f-156a-4a42-8637-9d4e156967ab@group-402B03C4197C-LeaderElection12] INFO  server.RaftServer$Division (RaftServerImpl.java:setRole(321)) - 53431d8f-156a-4a42-8637-9d4e156967ab@group-402B03C4197C: changes role from CANDIDATE to FOLLOWER at term 2 for REJECTED
2022-12-19 18:38:58,567 [53431d8f-156a-4a42-8637-9d4e156967ab@group-402B03C4197C-LeaderElection12] INFO  impl.RoleInfo (RoleInfo.java:shutdownLeaderElection(130)) - 53431d8f-156a-4a42-8637-9d4e156967ab: shutdown 53431d8f-156a-4a42-8637-9d4e156967ab@group-402B03C4197C-LeaderElection12
2022-12-19 18:38:58,567 [53431d8f-156a-4a42-8637-9d4e156967ab@group-402B03C4197C-LeaderElection12] INFO  impl.RoleInfo (RoleInfo.java:updateAndGet(139)) - 53431d8f-156a-4a42-8637-9d4e156967ab: start 53431d8f-156a-4a42-8637-9d4e156967ab@group-402B03C4197C-FollowerState
2022-12-19 18:38:58,569 [53431d8f-156a-4a42-8637-9d4e156967ab@group-402B03C4197C-FollowerState] INFO  server.RaftServerConfigKeys (ConfUtils.java:logFallback(53)) - raft.server.rpc.first-election.timeout.min = 5s (fallback to raft.server.rpc.timeout.min)
2022-12-19 18:38:58,569 [53431d8f-156a-4a42-8637-9d4e156967ab@group-402B03C4197C-FollowerState] INFO  server.RaftServerConfigKeys (ConfUtils.java:logFallback(53)) - raft.server.rpc.first-election.timeout.max = 5200ms (fallback to raft.server.rpc.timeout.max)
2022-12-19 18:38:59,007 [EventQueue-CommandQueueReportForCommandQueueReportHandler] WARN  events.EventQueue (EventQueue.java:fireEvent(216)) - No event handler registered for event TypedEvent{payloadType=DatanodeDetails, name='Datanode_Command_Queue_Updated'}
2022-12-19 18:38:59,085 [EventQueue-CommandQueueReportForCommandQueueReportHandler] WARN  events.EventQueue (EventQueue.java:fireEvent(216)) - No event handler registered for event TypedEvent{payloadType=DatanodeDetails, name='Datanode_Command_Queue_Updated'}
2022-12-19 18:38:59,358 [EventQueue-CommandQueueReportForCommandQueueReportHandler] WARN  events.EventQueue (EventQueue.java:fireEvent(216)) - No event handler registered for event TypedEvent{payloadType=DatanodeDetails, name='Datanode_Command_Queue_Updated'}
2022-12-19 18:38:59,749 [EventQueue-CommandQueueReportForCommandQueueReportHandler] WARN  events.EventQueue (EventQueue.java:fireEvent(216)) - No event handler registered for event TypedEvent{payloadType=DatanodeDetails, name='Datanode_Command_Queue_Updated'}
2022-12-19 18:39:00,023 [EventQueue-CommandQueueReportForCommandQueueReportHandler] WARN  events.EventQueue (EventQueue.java:fireEvent(216)) - No event handler registered for event TypedEvent{payloadType=DatanodeDetails, name='Datanode_Command_Queue_Updated'}
2022-12-19 18:39:00,193 [EventQueue-CommandQueueReportForCommandQueueReportHandler] WARN  events.EventQueue (EventQueue.java:fireEvent(216)) - No event handler registered for event TypedEvent{payloadType=DatanodeDetails, name='Datanode_Command_Queue_Updated'}
2022-12-19 18:39:01,006 [EventQueue-CommandQueueReportForCommandQueueReportHandler] WARN  events.EventQueue (EventQueue.java:fireEvent(216)) - No event handler registered for event TypedEvent{payloadType=DatanodeDetails, name='Datanode_Command_Queue_Updated'}
2022-12-19 18:39:01,084 [EventQueue-CommandQueueReportForCommandQueueReportHandler] WARN  events.EventQueue (EventQueue.java:fireEvent(216)) - No event handler registered for event TypedEvent{payloadType=DatanodeDetails, name='Datanode_Command_Queue_Updated'}
2022-12-19 18:39:01,360 [EventQueue-CommandQueueReportForCommandQueueReportHandler] WARN  events.EventQueue (EventQueue.java:fireEvent(216)) - No event handler registered for event TypedEvent{payloadType=DatanodeDetails, name='Datanode_Command_Queue_Updated'}
2022-12-19 18:39:01,750 [EventQueue-CommandQueueReportForCommandQueueReportHandler] WARN  events.EventQueue (EventQueue.java:fireEvent(216)) - No event handler registered for event TypedEvent{payloadType=DatanodeDetails, name='Datanode_Command_Queue_Updated'}
2022-12-19 18:39:02,023 [EventQueue-CommandQueueReportForCommandQueueReportHandler] WARN  events.EventQueue (EventQueue.java:fireEvent(216)) - No event handler registered for event TypedEvent{payloadType=DatanodeDetails, name='Datanode_Command_Queue_Updated'}
2022-12-19 18:39:02,193 [EventQueue-CommandQueueReportForCommandQueueReportHandler] WARN  events.EventQueue (EventQueue.java:fireEvent(216)) - No event handler registered for event TypedEvent{payloadType=DatanodeDetails, name='Datanode_Command_Queue_Updated'}
2022-12-19 18:39:03,007 [EventQueue-CommandQueueReportForCommandQueueReportHandler] WARN  events.EventQueue (EventQueue.java:fireEvent(216)) - No event handler registered for event TypedEvent{payloadType=DatanodeDetails, name='Datanode_Command_Queue_Updated'}
2022-12-19 18:39:03,084 [EventQueue-CommandQueueReportForCommandQueueReportHandler] WARN  events.EventQueue (EventQueue.java:fireEvent(216)) - No event handler registered for event TypedEvent{payloadType=DatanodeDetails, name='Datanode_Command_Queue_Updated'}
2022-12-19 18:39:03,359 [EventQueue-CommandQueueReportForCommandQueueReportHandler] WARN  events.EventQueue (EventQueue.java:fireEvent(216)) - No event handler registered for event TypedEvent{payloadType=DatanodeDetails, name='Datanode_Command_Queue_Updated'}
2022-12-19 18:39:03,610 [53431d8f-156a-4a42-8637-9d4e156967ab@group-402B03C4197C-FollowerState] INFO  impl.FollowerState (FollowerState.java:run(143)) - 53431d8f-156a-4a42-8637-9d4e156967ab@group-402B03C4197C-FollowerState: change to CANDIDATE, lastRpcElapsedTime:5042781758ns, electionTimeout:5040ms
2022-12-19 18:39:03,610 [53431d8f-156a-4a42-8637-9d4e156967ab@group-402B03C4197C-FollowerState] INFO  impl.RoleInfo (RoleInfo.java:shutdownFollowerState(110)) - 53431d8f-156a-4a42-8637-9d4e156967ab: shutdown 53431d8f-156a-4a42-8637-9d4e156967ab@group-402B03C4197C-FollowerState
2022-12-19 18:39:03,610 [53431d8f-156a-4a42-8637-9d4e156967ab@group-402B03C4197C-FollowerState] INFO  server.RaftServer$Division (RaftServerImpl.java:setRole(321)) - 53431d8f-156a-4a42-8637-9d4e156967ab@group-402B03C4197C: changes role from  FOLLOWER to CANDIDATE at term 2 for changeToCandidate
2022-12-19 18:39:03,610 [53431d8f-156a-4a42-8637-9d4e156967ab@group-402B03C4197C-FollowerState] INFO  server.RaftServerConfigKeys (ConfUtils.java:logGet(46)) - raft.server.leaderelection.pre-vote = false (custom)
2022-12-19 18:39:03,610 [53431d8f-156a-4a42-8637-9d4e156967ab@group-402B03C4197C-FollowerState] INFO  impl.RoleInfo (RoleInfo.java:updateAndGet(139)) - 53431d8f-156a-4a42-8637-9d4e156967ab: start 53431d8f-156a-4a42-8637-9d4e156967ab@group-402B03C4197C-LeaderElection13
2022-12-19 18:39:03,612 [53431d8f-156a-4a42-8637-9d4e156967ab@group-402B03C4197C-LeaderElection13] INFO  impl.LeaderElection (LeaderElection.java:askForVotes(312)) - 53431d8f-156a-4a42-8637-9d4e156967ab@group-402B03C4197C-LeaderElection13 ELECTION round 0: submit vote requests at term 3 for -1: peers:[a138d61e-33be-4034-b658-559812d9cbdd|rpc:10.1.0.24:45397|dataStream:10.1.0.24:37159|priority:0|startupRole:FOLLOWER, 53431d8f-156a-4a42-8637-9d4e156967ab|rpc:10.1.0.24:42575|dataStream:10.1.0.24:37095|priority:0|startupRole:FOLLOWER, 577e0dac-7593-4640-b9aa-fa89f15259b7|rpc:10.1.0.24:45135|dataStream:10.1.0.24:40327|priority:1|startupRole:FOLLOWER]|listeners:[], old=null
2022-12-19 18:39:03,613 [53431d8f-156a-4a42-8637-9d4e156967ab@group-402B03C4197C-LeaderElection13] INFO  server.RaftServerConfigKeys (ConfUtils.java:logFallback(53)) - raft.server.rpc.first-election.timeout.min = 5s (fallback to raft.server.rpc.timeout.min)
2022-12-19 18:39:03,613 [53431d8f-156a-4a42-8637-9d4e156967ab@group-402B03C4197C-LeaderElection13] INFO  server.RaftServerConfigKeys (ConfUtils.java:logFallback(53)) - raft.server.rpc.first-election.timeout.max = 5200ms (fallback to raft.server.rpc.timeout.max)
2022-12-19 18:39:03,616 [grpc-default-executor-0] INFO  server.RaftServer$Division (RaftServerImpl.java:requestVote(1218)) - a138d61e-33be-4034-b658-559812d9cbdd@group-402B03C4197C: receive requestVote(ELECTION, 53431d8f-156a-4a42-8637-9d4e156967ab, group-402B03C4197C, 3, (t:0, i:0))
2022-12-19 18:39:03,616 [grpc-default-executor-0] INFO  impl.VoteContext (VoteContext.java:log(49)) - a138d61e-33be-4034-b658-559812d9cbdd@group-402B03C4197C-FOLLOWER: accept ELECTION from 53431d8f-156a-4a42-8637-9d4e156967ab: our priority 0 <= candidate's priority 0
2022-12-19 18:39:03,616 [grpc-default-executor-0] INFO  server.RaftServer$Division (RaftServerImpl.java:setRole(321)) - a138d61e-33be-4034-b658-559812d9cbdd@group-402B03C4197C: changes role from  FOLLOWER to FOLLOWER at term 3 for candidate:53431d8f-156a-4a42-8637-9d4e156967ab
2022-12-19 18:39:03,616 [grpc-default-executor-0] INFO  impl.RoleInfo (RoleInfo.java:shutdownFollowerState(110)) - a138d61e-33be-4034-b658-559812d9cbdd: shutdown a138d61e-33be-4034-b658-559812d9cbdd@group-402B03C4197C-FollowerState
2022-12-19 18:39:03,616 [grpc-default-executor-0] INFO  impl.RoleInfo (RoleInfo.java:updateAndGet(139)) - a138d61e-33be-4034-b658-559812d9cbdd: start a138d61e-33be-4034-b658-559812d9cbdd@group-402B03C4197C-FollowerState
2022-12-19 18:39:03,616 [a138d61e-33be-4034-b658-559812d9cbdd@group-402B03C4197C-FollowerState] INFO  impl.FollowerState (FollowerState.java:run(152)) - a138d61e-33be-4034-b658-559812d9cbdd@group-402B03C4197C-FollowerState was interrupted
2022-12-19 18:39:03,618 [grpc-default-executor-1] INFO  server.RaftServer$Division (RaftServerImpl.java:requestVote(1218)) - 577e0dac-7593-4640-b9aa-fa89f15259b7@group-402B03C4197C: receive requestVote(ELECTION, 53431d8f-156a-4a42-8637-9d4e156967ab, group-402B03C4197C, 3, (t:0, i:0))
2022-12-19 18:39:03,618 [grpc-default-executor-1] INFO  impl.VoteContext (VoteContext.java:log(49)) - 577e0dac-7593-4640-b9aa-fa89f15259b7@group-402B03C4197C-FOLLOWER: reject ELECTION from 53431d8f-156a-4a42-8637-9d4e156967ab: our priority 1 > candidate's priority 0
2022-12-19 18:39:03,619 [grpc-default-executor-0] INFO  server.RaftServer$Division (RaftServerImpl.java:requestVote(1251)) - a138d61e-33be-4034-b658-559812d9cbdd@group-402B03C4197C replies to ELECTION vote request: 53431d8f-156a-4a42-8637-9d4e156967ab<-a138d61e-33be-4034-b658-559812d9cbdd#0:OK-t3. Peer's state: a138d61e-33be-4034-b658-559812d9cbdd@group-402B03C4197C:t3, leader=null, voted=53431d8f-156a-4a42-8637-9d4e156967ab, raftlog=Memoized:a138d61e-33be-4034-b658-559812d9cbdd@group-402B03C4197C-SegmentedRaftLog:OPENED:c-1, conf=-1: peers:[a138d61e-33be-4034-b658-559812d9cbdd|rpc:10.1.0.24:45397|dataStream:10.1.0.24:37159|priority:0|startupRole:FOLLOWER, 53431d8f-156a-4a42-8637-9d4e156967ab|rpc:10.1.0.24:42575|dataStream:10.1.0.24:37095|priority:0|startupRole:FOLLOWER, 577e0dac-7593-4640-b9aa-fa89f15259b7|rpc:10.1.0.24:45135|dataStream:10.1.0.24:40327|priority:1|startupRole:FOLLOWER]|listeners:[], old=null
2022-12-19 18:39:03,619 [grpc-default-executor-1] INFO  server.RaftServer$Division (RaftServerImpl.java:setRole(321)) - 577e0dac-7593-4640-b9aa-fa89f15259b7@group-402B03C4197C: changes role from  FOLLOWER to FOLLOWER at term 3 for candidate:53431d8f-156a-4a42-8637-9d4e156967ab
2022-12-19 18:39:03,619 [grpc-default-executor-1] INFO  impl.RoleInfo (RoleInfo.java:shutdownFollowerState(110)) - 577e0dac-7593-4640-b9aa-fa89f15259b7: shutdown 577e0dac-7593-4640-b9aa-fa89f15259b7@group-402B03C4197C-FollowerState
2022-12-19 18:39:03,619 [grpc-default-executor-1] INFO  impl.RoleInfo (RoleInfo.java:updateAndGet(139)) - 577e0dac-7593-4640-b9aa-fa89f15259b7: start 577e0dac-7593-4640-b9aa-fa89f15259b7@group-402B03C4197C-FollowerState
2022-12-19 18:39:03,619 [577e0dac-7593-4640-b9aa-fa89f15259b7@group-402B03C4197C-FollowerState] INFO  impl.FollowerState (FollowerState.java:run(152)) - 577e0dac-7593-4640-b9aa-fa89f15259b7@group-402B03C4197C-FollowerState was interrupted
2022-12-19 18:39:03,620 [grpc-default-executor-1] INFO  server.RaftServer$Division (RaftServerImpl.java:requestVote(1251)) - 577e0dac-7593-4640-b9aa-fa89f15259b7@group-402B03C4197C replies to ELECTION vote request: 53431d8f-156a-4a42-8637-9d4e156967ab<-577e0dac-7593-4640-b9aa-fa89f15259b7#0:FAIL-t3. Peer's state: 577e0dac-7593-4640-b9aa-fa89f15259b7@group-402B03C4197C:t3, leader=null, voted=null, raftlog=Memoized:577e0dac-7593-4640-b9aa-fa89f15259b7@group-402B03C4197C-SegmentedRaftLog:OPENED:c-1, conf=-1: peers:[a138d61e-33be-4034-b658-559812d9cbdd|rpc:10.1.0.24:45397|dataStream:10.1.0.24:37159|priority:0|startupRole:FOLLOWER, 53431d8f-156a-4a42-8637-9d4e156967ab|rpc:10.1.0.24:42575|dataStream:10.1.0.24:37095|priority:0|startupRole:FOLLOWER, 577e0dac-7593-4640-b9aa-fa89f15259b7|rpc:10.1.0.24:45135|dataStream:10.1.0.24:40327|priority:1|startupRole:FOLLOWER]|listeners:[], old=null
2022-12-19 18:39:03,621 [53431d8f-156a-4a42-8637-9d4e156967ab@group-402B03C4197C-LeaderElection13] INFO  impl.LeaderElection (LeaderElection.java:logAndReturn(90)) - 53431d8f-156a-4a42-8637-9d4e156967ab@group-402B03C4197C-LeaderElection13: ELECTION REJECTED received 2 response(s) and 0 exception(s):
2022-12-19 18:39:03,621 [53431d8f-156a-4a42-8637-9d4e156967ab@group-402B03C4197C-LeaderElection13] INFO  impl.LeaderElection (LeaderElection.java:logAndReturn(94)) -   Response 0: 53431d8f-156a-4a42-8637-9d4e156967ab<-a138d61e-33be-4034-b658-559812d9cbdd#0:OK-t3
2022-12-19 18:39:03,621 [53431d8f-156a-4a42-8637-9d4e156967ab@group-402B03C4197C-LeaderElection13] INFO  impl.LeaderElection (LeaderElection.java:logAndReturn(94)) -   Response 1: 53431d8f-156a-4a42-8637-9d4e156967ab<-577e0dac-7593-4640-b9aa-fa89f15259b7#0:FAIL-t3
2022-12-19 18:39:03,621 [53431d8f-156a-4a42-8637-9d4e156967ab@group-402B03C4197C-LeaderElection13] INFO  impl.LeaderElection (LeaderElection.java:askForVotes(314)) - 53431d8f-156a-4a42-8637-9d4e156967ab@group-402B03C4197C-LeaderElection13 ELECTION round 0: result REJECTED
2022-12-19 18:39:03,622 [53431d8f-156a-4a42-8637-9d4e156967ab@group-402B03C4197C-LeaderElection13] INFO  server.RaftServer$Division (RaftServerImpl.java:setRole(321)) - 53431d8f-156a-4a42-8637-9d4e156967ab@group-402B03C4197C: changes role from CANDIDATE to FOLLOWER at term 3 for REJECTED
2022-12-19 18:39:03,622 [53431d8f-156a-4a42-8637-9d4e156967ab@group-402B03C4197C-LeaderElection13] INFO  impl.RoleInfo (RoleInfo.java:shutdownLeaderElection(130)) - 53431d8f-156a-4a42-8637-9d4e156967ab: shutdown 53431d8f-156a-4a42-8637-9d4e156967ab@group-402B03C4197C-LeaderElection13
2022-12-19 18:39:03,622 [53431d8f-156a-4a42-8637-9d4e156967ab@group-402B03C4197C-LeaderElection13] INFO  impl.RoleInfo (RoleInfo.java:updateAndGet(139)) - 53431d8f-156a-4a42-8637-9d4e156967ab: start 53431d8f-156a-4a42-8637-9d4e156967ab@group-402B03C4197C-FollowerState
2022-12-19 18:39:03,622 [53431d8f-156a-4a42-8637-9d4e156967ab@group-402B03C4197C-FollowerState] INFO  server.RaftServerConfigKeys (ConfUtils.java:logFallback(53)) - raft.server.rpc.first-election.timeout.min = 5s (fallback to raft.server.rpc.timeout.min)
2022-12-19 18:39:03,622 [53431d8f-156a-4a42-8637-9d4e156967ab@group-402B03C4197C-FollowerState] INFO  server.RaftServerConfigKeys (ConfUtils.java:logFallback(53)) - raft.server.rpc.first-election.timeout.max = 5200ms (fallback to raft.server.rpc.timeout.max)
2022-12-19 18:39:03,623 [a138d61e-33be-4034-b658-559812d9cbdd@group-402B03C4197C-FollowerState] INFO  server.RaftServerConfigKeys (ConfUtils.java:logFallback(53)) - raft.server.rpc.first-election.timeout.min = 5s (fallback to raft.server.rpc.timeout.min)
2022-12-19 18:39:03,624 [a138d61e-33be-4034-b658-559812d9cbdd@group-402B03C4197C-FollowerState] INFO  server.RaftServerConfigKeys (ConfUtils.java:logFallback(53)) - raft.server.rpc.first-election.timeout.max = 5200ms (fallback to raft.server.rpc.timeout.max)
2022-12-19 18:39:03,626 [577e0dac-7593-4640-b9aa-fa89f15259b7@group-402B03C4197C-FollowerState] INFO  server.RaftServerConfigKeys (ConfUtils.java:logFallback(53)) - raft.server.rpc.first-election.timeout.min = 5s (fallback to raft.server.rpc.timeout.min)
2022-12-19 18:39:03,626 [577e0dac-7593-4640-b9aa-fa89f15259b7@group-402B03C4197C-FollowerState] INFO  server.RaftServerConfigKeys (ConfUtils.java:logFallback(53)) - raft.server.rpc.first-election.timeout.max = 5200ms (fallback to raft.server.rpc.timeout.max)
2022-12-19 18:39:03,749 [EventQueue-CommandQueueReportForCommandQueueReportHandler] WARN  events.EventQueue (EventQueue.java:fireEvent(216)) - No event handler registered for event TypedEvent{payloadType=DatanodeDetails, name='Datanode_Command_Queue_Updated'}
2022-12-19 18:39:04,022 [EventQueue-CommandQueueReportForCommandQueueReportHandler] WARN  events.EventQueue (EventQueue.java:fireEvent(216)) - No event handler registered for event TypedEvent{payloadType=DatanodeDetails, name='Datanode_Command_Queue_Updated'}
2022-12-19 18:39:04,192 [EventQueue-CommandQueueReportForCommandQueueReportHandler] WARN  events.EventQueue (EventQueue.java:fireEvent(216)) - No event handler registered for event TypedEvent{payloadType=DatanodeDetails, name='Datanode_Command_Queue_Updated'}
2022-12-19 18:39:05,007 [EventQueue-CommandQueueReportForCommandQueueReportHandler] WARN  events.EventQueue (EventQueue.java:fireEvent(216)) - No event handler registered for event TypedEvent{payloadType=DatanodeDetails, name='Datanode_Command_Queue_Updated'}
2022-12-19 18:39:05,085 [EventQueue-CommandQueueReportForCommandQueueReportHandler] WARN  events.EventQueue (EventQueue.java:fireEvent(216)) - No event handler registered for event TypedEvent{payloadType=DatanodeDetails, name='Datanode_Command_Queue_Updated'}
2022-12-19 18:39:05,359 [EventQueue-CommandQueueReportForCommandQueueReportHandler] WARN  events.EventQueue (EventQueue.java:fireEvent(216)) - No event handler registered for event TypedEvent{payloadType=DatanodeDetails, name='Datanode_Command_Queue_Updated'}
2022-12-19 18:39:05,426 [Under Replicated Processor] INFO  replication.UnhealthyReplicationProcessor (UnhealthyReplicationProcessor.java:processAll(103)) - Processed 0 containers with health state counts {},failed processing 0
2022-12-19 18:39:05,434 [Over Replicated Processor] INFO  replication.UnhealthyReplicationProcessor (UnhealthyReplicationProcessor.java:processAll(103)) - Processed 0 containers with health state counts {},failed processing 0
2022-12-19 18:39:05,750 [EventQueue-CommandQueueReportForCommandQueueReportHandler] WARN  events.EventQueue (EventQueue.java:fireEvent(216)) - No event handler registered for event TypedEvent{payloadType=DatanodeDetails, name='Datanode_Command_Queue_Updated'}
2022-12-19 18:39:06,025 [EventQueue-CommandQueueReportForCommandQueueReportHandler] WARN  events.EventQueue (EventQueue.java:fireEvent(216)) - No event handler registered for event TypedEvent{payloadType=DatanodeDetails, name='Datanode_Command_Queue_Updated'}
2022-12-19 18:39:06,193 [EventQueue-CommandQueueReportForCommandQueueReportHandler] WARN  events.EventQueue (EventQueue.java:fireEvent(216)) - No event handler registered for event TypedEvent{payloadType=DatanodeDetails, name='Datanode_Command_Queue_Updated'}
2022-12-19 18:39:07,007 [EventQueue-CommandQueueReportForCommandQueueReportHandler] WARN  events.EventQueue (EventQueue.java:fireEvent(216)) - No event handler registered for event TypedEvent{payloadType=DatanodeDetails, name='Datanode_Command_Queue_Updated'}
2022-12-19 18:39:07,087 [EventQueue-CommandQueueReportForCommandQueueReportHandler] WARN  events.EventQueue (EventQueue.java:fireEvent(216)) - No event handler registered for event TypedEvent{payloadType=DatanodeDetails, name='Datanode_Command_Queue_Updated'}
2022-12-19 18:39:07,359 [EventQueue-CommandQueueReportForCommandQueueReportHandler] WARN  events.EventQueue (EventQueue.java:fireEvent(216)) - No event handler registered for event TypedEvent{payloadType=DatanodeDetails, name='Datanode_Command_Queue_Updated'}
2022-12-19 18:39:07,751 [EventQueue-CommandQueueReportForCommandQueueReportHandler] WARN  events.EventQueue (EventQueue.java:fireEvent(216)) - No event handler registered for event TypedEvent{payloadType=DatanodeDetails, name='Datanode_Command_Queue_Updated'}
2022-12-19 18:39:08,023 [EventQueue-CommandQueueReportForCommandQueueReportHandler] WARN  events.EventQueue (EventQueue.java:fireEvent(216)) - No event handler registered for event TypedEvent{payloadType=DatanodeDetails, name='Datanode_Command_Queue_Updated'}
2022-12-19 18:39:08,193 [EventQueue-CommandQueueReportForCommandQueueReportHandler] WARN  events.EventQueue (EventQueue.java:fireEvent(216)) - No event handler registered for event TypedEvent{payloadType=DatanodeDetails, name='Datanode_Command_Queue_Updated'}
2022-12-19 18:39:08,632 [577e0dac-7593-4640-b9aa-fa89f15259b7@group-402B03C4197C-FollowerState] INFO  impl.FollowerState (FollowerState.java:run(143)) - 577e0dac-7593-4640-b9aa-fa89f15259b7@group-402B03C4197C-FollowerState: change to CANDIDATE, lastRpcElapsedTime:5013260697ns, electionTimeout:5006ms
2022-12-19 18:39:08,632 [577e0dac-7593-4640-b9aa-fa89f15259b7@group-402B03C4197C-FollowerState] INFO  impl.RoleInfo (RoleInfo.java:shutdownFollowerState(110)) - 577e0dac-7593-4640-b9aa-fa89f15259b7: shutdown 577e0dac-7593-4640-b9aa-fa89f15259b7@group-402B03C4197C-FollowerState
2022-12-19 18:39:08,632 [577e0dac-7593-4640-b9aa-fa89f15259b7@group-402B03C4197C-FollowerState] INFO  server.RaftServer$Division (RaftServerImpl.java:setRole(321)) - 577e0dac-7593-4640-b9aa-fa89f15259b7@group-402B03C4197C: changes role from  FOLLOWER to CANDIDATE at term 3 for changeToCandidate
2022-12-19 18:39:08,632 [577e0dac-7593-4640-b9aa-fa89f15259b7@group-402B03C4197C-FollowerState] INFO  server.RaftServerConfigKeys (ConfUtils.java:logGet(46)) - raft.server.leaderelection.pre-vote = false (custom)
2022-12-19 18:39:08,632 [577e0dac-7593-4640-b9aa-fa89f15259b7@group-402B03C4197C-FollowerState] INFO  impl.RoleInfo (RoleInfo.java:updateAndGet(139)) - 577e0dac-7593-4640-b9aa-fa89f15259b7: start 577e0dac-7593-4640-b9aa-fa89f15259b7@group-402B03C4197C-LeaderElection14
2022-12-19 18:39:08,635 [577e0dac-7593-4640-b9aa-fa89f15259b7@group-402B03C4197C-LeaderElection14] INFO  impl.LeaderElection (LeaderElection.java:askForVotes(312)) - 577e0dac-7593-4640-b9aa-fa89f15259b7@group-402B03C4197C-LeaderElection14 ELECTION round 0: submit vote requests at term 4 for -1: peers:[a138d61e-33be-4034-b658-559812d9cbdd|rpc:10.1.0.24:45397|dataStream:10.1.0.24:37159|priority:0|startupRole:FOLLOWER, 53431d8f-156a-4a42-8637-9d4e156967ab|rpc:10.1.0.24:42575|dataStream:10.1.0.24:37095|priority:0|startupRole:FOLLOWER, 577e0dac-7593-4640-b9aa-fa89f15259b7|rpc:10.1.0.24:45135|dataStream:10.1.0.24:40327|priority:1|startupRole:FOLLOWER]|listeners:[], old=null
2022-12-19 18:39:08,636 [577e0dac-7593-4640-b9aa-fa89f15259b7@group-402B03C4197C-LeaderElection14] INFO  server.RaftServerConfigKeys (ConfUtils.java:logFallback(53)) - raft.server.rpc.first-election.timeout.min = 5s (fallback to raft.server.rpc.timeout.min)
2022-12-19 18:39:08,636 [577e0dac-7593-4640-b9aa-fa89f15259b7@group-402B03C4197C-LeaderElection14-1] INFO  server.GrpcServerProtocolClient (GrpcServerProtocolClient.java:<init>(63)) - Build channel for a138d61e-33be-4034-b658-559812d9cbdd
2022-12-19 18:39:08,636 [577e0dac-7593-4640-b9aa-fa89f15259b7@group-402B03C4197C-LeaderElection14] INFO  server.RaftServerConfigKeys (ConfUtils.java:logFallback(53)) - raft.server.rpc.first-election.timeout.max = 5200ms (fallback to raft.server.rpc.timeout.max)
2022-12-19 18:39:08,636 [577e0dac-7593-4640-b9aa-fa89f15259b7@group-402B03C4197C-LeaderElection14-2] INFO  server.GrpcServerProtocolClient (GrpcServerProtocolClient.java:<init>(63)) - Build channel for 53431d8f-156a-4a42-8637-9d4e156967ab
2022-12-19 18:39:08,646 [grpc-default-executor-1] INFO  server.RaftServer$Division (RaftServerImpl.java:requestVote(1218)) - a138d61e-33be-4034-b658-559812d9cbdd@group-402B03C4197C: receive requestVote(ELECTION, 577e0dac-7593-4640-b9aa-fa89f15259b7, group-402B03C4197C, 4, (t:0, i:0))
2022-12-19 18:39:08,646 [grpc-default-executor-1] INFO  impl.VoteContext (VoteContext.java:log(49)) - a138d61e-33be-4034-b658-559812d9cbdd@group-402B03C4197C-FOLLOWER: accept ELECTION from 577e0dac-7593-4640-b9aa-fa89f15259b7: our priority 0 <= candidate's priority 1
2022-12-19 18:39:08,646 [grpc-default-executor-1] INFO  server.RaftServer$Division (RaftServerImpl.java:setRole(321)) - a138d61e-33be-4034-b658-559812d9cbdd@group-402B03C4197C: changes role from  FOLLOWER to FOLLOWER at term 4 for candidate:577e0dac-7593-4640-b9aa-fa89f15259b7
2022-12-19 18:39:08,646 [grpc-default-executor-1] INFO  impl.RoleInfo (RoleInfo.java:shutdownFollowerState(110)) - a138d61e-33be-4034-b658-559812d9cbdd: shutdown a138d61e-33be-4034-b658-559812d9cbdd@group-402B03C4197C-FollowerState
2022-12-19 18:39:08,646 [grpc-default-executor-1] INFO  impl.RoleInfo (RoleInfo.java:updateAndGet(139)) - a138d61e-33be-4034-b658-559812d9cbdd: start a138d61e-33be-4034-b658-559812d9cbdd@group-402B03C4197C-FollowerState
2022-12-19 18:39:08,646 [a138d61e-33be-4034-b658-559812d9cbdd@group-402B03C4197C-FollowerState] INFO  impl.FollowerState (FollowerState.java:run(152)) - a138d61e-33be-4034-b658-559812d9cbdd@group-402B03C4197C-FollowerState was interrupted
2022-12-19 18:39:08,647 [a138d61e-33be-4034-b658-559812d9cbdd@group-402B03C4197C-FollowerState] INFO  server.RaftServerConfigKeys (ConfUtils.java:logFallback(53)) - raft.server.rpc.first-election.timeout.min = 5s (fallback to raft.server.rpc.timeout.min)
2022-12-19 18:39:08,647 [a138d61e-33be-4034-b658-559812d9cbdd@group-402B03C4197C-FollowerState] INFO  server.RaftServerConfigKeys (ConfUtils.java:logFallback(53)) - raft.server.rpc.first-election.timeout.max = 5200ms (fallback to raft.server.rpc.timeout.max)
2022-12-19 18:39:08,648 [grpc-default-executor-0] INFO  server.RaftServer$Division (RaftServerImpl.java:requestVote(1218)) - 53431d8f-156a-4a42-8637-9d4e156967ab@group-402B03C4197C: receive requestVote(ELECTION, 577e0dac-7593-4640-b9aa-fa89f15259b7, group-402B03C4197C, 4, (t:0, i:0))
2022-12-19 18:39:08,648 [grpc-default-executor-0] INFO  impl.VoteContext (VoteContext.java:log(49)) - 53431d8f-156a-4a42-8637-9d4e156967ab@group-402B03C4197C-FOLLOWER: accept ELECTION from 577e0dac-7593-4640-b9aa-fa89f15259b7: our priority 0 <= candidate's priority 1
2022-12-19 18:39:08,648 [grpc-default-executor-0] INFO  server.RaftServer$Division (RaftServerImpl.java:setRole(321)) - 53431d8f-156a-4a42-8637-9d4e156967ab@group-402B03C4197C: changes role from  FOLLOWER to FOLLOWER at term 4 for candidate:577e0dac-7593-4640-b9aa-fa89f15259b7
2022-12-19 18:39:08,648 [grpc-default-executor-0] INFO  impl.RoleInfo (RoleInfo.java:shutdownFollowerState(110)) - 53431d8f-156a-4a42-8637-9d4e156967ab: shutdown 53431d8f-156a-4a42-8637-9d4e156967ab@group-402B03C4197C-FollowerState
2022-12-19 18:39:08,648 [grpc-default-executor-0] INFO  impl.RoleInfo (RoleInfo.java:updateAndGet(139)) - 53431d8f-156a-4a42-8637-9d4e156967ab: start 53431d8f-156a-4a42-8637-9d4e156967ab@group-402B03C4197C-FollowerState
2022-12-19 18:39:08,648 [53431d8f-156a-4a42-8637-9d4e156967ab@group-402B03C4197C-FollowerState] INFO  impl.FollowerState (FollowerState.java:run(152)) - 53431d8f-156a-4a42-8637-9d4e156967ab@group-402B03C4197C-FollowerState was interrupted
2022-12-19 18:39:08,649 [grpc-default-executor-1] INFO  server.RaftServer$Division (RaftServerImpl.java:requestVote(1251)) - a138d61e-33be-4034-b658-559812d9cbdd@group-402B03C4197C replies to ELECTION vote request: 577e0dac-7593-4640-b9aa-fa89f15259b7<-a138d61e-33be-4034-b658-559812d9cbdd#0:OK-t4. Peer's state: a138d61e-33be-4034-b658-559812d9cbdd@group-402B03C4197C:t4, leader=null, voted=577e0dac-7593-4640-b9aa-fa89f15259b7, raftlog=Memoized:a138d61e-33be-4034-b658-559812d9cbdd@group-402B03C4197C-SegmentedRaftLog:OPENED:c-1, conf=-1: peers:[a138d61e-33be-4034-b658-559812d9cbdd|rpc:10.1.0.24:45397|dataStream:10.1.0.24:37159|priority:0|startupRole:FOLLOWER, 53431d8f-156a-4a42-8637-9d4e156967ab|rpc:10.1.0.24:42575|dataStream:10.1.0.24:37095|priority:0|startupRole:FOLLOWER, 577e0dac-7593-4640-b9aa-fa89f15259b7|rpc:10.1.0.24:45135|dataStream:10.1.0.24:40327|priority:1|startupRole:FOLLOWER]|listeners:[], old=null
2022-12-19 18:39:08,653 [53431d8f-156a-4a42-8637-9d4e156967ab@group-402B03C4197C-FollowerState] INFO  server.RaftServerConfigKeys (ConfUtils.java:logFallback(53)) - raft.server.rpc.first-election.timeout.min = 5s (fallback to raft.server.rpc.timeout.min)
2022-12-19 18:39:08,654 [53431d8f-156a-4a42-8637-9d4e156967ab@group-402B03C4197C-FollowerState] INFO  server.RaftServerConfigKeys (ConfUtils.java:logFallback(53)) - raft.server.rpc.first-election.timeout.max = 5200ms (fallback to raft.server.rpc.timeout.max)
2022-12-19 18:39:08,654 [577e0dac-7593-4640-b9aa-fa89f15259b7@group-402B03C4197C-LeaderElection14] INFO  impl.LeaderElection (LeaderElection.java:logAndReturn(90)) - 577e0dac-7593-4640-b9aa-fa89f15259b7@group-402B03C4197C-LeaderElection14: ELECTION PASSED received 1 response(s) and 0 exception(s):
2022-12-19 18:39:08,654 [577e0dac-7593-4640-b9aa-fa89f15259b7@group-402B03C4197C-LeaderElection14] INFO  impl.LeaderElection (LeaderElection.java:logAndReturn(94)) -   Response 0: 577e0dac-7593-4640-b9aa-fa89f15259b7<-a138d61e-33be-4034-b658-559812d9cbdd#0:OK-t4
2022-12-19 18:39:08,654 [577e0dac-7593-4640-b9aa-fa89f15259b7@group-402B03C4197C-LeaderElection14] INFO  impl.LeaderElection (LeaderElection.java:askForVotes(314)) - 577e0dac-7593-4640-b9aa-fa89f15259b7@group-402B03C4197C-LeaderElection14 ELECTION round 0: result PASSED
2022-12-19 18:39:08,654 [577e0dac-7593-4640-b9aa-fa89f15259b7@group-402B03C4197C-LeaderElection14] INFO  impl.RoleInfo (RoleInfo.java:shutdownLeaderElection(130)) - 577e0dac-7593-4640-b9aa-fa89f15259b7: shutdown 577e0dac-7593-4640-b9aa-fa89f15259b7@group-402B03C4197C-LeaderElection14
2022-12-19 18:39:08,655 [577e0dac-7593-4640-b9aa-fa89f15259b7@group-402B03C4197C-LeaderElection14] INFO  server.RaftServer$Division (RaftServerImpl.java:setRole(321)) - 577e0dac-7593-4640-b9aa-fa89f15259b7@group-402B03C4197C: changes role from CANDIDATE to LEADER at term 4 for changeToLeader
2022-12-19 18:39:08,655 [577e0dac-7593-4640-b9aa-fa89f15259b7@group-402B03C4197C-LeaderElection14] INFO  ratis.XceiverServerRatis (XceiverServerRatis.java:handleLeaderChangedNotification(904)) - Leader change notification received for group: group-402B03C4197C with new leaderId: 577e0dac-7593-4640-b9aa-fa89f15259b7
2022-12-19 18:39:08,655 [grpc-default-executor-0] INFO  server.RaftServer$Division (RaftServerImpl.java:requestVote(1251)) - 53431d8f-156a-4a42-8637-9d4e156967ab@group-402B03C4197C replies to ELECTION vote request: 577e0dac-7593-4640-b9aa-fa89f15259b7<-53431d8f-156a-4a42-8637-9d4e156967ab#0:OK-t4. Peer's state: 53431d8f-156a-4a42-8637-9d4e156967ab@group-402B03C4197C:t4, leader=null, voted=577e0dac-7593-4640-b9aa-fa89f15259b7, raftlog=Memoized:53431d8f-156a-4a42-8637-9d4e156967ab@group-402B03C4197C-SegmentedRaftLog:OPENED:c-1, conf=-1: peers:[a138d61e-33be-4034-b658-559812d9cbdd|rpc:10.1.0.24:45397|dataStream:10.1.0.24:37159|priority:0|startupRole:FOLLOWER, 53431d8f-156a-4a42-8637-9d4e156967ab|rpc:10.1.0.24:42575|dataStream:10.1.0.24:37095|priority:0|startupRole:FOLLOWER, 577e0dac-7593-4640-b9aa-fa89f15259b7|rpc:10.1.0.24:45135|dataStream:10.1.0.24:40327|priority:1|startupRole:FOLLOWER]|listeners:[], old=null
2022-12-19 18:39:08,655 [577e0dac-7593-4640-b9aa-fa89f15259b7@group-402B03C4197C-LeaderElection14] INFO  server.RaftServer$Division (ServerState.java:setLeader(313)) - 577e0dac-7593-4640-b9aa-fa89f15259b7@group-402B03C4197C: change Leader from null to 577e0dac-7593-4640-b9aa-fa89f15259b7 at term 4 for becomeLeader, leader elected after 20006ms
2022-12-19 18:39:08,655 [577e0dac-7593-4640-b9aa-fa89f15259b7@group-402B03C4197C-LeaderElection14] INFO  server.RaftServerConfigKeys (ConfUtils.java:logGet(46)) - raft.server.staging.catchup.gap = 1000 (default)
2022-12-19 18:39:08,655 [577e0dac-7593-4640-b9aa-fa89f15259b7@group-402B03C4197C-LeaderElection14] INFO  server.RaftServerConfigKeys (ConfUtils.java:logGet(46)) - raft.server.write.element-limit = 1024 (custom)
2022-12-19 18:39:08,655 [577e0dac-7593-4640-b9aa-fa89f15259b7@group-402B03C4197C-LeaderElection14] INFO  server.RaftServerConfigKeys (ConfUtils.java:logGet(46)) - raft.server.write.byte-limit = 1024 M (=1073741824) (custom)
2022-12-19 18:39:08,655 [577e0dac-7593-4640-b9aa-fa89f15259b7@group-402B03C4197C-LeaderElection14] INFO  server.RaftServerConfigKeys (ConfUtils.java:logGet(46)) - raft.server.watch.timeout = 180s (custom)
2022-12-19 18:39:08,655 [577e0dac-7593-4640-b9aa-fa89f15259b7@group-402B03C4197C-LeaderElection14] INFO  server.RaftServerConfigKeys (ConfUtils.java:logGet(46)) - raft.server.watch.timeout.denomination = 1s (default)
2022-12-19 18:39:08,655 [577e0dac-7593-4640-b9aa-fa89f15259b7@group-402B03C4197C-LeaderElection14] INFO  server.RaftServerConfigKeys (ConfUtils.java:logGet(46)) - raft.server.watch.element-limit = 65536 (default)
2022-12-19 18:39:08,655 [577e0dac-7593-4640-b9aa-fa89f15259b7@group-402B03C4197C-LeaderElection14] INFO  server.RaftServerConfigKeys (ConfUtils.java:logGet(46)) - raft.server.write.element-limit = 1024 (custom)
2022-12-19 18:39:08,655 [577e0dac-7593-4640-b9aa-fa89f15259b7@group-402B03C4197C-LeaderElection14] INFO  server.RaftServerConfigKeys (ConfUtils.java:logGet(46)) - raft.server.write.follower.gap.ratio.max = -1.0 (default)
2022-12-19 18:39:08,656 [577e0dac-7593-4640-b9aa-fa89f15259b7@group-402B03C4197C-LeaderElection14] INFO  server.RaftServerConfigKeys (ConfUtils.java:logGet(46)) - raft.server.log.appender.snapshot.chunk.size.max = 16MB (=16777216) (default)
2022-12-19 18:39:08,656 [577e0dac-7593-4640-b9aa-fa89f15259b7@group-402B03C4197C-LeaderElection14] INFO  server.RaftServerConfigKeys (ConfUtils.java:logGet(46)) - raft.server.log.appender.buffer.byte-limit = 33554432 (custom)
2022-12-19 18:39:08,656 [577e0dac-7593-4640-b9aa-fa89f15259b7@group-402B03C4197C-LeaderElection14] INFO  server.RaftServerConfigKeys (ConfUtils.java:logGet(46)) - raft.server.log.appender.buffer.element-limit = 1 (custom)
2022-12-19 18:39:08,656 [577e0dac-7593-4640-b9aa-fa89f15259b7@group-402B03C4197C-LeaderElection14] INFO  grpc.GrpcConfigKeys (ConfUtils.java:logGet(46)) - raft.grpc.server.leader.outstanding.appends.max = 128 (default)
2022-12-19 18:39:08,656 [577e0dac-7593-4640-b9aa-fa89f15259b7@group-402B03C4197C-LeaderElection14] INFO  server.RaftServerConfigKeys (ConfUtils.java:logGet(46)) - raft.server.rpc.request.timeout = 60s (custom)
2022-12-19 18:39:08,656 [577e0dac-7593-4640-b9aa-fa89f15259b7@group-402B03C4197C-LeaderElection14] INFO  server.RaftServerConfigKeys (ConfUtils.java:logGet(46)) - raft.server.log.appender.install.snapshot.enabled = false (custom)
2022-12-19 18:39:08,656 [577e0dac-7593-4640-b9aa-fa89f15259b7@group-402B03C4197C-LeaderElection14] INFO  grpc.GrpcConfigKeys (ConfUtils.java:logGet(46)) - raft.grpc.server.heartbeat.channel = true (default)
2022-12-19 18:39:08,656 [577e0dac-7593-4640-b9aa-fa89f15259b7@group-402B03C4197C-LeaderElection14] INFO  server.RaftServerConfigKeys (ConfUtils.java:logGet(46)) - raft.server.log.appender.wait-time.min = 10ms (default)
2022-12-19 18:39:08,657 [577e0dac-7593-4640-b9aa-fa89f15259b7@group-402B03C4197C-LeaderElection14] INFO  server.RaftServerConfigKeys (ConfUtils.java:logGet(46)) - raft.server.log.appender.snapshot.chunk.size.max = 16MB (=16777216) (default)
2022-12-19 18:39:08,657 [577e0dac-7593-4640-b9aa-fa89f15259b7@group-402B03C4197C-LeaderElection14] INFO  server.RaftServerConfigKeys (ConfUtils.java:logGet(46)) - raft.server.log.appender.buffer.byte-limit = 33554432 (custom)
2022-12-19 18:39:08,657 [577e0dac-7593-4640-b9aa-fa89f15259b7@group-402B03C4197C-LeaderElection14] INFO  server.RaftServerConfigKeys (ConfUtils.java:logGet(46)) - raft.server.log.appender.buffer.element-limit = 1 (custom)
2022-12-19 18:39:08,657 [577e0dac-7593-4640-b9aa-fa89f15259b7@group-402B03C4197C-LeaderElection14] INFO  grpc.GrpcConfigKeys (ConfUtils.java:logGet(46)) - raft.grpc.server.leader.outstanding.appends.max = 128 (default)
2022-12-19 18:39:08,657 [577e0dac-7593-4640-b9aa-fa89f15259b7@group-402B03C4197C-LeaderElection14] INFO  server.RaftServerConfigKeys (ConfUtils.java:logGet(46)) - raft.server.rpc.request.timeout = 60s (custom)
2022-12-19 18:39:08,657 [577e0dac-7593-4640-b9aa-fa89f15259b7@group-402B03C4197C-LeaderElection14] INFO  server.RaftServerConfigKeys (ConfUtils.java:logGet(46)) - raft.server.log.appender.install.snapshot.enabled = false (custom)
2022-12-19 18:39:08,657 [577e0dac-7593-4640-b9aa-fa89f15259b7@group-402B03C4197C-LeaderElection14] INFO  grpc.GrpcConfigKeys (ConfUtils.java:logGet(46)) - raft.grpc.server.heartbeat.channel = true (default)
2022-12-19 18:39:08,657 [577e0dac-7593-4640-b9aa-fa89f15259b7@group-402B03C4197C-LeaderElection14] INFO  server.RaftServerConfigKeys (ConfUtils.java:logGet(46)) - raft.server.log.appender.wait-time.min = 10ms (default)
2022-12-19 18:39:08,657 [577e0dac-7593-4640-b9aa-fa89f15259b7@group-402B03C4197C-LeaderElection14] INFO  impl.RoleInfo (RoleInfo.java:updateAndGet(139)) - 577e0dac-7593-4640-b9aa-fa89f15259b7: start 577e0dac-7593-4640-b9aa-fa89f15259b7@group-402B03C4197C-LeaderStateImpl
2022-12-19 18:39:08,658 [577e0dac-7593-4640-b9aa-fa89f15259b7@group-402B03C4197C-LeaderElection14] INFO  segmented.SegmentedRaftLogWorker (SegmentedRaftLogWorker.java:startLogSegment(452)) - 577e0dac-7593-4640-b9aa-fa89f15259b7@group-402B03C4197C-SegmentedRaftLogWorker: Starting segment from index:0
2022-12-19 18:39:08,658 [EventQueue-CommandQueueReportForCommandQueueReportHandler] WARN  events.EventQueue (EventQueue.java:fireEvent(216)) - No event handler registered for event TypedEvent{payloadType=DatanodeDetails, name='Datanode_Command_Queue_Updated'}
2022-12-19 18:39:08,659 [EventQueue-PipelineReportForPipelineReportHandler] INFO  pipeline.PipelineManagerImpl (PipelineManagerImpl.java:openPipeline(367)) - Pipeline Pipeline[ Id: 11141a20-bb0e-415d-ac4a-402b03c4197c, Nodes: a138d61e-33be-4034-b658-559812d9cbdd{ip: 10.1.0.24, host: fv-az353-760.tkyx2seitsuu3nmpmouz2httfb.bx.internal.cloudapp.net, ports: [REPLICATION=38045, RATIS=45397, RATIS_ADMIN=45397, RATIS_SERVER=45397, RATIS_DATASTREAM=37159, STANDALONE=42919], networkLocation: /default-rack, certSerialId: null, persistedOpState: IN_SERVICE, persistedOpStateExpiryEpochSec: 0}577e0dac-7593-4640-b9aa-fa89f15259b7{ip: 10.1.0.24, host: fv-az353-760.tkyx2seitsuu3nmpmouz2httfb.bx.internal.cloudapp.net, ports: [REPLICATION=37597, RATIS=45135, RATIS_ADMIN=45135, RATIS_SERVER=45135, RATIS_DATASTREAM=40327, STANDALONE=45333], networkLocation: /default-rack, certSerialId: null, persistedOpState: IN_SERVICE, persistedOpStateExpiryEpochSec: 0}53431d8f-156a-4a42-8637-9d4e156967ab{ip: 10.1.0.24, host: fv-az353-760.tkyx2seitsuu3nmpmouz2httfb.bx.internal.cloudapp.net, ports: [REPLICATION=39375, RATIS=42575, RATIS_ADMIN=42575, RATIS_SERVER=42575, RATIS_DATASTREAM=37095, STANDALONE=40771], networkLocation: /default-rack, certSerialId: null, persistedOpState: IN_SERVICE, persistedOpStateExpiryEpochSec: 0}, ReplicationConfig: RATIS/THREE, State:ALLOCATED, leaderId:577e0dac-7593-4640-b9aa-fa89f15259b7, CreationTimestamp2022-12-19T18:38:45.900Z[Etc/UTC]] moved to OPEN state
2022-12-19 18:39:08,661 [577e0dac-7593-4640-b9aa-fa89f15259b7@group-402B03C4197C-SegmentedRaftLogWorker] INFO  segmented.SegmentedRaftLogWorker (SegmentedRaftLogWorker.java:execute(656)) - 577e0dac-7593-4640-b9aa-fa89f15259b7@group-402B03C4197C-SegmentedRaftLogWorker: created new log segment /home/runner/work/ozone/ozone/hadoop-ozone/integration-test/target/test-dir/MiniOzoneClusterImpl-11542299-c030-49ce-a1ef-33f98f34fc6c/datanode-5/data/ratis/11141a20-bb0e-415d-ac4a-402b03c4197c/current/log_inprogress_0
2022-12-19 18:39:08,673 [577e0dac-7593-4640-b9aa-fa89f15259b7@group-402B03C4197C-LeaderElection14] INFO  server.RaftServer$Division (ServerState.java:setRaftConf(430)) - 577e0dac-7593-4640-b9aa-fa89f15259b7@group-402B03C4197C: set configuration 0: peers:[a138d61e-33be-4034-b658-559812d9cbdd|rpc:10.1.0.24:45397|dataStream:10.1.0.24:37159|priority:0|startupRole:FOLLOWER, 53431d8f-156a-4a42-8637-9d4e156967ab|rpc:10.1.0.24:42575|dataStream:10.1.0.24:37095|priority:0|startupRole:FOLLOWER, 577e0dac-7593-4640-b9aa-fa89f15259b7|rpc:10.1.0.24:45135|dataStream:10.1.0.24:40327|priority:1|startupRole:FOLLOWER]|listeners:[], old=null
2022-12-19 18:39:08,679 [a138d61e-33be-4034-b658-559812d9cbdd-server-thread1] INFO  ratis.XceiverServerRatis (XceiverServerRatis.java:handleLeaderChangedNotification(904)) - Leader change notification received for group: group-402B03C4197C with new leaderId: 577e0dac-7593-4640-b9aa-fa89f15259b7
2022-12-19 18:39:08,679 [a138d61e-33be-4034-b658-559812d9cbdd-server-thread1] INFO  server.RaftServer$Division (ServerState.java:setLeader(313)) - a138d61e-33be-4034-b658-559812d9cbdd@group-402B03C4197C: change Leader from null to 577e0dac-7593-4640-b9aa-fa89f15259b7 at term 4 for appendEntries, leader elected after 20384ms
2022-12-19 18:39:08,680 [53431d8f-156a-4a42-8637-9d4e156967ab-server-thread1] INFO  ratis.XceiverServerRatis (XceiverServerRatis.java:handleLeaderChangedNotification(904)) - Leader change notification received for group: group-402B03C4197C with new leaderId: 577e0dac-7593-4640-b9aa-fa89f15259b7
2022-12-19 18:39:08,680 [53431d8f-156a-4a42-8637-9d4e156967ab-server-thread1] INFO  server.RaftServer$Division (ServerState.java:setLeader(313)) - 53431d8f-156a-4a42-8637-9d4e156967ab@group-402B03C4197C: change Leader from null to 577e0dac-7593-4640-b9aa-fa89f15259b7 at term 4 for appendEntries, leader elected after 20421ms
2022-12-19 18:39:08,684 [a138d61e-33be-4034-b658-559812d9cbdd-server-thread2] INFO  server.RaftServer$Division (ServerState.java:setRaftConf(430)) - a138d61e-33be-4034-b658-559812d9cbdd@group-402B03C4197C: set configuration 0: peers:[a138d61e-33be-4034-b658-559812d9cbdd|rpc:10.1.0.24:45397|dataStream:10.1.0.24:37159|priority:0|startupRole:FOLLOWER, 53431d8f-156a-4a42-8637-9d4e156967ab|rpc:10.1.0.24:42575|dataStream:10.1.0.24:37095|priority:0|startupRole:FOLLOWER, 577e0dac-7593-4640-b9aa-fa89f15259b7|rpc:10.1.0.24:45135|dataStream:10.1.0.24:40327|priority:1|startupRole:FOLLOWER]|listeners:[], old=null
2022-12-19 18:39:08,684 [a138d61e-33be-4034-b658-559812d9cbdd-server-thread2] INFO  segmented.SegmentedRaftLogWorker (SegmentedRaftLogWorker.java:startLogSegment(452)) - a138d61e-33be-4034-b658-559812d9cbdd@group-402B03C4197C-SegmentedRaftLogWorker: Starting segment from index:0
2022-12-19 18:39:08,685 [a138d61e-33be-4034-b658-559812d9cbdd@group-402B03C4197C-SegmentedRaftLogWorker] INFO  segmented.SegmentedRaftLogWorker (SegmentedRaftLogWorker.java:execute(656)) - a138d61e-33be-4034-b658-559812d9cbdd@group-402B03C4197C-SegmentedRaftLogWorker: created new log segment /home/runner/work/ozone/ozone/hadoop-ozone/integration-test/target/test-dir/MiniOzoneClusterImpl-11542299-c030-49ce-a1ef-33f98f34fc6c/datanode-4/data/ratis/11141a20-bb0e-415d-ac4a-402b03c4197c/current/log_inprogress_0
2022-12-19 18:39:08,690 [53431d8f-156a-4a42-8637-9d4e156967ab-server-thread2] INFO  server.RaftServer$Division (ServerState.java:setRaftConf(430)) - 53431d8f-156a-4a42-8637-9d4e156967ab@group-402B03C4197C: set configuration 0: peers:[a138d61e-33be-4034-b658-559812d9cbdd|rpc:10.1.0.24:45397|dataStream:10.1.0.24:37159|priority:0|startupRole:FOLLOWER, 53431d8f-156a-4a42-8637-9d4e156967ab|rpc:10.1.0.24:42575|dataStream:10.1.0.24:37095|priority:0|startupRole:FOLLOWER, 577e0dac-7593-4640-b9aa-fa89f15259b7|rpc:10.1.0.24:45135|dataStream:10.1.0.24:40327|priority:1|startupRole:FOLLOWER]|listeners:[], old=null
2022-12-19 18:39:08,690 [53431d8f-156a-4a42-8637-9d4e156967ab-server-thread2] INFO  segmented.SegmentedRaftLogWorker (SegmentedRaftLogWorker.java:startLogSegment(452)) - 53431d8f-156a-4a42-8637-9d4e156967ab@group-402B03C4197C-SegmentedRaftLogWorker: Starting segment from index:0
2022-12-19 18:39:08,692 [53431d8f-156a-4a42-8637-9d4e156967ab@group-402B03C4197C-SegmentedRaftLogWorker] INFO  segmented.SegmentedRaftLogWorker (SegmentedRaftLogWorker.java:execute(656)) - 53431d8f-156a-4a42-8637-9d4e156967ab@group-402B03C4197C-SegmentedRaftLogWorker: created new log segment /home/runner/work/ozone/ozone/hadoop-ozone/integration-test/target/test-dir/MiniOzoneClusterImpl-11542299-c030-49ce-a1ef-33f98f34fc6c/datanode-3/data/ratis/11141a20-bb0e-415d-ac4a-402b03c4197c/current/log_inprogress_0
2022-12-19 18:39:08,739 [Listener at 127.0.0.1/44039] INFO  ozone.MiniOzoneClusterImpl (MiniOzoneClusterImpl.java:shutdown(449)) - Shutting down the Mini Ozone Cluster
2022-12-19 18:39:08,739 [Listener at 127.0.0.1/44039] INFO  ozone.MiniOzoneClusterImpl (MiniOzoneClusterImpl.java:stop(464)) - Stopping the Mini Ozone Cluster
2022-12-19 18:39:08,739 [Listener at 127.0.0.1/44039] INFO  ozone.MiniOzoneClusterImpl (MiniOzoneClusterImpl.java:stopOM(546)) - Stopping the OzoneManager
2022-12-19 18:39:08,740 [Listener at 127.0.0.1/44039] INFO  om.OzoneManager (OzoneManager.java:stop(2036)) - om1[localhost:0]: Stopping Ozone Manager
2022-12-19 18:39:08,740 [Listener at 127.0.0.1/44039] INFO  ipc.Server (Server.java:stop(3428)) - Stopping server on 44039
2022-12-19 18:39:08,744 [IPC Server listener on 0] INFO  ipc.Server (Server.java:run(1384)) - Stopping IPC Server listener on 0
2022-12-19 18:39:08,746 [IPC Server Responder] INFO  ipc.Server (Server.java:run(1517)) - Stopping IPC Server Responder
2022-12-19 18:39:08,747 [Listener at 127.0.0.1/44039] INFO  server.RaftServer (RaftServerProxy.java:lambda$close$6(409)) - om1: close
2022-12-19 18:39:08,748 [Listener at 127.0.0.1/44039] INFO  server.GrpcService (GrpcService.java:closeImpl(271)) - om1: shutdown server GrpcServerProtocolService now
2022-12-19 18:39:08,753 [om1-impl-thread1] INFO  server.RaftServer$Division (RaftServerImpl.java:lambda$close$4(458)) - om1@group-C5BA1605619E: shutdown
2022-12-19 18:39:08,754 [om1-impl-thread1] INFO  util.JmxRegister (JmxRegister.java:unregister(73)) - Successfully un-registered JMX Bean with object name Ratis:service=RaftServer,group=group-C5BA1605619E,id=om1
2022-12-19 18:39:08,754 [om1-impl-thread1] INFO  impl.RoleInfo (RoleInfo.java:shutdownLeaderState(93)) - om1: shutdown om1@group-C5BA1605619E-LeaderStateImpl
2022-12-19 18:39:08,754 [om1-impl-thread1] INFO  impl.PendingRequests (PendingRequests.java:sendNotLeaderResponses(282)) - om1@group-C5BA1605619E-PendingRequests: sendNotLeaderResponses
2022-12-19 18:39:08,754 [om1-impl-thread1] INFO  impl.StateMachineUpdater (StateMachineUpdater.java:stopAndJoin(153)) - om1@group-C5BA1605619E-StateMachineUpdater: set stopIndex = 0
2022-12-19 18:39:08,754 [om1@group-C5BA1605619E-StateMachineUpdater] INFO  ratis.OzoneManagerStateMachine (OzoneManagerStateMachine.java:takeSnapshot(445)) - Current Snapshot Index (t:1, i:0)
2022-12-19 18:39:08,756 [Listener at 127.0.0.1/44039] INFO  server.GrpcService (GrpcService.java:closeImpl(280)) - om1: shutdown server GrpcServerProtocolService successfully
2022-12-19 18:39:08,756 [om1-NettyServerStreamRpc-bossGroup--thread1] INFO  logging.LoggingHandler (AbstractInternalLogger.java:log(148)) - [id: 0xbe33f442, L:/0:0:0:0:0:0:0:0:42505] CLOSE
2022-12-19 18:39:08,756 [om1-NettyServerStreamRpc-bossGroup--thread1] INFO  logging.LoggingHandler (AbstractInternalLogger.java:log(148)) - [id: 0xbe33f442, L:/0:0:0:0:0:0:0:0:42505] INACTIVE
2022-12-19 18:39:08,756 [om1-NettyServerStreamRpc-bossGroup--thread1] INFO  logging.LoggingHandler (AbstractInternalLogger.java:log(148)) - [id: 0xbe33f442, L:/0:0:0:0:0:0:0:0:42505] UNREGISTERED
2022-12-19 18:39:08,757 [om1@group-C5BA1605619E-StateMachineUpdater] INFO  impl.StateMachineUpdater (StateMachineUpdater.java:takeSnapshot(287)) - om1@group-C5BA1605619E-StateMachineUpdater: Took a snapshot at index 0
2022-12-19 18:39:08,757 [om1@group-C5BA1605619E-StateMachineUpdater] INFO  impl.StateMachineUpdater (StateMachineUpdater.java:lambda$new$0(92)) - om1@group-C5BA1605619E-StateMachineUpdater: snapshotIndex: updateIncreasingly -1 -> 0
2022-12-19 18:39:08,757 [om1@group-C5BA1605619E-StateMachineUpdater] INFO  ratis.OzoneManagerStateMachine (OzoneManagerStateMachine.java:close(499)) - StateMachine has shutdown. Shutdown OzoneManager if not already shutdown.
2022-12-19 18:39:08,757 [om1@group-C5BA1605619E-StateMachineUpdater] INFO  ratis.OzoneManagerDoubleBuffer (OzoneManagerDoubleBuffer.java:stop(466)) - Stopping OMDoubleBuffer flush thread
2022-12-19 18:39:08,757 [OMDoubleBufferFlushThread] INFO  ratis.OzoneManagerDoubleBuffer (OzoneManagerDoubleBuffer.java:flushTransactions(385)) - OMDoubleBuffer flush thread OMDoubleBufferFlushThread is interrupted and will exit.
2022-12-19 18:39:08,770 [om1-impl-thread1] INFO  server.RaftServer$Division (ServerState.java:close(466)) - om1@group-C5BA1605619E: closes. applyIndex: 0
2022-12-19 18:39:08,770 [om1@group-C5BA1605619E-SegmentedRaftLogWorker] INFO  segmented.SegmentedRaftLogWorker (SegmentedRaftLogWorker.java:run(347)) - om1@group-C5BA1605619E-SegmentedRaftLogWorker was interrupted, exiting. There are 0 tasks remaining in the queue.
2022-12-19 18:39:08,772 [om1-impl-thread1] INFO  segmented.SegmentedRaftLogWorker (SegmentedRaftLogWorker.java:close(257)) - om1@group-C5BA1605619E-SegmentedRaftLogWorker close()
2022-12-19 18:39:08,772 [JvmPauseMonitor0] INFO  util.JvmPauseMonitor (JvmPauseMonitor.java:run(111)) - JvmPauseMonitor-om1: Stopped
2022-12-19 18:39:08,773 [Listener at 127.0.0.1/44039] INFO  ratis.OzoneManagerStateMachine (OzoneManagerStateMachine.java:close(499)) - StateMachine has shutdown. Shutdown OzoneManager if not already shutdown.
2022-12-19 18:39:08,773 [Listener at 127.0.0.1/44039] INFO  ratis.OzoneManagerDoubleBuffer (OzoneManagerDoubleBuffer.java:stop(478)) - OMDoubleBuffer flush thread is not running.
2022-12-19 18:39:08,773 [Listener at 127.0.0.1/44039] INFO  utils.BackgroundService (BackgroundService.java:shutdown(141)) - Shutting down service KeyDeletingService
2022-12-19 18:39:08,774 [Listener at 127.0.0.1/44039] INFO  utils.BackgroundService (BackgroundService.java:shutdown(141)) - Shutting down service DirectoryDeletingService
2022-12-19 18:39:08,774 [Listener at 127.0.0.1/44039] INFO  utils.BackgroundService (BackgroundService.java:shutdown(141)) - Shutting down service OpenKeyCleanupService
2022-12-19 18:39:08,776 [Listener at 127.0.0.1/44039] INFO  handler.ContextHandler (ContextHandler.java:doStop(1159)) - Stopped o.e.j.w.WebAppContext@509520a5{ozoneManager,/,null,STOPPED}{file:/home/runner/work/ozone/ozone/hadoop-ozone/integration-test/target/test-classes/webapps/ozoneManager}
2022-12-19 18:39:08,779 [Listener at 127.0.0.1/44039] INFO  server.AbstractConnector (AbstractConnector.java:doStop(383)) - Stopped ServerConnector@61c53e05{HTTP/1.1, (http/1.1)}{0.0.0.0:0}
2022-12-19 18:39:08,779 [Listener at 127.0.0.1/44039] INFO  server.session (HouseKeeper.java:stopScavenging(149)) - node0 Stopped scavenging
2022-12-19 18:39:08,780 [Listener at 127.0.0.1/44039] INFO  handler.ContextHandler (ContextHandler.java:doStop(1159)) - Stopped o.e.j.s.ServletContextHandler@41b78022{static,/static,file:///home/runner/work/ozone/ozone/hadoop-ozone/integration-test/target/test-classes/webapps/static,STOPPED}
2022-12-19 18:39:08,780 [Listener at 127.0.0.1/44039] INFO  handler.ContextHandler (ContextHandler.java:doStop(1159)) - Stopped o.e.j.s.ServletContextHandler@62e2fc61{logs,/logs,file:///home/runner/work/ozone/ozone/hadoop-ozone/integration-test/target/log,STOPPED}
2022-12-19 18:39:08,787 [Listener at 127.0.0.1/44039] INFO  ozone.MiniOzoneClusterImpl (MiniOzoneClusterImpl.java:stopDatanodes(523)) - Stopping the HddsDatanodes
2022-12-19 18:39:08,789 [Listener at 127.0.0.1/44039] INFO  ozoneimpl.OzoneContainer (OzoneContainer.java:stop(417)) - Attempting to stop container services.
2022-12-19 18:39:08,793 [Listener at 127.0.0.1/44039] INFO  server.RaftServer (RaftServerProxy.java:lambda$close$6(409)) - 53431d8f-156a-4a42-8637-9d4e156967ab: close
2022-12-19 18:39:08,793 [53431d8f-156a-4a42-8637-9d4e156967ab-impl-thread1] INFO  server.RaftServer$Division (RaftServerImpl.java:lambda$close$4(458)) - 53431d8f-156a-4a42-8637-9d4e156967ab@group-6C568F008C3A: shutdown
2022-12-19 18:39:08,793 [53431d8f-156a-4a42-8637-9d4e156967ab-impl-thread1] INFO  util.JmxRegister (JmxRegister.java:unregister(73)) - Successfully un-registered JMX Bean with object name Ratis:service=RaftServer,group=group-6C568F008C3A,id=53431d8f-156a-4a42-8637-9d4e156967ab
2022-12-19 18:39:08,793 [53431d8f-156a-4a42-8637-9d4e156967ab-impl-thread1] INFO  impl.RoleInfo (RoleInfo.java:shutdownFollowerState(110)) - 53431d8f-156a-4a42-8637-9d4e156967ab: shutdown 53431d8f-156a-4a42-8637-9d4e156967ab@group-6C568F008C3A-FollowerState
2022-12-19 18:39:08,793 [53431d8f-156a-4a42-8637-9d4e156967ab-impl-thread1] INFO  impl.StateMachineUpdater (StateMachineUpdater.java:stopAndJoin(153)) - 53431d8f-156a-4a42-8637-9d4e156967ab@group-6C568F008C3A-StateMachineUpdater: set stopIndex = 0
2022-12-19 18:39:08,793 [ForkJoinPool.commonPool-worker-0] INFO  ozoneimpl.OzoneContainer (OzoneContainer.java:stop(417)) - Attempting to stop container services.
2022-12-19 18:39:08,793 [53431d8f-156a-4a42-8637-9d4e156967ab@group-6C568F008C3A-StateMachineUpdater] INFO  ratis.ContainerStateMachine (ContainerStateMachine.java:takeSnapshot(308)) - group-6C568F008C3A: Taking a snapshot at:(t:1, i:0) file /home/runner/work/ozone/ozone/hadoop-ozone/integration-test/target/test-dir/MiniOzoneClusterImpl-11542299-c030-49ce-a1ef-33f98f34fc6c/datanode-3/data/ratis/f2fe750a-536e-4391-947d-6c568f008c3a/sm/snapshot.1_0
2022-12-19 18:39:08,793 [53431d8f-156a-4a42-8637-9d4e156967ab@group-6C568F008C3A-FollowerState] INFO  impl.FollowerState (FollowerState.java:run(152)) - 53431d8f-156a-4a42-8637-9d4e156967ab@group-6C568F008C3A-FollowerState was interrupted
2022-12-19 18:39:08,794 [53431d8f-156a-4a42-8637-9d4e156967ab@group-6C568F008C3A-StateMachineUpdater] INFO  ratis.ContainerStateMachine (ContainerStateMachine.java:takeSnapshot(319)) - group-6C568F008C3A: Finished taking a snapshot at:(t:1, i:0) file:/home/runner/work/ozone/ozone/hadoop-ozone/integration-test/target/test-dir/MiniOzoneClusterImpl-11542299-c030-49ce-a1ef-33f98f34fc6c/datanode-3/data/ratis/f2fe750a-536e-4391-947d-6c568f008c3a/sm/snapshot.1_0 took: 1 ms
2022-12-19 18:39:08,794 [ForkJoinPool.commonPool-worker-0] INFO  server.RaftServer (RaftServerProxy.java:lambda$close$6(409)) - 91d78431-6cd7-4796-a346-e9fe01a1de12: close
2022-12-19 18:39:08,794 [53431d8f-156a-4a42-8637-9d4e156967ab@group-6C568F008C3A-StateMachineUpdater] INFO  impl.StateMachineUpdater (StateMachineUpdater.java:takeSnapshot(287)) - 53431d8f-156a-4a42-8637-9d4e156967ab@group-6C568F008C3A-StateMachineUpdater: Took a snapshot at index 0
2022-12-19 18:39:08,794 [91d78431-6cd7-4796-a346-e9fe01a1de12-impl-thread1] INFO  server.RaftServer$Division (RaftServerImpl.java:lambda$close$4(458)) - 91d78431-6cd7-4796-a346-e9fe01a1de12@group-993D79B04317: shutdown
2022-12-19 18:39:08,794 [53431d8f-156a-4a42-8637-9d4e156967ab@group-6C568F008C3A-StateMachineUpdater] INFO  impl.StateMachineUpdater (StateMachineUpdater.java:lambda$new$0(92)) - 53431d8f-156a-4a42-8637-9d4e156967ab@group-6C568F008C3A-StateMachineUpdater: snapshotIndex: updateIncreasingly -1 -> 0
2022-12-19 18:39:08,794 [91d78431-6cd7-4796-a346-e9fe01a1de12-impl-thread1] INFO  util.JmxRegister (JmxRegister.java:unregister(73)) - Successfully un-registered JMX Bean with object name Ratis:service=RaftServer,group=group-993D79B04317,id=91d78431-6cd7-4796-a346-e9fe01a1de12
2022-12-19 18:39:08,795 [91d78431-6cd7-4796-a346-e9fe01a1de12-impl-thread1] INFO  impl.RoleInfo (RoleInfo.java:shutdownLeaderState(93)) - 91d78431-6cd7-4796-a346-e9fe01a1de12: shutdown 91d78431-6cd7-4796-a346-e9fe01a1de12@group-993D79B04317-LeaderStateImpl
2022-12-19 18:39:08,795 [91d78431-6cd7-4796-a346-e9fe01a1de12-impl-thread1] INFO  impl.PendingRequests (PendingRequests.java:sendNotLeaderResponses(282)) - 91d78431-6cd7-4796-a346-e9fe01a1de12@group-993D79B04317-PendingRequests: sendNotLeaderResponses
2022-12-19 18:39:08,795 [53431d8f-156a-4a42-8637-9d4e156967ab-impl-thread1] INFO  server.RaftServer$Division (ServerState.java:close(466)) - 53431d8f-156a-4a42-8637-9d4e156967ab@group-6C568F008C3A: closes. applyIndex: 0
2022-12-19 18:39:08,795 [91d78431-6cd7-4796-a346-e9fe01a1de12-impl-thread1] INFO  impl.StateMachineUpdater (StateMachineUpdater.java:stopAndJoin(153)) - 91d78431-6cd7-4796-a346-e9fe01a1de12@group-993D79B04317-StateMachineUpdater: set stopIndex = 0
2022-12-19 18:39:08,795 [53431d8f-156a-4a42-8637-9d4e156967ab@group-6C568F008C3A-SegmentedRaftLogWorker] INFO  segmented.SegmentedRaftLogWorker (SegmentedRaftLogWorker.java:run(347)) - 53431d8f-156a-4a42-8637-9d4e156967ab@group-6C568F008C3A-SegmentedRaftLogWorker was interrupted, exiting. There are 0 tasks remaining in the queue.
2022-12-19 18:39:08,795 [91d78431-6cd7-4796-a346-e9fe01a1de12@group-993D79B04317-StateMachineUpdater] INFO  ratis.ContainerStateMachine (ContainerStateMachine.java:takeSnapshot(308)) - group-993D79B04317: Taking a snapshot at:(t:1, i:0) file /home/runner/work/ozone/ozone/hadoop-ozone/integration-test/target/test-dir/MiniOzoneClusterImpl-11542299-c030-49ce-a1ef-33f98f34fc6c/datanode-1/data/ratis/30ac4af6-4368-4b38-8f7a-993d79b04317/sm/snapshot.1_0
2022-12-19 18:39:08,795 [ForkJoinPool.commonPool-worker-0] INFO  server.GrpcService (GrpcService.java:closeImpl(271)) - 91d78431-6cd7-4796-a346-e9fe01a1de12: shutdown server GrpcServerProtocolService now
2022-12-19 18:39:08,799 [53431d8f-156a-4a42-8637-9d4e156967ab-impl-thread1] INFO  segmented.SegmentedRaftLogWorker (SegmentedRaftLogWorker.java:close(257)) - 53431d8f-156a-4a42-8637-9d4e156967ab@group-6C568F008C3A-SegmentedRaftLogWorker close()
2022-12-19 18:39:08,800 [91d78431-6cd7-4796-a346-e9fe01a1de12@group-993D79B04317-StateMachineUpdater] INFO  ratis.ContainerStateMachine (ContainerStateMachine.java:takeSnapshot(319)) - group-993D79B04317: Finished taking a snapshot at:(t:1, i:0) file:/home/runner/work/ozone/ozone/hadoop-ozone/integration-test/target/test-dir/MiniOzoneClusterImpl-11542299-c030-49ce-a1ef-33f98f34fc6c/datanode-1/data/ratis/30ac4af6-4368-4b38-8f7a-993d79b04317/sm/snapshot.1_0 took: 5 ms
2022-12-19 18:39:08,800 [91d78431-6cd7-4796-a346-e9fe01a1de12@group-993D79B04317-StateMachineUpdater] INFO  impl.StateMachineUpdater (StateMachineUpdater.java:takeSnapshot(287)) - 91d78431-6cd7-4796-a346-e9fe01a1de12@group-993D79B04317-StateMachineUpdater: Took a snapshot at index 0
2022-12-19 18:39:08,801 [91d78431-6cd7-4796-a346-e9fe01a1de12@group-993D79B04317-StateMachineUpdater] INFO  impl.StateMachineUpdater (StateMachineUpdater.java:lambda$new$0(92)) - 91d78431-6cd7-4796-a346-e9fe01a1de12@group-993D79B04317-StateMachineUpdater: snapshotIndex: updateIncreasingly -1 -> 0
2022-12-19 18:39:08,801 [91d78431-6cd7-4796-a346-e9fe01a1de12-impl-thread1] INFO  server.RaftServer$Division (ServerState.java:close(466)) - 91d78431-6cd7-4796-a346-e9fe01a1de12@group-993D79B04317: closes. applyIndex: 0
2022-12-19 18:39:08,801 [91d78431-6cd7-4796-a346-e9fe01a1de12@group-993D79B04317-SegmentedRaftLogWorker] INFO  segmented.SegmentedRaftLogWorker (SegmentedRaftLogWorker.java:run(347)) - 91d78431-6cd7-4796-a346-e9fe01a1de12@group-993D79B04317-SegmentedRaftLogWorker was interrupted, exiting. There are 0 tasks remaining in the queue.
2022-12-19 18:39:08,801 [91d78431-6cd7-4796-a346-e9fe01a1de12-impl-thread1] INFO  segmented.SegmentedRaftLogWorker (SegmentedRaftLogWorker.java:close(257)) - 91d78431-6cd7-4796-a346-e9fe01a1de12@group-993D79B04317-SegmentedRaftLogWorker close()
2022-12-19 18:39:08,810 [53431d8f-156a-4a42-8637-9d4e156967ab-impl-thread2] INFO  server.RaftServer$Division (RaftServerImpl.java:lambda$close$4(458)) - 53431d8f-156a-4a42-8637-9d4e156967ab@group-EAE143FE8DC9: shutdown
2022-12-19 18:39:08,810 [53431d8f-156a-4a42-8637-9d4e156967ab-impl-thread2] INFO  util.JmxRegister (JmxRegister.java:unregister(73)) - Successfully un-registered JMX Bean with object name Ratis:service=RaftServer,group=group-EAE143FE8DC9,id=53431d8f-156a-4a42-8637-9d4e156967ab
2022-12-19 18:39:08,810 [53431d8f-156a-4a42-8637-9d4e156967ab-impl-thread2] INFO  impl.RoleInfo (RoleInfo.java:shutdownLeaderState(93)) - 53431d8f-156a-4a42-8637-9d4e156967ab: shutdown 53431d8f-156a-4a42-8637-9d4e156967ab@group-EAE143FE8DC9-LeaderStateImpl
2022-12-19 18:39:08,810 [53431d8f-156a-4a42-8637-9d4e156967ab-impl-thread2] INFO  impl.PendingRequests (PendingRequests.java:sendNotLeaderResponses(282)) - 53431d8f-156a-4a42-8637-9d4e156967ab@group-EAE143FE8DC9-PendingRequests: sendNotLeaderResponses
2022-12-19 18:39:08,810 [53431d8f-156a-4a42-8637-9d4e156967ab@group-EAE143FE8DC9-StateMachineUpdater] INFO  ratis.ContainerStateMachine (ContainerStateMachine.java:takeSnapshot(308)) - group-EAE143FE8DC9: Taking a snapshot at:(t:1, i:0) file /home/runner/work/ozone/ozone/hadoop-ozone/integration-test/target/test-dir/MiniOzoneClusterImpl-11542299-c030-49ce-a1ef-33f98f34fc6c/datanode-3/data/ratis/4c4ec991-a6d5-4c77-bab0-eae143fe8dc9/sm/snapshot.1_0
2022-12-19 18:39:08,810 [53431d8f-156a-4a42-8637-9d4e156967ab-impl-thread2] INFO  impl.StateMachineUpdater (StateMachineUpdater.java:stopAndJoin(153)) - 53431d8f-156a-4a42-8637-9d4e156967ab@group-EAE143FE8DC9-StateMachineUpdater: set stopIndex = 0
2022-12-19 18:39:08,811 [53431d8f-156a-4a42-8637-9d4e156967ab@group-EAE143FE8DC9-StateMachineUpdater] INFO  ratis.ContainerStateMachine (ContainerStateMachine.java:takeSnapshot(319)) - group-EAE143FE8DC9: Finished taking a snapshot at:(t:1, i:0) file:/home/runner/work/ozone/ozone/hadoop-ozone/integration-test/target/test-dir/MiniOzoneClusterImpl-11542299-c030-49ce-a1ef-33f98f34fc6c/datanode-3/data/ratis/4c4ec991-a6d5-4c77-bab0-eae143fe8dc9/sm/snapshot.1_0 took: 1 ms
2022-12-19 18:39:08,811 [Listener at 127.0.0.1/44039] INFO  server.GrpcService (GrpcService.java:closeImpl(271)) - 53431d8f-156a-4a42-8637-9d4e156967ab: shutdown server GrpcServerProtocolService now
2022-12-19 18:39:08,817 [53431d8f-156a-4a42-8637-9d4e156967ab-impl-thread3] INFO  server.RaftServer$Division (RaftServerImpl.java:lambda$close$4(458)) - 53431d8f-156a-4a42-8637-9d4e156967ab@group-402B03C4197C: shutdown
2022-12-19 18:39:08,828 [grpc-default-executor-6] WARN  server.GrpcLogAppender (LogUtils.java:warn(122)) - a138d61e-33be-4034-b658-559812d9cbdd@group-6C568F008C3A->53431d8f-156a-4a42-8637-9d4e156967ab-AppendLogResponseHandler: Failed appendEntries: org.apache.ratis.thirdparty.io.grpc.StatusRuntimeException: CANCELLED: RST_STREAM closed stream. HTTP/2 error code: CANCEL
2022-12-19 18:39:08,830 [grpc-default-executor-6] WARN  server.GrpcLogAppender (GrpcLogAppender.java:resetClient(131)) - a138d61e-33be-4034-b658-559812d9cbdd@group-6C568F008C3A->53431d8f-156a-4a42-8637-9d4e156967ab-GrpcLogAppender: Leader has not got in touch with Follower a138d61e-33be-4034-b658-559812d9cbdd@group-6C568F008C3A->53431d8f-156a-4a42-8637-9d4e156967ab(c0,m0,n1, attendVote=true, lastRpcSendTime=24, lastRpcResponseTime=2525) yet, just keep nextIndex unchanged and retry.
2022-12-19 18:39:08,825 [grpc-default-executor-7] WARN  server.GrpcServerProtocolService (LogUtils.java:warn(122)) - 53431d8f-156a-4a42-8637-9d4e156967ab: installSnapshot onError, lastRequest: 577e0dac-7593-4640-b9aa-fa89f15259b7->53431d8f-156a-4a42-8637-9d4e156967ab#1-t4,previous=(t:0, i:0),leaderCommit=0,initializing? true,entries: size=1, first=(t:4, i:0), CONFIGURATIONENTRY(current:id: "a138d61e-33be-4034-b658-559812d9cbdd"
address: "10.1.0.24:45397"
dataStreamAddress: "10.1.0.24:37159"
clientAddress: "10.1.0.24:45397"
adminAddress: "10.1.0.24:45397"
startupRole: FOLLOWER
,id: "53431d8f-156a-4a42-8637-9d4e156967ab"
address: "10.1.0.24:42575"
dataStreamAddress: "10.1.0.24:37095"
clientAddress: "10.1.0.24:42575"
adminAddress: "10.1.0.24:42575"
startupRole: FOLLOWER
,id: "577e0dac-7593-4640-b9aa-fa89f15259b7"
address: "10.1.0.24:45135"
priority: 1
dataStreamAddress: "10.1.0.24:40327"
clientAddress: "10.1.0.24:45135"
adminAddress: "10.1.0.24:45135"
startupRole: FOLLOWER
, old:): org.apache.ratis.thirdparty.io.grpc.StatusRuntimeException: CANCELLED: client cancelled
2022-12-19 18:39:08,823 [grpc-default-executor-5] WARN  server.GrpcServerProtocolService (LogUtils.java:warn(122)) - 53431d8f-156a-4a42-8637-9d4e156967ab: installSnapshot onError, lastRequest: null: org.apache.ratis.thirdparty.io.grpc.StatusRuntimeException: CANCELLED: client cancelled
2022-12-19 18:39:08,823 [grpc-default-executor-3] WARN  server.GrpcServerProtocolService (LogUtils.java:warn(122)) - 53431d8f-156a-4a42-8637-9d4e156967ab: installSnapshot onError, lastRequest: null: org.apache.ratis.thirdparty.io.grpc.StatusRuntimeException: CANCELLED: client cancelled
2022-12-19 18:39:08,821 [grpc-default-executor-1] WARN  server.GrpcServerProtocolService (LogUtils.java:warn(122)) - 53431d8f-156a-4a42-8637-9d4e156967ab: installSnapshot onError, lastRequest: a138d61e-33be-4034-b658-559812d9cbdd->53431d8f-156a-4a42-8637-9d4e156967ab#1-t1,previous=(t:0, i:0),leaderCommit=0,initializing? true,entries: size=1, first=(t:1, i:0), CONFIGURATIONENTRY(current:id: "a138d61e-33be-4034-b658-559812d9cbdd"
address: "10.1.0.24:45397"
priority: 1
dataStreamAddress: "10.1.0.24:37159"
clientAddress: "10.1.0.24:45397"
adminAddress: "10.1.0.24:45397"
startupRole: FOLLOWER
,id: "53431d8f-156a-4a42-8637-9d4e156967ab"
address: "10.1.0.24:42575"
dataStreamAddress: "10.1.0.24:37095"
clientAddress: "10.1.0.24:42575"
adminAddress: "10.1.0.24:42575"
startupRole: FOLLOWER
,id: "577e0dac-7593-4640-b9aa-fa89f15259b7"
address: "10.1.0.24:45135"
dataStreamAddress: "10.1.0.24:40327"
clientAddress: "10.1.0.24:45135"
adminAddress: "10.1.0.24:45135"
startupRole: FOLLOWER
, old:): org.apache.ratis.thirdparty.io.grpc.StatusRuntimeException: CANCELLED: client cancelled
2022-12-19 18:39:08,818 [Listener at 127.0.0.1/44039] INFO  server.GrpcServerProtocolClient (GrpcServerProtocolClient.java:close(101)) - a138d61e-33be-4034-b658-559812d9cbdd Close channels
2022-12-19 18:39:08,817 [ForkJoinPool.commonPool-worker-0] INFO  server.GrpcServerProtocolClient (GrpcServerProtocolClient.java:close(101)) - 89d730ca-c741-4fc9-afaf-179ceaf5b2b4 Close channels
2022-12-19 18:39:08,811 [53431d8f-156a-4a42-8637-9d4e156967ab@group-EAE143FE8DC9-StateMachineUpdater] INFO  impl.StateMachineUpdater (StateMachineUpdater.java:takeSnapshot(287)) - 53431d8f-156a-4a42-8637-9d4e156967ab@group-EAE143FE8DC9-StateMachineUpdater: Took a snapshot at index 0
2022-12-19 18:39:08,832 [53431d8f-156a-4a42-8637-9d4e156967ab@group-EAE143FE8DC9-StateMachineUpdater] INFO  impl.StateMachineUpdater (StateMachineUpdater.java:lambda$new$0(92)) - 53431d8f-156a-4a42-8637-9d4e156967ab@group-EAE143FE8DC9-StateMachineUpdater: snapshotIndex: updateIncreasingly -1 -> 0
2022-12-19 18:39:08,830 [53431d8f-156a-4a42-8637-9d4e156967ab-impl-thread3] INFO  util.JmxRegister (JmxRegister.java:unregister(73)) - Successfully un-registered JMX Bean with object name Ratis:service=RaftServer,group=group-402B03C4197C,id=53431d8f-156a-4a42-8637-9d4e156967ab
2022-12-19 18:39:08,832 [53431d8f-156a-4a42-8637-9d4e156967ab-impl-thread2] INFO  server.RaftServer$Division (ServerState.java:close(466)) - 53431d8f-156a-4a42-8637-9d4e156967ab@group-EAE143FE8DC9: closes. applyIndex: 0
2022-12-19 18:39:08,832 [53431d8f-156a-4a42-8637-9d4e156967ab@group-EAE143FE8DC9-SegmentedRaftLogWorker] INFO  segmented.SegmentedRaftLogWorker (SegmentedRaftLogWorker.java:run(347)) - 53431d8f-156a-4a42-8637-9d4e156967ab@group-EAE143FE8DC9-SegmentedRaftLogWorker was interrupted, exiting. There are 0 tasks remaining in the queue.
2022-12-19 18:39:08,832 [grpc-default-executor-1] WARN  server.GrpcLogAppender (LogUtils.java:warn(122)) - 577e0dac-7593-4640-b9aa-fa89f15259b7@group-402B03C4197C->53431d8f-156a-4a42-8637-9d4e156967ab-AppendLogResponseHandler: Failed appendEntries: org.apache.ratis.thirdparty.io.grpc.StatusRuntimeException: CANCELLED: RST_STREAM closed stream. HTTP/2 error code: CANCEL
2022-12-19 18:39:08,833 [grpc-default-executor-1] WARN  server.GrpcLogAppender (GrpcLogAppender.java:resetClient(131)) - 577e0dac-7593-4640-b9aa-fa89f15259b7@group-402B03C4197C->53431d8f-156a-4a42-8637-9d4e156967ab-GrpcLogAppender: Leader has not got in touch with Follower 577e0dac-7593-4640-b9aa-fa89f15259b7@group-402B03C4197C->53431d8f-156a-4a42-8637-9d4e156967ab(c0,m0,n1, attendVote=true, lastRpcSendTime=143, lastRpcResponseTime=139) yet, just keep nextIndex unchanged and retry.
2022-12-19 18:39:08,832 [53431d8f-156a-4a42-8637-9d4e156967ab-impl-thread3] INFO  impl.RoleInfo (RoleInfo.java:shutdownFollowerState(110)) - 53431d8f-156a-4a42-8637-9d4e156967ab: shutdown 53431d8f-156a-4a42-8637-9d4e156967ab@group-402B03C4197C-FollowerState
2022-12-19 18:39:08,833 [53431d8f-156a-4a42-8637-9d4e156967ab@group-402B03C4197C-FollowerState] INFO  impl.FollowerState (FollowerState.java:run(152)) - 53431d8f-156a-4a42-8637-9d4e156967ab@group-402B03C4197C-FollowerState was interrupted
2022-12-19 18:39:08,833 [grpc-default-executor-8] WARN  server.GrpcLogAppender (LogUtils.java:warn(122)) - a138d61e-33be-4034-b658-559812d9cbdd@group-6C568F008C3A->53431d8f-156a-4a42-8637-9d4e156967ab-AppendLogResponseHandler: Failed appendEntries: org.apache.ratis.thirdparty.io.grpc.StatusRuntimeException: CANCELLED: RST_STREAM closed stream. HTTP/2 error code: CANCEL
2022-12-19 18:39:08,833 [53431d8f-156a-4a42-8637-9d4e156967ab@group-402B03C4197C-StateMachineUpdater] INFO  ratis.ContainerStateMachine (ContainerStateMachine.java:takeSnapshot(308)) - group-402B03C4197C: Taking a snapshot at:(t:4, i:0) file /home/runner/work/ozone/ozone/hadoop-ozone/integration-test/target/test-dir/MiniOzoneClusterImpl-11542299-c030-49ce-a1ef-33f98f34fc6c/datanode-3/data/ratis/11141a20-bb0e-415d-ac4a-402b03c4197c/sm/snapshot.4_0
2022-12-19 18:39:08,833 [grpc-default-executor-8] WARN  server.GrpcLogAppender (GrpcLogAppender.java:resetClient(131)) - a138d61e-33be-4034-b658-559812d9cbdd@group-6C568F008C3A->53431d8f-156a-4a42-8637-9d4e156967ab-GrpcLogAppender: Leader has not got in touch with Follower a138d61e-33be-4034-b658-559812d9cbdd@group-6C568F008C3A->53431d8f-156a-4a42-8637-9d4e156967ab(c0,m0,n1, attendVote=true, lastRpcSendTime=27, lastRpcResponseTime=2528) yet, just keep nextIndex unchanged and retry.
2022-12-19 18:39:08,834 [53431d8f-156a-4a42-8637-9d4e156967ab-impl-thread3] INFO  impl.StateMachineUpdater (StateMachineUpdater.java:stopAndJoin(153)) - 53431d8f-156a-4a42-8637-9d4e156967ab@group-402B03C4197C-StateMachineUpdater: set stopIndex = 0
2022-12-19 18:39:08,834 [53431d8f-156a-4a42-8637-9d4e156967ab@group-402B03C4197C-StateMachineUpdater] INFO  ratis.ContainerStateMachine (ContainerStateMachine.java:takeSnapshot(319)) - group-402B03C4197C: Finished taking a snapshot at:(t:4, i:0) file:/home/runner/work/ozone/ozone/hadoop-ozone/integration-test/target/test-dir/MiniOzoneClusterImpl-11542299-c030-49ce-a1ef-33f98f34fc6c/datanode-3/data/ratis/11141a20-bb0e-415d-ac4a-402b03c4197c/sm/snapshot.4_0 took: 1 ms
2022-12-19 18:39:08,834 [53431d8f-156a-4a42-8637-9d4e156967ab@group-402B03C4197C-StateMachineUpdater] INFO  impl.StateMachineUpdater (StateMachineUpdater.java:takeSnapshot(287)) - 53431d8f-156a-4a42-8637-9d4e156967ab@group-402B03C4197C-StateMachineUpdater: Took a snapshot at index 0
2022-12-19 18:39:08,834 [53431d8f-156a-4a42-8637-9d4e156967ab@group-402B03C4197C-StateMachineUpdater] INFO  impl.StateMachineUpdater (StateMachineUpdater.java:lambda$new$0(92)) - 53431d8f-156a-4a42-8637-9d4e156967ab@group-402B03C4197C-StateMachineUpdater: snapshotIndex: updateIncreasingly -1 -> 0
2022-12-19 18:39:08,834 [53431d8f-156a-4a42-8637-9d4e156967ab-impl-thread3] INFO  server.RaftServer$Division (ServerState.java:close(466)) - 53431d8f-156a-4a42-8637-9d4e156967ab@group-402B03C4197C: closes. applyIndex: 0
2022-12-19 18:39:08,835 [53431d8f-156a-4a42-8637-9d4e156967ab@group-402B03C4197C-SegmentedRaftLogWorker] INFO  segmented.SegmentedRaftLogWorker (SegmentedRaftLogWorker.java:run(347)) - 53431d8f-156a-4a42-8637-9d4e156967ab@group-402B03C4197C-SegmentedRaftLogWorker was interrupted, exiting. There are 0 tasks remaining in the queue.
2022-12-19 18:39:08,836 [grpc-default-executor-9] WARN  server.GrpcLogAppender (LogUtils.java:warn(122)) - 577e0dac-7593-4640-b9aa-fa89f15259b7@group-402B03C4197C->53431d8f-156a-4a42-8637-9d4e156967ab-AppendLogResponseHandler: Failed appendEntries: org.apache.ratis.thirdparty.io.grpc.StatusRuntimeException: CANCELLED: RST_STREAM closed stream. HTTP/2 error code: CANCEL
2022-12-19 18:39:08,836 [grpc-default-executor-9] WARN  server.GrpcLogAppender (GrpcLogAppender.java:resetClient(131)) - 577e0dac-7593-4640-b9aa-fa89f15259b7@group-402B03C4197C->53431d8f-156a-4a42-8637-9d4e156967ab-GrpcLogAppender: Leader has not got in touch with Follower 577e0dac-7593-4640-b9aa-fa89f15259b7@group-402B03C4197C->53431d8f-156a-4a42-8637-9d4e156967ab(c0,m0,n1, attendVote=true, lastRpcSendTime=147, lastRpcResponseTime=142) yet, just keep nextIndex unchanged and retry.
2022-12-19 18:39:08,836 [53431d8f-156a-4a42-8637-9d4e156967ab-impl-thread2] INFO  segmented.SegmentedRaftLogWorker (SegmentedRaftLogWorker.java:close(257)) - 53431d8f-156a-4a42-8637-9d4e156967ab@group-EAE143FE8DC9-SegmentedRaftLogWorker close()
2022-12-19 18:39:08,838 [Listener at 127.0.0.1/44039] INFO  server.GrpcServerProtocolClient (GrpcServerProtocolClient.java:close(101)) - 577e0dac-7593-4640-b9aa-fa89f15259b7 Close channels
2022-12-19 18:39:08,838 [53431d8f-156a-4a42-8637-9d4e156967ab-impl-thread3] INFO  segmented.SegmentedRaftLogWorker (SegmentedRaftLogWorker.java:close(257)) - 53431d8f-156a-4a42-8637-9d4e156967ab@group-402B03C4197C-SegmentedRaftLogWorker close()
2022-12-19 18:39:08,851 [ForkJoinPool.commonPool-worker-0] INFO  server.GrpcServerProtocolClient (GrpcServerProtocolClient.java:close(101)) - 6ea35c1f-1714-407c-a38f-a2791a2eb8d3 Close channels
2022-12-19 18:39:08,851 [Listener at 127.0.0.1/44039] INFO  server.GrpcService (GrpcService.java:closeImpl(280)) - 53431d8f-156a-4a42-8637-9d4e156967ab: shutdown server GrpcServerProtocolService successfully
2022-12-19 18:39:08,852 [53431d8f-156a-4a42-8637-9d4e156967ab-NettyServerStreamRpc-bossGroup--thread1] INFO  logging.LoggingHandler (AbstractInternalLogger.java:log(148)) - [id: 0x096c1ef0, L:/0:0:0:0:0:0:0:0:37095] CLOSE
2022-12-19 18:39:08,852 [53431d8f-156a-4a42-8637-9d4e156967ab-NettyServerStreamRpc-bossGroup--thread1] INFO  logging.LoggingHandler (AbstractInternalLogger.java:log(148)) - [id: 0x096c1ef0, L:/0:0:0:0:0:0:0:0:37095] INACTIVE
2022-12-19 18:39:08,852 [53431d8f-156a-4a42-8637-9d4e156967ab-NettyServerStreamRpc-bossGroup--thread1] INFO  logging.LoggingHandler (AbstractInternalLogger.java:log(148)) - [id: 0x096c1ef0, L:/0:0:0:0:0:0:0:0:37095] UNREGISTERED
2022-12-19 18:39:08,883 [JvmPauseMonitor4] INFO  util.JvmPauseMonitor (JvmPauseMonitor.java:run(111)) - JvmPauseMonitor-53431d8f-156a-4a42-8637-9d4e156967ab: Stopped
2022-12-19 18:39:08,883 [ForkJoinPool.commonPool-worker-0] INFO  server.GrpcService (GrpcService.java:closeImpl(280)) - 91d78431-6cd7-4796-a346-e9fe01a1de12: shutdown server GrpcServerProtocolService successfully
2022-12-19 18:39:08,883 [91d78431-6cd7-4796-a346-e9fe01a1de12-NettyServerStreamRpc-bossGroup--thread1] INFO  logging.LoggingHandler (AbstractInternalLogger.java:log(148)) - [id: 0xe241bb89, L:/0:0:0:0:0:0:0:0:33445] CLOSE
2022-12-19 18:39:08,883 [91d78431-6cd7-4796-a346-e9fe01a1de12-NettyServerStreamRpc-bossGroup--thread1] INFO  logging.LoggingHandler (AbstractInternalLogger.java:log(148)) - [id: 0xe241bb89, L:/0:0:0:0:0:0:0:0:33445] INACTIVE
2022-12-19 18:39:08,883 [91d78431-6cd7-4796-a346-e9fe01a1de12-NettyServerStreamRpc-bossGroup--thread1] INFO  logging.LoggingHandler (AbstractInternalLogger.java:log(148)) - [id: 0xe241bb89, L:/0:0:0:0:0:0:0:0:33445] UNREGISTERED
2022-12-19 18:39:08,906 [JvmPauseMonitor2] INFO  util.JvmPauseMonitor (JvmPauseMonitor.java:run(111)) - JvmPauseMonitor-91d78431-6cd7-4796-a346-e9fe01a1de12: Stopped
2022-12-19 18:39:09,241 [JvmPauseMonitor5] WARN  util.JvmPauseMonitor (JvmPauseMonitor.java:detectPause(126)) - JvmPauseMonitor-a138d61e-33be-4034-b658-559812d9cbdd: Detected pause in JVM or host machine (eg GC): pause of approximately 115864415ns.
GC pool 'PS MarkSweep' had collection(s): count=1 time=122ms
GC pool 'PS Scavenge' had collection(s): count=1 time=48ms
2022-12-19 18:39:09,241 [JvmPauseMonitor1] WARN  util.JvmPauseMonitor (JvmPauseMonitor.java:detectPause(126)) - JvmPauseMonitor-89d730ca-c741-4fc9-afaf-179ceaf5b2b4: Detected pause in JVM or host machine (eg GC): pause of approximately 125003943ns.
GC pool 'PS MarkSweep' had collection(s): count=1 time=122ms
GC pool 'PS Scavenge' had collection(s): count=1 time=48ms
2022-12-19 18:39:09,243 [JvmPauseMonitor3] WARN  util.JvmPauseMonitor (JvmPauseMonitor.java:detectPause(126)) - JvmPauseMonitor-6ea35c1f-1714-407c-a38f-a2791a2eb8d3: Detected pause in JVM or host machine (eg GC): pause of approximately 151960213ns.
GC pool 'PS MarkSweep' had collection(s): count=1 time=122ms
GC pool 'PS Scavenge' had collection(s): count=1 time=48ms
2022-12-19 18:39:09,243 [JvmPauseMonitor6] WARN  util.JvmPauseMonitor (JvmPauseMonitor.java:detectPause(126)) - JvmPauseMonitor-577e0dac-7593-4640-b9aa-fa89f15259b7: Detected pause in JVM or host machine (eg GC): pause of approximately 151965613ns.
GC pool 'PS MarkSweep' had collection(s): count=1 time=122ms
GC pool 'PS Scavenge' had collection(s): count=1 time=48ms
2022-12-19 18:39:09,249 [EventQueue-CommandQueueReportForCommandQueueReportHandler] WARN  events.EventQueue (EventQueue.java:fireEvent(216)) - No event handler registered for event TypedEvent{payloadType=DatanodeDetails, name='Datanode_Command_Queue_Updated'}
2022-12-19 18:39:09,751 [EventQueue-CommandQueueReportForCommandQueueReportHandler] WARN  events.EventQueue (EventQueue.java:fireEvent(216)) - No event handler registered for event TypedEvent{payloadType=DatanodeDetails, name='Datanode_Command_Queue_Updated'}
2022-12-19 18:39:10,086 [grpc-default-executor-9] WARN  server.GrpcLogAppender (LogUtils.java:warn(122)) - a138d61e-33be-4034-b658-559812d9cbdd@group-6C568F008C3A->53431d8f-156a-4a42-8637-9d4e156967ab-AppendLogResponseHandler: Failed appendEntries: org.apache.ratis.thirdparty.io.grpc.StatusRuntimeException: UNAVAILABLE: io exception
2022-12-19 18:39:10,092 [grpc-default-executor-8] WARN  server.GrpcLogAppender (LogUtils.java:warn(122)) - a138d61e-33be-4034-b658-559812d9cbdd@group-6C568F008C3A->53431d8f-156a-4a42-8637-9d4e156967ab-AppendLogResponseHandler: Failed appendEntries: org.apache.ratis.thirdparty.io.grpc.StatusRuntimeException: UNAVAILABLE: io exception
2022-12-19 18:39:10,094 [grpc-default-executor-9] WARN  server.GrpcLogAppender (GrpcLogAppender.java:resetClient(131)) - a138d61e-33be-4034-b658-559812d9cbdd@group-6C568F008C3A->53431d8f-156a-4a42-8637-9d4e156967ab-GrpcLogAppender: Leader has not got in touch with Follower a138d61e-33be-4034-b658-559812d9cbdd@group-6C568F008C3A->53431d8f-156a-4a42-8637-9d4e156967ab(c0,m0,n1, attendVote=true, lastRpcSendTime=1288, lastRpcResponseTime=3789) yet, just keep nextIndex unchanged and retry.
2022-12-19 18:39:10,096 [grpc-default-executor-8] WARN  server.GrpcLogAppender (GrpcLogAppender.java:resetClient(131)) - a138d61e-33be-4034-b658-559812d9cbdd@group-6C568F008C3A->53431d8f-156a-4a42-8637-9d4e156967ab-GrpcLogAppender: Leader has not got in touch with Follower a138d61e-33be-4034-b658-559812d9cbdd@group-6C568F008C3A->53431d8f-156a-4a42-8637-9d4e156967ab(c0,m0,n1, attendVote=true, lastRpcSendTime=1290, lastRpcResponseTime=3790) yet, just keep nextIndex unchanged and retry.
2022-12-19 18:39:10,100 [grpc-default-executor-8] WARN  server.GrpcLogAppender (LogUtils.java:warn(122)) - a138d61e-33be-4034-b658-559812d9cbdd@group-6C568F008C3A->53431d8f-156a-4a42-8637-9d4e156967ab-AppendLogResponseHandler: Failed appendEntries: org.apache.ratis.thirdparty.io.grpc.StatusRuntimeException: UNAVAILABLE: io exception
2022-12-19 18:39:10,101 [grpc-default-executor-9] WARN  server.GrpcLogAppender (LogUtils.java:warn(122)) - a138d61e-33be-4034-b658-559812d9cbdd@group-6C568F008C3A->53431d8f-156a-4a42-8637-9d4e156967ab-AppendLogResponseHandler: Failed appendEntries: org.apache.ratis.thirdparty.io.grpc.StatusRuntimeException: UNAVAILABLE: io exception
2022-12-19 18:39:10,102 [grpc-default-executor-8] WARN  server.GrpcLogAppender (GrpcLogAppender.java:resetClient(131)) - a138d61e-33be-4034-b658-559812d9cbdd@group-6C568F008C3A->53431d8f-156a-4a42-8637-9d4e156967ab-GrpcLogAppender: Leader has not got in touch with Follower a138d61e-33be-4034-b658-559812d9cbdd@group-6C568F008C3A->53431d8f-156a-4a42-8637-9d4e156967ab(c0,m0,n1, attendVote=true, lastRpcSendTime=1296, lastRpcResponseTime=3797) yet, just keep nextIndex unchanged and retry.
2022-12-19 18:39:10,103 [grpc-default-executor-9] WARN  server.GrpcLogAppender (GrpcLogAppender.java:resetClient(131)) - a138d61e-33be-4034-b658-559812d9cbdd@group-6C568F008C3A->53431d8f-156a-4a42-8637-9d4e156967ab-GrpcLogAppender: Leader has not got in touch with Follower a138d61e-33be-4034-b658-559812d9cbdd@group-6C568F008C3A->53431d8f-156a-4a42-8637-9d4e156967ab(c0,m0,n1, attendVote=true, lastRpcSendTime=1297, lastRpcResponseTime=3798) yet, just keep nextIndex unchanged and retry.
2022-12-19 18:39:10,104 [grpc-default-executor-9] WARN  server.GrpcLogAppender (LogUtils.java:warn(122)) - a138d61e-33be-4034-b658-559812d9cbdd@group-6C568F008C3A->53431d8f-156a-4a42-8637-9d4e156967ab-AppendLogResponseHandler: Failed appendEntries: org.apache.ratis.thirdparty.io.grpc.StatusRuntimeException: UNAVAILABLE: io exception
2022-12-19 18:39:10,105 [grpc-default-executor-8] WARN  server.GrpcLogAppender (LogUtils.java:warn(122)) - a138d61e-33be-4034-b658-559812d9cbdd@group-6C568F008C3A->53431d8f-156a-4a42-8637-9d4e156967ab-AppendLogResponseHandler: Failed appendEntries: org.apache.ratis.thirdparty.io.grpc.StatusRuntimeException: UNAVAILABLE: io exception
2022-12-19 18:39:10,105 [grpc-default-executor-9] WARN  server.GrpcLogAppender (GrpcLogAppender.java:resetClient(131)) - a138d61e-33be-4034-b658-559812d9cbdd@group-6C568F008C3A->53431d8f-156a-4a42-8637-9d4e156967ab-GrpcLogAppender: Leader has not got in touch with Follower a138d61e-33be-4034-b658-559812d9cbdd@group-6C568F008C3A->53431d8f-156a-4a42-8637-9d4e156967ab(c0,m0,n1, attendVote=true, lastRpcSendTime=1299, lastRpcResponseTime=3800) yet, just keep nextIndex unchanged and retry.
2022-12-19 18:39:10,106 [grpc-default-executor-8] WARN  server.GrpcLogAppender (GrpcLogAppender.java:resetClient(131)) - a138d61e-33be-4034-b658-559812d9cbdd@group-6C568F008C3A->53431d8f-156a-4a42-8637-9d4e156967ab-GrpcLogAppender: Leader has not got in touch with Follower a138d61e-33be-4034-b658-559812d9cbdd@group-6C568F008C3A->53431d8f-156a-4a42-8637-9d4e156967ab(c0,m0,n1, attendVote=true, lastRpcSendTime=1300, lastRpcResponseTime=3801) yet, just keep nextIndex unchanged and retry.
2022-12-19 18:39:10,107 [grpc-default-executor-8] WARN  server.GrpcLogAppender (LogUtils.java:warn(122)) - a138d61e-33be-4034-b658-559812d9cbdd@group-6C568F008C3A->53431d8f-156a-4a42-8637-9d4e156967ab-AppendLogResponseHandler: Failed appendEntries: org.apache.ratis.thirdparty.io.grpc.StatusRuntimeException: UNAVAILABLE: io exception
2022-12-19 18:39:10,108 [grpc-default-executor-9] WARN  server.GrpcLogAppender (LogUtils.java:warn(122)) - a138d61e-33be-4034-b658-559812d9cbdd@group-6C568F008C3A->53431d8f-156a-4a42-8637-9d4e156967ab-AppendLogResponseHandler: Failed appendEntries: org.apache.ratis.thirdparty.io.grpc.StatusRuntimeException: UNAVAILABLE: io exception
2022-12-19 18:39:10,108 [grpc-default-executor-8] WARN  server.GrpcLogAppender (GrpcLogAppender.java:resetClient(131)) - a138d61e-33be-4034-b658-559812d9cbdd@group-6C568F008C3A->53431d8f-156a-4a42-8637-9d4e156967ab-GrpcLogAppender: Leader has not got in touch with Follower a138d61e-33be-4034-b658-559812d9cbdd@group-6C568F008C3A->53431d8f-156a-4a42-8637-9d4e156967ab(c0,m0,n1, attendVote=true, lastRpcSendTime=1302, lastRpcResponseTime=3803) yet, just keep nextIndex unchanged and retry.
2022-12-19 18:39:10,109 [grpc-default-executor-9] WARN  server.GrpcLogAppender (GrpcLogAppender.java:resetClient(131)) - a138d61e-33be-4034-b658-559812d9cbdd@group-6C568F008C3A->53431d8f-156a-4a42-8637-9d4e156967ab-GrpcLogAppender: Leader has not got in touch with Follower a138d61e-33be-4034-b658-559812d9cbdd@group-6C568F008C3A->53431d8f-156a-4a42-8637-9d4e156967ab(c0,m0,n1, attendVote=true, lastRpcSendTime=1303, lastRpcResponseTime=3804) yet, just keep nextIndex unchanged and retry.
2022-12-19 18:39:10,110 [grpc-default-executor-9] WARN  server.GrpcLogAppender (LogUtils.java:warn(122)) - a138d61e-33be-4034-b658-559812d9cbdd@group-6C568F008C3A->53431d8f-156a-4a42-8637-9d4e156967ab-AppendLogResponseHandler: Failed appendEntries: org.apache.ratis.thirdparty.io.grpc.StatusRuntimeException: UNAVAILABLE: io exception
2022-12-19 18:39:10,111 [grpc-default-executor-8] WARN  server.GrpcLogAppender (LogUtils.java:warn(122)) - a138d61e-33be-4034-b658-559812d9cbdd@group-6C568F008C3A->53431d8f-156a-4a42-8637-9d4e156967ab-AppendLogResponseHandler: Failed appendEntries: org.apache.ratis.thirdparty.io.grpc.StatusRuntimeException: UNAVAILABLE: io exception
2022-12-19 18:39:10,112 [grpc-default-executor-9] WARN  server.GrpcLogAppender (GrpcLogAppender.java:resetClient(131)) - a138d61e-33be-4034-b658-559812d9cbdd@group-6C568F008C3A->53431d8f-156a-4a42-8637-9d4e156967ab-GrpcLogAppender: Leader has not got in touch with Follower a138d61e-33be-4034-b658-559812d9cbdd@group-6C568F008C3A->53431d8f-156a-4a42-8637-9d4e156967ab(c0,m0,n1, attendVote=true, lastRpcSendTime=1305, lastRpcResponseTime=3806) yet, just keep nextIndex unchanged and retry.
2022-12-19 18:39:10,112 [grpc-default-executor-8] WARN  server.GrpcLogAppender (GrpcLogAppender.java:resetClient(131)) - a138d61e-33be-4034-b658-559812d9cbdd@group-6C568F008C3A->53431d8f-156a-4a42-8637-9d4e156967ab-GrpcLogAppender: Leader has not got in touch with Follower a138d61e-33be-4034-b658-559812d9cbdd@group-6C568F008C3A->53431d8f-156a-4a42-8637-9d4e156967ab(c0,m0,n1, attendVote=true, lastRpcSendTime=1306, lastRpcResponseTime=3807) yet, just keep nextIndex unchanged and retry.
2022-12-19 18:39:10,118 [grpc-default-executor-1] WARN  server.GrpcLogAppender (LogUtils.java:warn(122)) - a138d61e-33be-4034-b658-559812d9cbdd@group-6C568F008C3A->53431d8f-156a-4a42-8637-9d4e156967ab-AppendLogResponseHandler: Failed appendEntries: org.apache.ratis.thirdparty.io.grpc.StatusRuntimeException: UNAVAILABLE: io exception
2022-12-19 18:39:10,119 [grpc-default-executor-1] WARN  server.GrpcLogAppender (GrpcLogAppender.java:resetClient(131)) - a138d61e-33be-4034-b658-559812d9cbdd@group-6C568F008C3A->53431d8f-156a-4a42-8637-9d4e156967ab-GrpcLogAppender: Leader has not got in touch with Follower a138d61e-33be-4034-b658-559812d9cbdd@group-6C568F008C3A->53431d8f-156a-4a42-8637-9d4e156967ab(c0,m0,n1, attendVote=true, lastRpcSendTime=2, lastRpcResponseTime=3813) yet, just keep nextIndex unchanged and retry.
2022-12-19 18:39:10,120 [grpc-default-executor-1] WARN  server.GrpcLogAppender (LogUtils.java:warn(122)) - a138d61e-33be-4034-b658-559812d9cbdd@group-6C568F008C3A->53431d8f-156a-4a42-8637-9d4e156967ab-AppendLogResponseHandler: Failed appendEntries: org.apache.ratis.thirdparty.io.grpc.StatusRuntimeException: UNAVAILABLE: io exception
2022-12-19 18:39:10,120 [grpc-default-executor-1] WARN  server.GrpcLogAppender (GrpcLogAppender.java:resetClient(131)) - a138d61e-33be-4034-b658-559812d9cbdd@group-6C568F008C3A->53431d8f-156a-4a42-8637-9d4e156967ab-GrpcLogAppender: Leader has not got in touch with Follower a138d61e-33be-4034-b658-559812d9cbdd@group-6C568F008C3A->53431d8f-156a-4a42-8637-9d4e156967ab(c0,m0,n1, attendVote=true, lastRpcSendTime=4, lastRpcResponseTime=3815) yet, just keep nextIndex unchanged and retry.
2022-12-19 18:39:10,192 [EventQueue-CommandQueueReportForCommandQueueReportHandler] WARN  events.EventQueue (EventQueue.java:fireEvent(216)) - No event handler registered for event TypedEvent{payloadType=DatanodeDetails, name='Datanode_Command_Queue_Updated'}
2022-12-19 18:39:10,657 [EventQueue-CommandQueueReportForCommandQueueReportHandler] WARN  events.EventQueue (EventQueue.java:fireEvent(216)) - No event handler registered for event TypedEvent{payloadType=DatanodeDetails, name='Datanode_Command_Queue_Updated'}
2022-12-19 18:39:10,984 [Listener at 127.0.0.1/44039] INFO  volume.HddsVolume (HddsVolume.java:closeDbStore(338)) - SchemaV3 db is stopped at /home/runner/work/ozone/ozone/hadoop-ozone/integration-test/target/test-dir/MiniOzoneClusterImpl-11542299-c030-49ce-a1ef-33f98f34fc6c/datanode-3/data-0/containers/hdds/11542299-c030-49ce-a1ef-33f98f34fc6c/DS-76b68827-a2ea-4595-a7b3-1c2bb338271f/container.db for volume DS-76b68827-a2ea-4595-a7b3-1c2bb338271f
2022-12-19 18:39:10,984 [Listener at 127.0.0.1/44039] INFO  utils.BackgroundService (BackgroundService.java:shutdown(141)) - Shutting down service BlockDeletingService
2022-12-19 18:39:10,985 [Listener at 127.0.0.1/44039] INFO  utils.BackgroundService (BackgroundService.java:shutdown(141)) - Shutting down service StaleRecoveringContainerScrubbingService
2022-12-19 18:39:10,987 [ForkJoinPool.commonPool-worker-0] INFO  volume.HddsVolume (HddsVolume.java:closeDbStore(338)) - SchemaV3 db is stopped at /home/runner/work/ozone/ozone/hadoop-ozone/integration-test/target/test-dir/MiniOzoneClusterImpl-11542299-c030-49ce-a1ef-33f98f34fc6c/datanode-1/data-0/containers/hdds/11542299-c030-49ce-a1ef-33f98f34fc6c/DS-0e0080e7-35b2-4c0b-8aa9-0ce448a0a8e9/container.db for volume DS-0e0080e7-35b2-4c0b-8aa9-0ce448a0a8e9
2022-12-19 18:39:10,987 [ForkJoinPool.commonPool-worker-0] INFO  utils.BackgroundService (BackgroundService.java:shutdown(141)) - Shutting down service BlockDeletingService
2022-12-19 18:39:10,989 [ForkJoinPool.commonPool-worker-0] INFO  utils.BackgroundService (BackgroundService.java:shutdown(141)) - Shutting down service StaleRecoveringContainerScrubbingService
2022-12-19 18:39:10,989 [Listener at 127.0.0.1/44039] INFO  statemachine.DatanodeStateMachine (DatanodeStateMachine.java:stopDaemon(597)) - Ozone container server stopped.
2022-12-19 18:39:10,999 [ForkJoinPool.commonPool-worker-0] INFO  statemachine.DatanodeStateMachine (DatanodeStateMachine.java:stopDaemon(597)) - Ozone container server stopped.
2022-12-19 18:39:11,009 [Listener at 127.0.0.1/44039] INFO  handler.ContextHandler (ContextHandler.java:doStop(1159)) - Stopped o.e.j.w.WebAppContext@67adede9{hddsDatanode,/,null,STOPPED}{jar:file:/home/runner/.m2/repository/org/apache/ozone/hdds-container-service/1.3.0-SNAPSHOT/hdds-container-service-1.3.0-SNAPSHOT.jar!/webapps/hddsDatanode}
2022-12-19 18:39:11,018 [ForkJoinPool.commonPool-worker-0] INFO  handler.ContextHandler (ContextHandler.java:doStop(1159)) - Stopped o.e.j.w.WebAppContext@a0361cb{hddsDatanode,/,null,STOPPED}{jar:file:/home/runner/.m2/repository/org/apache/ozone/hdds-container-service/1.3.0-SNAPSHOT/hdds-container-service-1.3.0-SNAPSHOT.jar!/webapps/hddsDatanode}
2022-12-19 18:39:11,018 [Listener at 127.0.0.1/44039] INFO  server.AbstractConnector (AbstractConnector.java:doStop(383)) - Stopped ServerConnector@71f76e87{HTTP/1.1, (http/1.1)}{0.0.0.0:0}
2022-12-19 18:39:11,019 [Listener at 127.0.0.1/44039] INFO  server.session (HouseKeeper.java:stopScavenging(149)) - node0 Stopped scavenging
2022-12-19 18:39:11,019 [Listener at 127.0.0.1/44039] INFO  handler.ContextHandler (ContextHandler.java:doStop(1159)) - Stopped o.e.j.s.ServletContextHandler@6c54c79b{static,/static,jar:file:/home/runner/.m2/repository/org/apache/ozone/hdds-container-service/1.3.0-SNAPSHOT/hdds-container-service-1.3.0-SNAPSHOT.jar!/webapps/static,STOPPED}
2022-12-19 18:39:11,020 [Listener at 127.0.0.1/44039] INFO  handler.ContextHandler (ContextHandler.java:doStop(1159)) - Stopped o.e.j.s.ServletContextHandler@5c7ad877{logs,/logs,file:///home/runner/work/ozone/ozone/hadoop-ozone/integration-test/target/log,STOPPED}
2022-12-19 18:39:11,022 [ForkJoinPool.commonPool-worker-0] INFO  server.AbstractConnector (AbstractConnector.java:doStop(383)) - Stopped ServerConnector@59e97f75{HTTP/1.1, (http/1.1)}{0.0.0.0:0}
2022-12-19 18:39:11,022 [ForkJoinPool.commonPool-worker-0] INFO  server.session (HouseKeeper.java:stopScavenging(149)) - node0 Stopped scavenging
2022-12-19 18:39:11,028 [ForkJoinPool.commonPool-worker-0] INFO  handler.ContextHandler (ContextHandler.java:doStop(1159)) - Stopped o.e.j.s.ServletContextHandler@69925e55{static,/static,jar:file:/home/runner/.m2/repository/org/apache/ozone/hdds-container-service/1.3.0-SNAPSHOT/hdds-container-service-1.3.0-SNAPSHOT.jar!/webapps/static,STOPPED}
2022-12-19 18:39:11,032 [ForkJoinPool.commonPool-worker-0] INFO  handler.ContextHandler (ContextHandler.java:doStop(1159)) - Stopped o.e.j.s.ServletContextHandler@3b51334c{logs,/logs,file:///home/runner/work/ozone/ozone/hadoop-ozone/integration-test/target/log,STOPPED}
2022-12-19 18:39:11,032 [Listener at 127.0.0.1/44039] INFO  ozoneimpl.OzoneContainer (OzoneContainer.java:stop(417)) - Attempting to stop container services.
2022-12-19 18:39:11,034 [Listener at 127.0.0.1/44039] INFO  server.RaftServer (RaftServerProxy.java:lambda$close$6(409)) - 577e0dac-7593-4640-b9aa-fa89f15259b7: close
2022-12-19 18:39:11,036 [577e0dac-7593-4640-b9aa-fa89f15259b7-impl-thread1] INFO  server.RaftServer$Division (RaftServerImpl.java:lambda$close$4(458)) - 577e0dac-7593-4640-b9aa-fa89f15259b7@group-6C568F008C3A: shutdown
2022-12-19 18:39:11,036 [577e0dac-7593-4640-b9aa-fa89f15259b7-impl-thread1] INFO  util.JmxRegister (JmxRegister.java:unregister(73)) - Successfully un-registered JMX Bean with object name Ratis:service=RaftServer,group=group-6C568F008C3A,id=577e0dac-7593-4640-b9aa-fa89f15259b7
2022-12-19 18:39:11,036 [577e0dac-7593-4640-b9aa-fa89f15259b7-impl-thread1] INFO  impl.RoleInfo (RoleInfo.java:shutdownFollowerState(110)) - 577e0dac-7593-4640-b9aa-fa89f15259b7: shutdown 577e0dac-7593-4640-b9aa-fa89f15259b7@group-6C568F008C3A-FollowerState
2022-12-19 18:39:11,036 [577e0dac-7593-4640-b9aa-fa89f15259b7-impl-thread2] INFO  server.RaftServer$Division (RaftServerImpl.java:lambda$close$4(458)) - 577e0dac-7593-4640-b9aa-fa89f15259b7@group-402B03C4197C: shutdown
2022-12-19 18:39:11,036 [577e0dac-7593-4640-b9aa-fa89f15259b7-impl-thread2] INFO  util.JmxRegister (JmxRegister.java:unregister(73)) - Successfully un-registered JMX Bean with object name Ratis:service=RaftServer,group=group-402B03C4197C,id=577e0dac-7593-4640-b9aa-fa89f15259b7
2022-12-19 18:39:11,036 [577e0dac-7593-4640-b9aa-fa89f15259b7-impl-thread2] INFO  impl.RoleInfo (RoleInfo.java:shutdownLeaderState(93)) - 577e0dac-7593-4640-b9aa-fa89f15259b7: shutdown 577e0dac-7593-4640-b9aa-fa89f15259b7@group-402B03C4197C-LeaderStateImpl
2022-12-19 18:39:11,036 [Listener at 127.0.0.1/44039] INFO  server.GrpcService (GrpcService.java:closeImpl(271)) - 577e0dac-7593-4640-b9aa-fa89f15259b7: shutdown server GrpcServerProtocolService now
2022-12-19 18:39:11,038 [ForkJoinPool.commonPool-worker-0] INFO  ozoneimpl.OzoneContainer (OzoneContainer.java:stop(417)) - Attempting to stop container services.
2022-12-19 18:39:11,043 [Listener at 127.0.0.1/44039] INFO  server.GrpcServerProtocolClient (GrpcServerProtocolClient.java:close(101)) - a138d61e-33be-4034-b658-559812d9cbdd Close channels
2022-12-19 18:39:11,043 [577e0dac-7593-4640-b9aa-fa89f15259b7@group-6C568F008C3A-FollowerState] INFO  impl.FollowerState (FollowerState.java:run(152)) - 577e0dac-7593-4640-b9aa-fa89f15259b7@group-6C568F008C3A-FollowerState was interrupted
2022-12-19 18:39:11,044 [577e0dac-7593-4640-b9aa-fa89f15259b7@group-6C568F008C3A-StateMachineUpdater] INFO  ratis.ContainerStateMachine (ContainerStateMachine.java:takeSnapshot(308)) - group-6C568F008C3A: Taking a snapshot at:(t:1, i:0) file /home/runner/work/ozone/ozone/hadoop-ozone/integration-test/target/test-dir/MiniOzoneClusterImpl-11542299-c030-49ce-a1ef-33f98f34fc6c/datanode-5/data/ratis/f2fe750a-536e-4391-947d-6c568f008c3a/sm/snapshot.1_0
2022-12-19 18:39:11,043 [577e0dac-7593-4640-b9aa-fa89f15259b7-impl-thread1] INFO  impl.StateMachineUpdater (StateMachineUpdater.java:stopAndJoin(153)) - 577e0dac-7593-4640-b9aa-fa89f15259b7@group-6C568F008C3A-StateMachineUpdater: set stopIndex = 0
2022-12-19 18:39:11,043 [577e0dac-7593-4640-b9aa-fa89f15259b7@group-402B03C4197C->a138d61e-33be-4034-b658-559812d9cbdd-GrpcLogAppender-LogAppenderDaemon] WARN  server.GrpcLogAppender (GrpcLogAppender.java:mayWait(200)) - 577e0dac-7593-4640-b9aa-fa89f15259b7@group-402B03C4197C->a138d61e-33be-4034-b658-559812d9cbdd-GrpcLogAppender: Wait interrupted by java.lang.InterruptedException
2022-12-19 18:39:11,044 [577e0dac-7593-4640-b9aa-fa89f15259b7-impl-thread2] INFO  impl.PendingRequests (PendingRequests.java:sendNotLeaderResponses(282)) - 577e0dac-7593-4640-b9aa-fa89f15259b7@group-402B03C4197C-PendingRequests: sendNotLeaderResponses
2022-12-19 18:39:11,044 [577e0dac-7593-4640-b9aa-fa89f15259b7@group-402B03C4197C-StateMachineUpdater] INFO  ratis.ContainerStateMachine (ContainerStateMachine.java:takeSnapshot(308)) - group-402B03C4197C: Taking a snapshot at:(t:4, i:0) file /home/runner/work/ozone/ozone/hadoop-ozone/integration-test/target/test-dir/MiniOzoneClusterImpl-11542299-c030-49ce-a1ef-33f98f34fc6c/datanode-5/data/ratis/11141a20-bb0e-415d-ac4a-402b03c4197c/sm/snapshot.4_0
2022-12-19 18:39:11,044 [577e0dac-7593-4640-b9aa-fa89f15259b7-impl-thread2] INFO  impl.StateMachineUpdater (StateMachineUpdater.java:stopAndJoin(153)) - 577e0dac-7593-4640-b9aa-fa89f15259b7@group-402B03C4197C-StateMachineUpdater: set stopIndex = 0
2022-12-19 18:39:11,045 [577e0dac-7593-4640-b9aa-fa89f15259b7@group-6C568F008C3A-StateMachineUpdater] INFO  ratis.ContainerStateMachine (ContainerStateMachine.java:takeSnapshot(319)) - group-6C568F008C3A: Finished taking a snapshot at:(t:1, i:0) file:/home/runner/work/ozone/ozone/hadoop-ozone/integration-test/target/test-dir/MiniOzoneClusterImpl-11542299-c030-49ce-a1ef-33f98f34fc6c/datanode-5/data/ratis/f2fe750a-536e-4391-947d-6c568f008c3a/sm/snapshot.1_0 took: 1 ms
2022-12-19 18:39:11,045 [ForkJoinPool.commonPool-worker-0] INFO  server.RaftServer (RaftServerProxy.java:lambda$close$6(409)) - 6ea35c1f-1714-407c-a38f-a2791a2eb8d3: close
2022-12-19 18:39:11,045 [ForkJoinPool.commonPool-worker-0] INFO  server.GrpcService (GrpcService.java:closeImpl(271)) - 6ea35c1f-1714-407c-a38f-a2791a2eb8d3: shutdown server GrpcServerProtocolService now
2022-12-19 18:39:11,046 [grpc-default-executor-8] WARN  server.GrpcServerProtocolService (LogUtils.java:warn(122)) - 577e0dac-7593-4640-b9aa-fa89f15259b7: installSnapshot onError, lastRequest: a138d61e-33be-4034-b658-559812d9cbdd->577e0dac-7593-4640-b9aa-fa89f15259b7#1-t1,previous=(t:0, i:0),leaderCommit=0,initializing? true,entries: size=1, first=(t:1, i:0), CONFIGURATIONENTRY(current:id: "a138d61e-33be-4034-b658-559812d9cbdd"
address: "10.1.0.24:45397"
priority: 1
dataStreamAddress: "10.1.0.24:37159"
clientAddress: "10.1.0.24:45397"
adminAddress: "10.1.0.24:45397"
startupRole: FOLLOWER
,id: "53431d8f-156a-4a42-8637-9d4e156967ab"
address: "10.1.0.24:42575"
dataStreamAddress: "10.1.0.24:37095"
clientAddress: "10.1.0.24:42575"
adminAddress: "10.1.0.24:42575"
startupRole: FOLLOWER
,id: "577e0dac-7593-4640-b9aa-fa89f15259b7"
address: "10.1.0.24:45135"
dataStreamAddress: "10.1.0.24:40327"
clientAddress: "10.1.0.24:45135"
adminAddress: "10.1.0.24:45135"
startupRole: FOLLOWER
, old:): org.apache.ratis.thirdparty.io.grpc.StatusRuntimeException: CANCELLED: client cancelled
2022-12-19 18:39:11,046 [grpc-default-executor-9] WARN  server.GrpcLogAppender (LogUtils.java:warn(122)) - a138d61e-33be-4034-b658-559812d9cbdd@group-6C568F008C3A->577e0dac-7593-4640-b9aa-fa89f15259b7-AppendLogResponseHandler: Failed appendEntries: org.apache.ratis.thirdparty.io.grpc.StatusRuntimeException: CANCELLED: RST_STREAM closed stream. HTTP/2 error code: CANCEL
2022-12-19 18:39:11,047 [grpc-default-executor-9] WARN  server.GrpcLogAppender (GrpcLogAppender.java:resetClient(131)) - a138d61e-33be-4034-b658-559812d9cbdd@group-6C568F008C3A->577e0dac-7593-4640-b9aa-fa89f15259b7-GrpcLogAppender: Leader has not got in touch with Follower a138d61e-33be-4034-b658-559812d9cbdd@group-6C568F008C3A->577e0dac-7593-4640-b9aa-fa89f15259b7(c0,m0,n1, attendVote=true, lastRpcSendTime=2239, lastRpcResponseTime=2236) yet, just keep nextIndex unchanged and retry.
2022-12-19 18:39:11,047 [6ea35c1f-1714-407c-a38f-a2791a2eb8d3-impl-thread1] INFO  server.RaftServer$Division (RaftServerImpl.java:lambda$close$4(458)) - 6ea35c1f-1714-407c-a38f-a2791a2eb8d3@group-E6DE8B2F3E98: shutdown
2022-12-19 18:39:11,047 [6ea35c1f-1714-407c-a38f-a2791a2eb8d3-impl-thread1] INFO  util.JmxRegister (JmxRegister.java:unregister(73)) - Successfully un-registered JMX Bean with object name Ratis:service=RaftServer,group=group-E6DE8B2F3E98,id=6ea35c1f-1714-407c-a38f-a2791a2eb8d3
2022-12-19 18:39:11,047 [6ea35c1f-1714-407c-a38f-a2791a2eb8d3-impl-thread1] INFO  impl.RoleInfo (RoleInfo.java:shutdownLeaderState(93)) - 6ea35c1f-1714-407c-a38f-a2791a2eb8d3: shutdown 6ea35c1f-1714-407c-a38f-a2791a2eb8d3@group-E6DE8B2F3E98-LeaderStateImpl
2022-12-19 18:39:11,047 [grpc-default-executor-3] INFO  server.GrpcServerProtocolService (GrpcServerProtocolService.java:onCompleted(143)) - a138d61e-33be-4034-b658-559812d9cbdd: Completed APPEND_ENTRIES, lastRequest: 577e0dac-7593-4640-b9aa-fa89f15259b7->a138d61e-33be-4034-b658-559812d9cbdd#1-t4,previous=(t:0, i:0),leaderCommit=0,initializing? true,entries: size=1, first=(t:4, i:0), CONFIGURATIONENTRY(current:id: "a138d61e-33be-4034-b658-559812d9cbdd"
address: "10.1.0.24:45397"
dataStreamAddress: "10.1.0.24:37159"
clientAddress: "10.1.0.24:45397"
adminAddress: "10.1.0.24:45397"
startupRole: FOLLOWER
,id: "53431d8f-156a-4a42-8637-9d4e156967ab"
address: "10.1.0.24:42575"
dataStreamAddress: "10.1.0.24:37095"
clientAddress: "10.1.0.24:42575"
adminAddress: "10.1.0.24:42575"
startupRole: FOLLOWER
,id: "577e0dac-7593-4640-b9aa-fa89f15259b7"
address: "10.1.0.24:45135"
priority: 1
dataStreamAddress: "10.1.0.24:40327"
clientAddress: "10.1.0.24:45135"
adminAddress: "10.1.0.24:45135"
startupRole: FOLLOWER
, old:)
2022-12-19 18:39:11,045 [577e0dac-7593-4640-b9aa-fa89f15259b7@group-6C568F008C3A-StateMachineUpdater] INFO  impl.StateMachineUpdater (StateMachineUpdater.java:takeSnapshot(287)) - 577e0dac-7593-4640-b9aa-fa89f15259b7@group-6C568F008C3A-StateMachineUpdater: Took a snapshot at index 0
2022-12-19 18:39:11,047 [577e0dac-7593-4640-b9aa-fa89f15259b7@group-6C568F008C3A-StateMachineUpdater] INFO  impl.StateMachineUpdater (StateMachineUpdater.java:lambda$new$0(92)) - 577e0dac-7593-4640-b9aa-fa89f15259b7@group-6C568F008C3A-StateMachineUpdater: snapshotIndex: updateIncreasingly -1 -> 0
2022-12-19 18:39:11,045 [577e0dac-7593-4640-b9aa-fa89f15259b7@group-402B03C4197C-StateMachineUpdater] INFO  ratis.ContainerStateMachine (ContainerStateMachine.java:takeSnapshot(319)) - group-402B03C4197C: Finished taking a snapshot at:(t:4, i:0) file:/home/runner/work/ozone/ozone/hadoop-ozone/integration-test/target/test-dir/MiniOzoneClusterImpl-11542299-c030-49ce-a1ef-33f98f34fc6c/datanode-5/data/ratis/11141a20-bb0e-415d-ac4a-402b03c4197c/sm/snapshot.4_0 took: 1 ms
2022-12-19 18:39:11,047 [577e0dac-7593-4640-b9aa-fa89f15259b7-impl-thread1] INFO  server.RaftServer$Division (ServerState.java:close(466)) - 577e0dac-7593-4640-b9aa-fa89f15259b7@group-6C568F008C3A: closes. applyIndex: 0
2022-12-19 18:39:11,047 [577e0dac-7593-4640-b9aa-fa89f15259b7@group-402B03C4197C-StateMachineUpdater] INFO  impl.StateMachineUpdater (StateMachineUpdater.java:takeSnapshot(287)) - 577e0dac-7593-4640-b9aa-fa89f15259b7@group-402B03C4197C-StateMachineUpdater: Took a snapshot at index 0
2022-12-19 18:39:11,047 [577e0dac-7593-4640-b9aa-fa89f15259b7@group-402B03C4197C-StateMachineUpdater] INFO  impl.StateMachineUpdater (StateMachineUpdater.java:lambda$new$0(92)) - 577e0dac-7593-4640-b9aa-fa89f15259b7@group-402B03C4197C-StateMachineUpdater: snapshotIndex: updateIncreasingly -1 -> 0
2022-12-19 18:39:11,047 [577e0dac-7593-4640-b9aa-fa89f15259b7@group-6C568F008C3A-SegmentedRaftLogWorker] INFO  segmented.SegmentedRaftLogWorker (SegmentedRaftLogWorker.java:run(347)) - 577e0dac-7593-4640-b9aa-fa89f15259b7@group-6C568F008C3A-SegmentedRaftLogWorker was interrupted, exiting. There are 0 tasks remaining in the queue.
2022-12-19 18:39:11,048 [577e0dac-7593-4640-b9aa-fa89f15259b7-impl-thread1] INFO  segmented.SegmentedRaftLogWorker (SegmentedRaftLogWorker.java:close(257)) - 577e0dac-7593-4640-b9aa-fa89f15259b7@group-6C568F008C3A-SegmentedRaftLogWorker close()
2022-12-19 18:39:11,047 [6ea35c1f-1714-407c-a38f-a2791a2eb8d3-impl-thread1] INFO  impl.PendingRequests (PendingRequests.java:sendNotLeaderResponses(282)) - 6ea35c1f-1714-407c-a38f-a2791a2eb8d3@group-E6DE8B2F3E98-PendingRequests: sendNotLeaderResponses
2022-12-19 18:39:11,048 [6ea35c1f-1714-407c-a38f-a2791a2eb8d3-impl-thread1] INFO  impl.StateMachineUpdater (StateMachineUpdater.java:stopAndJoin(153)) - 6ea35c1f-1714-407c-a38f-a2791a2eb8d3@group-E6DE8B2F3E98-StateMachineUpdater: set stopIndex = 0
2022-12-19 18:39:11,048 [577e0dac-7593-4640-b9aa-fa89f15259b7-impl-thread2] INFO  server.RaftServer$Division (ServerState.java:close(466)) - 577e0dac-7593-4640-b9aa-fa89f15259b7@group-402B03C4197C: closes. applyIndex: 0
2022-12-19 18:39:11,048 [577e0dac-7593-4640-b9aa-fa89f15259b7@group-402B03C4197C-SegmentedRaftLogWorker] INFO  segmented.SegmentedRaftLogWorker (SegmentedRaftLogWorker.java:run(347)) - 577e0dac-7593-4640-b9aa-fa89f15259b7@group-402B03C4197C-SegmentedRaftLogWorker was interrupted, exiting. There are 0 tasks remaining in the queue.
2022-12-19 18:39:11,049 [grpc-default-executor-5] INFO  server.GrpcServerProtocolService (GrpcServerProtocolService.java:onCompleted(143)) - a138d61e-33be-4034-b658-559812d9cbdd: Completed APPEND_ENTRIES, lastRequest: null
2022-12-19 18:39:11,049 [grpc-default-executor-9] WARN  server.GrpcServerProtocolService (LogUtils.java:warn(122)) - 577e0dac-7593-4640-b9aa-fa89f15259b7: installSnapshot onError, lastRequest: null: org.apache.ratis.thirdparty.io.grpc.StatusRuntimeException: CANCELLED: client cancelled
2022-12-19 18:39:11,049 [6ea35c1f-1714-407c-a38f-a2791a2eb8d3@group-E6DE8B2F3E98-StateMachineUpdater] INFO  ratis.ContainerStateMachine (ContainerStateMachine.java:takeSnapshot(308)) - group-E6DE8B2F3E98: Taking a snapshot at:(t:1, i:0) file /home/runner/work/ozone/ozone/hadoop-ozone/integration-test/target/test-dir/MiniOzoneClusterImpl-11542299-c030-49ce-a1ef-33f98f34fc6c/datanode-2/data/ratis/0a30ac7b-804e-4af0-8410-e6de8b2f3e98/sm/snapshot.1_0
2022-12-19 18:39:11,050 [6ea35c1f-1714-407c-a38f-a2791a2eb8d3@group-E6DE8B2F3E98-StateMachineUpdater] INFO  ratis.ContainerStateMachine (ContainerStateMachine.java:takeSnapshot(319)) - group-E6DE8B2F3E98: Finished taking a snapshot at:(t:1, i:0) file:/home/runner/work/ozone/ozone/hadoop-ozone/integration-test/target/test-dir/MiniOzoneClusterImpl-11542299-c030-49ce-a1ef-33f98f34fc6c/datanode-2/data/ratis/0a30ac7b-804e-4af0-8410-e6de8b2f3e98/sm/snapshot.1_0 took: 0 ms
2022-12-19 18:39:11,050 [6ea35c1f-1714-407c-a38f-a2791a2eb8d3@group-E6DE8B2F3E98-StateMachineUpdater] INFO  impl.StateMachineUpdater (StateMachineUpdater.java:takeSnapshot(287)) - 6ea35c1f-1714-407c-a38f-a2791a2eb8d3@group-E6DE8B2F3E98-StateMachineUpdater: Took a snapshot at index 0
2022-12-19 18:39:11,050 [6ea35c1f-1714-407c-a38f-a2791a2eb8d3@group-E6DE8B2F3E98-StateMachineUpdater] INFO  impl.StateMachineUpdater (StateMachineUpdater.java:lambda$new$0(92)) - 6ea35c1f-1714-407c-a38f-a2791a2eb8d3@group-E6DE8B2F3E98-StateMachineUpdater: snapshotIndex: updateIncreasingly -1 -> 0
2022-12-19 18:39:11,050 [6ea35c1f-1714-407c-a38f-a2791a2eb8d3-impl-thread1] INFO  server.RaftServer$Division (ServerState.java:close(466)) - 6ea35c1f-1714-407c-a38f-a2791a2eb8d3@group-E6DE8B2F3E98: closes. applyIndex: 0
2022-12-19 18:39:11,050 [6ea35c1f-1714-407c-a38f-a2791a2eb8d3@group-E6DE8B2F3E98-SegmentedRaftLogWorker] INFO  segmented.SegmentedRaftLogWorker (SegmentedRaftLogWorker.java:run(347)) - 6ea35c1f-1714-407c-a38f-a2791a2eb8d3@group-E6DE8B2F3E98-SegmentedRaftLogWorker was interrupted, exiting. There are 0 tasks remaining in the queue.
2022-12-19 18:39:11,050 [ForkJoinPool.commonPool-worker-0] INFO  server.GrpcService (GrpcService.java:closeImpl(280)) - 6ea35c1f-1714-407c-a38f-a2791a2eb8d3: shutdown server GrpcServerProtocolService successfully
2022-12-19 18:39:11,050 [6ea35c1f-1714-407c-a38f-a2791a2eb8d3-impl-thread1] INFO  segmented.SegmentedRaftLogWorker (SegmentedRaftLogWorker.java:close(257)) - 6ea35c1f-1714-407c-a38f-a2791a2eb8d3@group-E6DE8B2F3E98-SegmentedRaftLogWorker close()
2022-12-19 18:39:11,051 [6ea35c1f-1714-407c-a38f-a2791a2eb8d3-NettyServerStreamRpc-bossGroup--thread1] INFO  logging.LoggingHandler (AbstractInternalLogger.java:log(148)) - [id: 0xb7efd7d3, L:/0:0:0:0:0:0:0:0:36469] CLOSE
2022-12-19 18:39:11,051 [6ea35c1f-1714-407c-a38f-a2791a2eb8d3-NettyServerStreamRpc-bossGroup--thread1] INFO  logging.LoggingHandler (AbstractInternalLogger.java:log(148)) - [id: 0xb7efd7d3, L:/0:0:0:0:0:0:0:0:36469] INACTIVE
2022-12-19 18:39:11,051 [6ea35c1f-1714-407c-a38f-a2791a2eb8d3-NettyServerStreamRpc-bossGroup--thread1] INFO  logging.LoggingHandler (AbstractInternalLogger.java:log(148)) - [id: 0xb7efd7d3, L:/0:0:0:0:0:0:0:0:36469] UNREGISTERED
2022-12-19 18:39:11,051 [577e0dac-7593-4640-b9aa-fa89f15259b7-impl-thread3] INFO  server.RaftServer$Division (RaftServerImpl.java:lambda$close$4(458)) - 577e0dac-7593-4640-b9aa-fa89f15259b7@group-A3E775AA6C15: shutdown
2022-12-19 18:39:11,051 [577e0dac-7593-4640-b9aa-fa89f15259b7-impl-thread3] INFO  util.JmxRegister (JmxRegister.java:unregister(73)) - Successfully un-registered JMX Bean with object name Ratis:service=RaftServer,group=group-A3E775AA6C15,id=577e0dac-7593-4640-b9aa-fa89f15259b7
2022-12-19 18:39:11,052 [577e0dac-7593-4640-b9aa-fa89f15259b7-impl-thread3] INFO  impl.RoleInfo (RoleInfo.java:shutdownLeaderState(93)) - 577e0dac-7593-4640-b9aa-fa89f15259b7: shutdown 577e0dac-7593-4640-b9aa-fa89f15259b7@group-A3E775AA6C15-LeaderStateImpl
2022-12-19 18:39:11,052 [577e0dac-7593-4640-b9aa-fa89f15259b7-impl-thread3] INFO  impl.PendingRequests (PendingRequests.java:sendNotLeaderResponses(282)) - 577e0dac-7593-4640-b9aa-fa89f15259b7@group-A3E775AA6C15-PendingRequests: sendNotLeaderResponses
2022-12-19 18:39:11,052 [577e0dac-7593-4640-b9aa-fa89f15259b7-impl-thread3] INFO  impl.StateMachineUpdater (StateMachineUpdater.java:stopAndJoin(153)) - 577e0dac-7593-4640-b9aa-fa89f15259b7@group-A3E775AA6C15-StateMachineUpdater: set stopIndex = 0
2022-12-19 18:39:11,052 [577e0dac-7593-4640-b9aa-fa89f15259b7@group-A3E775AA6C15-StateMachineUpdater] INFO  ratis.ContainerStateMachine (ContainerStateMachine.java:takeSnapshot(308)) - group-A3E775AA6C15: Taking a snapshot at:(t:1, i:0) file /home/runner/work/ozone/ozone/hadoop-ozone/integration-test/target/test-dir/MiniOzoneClusterImpl-11542299-c030-49ce-a1ef-33f98f34fc6c/datanode-5/data/ratis/ede34861-58fc-4f13-beda-a3e775aa6c15/sm/snapshot.1_0
2022-12-19 18:39:11,052 [577e0dac-7593-4640-b9aa-fa89f15259b7@group-A3E775AA6C15-StateMachineUpdater] INFO  ratis.ContainerStateMachine (ContainerStateMachine.java:takeSnapshot(319)) - group-A3E775AA6C15: Finished taking a snapshot at:(t:1, i:0) file:/home/runner/work/ozone/ozone/hadoop-ozone/integration-test/target/test-dir/MiniOzoneClusterImpl-11542299-c030-49ce-a1ef-33f98f34fc6c/datanode-5/data/ratis/ede34861-58fc-4f13-beda-a3e775aa6c15/sm/snapshot.1_0 took: 0 ms
2022-12-19 18:39:11,053 [577e0dac-7593-4640-b9aa-fa89f15259b7@group-A3E775AA6C15-StateMachineUpdater] INFO  impl.StateMachineUpdater (StateMachineUpdater.java:takeSnapshot(287)) - 577e0dac-7593-4640-b9aa-fa89f15259b7@group-A3E775AA6C15-StateMachineUpdater: Took a snapshot at index 0
2022-12-19 18:39:11,053 [577e0dac-7593-4640-b9aa-fa89f15259b7@group-A3E775AA6C15-StateMachineUpdater] INFO  impl.StateMachineUpdater (StateMachineUpdater.java:lambda$new$0(92)) - 577e0dac-7593-4640-b9aa-fa89f15259b7@group-A3E775AA6C15-StateMachineUpdater: snapshotIndex: updateIncreasingly -1 -> 0
2022-12-19 18:39:11,053 [577e0dac-7593-4640-b9aa-fa89f15259b7-impl-thread3] INFO  server.RaftServer$Division (ServerState.java:close(466)) - 577e0dac-7593-4640-b9aa-fa89f15259b7@group-A3E775AA6C15: closes. applyIndex: 0
2022-12-19 18:39:11,054 [grpc-default-executor-4] INFO  server.GrpcLogAppender (GrpcLogAppender.java:onCompleted(415)) - 577e0dac-7593-4640-b9aa-fa89f15259b7@group-402B03C4197C->a138d61e-33be-4034-b658-559812d9cbdd-AppendLogResponseHandler: follower responses appendEntries COMPLETED
2022-12-19 18:39:11,054 [grpc-default-executor-4] WARN  server.GrpcLogAppender (GrpcLogAppender.java:resetClient(137)) - 577e0dac-7593-4640-b9aa-fa89f15259b7@group-402B03C4197C->a138d61e-33be-4034-b658-559812d9cbdd-GrpcLogAppender: Failed to getClient for a138d61e-33be-4034-b658-559812d9cbdd
org.apache.ratis.protocol.exceptions.AlreadyClosedException: 577e0dac-7593-4640-b9aa-fa89f15259b7 is already CLOSED
	at org.apache.ratis.util.PeerProxyMap$PeerAndProxy.getProxy(PeerProxyMap.java:61)
	at org.apache.ratis.util.PeerProxyMap.getProxy(PeerProxyMap.java:115)
	at org.apache.ratis.grpc.server.GrpcLogAppender.getClient(GrpcLogAppender.java:116)
	at org.apache.ratis.grpc.server.GrpcLogAppender.resetClient(GrpcLogAppender.java:121)
	at org.apache.ratis.grpc.server.GrpcLogAppender.access$500(GrpcLogAppender.java:58)
	at org.apache.ratis.grpc.server.GrpcLogAppender$AppendLogResponseHandler.onCompleted(GrpcLogAppender.java:416)
	at org.apache.ratis.thirdparty.io.grpc.stub.ClientCalls$StreamObserverToCallListenerAdapter.onClose(ClientCalls.java:485)
	at org.apache.ratis.thirdparty.io.grpc.internal.ClientCallImpl.closeObserver(ClientCallImpl.java:562)
	at org.apache.ratis.thirdparty.io.grpc.internal.ClientCallImpl.access$300(ClientCallImpl.java:70)
	at org.apache.ratis.thirdparty.io.grpc.internal.ClientCallImpl$ClientStreamListenerImpl$1StreamClosed.runInternal(ClientCallImpl.java:743)
	at org.apache.ratis.thirdparty.io.grpc.internal.ClientCallImpl$ClientStreamListenerImpl$1StreamClosed.runInContext(ClientCallImpl.java:722)
	at org.apache.ratis.thirdparty.io.grpc.internal.ContextRunnable.run(ContextRunnable.java:37)
	at org.apache.ratis.thirdparty.io.grpc.internal.SerializingExecutor.run(SerializingExecutor.java:133)
	at java.util.concurrent.ThreadPoolExecutor.runWorker(ThreadPoolExecutor.java:1149)
	at java.util.concurrent.ThreadPoolExecutor$Worker.run(ThreadPoolExecutor.java:624)
	at java.lang.Thread.run(Thread.java:750)
2022-12-19 18:39:11,066 [577e0dac-7593-4640-b9aa-fa89f15259b7@group-A3E775AA6C15-SegmentedRaftLogWorker] INFO  segmented.SegmentedRaftLogWorker (SegmentedRaftLogWorker.java:run(347)) - 577e0dac-7593-4640-b9aa-fa89f15259b7@group-A3E775AA6C15-SegmentedRaftLogWorker was interrupted, exiting. There are 0 tasks remaining in the queue.
2022-12-19 18:39:11,067 [577e0dac-7593-4640-b9aa-fa89f15259b7-impl-thread2] INFO  segmented.SegmentedRaftLogWorker (SegmentedRaftLogWorker.java:close(257)) - 577e0dac-7593-4640-b9aa-fa89f15259b7@group-402B03C4197C-SegmentedRaftLogWorker close()
2022-12-19 18:39:11,067 [grpc-default-executor-7] WARN  server.GrpcLogAppender (LogUtils.java:warn(122)) - a138d61e-33be-4034-b658-559812d9cbdd@group-6C568F008C3A->577e0dac-7593-4640-b9aa-fa89f15259b7-AppendLogResponseHandler: Failed appendEntries: org.apache.ratis.thirdparty.io.grpc.StatusRuntimeException: CANCELLED: RST_STREAM closed stream. HTTP/2 error code: CANCEL
2022-12-19 18:39:11,067 [grpc-default-executor-7] WARN  server.GrpcLogAppender (GrpcLogAppender.java:resetClient(131)) - a138d61e-33be-4034-b658-559812d9cbdd@group-6C568F008C3A->577e0dac-7593-4640-b9aa-fa89f15259b7-GrpcLogAppender: Leader has not got in touch with Follower a138d61e-33be-4034-b658-559812d9cbdd@group-6C568F008C3A->577e0dac-7593-4640-b9aa-fa89f15259b7(c0,m0,n1, attendVote=true, lastRpcSendTime=2260, lastRpcResponseTime=2257) yet, just keep nextIndex unchanged and retry.
2022-12-19 18:39:11,067 [grpc-default-executor-6] INFO  server.GrpcLogAppender (GrpcLogAppender.java:onCompleted(415)) - 577e0dac-7593-4640-b9aa-fa89f15259b7@group-402B03C4197C->a138d61e-33be-4034-b658-559812d9cbdd-AppendLogResponseHandler: follower responses appendEntries COMPLETED
2022-12-19 18:39:11,067 [grpc-default-executor-6] WARN  server.GrpcLogAppender (GrpcLogAppender.java:resetClient(137)) - 577e0dac-7593-4640-b9aa-fa89f15259b7@group-402B03C4197C->a138d61e-33be-4034-b658-559812d9cbdd-GrpcLogAppender: Failed to getClient for a138d61e-33be-4034-b658-559812d9cbdd
org.apache.ratis.protocol.exceptions.AlreadyClosedException: 577e0dac-7593-4640-b9aa-fa89f15259b7 is already CLOSED
	at org.apache.ratis.util.PeerProxyMap$PeerAndProxy.getProxy(PeerProxyMap.java:61)
	at org.apache.ratis.util.PeerProxyMap.getProxy(PeerProxyMap.java:115)
	at org.apache.ratis.grpc.server.GrpcLogAppender.getClient(GrpcLogAppender.java:116)
	at org.apache.ratis.grpc.server.GrpcLogAppender.resetClient(GrpcLogAppender.java:121)
	at org.apache.ratis.grpc.server.GrpcLogAppender.access$500(GrpcLogAppender.java:58)
	at org.apache.ratis.grpc.server.GrpcLogAppender$AppendLogResponseHandler.onCompleted(GrpcLogAppender.java:416)
	at org.apache.ratis.thirdparty.io.grpc.stub.ClientCalls$StreamObserverToCallListenerAdapter.onClose(ClientCalls.java:485)
	at org.apache.ratis.thirdparty.io.grpc.internal.DelayedClientCall$DelayedListener$3.run(DelayedClientCall.java:468)
	at org.apache.ratis.thirdparty.io.grpc.internal.DelayedClientCall$DelayedListener.delayOrExecute(DelayedClientCall.java:432)
	at org.apache.ratis.thirdparty.io.grpc.internal.DelayedClientCall$DelayedListener.onClose(DelayedClientCall.java:465)
	at org.apache.ratis.thirdparty.io.grpc.internal.ClientCallImpl.closeObserver(ClientCallImpl.java:562)
	at org.apache.ratis.thirdparty.io.grpc.internal.ClientCallImpl.access$300(ClientCallImpl.java:70)
	at org.apache.ratis.thirdparty.io.grpc.internal.ClientCallImpl$ClientStreamListenerImpl$1StreamClosed.runInternal(ClientCallImpl.java:743)
	at org.apache.ratis.thirdparty.io.grpc.internal.ClientCallImpl$ClientStreamListenerImpl$1StreamClosed.runInContext(ClientCallImpl.java:722)
	at org.apache.ratis.thirdparty.io.grpc.internal.ContextRunnable.run(ContextRunnable.java:37)
	at org.apache.ratis.thirdparty.io.grpc.internal.SerializingExecutor.run(SerializingExecutor.java:133)
	at java.util.concurrent.ThreadPoolExecutor.runWorker(ThreadPoolExecutor.java:1149)
	at java.util.concurrent.ThreadPoolExecutor$Worker.run(ThreadPoolExecutor.java:624)
	at java.lang.Thread.run(Thread.java:750)
2022-12-19 18:39:11,067 [Listener at 127.0.0.1/44039] INFO  server.GrpcServerProtocolClient (GrpcServerProtocolClient.java:close(101)) - 53431d8f-156a-4a42-8637-9d4e156967ab Close channels
2022-12-19 18:39:11,068 [Listener at 127.0.0.1/44039] INFO  server.GrpcService (GrpcService.java:closeImpl(280)) - 577e0dac-7593-4640-b9aa-fa89f15259b7: shutdown server GrpcServerProtocolService successfully
2022-12-19 18:39:11,068 [577e0dac-7593-4640-b9aa-fa89f15259b7-NettyServerStreamRpc-bossGroup--thread1] INFO  logging.LoggingHandler (AbstractInternalLogger.java:log(148)) - [id: 0x4b263da9, L:/0:0:0:0:0:0:0:0:40327] CLOSE
2022-12-19 18:39:11,068 [577e0dac-7593-4640-b9aa-fa89f15259b7-NettyServerStreamRpc-bossGroup--thread1] INFO  logging.LoggingHandler (AbstractInternalLogger.java:log(148)) - [id: 0x4b263da9, L:/0:0:0:0:0:0:0:0:40327] INACTIVE
2022-12-19 18:39:11,068 [577e0dac-7593-4640-b9aa-fa89f15259b7-NettyServerStreamRpc-bossGroup--thread1] INFO  logging.LoggingHandler (AbstractInternalLogger.java:log(148)) - [id: 0x4b263da9, L:/0:0:0:0:0:0:0:0:40327] UNREGISTERED
2022-12-19 18:39:11,085 [577e0dac-7593-4640-b9aa-fa89f15259b7-impl-thread3] INFO  segmented.SegmentedRaftLogWorker (SegmentedRaftLogWorker.java:close(257)) - 577e0dac-7593-4640-b9aa-fa89f15259b7@group-A3E775AA6C15-SegmentedRaftLogWorker close()
2022-12-19 18:39:11,113 [JvmPauseMonitor6] INFO  util.JvmPauseMonitor (JvmPauseMonitor.java:run(111)) - JvmPauseMonitor-577e0dac-7593-4640-b9aa-fa89f15259b7: Stopped
2022-12-19 18:39:11,116 [JvmPauseMonitor3] INFO  util.JvmPauseMonitor (JvmPauseMonitor.java:run(111)) - JvmPauseMonitor-6ea35c1f-1714-407c-a38f-a2791a2eb8d3: Stopped
2022-12-19 18:39:11,316 [grpc-default-executor-6] WARN  server.GrpcLogAppender (LogUtils.java:warn(122)) - a138d61e-33be-4034-b658-559812d9cbdd@group-6C568F008C3A->577e0dac-7593-4640-b9aa-fa89f15259b7-AppendLogResponseHandler: Failed appendEntries: org.apache.ratis.thirdparty.io.grpc.StatusRuntimeException: UNAVAILABLE: io exception
2022-12-19 18:39:11,317 [grpc-default-executor-2] WARN  server.GrpcLogAppender (LogUtils.java:warn(122)) - a138d61e-33be-4034-b658-559812d9cbdd@group-6C568F008C3A->577e0dac-7593-4640-b9aa-fa89f15259b7-AppendLogResponseHandler: Failed appendEntries: org.apache.ratis.thirdparty.io.grpc.StatusRuntimeException: UNAVAILABLE: io exception
2022-12-19 18:39:11,318 [grpc-default-executor-6] WARN  server.GrpcLogAppender (GrpcLogAppender.java:resetClient(131)) - a138d61e-33be-4034-b658-559812d9cbdd@group-6C568F008C3A->577e0dac-7593-4640-b9aa-fa89f15259b7-GrpcLogAppender: Leader has not got in touch with Follower a138d61e-33be-4034-b658-559812d9cbdd@group-6C568F008C3A->577e0dac-7593-4640-b9aa-fa89f15259b7(c0,m0,n1, attendVote=true, lastRpcSendTime=0, lastRpcResponseTime=2508) yet, just keep nextIndex unchanged and retry.
2022-12-19 18:39:11,318 [grpc-default-executor-2] WARN  server.GrpcLogAppender (GrpcLogAppender.java:resetClient(131)) - a138d61e-33be-4034-b658-559812d9cbdd@group-6C568F008C3A->577e0dac-7593-4640-b9aa-fa89f15259b7-GrpcLogAppender: Leader has not got in touch with Follower a138d61e-33be-4034-b658-559812d9cbdd@group-6C568F008C3A->577e0dac-7593-4640-b9aa-fa89f15259b7(c0,m0,n1, attendVote=true, lastRpcSendTime=0, lastRpcResponseTime=2508) yet, just keep nextIndex unchanged and retry.
2022-12-19 18:39:11,366 [grpc-default-executor-2] WARN  server.GrpcLogAppender (LogUtils.java:warn(122)) - a138d61e-33be-4034-b658-559812d9cbdd@group-6C568F008C3A->53431d8f-156a-4a42-8637-9d4e156967ab-AppendLogResponseHandler: Failed appendEntries: org.apache.ratis.thirdparty.io.grpc.StatusRuntimeException: UNAVAILABLE: io exception
2022-12-19 18:39:11,367 [grpc-default-executor-6] WARN  server.GrpcLogAppender (LogUtils.java:warn(122)) - a138d61e-33be-4034-b658-559812d9cbdd@group-6C568F008C3A->53431d8f-156a-4a42-8637-9d4e156967ab-AppendLogResponseHandler: Failed appendEntries: org.apache.ratis.thirdparty.io.grpc.StatusRuntimeException: UNAVAILABLE: io exception
2022-12-19 18:39:11,368 [grpc-default-executor-2] WARN  server.GrpcLogAppender (GrpcLogAppender.java:resetClient(131)) - a138d61e-33be-4034-b658-559812d9cbdd@group-6C568F008C3A->53431d8f-156a-4a42-8637-9d4e156967ab-GrpcLogAppender: Leader has not got in touch with Follower a138d61e-33be-4034-b658-559812d9cbdd@group-6C568F008C3A->53431d8f-156a-4a42-8637-9d4e156967ab(c0,m0,n1, attendVote=true, lastRpcSendTime=0, lastRpcResponseTime=5063) yet, just keep nextIndex unchanged and retry.
2022-12-19 18:39:11,369 [grpc-default-executor-6] WARN  server.GrpcLogAppender (GrpcLogAppender.java:resetClient(131)) - a138d61e-33be-4034-b658-559812d9cbdd@group-6C568F008C3A->53431d8f-156a-4a42-8637-9d4e156967ab-GrpcLogAppender: Leader has not got in touch with Follower a138d61e-33be-4034-b658-559812d9cbdd@group-6C568F008C3A->53431d8f-156a-4a42-8637-9d4e156967ab(c0,m0,n1, attendVote=true, lastRpcSendTime=2, lastRpcResponseTime=5064) yet, just keep nextIndex unchanged and retry.
2022-12-19 18:39:11,751 [EventQueue-CommandQueueReportForCommandQueueReportHandler] WARN  events.EventQueue (EventQueue.java:fireEvent(216)) - No event handler registered for event TypedEvent{payloadType=DatanodeDetails, name='Datanode_Command_Queue_Updated'}
2022-12-19 18:39:12,193 [EventQueue-CommandQueueReportForCommandQueueReportHandler] WARN  events.EventQueue (EventQueue.java:fireEvent(216)) - No event handler registered for event TypedEvent{payloadType=DatanodeDetails, name='Datanode_Command_Queue_Updated'}
2022-12-19 18:39:12,568 [grpc-default-executor-6] WARN  server.GrpcLogAppender (LogUtils.java:warn(122)) - a138d61e-33be-4034-b658-559812d9cbdd@group-6C568F008C3A->577e0dac-7593-4640-b9aa-fa89f15259b7-AppendLogResponseHandler: Failed appendEntries: org.apache.ratis.thirdparty.io.grpc.StatusRuntimeException: UNAVAILABLE: io exception
2022-12-19 18:39:12,568 [grpc-default-executor-2] WARN  server.GrpcLogAppender (LogUtils.java:warn(122)) - a138d61e-33be-4034-b658-559812d9cbdd@group-6C568F008C3A->577e0dac-7593-4640-b9aa-fa89f15259b7-AppendLogResponseHandler: Failed appendEntries: org.apache.ratis.thirdparty.io.grpc.StatusRuntimeException: UNAVAILABLE: io exception
2022-12-19 18:39:12,569 [grpc-default-executor-6] WARN  server.GrpcLogAppender (GrpcLogAppender.java:resetClient(131)) - a138d61e-33be-4034-b658-559812d9cbdd@group-6C568F008C3A->577e0dac-7593-4640-b9aa-fa89f15259b7-GrpcLogAppender: Leader has not got in touch with Follower a138d61e-33be-4034-b658-559812d9cbdd@group-6C568F008C3A->577e0dac-7593-4640-b9aa-fa89f15259b7(c0,m0,n1, attendVote=true, lastRpcSendTime=1251, lastRpcResponseTime=3758) yet, just keep nextIndex unchanged and retry.
2022-12-19 18:39:12,572 [grpc-default-executor-2] WARN  server.GrpcLogAppender (GrpcLogAppender.java:resetClient(131)) - a138d61e-33be-4034-b658-559812d9cbdd@group-6C568F008C3A->577e0dac-7593-4640-b9aa-fa89f15259b7-GrpcLogAppender: Leader has not got in touch with Follower a138d61e-33be-4034-b658-559812d9cbdd@group-6C568F008C3A->577e0dac-7593-4640-b9aa-fa89f15259b7(c0,m0,n1, attendVote=true, lastRpcSendTime=1254, lastRpcResponseTime=3762) yet, just keep nextIndex unchanged and retry.
2022-12-19 18:39:12,573 [grpc-default-executor-2] WARN  server.GrpcLogAppender (LogUtils.java:warn(122)) - a138d61e-33be-4034-b658-559812d9cbdd@group-6C568F008C3A->577e0dac-7593-4640-b9aa-fa89f15259b7-AppendLogResponseHandler: Failed appendEntries: org.apache.ratis.thirdparty.io.grpc.StatusRuntimeException: UNAVAILABLE: io exception
2022-12-19 18:39:12,573 [grpc-default-executor-2] WARN  server.GrpcLogAppender (GrpcLogAppender.java:resetClient(131)) - a138d61e-33be-4034-b658-559812d9cbdd@group-6C568F008C3A->577e0dac-7593-4640-b9aa-fa89f15259b7-GrpcLogAppender: Leader has not got in touch with Follower a138d61e-33be-4034-b658-559812d9cbdd@group-6C568F008C3A->577e0dac-7593-4640-b9aa-fa89f15259b7(c0,m0,n1, attendVote=true, lastRpcSendTime=0, lastRpcResponseTime=3763) yet, just keep nextIndex unchanged and retry.
2022-12-19 18:39:12,574 [grpc-default-executor-6] WARN  server.GrpcLogAppender (LogUtils.java:warn(122)) - a138d61e-33be-4034-b658-559812d9cbdd@group-6C568F008C3A->577e0dac-7593-4640-b9aa-fa89f15259b7-AppendLogResponseHandler: Failed appendEntries: org.apache.ratis.thirdparty.io.grpc.StatusRuntimeException: UNAVAILABLE: io exception
2022-12-19 18:39:12,575 [grpc-default-executor-6] WARN  server.GrpcLogAppender (GrpcLogAppender.java:resetClient(131)) - a138d61e-33be-4034-b658-559812d9cbdd@group-6C568F008C3A->577e0dac-7593-4640-b9aa-fa89f15259b7-GrpcLogAppender: Leader has not got in touch with Follower a138d61e-33be-4034-b658-559812d9cbdd@group-6C568F008C3A->577e0dac-7593-4640-b9aa-fa89f15259b7(c0,m0,n1, attendVote=true, lastRpcSendTime=1, lastRpcResponseTime=3765) yet, just keep nextIndex unchanged and retry.
2022-12-19 18:39:12,617 [grpc-default-executor-6] WARN  server.GrpcLogAppender (LogUtils.java:warn(122)) - a138d61e-33be-4034-b658-559812d9cbdd@group-6C568F008C3A->53431d8f-156a-4a42-8637-9d4e156967ab-AppendLogResponseHandler: Failed appendEntries: org.apache.ratis.thirdparty.io.grpc.StatusRuntimeException: UNAVAILABLE: io exception
2022-12-19 18:39:12,618 [grpc-default-executor-2] WARN  server.GrpcLogAppender (LogUtils.java:warn(122)) - a138d61e-33be-4034-b658-559812d9cbdd@group-6C568F008C3A->53431d8f-156a-4a42-8637-9d4e156967ab-AppendLogResponseHandler: Failed appendEntries: org.apache.ratis.thirdparty.io.grpc.StatusRuntimeException: UNAVAILABLE: io exception
2022-12-19 18:39:12,618 [grpc-default-executor-6] WARN  server.GrpcLogAppender (GrpcLogAppender.java:resetClient(131)) - a138d61e-33be-4034-b658-559812d9cbdd@group-6C568F008C3A->53431d8f-156a-4a42-8637-9d4e156967ab-GrpcLogAppender: Leader has not got in touch with Follower a138d61e-33be-4034-b658-559812d9cbdd@group-6C568F008C3A->53431d8f-156a-4a42-8637-9d4e156967ab(c0,m0,n1, attendVote=true, lastRpcSendTime=1251, lastRpcResponseTime=6313) yet, just keep nextIndex unchanged and retry.
2022-12-19 18:39:12,619 [grpc-default-executor-2] WARN  server.GrpcLogAppender (GrpcLogAppender.java:resetClient(131)) - a138d61e-33be-4034-b658-559812d9cbdd@group-6C568F008C3A->53431d8f-156a-4a42-8637-9d4e156967ab-GrpcLogAppender: Leader has not got in touch with Follower a138d61e-33be-4034-b658-559812d9cbdd@group-6C568F008C3A->53431d8f-156a-4a42-8637-9d4e156967ab(c0,m0,n1, attendVote=true, lastRpcSendTime=1252, lastRpcResponseTime=6314) yet, just keep nextIndex unchanged and retry.
2022-12-19 18:39:12,620 [grpc-default-executor-2] WARN  server.GrpcLogAppender (LogUtils.java:warn(122)) - a138d61e-33be-4034-b658-559812d9cbdd@group-6C568F008C3A->53431d8f-156a-4a42-8637-9d4e156967ab-AppendLogResponseHandler: Failed appendEntries: org.apache.ratis.thirdparty.io.grpc.StatusRuntimeException: UNAVAILABLE: io exception
2022-12-19 18:39:12,620 [grpc-default-executor-6] WARN  server.GrpcLogAppender (LogUtils.java:warn(122)) - a138d61e-33be-4034-b658-559812d9cbdd@group-6C568F008C3A->53431d8f-156a-4a42-8637-9d4e156967ab-AppendLogResponseHandler: Failed appendEntries: org.apache.ratis.thirdparty.io.grpc.StatusRuntimeException: UNAVAILABLE: io exception
2022-12-19 18:39:12,621 [grpc-default-executor-2] WARN  server.GrpcLogAppender (GrpcLogAppender.java:resetClient(131)) - a138d61e-33be-4034-b658-559812d9cbdd@group-6C568F008C3A->53431d8f-156a-4a42-8637-9d4e156967ab-GrpcLogAppender: Leader has not got in touch with Follower a138d61e-33be-4034-b658-559812d9cbdd@group-6C568F008C3A->53431d8f-156a-4a42-8637-9d4e156967ab(c0,m0,n1, attendVote=true, lastRpcSendTime=1253, lastRpcResponseTime=6316) yet, just keep nextIndex unchanged and retry.
2022-12-19 18:39:12,622 [grpc-default-executor-6] WARN  server.GrpcLogAppender (GrpcLogAppender.java:resetClient(131)) - a138d61e-33be-4034-b658-559812d9cbdd@group-6C568F008C3A->53431d8f-156a-4a42-8637-9d4e156967ab-GrpcLogAppender: Leader has not got in touch with Follower a138d61e-33be-4034-b658-559812d9cbdd@group-6C568F008C3A->53431d8f-156a-4a42-8637-9d4e156967ab(c0,m0,n1, attendVote=true, lastRpcSendTime=1254, lastRpcResponseTime=6317) yet, just keep nextIndex unchanged and retry.
2022-12-19 18:39:12,623 [grpc-default-executor-6] WARN  server.GrpcLogAppender (LogUtils.java:warn(122)) - a138d61e-33be-4034-b658-559812d9cbdd@group-6C568F008C3A->53431d8f-156a-4a42-8637-9d4e156967ab-AppendLogResponseHandler: Failed appendEntries: org.apache.ratis.thirdparty.io.grpc.StatusRuntimeException: UNAVAILABLE: io exception
2022-12-19 18:39:12,623 [grpc-default-executor-2] WARN  server.GrpcLogAppender (LogUtils.java:warn(122)) - a138d61e-33be-4034-b658-559812d9cbdd@group-6C568F008C3A->53431d8f-156a-4a42-8637-9d4e156967ab-AppendLogResponseHandler: Failed appendEntries: org.apache.ratis.thirdparty.io.grpc.StatusRuntimeException: UNAVAILABLE: io exception
2022-12-19 18:39:12,623 [grpc-default-executor-6] WARN  server.GrpcLogAppender (GrpcLogAppender.java:resetClient(131)) - a138d61e-33be-4034-b658-559812d9cbdd@group-6C568F008C3A->53431d8f-156a-4a42-8637-9d4e156967ab-GrpcLogAppender: Leader has not got in touch with Follower a138d61e-33be-4034-b658-559812d9cbdd@group-6C568F008C3A->53431d8f-156a-4a42-8637-9d4e156967ab(c0,m0,n1, attendVote=true, lastRpcSendTime=1256, lastRpcResponseTime=6318) yet, just keep nextIndex unchanged and retry.
2022-12-19 18:39:12,624 [grpc-default-executor-2] WARN  server.GrpcLogAppender (GrpcLogAppender.java:resetClient(131)) - a138d61e-33be-4034-b658-559812d9cbdd@group-6C568F008C3A->53431d8f-156a-4a42-8637-9d4e156967ab-GrpcLogAppender: Leader has not got in touch with Follower a138d61e-33be-4034-b658-559812d9cbdd@group-6C568F008C3A->53431d8f-156a-4a42-8637-9d4e156967ab(c0,m0,n1, attendVote=true, lastRpcSendTime=1256, lastRpcResponseTime=6318) yet, just keep nextIndex unchanged and retry.
2022-12-19 18:39:12,624 [grpc-default-executor-2] WARN  server.GrpcLogAppender (LogUtils.java:warn(122)) - a138d61e-33be-4034-b658-559812d9cbdd@group-6C568F008C3A->53431d8f-156a-4a42-8637-9d4e156967ab-AppendLogResponseHandler: Failed appendEntries: org.apache.ratis.thirdparty.io.grpc.StatusRuntimeException: UNAVAILABLE: io exception
2022-12-19 18:39:12,624 [grpc-default-executor-6] WARN  server.GrpcLogAppender (LogUtils.java:warn(122)) - a138d61e-33be-4034-b658-559812d9cbdd@group-6C568F008C3A->53431d8f-156a-4a42-8637-9d4e156967ab-AppendLogResponseHandler: Failed appendEntries: org.apache.ratis.thirdparty.io.grpc.StatusRuntimeException: UNAVAILABLE: io exception
2022-12-19 18:39:12,625 [grpc-default-executor-2] WARN  server.GrpcLogAppender (GrpcLogAppender.java:resetClient(131)) - a138d61e-33be-4034-b658-559812d9cbdd@group-6C568F008C3A->53431d8f-156a-4a42-8637-9d4e156967ab-GrpcLogAppender: Leader has not got in touch with Follower a138d61e-33be-4034-b658-559812d9cbdd@group-6C568F008C3A->53431d8f-156a-4a42-8637-9d4e156967ab(c0,m0,n1, attendVote=true, lastRpcSendTime=1257, lastRpcResponseTime=6320) yet, just keep nextIndex unchanged and retry.
2022-12-19 18:39:12,626 [grpc-default-executor-6] WARN  server.GrpcLogAppender (GrpcLogAppender.java:resetClient(131)) - a138d61e-33be-4034-b658-559812d9cbdd@group-6C568F008C3A->53431d8f-156a-4a42-8637-9d4e156967ab-GrpcLogAppender: Leader has not got in touch with Follower a138d61e-33be-4034-b658-559812d9cbdd@group-6C568F008C3A->53431d8f-156a-4a42-8637-9d4e156967ab(c0,m0,n1, attendVote=true, lastRpcSendTime=1258, lastRpcResponseTime=6321) yet, just keep nextIndex unchanged and retry.
2022-12-19 18:39:12,627 [grpc-default-executor-6] WARN  server.GrpcLogAppender (LogUtils.java:warn(122)) - a138d61e-33be-4034-b658-559812d9cbdd@group-6C568F008C3A->53431d8f-156a-4a42-8637-9d4e156967ab-AppendLogResponseHandler: Failed appendEntries: org.apache.ratis.thirdparty.io.grpc.StatusRuntimeException: UNAVAILABLE: io exception
2022-12-19 18:39:12,627 [grpc-default-executor-2] WARN  server.GrpcLogAppender (LogUtils.java:warn(122)) - a138d61e-33be-4034-b658-559812d9cbdd@group-6C568F008C3A->53431d8f-156a-4a42-8637-9d4e156967ab-AppendLogResponseHandler: Failed appendEntries: org.apache.ratis.thirdparty.io.grpc.StatusRuntimeException: UNAVAILABLE: io exception
2022-12-19 18:39:12,627 [grpc-default-executor-6] WARN  server.GrpcLogAppender (GrpcLogAppender.java:resetClient(131)) - a138d61e-33be-4034-b658-559812d9cbdd@group-6C568F008C3A->53431d8f-156a-4a42-8637-9d4e156967ab-GrpcLogAppender: Leader has not got in touch with Follower a138d61e-33be-4034-b658-559812d9cbdd@group-6C568F008C3A->53431d8f-156a-4a42-8637-9d4e156967ab(c0,m0,n1, attendVote=true, lastRpcSendTime=1260, lastRpcResponseTime=6322) yet, just keep nextIndex unchanged and retry.
2022-12-19 18:39:12,628 [grpc-default-executor-2] WARN  server.GrpcLogAppender (GrpcLogAppender.java:resetClient(131)) - a138d61e-33be-4034-b658-559812d9cbdd@group-6C568F008C3A->53431d8f-156a-4a42-8637-9d4e156967ab-GrpcLogAppender: Leader has not got in touch with Follower a138d61e-33be-4034-b658-559812d9cbdd@group-6C568F008C3A->53431d8f-156a-4a42-8637-9d4e156967ab(c0,m0,n1, attendVote=true, lastRpcSendTime=1260, lastRpcResponseTime=6322) yet, just keep nextIndex unchanged and retry.
2022-12-19 18:39:12,628 [grpc-default-executor-2] WARN  server.GrpcLogAppender (LogUtils.java:warn(122)) - a138d61e-33be-4034-b658-559812d9cbdd@group-6C568F008C3A->53431d8f-156a-4a42-8637-9d4e156967ab-AppendLogResponseHandler: Failed appendEntries: org.apache.ratis.thirdparty.io.grpc.StatusRuntimeException: UNAVAILABLE: io exception
2022-12-19 18:39:12,628 [grpc-default-executor-6] WARN  server.GrpcLogAppender (LogUtils.java:warn(122)) - a138d61e-33be-4034-b658-559812d9cbdd@group-6C568F008C3A->53431d8f-156a-4a42-8637-9d4e156967ab-AppendLogResponseHandler: Failed appendEntries: org.apache.ratis.thirdparty.io.grpc.StatusRuntimeException: UNAVAILABLE: io exception
2022-12-19 18:39:12,630 [grpc-default-executor-2] WARN  server.GrpcLogAppender (GrpcLogAppender.java:resetClient(131)) - a138d61e-33be-4034-b658-559812d9cbdd@group-6C568F008C3A->53431d8f-156a-4a42-8637-9d4e156967ab-GrpcLogAppender: Leader has not got in touch with Follower a138d61e-33be-4034-b658-559812d9cbdd@group-6C568F008C3A->53431d8f-156a-4a42-8637-9d4e156967ab(c0,m0,n1, attendVote=true, lastRpcSendTime=1, lastRpcResponseTime=6325) yet, just keep nextIndex unchanged and retry.
2022-12-19 18:39:12,631 [grpc-default-executor-6] WARN  server.GrpcLogAppender (GrpcLogAppender.java:resetClient(131)) - a138d61e-33be-4034-b658-559812d9cbdd@group-6C568F008C3A->53431d8f-156a-4a42-8637-9d4e156967ab-GrpcLogAppender: Leader has not got in touch with Follower a138d61e-33be-4034-b658-559812d9cbdd@group-6C568F008C3A->53431d8f-156a-4a42-8637-9d4e156967ab(c0,m0,n1, attendVote=true, lastRpcSendTime=1, lastRpcResponseTime=6326) yet, just keep nextIndex unchanged and retry.
2022-12-19 18:39:13,129 [ForkJoinPool.commonPool-worker-0] INFO  volume.HddsVolume (HddsVolume.java:closeDbStore(338)) - SchemaV3 db is stopped at /home/runner/work/ozone/ozone/hadoop-ozone/integration-test/target/test-dir/MiniOzoneClusterImpl-11542299-c030-49ce-a1ef-33f98f34fc6c/datanode-2/data-0/containers/hdds/11542299-c030-49ce-a1ef-33f98f34fc6c/DS-16c7b7bc-0292-4c0d-b743-f19aeb5eed79/container.db for volume DS-16c7b7bc-0292-4c0d-b743-f19aeb5eed79
2022-12-19 18:39:13,129 [ForkJoinPool.commonPool-worker-0] INFO  utils.BackgroundService (BackgroundService.java:shutdown(141)) - Shutting down service BlockDeletingService
2022-12-19 18:39:13,129 [Listener at 127.0.0.1/44039] INFO  volume.HddsVolume (HddsVolume.java:closeDbStore(338)) - SchemaV3 db is stopped at /home/runner/work/ozone/ozone/hadoop-ozone/integration-test/target/test-dir/MiniOzoneClusterImpl-11542299-c030-49ce-a1ef-33f98f34fc6c/datanode-5/data-0/containers/hdds/11542299-c030-49ce-a1ef-33f98f34fc6c/DS-6bd539dc-5f39-4f4e-b248-f0b63dae4cef/container.db for volume DS-6bd539dc-5f39-4f4e-b248-f0b63dae4cef
2022-12-19 18:39:13,129 [ForkJoinPool.commonPool-worker-0] INFO  utils.BackgroundService (BackgroundService.java:shutdown(141)) - Shutting down service StaleRecoveringContainerScrubbingService
2022-12-19 18:39:13,130 [Listener at 127.0.0.1/44039] INFO  utils.BackgroundService (BackgroundService.java:shutdown(141)) - Shutting down service BlockDeletingService
2022-12-19 18:39:13,130 [Listener at 127.0.0.1/44039] INFO  utils.BackgroundService (BackgroundService.java:shutdown(141)) - Shutting down service StaleRecoveringContainerScrubbingService
2022-12-19 18:39:13,132 [ForkJoinPool.commonPool-worker-0] INFO  statemachine.DatanodeStateMachine (DatanodeStateMachine.java:stopDaemon(597)) - Ozone container server stopped.
2022-12-19 18:39:13,137 [Listener at 127.0.0.1/44039] INFO  statemachine.DatanodeStateMachine (DatanodeStateMachine.java:stopDaemon(597)) - Ozone container server stopped.
2022-12-19 18:39:13,148 [Listener at 127.0.0.1/44039] INFO  handler.ContextHandler (ContextHandler.java:doStop(1159)) - Stopped o.e.j.w.WebAppContext@19eb5290{hddsDatanode,/,null,STOPPED}{jar:file:/home/runner/.m2/repository/org/apache/ozone/hdds-container-service/1.3.0-SNAPSHOT/hdds-container-service-1.3.0-SNAPSHOT.jar!/webapps/hddsDatanode}
2022-12-19 18:39:13,149 [Listener at 127.0.0.1/44039] INFO  server.AbstractConnector (AbstractConnector.java:doStop(383)) - Stopped ServerConnector@64d4fde6{HTTP/1.1, (http/1.1)}{0.0.0.0:0}
2022-12-19 18:39:13,149 [Listener at 127.0.0.1/44039] INFO  server.session (HouseKeeper.java:stopScavenging(149)) - node0 Stopped scavenging
2022-12-19 18:39:13,149 [Listener at 127.0.0.1/44039] INFO  handler.ContextHandler (ContextHandler.java:doStop(1159)) - Stopped o.e.j.s.ServletContextHandler@254e898e{static,/static,jar:file:/home/runner/.m2/repository/org/apache/ozone/hdds-container-service/1.3.0-SNAPSHOT/hdds-container-service-1.3.0-SNAPSHOT.jar!/webapps/static,STOPPED}
2022-12-19 18:39:13,149 [Listener at 127.0.0.1/44039] INFO  handler.ContextHandler (ContextHandler.java:doStop(1159)) - Stopped o.e.j.s.ServletContextHandler@7e74d1ce{logs,/logs,file:///home/runner/work/ozone/ozone/hadoop-ozone/integration-test/target/log,STOPPED}
2022-12-19 18:39:13,149 [ForkJoinPool.commonPool-worker-0] INFO  handler.ContextHandler (ContextHandler.java:doStop(1159)) - Stopped o.e.j.w.WebAppContext@6b714533{hddsDatanode,/,null,STOPPED}{jar:file:/home/runner/.m2/repository/org/apache/ozone/hdds-container-service/1.3.0-SNAPSHOT/hdds-container-service-1.3.0-SNAPSHOT.jar!/webapps/hddsDatanode}
2022-12-19 18:39:13,151 [ForkJoinPool.commonPool-worker-0] INFO  server.AbstractConnector (AbstractConnector.java:doStop(383)) - Stopped ServerConnector@5fbf7a5d{HTTP/1.1, (http/1.1)}{0.0.0.0:0}
2022-12-19 18:39:13,152 [ForkJoinPool.commonPool-worker-0] INFO  server.session (HouseKeeper.java:stopScavenging(149)) - node0 Stopped scavenging
2022-12-19 18:39:13,157 [ForkJoinPool.commonPool-worker-0] INFO  handler.ContextHandler (ContextHandler.java:doStop(1159)) - Stopped o.e.j.s.ServletContextHandler@1005364f{static,/static,jar:file:/home/runner/.m2/repository/org/apache/ozone/hdds-container-service/1.3.0-SNAPSHOT/hdds-container-service-1.3.0-SNAPSHOT.jar!/webapps/static,STOPPED}
2022-12-19 18:39:13,158 [ForkJoinPool.commonPool-worker-0] INFO  handler.ContextHandler (ContextHandler.java:doStop(1159)) - Stopped o.e.j.s.ServletContextHandler@32809f98{logs,/logs,file:///home/runner/work/ozone/ozone/hadoop-ozone/integration-test/target/log,STOPPED}
2022-12-19 18:39:13,162 [ForkJoinPool.commonPool-worker-0] INFO  ozoneimpl.OzoneContainer (OzoneContainer.java:stop(417)) - Attempting to stop container services.
2022-12-19 18:39:13,163 [ForkJoinPool.commonPool-worker-0] INFO  server.RaftServer (RaftServerProxy.java:lambda$close$6(409)) - 89d730ca-c741-4fc9-afaf-179ceaf5b2b4: close
2022-12-19 18:39:13,166 [89d730ca-c741-4fc9-afaf-179ceaf5b2b4-impl-thread1] INFO  server.RaftServer$Division (RaftServerImpl.java:lambda$close$4(458)) - 89d730ca-c741-4fc9-afaf-179ceaf5b2b4@group-4986116CB204: shutdown
2022-12-19 18:39:13,166 [89d730ca-c741-4fc9-afaf-179ceaf5b2b4-impl-thread1] INFO  util.JmxRegister (JmxRegister.java:unregister(73)) - Successfully un-registered JMX Bean with object name Ratis:service=RaftServer,group=group-4986116CB204,id=89d730ca-c741-4fc9-afaf-179ceaf5b2b4
2022-12-19 18:39:13,166 [89d730ca-c741-4fc9-afaf-179ceaf5b2b4-impl-thread1] INFO  impl.RoleInfo (RoleInfo.java:shutdownLeaderState(93)) - 89d730ca-c741-4fc9-afaf-179ceaf5b2b4: shutdown 89d730ca-c741-4fc9-afaf-179ceaf5b2b4@group-4986116CB204-LeaderStateImpl
2022-12-19 18:39:13,166 [89d730ca-c741-4fc9-afaf-179ceaf5b2b4-impl-thread1] INFO  impl.PendingRequests (PendingRequests.java:sendNotLeaderResponses(282)) - 89d730ca-c741-4fc9-afaf-179ceaf5b2b4@group-4986116CB204-PendingRequests: sendNotLeaderResponses
2022-12-19 18:39:13,166 [89d730ca-c741-4fc9-afaf-179ceaf5b2b4-impl-thread1] INFO  impl.StateMachineUpdater (StateMachineUpdater.java:stopAndJoin(153)) - 89d730ca-c741-4fc9-afaf-179ceaf5b2b4@group-4986116CB204-StateMachineUpdater: set stopIndex = 0
2022-12-19 18:39:13,166 [89d730ca-c741-4fc9-afaf-179ceaf5b2b4@group-4986116CB204-StateMachineUpdater] INFO  ratis.ContainerStateMachine (ContainerStateMachine.java:takeSnapshot(308)) - group-4986116CB204: Taking a snapshot at:(t:1, i:0) file /home/runner/work/ozone/ozone/hadoop-ozone/integration-test/target/test-dir/MiniOzoneClusterImpl-11542299-c030-49ce-a1ef-33f98f34fc6c/datanode-0/data/ratis/ed9ae400-fd30-4244-abde-4986116cb204/sm/snapshot.1_0
2022-12-19 18:39:13,167 [89d730ca-c741-4fc9-afaf-179ceaf5b2b4@group-4986116CB204-StateMachineUpdater] INFO  ratis.ContainerStateMachine (ContainerStateMachine.java:takeSnapshot(319)) - group-4986116CB204: Finished taking a snapshot at:(t:1, i:0) file:/home/runner/work/ozone/ozone/hadoop-ozone/integration-test/target/test-dir/MiniOzoneClusterImpl-11542299-c030-49ce-a1ef-33f98f34fc6c/datanode-0/data/ratis/ed9ae400-fd30-4244-abde-4986116cb204/sm/snapshot.1_0 took: 1 ms
2022-12-19 18:39:13,168 [89d730ca-c741-4fc9-afaf-179ceaf5b2b4@group-4986116CB204-StateMachineUpdater] INFO  impl.StateMachineUpdater (StateMachineUpdater.java:takeSnapshot(287)) - 89d730ca-c741-4fc9-afaf-179ceaf5b2b4@group-4986116CB204-StateMachineUpdater: Took a snapshot at index 0
2022-12-19 18:39:13,168 [89d730ca-c741-4fc9-afaf-179ceaf5b2b4@group-4986116CB204-StateMachineUpdater] INFO  impl.StateMachineUpdater (StateMachineUpdater.java:lambda$new$0(92)) - 89d730ca-c741-4fc9-afaf-179ceaf5b2b4@group-4986116CB204-StateMachineUpdater: snapshotIndex: updateIncreasingly -1 -> 0
2022-12-19 18:39:13,168 [89d730ca-c741-4fc9-afaf-179ceaf5b2b4-impl-thread1] INFO  server.RaftServer$Division (ServerState.java:close(466)) - 89d730ca-c741-4fc9-afaf-179ceaf5b2b4@group-4986116CB204: closes. applyIndex: 0
2022-12-19 18:39:13,168 [89d730ca-c741-4fc9-afaf-179ceaf5b2b4@group-4986116CB204-SegmentedRaftLogWorker] INFO  segmented.SegmentedRaftLogWorker (SegmentedRaftLogWorker.java:run(347)) - 89d730ca-c741-4fc9-afaf-179ceaf5b2b4@group-4986116CB204-SegmentedRaftLogWorker was interrupted, exiting. There are 0 tasks remaining in the queue.
2022-12-19 18:39:13,169 [89d730ca-c741-4fc9-afaf-179ceaf5b2b4-impl-thread1] INFO  segmented.SegmentedRaftLogWorker (SegmentedRaftLogWorker.java:close(257)) - 89d730ca-c741-4fc9-afaf-179ceaf5b2b4@group-4986116CB204-SegmentedRaftLogWorker close()
2022-12-19 18:39:13,179 [ForkJoinPool.commonPool-worker-0] INFO  server.GrpcService (GrpcService.java:closeImpl(271)) - 89d730ca-c741-4fc9-afaf-179ceaf5b2b4: shutdown server GrpcServerProtocolService now
2022-12-19 18:39:13,179 [Listener at 127.0.0.1/44039] INFO  ozoneimpl.OzoneContainer (OzoneContainer.java:stop(417)) - Attempting to stop container services.
2022-12-19 18:39:13,183 [ForkJoinPool.commonPool-worker-0] INFO  server.GrpcServerProtocolClient (GrpcServerProtocolClient.java:close(101)) - 91d78431-6cd7-4796-a346-e9fe01a1de12 Close channels
2022-12-19 18:39:13,185 [ForkJoinPool.commonPool-worker-0] INFO  server.GrpcServerProtocolClient (GrpcServerProtocolClient.java:close(101)) - 6ea35c1f-1714-407c-a38f-a2791a2eb8d3 Close channels
2022-12-19 18:39:13,185 [Listener at 127.0.0.1/44039] INFO  server.RaftServer (RaftServerProxy.java:lambda$close$6(409)) - a138d61e-33be-4034-b658-559812d9cbdd: close
2022-12-19 18:39:13,187 [a138d61e-33be-4034-b658-559812d9cbdd-impl-thread1] INFO  server.RaftServer$Division (RaftServerImpl.java:lambda$close$4(458)) - a138d61e-33be-4034-b658-559812d9cbdd@group-AF7B5C654995: shutdown
2022-12-19 18:39:13,187 [a138d61e-33be-4034-b658-559812d9cbdd-impl-thread1] INFO  util.JmxRegister (JmxRegister.java:unregister(73)) - Successfully un-registered JMX Bean with object name Ratis:service=RaftServer,group=group-AF7B5C654995,id=a138d61e-33be-4034-b658-559812d9cbdd
2022-12-19 18:39:13,187 [a138d61e-33be-4034-b658-559812d9cbdd-impl-thread1] INFO  impl.RoleInfo (RoleInfo.java:shutdownLeaderState(93)) - a138d61e-33be-4034-b658-559812d9cbdd: shutdown a138d61e-33be-4034-b658-559812d9cbdd@group-AF7B5C654995-LeaderStateImpl
2022-12-19 18:39:13,187 [a138d61e-33be-4034-b658-559812d9cbdd-impl-thread1] INFO  impl.PendingRequests (PendingRequests.java:sendNotLeaderResponses(282)) - a138d61e-33be-4034-b658-559812d9cbdd@group-AF7B5C654995-PendingRequests: sendNotLeaderResponses
2022-12-19 18:39:13,187 [a138d61e-33be-4034-b658-559812d9cbdd-impl-thread1] INFO  impl.StateMachineUpdater (StateMachineUpdater.java:stopAndJoin(153)) - a138d61e-33be-4034-b658-559812d9cbdd@group-AF7B5C654995-StateMachineUpdater: set stopIndex = 0
2022-12-19 18:39:13,187 [a138d61e-33be-4034-b658-559812d9cbdd@group-AF7B5C654995-StateMachineUpdater] INFO  ratis.ContainerStateMachine (ContainerStateMachine.java:takeSnapshot(308)) - group-AF7B5C654995: Taking a snapshot at:(t:1, i:0) file /home/runner/work/ozone/ozone/hadoop-ozone/integration-test/target/test-dir/MiniOzoneClusterImpl-11542299-c030-49ce-a1ef-33f98f34fc6c/datanode-4/data/ratis/01959d57-9a45-4936-a690-af7b5c654995/sm/snapshot.1_0
2022-12-19 18:39:13,188 [a138d61e-33be-4034-b658-559812d9cbdd@group-AF7B5C654995-StateMachineUpdater] INFO  ratis.ContainerStateMachine (ContainerStateMachine.java:takeSnapshot(319)) - group-AF7B5C654995: Finished taking a snapshot at:(t:1, i:0) file:/home/runner/work/ozone/ozone/hadoop-ozone/integration-test/target/test-dir/MiniOzoneClusterImpl-11542299-c030-49ce-a1ef-33f98f34fc6c/datanode-4/data/ratis/01959d57-9a45-4936-a690-af7b5c654995/sm/snapshot.1_0 took: 1 ms
2022-12-19 18:39:13,191 [a138d61e-33be-4034-b658-559812d9cbdd@group-AF7B5C654995-StateMachineUpdater] INFO  impl.StateMachineUpdater (StateMachineUpdater.java:takeSnapshot(287)) - a138d61e-33be-4034-b658-559812d9cbdd@group-AF7B5C654995-StateMachineUpdater: Took a snapshot at index 0
2022-12-19 18:39:13,191 [a138d61e-33be-4034-b658-559812d9cbdd@group-AF7B5C654995-StateMachineUpdater] INFO  impl.StateMachineUpdater (StateMachineUpdater.java:lambda$new$0(92)) - a138d61e-33be-4034-b658-559812d9cbdd@group-AF7B5C654995-StateMachineUpdater: snapshotIndex: updateIncreasingly -1 -> 0
2022-12-19 18:39:13,192 [a138d61e-33be-4034-b658-559812d9cbdd-impl-thread1] INFO  server.RaftServer$Division (ServerState.java:close(466)) - a138d61e-33be-4034-b658-559812d9cbdd@group-AF7B5C654995: closes. applyIndex: 0
2022-12-19 18:39:13,185 [ForkJoinPool.commonPool-worker-0] INFO  server.GrpcService (GrpcService.java:closeImpl(280)) - 89d730ca-c741-4fc9-afaf-179ceaf5b2b4: shutdown server GrpcServerProtocolService successfully
2022-12-19 18:39:13,192 [89d730ca-c741-4fc9-afaf-179ceaf5b2b4-NettyServerStreamRpc-bossGroup--thread1] INFO  logging.LoggingHandler (AbstractInternalLogger.java:log(148)) - [id: 0x2dfbbf8c, L:/0:0:0:0:0:0:0:0:35251] CLOSE
2022-12-19 18:39:13,192 [89d730ca-c741-4fc9-afaf-179ceaf5b2b4-NettyServerStreamRpc-bossGroup--thread1] INFO  logging.LoggingHandler (AbstractInternalLogger.java:log(148)) - [id: 0x2dfbbf8c, L:/0:0:0:0:0:0:0:0:35251] INACTIVE
2022-12-19 18:39:13,192 [89d730ca-c741-4fc9-afaf-179ceaf5b2b4-NettyServerStreamRpc-bossGroup--thread1] INFO  logging.LoggingHandler (AbstractInternalLogger.java:log(148)) - [id: 0x2dfbbf8c, L:/0:0:0:0:0:0:0:0:35251] UNREGISTERED
2022-12-19 18:39:13,195 [a138d61e-33be-4034-b658-559812d9cbdd-impl-thread2] INFO  server.RaftServer$Division (RaftServerImpl.java:lambda$close$4(458)) - a138d61e-33be-4034-b658-559812d9cbdd@group-6C568F008C3A: shutdown
2022-12-19 18:39:13,195 [a138d61e-33be-4034-b658-559812d9cbdd-impl-thread2] INFO  util.JmxRegister (JmxRegister.java:unregister(73)) - Successfully un-registered JMX Bean with object name Ratis:service=RaftServer,group=group-6C568F008C3A,id=a138d61e-33be-4034-b658-559812d9cbdd
2022-12-19 18:39:13,195 [a138d61e-33be-4034-b658-559812d9cbdd-impl-thread2] INFO  impl.RoleInfo (RoleInfo.java:shutdownLeaderState(93)) - a138d61e-33be-4034-b658-559812d9cbdd: shutdown a138d61e-33be-4034-b658-559812d9cbdd@group-6C568F008C3A-LeaderStateImpl
2022-12-19 18:39:13,195 [Listener at 127.0.0.1/44039] INFO  server.GrpcService (GrpcService.java:closeImpl(271)) - a138d61e-33be-4034-b658-559812d9cbdd: shutdown server GrpcServerProtocolService now
2022-12-19 18:39:13,195 [a138d61e-33be-4034-b658-559812d9cbdd-impl-thread3] INFO  server.RaftServer$Division (RaftServerImpl.java:lambda$close$4(458)) - a138d61e-33be-4034-b658-559812d9cbdd@group-402B03C4197C: shutdown
2022-12-19 18:39:13,197 [a138d61e-33be-4034-b658-559812d9cbdd-impl-thread3] INFO  util.JmxRegister (JmxRegister.java:unregister(73)) - Successfully un-registered JMX Bean with object name Ratis:service=RaftServer,group=group-402B03C4197C,id=a138d61e-33be-4034-b658-559812d9cbdd
2022-12-19 18:39:13,197 [a138d61e-33be-4034-b658-559812d9cbdd-impl-thread3] INFO  impl.RoleInfo (RoleInfo.java:shutdownFollowerState(110)) - a138d61e-33be-4034-b658-559812d9cbdd: shutdown a138d61e-33be-4034-b658-559812d9cbdd@group-402B03C4197C-FollowerState
2022-12-19 18:39:13,200 [a138d61e-33be-4034-b658-559812d9cbdd@group-AF7B5C654995-SegmentedRaftLogWorker] INFO  segmented.SegmentedRaftLogWorker (SegmentedRaftLogWorker.java:run(347)) - a138d61e-33be-4034-b658-559812d9cbdd@group-AF7B5C654995-SegmentedRaftLogWorker was interrupted, exiting. There are 0 tasks remaining in the queue.
2022-12-19 18:39:13,200 [a138d61e-33be-4034-b658-559812d9cbdd-impl-thread1] INFO  segmented.SegmentedRaftLogWorker (SegmentedRaftLogWorker.java:close(257)) - a138d61e-33be-4034-b658-559812d9cbdd@group-AF7B5C654995-SegmentedRaftLogWorker close()
2022-12-19 18:39:13,200 [a138d61e-33be-4034-b658-559812d9cbdd-impl-thread2] INFO  impl.PendingRequests (PendingRequests.java:sendNotLeaderResponses(282)) - a138d61e-33be-4034-b658-559812d9cbdd@group-6C568F008C3A-PendingRequests: sendNotLeaderResponses
2022-12-19 18:39:13,201 [a138d61e-33be-4034-b658-559812d9cbdd@group-6C568F008C3A-StateMachineUpdater] INFO  ratis.ContainerStateMachine (ContainerStateMachine.java:takeSnapshot(308)) - group-6C568F008C3A: Taking a snapshot at:(t:1, i:0) file /home/runner/work/ozone/ozone/hadoop-ozone/integration-test/target/test-dir/MiniOzoneClusterImpl-11542299-c030-49ce-a1ef-33f98f34fc6c/datanode-4/data/ratis/f2fe750a-536e-4391-947d-6c568f008c3a/sm/snapshot.1_0
2022-12-19 18:39:13,201 [a138d61e-33be-4034-b658-559812d9cbdd-impl-thread2] INFO  impl.StateMachineUpdater (StateMachineUpdater.java:stopAndJoin(153)) - a138d61e-33be-4034-b658-559812d9cbdd@group-6C568F008C3A-StateMachineUpdater: set stopIndex = 0
2022-12-19 18:39:13,201 [a138d61e-33be-4034-b658-559812d9cbdd@group-402B03C4197C-FollowerState] INFO  impl.FollowerState (FollowerState.java:run(152)) - a138d61e-33be-4034-b658-559812d9cbdd@group-402B03C4197C-FollowerState was interrupted
2022-12-19 18:39:13,203 [Listener at 127.0.0.1/44039] INFO  server.GrpcServerProtocolClient (GrpcServerProtocolClient.java:close(101)) - 53431d8f-156a-4a42-8637-9d4e156967ab Close channels
2022-12-19 18:39:13,204 [a138d61e-33be-4034-b658-559812d9cbdd@group-402B03C4197C-StateMachineUpdater] INFO  ratis.ContainerStateMachine (ContainerStateMachine.java:takeSnapshot(308)) - group-402B03C4197C: Taking a snapshot at:(t:4, i:0) file /home/runner/work/ozone/ozone/hadoop-ozone/integration-test/target/test-dir/MiniOzoneClusterImpl-11542299-c030-49ce-a1ef-33f98f34fc6c/datanode-4/data/ratis/11141a20-bb0e-415d-ac4a-402b03c4197c/sm/snapshot.4_0
2022-12-19 18:39:13,204 [a138d61e-33be-4034-b658-559812d9cbdd-impl-thread3] INFO  impl.StateMachineUpdater (StateMachineUpdater.java:stopAndJoin(153)) - a138d61e-33be-4034-b658-559812d9cbdd@group-402B03C4197C-StateMachineUpdater: set stopIndex = 0
2022-12-19 18:39:13,204 [a138d61e-33be-4034-b658-559812d9cbdd@group-402B03C4197C-StateMachineUpdater] INFO  ratis.ContainerStateMachine (ContainerStateMachine.java:takeSnapshot(319)) - group-402B03C4197C: Finished taking a snapshot at:(t:4, i:0) file:/home/runner/work/ozone/ozone/hadoop-ozone/integration-test/target/test-dir/MiniOzoneClusterImpl-11542299-c030-49ce-a1ef-33f98f34fc6c/datanode-4/data/ratis/11141a20-bb0e-415d-ac4a-402b03c4197c/sm/snapshot.4_0 took: 1 ms
2022-12-19 18:39:13,204 [Listener at 127.0.0.1/44039] INFO  server.GrpcServerProtocolClient (GrpcServerProtocolClient.java:close(101)) - 577e0dac-7593-4640-b9aa-fa89f15259b7 Close channels
2022-12-19 18:39:13,205 [a138d61e-33be-4034-b658-559812d9cbdd@group-402B03C4197C-StateMachineUpdater] INFO  impl.StateMachineUpdater (StateMachineUpdater.java:takeSnapshot(287)) - a138d61e-33be-4034-b658-559812d9cbdd@group-402B03C4197C-StateMachineUpdater: Took a snapshot at index 0
2022-12-19 18:39:13,205 [a138d61e-33be-4034-b658-559812d9cbdd@group-402B03C4197C-StateMachineUpdater] INFO  impl.StateMachineUpdater (StateMachineUpdater.java:lambda$new$0(92)) - a138d61e-33be-4034-b658-559812d9cbdd@group-402B03C4197C-StateMachineUpdater: snapshotIndex: updateIncreasingly -1 -> 0
2022-12-19 18:39:13,205 [a138d61e-33be-4034-b658-559812d9cbdd-impl-thread3] INFO  server.RaftServer$Division (ServerState.java:close(466)) - a138d61e-33be-4034-b658-559812d9cbdd@group-402B03C4197C: closes. applyIndex: 0
2022-12-19 18:39:13,205 [a138d61e-33be-4034-b658-559812d9cbdd@group-402B03C4197C-SegmentedRaftLogWorker] INFO  segmented.SegmentedRaftLogWorker (SegmentedRaftLogWorker.java:run(347)) - a138d61e-33be-4034-b658-559812d9cbdd@group-402B03C4197C-SegmentedRaftLogWorker was interrupted, exiting. There are 0 tasks remaining in the queue.
2022-12-19 18:39:13,209 [a138d61e-33be-4034-b658-559812d9cbdd@group-6C568F008C3A-StateMachineUpdater] INFO  ratis.ContainerStateMachine (ContainerStateMachine.java:takeSnapshot(319)) - group-6C568F008C3A: Finished taking a snapshot at:(t:1, i:0) file:/home/runner/work/ozone/ozone/hadoop-ozone/integration-test/target/test-dir/MiniOzoneClusterImpl-11542299-c030-49ce-a1ef-33f98f34fc6c/datanode-4/data/ratis/f2fe750a-536e-4391-947d-6c568f008c3a/sm/snapshot.1_0 took: 9 ms
2022-12-19 18:39:13,209 [a138d61e-33be-4034-b658-559812d9cbdd@group-6C568F008C3A-StateMachineUpdater] INFO  impl.StateMachineUpdater (StateMachineUpdater.java:takeSnapshot(287)) - a138d61e-33be-4034-b658-559812d9cbdd@group-6C568F008C3A-StateMachineUpdater: Took a snapshot at index 0
2022-12-19 18:39:13,210 [a138d61e-33be-4034-b658-559812d9cbdd@group-6C568F008C3A-StateMachineUpdater] INFO  impl.StateMachineUpdater (StateMachineUpdater.java:lambda$new$0(92)) - a138d61e-33be-4034-b658-559812d9cbdd@group-6C568F008C3A-StateMachineUpdater: snapshotIndex: updateIncreasingly -1 -> 0
2022-12-19 18:39:13,210 [a138d61e-33be-4034-b658-559812d9cbdd-impl-thread2] INFO  server.RaftServer$Division (ServerState.java:close(466)) - a138d61e-33be-4034-b658-559812d9cbdd@group-6C568F008C3A: closes. applyIndex: 0
2022-12-19 18:39:13,210 [a138d61e-33be-4034-b658-559812d9cbdd@group-6C568F008C3A-SegmentedRaftLogWorker] INFO  segmented.SegmentedRaftLogWorker (SegmentedRaftLogWorker.java:run(347)) - a138d61e-33be-4034-b658-559812d9cbdd@group-6C568F008C3A-SegmentedRaftLogWorker was interrupted, exiting. There are 0 tasks remaining in the queue.
2022-12-19 18:39:13,210 [a138d61e-33be-4034-b658-559812d9cbdd-impl-thread2] INFO  segmented.SegmentedRaftLogWorker (SegmentedRaftLogWorker.java:close(257)) - a138d61e-33be-4034-b658-559812d9cbdd@group-6C568F008C3A-SegmentedRaftLogWorker close()
2022-12-19 18:39:13,215 [Listener at 127.0.0.1/44039] INFO  server.GrpcService (GrpcService.java:closeImpl(280)) - a138d61e-33be-4034-b658-559812d9cbdd: shutdown server GrpcServerProtocolService successfully
2022-12-19 18:39:13,215 [a138d61e-33be-4034-b658-559812d9cbdd-NettyServerStreamRpc-bossGroup--thread1] INFO  logging.LoggingHandler (AbstractInternalLogger.java:log(148)) - [id: 0x2c1d81c9, L:/0:0:0:0:0:0:0:0:37159] CLOSE
2022-12-19 18:39:13,216 [a138d61e-33be-4034-b658-559812d9cbdd-NettyServerStreamRpc-bossGroup--thread1] INFO  logging.LoggingHandler (AbstractInternalLogger.java:log(148)) - [id: 0x2c1d81c9, L:/0:0:0:0:0:0:0:0:37159] INACTIVE
2022-12-19 18:39:13,216 [a138d61e-33be-4034-b658-559812d9cbdd-NettyServerStreamRpc-bossGroup--thread1] INFO  logging.LoggingHandler (AbstractInternalLogger.java:log(148)) - [id: 0x2c1d81c9, L:/0:0:0:0:0:0:0:0:37159] UNREGISTERED
2022-12-19 18:39:13,216 [a138d61e-33be-4034-b658-559812d9cbdd-impl-thread3] INFO  segmented.SegmentedRaftLogWorker (SegmentedRaftLogWorker.java:close(257)) - a138d61e-33be-4034-b658-559812d9cbdd@group-402B03C4197C-SegmentedRaftLogWorker close()
2022-12-19 18:39:13,220 [JvmPauseMonitor1] INFO  util.JvmPauseMonitor (JvmPauseMonitor.java:run(111)) - JvmPauseMonitor-89d730ca-c741-4fc9-afaf-179ceaf5b2b4: Stopped
2022-12-19 18:39:13,223 [JvmPauseMonitor5] INFO  util.JvmPauseMonitor (JvmPauseMonitor.java:run(111)) - JvmPauseMonitor-a138d61e-33be-4034-b658-559812d9cbdd: Stopped
2022-12-19 18:39:15,227 [ForkJoinPool.commonPool-worker-0] INFO  volume.HddsVolume (HddsVolume.java:closeDbStore(338)) - SchemaV3 db is stopped at /home/runner/work/ozone/ozone/hadoop-ozone/integration-test/target/test-dir/MiniOzoneClusterImpl-11542299-c030-49ce-a1ef-33f98f34fc6c/datanode-0/data-0/containers/hdds/11542299-c030-49ce-a1ef-33f98f34fc6c/DS-fbbdb355-c72b-46d4-bcba-f96abf9458a4/container.db for volume DS-fbbdb355-c72b-46d4-bcba-f96abf9458a4
2022-12-19 18:39:15,227 [Listener at 127.0.0.1/44039] INFO  volume.HddsVolume (HddsVolume.java:closeDbStore(338)) - SchemaV3 db is stopped at /home/runner/work/ozone/ozone/hadoop-ozone/integration-test/target/test-dir/MiniOzoneClusterImpl-11542299-c030-49ce-a1ef-33f98f34fc6c/datanode-4/data-0/containers/hdds/11542299-c030-49ce-a1ef-33f98f34fc6c/DS-a4075385-660b-4ce4-8e17-4a2fbaa502d7/container.db for volume DS-a4075385-660b-4ce4-8e17-4a2fbaa502d7
2022-12-19 18:39:15,227 [Listener at 127.0.0.1/44039] INFO  utils.BackgroundService (BackgroundService.java:shutdown(141)) - Shutting down service BlockDeletingService
2022-12-19 18:39:15,228 [ForkJoinPool.commonPool-worker-0] INFO  utils.BackgroundService (BackgroundService.java:shutdown(141)) - Shutting down service BlockDeletingService
2022-12-19 18:39:15,228 [ForkJoinPool.commonPool-worker-0] INFO  utils.BackgroundService (BackgroundService.java:shutdown(141)) - Shutting down service StaleRecoveringContainerScrubbingService
2022-12-19 18:39:15,229 [Listener at 127.0.0.1/44039] INFO  utils.BackgroundService (BackgroundService.java:shutdown(141)) - Shutting down service StaleRecoveringContainerScrubbingService
2022-12-19 18:39:15,231 [Listener at 127.0.0.1/44039] INFO  statemachine.DatanodeStateMachine (DatanodeStateMachine.java:stopDaemon(597)) - Ozone container server stopped.
2022-12-19 18:39:15,236 [ForkJoinPool.commonPool-worker-0] INFO  statemachine.DatanodeStateMachine (DatanodeStateMachine.java:stopDaemon(597)) - Ozone container server stopped.
2022-12-19 18:39:15,246 [Listener at 127.0.0.1/44039] INFO  handler.ContextHandler (ContextHandler.java:doStop(1159)) - Stopped o.e.j.w.WebAppContext@2021b349{hddsDatanode,/,null,STOPPED}{jar:file:/home/runner/.m2/repository/org/apache/ozone/hdds-container-service/1.3.0-SNAPSHOT/hdds-container-service-1.3.0-SNAPSHOT.jar!/webapps/hddsDatanode}
2022-12-19 18:39:15,247 [Listener at 127.0.0.1/44039] INFO  server.AbstractConnector (AbstractConnector.java:doStop(383)) - Stopped ServerConnector@10ab8b0d{HTTP/1.1, (http/1.1)}{0.0.0.0:0}
2022-12-19 18:39:15,248 [Listener at 127.0.0.1/44039] INFO  server.session (HouseKeeper.java:stopScavenging(149)) - node0 Stopped scavenging
2022-12-19 18:39:15,248 [Listener at 127.0.0.1/44039] INFO  handler.ContextHandler (ContextHandler.java:doStop(1159)) - Stopped o.e.j.s.ServletContextHandler@2f568a26{static,/static,jar:file:/home/runner/.m2/repository/org/apache/ozone/hdds-container-service/1.3.0-SNAPSHOT/hdds-container-service-1.3.0-SNAPSHOT.jar!/webapps/static,STOPPED}
2022-12-19 18:39:15,249 [Listener at 127.0.0.1/44039] INFO  handler.ContextHandler (ContextHandler.java:doStop(1159)) - Stopped o.e.j.s.ServletContextHandler@69ec3204{logs,/logs,file:///home/runner/work/ozone/ozone/hadoop-ozone/integration-test/target/log,STOPPED}
2022-12-19 18:39:15,248 [ForkJoinPool.commonPool-worker-0] INFO  handler.ContextHandler (ContextHandler.java:doStop(1159)) - Stopped o.e.j.w.WebAppContext@6cef2367{hddsDatanode,/,null,STOPPED}{jar:file:/home/runner/.m2/repository/org/apache/ozone/hdds-container-service/1.3.0-SNAPSHOT/hdds-container-service-1.3.0-SNAPSHOT.jar!/webapps/hddsDatanode}
2022-12-19 18:39:15,256 [ForkJoinPool.commonPool-worker-0] INFO  server.AbstractConnector (AbstractConnector.java:doStop(383)) - Stopped ServerConnector@19b0707e{HTTP/1.1, (http/1.1)}{0.0.0.0:0}
2022-12-19 18:39:15,256 [ForkJoinPool.commonPool-worker-0] INFO  server.session (HouseKeeper.java:stopScavenging(149)) - node0 Stopped scavenging
2022-12-19 18:39:15,256 [ForkJoinPool.commonPool-worker-0] INFO  handler.ContextHandler (ContextHandler.java:doStop(1159)) - Stopped o.e.j.s.ServletContextHandler@24b1fc38{static,/static,jar:file:/home/runner/.m2/repository/org/apache/ozone/hdds-container-service/1.3.0-SNAPSHOT/hdds-container-service-1.3.0-SNAPSHOT.jar!/webapps/static,STOPPED}
2022-12-19 18:39:15,257 [ForkJoinPool.commonPool-worker-0] INFO  handler.ContextHandler (ContextHandler.java:doStop(1159)) - Stopped o.e.j.s.ServletContextHandler@5a209683{logs,/logs,file:///home/runner/work/ozone/ozone/hadoop-ozone/integration-test/target/log,STOPPED}
2022-12-19 18:39:15,258 [Listener at 127.0.0.1/44039] INFO  ozone.MiniOzoneClusterImpl (MiniOzoneClusterImpl.java:stopSCM(538)) - Stopping the StorageContainerManager
2022-12-19 18:39:15,258 [Listener at 127.0.0.1/44039] INFO  server.StorageContainerManager (StorageContainerManager.java:stop(1515)) - Container Balancer is not running.
2022-12-19 18:39:15,258 [Listener at 127.0.0.1/44039] INFO  server.StorageContainerManager (StorageContainerManager.java:stop(1522)) - Stopping Replication Manager Service.
2022-12-19 18:39:15,258 [Listener at 127.0.0.1/44039] INFO  replication.ReplicationManager (ReplicationManager.java:stop(296)) - Stopping Replication Monitor Thread.
2022-12-19 18:39:15,259 [Under Replicated Processor] WARN  replication.UnhealthyReplicationProcessor (UnhealthyReplicationProcessor.java:run(141)) - Under Replicated Processor interrupted. Exiting...
2022-12-19 18:39:15,259 [Over Replicated Processor] WARN  replication.UnhealthyReplicationProcessor (UnhealthyReplicationProcessor.java:run(141)) - Over Replicated Processor interrupted. Exiting...
2022-12-19 18:39:15,259 [Listener at 127.0.0.1/44039] INFO  server.StorageContainerManager (StorageContainerManager.java:stop(1529)) - Stopping the Datanode Admin Monitor.
2022-12-19 18:39:15,259 [ReplicationMonitor] INFO  replication.ReplicationManager (ReplicationManager.java:run(666)) - Replication Monitor Thread is stopped
2022-12-19 18:39:15,259 [Listener at 127.0.0.1/44039] INFO  server.StorageContainerManager (StorageContainerManager.java:stop(1536)) - Stopping datanode service RPC server
2022-12-19 18:39:15,259 [Listener at 127.0.0.1/44039] INFO  server.SCMDatanodeProtocolServer (SCMDatanodeProtocolServer.java:stop(441)) - Stopping the RPC server for DataNodes
2022-12-19 18:39:15,259 [Listener at 127.0.0.1/44039] INFO  ipc.Server (Server.java:stop(3428)) - Stopping server on 38039
2022-12-19 18:39:15,260 [IPC Server listener on 0] INFO  ipc.Server (Server.java:run(1384)) - Stopping IPC Server listener on 0
2022-12-19 18:39:15,261 [IPC Server Responder] INFO  ipc.Server (Server.java:run(1517)) - Stopping IPC Server Responder
2022-12-19 18:39:16,242 [SCM Heartbeat Processing Thread - 0] WARN  node.NodeStateManager (NodeStateManager.java:scheduleNextHealthCheck(870)) - Current Thread is interrupted, shutting down HB processing thread for Node Manager.
2022-12-19 18:39:16,242 [Listener at 127.0.0.1/44039] INFO  server.StorageContainerManager (StorageContainerManager.java:stop(1544)) - Stopping block service RPC server
2022-12-19 18:39:16,242 [Listener at 127.0.0.1/44039] INFO  server.SCMBlockProtocolServer (SCMBlockProtocolServer.java:stop(161)) - Stopping the RPC server for Block Protocol
2022-12-19 18:39:16,243 [Listener at 127.0.0.1/44039] INFO  ipc.Server (Server.java:stop(3428)) - Stopping server on 37015
2022-12-19 18:39:16,243 [Listener at 127.0.0.1/44039] INFO  server.StorageContainerManager (StorageContainerManager.java:stop(1551)) - Stopping the StorageContainerLocationProtocol RPC server
2022-12-19 18:39:16,244 [Listener at 127.0.0.1/44039] INFO  server.SCMClientProtocolServer (SCMClientProtocolServer.java:stop(179)) - Stopping the RPC server for Client Protocol
2022-12-19 18:39:16,244 [Listener at 127.0.0.1/44039] INFO  ipc.Server (Server.java:stop(3428)) - Stopping server on 45357
2022-12-19 18:39:16,244 [IPC Server Responder] INFO  ipc.Server (Server.java:run(1517)) - Stopping IPC Server Responder
2022-12-19 18:39:16,245 [IPC Server listener on 0] INFO  ipc.Server (Server.java:run(1384)) - Stopping IPC Server listener on 0
2022-12-19 18:39:16,245 [IPC Server listener on 0] INFO  ipc.Server (Server.java:run(1384)) - Stopping IPC Server listener on 0
2022-12-19 18:39:16,245 [Listener at 127.0.0.1/44039] INFO  server.StorageContainerManager (StorageContainerManager.java:stop(1558)) - Stopping Storage Container Manager HTTP server.
2022-12-19 18:39:16,246 [Listener at 127.0.0.1/44039] INFO  handler.ContextHandler (ContextHandler.java:doStop(1159)) - Stopped o.e.j.w.WebAppContext@4c89c98a{scm,/,null,STOPPED}{file:/home/runner/work/ozone/ozone/hadoop-ozone/integration-test/target/test-classes/webapps/scm}
2022-12-19 18:39:16,246 [IPC Server Responder] INFO  ipc.Server (Server.java:run(1517)) - Stopping IPC Server Responder
2022-12-19 18:39:16,247 [Listener at 127.0.0.1/44039] INFO  server.AbstractConnector (AbstractConnector.java:doStop(383)) - Stopped ServerConnector@40696fc6{HTTP/1.1, (http/1.1)}{0.0.0.0:0}
2022-12-19 18:39:16,247 [Listener at 127.0.0.1/44039] INFO  server.session (HouseKeeper.java:stopScavenging(149)) - node0 Stopped scavenging
2022-12-19 18:39:16,247 [Listener at 127.0.0.1/44039] INFO  handler.ContextHandler (ContextHandler.java:doStop(1159)) - Stopped o.e.j.s.ServletContextHandler@35198da3{static,/static,file:///home/runner/work/ozone/ozone/hadoop-ozone/integration-test/target/test-classes/webapps/static,STOPPED}
2022-12-19 18:39:16,248 [Listener at 127.0.0.1/44039] INFO  handler.ContextHandler (ContextHandler.java:doStop(1159)) - Stopped o.e.j.s.ServletContextHandler@760d6350{logs,/logs,file:///home/runner/work/ozone/ozone/hadoop-ozone/integration-test/target/log,STOPPED}
2022-12-19 18:39:16,248 [Listener at 127.0.0.1/44039] INFO  server.StorageContainerManager (StorageContainerManager.java:stop(1564)) - Stopping SCM LayoutVersionManager Service.
2022-12-19 18:39:16,248 [Listener at 127.0.0.1/44039] INFO  server.StorageContainerManager (StorageContainerManager.java:stop(1572)) - Stopping Block Manager Service.
2022-12-19 18:39:16,248 [Listener at 127.0.0.1/44039] INFO  utils.BackgroundService (BackgroundService.java:shutdown(141)) - Shutting down service SCMBlockDeletingService
2022-12-19 18:39:16,249 [Listener at 127.0.0.1/44039] INFO  utils.BackgroundService (BackgroundService.java:shutdown(141)) - Shutting down service SCMBlockDeletingService
2022-12-19 18:39:16,249 [Listener at 127.0.0.1/44039] INFO  server.StorageContainerManager (StorageContainerManager.java:stop(1594)) - Stopping SCM Event Queue.
2022-12-19 18:39:16,250 [Listener at 127.0.0.1/44039] INFO  server.StorageContainerManager (StorageContainerManager.java:stop(1605)) - Stopping SCM HA services.
2022-12-19 18:39:16,251 [Listener at 127.0.0.1/44039] INFO  pipeline.BackgroundPipelineCreator (BackgroundPipelineCreator.java:stop(149)) - Stopping RatisPipelineUtilsThread.
2022-12-19 18:39:16,251 [RatisPipelineUtilsThread - 0] WARN  pipeline.BackgroundPipelineCreator (BackgroundPipelineCreator.java:run(180)) - RatisPipelineUtilsThread is interrupted.
2022-12-19 18:39:16,251 [Listener at 127.0.0.1/44039] INFO  BackgroundPipelineScrubber (BackgroundSCMService.java:stop(131)) - Stopping BackgroundPipelineScrubber Service.
2022-12-19 18:39:16,251 [BackgroundPipelineScrubberThread] WARN  BackgroundPipelineScrubber (BackgroundSCMService.java:run(115)) - BackgroundPipelineScrubber is interrupted, exit
2022-12-19 18:39:16,252 [Listener at 127.0.0.1/44039] INFO  impl.MetricsSystemImpl (MetricsSystemImpl.java:stop(210)) - Stopping HddsDatanode metrics system...
2022-12-19 18:39:16,253 [prometheus] INFO  impl.MetricsSinkAdapter (MetricsSinkAdapter.java:publishMetricsFromQueue(141)) - prometheus thread interrupted.
2022-12-19 18:39:16,254 [Listener at 127.0.0.1/44039] INFO  impl.MetricsSystemImpl (MetricsSystemImpl.java:stop(216)) - HddsDatanode metrics system stopped.
2022-12-19 18:39:16,254 [Listener at 127.0.0.1/44039] WARN  pipeline.BackgroundPipelineCreator (BackgroundPipelineCreator.java:stop(145)) - RatisPipelineUtilsThread is not running, just ignore.
2022-12-19 18:39:16,254 [Listener at 127.0.0.1/44039] INFO  BackgroundPipelineScrubber (BackgroundSCMService.java:stop(126)) - BackgroundPipelineScrubber Service is not running, skip stop.
2022-12-19 18:39:16,254 [ExpiredContainerReplicaOpScrubberThread] WARN  ExpiredContainerReplicaOpScrubber (BackgroundSCMService.java:run(115)) - ExpiredContainerReplicaOpScrubber is interrupted, exit
2022-12-19 18:39:16,254 [Listener at 127.0.0.1/44039] INFO  ExpiredContainerReplicaOpScrubber (BackgroundSCMService.java:stop(131)) - Stopping ExpiredContainerReplicaOpScrubber Service.
2022-12-19 18:39:16,254 [Listener at 127.0.0.1/44039] INFO  utils.BackgroundService (BackgroundService.java:shutdown(141)) - Shutting down service SCMBlockDeletingService
2022-12-19 18:39:16,255 [Listener at 127.0.0.1/44039] INFO  replication.ReplicationManager (ReplicationManager.java:stop(304)) - Replication Monitor Thread is not running.
2022-12-19 18:39:16,255 [Listener at 127.0.0.1/44039] WARN  balancer.ContainerBalancer (ContainerBalancer.java:stop(322)) - Cannot stop Container Balancer because it's not running or stopping
2022-12-19 18:39:16,255 [Listener at 127.0.0.1/44039] INFO  server.StorageContainerManager (StorageContainerManager.java:stop(1623)) - Stopping SCM MetadataStore.
]]></system-out>
  </testcase>
  <testcase name="testPipelineCreationOnNodeRestart" classname="org.apache.hadoop.hdds.scm.pipeline.TestRatisPipelineCreateAndDestroy" time="24.203">
    <system-out><![CDATA[2022-12-19 18:39:16,319 [Listener at 127.0.0.1/44039] WARN  server.ServerUtils (ServerUtils.java:getScmDbDir(148)) - ozone.scm.db.dirs is not configured. We recommend adding this setting. Falling back to ozone.metadata.dirs instead.
2022-12-19 18:39:16,323 [Listener at 127.0.0.1/44039] WARN  server.ServerUtils (ServerUtils.java:getScmDbDir(148)) - ozone.scm.db.dirs is not configured. We recommend adding this setting. Falling back to ozone.metadata.dirs instead.
2022-12-19 18:39:16,323 [Listener at 127.0.0.1/44039] INFO  ha.SCMHANodeDetails (SCMHANodeDetails.java:loadSCMHAConfig(209)) - ServiceID for StorageContainerManager is null
2022-12-19 18:39:16,323 [Listener at 127.0.0.1/44039] INFO  ha.SCMHANodeDetails (SCMHANodeDetails.java:loadSCMHAConfig(214)) - ozone.scm.default.service.id is not defined, falling back to ozone.scm.service.ids to find serviceID for StorageContainerManager if it is HA enabled cluster
2022-12-19 18:39:16,324 [Listener at 127.0.0.1/44039] WARN  utils.HAUtils (HAUtils.java:getMetaDir(342)) - ozone.scm.db.dirs is not configured. We recommend adding this setting. Falling back to ozone.metadata.dirs instead.
2022-12-19 18:39:16,325 [Listener at 127.0.0.1/44039] WARN  db.DBStoreBuilder (DBStoreBuilder.java:applyDBDefinition(144)) - ozone.scm.db.dirs is not configured. We recommend adding this setting. Falling back to ozone.metadata.dirs instead.
2022-12-19 18:39:16,416 [Listener at 127.0.0.1/44039] INFO  net.NodeSchemaLoader (NodeSchemaLoader.java:loadSchemaFromFile(129)) - Loading schema from [jar:file:/home/runner/.m2/repository/org/apache/ozone/hdds-common/1.3.0-SNAPSHOT/hdds-common-1.3.0-SNAPSHOT.jar!/network-topology-default.xml]
2022-12-19 18:39:16,416 [Listener at 127.0.0.1/44039] INFO  net.NodeSchemaLoader (NodeSchemaLoader.java:loadSchema(176)) - Loading network topology layer schema file
2022-12-19 18:39:16,418 [Listener at 127.0.0.1/44039] INFO  upgrade.AbstractLayoutVersionManager (AbstractLayoutVersionManager.java:init(83)) - Initializing Layout version manager with metadata layout = DATANODE_SCHEMA_V3 (version = 4), software layout = DATANODE_SCHEMA_V3 (version = 4)
2022-12-19 18:39:16,462 [Listener at 127.0.0.1/44039] INFO  reflections.Reflections (Reflections.java:scan(232)) - Reflections took 43 ms to scan 7 urls, producing 146 keys and 348 values 
2022-12-19 18:39:16,464 [Listener at 127.0.0.1/44039] INFO  ha.SequenceIdGenerator (SequenceIdGenerator.java:upgradeToSequenceId(349)) - upgrade localId to 109611004723200000
2022-12-19 18:39:16,464 [Listener at 127.0.0.1/44039] INFO  ha.SequenceIdGenerator (SequenceIdGenerator.java:upgradeToSequenceId(359)) - upgrade delTxnId to 0
2022-12-19 18:39:16,464 [Listener at 127.0.0.1/44039] INFO  ha.SequenceIdGenerator (SequenceIdGenerator.java:upgradeToSequenceId(376)) - upgrade containerId to 0
2022-12-19 18:39:16,464 [Listener at 127.0.0.1/44039] INFO  ha.SequenceIdGenerator (SequenceIdGenerator.java:<init>(220)) - Init the HA SequenceIdGenerator.
2022-12-19 18:39:16,465 [Listener at 127.0.0.1/44039] WARN  server.ServerUtils (ServerUtils.java:sanitizeUserArgs(67)) - ozone.scm.stale.node.interval value = 5000 is smaller than min = 6000 based on the key value of hdds.heartbeat.interval, reset to the min value 6000.
2022-12-19 18:39:16,465 [Listener at 127.0.0.1/44039] WARN  server.ServerUtils (ServerUtils.java:sanitizeUserArgs(67)) - ozone.scm.stale.node.interval value = 5000 is smaller than min = 6000 based on the key value of hdds.heartbeat.interval, reset to the min value 6000.
2022-12-19 18:39:16,465 [Listener at 127.0.0.1/44039] INFO  node.SCMNodeManager (SCMNodeManager.java:<init>(149)) - Entering startup safe mode.
2022-12-19 18:39:16,465 [Listener at 127.0.0.1/44039] INFO  algorithms.ContainerPlacementPolicyFactory (ContainerPlacementPolicyFactory.java:getPolicyInternal(86)) - Create container placement policy of type org.apache.hadoop.hdds.scm.container.placement.algorithms.SCMContainerPlacementRandom
2022-12-19 18:39:16,466 [Listener at 127.0.0.1/44039] INFO  algorithms.ContainerPlacementPolicyFactory (ContainerPlacementPolicyFactory.java:getPolicyInternal(86)) - Create container placement policy of type org.apache.hadoop.hdds.scm.container.placement.algorithms.SCMContainerPlacementRackScatter
2022-12-19 18:39:16,466 [Listener at 127.0.0.1/44039] INFO  pipeline.PipelineStateManagerImpl (PipelineStateManagerImpl.java:initialize(78)) - No pipeline exists in current db
2022-12-19 18:39:16,466 [Listener at 127.0.0.1/44039] INFO  algorithms.LeaderChoosePolicyFactory (LeaderChoosePolicyFactory.java:getPolicy(57)) - Create leader choose policy of type org.apache.hadoop.hdds.scm.pipeline.leader.choose.algorithms.MinLeaderCountChoosePolicy
2022-12-19 18:39:16,466 [Listener at 127.0.0.1/44039] INFO  algorithms.ContainerPlacementPolicyFactory (ContainerPlacementPolicyFactory.java:getPolicyInternal(86)) - Create container placement policy of type org.apache.hadoop.hdds.scm.container.placement.algorithms.SCMContainerPlacementRackScatter
2022-12-19 18:39:16,466 [Listener at 127.0.0.1/44039] INFO  ha.SCMServiceManager (SCMServiceManager.java:register(42)) - Registering service BackgroundPipelineCreator.
2022-12-19 18:39:16,466 [Listener at 127.0.0.1/44039] INFO  pipeline.BackgroundPipelineCreator (BackgroundPipelineCreator.java:start(124)) - Starting RatisPipelineUtilsThread.
2022-12-19 18:39:16,467 [Listener at 127.0.0.1/44039] INFO  BackgroundPipelineScrubber (BackgroundSCMService.java:start(68)) - Starting BackgroundPipelineScrubber Service.
2022-12-19 18:39:16,467 [Listener at 127.0.0.1/44039] INFO  ha.SCMServiceManager (SCMServiceManager.java:register(42)) - Registering service BackgroundPipelineScrubber.
2022-12-19 18:39:16,467 [Listener at 127.0.0.1/44039] INFO  ExpiredContainerReplicaOpScrubber (BackgroundSCMService.java:start(68)) - Starting ExpiredContainerReplicaOpScrubber Service.
2022-12-19 18:39:16,467 [Listener at 127.0.0.1/44039] INFO  ha.SCMServiceManager (SCMServiceManager.java:register(42)) - Registering service ExpiredContainerReplicaOpScrubber.
2022-12-19 18:39:16,468 [Listener at 127.0.0.1/44039] INFO  algorithms.PipelineChoosePolicyFactory (PipelineChoosePolicyFactory.java:createPipelineChoosePolicyFromClass(73)) - Create pipeline choose policy of type org.apache.hadoop.hdds.scm.pipeline.choose.algorithms.RandomPipelineChoosePolicy
2022-12-19 18:39:16,469 [Listener at 127.0.0.1/44039] INFO  ha.SCMServiceManager (SCMServiceManager.java:register(42)) - Registering service SCMBlockDeletingService.
2022-12-19 18:39:16,469 [Listener at 127.0.0.1/44039] INFO  replication.ReplicationManager (ReplicationManager.java:start(261)) - Starting Replication Monitor Thread.
2022-12-19 18:39:16,471 [Listener at 127.0.0.1/44039] INFO  ha.SCMServiceManager (SCMServiceManager.java:register(42)) - Registering service ReplicationManager.
2022-12-19 18:39:16,472 [Listener at 127.0.0.1/44039] INFO  safemode.ContainerSafeModeRule (ContainerSafeModeRule.java:<init>(89)) - containers with one replica threshold count 0
2022-12-19 18:39:16,472 [Listener at 127.0.0.1/44039] INFO  safemode.HealthyPipelineSafeModeRule (HealthyPipelineSafeModeRule.java:initializeRule(169)) - Total pipeline count is 0, healthy pipeline threshold count is 1
2022-12-19 18:39:16,472 [Listener at 127.0.0.1/44039] INFO  safemode.OneReplicaPipelineSafeModeRule (OneReplicaPipelineSafeModeRule.java:initializeRule(180)) - Total pipeline count is 0, pipeline's with at least one datanode reported threshold count is 0
2022-12-19 18:39:16,473 [Listener at 127.0.0.1/44039] INFO  ipc.CallQueueManager (CallQueueManager.java:<init>(90)) - Using callQueue: class java.util.concurrent.LinkedBlockingQueue, queueCapacity: 2000, scheduler: class org.apache.hadoop.ipc.DefaultRpcScheduler, ipcBackoff: false.
2022-12-19 18:39:16,473 [Socket Reader #1 for port 0] INFO  ipc.Server (Server.java:run(1273)) - Starting Socket Reader #1 for port 0
2022-12-19 18:39:16,474 [Listener at 0.0.0.0/44283] INFO  ipc.CallQueueManager (CallQueueManager.java:<init>(90)) - Using callQueue: class java.util.concurrent.LinkedBlockingQueue, queueCapacity: 2000, scheduler: class org.apache.hadoop.ipc.DefaultRpcScheduler, ipcBackoff: false.
2022-12-19 18:39:16,475 [Socket Reader #1 for port 0] INFO  ipc.Server (Server.java:run(1273)) - Starting Socket Reader #1 for port 0
2022-12-19 18:39:16,475 [Listener at 0.0.0.0/40271] INFO  ipc.CallQueueManager (CallQueueManager.java:<init>(90)) - Using callQueue: class java.util.concurrent.LinkedBlockingQueue, queueCapacity: 2000, scheduler: class org.apache.hadoop.ipc.DefaultRpcScheduler, ipcBackoff: false.
2022-12-19 18:39:16,476 [ReplicationMonitor] INFO  replication.ReplicationManager (ReplicationManager.java:processAll(330)) - Replication Manager is not ready to run until 3000ms after safemode exit
2022-12-19 18:39:16,476 [Socket Reader #1 for port 0] INFO  ipc.Server (Server.java:run(1273)) - Starting Socket Reader #1 for port 0
2022-12-19 18:39:16,479 [Listener at 0.0.0.0/43411] INFO  ha.SCMServiceManager (SCMServiceManager.java:register(42)) - Registering service ContainerBalancer.
2022-12-19 18:39:16,479 [Listener at 0.0.0.0/43411] INFO  server.StorageContainerManager (StorageContainerManager.java:<init>(398)) - 
Container Balancer status:
Key                            Value
Running                        true
Container Balancer Configuration values:
Key                                                Value
Threshold                                          10
Max Datanodes to Involve per Iteration(percent)    20
Max Size to Move per Iteration                     500GB
Max Size Entering Target per Iteration             26GB
Max Size Leaving Source per Iteration              26GB

2022-12-19 18:39:16,480 [Listener at 0.0.0.0/43411] INFO  ha.SCMContext (SCMContext.java:updateSafeModeStatus(228)) - Update SafeModeStatus from SafeModeStatus{safeModeStatus=true, preCheckPassed=false} to SafeModeStatus{safeModeStatus=true, preCheckPassed=false}.
2022-12-19 18:39:16,480 [Listener at 0.0.0.0/43411] INFO  server.StorageContainerManager (StorageContainerManager.java:start(1420)) - StorageContainerLocationProtocol RPC server is listening at /0.0.0.0:43411
2022-12-19 18:39:16,481 [Listener at 0.0.0.0/43411] WARN  impl.MetricsConfig (MetricsConfig.java:loadFirst(136)) - Cannot locate configuration: tried hadoop-metrics2-storagecontainermanager.properties,hadoop-metrics2.properties
2022-12-19 18:39:16,486 [Listener at 0.0.0.0/43411] INFO  impl.MetricsSystemImpl (MetricsSystemImpl.java:startTimer(378)) - Scheduled Metric snapshot period at 10 second(s).
2022-12-19 18:39:16,486 [Listener at 0.0.0.0/43411] INFO  impl.MetricsSystemImpl (MetricsSystemImpl.java:start(191)) - StorageContainerManager metrics system started
2022-12-19 18:39:16,505 [Listener at 0.0.0.0/43411] INFO  impl.MetricsSinkAdapter (MetricsSinkAdapter.java:start(204)) - Sink prometheus started
2022-12-19 18:39:16,505 [Listener at 0.0.0.0/43411] INFO  impl.MetricsSystemImpl (MetricsSystemImpl.java:registerSink(305)) - Registered sink prometheus
2022-12-19 18:39:16,517 [Listener at 0.0.0.0/43411] INFO  server.SCMClientProtocolServer (SCMClientProtocolServer.java:start(170)) - RPC server for Client  is listening at /0.0.0.0:43411
2022-12-19 18:39:16,517 [IPC Server Responder] INFO  ipc.Server (Server.java:run(1512)) - IPC Server Responder: starting
2022-12-19 18:39:16,519 [Listener at 0.0.0.0/43411] INFO  server.StorageContainerManager (StorageContainerManager.java:start(1434)) - ScmBlockLocationProtocol RPC server is listening at /0.0.0.0:40271
2022-12-19 18:39:16,519 [Listener at 0.0.0.0/43411] INFO  server.SCMBlockProtocolServer (SCMBlockProtocolServer.java:start(152)) - RPC server for Block Protocol is listening at /0.0.0.0:40271
2022-12-19 18:39:16,520 [IPC Server Responder] INFO  ipc.Server (Server.java:run(1512)) - IPC Server Responder: starting
2022-12-19 18:39:16,523 [IPC Server listener on 0] INFO  ipc.Server (Server.java:run(1352)) - IPC Server listener on 0: starting
2022-12-19 18:39:16,525 [Listener at 0.0.0.0/43411] INFO  server.SCMDatanodeProtocolServer (SCMDatanodeProtocolServer.java:start(194)) - ScmDatanodeProtocol RPC server for DataNodes is listening at /0.0.0.0:44283
2022-12-19 18:39:16,526 [IPC Server Responder] INFO  ipc.Server (Server.java:run(1512)) - IPC Server Responder: starting
2022-12-19 18:39:16,526 [IPC Server listener on 0] INFO  ipc.Server (Server.java:run(1352)) - IPC Server listener on 0: starting
2022-12-19 18:39:16,528 [org.apache.hadoop.util.JvmPauseMonitor$Monitor@2f72ec00] INFO  util.JvmPauseMonitor (JvmPauseMonitor.java:run(188)) - Starting JVM pause monitor
2022-12-19 18:39:16,528 [IPC Server listener on 0] INFO  ipc.Server (Server.java:run(1352)) - IPC Server listener on 0: starting
2022-12-19 18:39:16,529 [Listener at 0.0.0.0/43411] INFO  http.BaseHttpServer (BaseHttpServer.java:newHttpServer2BuilderForOzone(213)) - Starting Web-server for scm at: http://0.0.0.0:0
2022-12-19 18:39:16,529 [Listener at 0.0.0.0/43411] INFO  http.BaseHttpServer (BaseHttpServer.java:<init>(108)) - Hadoop Security Enabled: false Ozone Security Enabled: false Ozone HTTP Security Enabled: false 
2022-12-19 18:39:16,531 [Listener at 0.0.0.0/43411] WARN  server.AuthenticationFilter (AuthenticationFilter.java:constructSecretProvider(240)) - Unable to initialize FileSignerSecretProvider, falling back to use random secrets. Reason: Could not read signature secret file: /home/runner/hadoop-http-auth-signature-secret
2022-12-19 18:39:16,532 [Listener at 0.0.0.0/43411] WARN  http.HttpRequestLog (HttpRequestLog.java:getRequestLog(103)) - Jetty request log can only be enabled using Log4j
2022-12-19 18:39:16,534 [Listener at 0.0.0.0/43411] INFO  http.HttpServer2 (HttpServer2.java:addGlobalFilter(1031)) - Added global filter 'safety' (class=org.apache.hadoop.hdds.server.http.HttpServer2$QuotingInputFilter)
2022-12-19 18:39:16,535 [Listener at 0.0.0.0/43411] INFO  http.HttpServer2 (HttpServer2.java:addFilter(1007)) - Added filter static_user_filter (class=org.apache.hadoop.http.lib.StaticUserWebFilter$StaticUserFilter) to context scm
2022-12-19 18:39:16,535 [Listener at 0.0.0.0/43411] INFO  http.HttpServer2 (HttpServer2.java:addFilter(1015)) - Added filter static_user_filter (class=org.apache.hadoop.http.lib.StaticUserWebFilter$StaticUserFilter) to context logs
2022-12-19 18:39:16,535 [Listener at 0.0.0.0/43411] INFO  http.HttpServer2 (HttpServer2.java:addFilter(1015)) - Added filter static_user_filter (class=org.apache.hadoop.http.lib.StaticUserWebFilter$StaticUserFilter) to context static
2022-12-19 18:39:16,536 [Listener at 0.0.0.0/43411] INFO  http.HttpServer2 (HttpServer2.java:bindListener(1250)) - Jetty bound to port 39143
2022-12-19 18:39:16,536 [Listener at 0.0.0.0/43411] INFO  server.Server (Server.java:doStart(375)) - jetty-9.4.49.v20220914; built: 2022-09-14T01:07:36.601Z; git: 4231a3b2e4cb8548a412a789936d640a97b1aa0a; jvm 1.8.0_352-b08
2022-12-19 18:39:16,537 [Listener at 0.0.0.0/43411] INFO  server.session (DefaultSessionIdManager.java:doStart(334)) - DefaultSessionIdManager workerName=node0
2022-12-19 18:39:16,538 [Listener at 0.0.0.0/43411] INFO  server.session (DefaultSessionIdManager.java:doStart(339)) - No SessionScavenger set, using defaults
2022-12-19 18:39:16,538 [Listener at 0.0.0.0/43411] INFO  server.session (HouseKeeper.java:startScavenging(132)) - node0 Scavenging every 660000ms
2022-12-19 18:39:16,538 [Listener at 0.0.0.0/43411] INFO  handler.ContextHandler (ContextHandler.java:doStart(921)) - Started o.e.j.s.ServletContextHandler@57c37acb{logs,/logs,file:///home/runner/work/ozone/ozone/hadoop-ozone/integration-test/target/log,AVAILABLE}
2022-12-19 18:39:16,539 [Listener at 0.0.0.0/43411] INFO  handler.ContextHandler (ContextHandler.java:doStart(921)) - Started o.e.j.s.ServletContextHandler@4d6c4bd5{static,/static,file:///home/runner/work/ozone/ozone/hadoop-ozone/integration-test/target/test-classes/webapps/static,AVAILABLE}
2022-12-19 18:39:16,549 [Listener at 0.0.0.0/43411] INFO  handler.ContextHandler (ContextHandler.java:doStart(921)) - Started o.e.j.w.WebAppContext@5e2a6a1d{scm,/,file:///home/runner/work/ozone/ozone/hadoop-ozone/integration-test/target/test-classes/webapps/scm/,AVAILABLE}{file:/home/runner/work/ozone/ozone/hadoop-ozone/integration-test/target/test-classes/webapps/scm}
2022-12-19 18:39:16,550 [Listener at 0.0.0.0/43411] INFO  server.AbstractConnector (AbstractConnector.java:doStart(333)) - Started ServerConnector@5a595cad{HTTP/1.1, (http/1.1)}{0.0.0.0:39143}
2022-12-19 18:39:16,550 [Listener at 0.0.0.0/43411] INFO  server.Server (Server.java:doStart(415)) - Started @44039ms
2022-12-19 18:39:16,550 [Listener at 0.0.0.0/43411] WARN  impl.MetricsSystemImpl (MetricsSystemImpl.java:register(279)) - Sink prometheus already exists!
2022-12-19 18:39:16,551 [Listener at 0.0.0.0/43411] INFO  http.BaseHttpServer (BaseHttpServer.java:updateConnectorAddress(333)) - HTTP server of scm listening at http://0.0.0.0:39143
2022-12-19 18:39:16,551 [Listener at 0.0.0.0/43411] WARN  server.ServerUtils (ServerUtils.java:getDBPath(225)) - ozone.om.db.dirs is not configured. We recommend adding this setting. Falling back to ozone.metadata.dirs instead.
2022-12-19 18:39:16,553 [Listener at 0.0.0.0/43411] INFO  ha.OMHANodeDetails (OMHANodeDetails.java:loadOMHAConfig(115)) - ozone.om.internal.service.id is not defined, falling back to ozone.om.service.ids to find serviceID for OzoneManager if it is HA enabled cluster
2022-12-19 18:39:16,553 [Listener at 0.0.0.0/43411] INFO  ha.OMHANodeDetails (OMHANodeDetails.java:loadOMHAConfig(226)) - Configuration does not have ozone.om.address set. Falling back to the default OM address /127.0.0.1:0
2022-12-19 18:39:16,553 [Listener at 0.0.0.0/43411] INFO  ha.OMHANodeDetails (OMHANodeDetails.java:getOMNodeDetailsForNonHA(254)) - OM Service ID is not set. Setting it to the default ID: omServiceIdDefault
2022-12-19 18:39:16,553 [Listener at 0.0.0.0/43411] INFO  ha.OMHANodeDetails (OMHANodeDetails.java:getOMNodeDetailsForNonHA(261)) - OM Node ID is not set. Setting it to the default ID: om1
2022-12-19 18:39:16,554 [Listener at 0.0.0.0/43411] WARN  server.ServerUtils (ServerUtils.java:getDBPath(225)) - ozone.om.db.dirs is not configured. We recommend adding this setting. Falling back to ozone.metadata.dirs instead.
2022-12-19 18:39:16,554 [Listener at 0.0.0.0/43411] INFO  upgrade.AbstractLayoutVersionManager (AbstractLayoutVersionManager.java:init(83)) - Initializing Layout version manager with metadata layout = MULTITENANCY_SCHEMA (version = 3), software layout = MULTITENANCY_SCHEMA (version = 3)
2022-12-19 18:39:16,629 [Listener at 0.0.0.0/43411] INFO  reflections.Reflections (Reflections.java:scan(232)) - Reflections took 74 ms to scan 2 urls, producing 154 keys and 428 values [using 2 cores]
2022-12-19 18:39:16,630 [Listener at 0.0.0.0/43411] INFO  upgrade.OMLayoutVersionManager (OMLayoutVersionManager.java:lambda$0(115)) - Skipping Upgrade Action MockOmUpgradeAction since it has been finalized.
2022-12-19 18:39:16,630 [Listener at 0.0.0.0/43411] WARN  server.ServerUtils (ServerUtils.java:getDBPath(225)) - ozone.om.db.dirs is not configured. We recommend adding this setting. Falling back to ozone.metadata.dirs instead.
2022-12-19 18:39:16,630 [Listener at 0.0.0.0/43411] INFO  proxy.SCMBlockLocationFailoverProxyProvider (SCMBlockLocationFailoverProxyProvider.java:<init>(114)) - Created block location fail-over proxy with 1 nodes: [nodeId=scmNodeId,nodeAddress=/0.0.0.0:40271]
2022-12-19 18:39:16,632 [Listener at 0.0.0.0/43411] INFO  proxy.SCMBlockLocationFailoverProxyProvider (SCMBlockLocationFailoverProxyProvider.java:<init>(114)) - Created block location fail-over proxy with 1 nodes: [nodeId=scmNodeId,nodeAddress=/0.0.0.0:40271]
2022-12-19 18:39:16,642 [Listener at 0.0.0.0/43411] WARN  server.ServerUtils (ServerUtils.java:getDBPath(225)) - ozone.om.db.dirs is not configured. We recommend adding this setting. Falling back to ozone.metadata.dirs instead.
2022-12-19 18:39:16,642 [Listener at 0.0.0.0/43411] INFO  codec.OmKeyInfoCodec (OmKeyInfoCodec.java:<init>(49)) - OmKeyInfoCodec ignorePipeline = true
2022-12-19 18:39:16,643 [Listener at 0.0.0.0/43411] INFO  codec.RepeatedOmKeyInfoCodec (RepeatedOmKeyInfoCodec.java:<init>(41)) - RepeatedOmKeyInfoCodec ignorePipeline = true
2022-12-19 18:39:16,788 [Listener at 0.0.0.0/43411] INFO  om.OzoneManager (OzoneManager.java:instantiateServices(715)) - S3 Multi-Tenancy is disabled
2022-12-19 18:39:16,789 [Listener at 0.0.0.0/43411] INFO  om.OzoneManager (OzoneManager.java:addS3GVolumeToDB(4400)) - Created Volume s3v With Owner runner required for S3Gateway operations.
2022-12-19 18:39:16,790 [Listener at 0.0.0.0/43411] WARN  server.ServerUtils (ServerUtils.java:getDefaultRatisDirectory(237)) - Storage directory for Ratis is not configured. It is a good idea to map this to an SSD disk. Falling back to ozone.metadata.dirs
2022-12-19 18:39:16,790 [Listener at 0.0.0.0/43411] WARN  utils.OzoneManagerRatisUtils (OzoneManagerRatisUtils.java:getOMRatisSnapshotDirectory(434)) - ozone.om.ratis.snapshot.dir is not configured. Falling back to ozone.metadata.dirs config
2022-12-19 18:39:16,790 [Listener at 0.0.0.0/43411] WARN  server.ServerUtils (ServerUtils.java:getDefaultRatisDirectory(237)) - Storage directory for Ratis is not configured. It is a good idea to map this to an SSD disk. Falling back to ozone.metadata.dirs
2022-12-19 18:39:16,791 [Listener at 0.0.0.0/43411] INFO  ratis.OzoneManagerRatisServer (OzoneManagerRatisServer.java:<init>(160)) - Instantiating OM Ratis server with groupID: omServiceIdDefault and peers: localhost:9872
2022-12-19 18:39:16,792 [Listener at 0.0.0.0/43411] INFO  ratis.OzoneManagerStateMachine (OzoneManagerStateMachine.java:loadSnapshotInfoFromDB(636)) - LastAppliedIndex is set from TransactionInfo from OM DB as (t:0, i:~)
2022-12-19 18:39:16,792 [Listener at 0.0.0.0/43411] INFO  server.RaftServer (ConfUtils.java:logGet(46)) - raft.rpc.type = GRPC (default)
2022-12-19 18:39:16,792 [Listener at 0.0.0.0/43411] INFO  grpc.GrpcConfigKeys (ConfUtils.java:logFallback(53)) - raft.grpc.admin.host = null (fallback to raft.grpc.server.host)
2022-12-19 18:39:16,792 [Listener at 0.0.0.0/43411] INFO  grpc.GrpcConfigKeys (ConfUtils.java:logFallback(53)) - raft.grpc.admin.port = 9872 (fallback to raft.grpc.server.port)
2022-12-19 18:39:16,792 [Listener at 0.0.0.0/43411] INFO  grpc.GrpcConfigKeys (ConfUtils.java:logFallback(53)) - raft.grpc.client.host = null (fallback to raft.grpc.server.host)
2022-12-19 18:39:16,793 [Listener at 0.0.0.0/43411] INFO  grpc.GrpcConfigKeys (ConfUtils.java:logFallback(53)) - raft.grpc.client.port = 9872 (fallback to raft.grpc.server.port)
2022-12-19 18:39:16,793 [Listener at 0.0.0.0/43411] INFO  grpc.GrpcConfigKeys (ConfUtils.java:logGet(46)) - raft.grpc.server.host = null (default)
2022-12-19 18:39:16,793 [Listener at 0.0.0.0/43411] INFO  grpc.GrpcConfigKeys (ConfUtils.java:logGet(46)) - raft.grpc.server.port = 9872 (custom)
2022-12-19 18:39:16,793 [Listener at 0.0.0.0/43411] INFO  server.GrpcService (ConfUtils.java:logGet(46)) - raft.grpc.message.size.max = 33554432 (custom)
2022-12-19 18:39:16,793 [Listener at 0.0.0.0/43411] INFO  server.RaftServerConfigKeys (ConfUtils.java:logGet(46)) - raft.server.log.appender.buffer.byte-limit = 33554432 (custom)
2022-12-19 18:39:16,793 [Listener at 0.0.0.0/43411] INFO  server.GrpcService (ConfUtils.java:logGet(46)) - raft.grpc.flow.control.window = 1MB (=1048576) (default)
2022-12-19 18:39:16,793 [Listener at 0.0.0.0/43411] INFO  server.RaftServerConfigKeys (ConfUtils.java:logGet(46)) - raft.server.rpc.request.timeout = 3000ms (default)
2022-12-19 18:39:16,793 [Listener at 0.0.0.0/43411] INFO  grpc.GrpcConfigKeys (ConfUtils.java:logGet(46)) - raft.grpc.server.heartbeat.channel = true (default)
2022-12-19 18:39:16,793 [Listener at 0.0.0.0/43411] INFO  grpc.GrpcConfigKeys (ConfUtils.java:logGet(46)) - raft.grpc.server.async.request.thread.pool.cached = true (default)
2022-12-19 18:39:16,794 [Listener at 0.0.0.0/43411] INFO  grpc.GrpcConfigKeys (ConfUtils.java:logGet(46)) - raft.grpc.server.async.request.thread.pool.size = 32 (default)
2022-12-19 18:39:16,795 [Listener at 0.0.0.0/43411] INFO  impl.DataStreamServerImpl (ConfUtils.java:logGet(46)) - raft.datastream.type = NETTY (custom)
2022-12-19 18:39:16,795 [Listener at 0.0.0.0/43411] INFO  server.RaftServerConfigKeys (ConfUtils.java:logGet(46)) - raft.server.data-stream.async.request.thread.pool.cached = false (default)
2022-12-19 18:39:16,795 [Listener at 0.0.0.0/43411] INFO  server.RaftServerConfigKeys (ConfUtils.java:logGet(46)) - raft.server.data-stream.async.request.thread.pool.size = 32 (default)
2022-12-19 18:39:16,795 [Listener at 0.0.0.0/43411] INFO  server.RaftServerConfigKeys (ConfUtils.java:logGet(46)) - raft.server.data-stream.async.write.thread.pool.size = 16 (default)
2022-12-19 18:39:16,796 [Listener at 0.0.0.0/43411] INFO  server.RaftServerConfigKeys (ConfUtils.java:logGet(46)) - raft.server.data-stream.client.pool.size = 10 (default)
2022-12-19 18:39:16,796 [Listener at 0.0.0.0/43411] INFO  netty.NettyConfigKeys$DataStream (ConfUtils.java:logGet(46)) - raft.netty.dataStream.server.use-epoll = false (default)
2022-12-19 18:39:16,796 [Listener at 0.0.0.0/43411] INFO  netty.NettyConfigKeys$DataStream (ConfUtils.java:logGet(46)) - raft.netty.dataStream.server.boss-group.size = 0 (default)
2022-12-19 18:39:16,796 [Listener at 0.0.0.0/43411] INFO  netty.NettyConfigKeys$DataStream (ConfUtils.java:logGet(46)) - raft.netty.dataStream.server.worker-group.size = 0 (default)
2022-12-19 18:39:16,796 [Listener at 0.0.0.0/43411] INFO  netty.NettyConfigKeys$DataStream (ConfUtils.java:logGet(46)) - raft.netty.dataStream.server.tls.conf = null (default)
2022-12-19 18:39:16,797 [Listener at 0.0.0.0/43411] INFO  netty.NettyConfigKeys$DataStream (ConfUtils.java:logGet(46)) - raft.netty.dataStream.host = null (default)
2022-12-19 18:39:16,797 [Listener at 0.0.0.0/43411] INFO  netty.NettyConfigKeys$DataStream (ConfUtils.java:logGet(46)) - raft.netty.dataStream.port = 0 (default)
2022-12-19 18:39:16,802 [Listener at 0.0.0.0/43411] INFO  server.RaftServerConfigKeys (ConfUtils.java:logGet(46)) - raft.server.threadpool.proxy.cached = true (default)
2022-12-19 18:39:16,802 [Listener at 0.0.0.0/43411] INFO  server.RaftServerConfigKeys (ConfUtils.java:logGet(46)) - raft.server.threadpool.proxy.size = 0 (default)
2022-12-19 18:39:16,802 [Listener at 0.0.0.0/43411] INFO  server.RaftServerConfigKeys (ConfUtils.java:logGet(46)) - raft.server.rpc.slowness.timeout = 120s (custom)
2022-12-19 18:39:16,802 [Listener at 0.0.0.0/43411] INFO  server.RaftServerConfigKeys (ConfUtils.java:logGet(46)) - raft.server.leaderelection.leader.step-down.wait-time = 10s (default)
2022-12-19 18:39:16,802 [Listener at 0.0.0.0/43411] INFO  server.RaftServerConfigKeys (ConfUtils.java:logGet(46)) - raft.server.storage.dir = [/home/runner/work/ozone/ozone/hadoop-ozone/integration-test/target/test-dir/MiniOzoneClusterImpl-90c20adc-2d54-4d1b-8da5-d2480cc87ad8/ozone-meta/ratis] (custom)
2022-12-19 18:39:16,803 [om1-NettyServerStreamRpc-bossGroup--thread1] INFO  logging.LoggingHandler (AbstractInternalLogger.java:log(148)) - [id: 0xde2a363b] REGISTERED
2022-12-19 18:39:16,803 [om1-NettyServerStreamRpc-bossGroup--thread1] INFO  logging.LoggingHandler (AbstractInternalLogger.java:log(148)) - [id: 0xde2a363b] BIND: 0.0.0.0/0.0.0.0:0
2022-12-19 18:39:16,803 [pool-291-thread-1] INFO  server.RaftServer$Division (RaftServerImpl.java:<init>(195)) - om1: new RaftServerImpl for group-C5BA1605619E:[om1|rpc:localhost:9872|priority:0|startupRole:FOLLOWER] with OzoneManagerStateMachine:uninitialized
2022-12-19 18:39:16,803 [Listener at 0.0.0.0/43411] INFO  server.RaftServer (RaftServerProxy.java:addNew(96)) - om1: addNew group-C5BA1605619E:[om1|rpc:localhost:9872|priority:0|startupRole:FOLLOWER] returns group-C5BA1605619E:java.util.concurrent.CompletableFuture@4dec6aa[Not completed]
2022-12-19 18:39:16,805 [Listener at 0.0.0.0/43411] INFO  om.OzoneManager (OzoneManager.java:initializeRatisServer(1977)) - OzoneManager Ratis server initialized at port 9872
2022-12-19 18:39:16,805 [om1-NettyServerStreamRpc-bossGroup--thread1] INFO  logging.LoggingHandler (AbstractInternalLogger.java:log(148)) - [id: 0xde2a363b, L:/0:0:0:0:0:0:0:0:41539] ACTIVE
2022-12-19 18:39:16,806 [Listener at 0.0.0.0/43411] INFO  om.OzoneManager (OzoneManager.java:getRpcServer(1104)) - Creating RPC Server
2022-12-19 18:39:16,807 [pool-291-thread-1] INFO  server.RaftServerConfigKeys (ConfUtils.java:logGet(46)) - raft.server.rpc.timeout.min = 1s (custom)
2022-12-19 18:39:16,807 [pool-291-thread-1] INFO  server.RaftServerConfigKeys (ConfUtils.java:logGet(46)) - raft.server.rpc.timeout.max = 1200ms (custom)
2022-12-19 18:39:16,807 [pool-291-thread-1] INFO  server.RaftServerConfigKeys (ConfUtils.java:logGet(46)) - raft.server.rpc.sleep.time = 25ms (default)
2022-12-19 18:39:16,807 [pool-291-thread-1] INFO  server.RaftServerConfigKeys (ConfUtils.java:logGet(46)) - raft.server.rpc.slowness.timeout = 120s (custom)
2022-12-19 18:39:16,807 [pool-291-thread-1] INFO  server.RaftServerConfigKeys (ConfUtils.java:logGet(46)) - raft.server.leaderelection.leader.step-down.wait-time = 10s (default)
2022-12-19 18:39:16,807 [pool-291-thread-1] INFO  server.RaftServerConfigKeys (ConfUtils.java:logGet(46)) - raft.server.sleep.deviation.threshold = 300ms (default)
2022-12-19 18:39:16,807 [pool-291-thread-1] INFO  server.RaftServer$Division (ServerState.java:<init>(118)) - om1@group-C5BA1605619E: ConfigurationManager, init=-1: peers:[om1|rpc:localhost:9872|priority:0|startupRole:FOLLOWER]|listeners:[], old=null, confs=<EMPTY_MAP>
2022-12-19 18:39:16,807 [pool-291-thread-1] INFO  server.RaftServerConfigKeys (ConfUtils.java:logGet(46)) - raft.server.storage.dir = [/home/runner/work/ozone/ozone/hadoop-ozone/integration-test/target/test-dir/MiniOzoneClusterImpl-90c20adc-2d54-4d1b-8da5-d2480cc87ad8/ozone-meta/ratis] (custom)
2022-12-19 18:39:16,807 [pool-291-thread-1] INFO  server.RaftServerConfigKeys (ConfUtils.java:logGet(46)) - raft.server.log.corruption.policy = EXCEPTION (default)
2022-12-19 18:39:16,807 [pool-291-thread-1] INFO  server.RaftServerConfigKeys (ConfUtils.java:logGet(46)) - raft.server.storage.free-space.min = 0MB (=0) (default)
2022-12-19 18:39:16,807 [pool-291-thread-1] INFO  server.RaftServerConfigKeys (ConfUtils.java:logGet(46)) - raft.server.notification.no-leader.timeout = 120s (custom)
2022-12-19 18:39:16,807 [pool-291-thread-1] INFO  server.RaftServerConfigKeys (ConfUtils.java:logGet(46)) - raft.server.retrycache.expirytime = 300s (custom)
2022-12-19 18:39:16,807 [pool-291-thread-1] INFO  server.RaftServerConfigKeys (ConfUtils.java:logGet(46)) - raft.server.retrycache.statistics.expirytime = 100μs (default)
2022-12-19 18:39:16,808 [pool-291-thread-1] INFO  server.RaftServerConfigKeys (ConfUtils.java:logGet(46)) - raft.server.log.appender.install.snapshot.enabled = false (custom)
2022-12-19 18:39:16,808 [pool-291-thread-1] INFO  server.RaftServerConfigKeys (ConfUtils.java:logGet(46)) - raft.server.threadpool.server.cached = true (default)
2022-12-19 18:39:16,808 [pool-291-thread-1] INFO  server.RaftServerConfigKeys (ConfUtils.java:logGet(46)) - raft.server.threadpool.server.size = 0 (default)
2022-12-19 18:39:16,808 [pool-291-thread-1] INFO  server.RaftServerConfigKeys (ConfUtils.java:logGet(46)) - raft.server.threadpool.client.cached = true (default)
2022-12-19 18:39:16,808 [pool-291-thread-1] INFO  server.RaftServerConfigKeys (ConfUtils.java:logGet(46)) - raft.server.threadpool.client.size = 0 (default)
2022-12-19 18:39:17,233 [Listener at 0.0.0.0/43411] INFO  reflections.Reflections (Reflections.java:scan(232)) - Reflections took 426 ms to scan 19 urls, producing 67 keys and 4497 values [using 2 cores]
2022-12-19 18:39:17,234 [Listener at 0.0.0.0/43411] INFO  ipc.CallQueueManager (CallQueueManager.java:<init>(90)) - Using callQueue: class java.util.concurrent.LinkedBlockingQueue, queueCapacity: 2000, scheduler: class org.apache.hadoop.ipc.DefaultRpcScheduler, ipcBackoff: false.
2022-12-19 18:39:17,234 [Socket Reader #1 for port 0] INFO  ipc.Server (Server.java:run(1273)) - Starting Socket Reader #1 for port 0
2022-12-19 18:39:17,252 [Listener at 127.0.0.1/45319] INFO  impl.MetricsSystemImpl (MetricsSystemImpl.java:init(158)) - OzoneManager metrics system started (again)
2022-12-19 18:39:17,262 [Listener at 127.0.0.1/45319] INFO  om.OzoneManager (OzoneManager.java:start(1484)) - OzoneManager RPC server is listening at localhost/127.0.0.1:45319
2022-12-19 18:39:17,262 [Listener at 127.0.0.1/45319] INFO  ratis.OzoneManagerRatisServer (OzoneManagerRatisServer.java:start(555)) - Starting OzoneManagerRatisServer om1 at port 9872
2022-12-19 18:39:17,262 [om1-impl-thread1] INFO  storage.RaftStorageDirectory (RaftStorageDirectoryImpl.java:analyzeStorage(137)) - The storage directory /home/runner/work/ozone/ozone/hadoop-ozone/integration-test/target/test-dir/MiniOzoneClusterImpl-90c20adc-2d54-4d1b-8da5-d2480cc87ad8/ozone-meta/ratis/bf265839-605b-3f16-9796-c5ba1605619e does not exist. Creating ...
2022-12-19 18:39:17,264 [om1-impl-thread1] INFO  storage.RaftStorageDirectory (RaftStorageDirectoryImpl.java:tryLock(231)) - Lock on /home/runner/work/ozone/ozone/hadoop-ozone/integration-test/target/test-dir/MiniOzoneClusterImpl-90c20adc-2d54-4d1b-8da5-d2480cc87ad8/ozone-meta/ratis/bf265839-605b-3f16-9796-c5ba1605619e/in_use.lock acquired by nodename 10449@fv-az353-760
2022-12-19 18:39:17,266 [om1-impl-thread1] INFO  storage.RaftStorage (RaftStorageImpl.java:format(96)) - Storage directory /home/runner/work/ozone/ozone/hadoop-ozone/integration-test/target/test-dir/MiniOzoneClusterImpl-90c20adc-2d54-4d1b-8da5-d2480cc87ad8/ozone-meta/ratis/bf265839-605b-3f16-9796-c5ba1605619e has been successfully formatted.
2022-12-19 18:39:17,266 [om1-impl-thread1] INFO  server.RaftServerConfigKeys (ConfUtils.java:logGet(46)) - raft.server.log.use.memory = false (default)
2022-12-19 18:39:17,266 [om1-impl-thread1] INFO  server.RaftServerConfigKeys (ConfUtils.java:logGet(46)) - raft.server.log.purge.gap = 1000000 (custom)
2022-12-19 18:39:17,266 [om1-impl-thread1] INFO  server.RaftServerConfigKeys (ConfUtils.java:logGet(46)) - raft.server.log.appender.buffer.byte-limit = 33554432 (custom)
2022-12-19 18:39:17,266 [om1-impl-thread1] INFO  server.RaftServerConfigKeys (ConfUtils.java:logGet(46)) - raft.server.log.statemachine.data.read.timeout = 1000ms (default)
2022-12-19 18:39:17,266 [om1-impl-thread1] INFO  server.RaftServerConfigKeys (ConfUtils.java:logGet(46)) - raft.server.log.purge.preservation.log.num = 0 (default)
2022-12-19 18:39:17,266 [om1-impl-thread1] INFO  server.RaftServerConfigKeys (ConfUtils.java:logGet(46)) - raft.server.log.segment.size.max = 4194304 (custom)
2022-12-19 18:39:17,267 [om1-impl-thread1] INFO  server.RaftServerConfigKeys (ConfUtils.java:logGet(46)) - raft.server.log.segment.cache.num.max = 2 (custom)
2022-12-19 18:39:17,267 [om1-impl-thread1] INFO  server.RaftServerConfigKeys (ConfUtils.java:logGet(46)) - raft.server.log.segment.cache.size.max = 200MB (=209715200) (default)
2022-12-19 18:39:17,267 [om1-impl-thread1] INFO  segmented.SegmentedRaftLogWorker (SegmentedRaftLogWorker.java:<init>(189)) - new om1@group-C5BA1605619E-SegmentedRaftLogWorker for RaftStorageImpl:Storage Directory /home/runner/work/ozone/ozone/hadoop-ozone/integration-test/target/test-dir/MiniOzoneClusterImpl-90c20adc-2d54-4d1b-8da5-d2480cc87ad8/ozone-meta/ratis/bf265839-605b-3f16-9796-c5ba1605619e
2022-12-19 18:39:17,267 [om1-impl-thread1] INFO  server.RaftServerConfigKeys (ConfUtils.java:logGet(46)) - raft.server.log.queue.byte-limit = 64MB (=67108864) (default)
2022-12-19 18:39:17,267 [om1-impl-thread1] INFO  server.RaftServerConfigKeys (ConfUtils.java:logGet(46)) - raft.server.log.queue.element-limit = 4096 (default)
2022-12-19 18:39:17,267 [om1-impl-thread1] INFO  server.RaftServerConfigKeys (ConfUtils.java:logGet(46)) - raft.server.log.segment.size.max = 4194304 (custom)
2022-12-19 18:39:17,267 [om1-impl-thread1] INFO  server.RaftServerConfigKeys (ConfUtils.java:logGet(46)) - raft.server.log.preallocated.size = 4194304 (custom)
2022-12-19 18:39:17,267 [om1-impl-thread1] INFO  server.RaftServerConfigKeys (ConfUtils.java:logGet(46)) - raft.server.log.force.sync.num = 128 (default)
2022-12-19 18:39:17,267 [om1-impl-thread1] INFO  server.RaftServerConfigKeys (ConfUtils.java:logGet(46)) - raft.server.log.statemachine.data.sync = true (default)
2022-12-19 18:39:17,267 [om1-impl-thread1] INFO  server.RaftServerConfigKeys (ConfUtils.java:logGet(46)) - raft.server.log.statemachine.data.sync.timeout = 10s (default)
2022-12-19 18:39:17,267 [om1-impl-thread1] INFO  server.RaftServerConfigKeys (ConfUtils.java:logGet(46)) - raft.server.log.statemachine.data.sync.timeout.retry = -1 (default)
2022-12-19 18:39:17,268 [om1-impl-thread1] INFO  server.RaftServerConfigKeys (ConfUtils.java:logGet(46)) - raft.server.log.write.buffer.size = 64KB (=65536) (default)
2022-12-19 18:39:17,268 [om1-impl-thread1] INFO  server.RaftServerConfigKeys (ConfUtils.java:logGet(46)) - raft.server.log.appender.buffer.byte-limit = 33554432 (custom)
2022-12-19 18:39:17,271 [om1-impl-thread1] INFO  server.RaftServerConfigKeys (ConfUtils.java:logGet(46)) - raft.server.log.unsafe-flush.enabled = false (default)
2022-12-19 18:39:17,271 [om1-impl-thread1] INFO  server.RaftServerConfigKeys (ConfUtils.java:logGet(46)) - raft.server.log.async-flush.enabled = false (default)
2022-12-19 18:39:17,271 [om1-impl-thread1] INFO  server.RaftServerConfigKeys (ConfUtils.java:logGet(46)) - raft.server.log.statemachine.data.caching.enabled = false (default)
2022-12-19 18:39:17,272 [om1-impl-thread1] INFO  segmented.SegmentedRaftLogWorker (SegmentedRaftLogWorker.java:lambda$new$0(135)) - om1@group-C5BA1605619E-SegmentedRaftLogWorker: flushIndex: setUnconditionally 0 -> -1
2022-12-19 18:39:17,272 [om1-impl-thread1] INFO  segmented.SegmentedRaftLogWorker (SegmentedRaftLogWorker.java:lambda$new$0(135)) - om1@group-C5BA1605619E-SegmentedRaftLogWorker: safeCacheEvictIndex: setUnconditionally 0 -> -1
2022-12-19 18:39:17,272 [om1-impl-thread1] INFO  server.RaftServer$Division (RaftServerImpl.java:start(334)) - om1@group-C5BA1605619E: start as a follower, conf=-1: peers:[om1|rpc:localhost:9872|priority:0|startupRole:FOLLOWER]|listeners:[], old=null
2022-12-19 18:39:17,272 [om1-impl-thread1] INFO  server.RaftServer$Division (RaftServerImpl.java:setRole(321)) - om1@group-C5BA1605619E: changes role from      null to FOLLOWER at term 0 for startAsFollower
2022-12-19 18:39:17,272 [om1-impl-thread1] INFO  impl.RoleInfo (RoleInfo.java:updateAndGet(139)) - om1: start om1@group-C5BA1605619E-FollowerState
2022-12-19 18:39:17,276 [om1-impl-thread1] INFO  util.JmxRegister (JmxRegister.java:tryRegister(44)) - Successfully registered JMX Bean with object name Ratis:service=RaftServer,group=group-C5BA1605619E,id=om1
2022-12-19 18:39:17,276 [om1-impl-thread1] INFO  server.RaftServerConfigKeys (ConfUtils.java:logGet(46)) - raft.server.snapshot.auto.trigger.enabled = true (custom)
2022-12-19 18:39:17,276 [om1-impl-thread1] INFO  server.RaftServerConfigKeys (ConfUtils.java:logGet(46)) - raft.server.snapshot.auto.trigger.threshold = 400000 (default)
2022-12-19 18:39:17,276 [om1-impl-thread1] INFO  server.RaftServerConfigKeys (ConfUtils.java:logGet(46)) - raft.server.snapshot.retention.file.num = -1 (default)
2022-12-19 18:39:17,276 [om1-impl-thread1] INFO  server.RaftServerConfigKeys (ConfUtils.java:logGet(46)) - raft.server.log.purge.upto.snapshot.index = true (custom)
2022-12-19 18:39:17,279 [Listener at 127.0.0.1/45319] INFO  server.RaftServer (RaftServerProxy.java:startImpl(393)) - om1: start RPC server
2022-12-19 18:39:17,279 [om1@group-C5BA1605619E-FollowerState] INFO  server.RaftServerConfigKeys (ConfUtils.java:logFallback(53)) - raft.server.rpc.first-election.timeout.min = 1s (fallback to raft.server.rpc.timeout.min)
2022-12-19 18:39:17,279 [om1@group-C5BA1605619E-FollowerState] INFO  server.RaftServerConfigKeys (ConfUtils.java:logFallback(53)) - raft.server.rpc.first-election.timeout.max = 1200ms (fallback to raft.server.rpc.timeout.max)
2022-12-19 18:39:17,281 [Listener at 127.0.0.1/45319] INFO  server.GrpcService (GrpcService.java:startImpl(262)) - om1: GrpcService started, listening on 9872
2022-12-19 18:39:17,282 [Listener at 127.0.0.1/45319] INFO  om.OzoneManager (OzoneManager.java:start(1500)) - Version File has different layout version (3) than OM DB (null). That is expected if this OM has never been finalized to a newer layout version.
2022-12-19 18:39:17,282 [JvmPauseMonitor7] INFO  util.JvmPauseMonitor (JvmPauseMonitor.java:run(105)) - JvmPauseMonitor-om1: Started
2022-12-19 18:39:17,287 [Listener at 127.0.0.1/45319] INFO  http.BaseHttpServer (BaseHttpServer.java:newHttpServer2BuilderForOzone(213)) - Starting Web-server for ozoneManager at: http://0.0.0.0:0
2022-12-19 18:39:17,287 [Listener at 127.0.0.1/45319] INFO  http.BaseHttpServer (BaseHttpServer.java:<init>(108)) - Hadoop Security Enabled: false Ozone Security Enabled: false Ozone HTTP Security Enabled: false 
2022-12-19 18:39:17,288 [Listener at 127.0.0.1/45319] WARN  server.AuthenticationFilter (AuthenticationFilter.java:constructSecretProvider(240)) - Unable to initialize FileSignerSecretProvider, falling back to use random secrets. Reason: Could not read signature secret file: /home/runner/hadoop-http-auth-signature-secret
2022-12-19 18:39:17,288 [Listener at 127.0.0.1/45319] WARN  http.HttpRequestLog (HttpRequestLog.java:getRequestLog(103)) - Jetty request log can only be enabled using Log4j
2022-12-19 18:39:17,290 [Listener at 127.0.0.1/45319] INFO  http.HttpServer2 (HttpServer2.java:addGlobalFilter(1031)) - Added global filter 'safety' (class=org.apache.hadoop.hdds.server.http.HttpServer2$QuotingInputFilter)
2022-12-19 18:39:17,290 [Listener at 127.0.0.1/45319] INFO  http.HttpServer2 (HttpServer2.java:addFilter(1007)) - Added filter static_user_filter (class=org.apache.hadoop.http.lib.StaticUserWebFilter$StaticUserFilter) to context ozoneManager
2022-12-19 18:39:17,290 [Listener at 127.0.0.1/45319] INFO  http.HttpServer2 (HttpServer2.java:addFilter(1015)) - Added filter static_user_filter (class=org.apache.hadoop.http.lib.StaticUserWebFilter$StaticUserFilter) to context logs
2022-12-19 18:39:17,290 [Listener at 127.0.0.1/45319] INFO  http.HttpServer2 (HttpServer2.java:addFilter(1015)) - Added filter static_user_filter (class=org.apache.hadoop.http.lib.StaticUserWebFilter$StaticUserFilter) to context static
2022-12-19 18:39:17,293 [Listener at 127.0.0.1/45319] INFO  http.HttpServer2 (HttpServer2.java:bindListener(1250)) - Jetty bound to port 34163
2022-12-19 18:39:17,293 [Listener at 127.0.0.1/45319] INFO  server.Server (Server.java:doStart(375)) - jetty-9.4.49.v20220914; built: 2022-09-14T01:07:36.601Z; git: 4231a3b2e4cb8548a412a789936d640a97b1aa0a; jvm 1.8.0_352-b08
2022-12-19 18:39:17,295 [Listener at 127.0.0.1/45319] INFO  server.session (DefaultSessionIdManager.java:doStart(334)) - DefaultSessionIdManager workerName=node0
2022-12-19 18:39:17,295 [Listener at 127.0.0.1/45319] INFO  server.session (DefaultSessionIdManager.java:doStart(339)) - No SessionScavenger set, using defaults
2022-12-19 18:39:17,295 [Listener at 127.0.0.1/45319] INFO  server.session (HouseKeeper.java:startScavenging(132)) - node0 Scavenging every 600000ms
2022-12-19 18:39:17,296 [Listener at 127.0.0.1/45319] INFO  handler.ContextHandler (ContextHandler.java:doStart(921)) - Started o.e.j.s.ServletContextHandler@7923fb86{logs,/logs,file:///home/runner/work/ozone/ozone/hadoop-ozone/integration-test/target/log,AVAILABLE}
2022-12-19 18:39:17,296 [Listener at 127.0.0.1/45319] INFO  handler.ContextHandler (ContextHandler.java:doStart(921)) - Started o.e.j.s.ServletContextHandler@101ada63{static,/static,file:///home/runner/work/ozone/ozone/hadoop-ozone/integration-test/target/test-classes/webapps/static,AVAILABLE}
2022-12-19 18:39:17,299 [Listener at 127.0.0.1/45319] INFO  handler.ContextHandler (ContextHandler.java:doStart(921)) - Started o.e.j.w.WebAppContext@37aa7ede{ozoneManager,/,file:///home/runner/work/ozone/ozone/hadoop-ozone/integration-test/target/test-classes/webapps/ozoneManager/,AVAILABLE}{file:/home/runner/work/ozone/ozone/hadoop-ozone/integration-test/target/test-classes/webapps/ozoneManager}
2022-12-19 18:39:17,304 [Listener at 127.0.0.1/45319] INFO  server.AbstractConnector (AbstractConnector.java:doStart(333)) - Started ServerConnector@2a11b504{HTTP/1.1, (http/1.1)}{0.0.0.0:34163}
2022-12-19 18:39:17,304 [Listener at 127.0.0.1/45319] INFO  server.Server (Server.java:doStart(415)) - Started @44793ms
2022-12-19 18:39:17,304 [Listener at 127.0.0.1/45319] WARN  impl.MetricsSystemImpl (MetricsSystemImpl.java:register(279)) - Sink prometheus already exists!
2022-12-19 18:39:17,306 [Listener at 127.0.0.1/45319] INFO  http.BaseHttpServer (BaseHttpServer.java:updateConnectorAddress(333)) - HTTP server of ozoneManager listening at http://0.0.0.0:34163
2022-12-19 18:39:17,306 [IPC Server Responder] INFO  ipc.Server (Server.java:run(1512)) - IPC Server Responder: starting
2022-12-19 18:39:17,307 [IPC Server listener on 0] INFO  ipc.Server (Server.java:run(1352)) - IPC Server listener on 0: starting
2022-12-19 18:39:17,315 [Listener at 127.0.0.1/45319] INFO  om.OzoneManager (OzoneManager.java:startTrashEmptier(1921)) - Trash Interval set to 0. Files deleted won't move to trash
2022-12-19 18:39:17,332 [org.apache.hadoop.util.JvmPauseMonitor$Monitor@38322f24] INFO  util.JvmPauseMonitor (JvmPauseMonitor.java:run(188)) - Starting JVM pause monitor
2022-12-19 18:39:17,332 [Listener at 127.0.0.1/45319] WARN  impl.MetricRegistriesImpl (MetricRegistriesImpl.java:addReporterRegistration(111)) - New reporters are added after registries were created. Some metrics will be missing from the reporter. Please add reporter before adding any new registry.
2022-12-19 18:39:17,334 [Listener at 127.0.0.1/45319] WARN  impl.MetricRegistriesImpl (MetricRegistriesImpl.java:addReporterRegistration(111)) - New reporters are added after registries were created. Some metrics will be missing from the reporter. Please add reporter before adding any new registry.
2022-12-19 18:39:17,334 [Listener at 127.0.0.1/45319] INFO  impl.MetricsSystemImpl (MetricsSystemImpl.java:init(158)) - HddsDatanode metrics system started (again)
2022-12-19 18:39:17,348 [Listener at 127.0.0.1/45319] INFO  ozone.HddsDatanodeService (HddsDatanodeService.java:start(236)) - HddsDatanodeService host:fv-az353-760.tkyx2seitsuu3nmpmouz2httfb.bx.internal.cloudapp.net ip:10.1.0.24
2022-12-19 18:39:17,371 [Listener at 127.0.0.1/45319] INFO  upgrade.AbstractLayoutVersionManager (AbstractLayoutVersionManager.java:init(83)) - Initializing Layout version manager with metadata layout = DATANODE_SCHEMA_V3 (version = 4), software layout = DATANODE_SCHEMA_V3 (version = 4)
2022-12-19 18:39:17,420 [Listener at 127.0.0.1/45319] INFO  reflections.Reflections (Reflections.java:scan(232)) - Reflections took 48 ms to scan 7 urls, producing 146 keys and 348 values 
2022-12-19 18:39:17,421 [Listener at 127.0.0.1/45319] INFO  statemachine.DatanodeStateMachine (DatanodeStateMachine.java:getEndPointTaskThreadPoolSize(249)) - Datanode State Machine Task Thread Pool size 2
2022-12-19 18:39:17,423 [Listener at 127.0.0.1/45319] INFO  volume.HddsVolume (HddsVolume.java:<init>(117)) - Creating HddsVolume: /home/runner/work/ozone/ozone/hadoop-ozone/integration-test/target/test-dir/MiniOzoneClusterImpl-90c20adc-2d54-4d1b-8da5-d2480cc87ad8/datanode-0/data-0/containers/hdds of storage type : DISK capacity : 9223372036854775807
2022-12-19 18:39:17,423 [Listener at 127.0.0.1/45319] INFO  volume.MutableVolumeSet (MutableVolumeSet.java:initializeVolumeSet(174)) - Added Volume : /home/runner/work/ozone/ozone/hadoop-ozone/integration-test/target/test-dir/MiniOzoneClusterImpl-90c20adc-2d54-4d1b-8da5-d2480cc87ad8/datanode-0/data-0/containers/hdds to VolumeSet
2022-12-19 18:39:17,423 [Listener at 127.0.0.1/45319] INFO  volume.ThrottledAsyncChecker (ThrottledAsyncChecker.java:schedule(141)) - Scheduling a check for /home/runner/work/ozone/ozone/hadoop-ozone/integration-test/target/test-dir/MiniOzoneClusterImpl-90c20adc-2d54-4d1b-8da5-d2480cc87ad8/datanode-0/data-0/containers/hdds
2022-12-19 18:39:17,426 [Listener at 127.0.0.1/45319] INFO  volume.StorageVolumeChecker (StorageVolumeChecker.java:checkAllVolumes(202)) - Scheduled health check for volume /home/runner/work/ozone/ozone/hadoop-ozone/integration-test/target/test-dir/MiniOzoneClusterImpl-90c20adc-2d54-4d1b-8da5-d2480cc87ad8/datanode-0/data-0/containers/hdds
2022-12-19 18:39:17,437 [Listener at 127.0.0.1/45319] INFO  volume.MutableVolumeSet (MutableVolumeSet.java:initializeVolumeSet(174)) - Added Volume : /home/runner/work/ozone/ozone/hadoop-ozone/integration-test/target/test-dir/MiniOzoneClusterImpl-90c20adc-2d54-4d1b-8da5-d2480cc87ad8/datanode-0/data/ratis to VolumeSet
2022-12-19 18:39:17,437 [Listener at 127.0.0.1/45319] INFO  volume.ThrottledAsyncChecker (ThrottledAsyncChecker.java:schedule(141)) - Scheduling a check for /home/runner/work/ozone/ozone/hadoop-ozone/integration-test/target/test-dir/MiniOzoneClusterImpl-90c20adc-2d54-4d1b-8da5-d2480cc87ad8/datanode-0/data/ratis
2022-12-19 18:39:17,437 [Listener at 127.0.0.1/45319] INFO  volume.StorageVolumeChecker (StorageVolumeChecker.java:checkAllVolumes(202)) - Scheduled health check for volume /home/runner/work/ozone/ozone/hadoop-ozone/integration-test/target/test-dir/MiniOzoneClusterImpl-90c20adc-2d54-4d1b-8da5-d2480cc87ad8/datanode-0/data/ratis
2022-12-19 18:39:17,447 [Thread-584] INFO  ozoneimpl.ContainerReader (ContainerReader.java:readVolume(175)) - Finish verifying containers on volume /home/runner/work/ozone/ozone/hadoop-ozone/integration-test/target/test-dir/MiniOzoneClusterImpl-90c20adc-2d54-4d1b-8da5-d2480cc87ad8/datanode-0/data-0/containers/hdds
2022-12-19 18:39:17,447 [Listener at 127.0.0.1/45319] INFO  ozoneimpl.OzoneContainer (OzoneContainer.java:buildContainerSet(301)) - Build ContainerSet costs 0s
2022-12-19 18:39:17,449 [Listener at 127.0.0.1/45319] INFO  server.RaftServer (ConfUtils.java:logGet(46)) - raft.rpc.type = GRPC (default)
2022-12-19 18:39:17,450 [Listener at 127.0.0.1/45319] INFO  grpc.GrpcConfigKeys (ConfUtils.java:logFallback(53)) - raft.grpc.admin.host = null (fallback to raft.grpc.server.host)
2022-12-19 18:39:17,450 [Listener at 127.0.0.1/45319] INFO  grpc.GrpcConfigKeys (ConfUtils.java:logGet(46)) - raft.grpc.admin.port = 0 (custom)
2022-12-19 18:39:17,450 [Listener at 127.0.0.1/45319] INFO  grpc.GrpcConfigKeys (ConfUtils.java:logFallback(53)) - raft.grpc.client.host = null (fallback to raft.grpc.server.host)
2022-12-19 18:39:17,450 [Listener at 127.0.0.1/45319] INFO  grpc.GrpcConfigKeys (ConfUtils.java:logGet(46)) - raft.grpc.client.port = 0 (custom)
2022-12-19 18:39:17,450 [Listener at 127.0.0.1/45319] INFO  grpc.GrpcConfigKeys (ConfUtils.java:logGet(46)) - raft.grpc.server.host = null (default)
2022-12-19 18:39:17,450 [Listener at 127.0.0.1/45319] INFO  grpc.GrpcConfigKeys (ConfUtils.java:logGet(46)) - raft.grpc.server.port = 0 (default)
2022-12-19 18:39:17,450 [Listener at 127.0.0.1/45319] INFO  server.GrpcService (ConfUtils.java:logGet(46)) - raft.grpc.message.size.max = 32MB (=33554432) (custom)
2022-12-19 18:39:17,450 [Listener at 127.0.0.1/45319] INFO  server.RaftServerConfigKeys (ConfUtils.java:logGet(46)) - raft.server.log.appender.buffer.byte-limit = 33554432 (custom)
2022-12-19 18:39:17,450 [Listener at 127.0.0.1/45319] INFO  server.GrpcService (ConfUtils.java:logGet(46)) - raft.grpc.flow.control.window = 5MB (=5242880) (custom)
2022-12-19 18:39:17,451 [Listener at 127.0.0.1/45319] INFO  server.RaftServerConfigKeys (ConfUtils.java:logGet(46)) - raft.server.rpc.request.timeout = 60s (custom)
2022-12-19 18:39:17,451 [Listener at 127.0.0.1/45319] INFO  grpc.GrpcConfigKeys (ConfUtils.java:logGet(46)) - raft.grpc.server.heartbeat.channel = true (default)
2022-12-19 18:39:17,451 [Listener at 127.0.0.1/45319] INFO  grpc.GrpcConfigKeys (ConfUtils.java:logGet(46)) - raft.grpc.server.async.request.thread.pool.cached = true (default)
2022-12-19 18:39:17,451 [Listener at 127.0.0.1/45319] INFO  grpc.GrpcConfigKeys (ConfUtils.java:logGet(46)) - raft.grpc.server.async.request.thread.pool.size = 32 (default)
2022-12-19 18:39:17,452 [Listener at 127.0.0.1/45319] INFO  impl.DataStreamServerImpl (ConfUtils.java:logGet(46)) - raft.datastream.type = NETTY (custom)
2022-12-19 18:39:17,452 [Listener at 127.0.0.1/45319] INFO  server.RaftServerConfigKeys (ConfUtils.java:logGet(46)) - raft.server.data-stream.async.request.thread.pool.cached = false (default)
2022-12-19 18:39:17,452 [Listener at 127.0.0.1/45319] INFO  server.RaftServerConfigKeys (ConfUtils.java:logGet(46)) - raft.server.data-stream.async.request.thread.pool.size = 20 (custom)
2022-12-19 18:39:17,452 [Listener at 127.0.0.1/45319] INFO  server.RaftServerConfigKeys (ConfUtils.java:logGet(46)) - raft.server.data-stream.async.write.thread.pool.size = 16 (default)
2022-12-19 18:39:17,453 [Listener at 127.0.0.1/45319] INFO  server.RaftServerConfigKeys (ConfUtils.java:logGet(46)) - raft.server.data-stream.client.pool.size = 10 (default)
2022-12-19 18:39:17,453 [Listener at 127.0.0.1/45319] INFO  netty.NettyConfigKeys$DataStream (ConfUtils.java:logGet(46)) - raft.netty.dataStream.server.use-epoll = false (default)
2022-12-19 18:39:17,453 [Listener at 127.0.0.1/45319] INFO  netty.NettyConfigKeys$DataStream (ConfUtils.java:logGet(46)) - raft.netty.dataStream.server.boss-group.size = 0 (default)
2022-12-19 18:39:17,453 [Listener at 127.0.0.1/45319] INFO  netty.NettyConfigKeys$DataStream (ConfUtils.java:logGet(46)) - raft.netty.dataStream.server.worker-group.size = 0 (default)
2022-12-19 18:39:17,453 [Listener at 127.0.0.1/45319] INFO  netty.NettyConfigKeys$DataStream (ConfUtils.java:logGet(46)) - raft.netty.dataStream.server.tls.conf = null (default)
2022-12-19 18:39:17,454 [Listener at 127.0.0.1/45319] INFO  netty.NettyConfigKeys$DataStream (ConfUtils.java:logGet(46)) - raft.netty.dataStream.host = null (default)
2022-12-19 18:39:17,454 [Listener at 127.0.0.1/45319] INFO  netty.NettyConfigKeys$DataStream (ConfUtils.java:logGet(46)) - raft.netty.dataStream.port = 0 (default)
2022-12-19 18:39:17,454 [Listener at 127.0.0.1/45319] INFO  server.RaftServerConfigKeys (ConfUtils.java:logGet(46)) - raft.server.threadpool.proxy.cached = true (default)
2022-12-19 18:39:17,454 [Listener at 127.0.0.1/45319] INFO  server.RaftServerConfigKeys (ConfUtils.java:logGet(46)) - raft.server.threadpool.proxy.size = 0 (default)
2022-12-19 18:39:17,454 [Listener at 127.0.0.1/45319] INFO  server.RaftServerConfigKeys (ConfUtils.java:logGet(46)) - raft.server.rpc.slowness.timeout = 300s (custom)
2022-12-19 18:39:17,454 [Listener at 127.0.0.1/45319] INFO  server.RaftServerConfigKeys (ConfUtils.java:logGet(46)) - raft.server.leaderelection.leader.step-down.wait-time = 10s (default)
2022-12-19 18:39:17,455 [Listener at 127.0.0.1/45319] INFO  server.RaftServerConfigKeys (ConfUtils.java:logGet(46)) - raft.server.storage.dir = [/home/runner/work/ozone/ozone/hadoop-ozone/integration-test/target/test-dir/MiniOzoneClusterImpl-90c20adc-2d54-4d1b-8da5-d2480cc87ad8/datanode-0/data/ratis] (custom)
2022-12-19 18:39:17,455 [9557de33-fe68-40fe-b687-830f5ee56eaf-NettyServerStreamRpc-bossGroup--thread1] INFO  logging.LoggingHandler (AbstractInternalLogger.java:log(148)) - [id: 0xe11f8c34] REGISTERED
2022-12-19 18:39:17,455 [9557de33-fe68-40fe-b687-830f5ee56eaf-NettyServerStreamRpc-bossGroup--thread1] INFO  logging.LoggingHandler (AbstractInternalLogger.java:log(148)) - [id: 0xe11f8c34] BIND: 0.0.0.0/0.0.0.0:0
2022-12-19 18:39:17,455 [9557de33-fe68-40fe-b687-830f5ee56eaf-NettyServerStreamRpc-bossGroup--thread1] INFO  logging.LoggingHandler (AbstractInternalLogger.java:log(148)) - [id: 0xe11f8c34, L:/0:0:0:0:0:0:0:0:34463] ACTIVE
2022-12-19 18:39:17,456 [Listener at 127.0.0.1/45319] INFO  server.XceiverServerGrpc (XceiverServerGrpc.java:<init>(132)) - GrpcServer channel type EpollServerSocketChannel
2022-12-19 18:39:17,460 [Listener at 127.0.0.1/45319] INFO  http.BaseHttpServer (BaseHttpServer.java:newHttpServer2BuilderForOzone(213)) - Starting Web-server for hddsDatanode at: http://0.0.0.0:0
2022-12-19 18:39:17,460 [Listener at 127.0.0.1/45319] INFO  http.BaseHttpServer (BaseHttpServer.java:<init>(108)) - Hadoop Security Enabled: false Ozone Security Enabled: false Ozone HTTP Security Enabled: false 
2022-12-19 18:39:17,461 [Listener at 127.0.0.1/45319] WARN  server.AuthenticationFilter (AuthenticationFilter.java:constructSecretProvider(240)) - Unable to initialize FileSignerSecretProvider, falling back to use random secrets. Reason: Could not read signature secret file: /home/runner/hadoop-http-auth-signature-secret
2022-12-19 18:39:17,463 [Listener at 127.0.0.1/45319] WARN  http.HttpRequestLog (HttpRequestLog.java:getRequestLog(103)) - Jetty request log can only be enabled using Log4j
2022-12-19 18:39:17,464 [Listener at 127.0.0.1/45319] INFO  http.HttpServer2 (HttpServer2.java:addGlobalFilter(1031)) - Added global filter 'safety' (class=org.apache.hadoop.hdds.server.http.HttpServer2$QuotingInputFilter)
2022-12-19 18:39:17,465 [Listener at 127.0.0.1/45319] INFO  http.HttpServer2 (HttpServer2.java:addFilter(1007)) - Added filter static_user_filter (class=org.apache.hadoop.http.lib.StaticUserWebFilter$StaticUserFilter) to context hddsDatanode
2022-12-19 18:39:17,465 [Listener at 127.0.0.1/45319] INFO  http.HttpServer2 (HttpServer2.java:addFilter(1015)) - Added filter static_user_filter (class=org.apache.hadoop.http.lib.StaticUserWebFilter$StaticUserFilter) to context static
2022-12-19 18:39:17,465 [Listener at 127.0.0.1/45319] INFO  http.HttpServer2 (HttpServer2.java:addFilter(1015)) - Added filter static_user_filter (class=org.apache.hadoop.http.lib.StaticUserWebFilter$StaticUserFilter) to context logs
2022-12-19 18:39:17,466 [Listener at 127.0.0.1/45319] INFO  http.HttpServer2 (HttpServer2.java:bindListener(1250)) - Jetty bound to port 43099
2022-12-19 18:39:17,466 [Listener at 127.0.0.1/45319] INFO  server.Server (Server.java:doStart(375)) - jetty-9.4.49.v20220914; built: 2022-09-14T01:07:36.601Z; git: 4231a3b2e4cb8548a412a789936d640a97b1aa0a; jvm 1.8.0_352-b08
2022-12-19 18:39:17,472 [Listener at 127.0.0.1/45319] INFO  server.session (DefaultSessionIdManager.java:doStart(334)) - DefaultSessionIdManager workerName=node0
2022-12-19 18:39:17,472 [Listener at 127.0.0.1/45319] INFO  server.session (DefaultSessionIdManager.java:doStart(339)) - No SessionScavenger set, using defaults
2022-12-19 18:39:17,472 [Listener at 127.0.0.1/45319] INFO  server.session (HouseKeeper.java:startScavenging(132)) - node0 Scavenging every 660000ms
2022-12-19 18:39:17,474 [Listener at 127.0.0.1/45319] INFO  handler.ContextHandler (ContextHandler.java:doStart(921)) - Started o.e.j.s.ServletContextHandler@7a827acd{logs,/logs,file:///home/runner/work/ozone/ozone/hadoop-ozone/integration-test/target/log,AVAILABLE}
2022-12-19 18:39:17,474 [Listener at 127.0.0.1/45319] INFO  handler.ContextHandler (ContextHandler.java:doStart(921)) - Started o.e.j.s.ServletContextHandler@c9c947e{static,/static,jar:file:/home/runner/.m2/repository/org/apache/ozone/hdds-container-service/1.3.0-SNAPSHOT/hdds-container-service-1.3.0-SNAPSHOT.jar!/webapps/static,AVAILABLE}
2022-12-19 18:39:17,655 [Listener at 127.0.0.1/45319] INFO  handler.ContextHandler (ContextHandler.java:doStart(921)) - Started o.e.j.w.WebAppContext@6c9ff4dd{hddsDatanode,/,file:///tmp/jetty-0_0_0_0-43099-hdds-container-service-1_3_0-SNAPSHOT_jar-_-any-3399666823835204274/webapp/,AVAILABLE}{jar:file:/home/runner/.m2/repository/org/apache/ozone/hdds-container-service/1.3.0-SNAPSHOT/hdds-container-service-1.3.0-SNAPSHOT.jar!/webapps/hddsDatanode}
2022-12-19 18:39:17,659 [Listener at 127.0.0.1/45319] INFO  server.AbstractConnector (AbstractConnector.java:doStart(333)) - Started ServerConnector@72416b53{HTTP/1.1, (http/1.1)}{0.0.0.0:43099}
2022-12-19 18:39:17,659 [Listener at 127.0.0.1/45319] INFO  server.Server (Server.java:doStart(415)) - Started @45148ms
2022-12-19 18:39:17,659 [Listener at 127.0.0.1/45319] WARN  impl.MetricsSystemImpl (MetricsSystemImpl.java:register(279)) - Sink prometheus already exists!
2022-12-19 18:39:17,660 [Listener at 127.0.0.1/45319] INFO  http.BaseHttpServer (BaseHttpServer.java:updateConnectorAddress(333)) - HTTP server of hddsDatanode listening at http://0.0.0.0:43099
2022-12-19 18:39:17,664 [Listener at 127.0.0.1/45319] WARN  impl.MetricRegistriesImpl (MetricRegistriesImpl.java:addReporterRegistration(111)) - New reporters are added after registries were created. Some metrics will be missing from the reporter. Please add reporter before adding any new registry.
2022-12-19 18:39:17,664 [Listener at 127.0.0.1/45319] WARN  impl.MetricRegistriesImpl (MetricRegistriesImpl.java:addReporterRegistration(111)) - New reporters are added after registries were created. Some metrics will be missing from the reporter. Please add reporter before adding any new registry.
2022-12-19 18:39:17,664 [Listener at 127.0.0.1/45319] INFO  impl.MetricsSystemImpl (MetricsSystemImpl.java:init(158)) - HddsDatanode metrics system started (again)
2022-12-19 18:39:17,667 [Datanode State Machine Daemon Thread] INFO  statemachine.DatanodeStateMachine (DatanodeStateMachine.java:lambda$startDaemon$0(509)) - Ozone container server started.
2022-12-19 18:39:17,677 [Listener at 127.0.0.1/45319] INFO  ozone.HddsDatanodeService (HddsDatanodeService.java:start(236)) - HddsDatanodeService host:fv-az353-760.tkyx2seitsuu3nmpmouz2httfb.bx.internal.cloudapp.net ip:10.1.0.24
2022-12-19 18:39:17,695 [org.apache.hadoop.util.JvmPauseMonitor$Monitor@63088914] INFO  util.JvmPauseMonitor (JvmPauseMonitor.java:run(188)) - Starting JVM pause monitor
2022-12-19 18:39:17,701 [Datanode State Machine Task Thread - 0] INFO  datanode.InitDatanodeState (InitDatanodeState.java:persistContainerDatanodeDetails(138)) - DatanodeDetails is persisted to /home/runner/work/ozone/ozone/hadoop-ozone/integration-test/target/test-dir/MiniOzoneClusterImpl-90c20adc-2d54-4d1b-8da5-d2480cc87ad8/datanode-0/meta/datanode.id
2022-12-19 18:39:17,706 [Listener at 127.0.0.1/45319] INFO  upgrade.AbstractLayoutVersionManager (AbstractLayoutVersionManager.java:init(83)) - Initializing Layout version manager with metadata layout = DATANODE_SCHEMA_V3 (version = 4), software layout = DATANODE_SCHEMA_V3 (version = 4)
2022-12-19 18:39:17,749 [Listener at 127.0.0.1/45319] INFO  reflections.Reflections (Reflections.java:scan(232)) - Reflections took 42 ms to scan 7 urls, producing 146 keys and 348 values 
2022-12-19 18:39:17,751 [Listener at 127.0.0.1/45319] INFO  statemachine.DatanodeStateMachine (DatanodeStateMachine.java:getEndPointTaskThreadPoolSize(249)) - Datanode State Machine Task Thread Pool size 2
2022-12-19 18:39:17,752 [Listener at 127.0.0.1/45319] INFO  volume.HddsVolume (HddsVolume.java:<init>(117)) - Creating HddsVolume: /home/runner/work/ozone/ozone/hadoop-ozone/integration-test/target/test-dir/MiniOzoneClusterImpl-90c20adc-2d54-4d1b-8da5-d2480cc87ad8/datanode-1/data-0/containers/hdds of storage type : DISK capacity : 9223372036854775807
2022-12-19 18:39:17,752 [Listener at 127.0.0.1/45319] INFO  volume.MutableVolumeSet (MutableVolumeSet.java:initializeVolumeSet(174)) - Added Volume : /home/runner/work/ozone/ozone/hadoop-ozone/integration-test/target/test-dir/MiniOzoneClusterImpl-90c20adc-2d54-4d1b-8da5-d2480cc87ad8/datanode-1/data-0/containers/hdds to VolumeSet
2022-12-19 18:39:17,752 [Listener at 127.0.0.1/45319] INFO  volume.ThrottledAsyncChecker (ThrottledAsyncChecker.java:schedule(141)) - Scheduling a check for /home/runner/work/ozone/ozone/hadoop-ozone/integration-test/target/test-dir/MiniOzoneClusterImpl-90c20adc-2d54-4d1b-8da5-d2480cc87ad8/datanode-1/data-0/containers/hdds
2022-12-19 18:39:17,753 [Listener at 127.0.0.1/45319] INFO  volume.StorageVolumeChecker (StorageVolumeChecker.java:checkAllVolumes(202)) - Scheduled health check for volume /home/runner/work/ozone/ozone/hadoop-ozone/integration-test/target/test-dir/MiniOzoneClusterImpl-90c20adc-2d54-4d1b-8da5-d2480cc87ad8/datanode-1/data-0/containers/hdds
2022-12-19 18:39:17,764 [Listener at 127.0.0.1/45319] INFO  volume.MutableVolumeSet (MutableVolumeSet.java:initializeVolumeSet(174)) - Added Volume : /home/runner/work/ozone/ozone/hadoop-ozone/integration-test/target/test-dir/MiniOzoneClusterImpl-90c20adc-2d54-4d1b-8da5-d2480cc87ad8/datanode-1/data/ratis to VolumeSet
2022-12-19 18:39:17,764 [Listener at 127.0.0.1/45319] INFO  volume.ThrottledAsyncChecker (ThrottledAsyncChecker.java:schedule(141)) - Scheduling a check for /home/runner/work/ozone/ozone/hadoop-ozone/integration-test/target/test-dir/MiniOzoneClusterImpl-90c20adc-2d54-4d1b-8da5-d2480cc87ad8/datanode-1/data/ratis
2022-12-19 18:39:17,764 [Listener at 127.0.0.1/45319] INFO  volume.StorageVolumeChecker (StorageVolumeChecker.java:checkAllVolumes(202)) - Scheduled health check for volume /home/runner/work/ozone/ozone/hadoop-ozone/integration-test/target/test-dir/MiniOzoneClusterImpl-90c20adc-2d54-4d1b-8da5-d2480cc87ad8/datanode-1/data/ratis
2022-12-19 18:39:17,774 [Thread-598] INFO  ozoneimpl.ContainerReader (ContainerReader.java:readVolume(175)) - Finish verifying containers on volume /home/runner/work/ozone/ozone/hadoop-ozone/integration-test/target/test-dir/MiniOzoneClusterImpl-90c20adc-2d54-4d1b-8da5-d2480cc87ad8/datanode-1/data-0/containers/hdds
2022-12-19 18:39:17,774 [Listener at 127.0.0.1/45319] INFO  ozoneimpl.OzoneContainer (OzoneContainer.java:buildContainerSet(301)) - Build ContainerSet costs 0s
2022-12-19 18:39:17,776 [Listener at 127.0.0.1/45319] INFO  server.RaftServer (ConfUtils.java:logGet(46)) - raft.rpc.type = GRPC (default)
2022-12-19 18:39:17,777 [Listener at 127.0.0.1/45319] INFO  grpc.GrpcConfigKeys (ConfUtils.java:logFallback(53)) - raft.grpc.admin.host = null (fallback to raft.grpc.server.host)
2022-12-19 18:39:17,777 [Listener at 127.0.0.1/45319] INFO  grpc.GrpcConfigKeys (ConfUtils.java:logGet(46)) - raft.grpc.admin.port = 0 (custom)
2022-12-19 18:39:17,777 [Listener at 127.0.0.1/45319] INFO  grpc.GrpcConfigKeys (ConfUtils.java:logFallback(53)) - raft.grpc.client.host = null (fallback to raft.grpc.server.host)
2022-12-19 18:39:17,777 [Listener at 127.0.0.1/45319] INFO  grpc.GrpcConfigKeys (ConfUtils.java:logGet(46)) - raft.grpc.client.port = 0 (custom)
2022-12-19 18:39:17,777 [Listener at 127.0.0.1/45319] INFO  grpc.GrpcConfigKeys (ConfUtils.java:logGet(46)) - raft.grpc.server.host = null (default)
2022-12-19 18:39:17,777 [Listener at 127.0.0.1/45319] INFO  grpc.GrpcConfigKeys (ConfUtils.java:logGet(46)) - raft.grpc.server.port = 0 (default)
2022-12-19 18:39:17,777 [Listener at 127.0.0.1/45319] INFO  server.GrpcService (ConfUtils.java:logGet(46)) - raft.grpc.message.size.max = 32MB (=33554432) (custom)
2022-12-19 18:39:17,777 [Listener at 127.0.0.1/45319] INFO  server.RaftServerConfigKeys (ConfUtils.java:logGet(46)) - raft.server.log.appender.buffer.byte-limit = 33554432 (custom)
2022-12-19 18:39:17,777 [Listener at 127.0.0.1/45319] INFO  server.GrpcService (ConfUtils.java:logGet(46)) - raft.grpc.flow.control.window = 5MB (=5242880) (custom)
2022-12-19 18:39:17,778 [Listener at 127.0.0.1/45319] INFO  server.RaftServerConfigKeys (ConfUtils.java:logGet(46)) - raft.server.rpc.request.timeout = 60s (custom)
2022-12-19 18:39:17,778 [Listener at 127.0.0.1/45319] INFO  grpc.GrpcConfigKeys (ConfUtils.java:logGet(46)) - raft.grpc.server.heartbeat.channel = true (default)
2022-12-19 18:39:17,778 [Listener at 127.0.0.1/45319] INFO  grpc.GrpcConfigKeys (ConfUtils.java:logGet(46)) - raft.grpc.server.async.request.thread.pool.cached = true (default)
2022-12-19 18:39:17,778 [Listener at 127.0.0.1/45319] INFO  grpc.GrpcConfigKeys (ConfUtils.java:logGet(46)) - raft.grpc.server.async.request.thread.pool.size = 32 (default)
2022-12-19 18:39:17,779 [Listener at 127.0.0.1/45319] INFO  impl.DataStreamServerImpl (ConfUtils.java:logGet(46)) - raft.datastream.type = NETTY (custom)
2022-12-19 18:39:17,779 [Listener at 127.0.0.1/45319] INFO  server.RaftServerConfigKeys (ConfUtils.java:logGet(46)) - raft.server.data-stream.async.request.thread.pool.cached = false (default)
2022-12-19 18:39:17,779 [Listener at 127.0.0.1/45319] INFO  server.RaftServerConfigKeys (ConfUtils.java:logGet(46)) - raft.server.data-stream.async.request.thread.pool.size = 20 (custom)
2022-12-19 18:39:17,779 [Listener at 127.0.0.1/45319] INFO  server.RaftServerConfigKeys (ConfUtils.java:logGet(46)) - raft.server.data-stream.async.write.thread.pool.size = 16 (default)
2022-12-19 18:39:17,779 [Listener at 127.0.0.1/45319] INFO  server.RaftServerConfigKeys (ConfUtils.java:logGet(46)) - raft.server.data-stream.client.pool.size = 10 (default)
2022-12-19 18:39:17,779 [Listener at 127.0.0.1/45319] INFO  netty.NettyConfigKeys$DataStream (ConfUtils.java:logGet(46)) - raft.netty.dataStream.server.use-epoll = false (default)
2022-12-19 18:39:17,780 [Listener at 127.0.0.1/45319] INFO  netty.NettyConfigKeys$DataStream (ConfUtils.java:logGet(46)) - raft.netty.dataStream.server.boss-group.size = 0 (default)
2022-12-19 18:39:17,780 [Listener at 127.0.0.1/45319] INFO  netty.NettyConfigKeys$DataStream (ConfUtils.java:logGet(46)) - raft.netty.dataStream.server.worker-group.size = 0 (default)
2022-12-19 18:39:17,780 [Listener at 127.0.0.1/45319] INFO  netty.NettyConfigKeys$DataStream (ConfUtils.java:logGet(46)) - raft.netty.dataStream.server.tls.conf = null (default)
2022-12-19 18:39:17,780 [Listener at 127.0.0.1/45319] INFO  netty.NettyConfigKeys$DataStream (ConfUtils.java:logGet(46)) - raft.netty.dataStream.host = null (default)
2022-12-19 18:39:17,780 [Listener at 127.0.0.1/45319] INFO  netty.NettyConfigKeys$DataStream (ConfUtils.java:logGet(46)) - raft.netty.dataStream.port = 0 (default)
2022-12-19 18:39:17,781 [Listener at 127.0.0.1/45319] INFO  server.RaftServerConfigKeys (ConfUtils.java:logGet(46)) - raft.server.threadpool.proxy.cached = true (default)
2022-12-19 18:39:17,781 [Listener at 127.0.0.1/45319] INFO  server.RaftServerConfigKeys (ConfUtils.java:logGet(46)) - raft.server.threadpool.proxy.size = 0 (default)
2022-12-19 18:39:17,781 [Listener at 127.0.0.1/45319] INFO  server.RaftServerConfigKeys (ConfUtils.java:logGet(46)) - raft.server.rpc.slowness.timeout = 300s (custom)
2022-12-19 18:39:17,781 [Listener at 127.0.0.1/45319] INFO  server.RaftServerConfigKeys (ConfUtils.java:logGet(46)) - raft.server.leaderelection.leader.step-down.wait-time = 10s (default)
2022-12-19 18:39:17,781 [Listener at 127.0.0.1/45319] INFO  server.RaftServerConfigKeys (ConfUtils.java:logGet(46)) - raft.server.storage.dir = [/home/runner/work/ozone/ozone/hadoop-ozone/integration-test/target/test-dir/MiniOzoneClusterImpl-90c20adc-2d54-4d1b-8da5-d2480cc87ad8/datanode-1/data/ratis] (custom)
2022-12-19 18:39:17,782 [e72e8305-aa7c-42f4-a8e1-859d068dd798-NettyServerStreamRpc-bossGroup--thread1] INFO  logging.LoggingHandler (AbstractInternalLogger.java:log(148)) - [id: 0x511e4d7e] REGISTERED
2022-12-19 18:39:17,782 [e72e8305-aa7c-42f4-a8e1-859d068dd798-NettyServerStreamRpc-bossGroup--thread1] INFO  logging.LoggingHandler (AbstractInternalLogger.java:log(148)) - [id: 0x511e4d7e] BIND: 0.0.0.0/0.0.0.0:0
2022-12-19 18:39:17,782 [e72e8305-aa7c-42f4-a8e1-859d068dd798-NettyServerStreamRpc-bossGroup--thread1] INFO  logging.LoggingHandler (AbstractInternalLogger.java:log(148)) - [id: 0x511e4d7e, L:/0:0:0:0:0:0:0:0:44743] ACTIVE
2022-12-19 18:39:17,783 [Listener at 127.0.0.1/45319] INFO  server.XceiverServerGrpc (XceiverServerGrpc.java:<init>(132)) - GrpcServer channel type EpollServerSocketChannel
2022-12-19 18:39:17,788 [Listener at 127.0.0.1/45319] INFO  http.BaseHttpServer (BaseHttpServer.java:newHttpServer2BuilderForOzone(213)) - Starting Web-server for hddsDatanode at: http://0.0.0.0:0
2022-12-19 18:39:17,788 [Listener at 127.0.0.1/45319] INFO  http.BaseHttpServer (BaseHttpServer.java:<init>(108)) - Hadoop Security Enabled: false Ozone Security Enabled: false Ozone HTTP Security Enabled: false 
2022-12-19 18:39:17,789 [Listener at 127.0.0.1/45319] WARN  server.AuthenticationFilter (AuthenticationFilter.java:constructSecretProvider(240)) - Unable to initialize FileSignerSecretProvider, falling back to use random secrets. Reason: Could not read signature secret file: /home/runner/hadoop-http-auth-signature-secret
2022-12-19 18:39:17,790 [Listener at 127.0.0.1/45319] WARN  http.HttpRequestLog (HttpRequestLog.java:getRequestLog(103)) - Jetty request log can only be enabled using Log4j
2022-12-19 18:39:17,791 [Listener at 127.0.0.1/45319] INFO  http.HttpServer2 (HttpServer2.java:addGlobalFilter(1031)) - Added global filter 'safety' (class=org.apache.hadoop.hdds.server.http.HttpServer2$QuotingInputFilter)
2022-12-19 18:39:17,791 [Listener at 127.0.0.1/45319] INFO  http.HttpServer2 (HttpServer2.java:addFilter(1007)) - Added filter static_user_filter (class=org.apache.hadoop.http.lib.StaticUserWebFilter$StaticUserFilter) to context hddsDatanode
2022-12-19 18:39:17,791 [Listener at 127.0.0.1/45319] INFO  http.HttpServer2 (HttpServer2.java:addFilter(1015)) - Added filter static_user_filter (class=org.apache.hadoop.http.lib.StaticUserWebFilter$StaticUserFilter) to context logs
2022-12-19 18:39:17,792 [Listener at 127.0.0.1/45319] INFO  http.HttpServer2 (HttpServer2.java:addFilter(1015)) - Added filter static_user_filter (class=org.apache.hadoop.http.lib.StaticUserWebFilter$StaticUserFilter) to context static
2022-12-19 18:39:17,792 [Listener at 127.0.0.1/45319] INFO  http.HttpServer2 (HttpServer2.java:bindListener(1250)) - Jetty bound to port 45235
2022-12-19 18:39:17,792 [Listener at 127.0.0.1/45319] INFO  server.Server (Server.java:doStart(375)) - jetty-9.4.49.v20220914; built: 2022-09-14T01:07:36.601Z; git: 4231a3b2e4cb8548a412a789936d640a97b1aa0a; jvm 1.8.0_352-b08
2022-12-19 18:39:17,793 [Listener at 127.0.0.1/45319] INFO  server.session (DefaultSessionIdManager.java:doStart(334)) - DefaultSessionIdManager workerName=node0
2022-12-19 18:39:17,793 [Listener at 127.0.0.1/45319] INFO  server.session (DefaultSessionIdManager.java:doStart(339)) - No SessionScavenger set, using defaults
2022-12-19 18:39:17,794 [Listener at 127.0.0.1/45319] INFO  server.session (HouseKeeper.java:startScavenging(132)) - node0 Scavenging every 660000ms
2022-12-19 18:39:17,794 [Listener at 127.0.0.1/45319] INFO  handler.ContextHandler (ContextHandler.java:doStart(921)) - Started o.e.j.s.ServletContextHandler@60695275{logs,/logs,file:///home/runner/work/ozone/ozone/hadoop-ozone/integration-test/target/log,AVAILABLE}
2022-12-19 18:39:17,795 [Listener at 127.0.0.1/45319] INFO  handler.ContextHandler (ContextHandler.java:doStart(921)) - Started o.e.j.s.ServletContextHandler@207f36b3{static,/static,jar:file:/home/runner/.m2/repository/org/apache/ozone/hdds-container-service/1.3.0-SNAPSHOT/hdds-container-service-1.3.0-SNAPSHOT.jar!/webapps/static,AVAILABLE}
2022-12-19 18:39:17,966 [Listener at 127.0.0.1/45319] INFO  handler.ContextHandler (ContextHandler.java:doStart(921)) - Started o.e.j.w.WebAppContext@34ef29c5{hddsDatanode,/,file:///tmp/jetty-0_0_0_0-45235-hdds-container-service-1_3_0-SNAPSHOT_jar-_-any-8698543412898988520/webapp/,AVAILABLE}{jar:file:/home/runner/.m2/repository/org/apache/ozone/hdds-container-service/1.3.0-SNAPSHOT/hdds-container-service-1.3.0-SNAPSHOT.jar!/webapps/hddsDatanode}
2022-12-19 18:39:17,967 [Listener at 127.0.0.1/45319] INFO  server.AbstractConnector (AbstractConnector.java:doStart(333)) - Started ServerConnector@13674b28{HTTP/1.1, (http/1.1)}{0.0.0.0:45235}
2022-12-19 18:39:17,967 [Listener at 127.0.0.1/45319] INFO  server.Server (Server.java:doStart(415)) - Started @45456ms
2022-12-19 18:39:17,967 [Listener at 127.0.0.1/45319] WARN  impl.MetricsSystemImpl (MetricsSystemImpl.java:register(279)) - Sink prometheus already exists!
2022-12-19 18:39:17,968 [Listener at 127.0.0.1/45319] INFO  http.BaseHttpServer (BaseHttpServer.java:updateConnectorAddress(333)) - HTTP server of hddsDatanode listening at http://0.0.0.0:45235
2022-12-19 18:39:17,973 [Datanode State Machine Daemon Thread] INFO  statemachine.DatanodeStateMachine (DatanodeStateMachine.java:lambda$startDaemon$0(509)) - Ozone container server started.
2022-12-19 18:39:17,973 [Listener at 127.0.0.1/45319] WARN  impl.MetricRegistriesImpl (MetricRegistriesImpl.java:addReporterRegistration(111)) - New reporters are added after registries were created. Some metrics will be missing from the reporter. Please add reporter before adding any new registry.
2022-12-19 18:39:17,974 [Listener at 127.0.0.1/45319] WARN  impl.MetricRegistriesImpl (MetricRegistriesImpl.java:addReporterRegistration(111)) - New reporters are added after registries were created. Some metrics will be missing from the reporter. Please add reporter before adding any new registry.
2022-12-19 18:39:17,974 [Listener at 127.0.0.1/45319] INFO  impl.MetricsSystemImpl (MetricsSystemImpl.java:init(158)) - HddsDatanode metrics system started (again)
2022-12-19 18:39:17,985 [Listener at 127.0.0.1/45319] INFO  ozone.HddsDatanodeService (HddsDatanodeService.java:start(236)) - HddsDatanodeService host:fv-az353-760.tkyx2seitsuu3nmpmouz2httfb.bx.internal.cloudapp.net ip:10.1.0.24
2022-12-19 18:39:17,985 [org.apache.hadoop.util.JvmPauseMonitor$Monitor@3a99049] INFO  util.JvmPauseMonitor (JvmPauseMonitor.java:run(188)) - Starting JVM pause monitor
2022-12-19 18:39:17,991 [Datanode State Machine Task Thread - 0] INFO  datanode.InitDatanodeState (InitDatanodeState.java:persistContainerDatanodeDetails(138)) - DatanodeDetails is persisted to /home/runner/work/ozone/ozone/hadoop-ozone/integration-test/target/test-dir/MiniOzoneClusterImpl-90c20adc-2d54-4d1b-8da5-d2480cc87ad8/datanode-1/meta/datanode.id
2022-12-19 18:39:18,008 [Listener at 127.0.0.1/45319] INFO  upgrade.AbstractLayoutVersionManager (AbstractLayoutVersionManager.java:init(83)) - Initializing Layout version manager with metadata layout = DATANODE_SCHEMA_V3 (version = 4), software layout = DATANODE_SCHEMA_V3 (version = 4)
2022-12-19 18:39:18,053 [Listener at 127.0.0.1/45319] INFO  reflections.Reflections (Reflections.java:scan(232)) - Reflections took 45 ms to scan 7 urls, producing 146 keys and 348 values 
2022-12-19 18:39:18,054 [Listener at 127.0.0.1/45319] INFO  statemachine.DatanodeStateMachine (DatanodeStateMachine.java:getEndPointTaskThreadPoolSize(249)) - Datanode State Machine Task Thread Pool size 2
2022-12-19 18:39:18,056 [Listener at 127.0.0.1/45319] INFO  volume.HddsVolume (HddsVolume.java:<init>(117)) - Creating HddsVolume: /home/runner/work/ozone/ozone/hadoop-ozone/integration-test/target/test-dir/MiniOzoneClusterImpl-90c20adc-2d54-4d1b-8da5-d2480cc87ad8/datanode-2/data-0/containers/hdds of storage type : DISK capacity : 9223372036854775807
2022-12-19 18:39:18,056 [Listener at 127.0.0.1/45319] INFO  volume.MutableVolumeSet (MutableVolumeSet.java:initializeVolumeSet(174)) - Added Volume : /home/runner/work/ozone/ozone/hadoop-ozone/integration-test/target/test-dir/MiniOzoneClusterImpl-90c20adc-2d54-4d1b-8da5-d2480cc87ad8/datanode-2/data-0/containers/hdds to VolumeSet
2022-12-19 18:39:18,056 [Listener at 127.0.0.1/45319] INFO  volume.ThrottledAsyncChecker (ThrottledAsyncChecker.java:schedule(141)) - Scheduling a check for /home/runner/work/ozone/ozone/hadoop-ozone/integration-test/target/test-dir/MiniOzoneClusterImpl-90c20adc-2d54-4d1b-8da5-d2480cc87ad8/datanode-2/data-0/containers/hdds
2022-12-19 18:39:18,058 [Listener at 127.0.0.1/45319] INFO  volume.StorageVolumeChecker (StorageVolumeChecker.java:checkAllVolumes(202)) - Scheduled health check for volume /home/runner/work/ozone/ozone/hadoop-ozone/integration-test/target/test-dir/MiniOzoneClusterImpl-90c20adc-2d54-4d1b-8da5-d2480cc87ad8/datanode-2/data-0/containers/hdds
2022-12-19 18:39:18,070 [Listener at 127.0.0.1/45319] INFO  volume.MutableVolumeSet (MutableVolumeSet.java:initializeVolumeSet(174)) - Added Volume : /home/runner/work/ozone/ozone/hadoop-ozone/integration-test/target/test-dir/MiniOzoneClusterImpl-90c20adc-2d54-4d1b-8da5-d2480cc87ad8/datanode-2/data/ratis to VolumeSet
2022-12-19 18:39:18,070 [Listener at 127.0.0.1/45319] INFO  volume.ThrottledAsyncChecker (ThrottledAsyncChecker.java:schedule(141)) - Scheduling a check for /home/runner/work/ozone/ozone/hadoop-ozone/integration-test/target/test-dir/MiniOzoneClusterImpl-90c20adc-2d54-4d1b-8da5-d2480cc87ad8/datanode-2/data/ratis
2022-12-19 18:39:18,070 [Listener at 127.0.0.1/45319] INFO  volume.StorageVolumeChecker (StorageVolumeChecker.java:checkAllVolumes(202)) - Scheduled health check for volume /home/runner/work/ozone/ozone/hadoop-ozone/integration-test/target/test-dir/MiniOzoneClusterImpl-90c20adc-2d54-4d1b-8da5-d2480cc87ad8/datanode-2/data/ratis
2022-12-19 18:39:18,080 [Thread-612] INFO  ozoneimpl.ContainerReader (ContainerReader.java:readVolume(175)) - Finish verifying containers on volume /home/runner/work/ozone/ozone/hadoop-ozone/integration-test/target/test-dir/MiniOzoneClusterImpl-90c20adc-2d54-4d1b-8da5-d2480cc87ad8/datanode-2/data-0/containers/hdds
2022-12-19 18:39:18,080 [Listener at 127.0.0.1/45319] INFO  ozoneimpl.OzoneContainer (OzoneContainer.java:buildContainerSet(301)) - Build ContainerSet costs 0s
2022-12-19 18:39:18,082 [Listener at 127.0.0.1/45319] INFO  server.RaftServer (ConfUtils.java:logGet(46)) - raft.rpc.type = GRPC (default)
2022-12-19 18:39:18,083 [Listener at 127.0.0.1/45319] INFO  grpc.GrpcConfigKeys (ConfUtils.java:logFallback(53)) - raft.grpc.admin.host = null (fallback to raft.grpc.server.host)
2022-12-19 18:39:18,083 [Listener at 127.0.0.1/45319] INFO  grpc.GrpcConfigKeys (ConfUtils.java:logGet(46)) - raft.grpc.admin.port = 0 (custom)
2022-12-19 18:39:18,083 [Listener at 127.0.0.1/45319] INFO  grpc.GrpcConfigKeys (ConfUtils.java:logFallback(53)) - raft.grpc.client.host = null (fallback to raft.grpc.server.host)
2022-12-19 18:39:18,083 [Listener at 127.0.0.1/45319] INFO  grpc.GrpcConfigKeys (ConfUtils.java:logGet(46)) - raft.grpc.client.port = 0 (custom)
2022-12-19 18:39:18,083 [Listener at 127.0.0.1/45319] INFO  grpc.GrpcConfigKeys (ConfUtils.java:logGet(46)) - raft.grpc.server.host = null (default)
2022-12-19 18:39:18,083 [Listener at 127.0.0.1/45319] INFO  grpc.GrpcConfigKeys (ConfUtils.java:logGet(46)) - raft.grpc.server.port = 0 (default)
2022-12-19 18:39:18,083 [Listener at 127.0.0.1/45319] INFO  server.GrpcService (ConfUtils.java:logGet(46)) - raft.grpc.message.size.max = 32MB (=33554432) (custom)
2022-12-19 18:39:18,083 [Listener at 127.0.0.1/45319] INFO  server.RaftServerConfigKeys (ConfUtils.java:logGet(46)) - raft.server.log.appender.buffer.byte-limit = 33554432 (custom)
2022-12-19 18:39:18,084 [Listener at 127.0.0.1/45319] INFO  server.GrpcService (ConfUtils.java:logGet(46)) - raft.grpc.flow.control.window = 5MB (=5242880) (custom)
2022-12-19 18:39:18,084 [Listener at 127.0.0.1/45319] INFO  server.RaftServerConfigKeys (ConfUtils.java:logGet(46)) - raft.server.rpc.request.timeout = 60s (custom)
2022-12-19 18:39:18,084 [Listener at 127.0.0.1/45319] INFO  grpc.GrpcConfigKeys (ConfUtils.java:logGet(46)) - raft.grpc.server.heartbeat.channel = true (default)
2022-12-19 18:39:18,084 [Listener at 127.0.0.1/45319] INFO  grpc.GrpcConfigKeys (ConfUtils.java:logGet(46)) - raft.grpc.server.async.request.thread.pool.cached = true (default)
2022-12-19 18:39:18,084 [Listener at 127.0.0.1/45319] INFO  grpc.GrpcConfigKeys (ConfUtils.java:logGet(46)) - raft.grpc.server.async.request.thread.pool.size = 32 (default)
2022-12-19 18:39:18,085 [Listener at 127.0.0.1/45319] INFO  impl.DataStreamServerImpl (ConfUtils.java:logGet(46)) - raft.datastream.type = NETTY (custom)
2022-12-19 18:39:18,085 [Listener at 127.0.0.1/45319] INFO  server.RaftServerConfigKeys (ConfUtils.java:logGet(46)) - raft.server.data-stream.async.request.thread.pool.cached = false (default)
2022-12-19 18:39:18,085 [Listener at 127.0.0.1/45319] INFO  server.RaftServerConfigKeys (ConfUtils.java:logGet(46)) - raft.server.data-stream.async.request.thread.pool.size = 20 (custom)
2022-12-19 18:39:18,085 [Listener at 127.0.0.1/45319] INFO  server.RaftServerConfigKeys (ConfUtils.java:logGet(46)) - raft.server.data-stream.async.write.thread.pool.size = 16 (default)
2022-12-19 18:39:18,085 [Listener at 127.0.0.1/45319] INFO  server.RaftServerConfigKeys (ConfUtils.java:logGet(46)) - raft.server.data-stream.client.pool.size = 10 (default)
2022-12-19 18:39:18,086 [Listener at 127.0.0.1/45319] INFO  netty.NettyConfigKeys$DataStream (ConfUtils.java:logGet(46)) - raft.netty.dataStream.server.use-epoll = false (default)
2022-12-19 18:39:18,086 [Listener at 127.0.0.1/45319] INFO  netty.NettyConfigKeys$DataStream (ConfUtils.java:logGet(46)) - raft.netty.dataStream.server.boss-group.size = 0 (default)
2022-12-19 18:39:18,086 [Listener at 127.0.0.1/45319] INFO  netty.NettyConfigKeys$DataStream (ConfUtils.java:logGet(46)) - raft.netty.dataStream.server.worker-group.size = 0 (default)
2022-12-19 18:39:18,086 [Listener at 127.0.0.1/45319] INFO  netty.NettyConfigKeys$DataStream (ConfUtils.java:logGet(46)) - raft.netty.dataStream.server.tls.conf = null (default)
2022-12-19 18:39:18,086 [Listener at 127.0.0.1/45319] INFO  netty.NettyConfigKeys$DataStream (ConfUtils.java:logGet(46)) - raft.netty.dataStream.host = null (default)
2022-12-19 18:39:18,086 [Listener at 127.0.0.1/45319] INFO  netty.NettyConfigKeys$DataStream (ConfUtils.java:logGet(46)) - raft.netty.dataStream.port = 0 (default)
2022-12-19 18:39:18,087 [Listener at 127.0.0.1/45319] INFO  server.RaftServerConfigKeys (ConfUtils.java:logGet(46)) - raft.server.threadpool.proxy.cached = true (default)
2022-12-19 18:39:18,087 [Listener at 127.0.0.1/45319] INFO  server.RaftServerConfigKeys (ConfUtils.java:logGet(46)) - raft.server.threadpool.proxy.size = 0 (default)
2022-12-19 18:39:18,087 [Listener at 127.0.0.1/45319] INFO  server.RaftServerConfigKeys (ConfUtils.java:logGet(46)) - raft.server.rpc.slowness.timeout = 300s (custom)
2022-12-19 18:39:18,087 [Listener at 127.0.0.1/45319] INFO  server.RaftServerConfigKeys (ConfUtils.java:logGet(46)) - raft.server.leaderelection.leader.step-down.wait-time = 10s (default)
2022-12-19 18:39:18,087 [Listener at 127.0.0.1/45319] INFO  server.RaftServerConfigKeys (ConfUtils.java:logGet(46)) - raft.server.storage.dir = [/home/runner/work/ozone/ozone/hadoop-ozone/integration-test/target/test-dir/MiniOzoneClusterImpl-90c20adc-2d54-4d1b-8da5-d2480cc87ad8/datanode-2/data/ratis] (custom)
2022-12-19 18:39:18,088 [6d5a55a6-b535-46b1-9113-4eddd06c74b3-NettyServerStreamRpc-bossGroup--thread1] INFO  logging.LoggingHandler (AbstractInternalLogger.java:log(148)) - [id: 0x2dc3c120] REGISTERED
2022-12-19 18:39:18,088 [6d5a55a6-b535-46b1-9113-4eddd06c74b3-NettyServerStreamRpc-bossGroup--thread1] INFO  logging.LoggingHandler (AbstractInternalLogger.java:log(148)) - [id: 0x2dc3c120] BIND: 0.0.0.0/0.0.0.0:0
2022-12-19 18:39:18,088 [6d5a55a6-b535-46b1-9113-4eddd06c74b3-NettyServerStreamRpc-bossGroup--thread1] INFO  logging.LoggingHandler (AbstractInternalLogger.java:log(148)) - [id: 0x2dc3c120, L:/0:0:0:0:0:0:0:0:34289] ACTIVE
2022-12-19 18:39:18,092 [Listener at 127.0.0.1/45319] INFO  server.XceiverServerGrpc (XceiverServerGrpc.java:<init>(132)) - GrpcServer channel type EpollServerSocketChannel
2022-12-19 18:39:18,095 [Listener at 127.0.0.1/45319] INFO  http.BaseHttpServer (BaseHttpServer.java:newHttpServer2BuilderForOzone(213)) - Starting Web-server for hddsDatanode at: http://0.0.0.0:0
2022-12-19 18:39:18,095 [Listener at 127.0.0.1/45319] INFO  http.BaseHttpServer (BaseHttpServer.java:<init>(108)) - Hadoop Security Enabled: false Ozone Security Enabled: false Ozone HTTP Security Enabled: false 
2022-12-19 18:39:18,096 [Listener at 127.0.0.1/45319] WARN  server.AuthenticationFilter (AuthenticationFilter.java:constructSecretProvider(240)) - Unable to initialize FileSignerSecretProvider, falling back to use random secrets. Reason: Could not read signature secret file: /home/runner/hadoop-http-auth-signature-secret
2022-12-19 18:39:18,096 [Listener at 127.0.0.1/45319] WARN  http.HttpRequestLog (HttpRequestLog.java:getRequestLog(103)) - Jetty request log can only be enabled using Log4j
2022-12-19 18:39:18,098 [Listener at 127.0.0.1/45319] INFO  http.HttpServer2 (HttpServer2.java:addGlobalFilter(1031)) - Added global filter 'safety' (class=org.apache.hadoop.hdds.server.http.HttpServer2$QuotingInputFilter)
2022-12-19 18:39:18,099 [Listener at 127.0.0.1/45319] INFO  http.HttpServer2 (HttpServer2.java:addFilter(1007)) - Added filter static_user_filter (class=org.apache.hadoop.http.lib.StaticUserWebFilter$StaticUserFilter) to context hddsDatanode
2022-12-19 18:39:18,099 [Listener at 127.0.0.1/45319] INFO  http.HttpServer2 (HttpServer2.java:addFilter(1015)) - Added filter static_user_filter (class=org.apache.hadoop.http.lib.StaticUserWebFilter$StaticUserFilter) to context logs
2022-12-19 18:39:18,099 [Listener at 127.0.0.1/45319] INFO  http.HttpServer2 (HttpServer2.java:addFilter(1015)) - Added filter static_user_filter (class=org.apache.hadoop.http.lib.StaticUserWebFilter$StaticUserFilter) to context static
2022-12-19 18:39:18,100 [Listener at 127.0.0.1/45319] INFO  http.HttpServer2 (HttpServer2.java:bindListener(1250)) - Jetty bound to port 46125
2022-12-19 18:39:18,100 [Listener at 127.0.0.1/45319] INFO  server.Server (Server.java:doStart(375)) - jetty-9.4.49.v20220914; built: 2022-09-14T01:07:36.601Z; git: 4231a3b2e4cb8548a412a789936d640a97b1aa0a; jvm 1.8.0_352-b08
2022-12-19 18:39:18,101 [Listener at 127.0.0.1/45319] INFO  server.session (DefaultSessionIdManager.java:doStart(334)) - DefaultSessionIdManager workerName=node0
2022-12-19 18:39:18,101 [Listener at 127.0.0.1/45319] INFO  server.session (DefaultSessionIdManager.java:doStart(339)) - No SessionScavenger set, using defaults
2022-12-19 18:39:18,101 [Listener at 127.0.0.1/45319] INFO  server.session (HouseKeeper.java:startScavenging(132)) - node0 Scavenging every 600000ms
2022-12-19 18:39:18,102 [Listener at 127.0.0.1/45319] INFO  handler.ContextHandler (ContextHandler.java:doStart(921)) - Started o.e.j.s.ServletContextHandler@b35ac04{logs,/logs,file:///home/runner/work/ozone/ozone/hadoop-ozone/integration-test/target/log,AVAILABLE}
2022-12-19 18:39:18,102 [Listener at 127.0.0.1/45319] INFO  handler.ContextHandler (ContextHandler.java:doStart(921)) - Started o.e.j.s.ServletContextHandler@2e67722b{static,/static,jar:file:/home/runner/.m2/repository/org/apache/ozone/hdds-container-service/1.3.0-SNAPSHOT/hdds-container-service-1.3.0-SNAPSHOT.jar!/webapps/static,AVAILABLE}
2022-12-19 18:39:18,274 [Listener at 127.0.0.1/45319] INFO  handler.ContextHandler (ContextHandler.java:doStart(921)) - Started o.e.j.w.WebAppContext@2478f015{hddsDatanode,/,file:///tmp/jetty-0_0_0_0-46125-hdds-container-service-1_3_0-SNAPSHOT_jar-_-any-8810652010705021205/webapp/,AVAILABLE}{jar:file:/home/runner/.m2/repository/org/apache/ozone/hdds-container-service/1.3.0-SNAPSHOT/hdds-container-service-1.3.0-SNAPSHOT.jar!/webapps/hddsDatanode}
2022-12-19 18:39:18,275 [Listener at 127.0.0.1/45319] INFO  server.AbstractConnector (AbstractConnector.java:doStart(333)) - Started ServerConnector@47eb8f09{HTTP/1.1, (http/1.1)}{0.0.0.0:46125}
2022-12-19 18:39:18,275 [Listener at 127.0.0.1/45319] INFO  server.Server (Server.java:doStart(415)) - Started @45764ms
2022-12-19 18:39:18,275 [Listener at 127.0.0.1/45319] WARN  impl.MetricsSystemImpl (MetricsSystemImpl.java:register(279)) - Sink prometheus already exists!
2022-12-19 18:39:18,276 [Listener at 127.0.0.1/45319] INFO  http.BaseHttpServer (BaseHttpServer.java:updateConnectorAddress(333)) - HTTP server of hddsDatanode listening at http://0.0.0.0:46125
2022-12-19 18:39:18,277 [Listener at 127.0.0.1/45319] INFO  ozone.MiniOzoneClusterImpl (MiniOzoneClusterImpl.java:lambda$waitForClusterToBeReady$0(217)) - Waiting for nodes to be ready. Got 0 of 3 DN Heartbeats.
2022-12-19 18:39:18,277 [Listener at 127.0.0.1/45319] INFO  ozone.MiniOzoneClusterImpl (MiniOzoneClusterImpl.java:lambda$waitForClusterToBeReady$0(220)) - Waiting for cluster to exit safe mode
2022-12-19 18:39:18,277 [Listener at 127.0.0.1/45319] INFO  ozone.MiniOzoneClusterImpl (MiniOzoneClusterImpl.java:lambda$waitForClusterToBeReady$0(222)) - SCM became leader
2022-12-19 18:39:18,277 [Datanode State Machine Daemon Thread] INFO  statemachine.DatanodeStateMachine (DatanodeStateMachine.java:lambda$startDaemon$0(509)) - Ozone container server started.
2022-12-19 18:39:18,280 [org.apache.hadoop.util.JvmPauseMonitor$Monitor@74ebf86] INFO  util.JvmPauseMonitor (JvmPauseMonitor.java:run(188)) - Starting JVM pause monitor
2022-12-19 18:39:18,281 [Datanode State Machine Task Thread - 0] INFO  datanode.InitDatanodeState (InitDatanodeState.java:persistContainerDatanodeDetails(138)) - DatanodeDetails is persisted to /home/runner/work/ozone/ozone/hadoop-ozone/integration-test/target/test-dir/MiniOzoneClusterImpl-90c20adc-2d54-4d1b-8da5-d2480cc87ad8/datanode-2/meta/datanode.id
2022-12-19 18:39:18,378 [om1@group-C5BA1605619E-FollowerState] INFO  impl.FollowerState (FollowerState.java:run(143)) - om1@group-C5BA1605619E-FollowerState: change to CANDIDATE, lastRpcElapsedTime:1105570133ns, electionTimeout:1098ms
2022-12-19 18:39:18,378 [om1@group-C5BA1605619E-FollowerState] INFO  impl.RoleInfo (RoleInfo.java:shutdownFollowerState(110)) - om1: shutdown om1@group-C5BA1605619E-FollowerState
2022-12-19 18:39:18,378 [om1@group-C5BA1605619E-FollowerState] INFO  server.RaftServer$Division (RaftServerImpl.java:setRole(321)) - om1@group-C5BA1605619E: changes role from  FOLLOWER to CANDIDATE at term 0 for changeToCandidate
2022-12-19 18:39:18,378 [om1@group-C5BA1605619E-FollowerState] INFO  server.RaftServerConfigKeys (ConfUtils.java:logGet(46)) - raft.server.leaderelection.pre-vote = false (custom)
2022-12-19 18:39:18,378 [om1@group-C5BA1605619E-FollowerState] INFO  impl.RoleInfo (RoleInfo.java:updateAndGet(139)) - om1: start om1@group-C5BA1605619E-LeaderElection15
2022-12-19 18:39:18,398 [om1@group-C5BA1605619E-LeaderElection15] INFO  impl.LeaderElection (LeaderElection.java:askForVotes(312)) - om1@group-C5BA1605619E-LeaderElection15 ELECTION round 0: submit vote requests at term 1 for -1: peers:[om1|rpc:localhost:9872|priority:0|startupRole:FOLLOWER]|listeners:[], old=null
2022-12-19 18:39:18,398 [om1@group-C5BA1605619E-LeaderElection15] INFO  impl.LeaderElection (LeaderElection.java:askForVotes(314)) - om1@group-C5BA1605619E-LeaderElection15 ELECTION round 0: result PASSED (term=1)
2022-12-19 18:39:18,398 [om1@group-C5BA1605619E-LeaderElection15] INFO  impl.RoleInfo (RoleInfo.java:shutdownLeaderElection(130)) - om1: shutdown om1@group-C5BA1605619E-LeaderElection15
2022-12-19 18:39:18,398 [om1@group-C5BA1605619E-LeaderElection15] INFO  server.RaftServer$Division (RaftServerImpl.java:setRole(321)) - om1@group-C5BA1605619E: changes role from CANDIDATE to LEADER at term 1 for changeToLeader
2022-12-19 18:39:18,398 [om1@group-C5BA1605619E-LeaderElection15] INFO  server.RaftServer$Division (ServerState.java:setLeader(313)) - om1@group-C5BA1605619E: change Leader from null to om1 at term 1 for becomeLeader, leader elected after 1591ms
2022-12-19 18:39:18,398 [om1@group-C5BA1605619E-LeaderElection15] INFO  server.RaftServerConfigKeys (ConfUtils.java:logGet(46)) - raft.server.staging.catchup.gap = 1000 (default)
2022-12-19 18:39:18,399 [om1@group-C5BA1605619E-LeaderElection15] INFO  server.RaftServerConfigKeys (ConfUtils.java:logGet(46)) - raft.server.write.element-limit = 4096 (default)
2022-12-19 18:39:18,399 [om1@group-C5BA1605619E-LeaderElection15] INFO  server.RaftServerConfigKeys (ConfUtils.java:logGet(46)) - raft.server.write.byte-limit = 64MB (=67108864) (default)
2022-12-19 18:39:18,399 [om1@group-C5BA1605619E-LeaderElection15] INFO  server.RaftServerConfigKeys (ConfUtils.java:logGet(46)) - raft.server.watch.timeout = 10s (default)
2022-12-19 18:39:18,399 [om1@group-C5BA1605619E-LeaderElection15] INFO  server.RaftServerConfigKeys (ConfUtils.java:logGet(46)) - raft.server.watch.timeout.denomination = 1s (default)
2022-12-19 18:39:18,399 [om1@group-C5BA1605619E-LeaderElection15] INFO  server.RaftServerConfigKeys (ConfUtils.java:logGet(46)) - raft.server.watch.element-limit = 65536 (default)
2022-12-19 18:39:18,399 [om1@group-C5BA1605619E-LeaderElection15] INFO  server.RaftServerConfigKeys (ConfUtils.java:logGet(46)) - raft.server.write.element-limit = 4096 (default)
2022-12-19 18:39:18,399 [om1@group-C5BA1605619E-LeaderElection15] INFO  server.RaftServerConfigKeys (ConfUtils.java:logGet(46)) - raft.server.write.follower.gap.ratio.max = -1.0 (default)
2022-12-19 18:39:18,399 [om1@group-C5BA1605619E-LeaderElection15] INFO  impl.RoleInfo (RoleInfo.java:updateAndGet(139)) - om1: start om1@group-C5BA1605619E-LeaderStateImpl
2022-12-19 18:39:18,399 [om1@group-C5BA1605619E-LeaderElection15] INFO  segmented.SegmentedRaftLogWorker (SegmentedRaftLogWorker.java:startLogSegment(452)) - om1@group-C5BA1605619E-SegmentedRaftLogWorker: Starting segment from index:0
2022-12-19 18:39:18,408 [om1@group-C5BA1605619E-SegmentedRaftLogWorker] INFO  segmented.SegmentedRaftLogWorker (SegmentedRaftLogWorker.java:execute(656)) - om1@group-C5BA1605619E-SegmentedRaftLogWorker: created new log segment /home/runner/work/ozone/ozone/hadoop-ozone/integration-test/target/test-dir/MiniOzoneClusterImpl-90c20adc-2d54-4d1b-8da5-d2480cc87ad8/ozone-meta/ratis/bf265839-605b-3f16-9796-c5ba1605619e/current/log_inprogress_0
2022-12-19 18:39:18,408 [om1@group-C5BA1605619E-LeaderElection15] INFO  server.RaftServer$Division (ServerState.java:setRaftConf(430)) - om1@group-C5BA1605619E: set configuration 0: peers:[om1|rpc:localhost:9872|admin:|client:|dataStream:|priority:0|startupRole:FOLLOWER]|listeners:[], old=null
2022-12-19 18:39:18,409 [om1@group-C5BA1605619E-StateMachineUpdater] INFO  ratis.OzoneManagerStateMachine (OzoneManagerStateMachine.java:notifyConfigurationChanged(192)) - Received Configuration change notification from Ratis. New Peer list:
[id: "om1"
address: "localhost:9872"
startupRole: FOLLOWER
]
2022-12-19 18:39:19,278 [Listener at 127.0.0.1/45319] INFO  ozone.MiniOzoneClusterImpl (MiniOzoneClusterImpl.java:lambda$waitForClusterToBeReady$0(217)) - Waiting for nodes to be ready. Got 0 of 3 DN Heartbeats.
2022-12-19 18:39:19,278 [Listener at 127.0.0.1/45319] INFO  ozone.MiniOzoneClusterImpl (MiniOzoneClusterImpl.java:lambda$waitForClusterToBeReady$0(220)) - Waiting for cluster to exit safe mode
2022-12-19 18:39:19,278 [Listener at 127.0.0.1/45319] INFO  ozone.MiniOzoneClusterImpl (MiniOzoneClusterImpl.java:lambda$waitForClusterToBeReady$0(222)) - SCM became leader
2022-12-19 18:39:19,725 [EndpointStateMachine task thread for /0.0.0.0:44283 - 0 ] INFO  utils.DatanodeStoreCache (DatanodeStoreCache.java:addDB(58)) - Added db /home/runner/work/ozone/ozone/hadoop-ozone/integration-test/target/test-dir/MiniOzoneClusterImpl-90c20adc-2d54-4d1b-8da5-d2480cc87ad8/datanode-0/data-0/containers/hdds/90c20adc-2d54-4d1b-8da5-d2480cc87ad8/DS-f88b80c7-e991-4dca-8b6c-a8af2d7563d7/container.db to cache
2022-12-19 18:39:19,725 [EndpointStateMachine task thread for /0.0.0.0:44283 - 0 ] INFO  volume.HddsVolume (HddsVolume.java:createDbStore(307)) - SchemaV3 db is created and loaded at /home/runner/work/ozone/ozone/hadoop-ozone/integration-test/target/test-dir/MiniOzoneClusterImpl-90c20adc-2d54-4d1b-8da5-d2480cc87ad8/datanode-0/data-0/containers/hdds/90c20adc-2d54-4d1b-8da5-d2480cc87ad8/DS-f88b80c7-e991-4dca-8b6c-a8af2d7563d7/container.db for volume DS-f88b80c7-e991-4dca-8b6c-a8af2d7563d7
2022-12-19 18:39:19,725 [EndpointStateMachine task thread for /0.0.0.0:44283 - 0 ] INFO  ozoneimpl.OzoneContainer (OzoneContainer.java:start(395)) - Attempting to start container services.
2022-12-19 18:39:19,725 [EndpointStateMachine task thread for /0.0.0.0:44283 - 0 ] INFO  ozoneimpl.OzoneContainer (OzoneContainer.java:startContainerScrub(312)) - Scheduled background container scanners and the on-demand container scanner have been disabled.
2022-12-19 18:39:19,726 [EndpointStateMachine task thread for /0.0.0.0:44283 - 0 ] INFO  replication.ReplicationServer (ReplicationServer.java:start(106)) - ReplicationServer is started using port 40453
2022-12-19 18:39:19,727 [EndpointStateMachine task thread for /0.0.0.0:44283 - 0 ] INFO  ratis.XceiverServerRatis (XceiverServerRatis.java:start(517)) - Starting XceiverServerRatis 9557de33-fe68-40fe-b687-830f5ee56eaf
2022-12-19 18:39:19,727 [EndpointStateMachine task thread for /0.0.0.0:44283 - 0 ] INFO  server.RaftServer (RaftServerProxy.java:startImpl(393)) - 9557de33-fe68-40fe-b687-830f5ee56eaf: start RPC server
2022-12-19 18:39:19,728 [EndpointStateMachine task thread for /0.0.0.0:44283 - 0 ] INFO  server.GrpcService (GrpcService.java:startImpl(262)) - 9557de33-fe68-40fe-b687-830f5ee56eaf: GrpcService started, listening on 36865
2022-12-19 18:39:19,728 [EndpointStateMachine task thread for /0.0.0.0:44283 - 0 ] INFO  ratis.XceiverServerRatis (XceiverServerRatis.java:getRealPort(543)) - XceiverServerRatis 9557de33-fe68-40fe-b687-830f5ee56eaf is started using port 36865 for RATIS
2022-12-19 18:39:19,729 [EndpointStateMachine task thread for /0.0.0.0:44283 - 0 ] INFO  ratis.XceiverServerRatis (XceiverServerRatis.java:getRealPort(543)) - XceiverServerRatis 9557de33-fe68-40fe-b687-830f5ee56eaf is started using port 36865 for RATIS_ADMIN
2022-12-19 18:39:19,729 [JvmPauseMonitor8] INFO  util.JvmPauseMonitor (JvmPauseMonitor.java:run(105)) - JvmPauseMonitor-9557de33-fe68-40fe-b687-830f5ee56eaf: Started
2022-12-19 18:39:19,729 [EndpointStateMachine task thread for /0.0.0.0:44283 - 0 ] INFO  ratis.XceiverServerRatis (XceiverServerRatis.java:getRealPort(543)) - XceiverServerRatis 9557de33-fe68-40fe-b687-830f5ee56eaf is started using port 36865 for RATIS_SERVER
2022-12-19 18:39:19,729 [EndpointStateMachine task thread for /0.0.0.0:44283 - 0 ] INFO  ratis.XceiverServerRatis (XceiverServerRatis.java:getRealPort(543)) - XceiverServerRatis 9557de33-fe68-40fe-b687-830f5ee56eaf is started using port 34463 for RATIS_DATASTREAM
2022-12-19 18:39:19,731 [EndpointStateMachine task thread for /0.0.0.0:44283 - 0 ] INFO  server.XceiverServerGrpc (XceiverServerGrpc.java:start(180)) - XceiverServerGrpc 9557de33-fe68-40fe-b687-830f5ee56eaf is started using port 43819
2022-12-19 18:39:20,014 [EndpointStateMachine task thread for /0.0.0.0:44283 - 0 ] INFO  utils.DatanodeStoreCache (DatanodeStoreCache.java:addDB(58)) - Added db /home/runner/work/ozone/ozone/hadoop-ozone/integration-test/target/test-dir/MiniOzoneClusterImpl-90c20adc-2d54-4d1b-8da5-d2480cc87ad8/datanode-1/data-0/containers/hdds/90c20adc-2d54-4d1b-8da5-d2480cc87ad8/DS-27f012e2-8925-4fa9-b2cb-93e848902f73/container.db to cache
2022-12-19 18:39:20,014 [EndpointStateMachine task thread for /0.0.0.0:44283 - 0 ] INFO  volume.HddsVolume (HddsVolume.java:createDbStore(307)) - SchemaV3 db is created and loaded at /home/runner/work/ozone/ozone/hadoop-ozone/integration-test/target/test-dir/MiniOzoneClusterImpl-90c20adc-2d54-4d1b-8da5-d2480cc87ad8/datanode-1/data-0/containers/hdds/90c20adc-2d54-4d1b-8da5-d2480cc87ad8/DS-27f012e2-8925-4fa9-b2cb-93e848902f73/container.db for volume DS-27f012e2-8925-4fa9-b2cb-93e848902f73
2022-12-19 18:39:20,014 [EndpointStateMachine task thread for /0.0.0.0:44283 - 0 ] INFO  ozoneimpl.OzoneContainer (OzoneContainer.java:start(395)) - Attempting to start container services.
2022-12-19 18:39:20,014 [EndpointStateMachine task thread for /0.0.0.0:44283 - 0 ] INFO  ozoneimpl.OzoneContainer (OzoneContainer.java:startContainerScrub(312)) - Scheduled background container scanners and the on-demand container scanner have been disabled.
2022-12-19 18:39:20,016 [EndpointStateMachine task thread for /0.0.0.0:44283 - 0 ] INFO  replication.ReplicationServer (ReplicationServer.java:start(106)) - ReplicationServer is started using port 34371
2022-12-19 18:39:20,016 [EndpointStateMachine task thread for /0.0.0.0:44283 - 0 ] INFO  ratis.XceiverServerRatis (XceiverServerRatis.java:start(517)) - Starting XceiverServerRatis e72e8305-aa7c-42f4-a8e1-859d068dd798
2022-12-19 18:39:20,016 [EndpointStateMachine task thread for /0.0.0.0:44283 - 0 ] INFO  server.RaftServer (RaftServerProxy.java:startImpl(393)) - e72e8305-aa7c-42f4-a8e1-859d068dd798: start RPC server
2022-12-19 18:39:20,018 [EndpointStateMachine task thread for /0.0.0.0:44283 - 0 ] INFO  server.GrpcService (GrpcService.java:startImpl(262)) - e72e8305-aa7c-42f4-a8e1-859d068dd798: GrpcService started, listening on 45651
2022-12-19 18:39:20,019 [EndpointStateMachine task thread for /0.0.0.0:44283 - 0 ] INFO  ratis.XceiverServerRatis (XceiverServerRatis.java:getRealPort(543)) - XceiverServerRatis e72e8305-aa7c-42f4-a8e1-859d068dd798 is started using port 45651 for RATIS
2022-12-19 18:39:20,019 [JvmPauseMonitor9] INFO  util.JvmPauseMonitor (JvmPauseMonitor.java:run(105)) - JvmPauseMonitor-e72e8305-aa7c-42f4-a8e1-859d068dd798: Started
2022-12-19 18:39:20,019 [EndpointStateMachine task thread for /0.0.0.0:44283 - 0 ] INFO  ratis.XceiverServerRatis (XceiverServerRatis.java:getRealPort(543)) - XceiverServerRatis e72e8305-aa7c-42f4-a8e1-859d068dd798 is started using port 45651 for RATIS_ADMIN
2022-12-19 18:39:20,019 [EndpointStateMachine task thread for /0.0.0.0:44283 - 0 ] INFO  ratis.XceiverServerRatis (XceiverServerRatis.java:getRealPort(543)) - XceiverServerRatis e72e8305-aa7c-42f4-a8e1-859d068dd798 is started using port 45651 for RATIS_SERVER
2022-12-19 18:39:20,019 [EndpointStateMachine task thread for /0.0.0.0:44283 - 0 ] INFO  ratis.XceiverServerRatis (XceiverServerRatis.java:getRealPort(543)) - XceiverServerRatis e72e8305-aa7c-42f4-a8e1-859d068dd798 is started using port 44743 for RATIS_DATASTREAM
2022-12-19 18:39:20,020 [EndpointStateMachine task thread for /0.0.0.0:44283 - 0 ] INFO  server.XceiverServerGrpc (XceiverServerGrpc.java:start(180)) - XceiverServerGrpc e72e8305-aa7c-42f4-a8e1-859d068dd798 is started using port 39047
2022-12-19 18:39:20,278 [Listener at 127.0.0.1/45319] INFO  ozone.MiniOzoneClusterImpl (MiniOzoneClusterImpl.java:lambda$waitForClusterToBeReady$0(217)) - Waiting for nodes to be ready. Got 0 of 3 DN Heartbeats.
2022-12-19 18:39:20,278 [Listener at 127.0.0.1/45319] INFO  ozone.MiniOzoneClusterImpl (MiniOzoneClusterImpl.java:lambda$waitForClusterToBeReady$0(220)) - Waiting for cluster to exit safe mode
2022-12-19 18:39:20,278 [Listener at 127.0.0.1/45319] INFO  ozone.MiniOzoneClusterImpl (MiniOzoneClusterImpl.java:lambda$waitForClusterToBeReady$0(222)) - SCM became leader
2022-12-19 18:39:20,308 [EndpointStateMachine task thread for /0.0.0.0:44283 - 0 ] INFO  utils.DatanodeStoreCache (DatanodeStoreCache.java:addDB(58)) - Added db /home/runner/work/ozone/ozone/hadoop-ozone/integration-test/target/test-dir/MiniOzoneClusterImpl-90c20adc-2d54-4d1b-8da5-d2480cc87ad8/datanode-2/data-0/containers/hdds/90c20adc-2d54-4d1b-8da5-d2480cc87ad8/DS-c9a1e042-4dff-44bc-b34a-e99c6b58e020/container.db to cache
2022-12-19 18:39:20,308 [EndpointStateMachine task thread for /0.0.0.0:44283 - 0 ] INFO  volume.HddsVolume (HddsVolume.java:createDbStore(307)) - SchemaV3 db is created and loaded at /home/runner/work/ozone/ozone/hadoop-ozone/integration-test/target/test-dir/MiniOzoneClusterImpl-90c20adc-2d54-4d1b-8da5-d2480cc87ad8/datanode-2/data-0/containers/hdds/90c20adc-2d54-4d1b-8da5-d2480cc87ad8/DS-c9a1e042-4dff-44bc-b34a-e99c6b58e020/container.db for volume DS-c9a1e042-4dff-44bc-b34a-e99c6b58e020
2022-12-19 18:39:20,309 [EndpointStateMachine task thread for /0.0.0.0:44283 - 0 ] INFO  ozoneimpl.OzoneContainer (OzoneContainer.java:start(395)) - Attempting to start container services.
2022-12-19 18:39:20,309 [EndpointStateMachine task thread for /0.0.0.0:44283 - 0 ] INFO  ozoneimpl.OzoneContainer (OzoneContainer.java:startContainerScrub(312)) - Scheduled background container scanners and the on-demand container scanner have been disabled.
2022-12-19 18:39:20,310 [EndpointStateMachine task thread for /0.0.0.0:44283 - 0 ] INFO  replication.ReplicationServer (ReplicationServer.java:start(106)) - ReplicationServer is started using port 37813
2022-12-19 18:39:20,311 [EndpointStateMachine task thread for /0.0.0.0:44283 - 0 ] INFO  ratis.XceiverServerRatis (XceiverServerRatis.java:start(517)) - Starting XceiverServerRatis 6d5a55a6-b535-46b1-9113-4eddd06c74b3
2022-12-19 18:39:20,311 [EndpointStateMachine task thread for /0.0.0.0:44283 - 0 ] INFO  server.RaftServer (RaftServerProxy.java:startImpl(393)) - 6d5a55a6-b535-46b1-9113-4eddd06c74b3: start RPC server
2022-12-19 18:39:20,313 [EndpointStateMachine task thread for /0.0.0.0:44283 - 0 ] INFO  server.GrpcService (GrpcService.java:startImpl(262)) - 6d5a55a6-b535-46b1-9113-4eddd06c74b3: GrpcService started, listening on 37267
2022-12-19 18:39:20,314 [EndpointStateMachine task thread for /0.0.0.0:44283 - 0 ] INFO  ratis.XceiverServerRatis (XceiverServerRatis.java:getRealPort(543)) - XceiverServerRatis 6d5a55a6-b535-46b1-9113-4eddd06c74b3 is started using port 37267 for RATIS
2022-12-19 18:39:20,314 [JvmPauseMonitor10] INFO  util.JvmPauseMonitor (JvmPauseMonitor.java:run(105)) - JvmPauseMonitor-6d5a55a6-b535-46b1-9113-4eddd06c74b3: Started
2022-12-19 18:39:20,314 [EndpointStateMachine task thread for /0.0.0.0:44283 - 0 ] INFO  ratis.XceiverServerRatis (XceiverServerRatis.java:getRealPort(543)) - XceiverServerRatis 6d5a55a6-b535-46b1-9113-4eddd06c74b3 is started using port 37267 for RATIS_ADMIN
2022-12-19 18:39:20,314 [EndpointStateMachine task thread for /0.0.0.0:44283 - 0 ] INFO  ratis.XceiverServerRatis (XceiverServerRatis.java:getRealPort(543)) - XceiverServerRatis 6d5a55a6-b535-46b1-9113-4eddd06c74b3 is started using port 37267 for RATIS_SERVER
2022-12-19 18:39:20,314 [EndpointStateMachine task thread for /0.0.0.0:44283 - 0 ] INFO  ratis.XceiverServerRatis (XceiverServerRatis.java:getRealPort(543)) - XceiverServerRatis 6d5a55a6-b535-46b1-9113-4eddd06c74b3 is started using port 34289 for RATIS_DATASTREAM
2022-12-19 18:39:20,316 [EndpointStateMachine task thread for /0.0.0.0:44283 - 0 ] INFO  server.XceiverServerGrpc (XceiverServerGrpc.java:start(180)) - XceiverServerGrpc 6d5a55a6-b535-46b1-9113-4eddd06c74b3 is started using port 34653
2022-12-19 18:39:21,279 [Listener at 127.0.0.1/45319] INFO  ozone.MiniOzoneClusterImpl (MiniOzoneClusterImpl.java:lambda$waitForClusterToBeReady$0(217)) - Waiting for nodes to be ready. Got 0 of 3 DN Heartbeats.
2022-12-19 18:39:21,279 [Listener at 127.0.0.1/45319] INFO  ozone.MiniOzoneClusterImpl (MiniOzoneClusterImpl.java:lambda$waitForClusterToBeReady$0(220)) - Waiting for cluster to exit safe mode
2022-12-19 18:39:21,279 [Listener at 127.0.0.1/45319] INFO  ozone.MiniOzoneClusterImpl (MiniOzoneClusterImpl.java:lambda$waitForClusterToBeReady$0(222)) - SCM became leader
2022-12-19 18:39:21,694 [IPC Server handler 0 on default port 44283] INFO  net.NetworkTopologyImpl (NetworkTopologyImpl.java:add(112)) - Added a new node: /default-rack/9557de33-fe68-40fe-b687-830f5ee56eaf
2022-12-19 18:39:21,694 [IPC Server handler 0 on default port 44283] INFO  node.SCMNodeManager (SCMNodeManager.java:register(397)) - Registered Data node : 9557de33-fe68-40fe-b687-830f5ee56eaf{ip: 10.1.0.24, host: fv-az353-760.tkyx2seitsuu3nmpmouz2httfb.bx.internal.cloudapp.net, ports: [REPLICATION=40453, RATIS=36865, RATIS_ADMIN=36865, RATIS_SERVER=36865, RATIS_DATASTREAM=34463, STANDALONE=43819], networkLocation: /default-rack, certSerialId: null, persistedOpState: null, persistedOpStateExpiryEpochSec: 0}
2022-12-19 18:39:21,695 [EventQueue-NodeRegistrationContainerReportForDataNodeSafeModeRule] INFO  safemode.SCMSafeModeManager (DataNodeSafeModeRule.java:process(71)) - SCM in safe mode. 1 DataNodes registered, 3 required.
2022-12-19 18:39:21,696 [EventQueue-NodeRegistrationContainerReportForContainerSafeModeRule] INFO  safemode.SCMSafeModeManager (SCMSafeModeManager.java:validateSafeModeExitRules(200)) - ContainerSafeModeRule rule is successfully validated
2022-12-19 18:39:21,699 [EventQueue-PipelineReportForOneReplicaPipelineSafeModeRule] INFO  safemode.SCMSafeModeManager (SCMSafeModeManager.java:validateSafeModeExitRules(200)) - AtleastOneDatanodeReportedRule rule is successfully validated
2022-12-19 18:39:21,700 [EventQueue-NewNodeForNewNodeHandler] INFO  pipeline.BackgroundPipelineCreator (BackgroundPipelineCreator.java:notifyEventTriggered(276)) - trigger a one-shot run on RatisPipelineUtilsThread.
2022-12-19 18:39:21,700 [RatisPipelineUtilsThread - 0] INFO  pipeline.RatisPipelineProvider (RatisPipelineProvider.java:lambda$create$0(206)) - Sending CreatePipelineCommand for pipeline:PipelineID=5c9f3e63-3afc-4d4f-a791-6312009a007b to datanode:9557de33-fe68-40fe-b687-830f5ee56eaf
2022-12-19 18:39:21,701 [RatisPipelineUtilsThread - 0] INFO  pipeline.PipelineStateManagerImpl (PipelineStateManagerImpl.java:addPipeline(103)) - Created pipeline Pipeline[ Id: 5c9f3e63-3afc-4d4f-a791-6312009a007b, Nodes: 9557de33-fe68-40fe-b687-830f5ee56eaf{ip: 10.1.0.24, host: fv-az353-760.tkyx2seitsuu3nmpmouz2httfb.bx.internal.cloudapp.net, ports: [REPLICATION=40453, RATIS=36865, RATIS_ADMIN=36865, RATIS_SERVER=36865, RATIS_DATASTREAM=34463, STANDALONE=43819], networkLocation: /default-rack, certSerialId: null, persistedOpState: IN_SERVICE, persistedOpStateExpiryEpochSec: 0}, ReplicationConfig: RATIS/ONE, State:ALLOCATED, leaderId:, CreationTimestamp2022-12-19T18:39:21.700Z[Etc/UTC]].
2022-12-19 18:39:21,985 [IPC Server handler 1 on default port 44283] INFO  net.NetworkTopologyImpl (NetworkTopologyImpl.java:add(112)) - Added a new node: /default-rack/e72e8305-aa7c-42f4-a8e1-859d068dd798
2022-12-19 18:39:21,985 [IPC Server handler 1 on default port 44283] INFO  node.SCMNodeManager (SCMNodeManager.java:register(397)) - Registered Data node : e72e8305-aa7c-42f4-a8e1-859d068dd798{ip: 10.1.0.24, host: fv-az353-760.tkyx2seitsuu3nmpmouz2httfb.bx.internal.cloudapp.net, ports: [REPLICATION=34371, RATIS=45651, RATIS_ADMIN=45651, RATIS_SERVER=45651, RATIS_DATASTREAM=44743, STANDALONE=39047], networkLocation: /default-rack, certSerialId: null, persistedOpState: null, persistedOpStateExpiryEpochSec: 0}
2022-12-19 18:39:21,986 [EventQueue-NewNodeForNewNodeHandler] INFO  pipeline.BackgroundPipelineCreator (BackgroundPipelineCreator.java:notifyEventTriggered(276)) - trigger a one-shot run on RatisPipelineUtilsThread.
2022-12-19 18:39:21,986 [EventQueue-NodeRegistrationContainerReportForDataNodeSafeModeRule] INFO  safemode.SCMSafeModeManager (DataNodeSafeModeRule.java:process(71)) - SCM in safe mode. 2 DataNodes registered, 3 required.
2022-12-19 18:39:21,986 [RatisPipelineUtilsThread - 0] INFO  pipeline.RatisPipelineProvider (RatisPipelineProvider.java:lambda$create$0(206)) - Sending CreatePipelineCommand for pipeline:PipelineID=ca5ef7af-91bf-4b43-857c-ad314e80544a to datanode:e72e8305-aa7c-42f4-a8e1-859d068dd798
2022-12-19 18:39:21,987 [RatisPipelineUtilsThread - 0] INFO  pipeline.PipelineStateManagerImpl (PipelineStateManagerImpl.java:addPipeline(103)) - Created pipeline Pipeline[ Id: ca5ef7af-91bf-4b43-857c-ad314e80544a, Nodes: e72e8305-aa7c-42f4-a8e1-859d068dd798{ip: 10.1.0.24, host: fv-az353-760.tkyx2seitsuu3nmpmouz2httfb.bx.internal.cloudapp.net, ports: [REPLICATION=34371, RATIS=45651, RATIS_ADMIN=45651, RATIS_SERVER=45651, RATIS_DATASTREAM=44743, STANDALONE=39047], networkLocation: /default-rack, certSerialId: null, persistedOpState: IN_SERVICE, persistedOpStateExpiryEpochSec: 0}, ReplicationConfig: RATIS/ONE, State:ALLOCATED, leaderId:, CreationTimestamp2022-12-19T18:39:21.986Z[Etc/UTC]].
2022-12-19 18:39:22,279 [Listener at 127.0.0.1/45319] INFO  ozone.MiniOzoneClusterImpl (MiniOzoneClusterImpl.java:lambda$waitForClusterToBeReady$0(217)) - Waiting for nodes to be ready. Got 2 of 3 DN Heartbeats.
2022-12-19 18:39:22,279 [Listener at 127.0.0.1/45319] INFO  ozone.MiniOzoneClusterImpl (MiniOzoneClusterImpl.java:lambda$waitForClusterToBeReady$0(220)) - Waiting for cluster to exit safe mode
2022-12-19 18:39:22,280 [Listener at 127.0.0.1/45319] INFO  ozone.MiniOzoneClusterImpl (MiniOzoneClusterImpl.java:lambda$waitForClusterToBeReady$0(222)) - SCM became leader
2022-12-19 18:39:22,281 [IPC Server handler 2 on default port 44283] INFO  net.NetworkTopologyImpl (NetworkTopologyImpl.java:add(112)) - Added a new node: /default-rack/6d5a55a6-b535-46b1-9113-4eddd06c74b3
2022-12-19 18:39:22,281 [IPC Server handler 2 on default port 44283] INFO  node.SCMNodeManager (SCMNodeManager.java:register(397)) - Registered Data node : 6d5a55a6-b535-46b1-9113-4eddd06c74b3{ip: 10.1.0.24, host: fv-az353-760.tkyx2seitsuu3nmpmouz2httfb.bx.internal.cloudapp.net, ports: [REPLICATION=37813, RATIS=37267, RATIS_ADMIN=37267, RATIS_SERVER=37267, RATIS_DATASTREAM=34289, STANDALONE=34653], networkLocation: /default-rack, certSerialId: null, persistedOpState: null, persistedOpStateExpiryEpochSec: 0}
2022-12-19 18:39:22,281 [EventQueue-NewNodeForNewNodeHandler] INFO  pipeline.BackgroundPipelineCreator (BackgroundPipelineCreator.java:notifyEventTriggered(276)) - trigger a one-shot run on RatisPipelineUtilsThread.
2022-12-19 18:39:22,281 [EventQueue-NodeRegistrationContainerReportForDataNodeSafeModeRule] INFO  safemode.SCMSafeModeManager (DataNodeSafeModeRule.java:process(71)) - SCM in safe mode. 3 DataNodes registered, 3 required.
2022-12-19 18:39:22,281 [EventQueue-NodeRegistrationContainerReportForDataNodeSafeModeRule] INFO  safemode.SCMSafeModeManager (SCMSafeModeManager.java:validateSafeModeExitRules(200)) - DataNodeSafeModeRule rule is successfully validated
2022-12-19 18:39:22,281 [EventQueue-NodeRegistrationContainerReportForDataNodeSafeModeRule] INFO  safemode.SCMSafeModeManager (SCMSafeModeManager.java:completePreCheck(229)) - All SCM safe mode pre check rules have passed
2022-12-19 18:39:22,281 [EventQueue-NodeRegistrationContainerReportForDataNodeSafeModeRule] INFO  ha.SCMContext (SCMContext.java:updateSafeModeStatus(228)) - Update SafeModeStatus from SafeModeStatus{safeModeStatus=true, preCheckPassed=false} to SafeModeStatus{safeModeStatus=true, preCheckPassed=true}.
2022-12-19 18:39:22,281 [EventQueue-NodeRegistrationContainerReportForDataNodeSafeModeRule] INFO  pipeline.BackgroundPipelineCreator (BackgroundPipelineCreator.java:notifyEventTriggered(276)) - trigger a one-shot run on RatisPipelineUtilsThread.
2022-12-19 18:39:22,282 [RatisPipelineUtilsThread - 0] INFO  pipeline.RatisPipelineProvider (RatisPipelineProvider.java:lambda$create$0(206)) - Sending CreatePipelineCommand for pipeline:PipelineID=0c12ed71-c9d0-457b-9db7-62ff3a1f6d5e to datanode:6d5a55a6-b535-46b1-9113-4eddd06c74b3
2022-12-19 18:39:22,282 [RatisPipelineUtilsThread - 0] INFO  pipeline.PipelineStateManagerImpl (PipelineStateManagerImpl.java:addPipeline(103)) - Created pipeline Pipeline[ Id: 0c12ed71-c9d0-457b-9db7-62ff3a1f6d5e, Nodes: 6d5a55a6-b535-46b1-9113-4eddd06c74b3{ip: 10.1.0.24, host: fv-az353-760.tkyx2seitsuu3nmpmouz2httfb.bx.internal.cloudapp.net, ports: [REPLICATION=37813, RATIS=37267, RATIS_ADMIN=37267, RATIS_SERVER=37267, RATIS_DATASTREAM=34289, STANDALONE=34653], networkLocation: /default-rack, certSerialId: null, persistedOpState: IN_SERVICE, persistedOpStateExpiryEpochSec: 0}, ReplicationConfig: RATIS/ONE, State:ALLOCATED, leaderId:, CreationTimestamp2022-12-19T18:39:22.282Z[Etc/UTC]].
2022-12-19 18:39:22,283 [RatisPipelineUtilsThread - 0] INFO  pipeline.RatisPipelineProvider (RatisPipelineProvider.java:lambda$create$0(206)) - Sending CreatePipelineCommand for pipeline:PipelineID=e490be5d-3be4-443a-ba5c-bcca0ae98f56 to datanode:9557de33-fe68-40fe-b687-830f5ee56eaf
2022-12-19 18:39:22,283 [RatisPipelineUtilsThread - 0] INFO  pipeline.RatisPipelineProvider (RatisPipelineProvider.java:lambda$create$0(206)) - Sending CreatePipelineCommand for pipeline:PipelineID=e490be5d-3be4-443a-ba5c-bcca0ae98f56 to datanode:6d5a55a6-b535-46b1-9113-4eddd06c74b3
2022-12-19 18:39:22,283 [RatisPipelineUtilsThread - 0] INFO  pipeline.RatisPipelineProvider (RatisPipelineProvider.java:lambda$create$0(206)) - Sending CreatePipelineCommand for pipeline:PipelineID=e490be5d-3be4-443a-ba5c-bcca0ae98f56 to datanode:e72e8305-aa7c-42f4-a8e1-859d068dd798
2022-12-19 18:39:22,283 [RatisPipelineUtilsThread - 0] INFO  pipeline.PipelineStateManagerImpl (PipelineStateManagerImpl.java:addPipeline(103)) - Created pipeline Pipeline[ Id: e490be5d-3be4-443a-ba5c-bcca0ae98f56, Nodes: 9557de33-fe68-40fe-b687-830f5ee56eaf{ip: 10.1.0.24, host: fv-az353-760.tkyx2seitsuu3nmpmouz2httfb.bx.internal.cloudapp.net, ports: [REPLICATION=40453, RATIS=36865, RATIS_ADMIN=36865, RATIS_SERVER=36865, RATIS_DATASTREAM=34463, STANDALONE=43819], networkLocation: /default-rack, certSerialId: null, persistedOpState: IN_SERVICE, persistedOpStateExpiryEpochSec: 0}6d5a55a6-b535-46b1-9113-4eddd06c74b3{ip: 10.1.0.24, host: fv-az353-760.tkyx2seitsuu3nmpmouz2httfb.bx.internal.cloudapp.net, ports: [REPLICATION=37813, RATIS=37267, RATIS_ADMIN=37267, RATIS_SERVER=37267, RATIS_DATASTREAM=34289, STANDALONE=34653], networkLocation: /default-rack, certSerialId: null, persistedOpState: IN_SERVICE, persistedOpStateExpiryEpochSec: 0}e72e8305-aa7c-42f4-a8e1-859d068dd798{ip: 10.1.0.24, host: fv-az353-760.tkyx2seitsuu3nmpmouz2httfb.bx.internal.cloudapp.net, ports: [REPLICATION=34371, RATIS=45651, RATIS_ADMIN=45651, RATIS_SERVER=45651, RATIS_DATASTREAM=44743, STANDALONE=39047], networkLocation: /default-rack, certSerialId: null, persistedOpState: IN_SERVICE, persistedOpStateExpiryEpochSec: 0}, ReplicationConfig: RATIS/THREE, State:ALLOCATED, leaderId:, CreationTimestamp2022-12-19T18:39:22.283Z[Etc/UTC]].
2022-12-19 18:39:22,284 [RatisPipelineUtilsThread - 0] INFO  pipeline.RatisPipelineProvider (RatisPipelineProvider.java:lambda$create$0(206)) - Sending CreatePipelineCommand for pipeline:PipelineID=35e228cb-df5d-4968-ae0c-342acfa3cce1 to datanode:9557de33-fe68-40fe-b687-830f5ee56eaf
2022-12-19 18:39:22,284 [RatisPipelineUtilsThread - 0] INFO  pipeline.RatisPipelineProvider (RatisPipelineProvider.java:lambda$create$0(206)) - Sending CreatePipelineCommand for pipeline:PipelineID=35e228cb-df5d-4968-ae0c-342acfa3cce1 to datanode:e72e8305-aa7c-42f4-a8e1-859d068dd798
2022-12-19 18:39:22,284 [RatisPipelineUtilsThread - 0] INFO  pipeline.RatisPipelineProvider (RatisPipelineProvider.java:lambda$create$0(206)) - Sending CreatePipelineCommand for pipeline:PipelineID=35e228cb-df5d-4968-ae0c-342acfa3cce1 to datanode:6d5a55a6-b535-46b1-9113-4eddd06c74b3
2022-12-19 18:39:22,284 [RatisPipelineUtilsThread - 0] INFO  pipeline.PipelineStateManagerImpl (PipelineStateManagerImpl.java:addPipeline(103)) - Created pipeline Pipeline[ Id: 35e228cb-df5d-4968-ae0c-342acfa3cce1, Nodes: 9557de33-fe68-40fe-b687-830f5ee56eaf{ip: 10.1.0.24, host: fv-az353-760.tkyx2seitsuu3nmpmouz2httfb.bx.internal.cloudapp.net, ports: [REPLICATION=40453, RATIS=36865, RATIS_ADMIN=36865, RATIS_SERVER=36865, RATIS_DATASTREAM=34463, STANDALONE=43819], networkLocation: /default-rack, certSerialId: null, persistedOpState: IN_SERVICE, persistedOpStateExpiryEpochSec: 0}e72e8305-aa7c-42f4-a8e1-859d068dd798{ip: 10.1.0.24, host: fv-az353-760.tkyx2seitsuu3nmpmouz2httfb.bx.internal.cloudapp.net, ports: [REPLICATION=34371, RATIS=45651, RATIS_ADMIN=45651, RATIS_SERVER=45651, RATIS_DATASTREAM=44743, STANDALONE=39047], networkLocation: /default-rack, certSerialId: null, persistedOpState: IN_SERVICE, persistedOpStateExpiryEpochSec: 0}6d5a55a6-b535-46b1-9113-4eddd06c74b3{ip: 10.1.0.24, host: fv-az353-760.tkyx2seitsuu3nmpmouz2httfb.bx.internal.cloudapp.net, ports: [REPLICATION=37813, RATIS=37267, RATIS_ADMIN=37267, RATIS_SERVER=37267, RATIS_DATASTREAM=34289, STANDALONE=34653], networkLocation: /default-rack, certSerialId: null, persistedOpState: IN_SERVICE, persistedOpStateExpiryEpochSec: 0}, ReplicationConfig: RATIS/THREE, State:ALLOCATED, leaderId:, CreationTimestamp2022-12-19T18:39:22.284Z[Etc/UTC]].
2022-12-19 18:39:22,286 [RatisPipelineUtilsThread - 0] INFO  pipeline.PipelineManagerImpl (PipelineManagerImpl.java:recordMetricsForPipeline(826)) - Pipeline: PipelineID=35e228cb-df5d-4968-ae0c-342acfa3cce1 contains same datanodes as previous pipelines: PipelineID=e490be5d-3be4-443a-ba5c-bcca0ae98f56 nodeIds: 9557de33-fe68-40fe-b687-830f5ee56eaf, e72e8305-aa7c-42f4-a8e1-859d068dd798, 6d5a55a6-b535-46b1-9113-4eddd06c74b3
2022-12-19 18:39:22,286 [RatisPipelineUtilsThread - 0] WARN  pipeline.PipelinePlacementPolicy (PipelinePlacementPolicy.java:filterViableNodes(158)) - Pipeline creation failed due to no sufficient healthy datanodes. Required 3. Found 0.
2022-12-19 18:39:22,287 [RatisPipelineUtilsThread - 0] WARN  pipeline.PipelinePlacementPolicy (PipelinePlacementPolicy.java:filterViableNodes(158)) - Pipeline creation failed due to no sufficient healthy datanodes. Required 3. Found 0.
2022-12-19 18:39:23,280 [Listener at 127.0.0.1/45319] INFO  ozone.MiniOzoneClusterImpl (MiniOzoneClusterImpl.java:lambda$waitForClusterToBeReady$0(217)) - Nodes are ready. Got 3 of 3 DN Heartbeats.
2022-12-19 18:39:23,280 [Listener at 127.0.0.1/45319] INFO  ozone.MiniOzoneClusterImpl (MiniOzoneClusterImpl.java:lambda$waitForClusterToBeReady$0(220)) - Waiting for cluster to exit safe mode
2022-12-19 18:39:23,280 [Listener at 127.0.0.1/45319] INFO  ozone.MiniOzoneClusterImpl (MiniOzoneClusterImpl.java:lambda$waitForClusterToBeReady$0(222)) - SCM became leader
2022-12-19 18:39:23,696 [EventQueue-CommandQueueReportForCommandQueueReportHandler] WARN  events.EventQueue (EventQueue.java:fireEvent(216)) - No event handler registered for event TypedEvent{payloadType=DatanodeDetails, name='Datanode_Command_Queue_Updated'}
2022-12-19 18:39:23,984 [EventQueue-CommandQueueReportForCommandQueueReportHandler] WARN  events.EventQueue (EventQueue.java:fireEvent(216)) - No event handler registered for event TypedEvent{payloadType=DatanodeDetails, name='Datanode_Command_Queue_Updated'}
2022-12-19 18:39:24,280 [Listener at 127.0.0.1/45319] INFO  ozone.MiniOzoneClusterImpl (MiniOzoneClusterImpl.java:lambda$waitForClusterToBeReady$0(217)) - Nodes are ready. Got 3 of 3 DN Heartbeats.
2022-12-19 18:39:24,281 [Listener at 127.0.0.1/45319] INFO  ozone.MiniOzoneClusterImpl (MiniOzoneClusterImpl.java:lambda$waitForClusterToBeReady$0(220)) - Waiting for cluster to exit safe mode
2022-12-19 18:39:24,281 [Listener at 127.0.0.1/45319] INFO  ozone.MiniOzoneClusterImpl (MiniOzoneClusterImpl.java:lambda$waitForClusterToBeReady$0(222)) - SCM became leader
2022-12-19 18:39:24,281 [EventQueue-CommandQueueReportForCommandQueueReportHandler] WARN  events.EventQueue (EventQueue.java:fireEvent(216)) - No event handler registered for event TypedEvent{payloadType=DatanodeDetails, name='Datanode_Command_Queue_Updated'}
2022-12-19 18:39:24,693 [Command processor thread] INFO  server.RaftServer (RaftServerProxy.java:addNew(96)) - 9557de33-fe68-40fe-b687-830f5ee56eaf: addNew group-6312009A007B:[9557de33-fe68-40fe-b687-830f5ee56eaf|rpc:10.1.0.24:36865|dataStream:10.1.0.24:34463|priority:1|startupRole:FOLLOWER] returns group-6312009A007B:java.util.concurrent.CompletableFuture@110a18c9[Not completed]
2022-12-19 18:39:24,694 [pool-306-thread-1] INFO  server.RaftServer$Division (RaftServerImpl.java:<init>(195)) - 9557de33-fe68-40fe-b687-830f5ee56eaf: new RaftServerImpl for group-6312009A007B:[9557de33-fe68-40fe-b687-830f5ee56eaf|rpc:10.1.0.24:36865|dataStream:10.1.0.24:34463|priority:1|startupRole:FOLLOWER] with ContainerStateMachine:uninitialized
2022-12-19 18:39:24,694 [pool-306-thread-1] INFO  server.RaftServerConfigKeys (ConfUtils.java:logGet(46)) - raft.server.rpc.timeout.min = 5s (custom)
2022-12-19 18:39:24,694 [pool-306-thread-1] INFO  server.RaftServerConfigKeys (ConfUtils.java:logGet(46)) - raft.server.rpc.timeout.max = 5200ms (custom)
2022-12-19 18:39:24,694 [pool-306-thread-1] INFO  server.RaftServerConfigKeys (ConfUtils.java:logGet(46)) - raft.server.rpc.sleep.time = 25ms (default)
2022-12-19 18:39:24,694 [pool-306-thread-1] INFO  server.RaftServerConfigKeys (ConfUtils.java:logGet(46)) - raft.server.rpc.slowness.timeout = 300s (custom)
2022-12-19 18:39:24,694 [pool-306-thread-1] INFO  server.RaftServerConfigKeys (ConfUtils.java:logGet(46)) - raft.server.leaderelection.leader.step-down.wait-time = 10s (default)
2022-12-19 18:39:24,694 [pool-306-thread-1] INFO  server.RaftServerConfigKeys (ConfUtils.java:logGet(46)) - raft.server.sleep.deviation.threshold = 300ms (default)
2022-12-19 18:39:24,694 [pool-306-thread-1] INFO  server.RaftServer$Division (ServerState.java:<init>(118)) - 9557de33-fe68-40fe-b687-830f5ee56eaf@group-6312009A007B: ConfigurationManager, init=-1: peers:[9557de33-fe68-40fe-b687-830f5ee56eaf|rpc:10.1.0.24:36865|dataStream:10.1.0.24:34463|priority:1|startupRole:FOLLOWER]|listeners:[], old=null, confs=<EMPTY_MAP>
2022-12-19 18:39:24,694 [pool-306-thread-1] INFO  server.RaftServerConfigKeys (ConfUtils.java:logGet(46)) - raft.server.storage.dir = [/home/runner/work/ozone/ozone/hadoop-ozone/integration-test/target/test-dir/MiniOzoneClusterImpl-90c20adc-2d54-4d1b-8da5-d2480cc87ad8/datanode-0/data/ratis] (custom)
2022-12-19 18:39:24,695 [pool-306-thread-1] INFO  server.RaftServerConfigKeys (ConfUtils.java:logGet(46)) - raft.server.log.corruption.policy = EXCEPTION (default)
2022-12-19 18:39:24,695 [pool-306-thread-1] INFO  server.RaftServerConfigKeys (ConfUtils.java:logGet(46)) - raft.server.storage.free-space.min = 0MB (=0) (default)
2022-12-19 18:39:24,695 [pool-306-thread-1] INFO  server.RaftServerConfigKeys (ConfUtils.java:logGet(46)) - raft.server.notification.no-leader.timeout = 300s (custom)
2022-12-19 18:39:24,695 [pool-306-thread-1] INFO  server.RaftServerConfigKeys (ConfUtils.java:logGet(46)) - raft.server.retrycache.expirytime = 600000ms (custom)
2022-12-19 18:39:24,695 [pool-306-thread-1] INFO  server.RaftServerConfigKeys (ConfUtils.java:logGet(46)) - raft.server.retrycache.statistics.expirytime = 100μs (default)
2022-12-19 18:39:24,696 [pool-306-thread-1] INFO  server.RaftServerConfigKeys (ConfUtils.java:logGet(46)) - raft.server.log.appender.install.snapshot.enabled = false (custom)
2022-12-19 18:39:24,696 [pool-306-thread-1] INFO  server.RaftServerConfigKeys (ConfUtils.java:logGet(46)) - raft.server.threadpool.server.cached = true (default)
2022-12-19 18:39:24,696 [pool-306-thread-1] INFO  server.RaftServerConfigKeys (ConfUtils.java:logGet(46)) - raft.server.threadpool.server.size = 0 (default)
2022-12-19 18:39:24,696 [pool-306-thread-1] INFO  server.RaftServerConfigKeys (ConfUtils.java:logGet(46)) - raft.server.threadpool.client.cached = true (default)
2022-12-19 18:39:24,696 [pool-306-thread-1] INFO  server.RaftServerConfigKeys (ConfUtils.java:logGet(46)) - raft.server.threadpool.client.size = 0 (default)
2022-12-19 18:39:24,696 [pool-306-thread-1] INFO  storage.RaftStorageDirectory (RaftStorageDirectoryImpl.java:analyzeStorage(137)) - The storage directory /home/runner/work/ozone/ozone/hadoop-ozone/integration-test/target/test-dir/MiniOzoneClusterImpl-90c20adc-2d54-4d1b-8da5-d2480cc87ad8/datanode-0/data/ratis/5c9f3e63-3afc-4d4f-a791-6312009a007b does not exist. Creating ...
2022-12-19 18:39:24,698 [pool-306-thread-1] INFO  storage.RaftStorageDirectory (RaftStorageDirectoryImpl.java:tryLock(231)) - Lock on /home/runner/work/ozone/ozone/hadoop-ozone/integration-test/target/test-dir/MiniOzoneClusterImpl-90c20adc-2d54-4d1b-8da5-d2480cc87ad8/datanode-0/data/ratis/5c9f3e63-3afc-4d4f-a791-6312009a007b/in_use.lock acquired by nodename 10449@fv-az353-760
2022-12-19 18:39:24,699 [pool-306-thread-1] INFO  storage.RaftStorage (RaftStorageImpl.java:format(96)) - Storage directory /home/runner/work/ozone/ozone/hadoop-ozone/integration-test/target/test-dir/MiniOzoneClusterImpl-90c20adc-2d54-4d1b-8da5-d2480cc87ad8/datanode-0/data/ratis/5c9f3e63-3afc-4d4f-a791-6312009a007b has been successfully formatted.
2022-12-19 18:39:24,700 [pool-306-thread-1] INFO  ratis.ContainerStateMachine (ContainerStateMachine.java:loadSnapshot(240)) - group-6312009A007B: The snapshot info is null. Setting the last applied indexto:(t:0, i:~)
2022-12-19 18:39:24,700 [pool-306-thread-1] INFO  server.RaftServerConfigKeys (ConfUtils.java:logGet(46)) - raft.server.log.use.memory = false (default)
2022-12-19 18:39:24,700 [pool-306-thread-1] INFO  server.RaftServerConfigKeys (ConfUtils.java:logGet(46)) - raft.server.log.purge.gap = 1000000 (custom)
2022-12-19 18:39:24,700 [pool-306-thread-1] INFO  server.RaftServerConfigKeys (ConfUtils.java:logGet(46)) - raft.server.log.appender.buffer.byte-limit = 33554432 (custom)
2022-12-19 18:39:24,700 [pool-306-thread-1] INFO  server.RaftServerConfigKeys (ConfUtils.java:logGet(46)) - raft.server.log.statemachine.data.read.timeout = 1000ms (default)
2022-12-19 18:39:24,700 [pool-306-thread-1] INFO  server.RaftServerConfigKeys (ConfUtils.java:logGet(46)) - raft.server.log.purge.preservation.log.num = 0 (default)
2022-12-19 18:39:24,700 [pool-306-thread-1] INFO  server.RaftServerConfigKeys (ConfUtils.java:logGet(46)) - raft.server.log.segment.size.max = 1048576 (custom)
2022-12-19 18:39:24,700 [pool-306-thread-1] INFO  server.RaftServerConfigKeys (ConfUtils.java:logGet(46)) - raft.server.log.segment.cache.num.max = 2 (custom)
2022-12-19 18:39:24,700 [pool-306-thread-1] INFO  server.RaftServerConfigKeys (ConfUtils.java:logGet(46)) - raft.server.log.segment.cache.size.max = 200MB (=209715200) (default)
2022-12-19 18:39:24,700 [pool-306-thread-1] INFO  segmented.SegmentedRaftLogWorker (SegmentedRaftLogWorker.java:<init>(189)) - new 9557de33-fe68-40fe-b687-830f5ee56eaf@group-6312009A007B-SegmentedRaftLogWorker for RaftStorageImpl:Storage Directory /home/runner/work/ozone/ozone/hadoop-ozone/integration-test/target/test-dir/MiniOzoneClusterImpl-90c20adc-2d54-4d1b-8da5-d2480cc87ad8/datanode-0/data/ratis/5c9f3e63-3afc-4d4f-a791-6312009a007b
2022-12-19 18:39:24,701 [pool-306-thread-1] INFO  server.RaftServerConfigKeys (ConfUtils.java:logGet(46)) - raft.server.log.queue.byte-limit = 4294967296 (custom)
2022-12-19 18:39:24,701 [pool-306-thread-1] INFO  server.RaftServerConfigKeys (ConfUtils.java:logGet(46)) - raft.server.log.queue.element-limit = 1024 (custom)
2022-12-19 18:39:24,701 [pool-306-thread-1] INFO  server.RaftServerConfigKeys (ConfUtils.java:logGet(46)) - raft.server.log.segment.size.max = 1048576 (custom)
2022-12-19 18:39:24,701 [pool-306-thread-1] INFO  server.RaftServerConfigKeys (ConfUtils.java:logGet(46)) - raft.server.log.preallocated.size = 16384 (custom)
2022-12-19 18:39:24,701 [pool-306-thread-1] INFO  server.RaftServerConfigKeys (ConfUtils.java:logGet(46)) - raft.server.log.force.sync.num = 128 (default)
2022-12-19 18:39:24,701 [pool-306-thread-1] INFO  server.RaftServerConfigKeys (ConfUtils.java:logGet(46)) - raft.server.log.statemachine.data.sync = true (default)
2022-12-19 18:39:24,701 [pool-306-thread-1] INFO  server.RaftServerConfigKeys (ConfUtils.java:logGet(46)) - raft.server.log.statemachine.data.sync.timeout = 10s (default)
2022-12-19 18:39:24,701 [pool-306-thread-1] INFO  server.RaftServerConfigKeys (ConfUtils.java:logGet(46)) - raft.server.log.statemachine.data.sync.timeout.retry = -1 (default)
2022-12-19 18:39:24,701 [EventQueue-CommandQueueReportForCommandQueueReportHandler] WARN  events.EventQueue (EventQueue.java:fireEvent(216)) - No event handler registered for event TypedEvent{payloadType=DatanodeDetails, name='Datanode_Command_Queue_Updated'}
2022-12-19 18:39:24,702 [EventQueue-PipelineReportForPipelineReportHandler] INFO  pipeline.PipelineManagerImpl (PipelineManagerImpl.java:openPipeline(367)) - Pipeline Pipeline[ Id: 5c9f3e63-3afc-4d4f-a791-6312009a007b, Nodes: 9557de33-fe68-40fe-b687-830f5ee56eaf{ip: 10.1.0.24, host: fv-az353-760.tkyx2seitsuu3nmpmouz2httfb.bx.internal.cloudapp.net, ports: [REPLICATION=40453, RATIS=36865, RATIS_ADMIN=36865, RATIS_SERVER=36865, RATIS_DATASTREAM=34463, STANDALONE=43819], networkLocation: /default-rack, certSerialId: null, persistedOpState: IN_SERVICE, persistedOpStateExpiryEpochSec: 0}, ReplicationConfig: RATIS/ONE, State:ALLOCATED, leaderId:9557de33-fe68-40fe-b687-830f5ee56eaf, CreationTimestamp2022-12-19T18:39:21.700Z[Etc/UTC]] moved to OPEN state
2022-12-19 18:39:24,702 [pool-306-thread-1] INFO  server.RaftServerConfigKeys (ConfUtils.java:logGet(46)) - raft.server.log.write.buffer.size = 1048576 (custom)
2022-12-19 18:39:24,703 [pool-306-thread-1] INFO  server.RaftServerConfigKeys (ConfUtils.java:logGet(46)) - raft.server.log.appender.buffer.byte-limit = 33554432 (custom)
2022-12-19 18:39:24,705 [EventQueue-OpenPipelineForHealthyPipelineSafeModeRule] INFO  safemode.SCMSafeModeManager (HealthyPipelineSafeModeRule.java:process(137)) - SCM in safe mode. Healthy pipelines reported count is 0, required healthy pipeline reported count is 1
2022-12-19 18:39:24,707 [pool-306-thread-1] INFO  server.RaftServerConfigKeys (ConfUtils.java:logGet(46)) - raft.server.log.unsafe-flush.enabled = false (default)
2022-12-19 18:39:24,707 [pool-306-thread-1] INFO  server.RaftServerConfigKeys (ConfUtils.java:logGet(46)) - raft.server.log.async-flush.enabled = false (default)
2022-12-19 18:39:24,707 [pool-306-thread-1] INFO  server.RaftServerConfigKeys (ConfUtils.java:logGet(46)) - raft.server.log.statemachine.data.caching.enabled = true (custom)
2022-12-19 18:39:24,708 [pool-306-thread-1] INFO  segmented.SegmentedRaftLogWorker (SegmentedRaftLogWorker.java:lambda$new$0(135)) - 9557de33-fe68-40fe-b687-830f5ee56eaf@group-6312009A007B-SegmentedRaftLogWorker: flushIndex: setUnconditionally 0 -> -1
2022-12-19 18:39:24,708 [pool-306-thread-1] INFO  segmented.SegmentedRaftLogWorker (SegmentedRaftLogWorker.java:lambda$new$0(135)) - 9557de33-fe68-40fe-b687-830f5ee56eaf@group-6312009A007B-SegmentedRaftLogWorker: safeCacheEvictIndex: setUnconditionally 0 -> -1
2022-12-19 18:39:24,708 [pool-306-thread-1] INFO  server.RaftServer$Division (RaftServerImpl.java:start(334)) - 9557de33-fe68-40fe-b687-830f5ee56eaf@group-6312009A007B: start as a follower, conf=-1: peers:[9557de33-fe68-40fe-b687-830f5ee56eaf|rpc:10.1.0.24:36865|dataStream:10.1.0.24:34463|priority:1|startupRole:FOLLOWER]|listeners:[], old=null
2022-12-19 18:39:24,708 [pool-306-thread-1] INFO  server.RaftServer$Division (RaftServerImpl.java:setRole(321)) - 9557de33-fe68-40fe-b687-830f5ee56eaf@group-6312009A007B: changes role from      null to FOLLOWER at term 0 for startAsFollower
2022-12-19 18:39:24,708 [pool-306-thread-1] INFO  impl.RoleInfo (RoleInfo.java:updateAndGet(139)) - 9557de33-fe68-40fe-b687-830f5ee56eaf: start 9557de33-fe68-40fe-b687-830f5ee56eaf@group-6312009A007B-FollowerState
2022-12-19 18:39:24,708 [pool-306-thread-1] INFO  util.JmxRegister (JmxRegister.java:tryRegister(44)) - Successfully registered JMX Bean with object name Ratis:service=RaftServer,group=group-6312009A007B,id=9557de33-fe68-40fe-b687-830f5ee56eaf
2022-12-19 18:39:24,708 [pool-306-thread-1] INFO  server.RaftServerConfigKeys (ConfUtils.java:logGet(46)) - raft.server.snapshot.auto.trigger.enabled = true (custom)
2022-12-19 18:39:24,708 [pool-306-thread-1] INFO  server.RaftServerConfigKeys (ConfUtils.java:logGet(46)) - raft.server.snapshot.auto.trigger.threshold = 10000 (custom)
2022-12-19 18:39:24,708 [pool-306-thread-1] INFO  server.RaftServerConfigKeys (ConfUtils.java:logGet(46)) - raft.server.snapshot.retention.file.num = 5 (custom)
2022-12-19 18:39:24,708 [pool-306-thread-1] INFO  server.RaftServerConfigKeys (ConfUtils.java:logGet(46)) - raft.server.log.purge.upto.snapshot.index = false (default)
2022-12-19 18:39:24,709 [9557de33-fe68-40fe-b687-830f5ee56eaf@group-6312009A007B-FollowerState] INFO  server.RaftServerConfigKeys (ConfUtils.java:logFallback(53)) - raft.server.rpc.first-election.timeout.min = 5s (fallback to raft.server.rpc.timeout.min)
2022-12-19 18:39:24,709 [9557de33-fe68-40fe-b687-830f5ee56eaf@group-6312009A007B-FollowerState] INFO  server.RaftServerConfigKeys (ConfUtils.java:logFallback(53)) - raft.server.rpc.first-election.timeout.max = 5200ms (fallback to raft.server.rpc.timeout.max)
2022-12-19 18:39:24,713 [Command processor thread] INFO  ratis.XceiverServerRatis (XceiverServerRatis.java:addGroup(806)) - Created group PipelineID=5c9f3e63-3afc-4d4f-a791-6312009a007b
2022-12-19 18:39:24,713 [Command processor thread] INFO  commandhandler.CreatePipelineCommandHandler (CreatePipelineCommandHandler.java:handle(113)) - Created Pipeline RATIS ONE PipelineID=5c9f3e63-3afc-4d4f-a791-6312009a007b.
2022-12-19 18:39:24,713 [Command processor thread] INFO  server.RaftServer (RaftServerProxy.java:addNew(96)) - 9557de33-fe68-40fe-b687-830f5ee56eaf: addNew group-BCCA0AE98F56:[9557de33-fe68-40fe-b687-830f5ee56eaf|rpc:10.1.0.24:36865|dataStream:10.1.0.24:34463|priority:1|startupRole:FOLLOWER, 6d5a55a6-b535-46b1-9113-4eddd06c74b3|rpc:10.1.0.24:37267|dataStream:10.1.0.24:34289|priority:0|startupRole:FOLLOWER, e72e8305-aa7c-42f4-a8e1-859d068dd798|rpc:10.1.0.24:45651|dataStream:10.1.0.24:44743|priority:0|startupRole:FOLLOWER] returns group-BCCA0AE98F56:java.util.concurrent.CompletableFuture@15359e30[Not completed]
2022-12-19 18:39:24,715 [pool-306-thread-1] INFO  server.RaftServer$Division (RaftServerImpl.java:<init>(195)) - 9557de33-fe68-40fe-b687-830f5ee56eaf: new RaftServerImpl for group-BCCA0AE98F56:[9557de33-fe68-40fe-b687-830f5ee56eaf|rpc:10.1.0.24:36865|dataStream:10.1.0.24:34463|priority:1|startupRole:FOLLOWER, 6d5a55a6-b535-46b1-9113-4eddd06c74b3|rpc:10.1.0.24:37267|dataStream:10.1.0.24:34289|priority:0|startupRole:FOLLOWER, e72e8305-aa7c-42f4-a8e1-859d068dd798|rpc:10.1.0.24:45651|dataStream:10.1.0.24:44743|priority:0|startupRole:FOLLOWER] with ContainerStateMachine:uninitialized
2022-12-19 18:39:24,715 [pool-306-thread-1] INFO  server.RaftServerConfigKeys (ConfUtils.java:logGet(46)) - raft.server.rpc.timeout.min = 5s (custom)
2022-12-19 18:39:24,715 [pool-306-thread-1] INFO  server.RaftServerConfigKeys (ConfUtils.java:logGet(46)) - raft.server.rpc.timeout.max = 5200ms (custom)
2022-12-19 18:39:24,715 [pool-306-thread-1] INFO  server.RaftServerConfigKeys (ConfUtils.java:logGet(46)) - raft.server.rpc.sleep.time = 25ms (default)
2022-12-19 18:39:24,715 [pool-306-thread-1] INFO  server.RaftServerConfigKeys (ConfUtils.java:logGet(46)) - raft.server.rpc.slowness.timeout = 300s (custom)
2022-12-19 18:39:24,715 [pool-306-thread-1] INFO  server.RaftServerConfigKeys (ConfUtils.java:logGet(46)) - raft.server.leaderelection.leader.step-down.wait-time = 10s (default)
2022-12-19 18:39:24,715 [pool-306-thread-1] INFO  server.RaftServerConfigKeys (ConfUtils.java:logGet(46)) - raft.server.sleep.deviation.threshold = 300ms (default)
2022-12-19 18:39:24,715 [pool-306-thread-1] INFO  server.RaftServer$Division (ServerState.java:<init>(118)) - 9557de33-fe68-40fe-b687-830f5ee56eaf@group-BCCA0AE98F56: ConfigurationManager, init=-1: peers:[9557de33-fe68-40fe-b687-830f5ee56eaf|rpc:10.1.0.24:36865|dataStream:10.1.0.24:34463|priority:1|startupRole:FOLLOWER, 6d5a55a6-b535-46b1-9113-4eddd06c74b3|rpc:10.1.0.24:37267|dataStream:10.1.0.24:34289|priority:0|startupRole:FOLLOWER, e72e8305-aa7c-42f4-a8e1-859d068dd798|rpc:10.1.0.24:45651|dataStream:10.1.0.24:44743|priority:0|startupRole:FOLLOWER]|listeners:[], old=null, confs=<EMPTY_MAP>
2022-12-19 18:39:24,715 [pool-306-thread-1] INFO  server.RaftServerConfigKeys (ConfUtils.java:logGet(46)) - raft.server.storage.dir = [/home/runner/work/ozone/ozone/hadoop-ozone/integration-test/target/test-dir/MiniOzoneClusterImpl-90c20adc-2d54-4d1b-8da5-d2480cc87ad8/datanode-0/data/ratis] (custom)
2022-12-19 18:39:24,715 [pool-306-thread-1] INFO  server.RaftServerConfigKeys (ConfUtils.java:logGet(46)) - raft.server.log.corruption.policy = EXCEPTION (default)
2022-12-19 18:39:24,715 [pool-306-thread-1] INFO  server.RaftServerConfigKeys (ConfUtils.java:logGet(46)) - raft.server.storage.free-space.min = 0MB (=0) (default)
2022-12-19 18:39:24,715 [pool-306-thread-1] INFO  server.RaftServerConfigKeys (ConfUtils.java:logGet(46)) - raft.server.notification.no-leader.timeout = 300s (custom)
2022-12-19 18:39:24,715 [pool-306-thread-1] INFO  server.RaftServerConfigKeys (ConfUtils.java:logGet(46)) - raft.server.retrycache.expirytime = 600000ms (custom)
2022-12-19 18:39:24,715 [pool-306-thread-1] INFO  server.RaftServerConfigKeys (ConfUtils.java:logGet(46)) - raft.server.retrycache.statistics.expirytime = 100μs (default)
2022-12-19 18:39:24,716 [pool-306-thread-1] INFO  server.RaftServerConfigKeys (ConfUtils.java:logGet(46)) - raft.server.log.appender.install.snapshot.enabled = false (custom)
2022-12-19 18:39:24,716 [pool-306-thread-1] INFO  server.RaftServerConfigKeys (ConfUtils.java:logGet(46)) - raft.server.threadpool.server.cached = true (default)
2022-12-19 18:39:24,716 [pool-306-thread-1] INFO  server.RaftServerConfigKeys (ConfUtils.java:logGet(46)) - raft.server.threadpool.server.size = 0 (default)
2022-12-19 18:39:24,716 [pool-306-thread-1] INFO  server.RaftServerConfigKeys (ConfUtils.java:logGet(46)) - raft.server.threadpool.client.cached = true (default)
2022-12-19 18:39:24,716 [pool-306-thread-1] INFO  server.RaftServerConfigKeys (ConfUtils.java:logGet(46)) - raft.server.threadpool.client.size = 0 (default)
2022-12-19 18:39:24,716 [pool-306-thread-1] INFO  storage.RaftStorageDirectory (RaftStorageDirectoryImpl.java:analyzeStorage(137)) - The storage directory /home/runner/work/ozone/ozone/hadoop-ozone/integration-test/target/test-dir/MiniOzoneClusterImpl-90c20adc-2d54-4d1b-8da5-d2480cc87ad8/datanode-0/data/ratis/e490be5d-3be4-443a-ba5c-bcca0ae98f56 does not exist. Creating ...
2022-12-19 18:39:24,717 [pool-306-thread-1] INFO  storage.RaftStorageDirectory (RaftStorageDirectoryImpl.java:tryLock(231)) - Lock on /home/runner/work/ozone/ozone/hadoop-ozone/integration-test/target/test-dir/MiniOzoneClusterImpl-90c20adc-2d54-4d1b-8da5-d2480cc87ad8/datanode-0/data/ratis/e490be5d-3be4-443a-ba5c-bcca0ae98f56/in_use.lock acquired by nodename 10449@fv-az353-760
2022-12-19 18:39:24,718 [pool-306-thread-1] INFO  storage.RaftStorage (RaftStorageImpl.java:format(96)) - Storage directory /home/runner/work/ozone/ozone/hadoop-ozone/integration-test/target/test-dir/MiniOzoneClusterImpl-90c20adc-2d54-4d1b-8da5-d2480cc87ad8/datanode-0/data/ratis/e490be5d-3be4-443a-ba5c-bcca0ae98f56 has been successfully formatted.
2022-12-19 18:39:24,719 [pool-306-thread-1] INFO  ratis.ContainerStateMachine (ContainerStateMachine.java:loadSnapshot(240)) - group-BCCA0AE98F56: The snapshot info is null. Setting the last applied indexto:(t:0, i:~)
2022-12-19 18:39:24,719 [pool-306-thread-1] INFO  server.RaftServerConfigKeys (ConfUtils.java:logGet(46)) - raft.server.log.use.memory = false (default)
2022-12-19 18:39:24,719 [pool-306-thread-1] INFO  server.RaftServerConfigKeys (ConfUtils.java:logGet(46)) - raft.server.log.purge.gap = 1000000 (custom)
2022-12-19 18:39:24,719 [pool-306-thread-1] INFO  server.RaftServerConfigKeys (ConfUtils.java:logGet(46)) - raft.server.log.appender.buffer.byte-limit = 33554432 (custom)
2022-12-19 18:39:24,719 [pool-306-thread-1] INFO  server.RaftServerConfigKeys (ConfUtils.java:logGet(46)) - raft.server.log.statemachine.data.read.timeout = 1000ms (default)
2022-12-19 18:39:24,719 [pool-306-thread-1] INFO  server.RaftServerConfigKeys (ConfUtils.java:logGet(46)) - raft.server.log.purge.preservation.log.num = 0 (default)
2022-12-19 18:39:24,719 [pool-306-thread-1] INFO  server.RaftServerConfigKeys (ConfUtils.java:logGet(46)) - raft.server.log.segment.size.max = 1048576 (custom)
2022-12-19 18:39:24,719 [pool-306-thread-1] INFO  server.RaftServerConfigKeys (ConfUtils.java:logGet(46)) - raft.server.log.segment.cache.num.max = 2 (custom)
2022-12-19 18:39:24,719 [pool-306-thread-1] INFO  server.RaftServerConfigKeys (ConfUtils.java:logGet(46)) - raft.server.log.segment.cache.size.max = 200MB (=209715200) (default)
2022-12-19 18:39:24,720 [pool-306-thread-1] INFO  segmented.SegmentedRaftLogWorker (SegmentedRaftLogWorker.java:<init>(189)) - new 9557de33-fe68-40fe-b687-830f5ee56eaf@group-BCCA0AE98F56-SegmentedRaftLogWorker for RaftStorageImpl:Storage Directory /home/runner/work/ozone/ozone/hadoop-ozone/integration-test/target/test-dir/MiniOzoneClusterImpl-90c20adc-2d54-4d1b-8da5-d2480cc87ad8/datanode-0/data/ratis/e490be5d-3be4-443a-ba5c-bcca0ae98f56
2022-12-19 18:39:24,720 [pool-306-thread-1] INFO  server.RaftServerConfigKeys (ConfUtils.java:logGet(46)) - raft.server.log.queue.byte-limit = 4294967296 (custom)
2022-12-19 18:39:24,720 [pool-306-thread-1] INFO  server.RaftServerConfigKeys (ConfUtils.java:logGet(46)) - raft.server.log.queue.element-limit = 1024 (custom)
2022-12-19 18:39:24,720 [pool-306-thread-1] INFO  server.RaftServerConfigKeys (ConfUtils.java:logGet(46)) - raft.server.log.segment.size.max = 1048576 (custom)
2022-12-19 18:39:24,720 [pool-306-thread-1] INFO  server.RaftServerConfigKeys (ConfUtils.java:logGet(46)) - raft.server.log.preallocated.size = 16384 (custom)
2022-12-19 18:39:24,720 [pool-306-thread-1] INFO  server.RaftServerConfigKeys (ConfUtils.java:logGet(46)) - raft.server.log.force.sync.num = 128 (default)
2022-12-19 18:39:24,720 [pool-306-thread-1] INFO  server.RaftServerConfigKeys (ConfUtils.java:logGet(46)) - raft.server.log.statemachine.data.sync = true (default)
2022-12-19 18:39:24,720 [pool-306-thread-1] INFO  server.RaftServerConfigKeys (ConfUtils.java:logGet(46)) - raft.server.log.statemachine.data.sync.timeout = 10s (default)
2022-12-19 18:39:24,720 [pool-306-thread-1] INFO  server.RaftServerConfigKeys (ConfUtils.java:logGet(46)) - raft.server.log.statemachine.data.sync.timeout.retry = -1 (default)
2022-12-19 18:39:24,720 [EventQueue-CommandQueueReportForCommandQueueReportHandler] WARN  events.EventQueue (EventQueue.java:fireEvent(216)) - No event handler registered for event TypedEvent{payloadType=DatanodeDetails, name='Datanode_Command_Queue_Updated'}
2022-12-19 18:39:24,720 [EventQueue-OpenPipelineForHealthyPipelineSafeModeRule] INFO  safemode.SCMSafeModeManager (HealthyPipelineSafeModeRule.java:process(137)) - SCM in safe mode. Healthy pipelines reported count is 0, required healthy pipeline reported count is 1
2022-12-19 18:39:24,721 [pool-306-thread-1] INFO  server.RaftServerConfigKeys (ConfUtils.java:logGet(46)) - raft.server.log.write.buffer.size = 1048576 (custom)
2022-12-19 18:39:24,721 [pool-306-thread-1] INFO  server.RaftServerConfigKeys (ConfUtils.java:logGet(46)) - raft.server.log.appender.buffer.byte-limit = 33554432 (custom)
2022-12-19 18:39:24,724 [pool-306-thread-1] INFO  server.RaftServerConfigKeys (ConfUtils.java:logGet(46)) - raft.server.log.unsafe-flush.enabled = false (default)
2022-12-19 18:39:24,724 [pool-306-thread-1] INFO  server.RaftServerConfigKeys (ConfUtils.java:logGet(46)) - raft.server.log.async-flush.enabled = false (default)
2022-12-19 18:39:24,724 [pool-306-thread-1] INFO  server.RaftServerConfigKeys (ConfUtils.java:logGet(46)) - raft.server.log.statemachine.data.caching.enabled = true (custom)
2022-12-19 18:39:24,724 [pool-306-thread-1] INFO  segmented.SegmentedRaftLogWorker (SegmentedRaftLogWorker.java:lambda$new$0(135)) - 9557de33-fe68-40fe-b687-830f5ee56eaf@group-BCCA0AE98F56-SegmentedRaftLogWorker: flushIndex: setUnconditionally 0 -> -1
2022-12-19 18:39:24,724 [pool-306-thread-1] INFO  segmented.SegmentedRaftLogWorker (SegmentedRaftLogWorker.java:lambda$new$0(135)) - 9557de33-fe68-40fe-b687-830f5ee56eaf@group-BCCA0AE98F56-SegmentedRaftLogWorker: safeCacheEvictIndex: setUnconditionally 0 -> -1
2022-12-19 18:39:24,727 [pool-306-thread-1] INFO  server.RaftServer$Division (RaftServerImpl.java:start(334)) - 9557de33-fe68-40fe-b687-830f5ee56eaf@group-BCCA0AE98F56: start as a follower, conf=-1: peers:[9557de33-fe68-40fe-b687-830f5ee56eaf|rpc:10.1.0.24:36865|dataStream:10.1.0.24:34463|priority:1|startupRole:FOLLOWER, 6d5a55a6-b535-46b1-9113-4eddd06c74b3|rpc:10.1.0.24:37267|dataStream:10.1.0.24:34289|priority:0|startupRole:FOLLOWER, e72e8305-aa7c-42f4-a8e1-859d068dd798|rpc:10.1.0.24:45651|dataStream:10.1.0.24:44743|priority:0|startupRole:FOLLOWER]|listeners:[], old=null
2022-12-19 18:39:24,727 [pool-306-thread-1] INFO  server.RaftServer$Division (RaftServerImpl.java:setRole(321)) - 9557de33-fe68-40fe-b687-830f5ee56eaf@group-BCCA0AE98F56: changes role from      null to FOLLOWER at term 0 for startAsFollower
2022-12-19 18:39:24,727 [pool-306-thread-1] INFO  impl.RoleInfo (RoleInfo.java:updateAndGet(139)) - 9557de33-fe68-40fe-b687-830f5ee56eaf: start 9557de33-fe68-40fe-b687-830f5ee56eaf@group-BCCA0AE98F56-FollowerState
2022-12-19 18:39:24,730 [pool-306-thread-1] INFO  util.JmxRegister (JmxRegister.java:tryRegister(44)) - Successfully registered JMX Bean with object name Ratis:service=RaftServer,group=group-BCCA0AE98F56,id=9557de33-fe68-40fe-b687-830f5ee56eaf
2022-12-19 18:39:24,730 [pool-306-thread-1] INFO  server.RaftServerConfigKeys (ConfUtils.java:logGet(46)) - raft.server.snapshot.auto.trigger.enabled = true (custom)
2022-12-19 18:39:24,730 [pool-306-thread-1] INFO  server.RaftServerConfigKeys (ConfUtils.java:logGet(46)) - raft.server.snapshot.auto.trigger.threshold = 10000 (custom)
2022-12-19 18:39:24,730 [pool-306-thread-1] INFO  server.RaftServerConfigKeys (ConfUtils.java:logGet(46)) - raft.server.snapshot.retention.file.num = 5 (custom)
2022-12-19 18:39:24,730 [pool-306-thread-1] INFO  server.RaftServerConfigKeys (ConfUtils.java:logGet(46)) - raft.server.log.purge.upto.snapshot.index = false (default)
2022-12-19 18:39:24,730 [9557de33-fe68-40fe-b687-830f5ee56eaf@group-BCCA0AE98F56-FollowerState] INFO  server.RaftServerConfigKeys (ConfUtils.java:logFallback(53)) - raft.server.rpc.first-election.timeout.min = 5s (fallback to raft.server.rpc.timeout.min)
2022-12-19 18:39:24,730 [9557de33-fe68-40fe-b687-830f5ee56eaf@group-BCCA0AE98F56-FollowerState] INFO  server.RaftServerConfigKeys (ConfUtils.java:logFallback(53)) - raft.server.rpc.first-election.timeout.max = 5200ms (fallback to raft.server.rpc.timeout.max)
2022-12-19 18:39:24,731 [Command processor thread] INFO  ratis.XceiverServerRatis (XceiverServerRatis.java:addGroup(806)) - Created group PipelineID=e490be5d-3be4-443a-ba5c-bcca0ae98f56
2022-12-19 18:39:24,751 [grpc-default-executor-0] INFO  server.RaftServer (RaftServerProxy.java:addNew(96)) - 6d5a55a6-b535-46b1-9113-4eddd06c74b3: addNew group-BCCA0AE98F56:[9557de33-fe68-40fe-b687-830f5ee56eaf|rpc:10.1.0.24:36865|dataStream:10.1.0.24:34463|priority:1|startupRole:FOLLOWER, 6d5a55a6-b535-46b1-9113-4eddd06c74b3|rpc:10.1.0.24:37267|dataStream:10.1.0.24:34289|priority:0|startupRole:FOLLOWER, e72e8305-aa7c-42f4-a8e1-859d068dd798|rpc:10.1.0.24:45651|dataStream:10.1.0.24:44743|priority:0|startupRole:FOLLOWER] returns group-BCCA0AE98F56:java.util.concurrent.CompletableFuture@141b9096[Not completed]
2022-12-19 18:39:24,752 [pool-352-thread-1] INFO  server.RaftServer$Division (RaftServerImpl.java:<init>(195)) - 6d5a55a6-b535-46b1-9113-4eddd06c74b3: new RaftServerImpl for group-BCCA0AE98F56:[9557de33-fe68-40fe-b687-830f5ee56eaf|rpc:10.1.0.24:36865|dataStream:10.1.0.24:34463|priority:1|startupRole:FOLLOWER, 6d5a55a6-b535-46b1-9113-4eddd06c74b3|rpc:10.1.0.24:37267|dataStream:10.1.0.24:34289|priority:0|startupRole:FOLLOWER, e72e8305-aa7c-42f4-a8e1-859d068dd798|rpc:10.1.0.24:45651|dataStream:10.1.0.24:44743|priority:0|startupRole:FOLLOWER] with ContainerStateMachine:uninitialized
2022-12-19 18:39:24,752 [pool-352-thread-1] INFO  server.RaftServerConfigKeys (ConfUtils.java:logGet(46)) - raft.server.rpc.timeout.min = 5s (custom)
2022-12-19 18:39:24,752 [pool-352-thread-1] INFO  server.RaftServerConfigKeys (ConfUtils.java:logGet(46)) - raft.server.rpc.timeout.max = 5200ms (custom)
2022-12-19 18:39:24,752 [pool-352-thread-1] INFO  server.RaftServerConfigKeys (ConfUtils.java:logGet(46)) - raft.server.rpc.sleep.time = 25ms (default)
2022-12-19 18:39:24,752 [pool-352-thread-1] INFO  server.RaftServerConfigKeys (ConfUtils.java:logGet(46)) - raft.server.rpc.slowness.timeout = 300s (custom)
2022-12-19 18:39:24,752 [pool-352-thread-1] INFO  server.RaftServerConfigKeys (ConfUtils.java:logGet(46)) - raft.server.leaderelection.leader.step-down.wait-time = 10s (default)
2022-12-19 18:39:24,752 [pool-352-thread-1] INFO  server.RaftServerConfigKeys (ConfUtils.java:logGet(46)) - raft.server.sleep.deviation.threshold = 300ms (default)
2022-12-19 18:39:24,752 [pool-352-thread-1] INFO  server.RaftServer$Division (ServerState.java:<init>(118)) - 6d5a55a6-b535-46b1-9113-4eddd06c74b3@group-BCCA0AE98F56: ConfigurationManager, init=-1: peers:[9557de33-fe68-40fe-b687-830f5ee56eaf|rpc:10.1.0.24:36865|dataStream:10.1.0.24:34463|priority:1|startupRole:FOLLOWER, 6d5a55a6-b535-46b1-9113-4eddd06c74b3|rpc:10.1.0.24:37267|dataStream:10.1.0.24:34289|priority:0|startupRole:FOLLOWER, e72e8305-aa7c-42f4-a8e1-859d068dd798|rpc:10.1.0.24:45651|dataStream:10.1.0.24:44743|priority:0|startupRole:FOLLOWER]|listeners:[], old=null, confs=<EMPTY_MAP>
2022-12-19 18:39:24,752 [pool-352-thread-1] INFO  server.RaftServerConfigKeys (ConfUtils.java:logGet(46)) - raft.server.storage.dir = [/home/runner/work/ozone/ozone/hadoop-ozone/integration-test/target/test-dir/MiniOzoneClusterImpl-90c20adc-2d54-4d1b-8da5-d2480cc87ad8/datanode-2/data/ratis] (custom)
2022-12-19 18:39:24,752 [pool-352-thread-1] INFO  server.RaftServerConfigKeys (ConfUtils.java:logGet(46)) - raft.server.log.corruption.policy = EXCEPTION (default)
2022-12-19 18:39:24,752 [pool-352-thread-1] INFO  server.RaftServerConfigKeys (ConfUtils.java:logGet(46)) - raft.server.storage.free-space.min = 0MB (=0) (default)
2022-12-19 18:39:24,752 [pool-352-thread-1] INFO  server.RaftServerConfigKeys (ConfUtils.java:logGet(46)) - raft.server.notification.no-leader.timeout = 300s (custom)
2022-12-19 18:39:24,752 [pool-352-thread-1] INFO  server.RaftServerConfigKeys (ConfUtils.java:logGet(46)) - raft.server.retrycache.expirytime = 600000ms (custom)
2022-12-19 18:39:24,752 [pool-352-thread-1] INFO  server.RaftServerConfigKeys (ConfUtils.java:logGet(46)) - raft.server.retrycache.statistics.expirytime = 100μs (default)
2022-12-19 18:39:24,753 [pool-352-thread-1] INFO  server.RaftServerConfigKeys (ConfUtils.java:logGet(46)) - raft.server.log.appender.install.snapshot.enabled = false (custom)
2022-12-19 18:39:24,753 [pool-352-thread-1] INFO  server.RaftServerConfigKeys (ConfUtils.java:logGet(46)) - raft.server.threadpool.server.cached = true (default)
2022-12-19 18:39:24,753 [pool-352-thread-1] INFO  server.RaftServerConfigKeys (ConfUtils.java:logGet(46)) - raft.server.threadpool.server.size = 0 (default)
2022-12-19 18:39:24,753 [pool-352-thread-1] INFO  server.RaftServerConfigKeys (ConfUtils.java:logGet(46)) - raft.server.threadpool.client.cached = true (default)
2022-12-19 18:39:24,753 [pool-352-thread-1] INFO  server.RaftServerConfigKeys (ConfUtils.java:logGet(46)) - raft.server.threadpool.client.size = 0 (default)
2022-12-19 18:39:24,753 [pool-352-thread-1] INFO  storage.RaftStorageDirectory (RaftStorageDirectoryImpl.java:analyzeStorage(137)) - The storage directory /home/runner/work/ozone/ozone/hadoop-ozone/integration-test/target/test-dir/MiniOzoneClusterImpl-90c20adc-2d54-4d1b-8da5-d2480cc87ad8/datanode-2/data/ratis/e490be5d-3be4-443a-ba5c-bcca0ae98f56 does not exist. Creating ...
2022-12-19 18:39:24,755 [pool-352-thread-1] INFO  storage.RaftStorageDirectory (RaftStorageDirectoryImpl.java:tryLock(231)) - Lock on /home/runner/work/ozone/ozone/hadoop-ozone/integration-test/target/test-dir/MiniOzoneClusterImpl-90c20adc-2d54-4d1b-8da5-d2480cc87ad8/datanode-2/data/ratis/e490be5d-3be4-443a-ba5c-bcca0ae98f56/in_use.lock acquired by nodename 10449@fv-az353-760
2022-12-19 18:39:24,755 [pool-352-thread-1] INFO  storage.RaftStorage (RaftStorageImpl.java:format(96)) - Storage directory /home/runner/work/ozone/ozone/hadoop-ozone/integration-test/target/test-dir/MiniOzoneClusterImpl-90c20adc-2d54-4d1b-8da5-d2480cc87ad8/datanode-2/data/ratis/e490be5d-3be4-443a-ba5c-bcca0ae98f56 has been successfully formatted.
2022-12-19 18:39:24,756 [pool-352-thread-1] INFO  ratis.ContainerStateMachine (ContainerStateMachine.java:loadSnapshot(240)) - group-BCCA0AE98F56: The snapshot info is null. Setting the last applied indexto:(t:0, i:~)
2022-12-19 18:39:24,756 [pool-352-thread-1] INFO  server.RaftServerConfigKeys (ConfUtils.java:logGet(46)) - raft.server.log.use.memory = false (default)
2022-12-19 18:39:24,756 [pool-352-thread-1] INFO  server.RaftServerConfigKeys (ConfUtils.java:logGet(46)) - raft.server.log.purge.gap = 1000000 (custom)
2022-12-19 18:39:24,756 [pool-352-thread-1] INFO  server.RaftServerConfigKeys (ConfUtils.java:logGet(46)) - raft.server.log.appender.buffer.byte-limit = 33554432 (custom)
2022-12-19 18:39:24,757 [pool-352-thread-1] INFO  server.RaftServerConfigKeys (ConfUtils.java:logGet(46)) - raft.server.log.statemachine.data.read.timeout = 1000ms (default)
2022-12-19 18:39:24,757 [pool-352-thread-1] INFO  server.RaftServerConfigKeys (ConfUtils.java:logGet(46)) - raft.server.log.purge.preservation.log.num = 0 (default)
2022-12-19 18:39:24,757 [pool-352-thread-1] INFO  server.RaftServerConfigKeys (ConfUtils.java:logGet(46)) - raft.server.log.segment.size.max = 1048576 (custom)
2022-12-19 18:39:24,757 [EventQueue-CommandQueueReportForCommandQueueReportHandler] WARN  events.EventQueue (EventQueue.java:fireEvent(216)) - No event handler registered for event TypedEvent{payloadType=DatanodeDetails, name='Datanode_Command_Queue_Updated'}
2022-12-19 18:39:24,758 [pool-352-thread-1] INFO  server.RaftServerConfigKeys (ConfUtils.java:logGet(46)) - raft.server.log.segment.cache.num.max = 2 (custom)
2022-12-19 18:39:24,758 [pool-352-thread-1] INFO  server.RaftServerConfigKeys (ConfUtils.java:logGet(46)) - raft.server.log.segment.cache.size.max = 200MB (=209715200) (default)
2022-12-19 18:39:24,758 [pool-352-thread-1] INFO  segmented.SegmentedRaftLogWorker (SegmentedRaftLogWorker.java:<init>(189)) - new 6d5a55a6-b535-46b1-9113-4eddd06c74b3@group-BCCA0AE98F56-SegmentedRaftLogWorker for RaftStorageImpl:Storage Directory /home/runner/work/ozone/ozone/hadoop-ozone/integration-test/target/test-dir/MiniOzoneClusterImpl-90c20adc-2d54-4d1b-8da5-d2480cc87ad8/datanode-2/data/ratis/e490be5d-3be4-443a-ba5c-bcca0ae98f56
2022-12-19 18:39:24,758 [pool-352-thread-1] INFO  server.RaftServerConfigKeys (ConfUtils.java:logGet(46)) - raft.server.log.queue.byte-limit = 4294967296 (custom)
2022-12-19 18:39:24,760 [pool-352-thread-1] INFO  server.RaftServerConfigKeys (ConfUtils.java:logGet(46)) - raft.server.log.queue.element-limit = 1024 (custom)
2022-12-19 18:39:24,761 [pool-352-thread-1] INFO  server.RaftServerConfigKeys (ConfUtils.java:logGet(46)) - raft.server.log.segment.size.max = 1048576 (custom)
2022-12-19 18:39:24,761 [pool-352-thread-1] INFO  server.RaftServerConfigKeys (ConfUtils.java:logGet(46)) - raft.server.log.preallocated.size = 16384 (custom)
2022-12-19 18:39:24,761 [pool-352-thread-1] INFO  server.RaftServerConfigKeys (ConfUtils.java:logGet(46)) - raft.server.log.force.sync.num = 128 (default)
2022-12-19 18:39:24,761 [pool-352-thread-1] INFO  server.RaftServerConfigKeys (ConfUtils.java:logGet(46)) - raft.server.log.statemachine.data.sync = true (default)
2022-12-19 18:39:24,761 [pool-352-thread-1] INFO  server.RaftServerConfigKeys (ConfUtils.java:logGet(46)) - raft.server.log.statemachine.data.sync.timeout = 10s (default)
2022-12-19 18:39:24,761 [pool-352-thread-1] INFO  server.RaftServerConfigKeys (ConfUtils.java:logGet(46)) - raft.server.log.statemachine.data.sync.timeout.retry = -1 (default)
2022-12-19 18:39:24,762 [pool-352-thread-1] INFO  server.RaftServerConfigKeys (ConfUtils.java:logGet(46)) - raft.server.log.write.buffer.size = 1048576 (custom)
2022-12-19 18:39:24,762 [pool-352-thread-1] INFO  server.RaftServerConfigKeys (ConfUtils.java:logGet(46)) - raft.server.log.appender.buffer.byte-limit = 33554432 (custom)
2022-12-19 18:39:24,765 [pool-352-thread-1] INFO  server.RaftServerConfigKeys (ConfUtils.java:logGet(46)) - raft.server.log.unsafe-flush.enabled = false (default)
2022-12-19 18:39:24,765 [pool-352-thread-1] INFO  server.RaftServerConfigKeys (ConfUtils.java:logGet(46)) - raft.server.log.async-flush.enabled = false (default)
2022-12-19 18:39:24,766 [pool-352-thread-1] INFO  server.RaftServerConfigKeys (ConfUtils.java:logGet(46)) - raft.server.log.statemachine.data.caching.enabled = true (custom)
2022-12-19 18:39:24,766 [pool-352-thread-1] INFO  segmented.SegmentedRaftLogWorker (SegmentedRaftLogWorker.java:lambda$new$0(135)) - 6d5a55a6-b535-46b1-9113-4eddd06c74b3@group-BCCA0AE98F56-SegmentedRaftLogWorker: flushIndex: setUnconditionally 0 -> -1
2022-12-19 18:39:24,766 [pool-352-thread-1] INFO  segmented.SegmentedRaftLogWorker (SegmentedRaftLogWorker.java:lambda$new$0(135)) - 6d5a55a6-b535-46b1-9113-4eddd06c74b3@group-BCCA0AE98F56-SegmentedRaftLogWorker: safeCacheEvictIndex: setUnconditionally 0 -> -1
2022-12-19 18:39:24,767 [pool-352-thread-1] INFO  server.RaftServer$Division (RaftServerImpl.java:start(334)) - 6d5a55a6-b535-46b1-9113-4eddd06c74b3@group-BCCA0AE98F56: start as a follower, conf=-1: peers:[9557de33-fe68-40fe-b687-830f5ee56eaf|rpc:10.1.0.24:36865|dataStream:10.1.0.24:34463|priority:1|startupRole:FOLLOWER, 6d5a55a6-b535-46b1-9113-4eddd06c74b3|rpc:10.1.0.24:37267|dataStream:10.1.0.24:34289|priority:0|startupRole:FOLLOWER, e72e8305-aa7c-42f4-a8e1-859d068dd798|rpc:10.1.0.24:45651|dataStream:10.1.0.24:44743|priority:0|startupRole:FOLLOWER]|listeners:[], old=null
2022-12-19 18:39:24,767 [pool-352-thread-1] INFO  server.RaftServer$Division (RaftServerImpl.java:setRole(321)) - 6d5a55a6-b535-46b1-9113-4eddd06c74b3@group-BCCA0AE98F56: changes role from      null to FOLLOWER at term 0 for startAsFollower
2022-12-19 18:39:24,767 [pool-352-thread-1] INFO  impl.RoleInfo (RoleInfo.java:updateAndGet(139)) - 6d5a55a6-b535-46b1-9113-4eddd06c74b3: start 6d5a55a6-b535-46b1-9113-4eddd06c74b3@group-BCCA0AE98F56-FollowerState
2022-12-19 18:39:24,767 [pool-352-thread-1] INFO  util.JmxRegister (JmxRegister.java:tryRegister(44)) - Successfully registered JMX Bean with object name Ratis:service=RaftServer,group=group-BCCA0AE98F56,id=6d5a55a6-b535-46b1-9113-4eddd06c74b3
2022-12-19 18:39:24,767 [pool-352-thread-1] INFO  server.RaftServerConfigKeys (ConfUtils.java:logGet(46)) - raft.server.snapshot.auto.trigger.enabled = true (custom)
2022-12-19 18:39:24,767 [pool-352-thread-1] INFO  server.RaftServerConfigKeys (ConfUtils.java:logGet(46)) - raft.server.snapshot.auto.trigger.threshold = 10000 (custom)
2022-12-19 18:39:24,767 [pool-352-thread-1] INFO  server.RaftServerConfigKeys (ConfUtils.java:logGet(46)) - raft.server.snapshot.retention.file.num = 5 (custom)
2022-12-19 18:39:24,767 [pool-352-thread-1] INFO  server.RaftServerConfigKeys (ConfUtils.java:logGet(46)) - raft.server.log.purge.upto.snapshot.index = false (default)
2022-12-19 18:39:24,769 [6d5a55a6-b535-46b1-9113-4eddd06c74b3@group-BCCA0AE98F56-FollowerState] INFO  server.RaftServerConfigKeys (ConfUtils.java:logFallback(53)) - raft.server.rpc.first-election.timeout.min = 5s (fallback to raft.server.rpc.timeout.min)
2022-12-19 18:39:24,769 [6d5a55a6-b535-46b1-9113-4eddd06c74b3@group-BCCA0AE98F56-FollowerState] INFO  server.RaftServerConfigKeys (ConfUtils.java:logFallback(53)) - raft.server.rpc.first-election.timeout.max = 5200ms (fallback to raft.server.rpc.timeout.max)
2022-12-19 18:39:24,798 [grpc-default-executor-0] INFO  server.RaftServer (RaftServerProxy.java:addNew(96)) - e72e8305-aa7c-42f4-a8e1-859d068dd798: addNew group-BCCA0AE98F56:[9557de33-fe68-40fe-b687-830f5ee56eaf|rpc:10.1.0.24:36865|dataStream:10.1.0.24:34463|priority:1|startupRole:FOLLOWER, 6d5a55a6-b535-46b1-9113-4eddd06c74b3|rpc:10.1.0.24:37267|dataStream:10.1.0.24:34289|priority:0|startupRole:FOLLOWER, e72e8305-aa7c-42f4-a8e1-859d068dd798|rpc:10.1.0.24:45651|dataStream:10.1.0.24:44743|priority:0|startupRole:FOLLOWER] returns group-BCCA0AE98F56:java.util.concurrent.CompletableFuture@2692cb6c[Not completed]
2022-12-19 18:39:24,800 [pool-329-thread-1] INFO  server.RaftServer$Division (RaftServerImpl.java:<init>(195)) - e72e8305-aa7c-42f4-a8e1-859d068dd798: new RaftServerImpl for group-BCCA0AE98F56:[9557de33-fe68-40fe-b687-830f5ee56eaf|rpc:10.1.0.24:36865|dataStream:10.1.0.24:34463|priority:1|startupRole:FOLLOWER, 6d5a55a6-b535-46b1-9113-4eddd06c74b3|rpc:10.1.0.24:37267|dataStream:10.1.0.24:34289|priority:0|startupRole:FOLLOWER, e72e8305-aa7c-42f4-a8e1-859d068dd798|rpc:10.1.0.24:45651|dataStream:10.1.0.24:44743|priority:0|startupRole:FOLLOWER] with ContainerStateMachine:uninitialized
2022-12-19 18:39:24,800 [pool-329-thread-1] INFO  server.RaftServerConfigKeys (ConfUtils.java:logGet(46)) - raft.server.rpc.timeout.min = 5s (custom)
2022-12-19 18:39:24,800 [pool-329-thread-1] INFO  server.RaftServerConfigKeys (ConfUtils.java:logGet(46)) - raft.server.rpc.timeout.max = 5200ms (custom)
2022-12-19 18:39:24,800 [pool-329-thread-1] INFO  server.RaftServerConfigKeys (ConfUtils.java:logGet(46)) - raft.server.rpc.sleep.time = 25ms (default)
2022-12-19 18:39:24,800 [pool-329-thread-1] INFO  server.RaftServerConfigKeys (ConfUtils.java:logGet(46)) - raft.server.rpc.slowness.timeout = 300s (custom)
2022-12-19 18:39:24,800 [pool-329-thread-1] INFO  server.RaftServerConfigKeys (ConfUtils.java:logGet(46)) - raft.server.leaderelection.leader.step-down.wait-time = 10s (default)
2022-12-19 18:39:24,800 [pool-329-thread-1] INFO  server.RaftServerConfigKeys (ConfUtils.java:logGet(46)) - raft.server.sleep.deviation.threshold = 300ms (default)
2022-12-19 18:39:24,800 [pool-329-thread-1] INFO  server.RaftServer$Division (ServerState.java:<init>(118)) - e72e8305-aa7c-42f4-a8e1-859d068dd798@group-BCCA0AE98F56: ConfigurationManager, init=-1: peers:[9557de33-fe68-40fe-b687-830f5ee56eaf|rpc:10.1.0.24:36865|dataStream:10.1.0.24:34463|priority:1|startupRole:FOLLOWER, 6d5a55a6-b535-46b1-9113-4eddd06c74b3|rpc:10.1.0.24:37267|dataStream:10.1.0.24:34289|priority:0|startupRole:FOLLOWER, e72e8305-aa7c-42f4-a8e1-859d068dd798|rpc:10.1.0.24:45651|dataStream:10.1.0.24:44743|priority:0|startupRole:FOLLOWER]|listeners:[], old=null, confs=<EMPTY_MAP>
2022-12-19 18:39:24,801 [pool-329-thread-1] INFO  server.RaftServerConfigKeys (ConfUtils.java:logGet(46)) - raft.server.storage.dir = [/home/runner/work/ozone/ozone/hadoop-ozone/integration-test/target/test-dir/MiniOzoneClusterImpl-90c20adc-2d54-4d1b-8da5-d2480cc87ad8/datanode-1/data/ratis] (custom)
2022-12-19 18:39:24,801 [pool-329-thread-1] INFO  server.RaftServerConfigKeys (ConfUtils.java:logGet(46)) - raft.server.log.corruption.policy = EXCEPTION (default)
2022-12-19 18:39:24,801 [pool-329-thread-1] INFO  server.RaftServerConfigKeys (ConfUtils.java:logGet(46)) - raft.server.storage.free-space.min = 0MB (=0) (default)
2022-12-19 18:39:24,801 [pool-329-thread-1] INFO  server.RaftServerConfigKeys (ConfUtils.java:logGet(46)) - raft.server.notification.no-leader.timeout = 300s (custom)
2022-12-19 18:39:24,801 [pool-329-thread-1] INFO  server.RaftServerConfigKeys (ConfUtils.java:logGet(46)) - raft.server.retrycache.expirytime = 600000ms (custom)
2022-12-19 18:39:24,801 [pool-329-thread-1] INFO  server.RaftServerConfigKeys (ConfUtils.java:logGet(46)) - raft.server.retrycache.statistics.expirytime = 100μs (default)
2022-12-19 18:39:24,802 [pool-329-thread-1] INFO  server.RaftServerConfigKeys (ConfUtils.java:logGet(46)) - raft.server.log.appender.install.snapshot.enabled = false (custom)
2022-12-19 18:39:24,802 [pool-329-thread-1] INFO  server.RaftServerConfigKeys (ConfUtils.java:logGet(46)) - raft.server.threadpool.server.cached = true (default)
2022-12-19 18:39:24,802 [pool-329-thread-1] INFO  server.RaftServerConfigKeys (ConfUtils.java:logGet(46)) - raft.server.threadpool.server.size = 0 (default)
2022-12-19 18:39:24,802 [pool-329-thread-1] INFO  server.RaftServerConfigKeys (ConfUtils.java:logGet(46)) - raft.server.threadpool.client.cached = true (default)
2022-12-19 18:39:24,802 [pool-329-thread-1] INFO  server.RaftServerConfigKeys (ConfUtils.java:logGet(46)) - raft.server.threadpool.client.size = 0 (default)
2022-12-19 18:39:24,803 [pool-329-thread-1] INFO  storage.RaftStorageDirectory (RaftStorageDirectoryImpl.java:analyzeStorage(137)) - The storage directory /home/runner/work/ozone/ozone/hadoop-ozone/integration-test/target/test-dir/MiniOzoneClusterImpl-90c20adc-2d54-4d1b-8da5-d2480cc87ad8/datanode-1/data/ratis/e490be5d-3be4-443a-ba5c-bcca0ae98f56 does not exist. Creating ...
2022-12-19 18:39:24,805 [pool-329-thread-1] INFO  storage.RaftStorageDirectory (RaftStorageDirectoryImpl.java:tryLock(231)) - Lock on /home/runner/work/ozone/ozone/hadoop-ozone/integration-test/target/test-dir/MiniOzoneClusterImpl-90c20adc-2d54-4d1b-8da5-d2480cc87ad8/datanode-1/data/ratis/e490be5d-3be4-443a-ba5c-bcca0ae98f56/in_use.lock acquired by nodename 10449@fv-az353-760
2022-12-19 18:39:24,806 [pool-329-thread-1] INFO  storage.RaftStorage (RaftStorageImpl.java:format(96)) - Storage directory /home/runner/work/ozone/ozone/hadoop-ozone/integration-test/target/test-dir/MiniOzoneClusterImpl-90c20adc-2d54-4d1b-8da5-d2480cc87ad8/datanode-1/data/ratis/e490be5d-3be4-443a-ba5c-bcca0ae98f56 has been successfully formatted.
2022-12-19 18:39:24,808 [EventQueue-CommandQueueReportForCommandQueueReportHandler] WARN  events.EventQueue (EventQueue.java:fireEvent(216)) - No event handler registered for event TypedEvent{payloadType=DatanodeDetails, name='Datanode_Command_Queue_Updated'}
2022-12-19 18:39:24,809 [pool-329-thread-1] INFO  ratis.ContainerStateMachine (ContainerStateMachine.java:loadSnapshot(240)) - group-BCCA0AE98F56: The snapshot info is null. Setting the last applied indexto:(t:0, i:~)
2022-12-19 18:39:24,809 [pool-329-thread-1] INFO  server.RaftServerConfigKeys (ConfUtils.java:logGet(46)) - raft.server.log.use.memory = false (default)
2022-12-19 18:39:24,809 [pool-329-thread-1] INFO  server.RaftServerConfigKeys (ConfUtils.java:logGet(46)) - raft.server.log.purge.gap = 1000000 (custom)
2022-12-19 18:39:24,809 [pool-329-thread-1] INFO  server.RaftServerConfigKeys (ConfUtils.java:logGet(46)) - raft.server.log.appender.buffer.byte-limit = 33554432 (custom)
2022-12-19 18:39:24,809 [pool-329-thread-1] INFO  server.RaftServerConfigKeys (ConfUtils.java:logGet(46)) - raft.server.log.statemachine.data.read.timeout = 1000ms (default)
2022-12-19 18:39:24,809 [pool-329-thread-1] INFO  server.RaftServerConfigKeys (ConfUtils.java:logGet(46)) - raft.server.log.purge.preservation.log.num = 0 (default)
2022-12-19 18:39:24,809 [pool-329-thread-1] INFO  server.RaftServerConfigKeys (ConfUtils.java:logGet(46)) - raft.server.log.segment.size.max = 1048576 (custom)
2022-12-19 18:39:24,810 [pool-329-thread-1] INFO  server.RaftServerConfigKeys (ConfUtils.java:logGet(46)) - raft.server.log.segment.cache.num.max = 2 (custom)
2022-12-19 18:39:24,810 [pool-329-thread-1] INFO  server.RaftServerConfigKeys (ConfUtils.java:logGet(46)) - raft.server.log.segment.cache.size.max = 200MB (=209715200) (default)
2022-12-19 18:39:24,810 [pool-329-thread-1] INFO  segmented.SegmentedRaftLogWorker (SegmentedRaftLogWorker.java:<init>(189)) - new e72e8305-aa7c-42f4-a8e1-859d068dd798@group-BCCA0AE98F56-SegmentedRaftLogWorker for RaftStorageImpl:Storage Directory /home/runner/work/ozone/ozone/hadoop-ozone/integration-test/target/test-dir/MiniOzoneClusterImpl-90c20adc-2d54-4d1b-8da5-d2480cc87ad8/datanode-1/data/ratis/e490be5d-3be4-443a-ba5c-bcca0ae98f56
2022-12-19 18:39:24,810 [pool-329-thread-1] INFO  server.RaftServerConfigKeys (ConfUtils.java:logGet(46)) - raft.server.log.queue.byte-limit = 4294967296 (custom)
2022-12-19 18:39:24,810 [pool-329-thread-1] INFO  server.RaftServerConfigKeys (ConfUtils.java:logGet(46)) - raft.server.log.queue.element-limit = 1024 (custom)
2022-12-19 18:39:24,810 [pool-329-thread-1] INFO  server.RaftServerConfigKeys (ConfUtils.java:logGet(46)) - raft.server.log.segment.size.max = 1048576 (custom)
2022-12-19 18:39:24,810 [pool-329-thread-1] INFO  server.RaftServerConfigKeys (ConfUtils.java:logGet(46)) - raft.server.log.preallocated.size = 16384 (custom)
2022-12-19 18:39:24,810 [pool-329-thread-1] INFO  server.RaftServerConfigKeys (ConfUtils.java:logGet(46)) - raft.server.log.force.sync.num = 128 (default)
2022-12-19 18:39:24,810 [pool-329-thread-1] INFO  server.RaftServerConfigKeys (ConfUtils.java:logGet(46)) - raft.server.log.statemachine.data.sync = true (default)
2022-12-19 18:39:24,810 [pool-329-thread-1] INFO  server.RaftServerConfigKeys (ConfUtils.java:logGet(46)) - raft.server.log.statemachine.data.sync.timeout = 10s (default)
2022-12-19 18:39:24,810 [pool-329-thread-1] INFO  server.RaftServerConfigKeys (ConfUtils.java:logGet(46)) - raft.server.log.statemachine.data.sync.timeout.retry = -1 (default)
2022-12-19 18:39:24,811 [pool-329-thread-1] INFO  server.RaftServerConfigKeys (ConfUtils.java:logGet(46)) - raft.server.log.write.buffer.size = 1048576 (custom)
2022-12-19 18:39:24,811 [pool-329-thread-1] INFO  server.RaftServerConfigKeys (ConfUtils.java:logGet(46)) - raft.server.log.appender.buffer.byte-limit = 33554432 (custom)
2022-12-19 18:39:24,814 [pool-329-thread-1] INFO  server.RaftServerConfigKeys (ConfUtils.java:logGet(46)) - raft.server.log.unsafe-flush.enabled = false (default)
2022-12-19 18:39:24,814 [pool-329-thread-1] INFO  server.RaftServerConfigKeys (ConfUtils.java:logGet(46)) - raft.server.log.async-flush.enabled = false (default)
2022-12-19 18:39:24,814 [pool-329-thread-1] INFO  server.RaftServerConfigKeys (ConfUtils.java:logGet(46)) - raft.server.log.statemachine.data.caching.enabled = true (custom)
2022-12-19 18:39:24,814 [pool-329-thread-1] INFO  segmented.SegmentedRaftLogWorker (SegmentedRaftLogWorker.java:lambda$new$0(135)) - e72e8305-aa7c-42f4-a8e1-859d068dd798@group-BCCA0AE98F56-SegmentedRaftLogWorker: flushIndex: setUnconditionally 0 -> -1
2022-12-19 18:39:24,814 [pool-329-thread-1] INFO  segmented.SegmentedRaftLogWorker (SegmentedRaftLogWorker.java:lambda$new$0(135)) - e72e8305-aa7c-42f4-a8e1-859d068dd798@group-BCCA0AE98F56-SegmentedRaftLogWorker: safeCacheEvictIndex: setUnconditionally 0 -> -1
2022-12-19 18:39:24,815 [pool-329-thread-1] INFO  server.RaftServer$Division (RaftServerImpl.java:start(334)) - e72e8305-aa7c-42f4-a8e1-859d068dd798@group-BCCA0AE98F56: start as a follower, conf=-1: peers:[9557de33-fe68-40fe-b687-830f5ee56eaf|rpc:10.1.0.24:36865|dataStream:10.1.0.24:34463|priority:1|startupRole:FOLLOWER, 6d5a55a6-b535-46b1-9113-4eddd06c74b3|rpc:10.1.0.24:37267|dataStream:10.1.0.24:34289|priority:0|startupRole:FOLLOWER, e72e8305-aa7c-42f4-a8e1-859d068dd798|rpc:10.1.0.24:45651|dataStream:10.1.0.24:44743|priority:0|startupRole:FOLLOWER]|listeners:[], old=null
2022-12-19 18:39:24,815 [pool-329-thread-1] INFO  server.RaftServer$Division (RaftServerImpl.java:setRole(321)) - e72e8305-aa7c-42f4-a8e1-859d068dd798@group-BCCA0AE98F56: changes role from      null to FOLLOWER at term 0 for startAsFollower
2022-12-19 18:39:24,815 [pool-329-thread-1] INFO  impl.RoleInfo (RoleInfo.java:updateAndGet(139)) - e72e8305-aa7c-42f4-a8e1-859d068dd798: start e72e8305-aa7c-42f4-a8e1-859d068dd798@group-BCCA0AE98F56-FollowerState
2022-12-19 18:39:24,818 [pool-329-thread-1] INFO  util.JmxRegister (JmxRegister.java:tryRegister(44)) - Successfully registered JMX Bean with object name Ratis:service=RaftServer,group=group-BCCA0AE98F56,id=e72e8305-aa7c-42f4-a8e1-859d068dd798
2022-12-19 18:39:24,818 [pool-329-thread-1] INFO  server.RaftServerConfigKeys (ConfUtils.java:logGet(46)) - raft.server.snapshot.auto.trigger.enabled = true (custom)
2022-12-19 18:39:24,818 [pool-329-thread-1] INFO  server.RaftServerConfigKeys (ConfUtils.java:logGet(46)) - raft.server.snapshot.auto.trigger.threshold = 10000 (custom)
2022-12-19 18:39:24,819 [pool-329-thread-1] INFO  server.RaftServerConfigKeys (ConfUtils.java:logGet(46)) - raft.server.snapshot.retention.file.num = 5 (custom)
2022-12-19 18:39:24,819 [pool-329-thread-1] INFO  server.RaftServerConfigKeys (ConfUtils.java:logGet(46)) - raft.server.log.purge.upto.snapshot.index = false (default)
2022-12-19 18:39:24,823 [e72e8305-aa7c-42f4-a8e1-859d068dd798@group-BCCA0AE98F56-FollowerState] INFO  server.RaftServerConfigKeys (ConfUtils.java:logFallback(53)) - raft.server.rpc.first-election.timeout.min = 5s (fallback to raft.server.rpc.timeout.min)
2022-12-19 18:39:24,823 [e72e8305-aa7c-42f4-a8e1-859d068dd798@group-BCCA0AE98F56-FollowerState] INFO  server.RaftServerConfigKeys (ConfUtils.java:logFallback(53)) - raft.server.rpc.first-election.timeout.max = 5200ms (fallback to raft.server.rpc.timeout.max)
2022-12-19 18:39:24,828 [Command processor thread] INFO  commandhandler.CreatePipelineCommandHandler (CreatePipelineCommandHandler.java:handle(113)) - Created Pipeline RATIS THREE PipelineID=e490be5d-3be4-443a-ba5c-bcca0ae98f56.
2022-12-19 18:39:24,828 [Command processor thread] INFO  server.RaftServer (RaftServerProxy.java:addNew(96)) - 9557de33-fe68-40fe-b687-830f5ee56eaf: addNew group-342ACFA3CCE1:[9557de33-fe68-40fe-b687-830f5ee56eaf|rpc:10.1.0.24:36865|dataStream:10.1.0.24:34463|priority:0|startupRole:FOLLOWER, 6d5a55a6-b535-46b1-9113-4eddd06c74b3|rpc:10.1.0.24:37267|dataStream:10.1.0.24:34289|priority:1|startupRole:FOLLOWER, e72e8305-aa7c-42f4-a8e1-859d068dd798|rpc:10.1.0.24:45651|dataStream:10.1.0.24:44743|priority:0|startupRole:FOLLOWER] returns group-342ACFA3CCE1:java.util.concurrent.CompletableFuture@1f7b13b8[Not completed]
2022-12-19 18:39:24,829 [pool-306-thread-1] INFO  server.RaftServer$Division (RaftServerImpl.java:<init>(195)) - 9557de33-fe68-40fe-b687-830f5ee56eaf: new RaftServerImpl for group-342ACFA3CCE1:[9557de33-fe68-40fe-b687-830f5ee56eaf|rpc:10.1.0.24:36865|dataStream:10.1.0.24:34463|priority:0|startupRole:FOLLOWER, 6d5a55a6-b535-46b1-9113-4eddd06c74b3|rpc:10.1.0.24:37267|dataStream:10.1.0.24:34289|priority:1|startupRole:FOLLOWER, e72e8305-aa7c-42f4-a8e1-859d068dd798|rpc:10.1.0.24:45651|dataStream:10.1.0.24:44743|priority:0|startupRole:FOLLOWER] with ContainerStateMachine:uninitialized
2022-12-19 18:39:24,829 [pool-306-thread-1] INFO  server.RaftServerConfigKeys (ConfUtils.java:logGet(46)) - raft.server.rpc.timeout.min = 5s (custom)
2022-12-19 18:39:24,829 [pool-306-thread-1] INFO  server.RaftServerConfigKeys (ConfUtils.java:logGet(46)) - raft.server.rpc.timeout.max = 5200ms (custom)
2022-12-19 18:39:24,829 [pool-306-thread-1] INFO  server.RaftServerConfigKeys (ConfUtils.java:logGet(46)) - raft.server.rpc.sleep.time = 25ms (default)
2022-12-19 18:39:24,829 [pool-306-thread-1] INFO  server.RaftServerConfigKeys (ConfUtils.java:logGet(46)) - raft.server.rpc.slowness.timeout = 300s (custom)
2022-12-19 18:39:24,829 [pool-306-thread-1] INFO  server.RaftServerConfigKeys (ConfUtils.java:logGet(46)) - raft.server.leaderelection.leader.step-down.wait-time = 10s (default)
2022-12-19 18:39:24,829 [pool-306-thread-1] INFO  server.RaftServerConfigKeys (ConfUtils.java:logGet(46)) - raft.server.sleep.deviation.threshold = 300ms (default)
2022-12-19 18:39:24,829 [pool-306-thread-1] INFO  server.RaftServer$Division (ServerState.java:<init>(118)) - 9557de33-fe68-40fe-b687-830f5ee56eaf@group-342ACFA3CCE1: ConfigurationManager, init=-1: peers:[9557de33-fe68-40fe-b687-830f5ee56eaf|rpc:10.1.0.24:36865|dataStream:10.1.0.24:34463|priority:0|startupRole:FOLLOWER, 6d5a55a6-b535-46b1-9113-4eddd06c74b3|rpc:10.1.0.24:37267|dataStream:10.1.0.24:34289|priority:1|startupRole:FOLLOWER, e72e8305-aa7c-42f4-a8e1-859d068dd798|rpc:10.1.0.24:45651|dataStream:10.1.0.24:44743|priority:0|startupRole:FOLLOWER]|listeners:[], old=null, confs=<EMPTY_MAP>
2022-12-19 18:39:24,829 [pool-306-thread-1] INFO  server.RaftServerConfigKeys (ConfUtils.java:logGet(46)) - raft.server.storage.dir = [/home/runner/work/ozone/ozone/hadoop-ozone/integration-test/target/test-dir/MiniOzoneClusterImpl-90c20adc-2d54-4d1b-8da5-d2480cc87ad8/datanode-0/data/ratis] (custom)
2022-12-19 18:39:24,829 [pool-306-thread-1] INFO  server.RaftServerConfigKeys (ConfUtils.java:logGet(46)) - raft.server.log.corruption.policy = EXCEPTION (default)
2022-12-19 18:39:24,829 [pool-306-thread-1] INFO  server.RaftServerConfigKeys (ConfUtils.java:logGet(46)) - raft.server.storage.free-space.min = 0MB (=0) (default)
2022-12-19 18:39:24,829 [pool-306-thread-1] INFO  server.RaftServerConfigKeys (ConfUtils.java:logGet(46)) - raft.server.notification.no-leader.timeout = 300s (custom)
2022-12-19 18:39:24,829 [pool-306-thread-1] INFO  server.RaftServerConfigKeys (ConfUtils.java:logGet(46)) - raft.server.retrycache.expirytime = 600000ms (custom)
2022-12-19 18:39:24,829 [pool-306-thread-1] INFO  server.RaftServerConfigKeys (ConfUtils.java:logGet(46)) - raft.server.retrycache.statistics.expirytime = 100μs (default)
2022-12-19 18:39:24,830 [pool-306-thread-1] INFO  server.RaftServerConfigKeys (ConfUtils.java:logGet(46)) - raft.server.log.appender.install.snapshot.enabled = false (custom)
2022-12-19 18:39:24,830 [pool-306-thread-1] INFO  server.RaftServerConfigKeys (ConfUtils.java:logGet(46)) - raft.server.threadpool.server.cached = true (default)
2022-12-19 18:39:24,830 [pool-306-thread-1] INFO  server.RaftServerConfigKeys (ConfUtils.java:logGet(46)) - raft.server.threadpool.server.size = 0 (default)
2022-12-19 18:39:24,830 [pool-306-thread-1] INFO  server.RaftServerConfigKeys (ConfUtils.java:logGet(46)) - raft.server.threadpool.client.cached = true (default)
2022-12-19 18:39:24,830 [pool-306-thread-1] INFO  server.RaftServerConfigKeys (ConfUtils.java:logGet(46)) - raft.server.threadpool.client.size = 0 (default)
2022-12-19 18:39:24,831 [pool-306-thread-1] INFO  storage.RaftStorageDirectory (RaftStorageDirectoryImpl.java:analyzeStorage(137)) - The storage directory /home/runner/work/ozone/ozone/hadoop-ozone/integration-test/target/test-dir/MiniOzoneClusterImpl-90c20adc-2d54-4d1b-8da5-d2480cc87ad8/datanode-0/data/ratis/35e228cb-df5d-4968-ae0c-342acfa3cce1 does not exist. Creating ...
2022-12-19 18:39:24,832 [pool-306-thread-1] INFO  storage.RaftStorageDirectory (RaftStorageDirectoryImpl.java:tryLock(231)) - Lock on /home/runner/work/ozone/ozone/hadoop-ozone/integration-test/target/test-dir/MiniOzoneClusterImpl-90c20adc-2d54-4d1b-8da5-d2480cc87ad8/datanode-0/data/ratis/35e228cb-df5d-4968-ae0c-342acfa3cce1/in_use.lock acquired by nodename 10449@fv-az353-760
2022-12-19 18:39:24,833 [pool-306-thread-1] INFO  storage.RaftStorage (RaftStorageImpl.java:format(96)) - Storage directory /home/runner/work/ozone/ozone/hadoop-ozone/integration-test/target/test-dir/MiniOzoneClusterImpl-90c20adc-2d54-4d1b-8da5-d2480cc87ad8/datanode-0/data/ratis/35e228cb-df5d-4968-ae0c-342acfa3cce1 has been successfully formatted.
2022-12-19 18:39:24,834 [pool-306-thread-1] INFO  ratis.ContainerStateMachine (ContainerStateMachine.java:loadSnapshot(240)) - group-342ACFA3CCE1: The snapshot info is null. Setting the last applied indexto:(t:0, i:~)
2022-12-19 18:39:24,834 [pool-306-thread-1] INFO  server.RaftServerConfigKeys (ConfUtils.java:logGet(46)) - raft.server.log.use.memory = false (default)
2022-12-19 18:39:24,834 [pool-306-thread-1] INFO  server.RaftServerConfigKeys (ConfUtils.java:logGet(46)) - raft.server.log.purge.gap = 1000000 (custom)
2022-12-19 18:39:24,834 [pool-306-thread-1] INFO  server.RaftServerConfigKeys (ConfUtils.java:logGet(46)) - raft.server.log.appender.buffer.byte-limit = 33554432 (custom)
2022-12-19 18:39:24,834 [pool-306-thread-1] INFO  server.RaftServerConfigKeys (ConfUtils.java:logGet(46)) - raft.server.log.statemachine.data.read.timeout = 1000ms (default)
2022-12-19 18:39:24,834 [pool-306-thread-1] INFO  server.RaftServerConfigKeys (ConfUtils.java:logGet(46)) - raft.server.log.purge.preservation.log.num = 0 (default)
2022-12-19 18:39:24,834 [pool-306-thread-1] INFO  server.RaftServerConfigKeys (ConfUtils.java:logGet(46)) - raft.server.log.segment.size.max = 1048576 (custom)
2022-12-19 18:39:24,834 [pool-306-thread-1] INFO  server.RaftServerConfigKeys (ConfUtils.java:logGet(46)) - raft.server.log.segment.cache.num.max = 2 (custom)
2022-12-19 18:39:24,834 [pool-306-thread-1] INFO  server.RaftServerConfigKeys (ConfUtils.java:logGet(46)) - raft.server.log.segment.cache.size.max = 200MB (=209715200) (default)
2022-12-19 18:39:24,834 [pool-306-thread-1] INFO  segmented.SegmentedRaftLogWorker (SegmentedRaftLogWorker.java:<init>(189)) - new 9557de33-fe68-40fe-b687-830f5ee56eaf@group-342ACFA3CCE1-SegmentedRaftLogWorker for RaftStorageImpl:Storage Directory /home/runner/work/ozone/ozone/hadoop-ozone/integration-test/target/test-dir/MiniOzoneClusterImpl-90c20adc-2d54-4d1b-8da5-d2480cc87ad8/datanode-0/data/ratis/35e228cb-df5d-4968-ae0c-342acfa3cce1
2022-12-19 18:39:24,834 [pool-306-thread-1] INFO  server.RaftServerConfigKeys (ConfUtils.java:logGet(46)) - raft.server.log.queue.byte-limit = 4294967296 (custom)
2022-12-19 18:39:24,835 [pool-306-thread-1] INFO  server.RaftServerConfigKeys (ConfUtils.java:logGet(46)) - raft.server.log.queue.element-limit = 1024 (custom)
2022-12-19 18:39:24,835 [pool-306-thread-1] INFO  server.RaftServerConfigKeys (ConfUtils.java:logGet(46)) - raft.server.log.segment.size.max = 1048576 (custom)
2022-12-19 18:39:24,835 [pool-306-thread-1] INFO  server.RaftServerConfigKeys (ConfUtils.java:logGet(46)) - raft.server.log.preallocated.size = 16384 (custom)
2022-12-19 18:39:24,835 [pool-306-thread-1] INFO  server.RaftServerConfigKeys (ConfUtils.java:logGet(46)) - raft.server.log.force.sync.num = 128 (default)
2022-12-19 18:39:24,835 [pool-306-thread-1] INFO  server.RaftServerConfigKeys (ConfUtils.java:logGet(46)) - raft.server.log.statemachine.data.sync = true (default)
2022-12-19 18:39:24,835 [EventQueue-OpenPipelineForHealthyPipelineSafeModeRule] INFO  safemode.SCMSafeModeManager (HealthyPipelineSafeModeRule.java:process(137)) - SCM in safe mode. Healthy pipelines reported count is 0, required healthy pipeline reported count is 1
2022-12-19 18:39:24,835 [EventQueue-CommandQueueReportForCommandQueueReportHandler] WARN  events.EventQueue (EventQueue.java:fireEvent(216)) - No event handler registered for event TypedEvent{payloadType=DatanodeDetails, name='Datanode_Command_Queue_Updated'}
2022-12-19 18:39:24,835 [pool-306-thread-1] INFO  server.RaftServerConfigKeys (ConfUtils.java:logGet(46)) - raft.server.log.statemachine.data.sync.timeout = 10s (default)
2022-12-19 18:39:24,836 [pool-306-thread-1] INFO  server.RaftServerConfigKeys (ConfUtils.java:logGet(46)) - raft.server.log.statemachine.data.sync.timeout.retry = -1 (default)
2022-12-19 18:39:24,836 [pool-306-thread-1] INFO  server.RaftServerConfigKeys (ConfUtils.java:logGet(46)) - raft.server.log.write.buffer.size = 1048576 (custom)
2022-12-19 18:39:24,837 [pool-306-thread-1] INFO  server.RaftServerConfigKeys (ConfUtils.java:logGet(46)) - raft.server.log.appender.buffer.byte-limit = 33554432 (custom)
2022-12-19 18:39:24,840 [pool-306-thread-1] INFO  server.RaftServerConfigKeys (ConfUtils.java:logGet(46)) - raft.server.log.unsafe-flush.enabled = false (default)
2022-12-19 18:39:24,840 [pool-306-thread-1] INFO  server.RaftServerConfigKeys (ConfUtils.java:logGet(46)) - raft.server.log.async-flush.enabled = false (default)
2022-12-19 18:39:24,840 [pool-306-thread-1] INFO  server.RaftServerConfigKeys (ConfUtils.java:logGet(46)) - raft.server.log.statemachine.data.caching.enabled = true (custom)
2022-12-19 18:39:24,840 [pool-306-thread-1] INFO  segmented.SegmentedRaftLogWorker (SegmentedRaftLogWorker.java:lambda$new$0(135)) - 9557de33-fe68-40fe-b687-830f5ee56eaf@group-342ACFA3CCE1-SegmentedRaftLogWorker: flushIndex: setUnconditionally 0 -> -1
2022-12-19 18:39:24,840 [pool-306-thread-1] INFO  segmented.SegmentedRaftLogWorker (SegmentedRaftLogWorker.java:lambda$new$0(135)) - 9557de33-fe68-40fe-b687-830f5ee56eaf@group-342ACFA3CCE1-SegmentedRaftLogWorker: safeCacheEvictIndex: setUnconditionally 0 -> -1
2022-12-19 18:39:24,840 [pool-306-thread-1] INFO  server.RaftServer$Division (RaftServerImpl.java:start(334)) - 9557de33-fe68-40fe-b687-830f5ee56eaf@group-342ACFA3CCE1: start as a follower, conf=-1: peers:[9557de33-fe68-40fe-b687-830f5ee56eaf|rpc:10.1.0.24:36865|dataStream:10.1.0.24:34463|priority:0|startupRole:FOLLOWER, 6d5a55a6-b535-46b1-9113-4eddd06c74b3|rpc:10.1.0.24:37267|dataStream:10.1.0.24:34289|priority:1|startupRole:FOLLOWER, e72e8305-aa7c-42f4-a8e1-859d068dd798|rpc:10.1.0.24:45651|dataStream:10.1.0.24:44743|priority:0|startupRole:FOLLOWER]|listeners:[], old=null
2022-12-19 18:39:24,840 [pool-306-thread-1] INFO  server.RaftServer$Division (RaftServerImpl.java:setRole(321)) - 9557de33-fe68-40fe-b687-830f5ee56eaf@group-342ACFA3CCE1: changes role from      null to FOLLOWER at term 0 for startAsFollower
2022-12-19 18:39:24,840 [pool-306-thread-1] INFO  impl.RoleInfo (RoleInfo.java:updateAndGet(139)) - 9557de33-fe68-40fe-b687-830f5ee56eaf: start 9557de33-fe68-40fe-b687-830f5ee56eaf@group-342ACFA3CCE1-FollowerState
2022-12-19 18:39:24,840 [pool-306-thread-1] INFO  util.JmxRegister (JmxRegister.java:tryRegister(44)) - Successfully registered JMX Bean with object name Ratis:service=RaftServer,group=group-342ACFA3CCE1,id=9557de33-fe68-40fe-b687-830f5ee56eaf
2022-12-19 18:39:24,840 [pool-306-thread-1] INFO  server.RaftServerConfigKeys (ConfUtils.java:logGet(46)) - raft.server.snapshot.auto.trigger.enabled = true (custom)
2022-12-19 18:39:24,841 [pool-306-thread-1] INFO  server.RaftServerConfigKeys (ConfUtils.java:logGet(46)) - raft.server.snapshot.auto.trigger.threshold = 10000 (custom)
2022-12-19 18:39:24,841 [pool-306-thread-1] INFO  server.RaftServerConfigKeys (ConfUtils.java:logGet(46)) - raft.server.snapshot.retention.file.num = 5 (custom)
2022-12-19 18:39:24,841 [pool-306-thread-1] INFO  server.RaftServerConfigKeys (ConfUtils.java:logGet(46)) - raft.server.log.purge.upto.snapshot.index = false (default)
2022-12-19 18:39:24,841 [9557de33-fe68-40fe-b687-830f5ee56eaf@group-342ACFA3CCE1-FollowerState] INFO  server.RaftServerConfigKeys (ConfUtils.java:logFallback(53)) - raft.server.rpc.first-election.timeout.min = 5s (fallback to raft.server.rpc.timeout.min)
2022-12-19 18:39:24,841 [9557de33-fe68-40fe-b687-830f5ee56eaf@group-342ACFA3CCE1-FollowerState] INFO  server.RaftServerConfigKeys (ConfUtils.java:logFallback(53)) - raft.server.rpc.first-election.timeout.max = 5200ms (fallback to raft.server.rpc.timeout.max)
2022-12-19 18:39:24,841 [Command processor thread] INFO  ratis.XceiverServerRatis (XceiverServerRatis.java:addGroup(806)) - Created group PipelineID=35e228cb-df5d-4968-ae0c-342acfa3cce1
2022-12-19 18:39:24,848 [grpc-default-executor-0] INFO  server.RaftServer (RaftServerProxy.java:addNew(96)) - e72e8305-aa7c-42f4-a8e1-859d068dd798: addNew group-342ACFA3CCE1:[9557de33-fe68-40fe-b687-830f5ee56eaf|rpc:10.1.0.24:36865|dataStream:10.1.0.24:34463|priority:0|startupRole:FOLLOWER, 6d5a55a6-b535-46b1-9113-4eddd06c74b3|rpc:10.1.0.24:37267|dataStream:10.1.0.24:34289|priority:1|startupRole:FOLLOWER, e72e8305-aa7c-42f4-a8e1-859d068dd798|rpc:10.1.0.24:45651|dataStream:10.1.0.24:44743|priority:0|startupRole:FOLLOWER] returns group-342ACFA3CCE1:java.util.concurrent.CompletableFuture@19b91352[Not completed]
2022-12-19 18:39:24,849 [pool-329-thread-1] INFO  server.RaftServer$Division (RaftServerImpl.java:<init>(195)) - e72e8305-aa7c-42f4-a8e1-859d068dd798: new RaftServerImpl for group-342ACFA3CCE1:[9557de33-fe68-40fe-b687-830f5ee56eaf|rpc:10.1.0.24:36865|dataStream:10.1.0.24:34463|priority:0|startupRole:FOLLOWER, 6d5a55a6-b535-46b1-9113-4eddd06c74b3|rpc:10.1.0.24:37267|dataStream:10.1.0.24:34289|priority:1|startupRole:FOLLOWER, e72e8305-aa7c-42f4-a8e1-859d068dd798|rpc:10.1.0.24:45651|dataStream:10.1.0.24:44743|priority:0|startupRole:FOLLOWER] with ContainerStateMachine:uninitialized
2022-12-19 18:39:24,849 [pool-329-thread-1] INFO  server.RaftServerConfigKeys (ConfUtils.java:logGet(46)) - raft.server.rpc.timeout.min = 5s (custom)
2022-12-19 18:39:24,849 [pool-329-thread-1] INFO  server.RaftServerConfigKeys (ConfUtils.java:logGet(46)) - raft.server.rpc.timeout.max = 5200ms (custom)
2022-12-19 18:39:24,849 [pool-329-thread-1] INFO  server.RaftServerConfigKeys (ConfUtils.java:logGet(46)) - raft.server.rpc.sleep.time = 25ms (default)
2022-12-19 18:39:24,849 [pool-329-thread-1] INFO  server.RaftServerConfigKeys (ConfUtils.java:logGet(46)) - raft.server.rpc.slowness.timeout = 300s (custom)
2022-12-19 18:39:24,849 [pool-329-thread-1] INFO  server.RaftServerConfigKeys (ConfUtils.java:logGet(46)) - raft.server.leaderelection.leader.step-down.wait-time = 10s (default)
2022-12-19 18:39:24,849 [pool-329-thread-1] INFO  server.RaftServerConfigKeys (ConfUtils.java:logGet(46)) - raft.server.sleep.deviation.threshold = 300ms (default)
2022-12-19 18:39:24,849 [pool-329-thread-1] INFO  server.RaftServer$Division (ServerState.java:<init>(118)) - e72e8305-aa7c-42f4-a8e1-859d068dd798@group-342ACFA3CCE1: ConfigurationManager, init=-1: peers:[9557de33-fe68-40fe-b687-830f5ee56eaf|rpc:10.1.0.24:36865|dataStream:10.1.0.24:34463|priority:0|startupRole:FOLLOWER, 6d5a55a6-b535-46b1-9113-4eddd06c74b3|rpc:10.1.0.24:37267|dataStream:10.1.0.24:34289|priority:1|startupRole:FOLLOWER, e72e8305-aa7c-42f4-a8e1-859d068dd798|rpc:10.1.0.24:45651|dataStream:10.1.0.24:44743|priority:0|startupRole:FOLLOWER]|listeners:[], old=null, confs=<EMPTY_MAP>
2022-12-19 18:39:24,849 [pool-329-thread-1] INFO  server.RaftServerConfigKeys (ConfUtils.java:logGet(46)) - raft.server.storage.dir = [/home/runner/work/ozone/ozone/hadoop-ozone/integration-test/target/test-dir/MiniOzoneClusterImpl-90c20adc-2d54-4d1b-8da5-d2480cc87ad8/datanode-1/data/ratis] (custom)
2022-12-19 18:39:24,849 [pool-329-thread-1] INFO  server.RaftServerConfigKeys (ConfUtils.java:logGet(46)) - raft.server.log.corruption.policy = EXCEPTION (default)
2022-12-19 18:39:24,849 [pool-329-thread-1] INFO  server.RaftServerConfigKeys (ConfUtils.java:logGet(46)) - raft.server.storage.free-space.min = 0MB (=0) (default)
2022-12-19 18:39:24,849 [pool-329-thread-1] INFO  server.RaftServerConfigKeys (ConfUtils.java:logGet(46)) - raft.server.notification.no-leader.timeout = 300s (custom)
2022-12-19 18:39:24,850 [pool-329-thread-1] INFO  server.RaftServerConfigKeys (ConfUtils.java:logGet(46)) - raft.server.retrycache.expirytime = 600000ms (custom)
2022-12-19 18:39:24,850 [pool-329-thread-1] INFO  server.RaftServerConfigKeys (ConfUtils.java:logGet(46)) - raft.server.retrycache.statistics.expirytime = 100μs (default)
2022-12-19 18:39:24,850 [pool-329-thread-1] INFO  server.RaftServerConfigKeys (ConfUtils.java:logGet(46)) - raft.server.log.appender.install.snapshot.enabled = false (custom)
2022-12-19 18:39:24,850 [pool-329-thread-1] INFO  server.RaftServerConfigKeys (ConfUtils.java:logGet(46)) - raft.server.threadpool.server.cached = true (default)
2022-12-19 18:39:24,850 [pool-329-thread-1] INFO  server.RaftServerConfigKeys (ConfUtils.java:logGet(46)) - raft.server.threadpool.server.size = 0 (default)
2022-12-19 18:39:24,850 [pool-329-thread-1] INFO  server.RaftServerConfigKeys (ConfUtils.java:logGet(46)) - raft.server.threadpool.client.cached = true (default)
2022-12-19 18:39:24,850 [pool-329-thread-1] INFO  server.RaftServerConfigKeys (ConfUtils.java:logGet(46)) - raft.server.threadpool.client.size = 0 (default)
2022-12-19 18:39:24,851 [pool-329-thread-1] INFO  storage.RaftStorageDirectory (RaftStorageDirectoryImpl.java:analyzeStorage(137)) - The storage directory /home/runner/work/ozone/ozone/hadoop-ozone/integration-test/target/test-dir/MiniOzoneClusterImpl-90c20adc-2d54-4d1b-8da5-d2480cc87ad8/datanode-1/data/ratis/35e228cb-df5d-4968-ae0c-342acfa3cce1 does not exist. Creating ...
2022-12-19 18:39:24,852 [pool-329-thread-1] INFO  storage.RaftStorageDirectory (RaftStorageDirectoryImpl.java:tryLock(231)) - Lock on /home/runner/work/ozone/ozone/hadoop-ozone/integration-test/target/test-dir/MiniOzoneClusterImpl-90c20adc-2d54-4d1b-8da5-d2480cc87ad8/datanode-1/data/ratis/35e228cb-df5d-4968-ae0c-342acfa3cce1/in_use.lock acquired by nodename 10449@fv-az353-760
2022-12-19 18:39:24,853 [pool-329-thread-1] INFO  storage.RaftStorage (RaftStorageImpl.java:format(96)) - Storage directory /home/runner/work/ozone/ozone/hadoop-ozone/integration-test/target/test-dir/MiniOzoneClusterImpl-90c20adc-2d54-4d1b-8da5-d2480cc87ad8/datanode-1/data/ratis/35e228cb-df5d-4968-ae0c-342acfa3cce1 has been successfully formatted.
2022-12-19 18:39:24,853 [pool-329-thread-1] INFO  ratis.ContainerStateMachine (ContainerStateMachine.java:loadSnapshot(240)) - group-342ACFA3CCE1: The snapshot info is null. Setting the last applied indexto:(t:0, i:~)
2022-12-19 18:39:24,853 [pool-329-thread-1] INFO  server.RaftServerConfigKeys (ConfUtils.java:logGet(46)) - raft.server.log.use.memory = false (default)
2022-12-19 18:39:24,854 [pool-329-thread-1] INFO  server.RaftServerConfigKeys (ConfUtils.java:logGet(46)) - raft.server.log.purge.gap = 1000000 (custom)
2022-12-19 18:39:24,854 [pool-329-thread-1] INFO  server.RaftServerConfigKeys (ConfUtils.java:logGet(46)) - raft.server.log.appender.buffer.byte-limit = 33554432 (custom)
2022-12-19 18:39:24,854 [pool-329-thread-1] INFO  server.RaftServerConfigKeys (ConfUtils.java:logGet(46)) - raft.server.log.statemachine.data.read.timeout = 1000ms (default)
2022-12-19 18:39:24,854 [pool-329-thread-1] INFO  server.RaftServerConfigKeys (ConfUtils.java:logGet(46)) - raft.server.log.purge.preservation.log.num = 0 (default)
2022-12-19 18:39:24,854 [pool-329-thread-1] INFO  server.RaftServerConfigKeys (ConfUtils.java:logGet(46)) - raft.server.log.segment.size.max = 1048576 (custom)
2022-12-19 18:39:24,854 [EventQueue-CommandQueueReportForCommandQueueReportHandler] WARN  events.EventQueue (EventQueue.java:fireEvent(216)) - No event handler registered for event TypedEvent{payloadType=DatanodeDetails, name='Datanode_Command_Queue_Updated'}
2022-12-19 18:39:24,855 [pool-329-thread-1] INFO  server.RaftServerConfigKeys (ConfUtils.java:logGet(46)) - raft.server.log.segment.cache.num.max = 2 (custom)
2022-12-19 18:39:24,855 [pool-329-thread-1] INFO  server.RaftServerConfigKeys (ConfUtils.java:logGet(46)) - raft.server.log.segment.cache.size.max = 200MB (=209715200) (default)
2022-12-19 18:39:24,855 [pool-329-thread-1] INFO  segmented.SegmentedRaftLogWorker (SegmentedRaftLogWorker.java:<init>(189)) - new e72e8305-aa7c-42f4-a8e1-859d068dd798@group-342ACFA3CCE1-SegmentedRaftLogWorker for RaftStorageImpl:Storage Directory /home/runner/work/ozone/ozone/hadoop-ozone/integration-test/target/test-dir/MiniOzoneClusterImpl-90c20adc-2d54-4d1b-8da5-d2480cc87ad8/datanode-1/data/ratis/35e228cb-df5d-4968-ae0c-342acfa3cce1
2022-12-19 18:39:24,855 [pool-329-thread-1] INFO  server.RaftServerConfigKeys (ConfUtils.java:logGet(46)) - raft.server.log.queue.byte-limit = 4294967296 (custom)
2022-12-19 18:39:24,855 [pool-329-thread-1] INFO  server.RaftServerConfigKeys (ConfUtils.java:logGet(46)) - raft.server.log.queue.element-limit = 1024 (custom)
2022-12-19 18:39:24,855 [pool-329-thread-1] INFO  server.RaftServerConfigKeys (ConfUtils.java:logGet(46)) - raft.server.log.segment.size.max = 1048576 (custom)
2022-12-19 18:39:24,855 [pool-329-thread-1] INFO  server.RaftServerConfigKeys (ConfUtils.java:logGet(46)) - raft.server.log.preallocated.size = 16384 (custom)
2022-12-19 18:39:24,855 [pool-329-thread-1] INFO  server.RaftServerConfigKeys (ConfUtils.java:logGet(46)) - raft.server.log.force.sync.num = 128 (default)
2022-12-19 18:39:24,855 [pool-329-thread-1] INFO  server.RaftServerConfigKeys (ConfUtils.java:logGet(46)) - raft.server.log.statemachine.data.sync = true (default)
2022-12-19 18:39:24,855 [pool-329-thread-1] INFO  server.RaftServerConfigKeys (ConfUtils.java:logGet(46)) - raft.server.log.statemachine.data.sync.timeout = 10s (default)
2022-12-19 18:39:24,855 [pool-329-thread-1] INFO  server.RaftServerConfigKeys (ConfUtils.java:logGet(46)) - raft.server.log.statemachine.data.sync.timeout.retry = -1 (default)
2022-12-19 18:39:24,856 [pool-329-thread-1] INFO  server.RaftServerConfigKeys (ConfUtils.java:logGet(46)) - raft.server.log.write.buffer.size = 1048576 (custom)
2022-12-19 18:39:24,856 [pool-329-thread-1] INFO  server.RaftServerConfigKeys (ConfUtils.java:logGet(46)) - raft.server.log.appender.buffer.byte-limit = 33554432 (custom)
2022-12-19 18:39:24,859 [pool-329-thread-1] INFO  server.RaftServerConfigKeys (ConfUtils.java:logGet(46)) - raft.server.log.unsafe-flush.enabled = false (default)
2022-12-19 18:39:24,859 [pool-329-thread-1] INFO  server.RaftServerConfigKeys (ConfUtils.java:logGet(46)) - raft.server.log.async-flush.enabled = false (default)
2022-12-19 18:39:24,859 [pool-329-thread-1] INFO  server.RaftServerConfigKeys (ConfUtils.java:logGet(46)) - raft.server.log.statemachine.data.caching.enabled = true (custom)
2022-12-19 18:39:24,860 [pool-329-thread-1] INFO  segmented.SegmentedRaftLogWorker (SegmentedRaftLogWorker.java:lambda$new$0(135)) - e72e8305-aa7c-42f4-a8e1-859d068dd798@group-342ACFA3CCE1-SegmentedRaftLogWorker: flushIndex: setUnconditionally 0 -> -1
2022-12-19 18:39:24,860 [pool-329-thread-1] INFO  segmented.SegmentedRaftLogWorker (SegmentedRaftLogWorker.java:lambda$new$0(135)) - e72e8305-aa7c-42f4-a8e1-859d068dd798@group-342ACFA3CCE1-SegmentedRaftLogWorker: safeCacheEvictIndex: setUnconditionally 0 -> -1
2022-12-19 18:39:24,863 [pool-329-thread-1] INFO  server.RaftServer$Division (RaftServerImpl.java:start(334)) - e72e8305-aa7c-42f4-a8e1-859d068dd798@group-342ACFA3CCE1: start as a follower, conf=-1: peers:[9557de33-fe68-40fe-b687-830f5ee56eaf|rpc:10.1.0.24:36865|dataStream:10.1.0.24:34463|priority:0|startupRole:FOLLOWER, 6d5a55a6-b535-46b1-9113-4eddd06c74b3|rpc:10.1.0.24:37267|dataStream:10.1.0.24:34289|priority:1|startupRole:FOLLOWER, e72e8305-aa7c-42f4-a8e1-859d068dd798|rpc:10.1.0.24:45651|dataStream:10.1.0.24:44743|priority:0|startupRole:FOLLOWER]|listeners:[], old=null
2022-12-19 18:39:24,863 [pool-329-thread-1] INFO  server.RaftServer$Division (RaftServerImpl.java:setRole(321)) - e72e8305-aa7c-42f4-a8e1-859d068dd798@group-342ACFA3CCE1: changes role from      null to FOLLOWER at term 0 for startAsFollower
2022-12-19 18:39:24,864 [pool-329-thread-1] INFO  impl.RoleInfo (RoleInfo.java:updateAndGet(139)) - e72e8305-aa7c-42f4-a8e1-859d068dd798: start e72e8305-aa7c-42f4-a8e1-859d068dd798@group-342ACFA3CCE1-FollowerState
2022-12-19 18:39:24,864 [pool-329-thread-1] INFO  util.JmxRegister (JmxRegister.java:tryRegister(44)) - Successfully registered JMX Bean with object name Ratis:service=RaftServer,group=group-342ACFA3CCE1,id=e72e8305-aa7c-42f4-a8e1-859d068dd798
2022-12-19 18:39:24,864 [pool-329-thread-1] INFO  server.RaftServerConfigKeys (ConfUtils.java:logGet(46)) - raft.server.snapshot.auto.trigger.enabled = true (custom)
2022-12-19 18:39:24,864 [pool-329-thread-1] INFO  server.RaftServerConfigKeys (ConfUtils.java:logGet(46)) - raft.server.snapshot.auto.trigger.threshold = 10000 (custom)
2022-12-19 18:39:24,864 [pool-329-thread-1] INFO  server.RaftServerConfigKeys (ConfUtils.java:logGet(46)) - raft.server.snapshot.retention.file.num = 5 (custom)
2022-12-19 18:39:24,864 [pool-329-thread-1] INFO  server.RaftServerConfigKeys (ConfUtils.java:logGet(46)) - raft.server.log.purge.upto.snapshot.index = false (default)
2022-12-19 18:39:24,865 [e72e8305-aa7c-42f4-a8e1-859d068dd798@group-342ACFA3CCE1-FollowerState] INFO  server.RaftServerConfigKeys (ConfUtils.java:logFallback(53)) - raft.server.rpc.first-election.timeout.min = 5s (fallback to raft.server.rpc.timeout.min)
2022-12-19 18:39:24,865 [e72e8305-aa7c-42f4-a8e1-859d068dd798@group-342ACFA3CCE1-FollowerState] INFO  server.RaftServerConfigKeys (ConfUtils.java:logFallback(53)) - raft.server.rpc.first-election.timeout.max = 5200ms (fallback to raft.server.rpc.timeout.max)
2022-12-19 18:39:24,878 [grpc-default-executor-0] INFO  server.RaftServer (RaftServerProxy.java:addNew(96)) - 6d5a55a6-b535-46b1-9113-4eddd06c74b3: addNew group-342ACFA3CCE1:[9557de33-fe68-40fe-b687-830f5ee56eaf|rpc:10.1.0.24:36865|dataStream:10.1.0.24:34463|priority:0|startupRole:FOLLOWER, 6d5a55a6-b535-46b1-9113-4eddd06c74b3|rpc:10.1.0.24:37267|dataStream:10.1.0.24:34289|priority:1|startupRole:FOLLOWER, e72e8305-aa7c-42f4-a8e1-859d068dd798|rpc:10.1.0.24:45651|dataStream:10.1.0.24:44743|priority:0|startupRole:FOLLOWER] returns group-342ACFA3CCE1:java.util.concurrent.CompletableFuture@5054c7b6[Not completed]
2022-12-19 18:39:24,879 [pool-352-thread-1] INFO  server.RaftServer$Division (RaftServerImpl.java:<init>(195)) - 6d5a55a6-b535-46b1-9113-4eddd06c74b3: new RaftServerImpl for group-342ACFA3CCE1:[9557de33-fe68-40fe-b687-830f5ee56eaf|rpc:10.1.0.24:36865|dataStream:10.1.0.24:34463|priority:0|startupRole:FOLLOWER, 6d5a55a6-b535-46b1-9113-4eddd06c74b3|rpc:10.1.0.24:37267|dataStream:10.1.0.24:34289|priority:1|startupRole:FOLLOWER, e72e8305-aa7c-42f4-a8e1-859d068dd798|rpc:10.1.0.24:45651|dataStream:10.1.0.24:44743|priority:0|startupRole:FOLLOWER] with ContainerStateMachine:uninitialized
2022-12-19 18:39:24,879 [pool-352-thread-1] INFO  server.RaftServerConfigKeys (ConfUtils.java:logGet(46)) - raft.server.rpc.timeout.min = 5s (custom)
2022-12-19 18:39:24,879 [pool-352-thread-1] INFO  server.RaftServerConfigKeys (ConfUtils.java:logGet(46)) - raft.server.rpc.timeout.max = 5200ms (custom)
2022-12-19 18:39:24,879 [pool-352-thread-1] INFO  server.RaftServerConfigKeys (ConfUtils.java:logGet(46)) - raft.server.rpc.sleep.time = 25ms (default)
2022-12-19 18:39:24,879 [pool-352-thread-1] INFO  server.RaftServerConfigKeys (ConfUtils.java:logGet(46)) - raft.server.rpc.slowness.timeout = 300s (custom)
2022-12-19 18:39:24,879 [pool-352-thread-1] INFO  server.RaftServerConfigKeys (ConfUtils.java:logGet(46)) - raft.server.leaderelection.leader.step-down.wait-time = 10s (default)
2022-12-19 18:39:24,879 [pool-352-thread-1] INFO  server.RaftServerConfigKeys (ConfUtils.java:logGet(46)) - raft.server.sleep.deviation.threshold = 300ms (default)
2022-12-19 18:39:24,879 [pool-352-thread-1] INFO  server.RaftServer$Division (ServerState.java:<init>(118)) - 6d5a55a6-b535-46b1-9113-4eddd06c74b3@group-342ACFA3CCE1: ConfigurationManager, init=-1: peers:[9557de33-fe68-40fe-b687-830f5ee56eaf|rpc:10.1.0.24:36865|dataStream:10.1.0.24:34463|priority:0|startupRole:FOLLOWER, 6d5a55a6-b535-46b1-9113-4eddd06c74b3|rpc:10.1.0.24:37267|dataStream:10.1.0.24:34289|priority:1|startupRole:FOLLOWER, e72e8305-aa7c-42f4-a8e1-859d068dd798|rpc:10.1.0.24:45651|dataStream:10.1.0.24:44743|priority:0|startupRole:FOLLOWER]|listeners:[], old=null, confs=<EMPTY_MAP>
2022-12-19 18:39:24,879 [pool-352-thread-1] INFO  server.RaftServerConfigKeys (ConfUtils.java:logGet(46)) - raft.server.storage.dir = [/home/runner/work/ozone/ozone/hadoop-ozone/integration-test/target/test-dir/MiniOzoneClusterImpl-90c20adc-2d54-4d1b-8da5-d2480cc87ad8/datanode-2/data/ratis] (custom)
2022-12-19 18:39:24,879 [pool-352-thread-1] INFO  server.RaftServerConfigKeys (ConfUtils.java:logGet(46)) - raft.server.log.corruption.policy = EXCEPTION (default)
2022-12-19 18:39:24,879 [pool-352-thread-1] INFO  server.RaftServerConfigKeys (ConfUtils.java:logGet(46)) - raft.server.storage.free-space.min = 0MB (=0) (default)
2022-12-19 18:39:24,879 [pool-352-thread-1] INFO  server.RaftServerConfigKeys (ConfUtils.java:logGet(46)) - raft.server.notification.no-leader.timeout = 300s (custom)
2022-12-19 18:39:24,879 [pool-352-thread-1] INFO  server.RaftServerConfigKeys (ConfUtils.java:logGet(46)) - raft.server.retrycache.expirytime = 600000ms (custom)
2022-12-19 18:39:24,879 [pool-352-thread-1] INFO  server.RaftServerConfigKeys (ConfUtils.java:logGet(46)) - raft.server.retrycache.statistics.expirytime = 100μs (default)
2022-12-19 18:39:24,880 [pool-352-thread-1] INFO  server.RaftServerConfigKeys (ConfUtils.java:logGet(46)) - raft.server.log.appender.install.snapshot.enabled = false (custom)
2022-12-19 18:39:24,880 [pool-352-thread-1] INFO  server.RaftServerConfigKeys (ConfUtils.java:logGet(46)) - raft.server.threadpool.server.cached = true (default)
2022-12-19 18:39:24,880 [pool-352-thread-1] INFO  server.RaftServerConfigKeys (ConfUtils.java:logGet(46)) - raft.server.threadpool.server.size = 0 (default)
2022-12-19 18:39:24,880 [pool-352-thread-1] INFO  server.RaftServerConfigKeys (ConfUtils.java:logGet(46)) - raft.server.threadpool.client.cached = true (default)
2022-12-19 18:39:24,880 [pool-352-thread-1] INFO  server.RaftServerConfigKeys (ConfUtils.java:logGet(46)) - raft.server.threadpool.client.size = 0 (default)
2022-12-19 18:39:24,881 [pool-352-thread-1] INFO  storage.RaftStorageDirectory (RaftStorageDirectoryImpl.java:analyzeStorage(137)) - The storage directory /home/runner/work/ozone/ozone/hadoop-ozone/integration-test/target/test-dir/MiniOzoneClusterImpl-90c20adc-2d54-4d1b-8da5-d2480cc87ad8/datanode-2/data/ratis/35e228cb-df5d-4968-ae0c-342acfa3cce1 does not exist. Creating ...
2022-12-19 18:39:24,881 [pool-352-thread-1] INFO  storage.RaftStorageDirectory (RaftStorageDirectoryImpl.java:tryLock(231)) - Lock on /home/runner/work/ozone/ozone/hadoop-ozone/integration-test/target/test-dir/MiniOzoneClusterImpl-90c20adc-2d54-4d1b-8da5-d2480cc87ad8/datanode-2/data/ratis/35e228cb-df5d-4968-ae0c-342acfa3cce1/in_use.lock acquired by nodename 10449@fv-az353-760
2022-12-19 18:39:24,883 [pool-352-thread-1] INFO  storage.RaftStorage (RaftStorageImpl.java:format(96)) - Storage directory /home/runner/work/ozone/ozone/hadoop-ozone/integration-test/target/test-dir/MiniOzoneClusterImpl-90c20adc-2d54-4d1b-8da5-d2480cc87ad8/datanode-2/data/ratis/35e228cb-df5d-4968-ae0c-342acfa3cce1 has been successfully formatted.
2022-12-19 18:39:24,884 [pool-352-thread-1] INFO  ratis.ContainerStateMachine (ContainerStateMachine.java:loadSnapshot(240)) - group-342ACFA3CCE1: The snapshot info is null. Setting the last applied indexto:(t:0, i:~)
2022-12-19 18:39:24,884 [pool-352-thread-1] INFO  server.RaftServerConfigKeys (ConfUtils.java:logGet(46)) - raft.server.log.use.memory = false (default)
2022-12-19 18:39:24,884 [pool-352-thread-1] INFO  server.RaftServerConfigKeys (ConfUtils.java:logGet(46)) - raft.server.log.purge.gap = 1000000 (custom)
2022-12-19 18:39:24,884 [pool-352-thread-1] INFO  server.RaftServerConfigKeys (ConfUtils.java:logGet(46)) - raft.server.log.appender.buffer.byte-limit = 33554432 (custom)
2022-12-19 18:39:24,884 [pool-352-thread-1] INFO  server.RaftServerConfigKeys (ConfUtils.java:logGet(46)) - raft.server.log.statemachine.data.read.timeout = 1000ms (default)
2022-12-19 18:39:24,884 [pool-352-thread-1] INFO  server.RaftServerConfigKeys (ConfUtils.java:logGet(46)) - raft.server.log.purge.preservation.log.num = 0 (default)
2022-12-19 18:39:24,884 [EventQueue-CommandQueueReportForCommandQueueReportHandler] WARN  events.EventQueue (EventQueue.java:fireEvent(216)) - No event handler registered for event TypedEvent{payloadType=DatanodeDetails, name='Datanode_Command_Queue_Updated'}
2022-12-19 18:39:24,885 [pool-352-thread-1] INFO  server.RaftServerConfigKeys (ConfUtils.java:logGet(46)) - raft.server.log.segment.size.max = 1048576 (custom)
2022-12-19 18:39:24,885 [pool-352-thread-1] INFO  server.RaftServerConfigKeys (ConfUtils.java:logGet(46)) - raft.server.log.segment.cache.num.max = 2 (custom)
2022-12-19 18:39:24,885 [pool-352-thread-1] INFO  server.RaftServerConfigKeys (ConfUtils.java:logGet(46)) - raft.server.log.segment.cache.size.max = 200MB (=209715200) (default)
2022-12-19 18:39:24,885 [pool-352-thread-1] INFO  segmented.SegmentedRaftLogWorker (SegmentedRaftLogWorker.java:<init>(189)) - new 6d5a55a6-b535-46b1-9113-4eddd06c74b3@group-342ACFA3CCE1-SegmentedRaftLogWorker for RaftStorageImpl:Storage Directory /home/runner/work/ozone/ozone/hadoop-ozone/integration-test/target/test-dir/MiniOzoneClusterImpl-90c20adc-2d54-4d1b-8da5-d2480cc87ad8/datanode-2/data/ratis/35e228cb-df5d-4968-ae0c-342acfa3cce1
2022-12-19 18:39:24,885 [pool-352-thread-1] INFO  server.RaftServerConfigKeys (ConfUtils.java:logGet(46)) - raft.server.log.queue.byte-limit = 4294967296 (custom)
2022-12-19 18:39:24,885 [pool-352-thread-1] INFO  server.RaftServerConfigKeys (ConfUtils.java:logGet(46)) - raft.server.log.queue.element-limit = 1024 (custom)
2022-12-19 18:39:24,885 [pool-352-thread-1] INFO  server.RaftServerConfigKeys (ConfUtils.java:logGet(46)) - raft.server.log.segment.size.max = 1048576 (custom)
2022-12-19 18:39:24,885 [pool-352-thread-1] INFO  server.RaftServerConfigKeys (ConfUtils.java:logGet(46)) - raft.server.log.preallocated.size = 16384 (custom)
2022-12-19 18:39:24,885 [pool-352-thread-1] INFO  server.RaftServerConfigKeys (ConfUtils.java:logGet(46)) - raft.server.log.force.sync.num = 128 (default)
2022-12-19 18:39:24,885 [pool-352-thread-1] INFO  server.RaftServerConfigKeys (ConfUtils.java:logGet(46)) - raft.server.log.statemachine.data.sync = true (default)
2022-12-19 18:39:24,885 [pool-352-thread-1] INFO  server.RaftServerConfigKeys (ConfUtils.java:logGet(46)) - raft.server.log.statemachine.data.sync.timeout = 10s (default)
2022-12-19 18:39:24,885 [pool-352-thread-1] INFO  server.RaftServerConfigKeys (ConfUtils.java:logGet(46)) - raft.server.log.statemachine.data.sync.timeout.retry = -1 (default)
2022-12-19 18:39:24,886 [pool-352-thread-1] INFO  server.RaftServerConfigKeys (ConfUtils.java:logGet(46)) - raft.server.log.write.buffer.size = 1048576 (custom)
2022-12-19 18:39:24,886 [pool-352-thread-1] INFO  server.RaftServerConfigKeys (ConfUtils.java:logGet(46)) - raft.server.log.appender.buffer.byte-limit = 33554432 (custom)
2022-12-19 18:39:24,889 [pool-352-thread-1] INFO  server.RaftServerConfigKeys (ConfUtils.java:logGet(46)) - raft.server.log.unsafe-flush.enabled = false (default)
2022-12-19 18:39:24,889 [pool-352-thread-1] INFO  server.RaftServerConfigKeys (ConfUtils.java:logGet(46)) - raft.server.log.async-flush.enabled = false (default)
2022-12-19 18:39:24,889 [pool-352-thread-1] INFO  server.RaftServerConfigKeys (ConfUtils.java:logGet(46)) - raft.server.log.statemachine.data.caching.enabled = true (custom)
2022-12-19 18:39:24,889 [pool-352-thread-1] INFO  segmented.SegmentedRaftLogWorker (SegmentedRaftLogWorker.java:lambda$new$0(135)) - 6d5a55a6-b535-46b1-9113-4eddd06c74b3@group-342ACFA3CCE1-SegmentedRaftLogWorker: flushIndex: setUnconditionally 0 -> -1
2022-12-19 18:39:24,889 [pool-352-thread-1] INFO  segmented.SegmentedRaftLogWorker (SegmentedRaftLogWorker.java:lambda$new$0(135)) - 6d5a55a6-b535-46b1-9113-4eddd06c74b3@group-342ACFA3CCE1-SegmentedRaftLogWorker: safeCacheEvictIndex: setUnconditionally 0 -> -1
2022-12-19 18:39:24,891 [pool-352-thread-1] INFO  server.RaftServer$Division (RaftServerImpl.java:start(334)) - 6d5a55a6-b535-46b1-9113-4eddd06c74b3@group-342ACFA3CCE1: start as a follower, conf=-1: peers:[9557de33-fe68-40fe-b687-830f5ee56eaf|rpc:10.1.0.24:36865|dataStream:10.1.0.24:34463|priority:0|startupRole:FOLLOWER, 6d5a55a6-b535-46b1-9113-4eddd06c74b3|rpc:10.1.0.24:37267|dataStream:10.1.0.24:34289|priority:1|startupRole:FOLLOWER, e72e8305-aa7c-42f4-a8e1-859d068dd798|rpc:10.1.0.24:45651|dataStream:10.1.0.24:44743|priority:0|startupRole:FOLLOWER]|listeners:[], old=null
2022-12-19 18:39:24,891 [pool-352-thread-1] INFO  server.RaftServer$Division (RaftServerImpl.java:setRole(321)) - 6d5a55a6-b535-46b1-9113-4eddd06c74b3@group-342ACFA3CCE1: changes role from      null to FOLLOWER at term 0 for startAsFollower
2022-12-19 18:39:24,892 [pool-352-thread-1] INFO  impl.RoleInfo (RoleInfo.java:updateAndGet(139)) - 6d5a55a6-b535-46b1-9113-4eddd06c74b3: start 6d5a55a6-b535-46b1-9113-4eddd06c74b3@group-342ACFA3CCE1-FollowerState
2022-12-19 18:39:24,896 [pool-352-thread-1] INFO  util.JmxRegister (JmxRegister.java:tryRegister(44)) - Successfully registered JMX Bean with object name Ratis:service=RaftServer,group=group-342ACFA3CCE1,id=6d5a55a6-b535-46b1-9113-4eddd06c74b3
2022-12-19 18:39:24,896 [pool-352-thread-1] INFO  server.RaftServerConfigKeys (ConfUtils.java:logGet(46)) - raft.server.snapshot.auto.trigger.enabled = true (custom)
2022-12-19 18:39:24,897 [pool-352-thread-1] INFO  server.RaftServerConfigKeys (ConfUtils.java:logGet(46)) - raft.server.snapshot.auto.trigger.threshold = 10000 (custom)
2022-12-19 18:39:24,897 [pool-352-thread-1] INFO  server.RaftServerConfigKeys (ConfUtils.java:logGet(46)) - raft.server.snapshot.retention.file.num = 5 (custom)
2022-12-19 18:39:24,897 [pool-352-thread-1] INFO  server.RaftServerConfigKeys (ConfUtils.java:logGet(46)) - raft.server.log.purge.upto.snapshot.index = false (default)
2022-12-19 18:39:24,897 [6d5a55a6-b535-46b1-9113-4eddd06c74b3@group-342ACFA3CCE1-FollowerState] INFO  server.RaftServerConfigKeys (ConfUtils.java:logFallback(53)) - raft.server.rpc.first-election.timeout.min = 5s (fallback to raft.server.rpc.timeout.min)
2022-12-19 18:39:24,897 [6d5a55a6-b535-46b1-9113-4eddd06c74b3@group-342ACFA3CCE1-FollowerState] INFO  server.RaftServerConfigKeys (ConfUtils.java:logFallback(53)) - raft.server.rpc.first-election.timeout.max = 5200ms (fallback to raft.server.rpc.timeout.max)
2022-12-19 18:39:24,901 [Command processor thread] INFO  commandhandler.CreatePipelineCommandHandler (CreatePipelineCommandHandler.java:handle(113)) - Created Pipeline RATIS THREE PipelineID=35e228cb-df5d-4968-ae0c-342acfa3cce1.
2022-12-19 18:39:24,984 [Command processor thread] INFO  server.RaftServer (RaftServerProxy.java:addNew(96)) - e72e8305-aa7c-42f4-a8e1-859d068dd798: addNew group-AD314E80544A:[e72e8305-aa7c-42f4-a8e1-859d068dd798|rpc:10.1.0.24:45651|dataStream:10.1.0.24:44743|priority:1|startupRole:FOLLOWER] returns group-AD314E80544A:java.util.concurrent.CompletableFuture@d1fbc0c[Not completed]
2022-12-19 18:39:24,985 [pool-329-thread-1] INFO  server.RaftServer$Division (RaftServerImpl.java:<init>(195)) - e72e8305-aa7c-42f4-a8e1-859d068dd798: new RaftServerImpl for group-AD314E80544A:[e72e8305-aa7c-42f4-a8e1-859d068dd798|rpc:10.1.0.24:45651|dataStream:10.1.0.24:44743|priority:1|startupRole:FOLLOWER] with ContainerStateMachine:uninitialized
2022-12-19 18:39:24,985 [pool-329-thread-1] INFO  server.RaftServerConfigKeys (ConfUtils.java:logGet(46)) - raft.server.rpc.timeout.min = 5s (custom)
2022-12-19 18:39:24,985 [pool-329-thread-1] INFO  server.RaftServerConfigKeys (ConfUtils.java:logGet(46)) - raft.server.rpc.timeout.max = 5200ms (custom)
2022-12-19 18:39:24,985 [pool-329-thread-1] INFO  server.RaftServerConfigKeys (ConfUtils.java:logGet(46)) - raft.server.rpc.sleep.time = 25ms (default)
2022-12-19 18:39:24,985 [pool-329-thread-1] INFO  server.RaftServerConfigKeys (ConfUtils.java:logGet(46)) - raft.server.rpc.slowness.timeout = 300s (custom)
2022-12-19 18:39:24,985 [pool-329-thread-1] INFO  server.RaftServerConfigKeys (ConfUtils.java:logGet(46)) - raft.server.leaderelection.leader.step-down.wait-time = 10s (default)
2022-12-19 18:39:24,985 [pool-329-thread-1] INFO  server.RaftServerConfigKeys (ConfUtils.java:logGet(46)) - raft.server.sleep.deviation.threshold = 300ms (default)
2022-12-19 18:39:24,985 [pool-329-thread-1] INFO  server.RaftServer$Division (ServerState.java:<init>(118)) - e72e8305-aa7c-42f4-a8e1-859d068dd798@group-AD314E80544A: ConfigurationManager, init=-1: peers:[e72e8305-aa7c-42f4-a8e1-859d068dd798|rpc:10.1.0.24:45651|dataStream:10.1.0.24:44743|priority:1|startupRole:FOLLOWER]|listeners:[], old=null, confs=<EMPTY_MAP>
2022-12-19 18:39:24,985 [pool-329-thread-1] INFO  server.RaftServerConfigKeys (ConfUtils.java:logGet(46)) - raft.server.storage.dir = [/home/runner/work/ozone/ozone/hadoop-ozone/integration-test/target/test-dir/MiniOzoneClusterImpl-90c20adc-2d54-4d1b-8da5-d2480cc87ad8/datanode-1/data/ratis] (custom)
2022-12-19 18:39:24,985 [pool-329-thread-1] INFO  server.RaftServerConfigKeys (ConfUtils.java:logGet(46)) - raft.server.log.corruption.policy = EXCEPTION (default)
2022-12-19 18:39:24,985 [pool-329-thread-1] INFO  server.RaftServerConfigKeys (ConfUtils.java:logGet(46)) - raft.server.storage.free-space.min = 0MB (=0) (default)
2022-12-19 18:39:24,985 [pool-329-thread-1] INFO  server.RaftServerConfigKeys (ConfUtils.java:logGet(46)) - raft.server.notification.no-leader.timeout = 300s (custom)
2022-12-19 18:39:24,985 [pool-329-thread-1] INFO  server.RaftServerConfigKeys (ConfUtils.java:logGet(46)) - raft.server.retrycache.expirytime = 600000ms (custom)
2022-12-19 18:39:24,985 [pool-329-thread-1] INFO  server.RaftServerConfigKeys (ConfUtils.java:logGet(46)) - raft.server.retrycache.statistics.expirytime = 100μs (default)
2022-12-19 18:39:24,986 [pool-329-thread-1] INFO  server.RaftServerConfigKeys (ConfUtils.java:logGet(46)) - raft.server.log.appender.install.snapshot.enabled = false (custom)
2022-12-19 18:39:24,986 [pool-329-thread-1] INFO  server.RaftServerConfigKeys (ConfUtils.java:logGet(46)) - raft.server.threadpool.server.cached = true (default)
2022-12-19 18:39:24,986 [pool-329-thread-1] INFO  server.RaftServerConfigKeys (ConfUtils.java:logGet(46)) - raft.server.threadpool.server.size = 0 (default)
2022-12-19 18:39:24,986 [pool-329-thread-1] INFO  server.RaftServerConfigKeys (ConfUtils.java:logGet(46)) - raft.server.threadpool.client.cached = true (default)
2022-12-19 18:39:24,986 [pool-329-thread-1] INFO  server.RaftServerConfigKeys (ConfUtils.java:logGet(46)) - raft.server.threadpool.client.size = 0 (default)
2022-12-19 18:39:24,986 [pool-329-thread-1] INFO  storage.RaftStorageDirectory (RaftStorageDirectoryImpl.java:analyzeStorage(137)) - The storage directory /home/runner/work/ozone/ozone/hadoop-ozone/integration-test/target/test-dir/MiniOzoneClusterImpl-90c20adc-2d54-4d1b-8da5-d2480cc87ad8/datanode-1/data/ratis/ca5ef7af-91bf-4b43-857c-ad314e80544a does not exist. Creating ...
2022-12-19 18:39:24,988 [pool-329-thread-1] INFO  storage.RaftStorageDirectory (RaftStorageDirectoryImpl.java:tryLock(231)) - Lock on /home/runner/work/ozone/ozone/hadoop-ozone/integration-test/target/test-dir/MiniOzoneClusterImpl-90c20adc-2d54-4d1b-8da5-d2480cc87ad8/datanode-1/data/ratis/ca5ef7af-91bf-4b43-857c-ad314e80544a/in_use.lock acquired by nodename 10449@fv-az353-760
2022-12-19 18:39:24,989 [pool-329-thread-1] INFO  storage.RaftStorage (RaftStorageImpl.java:format(96)) - Storage directory /home/runner/work/ozone/ozone/hadoop-ozone/integration-test/target/test-dir/MiniOzoneClusterImpl-90c20adc-2d54-4d1b-8da5-d2480cc87ad8/datanode-1/data/ratis/ca5ef7af-91bf-4b43-857c-ad314e80544a has been successfully formatted.
2022-12-19 18:39:24,990 [pool-329-thread-1] INFO  ratis.ContainerStateMachine (ContainerStateMachine.java:loadSnapshot(240)) - group-AD314E80544A: The snapshot info is null. Setting the last applied indexto:(t:0, i:~)
2022-12-19 18:39:24,990 [pool-329-thread-1] INFO  server.RaftServerConfigKeys (ConfUtils.java:logGet(46)) - raft.server.log.use.memory = false (default)
2022-12-19 18:39:24,990 [pool-329-thread-1] INFO  server.RaftServerConfigKeys (ConfUtils.java:logGet(46)) - raft.server.log.purge.gap = 1000000 (custom)
2022-12-19 18:39:24,990 [pool-329-thread-1] INFO  server.RaftServerConfigKeys (ConfUtils.java:logGet(46)) - raft.server.log.appender.buffer.byte-limit = 33554432 (custom)
2022-12-19 18:39:24,991 [pool-329-thread-1] INFO  server.RaftServerConfigKeys (ConfUtils.java:logGet(46)) - raft.server.log.statemachine.data.read.timeout = 1000ms (default)
2022-12-19 18:39:24,991 [EventQueue-CommandQueueReportForCommandQueueReportHandler] WARN  events.EventQueue (EventQueue.java:fireEvent(216)) - No event handler registered for event TypedEvent{payloadType=DatanodeDetails, name='Datanode_Command_Queue_Updated'}
2022-12-19 18:39:24,991 [EventQueue-PipelineReportForPipelineReportHandler] INFO  pipeline.PipelineManagerImpl (PipelineManagerImpl.java:openPipeline(367)) - Pipeline Pipeline[ Id: ca5ef7af-91bf-4b43-857c-ad314e80544a, Nodes: e72e8305-aa7c-42f4-a8e1-859d068dd798{ip: 10.1.0.24, host: fv-az353-760.tkyx2seitsuu3nmpmouz2httfb.bx.internal.cloudapp.net, ports: [REPLICATION=34371, RATIS=45651, RATIS_ADMIN=45651, RATIS_SERVER=45651, RATIS_DATASTREAM=44743, STANDALONE=39047], networkLocation: /default-rack, certSerialId: null, persistedOpState: IN_SERVICE, persistedOpStateExpiryEpochSec: 0}, ReplicationConfig: RATIS/ONE, State:ALLOCATED, leaderId:e72e8305-aa7c-42f4-a8e1-859d068dd798, CreationTimestamp2022-12-19T18:39:21.986Z[Etc/UTC]] moved to OPEN state
2022-12-19 18:39:24,992 [EventQueue-OpenPipelineForHealthyPipelineSafeModeRule] INFO  safemode.SCMSafeModeManager (HealthyPipelineSafeModeRule.java:process(137)) - SCM in safe mode. Healthy pipelines reported count is 0, required healthy pipeline reported count is 1
2022-12-19 18:39:24,992 [pool-329-thread-1] INFO  server.RaftServerConfigKeys (ConfUtils.java:logGet(46)) - raft.server.log.purge.preservation.log.num = 0 (default)
2022-12-19 18:39:24,992 [pool-329-thread-1] INFO  server.RaftServerConfigKeys (ConfUtils.java:logGet(46)) - raft.server.log.segment.size.max = 1048576 (custom)
2022-12-19 18:39:24,993 [pool-329-thread-1] INFO  server.RaftServerConfigKeys (ConfUtils.java:logGet(46)) - raft.server.log.segment.cache.num.max = 2 (custom)
2022-12-19 18:39:24,993 [pool-329-thread-1] INFO  server.RaftServerConfigKeys (ConfUtils.java:logGet(46)) - raft.server.log.segment.cache.size.max = 200MB (=209715200) (default)
2022-12-19 18:39:24,993 [pool-329-thread-1] INFO  segmented.SegmentedRaftLogWorker (SegmentedRaftLogWorker.java:<init>(189)) - new e72e8305-aa7c-42f4-a8e1-859d068dd798@group-AD314E80544A-SegmentedRaftLogWorker for RaftStorageImpl:Storage Directory /home/runner/work/ozone/ozone/hadoop-ozone/integration-test/target/test-dir/MiniOzoneClusterImpl-90c20adc-2d54-4d1b-8da5-d2480cc87ad8/datanode-1/data/ratis/ca5ef7af-91bf-4b43-857c-ad314e80544a
2022-12-19 18:39:24,993 [pool-329-thread-1] INFO  server.RaftServerConfigKeys (ConfUtils.java:logGet(46)) - raft.server.log.queue.byte-limit = 4294967296 (custom)
2022-12-19 18:39:24,993 [pool-329-thread-1] INFO  server.RaftServerConfigKeys (ConfUtils.java:logGet(46)) - raft.server.log.queue.element-limit = 1024 (custom)
2022-12-19 18:39:24,993 [pool-329-thread-1] INFO  server.RaftServerConfigKeys (ConfUtils.java:logGet(46)) - raft.server.log.segment.size.max = 1048576 (custom)
2022-12-19 18:39:24,993 [pool-329-thread-1] INFO  server.RaftServerConfigKeys (ConfUtils.java:logGet(46)) - raft.server.log.preallocated.size = 16384 (custom)
2022-12-19 18:39:24,993 [pool-329-thread-1] INFO  server.RaftServerConfigKeys (ConfUtils.java:logGet(46)) - raft.server.log.force.sync.num = 128 (default)
2022-12-19 18:39:24,993 [pool-329-thread-1] INFO  server.RaftServerConfigKeys (ConfUtils.java:logGet(46)) - raft.server.log.statemachine.data.sync = true (default)
2022-12-19 18:39:24,993 [pool-329-thread-1] INFO  server.RaftServerConfigKeys (ConfUtils.java:logGet(46)) - raft.server.log.statemachine.data.sync.timeout = 10s (default)
2022-12-19 18:39:24,993 [pool-329-thread-1] INFO  server.RaftServerConfigKeys (ConfUtils.java:logGet(46)) - raft.server.log.statemachine.data.sync.timeout.retry = -1 (default)
2022-12-19 18:39:24,995 [pool-329-thread-1] INFO  server.RaftServerConfigKeys (ConfUtils.java:logGet(46)) - raft.server.log.write.buffer.size = 1048576 (custom)
2022-12-19 18:39:24,996 [pool-329-thread-1] INFO  server.RaftServerConfigKeys (ConfUtils.java:logGet(46)) - raft.server.log.appender.buffer.byte-limit = 33554432 (custom)
2022-12-19 18:39:24,999 [pool-329-thread-1] INFO  server.RaftServerConfigKeys (ConfUtils.java:logGet(46)) - raft.server.log.unsafe-flush.enabled = false (default)
2022-12-19 18:39:24,999 [pool-329-thread-1] INFO  server.RaftServerConfigKeys (ConfUtils.java:logGet(46)) - raft.server.log.async-flush.enabled = false (default)
2022-12-19 18:39:24,999 [pool-329-thread-1] INFO  server.RaftServerConfigKeys (ConfUtils.java:logGet(46)) - raft.server.log.statemachine.data.caching.enabled = true (custom)
2022-12-19 18:39:24,999 [pool-329-thread-1] INFO  segmented.SegmentedRaftLogWorker (SegmentedRaftLogWorker.java:lambda$new$0(135)) - e72e8305-aa7c-42f4-a8e1-859d068dd798@group-AD314E80544A-SegmentedRaftLogWorker: flushIndex: setUnconditionally 0 -> -1
2022-12-19 18:39:24,999 [pool-329-thread-1] INFO  segmented.SegmentedRaftLogWorker (SegmentedRaftLogWorker.java:lambda$new$0(135)) - e72e8305-aa7c-42f4-a8e1-859d068dd798@group-AD314E80544A-SegmentedRaftLogWorker: safeCacheEvictIndex: setUnconditionally 0 -> -1
2022-12-19 18:39:24,999 [pool-329-thread-1] INFO  server.RaftServer$Division (RaftServerImpl.java:start(334)) - e72e8305-aa7c-42f4-a8e1-859d068dd798@group-AD314E80544A: start as a follower, conf=-1: peers:[e72e8305-aa7c-42f4-a8e1-859d068dd798|rpc:10.1.0.24:45651|dataStream:10.1.0.24:44743|priority:1|startupRole:FOLLOWER]|listeners:[], old=null
2022-12-19 18:39:24,999 [pool-329-thread-1] INFO  server.RaftServer$Division (RaftServerImpl.java:setRole(321)) - e72e8305-aa7c-42f4-a8e1-859d068dd798@group-AD314E80544A: changes role from      null to FOLLOWER at term 0 for startAsFollower
2022-12-19 18:39:24,999 [pool-329-thread-1] INFO  impl.RoleInfo (RoleInfo.java:updateAndGet(139)) - e72e8305-aa7c-42f4-a8e1-859d068dd798: start e72e8305-aa7c-42f4-a8e1-859d068dd798@group-AD314E80544A-FollowerState
2022-12-19 18:39:25,002 [pool-329-thread-1] INFO  util.JmxRegister (JmxRegister.java:tryRegister(44)) - Successfully registered JMX Bean with object name Ratis:service=RaftServer,group=group-AD314E80544A,id=e72e8305-aa7c-42f4-a8e1-859d068dd798
2022-12-19 18:39:25,002 [pool-329-thread-1] INFO  server.RaftServerConfigKeys (ConfUtils.java:logGet(46)) - raft.server.snapshot.auto.trigger.enabled = true (custom)
2022-12-19 18:39:25,002 [pool-329-thread-1] INFO  server.RaftServerConfigKeys (ConfUtils.java:logGet(46)) - raft.server.snapshot.auto.trigger.threshold = 10000 (custom)
2022-12-19 18:39:25,002 [pool-329-thread-1] INFO  server.RaftServerConfigKeys (ConfUtils.java:logGet(46)) - raft.server.snapshot.retention.file.num = 5 (custom)
2022-12-19 18:39:25,002 [pool-329-thread-1] INFO  server.RaftServerConfigKeys (ConfUtils.java:logGet(46)) - raft.server.log.purge.upto.snapshot.index = false (default)
2022-12-19 18:39:25,003 [e72e8305-aa7c-42f4-a8e1-859d068dd798@group-AD314E80544A-FollowerState] INFO  server.RaftServerConfigKeys (ConfUtils.java:logFallback(53)) - raft.server.rpc.first-election.timeout.min = 5s (fallback to raft.server.rpc.timeout.min)
2022-12-19 18:39:25,003 [e72e8305-aa7c-42f4-a8e1-859d068dd798@group-AD314E80544A-FollowerState] INFO  server.RaftServerConfigKeys (ConfUtils.java:logFallback(53)) - raft.server.rpc.first-election.timeout.max = 5200ms (fallback to raft.server.rpc.timeout.max)
2022-12-19 18:39:25,003 [Command processor thread] INFO  ratis.XceiverServerRatis (XceiverServerRatis.java:addGroup(806)) - Created group PipelineID=ca5ef7af-91bf-4b43-857c-ad314e80544a
2022-12-19 18:39:25,003 [Command processor thread] INFO  commandhandler.CreatePipelineCommandHandler (CreatePipelineCommandHandler.java:handle(113)) - Created Pipeline RATIS ONE PipelineID=ca5ef7af-91bf-4b43-857c-ad314e80544a.
2022-12-19 18:39:25,279 [Command processor thread] INFO  server.RaftServer (RaftServerProxy.java:addNew(96)) - 6d5a55a6-b535-46b1-9113-4eddd06c74b3: addNew group-62FF3A1F6D5E:[6d5a55a6-b535-46b1-9113-4eddd06c74b3|rpc:10.1.0.24:37267|dataStream:10.1.0.24:34289|priority:1|startupRole:FOLLOWER] returns group-62FF3A1F6D5E:java.util.concurrent.CompletableFuture@257ab50b[Not completed]
2022-12-19 18:39:25,280 [pool-352-thread-1] INFO  server.RaftServer$Division (RaftServerImpl.java:<init>(195)) - 6d5a55a6-b535-46b1-9113-4eddd06c74b3: new RaftServerImpl for group-62FF3A1F6D5E:[6d5a55a6-b535-46b1-9113-4eddd06c74b3|rpc:10.1.0.24:37267|dataStream:10.1.0.24:34289|priority:1|startupRole:FOLLOWER] with ContainerStateMachine:uninitialized
2022-12-19 18:39:25,280 [pool-352-thread-1] INFO  server.RaftServerConfigKeys (ConfUtils.java:logGet(46)) - raft.server.rpc.timeout.min = 5s (custom)
2022-12-19 18:39:25,280 [pool-352-thread-1] INFO  server.RaftServerConfigKeys (ConfUtils.java:logGet(46)) - raft.server.rpc.timeout.max = 5200ms (custom)
2022-12-19 18:39:25,280 [pool-352-thread-1] INFO  server.RaftServerConfigKeys (ConfUtils.java:logGet(46)) - raft.server.rpc.sleep.time = 25ms (default)
2022-12-19 18:39:25,280 [pool-352-thread-1] INFO  server.RaftServerConfigKeys (ConfUtils.java:logGet(46)) - raft.server.rpc.slowness.timeout = 300s (custom)
2022-12-19 18:39:25,280 [pool-352-thread-1] INFO  server.RaftServerConfigKeys (ConfUtils.java:logGet(46)) - raft.server.leaderelection.leader.step-down.wait-time = 10s (default)
2022-12-19 18:39:25,281 [pool-352-thread-1] INFO  server.RaftServerConfigKeys (ConfUtils.java:logGet(46)) - raft.server.sleep.deviation.threshold = 300ms (default)
2022-12-19 18:39:25,281 [pool-352-thread-1] INFO  server.RaftServer$Division (ServerState.java:<init>(118)) - 6d5a55a6-b535-46b1-9113-4eddd06c74b3@group-62FF3A1F6D5E: ConfigurationManager, init=-1: peers:[6d5a55a6-b535-46b1-9113-4eddd06c74b3|rpc:10.1.0.24:37267|dataStream:10.1.0.24:34289|priority:1|startupRole:FOLLOWER]|listeners:[], old=null, confs=<EMPTY_MAP>
2022-12-19 18:39:25,281 [pool-352-thread-1] INFO  server.RaftServerConfigKeys (ConfUtils.java:logGet(46)) - raft.server.storage.dir = [/home/runner/work/ozone/ozone/hadoop-ozone/integration-test/target/test-dir/MiniOzoneClusterImpl-90c20adc-2d54-4d1b-8da5-d2480cc87ad8/datanode-2/data/ratis] (custom)
2022-12-19 18:39:25,281 [pool-352-thread-1] INFO  server.RaftServerConfigKeys (ConfUtils.java:logGet(46)) - raft.server.log.corruption.policy = EXCEPTION (default)
2022-12-19 18:39:25,281 [pool-352-thread-1] INFO  server.RaftServerConfigKeys (ConfUtils.java:logGet(46)) - raft.server.storage.free-space.min = 0MB (=0) (default)
2022-12-19 18:39:25,281 [pool-352-thread-1] INFO  server.RaftServerConfigKeys (ConfUtils.java:logGet(46)) - raft.server.notification.no-leader.timeout = 300s (custom)
2022-12-19 18:39:25,281 [pool-352-thread-1] INFO  server.RaftServerConfigKeys (ConfUtils.java:logGet(46)) - raft.server.retrycache.expirytime = 600000ms (custom)
2022-12-19 18:39:25,281 [pool-352-thread-1] INFO  server.RaftServerConfigKeys (ConfUtils.java:logGet(46)) - raft.server.retrycache.statistics.expirytime = 100μs (default)
2022-12-19 18:39:25,282 [pool-352-thread-1] INFO  server.RaftServerConfigKeys (ConfUtils.java:logGet(46)) - raft.server.log.appender.install.snapshot.enabled = false (custom)
2022-12-19 18:39:25,282 [pool-352-thread-1] INFO  server.RaftServerConfigKeys (ConfUtils.java:logGet(46)) - raft.server.threadpool.server.cached = true (default)
2022-12-19 18:39:25,282 [pool-352-thread-1] INFO  server.RaftServerConfigKeys (ConfUtils.java:logGet(46)) - raft.server.threadpool.server.size = 0 (default)
2022-12-19 18:39:25,282 [pool-352-thread-1] INFO  server.RaftServerConfigKeys (ConfUtils.java:logGet(46)) - raft.server.threadpool.client.cached = true (default)
2022-12-19 18:39:25,282 [pool-352-thread-1] INFO  server.RaftServerConfigKeys (ConfUtils.java:logGet(46)) - raft.server.threadpool.client.size = 0 (default)
2022-12-19 18:39:25,282 [pool-352-thread-1] INFO  storage.RaftStorageDirectory (RaftStorageDirectoryImpl.java:analyzeStorage(137)) - The storage directory /home/runner/work/ozone/ozone/hadoop-ozone/integration-test/target/test-dir/MiniOzoneClusterImpl-90c20adc-2d54-4d1b-8da5-d2480cc87ad8/datanode-2/data/ratis/0c12ed71-c9d0-457b-9db7-62ff3a1f6d5e does not exist. Creating ...
2022-12-19 18:39:25,282 [Listener at 127.0.0.1/45319] INFO  ozone.MiniOzoneClusterImpl (MiniOzoneClusterImpl.java:lambda$waitForClusterToBeReady$0(217)) - Nodes are ready. Got 3 of 3 DN Heartbeats.
2022-12-19 18:39:25,283 [Listener at 127.0.0.1/45319] INFO  ozone.MiniOzoneClusterImpl (MiniOzoneClusterImpl.java:lambda$waitForClusterToBeReady$0(220)) - Waiting for cluster to exit safe mode
2022-12-19 18:39:25,283 [Listener at 127.0.0.1/45319] INFO  ozone.MiniOzoneClusterImpl (MiniOzoneClusterImpl.java:lambda$waitForClusterToBeReady$0(222)) - SCM became leader
2022-12-19 18:39:25,283 [pool-352-thread-1] INFO  storage.RaftStorageDirectory (RaftStorageDirectoryImpl.java:tryLock(231)) - Lock on /home/runner/work/ozone/ozone/hadoop-ozone/integration-test/target/test-dir/MiniOzoneClusterImpl-90c20adc-2d54-4d1b-8da5-d2480cc87ad8/datanode-2/data/ratis/0c12ed71-c9d0-457b-9db7-62ff3a1f6d5e/in_use.lock acquired by nodename 10449@fv-az353-760
2022-12-19 18:39:25,285 [pool-352-thread-1] INFO  storage.RaftStorage (RaftStorageImpl.java:format(96)) - Storage directory /home/runner/work/ozone/ozone/hadoop-ozone/integration-test/target/test-dir/MiniOzoneClusterImpl-90c20adc-2d54-4d1b-8da5-d2480cc87ad8/datanode-2/data/ratis/0c12ed71-c9d0-457b-9db7-62ff3a1f6d5e has been successfully formatted.
2022-12-19 18:39:25,285 [pool-352-thread-1] INFO  ratis.ContainerStateMachine (ContainerStateMachine.java:loadSnapshot(240)) - group-62FF3A1F6D5E: The snapshot info is null. Setting the last applied indexto:(t:0, i:~)
2022-12-19 18:39:25,285 [pool-352-thread-1] INFO  server.RaftServerConfigKeys (ConfUtils.java:logGet(46)) - raft.server.log.use.memory = false (default)
2022-12-19 18:39:25,285 [pool-352-thread-1] INFO  server.RaftServerConfigKeys (ConfUtils.java:logGet(46)) - raft.server.log.purge.gap = 1000000 (custom)
2022-12-19 18:39:25,285 [pool-352-thread-1] INFO  server.RaftServerConfigKeys (ConfUtils.java:logGet(46)) - raft.server.log.appender.buffer.byte-limit = 33554432 (custom)
2022-12-19 18:39:25,285 [pool-352-thread-1] INFO  server.RaftServerConfigKeys (ConfUtils.java:logGet(46)) - raft.server.log.statemachine.data.read.timeout = 1000ms (default)
2022-12-19 18:39:25,286 [pool-352-thread-1] INFO  server.RaftServerConfigKeys (ConfUtils.java:logGet(46)) - raft.server.log.purge.preservation.log.num = 0 (default)
2022-12-19 18:39:25,286 [pool-352-thread-1] INFO  server.RaftServerConfigKeys (ConfUtils.java:logGet(46)) - raft.server.log.segment.size.max = 1048576 (custom)
2022-12-19 18:39:25,286 [pool-352-thread-1] INFO  server.RaftServerConfigKeys (ConfUtils.java:logGet(46)) - raft.server.log.segment.cache.num.max = 2 (custom)
2022-12-19 18:39:25,286 [pool-352-thread-1] INFO  server.RaftServerConfigKeys (ConfUtils.java:logGet(46)) - raft.server.log.segment.cache.size.max = 200MB (=209715200) (default)
2022-12-19 18:39:25,286 [pool-352-thread-1] INFO  segmented.SegmentedRaftLogWorker (SegmentedRaftLogWorker.java:<init>(189)) - new 6d5a55a6-b535-46b1-9113-4eddd06c74b3@group-62FF3A1F6D5E-SegmentedRaftLogWorker for RaftStorageImpl:Storage Directory /home/runner/work/ozone/ozone/hadoop-ozone/integration-test/target/test-dir/MiniOzoneClusterImpl-90c20adc-2d54-4d1b-8da5-d2480cc87ad8/datanode-2/data/ratis/0c12ed71-c9d0-457b-9db7-62ff3a1f6d5e
2022-12-19 18:39:25,286 [pool-352-thread-1] INFO  server.RaftServerConfigKeys (ConfUtils.java:logGet(46)) - raft.server.log.queue.byte-limit = 4294967296 (custom)
2022-12-19 18:39:25,286 [pool-352-thread-1] INFO  server.RaftServerConfigKeys (ConfUtils.java:logGet(46)) - raft.server.log.queue.element-limit = 1024 (custom)
2022-12-19 18:39:25,286 [pool-352-thread-1] INFO  server.RaftServerConfigKeys (ConfUtils.java:logGet(46)) - raft.server.log.segment.size.max = 1048576 (custom)
2022-12-19 18:39:25,286 [pool-352-thread-1] INFO  server.RaftServerConfigKeys (ConfUtils.java:logGet(46)) - raft.server.log.preallocated.size = 16384 (custom)
2022-12-19 18:39:25,286 [pool-352-thread-1] INFO  server.RaftServerConfigKeys (ConfUtils.java:logGet(46)) - raft.server.log.force.sync.num = 128 (default)
2022-12-19 18:39:25,286 [pool-352-thread-1] INFO  server.RaftServerConfigKeys (ConfUtils.java:logGet(46)) - raft.server.log.statemachine.data.sync = true (default)
2022-12-19 18:39:25,286 [pool-352-thread-1] INFO  server.RaftServerConfigKeys (ConfUtils.java:logGet(46)) - raft.server.log.statemachine.data.sync.timeout = 10s (default)
2022-12-19 18:39:25,287 [pool-352-thread-1] INFO  server.RaftServerConfigKeys (ConfUtils.java:logGet(46)) - raft.server.log.statemachine.data.sync.timeout.retry = -1 (default)
2022-12-19 18:39:25,288 [pool-352-thread-1] INFO  server.RaftServerConfigKeys (ConfUtils.java:logGet(46)) - raft.server.log.write.buffer.size = 1048576 (custom)
2022-12-19 18:39:25,288 [EventQueue-CommandQueueReportForCommandQueueReportHandler] WARN  events.EventQueue (EventQueue.java:fireEvent(216)) - No event handler registered for event TypedEvent{payloadType=DatanodeDetails, name='Datanode_Command_Queue_Updated'}
2022-12-19 18:39:25,288 [pool-352-thread-1] INFO  server.RaftServerConfigKeys (ConfUtils.java:logGet(46)) - raft.server.log.appender.buffer.byte-limit = 33554432 (custom)
2022-12-19 18:39:25,288 [EventQueue-PipelineReportForPipelineReportHandler] INFO  pipeline.PipelineManagerImpl (PipelineManagerImpl.java:openPipeline(367)) - Pipeline Pipeline[ Id: 0c12ed71-c9d0-457b-9db7-62ff3a1f6d5e, Nodes: 6d5a55a6-b535-46b1-9113-4eddd06c74b3{ip: 10.1.0.24, host: fv-az353-760.tkyx2seitsuu3nmpmouz2httfb.bx.internal.cloudapp.net, ports: [REPLICATION=37813, RATIS=37267, RATIS_ADMIN=37267, RATIS_SERVER=37267, RATIS_DATASTREAM=34289, STANDALONE=34653], networkLocation: /default-rack, certSerialId: null, persistedOpState: IN_SERVICE, persistedOpStateExpiryEpochSec: 0}, ReplicationConfig: RATIS/ONE, State:ALLOCATED, leaderId:6d5a55a6-b535-46b1-9113-4eddd06c74b3, CreationTimestamp2022-12-19T18:39:22.282Z[Etc/UTC]] moved to OPEN state
2022-12-19 18:39:25,289 [EventQueue-OpenPipelineForHealthyPipelineSafeModeRule] INFO  safemode.SCMSafeModeManager (HealthyPipelineSafeModeRule.java:process(137)) - SCM in safe mode. Healthy pipelines reported count is 0, required healthy pipeline reported count is 1
2022-12-19 18:39:25,291 [pool-352-thread-1] INFO  server.RaftServerConfigKeys (ConfUtils.java:logGet(46)) - raft.server.log.unsafe-flush.enabled = false (default)
2022-12-19 18:39:25,291 [pool-352-thread-1] INFO  server.RaftServerConfigKeys (ConfUtils.java:logGet(46)) - raft.server.log.async-flush.enabled = false (default)
2022-12-19 18:39:25,291 [pool-352-thread-1] INFO  server.RaftServerConfigKeys (ConfUtils.java:logGet(46)) - raft.server.log.statemachine.data.caching.enabled = true (custom)
2022-12-19 18:39:25,291 [pool-352-thread-1] INFO  segmented.SegmentedRaftLogWorker (SegmentedRaftLogWorker.java:lambda$new$0(135)) - 6d5a55a6-b535-46b1-9113-4eddd06c74b3@group-62FF3A1F6D5E-SegmentedRaftLogWorker: flushIndex: setUnconditionally 0 -> -1
2022-12-19 18:39:25,291 [pool-352-thread-1] INFO  segmented.SegmentedRaftLogWorker (SegmentedRaftLogWorker.java:lambda$new$0(135)) - 6d5a55a6-b535-46b1-9113-4eddd06c74b3@group-62FF3A1F6D5E-SegmentedRaftLogWorker: safeCacheEvictIndex: setUnconditionally 0 -> -1
2022-12-19 18:39:25,291 [pool-352-thread-1] INFO  server.RaftServer$Division (RaftServerImpl.java:start(334)) - 6d5a55a6-b535-46b1-9113-4eddd06c74b3@group-62FF3A1F6D5E: start as a follower, conf=-1: peers:[6d5a55a6-b535-46b1-9113-4eddd06c74b3|rpc:10.1.0.24:37267|dataStream:10.1.0.24:34289|priority:1|startupRole:FOLLOWER]|listeners:[], old=null
2022-12-19 18:39:25,291 [pool-352-thread-1] INFO  server.RaftServer$Division (RaftServerImpl.java:setRole(321)) - 6d5a55a6-b535-46b1-9113-4eddd06c74b3@group-62FF3A1F6D5E: changes role from      null to FOLLOWER at term 0 for startAsFollower
2022-12-19 18:39:25,291 [pool-352-thread-1] INFO  impl.RoleInfo (RoleInfo.java:updateAndGet(139)) - 6d5a55a6-b535-46b1-9113-4eddd06c74b3: start 6d5a55a6-b535-46b1-9113-4eddd06c74b3@group-62FF3A1F6D5E-FollowerState
2022-12-19 18:39:25,291 [pool-352-thread-1] INFO  util.JmxRegister (JmxRegister.java:tryRegister(44)) - Successfully registered JMX Bean with object name Ratis:service=RaftServer,group=group-62FF3A1F6D5E,id=6d5a55a6-b535-46b1-9113-4eddd06c74b3
2022-12-19 18:39:25,291 [pool-352-thread-1] INFO  server.RaftServerConfigKeys (ConfUtils.java:logGet(46)) - raft.server.snapshot.auto.trigger.enabled = true (custom)
2022-12-19 18:39:25,292 [pool-352-thread-1] INFO  server.RaftServerConfigKeys (ConfUtils.java:logGet(46)) - raft.server.snapshot.auto.trigger.threshold = 10000 (custom)
2022-12-19 18:39:25,292 [pool-352-thread-1] INFO  server.RaftServerConfigKeys (ConfUtils.java:logGet(46)) - raft.server.snapshot.retention.file.num = 5 (custom)
2022-12-19 18:39:25,292 [pool-352-thread-1] INFO  server.RaftServerConfigKeys (ConfUtils.java:logGet(46)) - raft.server.log.purge.upto.snapshot.index = false (default)
2022-12-19 18:39:25,292 [6d5a55a6-b535-46b1-9113-4eddd06c74b3@group-62FF3A1F6D5E-FollowerState] INFO  server.RaftServerConfigKeys (ConfUtils.java:logFallback(53)) - raft.server.rpc.first-election.timeout.min = 5s (fallback to raft.server.rpc.timeout.min)
2022-12-19 18:39:25,292 [6d5a55a6-b535-46b1-9113-4eddd06c74b3@group-62FF3A1F6D5E-FollowerState] INFO  server.RaftServerConfigKeys (ConfUtils.java:logFallback(53)) - raft.server.rpc.first-election.timeout.max = 5200ms (fallback to raft.server.rpc.timeout.max)
2022-12-19 18:39:25,293 [Command processor thread] INFO  ratis.XceiverServerRatis (XceiverServerRatis.java:addGroup(806)) - Created group PipelineID=0c12ed71-c9d0-457b-9db7-62ff3a1f6d5e
2022-12-19 18:39:25,293 [Command processor thread] INFO  commandhandler.CreatePipelineCommandHandler (CreatePipelineCommandHandler.java:handle(113)) - Created Pipeline RATIS ONE PipelineID=0c12ed71-c9d0-457b-9db7-62ff3a1f6d5e.
2022-12-19 18:39:26,283 [Listener at 127.0.0.1/45319] INFO  ozone.MiniOzoneClusterImpl (MiniOzoneClusterImpl.java:lambda$waitForClusterToBeReady$0(217)) - Nodes are ready. Got 3 of 3 DN Heartbeats.
2022-12-19 18:39:26,283 [Listener at 127.0.0.1/45319] INFO  ozone.MiniOzoneClusterImpl (MiniOzoneClusterImpl.java:lambda$waitForClusterToBeReady$0(220)) - Waiting for cluster to exit safe mode
2022-12-19 18:39:26,283 [Listener at 127.0.0.1/45319] INFO  ozone.MiniOzoneClusterImpl (MiniOzoneClusterImpl.java:lambda$waitForClusterToBeReady$0(222)) - SCM became leader
2022-12-19 18:39:26,835 [EventQueue-CommandQueueReportForCommandQueueReportHandler] WARN  events.EventQueue (EventQueue.java:fireEvent(216)) - No event handler registered for event TypedEvent{payloadType=DatanodeDetails, name='Datanode_Command_Queue_Updated'}
2022-12-19 18:39:26,992 [EventQueue-CommandQueueReportForCommandQueueReportHandler] WARN  events.EventQueue (EventQueue.java:fireEvent(216)) - No event handler registered for event TypedEvent{payloadType=DatanodeDetails, name='Datanode_Command_Queue_Updated'}
2022-12-19 18:39:27,283 [Listener at 127.0.0.1/45319] INFO  ozone.MiniOzoneClusterImpl (MiniOzoneClusterImpl.java:lambda$waitForClusterToBeReady$0(217)) - Nodes are ready. Got 3 of 3 DN Heartbeats.
2022-12-19 18:39:27,284 [Listener at 127.0.0.1/45319] INFO  ozone.MiniOzoneClusterImpl (MiniOzoneClusterImpl.java:lambda$waitForClusterToBeReady$0(220)) - Waiting for cluster to exit safe mode
2022-12-19 18:39:27,284 [Listener at 127.0.0.1/45319] INFO  ozone.MiniOzoneClusterImpl (MiniOzoneClusterImpl.java:lambda$waitForClusterToBeReady$0(222)) - SCM became leader
2022-12-19 18:39:27,286 [EventQueue-CommandQueueReportForCommandQueueReportHandler] WARN  events.EventQueue (EventQueue.java:fireEvent(216)) - No event handler registered for event TypedEvent{payloadType=DatanodeDetails, name='Datanode_Command_Queue_Updated'}
2022-12-19 18:39:28,284 [Listener at 127.0.0.1/45319] INFO  ozone.MiniOzoneClusterImpl (MiniOzoneClusterImpl.java:lambda$waitForClusterToBeReady$0(217)) - Nodes are ready. Got 3 of 3 DN Heartbeats.
2022-12-19 18:39:28,284 [Listener at 127.0.0.1/45319] INFO  ozone.MiniOzoneClusterImpl (MiniOzoneClusterImpl.java:lambda$waitForClusterToBeReady$0(220)) - Waiting for cluster to exit safe mode
2022-12-19 18:39:28,284 [Listener at 127.0.0.1/45319] INFO  ozone.MiniOzoneClusterImpl (MiniOzoneClusterImpl.java:lambda$waitForClusterToBeReady$0(222)) - SCM became leader
2022-12-19 18:39:28,835 [EventQueue-CommandQueueReportForCommandQueueReportHandler] WARN  events.EventQueue (EventQueue.java:fireEvent(216)) - No event handler registered for event TypedEvent{payloadType=DatanodeDetails, name='Datanode_Command_Queue_Updated'}
2022-12-19 18:39:28,991 [EventQueue-CommandQueueReportForCommandQueueReportHandler] WARN  events.EventQueue (EventQueue.java:fireEvent(216)) - No event handler registered for event TypedEvent{payloadType=DatanodeDetails, name='Datanode_Command_Queue_Updated'}
2022-12-19 18:39:29,285 [Listener at 127.0.0.1/45319] INFO  ozone.MiniOzoneClusterImpl (MiniOzoneClusterImpl.java:lambda$waitForClusterToBeReady$0(217)) - Nodes are ready. Got 3 of 3 DN Heartbeats.
2022-12-19 18:39:29,285 [Listener at 127.0.0.1/45319] INFO  ozone.MiniOzoneClusterImpl (MiniOzoneClusterImpl.java:lambda$waitForClusterToBeReady$0(220)) - Waiting for cluster to exit safe mode
2022-12-19 18:39:29,285 [Listener at 127.0.0.1/45319] INFO  ozone.MiniOzoneClusterImpl (MiniOzoneClusterImpl.java:lambda$waitForClusterToBeReady$0(222)) - SCM became leader
2022-12-19 18:39:29,286 [EventQueue-CommandQueueReportForCommandQueueReportHandler] WARN  events.EventQueue (EventQueue.java:fireEvent(216)) - No event handler registered for event TypedEvent{payloadType=DatanodeDetails, name='Datanode_Command_Queue_Updated'}
2022-12-19 18:39:29,739 [9557de33-fe68-40fe-b687-830f5ee56eaf@group-BCCA0AE98F56-FollowerState] INFO  impl.FollowerState (FollowerState.java:run(143)) - 9557de33-fe68-40fe-b687-830f5ee56eaf@group-BCCA0AE98F56-FollowerState: change to CANDIDATE, lastRpcElapsedTime:5011210180ns, electionTimeout:5008ms
2022-12-19 18:39:29,739 [9557de33-fe68-40fe-b687-830f5ee56eaf@group-BCCA0AE98F56-FollowerState] INFO  impl.RoleInfo (RoleInfo.java:shutdownFollowerState(110)) - 9557de33-fe68-40fe-b687-830f5ee56eaf: shutdown 9557de33-fe68-40fe-b687-830f5ee56eaf@group-BCCA0AE98F56-FollowerState
2022-12-19 18:39:29,739 [9557de33-fe68-40fe-b687-830f5ee56eaf@group-BCCA0AE98F56-FollowerState] INFO  server.RaftServer$Division (RaftServerImpl.java:setRole(321)) - 9557de33-fe68-40fe-b687-830f5ee56eaf@group-BCCA0AE98F56: changes role from  FOLLOWER to CANDIDATE at term 0 for changeToCandidate
2022-12-19 18:39:29,739 [9557de33-fe68-40fe-b687-830f5ee56eaf@group-BCCA0AE98F56-FollowerState] INFO  server.RaftServerConfigKeys (ConfUtils.java:logGet(46)) - raft.server.leaderelection.pre-vote = false (custom)
2022-12-19 18:39:29,739 [9557de33-fe68-40fe-b687-830f5ee56eaf@group-BCCA0AE98F56-FollowerState] INFO  impl.RoleInfo (RoleInfo.java:updateAndGet(139)) - 9557de33-fe68-40fe-b687-830f5ee56eaf: start 9557de33-fe68-40fe-b687-830f5ee56eaf@group-BCCA0AE98F56-LeaderElection16
2022-12-19 18:39:29,746 [9557de33-fe68-40fe-b687-830f5ee56eaf@group-BCCA0AE98F56-LeaderElection16] INFO  impl.LeaderElection (LeaderElection.java:askForVotes(312)) - 9557de33-fe68-40fe-b687-830f5ee56eaf@group-BCCA0AE98F56-LeaderElection16 ELECTION round 0: submit vote requests at term 1 for -1: peers:[9557de33-fe68-40fe-b687-830f5ee56eaf|rpc:10.1.0.24:36865|dataStream:10.1.0.24:34463|priority:1|startupRole:FOLLOWER, 6d5a55a6-b535-46b1-9113-4eddd06c74b3|rpc:10.1.0.24:37267|dataStream:10.1.0.24:34289|priority:0|startupRole:FOLLOWER, e72e8305-aa7c-42f4-a8e1-859d068dd798|rpc:10.1.0.24:45651|dataStream:10.1.0.24:44743|priority:0|startupRole:FOLLOWER]|listeners:[], old=null
2022-12-19 18:39:29,746 [9557de33-fe68-40fe-b687-830f5ee56eaf@group-BCCA0AE98F56-LeaderElection16] INFO  server.RaftServerConfigKeys (ConfUtils.java:logFallback(53)) - raft.server.rpc.first-election.timeout.min = 5s (fallback to raft.server.rpc.timeout.min)
2022-12-19 18:39:29,746 [9557de33-fe68-40fe-b687-830f5ee56eaf@group-BCCA0AE98F56-LeaderElection16] INFO  server.RaftServerConfigKeys (ConfUtils.java:logFallback(53)) - raft.server.rpc.first-election.timeout.max = 5200ms (fallback to raft.server.rpc.timeout.max)
2022-12-19 18:39:29,746 [9557de33-fe68-40fe-b687-830f5ee56eaf@group-BCCA0AE98F56-LeaderElection16-1] INFO  server.GrpcServerProtocolClient (GrpcServerProtocolClient.java:<init>(63)) - Build channel for 6d5a55a6-b535-46b1-9113-4eddd06c74b3
2022-12-19 18:39:29,747 [9557de33-fe68-40fe-b687-830f5ee56eaf@group-BCCA0AE98F56-LeaderElection16-2] INFO  server.GrpcServerProtocolClient (GrpcServerProtocolClient.java:<init>(63)) - Build channel for e72e8305-aa7c-42f4-a8e1-859d068dd798
2022-12-19 18:39:29,756 [grpc-default-executor-0] INFO  server.RaftServer$Division (RaftServerImpl.java:requestVote(1218)) - 6d5a55a6-b535-46b1-9113-4eddd06c74b3@group-BCCA0AE98F56: receive requestVote(ELECTION, 9557de33-fe68-40fe-b687-830f5ee56eaf, group-BCCA0AE98F56, 1, (t:0, i:0))
2022-12-19 18:39:29,756 [grpc-default-executor-0] INFO  impl.VoteContext (VoteContext.java:log(49)) - 6d5a55a6-b535-46b1-9113-4eddd06c74b3@group-BCCA0AE98F56-FOLLOWER: accept ELECTION from 9557de33-fe68-40fe-b687-830f5ee56eaf: our priority 0 <= candidate's priority 1
2022-12-19 18:39:29,756 [grpc-default-executor-0] INFO  server.RaftServer$Division (RaftServerImpl.java:setRole(321)) - 6d5a55a6-b535-46b1-9113-4eddd06c74b3@group-BCCA0AE98F56: changes role from  FOLLOWER to FOLLOWER at term 1 for candidate:9557de33-fe68-40fe-b687-830f5ee56eaf
2022-12-19 18:39:29,756 [grpc-default-executor-0] INFO  impl.RoleInfo (RoleInfo.java:shutdownFollowerState(110)) - 6d5a55a6-b535-46b1-9113-4eddd06c74b3: shutdown 6d5a55a6-b535-46b1-9113-4eddd06c74b3@group-BCCA0AE98F56-FollowerState
2022-12-19 18:39:29,756 [grpc-default-executor-0] INFO  impl.RoleInfo (RoleInfo.java:updateAndGet(139)) - 6d5a55a6-b535-46b1-9113-4eddd06c74b3: start 6d5a55a6-b535-46b1-9113-4eddd06c74b3@group-BCCA0AE98F56-FollowerState
2022-12-19 18:39:29,756 [6d5a55a6-b535-46b1-9113-4eddd06c74b3@group-BCCA0AE98F56-FollowerState] INFO  impl.FollowerState (FollowerState.java:run(152)) - 6d5a55a6-b535-46b1-9113-4eddd06c74b3@group-BCCA0AE98F56-FollowerState was interrupted
2022-12-19 18:39:29,758 [grpc-default-executor-0] INFO  server.RaftServer$Division (RaftServerImpl.java:requestVote(1251)) - 6d5a55a6-b535-46b1-9113-4eddd06c74b3@group-BCCA0AE98F56 replies to ELECTION vote request: 9557de33-fe68-40fe-b687-830f5ee56eaf<-6d5a55a6-b535-46b1-9113-4eddd06c74b3#0:OK-t1. Peer's state: 6d5a55a6-b535-46b1-9113-4eddd06c74b3@group-BCCA0AE98F56:t1, leader=null, voted=9557de33-fe68-40fe-b687-830f5ee56eaf, raftlog=Memoized:6d5a55a6-b535-46b1-9113-4eddd06c74b3@group-BCCA0AE98F56-SegmentedRaftLog:OPENED:c-1, conf=-1: peers:[9557de33-fe68-40fe-b687-830f5ee56eaf|rpc:10.1.0.24:36865|dataStream:10.1.0.24:34463|priority:1|startupRole:FOLLOWER, 6d5a55a6-b535-46b1-9113-4eddd06c74b3|rpc:10.1.0.24:37267|dataStream:10.1.0.24:34289|priority:0|startupRole:FOLLOWER, e72e8305-aa7c-42f4-a8e1-859d068dd798|rpc:10.1.0.24:45651|dataStream:10.1.0.24:44743|priority:0|startupRole:FOLLOWER]|listeners:[], old=null
2022-12-19 18:39:29,760 [9557de33-fe68-40fe-b687-830f5ee56eaf@group-BCCA0AE98F56-LeaderElection16] INFO  impl.LeaderElection (LeaderElection.java:logAndReturn(90)) - 9557de33-fe68-40fe-b687-830f5ee56eaf@group-BCCA0AE98F56-LeaderElection16: ELECTION PASSED received 1 response(s) and 0 exception(s):
2022-12-19 18:39:29,760 [9557de33-fe68-40fe-b687-830f5ee56eaf@group-BCCA0AE98F56-LeaderElection16] INFO  impl.LeaderElection (LeaderElection.java:logAndReturn(94)) -   Response 0: 9557de33-fe68-40fe-b687-830f5ee56eaf<-6d5a55a6-b535-46b1-9113-4eddd06c74b3#0:OK-t1
2022-12-19 18:39:29,760 [9557de33-fe68-40fe-b687-830f5ee56eaf@group-BCCA0AE98F56-LeaderElection16] INFO  impl.LeaderElection (LeaderElection.java:askForVotes(314)) - 9557de33-fe68-40fe-b687-830f5ee56eaf@group-BCCA0AE98F56-LeaderElection16 ELECTION round 0: result PASSED
2022-12-19 18:39:29,760 [9557de33-fe68-40fe-b687-830f5ee56eaf@group-BCCA0AE98F56-LeaderElection16] INFO  impl.RoleInfo (RoleInfo.java:shutdownLeaderElection(130)) - 9557de33-fe68-40fe-b687-830f5ee56eaf: shutdown 9557de33-fe68-40fe-b687-830f5ee56eaf@group-BCCA0AE98F56-LeaderElection16
2022-12-19 18:39:29,760 [9557de33-fe68-40fe-b687-830f5ee56eaf@group-BCCA0AE98F56-LeaderElection16] INFO  server.RaftServer$Division (RaftServerImpl.java:setRole(321)) - 9557de33-fe68-40fe-b687-830f5ee56eaf@group-BCCA0AE98F56: changes role from CANDIDATE to LEADER at term 1 for changeToLeader
2022-12-19 18:39:29,760 [9557de33-fe68-40fe-b687-830f5ee56eaf@group-BCCA0AE98F56-LeaderElection16] INFO  ratis.XceiverServerRatis (XceiverServerRatis.java:handleLeaderChangedNotification(904)) - Leader change notification received for group: group-BCCA0AE98F56 with new leaderId: 9557de33-fe68-40fe-b687-830f5ee56eaf
2022-12-19 18:39:29,760 [9557de33-fe68-40fe-b687-830f5ee56eaf@group-BCCA0AE98F56-LeaderElection16] INFO  server.RaftServer$Division (ServerState.java:setLeader(313)) - 9557de33-fe68-40fe-b687-830f5ee56eaf@group-BCCA0AE98F56: change Leader from null to 9557de33-fe68-40fe-b687-830f5ee56eaf at term 1 for becomeLeader, leader elected after 5044ms
2022-12-19 18:39:29,760 [9557de33-fe68-40fe-b687-830f5ee56eaf@group-BCCA0AE98F56-LeaderElection16] INFO  server.RaftServerConfigKeys (ConfUtils.java:logGet(46)) - raft.server.staging.catchup.gap = 1000 (default)
2022-12-19 18:39:29,760 [9557de33-fe68-40fe-b687-830f5ee56eaf@group-BCCA0AE98F56-LeaderElection16] INFO  server.RaftServerConfigKeys (ConfUtils.java:logGet(46)) - raft.server.write.element-limit = 1024 (custom)
2022-12-19 18:39:29,760 [9557de33-fe68-40fe-b687-830f5ee56eaf@group-BCCA0AE98F56-LeaderElection16] INFO  server.RaftServerConfigKeys (ConfUtils.java:logGet(46)) - raft.server.write.byte-limit = 1024 M (=1073741824) (custom)
2022-12-19 18:39:29,760 [9557de33-fe68-40fe-b687-830f5ee56eaf@group-BCCA0AE98F56-LeaderElection16] INFO  server.RaftServerConfigKeys (ConfUtils.java:logGet(46)) - raft.server.watch.timeout = 180s (custom)
2022-12-19 18:39:29,761 [9557de33-fe68-40fe-b687-830f5ee56eaf@group-BCCA0AE98F56-LeaderElection16] INFO  server.RaftServerConfigKeys (ConfUtils.java:logGet(46)) - raft.server.watch.timeout.denomination = 1s (default)
2022-12-19 18:39:29,761 [9557de33-fe68-40fe-b687-830f5ee56eaf@group-BCCA0AE98F56-LeaderElection16] INFO  server.RaftServerConfigKeys (ConfUtils.java:logGet(46)) - raft.server.watch.element-limit = 65536 (default)
2022-12-19 18:39:29,761 [9557de33-fe68-40fe-b687-830f5ee56eaf@group-BCCA0AE98F56-LeaderElection16] INFO  server.RaftServerConfigKeys (ConfUtils.java:logGet(46)) - raft.server.write.element-limit = 1024 (custom)
2022-12-19 18:39:29,761 [9557de33-fe68-40fe-b687-830f5ee56eaf@group-BCCA0AE98F56-LeaderElection16] INFO  server.RaftServerConfigKeys (ConfUtils.java:logGet(46)) - raft.server.write.follower.gap.ratio.max = -1.0 (default)
2022-12-19 18:39:29,761 [9557de33-fe68-40fe-b687-830f5ee56eaf@group-BCCA0AE98F56-LeaderElection16] INFO  server.RaftServerConfigKeys (ConfUtils.java:logGet(46)) - raft.server.log.appender.snapshot.chunk.size.max = 16MB (=16777216) (default)
2022-12-19 18:39:29,761 [9557de33-fe68-40fe-b687-830f5ee56eaf@group-BCCA0AE98F56-LeaderElection16] INFO  server.RaftServerConfigKeys (ConfUtils.java:logGet(46)) - raft.server.log.appender.buffer.byte-limit = 33554432 (custom)
2022-12-19 18:39:29,761 [9557de33-fe68-40fe-b687-830f5ee56eaf@group-BCCA0AE98F56-LeaderElection16] INFO  server.RaftServerConfigKeys (ConfUtils.java:logGet(46)) - raft.server.log.appender.buffer.element-limit = 1 (custom)
2022-12-19 18:39:29,761 [9557de33-fe68-40fe-b687-830f5ee56eaf@group-BCCA0AE98F56-LeaderElection16] INFO  grpc.GrpcConfigKeys (ConfUtils.java:logGet(46)) - raft.grpc.server.leader.outstanding.appends.max = 128 (default)
2022-12-19 18:39:29,761 [9557de33-fe68-40fe-b687-830f5ee56eaf@group-BCCA0AE98F56-LeaderElection16] INFO  server.RaftServerConfigKeys (ConfUtils.java:logGet(46)) - raft.server.rpc.request.timeout = 60s (custom)
2022-12-19 18:39:29,761 [9557de33-fe68-40fe-b687-830f5ee56eaf@group-BCCA0AE98F56-LeaderElection16] INFO  server.RaftServerConfigKeys (ConfUtils.java:logGet(46)) - raft.server.log.appender.install.snapshot.enabled = false (custom)
2022-12-19 18:39:29,761 [9557de33-fe68-40fe-b687-830f5ee56eaf@group-BCCA0AE98F56-LeaderElection16] INFO  grpc.GrpcConfigKeys (ConfUtils.java:logGet(46)) - raft.grpc.server.heartbeat.channel = true (default)
2022-12-19 18:39:29,761 [9557de33-fe68-40fe-b687-830f5ee56eaf@group-BCCA0AE98F56-LeaderElection16] INFO  server.RaftServerConfigKeys (ConfUtils.java:logGet(46)) - raft.server.log.appender.wait-time.min = 10ms (default)
2022-12-19 18:39:29,762 [9557de33-fe68-40fe-b687-830f5ee56eaf@group-BCCA0AE98F56-LeaderElection16] INFO  server.RaftServerConfigKeys (ConfUtils.java:logGet(46)) - raft.server.log.appender.snapshot.chunk.size.max = 16MB (=16777216) (default)
2022-12-19 18:39:29,762 [9557de33-fe68-40fe-b687-830f5ee56eaf@group-BCCA0AE98F56-LeaderElection16] INFO  server.RaftServerConfigKeys (ConfUtils.java:logGet(46)) - raft.server.log.appender.buffer.byte-limit = 33554432 (custom)
2022-12-19 18:39:29,762 [9557de33-fe68-40fe-b687-830f5ee56eaf@group-BCCA0AE98F56-LeaderElection16] INFO  server.RaftServerConfigKeys (ConfUtils.java:logGet(46)) - raft.server.log.appender.buffer.element-limit = 1 (custom)
2022-12-19 18:39:29,762 [9557de33-fe68-40fe-b687-830f5ee56eaf@group-BCCA0AE98F56-LeaderElection16] INFO  grpc.GrpcConfigKeys (ConfUtils.java:logGet(46)) - raft.grpc.server.leader.outstanding.appends.max = 128 (default)
2022-12-19 18:39:29,762 [9557de33-fe68-40fe-b687-830f5ee56eaf@group-BCCA0AE98F56-LeaderElection16] INFO  server.RaftServerConfigKeys (ConfUtils.java:logGet(46)) - raft.server.rpc.request.timeout = 60s (custom)
2022-12-19 18:39:29,762 [9557de33-fe68-40fe-b687-830f5ee56eaf@group-BCCA0AE98F56-LeaderElection16] INFO  server.RaftServerConfigKeys (ConfUtils.java:logGet(46)) - raft.server.log.appender.install.snapshot.enabled = false (custom)
2022-12-19 18:39:29,762 [9557de33-fe68-40fe-b687-830f5ee56eaf@group-BCCA0AE98F56-LeaderElection16] INFO  grpc.GrpcConfigKeys (ConfUtils.java:logGet(46)) - raft.grpc.server.heartbeat.channel = true (default)
2022-12-19 18:39:29,762 [9557de33-fe68-40fe-b687-830f5ee56eaf@group-BCCA0AE98F56-LeaderElection16] INFO  server.RaftServerConfigKeys (ConfUtils.java:logGet(46)) - raft.server.log.appender.wait-time.min = 10ms (default)
2022-12-19 18:39:29,763 [9557de33-fe68-40fe-b687-830f5ee56eaf@group-BCCA0AE98F56-LeaderElection16] INFO  impl.RoleInfo (RoleInfo.java:updateAndGet(139)) - 9557de33-fe68-40fe-b687-830f5ee56eaf: start 9557de33-fe68-40fe-b687-830f5ee56eaf@group-BCCA0AE98F56-LeaderStateImpl
2022-12-19 18:39:29,768 [grpc-default-executor-0] INFO  server.RaftServer$Division (RaftServerImpl.java:requestVote(1218)) - e72e8305-aa7c-42f4-a8e1-859d068dd798@group-BCCA0AE98F56: receive requestVote(ELECTION, 9557de33-fe68-40fe-b687-830f5ee56eaf, group-BCCA0AE98F56, 1, (t:0, i:0))
2022-12-19 18:39:29,772 [grpc-default-executor-0] INFO  impl.VoteContext (VoteContext.java:log(49)) - e72e8305-aa7c-42f4-a8e1-859d068dd798@group-BCCA0AE98F56-FOLLOWER: accept ELECTION from 9557de33-fe68-40fe-b687-830f5ee56eaf: our priority 0 <= candidate's priority 1
2022-12-19 18:39:29,772 [grpc-default-executor-0] INFO  server.RaftServer$Division (RaftServerImpl.java:setRole(321)) - e72e8305-aa7c-42f4-a8e1-859d068dd798@group-BCCA0AE98F56: changes role from  FOLLOWER to FOLLOWER at term 1 for candidate:9557de33-fe68-40fe-b687-830f5ee56eaf
2022-12-19 18:39:29,772 [9557de33-fe68-40fe-b687-830f5ee56eaf@group-BCCA0AE98F56-LeaderElection16] INFO  segmented.SegmentedRaftLogWorker (SegmentedRaftLogWorker.java:startLogSegment(452)) - 9557de33-fe68-40fe-b687-830f5ee56eaf@group-BCCA0AE98F56-SegmentedRaftLogWorker: Starting segment from index:0
2022-12-19 18:39:29,768 [EventQueue-CommandQueueReportForCommandQueueReportHandler] WARN  events.EventQueue (EventQueue.java:fireEvent(216)) - No event handler registered for event TypedEvent{payloadType=DatanodeDetails, name='Datanode_Command_Queue_Updated'}
2022-12-19 18:39:29,768 [EventQueue-PipelineReportForPipelineReportHandler] INFO  pipeline.PipelineManagerImpl (PipelineManagerImpl.java:openPipeline(367)) - Pipeline Pipeline[ Id: e490be5d-3be4-443a-ba5c-bcca0ae98f56, Nodes: 9557de33-fe68-40fe-b687-830f5ee56eaf{ip: 10.1.0.24, host: fv-az353-760.tkyx2seitsuu3nmpmouz2httfb.bx.internal.cloudapp.net, ports: [REPLICATION=40453, RATIS=36865, RATIS_ADMIN=36865, RATIS_SERVER=36865, RATIS_DATASTREAM=34463, STANDALONE=43819], networkLocation: /default-rack, certSerialId: null, persistedOpState: IN_SERVICE, persistedOpStateExpiryEpochSec: 0}6d5a55a6-b535-46b1-9113-4eddd06c74b3{ip: 10.1.0.24, host: fv-az353-760.tkyx2seitsuu3nmpmouz2httfb.bx.internal.cloudapp.net, ports: [REPLICATION=37813, RATIS=37267, RATIS_ADMIN=37267, RATIS_SERVER=37267, RATIS_DATASTREAM=34289, STANDALONE=34653], networkLocation: /default-rack, certSerialId: null, persistedOpState: IN_SERVICE, persistedOpStateExpiryEpochSec: 0}e72e8305-aa7c-42f4-a8e1-859d068dd798{ip: 10.1.0.24, host: fv-az353-760.tkyx2seitsuu3nmpmouz2httfb.bx.internal.cloudapp.net, ports: [REPLICATION=34371, RATIS=45651, RATIS_ADMIN=45651, RATIS_SERVER=45651, RATIS_DATASTREAM=44743, STANDALONE=39047], networkLocation: /default-rack, certSerialId: null, persistedOpState: IN_SERVICE, persistedOpStateExpiryEpochSec: 0}, ReplicationConfig: RATIS/THREE, State:ALLOCATED, leaderId:9557de33-fe68-40fe-b687-830f5ee56eaf, CreationTimestamp2022-12-19T18:39:22.283Z[Etc/UTC]] moved to OPEN state
2022-12-19 18:39:29,763 [6d5a55a6-b535-46b1-9113-4eddd06c74b3@group-BCCA0AE98F56-FollowerState] INFO  server.RaftServerConfigKeys (ConfUtils.java:logFallback(53)) - raft.server.rpc.first-election.timeout.min = 5s (fallback to raft.server.rpc.timeout.min)
2022-12-19 18:39:29,772 [grpc-default-executor-0] INFO  impl.RoleInfo (RoleInfo.java:shutdownFollowerState(110)) - e72e8305-aa7c-42f4-a8e1-859d068dd798: shutdown e72e8305-aa7c-42f4-a8e1-859d068dd798@group-BCCA0AE98F56-FollowerState
2022-12-19 18:39:29,772 [grpc-default-executor-0] INFO  impl.RoleInfo (RoleInfo.java:updateAndGet(139)) - e72e8305-aa7c-42f4-a8e1-859d068dd798: start e72e8305-aa7c-42f4-a8e1-859d068dd798@group-BCCA0AE98F56-FollowerState
2022-12-19 18:39:29,772 [9557de33-fe68-40fe-b687-830f5ee56eaf@group-6312009A007B-FollowerState] INFO  impl.FollowerState (FollowerState.java:run(143)) - 9557de33-fe68-40fe-b687-830f5ee56eaf@group-6312009A007B-FollowerState: change to CANDIDATE, lastRpcElapsedTime:5064479674ns, electionTimeout:5063ms
2022-12-19 18:39:29,772 [9557de33-fe68-40fe-b687-830f5ee56eaf@group-6312009A007B-FollowerState] INFO  impl.RoleInfo (RoleInfo.java:shutdownFollowerState(110)) - 9557de33-fe68-40fe-b687-830f5ee56eaf: shutdown 9557de33-fe68-40fe-b687-830f5ee56eaf@group-6312009A007B-FollowerState
2022-12-19 18:39:29,773 [9557de33-fe68-40fe-b687-830f5ee56eaf@group-6312009A007B-FollowerState] INFO  server.RaftServer$Division (RaftServerImpl.java:setRole(321)) - 9557de33-fe68-40fe-b687-830f5ee56eaf@group-6312009A007B: changes role from  FOLLOWER to CANDIDATE at term 0 for changeToCandidate
2022-12-19 18:39:29,773 [6d5a55a6-b535-46b1-9113-4eddd06c74b3@group-BCCA0AE98F56-FollowerState] INFO  server.RaftServerConfigKeys (ConfUtils.java:logFallback(53)) - raft.server.rpc.first-election.timeout.max = 5200ms (fallback to raft.server.rpc.timeout.max)
2022-12-19 18:39:29,773 [e72e8305-aa7c-42f4-a8e1-859d068dd798@group-BCCA0AE98F56-FollowerState] INFO  impl.FollowerState (FollowerState.java:run(152)) - e72e8305-aa7c-42f4-a8e1-859d068dd798@group-BCCA0AE98F56-FollowerState was interrupted
2022-12-19 18:39:29,781 [EventQueue-OpenPipelineForHealthyPipelineSafeModeRule] INFO  safemode.SCMSafeModeManager (HealthyPipelineSafeModeRule.java:process(137)) - SCM in safe mode. Healthy pipelines reported count is 1, required healthy pipeline reported count is 1
2022-12-19 18:39:29,781 [e72e8305-aa7c-42f4-a8e1-859d068dd798@group-BCCA0AE98F56-FollowerState] INFO  server.RaftServerConfigKeys (ConfUtils.java:logFallback(53)) - raft.server.rpc.first-election.timeout.min = 5s (fallback to raft.server.rpc.timeout.min)
2022-12-19 18:39:29,781 [e72e8305-aa7c-42f4-a8e1-859d068dd798@group-BCCA0AE98F56-FollowerState] INFO  server.RaftServerConfigKeys (ConfUtils.java:logFallback(53)) - raft.server.rpc.first-election.timeout.max = 5200ms (fallback to raft.server.rpc.timeout.max)
2022-12-19 18:39:29,781 [grpc-default-executor-0] INFO  server.RaftServer$Division (RaftServerImpl.java:requestVote(1251)) - e72e8305-aa7c-42f4-a8e1-859d068dd798@group-BCCA0AE98F56 replies to ELECTION vote request: 9557de33-fe68-40fe-b687-830f5ee56eaf<-e72e8305-aa7c-42f4-a8e1-859d068dd798#0:OK-t1. Peer's state: e72e8305-aa7c-42f4-a8e1-859d068dd798@group-BCCA0AE98F56:t1, leader=null, voted=9557de33-fe68-40fe-b687-830f5ee56eaf, raftlog=Memoized:e72e8305-aa7c-42f4-a8e1-859d068dd798@group-BCCA0AE98F56-SegmentedRaftLog:OPENED:c-1, conf=-1: peers:[9557de33-fe68-40fe-b687-830f5ee56eaf|rpc:10.1.0.24:36865|dataStream:10.1.0.24:34463|priority:1|startupRole:FOLLOWER, 6d5a55a6-b535-46b1-9113-4eddd06c74b3|rpc:10.1.0.24:37267|dataStream:10.1.0.24:34289|priority:0|startupRole:FOLLOWER, e72e8305-aa7c-42f4-a8e1-859d068dd798|rpc:10.1.0.24:45651|dataStream:10.1.0.24:44743|priority:0|startupRole:FOLLOWER]|listeners:[], old=null
2022-12-19 18:39:29,781 [EventQueue-OpenPipelineForHealthyPipelineSafeModeRule] INFO  safemode.SCMSafeModeManager (SCMSafeModeManager.java:validateSafeModeExitRules(200)) - HealthyPipelineSafeModeRule rule is successfully validated
2022-12-19 18:39:29,782 [EventQueue-OpenPipelineForHealthyPipelineSafeModeRule] INFO  safemode.SCMSafeModeManager (SCMSafeModeManager.java:validateSafeModeExitRules(215)) - ScmSafeModeManager, all rules are successfully validated
2022-12-19 18:39:29,782 [EventQueue-OpenPipelineForHealthyPipelineSafeModeRule] INFO  safemode.SCMSafeModeManager (SCMSafeModeManager.java:exitSafeMode(244)) - SCM exiting safe mode.
2022-12-19 18:39:29,782 [EventQueue-OpenPipelineForHealthyPipelineSafeModeRule] INFO  ha.SCMContext (SCMContext.java:updateSafeModeStatus(228)) - Update SafeModeStatus from SafeModeStatus{safeModeStatus=true, preCheckPassed=true} to SafeModeStatus{safeModeStatus=false, preCheckPassed=true}.
2022-12-19 18:39:29,782 [9557de33-fe68-40fe-b687-830f5ee56eaf@group-BCCA0AE98F56-SegmentedRaftLogWorker] INFO  segmented.SegmentedRaftLogWorker (SegmentedRaftLogWorker.java:execute(656)) - 9557de33-fe68-40fe-b687-830f5ee56eaf@group-BCCA0AE98F56-SegmentedRaftLogWorker: created new log segment /home/runner/work/ozone/ozone/hadoop-ozone/integration-test/target/test-dir/MiniOzoneClusterImpl-90c20adc-2d54-4d1b-8da5-d2480cc87ad8/datanode-0/data/ratis/e490be5d-3be4-443a-ba5c-bcca0ae98f56/current/log_inprogress_0
2022-12-19 18:39:29,782 [EventQueue-OpenPipelineForHealthyPipelineSafeModeRule] INFO  pipeline.BackgroundPipelineCreator (BackgroundPipelineCreator.java:notifyStatusChanged(254)) - Service BackgroundPipelineCreator transitions to RUNNING.
2022-12-19 18:39:29,782 [9557de33-fe68-40fe-b687-830f5ee56eaf@group-6312009A007B-FollowerState] INFO  server.RaftServerConfigKeys (ConfUtils.java:logGet(46)) - raft.server.leaderelection.pre-vote = false (custom)
2022-12-19 18:39:29,782 [9557de33-fe68-40fe-b687-830f5ee56eaf@group-6312009A007B-FollowerState] INFO  impl.RoleInfo (RoleInfo.java:updateAndGet(139)) - 9557de33-fe68-40fe-b687-830f5ee56eaf: start 9557de33-fe68-40fe-b687-830f5ee56eaf@group-6312009A007B-LeaderElection17
2022-12-19 18:39:29,782 [EventQueue-OpenPipelineForHealthyPipelineSafeModeRule] INFO  BackgroundPipelineScrubber (BackgroundSCMService.java:notifyStatusChanged(82)) - Service BackgroundPipelineScrubber transitions to RUNNING.
2022-12-19 18:39:29,782 [EventQueue-OpenPipelineForHealthyPipelineSafeModeRule] INFO  ExpiredContainerReplicaOpScrubber (BackgroundSCMService.java:notifyStatusChanged(82)) - Service ExpiredContainerReplicaOpScrubber transitions to RUNNING.
2022-12-19 18:39:29,791 [9557de33-fe68-40fe-b687-830f5ee56eaf@group-BCCA0AE98F56-LeaderElection16] INFO  server.RaftServer$Division (ServerState.java:setRaftConf(430)) - 9557de33-fe68-40fe-b687-830f5ee56eaf@group-BCCA0AE98F56: set configuration 0: peers:[9557de33-fe68-40fe-b687-830f5ee56eaf|rpc:10.1.0.24:36865|dataStream:10.1.0.24:34463|priority:1|startupRole:FOLLOWER, 6d5a55a6-b535-46b1-9113-4eddd06c74b3|rpc:10.1.0.24:37267|dataStream:10.1.0.24:34289|priority:0|startupRole:FOLLOWER, e72e8305-aa7c-42f4-a8e1-859d068dd798|rpc:10.1.0.24:45651|dataStream:10.1.0.24:44743|priority:0|startupRole:FOLLOWER]|listeners:[], old=null
2022-12-19 18:39:29,796 [EventQueue-OpenPipelineForHealthyPipelineSafeModeRule] INFO  replication.ReplicationManager (ReplicationManager.java:notifyStatusChanged(918)) - Service ReplicationManager transitions to RUNNING.
2022-12-19 18:39:29,797 [9557de33-fe68-40fe-b687-830f5ee56eaf@group-6312009A007B-LeaderElection17] INFO  impl.LeaderElection (LeaderElection.java:askForVotes(312)) - 9557de33-fe68-40fe-b687-830f5ee56eaf@group-6312009A007B-LeaderElection17 ELECTION round 0: submit vote requests at term 1 for -1: peers:[9557de33-fe68-40fe-b687-830f5ee56eaf|rpc:10.1.0.24:36865|dataStream:10.1.0.24:34463|priority:1|startupRole:FOLLOWER]|listeners:[], old=null
2022-12-19 18:39:29,797 [9557de33-fe68-40fe-b687-830f5ee56eaf@group-6312009A007B-LeaderElection17] INFO  impl.LeaderElection (LeaderElection.java:askForVotes(314)) - 9557de33-fe68-40fe-b687-830f5ee56eaf@group-6312009A007B-LeaderElection17 ELECTION round 0: result PASSED (term=1)
2022-12-19 18:39:29,797 [9557de33-fe68-40fe-b687-830f5ee56eaf@group-6312009A007B-LeaderElection17] INFO  impl.RoleInfo (RoleInfo.java:shutdownLeaderElection(130)) - 9557de33-fe68-40fe-b687-830f5ee56eaf: shutdown 9557de33-fe68-40fe-b687-830f5ee56eaf@group-6312009A007B-LeaderElection17
2022-12-19 18:39:29,797 [9557de33-fe68-40fe-b687-830f5ee56eaf@group-6312009A007B-LeaderElection17] INFO  server.RaftServer$Division (RaftServerImpl.java:setRole(321)) - 9557de33-fe68-40fe-b687-830f5ee56eaf@group-6312009A007B: changes role from CANDIDATE to LEADER at term 1 for changeToLeader
2022-12-19 18:39:29,797 [9557de33-fe68-40fe-b687-830f5ee56eaf@group-6312009A007B-LeaderElection17] INFO  ratis.XceiverServerRatis (XceiverServerRatis.java:handleLeaderChangedNotification(904)) - Leader change notification received for group: group-6312009A007B with new leaderId: 9557de33-fe68-40fe-b687-830f5ee56eaf
2022-12-19 18:39:29,797 [9557de33-fe68-40fe-b687-830f5ee56eaf@group-6312009A007B-LeaderElection17] INFO  server.RaftServer$Division (ServerState.java:setLeader(313)) - 9557de33-fe68-40fe-b687-830f5ee56eaf@group-6312009A007B: change Leader from null to 9557de33-fe68-40fe-b687-830f5ee56eaf at term 1 for becomeLeader, leader elected after 5102ms
2022-12-19 18:39:29,797 [9557de33-fe68-40fe-b687-830f5ee56eaf@group-6312009A007B-LeaderElection17] INFO  server.RaftServerConfigKeys (ConfUtils.java:logGet(46)) - raft.server.staging.catchup.gap = 1000 (default)
2022-12-19 18:39:29,797 [9557de33-fe68-40fe-b687-830f5ee56eaf@group-6312009A007B-LeaderElection17] INFO  server.RaftServerConfigKeys (ConfUtils.java:logGet(46)) - raft.server.write.element-limit = 1024 (custom)
2022-12-19 18:39:29,797 [9557de33-fe68-40fe-b687-830f5ee56eaf@group-6312009A007B-LeaderElection17] INFO  server.RaftServerConfigKeys (ConfUtils.java:logGet(46)) - raft.server.write.byte-limit = 1024 M (=1073741824) (custom)
2022-12-19 18:39:29,798 [9557de33-fe68-40fe-b687-830f5ee56eaf@group-6312009A007B-LeaderElection17] INFO  server.RaftServerConfigKeys (ConfUtils.java:logGet(46)) - raft.server.watch.timeout = 180s (custom)
2022-12-19 18:39:29,798 [9557de33-fe68-40fe-b687-830f5ee56eaf@group-6312009A007B-LeaderElection17] INFO  server.RaftServerConfigKeys (ConfUtils.java:logGet(46)) - raft.server.watch.timeout.denomination = 1s (default)
2022-12-19 18:39:29,798 [9557de33-fe68-40fe-b687-830f5ee56eaf@group-6312009A007B-LeaderElection17] INFO  server.RaftServerConfigKeys (ConfUtils.java:logGet(46)) - raft.server.watch.element-limit = 65536 (default)
2022-12-19 18:39:29,798 [9557de33-fe68-40fe-b687-830f5ee56eaf@group-6312009A007B-LeaderElection17] INFO  server.RaftServerConfigKeys (ConfUtils.java:logGet(46)) - raft.server.write.element-limit = 1024 (custom)
2022-12-19 18:39:29,798 [9557de33-fe68-40fe-b687-830f5ee56eaf@group-6312009A007B-LeaderElection17] INFO  server.RaftServerConfigKeys (ConfUtils.java:logGet(46)) - raft.server.write.follower.gap.ratio.max = -1.0 (default)
2022-12-19 18:39:29,798 [EventQueue-CommandQueueReportForCommandQueueReportHandler] WARN  events.EventQueue (EventQueue.java:fireEvent(216)) - No event handler registered for event TypedEvent{payloadType=DatanodeDetails, name='Datanode_Command_Queue_Updated'}
2022-12-19 18:39:29,798 [9557de33-fe68-40fe-b687-830f5ee56eaf@group-6312009A007B-LeaderElection17] INFO  impl.RoleInfo (RoleInfo.java:updateAndGet(139)) - 9557de33-fe68-40fe-b687-830f5ee56eaf: start 9557de33-fe68-40fe-b687-830f5ee56eaf@group-6312009A007B-LeaderStateImpl
2022-12-19 18:39:29,799 [9557de33-fe68-40fe-b687-830f5ee56eaf@group-6312009A007B-LeaderElection17] INFO  segmented.SegmentedRaftLogWorker (SegmentedRaftLogWorker.java:startLogSegment(452)) - 9557de33-fe68-40fe-b687-830f5ee56eaf@group-6312009A007B-SegmentedRaftLogWorker: Starting segment from index:0
2022-12-19 18:39:29,800 [EventQueue-OpenPipelineForHealthyPipelineSafeModeRule] WARN  balancer.ContainerBalancer (ContainerBalancer.java:shouldRun(131)) - Could not find persisted configuration for ContainerBalancer when checking if ContainerBalancer should run. ContainerBalancer should not run now.
2022-12-19 18:39:29,800 [6d5a55a6-b535-46b1-9113-4eddd06c74b3-server-thread1] INFO  ratis.XceiverServerRatis (XceiverServerRatis.java:handleLeaderChangedNotification(904)) - Leader change notification received for group: group-BCCA0AE98F56 with new leaderId: 9557de33-fe68-40fe-b687-830f5ee56eaf
2022-12-19 18:39:29,800 [6d5a55a6-b535-46b1-9113-4eddd06c74b3-server-thread1] INFO  server.RaftServer$Division (ServerState.java:setLeader(313)) - 6d5a55a6-b535-46b1-9113-4eddd06c74b3@group-BCCA0AE98F56: change Leader from null to 9557de33-fe68-40fe-b687-830f5ee56eaf at term 1 for appendEntries, leader elected after 5047ms
2022-12-19 18:39:29,807 [9557de33-fe68-40fe-b687-830f5ee56eaf@group-6312009A007B-LeaderElection17] INFO  server.RaftServer$Division (ServerState.java:setRaftConf(430)) - 9557de33-fe68-40fe-b687-830f5ee56eaf@group-6312009A007B: set configuration 0: peers:[9557de33-fe68-40fe-b687-830f5ee56eaf|rpc:10.1.0.24:36865|dataStream:10.1.0.24:34463|priority:1|startupRole:FOLLOWER]|listeners:[], old=null
2022-12-19 18:39:29,808 [9557de33-fe68-40fe-b687-830f5ee56eaf@group-6312009A007B-SegmentedRaftLogWorker] INFO  segmented.SegmentedRaftLogWorker (SegmentedRaftLogWorker.java:execute(656)) - 9557de33-fe68-40fe-b687-830f5ee56eaf@group-6312009A007B-SegmentedRaftLogWorker: created new log segment /home/runner/work/ozone/ozone/hadoop-ozone/integration-test/target/test-dir/MiniOzoneClusterImpl-90c20adc-2d54-4d1b-8da5-d2480cc87ad8/datanode-0/data/ratis/5c9f3e63-3afc-4d4f-a791-6312009a007b/current/log_inprogress_0
2022-12-19 18:39:29,808 [6d5a55a6-b535-46b1-9113-4eddd06c74b3-server-thread1] INFO  server.RaftServer$Division (ServerState.java:setRaftConf(430)) - 6d5a55a6-b535-46b1-9113-4eddd06c74b3@group-BCCA0AE98F56: set configuration 0: peers:[9557de33-fe68-40fe-b687-830f5ee56eaf|rpc:10.1.0.24:36865|dataStream:10.1.0.24:34463|priority:1|startupRole:FOLLOWER, 6d5a55a6-b535-46b1-9113-4eddd06c74b3|rpc:10.1.0.24:37267|dataStream:10.1.0.24:34289|priority:0|startupRole:FOLLOWER, e72e8305-aa7c-42f4-a8e1-859d068dd798|rpc:10.1.0.24:45651|dataStream:10.1.0.24:44743|priority:0|startupRole:FOLLOWER]|listeners:[], old=null
2022-12-19 18:39:29,809 [6d5a55a6-b535-46b1-9113-4eddd06c74b3-server-thread1] INFO  segmented.SegmentedRaftLogWorker (SegmentedRaftLogWorker.java:startLogSegment(452)) - 6d5a55a6-b535-46b1-9113-4eddd06c74b3@group-BCCA0AE98F56-SegmentedRaftLogWorker: Starting segment from index:0
2022-12-19 18:39:29,810 [6d5a55a6-b535-46b1-9113-4eddd06c74b3@group-BCCA0AE98F56-SegmentedRaftLogWorker] INFO  segmented.SegmentedRaftLogWorker (SegmentedRaftLogWorker.java:execute(656)) - 6d5a55a6-b535-46b1-9113-4eddd06c74b3@group-BCCA0AE98F56-SegmentedRaftLogWorker: created new log segment /home/runner/work/ozone/ozone/hadoop-ozone/integration-test/target/test-dir/MiniOzoneClusterImpl-90c20adc-2d54-4d1b-8da5-d2480cc87ad8/datanode-2/data/ratis/e490be5d-3be4-443a-ba5c-bcca0ae98f56/current/log_inprogress_0
2022-12-19 18:39:29,835 [e72e8305-aa7c-42f4-a8e1-859d068dd798-server-thread1] INFO  ratis.XceiverServerRatis (XceiverServerRatis.java:handleLeaderChangedNotification(904)) - Leader change notification received for group: group-BCCA0AE98F56 with new leaderId: 9557de33-fe68-40fe-b687-830f5ee56eaf
2022-12-19 18:39:29,835 [e72e8305-aa7c-42f4-a8e1-859d068dd798-server-thread1] INFO  server.RaftServer$Division (ServerState.java:setLeader(313)) - e72e8305-aa7c-42f4-a8e1-859d068dd798@group-BCCA0AE98F56: change Leader from null to 9557de33-fe68-40fe-b687-830f5ee56eaf at term 1 for appendEntries, leader elected after 5034ms
2022-12-19 18:39:29,837 [e72e8305-aa7c-42f4-a8e1-859d068dd798-server-thread1] INFO  server.RaftServer$Division (ServerState.java:setRaftConf(430)) - e72e8305-aa7c-42f4-a8e1-859d068dd798@group-BCCA0AE98F56: set configuration 0: peers:[9557de33-fe68-40fe-b687-830f5ee56eaf|rpc:10.1.0.24:36865|dataStream:10.1.0.24:34463|priority:1|startupRole:FOLLOWER, 6d5a55a6-b535-46b1-9113-4eddd06c74b3|rpc:10.1.0.24:37267|dataStream:10.1.0.24:34289|priority:0|startupRole:FOLLOWER, e72e8305-aa7c-42f4-a8e1-859d068dd798|rpc:10.1.0.24:45651|dataStream:10.1.0.24:44743|priority:0|startupRole:FOLLOWER]|listeners:[], old=null
2022-12-19 18:39:29,837 [e72e8305-aa7c-42f4-a8e1-859d068dd798-server-thread1] INFO  segmented.SegmentedRaftLogWorker (SegmentedRaftLogWorker.java:startLogSegment(452)) - e72e8305-aa7c-42f4-a8e1-859d068dd798@group-BCCA0AE98F56-SegmentedRaftLogWorker: Starting segment from index:0
2022-12-19 18:39:29,839 [e72e8305-aa7c-42f4-a8e1-859d068dd798@group-BCCA0AE98F56-SegmentedRaftLogWorker] INFO  segmented.SegmentedRaftLogWorker (SegmentedRaftLogWorker.java:execute(656)) - e72e8305-aa7c-42f4-a8e1-859d068dd798@group-BCCA0AE98F56-SegmentedRaftLogWorker: created new log segment /home/runner/work/ozone/ozone/hadoop-ozone/integration-test/target/test-dir/MiniOzoneClusterImpl-90c20adc-2d54-4d1b-8da5-d2480cc87ad8/datanode-1/data/ratis/e490be5d-3be4-443a-ba5c-bcca0ae98f56/current/log_inprogress_0
2022-12-19 18:39:29,998 [9557de33-fe68-40fe-b687-830f5ee56eaf@group-342ACFA3CCE1-FollowerState] INFO  impl.FollowerState (FollowerState.java:run(143)) - 9557de33-fe68-40fe-b687-830f5ee56eaf@group-342ACFA3CCE1-FollowerState: change to CANDIDATE, lastRpcElapsedTime:5158006065ns, electionTimeout:5157ms
2022-12-19 18:39:29,998 [9557de33-fe68-40fe-b687-830f5ee56eaf@group-342ACFA3CCE1-FollowerState] INFO  impl.RoleInfo (RoleInfo.java:shutdownFollowerState(110)) - 9557de33-fe68-40fe-b687-830f5ee56eaf: shutdown 9557de33-fe68-40fe-b687-830f5ee56eaf@group-342ACFA3CCE1-FollowerState
2022-12-19 18:39:29,999 [9557de33-fe68-40fe-b687-830f5ee56eaf@group-342ACFA3CCE1-FollowerState] INFO  server.RaftServer$Division (RaftServerImpl.java:setRole(321)) - 9557de33-fe68-40fe-b687-830f5ee56eaf@group-342ACFA3CCE1: changes role from  FOLLOWER to CANDIDATE at term 0 for changeToCandidate
2022-12-19 18:39:29,999 [9557de33-fe68-40fe-b687-830f5ee56eaf@group-342ACFA3CCE1-FollowerState] INFO  server.RaftServerConfigKeys (ConfUtils.java:logGet(46)) - raft.server.leaderelection.pre-vote = false (custom)
2022-12-19 18:39:29,999 [9557de33-fe68-40fe-b687-830f5ee56eaf@group-342ACFA3CCE1-FollowerState] INFO  impl.RoleInfo (RoleInfo.java:updateAndGet(139)) - 9557de33-fe68-40fe-b687-830f5ee56eaf: start 9557de33-fe68-40fe-b687-830f5ee56eaf@group-342ACFA3CCE1-LeaderElection18
2022-12-19 18:39:30,002 [9557de33-fe68-40fe-b687-830f5ee56eaf@group-342ACFA3CCE1-LeaderElection18] INFO  impl.LeaderElection (LeaderElection.java:askForVotes(312)) - 9557de33-fe68-40fe-b687-830f5ee56eaf@group-342ACFA3CCE1-LeaderElection18 ELECTION round 0: submit vote requests at term 1 for -1: peers:[9557de33-fe68-40fe-b687-830f5ee56eaf|rpc:10.1.0.24:36865|dataStream:10.1.0.24:34463|priority:0|startupRole:FOLLOWER, 6d5a55a6-b535-46b1-9113-4eddd06c74b3|rpc:10.1.0.24:37267|dataStream:10.1.0.24:34289|priority:1|startupRole:FOLLOWER, e72e8305-aa7c-42f4-a8e1-859d068dd798|rpc:10.1.0.24:45651|dataStream:10.1.0.24:44743|priority:0|startupRole:FOLLOWER]|listeners:[], old=null
2022-12-19 18:39:30,003 [9557de33-fe68-40fe-b687-830f5ee56eaf@group-342ACFA3CCE1-LeaderElection18] INFO  server.RaftServerConfigKeys (ConfUtils.java:logFallback(53)) - raft.server.rpc.first-election.timeout.min = 5s (fallback to raft.server.rpc.timeout.min)
2022-12-19 18:39:30,003 [9557de33-fe68-40fe-b687-830f5ee56eaf@group-342ACFA3CCE1-LeaderElection18] INFO  server.RaftServerConfigKeys (ConfUtils.java:logFallback(53)) - raft.server.rpc.first-election.timeout.max = 5200ms (fallback to raft.server.rpc.timeout.max)
2022-12-19 18:39:30,005 [grpc-default-executor-0] INFO  server.RaftServer$Division (RaftServerImpl.java:requestVote(1218)) - 6d5a55a6-b535-46b1-9113-4eddd06c74b3@group-342ACFA3CCE1: receive requestVote(ELECTION, 9557de33-fe68-40fe-b687-830f5ee56eaf, group-342ACFA3CCE1, 1, (t:0, i:0))
2022-12-19 18:39:30,005 [grpc-default-executor-0] INFO  impl.VoteContext (VoteContext.java:log(49)) - 6d5a55a6-b535-46b1-9113-4eddd06c74b3@group-342ACFA3CCE1-FOLLOWER: reject ELECTION from 9557de33-fe68-40fe-b687-830f5ee56eaf: our priority 1 > candidate's priority 0
2022-12-19 18:39:30,005 [grpc-default-executor-0] INFO  server.RaftServer$Division (RaftServerImpl.java:setRole(321)) - 6d5a55a6-b535-46b1-9113-4eddd06c74b3@group-342ACFA3CCE1: changes role from  FOLLOWER to FOLLOWER at term 1 for candidate:9557de33-fe68-40fe-b687-830f5ee56eaf
2022-12-19 18:39:30,005 [grpc-default-executor-0] INFO  impl.RoleInfo (RoleInfo.java:shutdownFollowerState(110)) - 6d5a55a6-b535-46b1-9113-4eddd06c74b3: shutdown 6d5a55a6-b535-46b1-9113-4eddd06c74b3@group-342ACFA3CCE1-FollowerState
2022-12-19 18:39:30,005 [grpc-default-executor-0] INFO  impl.RoleInfo (RoleInfo.java:updateAndGet(139)) - 6d5a55a6-b535-46b1-9113-4eddd06c74b3: start 6d5a55a6-b535-46b1-9113-4eddd06c74b3@group-342ACFA3CCE1-FollowerState
2022-12-19 18:39:30,005 [6d5a55a6-b535-46b1-9113-4eddd06c74b3@group-342ACFA3CCE1-FollowerState] INFO  impl.FollowerState (FollowerState.java:run(152)) - 6d5a55a6-b535-46b1-9113-4eddd06c74b3@group-342ACFA3CCE1-FollowerState was interrupted
2022-12-19 18:39:30,008 [grpc-default-executor-1] INFO  server.RaftServer$Division (RaftServerImpl.java:requestVote(1218)) - e72e8305-aa7c-42f4-a8e1-859d068dd798@group-342ACFA3CCE1: receive requestVote(ELECTION, 9557de33-fe68-40fe-b687-830f5ee56eaf, group-342ACFA3CCE1, 1, (t:0, i:0))
2022-12-19 18:39:30,008 [grpc-default-executor-1] INFO  impl.VoteContext (VoteContext.java:log(49)) - e72e8305-aa7c-42f4-a8e1-859d068dd798@group-342ACFA3CCE1-FOLLOWER: accept ELECTION from 9557de33-fe68-40fe-b687-830f5ee56eaf: our priority 0 <= candidate's priority 0
2022-12-19 18:39:30,008 [grpc-default-executor-1] INFO  server.RaftServer$Division (RaftServerImpl.java:setRole(321)) - e72e8305-aa7c-42f4-a8e1-859d068dd798@group-342ACFA3CCE1: changes role from  FOLLOWER to FOLLOWER at term 1 for candidate:9557de33-fe68-40fe-b687-830f5ee56eaf
2022-12-19 18:39:30,008 [grpc-default-executor-1] INFO  impl.RoleInfo (RoleInfo.java:shutdownFollowerState(110)) - e72e8305-aa7c-42f4-a8e1-859d068dd798: shutdown e72e8305-aa7c-42f4-a8e1-859d068dd798@group-342ACFA3CCE1-FollowerState
2022-12-19 18:39:30,008 [6d5a55a6-b535-46b1-9113-4eddd06c74b3@group-342ACFA3CCE1-FollowerState] INFO  server.RaftServerConfigKeys (ConfUtils.java:logFallback(53)) - raft.server.rpc.first-election.timeout.min = 5s (fallback to raft.server.rpc.timeout.min)
2022-12-19 18:39:30,008 [6d5a55a6-b535-46b1-9113-4eddd06c74b3@group-342ACFA3CCE1-FollowerState] INFO  server.RaftServerConfigKeys (ConfUtils.java:logFallback(53)) - raft.server.rpc.first-election.timeout.max = 5200ms (fallback to raft.server.rpc.timeout.max)
2022-12-19 18:39:30,008 [e72e8305-aa7c-42f4-a8e1-859d068dd798@group-342ACFA3CCE1-FollowerState] INFO  impl.FollowerState (FollowerState.java:run(152)) - e72e8305-aa7c-42f4-a8e1-859d068dd798@group-342ACFA3CCE1-FollowerState was interrupted
2022-12-19 18:39:30,008 [grpc-default-executor-1] INFO  impl.RoleInfo (RoleInfo.java:updateAndGet(139)) - e72e8305-aa7c-42f4-a8e1-859d068dd798: start e72e8305-aa7c-42f4-a8e1-859d068dd798@group-342ACFA3CCE1-FollowerState
2022-12-19 18:39:30,008 [e72e8305-aa7c-42f4-a8e1-859d068dd798@group-342ACFA3CCE1-FollowerState] INFO  server.RaftServerConfigKeys (ConfUtils.java:logFallback(53)) - raft.server.rpc.first-election.timeout.min = 5s (fallback to raft.server.rpc.timeout.min)
2022-12-19 18:39:30,008 [e72e8305-aa7c-42f4-a8e1-859d068dd798@group-342ACFA3CCE1-FollowerState] INFO  server.RaftServerConfigKeys (ConfUtils.java:logFallback(53)) - raft.server.rpc.first-election.timeout.max = 5200ms (fallback to raft.server.rpc.timeout.max)
2022-12-19 18:39:30,009 [grpc-default-executor-0] INFO  server.RaftServer$Division (RaftServerImpl.java:requestVote(1251)) - 6d5a55a6-b535-46b1-9113-4eddd06c74b3@group-342ACFA3CCE1 replies to ELECTION vote request: 9557de33-fe68-40fe-b687-830f5ee56eaf<-6d5a55a6-b535-46b1-9113-4eddd06c74b3#0:FAIL-t1. Peer's state: 6d5a55a6-b535-46b1-9113-4eddd06c74b3@group-342ACFA3CCE1:t1, leader=null, voted=null, raftlog=Memoized:6d5a55a6-b535-46b1-9113-4eddd06c74b3@group-342ACFA3CCE1-SegmentedRaftLog:OPENED:c-1, conf=-1: peers:[9557de33-fe68-40fe-b687-830f5ee56eaf|rpc:10.1.0.24:36865|dataStream:10.1.0.24:34463|priority:0|startupRole:FOLLOWER, 6d5a55a6-b535-46b1-9113-4eddd06c74b3|rpc:10.1.0.24:37267|dataStream:10.1.0.24:34289|priority:1|startupRole:FOLLOWER, e72e8305-aa7c-42f4-a8e1-859d068dd798|rpc:10.1.0.24:45651|dataStream:10.1.0.24:44743|priority:0|startupRole:FOLLOWER]|listeners:[], old=null
2022-12-19 18:39:30,010 [9557de33-fe68-40fe-b687-830f5ee56eaf@group-342ACFA3CCE1-LeaderElection18] INFO  impl.LeaderElection (LeaderElection.java:logAndReturn(90)) - 9557de33-fe68-40fe-b687-830f5ee56eaf@group-342ACFA3CCE1-LeaderElection18: ELECTION REJECTED received 1 response(s) and 0 exception(s):
2022-12-19 18:39:30,010 [9557de33-fe68-40fe-b687-830f5ee56eaf@group-342ACFA3CCE1-LeaderElection18] INFO  impl.LeaderElection (LeaderElection.java:logAndReturn(94)) -   Response 0: 9557de33-fe68-40fe-b687-830f5ee56eaf<-6d5a55a6-b535-46b1-9113-4eddd06c74b3#0:FAIL-t1
2022-12-19 18:39:30,010 [9557de33-fe68-40fe-b687-830f5ee56eaf@group-342ACFA3CCE1-LeaderElection18] INFO  impl.LeaderElection (LeaderElection.java:askForVotes(314)) - 9557de33-fe68-40fe-b687-830f5ee56eaf@group-342ACFA3CCE1-LeaderElection18 ELECTION round 0: result REJECTED
2022-12-19 18:39:30,010 [grpc-default-executor-1] INFO  server.RaftServer$Division (RaftServerImpl.java:requestVote(1251)) - e72e8305-aa7c-42f4-a8e1-859d068dd798@group-342ACFA3CCE1 replies to ELECTION vote request: 9557de33-fe68-40fe-b687-830f5ee56eaf<-e72e8305-aa7c-42f4-a8e1-859d068dd798#0:OK-t1. Peer's state: e72e8305-aa7c-42f4-a8e1-859d068dd798@group-342ACFA3CCE1:t1, leader=null, voted=9557de33-fe68-40fe-b687-830f5ee56eaf, raftlog=Memoized:e72e8305-aa7c-42f4-a8e1-859d068dd798@group-342ACFA3CCE1-SegmentedRaftLog:OPENED:c-1, conf=-1: peers:[9557de33-fe68-40fe-b687-830f5ee56eaf|rpc:10.1.0.24:36865|dataStream:10.1.0.24:34463|priority:0|startupRole:FOLLOWER, 6d5a55a6-b535-46b1-9113-4eddd06c74b3|rpc:10.1.0.24:37267|dataStream:10.1.0.24:34289|priority:1|startupRole:FOLLOWER, e72e8305-aa7c-42f4-a8e1-859d068dd798|rpc:10.1.0.24:45651|dataStream:10.1.0.24:44743|priority:0|startupRole:FOLLOWER]|listeners:[], old=null
2022-12-19 18:39:30,010 [9557de33-fe68-40fe-b687-830f5ee56eaf@group-342ACFA3CCE1-LeaderElection18] INFO  server.RaftServer$Division (RaftServerImpl.java:setRole(321)) - 9557de33-fe68-40fe-b687-830f5ee56eaf@group-342ACFA3CCE1: changes role from CANDIDATE to FOLLOWER at term 1 for REJECTED
2022-12-19 18:39:30,011 [9557de33-fe68-40fe-b687-830f5ee56eaf@group-342ACFA3CCE1-LeaderElection18] INFO  impl.RoleInfo (RoleInfo.java:shutdownLeaderElection(130)) - 9557de33-fe68-40fe-b687-830f5ee56eaf: shutdown 9557de33-fe68-40fe-b687-830f5ee56eaf@group-342ACFA3CCE1-LeaderElection18
2022-12-19 18:39:30,011 [9557de33-fe68-40fe-b687-830f5ee56eaf@group-342ACFA3CCE1-LeaderElection18] INFO  impl.RoleInfo (RoleInfo.java:updateAndGet(139)) - 9557de33-fe68-40fe-b687-830f5ee56eaf: start 9557de33-fe68-40fe-b687-830f5ee56eaf@group-342ACFA3CCE1-FollowerState
2022-12-19 18:39:30,011 [9557de33-fe68-40fe-b687-830f5ee56eaf@group-342ACFA3CCE1-FollowerState] INFO  server.RaftServerConfigKeys (ConfUtils.java:logFallback(53)) - raft.server.rpc.first-election.timeout.min = 5s (fallback to raft.server.rpc.timeout.min)
2022-12-19 18:39:30,011 [9557de33-fe68-40fe-b687-830f5ee56eaf@group-342ACFA3CCE1-FollowerState] INFO  server.RaftServerConfigKeys (ConfUtils.java:logFallback(53)) - raft.server.rpc.first-election.timeout.max = 5200ms (fallback to raft.server.rpc.timeout.max)
2022-12-19 18:39:30,081 [e72e8305-aa7c-42f4-a8e1-859d068dd798@group-AD314E80544A-FollowerState] INFO  impl.FollowerState (FollowerState.java:run(143)) - e72e8305-aa7c-42f4-a8e1-859d068dd798@group-AD314E80544A-FollowerState: change to CANDIDATE, lastRpcElapsedTime:5081482343ns, electionTimeout:5078ms
2022-12-19 18:39:30,081 [e72e8305-aa7c-42f4-a8e1-859d068dd798@group-AD314E80544A-FollowerState] INFO  impl.RoleInfo (RoleInfo.java:shutdownFollowerState(110)) - e72e8305-aa7c-42f4-a8e1-859d068dd798: shutdown e72e8305-aa7c-42f4-a8e1-859d068dd798@group-AD314E80544A-FollowerState
2022-12-19 18:39:30,081 [e72e8305-aa7c-42f4-a8e1-859d068dd798@group-AD314E80544A-FollowerState] INFO  server.RaftServer$Division (RaftServerImpl.java:setRole(321)) - e72e8305-aa7c-42f4-a8e1-859d068dd798@group-AD314E80544A: changes role from  FOLLOWER to CANDIDATE at term 0 for changeToCandidate
2022-12-19 18:39:30,081 [e72e8305-aa7c-42f4-a8e1-859d068dd798@group-AD314E80544A-FollowerState] INFO  server.RaftServerConfigKeys (ConfUtils.java:logGet(46)) - raft.server.leaderelection.pre-vote = false (custom)
2022-12-19 18:39:30,081 [e72e8305-aa7c-42f4-a8e1-859d068dd798@group-AD314E80544A-FollowerState] INFO  impl.RoleInfo (RoleInfo.java:updateAndGet(139)) - e72e8305-aa7c-42f4-a8e1-859d068dd798: start e72e8305-aa7c-42f4-a8e1-859d068dd798@group-AD314E80544A-LeaderElection19
2022-12-19 18:39:30,084 [e72e8305-aa7c-42f4-a8e1-859d068dd798@group-AD314E80544A-LeaderElection19] INFO  impl.LeaderElection (LeaderElection.java:askForVotes(312)) - e72e8305-aa7c-42f4-a8e1-859d068dd798@group-AD314E80544A-LeaderElection19 ELECTION round 0: submit vote requests at term 1 for -1: peers:[e72e8305-aa7c-42f4-a8e1-859d068dd798|rpc:10.1.0.24:45651|dataStream:10.1.0.24:44743|priority:1|startupRole:FOLLOWER]|listeners:[], old=null
2022-12-19 18:39:30,084 [e72e8305-aa7c-42f4-a8e1-859d068dd798@group-AD314E80544A-LeaderElection19] INFO  impl.LeaderElection (LeaderElection.java:askForVotes(314)) - e72e8305-aa7c-42f4-a8e1-859d068dd798@group-AD314E80544A-LeaderElection19 ELECTION round 0: result PASSED (term=1)
2022-12-19 18:39:30,084 [e72e8305-aa7c-42f4-a8e1-859d068dd798@group-AD314E80544A-LeaderElection19] INFO  impl.RoleInfo (RoleInfo.java:shutdownLeaderElection(130)) - e72e8305-aa7c-42f4-a8e1-859d068dd798: shutdown e72e8305-aa7c-42f4-a8e1-859d068dd798@group-AD314E80544A-LeaderElection19
2022-12-19 18:39:30,084 [e72e8305-aa7c-42f4-a8e1-859d068dd798@group-AD314E80544A-LeaderElection19] INFO  server.RaftServer$Division (RaftServerImpl.java:setRole(321)) - e72e8305-aa7c-42f4-a8e1-859d068dd798@group-AD314E80544A: changes role from CANDIDATE to LEADER at term 1 for changeToLeader
2022-12-19 18:39:30,085 [e72e8305-aa7c-42f4-a8e1-859d068dd798@group-AD314E80544A-LeaderElection19] INFO  ratis.XceiverServerRatis (XceiverServerRatis.java:handleLeaderChangedNotification(904)) - Leader change notification received for group: group-AD314E80544A with new leaderId: e72e8305-aa7c-42f4-a8e1-859d068dd798
2022-12-19 18:39:30,085 [e72e8305-aa7c-42f4-a8e1-859d068dd798@group-AD314E80544A-LeaderElection19] INFO  server.RaftServer$Division (ServerState.java:setLeader(313)) - e72e8305-aa7c-42f4-a8e1-859d068dd798@group-AD314E80544A: change Leader from null to e72e8305-aa7c-42f4-a8e1-859d068dd798 at term 1 for becomeLeader, leader elected after 5099ms
2022-12-19 18:39:30,085 [e72e8305-aa7c-42f4-a8e1-859d068dd798@group-AD314E80544A-LeaderElection19] INFO  server.RaftServerConfigKeys (ConfUtils.java:logGet(46)) - raft.server.staging.catchup.gap = 1000 (default)
2022-12-19 18:39:30,085 [e72e8305-aa7c-42f4-a8e1-859d068dd798@group-AD314E80544A-LeaderElection19] INFO  server.RaftServerConfigKeys (ConfUtils.java:logGet(46)) - raft.server.write.element-limit = 1024 (custom)
2022-12-19 18:39:30,085 [e72e8305-aa7c-42f4-a8e1-859d068dd798@group-AD314E80544A-LeaderElection19] INFO  server.RaftServerConfigKeys (ConfUtils.java:logGet(46)) - raft.server.write.byte-limit = 1024 M (=1073741824) (custom)
2022-12-19 18:39:30,085 [e72e8305-aa7c-42f4-a8e1-859d068dd798@group-AD314E80544A-LeaderElection19] INFO  server.RaftServerConfigKeys (ConfUtils.java:logGet(46)) - raft.server.watch.timeout = 180s (custom)
2022-12-19 18:39:30,085 [e72e8305-aa7c-42f4-a8e1-859d068dd798@group-AD314E80544A-LeaderElection19] INFO  server.RaftServerConfigKeys (ConfUtils.java:logGet(46)) - raft.server.watch.timeout.denomination = 1s (default)
2022-12-19 18:39:30,085 [e72e8305-aa7c-42f4-a8e1-859d068dd798@group-AD314E80544A-LeaderElection19] INFO  server.RaftServerConfigKeys (ConfUtils.java:logGet(46)) - raft.server.watch.element-limit = 65536 (default)
2022-12-19 18:39:30,085 [e72e8305-aa7c-42f4-a8e1-859d068dd798@group-AD314E80544A-LeaderElection19] INFO  server.RaftServerConfigKeys (ConfUtils.java:logGet(46)) - raft.server.write.element-limit = 1024 (custom)
2022-12-19 18:39:30,085 [e72e8305-aa7c-42f4-a8e1-859d068dd798@group-AD314E80544A-LeaderElection19] INFO  server.RaftServerConfigKeys (ConfUtils.java:logGet(46)) - raft.server.write.follower.gap.ratio.max = -1.0 (default)
2022-12-19 18:39:30,085 [e72e8305-aa7c-42f4-a8e1-859d068dd798@group-AD314E80544A-LeaderElection19] INFO  impl.RoleInfo (RoleInfo.java:updateAndGet(139)) - e72e8305-aa7c-42f4-a8e1-859d068dd798: start e72e8305-aa7c-42f4-a8e1-859d068dd798@group-AD314E80544A-LeaderStateImpl
2022-12-19 18:39:30,086 [EventQueue-CommandQueueReportForCommandQueueReportHandler] WARN  events.EventQueue (EventQueue.java:fireEvent(216)) - No event handler registered for event TypedEvent{payloadType=DatanodeDetails, name='Datanode_Command_Queue_Updated'}
2022-12-19 18:39:30,087 [e72e8305-aa7c-42f4-a8e1-859d068dd798@group-AD314E80544A-LeaderElection19] INFO  segmented.SegmentedRaftLogWorker (SegmentedRaftLogWorker.java:startLogSegment(452)) - e72e8305-aa7c-42f4-a8e1-859d068dd798@group-AD314E80544A-SegmentedRaftLogWorker: Starting segment from index:0
2022-12-19 18:39:30,088 [e72e8305-aa7c-42f4-a8e1-859d068dd798@group-AD314E80544A-SegmentedRaftLogWorker] INFO  segmented.SegmentedRaftLogWorker (SegmentedRaftLogWorker.java:execute(656)) - e72e8305-aa7c-42f4-a8e1-859d068dd798@group-AD314E80544A-SegmentedRaftLogWorker: created new log segment /home/runner/work/ozone/ozone/hadoop-ozone/integration-test/target/test-dir/MiniOzoneClusterImpl-90c20adc-2d54-4d1b-8da5-d2480cc87ad8/datanode-1/data/ratis/ca5ef7af-91bf-4b43-857c-ad314e80544a/current/log_inprogress_0
2022-12-19 18:39:30,089 [e72e8305-aa7c-42f4-a8e1-859d068dd798@group-AD314E80544A-LeaderElection19] INFO  server.RaftServer$Division (ServerState.java:setRaftConf(430)) - e72e8305-aa7c-42f4-a8e1-859d068dd798@group-AD314E80544A: set configuration 0: peers:[e72e8305-aa7c-42f4-a8e1-859d068dd798|rpc:10.1.0.24:45651|dataStream:10.1.0.24:44743|priority:1|startupRole:FOLLOWER]|listeners:[], old=null
2022-12-19 18:39:30,285 [Listener at 127.0.0.1/45319] INFO  ozone.MiniOzoneClusterImpl (MiniOzoneClusterImpl.java:lambda$waitForClusterToBeReady$0(217)) - Nodes are ready. Got 3 of 3 DN Heartbeats.
2022-12-19 18:39:30,286 [Listener at 127.0.0.1/45319] INFO  ozone.MiniOzoneClusterImpl (MiniOzoneClusterImpl.java:lambda$waitForClusterToBeReady$0(220)) - Cluster exits safe mode
2022-12-19 18:39:30,286 [Listener at 127.0.0.1/45319] INFO  ozone.MiniOzoneClusterImpl (MiniOzoneClusterImpl.java:lambda$waitForClusterToBeReady$0(222)) - SCM became leader
2022-12-19 18:39:30,287 [Listener at 127.0.0.1/45319] INFO  ozoneimpl.OzoneContainer (OzoneContainer.java:stop(417)) - Attempting to stop container services.
2022-12-19 18:39:30,287 [Listener at 127.0.0.1/45319] INFO  server.RaftServer (RaftServerProxy.java:lambda$close$6(409)) - 9557de33-fe68-40fe-b687-830f5ee56eaf: close
2022-12-19 18:39:30,288 [9557de33-fe68-40fe-b687-830f5ee56eaf-impl-thread1] INFO  server.RaftServer$Division (RaftServerImpl.java:lambda$close$4(458)) - 9557de33-fe68-40fe-b687-830f5ee56eaf@group-342ACFA3CCE1: shutdown
2022-12-19 18:39:30,288 [9557de33-fe68-40fe-b687-830f5ee56eaf-impl-thread1] INFO  util.JmxRegister (JmxRegister.java:unregister(73)) - Successfully un-registered JMX Bean with object name Ratis:service=RaftServer,group=group-342ACFA3CCE1,id=9557de33-fe68-40fe-b687-830f5ee56eaf
2022-12-19 18:39:30,288 [9557de33-fe68-40fe-b687-830f5ee56eaf-impl-thread2] INFO  server.RaftServer$Division (RaftServerImpl.java:lambda$close$4(458)) - 9557de33-fe68-40fe-b687-830f5ee56eaf@group-BCCA0AE98F56: shutdown
2022-12-19 18:39:30,288 [9557de33-fe68-40fe-b687-830f5ee56eaf-impl-thread1] INFO  impl.RoleInfo (RoleInfo.java:shutdownFollowerState(110)) - 9557de33-fe68-40fe-b687-830f5ee56eaf: shutdown 9557de33-fe68-40fe-b687-830f5ee56eaf@group-342ACFA3CCE1-FollowerState
2022-12-19 18:39:30,289 [9557de33-fe68-40fe-b687-830f5ee56eaf-impl-thread2] INFO  util.JmxRegister (JmxRegister.java:unregister(73)) - Successfully un-registered JMX Bean with object name Ratis:service=RaftServer,group=group-BCCA0AE98F56,id=9557de33-fe68-40fe-b687-830f5ee56eaf
2022-12-19 18:39:30,289 [9557de33-fe68-40fe-b687-830f5ee56eaf-impl-thread2] INFO  impl.RoleInfo (RoleInfo.java:shutdownLeaderState(93)) - 9557de33-fe68-40fe-b687-830f5ee56eaf: shutdown 9557de33-fe68-40fe-b687-830f5ee56eaf@group-BCCA0AE98F56-LeaderStateImpl
2022-12-19 18:39:30,289 [Listener at 127.0.0.1/45319] INFO  server.GrpcService (GrpcService.java:closeImpl(271)) - 9557de33-fe68-40fe-b687-830f5ee56eaf: shutdown server GrpcServerProtocolService now
2022-12-19 18:39:30,289 [9557de33-fe68-40fe-b687-830f5ee56eaf-impl-thread2] INFO  impl.PendingRequests (PendingRequests.java:sendNotLeaderResponses(282)) - 9557de33-fe68-40fe-b687-830f5ee56eaf@group-BCCA0AE98F56-PendingRequests: sendNotLeaderResponses
2022-12-19 18:39:30,289 [9557de33-fe68-40fe-b687-830f5ee56eaf@group-BCCA0AE98F56->6d5a55a6-b535-46b1-9113-4eddd06c74b3-GrpcLogAppender-LogAppenderDaemon] WARN  server.GrpcLogAppender (GrpcLogAppender.java:mayWait(200)) - 9557de33-fe68-40fe-b687-830f5ee56eaf@group-BCCA0AE98F56->6d5a55a6-b535-46b1-9113-4eddd06c74b3-GrpcLogAppender: Wait interrupted by java.lang.InterruptedException
2022-12-19 18:39:30,289 [9557de33-fe68-40fe-b687-830f5ee56eaf@group-BCCA0AE98F56->e72e8305-aa7c-42f4-a8e1-859d068dd798-GrpcLogAppender-LogAppenderDaemon] WARN  server.GrpcLogAppender (GrpcLogAppender.java:mayWait(200)) - 9557de33-fe68-40fe-b687-830f5ee56eaf@group-BCCA0AE98F56->e72e8305-aa7c-42f4-a8e1-859d068dd798-GrpcLogAppender: Wait interrupted by java.lang.InterruptedException
2022-12-19 18:39:30,290 [9557de33-fe68-40fe-b687-830f5ee56eaf-impl-thread1] INFO  impl.StateMachineUpdater (StateMachineUpdater.java:stopAndJoin(153)) - 9557de33-fe68-40fe-b687-830f5ee56eaf@group-342ACFA3CCE1-StateMachineUpdater: set stopIndex = -1
2022-12-19 18:39:30,292 [Listener at 127.0.0.1/45319] INFO  server.GrpcServerProtocolClient (GrpcServerProtocolClient.java:close(101)) - 6d5a55a6-b535-46b1-9113-4eddd06c74b3 Close channels
2022-12-19 18:39:30,292 [9557de33-fe68-40fe-b687-830f5ee56eaf@group-342ACFA3CCE1-FollowerState] INFO  impl.FollowerState (FollowerState.java:run(152)) - 9557de33-fe68-40fe-b687-830f5ee56eaf@group-342ACFA3CCE1-FollowerState was interrupted
2022-12-19 18:39:30,293 [9557de33-fe68-40fe-b687-830f5ee56eaf-impl-thread1] INFO  server.RaftServer$Division (ServerState.java:close(466)) - 9557de33-fe68-40fe-b687-830f5ee56eaf@group-342ACFA3CCE1: closes. applyIndex: -1
2022-12-19 18:39:30,293 [9557de33-fe68-40fe-b687-830f5ee56eaf@group-342ACFA3CCE1-SegmentedRaftLogWorker] INFO  segmented.SegmentedRaftLogWorker (SegmentedRaftLogWorker.java:run(347)) - 9557de33-fe68-40fe-b687-830f5ee56eaf@group-342ACFA3CCE1-SegmentedRaftLogWorker was interrupted, exiting. There are 0 tasks remaining in the queue.
2022-12-19 18:39:30,293 [9557de33-fe68-40fe-b687-830f5ee56eaf-impl-thread1] INFO  segmented.SegmentedRaftLogWorker (SegmentedRaftLogWorker.java:close(257)) - 9557de33-fe68-40fe-b687-830f5ee56eaf@group-342ACFA3CCE1-SegmentedRaftLogWorker close()
2022-12-19 18:39:30,293 [grpc-default-executor-0] INFO  server.GrpcServerProtocolService (GrpcServerProtocolService.java:onCompleted(143)) - e72e8305-aa7c-42f4-a8e1-859d068dd798: Completed APPEND_ENTRIES, lastRequest: null
2022-12-19 18:39:30,293 [grpc-default-executor-1] INFO  server.GrpcServerProtocolService (GrpcServerProtocolService.java:onCompleted(143)) - 6d5a55a6-b535-46b1-9113-4eddd06c74b3: Completed APPEND_ENTRIES, lastRequest: null
2022-12-19 18:39:30,294 [grpc-default-executor-0] INFO  server.GrpcLogAppender (GrpcLogAppender.java:onCompleted(415)) - 9557de33-fe68-40fe-b687-830f5ee56eaf@group-BCCA0AE98F56->6d5a55a6-b535-46b1-9113-4eddd06c74b3-AppendLogResponseHandler: follower responses appendEntries COMPLETED
2022-12-19 18:39:30,294 [grpc-default-executor-0] WARN  server.GrpcLogAppender (GrpcLogAppender.java:resetClient(137)) - 9557de33-fe68-40fe-b687-830f5ee56eaf@group-BCCA0AE98F56->6d5a55a6-b535-46b1-9113-4eddd06c74b3-GrpcLogAppender: Failed to getClient for 6d5a55a6-b535-46b1-9113-4eddd06c74b3
org.apache.ratis.protocol.exceptions.AlreadyClosedException: 9557de33-fe68-40fe-b687-830f5ee56eaf is already CLOSED
	at org.apache.ratis.util.PeerProxyMap$PeerAndProxy.getProxy(PeerProxyMap.java:61)
	at org.apache.ratis.util.PeerProxyMap.getProxy(PeerProxyMap.java:115)
	at org.apache.ratis.grpc.server.GrpcLogAppender.getClient(GrpcLogAppender.java:116)
	at org.apache.ratis.grpc.server.GrpcLogAppender.resetClient(GrpcLogAppender.java:121)
	at org.apache.ratis.grpc.server.GrpcLogAppender.access$500(GrpcLogAppender.java:58)
	at org.apache.ratis.grpc.server.GrpcLogAppender$AppendLogResponseHandler.onCompleted(GrpcLogAppender.java:416)
	at org.apache.ratis.thirdparty.io.grpc.stub.ClientCalls$StreamObserverToCallListenerAdapter.onClose(ClientCalls.java:485)
	at org.apache.ratis.thirdparty.io.grpc.internal.DelayedClientCall$DelayedListener$3.run(DelayedClientCall.java:468)
	at org.apache.ratis.thirdparty.io.grpc.internal.DelayedClientCall$DelayedListener.delayOrExecute(DelayedClientCall.java:432)
	at org.apache.ratis.thirdparty.io.grpc.internal.DelayedClientCall$DelayedListener.onClose(DelayedClientCall.java:465)
	at org.apache.ratis.thirdparty.io.grpc.internal.ClientCallImpl.closeObserver(ClientCallImpl.java:562)
	at org.apache.ratis.thirdparty.io.grpc.internal.ClientCallImpl.access$300(ClientCallImpl.java:70)
	at org.apache.ratis.thirdparty.io.grpc.internal.ClientCallImpl$ClientStreamListenerImpl$1StreamClosed.runInternal(ClientCallImpl.java:743)
	at org.apache.ratis.thirdparty.io.grpc.internal.ClientCallImpl$ClientStreamListenerImpl$1StreamClosed.runInContext(ClientCallImpl.java:722)
	at org.apache.ratis.thirdparty.io.grpc.internal.ContextRunnable.run(ContextRunnable.java:37)
	at org.apache.ratis.thirdparty.io.grpc.internal.SerializingExecutor.run(SerializingExecutor.java:133)
	at java.util.concurrent.ThreadPoolExecutor.runWorker(ThreadPoolExecutor.java:1149)
	at java.util.concurrent.ThreadPoolExecutor$Worker.run(ThreadPoolExecutor.java:624)
	at java.lang.Thread.run(Thread.java:750)
2022-12-19 18:39:30,295 [grpc-default-executor-3] INFO  server.GrpcServerProtocolService (GrpcServerProtocolService.java:onCompleted(143)) - e72e8305-aa7c-42f4-a8e1-859d068dd798: Completed APPEND_ENTRIES, lastRequest: 9557de33-fe68-40fe-b687-830f5ee56eaf->e72e8305-aa7c-42f4-a8e1-859d068dd798#1-t1,previous=(t:0, i:0),leaderCommit=0,initializing? true,entries: size=1, first=(t:1, i:0), CONFIGURATIONENTRY(current:id: "9557de33-fe68-40fe-b687-830f5ee56eaf"
address: "10.1.0.24:36865"
priority: 1
dataStreamAddress: "10.1.0.24:34463"
clientAddress: "10.1.0.24:36865"
adminAddress: "10.1.0.24:36865"
startupRole: FOLLOWER
,id: "6d5a55a6-b535-46b1-9113-4eddd06c74b3"
address: "10.1.0.24:37267"
dataStreamAddress: "10.1.0.24:34289"
clientAddress: "10.1.0.24:37267"
adminAddress: "10.1.0.24:37267"
startupRole: FOLLOWER
,id: "e72e8305-aa7c-42f4-a8e1-859d068dd798"
address: "10.1.0.24:45651"
dataStreamAddress: "10.1.0.24:44743"
clientAddress: "10.1.0.24:45651"
adminAddress: "10.1.0.24:45651"
startupRole: FOLLOWER
, old:)
2022-12-19 18:39:30,295 [grpc-default-executor-1] INFO  server.GrpcServerProtocolService (GrpcServerProtocolService.java:onCompleted(143)) - 6d5a55a6-b535-46b1-9113-4eddd06c74b3: Completed APPEND_ENTRIES, lastRequest: 9557de33-fe68-40fe-b687-830f5ee56eaf->6d5a55a6-b535-46b1-9113-4eddd06c74b3#1-t1,previous=(t:0, i:0),leaderCommit=0,initializing? true,entries: size=1, first=(t:1, i:0), CONFIGURATIONENTRY(current:id: "9557de33-fe68-40fe-b687-830f5ee56eaf"
address: "10.1.0.24:36865"
priority: 1
dataStreamAddress: "10.1.0.24:34463"
clientAddress: "10.1.0.24:36865"
adminAddress: "10.1.0.24:36865"
startupRole: FOLLOWER
,id: "6d5a55a6-b535-46b1-9113-4eddd06c74b3"
address: "10.1.0.24:37267"
dataStreamAddress: "10.1.0.24:34289"
clientAddress: "10.1.0.24:37267"
adminAddress: "10.1.0.24:37267"
startupRole: FOLLOWER
,id: "e72e8305-aa7c-42f4-a8e1-859d068dd798"
address: "10.1.0.24:45651"
dataStreamAddress: "10.1.0.24:44743"
clientAddress: "10.1.0.24:45651"
adminAddress: "10.1.0.24:45651"
startupRole: FOLLOWER
, old:)
2022-12-19 18:39:30,295 [9557de33-fe68-40fe-b687-830f5ee56eaf-impl-thread3] INFO  server.RaftServer$Division (RaftServerImpl.java:lambda$close$4(458)) - 9557de33-fe68-40fe-b687-830f5ee56eaf@group-6312009A007B: shutdown
2022-12-19 18:39:30,295 [9557de33-fe68-40fe-b687-830f5ee56eaf-impl-thread3] INFO  util.JmxRegister (JmxRegister.java:unregister(73)) - Successfully un-registered JMX Bean with object name Ratis:service=RaftServer,group=group-6312009A007B,id=9557de33-fe68-40fe-b687-830f5ee56eaf
2022-12-19 18:39:30,295 [9557de33-fe68-40fe-b687-830f5ee56eaf-impl-thread3] INFO  impl.RoleInfo (RoleInfo.java:shutdownLeaderState(93)) - 9557de33-fe68-40fe-b687-830f5ee56eaf: shutdown 9557de33-fe68-40fe-b687-830f5ee56eaf@group-6312009A007B-LeaderStateImpl
2022-12-19 18:39:30,296 [9557de33-fe68-40fe-b687-830f5ee56eaf-impl-thread3] INFO  impl.PendingRequests (PendingRequests.java:sendNotLeaderResponses(282)) - 9557de33-fe68-40fe-b687-830f5ee56eaf@group-6312009A007B-PendingRequests: sendNotLeaderResponses
2022-12-19 18:39:30,297 [9557de33-fe68-40fe-b687-830f5ee56eaf-impl-thread3] INFO  impl.StateMachineUpdater (StateMachineUpdater.java:stopAndJoin(153)) - 9557de33-fe68-40fe-b687-830f5ee56eaf@group-6312009A007B-StateMachineUpdater: set stopIndex = 0
2022-12-19 18:39:30,298 [9557de33-fe68-40fe-b687-830f5ee56eaf@group-6312009A007B-StateMachineUpdater] INFO  ratis.ContainerStateMachine (ContainerStateMachine.java:takeSnapshot(308)) - group-6312009A007B: Taking a snapshot at:(t:1, i:0) file /home/runner/work/ozone/ozone/hadoop-ozone/integration-test/target/test-dir/MiniOzoneClusterImpl-90c20adc-2d54-4d1b-8da5-d2480cc87ad8/datanode-0/data/ratis/5c9f3e63-3afc-4d4f-a791-6312009a007b/sm/snapshot.1_0
2022-12-19 18:39:30,299 [9557de33-fe68-40fe-b687-830f5ee56eaf@group-6312009A007B-StateMachineUpdater] INFO  ratis.ContainerStateMachine (ContainerStateMachine.java:takeSnapshot(319)) - group-6312009A007B: Finished taking a snapshot at:(t:1, i:0) file:/home/runner/work/ozone/ozone/hadoop-ozone/integration-test/target/test-dir/MiniOzoneClusterImpl-90c20adc-2d54-4d1b-8da5-d2480cc87ad8/datanode-0/data/ratis/5c9f3e63-3afc-4d4f-a791-6312009a007b/sm/snapshot.1_0 took: 1 ms
2022-12-19 18:39:30,299 [9557de33-fe68-40fe-b687-830f5ee56eaf@group-6312009A007B-StateMachineUpdater] INFO  impl.StateMachineUpdater (StateMachineUpdater.java:takeSnapshot(287)) - 9557de33-fe68-40fe-b687-830f5ee56eaf@group-6312009A007B-StateMachineUpdater: Took a snapshot at index 0
2022-12-19 18:39:30,299 [9557de33-fe68-40fe-b687-830f5ee56eaf@group-6312009A007B-StateMachineUpdater] INFO  impl.StateMachineUpdater (StateMachineUpdater.java:lambda$new$0(92)) - 9557de33-fe68-40fe-b687-830f5ee56eaf@group-6312009A007B-StateMachineUpdater: snapshotIndex: updateIncreasingly -1 -> 0
2022-12-19 18:39:30,299 [9557de33-fe68-40fe-b687-830f5ee56eaf@group-BCCA0AE98F56-StateMachineUpdater] INFO  ratis.ContainerStateMachine (ContainerStateMachine.java:takeSnapshot(308)) - group-BCCA0AE98F56: Taking a snapshot at:(t:1, i:0) file /home/runner/work/ozone/ozone/hadoop-ozone/integration-test/target/test-dir/MiniOzoneClusterImpl-90c20adc-2d54-4d1b-8da5-d2480cc87ad8/datanode-0/data/ratis/e490be5d-3be4-443a-ba5c-bcca0ae98f56/sm/snapshot.1_0
2022-12-19 18:39:30,300 [9557de33-fe68-40fe-b687-830f5ee56eaf-impl-thread2] INFO  impl.StateMachineUpdater (StateMachineUpdater.java:stopAndJoin(153)) - 9557de33-fe68-40fe-b687-830f5ee56eaf@group-BCCA0AE98F56-StateMachineUpdater: set stopIndex = 0
2022-12-19 18:39:30,300 [9557de33-fe68-40fe-b687-830f5ee56eaf-impl-thread3] INFO  server.RaftServer$Division (ServerState.java:close(466)) - 9557de33-fe68-40fe-b687-830f5ee56eaf@group-6312009A007B: closes. applyIndex: 0
2022-12-19 18:39:30,304 [9557de33-fe68-40fe-b687-830f5ee56eaf@group-6312009A007B-SegmentedRaftLogWorker] INFO  segmented.SegmentedRaftLogWorker (SegmentedRaftLogWorker.java:run(347)) - 9557de33-fe68-40fe-b687-830f5ee56eaf@group-6312009A007B-SegmentedRaftLogWorker was interrupted, exiting. There are 0 tasks remaining in the queue.
2022-12-19 18:39:30,304 [9557de33-fe68-40fe-b687-830f5ee56eaf@group-BCCA0AE98F56-StateMachineUpdater] INFO  ratis.ContainerStateMachine (ContainerStateMachine.java:takeSnapshot(319)) - group-BCCA0AE98F56: Finished taking a snapshot at:(t:1, i:0) file:/home/runner/work/ozone/ozone/hadoop-ozone/integration-test/target/test-dir/MiniOzoneClusterImpl-90c20adc-2d54-4d1b-8da5-d2480cc87ad8/datanode-0/data/ratis/e490be5d-3be4-443a-ba5c-bcca0ae98f56/sm/snapshot.1_0 took: 4 ms
2022-12-19 18:39:30,304 [9557de33-fe68-40fe-b687-830f5ee56eaf@group-BCCA0AE98F56-StateMachineUpdater] INFO  impl.StateMachineUpdater (StateMachineUpdater.java:takeSnapshot(287)) - 9557de33-fe68-40fe-b687-830f5ee56eaf@group-BCCA0AE98F56-StateMachineUpdater: Took a snapshot at index 0
2022-12-19 18:39:30,304 [9557de33-fe68-40fe-b687-830f5ee56eaf@group-BCCA0AE98F56-StateMachineUpdater] INFO  impl.StateMachineUpdater (StateMachineUpdater.java:lambda$new$0(92)) - 9557de33-fe68-40fe-b687-830f5ee56eaf@group-BCCA0AE98F56-StateMachineUpdater: snapshotIndex: updateIncreasingly -1 -> 0
2022-12-19 18:39:30,304 [9557de33-fe68-40fe-b687-830f5ee56eaf-impl-thread2] INFO  server.RaftServer$Division (ServerState.java:close(466)) - 9557de33-fe68-40fe-b687-830f5ee56eaf@group-BCCA0AE98F56: closes. applyIndex: 0
2022-12-19 18:39:30,304 [9557de33-fe68-40fe-b687-830f5ee56eaf@group-BCCA0AE98F56-SegmentedRaftLogWorker] INFO  segmented.SegmentedRaftLogWorker (SegmentedRaftLogWorker.java:run(347)) - 9557de33-fe68-40fe-b687-830f5ee56eaf@group-BCCA0AE98F56-SegmentedRaftLogWorker was interrupted, exiting. There are 0 tasks remaining in the queue.
2022-12-19 18:39:30,304 [ForkJoinPool.commonPool-worker-1] INFO  server.GrpcServerProtocolClient (GrpcServerProtocolClient.java:close(101)) - e72e8305-aa7c-42f4-a8e1-859d068dd798 Close channels
2022-12-19 18:39:30,304 [grpc-default-executor-5] INFO  server.GrpcLogAppender (GrpcLogAppender.java:onCompleted(415)) - 9557de33-fe68-40fe-b687-830f5ee56eaf@group-BCCA0AE98F56->e72e8305-aa7c-42f4-a8e1-859d068dd798-AppendLogResponseHandler: follower responses appendEntries COMPLETED
2022-12-19 18:39:30,304 [grpc-default-executor-5] WARN  server.GrpcLogAppender (GrpcLogAppender.java:resetClient(137)) - 9557de33-fe68-40fe-b687-830f5ee56eaf@group-BCCA0AE98F56->e72e8305-aa7c-42f4-a8e1-859d068dd798-GrpcLogAppender: Failed to getClient for e72e8305-aa7c-42f4-a8e1-859d068dd798
org.apache.ratis.protocol.exceptions.AlreadyClosedException: 9557de33-fe68-40fe-b687-830f5ee56eaf is already CLOSED
	at org.apache.ratis.util.PeerProxyMap$PeerAndProxy.getProxy(PeerProxyMap.java:61)
	at org.apache.ratis.util.PeerProxyMap.getProxy(PeerProxyMap.java:115)
	at org.apache.ratis.grpc.server.GrpcLogAppender.getClient(GrpcLogAppender.java:116)
	at org.apache.ratis.grpc.server.GrpcLogAppender.resetClient(GrpcLogAppender.java:121)
	at org.apache.ratis.grpc.server.GrpcLogAppender.access$500(GrpcLogAppender.java:58)
	at org.apache.ratis.grpc.server.GrpcLogAppender$AppendLogResponseHandler.onCompleted(GrpcLogAppender.java:416)
	at org.apache.ratis.thirdparty.io.grpc.stub.ClientCalls$StreamObserverToCallListenerAdapter.onClose(ClientCalls.java:485)
	at org.apache.ratis.thirdparty.io.grpc.internal.DelayedClientCall$DelayedListener$3.run(DelayedClientCall.java:468)
	at org.apache.ratis.thirdparty.io.grpc.internal.DelayedClientCall$DelayedListener.delayOrExecute(DelayedClientCall.java:432)
	at org.apache.ratis.thirdparty.io.grpc.internal.DelayedClientCall$DelayedListener.onClose(DelayedClientCall.java:465)
	at org.apache.ratis.thirdparty.io.grpc.internal.ClientCallImpl.closeObserver(ClientCallImpl.java:562)
	at org.apache.ratis.thirdparty.io.grpc.internal.ClientCallImpl.access$300(ClientCallImpl.java:70)
	at org.apache.ratis.thirdparty.io.grpc.internal.ClientCallImpl$ClientStreamListenerImpl$1StreamClosed.runInternal(ClientCallImpl.java:743)
	at org.apache.ratis.thirdparty.io.grpc.internal.ClientCallImpl$ClientStreamListenerImpl$1StreamClosed.runInContext(ClientCallImpl.java:722)
	at org.apache.ratis.thirdparty.io.grpc.internal.ContextRunnable.run(ContextRunnable.java:37)
	at org.apache.ratis.thirdparty.io.grpc.internal.SerializingExecutor.run(SerializingExecutor.java:133)
	at java.util.concurrent.ThreadPoolExecutor.runWorker(ThreadPoolExecutor.java:1149)
	at java.util.concurrent.ThreadPoolExecutor$Worker.run(ThreadPoolExecutor.java:624)
	at java.lang.Thread.run(Thread.java:750)
2022-12-19 18:39:30,305 [grpc-default-executor-3] INFO  server.GrpcLogAppender (GrpcLogAppender.java:onCompleted(415)) - 9557de33-fe68-40fe-b687-830f5ee56eaf@group-BCCA0AE98F56->6d5a55a6-b535-46b1-9113-4eddd06c74b3-AppendLogResponseHandler: follower responses appendEntries COMPLETED
2022-12-19 18:39:30,305 [grpc-default-executor-3] WARN  server.GrpcLogAppender (GrpcLogAppender.java:resetClient(137)) - 9557de33-fe68-40fe-b687-830f5ee56eaf@group-BCCA0AE98F56->6d5a55a6-b535-46b1-9113-4eddd06c74b3-GrpcLogAppender: Failed to getClient for 6d5a55a6-b535-46b1-9113-4eddd06c74b3
org.apache.ratis.protocol.exceptions.AlreadyClosedException: 9557de33-fe68-40fe-b687-830f5ee56eaf is already CLOSED
	at org.apache.ratis.util.PeerProxyMap$PeerAndProxy.getProxy(PeerProxyMap.java:61)
	at org.apache.ratis.util.PeerProxyMap.getProxy(PeerProxyMap.java:115)
	at org.apache.ratis.grpc.server.GrpcLogAppender.getClient(GrpcLogAppender.java:116)
	at org.apache.ratis.grpc.server.GrpcLogAppender.resetClient(GrpcLogAppender.java:121)
	at org.apache.ratis.grpc.server.GrpcLogAppender.access$500(GrpcLogAppender.java:58)
	at org.apache.ratis.grpc.server.GrpcLogAppender$AppendLogResponseHandler.onCompleted(GrpcLogAppender.java:416)
	at org.apache.ratis.thirdparty.io.grpc.stub.ClientCalls$StreamObserverToCallListenerAdapter.onClose(ClientCalls.java:485)
	at org.apache.ratis.thirdparty.io.grpc.internal.ClientCallImpl.closeObserver(ClientCallImpl.java:562)
	at org.apache.ratis.thirdparty.io.grpc.internal.ClientCallImpl.access$300(ClientCallImpl.java:70)
	at org.apache.ratis.thirdparty.io.grpc.internal.ClientCallImpl$ClientStreamListenerImpl$1StreamClosed.runInternal(ClientCallImpl.java:743)
	at org.apache.ratis.thirdparty.io.grpc.internal.ClientCallImpl$ClientStreamListenerImpl$1StreamClosed.runInContext(ClientCallImpl.java:722)
	at org.apache.ratis.thirdparty.io.grpc.internal.ContextRunnable.run(ContextRunnable.java:37)
	at org.apache.ratis.thirdparty.io.grpc.internal.SerializingExecutor.run(SerializingExecutor.java:133)
	at java.util.concurrent.ThreadPoolExecutor.runWorker(ThreadPoolExecutor.java:1149)
	at java.util.concurrent.ThreadPoolExecutor$Worker.run(ThreadPoolExecutor.java:624)
	at java.lang.Thread.run(Thread.java:750)
2022-12-19 18:39:30,305 [grpc-default-executor-1] INFO  server.GrpcLogAppender (GrpcLogAppender.java:onCompleted(415)) - 9557de33-fe68-40fe-b687-830f5ee56eaf@group-BCCA0AE98F56->e72e8305-aa7c-42f4-a8e1-859d068dd798-AppendLogResponseHandler: follower responses appendEntries COMPLETED
2022-12-19 18:39:30,305 [grpc-default-executor-1] WARN  server.GrpcLogAppender (GrpcLogAppender.java:resetClient(137)) - 9557de33-fe68-40fe-b687-830f5ee56eaf@group-BCCA0AE98F56->e72e8305-aa7c-42f4-a8e1-859d068dd798-GrpcLogAppender: Failed to getClient for e72e8305-aa7c-42f4-a8e1-859d068dd798
org.apache.ratis.protocol.exceptions.AlreadyClosedException: 9557de33-fe68-40fe-b687-830f5ee56eaf is already CLOSED
	at org.apache.ratis.util.PeerProxyMap$PeerAndProxy.getProxy(PeerProxyMap.java:61)
	at org.apache.ratis.util.PeerProxyMap.getProxy(PeerProxyMap.java:115)
	at org.apache.ratis.grpc.server.GrpcLogAppender.getClient(GrpcLogAppender.java:116)
	at org.apache.ratis.grpc.server.GrpcLogAppender.resetClient(GrpcLogAppender.java:121)
	at org.apache.ratis.grpc.server.GrpcLogAppender.access$500(GrpcLogAppender.java:58)
	at org.apache.ratis.grpc.server.GrpcLogAppender$AppendLogResponseHandler.onCompleted(GrpcLogAppender.java:416)
	at org.apache.ratis.thirdparty.io.grpc.stub.ClientCalls$StreamObserverToCallListenerAdapter.onClose(ClientCalls.java:485)
	at org.apache.ratis.thirdparty.io.grpc.internal.ClientCallImpl.closeObserver(ClientCallImpl.java:562)
	at org.apache.ratis.thirdparty.io.grpc.internal.ClientCallImpl.access$300(ClientCallImpl.java:70)
	at org.apache.ratis.thirdparty.io.grpc.internal.ClientCallImpl$ClientStreamListenerImpl$1StreamClosed.runInternal(ClientCallImpl.java:743)
	at org.apache.ratis.thirdparty.io.grpc.internal.ClientCallImpl$ClientStreamListenerImpl$1StreamClosed.runInContext(ClientCallImpl.java:722)
	at org.apache.ratis.thirdparty.io.grpc.internal.ContextRunnable.run(ContextRunnable.java:37)
	at org.apache.ratis.thirdparty.io.grpc.internal.SerializingExecutor.run(SerializingExecutor.java:133)
	at java.util.concurrent.ThreadPoolExecutor.runWorker(ThreadPoolExecutor.java:1149)
	at java.util.concurrent.ThreadPoolExecutor$Worker.run(ThreadPoolExecutor.java:624)
	at java.lang.Thread.run(Thread.java:750)
2022-12-19 18:39:30,309 [9557de33-fe68-40fe-b687-830f5ee56eaf-impl-thread2] INFO  segmented.SegmentedRaftLogWorker (SegmentedRaftLogWorker.java:close(257)) - 9557de33-fe68-40fe-b687-830f5ee56eaf@group-BCCA0AE98F56-SegmentedRaftLogWorker close()
2022-12-19 18:39:30,309 [Listener at 127.0.0.1/45319] INFO  server.GrpcService (GrpcService.java:closeImpl(280)) - 9557de33-fe68-40fe-b687-830f5ee56eaf: shutdown server GrpcServerProtocolService successfully
2022-12-19 18:39:30,309 [9557de33-fe68-40fe-b687-830f5ee56eaf-NettyServerStreamRpc-bossGroup--thread1] INFO  logging.LoggingHandler (AbstractInternalLogger.java:log(148)) - [id: 0xe11f8c34, L:/0:0:0:0:0:0:0:0:34463] CLOSE
2022-12-19 18:39:30,309 [9557de33-fe68-40fe-b687-830f5ee56eaf-NettyServerStreamRpc-bossGroup--thread1] INFO  logging.LoggingHandler (AbstractInternalLogger.java:log(148)) - [id: 0xe11f8c34, L:/0:0:0:0:0:0:0:0:34463] INACTIVE
2022-12-19 18:39:30,309 [9557de33-fe68-40fe-b687-830f5ee56eaf-NettyServerStreamRpc-bossGroup--thread1] INFO  logging.LoggingHandler (AbstractInternalLogger.java:log(148)) - [id: 0xe11f8c34, L:/0:0:0:0:0:0:0:0:34463] UNREGISTERED
2022-12-19 18:39:30,310 [9557de33-fe68-40fe-b687-830f5ee56eaf-impl-thread3] INFO  segmented.SegmentedRaftLogWorker (SegmentedRaftLogWorker.java:close(257)) - 9557de33-fe68-40fe-b687-830f5ee56eaf@group-6312009A007B-SegmentedRaftLogWorker close()
2022-12-19 18:39:30,327 [JvmPauseMonitor8] INFO  util.JvmPauseMonitor (JvmPauseMonitor.java:run(111)) - JvmPauseMonitor-9557de33-fe68-40fe-b687-830f5ee56eaf: Stopped
2022-12-19 18:39:30,432 [6d5a55a6-b535-46b1-9113-4eddd06c74b3@group-62FF3A1F6D5E-FollowerState] INFO  impl.FollowerState (FollowerState.java:run(143)) - 6d5a55a6-b535-46b1-9113-4eddd06c74b3@group-62FF3A1F6D5E-FollowerState: change to CANDIDATE, lastRpcElapsedTime:5141033839ns, electionTimeout:5140ms
2022-12-19 18:39:30,432 [6d5a55a6-b535-46b1-9113-4eddd06c74b3@group-62FF3A1F6D5E-FollowerState] INFO  impl.RoleInfo (RoleInfo.java:shutdownFollowerState(110)) - 6d5a55a6-b535-46b1-9113-4eddd06c74b3: shutdown 6d5a55a6-b535-46b1-9113-4eddd06c74b3@group-62FF3A1F6D5E-FollowerState
2022-12-19 18:39:30,432 [6d5a55a6-b535-46b1-9113-4eddd06c74b3@group-62FF3A1F6D5E-FollowerState] INFO  server.RaftServer$Division (RaftServerImpl.java:setRole(321)) - 6d5a55a6-b535-46b1-9113-4eddd06c74b3@group-62FF3A1F6D5E: changes role from  FOLLOWER to CANDIDATE at term 0 for changeToCandidate
2022-12-19 18:39:30,432 [6d5a55a6-b535-46b1-9113-4eddd06c74b3@group-62FF3A1F6D5E-FollowerState] INFO  server.RaftServerConfigKeys (ConfUtils.java:logGet(46)) - raft.server.leaderelection.pre-vote = false (custom)
2022-12-19 18:39:30,433 [6d5a55a6-b535-46b1-9113-4eddd06c74b3@group-62FF3A1F6D5E-FollowerState] INFO  impl.RoleInfo (RoleInfo.java:updateAndGet(139)) - 6d5a55a6-b535-46b1-9113-4eddd06c74b3: start 6d5a55a6-b535-46b1-9113-4eddd06c74b3@group-62FF3A1F6D5E-LeaderElection20
2022-12-19 18:39:30,435 [6d5a55a6-b535-46b1-9113-4eddd06c74b3@group-62FF3A1F6D5E-LeaderElection20] INFO  impl.LeaderElection (LeaderElection.java:askForVotes(312)) - 6d5a55a6-b535-46b1-9113-4eddd06c74b3@group-62FF3A1F6D5E-LeaderElection20 ELECTION round 0: submit vote requests at term 1 for -1: peers:[6d5a55a6-b535-46b1-9113-4eddd06c74b3|rpc:10.1.0.24:37267|dataStream:10.1.0.24:34289|priority:1|startupRole:FOLLOWER]|listeners:[], old=null
2022-12-19 18:39:30,435 [6d5a55a6-b535-46b1-9113-4eddd06c74b3@group-62FF3A1F6D5E-LeaderElection20] INFO  impl.LeaderElection (LeaderElection.java:askForVotes(314)) - 6d5a55a6-b535-46b1-9113-4eddd06c74b3@group-62FF3A1F6D5E-LeaderElection20 ELECTION round 0: result PASSED (term=1)
2022-12-19 18:39:30,435 [6d5a55a6-b535-46b1-9113-4eddd06c74b3@group-62FF3A1F6D5E-LeaderElection20] INFO  impl.RoleInfo (RoleInfo.java:shutdownLeaderElection(130)) - 6d5a55a6-b535-46b1-9113-4eddd06c74b3: shutdown 6d5a55a6-b535-46b1-9113-4eddd06c74b3@group-62FF3A1F6D5E-LeaderElection20
2022-12-19 18:39:30,435 [6d5a55a6-b535-46b1-9113-4eddd06c74b3@group-62FF3A1F6D5E-LeaderElection20] INFO  server.RaftServer$Division (RaftServerImpl.java:setRole(321)) - 6d5a55a6-b535-46b1-9113-4eddd06c74b3@group-62FF3A1F6D5E: changes role from CANDIDATE to LEADER at term 1 for changeToLeader
2022-12-19 18:39:30,435 [6d5a55a6-b535-46b1-9113-4eddd06c74b3@group-62FF3A1F6D5E-LeaderElection20] INFO  ratis.XceiverServerRatis (XceiverServerRatis.java:handleLeaderChangedNotification(904)) - Leader change notification received for group: group-62FF3A1F6D5E with new leaderId: 6d5a55a6-b535-46b1-9113-4eddd06c74b3
2022-12-19 18:39:30,436 [6d5a55a6-b535-46b1-9113-4eddd06c74b3@group-62FF3A1F6D5E-LeaderElection20] INFO  server.RaftServer$Division (ServerState.java:setLeader(313)) - 6d5a55a6-b535-46b1-9113-4eddd06c74b3@group-62FF3A1F6D5E: change Leader from null to 6d5a55a6-b535-46b1-9113-4eddd06c74b3 at term 1 for becomeLeader, leader elected after 5154ms
2022-12-19 18:39:30,436 [6d5a55a6-b535-46b1-9113-4eddd06c74b3@group-62FF3A1F6D5E-LeaderElection20] INFO  server.RaftServerConfigKeys (ConfUtils.java:logGet(46)) - raft.server.staging.catchup.gap = 1000 (default)
2022-12-19 18:39:30,436 [6d5a55a6-b535-46b1-9113-4eddd06c74b3@group-62FF3A1F6D5E-LeaderElection20] INFO  server.RaftServerConfigKeys (ConfUtils.java:logGet(46)) - raft.server.write.element-limit = 1024 (custom)
2022-12-19 18:39:30,436 [6d5a55a6-b535-46b1-9113-4eddd06c74b3@group-62FF3A1F6D5E-LeaderElection20] INFO  server.RaftServerConfigKeys (ConfUtils.java:logGet(46)) - raft.server.write.byte-limit = 1024 M (=1073741824) (custom)
2022-12-19 18:39:30,436 [6d5a55a6-b535-46b1-9113-4eddd06c74b3@group-62FF3A1F6D5E-LeaderElection20] INFO  server.RaftServerConfigKeys (ConfUtils.java:logGet(46)) - raft.server.watch.timeout = 180s (custom)
2022-12-19 18:39:30,436 [6d5a55a6-b535-46b1-9113-4eddd06c74b3@group-62FF3A1F6D5E-LeaderElection20] INFO  server.RaftServerConfigKeys (ConfUtils.java:logGet(46)) - raft.server.watch.timeout.denomination = 1s (default)
2022-12-19 18:39:30,436 [6d5a55a6-b535-46b1-9113-4eddd06c74b3@group-62FF3A1F6D5E-LeaderElection20] INFO  server.RaftServerConfigKeys (ConfUtils.java:logGet(46)) - raft.server.watch.element-limit = 65536 (default)
2022-12-19 18:39:30,436 [6d5a55a6-b535-46b1-9113-4eddd06c74b3@group-62FF3A1F6D5E-LeaderElection20] INFO  server.RaftServerConfigKeys (ConfUtils.java:logGet(46)) - raft.server.write.element-limit = 1024 (custom)
2022-12-19 18:39:30,436 [6d5a55a6-b535-46b1-9113-4eddd06c74b3@group-62FF3A1F6D5E-LeaderElection20] INFO  server.RaftServerConfigKeys (ConfUtils.java:logGet(46)) - raft.server.write.follower.gap.ratio.max = -1.0 (default)
2022-12-19 18:39:30,437 [EventQueue-CommandQueueReportForCommandQueueReportHandler] WARN  events.EventQueue (EventQueue.java:fireEvent(216)) - No event handler registered for event TypedEvent{payloadType=DatanodeDetails, name='Datanode_Command_Queue_Updated'}
2022-12-19 18:39:30,438 [6d5a55a6-b535-46b1-9113-4eddd06c74b3@group-62FF3A1F6D5E-LeaderElection20] INFO  impl.RoleInfo (RoleInfo.java:updateAndGet(139)) - 6d5a55a6-b535-46b1-9113-4eddd06c74b3: start 6d5a55a6-b535-46b1-9113-4eddd06c74b3@group-62FF3A1F6D5E-LeaderStateImpl
2022-12-19 18:39:30,439 [6d5a55a6-b535-46b1-9113-4eddd06c74b3@group-62FF3A1F6D5E-LeaderElection20] INFO  segmented.SegmentedRaftLogWorker (SegmentedRaftLogWorker.java:startLogSegment(452)) - 6d5a55a6-b535-46b1-9113-4eddd06c74b3@group-62FF3A1F6D5E-SegmentedRaftLogWorker: Starting segment from index:0
2022-12-19 18:39:30,440 [6d5a55a6-b535-46b1-9113-4eddd06c74b3@group-62FF3A1F6D5E-LeaderElection20] INFO  server.RaftServer$Division (ServerState.java:setRaftConf(430)) - 6d5a55a6-b535-46b1-9113-4eddd06c74b3@group-62FF3A1F6D5E: set configuration 0: peers:[6d5a55a6-b535-46b1-9113-4eddd06c74b3|rpc:10.1.0.24:37267|dataStream:10.1.0.24:34289|priority:1|startupRole:FOLLOWER]|listeners:[], old=null
2022-12-19 18:39:30,440 [6d5a55a6-b535-46b1-9113-4eddd06c74b3@group-62FF3A1F6D5E-SegmentedRaftLogWorker] INFO  segmented.SegmentedRaftLogWorker (SegmentedRaftLogWorker.java:execute(656)) - 6d5a55a6-b535-46b1-9113-4eddd06c74b3@group-62FF3A1F6D5E-SegmentedRaftLogWorker: created new log segment /home/runner/work/ozone/ozone/hadoop-ozone/integration-test/target/test-dir/MiniOzoneClusterImpl-90c20adc-2d54-4d1b-8da5-d2480cc87ad8/datanode-2/data/ratis/0c12ed71-c9d0-457b-9db7-62ff3a1f6d5e/current/log_inprogress_0
2022-12-19 18:39:32,086 [EventQueue-CommandQueueReportForCommandQueueReportHandler] WARN  events.EventQueue (EventQueue.java:fireEvent(216)) - No event handler registered for event TypedEvent{payloadType=DatanodeDetails, name='Datanode_Command_Queue_Updated'}
2022-12-19 18:39:32,335 [Listener at 127.0.0.1/45319] INFO  volume.HddsVolume (HddsVolume.java:closeDbStore(338)) - SchemaV3 db is stopped at /home/runner/work/ozone/ozone/hadoop-ozone/integration-test/target/test-dir/MiniOzoneClusterImpl-90c20adc-2d54-4d1b-8da5-d2480cc87ad8/datanode-0/data-0/containers/hdds/90c20adc-2d54-4d1b-8da5-d2480cc87ad8/DS-f88b80c7-e991-4dca-8b6c-a8af2d7563d7/container.db for volume DS-f88b80c7-e991-4dca-8b6c-a8af2d7563d7
2022-12-19 18:39:32,335 [Listener at 127.0.0.1/45319] INFO  utils.BackgroundService (BackgroundService.java:shutdown(141)) - Shutting down service BlockDeletingService
2022-12-19 18:39:32,336 [Listener at 127.0.0.1/45319] INFO  utils.BackgroundService (BackgroundService.java:shutdown(141)) - Shutting down service StaleRecoveringContainerScrubbingService
2022-12-19 18:39:32,337 [Listener at 127.0.0.1/45319] INFO  statemachine.DatanodeStateMachine (DatanodeStateMachine.java:stopDaemon(597)) - Ozone container server stopped.
2022-12-19 18:39:32,344 [Listener at 127.0.0.1/45319] INFO  handler.ContextHandler (ContextHandler.java:doStop(1159)) - Stopped o.e.j.w.WebAppContext@6c9ff4dd{hddsDatanode,/,null,STOPPED}{jar:file:/home/runner/.m2/repository/org/apache/ozone/hdds-container-service/1.3.0-SNAPSHOT/hdds-container-service-1.3.0-SNAPSHOT.jar!/webapps/hddsDatanode}
2022-12-19 18:39:32,345 [Listener at 127.0.0.1/45319] INFO  server.AbstractConnector (AbstractConnector.java:doStop(383)) - Stopped ServerConnector@72416b53{HTTP/1.1, (http/1.1)}{0.0.0.0:0}
2022-12-19 18:39:32,345 [Listener at 127.0.0.1/45319] INFO  server.session (HouseKeeper.java:stopScavenging(149)) - node0 Stopped scavenging
2022-12-19 18:39:32,345 [Listener at 127.0.0.1/45319] INFO  handler.ContextHandler (ContextHandler.java:doStop(1159)) - Stopped o.e.j.s.ServletContextHandler@c9c947e{static,/static,jar:file:/home/runner/.m2/repository/org/apache/ozone/hdds-container-service/1.3.0-SNAPSHOT/hdds-container-service-1.3.0-SNAPSHOT.jar!/webapps/static,STOPPED}
2022-12-19 18:39:32,345 [Listener at 127.0.0.1/45319] INFO  handler.ContextHandler (ContextHandler.java:doStop(1159)) - Stopped o.e.j.s.ServletContextHandler@7a827acd{logs,/logs,file:///home/runner/work/ozone/ozone/hadoop-ozone/integration-test/target/log,STOPPED}
2022-12-19 18:39:32,347 [Listener at 127.0.0.1/45319] INFO  ozoneimpl.OzoneContainer (OzoneContainer.java:stop(417)) - Attempting to stop container services.
2022-12-19 18:39:32,348 [Listener at 127.0.0.1/45319] INFO  server.RaftServer (RaftServerProxy.java:lambda$close$6(409)) - e72e8305-aa7c-42f4-a8e1-859d068dd798: close
2022-12-19 18:39:32,348 [e72e8305-aa7c-42f4-a8e1-859d068dd798-impl-thread1] INFO  server.RaftServer$Division (RaftServerImpl.java:lambda$close$4(458)) - e72e8305-aa7c-42f4-a8e1-859d068dd798@group-342ACFA3CCE1: shutdown
2022-12-19 18:39:32,348 [e72e8305-aa7c-42f4-a8e1-859d068dd798-impl-thread1] INFO  util.JmxRegister (JmxRegister.java:unregister(73)) - Successfully un-registered JMX Bean with object name Ratis:service=RaftServer,group=group-342ACFA3CCE1,id=e72e8305-aa7c-42f4-a8e1-859d068dd798
2022-12-19 18:39:32,348 [e72e8305-aa7c-42f4-a8e1-859d068dd798-impl-thread1] INFO  impl.RoleInfo (RoleInfo.java:shutdownFollowerState(110)) - e72e8305-aa7c-42f4-a8e1-859d068dd798: shutdown e72e8305-aa7c-42f4-a8e1-859d068dd798@group-342ACFA3CCE1-FollowerState
2022-12-19 18:39:32,348 [e72e8305-aa7c-42f4-a8e1-859d068dd798-impl-thread1] INFO  impl.StateMachineUpdater (StateMachineUpdater.java:stopAndJoin(153)) - e72e8305-aa7c-42f4-a8e1-859d068dd798@group-342ACFA3CCE1-StateMachineUpdater: set stopIndex = -1
2022-12-19 18:39:32,348 [e72e8305-aa7c-42f4-a8e1-859d068dd798@group-342ACFA3CCE1-FollowerState] INFO  impl.FollowerState (FollowerState.java:run(152)) - e72e8305-aa7c-42f4-a8e1-859d068dd798@group-342ACFA3CCE1-FollowerState was interrupted
2022-12-19 18:39:32,349 [e72e8305-aa7c-42f4-a8e1-859d068dd798-impl-thread1] INFO  server.RaftServer$Division (ServerState.java:close(466)) - e72e8305-aa7c-42f4-a8e1-859d068dd798@group-342ACFA3CCE1: closes. applyIndex: -1
2022-12-19 18:39:32,349 [e72e8305-aa7c-42f4-a8e1-859d068dd798-impl-thread2] INFO  server.RaftServer$Division (RaftServerImpl.java:lambda$close$4(458)) - e72e8305-aa7c-42f4-a8e1-859d068dd798@group-BCCA0AE98F56: shutdown
2022-12-19 18:39:32,349 [e72e8305-aa7c-42f4-a8e1-859d068dd798@group-342ACFA3CCE1-SegmentedRaftLogWorker] INFO  segmented.SegmentedRaftLogWorker (SegmentedRaftLogWorker.java:run(347)) - e72e8305-aa7c-42f4-a8e1-859d068dd798@group-342ACFA3CCE1-SegmentedRaftLogWorker was interrupted, exiting. There are 0 tasks remaining in the queue.
2022-12-19 18:39:32,349 [e72e8305-aa7c-42f4-a8e1-859d068dd798-impl-thread2] INFO  util.JmxRegister (JmxRegister.java:unregister(73)) - Successfully un-registered JMX Bean with object name Ratis:service=RaftServer,group=group-BCCA0AE98F56,id=e72e8305-aa7c-42f4-a8e1-859d068dd798
2022-12-19 18:39:32,349 [Listener at 127.0.0.1/45319] INFO  server.GrpcService (GrpcService.java:closeImpl(271)) - e72e8305-aa7c-42f4-a8e1-859d068dd798: shutdown server GrpcServerProtocolService now
2022-12-19 18:39:32,349 [e72e8305-aa7c-42f4-a8e1-859d068dd798-impl-thread1] INFO  segmented.SegmentedRaftLogWorker (SegmentedRaftLogWorker.java:close(257)) - e72e8305-aa7c-42f4-a8e1-859d068dd798@group-342ACFA3CCE1-SegmentedRaftLogWorker close()
2022-12-19 18:39:32,349 [e72e8305-aa7c-42f4-a8e1-859d068dd798-impl-thread3] INFO  server.RaftServer$Division (RaftServerImpl.java:lambda$close$4(458)) - e72e8305-aa7c-42f4-a8e1-859d068dd798@group-AD314E80544A: shutdown
2022-12-19 18:39:32,350 [e72e8305-aa7c-42f4-a8e1-859d068dd798-impl-thread3] INFO  util.JmxRegister (JmxRegister.java:unregister(73)) - Successfully un-registered JMX Bean with object name Ratis:service=RaftServer,group=group-AD314E80544A,id=e72e8305-aa7c-42f4-a8e1-859d068dd798
2022-12-19 18:39:32,350 [e72e8305-aa7c-42f4-a8e1-859d068dd798-impl-thread3] INFO  impl.RoleInfo (RoleInfo.java:shutdownLeaderState(93)) - e72e8305-aa7c-42f4-a8e1-859d068dd798: shutdown e72e8305-aa7c-42f4-a8e1-859d068dd798@group-AD314E80544A-LeaderStateImpl
2022-12-19 18:39:32,350 [e72e8305-aa7c-42f4-a8e1-859d068dd798-impl-thread2] INFO  impl.RoleInfo (RoleInfo.java:shutdownFollowerState(110)) - e72e8305-aa7c-42f4-a8e1-859d068dd798: shutdown e72e8305-aa7c-42f4-a8e1-859d068dd798@group-BCCA0AE98F56-FollowerState
2022-12-19 18:39:32,350 [e72e8305-aa7c-42f4-a8e1-859d068dd798-impl-thread3] INFO  impl.PendingRequests (PendingRequests.java:sendNotLeaderResponses(282)) - e72e8305-aa7c-42f4-a8e1-859d068dd798@group-AD314E80544A-PendingRequests: sendNotLeaderResponses
2022-12-19 18:39:32,350 [Listener at 127.0.0.1/45319] INFO  server.GrpcService (GrpcService.java:closeImpl(280)) - e72e8305-aa7c-42f4-a8e1-859d068dd798: shutdown server GrpcServerProtocolService successfully
2022-12-19 18:39:32,351 [e72e8305-aa7c-42f4-a8e1-859d068dd798-NettyServerStreamRpc-bossGroup--thread1] INFO  logging.LoggingHandler (AbstractInternalLogger.java:log(148)) - [id: 0x511e4d7e, L:/0:0:0:0:0:0:0:0:44743] CLOSE
2022-12-19 18:39:32,351 [e72e8305-aa7c-42f4-a8e1-859d068dd798-NettyServerStreamRpc-bossGroup--thread1] INFO  logging.LoggingHandler (AbstractInternalLogger.java:log(148)) - [id: 0x511e4d7e, L:/0:0:0:0:0:0:0:0:44743] INACTIVE
2022-12-19 18:39:32,351 [e72e8305-aa7c-42f4-a8e1-859d068dd798-NettyServerStreamRpc-bossGroup--thread1] INFO  logging.LoggingHandler (AbstractInternalLogger.java:log(148)) - [id: 0x511e4d7e, L:/0:0:0:0:0:0:0:0:44743] UNREGISTERED
2022-12-19 18:39:32,351 [e72e8305-aa7c-42f4-a8e1-859d068dd798@group-AD314E80544A-StateMachineUpdater] INFO  ratis.ContainerStateMachine (ContainerStateMachine.java:takeSnapshot(308)) - group-AD314E80544A: Taking a snapshot at:(t:1, i:0) file /home/runner/work/ozone/ozone/hadoop-ozone/integration-test/target/test-dir/MiniOzoneClusterImpl-90c20adc-2d54-4d1b-8da5-d2480cc87ad8/datanode-1/data/ratis/ca5ef7af-91bf-4b43-857c-ad314e80544a/sm/snapshot.1_0
2022-12-19 18:39:32,352 [e72e8305-aa7c-42f4-a8e1-859d068dd798@group-AD314E80544A-StateMachineUpdater] INFO  ratis.ContainerStateMachine (ContainerStateMachine.java:takeSnapshot(319)) - group-AD314E80544A: Finished taking a snapshot at:(t:1, i:0) file:/home/runner/work/ozone/ozone/hadoop-ozone/integration-test/target/test-dir/MiniOzoneClusterImpl-90c20adc-2d54-4d1b-8da5-d2480cc87ad8/datanode-1/data/ratis/ca5ef7af-91bf-4b43-857c-ad314e80544a/sm/snapshot.1_0 took: 2 ms
2022-12-19 18:39:32,352 [e72e8305-aa7c-42f4-a8e1-859d068dd798@group-AD314E80544A-StateMachineUpdater] INFO  impl.StateMachineUpdater (StateMachineUpdater.java:takeSnapshot(287)) - e72e8305-aa7c-42f4-a8e1-859d068dd798@group-AD314E80544A-StateMachineUpdater: Took a snapshot at index 0
2022-12-19 18:39:32,352 [e72e8305-aa7c-42f4-a8e1-859d068dd798@group-AD314E80544A-StateMachineUpdater] INFO  impl.StateMachineUpdater (StateMachineUpdater.java:lambda$new$0(92)) - e72e8305-aa7c-42f4-a8e1-859d068dd798@group-AD314E80544A-StateMachineUpdater: snapshotIndex: updateIncreasingly -1 -> 0
2022-12-19 18:39:32,359 [e72e8305-aa7c-42f4-a8e1-859d068dd798-impl-thread3] INFO  impl.StateMachineUpdater (StateMachineUpdater.java:stopAndJoin(153)) - e72e8305-aa7c-42f4-a8e1-859d068dd798@group-AD314E80544A-StateMachineUpdater: set stopIndex = 0
2022-12-19 18:39:32,359 [e72e8305-aa7c-42f4-a8e1-859d068dd798-impl-thread3] INFO  server.RaftServer$Division (ServerState.java:close(466)) - e72e8305-aa7c-42f4-a8e1-859d068dd798@group-AD314E80544A: closes. applyIndex: 0
2022-12-19 18:39:32,369 [e72e8305-aa7c-42f4-a8e1-859d068dd798-impl-thread2] INFO  impl.StateMachineUpdater (StateMachineUpdater.java:stopAndJoin(153)) - e72e8305-aa7c-42f4-a8e1-859d068dd798@group-BCCA0AE98F56-StateMachineUpdater: set stopIndex = 0
2022-12-19 18:39:32,369 [e72e8305-aa7c-42f4-a8e1-859d068dd798@group-BCCA0AE98F56-FollowerState] INFO  impl.FollowerState (FollowerState.java:run(152)) - e72e8305-aa7c-42f4-a8e1-859d068dd798@group-BCCA0AE98F56-FollowerState was interrupted
2022-12-19 18:39:32,375 [e72e8305-aa7c-42f4-a8e1-859d068dd798@group-AD314E80544A-SegmentedRaftLogWorker] INFO  segmented.SegmentedRaftLogWorker (SegmentedRaftLogWorker.java:run(347)) - e72e8305-aa7c-42f4-a8e1-859d068dd798@group-AD314E80544A-SegmentedRaftLogWorker was interrupted, exiting. There are 0 tasks remaining in the queue.
2022-12-19 18:39:32,375 [e72e8305-aa7c-42f4-a8e1-859d068dd798@group-BCCA0AE98F56-StateMachineUpdater] INFO  ratis.ContainerStateMachine (ContainerStateMachine.java:takeSnapshot(308)) - group-BCCA0AE98F56: Taking a snapshot at:(t:1, i:0) file /home/runner/work/ozone/ozone/hadoop-ozone/integration-test/target/test-dir/MiniOzoneClusterImpl-90c20adc-2d54-4d1b-8da5-d2480cc87ad8/datanode-1/data/ratis/e490be5d-3be4-443a-ba5c-bcca0ae98f56/sm/snapshot.1_0
2022-12-19 18:39:32,376 [e72e8305-aa7c-42f4-a8e1-859d068dd798@group-BCCA0AE98F56-StateMachineUpdater] INFO  ratis.ContainerStateMachine (ContainerStateMachine.java:takeSnapshot(319)) - group-BCCA0AE98F56: Finished taking a snapshot at:(t:1, i:0) file:/home/runner/work/ozone/ozone/hadoop-ozone/integration-test/target/test-dir/MiniOzoneClusterImpl-90c20adc-2d54-4d1b-8da5-d2480cc87ad8/datanode-1/data/ratis/e490be5d-3be4-443a-ba5c-bcca0ae98f56/sm/snapshot.1_0 took: 1 ms
2022-12-19 18:39:32,377 [e72e8305-aa7c-42f4-a8e1-859d068dd798@group-BCCA0AE98F56-StateMachineUpdater] INFO  impl.StateMachineUpdater (StateMachineUpdater.java:takeSnapshot(287)) - e72e8305-aa7c-42f4-a8e1-859d068dd798@group-BCCA0AE98F56-StateMachineUpdater: Took a snapshot at index 0
2022-12-19 18:39:32,377 [e72e8305-aa7c-42f4-a8e1-859d068dd798@group-BCCA0AE98F56-StateMachineUpdater] INFO  impl.StateMachineUpdater (StateMachineUpdater.java:lambda$new$0(92)) - e72e8305-aa7c-42f4-a8e1-859d068dd798@group-BCCA0AE98F56-StateMachineUpdater: snapshotIndex: updateIncreasingly -1 -> 0
2022-12-19 18:39:32,377 [e72e8305-aa7c-42f4-a8e1-859d068dd798-impl-thread2] INFO  server.RaftServer$Division (ServerState.java:close(466)) - e72e8305-aa7c-42f4-a8e1-859d068dd798@group-BCCA0AE98F56: closes. applyIndex: 0
2022-12-19 18:39:32,379 [e72e8305-aa7c-42f4-a8e1-859d068dd798@group-BCCA0AE98F56-SegmentedRaftLogWorker] INFO  segmented.SegmentedRaftLogWorker (SegmentedRaftLogWorker.java:run(347)) - e72e8305-aa7c-42f4-a8e1-859d068dd798@group-BCCA0AE98F56-SegmentedRaftLogWorker was interrupted, exiting. There are 0 tasks remaining in the queue.
2022-12-19 18:39:32,380 [e72e8305-aa7c-42f4-a8e1-859d068dd798-impl-thread3] INFO  segmented.SegmentedRaftLogWorker (SegmentedRaftLogWorker.java:close(257)) - e72e8305-aa7c-42f4-a8e1-859d068dd798@group-AD314E80544A-SegmentedRaftLogWorker close()
2022-12-19 18:39:32,380 [e72e8305-aa7c-42f4-a8e1-859d068dd798-impl-thread2] INFO  segmented.SegmentedRaftLogWorker (SegmentedRaftLogWorker.java:close(257)) - e72e8305-aa7c-42f4-a8e1-859d068dd798@group-BCCA0AE98F56-SegmentedRaftLogWorker close()
2022-12-19 18:39:32,384 [JvmPauseMonitor9] INFO  util.JvmPauseMonitor (JvmPauseMonitor.java:run(111)) - JvmPauseMonitor-e72e8305-aa7c-42f4-a8e1-859d068dd798: Stopped
2022-12-19 18:39:32,439 [EventQueue-CommandQueueReportForCommandQueueReportHandler] WARN  events.EventQueue (EventQueue.java:fireEvent(216)) - No event handler registered for event TypedEvent{payloadType=DatanodeDetails, name='Datanode_Command_Queue_Updated'}
2022-12-19 18:39:34,387 [Listener at 127.0.0.1/45319] INFO  volume.HddsVolume (HddsVolume.java:closeDbStore(338)) - SchemaV3 db is stopped at /home/runner/work/ozone/ozone/hadoop-ozone/integration-test/target/test-dir/MiniOzoneClusterImpl-90c20adc-2d54-4d1b-8da5-d2480cc87ad8/datanode-1/data-0/containers/hdds/90c20adc-2d54-4d1b-8da5-d2480cc87ad8/DS-27f012e2-8925-4fa9-b2cb-93e848902f73/container.db for volume DS-27f012e2-8925-4fa9-b2cb-93e848902f73
2022-12-19 18:39:34,387 [Listener at 127.0.0.1/45319] INFO  utils.BackgroundService (BackgroundService.java:shutdown(141)) - Shutting down service BlockDeletingService
2022-12-19 18:39:34,387 [Listener at 127.0.0.1/45319] INFO  utils.BackgroundService (BackgroundService.java:shutdown(141)) - Shutting down service StaleRecoveringContainerScrubbingService
2022-12-19 18:39:34,389 [Listener at 127.0.0.1/45319] INFO  statemachine.DatanodeStateMachine (DatanodeStateMachine.java:stopDaemon(597)) - Ozone container server stopped.
2022-12-19 18:39:34,396 [Listener at 127.0.0.1/45319] INFO  handler.ContextHandler (ContextHandler.java:doStop(1159)) - Stopped o.e.j.w.WebAppContext@34ef29c5{hddsDatanode,/,null,STOPPED}{jar:file:/home/runner/.m2/repository/org/apache/ozone/hdds-container-service/1.3.0-SNAPSHOT/hdds-container-service-1.3.0-SNAPSHOT.jar!/webapps/hddsDatanode}
2022-12-19 18:39:34,397 [Listener at 127.0.0.1/45319] INFO  server.AbstractConnector (AbstractConnector.java:doStop(383)) - Stopped ServerConnector@13674b28{HTTP/1.1, (http/1.1)}{0.0.0.0:0}
2022-12-19 18:39:34,397 [Listener at 127.0.0.1/45319] INFO  server.session (HouseKeeper.java:stopScavenging(149)) - node0 Stopped scavenging
2022-12-19 18:39:34,398 [Listener at 127.0.0.1/45319] INFO  handler.ContextHandler (ContextHandler.java:doStop(1159)) - Stopped o.e.j.s.ServletContextHandler@207f36b3{static,/static,jar:file:/home/runner/.m2/repository/org/apache/ozone/hdds-container-service/1.3.0-SNAPSHOT/hdds-container-service-1.3.0-SNAPSHOT.jar!/webapps/static,STOPPED}
2022-12-19 18:39:34,398 [Listener at 127.0.0.1/45319] INFO  handler.ContextHandler (ContextHandler.java:doStop(1159)) - Stopped o.e.j.s.ServletContextHandler@60695275{logs,/logs,file:///home/runner/work/ozone/ozone/hadoop-ozone/integration-test/target/log,STOPPED}
2022-12-19 18:39:34,400 [Listener at 127.0.0.1/45319] INFO  ozoneimpl.OzoneContainer (OzoneContainer.java:stop(417)) - Attempting to stop container services.
2022-12-19 18:39:34,400 [Listener at 127.0.0.1/45319] INFO  server.RaftServer (RaftServerProxy.java:lambda$close$6(409)) - 6d5a55a6-b535-46b1-9113-4eddd06c74b3: close
2022-12-19 18:39:34,400 [6d5a55a6-b535-46b1-9113-4eddd06c74b3-impl-thread1] INFO  server.RaftServer$Division (RaftServerImpl.java:lambda$close$4(458)) - 6d5a55a6-b535-46b1-9113-4eddd06c74b3@group-62FF3A1F6D5E: shutdown
2022-12-19 18:39:34,400 [6d5a55a6-b535-46b1-9113-4eddd06c74b3-impl-thread1] INFO  util.JmxRegister (JmxRegister.java:unregister(73)) - Successfully un-registered JMX Bean with object name Ratis:service=RaftServer,group=group-62FF3A1F6D5E,id=6d5a55a6-b535-46b1-9113-4eddd06c74b3
2022-12-19 18:39:34,400 [6d5a55a6-b535-46b1-9113-4eddd06c74b3-impl-thread1] INFO  impl.RoleInfo (RoleInfo.java:shutdownLeaderState(93)) - 6d5a55a6-b535-46b1-9113-4eddd06c74b3: shutdown 6d5a55a6-b535-46b1-9113-4eddd06c74b3@group-62FF3A1F6D5E-LeaderStateImpl
2022-12-19 18:39:34,400 [6d5a55a6-b535-46b1-9113-4eddd06c74b3-impl-thread2] INFO  server.RaftServer$Division (RaftServerImpl.java:lambda$close$4(458)) - 6d5a55a6-b535-46b1-9113-4eddd06c74b3@group-342ACFA3CCE1: shutdown
2022-12-19 18:39:34,400 [6d5a55a6-b535-46b1-9113-4eddd06c74b3-impl-thread1] INFO  impl.PendingRequests (PendingRequests.java:sendNotLeaderResponses(282)) - 6d5a55a6-b535-46b1-9113-4eddd06c74b3@group-62FF3A1F6D5E-PendingRequests: sendNotLeaderResponses
2022-12-19 18:39:34,400 [6d5a55a6-b535-46b1-9113-4eddd06c74b3-impl-thread2] INFO  util.JmxRegister (JmxRegister.java:unregister(73)) - Successfully un-registered JMX Bean with object name Ratis:service=RaftServer,group=group-342ACFA3CCE1,id=6d5a55a6-b535-46b1-9113-4eddd06c74b3
2022-12-19 18:39:34,400 [6d5a55a6-b535-46b1-9113-4eddd06c74b3-impl-thread2] INFO  impl.RoleInfo (RoleInfo.java:shutdownFollowerState(110)) - 6d5a55a6-b535-46b1-9113-4eddd06c74b3: shutdown 6d5a55a6-b535-46b1-9113-4eddd06c74b3@group-342ACFA3CCE1-FollowerState
2022-12-19 18:39:34,401 [Listener at 127.0.0.1/45319] INFO  server.GrpcService (GrpcService.java:closeImpl(271)) - 6d5a55a6-b535-46b1-9113-4eddd06c74b3: shutdown server GrpcServerProtocolService now
2022-12-19 18:39:34,401 [6d5a55a6-b535-46b1-9113-4eddd06c74b3-impl-thread1] INFO  impl.StateMachineUpdater (StateMachineUpdater.java:stopAndJoin(153)) - 6d5a55a6-b535-46b1-9113-4eddd06c74b3@group-62FF3A1F6D5E-StateMachineUpdater: set stopIndex = 0
2022-12-19 18:39:34,401 [6d5a55a6-b535-46b1-9113-4eddd06c74b3@group-62FF3A1F6D5E-StateMachineUpdater] INFO  ratis.ContainerStateMachine (ContainerStateMachine.java:takeSnapshot(308)) - group-62FF3A1F6D5E: Taking a snapshot at:(t:1, i:0) file /home/runner/work/ozone/ozone/hadoop-ozone/integration-test/target/test-dir/MiniOzoneClusterImpl-90c20adc-2d54-4d1b-8da5-d2480cc87ad8/datanode-2/data/ratis/0c12ed71-c9d0-457b-9db7-62ff3a1f6d5e/sm/snapshot.1_0
2022-12-19 18:39:34,401 [6d5a55a6-b535-46b1-9113-4eddd06c74b3-impl-thread3] INFO  server.RaftServer$Division (RaftServerImpl.java:lambda$close$4(458)) - 6d5a55a6-b535-46b1-9113-4eddd06c74b3@group-BCCA0AE98F56: shutdown
2022-12-19 18:39:34,401 [6d5a55a6-b535-46b1-9113-4eddd06c74b3-impl-thread3] INFO  util.JmxRegister (JmxRegister.java:unregister(73)) - Successfully un-registered JMX Bean with object name Ratis:service=RaftServer,group=group-BCCA0AE98F56,id=6d5a55a6-b535-46b1-9113-4eddd06c74b3
2022-12-19 18:39:34,401 [6d5a55a6-b535-46b1-9113-4eddd06c74b3-impl-thread3] INFO  impl.RoleInfo (RoleInfo.java:shutdownFollowerState(110)) - 6d5a55a6-b535-46b1-9113-4eddd06c74b3: shutdown 6d5a55a6-b535-46b1-9113-4eddd06c74b3@group-BCCA0AE98F56-FollowerState
2022-12-19 18:39:34,401 [Listener at 127.0.0.1/45319] INFO  server.GrpcService (GrpcService.java:closeImpl(280)) - 6d5a55a6-b535-46b1-9113-4eddd06c74b3: shutdown server GrpcServerProtocolService successfully
2022-12-19 18:39:34,402 [6d5a55a6-b535-46b1-9113-4eddd06c74b3-impl-thread2] INFO  impl.StateMachineUpdater (StateMachineUpdater.java:stopAndJoin(153)) - 6d5a55a6-b535-46b1-9113-4eddd06c74b3@group-342ACFA3CCE1-StateMachineUpdater: set stopIndex = -1
2022-12-19 18:39:34,402 [6d5a55a6-b535-46b1-9113-4eddd06c74b3@group-342ACFA3CCE1-FollowerState] INFO  impl.FollowerState (FollowerState.java:run(152)) - 6d5a55a6-b535-46b1-9113-4eddd06c74b3@group-342ACFA3CCE1-FollowerState was interrupted
2022-12-19 18:39:34,402 [6d5a55a6-b535-46b1-9113-4eddd06c74b3@group-BCCA0AE98F56-StateMachineUpdater] INFO  ratis.ContainerStateMachine (ContainerStateMachine.java:takeSnapshot(308)) - group-BCCA0AE98F56: Taking a snapshot at:(t:1, i:0) file /home/runner/work/ozone/ozone/hadoop-ozone/integration-test/target/test-dir/MiniOzoneClusterImpl-90c20adc-2d54-4d1b-8da5-d2480cc87ad8/datanode-2/data/ratis/e490be5d-3be4-443a-ba5c-bcca0ae98f56/sm/snapshot.1_0
2022-12-19 18:39:34,402 [6d5a55a6-b535-46b1-9113-4eddd06c74b3@group-BCCA0AE98F56-FollowerState] INFO  impl.FollowerState (FollowerState.java:run(152)) - 6d5a55a6-b535-46b1-9113-4eddd06c74b3@group-BCCA0AE98F56-FollowerState was interrupted
2022-12-19 18:39:34,402 [6d5a55a6-b535-46b1-9113-4eddd06c74b3@group-62FF3A1F6D5E-StateMachineUpdater] INFO  ratis.ContainerStateMachine (ContainerStateMachine.java:takeSnapshot(319)) - group-62FF3A1F6D5E: Finished taking a snapshot at:(t:1, i:0) file:/home/runner/work/ozone/ozone/hadoop-ozone/integration-test/target/test-dir/MiniOzoneClusterImpl-90c20adc-2d54-4d1b-8da5-d2480cc87ad8/datanode-2/data/ratis/0c12ed71-c9d0-457b-9db7-62ff3a1f6d5e/sm/snapshot.1_0 took: 2 ms
2022-12-19 18:39:34,402 [6d5a55a6-b535-46b1-9113-4eddd06c74b3-impl-thread2] INFO  server.RaftServer$Division (ServerState.java:close(466)) - 6d5a55a6-b535-46b1-9113-4eddd06c74b3@group-342ACFA3CCE1: closes. applyIndex: -1
2022-12-19 18:39:34,402 [6d5a55a6-b535-46b1-9113-4eddd06c74b3@group-342ACFA3CCE1-SegmentedRaftLogWorker] INFO  segmented.SegmentedRaftLogWorker (SegmentedRaftLogWorker.java:run(347)) - 6d5a55a6-b535-46b1-9113-4eddd06c74b3@group-342ACFA3CCE1-SegmentedRaftLogWorker was interrupted, exiting. There are 0 tasks remaining in the queue.
2022-12-19 18:39:34,402 [6d5a55a6-b535-46b1-9113-4eddd06c74b3@group-62FF3A1F6D5E-StateMachineUpdater] INFO  impl.StateMachineUpdater (StateMachineUpdater.java:takeSnapshot(287)) - 6d5a55a6-b535-46b1-9113-4eddd06c74b3@group-62FF3A1F6D5E-StateMachineUpdater: Took a snapshot at index 0
2022-12-19 18:39:34,402 [6d5a55a6-b535-46b1-9113-4eddd06c74b3@group-62FF3A1F6D5E-StateMachineUpdater] INFO  impl.StateMachineUpdater (StateMachineUpdater.java:lambda$new$0(92)) - 6d5a55a6-b535-46b1-9113-4eddd06c74b3@group-62FF3A1F6D5E-StateMachineUpdater: snapshotIndex: updateIncreasingly -1 -> 0
2022-12-19 18:39:34,402 [6d5a55a6-b535-46b1-9113-4eddd06c74b3-impl-thread2] INFO  segmented.SegmentedRaftLogWorker (SegmentedRaftLogWorker.java:close(257)) - 6d5a55a6-b535-46b1-9113-4eddd06c74b3@group-342ACFA3CCE1-SegmentedRaftLogWorker close()
2022-12-19 18:39:34,403 [6d5a55a6-b535-46b1-9113-4eddd06c74b3-impl-thread3] INFO  impl.StateMachineUpdater (StateMachineUpdater.java:stopAndJoin(153)) - 6d5a55a6-b535-46b1-9113-4eddd06c74b3@group-BCCA0AE98F56-StateMachineUpdater: set stopIndex = 0
2022-12-19 18:39:34,403 [6d5a55a6-b535-46b1-9113-4eddd06c74b3@group-BCCA0AE98F56-StateMachineUpdater] INFO  ratis.ContainerStateMachine (ContainerStateMachine.java:takeSnapshot(319)) - group-BCCA0AE98F56: Finished taking a snapshot at:(t:1, i:0) file:/home/runner/work/ozone/ozone/hadoop-ozone/integration-test/target/test-dir/MiniOzoneClusterImpl-90c20adc-2d54-4d1b-8da5-d2480cc87ad8/datanode-2/data/ratis/e490be5d-3be4-443a-ba5c-bcca0ae98f56/sm/snapshot.1_0 took: 1 ms
2022-12-19 18:39:34,403 [6d5a55a6-b535-46b1-9113-4eddd06c74b3-NettyServerStreamRpc-bossGroup--thread1] INFO  logging.LoggingHandler (AbstractInternalLogger.java:log(148)) - [id: 0x2dc3c120, L:/0:0:0:0:0:0:0:0:34289] CLOSE
2022-12-19 18:39:34,403 [6d5a55a6-b535-46b1-9113-4eddd06c74b3@group-BCCA0AE98F56-StateMachineUpdater] INFO  impl.StateMachineUpdater (StateMachineUpdater.java:takeSnapshot(287)) - 6d5a55a6-b535-46b1-9113-4eddd06c74b3@group-BCCA0AE98F56-StateMachineUpdater: Took a snapshot at index 0
2022-12-19 18:39:34,403 [6d5a55a6-b535-46b1-9113-4eddd06c74b3@group-BCCA0AE98F56-StateMachineUpdater] INFO  impl.StateMachineUpdater (StateMachineUpdater.java:lambda$new$0(92)) - 6d5a55a6-b535-46b1-9113-4eddd06c74b3@group-BCCA0AE98F56-StateMachineUpdater: snapshotIndex: updateIncreasingly -1 -> 0
2022-12-19 18:39:34,403 [6d5a55a6-b535-46b1-9113-4eddd06c74b3-NettyServerStreamRpc-bossGroup--thread1] INFO  logging.LoggingHandler (AbstractInternalLogger.java:log(148)) - [id: 0x2dc3c120, L:/0:0:0:0:0:0:0:0:34289] INACTIVE
2022-12-19 18:39:34,404 [6d5a55a6-b535-46b1-9113-4eddd06c74b3-NettyServerStreamRpc-bossGroup--thread1] INFO  logging.LoggingHandler (AbstractInternalLogger.java:log(148)) - [id: 0x2dc3c120, L:/0:0:0:0:0:0:0:0:34289] UNREGISTERED
2022-12-19 18:39:34,404 [6d5a55a6-b535-46b1-9113-4eddd06c74b3-impl-thread3] INFO  server.RaftServer$Division (ServerState.java:close(466)) - 6d5a55a6-b535-46b1-9113-4eddd06c74b3@group-BCCA0AE98F56: closes. applyIndex: 0
2022-12-19 18:39:34,405 [6d5a55a6-b535-46b1-9113-4eddd06c74b3-impl-thread1] INFO  server.RaftServer$Division (ServerState.java:close(466)) - 6d5a55a6-b535-46b1-9113-4eddd06c74b3@group-62FF3A1F6D5E: closes. applyIndex: 0
2022-12-19 18:39:34,406 [6d5a55a6-b535-46b1-9113-4eddd06c74b3@group-BCCA0AE98F56-SegmentedRaftLogWorker] INFO  segmented.SegmentedRaftLogWorker (SegmentedRaftLogWorker.java:run(347)) - 6d5a55a6-b535-46b1-9113-4eddd06c74b3@group-BCCA0AE98F56-SegmentedRaftLogWorker was interrupted, exiting. There are 0 tasks remaining in the queue.
2022-12-19 18:39:34,408 [6d5a55a6-b535-46b1-9113-4eddd06c74b3-impl-thread3] INFO  segmented.SegmentedRaftLogWorker (SegmentedRaftLogWorker.java:close(257)) - 6d5a55a6-b535-46b1-9113-4eddd06c74b3@group-BCCA0AE98F56-SegmentedRaftLogWorker close()
2022-12-19 18:39:34,408 [6d5a55a6-b535-46b1-9113-4eddd06c74b3@group-62FF3A1F6D5E-SegmentedRaftLogWorker] INFO  segmented.SegmentedRaftLogWorker (SegmentedRaftLogWorker.java:run(347)) - 6d5a55a6-b535-46b1-9113-4eddd06c74b3@group-62FF3A1F6D5E-SegmentedRaftLogWorker was interrupted, exiting. There are 0 tasks remaining in the queue.
2022-12-19 18:39:34,413 [6d5a55a6-b535-46b1-9113-4eddd06c74b3-impl-thread1] INFO  segmented.SegmentedRaftLogWorker (SegmentedRaftLogWorker.java:close(257)) - 6d5a55a6-b535-46b1-9113-4eddd06c74b3@group-62FF3A1F6D5E-SegmentedRaftLogWorker close()
2022-12-19 18:39:34,419 [JvmPauseMonitor10] INFO  util.JvmPauseMonitor (JvmPauseMonitor.java:run(111)) - JvmPauseMonitor-6d5a55a6-b535-46b1-9113-4eddd06c74b3: Stopped
2022-12-19 18:39:36,422 [Listener at 127.0.0.1/45319] INFO  volume.HddsVolume (HddsVolume.java:closeDbStore(338)) - SchemaV3 db is stopped at /home/runner/work/ozone/ozone/hadoop-ozone/integration-test/target/test-dir/MiniOzoneClusterImpl-90c20adc-2d54-4d1b-8da5-d2480cc87ad8/datanode-2/data-0/containers/hdds/90c20adc-2d54-4d1b-8da5-d2480cc87ad8/DS-c9a1e042-4dff-44bc-b34a-e99c6b58e020/container.db for volume DS-c9a1e042-4dff-44bc-b34a-e99c6b58e020
2022-12-19 18:39:36,423 [Listener at 127.0.0.1/45319] INFO  utils.BackgroundService (BackgroundService.java:shutdown(141)) - Shutting down service BlockDeletingService
2022-12-19 18:39:36,423 [Listener at 127.0.0.1/45319] INFO  utils.BackgroundService (BackgroundService.java:shutdown(141)) - Shutting down service StaleRecoveringContainerScrubbingService
2022-12-19 18:39:36,424 [Listener at 127.0.0.1/45319] INFO  statemachine.DatanodeStateMachine (DatanodeStateMachine.java:stopDaemon(597)) - Ozone container server stopped.
2022-12-19 18:39:36,431 [Listener at 127.0.0.1/45319] INFO  handler.ContextHandler (ContextHandler.java:doStop(1159)) - Stopped o.e.j.w.WebAppContext@2478f015{hddsDatanode,/,null,STOPPED}{jar:file:/home/runner/.m2/repository/org/apache/ozone/hdds-container-service/1.3.0-SNAPSHOT/hdds-container-service-1.3.0-SNAPSHOT.jar!/webapps/hddsDatanode}
2022-12-19 18:39:36,432 [Listener at 127.0.0.1/45319] INFO  server.AbstractConnector (AbstractConnector.java:doStop(383)) - Stopped ServerConnector@47eb8f09{HTTP/1.1, (http/1.1)}{0.0.0.0:0}
2022-12-19 18:39:36,432 [Listener at 127.0.0.1/45319] INFO  server.session (HouseKeeper.java:stopScavenging(149)) - node0 Stopped scavenging
2022-12-19 18:39:36,432 [Listener at 127.0.0.1/45319] INFO  handler.ContextHandler (ContextHandler.java:doStop(1159)) - Stopped o.e.j.s.ServletContextHandler@2e67722b{static,/static,jar:file:/home/runner/.m2/repository/org/apache/ozone/hdds-container-service/1.3.0-SNAPSHOT/hdds-container-service-1.3.0-SNAPSHOT.jar!/webapps/static,STOPPED}
2022-12-19 18:39:36,432 [Listener at 127.0.0.1/45319] INFO  handler.ContextHandler (ContextHandler.java:doStop(1159)) - Stopped o.e.j.s.ServletContextHandler@b35ac04{logs,/logs,file:///home/runner/work/ozone/ozone/hadoop-ozone/integration-test/target/log,STOPPED}
2022-12-19 18:39:36,470 [EventQueue-StaleNodeForStaleNodeHandler] INFO  node.StaleNodeHandler (StaleNodeHandler.java:onMessage(59)) - Datanode 9557de33-fe68-40fe-b687-830f5ee56eaf{ip: 10.1.0.24, host: fv-az353-760.tkyx2seitsuu3nmpmouz2httfb.bx.internal.cloudapp.net, ports: [REPLICATION=40453, RATIS=36865, RATIS_ADMIN=36865, RATIS_SERVER=36865, RATIS_DATASTREAM=34463, STANDALONE=43819], networkLocation: /default-rack, certSerialId: null, persistedOpState: IN_SERVICE, persistedOpStateExpiryEpochSec: 0} moved to stale state. Finalizing its pipelines [PipelineID=35e228cb-df5d-4968-ae0c-342acfa3cce1, PipelineID=e490be5d-3be4-443a-ba5c-bcca0ae98f56, PipelineID=5c9f3e63-3afc-4d4f-a791-6312009a007b]
2022-12-19 18:39:36,472 [EventQueue-StaleNodeForStaleNodeHandler] INFO  pipeline.PipelineManagerImpl (PipelineManagerImpl.java:closePipeline(442)) - Pipeline Pipeline[ Id: 35e228cb-df5d-4968-ae0c-342acfa3cce1, Nodes: 9557de33-fe68-40fe-b687-830f5ee56eaf{ip: 10.1.0.24, host: fv-az353-760.tkyx2seitsuu3nmpmouz2httfb.bx.internal.cloudapp.net, ports: [REPLICATION=40453, RATIS=36865, RATIS_ADMIN=36865, RATIS_SERVER=36865, RATIS_DATASTREAM=34463, STANDALONE=43819], networkLocation: /default-rack, certSerialId: null, persistedOpState: IN_SERVICE, persistedOpStateExpiryEpochSec: 0}e72e8305-aa7c-42f4-a8e1-859d068dd798{ip: 10.1.0.24, host: fv-az353-760.tkyx2seitsuu3nmpmouz2httfb.bx.internal.cloudapp.net, ports: [REPLICATION=34371, RATIS=45651, RATIS_ADMIN=45651, RATIS_SERVER=45651, RATIS_DATASTREAM=44743, STANDALONE=39047], networkLocation: /default-rack, certSerialId: null, persistedOpState: IN_SERVICE, persistedOpStateExpiryEpochSec: 0}6d5a55a6-b535-46b1-9113-4eddd06c74b3{ip: 10.1.0.24, host: fv-az353-760.tkyx2seitsuu3nmpmouz2httfb.bx.internal.cloudapp.net, ports: [REPLICATION=37813, RATIS=37267, RATIS_ADMIN=37267, RATIS_SERVER=37267, RATIS_DATASTREAM=34289, STANDALONE=34653], networkLocation: /default-rack, certSerialId: null, persistedOpState: IN_SERVICE, persistedOpStateExpiryEpochSec: 0}, ReplicationConfig: RATIS/THREE, State:ALLOCATED, leaderId:, CreationTimestamp2022-12-19T18:39:22.284Z[Etc/UTC]] moved to CLOSED state
2022-12-19 18:39:36,472 [EventQueue-StaleNodeForStaleNodeHandler] INFO  pipeline.PipelineManagerImpl (PipelineManagerImpl.java:closePipeline(442)) - Pipeline Pipeline[ Id: e490be5d-3be4-443a-ba5c-bcca0ae98f56, Nodes: 9557de33-fe68-40fe-b687-830f5ee56eaf{ip: 10.1.0.24, host: fv-az353-760.tkyx2seitsuu3nmpmouz2httfb.bx.internal.cloudapp.net, ports: [REPLICATION=40453, RATIS=36865, RATIS_ADMIN=36865, RATIS_SERVER=36865, RATIS_DATASTREAM=34463, STANDALONE=43819], networkLocation: /default-rack, certSerialId: null, persistedOpState: IN_SERVICE, persistedOpStateExpiryEpochSec: 0}6d5a55a6-b535-46b1-9113-4eddd06c74b3{ip: 10.1.0.24, host: fv-az353-760.tkyx2seitsuu3nmpmouz2httfb.bx.internal.cloudapp.net, ports: [REPLICATION=37813, RATIS=37267, RATIS_ADMIN=37267, RATIS_SERVER=37267, RATIS_DATASTREAM=34289, STANDALONE=34653], networkLocation: /default-rack, certSerialId: null, persistedOpState: IN_SERVICE, persistedOpStateExpiryEpochSec: 0}e72e8305-aa7c-42f4-a8e1-859d068dd798{ip: 10.1.0.24, host: fv-az353-760.tkyx2seitsuu3nmpmouz2httfb.bx.internal.cloudapp.net, ports: [REPLICATION=34371, RATIS=45651, RATIS_ADMIN=45651, RATIS_SERVER=45651, RATIS_DATASTREAM=44743, STANDALONE=39047], networkLocation: /default-rack, certSerialId: null, persistedOpState: IN_SERVICE, persistedOpStateExpiryEpochSec: 0}, ReplicationConfig: RATIS/THREE, State:OPEN, leaderId:9557de33-fe68-40fe-b687-830f5ee56eaf, CreationTimestamp2022-12-19T18:39:22.283Z[Etc/UTC]] moved to CLOSED state
2022-12-19 18:39:36,472 [EventQueue-StaleNodeForStaleNodeHandler] INFO  pipeline.PipelineManagerImpl (PipelineManagerImpl.java:closePipeline(442)) - Pipeline Pipeline[ Id: 5c9f3e63-3afc-4d4f-a791-6312009a007b, Nodes: 9557de33-fe68-40fe-b687-830f5ee56eaf{ip: 10.1.0.24, host: fv-az353-760.tkyx2seitsuu3nmpmouz2httfb.bx.internal.cloudapp.net, ports: [REPLICATION=40453, RATIS=36865, RATIS_ADMIN=36865, RATIS_SERVER=36865, RATIS_DATASTREAM=34463, STANDALONE=43819], networkLocation: /default-rack, certSerialId: null, persistedOpState: IN_SERVICE, persistedOpStateExpiryEpochSec: 0}, ReplicationConfig: RATIS/ONE, State:OPEN, leaderId:9557de33-fe68-40fe-b687-830f5ee56eaf, CreationTimestamp2022-12-19T18:39:21.700Z[Etc/UTC]] moved to CLOSED state
2022-12-19 18:39:38,470 [EventQueue-StaleNodeForStaleNodeHandler] INFO  node.StaleNodeHandler (StaleNodeHandler.java:onMessage(59)) - Datanode 6d5a55a6-b535-46b1-9113-4eddd06c74b3{ip: 10.1.0.24, host: fv-az353-760.tkyx2seitsuu3nmpmouz2httfb.bx.internal.cloudapp.net, ports: [REPLICATION=37813, RATIS=37267, RATIS_ADMIN=37267, RATIS_SERVER=37267, RATIS_DATASTREAM=34289, STANDALONE=34653], networkLocation: /default-rack, certSerialId: null, persistedOpState: IN_SERVICE, persistedOpStateExpiryEpochSec: 0} moved to stale state. Finalizing its pipelines [PipelineID=0c12ed71-c9d0-457b-9db7-62ff3a1f6d5e, PipelineID=35e228cb-df5d-4968-ae0c-342acfa3cce1, PipelineID=e490be5d-3be4-443a-ba5c-bcca0ae98f56]
2022-12-19 18:39:38,471 [EventQueue-StaleNodeForStaleNodeHandler] INFO  pipeline.PipelineManagerImpl (PipelineManagerImpl.java:closePipeline(442)) - Pipeline Pipeline[ Id: 0c12ed71-c9d0-457b-9db7-62ff3a1f6d5e, Nodes: 6d5a55a6-b535-46b1-9113-4eddd06c74b3{ip: 10.1.0.24, host: fv-az353-760.tkyx2seitsuu3nmpmouz2httfb.bx.internal.cloudapp.net, ports: [REPLICATION=37813, RATIS=37267, RATIS_ADMIN=37267, RATIS_SERVER=37267, RATIS_DATASTREAM=34289, STANDALONE=34653], networkLocation: /default-rack, certSerialId: null, persistedOpState: IN_SERVICE, persistedOpStateExpiryEpochSec: 0}, ReplicationConfig: RATIS/ONE, State:OPEN, leaderId:6d5a55a6-b535-46b1-9113-4eddd06c74b3, CreationTimestamp2022-12-19T18:39:22.282Z[Etc/UTC]] moved to CLOSED state
2022-12-19 18:39:38,471 [EventQueue-StaleNodeForStaleNodeHandler] INFO  node.StaleNodeHandler (StaleNodeHandler.java:onMessage(59)) - Datanode e72e8305-aa7c-42f4-a8e1-859d068dd798{ip: 10.1.0.24, host: fv-az353-760.tkyx2seitsuu3nmpmouz2httfb.bx.internal.cloudapp.net, ports: [REPLICATION=34371, RATIS=45651, RATIS_ADMIN=45651, RATIS_SERVER=45651, RATIS_DATASTREAM=44743, STANDALONE=39047], networkLocation: /default-rack, certSerialId: null, persistedOpState: IN_SERVICE, persistedOpStateExpiryEpochSec: 0} moved to stale state. Finalizing its pipelines [PipelineID=35e228cb-df5d-4968-ae0c-342acfa3cce1, PipelineID=ca5ef7af-91bf-4b43-857c-ad314e80544a, PipelineID=e490be5d-3be4-443a-ba5c-bcca0ae98f56]
2022-12-19 18:39:38,471 [EventQueue-StaleNodeForStaleNodeHandler] INFO  pipeline.PipelineManagerImpl (PipelineManagerImpl.java:closePipeline(442)) - Pipeline Pipeline[ Id: ca5ef7af-91bf-4b43-857c-ad314e80544a, Nodes: e72e8305-aa7c-42f4-a8e1-859d068dd798{ip: 10.1.0.24, host: fv-az353-760.tkyx2seitsuu3nmpmouz2httfb.bx.internal.cloudapp.net, ports: [REPLICATION=34371, RATIS=45651, RATIS_ADMIN=45651, RATIS_SERVER=45651, RATIS_DATASTREAM=44743, STANDALONE=39047], networkLocation: /default-rack, certSerialId: null, persistedOpState: IN_SERVICE, persistedOpStateExpiryEpochSec: 0}, ReplicationConfig: RATIS/ONE, State:OPEN, leaderId:e72e8305-aa7c-42f4-a8e1-859d068dd798, CreationTimestamp2022-12-19T18:39:21.986Z[Etc/UTC]] moved to CLOSED state
2022-12-19 18:39:38,537 [Listener at 127.0.0.1/45319] ERROR pipeline.PipelinePlacementPolicy (PipelinePlacementPolicy.java:filterViableNodes(141)) - No healthy node found to allocate container.
2022-12-19 18:39:38,539 [Listener at 127.0.0.1/45319] INFO  impl.MetricsSystemImpl (MetricsSystemImpl.java:init(158)) - HddsDatanode metrics system started (again)
2022-12-19 18:39:38,571 [Listener at 127.0.0.1/45319] INFO  ozone.HddsDatanodeService (HddsDatanodeService.java:start(236)) - HddsDatanodeService host:fv-az353-760.tkyx2seitsuu3nmpmouz2httfb.bx.internal.cloudapp.net ip:10.1.0.24
2022-12-19 18:39:38,583 [Listener at 127.0.0.1/45319] INFO  upgrade.AbstractLayoutVersionManager (AbstractLayoutVersionManager.java:init(83)) - Initializing Layout version manager with metadata layout = DATANODE_SCHEMA_V3 (version = 4), software layout = DATANODE_SCHEMA_V3 (version = 4)
2022-12-19 18:39:38,627 [Listener at 127.0.0.1/45319] INFO  reflections.Reflections (Reflections.java:scan(232)) - Reflections took 43 ms to scan 7 urls, producing 146 keys and 348 values 
2022-12-19 18:39:38,628 [Listener at 127.0.0.1/45319] INFO  statemachine.DatanodeStateMachine (DatanodeStateMachine.java:getEndPointTaskThreadPoolSize(249)) - Datanode State Machine Task Thread Pool size 2
2022-12-19 18:39:38,633 [Listener at 127.0.0.1/45319] INFO  volume.HddsVolume (HddsVolume.java:<init>(117)) - Creating HddsVolume: /home/runner/work/ozone/ozone/hadoop-ozone/integration-test/target/test-dir/MiniOzoneClusterImpl-90c20adc-2d54-4d1b-8da5-d2480cc87ad8/datanode-0/data-0/containers/hdds of storage type : DISK capacity : 9223372036854775807
2022-12-19 18:39:38,634 [Listener at 127.0.0.1/45319] INFO  volume.MutableVolumeSet (MutableVolumeSet.java:initializeVolumeSet(174)) - Added Volume : /home/runner/work/ozone/ozone/hadoop-ozone/integration-test/target/test-dir/MiniOzoneClusterImpl-90c20adc-2d54-4d1b-8da5-d2480cc87ad8/datanode-0/data-0/containers/hdds to VolumeSet
2022-12-19 18:39:38,634 [Listener at 127.0.0.1/45319] INFO  volume.ThrottledAsyncChecker (ThrottledAsyncChecker.java:schedule(141)) - Scheduling a check for /home/runner/work/ozone/ozone/hadoop-ozone/integration-test/target/test-dir/MiniOzoneClusterImpl-90c20adc-2d54-4d1b-8da5-d2480cc87ad8/datanode-0/data-0/containers/hdds
2022-12-19 18:39:38,634 [Listener at 127.0.0.1/45319] INFO  volume.StorageVolumeChecker (StorageVolumeChecker.java:checkAllVolumes(202)) - Scheduled health check for volume /home/runner/work/ozone/ozone/hadoop-ozone/integration-test/target/test-dir/MiniOzoneClusterImpl-90c20adc-2d54-4d1b-8da5-d2480cc87ad8/datanode-0/data-0/containers/hdds
2022-12-19 18:39:38,647 [Listener at 127.0.0.1/45319] INFO  volume.MutableVolumeSet (MutableVolumeSet.java:initializeVolumeSet(174)) - Added Volume : /home/runner/work/ozone/ozone/hadoop-ozone/integration-test/target/test-dir/MiniOzoneClusterImpl-90c20adc-2d54-4d1b-8da5-d2480cc87ad8/datanode-0/data/ratis to VolumeSet
2022-12-19 18:39:38,647 [Listener at 127.0.0.1/45319] INFO  volume.ThrottledAsyncChecker (ThrottledAsyncChecker.java:schedule(141)) - Scheduling a check for /home/runner/work/ozone/ozone/hadoop-ozone/integration-test/target/test-dir/MiniOzoneClusterImpl-90c20adc-2d54-4d1b-8da5-d2480cc87ad8/datanode-0/data/ratis
2022-12-19 18:39:38,647 [Listener at 127.0.0.1/45319] INFO  volume.StorageVolumeChecker (StorageVolumeChecker.java:checkAllVolumes(202)) - Scheduled health check for volume /home/runner/work/ozone/ozone/hadoop-ozone/integration-test/target/test-dir/MiniOzoneClusterImpl-90c20adc-2d54-4d1b-8da5-d2480cc87ad8/datanode-0/data/ratis
2022-12-19 18:39:38,677 [Listener at 127.0.0.1/45319] INFO  utils.DatanodeStoreCache (DatanodeStoreCache.java:addDB(58)) - Added db /home/runner/work/ozone/ozone/hadoop-ozone/integration-test/target/test-dir/MiniOzoneClusterImpl-90c20adc-2d54-4d1b-8da5-d2480cc87ad8/datanode-0/data-0/containers/hdds/90c20adc-2d54-4d1b-8da5-d2480cc87ad8/DS-f88b80c7-e991-4dca-8b6c-a8af2d7563d7/container.db to cache
2022-12-19 18:39:38,677 [Listener at 127.0.0.1/45319] INFO  volume.HddsVolume (HddsVolume.java:loadDbStore(260)) - SchemaV3 db is loaded at /home/runner/work/ozone/ozone/hadoop-ozone/integration-test/target/test-dir/MiniOzoneClusterImpl-90c20adc-2d54-4d1b-8da5-d2480cc87ad8/datanode-0/data-0/containers/hdds/90c20adc-2d54-4d1b-8da5-d2480cc87ad8/DS-f88b80c7-e991-4dca-8b6c-a8af2d7563d7/container.db for volume DS-f88b80c7-e991-4dca-8b6c-a8af2d7563d7
2022-12-19 18:39:38,678 [Thread-727] INFO  ozoneimpl.ContainerReader (ContainerReader.java:readVolume(145)) - Start to verify containers on volume /home/runner/work/ozone/ozone/hadoop-ozone/integration-test/target/test-dir/MiniOzoneClusterImpl-90c20adc-2d54-4d1b-8da5-d2480cc87ad8/datanode-0/data-0/containers/hdds
2022-12-19 18:39:38,678 [Thread-727] INFO  ozoneimpl.ContainerReader (ContainerReader.java:readVolume(175)) - Finish verifying containers on volume /home/runner/work/ozone/ozone/hadoop-ozone/integration-test/target/test-dir/MiniOzoneClusterImpl-90c20adc-2d54-4d1b-8da5-d2480cc87ad8/datanode-0/data-0/containers/hdds
2022-12-19 18:39:38,678 [Listener at 127.0.0.1/45319] INFO  ozoneimpl.OzoneContainer (OzoneContainer.java:buildContainerSet(301)) - Build ContainerSet costs 0s
2022-12-19 18:39:38,680 [Listener at 127.0.0.1/45319] INFO  server.RaftServer (ConfUtils.java:logGet(46)) - raft.rpc.type = GRPC (default)
2022-12-19 18:39:38,680 [Listener at 127.0.0.1/45319] INFO  grpc.GrpcConfigKeys (ConfUtils.java:logFallback(53)) - raft.grpc.admin.host = null (fallback to raft.grpc.server.host)
2022-12-19 18:39:38,680 [Listener at 127.0.0.1/45319] INFO  grpc.GrpcConfigKeys (ConfUtils.java:logGet(46)) - raft.grpc.admin.port = 36865 (custom)
2022-12-19 18:39:38,680 [Listener at 127.0.0.1/45319] INFO  grpc.GrpcConfigKeys (ConfUtils.java:logFallback(53)) - raft.grpc.client.host = null (fallback to raft.grpc.server.host)
2022-12-19 18:39:38,681 [Listener at 127.0.0.1/45319] INFO  grpc.GrpcConfigKeys (ConfUtils.java:logGet(46)) - raft.grpc.client.port = 36865 (custom)
2022-12-19 18:39:38,681 [Listener at 127.0.0.1/45319] INFO  grpc.GrpcConfigKeys (ConfUtils.java:logGet(46)) - raft.grpc.server.host = null (default)
2022-12-19 18:39:38,681 [Listener at 127.0.0.1/45319] INFO  grpc.GrpcConfigKeys (ConfUtils.java:logGet(46)) - raft.grpc.server.port = 36865 (custom)
2022-12-19 18:39:38,681 [Listener at 127.0.0.1/45319] INFO  server.GrpcService (ConfUtils.java:logGet(46)) - raft.grpc.message.size.max = 32MB (=33554432) (custom)
2022-12-19 18:39:38,681 [Listener at 127.0.0.1/45319] INFO  server.RaftServerConfigKeys (ConfUtils.java:logGet(46)) - raft.server.log.appender.buffer.byte-limit = 33554432 (custom)
2022-12-19 18:39:38,681 [Listener at 127.0.0.1/45319] INFO  server.GrpcService (ConfUtils.java:logGet(46)) - raft.grpc.flow.control.window = 5MB (=5242880) (custom)
2022-12-19 18:39:38,681 [Listener at 127.0.0.1/45319] INFO  server.RaftServerConfigKeys (ConfUtils.java:logGet(46)) - raft.server.rpc.request.timeout = 60s (custom)
2022-12-19 18:39:38,681 [Listener at 127.0.0.1/45319] INFO  grpc.GrpcConfigKeys (ConfUtils.java:logGet(46)) - raft.grpc.server.heartbeat.channel = true (default)
2022-12-19 18:39:38,681 [Listener at 127.0.0.1/45319] INFO  grpc.GrpcConfigKeys (ConfUtils.java:logGet(46)) - raft.grpc.server.async.request.thread.pool.cached = true (default)
2022-12-19 18:39:38,682 [Listener at 127.0.0.1/45319] INFO  grpc.GrpcConfigKeys (ConfUtils.java:logGet(46)) - raft.grpc.server.async.request.thread.pool.size = 32 (default)
2022-12-19 18:39:38,682 [Listener at 127.0.0.1/45319] INFO  impl.DataStreamServerImpl (ConfUtils.java:logGet(46)) - raft.datastream.type = NETTY (custom)
2022-12-19 18:39:38,683 [Listener at 127.0.0.1/45319] INFO  server.RaftServerConfigKeys (ConfUtils.java:logGet(46)) - raft.server.data-stream.async.request.thread.pool.cached = false (default)
2022-12-19 18:39:38,683 [Listener at 127.0.0.1/45319] INFO  server.RaftServerConfigKeys (ConfUtils.java:logGet(46)) - raft.server.data-stream.async.request.thread.pool.size = 20 (custom)
2022-12-19 18:39:38,683 [Listener at 127.0.0.1/45319] INFO  server.RaftServerConfigKeys (ConfUtils.java:logGet(46)) - raft.server.data-stream.async.write.thread.pool.size = 16 (default)
2022-12-19 18:39:38,683 [Listener at 127.0.0.1/45319] INFO  server.RaftServerConfigKeys (ConfUtils.java:logGet(46)) - raft.server.data-stream.client.pool.size = 10 (default)
2022-12-19 18:39:38,683 [Listener at 127.0.0.1/45319] INFO  netty.NettyConfigKeys$DataStream (ConfUtils.java:logGet(46)) - raft.netty.dataStream.server.use-epoll = false (default)
2022-12-19 18:39:38,683 [Listener at 127.0.0.1/45319] INFO  netty.NettyConfigKeys$DataStream (ConfUtils.java:logGet(46)) - raft.netty.dataStream.server.boss-group.size = 0 (default)
2022-12-19 18:39:38,684 [Listener at 127.0.0.1/45319] INFO  netty.NettyConfigKeys$DataStream (ConfUtils.java:logGet(46)) - raft.netty.dataStream.server.worker-group.size = 0 (default)
2022-12-19 18:39:38,684 [Listener at 127.0.0.1/45319] INFO  netty.NettyConfigKeys$DataStream (ConfUtils.java:logGet(46)) - raft.netty.dataStream.server.tls.conf = null (default)
2022-12-19 18:39:38,684 [Listener at 127.0.0.1/45319] INFO  netty.NettyConfigKeys$DataStream (ConfUtils.java:logGet(46)) - raft.netty.dataStream.host = null (default)
2022-12-19 18:39:38,684 [Listener at 127.0.0.1/45319] INFO  netty.NettyConfigKeys$DataStream (ConfUtils.java:logGet(46)) - raft.netty.dataStream.port = 0 (default)
2022-12-19 18:39:38,685 [Listener at 127.0.0.1/45319] INFO  server.RaftServerConfigKeys (ConfUtils.java:logGet(46)) - raft.server.threadpool.proxy.cached = true (default)
2022-12-19 18:39:38,685 [Listener at 127.0.0.1/45319] INFO  server.RaftServerConfigKeys (ConfUtils.java:logGet(46)) - raft.server.threadpool.proxy.size = 0 (default)
2022-12-19 18:39:38,685 [Listener at 127.0.0.1/45319] INFO  server.RaftServerConfigKeys (ConfUtils.java:logGet(46)) - raft.server.rpc.slowness.timeout = 300s (custom)
2022-12-19 18:39:38,685 [Listener at 127.0.0.1/45319] INFO  server.RaftServerConfigKeys (ConfUtils.java:logGet(46)) - raft.server.leaderelection.leader.step-down.wait-time = 10s (default)
2022-12-19 18:39:38,685 [Listener at 127.0.0.1/45319] INFO  server.RaftServerConfigKeys (ConfUtils.java:logGet(46)) - raft.server.storage.dir = [/home/runner/work/ozone/ozone/hadoop-ozone/integration-test/target/test-dir/MiniOzoneClusterImpl-90c20adc-2d54-4d1b-8da5-d2480cc87ad8/datanode-0/data/ratis] (custom)
2022-12-19 18:39:38,685 [9557de33-fe68-40fe-b687-830f5ee56eaf-NettyServerStreamRpc-bossGroup--thread1] INFO  logging.LoggingHandler (AbstractInternalLogger.java:log(148)) - [id: 0x0cd4233d] REGISTERED
2022-12-19 18:39:38,686 [9557de33-fe68-40fe-b687-830f5ee56eaf-NettyServerStreamRpc-bossGroup--thread1] INFO  logging.LoggingHandler (AbstractInternalLogger.java:log(148)) - [id: 0x0cd4233d] BIND: 0.0.0.0/0.0.0.0:0
2022-12-19 18:39:38,686 [9557de33-fe68-40fe-b687-830f5ee56eaf-NettyServerStreamRpc-bossGroup--thread1] INFO  logging.LoggingHandler (AbstractInternalLogger.java:log(148)) - [id: 0x0cd4233d, L:/0:0:0:0:0:0:0:0:43853] ACTIVE
2022-12-19 18:39:38,687 [9557de33-fe68-40fe-b687-830f5ee56eaf-impl-thread1] INFO  server.RaftServer (RaftServerProxy.java:initGroupDir(251)) - 9557de33-fe68-40fe-b687-830f5ee56eaf: found a subdirectory /home/runner/work/ozone/ozone/hadoop-ozone/integration-test/target/test-dir/MiniOzoneClusterImpl-90c20adc-2d54-4d1b-8da5-d2480cc87ad8/datanode-0/data/ratis/e490be5d-3be4-443a-ba5c-bcca0ae98f56
2022-12-19 18:39:38,691 [9557de33-fe68-40fe-b687-830f5ee56eaf-impl-thread1] INFO  server.RaftServer (RaftServerProxy.java:addNew(96)) - 9557de33-fe68-40fe-b687-830f5ee56eaf: addNew group-BCCA0AE98F56:[] returns group-BCCA0AE98F56:java.util.concurrent.CompletableFuture@12fd72b4[Not completed]
2022-12-19 18:39:38,691 [9557de33-fe68-40fe-b687-830f5ee56eaf-impl-thread1] INFO  server.RaftServer (RaftServerProxy.java:initGroupDir(251)) - 9557de33-fe68-40fe-b687-830f5ee56eaf: found a subdirectory /home/runner/work/ozone/ozone/hadoop-ozone/integration-test/target/test-dir/MiniOzoneClusterImpl-90c20adc-2d54-4d1b-8da5-d2480cc87ad8/datanode-0/data/ratis/35e228cb-df5d-4968-ae0c-342acfa3cce1
2022-12-19 18:39:38,691 [9557de33-fe68-40fe-b687-830f5ee56eaf-impl-thread1] INFO  server.RaftServer (RaftServerProxy.java:addNew(96)) - 9557de33-fe68-40fe-b687-830f5ee56eaf: addNew group-342ACFA3CCE1:[] returns group-342ACFA3CCE1:java.util.concurrent.CompletableFuture@16c2f433[Not completed]
2022-12-19 18:39:38,691 [9557de33-fe68-40fe-b687-830f5ee56eaf-impl-thread1] INFO  server.RaftServer (RaftServerProxy.java:initGroupDir(251)) - 9557de33-fe68-40fe-b687-830f5ee56eaf: found a subdirectory /home/runner/work/ozone/ozone/hadoop-ozone/integration-test/target/test-dir/MiniOzoneClusterImpl-90c20adc-2d54-4d1b-8da5-d2480cc87ad8/datanode-0/data/ratis/5c9f3e63-3afc-4d4f-a791-6312009a007b
2022-12-19 18:39:38,691 [9557de33-fe68-40fe-b687-830f5ee56eaf-impl-thread1] INFO  server.RaftServer (RaftServerProxy.java:addNew(96)) - 9557de33-fe68-40fe-b687-830f5ee56eaf: addNew group-6312009A007B:[] returns group-6312009A007B:java.util.concurrent.CompletableFuture@53c0788f[Not completed]
2022-12-19 18:39:38,692 [Listener at 127.0.0.1/45319] INFO  server.XceiverServerGrpc (XceiverServerGrpc.java:<init>(132)) - GrpcServer channel type EpollServerSocketChannel
2022-12-19 18:39:38,694 [pool-400-thread-1] INFO  server.RaftServer$Division (RaftServerImpl.java:<init>(195)) - 9557de33-fe68-40fe-b687-830f5ee56eaf: new RaftServerImpl for group-BCCA0AE98F56:[] with ContainerStateMachine:uninitialized
2022-12-19 18:39:38,694 [pool-400-thread-1] INFO  server.RaftServerConfigKeys (ConfUtils.java:logGet(46)) - raft.server.rpc.timeout.min = 5s (custom)
2022-12-19 18:39:38,694 [pool-400-thread-1] INFO  server.RaftServerConfigKeys (ConfUtils.java:logGet(46)) - raft.server.rpc.timeout.max = 5200ms (custom)
2022-12-19 18:39:38,694 [pool-400-thread-1] INFO  server.RaftServerConfigKeys (ConfUtils.java:logGet(46)) - raft.server.rpc.sleep.time = 25ms (default)
2022-12-19 18:39:38,694 [pool-400-thread-1] INFO  server.RaftServerConfigKeys (ConfUtils.java:logGet(46)) - raft.server.rpc.slowness.timeout = 300s (custom)
2022-12-19 18:39:38,694 [pool-400-thread-1] INFO  server.RaftServerConfigKeys (ConfUtils.java:logGet(46)) - raft.server.leaderelection.leader.step-down.wait-time = 10s (default)
2022-12-19 18:39:38,694 [pool-400-thread-1] INFO  server.RaftServerConfigKeys (ConfUtils.java:logGet(46)) - raft.server.sleep.deviation.threshold = 300ms (default)
2022-12-19 18:39:38,695 [pool-400-thread-1] INFO  server.RaftServer$Division (ServerState.java:<init>(118)) - 9557de33-fe68-40fe-b687-830f5ee56eaf@group-BCCA0AE98F56: ConfigurationManager, init=-1: peers:[]|listeners:[], old=null, confs=<EMPTY_MAP>
2022-12-19 18:39:38,695 [pool-400-thread-1] INFO  server.RaftServerConfigKeys (ConfUtils.java:logGet(46)) - raft.server.storage.dir = [/home/runner/work/ozone/ozone/hadoop-ozone/integration-test/target/test-dir/MiniOzoneClusterImpl-90c20adc-2d54-4d1b-8da5-d2480cc87ad8/datanode-0/data/ratis] (custom)
2022-12-19 18:39:38,695 [pool-400-thread-1] INFO  server.RaftServerConfigKeys (ConfUtils.java:logGet(46)) - raft.server.log.corruption.policy = EXCEPTION (default)
2022-12-19 18:39:38,695 [pool-400-thread-1] INFO  server.RaftServerConfigKeys (ConfUtils.java:logGet(46)) - raft.server.storage.free-space.min = 0MB (=0) (default)
2022-12-19 18:39:38,695 [pool-400-thread-1] INFO  server.RaftServerConfigKeys (ConfUtils.java:logGet(46)) - raft.server.notification.no-leader.timeout = 300s (custom)
2022-12-19 18:39:38,695 [pool-400-thread-1] INFO  server.RaftServerConfigKeys (ConfUtils.java:logGet(46)) - raft.server.retrycache.expirytime = 600000ms (custom)
2022-12-19 18:39:38,695 [pool-400-thread-1] INFO  server.RaftServerConfigKeys (ConfUtils.java:logGet(46)) - raft.server.retrycache.statistics.expirytime = 100μs (default)
2022-12-19 18:39:38,696 [pool-400-thread-1] INFO  server.RaftServerConfigKeys (ConfUtils.java:logGet(46)) - raft.server.log.appender.install.snapshot.enabled = false (custom)
2022-12-19 18:39:38,696 [pool-400-thread-1] INFO  server.RaftServerConfigKeys (ConfUtils.java:logGet(46)) - raft.server.threadpool.server.cached = true (default)
2022-12-19 18:39:38,696 [pool-400-thread-1] INFO  server.RaftServerConfigKeys (ConfUtils.java:logGet(46)) - raft.server.threadpool.server.size = 0 (default)
2022-12-19 18:39:38,696 [pool-400-thread-1] INFO  server.RaftServerConfigKeys (ConfUtils.java:logGet(46)) - raft.server.threadpool.client.cached = true (default)
2022-12-19 18:39:38,696 [pool-400-thread-1] INFO  server.RaftServerConfigKeys (ConfUtils.java:logGet(46)) - raft.server.threadpool.client.size = 0 (default)
2022-12-19 18:39:38,696 [pool-400-thread-1] INFO  server.RaftServer$Division (RaftServerImpl.java:<init>(195)) - 9557de33-fe68-40fe-b687-830f5ee56eaf: new RaftServerImpl for group-342ACFA3CCE1:[] with ContainerStateMachine:uninitialized
2022-12-19 18:39:38,696 [pool-400-thread-1] INFO  server.RaftServerConfigKeys (ConfUtils.java:logGet(46)) - raft.server.rpc.timeout.min = 5s (custom)
2022-12-19 18:39:38,696 [pool-400-thread-1] INFO  server.RaftServerConfigKeys (ConfUtils.java:logGet(46)) - raft.server.rpc.timeout.max = 5200ms (custom)
2022-12-19 18:39:38,696 [pool-400-thread-1] INFO  server.RaftServerConfigKeys (ConfUtils.java:logGet(46)) - raft.server.rpc.sleep.time = 25ms (default)
2022-12-19 18:39:38,696 [pool-400-thread-1] INFO  server.RaftServerConfigKeys (ConfUtils.java:logGet(46)) - raft.server.rpc.slowness.timeout = 300s (custom)
2022-12-19 18:39:38,697 [pool-400-thread-1] INFO  server.RaftServerConfigKeys (ConfUtils.java:logGet(46)) - raft.server.leaderelection.leader.step-down.wait-time = 10s (default)
2022-12-19 18:39:38,697 [pool-400-thread-1] INFO  server.RaftServerConfigKeys (ConfUtils.java:logGet(46)) - raft.server.sleep.deviation.threshold = 300ms (default)
2022-12-19 18:39:38,697 [pool-400-thread-1] INFO  server.RaftServer$Division (ServerState.java:<init>(118)) - 9557de33-fe68-40fe-b687-830f5ee56eaf@group-342ACFA3CCE1: ConfigurationManager, init=-1: peers:[]|listeners:[], old=null, confs=<EMPTY_MAP>
2022-12-19 18:39:38,697 [pool-400-thread-1] INFO  server.RaftServerConfigKeys (ConfUtils.java:logGet(46)) - raft.server.storage.dir = [/home/runner/work/ozone/ozone/hadoop-ozone/integration-test/target/test-dir/MiniOzoneClusterImpl-90c20adc-2d54-4d1b-8da5-d2480cc87ad8/datanode-0/data/ratis] (custom)
2022-12-19 18:39:38,697 [pool-400-thread-1] INFO  server.RaftServerConfigKeys (ConfUtils.java:logGet(46)) - raft.server.log.corruption.policy = EXCEPTION (default)
2022-12-19 18:39:38,697 [pool-400-thread-1] INFO  server.RaftServerConfigKeys (ConfUtils.java:logGet(46)) - raft.server.storage.free-space.min = 0MB (=0) (default)
2022-12-19 18:39:38,697 [pool-400-thread-1] INFO  server.RaftServerConfigKeys (ConfUtils.java:logGet(46)) - raft.server.notification.no-leader.timeout = 300s (custom)
2022-12-19 18:39:38,697 [pool-400-thread-1] INFO  server.RaftServerConfigKeys (ConfUtils.java:logGet(46)) - raft.server.retrycache.expirytime = 600000ms (custom)
2022-12-19 18:39:38,697 [pool-400-thread-1] INFO  server.RaftServerConfigKeys (ConfUtils.java:logGet(46)) - raft.server.retrycache.statistics.expirytime = 100μs (default)
2022-12-19 18:39:38,698 [pool-400-thread-1] INFO  server.RaftServerConfigKeys (ConfUtils.java:logGet(46)) - raft.server.log.appender.install.snapshot.enabled = false (custom)
2022-12-19 18:39:38,698 [pool-400-thread-1] INFO  server.RaftServerConfigKeys (ConfUtils.java:logGet(46)) - raft.server.threadpool.server.cached = true (default)
2022-12-19 18:39:38,698 [pool-400-thread-1] INFO  server.RaftServerConfigKeys (ConfUtils.java:logGet(46)) - raft.server.threadpool.server.size = 0 (default)
2022-12-19 18:39:38,698 [pool-400-thread-1] INFO  server.RaftServerConfigKeys (ConfUtils.java:logGet(46)) - raft.server.threadpool.client.cached = true (default)
2022-12-19 18:39:38,698 [pool-400-thread-1] INFO  server.RaftServerConfigKeys (ConfUtils.java:logGet(46)) - raft.server.threadpool.client.size = 0 (default)
2022-12-19 18:39:38,699 [pool-400-thread-1] INFO  server.RaftServer$Division (RaftServerImpl.java:<init>(195)) - 9557de33-fe68-40fe-b687-830f5ee56eaf: new RaftServerImpl for group-6312009A007B:[] with ContainerStateMachine:uninitialized
2022-12-19 18:39:38,699 [pool-400-thread-1] INFO  server.RaftServerConfigKeys (ConfUtils.java:logGet(46)) - raft.server.rpc.timeout.min = 5s (custom)
2022-12-19 18:39:38,699 [pool-400-thread-1] INFO  server.RaftServerConfigKeys (ConfUtils.java:logGet(46)) - raft.server.rpc.timeout.max = 5200ms (custom)
2022-12-19 18:39:38,699 [pool-400-thread-1] INFO  server.RaftServerConfigKeys (ConfUtils.java:logGet(46)) - raft.server.rpc.sleep.time = 25ms (default)
2022-12-19 18:39:38,699 [pool-400-thread-1] INFO  server.RaftServerConfigKeys (ConfUtils.java:logGet(46)) - raft.server.rpc.slowness.timeout = 300s (custom)
2022-12-19 18:39:38,699 [pool-400-thread-1] INFO  server.RaftServerConfigKeys (ConfUtils.java:logGet(46)) - raft.server.leaderelection.leader.step-down.wait-time = 10s (default)
2022-12-19 18:39:38,699 [Listener at 127.0.0.1/45319] INFO  http.BaseHttpServer (BaseHttpServer.java:newHttpServer2BuilderForOzone(213)) - Starting Web-server for hddsDatanode at: http://0.0.0.0:43099
2022-12-19 18:39:38,699 [Listener at 127.0.0.1/45319] INFO  http.BaseHttpServer (BaseHttpServer.java:<init>(108)) - Hadoop Security Enabled: false Ozone Security Enabled: false Ozone HTTP Security Enabled: false 
2022-12-19 18:39:38,701 [Listener at 127.0.0.1/45319] WARN  server.AuthenticationFilter (AuthenticationFilter.java:constructSecretProvider(240)) - Unable to initialize FileSignerSecretProvider, falling back to use random secrets. Reason: Could not read signature secret file: /home/runner/hadoop-http-auth-signature-secret
2022-12-19 18:39:38,701 [pool-400-thread-1] INFO  server.RaftServerConfigKeys (ConfUtils.java:logGet(46)) - raft.server.sleep.deviation.threshold = 300ms (default)
2022-12-19 18:39:38,701 [pool-400-thread-1] INFO  server.RaftServer$Division (ServerState.java:<init>(118)) - 9557de33-fe68-40fe-b687-830f5ee56eaf@group-6312009A007B: ConfigurationManager, init=-1: peers:[]|listeners:[], old=null, confs=<EMPTY_MAP>
2022-12-19 18:39:38,701 [pool-400-thread-1] INFO  server.RaftServerConfigKeys (ConfUtils.java:logGet(46)) - raft.server.storage.dir = [/home/runner/work/ozone/ozone/hadoop-ozone/integration-test/target/test-dir/MiniOzoneClusterImpl-90c20adc-2d54-4d1b-8da5-d2480cc87ad8/datanode-0/data/ratis] (custom)
2022-12-19 18:39:38,701 [pool-400-thread-1] INFO  server.RaftServerConfigKeys (ConfUtils.java:logGet(46)) - raft.server.log.corruption.policy = EXCEPTION (default)
2022-12-19 18:39:38,701 [pool-400-thread-1] INFO  server.RaftServerConfigKeys (ConfUtils.java:logGet(46)) - raft.server.storage.free-space.min = 0MB (=0) (default)
2022-12-19 18:39:38,701 [pool-400-thread-1] INFO  server.RaftServerConfigKeys (ConfUtils.java:logGet(46)) - raft.server.notification.no-leader.timeout = 300s (custom)
2022-12-19 18:39:38,701 [pool-400-thread-1] INFO  server.RaftServerConfigKeys (ConfUtils.java:logGet(46)) - raft.server.retrycache.expirytime = 600000ms (custom)
2022-12-19 18:39:38,701 [pool-400-thread-1] INFO  server.RaftServerConfigKeys (ConfUtils.java:logGet(46)) - raft.server.retrycache.statistics.expirytime = 100μs (default)
2022-12-19 18:39:38,702 [pool-400-thread-1] INFO  server.RaftServerConfigKeys (ConfUtils.java:logGet(46)) - raft.server.log.appender.install.snapshot.enabled = false (custom)
2022-12-19 18:39:38,702 [pool-400-thread-1] INFO  server.RaftServerConfigKeys (ConfUtils.java:logGet(46)) - raft.server.threadpool.server.cached = true (default)
2022-12-19 18:39:38,702 [pool-400-thread-1] INFO  server.RaftServerConfigKeys (ConfUtils.java:logGet(46)) - raft.server.threadpool.server.size = 0 (default)
2022-12-19 18:39:38,702 [pool-400-thread-1] INFO  server.RaftServerConfigKeys (ConfUtils.java:logGet(46)) - raft.server.threadpool.client.cached = true (default)
2022-12-19 18:39:38,702 [pool-400-thread-1] INFO  server.RaftServerConfigKeys (ConfUtils.java:logGet(46)) - raft.server.threadpool.client.size = 0 (default)
2022-12-19 18:39:38,702 [Listener at 127.0.0.1/45319] WARN  http.HttpRequestLog (HttpRequestLog.java:getRequestLog(103)) - Jetty request log can only be enabled using Log4j
2022-12-19 18:39:38,703 [Listener at 127.0.0.1/45319] INFO  http.HttpServer2 (HttpServer2.java:addGlobalFilter(1031)) - Added global filter 'safety' (class=org.apache.hadoop.hdds.server.http.HttpServer2$QuotingInputFilter)
2022-12-19 18:39:38,704 [Listener at 127.0.0.1/45319] INFO  http.HttpServer2 (HttpServer2.java:addFilter(1007)) - Added filter static_user_filter (class=org.apache.hadoop.http.lib.StaticUserWebFilter$StaticUserFilter) to context hddsDatanode
2022-12-19 18:39:38,704 [Listener at 127.0.0.1/45319] INFO  http.HttpServer2 (HttpServer2.java:addFilter(1015)) - Added filter static_user_filter (class=org.apache.hadoop.http.lib.StaticUserWebFilter$StaticUserFilter) to context static
2022-12-19 18:39:38,704 [Listener at 127.0.0.1/45319] INFO  http.HttpServer2 (HttpServer2.java:addFilter(1015)) - Added filter static_user_filter (class=org.apache.hadoop.http.lib.StaticUserWebFilter$StaticUserFilter) to context logs
2022-12-19 18:39:38,705 [Listener at 127.0.0.1/45319] INFO  http.HttpServer2 (HttpServer2.java:bindListener(1250)) - Jetty bound to port 43099
2022-12-19 18:39:38,705 [Listener at 127.0.0.1/45319] INFO  server.Server (Server.java:doStart(375)) - jetty-9.4.49.v20220914; built: 2022-09-14T01:07:36.601Z; git: 4231a3b2e4cb8548a412a789936d640a97b1aa0a; jvm 1.8.0_352-b08
2022-12-19 18:39:38,724 [Listener at 127.0.0.1/45319] INFO  server.session (DefaultSessionIdManager.java:doStart(334)) - DefaultSessionIdManager workerName=node0
2022-12-19 18:39:38,724 [Listener at 127.0.0.1/45319] INFO  server.session (DefaultSessionIdManager.java:doStart(339)) - No SessionScavenger set, using defaults
2022-12-19 18:39:38,725 [Listener at 127.0.0.1/45319] INFO  server.session (HouseKeeper.java:startScavenging(132)) - node0 Scavenging every 600000ms
2022-12-19 18:39:38,726 [Listener at 127.0.0.1/45319] INFO  handler.ContextHandler (ContextHandler.java:doStart(921)) - Started o.e.j.s.ServletContextHandler@7ceffb96{logs,/logs,file:///home/runner/work/ozone/ozone/hadoop-ozone/integration-test/target/log,AVAILABLE}
2022-12-19 18:39:38,727 [Listener at 127.0.0.1/45319] INFO  handler.ContextHandler (ContextHandler.java:doStart(921)) - Started o.e.j.s.ServletContextHandler@120d45a9{static,/static,jar:file:/home/runner/.m2/repository/org/apache/ozone/hdds-container-service/1.3.0-SNAPSHOT/hdds-container-service-1.3.0-SNAPSHOT.jar!/webapps/static,AVAILABLE}
2022-12-19 18:39:38,904 [Listener at 127.0.0.1/45319] INFO  handler.ContextHandler (ContextHandler.java:doStart(921)) - Started o.e.j.w.WebAppContext@57358e33{hddsDatanode,/,file:///tmp/jetty-0_0_0_0-43099-hdds-container-service-1_3_0-SNAPSHOT_jar-_-any-2393683634707959105/webapp/,AVAILABLE}{jar:file:/home/runner/.m2/repository/org/apache/ozone/hdds-container-service/1.3.0-SNAPSHOT/hdds-container-service-1.3.0-SNAPSHOT.jar!/webapps/hddsDatanode}
2022-12-19 18:39:38,905 [Listener at 127.0.0.1/45319] INFO  server.AbstractConnector (AbstractConnector.java:doStart(333)) - Started ServerConnector@e56b7c0{HTTP/1.1, (http/1.1)}{0.0.0.0:43099}
2022-12-19 18:39:38,906 [Listener at 127.0.0.1/45319] INFO  server.Server (Server.java:doStart(415)) - Started @66395ms
2022-12-19 18:39:38,906 [Listener at 127.0.0.1/45319] WARN  impl.MetricsSystemImpl (MetricsSystemImpl.java:register(279)) - Sink prometheus already exists!
2022-12-19 18:39:38,906 [Listener at 127.0.0.1/45319] INFO  http.BaseHttpServer (BaseHttpServer.java:updateConnectorAddress(333)) - HTTP server of hddsDatanode listening at http://0.0.0.0:43099
2022-12-19 18:39:38,914 [Listener at 127.0.0.1/45319] WARN  impl.MetricRegistriesImpl (MetricRegistriesImpl.java:addReporterRegistration(111)) - New reporters are added after registries were created. Some metrics will be missing from the reporter. Please add reporter before adding any new registry.
2022-12-19 18:39:38,915 [Listener at 127.0.0.1/45319] WARN  impl.MetricRegistriesImpl (MetricRegistriesImpl.java:addReporterRegistration(111)) - New reporters are added after registries were created. Some metrics will be missing from the reporter. Please add reporter before adding any new registry.
2022-12-19 18:39:38,915 [Listener at 127.0.0.1/45319] INFO  impl.MetricsSystemImpl (MetricsSystemImpl.java:init(158)) - HddsDatanode metrics system started (again)
2022-12-19 18:39:38,917 [Datanode State Machine Daemon Thread] INFO  statemachine.DatanodeStateMachine (DatanodeStateMachine.java:lambda$startDaemon$0(509)) - Ozone container server started.
2022-12-19 18:39:38,926 [org.apache.hadoop.util.JvmPauseMonitor$Monitor@43ae7d77] INFO  util.JvmPauseMonitor (JvmPauseMonitor.java:run(188)) - Starting JVM pause monitor
2022-12-19 18:39:38,928 [Datanode State Machine Task Thread - 0] INFO  datanode.InitDatanodeState (InitDatanodeState.java:persistContainerDatanodeDetails(138)) - DatanodeDetails is persisted to /home/runner/work/ozone/ozone/hadoop-ozone/integration-test/target/test-dir/MiniOzoneClusterImpl-90c20adc-2d54-4d1b-8da5-d2480cc87ad8/datanode-0/meta/datanode.id
2022-12-19 18:39:38,935 [Listener at 127.0.0.1/45319] INFO  ozone.HddsDatanodeService (HddsDatanodeService.java:start(236)) - HddsDatanodeService host:fv-az353-760.tkyx2seitsuu3nmpmouz2httfb.bx.internal.cloudapp.net ip:10.1.0.24
2022-12-19 18:39:38,946 [Listener at 127.0.0.1/45319] INFO  upgrade.AbstractLayoutVersionManager (AbstractLayoutVersionManager.java:init(83)) - Initializing Layout version manager with metadata layout = DATANODE_SCHEMA_V3 (version = 4), software layout = DATANODE_SCHEMA_V3 (version = 4)
2022-12-19 18:39:38,991 [Listener at 127.0.0.1/45319] INFO  reflections.Reflections (Reflections.java:scan(232)) - Reflections took 43 ms to scan 7 urls, producing 146 keys and 348 values 
2022-12-19 18:39:38,994 [Listener at 127.0.0.1/45319] INFO  statemachine.DatanodeStateMachine (DatanodeStateMachine.java:getEndPointTaskThreadPoolSize(249)) - Datanode State Machine Task Thread Pool size 2
2022-12-19 18:39:38,996 [Listener at 127.0.0.1/45319] INFO  volume.HddsVolume (HddsVolume.java:<init>(117)) - Creating HddsVolume: /home/runner/work/ozone/ozone/hadoop-ozone/integration-test/target/test-dir/MiniOzoneClusterImpl-90c20adc-2d54-4d1b-8da5-d2480cc87ad8/datanode-1/data-0/containers/hdds of storage type : DISK capacity : 9223372036854775807
2022-12-19 18:39:38,996 [Listener at 127.0.0.1/45319] INFO  volume.MutableVolumeSet (MutableVolumeSet.java:initializeVolumeSet(174)) - Added Volume : /home/runner/work/ozone/ozone/hadoop-ozone/integration-test/target/test-dir/MiniOzoneClusterImpl-90c20adc-2d54-4d1b-8da5-d2480cc87ad8/datanode-1/data-0/containers/hdds to VolumeSet
2022-12-19 18:39:38,997 [Listener at 127.0.0.1/45319] INFO  volume.ThrottledAsyncChecker (ThrottledAsyncChecker.java:schedule(141)) - Scheduling a check for /home/runner/work/ozone/ozone/hadoop-ozone/integration-test/target/test-dir/MiniOzoneClusterImpl-90c20adc-2d54-4d1b-8da5-d2480cc87ad8/datanode-1/data-0/containers/hdds
2022-12-19 18:39:39,003 [Listener at 127.0.0.1/45319] INFO  volume.StorageVolumeChecker (StorageVolumeChecker.java:checkAllVolumes(202)) - Scheduled health check for volume /home/runner/work/ozone/ozone/hadoop-ozone/integration-test/target/test-dir/MiniOzoneClusterImpl-90c20adc-2d54-4d1b-8da5-d2480cc87ad8/datanode-1/data-0/containers/hdds
2022-12-19 18:39:39,014 [Listener at 127.0.0.1/45319] INFO  volume.MutableVolumeSet (MutableVolumeSet.java:initializeVolumeSet(174)) - Added Volume : /home/runner/work/ozone/ozone/hadoop-ozone/integration-test/target/test-dir/MiniOzoneClusterImpl-90c20adc-2d54-4d1b-8da5-d2480cc87ad8/datanode-1/data/ratis to VolumeSet
2022-12-19 18:39:39,014 [Listener at 127.0.0.1/45319] INFO  volume.ThrottledAsyncChecker (ThrottledAsyncChecker.java:schedule(141)) - Scheduling a check for /home/runner/work/ozone/ozone/hadoop-ozone/integration-test/target/test-dir/MiniOzoneClusterImpl-90c20adc-2d54-4d1b-8da5-d2480cc87ad8/datanode-1/data/ratis
2022-12-19 18:39:39,014 [Listener at 127.0.0.1/45319] INFO  volume.StorageVolumeChecker (StorageVolumeChecker.java:checkAllVolumes(202)) - Scheduled health check for volume /home/runner/work/ozone/ozone/hadoop-ozone/integration-test/target/test-dir/MiniOzoneClusterImpl-90c20adc-2d54-4d1b-8da5-d2480cc87ad8/datanode-1/data/ratis
2022-12-19 18:39:39,039 [Listener at 127.0.0.1/45319] INFO  utils.DatanodeStoreCache (DatanodeStoreCache.java:addDB(58)) - Added db /home/runner/work/ozone/ozone/hadoop-ozone/integration-test/target/test-dir/MiniOzoneClusterImpl-90c20adc-2d54-4d1b-8da5-d2480cc87ad8/datanode-1/data-0/containers/hdds/90c20adc-2d54-4d1b-8da5-d2480cc87ad8/DS-27f012e2-8925-4fa9-b2cb-93e848902f73/container.db to cache
2022-12-19 18:39:39,039 [Listener at 127.0.0.1/45319] INFO  volume.HddsVolume (HddsVolume.java:loadDbStore(260)) - SchemaV3 db is loaded at /home/runner/work/ozone/ozone/hadoop-ozone/integration-test/target/test-dir/MiniOzoneClusterImpl-90c20adc-2d54-4d1b-8da5-d2480cc87ad8/datanode-1/data-0/containers/hdds/90c20adc-2d54-4d1b-8da5-d2480cc87ad8/DS-27f012e2-8925-4fa9-b2cb-93e848902f73/container.db for volume DS-27f012e2-8925-4fa9-b2cb-93e848902f73
2022-12-19 18:39:39,040 [Thread-741] INFO  ozoneimpl.ContainerReader (ContainerReader.java:readVolume(145)) - Start to verify containers on volume /home/runner/work/ozone/ozone/hadoop-ozone/integration-test/target/test-dir/MiniOzoneClusterImpl-90c20adc-2d54-4d1b-8da5-d2480cc87ad8/datanode-1/data-0/containers/hdds
2022-12-19 18:39:39,040 [Thread-741] INFO  ozoneimpl.ContainerReader (ContainerReader.java:readVolume(175)) - Finish verifying containers on volume /home/runner/work/ozone/ozone/hadoop-ozone/integration-test/target/test-dir/MiniOzoneClusterImpl-90c20adc-2d54-4d1b-8da5-d2480cc87ad8/datanode-1/data-0/containers/hdds
2022-12-19 18:39:39,040 [Listener at 127.0.0.1/45319] INFO  ozoneimpl.OzoneContainer (OzoneContainer.java:buildContainerSet(301)) - Build ContainerSet costs 0s
2022-12-19 18:39:39,042 [Listener at 127.0.0.1/45319] INFO  server.RaftServer (ConfUtils.java:logGet(46)) - raft.rpc.type = GRPC (default)
2022-12-19 18:39:39,042 [Listener at 127.0.0.1/45319] INFO  grpc.GrpcConfigKeys (ConfUtils.java:logFallback(53)) - raft.grpc.admin.host = null (fallback to raft.grpc.server.host)
2022-12-19 18:39:39,042 [Listener at 127.0.0.1/45319] INFO  grpc.GrpcConfigKeys (ConfUtils.java:logGet(46)) - raft.grpc.admin.port = 45651 (custom)
2022-12-19 18:39:39,042 [Listener at 127.0.0.1/45319] INFO  grpc.GrpcConfigKeys (ConfUtils.java:logFallback(53)) - raft.grpc.client.host = null (fallback to raft.grpc.server.host)
2022-12-19 18:39:39,042 [Listener at 127.0.0.1/45319] INFO  grpc.GrpcConfigKeys (ConfUtils.java:logGet(46)) - raft.grpc.client.port = 45651 (custom)
2022-12-19 18:39:39,042 [Listener at 127.0.0.1/45319] INFO  grpc.GrpcConfigKeys (ConfUtils.java:logGet(46)) - raft.grpc.server.host = null (default)
2022-12-19 18:39:39,043 [Listener at 127.0.0.1/45319] INFO  grpc.GrpcConfigKeys (ConfUtils.java:logGet(46)) - raft.grpc.server.port = 45651 (custom)
2022-12-19 18:39:39,043 [Listener at 127.0.0.1/45319] INFO  server.GrpcService (ConfUtils.java:logGet(46)) - raft.grpc.message.size.max = 32MB (=33554432) (custom)
2022-12-19 18:39:39,043 [Listener at 127.0.0.1/45319] INFO  server.RaftServerConfigKeys (ConfUtils.java:logGet(46)) - raft.server.log.appender.buffer.byte-limit = 33554432 (custom)
2022-12-19 18:39:39,043 [Listener at 127.0.0.1/45319] INFO  server.GrpcService (ConfUtils.java:logGet(46)) - raft.grpc.flow.control.window = 5MB (=5242880) (custom)
2022-12-19 18:39:39,043 [Listener at 127.0.0.1/45319] INFO  server.RaftServerConfigKeys (ConfUtils.java:logGet(46)) - raft.server.rpc.request.timeout = 60s (custom)
2022-12-19 18:39:39,043 [Listener at 127.0.0.1/45319] INFO  grpc.GrpcConfigKeys (ConfUtils.java:logGet(46)) - raft.grpc.server.heartbeat.channel = true (default)
2022-12-19 18:39:39,043 [Listener at 127.0.0.1/45319] INFO  grpc.GrpcConfigKeys (ConfUtils.java:logGet(46)) - raft.grpc.server.async.request.thread.pool.cached = true (default)
2022-12-19 18:39:39,043 [Listener at 127.0.0.1/45319] INFO  grpc.GrpcConfigKeys (ConfUtils.java:logGet(46)) - raft.grpc.server.async.request.thread.pool.size = 32 (default)
2022-12-19 18:39:39,044 [Listener at 127.0.0.1/45319] INFO  impl.DataStreamServerImpl (ConfUtils.java:logGet(46)) - raft.datastream.type = NETTY (custom)
2022-12-19 18:39:39,045 [Listener at 127.0.0.1/45319] INFO  server.RaftServerConfigKeys (ConfUtils.java:logGet(46)) - raft.server.data-stream.async.request.thread.pool.cached = false (default)
2022-12-19 18:39:39,045 [Listener at 127.0.0.1/45319] INFO  server.RaftServerConfigKeys (ConfUtils.java:logGet(46)) - raft.server.data-stream.async.request.thread.pool.size = 20 (custom)
2022-12-19 18:39:39,045 [Listener at 127.0.0.1/45319] INFO  server.RaftServerConfigKeys (ConfUtils.java:logGet(46)) - raft.server.data-stream.async.write.thread.pool.size = 16 (default)
2022-12-19 18:39:39,045 [Listener at 127.0.0.1/45319] INFO  server.RaftServerConfigKeys (ConfUtils.java:logGet(46)) - raft.server.data-stream.client.pool.size = 10 (default)
2022-12-19 18:39:39,045 [Listener at 127.0.0.1/45319] INFO  netty.NettyConfigKeys$DataStream (ConfUtils.java:logGet(46)) - raft.netty.dataStream.server.use-epoll = false (default)
2022-12-19 18:39:39,045 [Listener at 127.0.0.1/45319] INFO  netty.NettyConfigKeys$DataStream (ConfUtils.java:logGet(46)) - raft.netty.dataStream.server.boss-group.size = 0 (default)
2022-12-19 18:39:39,046 [Listener at 127.0.0.1/45319] INFO  netty.NettyConfigKeys$DataStream (ConfUtils.java:logGet(46)) - raft.netty.dataStream.server.worker-group.size = 0 (default)
2022-12-19 18:39:39,046 [Listener at 127.0.0.1/45319] INFO  netty.NettyConfigKeys$DataStream (ConfUtils.java:logGet(46)) - raft.netty.dataStream.server.tls.conf = null (default)
2022-12-19 18:39:39,046 [Listener at 127.0.0.1/45319] INFO  netty.NettyConfigKeys$DataStream (ConfUtils.java:logGet(46)) - raft.netty.dataStream.host = null (default)
2022-12-19 18:39:39,046 [Listener at 127.0.0.1/45319] INFO  netty.NettyConfigKeys$DataStream (ConfUtils.java:logGet(46)) - raft.netty.dataStream.port = 0 (default)
2022-12-19 18:39:39,050 [Listener at 127.0.0.1/45319] INFO  server.RaftServerConfigKeys (ConfUtils.java:logGet(46)) - raft.server.threadpool.proxy.cached = true (default)
2022-12-19 18:39:39,050 [Listener at 127.0.0.1/45319] INFO  server.RaftServerConfigKeys (ConfUtils.java:logGet(46)) - raft.server.threadpool.proxy.size = 0 (default)
2022-12-19 18:39:39,050 [Listener at 127.0.0.1/45319] INFO  server.RaftServerConfigKeys (ConfUtils.java:logGet(46)) - raft.server.rpc.slowness.timeout = 300s (custom)
2022-12-19 18:39:39,050 [Listener at 127.0.0.1/45319] INFO  server.RaftServerConfigKeys (ConfUtils.java:logGet(46)) - raft.server.leaderelection.leader.step-down.wait-time = 10s (default)
2022-12-19 18:39:39,050 [Listener at 127.0.0.1/45319] INFO  server.RaftServerConfigKeys (ConfUtils.java:logGet(46)) - raft.server.storage.dir = [/home/runner/work/ozone/ozone/hadoop-ozone/integration-test/target/test-dir/MiniOzoneClusterImpl-90c20adc-2d54-4d1b-8da5-d2480cc87ad8/datanode-1/data/ratis] (custom)
2022-12-19 18:39:39,051 [e72e8305-aa7c-42f4-a8e1-859d068dd798-NettyServerStreamRpc-bossGroup--thread1] INFO  logging.LoggingHandler (AbstractInternalLogger.java:log(148)) - [id: 0x919ff588] REGISTERED
2022-12-19 18:39:39,051 [e72e8305-aa7c-42f4-a8e1-859d068dd798-NettyServerStreamRpc-bossGroup--thread1] INFO  logging.LoggingHandler (AbstractInternalLogger.java:log(148)) - [id: 0x919ff588] BIND: 0.0.0.0/0.0.0.0:0
2022-12-19 18:39:39,051 [e72e8305-aa7c-42f4-a8e1-859d068dd798-NettyServerStreamRpc-bossGroup--thread1] INFO  logging.LoggingHandler (AbstractInternalLogger.java:log(148)) - [id: 0x919ff588, L:/0:0:0:0:0:0:0:0:33895] ACTIVE
2022-12-19 18:39:39,051 [e72e8305-aa7c-42f4-a8e1-859d068dd798-impl-thread1] INFO  server.RaftServer (RaftServerProxy.java:initGroupDir(251)) - e72e8305-aa7c-42f4-a8e1-859d068dd798: found a subdirectory /home/runner/work/ozone/ozone/hadoop-ozone/integration-test/target/test-dir/MiniOzoneClusterImpl-90c20adc-2d54-4d1b-8da5-d2480cc87ad8/datanode-1/data/ratis/e490be5d-3be4-443a-ba5c-bcca0ae98f56
2022-12-19 18:39:39,052 [e72e8305-aa7c-42f4-a8e1-859d068dd798-impl-thread1] INFO  server.RaftServer (RaftServerProxy.java:addNew(96)) - e72e8305-aa7c-42f4-a8e1-859d068dd798: addNew group-BCCA0AE98F56:[] returns group-BCCA0AE98F56:java.util.concurrent.CompletableFuture@70f45d0f[Not completed]
2022-12-19 18:39:39,052 [e72e8305-aa7c-42f4-a8e1-859d068dd798-impl-thread1] INFO  server.RaftServer (RaftServerProxy.java:initGroupDir(251)) - e72e8305-aa7c-42f4-a8e1-859d068dd798: found a subdirectory /home/runner/work/ozone/ozone/hadoop-ozone/integration-test/target/test-dir/MiniOzoneClusterImpl-90c20adc-2d54-4d1b-8da5-d2480cc87ad8/datanode-1/data/ratis/ca5ef7af-91bf-4b43-857c-ad314e80544a
2022-12-19 18:39:39,052 [e72e8305-aa7c-42f4-a8e1-859d068dd798-impl-thread1] INFO  server.RaftServer (RaftServerProxy.java:addNew(96)) - e72e8305-aa7c-42f4-a8e1-859d068dd798: addNew group-AD314E80544A:[] returns group-AD314E80544A:java.util.concurrent.CompletableFuture@74cbd7c9[Not completed]
2022-12-19 18:39:39,052 [e72e8305-aa7c-42f4-a8e1-859d068dd798-impl-thread1] INFO  server.RaftServer (RaftServerProxy.java:initGroupDir(251)) - e72e8305-aa7c-42f4-a8e1-859d068dd798: found a subdirectory /home/runner/work/ozone/ozone/hadoop-ozone/integration-test/target/test-dir/MiniOzoneClusterImpl-90c20adc-2d54-4d1b-8da5-d2480cc87ad8/datanode-1/data/ratis/35e228cb-df5d-4968-ae0c-342acfa3cce1
2022-12-19 18:39:39,052 [e72e8305-aa7c-42f4-a8e1-859d068dd798-impl-thread1] INFO  server.RaftServer (RaftServerProxy.java:addNew(96)) - e72e8305-aa7c-42f4-a8e1-859d068dd798: addNew group-342ACFA3CCE1:[] returns group-342ACFA3CCE1:java.util.concurrent.CompletableFuture@31c95734[Not completed]
2022-12-19 18:39:39,053 [Listener at 127.0.0.1/45319] INFO  server.XceiverServerGrpc (XceiverServerGrpc.java:<init>(132)) - GrpcServer channel type EpollServerSocketChannel
2022-12-19 18:39:39,055 [pool-430-thread-1] INFO  server.RaftServer$Division (RaftServerImpl.java:<init>(195)) - e72e8305-aa7c-42f4-a8e1-859d068dd798: new RaftServerImpl for group-BCCA0AE98F56:[] with ContainerStateMachine:uninitialized
2022-12-19 18:39:39,055 [pool-430-thread-1] INFO  server.RaftServerConfigKeys (ConfUtils.java:logGet(46)) - raft.server.rpc.timeout.min = 5s (custom)
2022-12-19 18:39:39,055 [pool-430-thread-1] INFO  server.RaftServerConfigKeys (ConfUtils.java:logGet(46)) - raft.server.rpc.timeout.max = 5200ms (custom)
2022-12-19 18:39:39,055 [pool-430-thread-1] INFO  server.RaftServerConfigKeys (ConfUtils.java:logGet(46)) - raft.server.rpc.sleep.time = 25ms (default)
2022-12-19 18:39:39,055 [pool-430-thread-1] INFO  server.RaftServerConfigKeys (ConfUtils.java:logGet(46)) - raft.server.rpc.slowness.timeout = 300s (custom)
2022-12-19 18:39:39,055 [pool-430-thread-1] INFO  server.RaftServerConfigKeys (ConfUtils.java:logGet(46)) - raft.server.leaderelection.leader.step-down.wait-time = 10s (default)
2022-12-19 18:39:39,055 [pool-430-thread-1] INFO  server.RaftServerConfigKeys (ConfUtils.java:logGet(46)) - raft.server.sleep.deviation.threshold = 300ms (default)
2022-12-19 18:39:39,055 [pool-430-thread-1] INFO  server.RaftServer$Division (ServerState.java:<init>(118)) - e72e8305-aa7c-42f4-a8e1-859d068dd798@group-BCCA0AE98F56: ConfigurationManager, init=-1: peers:[]|listeners:[], old=null, confs=<EMPTY_MAP>
2022-12-19 18:39:39,055 [pool-430-thread-1] INFO  server.RaftServerConfigKeys (ConfUtils.java:logGet(46)) - raft.server.storage.dir = [/home/runner/work/ozone/ozone/hadoop-ozone/integration-test/target/test-dir/MiniOzoneClusterImpl-90c20adc-2d54-4d1b-8da5-d2480cc87ad8/datanode-1/data/ratis] (custom)
2022-12-19 18:39:39,056 [pool-430-thread-1] INFO  server.RaftServerConfigKeys (ConfUtils.java:logGet(46)) - raft.server.log.corruption.policy = EXCEPTION (default)
2022-12-19 18:39:39,056 [pool-430-thread-1] INFO  server.RaftServerConfigKeys (ConfUtils.java:logGet(46)) - raft.server.storage.free-space.min = 0MB (=0) (default)
2022-12-19 18:39:39,056 [pool-430-thread-1] INFO  server.RaftServerConfigKeys (ConfUtils.java:logGet(46)) - raft.server.notification.no-leader.timeout = 300s (custom)
2022-12-19 18:39:39,056 [pool-430-thread-1] INFO  server.RaftServerConfigKeys (ConfUtils.java:logGet(46)) - raft.server.retrycache.expirytime = 600000ms (custom)
2022-12-19 18:39:39,056 [pool-430-thread-1] INFO  server.RaftServerConfigKeys (ConfUtils.java:logGet(46)) - raft.server.retrycache.statistics.expirytime = 100μs (default)
2022-12-19 18:39:39,057 [pool-430-thread-1] INFO  server.RaftServerConfigKeys (ConfUtils.java:logGet(46)) - raft.server.log.appender.install.snapshot.enabled = false (custom)
2022-12-19 18:39:39,057 [pool-430-thread-1] INFO  server.RaftServerConfigKeys (ConfUtils.java:logGet(46)) - raft.server.threadpool.server.cached = true (default)
2022-12-19 18:39:39,057 [pool-430-thread-1] INFO  server.RaftServerConfigKeys (ConfUtils.java:logGet(46)) - raft.server.threadpool.server.size = 0 (default)
2022-12-19 18:39:39,057 [pool-430-thread-1] INFO  server.RaftServerConfigKeys (ConfUtils.java:logGet(46)) - raft.server.threadpool.client.cached = true (default)
2022-12-19 18:39:39,057 [pool-430-thread-1] INFO  server.RaftServerConfigKeys (ConfUtils.java:logGet(46)) - raft.server.threadpool.client.size = 0 (default)
2022-12-19 18:39:39,057 [pool-430-thread-1] INFO  server.RaftServer$Division (RaftServerImpl.java:<init>(195)) - e72e8305-aa7c-42f4-a8e1-859d068dd798: new RaftServerImpl for group-AD314E80544A:[] with ContainerStateMachine:uninitialized
2022-12-19 18:39:39,057 [pool-430-thread-1] INFO  server.RaftServerConfigKeys (ConfUtils.java:logGet(46)) - raft.server.rpc.timeout.min = 5s (custom)
2022-12-19 18:39:39,057 [pool-430-thread-1] INFO  server.RaftServerConfigKeys (ConfUtils.java:logGet(46)) - raft.server.rpc.timeout.max = 5200ms (custom)
2022-12-19 18:39:39,057 [pool-430-thread-1] INFO  server.RaftServerConfigKeys (ConfUtils.java:logGet(46)) - raft.server.rpc.sleep.time = 25ms (default)
2022-12-19 18:39:39,057 [pool-430-thread-1] INFO  server.RaftServerConfigKeys (ConfUtils.java:logGet(46)) - raft.server.rpc.slowness.timeout = 300s (custom)
2022-12-19 18:39:39,057 [pool-430-thread-1] INFO  server.RaftServerConfigKeys (ConfUtils.java:logGet(46)) - raft.server.leaderelection.leader.step-down.wait-time = 10s (default)
2022-12-19 18:39:39,057 [pool-430-thread-1] INFO  server.RaftServerConfigKeys (ConfUtils.java:logGet(46)) - raft.server.sleep.deviation.threshold = 300ms (default)
2022-12-19 18:39:39,058 [pool-430-thread-1] INFO  server.RaftServer$Division (ServerState.java:<init>(118)) - e72e8305-aa7c-42f4-a8e1-859d068dd798@group-AD314E80544A: ConfigurationManager, init=-1: peers:[]|listeners:[], old=null, confs=<EMPTY_MAP>
2022-12-19 18:39:39,058 [pool-430-thread-1] INFO  server.RaftServerConfigKeys (ConfUtils.java:logGet(46)) - raft.server.storage.dir = [/home/runner/work/ozone/ozone/hadoop-ozone/integration-test/target/test-dir/MiniOzoneClusterImpl-90c20adc-2d54-4d1b-8da5-d2480cc87ad8/datanode-1/data/ratis] (custom)
2022-12-19 18:39:39,058 [pool-430-thread-1] INFO  server.RaftServerConfigKeys (ConfUtils.java:logGet(46)) - raft.server.log.corruption.policy = EXCEPTION (default)
2022-12-19 18:39:39,058 [pool-430-thread-1] INFO  server.RaftServerConfigKeys (ConfUtils.java:logGet(46)) - raft.server.storage.free-space.min = 0MB (=0) (default)
2022-12-19 18:39:39,058 [pool-430-thread-1] INFO  server.RaftServerConfigKeys (ConfUtils.java:logGet(46)) - raft.server.notification.no-leader.timeout = 300s (custom)
2022-12-19 18:39:39,058 [pool-430-thread-1] INFO  server.RaftServerConfigKeys (ConfUtils.java:logGet(46)) - raft.server.retrycache.expirytime = 600000ms (custom)
2022-12-19 18:39:39,058 [pool-430-thread-1] INFO  server.RaftServerConfigKeys (ConfUtils.java:logGet(46)) - raft.server.retrycache.statistics.expirytime = 100μs (default)
2022-12-19 18:39:39,059 [pool-430-thread-1] INFO  server.RaftServerConfigKeys (ConfUtils.java:logGet(46)) - raft.server.log.appender.install.snapshot.enabled = false (custom)
2022-12-19 18:39:39,059 [pool-430-thread-1] INFO  server.RaftServerConfigKeys (ConfUtils.java:logGet(46)) - raft.server.threadpool.server.cached = true (default)
2022-12-19 18:39:39,059 [pool-430-thread-1] INFO  server.RaftServerConfigKeys (ConfUtils.java:logGet(46)) - raft.server.threadpool.server.size = 0 (default)
2022-12-19 18:39:39,059 [pool-430-thread-1] INFO  server.RaftServerConfigKeys (ConfUtils.java:logGet(46)) - raft.server.threadpool.client.cached = true (default)
2022-12-19 18:39:39,059 [pool-430-thread-1] INFO  server.RaftServerConfigKeys (ConfUtils.java:logGet(46)) - raft.server.threadpool.client.size = 0 (default)
2022-12-19 18:39:39,059 [pool-430-thread-1] INFO  server.RaftServer$Division (RaftServerImpl.java:<init>(195)) - e72e8305-aa7c-42f4-a8e1-859d068dd798: new RaftServerImpl for group-342ACFA3CCE1:[] with ContainerStateMachine:uninitialized
2022-12-19 18:39:39,059 [pool-430-thread-1] INFO  server.RaftServerConfigKeys (ConfUtils.java:logGet(46)) - raft.server.rpc.timeout.min = 5s (custom)
2022-12-19 18:39:39,059 [pool-430-thread-1] INFO  server.RaftServerConfigKeys (ConfUtils.java:logGet(46)) - raft.server.rpc.timeout.max = 5200ms (custom)
2022-12-19 18:39:39,059 [pool-430-thread-1] INFO  server.RaftServerConfigKeys (ConfUtils.java:logGet(46)) - raft.server.rpc.sleep.time = 25ms (default)
2022-12-19 18:39:39,059 [pool-430-thread-1] INFO  server.RaftServerConfigKeys (ConfUtils.java:logGet(46)) - raft.server.rpc.slowness.timeout = 300s (custom)
2022-12-19 18:39:39,059 [pool-430-thread-1] INFO  server.RaftServerConfigKeys (ConfUtils.java:logGet(46)) - raft.server.leaderelection.leader.step-down.wait-time = 10s (default)
2022-12-19 18:39:39,059 [pool-430-thread-1] INFO  server.RaftServerConfigKeys (ConfUtils.java:logGet(46)) - raft.server.sleep.deviation.threshold = 300ms (default)
2022-12-19 18:39:39,059 [pool-430-thread-1] INFO  server.RaftServer$Division (ServerState.java:<init>(118)) - e72e8305-aa7c-42f4-a8e1-859d068dd798@group-342ACFA3CCE1: ConfigurationManager, init=-1: peers:[]|listeners:[], old=null, confs=<EMPTY_MAP>
2022-12-19 18:39:39,060 [pool-430-thread-1] INFO  server.RaftServerConfigKeys (ConfUtils.java:logGet(46)) - raft.server.storage.dir = [/home/runner/work/ozone/ozone/hadoop-ozone/integration-test/target/test-dir/MiniOzoneClusterImpl-90c20adc-2d54-4d1b-8da5-d2480cc87ad8/datanode-1/data/ratis] (custom)
2022-12-19 18:39:39,060 [pool-430-thread-1] INFO  server.RaftServerConfigKeys (ConfUtils.java:logGet(46)) - raft.server.log.corruption.policy = EXCEPTION (default)
2022-12-19 18:39:39,060 [pool-430-thread-1] INFO  server.RaftServerConfigKeys (ConfUtils.java:logGet(46)) - raft.server.storage.free-space.min = 0MB (=0) (default)
2022-12-19 18:39:39,060 [pool-430-thread-1] INFO  server.RaftServerConfigKeys (ConfUtils.java:logGet(46)) - raft.server.notification.no-leader.timeout = 300s (custom)
2022-12-19 18:39:39,060 [pool-430-thread-1] INFO  server.RaftServerConfigKeys (ConfUtils.java:logGet(46)) - raft.server.retrycache.expirytime = 600000ms (custom)
2022-12-19 18:39:39,060 [pool-430-thread-1] INFO  server.RaftServerConfigKeys (ConfUtils.java:logGet(46)) - raft.server.retrycache.statistics.expirytime = 100μs (default)
2022-12-19 18:39:39,060 [pool-430-thread-1] INFO  server.RaftServerConfigKeys (ConfUtils.java:logGet(46)) - raft.server.log.appender.install.snapshot.enabled = false (custom)
2022-12-19 18:39:39,061 [pool-430-thread-1] INFO  server.RaftServerConfigKeys (ConfUtils.java:logGet(46)) - raft.server.threadpool.server.cached = true (default)
2022-12-19 18:39:39,061 [pool-430-thread-1] INFO  server.RaftServerConfigKeys (ConfUtils.java:logGet(46)) - raft.server.threadpool.server.size = 0 (default)
2022-12-19 18:39:39,061 [pool-430-thread-1] INFO  server.RaftServerConfigKeys (ConfUtils.java:logGet(46)) - raft.server.threadpool.client.cached = true (default)
2022-12-19 18:39:39,061 [pool-430-thread-1] INFO  server.RaftServerConfigKeys (ConfUtils.java:logGet(46)) - raft.server.threadpool.client.size = 0 (default)
2022-12-19 18:39:39,062 [Listener at 127.0.0.1/45319] INFO  http.BaseHttpServer (BaseHttpServer.java:newHttpServer2BuilderForOzone(213)) - Starting Web-server for hddsDatanode at: http://0.0.0.0:45235
2022-12-19 18:39:39,062 [Listener at 127.0.0.1/45319] INFO  http.BaseHttpServer (BaseHttpServer.java:<init>(108)) - Hadoop Security Enabled: false Ozone Security Enabled: false Ozone HTTP Security Enabled: false 
2022-12-19 18:39:39,063 [Listener at 127.0.0.1/45319] WARN  server.AuthenticationFilter (AuthenticationFilter.java:constructSecretProvider(240)) - Unable to initialize FileSignerSecretProvider, falling back to use random secrets. Reason: Could not read signature secret file: /home/runner/hadoop-http-auth-signature-secret
2022-12-19 18:39:39,065 [Listener at 127.0.0.1/45319] WARN  http.HttpRequestLog (HttpRequestLog.java:getRequestLog(103)) - Jetty request log can only be enabled using Log4j
2022-12-19 18:39:39,067 [Listener at 127.0.0.1/45319] INFO  http.HttpServer2 (HttpServer2.java:addGlobalFilter(1031)) - Added global filter 'safety' (class=org.apache.hadoop.hdds.server.http.HttpServer2$QuotingInputFilter)
2022-12-19 18:39:39,067 [Listener at 127.0.0.1/45319] INFO  http.HttpServer2 (HttpServer2.java:addFilter(1007)) - Added filter static_user_filter (class=org.apache.hadoop.http.lib.StaticUserWebFilter$StaticUserFilter) to context hddsDatanode
2022-12-19 18:39:39,067 [Listener at 127.0.0.1/45319] INFO  http.HttpServer2 (HttpServer2.java:addFilter(1015)) - Added filter static_user_filter (class=org.apache.hadoop.http.lib.StaticUserWebFilter$StaticUserFilter) to context static
2022-12-19 18:39:39,067 [Listener at 127.0.0.1/45319] INFO  http.HttpServer2 (HttpServer2.java:addFilter(1015)) - Added filter static_user_filter (class=org.apache.hadoop.http.lib.StaticUserWebFilter$StaticUserFilter) to context logs
2022-12-19 18:39:39,068 [Listener at 127.0.0.1/45319] INFO  http.HttpServer2 (HttpServer2.java:bindListener(1250)) - Jetty bound to port 45235
2022-12-19 18:39:39,068 [Listener at 127.0.0.1/45319] INFO  server.Server (Server.java:doStart(375)) - jetty-9.4.49.v20220914; built: 2022-09-14T01:07:36.601Z; git: 4231a3b2e4cb8548a412a789936d640a97b1aa0a; jvm 1.8.0_352-b08
2022-12-19 18:39:39,069 [Listener at 127.0.0.1/45319] INFO  server.session (DefaultSessionIdManager.java:doStart(334)) - DefaultSessionIdManager workerName=node0
2022-12-19 18:39:39,069 [Listener at 127.0.0.1/45319] INFO  server.session (DefaultSessionIdManager.java:doStart(339)) - No SessionScavenger set, using defaults
2022-12-19 18:39:39,069 [Listener at 127.0.0.1/45319] INFO  server.session (HouseKeeper.java:startScavenging(132)) - node0 Scavenging every 600000ms
2022-12-19 18:39:39,070 [Listener at 127.0.0.1/45319] INFO  handler.ContextHandler (ContextHandler.java:doStart(921)) - Started o.e.j.s.ServletContextHandler@7adbf40c{logs,/logs,file:///home/runner/work/ozone/ozone/hadoop-ozone/integration-test/target/log,AVAILABLE}
2022-12-19 18:39:39,070 [Listener at 127.0.0.1/45319] INFO  handler.ContextHandler (ContextHandler.java:doStart(921)) - Started o.e.j.s.ServletContextHandler@4745df2{static,/static,jar:file:/home/runner/.m2/repository/org/apache/ozone/hdds-container-service/1.3.0-SNAPSHOT/hdds-container-service-1.3.0-SNAPSHOT.jar!/webapps/static,AVAILABLE}
2022-12-19 18:39:39,245 [Listener at 127.0.0.1/45319] INFO  handler.ContextHandler (ContextHandler.java:doStart(921)) - Started o.e.j.w.WebAppContext@70abc6d1{hddsDatanode,/,file:///tmp/jetty-0_0_0_0-45235-hdds-container-service-1_3_0-SNAPSHOT_jar-_-any-3459154072990734953/webapp/,AVAILABLE}{jar:file:/home/runner/.m2/repository/org/apache/ozone/hdds-container-service/1.3.0-SNAPSHOT/hdds-container-service-1.3.0-SNAPSHOT.jar!/webapps/hddsDatanode}
2022-12-19 18:39:39,246 [Listener at 127.0.0.1/45319] INFO  server.AbstractConnector (AbstractConnector.java:doStart(333)) - Started ServerConnector@400d6151{HTTP/1.1, (http/1.1)}{0.0.0.0:45235}
2022-12-19 18:39:39,247 [Listener at 127.0.0.1/45319] INFO  server.Server (Server.java:doStart(415)) - Started @66736ms
2022-12-19 18:39:39,247 [Listener at 127.0.0.1/45319] WARN  impl.MetricsSystemImpl (MetricsSystemImpl.java:register(279)) - Sink prometheus already exists!
2022-12-19 18:39:39,248 [Listener at 127.0.0.1/45319] INFO  http.BaseHttpServer (BaseHttpServer.java:updateConnectorAddress(333)) - HTTP server of hddsDatanode listening at http://0.0.0.0:45235
2022-12-19 18:39:39,249 [Datanode State Machine Daemon Thread] INFO  statemachine.DatanodeStateMachine (DatanodeStateMachine.java:lambda$startDaemon$0(509)) - Ozone container server started.
2022-12-19 18:39:39,250 [Listener at 127.0.0.1/45319] WARN  impl.MetricRegistriesImpl (MetricRegistriesImpl.java:addReporterRegistration(111)) - New reporters are added after registries were created. Some metrics will be missing from the reporter. Please add reporter before adding any new registry.
2022-12-19 18:39:39,250 [Listener at 127.0.0.1/45319] WARN  impl.MetricRegistriesImpl (MetricRegistriesImpl.java:addReporterRegistration(111)) - New reporters are added after registries were created. Some metrics will be missing from the reporter. Please add reporter before adding any new registry.
2022-12-19 18:39:39,250 [Listener at 127.0.0.1/45319] INFO  impl.MetricsSystemImpl (MetricsSystemImpl.java:init(158)) - HddsDatanode metrics system started (again)
2022-12-19 18:39:39,262 [Listener at 127.0.0.1/45319] INFO  ozone.HddsDatanodeService (HddsDatanodeService.java:start(236)) - HddsDatanodeService host:fv-az353-760.tkyx2seitsuu3nmpmouz2httfb.bx.internal.cloudapp.net ip:10.1.0.24
2022-12-19 18:39:39,265 [org.apache.hadoop.util.JvmPauseMonitor$Monitor@2fcbb4fc] INFO  util.JvmPauseMonitor (JvmPauseMonitor.java:run(188)) - Starting JVM pause monitor
2022-12-19 18:39:39,267 [Datanode State Machine Task Thread - 0] INFO  datanode.InitDatanodeState (InitDatanodeState.java:persistContainerDatanodeDetails(138)) - DatanodeDetails is persisted to /home/runner/work/ozone/ozone/hadoop-ozone/integration-test/target/test-dir/MiniOzoneClusterImpl-90c20adc-2d54-4d1b-8da5-d2480cc87ad8/datanode-1/meta/datanode.id
2022-12-19 18:39:39,273 [Listener at 127.0.0.1/45319] INFO  upgrade.AbstractLayoutVersionManager (AbstractLayoutVersionManager.java:init(83)) - Initializing Layout version manager with metadata layout = DATANODE_SCHEMA_V3 (version = 4), software layout = DATANODE_SCHEMA_V3 (version = 4)
2022-12-19 18:39:39,317 [Listener at 127.0.0.1/45319] INFO  reflections.Reflections (Reflections.java:scan(232)) - Reflections took 43 ms to scan 7 urls, producing 146 keys and 348 values 
2022-12-19 18:39:39,318 [Listener at 127.0.0.1/45319] INFO  statemachine.DatanodeStateMachine (DatanodeStateMachine.java:getEndPointTaskThreadPoolSize(249)) - Datanode State Machine Task Thread Pool size 2
2022-12-19 18:39:39,319 [Listener at 127.0.0.1/45319] INFO  volume.HddsVolume (HddsVolume.java:<init>(117)) - Creating HddsVolume: /home/runner/work/ozone/ozone/hadoop-ozone/integration-test/target/test-dir/MiniOzoneClusterImpl-90c20adc-2d54-4d1b-8da5-d2480cc87ad8/datanode-2/data-0/containers/hdds of storage type : DISK capacity : 9223372036854775807
2022-12-19 18:39:39,320 [Listener at 127.0.0.1/45319] INFO  volume.MutableVolumeSet (MutableVolumeSet.java:initializeVolumeSet(174)) - Added Volume : /home/runner/work/ozone/ozone/hadoop-ozone/integration-test/target/test-dir/MiniOzoneClusterImpl-90c20adc-2d54-4d1b-8da5-d2480cc87ad8/datanode-2/data-0/containers/hdds to VolumeSet
2022-12-19 18:39:39,320 [Listener at 127.0.0.1/45319] INFO  volume.ThrottledAsyncChecker (ThrottledAsyncChecker.java:schedule(141)) - Scheduling a check for /home/runner/work/ozone/ozone/hadoop-ozone/integration-test/target/test-dir/MiniOzoneClusterImpl-90c20adc-2d54-4d1b-8da5-d2480cc87ad8/datanode-2/data-0/containers/hdds
2022-12-19 18:39:39,323 [Listener at 127.0.0.1/45319] INFO  volume.StorageVolumeChecker (StorageVolumeChecker.java:checkAllVolumes(202)) - Scheduled health check for volume /home/runner/work/ozone/ozone/hadoop-ozone/integration-test/target/test-dir/MiniOzoneClusterImpl-90c20adc-2d54-4d1b-8da5-d2480cc87ad8/datanode-2/data-0/containers/hdds
2022-12-19 18:39:39,334 [Listener at 127.0.0.1/45319] INFO  volume.MutableVolumeSet (MutableVolumeSet.java:initializeVolumeSet(174)) - Added Volume : /home/runner/work/ozone/ozone/hadoop-ozone/integration-test/target/test-dir/MiniOzoneClusterImpl-90c20adc-2d54-4d1b-8da5-d2480cc87ad8/datanode-2/data/ratis to VolumeSet
2022-12-19 18:39:39,334 [Listener at 127.0.0.1/45319] INFO  volume.ThrottledAsyncChecker (ThrottledAsyncChecker.java:schedule(141)) - Scheduling a check for /home/runner/work/ozone/ozone/hadoop-ozone/integration-test/target/test-dir/MiniOzoneClusterImpl-90c20adc-2d54-4d1b-8da5-d2480cc87ad8/datanode-2/data/ratis
2022-12-19 18:39:39,334 [Listener at 127.0.0.1/45319] INFO  volume.StorageVolumeChecker (StorageVolumeChecker.java:checkAllVolumes(202)) - Scheduled health check for volume /home/runner/work/ozone/ozone/hadoop-ozone/integration-test/target/test-dir/MiniOzoneClusterImpl-90c20adc-2d54-4d1b-8da5-d2480cc87ad8/datanode-2/data/ratis
2022-12-19 18:39:39,357 [Listener at 127.0.0.1/45319] INFO  utils.DatanodeStoreCache (DatanodeStoreCache.java:addDB(58)) - Added db /home/runner/work/ozone/ozone/hadoop-ozone/integration-test/target/test-dir/MiniOzoneClusterImpl-90c20adc-2d54-4d1b-8da5-d2480cc87ad8/datanode-2/data-0/containers/hdds/90c20adc-2d54-4d1b-8da5-d2480cc87ad8/DS-c9a1e042-4dff-44bc-b34a-e99c6b58e020/container.db to cache
2022-12-19 18:39:39,358 [Listener at 127.0.0.1/45319] INFO  volume.HddsVolume (HddsVolume.java:loadDbStore(260)) - SchemaV3 db is loaded at /home/runner/work/ozone/ozone/hadoop-ozone/integration-test/target/test-dir/MiniOzoneClusterImpl-90c20adc-2d54-4d1b-8da5-d2480cc87ad8/datanode-2/data-0/containers/hdds/90c20adc-2d54-4d1b-8da5-d2480cc87ad8/DS-c9a1e042-4dff-44bc-b34a-e99c6b58e020/container.db for volume DS-c9a1e042-4dff-44bc-b34a-e99c6b58e020
2022-12-19 18:39:39,358 [Thread-755] INFO  ozoneimpl.ContainerReader (ContainerReader.java:readVolume(145)) - Start to verify containers on volume /home/runner/work/ozone/ozone/hadoop-ozone/integration-test/target/test-dir/MiniOzoneClusterImpl-90c20adc-2d54-4d1b-8da5-d2480cc87ad8/datanode-2/data-0/containers/hdds
2022-12-19 18:39:39,358 [Thread-755] INFO  ozoneimpl.ContainerReader (ContainerReader.java:readVolume(175)) - Finish verifying containers on volume /home/runner/work/ozone/ozone/hadoop-ozone/integration-test/target/test-dir/MiniOzoneClusterImpl-90c20adc-2d54-4d1b-8da5-d2480cc87ad8/datanode-2/data-0/containers/hdds
2022-12-19 18:39:39,358 [Listener at 127.0.0.1/45319] INFO  ozoneimpl.OzoneContainer (OzoneContainer.java:buildContainerSet(301)) - Build ContainerSet costs 0s
2022-12-19 18:39:39,360 [Listener at 127.0.0.1/45319] INFO  server.RaftServer (ConfUtils.java:logGet(46)) - raft.rpc.type = GRPC (default)
2022-12-19 18:39:39,361 [Listener at 127.0.0.1/45319] INFO  grpc.GrpcConfigKeys (ConfUtils.java:logFallback(53)) - raft.grpc.admin.host = null (fallback to raft.grpc.server.host)
2022-12-19 18:39:39,361 [Listener at 127.0.0.1/45319] INFO  grpc.GrpcConfigKeys (ConfUtils.java:logGet(46)) - raft.grpc.admin.port = 37267 (custom)
2022-12-19 18:39:39,361 [Listener at 127.0.0.1/45319] INFO  grpc.GrpcConfigKeys (ConfUtils.java:logFallback(53)) - raft.grpc.client.host = null (fallback to raft.grpc.server.host)
2022-12-19 18:39:39,361 [Listener at 127.0.0.1/45319] INFO  grpc.GrpcConfigKeys (ConfUtils.java:logGet(46)) - raft.grpc.client.port = 37267 (custom)
2022-12-19 18:39:39,361 [Listener at 127.0.0.1/45319] INFO  grpc.GrpcConfigKeys (ConfUtils.java:logGet(46)) - raft.grpc.server.host = null (default)
2022-12-19 18:39:39,361 [Listener at 127.0.0.1/45319] INFO  grpc.GrpcConfigKeys (ConfUtils.java:logGet(46)) - raft.grpc.server.port = 37267 (custom)
2022-12-19 18:39:39,361 [Listener at 127.0.0.1/45319] INFO  server.GrpcService (ConfUtils.java:logGet(46)) - raft.grpc.message.size.max = 32MB (=33554432) (custom)
2022-12-19 18:39:39,361 [Listener at 127.0.0.1/45319] INFO  server.RaftServerConfigKeys (ConfUtils.java:logGet(46)) - raft.server.log.appender.buffer.byte-limit = 33554432 (custom)
2022-12-19 18:39:39,361 [Listener at 127.0.0.1/45319] INFO  server.GrpcService (ConfUtils.java:logGet(46)) - raft.grpc.flow.control.window = 5MB (=5242880) (custom)
2022-12-19 18:39:39,362 [Listener at 127.0.0.1/45319] INFO  server.RaftServerConfigKeys (ConfUtils.java:logGet(46)) - raft.server.rpc.request.timeout = 60s (custom)
2022-12-19 18:39:39,362 [Listener at 127.0.0.1/45319] INFO  grpc.GrpcConfigKeys (ConfUtils.java:logGet(46)) - raft.grpc.server.heartbeat.channel = true (default)
2022-12-19 18:39:39,362 [Listener at 127.0.0.1/45319] INFO  grpc.GrpcConfigKeys (ConfUtils.java:logGet(46)) - raft.grpc.server.async.request.thread.pool.cached = true (default)
2022-12-19 18:39:39,362 [Listener at 127.0.0.1/45319] INFO  grpc.GrpcConfigKeys (ConfUtils.java:logGet(46)) - raft.grpc.server.async.request.thread.pool.size = 32 (default)
2022-12-19 18:39:39,363 [Listener at 127.0.0.1/45319] INFO  impl.DataStreamServerImpl (ConfUtils.java:logGet(46)) - raft.datastream.type = NETTY (custom)
2022-12-19 18:39:39,363 [Listener at 127.0.0.1/45319] INFO  server.RaftServerConfigKeys (ConfUtils.java:logGet(46)) - raft.server.data-stream.async.request.thread.pool.cached = false (default)
2022-12-19 18:39:39,363 [Listener at 127.0.0.1/45319] INFO  server.RaftServerConfigKeys (ConfUtils.java:logGet(46)) - raft.server.data-stream.async.request.thread.pool.size = 20 (custom)
2022-12-19 18:39:39,363 [Listener at 127.0.0.1/45319] INFO  server.RaftServerConfigKeys (ConfUtils.java:logGet(46)) - raft.server.data-stream.async.write.thread.pool.size = 16 (default)
2022-12-19 18:39:39,363 [Listener at 127.0.0.1/45319] INFO  server.RaftServerConfigKeys (ConfUtils.java:logGet(46)) - raft.server.data-stream.client.pool.size = 10 (default)
2022-12-19 18:39:39,364 [Listener at 127.0.0.1/45319] INFO  netty.NettyConfigKeys$DataStream (ConfUtils.java:logGet(46)) - raft.netty.dataStream.server.use-epoll = false (default)
2022-12-19 18:39:39,364 [Listener at 127.0.0.1/45319] INFO  netty.NettyConfigKeys$DataStream (ConfUtils.java:logGet(46)) - raft.netty.dataStream.server.boss-group.size = 0 (default)
2022-12-19 18:39:39,364 [Listener at 127.0.0.1/45319] INFO  netty.NettyConfigKeys$DataStream (ConfUtils.java:logGet(46)) - raft.netty.dataStream.server.worker-group.size = 0 (default)
2022-12-19 18:39:39,364 [Listener at 127.0.0.1/45319] INFO  netty.NettyConfigKeys$DataStream (ConfUtils.java:logGet(46)) - raft.netty.dataStream.server.tls.conf = null (default)
2022-12-19 18:39:39,364 [Listener at 127.0.0.1/45319] INFO  netty.NettyConfigKeys$DataStream (ConfUtils.java:logGet(46)) - raft.netty.dataStream.host = null (default)
2022-12-19 18:39:39,364 [Listener at 127.0.0.1/45319] INFO  netty.NettyConfigKeys$DataStream (ConfUtils.java:logGet(46)) - raft.netty.dataStream.port = 0 (default)
2022-12-19 18:39:39,367 [Listener at 127.0.0.1/45319] INFO  server.RaftServerConfigKeys (ConfUtils.java:logGet(46)) - raft.server.threadpool.proxy.cached = true (default)
2022-12-19 18:39:39,367 [Listener at 127.0.0.1/45319] INFO  server.RaftServerConfigKeys (ConfUtils.java:logGet(46)) - raft.server.threadpool.proxy.size = 0 (default)
2022-12-19 18:39:39,368 [Listener at 127.0.0.1/45319] INFO  server.RaftServerConfigKeys (ConfUtils.java:logGet(46)) - raft.server.rpc.slowness.timeout = 300s (custom)
2022-12-19 18:39:39,368 [Listener at 127.0.0.1/45319] INFO  server.RaftServerConfigKeys (ConfUtils.java:logGet(46)) - raft.server.leaderelection.leader.step-down.wait-time = 10s (default)
2022-12-19 18:39:39,368 [Listener at 127.0.0.1/45319] INFO  server.RaftServerConfigKeys (ConfUtils.java:logGet(46)) - raft.server.storage.dir = [/home/runner/work/ozone/ozone/hadoop-ozone/integration-test/target/test-dir/MiniOzoneClusterImpl-90c20adc-2d54-4d1b-8da5-d2480cc87ad8/datanode-2/data/ratis] (custom)
2022-12-19 18:39:39,368 [6d5a55a6-b535-46b1-9113-4eddd06c74b3-NettyServerStreamRpc-bossGroup--thread1] INFO  logging.LoggingHandler (AbstractInternalLogger.java:log(148)) - [id: 0xf98dc1c1] REGISTERED
2022-12-19 18:39:39,368 [6d5a55a6-b535-46b1-9113-4eddd06c74b3-NettyServerStreamRpc-bossGroup--thread1] INFO  logging.LoggingHandler (AbstractInternalLogger.java:log(148)) - [id: 0xf98dc1c1] BIND: 0.0.0.0/0.0.0.0:0
2022-12-19 18:39:39,368 [6d5a55a6-b535-46b1-9113-4eddd06c74b3-NettyServerStreamRpc-bossGroup--thread1] INFO  logging.LoggingHandler (AbstractInternalLogger.java:log(148)) - [id: 0xf98dc1c1, L:/0:0:0:0:0:0:0:0:37657] ACTIVE
2022-12-19 18:39:39,370 [6d5a55a6-b535-46b1-9113-4eddd06c74b3-impl-thread1] INFO  server.RaftServer (RaftServerProxy.java:initGroupDir(251)) - 6d5a55a6-b535-46b1-9113-4eddd06c74b3: found a subdirectory /home/runner/work/ozone/ozone/hadoop-ozone/integration-test/target/test-dir/MiniOzoneClusterImpl-90c20adc-2d54-4d1b-8da5-d2480cc87ad8/datanode-2/data/ratis/e490be5d-3be4-443a-ba5c-bcca0ae98f56
2022-12-19 18:39:39,370 [6d5a55a6-b535-46b1-9113-4eddd06c74b3-impl-thread1] INFO  server.RaftServer (RaftServerProxy.java:addNew(96)) - 6d5a55a6-b535-46b1-9113-4eddd06c74b3: addNew group-BCCA0AE98F56:[] returns group-BCCA0AE98F56:java.util.concurrent.CompletableFuture@59c0c282[Not completed]
2022-12-19 18:39:39,371 [6d5a55a6-b535-46b1-9113-4eddd06c74b3-impl-thread1] INFO  server.RaftServer (RaftServerProxy.java:initGroupDir(251)) - 6d5a55a6-b535-46b1-9113-4eddd06c74b3: found a subdirectory /home/runner/work/ozone/ozone/hadoop-ozone/integration-test/target/test-dir/MiniOzoneClusterImpl-90c20adc-2d54-4d1b-8da5-d2480cc87ad8/datanode-2/data/ratis/35e228cb-df5d-4968-ae0c-342acfa3cce1
2022-12-19 18:39:39,371 [6d5a55a6-b535-46b1-9113-4eddd06c74b3-impl-thread1] INFO  server.RaftServer (RaftServerProxy.java:addNew(96)) - 6d5a55a6-b535-46b1-9113-4eddd06c74b3: addNew group-342ACFA3CCE1:[] returns group-342ACFA3CCE1:java.util.concurrent.CompletableFuture@5dff4d62[Not completed]
2022-12-19 18:39:39,371 [6d5a55a6-b535-46b1-9113-4eddd06c74b3-impl-thread1] INFO  server.RaftServer (RaftServerProxy.java:initGroupDir(251)) - 6d5a55a6-b535-46b1-9113-4eddd06c74b3: found a subdirectory /home/runner/work/ozone/ozone/hadoop-ozone/integration-test/target/test-dir/MiniOzoneClusterImpl-90c20adc-2d54-4d1b-8da5-d2480cc87ad8/datanode-2/data/ratis/0c12ed71-c9d0-457b-9db7-62ff3a1f6d5e
2022-12-19 18:39:39,371 [6d5a55a6-b535-46b1-9113-4eddd06c74b3-impl-thread1] INFO  server.RaftServer (RaftServerProxy.java:addNew(96)) - 6d5a55a6-b535-46b1-9113-4eddd06c74b3: addNew group-62FF3A1F6D5E:[] returns group-62FF3A1F6D5E:java.util.concurrent.CompletableFuture@18fdc8b9[Not completed]
2022-12-19 18:39:39,372 [Listener at 127.0.0.1/45319] INFO  server.XceiverServerGrpc (XceiverServerGrpc.java:<init>(132)) - GrpcServer channel type EpollServerSocketChannel
2022-12-19 18:39:39,374 [pool-460-thread-1] INFO  server.RaftServer$Division (RaftServerImpl.java:<init>(195)) - 6d5a55a6-b535-46b1-9113-4eddd06c74b3: new RaftServerImpl for group-BCCA0AE98F56:[] with ContainerStateMachine:uninitialized
2022-12-19 18:39:39,374 [pool-460-thread-1] INFO  server.RaftServerConfigKeys (ConfUtils.java:logGet(46)) - raft.server.rpc.timeout.min = 5s (custom)
2022-12-19 18:39:39,374 [pool-460-thread-1] INFO  server.RaftServerConfigKeys (ConfUtils.java:logGet(46)) - raft.server.rpc.timeout.max = 5200ms (custom)
2022-12-19 18:39:39,374 [pool-460-thread-1] INFO  server.RaftServerConfigKeys (ConfUtils.java:logGet(46)) - raft.server.rpc.sleep.time = 25ms (default)
2022-12-19 18:39:39,374 [pool-460-thread-1] INFO  server.RaftServerConfigKeys (ConfUtils.java:logGet(46)) - raft.server.rpc.slowness.timeout = 300s (custom)
2022-12-19 18:39:39,374 [pool-460-thread-1] INFO  server.RaftServerConfigKeys (ConfUtils.java:logGet(46)) - raft.server.leaderelection.leader.step-down.wait-time = 10s (default)
2022-12-19 18:39:39,374 [pool-460-thread-1] INFO  server.RaftServerConfigKeys (ConfUtils.java:logGet(46)) - raft.server.sleep.deviation.threshold = 300ms (default)
2022-12-19 18:39:39,374 [pool-460-thread-1] INFO  server.RaftServer$Division (ServerState.java:<init>(118)) - 6d5a55a6-b535-46b1-9113-4eddd06c74b3@group-BCCA0AE98F56: ConfigurationManager, init=-1: peers:[]|listeners:[], old=null, confs=<EMPTY_MAP>
2022-12-19 18:39:39,374 [pool-460-thread-1] INFO  server.RaftServerConfigKeys (ConfUtils.java:logGet(46)) - raft.server.storage.dir = [/home/runner/work/ozone/ozone/hadoop-ozone/integration-test/target/test-dir/MiniOzoneClusterImpl-90c20adc-2d54-4d1b-8da5-d2480cc87ad8/datanode-2/data/ratis] (custom)
2022-12-19 18:39:39,374 [pool-460-thread-1] INFO  server.RaftServerConfigKeys (ConfUtils.java:logGet(46)) - raft.server.log.corruption.policy = EXCEPTION (default)
2022-12-19 18:39:39,374 [pool-460-thread-1] INFO  server.RaftServerConfigKeys (ConfUtils.java:logGet(46)) - raft.server.storage.free-space.min = 0MB (=0) (default)
2022-12-19 18:39:39,374 [pool-460-thread-1] INFO  server.RaftServerConfigKeys (ConfUtils.java:logGet(46)) - raft.server.notification.no-leader.timeout = 300s (custom)
2022-12-19 18:39:39,374 [pool-460-thread-1] INFO  server.RaftServerConfigKeys (ConfUtils.java:logGet(46)) - raft.server.retrycache.expirytime = 600000ms (custom)
2022-12-19 18:39:39,374 [pool-460-thread-1] INFO  server.RaftServerConfigKeys (ConfUtils.java:logGet(46)) - raft.server.retrycache.statistics.expirytime = 100μs (default)
2022-12-19 18:39:39,375 [pool-460-thread-1] INFO  server.RaftServerConfigKeys (ConfUtils.java:logGet(46)) - raft.server.log.appender.install.snapshot.enabled = false (custom)
2022-12-19 18:39:39,375 [pool-460-thread-1] INFO  server.RaftServerConfigKeys (ConfUtils.java:logGet(46)) - raft.server.threadpool.server.cached = true (default)
2022-12-19 18:39:39,375 [pool-460-thread-1] INFO  server.RaftServerConfigKeys (ConfUtils.java:logGet(46)) - raft.server.threadpool.server.size = 0 (default)
2022-12-19 18:39:39,375 [pool-460-thread-1] INFO  server.RaftServerConfigKeys (ConfUtils.java:logGet(46)) - raft.server.threadpool.client.cached = true (default)
2022-12-19 18:39:39,375 [pool-460-thread-1] INFO  server.RaftServerConfigKeys (ConfUtils.java:logGet(46)) - raft.server.threadpool.client.size = 0 (default)
2022-12-19 18:39:39,376 [pool-460-thread-1] INFO  server.RaftServer$Division (RaftServerImpl.java:<init>(195)) - 6d5a55a6-b535-46b1-9113-4eddd06c74b3: new RaftServerImpl for group-342ACFA3CCE1:[] with ContainerStateMachine:uninitialized
2022-12-19 18:39:39,376 [pool-460-thread-1] INFO  server.RaftServerConfigKeys (ConfUtils.java:logGet(46)) - raft.server.rpc.timeout.min = 5s (custom)
2022-12-19 18:39:39,376 [pool-460-thread-1] INFO  server.RaftServerConfigKeys (ConfUtils.java:logGet(46)) - raft.server.rpc.timeout.max = 5200ms (custom)
2022-12-19 18:39:39,376 [pool-460-thread-1] INFO  server.RaftServerConfigKeys (ConfUtils.java:logGet(46)) - raft.server.rpc.sleep.time = 25ms (default)
2022-12-19 18:39:39,376 [pool-460-thread-1] INFO  server.RaftServerConfigKeys (ConfUtils.java:logGet(46)) - raft.server.rpc.slowness.timeout = 300s (custom)
2022-12-19 18:39:39,376 [pool-460-thread-1] INFO  server.RaftServerConfigKeys (ConfUtils.java:logGet(46)) - raft.server.leaderelection.leader.step-down.wait-time = 10s (default)
2022-12-19 18:39:39,376 [pool-460-thread-1] INFO  server.RaftServerConfigKeys (ConfUtils.java:logGet(46)) - raft.server.sleep.deviation.threshold = 300ms (default)
2022-12-19 18:39:39,376 [pool-460-thread-1] INFO  server.RaftServer$Division (ServerState.java:<init>(118)) - 6d5a55a6-b535-46b1-9113-4eddd06c74b3@group-342ACFA3CCE1: ConfigurationManager, init=-1: peers:[]|listeners:[], old=null, confs=<EMPTY_MAP>
2022-12-19 18:39:39,376 [pool-460-thread-1] INFO  server.RaftServerConfigKeys (ConfUtils.java:logGet(46)) - raft.server.storage.dir = [/home/runner/work/ozone/ozone/hadoop-ozone/integration-test/target/test-dir/MiniOzoneClusterImpl-90c20adc-2d54-4d1b-8da5-d2480cc87ad8/datanode-2/data/ratis] (custom)
2022-12-19 18:39:39,376 [pool-460-thread-1] INFO  server.RaftServerConfigKeys (ConfUtils.java:logGet(46)) - raft.server.log.corruption.policy = EXCEPTION (default)
2022-12-19 18:39:39,376 [pool-460-thread-1] INFO  server.RaftServerConfigKeys (ConfUtils.java:logGet(46)) - raft.server.storage.free-space.min = 0MB (=0) (default)
2022-12-19 18:39:39,376 [pool-460-thread-1] INFO  server.RaftServerConfigKeys (ConfUtils.java:logGet(46)) - raft.server.notification.no-leader.timeout = 300s (custom)
2022-12-19 18:39:39,376 [pool-460-thread-1] INFO  server.RaftServerConfigKeys (ConfUtils.java:logGet(46)) - raft.server.retrycache.expirytime = 600000ms (custom)
2022-12-19 18:39:39,376 [pool-460-thread-1] INFO  server.RaftServerConfigKeys (ConfUtils.java:logGet(46)) - raft.server.retrycache.statistics.expirytime = 100μs (default)
2022-12-19 18:39:39,377 [pool-460-thread-1] INFO  server.RaftServerConfigKeys (ConfUtils.java:logGet(46)) - raft.server.log.appender.install.snapshot.enabled = false (custom)
2022-12-19 18:39:39,377 [pool-460-thread-1] INFO  server.RaftServerConfigKeys (ConfUtils.java:logGet(46)) - raft.server.threadpool.server.cached = true (default)
2022-12-19 18:39:39,377 [pool-460-thread-1] INFO  server.RaftServerConfigKeys (ConfUtils.java:logGet(46)) - raft.server.threadpool.server.size = 0 (default)
2022-12-19 18:39:39,377 [pool-460-thread-1] INFO  server.RaftServerConfigKeys (ConfUtils.java:logGet(46)) - raft.server.threadpool.client.cached = true (default)
2022-12-19 18:39:39,377 [pool-460-thread-1] INFO  server.RaftServerConfigKeys (ConfUtils.java:logGet(46)) - raft.server.threadpool.client.size = 0 (default)
2022-12-19 18:39:39,378 [pool-460-thread-1] INFO  server.RaftServer$Division (RaftServerImpl.java:<init>(195)) - 6d5a55a6-b535-46b1-9113-4eddd06c74b3: new RaftServerImpl for group-62FF3A1F6D5E:[] with ContainerStateMachine:uninitialized
2022-12-19 18:39:39,378 [pool-460-thread-1] INFO  server.RaftServerConfigKeys (ConfUtils.java:logGet(46)) - raft.server.rpc.timeout.min = 5s (custom)
2022-12-19 18:39:39,378 [pool-460-thread-1] INFO  server.RaftServerConfigKeys (ConfUtils.java:logGet(46)) - raft.server.rpc.timeout.max = 5200ms (custom)
2022-12-19 18:39:39,378 [pool-460-thread-1] INFO  server.RaftServerConfigKeys (ConfUtils.java:logGet(46)) - raft.server.rpc.sleep.time = 25ms (default)
2022-12-19 18:39:39,378 [pool-460-thread-1] INFO  server.RaftServerConfigKeys (ConfUtils.java:logGet(46)) - raft.server.rpc.slowness.timeout = 300s (custom)
2022-12-19 18:39:39,378 [pool-460-thread-1] INFO  server.RaftServerConfigKeys (ConfUtils.java:logGet(46)) - raft.server.leaderelection.leader.step-down.wait-time = 10s (default)
2022-12-19 18:39:39,378 [pool-460-thread-1] INFO  server.RaftServerConfigKeys (ConfUtils.java:logGet(46)) - raft.server.sleep.deviation.threshold = 300ms (default)
2022-12-19 18:39:39,378 [pool-460-thread-1] INFO  server.RaftServer$Division (ServerState.java:<init>(118)) - 6d5a55a6-b535-46b1-9113-4eddd06c74b3@group-62FF3A1F6D5E: ConfigurationManager, init=-1: peers:[]|listeners:[], old=null, confs=<EMPTY_MAP>
2022-12-19 18:39:39,378 [pool-460-thread-1] INFO  server.RaftServerConfigKeys (ConfUtils.java:logGet(46)) - raft.server.storage.dir = [/home/runner/work/ozone/ozone/hadoop-ozone/integration-test/target/test-dir/MiniOzoneClusterImpl-90c20adc-2d54-4d1b-8da5-d2480cc87ad8/datanode-2/data/ratis] (custom)
2022-12-19 18:39:39,378 [pool-460-thread-1] INFO  server.RaftServerConfigKeys (ConfUtils.java:logGet(46)) - raft.server.log.corruption.policy = EXCEPTION (default)
2022-12-19 18:39:39,378 [pool-460-thread-1] INFO  server.RaftServerConfigKeys (ConfUtils.java:logGet(46)) - raft.server.storage.free-space.min = 0MB (=0) (default)
2022-12-19 18:39:39,378 [pool-460-thread-1] INFO  server.RaftServerConfigKeys (ConfUtils.java:logGet(46)) - raft.server.notification.no-leader.timeout = 300s (custom)
2022-12-19 18:39:39,378 [pool-460-thread-1] INFO  server.RaftServerConfigKeys (ConfUtils.java:logGet(46)) - raft.server.retrycache.expirytime = 600000ms (custom)
2022-12-19 18:39:39,378 [pool-460-thread-1] INFO  server.RaftServerConfigKeys (ConfUtils.java:logGet(46)) - raft.server.retrycache.statistics.expirytime = 100μs (default)
2022-12-19 18:39:39,379 [pool-460-thread-1] INFO  server.RaftServerConfigKeys (ConfUtils.java:logGet(46)) - raft.server.log.appender.install.snapshot.enabled = false (custom)
2022-12-19 18:39:39,379 [pool-460-thread-1] INFO  server.RaftServerConfigKeys (ConfUtils.java:logGet(46)) - raft.server.threadpool.server.cached = true (default)
2022-12-19 18:39:39,379 [pool-460-thread-1] INFO  server.RaftServerConfigKeys (ConfUtils.java:logGet(46)) - raft.server.threadpool.server.size = 0 (default)
2022-12-19 18:39:39,379 [pool-460-thread-1] INFO  server.RaftServerConfigKeys (ConfUtils.java:logGet(46)) - raft.server.threadpool.client.cached = true (default)
2022-12-19 18:39:39,379 [pool-460-thread-1] INFO  server.RaftServerConfigKeys (ConfUtils.java:logGet(46)) - raft.server.threadpool.client.size = 0 (default)
2022-12-19 18:39:39,380 [Listener at 127.0.0.1/45319] INFO  http.BaseHttpServer (BaseHttpServer.java:newHttpServer2BuilderForOzone(213)) - Starting Web-server for hddsDatanode at: http://0.0.0.0:46125
2022-12-19 18:39:39,380 [Listener at 127.0.0.1/45319] INFO  http.BaseHttpServer (BaseHttpServer.java:<init>(108)) - Hadoop Security Enabled: false Ozone Security Enabled: false Ozone HTTP Security Enabled: false 
2022-12-19 18:39:39,381 [Listener at 127.0.0.1/45319] WARN  server.AuthenticationFilter (AuthenticationFilter.java:constructSecretProvider(240)) - Unable to initialize FileSignerSecretProvider, falling back to use random secrets. Reason: Could not read signature secret file: /home/runner/hadoop-http-auth-signature-secret
2022-12-19 18:39:39,383 [Listener at 127.0.0.1/45319] WARN  http.HttpRequestLog (HttpRequestLog.java:getRequestLog(103)) - Jetty request log can only be enabled using Log4j
2022-12-19 18:39:39,384 [Listener at 127.0.0.1/45319] INFO  http.HttpServer2 (HttpServer2.java:addGlobalFilter(1031)) - Added global filter 'safety' (class=org.apache.hadoop.hdds.server.http.HttpServer2$QuotingInputFilter)
2022-12-19 18:39:39,385 [Listener at 127.0.0.1/45319] INFO  http.HttpServer2 (HttpServer2.java:addFilter(1007)) - Added filter static_user_filter (class=org.apache.hadoop.http.lib.StaticUserWebFilter$StaticUserFilter) to context hddsDatanode
2022-12-19 18:39:39,385 [Listener at 127.0.0.1/45319] INFO  http.HttpServer2 (HttpServer2.java:addFilter(1015)) - Added filter static_user_filter (class=org.apache.hadoop.http.lib.StaticUserWebFilter$StaticUserFilter) to context logs
2022-12-19 18:39:39,385 [Listener at 127.0.0.1/45319] INFO  http.HttpServer2 (HttpServer2.java:addFilter(1015)) - Added filter static_user_filter (class=org.apache.hadoop.http.lib.StaticUserWebFilter$StaticUserFilter) to context static
2022-12-19 18:39:39,386 [Listener at 127.0.0.1/45319] INFO  http.HttpServer2 (HttpServer2.java:bindListener(1250)) - Jetty bound to port 46125
2022-12-19 18:39:39,386 [Listener at 127.0.0.1/45319] INFO  server.Server (Server.java:doStart(375)) - jetty-9.4.49.v20220914; built: 2022-09-14T01:07:36.601Z; git: 4231a3b2e4cb8548a412a789936d640a97b1aa0a; jvm 1.8.0_352-b08
2022-12-19 18:39:39,389 [Listener at 127.0.0.1/45319] INFO  server.session (DefaultSessionIdManager.java:doStart(334)) - DefaultSessionIdManager workerName=node0
2022-12-19 18:39:39,390 [Listener at 127.0.0.1/45319] INFO  server.session (DefaultSessionIdManager.java:doStart(339)) - No SessionScavenger set, using defaults
2022-12-19 18:39:39,390 [Listener at 127.0.0.1/45319] INFO  server.session (HouseKeeper.java:startScavenging(132)) - node0 Scavenging every 660000ms
2022-12-19 18:39:39,391 [Listener at 127.0.0.1/45319] INFO  handler.ContextHandler (ContextHandler.java:doStart(921)) - Started o.e.j.s.ServletContextHandler@5db00e50{logs,/logs,file:///home/runner/work/ozone/ozone/hadoop-ozone/integration-test/target/log,AVAILABLE}
2022-12-19 18:39:39,391 [Listener at 127.0.0.1/45319] INFO  handler.ContextHandler (ContextHandler.java:doStart(921)) - Started o.e.j.s.ServletContextHandler@185ea2dd{static,/static,jar:file:/home/runner/.m2/repository/org/apache/ozone/hdds-container-service/1.3.0-SNAPSHOT/hdds-container-service-1.3.0-SNAPSHOT.jar!/webapps/static,AVAILABLE}
2022-12-19 18:39:39,562 [Listener at 127.0.0.1/45319] INFO  handler.ContextHandler (ContextHandler.java:doStart(921)) - Started o.e.j.w.WebAppContext@5ba699c9{hddsDatanode,/,file:///tmp/jetty-0_0_0_0-46125-hdds-container-service-1_3_0-SNAPSHOT_jar-_-any-3540952573454818950/webapp/,AVAILABLE}{jar:file:/home/runner/.m2/repository/org/apache/ozone/hdds-container-service/1.3.0-SNAPSHOT/hdds-container-service-1.3.0-SNAPSHOT.jar!/webapps/hddsDatanode}
2022-12-19 18:39:39,563 [Listener at 127.0.0.1/45319] INFO  server.AbstractConnector (AbstractConnector.java:doStart(333)) - Started ServerConnector@6ffe7432{HTTP/1.1, (http/1.1)}{0.0.0.0:46125}
2022-12-19 18:39:39,563 [Listener at 127.0.0.1/45319] INFO  server.Server (Server.java:doStart(415)) - Started @67052ms
2022-12-19 18:39:39,563 [Listener at 127.0.0.1/45319] WARN  impl.MetricsSystemImpl (MetricsSystemImpl.java:register(279)) - Sink prometheus already exists!
2022-12-19 18:39:39,564 [Listener at 127.0.0.1/45319] INFO  http.BaseHttpServer (BaseHttpServer.java:updateConnectorAddress(333)) - HTTP server of hddsDatanode listening at http://0.0.0.0:46125
2022-12-19 18:39:39,564 [Datanode State Machine Daemon Thread] INFO  statemachine.DatanodeStateMachine (DatanodeStateMachine.java:lambda$startDaemon$0(509)) - Ozone container server started.
2022-12-19 18:39:39,565 [Listener at 127.0.0.1/45319] INFO  pipeline.PipelineManagerImpl (PipelineManagerImpl.java:closePipeline(442)) - Pipeline Pipeline[ Id: 35e228cb-df5d-4968-ae0c-342acfa3cce1, Nodes: 9557de33-fe68-40fe-b687-830f5ee56eaf{ip: 10.1.0.24, host: fv-az353-760.tkyx2seitsuu3nmpmouz2httfb.bx.internal.cloudapp.net, ports: [REPLICATION=40453, RATIS=36865, RATIS_ADMIN=36865, RATIS_SERVER=36865, RATIS_DATASTREAM=34463, STANDALONE=43819], networkLocation: /default-rack, certSerialId: null, persistedOpState: IN_SERVICE, persistedOpStateExpiryEpochSec: 0}e72e8305-aa7c-42f4-a8e1-859d068dd798{ip: 10.1.0.24, host: fv-az353-760.tkyx2seitsuu3nmpmouz2httfb.bx.internal.cloudapp.net, ports: [REPLICATION=34371, RATIS=45651, RATIS_ADMIN=45651, RATIS_SERVER=45651, RATIS_DATASTREAM=44743, STANDALONE=39047], networkLocation: /default-rack, certSerialId: null, persistedOpState: IN_SERVICE, persistedOpStateExpiryEpochSec: 0}6d5a55a6-b535-46b1-9113-4eddd06c74b3{ip: 10.1.0.24, host: fv-az353-760.tkyx2seitsuu3nmpmouz2httfb.bx.internal.cloudapp.net, ports: [REPLICATION=37813, RATIS=37267, RATIS_ADMIN=37267, RATIS_SERVER=37267, RATIS_DATASTREAM=34289, STANDALONE=34653], networkLocation: /default-rack, certSerialId: null, persistedOpState: IN_SERVICE, persistedOpStateExpiryEpochSec: 0}, ReplicationConfig: RATIS/THREE, State:ALLOCATED, leaderId:, CreationTimestamp2022-12-19T18:39:22.284Z[Etc/UTC]] moved to CLOSED state
2022-12-19 18:39:39,565 [Listener at 127.0.0.1/45319] INFO  pipeline.RatisPipelineProvider (RatisPipelineProvider.java:lambda$close$4(272)) - Send pipeline:PipelineID=35e228cb-df5d-4968-ae0c-342acfa3cce1 close command to datanode 9557de33-fe68-40fe-b687-830f5ee56eaf
2022-12-19 18:39:39,565 [Listener at 127.0.0.1/45319] INFO  pipeline.RatisPipelineProvider (RatisPipelineProvider.java:lambda$close$4(272)) - Send pipeline:PipelineID=35e228cb-df5d-4968-ae0c-342acfa3cce1 close command to datanode e72e8305-aa7c-42f4-a8e1-859d068dd798
2022-12-19 18:39:39,565 [Listener at 127.0.0.1/45319] INFO  pipeline.RatisPipelineProvider (RatisPipelineProvider.java:lambda$close$4(272)) - Send pipeline:PipelineID=35e228cb-df5d-4968-ae0c-342acfa3cce1 close command to datanode 6d5a55a6-b535-46b1-9113-4eddd06c74b3
2022-12-19 18:39:39,568 [Listener at 127.0.0.1/45319] INFO  pipeline.PipelineStateManagerImpl (PipelineStateManagerImpl.java:removePipeline(245)) - Pipeline Pipeline[ Id: 35e228cb-df5d-4968-ae0c-342acfa3cce1, Nodes: 9557de33-fe68-40fe-b687-830f5ee56eaf{ip: 10.1.0.24, host: fv-az353-760.tkyx2seitsuu3nmpmouz2httfb.bx.internal.cloudapp.net, ports: [REPLICATION=40453, RATIS=36865, RATIS_ADMIN=36865, RATIS_SERVER=36865, RATIS_DATASTREAM=34463, STANDALONE=43819], networkLocation: /default-rack, certSerialId: null, persistedOpState: IN_SERVICE, persistedOpStateExpiryEpochSec: 0}e72e8305-aa7c-42f4-a8e1-859d068dd798{ip: 10.1.0.24, host: fv-az353-760.tkyx2seitsuu3nmpmouz2httfb.bx.internal.cloudapp.net, ports: [REPLICATION=34371, RATIS=45651, RATIS_ADMIN=45651, RATIS_SERVER=45651, RATIS_DATASTREAM=44743, STANDALONE=39047], networkLocation: /default-rack, certSerialId: null, persistedOpState: IN_SERVICE, persistedOpStateExpiryEpochSec: 0}6d5a55a6-b535-46b1-9113-4eddd06c74b3{ip: 10.1.0.24, host: fv-az353-760.tkyx2seitsuu3nmpmouz2httfb.bx.internal.cloudapp.net, ports: [REPLICATION=37813, RATIS=37267, RATIS_ADMIN=37267, RATIS_SERVER=37267, RATIS_DATASTREAM=34289, STANDALONE=34653], networkLocation: /default-rack, certSerialId: null, persistedOpState: IN_SERVICE, persistedOpStateExpiryEpochSec: 0}, ReplicationConfig: RATIS/THREE, State:CLOSED, leaderId:, CreationTimestamp2022-12-19T18:39:22.284Z[Etc/UTC]] removed.
2022-12-19 18:39:39,568 [Listener at 127.0.0.1/45319] INFO  pipeline.PipelineManagerImpl (PipelineManagerImpl.java:closePipeline(442)) - Pipeline Pipeline[ Id: e490be5d-3be4-443a-ba5c-bcca0ae98f56, Nodes: 9557de33-fe68-40fe-b687-830f5ee56eaf{ip: 10.1.0.24, host: fv-az353-760.tkyx2seitsuu3nmpmouz2httfb.bx.internal.cloudapp.net, ports: [REPLICATION=40453, RATIS=36865, RATIS_ADMIN=36865, RATIS_SERVER=36865, RATIS_DATASTREAM=34463, STANDALONE=43819], networkLocation: /default-rack, certSerialId: null, persistedOpState: IN_SERVICE, persistedOpStateExpiryEpochSec: 0}6d5a55a6-b535-46b1-9113-4eddd06c74b3{ip: 10.1.0.24, host: fv-az353-760.tkyx2seitsuu3nmpmouz2httfb.bx.internal.cloudapp.net, ports: [REPLICATION=37813, RATIS=37267, RATIS_ADMIN=37267, RATIS_SERVER=37267, RATIS_DATASTREAM=34289, STANDALONE=34653], networkLocation: /default-rack, certSerialId: null, persistedOpState: IN_SERVICE, persistedOpStateExpiryEpochSec: 0}e72e8305-aa7c-42f4-a8e1-859d068dd798{ip: 10.1.0.24, host: fv-az353-760.tkyx2seitsuu3nmpmouz2httfb.bx.internal.cloudapp.net, ports: [REPLICATION=34371, RATIS=45651, RATIS_ADMIN=45651, RATIS_SERVER=45651, RATIS_DATASTREAM=44743, STANDALONE=39047], networkLocation: /default-rack, certSerialId: null, persistedOpState: IN_SERVICE, persistedOpStateExpiryEpochSec: 0}, ReplicationConfig: RATIS/THREE, State:OPEN, leaderId:9557de33-fe68-40fe-b687-830f5ee56eaf, CreationTimestamp2022-12-19T18:39:22.283Z[Etc/UTC]] moved to CLOSED state
2022-12-19 18:39:39,568 [Listener at 127.0.0.1/45319] INFO  pipeline.RatisPipelineProvider (RatisPipelineProvider.java:lambda$close$4(272)) - Send pipeline:PipelineID=e490be5d-3be4-443a-ba5c-bcca0ae98f56 close command to datanode 9557de33-fe68-40fe-b687-830f5ee56eaf
2022-12-19 18:39:39,568 [Listener at 127.0.0.1/45319] INFO  pipeline.RatisPipelineProvider (RatisPipelineProvider.java:lambda$close$4(272)) - Send pipeline:PipelineID=e490be5d-3be4-443a-ba5c-bcca0ae98f56 close command to datanode 6d5a55a6-b535-46b1-9113-4eddd06c74b3
2022-12-19 18:39:39,568 [Listener at 127.0.0.1/45319] INFO  pipeline.RatisPipelineProvider (RatisPipelineProvider.java:lambda$close$4(272)) - Send pipeline:PipelineID=e490be5d-3be4-443a-ba5c-bcca0ae98f56 close command to datanode e72e8305-aa7c-42f4-a8e1-859d068dd798
2022-12-19 18:39:39,569 [Listener at 127.0.0.1/45319] INFO  pipeline.PipelineStateManagerImpl (PipelineStateManagerImpl.java:removePipeline(245)) - Pipeline Pipeline[ Id: e490be5d-3be4-443a-ba5c-bcca0ae98f56, Nodes: 9557de33-fe68-40fe-b687-830f5ee56eaf{ip: 10.1.0.24, host: fv-az353-760.tkyx2seitsuu3nmpmouz2httfb.bx.internal.cloudapp.net, ports: [REPLICATION=40453, RATIS=36865, RATIS_ADMIN=36865, RATIS_SERVER=36865, RATIS_DATASTREAM=34463, STANDALONE=43819], networkLocation: /default-rack, certSerialId: null, persistedOpState: IN_SERVICE, persistedOpStateExpiryEpochSec: 0}6d5a55a6-b535-46b1-9113-4eddd06c74b3{ip: 10.1.0.24, host: fv-az353-760.tkyx2seitsuu3nmpmouz2httfb.bx.internal.cloudapp.net, ports: [REPLICATION=37813, RATIS=37267, RATIS_ADMIN=37267, RATIS_SERVER=37267, RATIS_DATASTREAM=34289, STANDALONE=34653], networkLocation: /default-rack, certSerialId: null, persistedOpState: IN_SERVICE, persistedOpStateExpiryEpochSec: 0}e72e8305-aa7c-42f4-a8e1-859d068dd798{ip: 10.1.0.24, host: fv-az353-760.tkyx2seitsuu3nmpmouz2httfb.bx.internal.cloudapp.net, ports: [REPLICATION=34371, RATIS=45651, RATIS_ADMIN=45651, RATIS_SERVER=45651, RATIS_DATASTREAM=44743, STANDALONE=39047], networkLocation: /default-rack, certSerialId: null, persistedOpState: IN_SERVICE, persistedOpStateExpiryEpochSec: 0}, ReplicationConfig: RATIS/THREE, State:CLOSED, leaderId:9557de33-fe68-40fe-b687-830f5ee56eaf, CreationTimestamp2022-12-19T18:39:22.283Z[Etc/UTC]] removed.
2022-12-19 18:39:39,569 [Listener at 127.0.0.1/45319] INFO  ozone.MiniOzoneClusterImpl (MiniOzoneClusterImpl.java:shutdown(449)) - Shutting down the Mini Ozone Cluster
2022-12-19 18:39:39,569 [Listener at 127.0.0.1/45319] INFO  ozone.MiniOzoneClusterImpl (MiniOzoneClusterImpl.java:stop(464)) - Stopping the Mini Ozone Cluster
2022-12-19 18:39:39,569 [Listener at 127.0.0.1/45319] INFO  ozone.MiniOzoneClusterImpl (MiniOzoneClusterImpl.java:stopOM(546)) - Stopping the OzoneManager
2022-12-19 18:39:39,570 [Listener at 127.0.0.1/45319] INFO  om.OzoneManager (OzoneManager.java:stop(2036)) - om1[localhost:0]: Stopping Ozone Manager
2022-12-19 18:39:39,570 [Listener at 127.0.0.1/45319] INFO  ipc.Server (Server.java:stop(3428)) - Stopping server on 45319
2022-12-19 18:39:39,576 [IPC Server listener on 0] INFO  ipc.Server (Server.java:run(1384)) - Stopping IPC Server listener on 0
2022-12-19 18:39:39,576 [IPC Server Responder] INFO  ipc.Server (Server.java:run(1517)) - Stopping IPC Server Responder
2022-12-19 18:39:39,576 [Listener at 127.0.0.1/45319] INFO  server.RaftServer (RaftServerProxy.java:lambda$close$6(409)) - om1: close
2022-12-19 18:39:39,577 [Listener at 127.0.0.1/45319] INFO  server.GrpcService (GrpcService.java:closeImpl(271)) - om1: shutdown server GrpcServerProtocolService now
2022-12-19 18:39:39,577 [om1-impl-thread1] INFO  server.RaftServer$Division (RaftServerImpl.java:lambda$close$4(458)) - om1@group-C5BA1605619E: shutdown
2022-12-19 18:39:39,577 [om1-impl-thread1] INFO  util.JmxRegister (JmxRegister.java:unregister(73)) - Successfully un-registered JMX Bean with object name Ratis:service=RaftServer,group=group-C5BA1605619E,id=om1
2022-12-19 18:39:39,577 [om1-impl-thread1] INFO  impl.RoleInfo (RoleInfo.java:shutdownLeaderState(93)) - om1: shutdown om1@group-C5BA1605619E-LeaderStateImpl
2022-12-19 18:39:39,577 [om1-impl-thread1] INFO  impl.PendingRequests (PendingRequests.java:sendNotLeaderResponses(282)) - om1@group-C5BA1605619E-PendingRequests: sendNotLeaderResponses
2022-12-19 18:39:39,577 [om1-impl-thread1] INFO  impl.StateMachineUpdater (StateMachineUpdater.java:stopAndJoin(153)) - om1@group-C5BA1605619E-StateMachineUpdater: set stopIndex = 0
2022-12-19 18:39:39,579 [om1@group-C5BA1605619E-StateMachineUpdater] INFO  ratis.OzoneManagerStateMachine (OzoneManagerStateMachine.java:takeSnapshot(445)) - Current Snapshot Index (t:1, i:0)
2022-12-19 18:39:39,579 [om1@group-C5BA1605619E-StateMachineUpdater] INFO  impl.StateMachineUpdater (StateMachineUpdater.java:takeSnapshot(287)) - om1@group-C5BA1605619E-StateMachineUpdater: Took a snapshot at index 0
2022-12-19 18:39:39,579 [om1@group-C5BA1605619E-StateMachineUpdater] INFO  impl.StateMachineUpdater (StateMachineUpdater.java:lambda$new$0(92)) - om1@group-C5BA1605619E-StateMachineUpdater: snapshotIndex: updateIncreasingly -1 -> 0
2022-12-19 18:39:39,579 [om1@group-C5BA1605619E-StateMachineUpdater] INFO  ratis.OzoneManagerStateMachine (OzoneManagerStateMachine.java:close(499)) - StateMachine has shutdown. Shutdown OzoneManager if not already shutdown.
2022-12-19 18:39:39,579 [om1@group-C5BA1605619E-StateMachineUpdater] INFO  ratis.OzoneManagerDoubleBuffer (OzoneManagerDoubleBuffer.java:stop(466)) - Stopping OMDoubleBuffer flush thread
2022-12-19 18:39:39,579 [OMDoubleBufferFlushThread] INFO  ratis.OzoneManagerDoubleBuffer (OzoneManagerDoubleBuffer.java:flushTransactions(385)) - OMDoubleBuffer flush thread OMDoubleBufferFlushThread is interrupted and will exit.
2022-12-19 18:39:39,583 [org.apache.hadoop.util.JvmPauseMonitor$Monitor@39da5c50] INFO  util.JvmPauseMonitor (JvmPauseMonitor.java:run(188)) - Starting JVM pause monitor
2022-12-19 18:39:39,583 [om1-impl-thread1] INFO  server.RaftServer$Division (ServerState.java:close(466)) - om1@group-C5BA1605619E: closes. applyIndex: 0
2022-12-19 18:39:39,588 [om1@group-C5BA1605619E-SegmentedRaftLogWorker] INFO  segmented.SegmentedRaftLogWorker (SegmentedRaftLogWorker.java:run(347)) - om1@group-C5BA1605619E-SegmentedRaftLogWorker was interrupted, exiting. There are 0 tasks remaining in the queue.
2022-12-19 18:39:39,588 [Listener at 127.0.0.1/45319] INFO  server.GrpcService (GrpcService.java:closeImpl(280)) - om1: shutdown server GrpcServerProtocolService successfully
2022-12-19 18:39:39,588 [om1-NettyServerStreamRpc-bossGroup--thread1] INFO  logging.LoggingHandler (AbstractInternalLogger.java:log(148)) - [id: 0xde2a363b, L:/0:0:0:0:0:0:0:0:41539] CLOSE
2022-12-19 18:39:39,589 [om1-NettyServerStreamRpc-bossGroup--thread1] INFO  logging.LoggingHandler (AbstractInternalLogger.java:log(148)) - [id: 0xde2a363b, L:/0:0:0:0:0:0:0:0:41539] INACTIVE
2022-12-19 18:39:39,589 [om1-NettyServerStreamRpc-bossGroup--thread1] INFO  logging.LoggingHandler (AbstractInternalLogger.java:log(148)) - [id: 0xde2a363b, L:/0:0:0:0:0:0:0:0:41539] UNREGISTERED
2022-12-19 18:39:39,591 [Datanode State Machine Task Thread - 0] INFO  datanode.InitDatanodeState (InitDatanodeState.java:persistContainerDatanodeDetails(138)) - DatanodeDetails is persisted to /home/runner/work/ozone/ozone/hadoop-ozone/integration-test/target/test-dir/MiniOzoneClusterImpl-90c20adc-2d54-4d1b-8da5-d2480cc87ad8/datanode-2/meta/datanode.id
2022-12-19 18:39:39,595 [om1-impl-thread1] INFO  segmented.SegmentedRaftLogWorker (SegmentedRaftLogWorker.java:close(257)) - om1@group-C5BA1605619E-SegmentedRaftLogWorker close()
2022-12-19 18:39:39,602 [JvmPauseMonitor7] INFO  util.JvmPauseMonitor (JvmPauseMonitor.java:run(111)) - JvmPauseMonitor-om1: Stopped
2022-12-19 18:39:39,602 [Listener at 127.0.0.1/45319] INFO  ratis.OzoneManagerStateMachine (OzoneManagerStateMachine.java:close(499)) - StateMachine has shutdown. Shutdown OzoneManager if not already shutdown.
2022-12-19 18:39:39,602 [Listener at 127.0.0.1/45319] INFO  ratis.OzoneManagerDoubleBuffer (OzoneManagerDoubleBuffer.java:stop(478)) - OMDoubleBuffer flush thread is not running.
2022-12-19 18:39:39,602 [Listener at 127.0.0.1/45319] INFO  utils.BackgroundService (BackgroundService.java:shutdown(141)) - Shutting down service KeyDeletingService
2022-12-19 18:39:39,603 [Listener at 127.0.0.1/45319] INFO  utils.BackgroundService (BackgroundService.java:shutdown(141)) - Shutting down service DirectoryDeletingService
2022-12-19 18:39:39,603 [Listener at 127.0.0.1/45319] INFO  utils.BackgroundService (BackgroundService.java:shutdown(141)) - Shutting down service OpenKeyCleanupService
2022-12-19 18:39:39,603 [Listener at 127.0.0.1/45319] INFO  handler.ContextHandler (ContextHandler.java:doStop(1159)) - Stopped o.e.j.w.WebAppContext@37aa7ede{ozoneManager,/,null,STOPPED}{file:/home/runner/work/ozone/ozone/hadoop-ozone/integration-test/target/test-classes/webapps/ozoneManager}
2022-12-19 18:39:39,604 [Listener at 127.0.0.1/45319] INFO  server.AbstractConnector (AbstractConnector.java:doStop(383)) - Stopped ServerConnector@2a11b504{HTTP/1.1, (http/1.1)}{0.0.0.0:0}
2022-12-19 18:39:39,604 [Listener at 127.0.0.1/45319] INFO  server.session (HouseKeeper.java:stopScavenging(149)) - node0 Stopped scavenging
2022-12-19 18:39:39,604 [Listener at 127.0.0.1/45319] INFO  handler.ContextHandler (ContextHandler.java:doStop(1159)) - Stopped o.e.j.s.ServletContextHandler@101ada63{static,/static,file:///home/runner/work/ozone/ozone/hadoop-ozone/integration-test/target/test-classes/webapps/static,STOPPED}
2022-12-19 18:39:39,604 [Listener at 127.0.0.1/45319] INFO  handler.ContextHandler (ContextHandler.java:doStop(1159)) - Stopped o.e.j.s.ServletContextHandler@7923fb86{logs,/logs,file:///home/runner/work/ozone/ozone/hadoop-ozone/integration-test/target/log,STOPPED}
2022-12-19 18:39:39,607 [Listener at 127.0.0.1/45319] INFO  ozone.MiniOzoneClusterImpl (MiniOzoneClusterImpl.java:stopDatanodes(523)) - Stopping the HddsDatanodes
2022-12-19 18:39:39,614 [Listener at 127.0.0.1/45319] INFO  ozoneimpl.OzoneContainer (OzoneContainer.java:stop(417)) - Attempting to stop container services.
2022-12-19 18:39:39,616 [Listener at 127.0.0.1/45319] INFO  volume.HddsVolume (HddsVolume.java:closeDbStore(338)) - SchemaV3 db is stopped at /home/runner/work/ozone/ozone/hadoop-ozone/integration-test/target/test-dir/MiniOzoneClusterImpl-90c20adc-2d54-4d1b-8da5-d2480cc87ad8/datanode-1/data-0/containers/hdds/90c20adc-2d54-4d1b-8da5-d2480cc87ad8/DS-27f012e2-8925-4fa9-b2cb-93e848902f73/container.db for volume DS-27f012e2-8925-4fa9-b2cb-93e848902f73
2022-12-19 18:39:39,616 [Listener at 127.0.0.1/45319] INFO  utils.BackgroundService (BackgroundService.java:shutdown(141)) - Shutting down service BlockDeletingService
2022-12-19 18:39:39,616 [Listener at 127.0.0.1/45319] INFO  utils.BackgroundService (BackgroundService.java:shutdown(141)) - Shutting down service StaleRecoveringContainerScrubbingService
2022-12-19 18:39:39,617 [ForkJoinPool.commonPool-worker-0] INFO  ozoneimpl.OzoneContainer (OzoneContainer.java:stop(417)) - Attempting to stop container services.
2022-12-19 18:39:39,619 [ForkJoinPool.commonPool-worker-0] INFO  volume.HddsVolume (HddsVolume.java:closeDbStore(338)) - SchemaV3 db is stopped at /home/runner/work/ozone/ozone/hadoop-ozone/integration-test/target/test-dir/MiniOzoneClusterImpl-90c20adc-2d54-4d1b-8da5-d2480cc87ad8/datanode-0/data-0/containers/hdds/90c20adc-2d54-4d1b-8da5-d2480cc87ad8/DS-f88b80c7-e991-4dca-8b6c-a8af2d7563d7/container.db for volume DS-f88b80c7-e991-4dca-8b6c-a8af2d7563d7
2022-12-19 18:39:39,619 [Listener at 127.0.0.1/45319] INFO  statemachine.DatanodeStateMachine (DatanodeStateMachine.java:stopDaemon(597)) - Ozone container server stopped.
2022-12-19 18:39:39,621 [ForkJoinPool.commonPool-worker-0] INFO  utils.BackgroundService (BackgroundService.java:shutdown(141)) - Shutting down service BlockDeletingService
2022-12-19 18:39:39,621 [ForkJoinPool.commonPool-worker-0] INFO  utils.BackgroundService (BackgroundService.java:shutdown(141)) - Shutting down service StaleRecoveringContainerScrubbingService
2022-12-19 18:39:39,624 [ForkJoinPool.commonPool-worker-0] INFO  statemachine.DatanodeStateMachine (DatanodeStateMachine.java:stopDaemon(597)) - Ozone container server stopped.
2022-12-19 18:39:39,636 [Listener at 127.0.0.1/45319] INFO  handler.ContextHandler (ContextHandler.java:doStop(1159)) - Stopped o.e.j.w.WebAppContext@70abc6d1{hddsDatanode,/,null,STOPPED}{jar:file:/home/runner/.m2/repository/org/apache/ozone/hdds-container-service/1.3.0-SNAPSHOT/hdds-container-service-1.3.0-SNAPSHOT.jar!/webapps/hddsDatanode}
2022-12-19 18:39:39,639 [Listener at 127.0.0.1/45319] INFO  server.AbstractConnector (AbstractConnector.java:doStop(383)) - Stopped ServerConnector@400d6151{HTTP/1.1, (http/1.1)}{0.0.0.0:45235}
2022-12-19 18:39:39,640 [Listener at 127.0.0.1/45319] INFO  server.session (HouseKeeper.java:stopScavenging(149)) - node0 Stopped scavenging
2022-12-19 18:39:39,640 [Listener at 127.0.0.1/45319] INFO  handler.ContextHandler (ContextHandler.java:doStop(1159)) - Stopped o.e.j.s.ServletContextHandler@4745df2{static,/static,jar:file:/home/runner/.m2/repository/org/apache/ozone/hdds-container-service/1.3.0-SNAPSHOT/hdds-container-service-1.3.0-SNAPSHOT.jar!/webapps/static,STOPPED}
2022-12-19 18:39:39,640 [ForkJoinPool.commonPool-worker-0] INFO  handler.ContextHandler (ContextHandler.java:doStop(1159)) - Stopped o.e.j.w.WebAppContext@57358e33{hddsDatanode,/,null,STOPPED}{jar:file:/home/runner/.m2/repository/org/apache/ozone/hdds-container-service/1.3.0-SNAPSHOT/hdds-container-service-1.3.0-SNAPSHOT.jar!/webapps/hddsDatanode}
2022-12-19 18:39:39,641 [Listener at 127.0.0.1/45319] INFO  handler.ContextHandler (ContextHandler.java:doStop(1159)) - Stopped o.e.j.s.ServletContextHandler@7adbf40c{logs,/logs,file:///home/runner/work/ozone/ozone/hadoop-ozone/integration-test/target/log,STOPPED}
2022-12-19 18:39:39,642 [ForkJoinPool.commonPool-worker-0] INFO  server.AbstractConnector (AbstractConnector.java:doStop(383)) - Stopped ServerConnector@e56b7c0{HTTP/1.1, (http/1.1)}{0.0.0.0:43099}
2022-12-19 18:39:39,642 [ForkJoinPool.commonPool-worker-0] INFO  server.session (HouseKeeper.java:stopScavenging(149)) - node0 Stopped scavenging
2022-12-19 18:39:39,642 [ForkJoinPool.commonPool-worker-0] INFO  handler.ContextHandler (ContextHandler.java:doStop(1159)) - Stopped o.e.j.s.ServletContextHandler@120d45a9{static,/static,jar:file:/home/runner/.m2/repository/org/apache/ozone/hdds-container-service/1.3.0-SNAPSHOT/hdds-container-service-1.3.0-SNAPSHOT.jar!/webapps/static,STOPPED}
2022-12-19 18:39:39,642 [ForkJoinPool.commonPool-worker-0] INFO  handler.ContextHandler (ContextHandler.java:doStop(1159)) - Stopped o.e.j.s.ServletContextHandler@7ceffb96{logs,/logs,file:///home/runner/work/ozone/ozone/hadoop-ozone/integration-test/target/log,STOPPED}
2022-12-19 18:39:39,647 [Listener at 127.0.0.1/45319] INFO  ozoneimpl.OzoneContainer (OzoneContainer.java:stop(417)) - Attempting to stop container services.
2022-12-19 18:39:39,648 [Listener at 127.0.0.1/45319] INFO  volume.HddsVolume (HddsVolume.java:closeDbStore(338)) - SchemaV3 db is stopped at /home/runner/work/ozone/ozone/hadoop-ozone/integration-test/target/test-dir/MiniOzoneClusterImpl-90c20adc-2d54-4d1b-8da5-d2480cc87ad8/datanode-2/data-0/containers/hdds/90c20adc-2d54-4d1b-8da5-d2480cc87ad8/DS-c9a1e042-4dff-44bc-b34a-e99c6b58e020/container.db for volume DS-c9a1e042-4dff-44bc-b34a-e99c6b58e020
2022-12-19 18:39:39,648 [Listener at 127.0.0.1/45319] INFO  utils.BackgroundService (BackgroundService.java:shutdown(141)) - Shutting down service BlockDeletingService
2022-12-19 18:39:39,648 [Listener at 127.0.0.1/45319] INFO  utils.BackgroundService (BackgroundService.java:shutdown(141)) - Shutting down service StaleRecoveringContainerScrubbingService
2022-12-19 18:39:39,649 [Listener at 127.0.0.1/45319] INFO  statemachine.DatanodeStateMachine (DatanodeStateMachine.java:stopDaemon(597)) - Ozone container server stopped.
2022-12-19 18:39:39,656 [Listener at 127.0.0.1/45319] INFO  handler.ContextHandler (ContextHandler.java:doStop(1159)) - Stopped o.e.j.w.WebAppContext@5ba699c9{hddsDatanode,/,null,STOPPED}{jar:file:/home/runner/.m2/repository/org/apache/ozone/hdds-container-service/1.3.0-SNAPSHOT/hdds-container-service-1.3.0-SNAPSHOT.jar!/webapps/hddsDatanode}
2022-12-19 18:39:39,656 [Listener at 127.0.0.1/45319] INFO  server.AbstractConnector (AbstractConnector.java:doStop(383)) - Stopped ServerConnector@6ffe7432{HTTP/1.1, (http/1.1)}{0.0.0.0:46125}
2022-12-19 18:39:39,656 [Listener at 127.0.0.1/45319] INFO  server.session (HouseKeeper.java:stopScavenging(149)) - node0 Stopped scavenging
2022-12-19 18:39:39,657 [Listener at 127.0.0.1/45319] INFO  handler.ContextHandler (ContextHandler.java:doStop(1159)) - Stopped o.e.j.s.ServletContextHandler@185ea2dd{static,/static,jar:file:/home/runner/.m2/repository/org/apache/ozone/hdds-container-service/1.3.0-SNAPSHOT/hdds-container-service-1.3.0-SNAPSHOT.jar!/webapps/static,STOPPED}
2022-12-19 18:39:39,657 [Listener at 127.0.0.1/45319] INFO  handler.ContextHandler (ContextHandler.java:doStop(1159)) - Stopped o.e.j.s.ServletContextHandler@5db00e50{logs,/logs,file:///home/runner/work/ozone/ozone/hadoop-ozone/integration-test/target/log,STOPPED}
2022-12-19 18:39:39,658 [Listener at 127.0.0.1/45319] INFO  ozone.MiniOzoneClusterImpl (MiniOzoneClusterImpl.java:stopSCM(538)) - Stopping the StorageContainerManager
2022-12-19 18:39:39,658 [Listener at 127.0.0.1/45319] INFO  server.StorageContainerManager (StorageContainerManager.java:stop(1515)) - Container Balancer is not running.
2022-12-19 18:39:39,658 [Listener at 127.0.0.1/45319] INFO  server.StorageContainerManager (StorageContainerManager.java:stop(1522)) - Stopping Replication Manager Service.
2022-12-19 18:39:39,658 [Listener at 127.0.0.1/45319] INFO  replication.ReplicationManager (ReplicationManager.java:stop(296)) - Stopping Replication Monitor Thread.
2022-12-19 18:39:39,658 [Under Replicated Processor] WARN  replication.UnhealthyReplicationProcessor (UnhealthyReplicationProcessor.java:run(141)) - Under Replicated Processor interrupted. Exiting...
2022-12-19 18:39:39,658 [Over Replicated Processor] WARN  replication.UnhealthyReplicationProcessor (UnhealthyReplicationProcessor.java:run(141)) - Over Replicated Processor interrupted. Exiting...
2022-12-19 18:39:39,659 [ReplicationMonitor] INFO  replication.ReplicationManager (ReplicationManager.java:run(666)) - Replication Monitor Thread is stopped
2022-12-19 18:39:39,659 [Listener at 127.0.0.1/45319] INFO  server.StorageContainerManager (StorageContainerManager.java:stop(1529)) - Stopping the Datanode Admin Monitor.
2022-12-19 18:39:39,660 [Listener at 127.0.0.1/45319] INFO  server.StorageContainerManager (StorageContainerManager.java:stop(1536)) - Stopping datanode service RPC server
2022-12-19 18:39:39,660 [Listener at 127.0.0.1/45319] INFO  server.SCMDatanodeProtocolServer (SCMDatanodeProtocolServer.java:stop(441)) - Stopping the RPC server for DataNodes
2022-12-19 18:39:39,660 [Listener at 127.0.0.1/45319] INFO  ipc.Server (Server.java:stop(3428)) - Stopping server on 44283
2022-12-19 18:39:39,662 [IPC Server listener on 0] INFO  ipc.Server (Server.java:run(1384)) - Stopping IPC Server listener on 0
2022-12-19 18:39:39,662 [IPC Server Responder] INFO  ipc.Server (Server.java:run(1517)) - Stopping IPC Server Responder
2022-12-19 18:39:40,470 [SCM Heartbeat Processing Thread - 0] WARN  node.NodeStateManager (NodeStateManager.java:scheduleNextHealthCheck(870)) - Current Thread is interrupted, shutting down HB processing thread for Node Manager.
2022-12-19 18:39:40,470 [Listener at 127.0.0.1/45319] INFO  server.StorageContainerManager (StorageContainerManager.java:stop(1544)) - Stopping block service RPC server
2022-12-19 18:39:40,471 [Listener at 127.0.0.1/45319] INFO  server.SCMBlockProtocolServer (SCMBlockProtocolServer.java:stop(161)) - Stopping the RPC server for Block Protocol
2022-12-19 18:39:40,471 [Listener at 127.0.0.1/45319] INFO  ipc.Server (Server.java:stop(3428)) - Stopping server on 40271
2022-12-19 18:39:40,472 [IPC Server listener on 0] INFO  ipc.Server (Server.java:run(1384)) - Stopping IPC Server listener on 0
2022-12-19 18:39:40,472 [IPC Server Responder] INFO  ipc.Server (Server.java:run(1517)) - Stopping IPC Server Responder
2022-12-19 18:39:40,473 [Listener at 127.0.0.1/45319] INFO  server.StorageContainerManager (StorageContainerManager.java:stop(1551)) - Stopping the StorageContainerLocationProtocol RPC server
2022-12-19 18:39:40,473 [Listener at 127.0.0.1/45319] INFO  server.SCMClientProtocolServer (SCMClientProtocolServer.java:stop(179)) - Stopping the RPC server for Client Protocol
2022-12-19 18:39:40,473 [Listener at 127.0.0.1/45319] INFO  ipc.Server (Server.java:stop(3428)) - Stopping server on 43411
2022-12-19 18:39:40,475 [IPC Server Responder] INFO  ipc.Server (Server.java:run(1517)) - Stopping IPC Server Responder
2022-12-19 18:39:40,475 [IPC Server listener on 0] INFO  ipc.Server (Server.java:run(1384)) - Stopping IPC Server listener on 0
2022-12-19 18:39:40,475 [Listener at 127.0.0.1/45319] INFO  server.StorageContainerManager (StorageContainerManager.java:stop(1558)) - Stopping Storage Container Manager HTTP server.
2022-12-19 18:39:40,477 [Listener at 127.0.0.1/45319] INFO  handler.ContextHandler (ContextHandler.java:doStop(1159)) - Stopped o.e.j.w.WebAppContext@5e2a6a1d{scm,/,null,STOPPED}{file:/home/runner/work/ozone/ozone/hadoop-ozone/integration-test/target/test-classes/webapps/scm}
2022-12-19 18:39:40,478 [Listener at 127.0.0.1/45319] INFO  server.AbstractConnector (AbstractConnector.java:doStop(383)) - Stopped ServerConnector@5a595cad{HTTP/1.1, (http/1.1)}{0.0.0.0:0}
2022-12-19 18:39:40,478 [Listener at 127.0.0.1/45319] INFO  server.session (HouseKeeper.java:stopScavenging(149)) - node0 Stopped scavenging
2022-12-19 18:39:40,478 [Listener at 127.0.0.1/45319] INFO  handler.ContextHandler (ContextHandler.java:doStop(1159)) - Stopped o.e.j.s.ServletContextHandler@4d6c4bd5{static,/static,file:///home/runner/work/ozone/ozone/hadoop-ozone/integration-test/target/test-classes/webapps/static,STOPPED}
2022-12-19 18:39:40,478 [Listener at 127.0.0.1/45319] INFO  handler.ContextHandler (ContextHandler.java:doStop(1159)) - Stopped o.e.j.s.ServletContextHandler@57c37acb{logs,/logs,file:///home/runner/work/ozone/ozone/hadoop-ozone/integration-test/target/log,STOPPED}
2022-12-19 18:39:40,480 [Listener at 127.0.0.1/45319] INFO  server.StorageContainerManager (StorageContainerManager.java:stop(1564)) - Stopping SCM LayoutVersionManager Service.
2022-12-19 18:39:40,480 [Listener at 127.0.0.1/45319] INFO  server.StorageContainerManager (StorageContainerManager.java:stop(1572)) - Stopping Block Manager Service.
2022-12-19 18:39:40,480 [Listener at 127.0.0.1/45319] INFO  utils.BackgroundService (BackgroundService.java:shutdown(141)) - Shutting down service SCMBlockDeletingService
2022-12-19 18:39:40,480 [Listener at 127.0.0.1/45319] INFO  utils.BackgroundService (BackgroundService.java:shutdown(141)) - Shutting down service SCMBlockDeletingService
2022-12-19 18:39:40,480 [Listener at 127.0.0.1/45319] INFO  server.StorageContainerManager (StorageContainerManager.java:stop(1594)) - Stopping SCM Event Queue.
2022-12-19 18:39:40,481 [Listener at 127.0.0.1/45319] INFO  server.StorageContainerManager (StorageContainerManager.java:stop(1605)) - Stopping SCM HA services.
2022-12-19 18:39:40,482 [Listener at 127.0.0.1/45319] INFO  pipeline.BackgroundPipelineCreator (BackgroundPipelineCreator.java:stop(149)) - Stopping RatisPipelineUtilsThread.
2022-12-19 18:39:40,482 [RatisPipelineUtilsThread - 0] WARN  pipeline.BackgroundPipelineCreator (BackgroundPipelineCreator.java:run(180)) - RatisPipelineUtilsThread is interrupted.
2022-12-19 18:39:40,482 [BackgroundPipelineScrubberThread] WARN  BackgroundPipelineScrubber (BackgroundSCMService.java:run(115)) - BackgroundPipelineScrubber is interrupted, exit
2022-12-19 18:39:40,482 [Listener at 127.0.0.1/45319] INFO  BackgroundPipelineScrubber (BackgroundSCMService.java:stop(131)) - Stopping BackgroundPipelineScrubber Service.
2022-12-19 18:39:40,482 [Listener at 127.0.0.1/45319] INFO  impl.MetricsSystemImpl (MetricsSystemImpl.java:stop(210)) - Stopping HddsDatanode metrics system...
2022-12-19 18:39:40,489 [prometheus] INFO  impl.MetricsSinkAdapter (MetricsSinkAdapter.java:publishMetricsFromQueue(141)) - prometheus thread interrupted.
2022-12-19 18:39:40,489 [Listener at 127.0.0.1/45319] INFO  impl.MetricsSystemImpl (MetricsSystemImpl.java:stop(216)) - HddsDatanode metrics system stopped.
2022-12-19 18:39:40,489 [Listener at 127.0.0.1/45319] WARN  pipeline.BackgroundPipelineCreator (BackgroundPipelineCreator.java:stop(145)) - RatisPipelineUtilsThread is not running, just ignore.
2022-12-19 18:39:40,489 [Listener at 127.0.0.1/45319] INFO  BackgroundPipelineScrubber (BackgroundSCMService.java:stop(126)) - BackgroundPipelineScrubber Service is not running, skip stop.
2022-12-19 18:39:40,489 [Listener at 127.0.0.1/45319] INFO  ExpiredContainerReplicaOpScrubber (BackgroundSCMService.java:stop(131)) - Stopping ExpiredContainerReplicaOpScrubber Service.
2022-12-19 18:39:40,489 [ExpiredContainerReplicaOpScrubberThread] WARN  ExpiredContainerReplicaOpScrubber (BackgroundSCMService.java:run(115)) - ExpiredContainerReplicaOpScrubber is interrupted, exit
2022-12-19 18:39:40,489 [Listener at 127.0.0.1/45319] INFO  utils.BackgroundService (BackgroundService.java:shutdown(141)) - Shutting down service SCMBlockDeletingService
2022-12-19 18:39:40,489 [Listener at 127.0.0.1/45319] INFO  replication.ReplicationManager (ReplicationManager.java:stop(304)) - Replication Monitor Thread is not running.
2022-12-19 18:39:40,490 [Listener at 127.0.0.1/45319] WARN  balancer.ContainerBalancer (ContainerBalancer.java:stop(322)) - Cannot stop Container Balancer because it's not running or stopping
2022-12-19 18:39:40,490 [Listener at 127.0.0.1/45319] INFO  server.StorageContainerManager (StorageContainerManager.java:stop(1623)) - Stopping SCM MetadataStore.
]]></system-out>
  </testcase>
  <testcase name="testAutomaticPipelineCreationDisablingFactorONE" classname="org.apache.hadoop.hdds.scm.pipeline.TestRatisPipelineCreateAndDestroy" time="85.214">
    <error type="java.util.concurrent.TimeoutException"><![CDATA[java.util.concurrent.TimeoutException: 
Timed out waiting for condition. Thread diagnostics:
Timestamp: 2022-12-19 06:40:59,237

"Datanode ReportManager Thread - 1" daemon prio=5 tid=1323 in Object.wait()
java.lang.Thread.State: WAITING (on object monitor)
        at sun.misc.Unsafe.park(Native Method)
        at java.util.concurrent.locks.LockSupport.park(LockSupport.java:175)
        at java.util.concurrent.locks.AbstractQueuedSynchronizer$ConditionObject.await(AbstractQueuedSynchronizer.java:2039)
        at java.util.concurrent.ScheduledThreadPoolExecutor$DelayedWorkQueue.take(ScheduledThreadPoolExecutor.java:1088)
        at java.util.concurrent.ScheduledThreadPoolExecutor$DelayedWorkQueue.take(ScheduledThreadPoolExecutor.java:809)
        at java.util.concurrent.ThreadPoolExecutor.getTask(ThreadPoolExecutor.java:1074)
        at java.util.concurrent.ThreadPoolExecutor.runWorker(ThreadPoolExecutor.java:1134)
        at java.util.concurrent.ThreadPoolExecutor$Worker.run(ThreadPoolExecutor.java:624)
        at java.lang.Thread.run(Thread.java:750)
"IPC Server handler 5 on default port 33985" daemon prio=5 tid=1184 timed_waiting
java.lang.Thread.State: TIMED_WAITING
        at sun.misc.Unsafe.park(Native Method)
        at java.util.concurrent.locks.LockSupport.parkNanos(LockSupport.java:215)
        at java.util.concurrent.locks.AbstractQueuedSynchronizer$ConditionObject.awaitNanos(AbstractQueuedSynchronizer.java:2078)
        at java.util.concurrent.LinkedBlockingQueue.poll(LinkedBlockingQueue.java:467)
        at org.apache.hadoop.ipc.CallQueueManager.take(CallQueueManager.java:317)
        at org.apache.hadoop.ipc.Server$Handler.run(Server.java:2942)
"IPC Server handler 11 on default port 33985" daemon prio=5 tid=1190 timed_waiting
java.lang.Thread.State: TIMED_WAITING
        at sun.misc.Unsafe.park(Native Method)
        at java.util.concurrent.locks.LockSupport.parkNanos(LockSupport.java:215)
        at java.util.concurrent.locks.AbstractQueuedSynchronizer$ConditionObject.awaitNanos(AbstractQueuedSynchronizer.java:2078)
        at java.util.concurrent.LinkedBlockingQueue.poll(LinkedBlockingQueue.java:467)
        at org.apache.hadoop.ipc.CallQueueManager.take(CallQueueManager.java:317)
        at org.apache.hadoop.ipc.Server$Handler.run(Server.java:2942)
"IPC Server handler 3 on default port 33985" daemon prio=5 tid=1182 timed_waiting
java.lang.Thread.State: TIMED_WAITING
        at sun.misc.Unsafe.park(Native Method)
        at java.util.concurrent.locks.LockSupport.parkNanos(LockSupport.java:215)
        at java.util.concurrent.locks.AbstractQueuedSynchronizer$ConditionObject.awaitNanos(AbstractQueuedSynchronizer.java:2078)
        at java.util.concurrent.LinkedBlockingQueue.poll(LinkedBlockingQueue.java:467)
        at org.apache.hadoop.ipc.CallQueueManager.take(CallQueueManager.java:317)
        at org.apache.hadoop.ipc.Server$Handler.run(Server.java:2942)
"IPC Server handler 19 on default port 34917" daemon prio=5 tid=1218 timed_waiting
java.lang.Thread.State: TIMED_WAITING
        at sun.misc.Unsafe.park(Native Method)
        at java.util.concurrent.locks.LockSupport.parkNanos(LockSupport.java:215)
        at java.util.concurrent.locks.AbstractQueuedSynchronizer$ConditionObject.awaitNanos(AbstractQueuedSynchronizer.java:2078)
        at java.util.concurrent.LinkedBlockingQueue.poll(LinkedBlockingQueue.java:467)
        at org.apache.hadoop.ipc.CallQueueManager.take(CallQueueManager.java:317)
        at org.apache.hadoop.ipc.Server$Handler.run(Server.java:2942)
"IPC Server listener on 0" daemon prio=5 tid=1159 runnable
java.lang.Thread.State: RUNNABLE
        at sun.nio.ch.EPollArrayWrapper.epollWait(Native Method)
        at sun.nio.ch.EPollArrayWrapper.poll(EPollArrayWrapper.java:269)
        at sun.nio.ch.EPollSelectorImpl.doSelect(EPollSelectorImpl.java:93)
        at sun.nio.ch.SelectorImpl.lockAndDoSelect(SelectorImpl.java:86)
        at sun.nio.ch.SelectorImpl.select(SelectorImpl.java:97)
        at sun.nio.ch.SelectorImpl.select(SelectorImpl.java:101)
        at org.apache.hadoop.ipc.Server$Listener.run(Server.java:1358)
"ChunkReader-ELG-0" daemon prio=5 tid=1499 runnable
java.lang.Thread.State: RUNNABLE
        at org.apache.ratis.thirdparty.io.netty.channel.epoll.Native.epollWait(Native Method)
        at org.apache.ratis.thirdparty.io.netty.channel.epoll.Native.epollWait(Native.java:209)
        at org.apache.ratis.thirdparty.io.netty.channel.epoll.Native.epollWait(Native.java:202)
        at org.apache.ratis.thirdparty.io.netty.channel.epoll.EpollEventLoop.epollWaitNoTimerChange(EpollEventLoop.java:294)
        at org.apache.ratis.thirdparty.io.netty.channel.epoll.EpollEventLoop.run(EpollEventLoop.java:351)
        at org.apache.ratis.thirdparty.io.netty.util.concurrent.SingleThreadEventExecutor$4.run(SingleThreadEventExecutor.java:995)
        at org.apache.ratis.thirdparty.io.netty.util.internal.ThreadExecutorMap$2.run(ThreadExecutorMap.java:74)
        at java.lang.Thread.run(Thread.java:750)
"Periodic HDDS volume checker" daemon prio=5 tid=1331 timed_waiting
java.lang.Thread.State: TIMED_WAITING
        at sun.misc.Unsafe.park(Native Method)
        at java.util.concurrent.locks.LockSupport.parkNanos(LockSupport.java:215)
        at java.util.concurrent.locks.AbstractQueuedSynchronizer$ConditionObject.awaitNanos(AbstractQueuedSynchronizer.java:2078)
        at java.util.concurrent.ScheduledThreadPoolExecutor$DelayedWorkQueue.take(ScheduledThreadPoolExecutor.java:1093)
        at java.util.concurrent.ScheduledThreadPoolExecutor$DelayedWorkQueue.take(ScheduledThreadPoolExecutor.java:809)
        at java.util.concurrent.ThreadPoolExecutor.getTask(ThreadPoolExecutor.java:1074)
        at java.util.concurrent.ThreadPoolExecutor.runWorker(ThreadPoolExecutor.java:1134)
        at java.util.concurrent.ThreadPoolExecutor$Worker.run(ThreadPoolExecutor.java:624)
        at java.lang.Thread.run(Thread.java:750)
"ChunkReader-ELG-0" daemon prio=5 tid=1487 runnable
java.lang.Thread.State: RUNNABLE
        at org.apache.ratis.thirdparty.io.netty.channel.epoll.Native.epollWait(Native Method)
        at org.apache.ratis.thirdparty.io.netty.channel.epoll.Native.epollWait(Native.java:209)
        at org.apache.ratis.thirdparty.io.netty.channel.epoll.Native.epollWait(Native.java:202)
        at org.apache.ratis.thirdparty.io.netty.channel.epoll.EpollEventLoop.epollWaitNoTimerChange(EpollEventLoop.java:294)
        at org.apache.ratis.thirdparty.io.netty.channel.epoll.EpollEventLoop.run(EpollEventLoop.java:351)
        at org.apache.ratis.thirdparty.io.netty.util.concurrent.SingleThreadEventExecutor$4.run(SingleThreadEventExecutor.java:995)
        at org.apache.ratis.thirdparty.io.netty.util.internal.ThreadExecutorMap$2.run(ThreadExecutorMap.java:74)
        at java.lang.Thread.run(Thread.java:750)
"pool-503-thread-1"  prio=5 tid=1241 timed_waiting
java.lang.Thread.State: TIMED_WAITING
        at sun.misc.Unsafe.park(Native Method)
        at java.util.concurrent.locks.LockSupport.parkNanos(LockSupport.java:215)
        at java.util.concurrent.locks.AbstractQueuedSynchronizer$ConditionObject.awaitNanos(AbstractQueuedSynchronizer.java:2078)
        at java.util.concurrent.ScheduledThreadPoolExecutor$DelayedWorkQueue.take(ScheduledThreadPoolExecutor.java:1093)
        at java.util.concurrent.ScheduledThreadPoolExecutor$DelayedWorkQueue.take(ScheduledThreadPoolExecutor.java:809)
        at java.util.concurrent.ThreadPoolExecutor.getTask(ThreadPoolExecutor.java:1074)
        at java.util.concurrent.ThreadPoolExecutor.runWorker(ThreadPoolExecutor.java:1134)
        at java.util.concurrent.ThreadPoolExecutor$Worker.run(ThreadPoolExecutor.java:624)
        at java.lang.Thread.run(Thread.java:750)
"IPC Server handler 16 on default port 39295" daemon prio=5 tid=1298 timed_waiting
java.lang.Thread.State: TIMED_WAITING
        at sun.misc.Unsafe.park(Native Method)
        at java.util.concurrent.locks.LockSupport.parkNanos(LockSupport.java:215)
        at java.util.concurrent.locks.AbstractQueuedSynchronizer$ConditionObject.awaitNanos(AbstractQueuedSynchronizer.java:2078)
        at java.util.concurrent.LinkedBlockingQueue.poll(LinkedBlockingQueue.java:467)
        at org.apache.hadoop.ipc.CallQueueManager.take(CallQueueManager.java:317)
        at org.apache.hadoop.ipc.Server$Handler.run(Server.java:2942)
"StaleRecoveringContainerScrubbingService#2" daemon prio=5 tid=1711 in Object.wait()
java.lang.Thread.State: WAITING (on object monitor)
        at sun.misc.Unsafe.park(Native Method)
        at java.util.concurrent.locks.LockSupport.park(LockSupport.java:175)
        at java.util.concurrent.locks.AbstractQueuedSynchronizer$ConditionObject.await(AbstractQueuedSynchronizer.java:2039)
        at java.util.concurrent.ScheduledThreadPoolExecutor$DelayedWorkQueue.take(ScheduledThreadPoolExecutor.java:1088)
        at java.util.concurrent.ScheduledThreadPoolExecutor$DelayedWorkQueue.take(ScheduledThreadPoolExecutor.java:809)
        at java.util.concurrent.ThreadPoolExecutor.getTask(ThreadPoolExecutor.java:1074)
        at java.util.concurrent.ThreadPoolExecutor.runWorker(ThreadPoolExecutor.java:1134)
        at java.util.concurrent.ThreadPoolExecutor$Worker.run(ThreadPoolExecutor.java:624)
        at java.lang.Thread.run(Thread.java:750)
"pool-529-thread-1"  prio=5 tid=1272 timed_waiting
java.lang.Thread.State: TIMED_WAITING
        at sun.misc.Unsafe.park(Native Method)
        at java.util.concurrent.locks.LockSupport.parkNanos(LockSupport.java:215)
        at java.util.concurrent.locks.AbstractQueuedSynchronizer$ConditionObject.awaitNanos(AbstractQueuedSynchronizer.java:2078)
        at java.util.concurrent.ScheduledThreadPoolExecutor$DelayedWorkQueue.take(ScheduledThreadPoolExecutor.java:1093)
        at java.util.concurrent.ScheduledThreadPoolExecutor$DelayedWorkQueue.take(ScheduledThreadPoolExecutor.java:809)
        at java.util.concurrent.ThreadPoolExecutor.getTask(ThreadPoolExecutor.java:1074)
        at java.util.concurrent.ThreadPoolExecutor.runWorker(ThreadPoolExecutor.java:1134)
        at java.util.concurrent.ThreadPoolExecutor$Worker.run(ThreadPoolExecutor.java:624)
        at java.lang.Thread.run(Thread.java:750)
"BlockDeletingService#1" daemon prio=5 tid=1478 timed_waiting
java.lang.Thread.State: TIMED_WAITING
        at sun.misc.Unsafe.park(Native Method)
        at java.util.concurrent.locks.LockSupport.parkNanos(LockSupport.java:215)
        at java.util.concurrent.locks.AbstractQueuedSynchronizer$ConditionObject.awaitNanos(AbstractQueuedSynchronizer.java:2078)
        at java.util.concurrent.ScheduledThreadPoolExecutor$DelayedWorkQueue.take(ScheduledThreadPoolExecutor.java:1093)
        at java.util.concurrent.ScheduledThreadPoolExecutor$DelayedWorkQueue.take(ScheduledThreadPoolExecutor.java:809)
        at java.util.concurrent.ThreadPoolExecutor.getTask(ThreadPoolExecutor.java:1074)
        at java.util.concurrent.ThreadPoolExecutor.runWorker(ThreadPoolExecutor.java:1134)
        at java.util.concurrent.ThreadPoolExecutor$Worker.run(ThreadPoolExecutor.java:624)
        at java.lang.Thread.run(Thread.java:750)
"IPC Server handler 13 on default port 33985" daemon prio=5 tid=1192 timed_waiting
java.lang.Thread.State: TIMED_WAITING
        at sun.misc.Unsafe.park(Native Method)
        at java.util.concurrent.locks.LockSupport.parkNanos(LockSupport.java:215)
        at java.util.concurrent.locks.AbstractQueuedSynchronizer$ConditionObject.awaitNanos(AbstractQueuedSynchronizer.java:2078)
        at java.util.concurrent.LinkedBlockingQueue.poll(LinkedBlockingQueue.java:467)
        at org.apache.hadoop.ipc.CallQueueManager.take(CallQueueManager.java:317)
        at org.apache.hadoop.ipc.Server$Handler.run(Server.java:2942)
"72a8f579-b929-42a4-a748-3b6f638fc788@group-1926F592E147-StateMachineUpdater" daemon prio=5 tid=1586 timed_waiting
java.lang.Thread.State: TIMED_WAITING
        at sun.misc.Unsafe.park(Native Method)
        at java.util.concurrent.locks.LockSupport.parkNanos(LockSupport.java:215)
        at java.util.concurrent.locks.AbstractQueuedSynchronizer$ConditionObject.await(AbstractQueuedSynchronizer.java:2163)
        at org.apache.ratis.util.AwaitForSignal.await(AwaitForSignal.java:62)
        at org.apache.ratis.server.impl.StateMachineUpdater.waitForCommit(StateMachineUpdater.java:207)
        at org.apache.ratis.server.impl.StateMachineUpdater.run(StateMachineUpdater.java:176)
        at java.lang.Thread.run(Thread.java:750)
"StaleRecoveringContainerScrubbingService#0" daemon prio=5 tid=1489 in Object.wait()
java.lang.Thread.State: WAITING (on object monitor)
        at sun.misc.Unsafe.park(Native Method)
        at java.util.concurrent.locks.LockSupport.park(LockSupport.java:175)
        at java.util.concurrent.locks.AbstractQueuedSynchronizer$ConditionObject.await(AbstractQueuedSynchronizer.java:2039)
        at java.util.concurrent.ScheduledThreadPoolExecutor$DelayedWorkQueue.take(ScheduledThreadPoolExecutor.java:1088)
        at java.util.concurrent.ScheduledThreadPoolExecutor$DelayedWorkQueue.take(ScheduledThreadPoolExecutor.java:809)
        at java.util.concurrent.ThreadPoolExecutor.getTask(ThreadPoolExecutor.java:1074)
        at java.util.concurrent.ThreadPoolExecutor.runWorker(ThreadPoolExecutor.java:1134)
        at java.util.concurrent.ThreadPoolExecutor$Worker.run(ThreadPoolExecutor.java:624)
        at java.lang.Thread.run(Thread.java:750)
"qtp1593287956-1278" daemon prio=5 tid=1278 timed_waiting
java.lang.Thread.State: TIMED_WAITING
        at sun.misc.Unsafe.park(Native Method)
        at java.util.concurrent.locks.LockSupport.parkNanos(LockSupport.java:215)
        at java.util.concurrent.locks.AbstractQueuedSynchronizer$ConditionObject.awaitNanos(AbstractQueuedSynchronizer.java:2078)
        at org.eclipse.jetty.util.BlockingArrayQueue.poll(BlockingArrayQueue.java:382)
        at org.eclipse.jetty.util.thread.QueuedThreadPool$Runner.idleJobPoll(QueuedThreadPool.java:974)
        at org.eclipse.jetty.util.thread.QueuedThreadPool$Runner.run(QueuedThreadPool.java:1018)
        at java.lang.Thread.run(Thread.java:750)
"org.apache.hadoop.ozone.container.common.statemachine.commandhandler.DeleteBlocksCommandHandler$DeleteCmdWorker@3f4988f4" daemon prio=5 tid=1391 timed_waiting
java.lang.Thread.State: TIMED_WAITING
        at java.lang.Thread.sleep(Native Method)
        at org.apache.hadoop.ozone.container.common.statemachine.commandhandler.DeleteBlocksCommandHandler$DeleteCmdWorker.run(DeleteBlocksCommandHandler.java:184)
        at java.lang.Thread.run(Thread.java:750)
"Datanode State Machine Daemon Thread" daemon prio=5 tid=1431 timed_waiting
java.lang.Thread.State: TIMED_WAITING
        at java.lang.Thread.sleep(Native Method)
        at org.apache.hadoop.ozone.container.common.statemachine.DatanodeStateMachine.startStateMachineThread(DatanodeStateMachine.java:325)
        at org.apache.hadoop.ozone.container.common.statemachine.DatanodeStateMachine.lambda$startDaemon$0(DatanodeStateMachine.java:510)
        at org.apache.hadoop.ozone.container.common.statemachine.DatanodeStateMachine$$Lambda$797/1903341753.run(Unknown Source)
        at java.lang.Thread.run(Thread.java:750)
"qtp1468657944-1373" daemon prio=5 tid=1373 timed_waiting
java.lang.Thread.State: TIMED_WAITING
        at sun.misc.Unsafe.park(Native Method)
        at java.util.concurrent.locks.LockSupport.parkNanos(LockSupport.java:215)
        at java.util.concurrent.locks.AbstractQueuedSynchronizer$ConditionObject.awaitNanos(AbstractQueuedSynchronizer.java:2078)
        at org.eclipse.jetty.util.BlockingArrayQueue.poll(BlockingArrayQueue.java:382)
        at org.eclipse.jetty.util.thread.QueuedThreadPool$Runner.idleJobPoll(QueuedThreadPool.java:974)
        at org.eclipse.jetty.util.thread.QueuedThreadPool$Runner.run(QueuedThreadPool.java:1018)
        at java.lang.Thread.run(Thread.java:750)
"ChunkWriter-0-0" daemon prio=5 tid=1470 in Object.wait()
java.lang.Thread.State: WAITING (on object monitor)
        at sun.misc.Unsafe.park(Native Method)
        at java.util.concurrent.locks.LockSupport.park(LockSupport.java:175)
        at java.util.concurrent.locks.AbstractQueuedSynchronizer$ConditionObject.await(AbstractQueuedSynchronizer.java:2039)
        at java.util.concurrent.LinkedBlockingDeque.takeFirst(LinkedBlockingDeque.java:492)
        at java.util.concurrent.LinkedBlockingDeque.take(LinkedBlockingDeque.java:680)
        at java.util.concurrent.ThreadPoolExecutor.getTask(ThreadPoolExecutor.java:1074)
        at java.util.concurrent.ThreadPoolExecutor.runWorker(ThreadPoolExecutor.java:1134)
        at java.util.concurrent.ThreadPoolExecutor$Worker.run(ThreadPoolExecutor.java:624)
        at java.lang.Thread.run(Thread.java:750)
"IPC Server idle connection scanner for port 39295" daemon prio=5 tid=1262 timed_waiting
java.lang.Thread.State: TIMED_WAITING
        at java.lang.Object.wait(Native Method)
        at java.util.TimerThread.mainLoop(Timer.java:552)
        at java.util.TimerThread.run(Timer.java:505)
"grpc-default-worker-ELG-5-1" daemon prio=5 tid=955 runnable
java.lang.Thread.State: RUNNABLE
        at org.apache.ratis.thirdparty.io.netty.channel.epoll.Native.epollWait0(Native Method)
        at org.apache.ratis.thirdparty.io.netty.channel.epoll.Native.epollWait(Native.java:182)
        at org.apache.ratis.thirdparty.io.netty.channel.epoll.EpollEventLoop.epollWait(EpollEventLoop.java:290)
        at org.apache.ratis.thirdparty.io.netty.channel.epoll.EpollEventLoop.run(EpollEventLoop.java:354)
        at org.apache.ratis.thirdparty.io.netty.util.concurrent.SingleThreadEventExecutor$4.run(SingleThreadEventExecutor.java:995)
        at org.apache.ratis.thirdparty.io.netty.util.internal.ThreadExecutorMap$2.run(ThreadExecutorMap.java:74)
        at org.apache.ratis.thirdparty.io.netty.util.concurrent.FastThreadLocalRunnable.run(FastThreadLocalRunnable.java:30)
        at java.lang.Thread.run(Thread.java:750)
"ChunkWriter-3-0" daemon prio=5 tid=1497 in Object.wait()
java.lang.Thread.State: WAITING (on object monitor)
        at sun.misc.Unsafe.park(Native Method)
        at java.util.concurrent.locks.LockSupport.park(LockSupport.java:175)
        at java.util.concurrent.locks.AbstractQueuedSynchronizer$ConditionObject.await(AbstractQueuedSynchronizer.java:2039)
        at java.util.concurrent.LinkedBlockingDeque.takeFirst(LinkedBlockingDeque.java:492)
        at java.util.concurrent.LinkedBlockingDeque.take(LinkedBlockingDeque.java:680)
        at java.util.concurrent.ThreadPoolExecutor.getTask(ThreadPoolExecutor.java:1074)
        at java.util.concurrent.ThreadPoolExecutor.runWorker(ThreadPoolExecutor.java:1134)
        at java.util.concurrent.ThreadPoolExecutor$Worker.run(ThreadPoolExecutor.java:624)
        at java.lang.Thread.run(Thread.java:750)
"grpc-default-boss-ELG-4-1" daemon prio=5 tid=782 runnable
java.lang.Thread.State: RUNNABLE
        at org.apache.ratis.thirdparty.io.netty.channel.epoll.Native.epollWait(Native Method)
        at org.apache.ratis.thirdparty.io.netty.channel.epoll.Native.epollWait(Native.java:209)
        at org.apache.ratis.thirdparty.io.netty.channel.epoll.Native.epollWait(Native.java:202)
        at org.apache.ratis.thirdparty.io.netty.channel.epoll.EpollEventLoop.epollWaitNoTimerChange(EpollEventLoop.java:294)
        at org.apache.ratis.thirdparty.io.netty.channel.epoll.EpollEventLoop.run(EpollEventLoop.java:351)
        at org.apache.ratis.thirdparty.io.netty.util.concurrent.SingleThreadEventExecutor$4.run(SingleThreadEventExecutor.java:995)
        at org.apache.ratis.thirdparty.io.netty.util.internal.ThreadExecutorMap$2.run(ThreadExecutorMap.java:74)
        at org.apache.ratis.thirdparty.io.netty.util.concurrent.FastThreadLocalRunnable.run(FastThreadLocalRunnable.java:30)
        at java.lang.Thread.run(Thread.java:750)
"qtp2046616631-1452" daemon prio=5 tid=1452 timed_waiting
java.lang.Thread.State: TIMED_WAITING
        at sun.misc.Unsafe.park(Native Method)
        at java.util.concurrent.locks.LockSupport.parkNanos(LockSupport.java:215)
        at java.util.concurrent.locks.AbstractQueuedSynchronizer$ConditionObject.awaitNanos(AbstractQueuedSynchronizer.java:2078)
        at org.eclipse.jetty.util.BlockingArrayQueue.poll(BlockingArrayQueue.java:382)
        at org.eclipse.jetty.util.thread.QueuedThreadPool$Runner.idleJobPoll(QueuedThreadPool.java:974)
        at org.eclipse.jetty.util.thread.QueuedThreadPool$Runner.run(QueuedThreadPool.java:1018)
        at java.lang.Thread.run(Thread.java:750)
"qtp1593287956-1277" daemon prio=5 tid=1277 timed_waiting
java.lang.Thread.State: TIMED_WAITING
        at sun.misc.Unsafe.park(Native Method)
        at java.util.concurrent.locks.LockSupport.parkNanos(LockSupport.java:215)
        at java.util.concurrent.locks.AbstractQueuedSynchronizer$ConditionObject.awaitNanos(AbstractQueuedSynchronizer.java:2078)
        at org.eclipse.jetty.util.BlockingArrayQueue.poll(BlockingArrayQueue.java:382)
        at org.eclipse.jetty.util.thread.QueuedThreadPool$Runner.idleJobPoll(QueuedThreadPool.java:974)
        at org.eclipse.jetty.util.thread.QueuedThreadPool$Runner.run(QueuedThreadPool.java:1018)
        at java.lang.Thread.run(Thread.java:750)
"org.apache.hadoop.util.JvmPauseMonitor$Monitor@3ddd4a9d" daemon prio=5 tid=1355 timed_waiting
java.lang.Thread.State: TIMED_WAITING
        at java.lang.Thread.sleep(Native Method)
        at org.apache.hadoop.util.JvmPauseMonitor$Monitor.run(JvmPauseMonitor.java:192)
        at java.lang.Thread.run(Thread.java:750)
"FixedThreadPoolWithAffinityExecutor-6-0" daemon prio=5 tid=1173 timed_waiting
java.lang.Thread.State: TIMED_WAITING
        at sun.misc.Unsafe.park(Native Method)
        at java.util.concurrent.locks.LockSupport.parkNanos(LockSupport.java:215)
        at java.util.concurrent.locks.AbstractQueuedSynchronizer$ConditionObject.awaitNanos(AbstractQueuedSynchronizer.java:2078)
        at java.util.concurrent.LinkedBlockingQueue.poll(LinkedBlockingQueue.java:467)
        at org.apache.hadoop.hdds.scm.server.ContainerReportQueue.poll(ContainerReportQueue.java:266)
        at org.apache.hadoop.hdds.scm.server.ContainerReportQueue.poll(ContainerReportQueue.java:42)
        at org.apache.hadoop.hdds.server.events.FixedThreadPoolWithAffinityExecutor$ContainerReportProcessTask.run(FixedThreadPoolWithAffinityExecutor.java:247)
        at java.util.concurrent.Executors$RunnableAdapter.call(Executors.java:511)
        at java.util.concurrent.FutureTask.run(FutureTask.java:266)
        at java.util.concurrent.ThreadPoolExecutor.runWorker(ThreadPoolExecutor.java:1149)
        at java.util.concurrent.ThreadPoolExecutor$Worker.run(ThreadPoolExecutor.java:624)
        at java.lang.Thread.run(Thread.java:750)
"BlockDeletingService#0" daemon prio=5 tid=1488 in Object.wait()
java.lang.Thread.State: WAITING (on object monitor)
        at sun.misc.Unsafe.park(Native Method)
        at java.util.concurrent.locks.LockSupport.park(LockSupport.java:175)
        at java.util.concurrent.locks.AbstractQueuedSynchronizer$ConditionObject.await(AbstractQueuedSynchronizer.java:2039)
        at java.util.concurrent.ScheduledThreadPoolExecutor$DelayedWorkQueue.take(ScheduledThreadPoolExecutor.java:1088)
        at java.util.concurrent.ScheduledThreadPoolExecutor$DelayedWorkQueue.take(ScheduledThreadPoolExecutor.java:809)
        at java.util.concurrent.ThreadPoolExecutor.getTask(ThreadPoolExecutor.java:1074)
        at java.util.concurrent.ThreadPoolExecutor.runWorker(ThreadPoolExecutor.java:1134)
        at java.util.concurrent.ThreadPoolExecutor$Worker.run(ThreadPoolExecutor.java:624)
        at java.lang.Thread.run(Thread.java:750)
"IPC Server idle connection scanner for port 34917" daemon prio=5 tid=1161 timed_waiting
java.lang.Thread.State: TIMED_WAITING
        at java.lang.Object.wait(Native Method)
        at java.util.TimerThread.mainLoop(Timer.java:552)
        at java.util.TimerThread.run(Timer.java:505)
"Periodic HDDS volume checker" daemon prio=5 tid=1358 timed_waiting
java.lang.Thread.State: TIMED_WAITING
        at sun.misc.Unsafe.park(Native Method)
        at java.util.concurrent.locks.LockSupport.parkNanos(LockSupport.java:215)
        at java.util.concurrent.locks.AbstractQueuedSynchronizer$ConditionObject.awaitNanos(AbstractQueuedSynchronizer.java:2078)
        at java.util.concurrent.ScheduledThreadPoolExecutor$DelayedWorkQueue.take(ScheduledThreadPoolExecutor.java:1093)
        at java.util.concurrent.ScheduledThreadPoolExecutor$DelayedWorkQueue.take(ScheduledThreadPoolExecutor.java:809)
        at java.util.concurrent.ThreadPoolExecutor.getTask(ThreadPoolExecutor.java:1074)
        at java.util.concurrent.ThreadPoolExecutor.runWorker(ThreadPoolExecutor.java:1134)
        at java.util.concurrent.ThreadPoolExecutor$Worker.run(ThreadPoolExecutor.java:624)
        at java.lang.Thread.run(Thread.java:750)
"ChunkWriter-1-0" daemon prio=5 tid=1471 in Object.wait()
java.lang.Thread.State: WAITING (on object monitor)
        at sun.misc.Unsafe.park(Native Method)
        at java.util.concurrent.locks.LockSupport.park(LockSupport.java:175)
        at java.util.concurrent.locks.AbstractQueuedSynchronizer$ConditionObject.await(AbstractQueuedSynchronizer.java:2039)
        at java.util.concurrent.LinkedBlockingDeque.takeFirst(LinkedBlockingDeque.java:492)
        at java.util.concurrent.LinkedBlockingDeque.take(LinkedBlockingDeque.java:680)
        at java.util.concurrent.ThreadPoolExecutor.getTask(ThreadPoolExecutor.java:1074)
        at java.util.concurrent.ThreadPoolExecutor.runWorker(ThreadPoolExecutor.java:1134)
        at java.util.concurrent.ThreadPoolExecutor$Worker.run(ThreadPoolExecutor.java:624)
        at java.lang.Thread.run(Thread.java:750)
"pool-460-thread-1"  prio=5 tid=1116 in Object.wait()
java.lang.Thread.State: WAITING (on object monitor)
        at sun.misc.Unsafe.park(Native Method)
        at java.util.concurrent.locks.LockSupport.park(LockSupport.java:175)
        at java.util.concurrent.locks.AbstractQueuedSynchronizer$ConditionObject.await(AbstractQueuedSynchronizer.java:2039)
        at java.util.concurrent.LinkedBlockingQueue.take(LinkedBlockingQueue.java:442)
        at java.util.concurrent.ThreadPoolExecutor.getTask(ThreadPoolExecutor.java:1074)
        at java.util.concurrent.ThreadPoolExecutor.runWorker(ThreadPoolExecutor.java:1134)
        at java.util.concurrent.ThreadPoolExecutor$Worker.run(ThreadPoolExecutor.java:624)
        at java.lang.Thread.run(Thread.java:750)
"pool-526-thread-1"  prio=5 tid=1257 in Object.wait()
java.lang.Thread.State: WAITING (on object monitor)
        at sun.misc.Unsafe.park(Native Method)
        at java.util.concurrent.locks.LockSupport.park(LockSupport.java:175)
        at java.util.concurrent.locks.AbstractQueuedSynchronizer$ConditionObject.await(AbstractQueuedSynchronizer.java:2039)
        at java.util.concurrent.LinkedBlockingQueue.take(LinkedBlockingQueue.java:442)
        at java.util.concurrent.ThreadPoolExecutor.getTask(ThreadPoolExecutor.java:1074)
        at java.util.concurrent.ThreadPoolExecutor.runWorker(ThreadPoolExecutor.java:1134)
        at java.util.concurrent.ThreadPoolExecutor$Worker.run(ThreadPoolExecutor.java:624)
        at java.lang.Thread.run(Thread.java:750)
"BackgroundPipelineScrubberThread" daemon prio=5 tid=1149 timed_waiting
java.lang.Thread.State: TIMED_WAITING
        at java.lang.Object.wait(Native Method)
        at org.apache.hadoop.hdds.scm.ha.BackgroundSCMService.run(BackgroundSCMService.java:110)
        at org.apache.hadoop.hdds.scm.ha.BackgroundSCMService$$Lambda$395/1060932448.run(Unknown Source)
        at java.lang.Thread.run(Thread.java:750)
"ChunkWriter-0-0" daemon prio=5 tid=1518 in Object.wait()
java.lang.Thread.State: WAITING (on object monitor)
        at sun.misc.Unsafe.park(Native Method)
        at java.util.concurrent.locks.LockSupport.park(LockSupport.java:175)
        at java.util.concurrent.locks.AbstractQueuedSynchronizer$ConditionObject.await(AbstractQueuedSynchronizer.java:2039)
        at java.util.concurrent.LinkedBlockingDeque.takeFirst(LinkedBlockingDeque.java:492)
        at java.util.concurrent.LinkedBlockingDeque.take(LinkedBlockingDeque.java:680)
        at java.util.concurrent.ThreadPoolExecutor.getTask(ThreadPoolExecutor.java:1074)
        at java.util.concurrent.ThreadPoolExecutor.runWorker(ThreadPoolExecutor.java:1134)
        at java.util.concurrent.ThreadPoolExecutor$Worker.run(ThreadPoolExecutor.java:624)
        at java.lang.Thread.run(Thread.java:750)
"qtp101162911-1317" daemon prio=5 tid=1317 timed_waiting
java.lang.Thread.State: TIMED_WAITING
        at sun.misc.Unsafe.park(Native Method)
        at java.util.concurrent.locks.LockSupport.parkNanos(LockSupport.java:215)
        at java.util.concurrent.locks.AbstractQueuedSynchronizer$ConditionObject.awaitNanos(AbstractQueuedSynchronizer.java:2078)
        at org.eclipse.jetty.util.BlockingArrayQueue.poll(BlockingArrayQueue.java:382)
        at org.eclipse.jetty.util.thread.QueuedThreadPool$Runner.idleJobPoll(QueuedThreadPool.java:974)
        at org.eclipse.jetty.util.thread.QueuedThreadPool$Runner.run(QueuedThreadPool.java:1018)
        at java.lang.Thread.run(Thread.java:750)
"IPC Server handler 13 on default port 39295" daemon prio=5 tid=1295 timed_waiting
java.lang.Thread.State: TIMED_WAITING
        at sun.misc.Unsafe.park(Native Method)
        at java.util.concurrent.locks.LockSupport.parkNanos(LockSupport.java:215)
        at java.util.concurrent.locks.AbstractQueuedSynchronizer$ConditionObject.awaitNanos(AbstractQueuedSynchronizer.java:2078)
        at java.util.concurrent.LinkedBlockingQueue.poll(LinkedBlockingQueue.java:467)
        at org.apache.hadoop.ipc.CallQueueManager.take(CallQueueManager.java:317)
        at org.apache.hadoop.ipc.Server$Handler.run(Server.java:2942)
"Periodic HDDS volume checker" daemon prio=5 tid=1414 timed_waiting
java.lang.Thread.State: TIMED_WAITING
        at sun.misc.Unsafe.park(Native Method)
        at java.util.concurrent.locks.LockSupport.parkNanos(LockSupport.java:215)
        at java.util.concurrent.locks.AbstractQueuedSynchronizer$ConditionObject.awaitNanos(AbstractQueuedSynchronizer.java:2078)
        at java.util.concurrent.ScheduledThreadPoolExecutor$DelayedWorkQueue.take(ScheduledThreadPoolExecutor.java:1093)
        at java.util.concurrent.ScheduledThreadPoolExecutor$DelayedWorkQueue.take(ScheduledThreadPoolExecutor.java:809)
        at java.util.concurrent.ThreadPoolExecutor.getTask(ThreadPoolExecutor.java:1074)
        at java.util.concurrent.ThreadPoolExecutor.runWorker(ThreadPoolExecutor.java:1134)
        at java.util.concurrent.ThreadPoolExecutor$Worker.run(ThreadPoolExecutor.java:624)
        at java.lang.Thread.run(Thread.java:750)
"IPC Server handler 0 on default port 43047" daemon prio=5 tid=1219 timed_waiting
java.lang.Thread.State: TIMED_WAITING
        at sun.misc.Unsafe.park(Native Method)
        at java.util.concurrent.locks.LockSupport.parkNanos(LockSupport.java:215)
        at java.util.concurrent.locks.AbstractQueuedSynchronizer$ConditionObject.awaitNanos(AbstractQueuedSynchronizer.java:2078)
        at java.util.concurrent.LinkedBlockingQueue.poll(LinkedBlockingQueue.java:467)
        at org.apache.hadoop.ipc.CallQueueManager.take(CallQueueManager.java:317)
        at org.apache.hadoop.ipc.Server$Handler.run(Server.java:2942)
"EndpointStateMachine task thread for /0.0.0.0:43047 - 0 "  prio=5 tid=1529 in Object.wait()
java.lang.Thread.State: WAITING (on object monitor)
        at sun.misc.Unsafe.park(Native Method)
        at java.util.concurrent.locks.LockSupport.park(LockSupport.java:175)
        at java.util.concurrent.locks.AbstractQueuedSynchronizer$ConditionObject.await(AbstractQueuedSynchronizer.java:2039)
        at java.util.concurrent.LinkedBlockingQueue.take(LinkedBlockingQueue.java:442)
        at java.util.concurrent.ThreadPoolExecutor.getTask(ThreadPoolExecutor.java:1074)
        at java.util.concurrent.ThreadPoolExecutor.runWorker(ThreadPoolExecutor.java:1134)
        at java.util.concurrent.ThreadPoolExecutor$Worker.run(ThreadPoolExecutor.java:624)
        at java.lang.Thread.run(Thread.java:750)
"156d136a-08eb-462a-8e45-2bca38fc9d49-server-thread1" daemon prio=5 tid=1697 timed_waiting
java.lang.Thread.State: TIMED_WAITING
        at sun.misc.Unsafe.park(Native Method)
        at java.util.concurrent.locks.LockSupport.parkNanos(LockSupport.java:215)
        at java.util.concurrent.SynchronousQueue$TransferStack.awaitFulfill(SynchronousQueue.java:460)
        at java.util.concurrent.SynchronousQueue$TransferStack.transfer(SynchronousQueue.java:362)
        at java.util.concurrent.SynchronousQueue.poll(SynchronousQueue.java:941)
        at java.util.concurrent.ThreadPoolExecutor.getTask(ThreadPoolExecutor.java:1073)
        at java.util.concurrent.ThreadPoolExecutor.runWorker(ThreadPoolExecutor.java:1134)
        at java.util.concurrent.ThreadPoolExecutor$Worker.run(ThreadPoolExecutor.java:624)
        at java.lang.Thread.run(Thread.java:750)
"grpc-default-executor-6" daemon prio=5 tid=1629 timed_waiting
java.lang.Thread.State: TIMED_WAITING
        at sun.misc.Unsafe.park(Native Method)
        at java.util.concurrent.locks.LockSupport.parkNanos(LockSupport.java:215)
        at java.util.concurrent.SynchronousQueue$TransferStack.awaitFulfill(SynchronousQueue.java:460)
        at java.util.concurrent.SynchronousQueue$TransferStack.transfer(SynchronousQueue.java:362)
        at java.util.concurrent.SynchronousQueue.poll(SynchronousQueue.java:941)
        at java.util.concurrent.ThreadPoolExecutor.getTask(ThreadPoolExecutor.java:1073)
        at java.util.concurrent.ThreadPoolExecutor.runWorker(ThreadPoolExecutor.java:1134)
        at java.util.concurrent.ThreadPoolExecutor$Worker.run(ThreadPoolExecutor.java:624)
        at java.lang.Thread.run(Thread.java:750)
"Datanode State Machine Daemon Thread" daemon prio=5 tid=1404 timed_waiting
java.lang.Thread.State: TIMED_WAITING
        at java.lang.Thread.sleep(Native Method)
        at org.apache.hadoop.ozone.container.common.statemachine.DatanodeStateMachine.startStateMachineThread(DatanodeStateMachine.java:325)
        at org.apache.hadoop.ozone.container.common.statemachine.DatanodeStateMachine.lambda$startDaemon$0(DatanodeStateMachine.java:510)
        at org.apache.hadoop.ozone.container.common.statemachine.DatanodeStateMachine$$Lambda$797/1903341753.run(Unknown Source)
        at java.lang.Thread.run(Thread.java:750)
"IPC Server handler 12 on default port 34917" daemon prio=5 tid=1211 timed_waiting
java.lang.Thread.State: TIMED_WAITING
        at sun.misc.Unsafe.park(Native Method)
        at java.util.concurrent.locks.LockSupport.parkNanos(LockSupport.java:215)
        at java.util.concurrent.locks.AbstractQueuedSynchronizer$ConditionObject.awaitNanos(AbstractQueuedSynchronizer.java:2078)
        at java.util.concurrent.LinkedBlockingQueue.poll(LinkedBlockingQueue.java:467)
        at org.apache.hadoop.ipc.CallQueueManager.take(CallQueueManager.java:317)
        at org.apache.hadoop.ipc.Server$Handler.run(Server.java:2942)
"StaleRecoveringContainerScrubbingService#0" daemon prio=5 tid=1525 in Object.wait()
java.lang.Thread.State: WAITING (on object monitor)
        at sun.misc.Unsafe.park(Native Method)
        at java.util.concurrent.locks.LockSupport.park(LockSupport.java:175)
        at java.util.concurrent.locks.AbstractQueuedSynchronizer$ConditionObject.await(AbstractQueuedSynchronizer.java:2039)
        at java.util.concurrent.ScheduledThreadPoolExecutor$DelayedWorkQueue.take(ScheduledThreadPoolExecutor.java:1088)
        at java.util.concurrent.ScheduledThreadPoolExecutor$DelayedWorkQueue.take(ScheduledThreadPoolExecutor.java:809)
        at java.util.concurrent.ThreadPoolExecutor.getTask(ThreadPoolExecutor.java:1074)
        at java.util.concurrent.ThreadPoolExecutor.runWorker(ThreadPoolExecutor.java:1134)
        at java.util.concurrent.ThreadPoolExecutor$Worker.run(ThreadPoolExecutor.java:624)
        at java.lang.Thread.run(Thread.java:750)
"StaleRecoveringContainerScrubbingService#1" daemon prio=5 tid=1491 timed_waiting
java.lang.Thread.State: TIMED_WAITING
        at sun.misc.Unsafe.park(Native Method)
        at java.util.concurrent.locks.LockSupport.parkNanos(LockSupport.java:215)
        at java.util.concurrent.locks.AbstractQueuedSynchronizer$ConditionObject.awaitNanos(AbstractQueuedSynchronizer.java:2078)
        at java.util.concurrent.ScheduledThreadPoolExecutor$DelayedWorkQueue.take(ScheduledThreadPoolExecutor.java:1093)
        at java.util.concurrent.ScheduledThreadPoolExecutor$DelayedWorkQueue.take(ScheduledThreadPoolExecutor.java:809)
        at java.util.concurrent.ThreadPoolExecutor.getTask(ThreadPoolExecutor.java:1074)
        at java.util.concurrent.ThreadPoolExecutor.runWorker(ThreadPoolExecutor.java:1134)
        at java.util.concurrent.ThreadPoolExecutor$Worker.run(ThreadPoolExecutor.java:624)
        at java.lang.Thread.run(Thread.java:750)
"f143390d-7c87-4621-8359-d245efaa75b3-server-thread1" daemon prio=5 tid=1698 timed_waiting
java.lang.Thread.State: TIMED_WAITING
        at sun.misc.Unsafe.park(Native Method)
        at java.util.concurrent.locks.LockSupport.parkNanos(LockSupport.java:215)
        at java.util.concurrent.SynchronousQueue$TransferStack.awaitFulfill(SynchronousQueue.java:460)
        at java.util.concurrent.SynchronousQueue$TransferStack.transfer(SynchronousQueue.java:362)
        at java.util.concurrent.SynchronousQueue.poll(SynchronousQueue.java:941)
        at java.util.concurrent.ThreadPoolExecutor.getTask(ThreadPoolExecutor.java:1073)
        at java.util.concurrent.ThreadPoolExecutor.runWorker(ThreadPoolExecutor.java:1134)
        at java.util.concurrent.ThreadPoolExecutor$Worker.run(ThreadPoolExecutor.java:624)
        at java.lang.Thread.run(Thread.java:750)
"IPC Server handler 5 on default port 39295" daemon prio=5 tid=1287 timed_waiting
java.lang.Thread.State: TIMED_WAITING
        at sun.misc.Unsafe.park(Native Method)
        at java.util.concurrent.locks.LockSupport.parkNanos(LockSupport.java:215)
        at java.util.concurrent.locks.AbstractQueuedSynchronizer$ConditionObject.awaitNanos(AbstractQueuedSynchronizer.java:2078)
        at java.util.concurrent.LinkedBlockingQueue.poll(LinkedBlockingQueue.java:467)
        at org.apache.hadoop.ipc.CallQueueManager.take(CallQueueManager.java:317)
        at org.apache.hadoop.ipc.Server$Handler.run(Server.java:2942)
"qtp2046616631-1451" daemon prio=5 tid=1451 timed_waiting
java.lang.Thread.State: TIMED_WAITING
        at sun.misc.Unsafe.park(Native Method)
        at java.util.concurrent.locks.LockSupport.parkNanos(LockSupport.java:215)
        at java.util.concurrent.locks.AbstractQueuedSynchronizer$ConditionObject.awaitNanos(AbstractQueuedSynchronizer.java:2078)
        at org.eclipse.jetty.util.BlockingArrayQueue.poll(BlockingArrayQueue.java:382)
        at org.eclipse.jetty.util.thread.QueuedThreadPool$Runner.idleJobPoll(QueuedThreadPool.java:974)
        at org.eclipse.jetty.util.thread.QueuedThreadPool$Runner.run(QueuedThreadPool.java:1018)
        at java.lang.Thread.run(Thread.java:750)
"pool-626-thread-1" daemon prio=5 tid=1416 timed_waiting
java.lang.Thread.State: TIMED_WAITING
        at sun.misc.Unsafe.park(Native Method)
        at java.util.concurrent.locks.LockSupport.parkNanos(LockSupport.java:215)
        at java.util.concurrent.locks.AbstractQueuedSynchronizer$ConditionObject.awaitNanos(AbstractQueuedSynchronizer.java:2078)
        at java.util.concurrent.ScheduledThreadPoolExecutor$DelayedWorkQueue.take(ScheduledThreadPoolExecutor.java:1093)
        at java.util.concurrent.ScheduledThreadPoolExecutor$DelayedWorkQueue.take(ScheduledThreadPoolExecutor.java:809)
        at java.util.concurrent.ThreadPoolExecutor.getTask(ThreadPoolExecutor.java:1074)
        at java.util.concurrent.ThreadPoolExecutor.runWorker(ThreadPoolExecutor.java:1134)
        at java.util.concurrent.ThreadPoolExecutor$Worker.run(ThreadPoolExecutor.java:624)
        at java.lang.Thread.run(Thread.java:750)
"org.apache.hadoop.util.JvmPauseMonitor$Monitor@2ac9dd30" daemon prio=5 tid=1382 timed_waiting
java.lang.Thread.State: TIMED_WAITING
        at java.lang.Thread.sleep(Native Method)
        at org.apache.hadoop.util.JvmPauseMonitor$Monitor.run(JvmPauseMonitor.java:192)
        at java.lang.Thread.run(Thread.java:750)
"prometheus" daemon prio=5 tid=1178 in Object.wait()
java.lang.Thread.State: WAITING (on object monitor)
        at java.lang.Object.wait(Native Method)
        at java.lang.Object.wait(Object.java:502)
        at org.apache.hadoop.metrics2.impl.SinkQueue.waitForData(SinkQueue.java:114)
        at org.apache.hadoop.metrics2.impl.SinkQueue.consumeAll(SinkQueue.java:83)
        at org.apache.hadoop.metrics2.impl.MetricsSinkAdapter.publishMetricsFromQueue(MetricsSinkAdapter.java:135)
        at org.apache.hadoop.metrics2.impl.MetricsSinkAdapter$1.run(MetricsSinkAdapter.java:89)
"StaleRecoveringContainerScrubbingService#0" daemon prio=5 tid=1537 in Object.wait()
java.lang.Thread.State: WAITING (on object monitor)
        at sun.misc.Unsafe.park(Native Method)
        at java.util.concurrent.locks.LockSupport.park(LockSupport.java:175)
        at java.util.concurrent.locks.AbstractQueuedSynchronizer$ConditionObject.await(AbstractQueuedSynchronizer.java:2039)
        at java.util.concurrent.ScheduledThreadPoolExecutor$DelayedWorkQueue.take(ScheduledThreadPoolExecutor.java:1088)
        at java.util.concurrent.ScheduledThreadPoolExecutor$DelayedWorkQueue.take(ScheduledThreadPoolExecutor.java:809)
        at java.util.concurrent.ThreadPoolExecutor.getTask(ThreadPoolExecutor.java:1074)
        at java.util.concurrent.ThreadPoolExecutor.runWorker(ThreadPoolExecutor.java:1134)
        at java.util.concurrent.ThreadPoolExecutor$Worker.run(ThreadPoolExecutor.java:624)
        at java.lang.Thread.run(Thread.java:750)
"qtp101162911-1315" daemon prio=5 tid=1315 timed_waiting
java.lang.Thread.State: TIMED_WAITING
        at sun.misc.Unsafe.park(Native Method)
        at java.util.concurrent.locks.LockSupport.parkNanos(LockSupport.java:215)
        at java.util.concurrent.locks.AbstractQueuedSynchronizer$ConditionObject.awaitNanos(AbstractQueuedSynchronizer.java:2078)
        at org.eclipse.jetty.util.BlockingArrayQueue.poll(BlockingArrayQueue.java:382)
        at org.eclipse.jetty.util.thread.QueuedThreadPool$Runner.idleJobPoll(QueuedThreadPool.java:974)
        at org.eclipse.jetty.util.thread.QueuedThreadPool$Runner.run(QueuedThreadPool.java:1018)
        at java.lang.Thread.run(Thread.java:750)
"qtp264282319-1242" daemon prio=5 tid=1242 runnable
java.lang.Thread.State: RUNNABLE
        at sun.nio.ch.EPollArrayWrapper.epollWait(Native Method)
        at sun.nio.ch.EPollArrayWrapper.poll(EPollArrayWrapper.java:269)
        at sun.nio.ch.EPollSelectorImpl.doSelect(EPollSelectorImpl.java:93)
        at sun.nio.ch.SelectorImpl.lockAndDoSelect(SelectorImpl.java:86)
        at sun.nio.ch.SelectorImpl.select(SelectorImpl.java:97)
        at sun.nio.ch.SelectorImpl.select(SelectorImpl.java:101)
        at org.eclipse.jetty.io.ManagedSelector.nioSelect(ManagedSelector.java:183)
        at org.eclipse.jetty.io.ManagedSelector.select(ManagedSelector.java:190)
        at org.eclipse.jetty.io.ManagedSelector$SelectorProducer.select(ManagedSelector.java:606)
        at org.eclipse.jetty.io.ManagedSelector$SelectorProducer.produce(ManagedSelector.java:543)
        at org.eclipse.jetty.util.thread.strategy.EatWhatYouKill.produceTask(EatWhatYouKill.java:362)
        at org.eclipse.jetty.util.thread.strategy.EatWhatYouKill.doProduce(EatWhatYouKill.java:186)
        at org.eclipse.jetty.util.thread.strategy.EatWhatYouKill.tryProduce(EatWhatYouKill.java:173)
        at org.eclipse.jetty.util.thread.strategy.EatWhatYouKill.produce(EatWhatYouKill.java:137)
        at org.eclipse.jetty.io.ManagedSelector$$Lambda$468/325488817.run(Unknown Source)
        at org.eclipse.jetty.util.thread.QueuedThreadPool.runJob(QueuedThreadPool.java:883)
        at org.eclipse.jetty.util.thread.QueuedThreadPool$Runner.run(QueuedThreadPool.java:1034)
        at java.lang.Thread.run(Thread.java:750)
"om1@group-C5BA1605619E-SegmentedRaftLogWorker"  prio=5 tid=1264 timed_waiting
java.lang.Thread.State: TIMED_WAITING
        at sun.misc.Unsafe.park(Native Method)
        at java.util.concurrent.locks.LockSupport.parkNanos(LockSupport.java:215)
        at java.util.concurrent.locks.AbstractQueuedSynchronizer$ConditionObject.awaitNanos(AbstractQueuedSynchronizer.java:2078)
        at org.apache.ratis.util.DataBlockingQueue.poll(DataBlockingQueue.java:148)
        at org.apache.ratis.server.raftlog.segmented.SegmentedRaftLogWorker.run(SegmentedRaftLogWorker.java:312)
        at org.apache.ratis.server.raftlog.segmented.SegmentedRaftLogWorker$$Lambda$708/2091679541.run(Unknown Source)
        at java.lang.Thread.run(Thread.java:750)
"IPC Server handler 1 on default port 34917" daemon prio=5 tid=1200 timed_waiting
java.lang.Thread.State: TIMED_WAITING
        at sun.misc.Unsafe.park(Native Method)
        at java.util.concurrent.locks.LockSupport.parkNanos(LockSupport.java:215)
        at java.util.concurrent.locks.AbstractQueuedSynchronizer$ConditionObject.awaitNanos(AbstractQueuedSynchronizer.java:2078)
        at java.util.concurrent.LinkedBlockingQueue.poll(LinkedBlockingQueue.java:467)
        at org.apache.hadoop.ipc.CallQueueManager.take(CallQueueManager.java:317)
        at org.apache.hadoop.ipc.Server$Handler.run(Server.java:2942)
"IPC Server handler 5 on default port 34917" daemon prio=5 tid=1204 timed_waiting
java.lang.Thread.State: TIMED_WAITING
        at sun.misc.Unsafe.park(Native Method)
        at java.util.concurrent.locks.LockSupport.parkNanos(LockSupport.java:215)
        at java.util.concurrent.locks.AbstractQueuedSynchronizer$ConditionObject.awaitNanos(AbstractQueuedSynchronizer.java:2078)
        at java.util.concurrent.LinkedBlockingQueue.poll(LinkedBlockingQueue.java:467)
        at org.apache.hadoop.ipc.CallQueueManager.take(CallQueueManager.java:317)
        at org.apache.hadoop.ipc.Server$Handler.run(Server.java:2942)
"IPC Server handler 12 on default port 43047" daemon prio=5 tid=1231 timed_waiting
java.lang.Thread.State: TIMED_WAITING
        at sun.misc.Unsafe.park(Native Method)
        at java.util.concurrent.locks.LockSupport.parkNanos(LockSupport.java:215)
        at java.util.concurrent.locks.AbstractQueuedSynchronizer$ConditionObject.awaitNanos(AbstractQueuedSynchronizer.java:2078)
        at java.util.concurrent.LinkedBlockingQueue.poll(LinkedBlockingQueue.java:467)
        at org.apache.hadoop.ipc.CallQueueManager.take(CallQueueManager.java:317)
        at org.apache.hadoop.ipc.Server$Handler.run(Server.java:2942)
"IPC Server handler 1 on default port 43047" daemon prio=5 tid=1220 timed_waiting
java.lang.Thread.State: TIMED_WAITING
        at sun.misc.Unsafe.park(Native Method)
        at java.util.concurrent.locks.LockSupport.parkNanos(LockSupport.java:215)
        at java.util.concurrent.locks.AbstractQueuedSynchronizer$ConditionObject.awaitNanos(AbstractQueuedSynchronizer.java:2078)
        at java.util.concurrent.LinkedBlockingQueue.poll(LinkedBlockingQueue.java:467)
        at org.apache.hadoop.ipc.CallQueueManager.take(CallQueueManager.java:317)
        at org.apache.hadoop.ipc.Server$Handler.run(Server.java:2942)
"StaleRecoveringContainerScrubbingService#0" daemon prio=5 tid=1513 in Object.wait()
java.lang.Thread.State: WAITING (on object monitor)
        at sun.misc.Unsafe.park(Native Method)
        at java.util.concurrent.locks.LockSupport.park(LockSupport.java:175)
        at java.util.concurrent.locks.AbstractQueuedSynchronizer$ConditionObject.await(AbstractQueuedSynchronizer.java:2039)
        at java.util.concurrent.ScheduledThreadPoolExecutor$DelayedWorkQueue.take(ScheduledThreadPoolExecutor.java:1088)
        at java.util.concurrent.ScheduledThreadPoolExecutor$DelayedWorkQueue.take(ScheduledThreadPoolExecutor.java:809)
        at java.util.concurrent.ThreadPoolExecutor.getTask(ThreadPoolExecutor.java:1074)
        at java.util.concurrent.ThreadPoolExecutor.runWorker(ThreadPoolExecutor.java:1134)
        at java.util.concurrent.ThreadPoolExecutor$Worker.run(ThreadPoolExecutor.java:624)
        at java.lang.Thread.run(Thread.java:750)
"qtp480678786-1340-acceptor-0@69a6a956-ServerConnector@5173b584{HTTP/1.1, (http/1.1)}{0.0.0.0:33599}" daemon prio=3 tid=1340 runnable
java.lang.Thread.State: RUNNABLE
        at sun.nio.ch.ServerSocketChannelImpl.accept0(Native Method)
        at sun.nio.ch.ServerSocketChannelImpl.accept(ServerSocketChannelImpl.java:421)
        at sun.nio.ch.ServerSocketChannelImpl.accept(ServerSocketChannelImpl.java:249)
        at org.eclipse.jetty.server.ServerConnector.accept(ServerConnector.java:388)
        at org.eclipse.jetty.server.AbstractConnector$Acceptor.run(AbstractConnector.java:704)
        at org.eclipse.jetty.util.thread.QueuedThreadPool.runJob(QueuedThreadPool.java:883)
        at org.eclipse.jetty.util.thread.QueuedThreadPool$Runner.run(QueuedThreadPool.java:1034)
        at java.lang.Thread.run(Thread.java:750)
"IPC Server handler 2 on default port 34917" daemon prio=5 tid=1201 timed_waiting
java.lang.Thread.State: TIMED_WAITING
        at sun.misc.Unsafe.park(Native Method)
        at java.util.concurrent.locks.LockSupport.parkNanos(LockSupport.java:215)
        at java.util.concurrent.locks.AbstractQueuedSynchronizer$ConditionObject.awaitNanos(AbstractQueuedSynchronizer.java:2078)
        at java.util.concurrent.LinkedBlockingQueue.poll(LinkedBlockingQueue.java:467)
        at org.apache.hadoop.ipc.CallQueueManager.take(CallQueueManager.java:317)
        at org.apache.hadoop.ipc.Server$Handler.run(Server.java:2942)
"qtp480678786-1342" daemon prio=5 tid=1342 timed_waiting
java.lang.Thread.State: TIMED_WAITING
        at sun.misc.Unsafe.park(Native Method)
        at java.util.concurrent.locks.LockSupport.parkNanos(LockSupport.java:215)
        at java.util.concurrent.locks.AbstractQueuedSynchronizer$ConditionObject.awaitNanos(AbstractQueuedSynchronizer.java:2078)
        at org.eclipse.jetty.util.BlockingArrayQueue.poll(BlockingArrayQueue.java:382)
        at org.eclipse.jetty.util.thread.QueuedThreadPool$Runner.idleJobPoll(QueuedThreadPool.java:974)
        at org.eclipse.jetty.util.thread.QueuedThreadPool$Runner.run(QueuedThreadPool.java:1018)
        at java.lang.Thread.run(Thread.java:750)
"StaleRecoveringContainerScrubbingService#2" daemon prio=5 tid=1717 in Object.wait()
java.lang.Thread.State: WAITING (on object monitor)
        at sun.misc.Unsafe.park(Native Method)
        at java.util.concurrent.locks.LockSupport.park(LockSupport.java:175)
        at java.util.concurrent.locks.AbstractQueuedSynchronizer$ConditionObject.await(AbstractQueuedSynchronizer.java:2039)
        at java.util.concurrent.ScheduledThreadPoolExecutor$DelayedWorkQueue.take(ScheduledThreadPoolExecutor.java:1088)
        at java.util.concurrent.ScheduledThreadPoolExecutor$DelayedWorkQueue.take(ScheduledThreadPoolExecutor.java:809)
        at java.util.concurrent.ThreadPoolExecutor.getTask(ThreadPoolExecutor.java:1074)
        at java.util.concurrent.ThreadPoolExecutor.runWorker(ThreadPoolExecutor.java:1134)
        at java.util.concurrent.ThreadPoolExecutor$Worker.run(ThreadPoolExecutor.java:624)
        at java.lang.Thread.run(Thread.java:750)
"IPC Server handler 10 on default port 34917" daemon prio=5 tid=1209 timed_waiting
java.lang.Thread.State: TIMED_WAITING
        at sun.misc.Unsafe.park(Native Method)
        at java.util.concurrent.locks.LockSupport.parkNanos(LockSupport.java:215)
        at java.util.concurrent.locks.AbstractQueuedSynchronizer$ConditionObject.awaitNanos(AbstractQueuedSynchronizer.java:2078)
        at java.util.concurrent.LinkedBlockingQueue.poll(LinkedBlockingQueue.java:467)
        at org.apache.hadoop.ipc.CallQueueManager.take(CallQueueManager.java:317)
        at org.apache.hadoop.ipc.Server$Handler.run(Server.java:2942)
"IPC Server handler 9 on default port 33985" daemon prio=5 tid=1188 timed_waiting
java.lang.Thread.State: TIMED_WAITING
        at sun.misc.Unsafe.park(Native Method)
        at java.util.concurrent.locks.LockSupport.parkNanos(LockSupport.java:215)
        at java.util.concurrent.locks.AbstractQueuedSynchronizer$ConditionObject.awaitNanos(AbstractQueuedSynchronizer.java:2078)
        at java.util.concurrent.LinkedBlockingQueue.poll(LinkedBlockingQueue.java:467)
        at org.apache.hadoop.ipc.CallQueueManager.take(CallQueueManager.java:317)
        at org.apache.hadoop.ipc.Server$Handler.run(Server.java:2942)
"qtp1593287956-1276" daemon prio=5 tid=1276 timed_waiting
java.lang.Thread.State: TIMED_WAITING
        at sun.misc.Unsafe.park(Native Method)
        at java.util.concurrent.locks.LockSupport.parkNanos(LockSupport.java:215)
        at java.util.concurrent.locks.AbstractQueuedSynchronizer$ConditionObject.awaitNanos(AbstractQueuedSynchronizer.java:2078)
        at org.eclipse.jetty.util.BlockingArrayQueue.poll(BlockingArrayQueue.java:382)
        at org.eclipse.jetty.util.thread.QueuedThreadPool$Runner.idleJobPoll(QueuedThreadPool.java:974)
        at org.eclipse.jetty.util.thread.QueuedThreadPool$Runner.run(QueuedThreadPool.java:1018)
        at java.lang.Thread.run(Thread.java:750)
"qtp1468657944-1372" daemon prio=5 tid=1372 timed_waiting
java.lang.Thread.State: TIMED_WAITING
        at sun.misc.Unsafe.park(Native Method)
        at java.util.concurrent.locks.LockSupport.parkNanos(LockSupport.java:215)
        at java.util.concurrent.locks.AbstractQueuedSynchronizer$ConditionObject.awaitNanos(AbstractQueuedSynchronizer.java:2078)
        at org.eclipse.jetty.util.BlockingArrayQueue.poll(BlockingArrayQueue.java:382)
        at org.eclipse.jetty.util.thread.QueuedThreadPool$Runner.idleJobPoll(QueuedThreadPool.java:974)
        at org.eclipse.jetty.util.thread.QueuedThreadPool$Runner.run(QueuedThreadPool.java:1018)
        at java.lang.Thread.run(Thread.java:750)
"ChunkWriter-3-0" daemon prio=5 tid=1509 in Object.wait()
java.lang.Thread.State: WAITING (on object monitor)
        at sun.misc.Unsafe.park(Native Method)
        at java.util.concurrent.locks.LockSupport.park(LockSupport.java:175)
        at java.util.concurrent.locks.AbstractQueuedSynchronizer$ConditionObject.await(AbstractQueuedSynchronizer.java:2039)
        at java.util.concurrent.LinkedBlockingDeque.takeFirst(LinkedBlockingDeque.java:492)
        at java.util.concurrent.LinkedBlockingDeque.take(LinkedBlockingDeque.java:680)
        at java.util.concurrent.ThreadPoolExecutor.getTask(ThreadPoolExecutor.java:1074)
        at java.util.concurrent.ThreadPoolExecutor.runWorker(ThreadPoolExecutor.java:1134)
        at java.util.concurrent.ThreadPoolExecutor$Worker.run(ThreadPoolExecutor.java:624)
        at java.lang.Thread.run(Thread.java:750)
"JvmPauseMonitor12" daemon prio=5 tid=1474 timed_waiting
java.lang.Thread.State: TIMED_WAITING
        at java.lang.Thread.sleep(Native Method)
        at java.lang.Thread.sleep(Thread.java:342)
        at java.util.concurrent.TimeUnit.sleep(TimeUnit.java:386)
        at org.apache.ratis.util.TimeDuration.sleep(TimeDuration.java:325)
        at org.apache.ratis.util.TimeDuration.sleep(TimeDuration.java:310)
        at org.apache.ratis.util.JvmPauseMonitor.detectPause(JvmPauseMonitor.java:119)
        at org.apache.ratis.util.JvmPauseMonitor.run(JvmPauseMonitor.java:108)
        at org.apache.ratis.util.JvmPauseMonitor$$Lambda$749/1985309092.run(Unknown Source)
        at java.lang.Thread.run(Thread.java:750)
"StaleRecoveringContainerScrubbingService#2" daemon prio=5 tid=1721 in Object.wait()
java.lang.Thread.State: WAITING (on object monitor)
        at sun.misc.Unsafe.park(Native Method)
        at java.util.concurrent.locks.LockSupport.park(LockSupport.java:175)
        at java.util.concurrent.locks.AbstractQueuedSynchronizer$ConditionObject.await(AbstractQueuedSynchronizer.java:2039)
        at java.util.concurrent.ScheduledThreadPoolExecutor$DelayedWorkQueue.take(ScheduledThreadPoolExecutor.java:1088)
        at java.util.concurrent.ScheduledThreadPoolExecutor$DelayedWorkQueue.take(ScheduledThreadPoolExecutor.java:809)
        at java.util.concurrent.ThreadPoolExecutor.getTask(ThreadPoolExecutor.java:1074)
        at java.util.concurrent.ThreadPoolExecutor.runWorker(ThreadPoolExecutor.java:1134)
        at java.util.concurrent.ThreadPoolExecutor$Worker.run(ThreadPoolExecutor.java:624)
        at java.lang.Thread.run(Thread.java:750)
"IPC Server handler 17 on default port 43047" daemon prio=5 tid=1236 timed_waiting
java.lang.Thread.State: TIMED_WAITING
        at sun.misc.Unsafe.park(Native Method)
        at java.util.concurrent.locks.LockSupport.parkNanos(LockSupport.java:215)
        at java.util.concurrent.locks.AbstractQueuedSynchronizer$ConditionObject.awaitNanos(AbstractQueuedSynchronizer.java:2078)
        at java.util.concurrent.LinkedBlockingQueue.poll(LinkedBlockingQueue.java:467)
        at org.apache.hadoop.ipc.CallQueueManager.take(CallQueueManager.java:317)
        at org.apache.hadoop.ipc.Server$Handler.run(Server.java:2942)
"Session-HouseKeeper-5e5eb9a2-1"  prio=5 tid=1250 timed_waiting
java.lang.Thread.State: TIMED_WAITING
        at sun.misc.Unsafe.park(Native Method)
        at java.util.concurrent.locks.LockSupport.parkNanos(LockSupport.java:215)
        at java.util.concurrent.locks.AbstractQueuedSynchronizer$ConditionObject.awaitNanos(AbstractQueuedSynchronizer.java:2078)
        at java.util.concurrent.ScheduledThreadPoolExecutor$DelayedWorkQueue.take(ScheduledThreadPoolExecutor.java:1093)
        at java.util.concurrent.ScheduledThreadPoolExecutor$DelayedWorkQueue.take(ScheduledThreadPoolExecutor.java:809)
        at java.util.concurrent.ThreadPoolExecutor.getTask(ThreadPoolExecutor.java:1074)
        at java.util.concurrent.ThreadPoolExecutor.runWorker(ThreadPoolExecutor.java:1134)
        at java.util.concurrent.ThreadPoolExecutor$Worker.run(ThreadPoolExecutor.java:624)
        at java.lang.Thread.run(Thread.java:750)
"EventQueue-NodeReportForNodeReportHandler" daemon prio=5 tid=1709 in Object.wait()
java.lang.Thread.State: WAITING (on object monitor)
        at sun.misc.Unsafe.park(Native Method)
        at java.util.concurrent.locks.LockSupport.park(LockSupport.java:175)
        at java.util.concurrent.locks.AbstractQueuedSynchronizer$ConditionObject.await(AbstractQueuedSynchronizer.java:2039)
        at java.util.concurrent.LinkedBlockingQueue.take(LinkedBlockingQueue.java:442)
        at java.util.concurrent.ThreadPoolExecutor.getTask(ThreadPoolExecutor.java:1074)
        at java.util.concurrent.ThreadPoolExecutor.runWorker(ThreadPoolExecutor.java:1134)
        at java.util.concurrent.ThreadPoolExecutor$Worker.run(ThreadPoolExecutor.java:624)
        at java.lang.Thread.run(Thread.java:750)
"qtp1277859572-1422" daemon prio=5 tid=1422 runnable
java.lang.Thread.State: RUNNABLE
        at sun.nio.ch.EPollArrayWrapper.epollWait(Native Method)
        at sun.nio.ch.EPollArrayWrapper.poll(EPollArrayWrapper.java:269)
        at sun.nio.ch.EPollSelectorImpl.doSelect(EPollSelectorImpl.java:93)
        at sun.nio.ch.SelectorImpl.lockAndDoSelect(SelectorImpl.java:86)
        at sun.nio.ch.SelectorImpl.select(SelectorImpl.java:97)
        at sun.nio.ch.SelectorImpl.select(SelectorImpl.java:101)
        at org.eclipse.jetty.io.ManagedSelector.nioSelect(ManagedSelector.java:183)
        at org.eclipse.jetty.io.ManagedSelector.select(ManagedSelector.java:190)
        at org.eclipse.jetty.io.ManagedSelector$SelectorProducer.select(ManagedSelector.java:606)
        at org.eclipse.jetty.io.ManagedSelector$SelectorProducer.produce(ManagedSelector.java:543)
        at org.eclipse.jetty.util.thread.strategy.EatWhatYouKill.produceTask(EatWhatYouKill.java:362)
        at org.eclipse.jetty.util.thread.strategy.EatWhatYouKill.doProduce(EatWhatYouKill.java:186)
        at org.eclipse.jetty.util.thread.strategy.EatWhatYouKill.tryProduce(EatWhatYouKill.java:173)
        at org.eclipse.jetty.util.thread.strategy.EatWhatYouKill.produce(EatWhatYouKill.java:137)
        at org.eclipse.jetty.io.ManagedSelector$$Lambda$468/325488817.run(Unknown Source)
        at org.eclipse.jetty.util.thread.QueuedThreadPool.runJob(QueuedThreadPool.java:883)
        at org.eclipse.jetty.util.thread.QueuedThreadPool$Runner.run(QueuedThreadPool.java:1034)
        at java.lang.Thread.run(Thread.java:750)
"pool-400-thread-1"  prio=5 tid=1060 in Object.wait()
java.lang.Thread.State: WAITING (on object monitor)
        at sun.misc.Unsafe.park(Native Method)
        at java.util.concurrent.locks.LockSupport.park(LockSupport.java:175)
        at java.util.concurrent.locks.AbstractQueuedSynchronizer$ConditionObject.await(AbstractQueuedSynchronizer.java:2039)
        at java.util.concurrent.LinkedBlockingQueue.take(LinkedBlockingQueue.java:442)
        at java.util.concurrent.ThreadPoolExecutor.getTask(ThreadPoolExecutor.java:1074)
        at java.util.concurrent.ThreadPoolExecutor.runWorker(ThreadPoolExecutor.java:1134)
        at java.util.concurrent.ThreadPoolExecutor$Worker.run(ThreadPoolExecutor.java:624)
        at java.lang.Thread.run(Thread.java:750)
"qtp1593287956-1280" daemon prio=5 tid=1280 timed_waiting
java.lang.Thread.State: TIMED_WAITING
        at sun.misc.Unsafe.park(Native Method)
        at java.util.concurrent.locks.LockSupport.parkNanos(LockSupport.java:215)
        at java.util.concurrent.locks.AbstractQueuedSynchronizer$ConditionObject.awaitNanos(AbstractQueuedSynchronizer.java:2078)
        at org.eclipse.jetty.util.BlockingArrayQueue.poll(BlockingArrayQueue.java:382)
        at org.eclipse.jetty.util.thread.QueuedThreadPool$Runner.idleJobPoll(QueuedThreadPool.java:974)
        at org.eclipse.jetty.util.thread.QueuedThreadPool$Runner.run(QueuedThreadPool.java:1018)
        at java.lang.Thread.run(Thread.java:750)
"FixedThreadPoolWithAffinityExecutor-4-0" daemon prio=5 tid=1171 timed_waiting
java.lang.Thread.State: TIMED_WAITING
        at sun.misc.Unsafe.park(Native Method)
        at java.util.concurrent.locks.LockSupport.parkNanos(LockSupport.java:215)
        at java.util.concurrent.locks.AbstractQueuedSynchronizer$ConditionObject.awaitNanos(AbstractQueuedSynchronizer.java:2078)
        at java.util.concurrent.LinkedBlockingQueue.poll(LinkedBlockingQueue.java:467)
        at org.apache.hadoop.hdds.scm.server.ContainerReportQueue.poll(ContainerReportQueue.java:266)
        at org.apache.hadoop.hdds.scm.server.ContainerReportQueue.poll(ContainerReportQueue.java:42)
        at org.apache.hadoop.hdds.server.events.FixedThreadPoolWithAffinityExecutor$ContainerReportProcessTask.run(FixedThreadPoolWithAffinityExecutor.java:247)
        at java.util.concurrent.Executors$RunnableAdapter.call(Executors.java:511)
        at java.util.concurrent.FutureTask.run(FutureTask.java:266)
        at java.util.concurrent.ThreadPoolExecutor.runWorker(ThreadPoolExecutor.java:1149)
        at java.util.concurrent.ThreadPoolExecutor$Worker.run(ThreadPoolExecutor.java:624)
        at java.lang.Thread.run(Thread.java:750)
"IPC Server handler 12 on default port 39295" daemon prio=5 tid=1294 timed_waiting
java.lang.Thread.State: TIMED_WAITING
        at sun.misc.Unsafe.park(Native Method)
        at java.util.concurrent.locks.LockSupport.parkNanos(LockSupport.java:215)
        at java.util.concurrent.locks.AbstractQueuedSynchronizer$ConditionObject.awaitNanos(AbstractQueuedSynchronizer.java:2078)
        at java.util.concurrent.LinkedBlockingQueue.poll(LinkedBlockingQueue.java:467)
        at org.apache.hadoop.ipc.CallQueueManager.take(CallQueueManager.java:317)
        at org.apache.hadoop.ipc.Server$Handler.run(Server.java:2942)
"qtp1593287956-1279" daemon prio=5 tid=1279 timed_waiting
java.lang.Thread.State: TIMED_WAITING
        at sun.misc.Unsafe.park(Native Method)
        at java.util.concurrent.locks.LockSupport.parkNanos(LockSupport.java:215)
        at java.util.concurrent.locks.AbstractQueuedSynchronizer$ConditionObject.awaitNanos(AbstractQueuedSynchronizer.java:2078)
        at org.eclipse.jetty.util.BlockingArrayQueue.poll(BlockingArrayQueue.java:382)
        at org.eclipse.jetty.util.thread.QueuedThreadPool$Runner.idleJobPoll(QueuedThreadPool.java:974)
        at org.eclipse.jetty.util.thread.QueuedThreadPool$Runner.run(QueuedThreadPool.java:1018)
        at java.lang.Thread.run(Thread.java:750)
"FixedThreadPoolWithAffinityExecutor-5-0" daemon prio=5 tid=1172 timed_waiting
java.lang.Thread.State: TIMED_WAITING
        at sun.misc.Unsafe.park(Native Method)
        at java.util.concurrent.locks.LockSupport.parkNanos(LockSupport.java:215)
        at java.util.concurrent.locks.AbstractQueuedSynchronizer$ConditionObject.awaitNanos(AbstractQueuedSynchronizer.java:2078)
        at java.util.concurrent.LinkedBlockingQueue.poll(LinkedBlockingQueue.java:467)
        at org.apache.hadoop.hdds.scm.server.ContainerReportQueue.poll(ContainerReportQueue.java:266)
        at org.apache.hadoop.hdds.scm.server.ContainerReportQueue.poll(ContainerReportQueue.java:42)
        at org.apache.hadoop.hdds.server.events.FixedThreadPoolWithAffinityExecutor$ContainerReportProcessTask.run(FixedThreadPoolWithAffinityExecutor.java:247)
        at java.util.concurrent.Executors$RunnableAdapter.call(Executors.java:511)
        at java.util.concurrent.FutureTask.run(FutureTask.java:266)
        at java.util.concurrent.ThreadPoolExecutor.runWorker(ThreadPoolExecutor.java:1149)
        at java.util.concurrent.ThreadPoolExecutor$Worker.run(ThreadPoolExecutor.java:624)
        at java.lang.Thread.run(Thread.java:750)
"RatisPipelineUtilsThread - 0"  prio=5 tid=1148 timed_waiting
java.lang.Thread.State: TIMED_WAITING
        at java.lang.Object.wait(Native Method)
        at org.apache.hadoop.hdds.scm.pipeline.BackgroundPipelineCreator.run(BackgroundPipelineCreator.java:176)
        at org.apache.hadoop.hdds.scm.pipeline.BackgroundPipelineCreator$$Lambda$392/1836531952.run(Unknown Source)
        at java.lang.Thread.run(Thread.java:750)
"OM StateMachine ApplyTransaction Thread - 0" daemon prio=5 tid=1704 in Object.wait()
java.lang.Thread.State: WAITING (on object monitor)
        at sun.misc.Unsafe.park(Native Method)
        at java.util.concurrent.locks.LockSupport.park(LockSupport.java:175)
        at java.util.concurrent.locks.AbstractQueuedSynchronizer$ConditionObject.await(AbstractQueuedSynchronizer.java:2039)
        at java.util.concurrent.LinkedBlockingQueue.take(LinkedBlockingQueue.java:442)
        at java.util.concurrent.ThreadPoolExecutor.getTask(ThreadPoolExecutor.java:1074)
        at java.util.concurrent.ThreadPoolExecutor.runWorker(ThreadPoolExecutor.java:1134)
        at java.util.concurrent.ThreadPoolExecutor$Worker.run(ThreadPoolExecutor.java:624)
        at java.lang.Thread.run(Thread.java:750)
"EventQueue-NodeRegistrationContainerReportForContainerSafeModeRule" daemon prio=5 tid=1541 in Object.wait()
java.lang.Thread.State: WAITING (on object monitor)
        at sun.misc.Unsafe.park(Native Method)
        at java.util.concurrent.locks.LockSupport.park(LockSupport.java:175)
        at java.util.concurrent.locks.AbstractQueuedSynchronizer$ConditionObject.await(AbstractQueuedSynchronizer.java:2039)
        at java.util.concurrent.LinkedBlockingQueue.take(LinkedBlockingQueue.java:442)
        at java.util.concurrent.ThreadPoolExecutor.getTask(ThreadPoolExecutor.java:1074)
        at java.util.concurrent.ThreadPoolExecutor.runWorker(ThreadPoolExecutor.java:1134)
        at java.util.concurrent.ThreadPoolExecutor$Worker.run(ThreadPoolExecutor.java:624)
        at java.lang.Thread.run(Thread.java:750)
"IPC Client (516515090) connection to 0.0.0.0/0.0.0.0:43047 from runner" daemon prio=5 tid=1469 timed_waiting
java.lang.Thread.State: TIMED_WAITING
        at java.lang.Object.wait(Native Method)
        at org.apache.hadoop.ipc.Client$Connection.waitForWork(Client.java:1086)
        at org.apache.hadoop.ipc.Client$Connection.run(Client.java:1133)
"Datanode State Machine Daemon Thread" daemon prio=5 tid=1321 timed_waiting
java.lang.Thread.State: TIMED_WAITING
        at java.lang.Thread.sleep(Native Method)
        at org.apache.hadoop.ozone.container.common.statemachine.DatanodeStateMachine.startStateMachineThread(DatanodeStateMachine.java:325)
        at org.apache.hadoop.ozone.container.common.statemachine.DatanodeStateMachine.lambda$startDaemon$0(DatanodeStateMachine.java:510)
        at org.apache.hadoop.ozone.container.common.statemachine.DatanodeStateMachine$$Lambda$797/1903341753.run(Unknown Source)
        at java.lang.Thread.run(Thread.java:750)
"IPC Server handler 17 on default port 33985" daemon prio=5 tid=1196 timed_waiting
java.lang.Thread.State: TIMED_WAITING
        at sun.misc.Unsafe.park(Native Method)
        at java.util.concurrent.locks.LockSupport.parkNanos(LockSupport.java:215)
        at java.util.concurrent.locks.AbstractQueuedSynchronizer$ConditionObject.awaitNanos(AbstractQueuedSynchronizer.java:2078)
        at java.util.concurrent.LinkedBlockingQueue.poll(LinkedBlockingQueue.java:467)
        at org.apache.hadoop.ipc.CallQueueManager.take(CallQueueManager.java:317)
        at org.apache.hadoop.ipc.Server$Handler.run(Server.java:2942)
"Session-HouseKeeper-2e9d0443-1"  prio=5 tid=1281 timed_waiting
java.lang.Thread.State: TIMED_WAITING
        at sun.misc.Unsafe.park(Native Method)
        at java.util.concurrent.locks.LockSupport.parkNanos(LockSupport.java:215)
        at java.util.concurrent.locks.AbstractQueuedSynchronizer$ConditionObject.awaitNanos(AbstractQueuedSynchronizer.java:2078)
        at java.util.concurrent.ScheduledThreadPoolExecutor$DelayedWorkQueue.take(ScheduledThreadPoolExecutor.java:1093)
        at java.util.concurrent.ScheduledThreadPoolExecutor$DelayedWorkQueue.take(ScheduledThreadPoolExecutor.java:809)
        at java.util.concurrent.ThreadPoolExecutor.getTask(ThreadPoolExecutor.java:1074)
        at java.util.concurrent.ThreadPoolExecutor.runWorker(ThreadPoolExecutor.java:1134)
        at java.util.concurrent.ThreadPoolExecutor$Worker.run(ThreadPoolExecutor.java:624)
        at java.lang.Thread.run(Thread.java:750)
"Under Replicated Processor" daemon prio=5 tid=1152 timed_waiting
java.lang.Thread.State: TIMED_WAITING
        at java.lang.Object.wait(Native Method)
        at org.apache.hadoop.hdds.scm.container.replication.UnhealthyReplicationProcessor.run(UnhealthyReplicationProcessor.java:135)
        at java.lang.Thread.run(Thread.java:750)
"Datanode State Machine Task Thread - 1"  prio=5 tid=1504 in Object.wait()
java.lang.Thread.State: WAITING (on object monitor)
        at sun.misc.Unsafe.park(Native Method)
        at java.util.concurrent.locks.LockSupport.park(LockSupport.java:175)
        at java.util.concurrent.locks.AbstractQueuedSynchronizer$ConditionObject.await(AbstractQueuedSynchronizer.java:2039)
        at java.util.concurrent.LinkedBlockingQueue.take(LinkedBlockingQueue.java:442)
        at java.util.concurrent.ThreadPoolExecutor.getTask(ThreadPoolExecutor.java:1074)
        at java.util.concurrent.ThreadPoolExecutor.runWorker(ThreadPoolExecutor.java:1134)
        at java.util.concurrent.ThreadPoolExecutor$Worker.run(ThreadPoolExecutor.java:624)
        at java.lang.Thread.run(Thread.java:750)
"Datanode ReportManager Thread - 4" daemon prio=5 tid=1409 timed_waiting
java.lang.Thread.State: TIMED_WAITING
        at sun.misc.Unsafe.park(Native Method)
        at java.util.concurrent.locks.LockSupport.parkNanos(LockSupport.java:215)
        at java.util.concurrent.locks.AbstractQueuedSynchronizer$ConditionObject.awaitNanos(AbstractQueuedSynchronizer.java:2078)
        at java.util.concurrent.ScheduledThreadPoolExecutor$DelayedWorkQueue.take(ScheduledThreadPoolExecutor.java:1093)
        at java.util.concurrent.ScheduledThreadPoolExecutor$DelayedWorkQueue.take(ScheduledThreadPoolExecutor.java:809)
        at java.util.concurrent.ThreadPoolExecutor.getTask(ThreadPoolExecutor.java:1074)
        at java.util.concurrent.ThreadPoolExecutor.runWorker(ThreadPoolExecutor.java:1134)
        at java.util.concurrent.ThreadPoolExecutor$Worker.run(ThreadPoolExecutor.java:624)
        at java.lang.Thread.run(Thread.java:750)
"EventQueue-DatanodeCommandForSCMNodeManager"  prio=5 tid=1545 in Object.wait()
java.lang.Thread.State: WAITING (on object monitor)
        at sun.misc.Unsafe.park(Native Method)
        at java.util.concurrent.locks.LockSupport.park(LockSupport.java:175)
        at java.util.concurrent.locks.AbstractQueuedSynchronizer$ConditionObject.await(AbstractQueuedSynchronizer.java:2039)
        at java.util.concurrent.LinkedBlockingQueue.take(LinkedBlockingQueue.java:442)
        at java.util.concurrent.ThreadPoolExecutor.getTask(ThreadPoolExecutor.java:1074)
        at java.util.concurrent.ThreadPoolExecutor.runWorker(ThreadPoolExecutor.java:1134)
        at java.util.concurrent.ThreadPoolExecutor$Worker.run(ThreadPoolExecutor.java:624)
        at java.lang.Thread.run(Thread.java:750)
"org.apache.hadoop.ozone.container.common.statemachine.commandhandler.DeleteBlocksCommandHandler$DeleteCmdWorker@5ef81b65" daemon prio=5 tid=1420 timed_waiting
java.lang.Thread.State: TIMED_WAITING
        at java.lang.Thread.sleep(Native Method)
        at org.apache.hadoop.ozone.container.common.statemachine.commandhandler.DeleteBlocksCommandHandler$DeleteCmdWorker.run(DeleteBlocksCommandHandler.java:184)
        at java.lang.Thread.run(Thread.java:750)
"IPC Server handler 2 on default port 43047" daemon prio=5 tid=1221 timed_waiting
java.lang.Thread.State: TIMED_WAITING
        at sun.misc.Unsafe.park(Native Method)
        at java.util.concurrent.locks.LockSupport.parkNanos(LockSupport.java:215)
        at java.util.concurrent.locks.AbstractQueuedSynchronizer$ConditionObject.awaitNanos(AbstractQueuedSynchronizer.java:2078)
        at java.util.concurrent.LinkedBlockingQueue.poll(LinkedBlockingQueue.java:467)
        at org.apache.hadoop.ipc.CallQueueManager.take(CallQueueManager.java:317)
        at org.apache.hadoop.ipc.Server$Handler.run(Server.java:2942)
"surefire-forkedjvm-command-thread" daemon prio=5 tid=10 runnable
java.lang.Thread.State: RUNNABLE
        at java.io.FileInputStream.readBytes(Native Method)
        at java.io.FileInputStream.read(FileInputStream.java:255)
        at java.io.BufferedInputStream.read1(BufferedInputStream.java:284)
        at java.io.BufferedInputStream.read(BufferedInputStream.java:345)
        at java.io.BufferedInputStream.fill(BufferedInputStream.java:246)
        at java.io.BufferedInputStream.read1(BufferedInputStream.java:286)
        at java.io.BufferedInputStream.read(BufferedInputStream.java:345)
        at org.apache.maven.surefire.api.util.internal.Channels$3.readImpl(Channels.java:214)
        at org.apache.maven.surefire.api.util.internal.AbstractNoninterruptibleReadableChannel.read(AbstractNoninterruptibleReadableChannel.java:54)
        at org.apache.maven.surefire.booter.spi.LegacyMasterProcessChannelDecoder.decode(LegacyMasterProcessChannelDecoder.java:80)
        at org.apache.maven.surefire.booter.CommandReader$CommandRunnable.run(CommandReader.java:343)
        at java.lang.Thread.run(Thread.java:750)
"IPC Server handler 15 on default port 39295" daemon prio=5 tid=1297 timed_waiting
java.lang.Thread.State: TIMED_WAITING
        at sun.misc.Unsafe.park(Native Method)
        at java.util.concurrent.locks.LockSupport.parkNanos(LockSupport.java:215)
        at java.util.concurrent.locks.AbstractQueuedSynchronizer$ConditionObject.awaitNanos(AbstractQueuedSynchronizer.java:2078)
        at java.util.concurrent.LinkedBlockingQueue.poll(LinkedBlockingQueue.java:467)
        at org.apache.hadoop.ipc.CallQueueManager.take(CallQueueManager.java:317)
        at org.apache.hadoop.ipc.Server$Handler.run(Server.java:2942)
"EndpointStateMachine task thread for /0.0.0.0:43047 - 0 "  prio=5 tid=1517 in Object.wait()
java.lang.Thread.State: WAITING (on object monitor)
        at sun.misc.Unsafe.park(Native Method)
        at java.util.concurrent.locks.LockSupport.park(LockSupport.java:175)
        at java.util.concurrent.locks.AbstractQueuedSynchronizer$ConditionObject.await(AbstractQueuedSynchronizer.java:2039)
        at java.util.concurrent.LinkedBlockingQueue.take(LinkedBlockingQueue.java:442)
        at java.util.concurrent.ThreadPoolExecutor.getTask(ThreadPoolExecutor.java:1074)
        at java.util.concurrent.ThreadPoolExecutor.runWorker(ThreadPoolExecutor.java:1134)
        at java.util.concurrent.ThreadPoolExecutor$Worker.run(ThreadPoolExecutor.java:624)
        at java.lang.Thread.run(Thread.java:750)
"Datanode State Machine Daemon Thread" daemon prio=5 tid=1348 timed_waiting
java.lang.Thread.State: TIMED_WAITING
        at java.lang.Thread.sleep(Native Method)
        at org.apache.hadoop.ozone.container.common.statemachine.DatanodeStateMachine.startStateMachineThread(DatanodeStateMachine.java:325)
        at org.apache.hadoop.ozone.container.common.statemachine.DatanodeStateMachine.lambda$startDaemon$0(DatanodeStateMachine.java:510)
        at org.apache.hadoop.ozone.container.common.statemachine.DatanodeStateMachine$$Lambda$797/1903341753.run(Unknown Source)
        at java.lang.Thread.run(Thread.java:750)
"Datanode ReportManager Thread - 0" daemon prio=5 tid=1405 in Object.wait()
java.lang.Thread.State: WAITING (on object monitor)
        at sun.misc.Unsafe.park(Native Method)
        at java.util.concurrent.locks.LockSupport.park(LockSupport.java:175)
        at java.util.concurrent.locks.AbstractQueuedSynchronizer$ConditionObject.await(AbstractQueuedSynchronizer.java:2039)
        at java.util.concurrent.ScheduledThreadPoolExecutor$DelayedWorkQueue.take(ScheduledThreadPoolExecutor.java:1088)
        at java.util.concurrent.ScheduledThreadPoolExecutor$DelayedWorkQueue.take(ScheduledThreadPoolExecutor.java:809)
        at java.util.concurrent.ThreadPoolExecutor.getTask(ThreadPoolExecutor.java:1074)
        at java.util.concurrent.ThreadPoolExecutor.runWorker(ThreadPoolExecutor.java:1134)
        at java.util.concurrent.ThreadPoolExecutor$Worker.run(ThreadPoolExecutor.java:624)
        at java.lang.Thread.run(Thread.java:750)
"12d62a03-33f5-4ac8-ab31-68f2c1a01619-NettyServerStreamRpc-bossGroup--thread1"  prio=5 tid=1362 runnable
java.lang.Thread.State: RUNNABLE
        at sun.nio.ch.EPollArrayWrapper.epollWait(Native Method)
        at sun.nio.ch.EPollArrayWrapper.poll(EPollArrayWrapper.java:269)
        at sun.nio.ch.EPollSelectorImpl.doSelect(EPollSelectorImpl.java:93)
        at sun.nio.ch.SelectorImpl.lockAndDoSelect(SelectorImpl.java:86)
        at sun.nio.ch.SelectorImpl.select(SelectorImpl.java:97)
        at sun.nio.ch.SelectorImpl.select(SelectorImpl.java:101)
        at org.apache.ratis.thirdparty.io.netty.channel.nio.SelectedSelectionKeySetSelector.select(SelectedSelectionKeySetSelector.java:68)
        at org.apache.ratis.thirdparty.io.netty.channel.nio.NioEventLoop.select(NioEventLoop.java:813)
        at org.apache.ratis.thirdparty.io.netty.channel.nio.NioEventLoop.run(NioEventLoop.java:460)
        at org.apache.ratis.thirdparty.io.netty.util.concurrent.SingleThreadEventExecutor$4.run(SingleThreadEventExecutor.java:995)
        at org.apache.ratis.thirdparty.io.netty.util.internal.ThreadExecutorMap$2.run(ThreadExecutorMap.java:74)
        at java.lang.Thread.run(Thread.java:750)
"qtp1593287956-1275-acceptor-0@da2a7b3-ServerConnector@3c7ddb2d{HTTP/1.1, (http/1.1)}{0.0.0.0:38575}" daemon prio=3 tid=1275 runnable
java.lang.Thread.State: RUNNABLE
        at sun.nio.ch.ServerSocketChannelImpl.accept0(Native Method)
        at sun.nio.ch.ServerSocketChannelImpl.accept(ServerSocketChannelImpl.java:421)
        at sun.nio.ch.ServerSocketChannelImpl.accept(ServerSocketChannelImpl.java:249)
        at org.eclipse.jetty.server.ServerConnector.accept(ServerConnector.java:388)
        at org.eclipse.jetty.server.AbstractConnector$Acceptor.run(AbstractConnector.java:704)
        at org.eclipse.jetty.util.thread.QueuedThreadPool.runJob(QueuedThreadPool.java:883)
        at org.eclipse.jetty.util.thread.QueuedThreadPool$Runner.run(QueuedThreadPool.java:1034)
        at java.lang.Thread.run(Thread.java:750)
"timer6" daemon prio=5 tid=535 timed_waiting
java.lang.Thread.State: TIMED_WAITING
        at java.lang.Object.wait(Native Method)
        at java.util.TimerThread.mainLoop(Timer.java:552)
        at java.util.TimerThread.run(Timer.java:505)
"Session-HouseKeeper-1b5bd1f5-1"  prio=5 tid=1320 timed_waiting
java.lang.Thread.State: TIMED_WAITING
        at sun.misc.Unsafe.park(Native Method)
        at java.util.concurrent.locks.LockSupport.parkNanos(LockSupport.java:215)
        at java.util.concurrent.locks.AbstractQueuedSynchronizer$ConditionObject.awaitNanos(AbstractQueuedSynchronizer.java:2078)
        at java.util.concurrent.ScheduledThreadPoolExecutor$DelayedWorkQueue.take(ScheduledThreadPoolExecutor.java:1093)
        at java.util.concurrent.ScheduledThreadPoolExecutor$DelayedWorkQueue.take(ScheduledThreadPoolExecutor.java:809)
        at java.util.concurrent.ThreadPoolExecutor.getTask(ThreadPoolExecutor.java:1074)
        at java.util.concurrent.ThreadPoolExecutor.runWorker(ThreadPoolExecutor.java:1134)
        at java.util.concurrent.ThreadPoolExecutor$Worker.run(ThreadPoolExecutor.java:624)
        at java.lang.Thread.run(Thread.java:750)
"StaleRecoveringContainerScrubbingService#1" daemon prio=5 tid=1527 timed_waiting
java.lang.Thread.State: TIMED_WAITING
        at sun.misc.Unsafe.park(Native Method)
        at java.util.concurrent.locks.LockSupport.parkNanos(LockSupport.java:215)
        at java.util.concurrent.locks.AbstractQueuedSynchronizer$ConditionObject.awaitNanos(AbstractQueuedSynchronizer.java:2078)
        at java.util.concurrent.ScheduledThreadPoolExecutor$DelayedWorkQueue.take(ScheduledThreadPoolExecutor.java:1093)
        at java.util.concurrent.ScheduledThreadPoolExecutor$DelayedWorkQueue.take(ScheduledThreadPoolExecutor.java:809)
        at java.util.concurrent.ThreadPoolExecutor.getTask(ThreadPoolExecutor.java:1074)
        at java.util.concurrent.ThreadPoolExecutor.runWorker(ThreadPoolExecutor.java:1134)
        at java.util.concurrent.ThreadPoolExecutor$Worker.run(ThreadPoolExecutor.java:624)
        at java.lang.Thread.run(Thread.java:750)
"f143390d-7c87-4621-8359-d245efaa75b3-server-thread3" daemon prio=5 tid=1701 timed_waiting
java.lang.Thread.State: TIMED_WAITING
        at sun.misc.Unsafe.park(Native Method)
        at java.util.concurrent.locks.LockSupport.parkNanos(LockSupport.java:215)
        at java.util.concurrent.SynchronousQueue$TransferStack.awaitFulfill(SynchronousQueue.java:460)
        at java.util.concurrent.SynchronousQueue$TransferStack.transfer(SynchronousQueue.java:362)
        at java.util.concurrent.SynchronousQueue.poll(SynchronousQueue.java:941)
        at java.util.concurrent.ThreadPoolExecutor.getTask(ThreadPoolExecutor.java:1073)
        at java.util.concurrent.ThreadPoolExecutor.runWorker(ThreadPoolExecutor.java:1134)
        at java.util.concurrent.ThreadPoolExecutor$Worker.run(ThreadPoolExecutor.java:624)
        at java.lang.Thread.run(Thread.java:750)
"ChunkWriter-1-0" daemon prio=5 tid=1483 in Object.wait()
java.lang.Thread.State: WAITING (on object monitor)
        at sun.misc.Unsafe.park(Native Method)
        at java.util.concurrent.locks.LockSupport.park(LockSupport.java:175)
        at java.util.concurrent.locks.AbstractQueuedSynchronizer$ConditionObject.await(AbstractQueuedSynchronizer.java:2039)
        at java.util.concurrent.LinkedBlockingDeque.takeFirst(LinkedBlockingDeque.java:492)
        at java.util.concurrent.LinkedBlockingDeque.take(LinkedBlockingDeque.java:680)
        at java.util.concurrent.ThreadPoolExecutor.getTask(ThreadPoolExecutor.java:1074)
        at java.util.concurrent.ThreadPoolExecutor.runWorker(ThreadPoolExecutor.java:1134)
        at java.util.concurrent.ThreadPoolExecutor$Worker.run(ThreadPoolExecutor.java:624)
        at java.lang.Thread.run(Thread.java:750)
"Command processor thread" daemon prio=5 tid=1410 timed_waiting
java.lang.Thread.State: TIMED_WAITING
        at java.lang.Thread.sleep(Native Method)
        at org.apache.hadoop.ozone.container.common.statemachine.DatanodeStateMachine.lambda$initCommandHandlerThread$3(DatanodeStateMachine.java:645)
        at org.apache.hadoop.ozone.container.common.statemachine.DatanodeStateMachine$$Lambda$799/2043898389.run(Unknown Source)
        at java.lang.Thread.run(Thread.java:750)
"156d136a-08eb-462a-8e45-2bca38fc9d49-server-thread2" daemon prio=5 tid=1699 timed_waiting
java.lang.Thread.State: TIMED_WAITING
        at sun.misc.Unsafe.park(Native Method)
        at java.util.concurrent.locks.LockSupport.parkNanos(LockSupport.java:215)
        at java.util.concurrent.SynchronousQueue$TransferStack.awaitFulfill(SynchronousQueue.java:460)
        at java.util.concurrent.SynchronousQueue$TransferStack.transfer(SynchronousQueue.java:362)
        at java.util.concurrent.SynchronousQueue.poll(SynchronousQueue.java:941)
        at java.util.concurrent.ThreadPoolExecutor.getTask(ThreadPoolExecutor.java:1073)
        at java.util.concurrent.ThreadPoolExecutor.runWorker(ThreadPoolExecutor.java:1134)
        at java.util.concurrent.ThreadPoolExecutor$Worker.run(ThreadPoolExecutor.java:624)
        at java.lang.Thread.run(Thread.java:750)
"pool-557-thread-1" daemon prio=5 tid=1333 timed_waiting
java.lang.Thread.State: TIMED_WAITING
        at sun.misc.Unsafe.park(Native Method)
        at java.util.concurrent.locks.LockSupport.parkNanos(LockSupport.java:215)
        at java.util.concurrent.locks.AbstractQueuedSynchronizer$ConditionObject.awaitNanos(AbstractQueuedSynchronizer.java:2078)
        at java.util.concurrent.ScheduledThreadPoolExecutor$DelayedWorkQueue.take(ScheduledThreadPoolExecutor.java:1093)
        at java.util.concurrent.ScheduledThreadPoolExecutor$DelayedWorkQueue.take(ScheduledThreadPoolExecutor.java:809)
        at java.util.concurrent.ThreadPoolExecutor.getTask(ThreadPoolExecutor.java:1074)
        at java.util.concurrent.ThreadPoolExecutor.runWorker(ThreadPoolExecutor.java:1134)
        at java.util.concurrent.ThreadPoolExecutor$Worker.run(ThreadPoolExecutor.java:624)
        at java.lang.Thread.run(Thread.java:750)
"ChunkWriter-0-0" daemon prio=5 tid=1506 in Object.wait()
java.lang.Thread.State: WAITING (on object monitor)
        at sun.misc.Unsafe.park(Native Method)
        at java.util.concurrent.locks.LockSupport.park(LockSupport.java:175)
        at java.util.concurrent.locks.AbstractQueuedSynchronizer$ConditionObject.await(AbstractQueuedSynchronizer.java:2039)
        at java.util.concurrent.LinkedBlockingDeque.takeFirst(LinkedBlockingDeque.java:492)
        at java.util.concurrent.LinkedBlockingDeque.take(LinkedBlockingDeque.java:680)
        at java.util.concurrent.ThreadPoolExecutor.getTask(ThreadPoolExecutor.java:1074)
        at java.util.concurrent.ThreadPoolExecutor.runWorker(ThreadPoolExecutor.java:1134)
        at java.util.concurrent.ThreadPoolExecutor$Worker.run(ThreadPoolExecutor.java:624)
        at java.lang.Thread.run(Thread.java:750)
"IPC Server handler 17 on default port 39295" daemon prio=5 tid=1299 timed_waiting
java.lang.Thread.State: TIMED_WAITING
        at sun.misc.Unsafe.park(Native Method)
        at java.util.concurrent.locks.LockSupport.parkNanos(LockSupport.java:215)
        at java.util.concurrent.locks.AbstractQueuedSynchronizer$ConditionObject.awaitNanos(AbstractQueuedSynchronizer.java:2078)
        at java.util.concurrent.LinkedBlockingQueue.poll(LinkedBlockingQueue.java:467)
        at org.apache.hadoop.ipc.CallQueueManager.take(CallQueueManager.java:317)
        at org.apache.hadoop.ipc.Server$Handler.run(Server.java:2942)
"Datanode ReportManager Thread - 2" daemon prio=5 tid=1407 in Object.wait()
java.lang.Thread.State: WAITING (on object monitor)
        at sun.misc.Unsafe.park(Native Method)
        at java.util.concurrent.locks.LockSupport.park(LockSupport.java:175)
        at java.util.concurrent.locks.AbstractQueuedSynchronizer$ConditionObject.await(AbstractQueuedSynchronizer.java:2039)
        at java.util.concurrent.ScheduledThreadPoolExecutor$DelayedWorkQueue.take(ScheduledThreadPoolExecutor.java:1088)
        at java.util.concurrent.ScheduledThreadPoolExecutor$DelayedWorkQueue.take(ScheduledThreadPoolExecutor.java:809)
        at java.util.concurrent.ThreadPoolExecutor.getTask(ThreadPoolExecutor.java:1074)
        at java.util.concurrent.ThreadPoolExecutor.runWorker(ThreadPoolExecutor.java:1134)
        at java.util.concurrent.ThreadPoolExecutor$Worker.run(ThreadPoolExecutor.java:624)
        at java.lang.Thread.run(Thread.java:750)
"qtp264282319-1245" daemon prio=5 tid=1245 timed_waiting
java.lang.Thread.State: TIMED_WAITING
        at sun.misc.Unsafe.park(Native Method)
        at java.util.concurrent.locks.LockSupport.parkNanos(LockSupport.java:215)
        at java.util.concurrent.locks.AbstractQueuedSynchronizer$ConditionObject.awaitNanos(AbstractQueuedSynchronizer.java:2078)
        at org.eclipse.jetty.util.BlockingArrayQueue.poll(BlockingArrayQueue.java:382)
        at org.eclipse.jetty.util.thread.QueuedThreadPool$Runner.idleJobPoll(QueuedThreadPool.java:974)
        at org.eclipse.jetty.util.thread.QueuedThreadPool$Runner.run(QueuedThreadPool.java:1018)
        at java.lang.Thread.run(Thread.java:750)
"9557de33-fe68-40fe-b687-830f5ee56eaf-NettyServerStreamRpc-bossGroup--thread1"  prio=5 tid=1058 runnable
java.lang.Thread.State: RUNNABLE
        at sun.nio.ch.EPollArrayWrapper.epollWait(Native Method)
        at sun.nio.ch.EPollArrayWrapper.poll(EPollArrayWrapper.java:269)
        at sun.nio.ch.EPollSelectorImpl.doSelect(EPollSelectorImpl.java:93)
        at sun.nio.ch.SelectorImpl.lockAndDoSelect(SelectorImpl.java:86)
        at sun.nio.ch.SelectorImpl.select(SelectorImpl.java:97)
        at sun.nio.ch.SelectorImpl.select(SelectorImpl.java:101)
        at org.apache.ratis.thirdparty.io.netty.channel.nio.SelectedSelectionKeySetSelector.select(SelectedSelectionKeySetSelector.java:68)
        at org.apache.ratis.thirdparty.io.netty.channel.nio.NioEventLoop.select(NioEventLoop.java:813)
        at org.apache.ratis.thirdparty.io.netty.channel.nio.NioEventLoop.run(NioEventLoop.java:460)
        at org.apache.ratis.thirdparty.io.netty.util.concurrent.SingleThreadEventExecutor$4.run(SingleThreadEventExecutor.java:995)
        at org.apache.ratis.thirdparty.io.netty.util.internal.ThreadExecutorMap$2.run(ThreadExecutorMap.java:74)
        at java.lang.Thread.run(Thread.java:750)
"pool-642-thread-1"  prio=5 tid=1421 timed_waiting
java.lang.Thread.State: TIMED_WAITING
        at sun.misc.Unsafe.park(Native Method)
        at java.util.concurrent.locks.LockSupport.parkNanos(LockSupport.java:215)
        at java.util.concurrent.locks.AbstractQueuedSynchronizer$ConditionObject.awaitNanos(AbstractQueuedSynchronizer.java:2078)
        at java.util.concurrent.ScheduledThreadPoolExecutor$DelayedWorkQueue.take(ScheduledThreadPoolExecutor.java:1093)
        at java.util.concurrent.ScheduledThreadPoolExecutor$DelayedWorkQueue.take(ScheduledThreadPoolExecutor.java:809)
        at java.util.concurrent.ThreadPoolExecutor.getTask(ThreadPoolExecutor.java:1074)
        at java.util.concurrent.ThreadPoolExecutor.runWorker(ThreadPoolExecutor.java:1134)
        at java.util.concurrent.ThreadPoolExecutor$Worker.run(ThreadPoolExecutor.java:624)
        at java.lang.Thread.run(Thread.java:750)
"Datanode ReportManager Thread - 0" daemon prio=5 tid=1376 in Object.wait()
java.lang.Thread.State: WAITING (on object monitor)
        at sun.misc.Unsafe.park(Native Method)
        at java.util.concurrent.locks.LockSupport.park(LockSupport.java:175)
        at java.util.concurrent.locks.AbstractQueuedSynchronizer$ConditionObject.await(AbstractQueuedSynchronizer.java:2039)
        at java.util.concurrent.ScheduledThreadPoolExecutor$DelayedWorkQueue.take(ScheduledThreadPoolExecutor.java:1088)
        at java.util.concurrent.ScheduledThreadPoolExecutor$DelayedWorkQueue.take(ScheduledThreadPoolExecutor.java:809)
        at java.util.concurrent.ThreadPoolExecutor.getTask(ThreadPoolExecutor.java:1074)
        at java.util.concurrent.ThreadPoolExecutor.runWorker(ThreadPoolExecutor.java:1134)
        at java.util.concurrent.ThreadPoolExecutor$Worker.run(ThreadPoolExecutor.java:624)
        at java.lang.Thread.run(Thread.java:750)
"IPC Server listener on 0" daemon prio=5 tid=1163 runnable
java.lang.Thread.State: RUNNABLE
        at sun.nio.ch.EPollArrayWrapper.epollWait(Native Method)
        at sun.nio.ch.EPollArrayWrapper.poll(EPollArrayWrapper.java:269)
        at sun.nio.ch.EPollSelectorImpl.doSelect(EPollSelectorImpl.java:93)
        at sun.nio.ch.SelectorImpl.lockAndDoSelect(SelectorImpl.java:86)
        at sun.nio.ch.SelectorImpl.select(SelectorImpl.java:97)
        at sun.nio.ch.SelectorImpl.select(SelectorImpl.java:101)
        at org.apache.hadoop.ipc.Server$Listener.run(Server.java:1358)
"qtp264282319-1246" daemon prio=5 tid=1246 timed_waiting
java.lang.Thread.State: TIMED_WAITING
        at sun.misc.Unsafe.park(Native Method)
        at java.util.concurrent.locks.LockSupport.parkNanos(LockSupport.java:215)
        at java.util.concurrent.locks.AbstractQueuedSynchronizer$ConditionObject.awaitNanos(AbstractQueuedSynchronizer.java:2078)
        at org.eclipse.jetty.util.BlockingArrayQueue.poll(BlockingArrayQueue.java:382)
        at org.eclipse.jetty.util.thread.QueuedThreadPool$Runner.idleJobPoll(QueuedThreadPool.java:974)
        at org.eclipse.jetty.util.thread.QueuedThreadPool$Runner.run(QueuedThreadPool.java:1018)
        at java.lang.Thread.run(Thread.java:750)
"timer2" daemon prio=5 tid=514 timed_waiting
java.lang.Thread.State: TIMED_WAITING
        at java.lang.Object.wait(Native Method)
        at java.util.TimerThread.mainLoop(Timer.java:552)
        at java.util.TimerThread.run(Timer.java:505)
"ChunkReader-ELG-0" daemon prio=5 tid=1523 runnable
java.lang.Thread.State: RUNNABLE
        at org.apache.ratis.thirdparty.io.netty.channel.epoll.Native.epollWait(Native Method)
        at org.apache.ratis.thirdparty.io.netty.channel.epoll.Native.epollWait(Native.java:209)
        at org.apache.ratis.thirdparty.io.netty.channel.epoll.Native.epollWait(Native.java:202)
        at org.apache.ratis.thirdparty.io.netty.channel.epoll.EpollEventLoop.epollWaitNoTimerChange(EpollEventLoop.java:294)
        at org.apache.ratis.thirdparty.io.netty.channel.epoll.EpollEventLoop.run(EpollEventLoop.java:351)
        at org.apache.ratis.thirdparty.io.netty.util.concurrent.SingleThreadEventExecutor$4.run(SingleThreadEventExecutor.java:995)
        at org.apache.ratis.thirdparty.io.netty.util.internal.ThreadExecutorMap$2.run(ThreadExecutorMap.java:74)
        at java.lang.Thread.run(Thread.java:750)
"IPC Server handler 17 on default port 34917" daemon prio=5 tid=1216 timed_waiting
java.lang.Thread.State: TIMED_WAITING
        at sun.misc.Unsafe.park(Native Method)
        at java.util.concurrent.locks.LockSupport.parkNanos(LockSupport.java:215)
        at java.util.concurrent.locks.AbstractQueuedSynchronizer$ConditionObject.awaitNanos(AbstractQueuedSynchronizer.java:2078)
        at java.util.concurrent.LinkedBlockingQueue.poll(LinkedBlockingQueue.java:467)
        at org.apache.hadoop.ipc.CallQueueManager.take(CallQueueManager.java:317)
        at org.apache.hadoop.ipc.Server$Handler.run(Server.java:2942)
"timer3" daemon prio=5 tid=516 timed_waiting
java.lang.Thread.State: TIMED_WAITING
        at java.lang.Object.wait(Native Method)
        at java.util.TimerThread.mainLoop(Timer.java:552)
        at java.util.TimerThread.run(Timer.java:505)
"qtp1498690052-1399" daemon prio=5 tid=1399 timed_waiting
java.lang.Thread.State: TIMED_WAITING
        at sun.misc.Unsafe.park(Native Method)
        at java.util.concurrent.locks.LockSupport.parkNanos(LockSupport.java:215)
        at java.util.concurrent.locks.AbstractQueuedSynchronizer$ConditionObject.awaitNanos(AbstractQueuedSynchronizer.java:2078)
        at org.eclipse.jetty.util.BlockingArrayQueue.poll(BlockingArrayQueue.java:382)
        at org.eclipse.jetty.util.thread.QueuedThreadPool$Runner.idleJobPoll(QueuedThreadPool.java:974)
        at org.eclipse.jetty.util.thread.QueuedThreadPool$Runner.run(QueuedThreadPool.java:1018)
        at java.lang.Thread.run(Thread.java:750)
"Signal Dispatcher" daemon prio=9 tid=4 runnable
java.lang.Thread.State: RUNNABLE
"Datanode State Machine Daemon Thread" daemon prio=5 tid=1458 timed_waiting
java.lang.Thread.State: TIMED_WAITING
        at java.lang.Thread.sleep(Native Method)
        at org.apache.hadoop.ozone.container.common.statemachine.DatanodeStateMachine.startStateMachineThread(DatanodeStateMachine.java:325)
        at org.apache.hadoop.ozone.container.common.statemachine.DatanodeStateMachine.lambda$startDaemon$0(DatanodeStateMachine.java:510)
        at org.apache.hadoop.ozone.container.common.statemachine.DatanodeStateMachine$$Lambda$797/1903341753.run(Unknown Source)
        at java.lang.Thread.run(Thread.java:750)
"IPC Server handler 4 on default port 33985" daemon prio=5 tid=1183 timed_waiting
java.lang.Thread.State: TIMED_WAITING
        at sun.misc.Unsafe.park(Native Method)
        at java.util.concurrent.locks.LockSupport.parkNanos(LockSupport.java:215)
        at java.util.concurrent.locks.AbstractQueuedSynchronizer$ConditionObject.awaitNanos(AbstractQueuedSynchronizer.java:2078)
        at java.util.concurrent.LinkedBlockingQueue.poll(LinkedBlockingQueue.java:467)
        at org.apache.hadoop.ipc.CallQueueManager.take(CallQueueManager.java:317)
        at org.apache.hadoop.ipc.Server$Handler.run(Server.java:2942)
"pool-550-thread-1"  prio=5 tid=1311 timed_waiting
java.lang.Thread.State: TIMED_WAITING
        at sun.misc.Unsafe.park(Native Method)
        at java.util.concurrent.locks.LockSupport.parkNanos(LockSupport.java:215)
        at java.util.concurrent.locks.AbstractQueuedSynchronizer$ConditionObject.awaitNanos(AbstractQueuedSynchronizer.java:2078)
        at java.util.concurrent.ScheduledThreadPoolExecutor$DelayedWorkQueue.take(ScheduledThreadPoolExecutor.java:1093)
        at java.util.concurrent.ScheduledThreadPoolExecutor$DelayedWorkQueue.take(ScheduledThreadPoolExecutor.java:809)
        at java.util.concurrent.ThreadPoolExecutor.getTask(ThreadPoolExecutor.java:1074)
        at java.util.concurrent.ThreadPoolExecutor.runWorker(ThreadPoolExecutor.java:1134)
        at java.util.concurrent.ThreadPoolExecutor$Worker.run(ThreadPoolExecutor.java:624)
        at java.lang.Thread.run(Thread.java:750)
"Datanode ReportManager Thread - 2" daemon prio=5 tid=1351 in Object.wait()
java.lang.Thread.State: WAITING (on object monitor)
        at sun.misc.Unsafe.park(Native Method)
        at java.util.concurrent.locks.LockSupport.park(LockSupport.java:175)
        at java.util.concurrent.locks.AbstractQueuedSynchronizer$ConditionObject.await(AbstractQueuedSynchronizer.java:2039)
        at java.util.concurrent.ScheduledThreadPoolExecutor$DelayedWorkQueue.take(ScheduledThreadPoolExecutor.java:1088)
        at java.util.concurrent.ScheduledThreadPoolExecutor$DelayedWorkQueue.take(ScheduledThreadPoolExecutor.java:809)
        at java.util.concurrent.ThreadPoolExecutor.getTask(ThreadPoolExecutor.java:1074)
        at java.util.concurrent.ThreadPoolExecutor.runWorker(ThreadPoolExecutor.java:1134)
        at java.util.concurrent.ThreadPoolExecutor$Worker.run(ThreadPoolExecutor.java:624)
        at java.lang.Thread.run(Thread.java:750)
"f143390d-7c87-4621-8359-d245efaa75b3-NettyServerStreamRpc-bossGroup--thread1"  prio=5 tid=1418 runnable
java.lang.Thread.State: RUNNABLE
        at sun.nio.ch.EPollArrayWrapper.epollWait(Native Method)
        at sun.nio.ch.EPollArrayWrapper.poll(EPollArrayWrapper.java:269)
        at sun.nio.ch.EPollSelectorImpl.doSelect(EPollSelectorImpl.java:93)
        at sun.nio.ch.SelectorImpl.lockAndDoSelect(SelectorImpl.java:86)
        at sun.nio.ch.SelectorImpl.select(SelectorImpl.java:97)
        at sun.nio.ch.SelectorImpl.select(SelectorImpl.java:101)
        at org.apache.ratis.thirdparty.io.netty.channel.nio.SelectedSelectionKeySetSelector.select(SelectedSelectionKeySetSelector.java:68)
        at org.apache.ratis.thirdparty.io.netty.channel.nio.NioEventLoop.select(NioEventLoop.java:813)
        at org.apache.ratis.thirdparty.io.netty.channel.nio.NioEventLoop.run(NioEventLoop.java:460)
        at org.apache.ratis.thirdparty.io.netty.util.concurrent.SingleThreadEventExecutor$4.run(SingleThreadEventExecutor.java:995)
        at org.apache.ratis.thirdparty.io.netty.util.internal.ThreadExecutorMap$2.run(ThreadExecutorMap.java:74)
        at java.lang.Thread.run(Thread.java:750)
"qtp480678786-1341" daemon prio=5 tid=1341 timed_waiting
java.lang.Thread.State: TIMED_WAITING
        at sun.misc.Unsafe.park(Native Method)
        at java.util.concurrent.locks.LockSupport.parkNanos(LockSupport.java:215)
        at java.util.concurrent.locks.AbstractQueuedSynchronizer$ConditionObject.awaitNanos(AbstractQueuedSynchronizer.java:2078)
        at org.eclipse.jetty.util.BlockingArrayQueue.poll(BlockingArrayQueue.java:382)
        at org.eclipse.jetty.util.thread.QueuedThreadPool$Runner.idleJobPoll(QueuedThreadPool.java:974)
        at org.eclipse.jetty.util.thread.QueuedThreadPool$Runner.run(QueuedThreadPool.java:1018)
        at java.lang.Thread.run(Thread.java:750)
"IPC Server handler 6 on default port 39295" daemon prio=5 tid=1288 timed_waiting
java.lang.Thread.State: TIMED_WAITING
        at sun.misc.Unsafe.park(Native Method)
        at java.util.concurrent.locks.LockSupport.parkNanos(LockSupport.java:215)
        at java.util.concurrent.locks.AbstractQueuedSynchronizer$ConditionObject.awaitNanos(AbstractQueuedSynchronizer.java:2078)
        at java.util.concurrent.LinkedBlockingQueue.poll(LinkedBlockingQueue.java:467)
        at org.apache.hadoop.ipc.CallQueueManager.take(CallQueueManager.java:317)
        at org.apache.hadoop.ipc.Server$Handler.run(Server.java:2942)
"BlockDeletingService#2" daemon prio=5 tid=1710 in Object.wait()
java.lang.Thread.State: WAITING (on object monitor)
        at sun.misc.Unsafe.park(Native Method)
        at java.util.concurrent.locks.LockSupport.park(LockSupport.java:175)
        at java.util.concurrent.locks.AbstractQueuedSynchronizer$ConditionObject.await(AbstractQueuedSynchronizer.java:2039)
        at java.util.concurrent.ScheduledThreadPoolExecutor$DelayedWorkQueue.take(ScheduledThreadPoolExecutor.java:1088)
        at java.util.concurrent.ScheduledThreadPoolExecutor$DelayedWorkQueue.take(ScheduledThreadPoolExecutor.java:809)
        at java.util.concurrent.ThreadPoolExecutor.getTask(ThreadPoolExecutor.java:1074)
        at java.util.concurrent.ThreadPoolExecutor.runWorker(ThreadPoolExecutor.java:1134)
        at java.util.concurrent.ThreadPoolExecutor$Worker.run(ThreadPoolExecutor.java:624)
        at java.lang.Thread.run(Thread.java:750)
"org.apache.hadoop.util.JvmPauseMonitor$Monitor@72d8272f" daemon prio=5 tid=1411 timed_waiting
java.lang.Thread.State: TIMED_WAITING
        at java.lang.Thread.sleep(Native Method)
        at org.apache.hadoop.util.JvmPauseMonitor$Monitor.run(JvmPauseMonitor.java:192)
        at java.lang.Thread.run(Thread.java:750)
"Datanode ReportManager Thread - 0" daemon prio=5 tid=1349 in Object.wait()
java.lang.Thread.State: WAITING (on object monitor)
        at sun.misc.Unsafe.park(Native Method)
        at java.util.concurrent.locks.LockSupport.park(LockSupport.java:175)
        at java.util.concurrent.locks.AbstractQueuedSynchronizer$ConditionObject.await(AbstractQueuedSynchronizer.java:2039)
        at java.util.concurrent.ScheduledThreadPoolExecutor$DelayedWorkQueue.take(ScheduledThreadPoolExecutor.java:1088)
        at java.util.concurrent.ScheduledThreadPoolExecutor$DelayedWorkQueue.take(ScheduledThreadPoolExecutor.java:809)
        at java.util.concurrent.ThreadPoolExecutor.getTask(ThreadPoolExecutor.java:1074)
        at java.util.concurrent.ThreadPoolExecutor.runWorker(ThreadPoolExecutor.java:1134)
        at java.util.concurrent.ThreadPoolExecutor$Worker.run(ThreadPoolExecutor.java:624)
        at java.lang.Thread.run(Thread.java:750)
"Timer-2"  prio=5 tid=1268 timed_waiting
java.lang.Thread.State: TIMED_WAITING
        at java.lang.Object.wait(Native Method)
        at java.util.TimerThread.mainLoop(Timer.java:552)
        at java.util.TimerThread.run(Timer.java:505)
"IPC Server handler 15 on default port 33985" daemon prio=5 tid=1194 timed_waiting
java.lang.Thread.State: TIMED_WAITING
        at sun.misc.Unsafe.park(Native Method)
        at java.util.concurrent.locks.LockSupport.parkNanos(LockSupport.java:215)
        at java.util.concurrent.locks.AbstractQueuedSynchronizer$ConditionObject.awaitNanos(AbstractQueuedSynchronizer.java:2078)
        at java.util.concurrent.LinkedBlockingQueue.poll(LinkedBlockingQueue.java:467)
        at org.apache.hadoop.ipc.CallQueueManager.take(CallQueueManager.java:317)
        at org.apache.hadoop.ipc.Server$Handler.run(Server.java:2942)
"IPC Server handler 12 on default port 33985" daemon prio=5 tid=1191 timed_waiting
java.lang.Thread.State: TIMED_WAITING
        at sun.misc.Unsafe.park(Native Method)
        at java.util.concurrent.locks.LockSupport.parkNanos(LockSupport.java:215)
        at java.util.concurrent.locks.AbstractQueuedSynchronizer$ConditionObject.awaitNanos(AbstractQueuedSynchronizer.java:2078)
        at java.util.concurrent.LinkedBlockingQueue.poll(LinkedBlockingQueue.java:467)
        at org.apache.hadoop.ipc.CallQueueManager.take(CallQueueManager.java:317)
        at org.apache.hadoop.ipc.Server$Handler.run(Server.java:2942)
"qtp1498690052-1393" daemon prio=5 tid=1393 runnable
java.lang.Thread.State: RUNNABLE
        at sun.nio.ch.EPollArrayWrapper.epollWait(Native Method)
        at sun.nio.ch.EPollArrayWrapper.poll(EPollArrayWrapper.java:269)
        at sun.nio.ch.EPollSelectorImpl.doSelect(EPollSelectorImpl.java:93)
        at sun.nio.ch.SelectorImpl.lockAndDoSelect(SelectorImpl.java:86)
        at sun.nio.ch.SelectorImpl.select(SelectorImpl.java:97)
        at sun.nio.ch.SelectorImpl.select(SelectorImpl.java:101)
        at org.eclipse.jetty.io.ManagedSelector.nioSelect(ManagedSelector.java:183)
        at org.eclipse.jetty.io.ManagedSelector.select(ManagedSelector.java:190)
        at org.eclipse.jetty.io.ManagedSelector$SelectorProducer.select(ManagedSelector.java:606)
        at org.eclipse.jetty.io.ManagedSelector$SelectorProducer.produce(ManagedSelector.java:543)
        at org.eclipse.jetty.util.thread.strategy.EatWhatYouKill.produceTask(EatWhatYouKill.java:362)
        at org.eclipse.jetty.util.thread.strategy.EatWhatYouKill.doProduce(EatWhatYouKill.java:186)
        at org.eclipse.jetty.util.thread.strategy.EatWhatYouKill.tryProduce(EatWhatYouKill.java:173)
        at org.eclipse.jetty.util.thread.strategy.EatWhatYouKill.produce(EatWhatYouKill.java:137)
        at org.eclipse.jetty.io.ManagedSelector$$Lambda$468/325488817.run(Unknown Source)
        at org.eclipse.jetty.util.thread.QueuedThreadPool.runJob(QueuedThreadPool.java:883)
        at org.eclipse.jetty.util.thread.QueuedThreadPool$Runner.run(QueuedThreadPool.java:1034)
        at java.lang.Thread.run(Thread.java:750)
"StaleRecoveringContainerScrubbingService#0" daemon prio=5 tid=1501 in Object.wait()
java.lang.Thread.State: WAITING (on object monitor)
        at sun.misc.Unsafe.park(Native Method)
        at java.util.concurrent.locks.LockSupport.park(LockSupport.java:175)
        at java.util.concurrent.locks.AbstractQueuedSynchronizer$ConditionObject.await(AbstractQueuedSynchronizer.java:2039)
        at java.util.concurrent.ScheduledThreadPoolExecutor$DelayedWorkQueue.take(ScheduledThreadPoolExecutor.java:1088)
        at java.util.concurrent.ScheduledThreadPoolExecutor$DelayedWorkQueue.take(ScheduledThreadPoolExecutor.java:809)
        at java.util.concurrent.ThreadPoolExecutor.getTask(ThreadPoolExecutor.java:1074)
        at java.util.concurrent.ThreadPoolExecutor.runWorker(ThreadPoolExecutor.java:1134)
        at java.util.concurrent.ThreadPoolExecutor$Worker.run(ThreadPoolExecutor.java:624)
        at java.lang.Thread.run(Thread.java:750)
"qtp2046616631-1450-acceptor-0@34a3cf55-ServerConnector@62593536{HTTP/1.1, (http/1.1)}{0.0.0.0:44905}" daemon prio=3 tid=1450 runnable
java.lang.Thread.State: RUNNABLE
        at sun.nio.ch.ServerSocketChannelImpl.accept0(Native Method)
        at sun.nio.ch.ServerSocketChannelImpl.accept(ServerSocketChannelImpl.java:421)
        at sun.nio.ch.ServerSocketChannelImpl.accept(ServerSocketChannelImpl.java:249)
        at org.eclipse.jetty.server.ServerConnector.accept(ServerConnector.java:388)
        at org.eclipse.jetty.server.AbstractConnector$Acceptor.run(AbstractConnector.java:704)
        at org.eclipse.jetty.util.thread.QueuedThreadPool.runJob(QueuedThreadPool.java:883)
        at org.eclipse.jetty.util.thread.QueuedThreadPool$Runner.run(QueuedThreadPool.java:1034)
        at java.lang.Thread.run(Thread.java:750)
"Datanode State Machine Task Thread - 1"  prio=5 tid=1516 in Object.wait()
java.lang.Thread.State: WAITING (on object monitor)
        at sun.misc.Unsafe.park(Native Method)
        at java.util.concurrent.locks.LockSupport.park(LockSupport.java:175)
        at java.util.concurrent.locks.AbstractQueuedSynchronizer$ConditionObject.await(AbstractQueuedSynchronizer.java:2039)
        at java.util.concurrent.LinkedBlockingQueue.take(LinkedBlockingQueue.java:442)
        at java.util.concurrent.ThreadPoolExecutor.getTask(ThreadPoolExecutor.java:1074)
        at java.util.concurrent.ThreadPoolExecutor.runWorker(ThreadPoolExecutor.java:1134)
        at java.util.concurrent.ThreadPoolExecutor$Worker.run(ThreadPoolExecutor.java:624)
        at java.lang.Thread.run(Thread.java:750)
"Command processor thread" daemon prio=5 tid=1464 timed_waiting
java.lang.Thread.State: TIMED_WAITING
        at java.lang.Thread.sleep(Native Method)
        at org.apache.hadoop.ozone.container.common.statemachine.DatanodeStateMachine.lambda$initCommandHandlerThread$3(DatanodeStateMachine.java:645)
        at org.apache.hadoop.ozone.container.common.statemachine.DatanodeStateMachine$$Lambda$799/2043898389.run(Unknown Source)
        at java.lang.Thread.run(Thread.java:750)
"BlockDeletingService#2" daemon prio=5 tid=1714 in Object.wait()
java.lang.Thread.State: WAITING (on object monitor)
        at sun.misc.Unsafe.park(Native Method)
        at java.util.concurrent.locks.LockSupport.park(LockSupport.java:175)
        at java.util.concurrent.locks.AbstractQueuedSynchronizer$ConditionObject.await(AbstractQueuedSynchronizer.java:2039)
        at java.util.concurrent.ScheduledThreadPoolExecutor$DelayedWorkQueue.take(ScheduledThreadPoolExecutor.java:1088)
        at java.util.concurrent.ScheduledThreadPoolExecutor$DelayedWorkQueue.take(ScheduledThreadPoolExecutor.java:809)
        at java.util.concurrent.ThreadPoolExecutor.getTask(ThreadPoolExecutor.java:1074)
        at java.util.concurrent.ThreadPoolExecutor.runWorker(ThreadPoolExecutor.java:1134)
        at java.util.concurrent.ThreadPoolExecutor$Worker.run(ThreadPoolExecutor.java:624)
        at java.lang.Thread.run(Thread.java:750)
"ChunkWriter-2-0" daemon prio=5 tid=1532 in Object.wait()
java.lang.Thread.State: WAITING (on object monitor)
        at sun.misc.Unsafe.park(Native Method)
        at java.util.concurrent.locks.LockSupport.park(LockSupport.java:175)
        at java.util.concurrent.locks.AbstractQueuedSynchronizer$ConditionObject.await(AbstractQueuedSynchronizer.java:2039)
        at java.util.concurrent.LinkedBlockingDeque.takeFirst(LinkedBlockingDeque.java:492)
        at java.util.concurrent.LinkedBlockingDeque.take(LinkedBlockingDeque.java:680)
        at java.util.concurrent.ThreadPoolExecutor.getTask(ThreadPoolExecutor.java:1074)
        at java.util.concurrent.ThreadPoolExecutor.runWorker(ThreadPoolExecutor.java:1134)
        at java.util.concurrent.ThreadPoolExecutor$Worker.run(ThreadPoolExecutor.java:624)
        at java.lang.Thread.run(Thread.java:750)
"qtp1498690052-1394-acceptor-0@2d56adb1-ServerConnector@7ac2db4c{HTTP/1.1, (http/1.1)}{0.0.0.0:42981}" daemon prio=3 tid=1394 runnable
java.lang.Thread.State: RUNNABLE
        at sun.nio.ch.ServerSocketChannelImpl.accept0(Native Method)
        at sun.nio.ch.ServerSocketChannelImpl.accept(ServerSocketChannelImpl.java:421)
        at sun.nio.ch.ServerSocketChannelImpl.accept(ServerSocketChannelImpl.java:249)
        at org.eclipse.jetty.server.ServerConnector.accept(ServerConnector.java:388)
        at org.eclipse.jetty.server.AbstractConnector$Acceptor.run(AbstractConnector.java:704)
        at org.eclipse.jetty.util.thread.QueuedThreadPool.runJob(QueuedThreadPool.java:883)
        at org.eclipse.jetty.util.thread.QueuedThreadPool$Runner.run(QueuedThreadPool.java:1034)
        at java.lang.Thread.run(Thread.java:750)
"Datanode State Machine Task Thread - 0"  prio=5 tid=1383 in Object.wait()
java.lang.Thread.State: WAITING (on object monitor)
        at sun.misc.Unsafe.park(Native Method)
        at java.util.concurrent.locks.LockSupport.park(LockSupport.java:175)
        at java.util.concurrent.locks.AbstractQueuedSynchronizer$ConditionObject.await(AbstractQueuedSynchronizer.java:2039)
        at java.util.concurrent.LinkedBlockingQueue.take(LinkedBlockingQueue.java:442)
        at java.util.concurrent.ThreadPoolExecutor.getTask(ThreadPoolExecutor.java:1074)
        at java.util.concurrent.ThreadPoolExecutor.runWorker(ThreadPoolExecutor.java:1134)
        at java.util.concurrent.ThreadPoolExecutor$Worker.run(ThreadPoolExecutor.java:624)
        at java.lang.Thread.run(Thread.java:750)
"Datanode ReportManager Thread - 3" daemon prio=5 tid=1379 in Object.wait()
java.lang.Thread.State: WAITING (on object monitor)
        at sun.misc.Unsafe.park(Native Method)
        at java.util.concurrent.locks.LockSupport.park(LockSupport.java:175)
        at java.util.concurrent.locks.AbstractQueuedSynchronizer$ConditionObject.await(AbstractQueuedSynchronizer.java:2039)
        at java.util.concurrent.ScheduledThreadPoolExecutor$DelayedWorkQueue.take(ScheduledThreadPoolExecutor.java:1088)
        at java.util.concurrent.ScheduledThreadPoolExecutor$DelayedWorkQueue.take(ScheduledThreadPoolExecutor.java:809)
        at java.util.concurrent.ThreadPoolExecutor.getTask(ThreadPoolExecutor.java:1074)
        at java.util.concurrent.ThreadPoolExecutor.runWorker(ThreadPoolExecutor.java:1134)
        at java.util.concurrent.ThreadPoolExecutor$Worker.run(ThreadPoolExecutor.java:624)
        at java.lang.Thread.run(Thread.java:750)
"Reference Handler" daemon prio=10 tid=2 in Object.wait()
java.lang.Thread.State: WAITING (on object monitor)
        at java.lang.Object.wait(Native Method)
        at java.lang.Object.wait(Object.java:502)
        at java.lang.ref.Reference.tryHandlePending(Reference.java:191)
        at java.lang.ref.Reference$ReferenceHandler.run(Reference.java:153)
"PartialTableCache Cleanup Thread - 0" daemon prio=5 tid=1707 in Object.wait()
java.lang.Thread.State: WAITING (on object monitor)
        at sun.misc.Unsafe.park(Native Method)
        at java.util.concurrent.locks.LockSupport.park(LockSupport.java:175)
        at java.util.concurrent.locks.AbstractQueuedSynchronizer$ConditionObject.await(AbstractQueuedSynchronizer.java:2039)
        at java.util.concurrent.LinkedBlockingQueue.take(LinkedBlockingQueue.java:442)
        at java.util.concurrent.ThreadPoolExecutor.getTask(ThreadPoolExecutor.java:1074)
        at java.util.concurrent.ThreadPoolExecutor.runWorker(ThreadPoolExecutor.java:1134)
        at java.util.concurrent.ThreadPoolExecutor$Worker.run(ThreadPoolExecutor.java:624)
        at java.lang.Thread.run(Thread.java:750)
"qtp1277859572-1429" daemon prio=5 tid=1429 timed_waiting
java.lang.Thread.State: TIMED_WAITING
        at sun.misc.Unsafe.park(Native Method)
        at java.util.concurrent.locks.LockSupport.parkNanos(LockSupport.java:215)
        at java.util.concurrent.locks.AbstractQueuedSynchronizer$ConditionObject.awaitNanos(AbstractQueuedSynchronizer.java:2078)
        at org.eclipse.jetty.util.BlockingArrayQueue.poll(BlockingArrayQueue.java:382)
        at org.eclipse.jetty.util.thread.QueuedThreadPool$Runner.idleJobPoll(QueuedThreadPool.java:974)
        at org.eclipse.jetty.util.thread.QueuedThreadPool$Runner.run(QueuedThreadPool.java:1018)
        at java.lang.Thread.run(Thread.java:750)
"DatanodeAdminManager-0" daemon prio=5 tid=1154 timed_waiting
java.lang.Thread.State: TIMED_WAITING
        at sun.misc.Unsafe.park(Native Method)
        at java.util.concurrent.locks.LockSupport.parkNanos(LockSupport.java:215)
        at java.util.concurrent.locks.AbstractQueuedSynchronizer$ConditionObject.awaitNanos(AbstractQueuedSynchronizer.java:2078)
        at java.util.concurrent.ScheduledThreadPoolExecutor$DelayedWorkQueue.take(ScheduledThreadPoolExecutor.java:1093)
        at java.util.concurrent.ScheduledThreadPoolExecutor$DelayedWorkQueue.take(ScheduledThreadPoolExecutor.java:809)
        at java.util.concurrent.ThreadPoolExecutor.getTask(ThreadPoolExecutor.java:1074)
        at java.util.concurrent.ThreadPoolExecutor.runWorker(ThreadPoolExecutor.java:1134)
        at java.util.concurrent.ThreadPoolExecutor$Worker.run(ThreadPoolExecutor.java:624)
        at java.lang.Thread.run(Thread.java:750)
"Datanode ReportManager Thread - 1" daemon prio=5 tid=1406 in Object.wait()
java.lang.Thread.State: WAITING (on object monitor)
        at sun.misc.Unsafe.park(Native Method)
        at java.util.concurrent.locks.LockSupport.park(LockSupport.java:175)
        at java.util.concurrent.locks.AbstractQueuedSynchronizer$ConditionObject.await(AbstractQueuedSynchronizer.java:2039)
        at java.util.concurrent.ScheduledThreadPoolExecutor$DelayedWorkQueue.take(ScheduledThreadPoolExecutor.java:1088)
        at java.util.concurrent.ScheduledThreadPoolExecutor$DelayedWorkQueue.take(ScheduledThreadPoolExecutor.java:809)
        at java.util.concurrent.ThreadPoolExecutor.getTask(ThreadPoolExecutor.java:1074)
        at java.util.concurrent.ThreadPoolExecutor.runWorker(ThreadPoolExecutor.java:1134)
        at java.util.concurrent.ThreadPoolExecutor$Worker.run(ThreadPoolExecutor.java:624)
        at java.lang.Thread.run(Thread.java:750)
"StaleRecoveringContainerScrubbingService#2" daemon prio=5 tid=1715 in Object.wait()
java.lang.Thread.State: WAITING (on object monitor)
        at sun.misc.Unsafe.park(Native Method)
        at java.util.concurrent.locks.LockSupport.park(LockSupport.java:175)
        at java.util.concurrent.locks.AbstractQueuedSynchronizer$ConditionObject.await(AbstractQueuedSynchronizer.java:2039)
        at java.util.concurrent.ScheduledThreadPoolExecutor$DelayedWorkQueue.take(ScheduledThreadPoolExecutor.java:1088)
        at java.util.concurrent.ScheduledThreadPoolExecutor$DelayedWorkQueue.take(ScheduledThreadPoolExecutor.java:809)
        at java.util.concurrent.ThreadPoolExecutor.getTask(ThreadPoolExecutor.java:1074)
        at java.util.concurrent.ThreadPoolExecutor.runWorker(ThreadPoolExecutor.java:1134)
        at java.util.concurrent.ThreadPoolExecutor$Worker.run(ThreadPoolExecutor.java:624)
        at java.lang.Thread.run(Thread.java:750)
"ExpiredContainerReplicaOpScrubberThread" daemon prio=5 tid=1150 timed_waiting
java.lang.Thread.State: TIMED_WAITING
        at java.lang.Object.wait(Native Method)
        at org.apache.hadoop.hdds.scm.ha.BackgroundSCMService.run(BackgroundSCMService.java:110)
        at org.apache.hadoop.hdds.scm.ha.BackgroundSCMService$$Lambda$395/1060932448.run(Unknown Source)
        at java.lang.Thread.run(Thread.java:750)
"KeyDeletingService#0" daemon prio=5 tid=1269 timed_waiting
java.lang.Thread.State: TIMED_WAITING
        at sun.misc.Unsafe.park(Native Method)
        at java.util.concurrent.locks.LockSupport.parkNanos(LockSupport.java:215)
        at java.util.concurrent.locks.AbstractQueuedSynchronizer$ConditionObject.awaitNanos(AbstractQueuedSynchronizer.java:2078)
        at java.util.concurrent.ScheduledThreadPoolExecutor$DelayedWorkQueue.take(ScheduledThreadPoolExecutor.java:1093)
        at java.util.concurrent.ScheduledThreadPoolExecutor$DelayedWorkQueue.take(ScheduledThreadPoolExecutor.java:809)
        at java.util.concurrent.ThreadPoolExecutor.getTask(ThreadPoolExecutor.java:1074)
        at java.util.concurrent.ThreadPoolExecutor.runWorker(ThreadPoolExecutor.java:1134)
        at java.util.concurrent.ThreadPoolExecutor$Worker.run(ThreadPoolExecutor.java:624)
        at java.lang.Thread.run(Thread.java:750)
"pool-534-thread-1" daemon prio=5 tid=1306 timed_waiting
java.lang.Thread.State: TIMED_WAITING
        at sun.misc.Unsafe.park(Native Method)
        at java.util.concurrent.locks.LockSupport.parkNanos(LockSupport.java:215)
        at java.util.concurrent.locks.AbstractQueuedSynchronizer$ConditionObject.awaitNanos(AbstractQueuedSynchronizer.java:2078)
        at java.util.concurrent.ScheduledThreadPoolExecutor$DelayedWorkQueue.take(ScheduledThreadPoolExecutor.java:1093)
        at java.util.concurrent.ScheduledThreadPoolExecutor$DelayedWorkQueue.take(ScheduledThreadPoolExecutor.java:809)
        at java.util.concurrent.ThreadPoolExecutor.getTask(ThreadPoolExecutor.java:1074)
        at java.util.concurrent.ThreadPoolExecutor.runWorker(ThreadPoolExecutor.java:1134)
        at java.util.concurrent.ThreadPoolExecutor$Worker.run(ThreadPoolExecutor.java:624)
        at java.lang.Thread.run(Thread.java:750)
"EndpointStateMachine task thread for /0.0.0.0:43047 - 0 "  prio=5 tid=1493 in Object.wait()
java.lang.Thread.State: WAITING (on object monitor)
        at sun.misc.Unsafe.park(Native Method)
        at java.util.concurrent.locks.LockSupport.park(LockSupport.java:175)
        at java.util.concurrent.locks.AbstractQueuedSynchronizer$ConditionObject.await(AbstractQueuedSynchronizer.java:2039)
        at java.util.concurrent.LinkedBlockingQueue.take(LinkedBlockingQueue.java:442)
        at java.util.concurrent.ThreadPoolExecutor.getTask(ThreadPoolExecutor.java:1074)
        at java.util.concurrent.ThreadPoolExecutor.runWorker(ThreadPoolExecutor.java:1134)
        at java.util.concurrent.ThreadPoolExecutor$Worker.run(ThreadPoolExecutor.java:624)
        at java.lang.Thread.run(Thread.java:750)
"IPC Server Responder" daemon prio=5 tid=1162 runnable
java.lang.Thread.State: RUNNABLE
        at sun.nio.ch.EPollArrayWrapper.epollWait(Native Method)
        at sun.nio.ch.EPollArrayWrapper.poll(EPollArrayWrapper.java:269)
        at sun.nio.ch.EPollSelectorImpl.doSelect(EPollSelectorImpl.java:93)
        at sun.nio.ch.SelectorImpl.lockAndDoSelect(SelectorImpl.java:86)
        at sun.nio.ch.SelectorImpl.select(SelectorImpl.java:97)
        at org.apache.hadoop.ipc.Server$Responder.doRunLoop(Server.java:1532)
        at org.apache.hadoop.ipc.Server$Responder.run(Server.java:1515)
"BlockDeletingService#2" daemon prio=5 tid=1720 in Object.wait()
java.lang.Thread.State: WAITING (on object monitor)
        at sun.misc.Unsafe.park(Native Method)
        at java.util.concurrent.locks.LockSupport.park(LockSupport.java:175)
        at java.util.concurrent.locks.AbstractQueuedSynchronizer$ConditionObject.await(AbstractQueuedSynchronizer.java:2039)
        at java.util.concurrent.ScheduledThreadPoolExecutor$DelayedWorkQueue.take(ScheduledThreadPoolExecutor.java:1088)
        at java.util.concurrent.ScheduledThreadPoolExecutor$DelayedWorkQueue.take(ScheduledThreadPoolExecutor.java:809)
        at java.util.concurrent.ThreadPoolExecutor.getTask(ThreadPoolExecutor.java:1074)
        at java.util.concurrent.ThreadPoolExecutor.runWorker(ThreadPoolExecutor.java:1134)
        at java.util.concurrent.ThreadPoolExecutor$Worker.run(ThreadPoolExecutor.java:624)
        at java.lang.Thread.run(Thread.java:750)
"Datanode State Machine Task Thread - 0"  prio=5 tid=1356 in Object.wait()
java.lang.Thread.State: WAITING (on object monitor)
        at sun.misc.Unsafe.park(Native Method)
        at java.util.concurrent.locks.LockSupport.park(LockSupport.java:175)
        at java.util.concurrent.locks.AbstractQueuedSynchronizer$ConditionObject.await(AbstractQueuedSynchronizer.java:2039)
        at java.util.concurrent.LinkedBlockingQueue.take(LinkedBlockingQueue.java:442)
        at java.util.concurrent.ThreadPoolExecutor.getTask(ThreadPoolExecutor.java:1074)
        at java.util.concurrent.ThreadPoolExecutor.runWorker(ThreadPoolExecutor.java:1134)
        at java.util.concurrent.ThreadPoolExecutor$Worker.run(ThreadPoolExecutor.java:624)
        at java.lang.Thread.run(Thread.java:750)
"qtp1593287956-1273" daemon prio=5 tid=1273 runnable
java.lang.Thread.State: RUNNABLE
        at sun.nio.ch.EPollArrayWrapper.epollWait(Native Method)
        at sun.nio.ch.EPollArrayWrapper.poll(EPollArrayWrapper.java:269)
        at sun.nio.ch.EPollSelectorImpl.doSelect(EPollSelectorImpl.java:93)
        at sun.nio.ch.SelectorImpl.lockAndDoSelect(SelectorImpl.java:86)
        at sun.nio.ch.SelectorImpl.select(SelectorImpl.java:97)
        at sun.nio.ch.SelectorImpl.select(SelectorImpl.java:101)
        at org.eclipse.jetty.io.ManagedSelector.nioSelect(ManagedSelector.java:183)
        at org.eclipse.jetty.io.ManagedSelector.select(ManagedSelector.java:190)
        at org.eclipse.jetty.io.ManagedSelector$SelectorProducer.select(ManagedSelector.java:606)
        at org.eclipse.jetty.io.ManagedSelector$SelectorProducer.produce(ManagedSelector.java:543)
        at org.eclipse.jetty.util.thread.strategy.EatWhatYouKill.produceTask(EatWhatYouKill.java:362)
        at org.eclipse.jetty.util.thread.strategy.EatWhatYouKill.doProduce(EatWhatYouKill.java:186)
        at org.eclipse.jetty.util.thread.strategy.EatWhatYouKill.tryProduce(EatWhatYouKill.java:173)
        at org.eclipse.jetty.util.thread.strategy.EatWhatYouKill.produce(EatWhatYouKill.java:137)
        at org.eclipse.jetty.io.ManagedSelector$$Lambda$468/325488817.run(Unknown Source)
        at org.eclipse.jetty.util.thread.QueuedThreadPool.runJob(QueuedThreadPool.java:883)
        at org.eclipse.jetty.util.thread.QueuedThreadPool$Runner.run(QueuedThreadPool.java:1034)
        at java.lang.Thread.run(Thread.java:750)
"StaleRecoveringContainerScrubbingService#1" daemon prio=5 tid=1503 timed_waiting
java.lang.Thread.State: TIMED_WAITING
        at sun.misc.Unsafe.park(Native Method)
        at java.util.concurrent.locks.LockSupport.parkNanos(LockSupport.java:215)
        at java.util.concurrent.locks.AbstractQueuedSynchronizer$ConditionObject.awaitNanos(AbstractQueuedSynchronizer.java:2078)
        at java.util.concurrent.ScheduledThreadPoolExecutor$DelayedWorkQueue.take(ScheduledThreadPoolExecutor.java:1093)
        at java.util.concurrent.ScheduledThreadPoolExecutor$DelayedWorkQueue.take(ScheduledThreadPoolExecutor.java:809)
        at java.util.concurrent.ThreadPoolExecutor.getTask(ThreadPoolExecutor.java:1074)
        at java.util.concurrent.ThreadPoolExecutor.runWorker(ThreadPoolExecutor.java:1134)
        at java.util.concurrent.ThreadPoolExecutor$Worker.run(ThreadPoolExecutor.java:624)
        at java.lang.Thread.run(Thread.java:750)
"IPC Server handler 3 on default port 34917" daemon prio=5 tid=1202 timed_waiting
java.lang.Thread.State: TIMED_WAITING
        at sun.misc.Unsafe.park(Native Method)
        at java.util.concurrent.locks.LockSupport.parkNanos(LockSupport.java:215)
        at java.util.concurrent.locks.AbstractQueuedSynchronizer$ConditionObject.awaitNanos(AbstractQueuedSynchronizer.java:2078)
        at java.util.concurrent.LinkedBlockingQueue.poll(LinkedBlockingQueue.java:467)
        at org.apache.hadoop.ipc.CallQueueManager.take(CallQueueManager.java:317)
        at org.apache.hadoop.ipc.Server$Handler.run(Server.java:2942)
"IPC Server handler 14 on default port 33985" daemon prio=5 tid=1193 timed_waiting
java.lang.Thread.State: TIMED_WAITING
        at sun.misc.Unsafe.park(Native Method)
        at java.util.concurrent.locks.LockSupport.parkNanos(LockSupport.java:215)
        at java.util.concurrent.locks.AbstractQueuedSynchronizer$ConditionObject.awaitNanos(AbstractQueuedSynchronizer.java:2078)
        at java.util.concurrent.LinkedBlockingQueue.poll(LinkedBlockingQueue.java:467)
        at org.apache.hadoop.ipc.CallQueueManager.take(CallQueueManager.java:317)
        at org.apache.hadoop.ipc.Server$Handler.run(Server.java:2942)
"IPC Server handler 7 on default port 34917" daemon prio=5 tid=1206 timed_waiting
java.lang.Thread.State: TIMED_WAITING
        at sun.misc.Unsafe.park(Native Method)
        at java.util.concurrent.locks.LockSupport.parkNanos(LockSupport.java:215)
        at java.util.concurrent.locks.AbstractQueuedSynchronizer$ConditionObject.awaitNanos(AbstractQueuedSynchronizer.java:2078)
        at java.util.concurrent.LinkedBlockingQueue.poll(LinkedBlockingQueue.java:467)
        at org.apache.hadoop.ipc.CallQueueManager.take(CallQueueManager.java:317)
        at org.apache.hadoop.ipc.Server$Handler.run(Server.java:2942)
"f143390d-7c87-4621-8359-d245efaa75b3@group-1926F592E147-StateMachineUpdater" daemon prio=5 tid=1581 timed_waiting
java.lang.Thread.State: TIMED_WAITING
        at sun.misc.Unsafe.park(Native Method)
        at java.util.concurrent.locks.LockSupport.parkNanos(LockSupport.java:215)
        at java.util.concurrent.locks.AbstractQueuedSynchronizer$ConditionObject.await(AbstractQueuedSynchronizer.java:2163)
        at org.apache.ratis.util.AwaitForSignal.await(AwaitForSignal.java:62)
        at org.apache.ratis.server.impl.StateMachineUpdater.waitForCommit(StateMachineUpdater.java:207)
        at org.apache.ratis.server.impl.StateMachineUpdater.run(StateMachineUpdater.java:176)
        at java.lang.Thread.run(Thread.java:750)
"IPC Server listener on 0" daemon prio=5 tid=1260 runnable
java.lang.Thread.State: RUNNABLE
        at sun.nio.ch.EPollArrayWrapper.epollWait(Native Method)
        at sun.nio.ch.EPollArrayWrapper.poll(EPollArrayWrapper.java:269)
        at sun.nio.ch.EPollSelectorImpl.doSelect(EPollSelectorImpl.java:93)
        at sun.nio.ch.SelectorImpl.lockAndDoSelect(SelectorImpl.java:86)
        at sun.nio.ch.SelectorImpl.select(SelectorImpl.java:97)
        at sun.nio.ch.SelectorImpl.select(SelectorImpl.java:101)
        at org.apache.hadoop.ipc.Server$Listener.run(Server.java:1358)
"JvmPauseMonitor13" daemon prio=5 tid=1486 timed_waiting
java.lang.Thread.State: TIMED_WAITING
        at java.lang.Thread.sleep(Native Method)
        at java.lang.Thread.sleep(Thread.java:342)
        at java.util.concurrent.TimeUnit.sleep(TimeUnit.java:386)
        at org.apache.ratis.util.TimeDuration.sleep(TimeDuration.java:325)
        at org.apache.ratis.util.TimeDuration.sleep(TimeDuration.java:310)
        at org.apache.ratis.util.JvmPauseMonitor.detectPause(JvmPauseMonitor.java:119)
        at org.apache.ratis.util.JvmPauseMonitor.run(JvmPauseMonitor.java:108)
        at org.apache.ratis.util.JvmPauseMonitor$$Lambda$749/1985309092.run(Unknown Source)
        at java.lang.Thread.run(Thread.java:750)
"72a8f579-b929-42a4-a748-3b6f638fc788@group-1926F592E147->156d136a-08eb-462a-8e45-2bca38fc9d49-GrpcLogAppender-LogAppenderDaemon" daemon prio=5 tid=1696 timed_waiting
java.lang.Thread.State: TIMED_WAITING
        at sun.misc.Unsafe.park(Native Method)
        at java.util.concurrent.locks.LockSupport.parkNanos(LockSupport.java:215)
        at java.util.concurrent.locks.AbstractQueuedSynchronizer$ConditionObject.await(AbstractQueuedSynchronizer.java:2163)
        at org.apache.ratis.util.AwaitForSignal.await(AwaitForSignal.java:62)
        at org.apache.ratis.grpc.server.GrpcLogAppender.mayWait(GrpcLogAppender.java:198)
        at org.apache.ratis.grpc.server.GrpcLogAppender.run(GrpcLogAppender.java:148)
        at org.apache.ratis.server.leader.LogAppenderDaemon.run(LogAppenderDaemon.java:78)
        at org.apache.ratis.server.leader.LogAppenderDaemon$$Lambda$1091/725454289.run(Unknown Source)
        at java.lang.Thread.run(Thread.java:750)
"BlockDeletingService#0" daemon prio=5 tid=1500 in Object.wait()
java.lang.Thread.State: WAITING (on object monitor)
        at sun.misc.Unsafe.park(Native Method)
        at java.util.concurrent.locks.LockSupport.park(LockSupport.java:175)
        at java.util.concurrent.locks.AbstractQueuedSynchronizer$ConditionObject.await(AbstractQueuedSynchronizer.java:2039)
        at java.util.concurrent.ScheduledThreadPoolExecutor$DelayedWorkQueue.take(ScheduledThreadPoolExecutor.java:1088)
        at java.util.concurrent.ScheduledThreadPoolExecutor$DelayedWorkQueue.take(ScheduledThreadPoolExecutor.java:809)
        at java.util.concurrent.ThreadPoolExecutor.getTask(ThreadPoolExecutor.java:1074)
        at java.util.concurrent.ThreadPoolExecutor.runWorker(ThreadPoolExecutor.java:1134)
        at java.util.concurrent.ThreadPoolExecutor$Worker.run(ThreadPoolExecutor.java:624)
        at java.lang.Thread.run(Thread.java:750)
"Session-HouseKeeper-320b71a5-1"  prio=5 tid=1457 timed_waiting
java.lang.Thread.State: TIMED_WAITING
        at sun.misc.Unsafe.park(Native Method)
        at java.util.concurrent.locks.LockSupport.parkNanos(LockSupport.java:215)
        at java.util.concurrent.locks.AbstractQueuedSynchronizer$ConditionObject.awaitNanos(AbstractQueuedSynchronizer.java:2078)
        at java.util.concurrent.ScheduledThreadPoolExecutor$DelayedWorkQueue.take(ScheduledThreadPoolExecutor.java:1093)
        at java.util.concurrent.ScheduledThreadPoolExecutor$DelayedWorkQueue.take(ScheduledThreadPoolExecutor.java:809)
        at java.util.concurrent.ThreadPoolExecutor.getTask(ThreadPoolExecutor.java:1074)
        at java.util.concurrent.ThreadPoolExecutor.runWorker(ThreadPoolExecutor.java:1134)
        at java.util.concurrent.ThreadPoolExecutor$Worker.run(ThreadPoolExecutor.java:624)
        at java.lang.Thread.run(Thread.java:750)
"Datanode ReportManager Thread - 3" daemon prio=5 tid=1325 timed_waiting
java.lang.Thread.State: TIMED_WAITING
        at sun.misc.Unsafe.park(Native Method)
        at java.util.concurrent.locks.LockSupport.parkNanos(LockSupport.java:215)
        at java.util.concurrent.locks.AbstractQueuedSynchronizer$ConditionObject.awaitNanos(AbstractQueuedSynchronizer.java:2078)
        at java.util.concurrent.ScheduledThreadPoolExecutor$DelayedWorkQueue.take(ScheduledThreadPoolExecutor.java:1093)
        at java.util.concurrent.ScheduledThreadPoolExecutor$DelayedWorkQueue.take(ScheduledThreadPoolExecutor.java:809)
        at java.util.concurrent.ThreadPoolExecutor.getTask(ThreadPoolExecutor.java:1074)
        at java.util.concurrent.ThreadPoolExecutor.runWorker(ThreadPoolExecutor.java:1134)
        at java.util.concurrent.ThreadPoolExecutor$Worker.run(ThreadPoolExecutor.java:624)
        at java.lang.Thread.run(Thread.java:750)
"pool-430-thread-1"  prio=5 tid=1088 in Object.wait()
java.lang.Thread.State: WAITING (on object monitor)
        at sun.misc.Unsafe.park(Native Method)
        at java.util.concurrent.locks.LockSupport.park(LockSupport.java:175)
        at java.util.concurrent.locks.AbstractQueuedSynchronizer$ConditionObject.await(AbstractQueuedSynchronizer.java:2039)
        at java.util.concurrent.LinkedBlockingQueue.take(LinkedBlockingQueue.java:442)
        at java.util.concurrent.ThreadPoolExecutor.getTask(ThreadPoolExecutor.java:1074)
        at java.util.concurrent.ThreadPoolExecutor.runWorker(ThreadPoolExecutor.java:1134)
        at java.util.concurrent.ThreadPoolExecutor$Worker.run(ThreadPoolExecutor.java:624)
        at java.lang.Thread.run(Thread.java:750)
"156d136a-08eb-462a-8e45-2bca38fc9d49@group-1926F592E147-FollowerState" daemon prio=5 tid=1693 timed_waiting
java.lang.Thread.State: TIMED_WAITING
        at java.lang.Thread.sleep(Native Method)
        at java.lang.Thread.sleep(Thread.java:342)
        at java.util.concurrent.TimeUnit.sleep(TimeUnit.java:386)
        at org.apache.ratis.util.TimeDuration.sleep(TimeDuration.java:325)
        at org.apache.ratis.util.TimeDuration.sleep(TimeDuration.java:310)
        at org.apache.ratis.server.impl.FollowerState.run(FollowerState.java:128)
"Command processor thread" daemon prio=5 tid=1381 timed_waiting
java.lang.Thread.State: TIMED_WAITING
        at java.lang.Thread.sleep(Native Method)
        at org.apache.hadoop.ozone.container.common.statemachine.DatanodeStateMachine.lambda$initCommandHandlerThread$3(DatanodeStateMachine.java:645)
        at org.apache.hadoop.ozone.container.common.statemachine.DatanodeStateMachine$$Lambda$799/2043898389.run(Unknown Source)
        at java.lang.Thread.run(Thread.java:750)
"PartialTableCache Cleanup Thread - 0" daemon prio=5 tid=1706 in Object.wait()
java.lang.Thread.State: WAITING (on object monitor)
        at sun.misc.Unsafe.park(Native Method)
        at java.util.concurrent.locks.LockSupport.park(LockSupport.java:175)
        at java.util.concurrent.locks.AbstractQueuedSynchronizer$ConditionObject.await(AbstractQueuedSynchronizer.java:2039)
        at java.util.concurrent.LinkedBlockingQueue.take(LinkedBlockingQueue.java:442)
        at java.util.concurrent.ThreadPoolExecutor.getTask(ThreadPoolExecutor.java:1074)
        at java.util.concurrent.ThreadPoolExecutor.runWorker(ThreadPoolExecutor.java:1134)
        at java.util.concurrent.ThreadPoolExecutor$Worker.run(ThreadPoolExecutor.java:624)
        at java.lang.Thread.run(Thread.java:750)
"IPC Server handler 16 on default port 43047" daemon prio=5 tid=1235 timed_waiting
java.lang.Thread.State: TIMED_WAITING
        at sun.misc.Unsafe.park(Native Method)
        at java.util.concurrent.locks.LockSupport.parkNanos(LockSupport.java:215)
        at java.util.concurrent.locks.AbstractQueuedSynchronizer$ConditionObject.awaitNanos(AbstractQueuedSynchronizer.java:2078)
        at java.util.concurrent.LinkedBlockingQueue.poll(LinkedBlockingQueue.java:467)
        at org.apache.hadoop.ipc.CallQueueManager.take(CallQueueManager.java:317)
        at org.apache.hadoop.ipc.Server$Handler.run(Server.java:2942)
"pool-633-thread-1"  prio=5 tid=1578 in Object.wait()
java.lang.Thread.State: WAITING (on object monitor)
        at sun.misc.Unsafe.park(Native Method)
        at java.util.concurrent.locks.LockSupport.park(LockSupport.java:175)
        at java.util.concurrent.locks.AbstractQueuedSynchronizer$ConditionObject.await(AbstractQueuedSynchronizer.java:2039)
        at java.util.concurrent.LinkedBlockingQueue.take(LinkedBlockingQueue.java:442)
        at java.util.concurrent.ThreadPoolExecutor.getTask(ThreadPoolExecutor.java:1074)
        at java.util.concurrent.ThreadPoolExecutor.runWorker(ThreadPoolExecutor.java:1134)
        at java.util.concurrent.ThreadPoolExecutor$Worker.run(ThreadPoolExecutor.java:624)
        at java.lang.Thread.run(Thread.java:750)
"Command processor thread" daemon prio=5 tid=1437 timed_waiting
java.lang.Thread.State: TIMED_WAITING
        at java.lang.Thread.sleep(Native Method)
        at org.apache.hadoop.ozone.container.common.statemachine.DatanodeStateMachine.lambda$initCommandHandlerThread$3(DatanodeStateMachine.java:645)
        at org.apache.hadoop.ozone.container.common.statemachine.DatanodeStateMachine$$Lambda$799/2043898389.run(Unknown Source)
        at java.lang.Thread.run(Thread.java:750)
"Session-HouseKeeper-4874bc0b-1"  prio=5 tid=1347 timed_waiting
java.lang.Thread.State: TIMED_WAITING
        at sun.misc.Unsafe.park(Native Method)
        at java.util.concurrent.locks.LockSupport.parkNanos(LockSupport.java:215)
        at java.util.concurrent.locks.AbstractQueuedSynchronizer$ConditionObject.awaitNanos(AbstractQueuedSynchronizer.java:2078)
        at java.util.concurrent.ScheduledThreadPoolExecutor$DelayedWorkQueue.take(ScheduledThreadPoolExecutor.java:1093)
        at java.util.concurrent.ScheduledThreadPoolExecutor$DelayedWorkQueue.take(ScheduledThreadPoolExecutor.java:809)
        at java.util.concurrent.ThreadPoolExecutor.getTask(ThreadPoolExecutor.java:1074)
        at java.util.concurrent.ThreadPoolExecutor.runWorker(ThreadPoolExecutor.java:1134)
        at java.util.concurrent.ThreadPoolExecutor$Worker.run(ThreadPoolExecutor.java:624)
        at java.lang.Thread.run(Thread.java:750)
"BlockDeletingService#1" daemon prio=5 tid=1490 timed_waiting
java.lang.Thread.State: TIMED_WAITING
        at sun.misc.Unsafe.park(Native Method)
        at java.util.concurrent.locks.LockSupport.parkNanos(LockSupport.java:215)
        at java.util.concurrent.locks.AbstractQueuedSynchronizer$ConditionObject.awaitNanos(AbstractQueuedSynchronizer.java:2078)
        at java.util.concurrent.ScheduledThreadPoolExecutor$DelayedWorkQueue.take(ScheduledThreadPoolExecutor.java:1093)
        at java.util.concurrent.ScheduledThreadPoolExecutor$DelayedWorkQueue.take(ScheduledThreadPoolExecutor.java:809)
        at java.util.concurrent.ThreadPoolExecutor.getTask(ThreadPoolExecutor.java:1074)
        at java.util.concurrent.ThreadPoolExecutor.runWorker(ThreadPoolExecutor.java:1134)
        at java.util.concurrent.ThreadPoolExecutor$Worker.run(ThreadPoolExecutor.java:624)
        at java.lang.Thread.run(Thread.java:750)
"IPC Server handler 9 on default port 34917" daemon prio=5 tid=1208 timed_waiting
java.lang.Thread.State: TIMED_WAITING
        at sun.misc.Unsafe.park(Native Method)
        at java.util.concurrent.locks.LockSupport.parkNanos(LockSupport.java:215)
        at java.util.concurrent.locks.AbstractQueuedSynchronizer$ConditionObject.awaitNanos(AbstractQueuedSynchronizer.java:2078)
        at java.util.concurrent.LinkedBlockingQueue.poll(LinkedBlockingQueue.java:467)
        at org.apache.hadoop.ipc.CallQueueManager.take(CallQueueManager.java:317)
        at org.apache.hadoop.ipc.Server$Handler.run(Server.java:2942)
"ChunkWriter-3-0" daemon prio=5 tid=1473 in Object.wait()
java.lang.Thread.State: WAITING (on object monitor)
        at sun.misc.Unsafe.park(Native Method)
        at java.util.concurrent.locks.LockSupport.park(LockSupport.java:175)
        at java.util.concurrent.locks.AbstractQueuedSynchronizer$ConditionObject.await(AbstractQueuedSynchronizer.java:2039)
        at java.util.concurrent.LinkedBlockingDeque.takeFirst(LinkedBlockingDeque.java:492)
        at java.util.concurrent.LinkedBlockingDeque.take(LinkedBlockingDeque.java:680)
        at java.util.concurrent.ThreadPoolExecutor.getTask(ThreadPoolExecutor.java:1074)
        at java.util.concurrent.ThreadPoolExecutor.runWorker(ThreadPoolExecutor.java:1134)
        at java.util.concurrent.ThreadPoolExecutor$Worker.run(ThreadPoolExecutor.java:624)
        at java.lang.Thread.run(Thread.java:750)
"Datanode State Machine Daemon Thread" daemon prio=5 tid=1375 timed_waiting
java.lang.Thread.State: TIMED_WAITING
        at java.lang.Thread.sleep(Native Method)
        at org.apache.hadoop.ozone.container.common.statemachine.DatanodeStateMachine.startStateMachineThread(DatanodeStateMachine.java:325)
        at org.apache.hadoop.ozone.container.common.statemachine.DatanodeStateMachine.lambda$startDaemon$0(DatanodeStateMachine.java:510)
        at org.apache.hadoop.ozone.container.common.statemachine.DatanodeStateMachine$$Lambda$797/1903341753.run(Unknown Source)
        at java.lang.Thread.run(Thread.java:750)
"IPC Server listener on 0" daemon prio=5 tid=1155 runnable
java.lang.Thread.State: RUNNABLE
        at sun.nio.ch.EPollArrayWrapper.epollWait(Native Method)
        at sun.nio.ch.EPollArrayWrapper.poll(EPollArrayWrapper.java:269)
        at sun.nio.ch.EPollSelectorImpl.doSelect(EPollSelectorImpl.java:93)
        at sun.nio.ch.SelectorImpl.lockAndDoSelect(SelectorImpl.java:86)
        at sun.nio.ch.SelectorImpl.select(SelectorImpl.java:97)
        at sun.nio.ch.SelectorImpl.select(SelectorImpl.java:101)
        at org.apache.hadoop.ipc.Server$Listener.run(Server.java:1358)
"StaleRecoveringContainerScrubbingService#1" daemon prio=5 tid=1479 timed_waiting
java.lang.Thread.State: TIMED_WAITING
        at sun.misc.Unsafe.park(Native Method)
        at java.util.concurrent.locks.LockSupport.parkNanos(LockSupport.java:215)
        at java.util.concurrent.locks.AbstractQueuedSynchronizer$ConditionObject.awaitNanos(AbstractQueuedSynchronizer.java:2078)
        at java.util.concurrent.ScheduledThreadPoolExecutor$DelayedWorkQueue.take(ScheduledThreadPoolExecutor.java:1093)
        at java.util.concurrent.ScheduledThreadPoolExecutor$DelayedWorkQueue.take(ScheduledThreadPoolExecutor.java:809)
        at java.util.concurrent.ThreadPoolExecutor.getTask(ThreadPoolExecutor.java:1074)
        at java.util.concurrent.ThreadPoolExecutor.runWorker(ThreadPoolExecutor.java:1134)
        at java.util.concurrent.ThreadPoolExecutor$Worker.run(ThreadPoolExecutor.java:624)
        at java.lang.Thread.run(Thread.java:750)
"IPC Server handler 8 on default port 39295" daemon prio=5 tid=1290 timed_waiting
java.lang.Thread.State: TIMED_WAITING
        at sun.misc.Unsafe.park(Native Method)
        at java.util.concurrent.locks.LockSupport.parkNanos(LockSupport.java:215)
        at java.util.concurrent.locks.AbstractQueuedSynchronizer$ConditionObject.awaitNanos(AbstractQueuedSynchronizer.java:2078)
        at java.util.concurrent.LinkedBlockingQueue.poll(LinkedBlockingQueue.java:467)
        at org.apache.hadoop.ipc.CallQueueManager.take(CallQueueManager.java:317)
        at org.apache.hadoop.ipc.Server$Handler.run(Server.java:2942)
"ChunkWriter-2-0" daemon prio=5 tid=1484 in Object.wait()
java.lang.Thread.State: WAITING (on object monitor)
        at sun.misc.Unsafe.park(Native Method)
        at java.util.concurrent.locks.LockSupport.park(LockSupport.java:175)
        at java.util.concurrent.locks.AbstractQueuedSynchronizer$ConditionObject.await(AbstractQueuedSynchronizer.java:2039)
        at java.util.concurrent.LinkedBlockingDeque.takeFirst(LinkedBlockingDeque.java:492)
        at java.util.concurrent.LinkedBlockingDeque.take(LinkedBlockingDeque.java:680)
        at java.util.concurrent.ThreadPoolExecutor.getTask(ThreadPoolExecutor.java:1074)
        at java.util.concurrent.ThreadPoolExecutor.runWorker(ThreadPoolExecutor.java:1134)
        at java.util.concurrent.ThreadPoolExecutor$Worker.run(ThreadPoolExecutor.java:624)
        at java.lang.Thread.run(Thread.java:750)
"JvmPauseMonitor11" daemon prio=5 tid=1267 timed_waiting
java.lang.Thread.State: TIMED_WAITING
        at java.lang.Thread.sleep(Native Method)
        at java.lang.Thread.sleep(Thread.java:342)
        at java.util.concurrent.TimeUnit.sleep(TimeUnit.java:386)
        at org.apache.ratis.util.TimeDuration.sleep(TimeDuration.java:325)
        at org.apache.ratis.util.TimeDuration.sleep(TimeDuration.java:310)
        at org.apache.ratis.util.JvmPauseMonitor.detectPause(JvmPauseMonitor.java:119)
        at org.apache.ratis.util.JvmPauseMonitor.run(JvmPauseMonitor.java:108)
        at org.apache.ratis.util.JvmPauseMonitor$$Lambda$749/1985309092.run(Unknown Source)
        at java.lang.Thread.run(Thread.java:750)
"BlockDeletingService#2" daemon prio=5 tid=1712 in Object.wait()
java.lang.Thread.State: WAITING (on object monitor)
        at sun.misc.Unsafe.park(Native Method)
        at java.util.concurrent.locks.LockSupport.park(LockSupport.java:175)
        at java.util.concurrent.locks.AbstractQueuedSynchronizer$ConditionObject.await(AbstractQueuedSynchronizer.java:2039)
        at java.util.concurrent.ScheduledThreadPoolExecutor$DelayedWorkQueue.take(ScheduledThreadPoolExecutor.java:1088)
        at java.util.concurrent.ScheduledThreadPoolExecutor$DelayedWorkQueue.take(ScheduledThreadPoolExecutor.java:809)
        at java.util.concurrent.ThreadPoolExecutor.getTask(ThreadPoolExecutor.java:1074)
        at java.util.concurrent.ThreadPoolExecutor.runWorker(ThreadPoolExecutor.java:1134)
        at java.util.concurrent.ThreadPoolExecutor$Worker.run(ThreadPoolExecutor.java:624)
        at java.lang.Thread.run(Thread.java:750)
"pool-665-thread-1"  prio=5 tid=1448 timed_waiting
java.lang.Thread.State: TIMED_WAITING
        at sun.misc.Unsafe.park(Native Method)
        at java.util.concurrent.locks.LockSupport.parkNanos(LockSupport.java:215)
        at java.util.concurrent.locks.AbstractQueuedSynchronizer$ConditionObject.awaitNanos(AbstractQueuedSynchronizer.java:2078)
        at java.util.concurrent.ScheduledThreadPoolExecutor$DelayedWorkQueue.take(ScheduledThreadPoolExecutor.java:1093)
        at java.util.concurrent.ScheduledThreadPoolExecutor$DelayedWorkQueue.take(ScheduledThreadPoolExecutor.java:809)
        at java.util.concurrent.ThreadPoolExecutor.getTask(ThreadPoolExecutor.java:1074)
        at java.util.concurrent.ThreadPoolExecutor.runWorker(ThreadPoolExecutor.java:1134)
        at java.util.concurrent.ThreadPoolExecutor$Worker.run(ThreadPoolExecutor.java:624)
        at java.lang.Thread.run(Thread.java:750)
"FixedThreadPoolWithAffinityExecutor-9-0" daemon prio=5 tid=1176 timed_waiting
java.lang.Thread.State: TIMED_WAITING
        at sun.misc.Unsafe.park(Native Method)
        at java.util.concurrent.locks.LockSupport.parkNanos(LockSupport.java:215)
        at java.util.concurrent.locks.AbstractQueuedSynchronizer$ConditionObject.awaitNanos(AbstractQueuedSynchronizer.java:2078)
        at java.util.concurrent.LinkedBlockingQueue.poll(LinkedBlockingQueue.java:467)
        at org.apache.hadoop.hdds.scm.server.ContainerReportQueue.poll(ContainerReportQueue.java:266)
        at org.apache.hadoop.hdds.scm.server.ContainerReportQueue.poll(ContainerReportQueue.java:42)
        at org.apache.hadoop.hdds.server.events.FixedThreadPoolWithAffinityExecutor$ContainerReportProcessTask.run(FixedThreadPoolWithAffinityExecutor.java:247)
        at java.util.concurrent.Executors$RunnableAdapter.call(Executors.java:511)
        at java.util.concurrent.FutureTask.run(FutureTask.java:266)
        at java.util.concurrent.ThreadPoolExecutor.runWorker(ThreadPoolExecutor.java:1149)
        at java.util.concurrent.ThreadPoolExecutor$Worker.run(ThreadPoolExecutor.java:624)
        at java.lang.Thread.run(Thread.java:750)
"qtp480678786-1343" daemon prio=5 tid=1343 timed_waiting
java.lang.Thread.State: TIMED_WAITING
        at sun.misc.Unsafe.park(Native Method)
        at java.util.concurrent.locks.LockSupport.parkNanos(LockSupport.java:215)
        at java.util.concurrent.locks.AbstractQueuedSynchronizer$ConditionObject.awaitNanos(AbstractQueuedSynchronizer.java:2078)
        at org.eclipse.jetty.util.BlockingArrayQueue.poll(BlockingArrayQueue.java:382)
        at org.eclipse.jetty.util.thread.QueuedThreadPool$Runner.idleJobPoll(QueuedThreadPool.java:974)
        at org.eclipse.jetty.util.thread.QueuedThreadPool$Runner.run(QueuedThreadPool.java:1018)
        at java.lang.Thread.run(Thread.java:750)
"org.apache.hadoop.util.JvmPauseMonitor$Monitor@13501936" daemon prio=5 tid=1302 timed_waiting
java.lang.Thread.State: TIMED_WAITING
        at java.lang.Thread.sleep(Native Method)
        at org.apache.hadoop.util.JvmPauseMonitor$Monitor.run(JvmPauseMonitor.java:192)
        at java.lang.Thread.run(Thread.java:750)
"IPC Server handler 0 on default port 33985" daemon prio=5 tid=1179 timed_waiting
java.lang.Thread.State: TIMED_WAITING
        at sun.misc.Unsafe.park(Native Method)
        at java.util.concurrent.locks.LockSupport.parkNanos(LockSupport.java:215)
        at java.util.concurrent.locks.AbstractQueuedSynchronizer$ConditionObject.awaitNanos(AbstractQueuedSynchronizer.java:2078)
        at java.util.concurrent.LinkedBlockingQueue.poll(LinkedBlockingQueue.java:467)
        at org.apache.hadoop.ipc.CallQueueManager.take(CallQueueManager.java:317)
        at org.apache.hadoop.ipc.Server$Handler.run(Server.java:2942)
"qtp1498690052-1397" daemon prio=5 tid=1397 timed_waiting
java.lang.Thread.State: TIMED_WAITING
        at sun.misc.Unsafe.park(Native Method)
        at java.util.concurrent.locks.LockSupport.parkNanos(LockSupport.java:215)
        at java.util.concurrent.locks.AbstractQueuedSynchronizer$ConditionObject.awaitNanos(AbstractQueuedSynchronizer.java:2078)
        at org.eclipse.jetty.util.BlockingArrayQueue.poll(BlockingArrayQueue.java:382)
        at org.eclipse.jetty.util.thread.QueuedThreadPool$Runner.idleJobPoll(QueuedThreadPool.java:974)
        at org.eclipse.jetty.util.thread.QueuedThreadPool$Runner.run(QueuedThreadPool.java:1018)
        at java.lang.Thread.run(Thread.java:750)
"qtp480678786-1345" daemon prio=5 tid=1345 timed_waiting
java.lang.Thread.State: TIMED_WAITING
        at sun.misc.Unsafe.park(Native Method)
        at java.util.concurrent.locks.LockSupport.parkNanos(LockSupport.java:215)
        at java.util.concurrent.locks.AbstractQueuedSynchronizer$ConditionObject.awaitNanos(AbstractQueuedSynchronizer.java:2078)
        at org.eclipse.jetty.util.BlockingArrayQueue.poll(BlockingArrayQueue.java:382)
        at org.eclipse.jetty.util.thread.QueuedThreadPool$Runner.idleJobPoll(QueuedThreadPool.java:974)
        at org.eclipse.jetty.util.thread.QueuedThreadPool$Runner.run(QueuedThreadPool.java:1018)
        at java.lang.Thread.run(Thread.java:750)
"IPC Server handler 15 on default port 34917" daemon prio=5 tid=1214 timed_waiting
java.lang.Thread.State: TIMED_WAITING
        at sun.misc.Unsafe.park(Native Method)
        at java.util.concurrent.locks.LockSupport.parkNanos(LockSupport.java:215)
        at java.util.concurrent.locks.AbstractQueuedSynchronizer$ConditionObject.awaitNanos(AbstractQueuedSynchronizer.java:2078)
        at java.util.concurrent.LinkedBlockingQueue.poll(LinkedBlockingQueue.java:467)
        at org.apache.hadoop.ipc.CallQueueManager.take(CallQueueManager.java:317)
        at org.apache.hadoop.ipc.Server$Handler.run(Server.java:2942)
"BlockDeletingService#2" daemon prio=5 tid=1716 in Object.wait()
java.lang.Thread.State: WAITING (on object monitor)
        at sun.misc.Unsafe.park(Native Method)
        at java.util.concurrent.locks.LockSupport.park(LockSupport.java:175)
        at java.util.concurrent.locks.AbstractQueuedSynchronizer$ConditionObject.await(AbstractQueuedSynchronizer.java:2039)
        at java.util.concurrent.ScheduledThreadPoolExecutor$DelayedWorkQueue.take(ScheduledThreadPoolExecutor.java:1088)
        at java.util.concurrent.ScheduledThreadPoolExecutor$DelayedWorkQueue.take(ScheduledThreadPoolExecutor.java:809)
        at java.util.concurrent.ThreadPoolExecutor.getTask(ThreadPoolExecutor.java:1074)
        at java.util.concurrent.ThreadPoolExecutor.runWorker(ThreadPoolExecutor.java:1134)
        at java.util.concurrent.ThreadPoolExecutor$Worker.run(ThreadPoolExecutor.java:624)
        at java.lang.Thread.run(Thread.java:750)
"grpc-default-executor-0" daemon prio=5 tid=1551 timed_waiting
java.lang.Thread.State: TIMED_WAITING
        at sun.misc.Unsafe.park(Native Method)
        at java.util.concurrent.locks.LockSupport.parkNanos(LockSupport.java:215)
        at java.util.concurrent.SynchronousQueue$TransferStack.awaitFulfill(SynchronousQueue.java:460)
        at java.util.concurrent.SynchronousQueue$TransferStack.transfer(SynchronousQueue.java:362)
        at java.util.concurrent.SynchronousQueue.poll(SynchronousQueue.java:941)
        at java.util.concurrent.ThreadPoolExecutor.getTask(ThreadPoolExecutor.java:1073)
        at java.util.concurrent.ThreadPoolExecutor.runWorker(ThreadPoolExecutor.java:1134)
        at java.util.concurrent.ThreadPoolExecutor$Worker.run(ThreadPoolExecutor.java:624)
        at java.lang.Thread.run(Thread.java:750)
"bb729a89-1f9d-479b-ba94-fb09a3e8e4eb-NettyServerStreamRpc-bossGroup--thread1"  prio=5 tid=1335 runnable
java.lang.Thread.State: RUNNABLE
        at sun.nio.ch.EPollArrayWrapper.epollWait(Native Method)
        at sun.nio.ch.EPollArrayWrapper.poll(EPollArrayWrapper.java:269)
        at sun.nio.ch.EPollSelectorImpl.doSelect(EPollSelectorImpl.java:93)
        at sun.nio.ch.SelectorImpl.lockAndDoSelect(SelectorImpl.java:86)
        at sun.nio.ch.SelectorImpl.select(SelectorImpl.java:97)
        at sun.nio.ch.SelectorImpl.select(SelectorImpl.java:101)
        at org.apache.ratis.thirdparty.io.netty.channel.nio.SelectedSelectionKeySetSelector.select(SelectedSelectionKeySetSelector.java:68)
        at org.apache.ratis.thirdparty.io.netty.channel.nio.NioEventLoop.select(NioEventLoop.java:813)
        at org.apache.ratis.thirdparty.io.netty.channel.nio.NioEventLoop.run(NioEventLoop.java:460)
        at org.apache.ratis.thirdparty.io.netty.util.concurrent.SingleThreadEventExecutor$4.run(SingleThreadEventExecutor.java:995)
        at org.apache.ratis.thirdparty.io.netty.util.internal.ThreadExecutorMap$2.run(ThreadExecutorMap.java:74)
        at java.lang.Thread.run(Thread.java:750)
"JvmPauseMonitor16" daemon prio=5 tid=1522 timed_waiting
java.lang.Thread.State: TIMED_WAITING
        at java.lang.Thread.sleep(Native Method)
        at java.lang.Thread.sleep(Thread.java:342)
        at java.util.concurrent.TimeUnit.sleep(TimeUnit.java:386)
        at org.apache.ratis.util.TimeDuration.sleep(TimeDuration.java:325)
        at org.apache.ratis.util.TimeDuration.sleep(TimeDuration.java:310)
        at org.apache.ratis.util.JvmPauseMonitor.detectPause(JvmPauseMonitor.java:119)
        at org.apache.ratis.util.JvmPauseMonitor.run(JvmPauseMonitor.java:108)
        at org.apache.ratis.util.JvmPauseMonitor$$Lambda$749/1985309092.run(Unknown Source)
        at java.lang.Thread.run(Thread.java:750)
"IPC Server handler 10 on default port 43047" daemon prio=5 tid=1229 timed_waiting
java.lang.Thread.State: TIMED_WAITING
        at sun.misc.Unsafe.park(Native Method)
        at java.util.concurrent.locks.LockSupport.parkNanos(LockSupport.java:215)
        at java.util.concurrent.locks.AbstractQueuedSynchronizer$ConditionObject.awaitNanos(AbstractQueuedSynchronizer.java:2078)
        at java.util.concurrent.LinkedBlockingQueue.poll(LinkedBlockingQueue.java:467)
        at org.apache.hadoop.ipc.CallQueueManager.take(CallQueueManager.java:317)
        at org.apache.hadoop.ipc.Server$Handler.run(Server.java:2942)
"JvmPauseMonitor17" daemon prio=5 tid=1534 timed_waiting
java.lang.Thread.State: TIMED_WAITING
        at java.lang.Thread.sleep(Native Method)
        at java.lang.Thread.sleep(Thread.java:342)
        at java.util.concurrent.TimeUnit.sleep(TimeUnit.java:386)
        at org.apache.ratis.util.TimeDuration.sleep(TimeDuration.java:325)
        at org.apache.ratis.util.TimeDuration.sleep(TimeDuration.java:310)
        at org.apache.ratis.util.JvmPauseMonitor.detectPause(JvmPauseMonitor.java:119)
        at org.apache.ratis.util.JvmPauseMonitor.run(JvmPauseMonitor.java:108)
        at org.apache.ratis.util.JvmPauseMonitor$$Lambda$749/1985309092.run(Unknown Source)
        at java.lang.Thread.run(Thread.java:750)
"qtp1468657944-1366" daemon prio=5 tid=1366 runnable
java.lang.Thread.State: RUNNABLE
        at sun.nio.ch.EPollArrayWrapper.epollWait(Native Method)
        at sun.nio.ch.EPollArrayWrapper.poll(EPollArrayWrapper.java:269)
        at sun.nio.ch.EPollSelectorImpl.doSelect(EPollSelectorImpl.java:93)
        at sun.nio.ch.SelectorImpl.lockAndDoSelect(SelectorImpl.java:86)
        at sun.nio.ch.SelectorImpl.select(SelectorImpl.java:97)
        at sun.nio.ch.SelectorImpl.select(SelectorImpl.java:101)
        at org.eclipse.jetty.io.ManagedSelector.nioSelect(ManagedSelector.java:183)
        at org.eclipse.jetty.io.ManagedSelector.select(ManagedSelector.java:190)
        at org.eclipse.jetty.io.ManagedSelector$SelectorProducer.select(ManagedSelector.java:606)
        at org.eclipse.jetty.io.ManagedSelector$SelectorProducer.produce(ManagedSelector.java:543)
        at org.eclipse.jetty.util.thread.strategy.EatWhatYouKill.produceTask(EatWhatYouKill.java:362)
        at org.eclipse.jetty.util.thread.strategy.EatWhatYouKill.doProduce(EatWhatYouKill.java:186)
        at org.eclipse.jetty.util.thread.strategy.EatWhatYouKill.tryProduce(EatWhatYouKill.java:173)
        at org.eclipse.jetty.util.thread.strategy.EatWhatYouKill.produce(EatWhatYouKill.java:137)
        at org.eclipse.jetty.io.ManagedSelector$$Lambda$468/325488817.run(Unknown Source)
        at org.eclipse.jetty.util.thread.QueuedThreadPool.runJob(QueuedThreadPool.java:883)
        at org.eclipse.jetty.util.thread.QueuedThreadPool$Runner.run(QueuedThreadPool.java:1034)
        at java.lang.Thread.run(Thread.java:750)
"qtp1277859572-1426" daemon prio=5 tid=1426 timed_waiting
java.lang.Thread.State: TIMED_WAITING
        at sun.misc.Unsafe.park(Native Method)
        at java.util.concurrent.locks.LockSupport.parkNanos(LockSupport.java:215)
        at java.util.concurrent.locks.AbstractQueuedSynchronizer$ConditionObject.awaitNanos(AbstractQueuedSynchronizer.java:2078)
        at org.eclipse.jetty.util.BlockingArrayQueue.poll(BlockingArrayQueue.java:382)
        at org.eclipse.jetty.util.thread.QueuedThreadPool$Runner.idleJobPoll(QueuedThreadPool.java:974)
        at org.eclipse.jetty.util.thread.QueuedThreadPool$Runner.run(QueuedThreadPool.java:1018)
        at java.lang.Thread.run(Thread.java:750)
"156d136a-08eb-462a-8e45-2bca38fc9d49@group-1926F592E147-SegmentedRaftLogWorker"  prio=5 tid=1575 timed_waiting
java.lang.Thread.State: TIMED_WAITING
        at sun.misc.Unsafe.park(Native Method)
        at java.util.concurrent.locks.LockSupport.parkNanos(LockSupport.java:215)
        at java.util.concurrent.locks.AbstractQueuedSynchronizer$ConditionObject.awaitNanos(AbstractQueuedSynchronizer.java:2078)
        at org.apache.ratis.util.DataBlockingQueue.poll(DataBlockingQueue.java:148)
        at org.apache.ratis.server.raftlog.segmented.SegmentedRaftLogWorker.run(SegmentedRaftLogWorker.java:312)
        at org.apache.ratis.server.raftlog.segmented.SegmentedRaftLogWorker$$Lambda$708/2091679541.run(Unknown Source)
        at java.lang.Thread.run(Thread.java:750)
"pool-610-thread-1"  prio=5 tid=1574 in Object.wait()
java.lang.Thread.State: WAITING (on object monitor)
        at sun.misc.Unsafe.park(Native Method)
        at java.util.concurrent.locks.LockSupport.park(LockSupport.java:175)
        at java.util.concurrent.locks.AbstractQueuedSynchronizer$ConditionObject.await(AbstractQueuedSynchronizer.java:2039)
        at java.util.concurrent.LinkedBlockingQueue.take(LinkedBlockingQueue.java:442)
        at java.util.concurrent.ThreadPoolExecutor.getTask(ThreadPoolExecutor.java:1074)
        at java.util.concurrent.ThreadPoolExecutor.runWorker(ThreadPoolExecutor.java:1134)
        at java.util.concurrent.ThreadPoolExecutor$Worker.run(ThreadPoolExecutor.java:624)
        at java.lang.Thread.run(Thread.java:750)
"Datanode State Machine Task Thread - 1"  prio=5 tid=1492 in Object.wait()
java.lang.Thread.State: WAITING (on object monitor)
        at sun.misc.Unsafe.park(Native Method)
        at java.util.concurrent.locks.LockSupport.park(LockSupport.java:175)
        at java.util.concurrent.locks.AbstractQueuedSynchronizer$ConditionObject.await(AbstractQueuedSynchronizer.java:2039)
        at java.util.concurrent.LinkedBlockingQueue.take(LinkedBlockingQueue.java:442)
        at java.util.concurrent.ThreadPoolExecutor.getTask(ThreadPoolExecutor.java:1074)
        at java.util.concurrent.ThreadPoolExecutor.runWorker(ThreadPoolExecutor.java:1134)
        at java.util.concurrent.ThreadPoolExecutor$Worker.run(ThreadPoolExecutor.java:624)
        at java.lang.Thread.run(Thread.java:750)
"qtp101162911-1312" daemon prio=5 tid=1312 runnable
java.lang.Thread.State: RUNNABLE
        at sun.nio.ch.EPollArrayWrapper.epollWait(Native Method)
        at sun.nio.ch.EPollArrayWrapper.poll(EPollArrayWrapper.java:269)
        at sun.nio.ch.EPollSelectorImpl.doSelect(EPollSelectorImpl.java:93)
        at sun.nio.ch.SelectorImpl.lockAndDoSelect(SelectorImpl.java:86)
        at sun.nio.ch.SelectorImpl.select(SelectorImpl.java:97)
        at sun.nio.ch.SelectorImpl.select(SelectorImpl.java:101)
        at org.eclipse.jetty.io.ManagedSelector.nioSelect(ManagedSelector.java:183)
        at org.eclipse.jetty.io.ManagedSelector.select(ManagedSelector.java:190)
        at org.eclipse.jetty.io.ManagedSelector$SelectorProducer.select(ManagedSelector.java:606)
        at org.eclipse.jetty.io.ManagedSelector$SelectorProducer.produce(ManagedSelector.java:543)
        at org.eclipse.jetty.util.thread.strategy.EatWhatYouKill.produceTask(EatWhatYouKill.java:362)
        at org.eclipse.jetty.util.thread.strategy.EatWhatYouKill.doProduce(EatWhatYouKill.java:186)
        at org.eclipse.jetty.util.thread.strategy.EatWhatYouKill.tryProduce(EatWhatYouKill.java:173)
        at org.eclipse.jetty.util.thread.strategy.EatWhatYouKill.produce(EatWhatYouKill.java:137)
        at org.eclipse.jetty.io.ManagedSelector$$Lambda$468/325488817.run(Unknown Source)
        at org.eclipse.jetty.util.thread.QueuedThreadPool.runJob(QueuedThreadPool.java:883)
        at org.eclipse.jetty.util.thread.QueuedThreadPool$Runner.run(QueuedThreadPool.java:1034)
        at java.lang.Thread.run(Thread.java:750)
"IPC Server handler 4 on default port 39295" daemon prio=5 tid=1286 timed_waiting
java.lang.Thread.State: TIMED_WAITING
        at sun.misc.Unsafe.park(Native Method)
        at java.util.concurrent.locks.LockSupport.parkNanos(LockSupport.java:215)
        at java.util.concurrent.locks.AbstractQueuedSynchronizer$ConditionObject.awaitNanos(AbstractQueuedSynchronizer.java:2078)
        at java.util.concurrent.LinkedBlockingQueue.poll(LinkedBlockingQueue.java:467)
        at org.apache.hadoop.ipc.CallQueueManager.take(CallQueueManager.java:317)
        at org.apache.hadoop.ipc.Server$Handler.run(Server.java:2942)
"Datanode ReportManager Thread - 0" daemon prio=5 tid=1432 in Object.wait()
java.lang.Thread.State: WAITING (on object monitor)
        at sun.misc.Unsafe.park(Native Method)
        at java.util.concurrent.locks.LockSupport.park(LockSupport.java:175)
        at java.util.concurrent.locks.AbstractQueuedSynchronizer$ConditionObject.await(AbstractQueuedSynchronizer.java:2039)
        at java.util.concurrent.ScheduledThreadPoolExecutor$DelayedWorkQueue.take(ScheduledThreadPoolExecutor.java:1088)
        at java.util.concurrent.ScheduledThreadPoolExecutor$DelayedWorkQueue.take(ScheduledThreadPoolExecutor.java:809)
        at java.util.concurrent.ThreadPoolExecutor.getTask(ThreadPoolExecutor.java:1074)
        at java.util.concurrent.ThreadPoolExecutor.runWorker(ThreadPoolExecutor.java:1134)
        at java.util.concurrent.ThreadPoolExecutor$Worker.run(ThreadPoolExecutor.java:624)
        at java.lang.Thread.run(Thread.java:750)
"Datanode ReportManager Thread - 4" daemon prio=5 tid=1353 in Object.wait()
java.lang.Thread.State: WAITING (on object monitor)
        at sun.misc.Unsafe.park(Native Method)
        at java.util.concurrent.locks.LockSupport.park(LockSupport.java:175)
        at java.util.concurrent.locks.AbstractQueuedSynchronizer$ConditionObject.await(AbstractQueuedSynchronizer.java:2039)
        at java.util.concurrent.ScheduledThreadPoolExecutor$DelayedWorkQueue.take(ScheduledThreadPoolExecutor.java:1088)
        at java.util.concurrent.ScheduledThreadPoolExecutor$DelayedWorkQueue.take(ScheduledThreadPoolExecutor.java:809)
        at java.util.concurrent.ThreadPoolExecutor.getTask(ThreadPoolExecutor.java:1074)
        at java.util.concurrent.ThreadPoolExecutor.runWorker(ThreadPoolExecutor.java:1134)
        at java.util.concurrent.ThreadPoolExecutor$Worker.run(ThreadPoolExecutor.java:624)
        at java.lang.Thread.run(Thread.java:750)
"72a8f579-b929-42a4-a748-3b6f638fc788@group-1926F592E147-LeaderStateImpl" daemon prio=5 tid=1694 timed_waiting
java.lang.Thread.State: TIMED_WAITING
        at sun.misc.Unsafe.park(Native Method)
        at java.util.concurrent.locks.LockSupport.parkNanos(LockSupport.java:215)
        at java.util.concurrent.locks.AbstractQueuedSynchronizer$ConditionObject.awaitNanos(AbstractQueuedSynchronizer.java:2078)
        at java.util.concurrent.ArrayBlockingQueue.poll(ArrayBlockingQueue.java:418)
        at org.apache.ratis.server.impl.LeaderStateImpl$EventQueue.poll(LeaderStateImpl.java:159)
        at org.apache.ratis.server.impl.LeaderStateImpl$EventProcessor.run(LeaderStateImpl.java:630)
"IPC Server handler 18 on default port 39295" daemon prio=5 tid=1300 timed_waiting
java.lang.Thread.State: TIMED_WAITING
        at sun.misc.Unsafe.park(Native Method)
        at java.util.concurrent.locks.LockSupport.parkNanos(LockSupport.java:215)
        at java.util.concurrent.locks.AbstractQueuedSynchronizer$ConditionObject.awaitNanos(AbstractQueuedSynchronizer.java:2078)
        at java.util.concurrent.LinkedBlockingQueue.poll(LinkedBlockingQueue.java:467)
        at org.apache.hadoop.ipc.CallQueueManager.take(CallQueueManager.java:317)
        at org.apache.hadoop.ipc.Server$Handler.run(Server.java:2942)
"om1-client-thread1" daemon prio=5 tid=1703 timed_waiting
java.lang.Thread.State: TIMED_WAITING
        at sun.misc.Unsafe.park(Native Method)
        at java.util.concurrent.locks.LockSupport.parkNanos(LockSupport.java:215)
        at java.util.concurrent.SynchronousQueue$TransferStack.awaitFulfill(SynchronousQueue.java:460)
        at java.util.concurrent.SynchronousQueue$TransferStack.transfer(SynchronousQueue.java:362)
        at java.util.concurrent.SynchronousQueue.poll(SynchronousQueue.java:941)
        at java.util.concurrent.ThreadPoolExecutor.getTask(ThreadPoolExecutor.java:1073)
        at java.util.concurrent.ThreadPoolExecutor.runWorker(ThreadPoolExecutor.java:1134)
        at java.util.concurrent.ThreadPoolExecutor$Worker.run(ThreadPoolExecutor.java:624)
        at java.lang.Thread.run(Thread.java:750)
"Periodic HDDS volume checker" daemon prio=5 tid=1385 timed_waiting
java.lang.Thread.State: TIMED_WAITING
        at sun.misc.Unsafe.park(Native Method)
        at java.util.concurrent.locks.LockSupport.parkNanos(LockSupport.java:215)
        at java.util.concurrent.locks.AbstractQueuedSynchronizer$ConditionObject.awaitNanos(AbstractQueuedSynchronizer.java:2078)
        at java.util.concurrent.ScheduledThreadPoolExecutor$DelayedWorkQueue.take(ScheduledThreadPoolExecutor.java:1093)
        at java.util.concurrent.ScheduledThreadPoolExecutor$DelayedWorkQueue.take(ScheduledThreadPoolExecutor.java:809)
        at java.util.concurrent.ThreadPoolExecutor.getTask(ThreadPoolExecutor.java:1074)
        at java.util.concurrent.ThreadPoolExecutor.runWorker(ThreadPoolExecutor.java:1134)
        at java.util.concurrent.ThreadPoolExecutor$Worker.run(ThreadPoolExecutor.java:624)
        at java.lang.Thread.run(Thread.java:750)
"IPC Server Responder" daemon prio=5 tid=1158 runnable
java.lang.Thread.State: RUNNABLE
        at sun.nio.ch.EPollArrayWrapper.epollWait(Native Method)
        at sun.nio.ch.EPollArrayWrapper.poll(EPollArrayWrapper.java:269)
        at sun.nio.ch.EPollSelectorImpl.doSelect(EPollSelectorImpl.java:93)
        at sun.nio.ch.SelectorImpl.lockAndDoSelect(SelectorImpl.java:86)
        at sun.nio.ch.SelectorImpl.select(SelectorImpl.java:97)
        at org.apache.hadoop.ipc.Server$Responder.doRunLoop(Server.java:1532)
        at org.apache.hadoop.ipc.Server$Responder.run(Server.java:1515)
"IPC Server handler 6 on default port 33985" daemon prio=5 tid=1185 timed_waiting
java.lang.Thread.State: TIMED_WAITING
        at sun.misc.Unsafe.park(Native Method)
        at java.util.concurrent.locks.LockSupport.parkNanos(LockSupport.java:215)
        at java.util.concurrent.locks.AbstractQueuedSynchronizer$ConditionObject.awaitNanos(AbstractQueuedSynchronizer.java:2078)
        at java.util.concurrent.LinkedBlockingQueue.poll(LinkedBlockingQueue.java:467)
        at org.apache.hadoop.ipc.CallQueueManager.take(CallQueueManager.java:317)
        at org.apache.hadoop.ipc.Server$Handler.run(Server.java:2942)
"grpc-default-worker-ELG-5-2" daemon prio=5 tid=957 runnable
java.lang.Thread.State: RUNNABLE
        at org.apache.ratis.thirdparty.io.netty.channel.epoll.Native.epollWait0(Native Method)
        at org.apache.ratis.thirdparty.io.netty.channel.epoll.Native.epollWait(Native.java:182)
        at org.apache.ratis.thirdparty.io.netty.channel.epoll.EpollEventLoop.epollWait(EpollEventLoop.java:290)
        at org.apache.ratis.thirdparty.io.netty.channel.epoll.EpollEventLoop.run(EpollEventLoop.java:354)
        at org.apache.ratis.thirdparty.io.netty.util.concurrent.SingleThreadEventExecutor$4.run(SingleThreadEventExecutor.java:995)
        at org.apache.ratis.thirdparty.io.netty.util.internal.ThreadExecutorMap$2.run(ThreadExecutorMap.java:74)
        at org.apache.ratis.thirdparty.io.netty.util.concurrent.FastThreadLocalRunnable.run(FastThreadLocalRunnable.java:30)
        at java.lang.Thread.run(Thread.java:750)
"ChunkWriter-0-0" daemon prio=5 tid=1482 in Object.wait()
java.lang.Thread.State: WAITING (on object monitor)
        at sun.misc.Unsafe.park(Native Method)
        at java.util.concurrent.locks.LockSupport.park(LockSupport.java:175)
        at java.util.concurrent.locks.AbstractQueuedSynchronizer$ConditionObject.await(AbstractQueuedSynchronizer.java:2039)
        at java.util.concurrent.LinkedBlockingDeque.takeFirst(LinkedBlockingDeque.java:492)
        at java.util.concurrent.LinkedBlockingDeque.take(LinkedBlockingDeque.java:680)
        at java.util.concurrent.ThreadPoolExecutor.getTask(ThreadPoolExecutor.java:1074)
        at java.util.concurrent.ThreadPoolExecutor.runWorker(ThreadPoolExecutor.java:1134)
        at java.util.concurrent.ThreadPoolExecutor$Worker.run(ThreadPoolExecutor.java:624)
        at java.lang.Thread.run(Thread.java:750)
"IPC Server handler 7 on default port 33985" daemon prio=5 tid=1186 timed_waiting
java.lang.Thread.State: TIMED_WAITING
        at sun.misc.Unsafe.park(Native Method)
        at java.util.concurrent.locks.LockSupport.parkNanos(LockSupport.java:215)
        at java.util.concurrent.locks.AbstractQueuedSynchronizer$ConditionObject.awaitNanos(AbstractQueuedSynchronizer.java:2078)
        at java.util.concurrent.LinkedBlockingQueue.poll(LinkedBlockingQueue.java:467)
        at org.apache.hadoop.ipc.CallQueueManager.take(CallQueueManager.java:317)
        at org.apache.hadoop.ipc.Server$Handler.run(Server.java:2942)
"pool-656-thread-1"  prio=5 tid=1583 in Object.wait()
java.lang.Thread.State: WAITING (on object monitor)
        at sun.misc.Unsafe.park(Native Method)
        at java.util.concurrent.locks.LockSupport.park(LockSupport.java:175)
        at java.util.concurrent.locks.AbstractQueuedSynchronizer$ConditionObject.await(AbstractQueuedSynchronizer.java:2039)
        at java.util.concurrent.LinkedBlockingQueue.take(LinkedBlockingQueue.java:442)
        at java.util.concurrent.ThreadPoolExecutor.getTask(ThreadPoolExecutor.java:1074)
        at java.util.concurrent.ThreadPoolExecutor.runWorker(ThreadPoolExecutor.java:1134)
        at java.util.concurrent.ThreadPoolExecutor$Worker.run(ThreadPoolExecutor.java:624)
        at java.lang.Thread.run(Thread.java:750)
"ChunkWriter-3-0" daemon prio=5 tid=1533 in Object.wait()
java.lang.Thread.State: WAITING (on object monitor)
        at sun.misc.Unsafe.park(Native Method)
        at java.util.concurrent.locks.LockSupport.park(LockSupport.java:175)
        at java.util.concurrent.locks.AbstractQueuedSynchronizer$ConditionObject.await(AbstractQueuedSynchronizer.java:2039)
        at java.util.concurrent.LinkedBlockingDeque.takeFirst(LinkedBlockingDeque.java:492)
        at java.util.concurrent.LinkedBlockingDeque.take(LinkedBlockingDeque.java:680)
        at java.util.concurrent.ThreadPoolExecutor.getTask(ThreadPoolExecutor.java:1074)
        at java.util.concurrent.ThreadPoolExecutor.runWorker(ThreadPoolExecutor.java:1134)
        at java.util.concurrent.ThreadPoolExecutor$Worker.run(ThreadPoolExecutor.java:624)
        at java.lang.Thread.run(Thread.java:750)
"qtp101162911-1316" daemon prio=5 tid=1316 timed_waiting
java.lang.Thread.State: TIMED_WAITING
        at sun.misc.Unsafe.park(Native Method)
        at java.util.concurrent.locks.LockSupport.parkNanos(LockSupport.java:215)
        at java.util.concurrent.locks.AbstractQueuedSynchronizer$ConditionObject.awaitNanos(AbstractQueuedSynchronizer.java:2078)
        at org.eclipse.jetty.util.BlockingArrayQueue.poll(BlockingArrayQueue.java:382)
        at org.eclipse.jetty.util.thread.QueuedThreadPool$Runner.idleJobPoll(QueuedThreadPool.java:974)
        at org.eclipse.jetty.util.thread.QueuedThreadPool$Runner.run(QueuedThreadPool.java:1018)
        at java.lang.Thread.run(Thread.java:750)
"ChunkWriter-3-0" daemon prio=5 tid=1485 in Object.wait()
java.lang.Thread.State: WAITING (on object monitor)
        at sun.misc.Unsafe.park(Native Method)
        at java.util.concurrent.locks.LockSupport.park(LockSupport.java:175)
        at java.util.concurrent.locks.AbstractQueuedSynchronizer$ConditionObject.await(AbstractQueuedSynchronizer.java:2039)
        at java.util.concurrent.LinkedBlockingDeque.takeFirst(LinkedBlockingDeque.java:492)
        at java.util.concurrent.LinkedBlockingDeque.take(LinkedBlockingDeque.java:680)
        at java.util.concurrent.ThreadPoolExecutor.getTask(ThreadPoolExecutor.java:1074)
        at java.util.concurrent.ThreadPoolExecutor.runWorker(ThreadPoolExecutor.java:1134)
        at java.util.concurrent.ThreadPoolExecutor$Worker.run(ThreadPoolExecutor.java:624)
        at java.lang.Thread.run(Thread.java:750)
"pool-587-thread-1"  prio=5 tid=1552 in Object.wait()
java.lang.Thread.State: WAITING (on object monitor)
        at sun.misc.Unsafe.park(Native Method)
        at java.util.concurrent.locks.LockSupport.park(LockSupport.java:175)
        at java.util.concurrent.locks.AbstractQueuedSynchronizer$ConditionObject.await(AbstractQueuedSynchronizer.java:2039)
        at java.util.concurrent.LinkedBlockingQueue.take(LinkedBlockingQueue.java:442)
        at java.util.concurrent.ThreadPoolExecutor.getTask(ThreadPoolExecutor.java:1074)
        at java.util.concurrent.ThreadPoolExecutor.runWorker(ThreadPoolExecutor.java:1134)
        at java.util.concurrent.ThreadPoolExecutor$Worker.run(ThreadPoolExecutor.java:624)
        at java.lang.Thread.run(Thread.java:750)
"pool-580-thread-1" daemon prio=5 tid=1360 timed_waiting
java.lang.Thread.State: TIMED_WAITING
        at sun.misc.Unsafe.park(Native Method)
        at java.util.concurrent.locks.LockSupport.parkNanos(LockSupport.java:215)
        at java.util.concurrent.locks.AbstractQueuedSynchronizer$ConditionObject.awaitNanos(AbstractQueuedSynchronizer.java:2078)
        at java.util.concurrent.ScheduledThreadPoolExecutor$DelayedWorkQueue.take(ScheduledThreadPoolExecutor.java:1093)
        at java.util.concurrent.ScheduledThreadPoolExecutor$DelayedWorkQueue.take(ScheduledThreadPoolExecutor.java:809)
        at java.util.concurrent.ThreadPoolExecutor.getTask(ThreadPoolExecutor.java:1074)
        at java.util.concurrent.ThreadPoolExecutor.runWorker(ThreadPoolExecutor.java:1134)
        at java.util.concurrent.ThreadPoolExecutor$Worker.run(ThreadPoolExecutor.java:624)
        at java.lang.Thread.run(Thread.java:750)
"f143390d-7c87-4621-8359-d245efaa75b3@group-1926F592E147-FollowerState" daemon prio=5 tid=1692 timed_waiting
java.lang.Thread.State: TIMED_WAITING
        at java.lang.Thread.sleep(Native Method)
        at java.lang.Thread.sleep(Thread.java:342)
        at java.util.concurrent.TimeUnit.sleep(TimeUnit.java:386)
        at org.apache.ratis.util.TimeDuration.sleep(TimeDuration.java:325)
        at org.apache.ratis.util.TimeDuration.sleep(TimeDuration.java:310)
        at org.apache.ratis.server.impl.FollowerState.run(FollowerState.java:128)
"IPC Server handler 19 on default port 33985" daemon prio=5 tid=1198 timed_waiting
java.lang.Thread.State: TIMED_WAITING
        at sun.misc.Unsafe.park(Native Method)
        at java.util.concurrent.locks.LockSupport.parkNanos(LockSupport.java:215)
        at java.util.concurrent.locks.AbstractQueuedSynchronizer$ConditionObject.awaitNanos(AbstractQueuedSynchronizer.java:2078)
        at java.util.concurrent.LinkedBlockingQueue.poll(LinkedBlockingQueue.java:467)
        at org.apache.hadoop.ipc.CallQueueManager.take(CallQueueManager.java:317)
        at org.apache.hadoop.ipc.Server$Handler.run(Server.java:2942)
"FixedThreadPoolWithAffinityExecutor-1-0" daemon prio=5 tid=1168 timed_waiting
java.lang.Thread.State: TIMED_WAITING
        at sun.misc.Unsafe.park(Native Method)
        at java.util.concurrent.locks.LockSupport.parkNanos(LockSupport.java:215)
        at java.util.concurrent.locks.AbstractQueuedSynchronizer$ConditionObject.awaitNanos(AbstractQueuedSynchronizer.java:2078)
        at java.util.concurrent.LinkedBlockingQueue.poll(LinkedBlockingQueue.java:467)
        at org.apache.hadoop.hdds.scm.server.ContainerReportQueue.poll(ContainerReportQueue.java:266)
        at org.apache.hadoop.hdds.scm.server.ContainerReportQueue.poll(ContainerReportQueue.java:42)
        at org.apache.hadoop.hdds.server.events.FixedThreadPoolWithAffinityExecutor$ContainerReportProcessTask.run(FixedThreadPoolWithAffinityExecutor.java:247)
        at java.util.concurrent.Executors$RunnableAdapter.call(Executors.java:511)
        at java.util.concurrent.FutureTask.run(FutureTask.java:266)
        at java.util.concurrent.ThreadPoolExecutor.runWorker(ThreadPoolExecutor.java:1149)
        at java.util.concurrent.ThreadPoolExecutor$Worker.run(ThreadPoolExecutor.java:624)
        at java.lang.Thread.run(Thread.java:750)
"IPC Server handler 11 on default port 43047" daemon prio=5 tid=1230 timed_waiting
java.lang.Thread.State: TIMED_WAITING
        at sun.misc.Unsafe.park(Native Method)
        at java.util.concurrent.locks.LockSupport.parkNanos(LockSupport.java:215)
        at java.util.concurrent.locks.AbstractQueuedSynchronizer$ConditionObject.awaitNanos(AbstractQueuedSynchronizer.java:2078)
        at java.util.concurrent.LinkedBlockingQueue.poll(LinkedBlockingQueue.java:467)
        at org.apache.hadoop.ipc.CallQueueManager.take(CallQueueManager.java:317)
        at org.apache.hadoop.ipc.Server$Handler.run(Server.java:2942)
"EndpointStateMachine task thread for /0.0.0.0:43047 - 0 "  prio=5 tid=1505 in Object.wait()
java.lang.Thread.State: WAITING (on object monitor)
        at sun.misc.Unsafe.park(Native Method)
        at java.util.concurrent.locks.LockSupport.park(LockSupport.java:175)
        at java.util.concurrent.locks.AbstractQueuedSynchronizer$ConditionObject.await(AbstractQueuedSynchronizer.java:2039)
        at java.util.concurrent.LinkedBlockingQueue.take(LinkedBlockingQueue.java:442)
        at java.util.concurrent.ThreadPoolExecutor.getTask(ThreadPoolExecutor.java:1074)
        at java.util.concurrent.ThreadPoolExecutor.runWorker(ThreadPoolExecutor.java:1134)
        at java.util.concurrent.ThreadPoolExecutor$Worker.run(ThreadPoolExecutor.java:624)
        at java.lang.Thread.run(Thread.java:750)
"qtp2046616631-1453" daemon prio=5 tid=1453 timed_waiting
java.lang.Thread.State: TIMED_WAITING
        at sun.misc.Unsafe.park(Native Method)
        at java.util.concurrent.locks.LockSupport.parkNanos(LockSupport.java:215)
        at java.util.concurrent.locks.AbstractQueuedSynchronizer$ConditionObject.awaitNanos(AbstractQueuedSynchronizer.java:2078)
        at org.eclipse.jetty.util.BlockingArrayQueue.poll(BlockingArrayQueue.java:382)
        at org.eclipse.jetty.util.thread.QueuedThreadPool$Runner.idleJobPoll(QueuedThreadPool.java:974)
        at org.eclipse.jetty.util.thread.QueuedThreadPool$Runner.run(QueuedThreadPool.java:1018)
        at java.lang.Thread.run(Thread.java:750)
"qtp264282319-1244" daemon prio=5 tid=1244 timed_waiting
java.lang.Thread.State: TIMED_WAITING
        at sun.misc.Unsafe.park(Native Method)
        at java.util.concurrent.locks.LockSupport.parkNanos(LockSupport.java:215)
        at java.util.concurrent.locks.AbstractQueuedSynchronizer$ConditionObject.awaitNanos(AbstractQueuedSynchronizer.java:2078)
        at org.eclipse.jetty.util.BlockingArrayQueue.poll(BlockingArrayQueue.java:382)
        at org.eclipse.jetty.util.thread.QueuedThreadPool$Runner.idleJobPoll(QueuedThreadPool.java:974)
        at org.eclipse.jetty.util.thread.QueuedThreadPool$Runner.run(QueuedThreadPool.java:1018)
        at java.lang.Thread.run(Thread.java:750)
"Session-HouseKeeper-28c946bf-1"  prio=5 tid=1374 timed_waiting
java.lang.Thread.State: TIMED_WAITING
        at sun.misc.Unsafe.park(Native Method)
        at java.util.concurrent.locks.LockSupport.parkNanos(LockSupport.java:215)
        at java.util.concurrent.locks.AbstractQueuedSynchronizer$ConditionObject.awaitNanos(AbstractQueuedSynchronizer.java:2078)
        at java.util.concurrent.ScheduledThreadPoolExecutor$DelayedWorkQueue.take(ScheduledThreadPoolExecutor.java:1093)
        at java.util.concurrent.ScheduledThreadPoolExecutor$DelayedWorkQueue.take(ScheduledThreadPoolExecutor.java:809)
        at java.util.concurrent.ThreadPoolExecutor.getTask(ThreadPoolExecutor.java:1074)
        at java.util.concurrent.ThreadPoolExecutor.runWorker(ThreadPoolExecutor.java:1134)
        at java.util.concurrent.ThreadPoolExecutor$Worker.run(ThreadPoolExecutor.java:624)
        at java.lang.Thread.run(Thread.java:750)
"qtp1277859572-1425" daemon prio=5 tid=1425 timed_waiting
java.lang.Thread.State: TIMED_WAITING
        at sun.misc.Unsafe.park(Native Method)
        at java.util.concurrent.locks.LockSupport.parkNanos(LockSupport.java:215)
        at java.util.concurrent.locks.AbstractQueuedSynchronizer$ConditionObject.awaitNanos(AbstractQueuedSynchronizer.java:2078)
        at org.eclipse.jetty.util.BlockingArrayQueue.poll(BlockingArrayQueue.java:382)
        at org.eclipse.jetty.util.thread.QueuedThreadPool$Runner.idleJobPoll(QueuedThreadPool.java:974)
        at org.eclipse.jetty.util.thread.QueuedThreadPool$Runner.run(QueuedThreadPool.java:1018)
        at java.lang.Thread.run(Thread.java:750)
"Socket Reader #1 for port 0"  prio=5 tid=1164 runnable
java.lang.Thread.State: RUNNABLE
        at sun.nio.ch.EPollArrayWrapper.epollWait(Native Method)
        at sun.nio.ch.EPollArrayWrapper.poll(EPollArrayWrapper.java:269)
        at sun.nio.ch.EPollSelectorImpl.doSelect(EPollSelectorImpl.java:93)
        at sun.nio.ch.SelectorImpl.lockAndDoSelect(SelectorImpl.java:86)
        at sun.nio.ch.SelectorImpl.select(SelectorImpl.java:97)
        at sun.nio.ch.SelectorImpl.select(SelectorImpl.java:101)
        at org.apache.hadoop.ipc.Server$Listener$Reader.doRunLoop(Server.java:1296)
        at org.apache.hadoop.ipc.Server$Listener$Reader.run(Server.java:1275)
"IPC Parameter Sending Thread #0" daemon prio=5 tid=123 timed_waiting
java.lang.Thread.State: TIMED_WAITING
        at sun.misc.Unsafe.park(Native Method)
        at java.util.concurrent.locks.LockSupport.parkNanos(LockSupport.java:215)
        at java.util.concurrent.SynchronousQueue$TransferStack.awaitFulfill(SynchronousQueue.java:460)
        at java.util.concurrent.SynchronousQueue$TransferStack.transfer(SynchronousQueue.java:362)
        at java.util.concurrent.SynchronousQueue.poll(SynchronousQueue.java:941)
        at java.util.concurrent.ThreadPoolExecutor.getTask(ThreadPoolExecutor.java:1073)
        at java.util.concurrent.ThreadPoolExecutor.runWorker(ThreadPoolExecutor.java:1134)
        at java.util.concurrent.ThreadPoolExecutor$Worker.run(ThreadPoolExecutor.java:624)
        at java.lang.Thread.run(Thread.java:750)
"EventQueue-PipelineReportForOneReplicaPipelineSafeModeRule" daemon prio=5 tid=1543 in Object.wait()
java.lang.Thread.State: WAITING (on object monitor)
        at sun.misc.Unsafe.park(Native Method)
        at java.util.concurrent.locks.LockSupport.park(LockSupport.java:175)
        at java.util.concurrent.locks.AbstractQueuedSynchronizer$ConditionObject.await(AbstractQueuedSynchronizer.java:2039)
        at java.util.concurrent.LinkedBlockingQueue.take(LinkedBlockingQueue.java:442)
        at java.util.concurrent.ThreadPoolExecutor.getTask(ThreadPoolExecutor.java:1074)
        at java.util.concurrent.ThreadPoolExecutor.runWorker(ThreadPoolExecutor.java:1134)
        at java.util.concurrent.ThreadPoolExecutor$Worker.run(ThreadPoolExecutor.java:624)
        at java.lang.Thread.run(Thread.java:750)
"156d136a-08eb-462a-8e45-2bca38fc9d49@group-1926F592E147-StateMachineUpdater" daemon prio=5 tid=1577 timed_waiting
java.lang.Thread.State: TIMED_WAITING
        at sun.misc.Unsafe.park(Native Method)
        at java.util.concurrent.locks.LockSupport.parkNanos(LockSupport.java:215)
        at java.util.concurrent.locks.AbstractQueuedSynchronizer$ConditionObject.await(AbstractQueuedSynchronizer.java:2163)
        at org.apache.ratis.util.AwaitForSignal.await(AwaitForSignal.java:62)
        at org.apache.ratis.server.impl.StateMachineUpdater.waitForCommit(StateMachineUpdater.java:207)
        at org.apache.ratis.server.impl.StateMachineUpdater.run(StateMachineUpdater.java:176)
        at java.lang.Thread.run(Thread.java:750)
"timer7" daemon prio=5 tid=538 timed_waiting
java.lang.Thread.State: TIMED_WAITING
        at java.lang.Object.wait(Native Method)
        at java.util.TimerThread.mainLoop(Timer.java:552)
        at java.util.TimerThread.run(Timer.java:505)
"timer4" daemon prio=5 tid=517 timed_waiting
java.lang.Thread.State: TIMED_WAITING
        at java.lang.Object.wait(Native Method)
        at java.util.TimerThread.mainLoop(Timer.java:552)
        at java.util.TimerThread.run(Timer.java:505)
"qtp2046616631-1456" daemon prio=5 tid=1456 timed_waiting
java.lang.Thread.State: TIMED_WAITING
        at sun.misc.Unsafe.park(Native Method)
        at java.util.concurrent.locks.LockSupport.parkNanos(LockSupport.java:215)
        at java.util.concurrent.locks.AbstractQueuedSynchronizer$ConditionObject.awaitNanos(AbstractQueuedSynchronizer.java:2078)
        at org.eclipse.jetty.util.BlockingArrayQueue.poll(BlockingArrayQueue.java:382)
        at org.eclipse.jetty.util.thread.QueuedThreadPool$Runner.idleJobPoll(QueuedThreadPool.java:974)
        at org.eclipse.jetty.util.thread.QueuedThreadPool$Runner.run(QueuedThreadPool.java:1018)
        at java.lang.Thread.run(Thread.java:750)
"qtp264282319-1248" daemon prio=5 tid=1248 timed_waiting
java.lang.Thread.State: TIMED_WAITING
        at sun.misc.Unsafe.park(Native Method)
        at java.util.concurrent.locks.LockSupport.parkNanos(LockSupport.java:215)
        at java.util.concurrent.locks.AbstractQueuedSynchronizer$ConditionObject.awaitNanos(AbstractQueuedSynchronizer.java:2078)
        at org.eclipse.jetty.util.BlockingArrayQueue.poll(BlockingArrayQueue.java:382)
        at org.eclipse.jetty.util.thread.QueuedThreadPool$Runner.idleJobPoll(QueuedThreadPool.java:974)
        at org.eclipse.jetty.util.thread.QueuedThreadPool$Runner.run(QueuedThreadPool.java:1018)
        at java.lang.Thread.run(Thread.java:750)
"IPC Server handler 7 on default port 43047" daemon prio=5 tid=1226 timed_waiting
java.lang.Thread.State: TIMED_WAITING
        at sun.misc.Unsafe.park(Native Method)
        at java.util.concurrent.locks.LockSupport.parkNanos(LockSupport.java:215)
        at java.util.concurrent.locks.AbstractQueuedSynchronizer$ConditionObject.awaitNanos(AbstractQueuedSynchronizer.java:2078)
        at java.util.concurrent.LinkedBlockingQueue.poll(LinkedBlockingQueue.java:467)
        at org.apache.hadoop.ipc.CallQueueManager.take(CallQueueManager.java:317)
        at org.apache.hadoop.ipc.Server$Handler.run(Server.java:2942)
"pool-573-thread-1"  prio=5 tid=1338 timed_waiting
java.lang.Thread.State: TIMED_WAITING
        at sun.misc.Unsafe.park(Native Method)
        at java.util.concurrent.locks.LockSupport.parkNanos(LockSupport.java:215)
        at java.util.concurrent.locks.AbstractQueuedSynchronizer$ConditionObject.awaitNanos(AbstractQueuedSynchronizer.java:2078)
        at java.util.concurrent.ScheduledThreadPoolExecutor$DelayedWorkQueue.take(ScheduledThreadPoolExecutor.java:1093)
        at java.util.concurrent.ScheduledThreadPoolExecutor$DelayedWorkQueue.take(ScheduledThreadPoolExecutor.java:809)
        at java.util.concurrent.ThreadPoolExecutor.getTask(ThreadPoolExecutor.java:1074)
        at java.util.concurrent.ThreadPoolExecutor.runWorker(ThreadPoolExecutor.java:1134)
        at java.util.concurrent.ThreadPoolExecutor$Worker.run(ThreadPoolExecutor.java:624)
        at java.lang.Thread.run(Thread.java:750)
"timer1" daemon prio=5 tid=512 timed_waiting
java.lang.Thread.State: TIMED_WAITING
        at java.lang.Object.wait(Native Method)
        at java.util.TimerThread.mainLoop(Timer.java:552)
        at java.util.TimerThread.run(Timer.java:505)
"JvmPauseMonitor15" daemon prio=5 tid=1510 timed_waiting
java.lang.Thread.State: TIMED_WAITING
        at java.lang.Thread.sleep(Native Method)
        at java.lang.Thread.sleep(Thread.java:342)
        at java.util.concurrent.TimeUnit.sleep(TimeUnit.java:386)
        at org.apache.ratis.util.TimeDuration.sleep(TimeDuration.java:325)
        at org.apache.ratis.util.TimeDuration.sleep(TimeDuration.java:310)
        at org.apache.ratis.util.JvmPauseMonitor.detectPause(JvmPauseMonitor.java:119)
        at org.apache.ratis.util.JvmPauseMonitor.run(JvmPauseMonitor.java:108)
        at org.apache.ratis.util.JvmPauseMonitor$$Lambda$749/1985309092.run(Unknown Source)
        at java.lang.Thread.run(Thread.java:750)
"Datanode ReportManager Thread - 2" daemon prio=5 tid=1378 in Object.wait()
java.lang.Thread.State: WAITING (on object monitor)
        at sun.misc.Unsafe.park(Native Method)
        at java.util.concurrent.locks.LockSupport.park(LockSupport.java:175)
        at java.util.concurrent.locks.AbstractQueuedSynchronizer$ConditionObject.await(AbstractQueuedSynchronizer.java:2039)
        at java.util.concurrent.ScheduledThreadPoolExecutor$DelayedWorkQueue.take(ScheduledThreadPoolExecutor.java:1088)
        at java.util.concurrent.ScheduledThreadPoolExecutor$DelayedWorkQueue.take(ScheduledThreadPoolExecutor.java:809)
        at java.util.concurrent.ThreadPoolExecutor.getTask(ThreadPoolExecutor.java:1074)
        at java.util.concurrent.ThreadPoolExecutor.runWorker(ThreadPoolExecutor.java:1134)
        at java.util.concurrent.ThreadPoolExecutor$Worker.run(ThreadPoolExecutor.java:624)
        at java.lang.Thread.run(Thread.java:750)
"junit-jupiter-timeout-watcher"  prio=10 tid=12 timed_waiting
java.lang.Thread.State: TIMED_WAITING
        at sun.misc.Unsafe.park(Native Method)
        at java.util.concurrent.locks.LockSupport.parkNanos(LockSupport.java:215)
        at java.util.concurrent.locks.AbstractQueuedSynchronizer$ConditionObject.awaitNanos(AbstractQueuedSynchronizer.java:2078)
        at java.util.concurrent.ScheduledThreadPoolExecutor$DelayedWorkQueue.take(ScheduledThreadPoolExecutor.java:1093)
        at java.util.concurrent.ScheduledThreadPoolExecutor$DelayedWorkQueue.take(ScheduledThreadPoolExecutor.java:809)
        at java.util.concurrent.ThreadPoolExecutor.getTask(ThreadPoolExecutor.java:1074)
        at java.util.concurrent.ThreadPoolExecutor.runWorker(ThreadPoolExecutor.java:1134)
        at java.util.concurrent.ThreadPoolExecutor$Worker.run(ThreadPoolExecutor.java:624)
        at java.lang.Thread.run(Thread.java:750)
"Datanode State Machine Task Thread - 0"  prio=5 tid=1466 in Object.wait()
java.lang.Thread.State: WAITING (on object monitor)
        at sun.misc.Unsafe.park(Native Method)
        at java.util.concurrent.locks.LockSupport.park(LockSupport.java:175)
        at java.util.concurrent.locks.AbstractQueuedSynchronizer$ConditionObject.await(AbstractQueuedSynchronizer.java:2039)
        at java.util.concurrent.LinkedBlockingQueue.take(LinkedBlockingQueue.java:442)
        at java.util.concurrent.ThreadPoolExecutor.getTask(ThreadPoolExecutor.java:1074)
        at java.util.concurrent.ThreadPoolExecutor.runWorker(ThreadPoolExecutor.java:1134)
        at java.util.concurrent.ThreadPoolExecutor$Worker.run(ThreadPoolExecutor.java:624)
        at java.lang.Thread.run(Thread.java:750)
"BlockDeletingService#1" daemon prio=5 tid=1502 timed_waiting
java.lang.Thread.State: TIMED_WAITING
        at sun.misc.Unsafe.park(Native Method)
        at java.util.concurrent.locks.LockSupport.parkNanos(LockSupport.java:215)
        at java.util.concurrent.locks.AbstractQueuedSynchronizer$ConditionObject.awaitNanos(AbstractQueuedSynchronizer.java:2078)
        at java.util.concurrent.ScheduledThreadPoolExecutor$DelayedWorkQueue.take(ScheduledThreadPoolExecutor.java:1093)
        at java.util.concurrent.ScheduledThreadPoolExecutor$DelayedWorkQueue.take(ScheduledThreadPoolExecutor.java:809)
        at java.util.concurrent.ThreadPoolExecutor.getTask(ThreadPoolExecutor.java:1074)
        at java.util.concurrent.ThreadPoolExecutor.runWorker(ThreadPoolExecutor.java:1134)
        at java.util.concurrent.ThreadPoolExecutor$Worker.run(ThreadPoolExecutor.java:624)
        at java.lang.Thread.run(Thread.java:750)
"om1@group-C5BA1605619E-StateMachineUpdater" daemon prio=5 tid=1266 timed_waiting
java.lang.Thread.State: TIMED_WAITING
        at sun.misc.Unsafe.park(Native Method)
        at java.util.concurrent.locks.LockSupport.parkNanos(LockSupport.java:215)
        at java.util.concurrent.locks.AbstractQueuedSynchronizer$ConditionObject.await(AbstractQueuedSynchronizer.java:2163)
        at org.apache.ratis.util.AwaitForSignal.await(AwaitForSignal.java:62)
        at org.apache.ratis.server.impl.StateMachineUpdater.waitForCommit(StateMachineUpdater.java:207)
        at org.apache.ratis.server.impl.StateMachineUpdater.run(StateMachineUpdater.java:176)
        at java.lang.Thread.run(Thread.java:750)
"qtp264282319-1247" daemon prio=5 tid=1247 timed_waiting
java.lang.Thread.State: TIMED_WAITING
        at sun.misc.Unsafe.park(Native Method)
        at java.util.concurrent.locks.LockSupport.parkNanos(LockSupport.java:215)
        at java.util.concurrent.locks.AbstractQueuedSynchronizer$ConditionObject.awaitNanos(AbstractQueuedSynchronizer.java:2078)
        at org.eclipse.jetty.util.BlockingArrayQueue.poll(BlockingArrayQueue.java:382)
        at org.eclipse.jetty.util.thread.QueuedThreadPool$Runner.idleJobPoll(QueuedThreadPool.java:974)
        at org.eclipse.jetty.util.thread.QueuedThreadPool$Runner.run(QueuedThreadPool.java:1018)
        at java.lang.Thread.run(Thread.java:750)
"ChunkWriter-2-0" daemon prio=5 tid=1496 in Object.wait()
java.lang.Thread.State: WAITING (on object monitor)
        at sun.misc.Unsafe.park(Native Method)
        at java.util.concurrent.locks.LockSupport.park(LockSupport.java:175)
        at java.util.concurrent.locks.AbstractQueuedSynchronizer$ConditionObject.await(AbstractQueuedSynchronizer.java:2039)
        at java.util.concurrent.LinkedBlockingDeque.takeFirst(LinkedBlockingDeque.java:492)
        at java.util.concurrent.LinkedBlockingDeque.take(LinkedBlockingDeque.java:680)
        at java.util.concurrent.ThreadPoolExecutor.getTask(ThreadPoolExecutor.java:1074)
        at java.util.concurrent.ThreadPoolExecutor.runWorker(ThreadPoolExecutor.java:1134)
        at java.util.concurrent.ThreadPoolExecutor$Worker.run(ThreadPoolExecutor.java:624)
        at java.lang.Thread.run(Thread.java:750)
"EndpointStateMachine task thread for /0.0.0.0:43047 - 0 "  prio=5 tid=1468 in Object.wait()
java.lang.Thread.State: WAITING (on object monitor)
        at sun.misc.Unsafe.park(Native Method)
        at java.util.concurrent.locks.LockSupport.park(LockSupport.java:175)
        at java.util.concurrent.locks.AbstractQueuedSynchronizer$ConditionObject.await(AbstractQueuedSynchronizer.java:2039)
        at java.util.concurrent.LinkedBlockingQueue.take(LinkedBlockingQueue.java:442)
        at java.util.concurrent.ThreadPoolExecutor.getTask(ThreadPoolExecutor.java:1074)
        at java.util.concurrent.ThreadPoolExecutor.runWorker(ThreadPoolExecutor.java:1134)
        at java.util.concurrent.ThreadPoolExecutor$Worker.run(ThreadPoolExecutor.java:624)
        at java.lang.Thread.run(Thread.java:750)
"Datanode ReportManager Thread - 4" daemon prio=5 tid=1326 in Object.wait()
java.lang.Thread.State: WAITING (on object monitor)
        at sun.misc.Unsafe.park(Native Method)
        at java.util.concurrent.locks.LockSupport.park(LockSupport.java:175)
        at java.util.concurrent.locks.AbstractQueuedSynchronizer$ConditionObject.await(AbstractQueuedSynchronizer.java:2039)
        at java.util.concurrent.ScheduledThreadPoolExecutor$DelayedWorkQueue.take(ScheduledThreadPoolExecutor.java:1088)
        at java.util.concurrent.ScheduledThreadPoolExecutor$DelayedWorkQueue.take(ScheduledThreadPoolExecutor.java:809)
        at java.util.concurrent.ThreadPoolExecutor.getTask(ThreadPoolExecutor.java:1074)
        at java.util.concurrent.ThreadPoolExecutor.runWorker(ThreadPoolExecutor.java:1134)
        at java.util.concurrent.ThreadPoolExecutor$Worker.run(ThreadPoolExecutor.java:624)
        at java.lang.Thread.run(Thread.java:750)
"IPC Server handler 16 on default port 34917" daemon prio=5 tid=1215 timed_waiting
java.lang.Thread.State: TIMED_WAITING
        at sun.misc.Unsafe.park(Native Method)
        at java.util.concurrent.locks.LockSupport.parkNanos(LockSupport.java:215)
        at java.util.concurrent.locks.AbstractQueuedSynchronizer$ConditionObject.awaitNanos(AbstractQueuedSynchronizer.java:2078)
        at java.util.concurrent.LinkedBlockingQueue.poll(LinkedBlockingQueue.java:467)
        at org.apache.hadoop.ipc.CallQueueManager.take(CallQueueManager.java:317)
        at org.apache.hadoop.ipc.Server$Handler.run(Server.java:2942)
"BlockDeletingService#0" daemon prio=5 tid=1536 in Object.wait()
java.lang.Thread.State: WAITING (on object monitor)
        at sun.misc.Unsafe.park(Native Method)
        at java.util.concurrent.locks.LockSupport.park(LockSupport.java:175)
        at java.util.concurrent.locks.AbstractQueuedSynchronizer$ConditionObject.await(AbstractQueuedSynchronizer.java:2039)
        at java.util.concurrent.ScheduledThreadPoolExecutor$DelayedWorkQueue.take(ScheduledThreadPoolExecutor.java:1088)
        at java.util.concurrent.ScheduledThreadPoolExecutor$DelayedWorkQueue.take(ScheduledThreadPoolExecutor.java:809)
        at java.util.concurrent.ThreadPoolExecutor.getTask(ThreadPoolExecutor.java:1074)
        at java.util.concurrent.ThreadPoolExecutor.runWorker(ThreadPoolExecutor.java:1134)
        at java.util.concurrent.ThreadPoolExecutor$Worker.run(ThreadPoolExecutor.java:624)
        at java.lang.Thread.run(Thread.java:750)
"e72e8305-aa7c-42f4-a8e1-859d068dd798-NettyServerStreamRpc-bossGroup--thread1"  prio=5 tid=1086 runnable
java.lang.Thread.State: RUNNABLE
        at sun.nio.ch.EPollArrayWrapper.epollWait(Native Method)
        at sun.nio.ch.EPollArrayWrapper.poll(EPollArrayWrapper.java:269)
        at sun.nio.ch.EPollSelectorImpl.doSelect(EPollSelectorImpl.java:93)
        at sun.nio.ch.SelectorImpl.lockAndDoSelect(SelectorImpl.java:86)
        at sun.nio.ch.SelectorImpl.select(SelectorImpl.java:97)
        at sun.nio.ch.SelectorImpl.select(SelectorImpl.java:101)
        at org.apache.ratis.thirdparty.io.netty.channel.nio.SelectedSelectionKeySetSelector.select(SelectedSelectionKeySetSelector.java:68)
        at org.apache.ratis.thirdparty.io.netty.channel.nio.NioEventLoop.select(NioEventLoop.java:813)
        at org.apache.ratis.thirdparty.io.netty.channel.nio.NioEventLoop.run(NioEventLoop.java:460)
        at org.apache.ratis.thirdparty.io.netty.util.concurrent.SingleThreadEventExecutor$4.run(SingleThreadEventExecutor.java:995)
        at org.apache.ratis.thirdparty.io.netty.util.internal.ThreadExecutorMap$2.run(ThreadExecutorMap.java:74)
        at java.lang.Thread.run(Thread.java:750)
"Datanode ReportManager Thread - 2" daemon prio=5 tid=1434 in Object.wait()
java.lang.Thread.State: WAITING (on object monitor)
        at sun.misc.Unsafe.park(Native Method)
        at java.util.concurrent.locks.LockSupport.park(LockSupport.java:175)
        at java.util.concurrent.locks.AbstractQueuedSynchronizer$ConditionObject.await(AbstractQueuedSynchronizer.java:2039)
        at java.util.concurrent.ScheduledThreadPoolExecutor$DelayedWorkQueue.take(ScheduledThreadPoolExecutor.java:1088)
        at java.util.concurrent.ScheduledThreadPoolExecutor$DelayedWorkQueue.take(ScheduledThreadPoolExecutor.java:809)
        at java.util.concurrent.ThreadPoolExecutor.getTask(ThreadPoolExecutor.java:1074)
        at java.util.concurrent.ThreadPoolExecutor.runWorker(ThreadPoolExecutor.java:1134)
        at java.util.concurrent.ThreadPoolExecutor$Worker.run(ThreadPoolExecutor.java:624)
        at java.lang.Thread.run(Thread.java:750)
"BlockDeletingService#1" daemon prio=5 tid=1526 timed_waiting
java.lang.Thread.State: TIMED_WAITING
        at sun.misc.Unsafe.park(Native Method)
        at java.util.concurrent.locks.LockSupport.parkNanos(LockSupport.java:215)
        at java.util.concurrent.locks.AbstractQueuedSynchronizer$ConditionObject.awaitNanos(AbstractQueuedSynchronizer.java:2078)
        at java.util.concurrent.ScheduledThreadPoolExecutor$DelayedWorkQueue.take(ScheduledThreadPoolExecutor.java:1093)
        at java.util.concurrent.ScheduledThreadPoolExecutor$DelayedWorkQueue.take(ScheduledThreadPoolExecutor.java:809)
        at java.util.concurrent.ThreadPoolExecutor.getTask(ThreadPoolExecutor.java:1074)
        at java.util.concurrent.ThreadPoolExecutor.runWorker(ThreadPoolExecutor.java:1134)
        at java.util.concurrent.ThreadPoolExecutor$Worker.run(ThreadPoolExecutor.java:624)
        at java.lang.Thread.run(Thread.java:750)
"qtp101162911-1319" daemon prio=5 tid=1319 timed_waiting
java.lang.Thread.State: TIMED_WAITING
        at sun.misc.Unsafe.park(Native Method)
        at java.util.concurrent.locks.LockSupport.parkNanos(LockSupport.java:215)
        at java.util.concurrent.locks.AbstractQueuedSynchronizer$ConditionObject.awaitNanos(AbstractQueuedSynchronizer.java:2078)
        at org.eclipse.jetty.util.BlockingArrayQueue.poll(BlockingArrayQueue.java:382)
        at org.eclipse.jetty.util.thread.QueuedThreadPool$Runner.idleJobPoll(QueuedThreadPool.java:974)
        at org.eclipse.jetty.util.thread.QueuedThreadPool$Runner.run(QueuedThreadPool.java:1018)
        at java.lang.Thread.run(Thread.java:750)
"Datanode ReportManager Thread - 3" daemon prio=5 tid=1352 timed_waiting
java.lang.Thread.State: TIMED_WAITING
        at sun.misc.Unsafe.park(Native Method)
        at java.util.concurrent.locks.LockSupport.parkNanos(LockSupport.java:215)
        at java.util.concurrent.locks.AbstractQueuedSynchronizer$ConditionObject.awaitNanos(AbstractQueuedSynchronizer.java:2078)
        at java.util.concurrent.ScheduledThreadPoolExecutor$DelayedWorkQueue.take(ScheduledThreadPoolExecutor.java:1093)
        at java.util.concurrent.ScheduledThreadPoolExecutor$DelayedWorkQueue.take(ScheduledThreadPoolExecutor.java:809)
        at java.util.concurrent.ThreadPoolExecutor.getTask(ThreadPoolExecutor.java:1074)
        at java.util.concurrent.ThreadPoolExecutor.runWorker(ThreadPoolExecutor.java:1134)
        at java.util.concurrent.ThreadPoolExecutor$Worker.run(ThreadPoolExecutor.java:624)
        at java.lang.Thread.run(Thread.java:750)
"Datanode ReportManager Thread - 4" daemon prio=5 tid=1436 timed_waiting
java.lang.Thread.State: TIMED_WAITING
        at sun.misc.Unsafe.park(Native Method)
        at java.util.concurrent.locks.LockSupport.parkNanos(LockSupport.java:215)
        at java.util.concurrent.locks.AbstractQueuedSynchronizer$ConditionObject.awaitNanos(AbstractQueuedSynchronizer.java:2078)
        at java.util.concurrent.ScheduledThreadPoolExecutor$DelayedWorkQueue.take(ScheduledThreadPoolExecutor.java:1093)
        at java.util.concurrent.ScheduledThreadPoolExecutor$DelayedWorkQueue.take(ScheduledThreadPoolExecutor.java:809)
        at java.util.concurrent.ThreadPoolExecutor.getTask(ThreadPoolExecutor.java:1074)
        at java.util.concurrent.ThreadPoolExecutor.runWorker(ThreadPoolExecutor.java:1134)
        at java.util.concurrent.ThreadPoolExecutor$Worker.run(ThreadPoolExecutor.java:624)
        at java.lang.Thread.run(Thread.java:750)
"ChunkWriter-2-0" daemon prio=5 tid=1520 in Object.wait()
java.lang.Thread.State: WAITING (on object monitor)
        at sun.misc.Unsafe.park(Native Method)
        at java.util.concurrent.locks.LockSupport.park(LockSupport.java:175)
        at java.util.concurrent.locks.AbstractQueuedSynchronizer$ConditionObject.await(AbstractQueuedSynchronizer.java:2039)
        at java.util.concurrent.LinkedBlockingDeque.takeFirst(LinkedBlockingDeque.java:492)
        at java.util.concurrent.LinkedBlockingDeque.take(LinkedBlockingDeque.java:680)
        at java.util.concurrent.ThreadPoolExecutor.getTask(ThreadPoolExecutor.java:1074)
        at java.util.concurrent.ThreadPoolExecutor.runWorker(ThreadPoolExecutor.java:1134)
        at java.util.concurrent.ThreadPoolExecutor$Worker.run(ThreadPoolExecutor.java:624)
        at java.lang.Thread.run(Thread.java:750)
"StaleRecoveringContainerScrubbingService#0" daemon prio=5 tid=1477 in Object.wait()
java.lang.Thread.State: WAITING (on object monitor)
        at sun.misc.Unsafe.park(Native Method)
        at java.util.concurrent.locks.LockSupport.park(LockSupport.java:175)
        at java.util.concurrent.locks.AbstractQueuedSynchronizer$ConditionObject.await(AbstractQueuedSynchronizer.java:2039)
        at java.util.concurrent.ScheduledThreadPoolExecutor$DelayedWorkQueue.take(ScheduledThreadPoolExecutor.java:1088)
        at java.util.concurrent.ScheduledThreadPoolExecutor$DelayedWorkQueue.take(ScheduledThreadPoolExecutor.java:809)
        at java.util.concurrent.ThreadPoolExecutor.getTask(ThreadPoolExecutor.java:1074)
        at java.util.concurrent.ThreadPoolExecutor.runWorker(ThreadPoolExecutor.java:1134)
        at java.util.concurrent.ThreadPoolExecutor$Worker.run(ThreadPoolExecutor.java:624)
        at java.lang.Thread.run(Thread.java:750)
"IPC Server handler 19 on default port 43047" daemon prio=5 tid=1238 timed_waiting
java.lang.Thread.State: TIMED_WAITING
        at sun.misc.Unsafe.park(Native Method)
        at java.util.concurrent.locks.LockSupport.parkNanos(LockSupport.java:215)
        at java.util.concurrent.locks.AbstractQueuedSynchronizer$ConditionObject.awaitNanos(AbstractQueuedSynchronizer.java:2078)
        at java.util.concurrent.LinkedBlockingQueue.poll(LinkedBlockingQueue.java:467)
        at org.apache.hadoop.ipc.CallQueueManager.take(CallQueueManager.java:317)
        at org.apache.hadoop.ipc.Server$Handler.run(Server.java:2942)
"org.apache.hadoop.ozone.container.common.statemachine.commandhandler.DeleteBlocksCommandHandler$DeleteCmdWorker@3b4d0434" daemon prio=5 tid=1364 timed_waiting
java.lang.Thread.State: TIMED_WAITING
        at java.lang.Thread.sleep(Native Method)
        at org.apache.hadoop.ozone.container.common.statemachine.commandhandler.DeleteBlocksCommandHandler$DeleteCmdWorker.run(DeleteBlocksCommandHandler.java:184)
        at java.lang.Thread.run(Thread.java:750)
"Finalizer" daemon prio=8 tid=3 in Object.wait()
java.lang.Thread.State: WAITING (on object monitor)
        at java.lang.Object.wait(Native Method)
        at java.lang.ref.ReferenceQueue.remove(ReferenceQueue.java:144)
        at java.lang.ref.ReferenceQueue.remove(ReferenceQueue.java:165)
        at java.lang.ref.Finalizer$FinalizerThread.run(Finalizer.java:188)
"Datanode ReportManager Thread - 3" daemon prio=5 tid=1408 in Object.wait()
java.lang.Thread.State: WAITING (on object monitor)
        at sun.misc.Unsafe.park(Native Method)
        at java.util.concurrent.locks.LockSupport.park(LockSupport.java:175)
        at java.util.concurrent.locks.AbstractQueuedSynchronizer$ConditionObject.await(AbstractQueuedSynchronizer.java:2039)
        at java.util.concurrent.ScheduledThreadPoolExecutor$DelayedWorkQueue.take(ScheduledThreadPoolExecutor.java:1088)
        at java.util.concurrent.ScheduledThreadPoolExecutor$DelayedWorkQueue.take(ScheduledThreadPoolExecutor.java:809)
        at java.util.concurrent.ThreadPoolExecutor.getTask(ThreadPoolExecutor.java:1074)
        at java.util.concurrent.ThreadPoolExecutor.runWorker(ThreadPoolExecutor.java:1134)
        at java.util.concurrent.ThreadPoolExecutor$Worker.run(ThreadPoolExecutor.java:624)
        at java.lang.Thread.run(Thread.java:750)
"qtp264282319-1243-acceptor-0@794783db-ServerConnector@c3ff606{HTTP/1.1, (http/1.1)}{0.0.0.0:46633}" daemon prio=3 tid=1243 runnable
java.lang.Thread.State: RUNNABLE
        at sun.nio.ch.ServerSocketChannelImpl.accept0(Native Method)
        at sun.nio.ch.ServerSocketChannelImpl.accept(ServerSocketChannelImpl.java:421)
        at sun.nio.ch.ServerSocketChannelImpl.accept(ServerSocketChannelImpl.java:249)
        at org.eclipse.jetty.server.ServerConnector.accept(ServerConnector.java:388)
        at org.eclipse.jetty.server.AbstractConnector$Acceptor.run(AbstractConnector.java:704)
        at org.eclipse.jetty.util.thread.QueuedThreadPool.runJob(QueuedThreadPool.java:883)
        at org.eclipse.jetty.util.thread.QueuedThreadPool$Runner.run(QueuedThreadPool.java:1034)
        at java.lang.Thread.run(Thread.java:750)
"FixedThreadPoolWithAffinityExecutor-7-0" daemon prio=5 tid=1174 timed_waiting
java.lang.Thread.State: TIMED_WAITING
        at sun.misc.Unsafe.park(Native Method)
        at java.util.concurrent.locks.LockSupport.parkNanos(LockSupport.java:215)
        at java.util.concurrent.locks.AbstractQueuedSynchronizer$ConditionObject.awaitNanos(AbstractQueuedSynchronizer.java:2078)
        at java.util.concurrent.LinkedBlockingQueue.poll(LinkedBlockingQueue.java:467)
        at org.apache.hadoop.hdds.scm.server.ContainerReportQueue.poll(ContainerReportQueue.java:266)
        at org.apache.hadoop.hdds.scm.server.ContainerReportQueue.poll(ContainerReportQueue.java:42)
        at org.apache.hadoop.hdds.server.events.FixedThreadPoolWithAffinityExecutor$ContainerReportProcessTask.run(FixedThreadPoolWithAffinityExecutor.java:247)
        at java.util.concurrent.Executors$RunnableAdapter.call(Executors.java:511)
        at java.util.concurrent.FutureTask.run(FutureTask.java:266)
        at java.util.concurrent.ThreadPoolExecutor.runWorker(ThreadPoolExecutor.java:1149)
        at java.util.concurrent.ThreadPoolExecutor$Worker.run(ThreadPoolExecutor.java:624)
        at java.lang.Thread.run(Thread.java:750)
"Datanode ReportManager Thread - 4" daemon prio=5 tid=1380 timed_waiting
java.lang.Thread.State: TIMED_WAITING
        at sun.misc.Unsafe.park(Native Method)
        at java.util.concurrent.locks.LockSupport.parkNanos(LockSupport.java:215)
        at java.util.concurrent.locks.AbstractQueuedSynchronizer$ConditionObject.awaitNanos(AbstractQueuedSynchronizer.java:2078)
        at java.util.concurrent.ScheduledThreadPoolExecutor$DelayedWorkQueue.take(ScheduledThreadPoolExecutor.java:1093)
        at java.util.concurrent.ScheduledThreadPoolExecutor$DelayedWorkQueue.take(ScheduledThreadPoolExecutor.java:809)
        at java.util.concurrent.ThreadPoolExecutor.getTask(ThreadPoolExecutor.java:1074)
        at java.util.concurrent.ThreadPoolExecutor.runWorker(ThreadPoolExecutor.java:1134)
        at java.util.concurrent.ThreadPoolExecutor$Worker.run(ThreadPoolExecutor.java:624)
        at java.lang.Thread.run(Thread.java:750)
"JvmPauseMonitor14" daemon prio=5 tid=1498 timed_waiting
java.lang.Thread.State: TIMED_WAITING
        at java.lang.Thread.sleep(Native Method)
        at java.lang.Thread.sleep(Thread.java:342)
        at java.util.concurrent.TimeUnit.sleep(TimeUnit.java:386)
        at org.apache.ratis.util.TimeDuration.sleep(TimeDuration.java:325)
        at org.apache.ratis.util.TimeDuration.sleep(TimeDuration.java:310)
        at org.apache.ratis.util.JvmPauseMonitor.detectPause(JvmPauseMonitor.java:119)
        at org.apache.ratis.util.JvmPauseMonitor.run(JvmPauseMonitor.java:108)
        at org.apache.ratis.util.JvmPauseMonitor$$Lambda$749/1985309092.run(Unknown Source)
        at java.lang.Thread.run(Thread.java:750)
"Datanode ReportManager Thread - 0" daemon prio=5 tid=1322 in Object.wait()
java.lang.Thread.State: WAITING (on object monitor)
        at sun.misc.Unsafe.park(Native Method)
        at java.util.concurrent.locks.LockSupport.park(LockSupport.java:175)
        at java.util.concurrent.locks.AbstractQueuedSynchronizer$ConditionObject.await(AbstractQueuedSynchronizer.java:2039)
        at java.util.concurrent.ScheduledThreadPoolExecutor$DelayedWorkQueue.take(ScheduledThreadPoolExecutor.java:1088)
        at java.util.concurrent.ScheduledThreadPoolExecutor$DelayedWorkQueue.take(ScheduledThreadPoolExecutor.java:809)
        at java.util.concurrent.ThreadPoolExecutor.getTask(ThreadPoolExecutor.java:1074)
        at java.util.concurrent.ThreadPoolExecutor.runWorker(ThreadPoolExecutor.java:1134)
        at java.util.concurrent.ThreadPoolExecutor$Worker.run(ThreadPoolExecutor.java:624)
        at java.lang.Thread.run(Thread.java:750)
"IPC Server handler 13 on default port 34917" daemon prio=5 tid=1212 timed_waiting
java.lang.Thread.State: TIMED_WAITING
        at sun.misc.Unsafe.park(Native Method)
        at java.util.concurrent.locks.LockSupport.parkNanos(LockSupport.java:215)
        at java.util.concurrent.locks.AbstractQueuedSynchronizer$ConditionObject.awaitNanos(AbstractQueuedSynchronizer.java:2078)
        at java.util.concurrent.LinkedBlockingQueue.poll(LinkedBlockingQueue.java:467)
        at org.apache.hadoop.ipc.CallQueueManager.take(CallQueueManager.java:317)
        at org.apache.hadoop.ipc.Server$Handler.run(Server.java:2942)
"Timer for 'StorageContainerManager' metrics system" daemon prio=5 tid=1177 timed_waiting
java.lang.Thread.State: TIMED_WAITING
        at java.lang.Object.wait(Native Method)
        at java.util.TimerThread.mainLoop(Timer.java:552)
        at java.util.TimerThread.run(Timer.java:505)
"Datanode State Machine Task Thread - 0"  prio=5 tid=1412 in Object.wait()
java.lang.Thread.State: WAITING (on object monitor)
        at sun.misc.Unsafe.park(Native Method)
        at java.util.concurrent.locks.LockSupport.park(LockSupport.java:175)
        at java.util.concurrent.locks.AbstractQueuedSynchronizer$ConditionObject.await(AbstractQueuedSynchronizer.java:2039)
        at java.util.concurrent.LinkedBlockingQueue.take(LinkedBlockingQueue.java:442)
        at java.util.concurrent.ThreadPoolExecutor.getTask(ThreadPoolExecutor.java:1074)
        at java.util.concurrent.ThreadPoolExecutor.runWorker(ThreadPoolExecutor.java:1134)
        at java.util.concurrent.ThreadPoolExecutor$Worker.run(ThreadPoolExecutor.java:624)
        at java.lang.Thread.run(Thread.java:750)
"pool-649-thread-1" daemon prio=5 tid=1443 timed_waiting
java.lang.Thread.State: TIMED_WAITING
        at sun.misc.Unsafe.park(Native Method)
        at java.util.concurrent.locks.LockSupport.parkNanos(LockSupport.java:215)
        at java.util.concurrent.locks.AbstractQueuedSynchronizer$ConditionObject.awaitNanos(AbstractQueuedSynchronizer.java:2078)
        at java.util.concurrent.ScheduledThreadPoolExecutor$DelayedWorkQueue.take(ScheduledThreadPoolExecutor.java:1093)
        at java.util.concurrent.ScheduledThreadPoolExecutor$DelayedWorkQueue.take(ScheduledThreadPoolExecutor.java:809)
        at java.util.concurrent.ThreadPoolExecutor.getTask(ThreadPoolExecutor.java:1074)
        at java.util.concurrent.ThreadPoolExecutor.runWorker(ThreadPoolExecutor.java:1134)
        at java.util.concurrent.ThreadPoolExecutor$Worker.run(ThreadPoolExecutor.java:624)
        at java.lang.Thread.run(Thread.java:750)
"IPC Server handler 6 on default port 34917" daemon prio=5 tid=1205 timed_waiting
java.lang.Thread.State: TIMED_WAITING
        at sun.misc.Unsafe.park(Native Method)
        at java.util.concurrent.locks.LockSupport.parkNanos(LockSupport.java:215)
        at java.util.concurrent.locks.AbstractQueuedSynchronizer$ConditionObject.awaitNanos(AbstractQueuedSynchronizer.java:2078)
        at java.util.concurrent.LinkedBlockingQueue.poll(LinkedBlockingQueue.java:467)
        at org.apache.hadoop.ipc.CallQueueManager.take(CallQueueManager.java:317)
        at org.apache.hadoop.ipc.Server$Handler.run(Server.java:2942)
"pool-619-thread-1"  prio=5 tid=1392 timed_waiting
java.lang.Thread.State: TIMED_WAITING
        at sun.misc.Unsafe.park(Native Method)
        at java.util.concurrent.locks.LockSupport.parkNanos(LockSupport.java:215)
        at java.util.concurrent.locks.AbstractQueuedSynchronizer$ConditionObject.awaitNanos(AbstractQueuedSynchronizer.java:2078)
        at java.util.concurrent.ScheduledThreadPoolExecutor$DelayedWorkQueue.take(ScheduledThreadPoolExecutor.java:1093)
        at java.util.concurrent.ScheduledThreadPoolExecutor$DelayedWorkQueue.take(ScheduledThreadPoolExecutor.java:809)
        at java.util.concurrent.ThreadPoolExecutor.getTask(ThreadPoolExecutor.java:1074)
        at java.util.concurrent.ThreadPoolExecutor.runWorker(ThreadPoolExecutor.java:1134)
        at java.util.concurrent.ThreadPoolExecutor$Worker.run(ThreadPoolExecutor.java:624)
        at java.lang.Thread.run(Thread.java:750)
"IPC Server handler 0 on default port 39295" daemon prio=5 tid=1282 timed_waiting
java.lang.Thread.State: TIMED_WAITING
        at sun.misc.Unsafe.park(Native Method)
        at java.util.concurrent.locks.LockSupport.parkNanos(LockSupport.java:215)
        at java.util.concurrent.locks.AbstractQueuedSynchronizer$ConditionObject.awaitNanos(AbstractQueuedSynchronizer.java:2078)
        at java.util.concurrent.LinkedBlockingQueue.poll(LinkedBlockingQueue.java:467)
        at org.apache.hadoop.ipc.CallQueueManager.take(CallQueueManager.java:317)
        at org.apache.hadoop.ipc.Server$Handler.run(Server.java:2942)
"timer0" daemon prio=5 tid=539 timed_waiting
java.lang.Thread.State: TIMED_WAITING
        at java.lang.Object.wait(Native Method)
        at java.util.TimerThread.mainLoop(Timer.java:552)
        at java.util.TimerThread.run(Timer.java:505)
"f143390d-7c87-4621-8359-d245efaa75b3-server-thread4" daemon prio=5 tid=1702 timed_waiting
java.lang.Thread.State: TIMED_WAITING
        at sun.misc.Unsafe.park(Native Method)
        at java.util.concurrent.locks.LockSupport.parkNanos(LockSupport.java:215)
        at java.util.concurrent.SynchronousQueue$TransferStack.awaitFulfill(SynchronousQueue.java:460)
        at java.util.concurrent.SynchronousQueue$TransferStack.transfer(SynchronousQueue.java:362)
        at java.util.concurrent.SynchronousQueue.poll(SynchronousQueue.java:941)
        at java.util.concurrent.ThreadPoolExecutor.getTask(ThreadPoolExecutor.java:1073)
        at java.util.concurrent.ThreadPoolExecutor.runWorker(ThreadPoolExecutor.java:1134)
        at java.util.concurrent.ThreadPoolExecutor$Worker.run(ThreadPoolExecutor.java:624)
        at java.lang.Thread.run(Thread.java:750)
"OpenKeyCleanupService#0" daemon prio=5 tid=1271 timed_waiting
java.lang.Thread.State: TIMED_WAITING
        at sun.misc.Unsafe.park(Native Method)
        at java.util.concurrent.locks.LockSupport.parkNanos(LockSupport.java:215)
        at java.util.concurrent.locks.AbstractQueuedSynchronizer$ConditionObject.awaitNanos(AbstractQueuedSynchronizer.java:2078)
        at java.util.concurrent.ScheduledThreadPoolExecutor$DelayedWorkQueue.take(ScheduledThreadPoolExecutor.java:1093)
        at java.util.concurrent.ScheduledThreadPoolExecutor$DelayedWorkQueue.take(ScheduledThreadPoolExecutor.java:809)
        at java.util.concurrent.ThreadPoolExecutor.getTask(ThreadPoolExecutor.java:1074)
        at java.util.concurrent.ThreadPoolExecutor.runWorker(ThreadPoolExecutor.java:1134)
        at java.util.concurrent.ThreadPoolExecutor$Worker.run(ThreadPoolExecutor.java:624)
        at java.lang.Thread.run(Thread.java:750)
"StaleRecoveringContainerScrubbingService#2" daemon prio=5 tid=1719 in Object.wait()
java.lang.Thread.State: WAITING (on object monitor)
        at sun.misc.Unsafe.park(Native Method)
        at java.util.concurrent.locks.LockSupport.park(LockSupport.java:175)
        at java.util.concurrent.locks.AbstractQueuedSynchronizer$ConditionObject.await(AbstractQueuedSynchronizer.java:2039)
        at java.util.concurrent.ScheduledThreadPoolExecutor$DelayedWorkQueue.take(ScheduledThreadPoolExecutor.java:1088)
        at java.util.concurrent.ScheduledThreadPoolExecutor$DelayedWorkQueue.take(ScheduledThreadPoolExecutor.java:809)
        at java.util.concurrent.ThreadPoolExecutor.getTask(ThreadPoolExecutor.java:1074)
        at java.util.concurrent.ThreadPoolExecutor.runWorker(ThreadPoolExecutor.java:1134)
        at java.util.concurrent.ThreadPoolExecutor$Worker.run(ThreadPoolExecutor.java:624)
        at java.lang.Thread.run(Thread.java:750)
"IPC Server Responder" daemon prio=5 tid=1263 runnable
java.lang.Thread.State: RUNNABLE
        at sun.nio.ch.EPollArrayWrapper.epollWait(Native Method)
        at sun.nio.ch.EPollArrayWrapper.poll(EPollArrayWrapper.java:269)
        at sun.nio.ch.EPollSelectorImpl.doSelect(EPollSelectorImpl.java:93)
        at sun.nio.ch.SelectorImpl.lockAndDoSelect(SelectorImpl.java:86)
        at sun.nio.ch.SelectorImpl.select(SelectorImpl.java:97)
        at org.apache.hadoop.ipc.Server$Responder.doRunLoop(Server.java:1532)
        at org.apache.hadoop.ipc.Server$Responder.run(Server.java:1515)
"qtp2046616631-1449" daemon prio=5 tid=1449 runnable
java.lang.Thread.State: RUNNABLE
        at sun.nio.ch.EPollArrayWrapper.epollWait(Native Method)
        at sun.nio.ch.EPollArrayWrapper.poll(EPollArrayWrapper.java:269)
        at sun.nio.ch.EPollSelectorImpl.doSelect(EPollSelectorImpl.java:93)
        at sun.nio.ch.SelectorImpl.lockAndDoSelect(SelectorImpl.java:86)
        at sun.nio.ch.SelectorImpl.select(SelectorImpl.java:97)
        at sun.nio.ch.SelectorImpl.select(SelectorImpl.java:101)
        at org.eclipse.jetty.io.ManagedSelector.nioSelect(ManagedSelector.java:183)
        at org.eclipse.jetty.io.ManagedSelector.select(ManagedSelector.java:190)
        at org.eclipse.jetty.io.ManagedSelector$SelectorProducer.select(ManagedSelector.java:606)
        at org.eclipse.jetty.io.ManagedSelector$SelectorProducer.produce(ManagedSelector.java:543)
        at org.eclipse.jetty.util.thread.strategy.EatWhatYouKill.produceTask(EatWhatYouKill.java:362)
        at org.eclipse.jetty.util.thread.strategy.EatWhatYouKill.doProduce(EatWhatYouKill.java:186)
        at org.eclipse.jetty.util.thread.strategy.EatWhatYouKill.tryProduce(EatWhatYouKill.java:173)
        at org.eclipse.jetty.util.thread.strategy.EatWhatYouKill.produce(EatWhatYouKill.java:137)
        at org.eclipse.jetty.io.ManagedSelector$$Lambda$468/325488817.run(Unknown Source)
        at org.eclipse.jetty.util.thread.QueuedThreadPool.runJob(QueuedThreadPool.java:883)
        at org.eclipse.jetty.util.thread.QueuedThreadPool$Runner.run(QueuedThreadPool.java:1034)
        at java.lang.Thread.run(Thread.java:750)
"Command processor thread" daemon prio=5 tid=1327 timed_waiting
java.lang.Thread.State: TIMED_WAITING
        at java.lang.Thread.sleep(Native Method)
        at org.apache.hadoop.ozone.container.common.statemachine.DatanodeStateMachine.lambda$initCommandHandlerThread$3(DatanodeStateMachine.java:645)
        at org.apache.hadoop.ozone.container.common.statemachine.DatanodeStateMachine$$Lambda$799/2043898389.run(Unknown Source)
        at java.lang.Thread.run(Thread.java:750)
"BlockDeletingService#0" daemon prio=5 tid=1476 in Object.wait()
java.lang.Thread.State: WAITING (on object monitor)
        at sun.misc.Unsafe.park(Native Method)
        at java.util.concurrent.locks.LockSupport.park(LockSupport.java:175)
        at java.util.concurrent.locks.AbstractQueuedSynchronizer$ConditionObject.await(AbstractQueuedSynchronizer.java:2039)
        at java.util.concurrent.ScheduledThreadPoolExecutor$DelayedWorkQueue.take(ScheduledThreadPoolExecutor.java:1088)
        at java.util.concurrent.ScheduledThreadPoolExecutor$DelayedWorkQueue.take(ScheduledThreadPoolExecutor.java:809)
        at java.util.concurrent.ThreadPoolExecutor.getTask(ThreadPoolExecutor.java:1074)
        at java.util.concurrent.ThreadPoolExecutor.runWorker(ThreadPoolExecutor.java:1134)
        at java.util.concurrent.ThreadPoolExecutor$Worker.run(ThreadPoolExecutor.java:624)
        at java.lang.Thread.run(Thread.java:750)
"qtp1277859572-1428" daemon prio=5 tid=1428 timed_waiting
java.lang.Thread.State: TIMED_WAITING
        at sun.misc.Unsafe.park(Native Method)
        at java.util.concurrent.locks.LockSupport.parkNanos(LockSupport.java:215)
        at java.util.concurrent.locks.AbstractQueuedSynchronizer$ConditionObject.awaitNanos(AbstractQueuedSynchronizer.java:2078)
        at org.eclipse.jetty.util.BlockingArrayQueue.poll(BlockingArrayQueue.java:382)
        at org.eclipse.jetty.util.thread.QueuedThreadPool$Runner.idleJobPoll(QueuedThreadPool.java:974)
        at org.eclipse.jetty.util.thread.QueuedThreadPool$Runner.run(QueuedThreadPool.java:1018)
        at java.lang.Thread.run(Thread.java:750)
"Socket Reader #1 for port 0"  prio=5 tid=1160 runnable
java.lang.Thread.State: RUNNABLE
        at sun.nio.ch.EPollArrayWrapper.epollWait(Native Method)
        at sun.nio.ch.EPollArrayWrapper.poll(EPollArrayWrapper.java:269)
        at sun.nio.ch.EPollSelectorImpl.doSelect(EPollSelectorImpl.java:93)
        at sun.nio.ch.SelectorImpl.lockAndDoSelect(SelectorImpl.java:86)
        at sun.nio.ch.SelectorImpl.select(SelectorImpl.java:97)
        at sun.nio.ch.SelectorImpl.select(SelectorImpl.java:101)
        at org.apache.hadoop.ipc.Server$Listener$Reader.doRunLoop(Server.java:1296)
        at org.apache.hadoop.ipc.Server$Listener$Reader.run(Server.java:1275)
"qtp480678786-1346" daemon prio=5 tid=1346 timed_waiting
java.lang.Thread.State: TIMED_WAITING
        at sun.misc.Unsafe.park(Native Method)
        at java.util.concurrent.locks.LockSupport.parkNanos(LockSupport.java:215)
        at java.util.concurrent.locks.AbstractQueuedSynchronizer$ConditionObject.awaitNanos(AbstractQueuedSynchronizer.java:2078)
        at org.eclipse.jetty.util.BlockingArrayQueue.poll(BlockingArrayQueue.java:382)
        at org.eclipse.jetty.util.thread.QueuedThreadPool$Runner.idleJobPoll(QueuedThreadPool.java:974)
        at org.eclipse.jetty.util.thread.QueuedThreadPool$Runner.run(QueuedThreadPool.java:1018)
        at java.lang.Thread.run(Thread.java:750)
"PartialTableCache Cleanup Thread - 0" daemon prio=5 tid=1708 in Object.wait()
java.lang.Thread.State: WAITING (on object monitor)
        at sun.misc.Unsafe.park(Native Method)
        at java.util.concurrent.locks.LockSupport.park(LockSupport.java:175)
        at java.util.concurrent.locks.AbstractQueuedSynchronizer$ConditionObject.await(AbstractQueuedSynchronizer.java:2039)
        at java.util.concurrent.LinkedBlockingQueue.take(LinkedBlockingQueue.java:442)
        at java.util.concurrent.ThreadPoolExecutor.getTask(ThreadPoolExecutor.java:1074)
        at java.util.concurrent.ThreadPoolExecutor.runWorker(ThreadPoolExecutor.java:1134)
        at java.util.concurrent.ThreadPoolExecutor$Worker.run(ThreadPoolExecutor.java:624)
        at java.lang.Thread.run(Thread.java:750)
"EventQueue-OpenPipelineForHealthyPipelineSafeModeRule" daemon prio=5 tid=1619 in Object.wait()
java.lang.Thread.State: WAITING (on object monitor)
        at sun.misc.Unsafe.park(Native Method)
        at java.util.concurrent.locks.LockSupport.park(LockSupport.java:175)
        at java.util.concurrent.locks.AbstractQueuedSynchronizer$ConditionObject.await(AbstractQueuedSynchronizer.java:2039)
        at java.util.concurrent.LinkedBlockingQueue.take(LinkedBlockingQueue.java:442)
        at java.util.concurrent.ThreadPoolExecutor.getTask(ThreadPoolExecutor.java:1074)
        at java.util.concurrent.ThreadPoolExecutor.runWorker(ThreadPoolExecutor.java:1134)
        at java.util.concurrent.ThreadPoolExecutor$Worker.run(ThreadPoolExecutor.java:624)
        at java.lang.Thread.run(Thread.java:750)
"ChunkWriter-2-0" daemon prio=5 tid=1472 in Object.wait()
java.lang.Thread.State: WAITING (on object monitor)
        at sun.misc.Unsafe.park(Native Method)
        at java.util.concurrent.locks.LockSupport.park(LockSupport.java:175)
        at java.util.concurrent.locks.AbstractQueuedSynchronizer$ConditionObject.await(AbstractQueuedSynchronizer.java:2039)
        at java.util.concurrent.LinkedBlockingDeque.takeFirst(LinkedBlockingDeque.java:492)
        at java.util.concurrent.LinkedBlockingDeque.take(LinkedBlockingDeque.java:680)
        at java.util.concurrent.ThreadPoolExecutor.getTask(ThreadPoolExecutor.java:1074)
        at java.util.concurrent.ThreadPoolExecutor.runWorker(ThreadPoolExecutor.java:1134)
        at java.util.concurrent.ThreadPoolExecutor$Worker.run(ThreadPoolExecutor.java:624)
        at java.lang.Thread.run(Thread.java:750)
"org.apache.hadoop.util.JvmPauseMonitor$Monitor@4dc81d3f" daemon prio=5 tid=1328 timed_waiting
java.lang.Thread.State: TIMED_WAITING
        at java.lang.Thread.sleep(Native Method)
        at org.apache.hadoop.util.JvmPauseMonitor$Monitor.run(JvmPauseMonitor.java:192)
        at java.lang.Thread.run(Thread.java:750)
"IPC Server handler 14 on default port 34917" daemon prio=5 tid=1213 timed_waiting
java.lang.Thread.State: TIMED_WAITING
        at sun.misc.Unsafe.park(Native Method)
        at java.util.concurrent.locks.LockSupport.parkNanos(LockSupport.java:215)
        at java.util.concurrent.locks.AbstractQueuedSynchronizer$ConditionObject.awaitNanos(AbstractQueuedSynchronizer.java:2078)
        at java.util.concurrent.LinkedBlockingQueue.poll(LinkedBlockingQueue.java:467)
        at org.apache.hadoop.ipc.CallQueueManager.take(CallQueueManager.java:317)
        at org.apache.hadoop.ipc.Server$Handler.run(Server.java:2942)
"om1@group-C5BA1605619E-LeaderStateImpl" daemon prio=5 tid=1403 timed_waiting
java.lang.Thread.State: TIMED_WAITING
        at sun.misc.Unsafe.park(Native Method)
        at java.util.concurrent.locks.LockSupport.parkNanos(LockSupport.java:215)
        at java.util.concurrent.locks.AbstractQueuedSynchronizer$ConditionObject.awaitNanos(AbstractQueuedSynchronizer.java:2078)
        at java.util.concurrent.ArrayBlockingQueue.poll(ArrayBlockingQueue.java:418)
        at org.apache.ratis.server.impl.LeaderStateImpl$EventQueue.poll(LeaderStateImpl.java:159)
        at org.apache.ratis.server.impl.LeaderStateImpl$EventProcessor.run(LeaderStateImpl.java:630)
"SCM Heartbeat Processing Thread - 0" daemon prio=5 tid=1147 timed_waiting
java.lang.Thread.State: TIMED_WAITING
        at sun.misc.Unsafe.park(Native Method)
        at java.util.concurrent.locks.LockSupport.parkNanos(LockSupport.java:215)
        at java.util.concurrent.locks.AbstractQueuedSynchronizer$ConditionObject.awaitNanos(AbstractQueuedSynchronizer.java:2078)
        at java.util.concurrent.ScheduledThreadPoolExecutor$DelayedWorkQueue.take(ScheduledThreadPoolExecutor.java:1093)
        at java.util.concurrent.ScheduledThreadPoolExecutor$DelayedWorkQueue.take(ScheduledThreadPoolExecutor.java:809)
        at java.util.concurrent.ThreadPoolExecutor.getTask(ThreadPoolExecutor.java:1074)
        at java.util.concurrent.ThreadPoolExecutor.runWorker(ThreadPoolExecutor.java:1134)
        at java.util.concurrent.ThreadPoolExecutor$Worker.run(ThreadPoolExecutor.java:624)
        at java.lang.Thread.run(Thread.java:750)
"BlockDeletingService#2" daemon prio=5 tid=1718 in Object.wait()
java.lang.Thread.State: WAITING (on object monitor)
        at sun.misc.Unsafe.park(Native Method)
        at java.util.concurrent.locks.LockSupport.park(LockSupport.java:175)
        at java.util.concurrent.locks.AbstractQueuedSynchronizer$ConditionObject.await(AbstractQueuedSynchronizer.java:2039)
        at java.util.concurrent.ScheduledThreadPoolExecutor$DelayedWorkQueue.take(ScheduledThreadPoolExecutor.java:1088)
        at java.util.concurrent.ScheduledThreadPoolExecutor$DelayedWorkQueue.take(ScheduledThreadPoolExecutor.java:809)
        at java.util.concurrent.ThreadPoolExecutor.getTask(ThreadPoolExecutor.java:1074)
        at java.util.concurrent.ThreadPoolExecutor.runWorker(ThreadPoolExecutor.java:1134)
        at java.util.concurrent.ThreadPoolExecutor$Worker.run(ThreadPoolExecutor.java:624)
        at java.lang.Thread.run(Thread.java:750)
"grpc-default-executor-1" daemon prio=5 tid=1616 timed_waiting
java.lang.Thread.State: TIMED_WAITING
        at sun.misc.Unsafe.park(Native Method)
        at java.util.concurrent.locks.LockSupport.parkNanos(LockSupport.java:215)
        at java.util.concurrent.SynchronousQueue$TransferStack.awaitFulfill(SynchronousQueue.java:460)
        at java.util.concurrent.SynchronousQueue$TransferStack.transfer(SynchronousQueue.java:362)
        at java.util.concurrent.SynchronousQueue.poll(SynchronousQueue.java:941)
        at java.util.concurrent.ThreadPoolExecutor.getTask(ThreadPoolExecutor.java:1073)
        at java.util.concurrent.ThreadPoolExecutor.runWorker(ThreadPoolExecutor.java:1134)
        at java.util.concurrent.ThreadPoolExecutor$Worker.run(ThreadPoolExecutor.java:624)
        at java.lang.Thread.run(Thread.java:750)
"IPC Server handler 13 on default port 43047" daemon prio=5 tid=1232 timed_waiting
java.lang.Thread.State: TIMED_WAITING
        at sun.misc.Unsafe.park(Native Method)
        at java.util.concurrent.locks.LockSupport.parkNanos(LockSupport.java:215)
        at java.util.concurrent.locks.AbstractQueuedSynchronizer$ConditionObject.awaitNanos(AbstractQueuedSynchronizer.java:2078)
        at java.util.concurrent.LinkedBlockingQueue.poll(LinkedBlockingQueue.java:467)
        at org.apache.hadoop.ipc.CallQueueManager.take(CallQueueManager.java:317)
        at org.apache.hadoop.ipc.Server$Handler.run(Server.java:2942)
"IPC Server handler 11 on default port 39295" daemon prio=5 tid=1293 timed_waiting
java.lang.Thread.State: TIMED_WAITING
        at sun.misc.Unsafe.park(Native Method)
        at java.util.concurrent.locks.LockSupport.parkNanos(LockSupport.java:215)
        at java.util.concurrent.locks.AbstractQueuedSynchronizer$ConditionObject.awaitNanos(AbstractQueuedSynchronizer.java:2078)
        at java.util.concurrent.LinkedBlockingQueue.poll(LinkedBlockingQueue.java:467)
        at org.apache.hadoop.ipc.CallQueueManager.take(CallQueueManager.java:317)
        at org.apache.hadoop.ipc.Server$Handler.run(Server.java:2942)
"Periodic HDDS volume checker" daemon prio=5 tid=1441 timed_waiting
java.lang.Thread.State: TIMED_WAITING
        at sun.misc.Unsafe.park(Native Method)
        at java.util.concurrent.locks.LockSupport.parkNanos(LockSupport.java:215)
        at java.util.concurrent.locks.AbstractQueuedSynchronizer$ConditionObject.awaitNanos(AbstractQueuedSynchronizer.java:2078)
        at java.util.concurrent.ScheduledThreadPoolExecutor$DelayedWorkQueue.take(ScheduledThreadPoolExecutor.java:1093)
        at java.util.concurrent.ScheduledThreadPoolExecutor$DelayedWorkQueue.take(ScheduledThreadPoolExecutor.java:809)
        at java.util.concurrent.ThreadPoolExecutor.getTask(ThreadPoolExecutor.java:1074)
        at java.util.concurrent.ThreadPoolExecutor.runWorker(ThreadPoolExecutor.java:1134)
        at java.util.concurrent.ThreadPoolExecutor$Worker.run(ThreadPoolExecutor.java:624)
        at java.lang.Thread.run(Thread.java:750)
"Datanode ReportManager Thread - 3" daemon prio=5 tid=1462 in Object.wait()
java.lang.Thread.State: WAITING (on object monitor)
        at sun.misc.Unsafe.park(Native Method)
        at java.util.concurrent.locks.LockSupport.park(LockSupport.java:175)
        at java.util.concurrent.locks.AbstractQueuedSynchronizer$ConditionObject.await(AbstractQueuedSynchronizer.java:2039)
        at java.util.concurrent.ScheduledThreadPoolExecutor$DelayedWorkQueue.take(ScheduledThreadPoolExecutor.java:1088)
        at java.util.concurrent.ScheduledThreadPoolExecutor$DelayedWorkQueue.take(ScheduledThreadPoolExecutor.java:809)
        at java.util.concurrent.ThreadPoolExecutor.getTask(ThreadPoolExecutor.java:1074)
        at java.util.concurrent.ThreadPoolExecutor.runWorker(ThreadPoolExecutor.java:1134)
        at java.util.concurrent.ThreadPoolExecutor$Worker.run(ThreadPoolExecutor.java:624)
        at java.lang.Thread.run(Thread.java:750)
"pool-564-thread-1"  prio=5 tid=1558 in Object.wait()
java.lang.Thread.State: WAITING (on object monitor)
        at sun.misc.Unsafe.park(Native Method)
        at java.util.concurrent.locks.LockSupport.park(LockSupport.java:175)
        at java.util.concurrent.locks.AbstractQueuedSynchronizer$ConditionObject.await(AbstractQueuedSynchronizer.java:2039)
        at java.util.concurrent.LinkedBlockingQueue.take(LinkedBlockingQueue.java:442)
        at java.util.concurrent.ThreadPoolExecutor.getTask(ThreadPoolExecutor.java:1074)
        at java.util.concurrent.ThreadPoolExecutor.runWorker(ThreadPoolExecutor.java:1134)
        at java.util.concurrent.ThreadPoolExecutor$Worker.run(ThreadPoolExecutor.java:624)
        at java.lang.Thread.run(Thread.java:750)
"ChunkReader-ELG-0" daemon prio=5 tid=1511 runnable
java.lang.Thread.State: RUNNABLE
        at org.apache.ratis.thirdparty.io.netty.channel.epoll.Native.epollWait(Native Method)
        at org.apache.ratis.thirdparty.io.netty.channel.epoll.Native.epollWait(Native.java:209)
        at org.apache.ratis.thirdparty.io.netty.channel.epoll.Native.epollWait(Native.java:202)
        at org.apache.ratis.thirdparty.io.netty.channel.epoll.EpollEventLoop.epollWaitNoTimerChange(EpollEventLoop.java:294)
        at org.apache.ratis.thirdparty.io.netty.channel.epoll.EpollEventLoop.run(EpollEventLoop.java:351)
        at org.apache.ratis.thirdparty.io.netty.util.concurrent.SingleThreadEventExecutor$4.run(SingleThreadEventExecutor.java:995)
        at org.apache.ratis.thirdparty.io.netty.util.internal.ThreadExecutorMap$2.run(ThreadExecutorMap.java:74)
        at java.lang.Thread.run(Thread.java:750)
"FixedThreadPoolWithAffinityExecutor-8-0" daemon prio=5 tid=1175 timed_waiting
java.lang.Thread.State: TIMED_WAITING
        at sun.misc.Unsafe.park(Native Method)
        at java.util.concurrent.locks.LockSupport.parkNanos(LockSupport.java:215)
        at java.util.concurrent.locks.AbstractQueuedSynchronizer$ConditionObject.awaitNanos(AbstractQueuedSynchronizer.java:2078)
        at java.util.concurrent.LinkedBlockingQueue.poll(LinkedBlockingQueue.java:467)
        at org.apache.hadoop.hdds.scm.server.ContainerReportQueue.poll(ContainerReportQueue.java:266)
        at org.apache.hadoop.hdds.scm.server.ContainerReportQueue.poll(ContainerReportQueue.java:42)
        at org.apache.hadoop.hdds.server.events.FixedThreadPoolWithAffinityExecutor$ContainerReportProcessTask.run(FixedThreadPoolWithAffinityExecutor.java:247)
        at java.util.concurrent.Executors$RunnableAdapter.call(Executors.java:511)
        at java.util.concurrent.FutureTask.run(FutureTask.java:266)
        at java.util.concurrent.ThreadPoolExecutor.runWorker(ThreadPoolExecutor.java:1149)
        at java.util.concurrent.ThreadPoolExecutor$Worker.run(ThreadPoolExecutor.java:624)
        at java.lang.Thread.run(Thread.java:750)
"FixedThreadPoolWithAffinityExecutor-3-0" daemon prio=5 tid=1170 timed_waiting
java.lang.Thread.State: TIMED_WAITING
        at sun.misc.Unsafe.park(Native Method)
        at java.util.concurrent.locks.LockSupport.parkNanos(LockSupport.java:215)
        at java.util.concurrent.locks.AbstractQueuedSynchronizer$ConditionObject.awaitNanos(AbstractQueuedSynchronizer.java:2078)
        at java.util.concurrent.LinkedBlockingQueue.poll(LinkedBlockingQueue.java:467)
        at org.apache.hadoop.hdds.scm.server.ContainerReportQueue.poll(ContainerReportQueue.java:266)
        at org.apache.hadoop.hdds.scm.server.ContainerReportQueue.poll(ContainerReportQueue.java:42)
        at org.apache.hadoop.hdds.server.events.FixedThreadPoolWithAffinityExecutor$ContainerReportProcessTask.run(FixedThreadPoolWithAffinityExecutor.java:247)
        at java.util.concurrent.Executors$RunnableAdapter.call(Executors.java:511)
        at java.util.concurrent.FutureTask.run(FutureTask.java:266)
        at java.util.concurrent.ThreadPoolExecutor.runWorker(ThreadPoolExecutor.java:1149)
        at java.util.concurrent.ThreadPoolExecutor$Worker.run(ThreadPoolExecutor.java:624)
        at java.lang.Thread.run(Thread.java:750)
"qtp1277859572-1423-acceptor-0@4f58e739-ServerConnector@7ed14356{HTTP/1.1, (http/1.1)}{0.0.0.0:38305}" daemon prio=3 tid=1423 runnable
java.lang.Thread.State: RUNNABLE
        at sun.nio.ch.ServerSocketChannelImpl.accept0(Native Method)
        at sun.nio.ch.ServerSocketChannelImpl.accept(ServerSocketChannelImpl.java:421)
        at sun.nio.ch.ServerSocketChannelImpl.accept(ServerSocketChannelImpl.java:249)
        at org.eclipse.jetty.server.ServerConnector.accept(ServerConnector.java:388)
        at org.eclipse.jetty.server.AbstractConnector$Acceptor.run(AbstractConnector.java:704)
        at org.eclipse.jetty.util.thread.QueuedThreadPool.runJob(QueuedThreadPool.java:883)
        at org.eclipse.jetty.util.thread.QueuedThreadPool$Runner.run(QueuedThreadPool.java:1034)
        at java.lang.Thread.run(Thread.java:750)
"72a8f579-b929-42a4-a748-3b6f638fc788-NettyServerStreamRpc-bossGroup--thread1"  prio=5 tid=1445 runnable
java.lang.Thread.State: RUNNABLE
        at sun.nio.ch.EPollArrayWrapper.epollWait(Native Method)
        at sun.nio.ch.EPollArrayWrapper.poll(EPollArrayWrapper.java:269)
        at sun.nio.ch.EPollSelectorImpl.doSelect(EPollSelectorImpl.java:93)
        at sun.nio.ch.SelectorImpl.lockAndDoSelect(SelectorImpl.java:86)
        at sun.nio.ch.SelectorImpl.select(SelectorImpl.java:97)
        at sun.nio.ch.SelectorImpl.select(SelectorImpl.java:101)
        at org.apache.ratis.thirdparty.io.netty.channel.nio.SelectedSelectionKeySetSelector.select(SelectedSelectionKeySetSelector.java:68)
        at org.apache.ratis.thirdparty.io.netty.channel.nio.NioEventLoop.select(NioEventLoop.java:813)
        at org.apache.ratis.thirdparty.io.netty.channel.nio.NioEventLoop.run(NioEventLoop.java:460)
        at org.apache.ratis.thirdparty.io.netty.util.concurrent.SingleThreadEventExecutor$4.run(SingleThreadEventExecutor.java:995)
        at org.apache.ratis.thirdparty.io.netty.util.internal.ThreadExecutorMap$2.run(ThreadExecutorMap.java:74)
        at java.lang.Thread.run(Thread.java:750)
"IPC Server handler 4 on default port 34917" daemon prio=5 tid=1203 timed_waiting
java.lang.Thread.State: TIMED_WAITING
        at sun.misc.Unsafe.park(Native Method)
        at java.util.concurrent.locks.LockSupport.parkNanos(LockSupport.java:215)
        at java.util.concurrent.locks.AbstractQueuedSynchronizer$ConditionObject.awaitNanos(AbstractQueuedSynchronizer.java:2078)
        at java.util.concurrent.LinkedBlockingQueue.poll(LinkedBlockingQueue.java:467)
        at org.apache.hadoop.ipc.CallQueueManager.take(CallQueueManager.java:317)
        at org.apache.hadoop.ipc.Server$Handler.run(Server.java:2942)
"grpc-default-executor-7" daemon prio=5 tid=1630 timed_waiting
java.lang.Thread.State: TIMED_WAITING
        at sun.misc.Unsafe.park(Native Method)
        at java.util.concurrent.locks.LockSupport.parkNanos(LockSupport.java:215)
        at java.util.concurrent.SynchronousQueue$TransferStack.awaitFulfill(SynchronousQueue.java:460)
        at java.util.concurrent.SynchronousQueue$TransferStack.transfer(SynchronousQueue.java:362)
        at java.util.concurrent.SynchronousQueue.poll(SynchronousQueue.java:941)
        at java.util.concurrent.ThreadPoolExecutor.getTask(ThreadPoolExecutor.java:1073)
        at java.util.concurrent.ThreadPoolExecutor.runWorker(ThreadPoolExecutor.java:1134)
        at java.util.concurrent.ThreadPoolExecutor$Worker.run(ThreadPoolExecutor.java:624)
        at java.lang.Thread.run(Thread.java:750)
"Datanode ReportManager Thread - 3" daemon prio=5 tid=1435 in Object.wait()
java.lang.Thread.State: WAITING (on object monitor)
        at sun.misc.Unsafe.park(Native Method)
        at java.util.concurrent.locks.LockSupport.park(LockSupport.java:175)
        at java.util.concurrent.locks.AbstractQueuedSynchronizer$ConditionObject.await(AbstractQueuedSynchronizer.java:2039)
        at java.util.concurrent.ScheduledThreadPoolExecutor$DelayedWorkQueue.take(ScheduledThreadPoolExecutor.java:1088)
        at java.util.concurrent.ScheduledThreadPoolExecutor$DelayedWorkQueue.take(ScheduledThreadPoolExecutor.java:809)
        at java.util.concurrent.ThreadPoolExecutor.getTask(ThreadPoolExecutor.java:1074)
        at java.util.concurrent.ThreadPoolExecutor.runWorker(ThreadPoolExecutor.java:1134)
        at java.util.concurrent.ThreadPoolExecutor$Worker.run(ThreadPoolExecutor.java:624)
        at java.lang.Thread.run(Thread.java:750)
"grpc-default-executor-4" daemon prio=5 tid=1627 timed_waiting
java.lang.Thread.State: TIMED_WAITING
        at sun.misc.Unsafe.park(Native Method)
        at java.util.concurrent.locks.LockSupport.parkNanos(LockSupport.java:215)
        at java.util.concurrent.SynchronousQueue$TransferStack.awaitFulfill(SynchronousQueue.java:460)
        at java.util.concurrent.SynchronousQueue$TransferStack.transfer(SynchronousQueue.java:362)
        at java.util.concurrent.SynchronousQueue.poll(SynchronousQueue.java:941)
        at java.util.concurrent.ThreadPoolExecutor.getTask(ThreadPoolExecutor.java:1073)
        at java.util.concurrent.ThreadPoolExecutor.runWorker(ThreadPoolExecutor.java:1134)
        at java.util.concurrent.ThreadPoolExecutor$Worker.run(ThreadPoolExecutor.java:624)
        at java.lang.Thread.run(Thread.java:750)
"org.apache.hadoop.util.JvmPauseMonitor$Monitor@306b2912" daemon prio=5 tid=1240 timed_waiting
java.lang.Thread.State: TIMED_WAITING
        at java.lang.Thread.sleep(Native Method)
        at org.apache.hadoop.util.JvmPauseMonitor$Monitor.run(JvmPauseMonitor.java:192)
        at java.lang.Thread.run(Thread.java:750)
"grpc-shared-destroyer-0" daemon prio=5 tid=1137 in Object.wait()
java.lang.Thread.State: WAITING (on object monitor)
        at sun.misc.Unsafe.park(Native Method)
        at java.util.concurrent.locks.LockSupport.park(LockSupport.java:175)
        at java.util.concurrent.locks.AbstractQueuedSynchronizer$ConditionObject.await(AbstractQueuedSynchronizer.java:2039)
        at java.util.concurrent.ScheduledThreadPoolExecutor$DelayedWorkQueue.take(ScheduledThreadPoolExecutor.java:1081)
        at java.util.concurrent.ScheduledThreadPoolExecutor$DelayedWorkQueue.take(ScheduledThreadPoolExecutor.java:809)
        at java.util.concurrent.ThreadPoolExecutor.getTask(ThreadPoolExecutor.java:1074)
        at java.util.concurrent.ThreadPoolExecutor.runWorker(ThreadPoolExecutor.java:1134)
        at java.util.concurrent.ThreadPoolExecutor$Worker.run(ThreadPoolExecutor.java:624)
        at java.lang.Thread.run(Thread.java:750)
"Session-HouseKeeper-79994ef0-1"  prio=5 tid=1401 timed_waiting
java.lang.Thread.State: TIMED_WAITING
        at sun.misc.Unsafe.park(Native Method)
        at java.util.concurrent.locks.LockSupport.parkNanos(LockSupport.java:215)
        at java.util.concurrent.locks.AbstractQueuedSynchronizer$ConditionObject.awaitNanos(AbstractQueuedSynchronizer.java:2078)
        at java.util.concurrent.ScheduledThreadPoolExecutor$DelayedWorkQueue.take(ScheduledThreadPoolExecutor.java:1093)
        at java.util.concurrent.ScheduledThreadPoolExecutor$DelayedWorkQueue.take(ScheduledThreadPoolExecutor.java:809)
        at java.util.concurrent.ThreadPoolExecutor.getTask(ThreadPoolExecutor.java:1074)
        at java.util.concurrent.ThreadPoolExecutor.runWorker(ThreadPoolExecutor.java:1134)
        at java.util.concurrent.ThreadPoolExecutor$Worker.run(ThreadPoolExecutor.java:624)
        at java.lang.Thread.run(Thread.java:750)
"Datanode ReportManager Thread - 2" daemon prio=5 tid=1461 in Object.wait()
java.lang.Thread.State: WAITING (on object monitor)
        at sun.misc.Unsafe.park(Native Method)
        at java.util.concurrent.locks.LockSupport.park(LockSupport.java:175)
        at java.util.concurrent.locks.AbstractQueuedSynchronizer$ConditionObject.await(AbstractQueuedSynchronizer.java:2039)
        at java.util.concurrent.ScheduledThreadPoolExecutor$DelayedWorkQueue.take(ScheduledThreadPoolExecutor.java:1088)
        at java.util.concurrent.ScheduledThreadPoolExecutor$DelayedWorkQueue.take(ScheduledThreadPoolExecutor.java:809)
        at java.util.concurrent.ThreadPoolExecutor.getTask(ThreadPoolExecutor.java:1074)
        at java.util.concurrent.ThreadPoolExecutor.runWorker(ThreadPoolExecutor.java:1134)
        at java.util.concurrent.ThreadPoolExecutor$Worker.run(ThreadPoolExecutor.java:624)
        at java.lang.Thread.run(Thread.java:750)
"EventQueue-NewNodeForNewNodeHandler" daemon prio=5 tid=1540 in Object.wait()
java.lang.Thread.State: WAITING (on object monitor)
        at sun.misc.Unsafe.park(Native Method)
        at java.util.concurrent.locks.LockSupport.park(LockSupport.java:175)
        at java.util.concurrent.locks.AbstractQueuedSynchronizer$ConditionObject.await(AbstractQueuedSynchronizer.java:2039)
        at java.util.concurrent.LinkedBlockingQueue.take(LinkedBlockingQueue.java:442)
        at java.util.concurrent.ThreadPoolExecutor.getTask(ThreadPoolExecutor.java:1074)
        at java.util.concurrent.ThreadPoolExecutor.runWorker(ThreadPoolExecutor.java:1134)
        at java.util.concurrent.ThreadPoolExecutor$Worker.run(ThreadPoolExecutor.java:624)
        at java.lang.Thread.run(Thread.java:750)
"IPC Server handler 11 on default port 34917" daemon prio=5 tid=1210 timed_waiting
java.lang.Thread.State: TIMED_WAITING
        at sun.misc.Unsafe.park(Native Method)
        at java.util.concurrent.locks.LockSupport.parkNanos(LockSupport.java:215)
        at java.util.concurrent.locks.AbstractQueuedSynchronizer$ConditionObject.awaitNanos(AbstractQueuedSynchronizer.java:2078)
        at java.util.concurrent.LinkedBlockingQueue.poll(LinkedBlockingQueue.java:467)
        at org.apache.hadoop.ipc.CallQueueManager.take(CallQueueManager.java:317)
        at org.apache.hadoop.ipc.Server$Handler.run(Server.java:2942)
"ChunkWriter-1-0" daemon prio=5 tid=1495 in Object.wait()
java.lang.Thread.State: WAITING (on object monitor)
        at sun.misc.Unsafe.park(Native Method)
        at java.util.concurrent.locks.LockSupport.park(LockSupport.java:175)
        at java.util.concurrent.locks.AbstractQueuedSynchronizer$ConditionObject.await(AbstractQueuedSynchronizer.java:2039)
        at java.util.concurrent.LinkedBlockingDeque.takeFirst(LinkedBlockingDeque.java:492)
        at java.util.concurrent.LinkedBlockingDeque.take(LinkedBlockingDeque.java:680)
        at java.util.concurrent.ThreadPoolExecutor.getTask(ThreadPoolExecutor.java:1074)
        at java.util.concurrent.ThreadPoolExecutor.runWorker(ThreadPoolExecutor.java:1134)
        at java.util.concurrent.ThreadPoolExecutor$Worker.run(ThreadPoolExecutor.java:624)
        at java.lang.Thread.run(Thread.java:750)
"BlockDeletingService#0" daemon prio=5 tid=1524 in Object.wait()
java.lang.Thread.State: WAITING (on object monitor)
        at sun.misc.Unsafe.park(Native Method)
        at java.util.concurrent.locks.LockSupport.park(LockSupport.java:175)
        at java.util.concurrent.locks.AbstractQueuedSynchronizer$ConditionObject.await(AbstractQueuedSynchronizer.java:2039)
        at java.util.concurrent.ScheduledThreadPoolExecutor$DelayedWorkQueue.take(ScheduledThreadPoolExecutor.java:1088)
        at java.util.concurrent.ScheduledThreadPoolExecutor$DelayedWorkQueue.take(ScheduledThreadPoolExecutor.java:809)
        at java.util.concurrent.ThreadPoolExecutor.getTask(ThreadPoolExecutor.java:1074)
        at java.util.concurrent.ThreadPoolExecutor.runWorker(ThreadPoolExecutor.java:1134)
        at java.util.concurrent.ThreadPoolExecutor$Worker.run(ThreadPoolExecutor.java:624)
        at java.lang.Thread.run(Thread.java:750)
"ChunkReader-ELG-0" daemon prio=5 tid=1535 runnable
java.lang.Thread.State: RUNNABLE
        at org.apache.ratis.thirdparty.io.netty.channel.epoll.Native.epollWait(Native Method)
        at org.apache.ratis.thirdparty.io.netty.channel.epoll.Native.epollWait(Native.java:209)
        at org.apache.ratis.thirdparty.io.netty.channel.epoll.Native.epollWait(Native.java:202)
        at org.apache.ratis.thirdparty.io.netty.channel.epoll.EpollEventLoop.epollWaitNoTimerChange(EpollEventLoop.java:294)
        at org.apache.ratis.thirdparty.io.netty.channel.epoll.EpollEventLoop.run(EpollEventLoop.java:351)
        at org.apache.ratis.thirdparty.io.netty.util.concurrent.SingleThreadEventExecutor$4.run(SingleThreadEventExecutor.java:995)
        at org.apache.ratis.thirdparty.io.netty.util.internal.ThreadExecutorMap$2.run(ThreadExecutorMap.java:74)
        at java.lang.Thread.run(Thread.java:750)
"Command processor thread" daemon prio=5 tid=1354 timed_waiting
java.lang.Thread.State: TIMED_WAITING
        at java.lang.Thread.sleep(Native Method)
        at org.apache.hadoop.ozone.container.common.statemachine.DatanodeStateMachine.lambda$initCommandHandlerThread$3(DatanodeStateMachine.java:645)
        at org.apache.hadoop.ozone.container.common.statemachine.DatanodeStateMachine$$Lambda$799/2043898389.run(Unknown Source)
        at java.lang.Thread.run(Thread.java:750)
"qtp1498690052-1396" daemon prio=5 tid=1396 timed_waiting
java.lang.Thread.State: TIMED_WAITING
        at sun.misc.Unsafe.park(Native Method)
        at java.util.concurrent.locks.LockSupport.parkNanos(LockSupport.java:215)
        at java.util.concurrent.locks.AbstractQueuedSynchronizer$ConditionObject.awaitNanos(AbstractQueuedSynchronizer.java:2078)
        at org.eclipse.jetty.util.BlockingArrayQueue.poll(BlockingArrayQueue.java:382)
        at org.eclipse.jetty.util.thread.QueuedThreadPool$Runner.idleJobPoll(QueuedThreadPool.java:974)
        at org.eclipse.jetty.util.thread.QueuedThreadPool$Runner.run(QueuedThreadPool.java:1018)
        at java.lang.Thread.run(Thread.java:750)
"IPC Server handler 1 on default port 33985" daemon prio=5 tid=1180 timed_waiting
java.lang.Thread.State: TIMED_WAITING
        at sun.misc.Unsafe.park(Native Method)
        at java.util.concurrent.locks.LockSupport.parkNanos(LockSupport.java:215)
        at java.util.concurrent.locks.AbstractQueuedSynchronizer$ConditionObject.awaitNanos(AbstractQueuedSynchronizer.java:2078)
        at java.util.concurrent.LinkedBlockingQueue.poll(LinkedBlockingQueue.java:467)
        at org.apache.hadoop.ipc.CallQueueManager.take(CallQueueManager.java:317)
        at org.apache.hadoop.ipc.Server$Handler.run(Server.java:2942)
"OMDoubleBufferFlushThread" daemon prio=5 tid=1254 timed_waiting
java.lang.Thread.State: TIMED_WAITING
        at java.lang.Object.wait(Native Method)
        at org.apache.hadoop.ozone.om.ratis.OzoneManagerDoubleBuffer.canFlush(OzoneManagerDoubleBuffer.java:538)
        at org.apache.hadoop.ozone.om.ratis.OzoneManagerDoubleBuffer.flushTransactions(OzoneManagerDoubleBuffer.java:268)
        at org.apache.hadoop.ozone.om.ratis.OzoneManagerDoubleBuffer$$Lambda$527/866438586.run(Unknown Source)
        at java.lang.Thread.run(Thread.java:750)
"Datanode State Machine Task Thread - 0"  prio=5 tid=1439 in Object.wait()
java.lang.Thread.State: WAITING (on object monitor)
        at sun.misc.Unsafe.park(Native Method)
        at java.util.concurrent.locks.LockSupport.park(LockSupport.java:175)
        at java.util.concurrent.locks.AbstractQueuedSynchronizer$ConditionObject.await(AbstractQueuedSynchronizer.java:2039)
        at java.util.concurrent.LinkedBlockingQueue.take(LinkedBlockingQueue.java:442)
        at java.util.concurrent.ThreadPoolExecutor.getTask(ThreadPoolExecutor.java:1074)
        at java.util.concurrent.ThreadPoolExecutor.runWorker(ThreadPoolExecutor.java:1134)
        at java.util.concurrent.ThreadPoolExecutor$Worker.run(ThreadPoolExecutor.java:624)
        at java.lang.Thread.run(Thread.java:750)
"SCMBlockDeletingService#0" daemon prio=5 tid=1239 timed_waiting
java.lang.Thread.State: TIMED_WAITING
        at sun.misc.Unsafe.park(Native Method)
        at java.util.concurrent.locks.LockSupport.parkNanos(LockSupport.java:215)
        at java.util.concurrent.locks.AbstractQueuedSynchronizer$ConditionObject.awaitNanos(AbstractQueuedSynchronizer.java:2078)
        at java.util.concurrent.ScheduledThreadPoolExecutor$DelayedWorkQueue.take(ScheduledThreadPoolExecutor.java:1093)
        at java.util.concurrent.ScheduledThreadPoolExecutor$DelayedWorkQueue.take(ScheduledThreadPoolExecutor.java:809)
        at java.util.concurrent.ThreadPoolExecutor.getTask(ThreadPoolExecutor.java:1074)
        at java.util.concurrent.ThreadPoolExecutor.runWorker(ThreadPoolExecutor.java:1134)
        at java.util.concurrent.ThreadPoolExecutor$Worker.run(ThreadPoolExecutor.java:624)
        at java.lang.Thread.run(Thread.java:750)
"qtp1277859572-1427" daemon prio=5 tid=1427 timed_waiting
java.lang.Thread.State: TIMED_WAITING
        at sun.misc.Unsafe.park(Native Method)
        at java.util.concurrent.locks.LockSupport.parkNanos(LockSupport.java:215)
        at java.util.concurrent.locks.AbstractQueuedSynchronizer$ConditionObject.awaitNanos(AbstractQueuedSynchronizer.java:2078)
        at org.eclipse.jetty.util.BlockingArrayQueue.poll(BlockingArrayQueue.java:382)
        at org.eclipse.jetty.util.thread.QueuedThreadPool$Runner.idleJobPoll(QueuedThreadPool.java:974)
        at org.eclipse.jetty.util.thread.QueuedThreadPool$Runner.run(QueuedThreadPool.java:1018)
        at java.lang.Thread.run(Thread.java:750)
"org.apache.hadoop.ozone.container.common.statemachine.commandhandler.DeleteBlocksCommandHandler$DeleteCmdWorker@3378b8c6" daemon prio=5 tid=1310 timed_waiting
java.lang.Thread.State: TIMED_WAITING
        at java.lang.Thread.sleep(Native Method)
        at org.apache.hadoop.ozone.container.common.statemachine.commandhandler.DeleteBlocksCommandHandler$DeleteCmdWorker.run(DeleteBlocksCommandHandler.java:184)
        at java.lang.Thread.run(Thread.java:750)
"IPC Server handler 1 on default port 39295" daemon prio=5 tid=1283 timed_waiting
java.lang.Thread.State: TIMED_WAITING
        at sun.misc.Unsafe.park(Native Method)
        at java.util.concurrent.locks.LockSupport.parkNanos(LockSupport.java:215)
        at java.util.concurrent.locks.AbstractQueuedSynchronizer$ConditionObject.awaitNanos(AbstractQueuedSynchronizer.java:2078)
        at java.util.concurrent.LinkedBlockingQueue.poll(LinkedBlockingQueue.java:467)
        at org.apache.hadoop.ipc.CallQueueManager.take(CallQueueManager.java:317)
        at org.apache.hadoop.ipc.Server$Handler.run(Server.java:2942)
"IPC Server handler 0 on default port 34917" daemon prio=5 tid=1199 timed_waiting
java.lang.Thread.State: TIMED_WAITING
        at sun.misc.Unsafe.park(Native Method)
        at java.util.concurrent.locks.LockSupport.parkNanos(LockSupport.java:215)
        at java.util.concurrent.locks.AbstractQueuedSynchronizer$ConditionObject.awaitNanos(AbstractQueuedSynchronizer.java:2078)
        at java.util.concurrent.LinkedBlockingQueue.poll(LinkedBlockingQueue.java:467)
        at org.apache.hadoop.ipc.CallQueueManager.take(CallQueueManager.java:317)
        at org.apache.hadoop.ipc.Server$Handler.run(Server.java:2942)
"qtp1468657944-1367-acceptor-0@4933dfaa-ServerConnector@78567c2c{HTTP/1.1, (http/1.1)}{0.0.0.0:45747}" daemon prio=3 tid=1367 runnable
java.lang.Thread.State: RUNNABLE
        at sun.nio.ch.ServerSocketChannelImpl.accept0(Native Method)
        at sun.nio.ch.ServerSocketChannelImpl.accept(ServerSocketChannelImpl.java:421)
        at sun.nio.ch.ServerSocketChannelImpl.accept(ServerSocketChannelImpl.java:249)
        at org.eclipse.jetty.server.ServerConnector.accept(ServerConnector.java:388)
        at org.eclipse.jetty.server.AbstractConnector$Acceptor.run(AbstractConnector.java:704)
        at org.eclipse.jetty.util.thread.QueuedThreadPool.runJob(QueuedThreadPool.java:883)
        at org.eclipse.jetty.util.thread.QueuedThreadPool$Runner.run(QueuedThreadPool.java:1034)
        at java.lang.Thread.run(Thread.java:750)
"IPC Server handler 4 on default port 43047" daemon prio=5 tid=1223 timed_waiting
java.lang.Thread.State: TIMED_WAITING
        at sun.misc.Unsafe.park(Native Method)
        at java.util.concurrent.locks.LockSupport.parkNanos(LockSupport.java:215)
        at java.util.concurrent.locks.AbstractQueuedSynchronizer$ConditionObject.awaitNanos(AbstractQueuedSynchronizer.java:2078)
        at java.util.concurrent.LinkedBlockingQueue.poll(LinkedBlockingQueue.java:467)
        at org.apache.hadoop.ipc.CallQueueManager.take(CallQueueManager.java:317)
        at org.apache.hadoop.ipc.Server$Handler.run(Server.java:2942)
"qtp1498690052-1395" daemon prio=5 tid=1395 timed_waiting
java.lang.Thread.State: TIMED_WAITING
        at sun.misc.Unsafe.park(Native Method)
        at java.util.concurrent.locks.LockSupport.parkNanos(LockSupport.java:215)
        at java.util.concurrent.locks.AbstractQueuedSynchronizer$ConditionObject.awaitNanos(AbstractQueuedSynchronizer.java:2078)
        at org.eclipse.jetty.util.BlockingArrayQueue.poll(BlockingArrayQueue.java:382)
        at org.eclipse.jetty.util.thread.QueuedThreadPool$Runner.idleJobPoll(QueuedThreadPool.java:974)
        at org.eclipse.jetty.util.thread.QueuedThreadPool$Runner.run(QueuedThreadPool.java:1018)
        at java.lang.Thread.run(Thread.java:750)
"IPC Server Responder" daemon prio=5 tid=1166 runnable
java.lang.Thread.State: RUNNABLE
        at sun.nio.ch.EPollArrayWrapper.epollWait(Native Method)
        at sun.nio.ch.EPollArrayWrapper.poll(EPollArrayWrapper.java:269)
        at sun.nio.ch.EPollSelectorImpl.doSelect(EPollSelectorImpl.java:93)
        at sun.nio.ch.SelectorImpl.lockAndDoSelect(SelectorImpl.java:86)
        at sun.nio.ch.SelectorImpl.select(SelectorImpl.java:97)
        at org.apache.hadoop.ipc.Server$Responder.doRunLoop(Server.java:1532)
        at org.apache.hadoop.ipc.Server$Responder.run(Server.java:1515)
"grpc-default-executor-3" daemon prio=5 tid=1626 timed_waiting
java.lang.Thread.State: TIMED_WAITING
        at sun.misc.Unsafe.park(Native Method)
        at java.util.concurrent.locks.LockSupport.parkNanos(LockSupport.java:215)
        at java.util.concurrent.SynchronousQueue$TransferStack.awaitFulfill(SynchronousQueue.java:460)
        at java.util.concurrent.SynchronousQueue$TransferStack.transfer(SynchronousQueue.java:362)
        at java.util.concurrent.SynchronousQueue.poll(SynchronousQueue.java:941)
        at java.util.concurrent.ThreadPoolExecutor.getTask(ThreadPoolExecutor.java:1073)
        at java.util.concurrent.ThreadPoolExecutor.runWorker(ThreadPoolExecutor.java:1134)
        at java.util.concurrent.ThreadPoolExecutor$Worker.run(ThreadPoolExecutor.java:624)
        at java.lang.Thread.run(Thread.java:750)
"IPC Server handler 9 on default port 39295" daemon prio=5 tid=1291 timed_waiting
java.lang.Thread.State: TIMED_WAITING
        at sun.misc.Unsafe.park(Native Method)
        at java.util.concurrent.locks.LockSupport.parkNanos(LockSupport.java:215)
        at java.util.concurrent.locks.AbstractQueuedSynchronizer$ConditionObject.awaitNanos(AbstractQueuedSynchronizer.java:2078)
        at java.util.concurrent.LinkedBlockingQueue.poll(LinkedBlockingQueue.java:467)
        at org.apache.hadoop.ipc.CallQueueManager.take(CallQueueManager.java:317)
        at org.apache.hadoop.ipc.Server$Handler.run(Server.java:2942)
"IPC Server handler 16 on default port 33985" daemon prio=5 tid=1195 timed_waiting
java.lang.Thread.State: TIMED_WAITING
        at sun.misc.Unsafe.park(Native Method)
        at java.util.concurrent.locks.LockSupport.parkNanos(LockSupport.java:215)
        at java.util.concurrent.locks.AbstractQueuedSynchronizer$ConditionObject.awaitNanos(AbstractQueuedSynchronizer.java:2078)
        at java.util.concurrent.LinkedBlockingQueue.poll(LinkedBlockingQueue.java:467)
        at org.apache.hadoop.ipc.CallQueueManager.take(CallQueueManager.java:317)
        at org.apache.hadoop.ipc.Server$Handler.run(Server.java:2942)
"IPC Server handler 19 on default port 39295" daemon prio=5 tid=1301 timed_waiting
java.lang.Thread.State: TIMED_WAITING
        at sun.misc.Unsafe.park(Native Method)
        at java.util.concurrent.locks.LockSupport.parkNanos(LockSupport.java:215)
        at java.util.concurrent.locks.AbstractQueuedSynchronizer$ConditionObject.awaitNanos(AbstractQueuedSynchronizer.java:2078)
        at java.util.concurrent.LinkedBlockingQueue.poll(LinkedBlockingQueue.java:467)
        at org.apache.hadoop.ipc.CallQueueManager.take(CallQueueManager.java:317)
        at org.apache.hadoop.ipc.Server$Handler.run(Server.java:2942)
"om1-NettyServerStreamRpc-bossGroup--thread1"  prio=5 tid=1255 runnable
java.lang.Thread.State: RUNNABLE
        at sun.nio.ch.EPollArrayWrapper.epollWait(Native Method)
        at sun.nio.ch.EPollArrayWrapper.poll(EPollArrayWrapper.java:269)
        at sun.nio.ch.EPollSelectorImpl.doSelect(EPollSelectorImpl.java:93)
        at sun.nio.ch.SelectorImpl.lockAndDoSelect(SelectorImpl.java:86)
        at sun.nio.ch.SelectorImpl.select(SelectorImpl.java:97)
        at sun.nio.ch.SelectorImpl.select(SelectorImpl.java:101)
        at org.apache.ratis.thirdparty.io.netty.channel.nio.SelectedSelectionKeySetSelector.select(SelectedSelectionKeySetSelector.java:68)
        at org.apache.ratis.thirdparty.io.netty.channel.nio.NioEventLoop.select(NioEventLoop.java:813)
        at org.apache.ratis.thirdparty.io.netty.channel.nio.NioEventLoop.run(NioEventLoop.java:460)
        at org.apache.ratis.thirdparty.io.netty.util.concurrent.SingleThreadEventExecutor$4.run(SingleThreadEventExecutor.java:995)
        at org.apache.ratis.thirdparty.io.netty.util.internal.ThreadExecutorMap$2.run(ThreadExecutorMap.java:74)
        at java.lang.Thread.run(Thread.java:750)
"qtp480678786-1344" daemon prio=5 tid=1344 timed_waiting
java.lang.Thread.State: TIMED_WAITING
        at sun.misc.Unsafe.park(Native Method)
        at java.util.concurrent.locks.LockSupport.parkNanos(LockSupport.java:215)
        at java.util.concurrent.locks.AbstractQueuedSynchronizer$ConditionObject.awaitNanos(AbstractQueuedSynchronizer.java:2078)
        at org.eclipse.jetty.util.BlockingArrayQueue.poll(BlockingArrayQueue.java:382)
        at org.eclipse.jetty.util.thread.QueuedThreadPool$Runner.idleJobPoll(QueuedThreadPool.java:974)
        at org.eclipse.jetty.util.thread.QueuedThreadPool$Runner.run(QueuedThreadPool.java:1018)
        at java.lang.Thread.run(Thread.java:750)
"156d136a-08eb-462a-8e45-2bca38fc9d49-NettyServerStreamRpc-bossGroup--thread1"  prio=5 tid=1389 runnable
java.lang.Thread.State: RUNNABLE
        at sun.nio.ch.EPollArrayWrapper.epollWait(Native Method)
        at sun.nio.ch.EPollArrayWrapper.poll(EPollArrayWrapper.java:269)
        at sun.nio.ch.EPollSelectorImpl.doSelect(EPollSelectorImpl.java:93)
        at sun.nio.ch.SelectorImpl.lockAndDoSelect(SelectorImpl.java:86)
        at sun.nio.ch.SelectorImpl.select(SelectorImpl.java:97)
        at sun.nio.ch.SelectorImpl.select(SelectorImpl.java:101)
        at org.apache.ratis.thirdparty.io.netty.channel.nio.SelectedSelectionKeySetSelector.select(SelectedSelectionKeySetSelector.java:68)
        at org.apache.ratis.thirdparty.io.netty.channel.nio.NioEventLoop.select(NioEventLoop.java:813)
        at org.apache.ratis.thirdparty.io.netty.channel.nio.NioEventLoop.run(NioEventLoop.java:460)
        at org.apache.ratis.thirdparty.io.netty.util.concurrent.SingleThreadEventExecutor$4.run(SingleThreadEventExecutor.java:995)
        at org.apache.ratis.thirdparty.io.netty.util.internal.ThreadExecutorMap$2.run(ThreadExecutorMap.java:74)
        at java.lang.Thread.run(Thread.java:750)
"org.apache.hadoop.ozone.container.common.statemachine.commandhandler.DeleteBlocksCommandHandler$DeleteCmdWorker@478dc67c" daemon prio=5 tid=1337 timed_waiting
java.lang.Thread.State: TIMED_WAITING
        at java.lang.Thread.sleep(Native Method)
        at org.apache.hadoop.ozone.container.common.statemachine.commandhandler.DeleteBlocksCommandHandler$DeleteCmdWorker.run(DeleteBlocksCommandHandler.java:184)
        at java.lang.Thread.run(Thread.java:750)
"Periodic HDDS volume checker" daemon prio=5 tid=1304 timed_waiting
java.lang.Thread.State: TIMED_WAITING
        at sun.misc.Unsafe.park(Native Method)
        at java.util.concurrent.locks.LockSupport.parkNanos(LockSupport.java:215)
        at java.util.concurrent.locks.AbstractQueuedSynchronizer$ConditionObject.awaitNanos(AbstractQueuedSynchronizer.java:2078)
        at java.util.concurrent.ScheduledThreadPoolExecutor$DelayedWorkQueue.take(ScheduledThreadPoolExecutor.java:1093)
        at java.util.concurrent.ScheduledThreadPoolExecutor$DelayedWorkQueue.take(ScheduledThreadPoolExecutor.java:809)
        at java.util.concurrent.ThreadPoolExecutor.getTask(ThreadPoolExecutor.java:1074)
        at java.util.concurrent.ThreadPoolExecutor.runWorker(ThreadPoolExecutor.java:1134)
        at java.util.concurrent.ThreadPoolExecutor$Worker.run(ThreadPoolExecutor.java:624)
        at java.lang.Thread.run(Thread.java:750)
"72a8f579-b929-42a4-a748-3b6f638fc788@group-1926F592E147-SegmentedRaftLogWorker"  prio=5 tid=1584 timed_waiting
java.lang.Thread.State: TIMED_WAITING
        at sun.misc.Unsafe.park(Native Method)
        at java.util.concurrent.locks.LockSupport.parkNanos(LockSupport.java:215)
        at java.util.concurrent.locks.AbstractQueuedSynchronizer$ConditionObject.awaitNanos(AbstractQueuedSynchronizer.java:2078)
        at org.apache.ratis.util.DataBlockingQueue.poll(DataBlockingQueue.java:148)
        at org.apache.ratis.server.raftlog.segmented.SegmentedRaftLogWorker.run(SegmentedRaftLogWorker.java:312)
        at org.apache.ratis.server.raftlog.segmented.SegmentedRaftLogWorker$$Lambda$708/2091679541.run(Unknown Source)
        at java.lang.Thread.run(Thread.java:750)
"org.apache.hadoop.ozone.container.common.statemachine.commandhandler.DeleteBlocksCommandHandler$DeleteCmdWorker@4257adf9" daemon prio=5 tid=1447 timed_waiting
java.lang.Thread.State: TIMED_WAITING
        at java.lang.Thread.sleep(Native Method)
        at org.apache.hadoop.ozone.container.common.statemachine.commandhandler.DeleteBlocksCommandHandler$DeleteCmdWorker.run(DeleteBlocksCommandHandler.java:184)
        at java.lang.Thread.run(Thread.java:750)
"qtp1593287956-1274" daemon prio=5 tid=1274 timed_waiting
java.lang.Thread.State: TIMED_WAITING
        at sun.misc.Unsafe.park(Native Method)
        at java.util.concurrent.locks.LockSupport.parkNanos(LockSupport.java:215)
        at java.util.concurrent.locks.AbstractQueuedSynchronizer$ConditionObject.awaitNanos(AbstractQueuedSynchronizer.java:2078)
        at org.eclipse.jetty.util.BlockingArrayQueue.poll(BlockingArrayQueue.java:382)
        at org.eclipse.jetty.util.thread.QueuedThreadPool$Runner.idleJobPoll(QueuedThreadPool.java:974)
        at org.eclipse.jetty.util.thread.QueuedThreadPool$Runner.run(QueuedThreadPool.java:1018)
        at java.lang.Thread.run(Thread.java:750)
"IPC Server handler 18 on default port 33985" daemon prio=5 tid=1197 timed_waiting
java.lang.Thread.State: TIMED_WAITING
        at sun.misc.Unsafe.park(Native Method)
        at java.util.concurrent.locks.LockSupport.parkNanos(LockSupport.java:215)
        at java.util.concurrent.locks.AbstractQueuedSynchronizer$ConditionObject.awaitNanos(AbstractQueuedSynchronizer.java:2078)
        at java.util.concurrent.LinkedBlockingQueue.poll(LinkedBlockingQueue.java:467)
        at org.apache.hadoop.ipc.CallQueueManager.take(CallQueueManager.java:317)
        at org.apache.hadoop.ipc.Server$Handler.run(Server.java:2942)
"IPC Server handler 9 on default port 43047" daemon prio=5 tid=1228 timed_waiting
java.lang.Thread.State: TIMED_WAITING
        at sun.misc.Unsafe.park(Native Method)
        at java.util.concurrent.locks.LockSupport.parkNanos(LockSupport.java:215)
        at java.util.concurrent.locks.AbstractQueuedSynchronizer$ConditionObject.awaitNanos(AbstractQueuedSynchronizer.java:2078)
        at java.util.concurrent.LinkedBlockingQueue.poll(LinkedBlockingQueue.java:467)
        at org.apache.hadoop.ipc.CallQueueManager.take(CallQueueManager.java:317)
        at org.apache.hadoop.ipc.Server$Handler.run(Server.java:2942)
"ChunkReader-ELG-0" daemon prio=5 tid=1475 runnable
java.lang.Thread.State: RUNNABLE
        at org.apache.ratis.thirdparty.io.netty.channel.epoll.Native.epollWait(Native Method)
        at org.apache.ratis.thirdparty.io.netty.channel.epoll.Native.epollWait(Native.java:209)
        at org.apache.ratis.thirdparty.io.netty.channel.epoll.Native.epollWait(Native.java:202)
        at org.apache.ratis.thirdparty.io.netty.channel.epoll.EpollEventLoop.epollWaitNoTimerChange(EpollEventLoop.java:294)
        at org.apache.ratis.thirdparty.io.netty.channel.epoll.EpollEventLoop.run(EpollEventLoop.java:351)
        at org.apache.ratis.thirdparty.io.netty.util.concurrent.SingleThreadEventExecutor$4.run(SingleThreadEventExecutor.java:995)
        at org.apache.ratis.thirdparty.io.netty.util.internal.ThreadExecutorMap$2.run(ThreadExecutorMap.java:74)
        at java.lang.Thread.run(Thread.java:750)
"IPC Server handler 14 on default port 43047" daemon prio=5 tid=1233 timed_waiting
java.lang.Thread.State: TIMED_WAITING
        at sun.misc.Unsafe.park(Native Method)
        at java.util.concurrent.locks.LockSupport.parkNanos(LockSupport.java:215)
        at java.util.concurrent.locks.AbstractQueuedSynchronizer$ConditionObject.awaitNanos(AbstractQueuedSynchronizer.java:2078)
        at java.util.concurrent.LinkedBlockingQueue.poll(LinkedBlockingQueue.java:467)
        at org.apache.hadoop.ipc.CallQueueManager.take(CallQueueManager.java:317)
        at org.apache.hadoop.ipc.Server$Handler.run(Server.java:2942)
"FixedThreadPoolWithAffinityExecutor-2-0" daemon prio=5 tid=1169 timed_waiting
java.lang.Thread.State: TIMED_WAITING
        at sun.misc.Unsafe.park(Native Method)
        at java.util.concurrent.locks.LockSupport.parkNanos(LockSupport.java:215)
        at java.util.concurrent.locks.AbstractQueuedSynchronizer$ConditionObject.awaitNanos(AbstractQueuedSynchronizer.java:2078)
        at java.util.concurrent.LinkedBlockingQueue.poll(LinkedBlockingQueue.java:467)
        at org.apache.hadoop.hdds.scm.server.ContainerReportQueue.poll(ContainerReportQueue.java:266)
        at org.apache.hadoop.hdds.scm.server.ContainerReportQueue.poll(ContainerReportQueue.java:42)
        at org.apache.hadoop.hdds.server.events.FixedThreadPoolWithAffinityExecutor$ContainerReportProcessTask.run(FixedThreadPoolWithAffinityExecutor.java:247)
        at java.util.concurrent.Executors$RunnableAdapter.call(Executors.java:511)
        at java.util.concurrent.FutureTask.run(FutureTask.java:266)
        at java.util.concurrent.ThreadPoolExecutor.runWorker(ThreadPoolExecutor.java:1149)
        at java.util.concurrent.ThreadPoolExecutor$Worker.run(ThreadPoolExecutor.java:624)
        at java.lang.Thread.run(Thread.java:750)
"org.apache.hadoop.util.JvmPauseMonitor$Monitor@562ffb3c" daemon prio=5 tid=1438 timed_waiting
java.lang.Thread.State: TIMED_WAITING
        at java.lang.Thread.sleep(Native Method)
        at org.apache.hadoop.util.JvmPauseMonitor$Monitor.run(JvmPauseMonitor.java:192)
        at java.lang.Thread.run(Thread.java:750)
"pool-541-thread-1"  prio=5 tid=1547 in Object.wait()
java.lang.Thread.State: WAITING (on object monitor)
        at sun.misc.Unsafe.park(Native Method)
        at java.util.concurrent.locks.LockSupport.park(LockSupport.java:175)
        at java.util.concurrent.locks.AbstractQueuedSynchronizer$ConditionObject.await(AbstractQueuedSynchronizer.java:2039)
        at java.util.concurrent.LinkedBlockingQueue.take(LinkedBlockingQueue.java:442)
        at java.util.concurrent.ThreadPoolExecutor.getTask(ThreadPoolExecutor.java:1074)
        at java.util.concurrent.ThreadPoolExecutor.runWorker(ThreadPoolExecutor.java:1134)
        at java.util.concurrent.ThreadPoolExecutor$Worker.run(ThreadPoolExecutor.java:624)
        at java.lang.Thread.run(Thread.java:750)
"pool-603-thread-1" daemon prio=5 tid=1387 timed_waiting
java.lang.Thread.State: TIMED_WAITING
        at sun.misc.Unsafe.park(Native Method)
        at java.util.concurrent.locks.LockSupport.parkNanos(LockSupport.java:215)
        at java.util.concurrent.locks.AbstractQueuedSynchronizer$ConditionObject.awaitNanos(AbstractQueuedSynchronizer.java:2078)
        at java.util.concurrent.ScheduledThreadPoolExecutor$DelayedWorkQueue.take(ScheduledThreadPoolExecutor.java:1093)
        at java.util.concurrent.ScheduledThreadPoolExecutor$DelayedWorkQueue.take(ScheduledThreadPoolExecutor.java:809)
        at java.util.concurrent.ThreadPoolExecutor.getTask(ThreadPoolExecutor.java:1074)
        at java.util.concurrent.ThreadPoolExecutor.runWorker(ThreadPoolExecutor.java:1134)
        at java.util.concurrent.ThreadPoolExecutor$Worker.run(ThreadPoolExecutor.java:624)
        at java.lang.Thread.run(Thread.java:750)
"Datanode ReportManager Thread - 1" daemon prio=5 tid=1460 in Object.wait()
java.lang.Thread.State: WAITING (on object monitor)
        at sun.misc.Unsafe.park(Native Method)
        at java.util.concurrent.locks.LockSupport.park(LockSupport.java:175)
        at java.util.concurrent.locks.AbstractQueuedSynchronizer$ConditionObject.await(AbstractQueuedSynchronizer.java:2039)
        at java.util.concurrent.ScheduledThreadPoolExecutor$DelayedWorkQueue.take(ScheduledThreadPoolExecutor.java:1088)
        at java.util.concurrent.ScheduledThreadPoolExecutor$DelayedWorkQueue.take(ScheduledThreadPoolExecutor.java:809)
        at java.util.concurrent.ThreadPoolExecutor.getTask(ThreadPoolExecutor.java:1074)
        at java.util.concurrent.ThreadPoolExecutor.runWorker(ThreadPoolExecutor.java:1134)
        at java.util.concurrent.ThreadPoolExecutor$Worker.run(ThreadPoolExecutor.java:624)
        at java.lang.Thread.run(Thread.java:750)
"StaleRecoveringContainerScrubbingService#1" daemon prio=5 tid=1539 timed_waiting
java.lang.Thread.State: TIMED_WAITING
        at sun.misc.Unsafe.park(Native Method)
        at java.util.concurrent.locks.LockSupport.parkNanos(LockSupport.java:215)
        at java.util.concurrent.locks.AbstractQueuedSynchronizer$ConditionObject.awaitNanos(AbstractQueuedSynchronizer.java:2078)
        at java.util.concurrent.ScheduledThreadPoolExecutor$DelayedWorkQueue.take(ScheduledThreadPoolExecutor.java:1093)
        at java.util.concurrent.ScheduledThreadPoolExecutor$DelayedWorkQueue.take(ScheduledThreadPoolExecutor.java:809)
        at java.util.concurrent.ThreadPoolExecutor.getTask(ThreadPoolExecutor.java:1074)
        at java.util.concurrent.ThreadPoolExecutor.runWorker(ThreadPoolExecutor.java:1134)
        at java.util.concurrent.ThreadPoolExecutor$Worker.run(ThreadPoolExecutor.java:624)
        at java.lang.Thread.run(Thread.java:750)
"IPC Server handler 10 on default port 39295" daemon prio=5 tid=1292 timed_waiting
java.lang.Thread.State: TIMED_WAITING
        at sun.misc.Unsafe.park(Native Method)
        at java.util.concurrent.locks.LockSupport.parkNanos(LockSupport.java:215)
        at java.util.concurrent.locks.AbstractQueuedSynchronizer$ConditionObject.awaitNanos(AbstractQueuedSynchronizer.java:2078)
        at java.util.concurrent.LinkedBlockingQueue.poll(LinkedBlockingQueue.java:467)
        at org.apache.hadoop.ipc.CallQueueManager.take(CallQueueManager.java:317)
        at org.apache.hadoop.ipc.Server$Handler.run(Server.java:2942)
"org.apache.hadoop.util.JvmPauseMonitor$Monitor@2d6a407a" daemon prio=5 tid=1465 timed_waiting
java.lang.Thread.State: TIMED_WAITING
        at java.lang.Thread.sleep(Native Method)
        at org.apache.hadoop.util.JvmPauseMonitor$Monitor.run(JvmPauseMonitor.java:192)
        at java.lang.Thread.run(Thread.java:750)
"qtp1468657944-1370" daemon prio=5 tid=1370 timed_waiting
java.lang.Thread.State: TIMED_WAITING
        at sun.misc.Unsafe.park(Native Method)
        at java.util.concurrent.locks.LockSupport.parkNanos(LockSupport.java:215)
        at java.util.concurrent.locks.AbstractQueuedSynchronizer$ConditionObject.awaitNanos(AbstractQueuedSynchronizer.java:2078)
        at org.eclipse.jetty.util.BlockingArrayQueue.poll(BlockingArrayQueue.java:382)
        at org.eclipse.jetty.util.thread.QueuedThreadPool$Runner.idleJobPoll(QueuedThreadPool.java:974)
        at org.eclipse.jetty.util.thread.QueuedThreadPool$Runner.run(QueuedThreadPool.java:1018)
        at java.lang.Thread.run(Thread.java:750)
"IPC Server handler 6 on default port 43047" daemon prio=5 tid=1225 timed_waiting
java.lang.Thread.State: TIMED_WAITING
        at sun.misc.Unsafe.park(Native Method)
        at java.util.concurrent.locks.LockSupport.parkNanos(LockSupport.java:215)
        at java.util.concurrent.locks.AbstractQueuedSynchronizer$ConditionObject.awaitNanos(AbstractQueuedSynchronizer.java:2078)
        at java.util.concurrent.LinkedBlockingQueue.poll(LinkedBlockingQueue.java:467)
        at org.apache.hadoop.ipc.CallQueueManager.take(CallQueueManager.java:317)
        at org.apache.hadoop.ipc.Server$Handler.run(Server.java:2942)
"f143390d-7c87-4621-8359-d245efaa75b3-server-thread2" daemon prio=5 tid=1700 timed_waiting
java.lang.Thread.State: TIMED_WAITING
        at sun.misc.Unsafe.park(Native Method)
        at java.util.concurrent.locks.LockSupport.parkNanos(LockSupport.java:215)
        at java.util.concurrent.SynchronousQueue$TransferStack.awaitFulfill(SynchronousQueue.java:460)
        at java.util.concurrent.SynchronousQueue$TransferStack.transfer(SynchronousQueue.java:362)
        at java.util.concurrent.SynchronousQueue.poll(SynchronousQueue.java:941)
        at java.util.concurrent.ThreadPoolExecutor.getTask(ThreadPoolExecutor.java:1073)
        at java.util.concurrent.ThreadPoolExecutor.runWorker(ThreadPoolExecutor.java:1134)
        at java.util.concurrent.ThreadPoolExecutor$Worker.run(ThreadPoolExecutor.java:624)
        at java.lang.Thread.run(Thread.java:750)
"ChunkWriter-3-0" daemon prio=5 tid=1521 in Object.wait()
java.lang.Thread.State: WAITING (on object monitor)
        at sun.misc.Unsafe.park(Native Method)
        at java.util.concurrent.locks.LockSupport.park(LockSupport.java:175)
        at java.util.concurrent.locks.AbstractQueuedSynchronizer$ConditionObject.await(AbstractQueuedSynchronizer.java:2039)
        at java.util.concurrent.LinkedBlockingDeque.takeFirst(LinkedBlockingDeque.java:492)
        at java.util.concurrent.LinkedBlockingDeque.take(LinkedBlockingDeque.java:680)
        at java.util.concurrent.ThreadPoolExecutor.getTask(ThreadPoolExecutor.java:1074)
        at java.util.concurrent.ThreadPoolExecutor.runWorker(ThreadPoolExecutor.java:1134)
        at java.util.concurrent.ThreadPoolExecutor$Worker.run(ThreadPoolExecutor.java:624)
        at java.lang.Thread.run(Thread.java:750)
"IPC Server handler 18 on default port 43047" daemon prio=5 tid=1237 timed_waiting
java.lang.Thread.State: TIMED_WAITING
        at sun.misc.Unsafe.park(Native Method)
        at java.util.concurrent.locks.LockSupport.parkNanos(LockSupport.java:215)
        at java.util.concurrent.locks.AbstractQueuedSynchronizer$ConditionObject.awaitNanos(AbstractQueuedSynchronizer.java:2078)
        at java.util.concurrent.LinkedBlockingQueue.poll(LinkedBlockingQueue.java:467)
        at org.apache.hadoop.ipc.CallQueueManager.take(CallQueueManager.java:317)
        at org.apache.hadoop.ipc.Server$Handler.run(Server.java:2942)
"IPC Server handler 18 on default port 34917" daemon prio=5 tid=1217 timed_waiting
java.lang.Thread.State: TIMED_WAITING
        at sun.misc.Unsafe.park(Native Method)
        at java.util.concurrent.locks.LockSupport.parkNanos(LockSupport.java:215)
        at java.util.concurrent.locks.AbstractQueuedSynchronizer$ConditionObject.awaitNanos(AbstractQueuedSynchronizer.java:2078)
        at java.util.concurrent.LinkedBlockingQueue.poll(LinkedBlockingQueue.java:467)
        at org.apache.hadoop.ipc.CallQueueManager.take(CallQueueManager.java:317)
        at org.apache.hadoop.ipc.Server$Handler.run(Server.java:2942)
"Over Replicated Processor" daemon prio=5 tid=1153 timed_waiting
java.lang.Thread.State: TIMED_WAITING
        at java.lang.Object.wait(Native Method)
        at org.apache.hadoop.hdds.scm.container.replication.UnhealthyReplicationProcessor.run(UnhealthyReplicationProcessor.java:135)
        at java.lang.Thread.run(Thread.java:750)
"qtp264282319-1249" daemon prio=5 tid=1249 timed_waiting
java.lang.Thread.State: TIMED_WAITING
        at sun.misc.Unsafe.park(Native Method)
        at java.util.concurrent.locks.LockSupport.parkNanos(LockSupport.java:215)
        at java.util.concurrent.locks.AbstractQueuedSynchronizer$ConditionObject.awaitNanos(AbstractQueuedSynchronizer.java:2078)
        at org.eclipse.jetty.util.BlockingArrayQueue.poll(BlockingArrayQueue.java:382)
        at org.eclipse.jetty.util.thread.QueuedThreadPool$Runner.idleJobPoll(QueuedThreadPool.java:974)
        at org.eclipse.jetty.util.thread.QueuedThreadPool$Runner.run(QueuedThreadPool.java:1018)
        at java.lang.Thread.run(Thread.java:750)
"IPC Server handler 3 on default port 39295" daemon prio=5 tid=1285 timed_waiting
java.lang.Thread.State: TIMED_WAITING
        at sun.misc.Unsafe.park(Native Method)
        at java.util.concurrent.locks.LockSupport.parkNanos(LockSupport.java:215)
        at java.util.concurrent.locks.AbstractQueuedSynchronizer$ConditionObject.awaitNanos(AbstractQueuedSynchronizer.java:2078)
        at java.util.concurrent.LinkedBlockingQueue.poll(LinkedBlockingQueue.java:467)
        at org.apache.hadoop.ipc.CallQueueManager.take(CallQueueManager.java:317)
        at org.apache.hadoop.ipc.Server$Handler.run(Server.java:2942)
"Datanode ReportManager Thread - 4" daemon prio=5 tid=1463 timed_waiting
java.lang.Thread.State: TIMED_WAITING
        at sun.misc.Unsafe.park(Native Method)
        at java.util.concurrent.locks.LockSupport.parkNanos(LockSupport.java:215)
        at java.util.concurrent.locks.AbstractQueuedSynchronizer$ConditionObject.awaitNanos(AbstractQueuedSynchronizer.java:2078)
        at java.util.concurrent.ScheduledThreadPoolExecutor$DelayedWorkQueue.take(ScheduledThreadPoolExecutor.java:1093)
        at java.util.concurrent.ScheduledThreadPoolExecutor$DelayedWorkQueue.take(ScheduledThreadPoolExecutor.java:809)
        at java.util.concurrent.ThreadPoolExecutor.getTask(ThreadPoolExecutor.java:1074)
        at java.util.concurrent.ThreadPoolExecutor.runWorker(ThreadPoolExecutor.java:1134)
        at java.util.concurrent.ThreadPoolExecutor$Worker.run(ThreadPoolExecutor.java:624)
        at java.lang.Thread.run(Thread.java:750)
"EventQueue-NodeRegistrationContainerReportForDataNodeSafeModeRule" daemon prio=5 tid=1542 in Object.wait()
java.lang.Thread.State: WAITING (on object monitor)
        at sun.misc.Unsafe.park(Native Method)
        at java.util.concurrent.locks.LockSupport.park(LockSupport.java:175)
        at java.util.concurrent.locks.AbstractQueuedSynchronizer$ConditionObject.await(AbstractQueuedSynchronizer.java:2039)
        at java.util.concurrent.LinkedBlockingQueue.take(LinkedBlockingQueue.java:442)
        at java.util.concurrent.ThreadPoolExecutor.getTask(ThreadPoolExecutor.java:1074)
        at java.util.concurrent.ThreadPoolExecutor.runWorker(ThreadPoolExecutor.java:1134)
        at java.util.concurrent.ThreadPoolExecutor$Worker.run(ThreadPoolExecutor.java:624)
        at java.lang.Thread.run(Thread.java:750)
"Socket Reader #1 for port 0"  prio=5 tid=1156 runnable
java.lang.Thread.State: RUNNABLE
        at sun.nio.ch.EPollArrayWrapper.epollWait(Native Method)
        at sun.nio.ch.EPollArrayWrapper.poll(EPollArrayWrapper.java:269)
        at sun.nio.ch.EPollSelectorImpl.doSelect(EPollSelectorImpl.java:93)
        at sun.nio.ch.SelectorImpl.lockAndDoSelect(SelectorImpl.java:86)
        at sun.nio.ch.SelectorImpl.select(SelectorImpl.java:97)
        at sun.nio.ch.SelectorImpl.select(SelectorImpl.java:101)
        at org.apache.hadoop.ipc.Server$Listener$Reader.doRunLoop(Server.java:1296)
        at org.apache.hadoop.ipc.Server$Listener$Reader.run(Server.java:1275)
"Datanode ReportManager Thread - 0" daemon prio=5 tid=1459 in Object.wait()
java.lang.Thread.State: WAITING (on object monitor)
        at sun.misc.Unsafe.park(Native Method)
        at java.util.concurrent.locks.LockSupport.park(LockSupport.java:175)
        at java.util.concurrent.locks.AbstractQueuedSynchronizer$ConditionObject.await(AbstractQueuedSynchronizer.java:2039)
        at java.util.concurrent.ScheduledThreadPoolExecutor$DelayedWorkQueue.take(ScheduledThreadPoolExecutor.java:1088)
        at java.util.concurrent.ScheduledThreadPoolExecutor$DelayedWorkQueue.take(ScheduledThreadPoolExecutor.java:809)
        at java.util.concurrent.ThreadPoolExecutor.getTask(ThreadPoolExecutor.java:1074)
        at java.util.concurrent.ThreadPoolExecutor.runWorker(ThreadPoolExecutor.java:1134)
        at java.util.concurrent.ThreadPoolExecutor$Worker.run(ThreadPoolExecutor.java:624)
        at java.lang.Thread.run(Thread.java:750)
"BlockDeletingService#0" daemon prio=5 tid=1512 in Object.wait()
java.lang.Thread.State: WAITING (on object monitor)
        at sun.misc.Unsafe.park(Native Method)
        at java.util.concurrent.locks.LockSupport.park(LockSupport.java:175)
        at java.util.concurrent.locks.AbstractQueuedSynchronizer$ConditionObject.await(AbstractQueuedSynchronizer.java:2039)
        at java.util.concurrent.ScheduledThreadPoolExecutor$DelayedWorkQueue.take(ScheduledThreadPoolExecutor.java:1088)
        at java.util.concurrent.ScheduledThreadPoolExecutor$DelayedWorkQueue.take(ScheduledThreadPoolExecutor.java:809)
        at java.util.concurrent.ThreadPoolExecutor.getTask(ThreadPoolExecutor.java:1074)
        at java.util.concurrent.ThreadPoolExecutor.runWorker(ThreadPoolExecutor.java:1134)
        at java.util.concurrent.ThreadPoolExecutor$Worker.run(ThreadPoolExecutor.java:624)
        at java.lang.Thread.run(Thread.java:750)
"f143390d-7c87-4621-8359-d245efaa75b3@group-1926F592E147-SegmentedRaftLogWorker"  prio=5 tid=1579 timed_waiting
java.lang.Thread.State: TIMED_WAITING
        at sun.misc.Unsafe.park(Native Method)
        at java.util.concurrent.locks.LockSupport.parkNanos(LockSupport.java:215)
        at java.util.concurrent.locks.AbstractQueuedSynchronizer$ConditionObject.awaitNanos(AbstractQueuedSynchronizer.java:2078)
        at org.apache.ratis.util.DataBlockingQueue.poll(DataBlockingQueue.java:148)
        at org.apache.ratis.server.raftlog.segmented.SegmentedRaftLogWorker.run(SegmentedRaftLogWorker.java:312)
        at org.apache.ratis.server.raftlog.segmented.SegmentedRaftLogWorker$$Lambda$708/2091679541.run(Unknown Source)
        at java.lang.Thread.run(Thread.java:750)
"IPC Server handler 8 on default port 43047" daemon prio=5 tid=1227 timed_waiting
java.lang.Thread.State: TIMED_WAITING
        at sun.misc.Unsafe.park(Native Method)
        at java.util.concurrent.locks.LockSupport.parkNanos(LockSupport.java:215)
        at java.util.concurrent.locks.AbstractQueuedSynchronizer$ConditionObject.awaitNanos(AbstractQueuedSynchronizer.java:2078)
        at java.util.concurrent.LinkedBlockingQueue.poll(LinkedBlockingQueue.java:467)
        at org.apache.hadoop.ipc.CallQueueManager.take(CallQueueManager.java:317)
        at org.apache.hadoop.ipc.Server$Handler.run(Server.java:2942)
"Datanode ReportManager Thread - 1" daemon prio=5 tid=1377 in Object.wait()
java.lang.Thread.State: WAITING (on object monitor)
        at sun.misc.Unsafe.park(Native Method)
        at java.util.concurrent.locks.LockSupport.park(LockSupport.java:175)
        at java.util.concurrent.locks.AbstractQueuedSynchronizer$ConditionObject.await(AbstractQueuedSynchronizer.java:2039)
        at java.util.concurrent.ScheduledThreadPoolExecutor$DelayedWorkQueue.take(ScheduledThreadPoolExecutor.java:1088)
        at java.util.concurrent.ScheduledThreadPoolExecutor$DelayedWorkQueue.take(ScheduledThreadPoolExecutor.java:809)
        at java.util.concurrent.ThreadPoolExecutor.getTask(ThreadPoolExecutor.java:1074)
        at java.util.concurrent.ThreadPoolExecutor.runWorker(ThreadPoolExecutor.java:1134)
        at java.util.concurrent.ThreadPoolExecutor$Worker.run(ThreadPoolExecutor.java:624)
        at java.lang.Thread.run(Thread.java:750)
"ChunkWriter-1-0" daemon prio=5 tid=1531 in Object.wait()
java.lang.Thread.State: WAITING (on object monitor)
        at sun.misc.Unsafe.park(Native Method)
        at java.util.concurrent.locks.LockSupport.park(LockSupport.java:175)
        at java.util.concurrent.locks.AbstractQueuedSynchronizer$ConditionObject.await(AbstractQueuedSynchronizer.java:2039)
        at java.util.concurrent.LinkedBlockingDeque.takeFirst(LinkedBlockingDeque.java:492)
        at java.util.concurrent.LinkedBlockingDeque.take(LinkedBlockingDeque.java:680)
        at java.util.concurrent.ThreadPoolExecutor.getTask(ThreadPoolExecutor.java:1074)
        at java.util.concurrent.ThreadPoolExecutor.runWorker(ThreadPoolExecutor.java:1134)
        at java.util.concurrent.ThreadPoolExecutor$Worker.run(ThreadPoolExecutor.java:624)
        at java.lang.Thread.run(Thread.java:750)
"DirectoryDeletingService#0" daemon prio=5 tid=1270 timed_waiting
java.lang.Thread.State: TIMED_WAITING
        at sun.misc.Unsafe.park(Native Method)
        at java.util.concurrent.locks.LockSupport.parkNanos(LockSupport.java:215)
        at java.util.concurrent.locks.AbstractQueuedSynchronizer$ConditionObject.awaitNanos(AbstractQueuedSynchronizer.java:2078)
        at java.util.concurrent.ScheduledThreadPoolExecutor$DelayedWorkQueue.take(ScheduledThreadPoolExecutor.java:1093)
        at java.util.concurrent.ScheduledThreadPoolExecutor$DelayedWorkQueue.take(ScheduledThreadPoolExecutor.java:809)
        at java.util.concurrent.ThreadPoolExecutor.getTask(ThreadPoolExecutor.java:1074)
        at java.util.concurrent.ThreadPoolExecutor.runWorker(ThreadPoolExecutor.java:1134)
        at java.util.concurrent.ThreadPoolExecutor$Worker.run(ThreadPoolExecutor.java:624)
        at java.lang.Thread.run(Thread.java:750)
"EventQueue-PipelineReportForPipelineReportHandler" daemon prio=5 tid=1544 in Object.wait()
java.lang.Thread.State: WAITING (on object monitor)
        at sun.misc.Unsafe.park(Native Method)
        at java.util.concurrent.locks.LockSupport.park(LockSupport.java:175)
        at java.util.concurrent.locks.AbstractQueuedSynchronizer$ConditionObject.await(AbstractQueuedSynchronizer.java:2039)
        at java.util.concurrent.LinkedBlockingQueue.take(LinkedBlockingQueue.java:442)
        at java.util.concurrent.ThreadPoolExecutor.getTask(ThreadPoolExecutor.java:1074)
        at java.util.concurrent.ThreadPoolExecutor.runWorker(ThreadPoolExecutor.java:1134)
        at java.util.concurrent.ThreadPoolExecutor$Worker.run(ThreadPoolExecutor.java:624)
        at java.lang.Thread.run(Thread.java:750)
"qtp2046616631-1455" daemon prio=5 tid=1455 timed_waiting
java.lang.Thread.State: TIMED_WAITING
        at sun.misc.Unsafe.park(Native Method)
        at java.util.concurrent.locks.LockSupport.parkNanos(LockSupport.java:215)
        at java.util.concurrent.locks.AbstractQueuedSynchronizer$ConditionObject.awaitNanos(AbstractQueuedSynchronizer.java:2078)
        at org.eclipse.jetty.util.BlockingArrayQueue.poll(BlockingArrayQueue.java:382)
        at org.eclipse.jetty.util.thread.QueuedThreadPool$Runner.idleJobPoll(QueuedThreadPool.java:974)
        at org.eclipse.jetty.util.thread.QueuedThreadPool$Runner.run(QueuedThreadPool.java:1018)
        at java.lang.Thread.run(Thread.java:750)
"timer5" daemon prio=5 tid=524 timed_waiting
java.lang.Thread.State: TIMED_WAITING
        at java.lang.Object.wait(Native Method)
        at java.util.TimerThread.mainLoop(Timer.java:552)
        at java.util.TimerThread.run(Timer.java:505)
"qtp101162911-1314" daemon prio=5 tid=1314 timed_waiting
java.lang.Thread.State: TIMED_WAITING
        at sun.misc.Unsafe.park(Native Method)
        at java.util.concurrent.locks.LockSupport.parkNanos(LockSupport.java:215)
        at java.util.concurrent.locks.AbstractQueuedSynchronizer$ConditionObject.awaitNanos(AbstractQueuedSynchronizer.java:2078)
        at org.eclipse.jetty.util.BlockingArrayQueue.poll(BlockingArrayQueue.java:382)
        at org.eclipse.jetty.util.thread.QueuedThreadPool$Runner.idleJobPoll(QueuedThreadPool.java:974)
        at org.eclipse.jetty.util.thread.QueuedThreadPool$Runner.run(QueuedThreadPool.java:1018)
        at java.lang.Thread.run(Thread.java:750)
"IPC Server idle connection scanner for port 33985" daemon prio=5 tid=1165 timed_waiting
java.lang.Thread.State: TIMED_WAITING
        at java.lang.Object.wait(Native Method)
        at java.util.TimerThread.mainLoop(Timer.java:552)
        at java.util.TimerThread.run(Timer.java:505)
"Datanode ReportManager Thread - 1" daemon prio=5 tid=1350 in Object.wait()
java.lang.Thread.State: WAITING (on object monitor)
        at sun.misc.Unsafe.park(Native Method)
        at java.util.concurrent.locks.LockSupport.park(LockSupport.java:175)
        at java.util.concurrent.locks.AbstractQueuedSynchronizer$ConditionObject.await(AbstractQueuedSynchronizer.java:2039)
        at java.util.concurrent.ScheduledThreadPoolExecutor$DelayedWorkQueue.take(ScheduledThreadPoolExecutor.java:1088)
        at java.util.concurrent.ScheduledThreadPoolExecutor$DelayedWorkQueue.take(ScheduledThreadPoolExecutor.java:809)
        at java.util.concurrent.ThreadPoolExecutor.getTask(ThreadPoolExecutor.java:1074)
        at java.util.concurrent.ThreadPoolExecutor.runWorker(ThreadPoolExecutor.java:1134)
        at java.util.concurrent.ThreadPoolExecutor$Worker.run(ThreadPoolExecutor.java:624)
        at java.lang.Thread.run(Thread.java:750)
"qtp1277859572-1424" daemon prio=5 tid=1424 timed_waiting
java.lang.Thread.State: TIMED_WAITING
        at sun.misc.Unsafe.park(Native Method)
        at java.util.concurrent.locks.LockSupport.parkNanos(LockSupport.java:215)
        at java.util.concurrent.locks.AbstractQueuedSynchronizer$ConditionObject.awaitNanos(AbstractQueuedSynchronizer.java:2078)
        at org.eclipse.jetty.util.BlockingArrayQueue.poll(BlockingArrayQueue.java:382)
        at org.eclipse.jetty.util.thread.QueuedThreadPool$Runner.idleJobPoll(QueuedThreadPool.java:974)
        at org.eclipse.jetty.util.thread.QueuedThreadPool$Runner.run(QueuedThreadPool.java:1018)
        at java.lang.Thread.run(Thread.java:750)
"IPC Server handler 10 on default port 33985" daemon prio=5 tid=1189 timed_waiting
java.lang.Thread.State: TIMED_WAITING
        at sun.misc.Unsafe.park(Native Method)
        at java.util.concurrent.locks.LockSupport.parkNanos(LockSupport.java:215)
        at java.util.concurrent.locks.AbstractQueuedSynchronizer$ConditionObject.awaitNanos(AbstractQueuedSynchronizer.java:2078)
        at java.util.concurrent.LinkedBlockingQueue.poll(LinkedBlockingQueue.java:467)
        at org.apache.hadoop.ipc.CallQueueManager.take(CallQueueManager.java:317)
        at org.apache.hadoop.ipc.Server$Handler.run(Server.java:2942)
"Datanode ReportManager Thread - 1" daemon prio=5 tid=1433 in Object.wait()
java.lang.Thread.State: WAITING (on object monitor)
        at sun.misc.Unsafe.park(Native Method)
        at java.util.concurrent.locks.LockSupport.park(LockSupport.java:175)
        at java.util.concurrent.locks.AbstractQueuedSynchronizer$ConditionObject.await(AbstractQueuedSynchronizer.java:2039)
        at java.util.concurrent.ScheduledThreadPoolExecutor$DelayedWorkQueue.take(ScheduledThreadPoolExecutor.java:1088)
        at java.util.concurrent.ScheduledThreadPoolExecutor$DelayedWorkQueue.take(ScheduledThreadPoolExecutor.java:809)
        at java.util.concurrent.ThreadPoolExecutor.getTask(ThreadPoolExecutor.java:1074)
        at java.util.concurrent.ThreadPoolExecutor.runWorker(ThreadPoolExecutor.java:1134)
        at java.util.concurrent.ThreadPoolExecutor$Worker.run(ThreadPoolExecutor.java:624)
        at java.lang.Thread.run(Thread.java:750)
"EndpointStateMachine task thread for /0.0.0.0:43047 - 0 "  prio=5 tid=1481 in Object.wait()
java.lang.Thread.State: WAITING (on object monitor)
        at sun.misc.Unsafe.park(Native Method)
        at java.util.concurrent.locks.LockSupport.park(LockSupport.java:175)
        at java.util.concurrent.locks.AbstractQueuedSynchronizer$ConditionObject.await(AbstractQueuedSynchronizer.java:2039)
        at java.util.concurrent.LinkedBlockingQueue.take(LinkedBlockingQueue.java:442)
        at java.util.concurrent.ThreadPoolExecutor.getTask(ThreadPoolExecutor.java:1074)
        at java.util.concurrent.ThreadPoolExecutor.runWorker(ThreadPoolExecutor.java:1134)
        at java.util.concurrent.ThreadPoolExecutor$Worker.run(ThreadPoolExecutor.java:624)
        at java.lang.Thread.run(Thread.java:750)
"daa36c1e-9cf4-4c94-819a-0a52a71ceb67-NettyServerStreamRpc-bossGroup--thread1"  prio=5 tid=1308 runnable
java.lang.Thread.State: RUNNABLE
        at sun.nio.ch.EPollArrayWrapper.epollWait(Native Method)
        at sun.nio.ch.EPollArrayWrapper.poll(EPollArrayWrapper.java:269)
        at sun.nio.ch.EPollSelectorImpl.doSelect(EPollSelectorImpl.java:93)
        at sun.nio.ch.SelectorImpl.lockAndDoSelect(SelectorImpl.java:86)
        at sun.nio.ch.SelectorImpl.select(SelectorImpl.java:97)
        at sun.nio.ch.SelectorImpl.select(SelectorImpl.java:101)
        at org.apache.ratis.thirdparty.io.netty.channel.nio.SelectedSelectionKeySetSelector.select(SelectedSelectionKeySetSelector.java:68)
        at org.apache.ratis.thirdparty.io.netty.channel.nio.NioEventLoop.select(NioEventLoop.java:813)
        at org.apache.ratis.thirdparty.io.netty.channel.nio.NioEventLoop.run(NioEventLoop.java:460)
        at org.apache.ratis.thirdparty.io.netty.util.concurrent.SingleThreadEventExecutor$4.run(SingleThreadEventExecutor.java:995)
        at org.apache.ratis.thirdparty.io.netty.util.internal.ThreadExecutorMap$2.run(ThreadExecutorMap.java:74)
        at java.lang.Thread.run(Thread.java:750)
"IPC Server handler 5 on default port 43047" daemon prio=5 tid=1224 timed_waiting
java.lang.Thread.State: TIMED_WAITING
        at sun.misc.Unsafe.park(Native Method)
        at java.util.concurrent.locks.LockSupport.parkNanos(LockSupport.java:215)
        at java.util.concurrent.locks.AbstractQueuedSynchronizer$ConditionObject.awaitNanos(AbstractQueuedSynchronizer.java:2078)
        at java.util.concurrent.LinkedBlockingQueue.poll(LinkedBlockingQueue.java:467)
        at org.apache.hadoop.ipc.CallQueueManager.take(CallQueueManager.java:317)
        at org.apache.hadoop.ipc.Server$Handler.run(Server.java:2942)
"IPC Server handler 2 on default port 33985" daemon prio=5 tid=1181 timed_waiting
java.lang.Thread.State: TIMED_WAITING
        at sun.misc.Unsafe.park(Native Method)
        at java.util.concurrent.locks.LockSupport.parkNanos(LockSupport.java:215)
        at java.util.concurrent.locks.AbstractQueuedSynchronizer$ConditionObject.awaitNanos(AbstractQueuedSynchronizer.java:2078)
        at java.util.concurrent.LinkedBlockingQueue.poll(LinkedBlockingQueue.java:467)
        at org.apache.hadoop.ipc.CallQueueManager.take(CallQueueManager.java:317)
        at org.apache.hadoop.ipc.Server$Handler.run(Server.java:2942)
"PartialTableCache Cleanup Thread - 0" daemon prio=5 tid=1705 in Object.wait()
java.lang.Thread.State: WAITING (on object monitor)
        at sun.misc.Unsafe.park(Native Method)
        at java.util.concurrent.locks.LockSupport.park(LockSupport.java:175)
        at java.util.concurrent.locks.AbstractQueuedSynchronizer$ConditionObject.await(AbstractQueuedSynchronizer.java:2039)
        at java.util.concurrent.LinkedBlockingQueue.take(LinkedBlockingQueue.java:442)
        at java.util.concurrent.ThreadPoolExecutor.getTask(ThreadPoolExecutor.java:1074)
        at java.util.concurrent.ThreadPoolExecutor.runWorker(ThreadPoolExecutor.java:1134)
        at java.util.concurrent.ThreadPoolExecutor$Worker.run(ThreadPoolExecutor.java:624)
        at java.lang.Thread.run(Thread.java:750)
"Datanode State Machine Task Thread - 0"  prio=5 tid=1329 in Object.wait()
java.lang.Thread.State: WAITING (on object monitor)
        at sun.misc.Unsafe.park(Native Method)
        at java.util.concurrent.locks.LockSupport.park(LockSupport.java:175)
        at java.util.concurrent.locks.AbstractQueuedSynchronizer$ConditionObject.await(AbstractQueuedSynchronizer.java:2039)
        at java.util.concurrent.LinkedBlockingQueue.take(LinkedBlockingQueue.java:442)
        at java.util.concurrent.ThreadPoolExecutor.getTask(ThreadPoolExecutor.java:1074)
        at java.util.concurrent.ThreadPoolExecutor.runWorker(ThreadPoolExecutor.java:1134)
        at java.util.concurrent.ThreadPoolExecutor$Worker.run(ThreadPoolExecutor.java:624)
        at java.lang.Thread.run(Thread.java:750)
"IPC Server handler 15 on default port 43047" daemon prio=5 tid=1234 timed_waiting
java.lang.Thread.State: TIMED_WAITING
        at sun.misc.Unsafe.park(Native Method)
        at java.util.concurrent.locks.LockSupport.parkNanos(LockSupport.java:215)
        at java.util.concurrent.locks.AbstractQueuedSynchronizer$ConditionObject.awaitNanos(AbstractQueuedSynchronizer.java:2078)
        at java.util.concurrent.LinkedBlockingQueue.poll(LinkedBlockingQueue.java:467)
        at org.apache.hadoop.ipc.CallQueueManager.take(CallQueueManager.java:317)
        at org.apache.hadoop.ipc.Server$Handler.run(Server.java:2942)
"IPC Server handler 8 on default port 34917" daemon prio=5 tid=1207 timed_waiting
java.lang.Thread.State: TIMED_WAITING
        at sun.misc.Unsafe.park(Native Method)
        at java.util.concurrent.locks.LockSupport.parkNanos(LockSupport.java:215)
        at java.util.concurrent.locks.AbstractQueuedSynchronizer$ConditionObject.awaitNanos(AbstractQueuedSynchronizer.java:2078)
        at java.util.concurrent.LinkedBlockingQueue.poll(LinkedBlockingQueue.java:467)
        at org.apache.hadoop.ipc.CallQueueManager.take(CallQueueManager.java:317)
        at org.apache.hadoop.ipc.Server$Handler.run(Server.java:2942)
"ChunkWriter-2-0" daemon prio=5 tid=1508 in Object.wait()
java.lang.Thread.State: WAITING (on object monitor)
        at sun.misc.Unsafe.park(Native Method)
        at java.util.concurrent.locks.LockSupport.park(LockSupport.java:175)
        at java.util.concurrent.locks.AbstractQueuedSynchronizer$ConditionObject.await(AbstractQueuedSynchronizer.java:2039)
        at java.util.concurrent.LinkedBlockingDeque.takeFirst(LinkedBlockingDeque.java:492)
        at java.util.concurrent.LinkedBlockingDeque.take(LinkedBlockingDeque.java:680)
        at java.util.concurrent.ThreadPoolExecutor.getTask(ThreadPoolExecutor.java:1074)
        at java.util.concurrent.ThreadPoolExecutor.runWorker(ThreadPoolExecutor.java:1134)
        at java.util.concurrent.ThreadPoolExecutor$Worker.run(ThreadPoolExecutor.java:624)
        at java.lang.Thread.run(Thread.java:750)
"StaleRecoveringContainerScrubbingService#1" daemon prio=5 tid=1515 timed_waiting
java.lang.Thread.State: TIMED_WAITING
        at sun.misc.Unsafe.park(Native Method)
        at java.util.concurrent.locks.LockSupport.parkNanos(LockSupport.java:215)
        at java.util.concurrent.locks.AbstractQueuedSynchronizer$ConditionObject.awaitNanos(AbstractQueuedSynchronizer.java:2078)
        at java.util.concurrent.ScheduledThreadPoolExecutor$DelayedWorkQueue.take(ScheduledThreadPoolExecutor.java:1093)
        at java.util.concurrent.ScheduledThreadPoolExecutor$DelayedWorkQueue.take(ScheduledThreadPoolExecutor.java:809)
        at java.util.concurrent.ThreadPoolExecutor.getTask(ThreadPoolExecutor.java:1074)
        at java.util.concurrent.ThreadPoolExecutor.runWorker(ThreadPoolExecutor.java:1134)
        at java.util.concurrent.ThreadPoolExecutor$Worker.run(ThreadPoolExecutor.java:624)
        at java.lang.Thread.run(Thread.java:750)
"pool-596-thread-1"  prio=5 tid=1365 timed_waiting
java.lang.Thread.State: TIMED_WAITING
        at sun.misc.Unsafe.park(Native Method)
        at java.util.concurrent.locks.LockSupport.parkNanos(LockSupport.java:215)
        at java.util.concurrent.locks.AbstractQueuedSynchronizer$ConditionObject.awaitNanos(AbstractQueuedSynchronizer.java:2078)
        at java.util.concurrent.ScheduledThreadPoolExecutor$DelayedWorkQueue.take(ScheduledThreadPoolExecutor.java:1093)
        at java.util.concurrent.ScheduledThreadPoolExecutor$DelayedWorkQueue.take(ScheduledThreadPoolExecutor.java:809)
        at java.util.concurrent.ThreadPoolExecutor.getTask(ThreadPoolExecutor.java:1074)
        at java.util.concurrent.ThreadPoolExecutor.runWorker(ThreadPoolExecutor.java:1134)
        at java.util.concurrent.ThreadPoolExecutor$Worker.run(ThreadPoolExecutor.java:624)
        at java.lang.Thread.run(Thread.java:750)
"qtp1468657944-1369" daemon prio=5 tid=1369 timed_waiting
java.lang.Thread.State: TIMED_WAITING
        at sun.misc.Unsafe.park(Native Method)
        at java.util.concurrent.locks.LockSupport.parkNanos(LockSupport.java:215)
        at java.util.concurrent.locks.AbstractQueuedSynchronizer$ConditionObject.awaitNanos(AbstractQueuedSynchronizer.java:2078)
        at org.eclipse.jetty.util.BlockingArrayQueue.poll(BlockingArrayQueue.java:382)
        at org.eclipse.jetty.util.thread.QueuedThreadPool$Runner.idleJobPoll(QueuedThreadPool.java:974)
        at org.eclipse.jetty.util.thread.QueuedThreadPool$Runner.run(QueuedThreadPool.java:1018)
        at java.lang.Thread.run(Thread.java:750)
"qtp1468657944-1368" daemon prio=5 tid=1368 timed_waiting
java.lang.Thread.State: TIMED_WAITING
        at sun.misc.Unsafe.park(Native Method)
        at java.util.concurrent.locks.LockSupport.parkNanos(LockSupport.java:215)
        at java.util.concurrent.locks.AbstractQueuedSynchronizer$ConditionObject.awaitNanos(AbstractQueuedSynchronizer.java:2078)
        at org.eclipse.jetty.util.BlockingArrayQueue.poll(BlockingArrayQueue.java:382)
        at org.eclipse.jetty.util.thread.QueuedThreadPool$Runner.idleJobPoll(QueuedThreadPool.java:974)
        at org.eclipse.jetty.util.thread.QueuedThreadPool$Runner.run(QueuedThreadPool.java:1018)
        at java.lang.Thread.run(Thread.java:750)
"FixedThreadPoolWithAffinityExecutor-0-0" daemon prio=5 tid=1167 timed_waiting
java.lang.Thread.State: TIMED_WAITING
        at sun.misc.Unsafe.park(Native Method)
        at java.util.concurrent.locks.LockSupport.parkNanos(LockSupport.java:215)
        at java.util.concurrent.locks.AbstractQueuedSynchronizer$ConditionObject.awaitNanos(AbstractQueuedSynchronizer.java:2078)
        at java.util.concurrent.LinkedBlockingQueue.poll(LinkedBlockingQueue.java:467)
        at org.apache.hadoop.hdds.scm.server.ContainerReportQueue.poll(ContainerReportQueue.java:266)
        at org.apache.hadoop.hdds.scm.server.ContainerReportQueue.poll(ContainerReportQueue.java:42)
        at org.apache.hadoop.hdds.server.events.FixedThreadPoolWithAffinityExecutor$ContainerReportProcessTask.run(FixedThreadPoolWithAffinityExecutor.java:247)
        at java.util.concurrent.Executors$RunnableAdapter.call(Executors.java:511)
        at java.util.concurrent.FutureTask.run(FutureTask.java:266)
        at java.util.concurrent.ThreadPoolExecutor.runWorker(ThreadPoolExecutor.java:1149)
        at java.util.concurrent.ThreadPoolExecutor$Worker.run(ThreadPoolExecutor.java:624)
        at java.lang.Thread.run(Thread.java:750)
"Datanode State Machine Task Thread - 1"  prio=5 tid=1528 in Object.wait()
java.lang.Thread.State: WAITING (on object monitor)
        at sun.misc.Unsafe.park(Native Method)
        at java.util.concurrent.locks.LockSupport.park(LockSupport.java:175)
        at java.util.concurrent.locks.AbstractQueuedSynchronizer$ConditionObject.await(AbstractQueuedSynchronizer.java:2039)
        at java.util.concurrent.LinkedBlockingQueue.take(LinkedBlockingQueue.java:442)
        at java.util.concurrent.ThreadPoolExecutor.getTask(ThreadPoolExecutor.java:1074)
        at java.util.concurrent.ThreadPoolExecutor.runWorker(ThreadPoolExecutor.java:1134)
        at java.util.concurrent.ThreadPoolExecutor$Worker.run(ThreadPoolExecutor.java:624)
        at java.lang.Thread.run(Thread.java:750)
"IPC Server handler 14 on default port 39295" daemon prio=5 tid=1296 timed_waiting
java.lang.Thread.State: TIMED_WAITING
        at sun.misc.Unsafe.park(Native Method)
        at java.util.concurrent.locks.LockSupport.parkNanos(LockSupport.java:215)
        at java.util.concurrent.locks.AbstractQueuedSynchronizer$ConditionObject.awaitNanos(AbstractQueuedSynchronizer.java:2078)
        at java.util.concurrent.LinkedBlockingQueue.poll(LinkedBlockingQueue.java:467)
        at org.apache.hadoop.ipc.CallQueueManager.take(CallQueueManager.java:317)
        at org.apache.hadoop.ipc.Server$Handler.run(Server.java:2942)
"BlockDeletingService#1" daemon prio=5 tid=1538 timed_waiting
java.lang.Thread.State: TIMED_WAITING
        at sun.misc.Unsafe.park(Native Method)
        at java.util.concurrent.locks.LockSupport.parkNanos(LockSupport.java:215)
        at java.util.concurrent.locks.AbstractQueuedSynchronizer$ConditionObject.awaitNanos(AbstractQueuedSynchronizer.java:2078)
        at java.util.concurrent.ScheduledThreadPoolExecutor$DelayedWorkQueue.take(ScheduledThreadPoolExecutor.java:1093)
        at java.util.concurrent.ScheduledThreadPoolExecutor$DelayedWorkQueue.take(ScheduledThreadPoolExecutor.java:809)
        at java.util.concurrent.ThreadPoolExecutor.getTask(ThreadPoolExecutor.java:1074)
        at java.util.concurrent.ThreadPoolExecutor.runWorker(ThreadPoolExecutor.java:1134)
        at java.util.concurrent.ThreadPoolExecutor$Worker.run(ThreadPoolExecutor.java:624)
        at java.lang.Thread.run(Thread.java:750)
"qtp1498690052-1398" daemon prio=5 tid=1398 timed_waiting
java.lang.Thread.State: TIMED_WAITING
        at sun.misc.Unsafe.park(Native Method)
        at java.util.concurrent.locks.LockSupport.parkNanos(LockSupport.java:215)
        at java.util.concurrent.locks.AbstractQueuedSynchronizer$ConditionObject.awaitNanos(AbstractQueuedSynchronizer.java:2078)
        at org.eclipse.jetty.util.BlockingArrayQueue.poll(BlockingArrayQueue.java:382)
        at org.eclipse.jetty.util.thread.QueuedThreadPool$Runner.idleJobPoll(QueuedThreadPool.java:974)
        at org.eclipse.jetty.util.thread.QueuedThreadPool$Runner.run(QueuedThreadPool.java:1018)
        at java.lang.Thread.run(Thread.java:750)
"ChunkWriter-0-0" daemon prio=5 tid=1494 in Object.wait()
java.lang.Thread.State: WAITING (on object monitor)
        at sun.misc.Unsafe.park(Native Method)
        at java.util.concurrent.locks.LockSupport.park(LockSupport.java:175)
        at java.util.concurrent.locks.AbstractQueuedSynchronizer$ConditionObject.await(AbstractQueuedSynchronizer.java:2039)
        at java.util.concurrent.LinkedBlockingDeque.takeFirst(LinkedBlockingDeque.java:492)
        at java.util.concurrent.LinkedBlockingDeque.take(LinkedBlockingDeque.java:680)
        at java.util.concurrent.ThreadPoolExecutor.getTask(ThreadPoolExecutor.java:1074)
        at java.util.concurrent.ThreadPoolExecutor.runWorker(ThreadPoolExecutor.java:1134)
        at java.util.concurrent.ThreadPoolExecutor$Worker.run(ThreadPoolExecutor.java:624)
        at java.lang.Thread.run(Thread.java:750)
"IPC Server idle connection scanner for port 43047" daemon prio=5 tid=1157 timed_waiting
java.lang.Thread.State: TIMED_WAITING
        at java.lang.Object.wait(Native Method)
        at java.util.TimerThread.mainLoop(Timer.java:552)
        at java.util.TimerThread.run(Timer.java:505)
"qtp1468657944-1371" daemon prio=5 tid=1371 timed_waiting
java.lang.Thread.State: TIMED_WAITING
        at sun.misc.Unsafe.park(Native Method)
        at java.util.concurrent.locks.LockSupport.parkNanos(LockSupport.java:215)
        at java.util.concurrent.locks.AbstractQueuedSynchronizer$ConditionObject.awaitNanos(AbstractQueuedSynchronizer.java:2078)
        at org.eclipse.jetty.util.BlockingArrayQueue.poll(BlockingArrayQueue.java:382)
        at org.eclipse.jetty.util.thread.QueuedThreadPool$Runner.idleJobPoll(QueuedThreadPool.java:974)
        at org.eclipse.jetty.util.thread.QueuedThreadPool$Runner.run(QueuedThreadPool.java:1018)
        at java.lang.Thread.run(Thread.java:750)
"qtp480678786-1339" daemon prio=5 tid=1339 runnable
java.lang.Thread.State: RUNNABLE
        at sun.nio.ch.EPollArrayWrapper.epollWait(Native Method)
        at sun.nio.ch.EPollArrayWrapper.poll(EPollArrayWrapper.java:269)
        at sun.nio.ch.EPollSelectorImpl.doSelect(EPollSelectorImpl.java:93)
        at sun.nio.ch.SelectorImpl.lockAndDoSelect(SelectorImpl.java:86)
        at sun.nio.ch.SelectorImpl.select(SelectorImpl.java:97)
        at sun.nio.ch.SelectorImpl.select(SelectorImpl.java:101)
        at org.eclipse.jetty.io.ManagedSelector.nioSelect(ManagedSelector.java:183)
        at org.eclipse.jetty.io.ManagedSelector.select(ManagedSelector.java:190)
        at org.eclipse.jetty.io.ManagedSelector$SelectorProducer.select(ManagedSelector.java:606)
        at org.eclipse.jetty.io.ManagedSelector$SelectorProducer.produce(ManagedSelector.java:543)
        at org.eclipse.jetty.util.thread.strategy.EatWhatYouKill.produceTask(EatWhatYouKill.java:362)
        at org.eclipse.jetty.util.thread.strategy.EatWhatYouKill.doProduce(EatWhatYouKill.java:186)
        at org.eclipse.jetty.util.thread.strategy.EatWhatYouKill.tryProduce(EatWhatYouKill.java:173)
        at org.eclipse.jetty.util.thread.strategy.EatWhatYouKill.produce(EatWhatYouKill.java:137)
        at org.eclipse.jetty.io.ManagedSelector$$Lambda$468/325488817.run(Unknown Source)
        at org.eclipse.jetty.util.thread.QueuedThreadPool.runJob(QueuedThreadPool.java:883)
        at org.eclipse.jetty.util.thread.QueuedThreadPool$Runner.run(QueuedThreadPool.java:1034)
        at java.lang.Thread.run(Thread.java:750)
"qtp1498690052-1400" daemon prio=5 tid=1400 timed_waiting
java.lang.Thread.State: TIMED_WAITING
        at sun.misc.Unsafe.park(Native Method)
        at java.util.concurrent.locks.LockSupport.parkNanos(LockSupport.java:215)
        at java.util.concurrent.locks.AbstractQueuedSynchronizer$ConditionObject.awaitNanos(AbstractQueuedSynchronizer.java:2078)
        at org.eclipse.jetty.util.BlockingArrayQueue.poll(BlockingArrayQueue.java:382)
        at org.eclipse.jetty.util.thread.QueuedThreadPool$Runner.idleJobPoll(QueuedThreadPool.java:974)
        at org.eclipse.jetty.util.thread.QueuedThreadPool$Runner.run(QueuedThreadPool.java:1018)
        at java.lang.Thread.run(Thread.java:750)
"72a8f579-b929-42a4-a748-3b6f638fc788@group-1926F592E147->f143390d-7c87-4621-8359-d245efaa75b3-GrpcLogAppender-LogAppenderDaemon" daemon prio=5 tid=1695 timed_waiting
java.lang.Thread.State: TIMED_WAITING
        at sun.misc.Unsafe.park(Native Method)
        at java.util.concurrent.locks.LockSupport.parkNanos(LockSupport.java:215)
        at java.util.concurrent.locks.AbstractQueuedSynchronizer$ConditionObject.await(AbstractQueuedSynchronizer.java:2163)
        at org.apache.ratis.util.AwaitForSignal.await(AwaitForSignal.java:62)
        at org.apache.ratis.grpc.server.GrpcLogAppender.mayWait(GrpcLogAppender.java:198)
        at org.apache.ratis.grpc.server.GrpcLogAppender.run(GrpcLogAppender.java:148)
        at org.apache.ratis.server.leader.LogAppenderDaemon.run(LogAppenderDaemon.java:78)
        at org.apache.ratis.server.leader.LogAppenderDaemon$$Lambda$1091/725454289.run(Unknown Source)
        at java.lang.Thread.run(Thread.java:750)
"IPC Server handler 3 on default port 43047" daemon prio=5 tid=1222 timed_waiting
java.lang.Thread.State: TIMED_WAITING
        at sun.misc.Unsafe.park(Native Method)
        at java.util.concurrent.locks.LockSupport.parkNanos(LockSupport.java:215)
        at java.util.concurrent.locks.AbstractQueuedSynchronizer$ConditionObject.awaitNanos(AbstractQueuedSynchronizer.java:2078)
        at java.util.concurrent.LinkedBlockingQueue.poll(LinkedBlockingQueue.java:467)
        at org.apache.hadoop.ipc.CallQueueManager.take(CallQueueManager.java:317)
        at org.apache.hadoop.ipc.Server$Handler.run(Server.java:2942)
"ChunkWriter-0-0" daemon prio=5 tid=1530 in Object.wait()
java.lang.Thread.State: WAITING (on object monitor)
        at sun.misc.Unsafe.park(Native Method)
        at java.util.concurrent.locks.LockSupport.park(LockSupport.java:175)
        at java.util.concurrent.locks.AbstractQueuedSynchronizer$ConditionObject.await(AbstractQueuedSynchronizer.java:2039)
        at java.util.concurrent.LinkedBlockingDeque.takeFirst(LinkedBlockingDeque.java:492)
        at java.util.concurrent.LinkedBlockingDeque.take(LinkedBlockingDeque.java:680)
        at java.util.concurrent.ThreadPoolExecutor.getTask(ThreadPoolExecutor.java:1074)
        at java.util.concurrent.ThreadPoolExecutor.runWorker(ThreadPoolExecutor.java:1134)
        at java.util.concurrent.ThreadPoolExecutor$Worker.run(ThreadPoolExecutor.java:624)
        at java.lang.Thread.run(Thread.java:750)
"ChunkWriter-1-0" daemon prio=5 tid=1507 in Object.wait()
java.lang.Thread.State: WAITING (on object monitor)
        at sun.misc.Unsafe.park(Native Method)
        at java.util.concurrent.locks.LockSupport.park(LockSupport.java:175)
        at java.util.concurrent.locks.AbstractQueuedSynchronizer$ConditionObject.await(AbstractQueuedSynchronizer.java:2039)
        at java.util.concurrent.LinkedBlockingDeque.takeFirst(LinkedBlockingDeque.java:492)
        at java.util.concurrent.LinkedBlockingDeque.take(LinkedBlockingDeque.java:680)
        at java.util.concurrent.ThreadPoolExecutor.getTask(ThreadPoolExecutor.java:1074)
        at java.util.concurrent.ThreadPoolExecutor.runWorker(ThreadPoolExecutor.java:1134)
        at java.util.concurrent.ThreadPoolExecutor$Worker.run(ThreadPoolExecutor.java:624)
        at java.lang.Thread.run(Thread.java:750)
"IPC Server handler 7 on default port 39295" daemon prio=5 tid=1289 timed_waiting
java.lang.Thread.State: TIMED_WAITING
        at sun.misc.Unsafe.park(Native Method)
        at java.util.concurrent.locks.LockSupport.parkNanos(LockSupport.java:215)
        at java.util.concurrent.locks.AbstractQueuedSynchronizer$ConditionObject.awaitNanos(AbstractQueuedSynchronizer.java:2078)
        at java.util.concurrent.LinkedBlockingQueue.poll(LinkedBlockingQueue.java:467)
        at org.apache.hadoop.ipc.CallQueueManager.take(CallQueueManager.java:317)
        at org.apache.hadoop.ipc.Server$Handler.run(Server.java:2942)
"ChunkWriter-1-0" daemon prio=5 tid=1519 in Object.wait()
java.lang.Thread.State: WAITING (on object monitor)
        at sun.misc.Unsafe.park(Native Method)
        at java.util.concurrent.locks.LockSupport.park(LockSupport.java:175)
        at java.util.concurrent.locks.AbstractQueuedSynchronizer$ConditionObject.await(AbstractQueuedSynchronizer.java:2039)
        at java.util.concurrent.LinkedBlockingDeque.takeFirst(LinkedBlockingDeque.java:492)
        at java.util.concurrent.LinkedBlockingDeque.take(LinkedBlockingDeque.java:680)
        at java.util.concurrent.ThreadPoolExecutor.getTask(ThreadPoolExecutor.java:1074)
        at java.util.concurrent.ThreadPoolExecutor.runWorker(ThreadPoolExecutor.java:1134)
        at java.util.concurrent.ThreadPoolExecutor$Worker.run(ThreadPoolExecutor.java:624)
        at java.lang.Thread.run(Thread.java:750)
"qtp101162911-1313-acceptor-0@539ce518-ServerConnector@11337728{HTTP/1.1, (http/1.1)}{0.0.0.0:32915}" daemon prio=3 tid=1313 runnable
java.lang.Thread.State: RUNNABLE
        at sun.nio.ch.ServerSocketChannelImpl.accept0(Native Method)
        at sun.nio.ch.ServerSocketChannelImpl.accept(ServerSocketChannelImpl.java:421)
        at sun.nio.ch.ServerSocketChannelImpl.accept(ServerSocketChannelImpl.java:249)
        at org.eclipse.jetty.server.ServerConnector.accept(ServerConnector.java:388)
        at org.eclipse.jetty.server.AbstractConnector$Acceptor.run(AbstractConnector.java:704)
        at org.eclipse.jetty.util.thread.QueuedThreadPool.runJob(QueuedThreadPool.java:883)
        at org.eclipse.jetty.util.thread.QueuedThreadPool$Runner.run(QueuedThreadPool.java:1034)
        at java.lang.Thread.run(Thread.java:750)
"Datanode State Machine Task Thread - 1"  prio=5 tid=1467 in Object.wait()
java.lang.Thread.State: WAITING (on object monitor)
        at sun.misc.Unsafe.park(Native Method)
        at java.util.concurrent.locks.LockSupport.park(LockSupport.java:175)
        at java.util.concurrent.locks.AbstractQueuedSynchronizer$ConditionObject.await(AbstractQueuedSynchronizer.java:2039)
        at java.util.concurrent.LinkedBlockingQueue.take(LinkedBlockingQueue.java:442)
        at java.util.concurrent.ThreadPoolExecutor.getTask(ThreadPoolExecutor.java:1074)
        at java.util.concurrent.ThreadPoolExecutor.runWorker(ThreadPoolExecutor.java:1134)
        at java.util.concurrent.ThreadPoolExecutor$Worker.run(ThreadPoolExecutor.java:624)
        at java.lang.Thread.run(Thread.java:750)
"6d5a55a6-b535-46b1-9113-4eddd06c74b3-NettyServerStreamRpc-bossGroup--thread1"  prio=5 tid=1114 runnable
java.lang.Thread.State: RUNNABLE
        at sun.nio.ch.EPollArrayWrapper.epollWait(Native Method)
        at sun.nio.ch.EPollArrayWrapper.poll(EPollArrayWrapper.java:269)
        at sun.nio.ch.EPollSelectorImpl.doSelect(EPollSelectorImpl.java:93)
        at sun.nio.ch.SelectorImpl.lockAndDoSelect(SelectorImpl.java:86)
        at sun.nio.ch.SelectorImpl.select(SelectorImpl.java:97)
        at sun.nio.ch.SelectorImpl.select(SelectorImpl.java:101)
        at org.apache.ratis.thirdparty.io.netty.channel.nio.SelectedSelectionKeySetSelector.select(SelectedSelectionKeySetSelector.java:68)
        at org.apache.ratis.thirdparty.io.netty.channel.nio.NioEventLoop.select(NioEventLoop.java:813)
        at org.apache.ratis.thirdparty.io.netty.channel.nio.NioEventLoop.run(NioEventLoop.java:460)
        at org.apache.ratis.thirdparty.io.netty.util.concurrent.SingleThreadEventExecutor$4.run(SingleThreadEventExecutor.java:995)
        at org.apache.ratis.thirdparty.io.netty.util.internal.ThreadExecutorMap$2.run(ThreadExecutorMap.java:74)
        at java.lang.Thread.run(Thread.java:750)
"BlockDeletingService#1" daemon prio=5 tid=1514 timed_waiting
java.lang.Thread.State: TIMED_WAITING
        at sun.misc.Unsafe.park(Native Method)
        at java.util.concurrent.locks.LockSupport.parkNanos(LockSupport.java:215)
        at java.util.concurrent.locks.AbstractQueuedSynchronizer$ConditionObject.awaitNanos(AbstractQueuedSynchronizer.java:2078)
        at java.util.concurrent.ScheduledThreadPoolExecutor$DelayedWorkQueue.take(ScheduledThreadPoolExecutor.java:1093)
        at java.util.concurrent.ScheduledThreadPoolExecutor$DelayedWorkQueue.take(ScheduledThreadPoolExecutor.java:809)
        at java.util.concurrent.ThreadPoolExecutor.getTask(ThreadPoolExecutor.java:1074)
        at java.util.concurrent.ThreadPoolExecutor.runWorker(ThreadPoolExecutor.java:1134)
        at java.util.concurrent.ThreadPoolExecutor$Worker.run(ThreadPoolExecutor.java:624)
        at java.lang.Thread.run(Thread.java:750)
"Listener at 127.0.0.1/39295"  prio=5 tid=1 runnable
java.lang.Thread.State: RUNNABLE
        at java.lang.Thread.dumpThreads(Native Method)
        at java.lang.Thread.getAllStackTraces(Thread.java:1615)
        at org.apache.ozone.test.TimedOutTestsListener.buildThreadDump(TimedOutTestsListener.java:93)
        at org.apache.ozone.test.TimedOutTestsListener.buildThreadDiagnosticString(TimedOutTestsListener.java:79)
        at org.apache.ozone.test.GenericTestUtils.waitFor(GenericTestUtils.java:231)
        at org.apache.hadoop.hdds.scm.pipeline.TestRatisPipelineCreateAndDestroy.waitForPipelines(TestRatisPipelineCreateAndDestroy.java:179)
        at org.apache.hadoop.hdds.scm.pipeline.TestRatisPipelineCreateAndDestroy.testAutomaticPipelineCreationDisablingFactorONE(TestRatisPipelineCreateAndDestroy.java:118)
        at sun.reflect.NativeMethodAccessorImpl.invoke0(Native Method)
        at sun.reflect.NativeMethodAccessorImpl.invoke(NativeMethodAccessorImpl.java:62)
        at sun.reflect.DelegatingMethodAccessorImpl.invoke(DelegatingMethodAccessorImpl.java:43)
        at java.lang.reflect.Method.invoke(Method.java:498)
        at org.junit.platform.commons.util.ReflectionUtils.invokeMethod(ReflectionUtils.java:725)
        at org.junit.jupiter.engine.execution.MethodInvocation.proceed(MethodInvocation.java:60)
        at org.junit.jupiter.engine.execution.InvocationInterceptorChain$ValidatingInvocation.proceed(InvocationInterceptorChain.java:131)
        at org.junit.jupiter.engine.extension.TimeoutInvocation.proceed(TimeoutInvocation.java:46)
        at org.junit.jupiter.engine.extension.TimeoutExtension.intercept(TimeoutExtension.java:149)
        at org.junit.jupiter.engine.extension.TimeoutExtension.interceptTestableMethod(TimeoutExtension.java:140)
        at org.junit.jupiter.engine.extension.TimeoutExtension.interceptTestMethod(TimeoutExtension.java:84)
        at org.junit.jupiter.engine.descriptor.TestMethodTestDescriptor$$Lambda$158/1923598304.apply(Unknown Source)
        at org.junit.jupiter.engine.execution.ExecutableInvoker$ReflectiveInterceptorCall.lambda$ofVoidMethod$0(ExecutableInvoker.java:115)
        at org.junit.jupiter.engine.execution.ExecutableInvoker$ReflectiveInterceptorCall$$Lambda$159/694316372.apply(Unknown Source)
        at org.junit.jupiter.engine.execution.ExecutableInvoker.lambda$invoke$0(ExecutableInvoker.java:105)
        at org.junit.jupiter.engine.execution.ExecutableInvoker$$Lambda$316/702061917.apply(Unknown Source)
        at org.junit.jupiter.engine.execution.InvocationInterceptorChain$InterceptedInvocation.proceed(InvocationInterceptorChain.java:106)
        at org.junit.jupiter.engine.execution.InvocationInterceptorChain.proceed(InvocationInterceptorChain.java:64)
        at org.junit.jupiter.engine.execution.InvocationInterceptorChain.chainAndInvoke(InvocationInterceptorChain.java:45)
        at org.junit.jupiter.engine.execution.InvocationInterceptorChain.invoke(InvocationInterceptorChain.java:37)
        at org.junit.jupiter.engine.execution.ExecutableInvoker.invoke(ExecutableInvoker.java:104)
        at org.junit.jupiter.engine.execution.ExecutableInvoker.invoke(ExecutableInvoker.java:98)
        at org.junit.jupiter.engine.descriptor.TestMethodTestDescriptor.lambda$invokeTestMethod$7(TestMethodTestDescriptor.java:214)
        at org.junit.jupiter.engine.descriptor.TestMethodTestDescriptor$$Lambda$337/1125964210.execute(Unknown Source)
        at org.junit.platform.engine.support.hierarchical.ThrowableCollector.execute(ThrowableCollector.java:73)
        at org.junit.jupiter.engine.descriptor.TestMethodTestDescriptor.invokeTestMethod(TestMethodTestDescriptor.java:210)
        at org.junit.jupiter.engine.descriptor.TestMethodTestDescriptor.execute(TestMethodTestDescriptor.java:135)
        at org.junit.jupiter.engine.descriptor.TestMethodTestDescriptor.execute(TestMethodTestDescriptor.java:66)
        at org.junit.platform.engine.support.hierarchical.NodeTestTask.lambda$executeRecursively$6(NodeTestTask.java:151)
        at org.junit.platform.engine.support.hierarchical.NodeTestTask$$Lambda$258/1359953204.execute(Unknown Source)
        at org.junit.platform.engine.support.hierarchical.ThrowableCollector.execute(ThrowableCollector.java:73)
        at org.junit.platform.engine.support.hierarchical.NodeTestTask.lambda$executeRecursively$8(NodeTestTask.java:141)
        at org.junit.platform.engine.support.hierarchical.NodeTestTask$$Lambda$257/1792550665.invoke(Unknown Source)
        at org.junit.platform.engine.support.hierarchical.Node.around(Node.java:137)
        at org.junit.platform.engine.support.hierarchical.NodeTestTask.lambda$executeRecursively$9(NodeTestTask.java:139)
        at org.junit.platform.engine.support.hierarchical.NodeTestTask$$Lambda$256/690339675.execute(Unknown Source)
        at org.junit.platform.engine.support.hierarchical.ThrowableCollector.execute(ThrowableCollector.java:73)
        at org.junit.platform.engine.support.hierarchical.NodeTestTask.executeRecursively(NodeTestTask.java:138)
        at org.junit.platform.engine.support.hierarchical.NodeTestTask.execute(NodeTestTask.java:95)
        at org.junit.platform.engine.support.hierarchical.SameThreadHierarchicalTestExecutorService$$Lambda$262/1004023029.accept(Unknown Source)
        at java.util.ArrayList.forEach(ArrayList.java:1259)
        at org.junit.platform.engine.support.hierarchical.SameThreadHierarchicalTestExecutorService.invokeAll(SameThreadHierarchicalTestExecutorService.java:41)
        at org.junit.platform.engine.support.hierarchical.NodeTestTask.lambda$executeRecursively$6(NodeTestTask.java:155)
        at org.junit.platform.engine.support.hierarchical.NodeTestTask$$Lambda$258/1359953204.execute(Unknown Source)
        at org.junit.platform.engine.support.hierarchical.ThrowableCollector.execute(ThrowableCollector.java:73)
        at org.junit.platform.engine.support.hierarchical.NodeTestTask.lambda$executeRecursively$8(NodeTestTask.java:141)
        at org.junit.platform.engine.support.hierarchical.NodeTestTask$$Lambda$257/1792550665.invoke(Unknown Source)
        at org.junit.platform.engine.support.hierarchical.Node.around(Node.java:137)
        at org.junit.platform.engine.support.hierarchical.NodeTestTask.lambda$executeRecursively$9(NodeTestTask.java:139)
        at org.junit.platform.engine.support.hierarchical.NodeTestTask$$Lambda$256/690339675.execute(Unknown Source)
        at org.junit.platform.engine.support.hierarchical.ThrowableCollector.execute(ThrowableCollector.java:73)
        at org.junit.platform.engine.support.hierarchical.NodeTestTask.executeRecursively(NodeTestTask.java:138)
        at org.junit.platform.engine.support.hierarchical.NodeTestTask.execute(NodeTestTask.java:95)
        at org.junit.platform.engine.support.hierarchical.SameThreadHierarchicalTestExecutorService$$Lambda$262/1004023029.accept(Unknown Source)
        at java.util.ArrayList.forEach(ArrayList.java:1259)
        at org.junit.platform.engine.support.hierarchical.SameThreadHierarchicalTestExecutorService.invokeAll(SameThreadHierarchicalTestExecutorService.java:41)
        at org.junit.platform.engine.support.hierarchical.NodeTestTask.lambda$executeRecursively$6(NodeTestTask.java:155)
        at org.junit.platform.engine.support.hierarchical.NodeTestTask$$Lambda$258/1359953204.execute(Unknown Source)
        at org.junit.platform.engine.support.hierarchical.ThrowableCollector.execute(ThrowableCollector.java:73)
        at org.junit.platform.engine.support.hierarchical.NodeTestTask.lambda$executeRecursively$8(NodeTestTask.java:141)
        at org.junit.platform.engine.support.hierarchical.NodeTestTask$$Lambda$257/1792550665.invoke(Unknown Source)
        at org.junit.platform.engine.support.hierarchical.Node.around(Node.java:137)
        at org.junit.platform.engine.support.hierarchical.NodeTestTask.lambda$executeRecursively$9(NodeTestTask.java:139)
        at org.junit.platform.engine.support.hierarchical.NodeTestTask$$Lambda$256/690339675.execute(Unknown Source)
        at org.junit.platform.engine.support.hierarchical.ThrowableCollector.execute(ThrowableCollector.java:73)
        at org.junit.platform.engine.support.hierarchical.NodeTestTask.executeRecursively(NodeTestTask.java:138)
        at org.junit.platform.engine.support.hierarchical.NodeTestTask.execute(NodeTestTask.java:95)
        at org.junit.platform.engine.support.hierarchical.SameThreadHierarchicalTestExecutorService.submit(SameThreadHierarchicalTestExecutorService.java:35)
        at org.junit.platform.engine.support.hierarchical.HierarchicalTestExecutor.execute(HierarchicalTestExecutor.java:57)
        at org.junit.platform.engine.support.hierarchical.HierarchicalTestEngine.execute(HierarchicalTestEngine.java:54)
        at org.junit.platform.launcher.core.EngineExecutionOrchestrator.execute(EngineExecutionOrchestrator.java:107)
        at org.junit.platform.launcher.core.EngineExecutionOrchestrator.execute(EngineExecutionOrchestrator.java:88)
        at org.junit.platform.launcher.core.EngineExecutionOrchestrator.lambda$execute$0(EngineExecutionOrchestrator.java:54)
        at org.junit.platform.launcher.core.EngineExecutionOrchestrator$$Lambda$214/1922464006.accept(Unknown Source)
        at org.junit.platform.launcher.core.EngineExecutionOrchestrator.withInterceptedStreams(EngineExecutionOrchestrator.java:67)
        at org.junit.platform.launcher.core.EngineExecutionOrchestrator.execute(EngineExecutionOrchestrator.java:52)
        at org.junit.platform.launcher.core.DefaultLauncher.execute(DefaultLauncher.java:114)
        at org.junit.platform.launcher.core.DefaultLauncher.execute(DefaultLauncher.java:86)
        at org.junit.platform.launcher.core.DefaultLauncherSession$DelegatingLauncher.execute(DefaultLauncherSession.java:86)
        at org.junit.platform.launcher.core.SessionPerRequestLauncher.execute(SessionPerRequestLauncher.java:53)
        at org.apache.maven.surefire.junitplatform.JUnitPlatformProvider.execute(JUnitPlatformProvider.java:188)
        at org.apache.maven.surefire.junitplatform.JUnitPlatformProvider.invokeAllTests(JUnitPlatformProvider.java:154)
        at org.apache.maven.surefire.junitplatform.JUnitPlatformProvider.invoke(JUnitPlatformProvider.java:124)
        at org.apache.maven.surefire.booter.ForkedBooter.runSuitesInProcess(ForkedBooter.java:428)
        at org.apache.maven.surefire.booter.ForkedBooter.execute(ForkedBooter.java:162)
        at org.apache.maven.surefire.booter.ForkedBooter.run(ForkedBooter.java:562)
        at org.apache.maven.surefire.booter.ForkedBooter.main(ForkedBooter.java:548)
"ReplicationMonitor" daemon prio=5 tid=1151 timed_waiting
java.lang.Thread.State: TIMED_WAITING
        at java.lang.Object.wait(Native Method)
        at org.apache.hadoop.hdds.scm.container.replication.ReplicationManager.run(ReplicationManager.java:662)
        at org.apache.hadoop.hdds.scm.container.replication.ReplicationManager$$Lambda$402/1469217737.run(Unknown Source)
        at java.lang.Thread.run(Thread.java:750)
"IPC Server handler 8 on default port 33985" daemon prio=5 tid=1187 timed_waiting
java.lang.Thread.State: TIMED_WAITING
        at sun.misc.Unsafe.park(Native Method)
        at java.util.concurrent.locks.LockSupport.parkNanos(LockSupport.java:215)
        at java.util.concurrent.locks.AbstractQueuedSynchronizer$ConditionObject.awaitNanos(AbstractQueuedSynchronizer.java:2078)
        at java.util.concurrent.LinkedBlockingQueue.poll(LinkedBlockingQueue.java:467)
        at org.apache.hadoop.ipc.CallQueueManager.take(CallQueueManager.java:317)
        at org.apache.hadoop.ipc.Server$Handler.run(Server.java:2942)
"EventQueue-CommandQueueReportForCommandQueueReportHandler" daemon prio=5 tid=1546 in Object.wait()
java.lang.Thread.State: WAITING (on object monitor)
        at sun.misc.Unsafe.park(Native Method)
        at java.util.concurrent.locks.LockSupport.park(LockSupport.java:175)
        at java.util.concurrent.locks.AbstractQueuedSynchronizer$ConditionObject.await(AbstractQueuedSynchronizer.java:2039)
        at java.util.concurrent.LinkedBlockingQueue.take(LinkedBlockingQueue.java:442)
        at java.util.concurrent.ThreadPoolExecutor.getTask(ThreadPoolExecutor.java:1074)
        at java.util.concurrent.ThreadPoolExecutor.runWorker(ThreadPoolExecutor.java:1134)
        at java.util.concurrent.ThreadPoolExecutor$Worker.run(ThreadPoolExecutor.java:624)
        at java.lang.Thread.run(Thread.java:750)
"Datanode State Machine Task Thread - 1"  prio=5 tid=1480 in Object.wait()
java.lang.Thread.State: WAITING (on object monitor)
        at sun.misc.Unsafe.park(Native Method)
        at java.util.concurrent.locks.LockSupport.park(LockSupport.java:175)
        at java.util.concurrent.locks.AbstractQueuedSynchronizer$ConditionObject.await(AbstractQueuedSynchronizer.java:2039)
        at java.util.concurrent.LinkedBlockingQueue.take(LinkedBlockingQueue.java:442)
        at java.util.concurrent.ThreadPoolExecutor.getTask(ThreadPoolExecutor.java:1074)
        at java.util.concurrent.ThreadPoolExecutor.runWorker(ThreadPoolExecutor.java:1134)
        at java.util.concurrent.ThreadPoolExecutor$Worker.run(ThreadPoolExecutor.java:624)
        at java.lang.Thread.run(Thread.java:750)
"Datanode ReportManager Thread - 2" daemon prio=5 tid=1324 in Object.wait()
java.lang.Thread.State: WAITING (on object monitor)
        at sun.misc.Unsafe.park(Native Method)
        at java.util.concurrent.locks.LockSupport.park(LockSupport.java:175)
        at java.util.concurrent.locks.AbstractQueuedSynchronizer$ConditionObject.await(AbstractQueuedSynchronizer.java:2039)
        at java.util.concurrent.ScheduledThreadPoolExecutor$DelayedWorkQueue.take(ScheduledThreadPoolExecutor.java:1088)
        at java.util.concurrent.ScheduledThreadPoolExecutor$DelayedWorkQueue.take(ScheduledThreadPoolExecutor.java:809)
        at java.util.concurrent.ThreadPoolExecutor.getTask(ThreadPoolExecutor.java:1074)
        at java.util.concurrent.ThreadPoolExecutor.runWorker(ThreadPoolExecutor.java:1134)
        at java.util.concurrent.ThreadPoolExecutor$Worker.run(ThreadPoolExecutor.java:624)
        at java.lang.Thread.run(Thread.java:750)
"qtp101162911-1318" daemon prio=5 tid=1318 timed_waiting
java.lang.Thread.State: TIMED_WAITING
        at sun.misc.Unsafe.park(Native Method)
        at java.util.concurrent.locks.LockSupport.parkNanos(LockSupport.java:215)
        at java.util.concurrent.locks.AbstractQueuedSynchronizer$ConditionObject.awaitNanos(AbstractQueuedSynchronizer.java:2078)
        at org.eclipse.jetty.util.BlockingArrayQueue.poll(BlockingArrayQueue.java:382)
        at org.eclipse.jetty.util.thread.QueuedThreadPool$Runner.idleJobPoll(QueuedThreadPool.java:974)
        at org.eclipse.jetty.util.thread.QueuedThreadPool$Runner.run(QueuedThreadPool.java:1018)
        at java.lang.Thread.run(Thread.java:750)
"IPC Server handler 2 on default port 39295" daemon prio=5 tid=1284 timed_waiting
java.lang.Thread.State: TIMED_WAITING
        at sun.misc.Unsafe.park(Native Method)
        at java.util.concurrent.locks.LockSupport.parkNanos(LockSupport.java:215)
        at java.util.concurrent.locks.AbstractQueuedSynchronizer$ConditionObject.awaitNanos(AbstractQueuedSynchronizer.java:2078)
        at java.util.concurrent.LinkedBlockingQueue.poll(LinkedBlockingQueue.java:467)
        at org.apache.hadoop.ipc.CallQueueManager.take(CallQueueManager.java:317)
        at org.apache.hadoop.ipc.Server$Handler.run(Server.java:2942)
"Session-HouseKeeper-28a7ef5d-1"  prio=5 tid=1430 timed_waiting
java.lang.Thread.State: TIMED_WAITING
        at sun.misc.Unsafe.park(Native Method)
        at java.util.concurrent.locks.LockSupport.parkNanos(LockSupport.java:215)
        at java.util.concurrent.locks.AbstractQueuedSynchronizer$ConditionObject.awaitNanos(AbstractQueuedSynchronizer.java:2078)
        at java.util.concurrent.ScheduledThreadPoolExecutor$DelayedWorkQueue.take(ScheduledThreadPoolExecutor.java:1093)
        at java.util.concurrent.ScheduledThreadPoolExecutor$DelayedWorkQueue.take(ScheduledThreadPoolExecutor.java:809)
        at java.util.concurrent.ThreadPoolExecutor.getTask(ThreadPoolExecutor.java:1074)
        at java.util.concurrent.ThreadPoolExecutor.runWorker(ThreadPoolExecutor.java:1134)
        at java.util.concurrent.ThreadPoolExecutor$Worker.run(ThreadPoolExecutor.java:624)
        at java.lang.Thread.run(Thread.java:750)
"Socket Reader #1 for port 0"  prio=5 tid=1261 runnable
java.lang.Thread.State: RUNNABLE
        at sun.nio.ch.EPollArrayWrapper.epollWait(Native Method)
        at sun.nio.ch.EPollArrayWrapper.poll(EPollArrayWrapper.java:269)
        at sun.nio.ch.EPollSelectorImpl.doSelect(EPollSelectorImpl.java:93)
        at sun.nio.ch.SelectorImpl.lockAndDoSelect(SelectorImpl.java:86)
        at sun.nio.ch.SelectorImpl.select(SelectorImpl.java:97)
        at sun.nio.ch.SelectorImpl.select(SelectorImpl.java:101)
        at org.apache.hadoop.ipc.Server$Listener$Reader.doRunLoop(Server.java:1296)
        at org.apache.hadoop.ipc.Server$Listener$Reader.run(Server.java:1275)
"StaleRecoveringContainerScrubbingService#2" daemon prio=5 tid=1713 in Object.wait()
java.lang.Thread.State: WAITING (on object monitor)
        at sun.misc.Unsafe.park(Native Method)
        at java.util.concurrent.locks.LockSupport.park(LockSupport.java:175)
        at java.util.concurrent.locks.AbstractQueuedSynchronizer$ConditionObject.await(AbstractQueuedSynchronizer.java:2039)
        at java.util.concurrent.ScheduledThreadPoolExecutor$DelayedWorkQueue.take(ScheduledThreadPoolExecutor.java:1088)
        at java.util.concurrent.ScheduledThreadPoolExecutor$DelayedWorkQueue.take(ScheduledThreadPoolExecutor.java:809)
        at java.util.concurrent.ThreadPoolExecutor.getTask(ThreadPoolExecutor.java:1074)
        at java.util.concurrent.ThreadPoolExecutor.runWorker(ThreadPoolExecutor.java:1134)
        at java.util.concurrent.ThreadPoolExecutor$Worker.run(ThreadPoolExecutor.java:624)
        at java.lang.Thread.run(Thread.java:750)
"qtp2046616631-1454" daemon prio=5 tid=1454 timed_waiting
java.lang.Thread.State: TIMED_WAITING
        at sun.misc.Unsafe.park(Native Method)
        at java.util.concurrent.locks.LockSupport.parkNanos(LockSupport.java:215)
        at java.util.concurrent.locks.AbstractQueuedSynchronizer$ConditionObject.awaitNanos(AbstractQueuedSynchronizer.java:2078)
        at org.eclipse.jetty.util.BlockingArrayQueue.poll(BlockingArrayQueue.java:382)
        at org.eclipse.jetty.util.thread.QueuedThreadPool$Runner.idleJobPoll(QueuedThreadPool.java:974)
        at org.eclipse.jetty.util.thread.QueuedThreadPool$Runner.run(QueuedThreadPool.java:1018)
        at java.lang.Thread.run(Thread.java:750)


	at org.apache.ozone.test.GenericTestUtils.waitFor(GenericTestUtils.java:231)
	at org.apache.hadoop.hdds.scm.pipeline.TestRatisPipelineCreateAndDestroy.waitForPipelines(TestRatisPipelineCreateAndDestroy.java:179)
	at org.apache.hadoop.hdds.scm.pipeline.TestRatisPipelineCreateAndDestroy.testAutomaticPipelineCreationDisablingFactorONE(TestRatisPipelineCreateAndDestroy.java:118)
	at sun.reflect.NativeMethodAccessorImpl.invoke0(Native Method)
	at sun.reflect.NativeMethodAccessorImpl.invoke(NativeMethodAccessorImpl.java:62)
	at sun.reflect.DelegatingMethodAccessorImpl.invoke(DelegatingMethodAccessorImpl.java:43)
	at java.lang.reflect.Method.invoke(Method.java:498)
	at org.junit.platform.commons.util.ReflectionUtils.invokeMethod(ReflectionUtils.java:725)
	at org.junit.jupiter.engine.execution.MethodInvocation.proceed(MethodInvocation.java:60)
	at org.junit.jupiter.engine.execution.InvocationInterceptorChain$ValidatingInvocation.proceed(InvocationInterceptorChain.java:131)
	at org.junit.jupiter.engine.extension.TimeoutInvocation.proceed(TimeoutInvocation.java:46)
	at org.junit.jupiter.engine.extension.TimeoutExtension.intercept(TimeoutExtension.java:149)
	at org.junit.jupiter.engine.extension.TimeoutExtension.interceptTestableMethod(TimeoutExtension.java:140)
	at org.junit.jupiter.engine.extension.TimeoutExtension.interceptTestMethod(TimeoutExtension.java:84)
	at org.junit.jupiter.engine.execution.ExecutableInvoker$ReflectiveInterceptorCall.lambda$ofVoidMethod$0(ExecutableInvoker.java:115)
	at org.junit.jupiter.engine.execution.ExecutableInvoker.lambda$invoke$0(ExecutableInvoker.java:105)
	at org.junit.jupiter.engine.execution.InvocationInterceptorChain$InterceptedInvocation.proceed(InvocationInterceptorChain.java:106)
	at org.junit.jupiter.engine.execution.InvocationInterceptorChain.proceed(InvocationInterceptorChain.java:64)
	at org.junit.jupiter.engine.execution.InvocationInterceptorChain.chainAndInvoke(InvocationInterceptorChain.java:45)
	at org.junit.jupiter.engine.execution.InvocationInterceptorChain.invoke(InvocationInterceptorChain.java:37)
	at org.junit.jupiter.engine.execution.ExecutableInvoker.invoke(ExecutableInvoker.java:104)
	at org.junit.jupiter.engine.execution.ExecutableInvoker.invoke(ExecutableInvoker.java:98)
	at org.junit.jupiter.engine.descriptor.TestMethodTestDescriptor.lambda$invokeTestMethod$7(TestMethodTestDescriptor.java:214)
	at org.junit.platform.engine.support.hierarchical.ThrowableCollector.execute(ThrowableCollector.java:73)
	at org.junit.jupiter.engine.descriptor.TestMethodTestDescriptor.invokeTestMethod(TestMethodTestDescriptor.java:210)
	at org.junit.jupiter.engine.descriptor.TestMethodTestDescriptor.execute(TestMethodTestDescriptor.java:135)
	at org.junit.jupiter.engine.descriptor.TestMethodTestDescriptor.execute(TestMethodTestDescriptor.java:66)
	at org.junit.platform.engine.support.hierarchical.NodeTestTask.lambda$executeRecursively$6(NodeTestTask.java:151)
	at org.junit.platform.engine.support.hierarchical.ThrowableCollector.execute(ThrowableCollector.java:73)
	at org.junit.platform.engine.support.hierarchical.NodeTestTask.lambda$executeRecursively$8(NodeTestTask.java:141)
	at org.junit.platform.engine.support.hierarchical.Node.around(Node.java:137)
	at org.junit.platform.engine.support.hierarchical.NodeTestTask.lambda$executeRecursively$9(NodeTestTask.java:139)
	at org.junit.platform.engine.support.hierarchical.ThrowableCollector.execute(ThrowableCollector.java:73)
	at org.junit.platform.engine.support.hierarchical.NodeTestTask.executeRecursively(NodeTestTask.java:138)
	at org.junit.platform.engine.support.hierarchical.NodeTestTask.execute(NodeTestTask.java:95)
	at java.util.ArrayList.forEach(ArrayList.java:1259)
	at org.junit.platform.engine.support.hierarchical.SameThreadHierarchicalTestExecutorService.invokeAll(SameThreadHierarchicalTestExecutorService.java:41)
	at org.junit.platform.engine.support.hierarchical.NodeTestTask.lambda$executeRecursively$6(NodeTestTask.java:155)
	at org.junit.platform.engine.support.hierarchical.ThrowableCollector.execute(ThrowableCollector.java:73)
	at org.junit.platform.engine.support.hierarchical.NodeTestTask.lambda$executeRecursively$8(NodeTestTask.java:141)
	at org.junit.platform.engine.support.hierarchical.Node.around(Node.java:137)
	at org.junit.platform.engine.support.hierarchical.NodeTestTask.lambda$executeRecursively$9(NodeTestTask.java:139)
	at org.junit.platform.engine.support.hierarchical.ThrowableCollector.execute(ThrowableCollector.java:73)
	at org.junit.platform.engine.support.hierarchical.NodeTestTask.executeRecursively(NodeTestTask.java:138)
	at org.junit.platform.engine.support.hierarchical.NodeTestTask.execute(NodeTestTask.java:95)
	at java.util.ArrayList.forEach(ArrayList.java:1259)
	at org.junit.platform.engine.support.hierarchical.SameThreadHierarchicalTestExecutorService.invokeAll(SameThreadHierarchicalTestExecutorService.java:41)
	at org.junit.platform.engine.support.hierarchical.NodeTestTask.lambda$executeRecursively$6(NodeTestTask.java:155)
	at org.junit.platform.engine.support.hierarchical.ThrowableCollector.execute(ThrowableCollector.java:73)
	at org.junit.platform.engine.support.hierarchical.NodeTestTask.lambda$executeRecursively$8(NodeTestTask.java:141)
	at org.junit.platform.engine.support.hierarchical.Node.around(Node.java:137)
	at org.junit.platform.engine.support.hierarchical.NodeTestTask.lambda$executeRecursively$9(NodeTestTask.java:139)
	at org.junit.platform.engine.support.hierarchical.ThrowableCollector.execute(ThrowableCollector.java:73)
	at org.junit.platform.engine.support.hierarchical.NodeTestTask.executeRecursively(NodeTestTask.java:138)
	at org.junit.platform.engine.support.hierarchical.NodeTestTask.execute(NodeTestTask.java:95)
	at org.junit.platform.engine.support.hierarchical.SameThreadHierarchicalTestExecutorService.submit(SameThreadHierarchicalTestExecutorService.java:35)
	at org.junit.platform.engine.support.hierarchical.HierarchicalTestExecutor.execute(HierarchicalTestExecutor.java:57)
	at org.junit.platform.engine.support.hierarchical.HierarchicalTestEngine.execute(HierarchicalTestEngine.java:54)
	at org.junit.platform.launcher.core.EngineExecutionOrchestrator.execute(EngineExecutionOrchestrator.java:107)
	at org.junit.platform.launcher.core.EngineExecutionOrchestrator.execute(EngineExecutionOrchestrator.java:88)
	at org.junit.platform.launcher.core.EngineExecutionOrchestrator.lambda$execute$0(EngineExecutionOrchestrator.java:54)
	at org.junit.platform.launcher.core.EngineExecutionOrchestrator.withInterceptedStreams(EngineExecutionOrchestrator.java:67)
	at org.junit.platform.launcher.core.EngineExecutionOrchestrator.execute(EngineExecutionOrchestrator.java:52)
	at org.junit.platform.launcher.core.DefaultLauncher.execute(DefaultLauncher.java:114)
	at org.junit.platform.launcher.core.DefaultLauncher.execute(DefaultLauncher.java:86)
	at org.junit.platform.launcher.core.DefaultLauncherSession$DelegatingLauncher.execute(DefaultLauncherSession.java:86)
	at org.junit.platform.launcher.core.SessionPerRequestLauncher.execute(SessionPerRequestLauncher.java:53)
	at org.apache.maven.surefire.junitplatform.JUnitPlatformProvider.execute(JUnitPlatformProvider.java:188)
	at org.apache.maven.surefire.junitplatform.JUnitPlatformProvider.invokeAllTests(JUnitPlatformProvider.java:154)
	at org.apache.maven.surefire.junitplatform.JUnitPlatformProvider.invoke(JUnitPlatformProvider.java:124)
	at org.apache.maven.surefire.booter.ForkedBooter.runSuitesInProcess(ForkedBooter.java:428)
	at org.apache.maven.surefire.booter.ForkedBooter.execute(ForkedBooter.java:162)
	at org.apache.maven.surefire.booter.ForkedBooter.run(ForkedBooter.java:562)
	at org.apache.maven.surefire.booter.ForkedBooter.main(ForkedBooter.java:548)
]]></error>
    <system-out><![CDATA[2022-12-19 18:39:40,525 [Listener at 127.0.0.1/45319] WARN  server.ServerUtils (ServerUtils.java:getScmDbDir(148)) - ozone.scm.db.dirs is not configured. We recommend adding this setting. Falling back to ozone.metadata.dirs instead.
2022-12-19 18:39:40,531 [Listener at 127.0.0.1/45319] WARN  server.ServerUtils (ServerUtils.java:getScmDbDir(148)) - ozone.scm.db.dirs is not configured. We recommend adding this setting. Falling back to ozone.metadata.dirs instead.
2022-12-19 18:39:40,531 [Listener at 127.0.0.1/45319] INFO  ha.SCMHANodeDetails (SCMHANodeDetails.java:loadSCMHAConfig(209)) - ServiceID for StorageContainerManager is null
2022-12-19 18:39:40,531 [Listener at 127.0.0.1/45319] INFO  ha.SCMHANodeDetails (SCMHANodeDetails.java:loadSCMHAConfig(214)) - ozone.scm.default.service.id is not defined, falling back to ozone.scm.service.ids to find serviceID for StorageContainerManager if it is HA enabled cluster
2022-12-19 18:39:40,531 [Listener at 127.0.0.1/45319] WARN  utils.HAUtils (HAUtils.java:getMetaDir(342)) - ozone.scm.db.dirs is not configured. We recommend adding this setting. Falling back to ozone.metadata.dirs instead.
2022-12-19 18:39:40,532 [Listener at 127.0.0.1/45319] WARN  db.DBStoreBuilder (DBStoreBuilder.java:applyDBDefinition(144)) - ozone.scm.db.dirs is not configured. We recommend adding this setting. Falling back to ozone.metadata.dirs instead.
2022-12-19 18:39:40,625 [Listener at 127.0.0.1/45319] INFO  net.NodeSchemaLoader (NodeSchemaLoader.java:loadSchemaFromFile(129)) - Loading schema from [jar:file:/home/runner/.m2/repository/org/apache/ozone/hdds-common/1.3.0-SNAPSHOT/hdds-common-1.3.0-SNAPSHOT.jar!/network-topology-default.xml]
2022-12-19 18:39:40,625 [Listener at 127.0.0.1/45319] INFO  net.NodeSchemaLoader (NodeSchemaLoader.java:loadSchema(176)) - Loading network topology layer schema file
2022-12-19 18:39:40,627 [Listener at 127.0.0.1/45319] INFO  upgrade.AbstractLayoutVersionManager (AbstractLayoutVersionManager.java:init(83)) - Initializing Layout version manager with metadata layout = DATANODE_SCHEMA_V3 (version = 4), software layout = DATANODE_SCHEMA_V3 (version = 4)
2022-12-19 18:39:40,669 [Listener at 127.0.0.1/45319] INFO  reflections.Reflections (Reflections.java:scan(232)) - Reflections took 41 ms to scan 7 urls, producing 146 keys and 348 values 
2022-12-19 18:39:40,671 [Listener at 127.0.0.1/45319] INFO  ha.SequenceIdGenerator (SequenceIdGenerator.java:upgradeToSequenceId(349)) - upgrade localId to 109611004723200000
2022-12-19 18:39:40,671 [Listener at 127.0.0.1/45319] INFO  ha.SequenceIdGenerator (SequenceIdGenerator.java:upgradeToSequenceId(359)) - upgrade delTxnId to 0
2022-12-19 18:39:40,671 [Listener at 127.0.0.1/45319] INFO  ha.SequenceIdGenerator (SequenceIdGenerator.java:upgradeToSequenceId(376)) - upgrade containerId to 0
2022-12-19 18:39:40,671 [Listener at 127.0.0.1/45319] INFO  ha.SequenceIdGenerator (SequenceIdGenerator.java:<init>(220)) - Init the HA SequenceIdGenerator.
2022-12-19 18:39:40,672 [Listener at 127.0.0.1/45319] INFO  node.SCMNodeManager (SCMNodeManager.java:<init>(149)) - Entering startup safe mode.
2022-12-19 18:39:40,672 [Listener at 127.0.0.1/45319] INFO  algorithms.ContainerPlacementPolicyFactory (ContainerPlacementPolicyFactory.java:getPolicyInternal(86)) - Create container placement policy of type org.apache.hadoop.hdds.scm.container.placement.algorithms.SCMContainerPlacementRandom
2022-12-19 18:39:40,672 [Listener at 127.0.0.1/45319] INFO  algorithms.ContainerPlacementPolicyFactory (ContainerPlacementPolicyFactory.java:getPolicyInternal(86)) - Create container placement policy of type org.apache.hadoop.hdds.scm.container.placement.algorithms.SCMContainerPlacementRackScatter
2022-12-19 18:39:40,672 [Listener at 127.0.0.1/45319] INFO  pipeline.PipelineStateManagerImpl (PipelineStateManagerImpl.java:initialize(78)) - No pipeline exists in current db
2022-12-19 18:39:40,673 [Listener at 127.0.0.1/45319] INFO  algorithms.LeaderChoosePolicyFactory (LeaderChoosePolicyFactory.java:getPolicy(57)) - Create leader choose policy of type org.apache.hadoop.hdds.scm.pipeline.leader.choose.algorithms.MinLeaderCountChoosePolicy
2022-12-19 18:39:40,673 [Listener at 127.0.0.1/45319] INFO  algorithms.ContainerPlacementPolicyFactory (ContainerPlacementPolicyFactory.java:getPolicyInternal(86)) - Create container placement policy of type org.apache.hadoop.hdds.scm.container.placement.algorithms.SCMContainerPlacementRackScatter
2022-12-19 18:39:40,673 [Listener at 127.0.0.1/45319] INFO  ha.SCMServiceManager (SCMServiceManager.java:register(42)) - Registering service BackgroundPipelineCreator.
2022-12-19 18:39:40,673 [Listener at 127.0.0.1/45319] INFO  pipeline.BackgroundPipelineCreator (BackgroundPipelineCreator.java:start(124)) - Starting RatisPipelineUtilsThread.
2022-12-19 18:39:40,673 [Listener at 127.0.0.1/45319] INFO  BackgroundPipelineScrubber (BackgroundSCMService.java:start(68)) - Starting BackgroundPipelineScrubber Service.
2022-12-19 18:39:40,673 [Listener at 127.0.0.1/45319] INFO  ha.SCMServiceManager (SCMServiceManager.java:register(42)) - Registering service BackgroundPipelineScrubber.
2022-12-19 18:39:40,674 [Listener at 127.0.0.1/45319] INFO  ExpiredContainerReplicaOpScrubber (BackgroundSCMService.java:start(68)) - Starting ExpiredContainerReplicaOpScrubber Service.
2022-12-19 18:39:40,674 [Listener at 127.0.0.1/45319] INFO  ha.SCMServiceManager (SCMServiceManager.java:register(42)) - Registering service ExpiredContainerReplicaOpScrubber.
2022-12-19 18:39:40,675 [Listener at 127.0.0.1/45319] INFO  algorithms.PipelineChoosePolicyFactory (PipelineChoosePolicyFactory.java:createPipelineChoosePolicyFromClass(73)) - Create pipeline choose policy of type org.apache.hadoop.hdds.scm.pipeline.choose.algorithms.RandomPipelineChoosePolicy
2022-12-19 18:39:40,676 [Listener at 127.0.0.1/45319] INFO  ha.SCMServiceManager (SCMServiceManager.java:register(42)) - Registering service SCMBlockDeletingService.
2022-12-19 18:39:40,676 [Listener at 127.0.0.1/45319] INFO  replication.ReplicationManager (ReplicationManager.java:start(261)) - Starting Replication Monitor Thread.
2022-12-19 18:39:40,676 [Listener at 127.0.0.1/45319] INFO  ha.SCMServiceManager (SCMServiceManager.java:register(42)) - Registering service ReplicationManager.
2022-12-19 18:39:40,677 [Listener at 127.0.0.1/45319] INFO  safemode.ContainerSafeModeRule (ContainerSafeModeRule.java:<init>(89)) - containers with one replica threshold count 0
2022-12-19 18:39:40,677 [Listener at 127.0.0.1/45319] INFO  safemode.HealthyPipelineSafeModeRule (HealthyPipelineSafeModeRule.java:initializeRule(169)) - Total pipeline count is 0, healthy pipeline threshold count is 1
2022-12-19 18:39:40,677 [Listener at 127.0.0.1/45319] INFO  safemode.OneReplicaPipelineSafeModeRule (OneReplicaPipelineSafeModeRule.java:initializeRule(180)) - Total pipeline count is 0, pipeline's with at least one datanode reported threshold count is 0
2022-12-19 18:39:40,677 [Listener at 127.0.0.1/45319] INFO  ipc.CallQueueManager (CallQueueManager.java:<init>(90)) - Using callQueue: class java.util.concurrent.LinkedBlockingQueue, queueCapacity: 2000, scheduler: class org.apache.hadoop.ipc.DefaultRpcScheduler, ipcBackoff: false.
2022-12-19 18:39:40,678 [Socket Reader #1 for port 0] INFO  ipc.Server (Server.java:run(1273)) - Starting Socket Reader #1 for port 0
2022-12-19 18:39:40,678 [Listener at 0.0.0.0/43047] INFO  ipc.CallQueueManager (CallQueueManager.java:<init>(90)) - Using callQueue: class java.util.concurrent.LinkedBlockingQueue, queueCapacity: 2000, scheduler: class org.apache.hadoop.ipc.DefaultRpcScheduler, ipcBackoff: false.
2022-12-19 18:39:40,680 [ReplicationMonitor] INFO  replication.ReplicationManager (ReplicationManager.java:processAll(330)) - Replication Manager is not ready to run until 3000ms after safemode exit
2022-12-19 18:39:40,680 [Socket Reader #1 for port 0] INFO  ipc.Server (Server.java:run(1273)) - Starting Socket Reader #1 for port 0
2022-12-19 18:39:40,680 [Listener at 0.0.0.0/34917] INFO  ipc.CallQueueManager (CallQueueManager.java:<init>(90)) - Using callQueue: class java.util.concurrent.LinkedBlockingQueue, queueCapacity: 2000, scheduler: class org.apache.hadoop.ipc.DefaultRpcScheduler, ipcBackoff: false.
2022-12-19 18:39:40,686 [Listener at 0.0.0.0/33985] INFO  ha.SCMServiceManager (SCMServiceManager.java:register(42)) - Registering service ContainerBalancer.
2022-12-19 18:39:40,687 [Listener at 0.0.0.0/33985] INFO  server.StorageContainerManager (StorageContainerManager.java:<init>(398)) - 
Container Balancer status:
Key                            Value
Running                        true
Container Balancer Configuration values:
Key                                                Value
Threshold                                          10
Max Datanodes to Involve per Iteration(percent)    20
Max Size to Move per Iteration                     500GB
Max Size Entering Target per Iteration             26GB
Max Size Leaving Source per Iteration              26GB

2022-12-19 18:39:40,687 [Listener at 0.0.0.0/33985] INFO  ha.SCMContext (SCMContext.java:updateSafeModeStatus(228)) - Update SafeModeStatus from SafeModeStatus{safeModeStatus=true, preCheckPassed=false} to SafeModeStatus{safeModeStatus=true, preCheckPassed=false}.
2022-12-19 18:39:40,687 [Listener at 0.0.0.0/33985] INFO  server.StorageContainerManager (StorageContainerManager.java:start(1420)) - StorageContainerLocationProtocol RPC server is listening at /0.0.0.0:33985
2022-12-19 18:39:40,688 [Listener at 0.0.0.0/33985] WARN  impl.MetricsConfig (MetricsConfig.java:loadFirst(136)) - Cannot locate configuration: tried hadoop-metrics2-storagecontainermanager.properties,hadoop-metrics2.properties
2022-12-19 18:39:40,689 [Listener at 0.0.0.0/33985] INFO  impl.MetricsSystemImpl (MetricsSystemImpl.java:startTimer(378)) - Scheduled Metric snapshot period at 10 second(s).
2022-12-19 18:39:40,689 [Listener at 0.0.0.0/33985] INFO  impl.MetricsSystemImpl (MetricsSystemImpl.java:start(191)) - StorageContainerManager metrics system started
2022-12-19 18:39:40,691 [Listener at 0.0.0.0/33985] INFO  impl.MetricsSinkAdapter (MetricsSinkAdapter.java:start(204)) - Sink prometheus started
2022-12-19 18:39:40,691 [Listener at 0.0.0.0/33985] INFO  impl.MetricsSystemImpl (MetricsSystemImpl.java:registerSink(305)) - Registered sink prometheus
2022-12-19 18:39:40,695 [Socket Reader #1 for port 0] INFO  ipc.Server (Server.java:run(1273)) - Starting Socket Reader #1 for port 0
2022-12-19 18:39:40,717 [Listener at 0.0.0.0/33985] INFO  server.SCMClientProtocolServer (SCMClientProtocolServer.java:start(170)) - RPC server for Client  is listening at /0.0.0.0:33985
2022-12-19 18:39:40,722 [IPC Server Responder] INFO  ipc.Server (Server.java:run(1512)) - IPC Server Responder: starting
2022-12-19 18:39:40,723 [IPC Server listener on 0] INFO  ipc.Server (Server.java:run(1352)) - IPC Server listener on 0: starting
2022-12-19 18:39:40,729 [Listener at 0.0.0.0/33985] INFO  server.StorageContainerManager (StorageContainerManager.java:start(1434)) - ScmBlockLocationProtocol RPC server is listening at /0.0.0.0:34917
2022-12-19 18:39:40,729 [Listener at 0.0.0.0/33985] INFO  server.SCMBlockProtocolServer (SCMBlockProtocolServer.java:start(152)) - RPC server for Block Protocol is listening at /0.0.0.0:34917
2022-12-19 18:39:40,730 [IPC Server Responder] INFO  ipc.Server (Server.java:run(1512)) - IPC Server Responder: starting
2022-12-19 18:39:40,730 [IPC Server listener on 0] INFO  ipc.Server (Server.java:run(1352)) - IPC Server listener on 0: starting
2022-12-19 18:39:40,733 [Listener at 0.0.0.0/33985] INFO  server.SCMDatanodeProtocolServer (SCMDatanodeProtocolServer.java:start(194)) - ScmDatanodeProtocol RPC server for DataNodes is listening at /0.0.0.0:43047
2022-12-19 18:39:40,734 [IPC Server Responder] INFO  ipc.Server (Server.java:run(1512)) - IPC Server Responder: starting
2022-12-19 18:39:40,737 [IPC Server listener on 0] INFO  ipc.Server (Server.java:run(1352)) - IPC Server listener on 0: starting
2022-12-19 18:39:40,737 [org.apache.hadoop.util.JvmPauseMonitor$Monitor@306b2912] INFO  util.JvmPauseMonitor (JvmPauseMonitor.java:run(188)) - Starting JVM pause monitor
2022-12-19 18:39:40,738 [Listener at 0.0.0.0/33985] INFO  http.BaseHttpServer (BaseHttpServer.java:newHttpServer2BuilderForOzone(213)) - Starting Web-server for scm at: http://0.0.0.0:0
2022-12-19 18:39:40,738 [Listener at 0.0.0.0/33985] INFO  http.BaseHttpServer (BaseHttpServer.java:<init>(108)) - Hadoop Security Enabled: false Ozone Security Enabled: false Ozone HTTP Security Enabled: false 
2022-12-19 18:39:40,740 [Listener at 0.0.0.0/33985] WARN  server.AuthenticationFilter (AuthenticationFilter.java:constructSecretProvider(240)) - Unable to initialize FileSignerSecretProvider, falling back to use random secrets. Reason: Could not read signature secret file: /home/runner/hadoop-http-auth-signature-secret
2022-12-19 18:39:40,741 [Listener at 0.0.0.0/33985] WARN  http.HttpRequestLog (HttpRequestLog.java:getRequestLog(103)) - Jetty request log can only be enabled using Log4j
2022-12-19 18:39:40,742 [Listener at 0.0.0.0/33985] INFO  http.HttpServer2 (HttpServer2.java:addGlobalFilter(1031)) - Added global filter 'safety' (class=org.apache.hadoop.hdds.server.http.HttpServer2$QuotingInputFilter)
2022-12-19 18:39:40,743 [Listener at 0.0.0.0/33985] INFO  http.HttpServer2 (HttpServer2.java:addFilter(1007)) - Added filter static_user_filter (class=org.apache.hadoop.http.lib.StaticUserWebFilter$StaticUserFilter) to context scm
2022-12-19 18:39:40,744 [Listener at 0.0.0.0/33985] INFO  http.HttpServer2 (HttpServer2.java:addFilter(1015)) - Added filter static_user_filter (class=org.apache.hadoop.http.lib.StaticUserWebFilter$StaticUserFilter) to context logs
2022-12-19 18:39:40,744 [Listener at 0.0.0.0/33985] INFO  http.HttpServer2 (HttpServer2.java:addFilter(1015)) - Added filter static_user_filter (class=org.apache.hadoop.http.lib.StaticUserWebFilter$StaticUserFilter) to context static
2022-12-19 18:39:40,748 [Listener at 0.0.0.0/33985] INFO  http.HttpServer2 (HttpServer2.java:bindListener(1250)) - Jetty bound to port 46633
2022-12-19 18:39:40,748 [Listener at 0.0.0.0/33985] INFO  server.Server (Server.java:doStart(375)) - jetty-9.4.49.v20220914; built: 2022-09-14T01:07:36.601Z; git: 4231a3b2e4cb8548a412a789936d640a97b1aa0a; jvm 1.8.0_352-b08
2022-12-19 18:39:40,756 [Listener at 0.0.0.0/33985] INFO  server.session (DefaultSessionIdManager.java:doStart(334)) - DefaultSessionIdManager workerName=node0
2022-12-19 18:39:40,756 [Listener at 0.0.0.0/33985] INFO  server.session (DefaultSessionIdManager.java:doStart(339)) - No SessionScavenger set, using defaults
2022-12-19 18:39:40,757 [Listener at 0.0.0.0/33985] INFO  server.session (HouseKeeper.java:startScavenging(132)) - node0 Scavenging every 660000ms
2022-12-19 18:39:40,757 [Listener at 0.0.0.0/33985] INFO  handler.ContextHandler (ContextHandler.java:doStart(921)) - Started o.e.j.s.ServletContextHandler@7f466b3c{logs,/logs,file:///home/runner/work/ozone/ozone/hadoop-ozone/integration-test/target/log,AVAILABLE}
2022-12-19 18:39:40,758 [Listener at 0.0.0.0/33985] INFO  handler.ContextHandler (ContextHandler.java:doStart(921)) - Started o.e.j.s.ServletContextHandler@26ab1ea4{static,/static,file:///home/runner/work/ozone/ozone/hadoop-ozone/integration-test/target/test-classes/webapps/static,AVAILABLE}
2022-12-19 18:39:40,761 [Listener at 0.0.0.0/33985] INFO  handler.ContextHandler (ContextHandler.java:doStart(921)) - Started o.e.j.w.WebAppContext@70fbaa1b{scm,/,file:///home/runner/work/ozone/ozone/hadoop-ozone/integration-test/target/test-classes/webapps/scm/,AVAILABLE}{file:/home/runner/work/ozone/ozone/hadoop-ozone/integration-test/target/test-classes/webapps/scm}
2022-12-19 18:39:40,762 [Listener at 0.0.0.0/33985] INFO  server.AbstractConnector (AbstractConnector.java:doStart(333)) - Started ServerConnector@c3ff606{HTTP/1.1, (http/1.1)}{0.0.0.0:46633}
2022-12-19 18:39:40,762 [Listener at 0.0.0.0/33985] INFO  server.Server (Server.java:doStart(415)) - Started @68251ms
2022-12-19 18:39:40,762 [Listener at 0.0.0.0/33985] WARN  impl.MetricsSystemImpl (MetricsSystemImpl.java:register(279)) - Sink prometheus already exists!
2022-12-19 18:39:40,762 [Listener at 0.0.0.0/33985] INFO  http.BaseHttpServer (BaseHttpServer.java:updateConnectorAddress(333)) - HTTP server of scm listening at http://0.0.0.0:46633
2022-12-19 18:39:40,763 [Listener at 0.0.0.0/33985] WARN  server.ServerUtils (ServerUtils.java:getDBPath(225)) - ozone.om.db.dirs is not configured. We recommend adding this setting. Falling back to ozone.metadata.dirs instead.
2022-12-19 18:39:40,765 [Listener at 0.0.0.0/33985] INFO  ha.OMHANodeDetails (OMHANodeDetails.java:loadOMHAConfig(115)) - ozone.om.internal.service.id is not defined, falling back to ozone.om.service.ids to find serviceID for OzoneManager if it is HA enabled cluster
2022-12-19 18:39:40,765 [Listener at 0.0.0.0/33985] INFO  ha.OMHANodeDetails (OMHANodeDetails.java:loadOMHAConfig(226)) - Configuration does not have ozone.om.address set. Falling back to the default OM address /127.0.0.1:0
2022-12-19 18:39:40,765 [Listener at 0.0.0.0/33985] INFO  ha.OMHANodeDetails (OMHANodeDetails.java:getOMNodeDetailsForNonHA(254)) - OM Service ID is not set. Setting it to the default ID: omServiceIdDefault
2022-12-19 18:39:40,765 [Listener at 0.0.0.0/33985] INFO  ha.OMHANodeDetails (OMHANodeDetails.java:getOMNodeDetailsForNonHA(261)) - OM Node ID is not set. Setting it to the default ID: om1
2022-12-19 18:39:40,765 [Listener at 0.0.0.0/33985] WARN  server.ServerUtils (ServerUtils.java:getDBPath(225)) - ozone.om.db.dirs is not configured. We recommend adding this setting. Falling back to ozone.metadata.dirs instead.
2022-12-19 18:39:40,766 [Listener at 0.0.0.0/33985] INFO  upgrade.AbstractLayoutVersionManager (AbstractLayoutVersionManager.java:init(83)) - Initializing Layout version manager with metadata layout = MULTITENANCY_SCHEMA (version = 3), software layout = MULTITENANCY_SCHEMA (version = 3)
2022-12-19 18:39:40,836 [Listener at 0.0.0.0/33985] INFO  reflections.Reflections (Reflections.java:scan(232)) - Reflections took 70 ms to scan 2 urls, producing 154 keys and 428 values [using 2 cores]
2022-12-19 18:39:40,837 [Listener at 0.0.0.0/33985] INFO  upgrade.OMLayoutVersionManager (OMLayoutVersionManager.java:lambda$0(115)) - Skipping Upgrade Action MockOmUpgradeAction since it has been finalized.
2022-12-19 18:39:40,837 [Listener at 0.0.0.0/33985] WARN  server.ServerUtils (ServerUtils.java:getDBPath(225)) - ozone.om.db.dirs is not configured. We recommend adding this setting. Falling back to ozone.metadata.dirs instead.
2022-12-19 18:39:40,838 [Listener at 0.0.0.0/33985] INFO  proxy.SCMBlockLocationFailoverProxyProvider (SCMBlockLocationFailoverProxyProvider.java:<init>(114)) - Created block location fail-over proxy with 1 nodes: [nodeId=scmNodeId,nodeAddress=/0.0.0.0:34917]
2022-12-19 18:39:40,840 [Listener at 0.0.0.0/33985] INFO  proxy.SCMBlockLocationFailoverProxyProvider (SCMBlockLocationFailoverProxyProvider.java:<init>(114)) - Created block location fail-over proxy with 1 nodes: [nodeId=scmNodeId,nodeAddress=/0.0.0.0:34917]
2022-12-19 18:39:40,843 [Listener at 0.0.0.0/33985] WARN  server.ServerUtils (ServerUtils.java:getDBPath(225)) - ozone.om.db.dirs is not configured. We recommend adding this setting. Falling back to ozone.metadata.dirs instead.
2022-12-19 18:39:40,844 [Listener at 0.0.0.0/33985] INFO  codec.OmKeyInfoCodec (OmKeyInfoCodec.java:<init>(49)) - OmKeyInfoCodec ignorePipeline = true
2022-12-19 18:39:40,844 [Listener at 0.0.0.0/33985] INFO  codec.RepeatedOmKeyInfoCodec (RepeatedOmKeyInfoCodec.java:<init>(41)) - RepeatedOmKeyInfoCodec ignorePipeline = true
2022-12-19 18:39:40,987 [Listener at 0.0.0.0/33985] INFO  om.OzoneManager (OzoneManager.java:instantiateServices(715)) - S3 Multi-Tenancy is disabled
2022-12-19 18:39:40,988 [Listener at 0.0.0.0/33985] INFO  om.OzoneManager (OzoneManager.java:addS3GVolumeToDB(4400)) - Created Volume s3v With Owner runner required for S3Gateway operations.
2022-12-19 18:39:40,988 [Listener at 0.0.0.0/33985] WARN  server.ServerUtils (ServerUtils.java:getDefaultRatisDirectory(237)) - Storage directory for Ratis is not configured. It is a good idea to map this to an SSD disk. Falling back to ozone.metadata.dirs
2022-12-19 18:39:40,988 [Listener at 0.0.0.0/33985] WARN  utils.OzoneManagerRatisUtils (OzoneManagerRatisUtils.java:getOMRatisSnapshotDirectory(434)) - ozone.om.ratis.snapshot.dir is not configured. Falling back to ozone.metadata.dirs config
2022-12-19 18:39:40,989 [Listener at 0.0.0.0/33985] WARN  server.ServerUtils (ServerUtils.java:getDefaultRatisDirectory(237)) - Storage directory for Ratis is not configured. It is a good idea to map this to an SSD disk. Falling back to ozone.metadata.dirs
2022-12-19 18:39:40,989 [Listener at 0.0.0.0/33985] INFO  ratis.OzoneManagerRatisServer (OzoneManagerRatisServer.java:<init>(160)) - Instantiating OM Ratis server with groupID: omServiceIdDefault and peers: localhost:9872
2022-12-19 18:39:40,990 [Listener at 0.0.0.0/33985] INFO  ratis.OzoneManagerStateMachine (OzoneManagerStateMachine.java:loadSnapshotInfoFromDB(636)) - LastAppliedIndex is set from TransactionInfo from OM DB as (t:0, i:~)
2022-12-19 18:39:40,990 [Listener at 0.0.0.0/33985] INFO  server.RaftServer (ConfUtils.java:logGet(46)) - raft.rpc.type = GRPC (default)
2022-12-19 18:39:40,990 [Listener at 0.0.0.0/33985] INFO  grpc.GrpcConfigKeys (ConfUtils.java:logFallback(53)) - raft.grpc.admin.host = null (fallback to raft.grpc.server.host)
2022-12-19 18:39:40,990 [Listener at 0.0.0.0/33985] INFO  grpc.GrpcConfigKeys (ConfUtils.java:logFallback(53)) - raft.grpc.admin.port = 9872 (fallback to raft.grpc.server.port)
2022-12-19 18:39:40,990 [Listener at 0.0.0.0/33985] INFO  grpc.GrpcConfigKeys (ConfUtils.java:logFallback(53)) - raft.grpc.client.host = null (fallback to raft.grpc.server.host)
2022-12-19 18:39:40,990 [Listener at 0.0.0.0/33985] INFO  grpc.GrpcConfigKeys (ConfUtils.java:logFallback(53)) - raft.grpc.client.port = 9872 (fallback to raft.grpc.server.port)
2022-12-19 18:39:40,991 [Listener at 0.0.0.0/33985] INFO  grpc.GrpcConfigKeys (ConfUtils.java:logGet(46)) - raft.grpc.server.host = null (default)
2022-12-19 18:39:40,991 [Listener at 0.0.0.0/33985] INFO  grpc.GrpcConfigKeys (ConfUtils.java:logGet(46)) - raft.grpc.server.port = 9872 (custom)
2022-12-19 18:39:40,991 [Listener at 0.0.0.0/33985] INFO  server.GrpcService (ConfUtils.java:logGet(46)) - raft.grpc.message.size.max = 33554432 (custom)
2022-12-19 18:39:40,991 [Listener at 0.0.0.0/33985] INFO  server.RaftServerConfigKeys (ConfUtils.java:logGet(46)) - raft.server.log.appender.buffer.byte-limit = 33554432 (custom)
2022-12-19 18:39:40,991 [Listener at 0.0.0.0/33985] INFO  server.GrpcService (ConfUtils.java:logGet(46)) - raft.grpc.flow.control.window = 1MB (=1048576) (default)
2022-12-19 18:39:40,991 [Listener at 0.0.0.0/33985] INFO  server.RaftServerConfigKeys (ConfUtils.java:logGet(46)) - raft.server.rpc.request.timeout = 3000ms (default)
2022-12-19 18:39:40,991 [Listener at 0.0.0.0/33985] INFO  grpc.GrpcConfigKeys (ConfUtils.java:logGet(46)) - raft.grpc.server.heartbeat.channel = true (default)
2022-12-19 18:39:40,991 [Listener at 0.0.0.0/33985] INFO  grpc.GrpcConfigKeys (ConfUtils.java:logGet(46)) - raft.grpc.server.async.request.thread.pool.cached = true (default)
2022-12-19 18:39:40,991 [Listener at 0.0.0.0/33985] INFO  grpc.GrpcConfigKeys (ConfUtils.java:logGet(46)) - raft.grpc.server.async.request.thread.pool.size = 32 (default)
2022-12-19 18:39:40,993 [Listener at 0.0.0.0/33985] INFO  impl.DataStreamServerImpl (ConfUtils.java:logGet(46)) - raft.datastream.type = NETTY (custom)
2022-12-19 18:39:40,994 [Listener at 0.0.0.0/33985] INFO  server.RaftServerConfigKeys (ConfUtils.java:logGet(46)) - raft.server.data-stream.async.request.thread.pool.cached = false (default)
2022-12-19 18:39:40,994 [Listener at 0.0.0.0/33985] INFO  server.RaftServerConfigKeys (ConfUtils.java:logGet(46)) - raft.server.data-stream.async.request.thread.pool.size = 32 (default)
2022-12-19 18:39:40,994 [Listener at 0.0.0.0/33985] INFO  server.RaftServerConfigKeys (ConfUtils.java:logGet(46)) - raft.server.data-stream.async.write.thread.pool.size = 16 (default)
2022-12-19 18:39:40,994 [Listener at 0.0.0.0/33985] INFO  server.RaftServerConfigKeys (ConfUtils.java:logGet(46)) - raft.server.data-stream.client.pool.size = 10 (default)
2022-12-19 18:39:40,994 [Listener at 0.0.0.0/33985] INFO  netty.NettyConfigKeys$DataStream (ConfUtils.java:logGet(46)) - raft.netty.dataStream.server.use-epoll = false (default)
2022-12-19 18:39:40,994 [Listener at 0.0.0.0/33985] INFO  netty.NettyConfigKeys$DataStream (ConfUtils.java:logGet(46)) - raft.netty.dataStream.server.boss-group.size = 0 (default)
2022-12-19 18:39:40,995 [Listener at 0.0.0.0/33985] INFO  netty.NettyConfigKeys$DataStream (ConfUtils.java:logGet(46)) - raft.netty.dataStream.server.worker-group.size = 0 (default)
2022-12-19 18:39:40,995 [Listener at 0.0.0.0/33985] INFO  netty.NettyConfigKeys$DataStream (ConfUtils.java:logGet(46)) - raft.netty.dataStream.server.tls.conf = null (default)
2022-12-19 18:39:40,995 [Listener at 0.0.0.0/33985] INFO  netty.NettyConfigKeys$DataStream (ConfUtils.java:logGet(46)) - raft.netty.dataStream.host = null (default)
2022-12-19 18:39:40,995 [Listener at 0.0.0.0/33985] INFO  netty.NettyConfigKeys$DataStream (ConfUtils.java:logGet(46)) - raft.netty.dataStream.port = 0 (default)
2022-12-19 18:39:40,996 [Listener at 0.0.0.0/33985] INFO  server.RaftServerConfigKeys (ConfUtils.java:logGet(46)) - raft.server.threadpool.proxy.cached = true (default)
2022-12-19 18:39:40,996 [Listener at 0.0.0.0/33985] INFO  server.RaftServerConfigKeys (ConfUtils.java:logGet(46)) - raft.server.threadpool.proxy.size = 0 (default)
2022-12-19 18:39:40,996 [Listener at 0.0.0.0/33985] INFO  server.RaftServerConfigKeys (ConfUtils.java:logGet(46)) - raft.server.rpc.slowness.timeout = 120s (custom)
2022-12-19 18:39:40,996 [Listener at 0.0.0.0/33985] INFO  server.RaftServerConfigKeys (ConfUtils.java:logGet(46)) - raft.server.leaderelection.leader.step-down.wait-time = 10s (default)
2022-12-19 18:39:40,996 [Listener at 0.0.0.0/33985] INFO  server.RaftServerConfigKeys (ConfUtils.java:logGet(46)) - raft.server.storage.dir = [/home/runner/work/ozone/ozone/hadoop-ozone/integration-test/target/test-dir/MiniOzoneClusterImpl-5ce33d81-cd12-4481-bdd0-3091a3c691f6/ozone-meta/ratis] (custom)
2022-12-19 18:39:40,996 [om1-NettyServerStreamRpc-bossGroup--thread1] INFO  logging.LoggingHandler (AbstractInternalLogger.java:log(148)) - [id: 0xb10e4d90] REGISTERED
2022-12-19 18:39:40,999 [om1-NettyServerStreamRpc-bossGroup--thread1] INFO  logging.LoggingHandler (AbstractInternalLogger.java:log(148)) - [id: 0xb10e4d90] BIND: 0.0.0.0/0.0.0.0:0
2022-12-19 18:39:40,999 [om1-NettyServerStreamRpc-bossGroup--thread1] INFO  logging.LoggingHandler (AbstractInternalLogger.java:log(148)) - [id: 0xb10e4d90, L:/0:0:0:0:0:0:0:0:38415] ACTIVE
2022-12-19 18:39:41,007 [Listener at 0.0.0.0/33985] INFO  server.RaftServer (RaftServerProxy.java:addNew(96)) - om1: addNew group-C5BA1605619E:[om1|rpc:localhost:9872|priority:0|startupRole:FOLLOWER] returns group-C5BA1605619E:java.util.concurrent.CompletableFuture@4c02be34[Not completed]
2022-12-19 18:39:41,007 [Listener at 0.0.0.0/33985] INFO  om.OzoneManager (OzoneManager.java:initializeRatisServer(1977)) - OzoneManager Ratis server initialized at port 9872
2022-12-19 18:39:41,008 [Listener at 0.0.0.0/33985] INFO  om.OzoneManager (OzoneManager.java:getRpcServer(1104)) - Creating RPC Server
2022-12-19 18:39:41,008 [pool-526-thread-1] INFO  server.RaftServer$Division (RaftServerImpl.java:<init>(195)) - om1: new RaftServerImpl for group-C5BA1605619E:[om1|rpc:localhost:9872|priority:0|startupRole:FOLLOWER] with OzoneManagerStateMachine:uninitialized
2022-12-19 18:39:41,009 [pool-526-thread-1] INFO  server.RaftServerConfigKeys (ConfUtils.java:logGet(46)) - raft.server.rpc.timeout.min = 1s (custom)
2022-12-19 18:39:41,009 [pool-526-thread-1] INFO  server.RaftServerConfigKeys (ConfUtils.java:logGet(46)) - raft.server.rpc.timeout.max = 1200ms (custom)
2022-12-19 18:39:41,009 [pool-526-thread-1] INFO  server.RaftServerConfigKeys (ConfUtils.java:logGet(46)) - raft.server.rpc.sleep.time = 25ms (default)
2022-12-19 18:39:41,009 [pool-526-thread-1] INFO  server.RaftServerConfigKeys (ConfUtils.java:logGet(46)) - raft.server.rpc.slowness.timeout = 120s (custom)
2022-12-19 18:39:41,009 [pool-526-thread-1] INFO  server.RaftServerConfigKeys (ConfUtils.java:logGet(46)) - raft.server.leaderelection.leader.step-down.wait-time = 10s (default)
2022-12-19 18:39:41,009 [pool-526-thread-1] INFO  server.RaftServerConfigKeys (ConfUtils.java:logGet(46)) - raft.server.sleep.deviation.threshold = 300ms (default)
2022-12-19 18:39:41,009 [pool-526-thread-1] INFO  server.RaftServer$Division (ServerState.java:<init>(118)) - om1@group-C5BA1605619E: ConfigurationManager, init=-1: peers:[om1|rpc:localhost:9872|priority:0|startupRole:FOLLOWER]|listeners:[], old=null, confs=<EMPTY_MAP>
2022-12-19 18:39:41,009 [pool-526-thread-1] INFO  server.RaftServerConfigKeys (ConfUtils.java:logGet(46)) - raft.server.storage.dir = [/home/runner/work/ozone/ozone/hadoop-ozone/integration-test/target/test-dir/MiniOzoneClusterImpl-5ce33d81-cd12-4481-bdd0-3091a3c691f6/ozone-meta/ratis] (custom)
2022-12-19 18:39:41,009 [pool-526-thread-1] INFO  server.RaftServerConfigKeys (ConfUtils.java:logGet(46)) - raft.server.log.corruption.policy = EXCEPTION (default)
2022-12-19 18:39:41,009 [pool-526-thread-1] INFO  server.RaftServerConfigKeys (ConfUtils.java:logGet(46)) - raft.server.storage.free-space.min = 0MB (=0) (default)
2022-12-19 18:39:41,009 [pool-526-thread-1] INFO  server.RaftServerConfigKeys (ConfUtils.java:logGet(46)) - raft.server.notification.no-leader.timeout = 120s (custom)
2022-12-19 18:39:41,009 [pool-526-thread-1] INFO  server.RaftServerConfigKeys (ConfUtils.java:logGet(46)) - raft.server.retrycache.expirytime = 300s (custom)
2022-12-19 18:39:41,009 [pool-526-thread-1] INFO  server.RaftServerConfigKeys (ConfUtils.java:logGet(46)) - raft.server.retrycache.statistics.expirytime = 100μs (default)
2022-12-19 18:39:41,010 [pool-526-thread-1] INFO  server.RaftServerConfigKeys (ConfUtils.java:logGet(46)) - raft.server.log.appender.install.snapshot.enabled = false (custom)
2022-12-19 18:39:41,010 [pool-526-thread-1] INFO  server.RaftServerConfigKeys (ConfUtils.java:logGet(46)) - raft.server.threadpool.server.cached = true (default)
2022-12-19 18:39:41,010 [pool-526-thread-1] INFO  server.RaftServerConfigKeys (ConfUtils.java:logGet(46)) - raft.server.threadpool.server.size = 0 (default)
2022-12-19 18:39:41,010 [pool-526-thread-1] INFO  server.RaftServerConfigKeys (ConfUtils.java:logGet(46)) - raft.server.threadpool.client.cached = true (default)
2022-12-19 18:39:41,010 [pool-526-thread-1] INFO  server.RaftServerConfigKeys (ConfUtils.java:logGet(46)) - raft.server.threadpool.client.size = 0 (default)
2022-12-19 18:39:41,434 [Listener at 0.0.0.0/33985] INFO  reflections.Reflections (Reflections.java:scan(232)) - Reflections took 426 ms to scan 19 urls, producing 67 keys and 4497 values [using 2 cores]
2022-12-19 18:39:41,435 [Listener at 0.0.0.0/33985] INFO  ipc.CallQueueManager (CallQueueManager.java:<init>(90)) - Using callQueue: class java.util.concurrent.LinkedBlockingQueue, queueCapacity: 2000, scheduler: class org.apache.hadoop.ipc.DefaultRpcScheduler, ipcBackoff: false.
2022-12-19 18:39:41,436 [Socket Reader #1 for port 0] INFO  ipc.Server (Server.java:run(1273)) - Starting Socket Reader #1 for port 0
2022-12-19 18:39:41,452 [Listener at 127.0.0.1/39295] INFO  impl.MetricsSystemImpl (MetricsSystemImpl.java:init(158)) - OzoneManager metrics system started (again)
2022-12-19 18:39:41,461 [Listener at 127.0.0.1/39295] INFO  om.OzoneManager (OzoneManager.java:start(1484)) - OzoneManager RPC server is listening at localhost/127.0.0.1:39295
2022-12-19 18:39:41,461 [Listener at 127.0.0.1/39295] INFO  ratis.OzoneManagerRatisServer (OzoneManagerRatisServer.java:start(555)) - Starting OzoneManagerRatisServer om1 at port 9872
2022-12-19 18:39:41,461 [om1-impl-thread1] INFO  storage.RaftStorageDirectory (RaftStorageDirectoryImpl.java:analyzeStorage(137)) - The storage directory /home/runner/work/ozone/ozone/hadoop-ozone/integration-test/target/test-dir/MiniOzoneClusterImpl-5ce33d81-cd12-4481-bdd0-3091a3c691f6/ozone-meta/ratis/bf265839-605b-3f16-9796-c5ba1605619e does not exist. Creating ...
2022-12-19 18:39:41,463 [om1-impl-thread1] INFO  storage.RaftStorageDirectory (RaftStorageDirectoryImpl.java:tryLock(231)) - Lock on /home/runner/work/ozone/ozone/hadoop-ozone/integration-test/target/test-dir/MiniOzoneClusterImpl-5ce33d81-cd12-4481-bdd0-3091a3c691f6/ozone-meta/ratis/bf265839-605b-3f16-9796-c5ba1605619e/in_use.lock acquired by nodename 10449@fv-az353-760
2022-12-19 18:39:41,464 [om1-impl-thread1] INFO  storage.RaftStorage (RaftStorageImpl.java:format(96)) - Storage directory /home/runner/work/ozone/ozone/hadoop-ozone/integration-test/target/test-dir/MiniOzoneClusterImpl-5ce33d81-cd12-4481-bdd0-3091a3c691f6/ozone-meta/ratis/bf265839-605b-3f16-9796-c5ba1605619e has been successfully formatted.
2022-12-19 18:39:41,465 [om1-impl-thread1] INFO  server.RaftServerConfigKeys (ConfUtils.java:logGet(46)) - raft.server.log.use.memory = false (default)
2022-12-19 18:39:41,465 [om1-impl-thread1] INFO  server.RaftServerConfigKeys (ConfUtils.java:logGet(46)) - raft.server.log.purge.gap = 1000000 (custom)
2022-12-19 18:39:41,465 [om1-impl-thread1] INFO  server.RaftServerConfigKeys (ConfUtils.java:logGet(46)) - raft.server.log.appender.buffer.byte-limit = 33554432 (custom)
2022-12-19 18:39:41,465 [om1-impl-thread1] INFO  server.RaftServerConfigKeys (ConfUtils.java:logGet(46)) - raft.server.log.statemachine.data.read.timeout = 1000ms (default)
2022-12-19 18:39:41,465 [om1-impl-thread1] INFO  server.RaftServerConfigKeys (ConfUtils.java:logGet(46)) - raft.server.log.purge.preservation.log.num = 0 (default)
2022-12-19 18:39:41,465 [om1-impl-thread1] INFO  server.RaftServerConfigKeys (ConfUtils.java:logGet(46)) - raft.server.log.segment.size.max = 4194304 (custom)
2022-12-19 18:39:41,465 [om1-impl-thread1] INFO  server.RaftServerConfigKeys (ConfUtils.java:logGet(46)) - raft.server.log.segment.cache.num.max = 2 (custom)
2022-12-19 18:39:41,465 [om1-impl-thread1] INFO  server.RaftServerConfigKeys (ConfUtils.java:logGet(46)) - raft.server.log.segment.cache.size.max = 200MB (=209715200) (default)
2022-12-19 18:39:41,465 [om1-impl-thread1] INFO  segmented.SegmentedRaftLogWorker (SegmentedRaftLogWorker.java:<init>(189)) - new om1@group-C5BA1605619E-SegmentedRaftLogWorker for RaftStorageImpl:Storage Directory /home/runner/work/ozone/ozone/hadoop-ozone/integration-test/target/test-dir/MiniOzoneClusterImpl-5ce33d81-cd12-4481-bdd0-3091a3c691f6/ozone-meta/ratis/bf265839-605b-3f16-9796-c5ba1605619e
2022-12-19 18:39:41,465 [om1-impl-thread1] INFO  server.RaftServerConfigKeys (ConfUtils.java:logGet(46)) - raft.server.log.queue.byte-limit = 64MB (=67108864) (default)
2022-12-19 18:39:41,465 [om1-impl-thread1] INFO  server.RaftServerConfigKeys (ConfUtils.java:logGet(46)) - raft.server.log.queue.element-limit = 4096 (default)
2022-12-19 18:39:41,465 [om1-impl-thread1] INFO  server.RaftServerConfigKeys (ConfUtils.java:logGet(46)) - raft.server.log.segment.size.max = 4194304 (custom)
2022-12-19 18:39:41,465 [om1-impl-thread1] INFO  server.RaftServerConfigKeys (ConfUtils.java:logGet(46)) - raft.server.log.preallocated.size = 4194304 (custom)
2022-12-19 18:39:41,466 [om1-impl-thread1] INFO  server.RaftServerConfigKeys (ConfUtils.java:logGet(46)) - raft.server.log.force.sync.num = 128 (default)
2022-12-19 18:39:41,466 [om1-impl-thread1] INFO  server.RaftServerConfigKeys (ConfUtils.java:logGet(46)) - raft.server.log.statemachine.data.sync = true (default)
2022-12-19 18:39:41,466 [om1-impl-thread1] INFO  server.RaftServerConfigKeys (ConfUtils.java:logGet(46)) - raft.server.log.statemachine.data.sync.timeout = 10s (default)
2022-12-19 18:39:41,466 [om1-impl-thread1] INFO  server.RaftServerConfigKeys (ConfUtils.java:logGet(46)) - raft.server.log.statemachine.data.sync.timeout.retry = -1 (default)
2022-12-19 18:39:41,466 [om1-impl-thread1] INFO  server.RaftServerConfigKeys (ConfUtils.java:logGet(46)) - raft.server.log.write.buffer.size = 64KB (=65536) (default)
2022-12-19 18:39:41,466 [om1-impl-thread1] INFO  server.RaftServerConfigKeys (ConfUtils.java:logGet(46)) - raft.server.log.appender.buffer.byte-limit = 33554432 (custom)
2022-12-19 18:39:41,469 [om1-impl-thread1] INFO  server.RaftServerConfigKeys (ConfUtils.java:logGet(46)) - raft.server.log.unsafe-flush.enabled = false (default)
2022-12-19 18:39:41,469 [om1-impl-thread1] INFO  server.RaftServerConfigKeys (ConfUtils.java:logGet(46)) - raft.server.log.async-flush.enabled = false (default)
2022-12-19 18:39:41,469 [om1-impl-thread1] INFO  server.RaftServerConfigKeys (ConfUtils.java:logGet(46)) - raft.server.log.statemachine.data.caching.enabled = false (default)
2022-12-19 18:39:41,469 [om1-impl-thread1] INFO  segmented.SegmentedRaftLogWorker (SegmentedRaftLogWorker.java:lambda$new$0(135)) - om1@group-C5BA1605619E-SegmentedRaftLogWorker: flushIndex: setUnconditionally 0 -> -1
2022-12-19 18:39:41,469 [om1-impl-thread1] INFO  segmented.SegmentedRaftLogWorker (SegmentedRaftLogWorker.java:lambda$new$0(135)) - om1@group-C5BA1605619E-SegmentedRaftLogWorker: safeCacheEvictIndex: setUnconditionally 0 -> -1
2022-12-19 18:39:41,469 [om1-impl-thread1] INFO  server.RaftServer$Division (RaftServerImpl.java:start(334)) - om1@group-C5BA1605619E: start as a follower, conf=-1: peers:[om1|rpc:localhost:9872|priority:0|startupRole:FOLLOWER]|listeners:[], old=null
2022-12-19 18:39:41,469 [om1-impl-thread1] INFO  server.RaftServer$Division (RaftServerImpl.java:setRole(321)) - om1@group-C5BA1605619E: changes role from      null to FOLLOWER at term 0 for startAsFollower
2022-12-19 18:39:41,470 [om1-impl-thread1] INFO  impl.RoleInfo (RoleInfo.java:updateAndGet(139)) - om1: start om1@group-C5BA1605619E-FollowerState
2022-12-19 18:39:41,470 [om1-impl-thread1] INFO  util.JmxRegister (JmxRegister.java:tryRegister(44)) - Successfully registered JMX Bean with object name Ratis:service=RaftServer,group=group-C5BA1605619E,id=om1
2022-12-19 18:39:41,470 [om1@group-C5BA1605619E-FollowerState] INFO  server.RaftServerConfigKeys (ConfUtils.java:logFallback(53)) - raft.server.rpc.first-election.timeout.min = 1s (fallback to raft.server.rpc.timeout.min)
2022-12-19 18:39:41,470 [om1-impl-thread1] INFO  server.RaftServerConfigKeys (ConfUtils.java:logGet(46)) - raft.server.snapshot.auto.trigger.enabled = true (custom)
2022-12-19 18:39:41,470 [om1@group-C5BA1605619E-FollowerState] INFO  server.RaftServerConfigKeys (ConfUtils.java:logFallback(53)) - raft.server.rpc.first-election.timeout.max = 1200ms (fallback to raft.server.rpc.timeout.max)
2022-12-19 18:39:41,470 [om1-impl-thread1] INFO  server.RaftServerConfigKeys (ConfUtils.java:logGet(46)) - raft.server.snapshot.auto.trigger.threshold = 400000 (default)
2022-12-19 18:39:41,470 [om1-impl-thread1] INFO  server.RaftServerConfigKeys (ConfUtils.java:logGet(46)) - raft.server.snapshot.retention.file.num = -1 (default)
2022-12-19 18:39:41,470 [om1-impl-thread1] INFO  server.RaftServerConfigKeys (ConfUtils.java:logGet(46)) - raft.server.log.purge.upto.snapshot.index = true (custom)
2022-12-19 18:39:41,470 [Listener at 127.0.0.1/39295] INFO  server.RaftServer (RaftServerProxy.java:startImpl(393)) - om1: start RPC server
2022-12-19 18:39:41,472 [Listener at 127.0.0.1/39295] INFO  server.GrpcService (GrpcService.java:startImpl(262)) - om1: GrpcService started, listening on 9872
2022-12-19 18:39:41,474 [Listener at 127.0.0.1/39295] INFO  om.OzoneManager (OzoneManager.java:start(1500)) - Version File has different layout version (3) than OM DB (null). That is expected if this OM has never been finalized to a newer layout version.
2022-12-19 18:39:41,474 [JvmPauseMonitor11] INFO  util.JvmPauseMonitor (JvmPauseMonitor.java:run(105)) - JvmPauseMonitor-om1: Started
2022-12-19 18:39:41,475 [Listener at 127.0.0.1/39295] INFO  http.BaseHttpServer (BaseHttpServer.java:newHttpServer2BuilderForOzone(213)) - Starting Web-server for ozoneManager at: http://0.0.0.0:0
2022-12-19 18:39:41,476 [Listener at 127.0.0.1/39295] INFO  http.BaseHttpServer (BaseHttpServer.java:<init>(108)) - Hadoop Security Enabled: false Ozone Security Enabled: false Ozone HTTP Security Enabled: false 
2022-12-19 18:39:41,476 [Listener at 127.0.0.1/39295] WARN  server.AuthenticationFilter (AuthenticationFilter.java:constructSecretProvider(240)) - Unable to initialize FileSignerSecretProvider, falling back to use random secrets. Reason: Could not read signature secret file: /home/runner/hadoop-http-auth-signature-secret
2022-12-19 18:39:41,478 [Listener at 127.0.0.1/39295] WARN  http.HttpRequestLog (HttpRequestLog.java:getRequestLog(103)) - Jetty request log can only be enabled using Log4j
2022-12-19 18:39:41,480 [Listener at 127.0.0.1/39295] INFO  http.HttpServer2 (HttpServer2.java:addGlobalFilter(1031)) - Added global filter 'safety' (class=org.apache.hadoop.hdds.server.http.HttpServer2$QuotingInputFilter)
2022-12-19 18:39:41,480 [Listener at 127.0.0.1/39295] INFO  http.HttpServer2 (HttpServer2.java:addFilter(1007)) - Added filter static_user_filter (class=org.apache.hadoop.http.lib.StaticUserWebFilter$StaticUserFilter) to context ozoneManager
2022-12-19 18:39:41,480 [Listener at 127.0.0.1/39295] INFO  http.HttpServer2 (HttpServer2.java:addFilter(1015)) - Added filter static_user_filter (class=org.apache.hadoop.http.lib.StaticUserWebFilter$StaticUserFilter) to context logs
2022-12-19 18:39:41,480 [Listener at 127.0.0.1/39295] INFO  http.HttpServer2 (HttpServer2.java:addFilter(1015)) - Added filter static_user_filter (class=org.apache.hadoop.http.lib.StaticUserWebFilter$StaticUserFilter) to context static
2022-12-19 18:39:41,481 [Listener at 127.0.0.1/39295] INFO  http.HttpServer2 (HttpServer2.java:bindListener(1250)) - Jetty bound to port 38575
2022-12-19 18:39:41,481 [Listener at 127.0.0.1/39295] INFO  server.Server (Server.java:doStart(375)) - jetty-9.4.49.v20220914; built: 2022-09-14T01:07:36.601Z; git: 4231a3b2e4cb8548a412a789936d640a97b1aa0a; jvm 1.8.0_352-b08
2022-12-19 18:39:41,482 [Listener at 127.0.0.1/39295] INFO  server.session (DefaultSessionIdManager.java:doStart(334)) - DefaultSessionIdManager workerName=node0
2022-12-19 18:39:41,482 [Listener at 127.0.0.1/39295] INFO  server.session (DefaultSessionIdManager.java:doStart(339)) - No SessionScavenger set, using defaults
2022-12-19 18:39:41,482 [Listener at 127.0.0.1/39295] INFO  server.session (HouseKeeper.java:startScavenging(132)) - node0 Scavenging every 660000ms
2022-12-19 18:39:41,483 [Listener at 127.0.0.1/39295] INFO  handler.ContextHandler (ContextHandler.java:doStart(921)) - Started o.e.j.s.ServletContextHandler@66100089{logs,/logs,file:///home/runner/work/ozone/ozone/hadoop-ozone/integration-test/target/log,AVAILABLE}
2022-12-19 18:39:41,483 [Listener at 127.0.0.1/39295] INFO  handler.ContextHandler (ContextHandler.java:doStart(921)) - Started o.e.j.s.ServletContextHandler@1aef7194{static,/static,file:///home/runner/work/ozone/ozone/hadoop-ozone/integration-test/target/test-classes/webapps/static,AVAILABLE}
2022-12-19 18:39:41,486 [Listener at 127.0.0.1/39295] INFO  handler.ContextHandler (ContextHandler.java:doStart(921)) - Started o.e.j.w.WebAppContext@73e08a42{ozoneManager,/,file:///home/runner/work/ozone/ozone/hadoop-ozone/integration-test/target/test-classes/webapps/ozoneManager/,AVAILABLE}{file:/home/runner/work/ozone/ozone/hadoop-ozone/integration-test/target/test-classes/webapps/ozoneManager}
2022-12-19 18:39:41,487 [Listener at 127.0.0.1/39295] INFO  server.AbstractConnector (AbstractConnector.java:doStart(333)) - Started ServerConnector@3c7ddb2d{HTTP/1.1, (http/1.1)}{0.0.0.0:38575}
2022-12-19 18:39:41,487 [Listener at 127.0.0.1/39295] INFO  server.Server (Server.java:doStart(415)) - Started @68976ms
2022-12-19 18:39:41,488 [Listener at 127.0.0.1/39295] WARN  impl.MetricsSystemImpl (MetricsSystemImpl.java:register(279)) - Sink prometheus already exists!
2022-12-19 18:39:41,488 [Listener at 127.0.0.1/39295] INFO  http.BaseHttpServer (BaseHttpServer.java:updateConnectorAddress(333)) - HTTP server of ozoneManager listening at http://0.0.0.0:38575
2022-12-19 18:39:41,488 [IPC Server Responder] INFO  ipc.Server (Server.java:run(1512)) - IPC Server Responder: starting
2022-12-19 18:39:41,491 [IPC Server listener on 0] INFO  ipc.Server (Server.java:run(1352)) - IPC Server listener on 0: starting
2022-12-19 18:39:41,497 [Listener at 127.0.0.1/39295] INFO  om.OzoneManager (OzoneManager.java:startTrashEmptier(1921)) - Trash Interval set to 0. Files deleted won't move to trash
2022-12-19 18:39:41,509 [org.apache.hadoop.util.JvmPauseMonitor$Monitor@13501936] INFO  util.JvmPauseMonitor (JvmPauseMonitor.java:run(188)) - Starting JVM pause monitor
2022-12-19 18:39:41,514 [Listener at 127.0.0.1/39295] WARN  impl.MetricRegistriesImpl (MetricRegistriesImpl.java:addReporterRegistration(111)) - New reporters are added after registries were created. Some metrics will be missing from the reporter. Please add reporter before adding any new registry.
2022-12-19 18:39:41,514 [Listener at 127.0.0.1/39295] WARN  impl.MetricRegistriesImpl (MetricRegistriesImpl.java:addReporterRegistration(111)) - New reporters are added after registries were created. Some metrics will be missing from the reporter. Please add reporter before adding any new registry.
2022-12-19 18:39:41,514 [Listener at 127.0.0.1/39295] INFO  impl.MetricsSystemImpl (MetricsSystemImpl.java:init(158)) - HddsDatanode metrics system started (again)
2022-12-19 18:39:41,526 [Listener at 127.0.0.1/39295] INFO  ozone.HddsDatanodeService (HddsDatanodeService.java:start(236)) - HddsDatanodeService host:fv-az353-760.tkyx2seitsuu3nmpmouz2httfb.bx.internal.cloudapp.net ip:10.1.0.24
2022-12-19 18:39:41,546 [Listener at 127.0.0.1/39295] INFO  upgrade.AbstractLayoutVersionManager (AbstractLayoutVersionManager.java:init(83)) - Initializing Layout version manager with metadata layout = DATANODE_SCHEMA_V3 (version = 4), software layout = DATANODE_SCHEMA_V3 (version = 4)
2022-12-19 18:39:41,590 [Listener at 127.0.0.1/39295] INFO  reflections.Reflections (Reflections.java:scan(232)) - Reflections took 43 ms to scan 7 urls, producing 146 keys and 348 values 
2022-12-19 18:39:41,592 [Listener at 127.0.0.1/39295] INFO  statemachine.DatanodeStateMachine (DatanodeStateMachine.java:getEndPointTaskThreadPoolSize(249)) - Datanode State Machine Task Thread Pool size 2
2022-12-19 18:39:41,593 [Listener at 127.0.0.1/39295] INFO  volume.HddsVolume (HddsVolume.java:<init>(117)) - Creating HddsVolume: /home/runner/work/ozone/ozone/hadoop-ozone/integration-test/target/test-dir/MiniOzoneClusterImpl-5ce33d81-cd12-4481-bdd0-3091a3c691f6/datanode-0/data-0/containers/hdds of storage type : DISK capacity : 9223372036854775807
2022-12-19 18:39:41,593 [Listener at 127.0.0.1/39295] INFO  volume.MutableVolumeSet (MutableVolumeSet.java:initializeVolumeSet(174)) - Added Volume : /home/runner/work/ozone/ozone/hadoop-ozone/integration-test/target/test-dir/MiniOzoneClusterImpl-5ce33d81-cd12-4481-bdd0-3091a3c691f6/datanode-0/data-0/containers/hdds to VolumeSet
2022-12-19 18:39:41,593 [Listener at 127.0.0.1/39295] INFO  volume.ThrottledAsyncChecker (ThrottledAsyncChecker.java:schedule(141)) - Scheduling a check for /home/runner/work/ozone/ozone/hadoop-ozone/integration-test/target/test-dir/MiniOzoneClusterImpl-5ce33d81-cd12-4481-bdd0-3091a3c691f6/datanode-0/data-0/containers/hdds
2022-12-19 18:39:41,598 [Listener at 127.0.0.1/39295] INFO  volume.StorageVolumeChecker (StorageVolumeChecker.java:checkAllVolumes(202)) - Scheduled health check for volume /home/runner/work/ozone/ozone/hadoop-ozone/integration-test/target/test-dir/MiniOzoneClusterImpl-5ce33d81-cd12-4481-bdd0-3091a3c691f6/datanode-0/data-0/containers/hdds
2022-12-19 18:39:41,608 [Listener at 127.0.0.1/39295] INFO  volume.MutableVolumeSet (MutableVolumeSet.java:initializeVolumeSet(174)) - Added Volume : /home/runner/work/ozone/ozone/hadoop-ozone/integration-test/target/test-dir/MiniOzoneClusterImpl-5ce33d81-cd12-4481-bdd0-3091a3c691f6/datanode-0/data/ratis to VolumeSet
2022-12-19 18:39:41,609 [Listener at 127.0.0.1/39295] INFO  volume.ThrottledAsyncChecker (ThrottledAsyncChecker.java:schedule(141)) - Scheduling a check for /home/runner/work/ozone/ozone/hadoop-ozone/integration-test/target/test-dir/MiniOzoneClusterImpl-5ce33d81-cd12-4481-bdd0-3091a3c691f6/datanode-0/data/ratis
2022-12-19 18:39:41,609 [Listener at 127.0.0.1/39295] INFO  volume.StorageVolumeChecker (StorageVolumeChecker.java:checkAllVolumes(202)) - Scheduled health check for volume /home/runner/work/ozone/ozone/hadoop-ozone/integration-test/target/test-dir/MiniOzoneClusterImpl-5ce33d81-cd12-4481-bdd0-3091a3c691f6/datanode-0/data/ratis
2022-12-19 18:39:41,619 [Thread-905] INFO  ozoneimpl.ContainerReader (ContainerReader.java:readVolume(175)) - Finish verifying containers on volume /home/runner/work/ozone/ozone/hadoop-ozone/integration-test/target/test-dir/MiniOzoneClusterImpl-5ce33d81-cd12-4481-bdd0-3091a3c691f6/datanode-0/data-0/containers/hdds
2022-12-19 18:39:41,619 [Listener at 127.0.0.1/39295] INFO  ozoneimpl.OzoneContainer (OzoneContainer.java:buildContainerSet(301)) - Build ContainerSet costs 0s
2022-12-19 18:39:41,620 [Listener at 127.0.0.1/39295] INFO  server.RaftServer (ConfUtils.java:logGet(46)) - raft.rpc.type = GRPC (default)
2022-12-19 18:39:41,621 [Listener at 127.0.0.1/39295] INFO  grpc.GrpcConfigKeys (ConfUtils.java:logFallback(53)) - raft.grpc.admin.host = null (fallback to raft.grpc.server.host)
2022-12-19 18:39:41,621 [Listener at 127.0.0.1/39295] INFO  grpc.GrpcConfigKeys (ConfUtils.java:logGet(46)) - raft.grpc.admin.port = 0 (custom)
2022-12-19 18:39:41,621 [Listener at 127.0.0.1/39295] INFO  grpc.GrpcConfigKeys (ConfUtils.java:logFallback(53)) - raft.grpc.client.host = null (fallback to raft.grpc.server.host)
2022-12-19 18:39:41,621 [Listener at 127.0.0.1/39295] INFO  grpc.GrpcConfigKeys (ConfUtils.java:logGet(46)) - raft.grpc.client.port = 0 (custom)
2022-12-19 18:39:41,621 [Listener at 127.0.0.1/39295] INFO  grpc.GrpcConfigKeys (ConfUtils.java:logGet(46)) - raft.grpc.server.host = null (default)
2022-12-19 18:39:41,621 [Listener at 127.0.0.1/39295] INFO  grpc.GrpcConfigKeys (ConfUtils.java:logGet(46)) - raft.grpc.server.port = 0 (default)
2022-12-19 18:39:41,621 [Listener at 127.0.0.1/39295] INFO  server.GrpcService (ConfUtils.java:logGet(46)) - raft.grpc.message.size.max = 32MB (=33554432) (custom)
2022-12-19 18:39:41,621 [Listener at 127.0.0.1/39295] INFO  server.RaftServerConfigKeys (ConfUtils.java:logGet(46)) - raft.server.log.appender.buffer.byte-limit = 33554432 (custom)
2022-12-19 18:39:41,621 [Listener at 127.0.0.1/39295] INFO  server.GrpcService (ConfUtils.java:logGet(46)) - raft.grpc.flow.control.window = 5MB (=5242880) (custom)
2022-12-19 18:39:41,622 [Listener at 127.0.0.1/39295] INFO  server.RaftServerConfigKeys (ConfUtils.java:logGet(46)) - raft.server.rpc.request.timeout = 60s (custom)
2022-12-19 18:39:41,622 [Listener at 127.0.0.1/39295] INFO  grpc.GrpcConfigKeys (ConfUtils.java:logGet(46)) - raft.grpc.server.heartbeat.channel = true (default)
2022-12-19 18:39:41,622 [Listener at 127.0.0.1/39295] INFO  grpc.GrpcConfigKeys (ConfUtils.java:logGet(46)) - raft.grpc.server.async.request.thread.pool.cached = true (default)
2022-12-19 18:39:41,622 [Listener at 127.0.0.1/39295] INFO  grpc.GrpcConfigKeys (ConfUtils.java:logGet(46)) - raft.grpc.server.async.request.thread.pool.size = 32 (default)
2022-12-19 18:39:41,623 [Listener at 127.0.0.1/39295] INFO  impl.DataStreamServerImpl (ConfUtils.java:logGet(46)) - raft.datastream.type = NETTY (custom)
2022-12-19 18:39:41,623 [Listener at 127.0.0.1/39295] INFO  server.RaftServerConfigKeys (ConfUtils.java:logGet(46)) - raft.server.data-stream.async.request.thread.pool.cached = false (default)
2022-12-19 18:39:41,623 [Listener at 127.0.0.1/39295] INFO  server.RaftServerConfigKeys (ConfUtils.java:logGet(46)) - raft.server.data-stream.async.request.thread.pool.size = 20 (custom)
2022-12-19 18:39:41,623 [Listener at 127.0.0.1/39295] INFO  server.RaftServerConfigKeys (ConfUtils.java:logGet(46)) - raft.server.data-stream.async.write.thread.pool.size = 16 (default)
2022-12-19 18:39:41,624 [Listener at 127.0.0.1/39295] INFO  server.RaftServerConfigKeys (ConfUtils.java:logGet(46)) - raft.server.data-stream.client.pool.size = 10 (default)
2022-12-19 18:39:41,624 [Listener at 127.0.0.1/39295] INFO  netty.NettyConfigKeys$DataStream (ConfUtils.java:logGet(46)) - raft.netty.dataStream.server.use-epoll = false (default)
2022-12-19 18:39:41,624 [Listener at 127.0.0.1/39295] INFO  netty.NettyConfigKeys$DataStream (ConfUtils.java:logGet(46)) - raft.netty.dataStream.server.boss-group.size = 0 (default)
2022-12-19 18:39:41,624 [Listener at 127.0.0.1/39295] INFO  netty.NettyConfigKeys$DataStream (ConfUtils.java:logGet(46)) - raft.netty.dataStream.server.worker-group.size = 0 (default)
2022-12-19 18:39:41,624 [Listener at 127.0.0.1/39295] INFO  netty.NettyConfigKeys$DataStream (ConfUtils.java:logGet(46)) - raft.netty.dataStream.server.tls.conf = null (default)
2022-12-19 18:39:41,625 [Listener at 127.0.0.1/39295] INFO  netty.NettyConfigKeys$DataStream (ConfUtils.java:logGet(46)) - raft.netty.dataStream.host = null (default)
2022-12-19 18:39:41,625 [Listener at 127.0.0.1/39295] INFO  netty.NettyConfigKeys$DataStream (ConfUtils.java:logGet(46)) - raft.netty.dataStream.port = 0 (default)
2022-12-19 18:39:41,626 [Listener at 127.0.0.1/39295] INFO  server.RaftServerConfigKeys (ConfUtils.java:logGet(46)) - raft.server.threadpool.proxy.cached = true (default)
2022-12-19 18:39:41,626 [Listener at 127.0.0.1/39295] INFO  server.RaftServerConfigKeys (ConfUtils.java:logGet(46)) - raft.server.threadpool.proxy.size = 0 (default)
2022-12-19 18:39:41,626 [Listener at 127.0.0.1/39295] INFO  server.RaftServerConfigKeys (ConfUtils.java:logGet(46)) - raft.server.rpc.slowness.timeout = 300s (custom)
2022-12-19 18:39:41,627 [Listener at 127.0.0.1/39295] INFO  server.RaftServerConfigKeys (ConfUtils.java:logGet(46)) - raft.server.leaderelection.leader.step-down.wait-time = 10s (default)
2022-12-19 18:39:41,627 [Listener at 127.0.0.1/39295] INFO  server.RaftServerConfigKeys (ConfUtils.java:logGet(46)) - raft.server.storage.dir = [/home/runner/work/ozone/ozone/hadoop-ozone/integration-test/target/test-dir/MiniOzoneClusterImpl-5ce33d81-cd12-4481-bdd0-3091a3c691f6/datanode-0/data/ratis] (custom)
2022-12-19 18:39:41,627 [daa36c1e-9cf4-4c94-819a-0a52a71ceb67-NettyServerStreamRpc-bossGroup--thread1] INFO  logging.LoggingHandler (AbstractInternalLogger.java:log(148)) - [id: 0xf7f24246] REGISTERED
2022-12-19 18:39:41,628 [daa36c1e-9cf4-4c94-819a-0a52a71ceb67-NettyServerStreamRpc-bossGroup--thread1] INFO  logging.LoggingHandler (AbstractInternalLogger.java:log(148)) - [id: 0xf7f24246] BIND: 0.0.0.0/0.0.0.0:0
2022-12-19 18:39:41,628 [daa36c1e-9cf4-4c94-819a-0a52a71ceb67-NettyServerStreamRpc-bossGroup--thread1] INFO  logging.LoggingHandler (AbstractInternalLogger.java:log(148)) - [id: 0xf7f24246, L:/0:0:0:0:0:0:0:0:39585] ACTIVE
2022-12-19 18:39:41,629 [Listener at 127.0.0.1/39295] INFO  server.XceiverServerGrpc (XceiverServerGrpc.java:<init>(132)) - GrpcServer channel type EpollServerSocketChannel
2022-12-19 18:39:41,632 [Listener at 127.0.0.1/39295] INFO  http.BaseHttpServer (BaseHttpServer.java:newHttpServer2BuilderForOzone(213)) - Starting Web-server for hddsDatanode at: http://0.0.0.0:0
2022-12-19 18:39:41,632 [Listener at 127.0.0.1/39295] INFO  http.BaseHttpServer (BaseHttpServer.java:<init>(108)) - Hadoop Security Enabled: false Ozone Security Enabled: false Ozone HTTP Security Enabled: false 
2022-12-19 18:39:41,633 [Listener at 127.0.0.1/39295] WARN  server.AuthenticationFilter (AuthenticationFilter.java:constructSecretProvider(240)) - Unable to initialize FileSignerSecretProvider, falling back to use random secrets. Reason: Could not read signature secret file: /home/runner/hadoop-http-auth-signature-secret
2022-12-19 18:39:41,633 [Listener at 127.0.0.1/39295] WARN  http.HttpRequestLog (HttpRequestLog.java:getRequestLog(103)) - Jetty request log can only be enabled using Log4j
2022-12-19 18:39:41,634 [Listener at 127.0.0.1/39295] INFO  http.HttpServer2 (HttpServer2.java:addGlobalFilter(1031)) - Added global filter 'safety' (class=org.apache.hadoop.hdds.server.http.HttpServer2$QuotingInputFilter)
2022-12-19 18:39:41,635 [Listener at 127.0.0.1/39295] INFO  http.HttpServer2 (HttpServer2.java:addFilter(1007)) - Added filter static_user_filter (class=org.apache.hadoop.http.lib.StaticUserWebFilter$StaticUserFilter) to context hddsDatanode
2022-12-19 18:39:41,635 [Listener at 127.0.0.1/39295] INFO  http.HttpServer2 (HttpServer2.java:addFilter(1015)) - Added filter static_user_filter (class=org.apache.hadoop.http.lib.StaticUserWebFilter$StaticUserFilter) to context static
2022-12-19 18:39:41,635 [Listener at 127.0.0.1/39295] INFO  http.HttpServer2 (HttpServer2.java:addFilter(1015)) - Added filter static_user_filter (class=org.apache.hadoop.http.lib.StaticUserWebFilter$StaticUserFilter) to context logs
2022-12-19 18:39:41,635 [Listener at 127.0.0.1/39295] INFO  http.HttpServer2 (HttpServer2.java:bindListener(1250)) - Jetty bound to port 32915
2022-12-19 18:39:41,636 [Listener at 127.0.0.1/39295] INFO  server.Server (Server.java:doStart(375)) - jetty-9.4.49.v20220914; built: 2022-09-14T01:07:36.601Z; git: 4231a3b2e4cb8548a412a789936d640a97b1aa0a; jvm 1.8.0_352-b08
2022-12-19 18:39:41,637 [Listener at 127.0.0.1/39295] INFO  server.session (DefaultSessionIdManager.java:doStart(334)) - DefaultSessionIdManager workerName=node0
2022-12-19 18:39:41,637 [Listener at 127.0.0.1/39295] INFO  server.session (DefaultSessionIdManager.java:doStart(339)) - No SessionScavenger set, using defaults
2022-12-19 18:39:41,637 [Listener at 127.0.0.1/39295] INFO  server.session (HouseKeeper.java:startScavenging(132)) - node0 Scavenging every 600000ms
2022-12-19 18:39:41,638 [Listener at 127.0.0.1/39295] INFO  handler.ContextHandler (ContextHandler.java:doStart(921)) - Started o.e.j.s.ServletContextHandler@7a49293f{logs,/logs,file:///home/runner/work/ozone/ozone/hadoop-ozone/integration-test/target/log,AVAILABLE}
2022-12-19 18:39:41,639 [Listener at 127.0.0.1/39295] INFO  handler.ContextHandler (ContextHandler.java:doStart(921)) - Started o.e.j.s.ServletContextHandler@35fcb7d{static,/static,jar:file:/home/runner/.m2/repository/org/apache/ozone/hdds-container-service/1.3.0-SNAPSHOT/hdds-container-service-1.3.0-SNAPSHOT.jar!/webapps/static,AVAILABLE}
2022-12-19 18:39:41,820 [Listener at 127.0.0.1/39295] INFO  handler.ContextHandler (ContextHandler.java:doStart(921)) - Started o.e.j.w.WebAppContext@55e107f5{hddsDatanode,/,file:///tmp/jetty-0_0_0_0-32915-hdds-container-service-1_3_0-SNAPSHOT_jar-_-any-4059757446572968680/webapp/,AVAILABLE}{jar:file:/home/runner/.m2/repository/org/apache/ozone/hdds-container-service/1.3.0-SNAPSHOT/hdds-container-service-1.3.0-SNAPSHOT.jar!/webapps/hddsDatanode}
2022-12-19 18:39:41,821 [Listener at 127.0.0.1/39295] INFO  server.AbstractConnector (AbstractConnector.java:doStart(333)) - Started ServerConnector@11337728{HTTP/1.1, (http/1.1)}{0.0.0.0:32915}
2022-12-19 18:39:41,821 [Listener at 127.0.0.1/39295] INFO  server.Server (Server.java:doStart(415)) - Started @69310ms
2022-12-19 18:39:41,821 [Listener at 127.0.0.1/39295] WARN  impl.MetricsSystemImpl (MetricsSystemImpl.java:register(279)) - Sink prometheus already exists!
2022-12-19 18:39:41,822 [Listener at 127.0.0.1/39295] INFO  http.BaseHttpServer (BaseHttpServer.java:updateConnectorAddress(333)) - HTTP server of hddsDatanode listening at http://0.0.0.0:32915
2022-12-19 18:39:41,822 [Datanode State Machine Daemon Thread] INFO  statemachine.DatanodeStateMachine (DatanodeStateMachine.java:lambda$startDaemon$0(509)) - Ozone container server started.
2022-12-19 18:39:41,822 [Listener at 127.0.0.1/39295] WARN  impl.MetricRegistriesImpl (MetricRegistriesImpl.java:addReporterRegistration(111)) - New reporters are added after registries were created. Some metrics will be missing from the reporter. Please add reporter before adding any new registry.
2022-12-19 18:39:41,823 [Listener at 127.0.0.1/39295] WARN  impl.MetricRegistriesImpl (MetricRegistriesImpl.java:addReporterRegistration(111)) - New reporters are added after registries were created. Some metrics will be missing from the reporter. Please add reporter before adding any new registry.
2022-12-19 18:39:41,823 [Listener at 127.0.0.1/39295] INFO  impl.MetricsSystemImpl (MetricsSystemImpl.java:init(158)) - HddsDatanode metrics system started (again)
2022-12-19 18:39:41,836 [Listener at 127.0.0.1/39295] INFO  ozone.HddsDatanodeService (HddsDatanodeService.java:start(236)) - HddsDatanodeService host:fv-az353-760.tkyx2seitsuu3nmpmouz2httfb.bx.internal.cloudapp.net ip:10.1.0.24
2022-12-19 18:39:41,837 [org.apache.hadoop.util.JvmPauseMonitor$Monitor@4dc81d3f] INFO  util.JvmPauseMonitor (JvmPauseMonitor.java:run(188)) - Starting JVM pause monitor
2022-12-19 18:39:41,840 [Datanode State Machine Task Thread - 0] INFO  datanode.InitDatanodeState (InitDatanodeState.java:persistContainerDatanodeDetails(138)) - DatanodeDetails is persisted to /home/runner/work/ozone/ozone/hadoop-ozone/integration-test/target/test-dir/MiniOzoneClusterImpl-5ce33d81-cd12-4481-bdd0-3091a3c691f6/datanode-0/meta/datanode.id
2022-12-19 18:39:41,864 [Listener at 127.0.0.1/39295] INFO  upgrade.AbstractLayoutVersionManager (AbstractLayoutVersionManager.java:init(83)) - Initializing Layout version manager with metadata layout = DATANODE_SCHEMA_V3 (version = 4), software layout = DATANODE_SCHEMA_V3 (version = 4)
2022-12-19 18:39:41,912 [Listener at 127.0.0.1/39295] INFO  reflections.Reflections (Reflections.java:scan(232)) - Reflections took 47 ms to scan 7 urls, producing 146 keys and 348 values 
2022-12-19 18:39:41,913 [Listener at 127.0.0.1/39295] INFO  statemachine.DatanodeStateMachine (DatanodeStateMachine.java:getEndPointTaskThreadPoolSize(249)) - Datanode State Machine Task Thread Pool size 2
2022-12-19 18:39:41,915 [Listener at 127.0.0.1/39295] INFO  volume.HddsVolume (HddsVolume.java:<init>(117)) - Creating HddsVolume: /home/runner/work/ozone/ozone/hadoop-ozone/integration-test/target/test-dir/MiniOzoneClusterImpl-5ce33d81-cd12-4481-bdd0-3091a3c691f6/datanode-1/data-0/containers/hdds of storage type : DISK capacity : 9223372036854775807
2022-12-19 18:39:41,916 [Listener at 127.0.0.1/39295] INFO  volume.MutableVolumeSet (MutableVolumeSet.java:initializeVolumeSet(174)) - Added Volume : /home/runner/work/ozone/ozone/hadoop-ozone/integration-test/target/test-dir/MiniOzoneClusterImpl-5ce33d81-cd12-4481-bdd0-3091a3c691f6/datanode-1/data-0/containers/hdds to VolumeSet
2022-12-19 18:39:41,916 [Listener at 127.0.0.1/39295] INFO  volume.ThrottledAsyncChecker (ThrottledAsyncChecker.java:schedule(141)) - Scheduling a check for /home/runner/work/ozone/ozone/hadoop-ozone/integration-test/target/test-dir/MiniOzoneClusterImpl-5ce33d81-cd12-4481-bdd0-3091a3c691f6/datanode-1/data-0/containers/hdds
2022-12-19 18:39:41,916 [Listener at 127.0.0.1/39295] INFO  volume.StorageVolumeChecker (StorageVolumeChecker.java:checkAllVolumes(202)) - Scheduled health check for volume /home/runner/work/ozone/ozone/hadoop-ozone/integration-test/target/test-dir/MiniOzoneClusterImpl-5ce33d81-cd12-4481-bdd0-3091a3c691f6/datanode-1/data-0/containers/hdds
2022-12-19 18:39:41,926 [Listener at 127.0.0.1/39295] INFO  volume.MutableVolumeSet (MutableVolumeSet.java:initializeVolumeSet(174)) - Added Volume : /home/runner/work/ozone/ozone/hadoop-ozone/integration-test/target/test-dir/MiniOzoneClusterImpl-5ce33d81-cd12-4481-bdd0-3091a3c691f6/datanode-1/data/ratis to VolumeSet
2022-12-19 18:39:41,927 [Listener at 127.0.0.1/39295] INFO  volume.ThrottledAsyncChecker (ThrottledAsyncChecker.java:schedule(141)) - Scheduling a check for /home/runner/work/ozone/ozone/hadoop-ozone/integration-test/target/test-dir/MiniOzoneClusterImpl-5ce33d81-cd12-4481-bdd0-3091a3c691f6/datanode-1/data/ratis
2022-12-19 18:39:41,927 [Listener at 127.0.0.1/39295] INFO  volume.StorageVolumeChecker (StorageVolumeChecker.java:checkAllVolumes(202)) - Scheduled health check for volume /home/runner/work/ozone/ozone/hadoop-ozone/integration-test/target/test-dir/MiniOzoneClusterImpl-5ce33d81-cd12-4481-bdd0-3091a3c691f6/datanode-1/data/ratis
2022-12-19 18:39:41,937 [Thread-919] INFO  ozoneimpl.ContainerReader (ContainerReader.java:readVolume(175)) - Finish verifying containers on volume /home/runner/work/ozone/ozone/hadoop-ozone/integration-test/target/test-dir/MiniOzoneClusterImpl-5ce33d81-cd12-4481-bdd0-3091a3c691f6/datanode-1/data-0/containers/hdds
2022-12-19 18:39:41,937 [Listener at 127.0.0.1/39295] INFO  ozoneimpl.OzoneContainer (OzoneContainer.java:buildContainerSet(301)) - Build ContainerSet costs 0s
2022-12-19 18:39:41,942 [Listener at 127.0.0.1/39295] INFO  server.RaftServer (ConfUtils.java:logGet(46)) - raft.rpc.type = GRPC (default)
2022-12-19 18:39:41,942 [Listener at 127.0.0.1/39295] INFO  grpc.GrpcConfigKeys (ConfUtils.java:logFallback(53)) - raft.grpc.admin.host = null (fallback to raft.grpc.server.host)
2022-12-19 18:39:41,942 [Listener at 127.0.0.1/39295] INFO  grpc.GrpcConfigKeys (ConfUtils.java:logGet(46)) - raft.grpc.admin.port = 0 (custom)
2022-12-19 18:39:41,942 [Listener at 127.0.0.1/39295] INFO  grpc.GrpcConfigKeys (ConfUtils.java:logFallback(53)) - raft.grpc.client.host = null (fallback to raft.grpc.server.host)
2022-12-19 18:39:41,942 [Listener at 127.0.0.1/39295] INFO  grpc.GrpcConfigKeys (ConfUtils.java:logGet(46)) - raft.grpc.client.port = 0 (custom)
2022-12-19 18:39:41,942 [Listener at 127.0.0.1/39295] INFO  grpc.GrpcConfigKeys (ConfUtils.java:logGet(46)) - raft.grpc.server.host = null (default)
2022-12-19 18:39:41,943 [Listener at 127.0.0.1/39295] INFO  grpc.GrpcConfigKeys (ConfUtils.java:logGet(46)) - raft.grpc.server.port = 0 (default)
2022-12-19 18:39:41,943 [Listener at 127.0.0.1/39295] INFO  server.GrpcService (ConfUtils.java:logGet(46)) - raft.grpc.message.size.max = 32MB (=33554432) (custom)
2022-12-19 18:39:41,943 [Listener at 127.0.0.1/39295] INFO  server.RaftServerConfigKeys (ConfUtils.java:logGet(46)) - raft.server.log.appender.buffer.byte-limit = 33554432 (custom)
2022-12-19 18:39:41,943 [Listener at 127.0.0.1/39295] INFO  server.GrpcService (ConfUtils.java:logGet(46)) - raft.grpc.flow.control.window = 5MB (=5242880) (custom)
2022-12-19 18:39:41,943 [Listener at 127.0.0.1/39295] INFO  server.RaftServerConfigKeys (ConfUtils.java:logGet(46)) - raft.server.rpc.request.timeout = 60s (custom)
2022-12-19 18:39:41,943 [Listener at 127.0.0.1/39295] INFO  grpc.GrpcConfigKeys (ConfUtils.java:logGet(46)) - raft.grpc.server.heartbeat.channel = true (default)
2022-12-19 18:39:41,943 [Listener at 127.0.0.1/39295] INFO  grpc.GrpcConfigKeys (ConfUtils.java:logGet(46)) - raft.grpc.server.async.request.thread.pool.cached = true (default)
2022-12-19 18:39:41,943 [Listener at 127.0.0.1/39295] INFO  grpc.GrpcConfigKeys (ConfUtils.java:logGet(46)) - raft.grpc.server.async.request.thread.pool.size = 32 (default)
2022-12-19 18:39:41,944 [Listener at 127.0.0.1/39295] INFO  impl.DataStreamServerImpl (ConfUtils.java:logGet(46)) - raft.datastream.type = NETTY (custom)
2022-12-19 18:39:41,945 [Listener at 127.0.0.1/39295] INFO  server.RaftServerConfigKeys (ConfUtils.java:logGet(46)) - raft.server.data-stream.async.request.thread.pool.cached = false (default)
2022-12-19 18:39:41,945 [Listener at 127.0.0.1/39295] INFO  server.RaftServerConfigKeys (ConfUtils.java:logGet(46)) - raft.server.data-stream.async.request.thread.pool.size = 20 (custom)
2022-12-19 18:39:41,945 [Listener at 127.0.0.1/39295] INFO  server.RaftServerConfigKeys (ConfUtils.java:logGet(46)) - raft.server.data-stream.async.write.thread.pool.size = 16 (default)
2022-12-19 18:39:41,945 [Listener at 127.0.0.1/39295] INFO  server.RaftServerConfigKeys (ConfUtils.java:logGet(46)) - raft.server.data-stream.client.pool.size = 10 (default)
2022-12-19 18:39:41,946 [Listener at 127.0.0.1/39295] INFO  netty.NettyConfigKeys$DataStream (ConfUtils.java:logGet(46)) - raft.netty.dataStream.server.use-epoll = false (default)
2022-12-19 18:39:41,946 [Listener at 127.0.0.1/39295] INFO  netty.NettyConfigKeys$DataStream (ConfUtils.java:logGet(46)) - raft.netty.dataStream.server.boss-group.size = 0 (default)
2022-12-19 18:39:41,946 [Listener at 127.0.0.1/39295] INFO  netty.NettyConfigKeys$DataStream (ConfUtils.java:logGet(46)) - raft.netty.dataStream.server.worker-group.size = 0 (default)
2022-12-19 18:39:41,946 [Listener at 127.0.0.1/39295] INFO  netty.NettyConfigKeys$DataStream (ConfUtils.java:logGet(46)) - raft.netty.dataStream.server.tls.conf = null (default)
2022-12-19 18:39:41,946 [Listener at 127.0.0.1/39295] INFO  netty.NettyConfigKeys$DataStream (ConfUtils.java:logGet(46)) - raft.netty.dataStream.host = null (default)
2022-12-19 18:39:41,947 [Listener at 127.0.0.1/39295] INFO  netty.NettyConfigKeys$DataStream (ConfUtils.java:logGet(46)) - raft.netty.dataStream.port = 0 (default)
2022-12-19 18:39:41,947 [Listener at 127.0.0.1/39295] INFO  server.RaftServerConfigKeys (ConfUtils.java:logGet(46)) - raft.server.threadpool.proxy.cached = true (default)
2022-12-19 18:39:41,947 [Listener at 127.0.0.1/39295] INFO  server.RaftServerConfigKeys (ConfUtils.java:logGet(46)) - raft.server.threadpool.proxy.size = 0 (default)
2022-12-19 18:39:41,947 [Listener at 127.0.0.1/39295] INFO  server.RaftServerConfigKeys (ConfUtils.java:logGet(46)) - raft.server.rpc.slowness.timeout = 300s (custom)
2022-12-19 18:39:41,947 [Listener at 127.0.0.1/39295] INFO  server.RaftServerConfigKeys (ConfUtils.java:logGet(46)) - raft.server.leaderelection.leader.step-down.wait-time = 10s (default)
2022-12-19 18:39:41,947 [Listener at 127.0.0.1/39295] INFO  server.RaftServerConfigKeys (ConfUtils.java:logGet(46)) - raft.server.storage.dir = [/home/runner/work/ozone/ozone/hadoop-ozone/integration-test/target/test-dir/MiniOzoneClusterImpl-5ce33d81-cd12-4481-bdd0-3091a3c691f6/datanode-1/data/ratis] (custom)
2022-12-19 18:39:41,949 [Listener at 127.0.0.1/39295] INFO  server.XceiverServerGrpc (XceiverServerGrpc.java:<init>(132)) - GrpcServer channel type EpollServerSocketChannel
2022-12-19 18:39:41,952 [Listener at 127.0.0.1/39295] INFO  http.BaseHttpServer (BaseHttpServer.java:newHttpServer2BuilderForOzone(213)) - Starting Web-server for hddsDatanode at: http://0.0.0.0:0
2022-12-19 18:39:41,952 [Listener at 127.0.0.1/39295] INFO  http.BaseHttpServer (BaseHttpServer.java:<init>(108)) - Hadoop Security Enabled: false Ozone Security Enabled: false Ozone HTTP Security Enabled: false 
2022-12-19 18:39:41,953 [Listener at 127.0.0.1/39295] WARN  server.AuthenticationFilter (AuthenticationFilter.java:constructSecretProvider(240)) - Unable to initialize FileSignerSecretProvider, falling back to use random secrets. Reason: Could not read signature secret file: /home/runner/hadoop-http-auth-signature-secret
2022-12-19 18:39:41,953 [Listener at 127.0.0.1/39295] WARN  http.HttpRequestLog (HttpRequestLog.java:getRequestLog(103)) - Jetty request log can only be enabled using Log4j
2022-12-19 18:39:41,954 [bb729a89-1f9d-479b-ba94-fb09a3e8e4eb-NettyServerStreamRpc-bossGroup--thread1] INFO  logging.LoggingHandler (AbstractInternalLogger.java:log(148)) - [id: 0x9872782c] REGISTERED
2022-12-19 18:39:41,954 [bb729a89-1f9d-479b-ba94-fb09a3e8e4eb-NettyServerStreamRpc-bossGroup--thread1] INFO  logging.LoggingHandler (AbstractInternalLogger.java:log(148)) - [id: 0x9872782c] BIND: 0.0.0.0/0.0.0.0:0
2022-12-19 18:39:41,954 [Listener at 127.0.0.1/39295] INFO  http.HttpServer2 (HttpServer2.java:addGlobalFilter(1031)) - Added global filter 'safety' (class=org.apache.hadoop.hdds.server.http.HttpServer2$QuotingInputFilter)
2022-12-19 18:39:41,955 [Listener at 127.0.0.1/39295] INFO  http.HttpServer2 (HttpServer2.java:addFilter(1007)) - Added filter static_user_filter (class=org.apache.hadoop.http.lib.StaticUserWebFilter$StaticUserFilter) to context hddsDatanode
2022-12-19 18:39:41,955 [Listener at 127.0.0.1/39295] INFO  http.HttpServer2 (HttpServer2.java:addFilter(1015)) - Added filter static_user_filter (class=org.apache.hadoop.http.lib.StaticUserWebFilter$StaticUserFilter) to context static
2022-12-19 18:39:41,955 [Listener at 127.0.0.1/39295] INFO  http.HttpServer2 (HttpServer2.java:addFilter(1015)) - Added filter static_user_filter (class=org.apache.hadoop.http.lib.StaticUserWebFilter$StaticUserFilter) to context logs
2022-12-19 18:39:41,955 [Listener at 127.0.0.1/39295] INFO  http.HttpServer2 (HttpServer2.java:bindListener(1250)) - Jetty bound to port 33599
2022-12-19 18:39:41,955 [Listener at 127.0.0.1/39295] INFO  server.Server (Server.java:doStart(375)) - jetty-9.4.49.v20220914; built: 2022-09-14T01:07:36.601Z; git: 4231a3b2e4cb8548a412a789936d640a97b1aa0a; jvm 1.8.0_352-b08
2022-12-19 18:39:41,954 [bb729a89-1f9d-479b-ba94-fb09a3e8e4eb-NettyServerStreamRpc-bossGroup--thread1] INFO  logging.LoggingHandler (AbstractInternalLogger.java:log(148)) - [id: 0x9872782c, L:/0:0:0:0:0:0:0:0:37531] ACTIVE
2022-12-19 18:39:41,957 [Listener at 127.0.0.1/39295] INFO  server.session (DefaultSessionIdManager.java:doStart(334)) - DefaultSessionIdManager workerName=node0
2022-12-19 18:39:41,957 [Listener at 127.0.0.1/39295] INFO  server.session (DefaultSessionIdManager.java:doStart(339)) - No SessionScavenger set, using defaults
2022-12-19 18:39:41,957 [Listener at 127.0.0.1/39295] INFO  server.session (HouseKeeper.java:startScavenging(132)) - node0 Scavenging every 600000ms
2022-12-19 18:39:41,958 [Listener at 127.0.0.1/39295] INFO  handler.ContextHandler (ContextHandler.java:doStart(921)) - Started o.e.j.s.ServletContextHandler@2cc788cc{logs,/logs,file:///home/runner/work/ozone/ozone/hadoop-ozone/integration-test/target/log,AVAILABLE}
2022-12-19 18:39:41,959 [Listener at 127.0.0.1/39295] INFO  handler.ContextHandler (ContextHandler.java:doStart(921)) - Started o.e.j.s.ServletContextHandler@67103520{static,/static,jar:file:/home/runner/.m2/repository/org/apache/ozone/hdds-container-service/1.3.0-SNAPSHOT/hdds-container-service-1.3.0-SNAPSHOT.jar!/webapps/static,AVAILABLE}
2022-12-19 18:39:42,128 [Listener at 127.0.0.1/39295] INFO  handler.ContextHandler (ContextHandler.java:doStart(921)) - Started o.e.j.w.WebAppContext@7ae7a033{hddsDatanode,/,file:///tmp/jetty-0_0_0_0-33599-hdds-container-service-1_3_0-SNAPSHOT_jar-_-any-4032030637139715931/webapp/,AVAILABLE}{jar:file:/home/runner/.m2/repository/org/apache/ozone/hdds-container-service/1.3.0-SNAPSHOT/hdds-container-service-1.3.0-SNAPSHOT.jar!/webapps/hddsDatanode}
2022-12-19 18:39:42,129 [Listener at 127.0.0.1/39295] INFO  server.AbstractConnector (AbstractConnector.java:doStart(333)) - Started ServerConnector@5173b584{HTTP/1.1, (http/1.1)}{0.0.0.0:33599}
2022-12-19 18:39:42,129 [Listener at 127.0.0.1/39295] INFO  server.Server (Server.java:doStart(415)) - Started @69618ms
2022-12-19 18:39:42,129 [Listener at 127.0.0.1/39295] WARN  impl.MetricsSystemImpl (MetricsSystemImpl.java:register(279)) - Sink prometheus already exists!
2022-12-19 18:39:42,130 [Listener at 127.0.0.1/39295] INFO  http.BaseHttpServer (BaseHttpServer.java:updateConnectorAddress(333)) - HTTP server of hddsDatanode listening at http://0.0.0.0:33599
2022-12-19 18:39:42,130 [Datanode State Machine Daemon Thread] INFO  statemachine.DatanodeStateMachine (DatanodeStateMachine.java:lambda$startDaemon$0(509)) - Ozone container server started.
2022-12-19 18:39:42,130 [Listener at 127.0.0.1/39295] WARN  impl.MetricRegistriesImpl (MetricRegistriesImpl.java:addReporterRegistration(111)) - New reporters are added after registries were created. Some metrics will be missing from the reporter. Please add reporter before adding any new registry.
2022-12-19 18:39:42,131 [Listener at 127.0.0.1/39295] WARN  impl.MetricRegistriesImpl (MetricRegistriesImpl.java:addReporterRegistration(111)) - New reporters are added after registries were created. Some metrics will be missing from the reporter. Please add reporter before adding any new registry.
2022-12-19 18:39:42,131 [Listener at 127.0.0.1/39295] INFO  impl.MetricsSystemImpl (MetricsSystemImpl.java:init(158)) - HddsDatanode metrics system started (again)
2022-12-19 18:39:42,141 [Listener at 127.0.0.1/39295] INFO  ozone.HddsDatanodeService (HddsDatanodeService.java:start(236)) - HddsDatanodeService host:fv-az353-760.tkyx2seitsuu3nmpmouz2httfb.bx.internal.cloudapp.net ip:10.1.0.24
2022-12-19 18:39:42,142 [org.apache.hadoop.util.JvmPauseMonitor$Monitor@3ddd4a9d] INFO  util.JvmPauseMonitor (JvmPauseMonitor.java:run(188)) - Starting JVM pause monitor
2022-12-19 18:39:42,148 [Datanode State Machine Task Thread - 0] INFO  datanode.InitDatanodeState (InitDatanodeState.java:persistContainerDatanodeDetails(138)) - DatanodeDetails is persisted to /home/runner/work/ozone/ozone/hadoop-ozone/integration-test/target/test-dir/MiniOzoneClusterImpl-5ce33d81-cd12-4481-bdd0-3091a3c691f6/datanode-1/meta/datanode.id
2022-12-19 18:39:42,162 [Listener at 127.0.0.1/39295] INFO  upgrade.AbstractLayoutVersionManager (AbstractLayoutVersionManager.java:init(83)) - Initializing Layout version manager with metadata layout = DATANODE_SCHEMA_V3 (version = 4), software layout = DATANODE_SCHEMA_V3 (version = 4)
2022-12-19 18:39:42,205 [Listener at 127.0.0.1/39295] INFO  reflections.Reflections (Reflections.java:scan(232)) - Reflections took 42 ms to scan 7 urls, producing 146 keys and 348 values 
2022-12-19 18:39:42,206 [Listener at 127.0.0.1/39295] INFO  statemachine.DatanodeStateMachine (DatanodeStateMachine.java:getEndPointTaskThreadPoolSize(249)) - Datanode State Machine Task Thread Pool size 2
2022-12-19 18:39:42,207 [Listener at 127.0.0.1/39295] INFO  volume.HddsVolume (HddsVolume.java:<init>(117)) - Creating HddsVolume: /home/runner/work/ozone/ozone/hadoop-ozone/integration-test/target/test-dir/MiniOzoneClusterImpl-5ce33d81-cd12-4481-bdd0-3091a3c691f6/datanode-2/data-0/containers/hdds of storage type : DISK capacity : 9223372036854775807
2022-12-19 18:39:42,208 [Listener at 127.0.0.1/39295] INFO  volume.MutableVolumeSet (MutableVolumeSet.java:initializeVolumeSet(174)) - Added Volume : /home/runner/work/ozone/ozone/hadoop-ozone/integration-test/target/test-dir/MiniOzoneClusterImpl-5ce33d81-cd12-4481-bdd0-3091a3c691f6/datanode-2/data-0/containers/hdds to VolumeSet
2022-12-19 18:39:42,208 [Listener at 127.0.0.1/39295] INFO  volume.ThrottledAsyncChecker (ThrottledAsyncChecker.java:schedule(141)) - Scheduling a check for /home/runner/work/ozone/ozone/hadoop-ozone/integration-test/target/test-dir/MiniOzoneClusterImpl-5ce33d81-cd12-4481-bdd0-3091a3c691f6/datanode-2/data-0/containers/hdds
2022-12-19 18:39:42,211 [Listener at 127.0.0.1/39295] INFO  volume.StorageVolumeChecker (StorageVolumeChecker.java:checkAllVolumes(202)) - Scheduled health check for volume /home/runner/work/ozone/ozone/hadoop-ozone/integration-test/target/test-dir/MiniOzoneClusterImpl-5ce33d81-cd12-4481-bdd0-3091a3c691f6/datanode-2/data-0/containers/hdds
2022-12-19 18:39:42,221 [Listener at 127.0.0.1/39295] INFO  volume.MutableVolumeSet (MutableVolumeSet.java:initializeVolumeSet(174)) - Added Volume : /home/runner/work/ozone/ozone/hadoop-ozone/integration-test/target/test-dir/MiniOzoneClusterImpl-5ce33d81-cd12-4481-bdd0-3091a3c691f6/datanode-2/data/ratis to VolumeSet
2022-12-19 18:39:42,222 [Listener at 127.0.0.1/39295] INFO  volume.ThrottledAsyncChecker (ThrottledAsyncChecker.java:schedule(141)) - Scheduling a check for /home/runner/work/ozone/ozone/hadoop-ozone/integration-test/target/test-dir/MiniOzoneClusterImpl-5ce33d81-cd12-4481-bdd0-3091a3c691f6/datanode-2/data/ratis
2022-12-19 18:39:42,222 [Listener at 127.0.0.1/39295] INFO  volume.StorageVolumeChecker (StorageVolumeChecker.java:checkAllVolumes(202)) - Scheduled health check for volume /home/runner/work/ozone/ozone/hadoop-ozone/integration-test/target/test-dir/MiniOzoneClusterImpl-5ce33d81-cd12-4481-bdd0-3091a3c691f6/datanode-2/data/ratis
2022-12-19 18:39:42,231 [Thread-933] INFO  ozoneimpl.ContainerReader (ContainerReader.java:readVolume(175)) - Finish verifying containers on volume /home/runner/work/ozone/ozone/hadoop-ozone/integration-test/target/test-dir/MiniOzoneClusterImpl-5ce33d81-cd12-4481-bdd0-3091a3c691f6/datanode-2/data-0/containers/hdds
2022-12-19 18:39:42,235 [Listener at 127.0.0.1/39295] INFO  ozoneimpl.OzoneContainer (OzoneContainer.java:buildContainerSet(301)) - Build ContainerSet costs 0s
2022-12-19 18:39:42,237 [Listener at 127.0.0.1/39295] INFO  server.RaftServer (ConfUtils.java:logGet(46)) - raft.rpc.type = GRPC (default)
2022-12-19 18:39:42,237 [Listener at 127.0.0.1/39295] INFO  grpc.GrpcConfigKeys (ConfUtils.java:logFallback(53)) - raft.grpc.admin.host = null (fallback to raft.grpc.server.host)
2022-12-19 18:39:42,237 [Listener at 127.0.0.1/39295] INFO  grpc.GrpcConfigKeys (ConfUtils.java:logGet(46)) - raft.grpc.admin.port = 0 (custom)
2022-12-19 18:39:42,239 [Listener at 127.0.0.1/39295] INFO  grpc.GrpcConfigKeys (ConfUtils.java:logFallback(53)) - raft.grpc.client.host = null (fallback to raft.grpc.server.host)
2022-12-19 18:39:42,239 [Listener at 127.0.0.1/39295] INFO  grpc.GrpcConfigKeys (ConfUtils.java:logGet(46)) - raft.grpc.client.port = 0 (custom)
2022-12-19 18:39:42,239 [Listener at 127.0.0.1/39295] INFO  grpc.GrpcConfigKeys (ConfUtils.java:logGet(46)) - raft.grpc.server.host = null (default)
2022-12-19 18:39:42,239 [Listener at 127.0.0.1/39295] INFO  grpc.GrpcConfigKeys (ConfUtils.java:logGet(46)) - raft.grpc.server.port = 0 (default)
2022-12-19 18:39:42,239 [Listener at 127.0.0.1/39295] INFO  server.GrpcService (ConfUtils.java:logGet(46)) - raft.grpc.message.size.max = 32MB (=33554432) (custom)
2022-12-19 18:39:42,240 [Listener at 127.0.0.1/39295] INFO  server.RaftServerConfigKeys (ConfUtils.java:logGet(46)) - raft.server.log.appender.buffer.byte-limit = 33554432 (custom)
2022-12-19 18:39:42,240 [Listener at 127.0.0.1/39295] INFO  server.GrpcService (ConfUtils.java:logGet(46)) - raft.grpc.flow.control.window = 5MB (=5242880) (custom)
2022-12-19 18:39:42,240 [Listener at 127.0.0.1/39295] INFO  server.RaftServerConfigKeys (ConfUtils.java:logGet(46)) - raft.server.rpc.request.timeout = 60s (custom)
2022-12-19 18:39:42,240 [Listener at 127.0.0.1/39295] INFO  grpc.GrpcConfigKeys (ConfUtils.java:logGet(46)) - raft.grpc.server.heartbeat.channel = true (default)
2022-12-19 18:39:42,240 [Listener at 127.0.0.1/39295] INFO  grpc.GrpcConfigKeys (ConfUtils.java:logGet(46)) - raft.grpc.server.async.request.thread.pool.cached = true (default)
2022-12-19 18:39:42,240 [Listener at 127.0.0.1/39295] INFO  grpc.GrpcConfigKeys (ConfUtils.java:logGet(46)) - raft.grpc.server.async.request.thread.pool.size = 32 (default)
2022-12-19 18:39:42,241 [Listener at 127.0.0.1/39295] INFO  impl.DataStreamServerImpl (ConfUtils.java:logGet(46)) - raft.datastream.type = NETTY (custom)
2022-12-19 18:39:42,241 [Listener at 127.0.0.1/39295] INFO  server.RaftServerConfigKeys (ConfUtils.java:logGet(46)) - raft.server.data-stream.async.request.thread.pool.cached = false (default)
2022-12-19 18:39:42,241 [Listener at 127.0.0.1/39295] INFO  server.RaftServerConfigKeys (ConfUtils.java:logGet(46)) - raft.server.data-stream.async.request.thread.pool.size = 20 (custom)
2022-12-19 18:39:42,241 [Listener at 127.0.0.1/39295] INFO  server.RaftServerConfigKeys (ConfUtils.java:logGet(46)) - raft.server.data-stream.async.write.thread.pool.size = 16 (default)
2022-12-19 18:39:42,242 [Listener at 127.0.0.1/39295] INFO  server.RaftServerConfigKeys (ConfUtils.java:logGet(46)) - raft.server.data-stream.client.pool.size = 10 (default)
2022-12-19 18:39:42,242 [Listener at 127.0.0.1/39295] INFO  netty.NettyConfigKeys$DataStream (ConfUtils.java:logGet(46)) - raft.netty.dataStream.server.use-epoll = false (default)
2022-12-19 18:39:42,242 [Listener at 127.0.0.1/39295] INFO  netty.NettyConfigKeys$DataStream (ConfUtils.java:logGet(46)) - raft.netty.dataStream.server.boss-group.size = 0 (default)
2022-12-19 18:39:42,242 [Listener at 127.0.0.1/39295] INFO  netty.NettyConfigKeys$DataStream (ConfUtils.java:logGet(46)) - raft.netty.dataStream.server.worker-group.size = 0 (default)
2022-12-19 18:39:42,242 [Listener at 127.0.0.1/39295] INFO  netty.NettyConfigKeys$DataStream (ConfUtils.java:logGet(46)) - raft.netty.dataStream.server.tls.conf = null (default)
2022-12-19 18:39:42,242 [Listener at 127.0.0.1/39295] INFO  netty.NettyConfigKeys$DataStream (ConfUtils.java:logGet(46)) - raft.netty.dataStream.host = null (default)
2022-12-19 18:39:42,243 [Listener at 127.0.0.1/39295] INFO  netty.NettyConfigKeys$DataStream (ConfUtils.java:logGet(46)) - raft.netty.dataStream.port = 0 (default)
2022-12-19 18:39:42,243 [Listener at 127.0.0.1/39295] INFO  server.RaftServerConfigKeys (ConfUtils.java:logGet(46)) - raft.server.threadpool.proxy.cached = true (default)
2022-12-19 18:39:42,243 [Listener at 127.0.0.1/39295] INFO  server.RaftServerConfigKeys (ConfUtils.java:logGet(46)) - raft.server.threadpool.proxy.size = 0 (default)
2022-12-19 18:39:42,243 [Listener at 127.0.0.1/39295] INFO  server.RaftServerConfigKeys (ConfUtils.java:logGet(46)) - raft.server.rpc.slowness.timeout = 300s (custom)
2022-12-19 18:39:42,243 [Listener at 127.0.0.1/39295] INFO  server.RaftServerConfigKeys (ConfUtils.java:logGet(46)) - raft.server.leaderelection.leader.step-down.wait-time = 10s (default)
2022-12-19 18:39:42,243 [Listener at 127.0.0.1/39295] INFO  server.RaftServerConfigKeys (ConfUtils.java:logGet(46)) - raft.server.storage.dir = [/home/runner/work/ozone/ozone/hadoop-ozone/integration-test/target/test-dir/MiniOzoneClusterImpl-5ce33d81-cd12-4481-bdd0-3091a3c691f6/datanode-2/data/ratis] (custom)
2022-12-19 18:39:42,244 [12d62a03-33f5-4ac8-ab31-68f2c1a01619-NettyServerStreamRpc-bossGroup--thread1] INFO  logging.LoggingHandler (AbstractInternalLogger.java:log(148)) - [id: 0x82092559] REGISTERED
2022-12-19 18:39:42,244 [12d62a03-33f5-4ac8-ab31-68f2c1a01619-NettyServerStreamRpc-bossGroup--thread1] INFO  logging.LoggingHandler (AbstractInternalLogger.java:log(148)) - [id: 0x82092559] BIND: 0.0.0.0/0.0.0.0:0
2022-12-19 18:39:42,244 [12d62a03-33f5-4ac8-ab31-68f2c1a01619-NettyServerStreamRpc-bossGroup--thread1] INFO  logging.LoggingHandler (AbstractInternalLogger.java:log(148)) - [id: 0x82092559, L:/0:0:0:0:0:0:0:0:40631] ACTIVE
2022-12-19 18:39:42,245 [Listener at 127.0.0.1/39295] INFO  server.XceiverServerGrpc (XceiverServerGrpc.java:<init>(132)) - GrpcServer channel type EpollServerSocketChannel
2022-12-19 18:39:42,247 [Listener at 127.0.0.1/39295] INFO  http.BaseHttpServer (BaseHttpServer.java:newHttpServer2BuilderForOzone(213)) - Starting Web-server for hddsDatanode at: http://0.0.0.0:0
2022-12-19 18:39:42,247 [Listener at 127.0.0.1/39295] INFO  http.BaseHttpServer (BaseHttpServer.java:<init>(108)) - Hadoop Security Enabled: false Ozone Security Enabled: false Ozone HTTP Security Enabled: false 
2022-12-19 18:39:42,249 [Listener at 127.0.0.1/39295] WARN  server.AuthenticationFilter (AuthenticationFilter.java:constructSecretProvider(240)) - Unable to initialize FileSignerSecretProvider, falling back to use random secrets. Reason: Could not read signature secret file: /home/runner/hadoop-http-auth-signature-secret
2022-12-19 18:39:42,250 [Listener at 127.0.0.1/39295] WARN  http.HttpRequestLog (HttpRequestLog.java:getRequestLog(103)) - Jetty request log can only be enabled using Log4j
2022-12-19 18:39:42,251 [Listener at 127.0.0.1/39295] INFO  http.HttpServer2 (HttpServer2.java:addGlobalFilter(1031)) - Added global filter 'safety' (class=org.apache.hadoop.hdds.server.http.HttpServer2$QuotingInputFilter)
2022-12-19 18:39:42,251 [Listener at 127.0.0.1/39295] INFO  http.HttpServer2 (HttpServer2.java:addFilter(1007)) - Added filter static_user_filter (class=org.apache.hadoop.http.lib.StaticUserWebFilter$StaticUserFilter) to context hddsDatanode
2022-12-19 18:39:42,251 [Listener at 127.0.0.1/39295] INFO  http.HttpServer2 (HttpServer2.java:addFilter(1015)) - Added filter static_user_filter (class=org.apache.hadoop.http.lib.StaticUserWebFilter$StaticUserFilter) to context static
2022-12-19 18:39:42,251 [Listener at 127.0.0.1/39295] INFO  http.HttpServer2 (HttpServer2.java:addFilter(1015)) - Added filter static_user_filter (class=org.apache.hadoop.http.lib.StaticUserWebFilter$StaticUserFilter) to context logs
2022-12-19 18:39:42,252 [Listener at 127.0.0.1/39295] INFO  http.HttpServer2 (HttpServer2.java:bindListener(1250)) - Jetty bound to port 45747
2022-12-19 18:39:42,252 [Listener at 127.0.0.1/39295] INFO  server.Server (Server.java:doStart(375)) - jetty-9.4.49.v20220914; built: 2022-09-14T01:07:36.601Z; git: 4231a3b2e4cb8548a412a789936d640a97b1aa0a; jvm 1.8.0_352-b08
2022-12-19 18:39:42,253 [Listener at 127.0.0.1/39295] INFO  server.session (DefaultSessionIdManager.java:doStart(334)) - DefaultSessionIdManager workerName=node0
2022-12-19 18:39:42,253 [Listener at 127.0.0.1/39295] INFO  server.session (DefaultSessionIdManager.java:doStart(339)) - No SessionScavenger set, using defaults
2022-12-19 18:39:42,255 [Listener at 127.0.0.1/39295] INFO  server.session (HouseKeeper.java:startScavenging(132)) - node0 Scavenging every 660000ms
2022-12-19 18:39:42,255 [Listener at 127.0.0.1/39295] INFO  handler.ContextHandler (ContextHandler.java:doStart(921)) - Started o.e.j.s.ServletContextHandler@4060c7fe{logs,/logs,file:///home/runner/work/ozone/ozone/hadoop-ozone/integration-test/target/log,AVAILABLE}
2022-12-19 18:39:42,255 [Listener at 127.0.0.1/39295] INFO  handler.ContextHandler (ContextHandler.java:doStart(921)) - Started o.e.j.s.ServletContextHandler@290f0429{static,/static,jar:file:/home/runner/.m2/repository/org/apache/ozone/hdds-container-service/1.3.0-SNAPSHOT/hdds-container-service-1.3.0-SNAPSHOT.jar!/webapps/static,AVAILABLE}
2022-12-19 18:39:42,430 [Listener at 127.0.0.1/39295] INFO  handler.ContextHandler (ContextHandler.java:doStart(921)) - Started o.e.j.w.WebAppContext@3271658{hddsDatanode,/,file:///tmp/jetty-0_0_0_0-45747-hdds-container-service-1_3_0-SNAPSHOT_jar-_-any-5602866298453344616/webapp/,AVAILABLE}{jar:file:/home/runner/.m2/repository/org/apache/ozone/hdds-container-service/1.3.0-SNAPSHOT/hdds-container-service-1.3.0-SNAPSHOT.jar!/webapps/hddsDatanode}
2022-12-19 18:39:42,432 [Listener at 127.0.0.1/39295] INFO  server.AbstractConnector (AbstractConnector.java:doStart(333)) - Started ServerConnector@78567c2c{HTTP/1.1, (http/1.1)}{0.0.0.0:45747}
2022-12-19 18:39:42,432 [Listener at 127.0.0.1/39295] INFO  server.Server (Server.java:doStart(415)) - Started @69921ms
2022-12-19 18:39:42,432 [Listener at 127.0.0.1/39295] WARN  impl.MetricsSystemImpl (MetricsSystemImpl.java:register(279)) - Sink prometheus already exists!
2022-12-19 18:39:42,433 [Listener at 127.0.0.1/39295] INFO  http.BaseHttpServer (BaseHttpServer.java:updateConnectorAddress(333)) - HTTP server of hddsDatanode listening at http://0.0.0.0:45747
2022-12-19 18:39:42,433 [Listener at 127.0.0.1/39295] WARN  impl.MetricRegistriesImpl (MetricRegistriesImpl.java:addReporterRegistration(111)) - New reporters are added after registries were created. Some metrics will be missing from the reporter. Please add reporter before adding any new registry.
2022-12-19 18:39:42,433 [Listener at 127.0.0.1/39295] WARN  impl.MetricRegistriesImpl (MetricRegistriesImpl.java:addReporterRegistration(111)) - New reporters are added after registries were created. Some metrics will be missing from the reporter. Please add reporter before adding any new registry.
2022-12-19 18:39:42,434 [Listener at 127.0.0.1/39295] INFO  impl.MetricsSystemImpl (MetricsSystemImpl.java:init(158)) - HddsDatanode metrics system started (again)
2022-12-19 18:39:42,435 [Datanode State Machine Daemon Thread] INFO  statemachine.DatanodeStateMachine (DatanodeStateMachine.java:lambda$startDaemon$0(509)) - Ozone container server started.
2022-12-19 18:39:42,448 [org.apache.hadoop.util.JvmPauseMonitor$Monitor@2ac9dd30] INFO  util.JvmPauseMonitor (JvmPauseMonitor.java:run(188)) - Starting JVM pause monitor
2022-12-19 18:39:42,449 [Listener at 127.0.0.1/39295] INFO  ozone.HddsDatanodeService (HddsDatanodeService.java:start(236)) - HddsDatanodeService host:fv-az353-760.tkyx2seitsuu3nmpmouz2httfb.bx.internal.cloudapp.net ip:10.1.0.24
2022-12-19 18:39:42,453 [Datanode State Machine Task Thread - 0] INFO  datanode.InitDatanodeState (InitDatanodeState.java:persistContainerDatanodeDetails(138)) - DatanodeDetails is persisted to /home/runner/work/ozone/ozone/hadoop-ozone/integration-test/target/test-dir/MiniOzoneClusterImpl-5ce33d81-cd12-4481-bdd0-3091a3c691f6/datanode-2/meta/datanode.id
2022-12-19 18:39:42,468 [Listener at 127.0.0.1/39295] INFO  upgrade.AbstractLayoutVersionManager (AbstractLayoutVersionManager.java:init(83)) - Initializing Layout version manager with metadata layout = DATANODE_SCHEMA_V3 (version = 4), software layout = DATANODE_SCHEMA_V3 (version = 4)
2022-12-19 18:39:42,512 [Listener at 127.0.0.1/39295] INFO  reflections.Reflections (Reflections.java:scan(232)) - Reflections took 43 ms to scan 7 urls, producing 146 keys and 348 values 
2022-12-19 18:39:42,515 [Listener at 127.0.0.1/39295] INFO  statemachine.DatanodeStateMachine (DatanodeStateMachine.java:getEndPointTaskThreadPoolSize(249)) - Datanode State Machine Task Thread Pool size 2
2022-12-19 18:39:42,519 [Listener at 127.0.0.1/39295] INFO  volume.HddsVolume (HddsVolume.java:<init>(117)) - Creating HddsVolume: /home/runner/work/ozone/ozone/hadoop-ozone/integration-test/target/test-dir/MiniOzoneClusterImpl-5ce33d81-cd12-4481-bdd0-3091a3c691f6/datanode-3/data-0/containers/hdds of storage type : DISK capacity : 9223372036854775807
2022-12-19 18:39:42,520 [Listener at 127.0.0.1/39295] INFO  volume.MutableVolumeSet (MutableVolumeSet.java:initializeVolumeSet(174)) - Added Volume : /home/runner/work/ozone/ozone/hadoop-ozone/integration-test/target/test-dir/MiniOzoneClusterImpl-5ce33d81-cd12-4481-bdd0-3091a3c691f6/datanode-3/data-0/containers/hdds to VolumeSet
2022-12-19 18:39:42,520 [Listener at 127.0.0.1/39295] INFO  volume.ThrottledAsyncChecker (ThrottledAsyncChecker.java:schedule(141)) - Scheduling a check for /home/runner/work/ozone/ozone/hadoop-ozone/integration-test/target/test-dir/MiniOzoneClusterImpl-5ce33d81-cd12-4481-bdd0-3091a3c691f6/datanode-3/data-0/containers/hdds
2022-12-19 18:39:42,521 [Listener at 127.0.0.1/39295] INFO  volume.StorageVolumeChecker (StorageVolumeChecker.java:checkAllVolumes(202)) - Scheduled health check for volume /home/runner/work/ozone/ozone/hadoop-ozone/integration-test/target/test-dir/MiniOzoneClusterImpl-5ce33d81-cd12-4481-bdd0-3091a3c691f6/datanode-3/data-0/containers/hdds
2022-12-19 18:39:42,532 [Listener at 127.0.0.1/39295] INFO  volume.MutableVolumeSet (MutableVolumeSet.java:initializeVolumeSet(174)) - Added Volume : /home/runner/work/ozone/ozone/hadoop-ozone/integration-test/target/test-dir/MiniOzoneClusterImpl-5ce33d81-cd12-4481-bdd0-3091a3c691f6/datanode-3/data/ratis to VolumeSet
2022-12-19 18:39:42,532 [Listener at 127.0.0.1/39295] INFO  volume.ThrottledAsyncChecker (ThrottledAsyncChecker.java:schedule(141)) - Scheduling a check for /home/runner/work/ozone/ozone/hadoop-ozone/integration-test/target/test-dir/MiniOzoneClusterImpl-5ce33d81-cd12-4481-bdd0-3091a3c691f6/datanode-3/data/ratis
2022-12-19 18:39:42,532 [Listener at 127.0.0.1/39295] INFO  volume.StorageVolumeChecker (StorageVolumeChecker.java:checkAllVolumes(202)) - Scheduled health check for volume /home/runner/work/ozone/ozone/hadoop-ozone/integration-test/target/test-dir/MiniOzoneClusterImpl-5ce33d81-cd12-4481-bdd0-3091a3c691f6/datanode-3/data/ratis
2022-12-19 18:39:42,543 [Thread-947] INFO  ozoneimpl.ContainerReader (ContainerReader.java:readVolume(175)) - Finish verifying containers on volume /home/runner/work/ozone/ozone/hadoop-ozone/integration-test/target/test-dir/MiniOzoneClusterImpl-5ce33d81-cd12-4481-bdd0-3091a3c691f6/datanode-3/data-0/containers/hdds
2022-12-19 18:39:42,543 [Listener at 127.0.0.1/39295] INFO  ozoneimpl.OzoneContainer (OzoneContainer.java:buildContainerSet(301)) - Build ContainerSet costs 0s
2022-12-19 18:39:42,545 [Listener at 127.0.0.1/39295] INFO  server.RaftServer (ConfUtils.java:logGet(46)) - raft.rpc.type = GRPC (default)
2022-12-19 18:39:42,545 [Listener at 127.0.0.1/39295] INFO  grpc.GrpcConfigKeys (ConfUtils.java:logFallback(53)) - raft.grpc.admin.host = null (fallback to raft.grpc.server.host)
2022-12-19 18:39:42,545 [Listener at 127.0.0.1/39295] INFO  grpc.GrpcConfigKeys (ConfUtils.java:logGet(46)) - raft.grpc.admin.port = 0 (custom)
2022-12-19 18:39:42,546 [Listener at 127.0.0.1/39295] INFO  grpc.GrpcConfigKeys (ConfUtils.java:logFallback(53)) - raft.grpc.client.host = null (fallback to raft.grpc.server.host)
2022-12-19 18:39:42,546 [Listener at 127.0.0.1/39295] INFO  grpc.GrpcConfigKeys (ConfUtils.java:logGet(46)) - raft.grpc.client.port = 0 (custom)
2022-12-19 18:39:42,546 [Listener at 127.0.0.1/39295] INFO  grpc.GrpcConfigKeys (ConfUtils.java:logGet(46)) - raft.grpc.server.host = null (default)
2022-12-19 18:39:42,546 [Listener at 127.0.0.1/39295] INFO  grpc.GrpcConfigKeys (ConfUtils.java:logGet(46)) - raft.grpc.server.port = 0 (default)
2022-12-19 18:39:42,546 [Listener at 127.0.0.1/39295] INFO  server.GrpcService (ConfUtils.java:logGet(46)) - raft.grpc.message.size.max = 32MB (=33554432) (custom)
2022-12-19 18:39:42,546 [Listener at 127.0.0.1/39295] INFO  server.RaftServerConfigKeys (ConfUtils.java:logGet(46)) - raft.server.log.appender.buffer.byte-limit = 33554432 (custom)
2022-12-19 18:39:42,546 [Listener at 127.0.0.1/39295] INFO  server.GrpcService (ConfUtils.java:logGet(46)) - raft.grpc.flow.control.window = 5MB (=5242880) (custom)
2022-12-19 18:39:42,546 [Listener at 127.0.0.1/39295] INFO  server.RaftServerConfigKeys (ConfUtils.java:logGet(46)) - raft.server.rpc.request.timeout = 60s (custom)
2022-12-19 18:39:42,546 [Listener at 127.0.0.1/39295] INFO  grpc.GrpcConfigKeys (ConfUtils.java:logGet(46)) - raft.grpc.server.heartbeat.channel = true (default)
2022-12-19 18:39:42,546 [Listener at 127.0.0.1/39295] INFO  grpc.GrpcConfigKeys (ConfUtils.java:logGet(46)) - raft.grpc.server.async.request.thread.pool.cached = true (default)
2022-12-19 18:39:42,547 [Listener at 127.0.0.1/39295] INFO  grpc.GrpcConfigKeys (ConfUtils.java:logGet(46)) - raft.grpc.server.async.request.thread.pool.size = 32 (default)
2022-12-19 18:39:42,548 [Listener at 127.0.0.1/39295] INFO  impl.DataStreamServerImpl (ConfUtils.java:logGet(46)) - raft.datastream.type = NETTY (custom)
2022-12-19 18:39:42,549 [Listener at 127.0.0.1/39295] INFO  server.RaftServerConfigKeys (ConfUtils.java:logGet(46)) - raft.server.data-stream.async.request.thread.pool.cached = false (default)
2022-12-19 18:39:42,549 [Listener at 127.0.0.1/39295] INFO  server.RaftServerConfigKeys (ConfUtils.java:logGet(46)) - raft.server.data-stream.async.request.thread.pool.size = 20 (custom)
2022-12-19 18:39:42,549 [Listener at 127.0.0.1/39295] INFO  server.RaftServerConfigKeys (ConfUtils.java:logGet(46)) - raft.server.data-stream.async.write.thread.pool.size = 16 (default)
2022-12-19 18:39:42,549 [Listener at 127.0.0.1/39295] INFO  server.RaftServerConfigKeys (ConfUtils.java:logGet(46)) - raft.server.data-stream.client.pool.size = 10 (default)
2022-12-19 18:39:42,549 [Listener at 127.0.0.1/39295] INFO  netty.NettyConfigKeys$DataStream (ConfUtils.java:logGet(46)) - raft.netty.dataStream.server.use-epoll = false (default)
2022-12-19 18:39:42,549 [Listener at 127.0.0.1/39295] INFO  netty.NettyConfigKeys$DataStream (ConfUtils.java:logGet(46)) - raft.netty.dataStream.server.boss-group.size = 0 (default)
2022-12-19 18:39:42,550 [Listener at 127.0.0.1/39295] INFO  netty.NettyConfigKeys$DataStream (ConfUtils.java:logGet(46)) - raft.netty.dataStream.server.worker-group.size = 0 (default)
2022-12-19 18:39:42,550 [Listener at 127.0.0.1/39295] INFO  netty.NettyConfigKeys$DataStream (ConfUtils.java:logGet(46)) - raft.netty.dataStream.server.tls.conf = null (default)
2022-12-19 18:39:42,550 [Listener at 127.0.0.1/39295] INFO  netty.NettyConfigKeys$DataStream (ConfUtils.java:logGet(46)) - raft.netty.dataStream.host = null (default)
2022-12-19 18:39:42,550 [Listener at 127.0.0.1/39295] INFO  netty.NettyConfigKeys$DataStream (ConfUtils.java:logGet(46)) - raft.netty.dataStream.port = 0 (default)
2022-12-19 18:39:42,551 [Listener at 127.0.0.1/39295] INFO  server.RaftServerConfigKeys (ConfUtils.java:logGet(46)) - raft.server.threadpool.proxy.cached = true (default)
2022-12-19 18:39:42,551 [Listener at 127.0.0.1/39295] INFO  server.RaftServerConfigKeys (ConfUtils.java:logGet(46)) - raft.server.threadpool.proxy.size = 0 (default)
2022-12-19 18:39:42,551 [Listener at 127.0.0.1/39295] INFO  server.RaftServerConfigKeys (ConfUtils.java:logGet(46)) - raft.server.rpc.slowness.timeout = 300s (custom)
2022-12-19 18:39:42,551 [Listener at 127.0.0.1/39295] INFO  server.RaftServerConfigKeys (ConfUtils.java:logGet(46)) - raft.server.leaderelection.leader.step-down.wait-time = 10s (default)
2022-12-19 18:39:42,551 [Listener at 127.0.0.1/39295] INFO  server.RaftServerConfigKeys (ConfUtils.java:logGet(46)) - raft.server.storage.dir = [/home/runner/work/ozone/ozone/hadoop-ozone/integration-test/target/test-dir/MiniOzoneClusterImpl-5ce33d81-cd12-4481-bdd0-3091a3c691f6/datanode-3/data/ratis] (custom)
2022-12-19 18:39:42,552 [156d136a-08eb-462a-8e45-2bca38fc9d49-NettyServerStreamRpc-bossGroup--thread1] INFO  logging.LoggingHandler (AbstractInternalLogger.java:log(148)) - [id: 0xa1d3c203] REGISTERED
2022-12-19 18:39:42,552 [156d136a-08eb-462a-8e45-2bca38fc9d49-NettyServerStreamRpc-bossGroup--thread1] INFO  logging.LoggingHandler (AbstractInternalLogger.java:log(148)) - [id: 0xa1d3c203] BIND: 0.0.0.0/0.0.0.0:0
2022-12-19 18:39:42,552 [156d136a-08eb-462a-8e45-2bca38fc9d49-NettyServerStreamRpc-bossGroup--thread1] INFO  logging.LoggingHandler (AbstractInternalLogger.java:log(148)) - [id: 0xa1d3c203, L:/0:0:0:0:0:0:0:0:42007] ACTIVE
2022-12-19 18:39:42,553 [Listener at 127.0.0.1/39295] INFO  server.XceiverServerGrpc (XceiverServerGrpc.java:<init>(132)) - GrpcServer channel type EpollServerSocketChannel
2022-12-19 18:39:42,557 [Listener at 127.0.0.1/39295] INFO  http.BaseHttpServer (BaseHttpServer.java:newHttpServer2BuilderForOzone(213)) - Starting Web-server for hddsDatanode at: http://0.0.0.0:0
2022-12-19 18:39:42,557 [Listener at 127.0.0.1/39295] INFO  http.BaseHttpServer (BaseHttpServer.java:<init>(108)) - Hadoop Security Enabled: false Ozone Security Enabled: false Ozone HTTP Security Enabled: false 
2022-12-19 18:39:42,558 [Listener at 127.0.0.1/39295] WARN  server.AuthenticationFilter (AuthenticationFilter.java:constructSecretProvider(240)) - Unable to initialize FileSignerSecretProvider, falling back to use random secrets. Reason: Could not read signature secret file: /home/runner/hadoop-http-auth-signature-secret
2022-12-19 18:39:42,559 [Listener at 127.0.0.1/39295] WARN  http.HttpRequestLog (HttpRequestLog.java:getRequestLog(103)) - Jetty request log can only be enabled using Log4j
2022-12-19 18:39:42,560 [Listener at 127.0.0.1/39295] INFO  http.HttpServer2 (HttpServer2.java:addGlobalFilter(1031)) - Added global filter 'safety' (class=org.apache.hadoop.hdds.server.http.HttpServer2$QuotingInputFilter)
2022-12-19 18:39:42,561 [Listener at 127.0.0.1/39295] INFO  http.HttpServer2 (HttpServer2.java:addFilter(1007)) - Added filter static_user_filter (class=org.apache.hadoop.http.lib.StaticUserWebFilter$StaticUserFilter) to context hddsDatanode
2022-12-19 18:39:42,561 [Listener at 127.0.0.1/39295] INFO  http.HttpServer2 (HttpServer2.java:addFilter(1015)) - Added filter static_user_filter (class=org.apache.hadoop.http.lib.StaticUserWebFilter$StaticUserFilter) to context logs
2022-12-19 18:39:42,561 [Listener at 127.0.0.1/39295] INFO  http.HttpServer2 (HttpServer2.java:addFilter(1015)) - Added filter static_user_filter (class=org.apache.hadoop.http.lib.StaticUserWebFilter$StaticUserFilter) to context static
2022-12-19 18:39:42,561 [Listener at 127.0.0.1/39295] INFO  http.HttpServer2 (HttpServer2.java:bindListener(1250)) - Jetty bound to port 42981
2022-12-19 18:39:42,562 [Listener at 127.0.0.1/39295] INFO  server.Server (Server.java:doStart(375)) - jetty-9.4.49.v20220914; built: 2022-09-14T01:07:36.601Z; git: 4231a3b2e4cb8548a412a789936d640a97b1aa0a; jvm 1.8.0_352-b08
2022-12-19 18:39:42,565 [Listener at 127.0.0.1/39295] INFO  server.session (DefaultSessionIdManager.java:doStart(334)) - DefaultSessionIdManager workerName=node0
2022-12-19 18:39:42,565 [Listener at 127.0.0.1/39295] INFO  server.session (DefaultSessionIdManager.java:doStart(339)) - No SessionScavenger set, using defaults
2022-12-19 18:39:42,565 [Listener at 127.0.0.1/39295] INFO  server.session (HouseKeeper.java:startScavenging(132)) - node0 Scavenging every 600000ms
2022-12-19 18:39:42,566 [Listener at 127.0.0.1/39295] INFO  handler.ContextHandler (ContextHandler.java:doStart(921)) - Started o.e.j.s.ServletContextHandler@6788303d{logs,/logs,file:///home/runner/work/ozone/ozone/hadoop-ozone/integration-test/target/log,AVAILABLE}
2022-12-19 18:39:42,566 [Listener at 127.0.0.1/39295] INFO  handler.ContextHandler (ContextHandler.java:doStart(921)) - Started o.e.j.s.ServletContextHandler@3ccf53f7{static,/static,jar:file:/home/runner/.m2/repository/org/apache/ozone/hdds-container-service/1.3.0-SNAPSHOT/hdds-container-service-1.3.0-SNAPSHOT.jar!/webapps/static,AVAILABLE}
2022-12-19 18:39:42,666 [om1@group-C5BA1605619E-FollowerState] INFO  impl.FollowerState (FollowerState.java:run(143)) - om1@group-C5BA1605619E-FollowerState: change to CANDIDATE, lastRpcElapsedTime:1196502063ns, electionTimeout:1196ms
2022-12-19 18:39:42,666 [om1@group-C5BA1605619E-FollowerState] INFO  impl.RoleInfo (RoleInfo.java:shutdownFollowerState(110)) - om1: shutdown om1@group-C5BA1605619E-FollowerState
2022-12-19 18:39:42,666 [om1@group-C5BA1605619E-FollowerState] INFO  server.RaftServer$Division (RaftServerImpl.java:setRole(321)) - om1@group-C5BA1605619E: changes role from  FOLLOWER to CANDIDATE at term 0 for changeToCandidate
2022-12-19 18:39:42,666 [om1@group-C5BA1605619E-FollowerState] INFO  server.RaftServerConfigKeys (ConfUtils.java:logGet(46)) - raft.server.leaderelection.pre-vote = false (custom)
2022-12-19 18:39:42,666 [om1@group-C5BA1605619E-FollowerState] INFO  impl.RoleInfo (RoleInfo.java:updateAndGet(139)) - om1: start om1@group-C5BA1605619E-LeaderElection21
2022-12-19 18:39:42,679 [om1@group-C5BA1605619E-LeaderElection21] INFO  impl.LeaderElection (LeaderElection.java:askForVotes(312)) - om1@group-C5BA1605619E-LeaderElection21 ELECTION round 0: submit vote requests at term 1 for -1: peers:[om1|rpc:localhost:9872|priority:0|startupRole:FOLLOWER]|listeners:[], old=null
2022-12-19 18:39:42,679 [om1@group-C5BA1605619E-LeaderElection21] INFO  impl.LeaderElection (LeaderElection.java:askForVotes(314)) - om1@group-C5BA1605619E-LeaderElection21 ELECTION round 0: result PASSED (term=1)
2022-12-19 18:39:42,679 [om1@group-C5BA1605619E-LeaderElection21] INFO  impl.RoleInfo (RoleInfo.java:shutdownLeaderElection(130)) - om1: shutdown om1@group-C5BA1605619E-LeaderElection21
2022-12-19 18:39:42,679 [om1@group-C5BA1605619E-LeaderElection21] INFO  server.RaftServer$Division (RaftServerImpl.java:setRole(321)) - om1@group-C5BA1605619E: changes role from CANDIDATE to LEADER at term 1 for changeToLeader
2022-12-19 18:39:42,679 [om1@group-C5BA1605619E-LeaderElection21] INFO  server.RaftServer$Division (ServerState.java:setLeader(313)) - om1@group-C5BA1605619E: change Leader from null to om1 at term 1 for becomeLeader, leader elected after 1670ms
2022-12-19 18:39:42,679 [om1@group-C5BA1605619E-LeaderElection21] INFO  server.RaftServerConfigKeys (ConfUtils.java:logGet(46)) - raft.server.staging.catchup.gap = 1000 (default)
2022-12-19 18:39:42,680 [om1@group-C5BA1605619E-LeaderElection21] INFO  server.RaftServerConfigKeys (ConfUtils.java:logGet(46)) - raft.server.write.element-limit = 4096 (default)
2022-12-19 18:39:42,680 [om1@group-C5BA1605619E-LeaderElection21] INFO  server.RaftServerConfigKeys (ConfUtils.java:logGet(46)) - raft.server.write.byte-limit = 64MB (=67108864) (default)
2022-12-19 18:39:42,680 [om1@group-C5BA1605619E-LeaderElection21] INFO  server.RaftServerConfigKeys (ConfUtils.java:logGet(46)) - raft.server.watch.timeout = 10s (default)
2022-12-19 18:39:42,680 [om1@group-C5BA1605619E-LeaderElection21] INFO  server.RaftServerConfigKeys (ConfUtils.java:logGet(46)) - raft.server.watch.timeout.denomination = 1s (default)
2022-12-19 18:39:42,680 [om1@group-C5BA1605619E-LeaderElection21] INFO  server.RaftServerConfigKeys (ConfUtils.java:logGet(46)) - raft.server.watch.element-limit = 65536 (default)
2022-12-19 18:39:42,680 [om1@group-C5BA1605619E-LeaderElection21] INFO  server.RaftServerConfigKeys (ConfUtils.java:logGet(46)) - raft.server.write.element-limit = 4096 (default)
2022-12-19 18:39:42,680 [om1@group-C5BA1605619E-LeaderElection21] INFO  server.RaftServerConfigKeys (ConfUtils.java:logGet(46)) - raft.server.write.follower.gap.ratio.max = -1.0 (default)
2022-12-19 18:39:42,680 [om1@group-C5BA1605619E-LeaderElection21] INFO  impl.RoleInfo (RoleInfo.java:updateAndGet(139)) - om1: start om1@group-C5BA1605619E-LeaderStateImpl
2022-12-19 18:39:42,680 [om1@group-C5BA1605619E-LeaderElection21] INFO  segmented.SegmentedRaftLogWorker (SegmentedRaftLogWorker.java:startLogSegment(452)) - om1@group-C5BA1605619E-SegmentedRaftLogWorker: Starting segment from index:0
2022-12-19 18:39:42,688 [om1@group-C5BA1605619E-SegmentedRaftLogWorker] INFO  segmented.SegmentedRaftLogWorker (SegmentedRaftLogWorker.java:execute(656)) - om1@group-C5BA1605619E-SegmentedRaftLogWorker: created new log segment /home/runner/work/ozone/ozone/hadoop-ozone/integration-test/target/test-dir/MiniOzoneClusterImpl-5ce33d81-cd12-4481-bdd0-3091a3c691f6/ozone-meta/ratis/bf265839-605b-3f16-9796-c5ba1605619e/current/log_inprogress_0
2022-12-19 18:39:42,694 [om1@group-C5BA1605619E-LeaderElection21] INFO  server.RaftServer$Division (ServerState.java:setRaftConf(430)) - om1@group-C5BA1605619E: set configuration 0: peers:[om1|rpc:localhost:9872|admin:|client:|dataStream:|priority:0|startupRole:FOLLOWER]|listeners:[], old=null
2022-12-19 18:39:42,696 [om1@group-C5BA1605619E-StateMachineUpdater] INFO  ratis.OzoneManagerStateMachine (OzoneManagerStateMachine.java:notifyConfigurationChanged(192)) - Received Configuration change notification from Ratis. New Peer list:
[id: "om1"
address: "localhost:9872"
startupRole: FOLLOWER
]
2022-12-19 18:39:42,758 [Listener at 127.0.0.1/39295] INFO  handler.ContextHandler (ContextHandler.java:doStart(921)) - Started o.e.j.w.WebAppContext@4f11b19{hddsDatanode,/,file:///tmp/jetty-0_0_0_0-42981-hdds-container-service-1_3_0-SNAPSHOT_jar-_-any-4431032479224220640/webapp/,AVAILABLE}{jar:file:/home/runner/.m2/repository/org/apache/ozone/hdds-container-service/1.3.0-SNAPSHOT/hdds-container-service-1.3.0-SNAPSHOT.jar!/webapps/hddsDatanode}
2022-12-19 18:39:42,761 [Listener at 127.0.0.1/39295] INFO  server.AbstractConnector (AbstractConnector.java:doStart(333)) - Started ServerConnector@7ac2db4c{HTTP/1.1, (http/1.1)}{0.0.0.0:42981}
2022-12-19 18:39:42,761 [Listener at 127.0.0.1/39295] INFO  server.Server (Server.java:doStart(415)) - Started @70250ms
2022-12-19 18:39:42,762 [Listener at 127.0.0.1/39295] WARN  impl.MetricsSystemImpl (MetricsSystemImpl.java:register(279)) - Sink prometheus already exists!
2022-12-19 18:39:42,762 [Listener at 127.0.0.1/39295] INFO  http.BaseHttpServer (BaseHttpServer.java:updateConnectorAddress(333)) - HTTP server of hddsDatanode listening at http://0.0.0.0:42981
2022-12-19 18:39:42,762 [Listener at 127.0.0.1/39295] WARN  impl.MetricRegistriesImpl (MetricRegistriesImpl.java:addReporterRegistration(111)) - New reporters are added after registries were created. Some metrics will be missing from the reporter. Please add reporter before adding any new registry.
2022-12-19 18:39:42,763 [Listener at 127.0.0.1/39295] WARN  impl.MetricRegistriesImpl (MetricRegistriesImpl.java:addReporterRegistration(111)) - New reporters are added after registries were created. Some metrics will be missing from the reporter. Please add reporter before adding any new registry.
2022-12-19 18:39:42,763 [Listener at 127.0.0.1/39295] INFO  impl.MetricsSystemImpl (MetricsSystemImpl.java:init(158)) - HddsDatanode metrics system started (again)
2022-12-19 18:39:42,769 [Datanode State Machine Daemon Thread] INFO  statemachine.DatanodeStateMachine (DatanodeStateMachine.java:lambda$startDaemon$0(509)) - Ozone container server started.
2022-12-19 18:39:42,775 [Listener at 127.0.0.1/39295] INFO  ozone.HddsDatanodeService (HddsDatanodeService.java:start(236)) - HddsDatanodeService host:fv-az353-760.tkyx2seitsuu3nmpmouz2httfb.bx.internal.cloudapp.net ip:10.1.0.24
2022-12-19 18:39:42,790 [org.apache.hadoop.util.JvmPauseMonitor$Monitor@72d8272f] INFO  util.JvmPauseMonitor (JvmPauseMonitor.java:run(188)) - Starting JVM pause monitor
2022-12-19 18:39:42,799 [Datanode State Machine Task Thread - 0] INFO  datanode.InitDatanodeState (InitDatanodeState.java:persistContainerDatanodeDetails(138)) - DatanodeDetails is persisted to /home/runner/work/ozone/ozone/hadoop-ozone/integration-test/target/test-dir/MiniOzoneClusterImpl-5ce33d81-cd12-4481-bdd0-3091a3c691f6/datanode-3/meta/datanode.id
2022-12-19 18:39:42,803 [Listener at 127.0.0.1/39295] INFO  upgrade.AbstractLayoutVersionManager (AbstractLayoutVersionManager.java:init(83)) - Initializing Layout version manager with metadata layout = DATANODE_SCHEMA_V3 (version = 4), software layout = DATANODE_SCHEMA_V3 (version = 4)
2022-12-19 18:39:42,847 [Listener at 127.0.0.1/39295] INFO  reflections.Reflections (Reflections.java:scan(232)) - Reflections took 43 ms to scan 7 urls, producing 146 keys and 348 values 
2022-12-19 18:39:42,848 [Listener at 127.0.0.1/39295] INFO  statemachine.DatanodeStateMachine (DatanodeStateMachine.java:getEndPointTaskThreadPoolSize(249)) - Datanode State Machine Task Thread Pool size 2
2022-12-19 18:39:42,849 [Listener at 127.0.0.1/39295] INFO  volume.HddsVolume (HddsVolume.java:<init>(117)) - Creating HddsVolume: /home/runner/work/ozone/ozone/hadoop-ozone/integration-test/target/test-dir/MiniOzoneClusterImpl-5ce33d81-cd12-4481-bdd0-3091a3c691f6/datanode-4/data-0/containers/hdds of storage type : DISK capacity : 9223372036854775807
2022-12-19 18:39:42,849 [Listener at 127.0.0.1/39295] INFO  volume.MutableVolumeSet (MutableVolumeSet.java:initializeVolumeSet(174)) - Added Volume : /home/runner/work/ozone/ozone/hadoop-ozone/integration-test/target/test-dir/MiniOzoneClusterImpl-5ce33d81-cd12-4481-bdd0-3091a3c691f6/datanode-4/data-0/containers/hdds to VolumeSet
2022-12-19 18:39:42,850 [Listener at 127.0.0.1/39295] INFO  volume.ThrottledAsyncChecker (ThrottledAsyncChecker.java:schedule(141)) - Scheduling a check for /home/runner/work/ozone/ozone/hadoop-ozone/integration-test/target/test-dir/MiniOzoneClusterImpl-5ce33d81-cd12-4481-bdd0-3091a3c691f6/datanode-4/data-0/containers/hdds
2022-12-19 18:39:42,850 [Listener at 127.0.0.1/39295] INFO  volume.StorageVolumeChecker (StorageVolumeChecker.java:checkAllVolumes(202)) - Scheduled health check for volume /home/runner/work/ozone/ozone/hadoop-ozone/integration-test/target/test-dir/MiniOzoneClusterImpl-5ce33d81-cd12-4481-bdd0-3091a3c691f6/datanode-4/data-0/containers/hdds
2022-12-19 18:39:42,860 [Listener at 127.0.0.1/39295] INFO  volume.MutableVolumeSet (MutableVolumeSet.java:initializeVolumeSet(174)) - Added Volume : /home/runner/work/ozone/ozone/hadoop-ozone/integration-test/target/test-dir/MiniOzoneClusterImpl-5ce33d81-cd12-4481-bdd0-3091a3c691f6/datanode-4/data/ratis to VolumeSet
2022-12-19 18:39:42,860 [Listener at 127.0.0.1/39295] INFO  volume.ThrottledAsyncChecker (ThrottledAsyncChecker.java:schedule(141)) - Scheduling a check for /home/runner/work/ozone/ozone/hadoop-ozone/integration-test/target/test-dir/MiniOzoneClusterImpl-5ce33d81-cd12-4481-bdd0-3091a3c691f6/datanode-4/data/ratis
2022-12-19 18:39:42,860 [Listener at 127.0.0.1/39295] INFO  volume.StorageVolumeChecker (StorageVolumeChecker.java:checkAllVolumes(202)) - Scheduled health check for volume /home/runner/work/ozone/ozone/hadoop-ozone/integration-test/target/test-dir/MiniOzoneClusterImpl-5ce33d81-cd12-4481-bdd0-3091a3c691f6/datanode-4/data/ratis
2022-12-19 18:39:42,870 [Thread-963] INFO  ozoneimpl.ContainerReader (ContainerReader.java:readVolume(175)) - Finish verifying containers on volume /home/runner/work/ozone/ozone/hadoop-ozone/integration-test/target/test-dir/MiniOzoneClusterImpl-5ce33d81-cd12-4481-bdd0-3091a3c691f6/datanode-4/data-0/containers/hdds
2022-12-19 18:39:42,870 [Listener at 127.0.0.1/39295] INFO  ozoneimpl.OzoneContainer (OzoneContainer.java:buildContainerSet(301)) - Build ContainerSet costs 0s
2022-12-19 18:39:42,871 [Listener at 127.0.0.1/39295] INFO  server.RaftServer (ConfUtils.java:logGet(46)) - raft.rpc.type = GRPC (default)
2022-12-19 18:39:42,872 [Listener at 127.0.0.1/39295] INFO  grpc.GrpcConfigKeys (ConfUtils.java:logFallback(53)) - raft.grpc.admin.host = null (fallback to raft.grpc.server.host)
2022-12-19 18:39:42,872 [Listener at 127.0.0.1/39295] INFO  grpc.GrpcConfigKeys (ConfUtils.java:logGet(46)) - raft.grpc.admin.port = 0 (custom)
2022-12-19 18:39:42,872 [Listener at 127.0.0.1/39295] INFO  grpc.GrpcConfigKeys (ConfUtils.java:logFallback(53)) - raft.grpc.client.host = null (fallback to raft.grpc.server.host)
2022-12-19 18:39:42,872 [Listener at 127.0.0.1/39295] INFO  grpc.GrpcConfigKeys (ConfUtils.java:logGet(46)) - raft.grpc.client.port = 0 (custom)
2022-12-19 18:39:42,872 [Listener at 127.0.0.1/39295] INFO  grpc.GrpcConfigKeys (ConfUtils.java:logGet(46)) - raft.grpc.server.host = null (default)
2022-12-19 18:39:42,872 [Listener at 127.0.0.1/39295] INFO  grpc.GrpcConfigKeys (ConfUtils.java:logGet(46)) - raft.grpc.server.port = 0 (default)
2022-12-19 18:39:42,872 [Listener at 127.0.0.1/39295] INFO  server.GrpcService (ConfUtils.java:logGet(46)) - raft.grpc.message.size.max = 32MB (=33554432) (custom)
2022-12-19 18:39:42,872 [Listener at 127.0.0.1/39295] INFO  server.RaftServerConfigKeys (ConfUtils.java:logGet(46)) - raft.server.log.appender.buffer.byte-limit = 33554432 (custom)
2022-12-19 18:39:42,873 [Listener at 127.0.0.1/39295] INFO  server.GrpcService (ConfUtils.java:logGet(46)) - raft.grpc.flow.control.window = 5MB (=5242880) (custom)
2022-12-19 18:39:42,873 [Listener at 127.0.0.1/39295] INFO  server.RaftServerConfigKeys (ConfUtils.java:logGet(46)) - raft.server.rpc.request.timeout = 60s (custom)
2022-12-19 18:39:42,873 [Listener at 127.0.0.1/39295] INFO  grpc.GrpcConfigKeys (ConfUtils.java:logGet(46)) - raft.grpc.server.heartbeat.channel = true (default)
2022-12-19 18:39:42,873 [Listener at 127.0.0.1/39295] INFO  grpc.GrpcConfigKeys (ConfUtils.java:logGet(46)) - raft.grpc.server.async.request.thread.pool.cached = true (default)
2022-12-19 18:39:42,873 [Listener at 127.0.0.1/39295] INFO  grpc.GrpcConfigKeys (ConfUtils.java:logGet(46)) - raft.grpc.server.async.request.thread.pool.size = 32 (default)
2022-12-19 18:39:42,874 [Listener at 127.0.0.1/39295] INFO  impl.DataStreamServerImpl (ConfUtils.java:logGet(46)) - raft.datastream.type = NETTY (custom)
2022-12-19 18:39:42,874 [Listener at 127.0.0.1/39295] INFO  server.RaftServerConfigKeys (ConfUtils.java:logGet(46)) - raft.server.data-stream.async.request.thread.pool.cached = false (default)
2022-12-19 18:39:42,874 [Listener at 127.0.0.1/39295] INFO  server.RaftServerConfigKeys (ConfUtils.java:logGet(46)) - raft.server.data-stream.async.request.thread.pool.size = 20 (custom)
2022-12-19 18:39:42,874 [Listener at 127.0.0.1/39295] INFO  server.RaftServerConfigKeys (ConfUtils.java:logGet(46)) - raft.server.data-stream.async.write.thread.pool.size = 16 (default)
2022-12-19 18:39:42,874 [Listener at 127.0.0.1/39295] INFO  server.RaftServerConfigKeys (ConfUtils.java:logGet(46)) - raft.server.data-stream.client.pool.size = 10 (default)
2022-12-19 18:39:42,874 [Listener at 127.0.0.1/39295] INFO  netty.NettyConfigKeys$DataStream (ConfUtils.java:logGet(46)) - raft.netty.dataStream.server.use-epoll = false (default)
2022-12-19 18:39:42,875 [Listener at 127.0.0.1/39295] INFO  netty.NettyConfigKeys$DataStream (ConfUtils.java:logGet(46)) - raft.netty.dataStream.server.boss-group.size = 0 (default)
2022-12-19 18:39:42,875 [Listener at 127.0.0.1/39295] INFO  netty.NettyConfigKeys$DataStream (ConfUtils.java:logGet(46)) - raft.netty.dataStream.server.worker-group.size = 0 (default)
2022-12-19 18:39:42,875 [Listener at 127.0.0.1/39295] INFO  netty.NettyConfigKeys$DataStream (ConfUtils.java:logGet(46)) - raft.netty.dataStream.server.tls.conf = null (default)
2022-12-19 18:39:42,875 [Listener at 127.0.0.1/39295] INFO  netty.NettyConfigKeys$DataStream (ConfUtils.java:logGet(46)) - raft.netty.dataStream.host = null (default)
2022-12-19 18:39:42,875 [Listener at 127.0.0.1/39295] INFO  netty.NettyConfigKeys$DataStream (ConfUtils.java:logGet(46)) - raft.netty.dataStream.port = 0 (default)
2022-12-19 18:39:42,876 [Listener at 127.0.0.1/39295] INFO  server.RaftServerConfigKeys (ConfUtils.java:logGet(46)) - raft.server.threadpool.proxy.cached = true (default)
2022-12-19 18:39:42,876 [Listener at 127.0.0.1/39295] INFO  server.RaftServerConfigKeys (ConfUtils.java:logGet(46)) - raft.server.threadpool.proxy.size = 0 (default)
2022-12-19 18:39:42,876 [f143390d-7c87-4621-8359-d245efaa75b3-NettyServerStreamRpc-bossGroup--thread1] INFO  logging.LoggingHandler (AbstractInternalLogger.java:log(148)) - [id: 0x653e794d] REGISTERED
2022-12-19 18:39:42,876 [Listener at 127.0.0.1/39295] INFO  server.RaftServerConfigKeys (ConfUtils.java:logGet(46)) - raft.server.rpc.slowness.timeout = 300s (custom)
2022-12-19 18:39:42,876 [f143390d-7c87-4621-8359-d245efaa75b3-NettyServerStreamRpc-bossGroup--thread1] INFO  logging.LoggingHandler (AbstractInternalLogger.java:log(148)) - [id: 0x653e794d] BIND: 0.0.0.0/0.0.0.0:0
2022-12-19 18:39:42,878 [Listener at 127.0.0.1/39295] INFO  server.RaftServerConfigKeys (ConfUtils.java:logGet(46)) - raft.server.leaderelection.leader.step-down.wait-time = 10s (default)
2022-12-19 18:39:42,878 [f143390d-7c87-4621-8359-d245efaa75b3-NettyServerStreamRpc-bossGroup--thread1] INFO  logging.LoggingHandler (AbstractInternalLogger.java:log(148)) - [id: 0x653e794d, L:/0:0:0:0:0:0:0:0:41301] ACTIVE
2022-12-19 18:39:42,878 [Listener at 127.0.0.1/39295] INFO  server.RaftServerConfigKeys (ConfUtils.java:logGet(46)) - raft.server.storage.dir = [/home/runner/work/ozone/ozone/hadoop-ozone/integration-test/target/test-dir/MiniOzoneClusterImpl-5ce33d81-cd12-4481-bdd0-3091a3c691f6/datanode-4/data/ratis] (custom)
2022-12-19 18:39:42,879 [Listener at 127.0.0.1/39295] INFO  server.XceiverServerGrpc (XceiverServerGrpc.java:<init>(132)) - GrpcServer channel type EpollServerSocketChannel
2022-12-19 18:39:42,881 [Listener at 127.0.0.1/39295] INFO  http.BaseHttpServer (BaseHttpServer.java:newHttpServer2BuilderForOzone(213)) - Starting Web-server for hddsDatanode at: http://0.0.0.0:0
2022-12-19 18:39:42,881 [Listener at 127.0.0.1/39295] INFO  http.BaseHttpServer (BaseHttpServer.java:<init>(108)) - Hadoop Security Enabled: false Ozone Security Enabled: false Ozone HTTP Security Enabled: false 
2022-12-19 18:39:42,882 [Listener at 127.0.0.1/39295] WARN  server.AuthenticationFilter (AuthenticationFilter.java:constructSecretProvider(240)) - Unable to initialize FileSignerSecretProvider, falling back to use random secrets. Reason: Could not read signature secret file: /home/runner/hadoop-http-auth-signature-secret
2022-12-19 18:39:42,882 [Listener at 127.0.0.1/39295] WARN  http.HttpRequestLog (HttpRequestLog.java:getRequestLog(103)) - Jetty request log can only be enabled using Log4j
2022-12-19 18:39:42,883 [Listener at 127.0.0.1/39295] INFO  http.HttpServer2 (HttpServer2.java:addGlobalFilter(1031)) - Added global filter 'safety' (class=org.apache.hadoop.hdds.server.http.HttpServer2$QuotingInputFilter)
2022-12-19 18:39:42,884 [Listener at 127.0.0.1/39295] INFO  http.HttpServer2 (HttpServer2.java:addFilter(1007)) - Added filter static_user_filter (class=org.apache.hadoop.http.lib.StaticUserWebFilter$StaticUserFilter) to context hddsDatanode
2022-12-19 18:39:42,884 [Listener at 127.0.0.1/39295] INFO  http.HttpServer2 (HttpServer2.java:addFilter(1015)) - Added filter static_user_filter (class=org.apache.hadoop.http.lib.StaticUserWebFilter$StaticUserFilter) to context logs
2022-12-19 18:39:42,884 [Listener at 127.0.0.1/39295] INFO  http.HttpServer2 (HttpServer2.java:addFilter(1015)) - Added filter static_user_filter (class=org.apache.hadoop.http.lib.StaticUserWebFilter$StaticUserFilter) to context static
2022-12-19 18:39:42,884 [Listener at 127.0.0.1/39295] INFO  http.HttpServer2 (HttpServer2.java:bindListener(1250)) - Jetty bound to port 38305
2022-12-19 18:39:42,884 [Listener at 127.0.0.1/39295] INFO  server.Server (Server.java:doStart(375)) - jetty-9.4.49.v20220914; built: 2022-09-14T01:07:36.601Z; git: 4231a3b2e4cb8548a412a789936d640a97b1aa0a; jvm 1.8.0_352-b08
2022-12-19 18:39:42,891 [Listener at 127.0.0.1/39295] INFO  server.session (DefaultSessionIdManager.java:doStart(334)) - DefaultSessionIdManager workerName=node0
2022-12-19 18:39:42,891 [Listener at 127.0.0.1/39295] INFO  server.session (DefaultSessionIdManager.java:doStart(339)) - No SessionScavenger set, using defaults
2022-12-19 18:39:42,892 [Listener at 127.0.0.1/39295] INFO  server.session (HouseKeeper.java:startScavenging(132)) - node0 Scavenging every 660000ms
2022-12-19 18:39:42,892 [Listener at 127.0.0.1/39295] INFO  handler.ContextHandler (ContextHandler.java:doStart(921)) - Started o.e.j.s.ServletContextHandler@319869fd{logs,/logs,file:///home/runner/work/ozone/ozone/hadoop-ozone/integration-test/target/log,AVAILABLE}
2022-12-19 18:39:42,892 [Listener at 127.0.0.1/39295] INFO  handler.ContextHandler (ContextHandler.java:doStart(921)) - Started o.e.j.s.ServletContextHandler@265d560b{static,/static,jar:file:/home/runner/.m2/repository/org/apache/ozone/hdds-container-service/1.3.0-SNAPSHOT/hdds-container-service-1.3.0-SNAPSHOT.jar!/webapps/static,AVAILABLE}
2022-12-19 18:39:43,063 [Listener at 127.0.0.1/39295] INFO  handler.ContextHandler (ContextHandler.java:doStart(921)) - Started o.e.j.w.WebAppContext@cbb6b6f{hddsDatanode,/,file:///tmp/jetty-0_0_0_0-38305-hdds-container-service-1_3_0-SNAPSHOT_jar-_-any-1094540777969484821/webapp/,AVAILABLE}{jar:file:/home/runner/.m2/repository/org/apache/ozone/hdds-container-service/1.3.0-SNAPSHOT/hdds-container-service-1.3.0-SNAPSHOT.jar!/webapps/hddsDatanode}
2022-12-19 18:39:43,064 [Listener at 127.0.0.1/39295] INFO  server.AbstractConnector (AbstractConnector.java:doStart(333)) - Started ServerConnector@7ed14356{HTTP/1.1, (http/1.1)}{0.0.0.0:38305}
2022-12-19 18:39:43,064 [Listener at 127.0.0.1/39295] INFO  server.Server (Server.java:doStart(415)) - Started @70553ms
2022-12-19 18:39:43,064 [Listener at 127.0.0.1/39295] WARN  impl.MetricsSystemImpl (MetricsSystemImpl.java:register(279)) - Sink prometheus already exists!
2022-12-19 18:39:43,065 [Listener at 127.0.0.1/39295] INFO  http.BaseHttpServer (BaseHttpServer.java:updateConnectorAddress(333)) - HTTP server of hddsDatanode listening at http://0.0.0.0:38305
2022-12-19 18:39:43,065 [Datanode State Machine Daemon Thread] INFO  statemachine.DatanodeStateMachine (DatanodeStateMachine.java:lambda$startDaemon$0(509)) - Ozone container server started.
2022-12-19 18:39:43,065 [Listener at 127.0.0.1/39295] WARN  impl.MetricRegistriesImpl (MetricRegistriesImpl.java:addReporterRegistration(111)) - New reporters are added after registries were created. Some metrics will be missing from the reporter. Please add reporter before adding any new registry.
2022-12-19 18:39:43,066 [Listener at 127.0.0.1/39295] WARN  impl.MetricRegistriesImpl (MetricRegistriesImpl.java:addReporterRegistration(111)) - New reporters are added after registries were created. Some metrics will be missing from the reporter. Please add reporter before adding any new registry.
2022-12-19 18:39:43,066 [Listener at 127.0.0.1/39295] INFO  impl.MetricsSystemImpl (MetricsSystemImpl.java:init(158)) - HddsDatanode metrics system started (again)
2022-12-19 18:39:43,077 [Listener at 127.0.0.1/39295] INFO  ozone.HddsDatanodeService (HddsDatanodeService.java:start(236)) - HddsDatanodeService host:fv-az353-760.tkyx2seitsuu3nmpmouz2httfb.bx.internal.cloudapp.net ip:10.1.0.24
2022-12-19 18:39:43,078 [org.apache.hadoop.util.JvmPauseMonitor$Monitor@562ffb3c] INFO  util.JvmPauseMonitor (JvmPauseMonitor.java:run(188)) - Starting JVM pause monitor
2022-12-19 18:39:43,083 [Datanode State Machine Task Thread - 0] INFO  datanode.InitDatanodeState (InitDatanodeState.java:persistContainerDatanodeDetails(138)) - DatanodeDetails is persisted to /home/runner/work/ozone/ozone/hadoop-ozone/integration-test/target/test-dir/MiniOzoneClusterImpl-5ce33d81-cd12-4481-bdd0-3091a3c691f6/datanode-4/meta/datanode.id
2022-12-19 18:39:43,097 [Listener at 127.0.0.1/39295] INFO  upgrade.AbstractLayoutVersionManager (AbstractLayoutVersionManager.java:init(83)) - Initializing Layout version manager with metadata layout = DATANODE_SCHEMA_V3 (version = 4), software layout = DATANODE_SCHEMA_V3 (version = 4)
2022-12-19 18:39:43,142 [Listener at 127.0.0.1/39295] INFO  reflections.Reflections (Reflections.java:scan(232)) - Reflections took 43 ms to scan 7 urls, producing 146 keys and 348 values 
2022-12-19 18:39:43,143 [Listener at 127.0.0.1/39295] INFO  statemachine.DatanodeStateMachine (DatanodeStateMachine.java:getEndPointTaskThreadPoolSize(249)) - Datanode State Machine Task Thread Pool size 2
2022-12-19 18:39:43,145 [Listener at 127.0.0.1/39295] INFO  volume.HddsVolume (HddsVolume.java:<init>(117)) - Creating HddsVolume: /home/runner/work/ozone/ozone/hadoop-ozone/integration-test/target/test-dir/MiniOzoneClusterImpl-5ce33d81-cd12-4481-bdd0-3091a3c691f6/datanode-5/data-0/containers/hdds of storage type : DISK capacity : 9223372036854775807
2022-12-19 18:39:43,145 [Listener at 127.0.0.1/39295] INFO  volume.MutableVolumeSet (MutableVolumeSet.java:initializeVolumeSet(174)) - Added Volume : /home/runner/work/ozone/ozone/hadoop-ozone/integration-test/target/test-dir/MiniOzoneClusterImpl-5ce33d81-cd12-4481-bdd0-3091a3c691f6/datanode-5/data-0/containers/hdds to VolumeSet
2022-12-19 18:39:43,145 [Listener at 127.0.0.1/39295] INFO  volume.ThrottledAsyncChecker (ThrottledAsyncChecker.java:schedule(141)) - Scheduling a check for /home/runner/work/ozone/ozone/hadoop-ozone/integration-test/target/test-dir/MiniOzoneClusterImpl-5ce33d81-cd12-4481-bdd0-3091a3c691f6/datanode-5/data-0/containers/hdds
2022-12-19 18:39:43,146 [Listener at 127.0.0.1/39295] INFO  volume.StorageVolumeChecker (StorageVolumeChecker.java:checkAllVolumes(202)) - Scheduled health check for volume /home/runner/work/ozone/ozone/hadoop-ozone/integration-test/target/test-dir/MiniOzoneClusterImpl-5ce33d81-cd12-4481-bdd0-3091a3c691f6/datanode-5/data-0/containers/hdds
2022-12-19 18:39:43,157 [Listener at 127.0.0.1/39295] INFO  volume.MutableVolumeSet (MutableVolumeSet.java:initializeVolumeSet(174)) - Added Volume : /home/runner/work/ozone/ozone/hadoop-ozone/integration-test/target/test-dir/MiniOzoneClusterImpl-5ce33d81-cd12-4481-bdd0-3091a3c691f6/datanode-5/data/ratis to VolumeSet
2022-12-19 18:39:43,157 [Listener at 127.0.0.1/39295] INFO  volume.ThrottledAsyncChecker (ThrottledAsyncChecker.java:schedule(141)) - Scheduling a check for /home/runner/work/ozone/ozone/hadoop-ozone/integration-test/target/test-dir/MiniOzoneClusterImpl-5ce33d81-cd12-4481-bdd0-3091a3c691f6/datanode-5/data/ratis
2022-12-19 18:39:43,157 [Listener at 127.0.0.1/39295] INFO  volume.StorageVolumeChecker (StorageVolumeChecker.java:checkAllVolumes(202)) - Scheduled health check for volume /home/runner/work/ozone/ozone/hadoop-ozone/integration-test/target/test-dir/MiniOzoneClusterImpl-5ce33d81-cd12-4481-bdd0-3091a3c691f6/datanode-5/data/ratis
2022-12-19 18:39:43,167 [Thread-977] INFO  ozoneimpl.ContainerReader (ContainerReader.java:readVolume(175)) - Finish verifying containers on volume /home/runner/work/ozone/ozone/hadoop-ozone/integration-test/target/test-dir/MiniOzoneClusterImpl-5ce33d81-cd12-4481-bdd0-3091a3c691f6/datanode-5/data-0/containers/hdds
2022-12-19 18:39:43,167 [Listener at 127.0.0.1/39295] INFO  ozoneimpl.OzoneContainer (OzoneContainer.java:buildContainerSet(301)) - Build ContainerSet costs 0s
2022-12-19 18:39:43,168 [Listener at 127.0.0.1/39295] INFO  server.RaftServer (ConfUtils.java:logGet(46)) - raft.rpc.type = GRPC (default)
2022-12-19 18:39:43,169 [Listener at 127.0.0.1/39295] INFO  grpc.GrpcConfigKeys (ConfUtils.java:logFallback(53)) - raft.grpc.admin.host = null (fallback to raft.grpc.server.host)
2022-12-19 18:39:43,169 [Listener at 127.0.0.1/39295] INFO  grpc.GrpcConfigKeys (ConfUtils.java:logGet(46)) - raft.grpc.admin.port = 0 (custom)
2022-12-19 18:39:43,169 [Listener at 127.0.0.1/39295] INFO  grpc.GrpcConfigKeys (ConfUtils.java:logFallback(53)) - raft.grpc.client.host = null (fallback to raft.grpc.server.host)
2022-12-19 18:39:43,169 [Listener at 127.0.0.1/39295] INFO  grpc.GrpcConfigKeys (ConfUtils.java:logGet(46)) - raft.grpc.client.port = 0 (custom)
2022-12-19 18:39:43,169 [Listener at 127.0.0.1/39295] INFO  grpc.GrpcConfigKeys (ConfUtils.java:logGet(46)) - raft.grpc.server.host = null (default)
2022-12-19 18:39:43,169 [Listener at 127.0.0.1/39295] INFO  grpc.GrpcConfigKeys (ConfUtils.java:logGet(46)) - raft.grpc.server.port = 0 (default)
2022-12-19 18:39:43,169 [Listener at 127.0.0.1/39295] INFO  server.GrpcService (ConfUtils.java:logGet(46)) - raft.grpc.message.size.max = 32MB (=33554432) (custom)
2022-12-19 18:39:43,169 [Listener at 127.0.0.1/39295] INFO  server.RaftServerConfigKeys (ConfUtils.java:logGet(46)) - raft.server.log.appender.buffer.byte-limit = 33554432 (custom)
2022-12-19 18:39:43,169 [Listener at 127.0.0.1/39295] INFO  server.GrpcService (ConfUtils.java:logGet(46)) - raft.grpc.flow.control.window = 5MB (=5242880) (custom)
2022-12-19 18:39:43,170 [Listener at 127.0.0.1/39295] INFO  server.RaftServerConfigKeys (ConfUtils.java:logGet(46)) - raft.server.rpc.request.timeout = 60s (custom)
2022-12-19 18:39:43,170 [Listener at 127.0.0.1/39295] INFO  grpc.GrpcConfigKeys (ConfUtils.java:logGet(46)) - raft.grpc.server.heartbeat.channel = true (default)
2022-12-19 18:39:43,170 [Listener at 127.0.0.1/39295] INFO  grpc.GrpcConfigKeys (ConfUtils.java:logGet(46)) - raft.grpc.server.async.request.thread.pool.cached = true (default)
2022-12-19 18:39:43,170 [Listener at 127.0.0.1/39295] INFO  grpc.GrpcConfigKeys (ConfUtils.java:logGet(46)) - raft.grpc.server.async.request.thread.pool.size = 32 (default)
2022-12-19 18:39:43,171 [Listener at 127.0.0.1/39295] INFO  impl.DataStreamServerImpl (ConfUtils.java:logGet(46)) - raft.datastream.type = NETTY (custom)
2022-12-19 18:39:43,171 [Listener at 127.0.0.1/39295] INFO  server.RaftServerConfigKeys (ConfUtils.java:logGet(46)) - raft.server.data-stream.async.request.thread.pool.cached = false (default)
2022-12-19 18:39:43,171 [Listener at 127.0.0.1/39295] INFO  server.RaftServerConfigKeys (ConfUtils.java:logGet(46)) - raft.server.data-stream.async.request.thread.pool.size = 20 (custom)
2022-12-19 18:39:43,171 [Listener at 127.0.0.1/39295] INFO  server.RaftServerConfigKeys (ConfUtils.java:logGet(46)) - raft.server.data-stream.async.write.thread.pool.size = 16 (default)
2022-12-19 18:39:43,171 [Listener at 127.0.0.1/39295] INFO  server.RaftServerConfigKeys (ConfUtils.java:logGet(46)) - raft.server.data-stream.client.pool.size = 10 (default)
2022-12-19 18:39:43,171 [Listener at 127.0.0.1/39295] INFO  netty.NettyConfigKeys$DataStream (ConfUtils.java:logGet(46)) - raft.netty.dataStream.server.use-epoll = false (default)
2022-12-19 18:39:43,171 [Listener at 127.0.0.1/39295] INFO  netty.NettyConfigKeys$DataStream (ConfUtils.java:logGet(46)) - raft.netty.dataStream.server.boss-group.size = 0 (default)
2022-12-19 18:39:43,172 [Listener at 127.0.0.1/39295] INFO  netty.NettyConfigKeys$DataStream (ConfUtils.java:logGet(46)) - raft.netty.dataStream.server.worker-group.size = 0 (default)
2022-12-19 18:39:43,172 [Listener at 127.0.0.1/39295] INFO  netty.NettyConfigKeys$DataStream (ConfUtils.java:logGet(46)) - raft.netty.dataStream.server.tls.conf = null (default)
2022-12-19 18:39:43,172 [Listener at 127.0.0.1/39295] INFO  netty.NettyConfigKeys$DataStream (ConfUtils.java:logGet(46)) - raft.netty.dataStream.host = null (default)
2022-12-19 18:39:43,172 [Listener at 127.0.0.1/39295] INFO  netty.NettyConfigKeys$DataStream (ConfUtils.java:logGet(46)) - raft.netty.dataStream.port = 0 (default)
2022-12-19 18:39:43,175 [Listener at 127.0.0.1/39295] INFO  server.RaftServerConfigKeys (ConfUtils.java:logGet(46)) - raft.server.threadpool.proxy.cached = true (default)
2022-12-19 18:39:43,175 [Listener at 127.0.0.1/39295] INFO  server.RaftServerConfigKeys (ConfUtils.java:logGet(46)) - raft.server.threadpool.proxy.size = 0 (default)
2022-12-19 18:39:43,175 [Listener at 127.0.0.1/39295] INFO  server.RaftServerConfigKeys (ConfUtils.java:logGet(46)) - raft.server.rpc.slowness.timeout = 300s (custom)
2022-12-19 18:39:43,176 [Listener at 127.0.0.1/39295] INFO  server.RaftServerConfigKeys (ConfUtils.java:logGet(46)) - raft.server.leaderelection.leader.step-down.wait-time = 10s (default)
2022-12-19 18:39:43,176 [Listener at 127.0.0.1/39295] INFO  server.RaftServerConfigKeys (ConfUtils.java:logGet(46)) - raft.server.storage.dir = [/home/runner/work/ozone/ozone/hadoop-ozone/integration-test/target/test-dir/MiniOzoneClusterImpl-5ce33d81-cd12-4481-bdd0-3091a3c691f6/datanode-5/data/ratis] (custom)
2022-12-19 18:39:43,176 [72a8f579-b929-42a4-a748-3b6f638fc788-NettyServerStreamRpc-bossGroup--thread1] INFO  logging.LoggingHandler (AbstractInternalLogger.java:log(148)) - [id: 0xbd0bab99] REGISTERED
2022-12-19 18:39:43,176 [72a8f579-b929-42a4-a748-3b6f638fc788-NettyServerStreamRpc-bossGroup--thread1] INFO  logging.LoggingHandler (AbstractInternalLogger.java:log(148)) - [id: 0xbd0bab99] BIND: 0.0.0.0/0.0.0.0:0
2022-12-19 18:39:43,176 [72a8f579-b929-42a4-a748-3b6f638fc788-NettyServerStreamRpc-bossGroup--thread1] INFO  logging.LoggingHandler (AbstractInternalLogger.java:log(148)) - [id: 0xbd0bab99, L:/0:0:0:0:0:0:0:0:37423] ACTIVE
2022-12-19 18:39:43,180 [Listener at 127.0.0.1/39295] INFO  server.XceiverServerGrpc (XceiverServerGrpc.java:<init>(132)) - GrpcServer channel type EpollServerSocketChannel
2022-12-19 18:39:43,182 [Listener at 127.0.0.1/39295] INFO  http.BaseHttpServer (BaseHttpServer.java:newHttpServer2BuilderForOzone(213)) - Starting Web-server for hddsDatanode at: http://0.0.0.0:0
2022-12-19 18:39:43,182 [Listener at 127.0.0.1/39295] INFO  http.BaseHttpServer (BaseHttpServer.java:<init>(108)) - Hadoop Security Enabled: false Ozone Security Enabled: false Ozone HTTP Security Enabled: false 
2022-12-19 18:39:43,183 [Listener at 127.0.0.1/39295] WARN  server.AuthenticationFilter (AuthenticationFilter.java:constructSecretProvider(240)) - Unable to initialize FileSignerSecretProvider, falling back to use random secrets. Reason: Could not read signature secret file: /home/runner/hadoop-http-auth-signature-secret
2022-12-19 18:39:43,184 [Listener at 127.0.0.1/39295] WARN  http.HttpRequestLog (HttpRequestLog.java:getRequestLog(103)) - Jetty request log can only be enabled using Log4j
2022-12-19 18:39:43,185 [Listener at 127.0.0.1/39295] INFO  http.HttpServer2 (HttpServer2.java:addGlobalFilter(1031)) - Added global filter 'safety' (class=org.apache.hadoop.hdds.server.http.HttpServer2$QuotingInputFilter)
2022-12-19 18:39:43,185 [Listener at 127.0.0.1/39295] INFO  http.HttpServer2 (HttpServer2.java:addFilter(1007)) - Added filter static_user_filter (class=org.apache.hadoop.http.lib.StaticUserWebFilter$StaticUserFilter) to context hddsDatanode
2022-12-19 18:39:43,185 [Listener at 127.0.0.1/39295] INFO  http.HttpServer2 (HttpServer2.java:addFilter(1015)) - Added filter static_user_filter (class=org.apache.hadoop.http.lib.StaticUserWebFilter$StaticUserFilter) to context logs
2022-12-19 18:39:43,185 [Listener at 127.0.0.1/39295] INFO  http.HttpServer2 (HttpServer2.java:addFilter(1015)) - Added filter static_user_filter (class=org.apache.hadoop.http.lib.StaticUserWebFilter$StaticUserFilter) to context static
2022-12-19 18:39:43,186 [Listener at 127.0.0.1/39295] INFO  http.HttpServer2 (HttpServer2.java:bindListener(1250)) - Jetty bound to port 44905
2022-12-19 18:39:43,186 [Listener at 127.0.0.1/39295] INFO  server.Server (Server.java:doStart(375)) - jetty-9.4.49.v20220914; built: 2022-09-14T01:07:36.601Z; git: 4231a3b2e4cb8548a412a789936d640a97b1aa0a; jvm 1.8.0_352-b08
2022-12-19 18:39:43,187 [Listener at 127.0.0.1/39295] INFO  server.session (DefaultSessionIdManager.java:doStart(334)) - DefaultSessionIdManager workerName=node0
2022-12-19 18:39:43,187 [Listener at 127.0.0.1/39295] INFO  server.session (DefaultSessionIdManager.java:doStart(339)) - No SessionScavenger set, using defaults
2022-12-19 18:39:43,187 [Listener at 127.0.0.1/39295] INFO  server.session (HouseKeeper.java:startScavenging(132)) - node0 Scavenging every 600000ms
2022-12-19 18:39:43,188 [Listener at 127.0.0.1/39295] INFO  handler.ContextHandler (ContextHandler.java:doStart(921)) - Started o.e.j.s.ServletContextHandler@3b839b10{logs,/logs,file:///home/runner/work/ozone/ozone/hadoop-ozone/integration-test/target/log,AVAILABLE}
2022-12-19 18:39:43,188 [Listener at 127.0.0.1/39295] INFO  handler.ContextHandler (ContextHandler.java:doStart(921)) - Started o.e.j.s.ServletContextHandler@29cd9ce5{static,/static,jar:file:/home/runner/.m2/repository/org/apache/ozone/hdds-container-service/1.3.0-SNAPSHOT/hdds-container-service-1.3.0-SNAPSHOT.jar!/webapps/static,AVAILABLE}
2022-12-19 18:39:43,359 [Listener at 127.0.0.1/39295] INFO  handler.ContextHandler (ContextHandler.java:doStart(921)) - Started o.e.j.w.WebAppContext@6818fb84{hddsDatanode,/,file:///tmp/jetty-0_0_0_0-44905-hdds-container-service-1_3_0-SNAPSHOT_jar-_-any-673258493476665481/webapp/,AVAILABLE}{jar:file:/home/runner/.m2/repository/org/apache/ozone/hdds-container-service/1.3.0-SNAPSHOT/hdds-container-service-1.3.0-SNAPSHOT.jar!/webapps/hddsDatanode}
2022-12-19 18:39:43,360 [Listener at 127.0.0.1/39295] INFO  server.AbstractConnector (AbstractConnector.java:doStart(333)) - Started ServerConnector@62593536{HTTP/1.1, (http/1.1)}{0.0.0.0:44905}
2022-12-19 18:39:43,360 [Listener at 127.0.0.1/39295] INFO  server.Server (Server.java:doStart(415)) - Started @70849ms
2022-12-19 18:39:43,361 [Listener at 127.0.0.1/39295] WARN  impl.MetricsSystemImpl (MetricsSystemImpl.java:register(279)) - Sink prometheus already exists!
2022-12-19 18:39:43,361 [Listener at 127.0.0.1/39295] INFO  http.BaseHttpServer (BaseHttpServer.java:updateConnectorAddress(333)) - HTTP server of hddsDatanode listening at http://0.0.0.0:44905
2022-12-19 18:39:43,362 [Listener at 127.0.0.1/39295] INFO  ozone.MiniOzoneClusterImpl (MiniOzoneClusterImpl.java:lambda$waitForClusterToBeReady$0(217)) - Waiting for nodes to be ready. Got 0 of 6 DN Heartbeats.
2022-12-19 18:39:43,362 [Listener at 127.0.0.1/39295] INFO  ozone.MiniOzoneClusterImpl (MiniOzoneClusterImpl.java:lambda$waitForClusterToBeReady$0(220)) - Waiting for cluster to exit safe mode
2022-12-19 18:39:43,362 [Listener at 127.0.0.1/39295] INFO  ozone.MiniOzoneClusterImpl (MiniOzoneClusterImpl.java:lambda$waitForClusterToBeReady$0(222)) - SCM became leader
2022-12-19 18:39:43,362 [Datanode State Machine Daemon Thread] INFO  statemachine.DatanodeStateMachine (DatanodeStateMachine.java:lambda$startDaemon$0(509)) - Ozone container server started.
2022-12-19 18:39:43,370 [Datanode State Machine Task Thread - 0] INFO  datanode.InitDatanodeState (InitDatanodeState.java:persistContainerDatanodeDetails(138)) - DatanodeDetails is persisted to /home/runner/work/ozone/ozone/hadoop-ozone/integration-test/target/test-dir/MiniOzoneClusterImpl-5ce33d81-cd12-4481-bdd0-3091a3c691f6/datanode-5/meta/datanode.id
2022-12-19 18:39:43,371 [org.apache.hadoop.util.JvmPauseMonitor$Monitor@2d6a407a] INFO  util.JvmPauseMonitor (JvmPauseMonitor.java:run(188)) - Starting JVM pause monitor
2022-12-19 18:39:43,869 [EndpointStateMachine task thread for /0.0.0.0:43047 - 0 ] INFO  utils.DatanodeStoreCache (DatanodeStoreCache.java:addDB(58)) - Added db /home/runner/work/ozone/ozone/hadoop-ozone/integration-test/target/test-dir/MiniOzoneClusterImpl-5ce33d81-cd12-4481-bdd0-3091a3c691f6/datanode-0/data-0/containers/hdds/5ce33d81-cd12-4481-bdd0-3091a3c691f6/DS-6300d430-ffcd-4255-8bcd-b7c91bea996e/container.db to cache
2022-12-19 18:39:43,870 [EndpointStateMachine task thread for /0.0.0.0:43047 - 0 ] INFO  volume.HddsVolume (HddsVolume.java:createDbStore(307)) - SchemaV3 db is created and loaded at /home/runner/work/ozone/ozone/hadoop-ozone/integration-test/target/test-dir/MiniOzoneClusterImpl-5ce33d81-cd12-4481-bdd0-3091a3c691f6/datanode-0/data-0/containers/hdds/5ce33d81-cd12-4481-bdd0-3091a3c691f6/DS-6300d430-ffcd-4255-8bcd-b7c91bea996e/container.db for volume DS-6300d430-ffcd-4255-8bcd-b7c91bea996e
2022-12-19 18:39:43,870 [EndpointStateMachine task thread for /0.0.0.0:43047 - 0 ] INFO  ozoneimpl.OzoneContainer (OzoneContainer.java:start(395)) - Attempting to start container services.
2022-12-19 18:39:43,870 [EndpointStateMachine task thread for /0.0.0.0:43047 - 0 ] INFO  ozoneimpl.OzoneContainer (OzoneContainer.java:startContainerScrub(312)) - Scheduled background container scanners and the on-demand container scanner have been disabled.
2022-12-19 18:39:43,871 [EndpointStateMachine task thread for /0.0.0.0:43047 - 0 ] INFO  replication.ReplicationServer (ReplicationServer.java:start(106)) - ReplicationServer is started using port 38333
2022-12-19 18:39:43,872 [EndpointStateMachine task thread for /0.0.0.0:43047 - 0 ] INFO  ratis.XceiverServerRatis (XceiverServerRatis.java:start(517)) - Starting XceiverServerRatis daa36c1e-9cf4-4c94-819a-0a52a71ceb67
2022-12-19 18:39:43,872 [EndpointStateMachine task thread for /0.0.0.0:43047 - 0 ] INFO  server.RaftServer (RaftServerProxy.java:startImpl(393)) - daa36c1e-9cf4-4c94-819a-0a52a71ceb67: start RPC server
2022-12-19 18:39:43,874 [EndpointStateMachine task thread for /0.0.0.0:43047 - 0 ] INFO  server.GrpcService (GrpcService.java:startImpl(262)) - daa36c1e-9cf4-4c94-819a-0a52a71ceb67: GrpcService started, listening on 37077
2022-12-19 18:39:43,874 [EndpointStateMachine task thread for /0.0.0.0:43047 - 0 ] INFO  ratis.XceiverServerRatis (XceiverServerRatis.java:getRealPort(543)) - XceiverServerRatis daa36c1e-9cf4-4c94-819a-0a52a71ceb67 is started using port 37077 for RATIS
2022-12-19 18:39:43,874 [EndpointStateMachine task thread for /0.0.0.0:43047 - 0 ] INFO  ratis.XceiverServerRatis (XceiverServerRatis.java:getRealPort(543)) - XceiverServerRatis daa36c1e-9cf4-4c94-819a-0a52a71ceb67 is started using port 37077 for RATIS_ADMIN
2022-12-19 18:39:43,874 [JvmPauseMonitor12] INFO  util.JvmPauseMonitor (JvmPauseMonitor.java:run(105)) - JvmPauseMonitor-daa36c1e-9cf4-4c94-819a-0a52a71ceb67: Started
2022-12-19 18:39:43,874 [EndpointStateMachine task thread for /0.0.0.0:43047 - 0 ] INFO  ratis.XceiverServerRatis (XceiverServerRatis.java:getRealPort(543)) - XceiverServerRatis daa36c1e-9cf4-4c94-819a-0a52a71ceb67 is started using port 37077 for RATIS_SERVER
2022-12-19 18:39:43,874 [EndpointStateMachine task thread for /0.0.0.0:43047 - 0 ] INFO  ratis.XceiverServerRatis (XceiverServerRatis.java:getRealPort(543)) - XceiverServerRatis daa36c1e-9cf4-4c94-819a-0a52a71ceb67 is started using port 39585 for RATIS_DATASTREAM
2022-12-19 18:39:43,875 [EndpointStateMachine task thread for /0.0.0.0:43047 - 0 ] INFO  server.XceiverServerGrpc (XceiverServerGrpc.java:start(180)) - XceiverServerGrpc daa36c1e-9cf4-4c94-819a-0a52a71ceb67 is started using port 44229
2022-12-19 18:39:44,173 [EndpointStateMachine task thread for /0.0.0.0:43047 - 0 ] INFO  utils.DatanodeStoreCache (DatanodeStoreCache.java:addDB(58)) - Added db /home/runner/work/ozone/ozone/hadoop-ozone/integration-test/target/test-dir/MiniOzoneClusterImpl-5ce33d81-cd12-4481-bdd0-3091a3c691f6/datanode-1/data-0/containers/hdds/5ce33d81-cd12-4481-bdd0-3091a3c691f6/DS-5b664c3c-b782-4356-8823-ed19e62cc9b9/container.db to cache
2022-12-19 18:39:44,173 [EndpointStateMachine task thread for /0.0.0.0:43047 - 0 ] INFO  volume.HddsVolume (HddsVolume.java:createDbStore(307)) - SchemaV3 db is created and loaded at /home/runner/work/ozone/ozone/hadoop-ozone/integration-test/target/test-dir/MiniOzoneClusterImpl-5ce33d81-cd12-4481-bdd0-3091a3c691f6/datanode-1/data-0/containers/hdds/5ce33d81-cd12-4481-bdd0-3091a3c691f6/DS-5b664c3c-b782-4356-8823-ed19e62cc9b9/container.db for volume DS-5b664c3c-b782-4356-8823-ed19e62cc9b9
2022-12-19 18:39:44,173 [EndpointStateMachine task thread for /0.0.0.0:43047 - 0 ] INFO  ozoneimpl.OzoneContainer (OzoneContainer.java:start(395)) - Attempting to start container services.
2022-12-19 18:39:44,173 [EndpointStateMachine task thread for /0.0.0.0:43047 - 0 ] INFO  ozoneimpl.OzoneContainer (OzoneContainer.java:startContainerScrub(312)) - Scheduled background container scanners and the on-demand container scanner have been disabled.
2022-12-19 18:39:44,175 [EndpointStateMachine task thread for /0.0.0.0:43047 - 0 ] INFO  replication.ReplicationServer (ReplicationServer.java:start(106)) - ReplicationServer is started using port 41589
2022-12-19 18:39:44,175 [EndpointStateMachine task thread for /0.0.0.0:43047 - 0 ] INFO  ratis.XceiverServerRatis (XceiverServerRatis.java:start(517)) - Starting XceiverServerRatis bb729a89-1f9d-479b-ba94-fb09a3e8e4eb
2022-12-19 18:39:44,176 [EndpointStateMachine task thread for /0.0.0.0:43047 - 0 ] INFO  server.RaftServer (RaftServerProxy.java:startImpl(393)) - bb729a89-1f9d-479b-ba94-fb09a3e8e4eb: start RPC server
2022-12-19 18:39:44,177 [EndpointStateMachine task thread for /0.0.0.0:43047 - 0 ] INFO  server.GrpcService (GrpcService.java:startImpl(262)) - bb729a89-1f9d-479b-ba94-fb09a3e8e4eb: GrpcService started, listening on 38595
2022-12-19 18:39:44,177 [EndpointStateMachine task thread for /0.0.0.0:43047 - 0 ] INFO  ratis.XceiverServerRatis (XceiverServerRatis.java:getRealPort(543)) - XceiverServerRatis bb729a89-1f9d-479b-ba94-fb09a3e8e4eb is started using port 38595 for RATIS
2022-12-19 18:39:44,178 [EndpointStateMachine task thread for /0.0.0.0:43047 - 0 ] INFO  ratis.XceiverServerRatis (XceiverServerRatis.java:getRealPort(543)) - XceiverServerRatis bb729a89-1f9d-479b-ba94-fb09a3e8e4eb is started using port 38595 for RATIS_ADMIN
2022-12-19 18:39:44,178 [JvmPauseMonitor13] INFO  util.JvmPauseMonitor (JvmPauseMonitor.java:run(105)) - JvmPauseMonitor-bb729a89-1f9d-479b-ba94-fb09a3e8e4eb: Started
2022-12-19 18:39:44,178 [EndpointStateMachine task thread for /0.0.0.0:43047 - 0 ] INFO  ratis.XceiverServerRatis (XceiverServerRatis.java:getRealPort(543)) - XceiverServerRatis bb729a89-1f9d-479b-ba94-fb09a3e8e4eb is started using port 38595 for RATIS_SERVER
2022-12-19 18:39:44,178 [EndpointStateMachine task thread for /0.0.0.0:43047 - 0 ] INFO  ratis.XceiverServerRatis (XceiverServerRatis.java:getRealPort(543)) - XceiverServerRatis bb729a89-1f9d-479b-ba94-fb09a3e8e4eb is started using port 37531 for RATIS_DATASTREAM
2022-12-19 18:39:44,180 [EndpointStateMachine task thread for /0.0.0.0:43047 - 0 ] INFO  server.XceiverServerGrpc (XceiverServerGrpc.java:start(180)) - XceiverServerGrpc bb729a89-1f9d-479b-ba94-fb09a3e8e4eb is started using port 36943
2022-12-19 18:39:44,362 [Listener at 127.0.0.1/39295] INFO  ozone.MiniOzoneClusterImpl (MiniOzoneClusterImpl.java:lambda$waitForClusterToBeReady$0(217)) - Waiting for nodes to be ready. Got 0 of 6 DN Heartbeats.
2022-12-19 18:39:44,362 [Listener at 127.0.0.1/39295] INFO  ozone.MiniOzoneClusterImpl (MiniOzoneClusterImpl.java:lambda$waitForClusterToBeReady$0(220)) - Waiting for cluster to exit safe mode
2022-12-19 18:39:44,362 [Listener at 127.0.0.1/39295] INFO  ozone.MiniOzoneClusterImpl (MiniOzoneClusterImpl.java:lambda$waitForClusterToBeReady$0(222)) - SCM became leader
2022-12-19 18:39:44,481 [EndpointStateMachine task thread for /0.0.0.0:43047 - 0 ] INFO  utils.DatanodeStoreCache (DatanodeStoreCache.java:addDB(58)) - Added db /home/runner/work/ozone/ozone/hadoop-ozone/integration-test/target/test-dir/MiniOzoneClusterImpl-5ce33d81-cd12-4481-bdd0-3091a3c691f6/datanode-2/data-0/containers/hdds/5ce33d81-cd12-4481-bdd0-3091a3c691f6/DS-cd95f33c-3303-4718-81b9-953ef6be8e0e/container.db to cache
2022-12-19 18:39:44,481 [EndpointStateMachine task thread for /0.0.0.0:43047 - 0 ] INFO  volume.HddsVolume (HddsVolume.java:createDbStore(307)) - SchemaV3 db is created and loaded at /home/runner/work/ozone/ozone/hadoop-ozone/integration-test/target/test-dir/MiniOzoneClusterImpl-5ce33d81-cd12-4481-bdd0-3091a3c691f6/datanode-2/data-0/containers/hdds/5ce33d81-cd12-4481-bdd0-3091a3c691f6/DS-cd95f33c-3303-4718-81b9-953ef6be8e0e/container.db for volume DS-cd95f33c-3303-4718-81b9-953ef6be8e0e
2022-12-19 18:39:44,481 [EndpointStateMachine task thread for /0.0.0.0:43047 - 0 ] INFO  ozoneimpl.OzoneContainer (OzoneContainer.java:start(395)) - Attempting to start container services.
2022-12-19 18:39:44,481 [EndpointStateMachine task thread for /0.0.0.0:43047 - 0 ] INFO  ozoneimpl.OzoneContainer (OzoneContainer.java:startContainerScrub(312)) - Scheduled background container scanners and the on-demand container scanner have been disabled.
2022-12-19 18:39:44,483 [EndpointStateMachine task thread for /0.0.0.0:43047 - 0 ] INFO  replication.ReplicationServer (ReplicationServer.java:start(106)) - ReplicationServer is started using port 43975
2022-12-19 18:39:44,483 [EndpointStateMachine task thread for /0.0.0.0:43047 - 0 ] INFO  ratis.XceiverServerRatis (XceiverServerRatis.java:start(517)) - Starting XceiverServerRatis 12d62a03-33f5-4ac8-ab31-68f2c1a01619
2022-12-19 18:39:44,484 [EndpointStateMachine task thread for /0.0.0.0:43047 - 0 ] INFO  server.RaftServer (RaftServerProxy.java:startImpl(393)) - 12d62a03-33f5-4ac8-ab31-68f2c1a01619: start RPC server
2022-12-19 18:39:44,485 [EndpointStateMachine task thread for /0.0.0.0:43047 - 0 ] INFO  server.GrpcService (GrpcService.java:startImpl(262)) - 12d62a03-33f5-4ac8-ab31-68f2c1a01619: GrpcService started, listening on 44073
2022-12-19 18:39:44,485 [EndpointStateMachine task thread for /0.0.0.0:43047 - 0 ] INFO  ratis.XceiverServerRatis (XceiverServerRatis.java:getRealPort(543)) - XceiverServerRatis 12d62a03-33f5-4ac8-ab31-68f2c1a01619 is started using port 44073 for RATIS
2022-12-19 18:39:44,485 [EndpointStateMachine task thread for /0.0.0.0:43047 - 0 ] INFO  ratis.XceiverServerRatis (XceiverServerRatis.java:getRealPort(543)) - XceiverServerRatis 12d62a03-33f5-4ac8-ab31-68f2c1a01619 is started using port 44073 for RATIS_ADMIN
2022-12-19 18:39:44,485 [JvmPauseMonitor14] INFO  util.JvmPauseMonitor (JvmPauseMonitor.java:run(105)) - JvmPauseMonitor-12d62a03-33f5-4ac8-ab31-68f2c1a01619: Started
2022-12-19 18:39:44,485 [EndpointStateMachine task thread for /0.0.0.0:43047 - 0 ] INFO  ratis.XceiverServerRatis (XceiverServerRatis.java:getRealPort(543)) - XceiverServerRatis 12d62a03-33f5-4ac8-ab31-68f2c1a01619 is started using port 44073 for RATIS_SERVER
2022-12-19 18:39:44,485 [EndpointStateMachine task thread for /0.0.0.0:43047 - 0 ] INFO  ratis.XceiverServerRatis (XceiverServerRatis.java:getRealPort(543)) - XceiverServerRatis 12d62a03-33f5-4ac8-ab31-68f2c1a01619 is started using port 40631 for RATIS_DATASTREAM
2022-12-19 18:39:44,488 [EndpointStateMachine task thread for /0.0.0.0:43047 - 0 ] INFO  server.XceiverServerGrpc (XceiverServerGrpc.java:start(180)) - XceiverServerGrpc 12d62a03-33f5-4ac8-ab31-68f2c1a01619 is started using port 41093
2022-12-19 18:39:44,821 [EndpointStateMachine task thread for /0.0.0.0:43047 - 0 ] INFO  utils.DatanodeStoreCache (DatanodeStoreCache.java:addDB(58)) - Added db /home/runner/work/ozone/ozone/hadoop-ozone/integration-test/target/test-dir/MiniOzoneClusterImpl-5ce33d81-cd12-4481-bdd0-3091a3c691f6/datanode-3/data-0/containers/hdds/5ce33d81-cd12-4481-bdd0-3091a3c691f6/DS-f730b94c-06ac-4408-8f2d-c932c28feb71/container.db to cache
2022-12-19 18:39:44,821 [EndpointStateMachine task thread for /0.0.0.0:43047 - 0 ] INFO  volume.HddsVolume (HddsVolume.java:createDbStore(307)) - SchemaV3 db is created and loaded at /home/runner/work/ozone/ozone/hadoop-ozone/integration-test/target/test-dir/MiniOzoneClusterImpl-5ce33d81-cd12-4481-bdd0-3091a3c691f6/datanode-3/data-0/containers/hdds/5ce33d81-cd12-4481-bdd0-3091a3c691f6/DS-f730b94c-06ac-4408-8f2d-c932c28feb71/container.db for volume DS-f730b94c-06ac-4408-8f2d-c932c28feb71
2022-12-19 18:39:44,821 [EndpointStateMachine task thread for /0.0.0.0:43047 - 0 ] INFO  ozoneimpl.OzoneContainer (OzoneContainer.java:start(395)) - Attempting to start container services.
2022-12-19 18:39:44,821 [EndpointStateMachine task thread for /0.0.0.0:43047 - 0 ] INFO  ozoneimpl.OzoneContainer (OzoneContainer.java:startContainerScrub(312)) - Scheduled background container scanners and the on-demand container scanner have been disabled.
2022-12-19 18:39:44,823 [EndpointStateMachine task thread for /0.0.0.0:43047 - 0 ] INFO  replication.ReplicationServer (ReplicationServer.java:start(106)) - ReplicationServer is started using port 35037
2022-12-19 18:39:44,824 [EndpointStateMachine task thread for /0.0.0.0:43047 - 0 ] INFO  ratis.XceiverServerRatis (XceiverServerRatis.java:start(517)) - Starting XceiverServerRatis 156d136a-08eb-462a-8e45-2bca38fc9d49
2022-12-19 18:39:44,824 [EndpointStateMachine task thread for /0.0.0.0:43047 - 0 ] INFO  server.RaftServer (RaftServerProxy.java:startImpl(393)) - 156d136a-08eb-462a-8e45-2bca38fc9d49: start RPC server
2022-12-19 18:39:44,825 [EndpointStateMachine task thread for /0.0.0.0:43047 - 0 ] INFO  server.GrpcService (GrpcService.java:startImpl(262)) - 156d136a-08eb-462a-8e45-2bca38fc9d49: GrpcService started, listening on 44445
2022-12-19 18:39:44,825 [EndpointStateMachine task thread for /0.0.0.0:43047 - 0 ] INFO  ratis.XceiverServerRatis (XceiverServerRatis.java:getRealPort(543)) - XceiverServerRatis 156d136a-08eb-462a-8e45-2bca38fc9d49 is started using port 44445 for RATIS
2022-12-19 18:39:44,825 [EndpointStateMachine task thread for /0.0.0.0:43047 - 0 ] INFO  ratis.XceiverServerRatis (XceiverServerRatis.java:getRealPort(543)) - XceiverServerRatis 156d136a-08eb-462a-8e45-2bca38fc9d49 is started using port 44445 for RATIS_ADMIN
2022-12-19 18:39:44,825 [JvmPauseMonitor15] INFO  util.JvmPauseMonitor (JvmPauseMonitor.java:run(105)) - JvmPauseMonitor-156d136a-08eb-462a-8e45-2bca38fc9d49: Started
2022-12-19 18:39:44,825 [EndpointStateMachine task thread for /0.0.0.0:43047 - 0 ] INFO  ratis.XceiverServerRatis (XceiverServerRatis.java:getRealPort(543)) - XceiverServerRatis 156d136a-08eb-462a-8e45-2bca38fc9d49 is started using port 44445 for RATIS_SERVER
2022-12-19 18:39:44,825 [EndpointStateMachine task thread for /0.0.0.0:43047 - 0 ] INFO  ratis.XceiverServerRatis (XceiverServerRatis.java:getRealPort(543)) - XceiverServerRatis 156d136a-08eb-462a-8e45-2bca38fc9d49 is started using port 42007 for RATIS_DATASTREAM
2022-12-19 18:39:44,831 [EndpointStateMachine task thread for /0.0.0.0:43047 - 0 ] INFO  server.XceiverServerGrpc (XceiverServerGrpc.java:start(180)) - XceiverServerGrpc 156d136a-08eb-462a-8e45-2bca38fc9d49 is started using port 36571
2022-12-19 18:39:45,110 [EndpointStateMachine task thread for /0.0.0.0:43047 - 0 ] INFO  utils.DatanodeStoreCache (DatanodeStoreCache.java:addDB(58)) - Added db /home/runner/work/ozone/ozone/hadoop-ozone/integration-test/target/test-dir/MiniOzoneClusterImpl-5ce33d81-cd12-4481-bdd0-3091a3c691f6/datanode-4/data-0/containers/hdds/5ce33d81-cd12-4481-bdd0-3091a3c691f6/DS-a5c39b0c-6539-4615-82e7-ff98c1f93bf9/container.db to cache
2022-12-19 18:39:45,110 [EndpointStateMachine task thread for /0.0.0.0:43047 - 0 ] INFO  volume.HddsVolume (HddsVolume.java:createDbStore(307)) - SchemaV3 db is created and loaded at /home/runner/work/ozone/ozone/hadoop-ozone/integration-test/target/test-dir/MiniOzoneClusterImpl-5ce33d81-cd12-4481-bdd0-3091a3c691f6/datanode-4/data-0/containers/hdds/5ce33d81-cd12-4481-bdd0-3091a3c691f6/DS-a5c39b0c-6539-4615-82e7-ff98c1f93bf9/container.db for volume DS-a5c39b0c-6539-4615-82e7-ff98c1f93bf9
2022-12-19 18:39:45,110 [EndpointStateMachine task thread for /0.0.0.0:43047 - 0 ] INFO  ozoneimpl.OzoneContainer (OzoneContainer.java:start(395)) - Attempting to start container services.
2022-12-19 18:39:45,110 [EndpointStateMachine task thread for /0.0.0.0:43047 - 0 ] INFO  ozoneimpl.OzoneContainer (OzoneContainer.java:startContainerScrub(312)) - Scheduled background container scanners and the on-demand container scanner have been disabled.
2022-12-19 18:39:45,111 [EndpointStateMachine task thread for /0.0.0.0:43047 - 0 ] INFO  replication.ReplicationServer (ReplicationServer.java:start(106)) - ReplicationServer is started using port 35055
2022-12-19 18:39:45,112 [EndpointStateMachine task thread for /0.0.0.0:43047 - 0 ] INFO  ratis.XceiverServerRatis (XceiverServerRatis.java:start(517)) - Starting XceiverServerRatis f143390d-7c87-4621-8359-d245efaa75b3
2022-12-19 18:39:45,113 [EndpointStateMachine task thread for /0.0.0.0:43047 - 0 ] INFO  server.RaftServer (RaftServerProxy.java:startImpl(393)) - f143390d-7c87-4621-8359-d245efaa75b3: start RPC server
2022-12-19 18:39:45,114 [EndpointStateMachine task thread for /0.0.0.0:43047 - 0 ] INFO  server.GrpcService (GrpcService.java:startImpl(262)) - f143390d-7c87-4621-8359-d245efaa75b3: GrpcService started, listening on 44783
2022-12-19 18:39:45,114 [EndpointStateMachine task thread for /0.0.0.0:43047 - 0 ] INFO  ratis.XceiverServerRatis (XceiverServerRatis.java:getRealPort(543)) - XceiverServerRatis f143390d-7c87-4621-8359-d245efaa75b3 is started using port 44783 for RATIS
2022-12-19 18:39:45,114 [EndpointStateMachine task thread for /0.0.0.0:43047 - 0 ] INFO  ratis.XceiverServerRatis (XceiverServerRatis.java:getRealPort(543)) - XceiverServerRatis f143390d-7c87-4621-8359-d245efaa75b3 is started using port 44783 for RATIS_ADMIN
2022-12-19 18:39:45,114 [EndpointStateMachine task thread for /0.0.0.0:43047 - 0 ] INFO  ratis.XceiverServerRatis (XceiverServerRatis.java:getRealPort(543)) - XceiverServerRatis f143390d-7c87-4621-8359-d245efaa75b3 is started using port 44783 for RATIS_SERVER
2022-12-19 18:39:45,115 [EndpointStateMachine task thread for /0.0.0.0:43047 - 0 ] INFO  ratis.XceiverServerRatis (XceiverServerRatis.java:getRealPort(543)) - XceiverServerRatis f143390d-7c87-4621-8359-d245efaa75b3 is started using port 41301 for RATIS_DATASTREAM
2022-12-19 18:39:45,115 [JvmPauseMonitor16] INFO  util.JvmPauseMonitor (JvmPauseMonitor.java:run(105)) - JvmPauseMonitor-f143390d-7c87-4621-8359-d245efaa75b3: Started
2022-12-19 18:39:45,120 [EndpointStateMachine task thread for /0.0.0.0:43047 - 0 ] INFO  server.XceiverServerGrpc (XceiverServerGrpc.java:start(180)) - XceiverServerGrpc f143390d-7c87-4621-8359-d245efaa75b3 is started using port 41021
2022-12-19 18:39:45,362 [Listener at 127.0.0.1/39295] INFO  ozone.MiniOzoneClusterImpl (MiniOzoneClusterImpl.java:lambda$waitForClusterToBeReady$0(217)) - Waiting for nodes to be ready. Got 0 of 6 DN Heartbeats.
2022-12-19 18:39:45,363 [Listener at 127.0.0.1/39295] INFO  ozone.MiniOzoneClusterImpl (MiniOzoneClusterImpl.java:lambda$waitForClusterToBeReady$0(220)) - Waiting for cluster to exit safe mode
2022-12-19 18:39:45,363 [Listener at 127.0.0.1/39295] INFO  ozone.MiniOzoneClusterImpl (MiniOzoneClusterImpl.java:lambda$waitForClusterToBeReady$0(222)) - SCM became leader
2022-12-19 18:39:45,396 [EndpointStateMachine task thread for /0.0.0.0:43047 - 0 ] INFO  utils.DatanodeStoreCache (DatanodeStoreCache.java:addDB(58)) - Added db /home/runner/work/ozone/ozone/hadoop-ozone/integration-test/target/test-dir/MiniOzoneClusterImpl-5ce33d81-cd12-4481-bdd0-3091a3c691f6/datanode-5/data-0/containers/hdds/5ce33d81-cd12-4481-bdd0-3091a3c691f6/DS-7211c520-e3f5-4d49-851c-bda3b2e7168b/container.db to cache
2022-12-19 18:39:45,396 [EndpointStateMachine task thread for /0.0.0.0:43047 - 0 ] INFO  volume.HddsVolume (HddsVolume.java:createDbStore(307)) - SchemaV3 db is created and loaded at /home/runner/work/ozone/ozone/hadoop-ozone/integration-test/target/test-dir/MiniOzoneClusterImpl-5ce33d81-cd12-4481-bdd0-3091a3c691f6/datanode-5/data-0/containers/hdds/5ce33d81-cd12-4481-bdd0-3091a3c691f6/DS-7211c520-e3f5-4d49-851c-bda3b2e7168b/container.db for volume DS-7211c520-e3f5-4d49-851c-bda3b2e7168b
2022-12-19 18:39:45,396 [EndpointStateMachine task thread for /0.0.0.0:43047 - 0 ] INFO  ozoneimpl.OzoneContainer (OzoneContainer.java:start(395)) - Attempting to start container services.
2022-12-19 18:39:45,396 [EndpointStateMachine task thread for /0.0.0.0:43047 - 0 ] INFO  ozoneimpl.OzoneContainer (OzoneContainer.java:startContainerScrub(312)) - Scheduled background container scanners and the on-demand container scanner have been disabled.
2022-12-19 18:39:45,397 [EndpointStateMachine task thread for /0.0.0.0:43047 - 0 ] INFO  replication.ReplicationServer (ReplicationServer.java:start(106)) - ReplicationServer is started using port 42779
2022-12-19 18:39:45,398 [EndpointStateMachine task thread for /0.0.0.0:43047 - 0 ] INFO  ratis.XceiverServerRatis (XceiverServerRatis.java:start(517)) - Starting XceiverServerRatis 72a8f579-b929-42a4-a748-3b6f638fc788
2022-12-19 18:39:45,398 [EndpointStateMachine task thread for /0.0.0.0:43047 - 0 ] INFO  server.RaftServer (RaftServerProxy.java:startImpl(393)) - 72a8f579-b929-42a4-a748-3b6f638fc788: start RPC server
2022-12-19 18:39:45,399 [EndpointStateMachine task thread for /0.0.0.0:43047 - 0 ] INFO  server.GrpcService (GrpcService.java:startImpl(262)) - 72a8f579-b929-42a4-a748-3b6f638fc788: GrpcService started, listening on 40679
2022-12-19 18:39:45,400 [JvmPauseMonitor17] INFO  util.JvmPauseMonitor (JvmPauseMonitor.java:run(105)) - JvmPauseMonitor-72a8f579-b929-42a4-a748-3b6f638fc788: Started
2022-12-19 18:39:45,400 [EndpointStateMachine task thread for /0.0.0.0:43047 - 0 ] INFO  ratis.XceiverServerRatis (XceiverServerRatis.java:getRealPort(543)) - XceiverServerRatis 72a8f579-b929-42a4-a748-3b6f638fc788 is started using port 40679 for RATIS
2022-12-19 18:39:45,400 [EndpointStateMachine task thread for /0.0.0.0:43047 - 0 ] INFO  ratis.XceiverServerRatis (XceiverServerRatis.java:getRealPort(543)) - XceiverServerRatis 72a8f579-b929-42a4-a748-3b6f638fc788 is started using port 40679 for RATIS_ADMIN
2022-12-19 18:39:45,400 [EndpointStateMachine task thread for /0.0.0.0:43047 - 0 ] INFO  ratis.XceiverServerRatis (XceiverServerRatis.java:getRealPort(543)) - XceiverServerRatis 72a8f579-b929-42a4-a748-3b6f638fc788 is started using port 40679 for RATIS_SERVER
2022-12-19 18:39:45,400 [EndpointStateMachine task thread for /0.0.0.0:43047 - 0 ] INFO  ratis.XceiverServerRatis (XceiverServerRatis.java:getRealPort(543)) - XceiverServerRatis 72a8f579-b929-42a4-a748-3b6f638fc788 is started using port 37423 for RATIS_DATASTREAM
2022-12-19 18:39:45,401 [EndpointStateMachine task thread for /0.0.0.0:43047 - 0 ] INFO  server.XceiverServerGrpc (XceiverServerGrpc.java:start(180)) - XceiverServerGrpc 72a8f579-b929-42a4-a748-3b6f638fc788 is started using port 36531
2022-12-19 18:39:45,837 [IPC Server handler 1 on default port 43047] INFO  net.NetworkTopologyImpl (NetworkTopologyImpl.java:add(112)) - Added a new node: /default-rack/daa36c1e-9cf4-4c94-819a-0a52a71ceb67
2022-12-19 18:39:45,838 [IPC Server handler 1 on default port 43047] INFO  node.SCMNodeManager (SCMNodeManager.java:register(397)) - Registered Data node : daa36c1e-9cf4-4c94-819a-0a52a71ceb67{ip: 10.1.0.24, host: fv-az353-760.tkyx2seitsuu3nmpmouz2httfb.bx.internal.cloudapp.net, ports: [REPLICATION=38333, RATIS=37077, RATIS_ADMIN=37077, RATIS_SERVER=37077, RATIS_DATASTREAM=39585, STANDALONE=44229], networkLocation: /default-rack, certSerialId: null, persistedOpState: null, persistedOpStateExpiryEpochSec: 0}
2022-12-19 18:39:45,839 [EventQueue-NodeRegistrationContainerReportForContainerSafeModeRule] INFO  safemode.SCMSafeModeManager (SCMSafeModeManager.java:validateSafeModeExitRules(200)) - ContainerSafeModeRule rule is successfully validated
2022-12-19 18:39:45,839 [EventQueue-NodeRegistrationContainerReportForDataNodeSafeModeRule] INFO  safemode.SCMSafeModeManager (DataNodeSafeModeRule.java:process(71)) - SCM in safe mode. 1 DataNodes registered, 3 required.
2022-12-19 18:39:45,840 [EventQueue-PipelineReportForOneReplicaPipelineSafeModeRule] INFO  safemode.SCMSafeModeManager (SCMSafeModeManager.java:validateSafeModeExitRules(200)) - AtleastOneDatanodeReportedRule rule is successfully validated
2022-12-19 18:39:45,841 [EventQueue-NewNodeForNewNodeHandler] INFO  pipeline.BackgroundPipelineCreator (BackgroundPipelineCreator.java:notifyEventTriggered(276)) - trigger a one-shot run on RatisPipelineUtilsThread.
2022-12-19 18:39:46,144 [IPC Server handler 2 on default port 43047] INFO  net.NetworkTopologyImpl (NetworkTopologyImpl.java:add(112)) - Added a new node: /default-rack/bb729a89-1f9d-479b-ba94-fb09a3e8e4eb
2022-12-19 18:39:46,144 [IPC Server handler 2 on default port 43047] INFO  node.SCMNodeManager (SCMNodeManager.java:register(397)) - Registered Data node : bb729a89-1f9d-479b-ba94-fb09a3e8e4eb{ip: 10.1.0.24, host: fv-az353-760.tkyx2seitsuu3nmpmouz2httfb.bx.internal.cloudapp.net, ports: [REPLICATION=41589, RATIS=38595, RATIS_ADMIN=38595, RATIS_SERVER=38595, RATIS_DATASTREAM=37531, STANDALONE=36943], networkLocation: /default-rack, certSerialId: null, persistedOpState: null, persistedOpStateExpiryEpochSec: 0}
2022-12-19 18:39:46,145 [EventQueue-NewNodeForNewNodeHandler] INFO  pipeline.BackgroundPipelineCreator (BackgroundPipelineCreator.java:notifyEventTriggered(276)) - trigger a one-shot run on RatisPipelineUtilsThread.
2022-12-19 18:39:46,145 [EventQueue-NodeRegistrationContainerReportForDataNodeSafeModeRule] INFO  safemode.SCMSafeModeManager (DataNodeSafeModeRule.java:process(71)) - SCM in safe mode. 2 DataNodes registered, 3 required.
2022-12-19 18:39:46,363 [Listener at 127.0.0.1/39295] INFO  ozone.MiniOzoneClusterImpl (MiniOzoneClusterImpl.java:lambda$waitForClusterToBeReady$0(217)) - Waiting for nodes to be ready. Got 2 of 6 DN Heartbeats.
2022-12-19 18:39:46,363 [Listener at 127.0.0.1/39295] INFO  ozone.MiniOzoneClusterImpl (MiniOzoneClusterImpl.java:lambda$waitForClusterToBeReady$0(220)) - Waiting for cluster to exit safe mode
2022-12-19 18:39:46,363 [Listener at 127.0.0.1/39295] INFO  ozone.MiniOzoneClusterImpl (MiniOzoneClusterImpl.java:lambda$waitForClusterToBeReady$0(222)) - SCM became leader
2022-12-19 18:39:46,450 [IPC Server handler 3 on default port 43047] INFO  net.NetworkTopologyImpl (NetworkTopologyImpl.java:add(112)) - Added a new node: /default-rack/12d62a03-33f5-4ac8-ab31-68f2c1a01619
2022-12-19 18:39:46,450 [IPC Server handler 3 on default port 43047] INFO  node.SCMNodeManager (SCMNodeManager.java:register(397)) - Registered Data node : 12d62a03-33f5-4ac8-ab31-68f2c1a01619{ip: 10.1.0.24, host: fv-az353-760.tkyx2seitsuu3nmpmouz2httfb.bx.internal.cloudapp.net, ports: [REPLICATION=43975, RATIS=44073, RATIS_ADMIN=44073, RATIS_SERVER=44073, RATIS_DATASTREAM=40631, STANDALONE=41093], networkLocation: /default-rack, certSerialId: null, persistedOpState: null, persistedOpStateExpiryEpochSec: 0}
2022-12-19 18:39:46,450 [EventQueue-NewNodeForNewNodeHandler] INFO  pipeline.BackgroundPipelineCreator (BackgroundPipelineCreator.java:notifyEventTriggered(276)) - trigger a one-shot run on RatisPipelineUtilsThread.
2022-12-19 18:39:46,451 [EventQueue-NodeRegistrationContainerReportForDataNodeSafeModeRule] INFO  safemode.SCMSafeModeManager (DataNodeSafeModeRule.java:process(71)) - SCM in safe mode. 3 DataNodes registered, 3 required.
2022-12-19 18:39:46,451 [EventQueue-NodeRegistrationContainerReportForDataNodeSafeModeRule] INFO  safemode.SCMSafeModeManager (SCMSafeModeManager.java:validateSafeModeExitRules(200)) - DataNodeSafeModeRule rule is successfully validated
2022-12-19 18:39:46,451 [EventQueue-NodeRegistrationContainerReportForDataNodeSafeModeRule] INFO  safemode.SCMSafeModeManager (SCMSafeModeManager.java:completePreCheck(229)) - All SCM safe mode pre check rules have passed
2022-12-19 18:39:46,451 [EventQueue-NodeRegistrationContainerReportForDataNodeSafeModeRule] INFO  ha.SCMContext (SCMContext.java:updateSafeModeStatus(228)) - Update SafeModeStatus from SafeModeStatus{safeModeStatus=true, preCheckPassed=false} to SafeModeStatus{safeModeStatus=true, preCheckPassed=true}.
2022-12-19 18:39:46,451 [EventQueue-NodeRegistrationContainerReportForDataNodeSafeModeRule] INFO  pipeline.BackgroundPipelineCreator (BackgroundPipelineCreator.java:notifyEventTriggered(276)) - trigger a one-shot run on RatisPipelineUtilsThread.
2022-12-19 18:39:46,452 [RatisPipelineUtilsThread - 0] INFO  pipeline.RatisPipelineProvider (RatisPipelineProvider.java:lambda$create$0(206)) - Sending CreatePipelineCommand for pipeline:PipelineID=2b906007-ef20-4957-b68f-0837f8c12971 to datanode:12d62a03-33f5-4ac8-ab31-68f2c1a01619
2022-12-19 18:39:46,452 [RatisPipelineUtilsThread - 0] INFO  pipeline.RatisPipelineProvider (RatisPipelineProvider.java:lambda$create$0(206)) - Sending CreatePipelineCommand for pipeline:PipelineID=2b906007-ef20-4957-b68f-0837f8c12971 to datanode:daa36c1e-9cf4-4c94-819a-0a52a71ceb67
2022-12-19 18:39:46,452 [RatisPipelineUtilsThread - 0] INFO  pipeline.RatisPipelineProvider (RatisPipelineProvider.java:lambda$create$0(206)) - Sending CreatePipelineCommand for pipeline:PipelineID=2b906007-ef20-4957-b68f-0837f8c12971 to datanode:bb729a89-1f9d-479b-ba94-fb09a3e8e4eb
2022-12-19 18:39:46,453 [RatisPipelineUtilsThread - 0] INFO  pipeline.PipelineStateManagerImpl (PipelineStateManagerImpl.java:addPipeline(103)) - Created pipeline Pipeline[ Id: 2b906007-ef20-4957-b68f-0837f8c12971, Nodes: 12d62a03-33f5-4ac8-ab31-68f2c1a01619{ip: 10.1.0.24, host: fv-az353-760.tkyx2seitsuu3nmpmouz2httfb.bx.internal.cloudapp.net, ports: [REPLICATION=43975, RATIS=44073, RATIS_ADMIN=44073, RATIS_SERVER=44073, RATIS_DATASTREAM=40631, STANDALONE=41093], networkLocation: /default-rack, certSerialId: null, persistedOpState: IN_SERVICE, persistedOpStateExpiryEpochSec: 0}daa36c1e-9cf4-4c94-819a-0a52a71ceb67{ip: 10.1.0.24, host: fv-az353-760.tkyx2seitsuu3nmpmouz2httfb.bx.internal.cloudapp.net, ports: [REPLICATION=38333, RATIS=37077, RATIS_ADMIN=37077, RATIS_SERVER=37077, RATIS_DATASTREAM=39585, STANDALONE=44229], networkLocation: /default-rack, certSerialId: null, persistedOpState: IN_SERVICE, persistedOpStateExpiryEpochSec: 0}bb729a89-1f9d-479b-ba94-fb09a3e8e4eb{ip: 10.1.0.24, host: fv-az353-760.tkyx2seitsuu3nmpmouz2httfb.bx.internal.cloudapp.net, ports: [REPLICATION=41589, RATIS=38595, RATIS_ADMIN=38595, RATIS_SERVER=38595, RATIS_DATASTREAM=37531, STANDALONE=36943], networkLocation: /default-rack, certSerialId: null, persistedOpState: IN_SERVICE, persistedOpStateExpiryEpochSec: 0}, ReplicationConfig: RATIS/THREE, State:ALLOCATED, leaderId:, CreationTimestamp2022-12-19T18:39:46.452Z[Etc/UTC]].
2022-12-19 18:39:46,453 [RatisPipelineUtilsThread - 0] INFO  pipeline.RatisPipelineProvider (RatisPipelineProvider.java:lambda$create$0(206)) - Sending CreatePipelineCommand for pipeline:PipelineID=ab9d739f-0530-43cf-bfdf-36058ed0b8a3 to datanode:bb729a89-1f9d-479b-ba94-fb09a3e8e4eb
2022-12-19 18:39:46,453 [RatisPipelineUtilsThread - 0] INFO  pipeline.RatisPipelineProvider (RatisPipelineProvider.java:lambda$create$0(206)) - Sending CreatePipelineCommand for pipeline:PipelineID=ab9d739f-0530-43cf-bfdf-36058ed0b8a3 to datanode:daa36c1e-9cf4-4c94-819a-0a52a71ceb67
2022-12-19 18:39:46,453 [RatisPipelineUtilsThread - 0] INFO  pipeline.RatisPipelineProvider (RatisPipelineProvider.java:lambda$create$0(206)) - Sending CreatePipelineCommand for pipeline:PipelineID=ab9d739f-0530-43cf-bfdf-36058ed0b8a3 to datanode:12d62a03-33f5-4ac8-ab31-68f2c1a01619
2022-12-19 18:39:46,454 [RatisPipelineUtilsThread - 0] INFO  pipeline.PipelineStateManagerImpl (PipelineStateManagerImpl.java:addPipeline(103)) - Created pipeline Pipeline[ Id: ab9d739f-0530-43cf-bfdf-36058ed0b8a3, Nodes: bb729a89-1f9d-479b-ba94-fb09a3e8e4eb{ip: 10.1.0.24, host: fv-az353-760.tkyx2seitsuu3nmpmouz2httfb.bx.internal.cloudapp.net, ports: [REPLICATION=41589, RATIS=38595, RATIS_ADMIN=38595, RATIS_SERVER=38595, RATIS_DATASTREAM=37531, STANDALONE=36943], networkLocation: /default-rack, certSerialId: null, persistedOpState: IN_SERVICE, persistedOpStateExpiryEpochSec: 0}daa36c1e-9cf4-4c94-819a-0a52a71ceb67{ip: 10.1.0.24, host: fv-az353-760.tkyx2seitsuu3nmpmouz2httfb.bx.internal.cloudapp.net, ports: [REPLICATION=38333, RATIS=37077, RATIS_ADMIN=37077, RATIS_SERVER=37077, RATIS_DATASTREAM=39585, STANDALONE=44229], networkLocation: /default-rack, certSerialId: null, persistedOpState: IN_SERVICE, persistedOpStateExpiryEpochSec: 0}12d62a03-33f5-4ac8-ab31-68f2c1a01619{ip: 10.1.0.24, host: fv-az353-760.tkyx2seitsuu3nmpmouz2httfb.bx.internal.cloudapp.net, ports: [REPLICATION=43975, RATIS=44073, RATIS_ADMIN=44073, RATIS_SERVER=44073, RATIS_DATASTREAM=40631, STANDALONE=41093], networkLocation: /default-rack, certSerialId: null, persistedOpState: IN_SERVICE, persistedOpStateExpiryEpochSec: 0}, ReplicationConfig: RATIS/THREE, State:ALLOCATED, leaderId:, CreationTimestamp2022-12-19T18:39:46.453Z[Etc/UTC]].
2022-12-19 18:39:46,454 [RatisPipelineUtilsThread - 0] INFO  pipeline.PipelineManagerImpl (PipelineManagerImpl.java:recordMetricsForPipeline(826)) - Pipeline: PipelineID=ab9d739f-0530-43cf-bfdf-36058ed0b8a3 contains same datanodes as previous pipelines: PipelineID=2b906007-ef20-4957-b68f-0837f8c12971 nodeIds: bb729a89-1f9d-479b-ba94-fb09a3e8e4eb, daa36c1e-9cf4-4c94-819a-0a52a71ceb67, 12d62a03-33f5-4ac8-ab31-68f2c1a01619
2022-12-19 18:39:46,454 [RatisPipelineUtilsThread - 0] WARN  pipeline.PipelinePlacementPolicy (PipelinePlacementPolicy.java:filterViableNodes(158)) - Pipeline creation failed due to no sufficient healthy datanodes. Required 3. Found 0.
2022-12-19 18:39:46,790 [IPC Server handler 0 on default port 43047] INFO  net.NetworkTopologyImpl (NetworkTopologyImpl.java:add(112)) - Added a new node: /default-rack/156d136a-08eb-462a-8e45-2bca38fc9d49
2022-12-19 18:39:46,791 [IPC Server handler 0 on default port 43047] INFO  node.SCMNodeManager (SCMNodeManager.java:register(397)) - Registered Data node : 156d136a-08eb-462a-8e45-2bca38fc9d49{ip: 10.1.0.24, host: fv-az353-760.tkyx2seitsuu3nmpmouz2httfb.bx.internal.cloudapp.net, ports: [REPLICATION=35037, RATIS=44445, RATIS_ADMIN=44445, RATIS_SERVER=44445, RATIS_DATASTREAM=42007, STANDALONE=36571], networkLocation: /default-rack, certSerialId: null, persistedOpState: null, persistedOpStateExpiryEpochSec: 0}
2022-12-19 18:39:46,792 [EventQueue-NewNodeForNewNodeHandler] INFO  pipeline.BackgroundPipelineCreator (BackgroundPipelineCreator.java:notifyEventTriggered(276)) - trigger a one-shot run on RatisPipelineUtilsThread.
2022-12-19 18:39:46,792 [RatisPipelineUtilsThread - 0] WARN  pipeline.PipelinePlacementPolicy (PipelinePlacementPolicy.java:filterViableNodes(158)) - Pipeline creation failed due to no sufficient healthy datanodes. Required 3. Found 1.
2022-12-19 18:39:47,079 [IPC Server handler 2 on default port 43047] INFO  net.NetworkTopologyImpl (NetworkTopologyImpl.java:add(112)) - Added a new node: /default-rack/f143390d-7c87-4621-8359-d245efaa75b3
2022-12-19 18:39:47,079 [IPC Server handler 2 on default port 43047] INFO  node.SCMNodeManager (SCMNodeManager.java:register(397)) - Registered Data node : f143390d-7c87-4621-8359-d245efaa75b3{ip: 10.1.0.24, host: fv-az353-760.tkyx2seitsuu3nmpmouz2httfb.bx.internal.cloudapp.net, ports: [REPLICATION=35055, RATIS=44783, RATIS_ADMIN=44783, RATIS_SERVER=44783, RATIS_DATASTREAM=41301, STANDALONE=41021], networkLocation: /default-rack, certSerialId: null, persistedOpState: null, persistedOpStateExpiryEpochSec: 0}
2022-12-19 18:39:47,080 [EventQueue-NewNodeForNewNodeHandler] INFO  pipeline.BackgroundPipelineCreator (BackgroundPipelineCreator.java:notifyEventTriggered(276)) - trigger a one-shot run on RatisPipelineUtilsThread.
2022-12-19 18:39:47,081 [RatisPipelineUtilsThread - 0] WARN  pipeline.PipelinePlacementPolicy (PipelinePlacementPolicy.java:filterViableNodes(158)) - Pipeline creation failed due to no sufficient healthy datanodes. Required 3. Found 2.
2022-12-19 18:39:47,364 [Listener at 127.0.0.1/39295] INFO  ozone.MiniOzoneClusterImpl (MiniOzoneClusterImpl.java:lambda$waitForClusterToBeReady$0(217)) - Waiting for nodes to be ready. Got 5 of 6 DN Heartbeats.
2022-12-19 18:39:47,364 [Listener at 127.0.0.1/39295] INFO  ozone.MiniOzoneClusterImpl (MiniOzoneClusterImpl.java:lambda$waitForClusterToBeReady$0(220)) - Waiting for cluster to exit safe mode
2022-12-19 18:39:47,364 [Listener at 127.0.0.1/39295] INFO  ozone.MiniOzoneClusterImpl (MiniOzoneClusterImpl.java:lambda$waitForClusterToBeReady$0(222)) - SCM became leader
2022-12-19 18:39:47,370 [IPC Server handler 3 on default port 43047] INFO  net.NetworkTopologyImpl (NetworkTopologyImpl.java:add(112)) - Added a new node: /default-rack/72a8f579-b929-42a4-a748-3b6f638fc788
2022-12-19 18:39:47,370 [IPC Server handler 3 on default port 43047] INFO  node.SCMNodeManager (SCMNodeManager.java:register(397)) - Registered Data node : 72a8f579-b929-42a4-a748-3b6f638fc788{ip: 10.1.0.24, host: fv-az353-760.tkyx2seitsuu3nmpmouz2httfb.bx.internal.cloudapp.net, ports: [REPLICATION=42779, RATIS=40679, RATIS_ADMIN=40679, RATIS_SERVER=40679, RATIS_DATASTREAM=37423, STANDALONE=36531], networkLocation: /default-rack, certSerialId: null, persistedOpState: null, persistedOpStateExpiryEpochSec: 0}
2022-12-19 18:39:47,370 [EventQueue-NewNodeForNewNodeHandler] INFO  pipeline.BackgroundPipelineCreator (BackgroundPipelineCreator.java:notifyEventTriggered(276)) - trigger a one-shot run on RatisPipelineUtilsThread.
2022-12-19 18:39:47,371 [RatisPipelineUtilsThread - 0] INFO  pipeline.RatisPipelineProvider (RatisPipelineProvider.java:lambda$create$0(206)) - Sending CreatePipelineCommand for pipeline:PipelineID=6e6fa98d-bd67-42c3-841f-1926f592e147 to datanode:f143390d-7c87-4621-8359-d245efaa75b3
2022-12-19 18:39:47,371 [RatisPipelineUtilsThread - 0] INFO  pipeline.RatisPipelineProvider (RatisPipelineProvider.java:lambda$create$0(206)) - Sending CreatePipelineCommand for pipeline:PipelineID=6e6fa98d-bd67-42c3-841f-1926f592e147 to datanode:72a8f579-b929-42a4-a748-3b6f638fc788
2022-12-19 18:39:47,371 [RatisPipelineUtilsThread - 0] INFO  pipeline.RatisPipelineProvider (RatisPipelineProvider.java:lambda$create$0(206)) - Sending CreatePipelineCommand for pipeline:PipelineID=6e6fa98d-bd67-42c3-841f-1926f592e147 to datanode:156d136a-08eb-462a-8e45-2bca38fc9d49
2022-12-19 18:39:47,371 [RatisPipelineUtilsThread - 0] INFO  pipeline.PipelineStateManagerImpl (PipelineStateManagerImpl.java:addPipeline(103)) - Created pipeline Pipeline[ Id: 6e6fa98d-bd67-42c3-841f-1926f592e147, Nodes: f143390d-7c87-4621-8359-d245efaa75b3{ip: 10.1.0.24, host: fv-az353-760.tkyx2seitsuu3nmpmouz2httfb.bx.internal.cloudapp.net, ports: [REPLICATION=35055, RATIS=44783, RATIS_ADMIN=44783, RATIS_SERVER=44783, RATIS_DATASTREAM=41301, STANDALONE=41021], networkLocation: /default-rack, certSerialId: null, persistedOpState: IN_SERVICE, persistedOpStateExpiryEpochSec: 0}72a8f579-b929-42a4-a748-3b6f638fc788{ip: 10.1.0.24, host: fv-az353-760.tkyx2seitsuu3nmpmouz2httfb.bx.internal.cloudapp.net, ports: [REPLICATION=42779, RATIS=40679, RATIS_ADMIN=40679, RATIS_SERVER=40679, RATIS_DATASTREAM=37423, STANDALONE=36531], networkLocation: /default-rack, certSerialId: null, persistedOpState: IN_SERVICE, persistedOpStateExpiryEpochSec: 0}156d136a-08eb-462a-8e45-2bca38fc9d49{ip: 10.1.0.24, host: fv-az353-760.tkyx2seitsuu3nmpmouz2httfb.bx.internal.cloudapp.net, ports: [REPLICATION=35037, RATIS=44445, RATIS_ADMIN=44445, RATIS_SERVER=44445, RATIS_DATASTREAM=42007, STANDALONE=36571], networkLocation: /default-rack, certSerialId: null, persistedOpState: IN_SERVICE, persistedOpStateExpiryEpochSec: 0}, ReplicationConfig: RATIS/THREE, State:ALLOCATED, leaderId:, CreationTimestamp2022-12-19T18:39:47.371Z[Etc/UTC]].
2022-12-19 18:39:47,372 [RatisPipelineUtilsThread - 0] INFO  pipeline.RatisPipelineProvider (RatisPipelineProvider.java:lambda$create$0(206)) - Sending CreatePipelineCommand for pipeline:PipelineID=8916cdba-4d62-42e3-999c-681fbc8f75c3 to datanode:156d136a-08eb-462a-8e45-2bca38fc9d49
2022-12-19 18:39:47,372 [RatisPipelineUtilsThread - 0] INFO  pipeline.RatisPipelineProvider (RatisPipelineProvider.java:lambda$create$0(206)) - Sending CreatePipelineCommand for pipeline:PipelineID=8916cdba-4d62-42e3-999c-681fbc8f75c3 to datanode:f143390d-7c87-4621-8359-d245efaa75b3
2022-12-19 18:39:47,372 [RatisPipelineUtilsThread - 0] INFO  pipeline.RatisPipelineProvider (RatisPipelineProvider.java:lambda$create$0(206)) - Sending CreatePipelineCommand for pipeline:PipelineID=8916cdba-4d62-42e3-999c-681fbc8f75c3 to datanode:72a8f579-b929-42a4-a748-3b6f638fc788
2022-12-19 18:39:47,372 [RatisPipelineUtilsThread - 0] INFO  pipeline.PipelineStateManagerImpl (PipelineStateManagerImpl.java:addPipeline(103)) - Created pipeline Pipeline[ Id: 8916cdba-4d62-42e3-999c-681fbc8f75c3, Nodes: 156d136a-08eb-462a-8e45-2bca38fc9d49{ip: 10.1.0.24, host: fv-az353-760.tkyx2seitsuu3nmpmouz2httfb.bx.internal.cloudapp.net, ports: [REPLICATION=35037, RATIS=44445, RATIS_ADMIN=44445, RATIS_SERVER=44445, RATIS_DATASTREAM=42007, STANDALONE=36571], networkLocation: /default-rack, certSerialId: null, persistedOpState: IN_SERVICE, persistedOpStateExpiryEpochSec: 0}f143390d-7c87-4621-8359-d245efaa75b3{ip: 10.1.0.24, host: fv-az353-760.tkyx2seitsuu3nmpmouz2httfb.bx.internal.cloudapp.net, ports: [REPLICATION=35055, RATIS=44783, RATIS_ADMIN=44783, RATIS_SERVER=44783, RATIS_DATASTREAM=41301, STANDALONE=41021], networkLocation: /default-rack, certSerialId: null, persistedOpState: IN_SERVICE, persistedOpStateExpiryEpochSec: 0}72a8f579-b929-42a4-a748-3b6f638fc788{ip: 10.1.0.24, host: fv-az353-760.tkyx2seitsuu3nmpmouz2httfb.bx.internal.cloudapp.net, ports: [REPLICATION=42779, RATIS=40679, RATIS_ADMIN=40679, RATIS_SERVER=40679, RATIS_DATASTREAM=37423, STANDALONE=36531], networkLocation: /default-rack, certSerialId: null, persistedOpState: IN_SERVICE, persistedOpStateExpiryEpochSec: 0}, ReplicationConfig: RATIS/THREE, State:ALLOCATED, leaderId:, CreationTimestamp2022-12-19T18:39:47.372Z[Etc/UTC]].
2022-12-19 18:39:47,372 [RatisPipelineUtilsThread - 0] INFO  pipeline.PipelineManagerImpl (PipelineManagerImpl.java:recordMetricsForPipeline(826)) - Pipeline: PipelineID=8916cdba-4d62-42e3-999c-681fbc8f75c3 contains same datanodes as previous pipelines: PipelineID=6e6fa98d-bd67-42c3-841f-1926f592e147 nodeIds: 156d136a-08eb-462a-8e45-2bca38fc9d49, f143390d-7c87-4621-8359-d245efaa75b3, 72a8f579-b929-42a4-a748-3b6f638fc788
2022-12-19 18:39:47,373 [RatisPipelineUtilsThread - 0] WARN  pipeline.PipelinePlacementPolicy (PipelinePlacementPolicy.java:filterViableNodes(158)) - Pipeline creation failed due to no sufficient healthy datanodes. Required 3. Found 0.
2022-12-19 18:39:47,840 [EventQueue-CommandQueueReportForCommandQueueReportHandler] WARN  events.EventQueue (EventQueue.java:fireEvent(216)) - No event handler registered for event TypedEvent{payloadType=DatanodeDetails, name='Datanode_Command_Queue_Updated'}
2022-12-19 18:39:48,143 [EventQueue-CommandQueueReportForCommandQueueReportHandler] WARN  events.EventQueue (EventQueue.java:fireEvent(216)) - No event handler registered for event TypedEvent{payloadType=DatanodeDetails, name='Datanode_Command_Queue_Updated'}
2022-12-19 18:39:48,364 [Listener at 127.0.0.1/39295] INFO  ozone.MiniOzoneClusterImpl (MiniOzoneClusterImpl.java:lambda$waitForClusterToBeReady$0(217)) - Nodes are ready. Got 6 of 6 DN Heartbeats.
2022-12-19 18:39:48,364 [Listener at 127.0.0.1/39295] INFO  ozone.MiniOzoneClusterImpl (MiniOzoneClusterImpl.java:lambda$waitForClusterToBeReady$0(220)) - Waiting for cluster to exit safe mode
2022-12-19 18:39:48,364 [Listener at 127.0.0.1/39295] INFO  ozone.MiniOzoneClusterImpl (MiniOzoneClusterImpl.java:lambda$waitForClusterToBeReady$0(222)) - SCM became leader
2022-12-19 18:39:48,450 [EventQueue-CommandQueueReportForCommandQueueReportHandler] WARN  events.EventQueue (EventQueue.java:fireEvent(216)) - No event handler registered for event TypedEvent{payloadType=DatanodeDetails, name='Datanode_Command_Queue_Updated'}
2022-12-19 18:39:48,791 [EventQueue-CommandQueueReportForCommandQueueReportHandler] WARN  events.EventQueue (EventQueue.java:fireEvent(216)) - No event handler registered for event TypedEvent{payloadType=DatanodeDetails, name='Datanode_Command_Queue_Updated'}
2022-12-19 18:39:48,837 [Command processor thread] INFO  server.RaftServer (RaftServerProxy.java:addNew(96)) - daa36c1e-9cf4-4c94-819a-0a52a71ceb67: addNew group-0837F8C12971:[daa36c1e-9cf4-4c94-819a-0a52a71ceb67|rpc:10.1.0.24:37077|dataStream:10.1.0.24:39585|priority:0|startupRole:FOLLOWER, bb729a89-1f9d-479b-ba94-fb09a3e8e4eb|rpc:10.1.0.24:38595|dataStream:10.1.0.24:37531|priority:0|startupRole:FOLLOWER, 12d62a03-33f5-4ac8-ab31-68f2c1a01619|rpc:10.1.0.24:44073|dataStream:10.1.0.24:40631|priority:1|startupRole:FOLLOWER] returns group-0837F8C12971:java.util.concurrent.CompletableFuture@450ad201[Not completed]
2022-12-19 18:39:48,839 [pool-541-thread-1] INFO  server.RaftServer$Division (RaftServerImpl.java:<init>(195)) - daa36c1e-9cf4-4c94-819a-0a52a71ceb67: new RaftServerImpl for group-0837F8C12971:[daa36c1e-9cf4-4c94-819a-0a52a71ceb67|rpc:10.1.0.24:37077|dataStream:10.1.0.24:39585|priority:0|startupRole:FOLLOWER, bb729a89-1f9d-479b-ba94-fb09a3e8e4eb|rpc:10.1.0.24:38595|dataStream:10.1.0.24:37531|priority:0|startupRole:FOLLOWER, 12d62a03-33f5-4ac8-ab31-68f2c1a01619|rpc:10.1.0.24:44073|dataStream:10.1.0.24:40631|priority:1|startupRole:FOLLOWER] with ContainerStateMachine:uninitialized
2022-12-19 18:39:48,839 [pool-541-thread-1] INFO  server.RaftServerConfigKeys (ConfUtils.java:logGet(46)) - raft.server.rpc.timeout.min = 5s (custom)
2022-12-19 18:39:48,840 [pool-541-thread-1] INFO  server.RaftServerConfigKeys (ConfUtils.java:logGet(46)) - raft.server.rpc.timeout.max = 5200ms (custom)
2022-12-19 18:39:48,840 [pool-541-thread-1] INFO  server.RaftServerConfigKeys (ConfUtils.java:logGet(46)) - raft.server.rpc.sleep.time = 25ms (default)
2022-12-19 18:39:48,840 [pool-541-thread-1] INFO  server.RaftServerConfigKeys (ConfUtils.java:logGet(46)) - raft.server.rpc.slowness.timeout = 300s (custom)
2022-12-19 18:39:48,840 [pool-541-thread-1] INFO  server.RaftServerConfigKeys (ConfUtils.java:logGet(46)) - raft.server.leaderelection.leader.step-down.wait-time = 10s (default)
2022-12-19 18:39:48,840 [pool-541-thread-1] INFO  server.RaftServerConfigKeys (ConfUtils.java:logGet(46)) - raft.server.sleep.deviation.threshold = 300ms (default)
2022-12-19 18:39:48,840 [pool-541-thread-1] INFO  server.RaftServer$Division (ServerState.java:<init>(118)) - daa36c1e-9cf4-4c94-819a-0a52a71ceb67@group-0837F8C12971: ConfigurationManager, init=-1: peers:[daa36c1e-9cf4-4c94-819a-0a52a71ceb67|rpc:10.1.0.24:37077|dataStream:10.1.0.24:39585|priority:0|startupRole:FOLLOWER, bb729a89-1f9d-479b-ba94-fb09a3e8e4eb|rpc:10.1.0.24:38595|dataStream:10.1.0.24:37531|priority:0|startupRole:FOLLOWER, 12d62a03-33f5-4ac8-ab31-68f2c1a01619|rpc:10.1.0.24:44073|dataStream:10.1.0.24:40631|priority:1|startupRole:FOLLOWER]|listeners:[], old=null, confs=<EMPTY_MAP>
2022-12-19 18:39:48,840 [pool-541-thread-1] INFO  server.RaftServerConfigKeys (ConfUtils.java:logGet(46)) - raft.server.storage.dir = [/home/runner/work/ozone/ozone/hadoop-ozone/integration-test/target/test-dir/MiniOzoneClusterImpl-5ce33d81-cd12-4481-bdd0-3091a3c691f6/datanode-0/data/ratis] (custom)
2022-12-19 18:39:48,840 [pool-541-thread-1] INFO  server.RaftServerConfigKeys (ConfUtils.java:logGet(46)) - raft.server.log.corruption.policy = EXCEPTION (default)
2022-12-19 18:39:48,840 [pool-541-thread-1] INFO  server.RaftServerConfigKeys (ConfUtils.java:logGet(46)) - raft.server.storage.free-space.min = 0MB (=0) (default)
2022-12-19 18:39:48,840 [pool-541-thread-1] INFO  server.RaftServerConfigKeys (ConfUtils.java:logGet(46)) - raft.server.notification.no-leader.timeout = 300s (custom)
2022-12-19 18:39:48,840 [pool-541-thread-1] INFO  server.RaftServerConfigKeys (ConfUtils.java:logGet(46)) - raft.server.retrycache.expirytime = 600000ms (custom)
2022-12-19 18:39:48,840 [pool-541-thread-1] INFO  server.RaftServerConfigKeys (ConfUtils.java:logGet(46)) - raft.server.retrycache.statistics.expirytime = 100μs (default)
2022-12-19 18:39:48,841 [pool-541-thread-1] INFO  server.RaftServerConfigKeys (ConfUtils.java:logGet(46)) - raft.server.log.appender.install.snapshot.enabled = false (custom)
2022-12-19 18:39:48,841 [pool-541-thread-1] INFO  server.RaftServerConfigKeys (ConfUtils.java:logGet(46)) - raft.server.threadpool.server.cached = true (default)
2022-12-19 18:39:48,841 [pool-541-thread-1] INFO  server.RaftServerConfigKeys (ConfUtils.java:logGet(46)) - raft.server.threadpool.server.size = 0 (default)
2022-12-19 18:39:48,841 [pool-541-thread-1] INFO  server.RaftServerConfigKeys (ConfUtils.java:logGet(46)) - raft.server.threadpool.client.cached = true (default)
2022-12-19 18:39:48,841 [pool-541-thread-1] INFO  server.RaftServerConfigKeys (ConfUtils.java:logGet(46)) - raft.server.threadpool.client.size = 0 (default)
2022-12-19 18:39:48,841 [pool-541-thread-1] INFO  storage.RaftStorageDirectory (RaftStorageDirectoryImpl.java:analyzeStorage(137)) - The storage directory /home/runner/work/ozone/ozone/hadoop-ozone/integration-test/target/test-dir/MiniOzoneClusterImpl-5ce33d81-cd12-4481-bdd0-3091a3c691f6/datanode-0/data/ratis/2b906007-ef20-4957-b68f-0837f8c12971 does not exist. Creating ...
2022-12-19 18:39:48,843 [pool-541-thread-1] INFO  storage.RaftStorageDirectory (RaftStorageDirectoryImpl.java:tryLock(231)) - Lock on /home/runner/work/ozone/ozone/hadoop-ozone/integration-test/target/test-dir/MiniOzoneClusterImpl-5ce33d81-cd12-4481-bdd0-3091a3c691f6/datanode-0/data/ratis/2b906007-ef20-4957-b68f-0837f8c12971/in_use.lock acquired by nodename 10449@fv-az353-760
2022-12-19 18:39:48,844 [pool-541-thread-1] INFO  storage.RaftStorage (RaftStorageImpl.java:format(96)) - Storage directory /home/runner/work/ozone/ozone/hadoop-ozone/integration-test/target/test-dir/MiniOzoneClusterImpl-5ce33d81-cd12-4481-bdd0-3091a3c691f6/datanode-0/data/ratis/2b906007-ef20-4957-b68f-0837f8c12971 has been successfully formatted.
2022-12-19 18:39:48,846 [pool-541-thread-1] INFO  ratis.ContainerStateMachine (ContainerStateMachine.java:loadSnapshot(240)) - group-0837F8C12971: The snapshot info is null. Setting the last applied indexto:(t:0, i:~)
2022-12-19 18:39:48,846 [EventQueue-CommandQueueReportForCommandQueueReportHandler] WARN  events.EventQueue (EventQueue.java:fireEvent(216)) - No event handler registered for event TypedEvent{payloadType=DatanodeDetails, name='Datanode_Command_Queue_Updated'}
2022-12-19 18:39:48,847 [pool-541-thread-1] INFO  server.RaftServerConfigKeys (ConfUtils.java:logGet(46)) - raft.server.log.use.memory = false (default)
2022-12-19 18:39:48,847 [pool-541-thread-1] INFO  server.RaftServerConfigKeys (ConfUtils.java:logGet(46)) - raft.server.log.purge.gap = 1000000 (custom)
2022-12-19 18:39:48,847 [pool-541-thread-1] INFO  server.RaftServerConfigKeys (ConfUtils.java:logGet(46)) - raft.server.log.appender.buffer.byte-limit = 33554432 (custom)
2022-12-19 18:39:48,847 [pool-541-thread-1] INFO  server.RaftServerConfigKeys (ConfUtils.java:logGet(46)) - raft.server.log.statemachine.data.read.timeout = 1000ms (default)
2022-12-19 18:39:48,847 [pool-541-thread-1] INFO  server.RaftServerConfigKeys (ConfUtils.java:logGet(46)) - raft.server.log.purge.preservation.log.num = 0 (default)
2022-12-19 18:39:48,847 [pool-541-thread-1] INFO  server.RaftServerConfigKeys (ConfUtils.java:logGet(46)) - raft.server.log.segment.size.max = 1048576 (custom)
2022-12-19 18:39:48,848 [pool-541-thread-1] INFO  server.RaftServerConfigKeys (ConfUtils.java:logGet(46)) - raft.server.log.segment.cache.num.max = 2 (custom)
2022-12-19 18:39:48,848 [pool-541-thread-1] INFO  server.RaftServerConfigKeys (ConfUtils.java:logGet(46)) - raft.server.log.segment.cache.size.max = 200MB (=209715200) (default)
2022-12-19 18:39:48,848 [pool-541-thread-1] INFO  segmented.SegmentedRaftLogWorker (SegmentedRaftLogWorker.java:<init>(189)) - new daa36c1e-9cf4-4c94-819a-0a52a71ceb67@group-0837F8C12971-SegmentedRaftLogWorker for RaftStorageImpl:Storage Directory /home/runner/work/ozone/ozone/hadoop-ozone/integration-test/target/test-dir/MiniOzoneClusterImpl-5ce33d81-cd12-4481-bdd0-3091a3c691f6/datanode-0/data/ratis/2b906007-ef20-4957-b68f-0837f8c12971
2022-12-19 18:39:48,848 [pool-541-thread-1] INFO  server.RaftServerConfigKeys (ConfUtils.java:logGet(46)) - raft.server.log.queue.byte-limit = 4294967296 (custom)
2022-12-19 18:39:48,848 [pool-541-thread-1] INFO  server.RaftServerConfigKeys (ConfUtils.java:logGet(46)) - raft.server.log.queue.element-limit = 1024 (custom)
2022-12-19 18:39:48,848 [pool-541-thread-1] INFO  server.RaftServerConfigKeys (ConfUtils.java:logGet(46)) - raft.server.log.segment.size.max = 1048576 (custom)
2022-12-19 18:39:48,848 [pool-541-thread-1] INFO  server.RaftServerConfigKeys (ConfUtils.java:logGet(46)) - raft.server.log.preallocated.size = 16384 (custom)
2022-12-19 18:39:48,848 [pool-541-thread-1] INFO  server.RaftServerConfigKeys (ConfUtils.java:logGet(46)) - raft.server.log.force.sync.num = 128 (default)
2022-12-19 18:39:48,848 [pool-541-thread-1] INFO  server.RaftServerConfigKeys (ConfUtils.java:logGet(46)) - raft.server.log.statemachine.data.sync = true (default)
2022-12-19 18:39:48,848 [pool-541-thread-1] INFO  server.RaftServerConfigKeys (ConfUtils.java:logGet(46)) - raft.server.log.statemachine.data.sync.timeout = 10s (default)
2022-12-19 18:39:48,848 [pool-541-thread-1] INFO  server.RaftServerConfigKeys (ConfUtils.java:logGet(46)) - raft.server.log.statemachine.data.sync.timeout.retry = -1 (default)
2022-12-19 18:39:48,849 [pool-541-thread-1] INFO  server.RaftServerConfigKeys (ConfUtils.java:logGet(46)) - raft.server.log.write.buffer.size = 1048576 (custom)
2022-12-19 18:39:48,850 [pool-541-thread-1] INFO  server.RaftServerConfigKeys (ConfUtils.java:logGet(46)) - raft.server.log.appender.buffer.byte-limit = 33554432 (custom)
2022-12-19 18:39:48,852 [pool-541-thread-1] INFO  server.RaftServerConfigKeys (ConfUtils.java:logGet(46)) - raft.server.log.unsafe-flush.enabled = false (default)
2022-12-19 18:39:48,852 [pool-541-thread-1] INFO  server.RaftServerConfigKeys (ConfUtils.java:logGet(46)) - raft.server.log.async-flush.enabled = false (default)
2022-12-19 18:39:48,852 [pool-541-thread-1] INFO  server.RaftServerConfigKeys (ConfUtils.java:logGet(46)) - raft.server.log.statemachine.data.caching.enabled = true (custom)
2022-12-19 18:39:48,853 [pool-541-thread-1] INFO  segmented.SegmentedRaftLogWorker (SegmentedRaftLogWorker.java:lambda$new$0(135)) - daa36c1e-9cf4-4c94-819a-0a52a71ceb67@group-0837F8C12971-SegmentedRaftLogWorker: flushIndex: setUnconditionally 0 -> -1
2022-12-19 18:39:48,853 [pool-541-thread-1] INFO  segmented.SegmentedRaftLogWorker (SegmentedRaftLogWorker.java:lambda$new$0(135)) - daa36c1e-9cf4-4c94-819a-0a52a71ceb67@group-0837F8C12971-SegmentedRaftLogWorker: safeCacheEvictIndex: setUnconditionally 0 -> -1
2022-12-19 18:39:48,853 [pool-541-thread-1] INFO  server.RaftServer$Division (RaftServerImpl.java:start(334)) - daa36c1e-9cf4-4c94-819a-0a52a71ceb67@group-0837F8C12971: start as a follower, conf=-1: peers:[daa36c1e-9cf4-4c94-819a-0a52a71ceb67|rpc:10.1.0.24:37077|dataStream:10.1.0.24:39585|priority:0|startupRole:FOLLOWER, bb729a89-1f9d-479b-ba94-fb09a3e8e4eb|rpc:10.1.0.24:38595|dataStream:10.1.0.24:37531|priority:0|startupRole:FOLLOWER, 12d62a03-33f5-4ac8-ab31-68f2c1a01619|rpc:10.1.0.24:44073|dataStream:10.1.0.24:40631|priority:1|startupRole:FOLLOWER]|listeners:[], old=null
2022-12-19 18:39:48,853 [pool-541-thread-1] INFO  server.RaftServer$Division (RaftServerImpl.java:setRole(321)) - daa36c1e-9cf4-4c94-819a-0a52a71ceb67@group-0837F8C12971: changes role from      null to FOLLOWER at term 0 for startAsFollower
2022-12-19 18:39:48,853 [pool-541-thread-1] INFO  impl.RoleInfo (RoleInfo.java:updateAndGet(139)) - daa36c1e-9cf4-4c94-819a-0a52a71ceb67: start daa36c1e-9cf4-4c94-819a-0a52a71ceb67@group-0837F8C12971-FollowerState
2022-12-19 18:39:48,853 [pool-541-thread-1] INFO  util.JmxRegister (JmxRegister.java:tryRegister(44)) - Successfully registered JMX Bean with object name Ratis:service=RaftServer,group=group-0837F8C12971,id=daa36c1e-9cf4-4c94-819a-0a52a71ceb67
2022-12-19 18:39:48,853 [daa36c1e-9cf4-4c94-819a-0a52a71ceb67@group-0837F8C12971-FollowerState] INFO  server.RaftServerConfigKeys (ConfUtils.java:logFallback(53)) - raft.server.rpc.first-election.timeout.min = 5s (fallback to raft.server.rpc.timeout.min)
2022-12-19 18:39:48,853 [daa36c1e-9cf4-4c94-819a-0a52a71ceb67@group-0837F8C12971-FollowerState] INFO  server.RaftServerConfigKeys (ConfUtils.java:logFallback(53)) - raft.server.rpc.first-election.timeout.max = 5200ms (fallback to raft.server.rpc.timeout.max)
2022-12-19 18:39:48,853 [pool-541-thread-1] INFO  server.RaftServerConfigKeys (ConfUtils.java:logGet(46)) - raft.server.snapshot.auto.trigger.enabled = true (custom)
2022-12-19 18:39:48,854 [pool-541-thread-1] INFO  server.RaftServerConfigKeys (ConfUtils.java:logGet(46)) - raft.server.snapshot.auto.trigger.threshold = 10000 (custom)
2022-12-19 18:39:48,854 [pool-541-thread-1] INFO  server.RaftServerConfigKeys (ConfUtils.java:logGet(46)) - raft.server.snapshot.retention.file.num = 5 (custom)
2022-12-19 18:39:48,854 [pool-541-thread-1] INFO  server.RaftServerConfigKeys (ConfUtils.java:logGet(46)) - raft.server.log.purge.upto.snapshot.index = false (default)
2022-12-19 18:39:48,854 [Command processor thread] INFO  ratis.XceiverServerRatis (XceiverServerRatis.java:addGroup(806)) - Created group PipelineID=2b906007-ef20-4957-b68f-0837f8c12971
2022-12-19 18:39:48,870 [grpc-default-executor-0] INFO  server.RaftServer (RaftServerProxy.java:addNew(96)) - 12d62a03-33f5-4ac8-ab31-68f2c1a01619: addNew group-0837F8C12971:[daa36c1e-9cf4-4c94-819a-0a52a71ceb67|rpc:10.1.0.24:37077|dataStream:10.1.0.24:39585|priority:0|startupRole:FOLLOWER, bb729a89-1f9d-479b-ba94-fb09a3e8e4eb|rpc:10.1.0.24:38595|dataStream:10.1.0.24:37531|priority:0|startupRole:FOLLOWER, 12d62a03-33f5-4ac8-ab31-68f2c1a01619|rpc:10.1.0.24:44073|dataStream:10.1.0.24:40631|priority:1|startupRole:FOLLOWER] returns group-0837F8C12971:java.util.concurrent.CompletableFuture@666c4506[Not completed]
2022-12-19 18:39:48,871 [pool-587-thread-1] INFO  server.RaftServer$Division (RaftServerImpl.java:<init>(195)) - 12d62a03-33f5-4ac8-ab31-68f2c1a01619: new RaftServerImpl for group-0837F8C12971:[daa36c1e-9cf4-4c94-819a-0a52a71ceb67|rpc:10.1.0.24:37077|dataStream:10.1.0.24:39585|priority:0|startupRole:FOLLOWER, bb729a89-1f9d-479b-ba94-fb09a3e8e4eb|rpc:10.1.0.24:38595|dataStream:10.1.0.24:37531|priority:0|startupRole:FOLLOWER, 12d62a03-33f5-4ac8-ab31-68f2c1a01619|rpc:10.1.0.24:44073|dataStream:10.1.0.24:40631|priority:1|startupRole:FOLLOWER] with ContainerStateMachine:uninitialized
2022-12-19 18:39:48,871 [pool-587-thread-1] INFO  server.RaftServerConfigKeys (ConfUtils.java:logGet(46)) - raft.server.rpc.timeout.min = 5s (custom)
2022-12-19 18:39:48,871 [pool-587-thread-1] INFO  server.RaftServerConfigKeys (ConfUtils.java:logGet(46)) - raft.server.rpc.timeout.max = 5200ms (custom)
2022-12-19 18:39:48,871 [pool-587-thread-1] INFO  server.RaftServerConfigKeys (ConfUtils.java:logGet(46)) - raft.server.rpc.sleep.time = 25ms (default)
2022-12-19 18:39:48,871 [pool-587-thread-1] INFO  server.RaftServerConfigKeys (ConfUtils.java:logGet(46)) - raft.server.rpc.slowness.timeout = 300s (custom)
2022-12-19 18:39:48,871 [pool-587-thread-1] INFO  server.RaftServerConfigKeys (ConfUtils.java:logGet(46)) - raft.server.leaderelection.leader.step-down.wait-time = 10s (default)
2022-12-19 18:39:48,871 [pool-587-thread-1] INFO  server.RaftServerConfigKeys (ConfUtils.java:logGet(46)) - raft.server.sleep.deviation.threshold = 300ms (default)
2022-12-19 18:39:48,871 [pool-587-thread-1] INFO  server.RaftServer$Division (ServerState.java:<init>(118)) - 12d62a03-33f5-4ac8-ab31-68f2c1a01619@group-0837F8C12971: ConfigurationManager, init=-1: peers:[daa36c1e-9cf4-4c94-819a-0a52a71ceb67|rpc:10.1.0.24:37077|dataStream:10.1.0.24:39585|priority:0|startupRole:FOLLOWER, bb729a89-1f9d-479b-ba94-fb09a3e8e4eb|rpc:10.1.0.24:38595|dataStream:10.1.0.24:37531|priority:0|startupRole:FOLLOWER, 12d62a03-33f5-4ac8-ab31-68f2c1a01619|rpc:10.1.0.24:44073|dataStream:10.1.0.24:40631|priority:1|startupRole:FOLLOWER]|listeners:[], old=null, confs=<EMPTY_MAP>
2022-12-19 18:39:48,871 [pool-587-thread-1] INFO  server.RaftServerConfigKeys (ConfUtils.java:logGet(46)) - raft.server.storage.dir = [/home/runner/work/ozone/ozone/hadoop-ozone/integration-test/target/test-dir/MiniOzoneClusterImpl-5ce33d81-cd12-4481-bdd0-3091a3c691f6/datanode-2/data/ratis] (custom)
2022-12-19 18:39:48,871 [pool-587-thread-1] INFO  server.RaftServerConfigKeys (ConfUtils.java:logGet(46)) - raft.server.log.corruption.policy = EXCEPTION (default)
2022-12-19 18:39:48,871 [pool-587-thread-1] INFO  server.RaftServerConfigKeys (ConfUtils.java:logGet(46)) - raft.server.storage.free-space.min = 0MB (=0) (default)
2022-12-19 18:39:48,871 [pool-587-thread-1] INFO  server.RaftServerConfigKeys (ConfUtils.java:logGet(46)) - raft.server.notification.no-leader.timeout = 300s (custom)
2022-12-19 18:39:48,871 [pool-587-thread-1] INFO  server.RaftServerConfigKeys (ConfUtils.java:logGet(46)) - raft.server.retrycache.expirytime = 600000ms (custom)
2022-12-19 18:39:48,873 [pool-587-thread-1] INFO  server.RaftServerConfigKeys (ConfUtils.java:logGet(46)) - raft.server.retrycache.statistics.expirytime = 100μs (default)
2022-12-19 18:39:48,874 [pool-587-thread-1] INFO  server.RaftServerConfigKeys (ConfUtils.java:logGet(46)) - raft.server.log.appender.install.snapshot.enabled = false (custom)
2022-12-19 18:39:48,874 [pool-587-thread-1] INFO  server.RaftServerConfigKeys (ConfUtils.java:logGet(46)) - raft.server.threadpool.server.cached = true (default)
2022-12-19 18:39:48,874 [pool-587-thread-1] INFO  server.RaftServerConfigKeys (ConfUtils.java:logGet(46)) - raft.server.threadpool.server.size = 0 (default)
2022-12-19 18:39:48,874 [pool-587-thread-1] INFO  server.RaftServerConfigKeys (ConfUtils.java:logGet(46)) - raft.server.threadpool.client.cached = true (default)
2022-12-19 18:39:48,874 [pool-587-thread-1] INFO  server.RaftServerConfigKeys (ConfUtils.java:logGet(46)) - raft.server.threadpool.client.size = 0 (default)
2022-12-19 18:39:48,874 [pool-587-thread-1] INFO  storage.RaftStorageDirectory (RaftStorageDirectoryImpl.java:analyzeStorage(137)) - The storage directory /home/runner/work/ozone/ozone/hadoop-ozone/integration-test/target/test-dir/MiniOzoneClusterImpl-5ce33d81-cd12-4481-bdd0-3091a3c691f6/datanode-2/data/ratis/2b906007-ef20-4957-b68f-0837f8c12971 does not exist. Creating ...
2022-12-19 18:39:48,875 [pool-587-thread-1] INFO  storage.RaftStorageDirectory (RaftStorageDirectoryImpl.java:tryLock(231)) - Lock on /home/runner/work/ozone/ozone/hadoop-ozone/integration-test/target/test-dir/MiniOzoneClusterImpl-5ce33d81-cd12-4481-bdd0-3091a3c691f6/datanode-2/data/ratis/2b906007-ef20-4957-b68f-0837f8c12971/in_use.lock acquired by nodename 10449@fv-az353-760
2022-12-19 18:39:48,877 [pool-587-thread-1] INFO  storage.RaftStorage (RaftStorageImpl.java:format(96)) - Storage directory /home/runner/work/ozone/ozone/hadoop-ozone/integration-test/target/test-dir/MiniOzoneClusterImpl-5ce33d81-cd12-4481-bdd0-3091a3c691f6/datanode-2/data/ratis/2b906007-ef20-4957-b68f-0837f8c12971 has been successfully formatted.
2022-12-19 18:39:48,878 [pool-587-thread-1] INFO  ratis.ContainerStateMachine (ContainerStateMachine.java:loadSnapshot(240)) - group-0837F8C12971: The snapshot info is null. Setting the last applied indexto:(t:0, i:~)
2022-12-19 18:39:48,878 [pool-587-thread-1] INFO  server.RaftServerConfigKeys (ConfUtils.java:logGet(46)) - raft.server.log.use.memory = false (default)
2022-12-19 18:39:48,879 [pool-587-thread-1] INFO  server.RaftServerConfigKeys (ConfUtils.java:logGet(46)) - raft.server.log.purge.gap = 1000000 (custom)
2022-12-19 18:39:48,879 [pool-587-thread-1] INFO  server.RaftServerConfigKeys (ConfUtils.java:logGet(46)) - raft.server.log.appender.buffer.byte-limit = 33554432 (custom)
2022-12-19 18:39:48,879 [pool-587-thread-1] INFO  server.RaftServerConfigKeys (ConfUtils.java:logGet(46)) - raft.server.log.statemachine.data.read.timeout = 1000ms (default)
2022-12-19 18:39:48,879 [pool-587-thread-1] INFO  server.RaftServerConfigKeys (ConfUtils.java:logGet(46)) - raft.server.log.purge.preservation.log.num = 0 (default)
2022-12-19 18:39:48,879 [pool-587-thread-1] INFO  server.RaftServerConfigKeys (ConfUtils.java:logGet(46)) - raft.server.log.segment.size.max = 1048576 (custom)
2022-12-19 18:39:48,879 [EventQueue-CommandQueueReportForCommandQueueReportHandler] WARN  events.EventQueue (EventQueue.java:fireEvent(216)) - No event handler registered for event TypedEvent{payloadType=DatanodeDetails, name='Datanode_Command_Queue_Updated'}
2022-12-19 18:39:48,879 [pool-587-thread-1] INFO  server.RaftServerConfigKeys (ConfUtils.java:logGet(46)) - raft.server.log.segment.cache.num.max = 2 (custom)
2022-12-19 18:39:48,879 [pool-587-thread-1] INFO  server.RaftServerConfigKeys (ConfUtils.java:logGet(46)) - raft.server.log.segment.cache.size.max = 200MB (=209715200) (default)
2022-12-19 18:39:48,879 [pool-587-thread-1] INFO  segmented.SegmentedRaftLogWorker (SegmentedRaftLogWorker.java:<init>(189)) - new 12d62a03-33f5-4ac8-ab31-68f2c1a01619@group-0837F8C12971-SegmentedRaftLogWorker for RaftStorageImpl:Storage Directory /home/runner/work/ozone/ozone/hadoop-ozone/integration-test/target/test-dir/MiniOzoneClusterImpl-5ce33d81-cd12-4481-bdd0-3091a3c691f6/datanode-2/data/ratis/2b906007-ef20-4957-b68f-0837f8c12971
2022-12-19 18:39:48,880 [pool-587-thread-1] INFO  server.RaftServerConfigKeys (ConfUtils.java:logGet(46)) - raft.server.log.queue.byte-limit = 4294967296 (custom)
2022-12-19 18:39:48,880 [pool-587-thread-1] INFO  server.RaftServerConfigKeys (ConfUtils.java:logGet(46)) - raft.server.log.queue.element-limit = 1024 (custom)
2022-12-19 18:39:48,880 [pool-587-thread-1] INFO  server.RaftServerConfigKeys (ConfUtils.java:logGet(46)) - raft.server.log.segment.size.max = 1048576 (custom)
2022-12-19 18:39:48,880 [pool-587-thread-1] INFO  server.RaftServerConfigKeys (ConfUtils.java:logGet(46)) - raft.server.log.preallocated.size = 16384 (custom)
2022-12-19 18:39:48,880 [pool-587-thread-1] INFO  server.RaftServerConfigKeys (ConfUtils.java:logGet(46)) - raft.server.log.force.sync.num = 128 (default)
2022-12-19 18:39:48,880 [pool-587-thread-1] INFO  server.RaftServerConfigKeys (ConfUtils.java:logGet(46)) - raft.server.log.statemachine.data.sync = true (default)
2022-12-19 18:39:48,880 [pool-587-thread-1] INFO  server.RaftServerConfigKeys (ConfUtils.java:logGet(46)) - raft.server.log.statemachine.data.sync.timeout = 10s (default)
2022-12-19 18:39:48,880 [pool-587-thread-1] INFO  server.RaftServerConfigKeys (ConfUtils.java:logGet(46)) - raft.server.log.statemachine.data.sync.timeout.retry = -1 (default)
2022-12-19 18:39:48,881 [pool-587-thread-1] INFO  server.RaftServerConfigKeys (ConfUtils.java:logGet(46)) - raft.server.log.write.buffer.size = 1048576 (custom)
2022-12-19 18:39:48,882 [pool-587-thread-1] INFO  server.RaftServerConfigKeys (ConfUtils.java:logGet(46)) - raft.server.log.appender.buffer.byte-limit = 33554432 (custom)
2022-12-19 18:39:48,884 [pool-587-thread-1] INFO  server.RaftServerConfigKeys (ConfUtils.java:logGet(46)) - raft.server.log.unsafe-flush.enabled = false (default)
2022-12-19 18:39:48,884 [pool-587-thread-1] INFO  server.RaftServerConfigKeys (ConfUtils.java:logGet(46)) - raft.server.log.async-flush.enabled = false (default)
2022-12-19 18:39:48,885 [pool-587-thread-1] INFO  server.RaftServerConfigKeys (ConfUtils.java:logGet(46)) - raft.server.log.statemachine.data.caching.enabled = true (custom)
2022-12-19 18:39:48,885 [pool-587-thread-1] INFO  segmented.SegmentedRaftLogWorker (SegmentedRaftLogWorker.java:lambda$new$0(135)) - 12d62a03-33f5-4ac8-ab31-68f2c1a01619@group-0837F8C12971-SegmentedRaftLogWorker: flushIndex: setUnconditionally 0 -> -1
2022-12-19 18:39:48,885 [pool-587-thread-1] INFO  segmented.SegmentedRaftLogWorker (SegmentedRaftLogWorker.java:lambda$new$0(135)) - 12d62a03-33f5-4ac8-ab31-68f2c1a01619@group-0837F8C12971-SegmentedRaftLogWorker: safeCacheEvictIndex: setUnconditionally 0 -> -1
2022-12-19 18:39:48,885 [pool-587-thread-1] INFO  server.RaftServer$Division (RaftServerImpl.java:start(334)) - 12d62a03-33f5-4ac8-ab31-68f2c1a01619@group-0837F8C12971: start as a follower, conf=-1: peers:[daa36c1e-9cf4-4c94-819a-0a52a71ceb67|rpc:10.1.0.24:37077|dataStream:10.1.0.24:39585|priority:0|startupRole:FOLLOWER, bb729a89-1f9d-479b-ba94-fb09a3e8e4eb|rpc:10.1.0.24:38595|dataStream:10.1.0.24:37531|priority:0|startupRole:FOLLOWER, 12d62a03-33f5-4ac8-ab31-68f2c1a01619|rpc:10.1.0.24:44073|dataStream:10.1.0.24:40631|priority:1|startupRole:FOLLOWER]|listeners:[], old=null
2022-12-19 18:39:48,885 [pool-587-thread-1] INFO  server.RaftServer$Division (RaftServerImpl.java:setRole(321)) - 12d62a03-33f5-4ac8-ab31-68f2c1a01619@group-0837F8C12971: changes role from      null to FOLLOWER at term 0 for startAsFollower
2022-12-19 18:39:48,885 [pool-587-thread-1] INFO  impl.RoleInfo (RoleInfo.java:updateAndGet(139)) - 12d62a03-33f5-4ac8-ab31-68f2c1a01619: start 12d62a03-33f5-4ac8-ab31-68f2c1a01619@group-0837F8C12971-FollowerState
2022-12-19 18:39:48,885 [pool-587-thread-1] INFO  util.JmxRegister (JmxRegister.java:tryRegister(44)) - Successfully registered JMX Bean with object name Ratis:service=RaftServer,group=group-0837F8C12971,id=12d62a03-33f5-4ac8-ab31-68f2c1a01619
2022-12-19 18:39:48,885 [12d62a03-33f5-4ac8-ab31-68f2c1a01619@group-0837F8C12971-FollowerState] INFO  server.RaftServerConfigKeys (ConfUtils.java:logFallback(53)) - raft.server.rpc.first-election.timeout.min = 5s (fallback to raft.server.rpc.timeout.min)
2022-12-19 18:39:48,885 [pool-587-thread-1] INFO  server.RaftServerConfigKeys (ConfUtils.java:logGet(46)) - raft.server.snapshot.auto.trigger.enabled = true (custom)
2022-12-19 18:39:48,885 [12d62a03-33f5-4ac8-ab31-68f2c1a01619@group-0837F8C12971-FollowerState] INFO  server.RaftServerConfigKeys (ConfUtils.java:logFallback(53)) - raft.server.rpc.first-election.timeout.max = 5200ms (fallback to raft.server.rpc.timeout.max)
2022-12-19 18:39:48,885 [pool-587-thread-1] INFO  server.RaftServerConfigKeys (ConfUtils.java:logGet(46)) - raft.server.snapshot.auto.trigger.threshold = 10000 (custom)
2022-12-19 18:39:48,885 [pool-587-thread-1] INFO  server.RaftServerConfigKeys (ConfUtils.java:logGet(46)) - raft.server.snapshot.retention.file.num = 5 (custom)
2022-12-19 18:39:48,885 [pool-587-thread-1] INFO  server.RaftServerConfigKeys (ConfUtils.java:logGet(46)) - raft.server.log.purge.upto.snapshot.index = false (default)
2022-12-19 18:39:48,900 [grpc-default-executor-0] INFO  server.RaftServer (RaftServerProxy.java:addNew(96)) - bb729a89-1f9d-479b-ba94-fb09a3e8e4eb: addNew group-0837F8C12971:[daa36c1e-9cf4-4c94-819a-0a52a71ceb67|rpc:10.1.0.24:37077|dataStream:10.1.0.24:39585|priority:0|startupRole:FOLLOWER, bb729a89-1f9d-479b-ba94-fb09a3e8e4eb|rpc:10.1.0.24:38595|dataStream:10.1.0.24:37531|priority:0|startupRole:FOLLOWER, 12d62a03-33f5-4ac8-ab31-68f2c1a01619|rpc:10.1.0.24:44073|dataStream:10.1.0.24:40631|priority:1|startupRole:FOLLOWER] returns group-0837F8C12971:java.util.concurrent.CompletableFuture@4b56b78d[Not completed]
2022-12-19 18:39:48,901 [pool-564-thread-1] INFO  server.RaftServer$Division (RaftServerImpl.java:<init>(195)) - bb729a89-1f9d-479b-ba94-fb09a3e8e4eb: new RaftServerImpl for group-0837F8C12971:[daa36c1e-9cf4-4c94-819a-0a52a71ceb67|rpc:10.1.0.24:37077|dataStream:10.1.0.24:39585|priority:0|startupRole:FOLLOWER, bb729a89-1f9d-479b-ba94-fb09a3e8e4eb|rpc:10.1.0.24:38595|dataStream:10.1.0.24:37531|priority:0|startupRole:FOLLOWER, 12d62a03-33f5-4ac8-ab31-68f2c1a01619|rpc:10.1.0.24:44073|dataStream:10.1.0.24:40631|priority:1|startupRole:FOLLOWER] with ContainerStateMachine:uninitialized
2022-12-19 18:39:48,901 [pool-564-thread-1] INFO  server.RaftServerConfigKeys (ConfUtils.java:logGet(46)) - raft.server.rpc.timeout.min = 5s (custom)
2022-12-19 18:39:48,901 [pool-564-thread-1] INFO  server.RaftServerConfigKeys (ConfUtils.java:logGet(46)) - raft.server.rpc.timeout.max = 5200ms (custom)
2022-12-19 18:39:48,901 [pool-564-thread-1] INFO  server.RaftServerConfigKeys (ConfUtils.java:logGet(46)) - raft.server.rpc.sleep.time = 25ms (default)
2022-12-19 18:39:48,901 [pool-564-thread-1] INFO  server.RaftServerConfigKeys (ConfUtils.java:logGet(46)) - raft.server.rpc.slowness.timeout = 300s (custom)
2022-12-19 18:39:48,901 [pool-564-thread-1] INFO  server.RaftServerConfigKeys (ConfUtils.java:logGet(46)) - raft.server.leaderelection.leader.step-down.wait-time = 10s (default)
2022-12-19 18:39:48,901 [pool-564-thread-1] INFO  server.RaftServerConfigKeys (ConfUtils.java:logGet(46)) - raft.server.sleep.deviation.threshold = 300ms (default)
2022-12-19 18:39:48,902 [pool-564-thread-1] INFO  server.RaftServer$Division (ServerState.java:<init>(118)) - bb729a89-1f9d-479b-ba94-fb09a3e8e4eb@group-0837F8C12971: ConfigurationManager, init=-1: peers:[daa36c1e-9cf4-4c94-819a-0a52a71ceb67|rpc:10.1.0.24:37077|dataStream:10.1.0.24:39585|priority:0|startupRole:FOLLOWER, bb729a89-1f9d-479b-ba94-fb09a3e8e4eb|rpc:10.1.0.24:38595|dataStream:10.1.0.24:37531|priority:0|startupRole:FOLLOWER, 12d62a03-33f5-4ac8-ab31-68f2c1a01619|rpc:10.1.0.24:44073|dataStream:10.1.0.24:40631|priority:1|startupRole:FOLLOWER]|listeners:[], old=null, confs=<EMPTY_MAP>
2022-12-19 18:39:48,902 [pool-564-thread-1] INFO  server.RaftServerConfigKeys (ConfUtils.java:logGet(46)) - raft.server.storage.dir = [/home/runner/work/ozone/ozone/hadoop-ozone/integration-test/target/test-dir/MiniOzoneClusterImpl-5ce33d81-cd12-4481-bdd0-3091a3c691f6/datanode-1/data/ratis] (custom)
2022-12-19 18:39:48,902 [pool-564-thread-1] INFO  server.RaftServerConfigKeys (ConfUtils.java:logGet(46)) - raft.server.log.corruption.policy = EXCEPTION (default)
2022-12-19 18:39:48,902 [pool-564-thread-1] INFO  server.RaftServerConfigKeys (ConfUtils.java:logGet(46)) - raft.server.storage.free-space.min = 0MB (=0) (default)
2022-12-19 18:39:48,902 [pool-564-thread-1] INFO  server.RaftServerConfigKeys (ConfUtils.java:logGet(46)) - raft.server.notification.no-leader.timeout = 300s (custom)
2022-12-19 18:39:48,902 [pool-564-thread-1] INFO  server.RaftServerConfigKeys (ConfUtils.java:logGet(46)) - raft.server.retrycache.expirytime = 600000ms (custom)
2022-12-19 18:39:48,902 [pool-564-thread-1] INFO  server.RaftServerConfigKeys (ConfUtils.java:logGet(46)) - raft.server.retrycache.statistics.expirytime = 100μs (default)
2022-12-19 18:39:48,904 [pool-564-thread-1] INFO  server.RaftServerConfigKeys (ConfUtils.java:logGet(46)) - raft.server.log.appender.install.snapshot.enabled = false (custom)
2022-12-19 18:39:48,904 [pool-564-thread-1] INFO  server.RaftServerConfigKeys (ConfUtils.java:logGet(46)) - raft.server.threadpool.server.cached = true (default)
2022-12-19 18:39:48,904 [pool-564-thread-1] INFO  server.RaftServerConfigKeys (ConfUtils.java:logGet(46)) - raft.server.threadpool.server.size = 0 (default)
2022-12-19 18:39:48,904 [pool-564-thread-1] INFO  server.RaftServerConfigKeys (ConfUtils.java:logGet(46)) - raft.server.threadpool.client.cached = true (default)
2022-12-19 18:39:48,904 [pool-564-thread-1] INFO  server.RaftServerConfigKeys (ConfUtils.java:logGet(46)) - raft.server.threadpool.client.size = 0 (default)
2022-12-19 18:39:48,904 [pool-564-thread-1] INFO  storage.RaftStorageDirectory (RaftStorageDirectoryImpl.java:analyzeStorage(137)) - The storage directory /home/runner/work/ozone/ozone/hadoop-ozone/integration-test/target/test-dir/MiniOzoneClusterImpl-5ce33d81-cd12-4481-bdd0-3091a3c691f6/datanode-1/data/ratis/2b906007-ef20-4957-b68f-0837f8c12971 does not exist. Creating ...
2022-12-19 18:39:48,906 [pool-564-thread-1] INFO  storage.RaftStorageDirectory (RaftStorageDirectoryImpl.java:tryLock(231)) - Lock on /home/runner/work/ozone/ozone/hadoop-ozone/integration-test/target/test-dir/MiniOzoneClusterImpl-5ce33d81-cd12-4481-bdd0-3091a3c691f6/datanode-1/data/ratis/2b906007-ef20-4957-b68f-0837f8c12971/in_use.lock acquired by nodename 10449@fv-az353-760
2022-12-19 18:39:48,907 [pool-564-thread-1] INFO  storage.RaftStorage (RaftStorageImpl.java:format(96)) - Storage directory /home/runner/work/ozone/ozone/hadoop-ozone/integration-test/target/test-dir/MiniOzoneClusterImpl-5ce33d81-cd12-4481-bdd0-3091a3c691f6/datanode-1/data/ratis/2b906007-ef20-4957-b68f-0837f8c12971 has been successfully formatted.
2022-12-19 18:39:48,908 [pool-564-thread-1] INFO  ratis.ContainerStateMachine (ContainerStateMachine.java:loadSnapshot(240)) - group-0837F8C12971: The snapshot info is null. Setting the last applied indexto:(t:0, i:~)
2022-12-19 18:39:48,908 [pool-564-thread-1] INFO  server.RaftServerConfigKeys (ConfUtils.java:logGet(46)) - raft.server.log.use.memory = false (default)
2022-12-19 18:39:48,908 [pool-564-thread-1] INFO  server.RaftServerConfigKeys (ConfUtils.java:logGet(46)) - raft.server.log.purge.gap = 1000000 (custom)
2022-12-19 18:39:48,908 [pool-564-thread-1] INFO  server.RaftServerConfigKeys (ConfUtils.java:logGet(46)) - raft.server.log.appender.buffer.byte-limit = 33554432 (custom)
2022-12-19 18:39:48,908 [pool-564-thread-1] INFO  server.RaftServerConfigKeys (ConfUtils.java:logGet(46)) - raft.server.log.statemachine.data.read.timeout = 1000ms (default)
2022-12-19 18:39:48,908 [pool-564-thread-1] INFO  server.RaftServerConfigKeys (ConfUtils.java:logGet(46)) - raft.server.log.purge.preservation.log.num = 0 (default)
2022-12-19 18:39:48,908 [pool-564-thread-1] INFO  server.RaftServerConfigKeys (ConfUtils.java:logGet(46)) - raft.server.log.segment.size.max = 1048576 (custom)
2022-12-19 18:39:48,909 [EventQueue-CommandQueueReportForCommandQueueReportHandler] WARN  events.EventQueue (EventQueue.java:fireEvent(216)) - No event handler registered for event TypedEvent{payloadType=DatanodeDetails, name='Datanode_Command_Queue_Updated'}
2022-12-19 18:39:48,910 [pool-564-thread-1] INFO  server.RaftServerConfigKeys (ConfUtils.java:logGet(46)) - raft.server.log.segment.cache.num.max = 2 (custom)
2022-12-19 18:39:48,910 [pool-564-thread-1] INFO  server.RaftServerConfigKeys (ConfUtils.java:logGet(46)) - raft.server.log.segment.cache.size.max = 200MB (=209715200) (default)
2022-12-19 18:39:48,910 [pool-564-thread-1] INFO  segmented.SegmentedRaftLogWorker (SegmentedRaftLogWorker.java:<init>(189)) - new bb729a89-1f9d-479b-ba94-fb09a3e8e4eb@group-0837F8C12971-SegmentedRaftLogWorker for RaftStorageImpl:Storage Directory /home/runner/work/ozone/ozone/hadoop-ozone/integration-test/target/test-dir/MiniOzoneClusterImpl-5ce33d81-cd12-4481-bdd0-3091a3c691f6/datanode-1/data/ratis/2b906007-ef20-4957-b68f-0837f8c12971
2022-12-19 18:39:48,910 [pool-564-thread-1] INFO  server.RaftServerConfigKeys (ConfUtils.java:logGet(46)) - raft.server.log.queue.byte-limit = 4294967296 (custom)
2022-12-19 18:39:48,910 [pool-564-thread-1] INFO  server.RaftServerConfigKeys (ConfUtils.java:logGet(46)) - raft.server.log.queue.element-limit = 1024 (custom)
2022-12-19 18:39:48,910 [pool-564-thread-1] INFO  server.RaftServerConfigKeys (ConfUtils.java:logGet(46)) - raft.server.log.segment.size.max = 1048576 (custom)
2022-12-19 18:39:48,910 [pool-564-thread-1] INFO  server.RaftServerConfigKeys (ConfUtils.java:logGet(46)) - raft.server.log.preallocated.size = 16384 (custom)
2022-12-19 18:39:48,910 [pool-564-thread-1] INFO  server.RaftServerConfigKeys (ConfUtils.java:logGet(46)) - raft.server.log.force.sync.num = 128 (default)
2022-12-19 18:39:48,910 [pool-564-thread-1] INFO  server.RaftServerConfigKeys (ConfUtils.java:logGet(46)) - raft.server.log.statemachine.data.sync = true (default)
2022-12-19 18:39:48,910 [pool-564-thread-1] INFO  server.RaftServerConfigKeys (ConfUtils.java:logGet(46)) - raft.server.log.statemachine.data.sync.timeout = 10s (default)
2022-12-19 18:39:48,910 [pool-564-thread-1] INFO  server.RaftServerConfigKeys (ConfUtils.java:logGet(46)) - raft.server.log.statemachine.data.sync.timeout.retry = -1 (default)
2022-12-19 18:39:48,911 [pool-564-thread-1] INFO  server.RaftServerConfigKeys (ConfUtils.java:logGet(46)) - raft.server.log.write.buffer.size = 1048576 (custom)
2022-12-19 18:39:48,911 [pool-564-thread-1] INFO  server.RaftServerConfigKeys (ConfUtils.java:logGet(46)) - raft.server.log.appender.buffer.byte-limit = 33554432 (custom)
2022-12-19 18:39:48,914 [pool-564-thread-1] INFO  server.RaftServerConfigKeys (ConfUtils.java:logGet(46)) - raft.server.log.unsafe-flush.enabled = false (default)
2022-12-19 18:39:48,914 [pool-564-thread-1] INFO  server.RaftServerConfigKeys (ConfUtils.java:logGet(46)) - raft.server.log.async-flush.enabled = false (default)
2022-12-19 18:39:48,914 [pool-564-thread-1] INFO  server.RaftServerConfigKeys (ConfUtils.java:logGet(46)) - raft.server.log.statemachine.data.caching.enabled = true (custom)
2022-12-19 18:39:48,914 [pool-564-thread-1] INFO  segmented.SegmentedRaftLogWorker (SegmentedRaftLogWorker.java:lambda$new$0(135)) - bb729a89-1f9d-479b-ba94-fb09a3e8e4eb@group-0837F8C12971-SegmentedRaftLogWorker: flushIndex: setUnconditionally 0 -> -1
2022-12-19 18:39:48,915 [pool-564-thread-1] INFO  segmented.SegmentedRaftLogWorker (SegmentedRaftLogWorker.java:lambda$new$0(135)) - bb729a89-1f9d-479b-ba94-fb09a3e8e4eb@group-0837F8C12971-SegmentedRaftLogWorker: safeCacheEvictIndex: setUnconditionally 0 -> -1
2022-12-19 18:39:48,915 [pool-564-thread-1] INFO  server.RaftServer$Division (RaftServerImpl.java:start(334)) - bb729a89-1f9d-479b-ba94-fb09a3e8e4eb@group-0837F8C12971: start as a follower, conf=-1: peers:[daa36c1e-9cf4-4c94-819a-0a52a71ceb67|rpc:10.1.0.24:37077|dataStream:10.1.0.24:39585|priority:0|startupRole:FOLLOWER, bb729a89-1f9d-479b-ba94-fb09a3e8e4eb|rpc:10.1.0.24:38595|dataStream:10.1.0.24:37531|priority:0|startupRole:FOLLOWER, 12d62a03-33f5-4ac8-ab31-68f2c1a01619|rpc:10.1.0.24:44073|dataStream:10.1.0.24:40631|priority:1|startupRole:FOLLOWER]|listeners:[], old=null
2022-12-19 18:39:48,915 [pool-564-thread-1] INFO  server.RaftServer$Division (RaftServerImpl.java:setRole(321)) - bb729a89-1f9d-479b-ba94-fb09a3e8e4eb@group-0837F8C12971: changes role from      null to FOLLOWER at term 0 for startAsFollower
2022-12-19 18:39:48,915 [pool-564-thread-1] INFO  impl.RoleInfo (RoleInfo.java:updateAndGet(139)) - bb729a89-1f9d-479b-ba94-fb09a3e8e4eb: start bb729a89-1f9d-479b-ba94-fb09a3e8e4eb@group-0837F8C12971-FollowerState
2022-12-19 18:39:48,915 [pool-564-thread-1] INFO  util.JmxRegister (JmxRegister.java:tryRegister(44)) - Successfully registered JMX Bean with object name Ratis:service=RaftServer,group=group-0837F8C12971,id=bb729a89-1f9d-479b-ba94-fb09a3e8e4eb
2022-12-19 18:39:48,915 [pool-564-thread-1] INFO  server.RaftServerConfigKeys (ConfUtils.java:logGet(46)) - raft.server.snapshot.auto.trigger.enabled = true (custom)
2022-12-19 18:39:48,915 [pool-564-thread-1] INFO  server.RaftServerConfigKeys (ConfUtils.java:logGet(46)) - raft.server.snapshot.auto.trigger.threshold = 10000 (custom)
2022-12-19 18:39:48,915 [pool-564-thread-1] INFO  server.RaftServerConfigKeys (ConfUtils.java:logGet(46)) - raft.server.snapshot.retention.file.num = 5 (custom)
2022-12-19 18:39:48,915 [pool-564-thread-1] INFO  server.RaftServerConfigKeys (ConfUtils.java:logGet(46)) - raft.server.log.purge.upto.snapshot.index = false (default)
2022-12-19 18:39:48,916 [bb729a89-1f9d-479b-ba94-fb09a3e8e4eb@group-0837F8C12971-FollowerState] INFO  server.RaftServerConfigKeys (ConfUtils.java:logFallback(53)) - raft.server.rpc.first-election.timeout.min = 5s (fallback to raft.server.rpc.timeout.min)
2022-12-19 18:39:48,916 [bb729a89-1f9d-479b-ba94-fb09a3e8e4eb@group-0837F8C12971-FollowerState] INFO  server.RaftServerConfigKeys (ConfUtils.java:logFallback(53)) - raft.server.rpc.first-election.timeout.max = 5200ms (fallback to raft.server.rpc.timeout.max)
2022-12-19 18:39:48,931 [Command processor thread] INFO  commandhandler.CreatePipelineCommandHandler (CreatePipelineCommandHandler.java:handle(113)) - Created Pipeline RATIS THREE PipelineID=2b906007-ef20-4957-b68f-0837f8c12971.
2022-12-19 18:39:48,931 [Command processor thread] INFO  server.RaftServer (RaftServerProxy.java:addNew(96)) - daa36c1e-9cf4-4c94-819a-0a52a71ceb67: addNew group-36058ED0B8A3:[daa36c1e-9cf4-4c94-819a-0a52a71ceb67|rpc:10.1.0.24:37077|dataStream:10.1.0.24:39585|priority:0|startupRole:FOLLOWER, bb729a89-1f9d-479b-ba94-fb09a3e8e4eb|rpc:10.1.0.24:38595|dataStream:10.1.0.24:37531|priority:1|startupRole:FOLLOWER, 12d62a03-33f5-4ac8-ab31-68f2c1a01619|rpc:10.1.0.24:44073|dataStream:10.1.0.24:40631|priority:0|startupRole:FOLLOWER] returns group-36058ED0B8A3:java.util.concurrent.CompletableFuture@77804095[Not completed]
2022-12-19 18:39:48,932 [pool-541-thread-1] INFO  server.RaftServer$Division (RaftServerImpl.java:<init>(195)) - daa36c1e-9cf4-4c94-819a-0a52a71ceb67: new RaftServerImpl for group-36058ED0B8A3:[daa36c1e-9cf4-4c94-819a-0a52a71ceb67|rpc:10.1.0.24:37077|dataStream:10.1.0.24:39585|priority:0|startupRole:FOLLOWER, bb729a89-1f9d-479b-ba94-fb09a3e8e4eb|rpc:10.1.0.24:38595|dataStream:10.1.0.24:37531|priority:1|startupRole:FOLLOWER, 12d62a03-33f5-4ac8-ab31-68f2c1a01619|rpc:10.1.0.24:44073|dataStream:10.1.0.24:40631|priority:0|startupRole:FOLLOWER] with ContainerStateMachine:uninitialized
2022-12-19 18:39:48,932 [pool-541-thread-1] INFO  server.RaftServerConfigKeys (ConfUtils.java:logGet(46)) - raft.server.rpc.timeout.min = 5s (custom)
2022-12-19 18:39:48,932 [pool-541-thread-1] INFO  server.RaftServerConfigKeys (ConfUtils.java:logGet(46)) - raft.server.rpc.timeout.max = 5200ms (custom)
2022-12-19 18:39:48,932 [pool-541-thread-1] INFO  server.RaftServerConfigKeys (ConfUtils.java:logGet(46)) - raft.server.rpc.sleep.time = 25ms (default)
2022-12-19 18:39:48,932 [pool-541-thread-1] INFO  server.RaftServerConfigKeys (ConfUtils.java:logGet(46)) - raft.server.rpc.slowness.timeout = 300s (custom)
2022-12-19 18:39:48,932 [pool-541-thread-1] INFO  server.RaftServerConfigKeys (ConfUtils.java:logGet(46)) - raft.server.leaderelection.leader.step-down.wait-time = 10s (default)
2022-12-19 18:39:48,932 [pool-541-thread-1] INFO  server.RaftServerConfigKeys (ConfUtils.java:logGet(46)) - raft.server.sleep.deviation.threshold = 300ms (default)
2022-12-19 18:39:48,932 [pool-541-thread-1] INFO  server.RaftServer$Division (ServerState.java:<init>(118)) - daa36c1e-9cf4-4c94-819a-0a52a71ceb67@group-36058ED0B8A3: ConfigurationManager, init=-1: peers:[daa36c1e-9cf4-4c94-819a-0a52a71ceb67|rpc:10.1.0.24:37077|dataStream:10.1.0.24:39585|priority:0|startupRole:FOLLOWER, bb729a89-1f9d-479b-ba94-fb09a3e8e4eb|rpc:10.1.0.24:38595|dataStream:10.1.0.24:37531|priority:1|startupRole:FOLLOWER, 12d62a03-33f5-4ac8-ab31-68f2c1a01619|rpc:10.1.0.24:44073|dataStream:10.1.0.24:40631|priority:0|startupRole:FOLLOWER]|listeners:[], old=null, confs=<EMPTY_MAP>
2022-12-19 18:39:48,932 [pool-541-thread-1] INFO  server.RaftServerConfigKeys (ConfUtils.java:logGet(46)) - raft.server.storage.dir = [/home/runner/work/ozone/ozone/hadoop-ozone/integration-test/target/test-dir/MiniOzoneClusterImpl-5ce33d81-cd12-4481-bdd0-3091a3c691f6/datanode-0/data/ratis] (custom)
2022-12-19 18:39:48,932 [pool-541-thread-1] INFO  server.RaftServerConfigKeys (ConfUtils.java:logGet(46)) - raft.server.log.corruption.policy = EXCEPTION (default)
2022-12-19 18:39:48,932 [pool-541-thread-1] INFO  server.RaftServerConfigKeys (ConfUtils.java:logGet(46)) - raft.server.storage.free-space.min = 0MB (=0) (default)
2022-12-19 18:39:48,932 [pool-541-thread-1] INFO  server.RaftServerConfigKeys (ConfUtils.java:logGet(46)) - raft.server.notification.no-leader.timeout = 300s (custom)
2022-12-19 18:39:48,932 [pool-541-thread-1] INFO  server.RaftServerConfigKeys (ConfUtils.java:logGet(46)) - raft.server.retrycache.expirytime = 600000ms (custom)
2022-12-19 18:39:48,932 [pool-541-thread-1] INFO  server.RaftServerConfigKeys (ConfUtils.java:logGet(46)) - raft.server.retrycache.statistics.expirytime = 100μs (default)
2022-12-19 18:39:48,933 [pool-541-thread-1] INFO  server.RaftServerConfigKeys (ConfUtils.java:logGet(46)) - raft.server.log.appender.install.snapshot.enabled = false (custom)
2022-12-19 18:39:48,934 [pool-541-thread-1] INFO  server.RaftServerConfigKeys (ConfUtils.java:logGet(46)) - raft.server.threadpool.server.cached = true (default)
2022-12-19 18:39:48,934 [pool-541-thread-1] INFO  server.RaftServerConfigKeys (ConfUtils.java:logGet(46)) - raft.server.threadpool.server.size = 0 (default)
2022-12-19 18:39:48,934 [pool-541-thread-1] INFO  server.RaftServerConfigKeys (ConfUtils.java:logGet(46)) - raft.server.threadpool.client.cached = true (default)
2022-12-19 18:39:48,934 [pool-541-thread-1] INFO  server.RaftServerConfigKeys (ConfUtils.java:logGet(46)) - raft.server.threadpool.client.size = 0 (default)
2022-12-19 18:39:48,934 [pool-541-thread-1] INFO  storage.RaftStorageDirectory (RaftStorageDirectoryImpl.java:analyzeStorage(137)) - The storage directory /home/runner/work/ozone/ozone/hadoop-ozone/integration-test/target/test-dir/MiniOzoneClusterImpl-5ce33d81-cd12-4481-bdd0-3091a3c691f6/datanode-0/data/ratis/ab9d739f-0530-43cf-bfdf-36058ed0b8a3 does not exist. Creating ...
2022-12-19 18:39:48,934 [pool-541-thread-1] INFO  storage.RaftStorageDirectory (RaftStorageDirectoryImpl.java:tryLock(231)) - Lock on /home/runner/work/ozone/ozone/hadoop-ozone/integration-test/target/test-dir/MiniOzoneClusterImpl-5ce33d81-cd12-4481-bdd0-3091a3c691f6/datanode-0/data/ratis/ab9d739f-0530-43cf-bfdf-36058ed0b8a3/in_use.lock acquired by nodename 10449@fv-az353-760
2022-12-19 18:39:48,935 [pool-541-thread-1] INFO  storage.RaftStorage (RaftStorageImpl.java:format(96)) - Storage directory /home/runner/work/ozone/ozone/hadoop-ozone/integration-test/target/test-dir/MiniOzoneClusterImpl-5ce33d81-cd12-4481-bdd0-3091a3c691f6/datanode-0/data/ratis/ab9d739f-0530-43cf-bfdf-36058ed0b8a3 has been successfully formatted.
2022-12-19 18:39:48,936 [pool-541-thread-1] INFO  ratis.ContainerStateMachine (ContainerStateMachine.java:loadSnapshot(240)) - group-36058ED0B8A3: The snapshot info is null. Setting the last applied indexto:(t:0, i:~)
2022-12-19 18:39:48,936 [pool-541-thread-1] INFO  server.RaftServerConfigKeys (ConfUtils.java:logGet(46)) - raft.server.log.use.memory = false (default)
2022-12-19 18:39:48,936 [pool-541-thread-1] INFO  server.RaftServerConfigKeys (ConfUtils.java:logGet(46)) - raft.server.log.purge.gap = 1000000 (custom)
2022-12-19 18:39:48,936 [pool-541-thread-1] INFO  server.RaftServerConfigKeys (ConfUtils.java:logGet(46)) - raft.server.log.appender.buffer.byte-limit = 33554432 (custom)
2022-12-19 18:39:48,936 [pool-541-thread-1] INFO  server.RaftServerConfigKeys (ConfUtils.java:logGet(46)) - raft.server.log.statemachine.data.read.timeout = 1000ms (default)
2022-12-19 18:39:48,936 [pool-541-thread-1] INFO  server.RaftServerConfigKeys (ConfUtils.java:logGet(46)) - raft.server.log.purge.preservation.log.num = 0 (default)
2022-12-19 18:39:48,937 [pool-541-thread-1] INFO  server.RaftServerConfigKeys (ConfUtils.java:logGet(46)) - raft.server.log.segment.size.max = 1048576 (custom)
2022-12-19 18:39:48,937 [EventQueue-CommandQueueReportForCommandQueueReportHandler] WARN  events.EventQueue (EventQueue.java:fireEvent(216)) - No event handler registered for event TypedEvent{payloadType=DatanodeDetails, name='Datanode_Command_Queue_Updated'}
2022-12-19 18:39:48,937 [pool-541-thread-1] INFO  server.RaftServerConfigKeys (ConfUtils.java:logGet(46)) - raft.server.log.segment.cache.num.max = 2 (custom)
2022-12-19 18:39:48,937 [pool-541-thread-1] INFO  server.RaftServerConfigKeys (ConfUtils.java:logGet(46)) - raft.server.log.segment.cache.size.max = 200MB (=209715200) (default)
2022-12-19 18:39:48,937 [pool-541-thread-1] INFO  segmented.SegmentedRaftLogWorker (SegmentedRaftLogWorker.java:<init>(189)) - new daa36c1e-9cf4-4c94-819a-0a52a71ceb67@group-36058ED0B8A3-SegmentedRaftLogWorker for RaftStorageImpl:Storage Directory /home/runner/work/ozone/ozone/hadoop-ozone/integration-test/target/test-dir/MiniOzoneClusterImpl-5ce33d81-cd12-4481-bdd0-3091a3c691f6/datanode-0/data/ratis/ab9d739f-0530-43cf-bfdf-36058ed0b8a3
2022-12-19 18:39:48,937 [pool-541-thread-1] INFO  server.RaftServerConfigKeys (ConfUtils.java:logGet(46)) - raft.server.log.queue.byte-limit = 4294967296 (custom)
2022-12-19 18:39:48,937 [pool-541-thread-1] INFO  server.RaftServerConfigKeys (ConfUtils.java:logGet(46)) - raft.server.log.queue.element-limit = 1024 (custom)
2022-12-19 18:39:48,938 [pool-541-thread-1] INFO  server.RaftServerConfigKeys (ConfUtils.java:logGet(46)) - raft.server.log.segment.size.max = 1048576 (custom)
2022-12-19 18:39:48,938 [pool-541-thread-1] INFO  server.RaftServerConfigKeys (ConfUtils.java:logGet(46)) - raft.server.log.preallocated.size = 16384 (custom)
2022-12-19 18:39:48,938 [pool-541-thread-1] INFO  server.RaftServerConfigKeys (ConfUtils.java:logGet(46)) - raft.server.log.force.sync.num = 128 (default)
2022-12-19 18:39:48,938 [pool-541-thread-1] INFO  server.RaftServerConfigKeys (ConfUtils.java:logGet(46)) - raft.server.log.statemachine.data.sync = true (default)
2022-12-19 18:39:48,938 [pool-541-thread-1] INFO  server.RaftServerConfigKeys (ConfUtils.java:logGet(46)) - raft.server.log.statemachine.data.sync.timeout = 10s (default)
2022-12-19 18:39:48,938 [pool-541-thread-1] INFO  server.RaftServerConfigKeys (ConfUtils.java:logGet(46)) - raft.server.log.statemachine.data.sync.timeout.retry = -1 (default)
2022-12-19 18:39:48,939 [pool-541-thread-1] INFO  server.RaftServerConfigKeys (ConfUtils.java:logGet(46)) - raft.server.log.write.buffer.size = 1048576 (custom)
2022-12-19 18:39:48,939 [pool-541-thread-1] INFO  server.RaftServerConfigKeys (ConfUtils.java:logGet(46)) - raft.server.log.appender.buffer.byte-limit = 33554432 (custom)
2022-12-19 18:39:48,942 [pool-541-thread-1] INFO  server.RaftServerConfigKeys (ConfUtils.java:logGet(46)) - raft.server.log.unsafe-flush.enabled = false (default)
2022-12-19 18:39:48,942 [pool-541-thread-1] INFO  server.RaftServerConfigKeys (ConfUtils.java:logGet(46)) - raft.server.log.async-flush.enabled = false (default)
2022-12-19 18:39:48,942 [pool-541-thread-1] INFO  server.RaftServerConfigKeys (ConfUtils.java:logGet(46)) - raft.server.log.statemachine.data.caching.enabled = true (custom)
2022-12-19 18:39:48,942 [pool-541-thread-1] INFO  segmented.SegmentedRaftLogWorker (SegmentedRaftLogWorker.java:lambda$new$0(135)) - daa36c1e-9cf4-4c94-819a-0a52a71ceb67@group-36058ED0B8A3-SegmentedRaftLogWorker: flushIndex: setUnconditionally 0 -> -1
2022-12-19 18:39:48,942 [pool-541-thread-1] INFO  segmented.SegmentedRaftLogWorker (SegmentedRaftLogWorker.java:lambda$new$0(135)) - daa36c1e-9cf4-4c94-819a-0a52a71ceb67@group-36058ED0B8A3-SegmentedRaftLogWorker: safeCacheEvictIndex: setUnconditionally 0 -> -1
2022-12-19 18:39:48,942 [pool-541-thread-1] INFO  server.RaftServer$Division (RaftServerImpl.java:start(334)) - daa36c1e-9cf4-4c94-819a-0a52a71ceb67@group-36058ED0B8A3: start as a follower, conf=-1: peers:[daa36c1e-9cf4-4c94-819a-0a52a71ceb67|rpc:10.1.0.24:37077|dataStream:10.1.0.24:39585|priority:0|startupRole:FOLLOWER, bb729a89-1f9d-479b-ba94-fb09a3e8e4eb|rpc:10.1.0.24:38595|dataStream:10.1.0.24:37531|priority:1|startupRole:FOLLOWER, 12d62a03-33f5-4ac8-ab31-68f2c1a01619|rpc:10.1.0.24:44073|dataStream:10.1.0.24:40631|priority:0|startupRole:FOLLOWER]|listeners:[], old=null
2022-12-19 18:39:48,943 [pool-541-thread-1] INFO  server.RaftServer$Division (RaftServerImpl.java:setRole(321)) - daa36c1e-9cf4-4c94-819a-0a52a71ceb67@group-36058ED0B8A3: changes role from      null to FOLLOWER at term 0 for startAsFollower
2022-12-19 18:39:48,943 [pool-541-thread-1] INFO  impl.RoleInfo (RoleInfo.java:updateAndGet(139)) - daa36c1e-9cf4-4c94-819a-0a52a71ceb67: start daa36c1e-9cf4-4c94-819a-0a52a71ceb67@group-36058ED0B8A3-FollowerState
2022-12-19 18:39:48,943 [daa36c1e-9cf4-4c94-819a-0a52a71ceb67@group-36058ED0B8A3-FollowerState] INFO  server.RaftServerConfigKeys (ConfUtils.java:logFallback(53)) - raft.server.rpc.first-election.timeout.min = 5s (fallback to raft.server.rpc.timeout.min)
2022-12-19 18:39:48,943 [pool-541-thread-1] INFO  util.JmxRegister (JmxRegister.java:tryRegister(44)) - Successfully registered JMX Bean with object name Ratis:service=RaftServer,group=group-36058ED0B8A3,id=daa36c1e-9cf4-4c94-819a-0a52a71ceb67
2022-12-19 18:39:48,943 [daa36c1e-9cf4-4c94-819a-0a52a71ceb67@group-36058ED0B8A3-FollowerState] INFO  server.RaftServerConfigKeys (ConfUtils.java:logFallback(53)) - raft.server.rpc.first-election.timeout.max = 5200ms (fallback to raft.server.rpc.timeout.max)
2022-12-19 18:39:48,943 [pool-541-thread-1] INFO  server.RaftServerConfigKeys (ConfUtils.java:logGet(46)) - raft.server.snapshot.auto.trigger.enabled = true (custom)
2022-12-19 18:39:48,943 [pool-541-thread-1] INFO  server.RaftServerConfigKeys (ConfUtils.java:logGet(46)) - raft.server.snapshot.auto.trigger.threshold = 10000 (custom)
2022-12-19 18:39:48,943 [pool-541-thread-1] INFO  server.RaftServerConfigKeys (ConfUtils.java:logGet(46)) - raft.server.snapshot.retention.file.num = 5 (custom)
2022-12-19 18:39:48,943 [pool-541-thread-1] INFO  server.RaftServerConfigKeys (ConfUtils.java:logGet(46)) - raft.server.log.purge.upto.snapshot.index = false (default)
2022-12-19 18:39:48,944 [Command processor thread] INFO  ratis.XceiverServerRatis (XceiverServerRatis.java:addGroup(806)) - Created group PipelineID=ab9d739f-0530-43cf-bfdf-36058ed0b8a3
2022-12-19 18:39:48,955 [grpc-default-executor-0] INFO  server.RaftServer (RaftServerProxy.java:addNew(96)) - bb729a89-1f9d-479b-ba94-fb09a3e8e4eb: addNew group-36058ED0B8A3:[daa36c1e-9cf4-4c94-819a-0a52a71ceb67|rpc:10.1.0.24:37077|dataStream:10.1.0.24:39585|priority:0|startupRole:FOLLOWER, bb729a89-1f9d-479b-ba94-fb09a3e8e4eb|rpc:10.1.0.24:38595|dataStream:10.1.0.24:37531|priority:1|startupRole:FOLLOWER, 12d62a03-33f5-4ac8-ab31-68f2c1a01619|rpc:10.1.0.24:44073|dataStream:10.1.0.24:40631|priority:0|startupRole:FOLLOWER] returns group-36058ED0B8A3:java.util.concurrent.CompletableFuture@2b3a66a[Not completed]
2022-12-19 18:39:48,955 [pool-564-thread-1] INFO  server.RaftServer$Division (RaftServerImpl.java:<init>(195)) - bb729a89-1f9d-479b-ba94-fb09a3e8e4eb: new RaftServerImpl for group-36058ED0B8A3:[daa36c1e-9cf4-4c94-819a-0a52a71ceb67|rpc:10.1.0.24:37077|dataStream:10.1.0.24:39585|priority:0|startupRole:FOLLOWER, bb729a89-1f9d-479b-ba94-fb09a3e8e4eb|rpc:10.1.0.24:38595|dataStream:10.1.0.24:37531|priority:1|startupRole:FOLLOWER, 12d62a03-33f5-4ac8-ab31-68f2c1a01619|rpc:10.1.0.24:44073|dataStream:10.1.0.24:40631|priority:0|startupRole:FOLLOWER] with ContainerStateMachine:uninitialized
2022-12-19 18:39:48,955 [pool-564-thread-1] INFO  server.RaftServerConfigKeys (ConfUtils.java:logGet(46)) - raft.server.rpc.timeout.min = 5s (custom)
2022-12-19 18:39:48,955 [pool-564-thread-1] INFO  server.RaftServerConfigKeys (ConfUtils.java:logGet(46)) - raft.server.rpc.timeout.max = 5200ms (custom)
2022-12-19 18:39:48,956 [pool-564-thread-1] INFO  server.RaftServerConfigKeys (ConfUtils.java:logGet(46)) - raft.server.rpc.sleep.time = 25ms (default)
2022-12-19 18:39:48,956 [pool-564-thread-1] INFO  server.RaftServerConfigKeys (ConfUtils.java:logGet(46)) - raft.server.rpc.slowness.timeout = 300s (custom)
2022-12-19 18:39:48,956 [pool-564-thread-1] INFO  server.RaftServerConfigKeys (ConfUtils.java:logGet(46)) - raft.server.leaderelection.leader.step-down.wait-time = 10s (default)
2022-12-19 18:39:48,956 [pool-564-thread-1] INFO  server.RaftServerConfigKeys (ConfUtils.java:logGet(46)) - raft.server.sleep.deviation.threshold = 300ms (default)
2022-12-19 18:39:48,956 [pool-564-thread-1] INFO  server.RaftServer$Division (ServerState.java:<init>(118)) - bb729a89-1f9d-479b-ba94-fb09a3e8e4eb@group-36058ED0B8A3: ConfigurationManager, init=-1: peers:[daa36c1e-9cf4-4c94-819a-0a52a71ceb67|rpc:10.1.0.24:37077|dataStream:10.1.0.24:39585|priority:0|startupRole:FOLLOWER, bb729a89-1f9d-479b-ba94-fb09a3e8e4eb|rpc:10.1.0.24:38595|dataStream:10.1.0.24:37531|priority:1|startupRole:FOLLOWER, 12d62a03-33f5-4ac8-ab31-68f2c1a01619|rpc:10.1.0.24:44073|dataStream:10.1.0.24:40631|priority:0|startupRole:FOLLOWER]|listeners:[], old=null, confs=<EMPTY_MAP>
2022-12-19 18:39:48,956 [pool-564-thread-1] INFO  server.RaftServerConfigKeys (ConfUtils.java:logGet(46)) - raft.server.storage.dir = [/home/runner/work/ozone/ozone/hadoop-ozone/integration-test/target/test-dir/MiniOzoneClusterImpl-5ce33d81-cd12-4481-bdd0-3091a3c691f6/datanode-1/data/ratis] (custom)
2022-12-19 18:39:48,956 [pool-564-thread-1] INFO  server.RaftServerConfigKeys (ConfUtils.java:logGet(46)) - raft.server.log.corruption.policy = EXCEPTION (default)
2022-12-19 18:39:48,956 [pool-564-thread-1] INFO  server.RaftServerConfigKeys (ConfUtils.java:logGet(46)) - raft.server.storage.free-space.min = 0MB (=0) (default)
2022-12-19 18:39:48,956 [pool-564-thread-1] INFO  server.RaftServerConfigKeys (ConfUtils.java:logGet(46)) - raft.server.notification.no-leader.timeout = 300s (custom)
2022-12-19 18:39:48,956 [pool-564-thread-1] INFO  server.RaftServerConfigKeys (ConfUtils.java:logGet(46)) - raft.server.retrycache.expirytime = 600000ms (custom)
2022-12-19 18:39:48,956 [pool-564-thread-1] INFO  server.RaftServerConfigKeys (ConfUtils.java:logGet(46)) - raft.server.retrycache.statistics.expirytime = 100μs (default)
2022-12-19 18:39:48,957 [pool-564-thread-1] INFO  server.RaftServerConfigKeys (ConfUtils.java:logGet(46)) - raft.server.log.appender.install.snapshot.enabled = false (custom)
2022-12-19 18:39:48,957 [pool-564-thread-1] INFO  server.RaftServerConfigKeys (ConfUtils.java:logGet(46)) - raft.server.threadpool.server.cached = true (default)
2022-12-19 18:39:48,957 [pool-564-thread-1] INFO  server.RaftServerConfigKeys (ConfUtils.java:logGet(46)) - raft.server.threadpool.server.size = 0 (default)
2022-12-19 18:39:48,957 [pool-564-thread-1] INFO  server.RaftServerConfigKeys (ConfUtils.java:logGet(46)) - raft.server.threadpool.client.cached = true (default)
2022-12-19 18:39:48,957 [pool-564-thread-1] INFO  server.RaftServerConfigKeys (ConfUtils.java:logGet(46)) - raft.server.threadpool.client.size = 0 (default)
2022-12-19 18:39:48,957 [pool-564-thread-1] INFO  storage.RaftStorageDirectory (RaftStorageDirectoryImpl.java:analyzeStorage(137)) - The storage directory /home/runner/work/ozone/ozone/hadoop-ozone/integration-test/target/test-dir/MiniOzoneClusterImpl-5ce33d81-cd12-4481-bdd0-3091a3c691f6/datanode-1/data/ratis/ab9d739f-0530-43cf-bfdf-36058ed0b8a3 does not exist. Creating ...
2022-12-19 18:39:48,959 [pool-564-thread-1] INFO  storage.RaftStorageDirectory (RaftStorageDirectoryImpl.java:tryLock(231)) - Lock on /home/runner/work/ozone/ozone/hadoop-ozone/integration-test/target/test-dir/MiniOzoneClusterImpl-5ce33d81-cd12-4481-bdd0-3091a3c691f6/datanode-1/data/ratis/ab9d739f-0530-43cf-bfdf-36058ed0b8a3/in_use.lock acquired by nodename 10449@fv-az353-760
2022-12-19 18:39:48,961 [pool-564-thread-1] INFO  storage.RaftStorage (RaftStorageImpl.java:format(96)) - Storage directory /home/runner/work/ozone/ozone/hadoop-ozone/integration-test/target/test-dir/MiniOzoneClusterImpl-5ce33d81-cd12-4481-bdd0-3091a3c691f6/datanode-1/data/ratis/ab9d739f-0530-43cf-bfdf-36058ed0b8a3 has been successfully formatted.
2022-12-19 18:39:48,962 [pool-564-thread-1] INFO  ratis.ContainerStateMachine (ContainerStateMachine.java:loadSnapshot(240)) - group-36058ED0B8A3: The snapshot info is null. Setting the last applied indexto:(t:0, i:~)
2022-12-19 18:39:48,962 [pool-564-thread-1] INFO  server.RaftServerConfigKeys (ConfUtils.java:logGet(46)) - raft.server.log.use.memory = false (default)
2022-12-19 18:39:48,962 [pool-564-thread-1] INFO  server.RaftServerConfigKeys (ConfUtils.java:logGet(46)) - raft.server.log.purge.gap = 1000000 (custom)
2022-12-19 18:39:48,962 [pool-564-thread-1] INFO  server.RaftServerConfigKeys (ConfUtils.java:logGet(46)) - raft.server.log.appender.buffer.byte-limit = 33554432 (custom)
2022-12-19 18:39:48,962 [pool-564-thread-1] INFO  server.RaftServerConfigKeys (ConfUtils.java:logGet(46)) - raft.server.log.statemachine.data.read.timeout = 1000ms (default)
2022-12-19 18:39:48,962 [pool-564-thread-1] INFO  server.RaftServerConfigKeys (ConfUtils.java:logGet(46)) - raft.server.log.purge.preservation.log.num = 0 (default)
2022-12-19 18:39:48,962 [pool-564-thread-1] INFO  server.RaftServerConfigKeys (ConfUtils.java:logGet(46)) - raft.server.log.segment.size.max = 1048576 (custom)
2022-12-19 18:39:48,963 [EventQueue-CommandQueueReportForCommandQueueReportHandler] WARN  events.EventQueue (EventQueue.java:fireEvent(216)) - No event handler registered for event TypedEvent{payloadType=DatanodeDetails, name='Datanode_Command_Queue_Updated'}
2022-12-19 18:39:48,963 [pool-564-thread-1] INFO  server.RaftServerConfigKeys (ConfUtils.java:logGet(46)) - raft.server.log.segment.cache.num.max = 2 (custom)
2022-12-19 18:39:48,963 [pool-564-thread-1] INFO  server.RaftServerConfigKeys (ConfUtils.java:logGet(46)) - raft.server.log.segment.cache.size.max = 200MB (=209715200) (default)
2022-12-19 18:39:48,963 [pool-564-thread-1] INFO  segmented.SegmentedRaftLogWorker (SegmentedRaftLogWorker.java:<init>(189)) - new bb729a89-1f9d-479b-ba94-fb09a3e8e4eb@group-36058ED0B8A3-SegmentedRaftLogWorker for RaftStorageImpl:Storage Directory /home/runner/work/ozone/ozone/hadoop-ozone/integration-test/target/test-dir/MiniOzoneClusterImpl-5ce33d81-cd12-4481-bdd0-3091a3c691f6/datanode-1/data/ratis/ab9d739f-0530-43cf-bfdf-36058ed0b8a3
2022-12-19 18:39:48,963 [pool-564-thread-1] INFO  server.RaftServerConfigKeys (ConfUtils.java:logGet(46)) - raft.server.log.queue.byte-limit = 4294967296 (custom)
2022-12-19 18:39:48,964 [pool-564-thread-1] INFO  server.RaftServerConfigKeys (ConfUtils.java:logGet(46)) - raft.server.log.queue.element-limit = 1024 (custom)
2022-12-19 18:39:48,964 [pool-564-thread-1] INFO  server.RaftServerConfigKeys (ConfUtils.java:logGet(46)) - raft.server.log.segment.size.max = 1048576 (custom)
2022-12-19 18:39:48,964 [pool-564-thread-1] INFO  server.RaftServerConfigKeys (ConfUtils.java:logGet(46)) - raft.server.log.preallocated.size = 16384 (custom)
2022-12-19 18:39:48,964 [pool-564-thread-1] INFO  server.RaftServerConfigKeys (ConfUtils.java:logGet(46)) - raft.server.log.force.sync.num = 128 (default)
2022-12-19 18:39:48,964 [pool-564-thread-1] INFO  server.RaftServerConfigKeys (ConfUtils.java:logGet(46)) - raft.server.log.statemachine.data.sync = true (default)
2022-12-19 18:39:48,964 [pool-564-thread-1] INFO  server.RaftServerConfigKeys (ConfUtils.java:logGet(46)) - raft.server.log.statemachine.data.sync.timeout = 10s (default)
2022-12-19 18:39:48,964 [pool-564-thread-1] INFO  server.RaftServerConfigKeys (ConfUtils.java:logGet(46)) - raft.server.log.statemachine.data.sync.timeout.retry = -1 (default)
2022-12-19 18:39:48,966 [pool-564-thread-1] INFO  server.RaftServerConfigKeys (ConfUtils.java:logGet(46)) - raft.server.log.write.buffer.size = 1048576 (custom)
2022-12-19 18:39:48,967 [pool-564-thread-1] INFO  server.RaftServerConfigKeys (ConfUtils.java:logGet(46)) - raft.server.log.appender.buffer.byte-limit = 33554432 (custom)
2022-12-19 18:39:49,011 [pool-564-thread-1] INFO  server.RaftServerConfigKeys (ConfUtils.java:logGet(46)) - raft.server.log.unsafe-flush.enabled = false (default)
2022-12-19 18:39:49,012 [pool-564-thread-1] INFO  server.RaftServerConfigKeys (ConfUtils.java:logGet(46)) - raft.server.log.async-flush.enabled = false (default)
2022-12-19 18:39:49,012 [pool-564-thread-1] INFO  server.RaftServerConfigKeys (ConfUtils.java:logGet(46)) - raft.server.log.statemachine.data.caching.enabled = true (custom)
2022-12-19 18:39:49,012 [pool-564-thread-1] INFO  segmented.SegmentedRaftLogWorker (SegmentedRaftLogWorker.java:lambda$new$0(135)) - bb729a89-1f9d-479b-ba94-fb09a3e8e4eb@group-36058ED0B8A3-SegmentedRaftLogWorker: flushIndex: setUnconditionally 0 -> -1
2022-12-19 18:39:49,012 [pool-564-thread-1] INFO  segmented.SegmentedRaftLogWorker (SegmentedRaftLogWorker.java:lambda$new$0(135)) - bb729a89-1f9d-479b-ba94-fb09a3e8e4eb@group-36058ED0B8A3-SegmentedRaftLogWorker: safeCacheEvictIndex: setUnconditionally 0 -> -1
2022-12-19 18:39:49,012 [pool-564-thread-1] INFO  server.RaftServer$Division (RaftServerImpl.java:start(334)) - bb729a89-1f9d-479b-ba94-fb09a3e8e4eb@group-36058ED0B8A3: start as a follower, conf=-1: peers:[daa36c1e-9cf4-4c94-819a-0a52a71ceb67|rpc:10.1.0.24:37077|dataStream:10.1.0.24:39585|priority:0|startupRole:FOLLOWER, bb729a89-1f9d-479b-ba94-fb09a3e8e4eb|rpc:10.1.0.24:38595|dataStream:10.1.0.24:37531|priority:1|startupRole:FOLLOWER, 12d62a03-33f5-4ac8-ab31-68f2c1a01619|rpc:10.1.0.24:44073|dataStream:10.1.0.24:40631|priority:0|startupRole:FOLLOWER]|listeners:[], old=null
2022-12-19 18:39:49,012 [pool-564-thread-1] INFO  server.RaftServer$Division (RaftServerImpl.java:setRole(321)) - bb729a89-1f9d-479b-ba94-fb09a3e8e4eb@group-36058ED0B8A3: changes role from      null to FOLLOWER at term 0 for startAsFollower
2022-12-19 18:39:49,012 [pool-564-thread-1] INFO  impl.RoleInfo (RoleInfo.java:updateAndGet(139)) - bb729a89-1f9d-479b-ba94-fb09a3e8e4eb: start bb729a89-1f9d-479b-ba94-fb09a3e8e4eb@group-36058ED0B8A3-FollowerState
2022-12-19 18:39:49,015 [pool-564-thread-1] INFO  util.JmxRegister (JmxRegister.java:tryRegister(44)) - Successfully registered JMX Bean with object name Ratis:service=RaftServer,group=group-36058ED0B8A3,id=bb729a89-1f9d-479b-ba94-fb09a3e8e4eb
2022-12-19 18:39:49,015 [pool-564-thread-1] INFO  server.RaftServerConfigKeys (ConfUtils.java:logGet(46)) - raft.server.snapshot.auto.trigger.enabled = true (custom)
2022-12-19 18:39:49,015 [pool-564-thread-1] INFO  server.RaftServerConfigKeys (ConfUtils.java:logGet(46)) - raft.server.snapshot.auto.trigger.threshold = 10000 (custom)
2022-12-19 18:39:49,015 [pool-564-thread-1] INFO  server.RaftServerConfigKeys (ConfUtils.java:logGet(46)) - raft.server.snapshot.retention.file.num = 5 (custom)
2022-12-19 18:39:49,015 [pool-564-thread-1] INFO  server.RaftServerConfigKeys (ConfUtils.java:logGet(46)) - raft.server.log.purge.upto.snapshot.index = false (default)
2022-12-19 18:39:49,016 [bb729a89-1f9d-479b-ba94-fb09a3e8e4eb@group-36058ED0B8A3-FollowerState] INFO  server.RaftServerConfigKeys (ConfUtils.java:logFallback(53)) - raft.server.rpc.first-election.timeout.min = 5s (fallback to raft.server.rpc.timeout.min)
2022-12-19 18:39:49,016 [bb729a89-1f9d-479b-ba94-fb09a3e8e4eb@group-36058ED0B8A3-FollowerState] INFO  server.RaftServerConfigKeys (ConfUtils.java:logFallback(53)) - raft.server.rpc.first-election.timeout.max = 5200ms (fallback to raft.server.rpc.timeout.max)
2022-12-19 18:39:49,028 [grpc-default-executor-0] INFO  server.RaftServer (RaftServerProxy.java:addNew(96)) - 12d62a03-33f5-4ac8-ab31-68f2c1a01619: addNew group-36058ED0B8A3:[daa36c1e-9cf4-4c94-819a-0a52a71ceb67|rpc:10.1.0.24:37077|dataStream:10.1.0.24:39585|priority:0|startupRole:FOLLOWER, bb729a89-1f9d-479b-ba94-fb09a3e8e4eb|rpc:10.1.0.24:38595|dataStream:10.1.0.24:37531|priority:1|startupRole:FOLLOWER, 12d62a03-33f5-4ac8-ab31-68f2c1a01619|rpc:10.1.0.24:44073|dataStream:10.1.0.24:40631|priority:0|startupRole:FOLLOWER] returns group-36058ED0B8A3:java.util.concurrent.CompletableFuture@1456b907[Not completed]
2022-12-19 18:39:49,029 [pool-587-thread-1] INFO  server.RaftServer$Division (RaftServerImpl.java:<init>(195)) - 12d62a03-33f5-4ac8-ab31-68f2c1a01619: new RaftServerImpl for group-36058ED0B8A3:[daa36c1e-9cf4-4c94-819a-0a52a71ceb67|rpc:10.1.0.24:37077|dataStream:10.1.0.24:39585|priority:0|startupRole:FOLLOWER, bb729a89-1f9d-479b-ba94-fb09a3e8e4eb|rpc:10.1.0.24:38595|dataStream:10.1.0.24:37531|priority:1|startupRole:FOLLOWER, 12d62a03-33f5-4ac8-ab31-68f2c1a01619|rpc:10.1.0.24:44073|dataStream:10.1.0.24:40631|priority:0|startupRole:FOLLOWER] with ContainerStateMachine:uninitialized
2022-12-19 18:39:49,029 [pool-587-thread-1] INFO  server.RaftServerConfigKeys (ConfUtils.java:logGet(46)) - raft.server.rpc.timeout.min = 5s (custom)
2022-12-19 18:39:49,029 [pool-587-thread-1] INFO  server.RaftServerConfigKeys (ConfUtils.java:logGet(46)) - raft.server.rpc.timeout.max = 5200ms (custom)
2022-12-19 18:39:49,029 [pool-587-thread-1] INFO  server.RaftServerConfigKeys (ConfUtils.java:logGet(46)) - raft.server.rpc.sleep.time = 25ms (default)
2022-12-19 18:39:49,029 [pool-587-thread-1] INFO  server.RaftServerConfigKeys (ConfUtils.java:logGet(46)) - raft.server.rpc.slowness.timeout = 300s (custom)
2022-12-19 18:39:49,029 [pool-587-thread-1] INFO  server.RaftServerConfigKeys (ConfUtils.java:logGet(46)) - raft.server.leaderelection.leader.step-down.wait-time = 10s (default)
2022-12-19 18:39:49,029 [pool-587-thread-1] INFO  server.RaftServerConfigKeys (ConfUtils.java:logGet(46)) - raft.server.sleep.deviation.threshold = 300ms (default)
2022-12-19 18:39:49,029 [pool-587-thread-1] INFO  server.RaftServer$Division (ServerState.java:<init>(118)) - 12d62a03-33f5-4ac8-ab31-68f2c1a01619@group-36058ED0B8A3: ConfigurationManager, init=-1: peers:[daa36c1e-9cf4-4c94-819a-0a52a71ceb67|rpc:10.1.0.24:37077|dataStream:10.1.0.24:39585|priority:0|startupRole:FOLLOWER, bb729a89-1f9d-479b-ba94-fb09a3e8e4eb|rpc:10.1.0.24:38595|dataStream:10.1.0.24:37531|priority:1|startupRole:FOLLOWER, 12d62a03-33f5-4ac8-ab31-68f2c1a01619|rpc:10.1.0.24:44073|dataStream:10.1.0.24:40631|priority:0|startupRole:FOLLOWER]|listeners:[], old=null, confs=<EMPTY_MAP>
2022-12-19 18:39:49,029 [pool-587-thread-1] INFO  server.RaftServerConfigKeys (ConfUtils.java:logGet(46)) - raft.server.storage.dir = [/home/runner/work/ozone/ozone/hadoop-ozone/integration-test/target/test-dir/MiniOzoneClusterImpl-5ce33d81-cd12-4481-bdd0-3091a3c691f6/datanode-2/data/ratis] (custom)
2022-12-19 18:39:49,029 [pool-587-thread-1] INFO  server.RaftServerConfigKeys (ConfUtils.java:logGet(46)) - raft.server.log.corruption.policy = EXCEPTION (default)
2022-12-19 18:39:49,029 [pool-587-thread-1] INFO  server.RaftServerConfigKeys (ConfUtils.java:logGet(46)) - raft.server.storage.free-space.min = 0MB (=0) (default)
2022-12-19 18:39:49,029 [pool-587-thread-1] INFO  server.RaftServerConfigKeys (ConfUtils.java:logGet(46)) - raft.server.notification.no-leader.timeout = 300s (custom)
2022-12-19 18:39:49,029 [pool-587-thread-1] INFO  server.RaftServerConfigKeys (ConfUtils.java:logGet(46)) - raft.server.retrycache.expirytime = 600000ms (custom)
2022-12-19 18:39:49,029 [pool-587-thread-1] INFO  server.RaftServerConfigKeys (ConfUtils.java:logGet(46)) - raft.server.retrycache.statistics.expirytime = 100μs (default)
2022-12-19 18:39:49,030 [pool-587-thread-1] INFO  server.RaftServerConfigKeys (ConfUtils.java:logGet(46)) - raft.server.log.appender.install.snapshot.enabled = false (custom)
2022-12-19 18:39:49,030 [pool-587-thread-1] INFO  server.RaftServerConfigKeys (ConfUtils.java:logGet(46)) - raft.server.threadpool.server.cached = true (default)
2022-12-19 18:39:49,030 [pool-587-thread-1] INFO  server.RaftServerConfigKeys (ConfUtils.java:logGet(46)) - raft.server.threadpool.server.size = 0 (default)
2022-12-19 18:39:49,030 [pool-587-thread-1] INFO  server.RaftServerConfigKeys (ConfUtils.java:logGet(46)) - raft.server.threadpool.client.cached = true (default)
2022-12-19 18:39:49,030 [pool-587-thread-1] INFO  server.RaftServerConfigKeys (ConfUtils.java:logGet(46)) - raft.server.threadpool.client.size = 0 (default)
2022-12-19 18:39:49,031 [pool-587-thread-1] INFO  storage.RaftStorageDirectory (RaftStorageDirectoryImpl.java:analyzeStorage(137)) - The storage directory /home/runner/work/ozone/ozone/hadoop-ozone/integration-test/target/test-dir/MiniOzoneClusterImpl-5ce33d81-cd12-4481-bdd0-3091a3c691f6/datanode-2/data/ratis/ab9d739f-0530-43cf-bfdf-36058ed0b8a3 does not exist. Creating ...
2022-12-19 18:39:49,032 [pool-587-thread-1] INFO  storage.RaftStorageDirectory (RaftStorageDirectoryImpl.java:tryLock(231)) - Lock on /home/runner/work/ozone/ozone/hadoop-ozone/integration-test/target/test-dir/MiniOzoneClusterImpl-5ce33d81-cd12-4481-bdd0-3091a3c691f6/datanode-2/data/ratis/ab9d739f-0530-43cf-bfdf-36058ed0b8a3/in_use.lock acquired by nodename 10449@fv-az353-760
2022-12-19 18:39:49,034 [pool-587-thread-1] INFO  storage.RaftStorage (RaftStorageImpl.java:format(96)) - Storage directory /home/runner/work/ozone/ozone/hadoop-ozone/integration-test/target/test-dir/MiniOzoneClusterImpl-5ce33d81-cd12-4481-bdd0-3091a3c691f6/datanode-2/data/ratis/ab9d739f-0530-43cf-bfdf-36058ed0b8a3 has been successfully formatted.
2022-12-19 18:39:49,035 [pool-587-thread-1] INFO  ratis.ContainerStateMachine (ContainerStateMachine.java:loadSnapshot(240)) - group-36058ED0B8A3: The snapshot info is null. Setting the last applied indexto:(t:0, i:~)
2022-12-19 18:39:49,036 [pool-587-thread-1] INFO  server.RaftServerConfigKeys (ConfUtils.java:logGet(46)) - raft.server.log.use.memory = false (default)
2022-12-19 18:39:49,036 [EventQueue-CommandQueueReportForCommandQueueReportHandler] WARN  events.EventQueue (EventQueue.java:fireEvent(216)) - No event handler registered for event TypedEvent{payloadType=DatanodeDetails, name='Datanode_Command_Queue_Updated'}
2022-12-19 18:39:49,036 [pool-587-thread-1] INFO  server.RaftServerConfigKeys (ConfUtils.java:logGet(46)) - raft.server.log.purge.gap = 1000000 (custom)
2022-12-19 18:39:49,036 [pool-587-thread-1] INFO  server.RaftServerConfigKeys (ConfUtils.java:logGet(46)) - raft.server.log.appender.buffer.byte-limit = 33554432 (custom)
2022-12-19 18:39:49,036 [pool-587-thread-1] INFO  server.RaftServerConfigKeys (ConfUtils.java:logGet(46)) - raft.server.log.statemachine.data.read.timeout = 1000ms (default)
2022-12-19 18:39:49,036 [pool-587-thread-1] INFO  server.RaftServerConfigKeys (ConfUtils.java:logGet(46)) - raft.server.log.purge.preservation.log.num = 0 (default)
2022-12-19 18:39:49,036 [pool-587-thread-1] INFO  server.RaftServerConfigKeys (ConfUtils.java:logGet(46)) - raft.server.log.segment.size.max = 1048576 (custom)
2022-12-19 18:39:49,037 [pool-587-thread-1] INFO  server.RaftServerConfigKeys (ConfUtils.java:logGet(46)) - raft.server.log.segment.cache.num.max = 2 (custom)
2022-12-19 18:39:49,037 [pool-587-thread-1] INFO  server.RaftServerConfigKeys (ConfUtils.java:logGet(46)) - raft.server.log.segment.cache.size.max = 200MB (=209715200) (default)
2022-12-19 18:39:49,037 [pool-587-thread-1] INFO  segmented.SegmentedRaftLogWorker (SegmentedRaftLogWorker.java:<init>(189)) - new 12d62a03-33f5-4ac8-ab31-68f2c1a01619@group-36058ED0B8A3-SegmentedRaftLogWorker for RaftStorageImpl:Storage Directory /home/runner/work/ozone/ozone/hadoop-ozone/integration-test/target/test-dir/MiniOzoneClusterImpl-5ce33d81-cd12-4481-bdd0-3091a3c691f6/datanode-2/data/ratis/ab9d739f-0530-43cf-bfdf-36058ed0b8a3
2022-12-19 18:39:49,037 [pool-587-thread-1] INFO  server.RaftServerConfigKeys (ConfUtils.java:logGet(46)) - raft.server.log.queue.byte-limit = 4294967296 (custom)
2022-12-19 18:39:49,037 [pool-587-thread-1] INFO  server.RaftServerConfigKeys (ConfUtils.java:logGet(46)) - raft.server.log.queue.element-limit = 1024 (custom)
2022-12-19 18:39:49,037 [pool-587-thread-1] INFO  server.RaftServerConfigKeys (ConfUtils.java:logGet(46)) - raft.server.log.segment.size.max = 1048576 (custom)
2022-12-19 18:39:49,037 [pool-587-thread-1] INFO  server.RaftServerConfigKeys (ConfUtils.java:logGet(46)) - raft.server.log.preallocated.size = 16384 (custom)
2022-12-19 18:39:49,037 [pool-587-thread-1] INFO  server.RaftServerConfigKeys (ConfUtils.java:logGet(46)) - raft.server.log.force.sync.num = 128 (default)
2022-12-19 18:39:49,037 [pool-587-thread-1] INFO  server.RaftServerConfigKeys (ConfUtils.java:logGet(46)) - raft.server.log.statemachine.data.sync = true (default)
2022-12-19 18:39:49,037 [pool-587-thread-1] INFO  server.RaftServerConfigKeys (ConfUtils.java:logGet(46)) - raft.server.log.statemachine.data.sync.timeout = 10s (default)
2022-12-19 18:39:49,037 [pool-587-thread-1] INFO  server.RaftServerConfigKeys (ConfUtils.java:logGet(46)) - raft.server.log.statemachine.data.sync.timeout.retry = -1 (default)
2022-12-19 18:39:49,038 [pool-587-thread-1] INFO  server.RaftServerConfigKeys (ConfUtils.java:logGet(46)) - raft.server.log.write.buffer.size = 1048576 (custom)
2022-12-19 18:39:49,039 [pool-587-thread-1] INFO  server.RaftServerConfigKeys (ConfUtils.java:logGet(46)) - raft.server.log.appender.buffer.byte-limit = 33554432 (custom)
2022-12-19 18:39:49,041 [pool-587-thread-1] INFO  server.RaftServerConfigKeys (ConfUtils.java:logGet(46)) - raft.server.log.unsafe-flush.enabled = false (default)
2022-12-19 18:39:49,041 [pool-587-thread-1] INFO  server.RaftServerConfigKeys (ConfUtils.java:logGet(46)) - raft.server.log.async-flush.enabled = false (default)
2022-12-19 18:39:49,041 [pool-587-thread-1] INFO  server.RaftServerConfigKeys (ConfUtils.java:logGet(46)) - raft.server.log.statemachine.data.caching.enabled = true (custom)
2022-12-19 18:39:49,042 [pool-587-thread-1] INFO  segmented.SegmentedRaftLogWorker (SegmentedRaftLogWorker.java:lambda$new$0(135)) - 12d62a03-33f5-4ac8-ab31-68f2c1a01619@group-36058ED0B8A3-SegmentedRaftLogWorker: flushIndex: setUnconditionally 0 -> -1
2022-12-19 18:39:49,042 [pool-587-thread-1] INFO  segmented.SegmentedRaftLogWorker (SegmentedRaftLogWorker.java:lambda$new$0(135)) - 12d62a03-33f5-4ac8-ab31-68f2c1a01619@group-36058ED0B8A3-SegmentedRaftLogWorker: safeCacheEvictIndex: setUnconditionally 0 -> -1
2022-12-19 18:39:49,042 [pool-587-thread-1] INFO  server.RaftServer$Division (RaftServerImpl.java:start(334)) - 12d62a03-33f5-4ac8-ab31-68f2c1a01619@group-36058ED0B8A3: start as a follower, conf=-1: peers:[daa36c1e-9cf4-4c94-819a-0a52a71ceb67|rpc:10.1.0.24:37077|dataStream:10.1.0.24:39585|priority:0|startupRole:FOLLOWER, bb729a89-1f9d-479b-ba94-fb09a3e8e4eb|rpc:10.1.0.24:38595|dataStream:10.1.0.24:37531|priority:1|startupRole:FOLLOWER, 12d62a03-33f5-4ac8-ab31-68f2c1a01619|rpc:10.1.0.24:44073|dataStream:10.1.0.24:40631|priority:0|startupRole:FOLLOWER]|listeners:[], old=null
2022-12-19 18:39:49,042 [pool-587-thread-1] INFO  server.RaftServer$Division (RaftServerImpl.java:setRole(321)) - 12d62a03-33f5-4ac8-ab31-68f2c1a01619@group-36058ED0B8A3: changes role from      null to FOLLOWER at term 0 for startAsFollower
2022-12-19 18:39:49,042 [pool-587-thread-1] INFO  impl.RoleInfo (RoleInfo.java:updateAndGet(139)) - 12d62a03-33f5-4ac8-ab31-68f2c1a01619: start 12d62a03-33f5-4ac8-ab31-68f2c1a01619@group-36058ED0B8A3-FollowerState
2022-12-19 18:39:49,042 [pool-587-thread-1] INFO  util.JmxRegister (JmxRegister.java:tryRegister(44)) - Successfully registered JMX Bean with object name Ratis:service=RaftServer,group=group-36058ED0B8A3,id=12d62a03-33f5-4ac8-ab31-68f2c1a01619
2022-12-19 18:39:49,042 [12d62a03-33f5-4ac8-ab31-68f2c1a01619@group-36058ED0B8A3-FollowerState] INFO  server.RaftServerConfigKeys (ConfUtils.java:logFallback(53)) - raft.server.rpc.first-election.timeout.min = 5s (fallback to raft.server.rpc.timeout.min)
2022-12-19 18:39:49,042 [pool-587-thread-1] INFO  server.RaftServerConfigKeys (ConfUtils.java:logGet(46)) - raft.server.snapshot.auto.trigger.enabled = true (custom)
2022-12-19 18:39:49,042 [12d62a03-33f5-4ac8-ab31-68f2c1a01619@group-36058ED0B8A3-FollowerState] INFO  server.RaftServerConfigKeys (ConfUtils.java:logFallback(53)) - raft.server.rpc.first-election.timeout.max = 5200ms (fallback to raft.server.rpc.timeout.max)
2022-12-19 18:39:49,042 [pool-587-thread-1] INFO  server.RaftServerConfigKeys (ConfUtils.java:logGet(46)) - raft.server.snapshot.auto.trigger.threshold = 10000 (custom)
2022-12-19 18:39:49,042 [pool-587-thread-1] INFO  server.RaftServerConfigKeys (ConfUtils.java:logGet(46)) - raft.server.snapshot.retention.file.num = 5 (custom)
2022-12-19 18:39:49,042 [pool-587-thread-1] INFO  server.RaftServerConfigKeys (ConfUtils.java:logGet(46)) - raft.server.log.purge.upto.snapshot.index = false (default)
2022-12-19 18:39:49,047 [Command processor thread] INFO  commandhandler.CreatePipelineCommandHandler (CreatePipelineCommandHandler.java:handle(113)) - Created Pipeline RATIS THREE PipelineID=ab9d739f-0530-43cf-bfdf-36058ed0b8a3.
2022-12-19 18:39:49,080 [EventQueue-CommandQueueReportForCommandQueueReportHandler] WARN  events.EventQueue (EventQueue.java:fireEvent(216)) - No event handler registered for event TypedEvent{payloadType=DatanodeDetails, name='Datanode_Command_Queue_Updated'}
2022-12-19 18:39:49,365 [Listener at 127.0.0.1/39295] INFO  ozone.MiniOzoneClusterImpl (MiniOzoneClusterImpl.java:lambda$waitForClusterToBeReady$0(217)) - Nodes are ready. Got 6 of 6 DN Heartbeats.
2022-12-19 18:39:49,365 [Listener at 127.0.0.1/39295] INFO  ozone.MiniOzoneClusterImpl (MiniOzoneClusterImpl.java:lambda$waitForClusterToBeReady$0(220)) - Waiting for cluster to exit safe mode
2022-12-19 18:39:49,365 [Listener at 127.0.0.1/39295] INFO  ozone.MiniOzoneClusterImpl (MiniOzoneClusterImpl.java:lambda$waitForClusterToBeReady$0(222)) - SCM became leader
2022-12-19 18:39:49,370 [EventQueue-CommandQueueReportForCommandQueueReportHandler] WARN  events.EventQueue (EventQueue.java:fireEvent(216)) - No event handler registered for event TypedEvent{payloadType=DatanodeDetails, name='Datanode_Command_Queue_Updated'}
2022-12-19 18:39:49,791 [Command processor thread] INFO  server.RaftServer (RaftServerProxy.java:addNew(96)) - 156d136a-08eb-462a-8e45-2bca38fc9d49: addNew group-1926F592E147:[f143390d-7c87-4621-8359-d245efaa75b3|rpc:10.1.0.24:44783|dataStream:10.1.0.24:41301|priority:0|startupRole:FOLLOWER, 156d136a-08eb-462a-8e45-2bca38fc9d49|rpc:10.1.0.24:44445|dataStream:10.1.0.24:42007|priority:0|startupRole:FOLLOWER, 72a8f579-b929-42a4-a748-3b6f638fc788|rpc:10.1.0.24:40679|dataStream:10.1.0.24:37423|priority:1|startupRole:FOLLOWER] returns group-1926F592E147:java.util.concurrent.CompletableFuture@25cbf138[Not completed]
2022-12-19 18:39:49,792 [pool-610-thread-1] INFO  server.RaftServer$Division (RaftServerImpl.java:<init>(195)) - 156d136a-08eb-462a-8e45-2bca38fc9d49: new RaftServerImpl for group-1926F592E147:[f143390d-7c87-4621-8359-d245efaa75b3|rpc:10.1.0.24:44783|dataStream:10.1.0.24:41301|priority:0|startupRole:FOLLOWER, 156d136a-08eb-462a-8e45-2bca38fc9d49|rpc:10.1.0.24:44445|dataStream:10.1.0.24:42007|priority:0|startupRole:FOLLOWER, 72a8f579-b929-42a4-a748-3b6f638fc788|rpc:10.1.0.24:40679|dataStream:10.1.0.24:37423|priority:1|startupRole:FOLLOWER] with ContainerStateMachine:uninitialized
2022-12-19 18:39:49,792 [pool-610-thread-1] INFO  server.RaftServerConfigKeys (ConfUtils.java:logGet(46)) - raft.server.rpc.timeout.min = 5s (custom)
2022-12-19 18:39:49,792 [pool-610-thread-1] INFO  server.RaftServerConfigKeys (ConfUtils.java:logGet(46)) - raft.server.rpc.timeout.max = 5200ms (custom)
2022-12-19 18:39:49,792 [pool-610-thread-1] INFO  server.RaftServerConfigKeys (ConfUtils.java:logGet(46)) - raft.server.rpc.sleep.time = 25ms (default)
2022-12-19 18:39:49,792 [pool-610-thread-1] INFO  server.RaftServerConfigKeys (ConfUtils.java:logGet(46)) - raft.server.rpc.slowness.timeout = 300s (custom)
2022-12-19 18:39:49,792 [pool-610-thread-1] INFO  server.RaftServerConfigKeys (ConfUtils.java:logGet(46)) - raft.server.leaderelection.leader.step-down.wait-time = 10s (default)
2022-12-19 18:39:49,792 [pool-610-thread-1] INFO  server.RaftServerConfigKeys (ConfUtils.java:logGet(46)) - raft.server.sleep.deviation.threshold = 300ms (default)
2022-12-19 18:39:49,792 [pool-610-thread-1] INFO  server.RaftServer$Division (ServerState.java:<init>(118)) - 156d136a-08eb-462a-8e45-2bca38fc9d49@group-1926F592E147: ConfigurationManager, init=-1: peers:[f143390d-7c87-4621-8359-d245efaa75b3|rpc:10.1.0.24:44783|dataStream:10.1.0.24:41301|priority:0|startupRole:FOLLOWER, 156d136a-08eb-462a-8e45-2bca38fc9d49|rpc:10.1.0.24:44445|dataStream:10.1.0.24:42007|priority:0|startupRole:FOLLOWER, 72a8f579-b929-42a4-a748-3b6f638fc788|rpc:10.1.0.24:40679|dataStream:10.1.0.24:37423|priority:1|startupRole:FOLLOWER]|listeners:[], old=null, confs=<EMPTY_MAP>
2022-12-19 18:39:49,793 [pool-610-thread-1] INFO  server.RaftServerConfigKeys (ConfUtils.java:logGet(46)) - raft.server.storage.dir = [/home/runner/work/ozone/ozone/hadoop-ozone/integration-test/target/test-dir/MiniOzoneClusterImpl-5ce33d81-cd12-4481-bdd0-3091a3c691f6/datanode-3/data/ratis] (custom)
2022-12-19 18:39:49,793 [pool-610-thread-1] INFO  server.RaftServerConfigKeys (ConfUtils.java:logGet(46)) - raft.server.log.corruption.policy = EXCEPTION (default)
2022-12-19 18:39:49,793 [pool-610-thread-1] INFO  server.RaftServerConfigKeys (ConfUtils.java:logGet(46)) - raft.server.storage.free-space.min = 0MB (=0) (default)
2022-12-19 18:39:49,793 [pool-610-thread-1] INFO  server.RaftServerConfigKeys (ConfUtils.java:logGet(46)) - raft.server.notification.no-leader.timeout = 300s (custom)
2022-12-19 18:39:49,793 [pool-610-thread-1] INFO  server.RaftServerConfigKeys (ConfUtils.java:logGet(46)) - raft.server.retrycache.expirytime = 600000ms (custom)
2022-12-19 18:39:49,793 [pool-610-thread-1] INFO  server.RaftServerConfigKeys (ConfUtils.java:logGet(46)) - raft.server.retrycache.statistics.expirytime = 100μs (default)
2022-12-19 18:39:49,794 [pool-610-thread-1] INFO  server.RaftServerConfigKeys (ConfUtils.java:logGet(46)) - raft.server.log.appender.install.snapshot.enabled = false (custom)
2022-12-19 18:39:49,794 [pool-610-thread-1] INFO  server.RaftServerConfigKeys (ConfUtils.java:logGet(46)) - raft.server.threadpool.server.cached = true (default)
2022-12-19 18:39:49,794 [pool-610-thread-1] INFO  server.RaftServerConfigKeys (ConfUtils.java:logGet(46)) - raft.server.threadpool.server.size = 0 (default)
2022-12-19 18:39:49,794 [pool-610-thread-1] INFO  server.RaftServerConfigKeys (ConfUtils.java:logGet(46)) - raft.server.threadpool.client.cached = true (default)
2022-12-19 18:39:49,794 [pool-610-thread-1] INFO  server.RaftServerConfigKeys (ConfUtils.java:logGet(46)) - raft.server.threadpool.client.size = 0 (default)
2022-12-19 18:39:49,794 [pool-610-thread-1] INFO  storage.RaftStorageDirectory (RaftStorageDirectoryImpl.java:analyzeStorage(137)) - The storage directory /home/runner/work/ozone/ozone/hadoop-ozone/integration-test/target/test-dir/MiniOzoneClusterImpl-5ce33d81-cd12-4481-bdd0-3091a3c691f6/datanode-3/data/ratis/6e6fa98d-bd67-42c3-841f-1926f592e147 does not exist. Creating ...
2022-12-19 18:39:49,796 [pool-610-thread-1] INFO  storage.RaftStorageDirectory (RaftStorageDirectoryImpl.java:tryLock(231)) - Lock on /home/runner/work/ozone/ozone/hadoop-ozone/integration-test/target/test-dir/MiniOzoneClusterImpl-5ce33d81-cd12-4481-bdd0-3091a3c691f6/datanode-3/data/ratis/6e6fa98d-bd67-42c3-841f-1926f592e147/in_use.lock acquired by nodename 10449@fv-az353-760
2022-12-19 18:39:49,797 [pool-610-thread-1] INFO  storage.RaftStorage (RaftStorageImpl.java:format(96)) - Storage directory /home/runner/work/ozone/ozone/hadoop-ozone/integration-test/target/test-dir/MiniOzoneClusterImpl-5ce33d81-cd12-4481-bdd0-3091a3c691f6/datanode-3/data/ratis/6e6fa98d-bd67-42c3-841f-1926f592e147 has been successfully formatted.
2022-12-19 18:39:49,798 [pool-610-thread-1] INFO  ratis.ContainerStateMachine (ContainerStateMachine.java:loadSnapshot(240)) - group-1926F592E147: The snapshot info is null. Setting the last applied indexto:(t:0, i:~)
2022-12-19 18:39:49,798 [pool-610-thread-1] INFO  server.RaftServerConfigKeys (ConfUtils.java:logGet(46)) - raft.server.log.use.memory = false (default)
2022-12-19 18:39:49,798 [pool-610-thread-1] INFO  server.RaftServerConfigKeys (ConfUtils.java:logGet(46)) - raft.server.log.purge.gap = 1000000 (custom)
2022-12-19 18:39:49,799 [EventQueue-CommandQueueReportForCommandQueueReportHandler] WARN  events.EventQueue (EventQueue.java:fireEvent(216)) - No event handler registered for event TypedEvent{payloadType=DatanodeDetails, name='Datanode_Command_Queue_Updated'}
2022-12-19 18:39:49,801 [pool-610-thread-1] INFO  server.RaftServerConfigKeys (ConfUtils.java:logGet(46)) - raft.server.log.appender.buffer.byte-limit = 33554432 (custom)
2022-12-19 18:39:49,801 [pool-610-thread-1] INFO  server.RaftServerConfigKeys (ConfUtils.java:logGet(46)) - raft.server.log.statemachine.data.read.timeout = 1000ms (default)
2022-12-19 18:39:49,801 [pool-610-thread-1] INFO  server.RaftServerConfigKeys (ConfUtils.java:logGet(46)) - raft.server.log.purge.preservation.log.num = 0 (default)
2022-12-19 18:39:49,801 [pool-610-thread-1] INFO  server.RaftServerConfigKeys (ConfUtils.java:logGet(46)) - raft.server.log.segment.size.max = 1048576 (custom)
2022-12-19 18:39:49,801 [pool-610-thread-1] INFO  server.RaftServerConfigKeys (ConfUtils.java:logGet(46)) - raft.server.log.segment.cache.num.max = 2 (custom)
2022-12-19 18:39:49,801 [pool-610-thread-1] INFO  server.RaftServerConfigKeys (ConfUtils.java:logGet(46)) - raft.server.log.segment.cache.size.max = 200MB (=209715200) (default)
2022-12-19 18:39:49,801 [pool-610-thread-1] INFO  segmented.SegmentedRaftLogWorker (SegmentedRaftLogWorker.java:<init>(189)) - new 156d136a-08eb-462a-8e45-2bca38fc9d49@group-1926F592E147-SegmentedRaftLogWorker for RaftStorageImpl:Storage Directory /home/runner/work/ozone/ozone/hadoop-ozone/integration-test/target/test-dir/MiniOzoneClusterImpl-5ce33d81-cd12-4481-bdd0-3091a3c691f6/datanode-3/data/ratis/6e6fa98d-bd67-42c3-841f-1926f592e147
2022-12-19 18:39:49,802 [pool-610-thread-1] INFO  server.RaftServerConfigKeys (ConfUtils.java:logGet(46)) - raft.server.log.queue.byte-limit = 4294967296 (custom)
2022-12-19 18:39:49,802 [pool-610-thread-1] INFO  server.RaftServerConfigKeys (ConfUtils.java:logGet(46)) - raft.server.log.queue.element-limit = 1024 (custom)
2022-12-19 18:39:49,802 [pool-610-thread-1] INFO  server.RaftServerConfigKeys (ConfUtils.java:logGet(46)) - raft.server.log.segment.size.max = 1048576 (custom)
2022-12-19 18:39:49,802 [pool-610-thread-1] INFO  server.RaftServerConfigKeys (ConfUtils.java:logGet(46)) - raft.server.log.preallocated.size = 16384 (custom)
2022-12-19 18:39:49,802 [pool-610-thread-1] INFO  server.RaftServerConfigKeys (ConfUtils.java:logGet(46)) - raft.server.log.force.sync.num = 128 (default)
2022-12-19 18:39:49,802 [pool-610-thread-1] INFO  server.RaftServerConfigKeys (ConfUtils.java:logGet(46)) - raft.server.log.statemachine.data.sync = true (default)
2022-12-19 18:39:49,802 [pool-610-thread-1] INFO  server.RaftServerConfigKeys (ConfUtils.java:logGet(46)) - raft.server.log.statemachine.data.sync.timeout = 10s (default)
2022-12-19 18:39:49,802 [pool-610-thread-1] INFO  server.RaftServerConfigKeys (ConfUtils.java:logGet(46)) - raft.server.log.statemachine.data.sync.timeout.retry = -1 (default)
2022-12-19 18:39:49,803 [pool-610-thread-1] INFO  server.RaftServerConfigKeys (ConfUtils.java:logGet(46)) - raft.server.log.write.buffer.size = 1048576 (custom)
2022-12-19 18:39:49,803 [pool-610-thread-1] INFO  server.RaftServerConfigKeys (ConfUtils.java:logGet(46)) - raft.server.log.appender.buffer.byte-limit = 33554432 (custom)
2022-12-19 18:39:49,806 [pool-610-thread-1] INFO  server.RaftServerConfigKeys (ConfUtils.java:logGet(46)) - raft.server.log.unsafe-flush.enabled = false (default)
2022-12-19 18:39:49,806 [pool-610-thread-1] INFO  server.RaftServerConfigKeys (ConfUtils.java:logGet(46)) - raft.server.log.async-flush.enabled = false (default)
2022-12-19 18:39:49,806 [pool-610-thread-1] INFO  server.RaftServerConfigKeys (ConfUtils.java:logGet(46)) - raft.server.log.statemachine.data.caching.enabled = true (custom)
2022-12-19 18:39:49,806 [pool-610-thread-1] INFO  segmented.SegmentedRaftLogWorker (SegmentedRaftLogWorker.java:lambda$new$0(135)) - 156d136a-08eb-462a-8e45-2bca38fc9d49@group-1926F592E147-SegmentedRaftLogWorker: flushIndex: setUnconditionally 0 -> -1
2022-12-19 18:39:49,806 [pool-610-thread-1] INFO  segmented.SegmentedRaftLogWorker (SegmentedRaftLogWorker.java:lambda$new$0(135)) - 156d136a-08eb-462a-8e45-2bca38fc9d49@group-1926F592E147-SegmentedRaftLogWorker: safeCacheEvictIndex: setUnconditionally 0 -> -1
2022-12-19 18:39:49,807 [pool-610-thread-1] INFO  server.RaftServer$Division (RaftServerImpl.java:start(334)) - 156d136a-08eb-462a-8e45-2bca38fc9d49@group-1926F592E147: start as a follower, conf=-1: peers:[f143390d-7c87-4621-8359-d245efaa75b3|rpc:10.1.0.24:44783|dataStream:10.1.0.24:41301|priority:0|startupRole:FOLLOWER, 156d136a-08eb-462a-8e45-2bca38fc9d49|rpc:10.1.0.24:44445|dataStream:10.1.0.24:42007|priority:0|startupRole:FOLLOWER, 72a8f579-b929-42a4-a748-3b6f638fc788|rpc:10.1.0.24:40679|dataStream:10.1.0.24:37423|priority:1|startupRole:FOLLOWER]|listeners:[], old=null
2022-12-19 18:39:49,807 [pool-610-thread-1] INFO  server.RaftServer$Division (RaftServerImpl.java:setRole(321)) - 156d136a-08eb-462a-8e45-2bca38fc9d49@group-1926F592E147: changes role from      null to FOLLOWER at term 0 for startAsFollower
2022-12-19 18:39:49,807 [pool-610-thread-1] INFO  impl.RoleInfo (RoleInfo.java:updateAndGet(139)) - 156d136a-08eb-462a-8e45-2bca38fc9d49: start 156d136a-08eb-462a-8e45-2bca38fc9d49@group-1926F592E147-FollowerState
2022-12-19 18:39:49,809 [pool-610-thread-1] INFO  util.JmxRegister (JmxRegister.java:tryRegister(44)) - Successfully registered JMX Bean with object name Ratis:service=RaftServer,group=group-1926F592E147,id=156d136a-08eb-462a-8e45-2bca38fc9d49
2022-12-19 18:39:49,809 [pool-610-thread-1] INFO  server.RaftServerConfigKeys (ConfUtils.java:logGet(46)) - raft.server.snapshot.auto.trigger.enabled = true (custom)
2022-12-19 18:39:49,809 [pool-610-thread-1] INFO  server.RaftServerConfigKeys (ConfUtils.java:logGet(46)) - raft.server.snapshot.auto.trigger.threshold = 10000 (custom)
2022-12-19 18:39:49,809 [pool-610-thread-1] INFO  server.RaftServerConfigKeys (ConfUtils.java:logGet(46)) - raft.server.snapshot.retention.file.num = 5 (custom)
2022-12-19 18:39:49,809 [pool-610-thread-1] INFO  server.RaftServerConfigKeys (ConfUtils.java:logGet(46)) - raft.server.log.purge.upto.snapshot.index = false (default)
2022-12-19 18:39:49,809 [156d136a-08eb-462a-8e45-2bca38fc9d49@group-1926F592E147-FollowerState] INFO  server.RaftServerConfigKeys (ConfUtils.java:logFallback(53)) - raft.server.rpc.first-election.timeout.min = 5s (fallback to raft.server.rpc.timeout.min)
2022-12-19 18:39:49,809 [156d136a-08eb-462a-8e45-2bca38fc9d49@group-1926F592E147-FollowerState] INFO  server.RaftServerConfigKeys (ConfUtils.java:logFallback(53)) - raft.server.rpc.first-election.timeout.max = 5200ms (fallback to raft.server.rpc.timeout.max)
2022-12-19 18:39:49,810 [Command processor thread] INFO  ratis.XceiverServerRatis (XceiverServerRatis.java:addGroup(806)) - Created group PipelineID=6e6fa98d-bd67-42c3-841f-1926f592e147
2022-12-19 18:39:49,816 [grpc-default-executor-0] INFO  server.RaftServer (RaftServerProxy.java:addNew(96)) - f143390d-7c87-4621-8359-d245efaa75b3: addNew group-1926F592E147:[f143390d-7c87-4621-8359-d245efaa75b3|rpc:10.1.0.24:44783|dataStream:10.1.0.24:41301|priority:0|startupRole:FOLLOWER, 156d136a-08eb-462a-8e45-2bca38fc9d49|rpc:10.1.0.24:44445|dataStream:10.1.0.24:42007|priority:0|startupRole:FOLLOWER, 72a8f579-b929-42a4-a748-3b6f638fc788|rpc:10.1.0.24:40679|dataStream:10.1.0.24:37423|priority:1|startupRole:FOLLOWER] returns group-1926F592E147:java.util.concurrent.CompletableFuture@4d2c122e[Not completed]
2022-12-19 18:39:49,817 [pool-633-thread-1] INFO  server.RaftServer$Division (RaftServerImpl.java:<init>(195)) - f143390d-7c87-4621-8359-d245efaa75b3: new RaftServerImpl for group-1926F592E147:[f143390d-7c87-4621-8359-d245efaa75b3|rpc:10.1.0.24:44783|dataStream:10.1.0.24:41301|priority:0|startupRole:FOLLOWER, 156d136a-08eb-462a-8e45-2bca38fc9d49|rpc:10.1.0.24:44445|dataStream:10.1.0.24:42007|priority:0|startupRole:FOLLOWER, 72a8f579-b929-42a4-a748-3b6f638fc788|rpc:10.1.0.24:40679|dataStream:10.1.0.24:37423|priority:1|startupRole:FOLLOWER] with ContainerStateMachine:uninitialized
2022-12-19 18:39:49,817 [pool-633-thread-1] INFO  server.RaftServerConfigKeys (ConfUtils.java:logGet(46)) - raft.server.rpc.timeout.min = 5s (custom)
2022-12-19 18:39:49,817 [pool-633-thread-1] INFO  server.RaftServerConfigKeys (ConfUtils.java:logGet(46)) - raft.server.rpc.timeout.max = 5200ms (custom)
2022-12-19 18:39:49,817 [pool-633-thread-1] INFO  server.RaftServerConfigKeys (ConfUtils.java:logGet(46)) - raft.server.rpc.sleep.time = 25ms (default)
2022-12-19 18:39:49,818 [pool-633-thread-1] INFO  server.RaftServerConfigKeys (ConfUtils.java:logGet(46)) - raft.server.rpc.slowness.timeout = 300s (custom)
2022-12-19 18:39:49,818 [pool-633-thread-1] INFO  server.RaftServerConfigKeys (ConfUtils.java:logGet(46)) - raft.server.leaderelection.leader.step-down.wait-time = 10s (default)
2022-12-19 18:39:49,818 [pool-633-thread-1] INFO  server.RaftServerConfigKeys (ConfUtils.java:logGet(46)) - raft.server.sleep.deviation.threshold = 300ms (default)
2022-12-19 18:39:49,818 [pool-633-thread-1] INFO  server.RaftServer$Division (ServerState.java:<init>(118)) - f143390d-7c87-4621-8359-d245efaa75b3@group-1926F592E147: ConfigurationManager, init=-1: peers:[f143390d-7c87-4621-8359-d245efaa75b3|rpc:10.1.0.24:44783|dataStream:10.1.0.24:41301|priority:0|startupRole:FOLLOWER, 156d136a-08eb-462a-8e45-2bca38fc9d49|rpc:10.1.0.24:44445|dataStream:10.1.0.24:42007|priority:0|startupRole:FOLLOWER, 72a8f579-b929-42a4-a748-3b6f638fc788|rpc:10.1.0.24:40679|dataStream:10.1.0.24:37423|priority:1|startupRole:FOLLOWER]|listeners:[], old=null, confs=<EMPTY_MAP>
2022-12-19 18:39:49,818 [pool-633-thread-1] INFO  server.RaftServerConfigKeys (ConfUtils.java:logGet(46)) - raft.server.storage.dir = [/home/runner/work/ozone/ozone/hadoop-ozone/integration-test/target/test-dir/MiniOzoneClusterImpl-5ce33d81-cd12-4481-bdd0-3091a3c691f6/datanode-4/data/ratis] (custom)
2022-12-19 18:39:49,818 [pool-633-thread-1] INFO  server.RaftServerConfigKeys (ConfUtils.java:logGet(46)) - raft.server.log.corruption.policy = EXCEPTION (default)
2022-12-19 18:39:49,818 [pool-633-thread-1] INFO  server.RaftServerConfigKeys (ConfUtils.java:logGet(46)) - raft.server.storage.free-space.min = 0MB (=0) (default)
2022-12-19 18:39:49,818 [pool-633-thread-1] INFO  server.RaftServerConfigKeys (ConfUtils.java:logGet(46)) - raft.server.notification.no-leader.timeout = 300s (custom)
2022-12-19 18:39:49,818 [pool-633-thread-1] INFO  server.RaftServerConfigKeys (ConfUtils.java:logGet(46)) - raft.server.retrycache.expirytime = 600000ms (custom)
2022-12-19 18:39:49,818 [pool-633-thread-1] INFO  server.RaftServerConfigKeys (ConfUtils.java:logGet(46)) - raft.server.retrycache.statistics.expirytime = 100μs (default)
2022-12-19 18:39:49,819 [pool-633-thread-1] INFO  server.RaftServerConfigKeys (ConfUtils.java:logGet(46)) - raft.server.log.appender.install.snapshot.enabled = false (custom)
2022-12-19 18:39:49,819 [pool-633-thread-1] INFO  server.RaftServerConfigKeys (ConfUtils.java:logGet(46)) - raft.server.threadpool.server.cached = true (default)
2022-12-19 18:39:49,819 [pool-633-thread-1] INFO  server.RaftServerConfigKeys (ConfUtils.java:logGet(46)) - raft.server.threadpool.server.size = 0 (default)
2022-12-19 18:39:49,819 [pool-633-thread-1] INFO  server.RaftServerConfigKeys (ConfUtils.java:logGet(46)) - raft.server.threadpool.client.cached = true (default)
2022-12-19 18:39:49,819 [pool-633-thread-1] INFO  server.RaftServerConfigKeys (ConfUtils.java:logGet(46)) - raft.server.threadpool.client.size = 0 (default)
2022-12-19 18:39:49,819 [pool-633-thread-1] INFO  storage.RaftStorageDirectory (RaftStorageDirectoryImpl.java:analyzeStorage(137)) - The storage directory /home/runner/work/ozone/ozone/hadoop-ozone/integration-test/target/test-dir/MiniOzoneClusterImpl-5ce33d81-cd12-4481-bdd0-3091a3c691f6/datanode-4/data/ratis/6e6fa98d-bd67-42c3-841f-1926f592e147 does not exist. Creating ...
2022-12-19 18:39:49,822 [pool-633-thread-1] INFO  storage.RaftStorageDirectory (RaftStorageDirectoryImpl.java:tryLock(231)) - Lock on /home/runner/work/ozone/ozone/hadoop-ozone/integration-test/target/test-dir/MiniOzoneClusterImpl-5ce33d81-cd12-4481-bdd0-3091a3c691f6/datanode-4/data/ratis/6e6fa98d-bd67-42c3-841f-1926f592e147/in_use.lock acquired by nodename 10449@fv-az353-760
2022-12-19 18:39:49,824 [pool-633-thread-1] INFO  storage.RaftStorage (RaftStorageImpl.java:format(96)) - Storage directory /home/runner/work/ozone/ozone/hadoop-ozone/integration-test/target/test-dir/MiniOzoneClusterImpl-5ce33d81-cd12-4481-bdd0-3091a3c691f6/datanode-4/data/ratis/6e6fa98d-bd67-42c3-841f-1926f592e147 has been successfully formatted.
2022-12-19 18:39:49,825 [pool-633-thread-1] INFO  ratis.ContainerStateMachine (ContainerStateMachine.java:loadSnapshot(240)) - group-1926F592E147: The snapshot info is null. Setting the last applied indexto:(t:0, i:~)
2022-12-19 18:39:49,825 [pool-633-thread-1] INFO  server.RaftServerConfigKeys (ConfUtils.java:logGet(46)) - raft.server.log.use.memory = false (default)
2022-12-19 18:39:49,825 [pool-633-thread-1] INFO  server.RaftServerConfigKeys (ConfUtils.java:logGet(46)) - raft.server.log.purge.gap = 1000000 (custom)
2022-12-19 18:39:49,825 [pool-633-thread-1] INFO  server.RaftServerConfigKeys (ConfUtils.java:logGet(46)) - raft.server.log.appender.buffer.byte-limit = 33554432 (custom)
2022-12-19 18:39:49,826 [pool-633-thread-1] INFO  server.RaftServerConfigKeys (ConfUtils.java:logGet(46)) - raft.server.log.statemachine.data.read.timeout = 1000ms (default)
2022-12-19 18:39:49,826 [pool-633-thread-1] INFO  server.RaftServerConfigKeys (ConfUtils.java:logGet(46)) - raft.server.log.purge.preservation.log.num = 0 (default)
2022-12-19 18:39:49,826 [pool-633-thread-1] INFO  server.RaftServerConfigKeys (ConfUtils.java:logGet(46)) - raft.server.log.segment.size.max = 1048576 (custom)
2022-12-19 18:39:49,826 [EventQueue-CommandQueueReportForCommandQueueReportHandler] WARN  events.EventQueue (EventQueue.java:fireEvent(216)) - No event handler registered for event TypedEvent{payloadType=DatanodeDetails, name='Datanode_Command_Queue_Updated'}
2022-12-19 18:39:49,827 [pool-633-thread-1] INFO  server.RaftServerConfigKeys (ConfUtils.java:logGet(46)) - raft.server.log.segment.cache.num.max = 2 (custom)
2022-12-19 18:39:49,827 [pool-633-thread-1] INFO  server.RaftServerConfigKeys (ConfUtils.java:logGet(46)) - raft.server.log.segment.cache.size.max = 200MB (=209715200) (default)
2022-12-19 18:39:49,827 [pool-633-thread-1] INFO  segmented.SegmentedRaftLogWorker (SegmentedRaftLogWorker.java:<init>(189)) - new f143390d-7c87-4621-8359-d245efaa75b3@group-1926F592E147-SegmentedRaftLogWorker for RaftStorageImpl:Storage Directory /home/runner/work/ozone/ozone/hadoop-ozone/integration-test/target/test-dir/MiniOzoneClusterImpl-5ce33d81-cd12-4481-bdd0-3091a3c691f6/datanode-4/data/ratis/6e6fa98d-bd67-42c3-841f-1926f592e147
2022-12-19 18:39:49,827 [pool-633-thread-1] INFO  server.RaftServerConfigKeys (ConfUtils.java:logGet(46)) - raft.server.log.queue.byte-limit = 4294967296 (custom)
2022-12-19 18:39:49,827 [pool-633-thread-1] INFO  server.RaftServerConfigKeys (ConfUtils.java:logGet(46)) - raft.server.log.queue.element-limit = 1024 (custom)
2022-12-19 18:39:49,827 [pool-633-thread-1] INFO  server.RaftServerConfigKeys (ConfUtils.java:logGet(46)) - raft.server.log.segment.size.max = 1048576 (custom)
2022-12-19 18:39:49,827 [pool-633-thread-1] INFO  server.RaftServerConfigKeys (ConfUtils.java:logGet(46)) - raft.server.log.preallocated.size = 16384 (custom)
2022-12-19 18:39:49,827 [pool-633-thread-1] INFO  server.RaftServerConfigKeys (ConfUtils.java:logGet(46)) - raft.server.log.force.sync.num = 128 (default)
2022-12-19 18:39:49,827 [pool-633-thread-1] INFO  server.RaftServerConfigKeys (ConfUtils.java:logGet(46)) - raft.server.log.statemachine.data.sync = true (default)
2022-12-19 18:39:49,827 [pool-633-thread-1] INFO  server.RaftServerConfigKeys (ConfUtils.java:logGet(46)) - raft.server.log.statemachine.data.sync.timeout = 10s (default)
2022-12-19 18:39:49,827 [pool-633-thread-1] INFO  server.RaftServerConfigKeys (ConfUtils.java:logGet(46)) - raft.server.log.statemachine.data.sync.timeout.retry = -1 (default)
2022-12-19 18:39:49,828 [pool-633-thread-1] INFO  server.RaftServerConfigKeys (ConfUtils.java:logGet(46)) - raft.server.log.write.buffer.size = 1048576 (custom)
2022-12-19 18:39:49,828 [pool-633-thread-1] INFO  server.RaftServerConfigKeys (ConfUtils.java:logGet(46)) - raft.server.log.appender.buffer.byte-limit = 33554432 (custom)
2022-12-19 18:39:49,831 [pool-633-thread-1] INFO  server.RaftServerConfigKeys (ConfUtils.java:logGet(46)) - raft.server.log.unsafe-flush.enabled = false (default)
2022-12-19 18:39:49,831 [pool-633-thread-1] INFO  server.RaftServerConfigKeys (ConfUtils.java:logGet(46)) - raft.server.log.async-flush.enabled = false (default)
2022-12-19 18:39:49,831 [pool-633-thread-1] INFO  server.RaftServerConfigKeys (ConfUtils.java:logGet(46)) - raft.server.log.statemachine.data.caching.enabled = true (custom)
2022-12-19 18:39:49,831 [pool-633-thread-1] INFO  segmented.SegmentedRaftLogWorker (SegmentedRaftLogWorker.java:lambda$new$0(135)) - f143390d-7c87-4621-8359-d245efaa75b3@group-1926F592E147-SegmentedRaftLogWorker: flushIndex: setUnconditionally 0 -> -1
2022-12-19 18:39:49,831 [pool-633-thread-1] INFO  segmented.SegmentedRaftLogWorker (SegmentedRaftLogWorker.java:lambda$new$0(135)) - f143390d-7c87-4621-8359-d245efaa75b3@group-1926F592E147-SegmentedRaftLogWorker: safeCacheEvictIndex: setUnconditionally 0 -> -1
2022-12-19 18:39:49,832 [pool-633-thread-1] INFO  server.RaftServer$Division (RaftServerImpl.java:start(334)) - f143390d-7c87-4621-8359-d245efaa75b3@group-1926F592E147: start as a follower, conf=-1: peers:[f143390d-7c87-4621-8359-d245efaa75b3|rpc:10.1.0.24:44783|dataStream:10.1.0.24:41301|priority:0|startupRole:FOLLOWER, 156d136a-08eb-462a-8e45-2bca38fc9d49|rpc:10.1.0.24:44445|dataStream:10.1.0.24:42007|priority:0|startupRole:FOLLOWER, 72a8f579-b929-42a4-a748-3b6f638fc788|rpc:10.1.0.24:40679|dataStream:10.1.0.24:37423|priority:1|startupRole:FOLLOWER]|listeners:[], old=null
2022-12-19 18:39:49,832 [pool-633-thread-1] INFO  server.RaftServer$Division (RaftServerImpl.java:setRole(321)) - f143390d-7c87-4621-8359-d245efaa75b3@group-1926F592E147: changes role from      null to FOLLOWER at term 0 for startAsFollower
2022-12-19 18:39:49,832 [pool-633-thread-1] INFO  impl.RoleInfo (RoleInfo.java:updateAndGet(139)) - f143390d-7c87-4621-8359-d245efaa75b3: start f143390d-7c87-4621-8359-d245efaa75b3@group-1926F592E147-FollowerState
2022-12-19 18:39:49,832 [pool-633-thread-1] INFO  util.JmxRegister (JmxRegister.java:tryRegister(44)) - Successfully registered JMX Bean with object name Ratis:service=RaftServer,group=group-1926F592E147,id=f143390d-7c87-4621-8359-d245efaa75b3
2022-12-19 18:39:49,832 [f143390d-7c87-4621-8359-d245efaa75b3@group-1926F592E147-FollowerState] INFO  server.RaftServerConfigKeys (ConfUtils.java:logFallback(53)) - raft.server.rpc.first-election.timeout.min = 5s (fallback to raft.server.rpc.timeout.min)
2022-12-19 18:39:49,832 [pool-633-thread-1] INFO  server.RaftServerConfigKeys (ConfUtils.java:logGet(46)) - raft.server.snapshot.auto.trigger.enabled = true (custom)
2022-12-19 18:39:49,832 [f143390d-7c87-4621-8359-d245efaa75b3@group-1926F592E147-FollowerState] INFO  server.RaftServerConfigKeys (ConfUtils.java:logFallback(53)) - raft.server.rpc.first-election.timeout.max = 5200ms (fallback to raft.server.rpc.timeout.max)
2022-12-19 18:39:49,832 [pool-633-thread-1] INFO  server.RaftServerConfigKeys (ConfUtils.java:logGet(46)) - raft.server.snapshot.auto.trigger.threshold = 10000 (custom)
2022-12-19 18:39:49,832 [pool-633-thread-1] INFO  server.RaftServerConfigKeys (ConfUtils.java:logGet(46)) - raft.server.snapshot.retention.file.num = 5 (custom)
2022-12-19 18:39:49,832 [pool-633-thread-1] INFO  server.RaftServerConfigKeys (ConfUtils.java:logGet(46)) - raft.server.log.purge.upto.snapshot.index = false (default)
2022-12-19 18:39:49,845 [grpc-default-executor-0] INFO  server.RaftServer (RaftServerProxy.java:addNew(96)) - 72a8f579-b929-42a4-a748-3b6f638fc788: addNew group-1926F592E147:[f143390d-7c87-4621-8359-d245efaa75b3|rpc:10.1.0.24:44783|dataStream:10.1.0.24:41301|priority:0|startupRole:FOLLOWER, 156d136a-08eb-462a-8e45-2bca38fc9d49|rpc:10.1.0.24:44445|dataStream:10.1.0.24:42007|priority:0|startupRole:FOLLOWER, 72a8f579-b929-42a4-a748-3b6f638fc788|rpc:10.1.0.24:40679|dataStream:10.1.0.24:37423|priority:1|startupRole:FOLLOWER] returns group-1926F592E147:java.util.concurrent.CompletableFuture@eff6464[Not completed]
2022-12-19 18:39:49,852 [pool-656-thread-1] INFO  server.RaftServer$Division (RaftServerImpl.java:<init>(195)) - 72a8f579-b929-42a4-a748-3b6f638fc788: new RaftServerImpl for group-1926F592E147:[f143390d-7c87-4621-8359-d245efaa75b3|rpc:10.1.0.24:44783|dataStream:10.1.0.24:41301|priority:0|startupRole:FOLLOWER, 156d136a-08eb-462a-8e45-2bca38fc9d49|rpc:10.1.0.24:44445|dataStream:10.1.0.24:42007|priority:0|startupRole:FOLLOWER, 72a8f579-b929-42a4-a748-3b6f638fc788|rpc:10.1.0.24:40679|dataStream:10.1.0.24:37423|priority:1|startupRole:FOLLOWER] with ContainerStateMachine:uninitialized
2022-12-19 18:39:49,852 [pool-656-thread-1] INFO  server.RaftServerConfigKeys (ConfUtils.java:logGet(46)) - raft.server.rpc.timeout.min = 5s (custom)
2022-12-19 18:39:49,852 [pool-656-thread-1] INFO  server.RaftServerConfigKeys (ConfUtils.java:logGet(46)) - raft.server.rpc.timeout.max = 5200ms (custom)
2022-12-19 18:39:49,852 [pool-656-thread-1] INFO  server.RaftServerConfigKeys (ConfUtils.java:logGet(46)) - raft.server.rpc.sleep.time = 25ms (default)
2022-12-19 18:39:49,852 [pool-656-thread-1] INFO  server.RaftServerConfigKeys (ConfUtils.java:logGet(46)) - raft.server.rpc.slowness.timeout = 300s (custom)
2022-12-19 18:39:49,852 [pool-656-thread-1] INFO  server.RaftServerConfigKeys (ConfUtils.java:logGet(46)) - raft.server.leaderelection.leader.step-down.wait-time = 10s (default)
2022-12-19 18:39:49,852 [pool-656-thread-1] INFO  server.RaftServerConfigKeys (ConfUtils.java:logGet(46)) - raft.server.sleep.deviation.threshold = 300ms (default)
2022-12-19 18:39:49,852 [pool-656-thread-1] INFO  server.RaftServer$Division (ServerState.java:<init>(118)) - 72a8f579-b929-42a4-a748-3b6f638fc788@group-1926F592E147: ConfigurationManager, init=-1: peers:[f143390d-7c87-4621-8359-d245efaa75b3|rpc:10.1.0.24:44783|dataStream:10.1.0.24:41301|priority:0|startupRole:FOLLOWER, 156d136a-08eb-462a-8e45-2bca38fc9d49|rpc:10.1.0.24:44445|dataStream:10.1.0.24:42007|priority:0|startupRole:FOLLOWER, 72a8f579-b929-42a4-a748-3b6f638fc788|rpc:10.1.0.24:40679|dataStream:10.1.0.24:37423|priority:1|startupRole:FOLLOWER]|listeners:[], old=null, confs=<EMPTY_MAP>
2022-12-19 18:39:49,852 [pool-656-thread-1] INFO  server.RaftServerConfigKeys (ConfUtils.java:logGet(46)) - raft.server.storage.dir = [/home/runner/work/ozone/ozone/hadoop-ozone/integration-test/target/test-dir/MiniOzoneClusterImpl-5ce33d81-cd12-4481-bdd0-3091a3c691f6/datanode-5/data/ratis] (custom)
2022-12-19 18:39:49,852 [pool-656-thread-1] INFO  server.RaftServerConfigKeys (ConfUtils.java:logGet(46)) - raft.server.log.corruption.policy = EXCEPTION (default)
2022-12-19 18:39:49,852 [pool-656-thread-1] INFO  server.RaftServerConfigKeys (ConfUtils.java:logGet(46)) - raft.server.storage.free-space.min = 0MB (=0) (default)
2022-12-19 18:39:49,852 [pool-656-thread-1] INFO  server.RaftServerConfigKeys (ConfUtils.java:logGet(46)) - raft.server.notification.no-leader.timeout = 300s (custom)
2022-12-19 18:39:49,852 [pool-656-thread-1] INFO  server.RaftServerConfigKeys (ConfUtils.java:logGet(46)) - raft.server.retrycache.expirytime = 600000ms (custom)
2022-12-19 18:39:49,852 [pool-656-thread-1] INFO  server.RaftServerConfigKeys (ConfUtils.java:logGet(46)) - raft.server.retrycache.statistics.expirytime = 100μs (default)
2022-12-19 18:39:49,855 [pool-656-thread-1] INFO  server.RaftServerConfigKeys (ConfUtils.java:logGet(46)) - raft.server.log.appender.install.snapshot.enabled = false (custom)
2022-12-19 18:39:49,855 [pool-656-thread-1] INFO  server.RaftServerConfigKeys (ConfUtils.java:logGet(46)) - raft.server.threadpool.server.cached = true (default)
2022-12-19 18:39:49,855 [pool-656-thread-1] INFO  server.RaftServerConfigKeys (ConfUtils.java:logGet(46)) - raft.server.threadpool.server.size = 0 (default)
2022-12-19 18:39:49,855 [pool-656-thread-1] INFO  server.RaftServerConfigKeys (ConfUtils.java:logGet(46)) - raft.server.threadpool.client.cached = true (default)
2022-12-19 18:39:49,855 [pool-656-thread-1] INFO  server.RaftServerConfigKeys (ConfUtils.java:logGet(46)) - raft.server.threadpool.client.size = 0 (default)
2022-12-19 18:39:49,856 [pool-656-thread-1] INFO  storage.RaftStorageDirectory (RaftStorageDirectoryImpl.java:analyzeStorage(137)) - The storage directory /home/runner/work/ozone/ozone/hadoop-ozone/integration-test/target/test-dir/MiniOzoneClusterImpl-5ce33d81-cd12-4481-bdd0-3091a3c691f6/datanode-5/data/ratis/6e6fa98d-bd67-42c3-841f-1926f592e147 does not exist. Creating ...
2022-12-19 18:39:49,858 [pool-656-thread-1] INFO  storage.RaftStorageDirectory (RaftStorageDirectoryImpl.java:tryLock(231)) - Lock on /home/runner/work/ozone/ozone/hadoop-ozone/integration-test/target/test-dir/MiniOzoneClusterImpl-5ce33d81-cd12-4481-bdd0-3091a3c691f6/datanode-5/data/ratis/6e6fa98d-bd67-42c3-841f-1926f592e147/in_use.lock acquired by nodename 10449@fv-az353-760
2022-12-19 18:39:49,860 [pool-656-thread-1] INFO  storage.RaftStorage (RaftStorageImpl.java:format(96)) - Storage directory /home/runner/work/ozone/ozone/hadoop-ozone/integration-test/target/test-dir/MiniOzoneClusterImpl-5ce33d81-cd12-4481-bdd0-3091a3c691f6/datanode-5/data/ratis/6e6fa98d-bd67-42c3-841f-1926f592e147 has been successfully formatted.
2022-12-19 18:39:49,860 [pool-656-thread-1] INFO  ratis.ContainerStateMachine (ContainerStateMachine.java:loadSnapshot(240)) - group-1926F592E147: The snapshot info is null. Setting the last applied indexto:(t:0, i:~)
2022-12-19 18:39:49,861 [pool-656-thread-1] INFO  server.RaftServerConfigKeys (ConfUtils.java:logGet(46)) - raft.server.log.use.memory = false (default)
2022-12-19 18:39:49,861 [pool-656-thread-1] INFO  server.RaftServerConfigKeys (ConfUtils.java:logGet(46)) - raft.server.log.purge.gap = 1000000 (custom)
2022-12-19 18:39:49,861 [pool-656-thread-1] INFO  server.RaftServerConfigKeys (ConfUtils.java:logGet(46)) - raft.server.log.appender.buffer.byte-limit = 33554432 (custom)
2022-12-19 18:39:49,861 [pool-656-thread-1] INFO  server.RaftServerConfigKeys (ConfUtils.java:logGet(46)) - raft.server.log.statemachine.data.read.timeout = 1000ms (default)
2022-12-19 18:39:49,861 [pool-656-thread-1] INFO  server.RaftServerConfigKeys (ConfUtils.java:logGet(46)) - raft.server.log.purge.preservation.log.num = 0 (default)
2022-12-19 18:39:49,861 [pool-656-thread-1] INFO  server.RaftServerConfigKeys (ConfUtils.java:logGet(46)) - raft.server.log.segment.size.max = 1048576 (custom)
2022-12-19 18:39:49,861 [EventQueue-CommandQueueReportForCommandQueueReportHandler] WARN  events.EventQueue (EventQueue.java:fireEvent(216)) - No event handler registered for event TypedEvent{payloadType=DatanodeDetails, name='Datanode_Command_Queue_Updated'}
2022-12-19 18:39:49,862 [pool-656-thread-1] INFO  server.RaftServerConfigKeys (ConfUtils.java:logGet(46)) - raft.server.log.segment.cache.num.max = 2 (custom)
2022-12-19 18:39:49,862 [pool-656-thread-1] INFO  server.RaftServerConfigKeys (ConfUtils.java:logGet(46)) - raft.server.log.segment.cache.size.max = 200MB (=209715200) (default)
2022-12-19 18:39:49,862 [pool-656-thread-1] INFO  segmented.SegmentedRaftLogWorker (SegmentedRaftLogWorker.java:<init>(189)) - new 72a8f579-b929-42a4-a748-3b6f638fc788@group-1926F592E147-SegmentedRaftLogWorker for RaftStorageImpl:Storage Directory /home/runner/work/ozone/ozone/hadoop-ozone/integration-test/target/test-dir/MiniOzoneClusterImpl-5ce33d81-cd12-4481-bdd0-3091a3c691f6/datanode-5/data/ratis/6e6fa98d-bd67-42c3-841f-1926f592e147
2022-12-19 18:39:49,862 [pool-656-thread-1] INFO  server.RaftServerConfigKeys (ConfUtils.java:logGet(46)) - raft.server.log.queue.byte-limit = 4294967296 (custom)
2022-12-19 18:39:49,862 [pool-656-thread-1] INFO  server.RaftServerConfigKeys (ConfUtils.java:logGet(46)) - raft.server.log.queue.element-limit = 1024 (custom)
2022-12-19 18:39:49,862 [pool-656-thread-1] INFO  server.RaftServerConfigKeys (ConfUtils.java:logGet(46)) - raft.server.log.segment.size.max = 1048576 (custom)
2022-12-19 18:39:49,862 [pool-656-thread-1] INFO  server.RaftServerConfigKeys (ConfUtils.java:logGet(46)) - raft.server.log.preallocated.size = 16384 (custom)
2022-12-19 18:39:49,862 [pool-656-thread-1] INFO  server.RaftServerConfigKeys (ConfUtils.java:logGet(46)) - raft.server.log.force.sync.num = 128 (default)
2022-12-19 18:39:49,862 [pool-656-thread-1] INFO  server.RaftServerConfigKeys (ConfUtils.java:logGet(46)) - raft.server.log.statemachine.data.sync = true (default)
2022-12-19 18:39:49,862 [pool-656-thread-1] INFO  server.RaftServerConfigKeys (ConfUtils.java:logGet(46)) - raft.server.log.statemachine.data.sync.timeout = 10s (default)
2022-12-19 18:39:49,862 [pool-656-thread-1] INFO  server.RaftServerConfigKeys (ConfUtils.java:logGet(46)) - raft.server.log.statemachine.data.sync.timeout.retry = -1 (default)
2022-12-19 18:39:49,864 [pool-656-thread-1] INFO  server.RaftServerConfigKeys (ConfUtils.java:logGet(46)) - raft.server.log.write.buffer.size = 1048576 (custom)
2022-12-19 18:39:49,864 [pool-656-thread-1] INFO  server.RaftServerConfigKeys (ConfUtils.java:logGet(46)) - raft.server.log.appender.buffer.byte-limit = 33554432 (custom)
2022-12-19 18:39:49,867 [pool-656-thread-1] INFO  server.RaftServerConfigKeys (ConfUtils.java:logGet(46)) - raft.server.log.unsafe-flush.enabled = false (default)
2022-12-19 18:39:49,867 [pool-656-thread-1] INFO  server.RaftServerConfigKeys (ConfUtils.java:logGet(46)) - raft.server.log.async-flush.enabled = false (default)
2022-12-19 18:39:49,867 [pool-656-thread-1] INFO  server.RaftServerConfigKeys (ConfUtils.java:logGet(46)) - raft.server.log.statemachine.data.caching.enabled = true (custom)
2022-12-19 18:39:49,867 [pool-656-thread-1] INFO  segmented.SegmentedRaftLogWorker (SegmentedRaftLogWorker.java:lambda$new$0(135)) - 72a8f579-b929-42a4-a748-3b6f638fc788@group-1926F592E147-SegmentedRaftLogWorker: flushIndex: setUnconditionally 0 -> -1
2022-12-19 18:39:49,867 [pool-656-thread-1] INFO  segmented.SegmentedRaftLogWorker (SegmentedRaftLogWorker.java:lambda$new$0(135)) - 72a8f579-b929-42a4-a748-3b6f638fc788@group-1926F592E147-SegmentedRaftLogWorker: safeCacheEvictIndex: setUnconditionally 0 -> -1
2022-12-19 18:39:49,871 [pool-656-thread-1] INFO  server.RaftServer$Division (RaftServerImpl.java:start(334)) - 72a8f579-b929-42a4-a748-3b6f638fc788@group-1926F592E147: start as a follower, conf=-1: peers:[f143390d-7c87-4621-8359-d245efaa75b3|rpc:10.1.0.24:44783|dataStream:10.1.0.24:41301|priority:0|startupRole:FOLLOWER, 156d136a-08eb-462a-8e45-2bca38fc9d49|rpc:10.1.0.24:44445|dataStream:10.1.0.24:42007|priority:0|startupRole:FOLLOWER, 72a8f579-b929-42a4-a748-3b6f638fc788|rpc:10.1.0.24:40679|dataStream:10.1.0.24:37423|priority:1|startupRole:FOLLOWER]|listeners:[], old=null
2022-12-19 18:39:49,871 [pool-656-thread-1] INFO  server.RaftServer$Division (RaftServerImpl.java:setRole(321)) - 72a8f579-b929-42a4-a748-3b6f638fc788@group-1926F592E147: changes role from      null to FOLLOWER at term 0 for startAsFollower
2022-12-19 18:39:49,871 [pool-656-thread-1] INFO  impl.RoleInfo (RoleInfo.java:updateAndGet(139)) - 72a8f579-b929-42a4-a748-3b6f638fc788: start 72a8f579-b929-42a4-a748-3b6f638fc788@group-1926F592E147-FollowerState
2022-12-19 18:39:49,874 [pool-656-thread-1] INFO  util.JmxRegister (JmxRegister.java:tryRegister(44)) - Successfully registered JMX Bean with object name Ratis:service=RaftServer,group=group-1926F592E147,id=72a8f579-b929-42a4-a748-3b6f638fc788
2022-12-19 18:39:49,875 [pool-656-thread-1] INFO  server.RaftServerConfigKeys (ConfUtils.java:logGet(46)) - raft.server.snapshot.auto.trigger.enabled = true (custom)
2022-12-19 18:39:49,875 [pool-656-thread-1] INFO  server.RaftServerConfigKeys (ConfUtils.java:logGet(46)) - raft.server.snapshot.auto.trigger.threshold = 10000 (custom)
2022-12-19 18:39:49,875 [pool-656-thread-1] INFO  server.RaftServerConfigKeys (ConfUtils.java:logGet(46)) - raft.server.snapshot.retention.file.num = 5 (custom)
2022-12-19 18:39:49,875 [pool-656-thread-1] INFO  server.RaftServerConfigKeys (ConfUtils.java:logGet(46)) - raft.server.log.purge.upto.snapshot.index = false (default)
2022-12-19 18:39:49,875 [72a8f579-b929-42a4-a748-3b6f638fc788@group-1926F592E147-FollowerState] INFO  server.RaftServerConfigKeys (ConfUtils.java:logFallback(53)) - raft.server.rpc.first-election.timeout.min = 5s (fallback to raft.server.rpc.timeout.min)
2022-12-19 18:39:49,875 [72a8f579-b929-42a4-a748-3b6f638fc788@group-1926F592E147-FollowerState] INFO  server.RaftServerConfigKeys (ConfUtils.java:logFallback(53)) - raft.server.rpc.first-election.timeout.max = 5200ms (fallback to raft.server.rpc.timeout.max)
2022-12-19 18:39:49,879 [Command processor thread] INFO  commandhandler.CreatePipelineCommandHandler (CreatePipelineCommandHandler.java:handle(113)) - Created Pipeline RATIS THREE PipelineID=6e6fa98d-bd67-42c3-841f-1926f592e147.
2022-12-19 18:39:49,879 [Command processor thread] INFO  server.RaftServer (RaftServerProxy.java:addNew(96)) - 156d136a-08eb-462a-8e45-2bca38fc9d49: addNew group-681FBC8F75C3:[156d136a-08eb-462a-8e45-2bca38fc9d49|rpc:10.1.0.24:44445|dataStream:10.1.0.24:42007|priority:1|startupRole:FOLLOWER, f143390d-7c87-4621-8359-d245efaa75b3|rpc:10.1.0.24:44783|dataStream:10.1.0.24:41301|priority:0|startupRole:FOLLOWER, 72a8f579-b929-42a4-a748-3b6f638fc788|rpc:10.1.0.24:40679|dataStream:10.1.0.24:37423|priority:0|startupRole:FOLLOWER] returns group-681FBC8F75C3:java.util.concurrent.CompletableFuture@55a08358[Not completed]
2022-12-19 18:39:49,880 [pool-610-thread-1] INFO  server.RaftServer$Division (RaftServerImpl.java:<init>(195)) - 156d136a-08eb-462a-8e45-2bca38fc9d49: new RaftServerImpl for group-681FBC8F75C3:[156d136a-08eb-462a-8e45-2bca38fc9d49|rpc:10.1.0.24:44445|dataStream:10.1.0.24:42007|priority:1|startupRole:FOLLOWER, f143390d-7c87-4621-8359-d245efaa75b3|rpc:10.1.0.24:44783|dataStream:10.1.0.24:41301|priority:0|startupRole:FOLLOWER, 72a8f579-b929-42a4-a748-3b6f638fc788|rpc:10.1.0.24:40679|dataStream:10.1.0.24:37423|priority:0|startupRole:FOLLOWER] with ContainerStateMachine:uninitialized
2022-12-19 18:39:49,880 [pool-610-thread-1] INFO  server.RaftServerConfigKeys (ConfUtils.java:logGet(46)) - raft.server.rpc.timeout.min = 5s (custom)
2022-12-19 18:39:49,880 [pool-610-thread-1] INFO  server.RaftServerConfigKeys (ConfUtils.java:logGet(46)) - raft.server.rpc.timeout.max = 5200ms (custom)
2022-12-19 18:39:49,880 [pool-610-thread-1] INFO  server.RaftServerConfigKeys (ConfUtils.java:logGet(46)) - raft.server.rpc.sleep.time = 25ms (default)
2022-12-19 18:39:49,880 [pool-610-thread-1] INFO  server.RaftServerConfigKeys (ConfUtils.java:logGet(46)) - raft.server.rpc.slowness.timeout = 300s (custom)
2022-12-19 18:39:49,880 [pool-610-thread-1] INFO  server.RaftServerConfigKeys (ConfUtils.java:logGet(46)) - raft.server.leaderelection.leader.step-down.wait-time = 10s (default)
2022-12-19 18:39:49,880 [pool-610-thread-1] INFO  server.RaftServerConfigKeys (ConfUtils.java:logGet(46)) - raft.server.sleep.deviation.threshold = 300ms (default)
2022-12-19 18:39:49,880 [pool-610-thread-1] INFO  server.RaftServer$Division (ServerState.java:<init>(118)) - 156d136a-08eb-462a-8e45-2bca38fc9d49@group-681FBC8F75C3: ConfigurationManager, init=-1: peers:[156d136a-08eb-462a-8e45-2bca38fc9d49|rpc:10.1.0.24:44445|dataStream:10.1.0.24:42007|priority:1|startupRole:FOLLOWER, f143390d-7c87-4621-8359-d245efaa75b3|rpc:10.1.0.24:44783|dataStream:10.1.0.24:41301|priority:0|startupRole:FOLLOWER, 72a8f579-b929-42a4-a748-3b6f638fc788|rpc:10.1.0.24:40679|dataStream:10.1.0.24:37423|priority:0|startupRole:FOLLOWER]|listeners:[], old=null, confs=<EMPTY_MAP>
2022-12-19 18:39:49,880 [pool-610-thread-1] INFO  server.RaftServerConfigKeys (ConfUtils.java:logGet(46)) - raft.server.storage.dir = [/home/runner/work/ozone/ozone/hadoop-ozone/integration-test/target/test-dir/MiniOzoneClusterImpl-5ce33d81-cd12-4481-bdd0-3091a3c691f6/datanode-3/data/ratis] (custom)
2022-12-19 18:39:49,880 [pool-610-thread-1] INFO  server.RaftServerConfigKeys (ConfUtils.java:logGet(46)) - raft.server.log.corruption.policy = EXCEPTION (default)
2022-12-19 18:39:49,880 [pool-610-thread-1] INFO  server.RaftServerConfigKeys (ConfUtils.java:logGet(46)) - raft.server.storage.free-space.min = 0MB (=0) (default)
2022-12-19 18:39:49,880 [pool-610-thread-1] INFO  server.RaftServerConfigKeys (ConfUtils.java:logGet(46)) - raft.server.notification.no-leader.timeout = 300s (custom)
2022-12-19 18:39:49,880 [pool-610-thread-1] INFO  server.RaftServerConfigKeys (ConfUtils.java:logGet(46)) - raft.server.retrycache.expirytime = 600000ms (custom)
2022-12-19 18:39:49,881 [pool-610-thread-1] INFO  server.RaftServerConfigKeys (ConfUtils.java:logGet(46)) - raft.server.retrycache.statistics.expirytime = 100μs (default)
2022-12-19 18:39:49,882 [pool-610-thread-1] INFO  server.RaftServerConfigKeys (ConfUtils.java:logGet(46)) - raft.server.log.appender.install.snapshot.enabled = false (custom)
2022-12-19 18:39:49,882 [pool-610-thread-1] INFO  server.RaftServerConfigKeys (ConfUtils.java:logGet(46)) - raft.server.threadpool.server.cached = true (default)
2022-12-19 18:39:49,882 [pool-610-thread-1] INFO  server.RaftServerConfigKeys (ConfUtils.java:logGet(46)) - raft.server.threadpool.server.size = 0 (default)
2022-12-19 18:39:49,882 [pool-610-thread-1] INFO  server.RaftServerConfigKeys (ConfUtils.java:logGet(46)) - raft.server.threadpool.client.cached = true (default)
2022-12-19 18:39:49,882 [pool-610-thread-1] INFO  server.RaftServerConfigKeys (ConfUtils.java:logGet(46)) - raft.server.threadpool.client.size = 0 (default)
2022-12-19 18:39:49,882 [pool-610-thread-1] INFO  storage.RaftStorageDirectory (RaftStorageDirectoryImpl.java:analyzeStorage(137)) - The storage directory /home/runner/work/ozone/ozone/hadoop-ozone/integration-test/target/test-dir/MiniOzoneClusterImpl-5ce33d81-cd12-4481-bdd0-3091a3c691f6/datanode-3/data/ratis/8916cdba-4d62-42e3-999c-681fbc8f75c3 does not exist. Creating ...
2022-12-19 18:39:49,883 [pool-610-thread-1] INFO  storage.RaftStorageDirectory (RaftStorageDirectoryImpl.java:tryLock(231)) - Lock on /home/runner/work/ozone/ozone/hadoop-ozone/integration-test/target/test-dir/MiniOzoneClusterImpl-5ce33d81-cd12-4481-bdd0-3091a3c691f6/datanode-3/data/ratis/8916cdba-4d62-42e3-999c-681fbc8f75c3/in_use.lock acquired by nodename 10449@fv-az353-760
2022-12-19 18:39:49,884 [pool-610-thread-1] INFO  storage.RaftStorage (RaftStorageImpl.java:format(96)) - Storage directory /home/runner/work/ozone/ozone/hadoop-ozone/integration-test/target/test-dir/MiniOzoneClusterImpl-5ce33d81-cd12-4481-bdd0-3091a3c691f6/datanode-3/data/ratis/8916cdba-4d62-42e3-999c-681fbc8f75c3 has been successfully formatted.
2022-12-19 18:39:49,886 [EventQueue-CommandQueueReportForCommandQueueReportHandler] WARN  events.EventQueue (EventQueue.java:fireEvent(216)) - No event handler registered for event TypedEvent{payloadType=DatanodeDetails, name='Datanode_Command_Queue_Updated'}
2022-12-19 18:39:49,887 [pool-610-thread-1] INFO  ratis.ContainerStateMachine (ContainerStateMachine.java:loadSnapshot(240)) - group-681FBC8F75C3: The snapshot info is null. Setting the last applied indexto:(t:0, i:~)
2022-12-19 18:39:49,887 [pool-610-thread-1] INFO  server.RaftServerConfigKeys (ConfUtils.java:logGet(46)) - raft.server.log.use.memory = false (default)
2022-12-19 18:39:49,887 [pool-610-thread-1] INFO  server.RaftServerConfigKeys (ConfUtils.java:logGet(46)) - raft.server.log.purge.gap = 1000000 (custom)
2022-12-19 18:39:49,887 [pool-610-thread-1] INFO  server.RaftServerConfigKeys (ConfUtils.java:logGet(46)) - raft.server.log.appender.buffer.byte-limit = 33554432 (custom)
2022-12-19 18:39:49,887 [pool-610-thread-1] INFO  server.RaftServerConfigKeys (ConfUtils.java:logGet(46)) - raft.server.log.statemachine.data.read.timeout = 1000ms (default)
2022-12-19 18:39:49,887 [pool-610-thread-1] INFO  server.RaftServerConfigKeys (ConfUtils.java:logGet(46)) - raft.server.log.purge.preservation.log.num = 0 (default)
2022-12-19 18:39:49,888 [pool-610-thread-1] INFO  server.RaftServerConfigKeys (ConfUtils.java:logGet(46)) - raft.server.log.segment.size.max = 1048576 (custom)
2022-12-19 18:39:49,888 [pool-610-thread-1] INFO  server.RaftServerConfigKeys (ConfUtils.java:logGet(46)) - raft.server.log.segment.cache.num.max = 2 (custom)
2022-12-19 18:39:49,888 [pool-610-thread-1] INFO  server.RaftServerConfigKeys (ConfUtils.java:logGet(46)) - raft.server.log.segment.cache.size.max = 200MB (=209715200) (default)
2022-12-19 18:39:49,888 [pool-610-thread-1] INFO  segmented.SegmentedRaftLogWorker (SegmentedRaftLogWorker.java:<init>(189)) - new 156d136a-08eb-462a-8e45-2bca38fc9d49@group-681FBC8F75C3-SegmentedRaftLogWorker for RaftStorageImpl:Storage Directory /home/runner/work/ozone/ozone/hadoop-ozone/integration-test/target/test-dir/MiniOzoneClusterImpl-5ce33d81-cd12-4481-bdd0-3091a3c691f6/datanode-3/data/ratis/8916cdba-4d62-42e3-999c-681fbc8f75c3
2022-12-19 18:39:49,888 [pool-610-thread-1] INFO  server.RaftServerConfigKeys (ConfUtils.java:logGet(46)) - raft.server.log.queue.byte-limit = 4294967296 (custom)
2022-12-19 18:39:49,888 [pool-610-thread-1] INFO  server.RaftServerConfigKeys (ConfUtils.java:logGet(46)) - raft.server.log.queue.element-limit = 1024 (custom)
2022-12-19 18:39:49,888 [pool-610-thread-1] INFO  server.RaftServerConfigKeys (ConfUtils.java:logGet(46)) - raft.server.log.segment.size.max = 1048576 (custom)
2022-12-19 18:39:49,889 [pool-610-thread-1] INFO  server.RaftServerConfigKeys (ConfUtils.java:logGet(46)) - raft.server.log.preallocated.size = 16384 (custom)
2022-12-19 18:39:49,889 [pool-610-thread-1] INFO  server.RaftServerConfigKeys (ConfUtils.java:logGet(46)) - raft.server.log.force.sync.num = 128 (default)
2022-12-19 18:39:49,889 [pool-610-thread-1] INFO  server.RaftServerConfigKeys (ConfUtils.java:logGet(46)) - raft.server.log.statemachine.data.sync = true (default)
2022-12-19 18:39:49,889 [pool-610-thread-1] INFO  server.RaftServerConfigKeys (ConfUtils.java:logGet(46)) - raft.server.log.statemachine.data.sync.timeout = 10s (default)
2022-12-19 18:39:49,889 [pool-610-thread-1] INFO  server.RaftServerConfigKeys (ConfUtils.java:logGet(46)) - raft.server.log.statemachine.data.sync.timeout.retry = -1 (default)
2022-12-19 18:39:49,890 [pool-610-thread-1] INFO  server.RaftServerConfigKeys (ConfUtils.java:logGet(46)) - raft.server.log.write.buffer.size = 1048576 (custom)
2022-12-19 18:39:49,890 [pool-610-thread-1] INFO  server.RaftServerConfigKeys (ConfUtils.java:logGet(46)) - raft.server.log.appender.buffer.byte-limit = 33554432 (custom)
2022-12-19 18:39:49,893 [pool-610-thread-1] INFO  server.RaftServerConfigKeys (ConfUtils.java:logGet(46)) - raft.server.log.unsafe-flush.enabled = false (default)
2022-12-19 18:39:49,893 [pool-610-thread-1] INFO  server.RaftServerConfigKeys (ConfUtils.java:logGet(46)) - raft.server.log.async-flush.enabled = false (default)
2022-12-19 18:39:49,893 [pool-610-thread-1] INFO  server.RaftServerConfigKeys (ConfUtils.java:logGet(46)) - raft.server.log.statemachine.data.caching.enabled = true (custom)
2022-12-19 18:39:49,893 [pool-610-thread-1] INFO  segmented.SegmentedRaftLogWorker (SegmentedRaftLogWorker.java:lambda$new$0(135)) - 156d136a-08eb-462a-8e45-2bca38fc9d49@group-681FBC8F75C3-SegmentedRaftLogWorker: flushIndex: setUnconditionally 0 -> -1
2022-12-19 18:39:49,893 [pool-610-thread-1] INFO  segmented.SegmentedRaftLogWorker (SegmentedRaftLogWorker.java:lambda$new$0(135)) - 156d136a-08eb-462a-8e45-2bca38fc9d49@group-681FBC8F75C3-SegmentedRaftLogWorker: safeCacheEvictIndex: setUnconditionally 0 -> -1
2022-12-19 18:39:49,893 [pool-610-thread-1] INFO  server.RaftServer$Division (RaftServerImpl.java:start(334)) - 156d136a-08eb-462a-8e45-2bca38fc9d49@group-681FBC8F75C3: start as a follower, conf=-1: peers:[156d136a-08eb-462a-8e45-2bca38fc9d49|rpc:10.1.0.24:44445|dataStream:10.1.0.24:42007|priority:1|startupRole:FOLLOWER, f143390d-7c87-4621-8359-d245efaa75b3|rpc:10.1.0.24:44783|dataStream:10.1.0.24:41301|priority:0|startupRole:FOLLOWER, 72a8f579-b929-42a4-a748-3b6f638fc788|rpc:10.1.0.24:40679|dataStream:10.1.0.24:37423|priority:0|startupRole:FOLLOWER]|listeners:[], old=null
2022-12-19 18:39:49,893 [pool-610-thread-1] INFO  server.RaftServer$Division (RaftServerImpl.java:setRole(321)) - 156d136a-08eb-462a-8e45-2bca38fc9d49@group-681FBC8F75C3: changes role from      null to FOLLOWER at term 0 for startAsFollower
2022-12-19 18:39:49,893 [pool-610-thread-1] INFO  impl.RoleInfo (RoleInfo.java:updateAndGet(139)) - 156d136a-08eb-462a-8e45-2bca38fc9d49: start 156d136a-08eb-462a-8e45-2bca38fc9d49@group-681FBC8F75C3-FollowerState
2022-12-19 18:39:49,895 [pool-610-thread-1] INFO  util.JmxRegister (JmxRegister.java:tryRegister(44)) - Successfully registered JMX Bean with object name Ratis:service=RaftServer,group=group-681FBC8F75C3,id=156d136a-08eb-462a-8e45-2bca38fc9d49
2022-12-19 18:39:49,895 [pool-610-thread-1] INFO  server.RaftServerConfigKeys (ConfUtils.java:logGet(46)) - raft.server.snapshot.auto.trigger.enabled = true (custom)
2022-12-19 18:39:49,895 [pool-610-thread-1] INFO  server.RaftServerConfigKeys (ConfUtils.java:logGet(46)) - raft.server.snapshot.auto.trigger.threshold = 10000 (custom)
2022-12-19 18:39:49,895 [pool-610-thread-1] INFO  server.RaftServerConfigKeys (ConfUtils.java:logGet(46)) - raft.server.snapshot.retention.file.num = 5 (custom)
2022-12-19 18:39:49,895 [pool-610-thread-1] INFO  server.RaftServerConfigKeys (ConfUtils.java:logGet(46)) - raft.server.log.purge.upto.snapshot.index = false (default)
2022-12-19 18:39:49,896 [156d136a-08eb-462a-8e45-2bca38fc9d49@group-681FBC8F75C3-FollowerState] INFO  server.RaftServerConfigKeys (ConfUtils.java:logFallback(53)) - raft.server.rpc.first-election.timeout.min = 5s (fallback to raft.server.rpc.timeout.min)
2022-12-19 18:39:49,896 [156d136a-08eb-462a-8e45-2bca38fc9d49@group-681FBC8F75C3-FollowerState] INFO  server.RaftServerConfigKeys (ConfUtils.java:logFallback(53)) - raft.server.rpc.first-election.timeout.max = 5200ms (fallback to raft.server.rpc.timeout.max)
2022-12-19 18:39:49,899 [Command processor thread] INFO  ratis.XceiverServerRatis (XceiverServerRatis.java:addGroup(806)) - Created group PipelineID=8916cdba-4d62-42e3-999c-681fbc8f75c3
2022-12-19 18:39:49,914 [grpc-default-executor-0] INFO  server.RaftServer (RaftServerProxy.java:addNew(96)) - f143390d-7c87-4621-8359-d245efaa75b3: addNew group-681FBC8F75C3:[156d136a-08eb-462a-8e45-2bca38fc9d49|rpc:10.1.0.24:44445|dataStream:10.1.0.24:42007|priority:1|startupRole:FOLLOWER, f143390d-7c87-4621-8359-d245efaa75b3|rpc:10.1.0.24:44783|dataStream:10.1.0.24:41301|priority:0|startupRole:FOLLOWER, 72a8f579-b929-42a4-a748-3b6f638fc788|rpc:10.1.0.24:40679|dataStream:10.1.0.24:37423|priority:0|startupRole:FOLLOWER] returns group-681FBC8F75C3:java.util.concurrent.CompletableFuture@2871324d[Not completed]
2022-12-19 18:39:49,915 [pool-633-thread-1] INFO  server.RaftServer$Division (RaftServerImpl.java:<init>(195)) - f143390d-7c87-4621-8359-d245efaa75b3: new RaftServerImpl for group-681FBC8F75C3:[156d136a-08eb-462a-8e45-2bca38fc9d49|rpc:10.1.0.24:44445|dataStream:10.1.0.24:42007|priority:1|startupRole:FOLLOWER, f143390d-7c87-4621-8359-d245efaa75b3|rpc:10.1.0.24:44783|dataStream:10.1.0.24:41301|priority:0|startupRole:FOLLOWER, 72a8f579-b929-42a4-a748-3b6f638fc788|rpc:10.1.0.24:40679|dataStream:10.1.0.24:37423|priority:0|startupRole:FOLLOWER] with ContainerStateMachine:uninitialized
2022-12-19 18:39:49,915 [pool-633-thread-1] INFO  server.RaftServerConfigKeys (ConfUtils.java:logGet(46)) - raft.server.rpc.timeout.min = 5s (custom)
2022-12-19 18:39:49,915 [pool-633-thread-1] INFO  server.RaftServerConfigKeys (ConfUtils.java:logGet(46)) - raft.server.rpc.timeout.max = 5200ms (custom)
2022-12-19 18:39:49,915 [pool-633-thread-1] INFO  server.RaftServerConfigKeys (ConfUtils.java:logGet(46)) - raft.server.rpc.sleep.time = 25ms (default)
2022-12-19 18:39:49,915 [pool-633-thread-1] INFO  server.RaftServerConfigKeys (ConfUtils.java:logGet(46)) - raft.server.rpc.slowness.timeout = 300s (custom)
2022-12-19 18:39:49,915 [pool-633-thread-1] INFO  server.RaftServerConfigKeys (ConfUtils.java:logGet(46)) - raft.server.leaderelection.leader.step-down.wait-time = 10s (default)
2022-12-19 18:39:49,915 [pool-633-thread-1] INFO  server.RaftServerConfigKeys (ConfUtils.java:logGet(46)) - raft.server.sleep.deviation.threshold = 300ms (default)
2022-12-19 18:39:49,915 [pool-633-thread-1] INFO  server.RaftServer$Division (ServerState.java:<init>(118)) - f143390d-7c87-4621-8359-d245efaa75b3@group-681FBC8F75C3: ConfigurationManager, init=-1: peers:[156d136a-08eb-462a-8e45-2bca38fc9d49|rpc:10.1.0.24:44445|dataStream:10.1.0.24:42007|priority:1|startupRole:FOLLOWER, f143390d-7c87-4621-8359-d245efaa75b3|rpc:10.1.0.24:44783|dataStream:10.1.0.24:41301|priority:0|startupRole:FOLLOWER, 72a8f579-b929-42a4-a748-3b6f638fc788|rpc:10.1.0.24:40679|dataStream:10.1.0.24:37423|priority:0|startupRole:FOLLOWER]|listeners:[], old=null, confs=<EMPTY_MAP>
2022-12-19 18:39:49,915 [pool-633-thread-1] INFO  server.RaftServerConfigKeys (ConfUtils.java:logGet(46)) - raft.server.storage.dir = [/home/runner/work/ozone/ozone/hadoop-ozone/integration-test/target/test-dir/MiniOzoneClusterImpl-5ce33d81-cd12-4481-bdd0-3091a3c691f6/datanode-4/data/ratis] (custom)
2022-12-19 18:39:49,916 [pool-633-thread-1] INFO  server.RaftServerConfigKeys (ConfUtils.java:logGet(46)) - raft.server.log.corruption.policy = EXCEPTION (default)
2022-12-19 18:39:49,916 [pool-633-thread-1] INFO  server.RaftServerConfigKeys (ConfUtils.java:logGet(46)) - raft.server.storage.free-space.min = 0MB (=0) (default)
2022-12-19 18:39:49,916 [pool-633-thread-1] INFO  server.RaftServerConfigKeys (ConfUtils.java:logGet(46)) - raft.server.notification.no-leader.timeout = 300s (custom)
2022-12-19 18:39:49,916 [pool-633-thread-1] INFO  server.RaftServerConfigKeys (ConfUtils.java:logGet(46)) - raft.server.retrycache.expirytime = 600000ms (custom)
2022-12-19 18:39:49,916 [pool-633-thread-1] INFO  server.RaftServerConfigKeys (ConfUtils.java:logGet(46)) - raft.server.retrycache.statistics.expirytime = 100μs (default)
2022-12-19 18:39:49,917 [pool-633-thread-1] INFO  server.RaftServerConfigKeys (ConfUtils.java:logGet(46)) - raft.server.log.appender.install.snapshot.enabled = false (custom)
2022-12-19 18:39:49,917 [pool-633-thread-1] INFO  server.RaftServerConfigKeys (ConfUtils.java:logGet(46)) - raft.server.threadpool.server.cached = true (default)
2022-12-19 18:39:49,917 [pool-633-thread-1] INFO  server.RaftServerConfigKeys (ConfUtils.java:logGet(46)) - raft.server.threadpool.server.size = 0 (default)
2022-12-19 18:39:49,917 [pool-633-thread-1] INFO  server.RaftServerConfigKeys (ConfUtils.java:logGet(46)) - raft.server.threadpool.client.cached = true (default)
2022-12-19 18:39:49,917 [pool-633-thread-1] INFO  server.RaftServerConfigKeys (ConfUtils.java:logGet(46)) - raft.server.threadpool.client.size = 0 (default)
2022-12-19 18:39:49,917 [pool-633-thread-1] INFO  storage.RaftStorageDirectory (RaftStorageDirectoryImpl.java:analyzeStorage(137)) - The storage directory /home/runner/work/ozone/ozone/hadoop-ozone/integration-test/target/test-dir/MiniOzoneClusterImpl-5ce33d81-cd12-4481-bdd0-3091a3c691f6/datanode-4/data/ratis/8916cdba-4d62-42e3-999c-681fbc8f75c3 does not exist. Creating ...
2022-12-19 18:39:49,918 [pool-633-thread-1] INFO  storage.RaftStorageDirectory (RaftStorageDirectoryImpl.java:tryLock(231)) - Lock on /home/runner/work/ozone/ozone/hadoop-ozone/integration-test/target/test-dir/MiniOzoneClusterImpl-5ce33d81-cd12-4481-bdd0-3091a3c691f6/datanode-4/data/ratis/8916cdba-4d62-42e3-999c-681fbc8f75c3/in_use.lock acquired by nodename 10449@fv-az353-760
2022-12-19 18:39:49,920 [pool-633-thread-1] INFO  storage.RaftStorage (RaftStorageImpl.java:format(96)) - Storage directory /home/runner/work/ozone/ozone/hadoop-ozone/integration-test/target/test-dir/MiniOzoneClusterImpl-5ce33d81-cd12-4481-bdd0-3091a3c691f6/datanode-4/data/ratis/8916cdba-4d62-42e3-999c-681fbc8f75c3 has been successfully formatted.
2022-12-19 18:39:49,921 [EventQueue-CommandQueueReportForCommandQueueReportHandler] WARN  events.EventQueue (EventQueue.java:fireEvent(216)) - No event handler registered for event TypedEvent{payloadType=DatanodeDetails, name='Datanode_Command_Queue_Updated'}
2022-12-19 18:39:49,921 [pool-633-thread-1] INFO  ratis.ContainerStateMachine (ContainerStateMachine.java:loadSnapshot(240)) - group-681FBC8F75C3: The snapshot info is null. Setting the last applied indexto:(t:0, i:~)
2022-12-19 18:39:49,923 [pool-633-thread-1] INFO  server.RaftServerConfigKeys (ConfUtils.java:logGet(46)) - raft.server.log.use.memory = false (default)
2022-12-19 18:39:49,923 [pool-633-thread-1] INFO  server.RaftServerConfigKeys (ConfUtils.java:logGet(46)) - raft.server.log.purge.gap = 1000000 (custom)
2022-12-19 18:39:49,923 [pool-633-thread-1] INFO  server.RaftServerConfigKeys (ConfUtils.java:logGet(46)) - raft.server.log.appender.buffer.byte-limit = 33554432 (custom)
2022-12-19 18:39:49,923 [pool-633-thread-1] INFO  server.RaftServerConfigKeys (ConfUtils.java:logGet(46)) - raft.server.log.statemachine.data.read.timeout = 1000ms (default)
2022-12-19 18:39:49,923 [pool-633-thread-1] INFO  server.RaftServerConfigKeys (ConfUtils.java:logGet(46)) - raft.server.log.purge.preservation.log.num = 0 (default)
2022-12-19 18:39:49,923 [pool-633-thread-1] INFO  server.RaftServerConfigKeys (ConfUtils.java:logGet(46)) - raft.server.log.segment.size.max = 1048576 (custom)
2022-12-19 18:39:49,923 [pool-633-thread-1] INFO  server.RaftServerConfigKeys (ConfUtils.java:logGet(46)) - raft.server.log.segment.cache.num.max = 2 (custom)
2022-12-19 18:39:49,923 [pool-633-thread-1] INFO  server.RaftServerConfigKeys (ConfUtils.java:logGet(46)) - raft.server.log.segment.cache.size.max = 200MB (=209715200) (default)
2022-12-19 18:39:49,923 [pool-633-thread-1] INFO  segmented.SegmentedRaftLogWorker (SegmentedRaftLogWorker.java:<init>(189)) - new f143390d-7c87-4621-8359-d245efaa75b3@group-681FBC8F75C3-SegmentedRaftLogWorker for RaftStorageImpl:Storage Directory /home/runner/work/ozone/ozone/hadoop-ozone/integration-test/target/test-dir/MiniOzoneClusterImpl-5ce33d81-cd12-4481-bdd0-3091a3c691f6/datanode-4/data/ratis/8916cdba-4d62-42e3-999c-681fbc8f75c3
2022-12-19 18:39:49,923 [pool-633-thread-1] INFO  server.RaftServerConfigKeys (ConfUtils.java:logGet(46)) - raft.server.log.queue.byte-limit = 4294967296 (custom)
2022-12-19 18:39:49,923 [pool-633-thread-1] INFO  server.RaftServerConfigKeys (ConfUtils.java:logGet(46)) - raft.server.log.queue.element-limit = 1024 (custom)
2022-12-19 18:39:49,923 [pool-633-thread-1] INFO  server.RaftServerConfigKeys (ConfUtils.java:logGet(46)) - raft.server.log.segment.size.max = 1048576 (custom)
2022-12-19 18:39:49,924 [pool-633-thread-1] INFO  server.RaftServerConfigKeys (ConfUtils.java:logGet(46)) - raft.server.log.preallocated.size = 16384 (custom)
2022-12-19 18:39:49,924 [pool-633-thread-1] INFO  server.RaftServerConfigKeys (ConfUtils.java:logGet(46)) - raft.server.log.force.sync.num = 128 (default)
2022-12-19 18:39:49,924 [pool-633-thread-1] INFO  server.RaftServerConfigKeys (ConfUtils.java:logGet(46)) - raft.server.log.statemachine.data.sync = true (default)
2022-12-19 18:39:49,924 [pool-633-thread-1] INFO  server.RaftServerConfigKeys (ConfUtils.java:logGet(46)) - raft.server.log.statemachine.data.sync.timeout = 10s (default)
2022-12-19 18:39:49,924 [pool-633-thread-1] INFO  server.RaftServerConfigKeys (ConfUtils.java:logGet(46)) - raft.server.log.statemachine.data.sync.timeout.retry = -1 (default)
2022-12-19 18:39:49,924 [pool-633-thread-1] INFO  server.RaftServerConfigKeys (ConfUtils.java:logGet(46)) - raft.server.log.write.buffer.size = 1048576 (custom)
2022-12-19 18:39:49,925 [pool-633-thread-1] INFO  server.RaftServerConfigKeys (ConfUtils.java:logGet(46)) - raft.server.log.appender.buffer.byte-limit = 33554432 (custom)
2022-12-19 18:39:49,928 [pool-633-thread-1] INFO  server.RaftServerConfigKeys (ConfUtils.java:logGet(46)) - raft.server.log.unsafe-flush.enabled = false (default)
2022-12-19 18:39:49,928 [pool-633-thread-1] INFO  server.RaftServerConfigKeys (ConfUtils.java:logGet(46)) - raft.server.log.async-flush.enabled = false (default)
2022-12-19 18:39:49,928 [pool-633-thread-1] INFO  server.RaftServerConfigKeys (ConfUtils.java:logGet(46)) - raft.server.log.statemachine.data.caching.enabled = true (custom)
2022-12-19 18:39:49,928 [pool-633-thread-1] INFO  segmented.SegmentedRaftLogWorker (SegmentedRaftLogWorker.java:lambda$new$0(135)) - f143390d-7c87-4621-8359-d245efaa75b3@group-681FBC8F75C3-SegmentedRaftLogWorker: flushIndex: setUnconditionally 0 -> -1
2022-12-19 18:39:49,928 [pool-633-thread-1] INFO  segmented.SegmentedRaftLogWorker (SegmentedRaftLogWorker.java:lambda$new$0(135)) - f143390d-7c87-4621-8359-d245efaa75b3@group-681FBC8F75C3-SegmentedRaftLogWorker: safeCacheEvictIndex: setUnconditionally 0 -> -1
2022-12-19 18:39:49,928 [pool-633-thread-1] INFO  server.RaftServer$Division (RaftServerImpl.java:start(334)) - f143390d-7c87-4621-8359-d245efaa75b3@group-681FBC8F75C3: start as a follower, conf=-1: peers:[156d136a-08eb-462a-8e45-2bca38fc9d49|rpc:10.1.0.24:44445|dataStream:10.1.0.24:42007|priority:1|startupRole:FOLLOWER, f143390d-7c87-4621-8359-d245efaa75b3|rpc:10.1.0.24:44783|dataStream:10.1.0.24:41301|priority:0|startupRole:FOLLOWER, 72a8f579-b929-42a4-a748-3b6f638fc788|rpc:10.1.0.24:40679|dataStream:10.1.0.24:37423|priority:0|startupRole:FOLLOWER]|listeners:[], old=null
2022-12-19 18:39:49,928 [pool-633-thread-1] INFO  server.RaftServer$Division (RaftServerImpl.java:setRole(321)) - f143390d-7c87-4621-8359-d245efaa75b3@group-681FBC8F75C3: changes role from      null to FOLLOWER at term 0 for startAsFollower
2022-12-19 18:39:49,928 [pool-633-thread-1] INFO  impl.RoleInfo (RoleInfo.java:updateAndGet(139)) - f143390d-7c87-4621-8359-d245efaa75b3: start f143390d-7c87-4621-8359-d245efaa75b3@group-681FBC8F75C3-FollowerState
2022-12-19 18:39:49,928 [pool-633-thread-1] INFO  util.JmxRegister (JmxRegister.java:tryRegister(44)) - Successfully registered JMX Bean with object name Ratis:service=RaftServer,group=group-681FBC8F75C3,id=f143390d-7c87-4621-8359-d245efaa75b3
2022-12-19 18:39:49,928 [pool-633-thread-1] INFO  server.RaftServerConfigKeys (ConfUtils.java:logGet(46)) - raft.server.snapshot.auto.trigger.enabled = true (custom)
2022-12-19 18:39:49,928 [pool-633-thread-1] INFO  server.RaftServerConfigKeys (ConfUtils.java:logGet(46)) - raft.server.snapshot.auto.trigger.threshold = 10000 (custom)
2022-12-19 18:39:49,928 [pool-633-thread-1] INFO  server.RaftServerConfigKeys (ConfUtils.java:logGet(46)) - raft.server.snapshot.retention.file.num = 5 (custom)
2022-12-19 18:39:49,928 [pool-633-thread-1] INFO  server.RaftServerConfigKeys (ConfUtils.java:logGet(46)) - raft.server.log.purge.upto.snapshot.index = false (default)
2022-12-19 18:39:49,929 [f143390d-7c87-4621-8359-d245efaa75b3@group-681FBC8F75C3-FollowerState] INFO  server.RaftServerConfigKeys (ConfUtils.java:logFallback(53)) - raft.server.rpc.first-election.timeout.min = 5s (fallback to raft.server.rpc.timeout.min)
2022-12-19 18:39:49,929 [f143390d-7c87-4621-8359-d245efaa75b3@group-681FBC8F75C3-FollowerState] INFO  server.RaftServerConfigKeys (ConfUtils.java:logFallback(53)) - raft.server.rpc.first-election.timeout.max = 5200ms (fallback to raft.server.rpc.timeout.max)
2022-12-19 18:39:49,943 [grpc-default-executor-0] INFO  server.RaftServer (RaftServerProxy.java:addNew(96)) - 72a8f579-b929-42a4-a748-3b6f638fc788: addNew group-681FBC8F75C3:[156d136a-08eb-462a-8e45-2bca38fc9d49|rpc:10.1.0.24:44445|dataStream:10.1.0.24:42007|priority:1|startupRole:FOLLOWER, f143390d-7c87-4621-8359-d245efaa75b3|rpc:10.1.0.24:44783|dataStream:10.1.0.24:41301|priority:0|startupRole:FOLLOWER, 72a8f579-b929-42a4-a748-3b6f638fc788|rpc:10.1.0.24:40679|dataStream:10.1.0.24:37423|priority:0|startupRole:FOLLOWER] returns group-681FBC8F75C3:java.util.concurrent.CompletableFuture@5d58af63[Not completed]
2022-12-19 18:39:49,944 [pool-656-thread-1] INFO  server.RaftServer$Division (RaftServerImpl.java:<init>(195)) - 72a8f579-b929-42a4-a748-3b6f638fc788: new RaftServerImpl for group-681FBC8F75C3:[156d136a-08eb-462a-8e45-2bca38fc9d49|rpc:10.1.0.24:44445|dataStream:10.1.0.24:42007|priority:1|startupRole:FOLLOWER, f143390d-7c87-4621-8359-d245efaa75b3|rpc:10.1.0.24:44783|dataStream:10.1.0.24:41301|priority:0|startupRole:FOLLOWER, 72a8f579-b929-42a4-a748-3b6f638fc788|rpc:10.1.0.24:40679|dataStream:10.1.0.24:37423|priority:0|startupRole:FOLLOWER] with ContainerStateMachine:uninitialized
2022-12-19 18:39:49,944 [pool-656-thread-1] INFO  server.RaftServerConfigKeys (ConfUtils.java:logGet(46)) - raft.server.rpc.timeout.min = 5s (custom)
2022-12-19 18:39:49,944 [pool-656-thread-1] INFO  server.RaftServerConfigKeys (ConfUtils.java:logGet(46)) - raft.server.rpc.timeout.max = 5200ms (custom)
2022-12-19 18:39:49,944 [pool-656-thread-1] INFO  server.RaftServerConfigKeys (ConfUtils.java:logGet(46)) - raft.server.rpc.sleep.time = 25ms (default)
2022-12-19 18:39:49,944 [pool-656-thread-1] INFO  server.RaftServerConfigKeys (ConfUtils.java:logGet(46)) - raft.server.rpc.slowness.timeout = 300s (custom)
2022-12-19 18:39:49,944 [pool-656-thread-1] INFO  server.RaftServerConfigKeys (ConfUtils.java:logGet(46)) - raft.server.leaderelection.leader.step-down.wait-time = 10s (default)
2022-12-19 18:39:49,944 [pool-656-thread-1] INFO  server.RaftServerConfigKeys (ConfUtils.java:logGet(46)) - raft.server.sleep.deviation.threshold = 300ms (default)
2022-12-19 18:39:49,944 [pool-656-thread-1] INFO  server.RaftServer$Division (ServerState.java:<init>(118)) - 72a8f579-b929-42a4-a748-3b6f638fc788@group-681FBC8F75C3: ConfigurationManager, init=-1: peers:[156d136a-08eb-462a-8e45-2bca38fc9d49|rpc:10.1.0.24:44445|dataStream:10.1.0.24:42007|priority:1|startupRole:FOLLOWER, f143390d-7c87-4621-8359-d245efaa75b3|rpc:10.1.0.24:44783|dataStream:10.1.0.24:41301|priority:0|startupRole:FOLLOWER, 72a8f579-b929-42a4-a748-3b6f638fc788|rpc:10.1.0.24:40679|dataStream:10.1.0.24:37423|priority:0|startupRole:FOLLOWER]|listeners:[], old=null, confs=<EMPTY_MAP>
2022-12-19 18:39:49,944 [pool-656-thread-1] INFO  server.RaftServerConfigKeys (ConfUtils.java:logGet(46)) - raft.server.storage.dir = [/home/runner/work/ozone/ozone/hadoop-ozone/integration-test/target/test-dir/MiniOzoneClusterImpl-5ce33d81-cd12-4481-bdd0-3091a3c691f6/datanode-5/data/ratis] (custom)
2022-12-19 18:39:49,944 [pool-656-thread-1] INFO  server.RaftServerConfigKeys (ConfUtils.java:logGet(46)) - raft.server.log.corruption.policy = EXCEPTION (default)
2022-12-19 18:39:49,944 [pool-656-thread-1] INFO  server.RaftServerConfigKeys (ConfUtils.java:logGet(46)) - raft.server.storage.free-space.min = 0MB (=0) (default)
2022-12-19 18:39:49,945 [pool-656-thread-1] INFO  server.RaftServerConfigKeys (ConfUtils.java:logGet(46)) - raft.server.notification.no-leader.timeout = 300s (custom)
2022-12-19 18:39:49,945 [pool-656-thread-1] INFO  server.RaftServerConfigKeys (ConfUtils.java:logGet(46)) - raft.server.retrycache.expirytime = 600000ms (custom)
2022-12-19 18:39:49,945 [pool-656-thread-1] INFO  server.RaftServerConfigKeys (ConfUtils.java:logGet(46)) - raft.server.retrycache.statistics.expirytime = 100μs (default)
2022-12-19 18:39:49,946 [pool-656-thread-1] INFO  server.RaftServerConfigKeys (ConfUtils.java:logGet(46)) - raft.server.log.appender.install.snapshot.enabled = false (custom)
2022-12-19 18:39:49,946 [pool-656-thread-1] INFO  server.RaftServerConfigKeys (ConfUtils.java:logGet(46)) - raft.server.threadpool.server.cached = true (default)
2022-12-19 18:39:49,946 [pool-656-thread-1] INFO  server.RaftServerConfigKeys (ConfUtils.java:logGet(46)) - raft.server.threadpool.server.size = 0 (default)
2022-12-19 18:39:49,946 [pool-656-thread-1] INFO  server.RaftServerConfigKeys (ConfUtils.java:logGet(46)) - raft.server.threadpool.client.cached = true (default)
2022-12-19 18:39:49,946 [pool-656-thread-1] INFO  server.RaftServerConfigKeys (ConfUtils.java:logGet(46)) - raft.server.threadpool.client.size = 0 (default)
2022-12-19 18:39:49,946 [pool-656-thread-1] INFO  storage.RaftStorageDirectory (RaftStorageDirectoryImpl.java:analyzeStorage(137)) - The storage directory /home/runner/work/ozone/ozone/hadoop-ozone/integration-test/target/test-dir/MiniOzoneClusterImpl-5ce33d81-cd12-4481-bdd0-3091a3c691f6/datanode-5/data/ratis/8916cdba-4d62-42e3-999c-681fbc8f75c3 does not exist. Creating ...
2022-12-19 18:39:49,947 [pool-656-thread-1] INFO  storage.RaftStorageDirectory (RaftStorageDirectoryImpl.java:tryLock(231)) - Lock on /home/runner/work/ozone/ozone/hadoop-ozone/integration-test/target/test-dir/MiniOzoneClusterImpl-5ce33d81-cd12-4481-bdd0-3091a3c691f6/datanode-5/data/ratis/8916cdba-4d62-42e3-999c-681fbc8f75c3/in_use.lock acquired by nodename 10449@fv-az353-760
2022-12-19 18:39:49,949 [pool-656-thread-1] INFO  storage.RaftStorage (RaftStorageImpl.java:format(96)) - Storage directory /home/runner/work/ozone/ozone/hadoop-ozone/integration-test/target/test-dir/MiniOzoneClusterImpl-5ce33d81-cd12-4481-bdd0-3091a3c691f6/datanode-5/data/ratis/8916cdba-4d62-42e3-999c-681fbc8f75c3 has been successfully formatted.
2022-12-19 18:39:49,950 [EventQueue-CommandQueueReportForCommandQueueReportHandler] WARN  events.EventQueue (EventQueue.java:fireEvent(216)) - No event handler registered for event TypedEvent{payloadType=DatanodeDetails, name='Datanode_Command_Queue_Updated'}
2022-12-19 18:39:49,950 [pool-656-thread-1] INFO  ratis.ContainerStateMachine (ContainerStateMachine.java:loadSnapshot(240)) - group-681FBC8F75C3: The snapshot info is null. Setting the last applied indexto:(t:0, i:~)
2022-12-19 18:39:49,950 [pool-656-thread-1] INFO  server.RaftServerConfigKeys (ConfUtils.java:logGet(46)) - raft.server.log.use.memory = false (default)
2022-12-19 18:39:49,951 [pool-656-thread-1] INFO  server.RaftServerConfigKeys (ConfUtils.java:logGet(46)) - raft.server.log.purge.gap = 1000000 (custom)
2022-12-19 18:39:49,951 [pool-656-thread-1] INFO  server.RaftServerConfigKeys (ConfUtils.java:logGet(46)) - raft.server.log.appender.buffer.byte-limit = 33554432 (custom)
2022-12-19 18:39:49,951 [pool-656-thread-1] INFO  server.RaftServerConfigKeys (ConfUtils.java:logGet(46)) - raft.server.log.statemachine.data.read.timeout = 1000ms (default)
2022-12-19 18:39:49,951 [pool-656-thread-1] INFO  server.RaftServerConfigKeys (ConfUtils.java:logGet(46)) - raft.server.log.purge.preservation.log.num = 0 (default)
2022-12-19 18:39:49,951 [pool-656-thread-1] INFO  server.RaftServerConfigKeys (ConfUtils.java:logGet(46)) - raft.server.log.segment.size.max = 1048576 (custom)
2022-12-19 18:39:49,951 [pool-656-thread-1] INFO  server.RaftServerConfigKeys (ConfUtils.java:logGet(46)) - raft.server.log.segment.cache.num.max = 2 (custom)
2022-12-19 18:39:49,951 [pool-656-thread-1] INFO  server.RaftServerConfigKeys (ConfUtils.java:logGet(46)) - raft.server.log.segment.cache.size.max = 200MB (=209715200) (default)
2022-12-19 18:39:49,951 [pool-656-thread-1] INFO  segmented.SegmentedRaftLogWorker (SegmentedRaftLogWorker.java:<init>(189)) - new 72a8f579-b929-42a4-a748-3b6f638fc788@group-681FBC8F75C3-SegmentedRaftLogWorker for RaftStorageImpl:Storage Directory /home/runner/work/ozone/ozone/hadoop-ozone/integration-test/target/test-dir/MiniOzoneClusterImpl-5ce33d81-cd12-4481-bdd0-3091a3c691f6/datanode-5/data/ratis/8916cdba-4d62-42e3-999c-681fbc8f75c3
2022-12-19 18:39:49,951 [pool-656-thread-1] INFO  server.RaftServerConfigKeys (ConfUtils.java:logGet(46)) - raft.server.log.queue.byte-limit = 4294967296 (custom)
2022-12-19 18:39:49,951 [pool-656-thread-1] INFO  server.RaftServerConfigKeys (ConfUtils.java:logGet(46)) - raft.server.log.queue.element-limit = 1024 (custom)
2022-12-19 18:39:49,951 [pool-656-thread-1] INFO  server.RaftServerConfigKeys (ConfUtils.java:logGet(46)) - raft.server.log.segment.size.max = 1048576 (custom)
2022-12-19 18:39:49,951 [pool-656-thread-1] INFO  server.RaftServerConfigKeys (ConfUtils.java:logGet(46)) - raft.server.log.preallocated.size = 16384 (custom)
2022-12-19 18:39:49,951 [pool-656-thread-1] INFO  server.RaftServerConfigKeys (ConfUtils.java:logGet(46)) - raft.server.log.force.sync.num = 128 (default)
2022-12-19 18:39:49,952 [pool-656-thread-1] INFO  server.RaftServerConfigKeys (ConfUtils.java:logGet(46)) - raft.server.log.statemachine.data.sync = true (default)
2022-12-19 18:39:49,952 [pool-656-thread-1] INFO  server.RaftServerConfigKeys (ConfUtils.java:logGet(46)) - raft.server.log.statemachine.data.sync.timeout = 10s (default)
2022-12-19 18:39:49,952 [pool-656-thread-1] INFO  server.RaftServerConfigKeys (ConfUtils.java:logGet(46)) - raft.server.log.statemachine.data.sync.timeout.retry = -1 (default)
2022-12-19 18:39:49,953 [pool-656-thread-1] INFO  server.RaftServerConfigKeys (ConfUtils.java:logGet(46)) - raft.server.log.write.buffer.size = 1048576 (custom)
2022-12-19 18:39:49,954 [pool-656-thread-1] INFO  server.RaftServerConfigKeys (ConfUtils.java:logGet(46)) - raft.server.log.appender.buffer.byte-limit = 33554432 (custom)
2022-12-19 18:39:49,957 [pool-656-thread-1] INFO  server.RaftServerConfigKeys (ConfUtils.java:logGet(46)) - raft.server.log.unsafe-flush.enabled = false (default)
2022-12-19 18:39:49,957 [pool-656-thread-1] INFO  server.RaftServerConfigKeys (ConfUtils.java:logGet(46)) - raft.server.log.async-flush.enabled = false (default)
2022-12-19 18:39:49,957 [pool-656-thread-1] INFO  server.RaftServerConfigKeys (ConfUtils.java:logGet(46)) - raft.server.log.statemachine.data.caching.enabled = true (custom)
2022-12-19 18:39:49,958 [pool-656-thread-1] INFO  segmented.SegmentedRaftLogWorker (SegmentedRaftLogWorker.java:lambda$new$0(135)) - 72a8f579-b929-42a4-a748-3b6f638fc788@group-681FBC8F75C3-SegmentedRaftLogWorker: flushIndex: setUnconditionally 0 -> -1
2022-12-19 18:39:49,958 [pool-656-thread-1] INFO  segmented.SegmentedRaftLogWorker (SegmentedRaftLogWorker.java:lambda$new$0(135)) - 72a8f579-b929-42a4-a748-3b6f638fc788@group-681FBC8F75C3-SegmentedRaftLogWorker: safeCacheEvictIndex: setUnconditionally 0 -> -1
2022-12-19 18:39:49,958 [pool-656-thread-1] INFO  server.RaftServer$Division (RaftServerImpl.java:start(334)) - 72a8f579-b929-42a4-a748-3b6f638fc788@group-681FBC8F75C3: start as a follower, conf=-1: peers:[156d136a-08eb-462a-8e45-2bca38fc9d49|rpc:10.1.0.24:44445|dataStream:10.1.0.24:42007|priority:1|startupRole:FOLLOWER, f143390d-7c87-4621-8359-d245efaa75b3|rpc:10.1.0.24:44783|dataStream:10.1.0.24:41301|priority:0|startupRole:FOLLOWER, 72a8f579-b929-42a4-a748-3b6f638fc788|rpc:10.1.0.24:40679|dataStream:10.1.0.24:37423|priority:0|startupRole:FOLLOWER]|listeners:[], old=null
2022-12-19 18:39:49,958 [pool-656-thread-1] INFO  server.RaftServer$Division (RaftServerImpl.java:setRole(321)) - 72a8f579-b929-42a4-a748-3b6f638fc788@group-681FBC8F75C3: changes role from      null to FOLLOWER at term 0 for startAsFollower
2022-12-19 18:39:49,958 [pool-656-thread-1] INFO  impl.RoleInfo (RoleInfo.java:updateAndGet(139)) - 72a8f579-b929-42a4-a748-3b6f638fc788: start 72a8f579-b929-42a4-a748-3b6f638fc788@group-681FBC8F75C3-FollowerState
2022-12-19 18:39:49,959 [pool-656-thread-1] INFO  util.JmxRegister (JmxRegister.java:tryRegister(44)) - Successfully registered JMX Bean with object name Ratis:service=RaftServer,group=group-681FBC8F75C3,id=72a8f579-b929-42a4-a748-3b6f638fc788
2022-12-19 18:39:49,959 [pool-656-thread-1] INFO  server.RaftServerConfigKeys (ConfUtils.java:logGet(46)) - raft.server.snapshot.auto.trigger.enabled = true (custom)
2022-12-19 18:39:49,959 [pool-656-thread-1] INFO  server.RaftServerConfigKeys (ConfUtils.java:logGet(46)) - raft.server.snapshot.auto.trigger.threshold = 10000 (custom)
2022-12-19 18:39:49,959 [pool-656-thread-1] INFO  server.RaftServerConfigKeys (ConfUtils.java:logGet(46)) - raft.server.snapshot.retention.file.num = 5 (custom)
2022-12-19 18:39:49,959 [pool-656-thread-1] INFO  server.RaftServerConfigKeys (ConfUtils.java:logGet(46)) - raft.server.log.purge.upto.snapshot.index = false (default)
2022-12-19 18:39:49,960 [72a8f579-b929-42a4-a748-3b6f638fc788@group-681FBC8F75C3-FollowerState] INFO  server.RaftServerConfigKeys (ConfUtils.java:logFallback(53)) - raft.server.rpc.first-election.timeout.min = 5s (fallback to raft.server.rpc.timeout.min)
2022-12-19 18:39:49,960 [72a8f579-b929-42a4-a748-3b6f638fc788@group-681FBC8F75C3-FollowerState] INFO  server.RaftServerConfigKeys (ConfUtils.java:logFallback(53)) - raft.server.rpc.first-election.timeout.max = 5200ms (fallback to raft.server.rpc.timeout.max)
2022-12-19 18:39:49,967 [Command processor thread] INFO  commandhandler.CreatePipelineCommandHandler (CreatePipelineCommandHandler.java:handle(113)) - Created Pipeline RATIS THREE PipelineID=8916cdba-4d62-42e3-999c-681fbc8f75c3.
2022-12-19 18:39:50,365 [Listener at 127.0.0.1/39295] INFO  ozone.MiniOzoneClusterImpl (MiniOzoneClusterImpl.java:lambda$waitForClusterToBeReady$0(217)) - Nodes are ready. Got 6 of 6 DN Heartbeats.
2022-12-19 18:39:50,365 [Listener at 127.0.0.1/39295] INFO  ozone.MiniOzoneClusterImpl (MiniOzoneClusterImpl.java:lambda$waitForClusterToBeReady$0(220)) - Waiting for cluster to exit safe mode
2022-12-19 18:39:50,365 [Listener at 127.0.0.1/39295] INFO  ozone.MiniOzoneClusterImpl (MiniOzoneClusterImpl.java:lambda$waitForClusterToBeReady$0(222)) - SCM became leader
2022-12-19 18:39:50,936 [EventQueue-CommandQueueReportForCommandQueueReportHandler] WARN  events.EventQueue (EventQueue.java:fireEvent(216)) - No event handler registered for event TypedEvent{payloadType=DatanodeDetails, name='Datanode_Command_Queue_Updated'}
2022-12-19 18:39:50,962 [EventQueue-CommandQueueReportForCommandQueueReportHandler] WARN  events.EventQueue (EventQueue.java:fireEvent(216)) - No event handler registered for event TypedEvent{payloadType=DatanodeDetails, name='Datanode_Command_Queue_Updated'}
2022-12-19 18:39:51,035 [EventQueue-CommandQueueReportForCommandQueueReportHandler] WARN  events.EventQueue (EventQueue.java:fireEvent(216)) - No event handler registered for event TypedEvent{payloadType=DatanodeDetails, name='Datanode_Command_Queue_Updated'}
2022-12-19 18:39:51,366 [Listener at 127.0.0.1/39295] INFO  ozone.MiniOzoneClusterImpl (MiniOzoneClusterImpl.java:lambda$waitForClusterToBeReady$0(217)) - Nodes are ready. Got 6 of 6 DN Heartbeats.
2022-12-19 18:39:51,366 [Listener at 127.0.0.1/39295] INFO  ozone.MiniOzoneClusterImpl (MiniOzoneClusterImpl.java:lambda$waitForClusterToBeReady$0(220)) - Waiting for cluster to exit safe mode
2022-12-19 18:39:51,366 [Listener at 127.0.0.1/39295] INFO  ozone.MiniOzoneClusterImpl (MiniOzoneClusterImpl.java:lambda$waitForClusterToBeReady$0(222)) - SCM became leader
2022-12-19 18:39:51,886 [EventQueue-CommandQueueReportForCommandQueueReportHandler] WARN  events.EventQueue (EventQueue.java:fireEvent(216)) - No event handler registered for event TypedEvent{payloadType=DatanodeDetails, name='Datanode_Command_Queue_Updated'}
2022-12-19 18:39:51,921 [EventQueue-CommandQueueReportForCommandQueueReportHandler] WARN  events.EventQueue (EventQueue.java:fireEvent(216)) - No event handler registered for event TypedEvent{payloadType=DatanodeDetails, name='Datanode_Command_Queue_Updated'}
2022-12-19 18:39:51,949 [EventQueue-CommandQueueReportForCommandQueueReportHandler] WARN  events.EventQueue (EventQueue.java:fireEvent(216)) - No event handler registered for event TypedEvent{payloadType=DatanodeDetails, name='Datanode_Command_Queue_Updated'}
2022-12-19 18:39:52,366 [Listener at 127.0.0.1/39295] INFO  ozone.MiniOzoneClusterImpl (MiniOzoneClusterImpl.java:lambda$waitForClusterToBeReady$0(217)) - Nodes are ready. Got 6 of 6 DN Heartbeats.
2022-12-19 18:39:52,366 [Listener at 127.0.0.1/39295] INFO  ozone.MiniOzoneClusterImpl (MiniOzoneClusterImpl.java:lambda$waitForClusterToBeReady$0(220)) - Waiting for cluster to exit safe mode
2022-12-19 18:39:52,366 [Listener at 127.0.0.1/39295] INFO  ozone.MiniOzoneClusterImpl (MiniOzoneClusterImpl.java:lambda$waitForClusterToBeReady$0(222)) - SCM became leader
2022-12-19 18:39:52,937 [EventQueue-CommandQueueReportForCommandQueueReportHandler] WARN  events.EventQueue (EventQueue.java:fireEvent(216)) - No event handler registered for event TypedEvent{payloadType=DatanodeDetails, name='Datanode_Command_Queue_Updated'}
2022-12-19 18:39:52,962 [EventQueue-CommandQueueReportForCommandQueueReportHandler] WARN  events.EventQueue (EventQueue.java:fireEvent(216)) - No event handler registered for event TypedEvent{payloadType=DatanodeDetails, name='Datanode_Command_Queue_Updated'}
2022-12-19 18:39:53,034 [EventQueue-CommandQueueReportForCommandQueueReportHandler] WARN  events.EventQueue (EventQueue.java:fireEvent(216)) - No event handler registered for event TypedEvent{payloadType=DatanodeDetails, name='Datanode_Command_Queue_Updated'}
2022-12-19 18:39:53,367 [Listener at 127.0.0.1/39295] INFO  ozone.MiniOzoneClusterImpl (MiniOzoneClusterImpl.java:lambda$waitForClusterToBeReady$0(217)) - Nodes are ready. Got 6 of 6 DN Heartbeats.
2022-12-19 18:39:53,367 [Listener at 127.0.0.1/39295] INFO  ozone.MiniOzoneClusterImpl (MiniOzoneClusterImpl.java:lambda$waitForClusterToBeReady$0(220)) - Waiting for cluster to exit safe mode
2022-12-19 18:39:53,367 [Listener at 127.0.0.1/39295] INFO  ozone.MiniOzoneClusterImpl (MiniOzoneClusterImpl.java:lambda$waitForClusterToBeReady$0(222)) - SCM became leader
2022-12-19 18:39:53,886 [EventQueue-CommandQueueReportForCommandQueueReportHandler] WARN  events.EventQueue (EventQueue.java:fireEvent(216)) - No event handler registered for event TypedEvent{payloadType=DatanodeDetails, name='Datanode_Command_Queue_Updated'}
2022-12-19 18:39:53,922 [EventQueue-CommandQueueReportForCommandQueueReportHandler] WARN  events.EventQueue (EventQueue.java:fireEvent(216)) - No event handler registered for event TypedEvent{payloadType=DatanodeDetails, name='Datanode_Command_Queue_Updated'}
2022-12-19 18:39:53,949 [EventQueue-CommandQueueReportForCommandQueueReportHandler] WARN  events.EventQueue (EventQueue.java:fireEvent(216)) - No event handler registered for event TypedEvent{payloadType=DatanodeDetails, name='Datanode_Command_Queue_Updated'}
2022-12-19 18:39:53,983 [daa36c1e-9cf4-4c94-819a-0a52a71ceb67@group-36058ED0B8A3-FollowerState] INFO  impl.FollowerState (FollowerState.java:run(143)) - daa36c1e-9cf4-4c94-819a-0a52a71ceb67@group-36058ED0B8A3-FollowerState: change to CANDIDATE, lastRpcElapsedTime:5040422719ns, electionTimeout:5040ms
2022-12-19 18:39:53,983 [daa36c1e-9cf4-4c94-819a-0a52a71ceb67@group-36058ED0B8A3-FollowerState] INFO  impl.RoleInfo (RoleInfo.java:shutdownFollowerState(110)) - daa36c1e-9cf4-4c94-819a-0a52a71ceb67: shutdown daa36c1e-9cf4-4c94-819a-0a52a71ceb67@group-36058ED0B8A3-FollowerState
2022-12-19 18:39:53,983 [daa36c1e-9cf4-4c94-819a-0a52a71ceb67@group-36058ED0B8A3-FollowerState] INFO  server.RaftServer$Division (RaftServerImpl.java:setRole(321)) - daa36c1e-9cf4-4c94-819a-0a52a71ceb67@group-36058ED0B8A3: changes role from  FOLLOWER to CANDIDATE at term 0 for changeToCandidate
2022-12-19 18:39:53,983 [daa36c1e-9cf4-4c94-819a-0a52a71ceb67@group-36058ED0B8A3-FollowerState] INFO  server.RaftServerConfigKeys (ConfUtils.java:logGet(46)) - raft.server.leaderelection.pre-vote = false (custom)
2022-12-19 18:39:53,983 [daa36c1e-9cf4-4c94-819a-0a52a71ceb67@group-36058ED0B8A3-FollowerState] INFO  impl.RoleInfo (RoleInfo.java:updateAndGet(139)) - daa36c1e-9cf4-4c94-819a-0a52a71ceb67: start daa36c1e-9cf4-4c94-819a-0a52a71ceb67@group-36058ED0B8A3-LeaderElection22
2022-12-19 18:39:53,986 [daa36c1e-9cf4-4c94-819a-0a52a71ceb67@group-36058ED0B8A3-LeaderElection22] INFO  impl.LeaderElection (LeaderElection.java:askForVotes(312)) - daa36c1e-9cf4-4c94-819a-0a52a71ceb67@group-36058ED0B8A3-LeaderElection22 ELECTION round 0: submit vote requests at term 1 for -1: peers:[daa36c1e-9cf4-4c94-819a-0a52a71ceb67|rpc:10.1.0.24:37077|dataStream:10.1.0.24:39585|priority:0|startupRole:FOLLOWER, bb729a89-1f9d-479b-ba94-fb09a3e8e4eb|rpc:10.1.0.24:38595|dataStream:10.1.0.24:37531|priority:1|startupRole:FOLLOWER, 12d62a03-33f5-4ac8-ab31-68f2c1a01619|rpc:10.1.0.24:44073|dataStream:10.1.0.24:40631|priority:0|startupRole:FOLLOWER]|listeners:[], old=null
2022-12-19 18:39:53,987 [daa36c1e-9cf4-4c94-819a-0a52a71ceb67@group-36058ED0B8A3-LeaderElection22] INFO  server.RaftServerConfigKeys (ConfUtils.java:logFallback(53)) - raft.server.rpc.first-election.timeout.min = 5s (fallback to raft.server.rpc.timeout.min)
2022-12-19 18:39:53,987 [daa36c1e-9cf4-4c94-819a-0a52a71ceb67@group-36058ED0B8A3-LeaderElection22-1] INFO  server.GrpcServerProtocolClient (GrpcServerProtocolClient.java:<init>(63)) - Build channel for bb729a89-1f9d-479b-ba94-fb09a3e8e4eb
2022-12-19 18:39:53,987 [daa36c1e-9cf4-4c94-819a-0a52a71ceb67@group-36058ED0B8A3-LeaderElection22] INFO  server.RaftServerConfigKeys (ConfUtils.java:logFallback(53)) - raft.server.rpc.first-election.timeout.max = 5200ms (fallback to raft.server.rpc.timeout.max)
2022-12-19 18:39:54,000 [daa36c1e-9cf4-4c94-819a-0a52a71ceb67@group-36058ED0B8A3-LeaderElection22-2] INFO  server.GrpcServerProtocolClient (GrpcServerProtocolClient.java:<init>(63)) - Build channel for 12d62a03-33f5-4ac8-ab31-68f2c1a01619
2022-12-19 18:39:54,000 [grpc-default-executor-0] INFO  server.RaftServer$Division (RaftServerImpl.java:requestVote(1218)) - bb729a89-1f9d-479b-ba94-fb09a3e8e4eb@group-36058ED0B8A3: receive requestVote(ELECTION, daa36c1e-9cf4-4c94-819a-0a52a71ceb67, group-36058ED0B8A3, 1, (t:0, i:0))
2022-12-19 18:39:54,001 [grpc-default-executor-0] INFO  impl.VoteContext (VoteContext.java:log(49)) - bb729a89-1f9d-479b-ba94-fb09a3e8e4eb@group-36058ED0B8A3-FOLLOWER: reject ELECTION from daa36c1e-9cf4-4c94-819a-0a52a71ceb67: our priority 1 > candidate's priority 0
2022-12-19 18:39:54,001 [grpc-default-executor-0] INFO  server.RaftServer$Division (RaftServerImpl.java:setRole(321)) - bb729a89-1f9d-479b-ba94-fb09a3e8e4eb@group-36058ED0B8A3: changes role from  FOLLOWER to FOLLOWER at term 1 for candidate:daa36c1e-9cf4-4c94-819a-0a52a71ceb67
2022-12-19 18:39:54,001 [grpc-default-executor-0] INFO  impl.RoleInfo (RoleInfo.java:shutdownFollowerState(110)) - bb729a89-1f9d-479b-ba94-fb09a3e8e4eb: shutdown bb729a89-1f9d-479b-ba94-fb09a3e8e4eb@group-36058ED0B8A3-FollowerState
2022-12-19 18:39:54,001 [grpc-default-executor-0] INFO  impl.RoleInfo (RoleInfo.java:updateAndGet(139)) - bb729a89-1f9d-479b-ba94-fb09a3e8e4eb: start bb729a89-1f9d-479b-ba94-fb09a3e8e4eb@group-36058ED0B8A3-FollowerState
2022-12-19 18:39:54,001 [bb729a89-1f9d-479b-ba94-fb09a3e8e4eb@group-36058ED0B8A3-FollowerState] INFO  impl.FollowerState (FollowerState.java:run(152)) - bb729a89-1f9d-479b-ba94-fb09a3e8e4eb@group-36058ED0B8A3-FollowerState was interrupted
2022-12-19 18:39:54,008 [grpc-default-executor-0] INFO  server.RaftServer$Division (RaftServerImpl.java:requestVote(1251)) - bb729a89-1f9d-479b-ba94-fb09a3e8e4eb@group-36058ED0B8A3 replies to ELECTION vote request: daa36c1e-9cf4-4c94-819a-0a52a71ceb67<-bb729a89-1f9d-479b-ba94-fb09a3e8e4eb#0:FAIL-t1. Peer's state: bb729a89-1f9d-479b-ba94-fb09a3e8e4eb@group-36058ED0B8A3:t1, leader=null, voted=null, raftlog=Memoized:bb729a89-1f9d-479b-ba94-fb09a3e8e4eb@group-36058ED0B8A3-SegmentedRaftLog:OPENED:c-1, conf=-1: peers:[daa36c1e-9cf4-4c94-819a-0a52a71ceb67|rpc:10.1.0.24:37077|dataStream:10.1.0.24:39585|priority:0|startupRole:FOLLOWER, bb729a89-1f9d-479b-ba94-fb09a3e8e4eb|rpc:10.1.0.24:38595|dataStream:10.1.0.24:37531|priority:1|startupRole:FOLLOWER, 12d62a03-33f5-4ac8-ab31-68f2c1a01619|rpc:10.1.0.24:44073|dataStream:10.1.0.24:40631|priority:0|startupRole:FOLLOWER]|listeners:[], old=null
2022-12-19 18:39:54,009 [daa36c1e-9cf4-4c94-819a-0a52a71ceb67@group-36058ED0B8A3-LeaderElection22] INFO  impl.LeaderElection (LeaderElection.java:logAndReturn(90)) - daa36c1e-9cf4-4c94-819a-0a52a71ceb67@group-36058ED0B8A3-LeaderElection22: ELECTION REJECTED received 1 response(s) and 0 exception(s):
2022-12-19 18:39:54,009 [daa36c1e-9cf4-4c94-819a-0a52a71ceb67@group-36058ED0B8A3-LeaderElection22] INFO  impl.LeaderElection (LeaderElection.java:logAndReturn(94)) -   Response 0: daa36c1e-9cf4-4c94-819a-0a52a71ceb67<-bb729a89-1f9d-479b-ba94-fb09a3e8e4eb#0:FAIL-t1
2022-12-19 18:39:54,009 [daa36c1e-9cf4-4c94-819a-0a52a71ceb67@group-36058ED0B8A3-LeaderElection22] INFO  impl.LeaderElection (LeaderElection.java:askForVotes(314)) - daa36c1e-9cf4-4c94-819a-0a52a71ceb67@group-36058ED0B8A3-LeaderElection22 ELECTION round 0: result REJECTED
2022-12-19 18:39:54,009 [daa36c1e-9cf4-4c94-819a-0a52a71ceb67@group-36058ED0B8A3-LeaderElection22] INFO  server.RaftServer$Division (RaftServerImpl.java:setRole(321)) - daa36c1e-9cf4-4c94-819a-0a52a71ceb67@group-36058ED0B8A3: changes role from CANDIDATE to FOLLOWER at term 1 for REJECTED
2022-12-19 18:39:54,009 [daa36c1e-9cf4-4c94-819a-0a52a71ceb67@group-36058ED0B8A3-LeaderElection22] INFO  impl.RoleInfo (RoleInfo.java:shutdownLeaderElection(130)) - daa36c1e-9cf4-4c94-819a-0a52a71ceb67: shutdown daa36c1e-9cf4-4c94-819a-0a52a71ceb67@group-36058ED0B8A3-LeaderElection22
2022-12-19 18:39:54,010 [daa36c1e-9cf4-4c94-819a-0a52a71ceb67@group-36058ED0B8A3-LeaderElection22] INFO  impl.RoleInfo (RoleInfo.java:updateAndGet(139)) - daa36c1e-9cf4-4c94-819a-0a52a71ceb67: start daa36c1e-9cf4-4c94-819a-0a52a71ceb67@group-36058ED0B8A3-FollowerState
2022-12-19 18:39:54,010 [bb729a89-1f9d-479b-ba94-fb09a3e8e4eb@group-36058ED0B8A3-FollowerState] INFO  server.RaftServerConfigKeys (ConfUtils.java:logFallback(53)) - raft.server.rpc.first-election.timeout.min = 5s (fallback to raft.server.rpc.timeout.min)
2022-12-19 18:39:54,010 [bb729a89-1f9d-479b-ba94-fb09a3e8e4eb@group-36058ED0B8A3-FollowerState] INFO  server.RaftServerConfigKeys (ConfUtils.java:logFallback(53)) - raft.server.rpc.first-election.timeout.max = 5200ms (fallback to raft.server.rpc.timeout.max)
2022-12-19 18:39:54,011 [daa36c1e-9cf4-4c94-819a-0a52a71ceb67@group-36058ED0B8A3-FollowerState] INFO  server.RaftServerConfigKeys (ConfUtils.java:logFallback(53)) - raft.server.rpc.first-election.timeout.min = 5s (fallback to raft.server.rpc.timeout.min)
2022-12-19 18:39:54,011 [daa36c1e-9cf4-4c94-819a-0a52a71ceb67@group-36058ED0B8A3-FollowerState] INFO  server.RaftServerConfigKeys (ConfUtils.java:logFallback(53)) - raft.server.rpc.first-election.timeout.max = 5200ms (fallback to raft.server.rpc.timeout.max)
2022-12-19 18:39:54,013 [grpc-default-executor-0] INFO  server.RaftServer$Division (RaftServerImpl.java:requestVote(1218)) - 12d62a03-33f5-4ac8-ab31-68f2c1a01619@group-36058ED0B8A3: receive requestVote(ELECTION, daa36c1e-9cf4-4c94-819a-0a52a71ceb67, group-36058ED0B8A3, 1, (t:0, i:0))
2022-12-19 18:39:54,013 [grpc-default-executor-0] INFO  impl.VoteContext (VoteContext.java:log(49)) - 12d62a03-33f5-4ac8-ab31-68f2c1a01619@group-36058ED0B8A3-FOLLOWER: accept ELECTION from daa36c1e-9cf4-4c94-819a-0a52a71ceb67: our priority 0 <= candidate's priority 0
2022-12-19 18:39:54,013 [grpc-default-executor-0] INFO  server.RaftServer$Division (RaftServerImpl.java:setRole(321)) - 12d62a03-33f5-4ac8-ab31-68f2c1a01619@group-36058ED0B8A3: changes role from  FOLLOWER to FOLLOWER at term 1 for candidate:daa36c1e-9cf4-4c94-819a-0a52a71ceb67
2022-12-19 18:39:54,013 [grpc-default-executor-0] INFO  impl.RoleInfo (RoleInfo.java:shutdownFollowerState(110)) - 12d62a03-33f5-4ac8-ab31-68f2c1a01619: shutdown 12d62a03-33f5-4ac8-ab31-68f2c1a01619@group-36058ED0B8A3-FollowerState
2022-12-19 18:39:54,013 [grpc-default-executor-0] INFO  impl.RoleInfo (RoleInfo.java:updateAndGet(139)) - 12d62a03-33f5-4ac8-ab31-68f2c1a01619: start 12d62a03-33f5-4ac8-ab31-68f2c1a01619@group-36058ED0B8A3-FollowerState
2022-12-19 18:39:54,014 [12d62a03-33f5-4ac8-ab31-68f2c1a01619@group-36058ED0B8A3-FollowerState] INFO  impl.FollowerState (FollowerState.java:run(152)) - 12d62a03-33f5-4ac8-ab31-68f2c1a01619@group-36058ED0B8A3-FollowerState was interrupted
2022-12-19 18:39:54,016 [12d62a03-33f5-4ac8-ab31-68f2c1a01619@group-36058ED0B8A3-FollowerState] INFO  server.RaftServerConfigKeys (ConfUtils.java:logFallback(53)) - raft.server.rpc.first-election.timeout.min = 5s (fallback to raft.server.rpc.timeout.min)
2022-12-19 18:39:54,016 [12d62a03-33f5-4ac8-ab31-68f2c1a01619@group-36058ED0B8A3-FollowerState] INFO  server.RaftServerConfigKeys (ConfUtils.java:logFallback(53)) - raft.server.rpc.first-election.timeout.max = 5200ms (fallback to raft.server.rpc.timeout.max)
2022-12-19 18:39:54,017 [grpc-default-executor-0] INFO  server.RaftServer$Division (RaftServerImpl.java:requestVote(1251)) - 12d62a03-33f5-4ac8-ab31-68f2c1a01619@group-36058ED0B8A3 replies to ELECTION vote request: daa36c1e-9cf4-4c94-819a-0a52a71ceb67<-12d62a03-33f5-4ac8-ab31-68f2c1a01619#0:OK-t1. Peer's state: 12d62a03-33f5-4ac8-ab31-68f2c1a01619@group-36058ED0B8A3:t1, leader=null, voted=daa36c1e-9cf4-4c94-819a-0a52a71ceb67, raftlog=Memoized:12d62a03-33f5-4ac8-ab31-68f2c1a01619@group-36058ED0B8A3-SegmentedRaftLog:OPENED:c-1, conf=-1: peers:[daa36c1e-9cf4-4c94-819a-0a52a71ceb67|rpc:10.1.0.24:37077|dataStream:10.1.0.24:39585|priority:0|startupRole:FOLLOWER, bb729a89-1f9d-479b-ba94-fb09a3e8e4eb|rpc:10.1.0.24:38595|dataStream:10.1.0.24:37531|priority:1|startupRole:FOLLOWER, 12d62a03-33f5-4ac8-ab31-68f2c1a01619|rpc:10.1.0.24:44073|dataStream:10.1.0.24:40631|priority:0|startupRole:FOLLOWER]|listeners:[], old=null
2022-12-19 18:39:54,036 [daa36c1e-9cf4-4c94-819a-0a52a71ceb67@group-0837F8C12971-FollowerState] INFO  impl.FollowerState (FollowerState.java:run(143)) - daa36c1e-9cf4-4c94-819a-0a52a71ceb67@group-0837F8C12971-FollowerState: change to CANDIDATE, lastRpcElapsedTime:5183389086ns, electionTimeout:5183ms
2022-12-19 18:39:54,037 [daa36c1e-9cf4-4c94-819a-0a52a71ceb67@group-0837F8C12971-FollowerState] INFO  impl.RoleInfo (RoleInfo.java:shutdownFollowerState(110)) - daa36c1e-9cf4-4c94-819a-0a52a71ceb67: shutdown daa36c1e-9cf4-4c94-819a-0a52a71ceb67@group-0837F8C12971-FollowerState
2022-12-19 18:39:54,037 [daa36c1e-9cf4-4c94-819a-0a52a71ceb67@group-0837F8C12971-FollowerState] INFO  server.RaftServer$Division (RaftServerImpl.java:setRole(321)) - daa36c1e-9cf4-4c94-819a-0a52a71ceb67@group-0837F8C12971: changes role from  FOLLOWER to CANDIDATE at term 0 for changeToCandidate
2022-12-19 18:39:54,037 [daa36c1e-9cf4-4c94-819a-0a52a71ceb67@group-0837F8C12971-FollowerState] INFO  server.RaftServerConfigKeys (ConfUtils.java:logGet(46)) - raft.server.leaderelection.pre-vote = false (custom)
2022-12-19 18:39:54,037 [daa36c1e-9cf4-4c94-819a-0a52a71ceb67@group-0837F8C12971-FollowerState] INFO  impl.RoleInfo (RoleInfo.java:updateAndGet(139)) - daa36c1e-9cf4-4c94-819a-0a52a71ceb67: start daa36c1e-9cf4-4c94-819a-0a52a71ceb67@group-0837F8C12971-LeaderElection23
2022-12-19 18:39:54,044 [daa36c1e-9cf4-4c94-819a-0a52a71ceb67@group-0837F8C12971-LeaderElection23] INFO  impl.LeaderElection (LeaderElection.java:askForVotes(312)) - daa36c1e-9cf4-4c94-819a-0a52a71ceb67@group-0837F8C12971-LeaderElection23 ELECTION round 0: submit vote requests at term 1 for -1: peers:[daa36c1e-9cf4-4c94-819a-0a52a71ceb67|rpc:10.1.0.24:37077|dataStream:10.1.0.24:39585|priority:0|startupRole:FOLLOWER, bb729a89-1f9d-479b-ba94-fb09a3e8e4eb|rpc:10.1.0.24:38595|dataStream:10.1.0.24:37531|priority:0|startupRole:FOLLOWER, 12d62a03-33f5-4ac8-ab31-68f2c1a01619|rpc:10.1.0.24:44073|dataStream:10.1.0.24:40631|priority:1|startupRole:FOLLOWER]|listeners:[], old=null
2022-12-19 18:39:54,045 [daa36c1e-9cf4-4c94-819a-0a52a71ceb67@group-0837F8C12971-LeaderElection23] INFO  server.RaftServerConfigKeys (ConfUtils.java:logFallback(53)) - raft.server.rpc.first-election.timeout.min = 5s (fallback to raft.server.rpc.timeout.min)
2022-12-19 18:39:54,045 [daa36c1e-9cf4-4c94-819a-0a52a71ceb67@group-0837F8C12971-LeaderElection23] INFO  server.RaftServerConfigKeys (ConfUtils.java:logFallback(53)) - raft.server.rpc.first-election.timeout.max = 5200ms (fallback to raft.server.rpc.timeout.max)
2022-12-19 18:39:54,048 [grpc-default-executor-0] INFO  server.RaftServer$Division (RaftServerImpl.java:requestVote(1218)) - bb729a89-1f9d-479b-ba94-fb09a3e8e4eb@group-0837F8C12971: receive requestVote(ELECTION, daa36c1e-9cf4-4c94-819a-0a52a71ceb67, group-0837F8C12971, 1, (t:0, i:0))
2022-12-19 18:39:54,048 [grpc-default-executor-0] INFO  impl.VoteContext (VoteContext.java:log(49)) - bb729a89-1f9d-479b-ba94-fb09a3e8e4eb@group-0837F8C12971-FOLLOWER: accept ELECTION from daa36c1e-9cf4-4c94-819a-0a52a71ceb67: our priority 0 <= candidate's priority 0
2022-12-19 18:39:54,048 [grpc-default-executor-0] INFO  server.RaftServer$Division (RaftServerImpl.java:setRole(321)) - bb729a89-1f9d-479b-ba94-fb09a3e8e4eb@group-0837F8C12971: changes role from  FOLLOWER to FOLLOWER at term 1 for candidate:daa36c1e-9cf4-4c94-819a-0a52a71ceb67
2022-12-19 18:39:54,048 [grpc-default-executor-0] INFO  impl.RoleInfo (RoleInfo.java:shutdownFollowerState(110)) - bb729a89-1f9d-479b-ba94-fb09a3e8e4eb: shutdown bb729a89-1f9d-479b-ba94-fb09a3e8e4eb@group-0837F8C12971-FollowerState
2022-12-19 18:39:54,048 [grpc-default-executor-0] INFO  impl.RoleInfo (RoleInfo.java:updateAndGet(139)) - bb729a89-1f9d-479b-ba94-fb09a3e8e4eb: start bb729a89-1f9d-479b-ba94-fb09a3e8e4eb@group-0837F8C12971-FollowerState
2022-12-19 18:39:54,048 [bb729a89-1f9d-479b-ba94-fb09a3e8e4eb@group-0837F8C12971-FollowerState] INFO  impl.FollowerState (FollowerState.java:run(152)) - bb729a89-1f9d-479b-ba94-fb09a3e8e4eb@group-0837F8C12971-FollowerState was interrupted
2022-12-19 18:39:54,049 [bb729a89-1f9d-479b-ba94-fb09a3e8e4eb@group-0837F8C12971-FollowerState] INFO  server.RaftServerConfigKeys (ConfUtils.java:logFallback(53)) - raft.server.rpc.first-election.timeout.min = 5s (fallback to raft.server.rpc.timeout.min)
2022-12-19 18:39:54,049 [bb729a89-1f9d-479b-ba94-fb09a3e8e4eb@group-0837F8C12971-FollowerState] INFO  server.RaftServerConfigKeys (ConfUtils.java:logFallback(53)) - raft.server.rpc.first-election.timeout.max = 5200ms (fallback to raft.server.rpc.timeout.max)
2022-12-19 18:39:54,053 [grpc-default-executor-0] INFO  server.RaftServer$Division (RaftServerImpl.java:requestVote(1251)) - bb729a89-1f9d-479b-ba94-fb09a3e8e4eb@group-0837F8C12971 replies to ELECTION vote request: daa36c1e-9cf4-4c94-819a-0a52a71ceb67<-bb729a89-1f9d-479b-ba94-fb09a3e8e4eb#0:OK-t1. Peer's state: bb729a89-1f9d-479b-ba94-fb09a3e8e4eb@group-0837F8C12971:t1, leader=null, voted=daa36c1e-9cf4-4c94-819a-0a52a71ceb67, raftlog=Memoized:bb729a89-1f9d-479b-ba94-fb09a3e8e4eb@group-0837F8C12971-SegmentedRaftLog:OPENED:c-1, conf=-1: peers:[daa36c1e-9cf4-4c94-819a-0a52a71ceb67|rpc:10.1.0.24:37077|dataStream:10.1.0.24:39585|priority:0|startupRole:FOLLOWER, bb729a89-1f9d-479b-ba94-fb09a3e8e4eb|rpc:10.1.0.24:38595|dataStream:10.1.0.24:37531|priority:0|startupRole:FOLLOWER, 12d62a03-33f5-4ac8-ab31-68f2c1a01619|rpc:10.1.0.24:44073|dataStream:10.1.0.24:40631|priority:1|startupRole:FOLLOWER]|listeners:[], old=null
2022-12-19 18:39:54,054 [12d62a03-33f5-4ac8-ab31-68f2c1a01619@group-0837F8C12971-FollowerState] INFO  impl.FollowerState (FollowerState.java:run(143)) - 12d62a03-33f5-4ac8-ab31-68f2c1a01619@group-0837F8C12971-FollowerState: change to CANDIDATE, lastRpcElapsedTime:5169443408ns, electionTimeout:5169ms
2022-12-19 18:39:54,055 [12d62a03-33f5-4ac8-ab31-68f2c1a01619@group-0837F8C12971-FollowerState] INFO  impl.RoleInfo (RoleInfo.java:shutdownFollowerState(110)) - 12d62a03-33f5-4ac8-ab31-68f2c1a01619: shutdown 12d62a03-33f5-4ac8-ab31-68f2c1a01619@group-0837F8C12971-FollowerState
2022-12-19 18:39:54,055 [12d62a03-33f5-4ac8-ab31-68f2c1a01619@group-0837F8C12971-FollowerState] INFO  server.RaftServer$Division (RaftServerImpl.java:setRole(321)) - 12d62a03-33f5-4ac8-ab31-68f2c1a01619@group-0837F8C12971: changes role from  FOLLOWER to CANDIDATE at term 0 for changeToCandidate
2022-12-19 18:39:54,055 [12d62a03-33f5-4ac8-ab31-68f2c1a01619@group-0837F8C12971-FollowerState] INFO  server.RaftServerConfigKeys (ConfUtils.java:logGet(46)) - raft.server.leaderelection.pre-vote = false (custom)
2022-12-19 18:39:54,055 [12d62a03-33f5-4ac8-ab31-68f2c1a01619@group-0837F8C12971-FollowerState] INFO  impl.RoleInfo (RoleInfo.java:updateAndGet(139)) - 12d62a03-33f5-4ac8-ab31-68f2c1a01619: start 12d62a03-33f5-4ac8-ab31-68f2c1a01619@group-0837F8C12971-LeaderElection24
2022-12-19 18:39:54,061 [grpc-default-executor-0] INFO  server.RaftServer$Division (RaftServerImpl.java:requestVote(1218)) - 12d62a03-33f5-4ac8-ab31-68f2c1a01619@group-0837F8C12971: receive requestVote(ELECTION, daa36c1e-9cf4-4c94-819a-0a52a71ceb67, group-0837F8C12971, 1, (t:0, i:0))
2022-12-19 18:39:54,064 [grpc-default-executor-0] INFO  impl.VoteContext (VoteContext.java:log(49)) - 12d62a03-33f5-4ac8-ab31-68f2c1a01619@group-0837F8C12971-CANDIDATE: reject ELECTION from daa36c1e-9cf4-4c94-819a-0a52a71ceb67: our priority 1 > candidate's priority 0
2022-12-19 18:39:54,064 [grpc-default-executor-0] INFO  server.RaftServer$Division (RaftServerImpl.java:setRole(321)) - 12d62a03-33f5-4ac8-ab31-68f2c1a01619@group-0837F8C12971: changes role from CANDIDATE to FOLLOWER at term 1 for candidate:daa36c1e-9cf4-4c94-819a-0a52a71ceb67
2022-12-19 18:39:54,064 [grpc-default-executor-0] INFO  impl.RoleInfo (RoleInfo.java:shutdownLeaderElection(130)) - 12d62a03-33f5-4ac8-ab31-68f2c1a01619: shutdown 12d62a03-33f5-4ac8-ab31-68f2c1a01619@group-0837F8C12971-LeaderElection24
2022-12-19 18:39:54,064 [grpc-default-executor-0] INFO  impl.RoleInfo (RoleInfo.java:updateAndGet(139)) - 12d62a03-33f5-4ac8-ab31-68f2c1a01619: start 12d62a03-33f5-4ac8-ab31-68f2c1a01619@group-0837F8C12971-FollowerState
2022-12-19 18:39:54,064 [12d62a03-33f5-4ac8-ab31-68f2c1a01619@group-0837F8C12971-FollowerState] INFO  server.RaftServerConfigKeys (ConfUtils.java:logFallback(53)) - raft.server.rpc.first-election.timeout.min = 5s (fallback to raft.server.rpc.timeout.min)
2022-12-19 18:39:54,064 [12d62a03-33f5-4ac8-ab31-68f2c1a01619@group-0837F8C12971-FollowerState] INFO  server.RaftServerConfigKeys (ConfUtils.java:logFallback(53)) - raft.server.rpc.first-election.timeout.max = 5200ms (fallback to raft.server.rpc.timeout.max)
2022-12-19 18:39:54,064 [12d62a03-33f5-4ac8-ab31-68f2c1a01619@group-0837F8C12971-LeaderElection24] INFO  impl.LeaderElection (LeaderElection.java:run(233)) - 12d62a03-33f5-4ac8-ab31-68f2c1a01619@group-0837F8C12971-LeaderElection24: skip running since this is already CLOSING
2022-12-19 18:39:54,065 [grpc-default-executor-0] INFO  server.RaftServer$Division (RaftServerImpl.java:requestVote(1251)) - 12d62a03-33f5-4ac8-ab31-68f2c1a01619@group-0837F8C12971 replies to ELECTION vote request: daa36c1e-9cf4-4c94-819a-0a52a71ceb67<-12d62a03-33f5-4ac8-ab31-68f2c1a01619#0:FAIL-t1. Peer's state: 12d62a03-33f5-4ac8-ab31-68f2c1a01619@group-0837F8C12971:t1, leader=null, voted=null, raftlog=Memoized:12d62a03-33f5-4ac8-ab31-68f2c1a01619@group-0837F8C12971-SegmentedRaftLog:OPENED:c-1, conf=-1: peers:[daa36c1e-9cf4-4c94-819a-0a52a71ceb67|rpc:10.1.0.24:37077|dataStream:10.1.0.24:39585|priority:0|startupRole:FOLLOWER, bb729a89-1f9d-479b-ba94-fb09a3e8e4eb|rpc:10.1.0.24:38595|dataStream:10.1.0.24:37531|priority:0|startupRole:FOLLOWER, 12d62a03-33f5-4ac8-ab31-68f2c1a01619|rpc:10.1.0.24:44073|dataStream:10.1.0.24:40631|priority:1|startupRole:FOLLOWER]|listeners:[], old=null
2022-12-19 18:39:54,066 [daa36c1e-9cf4-4c94-819a-0a52a71ceb67@group-0837F8C12971-LeaderElection23] INFO  impl.LeaderElection (LeaderElection.java:logAndReturn(90)) - daa36c1e-9cf4-4c94-819a-0a52a71ceb67@group-0837F8C12971-LeaderElection23: ELECTION REJECTED received 2 response(s) and 0 exception(s):
2022-12-19 18:39:54,066 [daa36c1e-9cf4-4c94-819a-0a52a71ceb67@group-0837F8C12971-LeaderElection23] INFO  impl.LeaderElection (LeaderElection.java:logAndReturn(94)) -   Response 0: daa36c1e-9cf4-4c94-819a-0a52a71ceb67<-bb729a89-1f9d-479b-ba94-fb09a3e8e4eb#0:OK-t1
2022-12-19 18:39:54,066 [daa36c1e-9cf4-4c94-819a-0a52a71ceb67@group-0837F8C12971-LeaderElection23] INFO  impl.LeaderElection (LeaderElection.java:logAndReturn(94)) -   Response 1: daa36c1e-9cf4-4c94-819a-0a52a71ceb67<-12d62a03-33f5-4ac8-ab31-68f2c1a01619#0:FAIL-t1
2022-12-19 18:39:54,066 [daa36c1e-9cf4-4c94-819a-0a52a71ceb67@group-0837F8C12971-LeaderElection23] INFO  impl.LeaderElection (LeaderElection.java:askForVotes(314)) - daa36c1e-9cf4-4c94-819a-0a52a71ceb67@group-0837F8C12971-LeaderElection23 ELECTION round 0: result REJECTED
2022-12-19 18:39:54,066 [daa36c1e-9cf4-4c94-819a-0a52a71ceb67@group-0837F8C12971-LeaderElection23] INFO  server.RaftServer$Division (RaftServerImpl.java:setRole(321)) - daa36c1e-9cf4-4c94-819a-0a52a71ceb67@group-0837F8C12971: changes role from CANDIDATE to FOLLOWER at term 1 for REJECTED
2022-12-19 18:39:54,066 [daa36c1e-9cf4-4c94-819a-0a52a71ceb67@group-0837F8C12971-LeaderElection23] INFO  impl.RoleInfo (RoleInfo.java:shutdownLeaderElection(130)) - daa36c1e-9cf4-4c94-819a-0a52a71ceb67: shutdown daa36c1e-9cf4-4c94-819a-0a52a71ceb67@group-0837F8C12971-LeaderElection23
2022-12-19 18:39:54,066 [daa36c1e-9cf4-4c94-819a-0a52a71ceb67@group-0837F8C12971-LeaderElection23] INFO  impl.RoleInfo (RoleInfo.java:updateAndGet(139)) - daa36c1e-9cf4-4c94-819a-0a52a71ceb67: start daa36c1e-9cf4-4c94-819a-0a52a71ceb67@group-0837F8C12971-FollowerState
2022-12-19 18:39:54,068 [daa36c1e-9cf4-4c94-819a-0a52a71ceb67@group-0837F8C12971-FollowerState] INFO  server.RaftServerConfigKeys (ConfUtils.java:logFallback(53)) - raft.server.rpc.first-election.timeout.min = 5s (fallback to raft.server.rpc.timeout.min)
2022-12-19 18:39:54,068 [daa36c1e-9cf4-4c94-819a-0a52a71ceb67@group-0837F8C12971-FollowerState] INFO  server.RaftServerConfigKeys (ConfUtils.java:logFallback(53)) - raft.server.rpc.first-election.timeout.max = 5200ms (fallback to raft.server.rpc.timeout.max)
2022-12-19 18:39:54,367 [Listener at 127.0.0.1/39295] INFO  ozone.MiniOzoneClusterImpl (MiniOzoneClusterImpl.java:lambda$waitForClusterToBeReady$0(217)) - Nodes are ready. Got 6 of 6 DN Heartbeats.
2022-12-19 18:39:54,367 [Listener at 127.0.0.1/39295] INFO  ozone.MiniOzoneClusterImpl (MiniOzoneClusterImpl.java:lambda$waitForClusterToBeReady$0(220)) - Waiting for cluster to exit safe mode
2022-12-19 18:39:54,368 [Listener at 127.0.0.1/39295] INFO  ozone.MiniOzoneClusterImpl (MiniOzoneClusterImpl.java:lambda$waitForClusterToBeReady$0(222)) - SCM became leader
2022-12-19 18:39:54,914 [156d136a-08eb-462a-8e45-2bca38fc9d49@group-681FBC8F75C3-FollowerState] INFO  impl.FollowerState (FollowerState.java:run(143)) - 156d136a-08eb-462a-8e45-2bca38fc9d49@group-681FBC8F75C3-FollowerState: change to CANDIDATE, lastRpcElapsedTime:5020682455ns, electionTimeout:5018ms
2022-12-19 18:39:54,914 [156d136a-08eb-462a-8e45-2bca38fc9d49@group-681FBC8F75C3-FollowerState] INFO  impl.RoleInfo (RoleInfo.java:shutdownFollowerState(110)) - 156d136a-08eb-462a-8e45-2bca38fc9d49: shutdown 156d136a-08eb-462a-8e45-2bca38fc9d49@group-681FBC8F75C3-FollowerState
2022-12-19 18:39:54,914 [156d136a-08eb-462a-8e45-2bca38fc9d49@group-681FBC8F75C3-FollowerState] INFO  server.RaftServer$Division (RaftServerImpl.java:setRole(321)) - 156d136a-08eb-462a-8e45-2bca38fc9d49@group-681FBC8F75C3: changes role from  FOLLOWER to CANDIDATE at term 0 for changeToCandidate
2022-12-19 18:39:54,914 [156d136a-08eb-462a-8e45-2bca38fc9d49@group-681FBC8F75C3-FollowerState] INFO  server.RaftServerConfigKeys (ConfUtils.java:logGet(46)) - raft.server.leaderelection.pre-vote = false (custom)
2022-12-19 18:39:54,915 [156d136a-08eb-462a-8e45-2bca38fc9d49@group-681FBC8F75C3-FollowerState] INFO  impl.RoleInfo (RoleInfo.java:updateAndGet(139)) - 156d136a-08eb-462a-8e45-2bca38fc9d49: start 156d136a-08eb-462a-8e45-2bca38fc9d49@group-681FBC8F75C3-LeaderElection25
2022-12-19 18:39:54,917 [156d136a-08eb-462a-8e45-2bca38fc9d49@group-681FBC8F75C3-LeaderElection25] INFO  impl.LeaderElection (LeaderElection.java:askForVotes(312)) - 156d136a-08eb-462a-8e45-2bca38fc9d49@group-681FBC8F75C3-LeaderElection25 ELECTION round 0: submit vote requests at term 1 for -1: peers:[156d136a-08eb-462a-8e45-2bca38fc9d49|rpc:10.1.0.24:44445|dataStream:10.1.0.24:42007|priority:1|startupRole:FOLLOWER, f143390d-7c87-4621-8359-d245efaa75b3|rpc:10.1.0.24:44783|dataStream:10.1.0.24:41301|priority:0|startupRole:FOLLOWER, 72a8f579-b929-42a4-a748-3b6f638fc788|rpc:10.1.0.24:40679|dataStream:10.1.0.24:37423|priority:0|startupRole:FOLLOWER]|listeners:[], old=null
2022-12-19 18:39:54,918 [156d136a-08eb-462a-8e45-2bca38fc9d49@group-681FBC8F75C3-LeaderElection25] INFO  server.RaftServerConfigKeys (ConfUtils.java:logFallback(53)) - raft.server.rpc.first-election.timeout.min = 5s (fallback to raft.server.rpc.timeout.min)
2022-12-19 18:39:54,918 [156d136a-08eb-462a-8e45-2bca38fc9d49@group-681FBC8F75C3-LeaderElection25-1] INFO  server.GrpcServerProtocolClient (GrpcServerProtocolClient.java:<init>(63)) - Build channel for f143390d-7c87-4621-8359-d245efaa75b3
2022-12-19 18:39:54,918 [156d136a-08eb-462a-8e45-2bca38fc9d49@group-681FBC8F75C3-LeaderElection25] INFO  server.RaftServerConfigKeys (ConfUtils.java:logFallback(53)) - raft.server.rpc.first-election.timeout.max = 5200ms (fallback to raft.server.rpc.timeout.max)
2022-12-19 18:39:54,918 [156d136a-08eb-462a-8e45-2bca38fc9d49@group-681FBC8F75C3-LeaderElection25-2] INFO  server.GrpcServerProtocolClient (GrpcServerProtocolClient.java:<init>(63)) - Build channel for 72a8f579-b929-42a4-a748-3b6f638fc788
2022-12-19 18:39:54,928 [grpc-default-executor-0] INFO  server.RaftServer$Division (RaftServerImpl.java:requestVote(1218)) - 72a8f579-b929-42a4-a748-3b6f638fc788@group-681FBC8F75C3: receive requestVote(ELECTION, 156d136a-08eb-462a-8e45-2bca38fc9d49, group-681FBC8F75C3, 1, (t:0, i:0))
2022-12-19 18:39:54,928 [grpc-default-executor-0] INFO  impl.VoteContext (VoteContext.java:log(49)) - 72a8f579-b929-42a4-a748-3b6f638fc788@group-681FBC8F75C3-FOLLOWER: accept ELECTION from 156d136a-08eb-462a-8e45-2bca38fc9d49: our priority 0 <= candidate's priority 1
2022-12-19 18:39:54,928 [grpc-default-executor-0] INFO  server.RaftServer$Division (RaftServerImpl.java:setRole(321)) - 72a8f579-b929-42a4-a748-3b6f638fc788@group-681FBC8F75C3: changes role from  FOLLOWER to FOLLOWER at term 1 for candidate:156d136a-08eb-462a-8e45-2bca38fc9d49
2022-12-19 18:39:54,928 [grpc-default-executor-0] INFO  impl.RoleInfo (RoleInfo.java:shutdownFollowerState(110)) - 72a8f579-b929-42a4-a748-3b6f638fc788: shutdown 72a8f579-b929-42a4-a748-3b6f638fc788@group-681FBC8F75C3-FollowerState
2022-12-19 18:39:54,928 [grpc-default-executor-0] INFO  impl.RoleInfo (RoleInfo.java:updateAndGet(139)) - 72a8f579-b929-42a4-a748-3b6f638fc788: start 72a8f579-b929-42a4-a748-3b6f638fc788@group-681FBC8F75C3-FollowerState
2022-12-19 18:39:54,928 [72a8f579-b929-42a4-a748-3b6f638fc788@group-681FBC8F75C3-FollowerState] INFO  impl.FollowerState (FollowerState.java:run(152)) - 72a8f579-b929-42a4-a748-3b6f638fc788@group-681FBC8F75C3-FollowerState was interrupted
2022-12-19 18:39:54,929 [72a8f579-b929-42a4-a748-3b6f638fc788@group-681FBC8F75C3-FollowerState] INFO  server.RaftServerConfigKeys (ConfUtils.java:logFallback(53)) - raft.server.rpc.first-election.timeout.min = 5s (fallback to raft.server.rpc.timeout.min)
2022-12-19 18:39:54,929 [72a8f579-b929-42a4-a748-3b6f638fc788@group-681FBC8F75C3-FollowerState] INFO  server.RaftServerConfigKeys (ConfUtils.java:logFallback(53)) - raft.server.rpc.first-election.timeout.max = 5200ms (fallback to raft.server.rpc.timeout.max)
2022-12-19 18:39:54,929 [grpc-default-executor-0] INFO  server.RaftServer$Division (RaftServerImpl.java:requestVote(1251)) - 72a8f579-b929-42a4-a748-3b6f638fc788@group-681FBC8F75C3 replies to ELECTION vote request: 156d136a-08eb-462a-8e45-2bca38fc9d49<-72a8f579-b929-42a4-a748-3b6f638fc788#0:OK-t1. Peer's state: 72a8f579-b929-42a4-a748-3b6f638fc788@group-681FBC8F75C3:t1, leader=null, voted=156d136a-08eb-462a-8e45-2bca38fc9d49, raftlog=Memoized:72a8f579-b929-42a4-a748-3b6f638fc788@group-681FBC8F75C3-SegmentedRaftLog:OPENED:c-1, conf=-1: peers:[156d136a-08eb-462a-8e45-2bca38fc9d49|rpc:10.1.0.24:44445|dataStream:10.1.0.24:42007|priority:1|startupRole:FOLLOWER, f143390d-7c87-4621-8359-d245efaa75b3|rpc:10.1.0.24:44783|dataStream:10.1.0.24:41301|priority:0|startupRole:FOLLOWER, 72a8f579-b929-42a4-a748-3b6f638fc788|rpc:10.1.0.24:40679|dataStream:10.1.0.24:37423|priority:0|startupRole:FOLLOWER]|listeners:[], old=null
2022-12-19 18:39:54,933 [156d136a-08eb-462a-8e45-2bca38fc9d49@group-681FBC8F75C3-LeaderElection25] INFO  impl.LeaderElection (LeaderElection.java:logAndReturn(90)) - 156d136a-08eb-462a-8e45-2bca38fc9d49@group-681FBC8F75C3-LeaderElection25: ELECTION PASSED received 1 response(s) and 0 exception(s):
2022-12-19 18:39:54,933 [156d136a-08eb-462a-8e45-2bca38fc9d49@group-681FBC8F75C3-LeaderElection25] INFO  impl.LeaderElection (LeaderElection.java:logAndReturn(94)) -   Response 0: 156d136a-08eb-462a-8e45-2bca38fc9d49<-72a8f579-b929-42a4-a748-3b6f638fc788#0:OK-t1
2022-12-19 18:39:54,933 [156d136a-08eb-462a-8e45-2bca38fc9d49@group-681FBC8F75C3-LeaderElection25] INFO  impl.LeaderElection (LeaderElection.java:askForVotes(314)) - 156d136a-08eb-462a-8e45-2bca38fc9d49@group-681FBC8F75C3-LeaderElection25 ELECTION round 0: result PASSED
2022-12-19 18:39:54,933 [156d136a-08eb-462a-8e45-2bca38fc9d49@group-681FBC8F75C3-LeaderElection25] INFO  impl.RoleInfo (RoleInfo.java:shutdownLeaderElection(130)) - 156d136a-08eb-462a-8e45-2bca38fc9d49: shutdown 156d136a-08eb-462a-8e45-2bca38fc9d49@group-681FBC8F75C3-LeaderElection25
2022-12-19 18:39:54,933 [156d136a-08eb-462a-8e45-2bca38fc9d49@group-681FBC8F75C3-LeaderElection25] INFO  server.RaftServer$Division (RaftServerImpl.java:setRole(321)) - 156d136a-08eb-462a-8e45-2bca38fc9d49@group-681FBC8F75C3: changes role from CANDIDATE to LEADER at term 1 for changeToLeader
2022-12-19 18:39:54,933 [156d136a-08eb-462a-8e45-2bca38fc9d49@group-681FBC8F75C3-LeaderElection25] INFO  ratis.XceiverServerRatis (XceiverServerRatis.java:handleLeaderChangedNotification(904)) - Leader change notification received for group: group-681FBC8F75C3 with new leaderId: 156d136a-08eb-462a-8e45-2bca38fc9d49
2022-12-19 18:39:54,933 [156d136a-08eb-462a-8e45-2bca38fc9d49@group-681FBC8F75C3-LeaderElection25] INFO  server.RaftServer$Division (ServerState.java:setLeader(313)) - 156d136a-08eb-462a-8e45-2bca38fc9d49@group-681FBC8F75C3: change Leader from null to 156d136a-08eb-462a-8e45-2bca38fc9d49 at term 1 for becomeLeader, leader elected after 5052ms
2022-12-19 18:39:54,933 [156d136a-08eb-462a-8e45-2bca38fc9d49@group-681FBC8F75C3-LeaderElection25] INFO  server.RaftServerConfigKeys (ConfUtils.java:logGet(46)) - raft.server.staging.catchup.gap = 1000 (default)
2022-12-19 18:39:54,934 [156d136a-08eb-462a-8e45-2bca38fc9d49@group-681FBC8F75C3-LeaderElection25] INFO  server.RaftServerConfigKeys (ConfUtils.java:logGet(46)) - raft.server.write.element-limit = 1024 (custom)
2022-12-19 18:39:54,934 [156d136a-08eb-462a-8e45-2bca38fc9d49@group-681FBC8F75C3-LeaderElection25] INFO  server.RaftServerConfigKeys (ConfUtils.java:logGet(46)) - raft.server.write.byte-limit = 1024 M (=1073741824) (custom)
2022-12-19 18:39:54,934 [156d136a-08eb-462a-8e45-2bca38fc9d49@group-681FBC8F75C3-LeaderElection25] INFO  server.RaftServerConfigKeys (ConfUtils.java:logGet(46)) - raft.server.watch.timeout = 180s (custom)
2022-12-19 18:39:54,934 [156d136a-08eb-462a-8e45-2bca38fc9d49@group-681FBC8F75C3-LeaderElection25] INFO  server.RaftServerConfigKeys (ConfUtils.java:logGet(46)) - raft.server.watch.timeout.denomination = 1s (default)
2022-12-19 18:39:54,934 [156d136a-08eb-462a-8e45-2bca38fc9d49@group-681FBC8F75C3-LeaderElection25] INFO  server.RaftServerConfigKeys (ConfUtils.java:logGet(46)) - raft.server.watch.element-limit = 65536 (default)
2022-12-19 18:39:54,934 [156d136a-08eb-462a-8e45-2bca38fc9d49@group-681FBC8F75C3-LeaderElection25] INFO  server.RaftServerConfigKeys (ConfUtils.java:logGet(46)) - raft.server.write.element-limit = 1024 (custom)
2022-12-19 18:39:54,934 [156d136a-08eb-462a-8e45-2bca38fc9d49@group-681FBC8F75C3-LeaderElection25] INFO  server.RaftServerConfigKeys (ConfUtils.java:logGet(46)) - raft.server.write.follower.gap.ratio.max = -1.0 (default)
2022-12-19 18:39:54,935 [156d136a-08eb-462a-8e45-2bca38fc9d49@group-681FBC8F75C3-LeaderElection25] INFO  server.RaftServerConfigKeys (ConfUtils.java:logGet(46)) - raft.server.log.appender.snapshot.chunk.size.max = 16MB (=16777216) (default)
2022-12-19 18:39:54,935 [156d136a-08eb-462a-8e45-2bca38fc9d49@group-681FBC8F75C3-LeaderElection25] INFO  server.RaftServerConfigKeys (ConfUtils.java:logGet(46)) - raft.server.log.appender.buffer.byte-limit = 33554432 (custom)
2022-12-19 18:39:54,935 [156d136a-08eb-462a-8e45-2bca38fc9d49@group-681FBC8F75C3-LeaderElection25] INFO  server.RaftServerConfigKeys (ConfUtils.java:logGet(46)) - raft.server.log.appender.buffer.element-limit = 1 (custom)
2022-12-19 18:39:54,935 [156d136a-08eb-462a-8e45-2bca38fc9d49@group-681FBC8F75C3-LeaderElection25] INFO  grpc.GrpcConfigKeys (ConfUtils.java:logGet(46)) - raft.grpc.server.leader.outstanding.appends.max = 128 (default)
2022-12-19 18:39:54,935 [156d136a-08eb-462a-8e45-2bca38fc9d49@group-681FBC8F75C3-LeaderElection25] INFO  server.RaftServerConfigKeys (ConfUtils.java:logGet(46)) - raft.server.rpc.request.timeout = 60s (custom)
2022-12-19 18:39:54,935 [156d136a-08eb-462a-8e45-2bca38fc9d49@group-681FBC8F75C3-LeaderElection25] INFO  server.RaftServerConfigKeys (ConfUtils.java:logGet(46)) - raft.server.log.appender.install.snapshot.enabled = false (custom)
2022-12-19 18:39:54,935 [156d136a-08eb-462a-8e45-2bca38fc9d49@group-681FBC8F75C3-LeaderElection25] INFO  grpc.GrpcConfigKeys (ConfUtils.java:logGet(46)) - raft.grpc.server.heartbeat.channel = true (default)
2022-12-19 18:39:54,935 [156d136a-08eb-462a-8e45-2bca38fc9d49@group-681FBC8F75C3-LeaderElection25] INFO  server.RaftServerConfigKeys (ConfUtils.java:logGet(46)) - raft.server.log.appender.wait-time.min = 10ms (default)
2022-12-19 18:39:54,936 [EventQueue-PipelineReportForPipelineReportHandler] INFO  pipeline.PipelineManagerImpl (PipelineManagerImpl.java:openPipeline(367)) - Pipeline Pipeline[ Id: 8916cdba-4d62-42e3-999c-681fbc8f75c3, Nodes: 156d136a-08eb-462a-8e45-2bca38fc9d49{ip: 10.1.0.24, host: fv-az353-760.tkyx2seitsuu3nmpmouz2httfb.bx.internal.cloudapp.net, ports: [REPLICATION=35037, RATIS=44445, RATIS_ADMIN=44445, RATIS_SERVER=44445, RATIS_DATASTREAM=42007, STANDALONE=36571], networkLocation: /default-rack, certSerialId: null, persistedOpState: IN_SERVICE, persistedOpStateExpiryEpochSec: 0}f143390d-7c87-4621-8359-d245efaa75b3{ip: 10.1.0.24, host: fv-az353-760.tkyx2seitsuu3nmpmouz2httfb.bx.internal.cloudapp.net, ports: [REPLICATION=35055, RATIS=44783, RATIS_ADMIN=44783, RATIS_SERVER=44783, RATIS_DATASTREAM=41301, STANDALONE=41021], networkLocation: /default-rack, certSerialId: null, persistedOpState: IN_SERVICE, persistedOpStateExpiryEpochSec: 0}72a8f579-b929-42a4-a748-3b6f638fc788{ip: 10.1.0.24, host: fv-az353-760.tkyx2seitsuu3nmpmouz2httfb.bx.internal.cloudapp.net, ports: [REPLICATION=42779, RATIS=40679, RATIS_ADMIN=40679, RATIS_SERVER=40679, RATIS_DATASTREAM=37423, STANDALONE=36531], networkLocation: /default-rack, certSerialId: null, persistedOpState: IN_SERVICE, persistedOpStateExpiryEpochSec: 0}, ReplicationConfig: RATIS/THREE, State:ALLOCATED, leaderId:156d136a-08eb-462a-8e45-2bca38fc9d49, CreationTimestamp2022-12-19T18:39:47.372Z[Etc/UTC]] moved to OPEN state
2022-12-19 18:39:54,936 [EventQueue-CommandQueueReportForCommandQueueReportHandler] WARN  events.EventQueue (EventQueue.java:fireEvent(216)) - No event handler registered for event TypedEvent{payloadType=DatanodeDetails, name='Datanode_Command_Queue_Updated'}
2022-12-19 18:39:54,938 [EventQueue-CommandQueueReportForCommandQueueReportHandler] WARN  events.EventQueue (EventQueue.java:fireEvent(216)) - No event handler registered for event TypedEvent{payloadType=DatanodeDetails, name='Datanode_Command_Queue_Updated'}
2022-12-19 18:39:54,936 [grpc-default-executor-1] INFO  server.RaftServer$Division (RaftServerImpl.java:requestVote(1218)) - f143390d-7c87-4621-8359-d245efaa75b3@group-681FBC8F75C3: receive requestVote(ELECTION, 156d136a-08eb-462a-8e45-2bca38fc9d49, group-681FBC8F75C3, 1, (t:0, i:0))
2022-12-19 18:39:54,936 [156d136a-08eb-462a-8e45-2bca38fc9d49@group-1926F592E147-FollowerState] INFO  impl.FollowerState (FollowerState.java:run(143)) - 156d136a-08eb-462a-8e45-2bca38fc9d49@group-1926F592E147-FollowerState: change to CANDIDATE, lastRpcElapsedTime:5128276086ns, electionTimeout:5126ms
2022-12-19 18:39:54,939 [grpc-default-executor-1] INFO  impl.VoteContext (VoteContext.java:log(49)) - f143390d-7c87-4621-8359-d245efaa75b3@group-681FBC8F75C3-FOLLOWER: accept ELECTION from 156d136a-08eb-462a-8e45-2bca38fc9d49: our priority 0 <= candidate's priority 1
2022-12-19 18:39:54,939 [grpc-default-executor-1] INFO  server.RaftServer$Division (RaftServerImpl.java:setRole(321)) - f143390d-7c87-4621-8359-d245efaa75b3@group-681FBC8F75C3: changes role from  FOLLOWER to FOLLOWER at term 1 for candidate:156d136a-08eb-462a-8e45-2bca38fc9d49
2022-12-19 18:39:54,939 [156d136a-08eb-462a-8e45-2bca38fc9d49@group-1926F592E147-FollowerState] INFO  impl.RoleInfo (RoleInfo.java:shutdownFollowerState(110)) - 156d136a-08eb-462a-8e45-2bca38fc9d49: shutdown 156d136a-08eb-462a-8e45-2bca38fc9d49@group-1926F592E147-FollowerState
2022-12-19 18:39:54,939 [grpc-default-executor-1] INFO  impl.RoleInfo (RoleInfo.java:shutdownFollowerState(110)) - f143390d-7c87-4621-8359-d245efaa75b3: shutdown f143390d-7c87-4621-8359-d245efaa75b3@group-681FBC8F75C3-FollowerState
2022-12-19 18:39:54,939 [156d136a-08eb-462a-8e45-2bca38fc9d49@group-1926F592E147-FollowerState] INFO  server.RaftServer$Division (RaftServerImpl.java:setRole(321)) - 156d136a-08eb-462a-8e45-2bca38fc9d49@group-1926F592E147: changes role from  FOLLOWER to CANDIDATE at term 0 for changeToCandidate
2022-12-19 18:39:54,939 [grpc-default-executor-1] INFO  impl.RoleInfo (RoleInfo.java:updateAndGet(139)) - f143390d-7c87-4621-8359-d245efaa75b3: start f143390d-7c87-4621-8359-d245efaa75b3@group-681FBC8F75C3-FollowerState
2022-12-19 18:39:54,939 [156d136a-08eb-462a-8e45-2bca38fc9d49@group-1926F592E147-FollowerState] INFO  server.RaftServerConfigKeys (ConfUtils.java:logGet(46)) - raft.server.leaderelection.pre-vote = false (custom)
2022-12-19 18:39:54,939 [156d136a-08eb-462a-8e45-2bca38fc9d49@group-1926F592E147-FollowerState] INFO  impl.RoleInfo (RoleInfo.java:updateAndGet(139)) - 156d136a-08eb-462a-8e45-2bca38fc9d49: start 156d136a-08eb-462a-8e45-2bca38fc9d49@group-1926F592E147-LeaderElection26
2022-12-19 18:39:54,939 [f143390d-7c87-4621-8359-d245efaa75b3@group-681FBC8F75C3-FollowerState] INFO  impl.FollowerState (FollowerState.java:run(152)) - f143390d-7c87-4621-8359-d245efaa75b3@group-681FBC8F75C3-FollowerState was interrupted
2022-12-19 18:39:54,939 [156d136a-08eb-462a-8e45-2bca38fc9d49@group-681FBC8F75C3-LeaderElection25] INFO  server.RaftServerConfigKeys (ConfUtils.java:logGet(46)) - raft.server.log.appender.snapshot.chunk.size.max = 16MB (=16777216) (default)
2022-12-19 18:39:54,939 [156d136a-08eb-462a-8e45-2bca38fc9d49@group-681FBC8F75C3-LeaderElection25] INFO  server.RaftServerConfigKeys (ConfUtils.java:logGet(46)) - raft.server.log.appender.buffer.byte-limit = 33554432 (custom)
2022-12-19 18:39:54,939 [156d136a-08eb-462a-8e45-2bca38fc9d49@group-681FBC8F75C3-LeaderElection25] INFO  server.RaftServerConfigKeys (ConfUtils.java:logGet(46)) - raft.server.log.appender.buffer.element-limit = 1 (custom)
2022-12-19 18:39:54,944 [grpc-default-executor-1] INFO  server.RaftServer$Division (RaftServerImpl.java:requestVote(1251)) - f143390d-7c87-4621-8359-d245efaa75b3@group-681FBC8F75C3 replies to ELECTION vote request: 156d136a-08eb-462a-8e45-2bca38fc9d49<-f143390d-7c87-4621-8359-d245efaa75b3#0:OK-t1. Peer's state: f143390d-7c87-4621-8359-d245efaa75b3@group-681FBC8F75C3:t1, leader=null, voted=156d136a-08eb-462a-8e45-2bca38fc9d49, raftlog=Memoized:f143390d-7c87-4621-8359-d245efaa75b3@group-681FBC8F75C3-SegmentedRaftLog:OPENED:c-1, conf=-1: peers:[156d136a-08eb-462a-8e45-2bca38fc9d49|rpc:10.1.0.24:44445|dataStream:10.1.0.24:42007|priority:1|startupRole:FOLLOWER, f143390d-7c87-4621-8359-d245efaa75b3|rpc:10.1.0.24:44783|dataStream:10.1.0.24:41301|priority:0|startupRole:FOLLOWER, 72a8f579-b929-42a4-a748-3b6f638fc788|rpc:10.1.0.24:40679|dataStream:10.1.0.24:37423|priority:0|startupRole:FOLLOWER]|listeners:[], old=null
2022-12-19 18:39:54,944 [f143390d-7c87-4621-8359-d245efaa75b3@group-681FBC8F75C3-FollowerState] INFO  server.RaftServerConfigKeys (ConfUtils.java:logFallback(53)) - raft.server.rpc.first-election.timeout.min = 5s (fallback to raft.server.rpc.timeout.min)
2022-12-19 18:39:54,944 [f143390d-7c87-4621-8359-d245efaa75b3@group-681FBC8F75C3-FollowerState] INFO  server.RaftServerConfigKeys (ConfUtils.java:logFallback(53)) - raft.server.rpc.first-election.timeout.max = 5200ms (fallback to raft.server.rpc.timeout.max)
2022-12-19 18:39:54,945 [EventQueue-OpenPipelineForHealthyPipelineSafeModeRule] INFO  safemode.SCMSafeModeManager (HealthyPipelineSafeModeRule.java:process(137)) - SCM in safe mode. Healthy pipelines reported count is 1, required healthy pipeline reported count is 1
2022-12-19 18:39:54,945 [EventQueue-OpenPipelineForHealthyPipelineSafeModeRule] INFO  safemode.SCMSafeModeManager (SCMSafeModeManager.java:validateSafeModeExitRules(200)) - HealthyPipelineSafeModeRule rule is successfully validated
2022-12-19 18:39:54,945 [EventQueue-OpenPipelineForHealthyPipelineSafeModeRule] INFO  safemode.SCMSafeModeManager (SCMSafeModeManager.java:validateSafeModeExitRules(215)) - ScmSafeModeManager, all rules are successfully validated
2022-12-19 18:39:54,945 [EventQueue-OpenPipelineForHealthyPipelineSafeModeRule] INFO  safemode.SCMSafeModeManager (SCMSafeModeManager.java:exitSafeMode(244)) - SCM exiting safe mode.
2022-12-19 18:39:54,945 [EventQueue-OpenPipelineForHealthyPipelineSafeModeRule] INFO  ha.SCMContext (SCMContext.java:updateSafeModeStatus(228)) - Update SafeModeStatus from SafeModeStatus{safeModeStatus=true, preCheckPassed=true} to SafeModeStatus{safeModeStatus=false, preCheckPassed=true}.
2022-12-19 18:39:54,945 [EventQueue-OpenPipelineForHealthyPipelineSafeModeRule] INFO  pipeline.BackgroundPipelineCreator (BackgroundPipelineCreator.java:notifyStatusChanged(254)) - Service BackgroundPipelineCreator transitions to RUNNING.
2022-12-19 18:39:54,945 [EventQueue-OpenPipelineForHealthyPipelineSafeModeRule] INFO  BackgroundPipelineScrubber (BackgroundSCMService.java:notifyStatusChanged(82)) - Service BackgroundPipelineScrubber transitions to RUNNING.
2022-12-19 18:39:54,945 [EventQueue-OpenPipelineForHealthyPipelineSafeModeRule] INFO  ExpiredContainerReplicaOpScrubber (BackgroundSCMService.java:notifyStatusChanged(82)) - Service ExpiredContainerReplicaOpScrubber transitions to RUNNING.
2022-12-19 18:39:54,945 [EventQueue-OpenPipelineForHealthyPipelineSafeModeRule] INFO  replication.ReplicationManager (ReplicationManager.java:notifyStatusChanged(918)) - Service ReplicationManager transitions to RUNNING.
2022-12-19 18:39:54,945 [EventQueue-OpenPipelineForHealthyPipelineSafeModeRule] WARN  balancer.ContainerBalancer (ContainerBalancer.java:shouldRun(131)) - Could not find persisted configuration for ContainerBalancer when checking if ContainerBalancer should run. ContainerBalancer should not run now.
2022-12-19 18:39:54,947 [156d136a-08eb-462a-8e45-2bca38fc9d49@group-681FBC8F75C3-LeaderElection25] INFO  grpc.GrpcConfigKeys (ConfUtils.java:logGet(46)) - raft.grpc.server.leader.outstanding.appends.max = 128 (default)
2022-12-19 18:39:54,947 [156d136a-08eb-462a-8e45-2bca38fc9d49@group-681FBC8F75C3-LeaderElection25] INFO  server.RaftServerConfigKeys (ConfUtils.java:logGet(46)) - raft.server.rpc.request.timeout = 60s (custom)
2022-12-19 18:39:54,947 [156d136a-08eb-462a-8e45-2bca38fc9d49@group-681FBC8F75C3-LeaderElection25] INFO  server.RaftServerConfigKeys (ConfUtils.java:logGet(46)) - raft.server.log.appender.install.snapshot.enabled = false (custom)
2022-12-19 18:39:54,947 [156d136a-08eb-462a-8e45-2bca38fc9d49@group-681FBC8F75C3-LeaderElection25] INFO  grpc.GrpcConfigKeys (ConfUtils.java:logGet(46)) - raft.grpc.server.heartbeat.channel = true (default)
2022-12-19 18:39:54,947 [156d136a-08eb-462a-8e45-2bca38fc9d49@group-681FBC8F75C3-LeaderElection25] INFO  server.RaftServerConfigKeys (ConfUtils.java:logGet(46)) - raft.server.log.appender.wait-time.min = 10ms (default)
2022-12-19 18:39:54,948 [156d136a-08eb-462a-8e45-2bca38fc9d49@group-681FBC8F75C3-LeaderElection25] INFO  impl.RoleInfo (RoleInfo.java:updateAndGet(139)) - 156d136a-08eb-462a-8e45-2bca38fc9d49: start 156d136a-08eb-462a-8e45-2bca38fc9d49@group-681FBC8F75C3-LeaderStateImpl
2022-12-19 18:39:54,948 [156d136a-08eb-462a-8e45-2bca38fc9d49@group-681FBC8F75C3-LeaderElection25] INFO  segmented.SegmentedRaftLogWorker (SegmentedRaftLogWorker.java:startLogSegment(452)) - 156d136a-08eb-462a-8e45-2bca38fc9d49@group-681FBC8F75C3-SegmentedRaftLogWorker: Starting segment from index:0
2022-12-19 18:39:54,949 [156d136a-08eb-462a-8e45-2bca38fc9d49@group-681FBC8F75C3-SegmentedRaftLogWorker] INFO  segmented.SegmentedRaftLogWorker (SegmentedRaftLogWorker.java:execute(656)) - 156d136a-08eb-462a-8e45-2bca38fc9d49@group-681FBC8F75C3-SegmentedRaftLogWorker: created new log segment /home/runner/work/ozone/ozone/hadoop-ozone/integration-test/target/test-dir/MiniOzoneClusterImpl-5ce33d81-cd12-4481-bdd0-3091a3c691f6/datanode-3/data/ratis/8916cdba-4d62-42e3-999c-681fbc8f75c3/current/log_inprogress_0
2022-12-19 18:39:54,952 [156d136a-08eb-462a-8e45-2bca38fc9d49@group-681FBC8F75C3-LeaderElection25] INFO  server.RaftServer$Division (ServerState.java:setRaftConf(430)) - 156d136a-08eb-462a-8e45-2bca38fc9d49@group-681FBC8F75C3: set configuration 0: peers:[156d136a-08eb-462a-8e45-2bca38fc9d49|rpc:10.1.0.24:44445|dataStream:10.1.0.24:42007|priority:1|startupRole:FOLLOWER, f143390d-7c87-4621-8359-d245efaa75b3|rpc:10.1.0.24:44783|dataStream:10.1.0.24:41301|priority:0|startupRole:FOLLOWER, 72a8f579-b929-42a4-a748-3b6f638fc788|rpc:10.1.0.24:40679|dataStream:10.1.0.24:37423|priority:0|startupRole:FOLLOWER]|listeners:[], old=null
2022-12-19 18:39:54,962 [156d136a-08eb-462a-8e45-2bca38fc9d49@group-1926F592E147-LeaderElection26] INFO  impl.LeaderElection (LeaderElection.java:askForVotes(312)) - 156d136a-08eb-462a-8e45-2bca38fc9d49@group-1926F592E147-LeaderElection26 ELECTION round 0: submit vote requests at term 1 for -1: peers:[f143390d-7c87-4621-8359-d245efaa75b3|rpc:10.1.0.24:44783|dataStream:10.1.0.24:41301|priority:0|startupRole:FOLLOWER, 156d136a-08eb-462a-8e45-2bca38fc9d49|rpc:10.1.0.24:44445|dataStream:10.1.0.24:42007|priority:0|startupRole:FOLLOWER, 72a8f579-b929-42a4-a748-3b6f638fc788|rpc:10.1.0.24:40679|dataStream:10.1.0.24:37423|priority:1|startupRole:FOLLOWER]|listeners:[], old=null
2022-12-19 18:39:54,963 [EventQueue-CommandQueueReportForCommandQueueReportHandler] WARN  events.EventQueue (EventQueue.java:fireEvent(216)) - No event handler registered for event TypedEvent{payloadType=DatanodeDetails, name='Datanode_Command_Queue_Updated'}
2022-12-19 18:39:54,967 [156d136a-08eb-462a-8e45-2bca38fc9d49@group-1926F592E147-LeaderElection26] INFO  server.RaftServerConfigKeys (ConfUtils.java:logFallback(53)) - raft.server.rpc.first-election.timeout.min = 5s (fallback to raft.server.rpc.timeout.min)
2022-12-19 18:39:54,967 [156d136a-08eb-462a-8e45-2bca38fc9d49@group-1926F592E147-LeaderElection26] INFO  server.RaftServerConfigKeys (ConfUtils.java:logFallback(53)) - raft.server.rpc.first-election.timeout.max = 5200ms (fallback to raft.server.rpc.timeout.max)
2022-12-19 18:39:54,978 [grpc-default-executor-0] INFO  server.RaftServer$Division (RaftServerImpl.java:requestVote(1218)) - f143390d-7c87-4621-8359-d245efaa75b3@group-1926F592E147: receive requestVote(ELECTION, 156d136a-08eb-462a-8e45-2bca38fc9d49, group-1926F592E147, 1, (t:0, i:0))
2022-12-19 18:39:54,978 [grpc-default-executor-0] INFO  impl.VoteContext (VoteContext.java:log(49)) - f143390d-7c87-4621-8359-d245efaa75b3@group-1926F592E147-FOLLOWER: accept ELECTION from 156d136a-08eb-462a-8e45-2bca38fc9d49: our priority 0 <= candidate's priority 0
2022-12-19 18:39:54,979 [grpc-default-executor-0] INFO  server.RaftServer$Division (RaftServerImpl.java:setRole(321)) - f143390d-7c87-4621-8359-d245efaa75b3@group-1926F592E147: changes role from  FOLLOWER to FOLLOWER at term 1 for candidate:156d136a-08eb-462a-8e45-2bca38fc9d49
2022-12-19 18:39:54,980 [grpc-default-executor-5] INFO  server.RaftServer$Division (RaftServerImpl.java:requestVote(1218)) - 72a8f579-b929-42a4-a748-3b6f638fc788@group-1926F592E147: receive requestVote(ELECTION, 156d136a-08eb-462a-8e45-2bca38fc9d49, group-1926F592E147, 1, (t:0, i:0))
2022-12-19 18:39:54,980 [grpc-default-executor-5] INFO  impl.VoteContext (VoteContext.java:log(49)) - 72a8f579-b929-42a4-a748-3b6f638fc788@group-1926F592E147-FOLLOWER: reject ELECTION from 156d136a-08eb-462a-8e45-2bca38fc9d49: our priority 1 > candidate's priority 0
2022-12-19 18:39:54,980 [grpc-default-executor-5] INFO  server.RaftServer$Division (RaftServerImpl.java:setRole(321)) - 72a8f579-b929-42a4-a748-3b6f638fc788@group-1926F592E147: changes role from  FOLLOWER to FOLLOWER at term 1 for candidate:156d136a-08eb-462a-8e45-2bca38fc9d49
2022-12-19 18:39:54,980 [grpc-default-executor-5] INFO  impl.RoleInfo (RoleInfo.java:shutdownFollowerState(110)) - 72a8f579-b929-42a4-a748-3b6f638fc788: shutdown 72a8f579-b929-42a4-a748-3b6f638fc788@group-1926F592E147-FollowerState
2022-12-19 18:39:54,980 [grpc-default-executor-5] INFO  impl.RoleInfo (RoleInfo.java:updateAndGet(139)) - 72a8f579-b929-42a4-a748-3b6f638fc788: start 72a8f579-b929-42a4-a748-3b6f638fc788@group-1926F592E147-FollowerState
2022-12-19 18:39:54,980 [72a8f579-b929-42a4-a748-3b6f638fc788@group-1926F592E147-FollowerState] INFO  impl.FollowerState (FollowerState.java:run(152)) - 72a8f579-b929-42a4-a748-3b6f638fc788@group-1926F592E147-FollowerState was interrupted
2022-12-19 18:39:54,980 [f143390d-7c87-4621-8359-d245efaa75b3-server-thread1] INFO  ratis.XceiverServerRatis (XceiverServerRatis.java:handleLeaderChangedNotification(904)) - Leader change notification received for group: group-681FBC8F75C3 with new leaderId: 156d136a-08eb-462a-8e45-2bca38fc9d49
2022-12-19 18:39:54,980 [f143390d-7c87-4621-8359-d245efaa75b3-server-thread1] INFO  server.RaftServer$Division (ServerState.java:setLeader(313)) - f143390d-7c87-4621-8359-d245efaa75b3@group-681FBC8F75C3: change Leader from null to 156d136a-08eb-462a-8e45-2bca38fc9d49 at term 1 for appendEntries, leader elected after 5064ms
2022-12-19 18:39:54,983 [grpc-default-executor-0] INFO  impl.RoleInfo (RoleInfo.java:shutdownFollowerState(110)) - f143390d-7c87-4621-8359-d245efaa75b3: shutdown f143390d-7c87-4621-8359-d245efaa75b3@group-1926F592E147-FollowerState
2022-12-19 18:39:54,983 [grpc-default-executor-0] INFO  impl.RoleInfo (RoleInfo.java:updateAndGet(139)) - f143390d-7c87-4621-8359-d245efaa75b3: start f143390d-7c87-4621-8359-d245efaa75b3@group-1926F592E147-FollowerState
2022-12-19 18:39:54,983 [f143390d-7c87-4621-8359-d245efaa75b3@group-1926F592E147-FollowerState] INFO  impl.FollowerState (FollowerState.java:run(152)) - f143390d-7c87-4621-8359-d245efaa75b3@group-1926F592E147-FollowerState was interrupted
2022-12-19 18:39:54,985 [grpc-default-executor-5] INFO  server.RaftServer$Division (RaftServerImpl.java:requestVote(1251)) - 72a8f579-b929-42a4-a748-3b6f638fc788@group-1926F592E147 replies to ELECTION vote request: 156d136a-08eb-462a-8e45-2bca38fc9d49<-72a8f579-b929-42a4-a748-3b6f638fc788#0:FAIL-t1. Peer's state: 72a8f579-b929-42a4-a748-3b6f638fc788@group-1926F592E147:t1, leader=null, voted=null, raftlog=Memoized:72a8f579-b929-42a4-a748-3b6f638fc788@group-1926F592E147-SegmentedRaftLog:OPENED:c-1, conf=-1: peers:[f143390d-7c87-4621-8359-d245efaa75b3|rpc:10.1.0.24:44783|dataStream:10.1.0.24:41301|priority:0|startupRole:FOLLOWER, 156d136a-08eb-462a-8e45-2bca38fc9d49|rpc:10.1.0.24:44445|dataStream:10.1.0.24:42007|priority:0|startupRole:FOLLOWER, 72a8f579-b929-42a4-a748-3b6f638fc788|rpc:10.1.0.24:40679|dataStream:10.1.0.24:37423|priority:1|startupRole:FOLLOWER]|listeners:[], old=null
2022-12-19 18:39:54,986 [72a8f579-b929-42a4-a748-3b6f638fc788@group-1926F592E147-FollowerState] INFO  server.RaftServerConfigKeys (ConfUtils.java:logFallback(53)) - raft.server.rpc.first-election.timeout.min = 5s (fallback to raft.server.rpc.timeout.min)
2022-12-19 18:39:54,987 [72a8f579-b929-42a4-a748-3b6f638fc788@group-1926F592E147-FollowerState] INFO  server.RaftServerConfigKeys (ConfUtils.java:logFallback(53)) - raft.server.rpc.first-election.timeout.max = 5200ms (fallback to raft.server.rpc.timeout.max)
2022-12-19 18:39:54,987 [f143390d-7c87-4621-8359-d245efaa75b3-server-thread1] INFO  server.RaftServer$Division (ServerState.java:setRaftConf(430)) - f143390d-7c87-4621-8359-d245efaa75b3@group-681FBC8F75C3: set configuration 0: peers:[156d136a-08eb-462a-8e45-2bca38fc9d49|rpc:10.1.0.24:44445|dataStream:10.1.0.24:42007|priority:1|startupRole:FOLLOWER, f143390d-7c87-4621-8359-d245efaa75b3|rpc:10.1.0.24:44783|dataStream:10.1.0.24:41301|priority:0|startupRole:FOLLOWER, 72a8f579-b929-42a4-a748-3b6f638fc788|rpc:10.1.0.24:40679|dataStream:10.1.0.24:37423|priority:0|startupRole:FOLLOWER]|listeners:[], old=null
2022-12-19 18:39:54,988 [f143390d-7c87-4621-8359-d245efaa75b3-server-thread1] INFO  segmented.SegmentedRaftLogWorker (SegmentedRaftLogWorker.java:startLogSegment(452)) - f143390d-7c87-4621-8359-d245efaa75b3@group-681FBC8F75C3-SegmentedRaftLogWorker: Starting segment from index:0
2022-12-19 18:39:54,988 [grpc-default-executor-0] INFO  server.RaftServer$Division (RaftServerImpl.java:requestVote(1251)) - f143390d-7c87-4621-8359-d245efaa75b3@group-1926F592E147 replies to ELECTION vote request: 156d136a-08eb-462a-8e45-2bca38fc9d49<-f143390d-7c87-4621-8359-d245efaa75b3#0:OK-t1. Peer's state: f143390d-7c87-4621-8359-d245efaa75b3@group-1926F592E147:t1, leader=null, voted=156d136a-08eb-462a-8e45-2bca38fc9d49, raftlog=Memoized:f143390d-7c87-4621-8359-d245efaa75b3@group-1926F592E147-SegmentedRaftLog:OPENED:c-1, conf=-1: peers:[f143390d-7c87-4621-8359-d245efaa75b3|rpc:10.1.0.24:44783|dataStream:10.1.0.24:41301|priority:0|startupRole:FOLLOWER, 156d136a-08eb-462a-8e45-2bca38fc9d49|rpc:10.1.0.24:44445|dataStream:10.1.0.24:42007|priority:0|startupRole:FOLLOWER, 72a8f579-b929-42a4-a748-3b6f638fc788|rpc:10.1.0.24:40679|dataStream:10.1.0.24:37423|priority:1|startupRole:FOLLOWER]|listeners:[], old=null
2022-12-19 18:39:54,989 [f143390d-7c87-4621-8359-d245efaa75b3@group-681FBC8F75C3-SegmentedRaftLogWorker] INFO  segmented.SegmentedRaftLogWorker (SegmentedRaftLogWorker.java:execute(656)) - f143390d-7c87-4621-8359-d245efaa75b3@group-681FBC8F75C3-SegmentedRaftLogWorker: created new log segment /home/runner/work/ozone/ozone/hadoop-ozone/integration-test/target/test-dir/MiniOzoneClusterImpl-5ce33d81-cd12-4481-bdd0-3091a3c691f6/datanode-4/data/ratis/8916cdba-4d62-42e3-999c-681fbc8f75c3/current/log_inprogress_0
2022-12-19 18:39:54,990 [f143390d-7c87-4621-8359-d245efaa75b3@group-1926F592E147-FollowerState] INFO  server.RaftServerConfigKeys (ConfUtils.java:logFallback(53)) - raft.server.rpc.first-election.timeout.min = 5s (fallback to raft.server.rpc.timeout.min)
2022-12-19 18:39:54,990 [f143390d-7c87-4621-8359-d245efaa75b3@group-1926F592E147-FollowerState] INFO  server.RaftServerConfigKeys (ConfUtils.java:logFallback(53)) - raft.server.rpc.first-election.timeout.max = 5200ms (fallback to raft.server.rpc.timeout.max)
2022-12-19 18:39:54,996 [72a8f579-b929-42a4-a748-3b6f638fc788-server-thread2] INFO  ratis.XceiverServerRatis (XceiverServerRatis.java:handleLeaderChangedNotification(904)) - Leader change notification received for group: group-681FBC8F75C3 with new leaderId: 156d136a-08eb-462a-8e45-2bca38fc9d49
2022-12-19 18:39:54,996 [72a8f579-b929-42a4-a748-3b6f638fc788-server-thread2] INFO  server.RaftServer$Division (ServerState.java:setLeader(313)) - 72a8f579-b929-42a4-a748-3b6f638fc788@group-681FBC8F75C3: change Leader from null to 156d136a-08eb-462a-8e45-2bca38fc9d49 at term 1 for appendEntries, leader elected after 5051ms
2022-12-19 18:39:54,996 [156d136a-08eb-462a-8e45-2bca38fc9d49@group-1926F592E147-LeaderElection26] INFO  impl.LeaderElection (LeaderElection.java:logAndReturn(90)) - 156d136a-08eb-462a-8e45-2bca38fc9d49@group-1926F592E147-LeaderElection26: ELECTION REJECTED received 1 response(s) and 0 exception(s):
2022-12-19 18:39:54,996 [156d136a-08eb-462a-8e45-2bca38fc9d49@group-1926F592E147-LeaderElection26] INFO  impl.LeaderElection (LeaderElection.java:logAndReturn(94)) -   Response 0: 156d136a-08eb-462a-8e45-2bca38fc9d49<-72a8f579-b929-42a4-a748-3b6f638fc788#0:FAIL-t1
2022-12-19 18:39:54,997 [156d136a-08eb-462a-8e45-2bca38fc9d49@group-1926F592E147-LeaderElection26] INFO  impl.LeaderElection (LeaderElection.java:askForVotes(314)) - 156d136a-08eb-462a-8e45-2bca38fc9d49@group-1926F592E147-LeaderElection26 ELECTION round 0: result REJECTED
2022-12-19 18:39:54,997 [156d136a-08eb-462a-8e45-2bca38fc9d49@group-1926F592E147-LeaderElection26] INFO  server.RaftServer$Division (RaftServerImpl.java:setRole(321)) - 156d136a-08eb-462a-8e45-2bca38fc9d49@group-1926F592E147: changes role from CANDIDATE to FOLLOWER at term 1 for REJECTED
2022-12-19 18:39:54,997 [156d136a-08eb-462a-8e45-2bca38fc9d49@group-1926F592E147-LeaderElection26] INFO  impl.RoleInfo (RoleInfo.java:shutdownLeaderElection(130)) - 156d136a-08eb-462a-8e45-2bca38fc9d49: shutdown 156d136a-08eb-462a-8e45-2bca38fc9d49@group-1926F592E147-LeaderElection26
2022-12-19 18:39:54,997 [156d136a-08eb-462a-8e45-2bca38fc9d49@group-1926F592E147-LeaderElection26] INFO  impl.RoleInfo (RoleInfo.java:updateAndGet(139)) - 156d136a-08eb-462a-8e45-2bca38fc9d49: start 156d136a-08eb-462a-8e45-2bca38fc9d49@group-1926F592E147-FollowerState
2022-12-19 18:39:55,001 [156d136a-08eb-462a-8e45-2bca38fc9d49@group-1926F592E147-FollowerState] INFO  server.RaftServerConfigKeys (ConfUtils.java:logFallback(53)) - raft.server.rpc.first-election.timeout.min = 5s (fallback to raft.server.rpc.timeout.min)
2022-12-19 18:39:55,001 [156d136a-08eb-462a-8e45-2bca38fc9d49@group-1926F592E147-FollowerState] INFO  server.RaftServerConfigKeys (ConfUtils.java:logFallback(53)) - raft.server.rpc.first-election.timeout.max = 5200ms (fallback to raft.server.rpc.timeout.max)
2022-12-19 18:39:55,011 [72a8f579-b929-42a4-a748-3b6f638fc788-server-thread1] INFO  server.RaftServer$Division (ServerState.java:setRaftConf(430)) - 72a8f579-b929-42a4-a748-3b6f638fc788@group-681FBC8F75C3: set configuration 0: peers:[156d136a-08eb-462a-8e45-2bca38fc9d49|rpc:10.1.0.24:44445|dataStream:10.1.0.24:42007|priority:1|startupRole:FOLLOWER, f143390d-7c87-4621-8359-d245efaa75b3|rpc:10.1.0.24:44783|dataStream:10.1.0.24:41301|priority:0|startupRole:FOLLOWER, 72a8f579-b929-42a4-a748-3b6f638fc788|rpc:10.1.0.24:40679|dataStream:10.1.0.24:37423|priority:0|startupRole:FOLLOWER]|listeners:[], old=null
2022-12-19 18:39:55,011 [72a8f579-b929-42a4-a748-3b6f638fc788-server-thread1] INFO  segmented.SegmentedRaftLogWorker (SegmentedRaftLogWorker.java:startLogSegment(452)) - 72a8f579-b929-42a4-a748-3b6f638fc788@group-681FBC8F75C3-SegmentedRaftLogWorker: Starting segment from index:0
2022-12-19 18:39:55,013 [72a8f579-b929-42a4-a748-3b6f638fc788@group-681FBC8F75C3-SegmentedRaftLogWorker] INFO  segmented.SegmentedRaftLogWorker (SegmentedRaftLogWorker.java:execute(656)) - 72a8f579-b929-42a4-a748-3b6f638fc788@group-681FBC8F75C3-SegmentedRaftLogWorker: created new log segment /home/runner/work/ozone/ozone/hadoop-ozone/integration-test/target/test-dir/MiniOzoneClusterImpl-5ce33d81-cd12-4481-bdd0-3091a3c691f6/datanode-5/data/ratis/8916cdba-4d62-42e3-999c-681fbc8f75c3/current/log_inprogress_0
2022-12-19 18:39:55,037 [EventQueue-CommandQueueReportForCommandQueueReportHandler] WARN  events.EventQueue (EventQueue.java:fireEvent(216)) - No event handler registered for event TypedEvent{payloadType=DatanodeDetails, name='Datanode_Command_Queue_Updated'}
2022-12-19 18:39:55,368 [Listener at 127.0.0.1/39295] INFO  ozone.MiniOzoneClusterImpl (MiniOzoneClusterImpl.java:lambda$waitForClusterToBeReady$0(217)) - Nodes are ready. Got 6 of 6 DN Heartbeats.
2022-12-19 18:39:55,368 [Listener at 127.0.0.1/39295] INFO  ozone.MiniOzoneClusterImpl (MiniOzoneClusterImpl.java:lambda$waitForClusterToBeReady$0(220)) - Cluster exits safe mode
2022-12-19 18:39:55,368 [Listener at 127.0.0.1/39295] INFO  ozone.MiniOzoneClusterImpl (MiniOzoneClusterImpl.java:lambda$waitForClusterToBeReady$0(222)) - SCM became leader
2022-12-19 18:39:55,921 [EventQueue-CommandQueueReportForCommandQueueReportHandler] WARN  events.EventQueue (EventQueue.java:fireEvent(216)) - No event handler registered for event TypedEvent{payloadType=DatanodeDetails, name='Datanode_Command_Queue_Updated'}
2022-12-19 18:39:55,949 [EventQueue-CommandQueueReportForCommandQueueReportHandler] WARN  events.EventQueue (EventQueue.java:fireEvent(216)) - No event handler registered for event TypedEvent{payloadType=DatanodeDetails, name='Datanode_Command_Queue_Updated'}
2022-12-19 18:39:56,935 [EventQueue-CommandQueueReportForCommandQueueReportHandler] WARN  events.EventQueue (EventQueue.java:fireEvent(216)) - No event handler registered for event TypedEvent{payloadType=DatanodeDetails, name='Datanode_Command_Queue_Updated'}
2022-12-19 18:39:56,936 [EventQueue-CommandQueueReportForCommandQueueReportHandler] WARN  events.EventQueue (EventQueue.java:fireEvent(216)) - No event handler registered for event TypedEvent{payloadType=DatanodeDetails, name='Datanode_Command_Queue_Updated'}
2022-12-19 18:39:56,963 [EventQueue-CommandQueueReportForCommandQueueReportHandler] WARN  events.EventQueue (EventQueue.java:fireEvent(216)) - No event handler registered for event TypedEvent{payloadType=DatanodeDetails, name='Datanode_Command_Queue_Updated'}
2022-12-19 18:39:57,035 [EventQueue-CommandQueueReportForCommandQueueReportHandler] WARN  events.EventQueue (EventQueue.java:fireEvent(216)) - No event handler registered for event TypedEvent{payloadType=DatanodeDetails, name='Datanode_Command_Queue_Updated'}
2022-12-19 18:39:57,922 [EventQueue-CommandQueueReportForCommandQueueReportHandler] WARN  events.EventQueue (EventQueue.java:fireEvent(216)) - No event handler registered for event TypedEvent{payloadType=DatanodeDetails, name='Datanode_Command_Queue_Updated'}
2022-12-19 18:39:57,950 [EventQueue-CommandQueueReportForCommandQueueReportHandler] WARN  events.EventQueue (EventQueue.java:fireEvent(216)) - No event handler registered for event TypedEvent{payloadType=DatanodeDetails, name='Datanode_Command_Queue_Updated'}
2022-12-19 18:39:58,935 [EventQueue-CommandQueueReportForCommandQueueReportHandler] WARN  events.EventQueue (EventQueue.java:fireEvent(216)) - No event handler registered for event TypedEvent{payloadType=DatanodeDetails, name='Datanode_Command_Queue_Updated'}
2022-12-19 18:39:58,937 [EventQueue-CommandQueueReportForCommandQueueReportHandler] WARN  events.EventQueue (EventQueue.java:fireEvent(216)) - No event handler registered for event TypedEvent{payloadType=DatanodeDetails, name='Datanode_Command_Queue_Updated'}
2022-12-19 18:39:58,963 [EventQueue-CommandQueueReportForCommandQueueReportHandler] WARN  events.EventQueue (EventQueue.java:fireEvent(216)) - No event handler registered for event TypedEvent{payloadType=DatanodeDetails, name='Datanode_Command_Queue_Updated'}
2022-12-19 18:39:59,034 [EventQueue-CommandQueueReportForCommandQueueReportHandler] WARN  events.EventQueue (EventQueue.java:fireEvent(216)) - No event handler registered for event TypedEvent{payloadType=DatanodeDetails, name='Datanode_Command_Queue_Updated'}
2022-12-19 18:39:59,090 [12d62a03-33f5-4ac8-ab31-68f2c1a01619@group-0837F8C12971-FollowerState] INFO  impl.FollowerState (FollowerState.java:run(143)) - 12d62a03-33f5-4ac8-ab31-68f2c1a01619@group-0837F8C12971-FollowerState: change to CANDIDATE, lastRpcElapsedTime:5026581140ns, electionTimeout:5026ms
2022-12-19 18:39:59,090 [12d62a03-33f5-4ac8-ab31-68f2c1a01619@group-0837F8C12971-FollowerState] INFO  impl.RoleInfo (RoleInfo.java:shutdownFollowerState(110)) - 12d62a03-33f5-4ac8-ab31-68f2c1a01619: shutdown 12d62a03-33f5-4ac8-ab31-68f2c1a01619@group-0837F8C12971-FollowerState
2022-12-19 18:39:59,090 [12d62a03-33f5-4ac8-ab31-68f2c1a01619@group-0837F8C12971-FollowerState] INFO  server.RaftServer$Division (RaftServerImpl.java:setRole(321)) - 12d62a03-33f5-4ac8-ab31-68f2c1a01619@group-0837F8C12971: changes role from  FOLLOWER to CANDIDATE at term 1 for changeToCandidate
2022-12-19 18:39:59,091 [12d62a03-33f5-4ac8-ab31-68f2c1a01619@group-0837F8C12971-FollowerState] INFO  server.RaftServerConfigKeys (ConfUtils.java:logGet(46)) - raft.server.leaderelection.pre-vote = false (custom)
2022-12-19 18:39:59,091 [12d62a03-33f5-4ac8-ab31-68f2c1a01619@group-0837F8C12971-FollowerState] INFO  impl.RoleInfo (RoleInfo.java:updateAndGet(139)) - 12d62a03-33f5-4ac8-ab31-68f2c1a01619: start 12d62a03-33f5-4ac8-ab31-68f2c1a01619@group-0837F8C12971-LeaderElection27
2022-12-19 18:39:59,093 [12d62a03-33f5-4ac8-ab31-68f2c1a01619@group-0837F8C12971-LeaderElection27] INFO  impl.LeaderElection (LeaderElection.java:askForVotes(312)) - 12d62a03-33f5-4ac8-ab31-68f2c1a01619@group-0837F8C12971-LeaderElection27 ELECTION round 0: submit vote requests at term 2 for -1: peers:[daa36c1e-9cf4-4c94-819a-0a52a71ceb67|rpc:10.1.0.24:37077|dataStream:10.1.0.24:39585|priority:0|startupRole:FOLLOWER, bb729a89-1f9d-479b-ba94-fb09a3e8e4eb|rpc:10.1.0.24:38595|dataStream:10.1.0.24:37531|priority:0|startupRole:FOLLOWER, 12d62a03-33f5-4ac8-ab31-68f2c1a01619|rpc:10.1.0.24:44073|dataStream:10.1.0.24:40631|priority:1|startupRole:FOLLOWER]|listeners:[], old=null
2022-12-19 18:39:59,094 [12d62a03-33f5-4ac8-ab31-68f2c1a01619@group-0837F8C12971-LeaderElection27] INFO  server.RaftServerConfigKeys (ConfUtils.java:logFallback(53)) - raft.server.rpc.first-election.timeout.min = 5s (fallback to raft.server.rpc.timeout.min)
2022-12-19 18:39:59,094 [12d62a03-33f5-4ac8-ab31-68f2c1a01619@group-0837F8C12971-LeaderElection27-1] INFO  server.GrpcServerProtocolClient (GrpcServerProtocolClient.java:<init>(63)) - Build channel for daa36c1e-9cf4-4c94-819a-0a52a71ceb67
2022-12-19 18:39:59,094 [12d62a03-33f5-4ac8-ab31-68f2c1a01619@group-0837F8C12971-LeaderElection27] INFO  server.RaftServerConfigKeys (ConfUtils.java:logFallback(53)) - raft.server.rpc.first-election.timeout.max = 5200ms (fallback to raft.server.rpc.timeout.max)
2022-12-19 18:39:59,094 [12d62a03-33f5-4ac8-ab31-68f2c1a01619@group-0837F8C12971-LeaderElection27-2] INFO  server.GrpcServerProtocolClient (GrpcServerProtocolClient.java:<init>(63)) - Build channel for bb729a89-1f9d-479b-ba94-fb09a3e8e4eb
2022-12-19 18:39:59,101 [grpc-default-executor-7] INFO  server.RaftServer$Division (RaftServerImpl.java:requestVote(1218)) - bb729a89-1f9d-479b-ba94-fb09a3e8e4eb@group-0837F8C12971: receive requestVote(ELECTION, 12d62a03-33f5-4ac8-ab31-68f2c1a01619, group-0837F8C12971, 2, (t:0, i:0))
2022-12-19 18:39:59,102 [grpc-default-executor-7] INFO  impl.VoteContext (VoteContext.java:log(49)) - bb729a89-1f9d-479b-ba94-fb09a3e8e4eb@group-0837F8C12971-FOLLOWER: accept ELECTION from 12d62a03-33f5-4ac8-ab31-68f2c1a01619: our priority 0 <= candidate's priority 1
2022-12-19 18:39:59,102 [grpc-default-executor-7] INFO  server.RaftServer$Division (RaftServerImpl.java:setRole(321)) - bb729a89-1f9d-479b-ba94-fb09a3e8e4eb@group-0837F8C12971: changes role from  FOLLOWER to FOLLOWER at term 2 for candidate:12d62a03-33f5-4ac8-ab31-68f2c1a01619
2022-12-19 18:39:59,102 [grpc-default-executor-7] INFO  impl.RoleInfo (RoleInfo.java:shutdownFollowerState(110)) - bb729a89-1f9d-479b-ba94-fb09a3e8e4eb: shutdown bb729a89-1f9d-479b-ba94-fb09a3e8e4eb@group-0837F8C12971-FollowerState
2022-12-19 18:39:59,102 [grpc-default-executor-7] INFO  impl.RoleInfo (RoleInfo.java:updateAndGet(139)) - bb729a89-1f9d-479b-ba94-fb09a3e8e4eb: start bb729a89-1f9d-479b-ba94-fb09a3e8e4eb@group-0837F8C12971-FollowerState
2022-12-19 18:39:59,102 [bb729a89-1f9d-479b-ba94-fb09a3e8e4eb@group-0837F8C12971-FollowerState] INFO  impl.FollowerState (FollowerState.java:run(152)) - bb729a89-1f9d-479b-ba94-fb09a3e8e4eb@group-0837F8C12971-FollowerState was interrupted
2022-12-19 18:39:59,104 [grpc-default-executor-7] INFO  server.RaftServer$Division (RaftServerImpl.java:requestVote(1251)) - bb729a89-1f9d-479b-ba94-fb09a3e8e4eb@group-0837F8C12971 replies to ELECTION vote request: 12d62a03-33f5-4ac8-ab31-68f2c1a01619<-bb729a89-1f9d-479b-ba94-fb09a3e8e4eb#0:OK-t2. Peer's state: bb729a89-1f9d-479b-ba94-fb09a3e8e4eb@group-0837F8C12971:t2, leader=null, voted=12d62a03-33f5-4ac8-ab31-68f2c1a01619, raftlog=Memoized:bb729a89-1f9d-479b-ba94-fb09a3e8e4eb@group-0837F8C12971-SegmentedRaftLog:OPENED:c-1, conf=-1: peers:[daa36c1e-9cf4-4c94-819a-0a52a71ceb67|rpc:10.1.0.24:37077|dataStream:10.1.0.24:39585|priority:0|startupRole:FOLLOWER, bb729a89-1f9d-479b-ba94-fb09a3e8e4eb|rpc:10.1.0.24:38595|dataStream:10.1.0.24:37531|priority:0|startupRole:FOLLOWER, 12d62a03-33f5-4ac8-ab31-68f2c1a01619|rpc:10.1.0.24:44073|dataStream:10.1.0.24:40631|priority:1|startupRole:FOLLOWER]|listeners:[], old=null
2022-12-19 18:39:59,108 [grpc-default-executor-7] INFO  server.RaftServer$Division (RaftServerImpl.java:requestVote(1218)) - daa36c1e-9cf4-4c94-819a-0a52a71ceb67@group-0837F8C12971: receive requestVote(ELECTION, 12d62a03-33f5-4ac8-ab31-68f2c1a01619, group-0837F8C12971, 2, (t:0, i:0))
2022-12-19 18:39:59,108 [bb729a89-1f9d-479b-ba94-fb09a3e8e4eb@group-0837F8C12971-FollowerState] INFO  server.RaftServerConfigKeys (ConfUtils.java:logFallback(53)) - raft.server.rpc.first-election.timeout.min = 5s (fallback to raft.server.rpc.timeout.min)
2022-12-19 18:39:59,108 [grpc-default-executor-7] INFO  impl.VoteContext (VoteContext.java:log(49)) - daa36c1e-9cf4-4c94-819a-0a52a71ceb67@group-0837F8C12971-FOLLOWER: accept ELECTION from 12d62a03-33f5-4ac8-ab31-68f2c1a01619: our priority 0 <= candidate's priority 1
2022-12-19 18:39:59,108 [bb729a89-1f9d-479b-ba94-fb09a3e8e4eb@group-0837F8C12971-FollowerState] INFO  server.RaftServerConfigKeys (ConfUtils.java:logFallback(53)) - raft.server.rpc.first-election.timeout.max = 5200ms (fallback to raft.server.rpc.timeout.max)
2022-12-19 18:39:59,108 [grpc-default-executor-7] INFO  server.RaftServer$Division (RaftServerImpl.java:setRole(321)) - daa36c1e-9cf4-4c94-819a-0a52a71ceb67@group-0837F8C12971: changes role from  FOLLOWER to FOLLOWER at term 2 for candidate:12d62a03-33f5-4ac8-ab31-68f2c1a01619
2022-12-19 18:39:59,108 [grpc-default-executor-7] INFO  impl.RoleInfo (RoleInfo.java:shutdownFollowerState(110)) - daa36c1e-9cf4-4c94-819a-0a52a71ceb67: shutdown daa36c1e-9cf4-4c94-819a-0a52a71ceb67@group-0837F8C12971-FollowerState
2022-12-19 18:39:59,108 [grpc-default-executor-7] INFO  impl.RoleInfo (RoleInfo.java:updateAndGet(139)) - daa36c1e-9cf4-4c94-819a-0a52a71ceb67: start daa36c1e-9cf4-4c94-819a-0a52a71ceb67@group-0837F8C12971-FollowerState
2022-12-19 18:39:59,108 [12d62a03-33f5-4ac8-ab31-68f2c1a01619@group-0837F8C12971-LeaderElection27] INFO  impl.LeaderElection (LeaderElection.java:logAndReturn(90)) - 12d62a03-33f5-4ac8-ab31-68f2c1a01619@group-0837F8C12971-LeaderElection27: ELECTION PASSED received 1 response(s) and 0 exception(s):
2022-12-19 18:39:59,108 [12d62a03-33f5-4ac8-ab31-68f2c1a01619@group-0837F8C12971-LeaderElection27] INFO  impl.LeaderElection (LeaderElection.java:logAndReturn(94)) -   Response 0: 12d62a03-33f5-4ac8-ab31-68f2c1a01619<-bb729a89-1f9d-479b-ba94-fb09a3e8e4eb#0:OK-t2
2022-12-19 18:39:59,108 [daa36c1e-9cf4-4c94-819a-0a52a71ceb67@group-0837F8C12971-FollowerState] INFO  impl.FollowerState (FollowerState.java:run(152)) - daa36c1e-9cf4-4c94-819a-0a52a71ceb67@group-0837F8C12971-FollowerState was interrupted
2022-12-19 18:39:59,108 [daa36c1e-9cf4-4c94-819a-0a52a71ceb67@group-0837F8C12971-FollowerState] INFO  server.RaftServerConfigKeys (ConfUtils.java:logFallback(53)) - raft.server.rpc.first-election.timeout.min = 5s (fallback to raft.server.rpc.timeout.min)
2022-12-19 18:39:59,108 [daa36c1e-9cf4-4c94-819a-0a52a71ceb67@group-0837F8C12971-FollowerState] INFO  server.RaftServerConfigKeys (ConfUtils.java:logFallback(53)) - raft.server.rpc.first-election.timeout.max = 5200ms (fallback to raft.server.rpc.timeout.max)
2022-12-19 18:39:59,109 [grpc-default-executor-7] INFO  server.RaftServer$Division (RaftServerImpl.java:requestVote(1251)) - daa36c1e-9cf4-4c94-819a-0a52a71ceb67@group-0837F8C12971 replies to ELECTION vote request: 12d62a03-33f5-4ac8-ab31-68f2c1a01619<-daa36c1e-9cf4-4c94-819a-0a52a71ceb67#0:OK-t2. Peer's state: daa36c1e-9cf4-4c94-819a-0a52a71ceb67@group-0837F8C12971:t2, leader=null, voted=12d62a03-33f5-4ac8-ab31-68f2c1a01619, raftlog=Memoized:daa36c1e-9cf4-4c94-819a-0a52a71ceb67@group-0837F8C12971-SegmentedRaftLog:OPENED:c-1, conf=-1: peers:[daa36c1e-9cf4-4c94-819a-0a52a71ceb67|rpc:10.1.0.24:37077|dataStream:10.1.0.24:39585|priority:0|startupRole:FOLLOWER, bb729a89-1f9d-479b-ba94-fb09a3e8e4eb|rpc:10.1.0.24:38595|dataStream:10.1.0.24:37531|priority:0|startupRole:FOLLOWER, 12d62a03-33f5-4ac8-ab31-68f2c1a01619|rpc:10.1.0.24:44073|dataStream:10.1.0.24:40631|priority:1|startupRole:FOLLOWER]|listeners:[], old=null
2022-12-19 18:39:59,110 [12d62a03-33f5-4ac8-ab31-68f2c1a01619@group-0837F8C12971-LeaderElection27] INFO  impl.LeaderElection (LeaderElection.java:askForVotes(314)) - 12d62a03-33f5-4ac8-ab31-68f2c1a01619@group-0837F8C12971-LeaderElection27 ELECTION round 0: result PASSED
2022-12-19 18:39:59,110 [12d62a03-33f5-4ac8-ab31-68f2c1a01619@group-0837F8C12971-LeaderElection27] INFO  impl.RoleInfo (RoleInfo.java:shutdownLeaderElection(130)) - 12d62a03-33f5-4ac8-ab31-68f2c1a01619: shutdown 12d62a03-33f5-4ac8-ab31-68f2c1a01619@group-0837F8C12971-LeaderElection27
2022-12-19 18:39:59,110 [12d62a03-33f5-4ac8-ab31-68f2c1a01619@group-0837F8C12971-LeaderElection27] INFO  server.RaftServer$Division (RaftServerImpl.java:setRole(321)) - 12d62a03-33f5-4ac8-ab31-68f2c1a01619@group-0837F8C12971: changes role from CANDIDATE to LEADER at term 2 for changeToLeader
2022-12-19 18:39:59,110 [12d62a03-33f5-4ac8-ab31-68f2c1a01619@group-0837F8C12971-LeaderElection27] INFO  ratis.XceiverServerRatis (XceiverServerRatis.java:handleLeaderChangedNotification(904)) - Leader change notification received for group: group-0837F8C12971 with new leaderId: 12d62a03-33f5-4ac8-ab31-68f2c1a01619
2022-12-19 18:39:59,110 [12d62a03-33f5-4ac8-ab31-68f2c1a01619@group-0837F8C12971-LeaderElection27] INFO  server.RaftServer$Division (ServerState.java:setLeader(313)) - 12d62a03-33f5-4ac8-ab31-68f2c1a01619@group-0837F8C12971: change Leader from null to 12d62a03-33f5-4ac8-ab31-68f2c1a01619 at term 2 for becomeLeader, leader elected after 10238ms
2022-12-19 18:39:59,110 [12d62a03-33f5-4ac8-ab31-68f2c1a01619@group-0837F8C12971-LeaderElection27] INFO  server.RaftServerConfigKeys (ConfUtils.java:logGet(46)) - raft.server.staging.catchup.gap = 1000 (default)
2022-12-19 18:39:59,110 [12d62a03-33f5-4ac8-ab31-68f2c1a01619@group-0837F8C12971-LeaderElection27] INFO  server.RaftServerConfigKeys (ConfUtils.java:logGet(46)) - raft.server.write.element-limit = 1024 (custom)
2022-12-19 18:39:59,110 [12d62a03-33f5-4ac8-ab31-68f2c1a01619@group-0837F8C12971-LeaderElection27] INFO  server.RaftServerConfigKeys (ConfUtils.java:logGet(46)) - raft.server.write.byte-limit = 1024 M (=1073741824) (custom)
2022-12-19 18:39:59,110 [12d62a03-33f5-4ac8-ab31-68f2c1a01619@group-0837F8C12971-LeaderElection27] INFO  server.RaftServerConfigKeys (ConfUtils.java:logGet(46)) - raft.server.watch.timeout = 180s (custom)
2022-12-19 18:39:59,110 [12d62a03-33f5-4ac8-ab31-68f2c1a01619@group-0837F8C12971-LeaderElection27] INFO  server.RaftServerConfigKeys (ConfUtils.java:logGet(46)) - raft.server.watch.timeout.denomination = 1s (default)
2022-12-19 18:39:59,110 [12d62a03-33f5-4ac8-ab31-68f2c1a01619@group-0837F8C12971-LeaderElection27] INFO  server.RaftServerConfigKeys (ConfUtils.java:logGet(46)) - raft.server.watch.element-limit = 65536 (default)
2022-12-19 18:39:59,111 [12d62a03-33f5-4ac8-ab31-68f2c1a01619@group-0837F8C12971-LeaderElection27] INFO  server.RaftServerConfigKeys (ConfUtils.java:logGet(46)) - raft.server.write.element-limit = 1024 (custom)
2022-12-19 18:39:59,111 [12d62a03-33f5-4ac8-ab31-68f2c1a01619@group-0837F8C12971-LeaderElection27] INFO  server.RaftServerConfigKeys (ConfUtils.java:logGet(46)) - raft.server.write.follower.gap.ratio.max = -1.0 (default)
2022-12-19 18:39:59,111 [12d62a03-33f5-4ac8-ab31-68f2c1a01619@group-0837F8C12971-LeaderElection27] INFO  server.RaftServerConfigKeys (ConfUtils.java:logGet(46)) - raft.server.log.appender.snapshot.chunk.size.max = 16MB (=16777216) (default)
2022-12-19 18:39:59,111 [12d62a03-33f5-4ac8-ab31-68f2c1a01619@group-0837F8C12971-LeaderElection27] INFO  server.RaftServerConfigKeys (ConfUtils.java:logGet(46)) - raft.server.log.appender.buffer.byte-limit = 33554432 (custom)
2022-12-19 18:39:59,111 [12d62a03-33f5-4ac8-ab31-68f2c1a01619@group-0837F8C12971-LeaderElection27] INFO  server.RaftServerConfigKeys (ConfUtils.java:logGet(46)) - raft.server.log.appender.buffer.element-limit = 1 (custom)
2022-12-19 18:39:59,111 [12d62a03-33f5-4ac8-ab31-68f2c1a01619@group-0837F8C12971-LeaderElection27] INFO  grpc.GrpcConfigKeys (ConfUtils.java:logGet(46)) - raft.grpc.server.leader.outstanding.appends.max = 128 (default)
2022-12-19 18:39:59,112 [12d62a03-33f5-4ac8-ab31-68f2c1a01619@group-0837F8C12971-LeaderElection27] INFO  server.RaftServerConfigKeys (ConfUtils.java:logGet(46)) - raft.server.rpc.request.timeout = 60s (custom)
2022-12-19 18:39:59,112 [12d62a03-33f5-4ac8-ab31-68f2c1a01619@group-0837F8C12971-LeaderElection27] INFO  server.RaftServerConfigKeys (ConfUtils.java:logGet(46)) - raft.server.log.appender.install.snapshot.enabled = false (custom)
2022-12-19 18:39:59,112 [12d62a03-33f5-4ac8-ab31-68f2c1a01619@group-0837F8C12971-LeaderElection27] INFO  grpc.GrpcConfigKeys (ConfUtils.java:logGet(46)) - raft.grpc.server.heartbeat.channel = true (default)
2022-12-19 18:39:59,112 [12d62a03-33f5-4ac8-ab31-68f2c1a01619@group-0837F8C12971-LeaderElection27] INFO  server.RaftServerConfigKeys (ConfUtils.java:logGet(46)) - raft.server.log.appender.wait-time.min = 10ms (default)
2022-12-19 18:39:59,113 [EventQueue-CommandQueueReportForCommandQueueReportHandler] WARN  events.EventQueue (EventQueue.java:fireEvent(216)) - No event handler registered for event TypedEvent{payloadType=DatanodeDetails, name='Datanode_Command_Queue_Updated'}
2022-12-19 18:39:59,113 [EventQueue-PipelineReportForPipelineReportHandler] INFO  pipeline.PipelineManagerImpl (PipelineManagerImpl.java:openPipeline(367)) - Pipeline Pipeline[ Id: 2b906007-ef20-4957-b68f-0837f8c12971, Nodes: 12d62a03-33f5-4ac8-ab31-68f2c1a01619{ip: 10.1.0.24, host: fv-az353-760.tkyx2seitsuu3nmpmouz2httfb.bx.internal.cloudapp.net, ports: [REPLICATION=43975, RATIS=44073, RATIS_ADMIN=44073, RATIS_SERVER=44073, RATIS_DATASTREAM=40631, STANDALONE=41093], networkLocation: /default-rack, certSerialId: null, persistedOpState: IN_SERVICE, persistedOpStateExpiryEpochSec: 0}daa36c1e-9cf4-4c94-819a-0a52a71ceb67{ip: 10.1.0.24, host: fv-az353-760.tkyx2seitsuu3nmpmouz2httfb.bx.internal.cloudapp.net, ports: [REPLICATION=38333, RATIS=37077, RATIS_ADMIN=37077, RATIS_SERVER=37077, RATIS_DATASTREAM=39585, STANDALONE=44229], networkLocation: /default-rack, certSerialId: null, persistedOpState: IN_SERVICE, persistedOpStateExpiryEpochSec: 0}bb729a89-1f9d-479b-ba94-fb09a3e8e4eb{ip: 10.1.0.24, host: fv-az353-760.tkyx2seitsuu3nmpmouz2httfb.bx.internal.cloudapp.net, ports: [REPLICATION=41589, RATIS=38595, RATIS_ADMIN=38595, RATIS_SERVER=38595, RATIS_DATASTREAM=37531, STANDALONE=36943], networkLocation: /default-rack, certSerialId: null, persistedOpState: IN_SERVICE, persistedOpStateExpiryEpochSec: 0}, ReplicationConfig: RATIS/THREE, State:ALLOCATED, leaderId:12d62a03-33f5-4ac8-ab31-68f2c1a01619, CreationTimestamp2022-12-19T18:39:46.452Z[Etc/UTC]] moved to OPEN state
2022-12-19 18:39:59,114 [12d62a03-33f5-4ac8-ab31-68f2c1a01619@group-0837F8C12971-LeaderElection27] INFO  server.RaftServerConfigKeys (ConfUtils.java:logGet(46)) - raft.server.log.appender.snapshot.chunk.size.max = 16MB (=16777216) (default)
2022-12-19 18:39:59,115 [12d62a03-33f5-4ac8-ab31-68f2c1a01619@group-0837F8C12971-LeaderElection27] INFO  server.RaftServerConfigKeys (ConfUtils.java:logGet(46)) - raft.server.log.appender.buffer.byte-limit = 33554432 (custom)
2022-12-19 18:39:59,115 [12d62a03-33f5-4ac8-ab31-68f2c1a01619@group-0837F8C12971-LeaderElection27] INFO  server.RaftServerConfigKeys (ConfUtils.java:logGet(46)) - raft.server.log.appender.buffer.element-limit = 1 (custom)
2022-12-19 18:39:59,115 [12d62a03-33f5-4ac8-ab31-68f2c1a01619@group-0837F8C12971-LeaderElection27] INFO  grpc.GrpcConfigKeys (ConfUtils.java:logGet(46)) - raft.grpc.server.leader.outstanding.appends.max = 128 (default)
2022-12-19 18:39:59,115 [12d62a03-33f5-4ac8-ab31-68f2c1a01619@group-0837F8C12971-LeaderElection27] INFO  server.RaftServerConfigKeys (ConfUtils.java:logGet(46)) - raft.server.rpc.request.timeout = 60s (custom)
2022-12-19 18:39:59,115 [12d62a03-33f5-4ac8-ab31-68f2c1a01619@group-0837F8C12971-LeaderElection27] INFO  server.RaftServerConfigKeys (ConfUtils.java:logGet(46)) - raft.server.log.appender.install.snapshot.enabled = false (custom)
2022-12-19 18:39:59,115 [12d62a03-33f5-4ac8-ab31-68f2c1a01619@group-0837F8C12971-LeaderElection27] INFO  grpc.GrpcConfigKeys (ConfUtils.java:logGet(46)) - raft.grpc.server.heartbeat.channel = true (default)
2022-12-19 18:39:59,115 [12d62a03-33f5-4ac8-ab31-68f2c1a01619@group-0837F8C12971-LeaderElection27] INFO  server.RaftServerConfigKeys (ConfUtils.java:logGet(46)) - raft.server.log.appender.wait-time.min = 10ms (default)
2022-12-19 18:39:59,115 [12d62a03-33f5-4ac8-ab31-68f2c1a01619@group-0837F8C12971-LeaderElection27] INFO  impl.RoleInfo (RoleInfo.java:updateAndGet(139)) - 12d62a03-33f5-4ac8-ab31-68f2c1a01619: start 12d62a03-33f5-4ac8-ab31-68f2c1a01619@group-0837F8C12971-LeaderStateImpl
2022-12-19 18:39:59,115 [12d62a03-33f5-4ac8-ab31-68f2c1a01619@group-0837F8C12971-LeaderElection27] INFO  segmented.SegmentedRaftLogWorker (SegmentedRaftLogWorker.java:startLogSegment(452)) - 12d62a03-33f5-4ac8-ab31-68f2c1a01619@group-0837F8C12971-SegmentedRaftLogWorker: Starting segment from index:0
2022-12-19 18:39:59,116 [12d62a03-33f5-4ac8-ab31-68f2c1a01619@group-0837F8C12971-SegmentedRaftLogWorker] INFO  segmented.SegmentedRaftLogWorker (SegmentedRaftLogWorker.java:execute(656)) - 12d62a03-33f5-4ac8-ab31-68f2c1a01619@group-0837F8C12971-SegmentedRaftLogWorker: created new log segment /home/runner/work/ozone/ozone/hadoop-ozone/integration-test/target/test-dir/MiniOzoneClusterImpl-5ce33d81-cd12-4481-bdd0-3091a3c691f6/datanode-2/data/ratis/2b906007-ef20-4957-b68f-0837f8c12971/current/log_inprogress_0
2022-12-19 18:39:59,124 [12d62a03-33f5-4ac8-ab31-68f2c1a01619@group-0837F8C12971-LeaderElection27] INFO  server.RaftServer$Division (ServerState.java:setRaftConf(430)) - 12d62a03-33f5-4ac8-ab31-68f2c1a01619@group-0837F8C12971: set configuration 0: peers:[daa36c1e-9cf4-4c94-819a-0a52a71ceb67|rpc:10.1.0.24:37077|dataStream:10.1.0.24:39585|priority:0|startupRole:FOLLOWER, bb729a89-1f9d-479b-ba94-fb09a3e8e4eb|rpc:10.1.0.24:38595|dataStream:10.1.0.24:37531|priority:0|startupRole:FOLLOWER, 12d62a03-33f5-4ac8-ab31-68f2c1a01619|rpc:10.1.0.24:44073|dataStream:10.1.0.24:40631|priority:1|startupRole:FOLLOWER]|listeners:[], old=null
2022-12-19 18:39:59,126 [daa36c1e-9cf4-4c94-819a-0a52a71ceb67-server-thread2] INFO  ratis.XceiverServerRatis (XceiverServerRatis.java:handleLeaderChangedNotification(904)) - Leader change notification received for group: group-0837F8C12971 with new leaderId: 12d62a03-33f5-4ac8-ab31-68f2c1a01619
2022-12-19 18:39:59,126 [daa36c1e-9cf4-4c94-819a-0a52a71ceb67-server-thread2] INFO  server.RaftServer$Division (ServerState.java:setLeader(313)) - daa36c1e-9cf4-4c94-819a-0a52a71ceb67@group-0837F8C12971: change Leader from null to 12d62a03-33f5-4ac8-ab31-68f2c1a01619 at term 2 for appendEntries, leader elected after 10286ms
2022-12-19 18:39:59,133 [daa36c1e-9cf4-4c94-819a-0a52a71ceb67-server-thread1] INFO  server.RaftServer$Division (ServerState.java:setRaftConf(430)) - daa36c1e-9cf4-4c94-819a-0a52a71ceb67@group-0837F8C12971: set configuration 0: peers:[daa36c1e-9cf4-4c94-819a-0a52a71ceb67|rpc:10.1.0.24:37077|dataStream:10.1.0.24:39585|priority:0|startupRole:FOLLOWER, bb729a89-1f9d-479b-ba94-fb09a3e8e4eb|rpc:10.1.0.24:38595|dataStream:10.1.0.24:37531|priority:0|startupRole:FOLLOWER, 12d62a03-33f5-4ac8-ab31-68f2c1a01619|rpc:10.1.0.24:44073|dataStream:10.1.0.24:40631|priority:1|startupRole:FOLLOWER]|listeners:[], old=null
2022-12-19 18:39:59,133 [daa36c1e-9cf4-4c94-819a-0a52a71ceb67-server-thread1] INFO  segmented.SegmentedRaftLogWorker (SegmentedRaftLogWorker.java:startLogSegment(452)) - daa36c1e-9cf4-4c94-819a-0a52a71ceb67@group-0837F8C12971-SegmentedRaftLogWorker: Starting segment from index:0
2022-12-19 18:39:59,135 [bb729a89-1f9d-479b-ba94-fb09a3e8e4eb-server-thread1] INFO  ratis.XceiverServerRatis (XceiverServerRatis.java:handleLeaderChangedNotification(904)) - Leader change notification received for group: group-0837F8C12971 with new leaderId: 12d62a03-33f5-4ac8-ab31-68f2c1a01619
2022-12-19 18:39:59,135 [bb729a89-1f9d-479b-ba94-fb09a3e8e4eb-server-thread1] INFO  server.RaftServer$Division (ServerState.java:setLeader(313)) - bb729a89-1f9d-479b-ba94-fb09a3e8e4eb@group-0837F8C12971: change Leader from null to 12d62a03-33f5-4ac8-ab31-68f2c1a01619 at term 2 for appendEntries, leader elected after 10233ms
2022-12-19 18:39:59,136 [daa36c1e-9cf4-4c94-819a-0a52a71ceb67@group-0837F8C12971-SegmentedRaftLogWorker] INFO  segmented.SegmentedRaftLogWorker (SegmentedRaftLogWorker.java:execute(656)) - daa36c1e-9cf4-4c94-819a-0a52a71ceb67@group-0837F8C12971-SegmentedRaftLogWorker: created new log segment /home/runner/work/ozone/ozone/hadoop-ozone/integration-test/target/test-dir/MiniOzoneClusterImpl-5ce33d81-cd12-4481-bdd0-3091a3c691f6/datanode-0/data/ratis/2b906007-ef20-4957-b68f-0837f8c12971/current/log_inprogress_0
2022-12-19 18:39:59,141 [bb729a89-1f9d-479b-ba94-fb09a3e8e4eb@group-36058ED0B8A3-FollowerState] INFO  impl.FollowerState (FollowerState.java:run(143)) - bb729a89-1f9d-479b-ba94-fb09a3e8e4eb@group-36058ED0B8A3-FollowerState: change to CANDIDATE, lastRpcElapsedTime:5139816183ns, electionTimeout:5130ms
2022-12-19 18:39:59,141 [bb729a89-1f9d-479b-ba94-fb09a3e8e4eb@group-36058ED0B8A3-FollowerState] INFO  impl.RoleInfo (RoleInfo.java:shutdownFollowerState(110)) - bb729a89-1f9d-479b-ba94-fb09a3e8e4eb: shutdown bb729a89-1f9d-479b-ba94-fb09a3e8e4eb@group-36058ED0B8A3-FollowerState
2022-12-19 18:39:59,141 [bb729a89-1f9d-479b-ba94-fb09a3e8e4eb@group-36058ED0B8A3-FollowerState] INFO  server.RaftServer$Division (RaftServerImpl.java:setRole(321)) - bb729a89-1f9d-479b-ba94-fb09a3e8e4eb@group-36058ED0B8A3: changes role from  FOLLOWER to CANDIDATE at term 1 for changeToCandidate
2022-12-19 18:39:59,141 [bb729a89-1f9d-479b-ba94-fb09a3e8e4eb@group-36058ED0B8A3-FollowerState] INFO  server.RaftServerConfigKeys (ConfUtils.java:logGet(46)) - raft.server.leaderelection.pre-vote = false (custom)
2022-12-19 18:39:59,141 [bb729a89-1f9d-479b-ba94-fb09a3e8e4eb@group-36058ED0B8A3-FollowerState] INFO  impl.RoleInfo (RoleInfo.java:updateAndGet(139)) - bb729a89-1f9d-479b-ba94-fb09a3e8e4eb: start bb729a89-1f9d-479b-ba94-fb09a3e8e4eb@group-36058ED0B8A3-LeaderElection28
2022-12-19 18:39:59,142 [bb729a89-1f9d-479b-ba94-fb09a3e8e4eb-server-thread2] INFO  server.RaftServer$Division (ServerState.java:setRaftConf(430)) - bb729a89-1f9d-479b-ba94-fb09a3e8e4eb@group-0837F8C12971: set configuration 0: peers:[daa36c1e-9cf4-4c94-819a-0a52a71ceb67|rpc:10.1.0.24:37077|dataStream:10.1.0.24:39585|priority:0|startupRole:FOLLOWER, bb729a89-1f9d-479b-ba94-fb09a3e8e4eb|rpc:10.1.0.24:38595|dataStream:10.1.0.24:37531|priority:0|startupRole:FOLLOWER, 12d62a03-33f5-4ac8-ab31-68f2c1a01619|rpc:10.1.0.24:44073|dataStream:10.1.0.24:40631|priority:1|startupRole:FOLLOWER]|listeners:[], old=null
2022-12-19 18:39:59,142 [bb729a89-1f9d-479b-ba94-fb09a3e8e4eb-server-thread2] INFO  segmented.SegmentedRaftLogWorker (SegmentedRaftLogWorker.java:startLogSegment(452)) - bb729a89-1f9d-479b-ba94-fb09a3e8e4eb@group-0837F8C12971-SegmentedRaftLogWorker: Starting segment from index:0
2022-12-19 18:39:59,143 [bb729a89-1f9d-479b-ba94-fb09a3e8e4eb@group-0837F8C12971-SegmentedRaftLogWorker] INFO  segmented.SegmentedRaftLogWorker (SegmentedRaftLogWorker.java:execute(656)) - bb729a89-1f9d-479b-ba94-fb09a3e8e4eb@group-0837F8C12971-SegmentedRaftLogWorker: created new log segment /home/runner/work/ozone/ozone/hadoop-ozone/integration-test/target/test-dir/MiniOzoneClusterImpl-5ce33d81-cd12-4481-bdd0-3091a3c691f6/datanode-1/data/ratis/2b906007-ef20-4957-b68f-0837f8c12971/current/log_inprogress_0
2022-12-19 18:39:59,144 [bb729a89-1f9d-479b-ba94-fb09a3e8e4eb@group-36058ED0B8A3-LeaderElection28] INFO  impl.LeaderElection (LeaderElection.java:askForVotes(312)) - bb729a89-1f9d-479b-ba94-fb09a3e8e4eb@group-36058ED0B8A3-LeaderElection28 ELECTION round 0: submit vote requests at term 2 for -1: peers:[daa36c1e-9cf4-4c94-819a-0a52a71ceb67|rpc:10.1.0.24:37077|dataStream:10.1.0.24:39585|priority:0|startupRole:FOLLOWER, bb729a89-1f9d-479b-ba94-fb09a3e8e4eb|rpc:10.1.0.24:38595|dataStream:10.1.0.24:37531|priority:1|startupRole:FOLLOWER, 12d62a03-33f5-4ac8-ab31-68f2c1a01619|rpc:10.1.0.24:44073|dataStream:10.1.0.24:40631|priority:0|startupRole:FOLLOWER]|listeners:[], old=null
2022-12-19 18:39:59,144 [bb729a89-1f9d-479b-ba94-fb09a3e8e4eb@group-36058ED0B8A3-LeaderElection28-1] INFO  server.GrpcServerProtocolClient (GrpcServerProtocolClient.java:<init>(63)) - Build channel for daa36c1e-9cf4-4c94-819a-0a52a71ceb67
2022-12-19 18:39:59,147 [bb729a89-1f9d-479b-ba94-fb09a3e8e4eb@group-36058ED0B8A3-LeaderElection28] INFO  server.RaftServerConfigKeys (ConfUtils.java:logFallback(53)) - raft.server.rpc.first-election.timeout.min = 5s (fallback to raft.server.rpc.timeout.min)
2022-12-19 18:39:59,147 [bb729a89-1f9d-479b-ba94-fb09a3e8e4eb@group-36058ED0B8A3-LeaderElection28] INFO  server.RaftServerConfigKeys (ConfUtils.java:logFallback(53)) - raft.server.rpc.first-election.timeout.max = 5200ms (fallback to raft.server.rpc.timeout.max)
2022-12-19 18:39:59,147 [bb729a89-1f9d-479b-ba94-fb09a3e8e4eb@group-36058ED0B8A3-LeaderElection28-2] INFO  server.GrpcServerProtocolClient (GrpcServerProtocolClient.java:<init>(63)) - Build channel for 12d62a03-33f5-4ac8-ab31-68f2c1a01619
2022-12-19 18:39:59,150 [12d62a03-33f5-4ac8-ab31-68f2c1a01619@group-36058ED0B8A3-FollowerState] INFO  server.RaftServerConfigKeys (ConfUtils.java:logFallback(53)) - raft.server.rpc.first-election.timeout.min = 5s (fallback to raft.server.rpc.timeout.min)
2022-12-19 18:39:59,150 [12d62a03-33f5-4ac8-ab31-68f2c1a01619@group-36058ED0B8A3-FollowerState] INFO  server.RaftServerConfigKeys (ConfUtils.java:logFallback(53)) - raft.server.rpc.first-election.timeout.max = 5200ms (fallback to raft.server.rpc.timeout.max)
2022-12-19 18:39:59,157 [grpc-default-executor-3] INFO  server.RaftServer$Division (RaftServerImpl.java:requestVote(1218)) - daa36c1e-9cf4-4c94-819a-0a52a71ceb67@group-36058ED0B8A3: receive requestVote(ELECTION, bb729a89-1f9d-479b-ba94-fb09a3e8e4eb, group-36058ED0B8A3, 2, (t:0, i:0))
2022-12-19 18:39:59,157 [grpc-default-executor-3] INFO  impl.VoteContext (VoteContext.java:log(49)) - daa36c1e-9cf4-4c94-819a-0a52a71ceb67@group-36058ED0B8A3-FOLLOWER: accept ELECTION from bb729a89-1f9d-479b-ba94-fb09a3e8e4eb: our priority 0 <= candidate's priority 1
2022-12-19 18:39:59,157 [grpc-default-executor-3] INFO  server.RaftServer$Division (RaftServerImpl.java:setRole(321)) - daa36c1e-9cf4-4c94-819a-0a52a71ceb67@group-36058ED0B8A3: changes role from  FOLLOWER to FOLLOWER at term 2 for candidate:bb729a89-1f9d-479b-ba94-fb09a3e8e4eb
2022-12-19 18:39:59,157 [grpc-default-executor-3] INFO  impl.RoleInfo (RoleInfo.java:shutdownFollowerState(110)) - daa36c1e-9cf4-4c94-819a-0a52a71ceb67: shutdown daa36c1e-9cf4-4c94-819a-0a52a71ceb67@group-36058ED0B8A3-FollowerState
2022-12-19 18:39:59,157 [grpc-default-executor-3] INFO  impl.RoleInfo (RoleInfo.java:updateAndGet(139)) - daa36c1e-9cf4-4c94-819a-0a52a71ceb67: start daa36c1e-9cf4-4c94-819a-0a52a71ceb67@group-36058ED0B8A3-FollowerState
2022-12-19 18:39:59,157 [daa36c1e-9cf4-4c94-819a-0a52a71ceb67@group-36058ED0B8A3-FollowerState] INFO  impl.FollowerState (FollowerState.java:run(152)) - daa36c1e-9cf4-4c94-819a-0a52a71ceb67@group-36058ED0B8A3-FollowerState was interrupted
2022-12-19 18:39:59,159 [daa36c1e-9cf4-4c94-819a-0a52a71ceb67@group-36058ED0B8A3-FollowerState] INFO  server.RaftServerConfigKeys (ConfUtils.java:logFallback(53)) - raft.server.rpc.first-election.timeout.min = 5s (fallback to raft.server.rpc.timeout.min)
2022-12-19 18:39:59,159 [daa36c1e-9cf4-4c94-819a-0a52a71ceb67@group-36058ED0B8A3-FollowerState] INFO  server.RaftServerConfigKeys (ConfUtils.java:logFallback(53)) - raft.server.rpc.first-election.timeout.max = 5200ms (fallback to raft.server.rpc.timeout.max)
2022-12-19 18:39:59,160 [grpc-default-executor-3] INFO  server.RaftServer$Division (RaftServerImpl.java:requestVote(1251)) - daa36c1e-9cf4-4c94-819a-0a52a71ceb67@group-36058ED0B8A3 replies to ELECTION vote request: bb729a89-1f9d-479b-ba94-fb09a3e8e4eb<-daa36c1e-9cf4-4c94-819a-0a52a71ceb67#0:OK-t2. Peer's state: daa36c1e-9cf4-4c94-819a-0a52a71ceb67@group-36058ED0B8A3:t2, leader=null, voted=bb729a89-1f9d-479b-ba94-fb09a3e8e4eb, raftlog=Memoized:daa36c1e-9cf4-4c94-819a-0a52a71ceb67@group-36058ED0B8A3-SegmentedRaftLog:OPENED:c-1, conf=-1: peers:[daa36c1e-9cf4-4c94-819a-0a52a71ceb67|rpc:10.1.0.24:37077|dataStream:10.1.0.24:39585|priority:0|startupRole:FOLLOWER, bb729a89-1f9d-479b-ba94-fb09a3e8e4eb|rpc:10.1.0.24:38595|dataStream:10.1.0.24:37531|priority:1|startupRole:FOLLOWER, 12d62a03-33f5-4ac8-ab31-68f2c1a01619|rpc:10.1.0.24:44073|dataStream:10.1.0.24:40631|priority:0|startupRole:FOLLOWER]|listeners:[], old=null
2022-12-19 18:39:59,161 [grpc-default-executor-7] INFO  server.RaftServer$Division (RaftServerImpl.java:requestVote(1218)) - 12d62a03-33f5-4ac8-ab31-68f2c1a01619@group-36058ED0B8A3: receive requestVote(ELECTION, bb729a89-1f9d-479b-ba94-fb09a3e8e4eb, group-36058ED0B8A3, 2, (t:0, i:0))
2022-12-19 18:39:59,161 [grpc-default-executor-7] INFO  impl.VoteContext (VoteContext.java:log(49)) - 12d62a03-33f5-4ac8-ab31-68f2c1a01619@group-36058ED0B8A3-FOLLOWER: accept ELECTION from bb729a89-1f9d-479b-ba94-fb09a3e8e4eb: our priority 0 <= candidate's priority 1
2022-12-19 18:39:59,161 [grpc-default-executor-7] INFO  server.RaftServer$Division (RaftServerImpl.java:setRole(321)) - 12d62a03-33f5-4ac8-ab31-68f2c1a01619@group-36058ED0B8A3: changes role from  FOLLOWER to FOLLOWER at term 2 for candidate:bb729a89-1f9d-479b-ba94-fb09a3e8e4eb
2022-12-19 18:39:59,161 [grpc-default-executor-7] INFO  impl.RoleInfo (RoleInfo.java:shutdownFollowerState(110)) - 12d62a03-33f5-4ac8-ab31-68f2c1a01619: shutdown 12d62a03-33f5-4ac8-ab31-68f2c1a01619@group-36058ED0B8A3-FollowerState
2022-12-19 18:39:59,162 [grpc-default-executor-7] INFO  impl.RoleInfo (RoleInfo.java:updateAndGet(139)) - 12d62a03-33f5-4ac8-ab31-68f2c1a01619: start 12d62a03-33f5-4ac8-ab31-68f2c1a01619@group-36058ED0B8A3-FollowerState
2022-12-19 18:39:59,162 [12d62a03-33f5-4ac8-ab31-68f2c1a01619@group-36058ED0B8A3-FollowerState] INFO  impl.FollowerState (FollowerState.java:run(152)) - 12d62a03-33f5-4ac8-ab31-68f2c1a01619@group-36058ED0B8A3-FollowerState was interrupted
2022-12-19 18:39:59,165 [12d62a03-33f5-4ac8-ab31-68f2c1a01619@group-36058ED0B8A3-FollowerState] INFO  server.RaftServerConfigKeys (ConfUtils.java:logFallback(53)) - raft.server.rpc.first-election.timeout.min = 5s (fallback to raft.server.rpc.timeout.min)
2022-12-19 18:39:59,165 [grpc-default-executor-7] INFO  server.RaftServer$Division (RaftServerImpl.java:requestVote(1251)) - 12d62a03-33f5-4ac8-ab31-68f2c1a01619@group-36058ED0B8A3 replies to ELECTION vote request: bb729a89-1f9d-479b-ba94-fb09a3e8e4eb<-12d62a03-33f5-4ac8-ab31-68f2c1a01619#0:OK-t2. Peer's state: 12d62a03-33f5-4ac8-ab31-68f2c1a01619@group-36058ED0B8A3:t2, leader=null, voted=bb729a89-1f9d-479b-ba94-fb09a3e8e4eb, raftlog=Memoized:12d62a03-33f5-4ac8-ab31-68f2c1a01619@group-36058ED0B8A3-SegmentedRaftLog:OPENED:c-1, conf=-1: peers:[daa36c1e-9cf4-4c94-819a-0a52a71ceb67|rpc:10.1.0.24:37077|dataStream:10.1.0.24:39585|priority:0|startupRole:FOLLOWER, bb729a89-1f9d-479b-ba94-fb09a3e8e4eb|rpc:10.1.0.24:38595|dataStream:10.1.0.24:37531|priority:1|startupRole:FOLLOWER, 12d62a03-33f5-4ac8-ab31-68f2c1a01619|rpc:10.1.0.24:44073|dataStream:10.1.0.24:40631|priority:0|startupRole:FOLLOWER]|listeners:[], old=null
2022-12-19 18:39:59,165 [bb729a89-1f9d-479b-ba94-fb09a3e8e4eb@group-36058ED0B8A3-LeaderElection28] INFO  impl.LeaderElection (LeaderElection.java:logAndReturn(90)) - bb729a89-1f9d-479b-ba94-fb09a3e8e4eb@group-36058ED0B8A3-LeaderElection28: ELECTION PASSED received 1 response(s) and 0 exception(s):
2022-12-19 18:39:59,165 [bb729a89-1f9d-479b-ba94-fb09a3e8e4eb@group-36058ED0B8A3-LeaderElection28] INFO  impl.LeaderElection (LeaderElection.java:logAndReturn(94)) -   Response 0: bb729a89-1f9d-479b-ba94-fb09a3e8e4eb<-daa36c1e-9cf4-4c94-819a-0a52a71ceb67#0:OK-t2
2022-12-19 18:39:59,165 [bb729a89-1f9d-479b-ba94-fb09a3e8e4eb@group-36058ED0B8A3-LeaderElection28] INFO  impl.LeaderElection (LeaderElection.java:askForVotes(314)) - bb729a89-1f9d-479b-ba94-fb09a3e8e4eb@group-36058ED0B8A3-LeaderElection28 ELECTION round 0: result PASSED
2022-12-19 18:39:59,165 [bb729a89-1f9d-479b-ba94-fb09a3e8e4eb@group-36058ED0B8A3-LeaderElection28] INFO  impl.RoleInfo (RoleInfo.java:shutdownLeaderElection(130)) - bb729a89-1f9d-479b-ba94-fb09a3e8e4eb: shutdown bb729a89-1f9d-479b-ba94-fb09a3e8e4eb@group-36058ED0B8A3-LeaderElection28
2022-12-19 18:39:59,165 [bb729a89-1f9d-479b-ba94-fb09a3e8e4eb@group-36058ED0B8A3-LeaderElection28] INFO  server.RaftServer$Division (RaftServerImpl.java:setRole(321)) - bb729a89-1f9d-479b-ba94-fb09a3e8e4eb@group-36058ED0B8A3: changes role from CANDIDATE to LEADER at term 2 for changeToLeader
2022-12-19 18:39:59,165 [bb729a89-1f9d-479b-ba94-fb09a3e8e4eb@group-36058ED0B8A3-LeaderElection28] INFO  ratis.XceiverServerRatis (XceiverServerRatis.java:handleLeaderChangedNotification(904)) - Leader change notification received for group: group-36058ED0B8A3 with new leaderId: bb729a89-1f9d-479b-ba94-fb09a3e8e4eb
2022-12-19 18:39:59,166 [bb729a89-1f9d-479b-ba94-fb09a3e8e4eb@group-36058ED0B8A3-LeaderElection28] INFO  server.RaftServer$Division (ServerState.java:setLeader(313)) - bb729a89-1f9d-479b-ba94-fb09a3e8e4eb@group-36058ED0B8A3: change Leader from null to bb729a89-1f9d-479b-ba94-fb09a3e8e4eb at term 2 for becomeLeader, leader elected after 10209ms
2022-12-19 18:39:59,166 [bb729a89-1f9d-479b-ba94-fb09a3e8e4eb@group-36058ED0B8A3-LeaderElection28] INFO  server.RaftServerConfigKeys (ConfUtils.java:logGet(46)) - raft.server.staging.catchup.gap = 1000 (default)
2022-12-19 18:39:59,166 [bb729a89-1f9d-479b-ba94-fb09a3e8e4eb@group-36058ED0B8A3-LeaderElection28] INFO  server.RaftServerConfigKeys (ConfUtils.java:logGet(46)) - raft.server.write.element-limit = 1024 (custom)
2022-12-19 18:39:59,166 [bb729a89-1f9d-479b-ba94-fb09a3e8e4eb@group-36058ED0B8A3-LeaderElection28] INFO  server.RaftServerConfigKeys (ConfUtils.java:logGet(46)) - raft.server.write.byte-limit = 1024 M (=1073741824) (custom)
2022-12-19 18:39:59,166 [bb729a89-1f9d-479b-ba94-fb09a3e8e4eb@group-36058ED0B8A3-LeaderElection28] INFO  server.RaftServerConfigKeys (ConfUtils.java:logGet(46)) - raft.server.watch.timeout = 180s (custom)
2022-12-19 18:39:59,166 [bb729a89-1f9d-479b-ba94-fb09a3e8e4eb@group-36058ED0B8A3-LeaderElection28] INFO  server.RaftServerConfigKeys (ConfUtils.java:logGet(46)) - raft.server.watch.timeout.denomination = 1s (default)
2022-12-19 18:39:59,166 [bb729a89-1f9d-479b-ba94-fb09a3e8e4eb@group-36058ED0B8A3-LeaderElection28] INFO  server.RaftServerConfigKeys (ConfUtils.java:logGet(46)) - raft.server.watch.element-limit = 65536 (default)
2022-12-19 18:39:59,166 [bb729a89-1f9d-479b-ba94-fb09a3e8e4eb@group-36058ED0B8A3-LeaderElection28] INFO  server.RaftServerConfigKeys (ConfUtils.java:logGet(46)) - raft.server.write.element-limit = 1024 (custom)
2022-12-19 18:39:59,165 [12d62a03-33f5-4ac8-ab31-68f2c1a01619@group-36058ED0B8A3-FollowerState] INFO  server.RaftServerConfigKeys (ConfUtils.java:logFallback(53)) - raft.server.rpc.first-election.timeout.max = 5200ms (fallback to raft.server.rpc.timeout.max)
2022-12-19 18:39:59,166 [bb729a89-1f9d-479b-ba94-fb09a3e8e4eb@group-36058ED0B8A3-LeaderElection28] INFO  server.RaftServerConfigKeys (ConfUtils.java:logGet(46)) - raft.server.write.follower.gap.ratio.max = -1.0 (default)
2022-12-19 18:39:59,167 [bb729a89-1f9d-479b-ba94-fb09a3e8e4eb@group-36058ED0B8A3-LeaderElection28] INFO  server.RaftServerConfigKeys (ConfUtils.java:logGet(46)) - raft.server.log.appender.snapshot.chunk.size.max = 16MB (=16777216) (default)
2022-12-19 18:39:59,169 [EventQueue-PipelineReportForPipelineReportHandler] INFO  pipeline.PipelineManagerImpl (PipelineManagerImpl.java:openPipeline(367)) - Pipeline Pipeline[ Id: ab9d739f-0530-43cf-bfdf-36058ed0b8a3, Nodes: bb729a89-1f9d-479b-ba94-fb09a3e8e4eb{ip: 10.1.0.24, host: fv-az353-760.tkyx2seitsuu3nmpmouz2httfb.bx.internal.cloudapp.net, ports: [REPLICATION=41589, RATIS=38595, RATIS_ADMIN=38595, RATIS_SERVER=38595, RATIS_DATASTREAM=37531, STANDALONE=36943], networkLocation: /default-rack, certSerialId: null, persistedOpState: IN_SERVICE, persistedOpStateExpiryEpochSec: 0}daa36c1e-9cf4-4c94-819a-0a52a71ceb67{ip: 10.1.0.24, host: fv-az353-760.tkyx2seitsuu3nmpmouz2httfb.bx.internal.cloudapp.net, ports: [REPLICATION=38333, RATIS=37077, RATIS_ADMIN=37077, RATIS_SERVER=37077, RATIS_DATASTREAM=39585, STANDALONE=44229], networkLocation: /default-rack, certSerialId: null, persistedOpState: IN_SERVICE, persistedOpStateExpiryEpochSec: 0}12d62a03-33f5-4ac8-ab31-68f2c1a01619{ip: 10.1.0.24, host: fv-az353-760.tkyx2seitsuu3nmpmouz2httfb.bx.internal.cloudapp.net, ports: [REPLICATION=43975, RATIS=44073, RATIS_ADMIN=44073, RATIS_SERVER=44073, RATIS_DATASTREAM=40631, STANDALONE=41093], networkLocation: /default-rack, certSerialId: null, persistedOpState: IN_SERVICE, persistedOpStateExpiryEpochSec: 0}, ReplicationConfig: RATIS/THREE, State:ALLOCATED, leaderId:bb729a89-1f9d-479b-ba94-fb09a3e8e4eb, CreationTimestamp2022-12-19T18:39:46.453Z[Etc/UTC]] moved to OPEN state
2022-12-19 18:39:59,168 [EventQueue-CommandQueueReportForCommandQueueReportHandler] WARN  events.EventQueue (EventQueue.java:fireEvent(216)) - No event handler registered for event TypedEvent{payloadType=DatanodeDetails, name='Datanode_Command_Queue_Updated'}
2022-12-19 18:39:59,169 [bb729a89-1f9d-479b-ba94-fb09a3e8e4eb@group-36058ED0B8A3-LeaderElection28] INFO  server.RaftServerConfigKeys (ConfUtils.java:logGet(46)) - raft.server.log.appender.buffer.byte-limit = 33554432 (custom)
2022-12-19 18:39:59,169 [bb729a89-1f9d-479b-ba94-fb09a3e8e4eb@group-36058ED0B8A3-LeaderElection28] INFO  server.RaftServerConfigKeys (ConfUtils.java:logGet(46)) - raft.server.log.appender.buffer.element-limit = 1 (custom)
2022-12-19 18:39:59,169 [bb729a89-1f9d-479b-ba94-fb09a3e8e4eb@group-36058ED0B8A3-LeaderElection28] INFO  grpc.GrpcConfigKeys (ConfUtils.java:logGet(46)) - raft.grpc.server.leader.outstanding.appends.max = 128 (default)
2022-12-19 18:39:59,169 [bb729a89-1f9d-479b-ba94-fb09a3e8e4eb@group-36058ED0B8A3-LeaderElection28] INFO  server.RaftServerConfigKeys (ConfUtils.java:logGet(46)) - raft.server.rpc.request.timeout = 60s (custom)
2022-12-19 18:39:59,169 [bb729a89-1f9d-479b-ba94-fb09a3e8e4eb@group-36058ED0B8A3-LeaderElection28] INFO  server.RaftServerConfigKeys (ConfUtils.java:logGet(46)) - raft.server.log.appender.install.snapshot.enabled = false (custom)
2022-12-19 18:39:59,169 [bb729a89-1f9d-479b-ba94-fb09a3e8e4eb@group-36058ED0B8A3-LeaderElection28] INFO  grpc.GrpcConfigKeys (ConfUtils.java:logGet(46)) - raft.grpc.server.heartbeat.channel = true (default)
2022-12-19 18:39:59,170 [bb729a89-1f9d-479b-ba94-fb09a3e8e4eb@group-36058ED0B8A3-LeaderElection28] INFO  server.RaftServerConfigKeys (ConfUtils.java:logGet(46)) - raft.server.log.appender.wait-time.min = 10ms (default)
2022-12-19 18:39:59,170 [bb729a89-1f9d-479b-ba94-fb09a3e8e4eb@group-36058ED0B8A3-LeaderElection28] INFO  server.RaftServerConfigKeys (ConfUtils.java:logGet(46)) - raft.server.log.appender.snapshot.chunk.size.max = 16MB (=16777216) (default)
2022-12-19 18:39:59,170 [bb729a89-1f9d-479b-ba94-fb09a3e8e4eb@group-36058ED0B8A3-LeaderElection28] INFO  server.RaftServerConfigKeys (ConfUtils.java:logGet(46)) - raft.server.log.appender.buffer.byte-limit = 33554432 (custom)
2022-12-19 18:39:59,170 [bb729a89-1f9d-479b-ba94-fb09a3e8e4eb@group-36058ED0B8A3-LeaderElection28] INFO  server.RaftServerConfigKeys (ConfUtils.java:logGet(46)) - raft.server.log.appender.buffer.element-limit = 1 (custom)
2022-12-19 18:39:59,171 [bb729a89-1f9d-479b-ba94-fb09a3e8e4eb@group-36058ED0B8A3-LeaderElection28] INFO  grpc.GrpcConfigKeys (ConfUtils.java:logGet(46)) - raft.grpc.server.leader.outstanding.appends.max = 128 (default)
2022-12-19 18:39:59,171 [bb729a89-1f9d-479b-ba94-fb09a3e8e4eb@group-36058ED0B8A3-LeaderElection28] INFO  server.RaftServerConfigKeys (ConfUtils.java:logGet(46)) - raft.server.rpc.request.timeout = 60s (custom)
2022-12-19 18:39:59,171 [bb729a89-1f9d-479b-ba94-fb09a3e8e4eb@group-36058ED0B8A3-LeaderElection28] INFO  server.RaftServerConfigKeys (ConfUtils.java:logGet(46)) - raft.server.log.appender.install.snapshot.enabled = false (custom)
2022-12-19 18:39:59,171 [bb729a89-1f9d-479b-ba94-fb09a3e8e4eb@group-36058ED0B8A3-LeaderElection28] INFO  grpc.GrpcConfigKeys (ConfUtils.java:logGet(46)) - raft.grpc.server.heartbeat.channel = true (default)
2022-12-19 18:39:59,171 [bb729a89-1f9d-479b-ba94-fb09a3e8e4eb@group-36058ED0B8A3-LeaderElection28] INFO  server.RaftServerConfigKeys (ConfUtils.java:logGet(46)) - raft.server.log.appender.wait-time.min = 10ms (default)
2022-12-19 18:39:59,171 [bb729a89-1f9d-479b-ba94-fb09a3e8e4eb@group-36058ED0B8A3-LeaderElection28] INFO  impl.RoleInfo (RoleInfo.java:updateAndGet(139)) - bb729a89-1f9d-479b-ba94-fb09a3e8e4eb: start bb729a89-1f9d-479b-ba94-fb09a3e8e4eb@group-36058ED0B8A3-LeaderStateImpl
2022-12-19 18:39:59,171 [bb729a89-1f9d-479b-ba94-fb09a3e8e4eb@group-36058ED0B8A3-LeaderElection28] INFO  segmented.SegmentedRaftLogWorker (SegmentedRaftLogWorker.java:startLogSegment(452)) - bb729a89-1f9d-479b-ba94-fb09a3e8e4eb@group-36058ED0B8A3-SegmentedRaftLogWorker: Starting segment from index:0
2022-12-19 18:39:59,172 [Listener at 127.0.0.1/39295] INFO  pipeline.PipelineManagerImpl (PipelineManagerImpl.java:closePipeline(442)) - Pipeline Pipeline[ Id: 8916cdba-4d62-42e3-999c-681fbc8f75c3, Nodes: 156d136a-08eb-462a-8e45-2bca38fc9d49{ip: 10.1.0.24, host: fv-az353-760.tkyx2seitsuu3nmpmouz2httfb.bx.internal.cloudapp.net, ports: [REPLICATION=35037, RATIS=44445, RATIS_ADMIN=44445, RATIS_SERVER=44445, RATIS_DATASTREAM=42007, STANDALONE=36571], networkLocation: /default-rack, certSerialId: null, persistedOpState: IN_SERVICE, persistedOpStateExpiryEpochSec: 0}f143390d-7c87-4621-8359-d245efaa75b3{ip: 10.1.0.24, host: fv-az353-760.tkyx2seitsuu3nmpmouz2httfb.bx.internal.cloudapp.net, ports: [REPLICATION=35055, RATIS=44783, RATIS_ADMIN=44783, RATIS_SERVER=44783, RATIS_DATASTREAM=41301, STANDALONE=41021], networkLocation: /default-rack, certSerialId: null, persistedOpState: IN_SERVICE, persistedOpStateExpiryEpochSec: 0}72a8f579-b929-42a4-a748-3b6f638fc788{ip: 10.1.0.24, host: fv-az353-760.tkyx2seitsuu3nmpmouz2httfb.bx.internal.cloudapp.net, ports: [REPLICATION=42779, RATIS=40679, RATIS_ADMIN=40679, RATIS_SERVER=40679, RATIS_DATASTREAM=37423, STANDALONE=36531], networkLocation: /default-rack, certSerialId: null, persistedOpState: IN_SERVICE, persistedOpStateExpiryEpochSec: 0}, ReplicationConfig: RATIS/THREE, State:OPEN, leaderId:156d136a-08eb-462a-8e45-2bca38fc9d49, CreationTimestamp2022-12-19T18:39:47.372Z[Etc/UTC]] moved to CLOSED state
2022-12-19 18:39:59,172 [Listener at 127.0.0.1/39295] INFO  pipeline.RatisPipelineProvider (RatisPipelineProvider.java:lambda$close$4(272)) - Send pipeline:PipelineID=8916cdba-4d62-42e3-999c-681fbc8f75c3 close command to datanode 156d136a-08eb-462a-8e45-2bca38fc9d49
2022-12-19 18:39:59,172 [Listener at 127.0.0.1/39295] INFO  pipeline.RatisPipelineProvider (RatisPipelineProvider.java:lambda$close$4(272)) - Send pipeline:PipelineID=8916cdba-4d62-42e3-999c-681fbc8f75c3 close command to datanode f143390d-7c87-4621-8359-d245efaa75b3
2022-12-19 18:39:59,172 [Listener at 127.0.0.1/39295] INFO  pipeline.RatisPipelineProvider (RatisPipelineProvider.java:lambda$close$4(272)) - Send pipeline:PipelineID=8916cdba-4d62-42e3-999c-681fbc8f75c3 close command to datanode 72a8f579-b929-42a4-a748-3b6f638fc788
2022-12-19 18:39:59,173 [bb729a89-1f9d-479b-ba94-fb09a3e8e4eb@group-36058ED0B8A3-SegmentedRaftLogWorker] INFO  segmented.SegmentedRaftLogWorker (SegmentedRaftLogWorker.java:execute(656)) - bb729a89-1f9d-479b-ba94-fb09a3e8e4eb@group-36058ED0B8A3-SegmentedRaftLogWorker: created new log segment /home/runner/work/ozone/ozone/hadoop-ozone/integration-test/target/test-dir/MiniOzoneClusterImpl-5ce33d81-cd12-4481-bdd0-3091a3c691f6/datanode-1/data/ratis/ab9d739f-0530-43cf-bfdf-36058ed0b8a3/current/log_inprogress_0
2022-12-19 18:39:59,178 [Listener at 127.0.0.1/39295] INFO  pipeline.PipelineStateManagerImpl (PipelineStateManagerImpl.java:removePipeline(245)) - Pipeline Pipeline[ Id: 8916cdba-4d62-42e3-999c-681fbc8f75c3, Nodes: 156d136a-08eb-462a-8e45-2bca38fc9d49{ip: 10.1.0.24, host: fv-az353-760.tkyx2seitsuu3nmpmouz2httfb.bx.internal.cloudapp.net, ports: [REPLICATION=35037, RATIS=44445, RATIS_ADMIN=44445, RATIS_SERVER=44445, RATIS_DATASTREAM=42007, STANDALONE=36571], networkLocation: /default-rack, certSerialId: null, persistedOpState: IN_SERVICE, persistedOpStateExpiryEpochSec: 0}f143390d-7c87-4621-8359-d245efaa75b3{ip: 10.1.0.24, host: fv-az353-760.tkyx2seitsuu3nmpmouz2httfb.bx.internal.cloudapp.net, ports: [REPLICATION=35055, RATIS=44783, RATIS_ADMIN=44783, RATIS_SERVER=44783, RATIS_DATASTREAM=41301, STANDALONE=41021], networkLocation: /default-rack, certSerialId: null, persistedOpState: IN_SERVICE, persistedOpStateExpiryEpochSec: 0}72a8f579-b929-42a4-a748-3b6f638fc788{ip: 10.1.0.24, host: fv-az353-760.tkyx2seitsuu3nmpmouz2httfb.bx.internal.cloudapp.net, ports: [REPLICATION=42779, RATIS=40679, RATIS_ADMIN=40679, RATIS_SERVER=40679, RATIS_DATASTREAM=37423, STANDALONE=36531], networkLocation: /default-rack, certSerialId: null, persistedOpState: IN_SERVICE, persistedOpStateExpiryEpochSec: 0}, ReplicationConfig: RATIS/THREE, State:CLOSED, leaderId:156d136a-08eb-462a-8e45-2bca38fc9d49, CreationTimestamp2022-12-19T18:39:47.372Z[Etc/UTC]] removed.
2022-12-19 18:39:59,179 [Listener at 127.0.0.1/39295] INFO  pipeline.PipelineManagerImpl (PipelineManagerImpl.java:closePipeline(442)) - Pipeline Pipeline[ Id: 2b906007-ef20-4957-b68f-0837f8c12971, Nodes: 12d62a03-33f5-4ac8-ab31-68f2c1a01619{ip: 10.1.0.24, host: fv-az353-760.tkyx2seitsuu3nmpmouz2httfb.bx.internal.cloudapp.net, ports: [REPLICATION=43975, RATIS=44073, RATIS_ADMIN=44073, RATIS_SERVER=44073, RATIS_DATASTREAM=40631, STANDALONE=41093], networkLocation: /default-rack, certSerialId: null, persistedOpState: IN_SERVICE, persistedOpStateExpiryEpochSec: 0}daa36c1e-9cf4-4c94-819a-0a52a71ceb67{ip: 10.1.0.24, host: fv-az353-760.tkyx2seitsuu3nmpmouz2httfb.bx.internal.cloudapp.net, ports: [REPLICATION=38333, RATIS=37077, RATIS_ADMIN=37077, RATIS_SERVER=37077, RATIS_DATASTREAM=39585, STANDALONE=44229], networkLocation: /default-rack, certSerialId: null, persistedOpState: IN_SERVICE, persistedOpStateExpiryEpochSec: 0}bb729a89-1f9d-479b-ba94-fb09a3e8e4eb{ip: 10.1.0.24, host: fv-az353-760.tkyx2seitsuu3nmpmouz2httfb.bx.internal.cloudapp.net, ports: [REPLICATION=41589, RATIS=38595, RATIS_ADMIN=38595, RATIS_SERVER=38595, RATIS_DATASTREAM=37531, STANDALONE=36943], networkLocation: /default-rack, certSerialId: null, persistedOpState: IN_SERVICE, persistedOpStateExpiryEpochSec: 0}, ReplicationConfig: RATIS/THREE, State:OPEN, leaderId:12d62a03-33f5-4ac8-ab31-68f2c1a01619, CreationTimestamp2022-12-19T18:39:46.452Z[Etc/UTC]] moved to CLOSED state
2022-12-19 18:39:59,179 [Listener at 127.0.0.1/39295] INFO  pipeline.RatisPipelineProvider (RatisPipelineProvider.java:lambda$close$4(272)) - Send pipeline:PipelineID=2b906007-ef20-4957-b68f-0837f8c12971 close command to datanode 12d62a03-33f5-4ac8-ab31-68f2c1a01619
2022-12-19 18:39:59,179 [Listener at 127.0.0.1/39295] INFO  pipeline.RatisPipelineProvider (RatisPipelineProvider.java:lambda$close$4(272)) - Send pipeline:PipelineID=2b906007-ef20-4957-b68f-0837f8c12971 close command to datanode daa36c1e-9cf4-4c94-819a-0a52a71ceb67
2022-12-19 18:39:59,179 [Listener at 127.0.0.1/39295] INFO  pipeline.RatisPipelineProvider (RatisPipelineProvider.java:lambda$close$4(272)) - Send pipeline:PipelineID=2b906007-ef20-4957-b68f-0837f8c12971 close command to datanode bb729a89-1f9d-479b-ba94-fb09a3e8e4eb
2022-12-19 18:39:59,179 [Listener at 127.0.0.1/39295] INFO  pipeline.PipelineStateManagerImpl (PipelineStateManagerImpl.java:removePipeline(245)) - Pipeline Pipeline[ Id: 2b906007-ef20-4957-b68f-0837f8c12971, Nodes: 12d62a03-33f5-4ac8-ab31-68f2c1a01619{ip: 10.1.0.24, host: fv-az353-760.tkyx2seitsuu3nmpmouz2httfb.bx.internal.cloudapp.net, ports: [REPLICATION=43975, RATIS=44073, RATIS_ADMIN=44073, RATIS_SERVER=44073, RATIS_DATASTREAM=40631, STANDALONE=41093], networkLocation: /default-rack, certSerialId: null, persistedOpState: IN_SERVICE, persistedOpStateExpiryEpochSec: 0}daa36c1e-9cf4-4c94-819a-0a52a71ceb67{ip: 10.1.0.24, host: fv-az353-760.tkyx2seitsuu3nmpmouz2httfb.bx.internal.cloudapp.net, ports: [REPLICATION=38333, RATIS=37077, RATIS_ADMIN=37077, RATIS_SERVER=37077, RATIS_DATASTREAM=39585, STANDALONE=44229], networkLocation: /default-rack, certSerialId: null, persistedOpState: IN_SERVICE, persistedOpStateExpiryEpochSec: 0}bb729a89-1f9d-479b-ba94-fb09a3e8e4eb{ip: 10.1.0.24, host: fv-az353-760.tkyx2seitsuu3nmpmouz2httfb.bx.internal.cloudapp.net, ports: [REPLICATION=41589, RATIS=38595, RATIS_ADMIN=38595, RATIS_SERVER=38595, RATIS_DATASTREAM=37531, STANDALONE=36943], networkLocation: /default-rack, certSerialId: null, persistedOpState: IN_SERVICE, persistedOpStateExpiryEpochSec: 0}, ReplicationConfig: RATIS/THREE, State:CLOSED, leaderId:12d62a03-33f5-4ac8-ab31-68f2c1a01619, CreationTimestamp2022-12-19T18:39:46.452Z[Etc/UTC]] removed.
2022-12-19 18:39:59,180 [Listener at 127.0.0.1/39295] INFO  pipeline.PipelineManagerImpl (PipelineManagerImpl.java:closePipeline(442)) - Pipeline Pipeline[ Id: ab9d739f-0530-43cf-bfdf-36058ed0b8a3, Nodes: bb729a89-1f9d-479b-ba94-fb09a3e8e4eb{ip: 10.1.0.24, host: fv-az353-760.tkyx2seitsuu3nmpmouz2httfb.bx.internal.cloudapp.net, ports: [REPLICATION=41589, RATIS=38595, RATIS_ADMIN=38595, RATIS_SERVER=38595, RATIS_DATASTREAM=37531, STANDALONE=36943], networkLocation: /default-rack, certSerialId: null, persistedOpState: IN_SERVICE, persistedOpStateExpiryEpochSec: 0}daa36c1e-9cf4-4c94-819a-0a52a71ceb67{ip: 10.1.0.24, host: fv-az353-760.tkyx2seitsuu3nmpmouz2httfb.bx.internal.cloudapp.net, ports: [REPLICATION=38333, RATIS=37077, RATIS_ADMIN=37077, RATIS_SERVER=37077, RATIS_DATASTREAM=39585, STANDALONE=44229], networkLocation: /default-rack, certSerialId: null, persistedOpState: IN_SERVICE, persistedOpStateExpiryEpochSec: 0}12d62a03-33f5-4ac8-ab31-68f2c1a01619{ip: 10.1.0.24, host: fv-az353-760.tkyx2seitsuu3nmpmouz2httfb.bx.internal.cloudapp.net, ports: [REPLICATION=43975, RATIS=44073, RATIS_ADMIN=44073, RATIS_SERVER=44073, RATIS_DATASTREAM=40631, STANDALONE=41093], networkLocation: /default-rack, certSerialId: null, persistedOpState: IN_SERVICE, persistedOpStateExpiryEpochSec: 0}, ReplicationConfig: RATIS/THREE, State:OPEN, leaderId:bb729a89-1f9d-479b-ba94-fb09a3e8e4eb, CreationTimestamp2022-12-19T18:39:46.453Z[Etc/UTC]] moved to CLOSED state
2022-12-19 18:39:59,180 [Listener at 127.0.0.1/39295] INFO  pipeline.RatisPipelineProvider (RatisPipelineProvider.java:lambda$close$4(272)) - Send pipeline:PipelineID=ab9d739f-0530-43cf-bfdf-36058ed0b8a3 close command to datanode bb729a89-1f9d-479b-ba94-fb09a3e8e4eb
2022-12-19 18:39:59,180 [Listener at 127.0.0.1/39295] INFO  pipeline.RatisPipelineProvider (RatisPipelineProvider.java:lambda$close$4(272)) - Send pipeline:PipelineID=ab9d739f-0530-43cf-bfdf-36058ed0b8a3 close command to datanode daa36c1e-9cf4-4c94-819a-0a52a71ceb67
2022-12-19 18:39:59,180 [Listener at 127.0.0.1/39295] INFO  pipeline.RatisPipelineProvider (RatisPipelineProvider.java:lambda$close$4(272)) - Send pipeline:PipelineID=ab9d739f-0530-43cf-bfdf-36058ed0b8a3 close command to datanode 12d62a03-33f5-4ac8-ab31-68f2c1a01619
2022-12-19 18:39:59,180 [Listener at 127.0.0.1/39295] INFO  pipeline.PipelineStateManagerImpl (PipelineStateManagerImpl.java:removePipeline(245)) - Pipeline Pipeline[ Id: ab9d739f-0530-43cf-bfdf-36058ed0b8a3, Nodes: bb729a89-1f9d-479b-ba94-fb09a3e8e4eb{ip: 10.1.0.24, host: fv-az353-760.tkyx2seitsuu3nmpmouz2httfb.bx.internal.cloudapp.net, ports: [REPLICATION=41589, RATIS=38595, RATIS_ADMIN=38595, RATIS_SERVER=38595, RATIS_DATASTREAM=37531, STANDALONE=36943], networkLocation: /default-rack, certSerialId: null, persistedOpState: IN_SERVICE, persistedOpStateExpiryEpochSec: 0}daa36c1e-9cf4-4c94-819a-0a52a71ceb67{ip: 10.1.0.24, host: fv-az353-760.tkyx2seitsuu3nmpmouz2httfb.bx.internal.cloudapp.net, ports: [REPLICATION=38333, RATIS=37077, RATIS_ADMIN=37077, RATIS_SERVER=37077, RATIS_DATASTREAM=39585, STANDALONE=44229], networkLocation: /default-rack, certSerialId: null, persistedOpState: IN_SERVICE, persistedOpStateExpiryEpochSec: 0}12d62a03-33f5-4ac8-ab31-68f2c1a01619{ip: 10.1.0.24, host: fv-az353-760.tkyx2seitsuu3nmpmouz2httfb.bx.internal.cloudapp.net, ports: [REPLICATION=43975, RATIS=44073, RATIS_ADMIN=44073, RATIS_SERVER=44073, RATIS_DATASTREAM=40631, STANDALONE=41093], networkLocation: /default-rack, certSerialId: null, persistedOpState: IN_SERVICE, persistedOpStateExpiryEpochSec: 0}, ReplicationConfig: RATIS/THREE, State:CLOSED, leaderId:bb729a89-1f9d-479b-ba94-fb09a3e8e4eb, CreationTimestamp2022-12-19T18:39:46.453Z[Etc/UTC]] removed.
2022-12-19 18:39:59,188 [bb729a89-1f9d-479b-ba94-fb09a3e8e4eb@group-36058ED0B8A3-LeaderElection28] INFO  server.RaftServer$Division (ServerState.java:setRaftConf(430)) - bb729a89-1f9d-479b-ba94-fb09a3e8e4eb@group-36058ED0B8A3: set configuration 0: peers:[daa36c1e-9cf4-4c94-819a-0a52a71ceb67|rpc:10.1.0.24:37077|dataStream:10.1.0.24:39585|priority:0|startupRole:FOLLOWER, bb729a89-1f9d-479b-ba94-fb09a3e8e4eb|rpc:10.1.0.24:38595|dataStream:10.1.0.24:37531|priority:1|startupRole:FOLLOWER, 12d62a03-33f5-4ac8-ab31-68f2c1a01619|rpc:10.1.0.24:44073|dataStream:10.1.0.24:40631|priority:0|startupRole:FOLLOWER]|listeners:[], old=null
2022-12-19 18:39:59,199 [daa36c1e-9cf4-4c94-819a-0a52a71ceb67-server-thread1] INFO  ratis.XceiverServerRatis (XceiverServerRatis.java:handleLeaderChangedNotification(904)) - Leader change notification received for group: group-36058ED0B8A3 with new leaderId: bb729a89-1f9d-479b-ba94-fb09a3e8e4eb
2022-12-19 18:39:59,199 [daa36c1e-9cf4-4c94-819a-0a52a71ceb67-server-thread1] INFO  server.RaftServer$Division (ServerState.java:setLeader(313)) - daa36c1e-9cf4-4c94-819a-0a52a71ceb67@group-36058ED0B8A3: change Leader from null to bb729a89-1f9d-479b-ba94-fb09a3e8e4eb at term 2 for appendEntries, leader elected after 10267ms
2022-12-19 18:39:59,201 [12d62a03-33f5-4ac8-ab31-68f2c1a01619-server-thread1] INFO  ratis.XceiverServerRatis (XceiverServerRatis.java:handleLeaderChangedNotification(904)) - Leader change notification received for group: group-36058ED0B8A3 with new leaderId: bb729a89-1f9d-479b-ba94-fb09a3e8e4eb
2022-12-19 18:39:59,201 [12d62a03-33f5-4ac8-ab31-68f2c1a01619-server-thread1] INFO  server.RaftServer$Division (ServerState.java:setLeader(313)) - 12d62a03-33f5-4ac8-ab31-68f2c1a01619@group-36058ED0B8A3: change Leader from null to bb729a89-1f9d-479b-ba94-fb09a3e8e4eb at term 2 for appendEntries, leader elected after 10169ms
2022-12-19 18:39:59,204 [daa36c1e-9cf4-4c94-819a-0a52a71ceb67-server-thread2] INFO  server.RaftServer$Division (ServerState.java:setRaftConf(430)) - daa36c1e-9cf4-4c94-819a-0a52a71ceb67@group-36058ED0B8A3: set configuration 0: peers:[daa36c1e-9cf4-4c94-819a-0a52a71ceb67|rpc:10.1.0.24:37077|dataStream:10.1.0.24:39585|priority:0|startupRole:FOLLOWER, bb729a89-1f9d-479b-ba94-fb09a3e8e4eb|rpc:10.1.0.24:38595|dataStream:10.1.0.24:37531|priority:1|startupRole:FOLLOWER, 12d62a03-33f5-4ac8-ab31-68f2c1a01619|rpc:10.1.0.24:44073|dataStream:10.1.0.24:40631|priority:0|startupRole:FOLLOWER]|listeners:[], old=null
2022-12-19 18:39:59,205 [12d62a03-33f5-4ac8-ab31-68f2c1a01619-server-thread2] INFO  server.RaftServer$Division (ServerState.java:setRaftConf(430)) - 12d62a03-33f5-4ac8-ab31-68f2c1a01619@group-36058ED0B8A3: set configuration 0: peers:[daa36c1e-9cf4-4c94-819a-0a52a71ceb67|rpc:10.1.0.24:37077|dataStream:10.1.0.24:39585|priority:0|startupRole:FOLLOWER, bb729a89-1f9d-479b-ba94-fb09a3e8e4eb|rpc:10.1.0.24:38595|dataStream:10.1.0.24:37531|priority:1|startupRole:FOLLOWER, 12d62a03-33f5-4ac8-ab31-68f2c1a01619|rpc:10.1.0.24:44073|dataStream:10.1.0.24:40631|priority:0|startupRole:FOLLOWER]|listeners:[], old=null
2022-12-19 18:39:59,206 [12d62a03-33f5-4ac8-ab31-68f2c1a01619-server-thread2] INFO  segmented.SegmentedRaftLogWorker (SegmentedRaftLogWorker.java:startLogSegment(452)) - 12d62a03-33f5-4ac8-ab31-68f2c1a01619@group-36058ED0B8A3-SegmentedRaftLogWorker: Starting segment from index:0
2022-12-19 18:39:59,206 [daa36c1e-9cf4-4c94-819a-0a52a71ceb67-server-thread2] INFO  segmented.SegmentedRaftLogWorker (SegmentedRaftLogWorker.java:startLogSegment(452)) - daa36c1e-9cf4-4c94-819a-0a52a71ceb67@group-36058ED0B8A3-SegmentedRaftLogWorker: Starting segment from index:0
2022-12-19 18:39:59,207 [12d62a03-33f5-4ac8-ab31-68f2c1a01619@group-36058ED0B8A3-SegmentedRaftLogWorker] INFO  segmented.SegmentedRaftLogWorker (SegmentedRaftLogWorker.java:execute(656)) - 12d62a03-33f5-4ac8-ab31-68f2c1a01619@group-36058ED0B8A3-SegmentedRaftLogWorker: created new log segment /home/runner/work/ozone/ozone/hadoop-ozone/integration-test/target/test-dir/MiniOzoneClusterImpl-5ce33d81-cd12-4481-bdd0-3091a3c691f6/datanode-2/data/ratis/ab9d739f-0530-43cf-bfdf-36058ed0b8a3/current/log_inprogress_0
2022-12-19 18:39:59,208 [daa36c1e-9cf4-4c94-819a-0a52a71ceb67@group-36058ED0B8A3-SegmentedRaftLogWorker] INFO  segmented.SegmentedRaftLogWorker (SegmentedRaftLogWorker.java:execute(656)) - daa36c1e-9cf4-4c94-819a-0a52a71ceb67@group-36058ED0B8A3-SegmentedRaftLogWorker: created new log segment /home/runner/work/ozone/ozone/hadoop-ozone/integration-test/target/test-dir/MiniOzoneClusterImpl-5ce33d81-cd12-4481-bdd0-3091a3c691f6/datanode-0/data/ratis/ab9d739f-0530-43cf-bfdf-36058ed0b8a3/current/log_inprogress_0
2022-12-19 18:39:59,921 [EventQueue-CommandQueueReportForCommandQueueReportHandler] WARN  events.EventQueue (EventQueue.java:fireEvent(216)) - No event handler registered for event TypedEvent{payloadType=DatanodeDetails, name='Datanode_Command_Queue_Updated'}
2022-12-19 18:39:59,949 [EventQueue-CommandQueueReportForCommandQueueReportHandler] WARN  events.EventQueue (EventQueue.java:fireEvent(216)) - No event handler registered for event TypedEvent{payloadType=DatanodeDetails, name='Datanode_Command_Queue_Updated'}
2022-12-19 18:40:00,032 [f143390d-7c87-4621-8359-d245efaa75b3@group-1926F592E147-FollowerState] INFO  impl.FollowerState (FollowerState.java:run(143)) - f143390d-7c87-4621-8359-d245efaa75b3@group-1926F592E147-FollowerState: change to CANDIDATE, lastRpcElapsedTime:5043531271ns, electionTimeout:5041ms
2022-12-19 18:40:00,032 [f143390d-7c87-4621-8359-d245efaa75b3@group-1926F592E147-FollowerState] INFO  impl.RoleInfo (RoleInfo.java:shutdownFollowerState(110)) - f143390d-7c87-4621-8359-d245efaa75b3: shutdown f143390d-7c87-4621-8359-d245efaa75b3@group-1926F592E147-FollowerState
2022-12-19 18:40:00,032 [f143390d-7c87-4621-8359-d245efaa75b3@group-1926F592E147-FollowerState] INFO  server.RaftServer$Division (RaftServerImpl.java:setRole(321)) - f143390d-7c87-4621-8359-d245efaa75b3@group-1926F592E147: changes role from  FOLLOWER to CANDIDATE at term 1 for changeToCandidate
2022-12-19 18:40:00,032 [f143390d-7c87-4621-8359-d245efaa75b3@group-1926F592E147-FollowerState] INFO  server.RaftServerConfigKeys (ConfUtils.java:logGet(46)) - raft.server.leaderelection.pre-vote = false (custom)
2022-12-19 18:40:00,032 [f143390d-7c87-4621-8359-d245efaa75b3@group-1926F592E147-FollowerState] INFO  impl.RoleInfo (RoleInfo.java:updateAndGet(139)) - f143390d-7c87-4621-8359-d245efaa75b3: start f143390d-7c87-4621-8359-d245efaa75b3@group-1926F592E147-LeaderElection29
2022-12-19 18:40:00,038 [f143390d-7c87-4621-8359-d245efaa75b3@group-1926F592E147-LeaderElection29] INFO  impl.LeaderElection (LeaderElection.java:askForVotes(312)) - f143390d-7c87-4621-8359-d245efaa75b3@group-1926F592E147-LeaderElection29 ELECTION round 0: submit vote requests at term 2 for -1: peers:[f143390d-7c87-4621-8359-d245efaa75b3|rpc:10.1.0.24:44783|dataStream:10.1.0.24:41301|priority:0|startupRole:FOLLOWER, 156d136a-08eb-462a-8e45-2bca38fc9d49|rpc:10.1.0.24:44445|dataStream:10.1.0.24:42007|priority:0|startupRole:FOLLOWER, 72a8f579-b929-42a4-a748-3b6f638fc788|rpc:10.1.0.24:40679|dataStream:10.1.0.24:37423|priority:1|startupRole:FOLLOWER]|listeners:[], old=null
2022-12-19 18:40:00,038 [f143390d-7c87-4621-8359-d245efaa75b3@group-1926F592E147-LeaderElection29-1] INFO  server.GrpcServerProtocolClient (GrpcServerProtocolClient.java:<init>(63)) - Build channel for 156d136a-08eb-462a-8e45-2bca38fc9d49
2022-12-19 18:40:00,039 [f143390d-7c87-4621-8359-d245efaa75b3@group-1926F592E147-LeaderElection29] INFO  server.RaftServerConfigKeys (ConfUtils.java:logFallback(53)) - raft.server.rpc.first-election.timeout.min = 5s (fallback to raft.server.rpc.timeout.min)
2022-12-19 18:40:00,039 [f143390d-7c87-4621-8359-d245efaa75b3@group-1926F592E147-LeaderElection29] INFO  server.RaftServerConfigKeys (ConfUtils.java:logFallback(53)) - raft.server.rpc.first-election.timeout.max = 5200ms (fallback to raft.server.rpc.timeout.max)
2022-12-19 18:40:00,039 [f143390d-7c87-4621-8359-d245efaa75b3@group-1926F592E147-LeaderElection29-2] INFO  server.GrpcServerProtocolClient (GrpcServerProtocolClient.java:<init>(63)) - Build channel for 72a8f579-b929-42a4-a748-3b6f638fc788
2022-12-19 18:40:00,045 [grpc-default-executor-6] INFO  server.RaftServer$Division (RaftServerImpl.java:requestVote(1218)) - 156d136a-08eb-462a-8e45-2bca38fc9d49@group-1926F592E147: receive requestVote(ELECTION, f143390d-7c87-4621-8359-d245efaa75b3, group-1926F592E147, 2, (t:0, i:0))
2022-12-19 18:40:00,045 [grpc-default-executor-6] INFO  impl.VoteContext (VoteContext.java:log(49)) - 156d136a-08eb-462a-8e45-2bca38fc9d49@group-1926F592E147-FOLLOWER: accept ELECTION from f143390d-7c87-4621-8359-d245efaa75b3: our priority 0 <= candidate's priority 0
2022-12-19 18:40:00,045 [grpc-default-executor-6] INFO  server.RaftServer$Division (RaftServerImpl.java:setRole(321)) - 156d136a-08eb-462a-8e45-2bca38fc9d49@group-1926F592E147: changes role from  FOLLOWER to FOLLOWER at term 2 for candidate:f143390d-7c87-4621-8359-d245efaa75b3
2022-12-19 18:40:00,045 [grpc-default-executor-6] INFO  impl.RoleInfo (RoleInfo.java:shutdownFollowerState(110)) - 156d136a-08eb-462a-8e45-2bca38fc9d49: shutdown 156d136a-08eb-462a-8e45-2bca38fc9d49@group-1926F592E147-FollowerState
2022-12-19 18:40:00,045 [grpc-default-executor-6] INFO  impl.RoleInfo (RoleInfo.java:updateAndGet(139)) - 156d136a-08eb-462a-8e45-2bca38fc9d49: start 156d136a-08eb-462a-8e45-2bca38fc9d49@group-1926F592E147-FollowerState
2022-12-19 18:40:00,045 [156d136a-08eb-462a-8e45-2bca38fc9d49@group-1926F592E147-FollowerState] INFO  impl.FollowerState (FollowerState.java:run(152)) - 156d136a-08eb-462a-8e45-2bca38fc9d49@group-1926F592E147-FollowerState was interrupted
2022-12-19 18:40:00,048 [156d136a-08eb-462a-8e45-2bca38fc9d49@group-1926F592E147-FollowerState] INFO  server.RaftServerConfigKeys (ConfUtils.java:logFallback(53)) - raft.server.rpc.first-election.timeout.min = 5s (fallback to raft.server.rpc.timeout.min)
2022-12-19 18:40:00,048 [156d136a-08eb-462a-8e45-2bca38fc9d49@group-1926F592E147-FollowerState] INFO  server.RaftServerConfigKeys (ConfUtils.java:logFallback(53)) - raft.server.rpc.first-election.timeout.max = 5200ms (fallback to raft.server.rpc.timeout.max)
2022-12-19 18:40:00,048 [grpc-default-executor-6] INFO  server.RaftServer$Division (RaftServerImpl.java:requestVote(1251)) - 156d136a-08eb-462a-8e45-2bca38fc9d49@group-1926F592E147 replies to ELECTION vote request: f143390d-7c87-4621-8359-d245efaa75b3<-156d136a-08eb-462a-8e45-2bca38fc9d49#0:OK-t2. Peer's state: 156d136a-08eb-462a-8e45-2bca38fc9d49@group-1926F592E147:t2, leader=null, voted=f143390d-7c87-4621-8359-d245efaa75b3, raftlog=Memoized:156d136a-08eb-462a-8e45-2bca38fc9d49@group-1926F592E147-SegmentedRaftLog:OPENED:c-1, conf=-1: peers:[f143390d-7c87-4621-8359-d245efaa75b3|rpc:10.1.0.24:44783|dataStream:10.1.0.24:41301|priority:0|startupRole:FOLLOWER, 156d136a-08eb-462a-8e45-2bca38fc9d49|rpc:10.1.0.24:44445|dataStream:10.1.0.24:42007|priority:0|startupRole:FOLLOWER, 72a8f579-b929-42a4-a748-3b6f638fc788|rpc:10.1.0.24:40679|dataStream:10.1.0.24:37423|priority:1|startupRole:FOLLOWER]|listeners:[], old=null
2022-12-19 18:40:00,055 [grpc-default-executor-6] INFO  server.RaftServer$Division (RaftServerImpl.java:requestVote(1218)) - 72a8f579-b929-42a4-a748-3b6f638fc788@group-1926F592E147: receive requestVote(ELECTION, f143390d-7c87-4621-8359-d245efaa75b3, group-1926F592E147, 2, (t:0, i:0))
2022-12-19 18:40:00,056 [grpc-default-executor-6] INFO  impl.VoteContext (VoteContext.java:log(49)) - 72a8f579-b929-42a4-a748-3b6f638fc788@group-1926F592E147-FOLLOWER: reject ELECTION from f143390d-7c87-4621-8359-d245efaa75b3: our priority 1 > candidate's priority 0
2022-12-19 18:40:00,056 [grpc-default-executor-6] INFO  server.RaftServer$Division (RaftServerImpl.java:setRole(321)) - 72a8f579-b929-42a4-a748-3b6f638fc788@group-1926F592E147: changes role from  FOLLOWER to FOLLOWER at term 2 for candidate:f143390d-7c87-4621-8359-d245efaa75b3
2022-12-19 18:40:00,056 [grpc-default-executor-6] INFO  impl.RoleInfo (RoleInfo.java:shutdownFollowerState(110)) - 72a8f579-b929-42a4-a748-3b6f638fc788: shutdown 72a8f579-b929-42a4-a748-3b6f638fc788@group-1926F592E147-FollowerState
2022-12-19 18:40:00,056 [grpc-default-executor-6] INFO  impl.RoleInfo (RoleInfo.java:updateAndGet(139)) - 72a8f579-b929-42a4-a748-3b6f638fc788: start 72a8f579-b929-42a4-a748-3b6f638fc788@group-1926F592E147-FollowerState
2022-12-19 18:40:00,056 [72a8f579-b929-42a4-a748-3b6f638fc788@group-1926F592E147-FollowerState] INFO  impl.FollowerState (FollowerState.java:run(152)) - 72a8f579-b929-42a4-a748-3b6f638fc788@group-1926F592E147-FollowerState was interrupted
2022-12-19 18:40:00,057 [72a8f579-b929-42a4-a748-3b6f638fc788@group-1926F592E147-FollowerState] INFO  server.RaftServerConfigKeys (ConfUtils.java:logFallback(53)) - raft.server.rpc.first-election.timeout.min = 5s (fallback to raft.server.rpc.timeout.min)
2022-12-19 18:40:00,057 [72a8f579-b929-42a4-a748-3b6f638fc788@group-1926F592E147-FollowerState] INFO  server.RaftServerConfigKeys (ConfUtils.java:logFallback(53)) - raft.server.rpc.first-election.timeout.max = 5200ms (fallback to raft.server.rpc.timeout.max)
2022-12-19 18:40:00,057 [grpc-default-executor-6] INFO  server.RaftServer$Division (RaftServerImpl.java:requestVote(1251)) - 72a8f579-b929-42a4-a748-3b6f638fc788@group-1926F592E147 replies to ELECTION vote request: f143390d-7c87-4621-8359-d245efaa75b3<-72a8f579-b929-42a4-a748-3b6f638fc788#0:FAIL-t2. Peer's state: 72a8f579-b929-42a4-a748-3b6f638fc788@group-1926F592E147:t2, leader=null, voted=null, raftlog=Memoized:72a8f579-b929-42a4-a748-3b6f638fc788@group-1926F592E147-SegmentedRaftLog:OPENED:c-1, conf=-1: peers:[f143390d-7c87-4621-8359-d245efaa75b3|rpc:10.1.0.24:44783|dataStream:10.1.0.24:41301|priority:0|startupRole:FOLLOWER, 156d136a-08eb-462a-8e45-2bca38fc9d49|rpc:10.1.0.24:44445|dataStream:10.1.0.24:42007|priority:0|startupRole:FOLLOWER, 72a8f579-b929-42a4-a748-3b6f638fc788|rpc:10.1.0.24:40679|dataStream:10.1.0.24:37423|priority:1|startupRole:FOLLOWER]|listeners:[], old=null
2022-12-19 18:40:00,059 [f143390d-7c87-4621-8359-d245efaa75b3@group-1926F592E147-LeaderElection29] INFO  impl.LeaderElection (LeaderElection.java:logAndReturn(90)) - f143390d-7c87-4621-8359-d245efaa75b3@group-1926F592E147-LeaderElection29: ELECTION REJECTED received 2 response(s) and 0 exception(s):
2022-12-19 18:40:00,059 [f143390d-7c87-4621-8359-d245efaa75b3@group-1926F592E147-LeaderElection29] INFO  impl.LeaderElection (LeaderElection.java:logAndReturn(94)) -   Response 0: f143390d-7c87-4621-8359-d245efaa75b3<-156d136a-08eb-462a-8e45-2bca38fc9d49#0:OK-t2
2022-12-19 18:40:00,059 [f143390d-7c87-4621-8359-d245efaa75b3@group-1926F592E147-LeaderElection29] INFO  impl.LeaderElection (LeaderElection.java:logAndReturn(94)) -   Response 1: f143390d-7c87-4621-8359-d245efaa75b3<-72a8f579-b929-42a4-a748-3b6f638fc788#0:FAIL-t2
2022-12-19 18:40:00,059 [f143390d-7c87-4621-8359-d245efaa75b3@group-1926F592E147-LeaderElection29] INFO  impl.LeaderElection (LeaderElection.java:askForVotes(314)) - f143390d-7c87-4621-8359-d245efaa75b3@group-1926F592E147-LeaderElection29 ELECTION round 0: result REJECTED
2022-12-19 18:40:00,059 [f143390d-7c87-4621-8359-d245efaa75b3@group-1926F592E147-LeaderElection29] INFO  server.RaftServer$Division (RaftServerImpl.java:setRole(321)) - f143390d-7c87-4621-8359-d245efaa75b3@group-1926F592E147: changes role from CANDIDATE to FOLLOWER at term 2 for REJECTED
2022-12-19 18:40:00,059 [f143390d-7c87-4621-8359-d245efaa75b3@group-1926F592E147-LeaderElection29] INFO  impl.RoleInfo (RoleInfo.java:shutdownLeaderElection(130)) - f143390d-7c87-4621-8359-d245efaa75b3: shutdown f143390d-7c87-4621-8359-d245efaa75b3@group-1926F592E147-LeaderElection29
2022-12-19 18:40:00,059 [f143390d-7c87-4621-8359-d245efaa75b3@group-1926F592E147-LeaderElection29] INFO  impl.RoleInfo (RoleInfo.java:updateAndGet(139)) - f143390d-7c87-4621-8359-d245efaa75b3: start f143390d-7c87-4621-8359-d245efaa75b3@group-1926F592E147-FollowerState
2022-12-19 18:40:00,059 [f143390d-7c87-4621-8359-d245efaa75b3@group-1926F592E147-FollowerState] INFO  server.RaftServerConfigKeys (ConfUtils.java:logFallback(53)) - raft.server.rpc.first-election.timeout.min = 5s (fallback to raft.server.rpc.timeout.min)
2022-12-19 18:40:00,059 [f143390d-7c87-4621-8359-d245efaa75b3@group-1926F592E147-FollowerState] INFO  server.RaftServerConfigKeys (ConfUtils.java:logFallback(53)) - raft.server.rpc.first-election.timeout.max = 5200ms (fallback to raft.server.rpc.timeout.max)
2022-12-19 18:40:00,921 [Command processor thread] INFO  server.RaftServer (RaftServerProxy.java:remove(107)) - f143390d-7c87-4621-8359-d245efaa75b3: remove  FOLLOWER f143390d-7c87-4621-8359-d245efaa75b3@group-681FBC8F75C3:t1, leader=156d136a-08eb-462a-8e45-2bca38fc9d49, voted=156d136a-08eb-462a-8e45-2bca38fc9d49, raftlog=Memoized:f143390d-7c87-4621-8359-d245efaa75b3@group-681FBC8F75C3-SegmentedRaftLog:OPENED:c0, conf=0: peers:[156d136a-08eb-462a-8e45-2bca38fc9d49|rpc:10.1.0.24:44445|dataStream:10.1.0.24:42007|priority:1|startupRole:FOLLOWER, f143390d-7c87-4621-8359-d245efaa75b3|rpc:10.1.0.24:44783|dataStream:10.1.0.24:41301|priority:0|startupRole:FOLLOWER, 72a8f579-b929-42a4-a748-3b6f638fc788|rpc:10.1.0.24:40679|dataStream:10.1.0.24:37423|priority:0|startupRole:FOLLOWER]|listeners:[], old=null RUNNING
2022-12-19 18:40:00,921 [Command processor thread] INFO  server.RaftServer$Division (RaftServerImpl.java:lambda$close$4(458)) - f143390d-7c87-4621-8359-d245efaa75b3@group-681FBC8F75C3: shutdown
2022-12-19 18:40:00,921 [Command processor thread] INFO  util.JmxRegister (JmxRegister.java:unregister(73)) - Successfully un-registered JMX Bean with object name Ratis:service=RaftServer,group=group-681FBC8F75C3,id=f143390d-7c87-4621-8359-d245efaa75b3
2022-12-19 18:40:00,921 [Command processor thread] INFO  impl.RoleInfo (RoleInfo.java:shutdownFollowerState(110)) - f143390d-7c87-4621-8359-d245efaa75b3: shutdown f143390d-7c87-4621-8359-d245efaa75b3@group-681FBC8F75C3-FollowerState
2022-12-19 18:40:00,921 [Command processor thread] INFO  impl.StateMachineUpdater (StateMachineUpdater.java:stopAndJoin(153)) - f143390d-7c87-4621-8359-d245efaa75b3@group-681FBC8F75C3-StateMachineUpdater: set stopIndex = 0
2022-12-19 18:40:00,921 [f143390d-7c87-4621-8359-d245efaa75b3@group-681FBC8F75C3-FollowerState] INFO  impl.FollowerState (FollowerState.java:run(152)) - f143390d-7c87-4621-8359-d245efaa75b3@group-681FBC8F75C3-FollowerState was interrupted
2022-12-19 18:40:00,921 [f143390d-7c87-4621-8359-d245efaa75b3@group-681FBC8F75C3-StateMachineUpdater] INFO  ratis.ContainerStateMachine (ContainerStateMachine.java:takeSnapshot(308)) - group-681FBC8F75C3: Taking a snapshot at:(t:1, i:0) file /home/runner/work/ozone/ozone/hadoop-ozone/integration-test/target/test-dir/MiniOzoneClusterImpl-5ce33d81-cd12-4481-bdd0-3091a3c691f6/datanode-4/data/ratis/8916cdba-4d62-42e3-999c-681fbc8f75c3/sm/snapshot.1_0
2022-12-19 18:40:00,922 [f143390d-7c87-4621-8359-d245efaa75b3@group-681FBC8F75C3-StateMachineUpdater] INFO  ratis.ContainerStateMachine (ContainerStateMachine.java:takeSnapshot(319)) - group-681FBC8F75C3: Finished taking a snapshot at:(t:1, i:0) file:/home/runner/work/ozone/ozone/hadoop-ozone/integration-test/target/test-dir/MiniOzoneClusterImpl-5ce33d81-cd12-4481-bdd0-3091a3c691f6/datanode-4/data/ratis/8916cdba-4d62-42e3-999c-681fbc8f75c3/sm/snapshot.1_0 took: 1 ms
2022-12-19 18:40:00,923 [f143390d-7c87-4621-8359-d245efaa75b3@group-681FBC8F75C3-StateMachineUpdater] INFO  impl.StateMachineUpdater (StateMachineUpdater.java:takeSnapshot(287)) - f143390d-7c87-4621-8359-d245efaa75b3@group-681FBC8F75C3-StateMachineUpdater: Took a snapshot at index 0
2022-12-19 18:40:00,923 [f143390d-7c87-4621-8359-d245efaa75b3@group-681FBC8F75C3-StateMachineUpdater] INFO  impl.StateMachineUpdater (StateMachineUpdater.java:lambda$new$0(92)) - f143390d-7c87-4621-8359-d245efaa75b3@group-681FBC8F75C3-StateMachineUpdater: snapshotIndex: updateIncreasingly -1 -> 0
2022-12-19 18:40:00,923 [Command processor thread] INFO  server.RaftServer$Division (ServerState.java:close(466)) - f143390d-7c87-4621-8359-d245efaa75b3@group-681FBC8F75C3: closes. applyIndex: 0
2022-12-19 18:40:00,923 [f143390d-7c87-4621-8359-d245efaa75b3@group-681FBC8F75C3-SegmentedRaftLogWorker] INFO  segmented.SegmentedRaftLogWorker (SegmentedRaftLogWorker.java:run(347)) - f143390d-7c87-4621-8359-d245efaa75b3@group-681FBC8F75C3-SegmentedRaftLogWorker was interrupted, exiting. There are 0 tasks remaining in the queue.
2022-12-19 18:40:00,924 [Command processor thread] INFO  segmented.SegmentedRaftLogWorker (SegmentedRaftLogWorker.java:close(257)) - f143390d-7c87-4621-8359-d245efaa75b3@group-681FBC8F75C3-SegmentedRaftLogWorker close()
2022-12-19 18:40:00,926 [Command processor thread] INFO  server.RaftServer$Division (RaftServerImpl.java:groupRemove(428)) - f143390d-7c87-4621-8359-d245efaa75b3@group-681FBC8F75C3: Succeed to remove RaftStorageDirectory Storage Directory /home/runner/work/ozone/ozone/hadoop-ozone/integration-test/target/test-dir/MiniOzoneClusterImpl-5ce33d81-cd12-4481-bdd0-3091a3c691f6/datanode-4/data/ratis/8916cdba-4d62-42e3-999c-681fbc8f75c3
2022-12-19 18:40:00,926 [Command processor thread] INFO  commandhandler.ClosePipelineCommandHandler (ClosePipelineCommandHandler.java:handle(78)) - Close Pipeline PipelineID=8916cdba-4d62-42e3-999c-681fbc8f75c3 command on datanode f143390d-7c87-4621-8359-d245efaa75b3.
2022-12-19 18:40:00,935 [EventQueue-CommandQueueReportForCommandQueueReportHandler] WARN  events.EventQueue (EventQueue.java:fireEvent(216)) - No event handler registered for event TypedEvent{payloadType=DatanodeDetails, name='Datanode_Command_Queue_Updated'}
2022-12-19 18:40:00,937 [EventQueue-CommandQueueReportForCommandQueueReportHandler] WARN  events.EventQueue (EventQueue.java:fireEvent(216)) - No event handler registered for event TypedEvent{payloadType=DatanodeDetails, name='Datanode_Command_Queue_Updated'}
2022-12-19 18:40:00,949 [Command processor thread] INFO  server.RaftServer (RaftServerProxy.java:remove(107)) - 72a8f579-b929-42a4-a748-3b6f638fc788: remove  FOLLOWER 72a8f579-b929-42a4-a748-3b6f638fc788@group-681FBC8F75C3:t1, leader=156d136a-08eb-462a-8e45-2bca38fc9d49, voted=156d136a-08eb-462a-8e45-2bca38fc9d49, raftlog=Memoized:72a8f579-b929-42a4-a748-3b6f638fc788@group-681FBC8F75C3-SegmentedRaftLog:OPENED:c0, conf=0: peers:[156d136a-08eb-462a-8e45-2bca38fc9d49|rpc:10.1.0.24:44445|dataStream:10.1.0.24:42007|priority:1|startupRole:FOLLOWER, f143390d-7c87-4621-8359-d245efaa75b3|rpc:10.1.0.24:44783|dataStream:10.1.0.24:41301|priority:0|startupRole:FOLLOWER, 72a8f579-b929-42a4-a748-3b6f638fc788|rpc:10.1.0.24:40679|dataStream:10.1.0.24:37423|priority:0|startupRole:FOLLOWER]|listeners:[], old=null RUNNING
2022-12-19 18:40:00,949 [Command processor thread] INFO  server.RaftServer$Division (RaftServerImpl.java:lambda$close$4(458)) - 72a8f579-b929-42a4-a748-3b6f638fc788@group-681FBC8F75C3: shutdown
2022-12-19 18:40:00,949 [Command processor thread] INFO  util.JmxRegister (JmxRegister.java:unregister(73)) - Successfully un-registered JMX Bean with object name Ratis:service=RaftServer,group=group-681FBC8F75C3,id=72a8f579-b929-42a4-a748-3b6f638fc788
2022-12-19 18:40:00,949 [Command processor thread] INFO  impl.RoleInfo (RoleInfo.java:shutdownFollowerState(110)) - 72a8f579-b929-42a4-a748-3b6f638fc788: shutdown 72a8f579-b929-42a4-a748-3b6f638fc788@group-681FBC8F75C3-FollowerState
2022-12-19 18:40:00,949 [Command processor thread] INFO  impl.StateMachineUpdater (StateMachineUpdater.java:stopAndJoin(153)) - 72a8f579-b929-42a4-a748-3b6f638fc788@group-681FBC8F75C3-StateMachineUpdater: set stopIndex = 0
2022-12-19 18:40:00,949 [72a8f579-b929-42a4-a748-3b6f638fc788@group-681FBC8F75C3-FollowerState] INFO  impl.FollowerState (FollowerState.java:run(152)) - 72a8f579-b929-42a4-a748-3b6f638fc788@group-681FBC8F75C3-FollowerState was interrupted
2022-12-19 18:40:00,950 [72a8f579-b929-42a4-a748-3b6f638fc788@group-681FBC8F75C3-StateMachineUpdater] INFO  ratis.ContainerStateMachine (ContainerStateMachine.java:takeSnapshot(308)) - group-681FBC8F75C3: Taking a snapshot at:(t:1, i:0) file /home/runner/work/ozone/ozone/hadoop-ozone/integration-test/target/test-dir/MiniOzoneClusterImpl-5ce33d81-cd12-4481-bdd0-3091a3c691f6/datanode-5/data/ratis/8916cdba-4d62-42e3-999c-681fbc8f75c3/sm/snapshot.1_0
2022-12-19 18:40:00,951 [72a8f579-b929-42a4-a748-3b6f638fc788@group-681FBC8F75C3-StateMachineUpdater] INFO  ratis.ContainerStateMachine (ContainerStateMachine.java:takeSnapshot(319)) - group-681FBC8F75C3: Finished taking a snapshot at:(t:1, i:0) file:/home/runner/work/ozone/ozone/hadoop-ozone/integration-test/target/test-dir/MiniOzoneClusterImpl-5ce33d81-cd12-4481-bdd0-3091a3c691f6/datanode-5/data/ratis/8916cdba-4d62-42e3-999c-681fbc8f75c3/sm/snapshot.1_0 took: 1 ms
2022-12-19 18:40:00,951 [72a8f579-b929-42a4-a748-3b6f638fc788@group-681FBC8F75C3-StateMachineUpdater] INFO  impl.StateMachineUpdater (StateMachineUpdater.java:takeSnapshot(287)) - 72a8f579-b929-42a4-a748-3b6f638fc788@group-681FBC8F75C3-StateMachineUpdater: Took a snapshot at index 0
2022-12-19 18:40:00,951 [72a8f579-b929-42a4-a748-3b6f638fc788@group-681FBC8F75C3-StateMachineUpdater] INFO  impl.StateMachineUpdater (StateMachineUpdater.java:lambda$new$0(92)) - 72a8f579-b929-42a4-a748-3b6f638fc788@group-681FBC8F75C3-StateMachineUpdater: snapshotIndex: updateIncreasingly -1 -> 0
2022-12-19 18:40:00,951 [Command processor thread] INFO  server.RaftServer$Division (ServerState.java:close(466)) - 72a8f579-b929-42a4-a748-3b6f638fc788@group-681FBC8F75C3: closes. applyIndex: 0
2022-12-19 18:40:00,952 [72a8f579-b929-42a4-a748-3b6f638fc788@group-681FBC8F75C3-SegmentedRaftLogWorker] INFO  segmented.SegmentedRaftLogWorker (SegmentedRaftLogWorker.java:run(347)) - 72a8f579-b929-42a4-a748-3b6f638fc788@group-681FBC8F75C3-SegmentedRaftLogWorker was interrupted, exiting. There are 0 tasks remaining in the queue.
2022-12-19 18:40:00,953 [Command processor thread] INFO  segmented.SegmentedRaftLogWorker (SegmentedRaftLogWorker.java:close(257)) - 72a8f579-b929-42a4-a748-3b6f638fc788@group-681FBC8F75C3-SegmentedRaftLogWorker close()
2022-12-19 18:40:00,955 [Command processor thread] INFO  server.RaftServer$Division (RaftServerImpl.java:groupRemove(428)) - 72a8f579-b929-42a4-a748-3b6f638fc788@group-681FBC8F75C3: Succeed to remove RaftStorageDirectory Storage Directory /home/runner/work/ozone/ozone/hadoop-ozone/integration-test/target/test-dir/MiniOzoneClusterImpl-5ce33d81-cd12-4481-bdd0-3091a3c691f6/datanode-5/data/ratis/8916cdba-4d62-42e3-999c-681fbc8f75c3
2022-12-19 18:40:00,955 [Command processor thread] INFO  commandhandler.ClosePipelineCommandHandler (ClosePipelineCommandHandler.java:handle(78)) - Close Pipeline PipelineID=8916cdba-4d62-42e3-999c-681fbc8f75c3 command on datanode 72a8f579-b929-42a4-a748-3b6f638fc788.
2022-12-19 18:40:01,111 [EventQueue-CommandQueueReportForCommandQueueReportHandler] WARN  events.EventQueue (EventQueue.java:fireEvent(216)) - No event handler registered for event TypedEvent{payloadType=DatanodeDetails, name='Datanode_Command_Queue_Updated'}
2022-12-19 18:40:01,166 [EventQueue-CommandQueueReportForCommandQueueReportHandler] WARN  events.EventQueue (EventQueue.java:fireEvent(216)) - No event handler registered for event TypedEvent{payloadType=DatanodeDetails, name='Datanode_Command_Queue_Updated'}
2022-12-19 18:40:01,922 [EventQueue-CommandQueueReportForCommandQueueReportHandler] WARN  events.EventQueue (EventQueue.java:fireEvent(216)) - No event handler registered for event TypedEvent{payloadType=DatanodeDetails, name='Datanode_Command_Queue_Updated'}
2022-12-19 18:40:01,934 [Command processor thread] INFO  server.RaftServer (RaftServerProxy.java:remove(107)) - 156d136a-08eb-462a-8e45-2bca38fc9d49: remove    LEADER 156d136a-08eb-462a-8e45-2bca38fc9d49@group-681FBC8F75C3:t1, leader=156d136a-08eb-462a-8e45-2bca38fc9d49, voted=156d136a-08eb-462a-8e45-2bca38fc9d49, raftlog=Memoized:156d136a-08eb-462a-8e45-2bca38fc9d49@group-681FBC8F75C3-SegmentedRaftLog:OPENED:c0, conf=0: peers:[156d136a-08eb-462a-8e45-2bca38fc9d49|rpc:10.1.0.24:44445|dataStream:10.1.0.24:42007|priority:1|startupRole:FOLLOWER, f143390d-7c87-4621-8359-d245efaa75b3|rpc:10.1.0.24:44783|dataStream:10.1.0.24:41301|priority:0|startupRole:FOLLOWER, 72a8f579-b929-42a4-a748-3b6f638fc788|rpc:10.1.0.24:40679|dataStream:10.1.0.24:37423|priority:0|startupRole:FOLLOWER]|listeners:[], old=null RUNNING
2022-12-19 18:40:01,934 [Command processor thread] INFO  server.RaftServer$Division (RaftServerImpl.java:lambda$close$4(458)) - 156d136a-08eb-462a-8e45-2bca38fc9d49@group-681FBC8F75C3: shutdown
2022-12-19 18:40:01,934 [Command processor thread] INFO  util.JmxRegister (JmxRegister.java:unregister(73)) - Successfully un-registered JMX Bean with object name Ratis:service=RaftServer,group=group-681FBC8F75C3,id=156d136a-08eb-462a-8e45-2bca38fc9d49
2022-12-19 18:40:01,934 [Command processor thread] INFO  impl.RoleInfo (RoleInfo.java:shutdownLeaderState(93)) - 156d136a-08eb-462a-8e45-2bca38fc9d49: shutdown 156d136a-08eb-462a-8e45-2bca38fc9d49@group-681FBC8F75C3-LeaderStateImpl
2022-12-19 18:40:01,934 [156d136a-08eb-462a-8e45-2bca38fc9d49@group-681FBC8F75C3->72a8f579-b929-42a4-a748-3b6f638fc788-GrpcLogAppender-LogAppenderDaemon] WARN  server.GrpcLogAppender (GrpcLogAppender.java:mayWait(200)) - 156d136a-08eb-462a-8e45-2bca38fc9d49@group-681FBC8F75C3->72a8f579-b929-42a4-a748-3b6f638fc788-GrpcLogAppender: Wait interrupted by java.lang.InterruptedException
2022-12-19 18:40:01,934 [Command processor thread] INFO  impl.PendingRequests (PendingRequests.java:sendNotLeaderResponses(282)) - 156d136a-08eb-462a-8e45-2bca38fc9d49@group-681FBC8F75C3-PendingRequests: sendNotLeaderResponses
2022-12-19 18:40:01,935 [Command processor thread] INFO  impl.StateMachineUpdater (StateMachineUpdater.java:stopAndJoin(153)) - 156d136a-08eb-462a-8e45-2bca38fc9d49@group-681FBC8F75C3-StateMachineUpdater: set stopIndex = 0
2022-12-19 18:40:01,935 [grpc-default-executor-6] INFO  server.GrpcServerProtocolService (GrpcServerProtocolService.java:onCompleted(143)) - 72a8f579-b929-42a4-a748-3b6f638fc788: Completed APPEND_ENTRIES, lastRequest: null
2022-12-19 18:40:01,935 [156d136a-08eb-462a-8e45-2bca38fc9d49@group-681FBC8F75C3-StateMachineUpdater] INFO  ratis.ContainerStateMachine (ContainerStateMachine.java:takeSnapshot(308)) - group-681FBC8F75C3: Taking a snapshot at:(t:1, i:0) file /home/runner/work/ozone/ozone/hadoop-ozone/integration-test/target/test-dir/MiniOzoneClusterImpl-5ce33d81-cd12-4481-bdd0-3091a3c691f6/datanode-3/data/ratis/8916cdba-4d62-42e3-999c-681fbc8f75c3/sm/snapshot.1_0
2022-12-19 18:40:01,935 [156d136a-08eb-462a-8e45-2bca38fc9d49@group-681FBC8F75C3->f143390d-7c87-4621-8359-d245efaa75b3-GrpcLogAppender-LogAppenderDaemon] WARN  server.GrpcLogAppender (GrpcLogAppender.java:mayWait(200)) - 156d136a-08eb-462a-8e45-2bca38fc9d49@group-681FBC8F75C3->f143390d-7c87-4621-8359-d245efaa75b3-GrpcLogAppender: Wait interrupted by java.lang.InterruptedException
2022-12-19 18:40:01,936 [Command processor thread] INFO  server.RaftServer (RaftServerProxy.java:remove(107)) - daa36c1e-9cf4-4c94-819a-0a52a71ceb67: remove  FOLLOWER daa36c1e-9cf4-4c94-819a-0a52a71ceb67@group-0837F8C12971:t2, leader=12d62a03-33f5-4ac8-ab31-68f2c1a01619, voted=12d62a03-33f5-4ac8-ab31-68f2c1a01619, raftlog=Memoized:daa36c1e-9cf4-4c94-819a-0a52a71ceb67@group-0837F8C12971-SegmentedRaftLog:OPENED:c0, conf=0: peers:[daa36c1e-9cf4-4c94-819a-0a52a71ceb67|rpc:10.1.0.24:37077|dataStream:10.1.0.24:39585|priority:0|startupRole:FOLLOWER, bb729a89-1f9d-479b-ba94-fb09a3e8e4eb|rpc:10.1.0.24:38595|dataStream:10.1.0.24:37531|priority:0|startupRole:FOLLOWER, 12d62a03-33f5-4ac8-ab31-68f2c1a01619|rpc:10.1.0.24:44073|dataStream:10.1.0.24:40631|priority:1|startupRole:FOLLOWER]|listeners:[], old=null RUNNING
2022-12-19 18:40:01,936 [Command processor thread] INFO  server.RaftServer$Division (RaftServerImpl.java:lambda$close$4(458)) - daa36c1e-9cf4-4c94-819a-0a52a71ceb67@group-0837F8C12971: shutdown
2022-12-19 18:40:01,936 [Command processor thread] INFO  util.JmxRegister (JmxRegister.java:unregister(73)) - Successfully un-registered JMX Bean with object name Ratis:service=RaftServer,group=group-0837F8C12971,id=daa36c1e-9cf4-4c94-819a-0a52a71ceb67
2022-12-19 18:40:01,936 [Command processor thread] INFO  impl.RoleInfo (RoleInfo.java:shutdownFollowerState(110)) - daa36c1e-9cf4-4c94-819a-0a52a71ceb67: shutdown daa36c1e-9cf4-4c94-819a-0a52a71ceb67@group-0837F8C12971-FollowerState
2022-12-19 18:40:01,936 [Command processor thread] INFO  impl.StateMachineUpdater (StateMachineUpdater.java:stopAndJoin(153)) - daa36c1e-9cf4-4c94-819a-0a52a71ceb67@group-0837F8C12971-StateMachineUpdater: set stopIndex = 0
2022-12-19 18:40:01,936 [grpc-default-executor-1] INFO  server.GrpcServerProtocolService (GrpcServerProtocolService.java:onCompleted(143)) - f143390d-7c87-4621-8359-d245efaa75b3: Completed APPEND_ENTRIES, lastRequest: null
2022-12-19 18:40:01,936 [daa36c1e-9cf4-4c94-819a-0a52a71ceb67@group-0837F8C12971-FollowerState] INFO  impl.FollowerState (FollowerState.java:run(152)) - daa36c1e-9cf4-4c94-819a-0a52a71ceb67@group-0837F8C12971-FollowerState was interrupted
2022-12-19 18:40:01,938 [grpc-default-executor-1] INFO  server.GrpcLogAppender (GrpcLogAppender.java:onCompleted(415)) - 156d136a-08eb-462a-8e45-2bca38fc9d49@group-681FBC8F75C3->72a8f579-b929-42a4-a748-3b6f638fc788-AppendLogResponseHandler: follower responses appendEntries COMPLETED
2022-12-19 18:40:01,939 [grpc-default-executor-1] INFO  leader.FollowerInfo (FollowerInfoImpl.java:lambda$new$0(48)) - 156d136a-08eb-462a-8e45-2bca38fc9d49@group-681FBC8F75C3->72a8f579-b929-42a4-a748-3b6f638fc788: nextIndex: updateUnconditionally 1 -> 0
2022-12-19 18:40:01,939 [156d136a-08eb-462a-8e45-2bca38fc9d49@group-681FBC8F75C3-StateMachineUpdater] INFO  ratis.ContainerStateMachine (ContainerStateMachine.java:takeSnapshot(319)) - group-681FBC8F75C3: Finished taking a snapshot at:(t:1, i:0) file:/home/runner/work/ozone/ozone/hadoop-ozone/integration-test/target/test-dir/MiniOzoneClusterImpl-5ce33d81-cd12-4481-bdd0-3091a3c691f6/datanode-3/data/ratis/8916cdba-4d62-42e3-999c-681fbc8f75c3/sm/snapshot.1_0 took: 3 ms
2022-12-19 18:40:01,939 [grpc-default-executor-6] INFO  server.GrpcServerProtocolService (GrpcServerProtocolService.java:onCompleted(143)) - 72a8f579-b929-42a4-a748-3b6f638fc788: Completed APPEND_ENTRIES, lastRequest: 156d136a-08eb-462a-8e45-2bca38fc9d49->72a8f579-b929-42a4-a748-3b6f638fc788#1-t1,previous=(t:0, i:0),leaderCommit=0,initializing? true,entries: size=1, first=(t:1, i:0), CONFIGURATIONENTRY(current:id: "156d136a-08eb-462a-8e45-2bca38fc9d49"
address: "10.1.0.24:44445"
priority: 1
dataStreamAddress: "10.1.0.24:42007"
clientAddress: "10.1.0.24:44445"
adminAddress: "10.1.0.24:44445"
startupRole: FOLLOWER
,id: "f143390d-7c87-4621-8359-d245efaa75b3"
address: "10.1.0.24:44783"
dataStreamAddress: "10.1.0.24:41301"
clientAddress: "10.1.0.24:44783"
adminAddress: "10.1.0.24:44783"
startupRole: FOLLOWER
,id: "72a8f579-b929-42a4-a748-3b6f638fc788"
address: "10.1.0.24:40679"
dataStreamAddress: "10.1.0.24:37423"
clientAddress: "10.1.0.24:40679"
adminAddress: "10.1.0.24:40679"
startupRole: FOLLOWER
, old:)
2022-12-19 18:40:01,939 [156d136a-08eb-462a-8e45-2bca38fc9d49@group-681FBC8F75C3-StateMachineUpdater] INFO  impl.StateMachineUpdater (StateMachineUpdater.java:takeSnapshot(287)) - 156d136a-08eb-462a-8e45-2bca38fc9d49@group-681FBC8F75C3-StateMachineUpdater: Took a snapshot at index 0
2022-12-19 18:40:01,939 [156d136a-08eb-462a-8e45-2bca38fc9d49@group-681FBC8F75C3-StateMachineUpdater] INFO  impl.StateMachineUpdater (StateMachineUpdater.java:lambda$new$0(92)) - 156d136a-08eb-462a-8e45-2bca38fc9d49@group-681FBC8F75C3-StateMachineUpdater: snapshotIndex: updateIncreasingly -1 -> 0
2022-12-19 18:40:01,939 [grpc-default-executor-3] INFO  server.GrpcServerProtocolService (GrpcServerProtocolService.java:onCompleted(143)) - f143390d-7c87-4621-8359-d245efaa75b3: Completed APPEND_ENTRIES, lastRequest: 156d136a-08eb-462a-8e45-2bca38fc9d49->f143390d-7c87-4621-8359-d245efaa75b3#1-t1,previous=(t:0, i:0),leaderCommit=0,initializing? true,entries: size=1, first=(t:1, i:0), CONFIGURATIONENTRY(current:id: "156d136a-08eb-462a-8e45-2bca38fc9d49"
address: "10.1.0.24:44445"
priority: 1
dataStreamAddress: "10.1.0.24:42007"
clientAddress: "10.1.0.24:44445"
adminAddress: "10.1.0.24:44445"
startupRole: FOLLOWER
,id: "f143390d-7c87-4621-8359-d245efaa75b3"
address: "10.1.0.24:44783"
dataStreamAddress: "10.1.0.24:41301"
clientAddress: "10.1.0.24:44783"
adminAddress: "10.1.0.24:44783"
startupRole: FOLLOWER
,id: "72a8f579-b929-42a4-a748-3b6f638fc788"
address: "10.1.0.24:40679"
dataStreamAddress: "10.1.0.24:37423"
clientAddress: "10.1.0.24:40679"
adminAddress: "10.1.0.24:40679"
startupRole: FOLLOWER
, old:)
2022-12-19 18:40:01,939 [Command processor thread] INFO  server.RaftServer$Division (ServerState.java:close(466)) - 156d136a-08eb-462a-8e45-2bca38fc9d49@group-681FBC8F75C3: closes. applyIndex: 0
2022-12-19 18:40:01,939 [156d136a-08eb-462a-8e45-2bca38fc9d49@group-681FBC8F75C3-SegmentedRaftLogWorker] INFO  segmented.SegmentedRaftLogWorker (SegmentedRaftLogWorker.java:run(347)) - 156d136a-08eb-462a-8e45-2bca38fc9d49@group-681FBC8F75C3-SegmentedRaftLogWorker was interrupted, exiting. There are 0 tasks remaining in the queue.
2022-12-19 18:40:01,939 [daa36c1e-9cf4-4c94-819a-0a52a71ceb67@group-0837F8C12971-StateMachineUpdater] INFO  ratis.ContainerStateMachine (ContainerStateMachine.java:takeSnapshot(308)) - group-0837F8C12971: Taking a snapshot at:(t:2, i:0) file /home/runner/work/ozone/ozone/hadoop-ozone/integration-test/target/test-dir/MiniOzoneClusterImpl-5ce33d81-cd12-4481-bdd0-3091a3c691f6/datanode-0/data/ratis/2b906007-ef20-4957-b68f-0837f8c12971/sm/snapshot.2_0
2022-12-19 18:40:01,940 [grpc-default-executor-0] INFO  server.GrpcLogAppender (GrpcLogAppender.java:onCompleted(415)) - 156d136a-08eb-462a-8e45-2bca38fc9d49@group-681FBC8F75C3->72a8f579-b929-42a4-a748-3b6f638fc788-AppendLogResponseHandler: follower responses appendEntries COMPLETED
2022-12-19 18:40:01,940 [grpc-default-executor-0] INFO  leader.FollowerInfo (FollowerInfoImpl.java:lambda$new$0(48)) - 156d136a-08eb-462a-8e45-2bca38fc9d49@group-681FBC8F75C3->72a8f579-b929-42a4-a748-3b6f638fc788: nextIndex: updateUnconditionally 0 -> 0
2022-12-19 18:40:01,940 [grpc-default-executor-7] INFO  server.GrpcLogAppender (GrpcLogAppender.java:onCompleted(415)) - 156d136a-08eb-462a-8e45-2bca38fc9d49@group-681FBC8F75C3->f143390d-7c87-4621-8359-d245efaa75b3-AppendLogResponseHandler: follower responses appendEntries COMPLETED
2022-12-19 18:40:01,944 [grpc-default-executor-7] INFO  leader.FollowerInfo (FollowerInfoImpl.java:lambda$new$0(48)) - 156d136a-08eb-462a-8e45-2bca38fc9d49@group-681FBC8F75C3->f143390d-7c87-4621-8359-d245efaa75b3: nextIndex: updateUnconditionally 1 -> 0
2022-12-19 18:40:01,940 [grpc-default-executor-4] INFO  server.GrpcLogAppender (GrpcLogAppender.java:onCompleted(415)) - 156d136a-08eb-462a-8e45-2bca38fc9d49@group-681FBC8F75C3->f143390d-7c87-4621-8359-d245efaa75b3-AppendLogResponseHandler: follower responses appendEntries COMPLETED
2022-12-19 18:40:01,940 [daa36c1e-9cf4-4c94-819a-0a52a71ceb67@group-0837F8C12971-StateMachineUpdater] INFO  ratis.ContainerStateMachine (ContainerStateMachine.java:takeSnapshot(319)) - group-0837F8C12971: Finished taking a snapshot at:(t:2, i:0) file:/home/runner/work/ozone/ozone/hadoop-ozone/integration-test/target/test-dir/MiniOzoneClusterImpl-5ce33d81-cd12-4481-bdd0-3091a3c691f6/datanode-0/data/ratis/2b906007-ef20-4957-b68f-0837f8c12971/sm/snapshot.2_0 took: 1 ms
2022-12-19 18:40:01,944 [grpc-default-executor-4] INFO  leader.FollowerInfo (FollowerInfoImpl.java:lambda$new$0(48)) - 156d136a-08eb-462a-8e45-2bca38fc9d49@group-681FBC8F75C3->f143390d-7c87-4621-8359-d245efaa75b3: nextIndex: updateUnconditionally 0 -> 0
2022-12-19 18:40:01,944 [Command processor thread] INFO  segmented.SegmentedRaftLogWorker (SegmentedRaftLogWorker.java:close(257)) - 156d136a-08eb-462a-8e45-2bca38fc9d49@group-681FBC8F75C3-SegmentedRaftLogWorker close()
2022-12-19 18:40:01,946 [Command processor thread] INFO  server.RaftServer$Division (RaftServerImpl.java:groupRemove(428)) - 156d136a-08eb-462a-8e45-2bca38fc9d49@group-681FBC8F75C3: Succeed to remove RaftStorageDirectory Storage Directory /home/runner/work/ozone/ozone/hadoop-ozone/integration-test/target/test-dir/MiniOzoneClusterImpl-5ce33d81-cd12-4481-bdd0-3091a3c691f6/datanode-3/data/ratis/8916cdba-4d62-42e3-999c-681fbc8f75c3
2022-12-19 18:40:01,946 [Command processor thread] INFO  commandhandler.ClosePipelineCommandHandler (ClosePipelineCommandHandler.java:handle(78)) - Close Pipeline PipelineID=8916cdba-4d62-42e3-999c-681fbc8f75c3 command on datanode 156d136a-08eb-462a-8e45-2bca38fc9d49.
2022-12-19 18:40:01,947 [daa36c1e-9cf4-4c94-819a-0a52a71ceb67@group-0837F8C12971-StateMachineUpdater] INFO  impl.StateMachineUpdater (StateMachineUpdater.java:takeSnapshot(287)) - daa36c1e-9cf4-4c94-819a-0a52a71ceb67@group-0837F8C12971-StateMachineUpdater: Took a snapshot at index 0
2022-12-19 18:40:01,947 [daa36c1e-9cf4-4c94-819a-0a52a71ceb67@group-0837F8C12971-StateMachineUpdater] INFO  impl.StateMachineUpdater (StateMachineUpdater.java:lambda$new$0(92)) - daa36c1e-9cf4-4c94-819a-0a52a71ceb67@group-0837F8C12971-StateMachineUpdater: snapshotIndex: updateIncreasingly -1 -> 0
2022-12-19 18:40:01,947 [Command processor thread] INFO  server.RaftServer$Division (ServerState.java:close(466)) - daa36c1e-9cf4-4c94-819a-0a52a71ceb67@group-0837F8C12971: closes. applyIndex: 0
2022-12-19 18:40:01,947 [daa36c1e-9cf4-4c94-819a-0a52a71ceb67@group-0837F8C12971-SegmentedRaftLogWorker] INFO  segmented.SegmentedRaftLogWorker (SegmentedRaftLogWorker.java:run(347)) - daa36c1e-9cf4-4c94-819a-0a52a71ceb67@group-0837F8C12971-SegmentedRaftLogWorker was interrupted, exiting. There are 0 tasks remaining in the queue.
2022-12-19 18:40:01,949 [Command processor thread] INFO  segmented.SegmentedRaftLogWorker (SegmentedRaftLogWorker.java:close(257)) - daa36c1e-9cf4-4c94-819a-0a52a71ceb67@group-0837F8C12971-SegmentedRaftLogWorker close()
2022-12-19 18:40:01,951 [EventQueue-CommandQueueReportForCommandQueueReportHandler] WARN  events.EventQueue (EventQueue.java:fireEvent(216)) - No event handler registered for event TypedEvent{payloadType=DatanodeDetails, name='Datanode_Command_Queue_Updated'}
2022-12-19 18:40:01,952 [Command processor thread] INFO  server.RaftServer$Division (RaftServerImpl.java:groupRemove(428)) - daa36c1e-9cf4-4c94-819a-0a52a71ceb67@group-0837F8C12971: Succeed to remove RaftStorageDirectory Storage Directory /home/runner/work/ozone/ozone/hadoop-ozone/integration-test/target/test-dir/MiniOzoneClusterImpl-5ce33d81-cd12-4481-bdd0-3091a3c691f6/datanode-0/data/ratis/2b906007-ef20-4957-b68f-0837f8c12971
2022-12-19 18:40:01,953 [Command processor thread] INFO  commandhandler.ClosePipelineCommandHandler (ClosePipelineCommandHandler.java:handle(78)) - Close Pipeline PipelineID=2b906007-ef20-4957-b68f-0837f8c12971 command on datanode daa36c1e-9cf4-4c94-819a-0a52a71ceb67.
2022-12-19 18:40:01,953 [Command processor thread] INFO  server.RaftServer (RaftServerProxy.java:remove(107)) - daa36c1e-9cf4-4c94-819a-0a52a71ceb67: remove  FOLLOWER daa36c1e-9cf4-4c94-819a-0a52a71ceb67@group-36058ED0B8A3:t2, leader=bb729a89-1f9d-479b-ba94-fb09a3e8e4eb, voted=bb729a89-1f9d-479b-ba94-fb09a3e8e4eb, raftlog=Memoized:daa36c1e-9cf4-4c94-819a-0a52a71ceb67@group-36058ED0B8A3-SegmentedRaftLog:OPENED:c0, conf=0: peers:[daa36c1e-9cf4-4c94-819a-0a52a71ceb67|rpc:10.1.0.24:37077|dataStream:10.1.0.24:39585|priority:0|startupRole:FOLLOWER, bb729a89-1f9d-479b-ba94-fb09a3e8e4eb|rpc:10.1.0.24:38595|dataStream:10.1.0.24:37531|priority:1|startupRole:FOLLOWER, 12d62a03-33f5-4ac8-ab31-68f2c1a01619|rpc:10.1.0.24:44073|dataStream:10.1.0.24:40631|priority:0|startupRole:FOLLOWER]|listeners:[], old=null RUNNING
2022-12-19 18:40:01,953 [Command processor thread] INFO  server.RaftServer$Division (RaftServerImpl.java:lambda$close$4(458)) - daa36c1e-9cf4-4c94-819a-0a52a71ceb67@group-36058ED0B8A3: shutdown
2022-12-19 18:40:01,953 [Command processor thread] INFO  util.JmxRegister (JmxRegister.java:unregister(73)) - Successfully un-registered JMX Bean with object name Ratis:service=RaftServer,group=group-36058ED0B8A3,id=daa36c1e-9cf4-4c94-819a-0a52a71ceb67
2022-12-19 18:40:01,953 [Command processor thread] INFO  impl.RoleInfo (RoleInfo.java:shutdownFollowerState(110)) - daa36c1e-9cf4-4c94-819a-0a52a71ceb67: shutdown daa36c1e-9cf4-4c94-819a-0a52a71ceb67@group-36058ED0B8A3-FollowerState
2022-12-19 18:40:01,953 [Command processor thread] INFO  impl.StateMachineUpdater (StateMachineUpdater.java:stopAndJoin(153)) - daa36c1e-9cf4-4c94-819a-0a52a71ceb67@group-36058ED0B8A3-StateMachineUpdater: set stopIndex = 0
2022-12-19 18:40:01,953 [daa36c1e-9cf4-4c94-819a-0a52a71ceb67@group-36058ED0B8A3-FollowerState] INFO  impl.FollowerState (FollowerState.java:run(152)) - daa36c1e-9cf4-4c94-819a-0a52a71ceb67@group-36058ED0B8A3-FollowerState was interrupted
2022-12-19 18:40:01,953 [daa36c1e-9cf4-4c94-819a-0a52a71ceb67@group-36058ED0B8A3-StateMachineUpdater] INFO  ratis.ContainerStateMachine (ContainerStateMachine.java:takeSnapshot(308)) - group-36058ED0B8A3: Taking a snapshot at:(t:2, i:0) file /home/runner/work/ozone/ozone/hadoop-ozone/integration-test/target/test-dir/MiniOzoneClusterImpl-5ce33d81-cd12-4481-bdd0-3091a3c691f6/datanode-0/data/ratis/ab9d739f-0530-43cf-bfdf-36058ed0b8a3/sm/snapshot.2_0
2022-12-19 18:40:01,954 [daa36c1e-9cf4-4c94-819a-0a52a71ceb67@group-36058ED0B8A3-StateMachineUpdater] INFO  ratis.ContainerStateMachine (ContainerStateMachine.java:takeSnapshot(319)) - group-36058ED0B8A3: Finished taking a snapshot at:(t:2, i:0) file:/home/runner/work/ozone/ozone/hadoop-ozone/integration-test/target/test-dir/MiniOzoneClusterImpl-5ce33d81-cd12-4481-bdd0-3091a3c691f6/datanode-0/data/ratis/ab9d739f-0530-43cf-bfdf-36058ed0b8a3/sm/snapshot.2_0 took: 1 ms
2022-12-19 18:40:01,955 [daa36c1e-9cf4-4c94-819a-0a52a71ceb67@group-36058ED0B8A3-StateMachineUpdater] INFO  impl.StateMachineUpdater (StateMachineUpdater.java:takeSnapshot(287)) - daa36c1e-9cf4-4c94-819a-0a52a71ceb67@group-36058ED0B8A3-StateMachineUpdater: Took a snapshot at index 0
2022-12-19 18:40:01,955 [daa36c1e-9cf4-4c94-819a-0a52a71ceb67@group-36058ED0B8A3-StateMachineUpdater] INFO  impl.StateMachineUpdater (StateMachineUpdater.java:lambda$new$0(92)) - daa36c1e-9cf4-4c94-819a-0a52a71ceb67@group-36058ED0B8A3-StateMachineUpdater: snapshotIndex: updateIncreasingly -1 -> 0
2022-12-19 18:40:01,955 [Command processor thread] INFO  server.RaftServer$Division (ServerState.java:close(466)) - daa36c1e-9cf4-4c94-819a-0a52a71ceb67@group-36058ED0B8A3: closes. applyIndex: 0
2022-12-19 18:40:01,955 [daa36c1e-9cf4-4c94-819a-0a52a71ceb67@group-36058ED0B8A3-SegmentedRaftLogWorker] INFO  segmented.SegmentedRaftLogWorker (SegmentedRaftLogWorker.java:run(347)) - daa36c1e-9cf4-4c94-819a-0a52a71ceb67@group-36058ED0B8A3-SegmentedRaftLogWorker was interrupted, exiting. There are 0 tasks remaining in the queue.
2022-12-19 18:40:01,958 [Command processor thread] INFO  segmented.SegmentedRaftLogWorker (SegmentedRaftLogWorker.java:close(257)) - daa36c1e-9cf4-4c94-819a-0a52a71ceb67@group-36058ED0B8A3-SegmentedRaftLogWorker close()
2022-12-19 18:40:01,960 [Command processor thread] INFO  server.RaftServer$Division (RaftServerImpl.java:groupRemove(428)) - daa36c1e-9cf4-4c94-819a-0a52a71ceb67@group-36058ED0B8A3: Succeed to remove RaftStorageDirectory Storage Directory /home/runner/work/ozone/ozone/hadoop-ozone/integration-test/target/test-dir/MiniOzoneClusterImpl-5ce33d81-cd12-4481-bdd0-3091a3c691f6/datanode-0/data/ratis/ab9d739f-0530-43cf-bfdf-36058ed0b8a3
2022-12-19 18:40:01,960 [Command processor thread] INFO  commandhandler.ClosePipelineCommandHandler (ClosePipelineCommandHandler.java:handle(78)) - Close Pipeline PipelineID=ab9d739f-0530-43cf-bfdf-36058ed0b8a3 command on datanode daa36c1e-9cf4-4c94-819a-0a52a71ceb67.
2022-12-19 18:40:02,110 [Command processor thread] INFO  server.RaftServer (RaftServerProxy.java:remove(107)) - 12d62a03-33f5-4ac8-ab31-68f2c1a01619: remove    LEADER 12d62a03-33f5-4ac8-ab31-68f2c1a01619@group-0837F8C12971:t2, leader=12d62a03-33f5-4ac8-ab31-68f2c1a01619, voted=12d62a03-33f5-4ac8-ab31-68f2c1a01619, raftlog=Memoized:12d62a03-33f5-4ac8-ab31-68f2c1a01619@group-0837F8C12971-SegmentedRaftLog:OPENED:c0, conf=0: peers:[daa36c1e-9cf4-4c94-819a-0a52a71ceb67|rpc:10.1.0.24:37077|dataStream:10.1.0.24:39585|priority:0|startupRole:FOLLOWER, bb729a89-1f9d-479b-ba94-fb09a3e8e4eb|rpc:10.1.0.24:38595|dataStream:10.1.0.24:37531|priority:0|startupRole:FOLLOWER, 12d62a03-33f5-4ac8-ab31-68f2c1a01619|rpc:10.1.0.24:44073|dataStream:10.1.0.24:40631|priority:1|startupRole:FOLLOWER]|listeners:[], old=null RUNNING
2022-12-19 18:40:02,110 [Command processor thread] INFO  server.RaftServer$Division (RaftServerImpl.java:lambda$close$4(458)) - 12d62a03-33f5-4ac8-ab31-68f2c1a01619@group-0837F8C12971: shutdown
2022-12-19 18:40:02,110 [Command processor thread] INFO  util.JmxRegister (JmxRegister.java:unregister(73)) - Successfully un-registered JMX Bean with object name Ratis:service=RaftServer,group=group-0837F8C12971,id=12d62a03-33f5-4ac8-ab31-68f2c1a01619
2022-12-19 18:40:02,110 [Command processor thread] INFO  impl.RoleInfo (RoleInfo.java:shutdownLeaderState(93)) - 12d62a03-33f5-4ac8-ab31-68f2c1a01619: shutdown 12d62a03-33f5-4ac8-ab31-68f2c1a01619@group-0837F8C12971-LeaderStateImpl
2022-12-19 18:40:02,111 [12d62a03-33f5-4ac8-ab31-68f2c1a01619@group-0837F8C12971->daa36c1e-9cf4-4c94-819a-0a52a71ceb67-GrpcLogAppender-LogAppenderDaemon] WARN  server.GrpcLogAppender (GrpcLogAppender.java:mayWait(200)) - 12d62a03-33f5-4ac8-ab31-68f2c1a01619@group-0837F8C12971->daa36c1e-9cf4-4c94-819a-0a52a71ceb67-GrpcLogAppender: Wait interrupted by java.lang.InterruptedException
2022-12-19 18:40:02,111 [Command processor thread] INFO  impl.PendingRequests (PendingRequests.java:sendNotLeaderResponses(282)) - 12d62a03-33f5-4ac8-ab31-68f2c1a01619@group-0837F8C12971-PendingRequests: sendNotLeaderResponses
2022-12-19 18:40:02,111 [12d62a03-33f5-4ac8-ab31-68f2c1a01619@group-0837F8C12971->bb729a89-1f9d-479b-ba94-fb09a3e8e4eb-GrpcLogAppender-LogAppenderDaemon] WARN  server.GrpcLogAppender (GrpcLogAppender.java:mayWait(200)) - 12d62a03-33f5-4ac8-ab31-68f2c1a01619@group-0837F8C12971->bb729a89-1f9d-479b-ba94-fb09a3e8e4eb-GrpcLogAppender: Wait interrupted by java.lang.InterruptedException
2022-12-19 18:40:02,111 [Command processor thread] INFO  impl.StateMachineUpdater (StateMachineUpdater.java:stopAndJoin(153)) - 12d62a03-33f5-4ac8-ab31-68f2c1a01619@group-0837F8C12971-StateMachineUpdater: set stopIndex = 0
2022-12-19 18:40:02,112 [grpc-default-executor-1] INFO  server.GrpcServerProtocolService (GrpcServerProtocolService.java:onCompleted(143)) - daa36c1e-9cf4-4c94-819a-0a52a71ceb67: Completed APPEND_ENTRIES, lastRequest: null
2022-12-19 18:40:02,112 [grpc-default-executor-0] INFO  server.GrpcServerProtocolService (GrpcServerProtocolService.java:onCompleted(143)) - bb729a89-1f9d-479b-ba94-fb09a3e8e4eb: Completed APPEND_ENTRIES, lastRequest: null
2022-12-19 18:40:02,112 [grpc-default-executor-4] INFO  server.GrpcServerProtocolService (GrpcServerProtocolService.java:onCompleted(143)) - bb729a89-1f9d-479b-ba94-fb09a3e8e4eb: Completed APPEND_ENTRIES, lastRequest: 12d62a03-33f5-4ac8-ab31-68f2c1a01619->bb729a89-1f9d-479b-ba94-fb09a3e8e4eb#1-t2,previous=(t:0, i:0),leaderCommit=0,initializing? true,entries: size=1, first=(t:2, i:0), CONFIGURATIONENTRY(current:id: "daa36c1e-9cf4-4c94-819a-0a52a71ceb67"
address: "10.1.0.24:37077"
dataStreamAddress: "10.1.0.24:39585"
clientAddress: "10.1.0.24:37077"
adminAddress: "10.1.0.24:37077"
startupRole: FOLLOWER
,id: "bb729a89-1f9d-479b-ba94-fb09a3e8e4eb"
address: "10.1.0.24:38595"
dataStreamAddress: "10.1.0.24:37531"
clientAddress: "10.1.0.24:38595"
adminAddress: "10.1.0.24:38595"
startupRole: FOLLOWER
,id: "12d62a03-33f5-4ac8-ab31-68f2c1a01619"
address: "10.1.0.24:44073"
priority: 1
dataStreamAddress: "10.1.0.24:40631"
clientAddress: "10.1.0.24:44073"
adminAddress: "10.1.0.24:44073"
startupRole: FOLLOWER
, old:)
2022-12-19 18:40:02,112 [12d62a03-33f5-4ac8-ab31-68f2c1a01619@group-0837F8C12971-StateMachineUpdater] INFO  ratis.ContainerStateMachine (ContainerStateMachine.java:takeSnapshot(308)) - group-0837F8C12971: Taking a snapshot at:(t:2, i:0) file /home/runner/work/ozone/ozone/hadoop-ozone/integration-test/target/test-dir/MiniOzoneClusterImpl-5ce33d81-cd12-4481-bdd0-3091a3c691f6/datanode-2/data/ratis/2b906007-ef20-4957-b68f-0837f8c12971/sm/snapshot.2_0
2022-12-19 18:40:02,112 [grpc-default-executor-7] INFO  server.GrpcServerProtocolService (GrpcServerProtocolService.java:onCompleted(143)) - daa36c1e-9cf4-4c94-819a-0a52a71ceb67: Completed APPEND_ENTRIES, lastRequest: 12d62a03-33f5-4ac8-ab31-68f2c1a01619->daa36c1e-9cf4-4c94-819a-0a52a71ceb67#1-t2,previous=(t:0, i:0),leaderCommit=0,initializing? true,entries: size=1, first=(t:2, i:0), CONFIGURATIONENTRY(current:id: "daa36c1e-9cf4-4c94-819a-0a52a71ceb67"
address: "10.1.0.24:37077"
dataStreamAddress: "10.1.0.24:39585"
clientAddress: "10.1.0.24:37077"
adminAddress: "10.1.0.24:37077"
startupRole: FOLLOWER
,id: "bb729a89-1f9d-479b-ba94-fb09a3e8e4eb"
address: "10.1.0.24:38595"
dataStreamAddress: "10.1.0.24:37531"
clientAddress: "10.1.0.24:38595"
adminAddress: "10.1.0.24:38595"
startupRole: FOLLOWER
,id: "12d62a03-33f5-4ac8-ab31-68f2c1a01619"
address: "10.1.0.24:44073"
priority: 1
dataStreamAddress: "10.1.0.24:40631"
clientAddress: "10.1.0.24:44073"
adminAddress: "10.1.0.24:44073"
startupRole: FOLLOWER
, old:)
2022-12-19 18:40:02,113 [grpc-default-executor-1] INFO  server.GrpcLogAppender (GrpcLogAppender.java:onCompleted(415)) - 12d62a03-33f5-4ac8-ab31-68f2c1a01619@group-0837F8C12971->bb729a89-1f9d-479b-ba94-fb09a3e8e4eb-AppendLogResponseHandler: follower responses appendEntries COMPLETED
2022-12-19 18:40:02,113 [grpc-default-executor-1] INFO  leader.FollowerInfo (FollowerInfoImpl.java:lambda$new$0(48)) - 12d62a03-33f5-4ac8-ab31-68f2c1a01619@group-0837F8C12971->bb729a89-1f9d-479b-ba94-fb09a3e8e4eb: nextIndex: updateUnconditionally 1 -> 0
2022-12-19 18:40:02,113 [grpc-default-executor-7] INFO  server.GrpcLogAppender (GrpcLogAppender.java:onCompleted(415)) - 12d62a03-33f5-4ac8-ab31-68f2c1a01619@group-0837F8C12971->bb729a89-1f9d-479b-ba94-fb09a3e8e4eb-AppendLogResponseHandler: follower responses appendEntries COMPLETED
2022-12-19 18:40:02,113 [grpc-default-executor-7] INFO  leader.FollowerInfo (FollowerInfoImpl.java:lambda$new$0(48)) - 12d62a03-33f5-4ac8-ab31-68f2c1a01619@group-0837F8C12971->bb729a89-1f9d-479b-ba94-fb09a3e8e4eb: nextIndex: updateUnconditionally 0 -> 0
2022-12-19 18:40:02,113 [12d62a03-33f5-4ac8-ab31-68f2c1a01619@group-0837F8C12971-StateMachineUpdater] INFO  ratis.ContainerStateMachine (ContainerStateMachine.java:takeSnapshot(319)) - group-0837F8C12971: Finished taking a snapshot at:(t:2, i:0) file:/home/runner/work/ozone/ozone/hadoop-ozone/integration-test/target/test-dir/MiniOzoneClusterImpl-5ce33d81-cd12-4481-bdd0-3091a3c691f6/datanode-2/data/ratis/2b906007-ef20-4957-b68f-0837f8c12971/sm/snapshot.2_0 took: 1 ms
2022-12-19 18:40:02,114 [12d62a03-33f5-4ac8-ab31-68f2c1a01619@group-0837F8C12971-StateMachineUpdater] INFO  impl.StateMachineUpdater (StateMachineUpdater.java:takeSnapshot(287)) - 12d62a03-33f5-4ac8-ab31-68f2c1a01619@group-0837F8C12971-StateMachineUpdater: Took a snapshot at index 0
2022-12-19 18:40:02,114 [12d62a03-33f5-4ac8-ab31-68f2c1a01619@group-0837F8C12971-StateMachineUpdater] INFO  impl.StateMachineUpdater (StateMachineUpdater.java:lambda$new$0(92)) - 12d62a03-33f5-4ac8-ab31-68f2c1a01619@group-0837F8C12971-StateMachineUpdater: snapshotIndex: updateIncreasingly -1 -> 0
2022-12-19 18:40:02,114 [Command processor thread] INFO  server.RaftServer$Division (ServerState.java:close(466)) - 12d62a03-33f5-4ac8-ab31-68f2c1a01619@group-0837F8C12971: closes. applyIndex: 0
2022-12-19 18:40:02,114 [grpc-default-executor-1] INFO  server.GrpcLogAppender (GrpcLogAppender.java:onCompleted(415)) - 12d62a03-33f5-4ac8-ab31-68f2c1a01619@group-0837F8C12971->daa36c1e-9cf4-4c94-819a-0a52a71ceb67-AppendLogResponseHandler: follower responses appendEntries COMPLETED
2022-12-19 18:40:02,114 [12d62a03-33f5-4ac8-ab31-68f2c1a01619@group-0837F8C12971-SegmentedRaftLogWorker] INFO  segmented.SegmentedRaftLogWorker (SegmentedRaftLogWorker.java:run(347)) - 12d62a03-33f5-4ac8-ab31-68f2c1a01619@group-0837F8C12971-SegmentedRaftLogWorker was interrupted, exiting. There are 0 tasks remaining in the queue.
2022-12-19 18:40:02,114 [grpc-default-executor-1] INFO  leader.FollowerInfo (FollowerInfoImpl.java:lambda$new$0(48)) - 12d62a03-33f5-4ac8-ab31-68f2c1a01619@group-0837F8C12971->daa36c1e-9cf4-4c94-819a-0a52a71ceb67: nextIndex: updateUnconditionally 1 -> 0
2022-12-19 18:40:02,116 [grpc-default-executor-7] INFO  server.GrpcLogAppender (GrpcLogAppender.java:onCompleted(415)) - 12d62a03-33f5-4ac8-ab31-68f2c1a01619@group-0837F8C12971->daa36c1e-9cf4-4c94-819a-0a52a71ceb67-AppendLogResponseHandler: follower responses appendEntries COMPLETED
2022-12-19 18:40:02,116 [grpc-default-executor-7] INFO  leader.FollowerInfo (FollowerInfoImpl.java:lambda$new$0(48)) - 12d62a03-33f5-4ac8-ab31-68f2c1a01619@group-0837F8C12971->daa36c1e-9cf4-4c94-819a-0a52a71ceb67: nextIndex: updateUnconditionally 0 -> 0
2022-12-19 18:40:02,117 [Command processor thread] INFO  segmented.SegmentedRaftLogWorker (SegmentedRaftLogWorker.java:close(257)) - 12d62a03-33f5-4ac8-ab31-68f2c1a01619@group-0837F8C12971-SegmentedRaftLogWorker close()
2022-12-19 18:40:02,119 [Command processor thread] INFO  server.RaftServer$Division (RaftServerImpl.java:groupRemove(428)) - 12d62a03-33f5-4ac8-ab31-68f2c1a01619@group-0837F8C12971: Succeed to remove RaftStorageDirectory Storage Directory /home/runner/work/ozone/ozone/hadoop-ozone/integration-test/target/test-dir/MiniOzoneClusterImpl-5ce33d81-cd12-4481-bdd0-3091a3c691f6/datanode-2/data/ratis/2b906007-ef20-4957-b68f-0837f8c12971
2022-12-19 18:40:02,119 [Command processor thread] INFO  commandhandler.ClosePipelineCommandHandler (ClosePipelineCommandHandler.java:handle(78)) - Close Pipeline PipelineID=2b906007-ef20-4957-b68f-0837f8c12971 command on datanode 12d62a03-33f5-4ac8-ab31-68f2c1a01619.
2022-12-19 18:40:02,119 [Command processor thread] INFO  server.RaftServer (RaftServerProxy.java:remove(107)) - 12d62a03-33f5-4ac8-ab31-68f2c1a01619: remove  FOLLOWER 12d62a03-33f5-4ac8-ab31-68f2c1a01619@group-36058ED0B8A3:t2, leader=bb729a89-1f9d-479b-ba94-fb09a3e8e4eb, voted=bb729a89-1f9d-479b-ba94-fb09a3e8e4eb, raftlog=Memoized:12d62a03-33f5-4ac8-ab31-68f2c1a01619@group-36058ED0B8A3-SegmentedRaftLog:OPENED:c0, conf=0: peers:[daa36c1e-9cf4-4c94-819a-0a52a71ceb67|rpc:10.1.0.24:37077|dataStream:10.1.0.24:39585|priority:0|startupRole:FOLLOWER, bb729a89-1f9d-479b-ba94-fb09a3e8e4eb|rpc:10.1.0.24:38595|dataStream:10.1.0.24:37531|priority:1|startupRole:FOLLOWER, 12d62a03-33f5-4ac8-ab31-68f2c1a01619|rpc:10.1.0.24:44073|dataStream:10.1.0.24:40631|priority:0|startupRole:FOLLOWER]|listeners:[], old=null RUNNING
2022-12-19 18:40:02,119 [Command processor thread] INFO  server.RaftServer$Division (RaftServerImpl.java:lambda$close$4(458)) - 12d62a03-33f5-4ac8-ab31-68f2c1a01619@group-36058ED0B8A3: shutdown
2022-12-19 18:40:02,119 [Command processor thread] INFO  util.JmxRegister (JmxRegister.java:unregister(73)) - Successfully un-registered JMX Bean with object name Ratis:service=RaftServer,group=group-36058ED0B8A3,id=12d62a03-33f5-4ac8-ab31-68f2c1a01619
2022-12-19 18:40:02,119 [Command processor thread] INFO  impl.RoleInfo (RoleInfo.java:shutdownFollowerState(110)) - 12d62a03-33f5-4ac8-ab31-68f2c1a01619: shutdown 12d62a03-33f5-4ac8-ab31-68f2c1a01619@group-36058ED0B8A3-FollowerState
2022-12-19 18:40:02,119 [Command processor thread] INFO  impl.StateMachineUpdater (StateMachineUpdater.java:stopAndJoin(153)) - 12d62a03-33f5-4ac8-ab31-68f2c1a01619@group-36058ED0B8A3-StateMachineUpdater: set stopIndex = 0
2022-12-19 18:40:02,119 [12d62a03-33f5-4ac8-ab31-68f2c1a01619@group-36058ED0B8A3-FollowerState] INFO  impl.FollowerState (FollowerState.java:run(152)) - 12d62a03-33f5-4ac8-ab31-68f2c1a01619@group-36058ED0B8A3-FollowerState was interrupted
2022-12-19 18:40:02,119 [12d62a03-33f5-4ac8-ab31-68f2c1a01619@group-36058ED0B8A3-StateMachineUpdater] INFO  ratis.ContainerStateMachine (ContainerStateMachine.java:takeSnapshot(308)) - group-36058ED0B8A3: Taking a snapshot at:(t:2, i:0) file /home/runner/work/ozone/ozone/hadoop-ozone/integration-test/target/test-dir/MiniOzoneClusterImpl-5ce33d81-cd12-4481-bdd0-3091a3c691f6/datanode-2/data/ratis/ab9d739f-0530-43cf-bfdf-36058ed0b8a3/sm/snapshot.2_0
2022-12-19 18:40:02,120 [12d62a03-33f5-4ac8-ab31-68f2c1a01619@group-36058ED0B8A3-StateMachineUpdater] INFO  ratis.ContainerStateMachine (ContainerStateMachine.java:takeSnapshot(319)) - group-36058ED0B8A3: Finished taking a snapshot at:(t:2, i:0) file:/home/runner/work/ozone/ozone/hadoop-ozone/integration-test/target/test-dir/MiniOzoneClusterImpl-5ce33d81-cd12-4481-bdd0-3091a3c691f6/datanode-2/data/ratis/ab9d739f-0530-43cf-bfdf-36058ed0b8a3/sm/snapshot.2_0 took: 1 ms
2022-12-19 18:40:02,120 [12d62a03-33f5-4ac8-ab31-68f2c1a01619@group-36058ED0B8A3-StateMachineUpdater] INFO  impl.StateMachineUpdater (StateMachineUpdater.java:takeSnapshot(287)) - 12d62a03-33f5-4ac8-ab31-68f2c1a01619@group-36058ED0B8A3-StateMachineUpdater: Took a snapshot at index 0
2022-12-19 18:40:02,120 [12d62a03-33f5-4ac8-ab31-68f2c1a01619@group-36058ED0B8A3-StateMachineUpdater] INFO  impl.StateMachineUpdater (StateMachineUpdater.java:lambda$new$0(92)) - 12d62a03-33f5-4ac8-ab31-68f2c1a01619@group-36058ED0B8A3-StateMachineUpdater: snapshotIndex: updateIncreasingly -1 -> 0
2022-12-19 18:40:02,120 [Command processor thread] INFO  server.RaftServer$Division (ServerState.java:close(466)) - 12d62a03-33f5-4ac8-ab31-68f2c1a01619@group-36058ED0B8A3: closes. applyIndex: 0
2022-12-19 18:40:02,120 [12d62a03-33f5-4ac8-ab31-68f2c1a01619@group-36058ED0B8A3-SegmentedRaftLogWorker] INFO  segmented.SegmentedRaftLogWorker (SegmentedRaftLogWorker.java:run(347)) - 12d62a03-33f5-4ac8-ab31-68f2c1a01619@group-36058ED0B8A3-SegmentedRaftLogWorker was interrupted, exiting. There are 0 tasks remaining in the queue.
2022-12-19 18:40:02,121 [Command processor thread] INFO  segmented.SegmentedRaftLogWorker (SegmentedRaftLogWorker.java:close(257)) - 12d62a03-33f5-4ac8-ab31-68f2c1a01619@group-36058ED0B8A3-SegmentedRaftLogWorker close()
2022-12-19 18:40:02,124 [Command processor thread] INFO  server.RaftServer$Division (RaftServerImpl.java:groupRemove(428)) - 12d62a03-33f5-4ac8-ab31-68f2c1a01619@group-36058ED0B8A3: Succeed to remove RaftStorageDirectory Storage Directory /home/runner/work/ozone/ozone/hadoop-ozone/integration-test/target/test-dir/MiniOzoneClusterImpl-5ce33d81-cd12-4481-bdd0-3091a3c691f6/datanode-2/data/ratis/ab9d739f-0530-43cf-bfdf-36058ed0b8a3
2022-12-19 18:40:02,124 [Command processor thread] INFO  commandhandler.ClosePipelineCommandHandler (ClosePipelineCommandHandler.java:handle(78)) - Close Pipeline PipelineID=ab9d739f-0530-43cf-bfdf-36058ed0b8a3 command on datanode 12d62a03-33f5-4ac8-ab31-68f2c1a01619.
2022-12-19 18:40:02,166 [Command processor thread] INFO  server.RaftServer (RaftServerProxy.java:remove(107)) - bb729a89-1f9d-479b-ba94-fb09a3e8e4eb: remove  FOLLOWER bb729a89-1f9d-479b-ba94-fb09a3e8e4eb@group-0837F8C12971:t2, leader=12d62a03-33f5-4ac8-ab31-68f2c1a01619, voted=12d62a03-33f5-4ac8-ab31-68f2c1a01619, raftlog=Memoized:bb729a89-1f9d-479b-ba94-fb09a3e8e4eb@group-0837F8C12971-SegmentedRaftLog:OPENED:c0, conf=0: peers:[daa36c1e-9cf4-4c94-819a-0a52a71ceb67|rpc:10.1.0.24:37077|dataStream:10.1.0.24:39585|priority:0|startupRole:FOLLOWER, bb729a89-1f9d-479b-ba94-fb09a3e8e4eb|rpc:10.1.0.24:38595|dataStream:10.1.0.24:37531|priority:0|startupRole:FOLLOWER, 12d62a03-33f5-4ac8-ab31-68f2c1a01619|rpc:10.1.0.24:44073|dataStream:10.1.0.24:40631|priority:1|startupRole:FOLLOWER]|listeners:[], old=null RUNNING
2022-12-19 18:40:02,166 [Command processor thread] INFO  server.RaftServer$Division (RaftServerImpl.java:lambda$close$4(458)) - bb729a89-1f9d-479b-ba94-fb09a3e8e4eb@group-0837F8C12971: shutdown
2022-12-19 18:40:02,166 [Command processor thread] INFO  util.JmxRegister (JmxRegister.java:unregister(73)) - Successfully un-registered JMX Bean with object name Ratis:service=RaftServer,group=group-0837F8C12971,id=bb729a89-1f9d-479b-ba94-fb09a3e8e4eb
2022-12-19 18:40:02,166 [Command processor thread] INFO  impl.RoleInfo (RoleInfo.java:shutdownFollowerState(110)) - bb729a89-1f9d-479b-ba94-fb09a3e8e4eb: shutdown bb729a89-1f9d-479b-ba94-fb09a3e8e4eb@group-0837F8C12971-FollowerState
2022-12-19 18:40:02,166 [Command processor thread] INFO  impl.StateMachineUpdater (StateMachineUpdater.java:stopAndJoin(153)) - bb729a89-1f9d-479b-ba94-fb09a3e8e4eb@group-0837F8C12971-StateMachineUpdater: set stopIndex = 0
2022-12-19 18:40:02,166 [bb729a89-1f9d-479b-ba94-fb09a3e8e4eb@group-0837F8C12971-FollowerState] INFO  impl.FollowerState (FollowerState.java:run(152)) - bb729a89-1f9d-479b-ba94-fb09a3e8e4eb@group-0837F8C12971-FollowerState was interrupted
2022-12-19 18:40:02,167 [bb729a89-1f9d-479b-ba94-fb09a3e8e4eb@group-0837F8C12971-StateMachineUpdater] INFO  ratis.ContainerStateMachine (ContainerStateMachine.java:takeSnapshot(308)) - group-0837F8C12971: Taking a snapshot at:(t:2, i:0) file /home/runner/work/ozone/ozone/hadoop-ozone/integration-test/target/test-dir/MiniOzoneClusterImpl-5ce33d81-cd12-4481-bdd0-3091a3c691f6/datanode-1/data/ratis/2b906007-ef20-4957-b68f-0837f8c12971/sm/snapshot.2_0
2022-12-19 18:40:02,168 [bb729a89-1f9d-479b-ba94-fb09a3e8e4eb@group-0837F8C12971-StateMachineUpdater] INFO  ratis.ContainerStateMachine (ContainerStateMachine.java:takeSnapshot(319)) - group-0837F8C12971: Finished taking a snapshot at:(t:2, i:0) file:/home/runner/work/ozone/ozone/hadoop-ozone/integration-test/target/test-dir/MiniOzoneClusterImpl-5ce33d81-cd12-4481-bdd0-3091a3c691f6/datanode-1/data/ratis/2b906007-ef20-4957-b68f-0837f8c12971/sm/snapshot.2_0 took: 1 ms
2022-12-19 18:40:02,168 [bb729a89-1f9d-479b-ba94-fb09a3e8e4eb@group-0837F8C12971-StateMachineUpdater] INFO  impl.StateMachineUpdater (StateMachineUpdater.java:takeSnapshot(287)) - bb729a89-1f9d-479b-ba94-fb09a3e8e4eb@group-0837F8C12971-StateMachineUpdater: Took a snapshot at index 0
2022-12-19 18:40:02,168 [bb729a89-1f9d-479b-ba94-fb09a3e8e4eb@group-0837F8C12971-StateMachineUpdater] INFO  impl.StateMachineUpdater (StateMachineUpdater.java:lambda$new$0(92)) - bb729a89-1f9d-479b-ba94-fb09a3e8e4eb@group-0837F8C12971-StateMachineUpdater: snapshotIndex: updateIncreasingly -1 -> 0
2022-12-19 18:40:02,169 [Command processor thread] INFO  server.RaftServer$Division (ServerState.java:close(466)) - bb729a89-1f9d-479b-ba94-fb09a3e8e4eb@group-0837F8C12971: closes. applyIndex: 0
2022-12-19 18:40:02,169 [bb729a89-1f9d-479b-ba94-fb09a3e8e4eb@group-0837F8C12971-SegmentedRaftLogWorker] INFO  segmented.SegmentedRaftLogWorker (SegmentedRaftLogWorker.java:run(347)) - bb729a89-1f9d-479b-ba94-fb09a3e8e4eb@group-0837F8C12971-SegmentedRaftLogWorker was interrupted, exiting. There are 0 tasks remaining in the queue.
2022-12-19 18:40:02,169 [Command processor thread] INFO  segmented.SegmentedRaftLogWorker (SegmentedRaftLogWorker.java:close(257)) - bb729a89-1f9d-479b-ba94-fb09a3e8e4eb@group-0837F8C12971-SegmentedRaftLogWorker close()
2022-12-19 18:40:02,171 [Command processor thread] INFO  server.RaftServer$Division (RaftServerImpl.java:groupRemove(428)) - bb729a89-1f9d-479b-ba94-fb09a3e8e4eb@group-0837F8C12971: Succeed to remove RaftStorageDirectory Storage Directory /home/runner/work/ozone/ozone/hadoop-ozone/integration-test/target/test-dir/MiniOzoneClusterImpl-5ce33d81-cd12-4481-bdd0-3091a3c691f6/datanode-1/data/ratis/2b906007-ef20-4957-b68f-0837f8c12971
2022-12-19 18:40:02,171 [Command processor thread] INFO  commandhandler.ClosePipelineCommandHandler (ClosePipelineCommandHandler.java:handle(78)) - Close Pipeline PipelineID=2b906007-ef20-4957-b68f-0837f8c12971 command on datanode bb729a89-1f9d-479b-ba94-fb09a3e8e4eb.
2022-12-19 18:40:02,171 [Command processor thread] INFO  server.RaftServer (RaftServerProxy.java:remove(107)) - bb729a89-1f9d-479b-ba94-fb09a3e8e4eb: remove    LEADER bb729a89-1f9d-479b-ba94-fb09a3e8e4eb@group-36058ED0B8A3:t2, leader=bb729a89-1f9d-479b-ba94-fb09a3e8e4eb, voted=bb729a89-1f9d-479b-ba94-fb09a3e8e4eb, raftlog=Memoized:bb729a89-1f9d-479b-ba94-fb09a3e8e4eb@group-36058ED0B8A3-SegmentedRaftLog:OPENED:c0, conf=0: peers:[daa36c1e-9cf4-4c94-819a-0a52a71ceb67|rpc:10.1.0.24:37077|dataStream:10.1.0.24:39585|priority:0|startupRole:FOLLOWER, bb729a89-1f9d-479b-ba94-fb09a3e8e4eb|rpc:10.1.0.24:38595|dataStream:10.1.0.24:37531|priority:1|startupRole:FOLLOWER, 12d62a03-33f5-4ac8-ab31-68f2c1a01619|rpc:10.1.0.24:44073|dataStream:10.1.0.24:40631|priority:0|startupRole:FOLLOWER]|listeners:[], old=null RUNNING
2022-12-19 18:40:02,171 [Command processor thread] INFO  server.RaftServer$Division (RaftServerImpl.java:lambda$close$4(458)) - bb729a89-1f9d-479b-ba94-fb09a3e8e4eb@group-36058ED0B8A3: shutdown
2022-12-19 18:40:02,171 [Command processor thread] INFO  util.JmxRegister (JmxRegister.java:unregister(73)) - Successfully un-registered JMX Bean with object name Ratis:service=RaftServer,group=group-36058ED0B8A3,id=bb729a89-1f9d-479b-ba94-fb09a3e8e4eb
2022-12-19 18:40:02,171 [Command processor thread] INFO  impl.RoleInfo (RoleInfo.java:shutdownLeaderState(93)) - bb729a89-1f9d-479b-ba94-fb09a3e8e4eb: shutdown bb729a89-1f9d-479b-ba94-fb09a3e8e4eb@group-36058ED0B8A3-LeaderStateImpl
2022-12-19 18:40:02,171 [Command processor thread] INFO  impl.PendingRequests (PendingRequests.java:sendNotLeaderResponses(282)) - bb729a89-1f9d-479b-ba94-fb09a3e8e4eb@group-36058ED0B8A3-PendingRequests: sendNotLeaderResponses
2022-12-19 18:40:02,172 [Command processor thread] INFO  impl.StateMachineUpdater (StateMachineUpdater.java:stopAndJoin(153)) - bb729a89-1f9d-479b-ba94-fb09a3e8e4eb@group-36058ED0B8A3-StateMachineUpdater: set stopIndex = 0
2022-12-19 18:40:02,172 [bb729a89-1f9d-479b-ba94-fb09a3e8e4eb@group-36058ED0B8A3->12d62a03-33f5-4ac8-ab31-68f2c1a01619-GrpcLogAppender-LogAppenderDaemon] WARN  server.GrpcLogAppender (GrpcLogAppender.java:mayWait(200)) - bb729a89-1f9d-479b-ba94-fb09a3e8e4eb@group-36058ED0B8A3->12d62a03-33f5-4ac8-ab31-68f2c1a01619-GrpcLogAppender: Wait interrupted by java.lang.InterruptedException
2022-12-19 18:40:02,173 [grpc-default-executor-7] INFO  server.GrpcServerProtocolService (GrpcServerProtocolService.java:onCompleted(143)) - 12d62a03-33f5-4ac8-ab31-68f2c1a01619: Completed APPEND_ENTRIES, lastRequest: bb729a89-1f9d-479b-ba94-fb09a3e8e4eb->12d62a03-33f5-4ac8-ab31-68f2c1a01619#1-t2,previous=(t:0, i:0),leaderCommit=0,initializing? true,entries: size=1, first=(t:2, i:0), CONFIGURATIONENTRY(current:id: "daa36c1e-9cf4-4c94-819a-0a52a71ceb67"
address: "10.1.0.24:37077"
dataStreamAddress: "10.1.0.24:39585"
clientAddress: "10.1.0.24:37077"
adminAddress: "10.1.0.24:37077"
startupRole: FOLLOWER
,id: "bb729a89-1f9d-479b-ba94-fb09a3e8e4eb"
address: "10.1.0.24:38595"
priority: 1
dataStreamAddress: "10.1.0.24:37531"
clientAddress: "10.1.0.24:38595"
adminAddress: "10.1.0.24:38595"
startupRole: FOLLOWER
,id: "12d62a03-33f5-4ac8-ab31-68f2c1a01619"
address: "10.1.0.24:44073"
dataStreamAddress: "10.1.0.24:40631"
clientAddress: "10.1.0.24:44073"
adminAddress: "10.1.0.24:44073"
startupRole: FOLLOWER
, old:)
2022-12-19 18:40:02,173 [bb729a89-1f9d-479b-ba94-fb09a3e8e4eb@group-36058ED0B8A3->daa36c1e-9cf4-4c94-819a-0a52a71ceb67-GrpcLogAppender-LogAppenderDaemon] WARN  server.GrpcLogAppender (GrpcLogAppender.java:mayWait(200)) - bb729a89-1f9d-479b-ba94-fb09a3e8e4eb@group-36058ED0B8A3->daa36c1e-9cf4-4c94-819a-0a52a71ceb67-GrpcLogAppender: Wait interrupted by java.lang.InterruptedException
2022-12-19 18:40:02,173 [grpc-default-executor-6] INFO  server.GrpcServerProtocolService (GrpcServerProtocolService.java:onCompleted(143)) - 12d62a03-33f5-4ac8-ab31-68f2c1a01619: Completed APPEND_ENTRIES, lastRequest: null
2022-12-19 18:40:02,173 [grpc-default-executor-0] INFO  server.GrpcServerProtocolService (GrpcServerProtocolService.java:onCompleted(143)) - daa36c1e-9cf4-4c94-819a-0a52a71ceb67: Completed APPEND_ENTRIES, lastRequest: null
2022-12-19 18:40:02,174 [grpc-default-executor-4] INFO  server.GrpcServerProtocolService (GrpcServerProtocolService.java:onCompleted(143)) - daa36c1e-9cf4-4c94-819a-0a52a71ceb67: Completed APPEND_ENTRIES, lastRequest: bb729a89-1f9d-479b-ba94-fb09a3e8e4eb->daa36c1e-9cf4-4c94-819a-0a52a71ceb67#1-t2,previous=(t:0, i:0),leaderCommit=0,initializing? true,entries: size=1, first=(t:2, i:0), CONFIGURATIONENTRY(current:id: "daa36c1e-9cf4-4c94-819a-0a52a71ceb67"
address: "10.1.0.24:37077"
dataStreamAddress: "10.1.0.24:39585"
clientAddress: "10.1.0.24:37077"
adminAddress: "10.1.0.24:37077"
startupRole: FOLLOWER
,id: "bb729a89-1f9d-479b-ba94-fb09a3e8e4eb"
address: "10.1.0.24:38595"
priority: 1
dataStreamAddress: "10.1.0.24:37531"
clientAddress: "10.1.0.24:38595"
adminAddress: "10.1.0.24:38595"
startupRole: FOLLOWER
,id: "12d62a03-33f5-4ac8-ab31-68f2c1a01619"
address: "10.1.0.24:44073"
dataStreamAddress: "10.1.0.24:40631"
clientAddress: "10.1.0.24:44073"
adminAddress: "10.1.0.24:44073"
startupRole: FOLLOWER
, old:)
2022-12-19 18:40:02,174 [bb729a89-1f9d-479b-ba94-fb09a3e8e4eb@group-36058ED0B8A3-StateMachineUpdater] INFO  ratis.ContainerStateMachine (ContainerStateMachine.java:takeSnapshot(308)) - group-36058ED0B8A3: Taking a snapshot at:(t:2, i:0) file /home/runner/work/ozone/ozone/hadoop-ozone/integration-test/target/test-dir/MiniOzoneClusterImpl-5ce33d81-cd12-4481-bdd0-3091a3c691f6/datanode-1/data/ratis/ab9d739f-0530-43cf-bfdf-36058ed0b8a3/sm/snapshot.2_0
2022-12-19 18:40:02,174 [grpc-default-executor-4] INFO  server.GrpcLogAppender (GrpcLogAppender.java:onCompleted(415)) - bb729a89-1f9d-479b-ba94-fb09a3e8e4eb@group-36058ED0B8A3->daa36c1e-9cf4-4c94-819a-0a52a71ceb67-AppendLogResponseHandler: follower responses appendEntries COMPLETED
2022-12-19 18:40:02,174 [grpc-default-executor-4] INFO  leader.FollowerInfo (FollowerInfoImpl.java:lambda$new$0(48)) - bb729a89-1f9d-479b-ba94-fb09a3e8e4eb@group-36058ED0B8A3->daa36c1e-9cf4-4c94-819a-0a52a71ceb67: nextIndex: updateUnconditionally 1 -> 0
2022-12-19 18:40:02,174 [grpc-default-executor-4] INFO  server.GrpcLogAppender (GrpcLogAppender.java:onCompleted(415)) - bb729a89-1f9d-479b-ba94-fb09a3e8e4eb@group-36058ED0B8A3->12d62a03-33f5-4ac8-ab31-68f2c1a01619-AppendLogResponseHandler: follower responses appendEntries COMPLETED
2022-12-19 18:40:02,175 [grpc-default-executor-4] INFO  leader.FollowerInfo (FollowerInfoImpl.java:lambda$new$0(48)) - bb729a89-1f9d-479b-ba94-fb09a3e8e4eb@group-36058ED0B8A3->12d62a03-33f5-4ac8-ab31-68f2c1a01619: nextIndex: updateUnconditionally 1 -> 0
2022-12-19 18:40:02,175 [grpc-default-executor-7] INFO  server.GrpcLogAppender (GrpcLogAppender.java:onCompleted(415)) - bb729a89-1f9d-479b-ba94-fb09a3e8e4eb@group-36058ED0B8A3->daa36c1e-9cf4-4c94-819a-0a52a71ceb67-AppendLogResponseHandler: follower responses appendEntries COMPLETED
2022-12-19 18:40:02,175 [grpc-default-executor-7] INFO  leader.FollowerInfo (FollowerInfoImpl.java:lambda$new$0(48)) - bb729a89-1f9d-479b-ba94-fb09a3e8e4eb@group-36058ED0B8A3->daa36c1e-9cf4-4c94-819a-0a52a71ceb67: nextIndex: updateUnconditionally 0 -> 0
2022-12-19 18:40:02,175 [bb729a89-1f9d-479b-ba94-fb09a3e8e4eb@group-36058ED0B8A3-StateMachineUpdater] INFO  ratis.ContainerStateMachine (ContainerStateMachine.java:takeSnapshot(319)) - group-36058ED0B8A3: Finished taking a snapshot at:(t:2, i:0) file:/home/runner/work/ozone/ozone/hadoop-ozone/integration-test/target/test-dir/MiniOzoneClusterImpl-5ce33d81-cd12-4481-bdd0-3091a3c691f6/datanode-1/data/ratis/ab9d739f-0530-43cf-bfdf-36058ed0b8a3/sm/snapshot.2_0 took: 1 ms
2022-12-19 18:40:02,175 [bb729a89-1f9d-479b-ba94-fb09a3e8e4eb@group-36058ED0B8A3-StateMachineUpdater] INFO  impl.StateMachineUpdater (StateMachineUpdater.java:takeSnapshot(287)) - bb729a89-1f9d-479b-ba94-fb09a3e8e4eb@group-36058ED0B8A3-StateMachineUpdater: Took a snapshot at index 0
2022-12-19 18:40:02,175 [bb729a89-1f9d-479b-ba94-fb09a3e8e4eb@group-36058ED0B8A3-StateMachineUpdater] INFO  impl.StateMachineUpdater (StateMachineUpdater.java:lambda$new$0(92)) - bb729a89-1f9d-479b-ba94-fb09a3e8e4eb@group-36058ED0B8A3-StateMachineUpdater: snapshotIndex: updateIncreasingly -1 -> 0
2022-12-19 18:40:02,175 [Command processor thread] INFO  server.RaftServer$Division (ServerState.java:close(466)) - bb729a89-1f9d-479b-ba94-fb09a3e8e4eb@group-36058ED0B8A3: closes. applyIndex: 0
2022-12-19 18:40:02,175 [bb729a89-1f9d-479b-ba94-fb09a3e8e4eb@group-36058ED0B8A3-SegmentedRaftLogWorker] INFO  segmented.SegmentedRaftLogWorker (SegmentedRaftLogWorker.java:run(347)) - bb729a89-1f9d-479b-ba94-fb09a3e8e4eb@group-36058ED0B8A3-SegmentedRaftLogWorker was interrupted, exiting. There are 0 tasks remaining in the queue.
2022-12-19 18:40:02,177 [grpc-default-executor-7] INFO  server.GrpcLogAppender (GrpcLogAppender.java:onCompleted(415)) - bb729a89-1f9d-479b-ba94-fb09a3e8e4eb@group-36058ED0B8A3->12d62a03-33f5-4ac8-ab31-68f2c1a01619-AppendLogResponseHandler: follower responses appendEntries COMPLETED
2022-12-19 18:40:02,177 [Command processor thread] INFO  segmented.SegmentedRaftLogWorker (SegmentedRaftLogWorker.java:close(257)) - bb729a89-1f9d-479b-ba94-fb09a3e8e4eb@group-36058ED0B8A3-SegmentedRaftLogWorker close()
2022-12-19 18:40:02,177 [grpc-default-executor-7] INFO  leader.FollowerInfo (FollowerInfoImpl.java:lambda$new$0(48)) - bb729a89-1f9d-479b-ba94-fb09a3e8e4eb@group-36058ED0B8A3->12d62a03-33f5-4ac8-ab31-68f2c1a01619: nextIndex: updateUnconditionally 0 -> 0
2022-12-19 18:40:02,178 [Command processor thread] INFO  server.RaftServer$Division (RaftServerImpl.java:groupRemove(428)) - bb729a89-1f9d-479b-ba94-fb09a3e8e4eb@group-36058ED0B8A3: Succeed to remove RaftStorageDirectory Storage Directory /home/runner/work/ozone/ozone/hadoop-ozone/integration-test/target/test-dir/MiniOzoneClusterImpl-5ce33d81-cd12-4481-bdd0-3091a3c691f6/datanode-1/data/ratis/ab9d739f-0530-43cf-bfdf-36058ed0b8a3
2022-12-19 18:40:02,178 [Command processor thread] INFO  commandhandler.ClosePipelineCommandHandler (ClosePipelineCommandHandler.java:handle(78)) - Close Pipeline PipelineID=ab9d739f-0530-43cf-bfdf-36058ed0b8a3 command on datanode bb729a89-1f9d-479b-ba94-fb09a3e8e4eb.
2022-12-19 18:40:02,934 [EventQueue-CommandQueueReportForCommandQueueReportHandler] WARN  events.EventQueue (EventQueue.java:fireEvent(216)) - No event handler registered for event TypedEvent{payloadType=DatanodeDetails, name='Datanode_Command_Queue_Updated'}
2022-12-19 18:40:02,936 [EventQueue-CommandQueueReportForCommandQueueReportHandler] WARN  events.EventQueue (EventQueue.java:fireEvent(216)) - No event handler registered for event TypedEvent{payloadType=DatanodeDetails, name='Datanode_Command_Queue_Updated'}
2022-12-19 18:40:03,111 [EventQueue-CommandQueueReportForCommandQueueReportHandler] WARN  events.EventQueue (EventQueue.java:fireEvent(216)) - No event handler registered for event TypedEvent{payloadType=DatanodeDetails, name='Datanode_Command_Queue_Updated'}
2022-12-19 18:40:03,166 [EventQueue-CommandQueueReportForCommandQueueReportHandler] WARN  events.EventQueue (EventQueue.java:fireEvent(216)) - No event handler registered for event TypedEvent{payloadType=DatanodeDetails, name='Datanode_Command_Queue_Updated'}
2022-12-19 18:40:03,921 [EventQueue-CommandQueueReportForCommandQueueReportHandler] WARN  events.EventQueue (EventQueue.java:fireEvent(216)) - No event handler registered for event TypedEvent{payloadType=DatanodeDetails, name='Datanode_Command_Queue_Updated'}
2022-12-19 18:40:03,952 [EventQueue-CommandQueueReportForCommandQueueReportHandler] WARN  events.EventQueue (EventQueue.java:fireEvent(216)) - No event handler registered for event TypedEvent{payloadType=DatanodeDetails, name='Datanode_Command_Queue_Updated'}
2022-12-19 18:40:04,935 [EventQueue-CommandQueueReportForCommandQueueReportHandler] WARN  events.EventQueue (EventQueue.java:fireEvent(216)) - No event handler registered for event TypedEvent{payloadType=DatanodeDetails, name='Datanode_Command_Queue_Updated'}
2022-12-19 18:40:04,936 [EventQueue-CommandQueueReportForCommandQueueReportHandler] WARN  events.EventQueue (EventQueue.java:fireEvent(216)) - No event handler registered for event TypedEvent{payloadType=DatanodeDetails, name='Datanode_Command_Queue_Updated'}
2022-12-19 18:40:05,071 [f143390d-7c87-4621-8359-d245efaa75b3@group-1926F592E147-FollowerState] INFO  impl.FollowerState (FollowerState.java:run(143)) - f143390d-7c87-4621-8359-d245efaa75b3@group-1926F592E147-FollowerState: change to CANDIDATE, lastRpcElapsedTime:5012384675ns, electionTimeout:5012ms
2022-12-19 18:40:05,071 [f143390d-7c87-4621-8359-d245efaa75b3@group-1926F592E147-FollowerState] INFO  impl.RoleInfo (RoleInfo.java:shutdownFollowerState(110)) - f143390d-7c87-4621-8359-d245efaa75b3: shutdown f143390d-7c87-4621-8359-d245efaa75b3@group-1926F592E147-FollowerState
2022-12-19 18:40:05,072 [f143390d-7c87-4621-8359-d245efaa75b3@group-1926F592E147-FollowerState] INFO  server.RaftServer$Division (RaftServerImpl.java:setRole(321)) - f143390d-7c87-4621-8359-d245efaa75b3@group-1926F592E147: changes role from  FOLLOWER to CANDIDATE at term 2 for changeToCandidate
2022-12-19 18:40:05,072 [f143390d-7c87-4621-8359-d245efaa75b3@group-1926F592E147-FollowerState] INFO  server.RaftServerConfigKeys (ConfUtils.java:logGet(46)) - raft.server.leaderelection.pre-vote = false (custom)
2022-12-19 18:40:05,072 [f143390d-7c87-4621-8359-d245efaa75b3@group-1926F592E147-FollowerState] INFO  impl.RoleInfo (RoleInfo.java:updateAndGet(139)) - f143390d-7c87-4621-8359-d245efaa75b3: start f143390d-7c87-4621-8359-d245efaa75b3@group-1926F592E147-LeaderElection30
2022-12-19 18:40:05,074 [f143390d-7c87-4621-8359-d245efaa75b3@group-1926F592E147-LeaderElection30] INFO  impl.LeaderElection (LeaderElection.java:askForVotes(312)) - f143390d-7c87-4621-8359-d245efaa75b3@group-1926F592E147-LeaderElection30 ELECTION round 0: submit vote requests at term 3 for -1: peers:[f143390d-7c87-4621-8359-d245efaa75b3|rpc:10.1.0.24:44783|dataStream:10.1.0.24:41301|priority:0|startupRole:FOLLOWER, 156d136a-08eb-462a-8e45-2bca38fc9d49|rpc:10.1.0.24:44445|dataStream:10.1.0.24:42007|priority:0|startupRole:FOLLOWER, 72a8f579-b929-42a4-a748-3b6f638fc788|rpc:10.1.0.24:40679|dataStream:10.1.0.24:37423|priority:1|startupRole:FOLLOWER]|listeners:[], old=null
2022-12-19 18:40:05,074 [f143390d-7c87-4621-8359-d245efaa75b3@group-1926F592E147-LeaderElection30] INFO  server.RaftServerConfigKeys (ConfUtils.java:logFallback(53)) - raft.server.rpc.first-election.timeout.min = 5s (fallback to raft.server.rpc.timeout.min)
2022-12-19 18:40:05,074 [f143390d-7c87-4621-8359-d245efaa75b3@group-1926F592E147-LeaderElection30] INFO  server.RaftServerConfigKeys (ConfUtils.java:logFallback(53)) - raft.server.rpc.first-election.timeout.max = 5200ms (fallback to raft.server.rpc.timeout.max)
2022-12-19 18:40:05,076 [grpc-default-executor-7] INFO  server.RaftServer$Division (RaftServerImpl.java:requestVote(1218)) - 156d136a-08eb-462a-8e45-2bca38fc9d49@group-1926F592E147: receive requestVote(ELECTION, f143390d-7c87-4621-8359-d245efaa75b3, group-1926F592E147, 3, (t:0, i:0))
2022-12-19 18:40:05,076 [grpc-default-executor-7] INFO  impl.VoteContext (VoteContext.java:log(49)) - 156d136a-08eb-462a-8e45-2bca38fc9d49@group-1926F592E147-FOLLOWER: accept ELECTION from f143390d-7c87-4621-8359-d245efaa75b3: our priority 0 <= candidate's priority 0
2022-12-19 18:40:05,076 [grpc-default-executor-7] INFO  server.RaftServer$Division (RaftServerImpl.java:setRole(321)) - 156d136a-08eb-462a-8e45-2bca38fc9d49@group-1926F592E147: changes role from  FOLLOWER to FOLLOWER at term 3 for candidate:f143390d-7c87-4621-8359-d245efaa75b3
2022-12-19 18:40:05,076 [grpc-default-executor-7] INFO  impl.RoleInfo (RoleInfo.java:shutdownFollowerState(110)) - 156d136a-08eb-462a-8e45-2bca38fc9d49: shutdown 156d136a-08eb-462a-8e45-2bca38fc9d49@group-1926F592E147-FollowerState
2022-12-19 18:40:05,076 [grpc-default-executor-7] INFO  impl.RoleInfo (RoleInfo.java:updateAndGet(139)) - 156d136a-08eb-462a-8e45-2bca38fc9d49: start 156d136a-08eb-462a-8e45-2bca38fc9d49@group-1926F592E147-FollowerState
2022-12-19 18:40:05,076 [156d136a-08eb-462a-8e45-2bca38fc9d49@group-1926F592E147-FollowerState] INFO  impl.FollowerState (FollowerState.java:run(152)) - 156d136a-08eb-462a-8e45-2bca38fc9d49@group-1926F592E147-FollowerState was interrupted
2022-12-19 18:40:05,080 [grpc-default-executor-7] INFO  server.RaftServer$Division (RaftServerImpl.java:requestVote(1251)) - 156d136a-08eb-462a-8e45-2bca38fc9d49@group-1926F592E147 replies to ELECTION vote request: f143390d-7c87-4621-8359-d245efaa75b3<-156d136a-08eb-462a-8e45-2bca38fc9d49#0:OK-t3. Peer's state: 156d136a-08eb-462a-8e45-2bca38fc9d49@group-1926F592E147:t3, leader=null, voted=f143390d-7c87-4621-8359-d245efaa75b3, raftlog=Memoized:156d136a-08eb-462a-8e45-2bca38fc9d49@group-1926F592E147-SegmentedRaftLog:OPENED:c-1, conf=-1: peers:[f143390d-7c87-4621-8359-d245efaa75b3|rpc:10.1.0.24:44783|dataStream:10.1.0.24:41301|priority:0|startupRole:FOLLOWER, 156d136a-08eb-462a-8e45-2bca38fc9d49|rpc:10.1.0.24:44445|dataStream:10.1.0.24:42007|priority:0|startupRole:FOLLOWER, 72a8f579-b929-42a4-a748-3b6f638fc788|rpc:10.1.0.24:40679|dataStream:10.1.0.24:37423|priority:1|startupRole:FOLLOWER]|listeners:[], old=null
2022-12-19 18:40:05,080 [156d136a-08eb-462a-8e45-2bca38fc9d49@group-1926F592E147-FollowerState] INFO  server.RaftServerConfigKeys (ConfUtils.java:logFallback(53)) - raft.server.rpc.first-election.timeout.min = 5s (fallback to raft.server.rpc.timeout.min)
2022-12-19 18:40:05,080 [156d136a-08eb-462a-8e45-2bca38fc9d49@group-1926F592E147-FollowerState] INFO  server.RaftServerConfigKeys (ConfUtils.java:logFallback(53)) - raft.server.rpc.first-election.timeout.max = 5200ms (fallback to raft.server.rpc.timeout.max)
2022-12-19 18:40:05,082 [grpc-default-executor-7] INFO  server.RaftServer$Division (RaftServerImpl.java:requestVote(1218)) - 72a8f579-b929-42a4-a748-3b6f638fc788@group-1926F592E147: receive requestVote(ELECTION, f143390d-7c87-4621-8359-d245efaa75b3, group-1926F592E147, 3, (t:0, i:0))
2022-12-19 18:40:05,082 [grpc-default-executor-7] INFO  impl.VoteContext (VoteContext.java:log(49)) - 72a8f579-b929-42a4-a748-3b6f638fc788@group-1926F592E147-FOLLOWER: reject ELECTION from f143390d-7c87-4621-8359-d245efaa75b3: our priority 1 > candidate's priority 0
2022-12-19 18:40:05,082 [grpc-default-executor-7] INFO  server.RaftServer$Division (RaftServerImpl.java:setRole(321)) - 72a8f579-b929-42a4-a748-3b6f638fc788@group-1926F592E147: changes role from  FOLLOWER to FOLLOWER at term 3 for candidate:f143390d-7c87-4621-8359-d245efaa75b3
2022-12-19 18:40:05,082 [grpc-default-executor-7] INFO  impl.RoleInfo (RoleInfo.java:shutdownFollowerState(110)) - 72a8f579-b929-42a4-a748-3b6f638fc788: shutdown 72a8f579-b929-42a4-a748-3b6f638fc788@group-1926F592E147-FollowerState
2022-12-19 18:40:05,082 [grpc-default-executor-7] INFO  impl.RoleInfo (RoleInfo.java:updateAndGet(139)) - 72a8f579-b929-42a4-a748-3b6f638fc788: start 72a8f579-b929-42a4-a748-3b6f638fc788@group-1926F592E147-FollowerState
2022-12-19 18:40:05,082 [72a8f579-b929-42a4-a748-3b6f638fc788@group-1926F592E147-FollowerState] INFO  impl.FollowerState (FollowerState.java:run(152)) - 72a8f579-b929-42a4-a748-3b6f638fc788@group-1926F592E147-FollowerState was interrupted
2022-12-19 18:40:05,088 [72a8f579-b929-42a4-a748-3b6f638fc788@group-1926F592E147-FollowerState] INFO  server.RaftServerConfigKeys (ConfUtils.java:logFallback(53)) - raft.server.rpc.first-election.timeout.min = 5s (fallback to raft.server.rpc.timeout.min)
2022-12-19 18:40:05,088 [72a8f579-b929-42a4-a748-3b6f638fc788@group-1926F592E147-FollowerState] INFO  server.RaftServerConfigKeys (ConfUtils.java:logFallback(53)) - raft.server.rpc.first-election.timeout.max = 5200ms (fallback to raft.server.rpc.timeout.max)
2022-12-19 18:40:05,088 [grpc-default-executor-7] INFO  server.RaftServer$Division (RaftServerImpl.java:requestVote(1251)) - 72a8f579-b929-42a4-a748-3b6f638fc788@group-1926F592E147 replies to ELECTION vote request: f143390d-7c87-4621-8359-d245efaa75b3<-72a8f579-b929-42a4-a748-3b6f638fc788#0:FAIL-t3. Peer's state: 72a8f579-b929-42a4-a748-3b6f638fc788@group-1926F592E147:t3, leader=null, voted=null, raftlog=Memoized:72a8f579-b929-42a4-a748-3b6f638fc788@group-1926F592E147-SegmentedRaftLog:OPENED:c-1, conf=-1: peers:[f143390d-7c87-4621-8359-d245efaa75b3|rpc:10.1.0.24:44783|dataStream:10.1.0.24:41301|priority:0|startupRole:FOLLOWER, 156d136a-08eb-462a-8e45-2bca38fc9d49|rpc:10.1.0.24:44445|dataStream:10.1.0.24:42007|priority:0|startupRole:FOLLOWER, 72a8f579-b929-42a4-a748-3b6f638fc788|rpc:10.1.0.24:40679|dataStream:10.1.0.24:37423|priority:1|startupRole:FOLLOWER]|listeners:[], old=null
2022-12-19 18:40:05,089 [f143390d-7c87-4621-8359-d245efaa75b3@group-1926F592E147-LeaderElection30] INFO  impl.LeaderElection (LeaderElection.java:logAndReturn(90)) - f143390d-7c87-4621-8359-d245efaa75b3@group-1926F592E147-LeaderElection30: ELECTION REJECTED received 2 response(s) and 0 exception(s):
2022-12-19 18:40:05,090 [f143390d-7c87-4621-8359-d245efaa75b3@group-1926F592E147-LeaderElection30] INFO  impl.LeaderElection (LeaderElection.java:logAndReturn(94)) -   Response 0: f143390d-7c87-4621-8359-d245efaa75b3<-156d136a-08eb-462a-8e45-2bca38fc9d49#0:OK-t3
2022-12-19 18:40:05,090 [f143390d-7c87-4621-8359-d245efaa75b3@group-1926F592E147-LeaderElection30] INFO  impl.LeaderElection (LeaderElection.java:logAndReturn(94)) -   Response 1: f143390d-7c87-4621-8359-d245efaa75b3<-72a8f579-b929-42a4-a748-3b6f638fc788#0:FAIL-t3
2022-12-19 18:40:05,090 [f143390d-7c87-4621-8359-d245efaa75b3@group-1926F592E147-LeaderElection30] INFO  impl.LeaderElection (LeaderElection.java:askForVotes(314)) - f143390d-7c87-4621-8359-d245efaa75b3@group-1926F592E147-LeaderElection30 ELECTION round 0: result REJECTED
2022-12-19 18:40:05,090 [f143390d-7c87-4621-8359-d245efaa75b3@group-1926F592E147-LeaderElection30] INFO  server.RaftServer$Division (RaftServerImpl.java:setRole(321)) - f143390d-7c87-4621-8359-d245efaa75b3@group-1926F592E147: changes role from CANDIDATE to FOLLOWER at term 3 for REJECTED
2022-12-19 18:40:05,090 [f143390d-7c87-4621-8359-d245efaa75b3@group-1926F592E147-LeaderElection30] INFO  impl.RoleInfo (RoleInfo.java:shutdownLeaderElection(130)) - f143390d-7c87-4621-8359-d245efaa75b3: shutdown f143390d-7c87-4621-8359-d245efaa75b3@group-1926F592E147-LeaderElection30
2022-12-19 18:40:05,090 [f143390d-7c87-4621-8359-d245efaa75b3@group-1926F592E147-LeaderElection30] INFO  impl.RoleInfo (RoleInfo.java:updateAndGet(139)) - f143390d-7c87-4621-8359-d245efaa75b3: start f143390d-7c87-4621-8359-d245efaa75b3@group-1926F592E147-FollowerState
2022-12-19 18:40:05,090 [f143390d-7c87-4621-8359-d245efaa75b3@group-1926F592E147-FollowerState] INFO  server.RaftServerConfigKeys (ConfUtils.java:logFallback(53)) - raft.server.rpc.first-election.timeout.min = 5s (fallback to raft.server.rpc.timeout.min)
2022-12-19 18:40:05,090 [f143390d-7c87-4621-8359-d245efaa75b3@group-1926F592E147-FollowerState] INFO  server.RaftServerConfigKeys (ConfUtils.java:logFallback(53)) - raft.server.rpc.first-election.timeout.max = 5200ms (fallback to raft.server.rpc.timeout.max)
2022-12-19 18:40:05,111 [EventQueue-CommandQueueReportForCommandQueueReportHandler] WARN  events.EventQueue (EventQueue.java:fireEvent(216)) - No event handler registered for event TypedEvent{payloadType=DatanodeDetails, name='Datanode_Command_Queue_Updated'}
2022-12-19 18:40:05,166 [EventQueue-CommandQueueReportForCommandQueueReportHandler] WARN  events.EventQueue (EventQueue.java:fireEvent(216)) - No event handler registered for event TypedEvent{payloadType=DatanodeDetails, name='Datanode_Command_Queue_Updated'}
2022-12-19 18:40:05,922 [EventQueue-CommandQueueReportForCommandQueueReportHandler] WARN  events.EventQueue (EventQueue.java:fireEvent(216)) - No event handler registered for event TypedEvent{payloadType=DatanodeDetails, name='Datanode_Command_Queue_Updated'}
2022-12-19 18:40:05,953 [EventQueue-CommandQueueReportForCommandQueueReportHandler] WARN  events.EventQueue (EventQueue.java:fireEvent(216)) - No event handler registered for event TypedEvent{payloadType=DatanodeDetails, name='Datanode_Command_Queue_Updated'}
2022-12-19 18:40:06,934 [EventQueue-CommandQueueReportForCommandQueueReportHandler] WARN  events.EventQueue (EventQueue.java:fireEvent(216)) - No event handler registered for event TypedEvent{payloadType=DatanodeDetails, name='Datanode_Command_Queue_Updated'}
2022-12-19 18:40:06,936 [EventQueue-CommandQueueReportForCommandQueueReportHandler] WARN  events.EventQueue (EventQueue.java:fireEvent(216)) - No event handler registered for event TypedEvent{payloadType=DatanodeDetails, name='Datanode_Command_Queue_Updated'}
2022-12-19 18:40:07,112 [EventQueue-CommandQueueReportForCommandQueueReportHandler] WARN  events.EventQueue (EventQueue.java:fireEvent(216)) - No event handler registered for event TypedEvent{payloadType=DatanodeDetails, name='Datanode_Command_Queue_Updated'}
2022-12-19 18:40:07,167 [EventQueue-CommandQueueReportForCommandQueueReportHandler] WARN  events.EventQueue (EventQueue.java:fireEvent(216)) - No event handler registered for event TypedEvent{payloadType=DatanodeDetails, name='Datanode_Command_Queue_Updated'}
2022-12-19 18:40:07,922 [EventQueue-CommandQueueReportForCommandQueueReportHandler] WARN  events.EventQueue (EventQueue.java:fireEvent(216)) - No event handler registered for event TypedEvent{payloadType=DatanodeDetails, name='Datanode_Command_Queue_Updated'}
2022-12-19 18:40:07,952 [EventQueue-CommandQueueReportForCommandQueueReportHandler] WARN  events.EventQueue (EventQueue.java:fireEvent(216)) - No event handler registered for event TypedEvent{payloadType=DatanodeDetails, name='Datanode_Command_Queue_Updated'}
2022-12-19 18:40:08,935 [EventQueue-CommandQueueReportForCommandQueueReportHandler] WARN  events.EventQueue (EventQueue.java:fireEvent(216)) - No event handler registered for event TypedEvent{payloadType=DatanodeDetails, name='Datanode_Command_Queue_Updated'}
2022-12-19 18:40:08,936 [EventQueue-CommandQueueReportForCommandQueueReportHandler] WARN  events.EventQueue (EventQueue.java:fireEvent(216)) - No event handler registered for event TypedEvent{payloadType=DatanodeDetails, name='Datanode_Command_Queue_Updated'}
2022-12-19 18:40:09,112 [EventQueue-CommandQueueReportForCommandQueueReportHandler] WARN  events.EventQueue (EventQueue.java:fireEvent(216)) - No event handler registered for event TypedEvent{payloadType=DatanodeDetails, name='Datanode_Command_Queue_Updated'}
2022-12-19 18:40:09,167 [EventQueue-CommandQueueReportForCommandQueueReportHandler] WARN  events.EventQueue (EventQueue.java:fireEvent(216)) - No event handler registered for event TypedEvent{payloadType=DatanodeDetails, name='Datanode_Command_Queue_Updated'}
2022-12-19 18:40:09,921 [EventQueue-CommandQueueReportForCommandQueueReportHandler] WARN  events.EventQueue (EventQueue.java:fireEvent(216)) - No event handler registered for event TypedEvent{payloadType=DatanodeDetails, name='Datanode_Command_Queue_Updated'}
2022-12-19 18:40:09,953 [EventQueue-CommandQueueReportForCommandQueueReportHandler] WARN  events.EventQueue (EventQueue.java:fireEvent(216)) - No event handler registered for event TypedEvent{payloadType=DatanodeDetails, name='Datanode_Command_Queue_Updated'}
2022-12-19 18:40:10,251 [f143390d-7c87-4621-8359-d245efaa75b3@group-1926F592E147-FollowerState] INFO  impl.FollowerState (FollowerState.java:run(143)) - f143390d-7c87-4621-8359-d245efaa75b3@group-1926F592E147-FollowerState: change to CANDIDATE, lastRpcElapsedTime:5161478488ns, electionTimeout:5161ms
2022-12-19 18:40:10,251 [f143390d-7c87-4621-8359-d245efaa75b3@group-1926F592E147-FollowerState] INFO  impl.RoleInfo (RoleInfo.java:shutdownFollowerState(110)) - f143390d-7c87-4621-8359-d245efaa75b3: shutdown f143390d-7c87-4621-8359-d245efaa75b3@group-1926F592E147-FollowerState
2022-12-19 18:40:10,251 [f143390d-7c87-4621-8359-d245efaa75b3@group-1926F592E147-FollowerState] INFO  server.RaftServer$Division (RaftServerImpl.java:setRole(321)) - f143390d-7c87-4621-8359-d245efaa75b3@group-1926F592E147: changes role from  FOLLOWER to CANDIDATE at term 3 for changeToCandidate
2022-12-19 18:40:10,252 [f143390d-7c87-4621-8359-d245efaa75b3@group-1926F592E147-FollowerState] INFO  server.RaftServerConfigKeys (ConfUtils.java:logGet(46)) - raft.server.leaderelection.pre-vote = false (custom)
2022-12-19 18:40:10,252 [f143390d-7c87-4621-8359-d245efaa75b3@group-1926F592E147-FollowerState] INFO  impl.RoleInfo (RoleInfo.java:updateAndGet(139)) - f143390d-7c87-4621-8359-d245efaa75b3: start f143390d-7c87-4621-8359-d245efaa75b3@group-1926F592E147-LeaderElection31
2022-12-19 18:40:10,257 [f143390d-7c87-4621-8359-d245efaa75b3@group-1926F592E147-LeaderElection31] INFO  impl.LeaderElection (LeaderElection.java:askForVotes(312)) - f143390d-7c87-4621-8359-d245efaa75b3@group-1926F592E147-LeaderElection31 ELECTION round 0: submit vote requests at term 4 for -1: peers:[f143390d-7c87-4621-8359-d245efaa75b3|rpc:10.1.0.24:44783|dataStream:10.1.0.24:41301|priority:0|startupRole:FOLLOWER, 156d136a-08eb-462a-8e45-2bca38fc9d49|rpc:10.1.0.24:44445|dataStream:10.1.0.24:42007|priority:0|startupRole:FOLLOWER, 72a8f579-b929-42a4-a748-3b6f638fc788|rpc:10.1.0.24:40679|dataStream:10.1.0.24:37423|priority:1|startupRole:FOLLOWER]|listeners:[], old=null
2022-12-19 18:40:10,258 [f143390d-7c87-4621-8359-d245efaa75b3@group-1926F592E147-LeaderElection31] INFO  server.RaftServerConfigKeys (ConfUtils.java:logFallback(53)) - raft.server.rpc.first-election.timeout.min = 5s (fallback to raft.server.rpc.timeout.min)
2022-12-19 18:40:10,258 [f143390d-7c87-4621-8359-d245efaa75b3@group-1926F592E147-LeaderElection31] INFO  server.RaftServerConfigKeys (ConfUtils.java:logFallback(53)) - raft.server.rpc.first-election.timeout.max = 5200ms (fallback to raft.server.rpc.timeout.max)
2022-12-19 18:40:10,260 [grpc-default-executor-4] INFO  server.RaftServer$Division (RaftServerImpl.java:requestVote(1218)) - 72a8f579-b929-42a4-a748-3b6f638fc788@group-1926F592E147: receive requestVote(ELECTION, f143390d-7c87-4621-8359-d245efaa75b3, group-1926F592E147, 4, (t:0, i:0))
2022-12-19 18:40:10,260 [grpc-default-executor-4] INFO  impl.VoteContext (VoteContext.java:log(49)) - 72a8f579-b929-42a4-a748-3b6f638fc788@group-1926F592E147-FOLLOWER: reject ELECTION from f143390d-7c87-4621-8359-d245efaa75b3: our priority 1 > candidate's priority 0
2022-12-19 18:40:10,260 [grpc-default-executor-4] INFO  server.RaftServer$Division (RaftServerImpl.java:setRole(321)) - 72a8f579-b929-42a4-a748-3b6f638fc788@group-1926F592E147: changes role from  FOLLOWER to FOLLOWER at term 4 for candidate:f143390d-7c87-4621-8359-d245efaa75b3
2022-12-19 18:40:10,260 [grpc-default-executor-4] INFO  impl.RoleInfo (RoleInfo.java:shutdownFollowerState(110)) - 72a8f579-b929-42a4-a748-3b6f638fc788: shutdown 72a8f579-b929-42a4-a748-3b6f638fc788@group-1926F592E147-FollowerState
2022-12-19 18:40:10,260 [grpc-default-executor-4] INFO  impl.RoleInfo (RoleInfo.java:updateAndGet(139)) - 72a8f579-b929-42a4-a748-3b6f638fc788: start 72a8f579-b929-42a4-a748-3b6f638fc788@group-1926F592E147-FollowerState
2022-12-19 18:40:10,260 [72a8f579-b929-42a4-a748-3b6f638fc788@group-1926F592E147-FollowerState] INFO  impl.FollowerState (FollowerState.java:run(152)) - 72a8f579-b929-42a4-a748-3b6f638fc788@group-1926F592E147-FollowerState was interrupted
2022-12-19 18:40:10,260 [grpc-default-executor-7] INFO  server.RaftServer$Division (RaftServerImpl.java:requestVote(1218)) - 156d136a-08eb-462a-8e45-2bca38fc9d49@group-1926F592E147: receive requestVote(ELECTION, f143390d-7c87-4621-8359-d245efaa75b3, group-1926F592E147, 4, (t:0, i:0))
2022-12-19 18:40:10,260 [grpc-default-executor-7] INFO  impl.VoteContext (VoteContext.java:log(49)) - 156d136a-08eb-462a-8e45-2bca38fc9d49@group-1926F592E147-FOLLOWER: accept ELECTION from f143390d-7c87-4621-8359-d245efaa75b3: our priority 0 <= candidate's priority 0
2022-12-19 18:40:10,260 [grpc-default-executor-7] INFO  server.RaftServer$Division (RaftServerImpl.java:setRole(321)) - 156d136a-08eb-462a-8e45-2bca38fc9d49@group-1926F592E147: changes role from  FOLLOWER to FOLLOWER at term 4 for candidate:f143390d-7c87-4621-8359-d245efaa75b3
2022-12-19 18:40:10,260 [grpc-default-executor-7] INFO  impl.RoleInfo (RoleInfo.java:shutdownFollowerState(110)) - 156d136a-08eb-462a-8e45-2bca38fc9d49: shutdown 156d136a-08eb-462a-8e45-2bca38fc9d49@group-1926F592E147-FollowerState
2022-12-19 18:40:10,261 [grpc-default-executor-7] INFO  impl.RoleInfo (RoleInfo.java:updateAndGet(139)) - 156d136a-08eb-462a-8e45-2bca38fc9d49: start 156d136a-08eb-462a-8e45-2bca38fc9d49@group-1926F592E147-FollowerState
2022-12-19 18:40:10,261 [156d136a-08eb-462a-8e45-2bca38fc9d49@group-1926F592E147-FollowerState] INFO  impl.FollowerState (FollowerState.java:run(152)) - 156d136a-08eb-462a-8e45-2bca38fc9d49@group-1926F592E147-FollowerState was interrupted
2022-12-19 18:40:10,261 [72a8f579-b929-42a4-a748-3b6f638fc788@group-1926F592E147-FollowerState] INFO  server.RaftServerConfigKeys (ConfUtils.java:logFallback(53)) - raft.server.rpc.first-election.timeout.min = 5s (fallback to raft.server.rpc.timeout.min)
2022-12-19 18:40:10,261 [72a8f579-b929-42a4-a748-3b6f638fc788@group-1926F592E147-FollowerState] INFO  server.RaftServerConfigKeys (ConfUtils.java:logFallback(53)) - raft.server.rpc.first-election.timeout.max = 5200ms (fallback to raft.server.rpc.timeout.max)
2022-12-19 18:40:10,265 [grpc-default-executor-4] INFO  server.RaftServer$Division (RaftServerImpl.java:requestVote(1251)) - 72a8f579-b929-42a4-a748-3b6f638fc788@group-1926F592E147 replies to ELECTION vote request: f143390d-7c87-4621-8359-d245efaa75b3<-72a8f579-b929-42a4-a748-3b6f638fc788#0:FAIL-t4. Peer's state: 72a8f579-b929-42a4-a748-3b6f638fc788@group-1926F592E147:t4, leader=null, voted=null, raftlog=Memoized:72a8f579-b929-42a4-a748-3b6f638fc788@group-1926F592E147-SegmentedRaftLog:OPENED:c-1, conf=-1: peers:[f143390d-7c87-4621-8359-d245efaa75b3|rpc:10.1.0.24:44783|dataStream:10.1.0.24:41301|priority:0|startupRole:FOLLOWER, 156d136a-08eb-462a-8e45-2bca38fc9d49|rpc:10.1.0.24:44445|dataStream:10.1.0.24:42007|priority:0|startupRole:FOLLOWER, 72a8f579-b929-42a4-a748-3b6f638fc788|rpc:10.1.0.24:40679|dataStream:10.1.0.24:37423|priority:1|startupRole:FOLLOWER]|listeners:[], old=null
2022-12-19 18:40:10,265 [grpc-default-executor-7] INFO  server.RaftServer$Division (RaftServerImpl.java:requestVote(1251)) - 156d136a-08eb-462a-8e45-2bca38fc9d49@group-1926F592E147 replies to ELECTION vote request: f143390d-7c87-4621-8359-d245efaa75b3<-156d136a-08eb-462a-8e45-2bca38fc9d49#0:OK-t4. Peer's state: 156d136a-08eb-462a-8e45-2bca38fc9d49@group-1926F592E147:t4, leader=null, voted=f143390d-7c87-4621-8359-d245efaa75b3, raftlog=Memoized:156d136a-08eb-462a-8e45-2bca38fc9d49@group-1926F592E147-SegmentedRaftLog:OPENED:c-1, conf=-1: peers:[f143390d-7c87-4621-8359-d245efaa75b3|rpc:10.1.0.24:44783|dataStream:10.1.0.24:41301|priority:0|startupRole:FOLLOWER, 156d136a-08eb-462a-8e45-2bca38fc9d49|rpc:10.1.0.24:44445|dataStream:10.1.0.24:42007|priority:0|startupRole:FOLLOWER, 72a8f579-b929-42a4-a748-3b6f638fc788|rpc:10.1.0.24:40679|dataStream:10.1.0.24:37423|priority:1|startupRole:FOLLOWER]|listeners:[], old=null
2022-12-19 18:40:10,266 [156d136a-08eb-462a-8e45-2bca38fc9d49@group-1926F592E147-FollowerState] INFO  server.RaftServerConfigKeys (ConfUtils.java:logFallback(53)) - raft.server.rpc.first-election.timeout.min = 5s (fallback to raft.server.rpc.timeout.min)
2022-12-19 18:40:10,266 [156d136a-08eb-462a-8e45-2bca38fc9d49@group-1926F592E147-FollowerState] INFO  server.RaftServerConfigKeys (ConfUtils.java:logFallback(53)) - raft.server.rpc.first-election.timeout.max = 5200ms (fallback to raft.server.rpc.timeout.max)
2022-12-19 18:40:10,266 [f143390d-7c87-4621-8359-d245efaa75b3@group-1926F592E147-LeaderElection31] INFO  impl.LeaderElection (LeaderElection.java:logAndReturn(90)) - f143390d-7c87-4621-8359-d245efaa75b3@group-1926F592E147-LeaderElection31: ELECTION REJECTED received 1 response(s) and 0 exception(s):
2022-12-19 18:40:10,266 [f143390d-7c87-4621-8359-d245efaa75b3@group-1926F592E147-LeaderElection31] INFO  impl.LeaderElection (LeaderElection.java:logAndReturn(94)) -   Response 0: f143390d-7c87-4621-8359-d245efaa75b3<-72a8f579-b929-42a4-a748-3b6f638fc788#0:FAIL-t4
2022-12-19 18:40:10,266 [f143390d-7c87-4621-8359-d245efaa75b3@group-1926F592E147-LeaderElection31] INFO  impl.LeaderElection (LeaderElection.java:askForVotes(314)) - f143390d-7c87-4621-8359-d245efaa75b3@group-1926F592E147-LeaderElection31 ELECTION round 0: result REJECTED
2022-12-19 18:40:10,266 [f143390d-7c87-4621-8359-d245efaa75b3@group-1926F592E147-LeaderElection31] INFO  server.RaftServer$Division (RaftServerImpl.java:setRole(321)) - f143390d-7c87-4621-8359-d245efaa75b3@group-1926F592E147: changes role from CANDIDATE to FOLLOWER at term 4 for REJECTED
2022-12-19 18:40:10,266 [f143390d-7c87-4621-8359-d245efaa75b3@group-1926F592E147-LeaderElection31] INFO  impl.RoleInfo (RoleInfo.java:shutdownLeaderElection(130)) - f143390d-7c87-4621-8359-d245efaa75b3: shutdown f143390d-7c87-4621-8359-d245efaa75b3@group-1926F592E147-LeaderElection31
2022-12-19 18:40:10,266 [f143390d-7c87-4621-8359-d245efaa75b3@group-1926F592E147-LeaderElection31] INFO  impl.RoleInfo (RoleInfo.java:updateAndGet(139)) - f143390d-7c87-4621-8359-d245efaa75b3: start f143390d-7c87-4621-8359-d245efaa75b3@group-1926F592E147-FollowerState
2022-12-19 18:40:10,267 [f143390d-7c87-4621-8359-d245efaa75b3@group-1926F592E147-FollowerState] INFO  server.RaftServerConfigKeys (ConfUtils.java:logFallback(53)) - raft.server.rpc.first-election.timeout.min = 5s (fallback to raft.server.rpc.timeout.min)
2022-12-19 18:40:10,267 [f143390d-7c87-4621-8359-d245efaa75b3@group-1926F592E147-FollowerState] INFO  server.RaftServerConfigKeys (ConfUtils.java:logFallback(53)) - raft.server.rpc.first-election.timeout.max = 5200ms (fallback to raft.server.rpc.timeout.max)
2022-12-19 18:40:10,677 [Over Replicated Processor] INFO  replication.UnhealthyReplicationProcessor (UnhealthyReplicationProcessor.java:processAll(103)) - Processed 0 containers with health state counts {},failed processing 0
2022-12-19 18:40:10,678 [Under Replicated Processor] INFO  replication.UnhealthyReplicationProcessor (UnhealthyReplicationProcessor.java:processAll(103)) - Processed 0 containers with health state counts {},failed processing 0
2022-12-19 18:40:10,934 [EventQueue-CommandQueueReportForCommandQueueReportHandler] WARN  events.EventQueue (EventQueue.java:fireEvent(216)) - No event handler registered for event TypedEvent{payloadType=DatanodeDetails, name='Datanode_Command_Queue_Updated'}
2022-12-19 18:40:10,936 [EventQueue-CommandQueueReportForCommandQueueReportHandler] WARN  events.EventQueue (EventQueue.java:fireEvent(216)) - No event handler registered for event TypedEvent{payloadType=DatanodeDetails, name='Datanode_Command_Queue_Updated'}
2022-12-19 18:40:11,113 [EventQueue-CommandQueueReportForCommandQueueReportHandler] WARN  events.EventQueue (EventQueue.java:fireEvent(216)) - No event handler registered for event TypedEvent{payloadType=DatanodeDetails, name='Datanode_Command_Queue_Updated'}
2022-12-19 18:40:11,166 [EventQueue-CommandQueueReportForCommandQueueReportHandler] WARN  events.EventQueue (EventQueue.java:fireEvent(216)) - No event handler registered for event TypedEvent{payloadType=DatanodeDetails, name='Datanode_Command_Queue_Updated'}
2022-12-19 18:40:11,921 [EventQueue-CommandQueueReportForCommandQueueReportHandler] WARN  events.EventQueue (EventQueue.java:fireEvent(216)) - No event handler registered for event TypedEvent{payloadType=DatanodeDetails, name='Datanode_Command_Queue_Updated'}
2022-12-19 18:40:11,953 [EventQueue-CommandQueueReportForCommandQueueReportHandler] WARN  events.EventQueue (EventQueue.java:fireEvent(216)) - No event handler registered for event TypedEvent{payloadType=DatanodeDetails, name='Datanode_Command_Queue_Updated'}
2022-12-19 18:40:12,934 [EventQueue-CommandQueueReportForCommandQueueReportHandler] WARN  events.EventQueue (EventQueue.java:fireEvent(216)) - No event handler registered for event TypedEvent{payloadType=DatanodeDetails, name='Datanode_Command_Queue_Updated'}
2022-12-19 18:40:12,937 [EventQueue-CommandQueueReportForCommandQueueReportHandler] WARN  events.EventQueue (EventQueue.java:fireEvent(216)) - No event handler registered for event TypedEvent{payloadType=DatanodeDetails, name='Datanode_Command_Queue_Updated'}
2022-12-19 18:40:13,113 [EventQueue-CommandQueueReportForCommandQueueReportHandler] WARN  events.EventQueue (EventQueue.java:fireEvent(216)) - No event handler registered for event TypedEvent{payloadType=DatanodeDetails, name='Datanode_Command_Queue_Updated'}
2022-12-19 18:40:13,167 [EventQueue-CommandQueueReportForCommandQueueReportHandler] WARN  events.EventQueue (EventQueue.java:fireEvent(216)) - No event handler registered for event TypedEvent{payloadType=DatanodeDetails, name='Datanode_Command_Queue_Updated'}
2022-12-19 18:40:13,922 [EventQueue-CommandQueueReportForCommandQueueReportHandler] WARN  events.EventQueue (EventQueue.java:fireEvent(216)) - No event handler registered for event TypedEvent{payloadType=DatanodeDetails, name='Datanode_Command_Queue_Updated'}
2022-12-19 18:40:13,954 [EventQueue-CommandQueueReportForCommandQueueReportHandler] WARN  events.EventQueue (EventQueue.java:fireEvent(216)) - No event handler registered for event TypedEvent{payloadType=DatanodeDetails, name='Datanode_Command_Queue_Updated'}
2022-12-19 18:40:14,935 [EventQueue-CommandQueueReportForCommandQueueReportHandler] WARN  events.EventQueue (EventQueue.java:fireEvent(216)) - No event handler registered for event TypedEvent{payloadType=DatanodeDetails, name='Datanode_Command_Queue_Updated'}
2022-12-19 18:40:14,936 [EventQueue-CommandQueueReportForCommandQueueReportHandler] WARN  events.EventQueue (EventQueue.java:fireEvent(216)) - No event handler registered for event TypedEvent{payloadType=DatanodeDetails, name='Datanode_Command_Queue_Updated'}
2022-12-19 18:40:15,112 [EventQueue-CommandQueueReportForCommandQueueReportHandler] WARN  events.EventQueue (EventQueue.java:fireEvent(216)) - No event handler registered for event TypedEvent{payloadType=DatanodeDetails, name='Datanode_Command_Queue_Updated'}
2022-12-19 18:40:15,166 [EventQueue-CommandQueueReportForCommandQueueReportHandler] WARN  events.EventQueue (EventQueue.java:fireEvent(216)) - No event handler registered for event TypedEvent{payloadType=DatanodeDetails, name='Datanode_Command_Queue_Updated'}
2022-12-19 18:40:15,290 [f143390d-7c87-4621-8359-d245efaa75b3@group-1926F592E147-FollowerState] INFO  impl.FollowerState (FollowerState.java:run(143)) - f143390d-7c87-4621-8359-d245efaa75b3@group-1926F592E147-FollowerState: change to CANDIDATE, lastRpcElapsedTime:5023430907ns, electionTimeout:5023ms
2022-12-19 18:40:15,290 [f143390d-7c87-4621-8359-d245efaa75b3@group-1926F592E147-FollowerState] INFO  impl.RoleInfo (RoleInfo.java:shutdownFollowerState(110)) - f143390d-7c87-4621-8359-d245efaa75b3: shutdown f143390d-7c87-4621-8359-d245efaa75b3@group-1926F592E147-FollowerState
2022-12-19 18:40:15,290 [f143390d-7c87-4621-8359-d245efaa75b3@group-1926F592E147-FollowerState] INFO  server.RaftServer$Division (RaftServerImpl.java:setRole(321)) - f143390d-7c87-4621-8359-d245efaa75b3@group-1926F592E147: changes role from  FOLLOWER to CANDIDATE at term 4 for changeToCandidate
2022-12-19 18:40:15,290 [f143390d-7c87-4621-8359-d245efaa75b3@group-1926F592E147-FollowerState] INFO  server.RaftServerConfigKeys (ConfUtils.java:logGet(46)) - raft.server.leaderelection.pre-vote = false (custom)
2022-12-19 18:40:15,290 [f143390d-7c87-4621-8359-d245efaa75b3@group-1926F592E147-FollowerState] INFO  impl.RoleInfo (RoleInfo.java:updateAndGet(139)) - f143390d-7c87-4621-8359-d245efaa75b3: start f143390d-7c87-4621-8359-d245efaa75b3@group-1926F592E147-LeaderElection32
2022-12-19 18:40:15,300 [f143390d-7c87-4621-8359-d245efaa75b3@group-1926F592E147-LeaderElection32] INFO  impl.LeaderElection (LeaderElection.java:askForVotes(312)) - f143390d-7c87-4621-8359-d245efaa75b3@group-1926F592E147-LeaderElection32 ELECTION round 0: submit vote requests at term 5 for -1: peers:[f143390d-7c87-4621-8359-d245efaa75b3|rpc:10.1.0.24:44783|dataStream:10.1.0.24:41301|priority:0|startupRole:FOLLOWER, 156d136a-08eb-462a-8e45-2bca38fc9d49|rpc:10.1.0.24:44445|dataStream:10.1.0.24:42007|priority:0|startupRole:FOLLOWER, 72a8f579-b929-42a4-a748-3b6f638fc788|rpc:10.1.0.24:40679|dataStream:10.1.0.24:37423|priority:1|startupRole:FOLLOWER]|listeners:[], old=null
2022-12-19 18:40:15,302 [f143390d-7c87-4621-8359-d245efaa75b3@group-1926F592E147-LeaderElection32] INFO  server.RaftServerConfigKeys (ConfUtils.java:logFallback(53)) - raft.server.rpc.first-election.timeout.min = 5s (fallback to raft.server.rpc.timeout.min)
2022-12-19 18:40:15,302 [f143390d-7c87-4621-8359-d245efaa75b3@group-1926F592E147-LeaderElection32] INFO  server.RaftServerConfigKeys (ConfUtils.java:logFallback(53)) - raft.server.rpc.first-election.timeout.max = 5200ms (fallback to raft.server.rpc.timeout.max)
2022-12-19 18:40:15,302 [grpc-default-executor-4] INFO  server.RaftServer$Division (RaftServerImpl.java:requestVote(1218)) - 156d136a-08eb-462a-8e45-2bca38fc9d49@group-1926F592E147: receive requestVote(ELECTION, f143390d-7c87-4621-8359-d245efaa75b3, group-1926F592E147, 5, (t:0, i:0))
2022-12-19 18:40:15,302 [grpc-default-executor-4] INFO  impl.VoteContext (VoteContext.java:log(49)) - 156d136a-08eb-462a-8e45-2bca38fc9d49@group-1926F592E147-FOLLOWER: accept ELECTION from f143390d-7c87-4621-8359-d245efaa75b3: our priority 0 <= candidate's priority 0
2022-12-19 18:40:15,302 [grpc-default-executor-4] INFO  server.RaftServer$Division (RaftServerImpl.java:setRole(321)) - 156d136a-08eb-462a-8e45-2bca38fc9d49@group-1926F592E147: changes role from  FOLLOWER to FOLLOWER at term 5 for candidate:f143390d-7c87-4621-8359-d245efaa75b3
2022-12-19 18:40:15,302 [grpc-default-executor-4] INFO  impl.RoleInfo (RoleInfo.java:shutdownFollowerState(110)) - 156d136a-08eb-462a-8e45-2bca38fc9d49: shutdown 156d136a-08eb-462a-8e45-2bca38fc9d49@group-1926F592E147-FollowerState
2022-12-19 18:40:15,302 [grpc-default-executor-4] INFO  impl.RoleInfo (RoleInfo.java:updateAndGet(139)) - 156d136a-08eb-462a-8e45-2bca38fc9d49: start 156d136a-08eb-462a-8e45-2bca38fc9d49@group-1926F592E147-FollowerState
2022-12-19 18:40:15,302 [156d136a-08eb-462a-8e45-2bca38fc9d49@group-1926F592E147-FollowerState] INFO  impl.FollowerState (FollowerState.java:run(152)) - 156d136a-08eb-462a-8e45-2bca38fc9d49@group-1926F592E147-FollowerState was interrupted
2022-12-19 18:40:15,312 [156d136a-08eb-462a-8e45-2bca38fc9d49@group-1926F592E147-FollowerState] INFO  server.RaftServerConfigKeys (ConfUtils.java:logFallback(53)) - raft.server.rpc.first-election.timeout.min = 5s (fallback to raft.server.rpc.timeout.min)
2022-12-19 18:40:15,312 [156d136a-08eb-462a-8e45-2bca38fc9d49@group-1926F592E147-FollowerState] INFO  server.RaftServerConfigKeys (ConfUtils.java:logFallback(53)) - raft.server.rpc.first-election.timeout.max = 5200ms (fallback to raft.server.rpc.timeout.max)
2022-12-19 18:40:15,312 [grpc-default-executor-4] INFO  server.RaftServer$Division (RaftServerImpl.java:requestVote(1251)) - 156d136a-08eb-462a-8e45-2bca38fc9d49@group-1926F592E147 replies to ELECTION vote request: f143390d-7c87-4621-8359-d245efaa75b3<-156d136a-08eb-462a-8e45-2bca38fc9d49#0:OK-t5. Peer's state: 156d136a-08eb-462a-8e45-2bca38fc9d49@group-1926F592E147:t5, leader=null, voted=f143390d-7c87-4621-8359-d245efaa75b3, raftlog=Memoized:156d136a-08eb-462a-8e45-2bca38fc9d49@group-1926F592E147-SegmentedRaftLog:OPENED:c-1, conf=-1: peers:[f143390d-7c87-4621-8359-d245efaa75b3|rpc:10.1.0.24:44783|dataStream:10.1.0.24:41301|priority:0|startupRole:FOLLOWER, 156d136a-08eb-462a-8e45-2bca38fc9d49|rpc:10.1.0.24:44445|dataStream:10.1.0.24:42007|priority:0|startupRole:FOLLOWER, 72a8f579-b929-42a4-a748-3b6f638fc788|rpc:10.1.0.24:40679|dataStream:10.1.0.24:37423|priority:1|startupRole:FOLLOWER]|listeners:[], old=null
2022-12-19 18:40:15,313 [grpc-default-executor-4] INFO  server.RaftServer$Division (RaftServerImpl.java:requestVote(1218)) - 72a8f579-b929-42a4-a748-3b6f638fc788@group-1926F592E147: receive requestVote(ELECTION, f143390d-7c87-4621-8359-d245efaa75b3, group-1926F592E147, 5, (t:0, i:0))
2022-12-19 18:40:15,313 [grpc-default-executor-4] INFO  impl.VoteContext (VoteContext.java:log(49)) - 72a8f579-b929-42a4-a748-3b6f638fc788@group-1926F592E147-FOLLOWER: reject ELECTION from f143390d-7c87-4621-8359-d245efaa75b3: our priority 1 > candidate's priority 0
2022-12-19 18:40:15,313 [grpc-default-executor-4] INFO  server.RaftServer$Division (RaftServerImpl.java:setRole(321)) - 72a8f579-b929-42a4-a748-3b6f638fc788@group-1926F592E147: changes role from  FOLLOWER to FOLLOWER at term 5 for candidate:f143390d-7c87-4621-8359-d245efaa75b3
2022-12-19 18:40:15,313 [grpc-default-executor-4] INFO  impl.RoleInfo (RoleInfo.java:shutdownFollowerState(110)) - 72a8f579-b929-42a4-a748-3b6f638fc788: shutdown 72a8f579-b929-42a4-a748-3b6f638fc788@group-1926F592E147-FollowerState
2022-12-19 18:40:15,313 [grpc-default-executor-4] INFO  impl.RoleInfo (RoleInfo.java:updateAndGet(139)) - 72a8f579-b929-42a4-a748-3b6f638fc788: start 72a8f579-b929-42a4-a748-3b6f638fc788@group-1926F592E147-FollowerState
2022-12-19 18:40:15,313 [72a8f579-b929-42a4-a748-3b6f638fc788@group-1926F592E147-FollowerState] INFO  impl.FollowerState (FollowerState.java:run(152)) - 72a8f579-b929-42a4-a748-3b6f638fc788@group-1926F592E147-FollowerState was interrupted
2022-12-19 18:40:15,325 [72a8f579-b929-42a4-a748-3b6f638fc788@group-1926F592E147-FollowerState] INFO  server.RaftServerConfigKeys (ConfUtils.java:logFallback(53)) - raft.server.rpc.first-election.timeout.min = 5s (fallback to raft.server.rpc.timeout.min)
2022-12-19 18:40:15,325 [72a8f579-b929-42a4-a748-3b6f638fc788@group-1926F592E147-FollowerState] INFO  server.RaftServerConfigKeys (ConfUtils.java:logFallback(53)) - raft.server.rpc.first-election.timeout.max = 5200ms (fallback to raft.server.rpc.timeout.max)
2022-12-19 18:40:15,325 [grpc-default-executor-4] INFO  server.RaftServer$Division (RaftServerImpl.java:requestVote(1251)) - 72a8f579-b929-42a4-a748-3b6f638fc788@group-1926F592E147 replies to ELECTION vote request: f143390d-7c87-4621-8359-d245efaa75b3<-72a8f579-b929-42a4-a748-3b6f638fc788#0:FAIL-t5. Peer's state: 72a8f579-b929-42a4-a748-3b6f638fc788@group-1926F592E147:t5, leader=null, voted=null, raftlog=Memoized:72a8f579-b929-42a4-a748-3b6f638fc788@group-1926F592E147-SegmentedRaftLog:OPENED:c-1, conf=-1: peers:[f143390d-7c87-4621-8359-d245efaa75b3|rpc:10.1.0.24:44783|dataStream:10.1.0.24:41301|priority:0|startupRole:FOLLOWER, 156d136a-08eb-462a-8e45-2bca38fc9d49|rpc:10.1.0.24:44445|dataStream:10.1.0.24:42007|priority:0|startupRole:FOLLOWER, 72a8f579-b929-42a4-a748-3b6f638fc788|rpc:10.1.0.24:40679|dataStream:10.1.0.24:37423|priority:1|startupRole:FOLLOWER]|listeners:[], old=null
2022-12-19 18:40:15,326 [f143390d-7c87-4621-8359-d245efaa75b3@group-1926F592E147-LeaderElection32] INFO  impl.LeaderElection (LeaderElection.java:logAndReturn(90)) - f143390d-7c87-4621-8359-d245efaa75b3@group-1926F592E147-LeaderElection32: ELECTION REJECTED received 2 response(s) and 0 exception(s):
2022-12-19 18:40:15,326 [f143390d-7c87-4621-8359-d245efaa75b3@group-1926F592E147-LeaderElection32] INFO  impl.LeaderElection (LeaderElection.java:logAndReturn(94)) -   Response 0: f143390d-7c87-4621-8359-d245efaa75b3<-156d136a-08eb-462a-8e45-2bca38fc9d49#0:OK-t5
2022-12-19 18:40:15,326 [f143390d-7c87-4621-8359-d245efaa75b3@group-1926F592E147-LeaderElection32] INFO  impl.LeaderElection (LeaderElection.java:logAndReturn(94)) -   Response 1: f143390d-7c87-4621-8359-d245efaa75b3<-72a8f579-b929-42a4-a748-3b6f638fc788#0:FAIL-t5
2022-12-19 18:40:15,326 [f143390d-7c87-4621-8359-d245efaa75b3@group-1926F592E147-LeaderElection32] INFO  impl.LeaderElection (LeaderElection.java:askForVotes(314)) - f143390d-7c87-4621-8359-d245efaa75b3@group-1926F592E147-LeaderElection32 ELECTION round 0: result REJECTED
2022-12-19 18:40:15,326 [f143390d-7c87-4621-8359-d245efaa75b3@group-1926F592E147-LeaderElection32] INFO  server.RaftServer$Division (RaftServerImpl.java:setRole(321)) - f143390d-7c87-4621-8359-d245efaa75b3@group-1926F592E147: changes role from CANDIDATE to FOLLOWER at term 5 for REJECTED
2022-12-19 18:40:15,326 [f143390d-7c87-4621-8359-d245efaa75b3@group-1926F592E147-LeaderElection32] INFO  impl.RoleInfo (RoleInfo.java:shutdownLeaderElection(130)) - f143390d-7c87-4621-8359-d245efaa75b3: shutdown f143390d-7c87-4621-8359-d245efaa75b3@group-1926F592E147-LeaderElection32
2022-12-19 18:40:15,326 [f143390d-7c87-4621-8359-d245efaa75b3@group-1926F592E147-LeaderElection32] INFO  impl.RoleInfo (RoleInfo.java:updateAndGet(139)) - f143390d-7c87-4621-8359-d245efaa75b3: start f143390d-7c87-4621-8359-d245efaa75b3@group-1926F592E147-FollowerState
2022-12-19 18:40:15,328 [f143390d-7c87-4621-8359-d245efaa75b3@group-1926F592E147-FollowerState] INFO  server.RaftServerConfigKeys (ConfUtils.java:logFallback(53)) - raft.server.rpc.first-election.timeout.min = 5s (fallback to raft.server.rpc.timeout.min)
2022-12-19 18:40:15,328 [f143390d-7c87-4621-8359-d245efaa75b3@group-1926F592E147-FollowerState] INFO  server.RaftServerConfigKeys (ConfUtils.java:logFallback(53)) - raft.server.rpc.first-election.timeout.max = 5200ms (fallback to raft.server.rpc.timeout.max)
2022-12-19 18:40:15,922 [EventQueue-CommandQueueReportForCommandQueueReportHandler] WARN  events.EventQueue (EventQueue.java:fireEvent(216)) - No event handler registered for event TypedEvent{payloadType=DatanodeDetails, name='Datanode_Command_Queue_Updated'}
2022-12-19 18:40:15,953 [EventQueue-CommandQueueReportForCommandQueueReportHandler] WARN  events.EventQueue (EventQueue.java:fireEvent(216)) - No event handler registered for event TypedEvent{payloadType=DatanodeDetails, name='Datanode_Command_Queue_Updated'}
2022-12-19 18:40:16,935 [EventQueue-CommandQueueReportForCommandQueueReportHandler] WARN  events.EventQueue (EventQueue.java:fireEvent(216)) - No event handler registered for event TypedEvent{payloadType=DatanodeDetails, name='Datanode_Command_Queue_Updated'}
2022-12-19 18:40:16,936 [EventQueue-CommandQueueReportForCommandQueueReportHandler] WARN  events.EventQueue (EventQueue.java:fireEvent(216)) - No event handler registered for event TypedEvent{payloadType=DatanodeDetails, name='Datanode_Command_Queue_Updated'}
2022-12-19 18:40:17,114 [EventQueue-CommandQueueReportForCommandQueueReportHandler] WARN  events.EventQueue (EventQueue.java:fireEvent(216)) - No event handler registered for event TypedEvent{payloadType=DatanodeDetails, name='Datanode_Command_Queue_Updated'}
2022-12-19 18:40:17,168 [EventQueue-CommandQueueReportForCommandQueueReportHandler] WARN  events.EventQueue (EventQueue.java:fireEvent(216)) - No event handler registered for event TypedEvent{payloadType=DatanodeDetails, name='Datanode_Command_Queue_Updated'}
2022-12-19 18:40:17,923 [EventQueue-CommandQueueReportForCommandQueueReportHandler] WARN  events.EventQueue (EventQueue.java:fireEvent(216)) - No event handler registered for event TypedEvent{payloadType=DatanodeDetails, name='Datanode_Command_Queue_Updated'}
2022-12-19 18:40:17,953 [EventQueue-CommandQueueReportForCommandQueueReportHandler] WARN  events.EventQueue (EventQueue.java:fireEvent(216)) - No event handler registered for event TypedEvent{payloadType=DatanodeDetails, name='Datanode_Command_Queue_Updated'}
2022-12-19 18:40:18,935 [EventQueue-CommandQueueReportForCommandQueueReportHandler] WARN  events.EventQueue (EventQueue.java:fireEvent(216)) - No event handler registered for event TypedEvent{payloadType=DatanodeDetails, name='Datanode_Command_Queue_Updated'}
2022-12-19 18:40:18,936 [EventQueue-CommandQueueReportForCommandQueueReportHandler] WARN  events.EventQueue (EventQueue.java:fireEvent(216)) - No event handler registered for event TypedEvent{payloadType=DatanodeDetails, name='Datanode_Command_Queue_Updated'}
2022-12-19 18:40:19,112 [EventQueue-CommandQueueReportForCommandQueueReportHandler] WARN  events.EventQueue (EventQueue.java:fireEvent(216)) - No event handler registered for event TypedEvent{payloadType=DatanodeDetails, name='Datanode_Command_Queue_Updated'}
2022-12-19 18:40:19,166 [EventQueue-CommandQueueReportForCommandQueueReportHandler] WARN  events.EventQueue (EventQueue.java:fireEvent(216)) - No event handler registered for event TypedEvent{payloadType=DatanodeDetails, name='Datanode_Command_Queue_Updated'}
2022-12-19 18:40:19,923 [EventQueue-CommandQueueReportForCommandQueueReportHandler] WARN  events.EventQueue (EventQueue.java:fireEvent(216)) - No event handler registered for event TypedEvent{payloadType=DatanodeDetails, name='Datanode_Command_Queue_Updated'}
2022-12-19 18:40:19,954 [EventQueue-CommandQueueReportForCommandQueueReportHandler] WARN  events.EventQueue (EventQueue.java:fireEvent(216)) - No event handler registered for event TypedEvent{payloadType=DatanodeDetails, name='Datanode_Command_Queue_Updated'}
2022-12-19 18:40:20,412 [72a8f579-b929-42a4-a748-3b6f638fc788@group-1926F592E147-FollowerState] INFO  impl.FollowerState (FollowerState.java:run(143)) - 72a8f579-b929-42a4-a748-3b6f638fc788@group-1926F592E147-FollowerState: change to CANDIDATE, lastRpcElapsedTime:5098478049ns, electionTimeout:5087ms
2022-12-19 18:40:20,412 [72a8f579-b929-42a4-a748-3b6f638fc788@group-1926F592E147-FollowerState] INFO  impl.RoleInfo (RoleInfo.java:shutdownFollowerState(110)) - 72a8f579-b929-42a4-a748-3b6f638fc788: shutdown 72a8f579-b929-42a4-a748-3b6f638fc788@group-1926F592E147-FollowerState
2022-12-19 18:40:20,412 [72a8f579-b929-42a4-a748-3b6f638fc788@group-1926F592E147-FollowerState] INFO  server.RaftServer$Division (RaftServerImpl.java:setRole(321)) - 72a8f579-b929-42a4-a748-3b6f638fc788@group-1926F592E147: changes role from  FOLLOWER to CANDIDATE at term 5 for changeToCandidate
2022-12-19 18:40:20,412 [72a8f579-b929-42a4-a748-3b6f638fc788@group-1926F592E147-FollowerState] INFO  server.RaftServerConfigKeys (ConfUtils.java:logGet(46)) - raft.server.leaderelection.pre-vote = false (custom)
2022-12-19 18:40:20,412 [72a8f579-b929-42a4-a748-3b6f638fc788@group-1926F592E147-FollowerState] INFO  impl.RoleInfo (RoleInfo.java:updateAndGet(139)) - 72a8f579-b929-42a4-a748-3b6f638fc788: start 72a8f579-b929-42a4-a748-3b6f638fc788@group-1926F592E147-LeaderElection33
2022-12-19 18:40:20,416 [72a8f579-b929-42a4-a748-3b6f638fc788@group-1926F592E147-LeaderElection33] INFO  impl.LeaderElection (LeaderElection.java:askForVotes(312)) - 72a8f579-b929-42a4-a748-3b6f638fc788@group-1926F592E147-LeaderElection33 ELECTION round 0: submit vote requests at term 6 for -1: peers:[f143390d-7c87-4621-8359-d245efaa75b3|rpc:10.1.0.24:44783|dataStream:10.1.0.24:41301|priority:0|startupRole:FOLLOWER, 156d136a-08eb-462a-8e45-2bca38fc9d49|rpc:10.1.0.24:44445|dataStream:10.1.0.24:42007|priority:0|startupRole:FOLLOWER, 72a8f579-b929-42a4-a748-3b6f638fc788|rpc:10.1.0.24:40679|dataStream:10.1.0.24:37423|priority:1|startupRole:FOLLOWER]|listeners:[], old=null
2022-12-19 18:40:20,417 [72a8f579-b929-42a4-a748-3b6f638fc788@group-1926F592E147-LeaderElection33-1] INFO  server.GrpcServerProtocolClient (GrpcServerProtocolClient.java:<init>(63)) - Build channel for f143390d-7c87-4621-8359-d245efaa75b3
2022-12-19 18:40:20,419 [72a8f579-b929-42a4-a748-3b6f638fc788@group-1926F592E147-LeaderElection33] INFO  server.RaftServerConfigKeys (ConfUtils.java:logFallback(53)) - raft.server.rpc.first-election.timeout.min = 5s (fallback to raft.server.rpc.timeout.min)
2022-12-19 18:40:20,419 [72a8f579-b929-42a4-a748-3b6f638fc788@group-1926F592E147-LeaderElection33] INFO  server.RaftServerConfigKeys (ConfUtils.java:logFallback(53)) - raft.server.rpc.first-election.timeout.max = 5200ms (fallback to raft.server.rpc.timeout.max)
2022-12-19 18:40:20,419 [72a8f579-b929-42a4-a748-3b6f638fc788@group-1926F592E147-LeaderElection33-2] INFO  server.GrpcServerProtocolClient (GrpcServerProtocolClient.java:<init>(63)) - Build channel for 156d136a-08eb-462a-8e45-2bca38fc9d49
2022-12-19 18:40:20,424 [grpc-default-executor-7] INFO  server.RaftServer$Division (RaftServerImpl.java:requestVote(1218)) - f143390d-7c87-4621-8359-d245efaa75b3@group-1926F592E147: receive requestVote(ELECTION, 72a8f579-b929-42a4-a748-3b6f638fc788, group-1926F592E147, 6, (t:0, i:0))
2022-12-19 18:40:20,424 [grpc-default-executor-7] INFO  impl.VoteContext (VoteContext.java:log(49)) - f143390d-7c87-4621-8359-d245efaa75b3@group-1926F592E147-FOLLOWER: accept ELECTION from 72a8f579-b929-42a4-a748-3b6f638fc788: our priority 0 <= candidate's priority 1
2022-12-19 18:40:20,424 [grpc-default-executor-7] INFO  server.RaftServer$Division (RaftServerImpl.java:setRole(321)) - f143390d-7c87-4621-8359-d245efaa75b3@group-1926F592E147: changes role from  FOLLOWER to FOLLOWER at term 6 for candidate:72a8f579-b929-42a4-a748-3b6f638fc788
2022-12-19 18:40:20,424 [grpc-default-executor-7] INFO  impl.RoleInfo (RoleInfo.java:shutdownFollowerState(110)) - f143390d-7c87-4621-8359-d245efaa75b3: shutdown f143390d-7c87-4621-8359-d245efaa75b3@group-1926F592E147-FollowerState
2022-12-19 18:40:20,424 [grpc-default-executor-7] INFO  impl.RoleInfo (RoleInfo.java:updateAndGet(139)) - f143390d-7c87-4621-8359-d245efaa75b3: start f143390d-7c87-4621-8359-d245efaa75b3@group-1926F592E147-FollowerState
2022-12-19 18:40:20,425 [grpc-default-executor-4] INFO  server.RaftServer$Division (RaftServerImpl.java:requestVote(1218)) - 156d136a-08eb-462a-8e45-2bca38fc9d49@group-1926F592E147: receive requestVote(ELECTION, 72a8f579-b929-42a4-a748-3b6f638fc788, group-1926F592E147, 6, (t:0, i:0))
2022-12-19 18:40:20,425 [grpc-default-executor-4] INFO  impl.VoteContext (VoteContext.java:log(49)) - 156d136a-08eb-462a-8e45-2bca38fc9d49@group-1926F592E147-FOLLOWER: accept ELECTION from 72a8f579-b929-42a4-a748-3b6f638fc788: our priority 0 <= candidate's priority 1
2022-12-19 18:40:20,425 [grpc-default-executor-4] INFO  server.RaftServer$Division (RaftServerImpl.java:setRole(321)) - 156d136a-08eb-462a-8e45-2bca38fc9d49@group-1926F592E147: changes role from  FOLLOWER to FOLLOWER at term 6 for candidate:72a8f579-b929-42a4-a748-3b6f638fc788
2022-12-19 18:40:20,425 [grpc-default-executor-4] INFO  impl.RoleInfo (RoleInfo.java:shutdownFollowerState(110)) - 156d136a-08eb-462a-8e45-2bca38fc9d49: shutdown 156d136a-08eb-462a-8e45-2bca38fc9d49@group-1926F592E147-FollowerState
2022-12-19 18:40:20,426 [grpc-default-executor-4] INFO  impl.RoleInfo (RoleInfo.java:updateAndGet(139)) - 156d136a-08eb-462a-8e45-2bca38fc9d49: start 156d136a-08eb-462a-8e45-2bca38fc9d49@group-1926F592E147-FollowerState
2022-12-19 18:40:20,426 [156d136a-08eb-462a-8e45-2bca38fc9d49@group-1926F592E147-FollowerState] INFO  impl.FollowerState (FollowerState.java:run(152)) - 156d136a-08eb-462a-8e45-2bca38fc9d49@group-1926F592E147-FollowerState was interrupted
2022-12-19 18:40:20,426 [f143390d-7c87-4621-8359-d245efaa75b3@group-1926F592E147-FollowerState] INFO  server.RaftServerConfigKeys (ConfUtils.java:logFallback(53)) - raft.server.rpc.first-election.timeout.min = 5s (fallback to raft.server.rpc.timeout.min)
2022-12-19 18:40:20,426 [f143390d-7c87-4621-8359-d245efaa75b3@group-1926F592E147-FollowerState] INFO  impl.FollowerState (FollowerState.java:run(152)) - f143390d-7c87-4621-8359-d245efaa75b3@group-1926F592E147-FollowerState was interrupted
2022-12-19 18:40:20,426 [f143390d-7c87-4621-8359-d245efaa75b3@group-1926F592E147-FollowerState] INFO  server.RaftServerConfigKeys (ConfUtils.java:logFallback(53)) - raft.server.rpc.first-election.timeout.max = 5200ms (fallback to raft.server.rpc.timeout.max)
2022-12-19 18:40:20,426 [156d136a-08eb-462a-8e45-2bca38fc9d49@group-1926F592E147-FollowerState] INFO  server.RaftServerConfigKeys (ConfUtils.java:logFallback(53)) - raft.server.rpc.first-election.timeout.min = 5s (fallback to raft.server.rpc.timeout.min)
2022-12-19 18:40:20,426 [156d136a-08eb-462a-8e45-2bca38fc9d49@group-1926F592E147-FollowerState] INFO  server.RaftServerConfigKeys (ConfUtils.java:logFallback(53)) - raft.server.rpc.first-election.timeout.max = 5200ms (fallback to raft.server.rpc.timeout.max)
2022-12-19 18:40:20,427 [grpc-default-executor-7] INFO  server.RaftServer$Division (RaftServerImpl.java:requestVote(1251)) - f143390d-7c87-4621-8359-d245efaa75b3@group-1926F592E147 replies to ELECTION vote request: 72a8f579-b929-42a4-a748-3b6f638fc788<-f143390d-7c87-4621-8359-d245efaa75b3#0:OK-t6. Peer's state: f143390d-7c87-4621-8359-d245efaa75b3@group-1926F592E147:t6, leader=null, voted=72a8f579-b929-42a4-a748-3b6f638fc788, raftlog=Memoized:f143390d-7c87-4621-8359-d245efaa75b3@group-1926F592E147-SegmentedRaftLog:OPENED:c-1, conf=-1: peers:[f143390d-7c87-4621-8359-d245efaa75b3|rpc:10.1.0.24:44783|dataStream:10.1.0.24:41301|priority:0|startupRole:FOLLOWER, 156d136a-08eb-462a-8e45-2bca38fc9d49|rpc:10.1.0.24:44445|dataStream:10.1.0.24:42007|priority:0|startupRole:FOLLOWER, 72a8f579-b929-42a4-a748-3b6f638fc788|rpc:10.1.0.24:40679|dataStream:10.1.0.24:37423|priority:1|startupRole:FOLLOWER]|listeners:[], old=null
2022-12-19 18:40:20,428 [grpc-default-executor-4] INFO  server.RaftServer$Division (RaftServerImpl.java:requestVote(1251)) - 156d136a-08eb-462a-8e45-2bca38fc9d49@group-1926F592E147 replies to ELECTION vote request: 72a8f579-b929-42a4-a748-3b6f638fc788<-156d136a-08eb-462a-8e45-2bca38fc9d49#0:OK-t6. Peer's state: 156d136a-08eb-462a-8e45-2bca38fc9d49@group-1926F592E147:t6, leader=null, voted=72a8f579-b929-42a4-a748-3b6f638fc788, raftlog=Memoized:156d136a-08eb-462a-8e45-2bca38fc9d49@group-1926F592E147-SegmentedRaftLog:OPENED:c-1, conf=-1: peers:[f143390d-7c87-4621-8359-d245efaa75b3|rpc:10.1.0.24:44783|dataStream:10.1.0.24:41301|priority:0|startupRole:FOLLOWER, 156d136a-08eb-462a-8e45-2bca38fc9d49|rpc:10.1.0.24:44445|dataStream:10.1.0.24:42007|priority:0|startupRole:FOLLOWER, 72a8f579-b929-42a4-a748-3b6f638fc788|rpc:10.1.0.24:40679|dataStream:10.1.0.24:37423|priority:1|startupRole:FOLLOWER]|listeners:[], old=null
2022-12-19 18:40:20,428 [72a8f579-b929-42a4-a748-3b6f638fc788@group-1926F592E147-LeaderElection33] INFO  impl.LeaderElection (LeaderElection.java:logAndReturn(90)) - 72a8f579-b929-42a4-a748-3b6f638fc788@group-1926F592E147-LeaderElection33: ELECTION PASSED received 1 response(s) and 0 exception(s):
2022-12-19 18:40:20,428 [72a8f579-b929-42a4-a748-3b6f638fc788@group-1926F592E147-LeaderElection33] INFO  impl.LeaderElection (LeaderElection.java:logAndReturn(94)) -   Response 0: 72a8f579-b929-42a4-a748-3b6f638fc788<-f143390d-7c87-4621-8359-d245efaa75b3#0:OK-t6
2022-12-19 18:40:20,428 [72a8f579-b929-42a4-a748-3b6f638fc788@group-1926F592E147-LeaderElection33] INFO  impl.LeaderElection (LeaderElection.java:askForVotes(314)) - 72a8f579-b929-42a4-a748-3b6f638fc788@group-1926F592E147-LeaderElection33 ELECTION round 0: result PASSED
2022-12-19 18:40:20,428 [72a8f579-b929-42a4-a748-3b6f638fc788@group-1926F592E147-LeaderElection33] INFO  impl.RoleInfo (RoleInfo.java:shutdownLeaderElection(130)) - 72a8f579-b929-42a4-a748-3b6f638fc788: shutdown 72a8f579-b929-42a4-a748-3b6f638fc788@group-1926F592E147-LeaderElection33
2022-12-19 18:40:20,428 [72a8f579-b929-42a4-a748-3b6f638fc788@group-1926F592E147-LeaderElection33] INFO  server.RaftServer$Division (RaftServerImpl.java:setRole(321)) - 72a8f579-b929-42a4-a748-3b6f638fc788@group-1926F592E147: changes role from CANDIDATE to LEADER at term 6 for changeToLeader
2022-12-19 18:40:20,428 [72a8f579-b929-42a4-a748-3b6f638fc788@group-1926F592E147-LeaderElection33] INFO  ratis.XceiverServerRatis (XceiverServerRatis.java:handleLeaderChangedNotification(904)) - Leader change notification received for group: group-1926F592E147 with new leaderId: 72a8f579-b929-42a4-a748-3b6f638fc788
2022-12-19 18:40:20,428 [72a8f579-b929-42a4-a748-3b6f638fc788@group-1926F592E147-LeaderElection33] INFO  server.RaftServer$Division (ServerState.java:setLeader(313)) - 72a8f579-b929-42a4-a748-3b6f638fc788@group-1926F592E147: change Leader from null to 72a8f579-b929-42a4-a748-3b6f638fc788 at term 6 for becomeLeader, leader elected after 30575ms
2022-12-19 18:40:20,428 [72a8f579-b929-42a4-a748-3b6f638fc788@group-1926F592E147-LeaderElection33] INFO  server.RaftServerConfigKeys (ConfUtils.java:logGet(46)) - raft.server.staging.catchup.gap = 1000 (default)
2022-12-19 18:40:20,429 [72a8f579-b929-42a4-a748-3b6f638fc788@group-1926F592E147-LeaderElection33] INFO  server.RaftServerConfigKeys (ConfUtils.java:logGet(46)) - raft.server.write.element-limit = 1024 (custom)
2022-12-19 18:40:20,429 [72a8f579-b929-42a4-a748-3b6f638fc788@group-1926F592E147-LeaderElection33] INFO  server.RaftServerConfigKeys (ConfUtils.java:logGet(46)) - raft.server.write.byte-limit = 1024 M (=1073741824) (custom)
2022-12-19 18:40:20,429 [72a8f579-b929-42a4-a748-3b6f638fc788@group-1926F592E147-LeaderElection33] INFO  server.RaftServerConfigKeys (ConfUtils.java:logGet(46)) - raft.server.watch.timeout = 180s (custom)
2022-12-19 18:40:20,429 [72a8f579-b929-42a4-a748-3b6f638fc788@group-1926F592E147-LeaderElection33] INFO  server.RaftServerConfigKeys (ConfUtils.java:logGet(46)) - raft.server.watch.timeout.denomination = 1s (default)
2022-12-19 18:40:20,429 [72a8f579-b929-42a4-a748-3b6f638fc788@group-1926F592E147-LeaderElection33] INFO  server.RaftServerConfigKeys (ConfUtils.java:logGet(46)) - raft.server.watch.element-limit = 65536 (default)
2022-12-19 18:40:20,429 [72a8f579-b929-42a4-a748-3b6f638fc788@group-1926F592E147-LeaderElection33] INFO  server.RaftServerConfigKeys (ConfUtils.java:logGet(46)) - raft.server.write.element-limit = 1024 (custom)
2022-12-19 18:40:20,429 [72a8f579-b929-42a4-a748-3b6f638fc788@group-1926F592E147-LeaderElection33] INFO  server.RaftServerConfigKeys (ConfUtils.java:logGet(46)) - raft.server.write.follower.gap.ratio.max = -1.0 (default)
2022-12-19 18:40:20,430 [72a8f579-b929-42a4-a748-3b6f638fc788@group-1926F592E147-LeaderElection33] INFO  server.RaftServerConfigKeys (ConfUtils.java:logGet(46)) - raft.server.log.appender.snapshot.chunk.size.max = 16MB (=16777216) (default)
2022-12-19 18:40:20,430 [72a8f579-b929-42a4-a748-3b6f638fc788@group-1926F592E147-LeaderElection33] INFO  server.RaftServerConfigKeys (ConfUtils.java:logGet(46)) - raft.server.log.appender.buffer.byte-limit = 33554432 (custom)
2022-12-19 18:40:20,430 [72a8f579-b929-42a4-a748-3b6f638fc788@group-1926F592E147-LeaderElection33] INFO  server.RaftServerConfigKeys (ConfUtils.java:logGet(46)) - raft.server.log.appender.buffer.element-limit = 1 (custom)
2022-12-19 18:40:20,430 [72a8f579-b929-42a4-a748-3b6f638fc788@group-1926F592E147-LeaderElection33] INFO  grpc.GrpcConfigKeys (ConfUtils.java:logGet(46)) - raft.grpc.server.leader.outstanding.appends.max = 128 (default)
2022-12-19 18:40:20,430 [72a8f579-b929-42a4-a748-3b6f638fc788@group-1926F592E147-LeaderElection33] INFO  server.RaftServerConfigKeys (ConfUtils.java:logGet(46)) - raft.server.rpc.request.timeout = 60s (custom)
2022-12-19 18:40:20,430 [72a8f579-b929-42a4-a748-3b6f638fc788@group-1926F592E147-LeaderElection33] INFO  server.RaftServerConfigKeys (ConfUtils.java:logGet(46)) - raft.server.log.appender.install.snapshot.enabled = false (custom)
2022-12-19 18:40:20,430 [72a8f579-b929-42a4-a748-3b6f638fc788@group-1926F592E147-LeaderElection33] INFO  grpc.GrpcConfigKeys (ConfUtils.java:logGet(46)) - raft.grpc.server.heartbeat.channel = true (default)
2022-12-19 18:40:20,430 [72a8f579-b929-42a4-a748-3b6f638fc788@group-1926F592E147-LeaderElection33] INFO  server.RaftServerConfigKeys (ConfUtils.java:logGet(46)) - raft.server.log.appender.wait-time.min = 10ms (default)
2022-12-19 18:40:20,431 [72a8f579-b929-42a4-a748-3b6f638fc788@group-1926F592E147-LeaderElection33] INFO  server.RaftServerConfigKeys (ConfUtils.java:logGet(46)) - raft.server.log.appender.snapshot.chunk.size.max = 16MB (=16777216) (default)
2022-12-19 18:40:20,431 [72a8f579-b929-42a4-a748-3b6f638fc788@group-1926F592E147-LeaderElection33] INFO  server.RaftServerConfigKeys (ConfUtils.java:logGet(46)) - raft.server.log.appender.buffer.byte-limit = 33554432 (custom)
2022-12-19 18:40:20,431 [72a8f579-b929-42a4-a748-3b6f638fc788@group-1926F592E147-LeaderElection33] INFO  server.RaftServerConfigKeys (ConfUtils.java:logGet(46)) - raft.server.log.appender.buffer.element-limit = 1 (custom)
2022-12-19 18:40:20,431 [72a8f579-b929-42a4-a748-3b6f638fc788@group-1926F592E147-LeaderElection33] INFO  grpc.GrpcConfigKeys (ConfUtils.java:logGet(46)) - raft.grpc.server.leader.outstanding.appends.max = 128 (default)
2022-12-19 18:40:20,431 [72a8f579-b929-42a4-a748-3b6f638fc788@group-1926F592E147-LeaderElection33] INFO  server.RaftServerConfigKeys (ConfUtils.java:logGet(46)) - raft.server.rpc.request.timeout = 60s (custom)
2022-12-19 18:40:20,432 [72a8f579-b929-42a4-a748-3b6f638fc788@group-1926F592E147-LeaderElection33] INFO  server.RaftServerConfigKeys (ConfUtils.java:logGet(46)) - raft.server.log.appender.install.snapshot.enabled = false (custom)
2022-12-19 18:40:20,432 [72a8f579-b929-42a4-a748-3b6f638fc788@group-1926F592E147-LeaderElection33] INFO  grpc.GrpcConfigKeys (ConfUtils.java:logGet(46)) - raft.grpc.server.heartbeat.channel = true (default)
2022-12-19 18:40:20,432 [72a8f579-b929-42a4-a748-3b6f638fc788@group-1926F592E147-LeaderElection33] INFO  server.RaftServerConfigKeys (ConfUtils.java:logGet(46)) - raft.server.log.appender.wait-time.min = 10ms (default)
2022-12-19 18:40:20,432 [EventQueue-CommandQueueReportForCommandQueueReportHandler] WARN  events.EventQueue (EventQueue.java:fireEvent(216)) - No event handler registered for event TypedEvent{payloadType=DatanodeDetails, name='Datanode_Command_Queue_Updated'}
2022-12-19 18:40:20,432 [72a8f579-b929-42a4-a748-3b6f638fc788@group-1926F592E147-LeaderElection33] INFO  impl.RoleInfo (RoleInfo.java:updateAndGet(139)) - 72a8f579-b929-42a4-a748-3b6f638fc788: start 72a8f579-b929-42a4-a748-3b6f638fc788@group-1926F592E147-LeaderStateImpl
2022-12-19 18:40:20,433 [EventQueue-PipelineReportForPipelineReportHandler] INFO  pipeline.PipelineManagerImpl (PipelineManagerImpl.java:openPipeline(367)) - Pipeline Pipeline[ Id: 6e6fa98d-bd67-42c3-841f-1926f592e147, Nodes: f143390d-7c87-4621-8359-d245efaa75b3{ip: 10.1.0.24, host: fv-az353-760.tkyx2seitsuu3nmpmouz2httfb.bx.internal.cloudapp.net, ports: [REPLICATION=35055, RATIS=44783, RATIS_ADMIN=44783, RATIS_SERVER=44783, RATIS_DATASTREAM=41301, STANDALONE=41021], networkLocation: /default-rack, certSerialId: null, persistedOpState: IN_SERVICE, persistedOpStateExpiryEpochSec: 0}72a8f579-b929-42a4-a748-3b6f638fc788{ip: 10.1.0.24, host: fv-az353-760.tkyx2seitsuu3nmpmouz2httfb.bx.internal.cloudapp.net, ports: [REPLICATION=42779, RATIS=40679, RATIS_ADMIN=40679, RATIS_SERVER=40679, RATIS_DATASTREAM=37423, STANDALONE=36531], networkLocation: /default-rack, certSerialId: null, persistedOpState: IN_SERVICE, persistedOpStateExpiryEpochSec: 0}156d136a-08eb-462a-8e45-2bca38fc9d49{ip: 10.1.0.24, host: fv-az353-760.tkyx2seitsuu3nmpmouz2httfb.bx.internal.cloudapp.net, ports: [REPLICATION=35037, RATIS=44445, RATIS_ADMIN=44445, RATIS_SERVER=44445, RATIS_DATASTREAM=42007, STANDALONE=36571], networkLocation: /default-rack, certSerialId: null, persistedOpState: IN_SERVICE, persistedOpStateExpiryEpochSec: 0}, ReplicationConfig: RATIS/THREE, State:ALLOCATED, leaderId:72a8f579-b929-42a4-a748-3b6f638fc788, CreationTimestamp2022-12-19T18:39:47.371Z[Etc/UTC]] moved to OPEN state
2022-12-19 18:40:20,434 [72a8f579-b929-42a4-a748-3b6f638fc788@group-1926F592E147-LeaderElection33] INFO  segmented.SegmentedRaftLogWorker (SegmentedRaftLogWorker.java:startLogSegment(452)) - 72a8f579-b929-42a4-a748-3b6f638fc788@group-1926F592E147-SegmentedRaftLogWorker: Starting segment from index:0
2022-12-19 18:40:20,435 [72a8f579-b929-42a4-a748-3b6f638fc788@group-1926F592E147-SegmentedRaftLogWorker] INFO  segmented.SegmentedRaftLogWorker (SegmentedRaftLogWorker.java:execute(656)) - 72a8f579-b929-42a4-a748-3b6f638fc788@group-1926F592E147-SegmentedRaftLogWorker: created new log segment /home/runner/work/ozone/ozone/hadoop-ozone/integration-test/target/test-dir/MiniOzoneClusterImpl-5ce33d81-cd12-4481-bdd0-3091a3c691f6/datanode-5/data/ratis/6e6fa98d-bd67-42c3-841f-1926f592e147/current/log_inprogress_0
2022-12-19 18:40:20,440 [72a8f579-b929-42a4-a748-3b6f638fc788@group-1926F592E147-LeaderElection33] INFO  server.RaftServer$Division (ServerState.java:setRaftConf(430)) - 72a8f579-b929-42a4-a748-3b6f638fc788@group-1926F592E147: set configuration 0: peers:[f143390d-7c87-4621-8359-d245efaa75b3|rpc:10.1.0.24:44783|dataStream:10.1.0.24:41301|priority:0|startupRole:FOLLOWER, 156d136a-08eb-462a-8e45-2bca38fc9d49|rpc:10.1.0.24:44445|dataStream:10.1.0.24:42007|priority:0|startupRole:FOLLOWER, 72a8f579-b929-42a4-a748-3b6f638fc788|rpc:10.1.0.24:40679|dataStream:10.1.0.24:37423|priority:1|startupRole:FOLLOWER]|listeners:[], old=null
2022-12-19 18:40:20,447 [156d136a-08eb-462a-8e45-2bca38fc9d49-server-thread1] INFO  ratis.XceiverServerRatis (XceiverServerRatis.java:handleLeaderChangedNotification(904)) - Leader change notification received for group: group-1926F592E147 with new leaderId: 72a8f579-b929-42a4-a748-3b6f638fc788
2022-12-19 18:40:20,447 [156d136a-08eb-462a-8e45-2bca38fc9d49-server-thread1] INFO  server.RaftServer$Division (ServerState.java:setLeader(313)) - 156d136a-08eb-462a-8e45-2bca38fc9d49@group-1926F592E147: change Leader from null to 72a8f579-b929-42a4-a748-3b6f638fc788 at term 6 for appendEntries, leader elected after 30654ms
2022-12-19 18:40:20,448 [f143390d-7c87-4621-8359-d245efaa75b3-server-thread1] INFO  ratis.XceiverServerRatis (XceiverServerRatis.java:handleLeaderChangedNotification(904)) - Leader change notification received for group: group-1926F592E147 with new leaderId: 72a8f579-b929-42a4-a748-3b6f638fc788
2022-12-19 18:40:20,448 [f143390d-7c87-4621-8359-d245efaa75b3-server-thread1] INFO  server.RaftServer$Division (ServerState.java:setLeader(313)) - f143390d-7c87-4621-8359-d245efaa75b3@group-1926F592E147: change Leader from null to 72a8f579-b929-42a4-a748-3b6f638fc788 at term 6 for appendEntries, leader elected after 30630ms
2022-12-19 18:40:20,455 [156d136a-08eb-462a-8e45-2bca38fc9d49-server-thread1] INFO  server.RaftServer$Division (ServerState.java:setRaftConf(430)) - 156d136a-08eb-462a-8e45-2bca38fc9d49@group-1926F592E147: set configuration 0: peers:[f143390d-7c87-4621-8359-d245efaa75b3|rpc:10.1.0.24:44783|dataStream:10.1.0.24:41301|priority:0|startupRole:FOLLOWER, 156d136a-08eb-462a-8e45-2bca38fc9d49|rpc:10.1.0.24:44445|dataStream:10.1.0.24:42007|priority:0|startupRole:FOLLOWER, 72a8f579-b929-42a4-a748-3b6f638fc788|rpc:10.1.0.24:40679|dataStream:10.1.0.24:37423|priority:1|startupRole:FOLLOWER]|listeners:[], old=null
2022-12-19 18:40:20,455 [156d136a-08eb-462a-8e45-2bca38fc9d49-server-thread1] INFO  segmented.SegmentedRaftLogWorker (SegmentedRaftLogWorker.java:startLogSegment(452)) - 156d136a-08eb-462a-8e45-2bca38fc9d49@group-1926F592E147-SegmentedRaftLogWorker: Starting segment from index:0
2022-12-19 18:40:20,457 [156d136a-08eb-462a-8e45-2bca38fc9d49@group-1926F592E147-SegmentedRaftLogWorker] INFO  segmented.SegmentedRaftLogWorker (SegmentedRaftLogWorker.java:execute(656)) - 156d136a-08eb-462a-8e45-2bca38fc9d49@group-1926F592E147-SegmentedRaftLogWorker: created new log segment /home/runner/work/ozone/ozone/hadoop-ozone/integration-test/target/test-dir/MiniOzoneClusterImpl-5ce33d81-cd12-4481-bdd0-3091a3c691f6/datanode-3/data/ratis/6e6fa98d-bd67-42c3-841f-1926f592e147/current/log_inprogress_0
2022-12-19 18:40:20,460 [f143390d-7c87-4621-8359-d245efaa75b3-server-thread3] INFO  server.RaftServer$Division (ServerState.java:setRaftConf(430)) - f143390d-7c87-4621-8359-d245efaa75b3@group-1926F592E147: set configuration 0: peers:[f143390d-7c87-4621-8359-d245efaa75b3|rpc:10.1.0.24:44783|dataStream:10.1.0.24:41301|priority:0|startupRole:FOLLOWER, 156d136a-08eb-462a-8e45-2bca38fc9d49|rpc:10.1.0.24:44445|dataStream:10.1.0.24:42007|priority:0|startupRole:FOLLOWER, 72a8f579-b929-42a4-a748-3b6f638fc788|rpc:10.1.0.24:40679|dataStream:10.1.0.24:37423|priority:1|startupRole:FOLLOWER]|listeners:[], old=null
2022-12-19 18:40:20,460 [f143390d-7c87-4621-8359-d245efaa75b3-server-thread3] INFO  segmented.SegmentedRaftLogWorker (SegmentedRaftLogWorker.java:startLogSegment(452)) - f143390d-7c87-4621-8359-d245efaa75b3@group-1926F592E147-SegmentedRaftLogWorker: Starting segment from index:0
2022-12-19 18:40:20,463 [f143390d-7c87-4621-8359-d245efaa75b3@group-1926F592E147-SegmentedRaftLogWorker] INFO  segmented.SegmentedRaftLogWorker (SegmentedRaftLogWorker.java:execute(656)) - f143390d-7c87-4621-8359-d245efaa75b3@group-1926F592E147-SegmentedRaftLogWorker: created new log segment /home/runner/work/ozone/ozone/hadoop-ozone/integration-test/target/test-dir/MiniOzoneClusterImpl-5ce33d81-cd12-4481-bdd0-3091a3c691f6/datanode-4/data/ratis/6e6fa98d-bd67-42c3-841f-1926f592e147/current/log_inprogress_0
2022-12-19 18:40:20,934 [EventQueue-CommandQueueReportForCommandQueueReportHandler] WARN  events.EventQueue (EventQueue.java:fireEvent(216)) - No event handler registered for event TypedEvent{payloadType=DatanodeDetails, name='Datanode_Command_Queue_Updated'}
2022-12-19 18:40:20,936 [EventQueue-CommandQueueReportForCommandQueueReportHandler] WARN  events.EventQueue (EventQueue.java:fireEvent(216)) - No event handler registered for event TypedEvent{payloadType=DatanodeDetails, name='Datanode_Command_Queue_Updated'}
2022-12-19 18:40:21,113 [EventQueue-CommandQueueReportForCommandQueueReportHandler] WARN  events.EventQueue (EventQueue.java:fireEvent(216)) - No event handler registered for event TypedEvent{payloadType=DatanodeDetails, name='Datanode_Command_Queue_Updated'}
2022-12-19 18:40:21,167 [EventQueue-CommandQueueReportForCommandQueueReportHandler] WARN  events.EventQueue (EventQueue.java:fireEvent(216)) - No event handler registered for event TypedEvent{payloadType=DatanodeDetails, name='Datanode_Command_Queue_Updated'}
2022-12-19 18:40:21,922 [EventQueue-CommandQueueReportForCommandQueueReportHandler] WARN  events.EventQueue (EventQueue.java:fireEvent(216)) - No event handler registered for event TypedEvent{payloadType=DatanodeDetails, name='Datanode_Command_Queue_Updated'}
2022-12-19 18:40:22,432 [EventQueue-CommandQueueReportForCommandQueueReportHandler] WARN  events.EventQueue (EventQueue.java:fireEvent(216)) - No event handler registered for event TypedEvent{payloadType=DatanodeDetails, name='Datanode_Command_Queue_Updated'}
2022-12-19 18:40:22,935 [EventQueue-CommandQueueReportForCommandQueueReportHandler] WARN  events.EventQueue (EventQueue.java:fireEvent(216)) - No event handler registered for event TypedEvent{payloadType=DatanodeDetails, name='Datanode_Command_Queue_Updated'}
2022-12-19 18:40:22,936 [EventQueue-CommandQueueReportForCommandQueueReportHandler] WARN  events.EventQueue (EventQueue.java:fireEvent(216)) - No event handler registered for event TypedEvent{payloadType=DatanodeDetails, name='Datanode_Command_Queue_Updated'}
2022-12-19 18:40:23,112 [EventQueue-CommandQueueReportForCommandQueueReportHandler] WARN  events.EventQueue (EventQueue.java:fireEvent(216)) - No event handler registered for event TypedEvent{payloadType=DatanodeDetails, name='Datanode_Command_Queue_Updated'}
2022-12-19 18:40:23,167 [EventQueue-CommandQueueReportForCommandQueueReportHandler] WARN  events.EventQueue (EventQueue.java:fireEvent(216)) - No event handler registered for event TypedEvent{payloadType=DatanodeDetails, name='Datanode_Command_Queue_Updated'}
2022-12-19 18:40:23,923 [EventQueue-CommandQueueReportForCommandQueueReportHandler] WARN  events.EventQueue (EventQueue.java:fireEvent(216)) - No event handler registered for event TypedEvent{payloadType=DatanodeDetails, name='Datanode_Command_Queue_Updated'}
2022-12-19 18:40:24,432 [EventQueue-CommandQueueReportForCommandQueueReportHandler] WARN  events.EventQueue (EventQueue.java:fireEvent(216)) - No event handler registered for event TypedEvent{payloadType=DatanodeDetails, name='Datanode_Command_Queue_Updated'}
2022-12-19 18:40:24,934 [EventQueue-CommandQueueReportForCommandQueueReportHandler] WARN  events.EventQueue (EventQueue.java:fireEvent(216)) - No event handler registered for event TypedEvent{payloadType=DatanodeDetails, name='Datanode_Command_Queue_Updated'}
2022-12-19 18:40:24,936 [EventQueue-CommandQueueReportForCommandQueueReportHandler] WARN  events.EventQueue (EventQueue.java:fireEvent(216)) - No event handler registered for event TypedEvent{payloadType=DatanodeDetails, name='Datanode_Command_Queue_Updated'}
2022-12-19 18:40:25,112 [EventQueue-CommandQueueReportForCommandQueueReportHandler] WARN  events.EventQueue (EventQueue.java:fireEvent(216)) - No event handler registered for event TypedEvent{payloadType=DatanodeDetails, name='Datanode_Command_Queue_Updated'}
2022-12-19 18:40:25,167 [EventQueue-CommandQueueReportForCommandQueueReportHandler] WARN  events.EventQueue (EventQueue.java:fireEvent(216)) - No event handler registered for event TypedEvent{payloadType=DatanodeDetails, name='Datanode_Command_Queue_Updated'}
2022-12-19 18:40:25,922 [EventQueue-CommandQueueReportForCommandQueueReportHandler] WARN  events.EventQueue (EventQueue.java:fireEvent(216)) - No event handler registered for event TypedEvent{payloadType=DatanodeDetails, name='Datanode_Command_Queue_Updated'}
2022-12-19 18:40:26,432 [EventQueue-CommandQueueReportForCommandQueueReportHandler] WARN  events.EventQueue (EventQueue.java:fireEvent(216)) - No event handler registered for event TypedEvent{payloadType=DatanodeDetails, name='Datanode_Command_Queue_Updated'}
2022-12-19 18:40:26,934 [EventQueue-CommandQueueReportForCommandQueueReportHandler] WARN  events.EventQueue (EventQueue.java:fireEvent(216)) - No event handler registered for event TypedEvent{payloadType=DatanodeDetails, name='Datanode_Command_Queue_Updated'}
2022-12-19 18:40:26,936 [EventQueue-CommandQueueReportForCommandQueueReportHandler] WARN  events.EventQueue (EventQueue.java:fireEvent(216)) - No event handler registered for event TypedEvent{payloadType=DatanodeDetails, name='Datanode_Command_Queue_Updated'}
2022-12-19 18:40:27,112 [EventQueue-CommandQueueReportForCommandQueueReportHandler] WARN  events.EventQueue (EventQueue.java:fireEvent(216)) - No event handler registered for event TypedEvent{payloadType=DatanodeDetails, name='Datanode_Command_Queue_Updated'}
2022-12-19 18:40:27,166 [EventQueue-CommandQueueReportForCommandQueueReportHandler] WARN  events.EventQueue (EventQueue.java:fireEvent(216)) - No event handler registered for event TypedEvent{payloadType=DatanodeDetails, name='Datanode_Command_Queue_Updated'}
2022-12-19 18:40:27,922 [EventQueue-CommandQueueReportForCommandQueueReportHandler] WARN  events.EventQueue (EventQueue.java:fireEvent(216)) - No event handler registered for event TypedEvent{payloadType=DatanodeDetails, name='Datanode_Command_Queue_Updated'}
2022-12-19 18:40:28,432 [EventQueue-CommandQueueReportForCommandQueueReportHandler] WARN  events.EventQueue (EventQueue.java:fireEvent(216)) - No event handler registered for event TypedEvent{payloadType=DatanodeDetails, name='Datanode_Command_Queue_Updated'}
2022-12-19 18:40:28,934 [EventQueue-CommandQueueReportForCommandQueueReportHandler] WARN  events.EventQueue (EventQueue.java:fireEvent(216)) - No event handler registered for event TypedEvent{payloadType=DatanodeDetails, name='Datanode_Command_Queue_Updated'}
2022-12-19 18:40:28,938 [EventQueue-CommandQueueReportForCommandQueueReportHandler] WARN  events.EventQueue (EventQueue.java:fireEvent(216)) - No event handler registered for event TypedEvent{payloadType=DatanodeDetails, name='Datanode_Command_Queue_Updated'}
2022-12-19 18:40:29,113 [EventQueue-CommandQueueReportForCommandQueueReportHandler] WARN  events.EventQueue (EventQueue.java:fireEvent(216)) - No event handler registered for event TypedEvent{payloadType=DatanodeDetails, name='Datanode_Command_Queue_Updated'}
2022-12-19 18:40:29,167 [EventQueue-CommandQueueReportForCommandQueueReportHandler] WARN  events.EventQueue (EventQueue.java:fireEvent(216)) - No event handler registered for event TypedEvent{payloadType=DatanodeDetails, name='Datanode_Command_Queue_Updated'}
2022-12-19 18:40:29,922 [EventQueue-CommandQueueReportForCommandQueueReportHandler] WARN  events.EventQueue (EventQueue.java:fireEvent(216)) - No event handler registered for event TypedEvent{payloadType=DatanodeDetails, name='Datanode_Command_Queue_Updated'}
2022-12-19 18:40:30,432 [EventQueue-CommandQueueReportForCommandQueueReportHandler] WARN  events.EventQueue (EventQueue.java:fireEvent(216)) - No event handler registered for event TypedEvent{payloadType=DatanodeDetails, name='Datanode_Command_Queue_Updated'}
2022-12-19 18:40:30,935 [EventQueue-CommandQueueReportForCommandQueueReportHandler] WARN  events.EventQueue (EventQueue.java:fireEvent(216)) - No event handler registered for event TypedEvent{payloadType=DatanodeDetails, name='Datanode_Command_Queue_Updated'}
2022-12-19 18:40:30,936 [EventQueue-CommandQueueReportForCommandQueueReportHandler] WARN  events.EventQueue (EventQueue.java:fireEvent(216)) - No event handler registered for event TypedEvent{payloadType=DatanodeDetails, name='Datanode_Command_Queue_Updated'}
2022-12-19 18:40:31,112 [EventQueue-CommandQueueReportForCommandQueueReportHandler] WARN  events.EventQueue (EventQueue.java:fireEvent(216)) - No event handler registered for event TypedEvent{payloadType=DatanodeDetails, name='Datanode_Command_Queue_Updated'}
2022-12-19 18:40:31,167 [EventQueue-CommandQueueReportForCommandQueueReportHandler] WARN  events.EventQueue (EventQueue.java:fireEvent(216)) - No event handler registered for event TypedEvent{payloadType=DatanodeDetails, name='Datanode_Command_Queue_Updated'}
2022-12-19 18:40:31,922 [EventQueue-CommandQueueReportForCommandQueueReportHandler] WARN  events.EventQueue (EventQueue.java:fireEvent(216)) - No event handler registered for event TypedEvent{payloadType=DatanodeDetails, name='Datanode_Command_Queue_Updated'}
2022-12-19 18:40:32,433 [EventQueue-CommandQueueReportForCommandQueueReportHandler] WARN  events.EventQueue (EventQueue.java:fireEvent(216)) - No event handler registered for event TypedEvent{payloadType=DatanodeDetails, name='Datanode_Command_Queue_Updated'}
2022-12-19 18:40:32,935 [EventQueue-CommandQueueReportForCommandQueueReportHandler] WARN  events.EventQueue (EventQueue.java:fireEvent(216)) - No event handler registered for event TypedEvent{payloadType=DatanodeDetails, name='Datanode_Command_Queue_Updated'}
2022-12-19 18:40:32,936 [EventQueue-CommandQueueReportForCommandQueueReportHandler] WARN  events.EventQueue (EventQueue.java:fireEvent(216)) - No event handler registered for event TypedEvent{payloadType=DatanodeDetails, name='Datanode_Command_Queue_Updated'}
2022-12-19 18:40:33,112 [EventQueue-CommandQueueReportForCommandQueueReportHandler] WARN  events.EventQueue (EventQueue.java:fireEvent(216)) - No event handler registered for event TypedEvent{payloadType=DatanodeDetails, name='Datanode_Command_Queue_Updated'}
2022-12-19 18:40:33,167 [EventQueue-CommandQueueReportForCommandQueueReportHandler] WARN  events.EventQueue (EventQueue.java:fireEvent(216)) - No event handler registered for event TypedEvent{payloadType=DatanodeDetails, name='Datanode_Command_Queue_Updated'}
2022-12-19 18:40:33,923 [EventQueue-CommandQueueReportForCommandQueueReportHandler] WARN  events.EventQueue (EventQueue.java:fireEvent(216)) - No event handler registered for event TypedEvent{payloadType=DatanodeDetails, name='Datanode_Command_Queue_Updated'}
2022-12-19 18:40:34,432 [EventQueue-CommandQueueReportForCommandQueueReportHandler] WARN  events.EventQueue (EventQueue.java:fireEvent(216)) - No event handler registered for event TypedEvent{payloadType=DatanodeDetails, name='Datanode_Command_Queue_Updated'}
2022-12-19 18:40:34,935 [EventQueue-CommandQueueReportForCommandQueueReportHandler] WARN  events.EventQueue (EventQueue.java:fireEvent(216)) - No event handler registered for event TypedEvent{payloadType=DatanodeDetails, name='Datanode_Command_Queue_Updated'}
2022-12-19 18:40:34,936 [EventQueue-CommandQueueReportForCommandQueueReportHandler] WARN  events.EventQueue (EventQueue.java:fireEvent(216)) - No event handler registered for event TypedEvent{payloadType=DatanodeDetails, name='Datanode_Command_Queue_Updated'}
2022-12-19 18:40:35,113 [EventQueue-CommandQueueReportForCommandQueueReportHandler] WARN  events.EventQueue (EventQueue.java:fireEvent(216)) - No event handler registered for event TypedEvent{payloadType=DatanodeDetails, name='Datanode_Command_Queue_Updated'}
2022-12-19 18:40:35,167 [EventQueue-CommandQueueReportForCommandQueueReportHandler] WARN  events.EventQueue (EventQueue.java:fireEvent(216)) - No event handler registered for event TypedEvent{payloadType=DatanodeDetails, name='Datanode_Command_Queue_Updated'}
2022-12-19 18:40:35,922 [EventQueue-CommandQueueReportForCommandQueueReportHandler] WARN  events.EventQueue (EventQueue.java:fireEvent(216)) - No event handler registered for event TypedEvent{payloadType=DatanodeDetails, name='Datanode_Command_Queue_Updated'}
2022-12-19 18:40:36,433 [EventQueue-CommandQueueReportForCommandQueueReportHandler] WARN  events.EventQueue (EventQueue.java:fireEvent(216)) - No event handler registered for event TypedEvent{payloadType=DatanodeDetails, name='Datanode_Command_Queue_Updated'}
2022-12-19 18:40:36,936 [EventQueue-CommandQueueReportForCommandQueueReportHandler] WARN  events.EventQueue (EventQueue.java:fireEvent(216)) - No event handler registered for event TypedEvent{payloadType=DatanodeDetails, name='Datanode_Command_Queue_Updated'}
2022-12-19 18:40:36,937 [EventQueue-CommandQueueReportForCommandQueueReportHandler] WARN  events.EventQueue (EventQueue.java:fireEvent(216)) - No event handler registered for event TypedEvent{payloadType=DatanodeDetails, name='Datanode_Command_Queue_Updated'}
2022-12-19 18:40:37,112 [EventQueue-CommandQueueReportForCommandQueueReportHandler] WARN  events.EventQueue (EventQueue.java:fireEvent(216)) - No event handler registered for event TypedEvent{payloadType=DatanodeDetails, name='Datanode_Command_Queue_Updated'}
2022-12-19 18:40:37,168 [EventQueue-CommandQueueReportForCommandQueueReportHandler] WARN  events.EventQueue (EventQueue.java:fireEvent(216)) - No event handler registered for event TypedEvent{payloadType=DatanodeDetails, name='Datanode_Command_Queue_Updated'}
2022-12-19 18:40:37,925 [EventQueue-CommandQueueReportForCommandQueueReportHandler] WARN  events.EventQueue (EventQueue.java:fireEvent(216)) - No event handler registered for event TypedEvent{payloadType=DatanodeDetails, name='Datanode_Command_Queue_Updated'}
2022-12-19 18:40:38,432 [EventQueue-CommandQueueReportForCommandQueueReportHandler] WARN  events.EventQueue (EventQueue.java:fireEvent(216)) - No event handler registered for event TypedEvent{payloadType=DatanodeDetails, name='Datanode_Command_Queue_Updated'}
2022-12-19 18:40:38,935 [EventQueue-CommandQueueReportForCommandQueueReportHandler] WARN  events.EventQueue (EventQueue.java:fireEvent(216)) - No event handler registered for event TypedEvent{payloadType=DatanodeDetails, name='Datanode_Command_Queue_Updated'}
2022-12-19 18:40:38,937 [EventQueue-CommandQueueReportForCommandQueueReportHandler] WARN  events.EventQueue (EventQueue.java:fireEvent(216)) - No event handler registered for event TypedEvent{payloadType=DatanodeDetails, name='Datanode_Command_Queue_Updated'}
2022-12-19 18:40:39,112 [EventQueue-CommandQueueReportForCommandQueueReportHandler] WARN  events.EventQueue (EventQueue.java:fireEvent(216)) - No event handler registered for event TypedEvent{payloadType=DatanodeDetails, name='Datanode_Command_Queue_Updated'}
2022-12-19 18:40:39,167 [EventQueue-CommandQueueReportForCommandQueueReportHandler] WARN  events.EventQueue (EventQueue.java:fireEvent(216)) - No event handler registered for event TypedEvent{payloadType=DatanodeDetails, name='Datanode_Command_Queue_Updated'}
2022-12-19 18:40:39,923 [EventQueue-CommandQueueReportForCommandQueueReportHandler] WARN  events.EventQueue (EventQueue.java:fireEvent(216)) - No event handler registered for event TypedEvent{payloadType=DatanodeDetails, name='Datanode_Command_Queue_Updated'}
2022-12-19 18:40:40,432 [EventQueue-CommandQueueReportForCommandQueueReportHandler] WARN  events.EventQueue (EventQueue.java:fireEvent(216)) - No event handler registered for event TypedEvent{payloadType=DatanodeDetails, name='Datanode_Command_Queue_Updated'}
2022-12-19 18:40:40,677 [Over Replicated Processor] INFO  replication.UnhealthyReplicationProcessor (UnhealthyReplicationProcessor.java:processAll(103)) - Processed 0 containers with health state counts {},failed processing 0
2022-12-19 18:40:40,678 [Under Replicated Processor] INFO  replication.UnhealthyReplicationProcessor (UnhealthyReplicationProcessor.java:processAll(103)) - Processed 0 containers with health state counts {},failed processing 0
2022-12-19 18:40:40,935 [EventQueue-CommandQueueReportForCommandQueueReportHandler] WARN  events.EventQueue (EventQueue.java:fireEvent(216)) - No event handler registered for event TypedEvent{payloadType=DatanodeDetails, name='Datanode_Command_Queue_Updated'}
2022-12-19 18:40:40,937 [EventQueue-CommandQueueReportForCommandQueueReportHandler] WARN  events.EventQueue (EventQueue.java:fireEvent(216)) - No event handler registered for event TypedEvent{payloadType=DatanodeDetails, name='Datanode_Command_Queue_Updated'}
2022-12-19 18:40:41,112 [EventQueue-CommandQueueReportForCommandQueueReportHandler] WARN  events.EventQueue (EventQueue.java:fireEvent(216)) - No event handler registered for event TypedEvent{payloadType=DatanodeDetails, name='Datanode_Command_Queue_Updated'}
2022-12-19 18:40:41,167 [EventQueue-CommandQueueReportForCommandQueueReportHandler] WARN  events.EventQueue (EventQueue.java:fireEvent(216)) - No event handler registered for event TypedEvent{payloadType=DatanodeDetails, name='Datanode_Command_Queue_Updated'}
2022-12-19 18:40:41,925 [EventQueue-CommandQueueReportForCommandQueueReportHandler] WARN  events.EventQueue (EventQueue.java:fireEvent(216)) - No event handler registered for event TypedEvent{payloadType=DatanodeDetails, name='Datanode_Command_Queue_Updated'}
2022-12-19 18:40:42,433 [EventQueue-CommandQueueReportForCommandQueueReportHandler] WARN  events.EventQueue (EventQueue.java:fireEvent(216)) - No event handler registered for event TypedEvent{payloadType=DatanodeDetails, name='Datanode_Command_Queue_Updated'}
2022-12-19 18:40:42,936 [EventQueue-CommandQueueReportForCommandQueueReportHandler] WARN  events.EventQueue (EventQueue.java:fireEvent(216)) - No event handler registered for event TypedEvent{payloadType=DatanodeDetails, name='Datanode_Command_Queue_Updated'}
2022-12-19 18:40:42,937 [EventQueue-CommandQueueReportForCommandQueueReportHandler] WARN  events.EventQueue (EventQueue.java:fireEvent(216)) - No event handler registered for event TypedEvent{payloadType=DatanodeDetails, name='Datanode_Command_Queue_Updated'}
2022-12-19 18:40:43,113 [EventQueue-CommandQueueReportForCommandQueueReportHandler] WARN  events.EventQueue (EventQueue.java:fireEvent(216)) - No event handler registered for event TypedEvent{payloadType=DatanodeDetails, name='Datanode_Command_Queue_Updated'}
2022-12-19 18:40:43,168 [EventQueue-CommandQueueReportForCommandQueueReportHandler] WARN  events.EventQueue (EventQueue.java:fireEvent(216)) - No event handler registered for event TypedEvent{payloadType=DatanodeDetails, name='Datanode_Command_Queue_Updated'}
2022-12-19 18:40:43,922 [EventQueue-CommandQueueReportForCommandQueueReportHandler] WARN  events.EventQueue (EventQueue.java:fireEvent(216)) - No event handler registered for event TypedEvent{payloadType=DatanodeDetails, name='Datanode_Command_Queue_Updated'}
2022-12-19 18:40:44,433 [EventQueue-CommandQueueReportForCommandQueueReportHandler] WARN  events.EventQueue (EventQueue.java:fireEvent(216)) - No event handler registered for event TypedEvent{payloadType=DatanodeDetails, name='Datanode_Command_Queue_Updated'}
2022-12-19 18:40:44,938 [EventQueue-CommandQueueReportForCommandQueueReportHandler] WARN  events.EventQueue (EventQueue.java:fireEvent(216)) - No event handler registered for event TypedEvent{payloadType=DatanodeDetails, name='Datanode_Command_Queue_Updated'}
2022-12-19 18:40:44,938 [EventQueue-CommandQueueReportForCommandQueueReportHandler] WARN  events.EventQueue (EventQueue.java:fireEvent(216)) - No event handler registered for event TypedEvent{payloadType=DatanodeDetails, name='Datanode_Command_Queue_Updated'}
2022-12-19 18:40:45,112 [EventQueue-CommandQueueReportForCommandQueueReportHandler] WARN  events.EventQueue (EventQueue.java:fireEvent(216)) - No event handler registered for event TypedEvent{payloadType=DatanodeDetails, name='Datanode_Command_Queue_Updated'}
2022-12-19 18:40:45,167 [EventQueue-CommandQueueReportForCommandQueueReportHandler] WARN  events.EventQueue (EventQueue.java:fireEvent(216)) - No event handler registered for event TypedEvent{payloadType=DatanodeDetails, name='Datanode_Command_Queue_Updated'}
2022-12-19 18:40:45,922 [EventQueue-CommandQueueReportForCommandQueueReportHandler] WARN  events.EventQueue (EventQueue.java:fireEvent(216)) - No event handler registered for event TypedEvent{payloadType=DatanodeDetails, name='Datanode_Command_Queue_Updated'}
2022-12-19 18:40:46,432 [EventQueue-CommandQueueReportForCommandQueueReportHandler] WARN  events.EventQueue (EventQueue.java:fireEvent(216)) - No event handler registered for event TypedEvent{payloadType=DatanodeDetails, name='Datanode_Command_Queue_Updated'}
2022-12-19 18:40:46,935 [EventQueue-CommandQueueReportForCommandQueueReportHandler] WARN  events.EventQueue (EventQueue.java:fireEvent(216)) - No event handler registered for event TypedEvent{payloadType=DatanodeDetails, name='Datanode_Command_Queue_Updated'}
2022-12-19 18:40:46,937 [EventQueue-CommandQueueReportForCommandQueueReportHandler] WARN  events.EventQueue (EventQueue.java:fireEvent(216)) - No event handler registered for event TypedEvent{payloadType=DatanodeDetails, name='Datanode_Command_Queue_Updated'}
2022-12-19 18:40:47,112 [EventQueue-CommandQueueReportForCommandQueueReportHandler] WARN  events.EventQueue (EventQueue.java:fireEvent(216)) - No event handler registered for event TypedEvent{payloadType=DatanodeDetails, name='Datanode_Command_Queue_Updated'}
2022-12-19 18:40:47,167 [EventQueue-CommandQueueReportForCommandQueueReportHandler] WARN  events.EventQueue (EventQueue.java:fireEvent(216)) - No event handler registered for event TypedEvent{payloadType=DatanodeDetails, name='Datanode_Command_Queue_Updated'}
2022-12-19 18:40:47,923 [EventQueue-CommandQueueReportForCommandQueueReportHandler] WARN  events.EventQueue (EventQueue.java:fireEvent(216)) - No event handler registered for event TypedEvent{payloadType=DatanodeDetails, name='Datanode_Command_Queue_Updated'}
2022-12-19 18:40:48,433 [EventQueue-CommandQueueReportForCommandQueueReportHandler] WARN  events.EventQueue (EventQueue.java:fireEvent(216)) - No event handler registered for event TypedEvent{payloadType=DatanodeDetails, name='Datanode_Command_Queue_Updated'}
2022-12-19 18:40:48,936 [EventQueue-CommandQueueReportForCommandQueueReportHandler] WARN  events.EventQueue (EventQueue.java:fireEvent(216)) - No event handler registered for event TypedEvent{payloadType=DatanodeDetails, name='Datanode_Command_Queue_Updated'}
2022-12-19 18:40:48,938 [EventQueue-CommandQueueReportForCommandQueueReportHandler] WARN  events.EventQueue (EventQueue.java:fireEvent(216)) - No event handler registered for event TypedEvent{payloadType=DatanodeDetails, name='Datanode_Command_Queue_Updated'}
2022-12-19 18:40:49,112 [EventQueue-CommandQueueReportForCommandQueueReportHandler] WARN  events.EventQueue (EventQueue.java:fireEvent(216)) - No event handler registered for event TypedEvent{payloadType=DatanodeDetails, name='Datanode_Command_Queue_Updated'}
2022-12-19 18:40:49,167 [EventQueue-CommandQueueReportForCommandQueueReportHandler] WARN  events.EventQueue (EventQueue.java:fireEvent(216)) - No event handler registered for event TypedEvent{payloadType=DatanodeDetails, name='Datanode_Command_Queue_Updated'}
2022-12-19 18:40:49,922 [EventQueue-CommandQueueReportForCommandQueueReportHandler] WARN  events.EventQueue (EventQueue.java:fireEvent(216)) - No event handler registered for event TypedEvent{payloadType=DatanodeDetails, name='Datanode_Command_Queue_Updated'}
2022-12-19 18:40:50,432 [EventQueue-CommandQueueReportForCommandQueueReportHandler] WARN  events.EventQueue (EventQueue.java:fireEvent(216)) - No event handler registered for event TypedEvent{payloadType=DatanodeDetails, name='Datanode_Command_Queue_Updated'}
2022-12-19 18:40:50,935 [EventQueue-CommandQueueReportForCommandQueueReportHandler] WARN  events.EventQueue (EventQueue.java:fireEvent(216)) - No event handler registered for event TypedEvent{payloadType=DatanodeDetails, name='Datanode_Command_Queue_Updated'}
2022-12-19 18:40:50,938 [EventQueue-CommandQueueReportForCommandQueueReportHandler] WARN  events.EventQueue (EventQueue.java:fireEvent(216)) - No event handler registered for event TypedEvent{payloadType=DatanodeDetails, name='Datanode_Command_Queue_Updated'}
2022-12-19 18:40:51,113 [EventQueue-CommandQueueReportForCommandQueueReportHandler] WARN  events.EventQueue (EventQueue.java:fireEvent(216)) - No event handler registered for event TypedEvent{payloadType=DatanodeDetails, name='Datanode_Command_Queue_Updated'}
2022-12-19 18:40:51,167 [EventQueue-CommandQueueReportForCommandQueueReportHandler] WARN  events.EventQueue (EventQueue.java:fireEvent(216)) - No event handler registered for event TypedEvent{payloadType=DatanodeDetails, name='Datanode_Command_Queue_Updated'}
2022-12-19 18:40:51,922 [EventQueue-CommandQueueReportForCommandQueueReportHandler] WARN  events.EventQueue (EventQueue.java:fireEvent(216)) - No event handler registered for event TypedEvent{payloadType=DatanodeDetails, name='Datanode_Command_Queue_Updated'}
2022-12-19 18:40:52,432 [EventQueue-CommandQueueReportForCommandQueueReportHandler] WARN  events.EventQueue (EventQueue.java:fireEvent(216)) - No event handler registered for event TypedEvent{payloadType=DatanodeDetails, name='Datanode_Command_Queue_Updated'}
2022-12-19 18:40:52,935 [EventQueue-CommandQueueReportForCommandQueueReportHandler] WARN  events.EventQueue (EventQueue.java:fireEvent(216)) - No event handler registered for event TypedEvent{payloadType=DatanodeDetails, name='Datanode_Command_Queue_Updated'}
2022-12-19 18:40:52,939 [EventQueue-CommandQueueReportForCommandQueueReportHandler] WARN  events.EventQueue (EventQueue.java:fireEvent(216)) - No event handler registered for event TypedEvent{payloadType=DatanodeDetails, name='Datanode_Command_Queue_Updated'}
2022-12-19 18:40:53,112 [EventQueue-CommandQueueReportForCommandQueueReportHandler] WARN  events.EventQueue (EventQueue.java:fireEvent(216)) - No event handler registered for event TypedEvent{payloadType=DatanodeDetails, name='Datanode_Command_Queue_Updated'}
2022-12-19 18:40:53,168 [EventQueue-CommandQueueReportForCommandQueueReportHandler] WARN  events.EventQueue (EventQueue.java:fireEvent(216)) - No event handler registered for event TypedEvent{payloadType=DatanodeDetails, name='Datanode_Command_Queue_Updated'}
2022-12-19 18:40:53,922 [EventQueue-CommandQueueReportForCommandQueueReportHandler] WARN  events.EventQueue (EventQueue.java:fireEvent(216)) - No event handler registered for event TypedEvent{payloadType=DatanodeDetails, name='Datanode_Command_Queue_Updated'}
2022-12-19 18:40:54,432 [EventQueue-CommandQueueReportForCommandQueueReportHandler] WARN  events.EventQueue (EventQueue.java:fireEvent(216)) - No event handler registered for event TypedEvent{payloadType=DatanodeDetails, name='Datanode_Command_Queue_Updated'}
2022-12-19 18:40:54,936 [EventQueue-CommandQueueReportForCommandQueueReportHandler] WARN  events.EventQueue (EventQueue.java:fireEvent(216)) - No event handler registered for event TypedEvent{payloadType=DatanodeDetails, name='Datanode_Command_Queue_Updated'}
2022-12-19 18:40:54,938 [EventQueue-CommandQueueReportForCommandQueueReportHandler] WARN  events.EventQueue (EventQueue.java:fireEvent(216)) - No event handler registered for event TypedEvent{payloadType=DatanodeDetails, name='Datanode_Command_Queue_Updated'}
2022-12-19 18:40:55,113 [EventQueue-CommandQueueReportForCommandQueueReportHandler] WARN  events.EventQueue (EventQueue.java:fireEvent(216)) - No event handler registered for event TypedEvent{payloadType=DatanodeDetails, name='Datanode_Command_Queue_Updated'}
2022-12-19 18:40:55,168 [EventQueue-CommandQueueReportForCommandQueueReportHandler] WARN  events.EventQueue (EventQueue.java:fireEvent(216)) - No event handler registered for event TypedEvent{payloadType=DatanodeDetails, name='Datanode_Command_Queue_Updated'}
2022-12-19 18:40:55,923 [EventQueue-CommandQueueReportForCommandQueueReportHandler] WARN  events.EventQueue (EventQueue.java:fireEvent(216)) - No event handler registered for event TypedEvent{payloadType=DatanodeDetails, name='Datanode_Command_Queue_Updated'}
2022-12-19 18:40:56,433 [EventQueue-CommandQueueReportForCommandQueueReportHandler] WARN  events.EventQueue (EventQueue.java:fireEvent(216)) - No event handler registered for event TypedEvent{payloadType=DatanodeDetails, name='Datanode_Command_Queue_Updated'}
2022-12-19 18:40:56,936 [EventQueue-CommandQueueReportForCommandQueueReportHandler] WARN  events.EventQueue (EventQueue.java:fireEvent(216)) - No event handler registered for event TypedEvent{payloadType=DatanodeDetails, name='Datanode_Command_Queue_Updated'}
2022-12-19 18:40:56,938 [EventQueue-CommandQueueReportForCommandQueueReportHandler] WARN  events.EventQueue (EventQueue.java:fireEvent(216)) - No event handler registered for event TypedEvent{payloadType=DatanodeDetails, name='Datanode_Command_Queue_Updated'}
2022-12-19 18:40:57,112 [EventQueue-CommandQueueReportForCommandQueueReportHandler] WARN  events.EventQueue (EventQueue.java:fireEvent(216)) - No event handler registered for event TypedEvent{payloadType=DatanodeDetails, name='Datanode_Command_Queue_Updated'}
2022-12-19 18:40:57,168 [EventQueue-CommandQueueReportForCommandQueueReportHandler] WARN  events.EventQueue (EventQueue.java:fireEvent(216)) - No event handler registered for event TypedEvent{payloadType=DatanodeDetails, name='Datanode_Command_Queue_Updated'}
2022-12-19 18:40:57,922 [EventQueue-CommandQueueReportForCommandQueueReportHandler] WARN  events.EventQueue (EventQueue.java:fireEvent(216)) - No event handler registered for event TypedEvent{payloadType=DatanodeDetails, name='Datanode_Command_Queue_Updated'}
2022-12-19 18:40:58,433 [EventQueue-CommandQueueReportForCommandQueueReportHandler] WARN  events.EventQueue (EventQueue.java:fireEvent(216)) - No event handler registered for event TypedEvent{payloadType=DatanodeDetails, name='Datanode_Command_Queue_Updated'}
2022-12-19 18:40:58,935 [EventQueue-CommandQueueReportForCommandQueueReportHandler] WARN  events.EventQueue (EventQueue.java:fireEvent(216)) - No event handler registered for event TypedEvent{payloadType=DatanodeDetails, name='Datanode_Command_Queue_Updated'}
2022-12-19 18:40:58,939 [EventQueue-CommandQueueReportForCommandQueueReportHandler] WARN  events.EventQueue (EventQueue.java:fireEvent(216)) - No event handler registered for event TypedEvent{payloadType=DatanodeDetails, name='Datanode_Command_Queue_Updated'}
2022-12-19 18:40:59,112 [EventQueue-CommandQueueReportForCommandQueueReportHandler] WARN  events.EventQueue (EventQueue.java:fireEvent(216)) - No event handler registered for event TypedEvent{payloadType=DatanodeDetails, name='Datanode_Command_Queue_Updated'}
2022-12-19 18:40:59,168 [EventQueue-CommandQueueReportForCommandQueueReportHandler] WARN  events.EventQueue (EventQueue.java:fireEvent(216)) - No event handler registered for event TypedEvent{payloadType=DatanodeDetails, name='Datanode_Command_Queue_Updated'}
2022-12-19 18:40:59,266 [Listener at 127.0.0.1/39295] INFO  ozone.MiniOzoneClusterImpl (MiniOzoneClusterImpl.java:shutdown(449)) - Shutting down the Mini Ozone Cluster
2022-12-19 18:40:59,266 [Listener at 127.0.0.1/39295] INFO  ozone.MiniOzoneClusterImpl (MiniOzoneClusterImpl.java:stop(464)) - Stopping the Mini Ozone Cluster
2022-12-19 18:40:59,266 [Listener at 127.0.0.1/39295] INFO  ozone.MiniOzoneClusterImpl (MiniOzoneClusterImpl.java:stopOM(546)) - Stopping the OzoneManager
2022-12-19 18:40:59,266 [Listener at 127.0.0.1/39295] INFO  om.OzoneManager (OzoneManager.java:stop(2036)) - om1[localhost:0]: Stopping Ozone Manager
2022-12-19 18:40:59,267 [Listener at 127.0.0.1/39295] INFO  ipc.Server (Server.java:stop(3428)) - Stopping server on 39295
2022-12-19 18:40:59,267 [IPC Server listener on 0] INFO  ipc.Server (Server.java:run(1384)) - Stopping IPC Server listener on 0
2022-12-19 18:40:59,268 [IPC Server Responder] INFO  ipc.Server (Server.java:run(1517)) - Stopping IPC Server Responder
2022-12-19 18:40:59,268 [Listener at 127.0.0.1/39295] INFO  server.RaftServer (RaftServerProxy.java:lambda$close$6(409)) - om1: close
2022-12-19 18:40:59,269 [Listener at 127.0.0.1/39295] INFO  server.GrpcService (GrpcService.java:closeImpl(271)) - om1: shutdown server GrpcServerProtocolService now
2022-12-19 18:40:59,269 [Listener at 127.0.0.1/39295] INFO  server.GrpcService (GrpcService.java:closeImpl(280)) - om1: shutdown server GrpcServerProtocolService successfully
2022-12-19 18:40:59,269 [om1-NettyServerStreamRpc-bossGroup--thread1] INFO  logging.LoggingHandler (AbstractInternalLogger.java:log(148)) - [id: 0xb10e4d90, L:/0:0:0:0:0:0:0:0:38415] CLOSE
2022-12-19 18:40:59,269 [om1-NettyServerStreamRpc-bossGroup--thread1] INFO  logging.LoggingHandler (AbstractInternalLogger.java:log(148)) - [id: 0xb10e4d90, L:/0:0:0:0:0:0:0:0:38415] INACTIVE
2022-12-19 18:40:59,269 [om1-NettyServerStreamRpc-bossGroup--thread1] INFO  logging.LoggingHandler (AbstractInternalLogger.java:log(148)) - [id: 0xb10e4d90, L:/0:0:0:0:0:0:0:0:38415] UNREGISTERED
2022-12-19 18:40:59,270 [om1-impl-thread2] INFO  server.RaftServer$Division (RaftServerImpl.java:lambda$close$4(458)) - om1@group-C5BA1605619E: shutdown
2022-12-19 18:40:59,270 [om1-impl-thread2] INFO  util.JmxRegister (JmxRegister.java:unregister(73)) - Successfully un-registered JMX Bean with object name Ratis:service=RaftServer,group=group-C5BA1605619E,id=om1
2022-12-19 18:40:59,270 [om1-impl-thread2] INFO  impl.RoleInfo (RoleInfo.java:shutdownLeaderState(93)) - om1: shutdown om1@group-C5BA1605619E-LeaderStateImpl
2022-12-19 18:40:59,270 [om1-impl-thread2] INFO  impl.PendingRequests (PendingRequests.java:sendNotLeaderResponses(282)) - om1@group-C5BA1605619E-PendingRequests: sendNotLeaderResponses
2022-12-19 18:40:59,292 [om1-impl-thread2] INFO  impl.StateMachineUpdater (StateMachineUpdater.java:stopAndJoin(153)) - om1@group-C5BA1605619E-StateMachineUpdater: set stopIndex = 2
2022-12-19 18:40:59,292 [om1@group-C5BA1605619E-StateMachineUpdater] INFO  ratis.OzoneManagerStateMachine (OzoneManagerStateMachine.java:takeSnapshot(445)) - Current Snapshot Index (t:1, i:2)
2022-12-19 18:40:59,292 [om1@group-C5BA1605619E-StateMachineUpdater] INFO  impl.StateMachineUpdater (StateMachineUpdater.java:takeSnapshot(287)) - om1@group-C5BA1605619E-StateMachineUpdater: Took a snapshot at index 2
2022-12-19 18:40:59,292 [om1@group-C5BA1605619E-StateMachineUpdater] INFO  impl.StateMachineUpdater (StateMachineUpdater.java:lambda$new$0(92)) - om1@group-C5BA1605619E-StateMachineUpdater: snapshotIndex: updateIncreasingly -1 -> 2
2022-12-19 18:40:59,292 [om1@group-C5BA1605619E-StateMachineUpdater] INFO  ratis.OzoneManagerStateMachine (OzoneManagerStateMachine.java:close(499)) - StateMachine has shutdown. Shutdown OzoneManager if not already shutdown.
2022-12-19 18:40:59,292 [om1@group-C5BA1605619E-StateMachineUpdater] INFO  ratis.OzoneManagerDoubleBuffer (OzoneManagerDoubleBuffer.java:stop(466)) - Stopping OMDoubleBuffer flush thread
2022-12-19 18:40:59,292 [OMDoubleBufferFlushThread] INFO  ratis.OzoneManagerDoubleBuffer (OzoneManagerDoubleBuffer.java:flushTransactions(385)) - OMDoubleBuffer flush thread OMDoubleBufferFlushThread is interrupted and will exit.
2022-12-19 18:40:59,293 [om1-impl-thread2] INFO  server.RaftServer$Division (ServerState.java:close(466)) - om1@group-C5BA1605619E: closes. applyIndex: 2
2022-12-19 18:40:59,293 [om1@group-C5BA1605619E-SegmentedRaftLogWorker] INFO  segmented.SegmentedRaftLogWorker (SegmentedRaftLogWorker.java:run(347)) - om1@group-C5BA1605619E-SegmentedRaftLogWorker was interrupted, exiting. There are 0 tasks remaining in the queue.
2022-12-19 18:40:59,295 [om1-impl-thread2] INFO  segmented.SegmentedRaftLogWorker (SegmentedRaftLogWorker.java:close(257)) - om1@group-C5BA1605619E-SegmentedRaftLogWorker close()
2022-12-19 18:40:59,295 [JvmPauseMonitor11] INFO  util.JvmPauseMonitor (JvmPauseMonitor.java:run(111)) - JvmPauseMonitor-om1: Stopped
2022-12-19 18:40:59,296 [Listener at 127.0.0.1/39295] INFO  ratis.OzoneManagerStateMachine (OzoneManagerStateMachine.java:close(499)) - StateMachine has shutdown. Shutdown OzoneManager if not already shutdown.
2022-12-19 18:40:59,296 [Listener at 127.0.0.1/39295] INFO  ratis.OzoneManagerDoubleBuffer (OzoneManagerDoubleBuffer.java:stop(478)) - OMDoubleBuffer flush thread is not running.
2022-12-19 18:40:59,296 [Listener at 127.0.0.1/39295] INFO  utils.BackgroundService (BackgroundService.java:shutdown(141)) - Shutting down service KeyDeletingService
2022-12-19 18:40:59,296 [Listener at 127.0.0.1/39295] INFO  utils.BackgroundService (BackgroundService.java:shutdown(141)) - Shutting down service DirectoryDeletingService
2022-12-19 18:40:59,296 [Listener at 127.0.0.1/39295] INFO  utils.BackgroundService (BackgroundService.java:shutdown(141)) - Shutting down service OpenKeyCleanupService
2022-12-19 18:40:59,297 [Listener at 127.0.0.1/39295] INFO  handler.ContextHandler (ContextHandler.java:doStop(1159)) - Stopped o.e.j.w.WebAppContext@73e08a42{ozoneManager,/,null,STOPPED}{file:/home/runner/work/ozone/ozone/hadoop-ozone/integration-test/target/test-classes/webapps/ozoneManager}
2022-12-19 18:40:59,297 [Listener at 127.0.0.1/39295] INFO  server.AbstractConnector (AbstractConnector.java:doStop(383)) - Stopped ServerConnector@3c7ddb2d{HTTP/1.1, (http/1.1)}{0.0.0.0:0}
2022-12-19 18:40:59,298 [Listener at 127.0.0.1/39295] INFO  server.session (HouseKeeper.java:stopScavenging(149)) - node0 Stopped scavenging
2022-12-19 18:40:59,298 [Listener at 127.0.0.1/39295] INFO  handler.ContextHandler (ContextHandler.java:doStop(1159)) - Stopped o.e.j.s.ServletContextHandler@1aef7194{static,/static,file:///home/runner/work/ozone/ozone/hadoop-ozone/integration-test/target/test-classes/webapps/static,STOPPED}
2022-12-19 18:40:59,298 [Listener at 127.0.0.1/39295] INFO  handler.ContextHandler (ContextHandler.java:doStop(1159)) - Stopped o.e.j.s.ServletContextHandler@66100089{logs,/logs,file:///home/runner/work/ozone/ozone/hadoop-ozone/integration-test/target/log,STOPPED}
2022-12-19 18:40:59,300 [Listener at 127.0.0.1/39295] INFO  ozone.MiniOzoneClusterImpl (MiniOzoneClusterImpl.java:stopDatanodes(523)) - Stopping the HddsDatanodes
2022-12-19 18:40:59,303 [Listener at 127.0.0.1/39295] INFO  ozoneimpl.OzoneContainer (OzoneContainer.java:stop(417)) - Attempting to stop container services.
2022-12-19 18:40:59,304 [Listener at 127.0.0.1/39295] INFO  server.RaftServer (RaftServerProxy.java:lambda$close$6(409)) - 156d136a-08eb-462a-8e45-2bca38fc9d49: close
2022-12-19 18:40:59,305 [ForkJoinPool.commonPool-worker-0] INFO  ozoneimpl.OzoneContainer (OzoneContainer.java:stop(417)) - Attempting to stop container services.
2022-12-19 18:40:59,305 [Listener at 127.0.0.1/39295] INFO  server.GrpcService (GrpcService.java:closeImpl(271)) - 156d136a-08eb-462a-8e45-2bca38fc9d49: shutdown server GrpcServerProtocolService now
2022-12-19 18:40:59,305 [156d136a-08eb-462a-8e45-2bca38fc9d49-impl-thread2] INFO  server.RaftServer$Division (RaftServerImpl.java:lambda$close$4(458)) - 156d136a-08eb-462a-8e45-2bca38fc9d49@group-1926F592E147: shutdown
2022-12-19 18:40:59,306 [ForkJoinPool.commonPool-worker-0] INFO  server.RaftServer (RaftServerProxy.java:lambda$close$6(409)) - bb729a89-1f9d-479b-ba94-fb09a3e8e4eb: close
2022-12-19 18:40:59,306 [ForkJoinPool.commonPool-worker-0] INFO  server.GrpcService (GrpcService.java:closeImpl(271)) - bb729a89-1f9d-479b-ba94-fb09a3e8e4eb: shutdown server GrpcServerProtocolService now
2022-12-19 18:40:59,306 [156d136a-08eb-462a-8e45-2bca38fc9d49-impl-thread2] INFO  util.JmxRegister (JmxRegister.java:unregister(73)) - Successfully un-registered JMX Bean with object name Ratis:service=RaftServer,group=group-1926F592E147,id=156d136a-08eb-462a-8e45-2bca38fc9d49
2022-12-19 18:40:59,306 [156d136a-08eb-462a-8e45-2bca38fc9d49-impl-thread2] INFO  impl.RoleInfo (RoleInfo.java:shutdownFollowerState(110)) - 156d136a-08eb-462a-8e45-2bca38fc9d49: shutdown 156d136a-08eb-462a-8e45-2bca38fc9d49@group-1926F592E147-FollowerState
2022-12-19 18:40:59,306 [156d136a-08eb-462a-8e45-2bca38fc9d49@group-1926F592E147-FollowerState] INFO  impl.FollowerState (FollowerState.java:run(152)) - 156d136a-08eb-462a-8e45-2bca38fc9d49@group-1926F592E147-FollowerState was interrupted
2022-12-19 18:40:59,307 [156d136a-08eb-462a-8e45-2bca38fc9d49@group-1926F592E147-StateMachineUpdater] INFO  ratis.ContainerStateMachine (ContainerStateMachine.java:takeSnapshot(308)) - group-1926F592E147: Taking a snapshot at:(t:6, i:0) file /home/runner/work/ozone/ozone/hadoop-ozone/integration-test/target/test-dir/MiniOzoneClusterImpl-5ce33d81-cd12-4481-bdd0-3091a3c691f6/datanode-3/data/ratis/6e6fa98d-bd67-42c3-841f-1926f592e147/sm/snapshot.6_0
2022-12-19 18:40:59,308 [ForkJoinPool.commonPool-worker-0] INFO  server.GrpcServerProtocolClient (GrpcServerProtocolClient.java:close(101)) - daa36c1e-9cf4-4c94-819a-0a52a71ceb67 Close channels
2022-12-19 18:40:59,308 [156d136a-08eb-462a-8e45-2bca38fc9d49-impl-thread2] INFO  impl.StateMachineUpdater (StateMachineUpdater.java:stopAndJoin(153)) - 156d136a-08eb-462a-8e45-2bca38fc9d49@group-1926F592E147-StateMachineUpdater: set stopIndex = 0
2022-12-19 18:40:59,309 [Listener at 127.0.0.1/39295] INFO  server.GrpcServerProtocolClient (GrpcServerProtocolClient.java:close(101)) - f143390d-7c87-4621-8359-d245efaa75b3 Close channels
2022-12-19 18:40:59,309 [156d136a-08eb-462a-8e45-2bca38fc9d49@group-1926F592E147-StateMachineUpdater] INFO  ratis.ContainerStateMachine (ContainerStateMachine.java:takeSnapshot(319)) - group-1926F592E147: Finished taking a snapshot at:(t:6, i:0) file:/home/runner/work/ozone/ozone/hadoop-ozone/integration-test/target/test-dir/MiniOzoneClusterImpl-5ce33d81-cd12-4481-bdd0-3091a3c691f6/datanode-3/data/ratis/6e6fa98d-bd67-42c3-841f-1926f592e147/sm/snapshot.6_0 took: 3 ms
2022-12-19 18:40:59,310 [156d136a-08eb-462a-8e45-2bca38fc9d49@group-1926F592E147-StateMachineUpdater] INFO  impl.StateMachineUpdater (StateMachineUpdater.java:takeSnapshot(287)) - 156d136a-08eb-462a-8e45-2bca38fc9d49@group-1926F592E147-StateMachineUpdater: Took a snapshot at index 0
2022-12-19 18:40:59,310 [156d136a-08eb-462a-8e45-2bca38fc9d49@group-1926F592E147-StateMachineUpdater] INFO  impl.StateMachineUpdater (StateMachineUpdater.java:lambda$new$0(92)) - 156d136a-08eb-462a-8e45-2bca38fc9d49@group-1926F592E147-StateMachineUpdater: snapshotIndex: updateIncreasingly -1 -> 0
2022-12-19 18:40:59,310 [grpc-default-executor-1] WARN  server.GrpcServerProtocolService (LogUtils.java:warn(122)) - 156d136a-08eb-462a-8e45-2bca38fc9d49: installSnapshot onError, lastRequest: null: org.apache.ratis.thirdparty.io.grpc.StatusRuntimeException: CANCELLED: client cancelled
2022-12-19 18:40:59,310 [grpc-default-executor-6] WARN  server.GrpcServerProtocolService (LogUtils.java:warn(122)) - 156d136a-08eb-462a-8e45-2bca38fc9d49: installSnapshot onError, lastRequest: 72a8f579-b929-42a4-a748-3b6f638fc788->156d136a-08eb-462a-8e45-2bca38fc9d49#1-t6,previous=(t:0, i:0),leaderCommit=0,initializing? true,entries: size=1, first=(t:6, i:0), CONFIGURATIONENTRY(current:id: "f143390d-7c87-4621-8359-d245efaa75b3"
address: "10.1.0.24:44783"
dataStreamAddress: "10.1.0.24:41301"
clientAddress: "10.1.0.24:44783"
adminAddress: "10.1.0.24:44783"
startupRole: FOLLOWER
,id: "156d136a-08eb-462a-8e45-2bca38fc9d49"
address: "10.1.0.24:44445"
dataStreamAddress: "10.1.0.24:42007"
clientAddress: "10.1.0.24:44445"
adminAddress: "10.1.0.24:44445"
startupRole: FOLLOWER
,id: "72a8f579-b929-42a4-a748-3b6f638fc788"
address: "10.1.0.24:40679"
priority: 1
dataStreamAddress: "10.1.0.24:37423"
clientAddress: "10.1.0.24:40679"
adminAddress: "10.1.0.24:40679"
startupRole: FOLLOWER
, old:): org.apache.ratis.thirdparty.io.grpc.StatusRuntimeException: CANCELLED: client cancelled
2022-12-19 18:40:59,313 [156d136a-08eb-462a-8e45-2bca38fc9d49-impl-thread2] INFO  server.RaftServer$Division (ServerState.java:close(466)) - 156d136a-08eb-462a-8e45-2bca38fc9d49@group-1926F592E147: closes. applyIndex: 0
2022-12-19 18:40:59,313 [Listener at 127.0.0.1/39295] INFO  server.GrpcServerProtocolClient (GrpcServerProtocolClient.java:close(101)) - 72a8f579-b929-42a4-a748-3b6f638fc788 Close channels
2022-12-19 18:40:59,313 [156d136a-08eb-462a-8e45-2bca38fc9d49@group-1926F592E147-SegmentedRaftLogWorker] INFO  segmented.SegmentedRaftLogWorker (SegmentedRaftLogWorker.java:run(347)) - 156d136a-08eb-462a-8e45-2bca38fc9d49@group-1926F592E147-SegmentedRaftLogWorker was interrupted, exiting. There are 0 tasks remaining in the queue.
2022-12-19 18:40:59,318 [156d136a-08eb-462a-8e45-2bca38fc9d49-impl-thread2] INFO  segmented.SegmentedRaftLogWorker (SegmentedRaftLogWorker.java:close(257)) - 156d136a-08eb-462a-8e45-2bca38fc9d49@group-1926F592E147-SegmentedRaftLogWorker close()
2022-12-19 18:40:59,319 [grpc-default-executor-6] WARN  server.GrpcLogAppender (LogUtils.java:warn(122)) - 72a8f579-b929-42a4-a748-3b6f638fc788@group-1926F592E147->156d136a-08eb-462a-8e45-2bca38fc9d49-AppendLogResponseHandler: Failed appendEntries: org.apache.ratis.thirdparty.io.grpc.StatusRuntimeException: CANCELLED: RST_STREAM closed stream. HTTP/2 error code: CANCEL
2022-12-19 18:40:59,319 [grpc-default-executor-6] WARN  server.GrpcLogAppender (GrpcLogAppender.java:resetClient(131)) - 72a8f579-b929-42a4-a748-3b6f638fc788@group-1926F592E147->156d136a-08eb-462a-8e45-2bca38fc9d49-GrpcLogAppender: Leader has not got in touch with Follower 72a8f579-b929-42a4-a748-3b6f638fc788@group-1926F592E147->156d136a-08eb-462a-8e45-2bca38fc9d49(c0,m0,n1, attendVote=true, lastRpcSendTime=1328, lastRpcResponseTime=1327) yet, just keep nextIndex unchanged and retry.
2022-12-19 18:40:59,320 [grpc-default-executor-1] WARN  server.GrpcLogAppender (LogUtils.java:warn(122)) - 72a8f579-b929-42a4-a748-3b6f638fc788@group-1926F592E147->156d136a-08eb-462a-8e45-2bca38fc9d49-AppendLogResponseHandler: Failed appendEntries: org.apache.ratis.thirdparty.io.grpc.StatusRuntimeException: CANCELLED: RST_STREAM closed stream. HTTP/2 error code: CANCEL
2022-12-19 18:40:59,320 [grpc-default-executor-1] WARN  server.GrpcLogAppender (GrpcLogAppender.java:resetClient(131)) - 72a8f579-b929-42a4-a748-3b6f638fc788@group-1926F592E147->156d136a-08eb-462a-8e45-2bca38fc9d49-GrpcLogAppender: Leader has not got in touch with Follower 72a8f579-b929-42a4-a748-3b6f638fc788@group-1926F592E147->156d136a-08eb-462a-8e45-2bca38fc9d49(c0,m0,n1, attendVote=true, lastRpcSendTime=1328, lastRpcResponseTime=1327) yet, just keep nextIndex unchanged and retry.
2022-12-19 18:40:59,323 [ForkJoinPool.commonPool-worker-0] INFO  server.GrpcServerProtocolClient (GrpcServerProtocolClient.java:close(101)) - 12d62a03-33f5-4ac8-ab31-68f2c1a01619 Close channels
2022-12-19 18:40:59,324 [Listener at 127.0.0.1/39295] INFO  server.GrpcService (GrpcService.java:closeImpl(280)) - 156d136a-08eb-462a-8e45-2bca38fc9d49: shutdown server GrpcServerProtocolService successfully
2022-12-19 18:40:59,324 [156d136a-08eb-462a-8e45-2bca38fc9d49-NettyServerStreamRpc-bossGroup--thread1] INFO  logging.LoggingHandler (AbstractInternalLogger.java:log(148)) - [id: 0xa1d3c203, L:/0:0:0:0:0:0:0:0:42007] CLOSE
2022-12-19 18:40:59,324 [156d136a-08eb-462a-8e45-2bca38fc9d49-NettyServerStreamRpc-bossGroup--thread1] INFO  logging.LoggingHandler (AbstractInternalLogger.java:log(148)) - [id: 0xa1d3c203, L:/0:0:0:0:0:0:0:0:42007] INACTIVE
2022-12-19 18:40:59,324 [156d136a-08eb-462a-8e45-2bca38fc9d49-NettyServerStreamRpc-bossGroup--thread1] INFO  logging.LoggingHandler (AbstractInternalLogger.java:log(148)) - [id: 0xa1d3c203, L:/0:0:0:0:0:0:0:0:42007] UNREGISTERED
2022-12-19 18:40:59,326 [ForkJoinPool.commonPool-worker-0] INFO  server.GrpcService (GrpcService.java:closeImpl(280)) - bb729a89-1f9d-479b-ba94-fb09a3e8e4eb: shutdown server GrpcServerProtocolService successfully
2022-12-19 18:40:59,326 [bb729a89-1f9d-479b-ba94-fb09a3e8e4eb-NettyServerStreamRpc-bossGroup--thread1] INFO  logging.LoggingHandler (AbstractInternalLogger.java:log(148)) - [id: 0x9872782c, L:/0:0:0:0:0:0:0:0:37531] CLOSE
2022-12-19 18:40:59,326 [bb729a89-1f9d-479b-ba94-fb09a3e8e4eb-NettyServerStreamRpc-bossGroup--thread1] INFO  logging.LoggingHandler (AbstractInternalLogger.java:log(148)) - [id: 0x9872782c, L:/0:0:0:0:0:0:0:0:37531] INACTIVE
2022-12-19 18:40:59,326 [bb729a89-1f9d-479b-ba94-fb09a3e8e4eb-NettyServerStreamRpc-bossGroup--thread1] INFO  logging.LoggingHandler (AbstractInternalLogger.java:log(148)) - [id: 0x9872782c, L:/0:0:0:0:0:0:0:0:37531] UNREGISTERED
2022-12-19 18:40:59,339 [JvmPauseMonitor15] INFO  util.JvmPauseMonitor (JvmPauseMonitor.java:run(111)) - JvmPauseMonitor-156d136a-08eb-462a-8e45-2bca38fc9d49: Stopped
2022-12-19 18:40:59,366 [JvmPauseMonitor13] INFO  util.JvmPauseMonitor (JvmPauseMonitor.java:run(111)) - JvmPauseMonitor-bb729a89-1f9d-479b-ba94-fb09a3e8e4eb: Stopped
2022-12-19 18:40:59,922 [EventQueue-CommandQueueReportForCommandQueueReportHandler] WARN  events.EventQueue (EventQueue.java:fireEvent(216)) - No event handler registered for event TypedEvent{payloadType=DatanodeDetails, name='Datanode_Command_Queue_Updated'}
2022-12-19 18:41:00,433 [EventQueue-CommandQueueReportForCommandQueueReportHandler] WARN  events.EventQueue (EventQueue.java:fireEvent(216)) - No event handler registered for event TypedEvent{payloadType=DatanodeDetails, name='Datanode_Command_Queue_Updated'}
2022-12-19 18:41:00,494 [grpc-default-executor-6] WARN  server.GrpcLogAppender (LogUtils.java:warn(122)) - 72a8f579-b929-42a4-a748-3b6f638fc788@group-1926F592E147->156d136a-08eb-462a-8e45-2bca38fc9d49-AppendLogResponseHandler: Failed appendEntries: org.apache.ratis.thirdparty.io.grpc.StatusRuntimeException: UNAVAILABLE: io exception
2022-12-19 18:41:00,495 [grpc-default-executor-6] WARN  server.GrpcLogAppender (GrpcLogAppender.java:resetClient(131)) - 72a8f579-b929-42a4-a748-3b6f638fc788@group-1926F592E147->156d136a-08eb-462a-8e45-2bca38fc9d49-GrpcLogAppender: Leader has not got in touch with Follower 72a8f579-b929-42a4-a748-3b6f638fc788@group-1926F592E147->156d136a-08eb-462a-8e45-2bca38fc9d49(c0,m0,n1, attendVote=true, lastRpcSendTime=1, lastRpcResponseTime=2502) yet, just keep nextIndex unchanged and retry.
2022-12-19 18:41:00,495 [grpc-default-executor-6] WARN  server.GrpcLogAppender (LogUtils.java:warn(122)) - 72a8f579-b929-42a4-a748-3b6f638fc788@group-1926F592E147->156d136a-08eb-462a-8e45-2bca38fc9d49-AppendLogResponseHandler: Failed appendEntries: org.apache.ratis.thirdparty.io.grpc.StatusRuntimeException: UNAVAILABLE: io exception
2022-12-19 18:41:00,495 [grpc-default-executor-6] WARN  server.GrpcLogAppender (GrpcLogAppender.java:resetClient(131)) - 72a8f579-b929-42a4-a748-3b6f638fc788@group-1926F592E147->156d136a-08eb-462a-8e45-2bca38fc9d49-GrpcLogAppender: Leader has not got in touch with Follower 72a8f579-b929-42a4-a748-3b6f638fc788@group-1926F592E147->156d136a-08eb-462a-8e45-2bca38fc9d49(c0,m0,n1, attendVote=true, lastRpcSendTime=2, lastRpcResponseTime=2503) yet, just keep nextIndex unchanged and retry.
2022-12-19 18:41:00,938 [EventQueue-CommandQueueReportForCommandQueueReportHandler] WARN  events.EventQueue (EventQueue.java:fireEvent(216)) - No event handler registered for event TypedEvent{payloadType=DatanodeDetails, name='Datanode_Command_Queue_Updated'}
2022-12-19 18:41:01,113 [EventQueue-CommandQueueReportForCommandQueueReportHandler] WARN  events.EventQueue (EventQueue.java:fireEvent(216)) - No event handler registered for event TypedEvent{payloadType=DatanodeDetails, name='Datanode_Command_Queue_Updated'}
2022-12-19 18:41:01,370 [Listener at 127.0.0.1/39295] INFO  volume.HddsVolume (HddsVolume.java:closeDbStore(338)) - SchemaV3 db is stopped at /home/runner/work/ozone/ozone/hadoop-ozone/integration-test/target/test-dir/MiniOzoneClusterImpl-5ce33d81-cd12-4481-bdd0-3091a3c691f6/datanode-3/data-0/containers/hdds/5ce33d81-cd12-4481-bdd0-3091a3c691f6/DS-f730b94c-06ac-4408-8f2d-c932c28feb71/container.db for volume DS-f730b94c-06ac-4408-8f2d-c932c28feb71
2022-12-19 18:41:01,370 [Listener at 127.0.0.1/39295] INFO  utils.BackgroundService (BackgroundService.java:shutdown(141)) - Shutting down service BlockDeletingService
2022-12-19 18:41:01,371 [Listener at 127.0.0.1/39295] INFO  utils.BackgroundService (BackgroundService.java:shutdown(141)) - Shutting down service StaleRecoveringContainerScrubbingService
2022-12-19 18:41:01,377 [ForkJoinPool.commonPool-worker-0] INFO  volume.HddsVolume (HddsVolume.java:closeDbStore(338)) - SchemaV3 db is stopped at /home/runner/work/ozone/ozone/hadoop-ozone/integration-test/target/test-dir/MiniOzoneClusterImpl-5ce33d81-cd12-4481-bdd0-3091a3c691f6/datanode-1/data-0/containers/hdds/5ce33d81-cd12-4481-bdd0-3091a3c691f6/DS-5b664c3c-b782-4356-8823-ed19e62cc9b9/container.db for volume DS-5b664c3c-b782-4356-8823-ed19e62cc9b9
2022-12-19 18:41:01,377 [Listener at 127.0.0.1/39295] INFO  statemachine.DatanodeStateMachine (DatanodeStateMachine.java:stopDaemon(597)) - Ozone container server stopped.
2022-12-19 18:41:01,381 [ForkJoinPool.commonPool-worker-0] INFO  utils.BackgroundService (BackgroundService.java:shutdown(141)) - Shutting down service BlockDeletingService
2022-12-19 18:41:01,381 [ForkJoinPool.commonPool-worker-0] INFO  utils.BackgroundService (BackgroundService.java:shutdown(141)) - Shutting down service StaleRecoveringContainerScrubbingService
2022-12-19 18:41:01,383 [ForkJoinPool.commonPool-worker-0] INFO  statemachine.DatanodeStateMachine (DatanodeStateMachine.java:stopDaemon(597)) - Ozone container server stopped.
2022-12-19 18:41:01,393 [ForkJoinPool.commonPool-worker-0] INFO  handler.ContextHandler (ContextHandler.java:doStop(1159)) - Stopped o.e.j.w.WebAppContext@7ae7a033{hddsDatanode,/,null,STOPPED}{jar:file:/home/runner/.m2/repository/org/apache/ozone/hdds-container-service/1.3.0-SNAPSHOT/hdds-container-service-1.3.0-SNAPSHOT.jar!/webapps/hddsDatanode}
2022-12-19 18:41:01,393 [ForkJoinPool.commonPool-worker-0] INFO  server.AbstractConnector (AbstractConnector.java:doStop(383)) - Stopped ServerConnector@5173b584{HTTP/1.1, (http/1.1)}{0.0.0.0:0}
2022-12-19 18:41:01,393 [ForkJoinPool.commonPool-worker-0] INFO  server.session (HouseKeeper.java:stopScavenging(149)) - node0 Stopped scavenging
2022-12-19 18:41:01,395 [ForkJoinPool.commonPool-worker-0] INFO  handler.ContextHandler (ContextHandler.java:doStop(1159)) - Stopped o.e.j.s.ServletContextHandler@67103520{static,/static,jar:file:/home/runner/.m2/repository/org/apache/ozone/hdds-container-service/1.3.0-SNAPSHOT/hdds-container-service-1.3.0-SNAPSHOT.jar!/webapps/static,STOPPED}
2022-12-19 18:41:01,396 [Listener at 127.0.0.1/39295] INFO  handler.ContextHandler (ContextHandler.java:doStop(1159)) - Stopped o.e.j.w.WebAppContext@4f11b19{hddsDatanode,/,null,STOPPED}{jar:file:/home/runner/.m2/repository/org/apache/ozone/hdds-container-service/1.3.0-SNAPSHOT/hdds-container-service-1.3.0-SNAPSHOT.jar!/webapps/hddsDatanode}
2022-12-19 18:41:01,396 [ForkJoinPool.commonPool-worker-0] INFO  handler.ContextHandler (ContextHandler.java:doStop(1159)) - Stopped o.e.j.s.ServletContextHandler@2cc788cc{logs,/logs,file:///home/runner/work/ozone/ozone/hadoop-ozone/integration-test/target/log,STOPPED}
2022-12-19 18:41:01,398 [Listener at 127.0.0.1/39295] INFO  server.AbstractConnector (AbstractConnector.java:doStop(383)) - Stopped ServerConnector@7ac2db4c{HTTP/1.1, (http/1.1)}{0.0.0.0:0}
2022-12-19 18:41:01,398 [Listener at 127.0.0.1/39295] INFO  server.session (HouseKeeper.java:stopScavenging(149)) - node0 Stopped scavenging
2022-12-19 18:41:01,398 [Listener at 127.0.0.1/39295] INFO  handler.ContextHandler (ContextHandler.java:doStop(1159)) - Stopped o.e.j.s.ServletContextHandler@3ccf53f7{static,/static,jar:file:/home/runner/.m2/repository/org/apache/ozone/hdds-container-service/1.3.0-SNAPSHOT/hdds-container-service-1.3.0-SNAPSHOT.jar!/webapps/static,STOPPED}
2022-12-19 18:41:01,399 [Listener at 127.0.0.1/39295] INFO  handler.ContextHandler (ContextHandler.java:doStop(1159)) - Stopped o.e.j.s.ServletContextHandler@6788303d{logs,/logs,file:///home/runner/work/ozone/ozone/hadoop-ozone/integration-test/target/log,STOPPED}
2022-12-19 18:41:01,399 [ForkJoinPool.commonPool-worker-0] INFO  ozoneimpl.OzoneContainer (OzoneContainer.java:stop(417)) - Attempting to stop container services.
2022-12-19 18:41:01,402 [ForkJoinPool.commonPool-worker-0] INFO  server.RaftServer (RaftServerProxy.java:lambda$close$6(409)) - 12d62a03-33f5-4ac8-ab31-68f2c1a01619: close
2022-12-19 18:41:01,402 [ForkJoinPool.commonPool-worker-0] INFO  server.GrpcService (GrpcService.java:closeImpl(271)) - 12d62a03-33f5-4ac8-ab31-68f2c1a01619: shutdown server GrpcServerProtocolService now
2022-12-19 18:41:01,406 [ForkJoinPool.commonPool-worker-0] INFO  server.GrpcServerProtocolClient (GrpcServerProtocolClient.java:close(101)) - daa36c1e-9cf4-4c94-819a-0a52a71ceb67 Close channels
2022-12-19 18:41:01,410 [ForkJoinPool.commonPool-worker-0] INFO  server.GrpcServerProtocolClient (GrpcServerProtocolClient.java:close(101)) - bb729a89-1f9d-479b-ba94-fb09a3e8e4eb Close channels
2022-12-19 18:41:01,411 [ForkJoinPool.commonPool-worker-0] INFO  server.GrpcService (GrpcService.java:closeImpl(280)) - 12d62a03-33f5-4ac8-ab31-68f2c1a01619: shutdown server GrpcServerProtocolService successfully
2022-12-19 18:41:01,411 [12d62a03-33f5-4ac8-ab31-68f2c1a01619-NettyServerStreamRpc-bossGroup--thread1] INFO  logging.LoggingHandler (AbstractInternalLogger.java:log(148)) - [id: 0x82092559, L:/0:0:0:0:0:0:0:0:40631] CLOSE
2022-12-19 18:41:01,411 [12d62a03-33f5-4ac8-ab31-68f2c1a01619-NettyServerStreamRpc-bossGroup--thread1] INFO  logging.LoggingHandler (AbstractInternalLogger.java:log(148)) - [id: 0x82092559, L:/0:0:0:0:0:0:0:0:40631] INACTIVE
2022-12-19 18:41:01,411 [12d62a03-33f5-4ac8-ab31-68f2c1a01619-NettyServerStreamRpc-bossGroup--thread1] INFO  logging.LoggingHandler (AbstractInternalLogger.java:log(148)) - [id: 0x82092559, L:/0:0:0:0:0:0:0:0:40631] UNREGISTERED
2022-12-19 18:41:01,423 [Listener at 127.0.0.1/39295] INFO  ozoneimpl.OzoneContainer (OzoneContainer.java:stop(417)) - Attempting to stop container services.
2022-12-19 18:41:01,425 [Listener at 127.0.0.1/39295] INFO  server.RaftServer (RaftServerProxy.java:lambda$close$6(409)) - 72a8f579-b929-42a4-a748-3b6f638fc788: close
2022-12-19 18:41:01,427 [Listener at 127.0.0.1/39295] INFO  server.GrpcService (GrpcService.java:closeImpl(271)) - 72a8f579-b929-42a4-a748-3b6f638fc788: shutdown server GrpcServerProtocolService now
2022-12-19 18:41:01,429 [Listener at 127.0.0.1/39295] INFO  server.GrpcServerProtocolClient (GrpcServerProtocolClient.java:close(101)) - f143390d-7c87-4621-8359-d245efaa75b3 Close channels
2022-12-19 18:41:01,430 [JvmPauseMonitor14] INFO  util.JvmPauseMonitor (JvmPauseMonitor.java:run(111)) - JvmPauseMonitor-12d62a03-33f5-4ac8-ab31-68f2c1a01619: Stopped
2022-12-19 18:41:01,430 [72a8f579-b929-42a4-a748-3b6f638fc788-impl-thread2] INFO  server.RaftServer$Division (RaftServerImpl.java:lambda$close$4(458)) - 72a8f579-b929-42a4-a748-3b6f638fc788@group-1926F592E147: shutdown
2022-12-19 18:41:01,430 [72a8f579-b929-42a4-a748-3b6f638fc788-impl-thread2] INFO  util.JmxRegister (JmxRegister.java:unregister(73)) - Successfully un-registered JMX Bean with object name Ratis:service=RaftServer,group=group-1926F592E147,id=72a8f579-b929-42a4-a748-3b6f638fc788
2022-12-19 18:41:01,430 [72a8f579-b929-42a4-a748-3b6f638fc788-impl-thread2] INFO  impl.RoleInfo (RoleInfo.java:shutdownLeaderState(93)) - 72a8f579-b929-42a4-a748-3b6f638fc788: shutdown 72a8f579-b929-42a4-a748-3b6f638fc788@group-1926F592E147-LeaderStateImpl
2022-12-19 18:41:01,430 [72a8f579-b929-42a4-a748-3b6f638fc788@group-1926F592E147->f143390d-7c87-4621-8359-d245efaa75b3-GrpcLogAppender-LogAppenderDaemon] WARN  server.GrpcLogAppender (GrpcLogAppender.java:mayWait(200)) - 72a8f579-b929-42a4-a748-3b6f638fc788@group-1926F592E147->f143390d-7c87-4621-8359-d245efaa75b3-GrpcLogAppender: Wait interrupted by java.lang.InterruptedException
2022-12-19 18:41:01,430 [72a8f579-b929-42a4-a748-3b6f638fc788-impl-thread2] INFO  impl.PendingRequests (PendingRequests.java:sendNotLeaderResponses(282)) - 72a8f579-b929-42a4-a748-3b6f638fc788@group-1926F592E147-PendingRequests: sendNotLeaderResponses
2022-12-19 18:41:01,431 [grpc-default-executor-6] INFO  server.GrpcServerProtocolService (GrpcServerProtocolService.java:onCompleted(143)) - f143390d-7c87-4621-8359-d245efaa75b3: Completed APPEND_ENTRIES, lastRequest: 72a8f579-b929-42a4-a748-3b6f638fc788->f143390d-7c87-4621-8359-d245efaa75b3#1-t6,previous=(t:0, i:0),leaderCommit=0,initializing? true,entries: size=1, first=(t:6, i:0), CONFIGURATIONENTRY(current:id: "f143390d-7c87-4621-8359-d245efaa75b3"
address: "10.1.0.24:44783"
dataStreamAddress: "10.1.0.24:41301"
clientAddress: "10.1.0.24:44783"
adminAddress: "10.1.0.24:44783"
startupRole: FOLLOWER
,id: "156d136a-08eb-462a-8e45-2bca38fc9d49"
address: "10.1.0.24:44445"
dataStreamAddress: "10.1.0.24:42007"
clientAddress: "10.1.0.24:44445"
adminAddress: "10.1.0.24:44445"
startupRole: FOLLOWER
,id: "72a8f579-b929-42a4-a748-3b6f638fc788"
address: "10.1.0.24:40679"
priority: 1
dataStreamAddress: "10.1.0.24:37423"
clientAddress: "10.1.0.24:40679"
adminAddress: "10.1.0.24:40679"
startupRole: FOLLOWER
, old:)
2022-12-19 18:41:01,431 [grpc-default-executor-4] INFO  server.GrpcServerProtocolService (GrpcServerProtocolService.java:onCompleted(143)) - f143390d-7c87-4621-8359-d245efaa75b3: Completed APPEND_ENTRIES, lastRequest: null
2022-12-19 18:41:01,433 [grpc-default-executor-4] INFO  server.GrpcLogAppender (GrpcLogAppender.java:onCompleted(415)) - 72a8f579-b929-42a4-a748-3b6f638fc788@group-1926F592E147->f143390d-7c87-4621-8359-d245efaa75b3-AppendLogResponseHandler: follower responses appendEntries COMPLETED
2022-12-19 18:41:01,433 [72a8f579-b929-42a4-a748-3b6f638fc788-impl-thread2] INFO  impl.StateMachineUpdater (StateMachineUpdater.java:stopAndJoin(153)) - 72a8f579-b929-42a4-a748-3b6f638fc788@group-1926F592E147-StateMachineUpdater: set stopIndex = 0
2022-12-19 18:41:01,433 [Listener at 127.0.0.1/39295] INFO  server.GrpcServerProtocolClient (GrpcServerProtocolClient.java:close(101)) - 156d136a-08eb-462a-8e45-2bca38fc9d49 Close channels
2022-12-19 18:41:01,435 [Listener at 127.0.0.1/39295] INFO  server.GrpcService (GrpcService.java:closeImpl(280)) - 72a8f579-b929-42a4-a748-3b6f638fc788: shutdown server GrpcServerProtocolService successfully
2022-12-19 18:41:01,436 [72a8f579-b929-42a4-a748-3b6f638fc788-NettyServerStreamRpc-bossGroup--thread1] INFO  logging.LoggingHandler (AbstractInternalLogger.java:log(148)) - [id: 0xbd0bab99, L:/0:0:0:0:0:0:0:0:37423] CLOSE
2022-12-19 18:41:01,436 [72a8f579-b929-42a4-a748-3b6f638fc788-NettyServerStreamRpc-bossGroup--thread1] INFO  logging.LoggingHandler (AbstractInternalLogger.java:log(148)) - [id: 0xbd0bab99, L:/0:0:0:0:0:0:0:0:37423] INACTIVE
2022-12-19 18:41:01,436 [72a8f579-b929-42a4-a748-3b6f638fc788-NettyServerStreamRpc-bossGroup--thread1] INFO  logging.LoggingHandler (AbstractInternalLogger.java:log(148)) - [id: 0xbd0bab99, L:/0:0:0:0:0:0:0:0:37423] UNREGISTERED
2022-12-19 18:41:01,436 [72a8f579-b929-42a4-a748-3b6f638fc788@group-1926F592E147-StateMachineUpdater] INFO  ratis.ContainerStateMachine (ContainerStateMachine.java:takeSnapshot(308)) - group-1926F592E147: Taking a snapshot at:(t:6, i:0) file /home/runner/work/ozone/ozone/hadoop-ozone/integration-test/target/test-dir/MiniOzoneClusterImpl-5ce33d81-cd12-4481-bdd0-3091a3c691f6/datanode-5/data/ratis/6e6fa98d-bd67-42c3-841f-1926f592e147/sm/snapshot.6_0
2022-12-19 18:41:01,436 [grpc-default-executor-4] WARN  server.GrpcLogAppender (GrpcLogAppender.java:resetClient(137)) - 72a8f579-b929-42a4-a748-3b6f638fc788@group-1926F592E147->f143390d-7c87-4621-8359-d245efaa75b3-GrpcLogAppender: Failed to getClient for f143390d-7c87-4621-8359-d245efaa75b3
org.apache.ratis.protocol.exceptions.AlreadyClosedException: 72a8f579-b929-42a4-a748-3b6f638fc788 is already CLOSED
	at org.apache.ratis.util.PeerProxyMap$PeerAndProxy.getProxy(PeerProxyMap.java:61)
	at org.apache.ratis.util.PeerProxyMap.getProxy(PeerProxyMap.java:115)
	at org.apache.ratis.grpc.server.GrpcLogAppender.getClient(GrpcLogAppender.java:116)
	at org.apache.ratis.grpc.server.GrpcLogAppender.resetClient(GrpcLogAppender.java:121)
	at org.apache.ratis.grpc.server.GrpcLogAppender.access$500(GrpcLogAppender.java:58)
	at org.apache.ratis.grpc.server.GrpcLogAppender$AppendLogResponseHandler.onCompleted(GrpcLogAppender.java:416)
	at org.apache.ratis.thirdparty.io.grpc.stub.ClientCalls$StreamObserverToCallListenerAdapter.onClose(ClientCalls.java:485)
	at org.apache.ratis.thirdparty.io.grpc.internal.ClientCallImpl.closeObserver(ClientCallImpl.java:562)
	at org.apache.ratis.thirdparty.io.grpc.internal.ClientCallImpl.access$300(ClientCallImpl.java:70)
	at org.apache.ratis.thirdparty.io.grpc.internal.ClientCallImpl$ClientStreamListenerImpl$1StreamClosed.runInternal(ClientCallImpl.java:743)
	at org.apache.ratis.thirdparty.io.grpc.internal.ClientCallImpl$ClientStreamListenerImpl$1StreamClosed.runInContext(ClientCallImpl.java:722)
	at org.apache.ratis.thirdparty.io.grpc.internal.ContextRunnable.run(ContextRunnable.java:37)
	at org.apache.ratis.thirdparty.io.grpc.internal.SerializingExecutor.run(SerializingExecutor.java:133)
	at java.util.concurrent.ThreadPoolExecutor.runWorker(ThreadPoolExecutor.java:1149)
	at java.util.concurrent.ThreadPoolExecutor$Worker.run(ThreadPoolExecutor.java:624)
	at java.lang.Thread.run(Thread.java:750)
2022-12-19 18:41:01,437 [grpc-default-executor-6] INFO  server.GrpcLogAppender (GrpcLogAppender.java:onCompleted(415)) - 72a8f579-b929-42a4-a748-3b6f638fc788@group-1926F592E147->f143390d-7c87-4621-8359-d245efaa75b3-AppendLogResponseHandler: follower responses appendEntries COMPLETED
2022-12-19 18:41:01,437 [grpc-default-executor-6] WARN  server.GrpcLogAppender (GrpcLogAppender.java:resetClient(137)) - 72a8f579-b929-42a4-a748-3b6f638fc788@group-1926F592E147->f143390d-7c87-4621-8359-d245efaa75b3-GrpcLogAppender: Failed to getClient for f143390d-7c87-4621-8359-d245efaa75b3
org.apache.ratis.protocol.exceptions.AlreadyClosedException: 72a8f579-b929-42a4-a748-3b6f638fc788 is already CLOSED
	at org.apache.ratis.util.PeerProxyMap$PeerAndProxy.getProxy(PeerProxyMap.java:61)
	at org.apache.ratis.util.PeerProxyMap.getProxy(PeerProxyMap.java:115)
	at org.apache.ratis.grpc.server.GrpcLogAppender.getClient(GrpcLogAppender.java:116)
	at org.apache.ratis.grpc.server.GrpcLogAppender.resetClient(GrpcLogAppender.java:121)
	at org.apache.ratis.grpc.server.GrpcLogAppender.access$500(GrpcLogAppender.java:58)
	at org.apache.ratis.grpc.server.GrpcLogAppender$AppendLogResponseHandler.onCompleted(GrpcLogAppender.java:416)
	at org.apache.ratis.thirdparty.io.grpc.stub.ClientCalls$StreamObserverToCallListenerAdapter.onClose(ClientCalls.java:485)
	at org.apache.ratis.thirdparty.io.grpc.internal.DelayedClientCall$DelayedListener$3.run(DelayedClientCall.java:468)
	at org.apache.ratis.thirdparty.io.grpc.internal.DelayedClientCall$DelayedListener.delayOrExecute(DelayedClientCall.java:432)
	at org.apache.ratis.thirdparty.io.grpc.internal.DelayedClientCall$DelayedListener.onClose(DelayedClientCall.java:465)
	at org.apache.ratis.thirdparty.io.grpc.internal.ClientCallImpl.closeObserver(ClientCallImpl.java:562)
	at org.apache.ratis.thirdparty.io.grpc.internal.ClientCallImpl.access$300(ClientCallImpl.java:70)
	at org.apache.ratis.thirdparty.io.grpc.internal.ClientCallImpl$ClientStreamListenerImpl$1StreamClosed.runInternal(ClientCallImpl.java:743)
	at org.apache.ratis.thirdparty.io.grpc.internal.ClientCallImpl$ClientStreamListenerImpl$1StreamClosed.runInContext(ClientCallImpl.java:722)
	at org.apache.ratis.thirdparty.io.grpc.internal.ContextRunnable.run(ContextRunnable.java:37)
	at org.apache.ratis.thirdparty.io.grpc.internal.SerializingExecutor.run(SerializingExecutor.java:133)
	at java.util.concurrent.ThreadPoolExecutor.runWorker(ThreadPoolExecutor.java:1149)
	at java.util.concurrent.ThreadPoolExecutor$Worker.run(ThreadPoolExecutor.java:624)
	at java.lang.Thread.run(Thread.java:750)
2022-12-19 18:41:01,439 [72a8f579-b929-42a4-a748-3b6f638fc788@group-1926F592E147-StateMachineUpdater] INFO  ratis.ContainerStateMachine (ContainerStateMachine.java:takeSnapshot(319)) - group-1926F592E147: Finished taking a snapshot at:(t:6, i:0) file:/home/runner/work/ozone/ozone/hadoop-ozone/integration-test/target/test-dir/MiniOzoneClusterImpl-5ce33d81-cd12-4481-bdd0-3091a3c691f6/datanode-5/data/ratis/6e6fa98d-bd67-42c3-841f-1926f592e147/sm/snapshot.6_0 took: 3 ms
2022-12-19 18:41:01,439 [72a8f579-b929-42a4-a748-3b6f638fc788@group-1926F592E147-StateMachineUpdater] INFO  impl.StateMachineUpdater (StateMachineUpdater.java:takeSnapshot(287)) - 72a8f579-b929-42a4-a748-3b6f638fc788@group-1926F592E147-StateMachineUpdater: Took a snapshot at index 0
2022-12-19 18:41:01,439 [72a8f579-b929-42a4-a748-3b6f638fc788@group-1926F592E147-StateMachineUpdater] INFO  impl.StateMachineUpdater (StateMachineUpdater.java:lambda$new$0(92)) - 72a8f579-b929-42a4-a748-3b6f638fc788@group-1926F592E147-StateMachineUpdater: snapshotIndex: updateIncreasingly -1 -> 0
2022-12-19 18:41:01,439 [72a8f579-b929-42a4-a748-3b6f638fc788-impl-thread2] INFO  server.RaftServer$Division (ServerState.java:close(466)) - 72a8f579-b929-42a4-a748-3b6f638fc788@group-1926F592E147: closes. applyIndex: 0
2022-12-19 18:41:01,440 [72a8f579-b929-42a4-a748-3b6f638fc788@group-1926F592E147-SegmentedRaftLogWorker] INFO  segmented.SegmentedRaftLogWorker (SegmentedRaftLogWorker.java:run(347)) - 72a8f579-b929-42a4-a748-3b6f638fc788@group-1926F592E147-SegmentedRaftLogWorker was interrupted, exiting. There are 0 tasks remaining in the queue.
2022-12-19 18:41:01,440 [72a8f579-b929-42a4-a748-3b6f638fc788-impl-thread2] INFO  segmented.SegmentedRaftLogWorker (SegmentedRaftLogWorker.java:close(257)) - 72a8f579-b929-42a4-a748-3b6f638fc788@group-1926F592E147-SegmentedRaftLogWorker close()
2022-12-19 18:41:01,441 [JvmPauseMonitor17] INFO  util.JvmPauseMonitor (JvmPauseMonitor.java:run(111)) - JvmPauseMonitor-72a8f579-b929-42a4-a748-3b6f638fc788: Stopped
2022-12-19 18:41:01,923 [EventQueue-CommandQueueReportForCommandQueueReportHandler] WARN  events.EventQueue (EventQueue.java:fireEvent(216)) - No event handler registered for event TypedEvent{payloadType=DatanodeDetails, name='Datanode_Command_Queue_Updated'}
2022-12-19 18:41:02,942 [EventQueue-CommandQueueReportForCommandQueueReportHandler] WARN  events.EventQueue (EventQueue.java:fireEvent(216)) - No event handler registered for event TypedEvent{payloadType=DatanodeDetails, name='Datanode_Command_Queue_Updated'}
2022-12-19 18:41:03,434 [ForkJoinPool.commonPool-worker-0] INFO  volume.HddsVolume (HddsVolume.java:closeDbStore(338)) - SchemaV3 db is stopped at /home/runner/work/ozone/ozone/hadoop-ozone/integration-test/target/test-dir/MiniOzoneClusterImpl-5ce33d81-cd12-4481-bdd0-3091a3c691f6/datanode-2/data-0/containers/hdds/5ce33d81-cd12-4481-bdd0-3091a3c691f6/DS-cd95f33c-3303-4718-81b9-953ef6be8e0e/container.db for volume DS-cd95f33c-3303-4718-81b9-953ef6be8e0e
2022-12-19 18:41:03,434 [ForkJoinPool.commonPool-worker-0] INFO  utils.BackgroundService (BackgroundService.java:shutdown(141)) - Shutting down service BlockDeletingService
2022-12-19 18:41:03,435 [ForkJoinPool.commonPool-worker-0] INFO  utils.BackgroundService (BackgroundService.java:shutdown(141)) - Shutting down service StaleRecoveringContainerScrubbingService
2022-12-19 18:41:03,436 [ForkJoinPool.commonPool-worker-0] INFO  statemachine.DatanodeStateMachine (DatanodeStateMachine.java:stopDaemon(597)) - Ozone container server stopped.
2022-12-19 18:41:03,443 [Listener at 127.0.0.1/39295] INFO  volume.HddsVolume (HddsVolume.java:closeDbStore(338)) - SchemaV3 db is stopped at /home/runner/work/ozone/ozone/hadoop-ozone/integration-test/target/test-dir/MiniOzoneClusterImpl-5ce33d81-cd12-4481-bdd0-3091a3c691f6/datanode-5/data-0/containers/hdds/5ce33d81-cd12-4481-bdd0-3091a3c691f6/DS-7211c520-e3f5-4d49-851c-bda3b2e7168b/container.db for volume DS-7211c520-e3f5-4d49-851c-bda3b2e7168b
2022-12-19 18:41:03,443 [Listener at 127.0.0.1/39295] INFO  utils.BackgroundService (BackgroundService.java:shutdown(141)) - Shutting down service BlockDeletingService
2022-12-19 18:41:03,444 [Listener at 127.0.0.1/39295] INFO  utils.BackgroundService (BackgroundService.java:shutdown(141)) - Shutting down service StaleRecoveringContainerScrubbingService
2022-12-19 18:41:03,446 [Listener at 127.0.0.1/39295] INFO  statemachine.DatanodeStateMachine (DatanodeStateMachine.java:stopDaemon(597)) - Ozone container server stopped.
2022-12-19 18:41:03,454 [Listener at 127.0.0.1/39295] INFO  handler.ContextHandler (ContextHandler.java:doStop(1159)) - Stopped o.e.j.w.WebAppContext@6818fb84{hddsDatanode,/,null,STOPPED}{jar:file:/home/runner/.m2/repository/org/apache/ozone/hdds-container-service/1.3.0-SNAPSHOT/hdds-container-service-1.3.0-SNAPSHOT.jar!/webapps/hddsDatanode}
2022-12-19 18:41:03,454 [ForkJoinPool.commonPool-worker-0] INFO  handler.ContextHandler (ContextHandler.java:doStop(1159)) - Stopped o.e.j.w.WebAppContext@3271658{hddsDatanode,/,null,STOPPED}{jar:file:/home/runner/.m2/repository/org/apache/ozone/hdds-container-service/1.3.0-SNAPSHOT/hdds-container-service-1.3.0-SNAPSHOT.jar!/webapps/hddsDatanode}
2022-12-19 18:41:03,454 [ForkJoinPool.commonPool-worker-0] INFO  server.AbstractConnector (AbstractConnector.java:doStop(383)) - Stopped ServerConnector@78567c2c{HTTP/1.1, (http/1.1)}{0.0.0.0:0}
2022-12-19 18:41:03,454 [ForkJoinPool.commonPool-worker-0] INFO  server.session (HouseKeeper.java:stopScavenging(149)) - node0 Stopped scavenging
2022-12-19 18:41:03,460 [ForkJoinPool.commonPool-worker-0] INFO  handler.ContextHandler (ContextHandler.java:doStop(1159)) - Stopped o.e.j.s.ServletContextHandler@290f0429{static,/static,jar:file:/home/runner/.m2/repository/org/apache/ozone/hdds-container-service/1.3.0-SNAPSHOT/hdds-container-service-1.3.0-SNAPSHOT.jar!/webapps/static,STOPPED}
2022-12-19 18:41:03,460 [Listener at 127.0.0.1/39295] INFO  server.AbstractConnector (AbstractConnector.java:doStop(383)) - Stopped ServerConnector@62593536{HTTP/1.1, (http/1.1)}{0.0.0.0:0}
2022-12-19 18:41:03,460 [Listener at 127.0.0.1/39295] INFO  server.session (HouseKeeper.java:stopScavenging(149)) - node0 Stopped scavenging
2022-12-19 18:41:03,461 [Listener at 127.0.0.1/39295] INFO  handler.ContextHandler (ContextHandler.java:doStop(1159)) - Stopped o.e.j.s.ServletContextHandler@29cd9ce5{static,/static,jar:file:/home/runner/.m2/repository/org/apache/ozone/hdds-container-service/1.3.0-SNAPSHOT/hdds-container-service-1.3.0-SNAPSHOT.jar!/webapps/static,STOPPED}
2022-12-19 18:41:03,461 [Listener at 127.0.0.1/39295] INFO  handler.ContextHandler (ContextHandler.java:doStop(1159)) - Stopped o.e.j.s.ServletContextHandler@3b839b10{logs,/logs,file:///home/runner/work/ozone/ozone/hadoop-ozone/integration-test/target/log,STOPPED}
2022-12-19 18:41:03,461 [ForkJoinPool.commonPool-worker-0] INFO  handler.ContextHandler (ContextHandler.java:doStop(1159)) - Stopped o.e.j.s.ServletContextHandler@4060c7fe{logs,/logs,file:///home/runner/work/ozone/ozone/hadoop-ozone/integration-test/target/log,STOPPED}
2022-12-19 18:41:03,464 [Listener at 127.0.0.1/39295] INFO  ozoneimpl.OzoneContainer (OzoneContainer.java:stop(417)) - Attempting to stop container services.
2022-12-19 18:41:03,465 [Listener at 127.0.0.1/39295] INFO  server.RaftServer (RaftServerProxy.java:lambda$close$6(409)) - f143390d-7c87-4621-8359-d245efaa75b3: close
2022-12-19 18:41:03,466 [Listener at 127.0.0.1/39295] INFO  server.GrpcService (GrpcService.java:closeImpl(271)) - f143390d-7c87-4621-8359-d245efaa75b3: shutdown server GrpcServerProtocolService now
2022-12-19 18:41:03,466 [f143390d-7c87-4621-8359-d245efaa75b3-impl-thread2] INFO  server.RaftServer$Division (RaftServerImpl.java:lambda$close$4(458)) - f143390d-7c87-4621-8359-d245efaa75b3@group-1926F592E147: shutdown
2022-12-19 18:41:03,466 [Listener at 127.0.0.1/39295] INFO  server.GrpcServerProtocolClient (GrpcServerProtocolClient.java:close(101)) - 156d136a-08eb-462a-8e45-2bca38fc9d49 Close channels
2022-12-19 18:41:03,466 [Listener at 127.0.0.1/39295] INFO  server.GrpcServerProtocolClient (GrpcServerProtocolClient.java:close(101)) - 72a8f579-b929-42a4-a748-3b6f638fc788 Close channels
2022-12-19 18:41:03,466 [ForkJoinPool.commonPool-worker-0] INFO  ozoneimpl.OzoneContainer (OzoneContainer.java:stop(417)) - Attempting to stop container services.
2022-12-19 18:41:03,467 [Listener at 127.0.0.1/39295] INFO  server.GrpcService (GrpcService.java:closeImpl(280)) - f143390d-7c87-4621-8359-d245efaa75b3: shutdown server GrpcServerProtocolService successfully
2022-12-19 18:41:03,468 [f143390d-7c87-4621-8359-d245efaa75b3-NettyServerStreamRpc-bossGroup--thread1] INFO  logging.LoggingHandler (AbstractInternalLogger.java:log(148)) - [id: 0x653e794d, L:/0:0:0:0:0:0:0:0:41301] CLOSE
2022-12-19 18:41:03,468 [f143390d-7c87-4621-8359-d245efaa75b3-NettyServerStreamRpc-bossGroup--thread1] INFO  logging.LoggingHandler (AbstractInternalLogger.java:log(148)) - [id: 0x653e794d, L:/0:0:0:0:0:0:0:0:41301] INACTIVE
2022-12-19 18:41:03,468 [f143390d-7c87-4621-8359-d245efaa75b3-NettyServerStreamRpc-bossGroup--thread1] INFO  logging.LoggingHandler (AbstractInternalLogger.java:log(148)) - [id: 0x653e794d, L:/0:0:0:0:0:0:0:0:41301] UNREGISTERED
2022-12-19 18:41:03,466 [f143390d-7c87-4621-8359-d245efaa75b3-impl-thread2] INFO  util.JmxRegister (JmxRegister.java:unregister(73)) - Successfully un-registered JMX Bean with object name Ratis:service=RaftServer,group=group-1926F592E147,id=f143390d-7c87-4621-8359-d245efaa75b3
2022-12-19 18:41:03,468 [f143390d-7c87-4621-8359-d245efaa75b3-impl-thread2] INFO  impl.RoleInfo (RoleInfo.java:shutdownFollowerState(110)) - f143390d-7c87-4621-8359-d245efaa75b3: shutdown f143390d-7c87-4621-8359-d245efaa75b3@group-1926F592E147-FollowerState
2022-12-19 18:41:03,468 [ForkJoinPool.commonPool-worker-0] INFO  server.RaftServer (RaftServerProxy.java:lambda$close$6(409)) - daa36c1e-9cf4-4c94-819a-0a52a71ceb67: close
2022-12-19 18:41:03,468 [ForkJoinPool.commonPool-worker-0] INFO  server.GrpcService (GrpcService.java:closeImpl(271)) - daa36c1e-9cf4-4c94-819a-0a52a71ceb67: shutdown server GrpcServerProtocolService now
2022-12-19 18:41:03,469 [ForkJoinPool.commonPool-worker-0] INFO  server.GrpcServerProtocolClient (GrpcServerProtocolClient.java:close(101)) - bb729a89-1f9d-479b-ba94-fb09a3e8e4eb Close channels
2022-12-19 18:41:03,469 [ForkJoinPool.commonPool-worker-0] INFO  server.GrpcServerProtocolClient (GrpcServerProtocolClient.java:close(101)) - 12d62a03-33f5-4ac8-ab31-68f2c1a01619 Close channels
2022-12-19 18:41:03,470 [f143390d-7c87-4621-8359-d245efaa75b3-impl-thread2] INFO  impl.StateMachineUpdater (StateMachineUpdater.java:stopAndJoin(153)) - f143390d-7c87-4621-8359-d245efaa75b3@group-1926F592E147-StateMachineUpdater: set stopIndex = 0
2022-12-19 18:41:03,470 [f143390d-7c87-4621-8359-d245efaa75b3@group-1926F592E147-FollowerState] INFO  impl.FollowerState (FollowerState.java:run(152)) - f143390d-7c87-4621-8359-d245efaa75b3@group-1926F592E147-FollowerState was interrupted
2022-12-19 18:41:03,471 [f143390d-7c87-4621-8359-d245efaa75b3@group-1926F592E147-StateMachineUpdater] INFO  ratis.ContainerStateMachine (ContainerStateMachine.java:takeSnapshot(308)) - group-1926F592E147: Taking a snapshot at:(t:6, i:0) file /home/runner/work/ozone/ozone/hadoop-ozone/integration-test/target/test-dir/MiniOzoneClusterImpl-5ce33d81-cd12-4481-bdd0-3091a3c691f6/datanode-4/data/ratis/6e6fa98d-bd67-42c3-841f-1926f592e147/sm/snapshot.6_0
2022-12-19 18:41:03,472 [ForkJoinPool.commonPool-worker-0] INFO  server.GrpcService (GrpcService.java:closeImpl(280)) - daa36c1e-9cf4-4c94-819a-0a52a71ceb67: shutdown server GrpcServerProtocolService successfully
2022-12-19 18:41:03,472 [daa36c1e-9cf4-4c94-819a-0a52a71ceb67-NettyServerStreamRpc-bossGroup--thread1] INFO  logging.LoggingHandler (AbstractInternalLogger.java:log(148)) - [id: 0xf7f24246, L:/0:0:0:0:0:0:0:0:39585] CLOSE
2022-12-19 18:41:03,472 [daa36c1e-9cf4-4c94-819a-0a52a71ceb67-NettyServerStreamRpc-bossGroup--thread1] INFO  logging.LoggingHandler (AbstractInternalLogger.java:log(148)) - [id: 0xf7f24246, L:/0:0:0:0:0:0:0:0:39585] INACTIVE
2022-12-19 18:41:03,472 [daa36c1e-9cf4-4c94-819a-0a52a71ceb67-NettyServerStreamRpc-bossGroup--thread1] INFO  logging.LoggingHandler (AbstractInternalLogger.java:log(148)) - [id: 0xf7f24246, L:/0:0:0:0:0:0:0:0:39585] UNREGISTERED
2022-12-19 18:41:03,473 [f143390d-7c87-4621-8359-d245efaa75b3@group-1926F592E147-StateMachineUpdater] INFO  ratis.ContainerStateMachine (ContainerStateMachine.java:takeSnapshot(319)) - group-1926F592E147: Finished taking a snapshot at:(t:6, i:0) file:/home/runner/work/ozone/ozone/hadoop-ozone/integration-test/target/test-dir/MiniOzoneClusterImpl-5ce33d81-cd12-4481-bdd0-3091a3c691f6/datanode-4/data/ratis/6e6fa98d-bd67-42c3-841f-1926f592e147/sm/snapshot.6_0 took: 3 ms
2022-12-19 18:41:03,473 [f143390d-7c87-4621-8359-d245efaa75b3@group-1926F592E147-StateMachineUpdater] INFO  impl.StateMachineUpdater (StateMachineUpdater.java:takeSnapshot(287)) - f143390d-7c87-4621-8359-d245efaa75b3@group-1926F592E147-StateMachineUpdater: Took a snapshot at index 0
2022-12-19 18:41:03,473 [f143390d-7c87-4621-8359-d245efaa75b3@group-1926F592E147-StateMachineUpdater] INFO  impl.StateMachineUpdater (StateMachineUpdater.java:lambda$new$0(92)) - f143390d-7c87-4621-8359-d245efaa75b3@group-1926F592E147-StateMachineUpdater: snapshotIndex: updateIncreasingly -1 -> 0
2022-12-19 18:41:03,475 [f143390d-7c87-4621-8359-d245efaa75b3-impl-thread2] INFO  server.RaftServer$Division (ServerState.java:close(466)) - f143390d-7c87-4621-8359-d245efaa75b3@group-1926F592E147: closes. applyIndex: 0
2022-12-19 18:41:03,476 [f143390d-7c87-4621-8359-d245efaa75b3@group-1926F592E147-SegmentedRaftLogWorker] INFO  segmented.SegmentedRaftLogWorker (SegmentedRaftLogWorker.java:run(347)) - f143390d-7c87-4621-8359-d245efaa75b3@group-1926F592E147-SegmentedRaftLogWorker was interrupted, exiting. There are 0 tasks remaining in the queue.
2022-12-19 18:41:03,478 [f143390d-7c87-4621-8359-d245efaa75b3-impl-thread2] INFO  segmented.SegmentedRaftLogWorker (SegmentedRaftLogWorker.java:close(257)) - f143390d-7c87-4621-8359-d245efaa75b3@group-1926F592E147-SegmentedRaftLogWorker close()
2022-12-19 18:41:03,478 [JvmPauseMonitor12] INFO  util.JvmPauseMonitor (JvmPauseMonitor.java:run(111)) - JvmPauseMonitor-daa36c1e-9cf4-4c94-819a-0a52a71ceb67: Stopped
2022-12-19 18:41:03,480 [JvmPauseMonitor16] INFO  util.JvmPauseMonitor (JvmPauseMonitor.java:run(111)) - JvmPauseMonitor-f143390d-7c87-4621-8359-d245efaa75b3: Stopped
2022-12-19 18:41:05,484 [ForkJoinPool.commonPool-worker-0] INFO  volume.HddsVolume (HddsVolume.java:closeDbStore(338)) - SchemaV3 db is stopped at /home/runner/work/ozone/ozone/hadoop-ozone/integration-test/target/test-dir/MiniOzoneClusterImpl-5ce33d81-cd12-4481-bdd0-3091a3c691f6/datanode-0/data-0/containers/hdds/5ce33d81-cd12-4481-bdd0-3091a3c691f6/DS-6300d430-ffcd-4255-8bcd-b7c91bea996e/container.db for volume DS-6300d430-ffcd-4255-8bcd-b7c91bea996e
2022-12-19 18:41:05,484 [ForkJoinPool.commonPool-worker-0] INFO  utils.BackgroundService (BackgroundService.java:shutdown(141)) - Shutting down service BlockDeletingService
2022-12-19 18:41:05,484 [ForkJoinPool.commonPool-worker-0] INFO  utils.BackgroundService (BackgroundService.java:shutdown(141)) - Shutting down service StaleRecoveringContainerScrubbingService
2022-12-19 18:41:05,485 [ForkJoinPool.commonPool-worker-0] INFO  statemachine.DatanodeStateMachine (DatanodeStateMachine.java:stopDaemon(597)) - Ozone container server stopped.
2022-12-19 18:41:05,485 [Listener at 127.0.0.1/39295] INFO  volume.HddsVolume (HddsVolume.java:closeDbStore(338)) - SchemaV3 db is stopped at /home/runner/work/ozone/ozone/hadoop-ozone/integration-test/target/test-dir/MiniOzoneClusterImpl-5ce33d81-cd12-4481-bdd0-3091a3c691f6/datanode-4/data-0/containers/hdds/5ce33d81-cd12-4481-bdd0-3091a3c691f6/DS-a5c39b0c-6539-4615-82e7-ff98c1f93bf9/container.db for volume DS-a5c39b0c-6539-4615-82e7-ff98c1f93bf9
2022-12-19 18:41:05,491 [Listener at 127.0.0.1/39295] INFO  utils.BackgroundService (BackgroundService.java:shutdown(141)) - Shutting down service BlockDeletingService
2022-12-19 18:41:05,492 [Listener at 127.0.0.1/39295] INFO  utils.BackgroundService (BackgroundService.java:shutdown(141)) - Shutting down service StaleRecoveringContainerScrubbingService
2022-12-19 18:41:05,493 [Listener at 127.0.0.1/39295] INFO  statemachine.DatanodeStateMachine (DatanodeStateMachine.java:stopDaemon(597)) - Ozone container server stopped.
2022-12-19 18:41:05,495 [ForkJoinPool.commonPool-worker-0] INFO  handler.ContextHandler (ContextHandler.java:doStop(1159)) - Stopped o.e.j.w.WebAppContext@55e107f5{hddsDatanode,/,null,STOPPED}{jar:file:/home/runner/.m2/repository/org/apache/ozone/hdds-container-service/1.3.0-SNAPSHOT/hdds-container-service-1.3.0-SNAPSHOT.jar!/webapps/hddsDatanode}
2022-12-19 18:41:05,496 [ForkJoinPool.commonPool-worker-0] INFO  server.AbstractConnector (AbstractConnector.java:doStop(383)) - Stopped ServerConnector@11337728{HTTP/1.1, (http/1.1)}{0.0.0.0:0}
2022-12-19 18:41:05,496 [ForkJoinPool.commonPool-worker-0] INFO  server.session (HouseKeeper.java:stopScavenging(149)) - node0 Stopped scavenging
2022-12-19 18:41:05,497 [ForkJoinPool.commonPool-worker-0] INFO  handler.ContextHandler (ContextHandler.java:doStop(1159)) - Stopped o.e.j.s.ServletContextHandler@35fcb7d{static,/static,jar:file:/home/runner/.m2/repository/org/apache/ozone/hdds-container-service/1.3.0-SNAPSHOT/hdds-container-service-1.3.0-SNAPSHOT.jar!/webapps/static,STOPPED}
2022-12-19 18:41:05,497 [ForkJoinPool.commonPool-worker-0] INFO  handler.ContextHandler (ContextHandler.java:doStop(1159)) - Stopped o.e.j.s.ServletContextHandler@7a49293f{logs,/logs,file:///home/runner/work/ozone/ozone/hadoop-ozone/integration-test/target/log,STOPPED}
2022-12-19 18:41:05,502 [Listener at 127.0.0.1/39295] INFO  handler.ContextHandler (ContextHandler.java:doStop(1159)) - Stopped o.e.j.w.WebAppContext@cbb6b6f{hddsDatanode,/,null,STOPPED}{jar:file:/home/runner/.m2/repository/org/apache/ozone/hdds-container-service/1.3.0-SNAPSHOT/hdds-container-service-1.3.0-SNAPSHOT.jar!/webapps/hddsDatanode}
2022-12-19 18:41:05,504 [Listener at 127.0.0.1/39295] INFO  server.AbstractConnector (AbstractConnector.java:doStop(383)) - Stopped ServerConnector@7ed14356{HTTP/1.1, (http/1.1)}{0.0.0.0:0}
2022-12-19 18:41:05,505 [Listener at 127.0.0.1/39295] INFO  server.session (HouseKeeper.java:stopScavenging(149)) - node0 Stopped scavenging
2022-12-19 18:41:05,505 [Listener at 127.0.0.1/39295] INFO  handler.ContextHandler (ContextHandler.java:doStop(1159)) - Stopped o.e.j.s.ServletContextHandler@265d560b{static,/static,jar:file:/home/runner/.m2/repository/org/apache/ozone/hdds-container-service/1.3.0-SNAPSHOT/hdds-container-service-1.3.0-SNAPSHOT.jar!/webapps/static,STOPPED}
2022-12-19 18:41:05,505 [Listener at 127.0.0.1/39295] INFO  handler.ContextHandler (ContextHandler.java:doStop(1159)) - Stopped o.e.j.s.ServletContextHandler@319869fd{logs,/logs,file:///home/runner/work/ozone/ozone/hadoop-ozone/integration-test/target/log,STOPPED}
2022-12-19 18:41:05,506 [Listener at 127.0.0.1/39295] INFO  ozone.MiniOzoneClusterImpl (MiniOzoneClusterImpl.java:stopSCM(538)) - Stopping the StorageContainerManager
2022-12-19 18:41:05,506 [Listener at 127.0.0.1/39295] INFO  server.StorageContainerManager (StorageContainerManager.java:stop(1515)) - Container Balancer is not running.
2022-12-19 18:41:05,506 [Listener at 127.0.0.1/39295] INFO  server.StorageContainerManager (StorageContainerManager.java:stop(1522)) - Stopping Replication Manager Service.
2022-12-19 18:41:05,506 [Listener at 127.0.0.1/39295] INFO  replication.ReplicationManager (ReplicationManager.java:stop(296)) - Stopping Replication Monitor Thread.
2022-12-19 18:41:05,506 [Listener at 127.0.0.1/39295] INFO  server.StorageContainerManager (StorageContainerManager.java:stop(1529)) - Stopping the Datanode Admin Monitor.
2022-12-19 18:41:05,507 [Listener at 127.0.0.1/39295] INFO  server.StorageContainerManager (StorageContainerManager.java:stop(1536)) - Stopping datanode service RPC server
2022-12-19 18:41:05,507 [Listener at 127.0.0.1/39295] INFO  server.SCMDatanodeProtocolServer (SCMDatanodeProtocolServer.java:stop(441)) - Stopping the RPC server for DataNodes
2022-12-19 18:41:05,507 [Listener at 127.0.0.1/39295] INFO  ipc.Server (Server.java:stop(3428)) - Stopping server on 43047
2022-12-19 18:41:05,507 [Under Replicated Processor] WARN  replication.UnhealthyReplicationProcessor (UnhealthyReplicationProcessor.java:run(141)) - Under Replicated Processor interrupted. Exiting...
2022-12-19 18:41:05,507 [Over Replicated Processor] WARN  replication.UnhealthyReplicationProcessor (UnhealthyReplicationProcessor.java:run(141)) - Over Replicated Processor interrupted. Exiting...
2022-12-19 18:41:05,507 [ReplicationMonitor] INFO  replication.ReplicationManager (ReplicationManager.java:run(666)) - Replication Monitor Thread is stopped
2022-12-19 18:41:05,508 [IPC Server listener on 0] INFO  ipc.Server (Server.java:run(1384)) - Stopping IPC Server listener on 0
2022-12-19 18:41:05,510 [IPC Server Responder] INFO  ipc.Server (Server.java:run(1517)) - Stopping IPC Server Responder
2022-12-19 18:41:05,687 [SCM Heartbeat Processing Thread - 0] WARN  node.NodeStateManager (NodeStateManager.java:scheduleNextHealthCheck(870)) - Current Thread is interrupted, shutting down HB processing thread for Node Manager.
2022-12-19 18:41:05,687 [Listener at 127.0.0.1/39295] INFO  server.StorageContainerManager (StorageContainerManager.java:stop(1544)) - Stopping block service RPC server
2022-12-19 18:41:05,687 [Listener at 127.0.0.1/39295] INFO  server.SCMBlockProtocolServer (SCMBlockProtocolServer.java:stop(161)) - Stopping the RPC server for Block Protocol
2022-12-19 18:41:05,687 [Listener at 127.0.0.1/39295] INFO  ipc.Server (Server.java:stop(3428)) - Stopping server on 34917
2022-12-19 18:41:05,695 [IPC Server listener on 0] INFO  ipc.Server (Server.java:run(1384)) - Stopping IPC Server listener on 0
2022-12-19 18:41:05,695 [IPC Server Responder] INFO  ipc.Server (Server.java:run(1517)) - Stopping IPC Server Responder
2022-12-19 18:41:05,695 [Listener at 127.0.0.1/39295] INFO  server.StorageContainerManager (StorageContainerManager.java:stop(1551)) - Stopping the StorageContainerLocationProtocol RPC server
2022-12-19 18:41:05,695 [Listener at 127.0.0.1/39295] INFO  server.SCMClientProtocolServer (SCMClientProtocolServer.java:stop(179)) - Stopping the RPC server for Client Protocol
2022-12-19 18:41:05,695 [Listener at 127.0.0.1/39295] INFO  ipc.Server (Server.java:stop(3428)) - Stopping server on 33985
2022-12-19 18:41:05,697 [IPC Server listener on 0] INFO  ipc.Server (Server.java:run(1384)) - Stopping IPC Server listener on 0
2022-12-19 18:41:05,697 [IPC Server Responder] INFO  ipc.Server (Server.java:run(1517)) - Stopping IPC Server Responder
2022-12-19 18:41:05,697 [Listener at 127.0.0.1/39295] INFO  server.StorageContainerManager (StorageContainerManager.java:stop(1558)) - Stopping Storage Container Manager HTTP server.
2022-12-19 18:41:05,698 [Listener at 127.0.0.1/39295] INFO  handler.ContextHandler (ContextHandler.java:doStop(1159)) - Stopped o.e.j.w.WebAppContext@70fbaa1b{scm,/,null,STOPPED}{file:/home/runner/work/ozone/ozone/hadoop-ozone/integration-test/target/test-classes/webapps/scm}
2022-12-19 18:41:05,698 [Listener at 127.0.0.1/39295] INFO  server.AbstractConnector (AbstractConnector.java:doStop(383)) - Stopped ServerConnector@c3ff606{HTTP/1.1, (http/1.1)}{0.0.0.0:0}
2022-12-19 18:41:05,698 [Listener at 127.0.0.1/39295] INFO  server.session (HouseKeeper.java:stopScavenging(149)) - node0 Stopped scavenging
2022-12-19 18:41:05,698 [Listener at 127.0.0.1/39295] INFO  handler.ContextHandler (ContextHandler.java:doStop(1159)) - Stopped o.e.j.s.ServletContextHandler@26ab1ea4{static,/static,file:///home/runner/work/ozone/ozone/hadoop-ozone/integration-test/target/test-classes/webapps/static,STOPPED}
2022-12-19 18:41:05,699 [Listener at 127.0.0.1/39295] INFO  handler.ContextHandler (ContextHandler.java:doStop(1159)) - Stopped o.e.j.s.ServletContextHandler@7f466b3c{logs,/logs,file:///home/runner/work/ozone/ozone/hadoop-ozone/integration-test/target/log,STOPPED}
2022-12-19 18:41:05,699 [Listener at 127.0.0.1/39295] INFO  server.StorageContainerManager (StorageContainerManager.java:stop(1564)) - Stopping SCM LayoutVersionManager Service.
2022-12-19 18:41:05,699 [Listener at 127.0.0.1/39295] INFO  server.StorageContainerManager (StorageContainerManager.java:stop(1572)) - Stopping Block Manager Service.
2022-12-19 18:41:05,699 [Listener at 127.0.0.1/39295] INFO  utils.BackgroundService (BackgroundService.java:shutdown(141)) - Shutting down service SCMBlockDeletingService
2022-12-19 18:41:05,699 [Listener at 127.0.0.1/39295] INFO  utils.BackgroundService (BackgroundService.java:shutdown(141)) - Shutting down service SCMBlockDeletingService
2022-12-19 18:41:05,700 [Listener at 127.0.0.1/39295] INFO  server.StorageContainerManager (StorageContainerManager.java:stop(1594)) - Stopping SCM Event Queue.
2022-12-19 18:41:05,700 [Listener at 127.0.0.1/39295] INFO  server.StorageContainerManager (StorageContainerManager.java:stop(1605)) - Stopping SCM HA services.
2022-12-19 18:41:05,700 [Listener at 127.0.0.1/39295] INFO  pipeline.BackgroundPipelineCreator (BackgroundPipelineCreator.java:stop(149)) - Stopping RatisPipelineUtilsThread.
2022-12-19 18:41:05,701 [RatisPipelineUtilsThread - 0] WARN  pipeline.BackgroundPipelineCreator (BackgroundPipelineCreator.java:run(180)) - RatisPipelineUtilsThread is interrupted.
2022-12-19 18:41:05,701 [Listener at 127.0.0.1/39295] INFO  BackgroundPipelineScrubber (BackgroundSCMService.java:stop(131)) - Stopping BackgroundPipelineScrubber Service.
2022-12-19 18:41:05,701 [BackgroundPipelineScrubberThread] WARN  BackgroundPipelineScrubber (BackgroundSCMService.java:run(115)) - BackgroundPipelineScrubber is interrupted, exit
2022-12-19 18:41:05,701 [Listener at 127.0.0.1/39295] INFO  impl.MetricsSystemImpl (MetricsSystemImpl.java:stop(210)) - Stopping HddsDatanode metrics system...
2022-12-19 18:41:05,702 [prometheus] INFO  impl.MetricsSinkAdapter (MetricsSinkAdapter.java:publishMetricsFromQueue(141)) - prometheus thread interrupted.
2022-12-19 18:41:05,702 [Listener at 127.0.0.1/39295] INFO  impl.MetricsSystemImpl (MetricsSystemImpl.java:stop(216)) - HddsDatanode metrics system stopped.
2022-12-19 18:41:05,702 [Listener at 127.0.0.1/39295] WARN  pipeline.BackgroundPipelineCreator (BackgroundPipelineCreator.java:stop(145)) - RatisPipelineUtilsThread is not running, just ignore.
2022-12-19 18:41:05,702 [Listener at 127.0.0.1/39295] INFO  BackgroundPipelineScrubber (BackgroundSCMService.java:stop(126)) - BackgroundPipelineScrubber Service is not running, skip stop.
2022-12-19 18:41:05,702 [Listener at 127.0.0.1/39295] INFO  ExpiredContainerReplicaOpScrubber (BackgroundSCMService.java:stop(131)) - Stopping ExpiredContainerReplicaOpScrubber Service.
2022-12-19 18:41:05,702 [Listener at 127.0.0.1/39295] INFO  utils.BackgroundService (BackgroundService.java:shutdown(141)) - Shutting down service SCMBlockDeletingService
2022-12-19 18:41:05,702 [Listener at 127.0.0.1/39295] INFO  replication.ReplicationManager (ReplicationManager.java:stop(304)) - Replication Monitor Thread is not running.
2022-12-19 18:41:05,703 [Listener at 127.0.0.1/39295] WARN  balancer.ContainerBalancer (ContainerBalancer.java:stop(322)) - Cannot stop Container Balancer because it's not running or stopping
2022-12-19 18:41:05,703 [Listener at 127.0.0.1/39295] INFO  server.StorageContainerManager (StorageContainerManager.java:stop(1623)) - Stopping SCM MetadataStore.
2022-12-19 18:41:05,703 [ExpiredContainerReplicaOpScrubberThread] WARN  ExpiredContainerReplicaOpScrubber (BackgroundSCMService.java:run(115)) - ExpiredContainerReplicaOpScrubber is interrupted, exit
]]></system-out>
  </testcase>
</testsuite>