<?xml version="1.0" encoding="UTF-8"?>
<testsuite xmlns:xsi="http://www.w3.org/2001/XMLSchema-instance" xsi:noNamespaceSchemaLocation="https://maven.apache.org/surefire/maven-surefire-plugin/xsd/surefire-test-report.xsd" name="org.apache.hadoop.ozone.scm.TestSCMInstallSnapshotWithHA" time="181.455" tests="3" errors="0" skipped="0" failures="1">
  <properties>
    <property name="awt.toolkit" value="sun.awt.X11.XToolkit"/>
    <property name="file.encoding.pkg" value="sun.io"/>
    <property name="java.specification.version" value="1.8"/>
    <property name="sun.cpu.isalist" value=""/>
    <property name="sun.jnu.encoding" value="UTF-8"/>
    <property name="java.class.path" value="/home/runner/work/ozone/ozone/hadoop-ozone/integration-test/target/test-classes:/home/runner/work/ozone/ozone/hadoop-ozone/integration-test/target/classes:/home/runner/.m2/repository/org/apache/ozone/ozone-common/1.3.0-SNAPSHOT/ozone-common-1.3.0-SNAPSHOT.jar:/home/runner/.m2/repository/org/apache/commons/commons-compress/1.21/commons-compress-1.21.jar:/home/runner/.m2/repository/org/apache/ozone/hdds-common/1.3.0-SNAPSHOT/hdds-common-1.3.0-SNAPSHOT.jar:/home/runner/.m2/repository/org/apache/ozone/hdds-client/1.3.0-SNAPSHOT/hdds-client-1.3.0-SNAPSHOT.jar:/home/runner/.m2/repository/org/apache/ozone/ozone-interface-client/1.3.0-SNAPSHOT/ozone-interface-client-1.3.0-SNAPSHOT.jar:/home/runner/.m2/repository/org/apache/ozone/hdds-test-utils/1.3.0-SNAPSHOT/hdds-test-utils-1.3.0-SNAPSHOT.jar:/home/runner/.m2/repository/com/google/guava/guava/30.1.1-jre/guava-30.1.1-jre.jar:/home/runner/.m2/repository/com/google/guava/failureaccess/1.0.1/failureaccess-1.0.1.jar:/home/runner/.m2/repository/com/google/guava/listenablefuture/9999.0-empty-to-avoid-conflict-with-guava/listenablefuture-9999.0-empty-to-avoid-conflict-with-guava.jar:/home/runner/.m2/repository/com/google/code/findbugs/jsr305/3.0.0/jsr305-3.0.0.jar:/home/runner/.m2/repository/org/checkerframework/checker-qual/3.8.0/checker-qual-3.8.0.jar:/home/runner/.m2/repository/com/google/errorprone/error_prone_annotations/2.2.0/error_prone_annotations-2.2.0.jar:/home/runner/.m2/repository/com/google/j2objc/j2objc-annotations/1.3/j2objc-annotations-1.3.jar:/home/runner/.m2/repository/commons-io/commons-io/2.11.0/commons-io-2.11.0.jar:/home/runner/.m2/repository/commons-logging/commons-logging/1.2/commons-logging-1.2.jar:/home/runner/.m2/repository/log4j/log4j/1.2.17/log4j-1.2.17.jar:/home/runner/.m2/repository/org/slf4j/slf4j-api/1.7.30/slf4j-api-1.7.30.jar:/home/runner/.m2/repository/org/apache/ozone/hdds-server-scm/1.3.0-SNAPSHOT/hdds-server-scm-1.3.0-SNAPSHOT.jar:/home/runner/.m2/repository/org/apache/ozone/hdds-container-service/1.3.0-SNAPSHOT/hdds-container-service-1.3.0-SNAPSHOT.jar:/home/runner/.m2/repository/org/apache/ozone/hdds-hadoop-dependency-server/1.3.0-SNAPSHOT/hdds-hadoop-dependency-server-1.3.0-SNAPSHOT.jar:/home/runner/.m2/repository/org/apache/hadoop/hadoop-hdfs/3.3.1/hadoop-hdfs-3.3.1.jar:/home/runner/.m2/repository/org/apache/ozone/hdds-server-framework/1.3.0-SNAPSHOT/hdds-server-framework-1.3.0-SNAPSHOT.jar:/home/runner/.m2/repository/org/apache/ozone/hdds-interface-server/1.3.0-SNAPSHOT/hdds-interface-server-1.3.0-SNAPSHOT.jar:/home/runner/.m2/repository/org/eclipse/jetty/jetty-servlet/9.4.43.v20210629/jetty-servlet-9.4.43.v20210629.jar:/home/runner/.m2/repository/org/eclipse/jetty/jetty-security/9.4.43.v20210629/jetty-security-9.4.43.v20210629.jar:/home/runner/.m2/repository/org/rocksdb/rocksdbjni/6.25.3/rocksdbjni-6.25.3.jar:/home/runner/.m2/repository/io/prometheus/simpleclient_dropwizard/0.7.0/simpleclient_dropwizard-0.7.0.jar:/home/runner/.m2/repository/io/prometheus/simpleclient/0.7.0/simpleclient-0.7.0.jar:/home/runner/.m2/repository/io/prometheus/simpleclient_common/0.7.0/simpleclient_common-0.7.0.jar:/home/runner/.m2/repository/com/fasterxml/jackson/datatype/jackson-datatype-jsr310/2.12.1/jackson-datatype-jsr310-2.12.1.jar:/home/runner/.m2/repository/io/dropwizard/metrics/metrics-core/3.2.4/metrics-core-3.2.4.jar:/home/runner/.m2/repository/org/apache/hadoop/hadoop-hdfs-client/3.3.1/hadoop-hdfs-client-3.3.1.jar:/home/runner/.m2/repository/org/bouncycastle/bcprov-jdk15on/1.67/bcprov-jdk15on-1.67.jar:/home/runner/.m2/repository/com/google/protobuf/protobuf-java/2.5.0/protobuf-java-2.5.0.jar:/home/runner/.m2/repository/org/apache/ozone/ozone-manager/1.3.0-SNAPSHOT/ozone-manager-1.3.0-SNAPSHOT.jar:/home/runner/.m2/repository/org/aspectj/aspectjrt/1.9.7/aspectjrt-1.9.7.jar:/home/runner/.m2/repository/org/aspectj/aspectjweaver/1.9.7/aspectjweaver-1.9.7.jar:/home/runner/.m2/repository/org/apache/ozone/hdds-interface-client/1.3.0-SNAPSHOT/hdds-interface-client-1.3.0-SNAPSHOT.jar:/home/runner/.m2/repository/org/apache/hadoop/thirdparty/hadoop-shaded-protobuf_3_7/1.1.1/hadoop-shaded-protobuf_3_7-1.1.1.jar:/home/runner/.m2/repository/org/apache/ozone/ozone-interface-storage/1.3.0-SNAPSHOT/ozone-interface-storage-1.3.0-SNAPSHOT.jar:/home/runner/.m2/repository/org/reflections/reflections/0.9.11/reflections-0.9.11.jar:/home/runner/.m2/repository/org/apache/hadoop/hadoop-minikdc/3.3.1/hadoop-minikdc-3.3.1.jar:/home/runner/.m2/repository/org/apache/kerby/kerb-simplekdc/1.0.1/kerb-simplekdc-1.0.1.jar:/home/runner/.m2/repository/org/apache/kerby/kerb-client/1.0.1/kerb-client-1.0.1.jar:/home/runner/.m2/repository/org/apache/kerby/kerby-config/1.0.1/kerby-config-1.0.1.jar:/home/runner/.m2/repository/org/apache/kerby/kerb-common/1.0.1/kerb-common-1.0.1.jar:/home/runner/.m2/repository/org/apache/kerby/kerb-crypto/1.0.1/kerb-crypto-1.0.1.jar:/home/runner/.m2/repository/org/apache/kerby/kerb-util/1.0.1/kerb-util-1.0.1.jar:/home/runner/.m2/repository/org/apache/kerby/token-provider/1.0.1/token-provider-1.0.1.jar:/home/runner/.m2/repository/org/apache/kerby/kerb-admin/1.0.1/kerb-admin-1.0.1.jar:/home/runner/.m2/repository/org/apache/kerby/kerb-server/1.0.1/kerb-server-1.0.1.jar:/home/runner/.m2/repository/org/apache/kerby/kerb-identity/1.0.1/kerb-identity-1.0.1.jar:/home/runner/.m2/repository/org/apache/kerby/kerby-xdr/1.0.1/kerby-xdr-1.0.1.jar:/home/runner/.m2/repository/org/slf4j/slf4j-log4j12/1.7.30/slf4j-log4j12-1.7.30.jar:/home/runner/.m2/repository/org/apache/ozone/ozone-s3gateway/1.3.0-SNAPSHOT/ozone-s3gateway-1.3.0-SNAPSHOT.jar:/home/runner/.m2/repository/org/javassist/javassist/3.21.0-GA/javassist-3.21.0-GA.jar:/home/runner/.m2/repository/org/jboss/weld/servlet/weld-servlet/2.4.7.Final/weld-servlet-2.4.7.Final.jar:/home/runner/.m2/repository/org/glassfish/jersey/containers/jersey-container-servlet-core/2.33/jersey-container-servlet-core-2.33.jar:/home/runner/.m2/repository/org/glassfish/hk2/external/jakarta.inject/2.6.1/jakarta.inject-2.6.1.jar:/home/runner/.m2/repository/org/glassfish/jersey/core/jersey-common/2.33/jersey-common-2.33.jar:/home/runner/.m2/repository/jakarta/ws/rs/jakarta.ws.rs-api/2.1.6/jakarta.ws.rs-api-2.1.6.jar:/home/runner/.m2/repository/org/glassfish/jersey/ext/cdi/jersey-cdi1x/2.33/jersey-cdi1x-2.33.jar:/home/runner/.m2/repository/org/glassfish/jersey/inject/jersey-hk2/2.33/jersey-hk2-2.33.jar:/home/runner/.m2/repository/org/glassfish/hk2/hk2-locator/2.6.1/hk2-locator-2.6.1.jar:/home/runner/.m2/repository/org/glassfish/jersey/media/jersey-media-jaxb/2.33/jersey-media-jaxb-2.33.jar:/home/runner/.m2/repository/org/glassfish/hk2/osgi-resource-locator/1.0.3/osgi-resource-locator-1.0.3.jar:/home/runner/.m2/repository/org/glassfish/hk2/hk2-api/2.5.0/hk2-api-2.5.0.jar:/home/runner/.m2/repository/org/glassfish/hk2/hk2-utils/2.5.0/hk2-utils-2.5.0.jar:/home/runner/.m2/repository/org/glassfish/hk2/external/aopalliance-repackaged/2.5.0/aopalliance-repackaged-2.5.0.jar:/home/runner/.m2/repository/com/fasterxml/jackson/dataformat/jackson-dataformat-xml/2.12.1/jackson-dataformat-xml-2.12.1.jar:/home/runner/.m2/repository/com/fasterxml/jackson/core/jackson-core/2.12.1/jackson-core-2.12.1.jar:/home/runner/.m2/repository/com/fasterxml/jackson/module/jackson-module-jaxb-annotations/2.12.1/jackson-module-jaxb-annotations-2.12.1.jar:/home/runner/.m2/repository/jakarta/xml/bind/jakarta.xml.bind-api/2.3.2/jakarta.xml.bind-api-2.3.2.jar:/home/runner/.m2/repository/org/codehaus/woodstox/stax2-api/3.1.4/stax2-api-3.1.4.jar:/home/runner/.m2/repository/com/fasterxml/woodstox/woodstox-core/5.0.3/woodstox-core-5.0.3.jar:/home/runner/.m2/repository/javax/enterprise/cdi-api/1.2/cdi-api-1.2.jar:/home/runner/.m2/repository/javax/el/javax.el-api/3.0.0/javax.el-api-3.0.0.jar:/home/runner/.m2/repository/javax/interceptor/javax.interceptor-api/1.2/javax.interceptor-api-1.2.jar:/home/runner/.m2/repository/javax/inject/javax.inject/1/javax.inject-1.jar:/home/runner/.m2/repository/javax/xml/bind/jaxb-api/2.3.0/jaxb-api-2.3.0.jar:/home/runner/.m2/repository/org/glassfish/jaxb/jaxb-runtime/2.3.0.1/jaxb-runtime-2.3.0.1.jar:/home/runner/.m2/repository/org/glassfish/jaxb/jaxb-core/2.3.0.1/jaxb-core-2.3.0.1.jar:/home/runner/.m2/repository/org/glassfish/jaxb/txw2/2.3.0.1/txw2-2.3.0.1.jar:/home/runner/.m2/repository/com/sun/istack/istack-commons-runtime/3.0.5/istack-commons-runtime-3.0.5.jar:/home/runner/.m2/repository/org/jvnet/staxex/stax-ex/1.7.8/stax-ex-1.7.8.jar:/home/runner/.m2/repository/com/sun/xml/fastinfoset/FastInfoset/1.2.13/FastInfoset-1.2.13.jar:/home/runner/.m2/repository/javax/activation/activation/1.1.1/activation-1.1.1.jar:/home/runner/.m2/repository/org/apache/ozone/ozone-csi/1.3.0-SNAPSHOT/ozone-csi-1.3.0-SNAPSHOT.jar:/home/runner/.m2/repository/com/google/protobuf/protobuf-java-util/3.12.0/protobuf-java-util-3.12.0.jar:/home/runner/.m2/repository/com/google/code/gson/gson/2.2.4/gson-2.2.4.jar:/home/runner/.m2/repository/org/apache/ozone/hdds-config/1.3.0-SNAPSHOT/hdds-config-1.3.0-SNAPSHOT.jar:/home/runner/.m2/repository/io/grpc/grpc-netty/1.33.0/grpc-netty-1.33.0.jar:/home/runner/.m2/repository/io/grpc/grpc-core/1.33.0/grpc-core-1.33.0.jar:/home/runner/.m2/repository/com/google/android/annotations/4.1.1.4/annotations-4.1.1.4.jar:/home/runner/.m2/repository/io/netty/netty-codec-http2/4.1.63.Final/netty-codec-http2-4.1.63.Final.jar:/home/runner/.m2/repository/io/netty/netty-codec-http/4.1.63.Final/netty-codec-http-4.1.63.Final.jar:/home/runner/.m2/repository/io/netty/netty-handler-proxy/4.1.63.Final/netty-handler-proxy-4.1.63.Final.jar:/home/runner/.m2/repository/io/netty/netty-codec-socks/4.1.63.Final/netty-codec-socks-4.1.63.Final.jar:/home/runner/.m2/repository/io/perfmark/perfmark-api/0.19.0/perfmark-api-0.19.0.jar:/home/runner/.m2/repository/org/codehaus/mojo/animal-sniffer-annotations/1.18/animal-sniffer-annotations-1.18.jar:/home/runner/.m2/repository/io/netty/netty-transport-native-epoll/4.1.63.Final/netty-transport-native-epoll-4.1.63.Final.jar:/home/runner/.m2/repository/io/netty/netty-common/4.1.63.Final/netty-common-4.1.63.Final.jar:/home/runner/.m2/repository/io/netty/netty-buffer/4.1.63.Final/netty-buffer-4.1.63.Final.jar:/home/runner/.m2/repository/io/netty/netty-transport-native-unix-common/4.1.63.Final/netty-transport-native-unix-common-4.1.63.Final.jar:/home/runner/.m2/repository/io/grpc/grpc-protobuf/1.33.0/grpc-protobuf-1.33.0.jar:/home/runner/.m2/repository/io/grpc/grpc-api/1.33.0/grpc-api-1.33.0.jar:/home/runner/.m2/repository/io/grpc/grpc-context/1.33.0/grpc-context-1.33.0.jar:/home/runner/.m2/repository/com/google/api/grpc/proto-google-common-protos/1.17.0/proto-google-common-protos-1.17.0.jar:/home/runner/.m2/repository/io/grpc/grpc-protobuf-lite/1.33.0/grpc-protobuf-lite-1.33.0.jar:/home/runner/.m2/repository/io/grpc/grpc-stub/1.33.0/grpc-stub-1.33.0.jar:/home/runner/.m2/repository/org/apache/ozone/ozone-recon/1.3.0-SNAPSHOT/ozone-recon-1.3.0-SNAPSHOT.jar:/home/runner/.m2/repository/org/apache/ozone/ozone-reconcodegen/1.3.0-SNAPSHOT/ozone-reconcodegen-1.3.0-SNAPSHOT.jar:/home/runner/.m2/repository/com/google/inject/extensions/guice-multibindings/4.0/guice-multibindings-4.0.jar:/home/runner/.m2/repository/com/google/inject/guice/4.0/guice-4.0.jar:/home/runner/.m2/repository/aopalliance/aopalliance/1.0/aopalliance-1.0.jar:/home/runner/.m2/repository/com/google/inject/extensions/guice-assistedinject/4.0/guice-assistedinject-4.0.jar:/home/runner/.m2/repository/com/google/inject/extensions/guice-servlet/4.0/guice-servlet-4.0.jar:/home/runner/.m2/repository/org/glassfish/jersey/containers/jersey-container-servlet/2.33/jersey-container-servlet-2.33.jar:/home/runner/.m2/repository/org/glassfish/hk2/guice-bridge/2.5.0/guice-bridge-2.5.0.jar:/home/runner/.m2/repository/org/glassfish/jersey/core/jersey-server/2.33/jersey-server-2.33.jar:/home/runner/.m2/repository/org/glassfish/jersey/core/jersey-client/2.33/jersey-client-2.33.jar:/home/runner/.m2/repository/jakarta/annotation/jakarta.annotation-api/1.3.5/jakarta.annotation-api-1.3.5.jar:/home/runner/.m2/repository/jakarta/validation/jakarta.validation-api/2.0.2/jakarta.validation-api-2.0.2.jar:/home/runner/.m2/repository/org/glassfish/jersey/media/jersey-media-json-jackson/2.33/jersey-media-json-jackson-2.33.jar:/home/runner/.m2/repository/org/glassfish/jersey/ext/jersey-entity-filtering/2.33/jersey-entity-filtering-2.33.jar:/home/runner/.m2/repository/org/jooq/jooq/3.11.10/jooq-3.11.10.jar:/home/runner/.m2/repository/org/jooq/jooq-meta/3.11.10/jooq-meta-3.11.10.jar:/home/runner/.m2/repository/org/jooq/jooq-codegen/3.11.10/jooq-codegen-3.11.10.jar:/home/runner/.m2/repository/com/jolbox/bonecp/0.8.0.RELEASE/bonecp-0.8.0.RELEASE.jar:/home/runner/.m2/repository/org/apache/derby/derby/10.14.2.0/derby-10.14.2.0.jar:/home/runner/.m2/repository/org/xerial/sqlite-jdbc/3.25.2/sqlite-jdbc-3.25.2.jar:/home/runner/.m2/repository/org/springframework/spring-jdbc/5.2.18.RELEASE/spring-jdbc-5.2.18.RELEASE.jar:/home/runner/.m2/repository/org/springframework/spring-beans/5.2.18.RELEASE/spring-beans-5.2.18.RELEASE.jar:/home/runner/.m2/repository/org/springframework/spring-core/5.2.18.RELEASE/spring-core-5.2.18.RELEASE.jar:/home/runner/.m2/repository/org/springframework/spring-jcl/5.2.18.RELEASE/spring-jcl-5.2.18.RELEASE.jar:/home/runner/.m2/repository/org/springframework/spring-tx/5.2.18.RELEASE/spring-tx-5.2.18.RELEASE.jar:/home/runner/.m2/repository/org/apache/ozone/ozone-client/1.3.0-SNAPSHOT/ozone-client-1.3.0-SNAPSHOT.jar:/home/runner/.m2/repository/org/apache/ozone/ozone-filesystem/1.3.0-SNAPSHOT/ozone-filesystem-1.3.0-SNAPSHOT.jar:/home/runner/.m2/repository/org/apache/ozone/ozone-filesystem-common/1.3.0-SNAPSHOT/ozone-filesystem-common-1.3.0-SNAPSHOT.jar:/home/runner/.m2/repository/org/apache/ozone/ozone-tools/1.3.0-SNAPSHOT/ozone-tools-1.3.0-SNAPSHOT.jar:/home/runner/.m2/repository/org/apache/ratis/ratis-tools/2.2.0/ratis-tools-2.2.0.jar:/home/runner/.m2/repository/com/amazonaws/aws-java-sdk-core/1.11.1034/aws-java-sdk-core-1.11.1034.jar:/home/runner/.m2/repository/org/apache/httpcomponents/httpclient/4.5.13/httpclient-4.5.13.jar:/home/runner/.m2/repository/org/apache/httpcomponents/httpcore/4.4.13/httpcore-4.4.13.jar:/home/runner/.m2/repository/software/amazon/ion/ion-java/1.0.2/ion-java-1.0.2.jar:/home/runner/.m2/repository/com/fasterxml/jackson/dataformat/jackson-dataformat-cbor/2.12.1/jackson-dataformat-cbor-2.12.1.jar:/home/runner/.m2/repository/joda-time/joda-time/2.8.1/joda-time-2.8.1.jar:/home/runner/.m2/repository/com/amazonaws/aws-java-sdk-s3/1.11.1034/aws-java-sdk-s3-1.11.1034.jar:/home/runner/.m2/repository/com/amazonaws/aws-java-sdk-kms/1.11.1034/aws-java-sdk-kms-1.11.1034.jar:/home/runner/.m2/repository/com/amazonaws/jmespath-java/1.11.1034/jmespath-java-1.11.1034.jar:/home/runner/.m2/repository/org/kohsuke/metainf-services/metainf-services/1.8/metainf-services-1.8.jar:/home/runner/.m2/repository/org/apache/ozone/hdds-tools/1.3.0-SNAPSHOT/hdds-tools-1.3.0-SNAPSHOT.jar:/home/runner/.m2/repository/commons-cli/commons-cli/1.2/commons-cli-1.2.jar:/home/runner/.m2/repository/org/apache/commons/commons-lang3/3.7/commons-lang3-3.7.jar:/home/runner/.m2/repository/org/apache/ozone/ozone-manager/1.3.0-SNAPSHOT/ozone-manager-1.3.0-SNAPSHOT-tests.jar:/home/runner/.m2/repository/org/apache/ozone/hdds-common/1.3.0-SNAPSHOT/hdds-common-1.3.0-SNAPSHOT-tests.jar:/home/runner/.m2/repository/org/apache/ozone/hdds-hadoop-dependency-client/1.3.0-SNAPSHOT/hdds-hadoop-dependency-client-1.3.0-SNAPSHOT.jar:/home/runner/.m2/repository/info/picocli/picocli/4.6.1/picocli-4.6.1.jar:/home/runner/.m2/repository/com/fasterxml/jackson/core/jackson-annotations/2.12.1/jackson-annotations-2.12.1.jar:/home/runner/.m2/repository/javax/annotation/javax.annotation-api/1.2/javax.annotation-api-1.2.jar:/home/runner/.m2/repository/org/apache/ratis/ratis-server/2.2.0/ratis-server-2.2.0.jar:/home/runner/.m2/repository/org/apache/ratis/ratis-client/2.2.0/ratis-client-2.2.0.jar:/home/runner/.m2/repository/org/apache/ratis/ratis-server-api/2.2.0/ratis-server-api-2.2.0.jar:/home/runner/.m2/repository/org/apache/ratis/ratis-metrics/2.2.0/ratis-metrics-2.2.0.jar:/home/runner/.m2/repository/org/apache/ratis/ratis-netty/2.2.0/ratis-netty-2.2.0.jar:/home/runner/.m2/repository/org/apache/ratis/ratis-grpc/2.2.0/ratis-grpc-2.2.0.jar:/home/runner/.m2/repository/org/apache/logging/log4j/log4j-api/2.13.3/log4j-api-2.13.3.jar:/home/runner/.m2/repository/org/apache/logging/log4j/log4j-core/2.13.3/log4j-core-2.13.3.jar:/home/runner/.m2/repository/com/lmax/disruptor/3.4.2/disruptor-3.4.2.jar:/home/runner/.m2/repository/org/apache/commons/commons-pool2/2.6.0/commons-pool2-2.6.0.jar:/home/runner/.m2/repository/org/bouncycastle/bcpkix-jdk15on/1.67/bcpkix-jdk15on-1.67.jar:/home/runner/.m2/repository/commons-validator/commons-validator/1.6/commons-validator-1.6.jar:/home/runner/.m2/repository/commons-beanutils/commons-beanutils/1.9.4/commons-beanutils-1.9.4.jar:/home/runner/.m2/repository/commons-digester/commons-digester/1.8.1/commons-digester-1.8.1.jar:/home/runner/.m2/repository/commons-collections/commons-collections/3.2.2/commons-collections-3.2.2.jar:/home/runner/.m2/repository/io/jaegertracing/jaeger-client/1.6.0/jaeger-client-1.6.0.jar:/home/runner/.m2/repository/io/jaegertracing/jaeger-thrift/1.6.0/jaeger-thrift-1.6.0.jar:/home/runner/.m2/repository/org/apache/thrift/libthrift/0.14.1/libthrift-0.14.1.jar:/home/runner/.m2/repository/com/squareup/okhttp3/okhttp/4.9.0/okhttp-4.9.0.jar:/home/runner/.m2/repository/com/squareup/okio/okio/2.8.0/okio-2.8.0.jar:/home/runner/.m2/repository/io/jaegertracing/jaeger-core/1.6.0/jaeger-core-1.6.0.jar:/home/runner/.m2/repository/io/jaegertracing/jaeger-tracerresolver/1.6.0/jaeger-tracerresolver-1.6.0.jar:/home/runner/.m2/repository/io/opentracing/contrib/opentracing-tracerresolver/0.1.8/opentracing-tracerresolver-0.1.8.jar:/home/runner/.m2/repository/org/jetbrains/kotlin/kotlin-stdlib/1.4.31/kotlin-stdlib-1.4.31.jar:/home/runner/.m2/repository/org/jetbrains/kotlin/kotlin-stdlib-common/1.4.31/kotlin-stdlib-common-1.4.31.jar:/home/runner/.m2/repository/org/jetbrains/annotations/13.0/annotations-13.0.jar:/home/runner/.m2/repository/io/opentracing/opentracing-util/0.33.0/opentracing-util-0.33.0.jar:/home/runner/.m2/repository/io/opentracing/opentracing-api/0.33.0/opentracing-api-0.33.0.jar:/home/runner/.m2/repository/io/opentracing/opentracing-noop/0.33.0/opentracing-noop-0.33.0.jar:/home/runner/.m2/repository/org/yaml/snakeyaml/1.26/snakeyaml-1.26.jar:/home/runner/.m2/repository/org/apache/ozone/hdds-interface-admin/1.3.0-SNAPSHOT/hdds-interface-admin-1.3.0-SNAPSHOT.jar:/home/runner/.m2/repository/junit/junit/4.13.1/junit-4.13.1.jar:/home/runner/.m2/repository/org/hamcrest/hamcrest-core/1.3/hamcrest-core-1.3.jar:/home/runner/.m2/repository/org/junit/jupiter/junit-jupiter-api/5.7.0/junit-jupiter-api-5.7.0.jar:/home/runner/.m2/repository/org/apiguardian/apiguardian-api/1.1.0/apiguardian-api-1.1.0.jar:/home/runner/.m2/repository/org/opentest4j/opentest4j/1.2.0/opentest4j-1.2.0.jar:/home/runner/.m2/repository/org/junit/platform/junit-platform-commons/1.7.0/junit-platform-commons-1.7.0.jar:/home/runner/.m2/repository/org/junit/jupiter/junit-jupiter-engine/5.7.0/junit-jupiter-engine-5.7.0.jar:/home/runner/.m2/repository/org/junit/platform/junit-platform-engine/1.7.0/junit-platform-engine-1.7.0.jar:/home/runner/.m2/repository/org/junit/vintage/junit-vintage-engine/5.7.0/junit-vintage-engine-5.7.0.jar:/home/runner/.m2/repository/org/junit/platform/junit-platform-launcher/1.7.0/junit-platform-launcher-1.7.0.jar:/home/runner/.m2/repository/org/openjdk/jmh/jmh-core/1.19/jmh-core-1.19.jar:/home/runner/.m2/repository/net/sf/jopt-simple/jopt-simple/4.6/jopt-simple-4.6.jar:/home/runner/.m2/repository/org/apache/commons/commons-math3/3.1.1/commons-math3-3.1.1.jar:/home/runner/.m2/repository/org/openjdk/jmh/jmh-generator-annprocess/1.19/jmh-generator-annprocess-1.19.jar:/home/runner/.m2/repository/org/mockito/mockito-core/2.28.2/mockito-core-2.28.2.jar:/home/runner/.m2/repository/net/bytebuddy/byte-buddy/1.9.10/byte-buddy-1.9.10.jar:/home/runner/.m2/repository/net/bytebuddy/byte-buddy-agent/1.9.10/byte-buddy-agent-1.9.10.jar:/home/runner/.m2/repository/org/objenesis/objenesis/1.0/objenesis-1.0.jar:/home/runner/.m2/repository/org/apache/hadoop/hadoop-kms/3.3.1/hadoop-kms-3.3.1.jar:/home/runner/.m2/repository/org/apache/hadoop/hadoop-auth/3.3.1/hadoop-auth-3.3.1.jar:/home/runner/.m2/repository/com/nimbusds/nimbus-jose-jwt/7.9/nimbus-jose-jwt-7.9.jar:/home/runner/.m2/repository/com/github/stephenc/jcip/jcip-annotations/1.0-1/jcip-annotations-1.0-1.jar:/home/runner/.m2/repository/net/minidev/json-smart/2.3.1/json-smart-2.3.1.jar:/home/runner/.m2/repository/net/minidev/accessors-smart/2.3.1/accessors-smart-2.3.1.jar:/home/runner/.m2/repository/org/ow2/asm/asm/5.0.4/asm-5.0.4.jar:/home/runner/.m2/repository/org/apache/zookeeper/zookeeper/3.5.6/zookeeper-3.5.6.jar:/home/runner/.m2/repository/org/apache/zookeeper/zookeeper-jute/3.5.6/zookeeper-jute-3.5.6.jar:/home/runner/.m2/repository/org/apache/yetus/audience-annotations/0.5.0/audience-annotations-0.5.0.jar:/home/runner/.m2/repository/org/apache/curator/curator-framework/4.2.0/curator-framework-4.2.0.jar:/home/runner/.m2/repository/org/apache/hadoop/thirdparty/hadoop-shaded-guava/1.1.1/hadoop-shaded-guava-1.1.1.jar:/home/runner/.m2/repository/com/sun/jersey/jersey-core/1.19/jersey-core-1.19.jar:/home/runner/.m2/repository/javax/ws/rs/jsr311-api/1.1.1/jsr311-api-1.1.1.jar:/home/runner/.m2/repository/com/sun/jersey/jersey-server/1.19/jersey-server-1.19.jar:/home/runner/.m2/repository/javax/servlet/javax.servlet-api/3.1.0/javax.servlet-api-3.1.0.jar:/home/runner/.m2/repository/org/eclipse/jetty/jetty-server/9.4.43.v20210629/jetty-server-9.4.43.v20210629.jar:/home/runner/.m2/repository/org/eclipse/jetty/jetty-http/9.4.43.v20210629/jetty-http-9.4.43.v20210629.jar:/home/runner/.m2/repository/org/eclipse/jetty/jetty-io/9.4.43.v20210629/jetty-io-9.4.43.v20210629.jar:/home/runner/.m2/repository/org/eclipse/jetty/jetty-webapp/9.4.43.v20210629/jetty-webapp-9.4.43.v20210629.jar:/home/runner/.m2/repository/org/eclipse/jetty/jetty-xml/9.4.43.v20210629/jetty-xml-9.4.43.v20210629.jar:/home/runner/.m2/repository/org/apache/hadoop/hadoop-common/3.3.1/hadoop-common-3.3.1.jar:/home/runner/.m2/repository/commons-net/commons-net/3.6/commons-net-3.6.jar:/home/runner/.m2/repository/jakarta/activation/jakarta.activation-api/1.2.1/jakarta.activation-api-1.2.1.jar:/home/runner/.m2/repository/com/sun/jersey/jersey-servlet/1.19/jersey-servlet-1.19.jar:/home/runner/.m2/repository/com/sun/jersey/jersey-json/1.19/jersey-json-1.19.jar:/home/runner/.m2/repository/org/codehaus/jettison/jettison/1.1/jettison-1.1.jar:/home/runner/.m2/repository/com/sun/xml/bind/jaxb-impl/2.2.3-1/jaxb-impl-2.2.3-1.jar:/home/runner/.m2/repository/org/codehaus/jackson/jackson-jaxrs/1.9.2/jackson-jaxrs-1.9.2.jar:/home/runner/.m2/repository/org/codehaus/jackson/jackson-xc/1.9.2/jackson-xc-1.9.2.jar:/home/runner/.m2/repository/org/apache/commons/commons-configuration2/2.1.1/commons-configuration2-2.1.1.jar:/home/runner/.m2/repository/org/apache/commons/commons-text/1.4/commons-text-1.4.jar:/home/runner/.m2/repository/com/google/re2j/re2j/1.1/re2j-1.1.jar:/home/runner/.m2/repository/com/jcraft/jsch/0.1.54/jsch-0.1.54.jar:/home/runner/.m2/repository/org/apache/curator/curator-client/4.2.0/curator-client-4.2.0.jar:/home/runner/.m2/repository/org/apache/curator/curator-recipes/4.2.0/curator-recipes-4.2.0.jar:/home/runner/.m2/repository/org/apache/kerby/kerb-core/1.0.1/kerb-core-1.0.1.jar:/home/runner/.m2/repository/org/apache/kerby/kerby-pkix/1.0.1/kerby-pkix-1.0.1.jar:/home/runner/.m2/repository/org/apache/kerby/kerby-asn1/1.0.1/kerby-asn1-1.0.1.jar:/home/runner/.m2/repository/org/apache/kerby/kerby-util/1.0.1/kerby-util-1.0.1.jar:/home/runner/.m2/repository/dnsjava/dnsjava/2.1.7/dnsjava-2.1.7.jar:/home/runner/.m2/repository/org/xerial/snappy/snappy-java/1.1.8.2/snappy-java-1.1.8.2.jar:/home/runner/.m2/repository/org/slf4j/jul-to-slf4j/1.7.30/jul-to-slf4j-1.7.30.jar:/home/runner/.m2/repository/org/eclipse/jetty/jetty-util/9.4.43.v20210629/jetty-util-9.4.43.v20210629.jar:/home/runner/.m2/repository/com/fasterxml/jackson/core/jackson-databind/2.12.1/jackson-databind-2.12.1.jar:/home/runner/.m2/repository/org/apache/hadoop/hadoop-kms/3.3.1/hadoop-kms-3.3.1-tests.jar:/home/runner/.m2/repository/org/apache/ozone/hdds-server-scm/1.3.0-SNAPSHOT/hdds-server-scm-1.3.0-SNAPSHOT-tests.jar:/home/runner/.m2/repository/org/apache/ozone/hdds-container-service/1.3.0-SNAPSHOT/hdds-container-service-1.3.0-SNAPSHOT-tests.jar:/home/runner/.m2/repository/commons-codec/commons-codec/1.11/commons-codec-1.11.jar:/home/runner/.m2/repository/io/netty/netty-transport/4.1.63.Final/netty-transport-4.1.63.Final.jar:/home/runner/.m2/repository/io/netty/netty-resolver/4.1.63.Final/netty-resolver-4.1.63.Final.jar:/home/runner/.m2/repository/io/netty/netty-codec/4.1.63.Final/netty-codec-4.1.63.Final.jar:/home/runner/.m2/repository/io/netty/netty-handler/4.1.63.Final/netty-handler-4.1.63.Final.jar:/home/runner/.m2/repository/org/apache/ozone/hdds-hadoop-dependency-test/1.3.0-SNAPSHOT/hdds-hadoop-dependency-test-1.3.0-SNAPSHOT.jar:/home/runner/.m2/repository/org/apache/hadoop/hadoop-common/3.3.1/hadoop-common-3.3.1-tests.jar:/home/runner/.m2/repository/org/assertj/assertj-core/3.12.2/assertj-core-3.12.2.jar:/home/runner/.m2/repository/org/apache/hadoop/hadoop-hdfs/3.3.1/hadoop-hdfs-3.3.1-tests.jar:/home/runner/.m2/repository/org/eclipse/jetty/jetty-util-ajax/9.4.43.v20210629/jetty-util-ajax-9.4.43.v20210629.jar:/home/runner/.m2/repository/commons-daemon/commons-daemon/1.0.13/commons-daemon-1.0.13.jar:/home/runner/.m2/repository/io/netty/netty/3.10.6.Final/netty-3.10.6.Final.jar:/home/runner/.m2/repository/io/netty/netty-all/4.1.63.Final/netty-all-4.1.63.Final.jar:/home/runner/.m2/repository/org/apache/htrace/htrace-core4/4.1.0-incubating/htrace-core4-4.1.0-incubating.jar:/home/runner/.m2/repository/org/fusesource/leveldbjni/leveldbjni-all/1.8/leveldbjni-all-1.8.jar:/home/runner/.m2/repository/org/apache/hadoop/hadoop-distcp/3.3.1/hadoop-distcp-3.3.1.jar:/home/runner/.m2/repository/org/apache/hadoop/hadoop-mapreduce-client-jobclient/3.3.1/hadoop-mapreduce-client-jobclient-3.3.1.jar:/home/runner/.m2/repository/org/apache/hadoop/hadoop-mapreduce-client-common/3.3.1/hadoop-mapreduce-client-common-3.3.1.jar:/home/runner/.m2/repository/org/apache/hadoop/hadoop-yarn-common/3.3.1/hadoop-yarn-common-3.3.1.jar:/home/runner/.m2/repository/org/apache/hadoop/hadoop-yarn-api/3.3.1/hadoop-yarn-api-3.3.1.jar:/home/runner/.m2/repository/com/sun/jersey/jersey-client/1.19/jersey-client-1.19.jar:/home/runner/.m2/repository/com/sun/jersey/contribs/jersey-guice/1.19/jersey-guice-1.19.jar:/home/runner/.m2/repository/com/fasterxml/jackson/jaxrs/jackson-jaxrs-json-provider/2.12.1/jackson-jaxrs-json-provider-2.12.1.jar:/home/runner/.m2/repository/com/fasterxml/jackson/jaxrs/jackson-jaxrs-base/2.12.1/jackson-jaxrs-base-2.12.1.jar:/home/runner/.m2/repository/org/apache/hadoop/hadoop-yarn-client/3.3.1/hadoop-yarn-client-3.3.1.jar:/home/runner/.m2/repository/org/eclipse/jetty/websocket/websocket-client/9.4.40.v20210413/websocket-client-9.4.40.v20210413.jar:/home/runner/.m2/repository/org/eclipse/jetty/jetty-client/9.4.40.v20210413/jetty-client-9.4.40.v20210413.jar:/home/runner/.m2/repository/org/eclipse/jetty/websocket/websocket-common/9.4.40.v20210413/websocket-common-9.4.40.v20210413.jar:/home/runner/.m2/repository/org/eclipse/jetty/websocket/websocket-api/9.4.40.v20210413/websocket-api-9.4.40.v20210413.jar:/home/runner/.m2/repository/org/jline/jline/3.9.0/jline-3.9.0.jar:/home/runner/.m2/repository/org/apache/hadoop/hadoop-mapreduce-client-core/3.3.1/hadoop-mapreduce-client-core-3.3.1.jar:/home/runner/.m2/repository/org/apache/avro/avro/1.7.7/avro-1.7.7.jar:/home/runner/.m2/repository/org/codehaus/jackson/jackson-core-asl/1.9.13/jackson-core-asl-1.9.13.jar:/home/runner/.m2/repository/org/codehaus/jackson/jackson-mapper-asl/1.9.13/jackson-mapper-asl-1.9.13.jar:/home/runner/.m2/repository/com/thoughtworks/paranamer/paranamer/2.3/paranamer-2.3.jar:/home/runner/.m2/repository/org/apache/hadoop/hadoop-annotations/3.3.1/hadoop-annotations-3.3.1.jar:/usr/lib/jvm/adoptopenjdk-8-hotspot-amd64/jre/../lib/tools.jar:/home/runner/.m2/repository/org/apache/hadoop/hadoop-distcp/3.3.1/hadoop-distcp-3.3.1-tests.jar:/home/runner/.m2/repository/org/apache/ratis/ratis-common/2.2.0/ratis-common-2.2.0.jar:/home/runner/.m2/repository/org/apache/ratis/ratis-thirdparty-misc/0.7.0/ratis-thirdparty-misc-0.7.0.jar:/home/runner/.m2/repository/org/apache/ratis/ratis-proto/2.2.0/ratis-proto-2.2.0.jar:"/>
    <property name="java.vm.vendor" value="AdoptOpenJDK"/>
    <property name="sun.arch.data.model" value="64"/>
    <property name="test.build.dir" value="/home/runner/work/ozone/ozone/hadoop-ozone/integration-test/target/test-dir"/>
    <property name="test.cache.data" value=""/>
    <property name="java.vendor.url" value="https://adoptopenjdk.net/"/>
    <property name="user.timezone" value=""/>
    <property name="java.vm.specification.version" value="1.8"/>
    <property name="os.name" value="Linux"/>
    <property name="test.build.data" value="/home/runner/work/ozone/ozone/hadoop-ozone/integration-test/target/test-dir"/>
    <property name="sun.java.launcher" value="SUN_STANDARD"/>
    <property name="sun.boot.library.path" value="/usr/lib/jvm/adoptopenjdk-8-hotspot-amd64/jre/lib/amd64"/>
    <property name="sun.java.command" value="/home/runner/work/ozone/ozone/hadoop-ozone/integration-test/target/surefire/surefirebooter3221566106590190276.jar /home/runner/work/ozone/ozone/hadoop-ozone/integration-test/target/surefire 2021-12-01T05-00-53_875-jvmRun1 surefire879312452551710354tmp surefire_366396134058400608121tmp"/>
    <property name="surefire.test.class.path" value="/home/runner/work/ozone/ozone/hadoop-ozone/integration-test/target/test-classes:/home/runner/work/ozone/ozone/hadoop-ozone/integration-test/target/classes:/home/runner/.m2/repository/org/apache/ozone/ozone-common/1.3.0-SNAPSHOT/ozone-common-1.3.0-SNAPSHOT.jar:/home/runner/.m2/repository/org/apache/commons/commons-compress/1.21/commons-compress-1.21.jar:/home/runner/.m2/repository/org/apache/ozone/hdds-common/1.3.0-SNAPSHOT/hdds-common-1.3.0-SNAPSHOT.jar:/home/runner/.m2/repository/org/apache/ozone/hdds-client/1.3.0-SNAPSHOT/hdds-client-1.3.0-SNAPSHOT.jar:/home/runner/.m2/repository/org/apache/ozone/ozone-interface-client/1.3.0-SNAPSHOT/ozone-interface-client-1.3.0-SNAPSHOT.jar:/home/runner/.m2/repository/org/apache/ozone/hdds-test-utils/1.3.0-SNAPSHOT/hdds-test-utils-1.3.0-SNAPSHOT.jar:/home/runner/.m2/repository/com/google/guava/guava/30.1.1-jre/guava-30.1.1-jre.jar:/home/runner/.m2/repository/com/google/guava/failureaccess/1.0.1/failureaccess-1.0.1.jar:/home/runner/.m2/repository/com/google/guava/listenablefuture/9999.0-empty-to-avoid-conflict-with-guava/listenablefuture-9999.0-empty-to-avoid-conflict-with-guava.jar:/home/runner/.m2/repository/com/google/code/findbugs/jsr305/3.0.0/jsr305-3.0.0.jar:/home/runner/.m2/repository/org/checkerframework/checker-qual/3.8.0/checker-qual-3.8.0.jar:/home/runner/.m2/repository/com/google/errorprone/error_prone_annotations/2.2.0/error_prone_annotations-2.2.0.jar:/home/runner/.m2/repository/com/google/j2objc/j2objc-annotations/1.3/j2objc-annotations-1.3.jar:/home/runner/.m2/repository/commons-io/commons-io/2.11.0/commons-io-2.11.0.jar:/home/runner/.m2/repository/commons-logging/commons-logging/1.2/commons-logging-1.2.jar:/home/runner/.m2/repository/log4j/log4j/1.2.17/log4j-1.2.17.jar:/home/runner/.m2/repository/org/slf4j/slf4j-api/1.7.30/slf4j-api-1.7.30.jar:/home/runner/.m2/repository/org/apache/ozone/hdds-server-scm/1.3.0-SNAPSHOT/hdds-server-scm-1.3.0-SNAPSHOT.jar:/home/runner/.m2/repository/org/apache/ozone/hdds-container-service/1.3.0-SNAPSHOT/hdds-container-service-1.3.0-SNAPSHOT.jar:/home/runner/.m2/repository/org/apache/ozone/hdds-hadoop-dependency-server/1.3.0-SNAPSHOT/hdds-hadoop-dependency-server-1.3.0-SNAPSHOT.jar:/home/runner/.m2/repository/org/apache/hadoop/hadoop-hdfs/3.3.1/hadoop-hdfs-3.3.1.jar:/home/runner/.m2/repository/org/apache/ozone/hdds-server-framework/1.3.0-SNAPSHOT/hdds-server-framework-1.3.0-SNAPSHOT.jar:/home/runner/.m2/repository/org/apache/ozone/hdds-interface-server/1.3.0-SNAPSHOT/hdds-interface-server-1.3.0-SNAPSHOT.jar:/home/runner/.m2/repository/org/eclipse/jetty/jetty-servlet/9.4.43.v20210629/jetty-servlet-9.4.43.v20210629.jar:/home/runner/.m2/repository/org/eclipse/jetty/jetty-security/9.4.43.v20210629/jetty-security-9.4.43.v20210629.jar:/home/runner/.m2/repository/org/rocksdb/rocksdbjni/6.25.3/rocksdbjni-6.25.3.jar:/home/runner/.m2/repository/io/prometheus/simpleclient_dropwizard/0.7.0/simpleclient_dropwizard-0.7.0.jar:/home/runner/.m2/repository/io/prometheus/simpleclient/0.7.0/simpleclient-0.7.0.jar:/home/runner/.m2/repository/io/prometheus/simpleclient_common/0.7.0/simpleclient_common-0.7.0.jar:/home/runner/.m2/repository/com/fasterxml/jackson/datatype/jackson-datatype-jsr310/2.12.1/jackson-datatype-jsr310-2.12.1.jar:/home/runner/.m2/repository/io/dropwizard/metrics/metrics-core/3.2.4/metrics-core-3.2.4.jar:/home/runner/.m2/repository/org/apache/hadoop/hadoop-hdfs-client/3.3.1/hadoop-hdfs-client-3.3.1.jar:/home/runner/.m2/repository/org/bouncycastle/bcprov-jdk15on/1.67/bcprov-jdk15on-1.67.jar:/home/runner/.m2/repository/com/google/protobuf/protobuf-java/2.5.0/protobuf-java-2.5.0.jar:/home/runner/.m2/repository/org/apache/ozone/ozone-manager/1.3.0-SNAPSHOT/ozone-manager-1.3.0-SNAPSHOT.jar:/home/runner/.m2/repository/org/aspectj/aspectjrt/1.9.7/aspectjrt-1.9.7.jar:/home/runner/.m2/repository/org/aspectj/aspectjweaver/1.9.7/aspectjweaver-1.9.7.jar:/home/runner/.m2/repository/org/apache/ozone/hdds-interface-client/1.3.0-SNAPSHOT/hdds-interface-client-1.3.0-SNAPSHOT.jar:/home/runner/.m2/repository/org/apache/hadoop/thirdparty/hadoop-shaded-protobuf_3_7/1.1.1/hadoop-shaded-protobuf_3_7-1.1.1.jar:/home/runner/.m2/repository/org/apache/ozone/ozone-interface-storage/1.3.0-SNAPSHOT/ozone-interface-storage-1.3.0-SNAPSHOT.jar:/home/runner/.m2/repository/org/reflections/reflections/0.9.11/reflections-0.9.11.jar:/home/runner/.m2/repository/org/apache/hadoop/hadoop-minikdc/3.3.1/hadoop-minikdc-3.3.1.jar:/home/runner/.m2/repository/org/apache/kerby/kerb-simplekdc/1.0.1/kerb-simplekdc-1.0.1.jar:/home/runner/.m2/repository/org/apache/kerby/kerb-client/1.0.1/kerb-client-1.0.1.jar:/home/runner/.m2/repository/org/apache/kerby/kerby-config/1.0.1/kerby-config-1.0.1.jar:/home/runner/.m2/repository/org/apache/kerby/kerb-common/1.0.1/kerb-common-1.0.1.jar:/home/runner/.m2/repository/org/apache/kerby/kerb-crypto/1.0.1/kerb-crypto-1.0.1.jar:/home/runner/.m2/repository/org/apache/kerby/kerb-util/1.0.1/kerb-util-1.0.1.jar:/home/runner/.m2/repository/org/apache/kerby/token-provider/1.0.1/token-provider-1.0.1.jar:/home/runner/.m2/repository/org/apache/kerby/kerb-admin/1.0.1/kerb-admin-1.0.1.jar:/home/runner/.m2/repository/org/apache/kerby/kerb-server/1.0.1/kerb-server-1.0.1.jar:/home/runner/.m2/repository/org/apache/kerby/kerb-identity/1.0.1/kerb-identity-1.0.1.jar:/home/runner/.m2/repository/org/apache/kerby/kerby-xdr/1.0.1/kerby-xdr-1.0.1.jar:/home/runner/.m2/repository/org/slf4j/slf4j-log4j12/1.7.30/slf4j-log4j12-1.7.30.jar:/home/runner/.m2/repository/org/apache/ozone/ozone-s3gateway/1.3.0-SNAPSHOT/ozone-s3gateway-1.3.0-SNAPSHOT.jar:/home/runner/.m2/repository/org/javassist/javassist/3.21.0-GA/javassist-3.21.0-GA.jar:/home/runner/.m2/repository/org/jboss/weld/servlet/weld-servlet/2.4.7.Final/weld-servlet-2.4.7.Final.jar:/home/runner/.m2/repository/org/glassfish/jersey/containers/jersey-container-servlet-core/2.33/jersey-container-servlet-core-2.33.jar:/home/runner/.m2/repository/org/glassfish/hk2/external/jakarta.inject/2.6.1/jakarta.inject-2.6.1.jar:/home/runner/.m2/repository/org/glassfish/jersey/core/jersey-common/2.33/jersey-common-2.33.jar:/home/runner/.m2/repository/jakarta/ws/rs/jakarta.ws.rs-api/2.1.6/jakarta.ws.rs-api-2.1.6.jar:/home/runner/.m2/repository/org/glassfish/jersey/ext/cdi/jersey-cdi1x/2.33/jersey-cdi1x-2.33.jar:/home/runner/.m2/repository/org/glassfish/jersey/inject/jersey-hk2/2.33/jersey-hk2-2.33.jar:/home/runner/.m2/repository/org/glassfish/hk2/hk2-locator/2.6.1/hk2-locator-2.6.1.jar:/home/runner/.m2/repository/org/glassfish/jersey/media/jersey-media-jaxb/2.33/jersey-media-jaxb-2.33.jar:/home/runner/.m2/repository/org/glassfish/hk2/osgi-resource-locator/1.0.3/osgi-resource-locator-1.0.3.jar:/home/runner/.m2/repository/org/glassfish/hk2/hk2-api/2.5.0/hk2-api-2.5.0.jar:/home/runner/.m2/repository/org/glassfish/hk2/hk2-utils/2.5.0/hk2-utils-2.5.0.jar:/home/runner/.m2/repository/org/glassfish/hk2/external/aopalliance-repackaged/2.5.0/aopalliance-repackaged-2.5.0.jar:/home/runner/.m2/repository/com/fasterxml/jackson/dataformat/jackson-dataformat-xml/2.12.1/jackson-dataformat-xml-2.12.1.jar:/home/runner/.m2/repository/com/fasterxml/jackson/core/jackson-core/2.12.1/jackson-core-2.12.1.jar:/home/runner/.m2/repository/com/fasterxml/jackson/module/jackson-module-jaxb-annotations/2.12.1/jackson-module-jaxb-annotations-2.12.1.jar:/home/runner/.m2/repository/jakarta/xml/bind/jakarta.xml.bind-api/2.3.2/jakarta.xml.bind-api-2.3.2.jar:/home/runner/.m2/repository/org/codehaus/woodstox/stax2-api/3.1.4/stax2-api-3.1.4.jar:/home/runner/.m2/repository/com/fasterxml/woodstox/woodstox-core/5.0.3/woodstox-core-5.0.3.jar:/home/runner/.m2/repository/javax/enterprise/cdi-api/1.2/cdi-api-1.2.jar:/home/runner/.m2/repository/javax/el/javax.el-api/3.0.0/javax.el-api-3.0.0.jar:/home/runner/.m2/repository/javax/interceptor/javax.interceptor-api/1.2/javax.interceptor-api-1.2.jar:/home/runner/.m2/repository/javax/inject/javax.inject/1/javax.inject-1.jar:/home/runner/.m2/repository/javax/xml/bind/jaxb-api/2.3.0/jaxb-api-2.3.0.jar:/home/runner/.m2/repository/org/glassfish/jaxb/jaxb-runtime/2.3.0.1/jaxb-runtime-2.3.0.1.jar:/home/runner/.m2/repository/org/glassfish/jaxb/jaxb-core/2.3.0.1/jaxb-core-2.3.0.1.jar:/home/runner/.m2/repository/org/glassfish/jaxb/txw2/2.3.0.1/txw2-2.3.0.1.jar:/home/runner/.m2/repository/com/sun/istack/istack-commons-runtime/3.0.5/istack-commons-runtime-3.0.5.jar:/home/runner/.m2/repository/org/jvnet/staxex/stax-ex/1.7.8/stax-ex-1.7.8.jar:/home/runner/.m2/repository/com/sun/xml/fastinfoset/FastInfoset/1.2.13/FastInfoset-1.2.13.jar:/home/runner/.m2/repository/javax/activation/activation/1.1.1/activation-1.1.1.jar:/home/runner/.m2/repository/org/apache/ozone/ozone-csi/1.3.0-SNAPSHOT/ozone-csi-1.3.0-SNAPSHOT.jar:/home/runner/.m2/repository/com/google/protobuf/protobuf-java-util/3.12.0/protobuf-java-util-3.12.0.jar:/home/runner/.m2/repository/com/google/code/gson/gson/2.2.4/gson-2.2.4.jar:/home/runner/.m2/repository/org/apache/ozone/hdds-config/1.3.0-SNAPSHOT/hdds-config-1.3.0-SNAPSHOT.jar:/home/runner/.m2/repository/io/grpc/grpc-netty/1.33.0/grpc-netty-1.33.0.jar:/home/runner/.m2/repository/io/grpc/grpc-core/1.33.0/grpc-core-1.33.0.jar:/home/runner/.m2/repository/com/google/android/annotations/4.1.1.4/annotations-4.1.1.4.jar:/home/runner/.m2/repository/io/netty/netty-codec-http2/4.1.63.Final/netty-codec-http2-4.1.63.Final.jar:/home/runner/.m2/repository/io/netty/netty-codec-http/4.1.63.Final/netty-codec-http-4.1.63.Final.jar:/home/runner/.m2/repository/io/netty/netty-handler-proxy/4.1.63.Final/netty-handler-proxy-4.1.63.Final.jar:/home/runner/.m2/repository/io/netty/netty-codec-socks/4.1.63.Final/netty-codec-socks-4.1.63.Final.jar:/home/runner/.m2/repository/io/perfmark/perfmark-api/0.19.0/perfmark-api-0.19.0.jar:/home/runner/.m2/repository/org/codehaus/mojo/animal-sniffer-annotations/1.18/animal-sniffer-annotations-1.18.jar:/home/runner/.m2/repository/io/netty/netty-transport-native-epoll/4.1.63.Final/netty-transport-native-epoll-4.1.63.Final.jar:/home/runner/.m2/repository/io/netty/netty-common/4.1.63.Final/netty-common-4.1.63.Final.jar:/home/runner/.m2/repository/io/netty/netty-buffer/4.1.63.Final/netty-buffer-4.1.63.Final.jar:/home/runner/.m2/repository/io/netty/netty-transport-native-unix-common/4.1.63.Final/netty-transport-native-unix-common-4.1.63.Final.jar:/home/runner/.m2/repository/io/grpc/grpc-protobuf/1.33.0/grpc-protobuf-1.33.0.jar:/home/runner/.m2/repository/io/grpc/grpc-api/1.33.0/grpc-api-1.33.0.jar:/home/runner/.m2/repository/io/grpc/grpc-context/1.33.0/grpc-context-1.33.0.jar:/home/runner/.m2/repository/com/google/api/grpc/proto-google-common-protos/1.17.0/proto-google-common-protos-1.17.0.jar:/home/runner/.m2/repository/io/grpc/grpc-protobuf-lite/1.33.0/grpc-protobuf-lite-1.33.0.jar:/home/runner/.m2/repository/io/grpc/grpc-stub/1.33.0/grpc-stub-1.33.0.jar:/home/runner/.m2/repository/org/apache/ozone/ozone-recon/1.3.0-SNAPSHOT/ozone-recon-1.3.0-SNAPSHOT.jar:/home/runner/.m2/repository/org/apache/ozone/ozone-reconcodegen/1.3.0-SNAPSHOT/ozone-reconcodegen-1.3.0-SNAPSHOT.jar:/home/runner/.m2/repository/com/google/inject/extensions/guice-multibindings/4.0/guice-multibindings-4.0.jar:/home/runner/.m2/repository/com/google/inject/guice/4.0/guice-4.0.jar:/home/runner/.m2/repository/aopalliance/aopalliance/1.0/aopalliance-1.0.jar:/home/runner/.m2/repository/com/google/inject/extensions/guice-assistedinject/4.0/guice-assistedinject-4.0.jar:/home/runner/.m2/repository/com/google/inject/extensions/guice-servlet/4.0/guice-servlet-4.0.jar:/home/runner/.m2/repository/org/glassfish/jersey/containers/jersey-container-servlet/2.33/jersey-container-servlet-2.33.jar:/home/runner/.m2/repository/org/glassfish/hk2/guice-bridge/2.5.0/guice-bridge-2.5.0.jar:/home/runner/.m2/repository/org/glassfish/jersey/core/jersey-server/2.33/jersey-server-2.33.jar:/home/runner/.m2/repository/org/glassfish/jersey/core/jersey-client/2.33/jersey-client-2.33.jar:/home/runner/.m2/repository/jakarta/annotation/jakarta.annotation-api/1.3.5/jakarta.annotation-api-1.3.5.jar:/home/runner/.m2/repository/jakarta/validation/jakarta.validation-api/2.0.2/jakarta.validation-api-2.0.2.jar:/home/runner/.m2/repository/org/glassfish/jersey/media/jersey-media-json-jackson/2.33/jersey-media-json-jackson-2.33.jar:/home/runner/.m2/repository/org/glassfish/jersey/ext/jersey-entity-filtering/2.33/jersey-entity-filtering-2.33.jar:/home/runner/.m2/repository/org/jooq/jooq/3.11.10/jooq-3.11.10.jar:/home/runner/.m2/repository/org/jooq/jooq-meta/3.11.10/jooq-meta-3.11.10.jar:/home/runner/.m2/repository/org/jooq/jooq-codegen/3.11.10/jooq-codegen-3.11.10.jar:/home/runner/.m2/repository/com/jolbox/bonecp/0.8.0.RELEASE/bonecp-0.8.0.RELEASE.jar:/home/runner/.m2/repository/org/apache/derby/derby/10.14.2.0/derby-10.14.2.0.jar:/home/runner/.m2/repository/org/xerial/sqlite-jdbc/3.25.2/sqlite-jdbc-3.25.2.jar:/home/runner/.m2/repository/org/springframework/spring-jdbc/5.2.18.RELEASE/spring-jdbc-5.2.18.RELEASE.jar:/home/runner/.m2/repository/org/springframework/spring-beans/5.2.18.RELEASE/spring-beans-5.2.18.RELEASE.jar:/home/runner/.m2/repository/org/springframework/spring-core/5.2.18.RELEASE/spring-core-5.2.18.RELEASE.jar:/home/runner/.m2/repository/org/springframework/spring-jcl/5.2.18.RELEASE/spring-jcl-5.2.18.RELEASE.jar:/home/runner/.m2/repository/org/springframework/spring-tx/5.2.18.RELEASE/spring-tx-5.2.18.RELEASE.jar:/home/runner/.m2/repository/org/apache/ozone/ozone-client/1.3.0-SNAPSHOT/ozone-client-1.3.0-SNAPSHOT.jar:/home/runner/.m2/repository/org/apache/ozone/ozone-filesystem/1.3.0-SNAPSHOT/ozone-filesystem-1.3.0-SNAPSHOT.jar:/home/runner/.m2/repository/org/apache/ozone/ozone-filesystem-common/1.3.0-SNAPSHOT/ozone-filesystem-common-1.3.0-SNAPSHOT.jar:/home/runner/.m2/repository/org/apache/ozone/ozone-tools/1.3.0-SNAPSHOT/ozone-tools-1.3.0-SNAPSHOT.jar:/home/runner/.m2/repository/org/apache/ratis/ratis-tools/2.2.0/ratis-tools-2.2.0.jar:/home/runner/.m2/repository/com/amazonaws/aws-java-sdk-core/1.11.1034/aws-java-sdk-core-1.11.1034.jar:/home/runner/.m2/repository/org/apache/httpcomponents/httpclient/4.5.13/httpclient-4.5.13.jar:/home/runner/.m2/repository/org/apache/httpcomponents/httpcore/4.4.13/httpcore-4.4.13.jar:/home/runner/.m2/repository/software/amazon/ion/ion-java/1.0.2/ion-java-1.0.2.jar:/home/runner/.m2/repository/com/fasterxml/jackson/dataformat/jackson-dataformat-cbor/2.12.1/jackson-dataformat-cbor-2.12.1.jar:/home/runner/.m2/repository/joda-time/joda-time/2.8.1/joda-time-2.8.1.jar:/home/runner/.m2/repository/com/amazonaws/aws-java-sdk-s3/1.11.1034/aws-java-sdk-s3-1.11.1034.jar:/home/runner/.m2/repository/com/amazonaws/aws-java-sdk-kms/1.11.1034/aws-java-sdk-kms-1.11.1034.jar:/home/runner/.m2/repository/com/amazonaws/jmespath-java/1.11.1034/jmespath-java-1.11.1034.jar:/home/runner/.m2/repository/org/kohsuke/metainf-services/metainf-services/1.8/metainf-services-1.8.jar:/home/runner/.m2/repository/org/apache/ozone/hdds-tools/1.3.0-SNAPSHOT/hdds-tools-1.3.0-SNAPSHOT.jar:/home/runner/.m2/repository/commons-cli/commons-cli/1.2/commons-cli-1.2.jar:/home/runner/.m2/repository/org/apache/commons/commons-lang3/3.7/commons-lang3-3.7.jar:/home/runner/.m2/repository/org/apache/ozone/ozone-manager/1.3.0-SNAPSHOT/ozone-manager-1.3.0-SNAPSHOT-tests.jar:/home/runner/.m2/repository/org/apache/ozone/hdds-common/1.3.0-SNAPSHOT/hdds-common-1.3.0-SNAPSHOT-tests.jar:/home/runner/.m2/repository/org/apache/ozone/hdds-hadoop-dependency-client/1.3.0-SNAPSHOT/hdds-hadoop-dependency-client-1.3.0-SNAPSHOT.jar:/home/runner/.m2/repository/info/picocli/picocli/4.6.1/picocli-4.6.1.jar:/home/runner/.m2/repository/com/fasterxml/jackson/core/jackson-annotations/2.12.1/jackson-annotations-2.12.1.jar:/home/runner/.m2/repository/javax/annotation/javax.annotation-api/1.2/javax.annotation-api-1.2.jar:/home/runner/.m2/repository/org/apache/ratis/ratis-server/2.2.0/ratis-server-2.2.0.jar:/home/runner/.m2/repository/org/apache/ratis/ratis-client/2.2.0/ratis-client-2.2.0.jar:/home/runner/.m2/repository/org/apache/ratis/ratis-server-api/2.2.0/ratis-server-api-2.2.0.jar:/home/runner/.m2/repository/org/apache/ratis/ratis-metrics/2.2.0/ratis-metrics-2.2.0.jar:/home/runner/.m2/repository/org/apache/ratis/ratis-netty/2.2.0/ratis-netty-2.2.0.jar:/home/runner/.m2/repository/org/apache/ratis/ratis-grpc/2.2.0/ratis-grpc-2.2.0.jar:/home/runner/.m2/repository/org/apache/logging/log4j/log4j-api/2.13.3/log4j-api-2.13.3.jar:/home/runner/.m2/repository/org/apache/logging/log4j/log4j-core/2.13.3/log4j-core-2.13.3.jar:/home/runner/.m2/repository/com/lmax/disruptor/3.4.2/disruptor-3.4.2.jar:/home/runner/.m2/repository/org/apache/commons/commons-pool2/2.6.0/commons-pool2-2.6.0.jar:/home/runner/.m2/repository/org/bouncycastle/bcpkix-jdk15on/1.67/bcpkix-jdk15on-1.67.jar:/home/runner/.m2/repository/commons-validator/commons-validator/1.6/commons-validator-1.6.jar:/home/runner/.m2/repository/commons-beanutils/commons-beanutils/1.9.4/commons-beanutils-1.9.4.jar:/home/runner/.m2/repository/commons-digester/commons-digester/1.8.1/commons-digester-1.8.1.jar:/home/runner/.m2/repository/commons-collections/commons-collections/3.2.2/commons-collections-3.2.2.jar:/home/runner/.m2/repository/io/jaegertracing/jaeger-client/1.6.0/jaeger-client-1.6.0.jar:/home/runner/.m2/repository/io/jaegertracing/jaeger-thrift/1.6.0/jaeger-thrift-1.6.0.jar:/home/runner/.m2/repository/org/apache/thrift/libthrift/0.14.1/libthrift-0.14.1.jar:/home/runner/.m2/repository/com/squareup/okhttp3/okhttp/4.9.0/okhttp-4.9.0.jar:/home/runner/.m2/repository/com/squareup/okio/okio/2.8.0/okio-2.8.0.jar:/home/runner/.m2/repository/io/jaegertracing/jaeger-core/1.6.0/jaeger-core-1.6.0.jar:/home/runner/.m2/repository/io/jaegertracing/jaeger-tracerresolver/1.6.0/jaeger-tracerresolver-1.6.0.jar:/home/runner/.m2/repository/io/opentracing/contrib/opentracing-tracerresolver/0.1.8/opentracing-tracerresolver-0.1.8.jar:/home/runner/.m2/repository/org/jetbrains/kotlin/kotlin-stdlib/1.4.31/kotlin-stdlib-1.4.31.jar:/home/runner/.m2/repository/org/jetbrains/kotlin/kotlin-stdlib-common/1.4.31/kotlin-stdlib-common-1.4.31.jar:/home/runner/.m2/repository/org/jetbrains/annotations/13.0/annotations-13.0.jar:/home/runner/.m2/repository/io/opentracing/opentracing-util/0.33.0/opentracing-util-0.33.0.jar:/home/runner/.m2/repository/io/opentracing/opentracing-api/0.33.0/opentracing-api-0.33.0.jar:/home/runner/.m2/repository/io/opentracing/opentracing-noop/0.33.0/opentracing-noop-0.33.0.jar:/home/runner/.m2/repository/org/yaml/snakeyaml/1.26/snakeyaml-1.26.jar:/home/runner/.m2/repository/org/apache/ozone/hdds-interface-admin/1.3.0-SNAPSHOT/hdds-interface-admin-1.3.0-SNAPSHOT.jar:/home/runner/.m2/repository/junit/junit/4.13.1/junit-4.13.1.jar:/home/runner/.m2/repository/org/hamcrest/hamcrest-core/1.3/hamcrest-core-1.3.jar:/home/runner/.m2/repository/org/junit/jupiter/junit-jupiter-api/5.7.0/junit-jupiter-api-5.7.0.jar:/home/runner/.m2/repository/org/apiguardian/apiguardian-api/1.1.0/apiguardian-api-1.1.0.jar:/home/runner/.m2/repository/org/opentest4j/opentest4j/1.2.0/opentest4j-1.2.0.jar:/home/runner/.m2/repository/org/junit/platform/junit-platform-commons/1.7.0/junit-platform-commons-1.7.0.jar:/home/runner/.m2/repository/org/junit/jupiter/junit-jupiter-engine/5.7.0/junit-jupiter-engine-5.7.0.jar:/home/runner/.m2/repository/org/junit/platform/junit-platform-engine/1.7.0/junit-platform-engine-1.7.0.jar:/home/runner/.m2/repository/org/junit/vintage/junit-vintage-engine/5.7.0/junit-vintage-engine-5.7.0.jar:/home/runner/.m2/repository/org/junit/platform/junit-platform-launcher/1.7.0/junit-platform-launcher-1.7.0.jar:/home/runner/.m2/repository/org/openjdk/jmh/jmh-core/1.19/jmh-core-1.19.jar:/home/runner/.m2/repository/net/sf/jopt-simple/jopt-simple/4.6/jopt-simple-4.6.jar:/home/runner/.m2/repository/org/apache/commons/commons-math3/3.1.1/commons-math3-3.1.1.jar:/home/runner/.m2/repository/org/openjdk/jmh/jmh-generator-annprocess/1.19/jmh-generator-annprocess-1.19.jar:/home/runner/.m2/repository/org/mockito/mockito-core/2.28.2/mockito-core-2.28.2.jar:/home/runner/.m2/repository/net/bytebuddy/byte-buddy/1.9.10/byte-buddy-1.9.10.jar:/home/runner/.m2/repository/net/bytebuddy/byte-buddy-agent/1.9.10/byte-buddy-agent-1.9.10.jar:/home/runner/.m2/repository/org/objenesis/objenesis/1.0/objenesis-1.0.jar:/home/runner/.m2/repository/org/apache/hadoop/hadoop-kms/3.3.1/hadoop-kms-3.3.1.jar:/home/runner/.m2/repository/org/apache/hadoop/hadoop-auth/3.3.1/hadoop-auth-3.3.1.jar:/home/runner/.m2/repository/com/nimbusds/nimbus-jose-jwt/7.9/nimbus-jose-jwt-7.9.jar:/home/runner/.m2/repository/com/github/stephenc/jcip/jcip-annotations/1.0-1/jcip-annotations-1.0-1.jar:/home/runner/.m2/repository/net/minidev/json-smart/2.3.1/json-smart-2.3.1.jar:/home/runner/.m2/repository/net/minidev/accessors-smart/2.3.1/accessors-smart-2.3.1.jar:/home/runner/.m2/repository/org/ow2/asm/asm/5.0.4/asm-5.0.4.jar:/home/runner/.m2/repository/org/apache/zookeeper/zookeeper/3.5.6/zookeeper-3.5.6.jar:/home/runner/.m2/repository/org/apache/zookeeper/zookeeper-jute/3.5.6/zookeeper-jute-3.5.6.jar:/home/runner/.m2/repository/org/apache/yetus/audience-annotations/0.5.0/audience-annotations-0.5.0.jar:/home/runner/.m2/repository/org/apache/curator/curator-framework/4.2.0/curator-framework-4.2.0.jar:/home/runner/.m2/repository/org/apache/hadoop/thirdparty/hadoop-shaded-guava/1.1.1/hadoop-shaded-guava-1.1.1.jar:/home/runner/.m2/repository/com/sun/jersey/jersey-core/1.19/jersey-core-1.19.jar:/home/runner/.m2/repository/javax/ws/rs/jsr311-api/1.1.1/jsr311-api-1.1.1.jar:/home/runner/.m2/repository/com/sun/jersey/jersey-server/1.19/jersey-server-1.19.jar:/home/runner/.m2/repository/javax/servlet/javax.servlet-api/3.1.0/javax.servlet-api-3.1.0.jar:/home/runner/.m2/repository/org/eclipse/jetty/jetty-server/9.4.43.v20210629/jetty-server-9.4.43.v20210629.jar:/home/runner/.m2/repository/org/eclipse/jetty/jetty-http/9.4.43.v20210629/jetty-http-9.4.43.v20210629.jar:/home/runner/.m2/repository/org/eclipse/jetty/jetty-io/9.4.43.v20210629/jetty-io-9.4.43.v20210629.jar:/home/runner/.m2/repository/org/eclipse/jetty/jetty-webapp/9.4.43.v20210629/jetty-webapp-9.4.43.v20210629.jar:/home/runner/.m2/repository/org/eclipse/jetty/jetty-xml/9.4.43.v20210629/jetty-xml-9.4.43.v20210629.jar:/home/runner/.m2/repository/org/apache/hadoop/hadoop-common/3.3.1/hadoop-common-3.3.1.jar:/home/runner/.m2/repository/commons-net/commons-net/3.6/commons-net-3.6.jar:/home/runner/.m2/repository/jakarta/activation/jakarta.activation-api/1.2.1/jakarta.activation-api-1.2.1.jar:/home/runner/.m2/repository/com/sun/jersey/jersey-servlet/1.19/jersey-servlet-1.19.jar:/home/runner/.m2/repository/com/sun/jersey/jersey-json/1.19/jersey-json-1.19.jar:/home/runner/.m2/repository/org/codehaus/jettison/jettison/1.1/jettison-1.1.jar:/home/runner/.m2/repository/com/sun/xml/bind/jaxb-impl/2.2.3-1/jaxb-impl-2.2.3-1.jar:/home/runner/.m2/repository/org/codehaus/jackson/jackson-jaxrs/1.9.2/jackson-jaxrs-1.9.2.jar:/home/runner/.m2/repository/org/codehaus/jackson/jackson-xc/1.9.2/jackson-xc-1.9.2.jar:/home/runner/.m2/repository/org/apache/commons/commons-configuration2/2.1.1/commons-configuration2-2.1.1.jar:/home/runner/.m2/repository/org/apache/commons/commons-text/1.4/commons-text-1.4.jar:/home/runner/.m2/repository/com/google/re2j/re2j/1.1/re2j-1.1.jar:/home/runner/.m2/repository/com/jcraft/jsch/0.1.54/jsch-0.1.54.jar:/home/runner/.m2/repository/org/apache/curator/curator-client/4.2.0/curator-client-4.2.0.jar:/home/runner/.m2/repository/org/apache/curator/curator-recipes/4.2.0/curator-recipes-4.2.0.jar:/home/runner/.m2/repository/org/apache/kerby/kerb-core/1.0.1/kerb-core-1.0.1.jar:/home/runner/.m2/repository/org/apache/kerby/kerby-pkix/1.0.1/kerby-pkix-1.0.1.jar:/home/runner/.m2/repository/org/apache/kerby/kerby-asn1/1.0.1/kerby-asn1-1.0.1.jar:/home/runner/.m2/repository/org/apache/kerby/kerby-util/1.0.1/kerby-util-1.0.1.jar:/home/runner/.m2/repository/dnsjava/dnsjava/2.1.7/dnsjava-2.1.7.jar:/home/runner/.m2/repository/org/xerial/snappy/snappy-java/1.1.8.2/snappy-java-1.1.8.2.jar:/home/runner/.m2/repository/org/slf4j/jul-to-slf4j/1.7.30/jul-to-slf4j-1.7.30.jar:/home/runner/.m2/repository/org/eclipse/jetty/jetty-util/9.4.43.v20210629/jetty-util-9.4.43.v20210629.jar:/home/runner/.m2/repository/com/fasterxml/jackson/core/jackson-databind/2.12.1/jackson-databind-2.12.1.jar:/home/runner/.m2/repository/org/apache/hadoop/hadoop-kms/3.3.1/hadoop-kms-3.3.1-tests.jar:/home/runner/.m2/repository/org/apache/ozone/hdds-server-scm/1.3.0-SNAPSHOT/hdds-server-scm-1.3.0-SNAPSHOT-tests.jar:/home/runner/.m2/repository/org/apache/ozone/hdds-container-service/1.3.0-SNAPSHOT/hdds-container-service-1.3.0-SNAPSHOT-tests.jar:/home/runner/.m2/repository/commons-codec/commons-codec/1.11/commons-codec-1.11.jar:/home/runner/.m2/repository/io/netty/netty-transport/4.1.63.Final/netty-transport-4.1.63.Final.jar:/home/runner/.m2/repository/io/netty/netty-resolver/4.1.63.Final/netty-resolver-4.1.63.Final.jar:/home/runner/.m2/repository/io/netty/netty-codec/4.1.63.Final/netty-codec-4.1.63.Final.jar:/home/runner/.m2/repository/io/netty/netty-handler/4.1.63.Final/netty-handler-4.1.63.Final.jar:/home/runner/.m2/repository/org/apache/ozone/hdds-hadoop-dependency-test/1.3.0-SNAPSHOT/hdds-hadoop-dependency-test-1.3.0-SNAPSHOT.jar:/home/runner/.m2/repository/org/apache/hadoop/hadoop-common/3.3.1/hadoop-common-3.3.1-tests.jar:/home/runner/.m2/repository/org/assertj/assertj-core/3.12.2/assertj-core-3.12.2.jar:/home/runner/.m2/repository/org/apache/hadoop/hadoop-hdfs/3.3.1/hadoop-hdfs-3.3.1-tests.jar:/home/runner/.m2/repository/org/eclipse/jetty/jetty-util-ajax/9.4.43.v20210629/jetty-util-ajax-9.4.43.v20210629.jar:/home/runner/.m2/repository/commons-daemon/commons-daemon/1.0.13/commons-daemon-1.0.13.jar:/home/runner/.m2/repository/io/netty/netty/3.10.6.Final/netty-3.10.6.Final.jar:/home/runner/.m2/repository/io/netty/netty-all/4.1.63.Final/netty-all-4.1.63.Final.jar:/home/runner/.m2/repository/org/apache/htrace/htrace-core4/4.1.0-incubating/htrace-core4-4.1.0-incubating.jar:/home/runner/.m2/repository/org/fusesource/leveldbjni/leveldbjni-all/1.8/leveldbjni-all-1.8.jar:/home/runner/.m2/repository/org/apache/hadoop/hadoop-distcp/3.3.1/hadoop-distcp-3.3.1.jar:/home/runner/.m2/repository/org/apache/hadoop/hadoop-mapreduce-client-jobclient/3.3.1/hadoop-mapreduce-client-jobclient-3.3.1.jar:/home/runner/.m2/repository/org/apache/hadoop/hadoop-mapreduce-client-common/3.3.1/hadoop-mapreduce-client-common-3.3.1.jar:/home/runner/.m2/repository/org/apache/hadoop/hadoop-yarn-common/3.3.1/hadoop-yarn-common-3.3.1.jar:/home/runner/.m2/repository/org/apache/hadoop/hadoop-yarn-api/3.3.1/hadoop-yarn-api-3.3.1.jar:/home/runner/.m2/repository/com/sun/jersey/jersey-client/1.19/jersey-client-1.19.jar:/home/runner/.m2/repository/com/sun/jersey/contribs/jersey-guice/1.19/jersey-guice-1.19.jar:/home/runner/.m2/repository/com/fasterxml/jackson/jaxrs/jackson-jaxrs-json-provider/2.12.1/jackson-jaxrs-json-provider-2.12.1.jar:/home/runner/.m2/repository/com/fasterxml/jackson/jaxrs/jackson-jaxrs-base/2.12.1/jackson-jaxrs-base-2.12.1.jar:/home/runner/.m2/repository/org/apache/hadoop/hadoop-yarn-client/3.3.1/hadoop-yarn-client-3.3.1.jar:/home/runner/.m2/repository/org/eclipse/jetty/websocket/websocket-client/9.4.40.v20210413/websocket-client-9.4.40.v20210413.jar:/home/runner/.m2/repository/org/eclipse/jetty/jetty-client/9.4.40.v20210413/jetty-client-9.4.40.v20210413.jar:/home/runner/.m2/repository/org/eclipse/jetty/websocket/websocket-common/9.4.40.v20210413/websocket-common-9.4.40.v20210413.jar:/home/runner/.m2/repository/org/eclipse/jetty/websocket/websocket-api/9.4.40.v20210413/websocket-api-9.4.40.v20210413.jar:/home/runner/.m2/repository/org/jline/jline/3.9.0/jline-3.9.0.jar:/home/runner/.m2/repository/org/apache/hadoop/hadoop-mapreduce-client-core/3.3.1/hadoop-mapreduce-client-core-3.3.1.jar:/home/runner/.m2/repository/org/apache/avro/avro/1.7.7/avro-1.7.7.jar:/home/runner/.m2/repository/org/codehaus/jackson/jackson-core-asl/1.9.13/jackson-core-asl-1.9.13.jar:/home/runner/.m2/repository/org/codehaus/jackson/jackson-mapper-asl/1.9.13/jackson-mapper-asl-1.9.13.jar:/home/runner/.m2/repository/com/thoughtworks/paranamer/paranamer/2.3/paranamer-2.3.jar:/home/runner/.m2/repository/org/apache/hadoop/hadoop-annotations/3.3.1/hadoop-annotations-3.3.1.jar:/usr/lib/jvm/adoptopenjdk-8-hotspot-amd64/jre/../lib/tools.jar:/home/runner/.m2/repository/org/apache/hadoop/hadoop-distcp/3.3.1/hadoop-distcp-3.3.1-tests.jar:/home/runner/.m2/repository/org/apache/ratis/ratis-common/2.2.0/ratis-common-2.2.0.jar:/home/runner/.m2/repository/org/apache/ratis/ratis-thirdparty-misc/0.7.0/ratis-thirdparty-misc-0.7.0.jar:/home/runner/.m2/repository/org/apache/ratis/ratis-proto/2.2.0/ratis-proto-2.2.0.jar:"/>
    <property name="sun.cpu.endian" value="little"/>
    <property name="user.home" value="/home/runner"/>
    <property name="user.language" value="en"/>
    <property name="java.specification.vendor" value="Oracle Corporation"/>
    <property name="java.home" value="/usr/lib/jvm/adoptopenjdk-8-hotspot-amd64/jre"/>
    <property name="java.security.krb5.conf" value="/home/runner/work/ozone/ozone/hadoop-ozone/integration-test/target/test-classes/krb5.conf"/>
    <property name="basedir" value="/home/runner/work/ozone/ozone/hadoop-ozone/integration-test"/>
    <property name="file.separator" value="/"/>
    <property name="line.separator" value="&#10;"/>
    <property name="java.vm.specification.vendor" value="Oracle Corporation"/>
    <property name="java.specification.name" value="Java Platform API Specification"/>
    <property name="java.awt.graphicsenv" value="sun.awt.X11GraphicsEnvironment"/>
    <property name="skip.installnpx" value="true"/>
    <property name="surefire.real.class.path" value="/home/runner/work/ozone/ozone/hadoop-ozone/integration-test/target/surefire/surefirebooter3221566106590190276.jar:/home/runner/.m2/repository/org/jacoco/org.jacoco.agent/0.8.5/org.jacoco.agent-0.8.5-runtime.jar"/>
    <property name="hadoop.log.dir" value="/home/runner/work/ozone/ozone/hadoop-ozone/integration-test/target/log"/>
    <property name="sun.boot.class.path" value="/usr/lib/jvm/adoptopenjdk-8-hotspot-amd64/jre/lib/resources.jar:/usr/lib/jvm/adoptopenjdk-8-hotspot-amd64/jre/lib/rt.jar:/usr/lib/jvm/adoptopenjdk-8-hotspot-amd64/jre/lib/sunrsasign.jar:/usr/lib/jvm/adoptopenjdk-8-hotspot-amd64/jre/lib/jsse.jar:/usr/lib/jvm/adoptopenjdk-8-hotspot-amd64/jre/lib/jce.jar:/usr/lib/jvm/adoptopenjdk-8-hotspot-amd64/jre/lib/charsets.jar:/usr/lib/jvm/adoptopenjdk-8-hotspot-amd64/jre/lib/jfr.jar:/usr/lib/jvm/adoptopenjdk-8-hotspot-amd64/jre/classes"/>
    <property name="sun.management.compiler" value="HotSpot 64-Bit Tiered Compilers"/>
    <property name="skip.npx" value="true"/>
    <property name="java.runtime.version" value="1.8.0_292-b10"/>
    <property name="java.net.preferIPv4Stack" value="true"/>
    <property name="user.name" value="runner"/>
    <property name="path.separator" value=":"/>
    <property name="java.security.egd" value="file:///dev/urandom"/>
    <property name="os.version" value="5.4.0-1063-azure"/>
    <property name="java.endorsed.dirs" value="/usr/lib/jvm/adoptopenjdk-8-hotspot-amd64/jre/lib/endorsed"/>
    <property name="java.runtime.name" value="OpenJDK Runtime Environment"/>
    <property name="file.encoding" value="UTF-8"/>
    <property name="java.vm.name" value="OpenJDK 64-Bit Server VM"/>
    <property name="test.build.webapps" value=""/>
    <property name="localRepository" value="/home/runner/.m2/repository"/>
    <property name="java.vendor.url.bug" value="https://github.com/AdoptOpenJDK/openjdk-support/issues"/>
    <property name="java.io.tmpdir" value="/tmp"/>
    <property name="require.test.libhadoop" value=""/>
    <property name="java.version" value="1.8.0_292"/>
    <property name="user.dir" value="/home/runner/work/ozone/ozone/hadoop-ozone/integration-test"/>
    <property name="os.arch" value="amd64"/>
    <property name="java.vm.specification.name" value="Java Virtual Machine Specification"/>
    <property name="test.build.classes" value="/home/runner/work/ozone/ozone/hadoop-ozone/integration-test/target/test-classes"/>
    <property name="java.awt.printerjob" value="sun.print.PSPrinterJob"/>
    <property name="sun.os.patch.level" value="unknown"/>
    <property name="hadoop.tmp.dir" value="/home/runner/work/ozone/ozone/hadoop-ozone/integration-test/target/tmp"/>
    <property name="java.library.path" value="/usr/java/packages/lib/amd64:/usr/lib64:/lib64:/lib:/usr/lib"/>
    <property name="java.vm.info" value="mixed mode"/>
    <property name="java.vendor" value="AdoptOpenJDK"/>
    <property name="java.vm.version" value="25.292-b10"/>
    <property name="java.ext.dirs" value="/usr/lib/jvm/adoptopenjdk-8-hotspot-amd64/jre/lib/ext:/usr/java/packages/lib/ext"/>
    <property name="sun.io.unicode.encoding" value="UnicodeLittle"/>
    <property name="java.class.version" value="52.0"/>
  </properties>
  <testcase name="testInstallSnapshot" classname="org.apache.hadoop.ozone.scm.TestSCMInstallSnapshotWithHA" time="69.711"/>
  <testcase name="testInstallOldCheckpointFailure" classname="org.apache.hadoop.ozone.scm.TestSCMInstallSnapshotWithHA" time="55.843">
    <failure message="expected:&lt;(t:2, i:128)&gt; but was:&lt;(t:2, i:28)&gt;" type="java.lang.AssertionError"><![CDATA[java.lang.AssertionError: expected:<(t:2, i:128)> but was:<(t:2, i:28)>
	at org.junit.Assert.fail(Assert.java:89)
	at org.junit.Assert.failNotEquals(Assert.java:835)
	at org.junit.Assert.assertEquals(Assert.java:120)
	at org.junit.Assert.assertEquals(Assert.java:146)
	at org.apache.hadoop.ozone.scm.TestSCMInstallSnapshotWithHA.testInstallOldCheckpointFailure(TestSCMInstallSnapshotWithHA.java:207)
	at sun.reflect.NativeMethodAccessorImpl.invoke0(Native Method)
	at sun.reflect.NativeMethodAccessorImpl.invoke(NativeMethodAccessorImpl.java:62)
	at sun.reflect.DelegatingMethodAccessorImpl.invoke(DelegatingMethodAccessorImpl.java:43)
	at java.lang.reflect.Method.invoke(Method.java:498)
	at org.junit.platform.commons.util.ReflectionUtils.invokeMethod(ReflectionUtils.java:688)
	at org.junit.jupiter.engine.execution.MethodInvocation.proceed(MethodInvocation.java:60)
	at org.junit.jupiter.engine.execution.InvocationInterceptorChain$ValidatingInvocation.proceed(InvocationInterceptorChain.java:131)
	at org.junit.jupiter.engine.extension.TimeoutInvocation.proceed(TimeoutInvocation.java:46)
	at org.junit.jupiter.engine.extension.TimeoutExtension.intercept(TimeoutExtension.java:149)
	at org.junit.jupiter.engine.extension.TimeoutExtension.interceptTestableMethod(TimeoutExtension.java:140)
	at org.junit.jupiter.engine.extension.TimeoutExtension.interceptTestMethod(TimeoutExtension.java:84)
	at org.junit.jupiter.engine.execution.ExecutableInvoker$ReflectiveInterceptorCall.lambda$ofVoidMethod$0(ExecutableInvoker.java:115)
	at org.junit.jupiter.engine.execution.ExecutableInvoker.lambda$invoke$0(ExecutableInvoker.java:105)
	at org.junit.jupiter.engine.execution.InvocationInterceptorChain$InterceptedInvocation.proceed(InvocationInterceptorChain.java:106)
	at org.junit.jupiter.engine.execution.InvocationInterceptorChain.proceed(InvocationInterceptorChain.java:64)
	at org.junit.jupiter.engine.execution.InvocationInterceptorChain.chainAndInvoke(InvocationInterceptorChain.java:45)
	at org.junit.jupiter.engine.execution.InvocationInterceptorChain.invoke(InvocationInterceptorChain.java:37)
	at org.junit.jupiter.engine.execution.ExecutableInvoker.invoke(ExecutableInvoker.java:104)
	at org.junit.jupiter.engine.execution.ExecutableInvoker.invoke(ExecutableInvoker.java:98)
	at org.junit.jupiter.engine.descriptor.TestMethodTestDescriptor.lambda$invokeTestMethod$6(TestMethodTestDescriptor.java:210)
	at org.junit.platform.engine.support.hierarchical.ThrowableCollector.execute(ThrowableCollector.java:73)
	at org.junit.jupiter.engine.descriptor.TestMethodTestDescriptor.invokeTestMethod(TestMethodTestDescriptor.java:206)
	at org.junit.jupiter.engine.descriptor.TestMethodTestDescriptor.execute(TestMethodTestDescriptor.java:131)
	at org.junit.jupiter.engine.descriptor.TestMethodTestDescriptor.execute(TestMethodTestDescriptor.java:65)
	at org.junit.platform.engine.support.hierarchical.NodeTestTask.lambda$executeRecursively$5(NodeTestTask.java:139)
	at org.junit.platform.engine.support.hierarchical.ThrowableCollector.execute(ThrowableCollector.java:73)
	at org.junit.platform.engine.support.hierarchical.NodeTestTask.lambda$executeRecursively$7(NodeTestTask.java:129)
	at org.junit.platform.engine.support.hierarchical.Node.around(Node.java:137)
	at org.junit.platform.engine.support.hierarchical.NodeTestTask.lambda$executeRecursively$8(NodeTestTask.java:127)
	at org.junit.platform.engine.support.hierarchical.ThrowableCollector.execute(ThrowableCollector.java:73)
	at org.junit.platform.engine.support.hierarchical.NodeTestTask.executeRecursively(NodeTestTask.java:126)
	at org.junit.platform.engine.support.hierarchical.NodeTestTask.execute(NodeTestTask.java:84)
	at java.util.ArrayList.forEach(ArrayList.java:1259)
	at org.junit.platform.engine.support.hierarchical.SameThreadHierarchicalTestExecutorService.invokeAll(SameThreadHierarchicalTestExecutorService.java:38)
	at org.junit.platform.engine.support.hierarchical.NodeTestTask.lambda$executeRecursively$5(NodeTestTask.java:143)
	at org.junit.platform.engine.support.hierarchical.ThrowableCollector.execute(ThrowableCollector.java:73)
	at org.junit.platform.engine.support.hierarchical.NodeTestTask.lambda$executeRecursively$7(NodeTestTask.java:129)
	at org.junit.platform.engine.support.hierarchical.Node.around(Node.java:137)
	at org.junit.platform.engine.support.hierarchical.NodeTestTask.lambda$executeRecursively$8(NodeTestTask.java:127)
	at org.junit.platform.engine.support.hierarchical.ThrowableCollector.execute(ThrowableCollector.java:73)
	at org.junit.platform.engine.support.hierarchical.NodeTestTask.executeRecursively(NodeTestTask.java:126)
	at org.junit.platform.engine.support.hierarchical.NodeTestTask.execute(NodeTestTask.java:84)
	at java.util.ArrayList.forEach(ArrayList.java:1259)
	at org.junit.platform.engine.support.hierarchical.SameThreadHierarchicalTestExecutorService.invokeAll(SameThreadHierarchicalTestExecutorService.java:38)
	at org.junit.platform.engine.support.hierarchical.NodeTestTask.lambda$executeRecursively$5(NodeTestTask.java:143)
	at org.junit.platform.engine.support.hierarchical.ThrowableCollector.execute(ThrowableCollector.java:73)
	at org.junit.platform.engine.support.hierarchical.NodeTestTask.lambda$executeRecursively$7(NodeTestTask.java:129)
	at org.junit.platform.engine.support.hierarchical.Node.around(Node.java:137)
	at org.junit.platform.engine.support.hierarchical.NodeTestTask.lambda$executeRecursively$8(NodeTestTask.java:127)
	at org.junit.platform.engine.support.hierarchical.ThrowableCollector.execute(ThrowableCollector.java:73)
	at org.junit.platform.engine.support.hierarchical.NodeTestTask.executeRecursively(NodeTestTask.java:126)
	at org.junit.platform.engine.support.hierarchical.NodeTestTask.execute(NodeTestTask.java:84)
	at org.junit.platform.engine.support.hierarchical.SameThreadHierarchicalTestExecutorService.submit(SameThreadHierarchicalTestExecutorService.java:32)
	at org.junit.platform.engine.support.hierarchical.HierarchicalTestExecutor.execute(HierarchicalTestExecutor.java:57)
	at org.junit.platform.engine.support.hierarchical.HierarchicalTestEngine.execute(HierarchicalTestEngine.java:51)
	at org.junit.platform.launcher.core.EngineExecutionOrchestrator.execute(EngineExecutionOrchestrator.java:108)
	at org.junit.platform.launcher.core.EngineExecutionOrchestrator.execute(EngineExecutionOrchestrator.java:88)
	at org.junit.platform.launcher.core.EngineExecutionOrchestrator.lambda$execute$0(EngineExecutionOrchestrator.java:54)
	at org.junit.platform.launcher.core.EngineExecutionOrchestrator.withInterceptedStreams(EngineExecutionOrchestrator.java:67)
	at org.junit.platform.launcher.core.EngineExecutionOrchestrator.execute(EngineExecutionOrchestrator.java:52)
	at org.junit.platform.launcher.core.DefaultLauncher.execute(DefaultLauncher.java:96)
	at org.junit.platform.launcher.core.DefaultLauncher.execute(DefaultLauncher.java:75)
	at org.apache.maven.surefire.junitplatform.JUnitPlatformProvider.invokeAllTests(JUnitPlatformProvider.java:142)
	at org.apache.maven.surefire.junitplatform.JUnitPlatformProvider.invoke(JUnitPlatformProvider.java:113)
	at org.apache.maven.surefire.booter.ForkedBooter.invokeProviderInSameClassLoader(ForkedBooter.java:384)
	at org.apache.maven.surefire.booter.ForkedBooter.runSuitesInProcess(ForkedBooter.java:345)
	at org.apache.maven.surefire.booter.ForkedBooter.execute(ForkedBooter.java:126)
	at org.apache.maven.surefire.booter.ForkedBooter.main(ForkedBooter.java:418)
]]></failure>
    <system-out><![CDATA[2021-12-01 05:33:38,078 [EndpointStateMachine task thread for /127.0.0.1:14549 - 0 ] INFO  ipc.Client (Client.java:handleConnectionFailure(977)) - Retrying connect to server: localhost/127.0.0.1:14549. Already tried 0 time(s); retry policy is RetryUpToMaximumCountWithFixedSleep(maxRetries=15, sleepTime=1000 MILLISECONDS)
2021-12-01 05:33:38,079 [EndpointStateMachine task thread for /127.0.0.1:14529 - 0 ] INFO  ipc.Client (Client.java:handleConnectionFailure(977)) - Retrying connect to server: localhost/127.0.0.1:14529. Already tried 0 time(s); retry policy is RetryUpToMaximumCountWithFixedSleep(maxRetries=15, sleepTime=1000 MILLISECONDS)
2021-12-01 05:33:38,080 [EndpointStateMachine task thread for /127.0.0.1:14539 - 0 ] INFO  ipc.Client (Client.java:handleConnectionFailure(977)) - Retrying connect to server: localhost/127.0.0.1:14539. Already tried 0 time(s); retry policy is RetryUpToMaximumCountWithFixedSleep(maxRetries=15, sleepTime=1000 MILLISECONDS)
2021-12-01 05:33:38,090 [Listener at 127.0.0.1/13944] WARN  server.ServerUtils (ServerUtils.java:getScmDbDir(148)) - ozone.scm.db.dirs is not configured. We recommend adding this setting. Falling back to ozone.metadata.dirs instead.
2021-12-01 05:33:38,102 [Listener at 127.0.0.1/13944] INFO  ha.SCMHANodeDetails (SCMHANodeDetails.java:loadSCMHAConfig(157)) - ServiceID for StorageContainerManager is scm-service-test1
2021-12-01 05:33:38,102 [Listener at 127.0.0.1/13944] INFO  ha.SCMHANodeDetails (SCMHANodeDetails.java:loadSCMHAConfig(168)) - ServiceID for StorageContainerManager is scm-service-test1
2021-12-01 05:33:38,102 [Listener at 127.0.0.1/13944] WARN  scm.ScmUtils (ScmUtils.java:logWarn(179)) - ConfigKey ozone.scm.block.client.address is deprecated, For configuring different ports for each SCM use PortConfigKey ozone.scm.block.client.port appended with serviceId and nodeId. If want to configure same port configure ozone.scm.block.client.port
2021-12-01 05:33:38,102 [Listener at 127.0.0.1/13944] WARN  scm.ScmUtils (ScmUtils.java:logWarn(179)) - ConfigKey ozone.scm.client.address is deprecated, For configuring different ports for each SCM use PortConfigKey ozone.scm.client.port appended with serviceId and nodeId. If want to configure same port configure ozone.scm.client.port
2021-12-01 05:33:38,102 [Listener at 127.0.0.1/13944] WARN  scm.ScmUtils (ScmUtils.java:logWarn(179)) - ConfigKey ozone.scm.datanode.address is deprecated, For configuring different ports for each SCM use PortConfigKey ozone.scm.datanode.port appended with serviceId and nodeId. If want to configure same port configure ozone.scm.datanode.port
2021-12-01 05:33:38,103 [Listener at 127.0.0.1/13944] WARN  scm.ScmUtils (ScmUtils.java:logWarn(179)) - ConfigKey ozone.scm.block.client.address is deprecated, For configuring different ports for each SCM use PortConfigKey ozone.scm.block.client.port appended with serviceId and nodeId. If want to configure same port configure ozone.scm.block.client.port
2021-12-01 05:33:38,103 [Listener at 127.0.0.1/13944] WARN  scm.ScmUtils (ScmUtils.java:logWarn(179)) - ConfigKey ozone.scm.client.address is deprecated, For configuring different ports for each SCM use PortConfigKey ozone.scm.client.port appended with serviceId and nodeId. If want to configure same port configure ozone.scm.client.port
2021-12-01 05:33:38,103 [Listener at 127.0.0.1/13944] WARN  scm.ScmUtils (ScmUtils.java:logWarn(179)) - ConfigKey ozone.scm.datanode.address is deprecated, For configuring different ports for each SCM use PortConfigKey ozone.scm.datanode.port appended with serviceId and nodeId. If want to configure same port configure ozone.scm.datanode.port
2021-12-01 05:33:38,103 [Listener at 127.0.0.1/13944] INFO  ha.SCMHANodeDetails (SCMHANodeDetails.java:loadSCMHAConfig(250)) - Found matching SCM address with SCMServiceId: scm-service-test1, SCMNodeId: scmNode-1, RPC Address: localhost:14728 and Ratis port: 14728
2021-12-01 05:33:38,103 [Listener at 127.0.0.1/13944] INFO  ha.SCMHANodeDetails (ConfUtils.java:setNodeSpecificConfigs(108)) - Setting configuration key ozone.scm.datanode.address with value of key ozone.scm.datanode.address.scm-service-test1.scmNode-1: 127.0.0.1:14729
2021-12-01 05:33:38,103 [Listener at 127.0.0.1/13944] INFO  ha.SCMHANodeDetails (ConfUtils.java:setNodeSpecificConfigs(108)) - Setting configuration key ozone.scm.block.client.address with value of key ozone.scm.block.client.address.scm-service-test1.scmNode-1: 127.0.0.1:14730
2021-12-01 05:33:38,103 [Listener at 127.0.0.1/13944] INFO  ha.SCMHANodeDetails (ConfUtils.java:setNodeSpecificConfigs(108)) - Setting configuration key ozone.scm.client.address with value of key ozone.scm.client.address.scm-service-test1.scmNode-1: 127.0.0.1:14731
2021-12-01 05:33:38,104 [Listener at 127.0.0.1/13944] INFO  ha.SCMHANodeDetails (ConfUtils.java:setNodeSpecificConfigs(108)) - Setting configuration key ozone.scm.ratis.port with value of key ozone.scm.ratis.port.scm-service-test1.scmNode-1: 14728
2021-12-01 05:33:38,104 [Listener at 127.0.0.1/13944] INFO  ha.SCMHANodeDetails (ConfUtils.java:setNodeSpecificConfigs(108)) - Setting configuration key ozone.scm.grpc.port with value of key ozone.scm.grpc.port.scm-service-test1.scmNode-1: 14732
2021-12-01 05:33:38,104 [Listener at 127.0.0.1/13944] INFO  ha.SCMHANodeDetails (ConfUtils.java:setNodeSpecificConfigs(108)) - Setting configuration key ozone.scm.http-address with value of key ozone.scm.http-address.scm-service-test1.scmNode-1: 127.0.0.1:14726
2021-12-01 05:33:38,104 [Listener at 127.0.0.1/13944] INFO  ha.SCMHANodeDetails (ConfUtils.java:setNodeSpecificConfigs(108)) - Setting configuration key ozone.scm.https-address with value of key ozone.scm.https-address.scm-service-test1.scmNode-1: 127.0.0.1:14727
2021-12-01 05:33:38,104 [Listener at 127.0.0.1/13944] INFO  ha.SCMHANodeDetails (ConfUtils.java:setNodeSpecificConfigs(108)) - Setting configuration key ozone.scm.address with value of key ozone.scm.address.scm-service-test1.scmNode-1: 127.0.0.1
2021-12-01 05:33:38,104 [Listener at 127.0.0.1/13944] WARN  scm.ScmUtils (ScmUtils.java:logWarn(179)) - ConfigKey ozone.scm.block.client.address is deprecated, For configuring different ports for each SCM use PortConfigKey ozone.scm.block.client.port appended with serviceId and nodeId. If want to configure same port configure ozone.scm.block.client.port
2021-12-01 05:33:38,104 [Listener at 127.0.0.1/13944] WARN  scm.ScmUtils (ScmUtils.java:logWarn(179)) - ConfigKey ozone.scm.client.address is deprecated, For configuring different ports for each SCM use PortConfigKey ozone.scm.client.port appended with serviceId and nodeId. If want to configure same port configure ozone.scm.client.port
2021-12-01 05:33:38,104 [Listener at 127.0.0.1/13944] WARN  scm.ScmUtils (ScmUtils.java:logWarn(179)) - ConfigKey ozone.scm.datanode.address is deprecated, For configuring different ports for each SCM use PortConfigKey ozone.scm.datanode.port appended with serviceId and nodeId. If want to configure same port configure ozone.scm.datanode.port
2021-12-01 05:33:38,114 [Listener at 127.0.0.1/13944] INFO  server.RaftServer (ConfUtils.java:logGet(44)) - raft.rpc.type = GRPC (default)
2021-12-01 05:33:38,114 [Listener at 127.0.0.1/13944] INFO  grpc.GrpcFactory (GrpcFactory.java:checkPooledByteBufAllocatorUseCacheForAllThreads(48)) - PERFORMANCE WARNING: useCacheForAllThreads is true that may cause Netty to create a lot garbage objects and, as a result, trigger GC.
	It is recommended to disable useCacheForAllThreads by setting -Dorg.apache.ratis.thirdparty.io.netty.allocator.useCacheForAllThreads=false in command line.
2021-12-01 05:33:38,115 [Listener at 127.0.0.1/13944] INFO  grpc.GrpcConfigKeys (ConfUtils.java:logGet(44)) - raft.grpc.admin.port = -1 (default)
2021-12-01 05:33:38,115 [Listener at 127.0.0.1/13944] INFO  grpc.GrpcConfigKeys (ConfUtils.java:logGet(44)) - raft.grpc.server.port = 14728 (custom)
2021-12-01 05:33:38,115 [Listener at 127.0.0.1/13944] INFO  grpc.GrpcConfigKeys (ConfUtils.java:logGet(44)) - raft.grpc.client.port = -1 (default)
2021-12-01 05:33:38,115 [Listener at 127.0.0.1/13944] INFO  grpc.GrpcConfigKeys (ConfUtils.java:logGet(44)) - raft.grpc.server.port = 14728 (custom)
2021-12-01 05:33:38,115 [Listener at 127.0.0.1/13944] INFO  grpc.GrpcConfigKeys (ConfUtils.java:logGet(44)) - raft.grpc.server.port = 14728 (custom)
2021-12-01 05:33:38,115 [Listener at 127.0.0.1/13944] INFO  server.GrpcService (ConfUtils.java:logGet(44)) - raft.grpc.message.size.max = 32m (=33554432) (custom)
2021-12-01 05:33:38,115 [Listener at 127.0.0.1/13944] INFO  server.RaftServerConfigKeys (ConfUtils.java:logGet(44)) - raft.server.log.appender.buffer.byte-limit = 33554432 (custom)
2021-12-01 05:33:38,115 [Listener at 127.0.0.1/13944] INFO  server.GrpcService (ConfUtils.java:logGet(44)) - raft.grpc.flow.control.window = 1MB (=1048576) (default)
2021-12-01 05:33:38,115 [Listener at 127.0.0.1/13944] INFO  server.RaftServerConfigKeys (ConfUtils.java:logGet(44)) - raft.server.rpc.request.timeout = 30000ms (custom)
2021-12-01 05:33:38,117 [Listener at 127.0.0.1/13944] INFO  impl.DataStreamServerImpl (ConfUtils.java:logGet(44)) - raft.datastream.type = DISABLED (default)
2021-12-01 05:33:38,117 [Listener at 127.0.0.1/13944] INFO  server.RaftServerConfigKeys (ConfUtils.java:logGet(44)) - raft.server.rpc.slowness.timeout = 120000ms (custom)
2021-12-01 05:33:38,117 [Listener at 127.0.0.1/13944] INFO  server.RaftServerConfigKeys (ConfUtils.java:logGet(44)) - raft.server.leaderelection.leader.step-down.wait-time = 10s (default)
2021-12-01 05:33:38,117 [Listener at 127.0.0.1/13944] INFO  server.RaftServerConfigKeys (ConfUtils.java:logGet(44)) - raft.server.storage.dir = [/home/runner/work/ozone/ozone/hadoop-ozone/integration-test/target/test-dir/MiniOzoneClusterImpl-18ff7c11-c606-42f1-8c5c-1f8c02111a4f/scmNode-1/scm-ha] (custom)
2021-12-01 05:33:38,128 [Listener at 127.0.0.1/13944] INFO  server.RaftServer (RaftServerProxy.java:addNew(95)) - 3049a9d5-7c8a-485e-b9b8-96288700cc55: addNew group-1F8C02111A4F:[3049a9d5-7c8a-485e-b9b8-96288700cc55|rpc:localhost:14728|priority:0] returns group-1F8C02111A4F:java.util.concurrent.CompletableFuture@3d352fb4[Not completed]
2021-12-01 05:33:38,129 [pool-189-thread-1] INFO  server.RaftServer$Division (RaftServerImpl.java:<init>(184)) - 3049a9d5-7c8a-485e-b9b8-96288700cc55: new RaftServerImpl for group-1F8C02111A4F:[3049a9d5-7c8a-485e-b9b8-96288700cc55|rpc:localhost:14728|priority:0] with SCMStateMachine:uninitialized
2021-12-01 05:33:38,129 [pool-189-thread-1] INFO  server.RaftServerConfigKeys (ConfUtils.java:logGet(44)) - raft.server.rpc.timeout.min = 5000ms (custom)
2021-12-01 05:33:38,129 [pool-189-thread-1] INFO  server.RaftServerConfigKeys (ConfUtils.java:logGet(44)) - raft.server.rpc.timeout.max = 5200ms (custom)
2021-12-01 05:33:38,129 [pool-189-thread-1] INFO  server.RaftServerConfigKeys (ConfUtils.java:logGet(44)) - raft.server.rpc.sleep.time = 25ms (default)
2021-12-01 05:33:38,129 [pool-189-thread-1] INFO  server.RaftServerConfigKeys (ConfUtils.java:logGet(44)) - raft.server.rpc.slowness.timeout = 120000ms (custom)
2021-12-01 05:33:38,129 [pool-189-thread-1] INFO  server.RaftServerConfigKeys (ConfUtils.java:logGet(44)) - raft.server.leaderelection.leader.step-down.wait-time = 10s (default)
2021-12-01 05:33:38,129 [pool-189-thread-1] INFO  server.RaftServerConfigKeys (ConfUtils.java:logGet(44)) - raft.server.sleep.deviation.threshold = 300ms (default)
2021-12-01 05:33:38,129 [pool-189-thread-1] INFO  server.RaftServerConfigKeys (ConfUtils.java:logGet(44)) - raft.server.log.appender.install.snapshot.enabled = false (custom)
2021-12-01 05:33:38,129 [pool-189-thread-1] INFO  server.RaftServer$Division (ServerState.java:<init>(105)) - 3049a9d5-7c8a-485e-b9b8-96288700cc55@group-1F8C02111A4F: ConfigurationManager, init=-1: [3049a9d5-7c8a-485e-b9b8-96288700cc55|rpc:localhost:14728|priority:0], old=null, confs=<EMPTY_MAP>
2021-12-01 05:33:38,129 [pool-189-thread-1] INFO  server.RaftServerConfigKeys (ConfUtils.java:logGet(44)) - raft.server.storage.dir = [/home/runner/work/ozone/ozone/hadoop-ozone/integration-test/target/test-dir/MiniOzoneClusterImpl-18ff7c11-c606-42f1-8c5c-1f8c02111a4f/scmNode-1/scm-ha] (custom)
2021-12-01 05:33:38,130 [pool-189-thread-1] INFO  server.RaftServerConfigKeys (ConfUtils.java:logGet(44)) - raft.server.log.corruption.policy = EXCEPTION (default)
2021-12-01 05:33:38,130 [pool-189-thread-1] INFO  server.RaftServerConfigKeys (ConfUtils.java:logGet(44)) - raft.server.storage.free-space.min = 0MB (=0) (default)
2021-12-01 05:33:38,130 [pool-189-thread-1] INFO  storage.RaftStorageDirectory (RaftStorageDirectoryImpl.java:analyzeStorage(135)) - The storage directory /home/runner/work/ozone/ozone/hadoop-ozone/integration-test/target/test-dir/MiniOzoneClusterImpl-18ff7c11-c606-42f1-8c5c-1f8c02111a4f/scmNode-1/scm-ha/18ff7c11-c606-42f1-8c5c-1f8c02111a4f does not exist. Creating ...
2021-12-01 05:33:38,131 [pool-189-thread-1] INFO  storage.RaftStorageDirectory (RaftStorageDirectoryImpl.java:tryLock(230)) - Lock on /home/runner/work/ozone/ozone/hadoop-ozone/integration-test/target/test-dir/MiniOzoneClusterImpl-18ff7c11-c606-42f1-8c5c-1f8c02111a4f/scmNode-1/scm-ha/18ff7c11-c606-42f1-8c5c-1f8c02111a4f/in_use.lock acquired by nodename 30928@fv-az297-56
2021-12-01 05:33:38,134 [pool-189-thread-1] INFO  storage.RaftStorage (RaftStorageImpl.java:format(89)) - Storage directory /home/runner/work/ozone/ozone/hadoop-ozone/integration-test/target/test-dir/MiniOzoneClusterImpl-18ff7c11-c606-42f1-8c5c-1f8c02111a4f/scmNode-1/scm-ha/18ff7c11-c606-42f1-8c5c-1f8c02111a4f has been successfully formatted.
2021-12-01 05:33:38,134 [pool-189-thread-1] INFO  server.RaftServerConfigKeys (ConfUtils.java:logGet(44)) - raft.server.notification.no-leader.timeout = 60s (default)
2021-12-01 05:33:38,134 [pool-189-thread-1] INFO  server.RaftServerConfigKeys (ConfUtils.java:logGet(44)) - raft.server.log.use.memory = false (default)
2021-12-01 05:33:38,134 [pool-189-thread-1] INFO  server.RaftServerConfigKeys (ConfUtils.java:logGet(44)) - raft.server.log.purge.gap = 5 (custom)
2021-12-01 05:33:38,134 [pool-189-thread-1] INFO  server.RaftServerConfigKeys (ConfUtils.java:logGet(44)) - raft.server.log.appender.buffer.byte-limit = 33554432 (custom)
2021-12-01 05:33:38,135 [pool-189-thread-1] INFO  server.RaftServerConfigKeys (ConfUtils.java:logGet(44)) - raft.server.log.segment.size.max = 4194304 (custom)
2021-12-01 05:33:38,135 [pool-189-thread-1] INFO  server.RaftServerConfigKeys (ConfUtils.java:logGet(44)) - raft.server.log.segment.cache.num.max = 2 (custom)
2021-12-01 05:33:38,135 [pool-189-thread-1] INFO  server.RaftServerConfigKeys (ConfUtils.java:logGet(44)) - raft.server.log.segment.cache.size.max = 200MB (=209715200) (default)
2021-12-01 05:33:38,135 [pool-189-thread-1] INFO  segmented.SegmentedRaftLogWorker (SegmentedRaftLogWorker.java:<init>(182)) - new 3049a9d5-7c8a-485e-b9b8-96288700cc55@group-1F8C02111A4F-SegmentedRaftLogWorker for RaftStorageImpl:Storage Directory /home/runner/work/ozone/ozone/hadoop-ozone/integration-test/target/test-dir/MiniOzoneClusterImpl-18ff7c11-c606-42f1-8c5c-1f8c02111a4f/scmNode-1/scm-ha/18ff7c11-c606-42f1-8c5c-1f8c02111a4f
2021-12-01 05:33:38,138 [pool-189-thread-1] INFO  server.RaftServerConfigKeys (ConfUtils.java:logGet(44)) - raft.server.log.queue.byte-limit = 64MB (=67108864) (default)
2021-12-01 05:33:38,138 [pool-189-thread-1] INFO  server.RaftServerConfigKeys (ConfUtils.java:logGet(44)) - raft.server.log.queue.element-limit = 4096 (default)
2021-12-01 05:33:38,138 [pool-189-thread-1] INFO  server.RaftServerConfigKeys (ConfUtils.java:logGet(44)) - raft.server.log.segment.size.max = 4194304 (custom)
2021-12-01 05:33:38,138 [pool-189-thread-1] INFO  server.RaftServerConfigKeys (ConfUtils.java:logGet(44)) - raft.server.log.preallocated.size = 4194304 (custom)
2021-12-01 05:33:38,138 [pool-189-thread-1] INFO  server.RaftServerConfigKeys (ConfUtils.java:logGet(44)) - raft.server.log.force.sync.num = 128 (default)
2021-12-01 05:33:38,138 [pool-189-thread-1] INFO  server.RaftServerConfigKeys (ConfUtils.java:logGet(44)) - raft.server.log.statemachine.data.sync = true (default)
2021-12-01 05:33:38,138 [pool-189-thread-1] INFO  server.RaftServerConfigKeys (ConfUtils.java:logGet(44)) - raft.server.log.statemachine.data.sync.timeout = 10s (default)
2021-12-01 05:33:38,139 [pool-189-thread-1] INFO  server.RaftServerConfigKeys (ConfUtils.java:logGet(44)) - raft.server.log.statemachine.data.sync.timeout.retry = -1 (default)
2021-12-01 05:33:38,139 [pool-189-thread-1] INFO  server.RaftServerConfigKeys (ConfUtils.java:logGet(44)) - raft.server.log.write.buffer.size = 64KB (=65536) (default)
2021-12-01 05:33:38,139 [pool-189-thread-1] INFO  server.RaftServerConfigKeys (ConfUtils.java:logGet(44)) - raft.server.log.statemachine.data.caching.enabled = false (default)
2021-12-01 05:33:38,139 [pool-189-thread-1] INFO  segmented.SegmentedRaftLogWorker (SegmentedRaftLogWorker.java:lambda$new$0(133)) - 3049a9d5-7c8a-485e-b9b8-96288700cc55@group-1F8C02111A4F-SegmentedRaftLogWorker: flushIndex: setUnconditionally 0 -> -1
2021-12-01 05:33:38,139 [pool-189-thread-1] INFO  segmented.SegmentedRaftLogWorker (SegmentedRaftLogWorker.java:lambda$new$0(133)) - 3049a9d5-7c8a-485e-b9b8-96288700cc55@group-1F8C02111A4F-SegmentedRaftLogWorker: safeCacheEvictIndex: setUnconditionally 0 -> -1
2021-12-01 05:33:38,146 [pool-189-thread-1] INFO  server.RaftServerConfigKeys (ConfUtils.java:logGet(44)) - raft.server.snapshot.auto.trigger.enabled = true (custom)
2021-12-01 05:33:38,147 [pool-189-thread-1] INFO  server.RaftServerConfigKeys (ConfUtils.java:logGet(44)) - raft.server.snapshot.auto.trigger.threshold = 5 (custom)
2021-12-01 05:33:38,147 [pool-189-thread-1] INFO  server.RaftServerConfigKeys (ConfUtils.java:logGet(44)) - raft.server.snapshot.retention.file.num = -1 (default)
2021-12-01 05:33:38,147 [pool-189-thread-1] INFO  server.RaftServerConfigKeys (ConfUtils.java:logGet(44)) - raft.server.log.purge.upto.snapshot.index = true (custom)
2021-12-01 05:33:38,147 [pool-189-thread-1] INFO  server.RaftServerConfigKeys (ConfUtils.java:logGet(44)) - raft.server.retrycache.expirytime = 60000ms (default)
2021-12-01 05:33:38,147 [pool-189-thread-1] INFO  server.RaftServerConfigKeys (ConfUtils.java:logGet(44)) - raft.server.retrycache.statistics.expirytime = 100μs (default)
2021-12-01 05:33:38,148 [Listener at 127.0.0.1/13944] INFO  server.RaftServer$Division (RaftServerImpl.java:start(301)) - 3049a9d5-7c8a-485e-b9b8-96288700cc55@group-1F8C02111A4F: start as a follower, conf=-1: [3049a9d5-7c8a-485e-b9b8-96288700cc55|rpc:localhost:14728|priority:0], old=null
2021-12-01 05:33:38,148 [Listener at 127.0.0.1/13944] INFO  server.RaftServer$Division (RaftServerImpl.java:setRole(290)) - 3049a9d5-7c8a-485e-b9b8-96288700cc55@group-1F8C02111A4F: changes role from      null to FOLLOWER at term 0 for startAsFollower
2021-12-01 05:33:38,148 [Listener at 127.0.0.1/13944] INFO  impl.RoleInfo (RoleInfo.java:updateAndGet(130)) - 3049a9d5-7c8a-485e-b9b8-96288700cc55: start 3049a9d5-7c8a-485e-b9b8-96288700cc55@group-1F8C02111A4F-FollowerState
2021-12-01 05:33:38,158 [Listener at 127.0.0.1/13944] INFO  util.JmxRegister (JmxRegister.java:tryRegister(44)) - Successfully registered JMX Bean with object name Ratis:service=RaftServer,group=group-1F8C02111A4F,id=3049a9d5-7c8a-485e-b9b8-96288700cc55
2021-12-01 05:33:38,159 [Listener at 127.0.0.1/13944] INFO  server.RaftServer (RaftServerProxy.java:lambda$start$5(374)) - 3049a9d5-7c8a-485e-b9b8-96288700cc55: start RPC server
2021-12-01 05:33:38,167 [Listener at 127.0.0.1/13944] INFO  server.GrpcService (GrpcService.java:startImpl(253)) - 3049a9d5-7c8a-485e-b9b8-96288700cc55: GrpcService started, listening on 14728
2021-12-01 05:33:38,186 [org.apache.ratis.util.JvmPauseMonitor$$Lambda$499/989520513@3ea9b180] INFO  util.JvmPauseMonitor (JvmPauseMonitor.java:run(103)) - JvmPauseMonitor-3049a9d5-7c8a-485e-b9b8-96288700cc55: Started
2021-12-01 05:33:39,080 [EndpointStateMachine task thread for /127.0.0.1:14529 - 0 ] INFO  ipc.Client (Client.java:handleConnectionFailure(977)) - Retrying connect to server: localhost/127.0.0.1:14529. Already tried 1 time(s); retry policy is RetryUpToMaximumCountWithFixedSleep(maxRetries=15, sleepTime=1000 MILLISECONDS)
2021-12-01 05:33:39,080 [EndpointStateMachine task thread for /127.0.0.1:14549 - 0 ] INFO  ipc.Client (Client.java:handleConnectionFailure(977)) - Retrying connect to server: localhost/127.0.0.1:14549. Already tried 1 time(s); retry policy is RetryUpToMaximumCountWithFixedSleep(maxRetries=15, sleepTime=1000 MILLISECONDS)
2021-12-01 05:33:39,081 [EndpointStateMachine task thread for /127.0.0.1:14539 - 0 ] INFO  ipc.Client (Client.java:handleConnectionFailure(977)) - Retrying connect to server: localhost/127.0.0.1:14539. Already tried 1 time(s); retry policy is RetryUpToMaximumCountWithFixedSleep(maxRetries=15, sleepTime=1000 MILLISECONDS)
2021-12-01 05:33:40,080 [EndpointStateMachine task thread for /127.0.0.1:14529 - 0 ] INFO  ipc.Client (Client.java:handleConnectionFailure(977)) - Retrying connect to server: localhost/127.0.0.1:14529. Already tried 2 time(s); retry policy is RetryUpToMaximumCountWithFixedSleep(maxRetries=15, sleepTime=1000 MILLISECONDS)
2021-12-01 05:33:40,081 [EndpointStateMachine task thread for /127.0.0.1:14549 - 0 ] INFO  ipc.Client (Client.java:handleConnectionFailure(977)) - Retrying connect to server: localhost/127.0.0.1:14549. Already tried 2 time(s); retry policy is RetryUpToMaximumCountWithFixedSleep(maxRetries=15, sleepTime=1000 MILLISECONDS)
2021-12-01 05:33:40,084 [EndpointStateMachine task thread for /127.0.0.1:14539 - 0 ] INFO  ipc.Client (Client.java:handleConnectionFailure(977)) - Retrying connect to server: localhost/127.0.0.1:14539. Already tried 2 time(s); retry policy is RetryUpToMaximumCountWithFixedSleep(maxRetries=15, sleepTime=1000 MILLISECONDS)
2021-12-01 05:33:41,081 [EndpointStateMachine task thread for /127.0.0.1:14529 - 0 ] INFO  ipc.Client (Client.java:handleConnectionFailure(977)) - Retrying connect to server: localhost/127.0.0.1:14529. Already tried 3 time(s); retry policy is RetryUpToMaximumCountWithFixedSleep(maxRetries=15, sleepTime=1000 MILLISECONDS)
2021-12-01 05:33:41,082 [EndpointStateMachine task thread for /127.0.0.1:14549 - 0 ] INFO  ipc.Client (Client.java:handleConnectionFailure(977)) - Retrying connect to server: localhost/127.0.0.1:14549. Already tried 3 time(s); retry policy is RetryUpToMaximumCountWithFixedSleep(maxRetries=15, sleepTime=1000 MILLISECONDS)
2021-12-01 05:33:41,084 [EndpointStateMachine task thread for /127.0.0.1:14539 - 0 ] INFO  ipc.Client (Client.java:handleConnectionFailure(977)) - Retrying connect to server: localhost/127.0.0.1:14539. Already tried 3 time(s); retry policy is RetryUpToMaximumCountWithFixedSleep(maxRetries=15, sleepTime=1000 MILLISECONDS)
2021-12-01 05:33:42,082 [EndpointStateMachine task thread for /127.0.0.1:14549 - 0 ] INFO  ipc.Client (Client.java:handleConnectionFailure(977)) - Retrying connect to server: localhost/127.0.0.1:14549. Already tried 4 time(s); retry policy is RetryUpToMaximumCountWithFixedSleep(maxRetries=15, sleepTime=1000 MILLISECONDS)
2021-12-01 05:33:42,083 [EndpointStateMachine task thread for /127.0.0.1:14529 - 0 ] INFO  ipc.Client (Client.java:handleConnectionFailure(977)) - Retrying connect to server: localhost/127.0.0.1:14529. Already tried 4 time(s); retry policy is RetryUpToMaximumCountWithFixedSleep(maxRetries=15, sleepTime=1000 MILLISECONDS)
2021-12-01 05:33:42,084 [EndpointStateMachine task thread for /127.0.0.1:14539 - 0 ] INFO  ipc.Client (Client.java:handleConnectionFailure(977)) - Retrying connect to server: localhost/127.0.0.1:14539. Already tried 4 time(s); retry policy is RetryUpToMaximumCountWithFixedSleep(maxRetries=15, sleepTime=1000 MILLISECONDS)
2021-12-01 05:33:43,083 [EndpointStateMachine task thread for /127.0.0.1:14549 - 0 ] INFO  ipc.Client (Client.java:handleConnectionFailure(977)) - Retrying connect to server: localhost/127.0.0.1:14549. Already tried 5 time(s); retry policy is RetryUpToMaximumCountWithFixedSleep(maxRetries=15, sleepTime=1000 MILLISECONDS)
2021-12-01 05:33:43,083 [EndpointStateMachine task thread for /127.0.0.1:14529 - 0 ] INFO  ipc.Client (Client.java:handleConnectionFailure(977)) - Retrying connect to server: localhost/127.0.0.1:14529. Already tried 5 time(s); retry policy is RetryUpToMaximumCountWithFixedSleep(maxRetries=15, sleepTime=1000 MILLISECONDS)
2021-12-01 05:33:43,085 [EndpointStateMachine task thread for /127.0.0.1:14539 - 0 ] INFO  ipc.Client (Client.java:handleConnectionFailure(977)) - Retrying connect to server: localhost/127.0.0.1:14539. Already tried 5 time(s); retry policy is RetryUpToMaximumCountWithFixedSleep(maxRetries=15, sleepTime=1000 MILLISECONDS)
2021-12-01 05:33:43,173 [3049a9d5-7c8a-485e-b9b8-96288700cc55@group-1F8C02111A4F-FollowerState] INFO  impl.FollowerState (FollowerState.java:run(134)) - 3049a9d5-7c8a-485e-b9b8-96288700cc55@group-1F8C02111A4F-FollowerState: change to CANDIDATE, lastRpcElapsedTime:5024898236ns, electionTimeout:5015ms
2021-12-01 05:33:43,173 [3049a9d5-7c8a-485e-b9b8-96288700cc55@group-1F8C02111A4F-FollowerState] INFO  impl.RoleInfo (RoleInfo.java:shutdownFollowerState(108)) - 3049a9d5-7c8a-485e-b9b8-96288700cc55: shutdown 3049a9d5-7c8a-485e-b9b8-96288700cc55@group-1F8C02111A4F-FollowerState
2021-12-01 05:33:43,173 [3049a9d5-7c8a-485e-b9b8-96288700cc55@group-1F8C02111A4F-FollowerState] INFO  server.RaftServer$Division (RaftServerImpl.java:setRole(290)) - 3049a9d5-7c8a-485e-b9b8-96288700cc55@group-1F8C02111A4F: changes role from  FOLLOWER to CANDIDATE at term 0 for changeToCandidate
2021-12-01 05:33:43,173 [3049a9d5-7c8a-485e-b9b8-96288700cc55@group-1F8C02111A4F-FollowerState] INFO  server.RaftServerConfigKeys (ConfUtils.java:logGet(44)) - raft.server.leaderelection.pre-vote = false (custom)
2021-12-01 05:33:43,173 [3049a9d5-7c8a-485e-b9b8-96288700cc55@group-1F8C02111A4F-FollowerState] INFO  impl.RoleInfo (RoleInfo.java:updateAndGet(130)) - 3049a9d5-7c8a-485e-b9b8-96288700cc55: start 3049a9d5-7c8a-485e-b9b8-96288700cc55@group-1F8C02111A4F-LeaderElection16
2021-12-01 05:33:43,188 [3049a9d5-7c8a-485e-b9b8-96288700cc55@group-1F8C02111A4F-LeaderElection16] INFO  impl.LeaderElection (LeaderElection.java:askForVotes(306)) - 3049a9d5-7c8a-485e-b9b8-96288700cc55@group-1F8C02111A4F-LeaderElection16 ELECTION round 0: submit vote requests at term 1 for -1: [3049a9d5-7c8a-485e-b9b8-96288700cc55|rpc:localhost:14728|priority:0], old=null
2021-12-01 05:33:43,188 [3049a9d5-7c8a-485e-b9b8-96288700cc55@group-1F8C02111A4F-LeaderElection16] INFO  impl.LeaderElection (LeaderElection.java:askForVotes(308)) - 3049a9d5-7c8a-485e-b9b8-96288700cc55@group-1F8C02111A4F-LeaderElection16 ELECTION round 0: result PASSED (term=1)
2021-12-01 05:33:43,188 [3049a9d5-7c8a-485e-b9b8-96288700cc55@group-1F8C02111A4F-LeaderElection16] INFO  impl.RoleInfo (RoleInfo.java:shutdownLeaderElection(121)) - 3049a9d5-7c8a-485e-b9b8-96288700cc55: shutdown 3049a9d5-7c8a-485e-b9b8-96288700cc55@group-1F8C02111A4F-LeaderElection16
2021-12-01 05:33:43,188 [3049a9d5-7c8a-485e-b9b8-96288700cc55@group-1F8C02111A4F-LeaderElection16] INFO  server.RaftServer$Division (RaftServerImpl.java:setRole(290)) - 3049a9d5-7c8a-485e-b9b8-96288700cc55@group-1F8C02111A4F: changes role from CANDIDATE to LEADER at term 1 for changeToLeader
2021-12-01 05:33:43,188 [3049a9d5-7c8a-485e-b9b8-96288700cc55@group-1F8C02111A4F-LeaderElection16] INFO  server.RaftServer$Division (ServerState.java:setLeader(285)) - 3049a9d5-7c8a-485e-b9b8-96288700cc55@group-1F8C02111A4F: change Leader from null to 3049a9d5-7c8a-485e-b9b8-96288700cc55 at term 1 for becomeLeader, leader elected after 5053ms
2021-12-01 05:33:43,188 [3049a9d5-7c8a-485e-b9b8-96288700cc55@group-1F8C02111A4F-LeaderElection16] INFO  server.RaftServerConfigKeys (ConfUtils.java:logGet(44)) - raft.server.staging.catchup.gap = 1000 (default)
2021-12-01 05:33:43,188 [3049a9d5-7c8a-485e-b9b8-96288700cc55@group-1F8C02111A4F-LeaderElection16] INFO  server.RaftServerConfigKeys (ConfUtils.java:logGet(44)) - raft.server.write.element-limit = 4096 (default)
2021-12-01 05:33:43,190 [3049a9d5-7c8a-485e-b9b8-96288700cc55@group-1F8C02111A4F-LeaderElection16] INFO  server.RaftServerConfigKeys (ConfUtils.java:logGet(44)) - raft.server.write.byte-limit = 64MB (=67108864) (default)
2021-12-01 05:33:43,190 [3049a9d5-7c8a-485e-b9b8-96288700cc55@group-1F8C02111A4F-LeaderElection16] INFO  server.RaftServerConfigKeys (ConfUtils.java:logGet(44)) - raft.server.watch.timeout = 10s (default)
2021-12-01 05:33:43,190 [3049a9d5-7c8a-485e-b9b8-96288700cc55@group-1F8C02111A4F-LeaderElection16] INFO  server.RaftServerConfigKeys (ConfUtils.java:logGet(44)) - raft.server.watch.timeout.denomination = 1s (default)
2021-12-01 05:33:43,190 [3049a9d5-7c8a-485e-b9b8-96288700cc55@group-1F8C02111A4F-LeaderElection16] INFO  server.RaftServerConfigKeys (ConfUtils.java:logGet(44)) - raft.server.watch.element-limit = 65536 (default)
2021-12-01 05:33:43,190 [3049a9d5-7c8a-485e-b9b8-96288700cc55@group-1F8C02111A4F-LeaderElection16] INFO  server.RaftServerConfigKeys (ConfUtils.java:logGet(44)) - raft.server.write.element-limit = 4096 (default)
2021-12-01 05:33:43,190 [3049a9d5-7c8a-485e-b9b8-96288700cc55@group-1F8C02111A4F-LeaderElection16] INFO  server.RaftServerConfigKeys (ConfUtils.java:logGet(44)) - raft.server.write.follower.gap.ratio.max = -1.0 (default)
2021-12-01 05:33:43,190 [3049a9d5-7c8a-485e-b9b8-96288700cc55@group-1F8C02111A4F-LeaderElection16] INFO  impl.RoleInfo (RoleInfo.java:updateAndGet(130)) - 3049a9d5-7c8a-485e-b9b8-96288700cc55: start 3049a9d5-7c8a-485e-b9b8-96288700cc55@group-1F8C02111A4F-LeaderStateImpl
2021-12-01 05:33:43,190 [3049a9d5-7c8a-485e-b9b8-96288700cc55@group-1F8C02111A4F-LeaderElection16] INFO  segmented.SegmentedRaftLogWorker (SegmentedRaftLogWorker.java:startLogSegment(394)) - 3049a9d5-7c8a-485e-b9b8-96288700cc55@group-1F8C02111A4F-SegmentedRaftLogWorker: Starting segment from index:0
2021-12-01 05:33:43,196 [3049a9d5-7c8a-485e-b9b8-96288700cc55@group-1F8C02111A4F-SegmentedRaftLogWorker] INFO  segmented.SegmentedRaftLogWorker (SegmentedRaftLogWorker.java:execute(601)) - 3049a9d5-7c8a-485e-b9b8-96288700cc55@group-1F8C02111A4F-SegmentedRaftLogWorker: created new log segment /home/runner/work/ozone/ozone/hadoop-ozone/integration-test/target/test-dir/MiniOzoneClusterImpl-18ff7c11-c606-42f1-8c5c-1f8c02111a4f/scmNode-1/scm-ha/18ff7c11-c606-42f1-8c5c-1f8c02111a4f/current/log_inprogress_0
2021-12-01 05:33:43,196 [3049a9d5-7c8a-485e-b9b8-96288700cc55@group-1F8C02111A4F-LeaderElection16] INFO  server.RaftServer$Division (ServerState.java:setRaftConf(387)) - 3049a9d5-7c8a-485e-b9b8-96288700cc55@group-1F8C02111A4F: set configuration 0: [3049a9d5-7c8a-485e-b9b8-96288700cc55|rpc:localhost:14728|admin:|client:|dataStream:|priority:0], old=null
2021-12-01 05:33:44,083 [EndpointStateMachine task thread for /127.0.0.1:14549 - 0 ] INFO  ipc.Client (Client.java:handleConnectionFailure(977)) - Retrying connect to server: localhost/127.0.0.1:14549. Already tried 6 time(s); retry policy is RetryUpToMaximumCountWithFixedSleep(maxRetries=15, sleepTime=1000 MILLISECONDS)
2021-12-01 05:33:44,084 [EndpointStateMachine task thread for /127.0.0.1:14529 - 0 ] INFO  ipc.Client (Client.java:handleConnectionFailure(977)) - Retrying connect to server: localhost/127.0.0.1:14529. Already tried 6 time(s); retry policy is RetryUpToMaximumCountWithFixedSleep(maxRetries=15, sleepTime=1000 MILLISECONDS)
2021-12-01 05:33:44,085 [EndpointStateMachine task thread for /127.0.0.1:14539 - 0 ] INFO  ipc.Client (Client.java:handleConnectionFailure(977)) - Retrying connect to server: localhost/127.0.0.1:14539. Already tried 6 time(s); retry policy is RetryUpToMaximumCountWithFixedSleep(maxRetries=15, sleepTime=1000 MILLISECONDS)
2021-12-01 05:33:44,186 [Listener at 127.0.0.1/13944] INFO  server.RaftServer (RaftServerProxy.java:lambda$close$6(391)) - 3049a9d5-7c8a-485e-b9b8-96288700cc55: close
2021-12-01 05:33:44,186 [Listener at 127.0.0.1/13944] INFO  server.RaftServer$Division (RaftServerImpl.java:lambda$close$4(412)) - 3049a9d5-7c8a-485e-b9b8-96288700cc55@group-1F8C02111A4F: shutdown
2021-12-01 05:33:44,186 [Listener at 127.0.0.1/13944] INFO  util.JmxRegister (JmxRegister.java:unregister(73)) - Successfully un-registered JMX Bean with object name Ratis:service=RaftServer,group=group-1F8C02111A4F,id=3049a9d5-7c8a-485e-b9b8-96288700cc55
2021-12-01 05:33:44,187 [Listener at 127.0.0.1/13944] INFO  impl.RoleInfo (RoleInfo.java:shutdownLeaderState(91)) - 3049a9d5-7c8a-485e-b9b8-96288700cc55: shutdown 3049a9d5-7c8a-485e-b9b8-96288700cc55@group-1F8C02111A4F-LeaderStateImpl
2021-12-01 05:33:44,187 [Listener at 127.0.0.1/13944] INFO  impl.PendingRequests (PendingRequests.java:sendNotLeaderResponses(282)) - 3049a9d5-7c8a-485e-b9b8-96288700cc55@group-1F8C02111A4F-PendingRequests: sendNotLeaderResponses
2021-12-01 05:33:44,187 [Listener at 127.0.0.1/13944] INFO  impl.StateMachineUpdater (StateMachineUpdater.java:stopAndJoin(149)) - 3049a9d5-7c8a-485e-b9b8-96288700cc55@group-1F8C02111A4F-StateMachineUpdater: set stopIndex = 0
2021-12-01 05:33:44,188 [3049a9d5-7c8a-485e-b9b8-96288700cc55@group-1F8C02111A4F-StateMachineUpdater] INFO  impl.StateMachineUpdater (StateMachineUpdater.java:takeSnapshot(281)) - 3049a9d5-7c8a-485e-b9b8-96288700cc55@group-1F8C02111A4F-StateMachineUpdater: Took a snapshot at index 0
2021-12-01 05:33:44,188 [3049a9d5-7c8a-485e-b9b8-96288700cc55@group-1F8C02111A4F-StateMachineUpdater] INFO  impl.StateMachineUpdater (StateMachineUpdater.java:lambda$new$0(89)) - 3049a9d5-7c8a-485e-b9b8-96288700cc55@group-1F8C02111A4F-StateMachineUpdater: snapshotIndex: updateIncreasingly -1 -> 0
2021-12-01 05:33:44,188 [Listener at 127.0.0.1/13944] INFO  server.RaftServer$Division (ServerState.java:close(419)) - 3049a9d5-7c8a-485e-b9b8-96288700cc55@group-1F8C02111A4F: closes. applyIndex: 0
2021-12-01 05:33:44,189 [3049a9d5-7c8a-485e-b9b8-96288700cc55@group-1F8C02111A4F-SegmentedRaftLogWorker] INFO  segmented.SegmentedRaftLogWorker (SegmentedRaftLogWorker.java:run(327)) - 3049a9d5-7c8a-485e-b9b8-96288700cc55@group-1F8C02111A4F-SegmentedRaftLogWorker was interrupted, exiting. There are 0 tasks remaining in the queue.
2021-12-01 05:33:44,190 [Listener at 127.0.0.1/13944] INFO  segmented.SegmentedRaftLogWorker (SegmentedRaftLogWorker.java:close(237)) - 3049a9d5-7c8a-485e-b9b8-96288700cc55@group-1F8C02111A4F-SegmentedRaftLogWorker close()
2021-12-01 05:33:44,192 [Listener at 127.0.0.1/13944] INFO  server.GrpcService (GrpcService.java:closeImpl(262)) - 3049a9d5-7c8a-485e-b9b8-96288700cc55: shutdown server with port 14728 now
2021-12-01 05:33:44,198 [Listener at 127.0.0.1/13944] INFO  server.GrpcService (GrpcService.java:closeImpl(271)) - 3049a9d5-7c8a-485e-b9b8-96288700cc55: shutdown server with port 14728 successfully
2021-12-01 05:33:44,198 [org.apache.ratis.util.JvmPauseMonitor$$Lambda$499/989520513@3ea9b180] INFO  util.JvmPauseMonitor (JvmPauseMonitor.java:run(109)) - JvmPauseMonitor-3049a9d5-7c8a-485e-b9b8-96288700cc55: Stopped
2021-12-01 05:33:44,198 [Listener at 127.0.0.1/13944] WARN  server.ServerUtils (ServerUtils.java:getScmDbDir(148)) - ozone.scm.db.dirs is not configured. We recommend adding this setting. Falling back to ozone.metadata.dirs instead.
2021-12-01 05:33:44,199 [Listener at 127.0.0.1/13944] INFO  server.StorageContainerManager (StorageContainerManager.java:scmInit(1083)) - SCM initialization succeeded. Current cluster id for sd=/home/runner/work/ozone/ozone/hadoop-ozone/integration-test/target/test-dir/MiniOzoneClusterImpl-18ff7c11-c606-42f1-8c5c-1f8c02111a4f/scmNode-1/scm; cid=18ff7c11-c606-42f1-8c5c-1f8c02111a4f; layoutVersion=2; scmId=3049a9d5-7c8a-485e-b9b8-96288700cc55
2021-12-01 05:33:44,199 [Listener at 127.0.0.1/13944] INFO  ha.SCMHANodeDetails (SCMHANodeDetails.java:loadSCMHAConfig(157)) - ServiceID for StorageContainerManager is scm-service-test1
2021-12-01 05:33:44,199 [Listener at 127.0.0.1/13944] INFO  ha.SCMHANodeDetails (SCMHANodeDetails.java:loadSCMHAConfig(168)) - ServiceID for StorageContainerManager is scm-service-test1
2021-12-01 05:33:44,200 [Listener at 127.0.0.1/13944] WARN  scm.ScmUtils (ScmUtils.java:logWarn(179)) - ConfigKey ozone.scm.block.client.address is deprecated, For configuring different ports for each SCM use PortConfigKey ozone.scm.block.client.port appended with serviceId and nodeId. If want to configure same port configure ozone.scm.block.client.port
2021-12-01 05:33:44,200 [Listener at 127.0.0.1/13944] WARN  scm.ScmUtils (ScmUtils.java:logWarn(179)) - ConfigKey ozone.scm.client.address is deprecated, For configuring different ports for each SCM use PortConfigKey ozone.scm.client.port appended with serviceId and nodeId. If want to configure same port configure ozone.scm.client.port
2021-12-01 05:33:44,200 [Listener at 127.0.0.1/13944] WARN  scm.ScmUtils (ScmUtils.java:logWarn(179)) - ConfigKey ozone.scm.datanode.address is deprecated, For configuring different ports for each SCM use PortConfigKey ozone.scm.datanode.port appended with serviceId and nodeId. If want to configure same port configure ozone.scm.datanode.port
2021-12-01 05:33:44,200 [Listener at 127.0.0.1/13944] WARN  scm.ScmUtils (ScmUtils.java:logWarn(179)) - ConfigKey ozone.scm.block.client.address is deprecated, For configuring different ports for each SCM use PortConfigKey ozone.scm.block.client.port appended with serviceId and nodeId. If want to configure same port configure ozone.scm.block.client.port
2021-12-01 05:33:44,200 [Listener at 127.0.0.1/13944] WARN  scm.ScmUtils (ScmUtils.java:logWarn(179)) - ConfigKey ozone.scm.client.address is deprecated, For configuring different ports for each SCM use PortConfigKey ozone.scm.client.port appended with serviceId and nodeId. If want to configure same port configure ozone.scm.client.port
2021-12-01 05:33:44,200 [Listener at 127.0.0.1/13944] WARN  scm.ScmUtils (ScmUtils.java:logWarn(179)) - ConfigKey ozone.scm.datanode.address is deprecated, For configuring different ports for each SCM use PortConfigKey ozone.scm.datanode.port appended with serviceId and nodeId. If want to configure same port configure ozone.scm.datanode.port
2021-12-01 05:33:44,202 [Listener at 127.0.0.1/13944] INFO  ha.SCMHANodeDetails (SCMHANodeDetails.java:loadSCMHAConfig(250)) - Found matching SCM address with SCMServiceId: scm-service-test1, SCMNodeId: scmNode-1, RPC Address: localhost:14728 and Ratis port: 14728
2021-12-01 05:33:44,202 [Listener at 127.0.0.1/13944] INFO  ha.SCMHANodeDetails (ConfUtils.java:setNodeSpecificConfigs(108)) - Setting configuration key ozone.scm.datanode.address with value of key ozone.scm.datanode.address.scm-service-test1.scmNode-1: 127.0.0.1:14729
2021-12-01 05:33:44,202 [Listener at 127.0.0.1/13944] INFO  ha.SCMHANodeDetails (ConfUtils.java:setNodeSpecificConfigs(108)) - Setting configuration key ozone.scm.block.client.address with value of key ozone.scm.block.client.address.scm-service-test1.scmNode-1: 127.0.0.1:14730
2021-12-01 05:33:44,202 [Listener at 127.0.0.1/13944] INFO  ha.SCMHANodeDetails (ConfUtils.java:setNodeSpecificConfigs(108)) - Setting configuration key ozone.scm.client.address with value of key ozone.scm.client.address.scm-service-test1.scmNode-1: 127.0.0.1:14731
2021-12-01 05:33:44,202 [Listener at 127.0.0.1/13944] INFO  ha.SCMHANodeDetails (ConfUtils.java:setNodeSpecificConfigs(108)) - Setting configuration key ozone.scm.ratis.port with value of key ozone.scm.ratis.port.scm-service-test1.scmNode-1: 14728
2021-12-01 05:33:44,202 [Listener at 127.0.0.1/13944] INFO  ha.SCMHANodeDetails (ConfUtils.java:setNodeSpecificConfigs(108)) - Setting configuration key ozone.scm.grpc.port with value of key ozone.scm.grpc.port.scm-service-test1.scmNode-1: 14732
2021-12-01 05:33:44,202 [Listener at 127.0.0.1/13944] INFO  ha.SCMHANodeDetails (ConfUtils.java:setNodeSpecificConfigs(108)) - Setting configuration key ozone.scm.http-address with value of key ozone.scm.http-address.scm-service-test1.scmNode-1: 127.0.0.1:14726
2021-12-01 05:33:44,202 [Listener at 127.0.0.1/13944] INFO  ha.SCMHANodeDetails (ConfUtils.java:setNodeSpecificConfigs(108)) - Setting configuration key ozone.scm.https-address with value of key ozone.scm.https-address.scm-service-test1.scmNode-1: 127.0.0.1:14727
2021-12-01 05:33:44,203 [Listener at 127.0.0.1/13944] INFO  ha.SCMHANodeDetails (ConfUtils.java:setNodeSpecificConfigs(108)) - Setting configuration key ozone.scm.address with value of key ozone.scm.address.scm-service-test1.scmNode-1: 127.0.0.1
2021-12-01 05:33:44,203 [Listener at 127.0.0.1/13944] WARN  scm.ScmUtils (ScmUtils.java:logWarn(179)) - ConfigKey ozone.scm.block.client.address is deprecated, For configuring different ports for each SCM use PortConfigKey ozone.scm.block.client.port appended with serviceId and nodeId. If want to configure same port configure ozone.scm.block.client.port
2021-12-01 05:33:44,203 [Listener at 127.0.0.1/13944] WARN  scm.ScmUtils (ScmUtils.java:logWarn(179)) - ConfigKey ozone.scm.client.address is deprecated, For configuring different ports for each SCM use PortConfigKey ozone.scm.client.port appended with serviceId and nodeId. If want to configure same port configure ozone.scm.client.port
2021-12-01 05:33:44,203 [Listener at 127.0.0.1/13944] WARN  scm.ScmUtils (ScmUtils.java:logWarn(179)) - ConfigKey ozone.scm.datanode.address is deprecated, For configuring different ports for each SCM use PortConfigKey ozone.scm.datanode.port appended with serviceId and nodeId. If want to configure same port configure ozone.scm.datanode.port
2021-12-01 05:33:44,204 [Listener at 127.0.0.1/13944] WARN  server.ServerUtils (ServerUtils.java:getScmDbDir(148)) - ozone.scm.db.dirs is not configured. We recommend adding this setting. Falling back to ozone.metadata.dirs instead.
2021-12-01 05:33:44,205 [Listener at 127.0.0.1/13944] INFO  upgrade.AbstractLayoutVersionManager (AbstractLayoutVersionManager.java:init(79)) - Initializing Layout version manager with metadata layout = SCM_HA (version = 2), software layout = SCM_HA (version = 2)
2021-12-01 05:33:44,320 [Listener at 127.0.0.1/13944] INFO  reflections.Reflections (Reflections.java:scan(232)) - Reflections took 114 ms to scan 7 urls, producing 119 keys and 279 values 
2021-12-01 05:33:44,321 [Listener at 127.0.0.1/13944] WARN  utils.HAUtils (HAUtils.java:getMetaDir(342)) - ozone.scm.db.dirs is not configured. We recommend adding this setting. Falling back to ozone.metadata.dirs instead.
2021-12-01 05:33:44,322 [Listener at 127.0.0.1/13944] WARN  db.DBStoreBuilder (DBStoreBuilder.java:applyDBDefinition(145)) - ozone.scm.db.dirs is not configured. We recommend adding this setting. Falling back to ozone.metadata.dirs instead.
2021-12-01 05:33:44,481 [Listener at 127.0.0.1/13944] INFO  net.NodeSchemaLoader (NodeSchemaLoader.java:loadSchemaFromFile(129)) - Loading schema from [jar:file:/home/runner/.m2/repository/org/apache/ozone/hdds-common/1.3.0-SNAPSHOT/hdds-common-1.3.0-SNAPSHOT.jar!/network-topology-default.xml]
2021-12-01 05:33:44,482 [Listener at 127.0.0.1/13944] INFO  net.NodeSchemaLoader (NodeSchemaLoader.java:loadSchema(176)) - Loading network topology layer schema file
2021-12-01 05:33:44,490 [Listener at 127.0.0.1/13944] INFO  ha.SCMRatisServerImpl (SCMRatisServerImpl.java:<init>(87)) - starting Raft server for scm:3049a9d5-7c8a-485e-b9b8-96288700cc55
2021-12-01 05:33:44,494 [Listener at 127.0.0.1/13944] INFO  server.RaftServer (ConfUtils.java:logGet(44)) - raft.rpc.type = GRPC (default)
2021-12-01 05:33:44,495 [Listener at 127.0.0.1/13944] INFO  grpc.GrpcFactory (GrpcFactory.java:checkPooledByteBufAllocatorUseCacheForAllThreads(48)) - PERFORMANCE WARNING: useCacheForAllThreads is true that may cause Netty to create a lot garbage objects and, as a result, trigger GC.
	It is recommended to disable useCacheForAllThreads by setting -Dorg.apache.ratis.thirdparty.io.netty.allocator.useCacheForAllThreads=false in command line.
2021-12-01 05:33:44,495 [Listener at 127.0.0.1/13944] INFO  grpc.GrpcConfigKeys (ConfUtils.java:logGet(44)) - raft.grpc.admin.port = -1 (default)
2021-12-01 05:33:44,495 [Listener at 127.0.0.1/13944] INFO  grpc.GrpcConfigKeys (ConfUtils.java:logGet(44)) - raft.grpc.server.port = 14728 (custom)
2021-12-01 05:33:44,495 [Listener at 127.0.0.1/13944] INFO  grpc.GrpcConfigKeys (ConfUtils.java:logGet(44)) - raft.grpc.client.port = -1 (default)
2021-12-01 05:33:44,496 [Listener at 127.0.0.1/13944] INFO  grpc.GrpcConfigKeys (ConfUtils.java:logGet(44)) - raft.grpc.server.port = 14728 (custom)
2021-12-01 05:33:44,496 [Listener at 127.0.0.1/13944] INFO  grpc.GrpcConfigKeys (ConfUtils.java:logGet(44)) - raft.grpc.server.port = 14728 (custom)
2021-12-01 05:33:44,496 [Listener at 127.0.0.1/13944] INFO  server.GrpcService (ConfUtils.java:logGet(44)) - raft.grpc.message.size.max = 32m (=33554432) (custom)
2021-12-01 05:33:44,496 [Listener at 127.0.0.1/13944] INFO  server.RaftServerConfigKeys (ConfUtils.java:logGet(44)) - raft.server.log.appender.buffer.byte-limit = 33554432 (custom)
2021-12-01 05:33:44,496 [Listener at 127.0.0.1/13944] INFO  server.GrpcService (ConfUtils.java:logGet(44)) - raft.grpc.flow.control.window = 1MB (=1048576) (default)
2021-12-01 05:33:44,496 [Listener at 127.0.0.1/13944] INFO  server.RaftServerConfigKeys (ConfUtils.java:logGet(44)) - raft.server.rpc.request.timeout = 30000ms (custom)
2021-12-01 05:33:44,498 [Listener at 127.0.0.1/13944] INFO  impl.DataStreamServerImpl (ConfUtils.java:logGet(44)) - raft.datastream.type = DISABLED (default)
2021-12-01 05:33:44,498 [Listener at 127.0.0.1/13944] INFO  server.RaftServerConfigKeys (ConfUtils.java:logGet(44)) - raft.server.rpc.slowness.timeout = 120000ms (custom)
2021-12-01 05:33:44,499 [Listener at 127.0.0.1/13944] INFO  server.RaftServerConfigKeys (ConfUtils.java:logGet(44)) - raft.server.leaderelection.leader.step-down.wait-time = 10s (default)
2021-12-01 05:33:44,499 [Listener at 127.0.0.1/13944] INFO  server.RaftServerConfigKeys (ConfUtils.java:logGet(44)) - raft.server.storage.dir = [/home/runner/work/ozone/ozone/hadoop-ozone/integration-test/target/test-dir/MiniOzoneClusterImpl-18ff7c11-c606-42f1-8c5c-1f8c02111a4f/scmNode-1/scm-ha] (custom)
2021-12-01 05:33:44,499 [Listener at 127.0.0.1/13944] INFO  server.RaftServer (RaftServerProxy.java:lambda$null$1(235)) - 3049a9d5-7c8a-485e-b9b8-96288700cc55: found a subdirectory /home/runner/work/ozone/ozone/hadoop-ozone/integration-test/target/test-dir/MiniOzoneClusterImpl-18ff7c11-c606-42f1-8c5c-1f8c02111a4f/scmNode-1/scm-ha/18ff7c11-c606-42f1-8c5c-1f8c02111a4f
2021-12-01 05:33:44,500 [Listener at 127.0.0.1/13944] INFO  server.RaftServer (RaftServerProxy.java:addNew(95)) - 3049a9d5-7c8a-485e-b9b8-96288700cc55: addNew group-1F8C02111A4F:[] returns group-1F8C02111A4F:java.util.concurrent.CompletableFuture@501f3c79[Not completed]
2021-12-01 05:33:44,500 [pool-204-thread-1] INFO  server.RaftServer$Division (RaftServerImpl.java:<init>(184)) - 3049a9d5-7c8a-485e-b9b8-96288700cc55: new RaftServerImpl for group-1F8C02111A4F:[] with SCMStateMachine:uninitialized
2021-12-01 05:33:44,510 [pool-204-thread-1] INFO  server.RaftServerConfigKeys (ConfUtils.java:logGet(44)) - raft.server.rpc.timeout.min = 5000ms (custom)
2021-12-01 05:33:44,510 [pool-204-thread-1] INFO  server.RaftServerConfigKeys (ConfUtils.java:logGet(44)) - raft.server.rpc.timeout.max = 5200ms (custom)
2021-12-01 05:33:44,510 [pool-204-thread-1] INFO  server.RaftServerConfigKeys (ConfUtils.java:logGet(44)) - raft.server.rpc.sleep.time = 25ms (default)
2021-12-01 05:33:44,510 [pool-204-thread-1] INFO  server.RaftServerConfigKeys (ConfUtils.java:logGet(44)) - raft.server.rpc.slowness.timeout = 120000ms (custom)
2021-12-01 05:33:44,510 [pool-204-thread-1] INFO  server.RaftServerConfigKeys (ConfUtils.java:logGet(44)) - raft.server.leaderelection.leader.step-down.wait-time = 10s (default)
2021-12-01 05:33:44,510 [pool-204-thread-1] INFO  server.RaftServerConfigKeys (ConfUtils.java:logGet(44)) - raft.server.sleep.deviation.threshold = 300ms (default)
2021-12-01 05:33:44,510 [pool-204-thread-1] INFO  server.RaftServerConfigKeys (ConfUtils.java:logGet(44)) - raft.server.log.appender.install.snapshot.enabled = false (custom)
2021-12-01 05:33:44,510 [pool-204-thread-1] INFO  server.RaftServer$Division (ServerState.java:<init>(105)) - 3049a9d5-7c8a-485e-b9b8-96288700cc55@group-1F8C02111A4F: ConfigurationManager, init=-1: [], old=null, confs=<EMPTY_MAP>
2021-12-01 05:33:44,510 [pool-204-thread-1] INFO  server.RaftServerConfigKeys (ConfUtils.java:logGet(44)) - raft.server.storage.dir = [/home/runner/work/ozone/ozone/hadoop-ozone/integration-test/target/test-dir/MiniOzoneClusterImpl-18ff7c11-c606-42f1-8c5c-1f8c02111a4f/scmNode-1/scm-ha] (custom)
2021-12-01 05:33:44,510 [pool-204-thread-1] INFO  server.RaftServerConfigKeys (ConfUtils.java:logGet(44)) - raft.server.log.corruption.policy = EXCEPTION (default)
2021-12-01 05:33:44,510 [pool-204-thread-1] INFO  server.RaftServerConfigKeys (ConfUtils.java:logGet(44)) - raft.server.storage.free-space.min = 0MB (=0) (default)
2021-12-01 05:33:44,512 [pool-204-thread-1] INFO  storage.RaftStorageDirectory (RaftStorageDirectoryImpl.java:tryLock(230)) - Lock on /home/runner/work/ozone/ozone/hadoop-ozone/integration-test/target/test-dir/MiniOzoneClusterImpl-18ff7c11-c606-42f1-8c5c-1f8c02111a4f/scmNode-1/scm-ha/18ff7c11-c606-42f1-8c5c-1f8c02111a4f/in_use.lock acquired by nodename 30928@fv-az297-56
2021-12-01 05:33:44,512 [pool-204-thread-1] INFO  storage.RaftStorage (RaftStorageImpl.java:analyzeAndRecoverStorage(110)) - Read RaftStorageMetadata{term=1, votedFor=3049a9d5-7c8a-485e-b9b8-96288700cc55} from /home/runner/work/ozone/ozone/hadoop-ozone/integration-test/target/test-dir/MiniOzoneClusterImpl-18ff7c11-c606-42f1-8c5c-1f8c02111a4f/scmNode-1/scm-ha/18ff7c11-c606-42f1-8c5c-1f8c02111a4f/current/raft-meta
2021-12-01 05:33:44,512 [pool-204-thread-1] INFO  server.RaftServer$Division (ServerState.java:setRaftConf(387)) - 3049a9d5-7c8a-485e-b9b8-96288700cc55@group-1F8C02111A4F: set configuration 0: [3049a9d5-7c8a-485e-b9b8-96288700cc55|rpc:localhost:14728|admin:|client:|dataStream:|priority:0], old=null
2021-12-01 05:33:44,518 [pool-204-thread-1] INFO  server.RaftServerConfigKeys (ConfUtils.java:logGet(44)) - raft.server.notification.no-leader.timeout = 60s (default)
2021-12-01 05:33:44,518 [pool-204-thread-1] INFO  server.RaftServerConfigKeys (ConfUtils.java:logGet(44)) - raft.server.log.use.memory = false (default)
2021-12-01 05:33:44,518 [pool-204-thread-1] INFO  server.RaftServerConfigKeys (ConfUtils.java:logGet(44)) - raft.server.log.purge.gap = 5 (custom)
2021-12-01 05:33:44,518 [pool-204-thread-1] INFO  server.RaftServerConfigKeys (ConfUtils.java:logGet(44)) - raft.server.log.appender.buffer.byte-limit = 33554432 (custom)
2021-12-01 05:33:44,518 [pool-204-thread-1] INFO  server.RaftServerConfigKeys (ConfUtils.java:logGet(44)) - raft.server.log.segment.size.max = 4194304 (custom)
2021-12-01 05:33:44,518 [pool-204-thread-1] INFO  server.RaftServerConfigKeys (ConfUtils.java:logGet(44)) - raft.server.log.segment.cache.num.max = 2 (custom)
2021-12-01 05:33:44,518 [pool-204-thread-1] INFO  server.RaftServerConfigKeys (ConfUtils.java:logGet(44)) - raft.server.log.segment.cache.size.max = 200MB (=209715200) (default)
2021-12-01 05:33:44,518 [pool-204-thread-1] INFO  segmented.SegmentedRaftLogWorker (SegmentedRaftLogWorker.java:<init>(182)) - new 3049a9d5-7c8a-485e-b9b8-96288700cc55@group-1F8C02111A4F-SegmentedRaftLogWorker for RaftStorageImpl:Storage Directory /home/runner/work/ozone/ozone/hadoop-ozone/integration-test/target/test-dir/MiniOzoneClusterImpl-18ff7c11-c606-42f1-8c5c-1f8c02111a4f/scmNode-1/scm-ha/18ff7c11-c606-42f1-8c5c-1f8c02111a4f
2021-12-01 05:33:44,519 [pool-204-thread-1] INFO  server.RaftServerConfigKeys (ConfUtils.java:logGet(44)) - raft.server.log.queue.byte-limit = 64MB (=67108864) (default)
2021-12-01 05:33:44,519 [pool-204-thread-1] INFO  server.RaftServerConfigKeys (ConfUtils.java:logGet(44)) - raft.server.log.queue.element-limit = 4096 (default)
2021-12-01 05:33:44,519 [pool-204-thread-1] INFO  server.RaftServerConfigKeys (ConfUtils.java:logGet(44)) - raft.server.log.segment.size.max = 4194304 (custom)
2021-12-01 05:33:44,519 [pool-204-thread-1] INFO  server.RaftServerConfigKeys (ConfUtils.java:logGet(44)) - raft.server.log.preallocated.size = 4194304 (custom)
2021-12-01 05:33:44,519 [pool-204-thread-1] INFO  server.RaftServerConfigKeys (ConfUtils.java:logGet(44)) - raft.server.log.force.sync.num = 128 (default)
2021-12-01 05:33:44,519 [pool-204-thread-1] INFO  server.RaftServerConfigKeys (ConfUtils.java:logGet(44)) - raft.server.log.statemachine.data.sync = true (default)
2021-12-01 05:33:44,519 [pool-204-thread-1] INFO  server.RaftServerConfigKeys (ConfUtils.java:logGet(44)) - raft.server.log.statemachine.data.sync.timeout = 10s (default)
2021-12-01 05:33:44,519 [pool-204-thread-1] INFO  server.RaftServerConfigKeys (ConfUtils.java:logGet(44)) - raft.server.log.statemachine.data.sync.timeout.retry = -1 (default)
2021-12-01 05:33:44,520 [pool-204-thread-1] INFO  server.RaftServerConfigKeys (ConfUtils.java:logGet(44)) - raft.server.log.write.buffer.size = 64KB (=65536) (default)
2021-12-01 05:33:44,520 [pool-204-thread-1] INFO  server.RaftServerConfigKeys (ConfUtils.java:logGet(44)) - raft.server.log.statemachine.data.caching.enabled = false (default)
2021-12-01 05:33:44,521 [pool-204-thread-1] INFO  server.RaftServer$Division (ServerState.java:setRaftConf(387)) - 3049a9d5-7c8a-485e-b9b8-96288700cc55@group-1F8C02111A4F: set configuration 0: [3049a9d5-7c8a-485e-b9b8-96288700cc55|rpc:localhost:14728|admin:|client:|dataStream:|priority:0], old=null
2021-12-01 05:33:44,521 [pool-204-thread-1] INFO  segmented.LogSegment (LogSegment.java:loadSegment(173)) - Successfully read 1 entries from segment file /home/runner/work/ozone/ozone/hadoop-ozone/integration-test/target/test-dir/MiniOzoneClusterImpl-18ff7c11-c606-42f1-8c5c-1f8c02111a4f/scmNode-1/scm-ha/18ff7c11-c606-42f1-8c5c-1f8c02111a4f/current/log_inprogress_0
2021-12-01 05:33:44,521 [pool-204-thread-1] INFO  segmented.SegmentedRaftLogWorker (SegmentedRaftLogWorker.java:lambda$new$0(133)) - 3049a9d5-7c8a-485e-b9b8-96288700cc55@group-1F8C02111A4F-SegmentedRaftLogWorker: flushIndex: setUnconditionally 0 -> 0
2021-12-01 05:33:44,521 [pool-204-thread-1] INFO  segmented.SegmentedRaftLogWorker (SegmentedRaftLogWorker.java:lambda$new$0(133)) - 3049a9d5-7c8a-485e-b9b8-96288700cc55@group-1F8C02111A4F-SegmentedRaftLogWorker: safeCacheEvictIndex: setUnconditionally 0 -> -1
2021-12-01 05:33:44,554 [pool-204-thread-1] INFO  server.RaftServerConfigKeys (ConfUtils.java:logGet(44)) - raft.server.snapshot.auto.trigger.enabled = true (custom)
2021-12-01 05:33:44,554 [pool-204-thread-1] INFO  server.RaftServerConfigKeys (ConfUtils.java:logGet(44)) - raft.server.snapshot.auto.trigger.threshold = 5 (custom)
2021-12-01 05:33:44,554 [pool-204-thread-1] INFO  server.RaftServerConfigKeys (ConfUtils.java:logGet(44)) - raft.server.snapshot.retention.file.num = -1 (default)
2021-12-01 05:33:44,554 [pool-204-thread-1] INFO  server.RaftServerConfigKeys (ConfUtils.java:logGet(44)) - raft.server.log.purge.upto.snapshot.index = true (custom)
2021-12-01 05:33:44,554 [pool-204-thread-1] INFO  server.RaftServerConfigKeys (ConfUtils.java:logGet(44)) - raft.server.retrycache.expirytime = 60000ms (default)
2021-12-01 05:33:44,554 [pool-204-thread-1] INFO  server.RaftServerConfigKeys (ConfUtils.java:logGet(44)) - raft.server.retrycache.statistics.expirytime = 100μs (default)
2021-12-01 05:33:44,555 [Listener at 127.0.0.1/13944] INFO  ha.SCMSnapshotProvider (SCMSnapshotProvider.java:<init>(66)) - Initializing SCM Snapshot Provider
2021-12-01 05:33:44,555 [Listener at 127.0.0.1/13944] WARN  server.ServerUtils (ServerUtils.java:getDefaultRatisDirectory(237)) - Storage directory for Ratis is not configured. It is a good idea to map this to an SSD disk. Falling back to ozone.metadata.dirs
2021-12-01 05:33:44,555 [Listener at 127.0.0.1/13944] WARN  ha.SCMHAUtils (SCMHAUtils.java:getSCMRatisSnapshotDirectory(146)) - SCM snapshot dir is not configured. Falling back to ozone.metadata.dirs config
2021-12-01 05:33:44,556 [Listener at 127.0.0.1/13944] INFO  ha.SequenceIdGenerator (SequenceIdGenerator.java:upgradeToSequenceId(347)) - upgrade localId to 107544261427200000
2021-12-01 05:33:44,556 [Listener at 127.0.0.1/13944] INFO  ha.SequenceIdGenerator (SequenceIdGenerator.java:upgradeToSequenceId(357)) - upgrade delTxnId to 0
2021-12-01 05:33:44,556 [Listener at 127.0.0.1/13944] INFO  ha.SequenceIdGenerator (SequenceIdGenerator.java:upgradeToSequenceId(371)) - upgrade containerId to 0
2021-12-01 05:33:44,557 [Listener at 127.0.0.1/13944] INFO  ha.SequenceIdGenerator (SequenceIdGenerator.java:<init>(218)) - Init the HA SequenceIdGenerator.
2021-12-01 05:33:44,566 [Listener at 127.0.0.1/13944] INFO  node.SCMNodeManager (SCMNodeManager.java:<init>(144)) - Entering startup safe mode.
2021-12-01 05:33:44,566 [Listener at 127.0.0.1/13944] INFO  algorithms.ContainerPlacementPolicyFactory (ContainerPlacementPolicyFactory.java:getPolicy(60)) - Create container placement policy of type org.apache.hadoop.hdds.scm.container.placement.algorithms.SCMContainerPlacementRandom
2021-12-01 05:33:44,566 [Listener at 127.0.0.1/13944] INFO  pipeline.PipelineStateManagerImpl (PipelineStateManagerImpl.java:initialize(78)) - No pipeline exists in current db
2021-12-01 05:33:44,566 [Listener at 127.0.0.1/13944] INFO  algorithms.LeaderChoosePolicyFactory (LeaderChoosePolicyFactory.java:getPolicy(57)) - Create leader choose policy of type org.apache.hadoop.hdds.scm.pipeline.leader.choose.algorithms.MinLeaderCountChoosePolicy
2021-12-01 05:33:44,567 [Listener at 127.0.0.1/13944] INFO  ha.SCMServiceManager (SCMServiceManager.java:register(43)) - Registering service BackgroundPipelineCreator.
2021-12-01 05:33:44,567 [Listener at 127.0.0.1/13944] INFO  pipeline.BackgroundPipelineCreator (BackgroundPipelineCreator.java:start(130)) - Starting RatisPipelineUtilsThread.
2021-12-01 05:33:44,578 [Listener at 127.0.0.1/13944] INFO  algorithms.PipelineChoosePolicyFactory (PipelineChoosePolicyFactory.java:createPipelineChoosePolicyFromClass(73)) - Create pipeline choose policy of type org.apache.hadoop.hdds.scm.pipeline.choose.algorithms.RandomPipelineChoosePolicy
2021-12-01 05:33:44,578 [Listener at 127.0.0.1/13944] INFO  ha.SCMServiceManager (SCMServiceManager.java:register(43)) - Registering service SCMBlockDeletingService.
2021-12-01 05:33:44,579 [Listener at 127.0.0.1/13944] INFO  ha.SCMServiceManager (SCMServiceManager.java:register(43)) - Registering service ReplicationManager.
2021-12-01 05:33:44,579 [Listener at 127.0.0.1/13944] INFO  container.ReplicationManager (ReplicationManager.java:start(319)) - Starting Replication Monitor Thread.
2021-12-01 05:33:44,580 [Listener at 127.0.0.1/13944] INFO  safemode.ContainerSafeModeRule (ContainerSafeModeRule.java:<init>(89)) - containers with one replica threshold count 0
2021-12-01 05:33:44,580 [Listener at 127.0.0.1/13944] INFO  safemode.HealthyPipelineSafeModeRule (HealthyPipelineSafeModeRule.java:initializeRule(156)) - Total pipeline count is 0, healthy pipeline threshold count is 1
2021-12-01 05:33:44,580 [Listener at 127.0.0.1/13944] INFO  safemode.OneReplicaPipelineSafeModeRule (OneReplicaPipelineSafeModeRule.java:initializeRule(180)) - Total pipeline count is 0, pipeline's with at least one datanode reported threshold count is 0
2021-12-01 05:33:44,590 [Listener at 127.0.0.1/13944] INFO  ipc.CallQueueManager (CallQueueManager.java:<init>(90)) - Using callQueue: class java.util.concurrent.LinkedBlockingQueue, queueCapacity: 10000, scheduler: class org.apache.hadoop.ipc.DefaultRpcScheduler, ipcBackoff: false.
2021-12-01 05:33:44,594 [Socket Reader #1 for port 14729] INFO  ipc.Server (Server.java:run(1265)) - Starting Socket Reader #1 for port 14729
2021-12-01 05:33:44,602 [Listener at 0.0.0.0/14729] INFO  ipc.CallQueueManager (CallQueueManager.java:<init>(90)) - Using callQueue: class java.util.concurrent.LinkedBlockingQueue, queueCapacity: 10000, scheduler: class org.apache.hadoop.ipc.DefaultRpcScheduler, ipcBackoff: false.
2021-12-01 05:33:44,606 [ReplicationMonitor] INFO  container.ReplicationManager (ReplicationManager.java:processAll(371)) - Replication Monitor Thread took 0 milliseconds for processing 0 containers.
2021-12-01 05:33:44,622 [Socket Reader #1 for port 14730] INFO  ipc.Server (Server.java:run(1265)) - Starting Socket Reader #1 for port 14730
2021-12-01 05:33:44,630 [Listener at 0.0.0.0/14730] INFO  ipc.CallQueueManager (CallQueueManager.java:<init>(90)) - Using callQueue: class java.util.concurrent.LinkedBlockingQueue, queueCapacity: 10000, scheduler: class org.apache.hadoop.ipc.DefaultRpcScheduler, ipcBackoff: false.
2021-12-01 05:33:44,631 [Socket Reader #1 for port 14731] INFO  ipc.Server (Server.java:run(1265)) - Starting Socket Reader #1 for port 14731
2021-12-01 05:33:44,688 [Listener at 0.0.0.0/14731] INFO  algorithms.ContainerPlacementPolicyFactory (ContainerPlacementPolicyFactory.java:getPolicy(60)) - Create container placement policy of type org.apache.hadoop.hdds.scm.container.placement.algorithms.SCMContainerPlacementRandom
2021-12-01 05:33:44,691 [Listener at 0.0.0.0/14731] INFO  server.StorageContainerManager (StorageContainerManager.java:<init>(388)) - 
Container Balancer status:
Key                            Value
Running                        false
Container Balancer Configuration values:
Key                                                Value
Threshold                                          0.1
Max Datanodes to Involve per Iteration(ratio)      0.2
Max Size to Move per Iteration                     30GB
Max Size Entering Target per Iteration             1GB
Max Size Leaving Source per Iteration              1GB

2021-12-01 05:33:44,698 [Listener at 0.0.0.0/14731] WARN  events.EventQueue (EventQueue.java:fireEvent(194)) - No event handler registered for event TypedEvent{payloadType=SafeModeStatus, name='Safe mode status'}
2021-12-01 05:33:44,698 [Listener at 0.0.0.0/14731] INFO  ha.SCMContext (SCMContext.java:updateSafeModeStatus(205)) - Update SafeModeStatus from SafeModeStatus{safeModeStatus=true, preCheckPassed=false} to SafeModeStatus{safeModeStatus=true, preCheckPassed=false}.
2021-12-01 05:33:44,698 [Listener at 0.0.0.0/14731] INFO  server.StorageContainerManager (StorageContainerManager.java:start(1303)) - StorageContainerLocationProtocol RPC server is listening at /0.0.0.0:14731
2021-12-01 05:33:44,698 [Listener at 0.0.0.0/14731] INFO  ha.SCMRatisServerImpl (SCMRatisServerImpl.java:start(177)) - starting ratis server 0.0.0.0:14728
2021-12-01 05:33:44,698 [Listener at 0.0.0.0/14731] INFO  server.RaftServer$Division (RaftServerImpl.java:start(301)) - 3049a9d5-7c8a-485e-b9b8-96288700cc55@group-1F8C02111A4F: start as a follower, conf=0: [3049a9d5-7c8a-485e-b9b8-96288700cc55|rpc:localhost:14728|admin:|client:|dataStream:|priority:0], old=null
2021-12-01 05:33:44,699 [Listener at 0.0.0.0/14731] INFO  server.RaftServer$Division (RaftServerImpl.java:setRole(290)) - 3049a9d5-7c8a-485e-b9b8-96288700cc55@group-1F8C02111A4F: changes role from      null to FOLLOWER at term 1 for startAsFollower
2021-12-01 05:33:44,699 [Listener at 0.0.0.0/14731] INFO  impl.RoleInfo (RoleInfo.java:updateAndGet(130)) - 3049a9d5-7c8a-485e-b9b8-96288700cc55: start 3049a9d5-7c8a-485e-b9b8-96288700cc55@group-1F8C02111A4F-FollowerState
2021-12-01 05:33:44,715 [Listener at 0.0.0.0/14731] INFO  util.JmxRegister (JmxRegister.java:tryRegister(44)) - Successfully registered JMX Bean with object name Ratis:service=RaftServer,group=group-1F8C02111A4F,id=3049a9d5-7c8a-485e-b9b8-96288700cc55
2021-12-01 05:33:44,726 [Listener at 0.0.0.0/14731] INFO  server.RaftServer (RaftServerProxy.java:lambda$start$5(374)) - 3049a9d5-7c8a-485e-b9b8-96288700cc55: start RPC server
2021-12-01 05:33:44,726 [Listener at 0.0.0.0/14731] INFO  server.GrpcService (GrpcService.java:startImpl(253)) - 3049a9d5-7c8a-485e-b9b8-96288700cc55: GrpcService started, listening on 14728
2021-12-01 05:33:44,738 [Listener at 0.0.0.0/14731] INFO  ha.SCMHAManagerImpl (SCMHAManagerImpl.java:start(120)) -  scm role is FOLLOWER peers [3049a9d5-7c8a-485e-b9b8-96288700cc55|rpc:localhost:14728|admin:|client:|dataStream:|priority:0]
2021-12-01 05:33:44,738 [Listener at 0.0.0.0/14731] INFO  ha.InterSCMGrpcService (InterSCMGrpcProtocolService.java:start(94)) - Starting SCM Grpc Service at port 14732
2021-12-01 05:33:44,739 [Listener at 0.0.0.0/14731] WARN  impl.MetricsConfig (MetricsConfig.java:loadFirst(136)) - Cannot locate configuration: tried hadoop-metrics2-storagecontainermanager.properties,hadoop-metrics2.properties
2021-12-01 05:33:44,742 [org.apache.ratis.util.JvmPauseMonitor$$Lambda$499/989520513@2f73cc9d] INFO  util.JvmPauseMonitor (JvmPauseMonitor.java:run(103)) - JvmPauseMonitor-3049a9d5-7c8a-485e-b9b8-96288700cc55: Started
2021-12-01 05:33:44,762 [Listener at 0.0.0.0/14731] INFO  impl.MetricsSystemImpl (MetricsSystemImpl.java:startTimer(378)) - Scheduled Metric snapshot period at 10 second(s).
2021-12-01 05:33:44,762 [Listener at 0.0.0.0/14731] INFO  impl.MetricsSystemImpl (MetricsSystemImpl.java:start(191)) - StorageContainerManager metrics system started
2021-12-01 05:33:44,781 [Listener at 0.0.0.0/14731] INFO  impl.MetricsSinkAdapter (MetricsSinkAdapter.java:start(204)) - Sink prometheus started
2021-12-01 05:33:44,782 [Listener at 0.0.0.0/14731] INFO  impl.MetricsSystemImpl (MetricsSystemImpl.java:registerSink(305)) - Registered sink prometheus
2021-12-01 05:33:44,830 [Listener at 0.0.0.0/14731] INFO  server.SCMClientProtocolServer (SCMClientProtocolServer.java:start(164)) - RPC server for Client  is listening at /0.0.0.0:14731
2021-12-01 05:33:44,830 [IPC Server Responder] INFO  ipc.Server (Server.java:run(1507)) - IPC Server Responder: starting
2021-12-01 05:33:44,838 [IPC Server listener on 14731] INFO  ipc.Server (Server.java:run(1344)) - IPC Server listener on 14731: starting
2021-12-01 05:33:45,084 [EndpointStateMachine task thread for /127.0.0.1:14549 - 0 ] INFO  ipc.Client (Client.java:handleConnectionFailure(977)) - Retrying connect to server: localhost/127.0.0.1:14549. Already tried 7 time(s); retry policy is RetryUpToMaximumCountWithFixedSleep(maxRetries=15, sleepTime=1000 MILLISECONDS)
2021-12-01 05:33:45,084 [EndpointStateMachine task thread for /127.0.0.1:14529 - 0 ] INFO  ipc.Client (Client.java:handleConnectionFailure(977)) - Retrying connect to server: localhost/127.0.0.1:14529. Already tried 7 time(s); retry policy is RetryUpToMaximumCountWithFixedSleep(maxRetries=15, sleepTime=1000 MILLISECONDS)
2021-12-01 05:33:45,085 [EndpointStateMachine task thread for /127.0.0.1:14539 - 0 ] INFO  ipc.Client (Client.java:handleConnectionFailure(977)) - Retrying connect to server: localhost/127.0.0.1:14539. Already tried 7 time(s); retry policy is RetryUpToMaximumCountWithFixedSleep(maxRetries=15, sleepTime=1000 MILLISECONDS)
2021-12-01 05:33:45,138 [Listener at 0.0.0.0/14731] INFO  server.StorageContainerManager (StorageContainerManager.java:start(1318)) - ScmBlockLocationProtocol RPC server is listening at /0.0.0.0:14730
2021-12-01 05:33:45,139 [Listener at 0.0.0.0/14731] INFO  server.SCMBlockProtocolServer (SCMBlockProtocolServer.java:start(151)) - RPC server for Block Protocol is listening at /0.0.0.0:14730
2021-12-01 05:33:45,154 [IPC Server Responder] INFO  ipc.Server (Server.java:run(1507)) - IPC Server Responder: starting
2021-12-01 05:33:45,154 [IPC Server listener on 14730] INFO  ipc.Server (Server.java:run(1344)) - IPC Server listener on 14730: starting
2021-12-01 05:33:45,200 [Listener at 0.0.0.0/14731] INFO  server.StorageContainerManager (StorageContainerManager.java:start(1324)) - ScmDatanodeProtocl RPC server is listening at /0.0.0.0:14729
2021-12-01 05:33:45,204 [Listener at 0.0.0.0/14731] INFO  http.BaseHttpServer (BaseHttpServer.java:newHttpServer2BuilderForOzone(209)) - Starting Web-server for scm at: http://0.0.0.0:14726
2021-12-01 05:33:45,204 [Listener at 0.0.0.0/14731] INFO  http.BaseHttpServer (BaseHttpServer.java:<init>(107)) - Hadoop Security Enabled: false Ozone Security Enabled: false Ozone HTTP Security Enabled: false 
2021-12-01 05:33:45,205 [Listener at 0.0.0.0/14731] INFO  server.AuthenticationFilter (AuthenticationFilter.java:constructSecretProvider(240)) - Unable to initialize FileSignerSecretProvider, falling back to use random secrets.
2021-12-01 05:33:45,209 [org.apache.hadoop.util.JvmPauseMonitor$Monitor@387051e3] INFO  util.JvmPauseMonitor (JvmPauseMonitor.java:run(188)) - Starting JVM pause monitor
2021-12-01 05:33:45,210 [Listener at 0.0.0.0/14731] WARN  http.HttpRequestLog (HttpRequestLog.java:getRequestLog(103)) - Jetty request log can only be enabled using Log4j
2021-12-01 05:33:45,211 [Listener at 0.0.0.0/14731] INFO  http.HttpServer2 (HttpServer2.java:addGlobalFilter(1030)) - Added global filter 'safety' (class=org.apache.hadoop.hdds.server.http.HttpServer2$QuotingInputFilter)
2021-12-01 05:33:45,212 [Listener at 0.0.0.0/14731] INFO  http.HttpServer2 (HttpServer2.java:addFilter(1006)) - Added filter static_user_filter (class=org.apache.hadoop.http.lib.StaticUserWebFilter$StaticUserFilter) to context scm
2021-12-01 05:33:45,212 [Listener at 0.0.0.0/14731] INFO  http.HttpServer2 (HttpServer2.java:addFilter(1014)) - Added filter static_user_filter (class=org.apache.hadoop.http.lib.StaticUserWebFilter$StaticUserFilter) to context logs
2021-12-01 05:33:45,212 [Listener at 0.0.0.0/14731] INFO  http.HttpServer2 (HttpServer2.java:addFilter(1014)) - Added filter static_user_filter (class=org.apache.hadoop.http.lib.StaticUserWebFilter$StaticUserFilter) to context static
2021-12-01 05:33:45,212 [Listener at 0.0.0.0/14731] INFO  http.HttpServer2 (HttpServer2.java:bindListener(1249)) - Jetty bound to port 14726
2021-12-01 05:33:45,213 [Listener at 0.0.0.0/14731] INFO  server.Server (Server.java:doStart(375)) - jetty-9.4.43.v20210629; built: 2021-06-30T11:07:22.254Z; git: 526006ecfa3af7f1a27ef3a288e2bef7ea9dd7e8; jvm 1.8.0_292-b10
2021-12-01 05:33:45,238 [Listener at 0.0.0.0/14731] INFO  server.session (DefaultSessionIdManager.java:doStart(334)) - DefaultSessionIdManager workerName=node0
2021-12-01 05:33:45,238 [Listener at 0.0.0.0/14731] INFO  server.session (DefaultSessionIdManager.java:doStart(339)) - No SessionScavenger set, using defaults
2021-12-01 05:33:45,238 [Listener at 0.0.0.0/14731] INFO  server.session (HouseKeeper.java:startScavenging(132)) - node0 Scavenging every 660000ms
2021-12-01 05:33:45,254 [Listener at 0.0.0.0/14731] INFO  handler.ContextHandler (ContextHandler.java:doStart(915)) - Started o.e.j.s.ServletContextHandler@701cf3dc{logs,/logs,file:///home/runner/work/ozone/ozone/hadoop-ozone/integration-test/target/log,AVAILABLE}
2021-12-01 05:33:45,254 [Listener at 0.0.0.0/14731] INFO  handler.ContextHandler (ContextHandler.java:doStart(915)) - Started o.e.j.s.ServletContextHandler@3265285b{static,/static,file:///home/runner/work/ozone/ozone/hadoop-ozone/integration-test/target/test-classes/webapps/static,AVAILABLE}
2021-12-01 05:33:45,260 [Listener at 0.0.0.0/14731] INFO  handler.ContextHandler (ContextHandler.java:doStart(915)) - Started o.e.j.w.WebAppContext@4ae35819{scm,/,file:///home/runner/work/ozone/ozone/hadoop-ozone/integration-test/target/test-classes/webapps/scm/,AVAILABLE}{file:/home/runner/work/ozone/ozone/hadoop-ozone/integration-test/target/test-classes/webapps/scm}
2021-12-01 05:33:45,261 [Listener at 0.0.0.0/14731] INFO  server.AbstractConnector (AbstractConnector.java:doStart(331)) - Started ServerConnector@60873af4{HTTP/1.1, (http/1.1)}{0.0.0.0:14726}
2021-12-01 05:33:45,261 [Listener at 0.0.0.0/14731] INFO  server.Server (Server.java:doStart(415)) - Started @77861ms
2021-12-01 05:33:45,261 [Listener at 0.0.0.0/14731] WARN  impl.MetricsSystemImpl (MetricsSystemImpl.java:register(279)) - Sink prometheus already exists!
2021-12-01 05:33:45,262 [Listener at 0.0.0.0/14731] INFO  http.BaseHttpServer (BaseHttpServer.java:updateConnectorAddress(329)) - HTTP server of scm listening at http://0.0.0.0:14726
2021-12-01 05:33:45,262 [Listener at 0.0.0.0/14731] INFO  ozone.MiniOzoneHAClusterImpl (MiniOzoneHAClusterImpl.java:createSCMService(577)) - Started SCM RPC server at org.apache.hadoop.hdds.scm.server.SCMClientProtocolServer@5a405492
2021-12-01 05:33:45,262 [Listener at 0.0.0.0/14731] INFO  ha.SCMHANodeDetails (SCMHANodeDetails.java:loadSCMHAConfig(157)) - ServiceID for StorageContainerManager is scm-service-test1
2021-12-01 05:33:45,263 [Listener at 0.0.0.0/14731] INFO  ha.SCMHANodeDetails (SCMHANodeDetails.java:loadSCMHAConfig(168)) - ServiceID for StorageContainerManager is scm-service-test1
2021-12-01 05:33:45,263 [Listener at 0.0.0.0/14731] WARN  scm.ScmUtils (ScmUtils.java:logWarn(179)) - ConfigKey ozone.scm.block.client.address is deprecated, For configuring different ports for each SCM use PortConfigKey ozone.scm.block.client.port appended with serviceId and nodeId. If want to configure same port configure ozone.scm.block.client.port
2021-12-01 05:33:45,263 [Listener at 0.0.0.0/14731] WARN  scm.ScmUtils (ScmUtils.java:logWarn(179)) - ConfigKey ozone.scm.client.address is deprecated, For configuring different ports for each SCM use PortConfigKey ozone.scm.client.port appended with serviceId and nodeId. If want to configure same port configure ozone.scm.client.port
2021-12-01 05:33:45,263 [Listener at 0.0.0.0/14731] WARN  scm.ScmUtils (ScmUtils.java:logWarn(179)) - ConfigKey ozone.scm.datanode.address is deprecated, For configuring different ports for each SCM use PortConfigKey ozone.scm.datanode.port appended with serviceId and nodeId. If want to configure same port configure ozone.scm.datanode.port
2021-12-01 05:33:45,263 [Listener at 0.0.0.0/14731] WARN  scm.ScmUtils (ScmUtils.java:logWarn(179)) - ConfigKey ozone.scm.block.client.address is deprecated, For configuring different ports for each SCM use PortConfigKey ozone.scm.block.client.port appended with serviceId and nodeId. If want to configure same port configure ozone.scm.block.client.port
2021-12-01 05:33:45,264 [Listener at 0.0.0.0/14731] WARN  scm.ScmUtils (ScmUtils.java:logWarn(179)) - ConfigKey ozone.scm.client.address is deprecated, For configuring different ports for each SCM use PortConfigKey ozone.scm.client.port appended with serviceId and nodeId. If want to configure same port configure ozone.scm.client.port
2021-12-01 05:33:45,264 [Listener at 0.0.0.0/14731] WARN  scm.ScmUtils (ScmUtils.java:logWarn(179)) - ConfigKey ozone.scm.datanode.address is deprecated, For configuring different ports for each SCM use PortConfigKey ozone.scm.datanode.port appended with serviceId and nodeId. If want to configure same port configure ozone.scm.datanode.port
2021-12-01 05:33:45,264 [Listener at 0.0.0.0/14731] INFO  ha.SCMHANodeDetails (SCMHANodeDetails.java:loadSCMHAConfig(250)) - Found matching SCM address with SCMServiceId: scm-service-test1, SCMNodeId: scmNode-2, RPC Address: localhost:14738 and Ratis port: 14738
2021-12-01 05:33:45,264 [Listener at 0.0.0.0/14731] INFO  ha.SCMHANodeDetails (ConfUtils.java:setNodeSpecificConfigs(108)) - Setting configuration key ozone.scm.datanode.address with value of key ozone.scm.datanode.address.scm-service-test1.scmNode-2: 127.0.0.1:14739
2021-12-01 05:33:45,270 [Listener at 0.0.0.0/14731] INFO  ha.SCMHANodeDetails (ConfUtils.java:setNodeSpecificConfigs(108)) - Setting configuration key ozone.scm.block.client.address with value of key ozone.scm.block.client.address.scm-service-test1.scmNode-2: 127.0.0.1:14740
2021-12-01 05:33:45,270 [Listener at 0.0.0.0/14731] INFO  ha.SCMHANodeDetails (ConfUtils.java:setNodeSpecificConfigs(108)) - Setting configuration key ozone.scm.client.address with value of key ozone.scm.client.address.scm-service-test1.scmNode-2: 127.0.0.1:14741
2021-12-01 05:33:45,270 [Listener at 0.0.0.0/14731] INFO  ha.SCMHANodeDetails (ConfUtils.java:setNodeSpecificConfigs(108)) - Setting configuration key ozone.scm.ratis.port with value of key ozone.scm.ratis.port.scm-service-test1.scmNode-2: 14738
2021-12-01 05:33:45,270 [Listener at 0.0.0.0/14731] INFO  ha.SCMHANodeDetails (ConfUtils.java:setNodeSpecificConfigs(108)) - Setting configuration key ozone.scm.grpc.port with value of key ozone.scm.grpc.port.scm-service-test1.scmNode-2: 14742
2021-12-01 05:33:45,272 [Listener at 0.0.0.0/14731] INFO  ha.SCMHANodeDetails (ConfUtils.java:setNodeSpecificConfigs(108)) - Setting configuration key ozone.scm.http-address with value of key ozone.scm.http-address.scm-service-test1.scmNode-2: 127.0.0.1:14736
2021-12-01 05:33:45,272 [Listener at 0.0.0.0/14731] INFO  ha.SCMHANodeDetails (ConfUtils.java:setNodeSpecificConfigs(108)) - Setting configuration key ozone.scm.https-address with value of key ozone.scm.https-address.scm-service-test1.scmNode-2: 127.0.0.1:14737
2021-12-01 05:33:45,272 [Listener at 0.0.0.0/14731] INFO  ha.SCMHANodeDetails (ConfUtils.java:setNodeSpecificConfigs(108)) - Setting configuration key ozone.scm.address with value of key ozone.scm.address.scm-service-test1.scmNode-2: 127.0.0.1
2021-12-01 05:33:45,272 [Listener at 0.0.0.0/14731] WARN  scm.ScmUtils (ScmUtils.java:logWarn(179)) - ConfigKey ozone.scm.block.client.address is deprecated, For configuring different ports for each SCM use PortConfigKey ozone.scm.block.client.port appended with serviceId and nodeId. If want to configure same port configure ozone.scm.block.client.port
2021-12-01 05:33:45,272 [Listener at 0.0.0.0/14731] WARN  scm.ScmUtils (ScmUtils.java:logWarn(179)) - ConfigKey ozone.scm.client.address is deprecated, For configuring different ports for each SCM use PortConfigKey ozone.scm.client.port appended with serviceId and nodeId. If want to configure same port configure ozone.scm.client.port
2021-12-01 05:33:45,273 [Listener at 0.0.0.0/14731] WARN  scm.ScmUtils (ScmUtils.java:logWarn(179)) - ConfigKey ozone.scm.datanode.address is deprecated, For configuring different ports for each SCM use PortConfigKey ozone.scm.datanode.port appended with serviceId and nodeId. If want to configure same port configure ozone.scm.datanode.port
2021-12-01 05:33:45,273 [Listener at 0.0.0.0/14731] WARN  server.ServerUtils (ServerUtils.java:getScmDbDir(148)) - ozone.scm.db.dirs is not configured. We recommend adding this setting. Falling back to ozone.metadata.dirs instead.
2021-12-01 05:33:45,286 [Listener at 0.0.0.0/14731] INFO  ha.SCMNodeInfo (SCMNodeInfo.java:getPort(197)) - ConfigKey ozone.scm.client.address is deprecated, For configuring different ports for each SCM use PortConfigKey ozone.scm.client.port appended with serviceId and nodeId
2021-12-01 05:33:45,286 [Listener at 0.0.0.0/14731] INFO  ha.SCMNodeInfo (SCMNodeInfo.java:getPort(197)) - ConfigKey ozone.scm.block.client.address is deprecated, For configuring different ports for each SCM use PortConfigKey ozone.scm.block.client.port appended with serviceId and nodeId
2021-12-01 05:33:45,286 [Listener at 0.0.0.0/14731] INFO  ha.SCMNodeInfo (SCMNodeInfo.java:getPort(197)) - ConfigKey ozone.scm.datanode.address is deprecated, For configuring different ports for each SCM use PortConfigKey ozone.scm.datanode.port appended with serviceId and nodeId
2021-12-01 05:33:45,286 [Listener at 0.0.0.0/14731] INFO  ha.SCMNodeInfo (SCMNodeInfo.java:getPort(197)) - ConfigKey ozone.scm.client.address is deprecated, For configuring different ports for each SCM use PortConfigKey ozone.scm.client.port appended with serviceId and nodeId
2021-12-01 05:33:45,287 [Listener at 0.0.0.0/14731] INFO  ha.SCMNodeInfo (SCMNodeInfo.java:getPort(197)) - ConfigKey ozone.scm.block.client.address is deprecated, For configuring different ports for each SCM use PortConfigKey ozone.scm.block.client.port appended with serviceId and nodeId
2021-12-01 05:33:45,287 [Listener at 0.0.0.0/14731] INFO  ha.SCMNodeInfo (SCMNodeInfo.java:getPort(197)) - ConfigKey ozone.scm.datanode.address is deprecated, For configuring different ports for each SCM use PortConfigKey ozone.scm.datanode.port appended with serviceId and nodeId
2021-12-01 05:33:45,287 [Listener at 0.0.0.0/14731] INFO  ha.SCMNodeInfo (SCMNodeInfo.java:getPort(197)) - ConfigKey ozone.scm.client.address is deprecated, For configuring different ports for each SCM use PortConfigKey ozone.scm.client.port appended with serviceId and nodeId
2021-12-01 05:33:45,287 [Listener at 0.0.0.0/14731] INFO  ha.SCMNodeInfo (SCMNodeInfo.java:getPort(197)) - ConfigKey ozone.scm.block.client.address is deprecated, For configuring different ports for each SCM use PortConfigKey ozone.scm.block.client.port appended with serviceId and nodeId
2021-12-01 05:33:45,287 [Listener at 0.0.0.0/14731] INFO  ha.SCMNodeInfo (SCMNodeInfo.java:getPort(197)) - ConfigKey ozone.scm.datanode.address is deprecated, For configuring different ports for each SCM use PortConfigKey ozone.scm.datanode.port appended with serviceId and nodeId
2021-12-01 05:33:46,084 [EndpointStateMachine task thread for /127.0.0.1:14549 - 0 ] INFO  ipc.Client (Client.java:handleConnectionFailure(977)) - Retrying connect to server: localhost/127.0.0.1:14549. Already tried 8 time(s); retry policy is RetryUpToMaximumCountWithFixedSleep(maxRetries=15, sleepTime=1000 MILLISECONDS)
2021-12-01 05:33:46,085 [EndpointStateMachine task thread for /127.0.0.1:14529 - 0 ] INFO  ipc.Client (Client.java:handleConnectionFailure(977)) - Retrying connect to server: localhost/127.0.0.1:14529. Already tried 8 time(s); retry policy is RetryUpToMaximumCountWithFixedSleep(maxRetries=15, sleepTime=1000 MILLISECONDS)
2021-12-01 05:33:46,086 [EndpointStateMachine task thread for /127.0.0.1:14539 - 0 ] INFO  ipc.Client (Client.java:handleConnectionFailure(977)) - Retrying connect to server: localhost/127.0.0.1:14539. Already tried 8 time(s); retry policy is RetryUpToMaximumCountWithFixedSleep(maxRetries=15, sleepTime=1000 MILLISECONDS)
2021-12-01 05:33:47,085 [EndpointStateMachine task thread for /127.0.0.1:14549 - 0 ] INFO  ipc.Client (Client.java:handleConnectionFailure(977)) - Retrying connect to server: localhost/127.0.0.1:14549. Already tried 9 time(s); retry policy is RetryUpToMaximumCountWithFixedSleep(maxRetries=15, sleepTime=1000 MILLISECONDS)
2021-12-01 05:33:47,085 [EndpointStateMachine task thread for /127.0.0.1:14529 - 0 ] INFO  ipc.Client (Client.java:handleConnectionFailure(977)) - Retrying connect to server: localhost/127.0.0.1:14529. Already tried 9 time(s); retry policy is RetryUpToMaximumCountWithFixedSleep(maxRetries=15, sleepTime=1000 MILLISECONDS)
2021-12-01 05:33:47,087 [EndpointStateMachine task thread for /127.0.0.1:14539 - 0 ] INFO  ipc.Client (Client.java:handleConnectionFailure(977)) - Retrying connect to server: localhost/127.0.0.1:14539. Already tried 9 time(s); retry policy is RetryUpToMaximumCountWithFixedSleep(maxRetries=15, sleepTime=1000 MILLISECONDS)
2021-12-01 05:33:47,297 [Listener at 0.0.0.0/14731] INFO  retry.RetryInvocationHandler (RetryInvocationHandler.java:log(411)) - com.google.protobuf.ServiceException: java.net.ConnectException: Call From fv-az297-56/10.1.0.22 to localhost:14740 failed on connection exception: java.net.ConnectException: Connection refused; For more details see:  http://wiki.apache.org/hadoop/ConnectionRefused, while invoking $Proxy39.send over nodeId=scmNode-2,nodeAddress=/127.0.0.1:14740 after 1 failover attempts. Trying to failover after sleeping for 2000ms.
2021-12-01 05:33:48,086 [EndpointStateMachine task thread for /127.0.0.1:14529 - 0 ] INFO  ipc.Client (Client.java:handleConnectionFailure(977)) - Retrying connect to server: localhost/127.0.0.1:14529. Already tried 10 time(s); retry policy is RetryUpToMaximumCountWithFixedSleep(maxRetries=15, sleepTime=1000 MILLISECONDS)
2021-12-01 05:33:48,087 [EndpointStateMachine task thread for /127.0.0.1:14549 - 0 ] INFO  ipc.Client (Client.java:handleConnectionFailure(977)) - Retrying connect to server: localhost/127.0.0.1:14549. Already tried 10 time(s); retry policy is RetryUpToMaximumCountWithFixedSleep(maxRetries=15, sleepTime=1000 MILLISECONDS)
2021-12-01 05:33:48,088 [EndpointStateMachine task thread for /127.0.0.1:14539 - 0 ] INFO  ipc.Client (Client.java:handleConnectionFailure(977)) - Retrying connect to server: localhost/127.0.0.1:14539. Already tried 10 time(s); retry policy is RetryUpToMaximumCountWithFixedSleep(maxRetries=15, sleepTime=1000 MILLISECONDS)
2021-12-01 05:33:49,087 [EndpointStateMachine task thread for /127.0.0.1:14529 - 0 ] INFO  ipc.Client (Client.java:handleConnectionFailure(977)) - Retrying connect to server: localhost/127.0.0.1:14529. Already tried 11 time(s); retry policy is RetryUpToMaximumCountWithFixedSleep(maxRetries=15, sleepTime=1000 MILLISECONDS)
2021-12-01 05:33:49,087 [EndpointStateMachine task thread for /127.0.0.1:14549 - 0 ] INFO  ipc.Client (Client.java:handleConnectionFailure(977)) - Retrying connect to server: localhost/127.0.0.1:14549. Already tried 11 time(s); retry policy is RetryUpToMaximumCountWithFixedSleep(maxRetries=15, sleepTime=1000 MILLISECONDS)
2021-12-01 05:33:49,090 [EndpointStateMachine task thread for /127.0.0.1:14539 - 0 ] INFO  ipc.Client (Client.java:handleConnectionFailure(977)) - Retrying connect to server: localhost/127.0.0.1:14539. Already tried 11 time(s); retry policy is RetryUpToMaximumCountWithFixedSleep(maxRetries=15, sleepTime=1000 MILLISECONDS)
2021-12-01 05:33:49,299 [Listener at 0.0.0.0/14731] INFO  retry.RetryInvocationHandler (RetryInvocationHandler.java:log(411)) - com.google.protobuf.ServiceException: java.net.ConnectException: Call From fv-az297-56/10.1.0.22 to localhost:14750 failed on connection exception: java.net.ConnectException: Connection refused; For more details see:  http://wiki.apache.org/hadoop/ConnectionRefused, while invoking $Proxy39.send over nodeId=scmNode-3,nodeAddress=/127.0.0.1:14750 after 2 failover attempts. Trying to failover after sleeping for 2000ms.
2021-12-01 05:33:49,894 [3049a9d5-7c8a-485e-b9b8-96288700cc55@group-1F8C02111A4F-FollowerState] INFO  impl.FollowerState (FollowerState.java:run(134)) - 3049a9d5-7c8a-485e-b9b8-96288700cc55@group-1F8C02111A4F-FollowerState: change to CANDIDATE, lastRpcElapsedTime:5195053779ns, electionTimeout:5172ms
2021-12-01 05:33:49,894 [3049a9d5-7c8a-485e-b9b8-96288700cc55@group-1F8C02111A4F-FollowerState] INFO  impl.RoleInfo (RoleInfo.java:shutdownFollowerState(108)) - 3049a9d5-7c8a-485e-b9b8-96288700cc55: shutdown 3049a9d5-7c8a-485e-b9b8-96288700cc55@group-1F8C02111A4F-FollowerState
2021-12-01 05:33:49,894 [3049a9d5-7c8a-485e-b9b8-96288700cc55@group-1F8C02111A4F-FollowerState] INFO  server.RaftServer$Division (RaftServerImpl.java:setRole(290)) - 3049a9d5-7c8a-485e-b9b8-96288700cc55@group-1F8C02111A4F: changes role from  FOLLOWER to CANDIDATE at term 1 for changeToCandidate
2021-12-01 05:33:49,894 [3049a9d5-7c8a-485e-b9b8-96288700cc55@group-1F8C02111A4F-FollowerState] INFO  server.RaftServerConfigKeys (ConfUtils.java:logGet(44)) - raft.server.leaderelection.pre-vote = false (custom)
2021-12-01 05:33:49,894 [3049a9d5-7c8a-485e-b9b8-96288700cc55@group-1F8C02111A4F-FollowerState] INFO  impl.RoleInfo (RoleInfo.java:updateAndGet(130)) - 3049a9d5-7c8a-485e-b9b8-96288700cc55: start 3049a9d5-7c8a-485e-b9b8-96288700cc55@group-1F8C02111A4F-LeaderElection17
2021-12-01 05:33:49,909 [3049a9d5-7c8a-485e-b9b8-96288700cc55@group-1F8C02111A4F-LeaderElection17] INFO  impl.LeaderElection (LeaderElection.java:askForVotes(306)) - 3049a9d5-7c8a-485e-b9b8-96288700cc55@group-1F8C02111A4F-LeaderElection17 ELECTION round 0: submit vote requests at term 2 for 0: [3049a9d5-7c8a-485e-b9b8-96288700cc55|rpc:localhost:14728|admin:|client:|dataStream:|priority:0], old=null
2021-12-01 05:33:49,909 [3049a9d5-7c8a-485e-b9b8-96288700cc55@group-1F8C02111A4F-LeaderElection17] INFO  impl.LeaderElection (LeaderElection.java:askForVotes(308)) - 3049a9d5-7c8a-485e-b9b8-96288700cc55@group-1F8C02111A4F-LeaderElection17 ELECTION round 0: result PASSED (term=2)
2021-12-01 05:33:49,909 [3049a9d5-7c8a-485e-b9b8-96288700cc55@group-1F8C02111A4F-LeaderElection17] INFO  impl.RoleInfo (RoleInfo.java:shutdownLeaderElection(121)) - 3049a9d5-7c8a-485e-b9b8-96288700cc55: shutdown 3049a9d5-7c8a-485e-b9b8-96288700cc55@group-1F8C02111A4F-LeaderElection17
2021-12-01 05:33:49,909 [3049a9d5-7c8a-485e-b9b8-96288700cc55@group-1F8C02111A4F-LeaderElection17] INFO  server.RaftServer$Division (RaftServerImpl.java:setRole(290)) - 3049a9d5-7c8a-485e-b9b8-96288700cc55@group-1F8C02111A4F: changes role from CANDIDATE to LEADER at term 2 for changeToLeader
2021-12-01 05:33:49,909 [3049a9d5-7c8a-485e-b9b8-96288700cc55@group-1F8C02111A4F-LeaderElection17] INFO  ha.SCMStateMachine (SCMStateMachine.java:notifyLeaderChanged(259)) - current SCM becomes leader of term 2.
2021-12-01 05:33:49,909 [3049a9d5-7c8a-485e-b9b8-96288700cc55@group-1F8C02111A4F-LeaderElection17] INFO  ha.SCMContext (SCMContext.java:updateLeaderAndTerm(88)) - update <isLeader,term> from <false,0> to <true,2>
2021-12-01 05:33:49,909 [3049a9d5-7c8a-485e-b9b8-96288700cc55@group-1F8C02111A4F-LeaderElection17] INFO  server.RaftServer$Division (ServerState.java:setLeader(285)) - 3049a9d5-7c8a-485e-b9b8-96288700cc55@group-1F8C02111A4F: change Leader from null to 3049a9d5-7c8a-485e-b9b8-96288700cc55 at term 2 for becomeLeader, leader elected after 5391ms
2021-12-01 05:33:49,909 [3049a9d5-7c8a-485e-b9b8-96288700cc55@group-1F8C02111A4F-LeaderElection17] INFO  server.RaftServerConfigKeys (ConfUtils.java:logGet(44)) - raft.server.staging.catchup.gap = 1000 (default)
2021-12-01 05:33:49,909 [3049a9d5-7c8a-485e-b9b8-96288700cc55@group-1F8C02111A4F-LeaderElection17] INFO  server.RaftServerConfigKeys (ConfUtils.java:logGet(44)) - raft.server.write.element-limit = 4096 (default)
2021-12-01 05:33:49,909 [3049a9d5-7c8a-485e-b9b8-96288700cc55@group-1F8C02111A4F-LeaderElection17] INFO  server.RaftServerConfigKeys (ConfUtils.java:logGet(44)) - raft.server.write.byte-limit = 64MB (=67108864) (default)
2021-12-01 05:33:49,910 [3049a9d5-7c8a-485e-b9b8-96288700cc55@group-1F8C02111A4F-LeaderElection17] INFO  server.RaftServerConfigKeys (ConfUtils.java:logGet(44)) - raft.server.watch.timeout = 10s (default)
2021-12-01 05:33:49,910 [3049a9d5-7c8a-485e-b9b8-96288700cc55@group-1F8C02111A4F-LeaderElection17] INFO  server.RaftServerConfigKeys (ConfUtils.java:logGet(44)) - raft.server.watch.timeout.denomination = 1s (default)
2021-12-01 05:33:49,910 [3049a9d5-7c8a-485e-b9b8-96288700cc55@group-1F8C02111A4F-LeaderElection17] INFO  server.RaftServerConfigKeys (ConfUtils.java:logGet(44)) - raft.server.watch.element-limit = 65536 (default)
2021-12-01 05:33:49,910 [3049a9d5-7c8a-485e-b9b8-96288700cc55@group-1F8C02111A4F-LeaderElection17] INFO  server.RaftServerConfigKeys (ConfUtils.java:logGet(44)) - raft.server.write.element-limit = 4096 (default)
2021-12-01 05:33:49,910 [3049a9d5-7c8a-485e-b9b8-96288700cc55@group-1F8C02111A4F-LeaderElection17] INFO  server.RaftServerConfigKeys (ConfUtils.java:logGet(44)) - raft.server.write.follower.gap.ratio.max = -1.0 (default)
2021-12-01 05:33:49,910 [3049a9d5-7c8a-485e-b9b8-96288700cc55@group-1F8C02111A4F-LeaderElection17] INFO  impl.RoleInfo (RoleInfo.java:updateAndGet(130)) - 3049a9d5-7c8a-485e-b9b8-96288700cc55: start 3049a9d5-7c8a-485e-b9b8-96288700cc55@group-1F8C02111A4F-LeaderStateImpl
2021-12-01 05:33:49,910 [3049a9d5-7c8a-485e-b9b8-96288700cc55@group-1F8C02111A4F-LeaderElection17] INFO  segmented.SegmentedRaftLogWorker (SegmentedRaftLogWorker.java:rollLogSegment(399)) - 3049a9d5-7c8a-485e-b9b8-96288700cc55@group-1F8C02111A4F-SegmentedRaftLogWorker: Rolling segment log-0_0 to index:0
2021-12-01 05:33:49,919 [3049a9d5-7c8a-485e-b9b8-96288700cc55@group-1F8C02111A4F-SegmentedRaftLogWorker] INFO  segmented.SegmentedRaftLogWorker (SegmentedRaftLogWorker.java:execute(558)) - 3049a9d5-7c8a-485e-b9b8-96288700cc55@group-1F8C02111A4F-SegmentedRaftLogWorker: Rolled log segment from /home/runner/work/ozone/ozone/hadoop-ozone/integration-test/target/test-dir/MiniOzoneClusterImpl-18ff7c11-c606-42f1-8c5c-1f8c02111a4f/scmNode-1/scm-ha/18ff7c11-c606-42f1-8c5c-1f8c02111a4f/current/log_inprogress_0 to /home/runner/work/ozone/ozone/hadoop-ozone/integration-test/target/test-dir/MiniOzoneClusterImpl-18ff7c11-c606-42f1-8c5c-1f8c02111a4f/scmNode-1/scm-ha/18ff7c11-c606-42f1-8c5c-1f8c02111a4f/current/log_0-0
2021-12-01 05:33:49,922 [3049a9d5-7c8a-485e-b9b8-96288700cc55@group-1F8C02111A4F-LeaderElection17] INFO  server.RaftServer$Division (ServerState.java:setRaftConf(387)) - 3049a9d5-7c8a-485e-b9b8-96288700cc55@group-1F8C02111A4F: set configuration 1: [3049a9d5-7c8a-485e-b9b8-96288700cc55|rpc:localhost:14728|admin:|client:|dataStream:|priority:0], old=null
2021-12-01 05:33:49,926 [3049a9d5-7c8a-485e-b9b8-96288700cc55@group-1F8C02111A4F-SegmentedRaftLogWorker] INFO  segmented.SegmentedRaftLogWorker (SegmentedRaftLogWorker.java:execute(601)) - 3049a9d5-7c8a-485e-b9b8-96288700cc55@group-1F8C02111A4F-SegmentedRaftLogWorker: created new log segment /home/runner/work/ozone/ozone/hadoop-ozone/integration-test/target/test-dir/MiniOzoneClusterImpl-18ff7c11-c606-42f1-8c5c-1f8c02111a4f/scmNode-1/scm-ha/18ff7c11-c606-42f1-8c5c-1f8c02111a4f/current/log_inprogress_1
2021-12-01 05:33:49,930 [3049a9d5-7c8a-485e-b9b8-96288700cc55@group-1F8C02111A4F-StateMachineUpdater] INFO  ha.SCMContext (SCMContext.java:setLeaderReady(115)) - update <isLeaderReady> from <false> to <true>
2021-12-01 05:33:49,930 [3049a9d5-7c8a-485e-b9b8-96288700cc55@group-1F8C02111A4F-StateMachineUpdater] INFO  pipeline.BackgroundPipelineCreator (BackgroundPipelineCreator.java:notifyStatusChanged(264)) - Service BackgroundPipelineCreator transitions to RUNNING.
2021-12-01 05:33:49,931 [3049a9d5-7c8a-485e-b9b8-96288700cc55@group-1F8C02111A4F-StateMachineUpdater] INFO  safemode.HealthyPipelineSafeModeRule (HealthyPipelineSafeModeRule.java:initializeRule(152)) - Refreshed total pipeline count is 0, healthy pipeline threshold count is 1
2021-12-01 05:33:49,931 [3049a9d5-7c8a-485e-b9b8-96288700cc55@group-1F8C02111A4F-StateMachineUpdater] INFO  safemode.ContainerSafeModeRule (ContainerSafeModeRule.java:reInitializeRule(177)) - Refreshed one replica container threshold 0, currentThreshold 0
2021-12-01 05:33:49,931 [3049a9d5-7c8a-485e-b9b8-96288700cc55@group-1F8C02111A4F-StateMachineUpdater] INFO  safemode.OneReplicaPipelineSafeModeRule (OneReplicaPipelineSafeModeRule.java:initializeRule(176)) - Refreshed Total pipeline count is 0, pipeline's with at least one datanode reported threshold count is 0
2021-12-01 05:33:49,931 [3049a9d5-7c8a-485e-b9b8-96288700cc55@group-1F8C02111A4F-StateMachineUpdater] INFO  server.SCMDatanodeProtocolServer (SCMDatanodeProtocolServer.java:start(181)) - RPC server for DataNodes is listening at /0.0.0.0:14729
2021-12-01 05:33:49,937 [IPC Server listener on 14729] INFO  ipc.Server (Server.java:run(1344)) - IPC Server listener on 14729: starting
2021-12-01 05:33:50,038 [IPC Server Responder] INFO  ipc.Server (Server.java:run(1507)) - IPC Server Responder: starting
2021-12-01 05:33:50,087 [EndpointStateMachine task thread for /127.0.0.1:14529 - 0 ] INFO  ipc.Client (Client.java:handleConnectionFailure(977)) - Retrying connect to server: localhost/127.0.0.1:14529. Already tried 12 time(s); retry policy is RetryUpToMaximumCountWithFixedSleep(maxRetries=15, sleepTime=1000 MILLISECONDS)
2021-12-01 05:33:50,088 [EndpointStateMachine task thread for /127.0.0.1:14549 - 0 ] INFO  ipc.Client (Client.java:handleConnectionFailure(977)) - Retrying connect to server: localhost/127.0.0.1:14549. Already tried 12 time(s); retry policy is RetryUpToMaximumCountWithFixedSleep(maxRetries=15, sleepTime=1000 MILLISECONDS)
2021-12-01 05:33:50,090 [EndpointStateMachine task thread for /127.0.0.1:14539 - 0 ] INFO  ipc.Client (Client.java:handleConnectionFailure(977)) - Retrying connect to server: localhost/127.0.0.1:14539. Already tried 12 time(s); retry policy is RetryUpToMaximumCountWithFixedSleep(maxRetries=15, sleepTime=1000 MILLISECONDS)
2021-12-01 05:33:51,088 [EndpointStateMachine task thread for /127.0.0.1:14529 - 0 ] INFO  ipc.Client (Client.java:handleConnectionFailure(977)) - Retrying connect to server: localhost/127.0.0.1:14529. Already tried 13 time(s); retry policy is RetryUpToMaximumCountWithFixedSleep(maxRetries=15, sleepTime=1000 MILLISECONDS)
2021-12-01 05:33:51,088 [EndpointStateMachine task thread for /127.0.0.1:14549 - 0 ] INFO  ipc.Client (Client.java:handleConnectionFailure(977)) - Retrying connect to server: localhost/127.0.0.1:14549. Already tried 13 time(s); retry policy is RetryUpToMaximumCountWithFixedSleep(maxRetries=15, sleepTime=1000 MILLISECONDS)
2021-12-01 05:33:51,090 [EndpointStateMachine task thread for /127.0.0.1:14539 - 0 ] INFO  ipc.Client (Client.java:handleConnectionFailure(977)) - Retrying connect to server: localhost/127.0.0.1:14539. Already tried 13 time(s); retry policy is RetryUpToMaximumCountWithFixedSleep(maxRetries=15, sleepTime=1000 MILLISECONDS)
2021-12-01 05:33:51,305 [Listener at 0.0.0.0/14731] INFO  server.StorageContainerManager (StorageContainerManager.java:scmBootstrap(987)) - SCM BootStrap  is successful for ClusterID 18ff7c11-c606-42f1-8c5c-1f8c02111a4f, SCMID d9fd8670-dda0-4698-9e6d-057ae1a4980a
2021-12-01 05:33:51,305 [Listener at 0.0.0.0/14731] INFO  server.StorageContainerManager (StorageContainerManager.java:scmBootstrap(989)) - Primary SCM Node ID 3049a9d5-7c8a-485e-b9b8-96288700cc55
2021-12-01 05:33:51,305 [Listener at 0.0.0.0/14731] INFO  ha.SCMHANodeDetails (SCMHANodeDetails.java:loadSCMHAConfig(157)) - ServiceID for StorageContainerManager is scm-service-test1
2021-12-01 05:33:51,306 [Listener at 0.0.0.0/14731] INFO  ha.SCMHANodeDetails (SCMHANodeDetails.java:loadSCMHAConfig(168)) - ServiceID for StorageContainerManager is scm-service-test1
2021-12-01 05:33:51,306 [Listener at 0.0.0.0/14731] WARN  scm.ScmUtils (ScmUtils.java:logWarn(179)) - ConfigKey ozone.scm.block.client.address is deprecated, For configuring different ports for each SCM use PortConfigKey ozone.scm.block.client.port appended with serviceId and nodeId. If want to configure same port configure ozone.scm.block.client.port
2021-12-01 05:33:51,306 [Listener at 0.0.0.0/14731] WARN  scm.ScmUtils (ScmUtils.java:logWarn(179)) - ConfigKey ozone.scm.client.address is deprecated, For configuring different ports for each SCM use PortConfigKey ozone.scm.client.port appended with serviceId and nodeId. If want to configure same port configure ozone.scm.client.port
2021-12-01 05:33:51,306 [Listener at 0.0.0.0/14731] WARN  scm.ScmUtils (ScmUtils.java:logWarn(179)) - ConfigKey ozone.scm.datanode.address is deprecated, For configuring different ports for each SCM use PortConfigKey ozone.scm.datanode.port appended with serviceId and nodeId. If want to configure same port configure ozone.scm.datanode.port
2021-12-01 05:33:51,306 [Listener at 0.0.0.0/14731] WARN  scm.ScmUtils (ScmUtils.java:logWarn(179)) - ConfigKey ozone.scm.block.client.address is deprecated, For configuring different ports for each SCM use PortConfigKey ozone.scm.block.client.port appended with serviceId and nodeId. If want to configure same port configure ozone.scm.block.client.port
2021-12-01 05:33:51,306 [Listener at 0.0.0.0/14731] WARN  scm.ScmUtils (ScmUtils.java:logWarn(179)) - ConfigKey ozone.scm.client.address is deprecated, For configuring different ports for each SCM use PortConfigKey ozone.scm.client.port appended with serviceId and nodeId. If want to configure same port configure ozone.scm.client.port
2021-12-01 05:33:51,306 [Listener at 0.0.0.0/14731] WARN  scm.ScmUtils (ScmUtils.java:logWarn(179)) - ConfigKey ozone.scm.datanode.address is deprecated, For configuring different ports for each SCM use PortConfigKey ozone.scm.datanode.port appended with serviceId and nodeId. If want to configure same port configure ozone.scm.datanode.port
2021-12-01 05:33:51,307 [Listener at 0.0.0.0/14731] INFO  ha.SCMHANodeDetails (SCMHANodeDetails.java:loadSCMHAConfig(250)) - Found matching SCM address with SCMServiceId: scm-service-test1, SCMNodeId: scmNode-2, RPC Address: localhost:14738 and Ratis port: 14738
2021-12-01 05:33:51,307 [Listener at 0.0.0.0/14731] INFO  ha.SCMHANodeDetails (ConfUtils.java:setNodeSpecificConfigs(108)) - Setting configuration key ozone.scm.datanode.address with value of key ozone.scm.datanode.address.scm-service-test1.scmNode-2: 127.0.0.1:14739
2021-12-01 05:33:51,307 [Listener at 0.0.0.0/14731] INFO  ha.SCMHANodeDetails (ConfUtils.java:setNodeSpecificConfigs(108)) - Setting configuration key ozone.scm.block.client.address with value of key ozone.scm.block.client.address.scm-service-test1.scmNode-2: 127.0.0.1:14740
2021-12-01 05:33:51,307 [Listener at 0.0.0.0/14731] INFO  ha.SCMHANodeDetails (ConfUtils.java:setNodeSpecificConfigs(108)) - Setting configuration key ozone.scm.client.address with value of key ozone.scm.client.address.scm-service-test1.scmNode-2: 127.0.0.1:14741
2021-12-01 05:33:51,307 [Listener at 0.0.0.0/14731] INFO  ha.SCMHANodeDetails (ConfUtils.java:setNodeSpecificConfigs(108)) - Setting configuration key ozone.scm.ratis.port with value of key ozone.scm.ratis.port.scm-service-test1.scmNode-2: 14738
2021-12-01 05:33:51,307 [Listener at 0.0.0.0/14731] INFO  ha.SCMHANodeDetails (ConfUtils.java:setNodeSpecificConfigs(108)) - Setting configuration key ozone.scm.grpc.port with value of key ozone.scm.grpc.port.scm-service-test1.scmNode-2: 14742
2021-12-01 05:33:51,307 [Listener at 0.0.0.0/14731] INFO  ha.SCMHANodeDetails (ConfUtils.java:setNodeSpecificConfigs(108)) - Setting configuration key ozone.scm.http-address with value of key ozone.scm.http-address.scm-service-test1.scmNode-2: 127.0.0.1:14736
2021-12-01 05:33:51,307 [Listener at 0.0.0.0/14731] INFO  ha.SCMHANodeDetails (ConfUtils.java:setNodeSpecificConfigs(108)) - Setting configuration key ozone.scm.https-address with value of key ozone.scm.https-address.scm-service-test1.scmNode-2: 127.0.0.1:14737
2021-12-01 05:33:51,307 [Listener at 0.0.0.0/14731] INFO  ha.SCMHANodeDetails (ConfUtils.java:setNodeSpecificConfigs(108)) - Setting configuration key ozone.scm.address with value of key ozone.scm.address.scm-service-test1.scmNode-2: 127.0.0.1
2021-12-01 05:33:51,308 [Listener at 0.0.0.0/14731] WARN  scm.ScmUtils (ScmUtils.java:logWarn(179)) - ConfigKey ozone.scm.block.client.address is deprecated, For configuring different ports for each SCM use PortConfigKey ozone.scm.block.client.port appended with serviceId and nodeId. If want to configure same port configure ozone.scm.block.client.port
2021-12-01 05:33:51,308 [Listener at 0.0.0.0/14731] WARN  scm.ScmUtils (ScmUtils.java:logWarn(179)) - ConfigKey ozone.scm.client.address is deprecated, For configuring different ports for each SCM use PortConfigKey ozone.scm.client.port appended with serviceId and nodeId. If want to configure same port configure ozone.scm.client.port
2021-12-01 05:33:51,308 [Listener at 0.0.0.0/14731] WARN  scm.ScmUtils (ScmUtils.java:logWarn(179)) - ConfigKey ozone.scm.datanode.address is deprecated, For configuring different ports for each SCM use PortConfigKey ozone.scm.datanode.port appended with serviceId and nodeId. If want to configure same port configure ozone.scm.datanode.port
2021-12-01 05:33:51,308 [Listener at 0.0.0.0/14731] WARN  server.ServerUtils (ServerUtils.java:getScmDbDir(148)) - ozone.scm.db.dirs is not configured. We recommend adding this setting. Falling back to ozone.metadata.dirs instead.
2021-12-01 05:33:51,309 [Listener at 0.0.0.0/14731] INFO  upgrade.AbstractLayoutVersionManager (AbstractLayoutVersionManager.java:init(79)) - Initializing Layout version manager with metadata layout = SCM_HA (version = 2), software layout = SCM_HA (version = 2)
2021-12-01 05:33:51,362 [Listener at 0.0.0.0/14731] INFO  reflections.Reflections (Reflections.java:scan(232)) - Reflections took 52 ms to scan 7 urls, producing 119 keys and 279 values 
2021-12-01 05:33:51,371 [Listener at 0.0.0.0/14731] WARN  utils.HAUtils (HAUtils.java:getMetaDir(342)) - ozone.scm.db.dirs is not configured. We recommend adding this setting. Falling back to ozone.metadata.dirs instead.
2021-12-01 05:33:51,386 [Listener at 0.0.0.0/14731] WARN  db.DBStoreBuilder (DBStoreBuilder.java:applyDBDefinition(145)) - ozone.scm.db.dirs is not configured. We recommend adding this setting. Falling back to ozone.metadata.dirs instead.
2021-12-01 05:33:51,526 [Listener at 0.0.0.0/14731] INFO  net.NodeSchemaLoader (NodeSchemaLoader.java:loadSchemaFromFile(129)) - Loading schema from [jar:file:/home/runner/.m2/repository/org/apache/ozone/hdds-common/1.3.0-SNAPSHOT/hdds-common-1.3.0-SNAPSHOT.jar!/network-topology-default.xml]
2021-12-01 05:33:51,527 [Listener at 0.0.0.0/14731] INFO  net.NodeSchemaLoader (NodeSchemaLoader.java:loadSchema(176)) - Loading network topology layer schema file
2021-12-01 05:33:51,535 [Listener at 0.0.0.0/14731] WARN  impl.MetricRegistriesImpl (MetricRegistriesImpl.java:addReporterRegistration(111)) - New reporters are added after registries were created. Some metrics will be missing from the reporter. Please add reporter before adding any new registry.
2021-12-01 05:33:51,542 [Listener at 0.0.0.0/14731] WARN  impl.MetricRegistriesImpl (MetricRegistriesImpl.java:addReporterRegistration(111)) - New reporters are added after registries were created. Some metrics will be missing from the reporter. Please add reporter before adding any new registry.
2021-12-01 05:33:51,542 [Listener at 0.0.0.0/14731] INFO  ha.SCMRatisServerImpl (SCMRatisServerImpl.java:<init>(87)) - starting Raft server for scm:d9fd8670-dda0-4698-9e6d-057ae1a4980a
2021-12-01 05:33:51,543 [Listener at 0.0.0.0/14731] INFO  server.RaftServer (ConfUtils.java:logGet(44)) - raft.rpc.type = GRPC (default)
2021-12-01 05:33:51,543 [Listener at 0.0.0.0/14731] INFO  grpc.GrpcFactory (GrpcFactory.java:checkPooledByteBufAllocatorUseCacheForAllThreads(48)) - PERFORMANCE WARNING: useCacheForAllThreads is true that may cause Netty to create a lot garbage objects and, as a result, trigger GC.
	It is recommended to disable useCacheForAllThreads by setting -Dorg.apache.ratis.thirdparty.io.netty.allocator.useCacheForAllThreads=false in command line.
2021-12-01 05:33:51,543 [Listener at 0.0.0.0/14731] INFO  grpc.GrpcConfigKeys (ConfUtils.java:logGet(44)) - raft.grpc.admin.port = -1 (default)
2021-12-01 05:33:51,544 [Listener at 0.0.0.0/14731] INFO  grpc.GrpcConfigKeys (ConfUtils.java:logGet(44)) - raft.grpc.server.port = 14738 (custom)
2021-12-01 05:33:51,544 [Listener at 0.0.0.0/14731] INFO  grpc.GrpcConfigKeys (ConfUtils.java:logGet(44)) - raft.grpc.client.port = -1 (default)
2021-12-01 05:33:51,544 [Listener at 0.0.0.0/14731] INFO  grpc.GrpcConfigKeys (ConfUtils.java:logGet(44)) - raft.grpc.server.port = 14738 (custom)
2021-12-01 05:33:51,544 [Listener at 0.0.0.0/14731] INFO  grpc.GrpcConfigKeys (ConfUtils.java:logGet(44)) - raft.grpc.server.port = 14738 (custom)
2021-12-01 05:33:51,544 [Listener at 0.0.0.0/14731] INFO  server.GrpcService (ConfUtils.java:logGet(44)) - raft.grpc.message.size.max = 32m (=33554432) (custom)
2021-12-01 05:33:51,544 [Listener at 0.0.0.0/14731] INFO  server.RaftServerConfigKeys (ConfUtils.java:logGet(44)) - raft.server.log.appender.buffer.byte-limit = 33554432 (custom)
2021-12-01 05:33:51,544 [Listener at 0.0.0.0/14731] INFO  server.GrpcService (ConfUtils.java:logGet(44)) - raft.grpc.flow.control.window = 1MB (=1048576) (default)
2021-12-01 05:33:51,545 [Listener at 0.0.0.0/14731] INFO  server.RaftServerConfigKeys (ConfUtils.java:logGet(44)) - raft.server.rpc.request.timeout = 30000ms (custom)
2021-12-01 05:33:51,546 [Listener at 0.0.0.0/14731] INFO  impl.DataStreamServerImpl (ConfUtils.java:logGet(44)) - raft.datastream.type = DISABLED (default)
2021-12-01 05:33:51,554 [Listener at 0.0.0.0/14731] INFO  server.RaftServerConfigKeys (ConfUtils.java:logGet(44)) - raft.server.rpc.slowness.timeout = 120000ms (custom)
2021-12-01 05:33:51,554 [Listener at 0.0.0.0/14731] INFO  server.RaftServerConfigKeys (ConfUtils.java:logGet(44)) - raft.server.leaderelection.leader.step-down.wait-time = 10s (default)
2021-12-01 05:33:51,554 [Listener at 0.0.0.0/14731] INFO  server.RaftServerConfigKeys (ConfUtils.java:logGet(44)) - raft.server.storage.dir = [/home/runner/work/ozone/ozone/hadoop-ozone/integration-test/target/test-dir/MiniOzoneClusterImpl-18ff7c11-c606-42f1-8c5c-1f8c02111a4f/scmNode-2/scm-ha] (custom)
2021-12-01 05:33:51,564 [Listener at 0.0.0.0/14731] INFO  server.RaftServer (RaftServerProxy.java:addNew(95)) - d9fd8670-dda0-4698-9e6d-057ae1a4980a: addNew group-1F8C02111A4F:[] returns group-1F8C02111A4F:java.util.concurrent.CompletableFuture@3f0938c4[Not completed]
2021-12-01 05:33:51,570 [pool-223-thread-1] INFO  server.RaftServer$Division (RaftServerImpl.java:<init>(184)) - d9fd8670-dda0-4698-9e6d-057ae1a4980a: new RaftServerImpl for group-1F8C02111A4F:[] with SCMStateMachine:uninitialized
2021-12-01 05:33:51,571 [pool-223-thread-1] INFO  server.RaftServerConfigKeys (ConfUtils.java:logGet(44)) - raft.server.rpc.timeout.min = 5000ms (custom)
2021-12-01 05:33:51,571 [pool-223-thread-1] INFO  server.RaftServerConfigKeys (ConfUtils.java:logGet(44)) - raft.server.rpc.timeout.max = 5200ms (custom)
2021-12-01 05:33:51,571 [pool-223-thread-1] INFO  server.RaftServerConfigKeys (ConfUtils.java:logGet(44)) - raft.server.rpc.sleep.time = 25ms (default)
2021-12-01 05:33:51,571 [pool-223-thread-1] INFO  server.RaftServerConfigKeys (ConfUtils.java:logGet(44)) - raft.server.rpc.slowness.timeout = 120000ms (custom)
2021-12-01 05:33:51,571 [pool-223-thread-1] INFO  server.RaftServerConfigKeys (ConfUtils.java:logGet(44)) - raft.server.leaderelection.leader.step-down.wait-time = 10s (default)
2021-12-01 05:33:51,571 [pool-223-thread-1] INFO  server.RaftServerConfigKeys (ConfUtils.java:logGet(44)) - raft.server.sleep.deviation.threshold = 300ms (default)
2021-12-01 05:33:51,571 [pool-223-thread-1] INFO  server.RaftServerConfigKeys (ConfUtils.java:logGet(44)) - raft.server.log.appender.install.snapshot.enabled = false (custom)
2021-12-01 05:33:51,571 [pool-223-thread-1] INFO  server.RaftServer$Division (ServerState.java:<init>(105)) - d9fd8670-dda0-4698-9e6d-057ae1a4980a@group-1F8C02111A4F: ConfigurationManager, init=-1: [], old=null, confs=<EMPTY_MAP>
2021-12-01 05:33:51,571 [pool-223-thread-1] INFO  server.RaftServerConfigKeys (ConfUtils.java:logGet(44)) - raft.server.storage.dir = [/home/runner/work/ozone/ozone/hadoop-ozone/integration-test/target/test-dir/MiniOzoneClusterImpl-18ff7c11-c606-42f1-8c5c-1f8c02111a4f/scmNode-2/scm-ha] (custom)
2021-12-01 05:33:51,571 [pool-223-thread-1] INFO  server.RaftServerConfigKeys (ConfUtils.java:logGet(44)) - raft.server.log.corruption.policy = EXCEPTION (default)
2021-12-01 05:33:51,571 [pool-223-thread-1] INFO  server.RaftServerConfigKeys (ConfUtils.java:logGet(44)) - raft.server.storage.free-space.min = 0MB (=0) (default)
2021-12-01 05:33:51,571 [pool-223-thread-1] INFO  storage.RaftStorageDirectory (RaftStorageDirectoryImpl.java:analyzeStorage(135)) - The storage directory /home/runner/work/ozone/ozone/hadoop-ozone/integration-test/target/test-dir/MiniOzoneClusterImpl-18ff7c11-c606-42f1-8c5c-1f8c02111a4f/scmNode-2/scm-ha/18ff7c11-c606-42f1-8c5c-1f8c02111a4f does not exist. Creating ...
2021-12-01 05:33:51,572 [pool-223-thread-1] INFO  storage.RaftStorageDirectory (RaftStorageDirectoryImpl.java:tryLock(230)) - Lock on /home/runner/work/ozone/ozone/hadoop-ozone/integration-test/target/test-dir/MiniOzoneClusterImpl-18ff7c11-c606-42f1-8c5c-1f8c02111a4f/scmNode-2/scm-ha/18ff7c11-c606-42f1-8c5c-1f8c02111a4f/in_use.lock acquired by nodename 30928@fv-az297-56
2021-12-01 05:33:51,583 [pool-223-thread-1] INFO  storage.RaftStorage (RaftStorageImpl.java:format(89)) - Storage directory /home/runner/work/ozone/ozone/hadoop-ozone/integration-test/target/test-dir/MiniOzoneClusterImpl-18ff7c11-c606-42f1-8c5c-1f8c02111a4f/scmNode-2/scm-ha/18ff7c11-c606-42f1-8c5c-1f8c02111a4f has been successfully formatted.
2021-12-01 05:33:51,583 [pool-223-thread-1] INFO  server.RaftServerConfigKeys (ConfUtils.java:logGet(44)) - raft.server.notification.no-leader.timeout = 60s (default)
2021-12-01 05:33:51,583 [pool-223-thread-1] INFO  server.RaftServerConfigKeys (ConfUtils.java:logGet(44)) - raft.server.log.use.memory = false (default)
2021-12-01 05:33:51,583 [pool-223-thread-1] INFO  server.RaftServerConfigKeys (ConfUtils.java:logGet(44)) - raft.server.log.purge.gap = 5 (custom)
2021-12-01 05:33:51,583 [pool-223-thread-1] INFO  server.RaftServerConfigKeys (ConfUtils.java:logGet(44)) - raft.server.log.appender.buffer.byte-limit = 33554432 (custom)
2021-12-01 05:33:51,583 [pool-223-thread-1] INFO  server.RaftServerConfigKeys (ConfUtils.java:logGet(44)) - raft.server.log.segment.size.max = 4194304 (custom)
2021-12-01 05:33:51,583 [pool-223-thread-1] INFO  server.RaftServerConfigKeys (ConfUtils.java:logGet(44)) - raft.server.log.segment.cache.num.max = 2 (custom)
2021-12-01 05:33:51,583 [pool-223-thread-1] INFO  server.RaftServerConfigKeys (ConfUtils.java:logGet(44)) - raft.server.log.segment.cache.size.max = 200MB (=209715200) (default)
2021-12-01 05:33:51,584 [pool-223-thread-1] INFO  segmented.SegmentedRaftLogWorker (SegmentedRaftLogWorker.java:<init>(182)) - new d9fd8670-dda0-4698-9e6d-057ae1a4980a@group-1F8C02111A4F-SegmentedRaftLogWorker for RaftStorageImpl:Storage Directory /home/runner/work/ozone/ozone/hadoop-ozone/integration-test/target/test-dir/MiniOzoneClusterImpl-18ff7c11-c606-42f1-8c5c-1f8c02111a4f/scmNode-2/scm-ha/18ff7c11-c606-42f1-8c5c-1f8c02111a4f
2021-12-01 05:33:51,584 [pool-223-thread-1] INFO  server.RaftServerConfigKeys (ConfUtils.java:logGet(44)) - raft.server.log.queue.byte-limit = 64MB (=67108864) (default)
2021-12-01 05:33:51,584 [pool-223-thread-1] INFO  server.RaftServerConfigKeys (ConfUtils.java:logGet(44)) - raft.server.log.queue.element-limit = 4096 (default)
2021-12-01 05:33:51,584 [pool-223-thread-1] INFO  server.RaftServerConfigKeys (ConfUtils.java:logGet(44)) - raft.server.log.segment.size.max = 4194304 (custom)
2021-12-01 05:33:51,584 [pool-223-thread-1] INFO  server.RaftServerConfigKeys (ConfUtils.java:logGet(44)) - raft.server.log.preallocated.size = 4194304 (custom)
2021-12-01 05:33:51,584 [pool-223-thread-1] INFO  server.RaftServerConfigKeys (ConfUtils.java:logGet(44)) - raft.server.log.force.sync.num = 128 (default)
2021-12-01 05:33:51,584 [pool-223-thread-1] INFO  server.RaftServerConfigKeys (ConfUtils.java:logGet(44)) - raft.server.log.statemachine.data.sync = true (default)
2021-12-01 05:33:51,584 [pool-223-thread-1] INFO  server.RaftServerConfigKeys (ConfUtils.java:logGet(44)) - raft.server.log.statemachine.data.sync.timeout = 10s (default)
2021-12-01 05:33:51,584 [pool-223-thread-1] INFO  server.RaftServerConfigKeys (ConfUtils.java:logGet(44)) - raft.server.log.statemachine.data.sync.timeout.retry = -1 (default)
2021-12-01 05:33:51,584 [pool-223-thread-1] INFO  server.RaftServerConfigKeys (ConfUtils.java:logGet(44)) - raft.server.log.write.buffer.size = 64KB (=65536) (default)
2021-12-01 05:33:51,584 [pool-223-thread-1] INFO  server.RaftServerConfigKeys (ConfUtils.java:logGet(44)) - raft.server.log.statemachine.data.caching.enabled = false (default)
2021-12-01 05:33:51,585 [pool-223-thread-1] INFO  segmented.SegmentedRaftLogWorker (SegmentedRaftLogWorker.java:lambda$new$0(133)) - d9fd8670-dda0-4698-9e6d-057ae1a4980a@group-1F8C02111A4F-SegmentedRaftLogWorker: flushIndex: setUnconditionally 0 -> -1
2021-12-01 05:33:51,585 [pool-223-thread-1] INFO  segmented.SegmentedRaftLogWorker (SegmentedRaftLogWorker.java:lambda$new$0(133)) - d9fd8670-dda0-4698-9e6d-057ae1a4980a@group-1F8C02111A4F-SegmentedRaftLogWorker: safeCacheEvictIndex: setUnconditionally 0 -> -1
2021-12-01 05:33:51,598 [pool-223-thread-1] INFO  server.RaftServerConfigKeys (ConfUtils.java:logGet(44)) - raft.server.snapshot.auto.trigger.enabled = true (custom)
2021-12-01 05:33:51,598 [pool-223-thread-1] INFO  server.RaftServerConfigKeys (ConfUtils.java:logGet(44)) - raft.server.snapshot.auto.trigger.threshold = 5 (custom)
2021-12-01 05:33:51,598 [pool-223-thread-1] INFO  server.RaftServerConfigKeys (ConfUtils.java:logGet(44)) - raft.server.snapshot.retention.file.num = -1 (default)
2021-12-01 05:33:51,598 [pool-223-thread-1] INFO  server.RaftServerConfigKeys (ConfUtils.java:logGet(44)) - raft.server.log.purge.upto.snapshot.index = true (custom)
2021-12-01 05:33:51,598 [pool-223-thread-1] INFO  server.RaftServerConfigKeys (ConfUtils.java:logGet(44)) - raft.server.retrycache.expirytime = 60000ms (default)
2021-12-01 05:33:51,598 [pool-223-thread-1] INFO  server.RaftServerConfigKeys (ConfUtils.java:logGet(44)) - raft.server.retrycache.statistics.expirytime = 100μs (default)
2021-12-01 05:33:51,612 [Listener at 0.0.0.0/14731] INFO  ha.SCMSnapshotProvider (SCMSnapshotProvider.java:<init>(66)) - Initializing SCM Snapshot Provider
2021-12-01 05:33:51,612 [Listener at 0.0.0.0/14731] WARN  server.ServerUtils (ServerUtils.java:getDefaultRatisDirectory(237)) - Storage directory for Ratis is not configured. It is a good idea to map this to an SSD disk. Falling back to ozone.metadata.dirs
2021-12-01 05:33:51,612 [Listener at 0.0.0.0/14731] WARN  ha.SCMHAUtils (SCMHAUtils.java:getSCMRatisSnapshotDirectory(146)) - SCM snapshot dir is not configured. Falling back to ozone.metadata.dirs config
2021-12-01 05:33:51,614 [Listener at 0.0.0.0/14731] INFO  ha.SequenceIdGenerator (SequenceIdGenerator.java:upgradeToSequenceId(347)) - upgrade localId to 107544261427200000
2021-12-01 05:33:51,614 [Listener at 0.0.0.0/14731] INFO  ha.SequenceIdGenerator (SequenceIdGenerator.java:upgradeToSequenceId(357)) - upgrade delTxnId to 0
2021-12-01 05:33:51,614 [Listener at 0.0.0.0/14731] INFO  ha.SequenceIdGenerator (SequenceIdGenerator.java:upgradeToSequenceId(371)) - upgrade containerId to 0
2021-12-01 05:33:51,614 [Listener at 0.0.0.0/14731] INFO  ha.SequenceIdGenerator (SequenceIdGenerator.java:<init>(218)) - Init the HA SequenceIdGenerator.
2021-12-01 05:33:51,614 [Listener at 0.0.0.0/14731] WARN  server.ServerUtils (ServerUtils.java:sanitizeUserArgs(73)) - ozone.scm.stale.node.interval value = 300000 is larger than max = 100000 based on the key value of ozone.scm.heartbeat.thread.interval, reset to the max value 100000.
2021-12-01 05:33:51,614 [Listener at 0.0.0.0/14731] WARN  server.ServerUtils (ServerUtils.java:sanitizeUserArgs(73)) - ozone.scm.stale.node.interval value = 300000 is larger than max = 100000 based on the key value of ozone.scm.heartbeat.thread.interval, reset to the max value 100000.
2021-12-01 05:33:51,615 [Listener at 0.0.0.0/14731] INFO  node.SCMNodeManager (SCMNodeManager.java:<init>(144)) - Entering startup safe mode.
2021-12-01 05:33:51,616 [Listener at 0.0.0.0/14731] INFO  algorithms.ContainerPlacementPolicyFactory (ContainerPlacementPolicyFactory.java:getPolicy(60)) - Create container placement policy of type org.apache.hadoop.hdds.scm.container.placement.algorithms.SCMContainerPlacementRandom
2021-12-01 05:33:51,616 [Listener at 0.0.0.0/14731] INFO  pipeline.PipelineStateManagerImpl (PipelineStateManagerImpl.java:initialize(78)) - No pipeline exists in current db
2021-12-01 05:33:51,616 [Listener at 0.0.0.0/14731] INFO  algorithms.LeaderChoosePolicyFactory (LeaderChoosePolicyFactory.java:getPolicy(57)) - Create leader choose policy of type org.apache.hadoop.hdds.scm.pipeline.leader.choose.algorithms.MinLeaderCountChoosePolicy
2021-12-01 05:33:51,616 [Listener at 0.0.0.0/14731] INFO  ha.SCMServiceManager (SCMServiceManager.java:register(43)) - Registering service BackgroundPipelineCreator.
2021-12-01 05:33:51,616 [Listener at 0.0.0.0/14731] INFO  pipeline.BackgroundPipelineCreator (BackgroundPipelineCreator.java:start(130)) - Starting RatisPipelineUtilsThread.
2021-12-01 05:33:51,619 [Listener at 0.0.0.0/14731] INFO  algorithms.PipelineChoosePolicyFactory (PipelineChoosePolicyFactory.java:createPipelineChoosePolicyFromClass(73)) - Create pipeline choose policy of type org.apache.hadoop.hdds.scm.pipeline.choose.algorithms.RandomPipelineChoosePolicy
2021-12-01 05:33:51,619 [Listener at 0.0.0.0/14731] INFO  ha.SCMServiceManager (SCMServiceManager.java:register(43)) - Registering service SCMBlockDeletingService.
2021-12-01 05:33:51,619 [Listener at 0.0.0.0/14731] INFO  ha.SCMServiceManager (SCMServiceManager.java:register(43)) - Registering service ReplicationManager.
2021-12-01 05:33:51,619 [Listener at 0.0.0.0/14731] INFO  container.ReplicationManager (ReplicationManager.java:start(319)) - Starting Replication Monitor Thread.
2021-12-01 05:33:51,630 [Listener at 0.0.0.0/14731] INFO  safemode.ContainerSafeModeRule (ContainerSafeModeRule.java:<init>(89)) - containers with one replica threshold count 0
2021-12-01 05:33:51,630 [Listener at 0.0.0.0/14731] INFO  safemode.HealthyPipelineSafeModeRule (HealthyPipelineSafeModeRule.java:initializeRule(156)) - Total pipeline count is 0, healthy pipeline threshold count is 1
2021-12-01 05:33:51,630 [Listener at 0.0.0.0/14731] INFO  safemode.OneReplicaPipelineSafeModeRule (OneReplicaPipelineSafeModeRule.java:initializeRule(180)) - Total pipeline count is 0, pipeline's with at least one datanode reported threshold count is 0
2021-12-01 05:33:51,641 [Listener at 0.0.0.0/14731] INFO  ipc.CallQueueManager (CallQueueManager.java:<init>(90)) - Using callQueue: class java.util.concurrent.LinkedBlockingQueue, queueCapacity: 2000, scheduler: class org.apache.hadoop.ipc.DefaultRpcScheduler, ipcBackoff: false.
2021-12-01 05:33:51,642 [Socket Reader #1 for port 14739] INFO  ipc.Server (Server.java:run(1265)) - Starting Socket Reader #1 for port 14739
2021-12-01 05:33:51,647 [Listener at 0.0.0.0/14739] INFO  ipc.CallQueueManager (CallQueueManager.java:<init>(90)) - Using callQueue: class java.util.concurrent.LinkedBlockingQueue, queueCapacity: 2000, scheduler: class org.apache.hadoop.ipc.DefaultRpcScheduler, ipcBackoff: false.
2021-12-01 05:33:51,658 [Socket Reader #1 for port 14740] INFO  ipc.Server (Server.java:run(1265)) - Starting Socket Reader #1 for port 14740
2021-12-01 05:33:51,665 [Listener at 0.0.0.0/14740] INFO  ipc.CallQueueManager (CallQueueManager.java:<init>(90)) - Using callQueue: class java.util.concurrent.LinkedBlockingQueue, queueCapacity: 2000, scheduler: class org.apache.hadoop.ipc.DefaultRpcScheduler, ipcBackoff: false.
2021-12-01 05:33:51,673 [ReplicationMonitor] INFO  container.ReplicationManager (ReplicationManager.java:processAll(371)) - Replication Monitor Thread took 0 milliseconds for processing 0 containers.
2021-12-01 05:33:51,673 [Socket Reader #1 for port 14741] INFO  ipc.Server (Server.java:run(1265)) - Starting Socket Reader #1 for port 14741
2021-12-01 05:33:51,729 [Listener at 0.0.0.0/14741] INFO  algorithms.ContainerPlacementPolicyFactory (ContainerPlacementPolicyFactory.java:getPolicy(60)) - Create container placement policy of type org.apache.hadoop.hdds.scm.container.placement.algorithms.SCMContainerPlacementRandom
2021-12-01 05:33:51,739 [Listener at 0.0.0.0/14741] INFO  server.StorageContainerManager (StorageContainerManager.java:<init>(388)) - 
Container Balancer status:
Key                            Value
Running                        false
Container Balancer Configuration values:
Key                                                Value
Threshold                                          0.1
Max Datanodes to Involve per Iteration(ratio)      0.2
Max Size to Move per Iteration                     30GB
Max Size Entering Target per Iteration             1GB
Max Size Leaving Source per Iteration              1GB

2021-12-01 05:33:51,739 [Listener at 0.0.0.0/14741] WARN  events.EventQueue (EventQueue.java:fireEvent(194)) - No event handler registered for event TypedEvent{payloadType=SafeModeStatus, name='Safe mode status'}
2021-12-01 05:33:51,739 [Listener at 0.0.0.0/14741] INFO  ha.SCMContext (SCMContext.java:updateSafeModeStatus(205)) - Update SafeModeStatus from SafeModeStatus{safeModeStatus=true, preCheckPassed=false} to SafeModeStatus{safeModeStatus=true, preCheckPassed=false}.
2021-12-01 05:33:51,740 [Listener at 0.0.0.0/14741] INFO  server.StorageContainerManager (StorageContainerManager.java:start(1303)) - StorageContainerLocationProtocol RPC server is listening at /0.0.0.0:14741
2021-12-01 05:33:51,740 [Listener at 0.0.0.0/14741] INFO  ha.SCMRatisServerImpl (SCMRatisServerImpl.java:start(177)) - starting ratis server 0.0.0.0:14738
2021-12-01 05:33:51,740 [Listener at 0.0.0.0/14741] INFO  server.RaftServer$Division (RaftServerImpl.java:start(304)) - d9fd8670-dda0-4698-9e6d-057ae1a4980a@group-1F8C02111A4F: start with initializing state, conf=-1: [], old=null
2021-12-01 05:33:51,740 [Listener at 0.0.0.0/14741] INFO  server.RaftServer$Division (RaftServerImpl.java:setRole(290)) - d9fd8670-dda0-4698-9e6d-057ae1a4980a@group-1F8C02111A4F: changes role from      null to FOLLOWER at term 0 for startInitializing
2021-12-01 05:33:51,740 [Listener at 0.0.0.0/14741] INFO  util.JmxRegister (JmxRegister.java:tryRegister(44)) - Successfully registered JMX Bean with object name Ratis:service=RaftServer,group=group-1F8C02111A4F,id=d9fd8670-dda0-4698-9e6d-057ae1a4980a
2021-12-01 05:33:51,741 [Listener at 0.0.0.0/14741] INFO  server.RaftServer (RaftServerProxy.java:lambda$start$5(374)) - d9fd8670-dda0-4698-9e6d-057ae1a4980a: start RPC server
2021-12-01 05:33:51,742 [Listener at 0.0.0.0/14741] INFO  server.GrpcService (GrpcService.java:startImpl(253)) - d9fd8670-dda0-4698-9e6d-057ae1a4980a: GrpcService started, listening on 14738
2021-12-01 05:33:51,754 [Listener at 0.0.0.0/14741] INFO  ha.SCMNodeInfo (SCMNodeInfo.java:getPort(197)) - ConfigKey ozone.scm.client.address is deprecated, For configuring different ports for each SCM use PortConfigKey ozone.scm.client.port appended with serviceId and nodeId
2021-12-01 05:33:51,754 [Listener at 0.0.0.0/14741] INFO  ha.SCMNodeInfo (SCMNodeInfo.java:getPort(197)) - ConfigKey ozone.scm.block.client.address is deprecated, For configuring different ports for each SCM use PortConfigKey ozone.scm.block.client.port appended with serviceId and nodeId
2021-12-01 05:33:51,754 [Listener at 0.0.0.0/14741] INFO  ha.SCMNodeInfo (SCMNodeInfo.java:getPort(197)) - ConfigKey ozone.scm.datanode.address is deprecated, For configuring different ports for each SCM use PortConfigKey ozone.scm.datanode.port appended with serviceId and nodeId
2021-12-01 05:33:51,754 [Listener at 0.0.0.0/14741] INFO  ha.SCMNodeInfo (SCMNodeInfo.java:getPort(197)) - ConfigKey ozone.scm.client.address is deprecated, For configuring different ports for each SCM use PortConfigKey ozone.scm.client.port appended with serviceId and nodeId
2021-12-01 05:33:51,754 [Listener at 0.0.0.0/14741] INFO  ha.SCMNodeInfo (SCMNodeInfo.java:getPort(197)) - ConfigKey ozone.scm.block.client.address is deprecated, For configuring different ports for each SCM use PortConfigKey ozone.scm.block.client.port appended with serviceId and nodeId
2021-12-01 05:33:51,755 [Listener at 0.0.0.0/14741] INFO  ha.SCMNodeInfo (SCMNodeInfo.java:getPort(197)) - ConfigKey ozone.scm.datanode.address is deprecated, For configuring different ports for each SCM use PortConfigKey ozone.scm.datanode.port appended with serviceId and nodeId
2021-12-01 05:33:51,755 [Listener at 0.0.0.0/14741] INFO  ha.SCMNodeInfo (SCMNodeInfo.java:getPort(197)) - ConfigKey ozone.scm.client.address is deprecated, For configuring different ports for each SCM use PortConfigKey ozone.scm.client.port appended with serviceId and nodeId
2021-12-01 05:33:51,755 [Listener at 0.0.0.0/14741] INFO  ha.SCMNodeInfo (SCMNodeInfo.java:getPort(197)) - ConfigKey ozone.scm.block.client.address is deprecated, For configuring different ports for each SCM use PortConfigKey ozone.scm.block.client.port appended with serviceId and nodeId
2021-12-01 05:33:51,755 [Listener at 0.0.0.0/14741] INFO  ha.SCMNodeInfo (SCMNodeInfo.java:getPort(197)) - ConfigKey ozone.scm.datanode.address is deprecated, For configuring different ports for each SCM use PortConfigKey ozone.scm.datanode.port appended with serviceId and nodeId
2021-12-01 05:33:51,758 [org.apache.ratis.util.JvmPauseMonitor$$Lambda$499/989520513@553c4d0d] INFO  util.JvmPauseMonitor (JvmPauseMonitor.java:run(103)) - JvmPauseMonitor-d9fd8670-dda0-4698-9e6d-057ae1a4980a: Started
2021-12-01 05:33:51,763 [IPC Server handler 2 on default port 14730] INFO  ha.SCMRatisServerImpl (SCMRatisServerImpl.java:addSCM(291)) - 3049a9d5-7c8a-485e-b9b8-96288700cc55: Submitting SetConfiguration request to Ratis server with new SCM peers list: [3049a9d5-7c8a-485e-b9b8-96288700cc55|rpc:localhost:14728|admin:|client:|dataStream:|priority:0, d9fd8670-dda0-4698-9e6d-057ae1a4980a|rpc:localhost:14738|priority:0]
2021-12-01 05:33:51,763 [IPC Server handler 2 on default port 14730] INFO  server.RaftServer$Division (RaftServerImpl.java:setConfigurationAsync(974)) - 3049a9d5-7c8a-485e-b9b8-96288700cc55@group-1F8C02111A4F: receive setConfiguration SetConfigurationRequest:client-6351F966FDB6->3049a9d5-7c8a-485e-b9b8-96288700cc55@group-1F8C02111A4F, cid=0, seq=0, RW, null, peers:[3049a9d5-7c8a-485e-b9b8-96288700cc55|rpc:localhost:14728|admin:|client:|dataStream:|priority:0, d9fd8670-dda0-4698-9e6d-057ae1a4980a|rpc:localhost:14738|priority:0]
2021-12-01 05:33:51,763 [IPC Server handler 2 on default port 14730] INFO  server.RaftServer$Division (LeaderStateImpl.java:startSetConfiguration(358)) - 3049a9d5-7c8a-485e-b9b8-96288700cc55@group-1F8C02111A4F-LeaderStateImpl: startSetConfiguration SetConfigurationRequest:client-6351F966FDB6->3049a9d5-7c8a-485e-b9b8-96288700cc55@group-1F8C02111A4F, cid=0, seq=0, RW, null, peers:[3049a9d5-7c8a-485e-b9b8-96288700cc55|rpc:localhost:14728|admin:|client:|dataStream:|priority:0, d9fd8670-dda0-4698-9e6d-057ae1a4980a|rpc:localhost:14738|priority:0]
2021-12-01 05:33:51,763 [IPC Server handler 2 on default port 14730] INFO  server.RaftServerConfigKeys (ConfUtils.java:logGet(44)) - raft.server.log.appender.snapshot.chunk.size.max = 16MB (=16777216) (default)
2021-12-01 05:33:51,764 [IPC Server handler 2 on default port 14730] INFO  server.RaftServerConfigKeys (ConfUtils.java:logGet(44)) - raft.server.log.appender.buffer.byte-limit = 33554432 (custom)
2021-12-01 05:33:51,764 [IPC Server handler 2 on default port 14730] INFO  server.RaftServerConfigKeys (ConfUtils.java:logGet(44)) - raft.server.log.appender.buffer.element-limit = 1024 (custom)
2021-12-01 05:33:51,766 [IPC Server handler 2 on default port 14730] INFO  grpc.GrpcConfigKeys (ConfUtils.java:logGet(44)) - raft.grpc.server.leader.outstanding.appends.max = 128 (default)
2021-12-01 05:33:51,766 [IPC Server handler 2 on default port 14730] INFO  server.RaftServerConfigKeys (ConfUtils.java:logGet(44)) - raft.server.rpc.request.timeout = 30000ms (custom)
2021-12-01 05:33:51,766 [IPC Server handler 2 on default port 14730] INFO  server.RaftServerConfigKeys (ConfUtils.java:logGet(44)) - raft.server.log.appender.install.snapshot.enabled = false (custom)
2021-12-01 05:33:51,774 [3049a9d5-7c8a-485e-b9b8-96288700cc55@group-1F8C02111A4F->d9fd8670-dda0-4698-9e6d-057ae1a4980a-GrpcLogAppender-LogAppenderDaemon] INFO  server.GrpcLogAppender (GrpcLogAppender.java:installSnapshot(550)) - 3049a9d5-7c8a-485e-b9b8-96288700cc55@group-1F8C02111A4F->d9fd8670-dda0-4698-9e6d-057ae1a4980a-GrpcLogAppender: followerNextIndex = 0 but logStartIndex = 0, notify follower to install snapshot-(t:2, i:2)
2021-12-01 05:33:51,774 [3049a9d5-7c8a-485e-b9b8-96288700cc55@group-1F8C02111A4F->d9fd8670-dda0-4698-9e6d-057ae1a4980a-GrpcLogAppender-LogAppenderDaemon] INFO  server.GrpcLogAppender (GrpcLogAppender.java:installSnapshot(558)) - 3049a9d5-7c8a-485e-b9b8-96288700cc55@group-1F8C02111A4F->d9fd8670-dda0-4698-9e6d-057ae1a4980a-GrpcLogAppender: send 3049a9d5-7c8a-485e-b9b8-96288700cc55->d9fd8670-dda0-4698-9e6d-057ae1a4980a#0-t2,notify:(t:2, i:2)
2021-12-01 05:33:51,814 [grpc-default-executor-0] INFO  server.RaftServer$Division (RaftServerImpl.java:installSnapshot(1332)) - d9fd8670-dda0-4698-9e6d-057ae1a4980a@group-1F8C02111A4F: receive installSnapshot: 3049a9d5-7c8a-485e-b9b8-96288700cc55->d9fd8670-dda0-4698-9e6d-057ae1a4980a#0-t2,notify:(t:2, i:2)
2021-12-01 05:33:51,815 [grpc-default-executor-0] INFO  ha.SCMStateMachine (SCMStateMachine.java:notifyLeaderChanged(255)) - leader changed, yet current SCM is still follower.
2021-12-01 05:33:51,816 [grpc-default-executor-0] INFO  server.RaftServer$Division (ServerState.java:setLeader(285)) - d9fd8670-dda0-4698-9e6d-057ae1a4980a@group-1F8C02111A4F: change Leader from null to 3049a9d5-7c8a-485e-b9b8-96288700cc55 at term 2 for installSnapshot, leader elected after 232ms
2021-12-01 05:33:51,816 [grpc-default-executor-0] INFO  server.RaftServer$Division (RaftServerImpl.java:notifyStateMachineToInstallSnapshot(1551)) - d9fd8670-dda0-4698-9e6d-057ae1a4980a@group-1F8C02111A4F: Received notification to install snapshot at index 2
2021-12-01 05:33:51,816 [grpc-default-executor-0] INFO  server.RaftServer$Division (RaftServerImpl.java:notifyStateMachineToInstallSnapshot(1582)) - d9fd8670-dda0-4698-9e6d-057ae1a4980a@group-1F8C02111A4F: notifyInstallSnapshot: nextIndex is 0 but the leader's first available index is 2.
2021-12-01 05:33:51,816 [grpc-default-executor-0] INFO  ha.SCMStateMachine (SCMStateMachine.java:notifyInstallSnapshotFromLeader(219)) - Received install snapshot notification from SCM leader: localhost:14728 with term index: (t:2, i:2)
2021-12-01 05:33:51,826 [pool-224-thread-1] INFO  ha.SCMHAManagerImpl (SCMHAManagerImpl.java:getDBCheckpointFromLeader(206)) - Downloading checkpoint from leader SCM scmNode-1 and reloading state from the checkpoint.
2021-12-01 05:33:51,847 [grpc-default-executor-1] INFO  ha.SCMDBCheckpointProvider (SCMDBCheckpointProvider.java:writeDBCheckPointToSream(48)) - Received request to obtain SCM DB checkpoint snapshot
2021-12-01 05:33:51,857 [grpc-default-executor-1] INFO  db.RDBCheckpointManager (RDBCheckpointManager.java:createCheckpoint(86)) - Created checkpoint at /home/runner/work/ozone/ozone/hadoop-ozone/integration-test/target/test-dir/MiniOzoneClusterImpl-18ff7c11-c606-42f1-8c5c-1f8c02111a4f/scmNode-1/db.checkpoints/scm.db_checkpoint_1638336831848 in 9 milliseconds
2021-12-01 05:33:51,860 [grpc-default-executor-1] INFO  ha.SCMGrpcOutputStream (SCMGrpcOutputStream.java:close(111)) - Sent 4403 bytes for cluster 18ff7c11-c606-42f1-8c5c-1f8c02111a4f
2021-12-01 05:33:51,862 [grpc-default-executor-1] INFO  ha.SCMDBCheckpointProvider (SCMDBCheckpointProvider.java:writeDBCheckPointToSream(73)) - Time taken to write the checkpoint to response output stream: 4 milliseconds
2021-12-01 05:33:51,862 [grpc-default-executor-1] INFO  db.RocksDBCheckpoint (RocksDBCheckpoint.java:cleanupCheckpoint(78)) - Cleaning up RocksDB checkpoint at /home/runner/work/ozone/ozone/hadoop-ozone/integration-test/target/test-dir/MiniOzoneClusterImpl-18ff7c11-c606-42f1-8c5c-1f8c02111a4f/scmNode-1/db.checkpoints/scm.db_checkpoint_1638336831848
2021-12-01 05:33:51,874 [grpc-default-executor-2] INFO  ha.InterSCMGrpcClient (InterSCMGrpcClient.java:onCompleted(173)) - Checkpoint is downloaded to /home/runner/work/ozone/ozone/hadoop-ozone/integration-test/target/test-dir/MiniOzoneClusterImpl-18ff7c11-c606-42f1-8c5c-1f8c02111a4f/scmNode-2/snapshot/scm.db-scmNode-1-1638336831826.tar.gz
2021-12-01 05:33:51,906 [pool-224-thread-1] INFO  ha.SCMSnapshotProvider (SCMSnapshotProvider.java:getSCMDBSnapshot(131)) - Successfully downloaded latest checkpoint from leader SCM: scmNode-1 path /home/runner/work/ozone/ozone/hadoop-ozone/integration-test/target/test-dir/MiniOzoneClusterImpl-18ff7c11-c606-42f1-8c5c-1f8c02111a4f/scmNode-2/snapshot/scm.db-scmNode-1-1638336831826
2021-12-01 05:33:51,906 [pool-224-thread-1] INFO  ha.SCMHAManagerImpl (SCMHAManagerImpl.java:downloadCheckpointFromLeader(158)) - Downloaded checkpoint from Leader scmNode-1 to the location /home/runner/work/ozone/ozone/hadoop-ozone/integration-test/target/test-dir/MiniOzoneClusterImpl-18ff7c11-c606-42f1-8c5c-1f8c02111a4f/scmNode-2/snapshot/scm.db-scmNode-1-1638336831826
2021-12-01 05:33:51,982 [pool-224-thread-1] INFO  ha.SCMHAManagerImpl (SCMHAManagerImpl.java:verifyCheckpointFromLeader(172)) - Installing checkpoint with SCMTransactionInfo 2#2
2021-12-01 05:33:51,982 [pool-224-thread-1] INFO  server.RaftServer$Division (RaftServerImpl.java:lambda$notifyStateMachineToInstallSnapshot$30(1595)) - d9fd8670-dda0-4698-9e6d-057ae1a4980a@group-1F8C02111A4F: StateMachine successfully installed snapshot index 2. Reloading the StateMachine.
2021-12-01 05:33:51,982 [pool-224-thread-1] INFO  segmented.SegmentedRaftLogWorker (SegmentedRaftLogWorker.java:lambda$new$0(133)) - d9fd8670-dda0-4698-9e6d-057ae1a4980a@group-1F8C02111A4F-SegmentedRaftLogWorker: flushIndex: setUnconditionally -1 -> 2
2021-12-01 05:33:51,982 [pool-224-thread-1] INFO  segmented.SegmentedRaftLogWorker (SegmentedRaftLogWorker.java:lambda$new$0(133)) - d9fd8670-dda0-4698-9e6d-057ae1a4980a@group-1F8C02111A4F-SegmentedRaftLogWorker: safeCacheEvictIndex: setUnconditionally -1 -> 2
2021-12-01 05:33:51,982 [pool-224-thread-1] INFO  raftlog.RaftLog (RaftLogBase.java:lambda$new$0(53)) - d9fd8670-dda0-4698-9e6d-057ae1a4980a@group-1F8C02111A4F-SegmentedRaftLog: snapshotIndex: updateIncreasingly -1 -> 2
2021-12-01 05:33:51,985 [grpc-default-executor-0] INFO  server.RaftServer$Division (RaftServerImpl.java:notifyStateMachineToInstallSnapshot(1638)) - d9fd8670-dda0-4698-9e6d-057ae1a4980a@group-1F8C02111A4F: InstallSnapshot notification result: SNAPSHOT_INSTALLED, at index: 2
2021-12-01 05:33:51,986 [grpc-default-executor-0] INFO  server.RaftServer$Division (RaftServerImpl.java:installSnapshotImpl(1462)) - d9fd8670-dda0-4698-9e6d-057ae1a4980a@group-1F8C02111A4F: set new configuration index: 1
configurationEntry {
  peers {
    id: "3049a9d5-7c8a-485e-b9b8-96288700cc55"
    address: "localhost:14728"
  }
}
 from snapshot
2021-12-01 05:33:51,990 [grpc-default-executor-0] INFO  server.RaftServer$Division (ServerState.java:setRaftConf(387)) - d9fd8670-dda0-4698-9e6d-057ae1a4980a@group-1F8C02111A4F: set configuration 1: [3049a9d5-7c8a-485e-b9b8-96288700cc55|rpc:localhost:14728|admin:|client:|dataStream:|priority:0], old=null
2021-12-01 05:33:51,990 [grpc-default-executor-0] INFO  server.RaftServer$Division (RaftServerImpl.java:installSnapshot(1343)) - d9fd8670-dda0-4698-9e6d-057ae1a4980a@group-1F8C02111A4F: reply installSnapshot: 3049a9d5-7c8a-485e-b9b8-96288700cc55<-d9fd8670-dda0-4698-9e6d-057ae1a4980a#0:FAIL-t0,SNAPSHOT_INSTALLED,snapshotIndex=2
2021-12-01 05:33:51,990 [grpc-default-executor-0] INFO  server.GrpcServerProtocolService (GrpcServerProtocolService.java:onCompleted(140)) - d9fd8670-dda0-4698-9e6d-057ae1a4980a: Completed INSTALL_SNAPSHOT, lastRequest: 3049a9d5-7c8a-485e-b9b8-96288700cc55->d9fd8670-dda0-4698-9e6d-057ae1a4980a#0-t2,notify:(t:2, i:2)
2021-12-01 05:33:52,000 [grpc-default-executor-0] INFO  server.GrpcLogAppender (GrpcLogAppender.java:onNext(410)) - 3049a9d5-7c8a-485e-b9b8-96288700cc55@group-1F8C02111A4F->d9fd8670-dda0-4698-9e6d-057ae1a4980a-InstallSnapshotResponseHandler: received the first reply 3049a9d5-7c8a-485e-b9b8-96288700cc55<-d9fd8670-dda0-4698-9e6d-057ae1a4980a#0:FAIL-t0,SNAPSHOT_INSTALLED,snapshotIndex=2
2021-12-01 05:33:52,000 [grpc-default-executor-0] INFO  server.GrpcLogAppender (GrpcLogAppender.java:onNext(450)) - 3049a9d5-7c8a-485e-b9b8-96288700cc55@group-1F8C02111A4F->d9fd8670-dda0-4698-9e6d-057ae1a4980a-InstallSnapshotResponseHandler: Follower installed snapshot at index 2
2021-12-01 05:33:52,000 [grpc-default-executor-0] INFO  leader.FollowerInfo (FollowerInfoImpl.java:lambda$new$0(47)) - 3049a9d5-7c8a-485e-b9b8-96288700cc55@group-1F8C02111A4F->d9fd8670-dda0-4698-9e6d-057ae1a4980a: snapshotIndex: setUnconditionally 0 -> 2
2021-12-01 05:33:52,000 [grpc-default-executor-0] INFO  leader.FollowerInfo (FollowerInfoImpl.java:lambda$new$0(47)) - 3049a9d5-7c8a-485e-b9b8-96288700cc55@group-1F8C02111A4F->d9fd8670-dda0-4698-9e6d-057ae1a4980a: matchIndex: setUnconditionally 0 -> 2
2021-12-01 05:33:52,000 [grpc-default-executor-0] INFO  leader.FollowerInfo (FollowerInfoImpl.java:lambda$new$0(47)) - 3049a9d5-7c8a-485e-b9b8-96288700cc55@group-1F8C02111A4F->d9fd8670-dda0-4698-9e6d-057ae1a4980a: nextIndex: setUnconditionally 0 -> 3
2021-12-01 05:33:52,000 [grpc-default-executor-0] INFO  leader.FollowerInfo (FollowerInfoImpl.java:setAttemptedToInstallSnapshot(116)) - Follower 3049a9d5-7c8a-485e-b9b8-96288700cc55@group-1F8C02111A4F->d9fd8670-dda0-4698-9e6d-057ae1a4980a acknowledged installing snapshot
2021-12-01 05:33:52,000 [grpc-default-executor-0] INFO  leader.FollowerInfo (FollowerInfoImpl.java:lambda$new$0(47)) - 3049a9d5-7c8a-485e-b9b8-96288700cc55@group-1F8C02111A4F->d9fd8670-dda0-4698-9e6d-057ae1a4980a: nextIndex: updateToMax old=3, new=3, updated? false
2021-12-01 05:33:52,008 [grpc-default-executor-2] INFO  impl.RoleInfo (RoleInfo.java:updateAndGet(130)) - d9fd8670-dda0-4698-9e6d-057ae1a4980a: start d9fd8670-dda0-4698-9e6d-057ae1a4980a@group-1F8C02111A4F-FollowerState
2021-12-01 05:33:52,042 [d9fd8670-dda0-4698-9e6d-057ae1a4980a@group-1F8C02111A4F-StateMachineUpdater] INFO  ha.SCMHAManagerImpl (SCMHAManagerImpl.java:installCheckpoint(227)) - Installing checkpoint with SCMTransactionInfo 2#2
2021-12-01 05:33:52,043 [d9fd8670-dda0-4698-9e6d-057ae1a4980a@group-1F8C02111A4F-StateMachineUpdater] INFO  ha.SCMHAManagerImpl (SCMHAManagerImpl.java:installCheckpoint(266)) - Replaced DB with checkpoint, term: 2, index: 2
2021-12-01 05:33:52,043 [d9fd8670-dda0-4698-9e6d-057ae1a4980a@group-1F8C02111A4F-StateMachineUpdater] WARN  utils.HAUtils (HAUtils.java:getMetaDir(342)) - ozone.scm.db.dirs is not configured. We recommend adding this setting. Falling back to ozone.metadata.dirs instead.
2021-12-01 05:33:52,044 [d9fd8670-dda0-4698-9e6d-057ae1a4980a@group-1F8C02111A4F-StateMachineUpdater] WARN  db.DBStoreBuilder (DBStoreBuilder.java:applyDBDefinition(145)) - ozone.scm.db.dirs is not configured. We recommend adding this setting. Falling back to ozone.metadata.dirs instead.
2021-12-01 05:33:52,079 [d9fd8670-dda0-4698-9e6d-057ae1a4980a@group-1F8C02111A4F-StateMachineUpdater] INFO  ha.SequenceIdGenerator (SequenceIdGenerator.java:reinitialize(166)) - reinitialize SequenceIdGenerator.
2021-12-01 05:33:52,082 [d9fd8670-dda0-4698-9e6d-057ae1a4980a@group-1F8C02111A4F-StateMachineUpdater] INFO  pipeline.PipelineStateManagerImpl (PipelineStateManagerImpl.java:initialize(78)) - No pipeline exists in current db
2021-12-01 05:33:52,082 [d9fd8670-dda0-4698-9e6d-057ae1a4980a@group-1F8C02111A4F-StateMachineUpdater] INFO  ha.SCMHAManagerImpl (SCMHAManagerImpl.java:installCheckpoint(277)) - Reloaded SCM state with Term: 2 and Index: 2
2021-12-01 05:33:52,083 [d9fd8670-dda0-4698-9e6d-057ae1a4980a@group-1F8C02111A4F-StateMachineUpdater] INFO  impl.StateMachineUpdater (StateMachineUpdater.java:lambda$new$0(89)) - d9fd8670-dda0-4698-9e6d-057ae1a4980a@group-1F8C02111A4F-StateMachineUpdater: snapshotIndex: setUnconditionally -1 -> 2
2021-12-01 05:33:52,083 [d9fd8670-dda0-4698-9e6d-057ae1a4980a@group-1F8C02111A4F-StateMachineUpdater] INFO  impl.StateMachineUpdater (StateMachineUpdater.java:lambda$new$0(89)) - d9fd8670-dda0-4698-9e6d-057ae1a4980a@group-1F8C02111A4F-StateMachineUpdater: appliedIndex: setUnconditionally -1 -> 2
2021-12-01 05:33:52,088 [EndpointStateMachine task thread for /127.0.0.1:14529 - 0 ] INFO  ipc.Client (Client.java:handleConnectionFailure(977)) - Retrying connect to server: localhost/127.0.0.1:14529. Already tried 14 time(s); retry policy is RetryUpToMaximumCountWithFixedSleep(maxRetries=15, sleepTime=1000 MILLISECONDS)
2021-12-01 05:33:52,089 [EndpointStateMachine task thread for /127.0.0.1:14549 - 0 ] INFO  ipc.Client (Client.java:handleConnectionFailure(977)) - Retrying connect to server: localhost/127.0.0.1:14549. Already tried 14 time(s); retry policy is RetryUpToMaximumCountWithFixedSleep(maxRetries=15, sleepTime=1000 MILLISECONDS)
2021-12-01 05:33:52,091 [EndpointStateMachine task thread for /127.0.0.1:14539 - 0 ] INFO  ipc.Client (Client.java:handleConnectionFailure(977)) - Retrying connect to server: localhost/127.0.0.1:14539. Already tried 14 time(s); retry policy is RetryUpToMaximumCountWithFixedSleep(maxRetries=15, sleepTime=1000 MILLISECONDS)
2021-12-01 05:33:53,089 [EndpointStateMachine task thread for /127.0.0.1:14529 - 0 ] INFO  ipc.Client (Client.java:handleConnectionFailure(977)) - Retrying connect to server: localhost/127.0.0.1:14529. Already tried 0 time(s); retry policy is RetryUpToMaximumCountWithFixedSleep(maxRetries=15, sleepTime=1000 MILLISECONDS)
2021-12-01 05:33:53,090 [EndpointStateMachine task thread for /127.0.0.1:14549 - 0 ] INFO  ipc.Client (Client.java:handleConnectionFailure(977)) - Retrying connect to server: localhost/127.0.0.1:14549. Already tried 0 time(s); retry policy is RetryUpToMaximumCountWithFixedSleep(maxRetries=15, sleepTime=1000 MILLISECONDS)
2021-12-01 05:33:53,091 [EndpointStateMachine task thread for /127.0.0.1:14539 - 0 ] INFO  ipc.Client (Client.java:handleConnectionFailure(977)) - Retrying connect to server: localhost/127.0.0.1:14539. Already tried 0 time(s); retry policy is RetryUpToMaximumCountWithFixedSleep(maxRetries=15, sleepTime=1000 MILLISECONDS)
2021-12-01 05:33:54,093 [EndpointStateMachine task thread for /127.0.0.1:14539 - 0 ] INFO  ipc.Client (Client.java:handleConnectionFailure(977)) - Retrying connect to server: localhost/127.0.0.1:14539. Already tried 1 time(s); retry policy is RetryUpToMaximumCountWithFixedSleep(maxRetries=15, sleepTime=1000 MILLISECONDS)
2021-12-01 05:33:54,094 [EndpointStateMachine task thread for /127.0.0.1:14549 - 0 ] INFO  ipc.Client (Client.java:handleConnectionFailure(977)) - Retrying connect to server: localhost/127.0.0.1:14549. Already tried 1 time(s); retry policy is RetryUpToMaximumCountWithFixedSleep(maxRetries=15, sleepTime=1000 MILLISECONDS)
2021-12-01 05:33:54,095 [EndpointStateMachine task thread for /127.0.0.1:14529 - 0 ] INFO  ipc.Client (Client.java:handleConnectionFailure(977)) - Retrying connect to server: localhost/127.0.0.1:14529. Already tried 1 time(s); retry policy is RetryUpToMaximumCountWithFixedSleep(maxRetries=15, sleepTime=1000 MILLISECONDS)
2021-12-01 05:33:55,094 [EndpointStateMachine task thread for /127.0.0.1:14539 - 0 ] INFO  ipc.Client (Client.java:handleConnectionFailure(977)) - Retrying connect to server: localhost/127.0.0.1:14539. Already tried 2 time(s); retry policy is RetryUpToMaximumCountWithFixedSleep(maxRetries=15, sleepTime=1000 MILLISECONDS)
2021-12-01 05:33:55,095 [EndpointStateMachine task thread for /127.0.0.1:14549 - 0 ] INFO  ipc.Client (Client.java:handleConnectionFailure(977)) - Retrying connect to server: localhost/127.0.0.1:14549. Already tried 2 time(s); retry policy is RetryUpToMaximumCountWithFixedSleep(maxRetries=15, sleepTime=1000 MILLISECONDS)
2021-12-01 05:33:55,095 [EndpointStateMachine task thread for /127.0.0.1:14529 - 0 ] INFO  ipc.Client (Client.java:handleConnectionFailure(977)) - Retrying connect to server: localhost/127.0.0.1:14529. Already tried 2 time(s); retry policy is RetryUpToMaximumCountWithFixedSleep(maxRetries=15, sleepTime=1000 MILLISECONDS)
2021-12-01 05:33:55,138 [3049a9d5-7c8a-485e-b9b8-96288700cc55@group-1F8C02111A4F-LeaderStateImpl] INFO  server.RaftServer$Division (ServerState.java:setRaftConf(387)) - 3049a9d5-7c8a-485e-b9b8-96288700cc55@group-1F8C02111A4F: set configuration 3: [d9fd8670-dda0-4698-9e6d-057ae1a4980a|rpc:localhost:14738|priority:0, 3049a9d5-7c8a-485e-b9b8-96288700cc55|rpc:localhost:14728|admin:|client:|dataStream:|priority:0], old=[3049a9d5-7c8a-485e-b9b8-96288700cc55|rpc:localhost:14728|admin:|client:|dataStream:|priority:0]
2021-12-01 05:33:55,140 [grpc-default-executor-0] INFO  server.RaftServer$Division (ServerState.java:setRaftConf(387)) - d9fd8670-dda0-4698-9e6d-057ae1a4980a@group-1F8C02111A4F: set configuration 3: [d9fd8670-dda0-4698-9e6d-057ae1a4980a|rpc:localhost:14738|admin:|client:|dataStream:|priority:0, 3049a9d5-7c8a-485e-b9b8-96288700cc55|rpc:localhost:14728|admin:|client:|dataStream:|priority:0], old=[3049a9d5-7c8a-485e-b9b8-96288700cc55|rpc:localhost:14728|admin:|client:|dataStream:|priority:0]
2021-12-01 05:33:55,140 [grpc-default-executor-0] INFO  segmented.SegmentedRaftLogWorker (SegmentedRaftLogWorker.java:startLogSegment(394)) - d9fd8670-dda0-4698-9e6d-057ae1a4980a@group-1F8C02111A4F-SegmentedRaftLogWorker: Starting segment from index:3
2021-12-01 05:33:55,151 [d9fd8670-dda0-4698-9e6d-057ae1a4980a@group-1F8C02111A4F-SegmentedRaftLogWorker] INFO  segmented.SegmentedRaftLogWorker (SegmentedRaftLogWorker.java:execute(601)) - d9fd8670-dda0-4698-9e6d-057ae1a4980a@group-1F8C02111A4F-SegmentedRaftLogWorker: created new log segment /home/runner/work/ozone/ozone/hadoop-ozone/integration-test/target/test-dir/MiniOzoneClusterImpl-18ff7c11-c606-42f1-8c5c-1f8c02111a4f/scmNode-2/scm-ha/18ff7c11-c606-42f1-8c5c-1f8c02111a4f/current/log_inprogress_3
2021-12-01 05:33:55,169 [3049a9d5-7c8a-485e-b9b8-96288700cc55@group-1F8C02111A4F-LeaderStateImpl] INFO  server.RaftServer$Division (ServerState.java:setRaftConf(387)) - 3049a9d5-7c8a-485e-b9b8-96288700cc55@group-1F8C02111A4F: set configuration 5: [d9fd8670-dda0-4698-9e6d-057ae1a4980a|rpc:localhost:14738|priority:0, 3049a9d5-7c8a-485e-b9b8-96288700cc55|rpc:localhost:14728|admin:|client:|dataStream:|priority:0], old=null
2021-12-01 05:33:55,170 [grpc-default-executor-0] INFO  server.RaftServer$Division (ServerState.java:setRaftConf(387)) - d9fd8670-dda0-4698-9e6d-057ae1a4980a@group-1F8C02111A4F: set configuration 5: [d9fd8670-dda0-4698-9e6d-057ae1a4980a|rpc:localhost:14738|admin:|client:|dataStream:|priority:0, 3049a9d5-7c8a-485e-b9b8-96288700cc55|rpc:localhost:14728|admin:|client:|dataStream:|priority:0], old=null
2021-12-01 05:33:55,179 [d9fd8670-dda0-4698-9e6d-057ae1a4980a@group-1F8C02111A4F-StateMachineUpdater] INFO  safemode.HealthyPipelineSafeModeRule (HealthyPipelineSafeModeRule.java:initializeRule(152)) - Refreshed total pipeline count is 0, healthy pipeline threshold count is 1
2021-12-01 05:33:55,179 [d9fd8670-dda0-4698-9e6d-057ae1a4980a@group-1F8C02111A4F-StateMachineUpdater] INFO  safemode.ContainerSafeModeRule (ContainerSafeModeRule.java:reInitializeRule(177)) - Refreshed one replica container threshold 0, currentThreshold 0
2021-12-01 05:33:55,179 [d9fd8670-dda0-4698-9e6d-057ae1a4980a@group-1F8C02111A4F-StateMachineUpdater] INFO  safemode.OneReplicaPipelineSafeModeRule (OneReplicaPipelineSafeModeRule.java:initializeRule(176)) - Refreshed Total pipeline count is 0, pipeline's with at least one datanode reported threshold count is 0
2021-12-01 05:33:55,179 [d9fd8670-dda0-4698-9e6d-057ae1a4980a@group-1F8C02111A4F-StateMachineUpdater] INFO  server.SCMDatanodeProtocolServer (SCMDatanodeProtocolServer.java:start(181)) - RPC server for DataNodes is listening at /0.0.0.0:14739
2021-12-01 05:33:55,181 [IPC Server handler 2 on default port 14730] INFO  ha.SCMRatisServerImpl (SCMRatisServerImpl.java:addSCM(302)) - Successfully added new SCM: d9fd8670-dda0-4698-9e6d-057ae1a4980a.
2021-12-01 05:33:55,181 [Listener at 0.0.0.0/14741] INFO  ha.SCMHAManagerImpl (SCMHAManagerImpl.java:start(116)) - Successfully added SCM scmNode-2 to group group-1F8C02111A4F:[d9fd8670-dda0-4698-9e6d-057ae1a4980a|rpc:localhost:14738|admin:|client:|dataStream:|priority:0, 3049a9d5-7c8a-485e-b9b8-96288700cc55|rpc:localhost:14728|admin:|client:|dataStream:|priority:0]
2021-12-01 05:33:55,181 [Listener at 0.0.0.0/14741] INFO  ha.InterSCMGrpcService (InterSCMGrpcProtocolService.java:start(94)) - Starting SCM Grpc Service at port 14742
2021-12-01 05:33:55,182 [3049a9d5-7c8a-485e-b9b8-96288700cc55@group-1F8C02111A4F-StateMachineUpdater] INFO  ha.SCMStateMachine (SCMStateMachine.java:takeSnapshot(297)) - Current Snapshot Index 5, takeSnapshot took 0 ms
2021-12-01 05:33:55,182 [3049a9d5-7c8a-485e-b9b8-96288700cc55@group-1F8C02111A4F-StateMachineUpdater] INFO  impl.StateMachineUpdater (StateMachineUpdater.java:takeSnapshot(281)) - 3049a9d5-7c8a-485e-b9b8-96288700cc55@group-1F8C02111A4F-StateMachineUpdater: Took a snapshot at index 5
2021-12-01 05:33:55,182 [3049a9d5-7c8a-485e-b9b8-96288700cc55@group-1F8C02111A4F-StateMachineUpdater] INFO  impl.StateMachineUpdater (StateMachineUpdater.java:lambda$new$0(89)) - 3049a9d5-7c8a-485e-b9b8-96288700cc55@group-1F8C02111A4F-StateMachineUpdater: snapshotIndex: updateIncreasingly -1 -> 5
2021-12-01 05:33:55,182 [3049a9d5-7c8a-485e-b9b8-96288700cc55@group-1F8C02111A4F-StateMachineUpdater] INFO  raftlog.RaftLog (RaftLogBase.java:purge(306)) - 3049a9d5-7c8a-485e-b9b8-96288700cc55@group-1F8C02111A4F-SegmentedRaftLog: purge 5
2021-12-01 05:33:55,182 [3049a9d5-7c8a-485e-b9b8-96288700cc55@group-1F8C02111A4F-StateMachineUpdater] INFO  raftlog.RaftLog (RaftLogBase.java:lambda$new$0(53)) - 3049a9d5-7c8a-485e-b9b8-96288700cc55@group-1F8C02111A4F-SegmentedRaftLog: snapshotIndex: updateIncreasingly -1 -> 5
2021-12-01 05:33:55,184 [Listener at 0.0.0.0/14741] INFO  impl.MetricsSystemImpl (MetricsSystemImpl.java:init(158)) - StorageContainerManager metrics system started (again)
2021-12-01 05:33:55,185 [3049a9d5-7c8a-485e-b9b8-96288700cc55@group-1F8C02111A4F-SegmentedRaftLogWorker] INFO  raftlog.RaftLog (RaftLogBase.java:lambda$new$0(53)) - 3049a9d5-7c8a-485e-b9b8-96288700cc55@group-1F8C02111A4F-SegmentedRaftLog: purgeIndex: updateToMax old=-1, new=0, updated? true
2021-12-01 05:33:55,199 [IPC Server listener on 14739] INFO  ipc.Server (Server.java:run(1344)) - IPC Server listener on 14739: starting
2021-12-01 05:33:55,219 [IPC Server Responder] INFO  ipc.Server (Server.java:run(1507)) - IPC Server Responder: starting
2021-12-01 05:33:55,236 [Listener at 0.0.0.0/14741] INFO  server.SCMClientProtocolServer (SCMClientProtocolServer.java:start(164)) - RPC server for Client  is listening at /0.0.0.0:14741
2021-12-01 05:33:55,261 [IPC Server Responder] INFO  ipc.Server (Server.java:run(1507)) - IPC Server Responder: starting
2021-12-01 05:33:55,266 [IPC Server listener on 14741] INFO  ipc.Server (Server.java:run(1344)) - IPC Server listener on 14741: starting
2021-12-01 05:33:55,382 [Listener at 0.0.0.0/14741] INFO  server.StorageContainerManager (StorageContainerManager.java:start(1318)) - ScmBlockLocationProtocol RPC server is listening at /0.0.0.0:14740
2021-12-01 05:33:55,382 [Listener at 0.0.0.0/14741] INFO  server.SCMBlockProtocolServer (SCMBlockProtocolServer.java:start(151)) - RPC server for Block Protocol is listening at /0.0.0.0:14740
2021-12-01 05:33:55,383 [IPC Server Responder] INFO  ipc.Server (Server.java:run(1507)) - IPC Server Responder: starting
2021-12-01 05:33:55,383 [IPC Server listener on 14740] INFO  ipc.Server (Server.java:run(1344)) - IPC Server listener on 14740: starting
2021-12-01 05:33:55,446 [Listener at 0.0.0.0/14741] INFO  server.StorageContainerManager (StorageContainerManager.java:start(1324)) - ScmDatanodeProtocl RPC server is listening at /0.0.0.0:14739
2021-12-01 05:33:55,464 [Listener at 0.0.0.0/14741] INFO  http.BaseHttpServer (BaseHttpServer.java:newHttpServer2BuilderForOzone(209)) - Starting Web-server for scm at: http://0.0.0.0:14736
2021-12-01 05:33:55,464 [Listener at 0.0.0.0/14741] INFO  http.BaseHttpServer (BaseHttpServer.java:<init>(107)) - Hadoop Security Enabled: false Ozone Security Enabled: false Ozone HTTP Security Enabled: false 
2021-12-01 05:33:55,466 [Listener at 0.0.0.0/14741] INFO  server.AuthenticationFilter (AuthenticationFilter.java:constructSecretProvider(240)) - Unable to initialize FileSignerSecretProvider, falling back to use random secrets.
2021-12-01 05:33:55,477 [Listener at 0.0.0.0/14741] WARN  http.HttpRequestLog (HttpRequestLog.java:getRequestLog(103)) - Jetty request log can only be enabled using Log4j
2021-12-01 05:33:55,478 [Listener at 0.0.0.0/14741] INFO  http.HttpServer2 (HttpServer2.java:addGlobalFilter(1030)) - Added global filter 'safety' (class=org.apache.hadoop.hdds.server.http.HttpServer2$QuotingInputFilter)
2021-12-01 05:33:55,479 [Listener at 0.0.0.0/14741] INFO  http.HttpServer2 (HttpServer2.java:addFilter(1006)) - Added filter static_user_filter (class=org.apache.hadoop.http.lib.StaticUserWebFilter$StaticUserFilter) to context scm
2021-12-01 05:33:55,479 [Listener at 0.0.0.0/14741] INFO  http.HttpServer2 (HttpServer2.java:addFilter(1014)) - Added filter static_user_filter (class=org.apache.hadoop.http.lib.StaticUserWebFilter$StaticUserFilter) to context logs
2021-12-01 05:33:55,479 [Listener at 0.0.0.0/14741] INFO  http.HttpServer2 (HttpServer2.java:addFilter(1014)) - Added filter static_user_filter (class=org.apache.hadoop.http.lib.StaticUserWebFilter$StaticUserFilter) to context static
2021-12-01 05:33:55,480 [Listener at 0.0.0.0/14741] INFO  http.HttpServer2 (HttpServer2.java:bindListener(1249)) - Jetty bound to port 14736
2021-12-01 05:33:55,480 [Listener at 0.0.0.0/14741] INFO  server.Server (Server.java:doStart(375)) - jetty-9.4.43.v20210629; built: 2021-06-30T11:07:22.254Z; git: 526006ecfa3af7f1a27ef3a288e2bef7ea9dd7e8; jvm 1.8.0_292-b10
2021-12-01 05:33:55,482 [Listener at 0.0.0.0/14741] INFO  server.session (DefaultSessionIdManager.java:doStart(334)) - DefaultSessionIdManager workerName=node0
2021-12-01 05:33:55,483 [Listener at 0.0.0.0/14741] INFO  server.session (DefaultSessionIdManager.java:doStart(339)) - No SessionScavenger set, using defaults
2021-12-01 05:33:55,483 [Listener at 0.0.0.0/14741] INFO  server.session (HouseKeeper.java:startScavenging(132)) - node0 Scavenging every 600000ms
2021-12-01 05:33:55,484 [Listener at 0.0.0.0/14741] INFO  handler.ContextHandler (ContextHandler.java:doStart(915)) - Started o.e.j.s.ServletContextHandler@539d69b7{logs,/logs,file:///home/runner/work/ozone/ozone/hadoop-ozone/integration-test/target/log,AVAILABLE}
2021-12-01 05:33:55,484 [Listener at 0.0.0.0/14741] INFO  handler.ContextHandler (ContextHandler.java:doStart(915)) - Started o.e.j.s.ServletContextHandler@4230d4f{static,/static,file:///home/runner/work/ozone/ozone/hadoop-ozone/integration-test/target/test-classes/webapps/static,AVAILABLE}
2021-12-01 05:33:55,487 [Listener at 0.0.0.0/14741] INFO  handler.ContextHandler (ContextHandler.java:doStart(915)) - Started o.e.j.w.WebAppContext@4c08cf9b{scm,/,file:///home/runner/work/ozone/ozone/hadoop-ozone/integration-test/target/test-classes/webapps/scm/,AVAILABLE}{file:/home/runner/work/ozone/ozone/hadoop-ozone/integration-test/target/test-classes/webapps/scm}
2021-12-01 05:33:55,487 [org.apache.hadoop.util.JvmPauseMonitor$Monitor@402fd8ab] INFO  util.JvmPauseMonitor (JvmPauseMonitor.java:run(188)) - Starting JVM pause monitor
2021-12-01 05:33:55,492 [Listener at 0.0.0.0/14741] INFO  server.AbstractConnector (AbstractConnector.java:doStart(331)) - Started ServerConnector@70e56195{HTTP/1.1, (http/1.1)}{0.0.0.0:14736}
2021-12-01 05:33:55,492 [Listener at 0.0.0.0/14741] INFO  server.Server (Server.java:doStart(415)) - Started @88092ms
2021-12-01 05:33:55,492 [Listener at 0.0.0.0/14741] WARN  impl.MetricsSystemImpl (MetricsSystemImpl.java:register(279)) - Sink prometheus already exists!
2021-12-01 05:33:55,493 [Listener at 0.0.0.0/14741] INFO  http.BaseHttpServer (BaseHttpServer.java:updateConnectorAddress(329)) - HTTP server of scm listening at http://0.0.0.0:14736
2021-12-01 05:33:55,493 [Listener at 0.0.0.0/14741] INFO  ozone.MiniOzoneHAClusterImpl (MiniOzoneHAClusterImpl.java:createSCMService(577)) - Started SCM RPC server at org.apache.hadoop.hdds.scm.server.SCMClientProtocolServer@55aa6fd0
2021-12-01 05:33:55,493 [Listener at 0.0.0.0/14741] INFO  ha.SCMHANodeDetails (SCMHANodeDetails.java:loadSCMHAConfig(157)) - ServiceID for StorageContainerManager is scm-service-test1
2021-12-01 05:33:55,493 [Listener at 0.0.0.0/14741] INFO  ha.SCMHANodeDetails (SCMHANodeDetails.java:loadSCMHAConfig(168)) - ServiceID for StorageContainerManager is scm-service-test1
2021-12-01 05:33:55,494 [Listener at 0.0.0.0/14741] WARN  scm.ScmUtils (ScmUtils.java:logWarn(179)) - ConfigKey ozone.scm.block.client.address is deprecated, For configuring different ports for each SCM use PortConfigKey ozone.scm.block.client.port appended with serviceId and nodeId. If want to configure same port configure ozone.scm.block.client.port
2021-12-01 05:33:55,494 [Listener at 0.0.0.0/14741] WARN  scm.ScmUtils (ScmUtils.java:logWarn(179)) - ConfigKey ozone.scm.client.address is deprecated, For configuring different ports for each SCM use PortConfigKey ozone.scm.client.port appended with serviceId and nodeId. If want to configure same port configure ozone.scm.client.port
2021-12-01 05:33:55,494 [Listener at 0.0.0.0/14741] WARN  scm.ScmUtils (ScmUtils.java:logWarn(179)) - ConfigKey ozone.scm.datanode.address is deprecated, For configuring different ports for each SCM use PortConfigKey ozone.scm.datanode.port appended with serviceId and nodeId. If want to configure same port configure ozone.scm.datanode.port
2021-12-01 05:33:55,494 [Listener at 0.0.0.0/14741] WARN  scm.ScmUtils (ScmUtils.java:logWarn(179)) - ConfigKey ozone.scm.block.client.address is deprecated, For configuring different ports for each SCM use PortConfigKey ozone.scm.block.client.port appended with serviceId and nodeId. If want to configure same port configure ozone.scm.block.client.port
2021-12-01 05:33:55,502 [Listener at 0.0.0.0/14741] WARN  scm.ScmUtils (ScmUtils.java:logWarn(179)) - ConfigKey ozone.scm.client.address is deprecated, For configuring different ports for each SCM use PortConfigKey ozone.scm.client.port appended with serviceId and nodeId. If want to configure same port configure ozone.scm.client.port
2021-12-01 05:33:55,502 [Listener at 0.0.0.0/14741] WARN  scm.ScmUtils (ScmUtils.java:logWarn(179)) - ConfigKey ozone.scm.datanode.address is deprecated, For configuring different ports for each SCM use PortConfigKey ozone.scm.datanode.port appended with serviceId and nodeId. If want to configure same port configure ozone.scm.datanode.port
2021-12-01 05:33:55,502 [Listener at 0.0.0.0/14741] INFO  ha.SCMHANodeDetails (SCMHANodeDetails.java:loadSCMHAConfig(250)) - Found matching SCM address with SCMServiceId: scm-service-test1, SCMNodeId: scmNode-3, RPC Address: localhost:14748 and Ratis port: 14748
2021-12-01 05:33:55,502 [Listener at 0.0.0.0/14741] INFO  ha.SCMHANodeDetails (ConfUtils.java:setNodeSpecificConfigs(108)) - Setting configuration key ozone.scm.datanode.address with value of key ozone.scm.datanode.address.scm-service-test1.scmNode-3: 127.0.0.1:14749
2021-12-01 05:33:55,502 [Listener at 0.0.0.0/14741] INFO  ha.SCMHANodeDetails (ConfUtils.java:setNodeSpecificConfigs(108)) - Setting configuration key ozone.scm.block.client.address with value of key ozone.scm.block.client.address.scm-service-test1.scmNode-3: 127.0.0.1:14750
2021-12-01 05:33:55,502 [Listener at 0.0.0.0/14741] INFO  ha.SCMHANodeDetails (ConfUtils.java:setNodeSpecificConfigs(108)) - Setting configuration key ozone.scm.client.address with value of key ozone.scm.client.address.scm-service-test1.scmNode-3: 127.0.0.1:14751
2021-12-01 05:33:55,503 [Listener at 0.0.0.0/14741] INFO  ha.SCMHANodeDetails (ConfUtils.java:setNodeSpecificConfigs(108)) - Setting configuration key ozone.scm.ratis.port with value of key ozone.scm.ratis.port.scm-service-test1.scmNode-3: 14748
2021-12-01 05:33:55,503 [Listener at 0.0.0.0/14741] INFO  ha.SCMHANodeDetails (ConfUtils.java:setNodeSpecificConfigs(108)) - Setting configuration key ozone.scm.grpc.port with value of key ozone.scm.grpc.port.scm-service-test1.scmNode-3: 14752
2021-12-01 05:33:55,503 [Listener at 0.0.0.0/14741] INFO  ha.SCMHANodeDetails (ConfUtils.java:setNodeSpecificConfigs(108)) - Setting configuration key ozone.scm.http-address with value of key ozone.scm.http-address.scm-service-test1.scmNode-3: 127.0.0.1:14746
2021-12-01 05:33:55,503 [Listener at 0.0.0.0/14741] INFO  ha.SCMHANodeDetails (ConfUtils.java:setNodeSpecificConfigs(108)) - Setting configuration key ozone.scm.https-address with value of key ozone.scm.https-address.scm-service-test1.scmNode-3: 127.0.0.1:14747
2021-12-01 05:33:55,503 [Listener at 0.0.0.0/14741] INFO  ha.SCMHANodeDetails (ConfUtils.java:setNodeSpecificConfigs(108)) - Setting configuration key ozone.scm.address with value of key ozone.scm.address.scm-service-test1.scmNode-3: 127.0.0.1
2021-12-01 05:33:55,503 [Listener at 0.0.0.0/14741] WARN  scm.ScmUtils (ScmUtils.java:logWarn(179)) - ConfigKey ozone.scm.block.client.address is deprecated, For configuring different ports for each SCM use PortConfigKey ozone.scm.block.client.port appended with serviceId and nodeId. If want to configure same port configure ozone.scm.block.client.port
2021-12-01 05:33:55,503 [Listener at 0.0.0.0/14741] WARN  scm.ScmUtils (ScmUtils.java:logWarn(179)) - ConfigKey ozone.scm.client.address is deprecated, For configuring different ports for each SCM use PortConfigKey ozone.scm.client.port appended with serviceId and nodeId. If want to configure same port configure ozone.scm.client.port
2021-12-01 05:33:55,503 [Listener at 0.0.0.0/14741] WARN  scm.ScmUtils (ScmUtils.java:logWarn(179)) - ConfigKey ozone.scm.datanode.address is deprecated, For configuring different ports for each SCM use PortConfigKey ozone.scm.datanode.port appended with serviceId and nodeId. If want to configure same port configure ozone.scm.datanode.port
2021-12-01 05:33:55,504 [Listener at 0.0.0.0/14741] WARN  server.ServerUtils (ServerUtils.java:getScmDbDir(148)) - ozone.scm.db.dirs is not configured. We recommend adding this setting. Falling back to ozone.metadata.dirs instead.
2021-12-01 05:33:55,505 [Listener at 0.0.0.0/14741] INFO  ha.SCMNodeInfo (SCMNodeInfo.java:getPort(197)) - ConfigKey ozone.scm.client.address is deprecated, For configuring different ports for each SCM use PortConfigKey ozone.scm.client.port appended with serviceId and nodeId
2021-12-01 05:33:55,505 [Listener at 0.0.0.0/14741] INFO  ha.SCMNodeInfo (SCMNodeInfo.java:getPort(197)) - ConfigKey ozone.scm.block.client.address is deprecated, For configuring different ports for each SCM use PortConfigKey ozone.scm.block.client.port appended with serviceId and nodeId
2021-12-01 05:33:55,505 [Listener at 0.0.0.0/14741] INFO  ha.SCMNodeInfo (SCMNodeInfo.java:getPort(197)) - ConfigKey ozone.scm.datanode.address is deprecated, For configuring different ports for each SCM use PortConfigKey ozone.scm.datanode.port appended with serviceId and nodeId
2021-12-01 05:33:55,505 [Listener at 0.0.0.0/14741] INFO  ha.SCMNodeInfo (SCMNodeInfo.java:getPort(197)) - ConfigKey ozone.scm.client.address is deprecated, For configuring different ports for each SCM use PortConfigKey ozone.scm.client.port appended with serviceId and nodeId
2021-12-01 05:33:55,505 [Listener at 0.0.0.0/14741] INFO  ha.SCMNodeInfo (SCMNodeInfo.java:getPort(197)) - ConfigKey ozone.scm.block.client.address is deprecated, For configuring different ports for each SCM use PortConfigKey ozone.scm.block.client.port appended with serviceId and nodeId
2021-12-01 05:33:55,505 [Listener at 0.0.0.0/14741] INFO  ha.SCMNodeInfo (SCMNodeInfo.java:getPort(197)) - ConfigKey ozone.scm.datanode.address is deprecated, For configuring different ports for each SCM use PortConfigKey ozone.scm.datanode.port appended with serviceId and nodeId
2021-12-01 05:33:55,505 [Listener at 0.0.0.0/14741] INFO  ha.SCMNodeInfo (SCMNodeInfo.java:getPort(197)) - ConfigKey ozone.scm.client.address is deprecated, For configuring different ports for each SCM use PortConfigKey ozone.scm.client.port appended with serviceId and nodeId
2021-12-01 05:33:55,506 [Listener at 0.0.0.0/14741] INFO  ha.SCMNodeInfo (SCMNodeInfo.java:getPort(197)) - ConfigKey ozone.scm.block.client.address is deprecated, For configuring different ports for each SCM use PortConfigKey ozone.scm.block.client.port appended with serviceId and nodeId
2021-12-01 05:33:55,506 [Listener at 0.0.0.0/14741] INFO  ha.SCMNodeInfo (SCMNodeInfo.java:getPort(197)) - ConfigKey ozone.scm.datanode.address is deprecated, For configuring different ports for each SCM use PortConfigKey ozone.scm.datanode.port appended with serviceId and nodeId
2021-12-01 05:33:55,531 [Listener at 0.0.0.0/14741] INFO  server.StorageContainerManager (StorageContainerManager.java:scmBootstrap(987)) - SCM BootStrap  is successful for ClusterID 18ff7c11-c606-42f1-8c5c-1f8c02111a4f, SCMID 217d9b70-301a-4977-a69d-31477f551bd1
2021-12-01 05:33:55,531 [Listener at 0.0.0.0/14741] INFO  server.StorageContainerManager (StorageContainerManager.java:scmBootstrap(989)) - Primary SCM Node ID 3049a9d5-7c8a-485e-b9b8-96288700cc55
2021-12-01 05:33:55,532 [Listener at 0.0.0.0/14741] INFO  ha.SCMHANodeDetails (SCMHANodeDetails.java:loadSCMHAConfig(157)) - ServiceID for StorageContainerManager is scm-service-test1
2021-12-01 05:33:55,532 [Listener at 0.0.0.0/14741] INFO  ha.SCMHANodeDetails (SCMHANodeDetails.java:loadSCMHAConfig(168)) - ServiceID for StorageContainerManager is scm-service-test1
2021-12-01 05:33:55,532 [Listener at 0.0.0.0/14741] WARN  scm.ScmUtils (ScmUtils.java:logWarn(179)) - ConfigKey ozone.scm.block.client.address is deprecated, For configuring different ports for each SCM use PortConfigKey ozone.scm.block.client.port appended with serviceId and nodeId. If want to configure same port configure ozone.scm.block.client.port
2021-12-01 05:33:55,532 [Listener at 0.0.0.0/14741] WARN  scm.ScmUtils (ScmUtils.java:logWarn(179)) - ConfigKey ozone.scm.client.address is deprecated, For configuring different ports for each SCM use PortConfigKey ozone.scm.client.port appended with serviceId and nodeId. If want to configure same port configure ozone.scm.client.port
2021-12-01 05:33:55,532 [Listener at 0.0.0.0/14741] WARN  scm.ScmUtils (ScmUtils.java:logWarn(179)) - ConfigKey ozone.scm.datanode.address is deprecated, For configuring different ports for each SCM use PortConfigKey ozone.scm.datanode.port appended with serviceId and nodeId. If want to configure same port configure ozone.scm.datanode.port
2021-12-01 05:33:55,532 [Listener at 0.0.0.0/14741] WARN  scm.ScmUtils (ScmUtils.java:logWarn(179)) - ConfigKey ozone.scm.block.client.address is deprecated, For configuring different ports for each SCM use PortConfigKey ozone.scm.block.client.port appended with serviceId and nodeId. If want to configure same port configure ozone.scm.block.client.port
2021-12-01 05:33:55,532 [Listener at 0.0.0.0/14741] WARN  scm.ScmUtils (ScmUtils.java:logWarn(179)) - ConfigKey ozone.scm.client.address is deprecated, For configuring different ports for each SCM use PortConfigKey ozone.scm.client.port appended with serviceId and nodeId. If want to configure same port configure ozone.scm.client.port
2021-12-01 05:33:55,533 [Listener at 0.0.0.0/14741] WARN  scm.ScmUtils (ScmUtils.java:logWarn(179)) - ConfigKey ozone.scm.datanode.address is deprecated, For configuring different ports for each SCM use PortConfigKey ozone.scm.datanode.port appended with serviceId and nodeId. If want to configure same port configure ozone.scm.datanode.port
2021-12-01 05:33:55,533 [Listener at 0.0.0.0/14741] INFO  ha.SCMHANodeDetails (SCMHANodeDetails.java:loadSCMHAConfig(250)) - Found matching SCM address with SCMServiceId: scm-service-test1, SCMNodeId: scmNode-3, RPC Address: localhost:14748 and Ratis port: 14748
2021-12-01 05:33:55,533 [Listener at 0.0.0.0/14741] INFO  ha.SCMHANodeDetails (ConfUtils.java:setNodeSpecificConfigs(108)) - Setting configuration key ozone.scm.datanode.address with value of key ozone.scm.datanode.address.scm-service-test1.scmNode-3: 127.0.0.1:14749
2021-12-01 05:33:55,533 [Listener at 0.0.0.0/14741] INFO  ha.SCMHANodeDetails (ConfUtils.java:setNodeSpecificConfigs(108)) - Setting configuration key ozone.scm.block.client.address with value of key ozone.scm.block.client.address.scm-service-test1.scmNode-3: 127.0.0.1:14750
2021-12-01 05:33:55,533 [Listener at 0.0.0.0/14741] INFO  ha.SCMHANodeDetails (ConfUtils.java:setNodeSpecificConfigs(108)) - Setting configuration key ozone.scm.client.address with value of key ozone.scm.client.address.scm-service-test1.scmNode-3: 127.0.0.1:14751
2021-12-01 05:33:55,533 [Listener at 0.0.0.0/14741] INFO  ha.SCMHANodeDetails (ConfUtils.java:setNodeSpecificConfigs(108)) - Setting configuration key ozone.scm.ratis.port with value of key ozone.scm.ratis.port.scm-service-test1.scmNode-3: 14748
2021-12-01 05:33:55,533 [Listener at 0.0.0.0/14741] INFO  ha.SCMHANodeDetails (ConfUtils.java:setNodeSpecificConfigs(108)) - Setting configuration key ozone.scm.grpc.port with value of key ozone.scm.grpc.port.scm-service-test1.scmNode-3: 14752
2021-12-01 05:33:55,533 [Listener at 0.0.0.0/14741] INFO  ha.SCMHANodeDetails (ConfUtils.java:setNodeSpecificConfigs(108)) - Setting configuration key ozone.scm.http-address with value of key ozone.scm.http-address.scm-service-test1.scmNode-3: 127.0.0.1:14746
2021-12-01 05:33:55,533 [Listener at 0.0.0.0/14741] INFO  ha.SCMHANodeDetails (ConfUtils.java:setNodeSpecificConfigs(108)) - Setting configuration key ozone.scm.https-address with value of key ozone.scm.https-address.scm-service-test1.scmNode-3: 127.0.0.1:14747
2021-12-01 05:33:55,533 [Listener at 0.0.0.0/14741] INFO  ha.SCMHANodeDetails (ConfUtils.java:setNodeSpecificConfigs(108)) - Setting configuration key ozone.scm.address with value of key ozone.scm.address.scm-service-test1.scmNode-3: 127.0.0.1
2021-12-01 05:33:55,533 [Listener at 0.0.0.0/14741] WARN  scm.ScmUtils (ScmUtils.java:logWarn(179)) - ConfigKey ozone.scm.block.client.address is deprecated, For configuring different ports for each SCM use PortConfigKey ozone.scm.block.client.port appended with serviceId and nodeId. If want to configure same port configure ozone.scm.block.client.port
2021-12-01 05:33:55,536 [Listener at 0.0.0.0/14741] WARN  scm.ScmUtils (ScmUtils.java:logWarn(179)) - ConfigKey ozone.scm.client.address is deprecated, For configuring different ports for each SCM use PortConfigKey ozone.scm.client.port appended with serviceId and nodeId. If want to configure same port configure ozone.scm.client.port
2021-12-01 05:33:55,536 [Listener at 0.0.0.0/14741] WARN  scm.ScmUtils (ScmUtils.java:logWarn(179)) - ConfigKey ozone.scm.datanode.address is deprecated, For configuring different ports for each SCM use PortConfigKey ozone.scm.datanode.port appended with serviceId and nodeId. If want to configure same port configure ozone.scm.datanode.port
2021-12-01 05:33:55,541 [Listener at 0.0.0.0/14741] WARN  server.ServerUtils (ServerUtils.java:getScmDbDir(148)) - ozone.scm.db.dirs is not configured. We recommend adding this setting. Falling back to ozone.metadata.dirs instead.
2021-12-01 05:33:55,541 [Listener at 0.0.0.0/14741] INFO  upgrade.AbstractLayoutVersionManager (AbstractLayoutVersionManager.java:init(79)) - Initializing Layout version manager with metadata layout = SCM_HA (version = 2), software layout = SCM_HA (version = 2)
2021-12-01 05:33:55,578 [Listener at 0.0.0.0/14741] INFO  reflections.Reflections (Reflections.java:scan(232)) - Reflections took 36 ms to scan 7 urls, producing 119 keys and 279 values 
2021-12-01 05:33:55,581 [Listener at 0.0.0.0/14741] WARN  utils.HAUtils (HAUtils.java:getMetaDir(342)) - ozone.scm.db.dirs is not configured. We recommend adding this setting. Falling back to ozone.metadata.dirs instead.
2021-12-01 05:33:55,582 [Listener at 0.0.0.0/14741] WARN  db.DBStoreBuilder (DBStoreBuilder.java:applyDBDefinition(145)) - ozone.scm.db.dirs is not configured. We recommend adding this setting. Falling back to ozone.metadata.dirs instead.
2021-12-01 05:33:55,716 [Listener at 0.0.0.0/14741] INFO  net.NodeSchemaLoader (NodeSchemaLoader.java:loadSchemaFromFile(129)) - Loading schema from [jar:file:/home/runner/.m2/repository/org/apache/ozone/hdds-common/1.3.0-SNAPSHOT/hdds-common-1.3.0-SNAPSHOT.jar!/network-topology-default.xml]
2021-12-01 05:33:55,716 [Listener at 0.0.0.0/14741] INFO  net.NodeSchemaLoader (NodeSchemaLoader.java:loadSchema(176)) - Loading network topology layer schema file
2021-12-01 05:33:55,720 [Listener at 0.0.0.0/14741] WARN  impl.MetricRegistriesImpl (MetricRegistriesImpl.java:addReporterRegistration(111)) - New reporters are added after registries were created. Some metrics will be missing from the reporter. Please add reporter before adding any new registry.
2021-12-01 05:33:55,721 [Listener at 0.0.0.0/14741] WARN  impl.MetricRegistriesImpl (MetricRegistriesImpl.java:addReporterRegistration(111)) - New reporters are added after registries were created. Some metrics will be missing from the reporter. Please add reporter before adding any new registry.
2021-12-01 05:33:55,722 [Listener at 0.0.0.0/14741] INFO  ha.SCMRatisServerImpl (SCMRatisServerImpl.java:<init>(87)) - starting Raft server for scm:217d9b70-301a-4977-a69d-31477f551bd1
2021-12-01 05:33:55,724 [Listener at 0.0.0.0/14741] INFO  server.RaftServer (ConfUtils.java:logGet(44)) - raft.rpc.type = GRPC (default)
2021-12-01 05:33:55,724 [Listener at 0.0.0.0/14741] INFO  grpc.GrpcFactory (GrpcFactory.java:checkPooledByteBufAllocatorUseCacheForAllThreads(48)) - PERFORMANCE WARNING: useCacheForAllThreads is true that may cause Netty to create a lot garbage objects and, as a result, trigger GC.
	It is recommended to disable useCacheForAllThreads by setting -Dorg.apache.ratis.thirdparty.io.netty.allocator.useCacheForAllThreads=false in command line.
2021-12-01 05:33:55,724 [Listener at 0.0.0.0/14741] INFO  grpc.GrpcConfigKeys (ConfUtils.java:logGet(44)) - raft.grpc.admin.port = -1 (default)
2021-12-01 05:33:55,724 [Listener at 0.0.0.0/14741] INFO  grpc.GrpcConfigKeys (ConfUtils.java:logGet(44)) - raft.grpc.server.port = 14748 (custom)
2021-12-01 05:33:55,724 [Listener at 0.0.0.0/14741] INFO  grpc.GrpcConfigKeys (ConfUtils.java:logGet(44)) - raft.grpc.client.port = -1 (default)
2021-12-01 05:33:55,724 [Listener at 0.0.0.0/14741] INFO  grpc.GrpcConfigKeys (ConfUtils.java:logGet(44)) - raft.grpc.server.port = 14748 (custom)
2021-12-01 05:33:55,724 [Listener at 0.0.0.0/14741] INFO  grpc.GrpcConfigKeys (ConfUtils.java:logGet(44)) - raft.grpc.server.port = 14748 (custom)
2021-12-01 05:33:55,724 [Listener at 0.0.0.0/14741] INFO  server.GrpcService (ConfUtils.java:logGet(44)) - raft.grpc.message.size.max = 32m (=33554432) (custom)
2021-12-01 05:33:55,725 [Listener at 0.0.0.0/14741] INFO  server.RaftServerConfigKeys (ConfUtils.java:logGet(44)) - raft.server.log.appender.buffer.byte-limit = 33554432 (custom)
2021-12-01 05:33:55,725 [Listener at 0.0.0.0/14741] INFO  server.GrpcService (ConfUtils.java:logGet(44)) - raft.grpc.flow.control.window = 1MB (=1048576) (default)
2021-12-01 05:33:55,725 [Listener at 0.0.0.0/14741] INFO  server.RaftServerConfigKeys (ConfUtils.java:logGet(44)) - raft.server.rpc.request.timeout = 30000ms (custom)
2021-12-01 05:33:55,735 [Listener at 0.0.0.0/14741] INFO  impl.DataStreamServerImpl (ConfUtils.java:logGet(44)) - raft.datastream.type = DISABLED (default)
2021-12-01 05:33:55,735 [Listener at 0.0.0.0/14741] INFO  server.RaftServerConfigKeys (ConfUtils.java:logGet(44)) - raft.server.rpc.slowness.timeout = 120000ms (custom)
2021-12-01 05:33:55,735 [Listener at 0.0.0.0/14741] INFO  server.RaftServerConfigKeys (ConfUtils.java:logGet(44)) - raft.server.leaderelection.leader.step-down.wait-time = 10s (default)
2021-12-01 05:33:55,735 [Listener at 0.0.0.0/14741] INFO  server.RaftServerConfigKeys (ConfUtils.java:logGet(44)) - raft.server.storage.dir = [/home/runner/work/ozone/ozone/hadoop-ozone/integration-test/target/test-dir/MiniOzoneClusterImpl-18ff7c11-c606-42f1-8c5c-1f8c02111a4f/scmNode-3/scm-ha] (custom)
2021-12-01 05:33:55,746 [Listener at 0.0.0.0/14741] INFO  server.RaftServer (RaftServerProxy.java:addNew(95)) - 217d9b70-301a-4977-a69d-31477f551bd1: addNew group-1F8C02111A4F:[] returns group-1F8C02111A4F:java.util.concurrent.CompletableFuture@4856ec9[Not completed]
2021-12-01 05:33:55,746 [pool-257-thread-1] INFO  server.RaftServer$Division (RaftServerImpl.java:<init>(184)) - 217d9b70-301a-4977-a69d-31477f551bd1: new RaftServerImpl for group-1F8C02111A4F:[] with SCMStateMachine:uninitialized
2021-12-01 05:33:55,747 [pool-257-thread-1] INFO  server.RaftServerConfigKeys (ConfUtils.java:logGet(44)) - raft.server.rpc.timeout.min = 5000ms (custom)
2021-12-01 05:33:55,748 [pool-257-thread-1] INFO  server.RaftServerConfigKeys (ConfUtils.java:logGet(44)) - raft.server.rpc.timeout.max = 5200ms (custom)
2021-12-01 05:33:55,748 [pool-257-thread-1] INFO  server.RaftServerConfigKeys (ConfUtils.java:logGet(44)) - raft.server.rpc.sleep.time = 25ms (default)
2021-12-01 05:33:55,748 [pool-257-thread-1] INFO  server.RaftServerConfigKeys (ConfUtils.java:logGet(44)) - raft.server.rpc.slowness.timeout = 120000ms (custom)
2021-12-01 05:33:55,748 [pool-257-thread-1] INFO  server.RaftServerConfigKeys (ConfUtils.java:logGet(44)) - raft.server.leaderelection.leader.step-down.wait-time = 10s (default)
2021-12-01 05:33:55,748 [pool-257-thread-1] INFO  server.RaftServerConfigKeys (ConfUtils.java:logGet(44)) - raft.server.sleep.deviation.threshold = 300ms (default)
2021-12-01 05:33:55,748 [pool-257-thread-1] INFO  server.RaftServerConfigKeys (ConfUtils.java:logGet(44)) - raft.server.log.appender.install.snapshot.enabled = false (custom)
2021-12-01 05:33:55,748 [pool-257-thread-1] INFO  server.RaftServer$Division (ServerState.java:<init>(105)) - 217d9b70-301a-4977-a69d-31477f551bd1@group-1F8C02111A4F: ConfigurationManager, init=-1: [], old=null, confs=<EMPTY_MAP>
2021-12-01 05:33:55,748 [pool-257-thread-1] INFO  server.RaftServerConfigKeys (ConfUtils.java:logGet(44)) - raft.server.storage.dir = [/home/runner/work/ozone/ozone/hadoop-ozone/integration-test/target/test-dir/MiniOzoneClusterImpl-18ff7c11-c606-42f1-8c5c-1f8c02111a4f/scmNode-3/scm-ha] (custom)
2021-12-01 05:33:55,748 [pool-257-thread-1] INFO  server.RaftServerConfigKeys (ConfUtils.java:logGet(44)) - raft.server.log.corruption.policy = EXCEPTION (default)
2021-12-01 05:33:55,748 [pool-257-thread-1] INFO  server.RaftServerConfigKeys (ConfUtils.java:logGet(44)) - raft.server.storage.free-space.min = 0MB (=0) (default)
2021-12-01 05:33:55,748 [pool-257-thread-1] INFO  storage.RaftStorageDirectory (RaftStorageDirectoryImpl.java:analyzeStorage(135)) - The storage directory /home/runner/work/ozone/ozone/hadoop-ozone/integration-test/target/test-dir/MiniOzoneClusterImpl-18ff7c11-c606-42f1-8c5c-1f8c02111a4f/scmNode-3/scm-ha/18ff7c11-c606-42f1-8c5c-1f8c02111a4f does not exist. Creating ...
2021-12-01 05:33:55,755 [pool-257-thread-1] INFO  storage.RaftStorageDirectory (RaftStorageDirectoryImpl.java:tryLock(230)) - Lock on /home/runner/work/ozone/ozone/hadoop-ozone/integration-test/target/test-dir/MiniOzoneClusterImpl-18ff7c11-c606-42f1-8c5c-1f8c02111a4f/scmNode-3/scm-ha/18ff7c11-c606-42f1-8c5c-1f8c02111a4f/in_use.lock acquired by nodename 30928@fv-az297-56
2021-12-01 05:33:55,759 [pool-257-thread-1] INFO  storage.RaftStorage (RaftStorageImpl.java:format(89)) - Storage directory /home/runner/work/ozone/ozone/hadoop-ozone/integration-test/target/test-dir/MiniOzoneClusterImpl-18ff7c11-c606-42f1-8c5c-1f8c02111a4f/scmNode-3/scm-ha/18ff7c11-c606-42f1-8c5c-1f8c02111a4f has been successfully formatted.
2021-12-01 05:33:55,759 [pool-257-thread-1] INFO  server.RaftServerConfigKeys (ConfUtils.java:logGet(44)) - raft.server.notification.no-leader.timeout = 60s (default)
2021-12-01 05:33:55,759 [pool-257-thread-1] INFO  server.RaftServerConfigKeys (ConfUtils.java:logGet(44)) - raft.server.log.use.memory = false (default)
2021-12-01 05:33:55,759 [pool-257-thread-1] INFO  server.RaftServerConfigKeys (ConfUtils.java:logGet(44)) - raft.server.log.purge.gap = 5 (custom)
2021-12-01 05:33:55,760 [pool-257-thread-1] INFO  server.RaftServerConfigKeys (ConfUtils.java:logGet(44)) - raft.server.log.appender.buffer.byte-limit = 33554432 (custom)
2021-12-01 05:33:55,760 [pool-257-thread-1] INFO  server.RaftServerConfigKeys (ConfUtils.java:logGet(44)) - raft.server.log.segment.size.max = 4194304 (custom)
2021-12-01 05:33:55,760 [pool-257-thread-1] INFO  server.RaftServerConfigKeys (ConfUtils.java:logGet(44)) - raft.server.log.segment.cache.num.max = 2 (custom)
2021-12-01 05:33:55,760 [pool-257-thread-1] INFO  server.RaftServerConfigKeys (ConfUtils.java:logGet(44)) - raft.server.log.segment.cache.size.max = 200MB (=209715200) (default)
2021-12-01 05:33:55,760 [pool-257-thread-1] INFO  segmented.SegmentedRaftLogWorker (SegmentedRaftLogWorker.java:<init>(182)) - new 217d9b70-301a-4977-a69d-31477f551bd1@group-1F8C02111A4F-SegmentedRaftLogWorker for RaftStorageImpl:Storage Directory /home/runner/work/ozone/ozone/hadoop-ozone/integration-test/target/test-dir/MiniOzoneClusterImpl-18ff7c11-c606-42f1-8c5c-1f8c02111a4f/scmNode-3/scm-ha/18ff7c11-c606-42f1-8c5c-1f8c02111a4f
2021-12-01 05:33:55,760 [pool-257-thread-1] INFO  server.RaftServerConfigKeys (ConfUtils.java:logGet(44)) - raft.server.log.queue.byte-limit = 64MB (=67108864) (default)
2021-12-01 05:33:55,760 [pool-257-thread-1] INFO  server.RaftServerConfigKeys (ConfUtils.java:logGet(44)) - raft.server.log.queue.element-limit = 4096 (default)
2021-12-01 05:33:55,761 [pool-257-thread-1] INFO  server.RaftServerConfigKeys (ConfUtils.java:logGet(44)) - raft.server.log.segment.size.max = 4194304 (custom)
2021-12-01 05:33:55,761 [pool-257-thread-1] INFO  server.RaftServerConfigKeys (ConfUtils.java:logGet(44)) - raft.server.log.preallocated.size = 4194304 (custom)
2021-12-01 05:33:55,761 [pool-257-thread-1] INFO  server.RaftServerConfigKeys (ConfUtils.java:logGet(44)) - raft.server.log.force.sync.num = 128 (default)
2021-12-01 05:33:55,761 [pool-257-thread-1] INFO  server.RaftServerConfigKeys (ConfUtils.java:logGet(44)) - raft.server.log.statemachine.data.sync = true (default)
2021-12-01 05:33:55,761 [pool-257-thread-1] INFO  server.RaftServerConfigKeys (ConfUtils.java:logGet(44)) - raft.server.log.statemachine.data.sync.timeout = 10s (default)
2021-12-01 05:33:55,761 [pool-257-thread-1] INFO  server.RaftServerConfigKeys (ConfUtils.java:logGet(44)) - raft.server.log.statemachine.data.sync.timeout.retry = -1 (default)
2021-12-01 05:33:55,762 [pool-257-thread-1] INFO  server.RaftServerConfigKeys (ConfUtils.java:logGet(44)) - raft.server.log.write.buffer.size = 64KB (=65536) (default)
2021-12-01 05:33:55,762 [pool-257-thread-1] INFO  server.RaftServerConfigKeys (ConfUtils.java:logGet(44)) - raft.server.log.statemachine.data.caching.enabled = false (default)
2021-12-01 05:33:55,762 [pool-257-thread-1] INFO  segmented.SegmentedRaftLogWorker (SegmentedRaftLogWorker.java:lambda$new$0(133)) - 217d9b70-301a-4977-a69d-31477f551bd1@group-1F8C02111A4F-SegmentedRaftLogWorker: flushIndex: setUnconditionally 0 -> -1
2021-12-01 05:33:55,762 [pool-257-thread-1] INFO  segmented.SegmentedRaftLogWorker (SegmentedRaftLogWorker.java:lambda$new$0(133)) - 217d9b70-301a-4977-a69d-31477f551bd1@group-1F8C02111A4F-SegmentedRaftLogWorker: safeCacheEvictIndex: setUnconditionally 0 -> -1
2021-12-01 05:33:55,770 [pool-257-thread-1] INFO  server.RaftServerConfigKeys (ConfUtils.java:logGet(44)) - raft.server.snapshot.auto.trigger.enabled = true (custom)
2021-12-01 05:33:55,770 [pool-257-thread-1] INFO  server.RaftServerConfigKeys (ConfUtils.java:logGet(44)) - raft.server.snapshot.auto.trigger.threshold = 5 (custom)
2021-12-01 05:33:55,770 [pool-257-thread-1] INFO  server.RaftServerConfigKeys (ConfUtils.java:logGet(44)) - raft.server.snapshot.retention.file.num = -1 (default)
2021-12-01 05:33:55,770 [pool-257-thread-1] INFO  server.RaftServerConfigKeys (ConfUtils.java:logGet(44)) - raft.server.log.purge.upto.snapshot.index = true (custom)
2021-12-01 05:33:55,770 [pool-257-thread-1] INFO  server.RaftServerConfigKeys (ConfUtils.java:logGet(44)) - raft.server.retrycache.expirytime = 60000ms (default)
2021-12-01 05:33:55,770 [pool-257-thread-1] INFO  server.RaftServerConfigKeys (ConfUtils.java:logGet(44)) - raft.server.retrycache.statistics.expirytime = 100μs (default)
2021-12-01 05:33:55,771 [Listener at 0.0.0.0/14741] INFO  ha.SCMSnapshotProvider (SCMSnapshotProvider.java:<init>(66)) - Initializing SCM Snapshot Provider
2021-12-01 05:33:55,771 [Listener at 0.0.0.0/14741] WARN  server.ServerUtils (ServerUtils.java:getDefaultRatisDirectory(237)) - Storage directory for Ratis is not configured. It is a good idea to map this to an SSD disk. Falling back to ozone.metadata.dirs
2021-12-01 05:33:55,771 [Listener at 0.0.0.0/14741] WARN  ha.SCMHAUtils (SCMHAUtils.java:getSCMRatisSnapshotDirectory(146)) - SCM snapshot dir is not configured. Falling back to ozone.metadata.dirs config
2021-12-01 05:33:55,772 [Listener at 0.0.0.0/14741] INFO  ha.SequenceIdGenerator (SequenceIdGenerator.java:upgradeToSequenceId(347)) - upgrade localId to 107544261427200000
2021-12-01 05:33:55,772 [Listener at 0.0.0.0/14741] INFO  ha.SequenceIdGenerator (SequenceIdGenerator.java:upgradeToSequenceId(357)) - upgrade delTxnId to 0
2021-12-01 05:33:55,773 [Listener at 0.0.0.0/14741] INFO  ha.SequenceIdGenerator (SequenceIdGenerator.java:upgradeToSequenceId(371)) - upgrade containerId to 0
2021-12-01 05:33:55,773 [Listener at 0.0.0.0/14741] INFO  ha.SequenceIdGenerator (SequenceIdGenerator.java:<init>(218)) - Init the HA SequenceIdGenerator.
2021-12-01 05:33:55,773 [Listener at 0.0.0.0/14741] WARN  server.ServerUtils (ServerUtils.java:sanitizeUserArgs(73)) - ozone.scm.stale.node.interval value = 300000 is larger than max = 100000 based on the key value of ozone.scm.heartbeat.thread.interval, reset to the max value 100000.
2021-12-01 05:33:55,773 [Listener at 0.0.0.0/14741] WARN  server.ServerUtils (ServerUtils.java:sanitizeUserArgs(73)) - ozone.scm.stale.node.interval value = 300000 is larger than max = 100000 based on the key value of ozone.scm.heartbeat.thread.interval, reset to the max value 100000.
2021-12-01 05:33:55,774 [Listener at 0.0.0.0/14741] INFO  node.SCMNodeManager (SCMNodeManager.java:<init>(144)) - Entering startup safe mode.
2021-12-01 05:33:55,775 [Listener at 0.0.0.0/14741] INFO  algorithms.ContainerPlacementPolicyFactory (ContainerPlacementPolicyFactory.java:getPolicy(60)) - Create container placement policy of type org.apache.hadoop.hdds.scm.container.placement.algorithms.SCMContainerPlacementRandom
2021-12-01 05:33:55,776 [Listener at 0.0.0.0/14741] INFO  pipeline.PipelineStateManagerImpl (PipelineStateManagerImpl.java:initialize(78)) - No pipeline exists in current db
2021-12-01 05:33:55,776 [Listener at 0.0.0.0/14741] INFO  algorithms.LeaderChoosePolicyFactory (LeaderChoosePolicyFactory.java:getPolicy(57)) - Create leader choose policy of type org.apache.hadoop.hdds.scm.pipeline.leader.choose.algorithms.MinLeaderCountChoosePolicy
2021-12-01 05:33:55,776 [Listener at 0.0.0.0/14741] INFO  ha.SCMServiceManager (SCMServiceManager.java:register(43)) - Registering service BackgroundPipelineCreator.
2021-12-01 05:33:55,776 [Listener at 0.0.0.0/14741] INFO  pipeline.BackgroundPipelineCreator (BackgroundPipelineCreator.java:start(130)) - Starting RatisPipelineUtilsThread.
2021-12-01 05:33:55,785 [Listener at 0.0.0.0/14741] INFO  algorithms.PipelineChoosePolicyFactory (PipelineChoosePolicyFactory.java:createPipelineChoosePolicyFromClass(73)) - Create pipeline choose policy of type org.apache.hadoop.hdds.scm.pipeline.choose.algorithms.RandomPipelineChoosePolicy
2021-12-01 05:33:55,786 [Listener at 0.0.0.0/14741] INFO  ha.SCMServiceManager (SCMServiceManager.java:register(43)) - Registering service SCMBlockDeletingService.
2021-12-01 05:33:55,786 [Listener at 0.0.0.0/14741] INFO  ha.SCMServiceManager (SCMServiceManager.java:register(43)) - Registering service ReplicationManager.
2021-12-01 05:33:55,786 [Listener at 0.0.0.0/14741] INFO  container.ReplicationManager (ReplicationManager.java:start(319)) - Starting Replication Monitor Thread.
2021-12-01 05:33:55,795 [Listener at 0.0.0.0/14741] INFO  safemode.ContainerSafeModeRule (ContainerSafeModeRule.java:<init>(89)) - containers with one replica threshold count 0
2021-12-01 05:33:55,796 [Listener at 0.0.0.0/14741] INFO  safemode.HealthyPipelineSafeModeRule (HealthyPipelineSafeModeRule.java:initializeRule(156)) - Total pipeline count is 0, healthy pipeline threshold count is 1
2021-12-01 05:33:55,796 [Listener at 0.0.0.0/14741] INFO  safemode.OneReplicaPipelineSafeModeRule (OneReplicaPipelineSafeModeRule.java:initializeRule(180)) - Total pipeline count is 0, pipeline's with at least one datanode reported threshold count is 0
2021-12-01 05:33:55,797 [Listener at 0.0.0.0/14741] INFO  ipc.CallQueueManager (CallQueueManager.java:<init>(90)) - Using callQueue: class java.util.concurrent.LinkedBlockingQueue, queueCapacity: 2000, scheduler: class org.apache.hadoop.ipc.DefaultRpcScheduler, ipcBackoff: false.
2021-12-01 05:33:55,802 [Socket Reader #1 for port 14749] INFO  ipc.Server (Server.java:run(1265)) - Starting Socket Reader #1 for port 14749
2021-12-01 05:33:55,803 [Listener at 0.0.0.0/14749] INFO  ipc.CallQueueManager (CallQueueManager.java:<init>(90)) - Using callQueue: class java.util.concurrent.LinkedBlockingQueue, queueCapacity: 2000, scheduler: class org.apache.hadoop.ipc.DefaultRpcScheduler, ipcBackoff: false.
2021-12-01 05:33:55,810 [Socket Reader #1 for port 14750] INFO  ipc.Server (Server.java:run(1265)) - Starting Socket Reader #1 for port 14750
2021-12-01 05:33:55,811 [Listener at 0.0.0.0/14750] INFO  ipc.CallQueueManager (CallQueueManager.java:<init>(90)) - Using callQueue: class java.util.concurrent.LinkedBlockingQueue, queueCapacity: 2000, scheduler: class org.apache.hadoop.ipc.DefaultRpcScheduler, ipcBackoff: false.
2021-12-01 05:33:55,822 [Socket Reader #1 for port 14751] INFO  ipc.Server (Server.java:run(1265)) - Starting Socket Reader #1 for port 14751
2021-12-01 05:33:55,834 [ReplicationMonitor] INFO  container.ReplicationManager (ReplicationManager.java:processAll(371)) - Replication Monitor Thread took 0 milliseconds for processing 0 containers.
2021-12-01 05:33:55,872 [Listener at 0.0.0.0/14751] INFO  algorithms.ContainerPlacementPolicyFactory (ContainerPlacementPolicyFactory.java:getPolicy(60)) - Create container placement policy of type org.apache.hadoop.hdds.scm.container.placement.algorithms.SCMContainerPlacementRandom
2021-12-01 05:33:55,874 [Listener at 0.0.0.0/14751] INFO  server.StorageContainerManager (StorageContainerManager.java:<init>(388)) - 
Container Balancer status:
Key                            Value
Running                        false
Container Balancer Configuration values:
Key                                                Value
Threshold                                          0.1
Max Datanodes to Involve per Iteration(ratio)      0.2
Max Size to Move per Iteration                     30GB
Max Size Entering Target per Iteration             1GB
Max Size Leaving Source per Iteration              1GB

2021-12-01 05:33:55,874 [Listener at 0.0.0.0/14751] WARN  events.EventQueue (EventQueue.java:fireEvent(194)) - No event handler registered for event TypedEvent{payloadType=SafeModeStatus, name='Safe mode status'}
2021-12-01 05:33:55,874 [Listener at 0.0.0.0/14751] INFO  ha.SCMContext (SCMContext.java:updateSafeModeStatus(205)) - Update SafeModeStatus from SafeModeStatus{safeModeStatus=true, preCheckPassed=false} to SafeModeStatus{safeModeStatus=true, preCheckPassed=false}.
2021-12-01 05:33:55,874 [Listener at 0.0.0.0/14751] INFO  ozone.MiniOzoneHAClusterImpl (MiniOzoneHAClusterImpl.java:createSCMService(581)) - Intialized SCM at org.apache.hadoop.hdds.scm.server.SCMClientProtocolServer@113d2a24. This SCM is currently inactive (not running).
2021-12-01 05:33:55,875 [Listener at 0.0.0.0/14751] INFO  ha.OMHANodeDetails (OMHANodeDetails.java:loadOMHAConfig(118)) - ServiceID for OzoneManager is om-service-test1
2021-12-01 05:33:55,875 [Listener at 0.0.0.0/14751] INFO  ha.OMHANodeDetails (OMHANodeDetails.java:loadOMHAConfig(192)) - Found matching OM address with OMServiceId: om-service-test1, OMNodeId: omNode-1, RPC Address: localhost:11600 and Ratis port: 11604
2021-12-01 05:33:55,875 [Listener at 0.0.0.0/14751] INFO  ha.OMHANodeDetails (ConfUtils.java:setNodeSpecificConfigs(108)) - Setting configuration key ozone.om.http-address with value of key ozone.om.http-address.om-service-test1.omNode-1: 127.0.0.1:11602
2021-12-01 05:33:55,875 [Listener at 0.0.0.0/14751] INFO  ha.OMHANodeDetails (ConfUtils.java:setNodeSpecificConfigs(108)) - Setting configuration key ozone.om.https-address with value of key ozone.om.https-address.om-service-test1.omNode-1: 127.0.0.1:11603
2021-12-01 05:33:55,876 [Listener at 0.0.0.0/14751] INFO  ha.OMHANodeDetails (ConfUtils.java:setNodeSpecificConfigs(108)) - Setting configuration key ozone.om.address with value of key ozone.om.address.om-service-test1.omNode-1: 127.0.0.1:11600
2021-12-01 05:33:55,876 [Listener at 0.0.0.0/14751] WARN  server.ServerUtils (ServerUtils.java:getDBPath(225)) - ozone.om.db.dirs is not configured. We recommend adding this setting. Falling back to ozone.metadata.dirs instead.
2021-12-01 05:33:55,877 [Listener at 0.0.0.0/14751] INFO  ha.SCMNodeInfo (SCMNodeInfo.java:getPort(197)) - ConfigKey ozone.scm.client.address is deprecated, For configuring different ports for each SCM use PortConfigKey ozone.scm.client.port appended with serviceId and nodeId
2021-12-01 05:33:55,877 [Listener at 0.0.0.0/14751] INFO  ha.SCMNodeInfo (SCMNodeInfo.java:getPort(197)) - ConfigKey ozone.scm.block.client.address is deprecated, For configuring different ports for each SCM use PortConfigKey ozone.scm.block.client.port appended with serviceId and nodeId
2021-12-01 05:33:55,877 [Listener at 0.0.0.0/14751] INFO  ha.SCMNodeInfo (SCMNodeInfo.java:getPort(197)) - ConfigKey ozone.scm.datanode.address is deprecated, For configuring different ports for each SCM use PortConfigKey ozone.scm.datanode.port appended with serviceId and nodeId
2021-12-01 05:33:55,877 [Listener at 0.0.0.0/14751] INFO  ha.SCMNodeInfo (SCMNodeInfo.java:getPort(197)) - ConfigKey ozone.scm.client.address is deprecated, For configuring different ports for each SCM use PortConfigKey ozone.scm.client.port appended with serviceId and nodeId
2021-12-01 05:33:55,877 [Listener at 0.0.0.0/14751] INFO  ha.SCMNodeInfo (SCMNodeInfo.java:getPort(197)) - ConfigKey ozone.scm.block.client.address is deprecated, For configuring different ports for each SCM use PortConfigKey ozone.scm.block.client.port appended with serviceId and nodeId
2021-12-01 05:33:55,877 [Listener at 0.0.0.0/14751] INFO  ha.SCMNodeInfo (SCMNodeInfo.java:getPort(197)) - ConfigKey ozone.scm.datanode.address is deprecated, For configuring different ports for each SCM use PortConfigKey ozone.scm.datanode.port appended with serviceId and nodeId
2021-12-01 05:33:55,878 [Listener at 0.0.0.0/14751] INFO  ha.SCMNodeInfo (SCMNodeInfo.java:getPort(197)) - ConfigKey ozone.scm.client.address is deprecated, For configuring different ports for each SCM use PortConfigKey ozone.scm.client.port appended with serviceId and nodeId
2021-12-01 05:33:55,878 [Listener at 0.0.0.0/14751] INFO  ha.SCMNodeInfo (SCMNodeInfo.java:getPort(197)) - ConfigKey ozone.scm.block.client.address is deprecated, For configuring different ports for each SCM use PortConfigKey ozone.scm.block.client.port appended with serviceId and nodeId
2021-12-01 05:33:55,878 [Listener at 0.0.0.0/14751] INFO  ha.SCMNodeInfo (SCMNodeInfo.java:getPort(197)) - ConfigKey ozone.scm.datanode.address is deprecated, For configuring different ports for each SCM use PortConfigKey ozone.scm.datanode.port appended with serviceId and nodeId
OM initialization succeeded.Current cluster id for sd=/home/runner/work/ozone/ozone/hadoop-ozone/integration-test/target/test-dir/MiniOzoneClusterImpl-18ff7c11-c606-42f1-8c5c-1f8c02111a4f/omNode-1/om;cid=18ff7c11-c606-42f1-8c5c-1f8c02111a4f;layoutVersion=0
2021-12-01 05:33:55,889 [Listener at 0.0.0.0/14751] INFO  ha.OMHANodeDetails (OMHANodeDetails.java:loadOMHAConfig(118)) - ServiceID for OzoneManager is om-service-test1
2021-12-01 05:33:55,889 [Listener at 0.0.0.0/14751] INFO  ha.OMHANodeDetails (OMHANodeDetails.java:loadOMHAConfig(192)) - Found matching OM address with OMServiceId: om-service-test1, OMNodeId: omNode-1, RPC Address: localhost:11600 and Ratis port: 11604
2021-12-01 05:33:55,889 [Listener at 0.0.0.0/14751] INFO  ha.OMHANodeDetails (ConfUtils.java:setNodeSpecificConfigs(108)) - Setting configuration key ozone.om.http-address with value of key ozone.om.http-address.om-service-test1.omNode-1: 127.0.0.1:11602
2021-12-01 05:33:55,889 [Listener at 0.0.0.0/14751] INFO  ha.OMHANodeDetails (ConfUtils.java:setNodeSpecificConfigs(108)) - Setting configuration key ozone.om.https-address with value of key ozone.om.https-address.om-service-test1.omNode-1: 127.0.0.1:11603
2021-12-01 05:33:55,889 [Listener at 0.0.0.0/14751] INFO  ha.OMHANodeDetails (ConfUtils.java:setNodeSpecificConfigs(108)) - Setting configuration key ozone.om.address with value of key ozone.om.address.om-service-test1.omNode-1: 127.0.0.1:11600
2021-12-01 05:33:55,889 [Listener at 0.0.0.0/14751] WARN  server.ServerUtils (ServerUtils.java:getDBPath(225)) - ozone.om.db.dirs is not configured. We recommend adding this setting. Falling back to ozone.metadata.dirs instead.
2021-12-01 05:33:55,889 [Listener at 0.0.0.0/14751] INFO  upgrade.AbstractLayoutVersionManager (AbstractLayoutVersionManager.java:init(79)) - Initializing Layout version manager with metadata layout = INITIAL_VERSION (version = 0), software layout = INITIAL_VERSION (version = 0)
2021-12-01 05:33:55,970 [Listener at 0.0.0.0/14751] INFO  reflections.Reflections (Reflections.java:scan(232)) - Reflections took 80 ms to scan 2 urls, producing 132 keys and 344 values [using 2 cores]
2021-12-01 05:33:55,970 [Listener at 0.0.0.0/14751] INFO  upgrade.OMLayoutVersionManager (OMLayoutVersionManager.java:lambda$0(115)) - Skipping Upgrade Action MockOmUpgradeAction since it has been finalized.
2021-12-01 05:33:55,970 [Listener at 0.0.0.0/14751] WARN  server.ServerUtils (ServerUtils.java:getDBPath(225)) - ozone.om.db.dirs is not configured. We recommend adding this setting. Falling back to ozone.metadata.dirs instead.
2021-12-01 05:33:55,970 [Listener at 0.0.0.0/14751] INFO  ha.SCMNodeInfo (SCMNodeInfo.java:getPort(197)) - ConfigKey ozone.scm.client.address is deprecated, For configuring different ports for each SCM use PortConfigKey ozone.scm.client.port appended with serviceId and nodeId
2021-12-01 05:33:55,971 [Listener at 0.0.0.0/14751] INFO  ha.SCMNodeInfo (SCMNodeInfo.java:getPort(197)) - ConfigKey ozone.scm.block.client.address is deprecated, For configuring different ports for each SCM use PortConfigKey ozone.scm.block.client.port appended with serviceId and nodeId
2021-12-01 05:33:55,971 [Listener at 0.0.0.0/14751] INFO  ha.SCMNodeInfo (SCMNodeInfo.java:getPort(197)) - ConfigKey ozone.scm.datanode.address is deprecated, For configuring different ports for each SCM use PortConfigKey ozone.scm.datanode.port appended with serviceId and nodeId
2021-12-01 05:33:55,971 [Listener at 0.0.0.0/14751] INFO  ha.SCMNodeInfo (SCMNodeInfo.java:getPort(197)) - ConfigKey ozone.scm.client.address is deprecated, For configuring different ports for each SCM use PortConfigKey ozone.scm.client.port appended with serviceId and nodeId
2021-12-01 05:33:55,971 [Listener at 0.0.0.0/14751] INFO  ha.SCMNodeInfo (SCMNodeInfo.java:getPort(197)) - ConfigKey ozone.scm.block.client.address is deprecated, For configuring different ports for each SCM use PortConfigKey ozone.scm.block.client.port appended with serviceId and nodeId
2021-12-01 05:33:55,971 [Listener at 0.0.0.0/14751] INFO  ha.SCMNodeInfo (SCMNodeInfo.java:getPort(197)) - ConfigKey ozone.scm.datanode.address is deprecated, For configuring different ports for each SCM use PortConfigKey ozone.scm.datanode.port appended with serviceId and nodeId
2021-12-01 05:33:55,971 [Listener at 0.0.0.0/14751] INFO  ha.SCMNodeInfo (SCMNodeInfo.java:getPort(197)) - ConfigKey ozone.scm.client.address is deprecated, For configuring different ports for each SCM use PortConfigKey ozone.scm.client.port appended with serviceId and nodeId
2021-12-01 05:33:55,971 [Listener at 0.0.0.0/14751] INFO  ha.SCMNodeInfo (SCMNodeInfo.java:getPort(197)) - ConfigKey ozone.scm.block.client.address is deprecated, For configuring different ports for each SCM use PortConfigKey ozone.scm.block.client.port appended with serviceId and nodeId
2021-12-01 05:33:55,971 [Listener at 0.0.0.0/14751] INFO  ha.SCMNodeInfo (SCMNodeInfo.java:getPort(197)) - ConfigKey ozone.scm.datanode.address is deprecated, For configuring different ports for each SCM use PortConfigKey ozone.scm.datanode.port appended with serviceId and nodeId
2021-12-01 05:33:55,972 [Listener at 0.0.0.0/14751] INFO  ha.SCMNodeInfo (SCMNodeInfo.java:getPort(197)) - ConfigKey ozone.scm.client.address is deprecated, For configuring different ports for each SCM use PortConfigKey ozone.scm.client.port appended with serviceId and nodeId
2021-12-01 05:33:55,972 [Listener at 0.0.0.0/14751] INFO  ha.SCMNodeInfo (SCMNodeInfo.java:getPort(197)) - ConfigKey ozone.scm.block.client.address is deprecated, For configuring different ports for each SCM use PortConfigKey ozone.scm.block.client.port appended with serviceId and nodeId
2021-12-01 05:33:55,972 [Listener at 0.0.0.0/14751] INFO  ha.SCMNodeInfo (SCMNodeInfo.java:getPort(197)) - ConfigKey ozone.scm.datanode.address is deprecated, For configuring different ports for each SCM use PortConfigKey ozone.scm.datanode.port appended with serviceId and nodeId
2021-12-01 05:33:55,972 [Listener at 0.0.0.0/14751] INFO  ha.SCMNodeInfo (SCMNodeInfo.java:getPort(197)) - ConfigKey ozone.scm.client.address is deprecated, For configuring different ports for each SCM use PortConfigKey ozone.scm.client.port appended with serviceId and nodeId
2021-12-01 05:33:55,972 [Listener at 0.0.0.0/14751] INFO  ha.SCMNodeInfo (SCMNodeInfo.java:getPort(197)) - ConfigKey ozone.scm.block.client.address is deprecated, For configuring different ports for each SCM use PortConfigKey ozone.scm.block.client.port appended with serviceId and nodeId
2021-12-01 05:33:55,972 [Listener at 0.0.0.0/14751] INFO  ha.SCMNodeInfo (SCMNodeInfo.java:getPort(197)) - ConfigKey ozone.scm.datanode.address is deprecated, For configuring different ports for each SCM use PortConfigKey ozone.scm.datanode.port appended with serviceId and nodeId
2021-12-01 05:33:55,972 [Listener at 0.0.0.0/14751] INFO  ha.SCMNodeInfo (SCMNodeInfo.java:getPort(197)) - ConfigKey ozone.scm.client.address is deprecated, For configuring different ports for each SCM use PortConfigKey ozone.scm.client.port appended with serviceId and nodeId
2021-12-01 05:33:55,972 [Listener at 0.0.0.0/14751] INFO  ha.SCMNodeInfo (SCMNodeInfo.java:getPort(197)) - ConfigKey ozone.scm.block.client.address is deprecated, For configuring different ports for each SCM use PortConfigKey ozone.scm.block.client.port appended with serviceId and nodeId
2021-12-01 05:33:55,972 [Listener at 0.0.0.0/14751] INFO  ha.SCMNodeInfo (SCMNodeInfo.java:getPort(197)) - ConfigKey ozone.scm.datanode.address is deprecated, For configuring different ports for each SCM use PortConfigKey ozone.scm.datanode.port appended with serviceId and nodeId
2021-12-01 05:33:55,973 [Listener at 0.0.0.0/14751] INFO  ha.SCMNodeInfo (SCMNodeInfo.java:getPort(197)) - ConfigKey ozone.scm.client.address is deprecated, For configuring different ports for each SCM use PortConfigKey ozone.scm.client.port appended with serviceId and nodeId
2021-12-01 05:33:55,973 [Listener at 0.0.0.0/14751] INFO  ha.SCMNodeInfo (SCMNodeInfo.java:getPort(197)) - ConfigKey ozone.scm.block.client.address is deprecated, For configuring different ports for each SCM use PortConfigKey ozone.scm.block.client.port appended with serviceId and nodeId
2021-12-01 05:33:55,973 [Listener at 0.0.0.0/14751] INFO  ha.SCMNodeInfo (SCMNodeInfo.java:getPort(197)) - ConfigKey ozone.scm.datanode.address is deprecated, For configuring different ports for each SCM use PortConfigKey ozone.scm.datanode.port appended with serviceId and nodeId
2021-12-01 05:33:55,975 [Listener at 0.0.0.0/14751] INFO  ha.SCMNodeInfo (SCMNodeInfo.java:getPort(197)) - ConfigKey ozone.scm.client.address is deprecated, For configuring different ports for each SCM use PortConfigKey ozone.scm.client.port appended with serviceId and nodeId
2021-12-01 05:33:55,975 [Listener at 0.0.0.0/14751] INFO  ha.SCMNodeInfo (SCMNodeInfo.java:getPort(197)) - ConfigKey ozone.scm.block.client.address is deprecated, For configuring different ports for each SCM use PortConfigKey ozone.scm.block.client.port appended with serviceId and nodeId
2021-12-01 05:33:55,975 [Listener at 0.0.0.0/14751] INFO  ha.SCMNodeInfo (SCMNodeInfo.java:getPort(197)) - ConfigKey ozone.scm.datanode.address is deprecated, For configuring different ports for each SCM use PortConfigKey ozone.scm.datanode.port appended with serviceId and nodeId
2021-12-01 05:33:55,975 [Listener at 0.0.0.0/14751] INFO  ha.SCMNodeInfo (SCMNodeInfo.java:getPort(197)) - ConfigKey ozone.scm.client.address is deprecated, For configuring different ports for each SCM use PortConfigKey ozone.scm.client.port appended with serviceId and nodeId
2021-12-01 05:33:55,975 [Listener at 0.0.0.0/14751] INFO  ha.SCMNodeInfo (SCMNodeInfo.java:getPort(197)) - ConfigKey ozone.scm.block.client.address is deprecated, For configuring different ports for each SCM use PortConfigKey ozone.scm.block.client.port appended with serviceId and nodeId
2021-12-01 05:33:55,976 [Listener at 0.0.0.0/14751] INFO  ha.SCMNodeInfo (SCMNodeInfo.java:getPort(197)) - ConfigKey ozone.scm.datanode.address is deprecated, For configuring different ports for each SCM use PortConfigKey ozone.scm.datanode.port appended with serviceId and nodeId
2021-12-01 05:33:55,987 [Listener at 0.0.0.0/14751] WARN  server.ServerUtils (ServerUtils.java:getDBPath(225)) - ozone.om.db.dirs is not configured. We recommend adding this setting. Falling back to ozone.metadata.dirs instead.
2021-12-01 05:33:55,988 [Listener at 0.0.0.0/14751] INFO  codec.OmKeyInfoCodec (OmKeyInfoCodec.java:<init>(50)) - OmKeyInfoCodec ignorePipeline = true
2021-12-01 05:33:55,988 [Listener at 0.0.0.0/14751] INFO  codec.RepeatedOmKeyInfoCodec (RepeatedOmKeyInfoCodec.java:<init>(42)) - RepeatedOmKeyInfoCodec ignorePipeline = true
2021-12-01 05:33:56,095 [EndpointStateMachine task thread for /127.0.0.1:14539 - 0 ] INFO  ipc.Client (Client.java:handleConnectionFailure(977)) - Retrying connect to server: localhost/127.0.0.1:14539. Already tried 3 time(s); retry policy is RetryUpToMaximumCountWithFixedSleep(maxRetries=15, sleepTime=1000 MILLISECONDS)
2021-12-01 05:33:56,095 [EndpointStateMachine task thread for /127.0.0.1:14549 - 0 ] INFO  ipc.Client (Client.java:handleConnectionFailure(977)) - Retrying connect to server: localhost/127.0.0.1:14549. Already tried 3 time(s); retry policy is RetryUpToMaximumCountWithFixedSleep(maxRetries=15, sleepTime=1000 MILLISECONDS)
2021-12-01 05:33:56,096 [EndpointStateMachine task thread for /127.0.0.1:14529 - 0 ] INFO  ipc.Client (Client.java:handleConnectionFailure(977)) - Retrying connect to server: localhost/127.0.0.1:14529. Already tried 3 time(s); retry policy is RetryUpToMaximumCountWithFixedSleep(maxRetries=15, sleepTime=1000 MILLISECONDS)
2021-12-01 05:33:56,158 [Listener at 0.0.0.0/14751] INFO  om.OzoneManager (OzoneManager.java:addS3GVolumeToDB(3609)) - Created Volume s3v With Owner runner required for S3Gateway operations.
2021-12-01 05:33:56,159 [Listener at 0.0.0.0/14751] WARN  server.ServerUtils (ServerUtils.java:getDefaultRatisDirectory(237)) - Storage directory for Ratis is not configured. It is a good idea to map this to an SSD disk. Falling back to ozone.metadata.dirs
2021-12-01 05:33:56,159 [Listener at 0.0.0.0/14751] WARN  utils.OzoneManagerRatisUtils (OzoneManagerRatisUtils.java:getOMRatisSnapshotDirectory(431)) - ozone.om.ratis.snapshot.dir is not configured. Falling back to ozone.metadata.dirs config
2021-12-01 05:33:56,159 [Listener at 0.0.0.0/14751] WARN  impl.MetricRegistriesImpl (MetricRegistriesImpl.java:addReporterRegistration(111)) - New reporters are added after registries were created. Some metrics will be missing from the reporter. Please add reporter before adding any new registry.
2021-12-01 05:33:56,159 [Listener at 0.0.0.0/14751] WARN  impl.MetricRegistriesImpl (MetricRegistriesImpl.java:addReporterRegistration(111)) - New reporters are added after registries were created. Some metrics will be missing from the reporter. Please add reporter before adding any new registry.
2021-12-01 05:33:56,160 [Listener at 0.0.0.0/14751] WARN  server.ServerUtils (ServerUtils.java:getDefaultRatisDirectory(237)) - Storage directory for Ratis is not configured. It is a good idea to map this to an SSD disk. Falling back to ozone.metadata.dirs
2021-12-01 05:33:56,161 [Listener at 0.0.0.0/14751] INFO  ratis.OzoneManagerRatisServer (OzoneManagerRatisServer.java:<init>(159)) - Instantiating OM Ratis server with groupID: om-service-test1 and peers: localhost:11604
2021-12-01 05:33:56,161 [Listener at 0.0.0.0/14751] INFO  ratis.OzoneManagerStateMachine (OzoneManagerStateMachine.java:loadSnapshotInfoFromDB(605)) - LastAppliedIndex is set from TransactionInfo from OM DB as (t:0, i:~)
2021-12-01 05:33:56,178 [Listener at 0.0.0.0/14751] INFO  server.RaftServer (ConfUtils.java:logGet(44)) - raft.rpc.type = GRPC (default)
2021-12-01 05:33:56,178 [Listener at 0.0.0.0/14751] INFO  grpc.GrpcFactory (GrpcFactory.java:checkPooledByteBufAllocatorUseCacheForAllThreads(48)) - PERFORMANCE WARNING: useCacheForAllThreads is true that may cause Netty to create a lot garbage objects and, as a result, trigger GC.
	It is recommended to disable useCacheForAllThreads by setting -Dorg.apache.ratis.thirdparty.io.netty.allocator.useCacheForAllThreads=false in command line.
2021-12-01 05:33:56,178 [Listener at 0.0.0.0/14751] INFO  grpc.GrpcConfigKeys (ConfUtils.java:logGet(44)) - raft.grpc.admin.port = -1 (default)
2021-12-01 05:33:56,178 [Listener at 0.0.0.0/14751] INFO  grpc.GrpcConfigKeys (ConfUtils.java:logGet(44)) - raft.grpc.server.port = 11604 (custom)
2021-12-01 05:33:56,178 [Listener at 0.0.0.0/14751] INFO  grpc.GrpcConfigKeys (ConfUtils.java:logGet(44)) - raft.grpc.client.port = -1 (default)
2021-12-01 05:33:56,178 [Listener at 0.0.0.0/14751] INFO  grpc.GrpcConfigKeys (ConfUtils.java:logGet(44)) - raft.grpc.server.port = 11604 (custom)
2021-12-01 05:33:56,178 [Listener at 0.0.0.0/14751] INFO  grpc.GrpcConfigKeys (ConfUtils.java:logGet(44)) - raft.grpc.server.port = 11604 (custom)
2021-12-01 05:33:56,179 [Listener at 0.0.0.0/14751] INFO  server.GrpcService (ConfUtils.java:logGet(44)) - raft.grpc.message.size.max = 33554432 (custom)
2021-12-01 05:33:56,179 [Listener at 0.0.0.0/14751] INFO  server.RaftServerConfigKeys (ConfUtils.java:logGet(44)) - raft.server.log.appender.buffer.byte-limit = 33554432 (custom)
2021-12-01 05:33:56,179 [Listener at 0.0.0.0/14751] INFO  server.GrpcService (ConfUtils.java:logGet(44)) - raft.grpc.flow.control.window = 1MB (=1048576) (default)
2021-12-01 05:33:56,179 [Listener at 0.0.0.0/14751] INFO  server.RaftServerConfigKeys (ConfUtils.java:logGet(44)) - raft.server.rpc.request.timeout = 3000ms (default)
2021-12-01 05:33:56,180 [Listener at 0.0.0.0/14751] INFO  impl.DataStreamServerImpl (ConfUtils.java:logGet(44)) - raft.datastream.type = DISABLED (default)
2021-12-01 05:33:56,180 [Listener at 0.0.0.0/14751] INFO  server.RaftServerConfigKeys (ConfUtils.java:logGet(44)) - raft.server.rpc.slowness.timeout = 2s (custom)
2021-12-01 05:33:56,180 [Listener at 0.0.0.0/14751] INFO  server.RaftServerConfigKeys (ConfUtils.java:logGet(44)) - raft.server.leaderelection.leader.step-down.wait-time = 10s (default)
2021-12-01 05:33:56,181 [Listener at 0.0.0.0/14751] INFO  server.RaftServerConfigKeys (ConfUtils.java:logGet(44)) - raft.server.storage.dir = [/home/runner/work/ozone/ozone/hadoop-ozone/integration-test/target/test-dir/MiniOzoneClusterImpl-18ff7c11-c606-42f1-8c5c-1f8c02111a4f/omNode-1/ratis] (custom)
2021-12-01 05:33:56,185 [Listener at 0.0.0.0/14751] INFO  server.RaftServer (RaftServerProxy.java:addNew(95)) - omNode-1: addNew group-523986131536:[omNode-1|rpc:localhost:11604|priority:0] returns group-523986131536:java.util.concurrent.CompletableFuture@a2e57be[Not completed]
2021-12-01 05:33:56,185 [Listener at 0.0.0.0/14751] INFO  om.OzoneManager (OzoneManager.java:initializeRatisServer(1771)) - OzoneManager Ratis server initialized at port 11604
2021-12-01 05:33:56,186 [Listener at 0.0.0.0/14751] INFO  ipc.CallQueueManager (CallQueueManager.java:<init>(90)) - Using callQueue: class java.util.concurrent.LinkedBlockingQueue, queueCapacity: 2000, scheduler: class org.apache.hadoop.ipc.DefaultRpcScheduler, ipcBackoff: false.
2021-12-01 05:33:56,187 [pool-281-thread-1] INFO  server.RaftServer$Division (RaftServerImpl.java:<init>(184)) - omNode-1: new RaftServerImpl for group-523986131536:[omNode-1|rpc:localhost:11604|priority:0] with OzoneManagerStateMachine:uninitialized
2021-12-01 05:33:56,188 [Socket Reader #1 for port 11600] INFO  ipc.Server (Server.java:run(1265)) - Starting Socket Reader #1 for port 11600
2021-12-01 05:33:56,192 [pool-281-thread-1] INFO  server.RaftServerConfigKeys (ConfUtils.java:logGet(44)) - raft.server.rpc.timeout.min = 1s (custom)
2021-12-01 05:33:56,192 [pool-281-thread-1] INFO  server.RaftServerConfigKeys (ConfUtils.java:logGet(44)) - raft.server.rpc.timeout.max = 1200ms (custom)
2021-12-01 05:33:56,192 [pool-281-thread-1] INFO  server.RaftServerConfigKeys (ConfUtils.java:logGet(44)) - raft.server.rpc.sleep.time = 25ms (default)
2021-12-01 05:33:56,192 [pool-281-thread-1] INFO  server.RaftServerConfigKeys (ConfUtils.java:logGet(44)) - raft.server.rpc.slowness.timeout = 2s (custom)
2021-12-01 05:33:56,192 [pool-281-thread-1] INFO  server.RaftServerConfigKeys (ConfUtils.java:logGet(44)) - raft.server.leaderelection.leader.step-down.wait-time = 10s (default)
2021-12-01 05:33:56,192 [pool-281-thread-1] INFO  server.RaftServerConfigKeys (ConfUtils.java:logGet(44)) - raft.server.sleep.deviation.threshold = 300ms (default)
2021-12-01 05:33:56,192 [pool-281-thread-1] INFO  server.RaftServerConfigKeys (ConfUtils.java:logGet(44)) - raft.server.log.appender.install.snapshot.enabled = false (custom)
2021-12-01 05:33:56,192 [pool-281-thread-1] INFO  server.RaftServer$Division (ServerState.java:<init>(105)) - omNode-1@group-523986131536: ConfigurationManager, init=-1: [omNode-1|rpc:localhost:11604|priority:0], old=null, confs=<EMPTY_MAP>
2021-12-01 05:33:56,192 [pool-281-thread-1] INFO  server.RaftServerConfigKeys (ConfUtils.java:logGet(44)) - raft.server.storage.dir = [/home/runner/work/ozone/ozone/hadoop-ozone/integration-test/target/test-dir/MiniOzoneClusterImpl-18ff7c11-c606-42f1-8c5c-1f8c02111a4f/omNode-1/ratis] (custom)
2021-12-01 05:33:56,193 [pool-281-thread-1] INFO  server.RaftServerConfigKeys (ConfUtils.java:logGet(44)) - raft.server.log.corruption.policy = EXCEPTION (default)
2021-12-01 05:33:56,193 [pool-281-thread-1] INFO  server.RaftServerConfigKeys (ConfUtils.java:logGet(44)) - raft.server.storage.free-space.min = 0MB (=0) (default)
2021-12-01 05:33:56,193 [pool-281-thread-1] INFO  storage.RaftStorageDirectory (RaftStorageDirectoryImpl.java:analyzeStorage(135)) - The storage directory /home/runner/work/ozone/ozone/hadoop-ozone/integration-test/target/test-dir/MiniOzoneClusterImpl-18ff7c11-c606-42f1-8c5c-1f8c02111a4f/omNode-1/ratis/c9bc4cf4-3bc3-3c60-a66b-523986131536 does not exist. Creating ...
2021-12-01 05:33:56,195 [pool-281-thread-1] INFO  storage.RaftStorageDirectory (RaftStorageDirectoryImpl.java:tryLock(230)) - Lock on /home/runner/work/ozone/ozone/hadoop-ozone/integration-test/target/test-dir/MiniOzoneClusterImpl-18ff7c11-c606-42f1-8c5c-1f8c02111a4f/omNode-1/ratis/c9bc4cf4-3bc3-3c60-a66b-523986131536/in_use.lock acquired by nodename 30928@fv-az297-56
2021-12-01 05:33:56,198 [pool-281-thread-1] INFO  storage.RaftStorage (RaftStorageImpl.java:format(89)) - Storage directory /home/runner/work/ozone/ozone/hadoop-ozone/integration-test/target/test-dir/MiniOzoneClusterImpl-18ff7c11-c606-42f1-8c5c-1f8c02111a4f/omNode-1/ratis/c9bc4cf4-3bc3-3c60-a66b-523986131536 has been successfully formatted.
2021-12-01 05:33:56,198 [pool-281-thread-1] INFO  server.RaftServerConfigKeys (ConfUtils.java:logGet(44)) - raft.server.notification.no-leader.timeout = 2s (custom)
2021-12-01 05:33:56,198 [pool-281-thread-1] INFO  server.RaftServerConfigKeys (ConfUtils.java:logGet(44)) - raft.server.log.use.memory = false (default)
2021-12-01 05:33:56,198 [pool-281-thread-1] INFO  server.RaftServerConfigKeys (ConfUtils.java:logGet(44)) - raft.server.log.purge.gap = 1000000 (custom)
2021-12-01 05:33:56,198 [pool-281-thread-1] INFO  server.RaftServerConfigKeys (ConfUtils.java:logGet(44)) - raft.server.log.appender.buffer.byte-limit = 33554432 (custom)
2021-12-01 05:33:56,199 [pool-281-thread-1] INFO  server.RaftServerConfigKeys (ConfUtils.java:logGet(44)) - raft.server.log.segment.size.max = 4194304 (custom)
2021-12-01 05:33:56,202 [pool-281-thread-1] INFO  server.RaftServerConfigKeys (ConfUtils.java:logGet(44)) - raft.server.log.segment.cache.num.max = 2 (custom)
2021-12-01 05:33:56,202 [pool-281-thread-1] INFO  server.RaftServerConfigKeys (ConfUtils.java:logGet(44)) - raft.server.log.segment.cache.size.max = 200MB (=209715200) (default)
2021-12-01 05:33:56,202 [pool-281-thread-1] INFO  segmented.SegmentedRaftLogWorker (SegmentedRaftLogWorker.java:<init>(182)) - new omNode-1@group-523986131536-SegmentedRaftLogWorker for RaftStorageImpl:Storage Directory /home/runner/work/ozone/ozone/hadoop-ozone/integration-test/target/test-dir/MiniOzoneClusterImpl-18ff7c11-c606-42f1-8c5c-1f8c02111a4f/omNode-1/ratis/c9bc4cf4-3bc3-3c60-a66b-523986131536
2021-12-01 05:33:56,202 [pool-281-thread-1] INFO  server.RaftServerConfigKeys (ConfUtils.java:logGet(44)) - raft.server.log.queue.byte-limit = 64MB (=67108864) (default)
2021-12-01 05:33:56,202 [pool-281-thread-1] INFO  server.RaftServerConfigKeys (ConfUtils.java:logGet(44)) - raft.server.log.queue.element-limit = 4096 (default)
2021-12-01 05:33:56,202 [pool-281-thread-1] INFO  server.RaftServerConfigKeys (ConfUtils.java:logGet(44)) - raft.server.log.segment.size.max = 4194304 (custom)
2021-12-01 05:33:56,202 [pool-281-thread-1] INFO  server.RaftServerConfigKeys (ConfUtils.java:logGet(44)) - raft.server.log.preallocated.size = 4194304 (custom)
2021-12-01 05:33:56,202 [pool-281-thread-1] INFO  server.RaftServerConfigKeys (ConfUtils.java:logGet(44)) - raft.server.log.force.sync.num = 128 (default)
2021-12-01 05:33:56,202 [pool-281-thread-1] INFO  server.RaftServerConfigKeys (ConfUtils.java:logGet(44)) - raft.server.log.statemachine.data.sync = true (default)
2021-12-01 05:33:56,202 [pool-281-thread-1] INFO  server.RaftServerConfigKeys (ConfUtils.java:logGet(44)) - raft.server.log.statemachine.data.sync.timeout = 10s (default)
2021-12-01 05:33:56,202 [pool-281-thread-1] INFO  server.RaftServerConfigKeys (ConfUtils.java:logGet(44)) - raft.server.log.statemachine.data.sync.timeout.retry = -1 (default)
2021-12-01 05:33:56,203 [pool-281-thread-1] INFO  server.RaftServerConfigKeys (ConfUtils.java:logGet(44)) - raft.server.log.write.buffer.size = 64KB (=65536) (default)
2021-12-01 05:33:56,203 [pool-281-thread-1] INFO  server.RaftServerConfigKeys (ConfUtils.java:logGet(44)) - raft.server.log.statemachine.data.caching.enabled = false (default)
2021-12-01 05:33:56,203 [pool-281-thread-1] INFO  segmented.SegmentedRaftLogWorker (SegmentedRaftLogWorker.java:lambda$new$0(133)) - omNode-1@group-523986131536-SegmentedRaftLogWorker: flushIndex: setUnconditionally 0 -> -1
2021-12-01 05:33:56,203 [pool-281-thread-1] INFO  segmented.SegmentedRaftLogWorker (SegmentedRaftLogWorker.java:lambda$new$0(133)) - omNode-1@group-523986131536-SegmentedRaftLogWorker: safeCacheEvictIndex: setUnconditionally 0 -> -1
2021-12-01 05:33:56,214 [pool-281-thread-1] INFO  server.RaftServerConfigKeys (ConfUtils.java:logGet(44)) - raft.server.snapshot.auto.trigger.enabled = true (custom)
2021-12-01 05:33:56,214 [pool-281-thread-1] INFO  server.RaftServerConfigKeys (ConfUtils.java:logGet(44)) - raft.server.snapshot.auto.trigger.threshold = 400000 (default)
2021-12-01 05:33:56,214 [pool-281-thread-1] INFO  server.RaftServerConfigKeys (ConfUtils.java:logGet(44)) - raft.server.snapshot.retention.file.num = -1 (default)
2021-12-01 05:33:56,214 [pool-281-thread-1] INFO  server.RaftServerConfigKeys (ConfUtils.java:logGet(44)) - raft.server.log.purge.upto.snapshot.index = true (custom)
2021-12-01 05:33:56,214 [pool-281-thread-1] INFO  server.RaftServerConfigKeys (ConfUtils.java:logGet(44)) - raft.server.retrycache.expirytime = 300s (custom)
2021-12-01 05:33:56,214 [pool-281-thread-1] INFO  server.RaftServerConfigKeys (ConfUtils.java:logGet(44)) - raft.server.retrycache.statistics.expirytime = 100μs (default)
2021-12-01 05:33:56,241 [Listener at 127.0.0.1/11600] INFO  om.OzoneManager (OzoneManager.java:initFSOLayout(3786)) - Configured ozone.om.metadata.layout=SIMPLE and disabled optimized OM FS operations
2021-12-01 05:33:56,243 [Listener at 127.0.0.1/11600] INFO  impl.MetricsSystemImpl (MetricsSystemImpl.java:init(158)) - OzoneManager metrics system started (again)
2021-12-01 05:33:56,274 [Listener at 127.0.0.1/11600] INFO  om.OzoneManager (OzoneManager.java:start(1365)) - OzoneManager RPC server is listening at localhost/127.0.0.1:11600
2021-12-01 05:33:56,274 [Listener at 127.0.0.1/11600] INFO  ratis.OzoneManagerRatisServer (OzoneManagerRatisServer.java:start(516)) - Starting OzoneManagerRatisServer omNode-1 at port 11604
2021-12-01 05:33:56,274 [Listener at 127.0.0.1/11600] INFO  server.RaftServer$Division (RaftServerImpl.java:start(301)) - omNode-1@group-523986131536: start as a follower, conf=-1: [omNode-1|rpc:localhost:11604|priority:0], old=null
2021-12-01 05:33:56,274 [Listener at 127.0.0.1/11600] INFO  server.RaftServer$Division (RaftServerImpl.java:setRole(290)) - omNode-1@group-523986131536: changes role from      null to FOLLOWER at term 0 for startAsFollower
2021-12-01 05:33:56,274 [Listener at 127.0.0.1/11600] INFO  impl.RoleInfo (RoleInfo.java:updateAndGet(130)) - omNode-1: start omNode-1@group-523986131536-FollowerState
2021-12-01 05:33:56,280 [Listener at 127.0.0.1/11600] INFO  util.JmxRegister (JmxRegister.java:tryRegister(44)) - Successfully registered JMX Bean with object name Ratis:service=RaftServer,group=group-523986131536,id=omNode-1
2021-12-01 05:33:56,283 [Listener at 127.0.0.1/11600] INFO  server.RaftServer (RaftServerProxy.java:lambda$start$5(374)) - omNode-1: start RPC server
2021-12-01 05:33:56,284 [Listener at 127.0.0.1/11600] INFO  server.GrpcService (GrpcService.java:startImpl(253)) - omNode-1: GrpcService started, listening on 11604
2021-12-01 05:33:56,295 [Listener at 127.0.0.1/11600] INFO  om.OzoneManager (OzoneManager.java:start(1381)) - Version File has different layout version (0) than OM DB (null). That is expected if this OM has never been finalized to a newer layout version.
2021-12-01 05:33:56,295 [org.apache.ratis.util.JvmPauseMonitor$$Lambda$499/989520513@2fec2afa] INFO  util.JvmPauseMonitor (JvmPauseMonitor.java:run(103)) - JvmPauseMonitor-omNode-1: Started
2021-12-01 05:33:56,319 [Listener at 127.0.0.1/11600] INFO  http.BaseHttpServer (BaseHttpServer.java:newHttpServer2BuilderForOzone(209)) - Starting Web-server for ozoneManager at: http://0.0.0.0:11602
2021-12-01 05:33:56,319 [Listener at 127.0.0.1/11600] INFO  http.BaseHttpServer (BaseHttpServer.java:<init>(107)) - Hadoop Security Enabled: false Ozone Security Enabled: false Ozone HTTP Security Enabled: false 
2021-12-01 05:33:56,321 [Listener at 127.0.0.1/11600] INFO  server.AuthenticationFilter (AuthenticationFilter.java:constructSecretProvider(240)) - Unable to initialize FileSignerSecretProvider, falling back to use random secrets.
2021-12-01 05:33:56,321 [Listener at 127.0.0.1/11600] WARN  http.HttpRequestLog (HttpRequestLog.java:getRequestLog(103)) - Jetty request log can only be enabled using Log4j
2021-12-01 05:33:56,325 [Listener at 127.0.0.1/11600] INFO  http.HttpServer2 (HttpServer2.java:addGlobalFilter(1030)) - Added global filter 'safety' (class=org.apache.hadoop.hdds.server.http.HttpServer2$QuotingInputFilter)
2021-12-01 05:33:56,325 [Listener at 127.0.0.1/11600] INFO  http.HttpServer2 (HttpServer2.java:addFilter(1006)) - Added filter static_user_filter (class=org.apache.hadoop.http.lib.StaticUserWebFilter$StaticUserFilter) to context ozoneManager
2021-12-01 05:33:56,326 [Listener at 127.0.0.1/11600] INFO  http.HttpServer2 (HttpServer2.java:addFilter(1014)) - Added filter static_user_filter (class=org.apache.hadoop.http.lib.StaticUserWebFilter$StaticUserFilter) to context logs
2021-12-01 05:33:56,326 [Listener at 127.0.0.1/11600] INFO  http.HttpServer2 (HttpServer2.java:addFilter(1014)) - Added filter static_user_filter (class=org.apache.hadoop.http.lib.StaticUserWebFilter$StaticUserFilter) to context static
2021-12-01 05:33:56,326 [Listener at 127.0.0.1/11600] INFO  http.HttpServer2 (HttpServer2.java:bindListener(1249)) - Jetty bound to port 11602
2021-12-01 05:33:56,326 [Listener at 127.0.0.1/11600] INFO  server.Server (Server.java:doStart(375)) - jetty-9.4.43.v20210629; built: 2021-06-30T11:07:22.254Z; git: 526006ecfa3af7f1a27ef3a288e2bef7ea9dd7e8; jvm 1.8.0_292-b10
2021-12-01 05:33:56,368 [Listener at 127.0.0.1/11600] INFO  server.session (DefaultSessionIdManager.java:doStart(334)) - DefaultSessionIdManager workerName=node0
2021-12-01 05:33:56,368 [Listener at 127.0.0.1/11600] INFO  server.session (DefaultSessionIdManager.java:doStart(339)) - No SessionScavenger set, using defaults
2021-12-01 05:33:56,368 [Listener at 127.0.0.1/11600] INFO  server.session (HouseKeeper.java:startScavenging(132)) - node0 Scavenging every 660000ms
2021-12-01 05:33:56,370 [Listener at 127.0.0.1/11600] INFO  handler.ContextHandler (ContextHandler.java:doStart(915)) - Started o.e.j.s.ServletContextHandler@7c57c200{logs,/logs,file:///home/runner/work/ozone/ozone/hadoop-ozone/integration-test/target/log,AVAILABLE}
2021-12-01 05:33:56,371 [Listener at 127.0.0.1/11600] INFO  handler.ContextHandler (ContextHandler.java:doStart(915)) - Started o.e.j.s.ServletContextHandler@35b7156f{static,/static,file:///home/runner/work/ozone/ozone/hadoop-ozone/integration-test/target/test-classes/webapps/static,AVAILABLE}
2021-12-01 05:33:56,375 [Listener at 127.0.0.1/11600] INFO  handler.ContextHandler (ContextHandler.java:doStart(915)) - Started o.e.j.w.WebAppContext@2d34798d{ozoneManager,/,file:///home/runner/work/ozone/ozone/hadoop-ozone/integration-test/target/test-classes/webapps/ozoneManager/,AVAILABLE}{file:/home/runner/work/ozone/ozone/hadoop-ozone/integration-test/target/test-classes/webapps/ozoneManager}
2021-12-01 05:33:56,377 [Listener at 127.0.0.1/11600] INFO  server.AbstractConnector (AbstractConnector.java:doStart(331)) - Started ServerConnector@562c23ca{HTTP/1.1, (http/1.1)}{0.0.0.0:11602}
2021-12-01 05:33:56,377 [Listener at 127.0.0.1/11600] INFO  server.Server (Server.java:doStart(415)) - Started @88977ms
2021-12-01 05:33:56,377 [Listener at 127.0.0.1/11600] WARN  impl.MetricsSystemImpl (MetricsSystemImpl.java:register(279)) - Sink prometheus already exists!
2021-12-01 05:33:56,378 [Listener at 127.0.0.1/11600] INFO  http.BaseHttpServer (BaseHttpServer.java:updateConnectorAddress(329)) - HTTP server of ozoneManager listening at http://0.0.0.0:11602
2021-12-01 05:33:56,382 [IPC Server Responder] INFO  ipc.Server (Server.java:run(1507)) - IPC Server Responder: starting
2021-12-01 05:33:56,382 [IPC Server listener on 11600] INFO  ipc.Server (Server.java:run(1344)) - IPC Server listener on 11600: starting
2021-12-01 05:33:56,386 [Listener at 127.0.0.1/11600] INFO  om.OzoneManager (OzoneManager.java:startTrashEmptier(1729)) - Trash Interval set to 0. Files deleted will not move to trash
2021-12-01 05:33:56,386 [Listener at 127.0.0.1/11600] INFO  ozone.MiniOzoneHAClusterImpl (MiniOzoneHAClusterImpl.java:createOMService(503)) - Started OzoneManager omNode-1 RPC server at localhost/127.0.0.1:11600
2021-12-01 05:33:56,406 [org.apache.hadoop.util.JvmPauseMonitor$Monitor@6160714c] INFO  util.JvmPauseMonitor (JvmPauseMonitor.java:run(188)) - Starting JVM pause monitor
2021-12-01 05:33:56,408 [Listener at 127.0.0.1/11600] WARN  impl.MetricRegistriesImpl (MetricRegistriesImpl.java:addReporterRegistration(111)) - New reporters are added after registries were created. Some metrics will be missing from the reporter. Please add reporter before adding any new registry.
2021-12-01 05:33:56,408 [Listener at 127.0.0.1/11600] WARN  impl.MetricRegistriesImpl (MetricRegistriesImpl.java:addReporterRegistration(111)) - New reporters are added after registries were created. Some metrics will be missing from the reporter. Please add reporter before adding any new registry.
2021-12-01 05:33:56,408 [Listener at 127.0.0.1/11600] INFO  impl.MetricsSystemImpl (MetricsSystemImpl.java:init(158)) - HddsDatanode metrics system started (again)
2021-12-01 05:33:56,444 [Listener at 127.0.0.1/11600] INFO  ozone.HddsDatanodeService (HddsDatanodeService.java:start(234)) - HddsDatanodeService host:fv-az297-56.nmf1rxwemy4u5di1sxxf4ejcwb.jx.internal.cloudapp.net ip:10.1.0.22
2021-12-01 05:33:56,471 [Listener at 127.0.0.1/11600] INFO  upgrade.AbstractLayoutVersionManager (AbstractLayoutVersionManager.java:init(79)) - Initializing Layout version manager with metadata layout = SCM_HA (version = 2), software layout = SCM_HA (version = 2)
2021-12-01 05:33:56,583 [Listener at 127.0.0.1/11600] INFO  reflections.Reflections (Reflections.java:scan(232)) - Reflections took 111 ms to scan 7 urls, producing 119 keys and 279 values 
2021-12-01 05:33:56,584 [Listener at 127.0.0.1/11600] INFO  ha.SCMNodeInfo (SCMNodeInfo.java:getPort(197)) - ConfigKey ozone.scm.client.address is deprecated, For configuring different ports for each SCM use PortConfigKey ozone.scm.client.port appended with serviceId and nodeId
2021-12-01 05:33:56,585 [Listener at 127.0.0.1/11600] INFO  ha.SCMNodeInfo (SCMNodeInfo.java:getPort(197)) - ConfigKey ozone.scm.block.client.address is deprecated, For configuring different ports for each SCM use PortConfigKey ozone.scm.block.client.port appended with serviceId and nodeId
2021-12-01 05:33:56,585 [Listener at 127.0.0.1/11600] INFO  ha.SCMNodeInfo (SCMNodeInfo.java:getPort(197)) - ConfigKey ozone.scm.datanode.address is deprecated, For configuring different ports for each SCM use PortConfigKey ozone.scm.datanode.port appended with serviceId and nodeId
2021-12-01 05:33:56,585 [Listener at 127.0.0.1/11600] INFO  ha.SCMNodeInfo (SCMNodeInfo.java:getPort(197)) - ConfigKey ozone.scm.client.address is deprecated, For configuring different ports for each SCM use PortConfigKey ozone.scm.client.port appended with serviceId and nodeId
2021-12-01 05:33:56,585 [Listener at 127.0.0.1/11600] INFO  ha.SCMNodeInfo (SCMNodeInfo.java:getPort(197)) - ConfigKey ozone.scm.block.client.address is deprecated, For configuring different ports for each SCM use PortConfigKey ozone.scm.block.client.port appended with serviceId and nodeId
2021-12-01 05:33:56,585 [Listener at 127.0.0.1/11600] INFO  ha.SCMNodeInfo (SCMNodeInfo.java:getPort(197)) - ConfigKey ozone.scm.datanode.address is deprecated, For configuring different ports for each SCM use PortConfigKey ozone.scm.datanode.port appended with serviceId and nodeId
2021-12-01 05:33:56,585 [Listener at 127.0.0.1/11600] INFO  ha.SCMNodeInfo (SCMNodeInfo.java:getPort(197)) - ConfigKey ozone.scm.client.address is deprecated, For configuring different ports for each SCM use PortConfigKey ozone.scm.client.port appended with serviceId and nodeId
2021-12-01 05:33:56,585 [Listener at 127.0.0.1/11600] INFO  ha.SCMNodeInfo (SCMNodeInfo.java:getPort(197)) - ConfigKey ozone.scm.block.client.address is deprecated, For configuring different ports for each SCM use PortConfigKey ozone.scm.block.client.port appended with serviceId and nodeId
2021-12-01 05:33:56,585 [Listener at 127.0.0.1/11600] INFO  ha.SCMNodeInfo (SCMNodeInfo.java:getPort(197)) - ConfigKey ozone.scm.datanode.address is deprecated, For configuring different ports for each SCM use PortConfigKey ozone.scm.datanode.port appended with serviceId and nodeId
2021-12-01 05:33:56,585 [Listener at 127.0.0.1/11600] INFO  statemachine.DatanodeStateMachine (DatanodeStateMachine.java:getEndPointTaskThreadPoolSize(219)) - Datanode State Machine Task Thread Pool size 4
2021-12-01 05:33:56,594 [Listener at 127.0.0.1/11600] INFO  volume.HddsVolume (HddsVolume.java:<init>(120)) - Creating HddsVolume: /home/runner/work/ozone/ozone/hadoop-ozone/integration-test/target/test-dir/MiniOzoneClusterImpl-18ff7c11-c606-42f1-8c5c-1f8c02111a4f/datanode-0/data-0/containers/hdds of storage type : DISK capacity : 9223372036854775807
2021-12-01 05:33:56,594 [Listener at 127.0.0.1/11600] INFO  volume.MutableVolumeSet (MutableVolumeSet.java:initializeVolumeSet(168)) - Added Volume : /home/runner/work/ozone/ozone/hadoop-ozone/integration-test/target/test-dir/MiniOzoneClusterImpl-18ff7c11-c606-42f1-8c5c-1f8c02111a4f/datanode-0/data-0/containers/hdds to VolumeSet
2021-12-01 05:33:56,594 [Listener at 127.0.0.1/11600] INFO  volume.ThrottledAsyncChecker (ThrottledAsyncChecker.java:schedule(141)) - Scheduling a check for /home/runner/work/ozone/ozone/hadoop-ozone/integration-test/target/test-dir/MiniOzoneClusterImpl-18ff7c11-c606-42f1-8c5c-1f8c02111a4f/datanode-0/data-0/containers/hdds
2021-12-01 05:33:56,595 [Listener at 127.0.0.1/11600] INFO  volume.StorageVolumeChecker (StorageVolumeChecker.java:checkAllVolumes(202)) - Scheduled health check for volume /home/runner/work/ozone/ozone/hadoop-ozone/integration-test/target/test-dir/MiniOzoneClusterImpl-18ff7c11-c606-42f1-8c5c-1f8c02111a4f/datanode-0/data-0/containers/hdds
2021-12-01 05:33:56,607 [Listener at 127.0.0.1/11600] INFO  volume.MutableVolumeSet (MutableVolumeSet.java:initializeVolumeSet(168)) - Added Volume : /home/runner/work/ozone/ozone/hadoop-ozone/integration-test/target/test-dir/MiniOzoneClusterImpl-18ff7c11-c606-42f1-8c5c-1f8c02111a4f/datanode-0/data/ratis to VolumeSet
2021-12-01 05:33:56,607 [Listener at 127.0.0.1/11600] INFO  volume.ThrottledAsyncChecker (ThrottledAsyncChecker.java:schedule(141)) - Scheduling a check for /home/runner/work/ozone/ozone/hadoop-ozone/integration-test/target/test-dir/MiniOzoneClusterImpl-18ff7c11-c606-42f1-8c5c-1f8c02111a4f/datanode-0/data/ratis
2021-12-01 05:33:56,607 [Listener at 127.0.0.1/11600] INFO  volume.StorageVolumeChecker (StorageVolumeChecker.java:checkAllVolumes(202)) - Scheduled health check for volume /home/runner/work/ozone/ozone/hadoop-ozone/integration-test/target/test-dir/MiniOzoneClusterImpl-18ff7c11-c606-42f1-8c5c-1f8c02111a4f/datanode-0/data/ratis
2021-12-01 05:33:56,646 [Thread-1450] INFO  ozoneimpl.ContainerReader (ContainerReader.java:readVolume(172)) - Finish verifying containers on volume /home/runner/work/ozone/ozone/hadoop-ozone/integration-test/target/test-dir/MiniOzoneClusterImpl-18ff7c11-c606-42f1-8c5c-1f8c02111a4f/datanode-0/data-0/containers/hdds
2021-12-01 05:33:56,646 [Listener at 127.0.0.1/11600] INFO  ozoneimpl.OzoneContainer (OzoneContainer.java:buildContainerSet(236)) - Build ContainerSet costs 0s
2021-12-01 05:33:56,648 [Listener at 127.0.0.1/11600] INFO  server.RaftServer (ConfUtils.java:logGet(44)) - raft.rpc.type = GRPC (default)
2021-12-01 05:33:56,648 [Listener at 127.0.0.1/11600] INFO  grpc.GrpcFactory (GrpcFactory.java:checkPooledByteBufAllocatorUseCacheForAllThreads(48)) - PERFORMANCE WARNING: useCacheForAllThreads is true that may cause Netty to create a lot garbage objects and, as a result, trigger GC.
	It is recommended to disable useCacheForAllThreads by setting -Dorg.apache.ratis.thirdparty.io.netty.allocator.useCacheForAllThreads=false in command line.
2021-12-01 05:33:56,648 [Listener at 127.0.0.1/11600] INFO  grpc.GrpcConfigKeys (ConfUtils.java:logGet(44)) - raft.grpc.admin.port = 0 (custom)
2021-12-01 05:33:56,648 [Listener at 127.0.0.1/11600] INFO  grpc.GrpcConfigKeys (ConfUtils.java:logGet(44)) - raft.grpc.client.port = 0 (custom)
2021-12-01 05:33:56,649 [Listener at 127.0.0.1/11600] INFO  grpc.GrpcConfigKeys (ConfUtils.java:logGet(44)) - raft.grpc.server.port = 0 (default)
2021-12-01 05:33:56,649 [Listener at 127.0.0.1/11600] INFO  server.GrpcService (ConfUtils.java:logGet(44)) - raft.grpc.message.size.max = 32MB (=33554432) (custom)
2021-12-01 05:33:56,649 [Listener at 127.0.0.1/11600] INFO  server.RaftServerConfigKeys (ConfUtils.java:logGet(44)) - raft.server.log.appender.buffer.byte-limit = 33554432 (custom)
2021-12-01 05:33:56,649 [Listener at 127.0.0.1/11600] INFO  server.GrpcService (ConfUtils.java:logGet(44)) - raft.grpc.flow.control.window = 5MB (=5242880) (custom)
2021-12-01 05:33:56,649 [Listener at 127.0.0.1/11600] INFO  server.RaftServerConfigKeys (ConfUtils.java:logGet(44)) - raft.server.rpc.request.timeout = 60s (custom)
2021-12-01 05:33:56,650 [Listener at 127.0.0.1/11600] INFO  impl.DataStreamServerImpl (ConfUtils.java:logGet(44)) - raft.datastream.type = DISABLED (default)
2021-12-01 05:33:56,655 [Listener at 127.0.0.1/11600] INFO  server.RaftServerConfigKeys (ConfUtils.java:logGet(44)) - raft.server.rpc.slowness.timeout = 300s (custom)
2021-12-01 05:33:56,655 [Listener at 127.0.0.1/11600] INFO  server.RaftServerConfigKeys (ConfUtils.java:logGet(44)) - raft.server.leaderelection.leader.step-down.wait-time = 10s (default)
2021-12-01 05:33:56,655 [Listener at 127.0.0.1/11600] INFO  server.RaftServerConfigKeys (ConfUtils.java:logGet(44)) - raft.server.storage.dir = [/home/runner/work/ozone/ozone/hadoop-ozone/integration-test/target/test-dir/MiniOzoneClusterImpl-18ff7c11-c606-42f1-8c5c-1f8c02111a4f/datanode-0/data/ratis] (custom)
2021-12-01 05:33:56,661 [Listener at 127.0.0.1/11600] INFO  http.BaseHttpServer (BaseHttpServer.java:newHttpServer2BuilderForOzone(209)) - Starting Web-server for hddsDatanode at: http://0.0.0.0:0
2021-12-01 05:33:56,661 [Listener at 127.0.0.1/11600] INFO  http.BaseHttpServer (BaseHttpServer.java:<init>(107)) - Hadoop Security Enabled: false Ozone Security Enabled: false Ozone HTTP Security Enabled: false 
2021-12-01 05:33:56,670 [Listener at 127.0.0.1/11600] INFO  server.AuthenticationFilter (AuthenticationFilter.java:constructSecretProvider(240)) - Unable to initialize FileSignerSecretProvider, falling back to use random secrets.
2021-12-01 05:33:56,671 [Listener at 127.0.0.1/11600] WARN  http.HttpRequestLog (HttpRequestLog.java:getRequestLog(103)) - Jetty request log can only be enabled using Log4j
2021-12-01 05:33:56,672 [Listener at 127.0.0.1/11600] INFO  http.HttpServer2 (HttpServer2.java:addGlobalFilter(1030)) - Added global filter 'safety' (class=org.apache.hadoop.hdds.server.http.HttpServer2$QuotingInputFilter)
2021-12-01 05:33:56,691 [Listener at 127.0.0.1/11600] INFO  http.HttpServer2 (HttpServer2.java:addFilter(1006)) - Added filter static_user_filter (class=org.apache.hadoop.http.lib.StaticUserWebFilter$StaticUserFilter) to context hddsDatanode
2021-12-01 05:33:56,691 [Listener at 127.0.0.1/11600] INFO  http.HttpServer2 (HttpServer2.java:addFilter(1014)) - Added filter static_user_filter (class=org.apache.hadoop.http.lib.StaticUserWebFilter$StaticUserFilter) to context logs
2021-12-01 05:33:56,691 [Listener at 127.0.0.1/11600] INFO  http.HttpServer2 (HttpServer2.java:addFilter(1014)) - Added filter static_user_filter (class=org.apache.hadoop.http.lib.StaticUserWebFilter$StaticUserFilter) to context static
2021-12-01 05:33:56,692 [Listener at 127.0.0.1/11600] INFO  http.HttpServer2 (HttpServer2.java:bindListener(1249)) - Jetty bound to port 32803
2021-12-01 05:33:56,693 [Listener at 127.0.0.1/11600] INFO  server.Server (Server.java:doStart(375)) - jetty-9.4.43.v20210629; built: 2021-06-30T11:07:22.254Z; git: 526006ecfa3af7f1a27ef3a288e2bef7ea9dd7e8; jvm 1.8.0_292-b10
2021-12-01 05:33:56,701 [Listener at 127.0.0.1/11600] INFO  server.session (DefaultSessionIdManager.java:doStart(334)) - DefaultSessionIdManager workerName=node0
2021-12-01 05:33:56,701 [Listener at 127.0.0.1/11600] INFO  server.session (DefaultSessionIdManager.java:doStart(339)) - No SessionScavenger set, using defaults
2021-12-01 05:33:56,701 [Listener at 127.0.0.1/11600] INFO  server.session (HouseKeeper.java:startScavenging(132)) - node0 Scavenging every 600000ms
2021-12-01 05:33:56,710 [Listener at 127.0.0.1/11600] INFO  handler.ContextHandler (ContextHandler.java:doStart(915)) - Started o.e.j.s.ServletContextHandler@406b6988{logs,/logs,file:///home/runner/work/ozone/ozone/hadoop-ozone/integration-test/target/log,AVAILABLE}
2021-12-01 05:33:56,710 [Listener at 127.0.0.1/11600] INFO  handler.ContextHandler (ContextHandler.java:doStart(915)) - Started o.e.j.s.ServletContextHandler@2228082d{static,/static,jar:file:/home/runner/.m2/repository/org/apache/ozone/hdds-container-service/1.3.0-SNAPSHOT/hdds-container-service-1.3.0-SNAPSHOT.jar!/webapps/static,AVAILABLE}
2021-12-01 05:33:56,790 [Listener at 127.0.0.1/11600] INFO  handler.ContextHandler (ContextHandler.java:doStart(915)) - Started o.e.j.w.WebAppContext@107b30e0{hddsDatanode,/,file:///tmp/jetty-0_0_0_0-32803-hdds-container-service-1_3_0-SNAPSHOT_jar-_-any-6918012992115994861/webapp/,AVAILABLE}{jar:file:/home/runner/.m2/repository/org/apache/ozone/hdds-container-service/1.3.0-SNAPSHOT/hdds-container-service-1.3.0-SNAPSHOT.jar!/webapps/hddsDatanode}
2021-12-01 05:33:56,798 [Listener at 127.0.0.1/11600] INFO  server.AbstractConnector (AbstractConnector.java:doStart(331)) - Started ServerConnector@6e499bc1{HTTP/1.1, (http/1.1)}{0.0.0.0:32803}
2021-12-01 05:33:56,798 [Listener at 127.0.0.1/11600] INFO  server.Server (Server.java:doStart(415)) - Started @89398ms
2021-12-01 05:33:56,798 [Listener at 127.0.0.1/11600] WARN  impl.MetricsSystemImpl (MetricsSystemImpl.java:register(279)) - Sink prometheus already exists!
2021-12-01 05:33:56,799 [Listener at 127.0.0.1/11600] INFO  http.BaseHttpServer (BaseHttpServer.java:updateConnectorAddress(329)) - HTTP server of hddsDatanode listening at http://0.0.0.0:32803
2021-12-01 05:33:56,802 [Listener at 127.0.0.1/11600] WARN  impl.MetricRegistriesImpl (MetricRegistriesImpl.java:addReporterRegistration(111)) - New reporters are added after registries were created. Some metrics will be missing from the reporter. Please add reporter before adding any new registry.
2021-12-01 05:33:56,802 [Listener at 127.0.0.1/11600] WARN  impl.MetricRegistriesImpl (MetricRegistriesImpl.java:addReporterRegistration(111)) - New reporters are added after registries were created. Some metrics will be missing from the reporter. Please add reporter before adding any new registry.
2021-12-01 05:33:56,802 [Listener at 127.0.0.1/11600] INFO  impl.MetricsSystemImpl (MetricsSystemImpl.java:init(158)) - HddsDatanode metrics system started (again)
2021-12-01 05:33:56,810 [Datanode State Machine Daemon Thread] INFO  statemachine.DatanodeStateMachine (DatanodeStateMachine.java:lambda$startDaemon$0(467)) - Ozone container server started.
2021-12-01 05:33:56,825 [Listener at 127.0.0.1/11600] INFO  ozone.HddsDatanodeService (HddsDatanodeService.java:start(234)) - HddsDatanodeService host:fv-az297-56.nmf1rxwemy4u5di1sxxf4ejcwb.jx.internal.cloudapp.net ip:10.1.0.22
2021-12-01 05:33:56,854 [org.apache.hadoop.util.JvmPauseMonitor$Monitor@b0be318] INFO  util.JvmPauseMonitor (JvmPauseMonitor.java:run(188)) - Starting JVM pause monitor
2021-12-01 05:33:56,858 [Datanode State Machine Task Thread - 0] INFO  ha.SCMNodeInfo (SCMNodeInfo.java:getPort(197)) - ConfigKey ozone.scm.client.address is deprecated, For configuring different ports for each SCM use PortConfigKey ozone.scm.client.port appended with serviceId and nodeId
2021-12-01 05:33:56,858 [Datanode State Machine Task Thread - 0] INFO  ha.SCMNodeInfo (SCMNodeInfo.java:getPort(197)) - ConfigKey ozone.scm.block.client.address is deprecated, For configuring different ports for each SCM use PortConfigKey ozone.scm.block.client.port appended with serviceId and nodeId
2021-12-01 05:33:56,858 [Datanode State Machine Task Thread - 0] INFO  ha.SCMNodeInfo (SCMNodeInfo.java:getPort(197)) - ConfigKey ozone.scm.datanode.address is deprecated, For configuring different ports for each SCM use PortConfigKey ozone.scm.datanode.port appended with serviceId and nodeId
2021-12-01 05:33:56,858 [Datanode State Machine Task Thread - 0] INFO  ha.SCMNodeInfo (SCMNodeInfo.java:getPort(197)) - ConfigKey ozone.scm.client.address is deprecated, For configuring different ports for each SCM use PortConfigKey ozone.scm.client.port appended with serviceId and nodeId
2021-12-01 05:33:56,858 [Datanode State Machine Task Thread - 0] INFO  ha.SCMNodeInfo (SCMNodeInfo.java:getPort(197)) - ConfigKey ozone.scm.block.client.address is deprecated, For configuring different ports for each SCM use PortConfigKey ozone.scm.block.client.port appended with serviceId and nodeId
2021-12-01 05:33:56,858 [Datanode State Machine Task Thread - 0] INFO  ha.SCMNodeInfo (SCMNodeInfo.java:getPort(197)) - ConfigKey ozone.scm.datanode.address is deprecated, For configuring different ports for each SCM use PortConfigKey ozone.scm.datanode.port appended with serviceId and nodeId
2021-12-01 05:33:56,858 [Datanode State Machine Task Thread - 0] INFO  ha.SCMNodeInfo (SCMNodeInfo.java:getPort(197)) - ConfigKey ozone.scm.client.address is deprecated, For configuring different ports for each SCM use PortConfigKey ozone.scm.client.port appended with serviceId and nodeId
2021-12-01 05:33:56,858 [Datanode State Machine Task Thread - 0] INFO  ha.SCMNodeInfo (SCMNodeInfo.java:getPort(197)) - ConfigKey ozone.scm.block.client.address is deprecated, For configuring different ports for each SCM use PortConfigKey ozone.scm.block.client.port appended with serviceId and nodeId
2021-12-01 05:33:56,858 [Datanode State Machine Task Thread - 0] INFO  ha.SCMNodeInfo (SCMNodeInfo.java:getPort(197)) - ConfigKey ozone.scm.datanode.address is deprecated, For configuring different ports for each SCM use PortConfigKey ozone.scm.datanode.port appended with serviceId and nodeId
2021-12-01 05:33:56,860 [Datanode State Machine Task Thread - 0] INFO  datanode.InitDatanodeState (InitDatanodeState.java:persistContainerDatanodeDetails(145)) - DatanodeDetails is persisted to /home/runner/work/ozone/ozone/hadoop-ozone/integration-test/target/test-dir/MiniOzoneClusterImpl-18ff7c11-c606-42f1-8c5c-1f8c02111a4f/datanode-0/meta/datanode.id
2021-12-01 05:33:56,874 [Listener at 127.0.0.1/11600] INFO  upgrade.AbstractLayoutVersionManager (AbstractLayoutVersionManager.java:init(79)) - Initializing Layout version manager with metadata layout = SCM_HA (version = 2), software layout = SCM_HA (version = 2)
2021-12-01 05:33:56,970 [Listener at 127.0.0.1/11600] INFO  reflections.Reflections (Reflections.java:scan(232)) - Reflections took 95 ms to scan 7 urls, producing 119 keys and 279 values 
2021-12-01 05:33:56,971 [Listener at 127.0.0.1/11600] INFO  ha.SCMNodeInfo (SCMNodeInfo.java:getPort(197)) - ConfigKey ozone.scm.client.address is deprecated, For configuring different ports for each SCM use PortConfigKey ozone.scm.client.port appended with serviceId and nodeId
2021-12-01 05:33:56,972 [Listener at 127.0.0.1/11600] INFO  ha.SCMNodeInfo (SCMNodeInfo.java:getPort(197)) - ConfigKey ozone.scm.block.client.address is deprecated, For configuring different ports for each SCM use PortConfigKey ozone.scm.block.client.port appended with serviceId and nodeId
2021-12-01 05:33:56,972 [Listener at 127.0.0.1/11600] INFO  ha.SCMNodeInfo (SCMNodeInfo.java:getPort(197)) - ConfigKey ozone.scm.datanode.address is deprecated, For configuring different ports for each SCM use PortConfigKey ozone.scm.datanode.port appended with serviceId and nodeId
2021-12-01 05:33:56,972 [Listener at 127.0.0.1/11600] INFO  ha.SCMNodeInfo (SCMNodeInfo.java:getPort(197)) - ConfigKey ozone.scm.client.address is deprecated, For configuring different ports for each SCM use PortConfigKey ozone.scm.client.port appended with serviceId and nodeId
2021-12-01 05:33:56,972 [Listener at 127.0.0.1/11600] INFO  ha.SCMNodeInfo (SCMNodeInfo.java:getPort(197)) - ConfigKey ozone.scm.block.client.address is deprecated, For configuring different ports for each SCM use PortConfigKey ozone.scm.block.client.port appended with serviceId and nodeId
2021-12-01 05:33:56,972 [Listener at 127.0.0.1/11600] INFO  ha.SCMNodeInfo (SCMNodeInfo.java:getPort(197)) - ConfigKey ozone.scm.datanode.address is deprecated, For configuring different ports for each SCM use PortConfigKey ozone.scm.datanode.port appended with serviceId and nodeId
2021-12-01 05:33:56,972 [Listener at 127.0.0.1/11600] INFO  ha.SCMNodeInfo (SCMNodeInfo.java:getPort(197)) - ConfigKey ozone.scm.client.address is deprecated, For configuring different ports for each SCM use PortConfigKey ozone.scm.client.port appended with serviceId and nodeId
2021-12-01 05:33:56,972 [Listener at 127.0.0.1/11600] INFO  ha.SCMNodeInfo (SCMNodeInfo.java:getPort(197)) - ConfigKey ozone.scm.block.client.address is deprecated, For configuring different ports for each SCM use PortConfigKey ozone.scm.block.client.port appended with serviceId and nodeId
2021-12-01 05:33:56,972 [Listener at 127.0.0.1/11600] INFO  ha.SCMNodeInfo (SCMNodeInfo.java:getPort(197)) - ConfigKey ozone.scm.datanode.address is deprecated, For configuring different ports for each SCM use PortConfigKey ozone.scm.datanode.port appended with serviceId and nodeId
2021-12-01 05:33:56,972 [Listener at 127.0.0.1/11600] INFO  statemachine.DatanodeStateMachine (DatanodeStateMachine.java:getEndPointTaskThreadPoolSize(219)) - Datanode State Machine Task Thread Pool size 4
2021-12-01 05:33:56,982 [Listener at 127.0.0.1/11600] INFO  volume.HddsVolume (HddsVolume.java:<init>(120)) - Creating HddsVolume: /home/runner/work/ozone/ozone/hadoop-ozone/integration-test/target/test-dir/MiniOzoneClusterImpl-18ff7c11-c606-42f1-8c5c-1f8c02111a4f/datanode-1/data-0/containers/hdds of storage type : DISK capacity : 9223372036854775807
2021-12-01 05:33:56,983 [Listener at 127.0.0.1/11600] INFO  volume.MutableVolumeSet (MutableVolumeSet.java:initializeVolumeSet(168)) - Added Volume : /home/runner/work/ozone/ozone/hadoop-ozone/integration-test/target/test-dir/MiniOzoneClusterImpl-18ff7c11-c606-42f1-8c5c-1f8c02111a4f/datanode-1/data-0/containers/hdds to VolumeSet
2021-12-01 05:33:56,983 [Listener at 127.0.0.1/11600] INFO  volume.ThrottledAsyncChecker (ThrottledAsyncChecker.java:schedule(141)) - Scheduling a check for /home/runner/work/ozone/ozone/hadoop-ozone/integration-test/target/test-dir/MiniOzoneClusterImpl-18ff7c11-c606-42f1-8c5c-1f8c02111a4f/datanode-1/data-0/containers/hdds
2021-12-01 05:33:56,984 [Listener at 127.0.0.1/11600] INFO  volume.StorageVolumeChecker (StorageVolumeChecker.java:checkAllVolumes(202)) - Scheduled health check for volume /home/runner/work/ozone/ozone/hadoop-ozone/integration-test/target/test-dir/MiniOzoneClusterImpl-18ff7c11-c606-42f1-8c5c-1f8c02111a4f/datanode-1/data-0/containers/hdds
2021-12-01 05:33:56,999 [Listener at 127.0.0.1/11600] INFO  volume.MutableVolumeSet (MutableVolumeSet.java:initializeVolumeSet(168)) - Added Volume : /home/runner/work/ozone/ozone/hadoop-ozone/integration-test/target/test-dir/MiniOzoneClusterImpl-18ff7c11-c606-42f1-8c5c-1f8c02111a4f/datanode-1/data/ratis to VolumeSet
2021-12-01 05:33:57,000 [Listener at 127.0.0.1/11600] INFO  volume.ThrottledAsyncChecker (ThrottledAsyncChecker.java:schedule(141)) - Scheduling a check for /home/runner/work/ozone/ozone/hadoop-ozone/integration-test/target/test-dir/MiniOzoneClusterImpl-18ff7c11-c606-42f1-8c5c-1f8c02111a4f/datanode-1/data/ratis
2021-12-01 05:33:57,013 [Listener at 127.0.0.1/11600] INFO  volume.StorageVolumeChecker (StorageVolumeChecker.java:checkAllVolumes(202)) - Scheduled health check for volume /home/runner/work/ozone/ozone/hadoop-ozone/integration-test/target/test-dir/MiniOzoneClusterImpl-18ff7c11-c606-42f1-8c5c-1f8c02111a4f/datanode-1/data/ratis
2021-12-01 05:33:57,050 [Thread-1462] INFO  ozoneimpl.ContainerReader (ContainerReader.java:readVolume(172)) - Finish verifying containers on volume /home/runner/work/ozone/ozone/hadoop-ozone/integration-test/target/test-dir/MiniOzoneClusterImpl-18ff7c11-c606-42f1-8c5c-1f8c02111a4f/datanode-1/data-0/containers/hdds
2021-12-01 05:33:57,050 [Listener at 127.0.0.1/11600] INFO  ozoneimpl.OzoneContainer (OzoneContainer.java:buildContainerSet(236)) - Build ContainerSet costs 0s
2021-12-01 05:33:57,052 [Listener at 127.0.0.1/11600] INFO  server.RaftServer (ConfUtils.java:logGet(44)) - raft.rpc.type = GRPC (default)
2021-12-01 05:33:57,052 [Listener at 127.0.0.1/11600] INFO  grpc.GrpcFactory (GrpcFactory.java:checkPooledByteBufAllocatorUseCacheForAllThreads(48)) - PERFORMANCE WARNING: useCacheForAllThreads is true that may cause Netty to create a lot garbage objects and, as a result, trigger GC.
	It is recommended to disable useCacheForAllThreads by setting -Dorg.apache.ratis.thirdparty.io.netty.allocator.useCacheForAllThreads=false in command line.
2021-12-01 05:33:57,052 [Listener at 127.0.0.1/11600] INFO  grpc.GrpcConfigKeys (ConfUtils.java:logGet(44)) - raft.grpc.admin.port = 0 (custom)
2021-12-01 05:33:57,052 [Listener at 127.0.0.1/11600] INFO  grpc.GrpcConfigKeys (ConfUtils.java:logGet(44)) - raft.grpc.client.port = 0 (custom)
2021-12-01 05:33:57,052 [Listener at 127.0.0.1/11600] INFO  grpc.GrpcConfigKeys (ConfUtils.java:logGet(44)) - raft.grpc.server.port = 0 (default)
2021-12-01 05:33:57,053 [Listener at 127.0.0.1/11600] INFO  server.GrpcService (ConfUtils.java:logGet(44)) - raft.grpc.message.size.max = 32MB (=33554432) (custom)
2021-12-01 05:33:57,053 [Listener at 127.0.0.1/11600] INFO  server.RaftServerConfigKeys (ConfUtils.java:logGet(44)) - raft.server.log.appender.buffer.byte-limit = 33554432 (custom)
2021-12-01 05:33:57,053 [Listener at 127.0.0.1/11600] INFO  server.GrpcService (ConfUtils.java:logGet(44)) - raft.grpc.flow.control.window = 5MB (=5242880) (custom)
2021-12-01 05:33:57,053 [Listener at 127.0.0.1/11600] INFO  server.RaftServerConfigKeys (ConfUtils.java:logGet(44)) - raft.server.rpc.request.timeout = 60s (custom)
2021-12-01 05:33:57,055 [Listener at 127.0.0.1/11600] INFO  impl.DataStreamServerImpl (ConfUtils.java:logGet(44)) - raft.datastream.type = DISABLED (default)
2021-12-01 05:33:57,055 [Listener at 127.0.0.1/11600] INFO  server.RaftServerConfigKeys (ConfUtils.java:logGet(44)) - raft.server.rpc.slowness.timeout = 300s (custom)
2021-12-01 05:33:57,055 [Listener at 127.0.0.1/11600] INFO  server.RaftServerConfigKeys (ConfUtils.java:logGet(44)) - raft.server.leaderelection.leader.step-down.wait-time = 10s (default)
2021-12-01 05:33:57,055 [Listener at 127.0.0.1/11600] INFO  server.RaftServerConfigKeys (ConfUtils.java:logGet(44)) - raft.server.storage.dir = [/home/runner/work/ozone/ozone/hadoop-ozone/integration-test/target/test-dir/MiniOzoneClusterImpl-18ff7c11-c606-42f1-8c5c-1f8c02111a4f/datanode-1/data/ratis] (custom)
2021-12-01 05:33:57,058 [Listener at 127.0.0.1/11600] INFO  http.BaseHttpServer (BaseHttpServer.java:newHttpServer2BuilderForOzone(209)) - Starting Web-server for hddsDatanode at: http://0.0.0.0:0
2021-12-01 05:33:57,058 [Listener at 127.0.0.1/11600] INFO  http.BaseHttpServer (BaseHttpServer.java:<init>(107)) - Hadoop Security Enabled: false Ozone Security Enabled: false Ozone HTTP Security Enabled: false 
2021-12-01 05:33:57,059 [Listener at 127.0.0.1/11600] INFO  server.AuthenticationFilter (AuthenticationFilter.java:constructSecretProvider(240)) - Unable to initialize FileSignerSecretProvider, falling back to use random secrets.
2021-12-01 05:33:57,059 [Listener at 127.0.0.1/11600] WARN  http.HttpRequestLog (HttpRequestLog.java:getRequestLog(103)) - Jetty request log can only be enabled using Log4j
2021-12-01 05:33:57,060 [Listener at 127.0.0.1/11600] INFO  http.HttpServer2 (HttpServer2.java:addGlobalFilter(1030)) - Added global filter 'safety' (class=org.apache.hadoop.hdds.server.http.HttpServer2$QuotingInputFilter)
2021-12-01 05:33:57,061 [Listener at 127.0.0.1/11600] INFO  http.HttpServer2 (HttpServer2.java:addFilter(1006)) - Added filter static_user_filter (class=org.apache.hadoop.http.lib.StaticUserWebFilter$StaticUserFilter) to context hddsDatanode
2021-12-01 05:33:57,061 [Listener at 127.0.0.1/11600] INFO  http.HttpServer2 (HttpServer2.java:addFilter(1014)) - Added filter static_user_filter (class=org.apache.hadoop.http.lib.StaticUserWebFilter$StaticUserFilter) to context static
2021-12-01 05:33:57,061 [Listener at 127.0.0.1/11600] INFO  http.HttpServer2 (HttpServer2.java:addFilter(1014)) - Added filter static_user_filter (class=org.apache.hadoop.http.lib.StaticUserWebFilter$StaticUserFilter) to context logs
2021-12-01 05:33:57,061 [Listener at 127.0.0.1/11600] INFO  http.HttpServer2 (HttpServer2.java:bindListener(1249)) - Jetty bound to port 45189
2021-12-01 05:33:57,062 [Listener at 127.0.0.1/11600] INFO  server.Server (Server.java:doStart(375)) - jetty-9.4.43.v20210629; built: 2021-06-30T11:07:22.254Z; git: 526006ecfa3af7f1a27ef3a288e2bef7ea9dd7e8; jvm 1.8.0_292-b10
2021-12-01 05:33:57,063 [Listener at 127.0.0.1/11600] INFO  server.session (DefaultSessionIdManager.java:doStart(334)) - DefaultSessionIdManager workerName=node0
2021-12-01 05:33:57,063 [Listener at 127.0.0.1/11600] INFO  server.session (DefaultSessionIdManager.java:doStart(339)) - No SessionScavenger set, using defaults
2021-12-01 05:33:57,063 [Listener at 127.0.0.1/11600] INFO  server.session (HouseKeeper.java:startScavenging(132)) - node0 Scavenging every 600000ms
2021-12-01 05:33:57,070 [Listener at 127.0.0.1/11600] INFO  handler.ContextHandler (ContextHandler.java:doStart(915)) - Started o.e.j.s.ServletContextHandler@287213ac{logs,/logs,file:///home/runner/work/ozone/ozone/hadoop-ozone/integration-test/target/log,AVAILABLE}
2021-12-01 05:33:57,070 [Listener at 127.0.0.1/11600] INFO  handler.ContextHandler (ContextHandler.java:doStart(915)) - Started o.e.j.s.ServletContextHandler@6915ba65{static,/static,jar:file:/home/runner/.m2/repository/org/apache/ozone/hdds-container-service/1.3.0-SNAPSHOT/hdds-container-service-1.3.0-SNAPSHOT.jar!/webapps/static,AVAILABLE}
2021-12-01 05:33:57,095 [EndpointStateMachine task thread for /127.0.0.1:14539 - 0 ] INFO  ipc.Client (Client.java:handleConnectionFailure(977)) - Retrying connect to server: localhost/127.0.0.1:14539. Already tried 4 time(s); retry policy is RetryUpToMaximumCountWithFixedSleep(maxRetries=15, sleepTime=1000 MILLISECONDS)
2021-12-01 05:33:57,095 [EndpointStateMachine task thread for /127.0.0.1:14549 - 0 ] INFO  ipc.Client (Client.java:handleConnectionFailure(977)) - Retrying connect to server: localhost/127.0.0.1:14549. Already tried 4 time(s); retry policy is RetryUpToMaximumCountWithFixedSleep(maxRetries=15, sleepTime=1000 MILLISECONDS)
2021-12-01 05:33:57,096 [EndpointStateMachine task thread for /127.0.0.1:14529 - 0 ] INFO  ipc.Client (Client.java:handleConnectionFailure(977)) - Retrying connect to server: localhost/127.0.0.1:14529. Already tried 4 time(s); retry policy is RetryUpToMaximumCountWithFixedSleep(maxRetries=15, sleepTime=1000 MILLISECONDS)
2021-12-01 05:33:57,159 [Listener at 127.0.0.1/11600] INFO  handler.ContextHandler (ContextHandler.java:doStart(915)) - Started o.e.j.w.WebAppContext@464cbc59{hddsDatanode,/,file:///tmp/jetty-0_0_0_0-45189-hdds-container-service-1_3_0-SNAPSHOT_jar-_-any-2198279177528879625/webapp/,AVAILABLE}{jar:file:/home/runner/.m2/repository/org/apache/ozone/hdds-container-service/1.3.0-SNAPSHOT/hdds-container-service-1.3.0-SNAPSHOT.jar!/webapps/hddsDatanode}
2021-12-01 05:33:57,161 [Listener at 127.0.0.1/11600] INFO  server.AbstractConnector (AbstractConnector.java:doStart(331)) - Started ServerConnector@2455c95c{HTTP/1.1, (http/1.1)}{0.0.0.0:45189}
2021-12-01 05:33:57,161 [Listener at 127.0.0.1/11600] INFO  server.Server (Server.java:doStart(415)) - Started @89761ms
2021-12-01 05:33:57,161 [Listener at 127.0.0.1/11600] WARN  impl.MetricsSystemImpl (MetricsSystemImpl.java:register(279)) - Sink prometheus already exists!
2021-12-01 05:33:57,162 [Listener at 127.0.0.1/11600] INFO  http.BaseHttpServer (BaseHttpServer.java:updateConnectorAddress(329)) - HTTP server of hddsDatanode listening at http://0.0.0.0:45189
2021-12-01 05:33:57,162 [Listener at 127.0.0.1/11600] WARN  impl.MetricRegistriesImpl (MetricRegistriesImpl.java:addReporterRegistration(111)) - New reporters are added after registries were created. Some metrics will be missing from the reporter. Please add reporter before adding any new registry.
2021-12-01 05:33:57,162 [Listener at 127.0.0.1/11600] WARN  impl.MetricRegistriesImpl (MetricRegistriesImpl.java:addReporterRegistration(111)) - New reporters are added after registries were created. Some metrics will be missing from the reporter. Please add reporter before adding any new registry.
2021-12-01 05:33:57,162 [Listener at 127.0.0.1/11600] INFO  impl.MetricsSystemImpl (MetricsSystemImpl.java:init(158)) - HddsDatanode metrics system started (again)
2021-12-01 05:33:57,182 [Datanode State Machine Daemon Thread] INFO  statemachine.DatanodeStateMachine (DatanodeStateMachine.java:lambda$startDaemon$0(467)) - Ozone container server started.
2021-12-01 05:33:57,193 [Listener at 127.0.0.1/11600] INFO  ozone.HddsDatanodeService (HddsDatanodeService.java:start(234)) - HddsDatanodeService host:fv-az297-56.nmf1rxwemy4u5di1sxxf4ejcwb.jx.internal.cloudapp.net ip:10.1.0.22
2021-12-01 05:33:57,210 [org.apache.hadoop.util.JvmPauseMonitor$Monitor@d9962f9] INFO  util.JvmPauseMonitor (JvmPauseMonitor.java:run(188)) - Starting JVM pause monitor
2021-12-01 05:33:57,210 [Datanode State Machine Task Thread - 0] INFO  ha.SCMNodeInfo (SCMNodeInfo.java:getPort(197)) - ConfigKey ozone.scm.client.address is deprecated, For configuring different ports for each SCM use PortConfigKey ozone.scm.client.port appended with serviceId and nodeId
2021-12-01 05:33:57,210 [Datanode State Machine Task Thread - 0] INFO  ha.SCMNodeInfo (SCMNodeInfo.java:getPort(197)) - ConfigKey ozone.scm.block.client.address is deprecated, For configuring different ports for each SCM use PortConfigKey ozone.scm.block.client.port appended with serviceId and nodeId
2021-12-01 05:33:57,210 [Datanode State Machine Task Thread - 0] INFO  ha.SCMNodeInfo (SCMNodeInfo.java:getPort(197)) - ConfigKey ozone.scm.datanode.address is deprecated, For configuring different ports for each SCM use PortConfigKey ozone.scm.datanode.port appended with serviceId and nodeId
2021-12-01 05:33:57,210 [Datanode State Machine Task Thread - 0] INFO  ha.SCMNodeInfo (SCMNodeInfo.java:getPort(197)) - ConfigKey ozone.scm.client.address is deprecated, For configuring different ports for each SCM use PortConfigKey ozone.scm.client.port appended with serviceId and nodeId
2021-12-01 05:33:57,210 [Datanode State Machine Task Thread - 0] INFO  ha.SCMNodeInfo (SCMNodeInfo.java:getPort(197)) - ConfigKey ozone.scm.block.client.address is deprecated, For configuring different ports for each SCM use PortConfigKey ozone.scm.block.client.port appended with serviceId and nodeId
2021-12-01 05:33:57,210 [Datanode State Machine Task Thread - 0] INFO  ha.SCMNodeInfo (SCMNodeInfo.java:getPort(197)) - ConfigKey ozone.scm.datanode.address is deprecated, For configuring different ports for each SCM use PortConfigKey ozone.scm.datanode.port appended with serviceId and nodeId
2021-12-01 05:33:57,210 [Datanode State Machine Task Thread - 0] INFO  ha.SCMNodeInfo (SCMNodeInfo.java:getPort(197)) - ConfigKey ozone.scm.client.address is deprecated, For configuring different ports for each SCM use PortConfigKey ozone.scm.client.port appended with serviceId and nodeId
2021-12-01 05:33:57,210 [Datanode State Machine Task Thread - 0] INFO  ha.SCMNodeInfo (SCMNodeInfo.java:getPort(197)) - ConfigKey ozone.scm.block.client.address is deprecated, For configuring different ports for each SCM use PortConfigKey ozone.scm.block.client.port appended with serviceId and nodeId
2021-12-01 05:33:57,210 [Datanode State Machine Task Thread - 0] INFO  ha.SCMNodeInfo (SCMNodeInfo.java:getPort(197)) - ConfigKey ozone.scm.datanode.address is deprecated, For configuring different ports for each SCM use PortConfigKey ozone.scm.datanode.port appended with serviceId and nodeId
2021-12-01 05:33:57,212 [Datanode State Machine Task Thread - 0] INFO  datanode.InitDatanodeState (InitDatanodeState.java:persistContainerDatanodeDetails(145)) - DatanodeDetails is persisted to /home/runner/work/ozone/ozone/hadoop-ozone/integration-test/target/test-dir/MiniOzoneClusterImpl-18ff7c11-c606-42f1-8c5c-1f8c02111a4f/datanode-1/meta/datanode.id
2021-12-01 05:33:57,232 [Listener at 127.0.0.1/11600] INFO  upgrade.AbstractLayoutVersionManager (AbstractLayoutVersionManager.java:init(79)) - Initializing Layout version manager with metadata layout = SCM_HA (version = 2), software layout = SCM_HA (version = 2)
2021-12-01 05:33:57,282 [Listener at 127.0.0.1/11600] INFO  reflections.Reflections (Reflections.java:scan(232)) - Reflections took 49 ms to scan 7 urls, producing 119 keys and 279 values 
2021-12-01 05:33:57,283 [Listener at 127.0.0.1/11600] INFO  ha.SCMNodeInfo (SCMNodeInfo.java:getPort(197)) - ConfigKey ozone.scm.client.address is deprecated, For configuring different ports for each SCM use PortConfigKey ozone.scm.client.port appended with serviceId and nodeId
2021-12-01 05:33:57,283 [Listener at 127.0.0.1/11600] INFO  ha.SCMNodeInfo (SCMNodeInfo.java:getPort(197)) - ConfigKey ozone.scm.block.client.address is deprecated, For configuring different ports for each SCM use PortConfigKey ozone.scm.block.client.port appended with serviceId and nodeId
2021-12-01 05:33:57,284 [Listener at 127.0.0.1/11600] INFO  ha.SCMNodeInfo (SCMNodeInfo.java:getPort(197)) - ConfigKey ozone.scm.datanode.address is deprecated, For configuring different ports for each SCM use PortConfigKey ozone.scm.datanode.port appended with serviceId and nodeId
2021-12-01 05:33:57,284 [Listener at 127.0.0.1/11600] INFO  ha.SCMNodeInfo (SCMNodeInfo.java:getPort(197)) - ConfigKey ozone.scm.client.address is deprecated, For configuring different ports for each SCM use PortConfigKey ozone.scm.client.port appended with serviceId and nodeId
2021-12-01 05:33:57,284 [Listener at 127.0.0.1/11600] INFO  ha.SCMNodeInfo (SCMNodeInfo.java:getPort(197)) - ConfigKey ozone.scm.block.client.address is deprecated, For configuring different ports for each SCM use PortConfigKey ozone.scm.block.client.port appended with serviceId and nodeId
2021-12-01 05:33:57,284 [Listener at 127.0.0.1/11600] INFO  ha.SCMNodeInfo (SCMNodeInfo.java:getPort(197)) - ConfigKey ozone.scm.datanode.address is deprecated, For configuring different ports for each SCM use PortConfigKey ozone.scm.datanode.port appended with serviceId and nodeId
2021-12-01 05:33:57,284 [Listener at 127.0.0.1/11600] INFO  ha.SCMNodeInfo (SCMNodeInfo.java:getPort(197)) - ConfigKey ozone.scm.client.address is deprecated, For configuring different ports for each SCM use PortConfigKey ozone.scm.client.port appended with serviceId and nodeId
2021-12-01 05:33:57,284 [Listener at 127.0.0.1/11600] INFO  ha.SCMNodeInfo (SCMNodeInfo.java:getPort(197)) - ConfigKey ozone.scm.block.client.address is deprecated, For configuring different ports for each SCM use PortConfigKey ozone.scm.block.client.port appended with serviceId and nodeId
2021-12-01 05:33:57,284 [Listener at 127.0.0.1/11600] INFO  ha.SCMNodeInfo (SCMNodeInfo.java:getPort(197)) - ConfigKey ozone.scm.datanode.address is deprecated, For configuring different ports for each SCM use PortConfigKey ozone.scm.datanode.port appended with serviceId and nodeId
2021-12-01 05:33:57,284 [Listener at 127.0.0.1/11600] INFO  statemachine.DatanodeStateMachine (DatanodeStateMachine.java:getEndPointTaskThreadPoolSize(219)) - Datanode State Machine Task Thread Pool size 4
2021-12-01 05:33:57,288 [Listener at 127.0.0.1/11600] INFO  volume.HddsVolume (HddsVolume.java:<init>(120)) - Creating HddsVolume: /home/runner/work/ozone/ozone/hadoop-ozone/integration-test/target/test-dir/MiniOzoneClusterImpl-18ff7c11-c606-42f1-8c5c-1f8c02111a4f/datanode-2/data-0/containers/hdds of storage type : DISK capacity : 9223372036854775807
2021-12-01 05:33:57,290 [Listener at 127.0.0.1/11600] INFO  volume.MutableVolumeSet (MutableVolumeSet.java:initializeVolumeSet(168)) - Added Volume : /home/runner/work/ozone/ozone/hadoop-ozone/integration-test/target/test-dir/MiniOzoneClusterImpl-18ff7c11-c606-42f1-8c5c-1f8c02111a4f/datanode-2/data-0/containers/hdds to VolumeSet
2021-12-01 05:33:57,290 [Listener at 127.0.0.1/11600] INFO  volume.ThrottledAsyncChecker (ThrottledAsyncChecker.java:schedule(141)) - Scheduling a check for /home/runner/work/ozone/ozone/hadoop-ozone/integration-test/target/test-dir/MiniOzoneClusterImpl-18ff7c11-c606-42f1-8c5c-1f8c02111a4f/datanode-2/data-0/containers/hdds
2021-12-01 05:33:57,306 [Listener at 127.0.0.1/11600] INFO  volume.StorageVolumeChecker (StorageVolumeChecker.java:checkAllVolumes(202)) - Scheduled health check for volume /home/runner/work/ozone/ozone/hadoop-ozone/integration-test/target/test-dir/MiniOzoneClusterImpl-18ff7c11-c606-42f1-8c5c-1f8c02111a4f/datanode-2/data-0/containers/hdds
2021-12-01 05:33:57,330 [Listener at 127.0.0.1/11600] INFO  volume.MutableVolumeSet (MutableVolumeSet.java:initializeVolumeSet(168)) - Added Volume : /home/runner/work/ozone/ozone/hadoop-ozone/integration-test/target/test-dir/MiniOzoneClusterImpl-18ff7c11-c606-42f1-8c5c-1f8c02111a4f/datanode-2/data/ratis to VolumeSet
2021-12-01 05:33:57,337 [Listener at 127.0.0.1/11600] INFO  volume.ThrottledAsyncChecker (ThrottledAsyncChecker.java:schedule(141)) - Scheduling a check for /home/runner/work/ozone/ozone/hadoop-ozone/integration-test/target/test-dir/MiniOzoneClusterImpl-18ff7c11-c606-42f1-8c5c-1f8c02111a4f/datanode-2/data/ratis
2021-12-01 05:33:57,337 [Listener at 127.0.0.1/11600] INFO  volume.StorageVolumeChecker (StorageVolumeChecker.java:checkAllVolumes(202)) - Scheduled health check for volume /home/runner/work/ozone/ozone/hadoop-ozone/integration-test/target/test-dir/MiniOzoneClusterImpl-18ff7c11-c606-42f1-8c5c-1f8c02111a4f/datanode-2/data/ratis
2021-12-01 05:33:57,382 [Thread-1474] INFO  ozoneimpl.ContainerReader (ContainerReader.java:readVolume(172)) - Finish verifying containers on volume /home/runner/work/ozone/ozone/hadoop-ozone/integration-test/target/test-dir/MiniOzoneClusterImpl-18ff7c11-c606-42f1-8c5c-1f8c02111a4f/datanode-2/data-0/containers/hdds
2021-12-01 05:33:57,382 [Listener at 127.0.0.1/11600] INFO  ozoneimpl.OzoneContainer (OzoneContainer.java:buildContainerSet(236)) - Build ContainerSet costs 0s
2021-12-01 05:33:57,387 [Listener at 127.0.0.1/11600] INFO  server.RaftServer (ConfUtils.java:logGet(44)) - raft.rpc.type = GRPC (default)
2021-12-01 05:33:57,387 [Listener at 127.0.0.1/11600] INFO  grpc.GrpcFactory (GrpcFactory.java:checkPooledByteBufAllocatorUseCacheForAllThreads(48)) - PERFORMANCE WARNING: useCacheForAllThreads is true that may cause Netty to create a lot garbage objects and, as a result, trigger GC.
	It is recommended to disable useCacheForAllThreads by setting -Dorg.apache.ratis.thirdparty.io.netty.allocator.useCacheForAllThreads=false in command line.
2021-12-01 05:33:57,387 [Listener at 127.0.0.1/11600] INFO  grpc.GrpcConfigKeys (ConfUtils.java:logGet(44)) - raft.grpc.admin.port = 0 (custom)
2021-12-01 05:33:57,387 [Listener at 127.0.0.1/11600] INFO  grpc.GrpcConfigKeys (ConfUtils.java:logGet(44)) - raft.grpc.client.port = 0 (custom)
2021-12-01 05:33:57,387 [Listener at 127.0.0.1/11600] INFO  grpc.GrpcConfigKeys (ConfUtils.java:logGet(44)) - raft.grpc.server.port = 0 (default)
2021-12-01 05:33:57,388 [Listener at 127.0.0.1/11600] INFO  server.GrpcService (ConfUtils.java:logGet(44)) - raft.grpc.message.size.max = 32MB (=33554432) (custom)
2021-12-01 05:33:57,388 [Listener at 127.0.0.1/11600] INFO  server.RaftServerConfigKeys (ConfUtils.java:logGet(44)) - raft.server.log.appender.buffer.byte-limit = 33554432 (custom)
2021-12-01 05:33:57,388 [Listener at 127.0.0.1/11600] INFO  server.GrpcService (ConfUtils.java:logGet(44)) - raft.grpc.flow.control.window = 5MB (=5242880) (custom)
2021-12-01 05:33:57,388 [Listener at 127.0.0.1/11600] INFO  server.RaftServerConfigKeys (ConfUtils.java:logGet(44)) - raft.server.rpc.request.timeout = 60s (custom)
2021-12-01 05:33:57,389 [Listener at 127.0.0.1/11600] INFO  impl.DataStreamServerImpl (ConfUtils.java:logGet(44)) - raft.datastream.type = DISABLED (default)
2021-12-01 05:33:57,389 [Listener at 127.0.0.1/11600] INFO  server.RaftServerConfigKeys (ConfUtils.java:logGet(44)) - raft.server.rpc.slowness.timeout = 300s (custom)
2021-12-01 05:33:57,390 [Listener at 127.0.0.1/11600] INFO  server.RaftServerConfigKeys (ConfUtils.java:logGet(44)) - raft.server.leaderelection.leader.step-down.wait-time = 10s (default)
2021-12-01 05:33:57,390 [Listener at 127.0.0.1/11600] INFO  server.RaftServerConfigKeys (ConfUtils.java:logGet(44)) - raft.server.storage.dir = [/home/runner/work/ozone/ozone/hadoop-ozone/integration-test/target/test-dir/MiniOzoneClusterImpl-18ff7c11-c606-42f1-8c5c-1f8c02111a4f/datanode-2/data/ratis] (custom)
2021-12-01 05:33:57,398 [Listener at 127.0.0.1/11600] INFO  http.BaseHttpServer (BaseHttpServer.java:newHttpServer2BuilderForOzone(209)) - Starting Web-server for hddsDatanode at: http://0.0.0.0:0
2021-12-01 05:33:57,398 [Listener at 127.0.0.1/11600] INFO  http.BaseHttpServer (BaseHttpServer.java:<init>(107)) - Hadoop Security Enabled: false Ozone Security Enabled: false Ozone HTTP Security Enabled: false 
2021-12-01 05:33:57,399 [Listener at 127.0.0.1/11600] INFO  server.AuthenticationFilter (AuthenticationFilter.java:constructSecretProvider(240)) - Unable to initialize FileSignerSecretProvider, falling back to use random secrets.
2021-12-01 05:33:57,406 [Listener at 127.0.0.1/11600] WARN  http.HttpRequestLog (HttpRequestLog.java:getRequestLog(103)) - Jetty request log can only be enabled using Log4j
2021-12-01 05:33:57,406 [Listener at 127.0.0.1/11600] INFO  http.HttpServer2 (HttpServer2.java:addGlobalFilter(1030)) - Added global filter 'safety' (class=org.apache.hadoop.hdds.server.http.HttpServer2$QuotingInputFilter)
2021-12-01 05:33:57,407 [Listener at 127.0.0.1/11600] INFO  http.HttpServer2 (HttpServer2.java:addFilter(1006)) - Added filter static_user_filter (class=org.apache.hadoop.http.lib.StaticUserWebFilter$StaticUserFilter) to context hddsDatanode
2021-12-01 05:33:57,407 [Listener at 127.0.0.1/11600] INFO  http.HttpServer2 (HttpServer2.java:addFilter(1014)) - Added filter static_user_filter (class=org.apache.hadoop.http.lib.StaticUserWebFilter$StaticUserFilter) to context logs
2021-12-01 05:33:57,407 [Listener at 127.0.0.1/11600] INFO  http.HttpServer2 (HttpServer2.java:addFilter(1014)) - Added filter static_user_filter (class=org.apache.hadoop.http.lib.StaticUserWebFilter$StaticUserFilter) to context static
2021-12-01 05:33:57,408 [Listener at 127.0.0.1/11600] INFO  http.HttpServer2 (HttpServer2.java:bindListener(1249)) - Jetty bound to port 46395
2021-12-01 05:33:57,408 [Listener at 127.0.0.1/11600] INFO  server.Server (Server.java:doStart(375)) - jetty-9.4.43.v20210629; built: 2021-06-30T11:07:22.254Z; git: 526006ecfa3af7f1a27ef3a288e2bef7ea9dd7e8; jvm 1.8.0_292-b10
2021-12-01 05:33:57,460 [omNode-1@group-523986131536-FollowerState] INFO  impl.FollowerState (FollowerState.java:run(134)) - omNode-1@group-523986131536-FollowerState: change to CANDIDATE, lastRpcElapsedTime:1185111957ns, electionTimeout:1179ms
2021-12-01 05:33:57,460 [omNode-1@group-523986131536-FollowerState] INFO  impl.RoleInfo (RoleInfo.java:shutdownFollowerState(108)) - omNode-1: shutdown omNode-1@group-523986131536-FollowerState
2021-12-01 05:33:57,460 [omNode-1@group-523986131536-FollowerState] INFO  server.RaftServer$Division (RaftServerImpl.java:setRole(290)) - omNode-1@group-523986131536: changes role from  FOLLOWER to CANDIDATE at term 0 for changeToCandidate
2021-12-01 05:33:57,460 [omNode-1@group-523986131536-FollowerState] INFO  server.RaftServerConfigKeys (ConfUtils.java:logGet(44)) - raft.server.leaderelection.pre-vote = false (custom)
2021-12-01 05:33:57,460 [omNode-1@group-523986131536-FollowerState] INFO  impl.RoleInfo (RoleInfo.java:updateAndGet(130)) - omNode-1: start omNode-1@group-523986131536-LeaderElection18
2021-12-01 05:33:57,489 [Listener at 127.0.0.1/11600] INFO  server.session (DefaultSessionIdManager.java:doStart(334)) - DefaultSessionIdManager workerName=node0
2021-12-01 05:33:57,490 [Listener at 127.0.0.1/11600] INFO  server.session (DefaultSessionIdManager.java:doStart(339)) - No SessionScavenger set, using defaults
2021-12-01 05:33:57,490 [Listener at 127.0.0.1/11600] INFO  server.session (HouseKeeper.java:startScavenging(132)) - node0 Scavenging every 660000ms
2021-12-01 05:33:57,499 [Listener at 127.0.0.1/11600] INFO  handler.ContextHandler (ContextHandler.java:doStart(915)) - Started o.e.j.s.ServletContextHandler@38c2bbd3{logs,/logs,file:///home/runner/work/ozone/ozone/hadoop-ozone/integration-test/target/log,AVAILABLE}
2021-12-01 05:33:57,499 [Listener at 127.0.0.1/11600] INFO  handler.ContextHandler (ContextHandler.java:doStart(915)) - Started o.e.j.s.ServletContextHandler@59db8e7e{static,/static,jar:file:/home/runner/.m2/repository/org/apache/ozone/hdds-container-service/1.3.0-SNAPSHOT/hdds-container-service-1.3.0-SNAPSHOT.jar!/webapps/static,AVAILABLE}
2021-12-01 05:33:57,506 [omNode-1@group-523986131536-LeaderElection18] INFO  impl.LeaderElection (LeaderElection.java:askForVotes(306)) - omNode-1@group-523986131536-LeaderElection18 ELECTION round 0: submit vote requests at term 1 for -1: [omNode-1|rpc:localhost:11604|priority:0], old=null
2021-12-01 05:33:57,506 [omNode-1@group-523986131536-LeaderElection18] INFO  impl.LeaderElection (LeaderElection.java:askForVotes(308)) - omNode-1@group-523986131536-LeaderElection18 ELECTION round 0: result PASSED (term=1)
2021-12-01 05:33:57,506 [omNode-1@group-523986131536-LeaderElection18] INFO  impl.RoleInfo (RoleInfo.java:shutdownLeaderElection(121)) - omNode-1: shutdown omNode-1@group-523986131536-LeaderElection18
2021-12-01 05:33:57,506 [omNode-1@group-523986131536-LeaderElection18] INFO  server.RaftServer$Division (RaftServerImpl.java:setRole(290)) - omNode-1@group-523986131536: changes role from CANDIDATE to LEADER at term 1 for changeToLeader
2021-12-01 05:33:57,506 [omNode-1@group-523986131536-LeaderElection18] INFO  server.RaftServer$Division (ServerState.java:setLeader(285)) - omNode-1@group-523986131536: change Leader from null to omNode-1 at term 1 for becomeLeader, leader elected after 1307ms
2021-12-01 05:33:57,506 [omNode-1@group-523986131536-LeaderElection18] INFO  server.RaftServerConfigKeys (ConfUtils.java:logGet(44)) - raft.server.staging.catchup.gap = 1000 (default)
2021-12-01 05:33:57,506 [omNode-1@group-523986131536-LeaderElection18] INFO  server.RaftServerConfigKeys (ConfUtils.java:logGet(44)) - raft.server.write.element-limit = 4096 (default)
2021-12-01 05:33:57,506 [omNode-1@group-523986131536-LeaderElection18] INFO  server.RaftServerConfigKeys (ConfUtils.java:logGet(44)) - raft.server.write.byte-limit = 64MB (=67108864) (default)
2021-12-01 05:33:57,507 [omNode-1@group-523986131536-LeaderElection18] INFO  server.RaftServerConfigKeys (ConfUtils.java:logGet(44)) - raft.server.watch.timeout = 10s (default)
2021-12-01 05:33:57,507 [omNode-1@group-523986131536-LeaderElection18] INFO  server.RaftServerConfigKeys (ConfUtils.java:logGet(44)) - raft.server.watch.timeout.denomination = 1s (default)
2021-12-01 05:33:57,507 [omNode-1@group-523986131536-LeaderElection18] INFO  server.RaftServerConfigKeys (ConfUtils.java:logGet(44)) - raft.server.watch.element-limit = 65536 (default)
2021-12-01 05:33:57,507 [omNode-1@group-523986131536-LeaderElection18] INFO  server.RaftServerConfigKeys (ConfUtils.java:logGet(44)) - raft.server.write.element-limit = 4096 (default)
2021-12-01 05:33:57,507 [omNode-1@group-523986131536-LeaderElection18] INFO  server.RaftServerConfigKeys (ConfUtils.java:logGet(44)) - raft.server.write.follower.gap.ratio.max = -1.0 (default)
2021-12-01 05:33:57,507 [omNode-1@group-523986131536-LeaderElection18] INFO  impl.RoleInfo (RoleInfo.java:updateAndGet(130)) - omNode-1: start omNode-1@group-523986131536-LeaderStateImpl
2021-12-01 05:33:57,507 [omNode-1@group-523986131536-LeaderElection18] INFO  segmented.SegmentedRaftLogWorker (SegmentedRaftLogWorker.java:startLogSegment(394)) - omNode-1@group-523986131536-SegmentedRaftLogWorker: Starting segment from index:0
2021-12-01 05:33:57,514 [omNode-1@group-523986131536-SegmentedRaftLogWorker] INFO  segmented.SegmentedRaftLogWorker (SegmentedRaftLogWorker.java:execute(601)) - omNode-1@group-523986131536-SegmentedRaftLogWorker: created new log segment /home/runner/work/ozone/ozone/hadoop-ozone/integration-test/target/test-dir/MiniOzoneClusterImpl-18ff7c11-c606-42f1-8c5c-1f8c02111a4f/omNode-1/ratis/c9bc4cf4-3bc3-3c60-a66b-523986131536/current/log_inprogress_0
2021-12-01 05:33:57,528 [omNode-1@group-523986131536-LeaderElection18] INFO  server.RaftServer$Division (ServerState.java:setRaftConf(387)) - omNode-1@group-523986131536: set configuration 0: [omNode-1|rpc:localhost:11604|admin:|client:|dataStream:|priority:0], old=null
2021-12-01 05:33:57,534 [omNode-1@group-523986131536-StateMachineUpdater] INFO  ratis.OzoneManagerStateMachine (OzoneManagerStateMachine.java:notifyConfigurationChanged(188)) - Received Configuration change notification from Ratis. New Peer list:
[id: "omNode-1"
address: "localhost:11604"
]
2021-12-01 05:33:57,607 [Listener at 127.0.0.1/11600] INFO  handler.ContextHandler (ContextHandler.java:doStart(915)) - Started o.e.j.w.WebAppContext@eae8dd{hddsDatanode,/,file:///tmp/jetty-0_0_0_0-46395-hdds-container-service-1_3_0-SNAPSHOT_jar-_-any-2227076787730928839/webapp/,AVAILABLE}{jar:file:/home/runner/.m2/repository/org/apache/ozone/hdds-container-service/1.3.0-SNAPSHOT/hdds-container-service-1.3.0-SNAPSHOT.jar!/webapps/hddsDatanode}
2021-12-01 05:33:57,626 [Listener at 127.0.0.1/11600] INFO  server.AbstractConnector (AbstractConnector.java:doStart(331)) - Started ServerConnector@1520485a{HTTP/1.1, (http/1.1)}{0.0.0.0:46395}
2021-12-01 05:33:57,626 [Listener at 127.0.0.1/11600] INFO  server.Server (Server.java:doStart(415)) - Started @90226ms
2021-12-01 05:33:57,626 [Listener at 127.0.0.1/11600] WARN  impl.MetricsSystemImpl (MetricsSystemImpl.java:register(279)) - Sink prometheus already exists!
2021-12-01 05:33:57,627 [Listener at 127.0.0.1/11600] INFO  http.BaseHttpServer (BaseHttpServer.java:updateConnectorAddress(329)) - HTTP server of hddsDatanode listening at http://0.0.0.0:46395
2021-12-01 05:33:57,630 [Listener at 127.0.0.1/11600] INFO  ozone.MiniOzoneClusterImpl (MiniOzoneClusterImpl.java:lambda$waitForClusterToBeReady$0(235)) - Waiting for nodes to be ready. Got 0 of 3 DN Heartbeats.
2021-12-01 05:33:57,630 [Listener at 127.0.0.1/11600] INFO  ozone.MiniOzoneClusterImpl (MiniOzoneClusterImpl.java:lambda$waitForClusterToBeReady$0(238)) - Waiting for cluster to exit safe mode
2021-12-01 05:33:57,630 [Listener at 127.0.0.1/11600] INFO  ozone.MiniOzoneClusterImpl (MiniOzoneClusterImpl.java:lambda$waitForClusterToBeReady$0(240)) - SCM became leader
2021-12-01 05:33:57,630 [Datanode State Machine Daemon Thread] INFO  statemachine.DatanodeStateMachine (DatanodeStateMachine.java:lambda$startDaemon$0(467)) - Ozone container server started.
2021-12-01 05:33:57,697 [org.apache.hadoop.util.JvmPauseMonitor$Monitor@1204aa7c] INFO  util.JvmPauseMonitor (JvmPauseMonitor.java:run(188)) - Starting JVM pause monitor
2021-12-01 05:33:57,721 [Datanode State Machine Task Thread - 0] INFO  ha.SCMNodeInfo (SCMNodeInfo.java:getPort(197)) - ConfigKey ozone.scm.client.address is deprecated, For configuring different ports for each SCM use PortConfigKey ozone.scm.client.port appended with serviceId and nodeId
2021-12-01 05:33:57,721 [Datanode State Machine Task Thread - 0] INFO  ha.SCMNodeInfo (SCMNodeInfo.java:getPort(197)) - ConfigKey ozone.scm.block.client.address is deprecated, For configuring different ports for each SCM use PortConfigKey ozone.scm.block.client.port appended with serviceId and nodeId
2021-12-01 05:33:57,721 [Datanode State Machine Task Thread - 0] INFO  ha.SCMNodeInfo (SCMNodeInfo.java:getPort(197)) - ConfigKey ozone.scm.datanode.address is deprecated, For configuring different ports for each SCM use PortConfigKey ozone.scm.datanode.port appended with serviceId and nodeId
2021-12-01 05:33:57,721 [Datanode State Machine Task Thread - 0] INFO  ha.SCMNodeInfo (SCMNodeInfo.java:getPort(197)) - ConfigKey ozone.scm.client.address is deprecated, For configuring different ports for each SCM use PortConfigKey ozone.scm.client.port appended with serviceId and nodeId
2021-12-01 05:33:57,721 [Datanode State Machine Task Thread - 0] INFO  ha.SCMNodeInfo (SCMNodeInfo.java:getPort(197)) - ConfigKey ozone.scm.block.client.address is deprecated, For configuring different ports for each SCM use PortConfigKey ozone.scm.block.client.port appended with serviceId and nodeId
2021-12-01 05:33:57,721 [Datanode State Machine Task Thread - 0] INFO  ha.SCMNodeInfo (SCMNodeInfo.java:getPort(197)) - ConfigKey ozone.scm.datanode.address is deprecated, For configuring different ports for each SCM use PortConfigKey ozone.scm.datanode.port appended with serviceId and nodeId
2021-12-01 05:33:57,721 [Datanode State Machine Task Thread - 0] INFO  ha.SCMNodeInfo (SCMNodeInfo.java:getPort(197)) - ConfigKey ozone.scm.client.address is deprecated, For configuring different ports for each SCM use PortConfigKey ozone.scm.client.port appended with serviceId and nodeId
2021-12-01 05:33:57,721 [Datanode State Machine Task Thread - 0] INFO  ha.SCMNodeInfo (SCMNodeInfo.java:getPort(197)) - ConfigKey ozone.scm.block.client.address is deprecated, For configuring different ports for each SCM use PortConfigKey ozone.scm.block.client.port appended with serviceId and nodeId
2021-12-01 05:33:57,721 [Datanode State Machine Task Thread - 0] INFO  ha.SCMNodeInfo (SCMNodeInfo.java:getPort(197)) - ConfigKey ozone.scm.datanode.address is deprecated, For configuring different ports for each SCM use PortConfigKey ozone.scm.datanode.port appended with serviceId and nodeId
2021-12-01 05:33:57,726 [Datanode State Machine Task Thread - 0] INFO  datanode.InitDatanodeState (InitDatanodeState.java:persistContainerDatanodeDetails(145)) - DatanodeDetails is persisted to /home/runner/work/ozone/ozone/hadoop-ozone/integration-test/target/test-dir/MiniOzoneClusterImpl-18ff7c11-c606-42f1-8c5c-1f8c02111a4f/datanode-2/meta/datanode.id
2021-12-01 05:33:58,096 [EndpointStateMachine task thread for /127.0.0.1:14539 - 0 ] INFO  ipc.Client (Client.java:handleConnectionFailure(977)) - Retrying connect to server: localhost/127.0.0.1:14539. Already tried 5 time(s); retry policy is RetryUpToMaximumCountWithFixedSleep(maxRetries=15, sleepTime=1000 MILLISECONDS)
2021-12-01 05:33:58,096 [EndpointStateMachine task thread for /127.0.0.1:14549 - 0 ] INFO  ipc.Client (Client.java:handleConnectionFailure(977)) - Retrying connect to server: localhost/127.0.0.1:14549. Already tried 5 time(s); retry policy is RetryUpToMaximumCountWithFixedSleep(maxRetries=15, sleepTime=1000 MILLISECONDS)
2021-12-01 05:33:58,097 [EndpointStateMachine task thread for /127.0.0.1:14529 - 0 ] INFO  ipc.Client (Client.java:handleConnectionFailure(977)) - Retrying connect to server: localhost/127.0.0.1:14529. Already tried 5 time(s); retry policy is RetryUpToMaximumCountWithFixedSleep(maxRetries=15, sleepTime=1000 MILLISECONDS)
2021-12-01 05:33:58,630 [Listener at 127.0.0.1/11600] INFO  ozone.MiniOzoneClusterImpl (MiniOzoneClusterImpl.java:lambda$waitForClusterToBeReady$0(235)) - Waiting for nodes to be ready. Got 0 of 3 DN Heartbeats.
2021-12-01 05:33:58,631 [Listener at 127.0.0.1/11600] INFO  ozone.MiniOzoneClusterImpl (MiniOzoneClusterImpl.java:lambda$waitForClusterToBeReady$0(238)) - Waiting for cluster to exit safe mode
2021-12-01 05:33:58,631 [Listener at 127.0.0.1/11600] INFO  ozone.MiniOzoneClusterImpl (MiniOzoneClusterImpl.java:lambda$waitForClusterToBeReady$0(240)) - SCM became leader
2021-12-01 05:33:58,887 [EndpointStateMachine task thread for /127.0.0.1:14729 - 0 ] INFO  ozoneimpl.OzoneContainer (OzoneContainer.java:start(304)) - Attempting to start container services.
2021-12-01 05:33:58,887 [EndpointStateMachine task thread for /127.0.0.1:14729 - 0 ] INFO  ozoneimpl.OzoneContainer (OzoneContainer.java:startContainerScrub(249)) - Background container scanner has been disabled.
2021-12-01 05:33:58,888 [EndpointStateMachine task thread for /127.0.0.1:14729 - 0 ] INFO  replication.ReplicationServer (ReplicationServer.java:start(107)) - ReplicationServer is started using port 35513
2021-12-01 05:33:58,898 [EndpointStateMachine task thread for /127.0.0.1:14729 - 0 ] INFO  ratis.XceiverServerRatis (XceiverServerRatis.java:start(484)) - Starting XceiverServerRatis 71abcc26-9029-4fbf-a56a-b89502f0dfdb
2021-12-01 05:33:58,899 [EndpointStateMachine task thread for /127.0.0.1:14729 - 0 ] INFO  server.RaftServer (RaftServerProxy.java:lambda$start$5(374)) - 71abcc26-9029-4fbf-a56a-b89502f0dfdb: start RPC server
2021-12-01 05:33:58,905 [EndpointStateMachine task thread for /127.0.0.1:14729 - 0 ] INFO  server.GrpcService (GrpcService.java:startImpl(253)) - 71abcc26-9029-4fbf-a56a-b89502f0dfdb: GrpcService started, listening on 40523
2021-12-01 05:33:58,907 [EndpointStateMachine task thread for /127.0.0.1:14729 - 0 ] INFO  ratis.XceiverServerRatis (XceiverServerRatis.java:getRealPort(505)) - XceiverServerRatis 71abcc26-9029-4fbf-a56a-b89502f0dfdb is started using port 40523 for RATIS
2021-12-01 05:33:58,907 [EndpointStateMachine task thread for /127.0.0.1:14729 - 0 ] INFO  ratis.XceiverServerRatis (XceiverServerRatis.java:getRealPort(505)) - XceiverServerRatis 71abcc26-9029-4fbf-a56a-b89502f0dfdb is started using port 40523 for RATIS_ADMIN
2021-12-01 05:33:58,907 [EndpointStateMachine task thread for /127.0.0.1:14729 - 0 ] INFO  ratis.XceiverServerRatis (XceiverServerRatis.java:getRealPort(505)) - XceiverServerRatis 71abcc26-9029-4fbf-a56a-b89502f0dfdb is started using port 40523 for RATIS_SERVER
2021-12-01 05:33:58,907 [EndpointStateMachine task thread for /127.0.0.1:14729 - 0 ] INFO  server.XceiverServerGrpc (XceiverServerGrpc.java:start(135)) - XceiverServerGrpc 71abcc26-9029-4fbf-a56a-b89502f0dfdb is started using port 43455
2021-12-01 05:33:58,910 [EndpointStateMachine task thread for /127.0.0.1:14739 - 0 ] INFO  ozoneimpl.OzoneContainer (OzoneContainer.java:start(300)) - Ignore. OzoneContainer already started.
2021-12-01 05:33:58,915 [org.apache.ratis.util.JvmPauseMonitor$$Lambda$499/989520513@325f96db] INFO  util.JvmPauseMonitor (JvmPauseMonitor.java:run(103)) - JvmPauseMonitor-71abcc26-9029-4fbf-a56a-b89502f0dfdb: Started
2021-12-01 05:33:59,096 [EndpointStateMachine task thread for /127.0.0.1:14539 - 0 ] INFO  ipc.Client (Client.java:handleConnectionFailure(977)) - Retrying connect to server: localhost/127.0.0.1:14539. Already tried 6 time(s); retry policy is RetryUpToMaximumCountWithFixedSleep(maxRetries=15, sleepTime=1000 MILLISECONDS)
2021-12-01 05:33:59,097 [EndpointStateMachine task thread for /127.0.0.1:14549 - 0 ] INFO  ipc.Client (Client.java:handleConnectionFailure(977)) - Retrying connect to server: localhost/127.0.0.1:14549. Already tried 6 time(s); retry policy is RetryUpToMaximumCountWithFixedSleep(maxRetries=15, sleepTime=1000 MILLISECONDS)
2021-12-01 05:33:59,098 [EndpointStateMachine task thread for /127.0.0.1:14529 - 0 ] INFO  ipc.Client (Client.java:handleConnectionFailure(977)) - Retrying connect to server: localhost/127.0.0.1:14529. Already tried 6 time(s); retry policy is RetryUpToMaximumCountWithFixedSleep(maxRetries=15, sleepTime=1000 MILLISECONDS)
2021-12-01 05:33:59,249 [EndpointStateMachine task thread for /127.0.0.1:14739 - 0 ] INFO  ozoneimpl.OzoneContainer (OzoneContainer.java:start(304)) - Attempting to start container services.
2021-12-01 05:33:59,250 [EndpointStateMachine task thread for /127.0.0.1:14739 - 0 ] INFO  ozoneimpl.OzoneContainer (OzoneContainer.java:startContainerScrub(249)) - Background container scanner has been disabled.
2021-12-01 05:33:59,251 [EndpointStateMachine task thread for /127.0.0.1:14739 - 0 ] INFO  replication.ReplicationServer (ReplicationServer.java:start(107)) - ReplicationServer is started using port 40617
2021-12-01 05:33:59,255 [EndpointStateMachine task thread for /127.0.0.1:14739 - 0 ] INFO  ratis.XceiverServerRatis (XceiverServerRatis.java:start(484)) - Starting XceiverServerRatis da0cd28a-5297-4f90-8c80-70339634350f
2021-12-01 05:33:59,256 [EndpointStateMachine task thread for /127.0.0.1:14739 - 0 ] INFO  server.RaftServer (RaftServerProxy.java:lambda$start$5(374)) - da0cd28a-5297-4f90-8c80-70339634350f: start RPC server
2021-12-01 05:33:59,260 [EndpointStateMachine task thread for /127.0.0.1:14739 - 0 ] INFO  server.GrpcService (GrpcService.java:startImpl(253)) - da0cd28a-5297-4f90-8c80-70339634350f: GrpcService started, listening on 45281
2021-12-01 05:33:59,261 [EndpointStateMachine task thread for /127.0.0.1:14739 - 0 ] INFO  ratis.XceiverServerRatis (XceiverServerRatis.java:getRealPort(505)) - XceiverServerRatis da0cd28a-5297-4f90-8c80-70339634350f is started using port 45281 for RATIS
2021-12-01 05:33:59,261 [EndpointStateMachine task thread for /127.0.0.1:14739 - 0 ] INFO  ratis.XceiverServerRatis (XceiverServerRatis.java:getRealPort(505)) - XceiverServerRatis da0cd28a-5297-4f90-8c80-70339634350f is started using port 45281 for RATIS_ADMIN
2021-12-01 05:33:59,261 [EndpointStateMachine task thread for /127.0.0.1:14739 - 0 ] INFO  ratis.XceiverServerRatis (XceiverServerRatis.java:getRealPort(505)) - XceiverServerRatis da0cd28a-5297-4f90-8c80-70339634350f is started using port 45281 for RATIS_SERVER
2021-12-01 05:33:59,262 [EndpointStateMachine task thread for /127.0.0.1:14739 - 0 ] INFO  server.XceiverServerGrpc (XceiverServerGrpc.java:start(135)) - XceiverServerGrpc da0cd28a-5297-4f90-8c80-70339634350f is started using port 38799
2021-12-01 05:33:59,270 [EndpointStateMachine task thread for /127.0.0.1:14729 - 0 ] INFO  ozoneimpl.OzoneContainer (OzoneContainer.java:start(300)) - Ignore. OzoneContainer already started.
2021-12-01 05:33:59,270 [org.apache.ratis.util.JvmPauseMonitor$$Lambda$499/989520513@677de0cd] INFO  util.JvmPauseMonitor (JvmPauseMonitor.java:run(103)) - JvmPauseMonitor-da0cd28a-5297-4f90-8c80-70339634350f: Started
2021-12-01 05:33:59,631 [Listener at 127.0.0.1/11600] INFO  ozone.MiniOzoneClusterImpl (MiniOzoneClusterImpl.java:lambda$waitForClusterToBeReady$0(235)) - Waiting for nodes to be ready. Got 0 of 3 DN Heartbeats.
2021-12-01 05:33:59,631 [Listener at 127.0.0.1/11600] INFO  ozone.MiniOzoneClusterImpl (MiniOzoneClusterImpl.java:lambda$waitForClusterToBeReady$0(238)) - Waiting for cluster to exit safe mode
2021-12-01 05:33:59,631 [Listener at 127.0.0.1/11600] INFO  ozone.MiniOzoneClusterImpl (MiniOzoneClusterImpl.java:lambda$waitForClusterToBeReady$0(240)) - SCM became leader
2021-12-01 05:33:59,740 [EndpointStateMachine task thread for /127.0.0.1:14739 - 0 ] INFO  ozoneimpl.OzoneContainer (OzoneContainer.java:start(304)) - Attempting to start container services.
2021-12-01 05:33:59,740 [EndpointStateMachine task thread for /127.0.0.1:14739 - 0 ] INFO  ozoneimpl.OzoneContainer (OzoneContainer.java:startContainerScrub(249)) - Background container scanner has been disabled.
2021-12-01 05:33:59,748 [EndpointStateMachine task thread for /127.0.0.1:14739 - 0 ] INFO  replication.ReplicationServer (ReplicationServer.java:start(107)) - ReplicationServer is started using port 45889
2021-12-01 05:33:59,748 [EndpointStateMachine task thread for /127.0.0.1:14739 - 0 ] INFO  ratis.XceiverServerRatis (XceiverServerRatis.java:start(484)) - Starting XceiverServerRatis 50760388-b69f-4e6a-8619-7c3b28224d8a
2021-12-01 05:33:59,749 [EndpointStateMachine task thread for /127.0.0.1:14739 - 0 ] INFO  server.RaftServer (RaftServerProxy.java:lambda$start$5(374)) - 50760388-b69f-4e6a-8619-7c3b28224d8a: start RPC server
2021-12-01 05:33:59,753 [EndpointStateMachine task thread for /127.0.0.1:14739 - 0 ] INFO  server.GrpcService (GrpcService.java:startImpl(253)) - 50760388-b69f-4e6a-8619-7c3b28224d8a: GrpcService started, listening on 41785
2021-12-01 05:33:59,759 [EndpointStateMachine task thread for /127.0.0.1:14739 - 0 ] INFO  ratis.XceiverServerRatis (XceiverServerRatis.java:getRealPort(505)) - XceiverServerRatis 50760388-b69f-4e6a-8619-7c3b28224d8a is started using port 41785 for RATIS
2021-12-01 05:33:59,759 [EndpointStateMachine task thread for /127.0.0.1:14739 - 0 ] INFO  ratis.XceiverServerRatis (XceiverServerRatis.java:getRealPort(505)) - XceiverServerRatis 50760388-b69f-4e6a-8619-7c3b28224d8a is started using port 41785 for RATIS_ADMIN
2021-12-01 05:33:59,759 [EndpointStateMachine task thread for /127.0.0.1:14739 - 0 ] INFO  ratis.XceiverServerRatis (XceiverServerRatis.java:getRealPort(505)) - XceiverServerRatis 50760388-b69f-4e6a-8619-7c3b28224d8a is started using port 41785 for RATIS_SERVER
2021-12-01 05:33:59,759 [EndpointStateMachine task thread for /127.0.0.1:14739 - 0 ] INFO  server.XceiverServerGrpc (XceiverServerGrpc.java:start(135)) - XceiverServerGrpc 50760388-b69f-4e6a-8619-7c3b28224d8a is started using port 42967
2021-12-01 05:33:59,760 [org.apache.ratis.util.JvmPauseMonitor$$Lambda$499/989520513@67dd1392] INFO  util.JvmPauseMonitor (JvmPauseMonitor.java:run(103)) - JvmPauseMonitor-50760388-b69f-4e6a-8619-7c3b28224d8a: Started
2021-12-01 05:33:59,768 [EndpointStateMachine task thread for /127.0.0.1:14729 - 0 ] INFO  ozoneimpl.OzoneContainer (OzoneContainer.java:start(300)) - Ignore. OzoneContainer already started.
2021-12-01 05:34:00,097 [EndpointStateMachine task thread for /127.0.0.1:14539 - 0 ] INFO  ipc.Client (Client.java:handleConnectionFailure(977)) - Retrying connect to server: localhost/127.0.0.1:14539. Already tried 7 time(s); retry policy is RetryUpToMaximumCountWithFixedSleep(maxRetries=15, sleepTime=1000 MILLISECONDS)
2021-12-01 05:34:00,097 [EndpointStateMachine task thread for /127.0.0.1:14549 - 0 ] INFO  ipc.Client (Client.java:handleConnectionFailure(977)) - Retrying connect to server: localhost/127.0.0.1:14549. Already tried 7 time(s); retry policy is RetryUpToMaximumCountWithFixedSleep(maxRetries=15, sleepTime=1000 MILLISECONDS)
2021-12-01 05:34:00,098 [EndpointStateMachine task thread for /127.0.0.1:14529 - 0 ] INFO  ipc.Client (Client.java:handleConnectionFailure(977)) - Retrying connect to server: localhost/127.0.0.1:14529. Already tried 7 time(s); retry policy is RetryUpToMaximumCountWithFixedSleep(maxRetries=15, sleepTime=1000 MILLISECONDS)
2021-12-01 05:34:00,631 [Listener at 127.0.0.1/11600] INFO  ozone.MiniOzoneClusterImpl (MiniOzoneClusterImpl.java:lambda$waitForClusterToBeReady$0(235)) - Waiting for nodes to be ready. Got 0 of 3 DN Heartbeats.
2021-12-01 05:34:00,632 [Listener at 127.0.0.1/11600] INFO  ozone.MiniOzoneClusterImpl (MiniOzoneClusterImpl.java:lambda$waitForClusterToBeReady$0(238)) - Waiting for cluster to exit safe mode
2021-12-01 05:34:00,632 [Listener at 127.0.0.1/11600] INFO  ozone.MiniOzoneClusterImpl (MiniOzoneClusterImpl.java:lambda$waitForClusterToBeReady$0(240)) - SCM became leader
2021-12-01 05:34:00,868 [IPC Server handler 2 on default port 14729] INFO  net.NetworkTopologyImpl (NetworkTopologyImpl.java:add(112)) - Added a new node: /default-rack/71abcc26-9029-4fbf-a56a-b89502f0dfdb
2021-12-01 05:34:00,868 [IPC Server handler 2 on default port 14729] INFO  node.SCMNodeManager (SCMNodeManager.java:register(389)) - Registered Data node : 71abcc26-9029-4fbf-a56a-b89502f0dfdb{ip: 127.0.0.1, host: localhost, ports: [REPLICATION=35513, RATIS=40523, RATIS_ADMIN=40523, RATIS_SERVER=40523, STANDALONE=43455], networkLocation: /default-rack, certSerialId: null, persistedOpState: null, persistedOpStateExpiryEpochSec: 0}
2021-12-01 05:34:00,870 [IPC Server handler 2 on default port 14739] INFO  net.NetworkTopologyImpl (NetworkTopologyImpl.java:add(112)) - Added a new node: /default-rack/71abcc26-9029-4fbf-a56a-b89502f0dfdb
2021-12-01 05:34:00,870 [IPC Server handler 2 on default port 14739] INFO  node.SCMNodeManager (SCMNodeManager.java:register(389)) - Registered Data node : 71abcc26-9029-4fbf-a56a-b89502f0dfdb{ip: 127.0.0.1, host: localhost, ports: [REPLICATION=35513, RATIS=40523, RATIS_ADMIN=40523, RATIS_SERVER=40523, STANDALONE=43455], networkLocation: /default-rack, certSerialId: null, persistedOpState: null, persistedOpStateExpiryEpochSec: 0}
2021-12-01 05:34:00,880 [EventQueue-NewNodeForNewNodeHandler] INFO  pipeline.BackgroundPipelineCreator (BackgroundPipelineCreator.java:notifyEventTriggered(285)) - trigger a one-shot run on RatisPipelineUtilsThread.
2021-12-01 05:34:00,882 [EventQueue-NodeRegistrationContainerReportForDataNodeSafeModeRule] INFO  safemode.SCMSafeModeManager (DataNodeSafeModeRule.java:process(71)) - SCM in safe mode. 1 DataNodes registered, 3 required.
2021-12-01 05:34:00,888 [EventQueue-NodeRegistrationContainerReportForDataNodeSafeModeRule] INFO  safemode.SCMSafeModeManager (DataNodeSafeModeRule.java:process(71)) - SCM in safe mode. 1 DataNodes registered, 3 required.
2021-12-01 05:34:00,889 [EventQueue-NodeRegistrationContainerReportForContainerSafeModeRule] INFO  safemode.SCMSafeModeManager (SCMSafeModeManager.java:validateSafeModeExitRules(204)) - ContainerSafeModeRule rule is successfully validated
2021-12-01 05:34:00,891 [EventQueue-NewNodeForNewNodeHandler] INFO  pipeline.BackgroundPipelineCreator (BackgroundPipelineCreator.java:notifyEventTriggered(279)) - ignore, not leader SCM.
2021-12-01 05:34:00,891 [EventQueue-NodeRegistrationContainerReportForContainerSafeModeRule] INFO  safemode.SCMSafeModeManager (SCMSafeModeManager.java:validateSafeModeExitRules(204)) - ContainerSafeModeRule rule is successfully validated
2021-12-01 05:34:00,889 [RatisPipelineUtilsThread - 0] INFO  pipeline.RatisPipelineProvider (RatisPipelineProvider.java:lambda$create$0(183)) - Sending CreatePipelineCommand for pipeline:PipelineID=ab998a5f-fa81-442a-b2ba-024ef705d3d1 to datanode:71abcc26-9029-4fbf-a56a-b89502f0dfdb
2021-12-01 05:34:00,902 [EventQueue-PipelineReportForOneReplicaPipelineSafeModeRule] INFO  safemode.SCMSafeModeManager (SCMSafeModeManager.java:validateSafeModeExitRules(204)) - AtleastOneDatanodeReportedRule rule is successfully validated
2021-12-01 05:34:00,902 [EventQueue-PipelineReportForOneReplicaPipelineSafeModeRule] INFO  safemode.SCMSafeModeManager (SCMSafeModeManager.java:validateSafeModeExitRules(204)) - AtleastOneDatanodeReportedRule rule is successfully validated
2021-12-01 05:34:00,951 [3049a9d5-7c8a-485e-b9b8-96288700cc55@group-1F8C02111A4F-StateMachineUpdater] INFO  pipeline.PipelineStateManagerImpl (PipelineStateManagerImpl.java:addPipeline(101)) - Created pipeline Pipeline[ Id: ab998a5f-fa81-442a-b2ba-024ef705d3d1, Nodes: 71abcc26-9029-4fbf-a56a-b89502f0dfdb{ip: 127.0.0.1, host: localhost, ports: [REPLICATION=35513, RATIS=40523, RATIS_ADMIN=40523, RATIS_SERVER=40523, STANDALONE=43455], networkLocation: /default-rack, certSerialId: null, persistedOpState: IN_SERVICE, persistedOpStateExpiryEpochSec: 0}, ReplicationConfig: RATIS/ONE, State:ALLOCATED, leaderId:, CreationTimestamp2021-12-01T05:34:00.889Z[Etc/UTC]].
2021-12-01 05:34:00,951 [3049a9d5-7c8a-485e-b9b8-96288700cc55@group-1F8C02111A4F-StateMachineUpdater] INFO  safemode.HealthyPipelineSafeModeRule (HealthyPipelineSafeModeRule.java:initializeRule(152)) - Refreshed total pipeline count is 0, healthy pipeline threshold count is 1
2021-12-01 05:34:00,954 [RatisPipelineUtilsThread - 0] INFO  ha.SCMHAInvocationHandler (SCMHAInvocationHandler.java:invokeRatis(113)) - Invoking method public abstract void org.apache.hadoop.hdds.scm.pipeline.PipelineStateManager.addPipeline(org.apache.hadoop.hdds.protocol.proto.HddsProtos$Pipeline) throws java.io.IOException on target org.apache.hadoop.hdds.scm.ha.SCMRatisServerImpl@e04aa9b, cost 50953.342us
2021-12-01 05:34:00,958 [d9fd8670-dda0-4698-9e6d-057ae1a4980a@group-1F8C02111A4F-StateMachineUpdater] INFO  pipeline.PipelineStateManagerImpl (PipelineStateManagerImpl.java:addPipeline(101)) - Created pipeline Pipeline[ Id: ab998a5f-fa81-442a-b2ba-024ef705d3d1, Nodes: 71abcc26-9029-4fbf-a56a-b89502f0dfdb{ip: 127.0.0.1, host: localhost, ports: [REPLICATION=35513, RATIS=40523, RATIS_ADMIN=40523, RATIS_SERVER=40523, STANDALONE=43455], networkLocation: /default-rack, certSerialId: null, persistedOpState: IN_SERVICE, persistedOpStateExpiryEpochSec: 0}, ReplicationConfig: RATIS/ONE, State:ALLOCATED, leaderId:, CreationTimestamp2021-12-01T05:34:00.889Z[Etc/UTC]].
2021-12-01 05:34:00,958 [d9fd8670-dda0-4698-9e6d-057ae1a4980a@group-1F8C02111A4F-StateMachineUpdater] INFO  safemode.HealthyPipelineSafeModeRule (HealthyPipelineSafeModeRule.java:initializeRule(152)) - Refreshed total pipeline count is 0, healthy pipeline threshold count is 1
2021-12-01 05:34:00,959 [d9fd8670-dda0-4698-9e6d-057ae1a4980a@group-1F8C02111A4F-StateMachineUpdater] INFO  ha.SCMStateMachine (SCMStateMachine.java:takeSnapshot(297)) - Current Snapshot Index 7, takeSnapshot took 0 ms
2021-12-01 05:34:00,959 [d9fd8670-dda0-4698-9e6d-057ae1a4980a@group-1F8C02111A4F-StateMachineUpdater] INFO  impl.StateMachineUpdater (StateMachineUpdater.java:takeSnapshot(281)) - d9fd8670-dda0-4698-9e6d-057ae1a4980a@group-1F8C02111A4F-StateMachineUpdater: Took a snapshot at index 7
2021-12-01 05:34:00,959 [d9fd8670-dda0-4698-9e6d-057ae1a4980a@group-1F8C02111A4F-StateMachineUpdater] INFO  impl.StateMachineUpdater (StateMachineUpdater.java:lambda$new$0(89)) - d9fd8670-dda0-4698-9e6d-057ae1a4980a@group-1F8C02111A4F-StateMachineUpdater: snapshotIndex: updateIncreasingly 2 -> 7
2021-12-01 05:34:00,959 [d9fd8670-dda0-4698-9e6d-057ae1a4980a@group-1F8C02111A4F-StateMachineUpdater] INFO  raftlog.RaftLog (RaftLogBase.java:purge(306)) - d9fd8670-dda0-4698-9e6d-057ae1a4980a@group-1F8C02111A4F-SegmentedRaftLog: purge 7
2021-12-01 05:34:00,959 [d9fd8670-dda0-4698-9e6d-057ae1a4980a@group-1F8C02111A4F-StateMachineUpdater] INFO  raftlog.RaftLog (RaftLogBase.java:lambda$new$0(53)) - d9fd8670-dda0-4698-9e6d-057ae1a4980a@group-1F8C02111A4F-SegmentedRaftLog: snapshotIndex: updateIncreasingly 2 -> 7
2021-12-01 05:34:00,959 [d9fd8670-dda0-4698-9e6d-057ae1a4980a@group-1F8C02111A4F-StateMachineUpdater] INFO  raftlog.RaftLog (RaftLogBase.java:lambda$new$0(53)) - d9fd8670-dda0-4698-9e6d-057ae1a4980a@group-1F8C02111A4F-SegmentedRaftLog: purgeIndex: updateToMax old=-1, new=7, updated? true
2021-12-01 05:34:01,100 [EndpointStateMachine task thread for /127.0.0.1:14539 - 0 ] INFO  ipc.Client (Client.java:handleConnectionFailure(977)) - Retrying connect to server: localhost/127.0.0.1:14539. Already tried 8 time(s); retry policy is RetryUpToMaximumCountWithFixedSleep(maxRetries=15, sleepTime=1000 MILLISECONDS)
2021-12-01 05:34:01,101 [EndpointStateMachine task thread for /127.0.0.1:14549 - 0 ] INFO  ipc.Client (Client.java:handleConnectionFailure(977)) - Retrying connect to server: localhost/127.0.0.1:14549. Already tried 8 time(s); retry policy is RetryUpToMaximumCountWithFixedSleep(maxRetries=15, sleepTime=1000 MILLISECONDS)
2021-12-01 05:34:01,106 [EndpointStateMachine task thread for /127.0.0.1:14529 - 0 ] INFO  ipc.Client (Client.java:handleConnectionFailure(977)) - Retrying connect to server: localhost/127.0.0.1:14529. Already tried 8 time(s); retry policy is RetryUpToMaximumCountWithFixedSleep(maxRetries=15, sleepTime=1000 MILLISECONDS)
2021-12-01 05:34:01,239 [IPC Server handler 1 on default port 14739] INFO  net.NetworkTopologyImpl (NetworkTopologyImpl.java:add(112)) - Added a new node: /default-rack/da0cd28a-5297-4f90-8c80-70339634350f
2021-12-01 05:34:01,239 [IPC Server handler 1 on default port 14739] INFO  node.SCMNodeManager (SCMNodeManager.java:register(389)) - Registered Data node : da0cd28a-5297-4f90-8c80-70339634350f{ip: 127.0.0.1, host: localhost, ports: [REPLICATION=40617, RATIS=45281, RATIS_ADMIN=45281, RATIS_SERVER=45281, STANDALONE=38799], networkLocation: /default-rack, certSerialId: null, persistedOpState: null, persistedOpStateExpiryEpochSec: 0}
2021-12-01 05:34:01,240 [IPC Server handler 0 on default port 14729] INFO  net.NetworkTopologyImpl (NetworkTopologyImpl.java:add(112)) - Added a new node: /default-rack/da0cd28a-5297-4f90-8c80-70339634350f
2021-12-01 05:34:01,240 [IPC Server handler 0 on default port 14729] INFO  node.SCMNodeManager (SCMNodeManager.java:register(389)) - Registered Data node : da0cd28a-5297-4f90-8c80-70339634350f{ip: 127.0.0.1, host: localhost, ports: [REPLICATION=40617, RATIS=45281, RATIS_ADMIN=45281, RATIS_SERVER=45281, STANDALONE=38799], networkLocation: /default-rack, certSerialId: null, persistedOpState: null, persistedOpStateExpiryEpochSec: 0}
2021-12-01 05:34:01,240 [EventQueue-NewNodeForNewNodeHandler] INFO  pipeline.BackgroundPipelineCreator (BackgroundPipelineCreator.java:notifyEventTriggered(279)) - ignore, not leader SCM.
2021-12-01 05:34:01,249 [EventQueue-NewNodeForNewNodeHandler] INFO  pipeline.BackgroundPipelineCreator (BackgroundPipelineCreator.java:notifyEventTriggered(285)) - trigger a one-shot run on RatisPipelineUtilsThread.
2021-12-01 05:34:01,249 [EventQueue-NodeRegistrationContainerReportForDataNodeSafeModeRule] INFO  safemode.SCMSafeModeManager (DataNodeSafeModeRule.java:process(71)) - SCM in safe mode. 2 DataNodes registered, 3 required.
2021-12-01 05:34:01,250 [EventQueue-NodeRegistrationContainerReportForDataNodeSafeModeRule] INFO  safemode.SCMSafeModeManager (DataNodeSafeModeRule.java:process(71)) - SCM in safe mode. 2 DataNodes registered, 3 required.
2021-12-01 05:34:01,254 [RatisPipelineUtilsThread - 0] INFO  pipeline.RatisPipelineProvider (RatisPipelineProvider.java:lambda$create$0(183)) - Sending CreatePipelineCommand for pipeline:PipelineID=7d6282d5-044b-4956-b602-4d892695c419 to datanode:da0cd28a-5297-4f90-8c80-70339634350f
2021-12-01 05:34:01,267 [3049a9d5-7c8a-485e-b9b8-96288700cc55@group-1F8C02111A4F-StateMachineUpdater] INFO  pipeline.PipelineStateManagerImpl (PipelineStateManagerImpl.java:addPipeline(101)) - Created pipeline Pipeline[ Id: 7d6282d5-044b-4956-b602-4d892695c419, Nodes: da0cd28a-5297-4f90-8c80-70339634350f{ip: 127.0.0.1, host: localhost, ports: [REPLICATION=40617, RATIS=45281, RATIS_ADMIN=45281, RATIS_SERVER=45281, STANDALONE=38799], networkLocation: /default-rack, certSerialId: null, persistedOpState: IN_SERVICE, persistedOpStateExpiryEpochSec: 0}, ReplicationConfig: RATIS/ONE, State:ALLOCATED, leaderId:, CreationTimestamp2021-12-01T05:34:01.254Z[Etc/UTC]].
2021-12-01 05:34:01,267 [3049a9d5-7c8a-485e-b9b8-96288700cc55@group-1F8C02111A4F-StateMachineUpdater] INFO  safemode.HealthyPipelineSafeModeRule (HealthyPipelineSafeModeRule.java:initializeRule(152)) - Refreshed total pipeline count is 0, healthy pipeline threshold count is 1
2021-12-01 05:34:01,267 [RatisPipelineUtilsThread - 0] INFO  ha.SCMHAInvocationHandler (SCMHAInvocationHandler.java:invokeRatis(113)) - Invoking method public abstract void org.apache.hadoop.hdds.scm.pipeline.PipelineStateManager.addPipeline(org.apache.hadoop.hdds.protocol.proto.HddsProtos$Pipeline) throws java.io.IOException on target org.apache.hadoop.hdds.scm.ha.SCMRatisServerImpl@e04aa9b, cost 12996.288us
2021-12-01 05:34:01,275 [d9fd8670-dda0-4698-9e6d-057ae1a4980a@group-1F8C02111A4F-StateMachineUpdater] INFO  pipeline.PipelineStateManagerImpl (PipelineStateManagerImpl.java:addPipeline(101)) - Created pipeline Pipeline[ Id: 7d6282d5-044b-4956-b602-4d892695c419, Nodes: da0cd28a-5297-4f90-8c80-70339634350f{ip: 127.0.0.1, host: localhost, ports: [REPLICATION=40617, RATIS=45281, RATIS_ADMIN=45281, RATIS_SERVER=45281, STANDALONE=38799], networkLocation: /default-rack, certSerialId: null, persistedOpState: IN_SERVICE, persistedOpStateExpiryEpochSec: 0}, ReplicationConfig: RATIS/ONE, State:ALLOCATED, leaderId:, CreationTimestamp2021-12-01T05:34:01.254Z[Etc/UTC]].
2021-12-01 05:34:01,275 [d9fd8670-dda0-4698-9e6d-057ae1a4980a@group-1F8C02111A4F-StateMachineUpdater] INFO  safemode.HealthyPipelineSafeModeRule (HealthyPipelineSafeModeRule.java:initializeRule(152)) - Refreshed total pipeline count is 0, healthy pipeline threshold count is 1
2021-12-01 05:34:01,279 [3049a9d5-7c8a-485e-b9b8-96288700cc55@group-1F8C02111A4F-StateMachineUpdater] INFO  ha.SCMStateMachine (SCMStateMachine.java:takeSnapshot(297)) - Current Snapshot Index 10, takeSnapshot took 0 ms
2021-12-01 05:34:01,280 [3049a9d5-7c8a-485e-b9b8-96288700cc55@group-1F8C02111A4F-StateMachineUpdater] INFO  impl.StateMachineUpdater (StateMachineUpdater.java:takeSnapshot(281)) - 3049a9d5-7c8a-485e-b9b8-96288700cc55@group-1F8C02111A4F-StateMachineUpdater: Took a snapshot at index 10
2021-12-01 05:34:01,280 [3049a9d5-7c8a-485e-b9b8-96288700cc55@group-1F8C02111A4F-StateMachineUpdater] INFO  impl.StateMachineUpdater (StateMachineUpdater.java:lambda$new$0(89)) - 3049a9d5-7c8a-485e-b9b8-96288700cc55@group-1F8C02111A4F-StateMachineUpdater: snapshotIndex: updateIncreasingly 5 -> 10
2021-12-01 05:34:01,280 [3049a9d5-7c8a-485e-b9b8-96288700cc55@group-1F8C02111A4F-StateMachineUpdater] INFO  raftlog.RaftLog (RaftLogBase.java:purge(306)) - 3049a9d5-7c8a-485e-b9b8-96288700cc55@group-1F8C02111A4F-SegmentedRaftLog: purge 10
2021-12-01 05:34:01,280 [3049a9d5-7c8a-485e-b9b8-96288700cc55@group-1F8C02111A4F-StateMachineUpdater] INFO  raftlog.RaftLog (RaftLogBase.java:lambda$new$0(53)) - 3049a9d5-7c8a-485e-b9b8-96288700cc55@group-1F8C02111A4F-SegmentedRaftLog: snapshotIndex: updateIncreasingly 5 -> 10
2021-12-01 05:34:01,280 [3049a9d5-7c8a-485e-b9b8-96288700cc55@group-1F8C02111A4F-StateMachineUpdater] INFO  raftlog.RaftLog (RaftLogBase.java:lambda$new$0(53)) - 3049a9d5-7c8a-485e-b9b8-96288700cc55@group-1F8C02111A4F-SegmentedRaftLog: purgeIndex: updateToMax old=0, new=10, updated? true
2021-12-01 05:34:01,632 [Listener at 127.0.0.1/11600] INFO  ozone.MiniOzoneClusterImpl (MiniOzoneClusterImpl.java:lambda$waitForClusterToBeReady$0(235)) - Waiting for nodes to be ready. Got 2 of 3 DN Heartbeats.
2021-12-01 05:34:01,632 [Listener at 127.0.0.1/11600] INFO  ozone.MiniOzoneClusterImpl (MiniOzoneClusterImpl.java:lambda$waitForClusterToBeReady$0(238)) - Waiting for cluster to exit safe mode
2021-12-01 05:34:01,632 [Listener at 127.0.0.1/11600] INFO  ozone.MiniOzoneClusterImpl (MiniOzoneClusterImpl.java:lambda$waitForClusterToBeReady$0(240)) - SCM became leader
2021-12-01 05:34:01,718 [IPC Server handler 0 on default port 14739] INFO  net.NetworkTopologyImpl (NetworkTopologyImpl.java:add(112)) - Added a new node: /default-rack/50760388-b69f-4e6a-8619-7c3b28224d8a
2021-12-01 05:34:01,718 [IPC Server handler 0 on default port 14739] INFO  node.SCMNodeManager (SCMNodeManager.java:register(389)) - Registered Data node : 50760388-b69f-4e6a-8619-7c3b28224d8a{ip: 127.0.0.1, host: localhost, ports: [REPLICATION=45889, RATIS=41785, RATIS_ADMIN=41785, RATIS_SERVER=41785, STANDALONE=42967], networkLocation: /default-rack, certSerialId: null, persistedOpState: null, persistedOpStateExpiryEpochSec: 0}
2021-12-01 05:34:01,718 [IPC Server handler 1 on default port 14729] INFO  net.NetworkTopologyImpl (NetworkTopologyImpl.java:add(112)) - Added a new node: /default-rack/50760388-b69f-4e6a-8619-7c3b28224d8a
2021-12-01 05:34:01,718 [IPC Server handler 1 on default port 14729] INFO  node.SCMNodeManager (SCMNodeManager.java:register(389)) - Registered Data node : 50760388-b69f-4e6a-8619-7c3b28224d8a{ip: 127.0.0.1, host: localhost, ports: [REPLICATION=45889, RATIS=41785, RATIS_ADMIN=41785, RATIS_SERVER=41785, STANDALONE=42967], networkLocation: /default-rack, certSerialId: null, persistedOpState: null, persistedOpStateExpiryEpochSec: 0}
2021-12-01 05:34:01,718 [EventQueue-NewNodeForNewNodeHandler] INFO  pipeline.BackgroundPipelineCreator (BackgroundPipelineCreator.java:notifyEventTriggered(279)) - ignore, not leader SCM.
2021-12-01 05:34:01,719 [EventQueue-NewNodeForNewNodeHandler] INFO  pipeline.BackgroundPipelineCreator (BackgroundPipelineCreator.java:notifyEventTriggered(285)) - trigger a one-shot run on RatisPipelineUtilsThread.
2021-12-01 05:34:01,719 [RatisPipelineUtilsThread - 0] INFO  pipeline.RatisPipelineProvider (RatisPipelineProvider.java:lambda$create$0(183)) - Sending CreatePipelineCommand for pipeline:PipelineID=ed2a3ff7-2a21-4723-aee3-7199d68f827c to datanode:50760388-b69f-4e6a-8619-7c3b28224d8a
2021-12-01 05:34:01,719 [EventQueue-NodeRegistrationContainerReportForDataNodeSafeModeRule] INFO  safemode.SCMSafeModeManager (DataNodeSafeModeRule.java:process(71)) - SCM in safe mode. 3 DataNodes registered, 3 required.
2021-12-01 05:34:01,720 [EventQueue-NodeRegistrationContainerReportForDataNodeSafeModeRule] INFO  safemode.SCMSafeModeManager (SCMSafeModeManager.java:validateSafeModeExitRules(204)) - DataNodeSafeModeRule rule is successfully validated
2021-12-01 05:34:01,720 [EventQueue-NodeRegistrationContainerReportForDataNodeSafeModeRule] INFO  safemode.SCMSafeModeManager (SCMSafeModeManager.java:completePreCheck(233)) - All SCM safe mode pre check rules have passed
2021-12-01 05:34:01,720 [EventQueue-NodeRegistrationContainerReportForDataNodeSafeModeRule] WARN  events.EventQueue (EventQueue.java:fireEvent(194)) - No event handler registered for event TypedEvent{payloadType=SafeModeStatus, name='Safe mode status'}
2021-12-01 05:34:01,720 [EventQueue-NodeRegistrationContainerReportForDataNodeSafeModeRule] INFO  ha.SCMContext (SCMContext.java:updateSafeModeStatus(205)) - Update SafeModeStatus from SafeModeStatus{safeModeStatus=true, preCheckPassed=false} to SafeModeStatus{safeModeStatus=true, preCheckPassed=true}.
2021-12-01 05:34:01,720 [EventQueue-NodeRegistrationContainerReportForDataNodeSafeModeRule] INFO  pipeline.BackgroundPipelineCreator (BackgroundPipelineCreator.java:notifyEventTriggered(279)) - ignore, not leader SCM.
2021-12-01 05:34:01,721 [EventQueue-NodeRegistrationContainerReportForDataNodeSafeModeRule] INFO  safemode.SCMSafeModeManager (DataNodeSafeModeRule.java:process(71)) - SCM in safe mode. 3 DataNodes registered, 3 required.
2021-12-01 05:34:01,721 [EventQueue-NodeRegistrationContainerReportForDataNodeSafeModeRule] INFO  safemode.SCMSafeModeManager (SCMSafeModeManager.java:validateSafeModeExitRules(204)) - DataNodeSafeModeRule rule is successfully validated
2021-12-01 05:34:01,721 [EventQueue-NodeRegistrationContainerReportForDataNodeSafeModeRule] INFO  safemode.SCMSafeModeManager (SCMSafeModeManager.java:completePreCheck(233)) - All SCM safe mode pre check rules have passed
2021-12-01 05:34:01,721 [EventQueue-NodeRegistrationContainerReportForDataNodeSafeModeRule] WARN  events.EventQueue (EventQueue.java:fireEvent(194)) - No event handler registered for event TypedEvent{payloadType=SafeModeStatus, name='Safe mode status'}
2021-12-01 05:34:01,721 [EventQueue-NodeRegistrationContainerReportForDataNodeSafeModeRule] INFO  ha.SCMContext (SCMContext.java:updateSafeModeStatus(205)) - Update SafeModeStatus from SafeModeStatus{safeModeStatus=true, preCheckPassed=false} to SafeModeStatus{safeModeStatus=true, preCheckPassed=true}.
2021-12-01 05:34:01,721 [EventQueue-NodeRegistrationContainerReportForDataNodeSafeModeRule] INFO  pipeline.BackgroundPipelineCreator (BackgroundPipelineCreator.java:notifyEventTriggered(285)) - trigger a one-shot run on RatisPipelineUtilsThread.
2021-12-01 05:34:01,723 [3049a9d5-7c8a-485e-b9b8-96288700cc55@group-1F8C02111A4F-StateMachineUpdater] INFO  pipeline.PipelineStateManagerImpl (PipelineStateManagerImpl.java:addPipeline(101)) - Created pipeline Pipeline[ Id: ed2a3ff7-2a21-4723-aee3-7199d68f827c, Nodes: 50760388-b69f-4e6a-8619-7c3b28224d8a{ip: 127.0.0.1, host: localhost, ports: [REPLICATION=45889, RATIS=41785, RATIS_ADMIN=41785, RATIS_SERVER=41785, STANDALONE=42967], networkLocation: /default-rack, certSerialId: null, persistedOpState: IN_SERVICE, persistedOpStateExpiryEpochSec: 0}, ReplicationConfig: RATIS/ONE, State:ALLOCATED, leaderId:, CreationTimestamp2021-12-01T05:34:01.719Z[Etc/UTC]].
2021-12-01 05:34:01,723 [3049a9d5-7c8a-485e-b9b8-96288700cc55@group-1F8C02111A4F-StateMachineUpdater] INFO  safemode.HealthyPipelineSafeModeRule (HealthyPipelineSafeModeRule.java:initializeRule(152)) - Refreshed total pipeline count is 0, healthy pipeline threshold count is 1
2021-12-01 05:34:01,723 [RatisPipelineUtilsThread - 0] INFO  ha.SCMHAInvocationHandler (SCMHAInvocationHandler.java:invokeRatis(113)) - Invoking method public abstract void org.apache.hadoop.hdds.scm.pipeline.PipelineStateManager.addPipeline(org.apache.hadoop.hdds.protocol.proto.HddsProtos$Pipeline) throws java.io.IOException on target org.apache.hadoop.hdds.scm.ha.SCMRatisServerImpl@e04aa9b, cost 3929.027us
2021-12-01 05:34:01,723 [RatisPipelineUtilsThread - 0] INFO  pipeline.RatisPipelineProvider (RatisPipelineProvider.java:lambda$create$0(183)) - Sending CreatePipelineCommand for pipeline:PipelineID=ef65d66e-0a26-405c-8c09-678140b1059c to datanode:71abcc26-9029-4fbf-a56a-b89502f0dfdb
2021-12-01 05:34:01,724 [RatisPipelineUtilsThread - 0] INFO  pipeline.RatisPipelineProvider (RatisPipelineProvider.java:lambda$create$0(183)) - Sending CreatePipelineCommand for pipeline:PipelineID=ef65d66e-0a26-405c-8c09-678140b1059c to datanode:50760388-b69f-4e6a-8619-7c3b28224d8a
2021-12-01 05:34:01,724 [RatisPipelineUtilsThread - 0] INFO  pipeline.RatisPipelineProvider (RatisPipelineProvider.java:lambda$create$0(183)) - Sending CreatePipelineCommand for pipeline:PipelineID=ef65d66e-0a26-405c-8c09-678140b1059c to datanode:da0cd28a-5297-4f90-8c80-70339634350f
2021-12-01 05:34:01,727 [d9fd8670-dda0-4698-9e6d-057ae1a4980a@group-1F8C02111A4F-StateMachineUpdater] INFO  pipeline.PipelineStateManagerImpl (PipelineStateManagerImpl.java:addPipeline(101)) - Created pipeline Pipeline[ Id: ed2a3ff7-2a21-4723-aee3-7199d68f827c, Nodes: 50760388-b69f-4e6a-8619-7c3b28224d8a{ip: 127.0.0.1, host: localhost, ports: [REPLICATION=45889, RATIS=41785, RATIS_ADMIN=41785, RATIS_SERVER=41785, STANDALONE=42967], networkLocation: /default-rack, certSerialId: null, persistedOpState: IN_SERVICE, persistedOpStateExpiryEpochSec: 0}, ReplicationConfig: RATIS/ONE, State:ALLOCATED, leaderId:, CreationTimestamp2021-12-01T05:34:01.719Z[Etc/UTC]].
2021-12-01 05:34:01,727 [d9fd8670-dda0-4698-9e6d-057ae1a4980a@group-1F8C02111A4F-StateMachineUpdater] INFO  safemode.HealthyPipelineSafeModeRule (HealthyPipelineSafeModeRule.java:initializeRule(152)) - Refreshed total pipeline count is 0, healthy pipeline threshold count is 1
2021-12-01 05:34:01,731 [3049a9d5-7c8a-485e-b9b8-96288700cc55@group-1F8C02111A4F-StateMachineUpdater] INFO  pipeline.PipelineStateManagerImpl (PipelineStateManagerImpl.java:addPipeline(101)) - Created pipeline Pipeline[ Id: ef65d66e-0a26-405c-8c09-678140b1059c, Nodes: 71abcc26-9029-4fbf-a56a-b89502f0dfdb{ip: 127.0.0.1, host: localhost, ports: [REPLICATION=35513, RATIS=40523, RATIS_ADMIN=40523, RATIS_SERVER=40523, STANDALONE=43455], networkLocation: /default-rack, certSerialId: null, persistedOpState: IN_SERVICE, persistedOpStateExpiryEpochSec: 0}50760388-b69f-4e6a-8619-7c3b28224d8a{ip: 127.0.0.1, host: localhost, ports: [REPLICATION=45889, RATIS=41785, RATIS_ADMIN=41785, RATIS_SERVER=41785, STANDALONE=42967], networkLocation: /default-rack, certSerialId: null, persistedOpState: IN_SERVICE, persistedOpStateExpiryEpochSec: 0}da0cd28a-5297-4f90-8c80-70339634350f{ip: 127.0.0.1, host: localhost, ports: [REPLICATION=40617, RATIS=45281, RATIS_ADMIN=45281, RATIS_SERVER=45281, STANDALONE=38799], networkLocation: /default-rack, certSerialId: null, persistedOpState: IN_SERVICE, persistedOpStateExpiryEpochSec: 0}, ReplicationConfig: RATIS/THREE, State:ALLOCATED, leaderId:, CreationTimestamp2021-12-01T05:34:01.723Z[Etc/UTC]].
2021-12-01 05:34:01,731 [3049a9d5-7c8a-485e-b9b8-96288700cc55@group-1F8C02111A4F-StateMachineUpdater] INFO  safemode.HealthyPipelineSafeModeRule (HealthyPipelineSafeModeRule.java:initializeRule(152)) - Refreshed total pipeline count is 0, healthy pipeline threshold count is 1
2021-12-01 05:34:01,731 [RatisPipelineUtilsThread - 0] INFO  ha.SCMHAInvocationHandler (SCMHAInvocationHandler.java:invokeRatis(113)) - Invoking method public abstract void org.apache.hadoop.hdds.scm.pipeline.PipelineStateManager.addPipeline(org.apache.hadoop.hdds.protocol.proto.HddsProtos$Pipeline) throws java.io.IOException on target org.apache.hadoop.hdds.scm.ha.SCMRatisServerImpl@e04aa9b, cost 7275.749us
2021-12-01 05:34:01,732 [RatisPipelineUtilsThread - 0] INFO  pipeline.RatisPipelineProvider (RatisPipelineProvider.java:lambda$create$0(183)) - Sending CreatePipelineCommand for pipeline:PipelineID=a4cb820e-ec71-4f61-b24e-9bdd03f14ccc to datanode:50760388-b69f-4e6a-8619-7c3b28224d8a
2021-12-01 05:34:01,732 [RatisPipelineUtilsThread - 0] INFO  pipeline.RatisPipelineProvider (RatisPipelineProvider.java:lambda$create$0(183)) - Sending CreatePipelineCommand for pipeline:PipelineID=a4cb820e-ec71-4f61-b24e-9bdd03f14ccc to datanode:71abcc26-9029-4fbf-a56a-b89502f0dfdb
2021-12-01 05:34:01,732 [RatisPipelineUtilsThread - 0] INFO  pipeline.RatisPipelineProvider (RatisPipelineProvider.java:lambda$create$0(183)) - Sending CreatePipelineCommand for pipeline:PipelineID=a4cb820e-ec71-4f61-b24e-9bdd03f14ccc to datanode:da0cd28a-5297-4f90-8c80-70339634350f
2021-12-01 05:34:01,734 [d9fd8670-dda0-4698-9e6d-057ae1a4980a@group-1F8C02111A4F-StateMachineUpdater] INFO  pipeline.PipelineStateManagerImpl (PipelineStateManagerImpl.java:addPipeline(101)) - Created pipeline Pipeline[ Id: ef65d66e-0a26-405c-8c09-678140b1059c, Nodes: 71abcc26-9029-4fbf-a56a-b89502f0dfdb{ip: 127.0.0.1, host: localhost, ports: [REPLICATION=35513, RATIS=40523, RATIS_ADMIN=40523, RATIS_SERVER=40523, STANDALONE=43455], networkLocation: /default-rack, certSerialId: null, persistedOpState: IN_SERVICE, persistedOpStateExpiryEpochSec: 0}50760388-b69f-4e6a-8619-7c3b28224d8a{ip: 127.0.0.1, host: localhost, ports: [REPLICATION=45889, RATIS=41785, RATIS_ADMIN=41785, RATIS_SERVER=41785, STANDALONE=42967], networkLocation: /default-rack, certSerialId: null, persistedOpState: IN_SERVICE, persistedOpStateExpiryEpochSec: 0}da0cd28a-5297-4f90-8c80-70339634350f{ip: 127.0.0.1, host: localhost, ports: [REPLICATION=40617, RATIS=45281, RATIS_ADMIN=45281, RATIS_SERVER=45281, STANDALONE=38799], networkLocation: /default-rack, certSerialId: null, persistedOpState: IN_SERVICE, persistedOpStateExpiryEpochSec: 0}, ReplicationConfig: RATIS/THREE, State:ALLOCATED, leaderId:, CreationTimestamp2021-12-01T05:34:01.723Z[Etc/UTC]].
2021-12-01 05:34:01,734 [d9fd8670-dda0-4698-9e6d-057ae1a4980a@group-1F8C02111A4F-StateMachineUpdater] INFO  safemode.HealthyPipelineSafeModeRule (HealthyPipelineSafeModeRule.java:initializeRule(152)) - Refreshed total pipeline count is 0, healthy pipeline threshold count is 1
2021-12-01 05:34:01,735 [d9fd8670-dda0-4698-9e6d-057ae1a4980a@group-1F8C02111A4F-StateMachineUpdater] INFO  ha.SCMStateMachine (SCMStateMachine.java:takeSnapshot(297)) - Current Snapshot Index 13, takeSnapshot took 1 ms
2021-12-01 05:34:01,735 [d9fd8670-dda0-4698-9e6d-057ae1a4980a@group-1F8C02111A4F-StateMachineUpdater] INFO  impl.StateMachineUpdater (StateMachineUpdater.java:takeSnapshot(281)) - d9fd8670-dda0-4698-9e6d-057ae1a4980a@group-1F8C02111A4F-StateMachineUpdater: Took a snapshot at index 13
2021-12-01 05:34:01,735 [d9fd8670-dda0-4698-9e6d-057ae1a4980a@group-1F8C02111A4F-StateMachineUpdater] INFO  impl.StateMachineUpdater (StateMachineUpdater.java:lambda$new$0(89)) - d9fd8670-dda0-4698-9e6d-057ae1a4980a@group-1F8C02111A4F-StateMachineUpdater: snapshotIndex: updateIncreasingly 7 -> 13
2021-12-01 05:34:01,735 [d9fd8670-dda0-4698-9e6d-057ae1a4980a@group-1F8C02111A4F-StateMachineUpdater] INFO  raftlog.RaftLog (RaftLogBase.java:purge(306)) - d9fd8670-dda0-4698-9e6d-057ae1a4980a@group-1F8C02111A4F-SegmentedRaftLog: purge 13
2021-12-01 05:34:01,735 [d9fd8670-dda0-4698-9e6d-057ae1a4980a@group-1F8C02111A4F-StateMachineUpdater] INFO  raftlog.RaftLog (RaftLogBase.java:lambda$new$0(53)) - d9fd8670-dda0-4698-9e6d-057ae1a4980a@group-1F8C02111A4F-SegmentedRaftLog: snapshotIndex: updateIncreasingly 7 -> 13
2021-12-01 05:34:01,735 [d9fd8670-dda0-4698-9e6d-057ae1a4980a@group-1F8C02111A4F-StateMachineUpdater] INFO  raftlog.RaftLog (RaftLogBase.java:lambda$new$0(53)) - d9fd8670-dda0-4698-9e6d-057ae1a4980a@group-1F8C02111A4F-SegmentedRaftLog: purgeIndex: updateToMax old=7, new=13, updated? true
2021-12-01 05:34:01,736 [3049a9d5-7c8a-485e-b9b8-96288700cc55@group-1F8C02111A4F-StateMachineUpdater] INFO  pipeline.PipelineStateManagerImpl (PipelineStateManagerImpl.java:addPipeline(101)) - Created pipeline Pipeline[ Id: a4cb820e-ec71-4f61-b24e-9bdd03f14ccc, Nodes: 50760388-b69f-4e6a-8619-7c3b28224d8a{ip: 127.0.0.1, host: localhost, ports: [REPLICATION=45889, RATIS=41785, RATIS_ADMIN=41785, RATIS_SERVER=41785, STANDALONE=42967], networkLocation: /default-rack, certSerialId: null, persistedOpState: IN_SERVICE, persistedOpStateExpiryEpochSec: 0}71abcc26-9029-4fbf-a56a-b89502f0dfdb{ip: 127.0.0.1, host: localhost, ports: [REPLICATION=35513, RATIS=40523, RATIS_ADMIN=40523, RATIS_SERVER=40523, STANDALONE=43455], networkLocation: /default-rack, certSerialId: null, persistedOpState: IN_SERVICE, persistedOpStateExpiryEpochSec: 0}da0cd28a-5297-4f90-8c80-70339634350f{ip: 127.0.0.1, host: localhost, ports: [REPLICATION=40617, RATIS=45281, RATIS_ADMIN=45281, RATIS_SERVER=45281, STANDALONE=38799], networkLocation: /default-rack, certSerialId: null, persistedOpState: IN_SERVICE, persistedOpStateExpiryEpochSec: 0}, ReplicationConfig: RATIS/THREE, State:ALLOCATED, leaderId:, CreationTimestamp2021-12-01T05:34:01.732Z[Etc/UTC]].
2021-12-01 05:34:01,736 [3049a9d5-7c8a-485e-b9b8-96288700cc55@group-1F8C02111A4F-StateMachineUpdater] INFO  safemode.HealthyPipelineSafeModeRule (HealthyPipelineSafeModeRule.java:initializeRule(152)) - Refreshed total pipeline count is 0, healthy pipeline threshold count is 1
2021-12-01 05:34:01,736 [3049a9d5-7c8a-485e-b9b8-96288700cc55@group-1F8C02111A4F-StateMachineUpdater] INFO  ha.SCMStateMachine (SCMStateMachine.java:takeSnapshot(297)) - Current Snapshot Index 15, takeSnapshot took 0 ms
2021-12-01 05:34:01,737 [3049a9d5-7c8a-485e-b9b8-96288700cc55@group-1F8C02111A4F-StateMachineUpdater] INFO  impl.StateMachineUpdater (StateMachineUpdater.java:takeSnapshot(281)) - 3049a9d5-7c8a-485e-b9b8-96288700cc55@group-1F8C02111A4F-StateMachineUpdater: Took a snapshot at index 15
2021-12-01 05:34:01,737 [3049a9d5-7c8a-485e-b9b8-96288700cc55@group-1F8C02111A4F-StateMachineUpdater] INFO  impl.StateMachineUpdater (StateMachineUpdater.java:lambda$new$0(89)) - 3049a9d5-7c8a-485e-b9b8-96288700cc55@group-1F8C02111A4F-StateMachineUpdater: snapshotIndex: updateIncreasingly 10 -> 15
2021-12-01 05:34:01,737 [3049a9d5-7c8a-485e-b9b8-96288700cc55@group-1F8C02111A4F-StateMachineUpdater] INFO  raftlog.RaftLog (RaftLogBase.java:purge(306)) - 3049a9d5-7c8a-485e-b9b8-96288700cc55@group-1F8C02111A4F-SegmentedRaftLog: purge 15
2021-12-01 05:34:01,737 [3049a9d5-7c8a-485e-b9b8-96288700cc55@group-1F8C02111A4F-StateMachineUpdater] INFO  raftlog.RaftLog (RaftLogBase.java:lambda$new$0(53)) - 3049a9d5-7c8a-485e-b9b8-96288700cc55@group-1F8C02111A4F-SegmentedRaftLog: snapshotIndex: updateIncreasingly 10 -> 15
2021-12-01 05:34:01,737 [3049a9d5-7c8a-485e-b9b8-96288700cc55@group-1F8C02111A4F-StateMachineUpdater] INFO  raftlog.RaftLog (RaftLogBase.java:lambda$new$0(53)) - 3049a9d5-7c8a-485e-b9b8-96288700cc55@group-1F8C02111A4F-SegmentedRaftLog: purgeIndex: updateToMax old=10, new=15, updated? true
2021-12-01 05:34:01,737 [RatisPipelineUtilsThread - 0] INFO  ha.SCMHAInvocationHandler (SCMHAInvocationHandler.java:invokeRatis(113)) - Invoking method public abstract void org.apache.hadoop.hdds.scm.pipeline.PipelineStateManager.addPipeline(org.apache.hadoop.hdds.protocol.proto.HddsProtos$Pipeline) throws java.io.IOException on target org.apache.hadoop.hdds.scm.ha.SCMRatisServerImpl@e04aa9b, cost 4843.732us
2021-12-01 05:34:01,737 [RatisPipelineUtilsThread - 0] INFO  pipeline.PipelineManagerImpl (PipelineManagerImpl.java:recordMetricsForPipeline(620)) - Pipeline: PipelineID=a4cb820e-ec71-4f61-b24e-9bdd03f14ccc contains same datanodes as previous pipelines: PipelineID=ef65d66e-0a26-405c-8c09-678140b1059c nodeIds: 50760388-b69f-4e6a-8619-7c3b28224d8a, 71abcc26-9029-4fbf-a56a-b89502f0dfdb, da0cd28a-5297-4f90-8c80-70339634350f
2021-12-01 05:34:01,743 [d9fd8670-dda0-4698-9e6d-057ae1a4980a@group-1F8C02111A4F-StateMachineUpdater] INFO  pipeline.PipelineStateManagerImpl (PipelineStateManagerImpl.java:addPipeline(101)) - Created pipeline Pipeline[ Id: a4cb820e-ec71-4f61-b24e-9bdd03f14ccc, Nodes: 50760388-b69f-4e6a-8619-7c3b28224d8a{ip: 127.0.0.1, host: localhost, ports: [REPLICATION=45889, RATIS=41785, RATIS_ADMIN=41785, RATIS_SERVER=41785, STANDALONE=42967], networkLocation: /default-rack, certSerialId: null, persistedOpState: IN_SERVICE, persistedOpStateExpiryEpochSec: 0}71abcc26-9029-4fbf-a56a-b89502f0dfdb{ip: 127.0.0.1, host: localhost, ports: [REPLICATION=35513, RATIS=40523, RATIS_ADMIN=40523, RATIS_SERVER=40523, STANDALONE=43455], networkLocation: /default-rack, certSerialId: null, persistedOpState: IN_SERVICE, persistedOpStateExpiryEpochSec: 0}da0cd28a-5297-4f90-8c80-70339634350f{ip: 127.0.0.1, host: localhost, ports: [REPLICATION=40617, RATIS=45281, RATIS_ADMIN=45281, RATIS_SERVER=45281, STANDALONE=38799], networkLocation: /default-rack, certSerialId: null, persistedOpState: IN_SERVICE, persistedOpStateExpiryEpochSec: 0}, ReplicationConfig: RATIS/THREE, State:ALLOCATED, leaderId:, CreationTimestamp2021-12-01T05:34:01.732Z[Etc/UTC]].
2021-12-01 05:34:01,743 [d9fd8670-dda0-4698-9e6d-057ae1a4980a@group-1F8C02111A4F-StateMachineUpdater] INFO  safemode.HealthyPipelineSafeModeRule (HealthyPipelineSafeModeRule.java:initializeRule(152)) - Refreshed total pipeline count is 0, healthy pipeline threshold count is 1
2021-12-01 05:34:02,101 [EndpointStateMachine task thread for /127.0.0.1:14549 - 0 ] INFO  ipc.Client (Client.java:handleConnectionFailure(977)) - Retrying connect to server: localhost/127.0.0.1:14549. Already tried 9 time(s); retry policy is RetryUpToMaximumCountWithFixedSleep(maxRetries=15, sleepTime=1000 MILLISECONDS)
2021-12-01 05:34:02,101 [EndpointStateMachine task thread for /127.0.0.1:14539 - 0 ] INFO  ipc.Client (Client.java:handleConnectionFailure(977)) - Retrying connect to server: localhost/127.0.0.1:14539. Already tried 9 time(s); retry policy is RetryUpToMaximumCountWithFixedSleep(maxRetries=15, sleepTime=1000 MILLISECONDS)
2021-12-01 05:34:02,107 [EndpointStateMachine task thread for /127.0.0.1:14529 - 0 ] INFO  ipc.Client (Client.java:handleConnectionFailure(977)) - Retrying connect to server: localhost/127.0.0.1:14529. Already tried 9 time(s); retry policy is RetryUpToMaximumCountWithFixedSleep(maxRetries=15, sleepTime=1000 MILLISECONDS)
2021-12-01 05:34:02,633 [Listener at 127.0.0.1/11600] INFO  ozone.MiniOzoneClusterImpl (MiniOzoneClusterImpl.java:lambda$waitForClusterToBeReady$0(235)) - Nodes are ready. Got 3 of 3 DN Heartbeats.
2021-12-01 05:34:02,633 [Listener at 127.0.0.1/11600] INFO  ozone.MiniOzoneClusterImpl (MiniOzoneClusterImpl.java:lambda$waitForClusterToBeReady$0(238)) - Waiting for cluster to exit safe mode
2021-12-01 05:34:02,633 [Listener at 127.0.0.1/11600] INFO  ozone.MiniOzoneClusterImpl (MiniOzoneClusterImpl.java:lambda$waitForClusterToBeReady$0(240)) - SCM became leader
2021-12-01 05:34:03,102 [EndpointStateMachine task thread for /127.0.0.1:14539 - 0 ] INFO  ipc.Client (Client.java:handleConnectionFailure(977)) - Retrying connect to server: localhost/127.0.0.1:14539. Already tried 10 time(s); retry policy is RetryUpToMaximumCountWithFixedSleep(maxRetries=15, sleepTime=1000 MILLISECONDS)
2021-12-01 05:34:03,102 [EndpointStateMachine task thread for /127.0.0.1:14549 - 0 ] INFO  ipc.Client (Client.java:handleConnectionFailure(977)) - Retrying connect to server: localhost/127.0.0.1:14549. Already tried 10 time(s); retry policy is RetryUpToMaximumCountWithFixedSleep(maxRetries=15, sleepTime=1000 MILLISECONDS)
2021-12-01 05:34:03,107 [EndpointStateMachine task thread for /127.0.0.1:14529 - 0 ] INFO  ipc.Client (Client.java:handleConnectionFailure(977)) - Retrying connect to server: localhost/127.0.0.1:14529. Already tried 10 time(s); retry policy is RetryUpToMaximumCountWithFixedSleep(maxRetries=15, sleepTime=1000 MILLISECONDS)
2021-12-01 05:34:03,225 [Datanode State Machine Daemon Thread] ERROR datanode.RunningDatanodeState (RunningDatanodeState.java:computeNextContainerState(199)) - Error in executing end point task.
java.util.concurrent.ExecutionException: java.util.concurrent.TimeoutException
	at java.util.concurrent.FutureTask.report(FutureTask.java:122)
	at java.util.concurrent.FutureTask.get(FutureTask.java:192)
	at org.apache.hadoop.ozone.container.common.states.datanode.RunningDatanodeState.computeNextContainerState(RunningDatanodeState.java:191)
	at org.apache.hadoop.ozone.container.common.states.datanode.RunningDatanodeState.await(RunningDatanodeState.java:231)
	at org.apache.hadoop.ozone.container.common.states.datanode.RunningDatanodeState.await(RunningDatanodeState.java:50)
	at org.apache.hadoop.ozone.container.common.statemachine.StateContext.execute(StateContext.java:633)
	at org.apache.hadoop.ozone.container.common.statemachine.DatanodeStateMachine.start(DatanodeStateMachine.java:280)
	at org.apache.hadoop.ozone.container.common.statemachine.DatanodeStateMachine.lambda$startDaemon$0(DatanodeStateMachine.java:468)
	at java.lang.Thread.run(Thread.java:748)
Caused by: java.util.concurrent.TimeoutException
	at java.util.concurrent.FutureTask.get(FutureTask.java:205)
	at org.apache.hadoop.ozone.container.common.states.datanode.RunningDatanodeState.lambda$execute$0(RunningDatanodeState.java:149)
	at java.util.concurrent.FutureTask.run(FutureTask.java:266)
	at java.util.concurrent.Executors$RunnableAdapter.call(Executors.java:511)
	at java.util.concurrent.FutureTask.run(FutureTask.java:266)
	at java.util.concurrent.ThreadPoolExecutor.runWorker(ThreadPoolExecutor.java:1149)
	at java.util.concurrent.ThreadPoolExecutor$Worker.run(ThreadPoolExecutor.java:624)
	... 1 more
2021-12-01 05:34:03,633 [Listener at 127.0.0.1/11600] INFO  ozone.MiniOzoneClusterImpl (MiniOzoneClusterImpl.java:lambda$waitForClusterToBeReady$0(235)) - Nodes are ready. Got 3 of 3 DN Heartbeats.
2021-12-01 05:34:03,633 [Listener at 127.0.0.1/11600] INFO  ozone.MiniOzoneClusterImpl (MiniOzoneClusterImpl.java:lambda$waitForClusterToBeReady$0(238)) - Waiting for cluster to exit safe mode
2021-12-01 05:34:03,634 [Listener at 127.0.0.1/11600] INFO  ozone.MiniOzoneClusterImpl (MiniOzoneClusterImpl.java:lambda$waitForClusterToBeReady$0(240)) - SCM became leader
2021-12-01 05:34:03,862 [Command processor thread] INFO  server.RaftServer (RaftServerProxy.java:addNew(95)) - 71abcc26-9029-4fbf-a56a-b89502f0dfdb: addNew group-024EF705D3D1:[71abcc26-9029-4fbf-a56a-b89502f0dfdb|rpc:127.0.0.1:40523|priority:1] returns group-024EF705D3D1:java.util.concurrent.CompletableFuture@4ba0bf8b[Not completed]
2021-12-01 05:34:03,864 [pool-294-thread-1] INFO  server.RaftServer$Division (RaftServerImpl.java:<init>(184)) - 71abcc26-9029-4fbf-a56a-b89502f0dfdb: new RaftServerImpl for group-024EF705D3D1:[71abcc26-9029-4fbf-a56a-b89502f0dfdb|rpc:127.0.0.1:40523|priority:1] with ContainerStateMachine:uninitialized
2021-12-01 05:34:03,875 [pool-294-thread-1] INFO  server.RaftServerConfigKeys (ConfUtils.java:logGet(44)) - raft.server.rpc.timeout.min = 5s (custom)
2021-12-01 05:34:03,878 [pool-294-thread-1] INFO  server.RaftServerConfigKeys (ConfUtils.java:logGet(44)) - raft.server.rpc.timeout.max = 5200ms (custom)
2021-12-01 05:34:03,878 [pool-294-thread-1] INFO  server.RaftServerConfigKeys (ConfUtils.java:logGet(44)) - raft.server.rpc.sleep.time = 25ms (default)
2021-12-01 05:34:03,878 [pool-294-thread-1] INFO  server.RaftServerConfigKeys (ConfUtils.java:logGet(44)) - raft.server.rpc.slowness.timeout = 300s (custom)
2021-12-01 05:34:03,878 [pool-294-thread-1] INFO  server.RaftServerConfigKeys (ConfUtils.java:logGet(44)) - raft.server.leaderelection.leader.step-down.wait-time = 10s (default)
2021-12-01 05:34:03,878 [pool-294-thread-1] INFO  server.RaftServerConfigKeys (ConfUtils.java:logGet(44)) - raft.server.sleep.deviation.threshold = 300ms (default)
2021-12-01 05:34:03,878 [pool-294-thread-1] INFO  server.RaftServerConfigKeys (ConfUtils.java:logGet(44)) - raft.server.log.appender.install.snapshot.enabled = false (custom)
2021-12-01 05:34:03,878 [pool-294-thread-1] INFO  server.RaftServer$Division (ServerState.java:<init>(105)) - 71abcc26-9029-4fbf-a56a-b89502f0dfdb@group-024EF705D3D1: ConfigurationManager, init=-1: [71abcc26-9029-4fbf-a56a-b89502f0dfdb|rpc:127.0.0.1:40523|priority:1], old=null, confs=<EMPTY_MAP>
2021-12-01 05:34:03,878 [pool-294-thread-1] INFO  server.RaftServerConfigKeys (ConfUtils.java:logGet(44)) - raft.server.storage.dir = [/home/runner/work/ozone/ozone/hadoop-ozone/integration-test/target/test-dir/MiniOzoneClusterImpl-18ff7c11-c606-42f1-8c5c-1f8c02111a4f/datanode-0/data/ratis] (custom)
2021-12-01 05:34:03,878 [pool-294-thread-1] INFO  server.RaftServerConfigKeys (ConfUtils.java:logGet(44)) - raft.server.log.corruption.policy = EXCEPTION (default)
2021-12-01 05:34:03,878 [pool-294-thread-1] INFO  server.RaftServerConfigKeys (ConfUtils.java:logGet(44)) - raft.server.storage.free-space.min = 0MB (=0) (default)
2021-12-01 05:34:03,879 [pool-294-thread-1] INFO  storage.RaftStorageDirectory (RaftStorageDirectoryImpl.java:analyzeStorage(135)) - The storage directory /home/runner/work/ozone/ozone/hadoop-ozone/integration-test/target/test-dir/MiniOzoneClusterImpl-18ff7c11-c606-42f1-8c5c-1f8c02111a4f/datanode-0/data/ratis/ab998a5f-fa81-442a-b2ba-024ef705d3d1 does not exist. Creating ...
2021-12-01 05:34:03,881 [pool-294-thread-1] INFO  storage.RaftStorageDirectory (RaftStorageDirectoryImpl.java:tryLock(230)) - Lock on /home/runner/work/ozone/ozone/hadoop-ozone/integration-test/target/test-dir/MiniOzoneClusterImpl-18ff7c11-c606-42f1-8c5c-1f8c02111a4f/datanode-0/data/ratis/ab998a5f-fa81-442a-b2ba-024ef705d3d1/in_use.lock acquired by nodename 30928@fv-az297-56
2021-12-01 05:34:03,883 [pool-294-thread-1] INFO  storage.RaftStorage (RaftStorageImpl.java:format(89)) - Storage directory /home/runner/work/ozone/ozone/hadoop-ozone/integration-test/target/test-dir/MiniOzoneClusterImpl-18ff7c11-c606-42f1-8c5c-1f8c02111a4f/datanode-0/data/ratis/ab998a5f-fa81-442a-b2ba-024ef705d3d1 has been successfully formatted.
2021-12-01 05:34:03,886 [EndpointStateMachine task thread for /127.0.0.1:14749 - 0 ] WARN  statemachine.EndpointStateMachine (EndpointStateMachine.java:logIfNeeded(236)) - Unable to communicate to SCM server at 127.0.0.1:14749 for past 0 seconds.
java.net.SocketTimeoutException: Call From fv-az297-56/10.1.0.22 to localhost:14749 failed on socket timeout exception: java.net.SocketTimeoutException: 5000 millis timeout while waiting for channel to be ready for read. ch : java.nio.channels.SocketChannel[connected local=/127.0.0.1:33678 remote=/127.0.0.1:14749]; For more details see:  http://wiki.apache.org/hadoop/SocketTimeout
	at sun.reflect.NativeConstructorAccessorImpl.newInstance0(Native Method)
	at sun.reflect.NativeConstructorAccessorImpl.newInstance(NativeConstructorAccessorImpl.java:62)
	at sun.reflect.DelegatingConstructorAccessorImpl.newInstance(DelegatingConstructorAccessorImpl.java:45)
	at java.lang.reflect.Constructor.newInstance(Constructor.java:423)
	at org.apache.hadoop.net.NetUtils.wrapWithMessage(NetUtils.java:913)
	at org.apache.hadoop.net.NetUtils.wrapException(NetUtils.java:848)
	at org.apache.hadoop.ipc.Client.getRpcResponse(Client.java:1577)
	at org.apache.hadoop.ipc.Client.call(Client.java:1519)
	at org.apache.hadoop.ipc.Client.call(Client.java:1416)
	at org.apache.hadoop.ipc.ProtobufRpcEngine$Invoker.invoke(ProtobufRpcEngine.java:236)
	at org.apache.hadoop.ipc.ProtobufRpcEngine$Invoker.invoke(ProtobufRpcEngine.java:123)
	at com.sun.proxy.$Proxy48.submitRequest(Unknown Source)
	at org.apache.hadoop.ozone.protocolPB.StorageContainerDatanodeProtocolClientSideTranslatorPB.submitRequest(StorageContainerDatanodeProtocolClientSideTranslatorPB.java:117)
	at org.apache.hadoop.ozone.protocolPB.StorageContainerDatanodeProtocolClientSideTranslatorPB.getVersion(StorageContainerDatanodeProtocolClientSideTranslatorPB.java:133)
	at org.apache.hadoop.ozone.container.common.states.endpoint.VersionEndpointTask.call(VersionEndpointTask.java:71)
	at org.apache.hadoop.ozone.container.common.states.endpoint.VersionEndpointTask.call(VersionEndpointTask.java:42)
	at java.util.concurrent.FutureTask.run(FutureTask.java:266)
	at java.util.concurrent.ThreadPoolExecutor.runWorker(ThreadPoolExecutor.java:1149)
	at java.util.concurrent.ThreadPoolExecutor$Worker.run(ThreadPoolExecutor.java:624)
	at java.lang.Thread.run(Thread.java:748)
Caused by: java.net.SocketTimeoutException: 5000 millis timeout while waiting for channel to be ready for read. ch : java.nio.channels.SocketChannel[connected local=/127.0.0.1:33678 remote=/127.0.0.1:14749]
	at org.apache.hadoop.net.SocketIOWithTimeout.doIO(SocketIOWithTimeout.java:164)
	at org.apache.hadoop.net.SocketInputStream.read(SocketInputStream.java:161)
	at org.apache.hadoop.net.SocketInputStream.read(SocketInputStream.java:131)
	at java.io.FilterInputStream.read(FilterInputStream.java:133)
	at java.io.BufferedInputStream.fill(BufferedInputStream.java:246)
	at java.io.BufferedInputStream.read(BufferedInputStream.java:265)
	at java.io.FilterInputStream.read(FilterInputStream.java:83)
	at java.io.FilterInputStream.read(FilterInputStream.java:83)
	at org.apache.hadoop.ipc.Client$Connection$PingInputStream.read(Client.java:563)
	at java.io.DataInputStream.readInt(DataInputStream.java:387)
	at org.apache.hadoop.ipc.Client$IpcStreams.readResponse(Client.java:1892)
	at org.apache.hadoop.ipc.Client$Connection.receiveRpcResponse(Client.java:1202)
	at org.apache.hadoop.ipc.Client$Connection.run(Client.java:1098)
2021-12-01 05:34:03,888 [EventQueue-PipelineReportForPipelineReportHandler] INFO  pipeline.PipelineManagerImpl (PipelineManagerImpl.java:openPipeline(289)) - Pipeline Pipeline[ Id: ab998a5f-fa81-442a-b2ba-024ef705d3d1, Nodes: 71abcc26-9029-4fbf-a56a-b89502f0dfdb{ip: 127.0.0.1, host: localhost, ports: [REPLICATION=35513, RATIS=40523, RATIS_ADMIN=40523, RATIS_SERVER=40523, STANDALONE=43455], networkLocation: /default-rack, certSerialId: null, persistedOpState: IN_SERVICE, persistedOpStateExpiryEpochSec: 0}, ReplicationConfig: RATIS/ONE, State:ALLOCATED, leaderId:71abcc26-9029-4fbf-a56a-b89502f0dfdb, CreationTimestamp2021-12-01T05:34:00.889Z[Etc/UTC]] moved to OPEN state
2021-12-01 05:34:03,888 [EventQueue-PipelineReportForPipelineReportHandler] INFO  pipeline.PipelineManagerImpl (PipelineManagerImpl.java:openPipeline(289)) - Pipeline Pipeline[ Id: ab998a5f-fa81-442a-b2ba-024ef705d3d1, Nodes: 71abcc26-9029-4fbf-a56a-b89502f0dfdb{ip: 127.0.0.1, host: localhost, ports: [REPLICATION=35513, RATIS=40523, RATIS_ADMIN=40523, RATIS_SERVER=40523, STANDALONE=43455], networkLocation: /default-rack, certSerialId: null, persistedOpState: IN_SERVICE, persistedOpStateExpiryEpochSec: 0}, ReplicationConfig: RATIS/ONE, State:ALLOCATED, leaderId:71abcc26-9029-4fbf-a56a-b89502f0dfdb, CreationTimestamp2021-12-01T05:34:00.889Z[Etc/UTC]] moved to OPEN state
2021-12-01 05:34:03,887 [pool-294-thread-1] INFO  ratis.ContainerStateMachine (ContainerStateMachine.java:loadSnapshot(224)) - group-024EF705D3D1: The snapshot info is null. Setting the last applied indexto:(t:0, i:~)
2021-12-01 05:34:03,890 [pool-294-thread-1] INFO  server.RaftServerConfigKeys (ConfUtils.java:logGet(44)) - raft.server.notification.no-leader.timeout = 300s (custom)
2021-12-01 05:34:03,890 [pool-294-thread-1] INFO  server.RaftServerConfigKeys (ConfUtils.java:logGet(44)) - raft.server.log.use.memory = false (default)
2021-12-01 05:34:03,891 [pool-294-thread-1] INFO  server.RaftServerConfigKeys (ConfUtils.java:logGet(44)) - raft.server.log.purge.gap = 1000000 (custom)
2021-12-01 05:34:03,891 [pool-294-thread-1] INFO  server.RaftServerConfigKeys (ConfUtils.java:logGet(44)) - raft.server.log.appender.buffer.byte-limit = 33554432 (custom)
2021-12-01 05:34:03,891 [pool-294-thread-1] INFO  server.RaftServerConfigKeys (ConfUtils.java:logGet(44)) - raft.server.log.segment.size.max = 1048576 (custom)
2021-12-01 05:34:03,891 [pool-294-thread-1] INFO  server.RaftServerConfigKeys (ConfUtils.java:logGet(44)) - raft.server.log.segment.cache.num.max = 2 (custom)
2021-12-01 05:34:03,891 [pool-294-thread-1] INFO  server.RaftServerConfigKeys (ConfUtils.java:logGet(44)) - raft.server.log.segment.cache.size.max = 200MB (=209715200) (default)
2021-12-01 05:34:03,891 [pool-294-thread-1] INFO  segmented.SegmentedRaftLogWorker (SegmentedRaftLogWorker.java:<init>(182)) - new 71abcc26-9029-4fbf-a56a-b89502f0dfdb@group-024EF705D3D1-SegmentedRaftLogWorker for RaftStorageImpl:Storage Directory /home/runner/work/ozone/ozone/hadoop-ozone/integration-test/target/test-dir/MiniOzoneClusterImpl-18ff7c11-c606-42f1-8c5c-1f8c02111a4f/datanode-0/data/ratis/ab998a5f-fa81-442a-b2ba-024ef705d3d1
2021-12-01 05:34:03,891 [pool-294-thread-1] INFO  server.RaftServerConfigKeys (ConfUtils.java:logGet(44)) - raft.server.log.queue.byte-limit = 2147483647 (custom)
2021-12-01 05:34:03,887 [EndpointStateMachine task thread for /127.0.0.1:14749 - 0 ] WARN  statemachine.EndpointStateMachine (EndpointStateMachine.java:logIfNeeded(236)) - Unable to communicate to SCM server at 127.0.0.1:14749 for past 0 seconds.
java.net.SocketTimeoutException: Call From fv-az297-56/10.1.0.22 to localhost:14749 failed on socket timeout exception: java.net.SocketTimeoutException: 5000 millis timeout while waiting for channel to be ready for read. ch : java.nio.channels.SocketChannel[connected local=/127.0.0.1:33678 remote=/127.0.0.1:14749]; For more details see:  http://wiki.apache.org/hadoop/SocketTimeout
	at sun.reflect.GeneratedConstructorAccessor40.newInstance(Unknown Source)
	at sun.reflect.DelegatingConstructorAccessorImpl.newInstance(DelegatingConstructorAccessorImpl.java:45)
	at java.lang.reflect.Constructor.newInstance(Constructor.java:423)
	at org.apache.hadoop.net.NetUtils.wrapWithMessage(NetUtils.java:913)
	at org.apache.hadoop.net.NetUtils.wrapException(NetUtils.java:848)
	at org.apache.hadoop.ipc.Client.getRpcResponse(Client.java:1577)
	at org.apache.hadoop.ipc.Client.call(Client.java:1519)
	at org.apache.hadoop.ipc.Client.call(Client.java:1416)
	at org.apache.hadoop.ipc.ProtobufRpcEngine$Invoker.invoke(ProtobufRpcEngine.java:236)
	at org.apache.hadoop.ipc.ProtobufRpcEngine$Invoker.invoke(ProtobufRpcEngine.java:123)
	at com.sun.proxy.$Proxy48.submitRequest(Unknown Source)
	at org.apache.hadoop.ozone.protocolPB.StorageContainerDatanodeProtocolClientSideTranslatorPB.submitRequest(StorageContainerDatanodeProtocolClientSideTranslatorPB.java:117)
	at org.apache.hadoop.ozone.protocolPB.StorageContainerDatanodeProtocolClientSideTranslatorPB.getVersion(StorageContainerDatanodeProtocolClientSideTranslatorPB.java:133)
	at org.apache.hadoop.ozone.container.common.states.endpoint.VersionEndpointTask.call(VersionEndpointTask.java:71)
	at org.apache.hadoop.ozone.container.common.states.endpoint.VersionEndpointTask.call(VersionEndpointTask.java:42)
	at java.util.concurrent.FutureTask.run(FutureTask.java:266)
	at java.util.concurrent.ThreadPoolExecutor.runWorker(ThreadPoolExecutor.java:1149)
	at java.util.concurrent.ThreadPoolExecutor$Worker.run(ThreadPoolExecutor.java:624)
	at java.lang.Thread.run(Thread.java:748)
Caused by: java.net.SocketTimeoutException: 5000 millis timeout while waiting for channel to be ready for read. ch : java.nio.channels.SocketChannel[connected local=/127.0.0.1:33678 remote=/127.0.0.1:14749]
	at org.apache.hadoop.net.SocketIOWithTimeout.doIO(SocketIOWithTimeout.java:164)
	at org.apache.hadoop.net.SocketInputStream.read(SocketInputStream.java:161)
	at org.apache.hadoop.net.SocketInputStream.read(SocketInputStream.java:131)
	at java.io.FilterInputStream.read(FilterInputStream.java:133)
	at java.io.BufferedInputStream.fill(BufferedInputStream.java:246)
	at java.io.BufferedInputStream.read(BufferedInputStream.java:265)
	at java.io.FilterInputStream.read(FilterInputStream.java:83)
	at java.io.FilterInputStream.read(FilterInputStream.java:83)
	at org.apache.hadoop.ipc.Client$Connection$PingInputStream.read(Client.java:563)
	at java.io.DataInputStream.readInt(DataInputStream.java:387)
	at org.apache.hadoop.ipc.Client$IpcStreams.readResponse(Client.java:1892)
	at org.apache.hadoop.ipc.Client$Connection.receiveRpcResponse(Client.java:1202)
	at org.apache.hadoop.ipc.Client$Connection.run(Client.java:1098)
2021-12-01 05:34:03,887 [EndpointStateMachine task thread for /127.0.0.1:14749 - 0 ] WARN  statemachine.EndpointStateMachine (EndpointStateMachine.java:logIfNeeded(236)) - Unable to communicate to SCM server at localhost:14749 for past 0 seconds.
java.net.SocketTimeoutException: Call From fv-az297-56/10.1.0.22 to localhost:14749 failed on socket timeout exception: java.net.SocketTimeoutException: 5000 millis timeout while waiting for channel to be ready for read. ch : java.nio.channels.SocketChannel[connected local=/127.0.0.1:33678 remote=/127.0.0.1:14749]; For more details see:  http://wiki.apache.org/hadoop/SocketTimeout
	at sun.reflect.GeneratedConstructorAccessor40.newInstance(Unknown Source)
	at sun.reflect.DelegatingConstructorAccessorImpl.newInstance(DelegatingConstructorAccessorImpl.java:45)
	at java.lang.reflect.Constructor.newInstance(Constructor.java:423)
	at org.apache.hadoop.net.NetUtils.wrapWithMessage(NetUtils.java:913)
	at org.apache.hadoop.net.NetUtils.wrapException(NetUtils.java:848)
	at org.apache.hadoop.ipc.Client.getRpcResponse(Client.java:1577)
	at org.apache.hadoop.ipc.Client.call(Client.java:1519)
	at org.apache.hadoop.ipc.Client.call(Client.java:1416)
	at org.apache.hadoop.ipc.ProtobufRpcEngine$Invoker.invoke(ProtobufRpcEngine.java:236)
	at org.apache.hadoop.ipc.ProtobufRpcEngine$Invoker.invoke(ProtobufRpcEngine.java:123)
	at com.sun.proxy.$Proxy48.submitRequest(Unknown Source)
	at org.apache.hadoop.ozone.protocolPB.StorageContainerDatanodeProtocolClientSideTranslatorPB.submitRequest(StorageContainerDatanodeProtocolClientSideTranslatorPB.java:117)
	at org.apache.hadoop.ozone.protocolPB.StorageContainerDatanodeProtocolClientSideTranslatorPB.getVersion(StorageContainerDatanodeProtocolClientSideTranslatorPB.java:133)
	at org.apache.hadoop.ozone.container.common.states.endpoint.VersionEndpointTask.call(VersionEndpointTask.java:71)
	at org.apache.hadoop.ozone.container.common.states.endpoint.VersionEndpointTask.call(VersionEndpointTask.java:42)
	at java.util.concurrent.FutureTask.run(FutureTask.java:266)
	at java.util.concurrent.ThreadPoolExecutor.runWorker(ThreadPoolExecutor.java:1149)
	at java.util.concurrent.ThreadPoolExecutor$Worker.run(ThreadPoolExecutor.java:624)
	at java.lang.Thread.run(Thread.java:748)
Caused by: java.net.SocketTimeoutException: 5000 millis timeout while waiting for channel to be ready for read. ch : java.nio.channels.SocketChannel[connected local=/127.0.0.1:33678 remote=/127.0.0.1:14749]
	at org.apache.hadoop.net.SocketIOWithTimeout.doIO(SocketIOWithTimeout.java:164)
	at org.apache.hadoop.net.SocketInputStream.read(SocketInputStream.java:161)
	at org.apache.hadoop.net.SocketInputStream.read(SocketInputStream.java:131)
	at java.io.FilterInputStream.read(FilterInputStream.java:133)
	at java.io.BufferedInputStream.fill(BufferedInputStream.java:246)
	at java.io.BufferedInputStream.read(BufferedInputStream.java:265)
	at java.io.FilterInputStream.read(FilterInputStream.java:83)
	at java.io.FilterInputStream.read(FilterInputStream.java:83)
	at org.apache.hadoop.ipc.Client$Connection$PingInputStream.read(Client.java:563)
	at java.io.DataInputStream.readInt(DataInputStream.java:387)
	at org.apache.hadoop.ipc.Client$IpcStreams.readResponse(Client.java:1892)
	at org.apache.hadoop.ipc.Client$Connection.receiveRpcResponse(Client.java:1202)
	at org.apache.hadoop.ipc.Client$Connection.run(Client.java:1098)
2021-12-01 05:34:03,897 [pool-294-thread-1] INFO  server.RaftServerConfigKeys (ConfUtils.java:logGet(44)) - raft.server.log.queue.element-limit = 1024 (custom)
2021-12-01 05:34:03,907 [pool-294-thread-1] INFO  server.RaftServerConfigKeys (ConfUtils.java:logGet(44)) - raft.server.log.segment.size.max = 1048576 (custom)
2021-12-01 05:34:03,907 [pool-294-thread-1] INFO  server.RaftServerConfigKeys (ConfUtils.java:logGet(44)) - raft.server.log.preallocated.size = 16384 (custom)
2021-12-01 05:34:03,907 [pool-294-thread-1] INFO  server.RaftServerConfigKeys (ConfUtils.java:logGet(44)) - raft.server.log.force.sync.num = 128 (default)
2021-12-01 05:34:03,907 [pool-294-thread-1] INFO  server.RaftServerConfigKeys (ConfUtils.java:logGet(44)) - raft.server.log.statemachine.data.sync = true (default)
2021-12-01 05:34:03,907 [pool-294-thread-1] INFO  server.RaftServerConfigKeys (ConfUtils.java:logGet(44)) - raft.server.log.statemachine.data.sync.timeout = 10s (default)
2021-12-01 05:34:03,907 [pool-294-thread-1] INFO  server.RaftServerConfigKeys (ConfUtils.java:logGet(44)) - raft.server.log.statemachine.data.sync.timeout.retry = -1 (default)
2021-12-01 05:34:03,908 [pool-294-thread-1] INFO  server.RaftServerConfigKeys (ConfUtils.java:logGet(44)) - raft.server.log.write.buffer.size = 1048576 (custom)
2021-12-01 05:34:03,909 [pool-294-thread-1] INFO  server.RaftServerConfigKeys (ConfUtils.java:logGet(44)) - raft.server.log.statemachine.data.caching.enabled = true (custom)
2021-12-01 05:34:03,909 [pool-294-thread-1] INFO  segmented.SegmentedRaftLogWorker (SegmentedRaftLogWorker.java:lambda$new$0(133)) - 71abcc26-9029-4fbf-a56a-b89502f0dfdb@group-024EF705D3D1-SegmentedRaftLogWorker: flushIndex: setUnconditionally 0 -> -1
2021-12-01 05:34:03,909 [pool-294-thread-1] INFO  segmented.SegmentedRaftLogWorker (SegmentedRaftLogWorker.java:lambda$new$0(133)) - 71abcc26-9029-4fbf-a56a-b89502f0dfdb@group-024EF705D3D1-SegmentedRaftLogWorker: safeCacheEvictIndex: setUnconditionally 0 -> -1
2021-12-01 05:34:03,921 [pool-294-thread-1] INFO  server.RaftServerConfigKeys (ConfUtils.java:logGet(44)) - raft.server.snapshot.auto.trigger.enabled = true (custom)
2021-12-01 05:34:03,928 [pool-294-thread-1] INFO  server.RaftServerConfigKeys (ConfUtils.java:logGet(44)) - raft.server.snapshot.auto.trigger.threshold = 10000 (custom)
2021-12-01 05:34:03,929 [pool-294-thread-1] INFO  server.RaftServerConfigKeys (ConfUtils.java:logGet(44)) - raft.server.snapshot.retention.file.num = 5 (custom)
2021-12-01 05:34:03,929 [pool-294-thread-1] INFO  server.RaftServerConfigKeys (ConfUtils.java:logGet(44)) - raft.server.log.purge.upto.snapshot.index = false (default)
2021-12-01 05:34:03,929 [pool-294-thread-1] INFO  server.RaftServerConfigKeys (ConfUtils.java:logGet(44)) - raft.server.retrycache.expirytime = 600000ms (custom)
2021-12-01 05:34:03,929 [pool-294-thread-1] INFO  server.RaftServerConfigKeys (ConfUtils.java:logGet(44)) - raft.server.retrycache.statistics.expirytime = 100μs (default)
2021-12-01 05:34:03,930 [pool-294-thread-1] INFO  server.RaftServer$Division (RaftServerImpl.java:start(301)) - 71abcc26-9029-4fbf-a56a-b89502f0dfdb@group-024EF705D3D1: start as a follower, conf=-1: [71abcc26-9029-4fbf-a56a-b89502f0dfdb|rpc:127.0.0.1:40523|priority:1], old=null
2021-12-01 05:34:03,930 [pool-294-thread-1] INFO  server.RaftServer$Division (RaftServerImpl.java:setRole(290)) - 71abcc26-9029-4fbf-a56a-b89502f0dfdb@group-024EF705D3D1: changes role from      null to FOLLOWER at term 0 for startAsFollower
2021-12-01 05:34:03,932 [EventQueue-PipelineReportForPipelineReportHandler] INFO  ha.SCMHAInvocationHandler (SCMHAInvocationHandler.java:invokeRatis(113)) - Invoking method public abstract void org.apache.hadoop.hdds.scm.pipeline.PipelineStateManager.updatePipelineState(org.apache.hadoop.hdds.protocol.proto.HddsProtos$PipelineID,org.apache.hadoop.hdds.protocol.proto.HddsProtos$PipelineState) throws java.io.IOException on target org.apache.hadoop.hdds.scm.ha.SCMRatisServerImpl@50955ec2, cost 42551.486us
2021-12-01 05:34:03,938 [pool-294-thread-1] INFO  impl.RoleInfo (RoleInfo.java:updateAndGet(130)) - 71abcc26-9029-4fbf-a56a-b89502f0dfdb: start 71abcc26-9029-4fbf-a56a-b89502f0dfdb@group-024EF705D3D1-FollowerState
2021-12-01 05:34:03,939 [3049a9d5-7c8a-485e-b9b8-96288700cc55@group-1F8C02111A4F-StateMachineUpdater] INFO  safemode.HealthyPipelineSafeModeRule (HealthyPipelineSafeModeRule.java:initializeRule(152)) - Refreshed total pipeline count is 0, healthy pipeline threshold count is 1
2021-12-01 05:34:03,939 [EventQueue-PipelineReportForPipelineReportHandler] INFO  ha.SCMHAInvocationHandler (SCMHAInvocationHandler.java:invokeRatis(113)) - Invoking method public abstract void org.apache.hadoop.hdds.scm.pipeline.PipelineStateManager.updatePipelineState(org.apache.hadoop.hdds.protocol.proto.HddsProtos$PipelineID,org.apache.hadoop.hdds.protocol.proto.HddsProtos$PipelineState) throws java.io.IOException on target org.apache.hadoop.hdds.scm.ha.SCMRatisServerImpl@e04aa9b, cost 49073.329us
2021-12-01 05:34:03,940 [pool-294-thread-1] INFO  util.JmxRegister (JmxRegister.java:tryRegister(44)) - Successfully registered JMX Bean with object name Ratis:service=RaftServer,group=group-024EF705D3D1,id=71abcc26-9029-4fbf-a56a-b89502f0dfdb
2021-12-01 05:34:03,954 [Command processor thread] INFO  ratis.XceiverServerRatis (XceiverServerRatis.java:addGroup(768)) - Created group PipelineID=ab998a5f-fa81-442a-b2ba-024ef705d3d1
2021-12-01 05:34:03,954 [Command processor thread] INFO  commandhandler.CreatePipelineCommandHandler (CreatePipelineCommandHandler.java:handle(106)) - Created Pipeline RATIS ONE PipelineID=ab998a5f-fa81-442a-b2ba-024ef705d3d1.
2021-12-01 05:34:03,954 [Command processor thread] INFO  server.RaftServer (RaftServerProxy.java:addNew(95)) - 71abcc26-9029-4fbf-a56a-b89502f0dfdb: addNew group-678140B1059C:[da0cd28a-5297-4f90-8c80-70339634350f|rpc:127.0.0.1:45281|priority:0, 71abcc26-9029-4fbf-a56a-b89502f0dfdb|rpc:127.0.0.1:40523|priority:0, 50760388-b69f-4e6a-8619-7c3b28224d8a|rpc:127.0.0.1:41785|priority:1] returns group-678140B1059C:java.util.concurrent.CompletableFuture@4f9f2227[Not completed]
2021-12-01 05:34:03,955 [pool-294-thread-1] INFO  server.RaftServer$Division (RaftServerImpl.java:<init>(184)) - 71abcc26-9029-4fbf-a56a-b89502f0dfdb: new RaftServerImpl for group-678140B1059C:[da0cd28a-5297-4f90-8c80-70339634350f|rpc:127.0.0.1:45281|priority:0, 71abcc26-9029-4fbf-a56a-b89502f0dfdb|rpc:127.0.0.1:40523|priority:0, 50760388-b69f-4e6a-8619-7c3b28224d8a|rpc:127.0.0.1:41785|priority:1] with ContainerStateMachine:uninitialized
2021-12-01 05:34:03,955 [pool-294-thread-1] INFO  server.RaftServerConfigKeys (ConfUtils.java:logGet(44)) - raft.server.rpc.timeout.min = 5s (custom)
2021-12-01 05:34:03,955 [pool-294-thread-1] INFO  server.RaftServerConfigKeys (ConfUtils.java:logGet(44)) - raft.server.rpc.timeout.max = 5200ms (custom)
2021-12-01 05:34:03,955 [pool-294-thread-1] INFO  server.RaftServerConfigKeys (ConfUtils.java:logGet(44)) - raft.server.rpc.sleep.time = 25ms (default)
2021-12-01 05:34:03,955 [pool-294-thread-1] INFO  server.RaftServerConfigKeys (ConfUtils.java:logGet(44)) - raft.server.rpc.slowness.timeout = 300s (custom)
2021-12-01 05:34:03,955 [pool-294-thread-1] INFO  server.RaftServerConfigKeys (ConfUtils.java:logGet(44)) - raft.server.leaderelection.leader.step-down.wait-time = 10s (default)
2021-12-01 05:34:03,955 [pool-294-thread-1] INFO  server.RaftServerConfigKeys (ConfUtils.java:logGet(44)) - raft.server.sleep.deviation.threshold = 300ms (default)
2021-12-01 05:34:03,955 [pool-294-thread-1] INFO  server.RaftServerConfigKeys (ConfUtils.java:logGet(44)) - raft.server.log.appender.install.snapshot.enabled = false (custom)
2021-12-01 05:34:03,955 [pool-294-thread-1] INFO  server.RaftServer$Division (ServerState.java:<init>(105)) - 71abcc26-9029-4fbf-a56a-b89502f0dfdb@group-678140B1059C: ConfigurationManager, init=-1: [da0cd28a-5297-4f90-8c80-70339634350f|rpc:127.0.0.1:45281|priority:0, 71abcc26-9029-4fbf-a56a-b89502f0dfdb|rpc:127.0.0.1:40523|priority:0, 50760388-b69f-4e6a-8619-7c3b28224d8a|rpc:127.0.0.1:41785|priority:1], old=null, confs=<EMPTY_MAP>
2021-12-01 05:34:03,956 [pool-294-thread-1] INFO  server.RaftServerConfigKeys (ConfUtils.java:logGet(44)) - raft.server.storage.dir = [/home/runner/work/ozone/ozone/hadoop-ozone/integration-test/target/test-dir/MiniOzoneClusterImpl-18ff7c11-c606-42f1-8c5c-1f8c02111a4f/datanode-0/data/ratis] (custom)
2021-12-01 05:34:03,956 [pool-294-thread-1] INFO  server.RaftServerConfigKeys (ConfUtils.java:logGet(44)) - raft.server.log.corruption.policy = EXCEPTION (default)
2021-12-01 05:34:03,956 [pool-294-thread-1] INFO  server.RaftServerConfigKeys (ConfUtils.java:logGet(44)) - raft.server.storage.free-space.min = 0MB (=0) (default)
2021-12-01 05:34:03,956 [pool-294-thread-1] INFO  storage.RaftStorageDirectory (RaftStorageDirectoryImpl.java:analyzeStorage(135)) - The storage directory /home/runner/work/ozone/ozone/hadoop-ozone/integration-test/target/test-dir/MiniOzoneClusterImpl-18ff7c11-c606-42f1-8c5c-1f8c02111a4f/datanode-0/data/ratis/ef65d66e-0a26-405c-8c09-678140b1059c does not exist. Creating ...
2021-12-01 05:34:03,957 [pool-294-thread-1] INFO  storage.RaftStorageDirectory (RaftStorageDirectoryImpl.java:tryLock(230)) - Lock on /home/runner/work/ozone/ozone/hadoop-ozone/integration-test/target/test-dir/MiniOzoneClusterImpl-18ff7c11-c606-42f1-8c5c-1f8c02111a4f/datanode-0/data/ratis/ef65d66e-0a26-405c-8c09-678140b1059c/in_use.lock acquired by nodename 30928@fv-az297-56
2021-12-01 05:34:03,958 [pool-294-thread-1] INFO  storage.RaftStorage (RaftStorageImpl.java:format(89)) - Storage directory /home/runner/work/ozone/ozone/hadoop-ozone/integration-test/target/test-dir/MiniOzoneClusterImpl-18ff7c11-c606-42f1-8c5c-1f8c02111a4f/datanode-0/data/ratis/ef65d66e-0a26-405c-8c09-678140b1059c has been successfully formatted.
2021-12-01 05:34:03,963 [EventQueue-OpenPipelineForHealthyPipelineSafeModeRule] INFO  safemode.SCMSafeModeManager (HealthyPipelineSafeModeRule.java:process(124)) - SCM in safe mode. Healthy pipelines reported count is 0, required healthy pipeline reported count is 1
2021-12-01 05:34:03,970 [pool-294-thread-1] INFO  ratis.ContainerStateMachine (ContainerStateMachine.java:loadSnapshot(224)) - group-678140B1059C: The snapshot info is null. Setting the last applied indexto:(t:0, i:~)
2021-12-01 05:34:03,970 [pool-294-thread-1] INFO  server.RaftServerConfigKeys (ConfUtils.java:logGet(44)) - raft.server.notification.no-leader.timeout = 300s (custom)
2021-12-01 05:34:03,970 [pool-294-thread-1] INFO  server.RaftServerConfigKeys (ConfUtils.java:logGet(44)) - raft.server.log.use.memory = false (default)
2021-12-01 05:34:03,970 [pool-294-thread-1] INFO  server.RaftServerConfigKeys (ConfUtils.java:logGet(44)) - raft.server.log.purge.gap = 1000000 (custom)
2021-12-01 05:34:03,970 [pool-294-thread-1] INFO  server.RaftServerConfigKeys (ConfUtils.java:logGet(44)) - raft.server.log.appender.buffer.byte-limit = 33554432 (custom)
2021-12-01 05:34:03,970 [pool-294-thread-1] INFO  server.RaftServerConfigKeys (ConfUtils.java:logGet(44)) - raft.server.log.segment.size.max = 1048576 (custom)
2021-12-01 05:34:03,971 [pool-294-thread-1] INFO  server.RaftServerConfigKeys (ConfUtils.java:logGet(44)) - raft.server.log.segment.cache.num.max = 2 (custom)
2021-12-01 05:34:03,971 [pool-294-thread-1] INFO  server.RaftServerConfigKeys (ConfUtils.java:logGet(44)) - raft.server.log.segment.cache.size.max = 200MB (=209715200) (default)
2021-12-01 05:34:03,971 [pool-294-thread-1] INFO  segmented.SegmentedRaftLogWorker (SegmentedRaftLogWorker.java:<init>(182)) - new 71abcc26-9029-4fbf-a56a-b89502f0dfdb@group-678140B1059C-SegmentedRaftLogWorker for RaftStorageImpl:Storage Directory /home/runner/work/ozone/ozone/hadoop-ozone/integration-test/target/test-dir/MiniOzoneClusterImpl-18ff7c11-c606-42f1-8c5c-1f8c02111a4f/datanode-0/data/ratis/ef65d66e-0a26-405c-8c09-678140b1059c
2021-12-01 05:34:03,971 [pool-294-thread-1] INFO  server.RaftServerConfigKeys (ConfUtils.java:logGet(44)) - raft.server.log.queue.byte-limit = 2147483647 (custom)
2021-12-01 05:34:03,971 [pool-294-thread-1] INFO  server.RaftServerConfigKeys (ConfUtils.java:logGet(44)) - raft.server.log.queue.element-limit = 1024 (custom)
2021-12-01 05:34:03,971 [pool-294-thread-1] INFO  server.RaftServerConfigKeys (ConfUtils.java:logGet(44)) - raft.server.log.segment.size.max = 1048576 (custom)
2021-12-01 05:34:03,971 [pool-294-thread-1] INFO  server.RaftServerConfigKeys (ConfUtils.java:logGet(44)) - raft.server.log.preallocated.size = 16384 (custom)
2021-12-01 05:34:03,971 [pool-294-thread-1] INFO  server.RaftServerConfigKeys (ConfUtils.java:logGet(44)) - raft.server.log.force.sync.num = 128 (default)
2021-12-01 05:34:03,971 [pool-294-thread-1] INFO  server.RaftServerConfigKeys (ConfUtils.java:logGet(44)) - raft.server.log.statemachine.data.sync = true (default)
2021-12-01 05:34:03,971 [pool-294-thread-1] INFO  server.RaftServerConfigKeys (ConfUtils.java:logGet(44)) - raft.server.log.statemachine.data.sync.timeout = 10s (default)
2021-12-01 05:34:03,971 [pool-294-thread-1] INFO  server.RaftServerConfigKeys (ConfUtils.java:logGet(44)) - raft.server.log.statemachine.data.sync.timeout.retry = -1 (default)
2021-12-01 05:34:03,972 [pool-294-thread-1] INFO  server.RaftServerConfigKeys (ConfUtils.java:logGet(44)) - raft.server.log.write.buffer.size = 1048576 (custom)
2021-12-01 05:34:03,972 [pool-294-thread-1] INFO  server.RaftServerConfigKeys (ConfUtils.java:logGet(44)) - raft.server.log.statemachine.data.caching.enabled = true (custom)
2021-12-01 05:34:03,973 [pool-294-thread-1] INFO  segmented.SegmentedRaftLogWorker (SegmentedRaftLogWorker.java:lambda$new$0(133)) - 71abcc26-9029-4fbf-a56a-b89502f0dfdb@group-678140B1059C-SegmentedRaftLogWorker: flushIndex: setUnconditionally 0 -> -1
2021-12-01 05:34:03,973 [pool-294-thread-1] INFO  segmented.SegmentedRaftLogWorker (SegmentedRaftLogWorker.java:lambda$new$0(133)) - 71abcc26-9029-4fbf-a56a-b89502f0dfdb@group-678140B1059C-SegmentedRaftLogWorker: safeCacheEvictIndex: setUnconditionally 0 -> -1
2021-12-01 05:34:03,975 [d9fd8670-dda0-4698-9e6d-057ae1a4980a@group-1F8C02111A4F-StateMachineUpdater] INFO  safemode.HealthyPipelineSafeModeRule (HealthyPipelineSafeModeRule.java:initializeRule(152)) - Refreshed total pipeline count is 0, healthy pipeline threshold count is 1
2021-12-01 05:34:03,978 [pool-294-thread-1] INFO  server.RaftServerConfigKeys (ConfUtils.java:logGet(44)) - raft.server.snapshot.auto.trigger.enabled = true (custom)
2021-12-01 05:34:03,978 [pool-294-thread-1] INFO  server.RaftServerConfigKeys (ConfUtils.java:logGet(44)) - raft.server.snapshot.auto.trigger.threshold = 10000 (custom)
2021-12-01 05:34:03,978 [pool-294-thread-1] INFO  server.RaftServerConfigKeys (ConfUtils.java:logGet(44)) - raft.server.snapshot.retention.file.num = 5 (custom)
2021-12-01 05:34:03,978 [pool-294-thread-1] INFO  server.RaftServerConfigKeys (ConfUtils.java:logGet(44)) - raft.server.log.purge.upto.snapshot.index = false (default)
2021-12-01 05:34:03,978 [pool-294-thread-1] INFO  server.RaftServerConfigKeys (ConfUtils.java:logGet(44)) - raft.server.retrycache.expirytime = 600000ms (custom)
2021-12-01 05:34:03,978 [pool-294-thread-1] INFO  server.RaftServerConfigKeys (ConfUtils.java:logGet(44)) - raft.server.retrycache.statistics.expirytime = 100μs (default)
2021-12-01 05:34:03,979 [pool-294-thread-1] INFO  server.RaftServer$Division (RaftServerImpl.java:start(301)) - 71abcc26-9029-4fbf-a56a-b89502f0dfdb@group-678140B1059C: start as a follower, conf=-1: [da0cd28a-5297-4f90-8c80-70339634350f|rpc:127.0.0.1:45281|priority:0, 71abcc26-9029-4fbf-a56a-b89502f0dfdb|rpc:127.0.0.1:40523|priority:0, 50760388-b69f-4e6a-8619-7c3b28224d8a|rpc:127.0.0.1:41785|priority:1], old=null
2021-12-01 05:34:03,979 [pool-294-thread-1] INFO  server.RaftServer$Division (RaftServerImpl.java:setRole(290)) - 71abcc26-9029-4fbf-a56a-b89502f0dfdb@group-678140B1059C: changes role from      null to FOLLOWER at term 0 for startAsFollower
2021-12-01 05:34:03,979 [pool-294-thread-1] INFO  impl.RoleInfo (RoleInfo.java:updateAndGet(130)) - 71abcc26-9029-4fbf-a56a-b89502f0dfdb: start 71abcc26-9029-4fbf-a56a-b89502f0dfdb@group-678140B1059C-FollowerState
2021-12-01 05:34:03,990 [pool-294-thread-1] INFO  util.JmxRegister (JmxRegister.java:tryRegister(44)) - Successfully registered JMX Bean with object name Ratis:service=RaftServer,group=group-678140B1059C,id=71abcc26-9029-4fbf-a56a-b89502f0dfdb
2021-12-01 05:34:03,994 [Command processor thread] INFO  ratis.XceiverServerRatis (XceiverServerRatis.java:addGroup(768)) - Created group PipelineID=ef65d66e-0a26-405c-8c09-678140b1059c
2021-12-01 05:34:03,996 [EventQueue-OpenPipelineForHealthyPipelineSafeModeRule] INFO  safemode.SCMSafeModeManager (HealthyPipelineSafeModeRule.java:process(124)) - SCM in safe mode. Healthy pipelines reported count is 0, required healthy pipeline reported count is 1
2021-12-01 05:34:04,011 [EventQueue-OpenPipelineForHealthyPipelineSafeModeRule] INFO  safemode.SCMSafeModeManager (HealthyPipelineSafeModeRule.java:process(124)) - SCM in safe mode. Healthy pipelines reported count is 0, required healthy pipeline reported count is 1
2021-12-01 05:34:04,023 [grpc-default-executor-2] INFO  server.RaftServer (RaftServerProxy.java:addNew(95)) - 50760388-b69f-4e6a-8619-7c3b28224d8a: addNew group-678140B1059C:[da0cd28a-5297-4f90-8c80-70339634350f|rpc:127.0.0.1:45281|dataStream:|priority:0, 71abcc26-9029-4fbf-a56a-b89502f0dfdb|rpc:127.0.0.1:40523|dataStream:|priority:0, 50760388-b69f-4e6a-8619-7c3b28224d8a|rpc:127.0.0.1:41785|dataStream:|priority:1] returns group-678140B1059C:java.util.concurrent.CompletableFuture@1f8d6803[Not completed]
2021-12-01 05:34:04,024 [pool-336-thread-1] INFO  server.RaftServer$Division (RaftServerImpl.java:<init>(184)) - 50760388-b69f-4e6a-8619-7c3b28224d8a: new RaftServerImpl for group-678140B1059C:[da0cd28a-5297-4f90-8c80-70339634350f|rpc:127.0.0.1:45281|dataStream:|priority:0, 71abcc26-9029-4fbf-a56a-b89502f0dfdb|rpc:127.0.0.1:40523|dataStream:|priority:0, 50760388-b69f-4e6a-8619-7c3b28224d8a|rpc:127.0.0.1:41785|dataStream:|priority:1] with ContainerStateMachine:uninitialized
2021-12-01 05:34:04,024 [pool-336-thread-1] INFO  server.RaftServerConfigKeys (ConfUtils.java:logGet(44)) - raft.server.rpc.timeout.min = 5s (custom)
2021-12-01 05:34:04,024 [pool-336-thread-1] INFO  server.RaftServerConfigKeys (ConfUtils.java:logGet(44)) - raft.server.rpc.timeout.max = 5200ms (custom)
2021-12-01 05:34:04,025 [pool-336-thread-1] INFO  server.RaftServerConfigKeys (ConfUtils.java:logGet(44)) - raft.server.rpc.sleep.time = 25ms (default)
2021-12-01 05:34:04,028 [pool-336-thread-1] INFO  server.RaftServerConfigKeys (ConfUtils.java:logGet(44)) - raft.server.rpc.slowness.timeout = 300s (custom)
2021-12-01 05:34:04,028 [pool-336-thread-1] INFO  server.RaftServerConfigKeys (ConfUtils.java:logGet(44)) - raft.server.leaderelection.leader.step-down.wait-time = 10s (default)
2021-12-01 05:34:04,028 [pool-336-thread-1] INFO  server.RaftServerConfigKeys (ConfUtils.java:logGet(44)) - raft.server.sleep.deviation.threshold = 300ms (default)
2021-12-01 05:34:04,028 [pool-336-thread-1] INFO  server.RaftServerConfigKeys (ConfUtils.java:logGet(44)) - raft.server.log.appender.install.snapshot.enabled = false (custom)
2021-12-01 05:34:04,028 [pool-336-thread-1] INFO  server.RaftServer$Division (ServerState.java:<init>(105)) - 50760388-b69f-4e6a-8619-7c3b28224d8a@group-678140B1059C: ConfigurationManager, init=-1: [da0cd28a-5297-4f90-8c80-70339634350f|rpc:127.0.0.1:45281|dataStream:|priority:0, 71abcc26-9029-4fbf-a56a-b89502f0dfdb|rpc:127.0.0.1:40523|dataStream:|priority:0, 50760388-b69f-4e6a-8619-7c3b28224d8a|rpc:127.0.0.1:41785|dataStream:|priority:1], old=null, confs=<EMPTY_MAP>
2021-12-01 05:34:04,028 [pool-336-thread-1] INFO  server.RaftServerConfigKeys (ConfUtils.java:logGet(44)) - raft.server.storage.dir = [/home/runner/work/ozone/ozone/hadoop-ozone/integration-test/target/test-dir/MiniOzoneClusterImpl-18ff7c11-c606-42f1-8c5c-1f8c02111a4f/datanode-2/data/ratis] (custom)
2021-12-01 05:34:04,028 [pool-336-thread-1] INFO  server.RaftServerConfigKeys (ConfUtils.java:logGet(44)) - raft.server.log.corruption.policy = EXCEPTION (default)
2021-12-01 05:34:04,028 [pool-336-thread-1] INFO  server.RaftServerConfigKeys (ConfUtils.java:logGet(44)) - raft.server.storage.free-space.min = 0MB (=0) (default)
2021-12-01 05:34:04,028 [pool-336-thread-1] INFO  storage.RaftStorageDirectory (RaftStorageDirectoryImpl.java:analyzeStorage(135)) - The storage directory /home/runner/work/ozone/ozone/hadoop-ozone/integration-test/target/test-dir/MiniOzoneClusterImpl-18ff7c11-c606-42f1-8c5c-1f8c02111a4f/datanode-2/data/ratis/ef65d66e-0a26-405c-8c09-678140b1059c does not exist. Creating ...
2021-12-01 05:34:04,029 [pool-336-thread-1] INFO  storage.RaftStorageDirectory (RaftStorageDirectoryImpl.java:tryLock(230)) - Lock on /home/runner/work/ozone/ozone/hadoop-ozone/integration-test/target/test-dir/MiniOzoneClusterImpl-18ff7c11-c606-42f1-8c5c-1f8c02111a4f/datanode-2/data/ratis/ef65d66e-0a26-405c-8c09-678140b1059c/in_use.lock acquired by nodename 30928@fv-az297-56
2021-12-01 05:34:04,030 [pool-336-thread-1] INFO  storage.RaftStorage (RaftStorageImpl.java:format(89)) - Storage directory /home/runner/work/ozone/ozone/hadoop-ozone/integration-test/target/test-dir/MiniOzoneClusterImpl-18ff7c11-c606-42f1-8c5c-1f8c02111a4f/datanode-2/data/ratis/ef65d66e-0a26-405c-8c09-678140b1059c has been successfully formatted.
2021-12-01 05:34:04,031 [pool-336-thread-1] INFO  ratis.ContainerStateMachine (ContainerStateMachine.java:loadSnapshot(224)) - group-678140B1059C: The snapshot info is null. Setting the last applied indexto:(t:0, i:~)
2021-12-01 05:34:04,033 [pool-336-thread-1] INFO  server.RaftServerConfigKeys (ConfUtils.java:logGet(44)) - raft.server.notification.no-leader.timeout = 300s (custom)
2021-12-01 05:34:04,033 [pool-336-thread-1] INFO  server.RaftServerConfigKeys (ConfUtils.java:logGet(44)) - raft.server.log.use.memory = false (default)
2021-12-01 05:34:04,033 [pool-336-thread-1] INFO  server.RaftServerConfigKeys (ConfUtils.java:logGet(44)) - raft.server.log.purge.gap = 1000000 (custom)
2021-12-01 05:34:04,033 [pool-336-thread-1] INFO  server.RaftServerConfigKeys (ConfUtils.java:logGet(44)) - raft.server.log.appender.buffer.byte-limit = 33554432 (custom)
2021-12-01 05:34:04,034 [pool-336-thread-1] INFO  server.RaftServerConfigKeys (ConfUtils.java:logGet(44)) - raft.server.log.segment.size.max = 1048576 (custom)
2021-12-01 05:34:04,034 [pool-336-thread-1] INFO  server.RaftServerConfigKeys (ConfUtils.java:logGet(44)) - raft.server.log.segment.cache.num.max = 2 (custom)
2021-12-01 05:34:04,035 [pool-336-thread-1] INFO  server.RaftServerConfigKeys (ConfUtils.java:logGet(44)) - raft.server.log.segment.cache.size.max = 200MB (=209715200) (default)
2021-12-01 05:34:04,035 [pool-336-thread-1] INFO  segmented.SegmentedRaftLogWorker (SegmentedRaftLogWorker.java:<init>(182)) - new 50760388-b69f-4e6a-8619-7c3b28224d8a@group-678140B1059C-SegmentedRaftLogWorker for RaftStorageImpl:Storage Directory /home/runner/work/ozone/ozone/hadoop-ozone/integration-test/target/test-dir/MiniOzoneClusterImpl-18ff7c11-c606-42f1-8c5c-1f8c02111a4f/datanode-2/data/ratis/ef65d66e-0a26-405c-8c09-678140b1059c
2021-12-01 05:34:04,035 [pool-336-thread-1] INFO  server.RaftServerConfigKeys (ConfUtils.java:logGet(44)) - raft.server.log.queue.byte-limit = 2147483647 (custom)
2021-12-01 05:34:04,035 [pool-336-thread-1] INFO  server.RaftServerConfigKeys (ConfUtils.java:logGet(44)) - raft.server.log.queue.element-limit = 1024 (custom)
2021-12-01 05:34:04,035 [pool-336-thread-1] INFO  server.RaftServerConfigKeys (ConfUtils.java:logGet(44)) - raft.server.log.segment.size.max = 1048576 (custom)
2021-12-01 05:34:04,039 [pool-336-thread-1] INFO  server.RaftServerConfigKeys (ConfUtils.java:logGet(44)) - raft.server.log.preallocated.size = 16384 (custom)
2021-12-01 05:34:04,039 [pool-336-thread-1] INFO  server.RaftServerConfigKeys (ConfUtils.java:logGet(44)) - raft.server.log.force.sync.num = 128 (default)
2021-12-01 05:34:04,039 [pool-336-thread-1] INFO  server.RaftServerConfigKeys (ConfUtils.java:logGet(44)) - raft.server.log.statemachine.data.sync = true (default)
2021-12-01 05:34:04,039 [pool-336-thread-1] INFO  server.RaftServerConfigKeys (ConfUtils.java:logGet(44)) - raft.server.log.statemachine.data.sync.timeout = 10s (default)
2021-12-01 05:34:04,039 [pool-336-thread-1] INFO  server.RaftServerConfigKeys (ConfUtils.java:logGet(44)) - raft.server.log.statemachine.data.sync.timeout.retry = -1 (default)
2021-12-01 05:34:04,040 [pool-336-thread-1] INFO  server.RaftServerConfigKeys (ConfUtils.java:logGet(44)) - raft.server.log.write.buffer.size = 1048576 (custom)
2021-12-01 05:34:04,041 [pool-336-thread-1] INFO  server.RaftServerConfigKeys (ConfUtils.java:logGet(44)) - raft.server.log.statemachine.data.caching.enabled = true (custom)
2021-12-01 05:34:04,041 [pool-336-thread-1] INFO  segmented.SegmentedRaftLogWorker (SegmentedRaftLogWorker.java:lambda$new$0(133)) - 50760388-b69f-4e6a-8619-7c3b28224d8a@group-678140B1059C-SegmentedRaftLogWorker: flushIndex: setUnconditionally 0 -> -1
2021-12-01 05:34:04,041 [pool-336-thread-1] INFO  segmented.SegmentedRaftLogWorker (SegmentedRaftLogWorker.java:lambda$new$0(133)) - 50760388-b69f-4e6a-8619-7c3b28224d8a@group-678140B1059C-SegmentedRaftLogWorker: safeCacheEvictIndex: setUnconditionally 0 -> -1
2021-12-01 05:34:04,049 [pool-336-thread-1] INFO  server.RaftServerConfigKeys (ConfUtils.java:logGet(44)) - raft.server.snapshot.auto.trigger.enabled = true (custom)
2021-12-01 05:34:04,049 [pool-336-thread-1] INFO  server.RaftServerConfigKeys (ConfUtils.java:logGet(44)) - raft.server.snapshot.auto.trigger.threshold = 10000 (custom)
2021-12-01 05:34:04,049 [pool-336-thread-1] INFO  server.RaftServerConfigKeys (ConfUtils.java:logGet(44)) - raft.server.snapshot.retention.file.num = 5 (custom)
2021-12-01 05:34:04,049 [pool-336-thread-1] INFO  server.RaftServerConfigKeys (ConfUtils.java:logGet(44)) - raft.server.log.purge.upto.snapshot.index = false (default)
2021-12-01 05:34:04,049 [pool-336-thread-1] INFO  server.RaftServerConfigKeys (ConfUtils.java:logGet(44)) - raft.server.retrycache.expirytime = 600000ms (custom)
2021-12-01 05:34:04,049 [pool-336-thread-1] INFO  server.RaftServerConfigKeys (ConfUtils.java:logGet(44)) - raft.server.retrycache.statistics.expirytime = 100μs (default)
2021-12-01 05:34:04,050 [pool-336-thread-1] INFO  server.RaftServer$Division (RaftServerImpl.java:start(301)) - 50760388-b69f-4e6a-8619-7c3b28224d8a@group-678140B1059C: start as a follower, conf=-1: [da0cd28a-5297-4f90-8c80-70339634350f|rpc:127.0.0.1:45281|dataStream:|priority:0, 71abcc26-9029-4fbf-a56a-b89502f0dfdb|rpc:127.0.0.1:40523|dataStream:|priority:0, 50760388-b69f-4e6a-8619-7c3b28224d8a|rpc:127.0.0.1:41785|dataStream:|priority:1], old=null
2021-12-01 05:34:04,051 [pool-336-thread-1] INFO  server.RaftServer$Division (RaftServerImpl.java:setRole(290)) - 50760388-b69f-4e6a-8619-7c3b28224d8a@group-678140B1059C: changes role from      null to FOLLOWER at term 0 for startAsFollower
2021-12-01 05:34:04,051 [pool-336-thread-1] INFO  impl.RoleInfo (RoleInfo.java:updateAndGet(130)) - 50760388-b69f-4e6a-8619-7c3b28224d8a: start 50760388-b69f-4e6a-8619-7c3b28224d8a@group-678140B1059C-FollowerState
2021-12-01 05:34:04,084 [pool-336-thread-1] INFO  util.JmxRegister (JmxRegister.java:tryRegister(44)) - Successfully registered JMX Bean with object name Ratis:service=RaftServer,group=group-678140B1059C,id=50760388-b69f-4e6a-8619-7c3b28224d8a
2021-12-01 05:34:04,102 [EndpointStateMachine task thread for /127.0.0.1:14539 - 0 ] INFO  ipc.Client (Client.java:handleConnectionFailure(977)) - Retrying connect to server: localhost/127.0.0.1:14539. Already tried 11 time(s); retry policy is RetryUpToMaximumCountWithFixedSleep(maxRetries=15, sleepTime=1000 MILLISECONDS)
2021-12-01 05:34:04,102 [EndpointStateMachine task thread for /127.0.0.1:14549 - 0 ] INFO  ipc.Client (Client.java:handleConnectionFailure(977)) - Retrying connect to server: localhost/127.0.0.1:14549. Already tried 11 time(s); retry policy is RetryUpToMaximumCountWithFixedSleep(maxRetries=15, sleepTime=1000 MILLISECONDS)
2021-12-01 05:34:04,108 [EndpointStateMachine task thread for /127.0.0.1:14529 - 0 ] INFO  ipc.Client (Client.java:handleConnectionFailure(977)) - Retrying connect to server: localhost/127.0.0.1:14529. Already tried 11 time(s); retry policy is RetryUpToMaximumCountWithFixedSleep(maxRetries=15, sleepTime=1000 MILLISECONDS)
2021-12-01 05:34:04,122 [grpc-default-executor-2] INFO  server.RaftServer (RaftServerProxy.java:addNew(95)) - da0cd28a-5297-4f90-8c80-70339634350f: addNew group-678140B1059C:[da0cd28a-5297-4f90-8c80-70339634350f|rpc:127.0.0.1:45281|dataStream:|priority:0, 71abcc26-9029-4fbf-a56a-b89502f0dfdb|rpc:127.0.0.1:40523|dataStream:|priority:0, 50760388-b69f-4e6a-8619-7c3b28224d8a|rpc:127.0.0.1:41785|dataStream:|priority:1] returns group-678140B1059C:java.util.concurrent.CompletableFuture@b76f8eb[Not completed]
2021-12-01 05:34:04,122 [pool-315-thread-1] INFO  server.RaftServer$Division (RaftServerImpl.java:<init>(184)) - da0cd28a-5297-4f90-8c80-70339634350f: new RaftServerImpl for group-678140B1059C:[da0cd28a-5297-4f90-8c80-70339634350f|rpc:127.0.0.1:45281|dataStream:|priority:0, 71abcc26-9029-4fbf-a56a-b89502f0dfdb|rpc:127.0.0.1:40523|dataStream:|priority:0, 50760388-b69f-4e6a-8619-7c3b28224d8a|rpc:127.0.0.1:41785|dataStream:|priority:1] with ContainerStateMachine:uninitialized
2021-12-01 05:34:04,122 [pool-315-thread-1] INFO  server.RaftServerConfigKeys (ConfUtils.java:logGet(44)) - raft.server.rpc.timeout.min = 5s (custom)
2021-12-01 05:34:04,123 [pool-315-thread-1] INFO  server.RaftServerConfigKeys (ConfUtils.java:logGet(44)) - raft.server.rpc.timeout.max = 5200ms (custom)
2021-12-01 05:34:04,123 [pool-315-thread-1] INFO  server.RaftServerConfigKeys (ConfUtils.java:logGet(44)) - raft.server.rpc.sleep.time = 25ms (default)
2021-12-01 05:34:04,123 [pool-315-thread-1] INFO  server.RaftServerConfigKeys (ConfUtils.java:logGet(44)) - raft.server.rpc.slowness.timeout = 300s (custom)
2021-12-01 05:34:04,123 [pool-315-thread-1] INFO  server.RaftServerConfigKeys (ConfUtils.java:logGet(44)) - raft.server.leaderelection.leader.step-down.wait-time = 10s (default)
2021-12-01 05:34:04,123 [pool-315-thread-1] INFO  server.RaftServerConfigKeys (ConfUtils.java:logGet(44)) - raft.server.sleep.deviation.threshold = 300ms (default)
2021-12-01 05:34:04,123 [pool-315-thread-1] INFO  server.RaftServerConfigKeys (ConfUtils.java:logGet(44)) - raft.server.log.appender.install.snapshot.enabled = false (custom)
2021-12-01 05:34:04,123 [pool-315-thread-1] INFO  server.RaftServer$Division (ServerState.java:<init>(105)) - da0cd28a-5297-4f90-8c80-70339634350f@group-678140B1059C: ConfigurationManager, init=-1: [da0cd28a-5297-4f90-8c80-70339634350f|rpc:127.0.0.1:45281|dataStream:|priority:0, 71abcc26-9029-4fbf-a56a-b89502f0dfdb|rpc:127.0.0.1:40523|dataStream:|priority:0, 50760388-b69f-4e6a-8619-7c3b28224d8a|rpc:127.0.0.1:41785|dataStream:|priority:1], old=null, confs=<EMPTY_MAP>
2021-12-01 05:34:04,123 [pool-315-thread-1] INFO  server.RaftServerConfigKeys (ConfUtils.java:logGet(44)) - raft.server.storage.dir = [/home/runner/work/ozone/ozone/hadoop-ozone/integration-test/target/test-dir/MiniOzoneClusterImpl-18ff7c11-c606-42f1-8c5c-1f8c02111a4f/datanode-1/data/ratis] (custom)
2021-12-01 05:34:04,123 [pool-315-thread-1] INFO  server.RaftServerConfigKeys (ConfUtils.java:logGet(44)) - raft.server.log.corruption.policy = EXCEPTION (default)
2021-12-01 05:34:04,128 [pool-315-thread-1] INFO  server.RaftServerConfigKeys (ConfUtils.java:logGet(44)) - raft.server.storage.free-space.min = 0MB (=0) (default)
2021-12-01 05:34:04,128 [pool-315-thread-1] INFO  storage.RaftStorageDirectory (RaftStorageDirectoryImpl.java:analyzeStorage(135)) - The storage directory /home/runner/work/ozone/ozone/hadoop-ozone/integration-test/target/test-dir/MiniOzoneClusterImpl-18ff7c11-c606-42f1-8c5c-1f8c02111a4f/datanode-1/data/ratis/ef65d66e-0a26-405c-8c09-678140b1059c does not exist. Creating ...
2021-12-01 05:34:04,131 [pool-315-thread-1] INFO  storage.RaftStorageDirectory (RaftStorageDirectoryImpl.java:tryLock(230)) - Lock on /home/runner/work/ozone/ozone/hadoop-ozone/integration-test/target/test-dir/MiniOzoneClusterImpl-18ff7c11-c606-42f1-8c5c-1f8c02111a4f/datanode-1/data/ratis/ef65d66e-0a26-405c-8c09-678140b1059c/in_use.lock acquired by nodename 30928@fv-az297-56
2021-12-01 05:34:04,134 [pool-315-thread-1] INFO  storage.RaftStorage (RaftStorageImpl.java:format(89)) - Storage directory /home/runner/work/ozone/ozone/hadoop-ozone/integration-test/target/test-dir/MiniOzoneClusterImpl-18ff7c11-c606-42f1-8c5c-1f8c02111a4f/datanode-1/data/ratis/ef65d66e-0a26-405c-8c09-678140b1059c has been successfully formatted.
2021-12-01 05:34:04,135 [pool-315-thread-1] INFO  ratis.ContainerStateMachine (ContainerStateMachine.java:loadSnapshot(224)) - group-678140B1059C: The snapshot info is null. Setting the last applied indexto:(t:0, i:~)
2021-12-01 05:34:04,135 [pool-315-thread-1] INFO  server.RaftServerConfigKeys (ConfUtils.java:logGet(44)) - raft.server.notification.no-leader.timeout = 300s (custom)
2021-12-01 05:34:04,137 [pool-315-thread-1] INFO  server.RaftServerConfigKeys (ConfUtils.java:logGet(44)) - raft.server.log.use.memory = false (default)
2021-12-01 05:34:04,137 [pool-315-thread-1] INFO  server.RaftServerConfigKeys (ConfUtils.java:logGet(44)) - raft.server.log.purge.gap = 1000000 (custom)
2021-12-01 05:34:04,137 [pool-315-thread-1] INFO  server.RaftServerConfigKeys (ConfUtils.java:logGet(44)) - raft.server.log.appender.buffer.byte-limit = 33554432 (custom)
2021-12-01 05:34:04,138 [pool-315-thread-1] INFO  server.RaftServerConfigKeys (ConfUtils.java:logGet(44)) - raft.server.log.segment.size.max = 1048576 (custom)
2021-12-01 05:34:04,138 [pool-315-thread-1] INFO  server.RaftServerConfigKeys (ConfUtils.java:logGet(44)) - raft.server.log.segment.cache.num.max = 2 (custom)
2021-12-01 05:34:04,138 [pool-315-thread-1] INFO  server.RaftServerConfigKeys (ConfUtils.java:logGet(44)) - raft.server.log.segment.cache.size.max = 200MB (=209715200) (default)
2021-12-01 05:34:04,138 [pool-315-thread-1] INFO  segmented.SegmentedRaftLogWorker (SegmentedRaftLogWorker.java:<init>(182)) - new da0cd28a-5297-4f90-8c80-70339634350f@group-678140B1059C-SegmentedRaftLogWorker for RaftStorageImpl:Storage Directory /home/runner/work/ozone/ozone/hadoop-ozone/integration-test/target/test-dir/MiniOzoneClusterImpl-18ff7c11-c606-42f1-8c5c-1f8c02111a4f/datanode-1/data/ratis/ef65d66e-0a26-405c-8c09-678140b1059c
2021-12-01 05:34:04,138 [pool-315-thread-1] INFO  server.RaftServerConfigKeys (ConfUtils.java:logGet(44)) - raft.server.log.queue.byte-limit = 2147483647 (custom)
2021-12-01 05:34:04,138 [pool-315-thread-1] INFO  server.RaftServerConfigKeys (ConfUtils.java:logGet(44)) - raft.server.log.queue.element-limit = 1024 (custom)
2021-12-01 05:34:04,138 [pool-315-thread-1] INFO  server.RaftServerConfigKeys (ConfUtils.java:logGet(44)) - raft.server.log.segment.size.max = 1048576 (custom)
2021-12-01 05:34:04,138 [pool-315-thread-1] INFO  server.RaftServerConfigKeys (ConfUtils.java:logGet(44)) - raft.server.log.preallocated.size = 16384 (custom)
2021-12-01 05:34:04,139 [pool-315-thread-1] INFO  server.RaftServerConfigKeys (ConfUtils.java:logGet(44)) - raft.server.log.force.sync.num = 128 (default)
2021-12-01 05:34:04,139 [pool-315-thread-1] INFO  server.RaftServerConfigKeys (ConfUtils.java:logGet(44)) - raft.server.log.statemachine.data.sync = true (default)
2021-12-01 05:34:04,139 [pool-315-thread-1] INFO  server.RaftServerConfigKeys (ConfUtils.java:logGet(44)) - raft.server.log.statemachine.data.sync.timeout = 10s (default)
2021-12-01 05:34:04,139 [pool-315-thread-1] INFO  server.RaftServerConfigKeys (ConfUtils.java:logGet(44)) - raft.server.log.statemachine.data.sync.timeout.retry = -1 (default)
2021-12-01 05:34:04,139 [pool-315-thread-1] INFO  server.RaftServerConfigKeys (ConfUtils.java:logGet(44)) - raft.server.log.write.buffer.size = 1048576 (custom)
2021-12-01 05:34:04,140 [pool-315-thread-1] INFO  server.RaftServerConfigKeys (ConfUtils.java:logGet(44)) - raft.server.log.statemachine.data.caching.enabled = true (custom)
2021-12-01 05:34:04,142 [pool-315-thread-1] INFO  segmented.SegmentedRaftLogWorker (SegmentedRaftLogWorker.java:lambda$new$0(133)) - da0cd28a-5297-4f90-8c80-70339634350f@group-678140B1059C-SegmentedRaftLogWorker: flushIndex: setUnconditionally 0 -> -1
2021-12-01 05:34:04,142 [pool-315-thread-1] INFO  segmented.SegmentedRaftLogWorker (SegmentedRaftLogWorker.java:lambda$new$0(133)) - da0cd28a-5297-4f90-8c80-70339634350f@group-678140B1059C-SegmentedRaftLogWorker: safeCacheEvictIndex: setUnconditionally 0 -> -1
2021-12-01 05:34:04,146 [pool-315-thread-1] INFO  server.RaftServerConfigKeys (ConfUtils.java:logGet(44)) - raft.server.snapshot.auto.trigger.enabled = true (custom)
2021-12-01 05:34:04,146 [pool-315-thread-1] INFO  server.RaftServerConfigKeys (ConfUtils.java:logGet(44)) - raft.server.snapshot.auto.trigger.threshold = 10000 (custom)
2021-12-01 05:34:04,146 [pool-315-thread-1] INFO  server.RaftServerConfigKeys (ConfUtils.java:logGet(44)) - raft.server.snapshot.retention.file.num = 5 (custom)
2021-12-01 05:34:04,146 [pool-315-thread-1] INFO  server.RaftServerConfigKeys (ConfUtils.java:logGet(44)) - raft.server.log.purge.upto.snapshot.index = false (default)
2021-12-01 05:34:04,146 [pool-315-thread-1] INFO  server.RaftServerConfigKeys (ConfUtils.java:logGet(44)) - raft.server.retrycache.expirytime = 600000ms (custom)
2021-12-01 05:34:04,146 [pool-315-thread-1] INFO  server.RaftServerConfigKeys (ConfUtils.java:logGet(44)) - raft.server.retrycache.statistics.expirytime = 100μs (default)
2021-12-01 05:34:04,148 [pool-315-thread-1] INFO  server.RaftServer$Division (RaftServerImpl.java:start(301)) - da0cd28a-5297-4f90-8c80-70339634350f@group-678140B1059C: start as a follower, conf=-1: [da0cd28a-5297-4f90-8c80-70339634350f|rpc:127.0.0.1:45281|dataStream:|priority:0, 71abcc26-9029-4fbf-a56a-b89502f0dfdb|rpc:127.0.0.1:40523|dataStream:|priority:0, 50760388-b69f-4e6a-8619-7c3b28224d8a|rpc:127.0.0.1:41785|dataStream:|priority:1], old=null
2021-12-01 05:34:04,148 [pool-315-thread-1] INFO  server.RaftServer$Division (RaftServerImpl.java:setRole(290)) - da0cd28a-5297-4f90-8c80-70339634350f@group-678140B1059C: changes role from      null to FOLLOWER at term 0 for startAsFollower
2021-12-01 05:34:04,148 [pool-315-thread-1] INFO  impl.RoleInfo (RoleInfo.java:updateAndGet(130)) - da0cd28a-5297-4f90-8c80-70339634350f: start da0cd28a-5297-4f90-8c80-70339634350f@group-678140B1059C-FollowerState
2021-12-01 05:34:04,155 [pool-315-thread-1] INFO  util.JmxRegister (JmxRegister.java:tryRegister(44)) - Successfully registered JMX Bean with object name Ratis:service=RaftServer,group=group-678140B1059C,id=da0cd28a-5297-4f90-8c80-70339634350f
2021-12-01 05:34:04,170 [Command processor thread] INFO  commandhandler.CreatePipelineCommandHandler (CreatePipelineCommandHandler.java:handle(106)) - Created Pipeline RATIS THREE PipelineID=ef65d66e-0a26-405c-8c09-678140b1059c.
2021-12-01 05:34:04,171 [Command processor thread] INFO  server.RaftServer (RaftServerProxy.java:addNew(95)) - 71abcc26-9029-4fbf-a56a-b89502f0dfdb: addNew group-9BDD03F14CCC:[da0cd28a-5297-4f90-8c80-70339634350f|rpc:127.0.0.1:45281|priority:1, 71abcc26-9029-4fbf-a56a-b89502f0dfdb|rpc:127.0.0.1:40523|priority:0, 50760388-b69f-4e6a-8619-7c3b28224d8a|rpc:127.0.0.1:41785|priority:0] returns group-9BDD03F14CCC:java.util.concurrent.CompletableFuture@41f28600[Not completed]
2021-12-01 05:34:04,171 [pool-294-thread-1] INFO  server.RaftServer$Division (RaftServerImpl.java:<init>(184)) - 71abcc26-9029-4fbf-a56a-b89502f0dfdb: new RaftServerImpl for group-9BDD03F14CCC:[da0cd28a-5297-4f90-8c80-70339634350f|rpc:127.0.0.1:45281|priority:1, 71abcc26-9029-4fbf-a56a-b89502f0dfdb|rpc:127.0.0.1:40523|priority:0, 50760388-b69f-4e6a-8619-7c3b28224d8a|rpc:127.0.0.1:41785|priority:0] with ContainerStateMachine:uninitialized
2021-12-01 05:34:04,171 [pool-294-thread-1] INFO  server.RaftServerConfigKeys (ConfUtils.java:logGet(44)) - raft.server.rpc.timeout.min = 5s (custom)
2021-12-01 05:34:04,171 [pool-294-thread-1] INFO  server.RaftServerConfigKeys (ConfUtils.java:logGet(44)) - raft.server.rpc.timeout.max = 5200ms (custom)
2021-12-01 05:34:04,171 [pool-294-thread-1] INFO  server.RaftServerConfigKeys (ConfUtils.java:logGet(44)) - raft.server.rpc.sleep.time = 25ms (default)
2021-12-01 05:34:04,171 [pool-294-thread-1] INFO  server.RaftServerConfigKeys (ConfUtils.java:logGet(44)) - raft.server.rpc.slowness.timeout = 300s (custom)
2021-12-01 05:34:04,172 [pool-294-thread-1] INFO  server.RaftServerConfigKeys (ConfUtils.java:logGet(44)) - raft.server.leaderelection.leader.step-down.wait-time = 10s (default)
2021-12-01 05:34:04,172 [pool-294-thread-1] INFO  server.RaftServerConfigKeys (ConfUtils.java:logGet(44)) - raft.server.sleep.deviation.threshold = 300ms (default)
2021-12-01 05:34:04,172 [pool-294-thread-1] INFO  server.RaftServerConfigKeys (ConfUtils.java:logGet(44)) - raft.server.log.appender.install.snapshot.enabled = false (custom)
2021-12-01 05:34:04,172 [pool-294-thread-1] INFO  server.RaftServer$Division (ServerState.java:<init>(105)) - 71abcc26-9029-4fbf-a56a-b89502f0dfdb@group-9BDD03F14CCC: ConfigurationManager, init=-1: [da0cd28a-5297-4f90-8c80-70339634350f|rpc:127.0.0.1:45281|priority:1, 71abcc26-9029-4fbf-a56a-b89502f0dfdb|rpc:127.0.0.1:40523|priority:0, 50760388-b69f-4e6a-8619-7c3b28224d8a|rpc:127.0.0.1:41785|priority:0], old=null, confs=<EMPTY_MAP>
2021-12-01 05:34:04,172 [pool-294-thread-1] INFO  server.RaftServerConfigKeys (ConfUtils.java:logGet(44)) - raft.server.storage.dir = [/home/runner/work/ozone/ozone/hadoop-ozone/integration-test/target/test-dir/MiniOzoneClusterImpl-18ff7c11-c606-42f1-8c5c-1f8c02111a4f/datanode-0/data/ratis] (custom)
2021-12-01 05:34:04,172 [pool-294-thread-1] INFO  server.RaftServerConfigKeys (ConfUtils.java:logGet(44)) - raft.server.log.corruption.policy = EXCEPTION (default)
2021-12-01 05:34:04,172 [pool-294-thread-1] INFO  server.RaftServerConfigKeys (ConfUtils.java:logGet(44)) - raft.server.storage.free-space.min = 0MB (=0) (default)
2021-12-01 05:34:04,172 [pool-294-thread-1] INFO  storage.RaftStorageDirectory (RaftStorageDirectoryImpl.java:analyzeStorage(135)) - The storage directory /home/runner/work/ozone/ozone/hadoop-ozone/integration-test/target/test-dir/MiniOzoneClusterImpl-18ff7c11-c606-42f1-8c5c-1f8c02111a4f/datanode-0/data/ratis/a4cb820e-ec71-4f61-b24e-9bdd03f14ccc does not exist. Creating ...
2021-12-01 05:34:04,173 [pool-294-thread-1] INFO  storage.RaftStorageDirectory (RaftStorageDirectoryImpl.java:tryLock(230)) - Lock on /home/runner/work/ozone/ozone/hadoop-ozone/integration-test/target/test-dir/MiniOzoneClusterImpl-18ff7c11-c606-42f1-8c5c-1f8c02111a4f/datanode-0/data/ratis/a4cb820e-ec71-4f61-b24e-9bdd03f14ccc/in_use.lock acquired by nodename 30928@fv-az297-56
2021-12-01 05:34:04,174 [pool-294-thread-1] INFO  storage.RaftStorage (RaftStorageImpl.java:format(89)) - Storage directory /home/runner/work/ozone/ozone/hadoop-ozone/integration-test/target/test-dir/MiniOzoneClusterImpl-18ff7c11-c606-42f1-8c5c-1f8c02111a4f/datanode-0/data/ratis/a4cb820e-ec71-4f61-b24e-9bdd03f14ccc has been successfully formatted.
2021-12-01 05:34:04,174 [pool-294-thread-1] INFO  ratis.ContainerStateMachine (ContainerStateMachine.java:loadSnapshot(224)) - group-9BDD03F14CCC: The snapshot info is null. Setting the last applied indexto:(t:0, i:~)
2021-12-01 05:34:04,174 [pool-294-thread-1] INFO  server.RaftServerConfigKeys (ConfUtils.java:logGet(44)) - raft.server.notification.no-leader.timeout = 300s (custom)
2021-12-01 05:34:04,174 [pool-294-thread-1] INFO  server.RaftServerConfigKeys (ConfUtils.java:logGet(44)) - raft.server.log.use.memory = false (default)
2021-12-01 05:34:04,174 [pool-294-thread-1] INFO  server.RaftServerConfigKeys (ConfUtils.java:logGet(44)) - raft.server.log.purge.gap = 1000000 (custom)
2021-12-01 05:34:04,175 [pool-294-thread-1] INFO  server.RaftServerConfigKeys (ConfUtils.java:logGet(44)) - raft.server.log.appender.buffer.byte-limit = 33554432 (custom)
2021-12-01 05:34:04,175 [pool-294-thread-1] INFO  server.RaftServerConfigKeys (ConfUtils.java:logGet(44)) - raft.server.log.segment.size.max = 1048576 (custom)
2021-12-01 05:34:04,175 [pool-294-thread-1] INFO  server.RaftServerConfigKeys (ConfUtils.java:logGet(44)) - raft.server.log.segment.cache.num.max = 2 (custom)
2021-12-01 05:34:04,175 [pool-294-thread-1] INFO  server.RaftServerConfigKeys (ConfUtils.java:logGet(44)) - raft.server.log.segment.cache.size.max = 200MB (=209715200) (default)
2021-12-01 05:34:04,175 [pool-294-thread-1] INFO  segmented.SegmentedRaftLogWorker (SegmentedRaftLogWorker.java:<init>(182)) - new 71abcc26-9029-4fbf-a56a-b89502f0dfdb@group-9BDD03F14CCC-SegmentedRaftLogWorker for RaftStorageImpl:Storage Directory /home/runner/work/ozone/ozone/hadoop-ozone/integration-test/target/test-dir/MiniOzoneClusterImpl-18ff7c11-c606-42f1-8c5c-1f8c02111a4f/datanode-0/data/ratis/a4cb820e-ec71-4f61-b24e-9bdd03f14ccc
2021-12-01 05:34:04,175 [pool-294-thread-1] INFO  server.RaftServerConfigKeys (ConfUtils.java:logGet(44)) - raft.server.log.queue.byte-limit = 2147483647 (custom)
2021-12-01 05:34:04,175 [pool-294-thread-1] INFO  server.RaftServerConfigKeys (ConfUtils.java:logGet(44)) - raft.server.log.queue.element-limit = 1024 (custom)
2021-12-01 05:34:04,175 [pool-294-thread-1] INFO  server.RaftServerConfigKeys (ConfUtils.java:logGet(44)) - raft.server.log.segment.size.max = 1048576 (custom)
2021-12-01 05:34:04,175 [pool-294-thread-1] INFO  server.RaftServerConfigKeys (ConfUtils.java:logGet(44)) - raft.server.log.preallocated.size = 16384 (custom)
2021-12-01 05:34:04,175 [pool-294-thread-1] INFO  server.RaftServerConfigKeys (ConfUtils.java:logGet(44)) - raft.server.log.force.sync.num = 128 (default)
2021-12-01 05:34:04,175 [pool-294-thread-1] INFO  server.RaftServerConfigKeys (ConfUtils.java:logGet(44)) - raft.server.log.statemachine.data.sync = true (default)
2021-12-01 05:34:04,175 [pool-294-thread-1] INFO  server.RaftServerConfigKeys (ConfUtils.java:logGet(44)) - raft.server.log.statemachine.data.sync.timeout = 10s (default)
2021-12-01 05:34:04,175 [pool-294-thread-1] INFO  server.RaftServerConfigKeys (ConfUtils.java:logGet(44)) - raft.server.log.statemachine.data.sync.timeout.retry = -1 (default)
2021-12-01 05:34:04,176 [pool-294-thread-1] INFO  server.RaftServerConfigKeys (ConfUtils.java:logGet(44)) - raft.server.log.write.buffer.size = 1048576 (custom)
2021-12-01 05:34:04,177 [pool-294-thread-1] INFO  server.RaftServerConfigKeys (ConfUtils.java:logGet(44)) - raft.server.log.statemachine.data.caching.enabled = true (custom)
2021-12-01 05:34:04,177 [pool-294-thread-1] INFO  segmented.SegmentedRaftLogWorker (SegmentedRaftLogWorker.java:lambda$new$0(133)) - 71abcc26-9029-4fbf-a56a-b89502f0dfdb@group-9BDD03F14CCC-SegmentedRaftLogWorker: flushIndex: setUnconditionally 0 -> -1
2021-12-01 05:34:04,177 [pool-294-thread-1] INFO  segmented.SegmentedRaftLogWorker (SegmentedRaftLogWorker.java:lambda$new$0(133)) - 71abcc26-9029-4fbf-a56a-b89502f0dfdb@group-9BDD03F14CCC-SegmentedRaftLogWorker: safeCacheEvictIndex: setUnconditionally 0 -> -1
2021-12-01 05:34:04,186 [pool-294-thread-1] INFO  server.RaftServerConfigKeys (ConfUtils.java:logGet(44)) - raft.server.snapshot.auto.trigger.enabled = true (custom)
2021-12-01 05:34:04,186 [pool-294-thread-1] INFO  server.RaftServerConfigKeys (ConfUtils.java:logGet(44)) - raft.server.snapshot.auto.trigger.threshold = 10000 (custom)
2021-12-01 05:34:04,186 [pool-294-thread-1] INFO  server.RaftServerConfigKeys (ConfUtils.java:logGet(44)) - raft.server.snapshot.retention.file.num = 5 (custom)
2021-12-01 05:34:04,186 [pool-294-thread-1] INFO  server.RaftServerConfigKeys (ConfUtils.java:logGet(44)) - raft.server.log.purge.upto.snapshot.index = false (default)
2021-12-01 05:34:04,186 [pool-294-thread-1] INFO  server.RaftServerConfigKeys (ConfUtils.java:logGet(44)) - raft.server.retrycache.expirytime = 600000ms (custom)
2021-12-01 05:34:04,186 [pool-294-thread-1] INFO  server.RaftServerConfigKeys (ConfUtils.java:logGet(44)) - raft.server.retrycache.statistics.expirytime = 100μs (default)
2021-12-01 05:34:04,187 [pool-294-thread-1] INFO  server.RaftServer$Division (RaftServerImpl.java:start(301)) - 71abcc26-9029-4fbf-a56a-b89502f0dfdb@group-9BDD03F14CCC: start as a follower, conf=-1: [da0cd28a-5297-4f90-8c80-70339634350f|rpc:127.0.0.1:45281|priority:1, 71abcc26-9029-4fbf-a56a-b89502f0dfdb|rpc:127.0.0.1:40523|priority:0, 50760388-b69f-4e6a-8619-7c3b28224d8a|rpc:127.0.0.1:41785|priority:0], old=null
2021-12-01 05:34:04,191 [EventQueue-OpenPipelineForHealthyPipelineSafeModeRule] INFO  safemode.SCMSafeModeManager (HealthyPipelineSafeModeRule.java:process(124)) - SCM in safe mode. Healthy pipelines reported count is 0, required healthy pipeline reported count is 1
2021-12-01 05:34:04,188 [EventQueue-OpenPipelineForHealthyPipelineSafeModeRule] INFO  safemode.SCMSafeModeManager (HealthyPipelineSafeModeRule.java:process(124)) - SCM in safe mode. Healthy pipelines reported count is 0, required healthy pipeline reported count is 1
2021-12-01 05:34:04,192 [pool-294-thread-1] INFO  server.RaftServer$Division (RaftServerImpl.java:setRole(290)) - 71abcc26-9029-4fbf-a56a-b89502f0dfdb@group-9BDD03F14CCC: changes role from      null to FOLLOWER at term 0 for startAsFollower
2021-12-01 05:34:04,193 [pool-294-thread-1] INFO  impl.RoleInfo (RoleInfo.java:updateAndGet(130)) - 71abcc26-9029-4fbf-a56a-b89502f0dfdb: start 71abcc26-9029-4fbf-a56a-b89502f0dfdb@group-9BDD03F14CCC-FollowerState
2021-12-01 05:34:04,196 [pool-294-thread-1] INFO  util.JmxRegister (JmxRegister.java:tryRegister(44)) - Successfully registered JMX Bean with object name Ratis:service=RaftServer,group=group-9BDD03F14CCC,id=71abcc26-9029-4fbf-a56a-b89502f0dfdb
2021-12-01 05:34:04,197 [Command processor thread] INFO  ratis.XceiverServerRatis (XceiverServerRatis.java:addGroup(768)) - Created group PipelineID=a4cb820e-ec71-4f61-b24e-9bdd03f14ccc
2021-12-01 05:34:04,214 [grpc-default-executor-2] INFO  server.RaftServer (RaftServerProxy.java:addNew(95)) - 50760388-b69f-4e6a-8619-7c3b28224d8a: addNew group-9BDD03F14CCC:[da0cd28a-5297-4f90-8c80-70339634350f|rpc:127.0.0.1:45281|dataStream:|priority:1, 71abcc26-9029-4fbf-a56a-b89502f0dfdb|rpc:127.0.0.1:40523|dataStream:|priority:0, 50760388-b69f-4e6a-8619-7c3b28224d8a|rpc:127.0.0.1:41785|dataStream:|priority:0] returns group-9BDD03F14CCC:java.util.concurrent.CompletableFuture@92d1be8[Not completed]
2021-12-01 05:34:04,215 [pool-336-thread-1] INFO  server.RaftServer$Division (RaftServerImpl.java:<init>(184)) - 50760388-b69f-4e6a-8619-7c3b28224d8a: new RaftServerImpl for group-9BDD03F14CCC:[da0cd28a-5297-4f90-8c80-70339634350f|rpc:127.0.0.1:45281|dataStream:|priority:1, 71abcc26-9029-4fbf-a56a-b89502f0dfdb|rpc:127.0.0.1:40523|dataStream:|priority:0, 50760388-b69f-4e6a-8619-7c3b28224d8a|rpc:127.0.0.1:41785|dataStream:|priority:0] with ContainerStateMachine:uninitialized
2021-12-01 05:34:04,215 [pool-336-thread-1] INFO  server.RaftServerConfigKeys (ConfUtils.java:logGet(44)) - raft.server.rpc.timeout.min = 5s (custom)
2021-12-01 05:34:04,215 [pool-336-thread-1] INFO  server.RaftServerConfigKeys (ConfUtils.java:logGet(44)) - raft.server.rpc.timeout.max = 5200ms (custom)
2021-12-01 05:34:04,215 [pool-336-thread-1] INFO  server.RaftServerConfigKeys (ConfUtils.java:logGet(44)) - raft.server.rpc.sleep.time = 25ms (default)
2021-12-01 05:34:04,215 [pool-336-thread-1] INFO  server.RaftServerConfigKeys (ConfUtils.java:logGet(44)) - raft.server.rpc.slowness.timeout = 300s (custom)
2021-12-01 05:34:04,215 [pool-336-thread-1] INFO  server.RaftServerConfigKeys (ConfUtils.java:logGet(44)) - raft.server.leaderelection.leader.step-down.wait-time = 10s (default)
2021-12-01 05:34:04,215 [pool-336-thread-1] INFO  server.RaftServerConfigKeys (ConfUtils.java:logGet(44)) - raft.server.sleep.deviation.threshold = 300ms (default)
2021-12-01 05:34:04,215 [pool-336-thread-1] INFO  server.RaftServerConfigKeys (ConfUtils.java:logGet(44)) - raft.server.log.appender.install.snapshot.enabled = false (custom)
2021-12-01 05:34:04,215 [pool-336-thread-1] INFO  server.RaftServer$Division (ServerState.java:<init>(105)) - 50760388-b69f-4e6a-8619-7c3b28224d8a@group-9BDD03F14CCC: ConfigurationManager, init=-1: [da0cd28a-5297-4f90-8c80-70339634350f|rpc:127.0.0.1:45281|dataStream:|priority:1, 71abcc26-9029-4fbf-a56a-b89502f0dfdb|rpc:127.0.0.1:40523|dataStream:|priority:0, 50760388-b69f-4e6a-8619-7c3b28224d8a|rpc:127.0.0.1:41785|dataStream:|priority:0], old=null, confs=<EMPTY_MAP>
2021-12-01 05:34:04,216 [pool-336-thread-1] INFO  server.RaftServerConfigKeys (ConfUtils.java:logGet(44)) - raft.server.storage.dir = [/home/runner/work/ozone/ozone/hadoop-ozone/integration-test/target/test-dir/MiniOzoneClusterImpl-18ff7c11-c606-42f1-8c5c-1f8c02111a4f/datanode-2/data/ratis] (custom)
2021-12-01 05:34:04,216 [pool-336-thread-1] INFO  server.RaftServerConfigKeys (ConfUtils.java:logGet(44)) - raft.server.log.corruption.policy = EXCEPTION (default)
2021-12-01 05:34:04,216 [pool-336-thread-1] INFO  server.RaftServerConfigKeys (ConfUtils.java:logGet(44)) - raft.server.storage.free-space.min = 0MB (=0) (default)
2021-12-01 05:34:04,216 [pool-336-thread-1] INFO  storage.RaftStorageDirectory (RaftStorageDirectoryImpl.java:analyzeStorage(135)) - The storage directory /home/runner/work/ozone/ozone/hadoop-ozone/integration-test/target/test-dir/MiniOzoneClusterImpl-18ff7c11-c606-42f1-8c5c-1f8c02111a4f/datanode-2/data/ratis/a4cb820e-ec71-4f61-b24e-9bdd03f14ccc does not exist. Creating ...
2021-12-01 05:34:04,218 [pool-336-thread-1] INFO  storage.RaftStorageDirectory (RaftStorageDirectoryImpl.java:tryLock(230)) - Lock on /home/runner/work/ozone/ozone/hadoop-ozone/integration-test/target/test-dir/MiniOzoneClusterImpl-18ff7c11-c606-42f1-8c5c-1f8c02111a4f/datanode-2/data/ratis/a4cb820e-ec71-4f61-b24e-9bdd03f14ccc/in_use.lock acquired by nodename 30928@fv-az297-56
2021-12-01 05:34:04,220 [pool-336-thread-1] INFO  storage.RaftStorage (RaftStorageImpl.java:format(89)) - Storage directory /home/runner/work/ozone/ozone/hadoop-ozone/integration-test/target/test-dir/MiniOzoneClusterImpl-18ff7c11-c606-42f1-8c5c-1f8c02111a4f/datanode-2/data/ratis/a4cb820e-ec71-4f61-b24e-9bdd03f14ccc has been successfully formatted.
2021-12-01 05:34:04,220 [pool-336-thread-1] INFO  ratis.ContainerStateMachine (ContainerStateMachine.java:loadSnapshot(224)) - group-9BDD03F14CCC: The snapshot info is null. Setting the last applied indexto:(t:0, i:~)
2021-12-01 05:34:04,220 [pool-336-thread-1] INFO  server.RaftServerConfigKeys (ConfUtils.java:logGet(44)) - raft.server.notification.no-leader.timeout = 300s (custom)
2021-12-01 05:34:04,220 [pool-336-thread-1] INFO  server.RaftServerConfigKeys (ConfUtils.java:logGet(44)) - raft.server.log.use.memory = false (default)
2021-12-01 05:34:04,220 [pool-336-thread-1] INFO  server.RaftServerConfigKeys (ConfUtils.java:logGet(44)) - raft.server.log.purge.gap = 1000000 (custom)
2021-12-01 05:34:04,220 [pool-336-thread-1] INFO  server.RaftServerConfigKeys (ConfUtils.java:logGet(44)) - raft.server.log.appender.buffer.byte-limit = 33554432 (custom)
2021-12-01 05:34:04,220 [pool-336-thread-1] INFO  server.RaftServerConfigKeys (ConfUtils.java:logGet(44)) - raft.server.log.segment.size.max = 1048576 (custom)
2021-12-01 05:34:04,220 [pool-336-thread-1] INFO  server.RaftServerConfigKeys (ConfUtils.java:logGet(44)) - raft.server.log.segment.cache.num.max = 2 (custom)
2021-12-01 05:34:04,221 [pool-336-thread-1] INFO  server.RaftServerConfigKeys (ConfUtils.java:logGet(44)) - raft.server.log.segment.cache.size.max = 200MB (=209715200) (default)
2021-12-01 05:34:04,221 [pool-336-thread-1] INFO  segmented.SegmentedRaftLogWorker (SegmentedRaftLogWorker.java:<init>(182)) - new 50760388-b69f-4e6a-8619-7c3b28224d8a@group-9BDD03F14CCC-SegmentedRaftLogWorker for RaftStorageImpl:Storage Directory /home/runner/work/ozone/ozone/hadoop-ozone/integration-test/target/test-dir/MiniOzoneClusterImpl-18ff7c11-c606-42f1-8c5c-1f8c02111a4f/datanode-2/data/ratis/a4cb820e-ec71-4f61-b24e-9bdd03f14ccc
2021-12-01 05:34:04,221 [pool-336-thread-1] INFO  server.RaftServerConfigKeys (ConfUtils.java:logGet(44)) - raft.server.log.queue.byte-limit = 2147483647 (custom)
2021-12-01 05:34:04,221 [pool-336-thread-1] INFO  server.RaftServerConfigKeys (ConfUtils.java:logGet(44)) - raft.server.log.queue.element-limit = 1024 (custom)
2021-12-01 05:34:04,221 [pool-336-thread-1] INFO  server.RaftServerConfigKeys (ConfUtils.java:logGet(44)) - raft.server.log.segment.size.max = 1048576 (custom)
2021-12-01 05:34:04,221 [pool-336-thread-1] INFO  server.RaftServerConfigKeys (ConfUtils.java:logGet(44)) - raft.server.log.preallocated.size = 16384 (custom)
2021-12-01 05:34:04,221 [pool-336-thread-1] INFO  server.RaftServerConfigKeys (ConfUtils.java:logGet(44)) - raft.server.log.force.sync.num = 128 (default)
2021-12-01 05:34:04,221 [pool-336-thread-1] INFO  server.RaftServerConfigKeys (ConfUtils.java:logGet(44)) - raft.server.log.statemachine.data.sync = true (default)
2021-12-01 05:34:04,221 [pool-336-thread-1] INFO  server.RaftServerConfigKeys (ConfUtils.java:logGet(44)) - raft.server.log.statemachine.data.sync.timeout = 10s (default)
2021-12-01 05:34:04,221 [pool-336-thread-1] INFO  server.RaftServerConfigKeys (ConfUtils.java:logGet(44)) - raft.server.log.statemachine.data.sync.timeout.retry = -1 (default)
2021-12-01 05:34:04,225 [Command processor thread] INFO  server.RaftServer (RaftServerProxy.java:addNew(95)) - da0cd28a-5297-4f90-8c80-70339634350f: addNew group-4D892695C419:[da0cd28a-5297-4f90-8c80-70339634350f|rpc:127.0.0.1:45281|priority:1] returns group-4D892695C419:java.util.concurrent.CompletableFuture@4c6a18f[Not completed]
2021-12-01 05:34:04,226 [pool-315-thread-1] INFO  server.RaftServer$Division (RaftServerImpl.java:<init>(184)) - da0cd28a-5297-4f90-8c80-70339634350f: new RaftServerImpl for group-4D892695C419:[da0cd28a-5297-4f90-8c80-70339634350f|rpc:127.0.0.1:45281|priority:1] with ContainerStateMachine:uninitialized
2021-12-01 05:34:04,226 [pool-315-thread-1] INFO  server.RaftServerConfigKeys (ConfUtils.java:logGet(44)) - raft.server.rpc.timeout.min = 5s (custom)
2021-12-01 05:34:04,226 [pool-315-thread-1] INFO  server.RaftServerConfigKeys (ConfUtils.java:logGet(44)) - raft.server.rpc.timeout.max = 5200ms (custom)
2021-12-01 05:34:04,226 [pool-315-thread-1] INFO  server.RaftServerConfigKeys (ConfUtils.java:logGet(44)) - raft.server.rpc.sleep.time = 25ms (default)
2021-12-01 05:34:04,226 [pool-315-thread-1] INFO  server.RaftServerConfigKeys (ConfUtils.java:logGet(44)) - raft.server.rpc.slowness.timeout = 300s (custom)
2021-12-01 05:34:04,226 [pool-315-thread-1] INFO  server.RaftServerConfigKeys (ConfUtils.java:logGet(44)) - raft.server.leaderelection.leader.step-down.wait-time = 10s (default)
2021-12-01 05:34:04,226 [pool-315-thread-1] INFO  server.RaftServerConfigKeys (ConfUtils.java:logGet(44)) - raft.server.sleep.deviation.threshold = 300ms (default)
2021-12-01 05:34:04,226 [pool-315-thread-1] INFO  server.RaftServerConfigKeys (ConfUtils.java:logGet(44)) - raft.server.log.appender.install.snapshot.enabled = false (custom)
2021-12-01 05:34:04,226 [pool-315-thread-1] INFO  server.RaftServer$Division (ServerState.java:<init>(105)) - da0cd28a-5297-4f90-8c80-70339634350f@group-4D892695C419: ConfigurationManager, init=-1: [da0cd28a-5297-4f90-8c80-70339634350f|rpc:127.0.0.1:45281|priority:1], old=null, confs=<EMPTY_MAP>
2021-12-01 05:34:04,226 [pool-315-thread-1] INFO  server.RaftServerConfigKeys (ConfUtils.java:logGet(44)) - raft.server.storage.dir = [/home/runner/work/ozone/ozone/hadoop-ozone/integration-test/target/test-dir/MiniOzoneClusterImpl-18ff7c11-c606-42f1-8c5c-1f8c02111a4f/datanode-1/data/ratis] (custom)
2021-12-01 05:34:04,226 [pool-315-thread-1] INFO  server.RaftServerConfigKeys (ConfUtils.java:logGet(44)) - raft.server.log.corruption.policy = EXCEPTION (default)
2021-12-01 05:34:04,226 [pool-315-thread-1] INFO  server.RaftServerConfigKeys (ConfUtils.java:logGet(44)) - raft.server.storage.free-space.min = 0MB (=0) (default)
2021-12-01 05:34:04,227 [pool-315-thread-1] INFO  storage.RaftStorageDirectory (RaftStorageDirectoryImpl.java:analyzeStorage(135)) - The storage directory /home/runner/work/ozone/ozone/hadoop-ozone/integration-test/target/test-dir/MiniOzoneClusterImpl-18ff7c11-c606-42f1-8c5c-1f8c02111a4f/datanode-1/data/ratis/7d6282d5-044b-4956-b602-4d892695c419 does not exist. Creating ...
2021-12-01 05:34:04,227 [pool-336-thread-1] INFO  server.RaftServerConfigKeys (ConfUtils.java:logGet(44)) - raft.server.log.write.buffer.size = 1048576 (custom)
2021-12-01 05:34:04,228 [pool-336-thread-1] INFO  server.RaftServerConfigKeys (ConfUtils.java:logGet(44)) - raft.server.log.statemachine.data.caching.enabled = true (custom)
2021-12-01 05:34:04,228 [pool-315-thread-1] INFO  storage.RaftStorageDirectory (RaftStorageDirectoryImpl.java:tryLock(230)) - Lock on /home/runner/work/ozone/ozone/hadoop-ozone/integration-test/target/test-dir/MiniOzoneClusterImpl-18ff7c11-c606-42f1-8c5c-1f8c02111a4f/datanode-1/data/ratis/7d6282d5-044b-4956-b602-4d892695c419/in_use.lock acquired by nodename 30928@fv-az297-56
2021-12-01 05:34:04,229 [pool-336-thread-1] INFO  segmented.SegmentedRaftLogWorker (SegmentedRaftLogWorker.java:lambda$new$0(133)) - 50760388-b69f-4e6a-8619-7c3b28224d8a@group-9BDD03F14CCC-SegmentedRaftLogWorker: flushIndex: setUnconditionally 0 -> -1
2021-12-01 05:34:04,229 [pool-336-thread-1] INFO  segmented.SegmentedRaftLogWorker (SegmentedRaftLogWorker.java:lambda$new$0(133)) - 50760388-b69f-4e6a-8619-7c3b28224d8a@group-9BDD03F14CCC-SegmentedRaftLogWorker: safeCacheEvictIndex: setUnconditionally 0 -> -1
2021-12-01 05:34:04,229 [pool-315-thread-1] INFO  storage.RaftStorage (RaftStorageImpl.java:format(89)) - Storage directory /home/runner/work/ozone/ozone/hadoop-ozone/integration-test/target/test-dir/MiniOzoneClusterImpl-18ff7c11-c606-42f1-8c5c-1f8c02111a4f/datanode-1/data/ratis/7d6282d5-044b-4956-b602-4d892695c419 has been successfully formatted.
2021-12-01 05:34:04,234 [pool-336-thread-1] INFO  server.RaftServerConfigKeys (ConfUtils.java:logGet(44)) - raft.server.snapshot.auto.trigger.enabled = true (custom)
2021-12-01 05:34:04,234 [pool-336-thread-1] INFO  server.RaftServerConfigKeys (ConfUtils.java:logGet(44)) - raft.server.snapshot.auto.trigger.threshold = 10000 (custom)
2021-12-01 05:34:04,234 [pool-336-thread-1] INFO  server.RaftServerConfigKeys (ConfUtils.java:logGet(44)) - raft.server.snapshot.retention.file.num = 5 (custom)
2021-12-01 05:34:04,234 [pool-336-thread-1] INFO  server.RaftServerConfigKeys (ConfUtils.java:logGet(44)) - raft.server.log.purge.upto.snapshot.index = false (default)
2021-12-01 05:34:04,234 [pool-336-thread-1] INFO  server.RaftServerConfigKeys (ConfUtils.java:logGet(44)) - raft.server.retrycache.expirytime = 600000ms (custom)
2021-12-01 05:34:04,234 [pool-336-thread-1] INFO  server.RaftServerConfigKeys (ConfUtils.java:logGet(44)) - raft.server.retrycache.statistics.expirytime = 100μs (default)
2021-12-01 05:34:04,235 [pool-336-thread-1] INFO  server.RaftServer$Division (RaftServerImpl.java:start(301)) - 50760388-b69f-4e6a-8619-7c3b28224d8a@group-9BDD03F14CCC: start as a follower, conf=-1: [da0cd28a-5297-4f90-8c80-70339634350f|rpc:127.0.0.1:45281|dataStream:|priority:1, 71abcc26-9029-4fbf-a56a-b89502f0dfdb|rpc:127.0.0.1:40523|dataStream:|priority:0, 50760388-b69f-4e6a-8619-7c3b28224d8a|rpc:127.0.0.1:41785|dataStream:|priority:0], old=null
2021-12-01 05:34:04,235 [pool-336-thread-1] INFO  server.RaftServer$Division (RaftServerImpl.java:setRole(290)) - 50760388-b69f-4e6a-8619-7c3b28224d8a@group-9BDD03F14CCC: changes role from      null to FOLLOWER at term 0 for startAsFollower
2021-12-01 05:34:04,235 [pool-336-thread-1] INFO  impl.RoleInfo (RoleInfo.java:updateAndGet(130)) - 50760388-b69f-4e6a-8619-7c3b28224d8a: start 50760388-b69f-4e6a-8619-7c3b28224d8a@group-9BDD03F14CCC-FollowerState
2021-12-01 05:34:04,242 [pool-336-thread-1] INFO  util.JmxRegister (JmxRegister.java:tryRegister(44)) - Successfully registered JMX Bean with object name Ratis:service=RaftServer,group=group-9BDD03F14CCC,id=50760388-b69f-4e6a-8619-7c3b28224d8a
2021-12-01 05:34:04,242 [pool-315-thread-1] INFO  ratis.ContainerStateMachine (ContainerStateMachine.java:loadSnapshot(224)) - group-4D892695C419: The snapshot info is null. Setting the last applied indexto:(t:0, i:~)
2021-12-01 05:34:04,243 [pool-315-thread-1] INFO  server.RaftServerConfigKeys (ConfUtils.java:logGet(44)) - raft.server.notification.no-leader.timeout = 300s (custom)
2021-12-01 05:34:04,243 [pool-315-thread-1] INFO  server.RaftServerConfigKeys (ConfUtils.java:logGet(44)) - raft.server.log.use.memory = false (default)
2021-12-01 05:34:04,243 [pool-315-thread-1] INFO  server.RaftServerConfigKeys (ConfUtils.java:logGet(44)) - raft.server.log.purge.gap = 1000000 (custom)
2021-12-01 05:34:04,243 [pool-315-thread-1] INFO  server.RaftServerConfigKeys (ConfUtils.java:logGet(44)) - raft.server.log.appender.buffer.byte-limit = 33554432 (custom)
2021-12-01 05:34:04,243 [pool-315-thread-1] INFO  server.RaftServerConfigKeys (ConfUtils.java:logGet(44)) - raft.server.log.segment.size.max = 1048576 (custom)
2021-12-01 05:34:04,243 [pool-315-thread-1] INFO  server.RaftServerConfigKeys (ConfUtils.java:logGet(44)) - raft.server.log.segment.cache.num.max = 2 (custom)
2021-12-01 05:34:04,243 [pool-315-thread-1] INFO  server.RaftServerConfigKeys (ConfUtils.java:logGet(44)) - raft.server.log.segment.cache.size.max = 200MB (=209715200) (default)
2021-12-01 05:34:04,243 [pool-315-thread-1] INFO  segmented.SegmentedRaftLogWorker (SegmentedRaftLogWorker.java:<init>(182)) - new da0cd28a-5297-4f90-8c80-70339634350f@group-4D892695C419-SegmentedRaftLogWorker for RaftStorageImpl:Storage Directory /home/runner/work/ozone/ozone/hadoop-ozone/integration-test/target/test-dir/MiniOzoneClusterImpl-18ff7c11-c606-42f1-8c5c-1f8c02111a4f/datanode-1/data/ratis/7d6282d5-044b-4956-b602-4d892695c419
2021-12-01 05:34:04,243 [pool-315-thread-1] INFO  server.RaftServerConfigKeys (ConfUtils.java:logGet(44)) - raft.server.log.queue.byte-limit = 2147483647 (custom)
2021-12-01 05:34:04,243 [pool-315-thread-1] INFO  server.RaftServerConfigKeys (ConfUtils.java:logGet(44)) - raft.server.log.queue.element-limit = 1024 (custom)
2021-12-01 05:34:04,243 [pool-315-thread-1] INFO  server.RaftServerConfigKeys (ConfUtils.java:logGet(44)) - raft.server.log.segment.size.max = 1048576 (custom)
2021-12-01 05:34:04,243 [pool-315-thread-1] INFO  server.RaftServerConfigKeys (ConfUtils.java:logGet(44)) - raft.server.log.preallocated.size = 16384 (custom)
2021-12-01 05:34:04,243 [pool-315-thread-1] INFO  server.RaftServerConfigKeys (ConfUtils.java:logGet(44)) - raft.server.log.force.sync.num = 128 (default)
2021-12-01 05:34:04,243 [pool-315-thread-1] INFO  server.RaftServerConfigKeys (ConfUtils.java:logGet(44)) - raft.server.log.statemachine.data.sync = true (default)
2021-12-01 05:34:04,244 [pool-315-thread-1] INFO  server.RaftServerConfigKeys (ConfUtils.java:logGet(44)) - raft.server.log.statemachine.data.sync.timeout = 10s (default)
2021-12-01 05:34:04,244 [pool-315-thread-1] INFO  server.RaftServerConfigKeys (ConfUtils.java:logGet(44)) - raft.server.log.statemachine.data.sync.timeout.retry = -1 (default)
2021-12-01 05:34:04,244 [pool-315-thread-1] INFO  server.RaftServerConfigKeys (ConfUtils.java:logGet(44)) - raft.server.log.write.buffer.size = 1048576 (custom)
2021-12-01 05:34:04,245 [pool-315-thread-1] INFO  server.RaftServerConfigKeys (ConfUtils.java:logGet(44)) - raft.server.log.statemachine.data.caching.enabled = true (custom)
2021-12-01 05:34:04,245 [pool-315-thread-1] INFO  segmented.SegmentedRaftLogWorker (SegmentedRaftLogWorker.java:lambda$new$0(133)) - da0cd28a-5297-4f90-8c80-70339634350f@group-4D892695C419-SegmentedRaftLogWorker: flushIndex: setUnconditionally 0 -> -1
2021-12-01 05:34:04,245 [pool-315-thread-1] INFO  segmented.SegmentedRaftLogWorker (SegmentedRaftLogWorker.java:lambda$new$0(133)) - da0cd28a-5297-4f90-8c80-70339634350f@group-4D892695C419-SegmentedRaftLogWorker: safeCacheEvictIndex: setUnconditionally 0 -> -1
2021-12-01 05:34:04,246 [EventQueue-PipelineReportForPipelineReportHandler] INFO  pipeline.PipelineManagerImpl (PipelineManagerImpl.java:openPipeline(289)) - Pipeline Pipeline[ Id: 7d6282d5-044b-4956-b602-4d892695c419, Nodes: da0cd28a-5297-4f90-8c80-70339634350f{ip: 127.0.0.1, host: localhost, ports: [REPLICATION=40617, RATIS=45281, RATIS_ADMIN=45281, RATIS_SERVER=45281, STANDALONE=38799], networkLocation: /default-rack, certSerialId: null, persistedOpState: IN_SERVICE, persistedOpStateExpiryEpochSec: 0}, ReplicationConfig: RATIS/ONE, State:ALLOCATED, leaderId:da0cd28a-5297-4f90-8c80-70339634350f, CreationTimestamp2021-12-01T05:34:01.254Z[Etc/UTC]] moved to OPEN state
2021-12-01 05:34:04,246 [EventQueue-PipelineReportForPipelineReportHandler] INFO  ha.SCMHAInvocationHandler (SCMHAInvocationHandler.java:invokeRatis(113)) - Invoking method public abstract void org.apache.hadoop.hdds.scm.pipeline.PipelineStateManager.updatePipelineState(org.apache.hadoop.hdds.protocol.proto.HddsProtos$PipelineID,org.apache.hadoop.hdds.protocol.proto.HddsProtos$PipelineState) throws java.io.IOException on target org.apache.hadoop.hdds.scm.ha.SCMRatisServerImpl@50955ec2, cost 206.401us
2021-12-01 05:34:04,248 [EventQueue-PipelineReportForPipelineReportHandler] INFO  pipeline.PipelineManagerImpl (PipelineManagerImpl.java:openPipeline(289)) - Pipeline Pipeline[ Id: 7d6282d5-044b-4956-b602-4d892695c419, Nodes: da0cd28a-5297-4f90-8c80-70339634350f{ip: 127.0.0.1, host: localhost, ports: [REPLICATION=40617, RATIS=45281, RATIS_ADMIN=45281, RATIS_SERVER=45281, STANDALONE=38799], networkLocation: /default-rack, certSerialId: null, persistedOpState: IN_SERVICE, persistedOpStateExpiryEpochSec: 0}, ReplicationConfig: RATIS/ONE, State:ALLOCATED, leaderId:da0cd28a-5297-4f90-8c80-70339634350f, CreationTimestamp2021-12-01T05:34:01.254Z[Etc/UTC]] moved to OPEN state
2021-12-01 05:34:04,252 [pool-315-thread-1] INFO  server.RaftServerConfigKeys (ConfUtils.java:logGet(44)) - raft.server.snapshot.auto.trigger.enabled = true (custom)
2021-12-01 05:34:04,252 [pool-315-thread-1] INFO  server.RaftServerConfigKeys (ConfUtils.java:logGet(44)) - raft.server.snapshot.auto.trigger.threshold = 10000 (custom)
2021-12-01 05:34:04,252 [pool-315-thread-1] INFO  server.RaftServerConfigKeys (ConfUtils.java:logGet(44)) - raft.server.snapshot.retention.file.num = 5 (custom)
2021-12-01 05:34:04,252 [pool-315-thread-1] INFO  server.RaftServerConfigKeys (ConfUtils.java:logGet(44)) - raft.server.log.purge.upto.snapshot.index = false (default)
2021-12-01 05:34:04,252 [pool-315-thread-1] INFO  server.RaftServerConfigKeys (ConfUtils.java:logGet(44)) - raft.server.retrycache.expirytime = 600000ms (custom)
2021-12-01 05:34:04,252 [pool-315-thread-1] INFO  server.RaftServerConfigKeys (ConfUtils.java:logGet(44)) - raft.server.retrycache.statistics.expirytime = 100μs (default)
2021-12-01 05:34:04,253 [pool-315-thread-1] INFO  server.RaftServer$Division (RaftServerImpl.java:start(301)) - da0cd28a-5297-4f90-8c80-70339634350f@group-4D892695C419: start as a follower, conf=-1: [da0cd28a-5297-4f90-8c80-70339634350f|rpc:127.0.0.1:45281|priority:1], old=null
2021-12-01 05:34:04,253 [pool-315-thread-1] INFO  server.RaftServer$Division (RaftServerImpl.java:setRole(290)) - da0cd28a-5297-4f90-8c80-70339634350f@group-4D892695C419: changes role from      null to FOLLOWER at term 0 for startAsFollower
2021-12-01 05:34:04,254 [pool-315-thread-1] INFO  impl.RoleInfo (RoleInfo.java:updateAndGet(130)) - da0cd28a-5297-4f90-8c80-70339634350f: start da0cd28a-5297-4f90-8c80-70339634350f@group-4D892695C419-FollowerState
2021-12-01 05:34:04,258 [pool-315-thread-1] INFO  util.JmxRegister (JmxRegister.java:tryRegister(44)) - Successfully registered JMX Bean with object name Ratis:service=RaftServer,group=group-4D892695C419,id=da0cd28a-5297-4f90-8c80-70339634350f
2021-12-01 05:34:04,261 [Command processor thread] INFO  ratis.XceiverServerRatis (XceiverServerRatis.java:addGroup(768)) - Created group PipelineID=7d6282d5-044b-4956-b602-4d892695c419
2021-12-01 05:34:04,261 [Command processor thread] INFO  commandhandler.CreatePipelineCommandHandler (CreatePipelineCommandHandler.java:handle(106)) - Created Pipeline RATIS ONE PipelineID=7d6282d5-044b-4956-b602-4d892695c419.
2021-12-01 05:34:04,261 [Command processor thread] INFO  server.RaftServer (RaftServerProxy.java:addNew(95)) - da0cd28a-5297-4f90-8c80-70339634350f: addNew group-9BDD03F14CCC:[da0cd28a-5297-4f90-8c80-70339634350f|rpc:127.0.0.1:45281|priority:1, 71abcc26-9029-4fbf-a56a-b89502f0dfdb|rpc:127.0.0.1:40523|priority:0, 50760388-b69f-4e6a-8619-7c3b28224d8a|rpc:127.0.0.1:41785|priority:0] returns group-9BDD03F14CCC:java.util.concurrent.CompletableFuture@a015f67[Not completed]
2021-12-01 05:34:04,262 [pool-315-thread-1] INFO  server.RaftServer$Division (RaftServerImpl.java:<init>(184)) - da0cd28a-5297-4f90-8c80-70339634350f: new RaftServerImpl for group-9BDD03F14CCC:[da0cd28a-5297-4f90-8c80-70339634350f|rpc:127.0.0.1:45281|priority:1, 71abcc26-9029-4fbf-a56a-b89502f0dfdb|rpc:127.0.0.1:40523|priority:0, 50760388-b69f-4e6a-8619-7c3b28224d8a|rpc:127.0.0.1:41785|priority:0] with ContainerStateMachine:uninitialized
2021-12-01 05:34:04,262 [pool-315-thread-1] INFO  server.RaftServerConfigKeys (ConfUtils.java:logGet(44)) - raft.server.rpc.timeout.min = 5s (custom)
2021-12-01 05:34:04,262 [pool-315-thread-1] INFO  server.RaftServerConfigKeys (ConfUtils.java:logGet(44)) - raft.server.rpc.timeout.max = 5200ms (custom)
2021-12-01 05:34:04,262 [pool-315-thread-1] INFO  server.RaftServerConfigKeys (ConfUtils.java:logGet(44)) - raft.server.rpc.sleep.time = 25ms (default)
2021-12-01 05:34:04,262 [pool-315-thread-1] INFO  server.RaftServerConfigKeys (ConfUtils.java:logGet(44)) - raft.server.rpc.slowness.timeout = 300s (custom)
2021-12-01 05:34:04,262 [pool-315-thread-1] INFO  server.RaftServerConfigKeys (ConfUtils.java:logGet(44)) - raft.server.leaderelection.leader.step-down.wait-time = 10s (default)
2021-12-01 05:34:04,262 [pool-315-thread-1] INFO  server.RaftServerConfigKeys (ConfUtils.java:logGet(44)) - raft.server.sleep.deviation.threshold = 300ms (default)
2021-12-01 05:34:04,262 [pool-315-thread-1] INFO  server.RaftServerConfigKeys (ConfUtils.java:logGet(44)) - raft.server.log.appender.install.snapshot.enabled = false (custom)
2021-12-01 05:34:04,262 [pool-315-thread-1] INFO  server.RaftServer$Division (ServerState.java:<init>(105)) - da0cd28a-5297-4f90-8c80-70339634350f@group-9BDD03F14CCC: ConfigurationManager, init=-1: [da0cd28a-5297-4f90-8c80-70339634350f|rpc:127.0.0.1:45281|priority:1, 71abcc26-9029-4fbf-a56a-b89502f0dfdb|rpc:127.0.0.1:40523|priority:0, 50760388-b69f-4e6a-8619-7c3b28224d8a|rpc:127.0.0.1:41785|priority:0], old=null, confs=<EMPTY_MAP>
2021-12-01 05:34:04,262 [pool-315-thread-1] INFO  server.RaftServerConfigKeys (ConfUtils.java:logGet(44)) - raft.server.storage.dir = [/home/runner/work/ozone/ozone/hadoop-ozone/integration-test/target/test-dir/MiniOzoneClusterImpl-18ff7c11-c606-42f1-8c5c-1f8c02111a4f/datanode-1/data/ratis] (custom)
2021-12-01 05:34:04,262 [pool-315-thread-1] INFO  server.RaftServerConfigKeys (ConfUtils.java:logGet(44)) - raft.server.log.corruption.policy = EXCEPTION (default)
2021-12-01 05:34:04,262 [pool-315-thread-1] INFO  server.RaftServerConfigKeys (ConfUtils.java:logGet(44)) - raft.server.storage.free-space.min = 0MB (=0) (default)
2021-12-01 05:34:04,263 [pool-315-thread-1] INFO  storage.RaftStorageDirectory (RaftStorageDirectoryImpl.java:analyzeStorage(135)) - The storage directory /home/runner/work/ozone/ozone/hadoop-ozone/integration-test/target/test-dir/MiniOzoneClusterImpl-18ff7c11-c606-42f1-8c5c-1f8c02111a4f/datanode-1/data/ratis/a4cb820e-ec71-4f61-b24e-9bdd03f14ccc does not exist. Creating ...
2021-12-01 05:34:04,265 [pool-315-thread-1] INFO  storage.RaftStorageDirectory (RaftStorageDirectoryImpl.java:tryLock(230)) - Lock on /home/runner/work/ozone/ozone/hadoop-ozone/integration-test/target/test-dir/MiniOzoneClusterImpl-18ff7c11-c606-42f1-8c5c-1f8c02111a4f/datanode-1/data/ratis/a4cb820e-ec71-4f61-b24e-9bdd03f14ccc/in_use.lock acquired by nodename 30928@fv-az297-56
2021-12-01 05:34:04,265 [pool-315-thread-1] INFO  storage.RaftStorage (RaftStorageImpl.java:format(89)) - Storage directory /home/runner/work/ozone/ozone/hadoop-ozone/integration-test/target/test-dir/MiniOzoneClusterImpl-18ff7c11-c606-42f1-8c5c-1f8c02111a4f/datanode-1/data/ratis/a4cb820e-ec71-4f61-b24e-9bdd03f14ccc has been successfully formatted.
2021-12-01 05:34:04,282 [d9fd8670-dda0-4698-9e6d-057ae1a4980a@group-1F8C02111A4F-StateMachineUpdater] INFO  ha.SCMStateMachine (SCMStateMachine.java:takeSnapshot(297)) - Current Snapshot Index 18, takeSnapshot took 0 ms
2021-12-01 05:34:04,282 [d9fd8670-dda0-4698-9e6d-057ae1a4980a@group-1F8C02111A4F-StateMachineUpdater] INFO  impl.StateMachineUpdater (StateMachineUpdater.java:takeSnapshot(281)) - d9fd8670-dda0-4698-9e6d-057ae1a4980a@group-1F8C02111A4F-StateMachineUpdater: Took a snapshot at index 18
2021-12-01 05:34:04,282 [d9fd8670-dda0-4698-9e6d-057ae1a4980a@group-1F8C02111A4F-StateMachineUpdater] INFO  impl.StateMachineUpdater (StateMachineUpdater.java:lambda$new$0(89)) - d9fd8670-dda0-4698-9e6d-057ae1a4980a@group-1F8C02111A4F-StateMachineUpdater: snapshotIndex: updateIncreasingly 13 -> 18
2021-12-01 05:34:04,282 [d9fd8670-dda0-4698-9e6d-057ae1a4980a@group-1F8C02111A4F-StateMachineUpdater] INFO  raftlog.RaftLog (RaftLogBase.java:purge(306)) - d9fd8670-dda0-4698-9e6d-057ae1a4980a@group-1F8C02111A4F-SegmentedRaftLog: purge 18
2021-12-01 05:34:04,282 [d9fd8670-dda0-4698-9e6d-057ae1a4980a@group-1F8C02111A4F-StateMachineUpdater] INFO  raftlog.RaftLog (RaftLogBase.java:lambda$new$0(53)) - d9fd8670-dda0-4698-9e6d-057ae1a4980a@group-1F8C02111A4F-SegmentedRaftLog: snapshotIndex: updateIncreasingly 13 -> 18
2021-12-01 05:34:04,282 [d9fd8670-dda0-4698-9e6d-057ae1a4980a@group-1F8C02111A4F-StateMachineUpdater] INFO  raftlog.RaftLog (RaftLogBase.java:lambda$new$0(53)) - d9fd8670-dda0-4698-9e6d-057ae1a4980a@group-1F8C02111A4F-SegmentedRaftLog: purgeIndex: updateToMax old=13, new=18, updated? true
2021-12-01 05:34:04,283 [pool-315-thread-1] INFO  ratis.ContainerStateMachine (ContainerStateMachine.java:loadSnapshot(224)) - group-9BDD03F14CCC: The snapshot info is null. Setting the last applied indexto:(t:0, i:~)
2021-12-01 05:34:04,284 [pool-315-thread-1] INFO  server.RaftServerConfigKeys (ConfUtils.java:logGet(44)) - raft.server.notification.no-leader.timeout = 300s (custom)
2021-12-01 05:34:04,284 [pool-315-thread-1] INFO  server.RaftServerConfigKeys (ConfUtils.java:logGet(44)) - raft.server.log.use.memory = false (default)
2021-12-01 05:34:04,284 [pool-315-thread-1] INFO  server.RaftServerConfigKeys (ConfUtils.java:logGet(44)) - raft.server.log.purge.gap = 1000000 (custom)
2021-12-01 05:34:04,284 [pool-315-thread-1] INFO  server.RaftServerConfigKeys (ConfUtils.java:logGet(44)) - raft.server.log.appender.buffer.byte-limit = 33554432 (custom)
2021-12-01 05:34:04,284 [pool-315-thread-1] INFO  server.RaftServerConfigKeys (ConfUtils.java:logGet(44)) - raft.server.log.segment.size.max = 1048576 (custom)
2021-12-01 05:34:04,284 [3049a9d5-7c8a-485e-b9b8-96288700cc55@group-1F8C02111A4F-StateMachineUpdater] INFO  safemode.HealthyPipelineSafeModeRule (HealthyPipelineSafeModeRule.java:initializeRule(152)) - Refreshed total pipeline count is 0, healthy pipeline threshold count is 1
2021-12-01 05:34:04,284 [pool-315-thread-1] INFO  server.RaftServerConfigKeys (ConfUtils.java:logGet(44)) - raft.server.log.segment.cache.num.max = 2 (custom)
2021-12-01 05:34:04,284 [pool-315-thread-1] INFO  server.RaftServerConfigKeys (ConfUtils.java:logGet(44)) - raft.server.log.segment.cache.size.max = 200MB (=209715200) (default)
2021-12-01 05:34:04,284 [pool-315-thread-1] INFO  segmented.SegmentedRaftLogWorker (SegmentedRaftLogWorker.java:<init>(182)) - new da0cd28a-5297-4f90-8c80-70339634350f@group-9BDD03F14CCC-SegmentedRaftLogWorker for RaftStorageImpl:Storage Directory /home/runner/work/ozone/ozone/hadoop-ozone/integration-test/target/test-dir/MiniOzoneClusterImpl-18ff7c11-c606-42f1-8c5c-1f8c02111a4f/datanode-1/data/ratis/a4cb820e-ec71-4f61-b24e-9bdd03f14ccc
2021-12-01 05:34:04,284 [pool-315-thread-1] INFO  server.RaftServerConfigKeys (ConfUtils.java:logGet(44)) - raft.server.log.queue.byte-limit = 2147483647 (custom)
2021-12-01 05:34:04,284 [pool-315-thread-1] INFO  server.RaftServerConfigKeys (ConfUtils.java:logGet(44)) - raft.server.log.queue.element-limit = 1024 (custom)
2021-12-01 05:34:04,284 [pool-315-thread-1] INFO  server.RaftServerConfigKeys (ConfUtils.java:logGet(44)) - raft.server.log.segment.size.max = 1048576 (custom)
2021-12-01 05:34:04,284 [pool-315-thread-1] INFO  server.RaftServerConfigKeys (ConfUtils.java:logGet(44)) - raft.server.log.preallocated.size = 16384 (custom)
2021-12-01 05:34:04,285 [pool-315-thread-1] INFO  server.RaftServerConfigKeys (ConfUtils.java:logGet(44)) - raft.server.log.force.sync.num = 128 (default)
2021-12-01 05:34:04,285 [pool-315-thread-1] INFO  server.RaftServerConfigKeys (ConfUtils.java:logGet(44)) - raft.server.log.statemachine.data.sync = true (default)
2021-12-01 05:34:04,289 [pool-315-thread-1] INFO  server.RaftServerConfigKeys (ConfUtils.java:logGet(44)) - raft.server.log.statemachine.data.sync.timeout = 10s (default)
2021-12-01 05:34:04,289 [pool-315-thread-1] INFO  server.RaftServerConfigKeys (ConfUtils.java:logGet(44)) - raft.server.log.statemachine.data.sync.timeout.retry = -1 (default)
2021-12-01 05:34:04,290 [pool-315-thread-1] INFO  server.RaftServerConfigKeys (ConfUtils.java:logGet(44)) - raft.server.log.write.buffer.size = 1048576 (custom)
2021-12-01 05:34:04,291 [pool-315-thread-1] INFO  server.RaftServerConfigKeys (ConfUtils.java:logGet(44)) - raft.server.log.statemachine.data.caching.enabled = true (custom)
2021-12-01 05:34:04,291 [pool-315-thread-1] INFO  segmented.SegmentedRaftLogWorker (SegmentedRaftLogWorker.java:lambda$new$0(133)) - da0cd28a-5297-4f90-8c80-70339634350f@group-9BDD03F14CCC-SegmentedRaftLogWorker: flushIndex: setUnconditionally 0 -> -1
2021-12-01 05:34:04,291 [pool-315-thread-1] INFO  segmented.SegmentedRaftLogWorker (SegmentedRaftLogWorker.java:lambda$new$0(133)) - da0cd28a-5297-4f90-8c80-70339634350f@group-9BDD03F14CCC-SegmentedRaftLogWorker: safeCacheEvictIndex: setUnconditionally 0 -> -1
2021-12-01 05:34:04,284 [EventQueue-PipelineReportForPipelineReportHandler] INFO  ha.SCMHAInvocationHandler (SCMHAInvocationHandler.java:invokeRatis(113)) - Invoking method public abstract void org.apache.hadoop.hdds.scm.pipeline.PipelineStateManager.updatePipelineState(org.apache.hadoop.hdds.protocol.proto.HddsProtos$PipelineID,org.apache.hadoop.hdds.protocol.proto.HddsProtos$PipelineState) throws java.io.IOException on target org.apache.hadoop.hdds.scm.ha.SCMRatisServerImpl@e04aa9b, cost 36424.545us
2021-12-01 05:34:04,291 [pool-315-thread-1] INFO  server.RaftServerConfigKeys (ConfUtils.java:logGet(44)) - raft.server.snapshot.auto.trigger.enabled = true (custom)
2021-12-01 05:34:04,291 [pool-315-thread-1] INFO  server.RaftServerConfigKeys (ConfUtils.java:logGet(44)) - raft.server.snapshot.auto.trigger.threshold = 10000 (custom)
2021-12-01 05:34:04,291 [pool-315-thread-1] INFO  server.RaftServerConfigKeys (ConfUtils.java:logGet(44)) - raft.server.snapshot.retention.file.num = 5 (custom)
2021-12-01 05:34:04,291 [pool-315-thread-1] INFO  server.RaftServerConfigKeys (ConfUtils.java:logGet(44)) - raft.server.log.purge.upto.snapshot.index = false (default)
2021-12-01 05:34:04,291 [pool-315-thread-1] INFO  server.RaftServerConfigKeys (ConfUtils.java:logGet(44)) - raft.server.retrycache.expirytime = 600000ms (custom)
2021-12-01 05:34:04,291 [pool-315-thread-1] INFO  server.RaftServerConfigKeys (ConfUtils.java:logGet(44)) - raft.server.retrycache.statistics.expirytime = 100μs (default)
2021-12-01 05:34:04,292 [EventQueue-OpenPipelineForHealthyPipelineSafeModeRule] INFO  safemode.SCMSafeModeManager (HealthyPipelineSafeModeRule.java:process(124)) - SCM in safe mode. Healthy pipelines reported count is 0, required healthy pipeline reported count is 1
2021-12-01 05:34:04,292 [pool-315-thread-1] INFO  server.RaftServer$Division (RaftServerImpl.java:start(301)) - da0cd28a-5297-4f90-8c80-70339634350f@group-9BDD03F14CCC: start as a follower, conf=-1: [da0cd28a-5297-4f90-8c80-70339634350f|rpc:127.0.0.1:45281|priority:1, 71abcc26-9029-4fbf-a56a-b89502f0dfdb|rpc:127.0.0.1:40523|priority:0, 50760388-b69f-4e6a-8619-7c3b28224d8a|rpc:127.0.0.1:41785|priority:0], old=null
2021-12-01 05:34:04,293 [pool-315-thread-1] INFO  server.RaftServer$Division (RaftServerImpl.java:setRole(290)) - da0cd28a-5297-4f90-8c80-70339634350f@group-9BDD03F14CCC: changes role from      null to FOLLOWER at term 0 for startAsFollower
2021-12-01 05:34:04,293 [pool-315-thread-1] INFO  impl.RoleInfo (RoleInfo.java:updateAndGet(130)) - da0cd28a-5297-4f90-8c80-70339634350f: start da0cd28a-5297-4f90-8c80-70339634350f@group-9BDD03F14CCC-FollowerState
2021-12-01 05:34:04,293 [pool-315-thread-1] INFO  util.JmxRegister (JmxRegister.java:tryRegister(44)) - Successfully registered JMX Bean with object name Ratis:service=RaftServer,group=group-9BDD03F14CCC,id=da0cd28a-5297-4f90-8c80-70339634350f
2021-12-01 05:34:04,293 [Command processor thread] INFO  ratis.XceiverServerRatis (XceiverServerRatis.java:addGroup(768)) - Created group PipelineID=a4cb820e-ec71-4f61-b24e-9bdd03f14ccc
2021-12-01 05:34:04,299 [EventQueue-PipelineReportForPipelineReportHandler] INFO  pipeline.PipelineManagerImpl (PipelineManagerImpl.java:openPipeline(289)) - Pipeline Pipeline[ Id: 7d6282d5-044b-4956-b602-4d892695c419, Nodes: da0cd28a-5297-4f90-8c80-70339634350f{ip: 127.0.0.1, host: localhost, ports: [REPLICATION=40617, RATIS=45281, RATIS_ADMIN=45281, RATIS_SERVER=45281, STANDALONE=38799], networkLocation: /default-rack, certSerialId: null, persistedOpState: IN_SERVICE, persistedOpStateExpiryEpochSec: 0}, ReplicationConfig: RATIS/ONE, State:ALLOCATED, leaderId:da0cd28a-5297-4f90-8c80-70339634350f, CreationTimestamp2021-12-01T05:34:01.254Z[Etc/UTC]] moved to OPEN state
2021-12-01 05:34:04,300 [EventQueue-PipelineReportForPipelineReportHandler] INFO  ha.SCMHAInvocationHandler (SCMHAInvocationHandler.java:invokeRatis(113)) - Invoking method public abstract void org.apache.hadoop.hdds.scm.pipeline.PipelineStateManager.updatePipelineState(org.apache.hadoop.hdds.protocol.proto.HddsProtos$PipelineID,org.apache.hadoop.hdds.protocol.proto.HddsProtos$PipelineState) throws java.io.IOException on target org.apache.hadoop.hdds.scm.ha.SCMRatisServerImpl@50955ec2, cost 165.901us
2021-12-01 05:34:04,300 [EventQueue-OpenPipelineForHealthyPipelineSafeModeRule] INFO  safemode.SCMSafeModeManager (HealthyPipelineSafeModeRule.java:process(124)) - SCM in safe mode. Healthy pipelines reported count is 0, required healthy pipeline reported count is 1
2021-12-01 05:34:04,315 [d9fd8670-dda0-4698-9e6d-057ae1a4980a@group-1F8C02111A4F-StateMachineUpdater] INFO  safemode.HealthyPipelineSafeModeRule (HealthyPipelineSafeModeRule.java:initializeRule(152)) - Refreshed total pipeline count is 0, healthy pipeline threshold count is 1
2021-12-01 05:34:04,316 [3049a9d5-7c8a-485e-b9b8-96288700cc55@group-1F8C02111A4F-StateMachineUpdater] INFO  ha.SCMStateMachine (SCMStateMachine.java:takeSnapshot(297)) - Current Snapshot Index 20, takeSnapshot took 0 ms
2021-12-01 05:34:04,316 [3049a9d5-7c8a-485e-b9b8-96288700cc55@group-1F8C02111A4F-StateMachineUpdater] INFO  impl.StateMachineUpdater (StateMachineUpdater.java:takeSnapshot(281)) - 3049a9d5-7c8a-485e-b9b8-96288700cc55@group-1F8C02111A4F-StateMachineUpdater: Took a snapshot at index 20
2021-12-01 05:34:04,316 [3049a9d5-7c8a-485e-b9b8-96288700cc55@group-1F8C02111A4F-StateMachineUpdater] INFO  impl.StateMachineUpdater (StateMachineUpdater.java:lambda$new$0(89)) - 3049a9d5-7c8a-485e-b9b8-96288700cc55@group-1F8C02111A4F-StateMachineUpdater: snapshotIndex: updateIncreasingly 15 -> 20
2021-12-01 05:34:04,316 [3049a9d5-7c8a-485e-b9b8-96288700cc55@group-1F8C02111A4F-StateMachineUpdater] INFO  raftlog.RaftLog (RaftLogBase.java:purge(306)) - 3049a9d5-7c8a-485e-b9b8-96288700cc55@group-1F8C02111A4F-SegmentedRaftLog: purge 20
2021-12-01 05:34:04,316 [3049a9d5-7c8a-485e-b9b8-96288700cc55@group-1F8C02111A4F-StateMachineUpdater] INFO  raftlog.RaftLog (RaftLogBase.java:lambda$new$0(53)) - 3049a9d5-7c8a-485e-b9b8-96288700cc55@group-1F8C02111A4F-SegmentedRaftLog: snapshotIndex: updateIncreasingly 15 -> 20
2021-12-01 05:34:04,316 [3049a9d5-7c8a-485e-b9b8-96288700cc55@group-1F8C02111A4F-StateMachineUpdater] INFO  raftlog.RaftLog (RaftLogBase.java:lambda$new$0(53)) - 3049a9d5-7c8a-485e-b9b8-96288700cc55@group-1F8C02111A4F-SegmentedRaftLog: purgeIndex: updateToMax old=15, new=20, updated? true
2021-12-01 05:34:04,336 [Command processor thread] INFO  commandhandler.CreatePipelineCommandHandler (CreatePipelineCommandHandler.java:handle(106)) - Created Pipeline RATIS THREE PipelineID=a4cb820e-ec71-4f61-b24e-9bdd03f14ccc.
2021-12-01 05:34:04,401 [Command processor thread] INFO  commandhandler.CreatePipelineCommandHandler (CreatePipelineCommandHandler.java:handle(106)) - Created Pipeline RATIS THREE PipelineID=a4cb820e-ec71-4f61-b24e-9bdd03f14ccc.
2021-12-01 05:34:04,634 [Listener at 127.0.0.1/11600] INFO  ozone.MiniOzoneClusterImpl (MiniOzoneClusterImpl.java:lambda$waitForClusterToBeReady$0(235)) - Nodes are ready. Got 3 of 3 DN Heartbeats.
2021-12-01 05:34:04,634 [Listener at 127.0.0.1/11600] INFO  ozone.MiniOzoneClusterImpl (MiniOzoneClusterImpl.java:lambda$waitForClusterToBeReady$0(238)) - Waiting for cluster to exit safe mode
2021-12-01 05:34:04,634 [Listener at 127.0.0.1/11600] INFO  ozone.MiniOzoneClusterImpl (MiniOzoneClusterImpl.java:lambda$waitForClusterToBeReady$0(240)) - SCM became leader
2021-12-01 05:34:04,713 [Command processor thread] INFO  server.RaftServer (RaftServerProxy.java:addNew(95)) - 50760388-b69f-4e6a-8619-7c3b28224d8a: addNew group-7199D68F827C:[50760388-b69f-4e6a-8619-7c3b28224d8a|rpc:127.0.0.1:41785|priority:1] returns group-7199D68F827C:java.util.concurrent.CompletableFuture@208f7146[Not completed]
2021-12-01 05:34:04,714 [pool-336-thread-1] INFO  server.RaftServer$Division (RaftServerImpl.java:<init>(184)) - 50760388-b69f-4e6a-8619-7c3b28224d8a: new RaftServerImpl for group-7199D68F827C:[50760388-b69f-4e6a-8619-7c3b28224d8a|rpc:127.0.0.1:41785|priority:1] with ContainerStateMachine:uninitialized
2021-12-01 05:34:04,714 [pool-336-thread-1] INFO  server.RaftServerConfigKeys (ConfUtils.java:logGet(44)) - raft.server.rpc.timeout.min = 5s (custom)
2021-12-01 05:34:04,714 [pool-336-thread-1] INFO  server.RaftServerConfigKeys (ConfUtils.java:logGet(44)) - raft.server.rpc.timeout.max = 5200ms (custom)
2021-12-01 05:34:04,714 [pool-336-thread-1] INFO  server.RaftServerConfigKeys (ConfUtils.java:logGet(44)) - raft.server.rpc.sleep.time = 25ms (default)
2021-12-01 05:34:04,714 [pool-336-thread-1] INFO  server.RaftServerConfigKeys (ConfUtils.java:logGet(44)) - raft.server.rpc.slowness.timeout = 300s (custom)
2021-12-01 05:34:04,714 [pool-336-thread-1] INFO  server.RaftServerConfigKeys (ConfUtils.java:logGet(44)) - raft.server.leaderelection.leader.step-down.wait-time = 10s (default)
2021-12-01 05:34:04,715 [pool-336-thread-1] INFO  server.RaftServerConfigKeys (ConfUtils.java:logGet(44)) - raft.server.sleep.deviation.threshold = 300ms (default)
2021-12-01 05:34:04,715 [pool-336-thread-1] INFO  server.RaftServerConfigKeys (ConfUtils.java:logGet(44)) - raft.server.log.appender.install.snapshot.enabled = false (custom)
2021-12-01 05:34:04,715 [pool-336-thread-1] INFO  server.RaftServer$Division (ServerState.java:<init>(105)) - 50760388-b69f-4e6a-8619-7c3b28224d8a@group-7199D68F827C: ConfigurationManager, init=-1: [50760388-b69f-4e6a-8619-7c3b28224d8a|rpc:127.0.0.1:41785|priority:1], old=null, confs=<EMPTY_MAP>
2021-12-01 05:34:04,715 [pool-336-thread-1] INFO  server.RaftServerConfigKeys (ConfUtils.java:logGet(44)) - raft.server.storage.dir = [/home/runner/work/ozone/ozone/hadoop-ozone/integration-test/target/test-dir/MiniOzoneClusterImpl-18ff7c11-c606-42f1-8c5c-1f8c02111a4f/datanode-2/data/ratis] (custom)
2021-12-01 05:34:04,715 [pool-336-thread-1] INFO  server.RaftServerConfigKeys (ConfUtils.java:logGet(44)) - raft.server.log.corruption.policy = EXCEPTION (default)
2021-12-01 05:34:04,715 [pool-336-thread-1] INFO  server.RaftServerConfigKeys (ConfUtils.java:logGet(44)) - raft.server.storage.free-space.min = 0MB (=0) (default)
2021-12-01 05:34:04,715 [pool-336-thread-1] INFO  storage.RaftStorageDirectory (RaftStorageDirectoryImpl.java:analyzeStorage(135)) - The storage directory /home/runner/work/ozone/ozone/hadoop-ozone/integration-test/target/test-dir/MiniOzoneClusterImpl-18ff7c11-c606-42f1-8c5c-1f8c02111a4f/datanode-2/data/ratis/ed2a3ff7-2a21-4723-aee3-7199d68f827c does not exist. Creating ...
2021-12-01 05:34:04,716 [pool-336-thread-1] INFO  storage.RaftStorageDirectory (RaftStorageDirectoryImpl.java:tryLock(230)) - Lock on /home/runner/work/ozone/ozone/hadoop-ozone/integration-test/target/test-dir/MiniOzoneClusterImpl-18ff7c11-c606-42f1-8c5c-1f8c02111a4f/datanode-2/data/ratis/ed2a3ff7-2a21-4723-aee3-7199d68f827c/in_use.lock acquired by nodename 30928@fv-az297-56
2021-12-01 05:34:04,719 [pool-336-thread-1] INFO  storage.RaftStorage (RaftStorageImpl.java:format(89)) - Storage directory /home/runner/work/ozone/ozone/hadoop-ozone/integration-test/target/test-dir/MiniOzoneClusterImpl-18ff7c11-c606-42f1-8c5c-1f8c02111a4f/datanode-2/data/ratis/ed2a3ff7-2a21-4723-aee3-7199d68f827c has been successfully formatted.
2021-12-01 05:34:04,720 [pool-336-thread-1] INFO  ratis.ContainerStateMachine (ContainerStateMachine.java:loadSnapshot(224)) - group-7199D68F827C: The snapshot info is null. Setting the last applied indexto:(t:0, i:~)
2021-12-01 05:34:04,720 [pool-336-thread-1] INFO  server.RaftServerConfigKeys (ConfUtils.java:logGet(44)) - raft.server.notification.no-leader.timeout = 300s (custom)
2021-12-01 05:34:04,720 [pool-336-thread-1] INFO  server.RaftServerConfigKeys (ConfUtils.java:logGet(44)) - raft.server.log.use.memory = false (default)
2021-12-01 05:34:04,720 [pool-336-thread-1] INFO  server.RaftServerConfigKeys (ConfUtils.java:logGet(44)) - raft.server.log.purge.gap = 1000000 (custom)
2021-12-01 05:34:04,720 [pool-336-thread-1] INFO  server.RaftServerConfigKeys (ConfUtils.java:logGet(44)) - raft.server.log.appender.buffer.byte-limit = 33554432 (custom)
2021-12-01 05:34:04,720 [pool-336-thread-1] INFO  server.RaftServerConfigKeys (ConfUtils.java:logGet(44)) - raft.server.log.segment.size.max = 1048576 (custom)
2021-12-01 05:34:04,720 [pool-336-thread-1] INFO  server.RaftServerConfigKeys (ConfUtils.java:logGet(44)) - raft.server.log.segment.cache.num.max = 2 (custom)
2021-12-01 05:34:04,720 [pool-336-thread-1] INFO  server.RaftServerConfigKeys (ConfUtils.java:logGet(44)) - raft.server.log.segment.cache.size.max = 200MB (=209715200) (default)
2021-12-01 05:34:04,720 [pool-336-thread-1] INFO  segmented.SegmentedRaftLogWorker (SegmentedRaftLogWorker.java:<init>(182)) - new 50760388-b69f-4e6a-8619-7c3b28224d8a@group-7199D68F827C-SegmentedRaftLogWorker for RaftStorageImpl:Storage Directory /home/runner/work/ozone/ozone/hadoop-ozone/integration-test/target/test-dir/MiniOzoneClusterImpl-18ff7c11-c606-42f1-8c5c-1f8c02111a4f/datanode-2/data/ratis/ed2a3ff7-2a21-4723-aee3-7199d68f827c
2021-12-01 05:34:04,720 [pool-336-thread-1] INFO  server.RaftServerConfigKeys (ConfUtils.java:logGet(44)) - raft.server.log.queue.byte-limit = 2147483647 (custom)
2021-12-01 05:34:04,721 [pool-336-thread-1] INFO  server.RaftServerConfigKeys (ConfUtils.java:logGet(44)) - raft.server.log.queue.element-limit = 1024 (custom)
2021-12-01 05:34:04,721 [pool-336-thread-1] INFO  server.RaftServerConfigKeys (ConfUtils.java:logGet(44)) - raft.server.log.segment.size.max = 1048576 (custom)
2021-12-01 05:34:04,721 [pool-336-thread-1] INFO  server.RaftServerConfigKeys (ConfUtils.java:logGet(44)) - raft.server.log.preallocated.size = 16384 (custom)
2021-12-01 05:34:04,721 [pool-336-thread-1] INFO  server.RaftServerConfigKeys (ConfUtils.java:logGet(44)) - raft.server.log.force.sync.num = 128 (default)
2021-12-01 05:34:04,721 [pool-336-thread-1] INFO  server.RaftServerConfigKeys (ConfUtils.java:logGet(44)) - raft.server.log.statemachine.data.sync = true (default)
2021-12-01 05:34:04,721 [pool-336-thread-1] INFO  server.RaftServerConfigKeys (ConfUtils.java:logGet(44)) - raft.server.log.statemachine.data.sync.timeout = 10s (default)
2021-12-01 05:34:04,721 [pool-336-thread-1] INFO  server.RaftServerConfigKeys (ConfUtils.java:logGet(44)) - raft.server.log.statemachine.data.sync.timeout.retry = -1 (default)
2021-12-01 05:34:04,721 [pool-336-thread-1] INFO  server.RaftServerConfigKeys (ConfUtils.java:logGet(44)) - raft.server.log.write.buffer.size = 1048576 (custom)
2021-12-01 05:34:04,723 [EventQueue-PipelineReportForPipelineReportHandler] INFO  pipeline.PipelineManagerImpl (PipelineManagerImpl.java:openPipeline(289)) - Pipeline Pipeline[ Id: ed2a3ff7-2a21-4723-aee3-7199d68f827c, Nodes: 50760388-b69f-4e6a-8619-7c3b28224d8a{ip: 127.0.0.1, host: localhost, ports: [REPLICATION=45889, RATIS=41785, RATIS_ADMIN=41785, RATIS_SERVER=41785, STANDALONE=42967], networkLocation: /default-rack, certSerialId: null, persistedOpState: IN_SERVICE, persistedOpStateExpiryEpochSec: 0}, ReplicationConfig: RATIS/ONE, State:ALLOCATED, leaderId:50760388-b69f-4e6a-8619-7c3b28224d8a, CreationTimestamp2021-12-01T05:34:01.719Z[Etc/UTC]] moved to OPEN state
2021-12-01 05:34:04,724 [EventQueue-PipelineReportForPipelineReportHandler] INFO  ha.SCMHAInvocationHandler (SCMHAInvocationHandler.java:invokeRatis(113)) - Invoking method public abstract void org.apache.hadoop.hdds.scm.pipeline.PipelineStateManager.updatePipelineState(org.apache.hadoop.hdds.protocol.proto.HddsProtos$PipelineID,org.apache.hadoop.hdds.protocol.proto.HddsProtos$PipelineState) throws java.io.IOException on target org.apache.hadoop.hdds.scm.ha.SCMRatisServerImpl@50955ec2, cost 231.902us
2021-12-01 05:34:04,724 [EventQueue-PipelineReportForPipelineReportHandler] INFO  pipeline.PipelineManagerImpl (PipelineManagerImpl.java:openPipeline(289)) - Pipeline Pipeline[ Id: ed2a3ff7-2a21-4723-aee3-7199d68f827c, Nodes: 50760388-b69f-4e6a-8619-7c3b28224d8a{ip: 127.0.0.1, host: localhost, ports: [REPLICATION=45889, RATIS=41785, RATIS_ADMIN=41785, RATIS_SERVER=41785, STANDALONE=42967], networkLocation: /default-rack, certSerialId: null, persistedOpState: IN_SERVICE, persistedOpStateExpiryEpochSec: 0}, ReplicationConfig: RATIS/ONE, State:ALLOCATED, leaderId:50760388-b69f-4e6a-8619-7c3b28224d8a, CreationTimestamp2021-12-01T05:34:01.719Z[Etc/UTC]] moved to OPEN state
2021-12-01 05:34:04,737 [pool-336-thread-1] INFO  server.RaftServerConfigKeys (ConfUtils.java:logGet(44)) - raft.server.log.statemachine.data.caching.enabled = true (custom)
2021-12-01 05:34:04,737 [pool-336-thread-1] INFO  segmented.SegmentedRaftLogWorker (SegmentedRaftLogWorker.java:lambda$new$0(133)) - 50760388-b69f-4e6a-8619-7c3b28224d8a@group-7199D68F827C-SegmentedRaftLogWorker: flushIndex: setUnconditionally 0 -> -1
2021-12-01 05:34:04,737 [pool-336-thread-1] INFO  segmented.SegmentedRaftLogWorker (SegmentedRaftLogWorker.java:lambda$new$0(133)) - 50760388-b69f-4e6a-8619-7c3b28224d8a@group-7199D68F827C-SegmentedRaftLogWorker: safeCacheEvictIndex: setUnconditionally 0 -> -1
2021-12-01 05:34:04,758 [pool-336-thread-1] INFO  server.RaftServerConfigKeys (ConfUtils.java:logGet(44)) - raft.server.snapshot.auto.trigger.enabled = true (custom)
2021-12-01 05:34:04,758 [pool-336-thread-1] INFO  server.RaftServerConfigKeys (ConfUtils.java:logGet(44)) - raft.server.snapshot.auto.trigger.threshold = 10000 (custom)
2021-12-01 05:34:04,758 [pool-336-thread-1] INFO  server.RaftServerConfigKeys (ConfUtils.java:logGet(44)) - raft.server.snapshot.retention.file.num = 5 (custom)
2021-12-01 05:34:04,758 [pool-336-thread-1] INFO  server.RaftServerConfigKeys (ConfUtils.java:logGet(44)) - raft.server.log.purge.upto.snapshot.index = false (default)
2021-12-01 05:34:04,761 [pool-336-thread-1] INFO  server.RaftServerConfigKeys (ConfUtils.java:logGet(44)) - raft.server.retrycache.expirytime = 600000ms (custom)
2021-12-01 05:34:04,761 [pool-336-thread-1] INFO  server.RaftServerConfigKeys (ConfUtils.java:logGet(44)) - raft.server.retrycache.statistics.expirytime = 100μs (default)
2021-12-01 05:34:04,762 [pool-336-thread-1] INFO  server.RaftServer$Division (RaftServerImpl.java:start(301)) - 50760388-b69f-4e6a-8619-7c3b28224d8a@group-7199D68F827C: start as a follower, conf=-1: [50760388-b69f-4e6a-8619-7c3b28224d8a|rpc:127.0.0.1:41785|priority:1], old=null
2021-12-01 05:34:04,762 [pool-336-thread-1] INFO  server.RaftServer$Division (RaftServerImpl.java:setRole(290)) - 50760388-b69f-4e6a-8619-7c3b28224d8a@group-7199D68F827C: changes role from      null to FOLLOWER at term 0 for startAsFollower
2021-12-01 05:34:04,762 [pool-336-thread-1] INFO  impl.RoleInfo (RoleInfo.java:updateAndGet(130)) - 50760388-b69f-4e6a-8619-7c3b28224d8a: start 50760388-b69f-4e6a-8619-7c3b28224d8a@group-7199D68F827C-FollowerState
2021-12-01 05:34:04,768 [3049a9d5-7c8a-485e-b9b8-96288700cc55@group-1F8C02111A4F-StateMachineUpdater] INFO  safemode.HealthyPipelineSafeModeRule (HealthyPipelineSafeModeRule.java:initializeRule(152)) - Refreshed total pipeline count is 0, healthy pipeline threshold count is 1
2021-12-01 05:34:04,768 [EventQueue-PipelineReportForPipelineReportHandler] INFO  ha.SCMHAInvocationHandler (SCMHAInvocationHandler.java:invokeRatis(113)) - Invoking method public abstract void org.apache.hadoop.hdds.scm.pipeline.PipelineStateManager.updatePipelineState(org.apache.hadoop.hdds.protocol.proto.HddsProtos$PipelineID,org.apache.hadoop.hdds.protocol.proto.HddsProtos$PipelineState) throws java.io.IOException on target org.apache.hadoop.hdds.scm.ha.SCMRatisServerImpl@e04aa9b, cost 44169.896us
2021-12-01 05:34:04,768 [EventQueue-OpenPipelineForHealthyPipelineSafeModeRule] INFO  safemode.SCMSafeModeManager (HealthyPipelineSafeModeRule.java:process(124)) - SCM in safe mode. Healthy pipelines reported count is 0, required healthy pipeline reported count is 1
2021-12-01 05:34:04,772 [pool-336-thread-1] INFO  util.JmxRegister (JmxRegister.java:tryRegister(44)) - Successfully registered JMX Bean with object name Ratis:service=RaftServer,group=group-7199D68F827C,id=50760388-b69f-4e6a-8619-7c3b28224d8a
2021-12-01 05:34:04,778 [Command processor thread] INFO  ratis.XceiverServerRatis (XceiverServerRatis.java:addGroup(768)) - Created group PipelineID=ed2a3ff7-2a21-4723-aee3-7199d68f827c
2021-12-01 05:34:04,778 [Command processor thread] INFO  commandhandler.CreatePipelineCommandHandler (CreatePipelineCommandHandler.java:handle(106)) - Created Pipeline RATIS ONE PipelineID=ed2a3ff7-2a21-4723-aee3-7199d68f827c.
2021-12-01 05:34:04,796 [d9fd8670-dda0-4698-9e6d-057ae1a4980a@group-1F8C02111A4F-StateMachineUpdater] INFO  safemode.HealthyPipelineSafeModeRule (HealthyPipelineSafeModeRule.java:initializeRule(152)) - Refreshed total pipeline count is 0, healthy pipeline threshold count is 1
2021-12-01 05:34:05,103 [EndpointStateMachine task thread for /127.0.0.1:14539 - 0 ] INFO  ipc.Client (Client.java:handleConnectionFailure(977)) - Retrying connect to server: localhost/127.0.0.1:14539. Already tried 12 time(s); retry policy is RetryUpToMaximumCountWithFixedSleep(maxRetries=15, sleepTime=1000 MILLISECONDS)
2021-12-01 05:34:05,103 [EndpointStateMachine task thread for /127.0.0.1:14549 - 0 ] INFO  ipc.Client (Client.java:handleConnectionFailure(977)) - Retrying connect to server: localhost/127.0.0.1:14549. Already tried 12 time(s); retry policy is RetryUpToMaximumCountWithFixedSleep(maxRetries=15, sleepTime=1000 MILLISECONDS)
2021-12-01 05:34:05,108 [EndpointStateMachine task thread for /127.0.0.1:14529 - 0 ] INFO  ipc.Client (Client.java:handleConnectionFailure(977)) - Retrying connect to server: localhost/127.0.0.1:14529. Already tried 12 time(s); retry policy is RetryUpToMaximumCountWithFixedSleep(maxRetries=15, sleepTime=1000 MILLISECONDS)
2021-12-01 05:34:05,634 [Listener at 127.0.0.1/11600] INFO  ozone.MiniOzoneClusterImpl (MiniOzoneClusterImpl.java:lambda$waitForClusterToBeReady$0(235)) - Nodes are ready. Got 3 of 3 DN Heartbeats.
2021-12-01 05:34:05,635 [Listener at 127.0.0.1/11600] INFO  ozone.MiniOzoneClusterImpl (MiniOzoneClusterImpl.java:lambda$waitForClusterToBeReady$0(238)) - Waiting for cluster to exit safe mode
2021-12-01 05:34:05,635 [Listener at 127.0.0.1/11600] INFO  ozone.MiniOzoneClusterImpl (MiniOzoneClusterImpl.java:lambda$waitForClusterToBeReady$0(240)) - SCM became leader
2021-12-01 05:34:06,103 [EndpointStateMachine task thread for /127.0.0.1:14539 - 0 ] INFO  ipc.Client (Client.java:handleConnectionFailure(977)) - Retrying connect to server: localhost/127.0.0.1:14539. Already tried 13 time(s); retry policy is RetryUpToMaximumCountWithFixedSleep(maxRetries=15, sleepTime=1000 MILLISECONDS)
2021-12-01 05:34:06,103 [EndpointStateMachine task thread for /127.0.0.1:14549 - 0 ] INFO  ipc.Client (Client.java:handleConnectionFailure(977)) - Retrying connect to server: localhost/127.0.0.1:14549. Already tried 13 time(s); retry policy is RetryUpToMaximumCountWithFixedSleep(maxRetries=15, sleepTime=1000 MILLISECONDS)
2021-12-01 05:34:06,108 [EndpointStateMachine task thread for /127.0.0.1:14529 - 0 ] INFO  ipc.Client (Client.java:handleConnectionFailure(977)) - Retrying connect to server: localhost/127.0.0.1:14529. Already tried 13 time(s); retry policy is RetryUpToMaximumCountWithFixedSleep(maxRetries=15, sleepTime=1000 MILLISECONDS)
2021-12-01 05:34:06,635 [Listener at 127.0.0.1/11600] INFO  ozone.MiniOzoneClusterImpl (MiniOzoneClusterImpl.java:lambda$waitForClusterToBeReady$0(235)) - Nodes are ready. Got 3 of 3 DN Heartbeats.
2021-12-01 05:34:06,635 [Listener at 127.0.0.1/11600] INFO  ozone.MiniOzoneClusterImpl (MiniOzoneClusterImpl.java:lambda$waitForClusterToBeReady$0(238)) - Waiting for cluster to exit safe mode
2021-12-01 05:34:06,635 [Listener at 127.0.0.1/11600] INFO  ozone.MiniOzoneClusterImpl (MiniOzoneClusterImpl.java:lambda$waitForClusterToBeReady$0(240)) - SCM became leader
2021-12-01 05:34:07,104 [EndpointStateMachine task thread for /127.0.0.1:14539 - 0 ] INFO  ipc.Client (Client.java:handleConnectionFailure(977)) - Retrying connect to server: localhost/127.0.0.1:14539. Already tried 14 time(s); retry policy is RetryUpToMaximumCountWithFixedSleep(maxRetries=15, sleepTime=1000 MILLISECONDS)
2021-12-01 05:34:07,104 [EndpointStateMachine task thread for /127.0.0.1:14549 - 0 ] INFO  ipc.Client (Client.java:handleConnectionFailure(977)) - Retrying connect to server: localhost/127.0.0.1:14549. Already tried 14 time(s); retry policy is RetryUpToMaximumCountWithFixedSleep(maxRetries=15, sleepTime=1000 MILLISECONDS)
2021-12-01 05:34:07,109 [EndpointStateMachine task thread for /127.0.0.1:14529 - 0 ] INFO  ipc.Client (Client.java:handleConnectionFailure(977)) - Retrying connect to server: localhost/127.0.0.1:14529. Already tried 14 time(s); retry policy is RetryUpToMaximumCountWithFixedSleep(maxRetries=15, sleepTime=1000 MILLISECONDS)
2021-12-01 05:34:07,636 [Listener at 127.0.0.1/11600] INFO  ozone.MiniOzoneClusterImpl (MiniOzoneClusterImpl.java:lambda$waitForClusterToBeReady$0(235)) - Nodes are ready. Got 3 of 3 DN Heartbeats.
2021-12-01 05:34:07,636 [Listener at 127.0.0.1/11600] INFO  ozone.MiniOzoneClusterImpl (MiniOzoneClusterImpl.java:lambda$waitForClusterToBeReady$0(238)) - Waiting for cluster to exit safe mode
2021-12-01 05:34:07,636 [Listener at 127.0.0.1/11600] INFO  ozone.MiniOzoneClusterImpl (MiniOzoneClusterImpl.java:lambda$waitForClusterToBeReady$0(240)) - SCM became leader
2021-12-01 05:34:08,105 [EndpointStateMachine task thread for /127.0.0.1:14539 - 0 ] INFO  ipc.Client (Client.java:handleConnectionFailure(977)) - Retrying connect to server: localhost/127.0.0.1:14539. Already tried 0 time(s); retry policy is RetryUpToMaximumCountWithFixedSleep(maxRetries=15, sleepTime=1000 MILLISECONDS)
2021-12-01 05:34:08,105 [EndpointStateMachine task thread for /127.0.0.1:14549 - 0 ] INFO  ipc.Client (Client.java:handleConnectionFailure(977)) - Retrying connect to server: localhost/127.0.0.1:14549. Already tried 0 time(s); retry policy is RetryUpToMaximumCountWithFixedSleep(maxRetries=15, sleepTime=1000 MILLISECONDS)
2021-12-01 05:34:08,110 [EndpointStateMachine task thread for /127.0.0.1:14529 - 0 ] INFO  ipc.Client (Client.java:handleConnectionFailure(977)) - Retrying connect to server: localhost/127.0.0.1:14529. Already tried 0 time(s); retry policy is RetryUpToMaximumCountWithFixedSleep(maxRetries=15, sleepTime=1000 MILLISECONDS)
2021-12-01 05:34:08,178 [Datanode State Machine Daemon Thread] ERROR datanode.RunningDatanodeState (RunningDatanodeState.java:computeNextContainerState(199)) - Error in executing end point task.
java.util.concurrent.ExecutionException: java.util.concurrent.TimeoutException
	at java.util.concurrent.FutureTask.report(FutureTask.java:122)
	at java.util.concurrent.FutureTask.get(FutureTask.java:192)
	at org.apache.hadoop.ozone.container.common.states.datanode.RunningDatanodeState.computeNextContainerState(RunningDatanodeState.java:191)
	at org.apache.hadoop.ozone.container.common.states.datanode.RunningDatanodeState.await(RunningDatanodeState.java:231)
	at org.apache.hadoop.ozone.container.common.states.datanode.RunningDatanodeState.await(RunningDatanodeState.java:50)
	at org.apache.hadoop.ozone.container.common.statemachine.StateContext.execute(StateContext.java:633)
	at org.apache.hadoop.ozone.container.common.statemachine.DatanodeStateMachine.start(DatanodeStateMachine.java:280)
	at org.apache.hadoop.ozone.container.common.statemachine.DatanodeStateMachine.lambda$startDaemon$0(DatanodeStateMachine.java:468)
	at java.lang.Thread.run(Thread.java:748)
Caused by: java.util.concurrent.TimeoutException
	at java.util.concurrent.FutureTask.get(FutureTask.java:205)
	at org.apache.hadoop.ozone.container.common.states.datanode.RunningDatanodeState.lambda$execute$0(RunningDatanodeState.java:149)
	at java.util.concurrent.FutureTask.run(FutureTask.java:266)
	at java.util.concurrent.Executors$RunnableAdapter.call(Executors.java:511)
	at java.util.concurrent.FutureTask.run(FutureTask.java:266)
	at java.util.concurrent.ThreadPoolExecutor.runWorker(ThreadPoolExecutor.java:1149)
	at java.util.concurrent.ThreadPoolExecutor$Worker.run(ThreadPoolExecutor.java:624)
	... 1 more
2021-12-01 05:34:08,290 [Datanode State Machine Daemon Thread] ERROR datanode.RunningDatanodeState (RunningDatanodeState.java:computeNextContainerState(199)) - Error in executing end point task.
java.util.concurrent.ExecutionException: java.util.concurrent.TimeoutException
	at java.util.concurrent.FutureTask.report(FutureTask.java:122)
	at java.util.concurrent.FutureTask.get(FutureTask.java:192)
	at org.apache.hadoop.ozone.container.common.states.datanode.RunningDatanodeState.computeNextContainerState(RunningDatanodeState.java:191)
	at org.apache.hadoop.ozone.container.common.states.datanode.RunningDatanodeState.await(RunningDatanodeState.java:231)
	at org.apache.hadoop.ozone.container.common.states.datanode.RunningDatanodeState.await(RunningDatanodeState.java:50)
	at org.apache.hadoop.ozone.container.common.statemachine.StateContext.execute(StateContext.java:633)
	at org.apache.hadoop.ozone.container.common.statemachine.DatanodeStateMachine.start(DatanodeStateMachine.java:280)
	at org.apache.hadoop.ozone.container.common.statemachine.DatanodeStateMachine.lambda$startDaemon$0(DatanodeStateMachine.java:468)
	at java.lang.Thread.run(Thread.java:748)
Caused by: java.util.concurrent.TimeoutException
	at java.util.concurrent.FutureTask.get(FutureTask.java:205)
	at org.apache.hadoop.ozone.container.common.states.datanode.RunningDatanodeState.lambda$execute$0(RunningDatanodeState.java:149)
	at java.util.concurrent.FutureTask.run(FutureTask.java:266)
	at java.util.concurrent.Executors$RunnableAdapter.call(Executors.java:511)
	at java.util.concurrent.FutureTask.run(FutureTask.java:266)
	at java.util.concurrent.ThreadPoolExecutor.runWorker(ThreadPoolExecutor.java:1149)
	at java.util.concurrent.ThreadPoolExecutor$Worker.run(ThreadPoolExecutor.java:624)
	... 1 more
2021-12-01 05:34:08,636 [Listener at 127.0.0.1/11600] INFO  ozone.MiniOzoneClusterImpl (MiniOzoneClusterImpl.java:lambda$waitForClusterToBeReady$0(235)) - Nodes are ready. Got 3 of 3 DN Heartbeats.
2021-12-01 05:34:08,636 [Listener at 127.0.0.1/11600] INFO  ozone.MiniOzoneClusterImpl (MiniOzoneClusterImpl.java:lambda$waitForClusterToBeReady$0(238)) - Waiting for cluster to exit safe mode
2021-12-01 05:34:08,636 [Listener at 127.0.0.1/11600] INFO  ozone.MiniOzoneClusterImpl (MiniOzoneClusterImpl.java:lambda$waitForClusterToBeReady$0(240)) - SCM became leader
2021-12-01 05:34:09,106 [EndpointStateMachine task thread for /127.0.0.1:14539 - 0 ] INFO  ipc.Client (Client.java:handleConnectionFailure(977)) - Retrying connect to server: localhost/127.0.0.1:14539. Already tried 1 time(s); retry policy is RetryUpToMaximumCountWithFixedSleep(maxRetries=15, sleepTime=1000 MILLISECONDS)
2021-12-01 05:34:09,106 [EndpointStateMachine task thread for /127.0.0.1:14549 - 0 ] INFO  ipc.Client (Client.java:handleConnectionFailure(977)) - Retrying connect to server: localhost/127.0.0.1:14549. Already tried 1 time(s); retry policy is RetryUpToMaximumCountWithFixedSleep(maxRetries=15, sleepTime=1000 MILLISECONDS)
2021-12-01 05:34:09,111 [EndpointStateMachine task thread for /127.0.0.1:14529 - 0 ] INFO  ipc.Client (Client.java:handleConnectionFailure(977)) - Retrying connect to server: localhost/127.0.0.1:14529. Already tried 1 time(s); retry policy is RetryUpToMaximumCountWithFixedSleep(maxRetries=15, sleepTime=1000 MILLISECONDS)
2021-12-01 05:34:09,113 [50760388-b69f-4e6a-8619-7c3b28224d8a@group-678140B1059C-FollowerState] INFO  impl.FollowerState (FollowerState.java:run(134)) - 50760388-b69f-4e6a-8619-7c3b28224d8a@group-678140B1059C-FollowerState: change to CANDIDATE, lastRpcElapsedTime:5062092386ns, electionTimeout:5023ms
2021-12-01 05:34:09,113 [50760388-b69f-4e6a-8619-7c3b28224d8a@group-678140B1059C-FollowerState] INFO  impl.RoleInfo (RoleInfo.java:shutdownFollowerState(108)) - 50760388-b69f-4e6a-8619-7c3b28224d8a: shutdown 50760388-b69f-4e6a-8619-7c3b28224d8a@group-678140B1059C-FollowerState
2021-12-01 05:34:09,113 [50760388-b69f-4e6a-8619-7c3b28224d8a@group-678140B1059C-FollowerState] INFO  server.RaftServer$Division (RaftServerImpl.java:setRole(290)) - 50760388-b69f-4e6a-8619-7c3b28224d8a@group-678140B1059C: changes role from  FOLLOWER to CANDIDATE at term 0 for changeToCandidate
2021-12-01 05:34:09,114 [50760388-b69f-4e6a-8619-7c3b28224d8a@group-678140B1059C-FollowerState] INFO  server.RaftServerConfigKeys (ConfUtils.java:logGet(44)) - raft.server.leaderelection.pre-vote = false (custom)
2021-12-01 05:34:09,114 [50760388-b69f-4e6a-8619-7c3b28224d8a@group-678140B1059C-FollowerState] INFO  impl.RoleInfo (RoleInfo.java:updateAndGet(130)) - 50760388-b69f-4e6a-8619-7c3b28224d8a: start 50760388-b69f-4e6a-8619-7c3b28224d8a@group-678140B1059C-LeaderElection19
2021-12-01 05:34:09,122 [71abcc26-9029-4fbf-a56a-b89502f0dfdb@group-678140B1059C-FollowerState] INFO  impl.FollowerState (FollowerState.java:run(134)) - 71abcc26-9029-4fbf-a56a-b89502f0dfdb@group-678140B1059C-FollowerState: change to CANDIDATE, lastRpcElapsedTime:5142409626ns, electionTimeout:5131ms
2021-12-01 05:34:09,122 [71abcc26-9029-4fbf-a56a-b89502f0dfdb@group-678140B1059C-FollowerState] INFO  impl.RoleInfo (RoleInfo.java:shutdownFollowerState(108)) - 71abcc26-9029-4fbf-a56a-b89502f0dfdb: shutdown 71abcc26-9029-4fbf-a56a-b89502f0dfdb@group-678140B1059C-FollowerState
2021-12-01 05:34:09,122 [71abcc26-9029-4fbf-a56a-b89502f0dfdb@group-678140B1059C-FollowerState] INFO  server.RaftServer$Division (RaftServerImpl.java:setRole(290)) - 71abcc26-9029-4fbf-a56a-b89502f0dfdb@group-678140B1059C: changes role from  FOLLOWER to CANDIDATE at term 0 for changeToCandidate
2021-12-01 05:34:09,122 [71abcc26-9029-4fbf-a56a-b89502f0dfdb@group-678140B1059C-FollowerState] INFO  server.RaftServerConfigKeys (ConfUtils.java:logGet(44)) - raft.server.leaderelection.pre-vote = false (custom)
2021-12-01 05:34:09,122 [71abcc26-9029-4fbf-a56a-b89502f0dfdb@group-678140B1059C-FollowerState] INFO  impl.RoleInfo (RoleInfo.java:updateAndGet(130)) - 71abcc26-9029-4fbf-a56a-b89502f0dfdb: start 71abcc26-9029-4fbf-a56a-b89502f0dfdb@group-678140B1059C-LeaderElection20
2021-12-01 05:34:09,133 [50760388-b69f-4e6a-8619-7c3b28224d8a@group-678140B1059C-LeaderElection19] INFO  impl.LeaderElection (LeaderElection.java:askForVotes(306)) - 50760388-b69f-4e6a-8619-7c3b28224d8a@group-678140B1059C-LeaderElection19 ELECTION round 0: submit vote requests at term 1 for -1: [da0cd28a-5297-4f90-8c80-70339634350f|rpc:127.0.0.1:45281|dataStream:|priority:0, 71abcc26-9029-4fbf-a56a-b89502f0dfdb|rpc:127.0.0.1:40523|dataStream:|priority:0, 50760388-b69f-4e6a-8619-7c3b28224d8a|rpc:127.0.0.1:41785|dataStream:|priority:1], old=null
2021-12-01 05:34:09,138 [71abcc26-9029-4fbf-a56a-b89502f0dfdb@group-024EF705D3D1-FollowerState] INFO  impl.FollowerState (FollowerState.java:run(134)) - 71abcc26-9029-4fbf-a56a-b89502f0dfdb@group-024EF705D3D1-FollowerState: change to CANDIDATE, lastRpcElapsedTime:5200392114ns, electionTimeout:5197ms
2021-12-01 05:34:09,138 [71abcc26-9029-4fbf-a56a-b89502f0dfdb@group-024EF705D3D1-FollowerState] INFO  impl.RoleInfo (RoleInfo.java:shutdownFollowerState(108)) - 71abcc26-9029-4fbf-a56a-b89502f0dfdb: shutdown 71abcc26-9029-4fbf-a56a-b89502f0dfdb@group-024EF705D3D1-FollowerState
2021-12-01 05:34:09,138 [71abcc26-9029-4fbf-a56a-b89502f0dfdb@group-024EF705D3D1-FollowerState] INFO  server.RaftServer$Division (RaftServerImpl.java:setRole(290)) - 71abcc26-9029-4fbf-a56a-b89502f0dfdb@group-024EF705D3D1: changes role from  FOLLOWER to CANDIDATE at term 0 for changeToCandidate
2021-12-01 05:34:09,155 [71abcc26-9029-4fbf-a56a-b89502f0dfdb@group-024EF705D3D1-FollowerState] INFO  server.RaftServerConfigKeys (ConfUtils.java:logGet(44)) - raft.server.leaderelection.pre-vote = false (custom)
2021-12-01 05:34:09,155 [71abcc26-9029-4fbf-a56a-b89502f0dfdb@group-024EF705D3D1-FollowerState] INFO  impl.RoleInfo (RoleInfo.java:updateAndGet(130)) - 71abcc26-9029-4fbf-a56a-b89502f0dfdb: start 71abcc26-9029-4fbf-a56a-b89502f0dfdb@group-024EF705D3D1-LeaderElection21
2021-12-01 05:34:09,157 [71abcc26-9029-4fbf-a56a-b89502f0dfdb@group-678140B1059C-LeaderElection20] INFO  impl.LeaderElection (LeaderElection.java:askForVotes(306)) - 71abcc26-9029-4fbf-a56a-b89502f0dfdb@group-678140B1059C-LeaderElection20 ELECTION round 0: submit vote requests at term 1 for -1: [da0cd28a-5297-4f90-8c80-70339634350f|rpc:127.0.0.1:45281|priority:0, 71abcc26-9029-4fbf-a56a-b89502f0dfdb|rpc:127.0.0.1:40523|priority:0, 50760388-b69f-4e6a-8619-7c3b28224d8a|rpc:127.0.0.1:41785|priority:1], old=null
2021-12-01 05:34:09,171 [grpc-default-executor-2] INFO  server.RaftServer$Division (RaftServerImpl.java:requestVote(1046)) - da0cd28a-5297-4f90-8c80-70339634350f@group-678140B1059C: receive requestVote(ELECTION, 50760388-b69f-4e6a-8619-7c3b28224d8a, group-678140B1059C, 1, (t:0, i:0))
2021-12-01 05:34:09,172 [grpc-default-executor-2] INFO  impl.VoteContext (VoteContext.java:log(48)) - da0cd28a-5297-4f90-8c80-70339634350f@group-678140B1059C-FOLLOWER: accept ELECTION from 50760388-b69f-4e6a-8619-7c3b28224d8a: our priority 0 <= candidate's priority 1
2021-12-01 05:34:09,172 [grpc-default-executor-2] INFO  server.RaftServer$Division (RaftServerImpl.java:setRole(290)) - da0cd28a-5297-4f90-8c80-70339634350f@group-678140B1059C: changes role from  FOLLOWER to FOLLOWER at term 1 for candidate:50760388-b69f-4e6a-8619-7c3b28224d8a
2021-12-01 05:34:09,172 [grpc-default-executor-2] INFO  impl.RoleInfo (RoleInfo.java:shutdownFollowerState(108)) - da0cd28a-5297-4f90-8c80-70339634350f: shutdown da0cd28a-5297-4f90-8c80-70339634350f@group-678140B1059C-FollowerState
2021-12-01 05:34:09,172 [da0cd28a-5297-4f90-8c80-70339634350f@group-678140B1059C-FollowerState] INFO  impl.FollowerState (FollowerState.java:run(143)) - da0cd28a-5297-4f90-8c80-70339634350f@group-678140B1059C-FollowerState was interrupted: {}
java.lang.InterruptedException: sleep interrupted
	at java.lang.Thread.sleep(Native Method)
	at java.lang.Thread.sleep(Thread.java:340)
	at java.util.concurrent.TimeUnit.sleep(TimeUnit.java:386)
	at org.apache.ratis.util.TimeDuration.sleep(TimeDuration.java:324)
	at org.apache.ratis.util.TimeDuration.sleep(TimeDuration.java:309)
	at org.apache.ratis.server.impl.FollowerState.run(FollowerState.java:118)
2021-12-01 05:34:09,172 [grpc-default-executor-2] INFO  impl.RoleInfo (RoleInfo.java:updateAndGet(130)) - da0cd28a-5297-4f90-8c80-70339634350f: start da0cd28a-5297-4f90-8c80-70339634350f@group-678140B1059C-FollowerState
2021-12-01 05:34:09,187 [71abcc26-9029-4fbf-a56a-b89502f0dfdb@group-024EF705D3D1-LeaderElection21] INFO  impl.LeaderElection (LeaderElection.java:askForVotes(306)) - 71abcc26-9029-4fbf-a56a-b89502f0dfdb@group-024EF705D3D1-LeaderElection21 ELECTION round 0: submit vote requests at term 1 for -1: [71abcc26-9029-4fbf-a56a-b89502f0dfdb|rpc:127.0.0.1:40523|priority:1], old=null
2021-12-01 05:34:09,195 [71abcc26-9029-4fbf-a56a-b89502f0dfdb@group-024EF705D3D1-LeaderElection21] INFO  impl.LeaderElection (LeaderElection.java:askForVotes(308)) - 71abcc26-9029-4fbf-a56a-b89502f0dfdb@group-024EF705D3D1-LeaderElection21 ELECTION round 0: result PASSED (term=1)
2021-12-01 05:34:09,195 [71abcc26-9029-4fbf-a56a-b89502f0dfdb@group-024EF705D3D1-LeaderElection21] INFO  impl.RoleInfo (RoleInfo.java:shutdownLeaderElection(121)) - 71abcc26-9029-4fbf-a56a-b89502f0dfdb: shutdown 71abcc26-9029-4fbf-a56a-b89502f0dfdb@group-024EF705D3D1-LeaderElection21
2021-12-01 05:34:09,195 [71abcc26-9029-4fbf-a56a-b89502f0dfdb@group-024EF705D3D1-LeaderElection21] INFO  server.RaftServer$Division (RaftServerImpl.java:setRole(290)) - 71abcc26-9029-4fbf-a56a-b89502f0dfdb@group-024EF705D3D1: changes role from CANDIDATE to LEADER at term 1 for changeToLeader
2021-12-01 05:34:09,195 [71abcc26-9029-4fbf-a56a-b89502f0dfdb@group-024EF705D3D1-LeaderElection21] INFO  ratis.XceiverServerRatis (XceiverServerRatis.java:handleLeaderChangedNotification(866)) - Leader change notification received for group: group-024EF705D3D1 with new leaderId: 71abcc26-9029-4fbf-a56a-b89502f0dfdb
2021-12-01 05:34:09,198 [Datanode State Machine Daemon Thread] ERROR datanode.RunningDatanodeState (RunningDatanodeState.java:computeNextContainerState(199)) - Error in executing end point task.
java.util.concurrent.ExecutionException: java.util.concurrent.TimeoutException
	at java.util.concurrent.FutureTask.report(FutureTask.java:122)
	at java.util.concurrent.FutureTask.get(FutureTask.java:192)
	at org.apache.hadoop.ozone.container.common.states.datanode.RunningDatanodeState.computeNextContainerState(RunningDatanodeState.java:191)
	at org.apache.hadoop.ozone.container.common.states.datanode.RunningDatanodeState.await(RunningDatanodeState.java:231)
	at org.apache.hadoop.ozone.container.common.states.datanode.RunningDatanodeState.await(RunningDatanodeState.java:50)
	at org.apache.hadoop.ozone.container.common.statemachine.StateContext.execute(StateContext.java:633)
	at org.apache.hadoop.ozone.container.common.statemachine.DatanodeStateMachine.start(DatanodeStateMachine.java:280)
	at org.apache.hadoop.ozone.container.common.statemachine.DatanodeStateMachine.lambda$startDaemon$0(DatanodeStateMachine.java:468)
	at java.lang.Thread.run(Thread.java:748)
Caused by: java.util.concurrent.TimeoutException
	at java.util.concurrent.FutureTask.get(FutureTask.java:205)
	at org.apache.hadoop.ozone.container.common.states.datanode.RunningDatanodeState.lambda$execute$0(RunningDatanodeState.java:149)
	at java.util.concurrent.FutureTask.run(FutureTask.java:266)
	at java.util.concurrent.Executors$RunnableAdapter.call(Executors.java:511)
	at java.util.concurrent.FutureTask.run(FutureTask.java:266)
	at java.util.concurrent.ThreadPoolExecutor.runWorker(ThreadPoolExecutor.java:1149)
	at java.util.concurrent.ThreadPoolExecutor$Worker.run(ThreadPoolExecutor.java:624)
	... 1 more
2021-12-01 05:34:09,210 [grpc-default-executor-3] INFO  server.RaftServer$Division (RaftServerImpl.java:requestVote(1046)) - 50760388-b69f-4e6a-8619-7c3b28224d8a@group-678140B1059C: receive requestVote(ELECTION, 71abcc26-9029-4fbf-a56a-b89502f0dfdb, group-678140B1059C, 1, (t:0, i:0))
2021-12-01 05:34:09,210 [grpc-default-executor-1] INFO  server.RaftServer$Division (RaftServerImpl.java:requestVote(1046)) - da0cd28a-5297-4f90-8c80-70339634350f@group-678140B1059C: receive requestVote(ELECTION, 71abcc26-9029-4fbf-a56a-b89502f0dfdb, group-678140B1059C, 1, (t:0, i:0))
2021-12-01 05:34:09,209 [71abcc26-9029-4fbf-a56a-b89502f0dfdb@group-024EF705D3D1-LeaderElection21] INFO  server.RaftServer$Division (ServerState.java:setLeader(285)) - 71abcc26-9029-4fbf-a56a-b89502f0dfdb@group-024EF705D3D1: change Leader from null to 71abcc26-9029-4fbf-a56a-b89502f0dfdb at term 1 for becomeLeader, leader elected after 5304ms
2021-12-01 05:34:09,209 [grpc-default-executor-2] INFO  server.RaftServer$Division (RaftServerImpl.java:requestVote(1078)) - da0cd28a-5297-4f90-8c80-70339634350f@group-678140B1059C replies to ELECTION vote request: 50760388-b69f-4e6a-8619-7c3b28224d8a<-da0cd28a-5297-4f90-8c80-70339634350f#0:OK-t1. Peer's state: da0cd28a-5297-4f90-8c80-70339634350f@group-678140B1059C:t1, leader=null, voted=50760388-b69f-4e6a-8619-7c3b28224d8a, raftlog=da0cd28a-5297-4f90-8c80-70339634350f@group-678140B1059C-SegmentedRaftLog:OPENED:c-1, conf=-1: [da0cd28a-5297-4f90-8c80-70339634350f|rpc:127.0.0.1:45281|dataStream:|priority:0, 71abcc26-9029-4fbf-a56a-b89502f0dfdb|rpc:127.0.0.1:40523|dataStream:|priority:0, 50760388-b69f-4e6a-8619-7c3b28224d8a|rpc:127.0.0.1:41785|dataStream:|priority:1], old=null
2021-12-01 05:34:09,202 [grpc-default-executor-0] INFO  server.RaftServer$Division (RaftServerImpl.java:requestVote(1046)) - 71abcc26-9029-4fbf-a56a-b89502f0dfdb@group-678140B1059C: receive requestVote(ELECTION, 50760388-b69f-4e6a-8619-7c3b28224d8a, group-678140B1059C, 1, (t:0, i:0))
2021-12-01 05:34:09,238 [grpc-default-executor-0] INFO  impl.VoteContext (VoteContext.java:log(48)) - 71abcc26-9029-4fbf-a56a-b89502f0dfdb@group-678140B1059C-CANDIDATE: reject ELECTION from 50760388-b69f-4e6a-8619-7c3b28224d8a: already has voted for 71abcc26-9029-4fbf-a56a-b89502f0dfdb at current term 1
2021-12-01 05:34:09,238 [grpc-default-executor-0] INFO  server.RaftServer$Division (RaftServerImpl.java:requestVote(1078)) - 71abcc26-9029-4fbf-a56a-b89502f0dfdb@group-678140B1059C replies to ELECTION vote request: 50760388-b69f-4e6a-8619-7c3b28224d8a<-71abcc26-9029-4fbf-a56a-b89502f0dfdb#0:FAIL-t1. Peer's state: 71abcc26-9029-4fbf-a56a-b89502f0dfdb@group-678140B1059C:t1, leader=null, voted=71abcc26-9029-4fbf-a56a-b89502f0dfdb, raftlog=71abcc26-9029-4fbf-a56a-b89502f0dfdb@group-678140B1059C-SegmentedRaftLog:OPENED:c-1, conf=-1: [da0cd28a-5297-4f90-8c80-70339634350f|rpc:127.0.0.1:45281|priority:0, 71abcc26-9029-4fbf-a56a-b89502f0dfdb|rpc:127.0.0.1:40523|priority:0, 50760388-b69f-4e6a-8619-7c3b28224d8a|rpc:127.0.0.1:41785|priority:1], old=null
2021-12-01 05:34:09,237 [grpc-default-executor-3] INFO  impl.VoteContext (VoteContext.java:log(48)) - 50760388-b69f-4e6a-8619-7c3b28224d8a@group-678140B1059C-CANDIDATE: reject ELECTION from 71abcc26-9029-4fbf-a56a-b89502f0dfdb: already has voted for 50760388-b69f-4e6a-8619-7c3b28224d8a at current term 1
2021-12-01 05:34:09,258 [grpc-default-executor-3] INFO  server.RaftServer$Division (RaftServerImpl.java:requestVote(1078)) - 50760388-b69f-4e6a-8619-7c3b28224d8a@group-678140B1059C replies to ELECTION vote request: 71abcc26-9029-4fbf-a56a-b89502f0dfdb<-50760388-b69f-4e6a-8619-7c3b28224d8a#0:FAIL-t1. Peer's state: 50760388-b69f-4e6a-8619-7c3b28224d8a@group-678140B1059C:t1, leader=null, voted=50760388-b69f-4e6a-8619-7c3b28224d8a, raftlog=50760388-b69f-4e6a-8619-7c3b28224d8a@group-678140B1059C-SegmentedRaftLog:OPENED:c-1, conf=-1: [da0cd28a-5297-4f90-8c80-70339634350f|rpc:127.0.0.1:45281|dataStream:|priority:0, 71abcc26-9029-4fbf-a56a-b89502f0dfdb|rpc:127.0.0.1:40523|dataStream:|priority:0, 50760388-b69f-4e6a-8619-7c3b28224d8a|rpc:127.0.0.1:41785|dataStream:|priority:1], old=null
2021-12-01 05:34:09,233 [grpc-default-executor-1] INFO  impl.VoteContext (VoteContext.java:log(48)) - da0cd28a-5297-4f90-8c80-70339634350f@group-678140B1059C-FOLLOWER: reject ELECTION from 71abcc26-9029-4fbf-a56a-b89502f0dfdb: already has voted for 50760388-b69f-4e6a-8619-7c3b28224d8a at current term 1
2021-12-01 05:34:09,258 [grpc-default-executor-1] INFO  server.RaftServer$Division (RaftServerImpl.java:requestVote(1078)) - da0cd28a-5297-4f90-8c80-70339634350f@group-678140B1059C replies to ELECTION vote request: 71abcc26-9029-4fbf-a56a-b89502f0dfdb<-da0cd28a-5297-4f90-8c80-70339634350f#0:FAIL-t1. Peer's state: da0cd28a-5297-4f90-8c80-70339634350f@group-678140B1059C:t1, leader=null, voted=50760388-b69f-4e6a-8619-7c3b28224d8a, raftlog=da0cd28a-5297-4f90-8c80-70339634350f@group-678140B1059C-SegmentedRaftLog:OPENED:c-1, conf=-1: [da0cd28a-5297-4f90-8c80-70339634350f|rpc:127.0.0.1:45281|dataStream:|priority:0, 71abcc26-9029-4fbf-a56a-b89502f0dfdb|rpc:127.0.0.1:40523|dataStream:|priority:0, 50760388-b69f-4e6a-8619-7c3b28224d8a|rpc:127.0.0.1:41785|dataStream:|priority:1], old=null
2021-12-01 05:34:09,228 [50760388-b69f-4e6a-8619-7c3b28224d8a@group-678140B1059C-LeaderElection19] INFO  impl.LeaderElection (LeaderElection.java:logAndReturn(89)) - 50760388-b69f-4e6a-8619-7c3b28224d8a@group-678140B1059C-LeaderElection19: ELECTION PASSED received 1 response(s) and 0 exception(s):
2021-12-01 05:34:09,264 [50760388-b69f-4e6a-8619-7c3b28224d8a@group-678140B1059C-LeaderElection19] INFO  impl.LeaderElection (LeaderElection.java:logAndReturn(93)) -   Response 0: 50760388-b69f-4e6a-8619-7c3b28224d8a<-da0cd28a-5297-4f90-8c80-70339634350f#0:OK-t1
2021-12-01 05:34:09,222 [71abcc26-9029-4fbf-a56a-b89502f0dfdb@group-024EF705D3D1-LeaderElection21] INFO  server.RaftServerConfigKeys (ConfUtils.java:logGet(44)) - raft.server.staging.catchup.gap = 1000 (default)
2021-12-01 05:34:09,264 [71abcc26-9029-4fbf-a56a-b89502f0dfdb@group-024EF705D3D1-LeaderElection21] INFO  server.RaftServerConfigKeys (ConfUtils.java:logGet(44)) - raft.server.write.element-limit = 1024 (custom)
2021-12-01 05:34:09,265 [71abcc26-9029-4fbf-a56a-b89502f0dfdb@group-024EF705D3D1-LeaderElection21] INFO  server.RaftServerConfigKeys (ConfUtils.java:logGet(44)) - raft.server.write.byte-limit = 1024 M (=1073741824) (custom)
2021-12-01 05:34:09,265 [71abcc26-9029-4fbf-a56a-b89502f0dfdb@group-024EF705D3D1-LeaderElection21] INFO  server.RaftServerConfigKeys (ConfUtils.java:logGet(44)) - raft.server.watch.timeout = 180s (custom)
2021-12-01 05:34:09,265 [71abcc26-9029-4fbf-a56a-b89502f0dfdb@group-024EF705D3D1-LeaderElection21] INFO  server.RaftServerConfigKeys (ConfUtils.java:logGet(44)) - raft.server.watch.timeout.denomination = 1s (default)
2021-12-01 05:34:09,265 [71abcc26-9029-4fbf-a56a-b89502f0dfdb@group-024EF705D3D1-LeaderElection21] INFO  server.RaftServerConfigKeys (ConfUtils.java:logGet(44)) - raft.server.watch.element-limit = 65536 (default)
2021-12-01 05:34:09,265 [71abcc26-9029-4fbf-a56a-b89502f0dfdb@group-024EF705D3D1-LeaderElection21] INFO  server.RaftServerConfigKeys (ConfUtils.java:logGet(44)) - raft.server.write.element-limit = 1024 (custom)
2021-12-01 05:34:09,265 [71abcc26-9029-4fbf-a56a-b89502f0dfdb@group-024EF705D3D1-LeaderElection21] INFO  server.RaftServerConfigKeys (ConfUtils.java:logGet(44)) - raft.server.write.follower.gap.ratio.max = -1.0 (default)
2021-12-01 05:34:09,265 [71abcc26-9029-4fbf-a56a-b89502f0dfdb@group-024EF705D3D1-LeaderElection21] INFO  impl.RoleInfo (RoleInfo.java:updateAndGet(130)) - 71abcc26-9029-4fbf-a56a-b89502f0dfdb: start 71abcc26-9029-4fbf-a56a-b89502f0dfdb@group-024EF705D3D1-LeaderStateImpl
2021-12-01 05:34:09,265 [71abcc26-9029-4fbf-a56a-b89502f0dfdb@group-024EF705D3D1-LeaderElection21] INFO  segmented.SegmentedRaftLogWorker (SegmentedRaftLogWorker.java:startLogSegment(394)) - 71abcc26-9029-4fbf-a56a-b89502f0dfdb@group-024EF705D3D1-SegmentedRaftLogWorker: Starting segment from index:0
2021-12-01 05:34:09,213 [EventQueue-OpenPipelineForHealthyPipelineSafeModeRule] INFO  safemode.SCMSafeModeManager (HealthyPipelineSafeModeRule.java:process(124)) - SCM in safe mode. Healthy pipelines reported count is 0, required healthy pipeline reported count is 1
2021-12-01 05:34:09,213 [EventQueue-OpenPipelineForHealthyPipelineSafeModeRule] INFO  safemode.SCMSafeModeManager (HealthyPipelineSafeModeRule.java:process(124)) - SCM in safe mode. Healthy pipelines reported count is 0, required healthy pipeline reported count is 1
2021-12-01 05:34:09,264 [50760388-b69f-4e6a-8619-7c3b28224d8a@group-678140B1059C-LeaderElection19] INFO  impl.LeaderElection (LeaderElection.java:askForVotes(308)) - 50760388-b69f-4e6a-8619-7c3b28224d8a@group-678140B1059C-LeaderElection19 ELECTION round 0: result PASSED
2021-12-01 05:34:09,262 [71abcc26-9029-4fbf-a56a-b89502f0dfdb@group-678140B1059C-LeaderElection20] INFO  impl.LeaderElection (LeaderElection.java:logAndReturn(89)) - 71abcc26-9029-4fbf-a56a-b89502f0dfdb@group-678140B1059C-LeaderElection20: ELECTION REJECTED received 2 response(s) and 0 exception(s):
2021-12-01 05:34:09,266 [50760388-b69f-4e6a-8619-7c3b28224d8a@group-678140B1059C-LeaderElection19] INFO  impl.RoleInfo (RoleInfo.java:shutdownLeaderElection(121)) - 50760388-b69f-4e6a-8619-7c3b28224d8a: shutdown 50760388-b69f-4e6a-8619-7c3b28224d8a@group-678140B1059C-LeaderElection19
2021-12-01 05:34:09,266 [50760388-b69f-4e6a-8619-7c3b28224d8a@group-678140B1059C-LeaderElection19] INFO  server.RaftServer$Division (RaftServerImpl.java:setRole(290)) - 50760388-b69f-4e6a-8619-7c3b28224d8a@group-678140B1059C: changes role from CANDIDATE to LEADER at term 1 for changeToLeader
2021-12-01 05:34:09,266 [50760388-b69f-4e6a-8619-7c3b28224d8a@group-678140B1059C-LeaderElection19] INFO  ratis.XceiverServerRatis (XceiverServerRatis.java:handleLeaderChangedNotification(866)) - Leader change notification received for group: group-678140B1059C with new leaderId: 50760388-b69f-4e6a-8619-7c3b28224d8a
2021-12-01 05:34:09,266 [71abcc26-9029-4fbf-a56a-b89502f0dfdb@group-678140B1059C-LeaderElection20] INFO  impl.LeaderElection (LeaderElection.java:logAndReturn(93)) -   Response 0: 71abcc26-9029-4fbf-a56a-b89502f0dfdb<-da0cd28a-5297-4f90-8c80-70339634350f#0:FAIL-t1
2021-12-01 05:34:09,266 [71abcc26-9029-4fbf-a56a-b89502f0dfdb@group-678140B1059C-LeaderElection20] INFO  impl.LeaderElection (LeaderElection.java:logAndReturn(93)) -   Response 1: 71abcc26-9029-4fbf-a56a-b89502f0dfdb<-50760388-b69f-4e6a-8619-7c3b28224d8a#0:FAIL-t1
2021-12-01 05:34:09,267 [71abcc26-9029-4fbf-a56a-b89502f0dfdb@group-024EF705D3D1-SegmentedRaftLogWorker] INFO  segmented.SegmentedRaftLogWorker (SegmentedRaftLogWorker.java:execute(601)) - 71abcc26-9029-4fbf-a56a-b89502f0dfdb@group-024EF705D3D1-SegmentedRaftLogWorker: created new log segment /home/runner/work/ozone/ozone/hadoop-ozone/integration-test/target/test-dir/MiniOzoneClusterImpl-18ff7c11-c606-42f1-8c5c-1f8c02111a4f/datanode-0/data/ratis/ab998a5f-fa81-442a-b2ba-024ef705d3d1/current/log_inprogress_0
2021-12-01 05:34:09,271 [50760388-b69f-4e6a-8619-7c3b28224d8a@group-678140B1059C-LeaderElection19] INFO  server.RaftServer$Division (ServerState.java:setLeader(285)) - 50760388-b69f-4e6a-8619-7c3b28224d8a@group-678140B1059C: change Leader from null to 50760388-b69f-4e6a-8619-7c3b28224d8a at term 1 for becomeLeader, leader elected after 5233ms
2021-12-01 05:34:09,271 [50760388-b69f-4e6a-8619-7c3b28224d8a@group-678140B1059C-LeaderElection19] INFO  server.RaftServerConfigKeys (ConfUtils.java:logGet(44)) - raft.server.staging.catchup.gap = 1000 (default)
2021-12-01 05:34:09,272 [50760388-b69f-4e6a-8619-7c3b28224d8a@group-678140B1059C-LeaderElection19] INFO  server.RaftServerConfigKeys (ConfUtils.java:logGet(44)) - raft.server.write.element-limit = 1024 (custom)
2021-12-01 05:34:09,272 [50760388-b69f-4e6a-8619-7c3b28224d8a@group-678140B1059C-LeaderElection19] INFO  server.RaftServerConfigKeys (ConfUtils.java:logGet(44)) - raft.server.write.byte-limit = 1024 M (=1073741824) (custom)
2021-12-01 05:34:09,272 [50760388-b69f-4e6a-8619-7c3b28224d8a@group-678140B1059C-LeaderElection19] INFO  server.RaftServerConfigKeys (ConfUtils.java:logGet(44)) - raft.server.watch.timeout = 180s (custom)
2021-12-01 05:34:09,272 [50760388-b69f-4e6a-8619-7c3b28224d8a@group-678140B1059C-LeaderElection19] INFO  server.RaftServerConfigKeys (ConfUtils.java:logGet(44)) - raft.server.watch.timeout.denomination = 1s (default)
2021-12-01 05:34:09,272 [50760388-b69f-4e6a-8619-7c3b28224d8a@group-678140B1059C-LeaderElection19] INFO  server.RaftServerConfigKeys (ConfUtils.java:logGet(44)) - raft.server.watch.element-limit = 65536 (default)
2021-12-01 05:34:09,272 [50760388-b69f-4e6a-8619-7c3b28224d8a@group-678140B1059C-LeaderElection19] INFO  server.RaftServerConfigKeys (ConfUtils.java:logGet(44)) - raft.server.write.element-limit = 1024 (custom)
2021-12-01 05:34:09,272 [50760388-b69f-4e6a-8619-7c3b28224d8a@group-678140B1059C-LeaderElection19] INFO  server.RaftServerConfigKeys (ConfUtils.java:logGet(44)) - raft.server.write.follower.gap.ratio.max = -1.0 (default)
2021-12-01 05:34:09,272 [50760388-b69f-4e6a-8619-7c3b28224d8a@group-678140B1059C-LeaderElection19] INFO  server.RaftServerConfigKeys (ConfUtils.java:logGet(44)) - raft.server.log.appender.snapshot.chunk.size.max = 16MB (=16777216) (default)
2021-12-01 05:34:09,272 [50760388-b69f-4e6a-8619-7c3b28224d8a@group-678140B1059C-LeaderElection19] INFO  server.RaftServerConfigKeys (ConfUtils.java:logGet(44)) - raft.server.log.appender.buffer.byte-limit = 33554432 (custom)
2021-12-01 05:34:09,272 [50760388-b69f-4e6a-8619-7c3b28224d8a@group-678140B1059C-LeaderElection19] INFO  server.RaftServerConfigKeys (ConfUtils.java:logGet(44)) - raft.server.log.appender.buffer.element-limit = 1 (custom)
2021-12-01 05:34:09,272 [50760388-b69f-4e6a-8619-7c3b28224d8a@group-678140B1059C-LeaderElection19] INFO  grpc.GrpcConfigKeys (ConfUtils.java:logGet(44)) - raft.grpc.server.leader.outstanding.appends.max = 128 (default)
2021-12-01 05:34:09,273 [50760388-b69f-4e6a-8619-7c3b28224d8a@group-678140B1059C-LeaderElection19] INFO  server.RaftServerConfigKeys (ConfUtils.java:logGet(44)) - raft.server.rpc.request.timeout = 60s (custom)
2021-12-01 05:34:09,273 [50760388-b69f-4e6a-8619-7c3b28224d8a@group-678140B1059C-LeaderElection19] INFO  server.RaftServerConfigKeys (ConfUtils.java:logGet(44)) - raft.server.log.appender.install.snapshot.enabled = false (custom)
2021-12-01 05:34:09,273 [50760388-b69f-4e6a-8619-7c3b28224d8a@group-678140B1059C-LeaderElection19] INFO  server.RaftServerConfigKeys (ConfUtils.java:logGet(44)) - raft.server.log.appender.snapshot.chunk.size.max = 16MB (=16777216) (default)
2021-12-01 05:34:09,273 [50760388-b69f-4e6a-8619-7c3b28224d8a@group-678140B1059C-LeaderElection19] INFO  server.RaftServerConfigKeys (ConfUtils.java:logGet(44)) - raft.server.log.appender.buffer.byte-limit = 33554432 (custom)
2021-12-01 05:34:09,273 [50760388-b69f-4e6a-8619-7c3b28224d8a@group-678140B1059C-LeaderElection19] INFO  server.RaftServerConfigKeys (ConfUtils.java:logGet(44)) - raft.server.log.appender.buffer.element-limit = 1 (custom)
2021-12-01 05:34:09,274 [50760388-b69f-4e6a-8619-7c3b28224d8a@group-678140B1059C-LeaderElection19] INFO  grpc.GrpcConfigKeys (ConfUtils.java:logGet(44)) - raft.grpc.server.leader.outstanding.appends.max = 128 (default)
2021-12-01 05:34:09,274 [50760388-b69f-4e6a-8619-7c3b28224d8a@group-678140B1059C-LeaderElection19] INFO  server.RaftServerConfigKeys (ConfUtils.java:logGet(44)) - raft.server.rpc.request.timeout = 60s (custom)
2021-12-01 05:34:09,274 [50760388-b69f-4e6a-8619-7c3b28224d8a@group-678140B1059C-LeaderElection19] INFO  server.RaftServerConfigKeys (ConfUtils.java:logGet(44)) - raft.server.log.appender.install.snapshot.enabled = false (custom)
2021-12-01 05:34:09,274 [50760388-b69f-4e6a-8619-7c3b28224d8a@group-678140B1059C-LeaderElection19] INFO  impl.RoleInfo (RoleInfo.java:updateAndGet(130)) - 50760388-b69f-4e6a-8619-7c3b28224d8a: start 50760388-b69f-4e6a-8619-7c3b28224d8a@group-678140B1059C-LeaderStateImpl
2021-12-01 05:34:09,275 [50760388-b69f-4e6a-8619-7c3b28224d8a@group-678140B1059C-LeaderElection19] INFO  segmented.SegmentedRaftLogWorker (SegmentedRaftLogWorker.java:startLogSegment(394)) - 50760388-b69f-4e6a-8619-7c3b28224d8a@group-678140B1059C-SegmentedRaftLogWorker: Starting segment from index:0
2021-12-01 05:34:09,275 [71abcc26-9029-4fbf-a56a-b89502f0dfdb@group-024EF705D3D1-LeaderElection21] INFO  server.RaftServer$Division (ServerState.java:setRaftConf(387)) - 71abcc26-9029-4fbf-a56a-b89502f0dfdb@group-024EF705D3D1: set configuration 0: [71abcc26-9029-4fbf-a56a-b89502f0dfdb|rpc:127.0.0.1:40523|dataStream:|priority:1], old=null
2021-12-01 05:34:09,277 [EventQueue-PipelineReportForPipelineReportHandler] INFO  pipeline.PipelineManagerImpl (PipelineManagerImpl.java:openPipeline(289)) - Pipeline Pipeline[ Id: ef65d66e-0a26-405c-8c09-678140b1059c, Nodes: 71abcc26-9029-4fbf-a56a-b89502f0dfdb{ip: 127.0.0.1, host: localhost, ports: [REPLICATION=35513, RATIS=40523, RATIS_ADMIN=40523, RATIS_SERVER=40523, STANDALONE=43455], networkLocation: /default-rack, certSerialId: null, persistedOpState: IN_SERVICE, persistedOpStateExpiryEpochSec: 0}50760388-b69f-4e6a-8619-7c3b28224d8a{ip: 127.0.0.1, host: localhost, ports: [REPLICATION=45889, RATIS=41785, RATIS_ADMIN=41785, RATIS_SERVER=41785, STANDALONE=42967], networkLocation: /default-rack, certSerialId: null, persistedOpState: IN_SERVICE, persistedOpStateExpiryEpochSec: 0}da0cd28a-5297-4f90-8c80-70339634350f{ip: 127.0.0.1, host: localhost, ports: [REPLICATION=40617, RATIS=45281, RATIS_ADMIN=45281, RATIS_SERVER=45281, STANDALONE=38799], networkLocation: /default-rack, certSerialId: null, persistedOpState: IN_SERVICE, persistedOpStateExpiryEpochSec: 0}, ReplicationConfig: RATIS/THREE, State:ALLOCATED, leaderId:50760388-b69f-4e6a-8619-7c3b28224d8a, CreationTimestamp2021-12-01T05:34:01.723Z[Etc/UTC]] moved to OPEN state
2021-12-01 05:34:09,277 [EventQueue-PipelineReportForPipelineReportHandler] INFO  ha.SCMHAInvocationHandler (SCMHAInvocationHandler.java:invokeRatis(113)) - Invoking method public abstract void org.apache.hadoop.hdds.scm.pipeline.PipelineStateManager.updatePipelineState(org.apache.hadoop.hdds.protocol.proto.HddsProtos$PipelineID,org.apache.hadoop.hdds.protocol.proto.HddsProtos$PipelineState) throws java.io.IOException on target org.apache.hadoop.hdds.scm.ha.SCMRatisServerImpl@50955ec2, cost 219.901us
2021-12-01 05:34:09,278 [EventQueue-PipelineReportForPipelineReportHandler] INFO  pipeline.PipelineManagerImpl (PipelineManagerImpl.java:openPipeline(289)) - Pipeline Pipeline[ Id: ef65d66e-0a26-405c-8c09-678140b1059c, Nodes: 71abcc26-9029-4fbf-a56a-b89502f0dfdb{ip: 127.0.0.1, host: localhost, ports: [REPLICATION=35513, RATIS=40523, RATIS_ADMIN=40523, RATIS_SERVER=40523, STANDALONE=43455], networkLocation: /default-rack, certSerialId: null, persistedOpState: IN_SERVICE, persistedOpStateExpiryEpochSec: 0}50760388-b69f-4e6a-8619-7c3b28224d8a{ip: 127.0.0.1, host: localhost, ports: [REPLICATION=45889, RATIS=41785, RATIS_ADMIN=41785, RATIS_SERVER=41785, STANDALONE=42967], networkLocation: /default-rack, certSerialId: null, persistedOpState: IN_SERVICE, persistedOpStateExpiryEpochSec: 0}da0cd28a-5297-4f90-8c80-70339634350f{ip: 127.0.0.1, host: localhost, ports: [REPLICATION=40617, RATIS=45281, RATIS_ADMIN=45281, RATIS_SERVER=45281, STANDALONE=38799], networkLocation: /default-rack, certSerialId: null, persistedOpState: IN_SERVICE, persistedOpStateExpiryEpochSec: 0}, ReplicationConfig: RATIS/THREE, State:ALLOCATED, leaderId:50760388-b69f-4e6a-8619-7c3b28224d8a, CreationTimestamp2021-12-01T05:34:01.723Z[Etc/UTC]] moved to OPEN state
2021-12-01 05:34:09,278 [50760388-b69f-4e6a-8619-7c3b28224d8a@group-678140B1059C-SegmentedRaftLogWorker] INFO  segmented.SegmentedRaftLogWorker (SegmentedRaftLogWorker.java:execute(601)) - 50760388-b69f-4e6a-8619-7c3b28224d8a@group-678140B1059C-SegmentedRaftLogWorker: created new log segment /home/runner/work/ozone/ozone/hadoop-ozone/integration-test/target/test-dir/MiniOzoneClusterImpl-18ff7c11-c606-42f1-8c5c-1f8c02111a4f/datanode-2/data/ratis/ef65d66e-0a26-405c-8c09-678140b1059c/current/log_inprogress_0
2021-12-01 05:34:09,279 [EventQueue-OpenPipelineForHealthyPipelineSafeModeRule] INFO  safemode.SCMSafeModeManager (HealthyPipelineSafeModeRule.java:process(124)) - SCM in safe mode. Healthy pipelines reported count is 0, required healthy pipeline reported count is 1
2021-12-01 05:34:09,285 [grpc-default-executor-1] INFO  server.RaftServer$Division (RaftServerImpl.java:setRole(290)) - 71abcc26-9029-4fbf-a56a-b89502f0dfdb@group-678140B1059C: changes role from CANDIDATE to FOLLOWER at term 1 for appendEntries
2021-12-01 05:34:09,285 [grpc-default-executor-1] INFO  impl.RoleInfo (RoleInfo.java:shutdownLeaderElection(121)) - 71abcc26-9029-4fbf-a56a-b89502f0dfdb: shutdown 71abcc26-9029-4fbf-a56a-b89502f0dfdb@group-678140B1059C-LeaderElection20
2021-12-01 05:34:09,290 [3049a9d5-7c8a-485e-b9b8-96288700cc55@group-1F8C02111A4F-StateMachineUpdater] INFO  safemode.HealthyPipelineSafeModeRule (HealthyPipelineSafeModeRule.java:initializeRule(152)) - Refreshed total pipeline count is 1, healthy pipeline threshold count is 1
2021-12-01 05:34:09,290 [EventQueue-PipelineReportForPipelineReportHandler] INFO  ha.SCMHAInvocationHandler (SCMHAInvocationHandler.java:invokeRatis(113)) - Invoking method public abstract void org.apache.hadoop.hdds.scm.pipeline.PipelineStateManager.updatePipelineState(org.apache.hadoop.hdds.protocol.proto.HddsProtos$PipelineID,org.apache.hadoop.hdds.protocol.proto.HddsProtos$PipelineState) throws java.io.IOException on target org.apache.hadoop.hdds.scm.ha.SCMRatisServerImpl@e04aa9b, cost 12726.185us
2021-12-01 05:34:09,291 [EventQueue-OpenPipelineForHealthyPipelineSafeModeRule] INFO  safemode.SCMSafeModeManager (HealthyPipelineSafeModeRule.java:process(124)) - SCM in safe mode. Healthy pipelines reported count is 1, required healthy pipeline reported count is 1
2021-12-01 05:34:09,291 [EventQueue-OpenPipelineForHealthyPipelineSafeModeRule] INFO  safemode.SCMSafeModeManager (SCMSafeModeManager.java:validateSafeModeExitRules(204)) - HealthyPipelineSafeModeRule rule is successfully validated
2021-12-01 05:34:09,291 [EventQueue-OpenPipelineForHealthyPipelineSafeModeRule] INFO  safemode.SCMSafeModeManager (SCMSafeModeManager.java:validateSafeModeExitRules(219)) - ScmSafeModeManager, all rules are successfully validated
2021-12-01 05:34:09,291 [EventQueue-OpenPipelineForHealthyPipelineSafeModeRule] INFO  safemode.SCMSafeModeManager (SCMSafeModeManager.java:exitSafeMode(248)) - SCM exiting safe mode.
2021-12-01 05:34:09,291 [EventQueue-OpenPipelineForHealthyPipelineSafeModeRule] WARN  events.EventQueue (EventQueue.java:fireEvent(194)) - No event handler registered for event TypedEvent{payloadType=SafeModeStatus, name='Safe mode status'}
2021-12-01 05:34:09,291 [EventQueue-OpenPipelineForHealthyPipelineSafeModeRule] INFO  ha.SCMContext (SCMContext.java:updateSafeModeStatus(205)) - Update SafeModeStatus from SafeModeStatus{safeModeStatus=true, preCheckPassed=true} to SafeModeStatus{safeModeStatus=false, preCheckPassed=true}.
2021-12-01 05:34:09,291 [EventQueue-OpenPipelineForHealthyPipelineSafeModeRule] INFO  container.ReplicationManager (ReplicationManager.java:notifyStatusChanged(1756)) - Service ReplicationManager transitions to RUNNING.
2021-12-01 05:34:09,292 [Datanode State Machine Daemon Thread] ERROR datanode.RunningDatanodeState (RunningDatanodeState.java:computeNextContainerState(199)) - Error in executing end point task.
java.util.concurrent.ExecutionException: java.util.concurrent.TimeoutException
	at java.util.concurrent.FutureTask.report(FutureTask.java:122)
	at java.util.concurrent.FutureTask.get(FutureTask.java:192)
	at org.apache.hadoop.ozone.container.common.states.datanode.RunningDatanodeState.computeNextContainerState(RunningDatanodeState.java:191)
	at org.apache.hadoop.ozone.container.common.states.datanode.RunningDatanodeState.await(RunningDatanodeState.java:231)
	at org.apache.hadoop.ozone.container.common.states.datanode.RunningDatanodeState.await(RunningDatanodeState.java:50)
	at org.apache.hadoop.ozone.container.common.statemachine.StateContext.execute(StateContext.java:633)
	at org.apache.hadoop.ozone.container.common.statemachine.DatanodeStateMachine.start(DatanodeStateMachine.java:280)
	at org.apache.hadoop.ozone.container.common.statemachine.DatanodeStateMachine.lambda$startDaemon$0(DatanodeStateMachine.java:468)
	at java.lang.Thread.run(Thread.java:748)
Caused by: java.util.concurrent.TimeoutException
	at java.util.concurrent.FutureTask.get(FutureTask.java:205)
	at org.apache.hadoop.ozone.container.common.states.datanode.RunningDatanodeState.lambda$execute$0(RunningDatanodeState.java:149)
	at java.util.concurrent.FutureTask.run(FutureTask.java:266)
	at java.util.concurrent.Executors$RunnableAdapter.call(Executors.java:511)
	at java.util.concurrent.FutureTask.run(FutureTask.java:266)
	at java.util.concurrent.ThreadPoolExecutor.runWorker(ThreadPoolExecutor.java:1149)
	at java.util.concurrent.ThreadPoolExecutor$Worker.run(ThreadPoolExecutor.java:624)
	... 1 more
2021-12-01 05:34:09,318 [da0cd28a-5297-4f90-8c80-70339634350f@group-9BDD03F14CCC-FollowerState] INFO  impl.FollowerState (FollowerState.java:run(134)) - da0cd28a-5297-4f90-8c80-70339634350f@group-9BDD03F14CCC-FollowerState: change to CANDIDATE, lastRpcElapsedTime:5025221139ns, electionTimeout:5001ms
2021-12-01 05:34:09,318 [da0cd28a-5297-4f90-8c80-70339634350f@group-9BDD03F14CCC-FollowerState] INFO  impl.RoleInfo (RoleInfo.java:shutdownFollowerState(108)) - da0cd28a-5297-4f90-8c80-70339634350f: shutdown da0cd28a-5297-4f90-8c80-70339634350f@group-9BDD03F14CCC-FollowerState
2021-12-01 05:34:09,318 [da0cd28a-5297-4f90-8c80-70339634350f@group-9BDD03F14CCC-FollowerState] INFO  server.RaftServer$Division (RaftServerImpl.java:setRole(290)) - da0cd28a-5297-4f90-8c80-70339634350f@group-9BDD03F14CCC: changes role from  FOLLOWER to CANDIDATE at term 0 for changeToCandidate
2021-12-01 05:34:09,318 [50760388-b69f-4e6a-8619-7c3b28224d8a@group-678140B1059C-LeaderElection19] INFO  server.RaftServer$Division (ServerState.java:setRaftConf(387)) - 50760388-b69f-4e6a-8619-7c3b28224d8a@group-678140B1059C: set configuration 0: [da0cd28a-5297-4f90-8c80-70339634350f|rpc:127.0.0.1:45281|dataStream:|priority:0, 71abcc26-9029-4fbf-a56a-b89502f0dfdb|rpc:127.0.0.1:40523|dataStream:|priority:0, 50760388-b69f-4e6a-8619-7c3b28224d8a|rpc:127.0.0.1:41785|dataStream:|priority:1], old=null
2021-12-01 05:34:09,294 [71abcc26-9029-4fbf-a56a-b89502f0dfdb@group-678140B1059C-LeaderElection20] INFO  impl.LeaderElection (LeaderElection.java:askForVotes(308)) - 71abcc26-9029-4fbf-a56a-b89502f0dfdb@group-678140B1059C-LeaderElection20 ELECTION round 0: result REJECTED
2021-12-01 05:34:09,320 [grpc-default-executor-1] INFO  impl.RoleInfo (RoleInfo.java:updateAndGet(130)) - 71abcc26-9029-4fbf-a56a-b89502f0dfdb: start 71abcc26-9029-4fbf-a56a-b89502f0dfdb@group-678140B1059C-FollowerState
2021-12-01 05:34:09,321 [grpc-default-executor-0] INFO  ratis.XceiverServerRatis (XceiverServerRatis.java:handleLeaderChangedNotification(866)) - Leader change notification received for group: group-678140B1059C with new leaderId: 50760388-b69f-4e6a-8619-7c3b28224d8a
2021-12-01 05:34:09,321 [grpc-default-executor-0] INFO  server.RaftServer$Division (ServerState.java:setLeader(285)) - da0cd28a-5297-4f90-8c80-70339634350f@group-678140B1059C: change Leader from null to 50760388-b69f-4e6a-8619-7c3b28224d8a at term 1 for appendEntries, leader elected after 5186ms
2021-12-01 05:34:09,322 [d9fd8670-dda0-4698-9e6d-057ae1a4980a@group-1F8C02111A4F-StateMachineUpdater] INFO  safemode.HealthyPipelineSafeModeRule (HealthyPipelineSafeModeRule.java:initializeRule(152)) - Refreshed total pipeline count is 1, healthy pipeline threshold count is 1
2021-12-01 05:34:09,322 [d9fd8670-dda0-4698-9e6d-057ae1a4980a@group-1F8C02111A4F-StateMachineUpdater] INFO  ha.SCMStateMachine (SCMStateMachine.java:takeSnapshot(297)) - Current Snapshot Index 23, takeSnapshot took 0 ms
2021-12-01 05:34:09,322 [d9fd8670-dda0-4698-9e6d-057ae1a4980a@group-1F8C02111A4F-StateMachineUpdater] INFO  impl.StateMachineUpdater (StateMachineUpdater.java:takeSnapshot(281)) - d9fd8670-dda0-4698-9e6d-057ae1a4980a@group-1F8C02111A4F-StateMachineUpdater: Took a snapshot at index 23
2021-12-01 05:34:09,322 [d9fd8670-dda0-4698-9e6d-057ae1a4980a@group-1F8C02111A4F-StateMachineUpdater] INFO  impl.StateMachineUpdater (StateMachineUpdater.java:lambda$new$0(89)) - d9fd8670-dda0-4698-9e6d-057ae1a4980a@group-1F8C02111A4F-StateMachineUpdater: snapshotIndex: updateIncreasingly 18 -> 23
2021-12-01 05:34:09,322 [d9fd8670-dda0-4698-9e6d-057ae1a4980a@group-1F8C02111A4F-StateMachineUpdater] INFO  raftlog.RaftLog (RaftLogBase.java:purge(306)) - d9fd8670-dda0-4698-9e6d-057ae1a4980a@group-1F8C02111A4F-SegmentedRaftLog: purge 23
2021-12-01 05:34:09,322 [d9fd8670-dda0-4698-9e6d-057ae1a4980a@group-1F8C02111A4F-StateMachineUpdater] INFO  raftlog.RaftLog (RaftLogBase.java:lambda$new$0(53)) - d9fd8670-dda0-4698-9e6d-057ae1a4980a@group-1F8C02111A4F-SegmentedRaftLog: snapshotIndex: updateIncreasingly 18 -> 23
2021-12-01 05:34:09,322 [d9fd8670-dda0-4698-9e6d-057ae1a4980a@group-1F8C02111A4F-StateMachineUpdater] INFO  raftlog.RaftLog (RaftLogBase.java:lambda$new$0(53)) - d9fd8670-dda0-4698-9e6d-057ae1a4980a@group-1F8C02111A4F-SegmentedRaftLog: purgeIndex: updateToMax old=18, new=23, updated? true
2021-12-01 05:34:09,322 [grpc-default-executor-1] INFO  ratis.XceiverServerRatis (XceiverServerRatis.java:handleLeaderChangedNotification(866)) - Leader change notification received for group: group-678140B1059C with new leaderId: 50760388-b69f-4e6a-8619-7c3b28224d8a
2021-12-01 05:34:09,322 [grpc-default-executor-1] INFO  server.RaftServer$Division (ServerState.java:setLeader(285)) - 71abcc26-9029-4fbf-a56a-b89502f0dfdb@group-678140B1059C: change Leader from null to 50760388-b69f-4e6a-8619-7c3b28224d8a at term 1 for appendEntries, leader elected after 5352ms
2021-12-01 05:34:09,326 [da0cd28a-5297-4f90-8c80-70339634350f@group-9BDD03F14CCC-FollowerState] INFO  server.RaftServerConfigKeys (ConfUtils.java:logGet(44)) - raft.server.leaderelection.pre-vote = false (custom)
2021-12-01 05:34:09,326 [da0cd28a-5297-4f90-8c80-70339634350f@group-9BDD03F14CCC-FollowerState] INFO  impl.RoleInfo (RoleInfo.java:updateAndGet(130)) - da0cd28a-5297-4f90-8c80-70339634350f: start da0cd28a-5297-4f90-8c80-70339634350f@group-9BDD03F14CCC-LeaderElection22
2021-12-01 05:34:09,348 [71abcc26-9029-4fbf-a56a-b89502f0dfdb@group-9BDD03F14CCC-FollowerState] INFO  impl.FollowerState (FollowerState.java:run(134)) - 71abcc26-9029-4fbf-a56a-b89502f0dfdb@group-9BDD03F14CCC-FollowerState: change to CANDIDATE, lastRpcElapsedTime:5155801615ns, electionTimeout:5138ms
2021-12-01 05:34:09,349 [71abcc26-9029-4fbf-a56a-b89502f0dfdb@group-9BDD03F14CCC-FollowerState] INFO  impl.RoleInfo (RoleInfo.java:shutdownFollowerState(108)) - 71abcc26-9029-4fbf-a56a-b89502f0dfdb: shutdown 71abcc26-9029-4fbf-a56a-b89502f0dfdb@group-9BDD03F14CCC-FollowerState
2021-12-01 05:34:09,349 [71abcc26-9029-4fbf-a56a-b89502f0dfdb@group-9BDD03F14CCC-FollowerState] INFO  server.RaftServer$Division (RaftServerImpl.java:setRole(290)) - 71abcc26-9029-4fbf-a56a-b89502f0dfdb@group-9BDD03F14CCC: changes role from  FOLLOWER to CANDIDATE at term 0 for changeToCandidate
2021-12-01 05:34:09,357 [71abcc26-9029-4fbf-a56a-b89502f0dfdb@group-9BDD03F14CCC-FollowerState] INFO  server.RaftServerConfigKeys (ConfUtils.java:logGet(44)) - raft.server.leaderelection.pre-vote = false (custom)
2021-12-01 05:34:09,357 [71abcc26-9029-4fbf-a56a-b89502f0dfdb@group-9BDD03F14CCC-FollowerState] INFO  impl.RoleInfo (RoleInfo.java:updateAndGet(130)) - 71abcc26-9029-4fbf-a56a-b89502f0dfdb: start 71abcc26-9029-4fbf-a56a-b89502f0dfdb@group-9BDD03F14CCC-LeaderElection23
2021-12-01 05:34:09,358 [grpc-default-executor-0] INFO  server.RaftServer$Division (ServerState.java:setRaftConf(387)) - da0cd28a-5297-4f90-8c80-70339634350f@group-678140B1059C: set configuration 0: [da0cd28a-5297-4f90-8c80-70339634350f|rpc:127.0.0.1:45281|dataStream:|priority:0, 71abcc26-9029-4fbf-a56a-b89502f0dfdb|rpc:127.0.0.1:40523|dataStream:|priority:0, 50760388-b69f-4e6a-8619-7c3b28224d8a|rpc:127.0.0.1:41785|dataStream:|priority:1], old=null
2021-12-01 05:34:09,358 [grpc-default-executor-0] INFO  segmented.SegmentedRaftLogWorker (SegmentedRaftLogWorker.java:startLogSegment(394)) - da0cd28a-5297-4f90-8c80-70339634350f@group-678140B1059C-SegmentedRaftLogWorker: Starting segment from index:0
2021-12-01 05:34:09,359 [da0cd28a-5297-4f90-8c80-70339634350f@group-9BDD03F14CCC-LeaderElection22] INFO  impl.LeaderElection (LeaderElection.java:askForVotes(306)) - da0cd28a-5297-4f90-8c80-70339634350f@group-9BDD03F14CCC-LeaderElection22 ELECTION round 0: submit vote requests at term 1 for -1: [da0cd28a-5297-4f90-8c80-70339634350f|rpc:127.0.0.1:45281|priority:1, 71abcc26-9029-4fbf-a56a-b89502f0dfdb|rpc:127.0.0.1:40523|priority:0, 50760388-b69f-4e6a-8619-7c3b28224d8a|rpc:127.0.0.1:41785|priority:0], old=null
2021-12-01 05:34:09,365 [da0cd28a-5297-4f90-8c80-70339634350f@group-4D892695C419-FollowerState] INFO  impl.FollowerState (FollowerState.java:run(134)) - da0cd28a-5297-4f90-8c80-70339634350f@group-4D892695C419-FollowerState: change to CANDIDATE, lastRpcElapsedTime:5111400517ns, electionTimeout:5101ms
2021-12-01 05:34:09,365 [da0cd28a-5297-4f90-8c80-70339634350f@group-4D892695C419-FollowerState] INFO  impl.RoleInfo (RoleInfo.java:shutdownFollowerState(108)) - da0cd28a-5297-4f90-8c80-70339634350f: shutdown da0cd28a-5297-4f90-8c80-70339634350f@group-4D892695C419-FollowerState
2021-12-01 05:34:09,365 [da0cd28a-5297-4f90-8c80-70339634350f@group-4D892695C419-FollowerState] INFO  server.RaftServer$Division (RaftServerImpl.java:setRole(290)) - da0cd28a-5297-4f90-8c80-70339634350f@group-4D892695C419: changes role from  FOLLOWER to CANDIDATE at term 0 for changeToCandidate
2021-12-01 05:34:09,382 [grpc-default-executor-1] INFO  server.RaftServer$Division (ServerState.java:setRaftConf(387)) - 71abcc26-9029-4fbf-a56a-b89502f0dfdb@group-678140B1059C: set configuration 0: [da0cd28a-5297-4f90-8c80-70339634350f|rpc:127.0.0.1:45281|dataStream:|priority:0, 71abcc26-9029-4fbf-a56a-b89502f0dfdb|rpc:127.0.0.1:40523|dataStream:|priority:0, 50760388-b69f-4e6a-8619-7c3b28224d8a|rpc:127.0.0.1:41785|dataStream:|priority:1], old=null
2021-12-01 05:34:09,383 [grpc-default-executor-1] INFO  segmented.SegmentedRaftLogWorker (SegmentedRaftLogWorker.java:startLogSegment(394)) - 71abcc26-9029-4fbf-a56a-b89502f0dfdb@group-678140B1059C-SegmentedRaftLogWorker: Starting segment from index:0
2021-12-01 05:34:09,383 [da0cd28a-5297-4f90-8c80-70339634350f@group-4D892695C419-FollowerState] INFO  server.RaftServerConfigKeys (ConfUtils.java:logGet(44)) - raft.server.leaderelection.pre-vote = false (custom)
2021-12-01 05:34:09,383 [71abcc26-9029-4fbf-a56a-b89502f0dfdb@group-9BDD03F14CCC-LeaderElection23] INFO  impl.LeaderElection (LeaderElection.java:askForVotes(306)) - 71abcc26-9029-4fbf-a56a-b89502f0dfdb@group-9BDD03F14CCC-LeaderElection23 ELECTION round 0: submit vote requests at term 1 for -1: [da0cd28a-5297-4f90-8c80-70339634350f|rpc:127.0.0.1:45281|priority:1, 71abcc26-9029-4fbf-a56a-b89502f0dfdb|rpc:127.0.0.1:40523|priority:0, 50760388-b69f-4e6a-8619-7c3b28224d8a|rpc:127.0.0.1:41785|priority:0], old=null
2021-12-01 05:34:09,383 [da0cd28a-5297-4f90-8c80-70339634350f@group-4D892695C419-FollowerState] INFO  impl.RoleInfo (RoleInfo.java:updateAndGet(130)) - da0cd28a-5297-4f90-8c80-70339634350f: start da0cd28a-5297-4f90-8c80-70339634350f@group-4D892695C419-LeaderElection24
2021-12-01 05:34:09,386 [71abcc26-9029-4fbf-a56a-b89502f0dfdb@group-678140B1059C-SegmentedRaftLogWorker] INFO  segmented.SegmentedRaftLogWorker (SegmentedRaftLogWorker.java:execute(601)) - 71abcc26-9029-4fbf-a56a-b89502f0dfdb@group-678140B1059C-SegmentedRaftLogWorker: created new log segment /home/runner/work/ozone/ozone/hadoop-ozone/integration-test/target/test-dir/MiniOzoneClusterImpl-18ff7c11-c606-42f1-8c5c-1f8c02111a4f/datanode-0/data/ratis/ef65d66e-0a26-405c-8c09-678140b1059c/current/log_inprogress_0
2021-12-01 05:34:09,398 [50760388-b69f-4e6a-8619-7c3b28224d8a@group-9BDD03F14CCC-FollowerState] INFO  impl.FollowerState (FollowerState.java:run(134)) - 50760388-b69f-4e6a-8619-7c3b28224d8a@group-9BDD03F14CCC-FollowerState: change to CANDIDATE, lastRpcElapsedTime:5163277465ns, electionTimeout:5156ms
2021-12-01 05:34:09,398 [50760388-b69f-4e6a-8619-7c3b28224d8a@group-9BDD03F14CCC-FollowerState] INFO  impl.RoleInfo (RoleInfo.java:shutdownFollowerState(108)) - 50760388-b69f-4e6a-8619-7c3b28224d8a: shutdown 50760388-b69f-4e6a-8619-7c3b28224d8a@group-9BDD03F14CCC-FollowerState
2021-12-01 05:34:09,398 [50760388-b69f-4e6a-8619-7c3b28224d8a@group-9BDD03F14CCC-FollowerState] INFO  server.RaftServer$Division (RaftServerImpl.java:setRole(290)) - 50760388-b69f-4e6a-8619-7c3b28224d8a@group-9BDD03F14CCC: changes role from  FOLLOWER to CANDIDATE at term 0 for changeToCandidate
2021-12-01 05:34:09,403 [50760388-b69f-4e6a-8619-7c3b28224d8a@group-9BDD03F14CCC-FollowerState] INFO  server.RaftServerConfigKeys (ConfUtils.java:logGet(44)) - raft.server.leaderelection.pre-vote = false (custom)
2021-12-01 05:34:09,403 [50760388-b69f-4e6a-8619-7c3b28224d8a@group-9BDD03F14CCC-FollowerState] INFO  impl.RoleInfo (RoleInfo.java:updateAndGet(130)) - 50760388-b69f-4e6a-8619-7c3b28224d8a: start 50760388-b69f-4e6a-8619-7c3b28224d8a@group-9BDD03F14CCC-LeaderElection25
2021-12-01 05:34:09,404 [da0cd28a-5297-4f90-8c80-70339634350f@group-678140B1059C-SegmentedRaftLogWorker] INFO  segmented.SegmentedRaftLogWorker (SegmentedRaftLogWorker.java:execute(601)) - da0cd28a-5297-4f90-8c80-70339634350f@group-678140B1059C-SegmentedRaftLogWorker: created new log segment /home/runner/work/ozone/ozone/hadoop-ozone/integration-test/target/test-dir/MiniOzoneClusterImpl-18ff7c11-c606-42f1-8c5c-1f8c02111a4f/datanode-1/data/ratis/ef65d66e-0a26-405c-8c09-678140b1059c/current/log_inprogress_0
2021-12-01 05:34:09,440 [grpc-default-executor-3] INFO  server.RaftServer$Division (RaftServerImpl.java:requestVote(1046)) - 71abcc26-9029-4fbf-a56a-b89502f0dfdb@group-9BDD03F14CCC: receive requestVote(ELECTION, da0cd28a-5297-4f90-8c80-70339634350f, group-9BDD03F14CCC, 1, (t:0, i:0))
2021-12-01 05:34:09,441 [grpc-default-executor-3] INFO  impl.VoteContext (VoteContext.java:log(48)) - 71abcc26-9029-4fbf-a56a-b89502f0dfdb@group-9BDD03F14CCC-CANDIDATE: reject ELECTION from da0cd28a-5297-4f90-8c80-70339634350f: already has voted for 71abcc26-9029-4fbf-a56a-b89502f0dfdb at current term 1
2021-12-01 05:34:09,441 [grpc-default-executor-3] INFO  server.RaftServer$Division (RaftServerImpl.java:requestVote(1078)) - 71abcc26-9029-4fbf-a56a-b89502f0dfdb@group-9BDD03F14CCC replies to ELECTION vote request: da0cd28a-5297-4f90-8c80-70339634350f<-71abcc26-9029-4fbf-a56a-b89502f0dfdb#0:FAIL-t1. Peer's state: 71abcc26-9029-4fbf-a56a-b89502f0dfdb@group-9BDD03F14CCC:t1, leader=null, voted=71abcc26-9029-4fbf-a56a-b89502f0dfdb, raftlog=71abcc26-9029-4fbf-a56a-b89502f0dfdb@group-9BDD03F14CCC-SegmentedRaftLog:OPENED:c-1, conf=-1: [da0cd28a-5297-4f90-8c80-70339634350f|rpc:127.0.0.1:45281|priority:1, 71abcc26-9029-4fbf-a56a-b89502f0dfdb|rpc:127.0.0.1:40523|priority:0, 50760388-b69f-4e6a-8619-7c3b28224d8a|rpc:127.0.0.1:41785|priority:0], old=null
2021-12-01 05:34:09,443 [50760388-b69f-4e6a-8619-7c3b28224d8a@group-9BDD03F14CCC-LeaderElection25] INFO  impl.LeaderElection (LeaderElection.java:askForVotes(306)) - 50760388-b69f-4e6a-8619-7c3b28224d8a@group-9BDD03F14CCC-LeaderElection25 ELECTION round 0: submit vote requests at term 1 for -1: [da0cd28a-5297-4f90-8c80-70339634350f|rpc:127.0.0.1:45281|dataStream:|priority:1, 71abcc26-9029-4fbf-a56a-b89502f0dfdb|rpc:127.0.0.1:40523|dataStream:|priority:0, 50760388-b69f-4e6a-8619-7c3b28224d8a|rpc:127.0.0.1:41785|dataStream:|priority:0], old=null
2021-12-01 05:34:09,444 [da0cd28a-5297-4f90-8c80-70339634350f@group-4D892695C419-LeaderElection24] INFO  impl.LeaderElection (LeaderElection.java:askForVotes(306)) - da0cd28a-5297-4f90-8c80-70339634350f@group-4D892695C419-LeaderElection24 ELECTION round 0: submit vote requests at term 1 for -1: [da0cd28a-5297-4f90-8c80-70339634350f|rpc:127.0.0.1:45281|priority:1], old=null
2021-12-01 05:34:09,445 [da0cd28a-5297-4f90-8c80-70339634350f@group-4D892695C419-LeaderElection24] INFO  impl.LeaderElection (LeaderElection.java:askForVotes(308)) - da0cd28a-5297-4f90-8c80-70339634350f@group-4D892695C419-LeaderElection24 ELECTION round 0: result PASSED (term=1)
2021-12-01 05:34:09,445 [da0cd28a-5297-4f90-8c80-70339634350f@group-4D892695C419-LeaderElection24] INFO  impl.RoleInfo (RoleInfo.java:shutdownLeaderElection(121)) - da0cd28a-5297-4f90-8c80-70339634350f: shutdown da0cd28a-5297-4f90-8c80-70339634350f@group-4D892695C419-LeaderElection24
2021-12-01 05:34:09,445 [da0cd28a-5297-4f90-8c80-70339634350f@group-4D892695C419-LeaderElection24] INFO  server.RaftServer$Division (RaftServerImpl.java:setRole(290)) - da0cd28a-5297-4f90-8c80-70339634350f@group-4D892695C419: changes role from CANDIDATE to LEADER at term 1 for changeToLeader
2021-12-01 05:34:09,445 [da0cd28a-5297-4f90-8c80-70339634350f@group-4D892695C419-LeaderElection24] INFO  ratis.XceiverServerRatis (XceiverServerRatis.java:handleLeaderChangedNotification(866)) - Leader change notification received for group: group-4D892695C419 with new leaderId: da0cd28a-5297-4f90-8c80-70339634350f
2021-12-01 05:34:09,476 [da0cd28a-5297-4f90-8c80-70339634350f@group-4D892695C419-LeaderElection24] INFO  server.RaftServer$Division (ServerState.java:setLeader(285)) - da0cd28a-5297-4f90-8c80-70339634350f@group-4D892695C419: change Leader from null to da0cd28a-5297-4f90-8c80-70339634350f at term 1 for becomeLeader, leader elected after 5202ms
2021-12-01 05:34:09,476 [da0cd28a-5297-4f90-8c80-70339634350f@group-4D892695C419-LeaderElection24] INFO  server.RaftServerConfigKeys (ConfUtils.java:logGet(44)) - raft.server.staging.catchup.gap = 1000 (default)
2021-12-01 05:34:09,476 [da0cd28a-5297-4f90-8c80-70339634350f@group-4D892695C419-LeaderElection24] INFO  server.RaftServerConfigKeys (ConfUtils.java:logGet(44)) - raft.server.write.element-limit = 1024 (custom)
2021-12-01 05:34:09,476 [da0cd28a-5297-4f90-8c80-70339634350f@group-4D892695C419-LeaderElection24] INFO  server.RaftServerConfigKeys (ConfUtils.java:logGet(44)) - raft.server.write.byte-limit = 1024 M (=1073741824) (custom)
2021-12-01 05:34:09,476 [da0cd28a-5297-4f90-8c80-70339634350f@group-4D892695C419-LeaderElection24] INFO  server.RaftServerConfigKeys (ConfUtils.java:logGet(44)) - raft.server.watch.timeout = 180s (custom)
2021-12-01 05:34:09,476 [da0cd28a-5297-4f90-8c80-70339634350f@group-4D892695C419-LeaderElection24] INFO  server.RaftServerConfigKeys (ConfUtils.java:logGet(44)) - raft.server.watch.timeout.denomination = 1s (default)
2021-12-01 05:34:09,476 [da0cd28a-5297-4f90-8c80-70339634350f@group-4D892695C419-LeaderElection24] INFO  server.RaftServerConfigKeys (ConfUtils.java:logGet(44)) - raft.server.watch.element-limit = 65536 (default)
2021-12-01 05:34:09,476 [da0cd28a-5297-4f90-8c80-70339634350f@group-4D892695C419-LeaderElection24] INFO  server.RaftServerConfigKeys (ConfUtils.java:logGet(44)) - raft.server.write.element-limit = 1024 (custom)
2021-12-01 05:34:09,477 [da0cd28a-5297-4f90-8c80-70339634350f@group-4D892695C419-LeaderElection24] INFO  server.RaftServerConfigKeys (ConfUtils.java:logGet(44)) - raft.server.write.follower.gap.ratio.max = -1.0 (default)
2021-12-01 05:34:09,477 [da0cd28a-5297-4f90-8c80-70339634350f@group-4D892695C419-LeaderElection24] INFO  impl.RoleInfo (RoleInfo.java:updateAndGet(130)) - da0cd28a-5297-4f90-8c80-70339634350f: start da0cd28a-5297-4f90-8c80-70339634350f@group-4D892695C419-LeaderStateImpl
2021-12-01 05:34:09,477 [da0cd28a-5297-4f90-8c80-70339634350f@group-4D892695C419-LeaderElection24] INFO  segmented.SegmentedRaftLogWorker (SegmentedRaftLogWorker.java:startLogSegment(394)) - da0cd28a-5297-4f90-8c80-70339634350f@group-4D892695C419-SegmentedRaftLogWorker: Starting segment from index:0
2021-12-01 05:34:09,478 [EventQueue-OpenPipelineForHealthyPipelineSafeModeRule] INFO  safemode.SCMSafeModeManager (HealthyPipelineSafeModeRule.java:process(124)) - SCM in safe mode. Healthy pipelines reported count is 1, required healthy pipeline reported count is 1
2021-12-01 05:34:09,478 [EventQueue-OpenPipelineForHealthyPipelineSafeModeRule] INFO  safemode.SCMSafeModeManager (SCMSafeModeManager.java:validateSafeModeExitRules(204)) - HealthyPipelineSafeModeRule rule is successfully validated
2021-12-01 05:34:09,478 [EventQueue-OpenPipelineForHealthyPipelineSafeModeRule] INFO  safemode.SCMSafeModeManager (SCMSafeModeManager.java:validateSafeModeExitRules(219)) - ScmSafeModeManager, all rules are successfully validated
2021-12-01 05:34:09,478 [EventQueue-OpenPipelineForHealthyPipelineSafeModeRule] INFO  safemode.SCMSafeModeManager (SCMSafeModeManager.java:exitSafeMode(248)) - SCM exiting safe mode.
2021-12-01 05:34:09,478 [EventQueue-OpenPipelineForHealthyPipelineSafeModeRule] WARN  events.EventQueue (EventQueue.java:fireEvent(194)) - No event handler registered for event TypedEvent{payloadType=SafeModeStatus, name='Safe mode status'}
2021-12-01 05:34:09,478 [EventQueue-OpenPipelineForHealthyPipelineSafeModeRule] INFO  ha.SCMContext (SCMContext.java:updateSafeModeStatus(205)) - Update SafeModeStatus from SafeModeStatus{safeModeStatus=true, preCheckPassed=true} to SafeModeStatus{safeModeStatus=false, preCheckPassed=true}.
2021-12-01 05:34:09,479 [da0cd28a-5297-4f90-8c80-70339634350f@group-4D892695C419-LeaderElection24] INFO  server.RaftServer$Division (ServerState.java:setRaftConf(387)) - da0cd28a-5297-4f90-8c80-70339634350f@group-4D892695C419: set configuration 0: [da0cd28a-5297-4f90-8c80-70339634350f|rpc:127.0.0.1:45281|dataStream:|priority:1], old=null
2021-12-01 05:34:09,490 [grpc-default-executor-1] INFO  server.RaftServer$Division (RaftServerImpl.java:requestVote(1046)) - da0cd28a-5297-4f90-8c80-70339634350f@group-9BDD03F14CCC: receive requestVote(ELECTION, 71abcc26-9029-4fbf-a56a-b89502f0dfdb, group-9BDD03F14CCC, 1, (t:0, i:0))
2021-12-01 05:34:09,490 [grpc-default-executor-1] INFO  impl.VoteContext (VoteContext.java:log(48)) - da0cd28a-5297-4f90-8c80-70339634350f@group-9BDD03F14CCC-CANDIDATE: reject ELECTION from 71abcc26-9029-4fbf-a56a-b89502f0dfdb: already has voted for da0cd28a-5297-4f90-8c80-70339634350f at current term 1
2021-12-01 05:34:09,491 [grpc-default-executor-1] INFO  server.RaftServer$Division (RaftServerImpl.java:requestVote(1078)) - da0cd28a-5297-4f90-8c80-70339634350f@group-9BDD03F14CCC replies to ELECTION vote request: 71abcc26-9029-4fbf-a56a-b89502f0dfdb<-da0cd28a-5297-4f90-8c80-70339634350f#0:FAIL-t1. Peer's state: da0cd28a-5297-4f90-8c80-70339634350f@group-9BDD03F14CCC:t1, leader=null, voted=da0cd28a-5297-4f90-8c80-70339634350f, raftlog=da0cd28a-5297-4f90-8c80-70339634350f@group-9BDD03F14CCC-SegmentedRaftLog:OPENED:c-1, conf=-1: [da0cd28a-5297-4f90-8c80-70339634350f|rpc:127.0.0.1:45281|priority:1, 71abcc26-9029-4fbf-a56a-b89502f0dfdb|rpc:127.0.0.1:40523|priority:0, 50760388-b69f-4e6a-8619-7c3b28224d8a|rpc:127.0.0.1:41785|priority:0], old=null
2021-12-01 05:34:09,491 [grpc-default-executor-3] INFO  server.RaftServer$Division (RaftServerImpl.java:requestVote(1046)) - 50760388-b69f-4e6a-8619-7c3b28224d8a@group-9BDD03F14CCC: receive requestVote(ELECTION, 71abcc26-9029-4fbf-a56a-b89502f0dfdb, group-9BDD03F14CCC, 1, (t:0, i:0))
2021-12-01 05:34:09,491 [grpc-default-executor-3] INFO  impl.VoteContext (VoteContext.java:log(48)) - 50760388-b69f-4e6a-8619-7c3b28224d8a@group-9BDD03F14CCC-CANDIDATE: reject ELECTION from 71abcc26-9029-4fbf-a56a-b89502f0dfdb: already has voted for 50760388-b69f-4e6a-8619-7c3b28224d8a at current term 1
2021-12-01 05:34:09,491 [grpc-default-executor-3] INFO  server.RaftServer$Division (RaftServerImpl.java:requestVote(1078)) - 50760388-b69f-4e6a-8619-7c3b28224d8a@group-9BDD03F14CCC replies to ELECTION vote request: 71abcc26-9029-4fbf-a56a-b89502f0dfdb<-50760388-b69f-4e6a-8619-7c3b28224d8a#0:FAIL-t1. Peer's state: 50760388-b69f-4e6a-8619-7c3b28224d8a@group-9BDD03F14CCC:t1, leader=null, voted=50760388-b69f-4e6a-8619-7c3b28224d8a, raftlog=50760388-b69f-4e6a-8619-7c3b28224d8a@group-9BDD03F14CCC-SegmentedRaftLog:OPENED:c-1, conf=-1: [da0cd28a-5297-4f90-8c80-70339634350f|rpc:127.0.0.1:45281|dataStream:|priority:1, 71abcc26-9029-4fbf-a56a-b89502f0dfdb|rpc:127.0.0.1:40523|dataStream:|priority:0, 50760388-b69f-4e6a-8619-7c3b28224d8a|rpc:127.0.0.1:41785|dataStream:|priority:0], old=null
2021-12-01 05:34:09,492 [grpc-default-executor-0] INFO  server.RaftServer$Division (RaftServerImpl.java:requestVote(1046)) - da0cd28a-5297-4f90-8c80-70339634350f@group-9BDD03F14CCC: receive requestVote(ELECTION, 50760388-b69f-4e6a-8619-7c3b28224d8a, group-9BDD03F14CCC, 1, (t:0, i:0))
2021-12-01 05:34:09,492 [grpc-default-executor-0] INFO  impl.VoteContext (VoteContext.java:log(48)) - da0cd28a-5297-4f90-8c80-70339634350f@group-9BDD03F14CCC-CANDIDATE: reject ELECTION from 50760388-b69f-4e6a-8619-7c3b28224d8a: already has voted for da0cd28a-5297-4f90-8c80-70339634350f at current term 1
2021-12-01 05:34:09,492 [grpc-default-executor-0] INFO  server.RaftServer$Division (RaftServerImpl.java:requestVote(1078)) - da0cd28a-5297-4f90-8c80-70339634350f@group-9BDD03F14CCC replies to ELECTION vote request: 50760388-b69f-4e6a-8619-7c3b28224d8a<-da0cd28a-5297-4f90-8c80-70339634350f#0:FAIL-t1. Peer's state: da0cd28a-5297-4f90-8c80-70339634350f@group-9BDD03F14CCC:t1, leader=null, voted=da0cd28a-5297-4f90-8c80-70339634350f, raftlog=da0cd28a-5297-4f90-8c80-70339634350f@group-9BDD03F14CCC-SegmentedRaftLog:OPENED:c-1, conf=-1: [da0cd28a-5297-4f90-8c80-70339634350f|rpc:127.0.0.1:45281|priority:1, 71abcc26-9029-4fbf-a56a-b89502f0dfdb|rpc:127.0.0.1:40523|priority:0, 50760388-b69f-4e6a-8619-7c3b28224d8a|rpc:127.0.0.1:41785|priority:0], old=null
2021-12-01 05:34:09,492 [grpc-default-executor-2] INFO  server.RaftServer$Division (RaftServerImpl.java:requestVote(1046)) - 71abcc26-9029-4fbf-a56a-b89502f0dfdb@group-9BDD03F14CCC: receive requestVote(ELECTION, 50760388-b69f-4e6a-8619-7c3b28224d8a, group-9BDD03F14CCC, 1, (t:0, i:0))
2021-12-01 05:34:09,492 [grpc-default-executor-2] INFO  impl.VoteContext (VoteContext.java:log(48)) - 71abcc26-9029-4fbf-a56a-b89502f0dfdb@group-9BDD03F14CCC-CANDIDATE: reject ELECTION from 50760388-b69f-4e6a-8619-7c3b28224d8a: already has voted for 71abcc26-9029-4fbf-a56a-b89502f0dfdb at current term 1
2021-12-01 05:34:09,492 [grpc-default-executor-2] INFO  server.RaftServer$Division (RaftServerImpl.java:requestVote(1078)) - 71abcc26-9029-4fbf-a56a-b89502f0dfdb@group-9BDD03F14CCC replies to ELECTION vote request: 50760388-b69f-4e6a-8619-7c3b28224d8a<-71abcc26-9029-4fbf-a56a-b89502f0dfdb#0:FAIL-t1. Peer's state: 71abcc26-9029-4fbf-a56a-b89502f0dfdb@group-9BDD03F14CCC:t1, leader=null, voted=71abcc26-9029-4fbf-a56a-b89502f0dfdb, raftlog=71abcc26-9029-4fbf-a56a-b89502f0dfdb@group-9BDD03F14CCC-SegmentedRaftLog:OPENED:c-1, conf=-1: [da0cd28a-5297-4f90-8c80-70339634350f|rpc:127.0.0.1:45281|priority:1, 71abcc26-9029-4fbf-a56a-b89502f0dfdb|rpc:127.0.0.1:40523|priority:0, 50760388-b69f-4e6a-8619-7c3b28224d8a|rpc:127.0.0.1:41785|priority:0], old=null
2021-12-01 05:34:09,492 [grpc-default-executor-4] INFO  server.RaftServer$Division (RaftServerImpl.java:requestVote(1046)) - 50760388-b69f-4e6a-8619-7c3b28224d8a@group-9BDD03F14CCC: receive requestVote(ELECTION, da0cd28a-5297-4f90-8c80-70339634350f, group-9BDD03F14CCC, 1, (t:0, i:0))
2021-12-01 05:34:09,492 [grpc-default-executor-4] INFO  impl.VoteContext (VoteContext.java:log(48)) - 50760388-b69f-4e6a-8619-7c3b28224d8a@group-9BDD03F14CCC-CANDIDATE: reject ELECTION from da0cd28a-5297-4f90-8c80-70339634350f: already has voted for 50760388-b69f-4e6a-8619-7c3b28224d8a at current term 1
2021-12-01 05:34:09,492 [grpc-default-executor-4] INFO  server.RaftServer$Division (RaftServerImpl.java:requestVote(1078)) - 50760388-b69f-4e6a-8619-7c3b28224d8a@group-9BDD03F14CCC replies to ELECTION vote request: da0cd28a-5297-4f90-8c80-70339634350f<-50760388-b69f-4e6a-8619-7c3b28224d8a#0:FAIL-t1. Peer's state: 50760388-b69f-4e6a-8619-7c3b28224d8a@group-9BDD03F14CCC:t1, leader=null, voted=50760388-b69f-4e6a-8619-7c3b28224d8a, raftlog=50760388-b69f-4e6a-8619-7c3b28224d8a@group-9BDD03F14CCC-SegmentedRaftLog:OPENED:c-1, conf=-1: [da0cd28a-5297-4f90-8c80-70339634350f|rpc:127.0.0.1:45281|dataStream:|priority:1, 71abcc26-9029-4fbf-a56a-b89502f0dfdb|rpc:127.0.0.1:40523|dataStream:|priority:0, 50760388-b69f-4e6a-8619-7c3b28224d8a|rpc:127.0.0.1:41785|dataStream:|priority:0], old=null
2021-12-01 05:34:09,494 [71abcc26-9029-4fbf-a56a-b89502f0dfdb@group-9BDD03F14CCC-LeaderElection23] INFO  impl.LeaderElection (LeaderElection.java:logAndReturn(89)) - 71abcc26-9029-4fbf-a56a-b89502f0dfdb@group-9BDD03F14CCC-LeaderElection23: ELECTION REJECTED received 1 response(s) and 0 exception(s):
2021-12-01 05:34:09,494 [71abcc26-9029-4fbf-a56a-b89502f0dfdb@group-9BDD03F14CCC-LeaderElection23] INFO  impl.LeaderElection (LeaderElection.java:logAndReturn(93)) -   Response 0: 71abcc26-9029-4fbf-a56a-b89502f0dfdb<-da0cd28a-5297-4f90-8c80-70339634350f#0:FAIL-t1
2021-12-01 05:34:09,494 [71abcc26-9029-4fbf-a56a-b89502f0dfdb@group-9BDD03F14CCC-LeaderElection23] INFO  impl.LeaderElection (LeaderElection.java:askForVotes(308)) - 71abcc26-9029-4fbf-a56a-b89502f0dfdb@group-9BDD03F14CCC-LeaderElection23 ELECTION round 0: result REJECTED
2021-12-01 05:34:09,494 [71abcc26-9029-4fbf-a56a-b89502f0dfdb@group-9BDD03F14CCC-LeaderElection23] INFO  server.RaftServer$Division (RaftServerImpl.java:setRole(290)) - 71abcc26-9029-4fbf-a56a-b89502f0dfdb@group-9BDD03F14CCC: changes role from CANDIDATE to FOLLOWER at term 1 for REJECTED
2021-12-01 05:34:09,494 [71abcc26-9029-4fbf-a56a-b89502f0dfdb@group-9BDD03F14CCC-LeaderElection23] INFO  impl.RoleInfo (RoleInfo.java:shutdownLeaderElection(121)) - 71abcc26-9029-4fbf-a56a-b89502f0dfdb: shutdown 71abcc26-9029-4fbf-a56a-b89502f0dfdb@group-9BDD03F14CCC-LeaderElection23
2021-12-01 05:34:09,494 [71abcc26-9029-4fbf-a56a-b89502f0dfdb@group-9BDD03F14CCC-LeaderElection23] INFO  impl.RoleInfo (RoleInfo.java:updateAndGet(130)) - 71abcc26-9029-4fbf-a56a-b89502f0dfdb: start 71abcc26-9029-4fbf-a56a-b89502f0dfdb@group-9BDD03F14CCC-FollowerState
2021-12-01 05:34:09,510 [da0cd28a-5297-4f90-8c80-70339634350f@group-4D892695C419-SegmentedRaftLogWorker] INFO  segmented.SegmentedRaftLogWorker (SegmentedRaftLogWorker.java:execute(601)) - da0cd28a-5297-4f90-8c80-70339634350f@group-4D892695C419-SegmentedRaftLogWorker: created new log segment /home/runner/work/ozone/ozone/hadoop-ozone/integration-test/target/test-dir/MiniOzoneClusterImpl-18ff7c11-c606-42f1-8c5c-1f8c02111a4f/datanode-1/data/ratis/7d6282d5-044b-4956-b602-4d892695c419/current/log_inprogress_0
2021-12-01 05:34:09,513 [da0cd28a-5297-4f90-8c80-70339634350f@group-9BDD03F14CCC-LeaderElection22] INFO  impl.LeaderElection (LeaderElection.java:logAndReturn(89)) - da0cd28a-5297-4f90-8c80-70339634350f@group-9BDD03F14CCC-LeaderElection22: ELECTION REJECTED received 2 response(s) and 0 exception(s):
2021-12-01 05:34:09,513 [da0cd28a-5297-4f90-8c80-70339634350f@group-9BDD03F14CCC-LeaderElection22] INFO  impl.LeaderElection (LeaderElection.java:logAndReturn(93)) -   Response 0: da0cd28a-5297-4f90-8c80-70339634350f<-71abcc26-9029-4fbf-a56a-b89502f0dfdb#0:FAIL-t1
2021-12-01 05:34:09,513 [da0cd28a-5297-4f90-8c80-70339634350f@group-9BDD03F14CCC-LeaderElection22] INFO  impl.LeaderElection (LeaderElection.java:logAndReturn(93)) -   Response 1: da0cd28a-5297-4f90-8c80-70339634350f<-50760388-b69f-4e6a-8619-7c3b28224d8a#0:FAIL-t1
2021-12-01 05:34:09,513 [da0cd28a-5297-4f90-8c80-70339634350f@group-9BDD03F14CCC-LeaderElection22] INFO  impl.LeaderElection (LeaderElection.java:askForVotes(308)) - da0cd28a-5297-4f90-8c80-70339634350f@group-9BDD03F14CCC-LeaderElection22 ELECTION round 0: result REJECTED
2021-12-01 05:34:09,513 [da0cd28a-5297-4f90-8c80-70339634350f@group-9BDD03F14CCC-LeaderElection22] INFO  server.RaftServer$Division (RaftServerImpl.java:setRole(290)) - da0cd28a-5297-4f90-8c80-70339634350f@group-9BDD03F14CCC: changes role from CANDIDATE to FOLLOWER at term 1 for REJECTED
2021-12-01 05:34:09,513 [da0cd28a-5297-4f90-8c80-70339634350f@group-9BDD03F14CCC-LeaderElection22] INFO  impl.RoleInfo (RoleInfo.java:shutdownLeaderElection(121)) - da0cd28a-5297-4f90-8c80-70339634350f: shutdown da0cd28a-5297-4f90-8c80-70339634350f@group-9BDD03F14CCC-LeaderElection22
2021-12-01 05:34:09,513 [da0cd28a-5297-4f90-8c80-70339634350f@group-9BDD03F14CCC-LeaderElection22] INFO  impl.RoleInfo (RoleInfo.java:updateAndGet(130)) - da0cd28a-5297-4f90-8c80-70339634350f: start da0cd28a-5297-4f90-8c80-70339634350f@group-9BDD03F14CCC-FollowerState
2021-12-01 05:34:09,517 [50760388-b69f-4e6a-8619-7c3b28224d8a@group-9BDD03F14CCC-LeaderElection25] INFO  impl.LeaderElection (LeaderElection.java:logAndReturn(89)) - 50760388-b69f-4e6a-8619-7c3b28224d8a@group-9BDD03F14CCC-LeaderElection25: ELECTION REJECTED received 2 response(s) and 0 exception(s):
2021-12-01 05:34:09,517 [50760388-b69f-4e6a-8619-7c3b28224d8a@group-9BDD03F14CCC-LeaderElection25] INFO  impl.LeaderElection (LeaderElection.java:logAndReturn(93)) -   Response 0: 50760388-b69f-4e6a-8619-7c3b28224d8a<-da0cd28a-5297-4f90-8c80-70339634350f#0:FAIL-t1
2021-12-01 05:34:09,517 [50760388-b69f-4e6a-8619-7c3b28224d8a@group-9BDD03F14CCC-LeaderElection25] INFO  impl.LeaderElection (LeaderElection.java:logAndReturn(93)) -   Response 1: 50760388-b69f-4e6a-8619-7c3b28224d8a<-71abcc26-9029-4fbf-a56a-b89502f0dfdb#0:FAIL-t1
2021-12-01 05:34:09,517 [50760388-b69f-4e6a-8619-7c3b28224d8a@group-9BDD03F14CCC-LeaderElection25] INFO  impl.LeaderElection (LeaderElection.java:askForVotes(308)) - 50760388-b69f-4e6a-8619-7c3b28224d8a@group-9BDD03F14CCC-LeaderElection25 ELECTION round 0: result REJECTED
2021-12-01 05:34:09,517 [50760388-b69f-4e6a-8619-7c3b28224d8a@group-9BDD03F14CCC-LeaderElection25] INFO  server.RaftServer$Division (RaftServerImpl.java:setRole(290)) - 50760388-b69f-4e6a-8619-7c3b28224d8a@group-9BDD03F14CCC: changes role from CANDIDATE to FOLLOWER at term 1 for REJECTED
2021-12-01 05:34:09,517 [50760388-b69f-4e6a-8619-7c3b28224d8a@group-9BDD03F14CCC-LeaderElection25] INFO  impl.RoleInfo (RoleInfo.java:shutdownLeaderElection(121)) - 50760388-b69f-4e6a-8619-7c3b28224d8a: shutdown 50760388-b69f-4e6a-8619-7c3b28224d8a@group-9BDD03F14CCC-LeaderElection25
2021-12-01 05:34:09,517 [50760388-b69f-4e6a-8619-7c3b28224d8a@group-9BDD03F14CCC-LeaderElection25] INFO  impl.RoleInfo (RoleInfo.java:updateAndGet(130)) - 50760388-b69f-4e6a-8619-7c3b28224d8a: start 50760388-b69f-4e6a-8619-7c3b28224d8a@group-9BDD03F14CCC-FollowerState
2021-12-01 05:34:09,637 [Listener at 127.0.0.1/11600] INFO  ozone.MiniOzoneClusterImpl (MiniOzoneClusterImpl.java:lambda$waitForClusterToBeReady$0(235)) - Nodes are ready. Got 3 of 3 DN Heartbeats.
2021-12-01 05:34:09,637 [Listener at 127.0.0.1/11600] INFO  ozone.MiniOzoneClusterImpl (MiniOzoneClusterImpl.java:lambda$waitForClusterToBeReady$0(238)) - Cluster exits safe mode
2021-12-01 05:34:09,637 [Listener at 127.0.0.1/11600] INFO  ozone.MiniOzoneClusterImpl (MiniOzoneClusterImpl.java:lambda$waitForClusterToBeReady$0(240)) - SCM became leader
2021-12-01 05:34:09,637 [Listener at 127.0.0.1/11600] INFO  server.StorageContainerManager (StorageContainerManager.java:start(1303)) - StorageContainerLocationProtocol RPC server is listening at /0.0.0.0:14751
2021-12-01 05:34:09,638 [Listener at 127.0.0.1/11600] INFO  ha.SCMRatisServerImpl (SCMRatisServerImpl.java:start(177)) - starting ratis server 0.0.0.0:14748
2021-12-01 05:34:09,638 [Listener at 127.0.0.1/11600] INFO  server.RaftServer$Division (RaftServerImpl.java:start(304)) - 217d9b70-301a-4977-a69d-31477f551bd1@group-1F8C02111A4F: start with initializing state, conf=-1: [], old=null
2021-12-01 05:34:09,638 [Listener at 127.0.0.1/11600] INFO  server.RaftServer$Division (RaftServerImpl.java:setRole(290)) - 217d9b70-301a-4977-a69d-31477f551bd1@group-1F8C02111A4F: changes role from      null to FOLLOWER at term 0 for startInitializing
2021-12-01 05:34:09,638 [Listener at 127.0.0.1/11600] INFO  util.JmxRegister (JmxRegister.java:tryRegister(44)) - Successfully registered JMX Bean with object name Ratis:service=RaftServer,group=group-1F8C02111A4F,id=217d9b70-301a-4977-a69d-31477f551bd1
2021-12-01 05:34:09,646 [Listener at 127.0.0.1/11600] INFO  server.RaftServer (RaftServerProxy.java:lambda$start$5(374)) - 217d9b70-301a-4977-a69d-31477f551bd1: start RPC server
2021-12-01 05:34:09,646 [Listener at 127.0.0.1/11600] INFO  server.GrpcService (GrpcService.java:startImpl(253)) - 217d9b70-301a-4977-a69d-31477f551bd1: GrpcService started, listening on 14748
2021-12-01 05:34:09,647 [Listener at 127.0.0.1/11600] INFO  ha.SCMNodeInfo (SCMNodeInfo.java:getPort(197)) - ConfigKey ozone.scm.client.address is deprecated, For configuring different ports for each SCM use PortConfigKey ozone.scm.client.port appended with serviceId and nodeId
2021-12-01 05:34:09,647 [Listener at 127.0.0.1/11600] INFO  ha.SCMNodeInfo (SCMNodeInfo.java:getPort(197)) - ConfigKey ozone.scm.block.client.address is deprecated, For configuring different ports for each SCM use PortConfigKey ozone.scm.block.client.port appended with serviceId and nodeId
2021-12-01 05:34:09,647 [Listener at 127.0.0.1/11600] INFO  ha.SCMNodeInfo (SCMNodeInfo.java:getPort(197)) - ConfigKey ozone.scm.datanode.address is deprecated, For configuring different ports for each SCM use PortConfigKey ozone.scm.datanode.port appended with serviceId and nodeId
2021-12-01 05:34:09,647 [Listener at 127.0.0.1/11600] INFO  ha.SCMNodeInfo (SCMNodeInfo.java:getPort(197)) - ConfigKey ozone.scm.client.address is deprecated, For configuring different ports for each SCM use PortConfigKey ozone.scm.client.port appended with serviceId and nodeId
2021-12-01 05:34:09,648 [Listener at 127.0.0.1/11600] INFO  ha.SCMNodeInfo (SCMNodeInfo.java:getPort(197)) - ConfigKey ozone.scm.block.client.address is deprecated, For configuring different ports for each SCM use PortConfigKey ozone.scm.block.client.port appended with serviceId and nodeId
2021-12-01 05:34:09,648 [Listener at 127.0.0.1/11600] INFO  ha.SCMNodeInfo (SCMNodeInfo.java:getPort(197)) - ConfigKey ozone.scm.datanode.address is deprecated, For configuring different ports for each SCM use PortConfigKey ozone.scm.datanode.port appended with serviceId and nodeId
2021-12-01 05:34:09,648 [Listener at 127.0.0.1/11600] INFO  ha.SCMNodeInfo (SCMNodeInfo.java:getPort(197)) - ConfigKey ozone.scm.client.address is deprecated, For configuring different ports for each SCM use PortConfigKey ozone.scm.client.port appended with serviceId and nodeId
2021-12-01 05:34:09,648 [Listener at 127.0.0.1/11600] INFO  ha.SCMNodeInfo (SCMNodeInfo.java:getPort(197)) - ConfigKey ozone.scm.block.client.address is deprecated, For configuring different ports for each SCM use PortConfigKey ozone.scm.block.client.port appended with serviceId and nodeId
2021-12-01 05:34:09,648 [Listener at 127.0.0.1/11600] INFO  ha.SCMNodeInfo (SCMNodeInfo.java:getPort(197)) - ConfigKey ozone.scm.datanode.address is deprecated, For configuring different ports for each SCM use PortConfigKey ozone.scm.datanode.port appended with serviceId and nodeId
2021-12-01 05:34:09,649 [org.apache.ratis.util.JvmPauseMonitor$$Lambda$499/989520513@44261d79] INFO  util.JvmPauseMonitor (JvmPauseMonitor.java:run(103)) - JvmPauseMonitor-217d9b70-301a-4977-a69d-31477f551bd1: Started
2021-12-01 05:34:09,652 [IPC Server handler 2 on default port 14730] INFO  ha.SCMRatisServerImpl (SCMRatisServerImpl.java:addSCM(291)) - 3049a9d5-7c8a-485e-b9b8-96288700cc55: Submitting SetConfiguration request to Ratis server with new SCM peers list: [d9fd8670-dda0-4698-9e6d-057ae1a4980a|rpc:localhost:14738|priority:0, 3049a9d5-7c8a-485e-b9b8-96288700cc55|rpc:localhost:14728|admin:|client:|dataStream:|priority:0, 217d9b70-301a-4977-a69d-31477f551bd1|rpc:localhost:14748|priority:0]
2021-12-01 05:34:09,652 [IPC Server handler 2 on default port 14730] INFO  server.RaftServer$Division (RaftServerImpl.java:setConfigurationAsync(974)) - 3049a9d5-7c8a-485e-b9b8-96288700cc55@group-1F8C02111A4F: receive setConfiguration SetConfigurationRequest:client-6351F966FDB6->3049a9d5-7c8a-485e-b9b8-96288700cc55@group-1F8C02111A4F, cid=10, seq=0, RW, null, peers:[d9fd8670-dda0-4698-9e6d-057ae1a4980a|rpc:localhost:14738|priority:0, 3049a9d5-7c8a-485e-b9b8-96288700cc55|rpc:localhost:14728|admin:|client:|dataStream:|priority:0, 217d9b70-301a-4977-a69d-31477f551bd1|rpc:localhost:14748|priority:0]
2021-12-01 05:34:09,652 [IPC Server handler 2 on default port 14730] INFO  server.RaftServer$Division (LeaderStateImpl.java:startSetConfiguration(358)) - 3049a9d5-7c8a-485e-b9b8-96288700cc55@group-1F8C02111A4F-LeaderStateImpl: startSetConfiguration SetConfigurationRequest:client-6351F966FDB6->3049a9d5-7c8a-485e-b9b8-96288700cc55@group-1F8C02111A4F, cid=10, seq=0, RW, null, peers:[d9fd8670-dda0-4698-9e6d-057ae1a4980a|rpc:localhost:14738|priority:0, 3049a9d5-7c8a-485e-b9b8-96288700cc55|rpc:localhost:14728|admin:|client:|dataStream:|priority:0, 217d9b70-301a-4977-a69d-31477f551bd1|rpc:localhost:14748|priority:0]
2021-12-01 05:34:09,652 [IPC Server handler 2 on default port 14730] INFO  server.RaftServerConfigKeys (ConfUtils.java:logGet(44)) - raft.server.log.appender.snapshot.chunk.size.max = 16MB (=16777216) (default)
2021-12-01 05:34:09,652 [IPC Server handler 2 on default port 14730] INFO  server.RaftServerConfigKeys (ConfUtils.java:logGet(44)) - raft.server.log.appender.buffer.byte-limit = 33554432 (custom)
2021-12-01 05:34:09,652 [IPC Server handler 2 on default port 14730] INFO  server.RaftServerConfigKeys (ConfUtils.java:logGet(44)) - raft.server.log.appender.buffer.element-limit = 1024 (custom)
2021-12-01 05:34:09,653 [IPC Server handler 2 on default port 14730] INFO  grpc.GrpcConfigKeys (ConfUtils.java:logGet(44)) - raft.grpc.server.leader.outstanding.appends.max = 128 (default)
2021-12-01 05:34:09,653 [IPC Server handler 2 on default port 14730] INFO  server.RaftServerConfigKeys (ConfUtils.java:logGet(44)) - raft.server.rpc.request.timeout = 30000ms (custom)
2021-12-01 05:34:09,653 [IPC Server handler 2 on default port 14730] INFO  server.RaftServerConfigKeys (ConfUtils.java:logGet(44)) - raft.server.log.appender.install.snapshot.enabled = false (custom)
2021-12-01 05:34:09,666 [3049a9d5-7c8a-485e-b9b8-96288700cc55@group-1F8C02111A4F->217d9b70-301a-4977-a69d-31477f551bd1-GrpcLogAppender-LogAppenderDaemon] INFO  server.GrpcLogAppender (GrpcLogAppender.java:installSnapshot(550)) - 3049a9d5-7c8a-485e-b9b8-96288700cc55@group-1F8C02111A4F->217d9b70-301a-4977-a69d-31477f551bd1-GrpcLogAppender: followerNextIndex = 0 but logStartIndex = 1, notify follower to install snapshot-(t:2, i:24)
2021-12-01 05:34:09,670 [3049a9d5-7c8a-485e-b9b8-96288700cc55@group-1F8C02111A4F->217d9b70-301a-4977-a69d-31477f551bd1-GrpcLogAppender-LogAppenderDaemon] INFO  server.GrpcLogAppender (GrpcLogAppender.java:installSnapshot(558)) - 3049a9d5-7c8a-485e-b9b8-96288700cc55@group-1F8C02111A4F->217d9b70-301a-4977-a69d-31477f551bd1-GrpcLogAppender: send 3049a9d5-7c8a-485e-b9b8-96288700cc55->217d9b70-301a-4977-a69d-31477f551bd1#0-t2,notify:(t:2, i:24)
2021-12-01 05:34:09,685 [grpc-default-executor-5] INFO  server.RaftServer$Division (RaftServerImpl.java:installSnapshot(1332)) - 217d9b70-301a-4977-a69d-31477f551bd1@group-1F8C02111A4F: receive installSnapshot: 3049a9d5-7c8a-485e-b9b8-96288700cc55->217d9b70-301a-4977-a69d-31477f551bd1#0-t2,notify:(t:2, i:24)
2021-12-01 05:34:09,687 [grpc-default-executor-5] INFO  ha.SCMStateMachine (SCMStateMachine.java:notifyLeaderChanged(255)) - leader changed, yet current SCM is still follower.
2021-12-01 05:34:09,687 [grpc-default-executor-5] INFO  server.RaftServer$Division (ServerState.java:setLeader(285)) - 217d9b70-301a-4977-a69d-31477f551bd1@group-1F8C02111A4F: change Leader from null to 3049a9d5-7c8a-485e-b9b8-96288700cc55 at term 2 for installSnapshot, leader elected after 13927ms
2021-12-01 05:34:09,687 [grpc-default-executor-5] INFO  server.RaftServer$Division (RaftServerImpl.java:notifyStateMachineToInstallSnapshot(1551)) - 217d9b70-301a-4977-a69d-31477f551bd1@group-1F8C02111A4F: Received notification to install snapshot at index 24
2021-12-01 05:34:09,687 [grpc-default-executor-5] INFO  server.RaftServer$Division (RaftServerImpl.java:notifyStateMachineToInstallSnapshot(1582)) - 217d9b70-301a-4977-a69d-31477f551bd1@group-1F8C02111A4F: notifyInstallSnapshot: nextIndex is 0 but the leader's first available index is 24.
2021-12-01 05:34:09,687 [grpc-default-executor-5] INFO  ha.SCMStateMachine (SCMStateMachine.java:notifyInstallSnapshotFromLeader(219)) - Received install snapshot notification from SCM leader: localhost:14728 with term index: (t:2, i:24)
2021-12-01 05:34:09,695 [pool-258-thread-1] INFO  ha.SCMHAManagerImpl (SCMHAManagerImpl.java:getDBCheckpointFromLeader(206)) - Downloading checkpoint from leader SCM scmNode-1 and reloading state from the checkpoint.
2021-12-01 05:34:09,724 [grpc-default-executor-1] INFO  ha.SCMDBCheckpointProvider (SCMDBCheckpointProvider.java:writeDBCheckPointToSream(48)) - Received request to obtain SCM DB checkpoint snapshot
2021-12-01 05:34:09,733 [grpc-default-executor-1] INFO  db.RDBCheckpointManager (RDBCheckpointManager.java:createCheckpoint(86)) - Created checkpoint at /home/runner/work/ozone/ozone/hadoop-ozone/integration-test/target/test-dir/MiniOzoneClusterImpl-18ff7c11-c606-42f1-8c5c-1f8c02111a4f/scmNode-1/db.checkpoints/scm.db_checkpoint_1638336849724 in 9 milliseconds
2021-12-01 05:34:09,743 [grpc-default-executor-1] INFO  ha.SCMGrpcOutputStream (SCMGrpcOutputStream.java:close(111)) - Sent 5776 bytes for cluster 18ff7c11-c606-42f1-8c5c-1f8c02111a4f
2021-12-01 05:34:09,743 [grpc-default-executor-1] INFO  ha.SCMDBCheckpointProvider (SCMDBCheckpointProvider.java:writeDBCheckPointToSream(73)) - Time taken to write the checkpoint to response output stream: 10 milliseconds
2021-12-01 05:34:09,743 [grpc-default-executor-1] INFO  db.RocksDBCheckpoint (RocksDBCheckpoint.java:cleanupCheckpoint(78)) - Cleaning up RocksDB checkpoint at /home/runner/work/ozone/ozone/hadoop-ozone/integration-test/target/test-dir/MiniOzoneClusterImpl-18ff7c11-c606-42f1-8c5c-1f8c02111a4f/scmNode-1/db.checkpoints/scm.db_checkpoint_1638336849724
2021-12-01 05:34:09,745 [grpc-default-executor-4] INFO  ha.InterSCMGrpcClient (InterSCMGrpcClient.java:onCompleted(173)) - Checkpoint is downloaded to /home/runner/work/ozone/ozone/hadoop-ozone/integration-test/target/test-dir/MiniOzoneClusterImpl-18ff7c11-c606-42f1-8c5c-1f8c02111a4f/scmNode-3/snapshot/scm.db-scmNode-1-1638336849695.tar.gz
2021-12-01 05:34:09,798 [pool-258-thread-1] INFO  ha.SCMSnapshotProvider (SCMSnapshotProvider.java:getSCMDBSnapshot(131)) - Successfully downloaded latest checkpoint from leader SCM: scmNode-1 path /home/runner/work/ozone/ozone/hadoop-ozone/integration-test/target/test-dir/MiniOzoneClusterImpl-18ff7c11-c606-42f1-8c5c-1f8c02111a4f/scmNode-3/snapshot/scm.db-scmNode-1-1638336849695
2021-12-01 05:34:09,798 [pool-258-thread-1] INFO  ha.SCMHAManagerImpl (SCMHAManagerImpl.java:downloadCheckpointFromLeader(158)) - Downloaded checkpoint from Leader scmNode-1 to the location /home/runner/work/ozone/ozone/hadoop-ozone/integration-test/target/test-dir/MiniOzoneClusterImpl-18ff7c11-c606-42f1-8c5c-1f8c02111a4f/scmNode-3/snapshot/scm.db-scmNode-1-1638336849695
2021-12-01 05:34:09,817 [50760388-b69f-4e6a-8619-7c3b28224d8a@group-7199D68F827C-FollowerState] INFO  impl.FollowerState (FollowerState.java:run(134)) - 50760388-b69f-4e6a-8619-7c3b28224d8a@group-7199D68F827C-FollowerState: change to CANDIDATE, lastRpcElapsedTime:5054705137ns, electionTimeout:5043ms
2021-12-01 05:34:09,817 [50760388-b69f-4e6a-8619-7c3b28224d8a@group-7199D68F827C-FollowerState] INFO  impl.RoleInfo (RoleInfo.java:shutdownFollowerState(108)) - 50760388-b69f-4e6a-8619-7c3b28224d8a: shutdown 50760388-b69f-4e6a-8619-7c3b28224d8a@group-7199D68F827C-FollowerState
2021-12-01 05:34:09,817 [50760388-b69f-4e6a-8619-7c3b28224d8a@group-7199D68F827C-FollowerState] INFO  server.RaftServer$Division (RaftServerImpl.java:setRole(290)) - 50760388-b69f-4e6a-8619-7c3b28224d8a@group-7199D68F827C: changes role from  FOLLOWER to CANDIDATE at term 0 for changeToCandidate
2021-12-01 05:34:09,817 [50760388-b69f-4e6a-8619-7c3b28224d8a@group-7199D68F827C-FollowerState] INFO  server.RaftServerConfigKeys (ConfUtils.java:logGet(44)) - raft.server.leaderelection.pre-vote = false (custom)
2021-12-01 05:34:09,817 [50760388-b69f-4e6a-8619-7c3b28224d8a@group-7199D68F827C-FollowerState] INFO  impl.RoleInfo (RoleInfo.java:updateAndGet(130)) - 50760388-b69f-4e6a-8619-7c3b28224d8a: start 50760388-b69f-4e6a-8619-7c3b28224d8a@group-7199D68F827C-LeaderElection26
2021-12-01 05:34:09,836 [50760388-b69f-4e6a-8619-7c3b28224d8a@group-7199D68F827C-LeaderElection26] INFO  impl.LeaderElection (LeaderElection.java:askForVotes(306)) - 50760388-b69f-4e6a-8619-7c3b28224d8a@group-7199D68F827C-LeaderElection26 ELECTION round 0: submit vote requests at term 1 for -1: [50760388-b69f-4e6a-8619-7c3b28224d8a|rpc:127.0.0.1:41785|priority:1], old=null
2021-12-01 05:34:09,836 [50760388-b69f-4e6a-8619-7c3b28224d8a@group-7199D68F827C-LeaderElection26] INFO  impl.LeaderElection (LeaderElection.java:askForVotes(308)) - 50760388-b69f-4e6a-8619-7c3b28224d8a@group-7199D68F827C-LeaderElection26 ELECTION round 0: result PASSED (term=1)
2021-12-01 05:34:09,836 [50760388-b69f-4e6a-8619-7c3b28224d8a@group-7199D68F827C-LeaderElection26] INFO  impl.RoleInfo (RoleInfo.java:shutdownLeaderElection(121)) - 50760388-b69f-4e6a-8619-7c3b28224d8a: shutdown 50760388-b69f-4e6a-8619-7c3b28224d8a@group-7199D68F827C-LeaderElection26
2021-12-01 05:34:09,836 [50760388-b69f-4e6a-8619-7c3b28224d8a@group-7199D68F827C-LeaderElection26] INFO  server.RaftServer$Division (RaftServerImpl.java:setRole(290)) - 50760388-b69f-4e6a-8619-7c3b28224d8a@group-7199D68F827C: changes role from CANDIDATE to LEADER at term 1 for changeToLeader
2021-12-01 05:34:09,836 [50760388-b69f-4e6a-8619-7c3b28224d8a@group-7199D68F827C-LeaderElection26] INFO  ratis.XceiverServerRatis (XceiverServerRatis.java:handleLeaderChangedNotification(866)) - Leader change notification received for group: group-7199D68F827C with new leaderId: 50760388-b69f-4e6a-8619-7c3b28224d8a
2021-12-01 05:34:09,836 [50760388-b69f-4e6a-8619-7c3b28224d8a@group-7199D68F827C-LeaderElection26] INFO  server.RaftServer$Division (ServerState.java:setLeader(285)) - 50760388-b69f-4e6a-8619-7c3b28224d8a@group-7199D68F827C: change Leader from null to 50760388-b69f-4e6a-8619-7c3b28224d8a at term 1 for becomeLeader, leader elected after 5116ms
2021-12-01 05:34:09,838 [50760388-b69f-4e6a-8619-7c3b28224d8a@group-7199D68F827C-LeaderElection26] INFO  server.RaftServerConfigKeys (ConfUtils.java:logGet(44)) - raft.server.staging.catchup.gap = 1000 (default)
2021-12-01 05:34:09,839 [50760388-b69f-4e6a-8619-7c3b28224d8a@group-7199D68F827C-LeaderElection26] INFO  server.RaftServerConfigKeys (ConfUtils.java:logGet(44)) - raft.server.write.element-limit = 1024 (custom)
2021-12-01 05:34:09,839 [50760388-b69f-4e6a-8619-7c3b28224d8a@group-7199D68F827C-LeaderElection26] INFO  server.RaftServerConfigKeys (ConfUtils.java:logGet(44)) - raft.server.write.byte-limit = 1024 M (=1073741824) (custom)
2021-12-01 05:34:09,839 [50760388-b69f-4e6a-8619-7c3b28224d8a@group-7199D68F827C-LeaderElection26] INFO  server.RaftServerConfigKeys (ConfUtils.java:logGet(44)) - raft.server.watch.timeout = 180s (custom)
2021-12-01 05:34:09,839 [50760388-b69f-4e6a-8619-7c3b28224d8a@group-7199D68F827C-LeaderElection26] INFO  server.RaftServerConfigKeys (ConfUtils.java:logGet(44)) - raft.server.watch.timeout.denomination = 1s (default)
2021-12-01 05:34:09,839 [50760388-b69f-4e6a-8619-7c3b28224d8a@group-7199D68F827C-LeaderElection26] INFO  server.RaftServerConfigKeys (ConfUtils.java:logGet(44)) - raft.server.watch.element-limit = 65536 (default)
2021-12-01 05:34:09,839 [50760388-b69f-4e6a-8619-7c3b28224d8a@group-7199D68F827C-LeaderElection26] INFO  server.RaftServerConfigKeys (ConfUtils.java:logGet(44)) - raft.server.write.element-limit = 1024 (custom)
2021-12-01 05:34:09,839 [50760388-b69f-4e6a-8619-7c3b28224d8a@group-7199D68F827C-LeaderElection26] INFO  server.RaftServerConfigKeys (ConfUtils.java:logGet(44)) - raft.server.write.follower.gap.ratio.max = -1.0 (default)
2021-12-01 05:34:09,839 [50760388-b69f-4e6a-8619-7c3b28224d8a@group-7199D68F827C-LeaderElection26] INFO  impl.RoleInfo (RoleInfo.java:updateAndGet(130)) - 50760388-b69f-4e6a-8619-7c3b28224d8a: start 50760388-b69f-4e6a-8619-7c3b28224d8a@group-7199D68F827C-LeaderStateImpl
2021-12-01 05:34:09,840 [50760388-b69f-4e6a-8619-7c3b28224d8a@group-7199D68F827C-LeaderElection26] INFO  segmented.SegmentedRaftLogWorker (SegmentedRaftLogWorker.java:startLogSegment(394)) - 50760388-b69f-4e6a-8619-7c3b28224d8a@group-7199D68F827C-SegmentedRaftLogWorker: Starting segment from index:0
2021-12-01 05:34:09,841 [50760388-b69f-4e6a-8619-7c3b28224d8a@group-7199D68F827C-SegmentedRaftLogWorker] INFO  segmented.SegmentedRaftLogWorker (SegmentedRaftLogWorker.java:execute(601)) - 50760388-b69f-4e6a-8619-7c3b28224d8a@group-7199D68F827C-SegmentedRaftLogWorker: created new log segment /home/runner/work/ozone/ozone/hadoop-ozone/integration-test/target/test-dir/MiniOzoneClusterImpl-18ff7c11-c606-42f1-8c5c-1f8c02111a4f/datanode-2/data/ratis/ed2a3ff7-2a21-4723-aee3-7199d68f827c/current/log_inprogress_0
2021-12-01 05:34:09,857 [50760388-b69f-4e6a-8619-7c3b28224d8a@group-7199D68F827C-LeaderElection26] INFO  server.RaftServer$Division (ServerState.java:setRaftConf(387)) - 50760388-b69f-4e6a-8619-7c3b28224d8a@group-7199D68F827C: set configuration 0: [50760388-b69f-4e6a-8619-7c3b28224d8a|rpc:127.0.0.1:41785|dataStream:|priority:1], old=null
2021-12-01 05:34:09,890 [pool-258-thread-1] INFO  ha.SCMHAManagerImpl (SCMHAManagerImpl.java:verifyCheckpointFromLeader(172)) - Installing checkpoint with SCMTransactionInfo 2#24
2021-12-01 05:34:09,890 [pool-258-thread-1] INFO  server.RaftServer$Division (RaftServerImpl.java:lambda$notifyStateMachineToInstallSnapshot$30(1595)) - 217d9b70-301a-4977-a69d-31477f551bd1@group-1F8C02111A4F: StateMachine successfully installed snapshot index 24. Reloading the StateMachine.
2021-12-01 05:34:09,890 [pool-258-thread-1] INFO  segmented.SegmentedRaftLogWorker (SegmentedRaftLogWorker.java:lambda$new$0(133)) - 217d9b70-301a-4977-a69d-31477f551bd1@group-1F8C02111A4F-SegmentedRaftLogWorker: flushIndex: setUnconditionally -1 -> 24
2021-12-01 05:34:09,891 [pool-258-thread-1] INFO  segmented.SegmentedRaftLogWorker (SegmentedRaftLogWorker.java:lambda$new$0(133)) - 217d9b70-301a-4977-a69d-31477f551bd1@group-1F8C02111A4F-SegmentedRaftLogWorker: safeCacheEvictIndex: setUnconditionally -1 -> 24
2021-12-01 05:34:09,891 [pool-258-thread-1] INFO  raftlog.RaftLog (RaftLogBase.java:lambda$new$0(53)) - 217d9b70-301a-4977-a69d-31477f551bd1@group-1F8C02111A4F-SegmentedRaftLog: snapshotIndex: updateIncreasingly -1 -> 24
2021-12-01 05:34:09,891 [grpc-default-executor-5] INFO  server.RaftServer$Division (RaftServerImpl.java:notifyStateMachineToInstallSnapshot(1638)) - 217d9b70-301a-4977-a69d-31477f551bd1@group-1F8C02111A4F: InstallSnapshot notification result: SNAPSHOT_INSTALLED, at index: 24
2021-12-01 05:34:09,891 [grpc-default-executor-5] INFO  server.RaftServer$Division (RaftServerImpl.java:installSnapshotImpl(1462)) - 217d9b70-301a-4977-a69d-31477f551bd1@group-1F8C02111A4F: set new configuration index: 5
configurationEntry {
  peers {
    id: "d9fd8670-dda0-4698-9e6d-057ae1a4980a"
    address: "localhost:14738"
  }
  peers {
    id: "3049a9d5-7c8a-485e-b9b8-96288700cc55"
    address: "localhost:14728"
  }
}
 from snapshot
2021-12-01 05:34:09,892 [grpc-default-executor-5] INFO  server.RaftServer$Division (ServerState.java:setRaftConf(387)) - 217d9b70-301a-4977-a69d-31477f551bd1@group-1F8C02111A4F: set configuration 5: [d9fd8670-dda0-4698-9e6d-057ae1a4980a|rpc:localhost:14738|admin:|client:|dataStream:|priority:0, 3049a9d5-7c8a-485e-b9b8-96288700cc55|rpc:localhost:14728|admin:|client:|dataStream:|priority:0], old=null
2021-12-01 05:34:09,892 [grpc-default-executor-5] INFO  server.RaftServer$Division (RaftServerImpl.java:installSnapshot(1343)) - 217d9b70-301a-4977-a69d-31477f551bd1@group-1F8C02111A4F: reply installSnapshot: 3049a9d5-7c8a-485e-b9b8-96288700cc55<-217d9b70-301a-4977-a69d-31477f551bd1#0:FAIL-t0,SNAPSHOT_INSTALLED,snapshotIndex=24
2021-12-01 05:34:09,892 [grpc-default-executor-5] INFO  server.GrpcServerProtocolService (GrpcServerProtocolService.java:onCompleted(140)) - 217d9b70-301a-4977-a69d-31477f551bd1: Completed INSTALL_SNAPSHOT, lastRequest: 3049a9d5-7c8a-485e-b9b8-96288700cc55->217d9b70-301a-4977-a69d-31477f551bd1#0-t2,notify:(t:2, i:24)
2021-12-01 05:34:09,895 [grpc-default-executor-1] INFO  server.GrpcLogAppender (GrpcLogAppender.java:onNext(410)) - 3049a9d5-7c8a-485e-b9b8-96288700cc55@group-1F8C02111A4F->217d9b70-301a-4977-a69d-31477f551bd1-InstallSnapshotResponseHandler: received the first reply 3049a9d5-7c8a-485e-b9b8-96288700cc55<-217d9b70-301a-4977-a69d-31477f551bd1#0:FAIL-t0,SNAPSHOT_INSTALLED,snapshotIndex=24
2021-12-01 05:34:09,896 [grpc-default-executor-1] INFO  server.GrpcLogAppender (GrpcLogAppender.java:onNext(450)) - 3049a9d5-7c8a-485e-b9b8-96288700cc55@group-1F8C02111A4F->217d9b70-301a-4977-a69d-31477f551bd1-InstallSnapshotResponseHandler: Follower installed snapshot at index 24
2021-12-01 05:34:09,896 [grpc-default-executor-1] INFO  leader.FollowerInfo (FollowerInfoImpl.java:lambda$new$0(47)) - 3049a9d5-7c8a-485e-b9b8-96288700cc55@group-1F8C02111A4F->217d9b70-301a-4977-a69d-31477f551bd1: snapshotIndex: setUnconditionally 0 -> 24
2021-12-01 05:34:09,896 [grpc-default-executor-1] INFO  leader.FollowerInfo (FollowerInfoImpl.java:lambda$new$0(47)) - 3049a9d5-7c8a-485e-b9b8-96288700cc55@group-1F8C02111A4F->217d9b70-301a-4977-a69d-31477f551bd1: matchIndex: setUnconditionally 0 -> 24
2021-12-01 05:34:09,896 [grpc-default-executor-1] INFO  leader.FollowerInfo (FollowerInfoImpl.java:lambda$new$0(47)) - 3049a9d5-7c8a-485e-b9b8-96288700cc55@group-1F8C02111A4F->217d9b70-301a-4977-a69d-31477f551bd1: nextIndex: setUnconditionally 0 -> 25
2021-12-01 05:34:09,896 [grpc-default-executor-1] INFO  leader.FollowerInfo (FollowerInfoImpl.java:setAttemptedToInstallSnapshot(116)) - Follower 3049a9d5-7c8a-485e-b9b8-96288700cc55@group-1F8C02111A4F->217d9b70-301a-4977-a69d-31477f551bd1 acknowledged installing snapshot
2021-12-01 05:34:09,896 [grpc-default-executor-1] INFO  leader.FollowerInfo (FollowerInfoImpl.java:lambda$new$0(47)) - 3049a9d5-7c8a-485e-b9b8-96288700cc55@group-1F8C02111A4F->217d9b70-301a-4977-a69d-31477f551bd1: nextIndex: updateToMax old=25, new=25, updated? false
2021-12-01 05:34:09,899 [grpc-default-executor-1] INFO  impl.RoleInfo (RoleInfo.java:updateAndGet(130)) - 217d9b70-301a-4977-a69d-31477f551bd1: start 217d9b70-301a-4977-a69d-31477f551bd1@group-1F8C02111A4F-FollowerState
2021-12-01 05:34:09,947 [217d9b70-301a-4977-a69d-31477f551bd1@group-1F8C02111A4F-StateMachineUpdater] INFO  ha.SCMHAManagerImpl (SCMHAManagerImpl.java:installCheckpoint(227)) - Installing checkpoint with SCMTransactionInfo 2#24
2021-12-01 05:34:09,955 [217d9b70-301a-4977-a69d-31477f551bd1@group-1F8C02111A4F-StateMachineUpdater] INFO  ha.SCMHAManagerImpl (SCMHAManagerImpl.java:installCheckpoint(266)) - Replaced DB with checkpoint, term: 2, index: 24
2021-12-01 05:34:09,955 [217d9b70-301a-4977-a69d-31477f551bd1@group-1F8C02111A4F-StateMachineUpdater] WARN  utils.HAUtils (HAUtils.java:getMetaDir(342)) - ozone.scm.db.dirs is not configured. We recommend adding this setting. Falling back to ozone.metadata.dirs instead.
2021-12-01 05:34:09,957 [217d9b70-301a-4977-a69d-31477f551bd1@group-1F8C02111A4F-StateMachineUpdater] WARN  db.DBStoreBuilder (DBStoreBuilder.java:applyDBDefinition(145)) - ozone.scm.db.dirs is not configured. We recommend adding this setting. Falling back to ozone.metadata.dirs instead.
2021-12-01 05:34:10,016 [217d9b70-301a-4977-a69d-31477f551bd1@group-1F8C02111A4F-StateMachineUpdater] INFO  ha.SequenceIdGenerator (SequenceIdGenerator.java:reinitialize(166)) - reinitialize SequenceIdGenerator.
2021-12-01 05:34:10,019 [217d9b70-301a-4977-a69d-31477f551bd1@group-1F8C02111A4F-StateMachineUpdater] INFO  ha.SCMHAManagerImpl (SCMHAManagerImpl.java:installCheckpoint(277)) - Reloaded SCM state with Term: 2 and Index: 24
2021-12-01 05:34:10,022 [217d9b70-301a-4977-a69d-31477f551bd1@group-1F8C02111A4F-StateMachineUpdater] INFO  impl.StateMachineUpdater (StateMachineUpdater.java:lambda$new$0(89)) - 217d9b70-301a-4977-a69d-31477f551bd1@group-1F8C02111A4F-StateMachineUpdater: snapshotIndex: setUnconditionally -1 -> 24
2021-12-01 05:34:10,022 [217d9b70-301a-4977-a69d-31477f551bd1@group-1F8C02111A4F-StateMachineUpdater] INFO  impl.StateMachineUpdater (StateMachineUpdater.java:lambda$new$0(89)) - 217d9b70-301a-4977-a69d-31477f551bd1@group-1F8C02111A4F-StateMachineUpdater: appliedIndex: setUnconditionally -1 -> 24
2021-12-01 05:34:10,106 [EndpointStateMachine task thread for /127.0.0.1:14539 - 0 ] INFO  ipc.Client (Client.java:handleConnectionFailure(977)) - Retrying connect to server: localhost/127.0.0.1:14539. Already tried 2 time(s); retry policy is RetryUpToMaximumCountWithFixedSleep(maxRetries=15, sleepTime=1000 MILLISECONDS)
2021-12-01 05:34:10,106 [EndpointStateMachine task thread for /127.0.0.1:14549 - 0 ] INFO  ipc.Client (Client.java:handleConnectionFailure(977)) - Retrying connect to server: localhost/127.0.0.1:14549. Already tried 2 time(s); retry policy is RetryUpToMaximumCountWithFixedSleep(maxRetries=15, sleepTime=1000 MILLISECONDS)
2021-12-01 05:34:10,111 [EndpointStateMachine task thread for /127.0.0.1:14529 - 0 ] INFO  ipc.Client (Client.java:handleConnectionFailure(977)) - Retrying connect to server: localhost/127.0.0.1:14529. Already tried 2 time(s); retry policy is RetryUpToMaximumCountWithFixedSleep(maxRetries=15, sleepTime=1000 MILLISECONDS)
2021-12-01 05:34:11,114 [EndpointStateMachine task thread for /127.0.0.1:14539 - 0 ] INFO  ipc.Client (Client.java:handleConnectionFailure(977)) - Retrying connect to server: localhost/127.0.0.1:14539. Already tried 3 time(s); retry policy is RetryUpToMaximumCountWithFixedSleep(maxRetries=15, sleepTime=1000 MILLISECONDS)
2021-12-01 05:34:11,114 [EndpointStateMachine task thread for /127.0.0.1:14549 - 0 ] INFO  ipc.Client (Client.java:handleConnectionFailure(977)) - Retrying connect to server: localhost/127.0.0.1:14549. Already tried 3 time(s); retry policy is RetryUpToMaximumCountWithFixedSleep(maxRetries=15, sleepTime=1000 MILLISECONDS)
2021-12-01 05:34:11,114 [EndpointStateMachine task thread for /127.0.0.1:14529 - 0 ] INFO  ipc.Client (Client.java:handleConnectionFailure(977)) - Retrying connect to server: localhost/127.0.0.1:14529. Already tried 3 time(s); retry policy is RetryUpToMaximumCountWithFixedSleep(maxRetries=15, sleepTime=1000 MILLISECONDS)
2021-12-01 05:34:11,476 [Datanode State Machine Daemon Thread] ERROR datanode.RunningDatanodeState (RunningDatanodeState.java:computeNextContainerState(199)) - Error in executing end point task.
java.util.concurrent.ExecutionException: java.util.concurrent.TimeoutException
	at java.util.concurrent.FutureTask.report(FutureTask.java:122)
	at java.util.concurrent.FutureTask.get(FutureTask.java:192)
	at org.apache.hadoop.ozone.container.common.states.datanode.RunningDatanodeState.computeNextContainerState(RunningDatanodeState.java:191)
	at org.apache.hadoop.ozone.container.common.states.datanode.RunningDatanodeState.await(RunningDatanodeState.java:231)
	at org.apache.hadoop.ozone.container.common.states.datanode.RunningDatanodeState.await(RunningDatanodeState.java:50)
	at org.apache.hadoop.ozone.container.common.statemachine.StateContext.execute(StateContext.java:633)
	at org.apache.hadoop.ozone.container.common.statemachine.DatanodeStateMachine.start(DatanodeStateMachine.java:280)
	at org.apache.hadoop.ozone.container.common.statemachine.DatanodeStateMachine.lambda$startDaemon$0(DatanodeStateMachine.java:468)
	at java.lang.Thread.run(Thread.java:748)
Caused by: java.util.concurrent.TimeoutException
	at java.util.concurrent.FutureTask.get(FutureTask.java:205)
	at org.apache.hadoop.ozone.container.common.states.datanode.RunningDatanodeState.lambda$execute$0(RunningDatanodeState.java:149)
	at java.util.concurrent.FutureTask.run(FutureTask.java:266)
	at java.util.concurrent.Executors$RunnableAdapter.call(Executors.java:511)
	at java.util.concurrent.FutureTask.run(FutureTask.java:266)
	at java.util.concurrent.ThreadPoolExecutor.runWorker(ThreadPoolExecutor.java:1149)
	at java.util.concurrent.ThreadPoolExecutor$Worker.run(ThreadPoolExecutor.java:624)
	... 1 more
2021-12-01 05:34:11,837 [Datanode State Machine Daemon Thread] ERROR datanode.RunningDatanodeState (RunningDatanodeState.java:computeNextContainerState(199)) - Error in executing end point task.
java.util.concurrent.ExecutionException: java.util.concurrent.TimeoutException
	at java.util.concurrent.FutureTask.report(FutureTask.java:122)
	at java.util.concurrent.FutureTask.get(FutureTask.java:192)
	at org.apache.hadoop.ozone.container.common.states.datanode.RunningDatanodeState.computeNextContainerState(RunningDatanodeState.java:191)
	at org.apache.hadoop.ozone.container.common.states.datanode.RunningDatanodeState.await(RunningDatanodeState.java:231)
	at org.apache.hadoop.ozone.container.common.states.datanode.RunningDatanodeState.await(RunningDatanodeState.java:50)
	at org.apache.hadoop.ozone.container.common.statemachine.StateContext.execute(StateContext.java:633)
	at org.apache.hadoop.ozone.container.common.statemachine.DatanodeStateMachine.start(DatanodeStateMachine.java:280)
	at org.apache.hadoop.ozone.container.common.statemachine.DatanodeStateMachine.lambda$startDaemon$0(DatanodeStateMachine.java:468)
	at java.lang.Thread.run(Thread.java:748)
Caused by: java.util.concurrent.TimeoutException
	at java.util.concurrent.FutureTask.get(FutureTask.java:205)
	at org.apache.hadoop.ozone.container.common.states.datanode.RunningDatanodeState.lambda$execute$0(RunningDatanodeState.java:149)
	at java.util.concurrent.FutureTask.run(FutureTask.java:266)
	at java.util.concurrent.Executors$RunnableAdapter.call(Executors.java:511)
	at java.util.concurrent.FutureTask.run(FutureTask.java:266)
	at java.util.concurrent.ThreadPoolExecutor.runWorker(ThreadPoolExecutor.java:1149)
	at java.util.concurrent.ThreadPoolExecutor$Worker.run(ThreadPoolExecutor.java:624)
	... 1 more
2021-12-01 05:34:12,114 [EndpointStateMachine task thread for /127.0.0.1:14539 - 0 ] INFO  ipc.Client (Client.java:handleConnectionFailure(977)) - Retrying connect to server: localhost/127.0.0.1:14539. Already tried 4 time(s); retry policy is RetryUpToMaximumCountWithFixedSleep(maxRetries=15, sleepTime=1000 MILLISECONDS)
2021-12-01 05:34:12,114 [EndpointStateMachine task thread for /127.0.0.1:14549 - 0 ] INFO  ipc.Client (Client.java:handleConnectionFailure(977)) - Retrying connect to server: localhost/127.0.0.1:14549. Already tried 4 time(s); retry policy is RetryUpToMaximumCountWithFixedSleep(maxRetries=15, sleepTime=1000 MILLISECONDS)
2021-12-01 05:34:12,115 [EndpointStateMachine task thread for /127.0.0.1:14529 - 0 ] INFO  ipc.Client (Client.java:handleConnectionFailure(977)) - Retrying connect to server: localhost/127.0.0.1:14529. Already tried 4 time(s); retry policy is RetryUpToMaximumCountWithFixedSleep(maxRetries=15, sleepTime=1000 MILLISECONDS)
2021-12-01 05:34:12,840 [Datanode State Machine Daemon Thread] ERROR datanode.RunningDatanodeState (RunningDatanodeState.java:computeNextContainerState(199)) - Error in executing end point task.
java.util.concurrent.ExecutionException: java.util.concurrent.TimeoutException
	at java.util.concurrent.FutureTask.report(FutureTask.java:122)
	at java.util.concurrent.FutureTask.get(FutureTask.java:192)
	at org.apache.hadoop.ozone.container.common.states.datanode.RunningDatanodeState.computeNextContainerState(RunningDatanodeState.java:191)
	at org.apache.hadoop.ozone.container.common.states.datanode.RunningDatanodeState.await(RunningDatanodeState.java:231)
	at org.apache.hadoop.ozone.container.common.states.datanode.RunningDatanodeState.await(RunningDatanodeState.java:50)
	at org.apache.hadoop.ozone.container.common.statemachine.StateContext.execute(StateContext.java:633)
	at org.apache.hadoop.ozone.container.common.statemachine.DatanodeStateMachine.start(DatanodeStateMachine.java:280)
	at org.apache.hadoop.ozone.container.common.statemachine.DatanodeStateMachine.lambda$startDaemon$0(DatanodeStateMachine.java:468)
	at java.lang.Thread.run(Thread.java:748)
Caused by: java.util.concurrent.TimeoutException
	at java.util.concurrent.FutureTask.get(FutureTask.java:205)
	at org.apache.hadoop.ozone.container.common.states.datanode.RunningDatanodeState.lambda$execute$0(RunningDatanodeState.java:149)
	at java.util.concurrent.FutureTask.run(FutureTask.java:266)
	at java.util.concurrent.Executors$RunnableAdapter.call(Executors.java:511)
	at java.util.concurrent.FutureTask.run(FutureTask.java:266)
	at java.util.concurrent.ThreadPoolExecutor.runWorker(ThreadPoolExecutor.java:1149)
	at java.util.concurrent.ThreadPoolExecutor$Worker.run(ThreadPoolExecutor.java:624)
	... 1 more
2021-12-01 05:34:13,115 [EndpointStateMachine task thread for /127.0.0.1:14539 - 0 ] INFO  ipc.Client (Client.java:handleConnectionFailure(977)) - Retrying connect to server: localhost/127.0.0.1:14539. Already tried 5 time(s); retry policy is RetryUpToMaximumCountWithFixedSleep(maxRetries=15, sleepTime=1000 MILLISECONDS)
2021-12-01 05:34:13,115 [EndpointStateMachine task thread for /127.0.0.1:14549 - 0 ] INFO  ipc.Client (Client.java:handleConnectionFailure(977)) - Retrying connect to server: localhost/127.0.0.1:14549. Already tried 5 time(s); retry policy is RetryUpToMaximumCountWithFixedSleep(maxRetries=15, sleepTime=1000 MILLISECONDS)
2021-12-01 05:34:13,115 [EndpointStateMachine task thread for /127.0.0.1:14529 - 0 ] INFO  ipc.Client (Client.java:handleConnectionFailure(977)) - Retrying connect to server: localhost/127.0.0.1:14529. Already tried 5 time(s); retry policy is RetryUpToMaximumCountWithFixedSleep(maxRetries=15, sleepTime=1000 MILLISECONDS)
2021-12-01 05:34:14,115 [EndpointStateMachine task thread for /127.0.0.1:14539 - 0 ] INFO  ipc.Client (Client.java:handleConnectionFailure(977)) - Retrying connect to server: localhost/127.0.0.1:14539. Already tried 6 time(s); retry policy is RetryUpToMaximumCountWithFixedSleep(maxRetries=15, sleepTime=1000 MILLISECONDS)
2021-12-01 05:34:14,115 [EndpointStateMachine task thread for /127.0.0.1:14549 - 0 ] INFO  ipc.Client (Client.java:handleConnectionFailure(977)) - Retrying connect to server: localhost/127.0.0.1:14549. Already tried 6 time(s); retry policy is RetryUpToMaximumCountWithFixedSleep(maxRetries=15, sleepTime=1000 MILLISECONDS)
2021-12-01 05:34:14,116 [EndpointStateMachine task thread for /127.0.0.1:14529 - 0 ] INFO  ipc.Client (Client.java:handleConnectionFailure(977)) - Retrying connect to server: localhost/127.0.0.1:14529. Already tried 6 time(s); retry policy is RetryUpToMaximumCountWithFixedSleep(maxRetries=15, sleepTime=1000 MILLISECONDS)
2021-12-01 05:34:14,479 [Datanode State Machine Daemon Thread] ERROR datanode.RunningDatanodeState (RunningDatanodeState.java:computeNextContainerState(199)) - Error in executing end point task.
java.util.concurrent.ExecutionException: java.util.concurrent.TimeoutException
	at java.util.concurrent.FutureTask.report(FutureTask.java:122)
	at java.util.concurrent.FutureTask.get(FutureTask.java:192)
	at org.apache.hadoop.ozone.container.common.states.datanode.RunningDatanodeState.computeNextContainerState(RunningDatanodeState.java:191)
	at org.apache.hadoop.ozone.container.common.states.datanode.RunningDatanodeState.await(RunningDatanodeState.java:231)
	at org.apache.hadoop.ozone.container.common.states.datanode.RunningDatanodeState.await(RunningDatanodeState.java:50)
	at org.apache.hadoop.ozone.container.common.statemachine.StateContext.execute(StateContext.java:633)
	at org.apache.hadoop.ozone.container.common.statemachine.DatanodeStateMachine.start(DatanodeStateMachine.java:280)
	at org.apache.hadoop.ozone.container.common.statemachine.DatanodeStateMachine.lambda$startDaemon$0(DatanodeStateMachine.java:468)
	at java.lang.Thread.run(Thread.java:748)
Caused by: java.util.concurrent.TimeoutException
	at java.util.concurrent.FutureTask.get(FutureTask.java:205)
	at org.apache.hadoop.ozone.container.common.states.datanode.RunningDatanodeState.lambda$execute$0(RunningDatanodeState.java:149)
	at java.util.concurrent.FutureTask.run(FutureTask.java:266)
	at java.util.concurrent.Executors$RunnableAdapter.call(Executors.java:511)
	at java.util.concurrent.FutureTask.run(FutureTask.java:266)
	at java.util.concurrent.ThreadPoolExecutor.runWorker(ThreadPoolExecutor.java:1149)
	at java.util.concurrent.ThreadPoolExecutor$Worker.run(ThreadPoolExecutor.java:624)
	... 1 more
2021-12-01 05:34:14,549 [3049a9d5-7c8a-485e-b9b8-96288700cc55@group-1F8C02111A4F-LeaderStateImpl] INFO  server.RaftServer$Division (ServerState.java:setRaftConf(387)) - 3049a9d5-7c8a-485e-b9b8-96288700cc55@group-1F8C02111A4F: set configuration 25: [d9fd8670-dda0-4698-9e6d-057ae1a4980a|rpc:localhost:14738|priority:0, 217d9b70-301a-4977-a69d-31477f551bd1|rpc:localhost:14748|priority:0, 3049a9d5-7c8a-485e-b9b8-96288700cc55|rpc:localhost:14728|admin:|client:|dataStream:|priority:0], old=[d9fd8670-dda0-4698-9e6d-057ae1a4980a|rpc:localhost:14738|priority:0, 3049a9d5-7c8a-485e-b9b8-96288700cc55|rpc:localhost:14728|admin:|client:|dataStream:|priority:0]
2021-12-01 05:34:14,552 [grpc-default-executor-5] INFO  server.RaftServer$Division (ServerState.java:setRaftConf(387)) - d9fd8670-dda0-4698-9e6d-057ae1a4980a@group-1F8C02111A4F: set configuration 25: [d9fd8670-dda0-4698-9e6d-057ae1a4980a|rpc:localhost:14738|admin:|client:|dataStream:|priority:0, 217d9b70-301a-4977-a69d-31477f551bd1|rpc:localhost:14748|admin:|client:|dataStream:|priority:0, 3049a9d5-7c8a-485e-b9b8-96288700cc55|rpc:localhost:14728|admin:|client:|dataStream:|priority:0], old=[d9fd8670-dda0-4698-9e6d-057ae1a4980a|rpc:localhost:14738|admin:|client:|dataStream:|priority:0, 3049a9d5-7c8a-485e-b9b8-96288700cc55|rpc:localhost:14728|admin:|client:|dataStream:|priority:0]
2021-12-01 05:34:14,563 [grpc-default-executor-1] INFO  server.RaftServer$Division (ServerState.java:setRaftConf(387)) - 217d9b70-301a-4977-a69d-31477f551bd1@group-1F8C02111A4F: set configuration 25: [d9fd8670-dda0-4698-9e6d-057ae1a4980a|rpc:localhost:14738|admin:|client:|dataStream:|priority:0, 217d9b70-301a-4977-a69d-31477f551bd1|rpc:localhost:14748|admin:|client:|dataStream:|priority:0, 3049a9d5-7c8a-485e-b9b8-96288700cc55|rpc:localhost:14728|admin:|client:|dataStream:|priority:0], old=[d9fd8670-dda0-4698-9e6d-057ae1a4980a|rpc:localhost:14738|admin:|client:|dataStream:|priority:0, 3049a9d5-7c8a-485e-b9b8-96288700cc55|rpc:localhost:14728|admin:|client:|dataStream:|priority:0]
2021-12-01 05:34:14,563 [grpc-default-executor-1] INFO  segmented.SegmentedRaftLogWorker (SegmentedRaftLogWorker.java:startLogSegment(394)) - 217d9b70-301a-4977-a69d-31477f551bd1@group-1F8C02111A4F-SegmentedRaftLogWorker: Starting segment from index:25
2021-12-01 05:34:14,569 [217d9b70-301a-4977-a69d-31477f551bd1@group-1F8C02111A4F-SegmentedRaftLogWorker] INFO  segmented.SegmentedRaftLogWorker (SegmentedRaftLogWorker.java:execute(601)) - 217d9b70-301a-4977-a69d-31477f551bd1@group-1F8C02111A4F-SegmentedRaftLogWorker: created new log segment /home/runner/work/ozone/ozone/hadoop-ozone/integration-test/target/test-dir/MiniOzoneClusterImpl-18ff7c11-c606-42f1-8c5c-1f8c02111a4f/scmNode-3/scm-ha/18ff7c11-c606-42f1-8c5c-1f8c02111a4f/current/log_inprogress_25
2021-12-01 05:34:14,569 [3049a9d5-7c8a-485e-b9b8-96288700cc55@group-1F8C02111A4F-StateMachineUpdater] INFO  ha.SCMStateMachine (SCMStateMachine.java:takeSnapshot(297)) - Current Snapshot Index 25, takeSnapshot took 0 ms
2021-12-01 05:34:14,569 [3049a9d5-7c8a-485e-b9b8-96288700cc55@group-1F8C02111A4F-StateMachineUpdater] INFO  impl.StateMachineUpdater (StateMachineUpdater.java:takeSnapshot(281)) - 3049a9d5-7c8a-485e-b9b8-96288700cc55@group-1F8C02111A4F-StateMachineUpdater: Took a snapshot at index 25
2021-12-01 05:34:14,569 [3049a9d5-7c8a-485e-b9b8-96288700cc55@group-1F8C02111A4F-StateMachineUpdater] INFO  impl.StateMachineUpdater (StateMachineUpdater.java:lambda$new$0(89)) - 3049a9d5-7c8a-485e-b9b8-96288700cc55@group-1F8C02111A4F-StateMachineUpdater: snapshotIndex: updateIncreasingly 20 -> 25
2021-12-01 05:34:14,570 [3049a9d5-7c8a-485e-b9b8-96288700cc55@group-1F8C02111A4F-StateMachineUpdater] INFO  raftlog.RaftLog (RaftLogBase.java:purge(306)) - 3049a9d5-7c8a-485e-b9b8-96288700cc55@group-1F8C02111A4F-SegmentedRaftLog: purge 25
2021-12-01 05:34:14,571 [3049a9d5-7c8a-485e-b9b8-96288700cc55@group-1F8C02111A4F-StateMachineUpdater] INFO  raftlog.RaftLog (RaftLogBase.java:lambda$new$0(53)) - 3049a9d5-7c8a-485e-b9b8-96288700cc55@group-1F8C02111A4F-SegmentedRaftLog: snapshotIndex: updateIncreasingly 20 -> 25
2021-12-01 05:34:14,571 [3049a9d5-7c8a-485e-b9b8-96288700cc55@group-1F8C02111A4F-StateMachineUpdater] INFO  raftlog.RaftLog (RaftLogBase.java:lambda$new$0(53)) - 3049a9d5-7c8a-485e-b9b8-96288700cc55@group-1F8C02111A4F-SegmentedRaftLog: purgeIndex: updateToMax old=20, new=25, updated? true
2021-12-01 05:34:14,571 [3049a9d5-7c8a-485e-b9b8-96288700cc55@group-1F8C02111A4F-LeaderStateImpl] INFO  server.RaftServer$Division (ServerState.java:setRaftConf(387)) - 3049a9d5-7c8a-485e-b9b8-96288700cc55@group-1F8C02111A4F: set configuration 27: [d9fd8670-dda0-4698-9e6d-057ae1a4980a|rpc:localhost:14738|priority:0, 217d9b70-301a-4977-a69d-31477f551bd1|rpc:localhost:14748|priority:0, 3049a9d5-7c8a-485e-b9b8-96288700cc55|rpc:localhost:14728|admin:|client:|dataStream:|priority:0], old=null
2021-12-01 05:34:14,572 [grpc-default-executor-5] INFO  server.RaftServer$Division (ServerState.java:setRaftConf(387)) - 217d9b70-301a-4977-a69d-31477f551bd1@group-1F8C02111A4F: set configuration 27: [d9fd8670-dda0-4698-9e6d-057ae1a4980a|rpc:localhost:14738|admin:|client:|dataStream:|priority:0, 217d9b70-301a-4977-a69d-31477f551bd1|rpc:localhost:14748|admin:|client:|dataStream:|priority:0, 3049a9d5-7c8a-485e-b9b8-96288700cc55|rpc:localhost:14728|admin:|client:|dataStream:|priority:0], old=null
2021-12-01 05:34:14,573 [grpc-default-executor-1] INFO  server.RaftServer$Division (ServerState.java:setRaftConf(387)) - d9fd8670-dda0-4698-9e6d-057ae1a4980a@group-1F8C02111A4F: set configuration 27: [d9fd8670-dda0-4698-9e6d-057ae1a4980a|rpc:localhost:14738|admin:|client:|dataStream:|priority:0, 217d9b70-301a-4977-a69d-31477f551bd1|rpc:localhost:14748|admin:|client:|dataStream:|priority:0, 3049a9d5-7c8a-485e-b9b8-96288700cc55|rpc:localhost:14728|admin:|client:|dataStream:|priority:0], old=null
2021-12-01 05:34:14,582 [217d9b70-301a-4977-a69d-31477f551bd1@group-1F8C02111A4F-StateMachineUpdater] INFO  safemode.HealthyPipelineSafeModeRule (HealthyPipelineSafeModeRule.java:initializeRule(152)) - Refreshed total pipeline count is 1, healthy pipeline threshold count is 1
2021-12-01 05:34:14,583 [217d9b70-301a-4977-a69d-31477f551bd1@group-1F8C02111A4F-StateMachineUpdater] INFO  safemode.ContainerSafeModeRule (ContainerSafeModeRule.java:reInitializeRule(177)) - Refreshed one replica container threshold 0, currentThreshold 0
2021-12-01 05:34:14,583 [217d9b70-301a-4977-a69d-31477f551bd1@group-1F8C02111A4F-StateMachineUpdater] INFO  safemode.OneReplicaPipelineSafeModeRule (OneReplicaPipelineSafeModeRule.java:initializeRule(176)) - Refreshed Total pipeline count is 1, pipeline's with at least one datanode reported threshold count is 1
2021-12-01 05:34:14,583 [217d9b70-301a-4977-a69d-31477f551bd1@group-1F8C02111A4F-StateMachineUpdater] INFO  server.SCMDatanodeProtocolServer (SCMDatanodeProtocolServer.java:start(181)) - RPC server for DataNodes is listening at /0.0.0.0:14749
2021-12-01 05:34:14,594 [IPC Server listener on 14749] INFO  ipc.Server (Server.java:run(1344)) - IPC Server listener on 14749: starting
2021-12-01 05:34:14,603 [IPC Server handler 2 on default port 14730] INFO  ha.SCMRatisServerImpl (SCMRatisServerImpl.java:addSCM(302)) - Successfully added new SCM: 217d9b70-301a-4977-a69d-31477f551bd1.
2021-12-01 05:34:14,603 [Listener at 127.0.0.1/11600] INFO  ha.SCMHAManagerImpl (SCMHAManagerImpl.java:start(116)) - Successfully added SCM scmNode-3 to group group-1F8C02111A4F:[d9fd8670-dda0-4698-9e6d-057ae1a4980a|rpc:localhost:14738|admin:|client:|dataStream:|priority:0, 217d9b70-301a-4977-a69d-31477f551bd1|rpc:localhost:14748|admin:|client:|dataStream:|priority:0, 3049a9d5-7c8a-485e-b9b8-96288700cc55|rpc:localhost:14728|admin:|client:|dataStream:|priority:0]
2021-12-01 05:34:14,604 [Listener at 127.0.0.1/11600] INFO  ha.InterSCMGrpcService (InterSCMGrpcProtocolService.java:start(94)) - Starting SCM Grpc Service at port 14752
2021-12-01 05:34:14,604 [IPC Server handler 0 on default port 14749] INFO  ipc.Server (Server.java:run(1026)) - IPC Server handler 0 on default port 14749: skipped Call#229 Retry#0 org.apache.hadoop.ozone.protocol.StorageContainerDatanodeProtocol.submitRequest from 127.0.0.1:33678
2021-12-01 05:34:14,604 [IPC Server handler 0 on default port 14749] INFO  ipc.Server (Server.java:run(1026)) - IPC Server handler 0 on default port 14749: skipped Call#252 Retry#0 org.apache.hadoop.ozone.protocol.StorageContainerDatanodeProtocol.submitRequest from 127.0.0.1:33716
2021-12-01 05:34:14,604 [IPC Server handler 0 on default port 14749] INFO  ipc.Server (Server.java:run(1026)) - IPC Server handler 0 on default port 14749: skipped Call#232 Retry#0 org.apache.hadoop.ozone.protocol.StorageContainerDatanodeProtocol.submitRequest from 127.0.0.1:33678
2021-12-01 05:34:14,604 [IPC Server handler 0 on default port 14749] INFO  ipc.Server (Server.java:run(1026)) - IPC Server handler 0 on default port 14749: skipped Call#254 Retry#0 org.apache.hadoop.ozone.protocol.StorageContainerDatanodeProtocol.submitRequest from 127.0.0.1:33716
2021-12-01 05:34:14,604 [IPC Server handler 0 on default port 14749] INFO  ipc.Server (Server.java:run(1026)) - IPC Server handler 0 on default port 14749: skipped Call#235 Retry#0 org.apache.hadoop.ozone.protocol.StorageContainerDatanodeProtocol.submitRequest from 127.0.0.1:33678
2021-12-01 05:34:14,604 [IPC Server handler 0 on default port 14749] INFO  ipc.Server (Server.java:run(1026)) - IPC Server handler 0 on default port 14749: skipped Call#253 Retry#0 org.apache.hadoop.ozone.protocol.StorageContainerDatanodeProtocol.submitRequest from 127.0.0.1:33716
2021-12-01 05:34:14,605 [Listener at 127.0.0.1/11600] INFO  impl.MetricsSystemImpl (MetricsSystemImpl.java:init(158)) - StorageContainerManager metrics system started (again)
2021-12-01 05:34:14,610 [IPC Server Responder] INFO  ipc.Server (Server.java:run(1507)) - IPC Server Responder: starting
2021-12-01 05:34:14,613 [71abcc26-9029-4fbf-a56a-b89502f0dfdb@group-9BDD03F14CCC-FollowerState] INFO  impl.FollowerState (FollowerState.java:run(134)) - 71abcc26-9029-4fbf-a56a-b89502f0dfdb@group-9BDD03F14CCC-FollowerState: change to CANDIDATE, lastRpcElapsedTime:5119100869ns, electionTimeout:5103ms
2021-12-01 05:34:14,613 [71abcc26-9029-4fbf-a56a-b89502f0dfdb@group-9BDD03F14CCC-FollowerState] INFO  impl.RoleInfo (RoleInfo.java:shutdownFollowerState(108)) - 71abcc26-9029-4fbf-a56a-b89502f0dfdb: shutdown 71abcc26-9029-4fbf-a56a-b89502f0dfdb@group-9BDD03F14CCC-FollowerState
2021-12-01 05:34:14,613 [71abcc26-9029-4fbf-a56a-b89502f0dfdb@group-9BDD03F14CCC-FollowerState] INFO  server.RaftServer$Division (RaftServerImpl.java:setRole(290)) - 71abcc26-9029-4fbf-a56a-b89502f0dfdb@group-9BDD03F14CCC: changes role from  FOLLOWER to CANDIDATE at term 1 for changeToCandidate
2021-12-01 05:34:14,625 [IPC Server handler 12 on default port 14749] INFO  ipc.Server (Server.java:run(1026)) - IPC Server handler 12 on default port 14749: skipped Call#300 Retry#0 org.apache.hadoop.ozone.protocol.StorageContainerDatanodeProtocol.submitRequest from 127.0.0.1:33772
2021-12-01 05:34:14,625 [IPC Server handler 13 on default port 14749] INFO  ipc.Server (Server.java:run(1026)) - IPC Server handler 13 on default port 14749: skipped Call#299 Retry#0 org.apache.hadoop.ozone.protocol.StorageContainerDatanodeProtocol.submitRequest from 127.0.0.1:33772
2021-12-01 05:34:14,630 [da0cd28a-5297-4f90-8c80-70339634350f@group-9BDD03F14CCC-FollowerState] INFO  impl.FollowerState (FollowerState.java:run(134)) - da0cd28a-5297-4f90-8c80-70339634350f@group-9BDD03F14CCC-FollowerState: change to CANDIDATE, lastRpcElapsedTime:5116675753ns, electionTimeout:5085ms
2021-12-01 05:34:14,630 [da0cd28a-5297-4f90-8c80-70339634350f@group-9BDD03F14CCC-FollowerState] INFO  impl.RoleInfo (RoleInfo.java:shutdownFollowerState(108)) - da0cd28a-5297-4f90-8c80-70339634350f: shutdown da0cd28a-5297-4f90-8c80-70339634350f@group-9BDD03F14CCC-FollowerState
2021-12-01 05:34:14,630 [da0cd28a-5297-4f90-8c80-70339634350f@group-9BDD03F14CCC-FollowerState] INFO  server.RaftServer$Division (RaftServerImpl.java:setRole(290)) - da0cd28a-5297-4f90-8c80-70339634350f@group-9BDD03F14CCC: changes role from  FOLLOWER to CANDIDATE at term 1 for changeToCandidate
2021-12-01 05:34:14,630 [da0cd28a-5297-4f90-8c80-70339634350f@group-9BDD03F14CCC-FollowerState] INFO  server.RaftServerConfigKeys (ConfUtils.java:logGet(44)) - raft.server.leaderelection.pre-vote = false (custom)
2021-12-01 05:34:14,630 [da0cd28a-5297-4f90-8c80-70339634350f@group-9BDD03F14CCC-FollowerState] INFO  impl.RoleInfo (RoleInfo.java:updateAndGet(130)) - da0cd28a-5297-4f90-8c80-70339634350f: start da0cd28a-5297-4f90-8c80-70339634350f@group-9BDD03F14CCC-LeaderElection28
2021-12-01 05:34:14,651 [IPC Server handler 3 on default port 14749] INFO  ipc.Server (Server.java:run(1026)) - IPC Server handler 3 on default port 14749: skipped Call#298 Retry#0 org.apache.hadoop.ozone.protocol.StorageContainerDatanodeProtocol.submitRequest from 127.0.0.1:33772
2021-12-01 05:34:14,652 [EndpointStateMachine task thread for /127.0.0.1:14749 - 0 ] INFO  ozoneimpl.OzoneContainer (OzoneContainer.java:start(300)) - Ignore. OzoneContainer already started.
2021-12-01 05:34:14,653 [Listener at 127.0.0.1/11600] INFO  server.SCMClientProtocolServer (SCMClientProtocolServer.java:start(164)) - RPC server for Client  is listening at /0.0.0.0:14751
2021-12-01 05:34:14,653 [IPC Server Responder] INFO  ipc.Server (Server.java:run(1507)) - IPC Server Responder: starting
2021-12-01 05:34:14,653 [IPC Server listener on 14751] INFO  ipc.Server (Server.java:run(1344)) - IPC Server listener on 14751: starting
2021-12-01 05:34:14,658 [Listener at 127.0.0.1/11600] INFO  server.StorageContainerManager (StorageContainerManager.java:start(1318)) - ScmBlockLocationProtocol RPC server is listening at /0.0.0.0:14750
2021-12-01 05:34:14,658 [Listener at 127.0.0.1/11600] INFO  server.SCMBlockProtocolServer (SCMBlockProtocolServer.java:start(151)) - RPC server for Block Protocol is listening at /0.0.0.0:14750
2021-12-01 05:34:14,658 [IPC Server Responder] INFO  ipc.Server (Server.java:run(1507)) - IPC Server Responder: starting
2021-12-01 05:34:14,658 [IPC Server listener on 14750] INFO  ipc.Server (Server.java:run(1344)) - IPC Server listener on 14750: starting
2021-12-01 05:34:14,660 [Listener at 127.0.0.1/11600] INFO  server.StorageContainerManager (StorageContainerManager.java:start(1324)) - ScmDatanodeProtocl RPC server is listening at /0.0.0.0:14749
2021-12-01 05:34:14,661 [org.apache.hadoop.util.JvmPauseMonitor$Monitor@6e145703] INFO  util.JvmPauseMonitor (JvmPauseMonitor.java:run(188)) - Starting JVM pause monitor
2021-12-01 05:34:14,669 [Listener at 127.0.0.1/11600] INFO  http.BaseHttpServer (BaseHttpServer.java:newHttpServer2BuilderForOzone(209)) - Starting Web-server for scm at: http://0.0.0.0:14746
2021-12-01 05:34:14,669 [Listener at 127.0.0.1/11600] INFO  http.BaseHttpServer (BaseHttpServer.java:<init>(107)) - Hadoop Security Enabled: false Ozone Security Enabled: false Ozone HTTP Security Enabled: false 
2021-12-01 05:34:14,670 [Listener at 127.0.0.1/11600] INFO  server.AuthenticationFilter (AuthenticationFilter.java:constructSecretProvider(240)) - Unable to initialize FileSignerSecretProvider, falling back to use random secrets.
2021-12-01 05:34:14,673 [da0cd28a-5297-4f90-8c80-70339634350f@group-9BDD03F14CCC-LeaderElection28] INFO  impl.LeaderElection (LeaderElection.java:askForVotes(306)) - da0cd28a-5297-4f90-8c80-70339634350f@group-9BDD03F14CCC-LeaderElection28 ELECTION round 0: submit vote requests at term 2 for -1: [da0cd28a-5297-4f90-8c80-70339634350f|rpc:127.0.0.1:45281|priority:1, 71abcc26-9029-4fbf-a56a-b89502f0dfdb|rpc:127.0.0.1:40523|priority:0, 50760388-b69f-4e6a-8619-7c3b28224d8a|rpc:127.0.0.1:41785|priority:0], old=null
2021-12-01 05:34:14,687 [EndpointStateMachine task thread for /127.0.0.1:14749 - 0 ] INFO  ozoneimpl.OzoneContainer (OzoneContainer.java:start(300)) - Ignore. OzoneContainer already started.
2021-12-01 05:34:14,687 [EndpointStateMachine task thread for /127.0.0.1:14749 - 0 ] INFO  ozoneimpl.OzoneContainer (OzoneContainer.java:start(300)) - Ignore. OzoneContainer already started.
2021-12-01 05:34:14,689 [50760388-b69f-4e6a-8619-7c3b28224d8a@group-9BDD03F14CCC-FollowerState] INFO  impl.FollowerState (FollowerState.java:run(134)) - 50760388-b69f-4e6a-8619-7c3b28224d8a@group-9BDD03F14CCC-FollowerState: change to CANDIDATE, lastRpcElapsedTime:5171992024ns, electionTimeout:5169ms
2021-12-01 05:34:14,689 [50760388-b69f-4e6a-8619-7c3b28224d8a@group-9BDD03F14CCC-FollowerState] INFO  impl.RoleInfo (RoleInfo.java:shutdownFollowerState(108)) - 50760388-b69f-4e6a-8619-7c3b28224d8a: shutdown 50760388-b69f-4e6a-8619-7c3b28224d8a@group-9BDD03F14CCC-FollowerState
2021-12-01 05:34:14,689 [50760388-b69f-4e6a-8619-7c3b28224d8a@group-9BDD03F14CCC-FollowerState] INFO  server.RaftServer$Division (RaftServerImpl.java:setRole(290)) - 50760388-b69f-4e6a-8619-7c3b28224d8a@group-9BDD03F14CCC: changes role from  FOLLOWER to CANDIDATE at term 1 for changeToCandidate
2021-12-01 05:34:14,692 [Listener at 127.0.0.1/11600] WARN  http.HttpRequestLog (HttpRequestLog.java:getRequestLog(103)) - Jetty request log can only be enabled using Log4j
2021-12-01 05:34:14,693 [Listener at 127.0.0.1/11600] INFO  http.HttpServer2 (HttpServer2.java:addGlobalFilter(1030)) - Added global filter 'safety' (class=org.apache.hadoop.hdds.server.http.HttpServer2$QuotingInputFilter)
2021-12-01 05:34:14,694 [Listener at 127.0.0.1/11600] INFO  http.HttpServer2 (HttpServer2.java:addFilter(1006)) - Added filter static_user_filter (class=org.apache.hadoop.http.lib.StaticUserWebFilter$StaticUserFilter) to context scm
2021-12-01 05:34:14,694 [Listener at 127.0.0.1/11600] INFO  http.HttpServer2 (HttpServer2.java:addFilter(1014)) - Added filter static_user_filter (class=org.apache.hadoop.http.lib.StaticUserWebFilter$StaticUserFilter) to context logs
2021-12-01 05:34:14,694 [Listener at 127.0.0.1/11600] INFO  http.HttpServer2 (HttpServer2.java:addFilter(1014)) - Added filter static_user_filter (class=org.apache.hadoop.http.lib.StaticUserWebFilter$StaticUserFilter) to context static
2021-12-01 05:34:14,694 [Listener at 127.0.0.1/11600] INFO  http.HttpServer2 (HttpServer2.java:bindListener(1249)) - Jetty bound to port 14746
2021-12-01 05:34:14,694 [Listener at 127.0.0.1/11600] INFO  server.Server (Server.java:doStart(375)) - jetty-9.4.43.v20210629; built: 2021-06-30T11:07:22.254Z; git: 526006ecfa3af7f1a27ef3a288e2bef7ea9dd7e8; jvm 1.8.0_292-b10
2021-12-01 05:34:14,698 [71abcc26-9029-4fbf-a56a-b89502f0dfdb@group-9BDD03F14CCC-FollowerState] INFO  server.RaftServerConfigKeys (ConfUtils.java:logGet(44)) - raft.server.leaderelection.pre-vote = false (custom)
2021-12-01 05:34:14,698 [50760388-b69f-4e6a-8619-7c3b28224d8a@group-9BDD03F14CCC-FollowerState] INFO  server.RaftServerConfigKeys (ConfUtils.java:logGet(44)) - raft.server.leaderelection.pre-vote = false (custom)
2021-12-01 05:34:14,703 [50760388-b69f-4e6a-8619-7c3b28224d8a@group-9BDD03F14CCC-FollowerState] INFO  impl.RoleInfo (RoleInfo.java:updateAndGet(130)) - 50760388-b69f-4e6a-8619-7c3b28224d8a: start 50760388-b69f-4e6a-8619-7c3b28224d8a@group-9BDD03F14CCC-LeaderElection29
2021-12-01 05:34:14,698 [71abcc26-9029-4fbf-a56a-b89502f0dfdb@group-9BDD03F14CCC-FollowerState] INFO  impl.RoleInfo (RoleInfo.java:updateAndGet(130)) - 71abcc26-9029-4fbf-a56a-b89502f0dfdb: start 71abcc26-9029-4fbf-a56a-b89502f0dfdb@group-9BDD03F14CCC-LeaderElection27
2021-12-01 05:34:14,705 [Listener at 127.0.0.1/11600] INFO  server.session (DefaultSessionIdManager.java:doStart(334)) - DefaultSessionIdManager workerName=node0
2021-12-01 05:34:14,706 [Listener at 127.0.0.1/11600] INFO  server.session (DefaultSessionIdManager.java:doStart(339)) - No SessionScavenger set, using defaults
2021-12-01 05:34:14,706 [Listener at 127.0.0.1/11600] INFO  server.session (HouseKeeper.java:startScavenging(132)) - node0 Scavenging every 660000ms
2021-12-01 05:34:14,706 [Listener at 127.0.0.1/11600] INFO  handler.ContextHandler (ContextHandler.java:doStart(915)) - Started o.e.j.s.ServletContextHandler@7c510a83{logs,/logs,file:///home/runner/work/ozone/ozone/hadoop-ozone/integration-test/target/log,AVAILABLE}
2021-12-01 05:34:14,707 [Listener at 127.0.0.1/11600] INFO  handler.ContextHandler (ContextHandler.java:doStart(915)) - Started o.e.j.s.ServletContextHandler@7e561665{static,/static,file:///home/runner/work/ozone/ozone/hadoop-ozone/integration-test/target/test-classes/webapps/static,AVAILABLE}
2021-12-01 05:34:14,710 [Listener at 127.0.0.1/11600] INFO  handler.ContextHandler (ContextHandler.java:doStart(915)) - Started o.e.j.w.WebAppContext@20b6b918{scm,/,file:///home/runner/work/ozone/ozone/hadoop-ozone/integration-test/target/test-classes/webapps/scm/,AVAILABLE}{file:/home/runner/work/ozone/ozone/hadoop-ozone/integration-test/target/test-classes/webapps/scm}
2021-12-01 05:34:14,715 [grpc-default-executor-4] INFO  server.RaftServer$Division (RaftServerImpl.java:requestVote(1046)) - 50760388-b69f-4e6a-8619-7c3b28224d8a@group-9BDD03F14CCC: receive requestVote(ELECTION, da0cd28a-5297-4f90-8c80-70339634350f, group-9BDD03F14CCC, 2, (t:0, i:0))
2021-12-01 05:34:14,724 [grpc-default-executor-4] INFO  impl.VoteContext (VoteContext.java:log(48)) - 50760388-b69f-4e6a-8619-7c3b28224d8a@group-9BDD03F14CCC-CANDIDATE: accept ELECTION from da0cd28a-5297-4f90-8c80-70339634350f: our priority 0 <= candidate's priority 1
2021-12-01 05:34:14,724 [grpc-default-executor-4] INFO  server.RaftServer$Division (RaftServerImpl.java:setRole(290)) - 50760388-b69f-4e6a-8619-7c3b28224d8a@group-9BDD03F14CCC: changes role from CANDIDATE to FOLLOWER at term 2 for candidate:da0cd28a-5297-4f90-8c80-70339634350f
2021-12-01 05:34:14,724 [grpc-default-executor-4] INFO  impl.RoleInfo (RoleInfo.java:shutdownLeaderElection(121)) - 50760388-b69f-4e6a-8619-7c3b28224d8a: shutdown 50760388-b69f-4e6a-8619-7c3b28224d8a@group-9BDD03F14CCC-LeaderElection29
2021-12-01 05:34:14,724 [grpc-default-executor-4] INFO  impl.RoleInfo (RoleInfo.java:updateAndGet(130)) - 50760388-b69f-4e6a-8619-7c3b28224d8a: start 50760388-b69f-4e6a-8619-7c3b28224d8a@group-9BDD03F14CCC-FollowerState
2021-12-01 05:34:14,715 [grpc-default-executor-1] INFO  server.RaftServer$Division (RaftServerImpl.java:requestVote(1046)) - 71abcc26-9029-4fbf-a56a-b89502f0dfdb@group-9BDD03F14CCC: receive requestVote(ELECTION, da0cd28a-5297-4f90-8c80-70339634350f, group-9BDD03F14CCC, 2, (t:0, i:0))
2021-12-01 05:34:14,730 [71abcc26-9029-4fbf-a56a-b89502f0dfdb@group-9BDD03F14CCC-LeaderElection27] INFO  impl.LeaderElection (LeaderElection.java:askForVotes(306)) - 71abcc26-9029-4fbf-a56a-b89502f0dfdb@group-9BDD03F14CCC-LeaderElection27 ELECTION round 0: submit vote requests at term 2 for -1: [da0cd28a-5297-4f90-8c80-70339634350f|rpc:127.0.0.1:45281|priority:1, 71abcc26-9029-4fbf-a56a-b89502f0dfdb|rpc:127.0.0.1:40523|priority:0, 50760388-b69f-4e6a-8619-7c3b28224d8a|rpc:127.0.0.1:41785|priority:0], old=null
2021-12-01 05:34:14,731 [grpc-default-executor-4] INFO  server.RaftServer$Division (RaftServerImpl.java:requestVote(1078)) - 50760388-b69f-4e6a-8619-7c3b28224d8a@group-9BDD03F14CCC replies to ELECTION vote request: da0cd28a-5297-4f90-8c80-70339634350f<-50760388-b69f-4e6a-8619-7c3b28224d8a#0:OK-t2. Peer's state: 50760388-b69f-4e6a-8619-7c3b28224d8a@group-9BDD03F14CCC:t2, leader=null, voted=da0cd28a-5297-4f90-8c80-70339634350f, raftlog=50760388-b69f-4e6a-8619-7c3b28224d8a@group-9BDD03F14CCC-SegmentedRaftLog:OPENED:c-1, conf=-1: [da0cd28a-5297-4f90-8c80-70339634350f|rpc:127.0.0.1:45281|dataStream:|priority:1, 71abcc26-9029-4fbf-a56a-b89502f0dfdb|rpc:127.0.0.1:40523|dataStream:|priority:0, 50760388-b69f-4e6a-8619-7c3b28224d8a|rpc:127.0.0.1:41785|dataStream:|priority:0], old=null
2021-12-01 05:34:14,730 [grpc-default-executor-1] INFO  impl.VoteContext (VoteContext.java:log(48)) - 71abcc26-9029-4fbf-a56a-b89502f0dfdb@group-9BDD03F14CCC-CANDIDATE: reject ELECTION from da0cd28a-5297-4f90-8c80-70339634350f: already has voted for 71abcc26-9029-4fbf-a56a-b89502f0dfdb at current term 2
2021-12-01 05:34:14,732 [grpc-default-executor-1] INFO  server.RaftServer$Division (RaftServerImpl.java:requestVote(1078)) - 71abcc26-9029-4fbf-a56a-b89502f0dfdb@group-9BDD03F14CCC replies to ELECTION vote request: da0cd28a-5297-4f90-8c80-70339634350f<-71abcc26-9029-4fbf-a56a-b89502f0dfdb#0:FAIL-t2. Peer's state: 71abcc26-9029-4fbf-a56a-b89502f0dfdb@group-9BDD03F14CCC:t2, leader=null, voted=71abcc26-9029-4fbf-a56a-b89502f0dfdb, raftlog=71abcc26-9029-4fbf-a56a-b89502f0dfdb@group-9BDD03F14CCC-SegmentedRaftLog:OPENED:c-1, conf=-1: [da0cd28a-5297-4f90-8c80-70339634350f|rpc:127.0.0.1:45281|priority:1, 71abcc26-9029-4fbf-a56a-b89502f0dfdb|rpc:127.0.0.1:40523|priority:0, 50760388-b69f-4e6a-8619-7c3b28224d8a|rpc:127.0.0.1:41785|priority:0], old=null
2021-12-01 05:34:14,735 [50760388-b69f-4e6a-8619-7c3b28224d8a@group-9BDD03F14CCC-LeaderElection29] INFO  impl.LeaderElection (LeaderElection.java:run(230)) - 50760388-b69f-4e6a-8619-7c3b28224d8a@group-9BDD03F14CCC-LeaderElection29: skip running since this is already CLOSING
2021-12-01 05:34:14,739 [Listener at 127.0.0.1/11600] INFO  server.AbstractConnector (AbstractConnector.java:doStart(331)) - Started ServerConnector@73153938{HTTP/1.1, (http/1.1)}{0.0.0.0:14746}
2021-12-01 05:34:14,739 [Listener at 127.0.0.1/11600] INFO  server.Server (Server.java:doStart(415)) - Started @107339ms
2021-12-01 05:34:14,739 [Listener at 127.0.0.1/11600] WARN  impl.MetricsSystemImpl (MetricsSystemImpl.java:register(279)) - Sink prometheus already exists!
2021-12-01 05:34:14,739 [da0cd28a-5297-4f90-8c80-70339634350f@group-9BDD03F14CCC-LeaderElection28] INFO  impl.LeaderElection (LeaderElection.java:logAndReturn(89)) - da0cd28a-5297-4f90-8c80-70339634350f@group-9BDD03F14CCC-LeaderElection28: ELECTION PASSED received 2 response(s) and 0 exception(s):
2021-12-01 05:34:14,739 [da0cd28a-5297-4f90-8c80-70339634350f@group-9BDD03F14CCC-LeaderElection28] INFO  impl.LeaderElection (LeaderElection.java:logAndReturn(93)) -   Response 0: da0cd28a-5297-4f90-8c80-70339634350f<-71abcc26-9029-4fbf-a56a-b89502f0dfdb#0:FAIL-t2
2021-12-01 05:34:14,739 [da0cd28a-5297-4f90-8c80-70339634350f@group-9BDD03F14CCC-LeaderElection28] INFO  impl.LeaderElection (LeaderElection.java:logAndReturn(93)) -   Response 1: da0cd28a-5297-4f90-8c80-70339634350f<-50760388-b69f-4e6a-8619-7c3b28224d8a#0:OK-t2
2021-12-01 05:34:14,739 [da0cd28a-5297-4f90-8c80-70339634350f@group-9BDD03F14CCC-LeaderElection28] INFO  impl.LeaderElection (LeaderElection.java:askForVotes(308)) - da0cd28a-5297-4f90-8c80-70339634350f@group-9BDD03F14CCC-LeaderElection28 ELECTION round 0: result PASSED
2021-12-01 05:34:14,739 [da0cd28a-5297-4f90-8c80-70339634350f@group-9BDD03F14CCC-LeaderElection28] INFO  impl.RoleInfo (RoleInfo.java:shutdownLeaderElection(121)) - da0cd28a-5297-4f90-8c80-70339634350f: shutdown da0cd28a-5297-4f90-8c80-70339634350f@group-9BDD03F14CCC-LeaderElection28
2021-12-01 05:34:14,739 [da0cd28a-5297-4f90-8c80-70339634350f@group-9BDD03F14CCC-LeaderElection28] INFO  server.RaftServer$Division (RaftServerImpl.java:setRole(290)) - da0cd28a-5297-4f90-8c80-70339634350f@group-9BDD03F14CCC: changes role from CANDIDATE to LEADER at term 2 for changeToLeader
2021-12-01 05:34:14,739 [da0cd28a-5297-4f90-8c80-70339634350f@group-9BDD03F14CCC-LeaderElection28] INFO  ratis.XceiverServerRatis (XceiverServerRatis.java:handleLeaderChangedNotification(866)) - Leader change notification received for group: group-9BDD03F14CCC with new leaderId: da0cd28a-5297-4f90-8c80-70339634350f
2021-12-01 05:34:14,740 [da0cd28a-5297-4f90-8c80-70339634350f@group-9BDD03F14CCC-LeaderElection28] INFO  server.RaftServer$Division (ServerState.java:setLeader(285)) - da0cd28a-5297-4f90-8c80-70339634350f@group-9BDD03F14CCC: change Leader from null to da0cd28a-5297-4f90-8c80-70339634350f at term 2 for becomeLeader, leader elected after 10455ms
2021-12-01 05:34:14,740 [da0cd28a-5297-4f90-8c80-70339634350f@group-9BDD03F14CCC-LeaderElection28] INFO  server.RaftServerConfigKeys (ConfUtils.java:logGet(44)) - raft.server.staging.catchup.gap = 1000 (default)
2021-12-01 05:34:14,740 [da0cd28a-5297-4f90-8c80-70339634350f@group-9BDD03F14CCC-LeaderElection28] INFO  server.RaftServerConfigKeys (ConfUtils.java:logGet(44)) - raft.server.write.element-limit = 1024 (custom)
2021-12-01 05:34:14,740 [da0cd28a-5297-4f90-8c80-70339634350f@group-9BDD03F14CCC-LeaderElection28] INFO  server.RaftServerConfigKeys (ConfUtils.java:logGet(44)) - raft.server.write.byte-limit = 1024 M (=1073741824) (custom)
2021-12-01 05:34:14,740 [da0cd28a-5297-4f90-8c80-70339634350f@group-9BDD03F14CCC-LeaderElection28] INFO  server.RaftServerConfigKeys (ConfUtils.java:logGet(44)) - raft.server.watch.timeout = 180s (custom)
2021-12-01 05:34:14,740 [da0cd28a-5297-4f90-8c80-70339634350f@group-9BDD03F14CCC-LeaderElection28] INFO  server.RaftServerConfigKeys (ConfUtils.java:logGet(44)) - raft.server.watch.timeout.denomination = 1s (default)
2021-12-01 05:34:14,740 [da0cd28a-5297-4f90-8c80-70339634350f@group-9BDD03F14CCC-LeaderElection28] INFO  server.RaftServerConfigKeys (ConfUtils.java:logGet(44)) - raft.server.watch.element-limit = 65536 (default)
2021-12-01 05:34:14,740 [da0cd28a-5297-4f90-8c80-70339634350f@group-9BDD03F14CCC-LeaderElection28] INFO  server.RaftServerConfigKeys (ConfUtils.java:logGet(44)) - raft.server.write.element-limit = 1024 (custom)
2021-12-01 05:34:14,741 [da0cd28a-5297-4f90-8c80-70339634350f@group-9BDD03F14CCC-LeaderElection28] INFO  server.RaftServerConfigKeys (ConfUtils.java:logGet(44)) - raft.server.write.follower.gap.ratio.max = -1.0 (default)
2021-12-01 05:34:14,741 [da0cd28a-5297-4f90-8c80-70339634350f@group-9BDD03F14CCC-LeaderElection28] INFO  server.RaftServerConfigKeys (ConfUtils.java:logGet(44)) - raft.server.log.appender.snapshot.chunk.size.max = 16MB (=16777216) (default)
2021-12-01 05:34:14,741 [da0cd28a-5297-4f90-8c80-70339634350f@group-9BDD03F14CCC-LeaderElection28] INFO  server.RaftServerConfigKeys (ConfUtils.java:logGet(44)) - raft.server.log.appender.buffer.byte-limit = 33554432 (custom)
2021-12-01 05:34:14,741 [da0cd28a-5297-4f90-8c80-70339634350f@group-9BDD03F14CCC-LeaderElection28] INFO  server.RaftServerConfigKeys (ConfUtils.java:logGet(44)) - raft.server.log.appender.buffer.element-limit = 1 (custom)
2021-12-01 05:34:14,741 [da0cd28a-5297-4f90-8c80-70339634350f@group-9BDD03F14CCC-LeaderElection28] INFO  grpc.GrpcConfigKeys (ConfUtils.java:logGet(44)) - raft.grpc.server.leader.outstanding.appends.max = 128 (default)
2021-12-01 05:34:14,741 [da0cd28a-5297-4f90-8c80-70339634350f@group-9BDD03F14CCC-LeaderElection28] INFO  server.RaftServerConfigKeys (ConfUtils.java:logGet(44)) - raft.server.rpc.request.timeout = 60s (custom)
2021-12-01 05:34:14,741 [da0cd28a-5297-4f90-8c80-70339634350f@group-9BDD03F14CCC-LeaderElection28] INFO  server.RaftServerConfigKeys (ConfUtils.java:logGet(44)) - raft.server.log.appender.install.snapshot.enabled = false (custom)
2021-12-01 05:34:14,742 [EventQueue-PipelineReportForPipelineReportHandler] INFO  pipeline.PipelineManagerImpl (PipelineManagerImpl.java:openPipeline(289)) - Pipeline Pipeline[ Id: a4cb820e-ec71-4f61-b24e-9bdd03f14ccc, Nodes: 50760388-b69f-4e6a-8619-7c3b28224d8a{ip: 127.0.0.1, host: localhost, ports: [REPLICATION=45889, RATIS=41785, RATIS_ADMIN=41785, RATIS_SERVER=41785, STANDALONE=42967], networkLocation: /default-rack, certSerialId: null, persistedOpState: IN_SERVICE, persistedOpStateExpiryEpochSec: 0}71abcc26-9029-4fbf-a56a-b89502f0dfdb{ip: 127.0.0.1, host: localhost, ports: [REPLICATION=35513, RATIS=40523, RATIS_ADMIN=40523, RATIS_SERVER=40523, STANDALONE=43455], networkLocation: /default-rack, certSerialId: null, persistedOpState: IN_SERVICE, persistedOpStateExpiryEpochSec: 0}da0cd28a-5297-4f90-8c80-70339634350f{ip: 127.0.0.1, host: localhost, ports: [REPLICATION=40617, RATIS=45281, RATIS_ADMIN=45281, RATIS_SERVER=45281, STANDALONE=38799], networkLocation: /default-rack, certSerialId: null, persistedOpState: IN_SERVICE, persistedOpStateExpiryEpochSec: 0}, ReplicationConfig: RATIS/THREE, State:ALLOCATED, leaderId:da0cd28a-5297-4f90-8c80-70339634350f, CreationTimestamp2021-12-01T05:34:01.732Z[Etc/UTC]] moved to OPEN state
2021-12-01 05:34:14,743 [Listener at 127.0.0.1/11600] INFO  http.BaseHttpServer (BaseHttpServer.java:updateConnectorAddress(329)) - HTTP server of scm listening at http://0.0.0.0:14746
2021-12-01 05:34:14,743 [Listener at 127.0.0.1/11600] INFO  safemode.SCMSafeModeManager (SCMSafeModeManager.java:exitSafeMode(248)) - SCM exiting safe mode.
2021-12-01 05:34:14,743 [Listener at 127.0.0.1/11600] WARN  events.EventQueue (EventQueue.java:fireEvent(194)) - No event handler registered for event TypedEvent{payloadType=SafeModeStatus, name='Safe mode status'}
2021-12-01 05:34:14,743 [Listener at 127.0.0.1/11600] INFO  ha.SCMContext (SCMContext.java:updateSafeModeStatus(205)) - Update SafeModeStatus from SafeModeStatus{safeModeStatus=true, preCheckPassed=false} to SafeModeStatus{safeModeStatus=false, preCheckPassed=true}.
2021-12-01 05:34:14,743 [EventQueue-PipelineReportForPipelineReportHandler] INFO  pipeline.PipelineManagerImpl (PipelineManagerImpl.java:openPipeline(289)) - Pipeline Pipeline[ Id: a4cb820e-ec71-4f61-b24e-9bdd03f14ccc, Nodes: 50760388-b69f-4e6a-8619-7c3b28224d8a{ip: 127.0.0.1, host: localhost, ports: [REPLICATION=45889, RATIS=41785, RATIS_ADMIN=41785, RATIS_SERVER=41785, STANDALONE=42967], networkLocation: /default-rack, certSerialId: null, persistedOpState: IN_SERVICE, persistedOpStateExpiryEpochSec: 0}71abcc26-9029-4fbf-a56a-b89502f0dfdb{ip: 127.0.0.1, host: localhost, ports: [REPLICATION=35513, RATIS=40523, RATIS_ADMIN=40523, RATIS_SERVER=40523, STANDALONE=43455], networkLocation: /default-rack, certSerialId: null, persistedOpState: IN_SERVICE, persistedOpStateExpiryEpochSec: 0}da0cd28a-5297-4f90-8c80-70339634350f{ip: 127.0.0.1, host: localhost, ports: [REPLICATION=40617, RATIS=45281, RATIS_ADMIN=45281, RATIS_SERVER=45281, STANDALONE=38799], networkLocation: /default-rack, certSerialId: null, persistedOpState: IN_SERVICE, persistedOpStateExpiryEpochSec: 0}, ReplicationConfig: RATIS/THREE, State:ALLOCATED, leaderId:da0cd28a-5297-4f90-8c80-70339634350f, CreationTimestamp2021-12-01T05:34:01.732Z[Etc/UTC]] moved to OPEN state
2021-12-01 05:34:14,744 [EventQueue-PipelineReportForPipelineReportHandler] INFO  ha.SCMHAInvocationHandler (SCMHAInvocationHandler.java:invokeRatis(113)) - Invoking method public abstract void org.apache.hadoop.hdds.scm.pipeline.PipelineStateManager.updatePipelineState(org.apache.hadoop.hdds.protocol.proto.HddsProtos$PipelineID,org.apache.hadoop.hdds.protocol.proto.HddsProtos$PipelineState) throws java.io.IOException on target org.apache.hadoop.hdds.scm.ha.SCMRatisServerImpl@50955ec2, cost 190.402us
2021-12-01 05:34:14,745 [da0cd28a-5297-4f90-8c80-70339634350f@group-9BDD03F14CCC-LeaderElection28] INFO  server.RaftServerConfigKeys (ConfUtils.java:logGet(44)) - raft.server.log.appender.snapshot.chunk.size.max = 16MB (=16777216) (default)
2021-12-01 05:34:14,745 [da0cd28a-5297-4f90-8c80-70339634350f@group-9BDD03F14CCC-LeaderElection28] INFO  server.RaftServerConfigKeys (ConfUtils.java:logGet(44)) - raft.server.log.appender.buffer.byte-limit = 33554432 (custom)
2021-12-01 05:34:14,745 [da0cd28a-5297-4f90-8c80-70339634350f@group-9BDD03F14CCC-LeaderElection28] INFO  server.RaftServerConfigKeys (ConfUtils.java:logGet(44)) - raft.server.log.appender.buffer.element-limit = 1 (custom)
2021-12-01 05:34:14,745 [IPC Server handler 2 on default port 14749] INFO  net.NetworkTopologyImpl (NetworkTopologyImpl.java:add(112)) - Added a new node: /default-rack/da0cd28a-5297-4f90-8c80-70339634350f
2021-12-01 05:34:14,745 [IPC Server handler 2 on default port 14749] INFO  node.SCMNodeManager (SCMNodeManager.java:register(389)) - Registered Data node : da0cd28a-5297-4f90-8c80-70339634350f{ip: 127.0.0.1, host: localhost, ports: [REPLICATION=40617, RATIS=45281, RATIS_ADMIN=45281, RATIS_SERVER=45281, STANDALONE=38799], networkLocation: /default-rack, certSerialId: null, persistedOpState: null, persistedOpStateExpiryEpochSec: 0}
2021-12-01 05:34:14,748 [Listener at 127.0.0.1/11600] INFO  db.RDBCheckpointManager (RDBCheckpointManager.java:createCheckpoint(86)) - Created checkpoint at /home/runner/work/ozone/ozone/hadoop-ozone/integration-test/target/test-dir/MiniOzoneClusterImpl-18ff7c11-c606-42f1-8c5c-1f8c02111a4f/scmNode-1/db.checkpoints/scm.db_checkpoint_1638336854743 in 5 milliseconds
2021-12-01 05:34:14,778 [217d9b70-301a-4977-a69d-31477f551bd1@group-1F8C02111A4F-StateMachineUpdater] ERROR impl.StateMachineUpdater (StateMachineUpdater.java:run(191)) - 217d9b70-301a-4977-a69d-31477f551bd1@group-1F8C02111A4F-StateMachineUpdater caught a Throwable.
java.lang.IllegalStateException: 217d9b70-301a-4977-a69d-31477f551bd1: Failed updateLastAppliedTermIndex: newTI = (t:2, i:28) < oldTI = (t:2, i:128)
	at org.apache.ratis.util.Preconditions.assertTrue(Preconditions.java:72)
	at org.apache.ratis.statemachine.impl.BaseStateMachine.updateLastAppliedTermIndex(BaseStateMachine.java:142)
	at org.apache.hadoop.hdds.scm.ha.SCMStateMachine.notifyTermIndexUpdated(SCMStateMachine.java:310)
	at org.apache.ratis.server.impl.RaftServerImpl.applyLogToStateMachine(RaftServerImpl.java:1701)
	at org.apache.ratis.server.impl.StateMachineUpdater.applyLog(StateMachineUpdater.java:234)
	at org.apache.ratis.server.impl.StateMachineUpdater.run(StateMachineUpdater.java:179)
	at java.lang.Thread.run(Thread.java:748)
2021-12-01 05:34:14,778 [217d9b70-301a-4977-a69d-31477f551bd1@group-1F8C02111A4F-StateMachineUpdater] INFO  server.RaftServer$Division (RaftServerImpl.java:lambda$close$4(412)) - 217d9b70-301a-4977-a69d-31477f551bd1@group-1F8C02111A4F: shutdown
2021-12-01 05:34:14,778 [217d9b70-301a-4977-a69d-31477f551bd1@group-1F8C02111A4F-StateMachineUpdater] INFO  util.JmxRegister (JmxRegister.java:unregister(73)) - Successfully un-registered JMX Bean with object name Ratis:service=RaftServer,group=group-1F8C02111A4F,id=217d9b70-301a-4977-a69d-31477f551bd1
2021-12-01 05:34:14,778 [217d9b70-301a-4977-a69d-31477f551bd1@group-1F8C02111A4F-StateMachineUpdater] INFO  impl.RoleInfo (RoleInfo.java:shutdownFollowerState(108)) - 217d9b70-301a-4977-a69d-31477f551bd1: shutdown 217d9b70-301a-4977-a69d-31477f551bd1@group-1F8C02111A4F-FollowerState
2021-12-01 05:34:14,779 [EventQueue-PipelineReportForPipelineReportHandler] INFO  ha.SCMHAInvocationHandler (SCMHAInvocationHandler.java:invokeRatis(113)) - Invoking method public abstract void org.apache.hadoop.hdds.scm.pipeline.PipelineStateManager.updatePipelineState(org.apache.hadoop.hdds.protocol.proto.HddsProtos$PipelineID,org.apache.hadoop.hdds.protocol.proto.HddsProtos$PipelineState) throws java.io.IOException on target org.apache.hadoop.hdds.scm.ha.SCMRatisServerImpl@e04aa9b, cost 37417.451us
2021-12-01 05:34:14,792 [da0cd28a-5297-4f90-8c80-70339634350f@group-9BDD03F14CCC-LeaderElection28] INFO  grpc.GrpcConfigKeys (ConfUtils.java:logGet(44)) - raft.grpc.server.leader.outstanding.appends.max = 128 (default)
2021-12-01 05:34:14,792 [da0cd28a-5297-4f90-8c80-70339634350f@group-9BDD03F14CCC-LeaderElection28] INFO  server.RaftServerConfigKeys (ConfUtils.java:logGet(44)) - raft.server.rpc.request.timeout = 60s (custom)
2021-12-01 05:34:14,793 [da0cd28a-5297-4f90-8c80-70339634350f@group-9BDD03F14CCC-LeaderElection28] INFO  server.RaftServerConfigKeys (ConfUtils.java:logGet(44)) - raft.server.log.appender.install.snapshot.enabled = false (custom)
2021-12-01 05:34:14,793 [grpc-default-executor-4] INFO  server.RaftServer$Division (RaftServerImpl.java:requestVote(1046)) - 50760388-b69f-4e6a-8619-7c3b28224d8a@group-9BDD03F14CCC: receive requestVote(ELECTION, 71abcc26-9029-4fbf-a56a-b89502f0dfdb, group-9BDD03F14CCC, 2, (t:0, i:0))
2021-12-01 05:34:14,793 [grpc-default-executor-4] INFO  impl.VoteContext (VoteContext.java:log(48)) - 50760388-b69f-4e6a-8619-7c3b28224d8a@group-9BDD03F14CCC-FOLLOWER: reject ELECTION from 71abcc26-9029-4fbf-a56a-b89502f0dfdb: already has voted for da0cd28a-5297-4f90-8c80-70339634350f at current term 2
2021-12-01 05:34:14,793 [grpc-default-executor-4] INFO  server.RaftServer$Division (RaftServerImpl.java:requestVote(1078)) - 50760388-b69f-4e6a-8619-7c3b28224d8a@group-9BDD03F14CCC replies to ELECTION vote request: 71abcc26-9029-4fbf-a56a-b89502f0dfdb<-50760388-b69f-4e6a-8619-7c3b28224d8a#0:FAIL-t2. Peer's state: 50760388-b69f-4e6a-8619-7c3b28224d8a@group-9BDD03F14CCC:t2, leader=null, voted=da0cd28a-5297-4f90-8c80-70339634350f, raftlog=50760388-b69f-4e6a-8619-7c3b28224d8a@group-9BDD03F14CCC-SegmentedRaftLog:OPENED:c-1, conf=-1: [da0cd28a-5297-4f90-8c80-70339634350f|rpc:127.0.0.1:45281|dataStream:|priority:1, 71abcc26-9029-4fbf-a56a-b89502f0dfdb|rpc:127.0.0.1:40523|dataStream:|priority:0, 50760388-b69f-4e6a-8619-7c3b28224d8a|rpc:127.0.0.1:41785|dataStream:|priority:0], old=null
2021-12-01 05:34:14,793 [da0cd28a-5297-4f90-8c80-70339634350f@group-9BDD03F14CCC-LeaderElection28] INFO  impl.RoleInfo (RoleInfo.java:updateAndGet(130)) - da0cd28a-5297-4f90-8c80-70339634350f: start da0cd28a-5297-4f90-8c80-70339634350f@group-9BDD03F14CCC-LeaderStateImpl
2021-12-01 05:34:14,793 [grpc-default-executor-1] INFO  server.RaftServer$Division (RaftServerImpl.java:requestVote(1046)) - da0cd28a-5297-4f90-8c80-70339634350f@group-9BDD03F14CCC: receive requestVote(ELECTION, 71abcc26-9029-4fbf-a56a-b89502f0dfdb, group-9BDD03F14CCC, 2, (t:0, i:0))
2021-12-01 05:34:14,793 [da0cd28a-5297-4f90-8c80-70339634350f@group-9BDD03F14CCC-LeaderElection28] INFO  segmented.SegmentedRaftLogWorker (SegmentedRaftLogWorker.java:startLogSegment(394)) - da0cd28a-5297-4f90-8c80-70339634350f@group-9BDD03F14CCC-SegmentedRaftLogWorker: Starting segment from index:0
2021-12-01 05:34:14,803 [EventQueue-NewNodeForNewNodeHandler] INFO  pipeline.BackgroundPipelineCreator (BackgroundPipelineCreator.java:notifyEventTriggered(279)) - ignore, not leader SCM.
2021-12-01 05:34:14,810 [d9fd8670-dda0-4698-9e6d-057ae1a4980a@group-1F8C02111A4F-StateMachineUpdater] INFO  ha.SCMStateMachine (SCMStateMachine.java:takeSnapshot(297)) - Current Snapshot Index 28, takeSnapshot took 0 ms
2021-12-01 05:34:14,810 [d9fd8670-dda0-4698-9e6d-057ae1a4980a@group-1F8C02111A4F-StateMachineUpdater] INFO  impl.StateMachineUpdater (StateMachineUpdater.java:takeSnapshot(281)) - d9fd8670-dda0-4698-9e6d-057ae1a4980a@group-1F8C02111A4F-StateMachineUpdater: Took a snapshot at index 28
2021-12-01 05:34:14,810 [d9fd8670-dda0-4698-9e6d-057ae1a4980a@group-1F8C02111A4F-StateMachineUpdater] INFO  impl.StateMachineUpdater (StateMachineUpdater.java:lambda$new$0(89)) - d9fd8670-dda0-4698-9e6d-057ae1a4980a@group-1F8C02111A4F-StateMachineUpdater: snapshotIndex: updateIncreasingly 23 -> 28
2021-12-01 05:34:14,810 [d9fd8670-dda0-4698-9e6d-057ae1a4980a@group-1F8C02111A4F-StateMachineUpdater] INFO  raftlog.RaftLog (RaftLogBase.java:purge(306)) - d9fd8670-dda0-4698-9e6d-057ae1a4980a@group-1F8C02111A4F-SegmentedRaftLog: purge 28
2021-12-01 05:34:14,810 [d9fd8670-dda0-4698-9e6d-057ae1a4980a@group-1F8C02111A4F-StateMachineUpdater] INFO  raftlog.RaftLog (RaftLogBase.java:lambda$new$0(53)) - d9fd8670-dda0-4698-9e6d-057ae1a4980a@group-1F8C02111A4F-SegmentedRaftLog: snapshotIndex: updateIncreasingly 23 -> 28
2021-12-01 05:34:14,810 [d9fd8670-dda0-4698-9e6d-057ae1a4980a@group-1F8C02111A4F-StateMachineUpdater] INFO  raftlog.RaftLog (RaftLogBase.java:lambda$new$0(53)) - d9fd8670-dda0-4698-9e6d-057ae1a4980a@group-1F8C02111A4F-SegmentedRaftLog: purgeIndex: updateToMax old=23, new=28, updated? true
2021-12-01 05:34:14,811 [217d9b70-301a-4977-a69d-31477f551bd1@group-1F8C02111A4F-FollowerState] INFO  impl.FollowerState (FollowerState.java:run(143)) - 217d9b70-301a-4977-a69d-31477f551bd1@group-1F8C02111A4F-FollowerState was interrupted: {}
java.lang.InterruptedException: sleep interrupted
	at java.lang.Thread.sleep(Native Method)
	at java.lang.Thread.sleep(Thread.java:340)
	at java.util.concurrent.TimeUnit.sleep(TimeUnit.java:386)
	at org.apache.ratis.util.TimeDuration.sleep(TimeDuration.java:324)
	at org.apache.ratis.util.TimeDuration.sleep(TimeDuration.java:309)
	at org.apache.ratis.server.impl.FollowerState.run(FollowerState.java:118)
2021-12-01 05:34:14,814 [da0cd28a-5297-4f90-8c80-70339634350f@group-9BDD03F14CCC-SegmentedRaftLogWorker] INFO  segmented.SegmentedRaftLogWorker (SegmentedRaftLogWorker.java:execute(601)) - da0cd28a-5297-4f90-8c80-70339634350f@group-9BDD03F14CCC-SegmentedRaftLogWorker: created new log segment /home/runner/work/ozone/ozone/hadoop-ozone/integration-test/target/test-dir/MiniOzoneClusterImpl-18ff7c11-c606-42f1-8c5c-1f8c02111a4f/datanode-1/data/ratis/a4cb820e-ec71-4f61-b24e-9bdd03f14ccc/current/log_inprogress_0
2021-12-01 05:34:14,826 [grpc-default-executor-4] INFO  ratis.XceiverServerRatis (XceiverServerRatis.java:handleLeaderChangedNotification(866)) - Leader change notification received for group: group-9BDD03F14CCC with new leaderId: da0cd28a-5297-4f90-8c80-70339634350f
2021-12-01 05:34:14,826 [grpc-default-executor-4] INFO  server.RaftServer$Division (ServerState.java:setLeader(285)) - 50760388-b69f-4e6a-8619-7c3b28224d8a@group-9BDD03F14CCC: change Leader from null to da0cd28a-5297-4f90-8c80-70339634350f at term 2 for appendEntries, leader elected after 10605ms
2021-12-01 05:34:14,831 [da0cd28a-5297-4f90-8c80-70339634350f@group-9BDD03F14CCC-LeaderElection28] INFO  server.RaftServer$Division (ServerState.java:setRaftConf(387)) - da0cd28a-5297-4f90-8c80-70339634350f@group-9BDD03F14CCC: set configuration 0: [da0cd28a-5297-4f90-8c80-70339634350f|rpc:127.0.0.1:45281|dataStream:|priority:1, 71abcc26-9029-4fbf-a56a-b89502f0dfdb|rpc:127.0.0.1:40523|dataStream:|priority:0, 50760388-b69f-4e6a-8619-7c3b28224d8a|rpc:127.0.0.1:41785|dataStream:|priority:0], old=null
2021-12-01 05:34:14,832 [grpc-default-executor-2] INFO  server.RaftServer$Division (RaftServerImpl.java:setRole(290)) - 71abcc26-9029-4fbf-a56a-b89502f0dfdb@group-9BDD03F14CCC: changes role from CANDIDATE to FOLLOWER at term 2 for appendEntries
2021-12-01 05:34:14,832 [grpc-default-executor-2] INFO  impl.RoleInfo (RoleInfo.java:shutdownLeaderElection(121)) - 71abcc26-9029-4fbf-a56a-b89502f0dfdb: shutdown 71abcc26-9029-4fbf-a56a-b89502f0dfdb@group-9BDD03F14CCC-LeaderElection27
2021-12-01 05:34:14,843 [grpc-default-executor-1] INFO  impl.VoteContext (VoteContext.java:log(48)) - da0cd28a-5297-4f90-8c80-70339634350f@group-9BDD03F14CCC-LEADER: reject ELECTION from 71abcc26-9029-4fbf-a56a-b89502f0dfdb: already has voted for da0cd28a-5297-4f90-8c80-70339634350f at current term 2
2021-12-01 05:34:14,843 [grpc-default-executor-1] INFO  server.RaftServer$Division (RaftServerImpl.java:requestVote(1078)) - da0cd28a-5297-4f90-8c80-70339634350f@group-9BDD03F14CCC replies to ELECTION vote request: 71abcc26-9029-4fbf-a56a-b89502f0dfdb<-da0cd28a-5297-4f90-8c80-70339634350f#0:FAIL-t2. Peer's state: da0cd28a-5297-4f90-8c80-70339634350f@group-9BDD03F14CCC:t2, leader=da0cd28a-5297-4f90-8c80-70339634350f, voted=da0cd28a-5297-4f90-8c80-70339634350f, raftlog=da0cd28a-5297-4f90-8c80-70339634350f@group-9BDD03F14CCC-SegmentedRaftLog:OPENED:c0, conf=0: [da0cd28a-5297-4f90-8c80-70339634350f|rpc:127.0.0.1:45281|dataStream:|priority:1, 71abcc26-9029-4fbf-a56a-b89502f0dfdb|rpc:127.0.0.1:40523|dataStream:|priority:0, 50760388-b69f-4e6a-8619-7c3b28224d8a|rpc:127.0.0.1:41785|dataStream:|priority:0], old=null
2021-12-01 05:34:14,843 [Listener at 127.0.0.1/11600] INFO  ha.SCMHAManagerImpl (SCMHAManagerImpl.java:installCheckpoint(227)) - Installing checkpoint with SCMTransactionInfo 2#25
2021-12-01 05:34:14,843 [Listener at 127.0.0.1/11600] WARN  ha.SCMHAManagerImpl (SCMHAManagerImpl.java:installCheckpoint(240)) - Cannot proceed with InstallSnapshot as SCM is at TermIndex (t:2, i:28) and checkpoint has lower TermIndex (t:2, i:25). Reloading old state of SCM.
2021-12-01 05:34:14,846 [Listener at 127.0.0.1/11600] INFO  ozone.MiniOzoneClusterImpl (MiniOzoneClusterImpl.java:shutdown(453)) - Shutting down the Mini Ozone Cluster
2021-12-01 05:34:14,846 [Listener at 127.0.0.1/11600] INFO  ozone.MiniOzoneHAClusterImpl (MiniOzoneHAClusterImpl.java:stop(316)) - Stopping the OzoneManager omNode-1
2021-12-01 05:34:14,846 [Listener at 127.0.0.1/11600] INFO  om.OzoneManager (OzoneManager.java:stop(1830)) - omNode-1[localhost:11600]: Stopping Ozone Manager
2021-12-01 05:34:14,846 [Listener at 127.0.0.1/11600] INFO  ipc.Server (Server.java:stop(3414)) - Stopping server on 11600
2021-12-01 05:34:14,846 [217d9b70-301a-4977-a69d-31477f551bd1@group-1F8C02111A4F-StateMachineUpdater] INFO  server.RaftServer$Division (ServerState.java:close(419)) - 217d9b70-301a-4977-a69d-31477f551bd1@group-1F8C02111A4F: closes. applyIndex: 28
2021-12-01 05:34:14,872 [grpc-default-executor-2] INFO  impl.RoleInfo (RoleInfo.java:updateAndGet(130)) - 71abcc26-9029-4fbf-a56a-b89502f0dfdb: start 71abcc26-9029-4fbf-a56a-b89502f0dfdb@group-9BDD03F14CCC-FollowerState
2021-12-01 05:34:14,857 [grpc-default-executor-4] INFO  server.RaftServer$Division (ServerState.java:setRaftConf(387)) - 50760388-b69f-4e6a-8619-7c3b28224d8a@group-9BDD03F14CCC: set configuration 0: [da0cd28a-5297-4f90-8c80-70339634350f|rpc:127.0.0.1:45281|dataStream:|priority:1, 71abcc26-9029-4fbf-a56a-b89502f0dfdb|rpc:127.0.0.1:40523|dataStream:|priority:0, 50760388-b69f-4e6a-8619-7c3b28224d8a|rpc:127.0.0.1:41785|dataStream:|priority:0], old=null
2021-12-01 05:34:14,873 [grpc-default-executor-4] INFO  segmented.SegmentedRaftLogWorker (SegmentedRaftLogWorker.java:startLogSegment(394)) - 50760388-b69f-4e6a-8619-7c3b28224d8a@group-9BDD03F14CCC-SegmentedRaftLogWorker: Starting segment from index:0
2021-12-01 05:34:14,851 [71abcc26-9029-4fbf-a56a-b89502f0dfdb@group-9BDD03F14CCC-LeaderElection27] INFO  impl.LeaderElection (LeaderElection.java:logAndReturn(89)) - 71abcc26-9029-4fbf-a56a-b89502f0dfdb@group-9BDD03F14CCC-LeaderElection27: ELECTION REJECTED received 2 response(s) and 0 exception(s):
2021-12-01 05:34:14,873 [71abcc26-9029-4fbf-a56a-b89502f0dfdb@group-9BDD03F14CCC-LeaderElection27] INFO  impl.LeaderElection (LeaderElection.java:logAndReturn(93)) -   Response 0: 71abcc26-9029-4fbf-a56a-b89502f0dfdb<-da0cd28a-5297-4f90-8c80-70339634350f#0:FAIL-t2
2021-12-01 05:34:14,873 [71abcc26-9029-4fbf-a56a-b89502f0dfdb@group-9BDD03F14CCC-LeaderElection27] INFO  impl.LeaderElection (LeaderElection.java:logAndReturn(93)) -   Response 1: 71abcc26-9029-4fbf-a56a-b89502f0dfdb<-50760388-b69f-4e6a-8619-7c3b28224d8a#0:FAIL-t2
2021-12-01 05:34:14,872 [217d9b70-301a-4977-a69d-31477f551bd1@group-1F8C02111A4F-SegmentedRaftLogWorker] INFO  segmented.SegmentedRaftLogWorker (SegmentedRaftLogWorker.java:run(327)) - 217d9b70-301a-4977-a69d-31477f551bd1@group-1F8C02111A4F-SegmentedRaftLogWorker was interrupted, exiting. There are 0 tasks remaining in the queue.
2021-12-01 05:34:14,878 [grpc-default-executor-2] INFO  ratis.XceiverServerRatis (XceiverServerRatis.java:handleLeaderChangedNotification(866)) - Leader change notification received for group: group-9BDD03F14CCC with new leaderId: da0cd28a-5297-4f90-8c80-70339634350f
2021-12-01 05:34:14,878 [grpc-default-executor-2] INFO  server.RaftServer$Division (ServerState.java:setLeader(285)) - 71abcc26-9029-4fbf-a56a-b89502f0dfdb@group-9BDD03F14CCC: change Leader from null to da0cd28a-5297-4f90-8c80-70339634350f at term 2 for appendEntries, leader elected after 10703ms
2021-12-01 05:34:14,890 [grpc-default-executor-2] INFO  server.RaftServer$Division (ServerState.java:setRaftConf(387)) - 71abcc26-9029-4fbf-a56a-b89502f0dfdb@group-9BDD03F14CCC: set configuration 0: [da0cd28a-5297-4f90-8c80-70339634350f|rpc:127.0.0.1:45281|dataStream:|priority:1, 71abcc26-9029-4fbf-a56a-b89502f0dfdb|rpc:127.0.0.1:40523|dataStream:|priority:0, 50760388-b69f-4e6a-8619-7c3b28224d8a|rpc:127.0.0.1:41785|dataStream:|priority:0], old=null
2021-12-01 05:34:14,891 [grpc-default-executor-2] INFO  segmented.SegmentedRaftLogWorker (SegmentedRaftLogWorker.java:startLogSegment(394)) - 71abcc26-9029-4fbf-a56a-b89502f0dfdb@group-9BDD03F14CCC-SegmentedRaftLogWorker: Starting segment from index:0
2021-12-01 05:34:14,892 [71abcc26-9029-4fbf-a56a-b89502f0dfdb@group-9BDD03F14CCC-SegmentedRaftLogWorker] INFO  segmented.SegmentedRaftLogWorker (SegmentedRaftLogWorker.java:execute(601)) - 71abcc26-9029-4fbf-a56a-b89502f0dfdb@group-9BDD03F14CCC-SegmentedRaftLogWorker: created new log segment /home/runner/work/ozone/ozone/hadoop-ozone/integration-test/target/test-dir/MiniOzoneClusterImpl-18ff7c11-c606-42f1-8c5c-1f8c02111a4f/datanode-0/data/ratis/a4cb820e-ec71-4f61-b24e-9bdd03f14ccc/current/log_inprogress_0
2021-12-01 05:34:14,893 [3049a9d5-7c8a-485e-b9b8-96288700cc55@group-1F8C02111A4F-StateMachineUpdater] INFO  ha.SCMStateMachine (SCMStateMachine.java:takeSnapshot(297)) - Current Snapshot Index 30, takeSnapshot took 0 ms
2021-12-01 05:34:14,893 [3049a9d5-7c8a-485e-b9b8-96288700cc55@group-1F8C02111A4F-StateMachineUpdater] INFO  impl.StateMachineUpdater (StateMachineUpdater.java:takeSnapshot(281)) - 3049a9d5-7c8a-485e-b9b8-96288700cc55@group-1F8C02111A4F-StateMachineUpdater: Took a snapshot at index 30
2021-12-01 05:34:14,893 [3049a9d5-7c8a-485e-b9b8-96288700cc55@group-1F8C02111A4F-StateMachineUpdater] INFO  impl.StateMachineUpdater (StateMachineUpdater.java:lambda$new$0(89)) - 3049a9d5-7c8a-485e-b9b8-96288700cc55@group-1F8C02111A4F-StateMachineUpdater: snapshotIndex: updateIncreasingly 25 -> 30
2021-12-01 05:34:14,893 [3049a9d5-7c8a-485e-b9b8-96288700cc55@group-1F8C02111A4F-StateMachineUpdater] INFO  raftlog.RaftLog (RaftLogBase.java:purge(306)) - 3049a9d5-7c8a-485e-b9b8-96288700cc55@group-1F8C02111A4F-SegmentedRaftLog: purge 30
2021-12-01 05:34:14,893 [3049a9d5-7c8a-485e-b9b8-96288700cc55@group-1F8C02111A4F-StateMachineUpdater] INFO  raftlog.RaftLog (RaftLogBase.java:lambda$new$0(53)) - 3049a9d5-7c8a-485e-b9b8-96288700cc55@group-1F8C02111A4F-SegmentedRaftLog: snapshotIndex: updateIncreasingly 25 -> 30
2021-12-01 05:34:14,893 [3049a9d5-7c8a-485e-b9b8-96288700cc55@group-1F8C02111A4F-StateMachineUpdater] INFO  raftlog.RaftLog (RaftLogBase.java:lambda$new$0(53)) - 3049a9d5-7c8a-485e-b9b8-96288700cc55@group-1F8C02111A4F-SegmentedRaftLog: purgeIndex: updateToMax old=25, new=30, updated? true
2021-12-01 05:34:14,908 [71abcc26-9029-4fbf-a56a-b89502f0dfdb@group-9BDD03F14CCC-LeaderElection27] INFO  impl.LeaderElection (LeaderElection.java:askForVotes(308)) - 71abcc26-9029-4fbf-a56a-b89502f0dfdb@group-9BDD03F14CCC-LeaderElection27 ELECTION round 0: result REJECTED
2021-12-01 05:34:14,909 [217d9b70-301a-4977-a69d-31477f551bd1@group-1F8C02111A4F-StateMachineUpdater] INFO  segmented.SegmentedRaftLogWorker (SegmentedRaftLogWorker.java:close(237)) - 217d9b70-301a-4977-a69d-31477f551bd1@group-1F8C02111A4F-SegmentedRaftLogWorker close()
2021-12-01 05:34:14,911 [IPC Server handler 14 on default port 14749] INFO  net.NetworkTopologyImpl (NetworkTopologyImpl.java:add(112)) - Added a new node: /default-rack/50760388-b69f-4e6a-8619-7c3b28224d8a
2021-12-01 05:34:14,911 [IPC Server handler 14 on default port 14749] INFO  node.SCMNodeManager (SCMNodeManager.java:register(389)) - Registered Data node : 50760388-b69f-4e6a-8619-7c3b28224d8a{ip: 127.0.0.1, host: localhost, ports: [REPLICATION=45889, RATIS=41785, RATIS_ADMIN=41785, RATIS_SERVER=41785, STANDALONE=42967], networkLocation: /default-rack, certSerialId: null, persistedOpState: null, persistedOpStateExpiryEpochSec: 0}
2021-12-01 05:34:14,911 [EventQueue-NewNodeForNewNodeHandler] INFO  pipeline.BackgroundPipelineCreator (BackgroundPipelineCreator.java:notifyEventTriggered(279)) - ignore, not leader SCM.
2021-12-01 05:34:14,936 [50760388-b69f-4e6a-8619-7c3b28224d8a@group-9BDD03F14CCC-SegmentedRaftLogWorker] INFO  segmented.SegmentedRaftLogWorker (SegmentedRaftLogWorker.java:execute(601)) - 50760388-b69f-4e6a-8619-7c3b28224d8a@group-9BDD03F14CCC-SegmentedRaftLogWorker: created new log segment /home/runner/work/ozone/ozone/hadoop-ozone/integration-test/target/test-dir/MiniOzoneClusterImpl-18ff7c11-c606-42f1-8c5c-1f8c02111a4f/datanode-2/data/ratis/a4cb820e-ec71-4f61-b24e-9bdd03f14ccc/current/log_inprogress_0
2021-12-01 05:34:14,937 [IPC Server listener on 11600] INFO  ipc.Server (Server.java:run(1376)) - Stopping IPC Server listener on 11600
2021-12-01 05:34:14,938 [IPC Server Responder] INFO  ipc.Server (Server.java:run(1512)) - Stopping IPC Server Responder
2021-12-01 05:34:14,938 [Listener at 127.0.0.1/11600] INFO  server.RaftServer (RaftServerProxy.java:lambda$close$6(391)) - omNode-1: close
2021-12-01 05:34:14,938 [Listener at 127.0.0.1/11600] INFO  server.RaftServer$Division (RaftServerImpl.java:lambda$close$4(412)) - omNode-1@group-523986131536: shutdown
2021-12-01 05:34:14,938 [Listener at 127.0.0.1/11600] INFO  util.JmxRegister (JmxRegister.java:unregister(73)) - Successfully un-registered JMX Bean with object name Ratis:service=RaftServer,group=group-523986131536,id=omNode-1
2021-12-01 05:34:14,938 [Listener at 127.0.0.1/11600] INFO  impl.RoleInfo (RoleInfo.java:shutdownLeaderState(91)) - omNode-1: shutdown omNode-1@group-523986131536-LeaderStateImpl
2021-12-01 05:34:14,938 [Listener at 127.0.0.1/11600] INFO  impl.PendingRequests (PendingRequests.java:sendNotLeaderResponses(282)) - omNode-1@group-523986131536-PendingRequests: sendNotLeaderResponses
2021-12-01 05:34:14,939 [Listener at 127.0.0.1/11600] INFO  impl.StateMachineUpdater (StateMachineUpdater.java:stopAndJoin(149)) - omNode-1@group-523986131536-StateMachineUpdater: set stopIndex = 0
2021-12-01 05:34:14,939 [omNode-1@group-523986131536-StateMachineUpdater] INFO  ratis.OzoneManagerStateMachine (OzoneManagerStateMachine.java:takeSnapshot(417)) - Current Snapshot Index (t:1, i:0)
2021-12-01 05:34:14,939 [omNode-1@group-523986131536-StateMachineUpdater] INFO  impl.StateMachineUpdater (StateMachineUpdater.java:takeSnapshot(281)) - omNode-1@group-523986131536-StateMachineUpdater: Took a snapshot at index 0
2021-12-01 05:34:14,939 [omNode-1@group-523986131536-StateMachineUpdater] INFO  impl.StateMachineUpdater (StateMachineUpdater.java:lambda$new$0(89)) - omNode-1@group-523986131536-StateMachineUpdater: snapshotIndex: updateIncreasingly -1 -> 0
2021-12-01 05:34:14,940 [omNode-1@group-523986131536-StateMachineUpdater] INFO  ratis.OzoneManagerStateMachine (OzoneManagerStateMachine.java:close(471)) - StateMachine has shutdown. Shutdown OzoneManager if not already shutdown.
2021-12-01 05:34:14,940 [Listener at 127.0.0.1/11600] INFO  server.RaftServer$Division (ServerState.java:close(419)) - omNode-1@group-523986131536: closes. applyIndex: 0
2021-12-01 05:34:14,963 [omNode-1@group-523986131536-SegmentedRaftLogWorker] INFO  segmented.SegmentedRaftLogWorker (SegmentedRaftLogWorker.java:run(327)) - omNode-1@group-523986131536-SegmentedRaftLogWorker was interrupted, exiting. There are 0 tasks remaining in the queue.
2021-12-01 05:34:14,975 [Listener at 127.0.0.1/11600] INFO  segmented.SegmentedRaftLogWorker (SegmentedRaftLogWorker.java:close(237)) - omNode-1@group-523986131536-SegmentedRaftLogWorker close()
2021-12-01 05:34:14,995 [Listener at 127.0.0.1/11600] INFO  server.GrpcService (GrpcService.java:closeImpl(262)) - omNode-1: shutdown server with port 11604 now
2021-12-01 05:34:14,997 [Listener at 127.0.0.1/11600] INFO  server.GrpcService (GrpcService.java:closeImpl(271)) - omNode-1: shutdown server with port 11604 successfully
2021-12-01 05:34:14,997 [org.apache.ratis.util.JvmPauseMonitor$$Lambda$499/989520513@2fec2afa] INFO  util.JvmPauseMonitor (JvmPauseMonitor.java:run(109)) - JvmPauseMonitor-omNode-1: Stopped
2021-12-01 05:34:14,997 [Listener at 127.0.0.1/11600] INFO  ratis.OzoneManagerDoubleBuffer (OzoneManagerDoubleBuffer.java:stop(437)) - Stopping OMDoubleBuffer flush thread
2021-12-01 05:34:14,997 [OMDoubleBufferFlushThread] INFO  ratis.OzoneManagerDoubleBuffer (OzoneManagerDoubleBuffer.java:flushTransactions(356)) - OMDoubleBuffer flush thread OMDoubleBufferFlushThread is interrupted and will exit. OMDoubleBufferFlushThread
2021-12-01 05:34:14,997 [Listener at 127.0.0.1/11600] INFO  utils.BackgroundService (BackgroundService.java:shutdown(132)) - Shutting down service KeyDeletingService
2021-12-01 05:34:14,998 [Listener at 127.0.0.1/11600] INFO  utils.BackgroundService (BackgroundService.java:shutdown(132)) - Shutting down service DirectoryDeletingService
2021-12-01 05:34:14,998 [Listener at 127.0.0.1/11600] INFO  handler.ContextHandler (ContextHandler.java:doStop(1153)) - Stopped o.e.j.w.WebAppContext@2d34798d{ozoneManager,/,null,STOPPED}{file:/home/runner/work/ozone/ozone/hadoop-ozone/integration-test/target/test-classes/webapps/ozoneManager}
2021-12-01 05:34:14,999 [Listener at 127.0.0.1/11600] INFO  server.AbstractConnector (AbstractConnector.java:doStop(381)) - Stopped ServerConnector@562c23ca{HTTP/1.1, (http/1.1)}{0.0.0.0:11602}
2021-12-01 05:34:14,999 [Listener at 127.0.0.1/11600] INFO  server.session (HouseKeeper.java:stopScavenging(149)) - node0 Stopped scavenging
2021-12-01 05:34:14,999 [Listener at 127.0.0.1/11600] INFO  handler.ContextHandler (ContextHandler.java:doStop(1153)) - Stopped o.e.j.s.ServletContextHandler@35b7156f{static,/static,file:///home/runner/work/ozone/ozone/hadoop-ozone/integration-test/target/test-classes/webapps/static,STOPPED}
2021-12-01 05:34:15,000 [Listener at 127.0.0.1/11600] INFO  handler.ContextHandler (ContextHandler.java:doStop(1153)) - Stopped o.e.j.s.ServletContextHandler@7c57c200{logs,/logs,file:///home/runner/work/ozone/ozone/hadoop-ozone/integration-test/target/log,STOPPED}
2021-12-01 05:34:15,003 [Listener at 127.0.0.1/11600] INFO  ozone.MiniOzoneHAClusterImpl (MiniOzoneHAClusterImpl.java:stop(324)) - Stopping the StorageContainerManager d9fd8670-dda0-4698-9e6d-057ae1a4980a
2021-12-01 05:34:15,003 [Listener at 127.0.0.1/11600] INFO  server.StorageContainerManager (StorageContainerManager.java:stop(1395)) - Stopping Container Balancer service.
2021-12-01 05:34:15,003 [Listener at 127.0.0.1/11600] INFO  balancer.ContainerBalancer (ContainerBalancer.java:stop(734)) - Container Balancer is not running.
2021-12-01 05:34:15,003 [Listener at 127.0.0.1/11600] INFO  server.StorageContainerManager (StorageContainerManager.java:stop(1402)) - Stopping Replication Manager Service.
2021-12-01 05:34:15,003 [Listener at 127.0.0.1/11600] INFO  container.ReplicationManager (ReplicationManager.java:stop(350)) - Stopping Replication Monitor Thread.
2021-12-01 05:34:15,004 [Listener at 127.0.0.1/11600] INFO  server.StorageContainerManager (StorageContainerManager.java:stop(1409)) - Stopping the Datanode Admin Monitor.
2021-12-01 05:34:15,004 [Listener at 127.0.0.1/11600] INFO  server.StorageContainerManager (StorageContainerManager.java:stop(1416)) - Stopping Lease Manager of the command watchers
2021-12-01 05:34:15,004 [Listener at 127.0.0.1/11600] INFO  server.StorageContainerManager (StorageContainerManager.java:stop(1423)) - Stopping datanode service RPC server
2021-12-01 05:34:15,004 [Listener at 127.0.0.1/11600] INFO  server.SCMDatanodeProtocolServer (SCMDatanodeProtocolServer.java:stop(389)) - Stopping the RPC server for DataNodes
2021-12-01 05:34:15,004 [Listener at 127.0.0.1/11600] INFO  ipc.Server (Server.java:stop(3414)) - Stopping server on 14739
2021-12-01 05:34:15,006 [IPC Server listener on 14739] INFO  ipc.Server (Server.java:run(1376)) - Stopping IPC Server listener on 14739
2021-12-01 05:34:15,010 [IPC Server Responder] INFO  ipc.Server (Server.java:run(1512)) - Stopping IPC Server Responder
2021-12-01 05:34:15,071 [SCM Heartbeat Processing Thread - 0] WARN  node.NodeStateManager (NodeStateManager.java:scheduleNextHealthCheck(799)) - Current Thread is interrupted, shutting down HB processing thread for Node Manager.
2021-12-01 05:34:15,072 [Listener at 127.0.0.1/11600] INFO  server.StorageContainerManager (StorageContainerManager.java:stop(1431)) - Stopping block service RPC server
2021-12-01 05:34:15,072 [Listener at 127.0.0.1/11600] INFO  server.SCMBlockProtocolServer (SCMBlockProtocolServer.java:stop(160)) - Stopping the RPC server for Block Protocol
2021-12-01 05:34:15,072 [Listener at 127.0.0.1/11600] INFO  ipc.Server (Server.java:stop(3414)) - Stopping server on 14740
2021-12-01 05:34:15,073 [IPC Server listener on 14740] INFO  ipc.Server (Server.java:run(1376)) - Stopping IPC Server listener on 14740
2021-12-01 05:34:15,082 [Listener at 127.0.0.1/11600] INFO  server.StorageContainerManager (StorageContainerManager.java:stop(1438)) - Stopping the StorageContainerLocationProtocol RPC server
2021-12-01 05:34:15,082 [Listener at 127.0.0.1/11600] INFO  server.SCMClientProtocolServer (SCMClientProtocolServer.java:stop(173)) - Stopping the RPC server for Client Protocol
2021-12-01 05:34:15,082 [Listener at 127.0.0.1/11600] INFO  ipc.Server (Server.java:stop(3414)) - Stopping server on 14741
2021-12-01 05:34:15,082 [IPC Server Responder] INFO  ipc.Server (Server.java:run(1512)) - Stopping IPC Server Responder
2021-12-01 05:34:15,084 [IPC Server Responder] INFO  ipc.Server (Server.java:run(1512)) - Stopping IPC Server Responder
2021-12-01 05:34:15,084 [Listener at 127.0.0.1/11600] INFO  server.StorageContainerManager (StorageContainerManager.java:stop(1445)) - Stopping Storage Container Manager HTTP server.
2021-12-01 05:34:15,084 [Listener at 127.0.0.1/11600] INFO  handler.ContextHandler (ContextHandler.java:doStop(1153)) - Stopped o.e.j.w.WebAppContext@4c08cf9b{scm,/,null,STOPPED}{file:/home/runner/work/ozone/ozone/hadoop-ozone/integration-test/target/test-classes/webapps/scm}
2021-12-01 05:34:15,086 [IPC Server listener on 14741] INFO  ipc.Server (Server.java:run(1376)) - Stopping IPC Server listener on 14741
2021-12-01 05:34:15,091 [Listener at 127.0.0.1/11600] INFO  server.AbstractConnector (AbstractConnector.java:doStop(381)) - Stopped ServerConnector@70e56195{HTTP/1.1, (http/1.1)}{0.0.0.0:14736}
2021-12-01 05:34:15,091 [Listener at 127.0.0.1/11600] INFO  server.session (HouseKeeper.java:stopScavenging(149)) - node0 Stopped scavenging
2021-12-01 05:34:15,092 [Listener at 127.0.0.1/11600] INFO  handler.ContextHandler (ContextHandler.java:doStop(1153)) - Stopped o.e.j.s.ServletContextHandler@4230d4f{static,/static,file:///home/runner/work/ozone/ozone/hadoop-ozone/integration-test/target/test-classes/webapps/static,STOPPED}
2021-12-01 05:34:15,092 [Listener at 127.0.0.1/11600] INFO  handler.ContextHandler (ContextHandler.java:doStop(1153)) - Stopped o.e.j.s.ServletContextHandler@539d69b7{logs,/logs,file:///home/runner/work/ozone/ozone/hadoop-ozone/integration-test/target/log,STOPPED}
2021-12-01 05:34:15,096 [Listener at 127.0.0.1/11600] INFO  server.StorageContainerManager (StorageContainerManager.java:stop(1456)) - Stopping Block Manager Service.
2021-12-01 05:34:15,096 [Listener at 127.0.0.1/11600] INFO  utils.BackgroundService (BackgroundService.java:shutdown(132)) - Shutting down service SCMBlockDeletingService
2021-12-01 05:34:15,096 [Listener at 127.0.0.1/11600] INFO  utils.BackgroundService (BackgroundService.java:shutdown(132)) - Shutting down service SCMBlockDeletingService
2021-12-01 05:34:15,096 [Listener at 127.0.0.1/11600] INFO  server.StorageContainerManager (StorageContainerManager.java:stop(1483)) - Stopping SCM Event Queue.
2021-12-01 05:34:15,102 [Listener at 127.0.0.1/11600] INFO  server.StorageContainerManager (StorageContainerManager.java:stop(1494)) - Stopping SCM HA services.
2021-12-01 05:34:15,102 [Listener at 127.0.0.1/11600] INFO  ha.SCMRatisServerImpl (SCMRatisServerImpl.java:stop(236)) - stopping ratis server 0.0.0.0:14738
2021-12-01 05:34:15,102 [Listener at 127.0.0.1/11600] INFO  server.RaftServer (RaftServerProxy.java:lambda$close$6(391)) - d9fd8670-dda0-4698-9e6d-057ae1a4980a: close
2021-12-01 05:34:15,103 [Listener at 127.0.0.1/11600] INFO  server.RaftServer$Division (RaftServerImpl.java:lambda$close$4(412)) - d9fd8670-dda0-4698-9e6d-057ae1a4980a@group-1F8C02111A4F: shutdown
2021-12-01 05:34:15,103 [Listener at 127.0.0.1/11600] INFO  util.JmxRegister (JmxRegister.java:unregister(73)) - Successfully un-registered JMX Bean with object name Ratis:service=RaftServer,group=group-1F8C02111A4F,id=d9fd8670-dda0-4698-9e6d-057ae1a4980a
2021-12-01 05:34:15,103 [Listener at 127.0.0.1/11600] INFO  impl.RoleInfo (RoleInfo.java:shutdownFollowerState(108)) - d9fd8670-dda0-4698-9e6d-057ae1a4980a: shutdown d9fd8670-dda0-4698-9e6d-057ae1a4980a@group-1F8C02111A4F-FollowerState
2021-12-01 05:34:15,103 [d9fd8670-dda0-4698-9e6d-057ae1a4980a@group-1F8C02111A4F-FollowerState] INFO  impl.FollowerState (FollowerState.java:run(143)) - d9fd8670-dda0-4698-9e6d-057ae1a4980a@group-1F8C02111A4F-FollowerState was interrupted: {}
java.lang.InterruptedException: sleep interrupted
	at java.lang.Thread.sleep(Native Method)
	at java.lang.Thread.sleep(Thread.java:340)
	at java.util.concurrent.TimeUnit.sleep(TimeUnit.java:386)
	at org.apache.ratis.util.TimeDuration.sleep(TimeDuration.java:324)
	at org.apache.ratis.util.TimeDuration.sleep(TimeDuration.java:309)
	at org.apache.ratis.server.impl.FollowerState.run(FollowerState.java:118)
2021-12-01 05:34:15,104 [d9fd8670-dda0-4698-9e6d-057ae1a4980a@group-1F8C02111A4F-StateMachineUpdater] INFO  ha.SCMStateMachine (SCMStateMachine.java:takeSnapshot(297)) - Current Snapshot Index 29, takeSnapshot took 1 ms
2021-12-01 05:34:15,104 [Listener at 127.0.0.1/11600] INFO  impl.StateMachineUpdater (StateMachineUpdater.java:stopAndJoin(149)) - d9fd8670-dda0-4698-9e6d-057ae1a4980a@group-1F8C02111A4F-StateMachineUpdater: set stopIndex = 29
2021-12-01 05:34:15,104 [d9fd8670-dda0-4698-9e6d-057ae1a4980a@group-1F8C02111A4F-StateMachineUpdater] INFO  impl.StateMachineUpdater (StateMachineUpdater.java:takeSnapshot(281)) - d9fd8670-dda0-4698-9e6d-057ae1a4980a@group-1F8C02111A4F-StateMachineUpdater: Took a snapshot at index 29
2021-12-01 05:34:15,104 [d9fd8670-dda0-4698-9e6d-057ae1a4980a@group-1F8C02111A4F-StateMachineUpdater] INFO  impl.StateMachineUpdater (StateMachineUpdater.java:lambda$new$0(89)) - d9fd8670-dda0-4698-9e6d-057ae1a4980a@group-1F8C02111A4F-StateMachineUpdater: snapshotIndex: updateIncreasingly 28 -> 29
2021-12-01 05:34:15,104 [Listener at 127.0.0.1/11600] INFO  server.RaftServer$Division (ServerState.java:close(419)) - d9fd8670-dda0-4698-9e6d-057ae1a4980a@group-1F8C02111A4F: closes. applyIndex: 28
2021-12-01 05:34:15,105 [d9fd8670-dda0-4698-9e6d-057ae1a4980a@group-1F8C02111A4F-SegmentedRaftLogWorker] INFO  segmented.SegmentedRaftLogWorker (SegmentedRaftLogWorker.java:run(327)) - d9fd8670-dda0-4698-9e6d-057ae1a4980a@group-1F8C02111A4F-SegmentedRaftLogWorker was interrupted, exiting. There are 0 tasks remaining in the queue.
2021-12-01 05:34:15,106 [Listener at 127.0.0.1/11600] INFO  segmented.SegmentedRaftLogWorker (SegmentedRaftLogWorker.java:close(237)) - d9fd8670-dda0-4698-9e6d-057ae1a4980a@group-1F8C02111A4F-SegmentedRaftLogWorker close()
2021-12-01 05:34:15,108 [Listener at 127.0.0.1/11600] INFO  server.GrpcService (GrpcService.java:closeImpl(262)) - d9fd8670-dda0-4698-9e6d-057ae1a4980a: shutdown server with port 14738 now
2021-12-01 05:34:15,110 [grpc-default-executor-5] WARN  server.GrpcServerProtocolService (LogUtils.java:warn(122)) - d9fd8670-dda0-4698-9e6d-057ae1a4980a: installSnapshot onError, lastRequest: 3049a9d5-7c8a-485e-b9b8-96288700cc55->d9fd8670-dda0-4698-9e6d-057ae1a4980a#1139-t2,previous=(t:2, i:29),leaderCommit=29,initializing? true,entries: size=1, first=(t:2, i:30), METADATAENTRY(c:29): org.apache.ratis.thirdparty.io.grpc.StatusRuntimeException: CANCELLED: client cancelled
2021-12-01 05:34:15,110 [grpc-default-executor-5] WARN  server.GrpcLogAppender (LogUtils.java:warn(122)) - 3049a9d5-7c8a-485e-b9b8-96288700cc55@group-1F8C02111A4F->d9fd8670-dda0-4698-9e6d-057ae1a4980a-AppendLogResponseHandler: Failed appendEntries: org.apache.ratis.thirdparty.io.grpc.StatusRuntimeException: CANCELLED: HTTP/2 error code: CANCEL
Received Rst Stream
2021-12-01 05:34:15,111 [grpc-default-executor-5] INFO  leader.FollowerInfo (FollowerInfoImpl.java:lambda$new$0(47)) - 3049a9d5-7c8a-485e-b9b8-96288700cc55@group-1F8C02111A4F->d9fd8670-dda0-4698-9e6d-057ae1a4980a: nextIndex: updateUnconditionally 31 -> 30
2021-12-01 05:34:15,111 [Listener at 127.0.0.1/11600] INFO  server.GrpcService (GrpcService.java:closeImpl(271)) - d9fd8670-dda0-4698-9e6d-057ae1a4980a: shutdown server with port 14738 successfully
2021-12-01 05:34:15,112 [org.apache.ratis.util.JvmPauseMonitor$$Lambda$499/989520513@553c4d0d] INFO  util.JvmPauseMonitor (JvmPauseMonitor.java:run(109)) - JvmPauseMonitor-d9fd8670-dda0-4698-9e6d-057ae1a4980a: Stopped
2021-12-01 05:34:15,112 [Listener at 127.0.0.1/11600] INFO  pipeline.BackgroundPipelineCreator (BackgroundPipelineCreator.java:stop(158)) - Stopping RatisPipelineUtilsThread.
2021-12-01 05:34:15,116 [EndpointStateMachine task thread for /127.0.0.1:14539 - 0 ] INFO  ipc.Client (Client.java:handleConnectionFailure(977)) - Retrying connect to server: localhost/127.0.0.1:14539. Already tried 7 time(s); retry policy is RetryUpToMaximumCountWithFixedSleep(maxRetries=15, sleepTime=1000 MILLISECONDS)
2021-12-01 05:34:15,116 [EndpointStateMachine task thread for /127.0.0.1:14549 - 0 ] INFO  ipc.Client (Client.java:handleConnectionFailure(977)) - Retrying connect to server: localhost/127.0.0.1:14549. Already tried 7 time(s); retry policy is RetryUpToMaximumCountWithFixedSleep(maxRetries=15, sleepTime=1000 MILLISECONDS)
2021-12-01 05:34:15,116 [EndpointStateMachine task thread for /127.0.0.1:14529 - 0 ] INFO  ipc.Client (Client.java:handleConnectionFailure(977)) - Retrying connect to server: localhost/127.0.0.1:14529. Already tried 7 time(s); retry policy is RetryUpToMaximumCountWithFixedSleep(maxRetries=15, sleepTime=1000 MILLISECONDS)
2021-12-01 05:34:15,118 [grpc-default-executor-5] WARN  server.GrpcLogAppender (LogUtils.java:warn(122)) - 3049a9d5-7c8a-485e-b9b8-96288700cc55@group-1F8C02111A4F->d9fd8670-dda0-4698-9e6d-057ae1a4980a-AppendLogResponseHandler: Failed appendEntries: org.apache.ratis.thirdparty.io.grpc.StatusRuntimeException: UNAVAILABLE: io exception
2021-12-01 05:34:15,118 [grpc-default-executor-5] INFO  leader.FollowerInfo (FollowerInfoImpl.java:lambda$new$0(47)) - 3049a9d5-7c8a-485e-b9b8-96288700cc55@group-1F8C02111A4F->d9fd8670-dda0-4698-9e6d-057ae1a4980a: nextIndex: updateUnconditionally 31 -> 30
2021-12-01 05:34:15,120 [Listener at 127.0.0.1/11600] INFO  server.StorageContainerManager (StorageContainerManager.java:stop(1504)) - Stopping SCM MetadataStore.
2021-12-01 05:34:15,121 [Listener at 127.0.0.1/11600] INFO  impl.MetricsSystemImpl (MetricsSystemImpl.java:stop(210)) - Stopping StorageContainerManager metrics system...
2021-12-01 05:34:15,134 [prometheus] INFO  impl.MetricsSinkAdapter (MetricsSinkAdapter.java:publishMetricsFromQueue(141)) - prometheus thread interrupted.
2021-12-01 05:34:15,140 [Listener at 127.0.0.1/11600] INFO  impl.MetricsSystemImpl (MetricsSystemImpl.java:stop(216)) - StorageContainerManager metrics system stopped.
2021-12-01 05:34:15,140 [Listener at 127.0.0.1/11600] INFO  ozone.MiniOzoneHAClusterImpl (MiniOzoneHAClusterImpl.java:stop(324)) - Stopping the StorageContainerManager 217d9b70-301a-4977-a69d-31477f551bd1
2021-12-01 05:34:15,140 [Listener at 127.0.0.1/11600] INFO  server.StorageContainerManager (StorageContainerManager.java:stop(1395)) - Stopping Container Balancer service.
2021-12-01 05:34:15,140 [Listener at 127.0.0.1/11600] INFO  balancer.ContainerBalancer (ContainerBalancer.java:stop(734)) - Container Balancer is not running.
2021-12-01 05:34:15,140 [Listener at 127.0.0.1/11600] INFO  server.StorageContainerManager (StorageContainerManager.java:stop(1402)) - Stopping Replication Manager Service.
2021-12-01 05:34:15,140 [Listener at 127.0.0.1/11600] INFO  container.ReplicationManager (ReplicationManager.java:stop(350)) - Stopping Replication Monitor Thread.
2021-12-01 05:34:15,141 [Listener at 127.0.0.1/11600] INFO  server.StorageContainerManager (StorageContainerManager.java:stop(1409)) - Stopping the Datanode Admin Monitor.
2021-12-01 05:34:15,141 [Listener at 127.0.0.1/11600] INFO  server.StorageContainerManager (StorageContainerManager.java:stop(1416)) - Stopping Lease Manager of the command watchers
2021-12-01 05:34:15,141 [Listener at 127.0.0.1/11600] INFO  server.StorageContainerManager (StorageContainerManager.java:stop(1423)) - Stopping datanode service RPC server
2021-12-01 05:34:15,141 [Listener at 127.0.0.1/11600] INFO  server.SCMDatanodeProtocolServer (SCMDatanodeProtocolServer.java:stop(389)) - Stopping the RPC server for DataNodes
2021-12-01 05:34:15,143 [Listener at 127.0.0.1/11600] INFO  ipc.Server (Server.java:stop(3414)) - Stopping server on 14749
2021-12-01 05:34:15,150 [IPC Server listener on 14749] INFO  ipc.Server (Server.java:run(1376)) - Stopping IPC Server listener on 14749
2021-12-01 05:34:15,150 [IPC Server Responder] INFO  ipc.Server (Server.java:run(1512)) - Stopping IPC Server Responder
2021-12-01 05:34:15,168 [SCM Heartbeat Processing Thread - 0] WARN  node.NodeStateManager (NodeStateManager.java:scheduleNextHealthCheck(799)) - Current Thread is interrupted, shutting down HB processing thread for Node Manager.
2021-12-01 05:34:15,168 [Listener at 127.0.0.1/11600] INFO  server.StorageContainerManager (StorageContainerManager.java:stop(1431)) - Stopping block service RPC server
2021-12-01 05:34:15,168 [Listener at 127.0.0.1/11600] INFO  server.SCMBlockProtocolServer (SCMBlockProtocolServer.java:stop(160)) - Stopping the RPC server for Block Protocol
2021-12-01 05:34:15,169 [Listener at 127.0.0.1/11600] INFO  ipc.Server (Server.java:stop(3414)) - Stopping server on 14750
2021-12-01 05:34:15,170 [IPC Server listener on 14750] INFO  ipc.Server (Server.java:run(1376)) - Stopping IPC Server listener on 14750
2021-12-01 05:34:15,171 [Listener at 127.0.0.1/11600] INFO  server.StorageContainerManager (StorageContainerManager.java:stop(1438)) - Stopping the StorageContainerLocationProtocol RPC server
2021-12-01 05:34:15,171 [Listener at 127.0.0.1/11600] INFO  server.SCMClientProtocolServer (SCMClientProtocolServer.java:stop(173)) - Stopping the RPC server for Client Protocol
2021-12-01 05:34:15,171 [Listener at 127.0.0.1/11600] INFO  ipc.Server (Server.java:stop(3414)) - Stopping server on 14751
2021-12-01 05:34:15,171 [IPC Server Responder] INFO  ipc.Server (Server.java:run(1512)) - Stopping IPC Server Responder
2021-12-01 05:34:15,175 [IPC Server listener on 14751] INFO  ipc.Server (Server.java:run(1376)) - Stopping IPC Server listener on 14751
2021-12-01 05:34:15,175 [Listener at 127.0.0.1/11600] INFO  server.StorageContainerManager (StorageContainerManager.java:stop(1445)) - Stopping Storage Container Manager HTTP server.
2021-12-01 05:34:15,175 [Listener at 127.0.0.1/11600] INFO  handler.ContextHandler (ContextHandler.java:doStop(1153)) - Stopped o.e.j.w.WebAppContext@20b6b918{scm,/,null,STOPPED}{file:/home/runner/work/ozone/ozone/hadoop-ozone/integration-test/target/test-classes/webapps/scm}
2021-12-01 05:34:15,176 [IPC Server Responder] INFO  ipc.Server (Server.java:run(1512)) - Stopping IPC Server Responder
2021-12-01 05:34:15,178 [Listener at 127.0.0.1/11600] INFO  server.AbstractConnector (AbstractConnector.java:doStop(381)) - Stopped ServerConnector@73153938{HTTP/1.1, (http/1.1)}{0.0.0.0:14746}
2021-12-01 05:34:15,179 [Listener at 127.0.0.1/11600] INFO  server.session (HouseKeeper.java:stopScavenging(149)) - node0 Stopped scavenging
2021-12-01 05:34:15,180 [Listener at 127.0.0.1/11600] INFO  handler.ContextHandler (ContextHandler.java:doStop(1153)) - Stopped o.e.j.s.ServletContextHandler@7e561665{static,/static,file:///home/runner/work/ozone/ozone/hadoop-ozone/integration-test/target/test-classes/webapps/static,STOPPED}
2021-12-01 05:34:15,180 [Listener at 127.0.0.1/11600] INFO  handler.ContextHandler (ContextHandler.java:doStop(1153)) - Stopped o.e.j.s.ServletContextHandler@7c510a83{logs,/logs,file:///home/runner/work/ozone/ozone/hadoop-ozone/integration-test/target/log,STOPPED}
2021-12-01 05:34:15,181 [Listener at 127.0.0.1/11600] INFO  server.StorageContainerManager (StorageContainerManager.java:stop(1456)) - Stopping Block Manager Service.
2021-12-01 05:34:15,181 [Listener at 127.0.0.1/11600] INFO  utils.BackgroundService (BackgroundService.java:shutdown(132)) - Shutting down service SCMBlockDeletingService
2021-12-01 05:34:15,181 [Listener at 127.0.0.1/11600] INFO  utils.BackgroundService (BackgroundService.java:shutdown(132)) - Shutting down service SCMBlockDeletingService
2021-12-01 05:34:15,181 [Listener at 127.0.0.1/11600] INFO  server.StorageContainerManager (StorageContainerManager.java:stop(1483)) - Stopping SCM Event Queue.
2021-12-01 05:34:15,189 [Listener at 127.0.0.1/11600] INFO  server.StorageContainerManager (StorageContainerManager.java:stop(1494)) - Stopping SCM HA services.
2021-12-01 05:34:15,189 [Listener at 127.0.0.1/11600] INFO  ha.SCMRatisServerImpl (SCMRatisServerImpl.java:stop(236)) - stopping ratis server 0.0.0.0:14748
2021-12-01 05:34:15,189 [Listener at 127.0.0.1/11600] INFO  server.RaftServer (RaftServerProxy.java:lambda$close$6(391)) - 217d9b70-301a-4977-a69d-31477f551bd1: close
2021-12-01 05:34:15,189 [Listener at 127.0.0.1/11600] INFO  server.GrpcService (GrpcService.java:closeImpl(262)) - 217d9b70-301a-4977-a69d-31477f551bd1: shutdown server with port 14748 now
2021-12-01 05:34:15,191 [grpc-default-executor-4] WARN  server.GrpcServerProtocolService (LogUtils.java:warn(122)) - 217d9b70-301a-4977-a69d-31477f551bd1: installSnapshot onError, lastRequest: 3049a9d5-7c8a-485e-b9b8-96288700cc55->217d9b70-301a-4977-a69d-31477f551bd1#23-t2,previous=(t:2, i:29),leaderCommit=29,initializing? true,entries: size=1, first=(t:2, i:30), METADATAENTRY(c:29): org.apache.ratis.thirdparty.io.grpc.StatusRuntimeException: CANCELLED: client cancelled
2021-12-01 05:34:15,191 [grpc-default-executor-2] WARN  server.GrpcLogAppender (LogUtils.java:warn(122)) - 3049a9d5-7c8a-485e-b9b8-96288700cc55@group-1F8C02111A4F->217d9b70-301a-4977-a69d-31477f551bd1-AppendLogResponseHandler: Failed appendEntries: org.apache.ratis.thirdparty.io.grpc.StatusRuntimeException: CANCELLED: HTTP/2 error code: CANCEL
Received Rst Stream
2021-12-01 05:34:15,191 [grpc-default-executor-2] INFO  leader.FollowerInfo (FollowerInfoImpl.java:lambda$new$0(47)) - 3049a9d5-7c8a-485e-b9b8-96288700cc55@group-1F8C02111A4F->217d9b70-301a-4977-a69d-31477f551bd1: nextIndex: updateUnconditionally 31 -> 30
2021-12-01 05:34:15,192 [Listener at 127.0.0.1/11600] INFO  server.GrpcService (GrpcService.java:closeImpl(271)) - 217d9b70-301a-4977-a69d-31477f551bd1: shutdown server with port 14748 successfully
2021-12-01 05:34:15,192 [org.apache.ratis.util.JvmPauseMonitor$$Lambda$499/989520513@44261d79] INFO  util.JvmPauseMonitor (JvmPauseMonitor.java:run(109)) - JvmPauseMonitor-217d9b70-301a-4977-a69d-31477f551bd1: Stopped
2021-12-01 05:34:15,192 [Listener at 127.0.0.1/11600] INFO  pipeline.BackgroundPipelineCreator (BackgroundPipelineCreator.java:stop(158)) - Stopping RatisPipelineUtilsThread.
2021-12-01 05:34:15,193 [Listener at 127.0.0.1/11600] INFO  server.StorageContainerManager (StorageContainerManager.java:stop(1504)) - Stopping SCM MetadataStore.
2021-12-01 05:34:15,195 [Listener at 127.0.0.1/11600] INFO  impl.MetricsSystemImpl (MetricsSystemImpl.java:stop(205)) - StorageContainerManager metrics system stopped (again)
2021-12-01 05:34:15,199 [Listener at 127.0.0.1/11600] INFO  ozone.MiniOzoneHAClusterImpl (MiniOzoneHAClusterImpl.java:stop(324)) - Stopping the StorageContainerManager 3049a9d5-7c8a-485e-b9b8-96288700cc55
2021-12-01 05:34:15,199 [Listener at 127.0.0.1/11600] INFO  server.StorageContainerManager (StorageContainerManager.java:stop(1395)) - Stopping Container Balancer service.
2021-12-01 05:34:15,199 [Listener at 127.0.0.1/11600] INFO  balancer.ContainerBalancer (ContainerBalancer.java:stop(734)) - Container Balancer is not running.
2021-12-01 05:34:15,200 [Listener at 127.0.0.1/11600] INFO  server.StorageContainerManager (StorageContainerManager.java:stop(1402)) - Stopping Replication Manager Service.
2021-12-01 05:34:15,200 [Listener at 127.0.0.1/11600] INFO  container.ReplicationManager (ReplicationManager.java:stop(350)) - Stopping Replication Monitor Thread.
2021-12-01 05:34:15,202 [Listener at 127.0.0.1/11600] INFO  server.StorageContainerManager (StorageContainerManager.java:stop(1409)) - Stopping the Datanode Admin Monitor.
2021-12-01 05:34:15,202 [Listener at 127.0.0.1/11600] INFO  server.StorageContainerManager (StorageContainerManager.java:stop(1416)) - Stopping Lease Manager of the command watchers
2021-12-01 05:34:15,202 [grpc-default-executor-2] WARN  server.GrpcLogAppender (LogUtils.java:warn(122)) - 3049a9d5-7c8a-485e-b9b8-96288700cc55@group-1F8C02111A4F->217d9b70-301a-4977-a69d-31477f551bd1-AppendLogResponseHandler: Failed appendEntries: org.apache.ratis.thirdparty.io.grpc.StatusRuntimeException: UNAVAILABLE: io exception
2021-12-01 05:34:15,202 [Listener at 127.0.0.1/11600] INFO  server.StorageContainerManager (StorageContainerManager.java:stop(1423)) - Stopping datanode service RPC server
2021-12-01 05:34:15,202 [Listener at 127.0.0.1/11600] INFO  server.SCMDatanodeProtocolServer (SCMDatanodeProtocolServer.java:stop(389)) - Stopping the RPC server for DataNodes
2021-12-01 05:34:15,202 [Listener at 127.0.0.1/11600] INFO  ipc.Server (Server.java:stop(3414)) - Stopping server on 14729
2021-12-01 05:34:15,202 [grpc-default-executor-2] INFO  leader.FollowerInfo (FollowerInfoImpl.java:lambda$new$0(47)) - 3049a9d5-7c8a-485e-b9b8-96288700cc55@group-1F8C02111A4F->217d9b70-301a-4977-a69d-31477f551bd1: nextIndex: updateUnconditionally 31 -> 30
2021-12-01 05:34:15,210 [IPC Server listener on 14729] INFO  ipc.Server (Server.java:run(1376)) - Stopping IPC Server listener on 14729
2021-12-01 05:34:15,210 [IPC Server Responder] INFO  ipc.Server (Server.java:run(1512)) - Stopping IPC Server Responder
2021-12-01 05:34:15,215 [EndpointStateMachine task thread for /127.0.0.1:14749 - 0 ] WARN  statemachine.EndpointStateMachine (EndpointStateMachine.java:logIfNeeded(236)) - Unable to communicate to SCM server at localhost:14749 for past 0 seconds.
java.io.EOFException: End of File Exception between local host is: "fv-az297-56/10.1.0.22"; destination host is: "localhost":14749; : java.io.EOFException; For more details see:  http://wiki.apache.org/hadoop/EOFException
	at sun.reflect.NativeConstructorAccessorImpl.newInstance0(Native Method)
	at sun.reflect.NativeConstructorAccessorImpl.newInstance(NativeConstructorAccessorImpl.java:62)
	at sun.reflect.DelegatingConstructorAccessorImpl.newInstance(DelegatingConstructorAccessorImpl.java:45)
	at java.lang.reflect.Constructor.newInstance(Constructor.java:423)
	at org.apache.hadoop.net.NetUtils.wrapWithMessage(NetUtils.java:913)
	at org.apache.hadoop.net.NetUtils.wrapException(NetUtils.java:862)
	at org.apache.hadoop.ipc.Client.getRpcResponse(Client.java:1577)
	at org.apache.hadoop.ipc.Client.call(Client.java:1519)
	at org.apache.hadoop.ipc.Client.call(Client.java:1416)
	at org.apache.hadoop.ipc.ProtobufRpcEngine$Invoker.invoke(ProtobufRpcEngine.java:236)
	at org.apache.hadoop.ipc.ProtobufRpcEngine$Invoker.invoke(ProtobufRpcEngine.java:123)
	at com.sun.proxy.$Proxy48.submitRequest(Unknown Source)
	at org.apache.hadoop.ozone.protocolPB.StorageContainerDatanodeProtocolClientSideTranslatorPB.submitRequest(StorageContainerDatanodeProtocolClientSideTranslatorPB.java:117)
	at org.apache.hadoop.ozone.protocolPB.StorageContainerDatanodeProtocolClientSideTranslatorPB.register(StorageContainerDatanodeProtocolClientSideTranslatorPB.java:180)
	at org.apache.hadoop.ozone.container.common.states.endpoint.RegisterEndpointTask.call(RegisterEndpointTask.java:158)
	at org.apache.hadoop.ozone.container.common.states.endpoint.RegisterEndpointTask.call(RegisterEndpointTask.java:52)
	at java.util.concurrent.FutureTask.run(FutureTask.java:266)
	at java.util.concurrent.ThreadPoolExecutor.runWorker(ThreadPoolExecutor.java:1149)
	at java.util.concurrent.ThreadPoolExecutor$Worker.run(ThreadPoolExecutor.java:624)
	at java.lang.Thread.run(Thread.java:748)
Caused by: java.io.EOFException
	at java.io.DataInputStream.readInt(DataInputStream.java:392)
	at org.apache.hadoop.ipc.Client$IpcStreams.readResponse(Client.java:1892)
	at org.apache.hadoop.ipc.Client$Connection.receiveRpcResponse(Client.java:1202)
	at org.apache.hadoop.ipc.Client$Connection.run(Client.java:1098)
2021-12-01 05:34:15,217 [EndpointStateMachine task thread for /127.0.0.1:14739 - 0 ] WARN  statemachine.EndpointStateMachine (EndpointStateMachine.java:logIfNeeded(236)) - Unable to communicate to SCM server at localhost:14739 for past 0 seconds.
java.io.EOFException: End of File Exception between local host is: "fv-az297-56/10.1.0.22"; destination host is: "localhost":14739; : java.io.EOFException; For more details see:  http://wiki.apache.org/hadoop/EOFException
	at sun.reflect.NativeConstructorAccessorImpl.newInstance0(Native Method)
	at sun.reflect.NativeConstructorAccessorImpl.newInstance(NativeConstructorAccessorImpl.java:62)
	at sun.reflect.DelegatingConstructorAccessorImpl.newInstance(DelegatingConstructorAccessorImpl.java:45)
	at java.lang.reflect.Constructor.newInstance(Constructor.java:423)
	at org.apache.hadoop.net.NetUtils.wrapWithMessage(NetUtils.java:913)
	at org.apache.hadoop.net.NetUtils.wrapException(NetUtils.java:862)
	at org.apache.hadoop.ipc.Client.getRpcResponse(Client.java:1577)
	at org.apache.hadoop.ipc.Client.call(Client.java:1519)
	at org.apache.hadoop.ipc.Client.call(Client.java:1416)
	at org.apache.hadoop.ipc.ProtobufRpcEngine$Invoker.invoke(ProtobufRpcEngine.java:236)
	at org.apache.hadoop.ipc.ProtobufRpcEngine$Invoker.invoke(ProtobufRpcEngine.java:123)
	at com.sun.proxy.$Proxy48.submitRequest(Unknown Source)
	at org.apache.hadoop.ozone.protocolPB.StorageContainerDatanodeProtocolClientSideTranslatorPB.submitRequest(StorageContainerDatanodeProtocolClientSideTranslatorPB.java:117)
	at org.apache.hadoop.ozone.protocolPB.StorageContainerDatanodeProtocolClientSideTranslatorPB.sendHeartbeat(StorageContainerDatanodeProtocolClientSideTranslatorPB.java:149)
	at org.apache.hadoop.ozone.container.common.states.endpoint.HeartbeatEndpointTask.call(HeartbeatEndpointTask.java:179)
	at org.apache.hadoop.ozone.container.common.states.endpoint.HeartbeatEndpointTask.call(HeartbeatEndpointTask.java:82)
	at java.util.concurrent.FutureTask.run(FutureTask.java:266)
	at java.util.concurrent.ThreadPoolExecutor.runWorker(ThreadPoolExecutor.java:1149)
	at java.util.concurrent.ThreadPoolExecutor$Worker.run(ThreadPoolExecutor.java:624)
	at java.lang.Thread.run(Thread.java:748)
Caused by: java.io.EOFException
	at java.io.DataInputStream.readInt(DataInputStream.java:392)
	at org.apache.hadoop.ipc.Client$IpcStreams.readResponse(Client.java:1892)
	at org.apache.hadoop.ipc.Client$Connection.receiveRpcResponse(Client.java:1202)
	at org.apache.hadoop.ipc.Client$Connection.run(Client.java:1098)
2021-12-01 05:34:15,216 [EndpointStateMachine task thread for /127.0.0.1:14729 - 0 ] WARN  statemachine.EndpointStateMachine (EndpointStateMachine.java:logIfNeeded(236)) - Unable to communicate to SCM server at localhost:14729 for past 0 seconds.
java.io.EOFException: End of File Exception between local host is: "fv-az297-56/10.1.0.22"; destination host is: "localhost":14729; : java.io.EOFException; For more details see:  http://wiki.apache.org/hadoop/EOFException
	at sun.reflect.NativeConstructorAccessorImpl.newInstance0(Native Method)
	at sun.reflect.NativeConstructorAccessorImpl.newInstance(NativeConstructorAccessorImpl.java:62)
	at sun.reflect.DelegatingConstructorAccessorImpl.newInstance(DelegatingConstructorAccessorImpl.java:45)
	at java.lang.reflect.Constructor.newInstance(Constructor.java:423)
	at org.apache.hadoop.net.NetUtils.wrapWithMessage(NetUtils.java:913)
	at org.apache.hadoop.net.NetUtils.wrapException(NetUtils.java:862)
	at org.apache.hadoop.ipc.Client.getRpcResponse(Client.java:1577)
	at org.apache.hadoop.ipc.Client.call(Client.java:1519)
	at org.apache.hadoop.ipc.Client.call(Client.java:1416)
	at org.apache.hadoop.ipc.ProtobufRpcEngine$Invoker.invoke(ProtobufRpcEngine.java:236)
	at org.apache.hadoop.ipc.ProtobufRpcEngine$Invoker.invoke(ProtobufRpcEngine.java:123)
	at com.sun.proxy.$Proxy48.submitRequest(Unknown Source)
	at org.apache.hadoop.ozone.protocolPB.StorageContainerDatanodeProtocolClientSideTranslatorPB.submitRequest(StorageContainerDatanodeProtocolClientSideTranslatorPB.java:117)
	at org.apache.hadoop.ozone.protocolPB.StorageContainerDatanodeProtocolClientSideTranslatorPB.sendHeartbeat(StorageContainerDatanodeProtocolClientSideTranslatorPB.java:149)
	at org.apache.hadoop.ozone.container.common.states.endpoint.HeartbeatEndpointTask.call(HeartbeatEndpointTask.java:179)
	at org.apache.hadoop.ozone.container.common.states.endpoint.HeartbeatEndpointTask.call(HeartbeatEndpointTask.java:82)
	at java.util.concurrent.FutureTask.run(FutureTask.java:266)
	at java.util.concurrent.ThreadPoolExecutor.runWorker(ThreadPoolExecutor.java:1149)
	at java.util.concurrent.ThreadPoolExecutor$Worker.run(ThreadPoolExecutor.java:624)
	at java.lang.Thread.run(Thread.java:748)
Caused by: java.io.EOFException
	at java.io.DataInputStream.readInt(DataInputStream.java:392)
	at org.apache.hadoop.ipc.Client$IpcStreams.readResponse(Client.java:1892)
	at org.apache.hadoop.ipc.Client$Connection.receiveRpcResponse(Client.java:1202)
	at org.apache.hadoop.ipc.Client$Connection.run(Client.java:1098)
2021-12-01 05:34:16,116 [EndpointStateMachine task thread for /127.0.0.1:14539 - 0 ] INFO  ipc.Client (Client.java:handleConnectionFailure(977)) - Retrying connect to server: localhost/127.0.0.1:14539. Already tried 8 time(s); retry policy is RetryUpToMaximumCountWithFixedSleep(maxRetries=15, sleepTime=1000 MILLISECONDS)
2021-12-01 05:34:16,117 [EndpointStateMachine task thread for /127.0.0.1:14529 - 0 ] INFO  ipc.Client (Client.java:handleConnectionFailure(977)) - Retrying connect to server: localhost/127.0.0.1:14529. Already tried 8 time(s); retry policy is RetryUpToMaximumCountWithFixedSleep(maxRetries=15, sleepTime=1000 MILLISECONDS)
2021-12-01 05:34:16,117 [EndpointStateMachine task thread for /127.0.0.1:14549 - 0 ] INFO  ipc.Client (Client.java:handleConnectionFailure(977)) - Retrying connect to server: localhost/127.0.0.1:14549. Already tried 8 time(s); retry policy is RetryUpToMaximumCountWithFixedSleep(maxRetries=15, sleepTime=1000 MILLISECONDS)
2021-12-01 05:34:16,741 [EndpointStateMachine task thread for /127.0.0.1:14739 - 0 ] INFO  ipc.Client (Client.java:handleConnectionFailure(977)) - Retrying connect to server: localhost/127.0.0.1:14739. Already tried 0 time(s); retry policy is RetryUpToMaximumCountWithFixedSleep(maxRetries=15, sleepTime=1000 MILLISECONDS)
2021-12-01 05:34:16,742 [EndpointStateMachine task thread for /127.0.0.1:14729 - 0 ] INFO  ipc.Client (Client.java:handleConnectionFailure(977)) - Retrying connect to server: localhost/127.0.0.1:14729. Already tried 0 time(s); retry policy is RetryUpToMaximumCountWithFixedSleep(maxRetries=15, sleepTime=1000 MILLISECONDS)
2021-12-01 05:34:16,742 [EndpointStateMachine task thread for /127.0.0.1:14749 - 0 ] INFO  ipc.Client (Client.java:handleConnectionFailure(977)) - Retrying connect to server: localhost/127.0.0.1:14749. Already tried 0 time(s); retry policy is RetryUpToMaximumCountWithFixedSleep(maxRetries=15, sleepTime=1000 MILLISECONDS)
2021-12-01 05:34:17,117 [EndpointStateMachine task thread for /127.0.0.1:14539 - 0 ] INFO  ipc.Client (Client.java:handleConnectionFailure(977)) - Retrying connect to server: localhost/127.0.0.1:14539. Already tried 9 time(s); retry policy is RetryUpToMaximumCountWithFixedSleep(maxRetries=15, sleepTime=1000 MILLISECONDS)
2021-12-01 05:34:17,118 [EndpointStateMachine task thread for /127.0.0.1:14529 - 0 ] INFO  ipc.Client (Client.java:handleConnectionFailure(977)) - Retrying connect to server: localhost/127.0.0.1:14529. Already tried 9 time(s); retry policy is RetryUpToMaximumCountWithFixedSleep(maxRetries=15, sleepTime=1000 MILLISECONDS)
2021-12-01 05:34:17,118 [EndpointStateMachine task thread for /127.0.0.1:14549 - 0 ] INFO  ipc.Client (Client.java:handleConnectionFailure(977)) - Retrying connect to server: localhost/127.0.0.1:14549. Already tried 9 time(s); retry policy is RetryUpToMaximumCountWithFixedSleep(maxRetries=15, sleepTime=1000 MILLISECONDS)
2021-12-01 05:34:17,558 [SCM Heartbeat Processing Thread - 0] WARN  node.NodeStateManager (NodeStateManager.java:scheduleNextHealthCheck(799)) - Current Thread is interrupted, shutting down HB processing thread for Node Manager.
2021-12-01 05:34:17,558 [Listener at 127.0.0.1/11600] INFO  server.StorageContainerManager (StorageContainerManager.java:stop(1431)) - Stopping block service RPC server
2021-12-01 05:34:17,558 [Listener at 127.0.0.1/11600] INFO  server.SCMBlockProtocolServer (SCMBlockProtocolServer.java:stop(160)) - Stopping the RPC server for Block Protocol
2021-12-01 05:34:17,558 [Listener at 127.0.0.1/11600] INFO  ipc.Server (Server.java:stop(3414)) - Stopping server on 14730
2021-12-01 05:34:17,563 [IPC Server listener on 14730] INFO  ipc.Server (Server.java:run(1376)) - Stopping IPC Server listener on 14730
2021-12-01 05:34:17,563 [Listener at 127.0.0.1/11600] INFO  server.StorageContainerManager (StorageContainerManager.java:stop(1438)) - Stopping the StorageContainerLocationProtocol RPC server
2021-12-01 05:34:17,563 [Listener at 127.0.0.1/11600] INFO  server.SCMClientProtocolServer (SCMClientProtocolServer.java:stop(173)) - Stopping the RPC server for Client Protocol
2021-12-01 05:34:17,563 [Listener at 127.0.0.1/11600] INFO  ipc.Server (Server.java:stop(3414)) - Stopping server on 14731
2021-12-01 05:34:17,563 [IPC Server Responder] INFO  ipc.Server (Server.java:run(1512)) - Stopping IPC Server Responder
2021-12-01 05:34:17,569 [IPC Server listener on 14731] INFO  ipc.Server (Server.java:run(1376)) - Stopping IPC Server listener on 14731
2021-12-01 05:34:17,570 [IPC Server Responder] INFO  ipc.Server (Server.java:run(1512)) - Stopping IPC Server Responder
2021-12-01 05:34:17,571 [Listener at 127.0.0.1/11600] INFO  server.StorageContainerManager (StorageContainerManager.java:stop(1445)) - Stopping Storage Container Manager HTTP server.
2021-12-01 05:34:17,572 [Listener at 127.0.0.1/11600] INFO  handler.ContextHandler (ContextHandler.java:doStop(1153)) - Stopped o.e.j.w.WebAppContext@4ae35819{scm,/,null,STOPPED}{file:/home/runner/work/ozone/ozone/hadoop-ozone/integration-test/target/test-classes/webapps/scm}
2021-12-01 05:34:17,574 [Listener at 127.0.0.1/11600] INFO  server.AbstractConnector (AbstractConnector.java:doStop(381)) - Stopped ServerConnector@60873af4{HTTP/1.1, (http/1.1)}{0.0.0.0:14726}
2021-12-01 05:34:17,574 [Listener at 127.0.0.1/11600] INFO  server.session (HouseKeeper.java:stopScavenging(149)) - node0 Stopped scavenging
2021-12-01 05:34:17,574 [Listener at 127.0.0.1/11600] INFO  handler.ContextHandler (ContextHandler.java:doStop(1153)) - Stopped o.e.j.s.ServletContextHandler@3265285b{static,/static,file:///home/runner/work/ozone/ozone/hadoop-ozone/integration-test/target/test-classes/webapps/static,STOPPED}
2021-12-01 05:34:17,575 [Listener at 127.0.0.1/11600] INFO  handler.ContextHandler (ContextHandler.java:doStop(1153)) - Stopped o.e.j.s.ServletContextHandler@701cf3dc{logs,/logs,file:///home/runner/work/ozone/ozone/hadoop-ozone/integration-test/target/log,STOPPED}
2021-12-01 05:34:17,575 [Listener at 127.0.0.1/11600] INFO  server.StorageContainerManager (StorageContainerManager.java:stop(1456)) - Stopping Block Manager Service.
2021-12-01 05:34:17,576 [Listener at 127.0.0.1/11600] INFO  utils.BackgroundService (BackgroundService.java:shutdown(132)) - Shutting down service SCMBlockDeletingService
2021-12-01 05:34:17,576 [Listener at 127.0.0.1/11600] INFO  utils.BackgroundService (BackgroundService.java:shutdown(132)) - Shutting down service SCMBlockDeletingService
2021-12-01 05:34:17,576 [Listener at 127.0.0.1/11600] INFO  server.StorageContainerManager (StorageContainerManager.java:stop(1483)) - Stopping SCM Event Queue.
2021-12-01 05:34:17,577 [Listener at 127.0.0.1/11600] INFO  server.StorageContainerManager (StorageContainerManager.java:stop(1494)) - Stopping SCM HA services.
2021-12-01 05:34:17,578 [Listener at 127.0.0.1/11600] INFO  ha.SCMRatisServerImpl (SCMRatisServerImpl.java:stop(236)) - stopping ratis server 0.0.0.0:14728
2021-12-01 05:34:17,578 [Listener at 127.0.0.1/11600] INFO  server.RaftServer (RaftServerProxy.java:lambda$close$6(391)) - 3049a9d5-7c8a-485e-b9b8-96288700cc55: close
2021-12-01 05:34:17,578 [Listener at 127.0.0.1/11600] INFO  server.RaftServer$Division (RaftServerImpl.java:lambda$close$4(412)) - 3049a9d5-7c8a-485e-b9b8-96288700cc55@group-1F8C02111A4F: shutdown
2021-12-01 05:34:17,579 [Listener at 127.0.0.1/11600] INFO  util.JmxRegister (JmxRegister.java:unregister(73)) - Successfully un-registered JMX Bean with object name Ratis:service=RaftServer,group=group-1F8C02111A4F,id=3049a9d5-7c8a-485e-b9b8-96288700cc55
2021-12-01 05:34:17,579 [Listener at 127.0.0.1/11600] INFO  impl.RoleInfo (RoleInfo.java:shutdownLeaderState(91)) - 3049a9d5-7c8a-485e-b9b8-96288700cc55: shutdown 3049a9d5-7c8a-485e-b9b8-96288700cc55@group-1F8C02111A4F-LeaderStateImpl
2021-12-01 05:34:17,588 [3049a9d5-7c8a-485e-b9b8-96288700cc55@group-1F8C02111A4F->217d9b70-301a-4977-a69d-31477f551bd1-GrpcLogAppender-LogAppenderDaemon] WARN  server.GrpcLogAppender (GrpcLogAppender.java:mayWait(177)) - 3049a9d5-7c8a-485e-b9b8-96288700cc55@group-1F8C02111A4F->217d9b70-301a-4977-a69d-31477f551bd1-GrpcLogAppender: Wait interrupted by java.lang.InterruptedException
2021-12-01 05:34:17,589 [3049a9d5-7c8a-485e-b9b8-96288700cc55@group-1F8C02111A4F->d9fd8670-dda0-4698-9e6d-057ae1a4980a-GrpcLogAppender-LogAppenderDaemon] WARN  server.GrpcLogAppender (GrpcLogAppender.java:mayWait(177)) - 3049a9d5-7c8a-485e-b9b8-96288700cc55@group-1F8C02111A4F->d9fd8670-dda0-4698-9e6d-057ae1a4980a-GrpcLogAppender: Wait interrupted by java.lang.InterruptedException
2021-12-01 05:34:17,589 [Listener at 127.0.0.1/11600] INFO  impl.PendingRequests (PendingRequests.java:sendNotLeaderResponses(282)) - 3049a9d5-7c8a-485e-b9b8-96288700cc55@group-1F8C02111A4F-PendingRequests: sendNotLeaderResponses
2021-12-01 05:34:17,589 [Listener at 127.0.0.1/11600] INFO  ha.SCMStateMachine (SCMStateMachine.java:notifyNotLeader(190)) - current leader SCM steps down.
2021-12-01 05:34:17,589 [Listener at 127.0.0.1/11600] INFO  ha.SCMContext (SCMContext.java:updateLeaderAndTerm(88)) - update <isLeader,term> from <true,2> to <false,0>
2021-12-01 05:34:17,591 [Listener at 127.0.0.1/11600] INFO  ha.SCMContext (SCMContext.java:updateLeaderAndTerm(95)) - update <isLeaderReady> from <false> to <false>
2021-12-01 05:34:17,603 [Listener at 127.0.0.1/11600] INFO  impl.StateMachineUpdater (StateMachineUpdater.java:stopAndJoin(149)) - 3049a9d5-7c8a-485e-b9b8-96288700cc55@group-1F8C02111A4F-StateMachineUpdater: set stopIndex = 30
2021-12-01 05:34:17,603 [Listener at 127.0.0.1/11600] INFO  server.RaftServer$Division (ServerState.java:close(419)) - 3049a9d5-7c8a-485e-b9b8-96288700cc55@group-1F8C02111A4F: closes. applyIndex: 30
2021-12-01 05:34:17,603 [3049a9d5-7c8a-485e-b9b8-96288700cc55@group-1F8C02111A4F-SegmentedRaftLogWorker] INFO  segmented.SegmentedRaftLogWorker (SegmentedRaftLogWorker.java:run(327)) - 3049a9d5-7c8a-485e-b9b8-96288700cc55@group-1F8C02111A4F-SegmentedRaftLogWorker was interrupted, exiting. There are 0 tasks remaining in the queue.
2021-12-01 05:34:17,604 [Listener at 127.0.0.1/11600] INFO  segmented.SegmentedRaftLogWorker (SegmentedRaftLogWorker.java:close(237)) - 3049a9d5-7c8a-485e-b9b8-96288700cc55@group-1F8C02111A4F-SegmentedRaftLogWorker close()
2021-12-01 05:34:17,614 [Listener at 127.0.0.1/11600] INFO  server.GrpcService (GrpcService.java:closeImpl(262)) - 3049a9d5-7c8a-485e-b9b8-96288700cc55: shutdown server with port 14728 now
2021-12-01 05:34:17,615 [Listener at 127.0.0.1/11600] INFO  server.GrpcService (GrpcService.java:closeImpl(271)) - 3049a9d5-7c8a-485e-b9b8-96288700cc55: shutdown server with port 14728 successfully
2021-12-01 05:34:17,615 [org.apache.ratis.util.JvmPauseMonitor$$Lambda$499/989520513@2f73cc9d] INFO  util.JvmPauseMonitor (JvmPauseMonitor.java:run(109)) - JvmPauseMonitor-3049a9d5-7c8a-485e-b9b8-96288700cc55: Stopped
2021-12-01 05:34:17,638 [Listener at 127.0.0.1/11600] INFO  pipeline.BackgroundPipelineCreator (BackgroundPipelineCreator.java:stop(158)) - Stopping RatisPipelineUtilsThread.
2021-12-01 05:34:17,638 [Listener at 127.0.0.1/11600] INFO  server.StorageContainerManager (StorageContainerManager.java:stop(1504)) - Stopping SCM MetadataStore.
2021-12-01 05:34:17,639 [Listener at 127.0.0.1/11600] INFO  impl.MetricsSystemImpl (MetricsSystemImpl.java:stop(205)) - StorageContainerManager metrics system stopped (again)
2021-12-01 05:34:17,639 [Listener at 127.0.0.1/11600] INFO  ozone.MiniOzoneClusterImpl (MiniOzoneClusterImpl.java:stop(468)) - Stopping the Mini Ozone Cluster
2021-12-01 05:34:17,639 [Listener at 127.0.0.1/11600] INFO  ozone.MiniOzoneClusterImpl (MiniOzoneClusterImpl.java:stopDatanodes(527)) - Stopping the HddsDatanodes
2021-12-01 05:34:17,741 [Datanode State Machine Daemon Thread] WARN  statemachine.StateContext (StateContext.java:setState(249)) - Ignore disallowed transition from SHUTDOWN to RUNNING
2021-12-01 05:34:17,742 [EndpointStateMachine task thread for /127.0.0.1:14739 - 0 ] INFO  ipc.Client (Client.java:handleConnectionFailure(977)) - Retrying connect to server: localhost/127.0.0.1:14739. Already tried 1 time(s); retry policy is RetryUpToMaximumCountWithFixedSleep(maxRetries=15, sleepTime=1000 MILLISECONDS)
2021-12-01 05:34:17,742 [EndpointStateMachine task thread for /127.0.0.1:14729 - 0 ] INFO  ipc.Client (Client.java:handleConnectionFailure(977)) - Retrying connect to server: localhost/127.0.0.1:14729. Already tried 1 time(s); retry policy is RetryUpToMaximumCountWithFixedSleep(maxRetries=15, sleepTime=1000 MILLISECONDS)
2021-12-01 05:34:17,742 [EndpointStateMachine task thread for /127.0.0.1:14749 - 0 ] INFO  ipc.Client (Client.java:handleConnectionFailure(977)) - Retrying connect to server: localhost/127.0.0.1:14749. Already tried 1 time(s); retry policy is RetryUpToMaximumCountWithFixedSleep(maxRetries=15, sleepTime=1000 MILLISECONDS)
2021-12-01 05:34:18,117 [EndpointStateMachine task thread for /127.0.0.1:14539 - 0 ] INFO  ipc.Client (Client.java:handleConnectionFailure(977)) - Retrying connect to server: localhost/127.0.0.1:14539. Already tried 10 time(s); retry policy is RetryUpToMaximumCountWithFixedSleep(maxRetries=15, sleepTime=1000 MILLISECONDS)
2021-12-01 05:34:18,118 [EndpointStateMachine task thread for /127.0.0.1:14529 - 0 ] INFO  ipc.Client (Client.java:handleConnectionFailure(977)) - Retrying connect to server: localhost/127.0.0.1:14529. Already tried 10 time(s); retry policy is RetryUpToMaximumCountWithFixedSleep(maxRetries=15, sleepTime=1000 MILLISECONDS)
2021-12-01 05:34:18,118 [EndpointStateMachine task thread for /127.0.0.1:14549 - 0 ] INFO  ipc.Client (Client.java:handleConnectionFailure(977)) - Retrying connect to server: localhost/127.0.0.1:14549. Already tried 10 time(s); retry policy is RetryUpToMaximumCountWithFixedSleep(maxRetries=15, sleepTime=1000 MILLISECONDS)
2021-12-01 05:34:18,213 [Datanode State Machine Daemon Thread] WARN  statemachine.StateContext (StateContext.java:setState(249)) - Ignore disallowed transition from SHUTDOWN to RUNNING
2021-12-01 05:34:18,742 [EndpointStateMachine task thread for /127.0.0.1:14739 - 0 ] INFO  ipc.Client (Client.java:handleConnectionFailure(977)) - Retrying connect to server: localhost/127.0.0.1:14739. Already tried 2 time(s); retry policy is RetryUpToMaximumCountWithFixedSleep(maxRetries=15, sleepTime=1000 MILLISECONDS)
2021-12-01 05:34:18,742 [EndpointStateMachine task thread for /127.0.0.1:14729 - 0 ] INFO  ipc.Client (Client.java:handleConnectionFailure(977)) - Retrying connect to server: localhost/127.0.0.1:14729. Already tried 2 time(s); retry policy is RetryUpToMaximumCountWithFixedSleep(maxRetries=15, sleepTime=1000 MILLISECONDS)
2021-12-01 05:34:18,743 [EndpointStateMachine task thread for /127.0.0.1:14749 - 0 ] INFO  ipc.Client (Client.java:handleConnectionFailure(977)) - Retrying connect to server: localhost/127.0.0.1:14749. Already tried 2 time(s); retry policy is RetryUpToMaximumCountWithFixedSleep(maxRetries=15, sleepTime=1000 MILLISECONDS)
2021-12-01 05:34:19,118 [EndpointStateMachine task thread for /127.0.0.1:14539 - 0 ] INFO  ipc.Client (Client.java:handleConnectionFailure(977)) - Retrying connect to server: localhost/127.0.0.1:14539. Already tried 11 time(s); retry policy is RetryUpToMaximumCountWithFixedSleep(maxRetries=15, sleepTime=1000 MILLISECONDS)
2021-12-01 05:34:19,118 [EndpointStateMachine task thread for /127.0.0.1:14529 - 0 ] INFO  ipc.Client (Client.java:handleConnectionFailure(977)) - Retrying connect to server: localhost/127.0.0.1:14529. Already tried 11 time(s); retry policy is RetryUpToMaximumCountWithFixedSleep(maxRetries=15, sleepTime=1000 MILLISECONDS)
2021-12-01 05:34:19,119 [EndpointStateMachine task thread for /127.0.0.1:14549 - 0 ] INFO  ipc.Client (Client.java:handleConnectionFailure(977)) - Retrying connect to server: localhost/127.0.0.1:14549. Already tried 11 time(s); retry policy is RetryUpToMaximumCountWithFixedSleep(maxRetries=15, sleepTime=1000 MILLISECONDS)
2021-12-01 05:34:19,743 [EndpointStateMachine task thread for /127.0.0.1:14739 - 0 ] INFO  ipc.Client (Client.java:handleConnectionFailure(977)) - Retrying connect to server: localhost/127.0.0.1:14739. Already tried 3 time(s); retry policy is RetryUpToMaximumCountWithFixedSleep(maxRetries=15, sleepTime=1000 MILLISECONDS)
2021-12-01 05:34:19,743 [EndpointStateMachine task thread for /127.0.0.1:14729 - 0 ] INFO  ipc.Client (Client.java:handleConnectionFailure(977)) - Retrying connect to server: localhost/127.0.0.1:14729. Already tried 3 time(s); retry policy is RetryUpToMaximumCountWithFixedSleep(maxRetries=15, sleepTime=1000 MILLISECONDS)
2021-12-01 05:34:19,743 [EndpointStateMachine task thread for /127.0.0.1:14749 - 0 ] INFO  ipc.Client (Client.java:handleConnectionFailure(977)) - Retrying connect to server: localhost/127.0.0.1:14749. Already tried 3 time(s); retry policy is RetryUpToMaximumCountWithFixedSleep(maxRetries=15, sleepTime=1000 MILLISECONDS)
2021-12-01 05:34:20,119 [EndpointStateMachine task thread for /127.0.0.1:14539 - 0 ] INFO  ipc.Client (Client.java:handleConnectionFailure(977)) - Retrying connect to server: localhost/127.0.0.1:14539. Already tried 12 time(s); retry policy is RetryUpToMaximumCountWithFixedSleep(maxRetries=15, sleepTime=1000 MILLISECONDS)
2021-12-01 05:34:20,119 [EndpointStateMachine task thread for /127.0.0.1:14529 - 0 ] INFO  ipc.Client (Client.java:handleConnectionFailure(977)) - Retrying connect to server: localhost/127.0.0.1:14529. Already tried 12 time(s); retry policy is RetryUpToMaximumCountWithFixedSleep(maxRetries=15, sleepTime=1000 MILLISECONDS)
2021-12-01 05:34:20,119 [EndpointStateMachine task thread for /127.0.0.1:14549 - 0 ] INFO  ipc.Client (Client.java:handleConnectionFailure(977)) - Retrying connect to server: localhost/127.0.0.1:14549. Already tried 12 time(s); retry policy is RetryUpToMaximumCountWithFixedSleep(maxRetries=15, sleepTime=1000 MILLISECONDS)
2021-12-01 05:34:20,743 [EndpointStateMachine task thread for /127.0.0.1:14739 - 0 ] INFO  ipc.Client (Client.java:handleConnectionFailure(977)) - Retrying connect to server: localhost/127.0.0.1:14739. Already tried 4 time(s); retry policy is RetryUpToMaximumCountWithFixedSleep(maxRetries=15, sleepTime=1000 MILLISECONDS)
2021-12-01 05:34:20,744 [EndpointStateMachine task thread for /127.0.0.1:14729 - 0 ] INFO  ipc.Client (Client.java:handleConnectionFailure(977)) - Retrying connect to server: localhost/127.0.0.1:14729. Already tried 4 time(s); retry policy is RetryUpToMaximumCountWithFixedSleep(maxRetries=15, sleepTime=1000 MILLISECONDS)
2021-12-01 05:34:20,744 [EndpointStateMachine task thread for /127.0.0.1:14749 - 0 ] INFO  ipc.Client (Client.java:handleConnectionFailure(977)) - Retrying connect to server: localhost/127.0.0.1:14749. Already tried 4 time(s); retry policy is RetryUpToMaximumCountWithFixedSleep(maxRetries=15, sleepTime=1000 MILLISECONDS)
2021-12-01 05:34:21,119 [EndpointStateMachine task thread for /127.0.0.1:14539 - 0 ] INFO  ipc.Client (Client.java:handleConnectionFailure(977)) - Retrying connect to server: localhost/127.0.0.1:14539. Already tried 13 time(s); retry policy is RetryUpToMaximumCountWithFixedSleep(maxRetries=15, sleepTime=1000 MILLISECONDS)
2021-12-01 05:34:21,119 [EndpointStateMachine task thread for /127.0.0.1:14529 - 0 ] INFO  ipc.Client (Client.java:handleConnectionFailure(977)) - Retrying connect to server: localhost/127.0.0.1:14529. Already tried 13 time(s); retry policy is RetryUpToMaximumCountWithFixedSleep(maxRetries=15, sleepTime=1000 MILLISECONDS)
2021-12-01 05:34:21,120 [EndpointStateMachine task thread for /127.0.0.1:14549 - 0 ] INFO  ipc.Client (Client.java:handleConnectionFailure(977)) - Retrying connect to server: localhost/127.0.0.1:14549. Already tried 13 time(s); retry policy is RetryUpToMaximumCountWithFixedSleep(maxRetries=15, sleepTime=1000 MILLISECONDS)
2021-12-01 05:34:21,744 [EndpointStateMachine task thread for /127.0.0.1:14739 - 0 ] INFO  ipc.Client (Client.java:handleConnectionFailure(977)) - Retrying connect to server: localhost/127.0.0.1:14739. Already tried 5 time(s); retry policy is RetryUpToMaximumCountWithFixedSleep(maxRetries=15, sleepTime=1000 MILLISECONDS)
2021-12-01 05:34:21,744 [EndpointStateMachine task thread for /127.0.0.1:14729 - 0 ] INFO  ipc.Client (Client.java:handleConnectionFailure(977)) - Retrying connect to server: localhost/127.0.0.1:14729. Already tried 5 time(s); retry policy is RetryUpToMaximumCountWithFixedSleep(maxRetries=15, sleepTime=1000 MILLISECONDS)
2021-12-01 05:34:21,745 [EndpointStateMachine task thread for /127.0.0.1:14749 - 0 ] INFO  ipc.Client (Client.java:handleConnectionFailure(977)) - Retrying connect to server: localhost/127.0.0.1:14749. Already tried 5 time(s); retry policy is RetryUpToMaximumCountWithFixedSleep(maxRetries=15, sleepTime=1000 MILLISECONDS)
2021-12-01 05:34:22,120 [EndpointStateMachine task thread for /127.0.0.1:14529 - 0 ] INFO  ipc.Client (Client.java:handleConnectionFailure(977)) - Retrying connect to server: localhost/127.0.0.1:14529. Already tried 14 time(s); retry policy is RetryUpToMaximumCountWithFixedSleep(maxRetries=15, sleepTime=1000 MILLISECONDS)
2021-12-01 05:34:22,121 [EndpointStateMachine task thread for /127.0.0.1:14549 - 0 ] INFO  ipc.Client (Client.java:handleConnectionFailure(977)) - Retrying connect to server: localhost/127.0.0.1:14549. Already tried 14 time(s); retry policy is RetryUpToMaximumCountWithFixedSleep(maxRetries=15, sleepTime=1000 MILLISECONDS)
2021-12-01 05:34:22,122 [EndpointStateMachine task thread for /127.0.0.1:14539 - 0 ] INFO  ipc.Client (Client.java:handleConnectionFailure(977)) - Retrying connect to server: localhost/127.0.0.1:14539. Already tried 14 time(s); retry policy is RetryUpToMaximumCountWithFixedSleep(maxRetries=15, sleepTime=1000 MILLISECONDS)
2021-12-01 05:34:22,640 [ForkJoinPool.commonPool-worker-1] INFO  ozoneimpl.OzoneContainer (OzoneContainer.java:stop(325)) - Attempting to stop container services.
2021-12-01 05:34:22,640 [Listener at 127.0.0.1/11600] INFO  ozoneimpl.OzoneContainer (OzoneContainer.java:stop(325)) - Attempting to stop container services.
2021-12-01 05:34:22,641 [ForkJoinPool.commonPool-worker-1] INFO  server.RaftServer (RaftServerProxy.java:lambda$close$6(391)) - 71abcc26-9029-4fbf-a56a-b89502f0dfdb: close
2021-12-01 05:34:22,641 [ForkJoinPool.commonPool-worker-1] INFO  server.RaftServer$Division (RaftServerImpl.java:lambda$close$4(412)) - 71abcc26-9029-4fbf-a56a-b89502f0dfdb@group-678140B1059C: shutdown
2021-12-01 05:34:22,642 [Listener at 127.0.0.1/11600] INFO  server.RaftServer (RaftServerProxy.java:lambda$close$6(391)) - da0cd28a-5297-4f90-8c80-70339634350f: close
2021-12-01 05:34:22,642 [Listener at 127.0.0.1/11600] INFO  server.RaftServer$Division (RaftServerImpl.java:lambda$close$4(412)) - da0cd28a-5297-4f90-8c80-70339634350f@group-678140B1059C: shutdown
2021-12-01 05:34:22,642 [ForkJoinPool.commonPool-worker-1] INFO  util.JmxRegister (JmxRegister.java:unregister(73)) - Successfully un-registered JMX Bean with object name Ratis:service=RaftServer,group=group-678140B1059C,id=71abcc26-9029-4fbf-a56a-b89502f0dfdb
2021-12-01 05:34:22,642 [ForkJoinPool.commonPool-worker-1] INFO  impl.RoleInfo (RoleInfo.java:shutdownFollowerState(108)) - 71abcc26-9029-4fbf-a56a-b89502f0dfdb: shutdown 71abcc26-9029-4fbf-a56a-b89502f0dfdb@group-678140B1059C-FollowerState
2021-12-01 05:34:22,642 [ForkJoinPool.commonPool-worker-1] INFO  impl.StateMachineUpdater (StateMachineUpdater.java:stopAndJoin(149)) - 71abcc26-9029-4fbf-a56a-b89502f0dfdb@group-678140B1059C-StateMachineUpdater: set stopIndex = 0
2021-12-01 05:34:22,642 [71abcc26-9029-4fbf-a56a-b89502f0dfdb@group-678140B1059C-FollowerState] INFO  impl.FollowerState (FollowerState.java:run(143)) - 71abcc26-9029-4fbf-a56a-b89502f0dfdb@group-678140B1059C-FollowerState was interrupted: {}
java.lang.InterruptedException: sleep interrupted
	at java.lang.Thread.sleep(Native Method)
	at java.lang.Thread.sleep(Thread.java:340)
	at java.util.concurrent.TimeUnit.sleep(TimeUnit.java:386)
	at org.apache.ratis.util.TimeDuration.sleep(TimeDuration.java:324)
	at org.apache.ratis.util.TimeDuration.sleep(TimeDuration.java:309)
	at org.apache.ratis.server.impl.FollowerState.run(FollowerState.java:118)
2021-12-01 05:34:22,643 [71abcc26-9029-4fbf-a56a-b89502f0dfdb@group-678140B1059C-StateMachineUpdater] INFO  ratis.ContainerStateMachine (ContainerStateMachine.java:takeSnapshot(292)) - group-678140B1059C: Taking a snapshot at:(t:1, i:0) file /home/runner/work/ozone/ozone/hadoop-ozone/integration-test/target/test-dir/MiniOzoneClusterImpl-18ff7c11-c606-42f1-8c5c-1f8c02111a4f/datanode-0/data/ratis/ef65d66e-0a26-405c-8c09-678140b1059c/sm/snapshot.1_0
2021-12-01 05:34:22,644 [Listener at 127.0.0.1/11600] INFO  util.JmxRegister (JmxRegister.java:unregister(73)) - Successfully un-registered JMX Bean with object name Ratis:service=RaftServer,group=group-678140B1059C,id=da0cd28a-5297-4f90-8c80-70339634350f
2021-12-01 05:34:22,644 [Listener at 127.0.0.1/11600] INFO  impl.RoleInfo (RoleInfo.java:shutdownFollowerState(108)) - da0cd28a-5297-4f90-8c80-70339634350f: shutdown da0cd28a-5297-4f90-8c80-70339634350f@group-678140B1059C-FollowerState
2021-12-01 05:34:22,644 [Listener at 127.0.0.1/11600] INFO  impl.StateMachineUpdater (StateMachineUpdater.java:stopAndJoin(149)) - da0cd28a-5297-4f90-8c80-70339634350f@group-678140B1059C-StateMachineUpdater: set stopIndex = 0
2021-12-01 05:34:22,644 [da0cd28a-5297-4f90-8c80-70339634350f@group-678140B1059C-FollowerState] INFO  impl.FollowerState (FollowerState.java:run(143)) - da0cd28a-5297-4f90-8c80-70339634350f@group-678140B1059C-FollowerState was interrupted: {}
java.lang.InterruptedException: sleep interrupted
	at java.lang.Thread.sleep(Native Method)
	at java.lang.Thread.sleep(Thread.java:340)
	at java.util.concurrent.TimeUnit.sleep(TimeUnit.java:386)
	at org.apache.ratis.util.TimeDuration.sleep(TimeDuration.java:324)
	at org.apache.ratis.util.TimeDuration.sleep(TimeDuration.java:309)
	at org.apache.ratis.server.impl.FollowerState.run(FollowerState.java:118)
2021-12-01 05:34:22,645 [da0cd28a-5297-4f90-8c80-70339634350f@group-678140B1059C-StateMachineUpdater] INFO  ratis.ContainerStateMachine (ContainerStateMachine.java:takeSnapshot(292)) - group-678140B1059C: Taking a snapshot at:(t:1, i:0) file /home/runner/work/ozone/ozone/hadoop-ozone/integration-test/target/test-dir/MiniOzoneClusterImpl-18ff7c11-c606-42f1-8c5c-1f8c02111a4f/datanode-1/data/ratis/ef65d66e-0a26-405c-8c09-678140b1059c/sm/snapshot.1_0
2021-12-01 05:34:22,645 [da0cd28a-5297-4f90-8c80-70339634350f@group-678140B1059C-StateMachineUpdater] INFO  ratis.ContainerStateMachine (ContainerStateMachine.java:takeSnapshot(303)) - group-678140B1059C: Finished taking a snapshot at:(t:1, i:0) file:/home/runner/work/ozone/ozone/hadoop-ozone/integration-test/target/test-dir/MiniOzoneClusterImpl-18ff7c11-c606-42f1-8c5c-1f8c02111a4f/datanode-1/data/ratis/ef65d66e-0a26-405c-8c09-678140b1059c/sm/snapshot.1_0 took: 1 ms
2021-12-01 05:34:22,646 [da0cd28a-5297-4f90-8c80-70339634350f@group-678140B1059C-StateMachineUpdater] INFO  impl.StateMachineUpdater (StateMachineUpdater.java:takeSnapshot(281)) - da0cd28a-5297-4f90-8c80-70339634350f@group-678140B1059C-StateMachineUpdater: Took a snapshot at index 0
2021-12-01 05:34:22,646 [da0cd28a-5297-4f90-8c80-70339634350f@group-678140B1059C-StateMachineUpdater] INFO  impl.StateMachineUpdater (StateMachineUpdater.java:lambda$new$0(89)) - da0cd28a-5297-4f90-8c80-70339634350f@group-678140B1059C-StateMachineUpdater: snapshotIndex: updateIncreasingly -1 -> 0
2021-12-01 05:34:22,646 [Listener at 127.0.0.1/11600] INFO  server.RaftServer$Division (ServerState.java:close(419)) - da0cd28a-5297-4f90-8c80-70339634350f@group-678140B1059C: closes. applyIndex: 0
2021-12-01 05:34:22,646 [71abcc26-9029-4fbf-a56a-b89502f0dfdb@group-678140B1059C-StateMachineUpdater] INFO  ratis.ContainerStateMachine (ContainerStateMachine.java:takeSnapshot(303)) - group-678140B1059C: Finished taking a snapshot at:(t:1, i:0) file:/home/runner/work/ozone/ozone/hadoop-ozone/integration-test/target/test-dir/MiniOzoneClusterImpl-18ff7c11-c606-42f1-8c5c-1f8c02111a4f/datanode-0/data/ratis/ef65d66e-0a26-405c-8c09-678140b1059c/sm/snapshot.1_0 took: 3 ms
2021-12-01 05:34:22,646 [da0cd28a-5297-4f90-8c80-70339634350f@group-678140B1059C-SegmentedRaftLogWorker] INFO  segmented.SegmentedRaftLogWorker (SegmentedRaftLogWorker.java:run(327)) - da0cd28a-5297-4f90-8c80-70339634350f@group-678140B1059C-SegmentedRaftLogWorker was interrupted, exiting. There are 0 tasks remaining in the queue.
2021-12-01 05:34:22,646 [71abcc26-9029-4fbf-a56a-b89502f0dfdb@group-678140B1059C-StateMachineUpdater] INFO  impl.StateMachineUpdater (StateMachineUpdater.java:takeSnapshot(281)) - 71abcc26-9029-4fbf-a56a-b89502f0dfdb@group-678140B1059C-StateMachineUpdater: Took a snapshot at index 0
2021-12-01 05:34:22,646 [71abcc26-9029-4fbf-a56a-b89502f0dfdb@group-678140B1059C-StateMachineUpdater] INFO  impl.StateMachineUpdater (StateMachineUpdater.java:lambda$new$0(89)) - 71abcc26-9029-4fbf-a56a-b89502f0dfdb@group-678140B1059C-StateMachineUpdater: snapshotIndex: updateIncreasingly -1 -> 0
2021-12-01 05:34:22,647 [ForkJoinPool.commonPool-worker-1] INFO  server.RaftServer$Division (ServerState.java:close(419)) - 71abcc26-9029-4fbf-a56a-b89502f0dfdb@group-678140B1059C: closes. applyIndex: 0
2021-12-01 05:34:22,647 [71abcc26-9029-4fbf-a56a-b89502f0dfdb@group-678140B1059C-SegmentedRaftLogWorker] INFO  segmented.SegmentedRaftLogWorker (SegmentedRaftLogWorker.java:run(327)) - 71abcc26-9029-4fbf-a56a-b89502f0dfdb@group-678140B1059C-SegmentedRaftLogWorker was interrupted, exiting. There are 0 tasks remaining in the queue.
2021-12-01 05:34:22,647 [Listener at 127.0.0.1/11600] INFO  segmented.SegmentedRaftLogWorker (SegmentedRaftLogWorker.java:close(237)) - da0cd28a-5297-4f90-8c80-70339634350f@group-678140B1059C-SegmentedRaftLogWorker close()
2021-12-01 05:34:22,648 [ForkJoinPool.commonPool-worker-1] INFO  segmented.SegmentedRaftLogWorker (SegmentedRaftLogWorker.java:close(237)) - 71abcc26-9029-4fbf-a56a-b89502f0dfdb@group-678140B1059C-SegmentedRaftLogWorker close()
2021-12-01 05:34:22,649 [Listener at 127.0.0.1/11600] INFO  server.RaftServer$Division (RaftServerImpl.java:lambda$close$4(412)) - da0cd28a-5297-4f90-8c80-70339634350f@group-9BDD03F14CCC: shutdown
2021-12-01 05:34:22,649 [Listener at 127.0.0.1/11600] INFO  util.JmxRegister (JmxRegister.java:unregister(73)) - Successfully un-registered JMX Bean with object name Ratis:service=RaftServer,group=group-9BDD03F14CCC,id=da0cd28a-5297-4f90-8c80-70339634350f
2021-12-01 05:34:22,649 [Listener at 127.0.0.1/11600] INFO  impl.RoleInfo (RoleInfo.java:shutdownLeaderState(91)) - da0cd28a-5297-4f90-8c80-70339634350f: shutdown da0cd28a-5297-4f90-8c80-70339634350f@group-9BDD03F14CCC-LeaderStateImpl
2021-12-01 05:34:22,650 [ForkJoinPool.commonPool-worker-1] INFO  server.RaftServer$Division (RaftServerImpl.java:lambda$close$4(412)) - 71abcc26-9029-4fbf-a56a-b89502f0dfdb@group-9BDD03F14CCC: shutdown
2021-12-01 05:34:22,650 [ForkJoinPool.commonPool-worker-1] INFO  util.JmxRegister (JmxRegister.java:unregister(73)) - Successfully un-registered JMX Bean with object name Ratis:service=RaftServer,group=group-9BDD03F14CCC,id=71abcc26-9029-4fbf-a56a-b89502f0dfdb
2021-12-01 05:34:22,650 [ForkJoinPool.commonPool-worker-1] INFO  impl.RoleInfo (RoleInfo.java:shutdownFollowerState(108)) - 71abcc26-9029-4fbf-a56a-b89502f0dfdb: shutdown 71abcc26-9029-4fbf-a56a-b89502f0dfdb@group-9BDD03F14CCC-FollowerState
2021-12-01 05:34:22,650 [da0cd28a-5297-4f90-8c80-70339634350f@group-9BDD03F14CCC->50760388-b69f-4e6a-8619-7c3b28224d8a-GrpcLogAppender-LogAppenderDaemon] WARN  server.GrpcLogAppender (GrpcLogAppender.java:mayWait(177)) - da0cd28a-5297-4f90-8c80-70339634350f@group-9BDD03F14CCC->50760388-b69f-4e6a-8619-7c3b28224d8a-GrpcLogAppender: Wait interrupted by java.lang.InterruptedException
2021-12-01 05:34:22,651 [grpc-default-executor-5] INFO  server.GrpcServerProtocolService (GrpcServerProtocolService.java:onCompleted(140)) - 50760388-b69f-4e6a-8619-7c3b28224d8a: Completed APPEND_ENTRIES, lastRequest: da0cd28a-5297-4f90-8c80-70339634350f->50760388-b69f-4e6a-8619-7c3b28224d8a#1-t2,previous=(t:0, i:0),leaderCommit=0,initializing? true,entries: size=1, first=(t:2, i:0), CONFIGURATIONENTRY
2021-12-01 05:34:22,651 [da0cd28a-5297-4f90-8c80-70339634350f@group-9BDD03F14CCC->71abcc26-9029-4fbf-a56a-b89502f0dfdb-GrpcLogAppender-LogAppenderDaemon] WARN  server.GrpcLogAppender (GrpcLogAppender.java:mayWait(177)) - da0cd28a-5297-4f90-8c80-70339634350f@group-9BDD03F14CCC->71abcc26-9029-4fbf-a56a-b89502f0dfdb-GrpcLogAppender: Wait interrupted by java.lang.InterruptedException
2021-12-01 05:34:22,651 [grpc-default-executor-2] INFO  server.GrpcServerProtocolService (GrpcServerProtocolService.java:onCompleted(140)) - 71abcc26-9029-4fbf-a56a-b89502f0dfdb: Completed APPEND_ENTRIES, lastRequest: da0cd28a-5297-4f90-8c80-70339634350f->71abcc26-9029-4fbf-a56a-b89502f0dfdb#1-t2,previous=(t:0, i:0),leaderCommit=-1,initializing? true,entries: size=1, first=(t:2, i:0), CONFIGURATIONENTRY
2021-12-01 05:34:22,652 [grpc-default-executor-2] INFO  server.GrpcLogAppender (GrpcLogAppender.java:onCompleted(346)) - da0cd28a-5297-4f90-8c80-70339634350f@group-9BDD03F14CCC->50760388-b69f-4e6a-8619-7c3b28224d8a-AppendLogResponseHandler: follower responses appendEntries COMPLETED
2021-12-01 05:34:22,652 [grpc-default-executor-2] INFO  leader.FollowerInfo (FollowerInfoImpl.java:lambda$new$0(47)) - da0cd28a-5297-4f90-8c80-70339634350f@group-9BDD03F14CCC->50760388-b69f-4e6a-8619-7c3b28224d8a: nextIndex: updateUnconditionally 1 -> 0
2021-12-01 05:34:22,652 [grpc-default-executor-2] INFO  server.GrpcLogAppender (GrpcLogAppender.java:onCompleted(346)) - da0cd28a-5297-4f90-8c80-70339634350f@group-9BDD03F14CCC->71abcc26-9029-4fbf-a56a-b89502f0dfdb-AppendLogResponseHandler: follower responses appendEntries COMPLETED
2021-12-01 05:34:22,652 [grpc-default-executor-2] INFO  leader.FollowerInfo (FollowerInfoImpl.java:lambda$new$0(47)) - da0cd28a-5297-4f90-8c80-70339634350f@group-9BDD03F14CCC->71abcc26-9029-4fbf-a56a-b89502f0dfdb: nextIndex: updateUnconditionally 1 -> 0
2021-12-01 05:34:22,652 [Listener at 127.0.0.1/11600] INFO  impl.PendingRequests (PendingRequests.java:sendNotLeaderResponses(282)) - da0cd28a-5297-4f90-8c80-70339634350f@group-9BDD03F14CCC-PendingRequests: sendNotLeaderResponses
2021-12-01 05:34:22,653 [Listener at 127.0.0.1/11600] INFO  impl.StateMachineUpdater (StateMachineUpdater.java:stopAndJoin(149)) - da0cd28a-5297-4f90-8c80-70339634350f@group-9BDD03F14CCC-StateMachineUpdater: set stopIndex = 0
2021-12-01 05:34:22,653 [da0cd28a-5297-4f90-8c80-70339634350f@group-9BDD03F14CCC-StateMachineUpdater] INFO  ratis.ContainerStateMachine (ContainerStateMachine.java:takeSnapshot(292)) - group-9BDD03F14CCC: Taking a snapshot at:(t:2, i:0) file /home/runner/work/ozone/ozone/hadoop-ozone/integration-test/target/test-dir/MiniOzoneClusterImpl-18ff7c11-c606-42f1-8c5c-1f8c02111a4f/datanode-1/data/ratis/a4cb820e-ec71-4f61-b24e-9bdd03f14ccc/sm/snapshot.2_0
2021-12-01 05:34:22,658 [ForkJoinPool.commonPool-worker-1] INFO  impl.StateMachineUpdater (StateMachineUpdater.java:stopAndJoin(149)) - 71abcc26-9029-4fbf-a56a-b89502f0dfdb@group-9BDD03F14CCC-StateMachineUpdater: set stopIndex = 0
2021-12-01 05:34:22,658 [da0cd28a-5297-4f90-8c80-70339634350f@group-9BDD03F14CCC-StateMachineUpdater] INFO  ratis.ContainerStateMachine (ContainerStateMachine.java:takeSnapshot(303)) - group-9BDD03F14CCC: Finished taking a snapshot at:(t:2, i:0) file:/home/runner/work/ozone/ozone/hadoop-ozone/integration-test/target/test-dir/MiniOzoneClusterImpl-18ff7c11-c606-42f1-8c5c-1f8c02111a4f/datanode-1/data/ratis/a4cb820e-ec71-4f61-b24e-9bdd03f14ccc/sm/snapshot.2_0 took: 5 ms
2021-12-01 05:34:22,659 [da0cd28a-5297-4f90-8c80-70339634350f@group-9BDD03F14CCC-StateMachineUpdater] INFO  impl.StateMachineUpdater (StateMachineUpdater.java:takeSnapshot(281)) - da0cd28a-5297-4f90-8c80-70339634350f@group-9BDD03F14CCC-StateMachineUpdater: Took a snapshot at index 0
2021-12-01 05:34:22,659 [da0cd28a-5297-4f90-8c80-70339634350f@group-9BDD03F14CCC-StateMachineUpdater] INFO  impl.StateMachineUpdater (StateMachineUpdater.java:lambda$new$0(89)) - da0cd28a-5297-4f90-8c80-70339634350f@group-9BDD03F14CCC-StateMachineUpdater: snapshotIndex: updateIncreasingly -1 -> 0
2021-12-01 05:34:22,658 [71abcc26-9029-4fbf-a56a-b89502f0dfdb@group-9BDD03F14CCC-StateMachineUpdater] INFO  ratis.ContainerStateMachine (ContainerStateMachine.java:takeSnapshot(292)) - group-9BDD03F14CCC: Taking a snapshot at:(t:2, i:0) file /home/runner/work/ozone/ozone/hadoop-ozone/integration-test/target/test-dir/MiniOzoneClusterImpl-18ff7c11-c606-42f1-8c5c-1f8c02111a4f/datanode-0/data/ratis/a4cb820e-ec71-4f61-b24e-9bdd03f14ccc/sm/snapshot.2_0
2021-12-01 05:34:22,659 [Listener at 127.0.0.1/11600] INFO  server.RaftServer$Division (ServerState.java:close(419)) - da0cd28a-5297-4f90-8c80-70339634350f@group-9BDD03F14CCC: closes. applyIndex: 0
2021-12-01 05:34:22,659 [da0cd28a-5297-4f90-8c80-70339634350f@group-9BDD03F14CCC-SegmentedRaftLogWorker] INFO  segmented.SegmentedRaftLogWorker (SegmentedRaftLogWorker.java:run(327)) - da0cd28a-5297-4f90-8c80-70339634350f@group-9BDD03F14CCC-SegmentedRaftLogWorker was interrupted, exiting. There are 0 tasks remaining in the queue.
2021-12-01 05:34:22,665 [Listener at 127.0.0.1/11600] INFO  segmented.SegmentedRaftLogWorker (SegmentedRaftLogWorker.java:close(237)) - da0cd28a-5297-4f90-8c80-70339634350f@group-9BDD03F14CCC-SegmentedRaftLogWorker close()
2021-12-01 05:34:22,665 [71abcc26-9029-4fbf-a56a-b89502f0dfdb@group-9BDD03F14CCC-StateMachineUpdater] INFO  ratis.ContainerStateMachine (ContainerStateMachine.java:takeSnapshot(303)) - group-9BDD03F14CCC: Finished taking a snapshot at:(t:2, i:0) file:/home/runner/work/ozone/ozone/hadoop-ozone/integration-test/target/test-dir/MiniOzoneClusterImpl-18ff7c11-c606-42f1-8c5c-1f8c02111a4f/datanode-0/data/ratis/a4cb820e-ec71-4f61-b24e-9bdd03f14ccc/sm/snapshot.2_0 took: 7 ms
2021-12-01 05:34:22,665 [71abcc26-9029-4fbf-a56a-b89502f0dfdb@group-9BDD03F14CCC-FollowerState] INFO  impl.FollowerState (FollowerState.java:run(143)) - 71abcc26-9029-4fbf-a56a-b89502f0dfdb@group-9BDD03F14CCC-FollowerState was interrupted: {}
java.lang.InterruptedException: sleep interrupted
	at java.lang.Thread.sleep(Native Method)
	at java.lang.Thread.sleep(Thread.java:340)
	at java.util.concurrent.TimeUnit.sleep(TimeUnit.java:386)
	at org.apache.ratis.util.TimeDuration.sleep(TimeDuration.java:324)
	at org.apache.ratis.util.TimeDuration.sleep(TimeDuration.java:309)
	at org.apache.ratis.server.impl.FollowerState.run(FollowerState.java:118)
2021-12-01 05:34:22,666 [71abcc26-9029-4fbf-a56a-b89502f0dfdb@group-9BDD03F14CCC-StateMachineUpdater] INFO  impl.StateMachineUpdater (StateMachineUpdater.java:takeSnapshot(281)) - 71abcc26-9029-4fbf-a56a-b89502f0dfdb@group-9BDD03F14CCC-StateMachineUpdater: Took a snapshot at index 0
2021-12-01 05:34:22,666 [71abcc26-9029-4fbf-a56a-b89502f0dfdb@group-9BDD03F14CCC-StateMachineUpdater] INFO  impl.StateMachineUpdater (StateMachineUpdater.java:lambda$new$0(89)) - 71abcc26-9029-4fbf-a56a-b89502f0dfdb@group-9BDD03F14CCC-StateMachineUpdater: snapshotIndex: updateIncreasingly -1 -> 0
2021-12-01 05:34:22,666 [ForkJoinPool.commonPool-worker-1] INFO  server.RaftServer$Division (ServerState.java:close(419)) - 71abcc26-9029-4fbf-a56a-b89502f0dfdb@group-9BDD03F14CCC: closes. applyIndex: 0
2021-12-01 05:34:22,666 [71abcc26-9029-4fbf-a56a-b89502f0dfdb@group-9BDD03F14CCC-SegmentedRaftLogWorker] INFO  segmented.SegmentedRaftLogWorker (SegmentedRaftLogWorker.java:run(327)) - 71abcc26-9029-4fbf-a56a-b89502f0dfdb@group-9BDD03F14CCC-SegmentedRaftLogWorker was interrupted, exiting. There are 0 tasks remaining in the queue.
2021-12-01 05:34:22,666 [Listener at 127.0.0.1/11600] INFO  server.RaftServer$Division (RaftServerImpl.java:lambda$close$4(412)) - da0cd28a-5297-4f90-8c80-70339634350f@group-4D892695C419: shutdown
2021-12-01 05:34:22,667 [ForkJoinPool.commonPool-worker-1] INFO  segmented.SegmentedRaftLogWorker (SegmentedRaftLogWorker.java:close(237)) - 71abcc26-9029-4fbf-a56a-b89502f0dfdb@group-9BDD03F14CCC-SegmentedRaftLogWorker close()
2021-12-01 05:34:22,674 [Listener at 127.0.0.1/11600] INFO  util.JmxRegister (JmxRegister.java:unregister(73)) - Successfully un-registered JMX Bean with object name Ratis:service=RaftServer,group=group-4D892695C419,id=da0cd28a-5297-4f90-8c80-70339634350f
2021-12-01 05:34:22,674 [Listener at 127.0.0.1/11600] INFO  impl.RoleInfo (RoleInfo.java:shutdownLeaderState(91)) - da0cd28a-5297-4f90-8c80-70339634350f: shutdown da0cd28a-5297-4f90-8c80-70339634350f@group-4D892695C419-LeaderStateImpl
2021-12-01 05:34:22,674 [Listener at 127.0.0.1/11600] INFO  impl.PendingRequests (PendingRequests.java:sendNotLeaderResponses(282)) - da0cd28a-5297-4f90-8c80-70339634350f@group-4D892695C419-PendingRequests: sendNotLeaderResponses
2021-12-01 05:34:22,675 [Listener at 127.0.0.1/11600] INFO  impl.StateMachineUpdater (StateMachineUpdater.java:stopAndJoin(149)) - da0cd28a-5297-4f90-8c80-70339634350f@group-4D892695C419-StateMachineUpdater: set stopIndex = 0
2021-12-01 05:34:22,678 [ForkJoinPool.commonPool-worker-1] INFO  server.RaftServer$Division (RaftServerImpl.java:lambda$close$4(412)) - 71abcc26-9029-4fbf-a56a-b89502f0dfdb@group-024EF705D3D1: shutdown
2021-12-01 05:34:22,678 [ForkJoinPool.commonPool-worker-1] INFO  util.JmxRegister (JmxRegister.java:unregister(73)) - Successfully un-registered JMX Bean with object name Ratis:service=RaftServer,group=group-024EF705D3D1,id=71abcc26-9029-4fbf-a56a-b89502f0dfdb
2021-12-01 05:34:22,678 [ForkJoinPool.commonPool-worker-1] INFO  impl.RoleInfo (RoleInfo.java:shutdownLeaderState(91)) - 71abcc26-9029-4fbf-a56a-b89502f0dfdb: shutdown 71abcc26-9029-4fbf-a56a-b89502f0dfdb@group-024EF705D3D1-LeaderStateImpl
2021-12-01 05:34:22,679 [ForkJoinPool.commonPool-worker-1] INFO  impl.PendingRequests (PendingRequests.java:sendNotLeaderResponses(282)) - 71abcc26-9029-4fbf-a56a-b89502f0dfdb@group-024EF705D3D1-PendingRequests: sendNotLeaderResponses
2021-12-01 05:34:22,682 [da0cd28a-5297-4f90-8c80-70339634350f@group-4D892695C419-StateMachineUpdater] INFO  ratis.ContainerStateMachine (ContainerStateMachine.java:takeSnapshot(292)) - group-4D892695C419: Taking a snapshot at:(t:1, i:0) file /home/runner/work/ozone/ozone/hadoop-ozone/integration-test/target/test-dir/MiniOzoneClusterImpl-18ff7c11-c606-42f1-8c5c-1f8c02111a4f/datanode-1/data/ratis/7d6282d5-044b-4956-b602-4d892695c419/sm/snapshot.1_0
2021-12-01 05:34:22,683 [ForkJoinPool.commonPool-worker-1] INFO  impl.StateMachineUpdater (StateMachineUpdater.java:stopAndJoin(149)) - 71abcc26-9029-4fbf-a56a-b89502f0dfdb@group-024EF705D3D1-StateMachineUpdater: set stopIndex = 0
2021-12-01 05:34:22,683 [71abcc26-9029-4fbf-a56a-b89502f0dfdb@group-024EF705D3D1-StateMachineUpdater] INFO  ratis.ContainerStateMachine (ContainerStateMachine.java:takeSnapshot(292)) - group-024EF705D3D1: Taking a snapshot at:(t:1, i:0) file /home/runner/work/ozone/ozone/hadoop-ozone/integration-test/target/test-dir/MiniOzoneClusterImpl-18ff7c11-c606-42f1-8c5c-1f8c02111a4f/datanode-0/data/ratis/ab998a5f-fa81-442a-b2ba-024ef705d3d1/sm/snapshot.1_0
2021-12-01 05:34:22,683 [da0cd28a-5297-4f90-8c80-70339634350f@group-4D892695C419-StateMachineUpdater] INFO  ratis.ContainerStateMachine (ContainerStateMachine.java:takeSnapshot(303)) - group-4D892695C419: Finished taking a snapshot at:(t:1, i:0) file:/home/runner/work/ozone/ozone/hadoop-ozone/integration-test/target/test-dir/MiniOzoneClusterImpl-18ff7c11-c606-42f1-8c5c-1f8c02111a4f/datanode-1/data/ratis/7d6282d5-044b-4956-b602-4d892695c419/sm/snapshot.1_0 took: 2 ms
2021-12-01 05:34:22,683 [da0cd28a-5297-4f90-8c80-70339634350f@group-4D892695C419-StateMachineUpdater] INFO  impl.StateMachineUpdater (StateMachineUpdater.java:takeSnapshot(281)) - da0cd28a-5297-4f90-8c80-70339634350f@group-4D892695C419-StateMachineUpdater: Took a snapshot at index 0
2021-12-01 05:34:22,683 [da0cd28a-5297-4f90-8c80-70339634350f@group-4D892695C419-StateMachineUpdater] INFO  impl.StateMachineUpdater (StateMachineUpdater.java:lambda$new$0(89)) - da0cd28a-5297-4f90-8c80-70339634350f@group-4D892695C419-StateMachineUpdater: snapshotIndex: updateIncreasingly -1 -> 0
2021-12-01 05:34:22,684 [Listener at 127.0.0.1/11600] INFO  server.RaftServer$Division (ServerState.java:close(419)) - da0cd28a-5297-4f90-8c80-70339634350f@group-4D892695C419: closes. applyIndex: 0
2021-12-01 05:34:22,684 [da0cd28a-5297-4f90-8c80-70339634350f@group-4D892695C419-SegmentedRaftLogWorker] INFO  segmented.SegmentedRaftLogWorker (SegmentedRaftLogWorker.java:run(327)) - da0cd28a-5297-4f90-8c80-70339634350f@group-4D892695C419-SegmentedRaftLogWorker was interrupted, exiting. There are 0 tasks remaining in the queue.
2021-12-01 05:34:22,684 [71abcc26-9029-4fbf-a56a-b89502f0dfdb@group-024EF705D3D1-StateMachineUpdater] INFO  ratis.ContainerStateMachine (ContainerStateMachine.java:takeSnapshot(303)) - group-024EF705D3D1: Finished taking a snapshot at:(t:1, i:0) file:/home/runner/work/ozone/ozone/hadoop-ozone/integration-test/target/test-dir/MiniOzoneClusterImpl-18ff7c11-c606-42f1-8c5c-1f8c02111a4f/datanode-0/data/ratis/ab998a5f-fa81-442a-b2ba-024ef705d3d1/sm/snapshot.1_0 took: 1 ms
2021-12-01 05:34:22,684 [71abcc26-9029-4fbf-a56a-b89502f0dfdb@group-024EF705D3D1-StateMachineUpdater] INFO  impl.StateMachineUpdater (StateMachineUpdater.java:takeSnapshot(281)) - 71abcc26-9029-4fbf-a56a-b89502f0dfdb@group-024EF705D3D1-StateMachineUpdater: Took a snapshot at index 0
2021-12-01 05:34:22,684 [71abcc26-9029-4fbf-a56a-b89502f0dfdb@group-024EF705D3D1-StateMachineUpdater] INFO  impl.StateMachineUpdater (StateMachineUpdater.java:lambda$new$0(89)) - 71abcc26-9029-4fbf-a56a-b89502f0dfdb@group-024EF705D3D1-StateMachineUpdater: snapshotIndex: updateIncreasingly -1 -> 0
2021-12-01 05:34:22,685 [ForkJoinPool.commonPool-worker-1] INFO  server.RaftServer$Division (ServerState.java:close(419)) - 71abcc26-9029-4fbf-a56a-b89502f0dfdb@group-024EF705D3D1: closes. applyIndex: 0
2021-12-01 05:34:22,685 [71abcc26-9029-4fbf-a56a-b89502f0dfdb@group-024EF705D3D1-SegmentedRaftLogWorker] INFO  segmented.SegmentedRaftLogWorker (SegmentedRaftLogWorker.java:run(327)) - 71abcc26-9029-4fbf-a56a-b89502f0dfdb@group-024EF705D3D1-SegmentedRaftLogWorker was interrupted, exiting. There are 0 tasks remaining in the queue.
2021-12-01 05:34:22,685 [Listener at 127.0.0.1/11600] INFO  segmented.SegmentedRaftLogWorker (SegmentedRaftLogWorker.java:close(237)) - da0cd28a-5297-4f90-8c80-70339634350f@group-4D892695C419-SegmentedRaftLogWorker close()
2021-12-01 05:34:22,685 [Listener at 127.0.0.1/11600] INFO  server.GrpcService (GrpcService.java:closeImpl(262)) - da0cd28a-5297-4f90-8c80-70339634350f: shutdown server with port 45281 now
2021-12-01 05:34:22,686 [ForkJoinPool.commonPool-worker-1] INFO  segmented.SegmentedRaftLogWorker (SegmentedRaftLogWorker.java:close(237)) - 71abcc26-9029-4fbf-a56a-b89502f0dfdb@group-024EF705D3D1-SegmentedRaftLogWorker close()
2021-12-01 05:34:22,687 [ForkJoinPool.commonPool-worker-1] INFO  server.GrpcService (GrpcService.java:closeImpl(262)) - 71abcc26-9029-4fbf-a56a-b89502f0dfdb: shutdown server with port 40523 now
2021-12-01 05:34:22,689 [grpc-default-executor-1] WARN  server.GrpcServerProtocolService (LogUtils.java:warn(122)) - 71abcc26-9029-4fbf-a56a-b89502f0dfdb: installSnapshot onError, lastRequest: 50760388-b69f-4e6a-8619-7c3b28224d8a->71abcc26-9029-4fbf-a56a-b89502f0dfdb#1-t1,previous=(t:0, i:0),leaderCommit=-1,initializing? true,entries: size=1, first=(t:1, i:0), CONFIGURATIONENTRY: org.apache.ratis.thirdparty.io.grpc.StatusRuntimeException: CANCELLED: client cancelled
2021-12-01 05:34:22,690 [grpc-default-executor-4] WARN  server.GrpcLogAppender (LogUtils.java:warn(122)) - 50760388-b69f-4e6a-8619-7c3b28224d8a@group-678140B1059C->da0cd28a-5297-4f90-8c80-70339634350f-AppendLogResponseHandler: Failed appendEntries: org.apache.ratis.thirdparty.io.grpc.StatusRuntimeException: CANCELLED: HTTP/2 error code: CANCEL
Received Rst Stream
2021-12-01 05:34:22,690 [grpc-default-executor-4] WARN  server.GrpcLogAppender (GrpcLogAppender.java:resetClient(110)) - 50760388-b69f-4e6a-8619-7c3b28224d8a@group-678140B1059C->da0cd28a-5297-4f90-8c80-70339634350f-GrpcLogAppender: Leader has not got in touch with Follower 50760388-b69f-4e6a-8619-7c3b28224d8a@group-678140B1059C->da0cd28a-5297-4f90-8c80-70339634350f(c0,m0,n1, attendVote=true, lastRpcSendTime=667, lastRpcResponseTime=663) yet, just keep nextIndex unchanged and retry.
2021-12-01 05:34:22,692 [grpc-default-executor-2] WARN  server.GrpcServerProtocolService (LogUtils.java:warn(122)) - da0cd28a-5297-4f90-8c80-70339634350f: installSnapshot onError, lastRequest: 50760388-b69f-4e6a-8619-7c3b28224d8a->da0cd28a-5297-4f90-8c80-70339634350f#1-t1,previous=(t:0, i:0),leaderCommit=-1,initializing? true,entries: size=1, first=(t:1, i:0), CONFIGURATIONENTRY: org.apache.ratis.thirdparty.io.grpc.StatusRuntimeException: CANCELLED: client cancelled
2021-12-01 05:34:22,692 [grpc-default-executor-4] WARN  server.GrpcLogAppender (LogUtils.java:warn(122)) - 50760388-b69f-4e6a-8619-7c3b28224d8a@group-678140B1059C->71abcc26-9029-4fbf-a56a-b89502f0dfdb-AppendLogResponseHandler: Failed appendEntries: org.apache.ratis.thirdparty.io.grpc.StatusRuntimeException: CANCELLED: HTTP/2 error code: CANCEL
Received Rst Stream
2021-12-01 05:34:22,693 [grpc-default-executor-4] WARN  server.GrpcLogAppender (GrpcLogAppender.java:resetClient(110)) - 50760388-b69f-4e6a-8619-7c3b28224d8a@group-678140B1059C->71abcc26-9029-4fbf-a56a-b89502f0dfdb-GrpcLogAppender: Leader has not got in touch with Follower 50760388-b69f-4e6a-8619-7c3b28224d8a@group-678140B1059C->71abcc26-9029-4fbf-a56a-b89502f0dfdb(c0,m0,n1, attendVote=true, lastRpcSendTime=680, lastRpcResponseTime=673) yet, just keep nextIndex unchanged and retry.
2021-12-01 05:34:22,714 [ForkJoinPool.commonPool-worker-1] INFO  server.GrpcService (GrpcService.java:closeImpl(271)) - 71abcc26-9029-4fbf-a56a-b89502f0dfdb: shutdown server with port 40523 successfully
2021-12-01 05:34:22,714 [org.apache.ratis.util.JvmPauseMonitor$$Lambda$499/989520513@325f96db] INFO  util.JvmPauseMonitor (JvmPauseMonitor.java:run(109)) - JvmPauseMonitor-71abcc26-9029-4fbf-a56a-b89502f0dfdb: Stopped
2021-12-01 05:34:22,718 [Listener at 127.0.0.1/11600] INFO  server.GrpcService (GrpcService.java:closeImpl(271)) - da0cd28a-5297-4f90-8c80-70339634350f: shutdown server with port 45281 successfully
2021-12-01 05:34:22,719 [org.apache.ratis.util.JvmPauseMonitor$$Lambda$499/989520513@677de0cd] INFO  util.JvmPauseMonitor (JvmPauseMonitor.java:run(109)) - JvmPauseMonitor-da0cd28a-5297-4f90-8c80-70339634350f: Stopped
2021-12-01 05:34:22,719 [ForkJoinPool.commonPool-worker-1] INFO  utils.BackgroundService (BackgroundService.java:shutdown(132)) - Shutting down service BlockDeletingService
2021-12-01 05:34:22,747 [Listener at 127.0.0.1/11600] INFO  utils.BackgroundService (BackgroundService.java:shutdown(132)) - Shutting down service BlockDeletingService
2021-12-01 05:34:22,758 [EndpointStateMachine task thread for /127.0.0.1:14749 - 0 ] INFO  ipc.Client (Client.java:handleConnectionFailure(977)) - Retrying connect to server: localhost/127.0.0.1:14749. Already tried 6 time(s); retry policy is RetryUpToMaximumCountWithFixedSleep(maxRetries=15, sleepTime=1000 MILLISECONDS)
2021-12-01 05:34:22,758 [EndpointStateMachine task thread for /127.0.0.1:14729 - 0 ] INFO  ipc.Client (Client.java:handleConnectionFailure(977)) - Retrying connect to server: localhost/127.0.0.1:14729. Already tried 6 time(s); retry policy is RetryUpToMaximumCountWithFixedSleep(maxRetries=15, sleepTime=1000 MILLISECONDS)
2021-12-01 05:34:22,762 [EndpointStateMachine task thread for /127.0.0.1:14739 - 0 ] INFO  ipc.Client (Client.java:handleConnectionFailure(977)) - Retrying connect to server: localhost/127.0.0.1:14739. Already tried 6 time(s); retry policy is RetryUpToMaximumCountWithFixedSleep(maxRetries=15, sleepTime=1000 MILLISECONDS)
2021-12-01 05:34:23,121 [EndpointStateMachine task thread for /127.0.0.1:14529 - 0 ] INFO  ipc.Client (Client.java:handleConnectionFailure(977)) - Retrying connect to server: localhost/127.0.0.1:14529. Already tried 0 time(s); retry policy is RetryUpToMaximumCountWithFixedSleep(maxRetries=15, sleepTime=1000 MILLISECONDS)
2021-12-01 05:34:23,123 [EndpointStateMachine task thread for /127.0.0.1:14539 - 0 ] INFO  ipc.Client (Client.java:handleConnectionFailure(977)) - Retrying connect to server: localhost/127.0.0.1:14539. Already tried 0 time(s); retry policy is RetryUpToMaximumCountWithFixedSleep(maxRetries=15, sleepTime=1000 MILLISECONDS)
2021-12-01 05:34:23,128 [EndpointStateMachine task thread for /127.0.0.1:14549 - 0 ] INFO  ipc.Client (Client.java:handleConnectionFailure(977)) - Retrying connect to server: localhost/127.0.0.1:14549. Already tried 0 time(s); retry policy is RetryUpToMaximumCountWithFixedSleep(maxRetries=15, sleepTime=1000 MILLISECONDS)
2021-12-01 05:34:23,758 [EndpointStateMachine task thread for /127.0.0.1:14749 - 0 ] INFO  ipc.Client (Client.java:handleConnectionFailure(977)) - Retrying connect to server: localhost/127.0.0.1:14749. Already tried 7 time(s); retry policy is RetryUpToMaximumCountWithFixedSleep(maxRetries=15, sleepTime=1000 MILLISECONDS)
2021-12-01 05:34:23,759 [EndpointStateMachine task thread for /127.0.0.1:14729 - 0 ] INFO  ipc.Client (Client.java:handleConnectionFailure(977)) - Retrying connect to server: localhost/127.0.0.1:14729. Already tried 7 time(s); retry policy is RetryUpToMaximumCountWithFixedSleep(maxRetries=15, sleepTime=1000 MILLISECONDS)
2021-12-01 05:34:23,766 [EndpointStateMachine task thread for /127.0.0.1:14739 - 0 ] INFO  ipc.Client (Client.java:handleConnectionFailure(977)) - Retrying connect to server: localhost/127.0.0.1:14739. Already tried 7 time(s); retry policy is RetryUpToMaximumCountWithFixedSleep(maxRetries=15, sleepTime=1000 MILLISECONDS)
2021-12-01 05:34:24,123 [EndpointStateMachine task thread for /127.0.0.1:14539 - 0 ] INFO  ipc.Client (Client.java:handleConnectionFailure(977)) - Retrying connect to server: localhost/127.0.0.1:14539. Already tried 1 time(s); retry policy is RetryUpToMaximumCountWithFixedSleep(maxRetries=15, sleepTime=1000 MILLISECONDS)
2021-12-01 05:34:24,128 [EndpointStateMachine task thread for /127.0.0.1:14549 - 0 ] INFO  ipc.Client (Client.java:handleConnectionFailure(977)) - Retrying connect to server: localhost/127.0.0.1:14549. Already tried 1 time(s); retry policy is RetryUpToMaximumCountWithFixedSleep(maxRetries=15, sleepTime=1000 MILLISECONDS)
2021-12-01 05:34:24,134 [EndpointStateMachine task thread for /127.0.0.1:14529 - 0 ] INFO  ipc.Client (Client.java:handleConnectionFailure(977)) - Retrying connect to server: localhost/127.0.0.1:14529. Already tried 1 time(s); retry policy is RetryUpToMaximumCountWithFixedSleep(maxRetries=15, sleepTime=1000 MILLISECONDS)
2021-12-01 05:34:24,559 [grpc-default-executor-4] WARN  server.GrpcLogAppender (LogUtils.java:warn(122)) - 50760388-b69f-4e6a-8619-7c3b28224d8a@group-678140B1059C->da0cd28a-5297-4f90-8c80-70339634350f-AppendLogResponseHandler: Failed appendEntries: org.apache.ratis.thirdparty.io.grpc.StatusRuntimeException: UNAVAILABLE: io exception
2021-12-01 05:34:24,560 [grpc-default-executor-4] WARN  server.GrpcLogAppender (GrpcLogAppender.java:resetClient(110)) - 50760388-b69f-4e6a-8619-7c3b28224d8a@group-678140B1059C->da0cd28a-5297-4f90-8c80-70339634350f-GrpcLogAppender: Leader has not got in touch with Follower 50760388-b69f-4e6a-8619-7c3b28224d8a@group-678140B1059C->da0cd28a-5297-4f90-8c80-70339634350f(c0,m0,n1, attendVote=true, lastRpcSendTime=1, lastRpcResponseTime=2533) yet, just keep nextIndex unchanged and retry.
2021-12-01 05:34:24,561 [grpc-default-executor-4] WARN  server.GrpcLogAppender (LogUtils.java:warn(122)) - 50760388-b69f-4e6a-8619-7c3b28224d8a@group-678140B1059C->71abcc26-9029-4fbf-a56a-b89502f0dfdb-AppendLogResponseHandler: Failed appendEntries: org.apache.ratis.thirdparty.io.grpc.StatusRuntimeException: UNAVAILABLE: io exception
2021-12-01 05:34:24,562 [grpc-default-executor-4] WARN  server.GrpcLogAppender (GrpcLogAppender.java:resetClient(110)) - 50760388-b69f-4e6a-8619-7c3b28224d8a@group-678140B1059C->71abcc26-9029-4fbf-a56a-b89502f0dfdb-GrpcLogAppender: Leader has not got in touch with Follower 50760388-b69f-4e6a-8619-7c3b28224d8a@group-678140B1059C->71abcc26-9029-4fbf-a56a-b89502f0dfdb(c0,m0,n1, attendVote=true, lastRpcSendTime=0, lastRpcResponseTime=2542) yet, just keep nextIndex unchanged and retry.
2021-12-01 05:34:24,759 [EndpointStateMachine task thread for /127.0.0.1:14749 - 0 ] INFO  ipc.Client (Client.java:handleConnectionFailure(977)) - Retrying connect to server: localhost/127.0.0.1:14749. Already tried 8 time(s); retry policy is RetryUpToMaximumCountWithFixedSleep(maxRetries=15, sleepTime=1000 MILLISECONDS)
2021-12-01 05:34:24,759 [EndpointStateMachine task thread for /127.0.0.1:14729 - 0 ] INFO  ipc.Client (Client.java:handleConnectionFailure(977)) - Retrying connect to server: localhost/127.0.0.1:14729. Already tried 8 time(s); retry policy is RetryUpToMaximumCountWithFixedSleep(maxRetries=15, sleepTime=1000 MILLISECONDS)
2021-12-01 05:34:24,768 [EndpointStateMachine task thread for /127.0.0.1:14739 - 0 ] INFO  ipc.Client (Client.java:handleConnectionFailure(977)) - Retrying connect to server: localhost/127.0.0.1:14739. Already tried 8 time(s); retry policy is RetryUpToMaximumCountWithFixedSleep(maxRetries=15, sleepTime=1000 MILLISECONDS)
2021-12-01 05:34:25,123 [EndpointStateMachine task thread for /127.0.0.1:14539 - 0 ] INFO  ipc.Client (Client.java:handleConnectionFailure(977)) - Retrying connect to server: localhost/127.0.0.1:14539. Already tried 2 time(s); retry policy is RetryUpToMaximumCountWithFixedSleep(maxRetries=15, sleepTime=1000 MILLISECONDS)
2021-12-01 05:34:25,129 [EndpointStateMachine task thread for /127.0.0.1:14549 - 0 ] INFO  ipc.Client (Client.java:handleConnectionFailure(977)) - Retrying connect to server: localhost/127.0.0.1:14549. Already tried 2 time(s); retry policy is RetryUpToMaximumCountWithFixedSleep(maxRetries=15, sleepTime=1000 MILLISECONDS)
2021-12-01 05:34:25,134 [EndpointStateMachine task thread for /127.0.0.1:14529 - 0 ] INFO  ipc.Client (Client.java:handleConnectionFailure(977)) - Retrying connect to server: localhost/127.0.0.1:14529. Already tried 2 time(s); retry policy is RetryUpToMaximumCountWithFixedSleep(maxRetries=15, sleepTime=1000 MILLISECONDS)
2021-12-01 05:34:25,727 [ForkJoinPool.commonPool-worker-1] INFO  statemachine.DatanodeStateMachine (DatanodeStateMachine.java:stopDaemon(526)) - Ozone container server stopped.
2021-12-01 05:34:25,738 [ForkJoinPool.commonPool-worker-1] INFO  handler.ContextHandler (ContextHandler.java:doStop(1153)) - Stopped o.e.j.w.WebAppContext@107b30e0{hddsDatanode,/,null,STOPPED}{jar:file:/home/runner/.m2/repository/org/apache/ozone/hdds-container-service/1.3.0-SNAPSHOT/hdds-container-service-1.3.0-SNAPSHOT.jar!/webapps/hddsDatanode}
2021-12-01 05:34:25,746 [ForkJoinPool.commonPool-worker-1] INFO  server.AbstractConnector (AbstractConnector.java:doStop(381)) - Stopped ServerConnector@6e499bc1{HTTP/1.1, (http/1.1)}{0.0.0.0:0}
2021-12-01 05:34:25,746 [ForkJoinPool.commonPool-worker-1] INFO  server.session (HouseKeeper.java:stopScavenging(149)) - node0 Stopped scavenging
2021-12-01 05:34:25,749 [ForkJoinPool.commonPool-worker-1] INFO  handler.ContextHandler (ContextHandler.java:doStop(1153)) - Stopped o.e.j.s.ServletContextHandler@2228082d{static,/static,jar:file:/home/runner/.m2/repository/org/apache/ozone/hdds-container-service/1.3.0-SNAPSHOT/hdds-container-service-1.3.0-SNAPSHOT.jar!/webapps/static,STOPPED}
2021-12-01 05:34:25,758 [ForkJoinPool.commonPool-worker-1] INFO  handler.ContextHandler (ContextHandler.java:doStop(1153)) - Stopped o.e.j.s.ServletContextHandler@406b6988{logs,/logs,file:///home/runner/work/ozone/ozone/hadoop-ozone/integration-test/target/log,STOPPED}
2021-12-01 05:34:25,765 [EndpointStateMachine task thread for /127.0.0.1:14729 - 0 ] INFO  ipc.Client (Client.java:handleConnectionFailure(977)) - Retrying connect to server: localhost/127.0.0.1:14729. Already tried 9 time(s); retry policy is RetryUpToMaximumCountWithFixedSleep(maxRetries=15, sleepTime=1000 MILLISECONDS)
2021-12-01 05:34:25,766 [EndpointStateMachine task thread for /127.0.0.1:14749 - 0 ] INFO  ipc.Client (Client.java:handleConnectionFailure(977)) - Retrying connect to server: localhost/127.0.0.1:14749. Already tried 9 time(s); retry policy is RetryUpToMaximumCountWithFixedSleep(maxRetries=15, sleepTime=1000 MILLISECONDS)
2021-12-01 05:34:25,766 [Listener at 127.0.0.1/11600] INFO  statemachine.DatanodeStateMachine (DatanodeStateMachine.java:stopDaemon(526)) - Ozone container server stopped.
2021-12-01 05:34:25,767 [Listener at 127.0.0.1/11600] INFO  handler.ContextHandler (ContextHandler.java:doStop(1153)) - Stopped o.e.j.w.WebAppContext@464cbc59{hddsDatanode,/,null,STOPPED}{jar:file:/home/runner/.m2/repository/org/apache/ozone/hdds-container-service/1.3.0-SNAPSHOT/hdds-container-service-1.3.0-SNAPSHOT.jar!/webapps/hddsDatanode}
2021-12-01 05:34:25,767 [Listener at 127.0.0.1/11600] INFO  server.AbstractConnector (AbstractConnector.java:doStop(381)) - Stopped ServerConnector@2455c95c{HTTP/1.1, (http/1.1)}{0.0.0.0:0}
2021-12-01 05:34:25,768 [Listener at 127.0.0.1/11600] INFO  server.session (HouseKeeper.java:stopScavenging(149)) - node0 Stopped scavenging
2021-12-01 05:34:25,768 [EndpointStateMachine task thread for /127.0.0.1:14739 - 0 ] INFO  ipc.Client (Client.java:handleConnectionFailure(977)) - Retrying connect to server: localhost/127.0.0.1:14739. Already tried 9 time(s); retry policy is RetryUpToMaximumCountWithFixedSleep(maxRetries=15, sleepTime=1000 MILLISECONDS)
2021-12-01 05:34:25,768 [Listener at 127.0.0.1/11600] INFO  handler.ContextHandler (ContextHandler.java:doStop(1153)) - Stopped o.e.j.s.ServletContextHandler@6915ba65{static,/static,jar:file:/home/runner/.m2/repository/org/apache/ozone/hdds-container-service/1.3.0-SNAPSHOT/hdds-container-service-1.3.0-SNAPSHOT.jar!/webapps/static,STOPPED}
2021-12-01 05:34:25,768 [Listener at 127.0.0.1/11600] INFO  handler.ContextHandler (ContextHandler.java:doStop(1153)) - Stopped o.e.j.s.ServletContextHandler@287213ac{logs,/logs,file:///home/runner/work/ozone/ozone/hadoop-ozone/integration-test/target/log,STOPPED}
2021-12-01 05:34:25,880 [Datanode State Machine Daemon Thread] WARN  statemachine.StateContext (StateContext.java:setState(249)) - Ignore disallowed transition from SHUTDOWN to RUNNING
2021-12-01 05:34:26,134 [EndpointStateMachine task thread for /127.0.0.1:14529 - 0 ] INFO  ipc.Client (Client.java:handleConnectionFailure(977)) - Retrying connect to server: localhost/127.0.0.1:14529. Already tried 3 time(s); retry policy is RetryUpToMaximumCountWithFixedSleep(maxRetries=15, sleepTime=1000 MILLISECONDS)
2021-12-01 05:34:26,142 [EndpointStateMachine task thread for /127.0.0.1:14539 - 0 ] INFO  ipc.Client (Client.java:handleConnectionFailure(977)) - Retrying connect to server: localhost/127.0.0.1:14539. Already tried 3 time(s); retry policy is RetryUpToMaximumCountWithFixedSleep(maxRetries=15, sleepTime=1000 MILLISECONDS)
2021-12-01 05:34:26,146 [EndpointStateMachine task thread for /127.0.0.1:14549 - 0 ] INFO  ipc.Client (Client.java:handleConnectionFailure(977)) - Retrying connect to server: localhost/127.0.0.1:14549. Already tried 3 time(s); retry policy is RetryUpToMaximumCountWithFixedSleep(maxRetries=15, sleepTime=1000 MILLISECONDS)
2021-12-01 05:34:26,766 [EndpointStateMachine task thread for /127.0.0.1:14729 - 0 ] INFO  ipc.Client (Client.java:handleConnectionFailure(977)) - Retrying connect to server: localhost/127.0.0.1:14729. Already tried 10 time(s); retry policy is RetryUpToMaximumCountWithFixedSleep(maxRetries=15, sleepTime=1000 MILLISECONDS)
2021-12-01 05:34:26,766 [EndpointStateMachine task thread for /127.0.0.1:14749 - 0 ] INFO  ipc.Client (Client.java:handleConnectionFailure(977)) - Retrying connect to server: localhost/127.0.0.1:14749. Already tried 10 time(s); retry policy is RetryUpToMaximumCountWithFixedSleep(maxRetries=15, sleepTime=1000 MILLISECONDS)
2021-12-01 05:34:26,768 [EndpointStateMachine task thread for /127.0.0.1:14739 - 0 ] INFO  ipc.Client (Client.java:handleConnectionFailure(977)) - Retrying connect to server: localhost/127.0.0.1:14739. Already tried 10 time(s); retry policy is RetryUpToMaximumCountWithFixedSleep(maxRetries=15, sleepTime=1000 MILLISECONDS)
2021-12-01 05:34:27,059 [grpc-default-executor-4] WARN  server.GrpcLogAppender (LogUtils.java:warn(122)) - 50760388-b69f-4e6a-8619-7c3b28224d8a@group-678140B1059C->da0cd28a-5297-4f90-8c80-70339634350f-AppendLogResponseHandler: Failed appendEntries: org.apache.ratis.thirdparty.io.grpc.StatusRuntimeException: UNAVAILABLE: io exception
2021-12-01 05:34:27,061 [grpc-default-executor-4] WARN  server.GrpcLogAppender (GrpcLogAppender.java:resetClient(110)) - 50760388-b69f-4e6a-8619-7c3b28224d8a@group-678140B1059C->da0cd28a-5297-4f90-8c80-70339634350f-GrpcLogAppender: Leader has not got in touch with Follower 50760388-b69f-4e6a-8619-7c3b28224d8a@group-678140B1059C->da0cd28a-5297-4f90-8c80-70339634350f(c0,m0,n1, attendVote=true, lastRpcSendTime=1, lastRpcResponseTime=5034) yet, just keep nextIndex unchanged and retry.
2021-12-01 05:34:27,062 [grpc-default-executor-4] WARN  server.GrpcLogAppender (LogUtils.java:warn(122)) - 50760388-b69f-4e6a-8619-7c3b28224d8a@group-678140B1059C->71abcc26-9029-4fbf-a56a-b89502f0dfdb-AppendLogResponseHandler: Failed appendEntries: org.apache.ratis.thirdparty.io.grpc.StatusRuntimeException: UNAVAILABLE: io exception
2021-12-01 05:34:27,062 [grpc-default-executor-4] WARN  server.GrpcLogAppender (GrpcLogAppender.java:resetClient(110)) - 50760388-b69f-4e6a-8619-7c3b28224d8a@group-678140B1059C->71abcc26-9029-4fbf-a56a-b89502f0dfdb-GrpcLogAppender: Leader has not got in touch with Follower 50760388-b69f-4e6a-8619-7c3b28224d8a@group-678140B1059C->71abcc26-9029-4fbf-a56a-b89502f0dfdb(c0,m0,n1, attendVote=true, lastRpcSendTime=0, lastRpcResponseTime=5042) yet, just keep nextIndex unchanged and retry.
2021-12-01 05:34:27,135 [EndpointStateMachine task thread for /127.0.0.1:14529 - 0 ] INFO  ipc.Client (Client.java:handleConnectionFailure(977)) - Retrying connect to server: localhost/127.0.0.1:14529. Already tried 4 time(s); retry policy is RetryUpToMaximumCountWithFixedSleep(maxRetries=15, sleepTime=1000 MILLISECONDS)
2021-12-01 05:34:27,146 [EndpointStateMachine task thread for /127.0.0.1:14539 - 0 ] INFO  ipc.Client (Client.java:handleConnectionFailure(977)) - Retrying connect to server: localhost/127.0.0.1:14539. Already tried 4 time(s); retry policy is RetryUpToMaximumCountWithFixedSleep(maxRetries=15, sleepTime=1000 MILLISECONDS)
2021-12-01 05:34:27,146 [EndpointStateMachine task thread for /127.0.0.1:14549 - 0 ] INFO  ipc.Client (Client.java:handleConnectionFailure(977)) - Retrying connect to server: localhost/127.0.0.1:14549. Already tried 4 time(s); retry policy is RetryUpToMaximumCountWithFixedSleep(maxRetries=15, sleepTime=1000 MILLISECONDS)
2021-12-01 05:34:27,778 [EndpointStateMachine task thread for /127.0.0.1:14739 - 0 ] INFO  ipc.Client (Client.java:handleConnectionFailure(977)) - Retrying connect to server: localhost/127.0.0.1:14739. Already tried 11 time(s); retry policy is RetryUpToMaximumCountWithFixedSleep(maxRetries=15, sleepTime=1000 MILLISECONDS)
2021-12-01 05:34:27,778 [EndpointStateMachine task thread for /127.0.0.1:14749 - 0 ] INFO  ipc.Client (Client.java:handleConnectionFailure(977)) - Retrying connect to server: localhost/127.0.0.1:14749. Already tried 11 time(s); retry policy is RetryUpToMaximumCountWithFixedSleep(maxRetries=15, sleepTime=1000 MILLISECONDS)
2021-12-01 05:34:27,778 [EndpointStateMachine task thread for /127.0.0.1:14729 - 0 ] INFO  ipc.Client (Client.java:handleConnectionFailure(977)) - Retrying connect to server: localhost/127.0.0.1:14729. Already tried 11 time(s); retry policy is RetryUpToMaximumCountWithFixedSleep(maxRetries=15, sleepTime=1000 MILLISECONDS)
2021-12-01 05:34:28,136 [EndpointStateMachine task thread for /127.0.0.1:14529 - 0 ] INFO  ipc.Client (Client.java:handleConnectionFailure(977)) - Retrying connect to server: localhost/127.0.0.1:14529. Already tried 5 time(s); retry policy is RetryUpToMaximumCountWithFixedSleep(maxRetries=15, sleepTime=1000 MILLISECONDS)
2021-12-01 05:34:28,146 [EndpointStateMachine task thread for /127.0.0.1:14539 - 0 ] INFO  ipc.Client (Client.java:handleConnectionFailure(977)) - Retrying connect to server: localhost/127.0.0.1:14539. Already tried 5 time(s); retry policy is RetryUpToMaximumCountWithFixedSleep(maxRetries=15, sleepTime=1000 MILLISECONDS)
2021-12-01 05:34:28,146 [EndpointStateMachine task thread for /127.0.0.1:14549 - 0 ] INFO  ipc.Client (Client.java:handleConnectionFailure(977)) - Retrying connect to server: localhost/127.0.0.1:14549. Already tried 5 time(s); retry policy is RetryUpToMaximumCountWithFixedSleep(maxRetries=15, sleepTime=1000 MILLISECONDS)
2021-12-01 05:34:28,779 [EndpointStateMachine task thread for /127.0.0.1:14749 - 0 ] INFO  ipc.Client (Client.java:handleConnectionFailure(977)) - Retrying connect to server: localhost/127.0.0.1:14749. Already tried 12 time(s); retry policy is RetryUpToMaximumCountWithFixedSleep(maxRetries=15, sleepTime=1000 MILLISECONDS)
2021-12-01 05:34:28,779 [EndpointStateMachine task thread for /127.0.0.1:14739 - 0 ] INFO  ipc.Client (Client.java:handleConnectionFailure(977)) - Retrying connect to server: localhost/127.0.0.1:14739. Already tried 12 time(s); retry policy is RetryUpToMaximumCountWithFixedSleep(maxRetries=15, sleepTime=1000 MILLISECONDS)
2021-12-01 05:34:28,779 [EndpointStateMachine task thread for /127.0.0.1:14729 - 0 ] INFO  ipc.Client (Client.java:handleConnectionFailure(977)) - Retrying connect to server: localhost/127.0.0.1:14729. Already tried 12 time(s); retry policy is RetryUpToMaximumCountWithFixedSleep(maxRetries=15, sleepTime=1000 MILLISECONDS)
2021-12-01 05:34:29,136 [EndpointStateMachine task thread for /127.0.0.1:14529 - 0 ] INFO  ipc.Client (Client.java:handleConnectionFailure(977)) - Retrying connect to server: localhost/127.0.0.1:14529. Already tried 6 time(s); retry policy is RetryUpToMaximumCountWithFixedSleep(maxRetries=15, sleepTime=1000 MILLISECONDS)
2021-12-01 05:34:29,158 [EndpointStateMachine task thread for /127.0.0.1:14549 - 0 ] INFO  ipc.Client (Client.java:handleConnectionFailure(977)) - Retrying connect to server: localhost/127.0.0.1:14549. Already tried 6 time(s); retry policy is RetryUpToMaximumCountWithFixedSleep(maxRetries=15, sleepTime=1000 MILLISECONDS)
2021-12-01 05:34:29,158 [EndpointStateMachine task thread for /127.0.0.1:14539 - 0 ] INFO  ipc.Client (Client.java:handleConnectionFailure(977)) - Retrying connect to server: localhost/127.0.0.1:14539. Already tried 6 time(s); retry policy is RetryUpToMaximumCountWithFixedSleep(maxRetries=15, sleepTime=1000 MILLISECONDS)
2021-12-01 05:34:29,562 [grpc-default-executor-4] WARN  server.GrpcLogAppender (LogUtils.java:warn(122)) - 50760388-b69f-4e6a-8619-7c3b28224d8a@group-678140B1059C->da0cd28a-5297-4f90-8c80-70339634350f-AppendLogResponseHandler: Failed appendEntries: org.apache.ratis.thirdparty.io.grpc.StatusRuntimeException: UNAVAILABLE: io exception
2021-12-01 05:34:29,563 [grpc-default-executor-4] WARN  server.GrpcLogAppender (GrpcLogAppender.java:resetClient(110)) - 50760388-b69f-4e6a-8619-7c3b28224d8a@group-678140B1059C->da0cd28a-5297-4f90-8c80-70339634350f-GrpcLogAppender: Leader has not got in touch with Follower 50760388-b69f-4e6a-8619-7c3b28224d8a@group-678140B1059C->da0cd28a-5297-4f90-8c80-70339634350f(c0,m0,n1, attendVote=true, lastRpcSendTime=2503, lastRpcResponseTime=7536) yet, just keep nextIndex unchanged and retry.
2021-12-01 05:34:29,579 [grpc-default-executor-4] WARN  server.GrpcLogAppender (LogUtils.java:warn(122)) - 50760388-b69f-4e6a-8619-7c3b28224d8a@group-678140B1059C->71abcc26-9029-4fbf-a56a-b89502f0dfdb-AppendLogResponseHandler: Failed appendEntries: org.apache.ratis.thirdparty.io.grpc.StatusRuntimeException: UNAVAILABLE: io exception
2021-12-01 05:34:29,579 [grpc-default-executor-4] WARN  server.GrpcLogAppender (GrpcLogAppender.java:resetClient(110)) - 50760388-b69f-4e6a-8619-7c3b28224d8a@group-678140B1059C->71abcc26-9029-4fbf-a56a-b89502f0dfdb-GrpcLogAppender: Leader has not got in touch with Follower 50760388-b69f-4e6a-8619-7c3b28224d8a@group-678140B1059C->71abcc26-9029-4fbf-a56a-b89502f0dfdb(c0,m0,n1, attendVote=true, lastRpcSendTime=0, lastRpcResponseTime=7559) yet, just keep nextIndex unchanged and retry.
2021-12-01 05:34:29,779 [EndpointStateMachine task thread for /127.0.0.1:14749 - 0 ] INFO  ipc.Client (Client.java:handleConnectionFailure(977)) - Retrying connect to server: localhost/127.0.0.1:14749. Already tried 13 time(s); retry policy is RetryUpToMaximumCountWithFixedSleep(maxRetries=15, sleepTime=1000 MILLISECONDS)
2021-12-01 05:34:29,782 [EndpointStateMachine task thread for /127.0.0.1:14739 - 0 ] INFO  ipc.Client (Client.java:handleConnectionFailure(977)) - Retrying connect to server: localhost/127.0.0.1:14739. Already tried 13 time(s); retry policy is RetryUpToMaximumCountWithFixedSleep(maxRetries=15, sleepTime=1000 MILLISECONDS)
2021-12-01 05:34:29,782 [EndpointStateMachine task thread for /127.0.0.1:14729 - 0 ] INFO  ipc.Client (Client.java:handleConnectionFailure(977)) - Retrying connect to server: localhost/127.0.0.1:14729. Already tried 13 time(s); retry policy is RetryUpToMaximumCountWithFixedSleep(maxRetries=15, sleepTime=1000 MILLISECONDS)
2021-12-01 05:34:30,013 [50760388-b69f-4e6a-8619-7c3b28224d8a@group-9BDD03F14CCC-FollowerState] INFO  impl.FollowerState (FollowerState.java:run(134)) - 50760388-b69f-4e6a-8619-7c3b28224d8a@group-9BDD03F14CCC-FollowerState: change to CANDIDATE, lastRpcElapsedTime:7491904899ns, electionTimeout:5043ms
2021-12-01 05:34:30,013 [50760388-b69f-4e6a-8619-7c3b28224d8a@group-9BDD03F14CCC-FollowerState] INFO  impl.RoleInfo (RoleInfo.java:shutdownFollowerState(108)) - 50760388-b69f-4e6a-8619-7c3b28224d8a: shutdown 50760388-b69f-4e6a-8619-7c3b28224d8a@group-9BDD03F14CCC-FollowerState
2021-12-01 05:34:30,013 [50760388-b69f-4e6a-8619-7c3b28224d8a@group-9BDD03F14CCC-FollowerState] INFO  server.RaftServer$Division (RaftServerImpl.java:setRole(290)) - 50760388-b69f-4e6a-8619-7c3b28224d8a@group-9BDD03F14CCC: changes role from  FOLLOWER to CANDIDATE at term 2 for changeToCandidate
2021-12-01 05:34:30,013 [50760388-b69f-4e6a-8619-7c3b28224d8a@group-9BDD03F14CCC-FollowerState] INFO  server.RaftServerConfigKeys (ConfUtils.java:logGet(44)) - raft.server.leaderelection.pre-vote = false (custom)
2021-12-01 05:34:30,013 [50760388-b69f-4e6a-8619-7c3b28224d8a@group-9BDD03F14CCC-FollowerState] INFO  impl.RoleInfo (RoleInfo.java:updateAndGet(130)) - 50760388-b69f-4e6a-8619-7c3b28224d8a: start 50760388-b69f-4e6a-8619-7c3b28224d8a@group-9BDD03F14CCC-LeaderElection30
2021-12-01 05:34:30,018 [50760388-b69f-4e6a-8619-7c3b28224d8a@group-9BDD03F14CCC-LeaderElection30] INFO  server.RaftServer$Division (ServerState.java:setLeader(285)) - 50760388-b69f-4e6a-8619-7c3b28224d8a@group-9BDD03F14CCC: change Leader from da0cd28a-5297-4f90-8c80-70339634350f to null at term 2 for ELECTION
2021-12-01 05:34:30,026 [50760388-b69f-4e6a-8619-7c3b28224d8a@group-9BDD03F14CCC-LeaderElection30] INFO  impl.LeaderElection (LeaderElection.java:askForVotes(306)) - 50760388-b69f-4e6a-8619-7c3b28224d8a@group-9BDD03F14CCC-LeaderElection30 ELECTION round 0: submit vote requests at term 3 for 0: [da0cd28a-5297-4f90-8c80-70339634350f|rpc:127.0.0.1:45281|dataStream:|priority:1, 71abcc26-9029-4fbf-a56a-b89502f0dfdb|rpc:127.0.0.1:40523|dataStream:|priority:0, 50760388-b69f-4e6a-8619-7c3b28224d8a|rpc:127.0.0.1:41785|dataStream:|priority:0], old=null
2021-12-01 05:34:30,038 [50760388-b69f-4e6a-8619-7c3b28224d8a@group-9BDD03F14CCC-LeaderElection30] INFO  impl.LeaderElection (LogUtils.java:infoOrTrace(137)) - 50760388-b69f-4e6a-8619-7c3b28224d8a@group-9BDD03F14CCC-LeaderElection30 got exception when requesting votes: java.util.concurrent.ExecutionException: org.apache.ratis.thirdparty.io.grpc.StatusRuntimeException: UNAVAILABLE: io exception
2021-12-01 05:34:30,038 [50760388-b69f-4e6a-8619-7c3b28224d8a@group-9BDD03F14CCC-LeaderElection30] INFO  impl.LeaderElection (LogUtils.java:infoOrTrace(137)) - 50760388-b69f-4e6a-8619-7c3b28224d8a@group-9BDD03F14CCC-LeaderElection30 got exception when requesting votes: java.util.concurrent.ExecutionException: org.apache.ratis.thirdparty.io.grpc.StatusRuntimeException: UNAVAILABLE: io exception
2021-12-01 05:34:30,038 [50760388-b69f-4e6a-8619-7c3b28224d8a@group-9BDD03F14CCC-LeaderElection30] INFO  impl.LeaderElection (LeaderElection.java:logAndReturn(89)) - 50760388-b69f-4e6a-8619-7c3b28224d8a@group-9BDD03F14CCC-LeaderElection30: ELECTION REJECTED received 0 response(s) and 2 exception(s):
2021-12-01 05:34:30,038 [50760388-b69f-4e6a-8619-7c3b28224d8a@group-9BDD03F14CCC-LeaderElection30] INFO  impl.LeaderElection (LogUtils.java:infoOrTrace(137)) -   Exception 0: java.util.concurrent.ExecutionException: org.apache.ratis.thirdparty.io.grpc.StatusRuntimeException: UNAVAILABLE: io exception
2021-12-01 05:34:30,038 [50760388-b69f-4e6a-8619-7c3b28224d8a@group-9BDD03F14CCC-LeaderElection30] INFO  impl.LeaderElection (LogUtils.java:infoOrTrace(137)) -   Exception 1: java.util.concurrent.ExecutionException: org.apache.ratis.thirdparty.io.grpc.StatusRuntimeException: UNAVAILABLE: io exception
2021-12-01 05:34:30,038 [50760388-b69f-4e6a-8619-7c3b28224d8a@group-9BDD03F14CCC-LeaderElection30] INFO  impl.LeaderElection (LeaderElection.java:askForVotes(308)) - 50760388-b69f-4e6a-8619-7c3b28224d8a@group-9BDD03F14CCC-LeaderElection30 ELECTION round 0: result REJECTED
2021-12-01 05:34:30,038 [50760388-b69f-4e6a-8619-7c3b28224d8a@group-9BDD03F14CCC-LeaderElection30] INFO  server.RaftServer$Division (RaftServerImpl.java:setRole(290)) - 50760388-b69f-4e6a-8619-7c3b28224d8a@group-9BDD03F14CCC: changes role from CANDIDATE to FOLLOWER at term 3 for REJECTED
2021-12-01 05:34:30,038 [50760388-b69f-4e6a-8619-7c3b28224d8a@group-9BDD03F14CCC-LeaderElection30] INFO  impl.RoleInfo (RoleInfo.java:shutdownLeaderElection(121)) - 50760388-b69f-4e6a-8619-7c3b28224d8a: shutdown 50760388-b69f-4e6a-8619-7c3b28224d8a@group-9BDD03F14CCC-LeaderElection30
2021-12-01 05:34:30,038 [50760388-b69f-4e6a-8619-7c3b28224d8a@group-9BDD03F14CCC-LeaderElection30] INFO  impl.RoleInfo (RoleInfo.java:updateAndGet(130)) - 50760388-b69f-4e6a-8619-7c3b28224d8a: start 50760388-b69f-4e6a-8619-7c3b28224d8a@group-9BDD03F14CCC-FollowerState
2021-12-01 05:34:30,137 [EndpointStateMachine task thread for /127.0.0.1:14529 - 0 ] INFO  ipc.Client (Client.java:handleConnectionFailure(977)) - Retrying connect to server: localhost/127.0.0.1:14529. Already tried 7 time(s); retry policy is RetryUpToMaximumCountWithFixedSleep(maxRetries=15, sleepTime=1000 MILLISECONDS)
2021-12-01 05:34:30,138 [50760388-b69f-4e6a-8619-7c3b28224d8a@group-678140B1059C-LeaderStateImpl] WARN  server.RaftServer$Division (LeaderStateImpl.java:checkLeadership(974)) - 50760388-b69f-4e6a-8619-7c3b28224d8a@group-678140B1059C-LeaderStateImpl: Lost leadership on term: 1. Election timeout: 5200ms. In charge for: 20871ms. Conf: 0: [da0cd28a-5297-4f90-8c80-70339634350f|rpc:127.0.0.1:45281|dataStream:|priority:0, 71abcc26-9029-4fbf-a56a-b89502f0dfdb|rpc:127.0.0.1:40523|dataStream:|priority:0, 50760388-b69f-4e6a-8619-7c3b28224d8a|rpc:127.0.0.1:41785|dataStream:|priority:1], old=null
2021-12-01 05:34:30,138 [50760388-b69f-4e6a-8619-7c3b28224d8a@group-678140B1059C-LeaderStateImpl] WARN  server.RaftServer$Division (LeaderStateImpl.java:lambda$checkLeadership$15(978)) - Follower 50760388-b69f-4e6a-8619-7c3b28224d8a@group-678140B1059C->da0cd28a-5297-4f90-8c80-70339634350f(c0,m0,n1, attendVote=true, lastRpcSendTime=570, lastRpcResponseTime=8111)
2021-12-01 05:34:30,138 [50760388-b69f-4e6a-8619-7c3b28224d8a@group-678140B1059C-LeaderStateImpl] WARN  server.RaftServer$Division (LeaderStateImpl.java:lambda$checkLeadership$15(978)) - Follower 50760388-b69f-4e6a-8619-7c3b28224d8a@group-678140B1059C->71abcc26-9029-4fbf-a56a-b89502f0dfdb(c0,m0,n1, attendVote=true, lastRpcSendTime=559, lastRpcResponseTime=8118)
2021-12-01 05:34:30,138 [50760388-b69f-4e6a-8619-7c3b28224d8a@group-678140B1059C-LeaderStateImpl] INFO  server.RaftServer$Division (RaftServerImpl.java:setRole(290)) - 50760388-b69f-4e6a-8619-7c3b28224d8a@group-678140B1059C: changes role from    LEADER to FOLLOWER at term 1 for StepDownReason:LOST_MAJORITY_HEARTBEATS
2021-12-01 05:34:30,138 [50760388-b69f-4e6a-8619-7c3b28224d8a@group-678140B1059C-LeaderStateImpl] INFO  impl.RoleInfo (RoleInfo.java:shutdownLeaderState(91)) - 50760388-b69f-4e6a-8619-7c3b28224d8a: shutdown 50760388-b69f-4e6a-8619-7c3b28224d8a@group-678140B1059C-LeaderStateImpl
2021-12-01 05:34:30,138 [50760388-b69f-4e6a-8619-7c3b28224d8a@group-678140B1059C-LeaderStateImpl] INFO  impl.PendingRequests (PendingRequests.java:sendNotLeaderResponses(282)) - 50760388-b69f-4e6a-8619-7c3b28224d8a@group-678140B1059C-PendingRequests: sendNotLeaderResponses
2021-12-01 05:34:30,139 [50760388-b69f-4e6a-8619-7c3b28224d8a@group-678140B1059C-LeaderStateImpl] INFO  impl.RoleInfo (RoleInfo.java:updateAndGet(130)) - 50760388-b69f-4e6a-8619-7c3b28224d8a: start 50760388-b69f-4e6a-8619-7c3b28224d8a@group-678140B1059C-FollowerState
2021-12-01 05:34:30,158 [EndpointStateMachine task thread for /127.0.0.1:14549 - 0 ] INFO  ipc.Client (Client.java:handleConnectionFailure(977)) - Retrying connect to server: localhost/127.0.0.1:14549. Already tried 7 time(s); retry policy is RetryUpToMaximumCountWithFixedSleep(maxRetries=15, sleepTime=1000 MILLISECONDS)
2021-12-01 05:34:30,158 [EndpointStateMachine task thread for /127.0.0.1:14539 - 0 ] INFO  ipc.Client (Client.java:handleConnectionFailure(977)) - Retrying connect to server: localhost/127.0.0.1:14539. Already tried 7 time(s); retry policy is RetryUpToMaximumCountWithFixedSleep(maxRetries=15, sleepTime=1000 MILLISECONDS)
2021-12-01 05:34:30,762 [ForkJoinPool.commonPool-worker-1] INFO  ozoneimpl.OzoneContainer (OzoneContainer.java:stop(325)) - Attempting to stop container services.
2021-12-01 05:34:30,763 [ForkJoinPool.commonPool-worker-1] INFO  server.RaftServer (RaftServerProxy.java:lambda$close$6(391)) - 50760388-b69f-4e6a-8619-7c3b28224d8a: close
2021-12-01 05:34:30,764 [ForkJoinPool.commonPool-worker-1] INFO  server.RaftServer$Division (RaftServerImpl.java:lambda$close$4(412)) - 50760388-b69f-4e6a-8619-7c3b28224d8a@group-678140B1059C: shutdown
2021-12-01 05:34:30,764 [ForkJoinPool.commonPool-worker-1] INFO  util.JmxRegister (JmxRegister.java:unregister(73)) - Successfully un-registered JMX Bean with object name Ratis:service=RaftServer,group=group-678140B1059C,id=50760388-b69f-4e6a-8619-7c3b28224d8a
2021-12-01 05:34:30,764 [ForkJoinPool.commonPool-worker-1] INFO  impl.RoleInfo (RoleInfo.java:shutdownFollowerState(108)) - 50760388-b69f-4e6a-8619-7c3b28224d8a: shutdown 50760388-b69f-4e6a-8619-7c3b28224d8a@group-678140B1059C-FollowerState
2021-12-01 05:34:30,764 [ForkJoinPool.commonPool-worker-1] INFO  impl.StateMachineUpdater (StateMachineUpdater.java:stopAndJoin(149)) - 50760388-b69f-4e6a-8619-7c3b28224d8a@group-678140B1059C-StateMachineUpdater: set stopIndex = 0
2021-12-01 05:34:30,764 [50760388-b69f-4e6a-8619-7c3b28224d8a@group-678140B1059C-FollowerState] INFO  impl.FollowerState (FollowerState.java:run(143)) - 50760388-b69f-4e6a-8619-7c3b28224d8a@group-678140B1059C-FollowerState was interrupted: {}
java.lang.InterruptedException: sleep interrupted
	at java.lang.Thread.sleep(Native Method)
	at java.lang.Thread.sleep(Thread.java:340)
	at java.util.concurrent.TimeUnit.sleep(TimeUnit.java:386)
	at org.apache.ratis.util.TimeDuration.sleep(TimeDuration.java:324)
	at org.apache.ratis.util.TimeDuration.sleep(TimeDuration.java:309)
	at org.apache.ratis.server.impl.FollowerState.run(FollowerState.java:118)
2021-12-01 05:34:30,764 [50760388-b69f-4e6a-8619-7c3b28224d8a@group-678140B1059C-StateMachineUpdater] INFO  ratis.ContainerStateMachine (ContainerStateMachine.java:takeSnapshot(292)) - group-678140B1059C: Taking a snapshot at:(t:1, i:0) file /home/runner/work/ozone/ozone/hadoop-ozone/integration-test/target/test-dir/MiniOzoneClusterImpl-18ff7c11-c606-42f1-8c5c-1f8c02111a4f/datanode-2/data/ratis/ef65d66e-0a26-405c-8c09-678140b1059c/sm/snapshot.1_0
2021-12-01 05:34:30,765 [50760388-b69f-4e6a-8619-7c3b28224d8a@group-678140B1059C-StateMachineUpdater] INFO  ratis.ContainerStateMachine (ContainerStateMachine.java:takeSnapshot(303)) - group-678140B1059C: Finished taking a snapshot at:(t:1, i:0) file:/home/runner/work/ozone/ozone/hadoop-ozone/integration-test/target/test-dir/MiniOzoneClusterImpl-18ff7c11-c606-42f1-8c5c-1f8c02111a4f/datanode-2/data/ratis/ef65d66e-0a26-405c-8c09-678140b1059c/sm/snapshot.1_0 took: 1 ms
2021-12-01 05:34:30,765 [50760388-b69f-4e6a-8619-7c3b28224d8a@group-678140B1059C-StateMachineUpdater] INFO  impl.StateMachineUpdater (StateMachineUpdater.java:takeSnapshot(281)) - 50760388-b69f-4e6a-8619-7c3b28224d8a@group-678140B1059C-StateMachineUpdater: Took a snapshot at index 0
2021-12-01 05:34:30,765 [50760388-b69f-4e6a-8619-7c3b28224d8a@group-678140B1059C-StateMachineUpdater] INFO  impl.StateMachineUpdater (StateMachineUpdater.java:lambda$new$0(89)) - 50760388-b69f-4e6a-8619-7c3b28224d8a@group-678140B1059C-StateMachineUpdater: snapshotIndex: updateIncreasingly -1 -> 0
2021-12-01 05:34:30,766 [ForkJoinPool.commonPool-worker-1] INFO  server.RaftServer$Division (ServerState.java:close(419)) - 50760388-b69f-4e6a-8619-7c3b28224d8a@group-678140B1059C: closes. applyIndex: 0
2021-12-01 05:34:30,766 [50760388-b69f-4e6a-8619-7c3b28224d8a@group-678140B1059C-SegmentedRaftLogWorker] INFO  segmented.SegmentedRaftLogWorker (SegmentedRaftLogWorker.java:run(327)) - 50760388-b69f-4e6a-8619-7c3b28224d8a@group-678140B1059C-SegmentedRaftLogWorker was interrupted, exiting. There are 0 tasks remaining in the queue.
2021-12-01 05:34:30,766 [ForkJoinPool.commonPool-worker-1] INFO  segmented.SegmentedRaftLogWorker (SegmentedRaftLogWorker.java:close(237)) - 50760388-b69f-4e6a-8619-7c3b28224d8a@group-678140B1059C-SegmentedRaftLogWorker close()
2021-12-01 05:34:30,766 [ForkJoinPool.commonPool-worker-1] INFO  server.RaftServer$Division (RaftServerImpl.java:lambda$close$4(412)) - 50760388-b69f-4e6a-8619-7c3b28224d8a@group-7199D68F827C: shutdown
2021-12-01 05:34:30,766 [ForkJoinPool.commonPool-worker-1] INFO  util.JmxRegister (JmxRegister.java:unregister(73)) - Successfully un-registered JMX Bean with object name Ratis:service=RaftServer,group=group-7199D68F827C,id=50760388-b69f-4e6a-8619-7c3b28224d8a
2021-12-01 05:34:30,766 [ForkJoinPool.commonPool-worker-1] INFO  impl.RoleInfo (RoleInfo.java:shutdownLeaderState(91)) - 50760388-b69f-4e6a-8619-7c3b28224d8a: shutdown 50760388-b69f-4e6a-8619-7c3b28224d8a@group-7199D68F827C-LeaderStateImpl
2021-12-01 05:34:30,766 [ForkJoinPool.commonPool-worker-1] INFO  impl.PendingRequests (PendingRequests.java:sendNotLeaderResponses(282)) - 50760388-b69f-4e6a-8619-7c3b28224d8a@group-7199D68F827C-PendingRequests: sendNotLeaderResponses
2021-12-01 05:34:30,768 [50760388-b69f-4e6a-8619-7c3b28224d8a@group-7199D68F827C-StateMachineUpdater] INFO  ratis.ContainerStateMachine (ContainerStateMachine.java:takeSnapshot(292)) - group-7199D68F827C: Taking a snapshot at:(t:1, i:0) file /home/runner/work/ozone/ozone/hadoop-ozone/integration-test/target/test-dir/MiniOzoneClusterImpl-18ff7c11-c606-42f1-8c5c-1f8c02111a4f/datanode-2/data/ratis/ed2a3ff7-2a21-4723-aee3-7199d68f827c/sm/snapshot.1_0
2021-12-01 05:34:30,768 [ForkJoinPool.commonPool-worker-1] INFO  impl.StateMachineUpdater (StateMachineUpdater.java:stopAndJoin(149)) - 50760388-b69f-4e6a-8619-7c3b28224d8a@group-7199D68F827C-StateMachineUpdater: set stopIndex = 0
2021-12-01 05:34:30,769 [50760388-b69f-4e6a-8619-7c3b28224d8a@group-7199D68F827C-StateMachineUpdater] INFO  ratis.ContainerStateMachine (ContainerStateMachine.java:takeSnapshot(303)) - group-7199D68F827C: Finished taking a snapshot at:(t:1, i:0) file:/home/runner/work/ozone/ozone/hadoop-ozone/integration-test/target/test-dir/MiniOzoneClusterImpl-18ff7c11-c606-42f1-8c5c-1f8c02111a4f/datanode-2/data/ratis/ed2a3ff7-2a21-4723-aee3-7199d68f827c/sm/snapshot.1_0 took: 1 ms
2021-12-01 05:34:30,769 [50760388-b69f-4e6a-8619-7c3b28224d8a@group-7199D68F827C-StateMachineUpdater] INFO  impl.StateMachineUpdater (StateMachineUpdater.java:takeSnapshot(281)) - 50760388-b69f-4e6a-8619-7c3b28224d8a@group-7199D68F827C-StateMachineUpdater: Took a snapshot at index 0
2021-12-01 05:34:30,769 [50760388-b69f-4e6a-8619-7c3b28224d8a@group-7199D68F827C-StateMachineUpdater] INFO  impl.StateMachineUpdater (StateMachineUpdater.java:lambda$new$0(89)) - 50760388-b69f-4e6a-8619-7c3b28224d8a@group-7199D68F827C-StateMachineUpdater: snapshotIndex: updateIncreasingly -1 -> 0
2021-12-01 05:34:30,769 [ForkJoinPool.commonPool-worker-1] INFO  server.RaftServer$Division (ServerState.java:close(419)) - 50760388-b69f-4e6a-8619-7c3b28224d8a@group-7199D68F827C: closes. applyIndex: 0
2021-12-01 05:34:30,770 [50760388-b69f-4e6a-8619-7c3b28224d8a@group-7199D68F827C-SegmentedRaftLogWorker] INFO  segmented.SegmentedRaftLogWorker (SegmentedRaftLogWorker.java:run(327)) - 50760388-b69f-4e6a-8619-7c3b28224d8a@group-7199D68F827C-SegmentedRaftLogWorker was interrupted, exiting. There are 0 tasks remaining in the queue.
2021-12-01 05:34:30,770 [ForkJoinPool.commonPool-worker-1] INFO  segmented.SegmentedRaftLogWorker (SegmentedRaftLogWorker.java:close(237)) - 50760388-b69f-4e6a-8619-7c3b28224d8a@group-7199D68F827C-SegmentedRaftLogWorker close()
2021-12-01 05:34:30,772 [ForkJoinPool.commonPool-worker-1] INFO  server.RaftServer$Division (RaftServerImpl.java:lambda$close$4(412)) - 50760388-b69f-4e6a-8619-7c3b28224d8a@group-9BDD03F14CCC: shutdown
2021-12-01 05:34:30,773 [ForkJoinPool.commonPool-worker-1] INFO  util.JmxRegister (JmxRegister.java:unregister(73)) - Successfully un-registered JMX Bean with object name Ratis:service=RaftServer,group=group-9BDD03F14CCC,id=50760388-b69f-4e6a-8619-7c3b28224d8a
2021-12-01 05:34:30,773 [ForkJoinPool.commonPool-worker-1] INFO  impl.RoleInfo (RoleInfo.java:shutdownFollowerState(108)) - 50760388-b69f-4e6a-8619-7c3b28224d8a: shutdown 50760388-b69f-4e6a-8619-7c3b28224d8a@group-9BDD03F14CCC-FollowerState
2021-12-01 05:34:30,773 [50760388-b69f-4e6a-8619-7c3b28224d8a@group-9BDD03F14CCC-FollowerState] INFO  impl.FollowerState (FollowerState.java:run(143)) - 50760388-b69f-4e6a-8619-7c3b28224d8a@group-9BDD03F14CCC-FollowerState was interrupted: {}
java.lang.InterruptedException: sleep interrupted
	at java.lang.Thread.sleep(Native Method)
	at java.lang.Thread.sleep(Thread.java:340)
	at java.util.concurrent.TimeUnit.sleep(TimeUnit.java:386)
	at org.apache.ratis.util.TimeDuration.sleep(TimeDuration.java:324)
	at org.apache.ratis.util.TimeDuration.sleep(TimeDuration.java:309)
	at org.apache.ratis.server.impl.FollowerState.run(FollowerState.java:118)
2021-12-01 05:34:30,778 [50760388-b69f-4e6a-8619-7c3b28224d8a@group-9BDD03F14CCC-StateMachineUpdater] INFO  ratis.ContainerStateMachine (ContainerStateMachine.java:takeSnapshot(292)) - group-9BDD03F14CCC: Taking a snapshot at:(t:2, i:0) file /home/runner/work/ozone/ozone/hadoop-ozone/integration-test/target/test-dir/MiniOzoneClusterImpl-18ff7c11-c606-42f1-8c5c-1f8c02111a4f/datanode-2/data/ratis/a4cb820e-ec71-4f61-b24e-9bdd03f14ccc/sm/snapshot.2_0
2021-12-01 05:34:30,778 [ForkJoinPool.commonPool-worker-1] INFO  impl.StateMachineUpdater (StateMachineUpdater.java:stopAndJoin(149)) - 50760388-b69f-4e6a-8619-7c3b28224d8a@group-9BDD03F14CCC-StateMachineUpdater: set stopIndex = 0
2021-12-01 05:34:30,779 [50760388-b69f-4e6a-8619-7c3b28224d8a@group-9BDD03F14CCC-StateMachineUpdater] INFO  ratis.ContainerStateMachine (ContainerStateMachine.java:takeSnapshot(303)) - group-9BDD03F14CCC: Finished taking a snapshot at:(t:2, i:0) file:/home/runner/work/ozone/ozone/hadoop-ozone/integration-test/target/test-dir/MiniOzoneClusterImpl-18ff7c11-c606-42f1-8c5c-1f8c02111a4f/datanode-2/data/ratis/a4cb820e-ec71-4f61-b24e-9bdd03f14ccc/sm/snapshot.2_0 took: 1 ms
2021-12-01 05:34:30,779 [50760388-b69f-4e6a-8619-7c3b28224d8a@group-9BDD03F14CCC-StateMachineUpdater] INFO  impl.StateMachineUpdater (StateMachineUpdater.java:takeSnapshot(281)) - 50760388-b69f-4e6a-8619-7c3b28224d8a@group-9BDD03F14CCC-StateMachineUpdater: Took a snapshot at index 0
2021-12-01 05:34:30,779 [50760388-b69f-4e6a-8619-7c3b28224d8a@group-9BDD03F14CCC-StateMachineUpdater] INFO  impl.StateMachineUpdater (StateMachineUpdater.java:lambda$new$0(89)) - 50760388-b69f-4e6a-8619-7c3b28224d8a@group-9BDD03F14CCC-StateMachineUpdater: snapshotIndex: updateIncreasingly -1 -> 0
2021-12-01 05:34:30,780 [ForkJoinPool.commonPool-worker-1] INFO  server.RaftServer$Division (ServerState.java:close(419)) - 50760388-b69f-4e6a-8619-7c3b28224d8a@group-9BDD03F14CCC: closes. applyIndex: 0
2021-12-01 05:34:30,780 [EndpointStateMachine task thread for /127.0.0.1:14749 - 0 ] INFO  ipc.Client (Client.java:handleConnectionFailure(977)) - Retrying connect to server: localhost/127.0.0.1:14749. Already tried 14 time(s); retry policy is RetryUpToMaximumCountWithFixedSleep(maxRetries=15, sleepTime=1000 MILLISECONDS)
2021-12-01 05:34:30,780 [50760388-b69f-4e6a-8619-7c3b28224d8a@group-9BDD03F14CCC-SegmentedRaftLogWorker] INFO  segmented.SegmentedRaftLogWorker (SegmentedRaftLogWorker.java:run(327)) - 50760388-b69f-4e6a-8619-7c3b28224d8a@group-9BDD03F14CCC-SegmentedRaftLogWorker was interrupted, exiting. There are 0 tasks remaining in the queue.
2021-12-01 05:34:30,780 [ForkJoinPool.commonPool-worker-1] INFO  segmented.SegmentedRaftLogWorker (SegmentedRaftLogWorker.java:close(237)) - 50760388-b69f-4e6a-8619-7c3b28224d8a@group-9BDD03F14CCC-SegmentedRaftLogWorker close()
2021-12-01 05:34:30,780 [EndpointStateMachine task thread for /127.0.0.1:14749 - 0 ] WARN  statemachine.EndpointStateMachine (EndpointStateMachine.java:logIfNeeded(236)) - Unable to communicate to SCM server at localhost:14749 for past 0 seconds.
java.net.ConnectException: Call From fv-az297-56/10.1.0.22 to localhost:14749 failed on connection exception: java.net.ConnectException: Connection refused; For more details see:  http://wiki.apache.org/hadoop/ConnectionRefused
	at sun.reflect.GeneratedConstructorAccessor42.newInstance(Unknown Source)
	at sun.reflect.DelegatingConstructorAccessorImpl.newInstance(DelegatingConstructorAccessorImpl.java:45)
	at java.lang.reflect.Constructor.newInstance(Constructor.java:423)
	at org.apache.hadoop.net.NetUtils.wrapWithMessage(NetUtils.java:913)
	at org.apache.hadoop.net.NetUtils.wrapException(NetUtils.java:828)
	at org.apache.hadoop.ipc.Client.getRpcResponse(Client.java:1577)
	at org.apache.hadoop.ipc.Client.call(Client.java:1519)
	at org.apache.hadoop.ipc.Client.call(Client.java:1416)
	at org.apache.hadoop.ipc.ProtobufRpcEngine$Invoker.invoke(ProtobufRpcEngine.java:236)
	at org.apache.hadoop.ipc.ProtobufRpcEngine$Invoker.invoke(ProtobufRpcEngine.java:123)
	at com.sun.proxy.$Proxy48.submitRequest(Unknown Source)
	at org.apache.hadoop.ozone.protocolPB.StorageContainerDatanodeProtocolClientSideTranslatorPB.submitRequest(StorageContainerDatanodeProtocolClientSideTranslatorPB.java:117)
	at org.apache.hadoop.ozone.protocolPB.StorageContainerDatanodeProtocolClientSideTranslatorPB.sendHeartbeat(StorageContainerDatanodeProtocolClientSideTranslatorPB.java:149)
	at org.apache.hadoop.ozone.container.common.states.endpoint.HeartbeatEndpointTask.call(HeartbeatEndpointTask.java:179)
	at org.apache.hadoop.ozone.container.common.states.endpoint.HeartbeatEndpointTask.call(HeartbeatEndpointTask.java:82)
	at java.util.concurrent.FutureTask.run(FutureTask.java:266)
	at java.util.concurrent.ThreadPoolExecutor.runWorker(ThreadPoolExecutor.java:1149)
	at java.util.concurrent.ThreadPoolExecutor$Worker.run(ThreadPoolExecutor.java:624)
	at java.lang.Thread.run(Thread.java:748)
Caused by: java.net.ConnectException: Connection refused
	at sun.nio.ch.SocketChannelImpl.checkConnect(Native Method)
	at sun.nio.ch.SocketChannelImpl.finishConnect(SocketChannelImpl.java:716)
	at org.apache.hadoop.net.SocketIOWithTimeout.connect(SocketIOWithTimeout.java:206)
	at org.apache.hadoop.net.NetUtils.connect(NetUtils.java:586)
	at org.apache.hadoop.ipc.Client$Connection.setupConnection(Client.java:701)
	at org.apache.hadoop.ipc.Client$Connection.setupIOstreams(Client.java:822)
	at org.apache.hadoop.ipc.Client$Connection.access$3800(Client.java:414)
	at org.apache.hadoop.ipc.Client.getConnection(Client.java:1647)
	at org.apache.hadoop.ipc.Client.call(Client.java:1463)
	... 12 more
2021-12-01 05:34:30,781 [ForkJoinPool.commonPool-worker-1] INFO  server.GrpcService (GrpcService.java:closeImpl(262)) - 50760388-b69f-4e6a-8619-7c3b28224d8a: shutdown server with port 41785 now
2021-12-01 05:34:30,782 [EndpointStateMachine task thread for /127.0.0.1:14739 - 0 ] INFO  ipc.Client (Client.java:handleConnectionFailure(977)) - Retrying connect to server: localhost/127.0.0.1:14739. Already tried 14 time(s); retry policy is RetryUpToMaximumCountWithFixedSleep(maxRetries=15, sleepTime=1000 MILLISECONDS)
2021-12-01 05:34:30,782 [EndpointStateMachine task thread for /127.0.0.1:14739 - 0 ] WARN  statemachine.EndpointStateMachine (EndpointStateMachine.java:logIfNeeded(236)) - Unable to communicate to SCM server at localhost:14739 for past 0 seconds.
java.net.ConnectException: Call From fv-az297-56/10.1.0.22 to localhost:14739 failed on connection exception: java.net.ConnectException: Connection refused; For more details see:  http://wiki.apache.org/hadoop/ConnectionRefused
	at sun.reflect.GeneratedConstructorAccessor42.newInstance(Unknown Source)
	at sun.reflect.DelegatingConstructorAccessorImpl.newInstance(DelegatingConstructorAccessorImpl.java:45)
	at java.lang.reflect.Constructor.newInstance(Constructor.java:423)
	at org.apache.hadoop.net.NetUtils.wrapWithMessage(NetUtils.java:913)
	at org.apache.hadoop.net.NetUtils.wrapException(NetUtils.java:828)
	at org.apache.hadoop.ipc.Client.getRpcResponse(Client.java:1577)
	at org.apache.hadoop.ipc.Client.call(Client.java:1519)
	at org.apache.hadoop.ipc.Client.call(Client.java:1416)
	at org.apache.hadoop.ipc.ProtobufRpcEngine$Invoker.invoke(ProtobufRpcEngine.java:236)
	at org.apache.hadoop.ipc.ProtobufRpcEngine$Invoker.invoke(ProtobufRpcEngine.java:123)
	at com.sun.proxy.$Proxy48.submitRequest(Unknown Source)
	at org.apache.hadoop.ozone.protocolPB.StorageContainerDatanodeProtocolClientSideTranslatorPB.submitRequest(StorageContainerDatanodeProtocolClientSideTranslatorPB.java:117)
	at org.apache.hadoop.ozone.protocolPB.StorageContainerDatanodeProtocolClientSideTranslatorPB.sendHeartbeat(StorageContainerDatanodeProtocolClientSideTranslatorPB.java:149)
	at org.apache.hadoop.ozone.container.common.states.endpoint.HeartbeatEndpointTask.call(HeartbeatEndpointTask.java:179)
	at org.apache.hadoop.ozone.container.common.states.endpoint.HeartbeatEndpointTask.call(HeartbeatEndpointTask.java:82)
	at java.util.concurrent.FutureTask.run(FutureTask.java:266)
	at java.util.concurrent.ThreadPoolExecutor.runWorker(ThreadPoolExecutor.java:1149)
	at java.util.concurrent.ThreadPoolExecutor$Worker.run(ThreadPoolExecutor.java:624)
	at java.lang.Thread.run(Thread.java:748)
Caused by: java.net.ConnectException: Connection refused
	at sun.nio.ch.SocketChannelImpl.checkConnect(Native Method)
	at sun.nio.ch.SocketChannelImpl.finishConnect(SocketChannelImpl.java:716)
	at org.apache.hadoop.net.SocketIOWithTimeout.connect(SocketIOWithTimeout.java:206)
	at org.apache.hadoop.net.NetUtils.connect(NetUtils.java:586)
	at org.apache.hadoop.ipc.Client$Connection.setupConnection(Client.java:701)
	at org.apache.hadoop.ipc.Client$Connection.setupIOstreams(Client.java:822)
	at org.apache.hadoop.ipc.Client$Connection.access$3800(Client.java:414)
	at org.apache.hadoop.ipc.Client.getConnection(Client.java:1647)
	at org.apache.hadoop.ipc.Client.call(Client.java:1463)
	... 12 more
2021-12-01 05:34:30,783 [EndpointStateMachine task thread for /127.0.0.1:14729 - 0 ] INFO  ipc.Client (Client.java:handleConnectionFailure(977)) - Retrying connect to server: localhost/127.0.0.1:14729. Already tried 14 time(s); retry policy is RetryUpToMaximumCountWithFixedSleep(maxRetries=15, sleepTime=1000 MILLISECONDS)
2021-12-01 05:34:30,788 [EndpointStateMachine task thread for /127.0.0.1:14729 - 0 ] WARN  statemachine.EndpointStateMachine (EndpointStateMachine.java:logIfNeeded(236)) - Unable to communicate to SCM server at localhost:14729 for past 0 seconds.
java.net.ConnectException: Call From fv-az297-56/10.1.0.22 to localhost:14729 failed on connection exception: java.net.ConnectException: Connection refused; For more details see:  http://wiki.apache.org/hadoop/ConnectionRefused
	at sun.reflect.GeneratedConstructorAccessor42.newInstance(Unknown Source)
	at sun.reflect.DelegatingConstructorAccessorImpl.newInstance(DelegatingConstructorAccessorImpl.java:45)
	at java.lang.reflect.Constructor.newInstance(Constructor.java:423)
	at org.apache.hadoop.net.NetUtils.wrapWithMessage(NetUtils.java:913)
	at org.apache.hadoop.net.NetUtils.wrapException(NetUtils.java:828)
	at org.apache.hadoop.ipc.Client.getRpcResponse(Client.java:1577)
	at org.apache.hadoop.ipc.Client.call(Client.java:1519)
	at org.apache.hadoop.ipc.Client.call(Client.java:1416)
	at org.apache.hadoop.ipc.ProtobufRpcEngine$Invoker.invoke(ProtobufRpcEngine.java:236)
	at org.apache.hadoop.ipc.ProtobufRpcEngine$Invoker.invoke(ProtobufRpcEngine.java:123)
	at com.sun.proxy.$Proxy48.submitRequest(Unknown Source)
	at org.apache.hadoop.ozone.protocolPB.StorageContainerDatanodeProtocolClientSideTranslatorPB.submitRequest(StorageContainerDatanodeProtocolClientSideTranslatorPB.java:117)
	at org.apache.hadoop.ozone.protocolPB.StorageContainerDatanodeProtocolClientSideTranslatorPB.sendHeartbeat(StorageContainerDatanodeProtocolClientSideTranslatorPB.java:149)
	at org.apache.hadoop.ozone.container.common.states.endpoint.HeartbeatEndpointTask.call(HeartbeatEndpointTask.java:179)
	at org.apache.hadoop.ozone.container.common.states.endpoint.HeartbeatEndpointTask.call(HeartbeatEndpointTask.java:82)
	at java.util.concurrent.FutureTask.run(FutureTask.java:266)
	at java.util.concurrent.ThreadPoolExecutor.runWorker(ThreadPoolExecutor.java:1149)
	at java.util.concurrent.ThreadPoolExecutor$Worker.run(ThreadPoolExecutor.java:624)
	at java.lang.Thread.run(Thread.java:748)
Caused by: java.net.ConnectException: Connection refused
	at sun.nio.ch.SocketChannelImpl.checkConnect(Native Method)
	at sun.nio.ch.SocketChannelImpl.finishConnect(SocketChannelImpl.java:716)
	at org.apache.hadoop.net.SocketIOWithTimeout.connect(SocketIOWithTimeout.java:206)
	at org.apache.hadoop.net.NetUtils.connect(NetUtils.java:586)
	at org.apache.hadoop.ipc.Client$Connection.setupConnection(Client.java:701)
	at org.apache.hadoop.ipc.Client$Connection.setupIOstreams(Client.java:822)
	at org.apache.hadoop.ipc.Client$Connection.access$3800(Client.java:414)
	at org.apache.hadoop.ipc.Client.getConnection(Client.java:1647)
	at org.apache.hadoop.ipc.Client.call(Client.java:1463)
	... 12 more
2021-12-01 05:34:30,789 [ForkJoinPool.commonPool-worker-1] INFO  server.GrpcService (GrpcService.java:closeImpl(271)) - 50760388-b69f-4e6a-8619-7c3b28224d8a: shutdown server with port 41785 successfully
2021-12-01 05:34:30,789 [org.apache.ratis.util.JvmPauseMonitor$$Lambda$499/989520513@67dd1392] INFO  util.JvmPauseMonitor (JvmPauseMonitor.java:run(109)) - JvmPauseMonitor-50760388-b69f-4e6a-8619-7c3b28224d8a: Stopped
2021-12-01 05:34:30,793 [ForkJoinPool.commonPool-worker-1] INFO  utils.BackgroundService (BackgroundService.java:shutdown(132)) - Shutting down service BlockDeletingService
2021-12-01 05:34:31,137 [EndpointStateMachine task thread for /127.0.0.1:14529 - 0 ] INFO  ipc.Client (Client.java:handleConnectionFailure(977)) - Retrying connect to server: localhost/127.0.0.1:14529. Already tried 8 time(s); retry policy is RetryUpToMaximumCountWithFixedSleep(maxRetries=15, sleepTime=1000 MILLISECONDS)
2021-12-01 05:34:31,159 [EndpointStateMachine task thread for /127.0.0.1:14539 - 0 ] INFO  ipc.Client (Client.java:handleConnectionFailure(977)) - Retrying connect to server: localhost/127.0.0.1:14539. Already tried 8 time(s); retry policy is RetryUpToMaximumCountWithFixedSleep(maxRetries=15, sleepTime=1000 MILLISECONDS)
2021-12-01 05:34:31,164 [EndpointStateMachine task thread for /127.0.0.1:14549 - 0 ] INFO  ipc.Client (Client.java:handleConnectionFailure(977)) - Retrying connect to server: localhost/127.0.0.1:14549. Already tried 8 time(s); retry policy is RetryUpToMaximumCountWithFixedSleep(maxRetries=15, sleepTime=1000 MILLISECONDS)
2021-12-01 05:34:31,780 [EndpointStateMachine task thread for /127.0.0.1:14749 - 0 ] INFO  ipc.Client (Client.java:handleConnectionFailure(977)) - Retrying connect to server: localhost/127.0.0.1:14749. Already tried 0 time(s); retry policy is RetryUpToMaximumCountWithFixedSleep(maxRetries=15, sleepTime=1000 MILLISECONDS)
2021-12-01 05:34:31,784 [EndpointStateMachine task thread for /127.0.0.1:14739 - 0 ] INFO  ipc.Client (Client.java:handleConnectionFailure(977)) - Retrying connect to server: localhost/127.0.0.1:14739. Already tried 0 time(s); retry policy is RetryUpToMaximumCountWithFixedSleep(maxRetries=15, sleepTime=1000 MILLISECONDS)
2021-12-01 05:34:31,788 [EndpointStateMachine task thread for /127.0.0.1:14729 - 0 ] INFO  ipc.Client (Client.java:handleConnectionFailure(977)) - Retrying connect to server: localhost/127.0.0.1:14729. Already tried 0 time(s); retry policy is RetryUpToMaximumCountWithFixedSleep(maxRetries=15, sleepTime=1000 MILLISECONDS)
2021-12-01 05:34:32,138 [EndpointStateMachine task thread for /127.0.0.1:14529 - 0 ] INFO  ipc.Client (Client.java:handleConnectionFailure(977)) - Retrying connect to server: localhost/127.0.0.1:14529. Already tried 9 time(s); retry policy is RetryUpToMaximumCountWithFixedSleep(maxRetries=15, sleepTime=1000 MILLISECONDS)
2021-12-01 05:34:32,159 [EndpointStateMachine task thread for /127.0.0.1:14539 - 0 ] INFO  ipc.Client (Client.java:handleConnectionFailure(977)) - Retrying connect to server: localhost/127.0.0.1:14539. Already tried 9 time(s); retry policy is RetryUpToMaximumCountWithFixedSleep(maxRetries=15, sleepTime=1000 MILLISECONDS)
2021-12-01 05:34:32,165 [EndpointStateMachine task thread for /127.0.0.1:14549 - 0 ] INFO  ipc.Client (Client.java:handleConnectionFailure(977)) - Retrying connect to server: localhost/127.0.0.1:14549. Already tried 9 time(s); retry policy is RetryUpToMaximumCountWithFixedSleep(maxRetries=15, sleepTime=1000 MILLISECONDS)
2021-12-01 05:34:32,781 [EndpointStateMachine task thread for /127.0.0.1:14749 - 0 ] INFO  ipc.Client (Client.java:handleConnectionFailure(977)) - Retrying connect to server: localhost/127.0.0.1:14749. Already tried 1 time(s); retry policy is RetryUpToMaximumCountWithFixedSleep(maxRetries=15, sleepTime=1000 MILLISECONDS)
2021-12-01 05:34:32,784 [EndpointStateMachine task thread for /127.0.0.1:14739 - 0 ] INFO  ipc.Client (Client.java:handleConnectionFailure(977)) - Retrying connect to server: localhost/127.0.0.1:14739. Already tried 1 time(s); retry policy is RetryUpToMaximumCountWithFixedSleep(maxRetries=15, sleepTime=1000 MILLISECONDS)
2021-12-01 05:34:32,788 [EndpointStateMachine task thread for /127.0.0.1:14729 - 0 ] INFO  ipc.Client (Client.java:handleConnectionFailure(977)) - Retrying connect to server: localhost/127.0.0.1:14729. Already tried 1 time(s); retry policy is RetryUpToMaximumCountWithFixedSleep(maxRetries=15, sleepTime=1000 MILLISECONDS)
2021-12-01 05:34:33,138 [EndpointStateMachine task thread for /127.0.0.1:14529 - 0 ] INFO  ipc.Client (Client.java:handleConnectionFailure(977)) - Retrying connect to server: localhost/127.0.0.1:14529. Already tried 10 time(s); retry policy is RetryUpToMaximumCountWithFixedSleep(maxRetries=15, sleepTime=1000 MILLISECONDS)
2021-12-01 05:34:33,160 [EndpointStateMachine task thread for /127.0.0.1:14539 - 0 ] INFO  ipc.Client (Client.java:handleConnectionFailure(977)) - Retrying connect to server: localhost/127.0.0.1:14539. Already tried 10 time(s); retry policy is RetryUpToMaximumCountWithFixedSleep(maxRetries=15, sleepTime=1000 MILLISECONDS)
2021-12-01 05:34:33,165 [EndpointStateMachine task thread for /127.0.0.1:14549 - 0 ] INFO  ipc.Client (Client.java:handleConnectionFailure(977)) - Retrying connect to server: localhost/127.0.0.1:14549. Already tried 10 time(s); retry policy is RetryUpToMaximumCountWithFixedSleep(maxRetries=15, sleepTime=1000 MILLISECONDS)
2021-12-01 05:34:33,785 [EndpointStateMachine task thread for /127.0.0.1:14739 - 0 ] INFO  ipc.Client (Client.java:handleConnectionFailure(977)) - Retrying connect to server: localhost/127.0.0.1:14739. Already tried 2 time(s); retry policy is RetryUpToMaximumCountWithFixedSleep(maxRetries=15, sleepTime=1000 MILLISECONDS)
2021-12-01 05:34:33,785 [EndpointStateMachine task thread for /127.0.0.1:14749 - 0 ] INFO  ipc.Client (Client.java:handleConnectionFailure(977)) - Retrying connect to server: localhost/127.0.0.1:14749. Already tried 2 time(s); retry policy is RetryUpToMaximumCountWithFixedSleep(maxRetries=15, sleepTime=1000 MILLISECONDS)
2021-12-01 05:34:33,789 [EndpointStateMachine task thread for /127.0.0.1:14729 - 0 ] INFO  ipc.Client (Client.java:handleConnectionFailure(977)) - Retrying connect to server: localhost/127.0.0.1:14729. Already tried 2 time(s); retry policy is RetryUpToMaximumCountWithFixedSleep(maxRetries=15, sleepTime=1000 MILLISECONDS)
2021-12-01 05:34:33,797 [ForkJoinPool.commonPool-worker-1] INFO  statemachine.DatanodeStateMachine (DatanodeStateMachine.java:stopDaemon(526)) - Ozone container server stopped.
2021-12-01 05:34:33,800 [ForkJoinPool.commonPool-worker-1] INFO  handler.ContextHandler (ContextHandler.java:doStop(1153)) - Stopped o.e.j.w.WebAppContext@eae8dd{hddsDatanode,/,null,STOPPED}{jar:file:/home/runner/.m2/repository/org/apache/ozone/hdds-container-service/1.3.0-SNAPSHOT/hdds-container-service-1.3.0-SNAPSHOT.jar!/webapps/hddsDatanode}
2021-12-01 05:34:33,800 [ForkJoinPool.commonPool-worker-1] INFO  server.AbstractConnector (AbstractConnector.java:doStop(381)) - Stopped ServerConnector@1520485a{HTTP/1.1, (http/1.1)}{0.0.0.0:0}
2021-12-01 05:34:33,800 [ForkJoinPool.commonPool-worker-1] INFO  server.session (HouseKeeper.java:stopScavenging(149)) - node0 Stopped scavenging
2021-12-01 05:34:33,801 [ForkJoinPool.commonPool-worker-1] INFO  handler.ContextHandler (ContextHandler.java:doStop(1153)) - Stopped o.e.j.s.ServletContextHandler@59db8e7e{static,/static,jar:file:/home/runner/.m2/repository/org/apache/ozone/hdds-container-service/1.3.0-SNAPSHOT/hdds-container-service-1.3.0-SNAPSHOT.jar!/webapps/static,STOPPED}
2021-12-01 05:34:33,801 [ForkJoinPool.commonPool-worker-1] INFO  handler.ContextHandler (ContextHandler.java:doStop(1153)) - Stopped o.e.j.s.ServletContextHandler@38c2bbd3{logs,/logs,file:///home/runner/work/ozone/ozone/hadoop-ozone/integration-test/target/log,STOPPED}
]]></system-out>
  </testcase>
  <testcase name="testInstallCorruptedCheckpointFailure" classname="org.apache.hadoop.ozone.scm.TestSCMInstallSnapshotWithHA" time="55.875"/>
</testsuite>